<?xml version="1.0" encoding="UTF-8" ?>
<testsuite errors="0" failures="0" hostname="travis-job-61f13947-6944-4790-99ce-58309a3a2709" name="ptolemy.actor.lib.hoc.test.junit.JUnitTclTest" skipped="0" tests="58" time="29.65" timestamp="2020-04-19T14:01:22">
  <properties>
[...]
</properties>
  <testcase classname="ptolemy.util.test.junit.TclTests" name="[0] /home/travis/build/icyphy/ptII/ptolemy/actor/lib/hoc/test/IterateOverArray.tcl (RunTclFile)" time="0.269" />
  <testcase classname="ptolemy.util.test.junit.AutoKnownFailedTests" name="[0] /home/travis/build/icyphy/ptII/ptolemy/actor/lib/hoc/test/auto/knownFailedTests/PreinitializeMustBeInvokedRunComposite.xml (RunModel)" time="0.408" />
  <testcase classname="ptolemy.util.test.junit.AutoNameArchTests" name="[0] ThereAreNoAutoArchTests (RunModel)" time="0.005" />
  <testcase classname="ptolemy.util.test.junit.AutoTests" name="[0] /home/travis/build/icyphy/ptII/ptolemy/actor/lib/hoc/test/auto/AllToAllMultiInstanceComposite.xml (RunModel)" time="0.332" />
  <testcase classname="ptolemy.util.test.junit.AutoTests" name="[1] /home/travis/build/icyphy/ptII/ptolemy/actor/lib/hoc/test/auto/ApplyFFTTest.xml (RunModel)" time="0.349" />
  <testcase classname="ptolemy.util.test.junit.AutoTests" name="[2] /home/travis/build/icyphy/ptII/ptolemy/actor/lib/hoc/test/auto/ApplyFunction.xml (RunModel)" time="0.051" />
  <testcase classname="ptolemy.util.test.junit.AutoTests" name="[3] /home/travis/build/icyphy/ptII/ptolemy/actor/lib/hoc/test/auto/BackgroundExecution.xml (RunModel)" time="0.704" />
  <testcase classname="ptolemy.util.test.junit.AutoTests" name="[4] /home/travis/build/icyphy/ptII/ptolemy/actor/lib/hoc/test/auto/Case.xml (RunModel)" time="0.055" />
  <testcase classname="ptolemy.util.test.junit.AutoTests" name="[5] /home/travis/build/icyphy/ptII/ptolemy/actor/lib/hoc/test/auto/Case1.xml (RunModel)" time="0.06" />
  <testcase classname="ptolemy.util.test.junit.AutoTests" name="[6] /home/travis/build/icyphy/ptII/ptolemy/actor/lib/hoc/test/auto/Case2.xml (RunModel)" time="0.116" />
  <testcase classname="ptolemy.util.test.junit.AutoTests" name="[7] /home/travis/build/icyphy/ptII/ptolemy/actor/lib/hoc/test/auto/Case3.xml (RunModel)" time="0.049" />
  <testcase classname="ptolemy.util.test.junit.AutoTests" name="[8] /home/travis/build/icyphy/ptII/ptolemy/actor/lib/hoc/test/auto/Case4.xml (RunModel)" time="0.033" />
  <testcase classname="ptolemy.util.test.junit.AutoTests" name="[9] /home/travis/build/icyphy/ptII/ptolemy/actor/lib/hoc/test/auto/Case5.xml (RunModel)" time="0.058" />
  <testcase classname="ptolemy.util.test.junit.AutoTests" name="[10] /home/travis/build/icyphy/ptII/ptolemy/actor/lib/hoc/test/auto/Case6.xml (RunModel)" time="0.103" />
  <testcase classname="ptolemy.util.test.junit.AutoTests" name="[11] /home/travis/build/icyphy/ptII/ptolemy/actor/lib/hoc/test/auto/CaseString2.xml (RunModel)" time="0.05" />
  <testcase classname="ptolemy.util.test.junit.AutoTests" name="[12] /home/travis/build/icyphy/ptII/ptolemy/actor/lib/hoc/test/auto/CatchUpComposite1.xml (RunModel)" time="0.057" />
  <testcase classname="ptolemy.util.test.junit.AutoTests" name="[13] /home/travis/build/icyphy/ptII/ptolemy/actor/lib/hoc/test/auto/CatchUpComposite2.xml (RunModel)" time="0.042" />
  <testcase classname="ptolemy.util.test.junit.AutoTests" name="[14] /home/travis/build/icyphy/ptII/ptolemy/actor/lib/hoc/test/auto/CatchUpComposite3.xml (RunModel)" time="0.05" />
  <testcase classname="ptolemy.util.test.junit.AutoTests" name="[15] /home/travis/build/icyphy/ptII/ptolemy/actor/lib/hoc/test/auto/CatchUpComposite4.xml (RunModel)" time="0.057" />
  <testcase classname="ptolemy.util.test.junit.AutoTests" name="[16] /home/travis/build/icyphy/ptII/ptolemy/actor/lib/hoc/test/auto/CatchUpComposite5.xml (RunModel)" time="0.038" />
  <testcase classname="ptolemy.util.test.junit.AutoTests" name="[17] /home/travis/build/icyphy/ptII/ptolemy/actor/lib/hoc/test/auto/CatchUpComposite6.xml (RunModel)" time="0.165" />
  <testcase classname="ptolemy.util.test.junit.AutoTests" name="[18] /home/travis/build/icyphy/ptII/ptolemy/actor/lib/hoc/test/auto/CatchUpComposite7.xml (RunModel)" time="0.087" />
  <testcase classname="ptolemy.util.test.junit.AutoTests" name="[19] /home/travis/build/icyphy/ptII/ptolemy/actor/lib/hoc/test/auto/ConcurrentExecutionTimeSDF.xml (RunModel)" time="0.746" />
  <testcase classname="ptolemy.util.test.junit.AutoTests" name="[20] /home/travis/build/icyphy/ptII/ptolemy/actor/lib/hoc/test/auto/ConcurrentSleep.xml (RunModel)" time="0.778" />
  <testcase classname="ptolemy.util.test.junit.AutoTests" name="[21] /home/travis/build/icyphy/ptII/ptolemy/actor/lib/hoc/test/auto/DEInPNInRunCompositeActor.xml (RunModel)" time="0.034" />
  <testcase classname="ptolemy.util.test.junit.AutoTests" name="[22] /home/travis/build/icyphy/ptII/ptolemy/actor/lib/hoc/test/auto/DFTSubSetTest.xml (RunModel)" time="0.286" />
  <testcase classname="ptolemy.util.test.junit.AutoTests" name="[23] /home/travis/build/icyphy/ptII/ptolemy/actor/lib/hoc/test/auto/HocDE.xml (RunModel)" time="0.177" />
  <testcase classname="ptolemy.util.test.junit.AutoTests" name="[24] /home/travis/build/icyphy/ptII/ptolemy/actor/lib/hoc/test/auto/IterateOverArray.xml (RunModel)" time="0.022" />
  <testcase classname="ptolemy.util.test.junit.AutoTests" name="[25] /home/travis/build/icyphy/ptII/ptolemy/actor/lib/hoc/test/auto/IterateOverArray10.xml (RunModel)" time="0.019" />
  <testcase classname="ptolemy.util.test.junit.AutoTests" name="[26] /home/travis/build/icyphy/ptII/ptolemy/actor/lib/hoc/test/auto/IterateOverArray11.xml (RunModel)" time="0.027" />
  <testcase classname="ptolemy.util.test.junit.AutoTests" name="[27] /home/travis/build/icyphy/ptII/ptolemy/actor/lib/hoc/test/auto/IterateOverArray12.xml (RunModel)" time="0.033" />
  <testcase classname="ptolemy.util.test.junit.AutoTests" name="[28] /home/travis/build/icyphy/ptII/ptolemy/actor/lib/hoc/test/auto/IterateOverArray13.xml (RunModel)" time="0.133" />
  <testcase classname="ptolemy.util.test.junit.AutoTests" name="[29] /home/travis/build/icyphy/ptII/ptolemy/actor/lib/hoc/test/auto/IterateOverArray14.xml (RunModel)" time="0.102" />
  <testcase classname="ptolemy.util.test.junit.AutoTests" name="[30] /home/travis/build/icyphy/ptII/ptolemy/actor/lib/hoc/test/auto/IterateOverArray2.xml (RunModel)" time="0.015" />
  <testcase classname="ptolemy.util.test.junit.AutoTests" name="[31] /home/travis/build/icyphy/ptII/ptolemy/actor/lib/hoc/test/auto/IterateOverArray3.xml (RunModel)" time="0.025" />
  <testcase classname="ptolemy.util.test.junit.AutoTests" name="[32] /home/travis/build/icyphy/ptII/ptolemy/actor/lib/hoc/test/auto/IterateOverArray4.xml (RunModel)" time="0.017" />
  <testcase classname="ptolemy.util.test.junit.AutoTests" name="[33] /home/travis/build/icyphy/ptII/ptolemy/actor/lib/hoc/test/auto/IterateOverArray5.xml (RunModel)" time="0.012" />
  <testcase classname="ptolemy.util.test.junit.AutoTests" name="[34] /home/travis/build/icyphy/ptII/ptolemy/actor/lib/hoc/test/auto/IterateOverArray6.xml (RunModel)" time="0.012" />
  <testcase classname="ptolemy.util.test.junit.AutoTests" name="[35] /home/travis/build/icyphy/ptII/ptolemy/actor/lib/hoc/test/auto/IterateOverArray7.xml (RunModel)" time="0.026" />
  <testcase classname="ptolemy.util.test.junit.AutoTests" name="[36] /home/travis/build/icyphy/ptII/ptolemy/actor/lib/hoc/test/auto/IterateOverArray8.xml (RunModel)" time="0.015" />
  <testcase classname="ptolemy.util.test.junit.AutoTests" name="[37] /home/travis/build/icyphy/ptII/ptolemy/actor/lib/hoc/test/auto/IterateOverArray9.xml (RunModel)" time="0.021" />
  <testcase classname="ptolemy.util.test.junit.AutoTests" name="[38] /home/travis/build/icyphy/ptII/ptolemy/actor/lib/hoc/test/auto/IterateOverArrayCoercedOutputType.xml (RunModel)" time="0.037" />
  <testcase classname="ptolemy.util.test.junit.AutoTests" name="[39] /home/travis/build/icyphy/ptII/ptolemy/actor/lib/hoc/test/auto/IterateOverArrayInferredOutputType.xml (RunModel)" time="0.013" />
  <testcase classname="ptolemy.util.test.junit.AutoTests" name="[40] /home/travis/build/icyphy/ptII/ptolemy/actor/lib/hoc/test/auto/MobileFunctionTest.xml (RunModel)" time="0.021" />
  <testcase classname="ptolemy.util.test.junit.AutoTests" name="[41] /home/travis/build/icyphy/ptII/ptolemy/actor/lib/hoc/test/auto/MobileModelTest.xml (RunModel)" time="0.133" />
  <testcase classname="ptolemy.util.test.junit.AutoTests" name="[42] /home/travis/build/icyphy/ptII/ptolemy/actor/lib/hoc/test/auto/ModelReference.xml (RunModel)" time="0.045" />
  <testcase classname="ptolemy.util.test.junit.AutoTests" name="[43] /home/travis/build/icyphy/ptII/ptolemy/actor/lib/hoc/test/auto/ModelReference3.xml (RunModel)" time="0.035" />
  <testcase classname="ptolemy.util.test.junit.AutoTests" name="[44] /home/travis/build/icyphy/ptII/ptolemy/actor/lib/hoc/test/auto/ModelReference4.xml (RunModel)" time="10.021" />
  <testcase classname="ptolemy.util.test.junit.AutoTests" name="[45] /home/travis/build/icyphy/ptII/ptolemy/actor/lib/hoc/test/auto/MultiInstanceComposite.xml (RunModel)" time="0.054" />
  <testcase classname="ptolemy.util.test.junit.AutoTests" name="[46] /home/travis/build/icyphy/ptII/ptolemy/actor/lib/hoc/test/auto/MultiInstanceComposite2.xml (RunModel)" time="0.03" />
  <testcase classname="ptolemy.util.test.junit.AutoTests" name="[47] /home/travis/build/icyphy/ptII/ptolemy/actor/lib/hoc/test/auto/MulticoreExecution.xml (RunModel)" time="1.122" />
  <testcase classname="ptolemy.util.test.junit.AutoTests" name="[48] /home/travis/build/icyphy/ptII/ptolemy/actor/lib/hoc/test/auto/ParallelExecution.xml (RunModel)" time="0.943" />
  <testcase classname="ptolemy.util.test.junit.AutoTests" name="[49] /home/travis/build/icyphy/ptII/ptolemy/actor/lib/hoc/test/auto/RunCompositeActor.xml (RunModel)" time="0.018" />
  <testcase classname="ptolemy.util.test.junit.AutoTests" name="[50] /home/travis/build/icyphy/ptII/ptolemy/actor/lib/hoc/test/auto/RunCompositeActor2.xml (RunModel)" time="0.018" />
  <testcase classname="ptolemy.util.test.junit.AutoTests" name="[51] /home/travis/build/icyphy/ptII/ptolemy/actor/lib/hoc/test/auto/RunCompositeActor3.xml (RunModel)" time="0.014" />
  <testcase classname="ptolemy.util.test.junit.AutoTests" name="[52] /home/travis/build/icyphy/ptII/ptolemy/actor/lib/hoc/test/auto/RunCompositeActor4.xml (RunModel)" time="0.02" />
  <testcase classname="ptolemy.util.test.junit.AutoTests" name="[53] /home/travis/build/icyphy/ptII/ptolemy/actor/lib/hoc/test/auto/RunCompositeIterateOverArray.xml (RunModel)" time="0.033" />
  <testcase classname="ptolemy.util.test.junit.AutoTests" name="[54] /home/travis/build/icyphy/ptII/ptolemy/actor/lib/hoc/test/auto/ThreadedJS.xml (RunModel)" time="10.834" />
  <system-out><![CDATA[/home/travis/build/icyphy/ptII/ptolemy/actor/lib/hoc/test/IterateOverArray.tcl
testDefs.tcl: setting time out to 9000 seconds at Sun Apr 19 14:01:22 UTC 2020
04/19/20 02:01:22
Failed: 0  Total Tests: 2  ((Passed: 2, Newly Passed: 0)  Known Failed: 0) /home/travis/build/icyphy/ptII/ptolemy/actor/lib/hoc/test
----------------- testing (KnownFailure) /home/travis/build/icyphy/ptII/ptolemy/actor/lib/hoc/test/auto/knownFailedTests/PreinitializeMustBeInvokedRunComposite.xml
113 ms. Memory: 129024K Free: 86457K (67%)
Known Failure: java.lang.reflect.InvocationTargetException
No auto/linux-amd64/*.xml tests in /home/travis/build/icyphy/ptII/ptolemy/actor/lib/hoc/test
AutoTests.java: About to close Vertx.
AutoTests.java: Vertx closed.

===========================================================================================
----------------- testing Sun Apr 19 14:01:23 UTC 2020 /home/travis/build/icyphy/ptII/ptolemy/actor/lib/hoc/test/auto/AllToAllMultiInstanceComposite.xml
----------------- Instantiating /home/travis/build/icyphy/ptII/ptolemy/actor/lib/hoc/test/auto/AllToAllMultiInstanceComposite.xml
171 ms. Memory: 129024K Free: 101803K (79%)
----------------- Invoking toplevel() on ptolemy.moml.MoMLSimpleApplication@3835bfec
----------------- Done invoking toplevel() on ptolemy.moml.MoMLSimpleApplication@3835bfec
reloadAllAccessors: .AllToAllMultiInstanceComposite

===========================================================================================
----------------- testing Sun Apr 19 14:01:23 UTC 2020 /home/travis/build/icyphy/ptII/ptolemy/actor/lib/hoc/test/auto/ApplyFFTTest.xml
----------------- Instantiating /home/travis/build/icyphy/ptII/ptolemy/actor/lib/hoc/test/auto/ApplyFFTTest.xml
121 ms. Memory: 129024K Free: 83377K (65%)
----------------- Invoking toplevel() on ptolemy.moml.MoMLSimpleApplication@463df0d6
----------------- Done invoking toplevel() on ptolemy.moml.MoMLSimpleApplication@463df0d6
reloadAllAccessors: .ApplyFFTTest

===========================================================================================
----------------- testing Sun Apr 19 14:01:24 UTC 2020 /home/travis/build/icyphy/ptII/ptolemy/actor/lib/hoc/test/auto/ApplyFunction.xml
----------------- Instantiating /home/travis/build/icyphy/ptII/ptolemy/actor/lib/hoc/test/auto/ApplyFunction.xml
8 ms. Memory: 129024K Free: 80593K (62%)
----------------- Invoking toplevel() on ptolemy.moml.MoMLSimpleApplication@4f06ba27
----------------- Done invoking toplevel() on ptolemy.moml.MoMLSimpleApplication@4f06ba27
reloadAllAccessors: .ApplyFunction

===========================================================================================
----------------- testing Sun Apr 19 14:01:24 UTC 2020 /home/travis/build/icyphy/ptII/ptolemy/actor/lib/hoc/test/auto/BackgroundExecution.xml
----------------- Instantiating /home/travis/build/icyphy/ptII/ptolemy/actor/lib/hoc/test/auto/BackgroundExecution.xml
630 ms. Memory: 129024K Free: 113238K (88%)
----------------- Invoking toplevel() on ptolemy.moml.MoMLSimpleApplication@75c58d9d
----------------- Done invoking toplevel() on ptolemy.moml.MoMLSimpleApplication@75c58d9d
reloadAllAccessors: .BackgroundExecution

===========================================================================================
----------------- testing Sun Apr 19 14:01:25 UTC 2020 /home/travis/build/icyphy/ptII/ptolemy/actor/lib/hoc/test/auto/Case.xml
----------------- Instantiating /home/travis/build/icyphy/ptII/ptolemy/actor/lib/hoc/test/auto/Case.xml
13 ms. Memory: 129024K Free: 105698K (82%)
----------------- Invoking toplevel() on ptolemy.moml.MoMLSimpleApplication@71a866a7
----------------- Done invoking toplevel() on ptolemy.moml.MoMLSimpleApplication@71a866a7
reloadAllAccessors: .Case

===========================================================================================
----------------- testing Sun Apr 19 14:01:25 UTC 2020 /home/travis/build/icyphy/ptII/ptolemy/actor/lib/hoc/test/auto/Case1.xml
----------------- Instantiating /home/travis/build/icyphy/ptII/ptolemy/actor/lib/hoc/test/auto/Case1.xml
15 ms. Memory: 129024K Free: 99338K (77%)
----------------- Invoking toplevel() on ptolemy.moml.MoMLSimpleApplication@75fefa7d
----------------- Done invoking toplevel() on ptolemy.moml.MoMLSimpleApplication@75fefa7d
reloadAllAccessors: .Case1

===========================================================================================
----------------- testing Sun Apr 19 14:01:25 UTC 2020 /home/travis/build/icyphy/ptII/ptolemy/actor/lib/hoc/test/auto/Case2.xml
----------------- Instantiating /home/travis/build/icyphy/ptII/ptolemy/actor/lib/hoc/test/auto/Case2.xml
57 ms. Memory: 129024K Free: 89344K (69%)
----------------- Invoking toplevel() on ptolemy.moml.MoMLSimpleApplication@57f0eab4
----------------- Done invoking toplevel() on ptolemy.moml.MoMLSimpleApplication@57f0eab4
reloadAllAccessors: .Case2

===========================================================================================
----------------- testing Sun Apr 19 14:01:25 UTC 2020 /home/travis/build/icyphy/ptII/ptolemy/actor/lib/hoc/test/auto/Case3.xml
----------------- Instantiating /home/travis/build/icyphy/ptII/ptolemy/actor/lib/hoc/test/auto/Case3.xml
10 ms. Memory: 129024K Free: 83477K (65%)
----------------- Invoking toplevel() on ptolemy.moml.MoMLSimpleApplication@69a3217
----------------- Done invoking toplevel() on ptolemy.moml.MoMLSimpleApplication@69a3217
reloadAllAccessors: .Case3

===========================================================================================
----------------- testing Sun Apr 19 14:01:25 UTC 2020 /home/travis/build/icyphy/ptII/ptolemy/actor/lib/hoc/test/auto/Case4.xml
----------------- Instantiating /home/travis/build/icyphy/ptII/ptolemy/actor/lib/hoc/test/auto/Case4.xml
7 ms. Memory: 129024K Free: 76037K (59%)
----------------- Invoking toplevel() on ptolemy.moml.MoMLSimpleApplication@70496ceb
----------------- Done invoking toplevel() on ptolemy.moml.MoMLSimpleApplication@70496ceb
reloadAllAccessors: .Case4

===========================================================================================
----------------- testing Sun Apr 19 14:01:25 UTC 2020 /home/travis/build/icyphy/ptII/ptolemy/actor/lib/hoc/test/auto/Case5.xml
----------------- Instantiating /home/travis/build/icyphy/ptII/ptolemy/actor/lib/hoc/test/auto/Case5.xml
41 ms. Memory: 129024K Free: 69412K (54%)
----------------- Invoking toplevel() on ptolemy.moml.MoMLSimpleApplication@4bbd3a36
----------------- Done invoking toplevel() on ptolemy.moml.MoMLSimpleApplication@4bbd3a36
reloadAllAccessors: .junk

===========================================================================================
----------------- testing Sun Apr 19 14:01:25 UTC 2020 /home/travis/build/icyphy/ptII/ptolemy/actor/lib/hoc/test/auto/Case6.xml
----------------- Instantiating /home/travis/build/icyphy/ptII/ptolemy/actor/lib/hoc/test/auto/Case6.xml
50 ms. Memory: 129024K Free: 106098K (82%)
----------------- Invoking toplevel() on ptolemy.moml.MoMLSimpleApplication@48d218ca
----------------- Done invoking toplevel() on ptolemy.moml.MoMLSimpleApplication@48d218ca
reloadAllAccessors: .Case6

===========================================================================================
----------------- testing Sun Apr 19 14:01:25 UTC 2020 /home/travis/build/icyphy/ptII/ptolemy/actor/lib/hoc/test/auto/CaseString2.xml
----------------- Instantiating /home/travis/build/icyphy/ptII/ptolemy/actor/lib/hoc/test/auto/CaseString2.xml
13 ms. Memory: 129024K Free: 98713K (77%)
----------------- Invoking toplevel() on ptolemy.moml.MoMLSimpleApplication@4d10610e
----------------- Done invoking toplevel() on ptolemy.moml.MoMLSimpleApplication@4d10610e
reloadAllAccessors: .CaseString2

===========================================================================================
----------------- testing Sun Apr 19 14:01:25 UTC 2020 /home/travis/build/icyphy/ptII/ptolemy/actor/lib/hoc/test/auto/CatchUpComposite1.xml
----------------- Instantiating /home/travis/build/icyphy/ptII/ptolemy/actor/lib/hoc/test/auto/CatchUpComposite1.xml
23 ms. Memory: 129024K Free: 89497K (69%)
----------------- Invoking toplevel() on ptolemy.moml.MoMLSimpleApplication@697bb0e
----------------- Done invoking toplevel() on ptolemy.moml.MoMLSimpleApplication@697bb0e
reloadAllAccessors: .CatchUpComposite1

===========================================================================================
----------------- testing Sun Apr 19 14:01:25 UTC 2020 /home/travis/build/icyphy/ptII/ptolemy/actor/lib/hoc/test/auto/CatchUpComposite2.xml
----------------- Instantiating /home/travis/build/icyphy/ptII/ptolemy/actor/lib/hoc/test/auto/CatchUpComposite2.xml
7 ms. Memory: 129024K Free: 81506K (63%)
----------------- Invoking toplevel() on ptolemy.moml.MoMLSimpleApplication@72df46ba
----------------- Done invoking toplevel() on ptolemy.moml.MoMLSimpleApplication@72df46ba
reloadAllAccessors: .CatchUpComposite2

===========================================================================================
----------------- testing Sun Apr 19 14:01:25 UTC 2020 /home/travis/build/icyphy/ptII/ptolemy/actor/lib/hoc/test/auto/CatchUpComposite3.xml
----------------- Instantiating /home/travis/build/icyphy/ptII/ptolemy/actor/lib/hoc/test/auto/CatchUpComposite3.xml
19 ms. Memory: 129024K Free: 73113K (57%)
----------------- Invoking toplevel() on ptolemy.moml.MoMLSimpleApplication@48118fa6
----------------- Done invoking toplevel() on ptolemy.moml.MoMLSimpleApplication@48118fa6
reloadAllAccessors: .CatchUpComposite3

===========================================================================================
----------------- testing Sun Apr 19 14:01:25 UTC 2020 /home/travis/build/icyphy/ptII/ptolemy/actor/lib/hoc/test/auto/CatchUpComposite4.xml
----------------- Instantiating /home/travis/build/icyphy/ptII/ptolemy/actor/lib/hoc/test/auto/CatchUpComposite4.xml
15 ms. Memory: 129024K Free: 65100K (50%)
----------------- Invoking toplevel() on ptolemy.moml.MoMLSimpleApplication@1f6fded6
----------------- Done invoking toplevel() on ptolemy.moml.MoMLSimpleApplication@1f6fded6
reloadAllAccessors: .CatchUpComposite4

===========================================================================================
----------------- testing Sun Apr 19 14:01:25 UTC 2020 /home/travis/build/icyphy/ptII/ptolemy/actor/lib/hoc/test/auto/CatchUpComposite5.xml
----------------- Instantiating /home/travis/build/icyphy/ptII/ptolemy/actor/lib/hoc/test/auto/CatchUpComposite5.xml
11 ms. Memory: 129024K Free: 57753K (45%)
----------------- Invoking toplevel() on ptolemy.moml.MoMLSimpleApplication@19116d6b
----------------- Done invoking toplevel() on ptolemy.moml.MoMLSimpleApplication@19116d6b
reloadAllAccessors: .CatchUpComposite5

===========================================================================================
----------------- testing Sun Apr 19 14:01:25 UTC 2020 /home/travis/build/icyphy/ptII/ptolemy/actor/lib/hoc/test/auto/CatchUpComposite6.xml
----------------- Instantiating /home/travis/build/icyphy/ptII/ptolemy/actor/lib/hoc/test/auto/CatchUpComposite6.xml
WARNING: The execution aspects in this model can influence the timing of actors by delaying the 
execution, potentially changing the behavior. There is no guarantee that actors fire at the 
time they request to be fired. 
Use Ptides for deterministic DE behavior that is not influenced by execution aspects. 

86 ms. Memory: 129024K Free: 103069K (80%)
----------------- Invoking toplevel() on ptolemy.moml.MoMLSimpleApplication@584816d9
----------------- Done invoking toplevel() on ptolemy.moml.MoMLSimpleApplication@584816d9
reloadAllAccessors: .CatchUpComposite6

===========================================================================================
----------------- testing Sun Apr 19 14:01:25 UTC 2020 /home/travis/build/icyphy/ptII/ptolemy/actor/lib/hoc/test/auto/CatchUpComposite7.xml
----------------- Instantiating /home/travis/build/icyphy/ptII/ptolemy/actor/lib/hoc/test/auto/CatchUpComposite7.xml
WARNING: The execution aspects in this model can influence the timing of actors by delaying the 
execution, potentially changing the behavior. There is no guarantee that actors fire at the 
time they request to be fired. 
Use Ptides for deterministic DE behavior that is not influenced by execution aspects. 

33 ms. Memory: 129024K Free: 89293K (69%)
----------------- Invoking toplevel() on ptolemy.moml.MoMLSimpleApplication@746c06c0
----------------- Done invoking toplevel() on ptolemy.moml.MoMLSimpleApplication@746c06c0
reloadAllAccessors: .CatchUpComposite7

===========================================================================================
----------------- testing Sun Apr 19 14:01:26 UTC 2020 /home/travis/build/icyphy/ptII/ptolemy/actor/lib/hoc/test/auto/ConcurrentExecutionTimeSDF.xml
----------------- Instantiating /home/travis/build/icyphy/ptII/ptolemy/actor/lib/hoc/test/auto/ConcurrentExecutionTimeSDF.xml
Fired ExecutionTime: 40400000
Fired ExecutionTime: 40400000
Fired ExecutionTime: 40400000
Fired ExecutionTime: 40400000
Fired ExecutionTime: 40400000
Fired ExecutionTime: 40400000
Fired ExecutionTime: 40400000
Fired ExecutionTime: 40400000
Fired ExecutionTime: 40400000
Fired ExecutionTime: 40400000
Fired ExecutionTime: 40400000
Fired ExecutionTime: 40400000
Fired ExecutionTime: 40400000
Fired ExecutionTime: 40400000
Fired ExecutionTime: 40400000
Fired ExecutionTime: 40400000
Fired ExecutionTime: 40400000
Fired ExecutionTime: 40400000
Fired ExecutionTime: 40400000
Fired ExecutionTime: 40400000
722 ms. Memory: 129024K Free: 82124K (64%)
----------------- Invoking toplevel() on ptolemy.moml.MoMLSimpleApplication@ee292d
----------------- Done invoking toplevel() on ptolemy.moml.MoMLSimpleApplication@ee292d
reloadAllAccessors: .ConcurrentExecutionTimeSDF

===========================================================================================
----------------- testing Sun Apr 19 14:01:26 UTC 2020 /home/travis/build/icyphy/ptII/ptolemy/actor/lib/hoc/test/auto/ConcurrentSleep.xml
----------------- Instantiating /home/travis/build/icyphy/ptII/ptolemy/actor/lib/hoc/test/auto/ConcurrentSleep.xml
743 ms. Memory: 129024K Free: 71792K (56%)
----------------- Invoking toplevel() on ptolemy.moml.MoMLSimpleApplication@1c3a1d60
----------------- Done invoking toplevel() on ptolemy.moml.MoMLSimpleApplication@1c3a1d60
reloadAllAccessors: .ConcurrentSleep

===========================================================================================
----------------- testing Sun Apr 19 14:01:27 UTC 2020 /home/travis/build/icyphy/ptII/ptolemy/actor/lib/hoc/test/auto/DEInPNInRunCompositeActor.xml
----------------- Instantiating /home/travis/build/icyphy/ptII/ptolemy/actor/lib/hoc/test/auto/DEInPNInRunCompositeActor.xml
12 ms. Memory: 129024K Free: 65741K (51%)
----------------- Invoking toplevel() on ptolemy.moml.MoMLSimpleApplication@3a53e73
----------------- Done invoking toplevel() on ptolemy.moml.MoMLSimpleApplication@3a53e73
reloadAllAccessors: .DEInPNInRunCompositeActor

===========================================================================================
----------------- testing Sun Apr 19 14:01:27 UTC 2020 /home/travis/build/icyphy/ptII/ptolemy/actor/lib/hoc/test/auto/DFTSubSetTest.xml
----------------- Instantiating /home/travis/build/icyphy/ptII/ptolemy/actor/lib/hoc/test/auto/DFTSubSetTest.xml
190 ms. Memory: 159744K Free: 123283K (77%)
----------------- Invoking toplevel() on ptolemy.moml.MoMLSimpleApplication@6a15e0bd
----------------- Done invoking toplevel() on ptolemy.moml.MoMLSimpleApplication@6a15e0bd
reloadAllAccessors: .DFTSubSetTest

===========================================================================================
----------------- testing Sun Apr 19 14:01:27 UTC 2020 /home/travis/build/icyphy/ptII/ptolemy/actor/lib/hoc/test/auto/HocDE.xml
----------------- Instantiating /home/travis/build/icyphy/ptII/ptolemy/actor/lib/hoc/test/auto/HocDE.xml
117 ms. Memory: 159744K Free: 98054K (61%)
----------------- Invoking toplevel() on ptolemy.moml.MoMLSimpleApplication@10e8f6a0
----------------- Done invoking toplevel() on ptolemy.moml.MoMLSimpleApplication@10e8f6a0
reloadAllAccessors: .HocDE

===========================================================================================
----------------- testing Sun Apr 19 14:01:28 UTC 2020 /home/travis/build/icyphy/ptII/ptolemy/actor/lib/hoc/test/auto/IterateOverArray.xml
----------------- Instantiating /home/travis/build/icyphy/ptII/ptolemy/actor/lib/hoc/test/auto/IterateOverArray.xml
4 ms. Memory: 159744K Free: 93546K (59%)
----------------- Invoking toplevel() on ptolemy.moml.MoMLSimpleApplication@37b4f128
----------------- Done invoking toplevel() on ptolemy.moml.MoMLSimpleApplication@37b4f128
reloadAllAccessors: .IterateOverArray

===========================================================================================
----------------- testing Sun Apr 19 14:01:28 UTC 2020 /home/travis/build/icyphy/ptII/ptolemy/actor/lib/hoc/test/auto/IterateOverArray10.xml
----------------- Instantiating /home/travis/build/icyphy/ptII/ptolemy/actor/lib/hoc/test/auto/IterateOverArray10.xml
4 ms. Memory: 159744K Free: 90452K (57%)
----------------- Invoking toplevel() on ptolemy.moml.MoMLSimpleApplication@5ecef12a
----------------- Done invoking toplevel() on ptolemy.moml.MoMLSimpleApplication@5ecef12a
reloadAllAccessors: .IterateOverArray10

===========================================================================================
----------------- testing Sun Apr 19 14:01:28 UTC 2020 /home/travis/build/icyphy/ptII/ptolemy/actor/lib/hoc/test/auto/IterateOverArray11.xml
----------------- Instantiating /home/travis/build/icyphy/ptII/ptolemy/actor/lib/hoc/test/auto/IterateOverArray11.xml
5 ms. Memory: 159744K Free: 85915K (54%)
----------------- Invoking toplevel() on ptolemy.moml.MoMLSimpleApplication@5da96a5f
----------------- Done invoking toplevel() on ptolemy.moml.MoMLSimpleApplication@5da96a5f
reloadAllAccessors: .IterateOverArray11

===========================================================================================
----------------- testing Sun Apr 19 14:01:28 UTC 2020 /home/travis/build/icyphy/ptII/ptolemy/actor/lib/hoc/test/auto/IterateOverArray12.xml
----------------- Instantiating /home/travis/build/icyphy/ptII/ptolemy/actor/lib/hoc/test/auto/IterateOverArray12.xml
13 ms. Memory: 159744K Free: 80234K (50%)
----------------- Invoking toplevel() on ptolemy.moml.MoMLSimpleApplication@1beb83e6
----------------- Done invoking toplevel() on ptolemy.moml.MoMLSimpleApplication@1beb83e6
reloadAllAccessors: .IterateOverArray12

===========================================================================================
----------------- testing Sun Apr 19 14:01:28 UTC 2020 /home/travis/build/icyphy/ptII/ptolemy/actor/lib/hoc/test/auto/IterateOverArray13.xml
----------------- Instantiating /home/travis/build/icyphy/ptII/ptolemy/actor/lib/hoc/test/auto/IterateOverArray13.xml
56 ms. Memory: 159744K Free: 135203K (85%)
----------------- Invoking toplevel() on ptolemy.moml.MoMLSimpleApplication@1a8d51a2
----------------- Done invoking toplevel() on ptolemy.moml.MoMLSimpleApplication@1a8d51a2
reloadAllAccessors: .IterateOverArray13

===========================================================================================
----------------- testing Sun Apr 19 14:01:28 UTC 2020 /home/travis/build/icyphy/ptII/ptolemy/actor/lib/hoc/test/auto/IterateOverArray14.xml
----------------- Instantiating /home/travis/build/icyphy/ptII/ptolemy/actor/lib/hoc/test/auto/IterateOverArray14.xml
43 ms. Memory: 159744K Free: 101769K (64%)
----------------- Invoking toplevel() on ptolemy.moml.MoMLSimpleApplication@57ec219a
----------------- Done invoking toplevel() on ptolemy.moml.MoMLSimpleApplication@57ec219a
reloadAllAccessors: .IterateOverArray14

===========================================================================================
----------------- testing Sun Apr 19 14:01:28 UTC 2020 /home/travis/build/icyphy/ptII/ptolemy/actor/lib/hoc/test/auto/IterateOverArray2.xml
----------------- Instantiating /home/travis/build/icyphy/ptII/ptolemy/actor/lib/hoc/test/auto/IterateOverArray2.xml
4 ms. Memory: 159744K Free: 97105K (61%)
----------------- Invoking toplevel() on ptolemy.moml.MoMLSimpleApplication@5ed0ee5a
----------------- Done invoking toplevel() on ptolemy.moml.MoMLSimpleApplication@5ed0ee5a
reloadAllAccessors: .IterateOverArray2

===========================================================================================
----------------- testing Sun Apr 19 14:01:28 UTC 2020 /home/travis/build/icyphy/ptII/ptolemy/actor/lib/hoc/test/auto/IterateOverArray3.xml
----------------- Instantiating /home/travis/build/icyphy/ptII/ptolemy/actor/lib/hoc/test/auto/IterateOverArray3.xml
6 ms. Memory: 159744K Free: 91508K (57%)
----------------- Invoking toplevel() on ptolemy.moml.MoMLSimpleApplication@6f4e816d
----------------- Done invoking toplevel() on ptolemy.moml.MoMLSimpleApplication@6f4e816d
reloadAllAccessors: .IterateOverArray3

===========================================================================================
----------------- testing Sun Apr 19 14:01:28 UTC 2020 /home/travis/build/icyphy/ptII/ptolemy/actor/lib/hoc/test/auto/IterateOverArray4.xml
----------------- Instantiating /home/travis/build/icyphy/ptII/ptolemy/actor/lib/hoc/test/auto/IterateOverArray4.xml
4 ms. Memory: 159744K Free: 87412K (55%)
----------------- Invoking toplevel() on ptolemy.moml.MoMLSimpleApplication@52f50ac9
----------------- Done invoking toplevel() on ptolemy.moml.MoMLSimpleApplication@52f50ac9
reloadAllAccessors: .IterateOverArray4

===========================================================================================
----------------- testing Sun Apr 19 14:01:28 UTC 2020 /home/travis/build/icyphy/ptII/ptolemy/actor/lib/hoc/test/auto/IterateOverArray5.xml
----------------- Instantiating /home/travis/build/icyphy/ptII/ptolemy/actor/lib/hoc/test/auto/IterateOverArray5.xml
3 ms. Memory: 159744K Free: 83337K (52%)
----------------- Invoking toplevel() on ptolemy.moml.MoMLSimpleApplication@156bb4ea
----------------- Done invoking toplevel() on ptolemy.moml.MoMLSimpleApplication@156bb4ea
reloadAllAccessors: .IterateOverArray5

===========================================================================================
----------------- testing Sun Apr 19 14:01:28 UTC 2020 /home/travis/build/icyphy/ptII/ptolemy/actor/lib/hoc/test/auto/IterateOverArray6.xml
----------------- Instantiating /home/travis/build/icyphy/ptII/ptolemy/actor/lib/hoc/test/auto/IterateOverArray6.xml
2 ms. Memory: 159744K Free: 80212K (50%)
----------------- Invoking toplevel() on ptolemy.moml.MoMLSimpleApplication@26fdcf67
----------------- Done invoking toplevel() on ptolemy.moml.MoMLSimpleApplication@26fdcf67
reloadAllAccessors: .IterateOverArray6

===========================================================================================
----------------- testing Sun Apr 19 14:01:28 UTC 2020 /home/travis/build/icyphy/ptII/ptolemy/actor/lib/hoc/test/auto/IterateOverArray7.xml
----------------- Instantiating /home/travis/build/icyphy/ptII/ptolemy/actor/lib/hoc/test/auto/IterateOverArray7.xml
9 ms. Memory: 159744K Free: 76059K (48%)
----------------- Invoking toplevel() on ptolemy.moml.MoMLSimpleApplication@314b5d7a
----------------- Done invoking toplevel() on ptolemy.moml.MoMLSimpleApplication@314b5d7a
reloadAllAccessors: .IterateOverArray7

===========================================================================================
----------------- testing Sun Apr 19 14:01:28 UTC 2020 /home/travis/build/icyphy/ptII/ptolemy/actor/lib/hoc/test/auto/IterateOverArray8.xml
----------------- Instantiating /home/travis/build/icyphy/ptII/ptolemy/actor/lib/hoc/test/auto/IterateOverArray8.xml
4 ms. Memory: 159744K Free: 72044K (45%)
----------------- Invoking toplevel() on ptolemy.moml.MoMLSimpleApplication@330d7ff5
----------------- Done invoking toplevel() on ptolemy.moml.MoMLSimpleApplication@330d7ff5
reloadAllAccessors: .IterateOverArray8

===========================================================================================
----------------- testing Sun Apr 19 14:01:28 UTC 2020 /home/travis/build/icyphy/ptII/ptolemy/actor/lib/hoc/test/auto/IterateOverArray9.xml
----------------- Instantiating /home/travis/build/icyphy/ptII/ptolemy/actor/lib/hoc/test/auto/IterateOverArray9.xml
3 ms. Memory: 159744K Free: 68433K (43%)
----------------- Invoking toplevel() on ptolemy.moml.MoMLSimpleApplication@642b9506
----------------- Done invoking toplevel() on ptolemy.moml.MoMLSimpleApplication@642b9506
reloadAllAccessors: .IterateOverArray9

===========================================================================================
----------------- testing Sun Apr 19 14:01:28 UTC 2020 /home/travis/build/icyphy/ptII/ptolemy/actor/lib/hoc/test/auto/IterateOverArrayCoercedOutputType.xml
----------------- Instantiating /home/travis/build/icyphy/ptII/ptolemy/actor/lib/hoc/test/auto/IterateOverArrayCoercedOutputType.xml
7 ms. Memory: 159744K Free: 63313K (40%)
----------------- Invoking toplevel() on ptolemy.moml.MoMLSimpleApplication@76f2c451
----------------- Done invoking toplevel() on ptolemy.moml.MoMLSimpleApplication@76f2c451
reloadAllAccessors: .IterateOverArrayCoercedOutputType

===========================================================================================
----------------- testing Sun Apr 19 14:01:28 UTC 2020 /home/travis/build/icyphy/ptII/ptolemy/actor/lib/hoc/test/auto/IterateOverArrayInferredOutputType.xml
----------------- Instantiating /home/travis/build/icyphy/ptII/ptolemy/actor/lib/hoc/test/auto/IterateOverArrayInferredOutputType.xml
4 ms. Memory: 159744K Free: 58761K (37%)
----------------- Invoking toplevel() on ptolemy.moml.MoMLSimpleApplication@4a49270
----------------- Done invoking toplevel() on ptolemy.moml.MoMLSimpleApplication@4a49270
reloadAllAccessors: .IterateOverArrayInferredOutputType

===========================================================================================
----------------- testing Sun Apr 19 14:01:28 UTC 2020 /home/travis/build/icyphy/ptII/ptolemy/actor/lib/hoc/test/auto/MobileFunctionTest.xml
----------------- Instantiating /home/travis/build/icyphy/ptII/ptolemy/actor/lib/hoc/test/auto/MobileFunctionTest.xml
4 ms. Memory: 159744K Free: 54649K (34%)
----------------- Invoking toplevel() on ptolemy.moml.MoMLSimpleApplication@13a341fd
----------------- Done invoking toplevel() on ptolemy.moml.MoMLSimpleApplication@13a341fd
reloadAllAccessors: .MobileFunctionTest

===========================================================================================
----------------- testing Sun Apr 19 14:01:28 UTC 2020 /home/travis/build/icyphy/ptII/ptolemy/actor/lib/hoc/test/auto/MobileModelTest.xml
----------------- Instantiating /home/travis/build/icyphy/ptII/ptolemy/actor/lib/hoc/test/auto/MobileModelTest.xml
111 ms. Memory: 159744K Free: 126844K (79%)
----------------- Invoking toplevel() on ptolemy.moml.MoMLSimpleApplication@27efc1f4
----------------- Done invoking toplevel() on ptolemy.moml.MoMLSimpleApplication@27efc1f4
reloadAllAccessors: .MobileModelTest

===========================================================================================
----------------- testing Sun Apr 19 14:01:28 UTC 2020 /home/travis/build/icyphy/ptII/ptolemy/actor/lib/hoc/test/auto/ModelReference.xml
----------------- Instantiating /home/travis/build/icyphy/ptII/ptolemy/actor/lib/hoc/test/auto/ModelReference.xml
3 ms. Memory: 159744K Free: 120143K (75%)
1 ms. Memory: 159744K Free: 119674K (75%)
1 ms. Memory: 159744K Free: 118580K (74%)
1 ms. Memory: 159744K Free: 117595K (74%)
1 ms. Memory: 159744K Free: 117057K (73%)
2 ms. Memory: 159744K Free: 116055K (73%)
1 ms. Memory: 159744K Free: 115494K (72%)
1 ms. Memory: 159744K Free: 114524K (72%)
2 ms. Memory: 159744K Free: 113492K (71%)
3 ms. Memory: 159744K Free: 112969K (71%)
26 ms. Memory: 159744K Free: 112969K (71%)
----------------- Invoking toplevel() on ptolemy.moml.MoMLSimpleApplication@7bd17549
----------------- Done invoking toplevel() on ptolemy.moml.MoMLSimpleApplication@7bd17549
reloadAllAccessors: .ModelReference

===========================================================================================
----------------- testing Sun Apr 19 14:01:28 UTC 2020 /home/travis/build/icyphy/ptII/ptolemy/actor/lib/hoc/test/auto/ModelReference3.xml
----------------- Instantiating /home/travis/build/icyphy/ptII/ptolemy/actor/lib/hoc/test/auto/ModelReference3.xml
2 ms. Memory: 159744K Free: 107863K (68%)
3 ms. Memory: 159744K Free: 107386K (67%)
2 ms. Memory: 159744K Free: 106378K (67%)
3 ms. Memory: 159744K Free: 105793K (66%)
2 ms. Memory: 159744K Free: 104761K (66%)
1 ms. Memory: 159744K Free: 103767K (65%)
3 ms. Memory: 159744K Free: 103298K (65%)
2 ms. Memory: 159744K Free: 102260K (64%)
2 ms. Memory: 159744K Free: 101719K (64%)
1 ms. Memory: 159744K Free: 100665K (63%)
24 ms. Memory: 159744K Free: 100665K (63%)
----------------- Invoking toplevel() on ptolemy.moml.MoMLSimpleApplication@5b896731
----------------- Done invoking toplevel() on ptolemy.moml.MoMLSimpleApplication@5b896731
reloadAllAccessors: .ModelReference3

===========================================================================================
----------------- testing Sun Apr 19 14:01:28 UTC 2020 /home/travis/build/icyphy/ptII/ptolemy/actor/lib/hoc/test/auto/ModelReference4.xml
----------------- Instantiating /home/travis/build/icyphy/ptII/ptolemy/actor/lib/hoc/test/auto/ModelReference4.xml
1 ms. Memory: 159744K Free: 96068K (60%)
2 ms. Memory: 159744K Free: 94529K (59%)
1 ms. Memory: 159744K Free: 93519K (59%)
3 ms. Memory: 159744K Free: 92012K (58%)
2 ms. Memory: 159744K Free: 90964K (57%)
2 ms. Memory: 159744K Free: 89994K (56%)
3 ms. Memory: 159744K Free: 88385K (55%)
2 ms. Memory: 159744K Free: 87375K (55%)
2 ms. Memory: 159744K Free: 86359K (54%)
2 ms. Memory: 159744K Free: 84852K (53%)
10012 ms. Memory: 159744K Free: 84852K (53%)
----------------- Invoking toplevel() on ptolemy.moml.MoMLSimpleApplication@18d884fd
----------------- Done invoking toplevel() on ptolemy.moml.MoMLSimpleApplication@18d884fd
reloadAllAccessors: .ModelReference4

===========================================================================================
----------------- testing Sun Apr 19 14:01:38 UTC 2020 /home/travis/build/icyphy/ptII/ptolemy/actor/lib/hoc/test/auto/MultiInstanceComposite.xml
----------------- Instantiating /home/travis/build/icyphy/ptII/ptolemy/actor/lib/hoc/test/auto/MultiInstanceComposite.xml
26 ms. Memory: 159744K Free: 65879K (41%)
----------------- Invoking toplevel() on ptolemy.moml.MoMLSimpleApplication@4038ace0
----------------- Done invoking toplevel() on ptolemy.moml.MoMLSimpleApplication@4038ace0
reloadAllAccessors: .MultiInstanceComposite

===========================================================================================
----------------- testing Sun Apr 19 14:01:38 UTC 2020 /home/travis/build/icyphy/ptII/ptolemy/actor/lib/hoc/test/auto/MultiInstanceComposite2.xml
----------------- Instantiating /home/travis/build/icyphy/ptII/ptolemy/actor/lib/hoc/test/auto/MultiInstanceComposite2.xml
13 ms. Memory: 159744K Free: 54615K (34%)
----------------- Invoking toplevel() on ptolemy.moml.MoMLSimpleApplication@54b09622
----------------- Done invoking toplevel() on ptolemy.moml.MoMLSimpleApplication@54b09622
reloadAllAccessors: .MultiInstanceComposite2

===========================================================================================
----------------- testing Sun Apr 19 14:01:38 UTC 2020 /home/travis/build/icyphy/ptII/ptolemy/actor/lib/hoc/test/auto/MulticoreExecution.xml
----------------- Instantiating /home/travis/build/icyphy/ptII/ptolemy/actor/lib/hoc/test/auto/MulticoreExecution.xml
Fired ExecutionTime: 4400000
Fired ExecutionTime: 2400000
Fired ExecutionTime: 4000000
Fired ExecutionTime: 2800000
Fired ExecutionTime: 4400000
Fired ExecutionTime: 2400000
Fired ExecutionTime: 3200000
Fired ExecutionTime: 2400000
Fired ExecutionTime: 4400000
Fired ExecutionTime: 2400000
Fired ExecutionTime: 2400000
Fired ExecutionTime: 4400000
Fired ExecutionTime: 4400000
Fired ExecutionTime: 2400000
Fired ExecutionTime: 2400000
Fired ExecutionTime: 4400000
Fired ExecutionTime: 22400000
Fired ExecutionTime: 23200000
Fired ExecutionTime: 65200000
Fired ExecutionTime: 56800000
1100 ms. Memory: 159744K Free: 138124K (86%)
----------------- Invoking toplevel() on ptolemy.moml.MoMLSimpleApplication@1273c1c5
----------------- Done invoking toplevel() on ptolemy.moml.MoMLSimpleApplication@1273c1c5
reloadAllAccessors: .MulticoreExecution

===========================================================================================
----------------- testing Sun Apr 19 14:01:40 UTC 2020 /home/travis/build/icyphy/ptII/ptolemy/actor/lib/hoc/test/auto/ParallelExecution.xml
----------------- Instantiating /home/travis/build/icyphy/ptII/ptolemy/actor/lib/hoc/test/auto/ParallelExecution.xml
911 ms. Memory: 159744K Free: 130423K (82%)
----------------- Invoking toplevel() on ptolemy.moml.MoMLSimpleApplication@2ad864aa
----------------- Done invoking toplevel() on ptolemy.moml.MoMLSimpleApplication@2ad864aa
reloadAllAccessors: .ParallelExecution

===========================================================================================
----------------- testing Sun Apr 19 14:01:41 UTC 2020 /home/travis/build/icyphy/ptII/ptolemy/actor/lib/hoc/test/auto/RunCompositeActor.xml
----------------- Instantiating /home/travis/build/icyphy/ptII/ptolemy/actor/lib/hoc/test/auto/RunCompositeActor.xml
6 ms. Memory: 159744K Free: 123268K (77%)
----------------- Invoking toplevel() on ptolemy.moml.MoMLSimpleApplication@6f20e7ce
----------------- Done invoking toplevel() on ptolemy.moml.MoMLSimpleApplication@6f20e7ce
reloadAllAccessors: .RunCompositeActor

===========================================================================================
----------------- testing Sun Apr 19 14:01:41 UTC 2020 /home/travis/build/icyphy/ptII/ptolemy/actor/lib/hoc/test/auto/RunCompositeActor2.xml
----------------- Instantiating /home/travis/build/icyphy/ptII/ptolemy/actor/lib/hoc/test/auto/RunCompositeActor2.xml
6 ms. Memory: 159744K Free: 117124K (73%)
----------------- Invoking toplevel() on ptolemy.moml.MoMLSimpleApplication@3ac99673
----------------- Done invoking toplevel() on ptolemy.moml.MoMLSimpleApplication@3ac99673
reloadAllAccessors: .RunCompositeActor2

===========================================================================================
----------------- testing Sun Apr 19 14:01:41 UTC 2020 /home/travis/build/icyphy/ptII/ptolemy/actor/lib/hoc/test/auto/RunCompositeActor3.xml
----------------- Instantiating /home/travis/build/icyphy/ptII/ptolemy/actor/lib/hoc/test/auto/RunCompositeActor3.xml
2 ms. Memory: 159744K Free: 111996K (70%)
----------------- Invoking toplevel() on ptolemy.moml.MoMLSimpleApplication@161c5537
----------------- Done invoking toplevel() on ptolemy.moml.MoMLSimpleApplication@161c5537
reloadAllAccessors: .RunCompositeActor3

===========================================================================================
----------------- testing Sun Apr 19 14:01:41 UTC 2020 /home/travis/build/icyphy/ptII/ptolemy/actor/lib/hoc/test/auto/RunCompositeActor4.xml
----------------- Instantiating /home/travis/build/icyphy/ptII/ptolemy/actor/lib/hoc/test/auto/RunCompositeActor4.xml
10 ms. Memory: 159744K Free: 103804K (65%)
----------------- Invoking toplevel() on ptolemy.moml.MoMLSimpleApplication@34a0d09a
----------------- Done invoking toplevel() on ptolemy.moml.MoMLSimpleApplication@34a0d09a
reloadAllAccessors: .RunCompositeActor4

===========================================================================================
----------------- testing Sun Apr 19 14:01:41 UTC 2020 /home/travis/build/icyphy/ptII/ptolemy/actor/lib/hoc/test/auto/RunCompositeIterateOverArray.xml
----------------- Instantiating /home/travis/build/icyphy/ptII/ptolemy/actor/lib/hoc/test/auto/RunCompositeIterateOverArray.xml
3 ms. Memory: 159744K Free: 97674K (61%)
----------------- Invoking toplevel() on ptolemy.moml.MoMLSimpleApplication@4f840878
----------------- Done invoking toplevel() on ptolemy.moml.MoMLSimpleApplication@4f840878
reloadAllAccessors: .RunCompositeIterateOverArray

===========================================================================================
----------------- testing Sun Apr 19 14:01:41 UTC 2020 /home/travis/build/icyphy/ptII/ptolemy/actor/lib/hoc/test/auto/ThreadedJS.xml
----------------- Instantiating /home/travis/build/icyphy/ptII/ptolemy/actor/lib/hoc/test/auto/ThreadedJS.xml
4913 ms. Memory: 233472K Free: 105599K (45%)
----------------- Invoking toplevel() on ptolemy.moml.MoMLSimpleApplication@5ccb0680
----------------- Done invoking toplevel() on ptolemy.moml.MoMLSimpleApplication@5ccb0680
reloadAllAccessors: .ThreadedJS
AutoTests.java: About to close Vertx.
AutoTests.java: Vertx closed.
]]></system-out>
  <system-err><![CDATA[java.lang.RuntimeException: Execution failed
	at ptolemy.moml.MoMLSimpleApplication$UnloadThread.run(MoMLSimpleApplication.java:402)
Caused by: ptolemy.kernel.util.IllegalActionException: initialize() was called after wrapup() was called but preinitialize() was not called after wrapup().
	at ptolemy.actor.lib.hoc.test.PreinitializeMustBeInvoked.initialize(PreinitializeMustBeInvoked.java:78)
	at ptolemy.actor.Director.initialize(Director.java:938)
	at ptolemy.actor.Director.initialize(Director.java:907)
	at ptolemy.actor.sched.StaticSchedulingDirector.initialize(StaticSchedulingDirector.java:159)
	at ptolemy.domains.sdf.kernel.SDFDirector.initialize(SDFDirector.java:544)
	at ptolemy.actor.CompositeActor.initialize(CompositeActor.java:935)
	at ptolemy.actor.lib.hoc.LifeCycleManager._executeInsideModel(LifeCycleManager.java:339)
	at ptolemy.actor.lib.hoc.RunCompositeActor.fire(RunCompositeActor.java:205)
	at ptolemy.actor.CompositeActor.iterate(CompositeActor.java:1146)
	at ptolemy.actor.sched.StaticSchedulingDirector.fire(StaticSchedulingDirector.java:216)
	at ptolemy.domains.sdf.kernel.SDFDirector.fire(SDFDirector.java:500)
	at ptolemy.actor.CompositeActor.fire(CompositeActor.java:455)
	at ptolemy.actor.Manager.iterate(Manager.java:851)
	at ptolemy.actor.Manager.execute(Manager.java:369)
	at ptolemy.actor.Manager.run(Manager.java:1263)
	at ptolemy.actor.Manager$PtolemyRunThread.run(Manager.java:1933)
java.lang.reflect.InvocationTargetException
	at java.base/jdk.internal.reflect.NativeConstructorAccessorImpl.newInstance0(Native Method)
	at java.base/jdk.internal.reflect.NativeConstructorAccessorImpl.newInstance(NativeConstructorAccessorImpl.java:62)
	at java.base/jdk.internal.reflect.DelegatingConstructorAccessorImpl.newInstance(DelegatingConstructorAccessorImpl.java:45)
	at java.base/java.lang.reflect.Constructor.newInstance(Constructor.java:490)
	at ptolemy.util.test.junit.AutoKnownFailedTests.RunModel(AutoKnownFailedTests.java:105)
	at java.base/jdk.internal.reflect.NativeMethodAccessorImpl.invoke0(Native Method)
	at java.base/jdk.internal.reflect.NativeMethodAccessorImpl.invoke(NativeMethodAccessorImpl.java:62)
	at java.base/jdk.internal.reflect.DelegatingMethodAccessorImpl.invoke(DelegatingMethodAccessorImpl.java:43)
	at java.base/java.lang.reflect.Method.invoke(Method.java:566)
	at org.junit.runners.model.FrameworkMethod$1.runReflectiveCall(FrameworkMethod.java:44)
	at org.junit.internal.runners.model.ReflectiveCallable.run(ReflectiveCallable.java:15)
	at org.junit.runners.model.FrameworkMethod.invokeExplosively(FrameworkMethod.java:41)
	at junitparams.internal.InvokeParameterisedMethod.evaluate(InvokeParameterisedMethod.java:102)
	at org.junit.internal.runners.statements.FailOnTimeout$1.run(FailOnTimeout.java:28)
Caused by: ptolemy.kernel.util.IllegalActionException: initialize() was called after wrapup() was called but preinitialize() was not called after wrapup().
	at ptolemy.actor.lib.hoc.test.PreinitializeMustBeInvoked.initialize(PreinitializeMustBeInvoked.java:78)
	at ptolemy.actor.Director.initialize(Director.java:938)
	at ptolemy.actor.Director.initialize(Director.java:907)
	at ptolemy.actor.sched.StaticSchedulingDirector.initialize(StaticSchedulingDirector.java:159)
	at ptolemy.domains.sdf.kernel.SDFDirector.initialize(SDFDirector.java:544)
	at ptolemy.actor.CompositeActor.initialize(CompositeActor.java:935)
	at ptolemy.actor.lib.hoc.LifeCycleManager._executeInsideModel(LifeCycleManager.java:339)
	at ptolemy.actor.lib.hoc.RunCompositeActor.fire(RunCompositeActor.java:205)
	at ptolemy.actor.CompositeActor.iterate(CompositeActor.java:1146)
	at ptolemy.actor.sched.StaticSchedulingDirector.fire(StaticSchedulingDirector.java:216)
	at ptolemy.domains.sdf.kernel.SDFDirector.fire(SDFDirector.java:500)
	at ptolemy.actor.CompositeActor.fire(CompositeActor.java:455)
	at ptolemy.actor.Manager.iterate(Manager.java:851)
	at ptolemy.actor.Manager.execute(Manager.java:369)
	at ptolemy.actor.Manager.run(Manager.java:1263)
	at ptolemy.actor.Manager$PtolemyRunThread.run(Manager.java:1933)
Warning: Nashorn engine is planned to be removed from a future JDK release
Warning: Nashorn engine is planned to be removed from a future JDK release
Warning: Nashorn engine is planned to be removed from a future JDK release
Warning: Nashorn engine is planned to be removed from a future JDK release
Warning: Nashorn engine is planned to be removed from a future JDK release
Warning: Nashorn engine is planned to be removed from a future JDK release
Warning: Nashorn engine is planned to be removed from a future JDK release
Warning: Nashorn engine is planned to be removed from a future JDK release
]]></system-err>
</testsuite>
