<?xml version="1.0" encoding="UTF-8" ?>
<testsuite errors="0" failures="0" hostname="travis-job-1e117eff-57c4-459f-a0b8-11d79aa98062" name="ptolemy.actor.lib.hoc.test.junit.JUnitTclTest" skipped="0" tests="58" time="24.882" timestamp="2019-03-02T03:35:04">
  <properties>
[...]
</properties>
  <testcase classname="ptolemy.util.test.junit.TclTests" name="[0] /home/travis/build/icyphy/ptII/ptolemy/actor/lib/hoc/test/IterateOverArray.tcl (RunTclFile)" time="0.323" />
  <testcase classname="ptolemy.util.test.junit.AutoKnownFailedTests" name="[0] /home/travis/build/icyphy/ptII/ptolemy/actor/lib/hoc/test/auto/knownFailedTests/PreinitializeMustBeInvokedRunComposite.xml (RunModel)" time="0.218" />
  <testcase classname="ptolemy.util.test.junit.AutoNameArchTests" name="[0] ThereAreNoAutoArchTests (RunModel)" time="0.008" />
  <testcase classname="ptolemy.util.test.junit.AutoTests" name="[0] /home/travis/build/icyphy/ptII/ptolemy/actor/lib/hoc/test/auto/AllToAllMultiInstanceComposite.xml (RunModel)" time="0.242" />
  <testcase classname="ptolemy.util.test.junit.AutoTests" name="[1] /home/travis/build/icyphy/ptII/ptolemy/actor/lib/hoc/test/auto/ApplyFFTTest.xml (RunModel)" time="0.234" />
  <testcase classname="ptolemy.util.test.junit.AutoTests" name="[2] /home/travis/build/icyphy/ptII/ptolemy/actor/lib/hoc/test/auto/ApplyFunction.xml (RunModel)" time="0.022" />
  <testcase classname="ptolemy.util.test.junit.AutoTests" name="[3] /home/travis/build/icyphy/ptII/ptolemy/actor/lib/hoc/test/auto/BackgroundExecution.xml (RunModel)" time="0.674" />
  <testcase classname="ptolemy.util.test.junit.AutoTests" name="[4] /home/travis/build/icyphy/ptII/ptolemy/actor/lib/hoc/test/auto/Case.xml (RunModel)" time="0.086" />
  <testcase classname="ptolemy.util.test.junit.AutoTests" name="[5] /home/travis/build/icyphy/ptII/ptolemy/actor/lib/hoc/test/auto/Case1.xml (RunModel)" time="0.079" />
  <testcase classname="ptolemy.util.test.junit.AutoTests" name="[6] /home/travis/build/icyphy/ptII/ptolemy/actor/lib/hoc/test/auto/Case2.xml (RunModel)" time="0.088" />
  <testcase classname="ptolemy.util.test.junit.AutoTests" name="[7] /home/travis/build/icyphy/ptII/ptolemy/actor/lib/hoc/test/auto/Case3.xml (RunModel)" time="0.028" />
  <testcase classname="ptolemy.util.test.junit.AutoTests" name="[8] /home/travis/build/icyphy/ptII/ptolemy/actor/lib/hoc/test/auto/Case4.xml (RunModel)" time="0.064" />
  <testcase classname="ptolemy.util.test.junit.AutoTests" name="[9] /home/travis/build/icyphy/ptII/ptolemy/actor/lib/hoc/test/auto/Case5.xml (RunModel)" time="0.085" />
  <testcase classname="ptolemy.util.test.junit.AutoTests" name="[10] /home/travis/build/icyphy/ptII/ptolemy/actor/lib/hoc/test/auto/Case6.xml (RunModel)" time="0.112" />
  <testcase classname="ptolemy.util.test.junit.AutoTests" name="[11] /home/travis/build/icyphy/ptII/ptolemy/actor/lib/hoc/test/auto/CaseString2.xml (RunModel)" time="0.048" />
  <testcase classname="ptolemy.util.test.junit.AutoTests" name="[12] /home/travis/build/icyphy/ptII/ptolemy/actor/lib/hoc/test/auto/CatchUpComposite1.xml (RunModel)" time="0.097" />
  <testcase classname="ptolemy.util.test.junit.AutoTests" name="[13] /home/travis/build/icyphy/ptII/ptolemy/actor/lib/hoc/test/auto/CatchUpComposite2.xml (RunModel)" time="0.072" />
  <testcase classname="ptolemy.util.test.junit.AutoTests" name="[14] /home/travis/build/icyphy/ptII/ptolemy/actor/lib/hoc/test/auto/CatchUpComposite3.xml (RunModel)" time="0.058" />
  <testcase classname="ptolemy.util.test.junit.AutoTests" name="[15] /home/travis/build/icyphy/ptII/ptolemy/actor/lib/hoc/test/auto/CatchUpComposite4.xml (RunModel)" time="0.062" />
  <testcase classname="ptolemy.util.test.junit.AutoTests" name="[16] /home/travis/build/icyphy/ptII/ptolemy/actor/lib/hoc/test/auto/CatchUpComposite5.xml (RunModel)" time="0.043" />
  <testcase classname="ptolemy.util.test.junit.AutoTests" name="[17] /home/travis/build/icyphy/ptII/ptolemy/actor/lib/hoc/test/auto/CatchUpComposite6.xml (RunModel)" time="0.166" />
  <testcase classname="ptolemy.util.test.junit.AutoTests" name="[18] /home/travis/build/icyphy/ptII/ptolemy/actor/lib/hoc/test/auto/CatchUpComposite7.xml (RunModel)" time="0.099" />
  <testcase classname="ptolemy.util.test.junit.AutoTests" name="[19] /home/travis/build/icyphy/ptII/ptolemy/actor/lib/hoc/test/auto/ConcurrentExecutionTimeSDF.xml (RunModel)" time="1.774" />
  <testcase classname="ptolemy.util.test.junit.AutoTests" name="[20] /home/travis/build/icyphy/ptII/ptolemy/actor/lib/hoc/test/auto/ConcurrentSleep.xml (RunModel)" time="0.77" />
  <testcase classname="ptolemy.util.test.junit.AutoTests" name="[21] /home/travis/build/icyphy/ptII/ptolemy/actor/lib/hoc/test/auto/DEInPNInRunCompositeActor.xml (RunModel)" time="0.04" />
  <testcase classname="ptolemy.util.test.junit.AutoTests" name="[22] /home/travis/build/icyphy/ptII/ptolemy/actor/lib/hoc/test/auto/DFTSubSetTest.xml (RunModel)" time="0.311" />
  <testcase classname="ptolemy.util.test.junit.AutoTests" name="[23] /home/travis/build/icyphy/ptII/ptolemy/actor/lib/hoc/test/auto/HocDE.xml (RunModel)" time="0.175" />
  <testcase classname="ptolemy.util.test.junit.AutoTests" name="[24] /home/travis/build/icyphy/ptII/ptolemy/actor/lib/hoc/test/auto/IterateOverArray.xml (RunModel)" time="0.024" />
  <testcase classname="ptolemy.util.test.junit.AutoTests" name="[25] /home/travis/build/icyphy/ptII/ptolemy/actor/lib/hoc/test/auto/IterateOverArray10.xml (RunModel)" time="0.019" />
  <testcase classname="ptolemy.util.test.junit.AutoTests" name="[26] /home/travis/build/icyphy/ptII/ptolemy/actor/lib/hoc/test/auto/IterateOverArray11.xml (RunModel)" time="0.03" />
  <testcase classname="ptolemy.util.test.junit.AutoTests" name="[27] /home/travis/build/icyphy/ptII/ptolemy/actor/lib/hoc/test/auto/IterateOverArray12.xml (RunModel)" time="0.057" />
  <testcase classname="ptolemy.util.test.junit.AutoTests" name="[28] /home/travis/build/icyphy/ptII/ptolemy/actor/lib/hoc/test/auto/IterateOverArray13.xml (RunModel)" time="0.137" />
  <testcase classname="ptolemy.util.test.junit.AutoTests" name="[29] /home/travis/build/icyphy/ptII/ptolemy/actor/lib/hoc/test/auto/IterateOverArray14.xml (RunModel)" time="0.16" />
  <testcase classname="ptolemy.util.test.junit.AutoTests" name="[30] /home/travis/build/icyphy/ptII/ptolemy/actor/lib/hoc/test/auto/IterateOverArray2.xml (RunModel)" time="0.022" />
  <testcase classname="ptolemy.util.test.junit.AutoTests" name="[31] /home/travis/build/icyphy/ptII/ptolemy/actor/lib/hoc/test/auto/IterateOverArray3.xml (RunModel)" time="0.044" />
  <testcase classname="ptolemy.util.test.junit.AutoTests" name="[32] /home/travis/build/icyphy/ptII/ptolemy/actor/lib/hoc/test/auto/IterateOverArray4.xml (RunModel)" time="0.026" />
  <testcase classname="ptolemy.util.test.junit.AutoTests" name="[33] /home/travis/build/icyphy/ptII/ptolemy/actor/lib/hoc/test/auto/IterateOverArray5.xml (RunModel)" time="0.02" />
  <testcase classname="ptolemy.util.test.junit.AutoTests" name="[34] /home/travis/build/icyphy/ptII/ptolemy/actor/lib/hoc/test/auto/IterateOverArray6.xml (RunModel)" time="0.015" />
  <testcase classname="ptolemy.util.test.junit.AutoTests" name="[35] /home/travis/build/icyphy/ptII/ptolemy/actor/lib/hoc/test/auto/IterateOverArray7.xml (RunModel)" time="0.02" />
  <testcase classname="ptolemy.util.test.junit.AutoTests" name="[36] /home/travis/build/icyphy/ptII/ptolemy/actor/lib/hoc/test/auto/IterateOverArray8.xml (RunModel)" time="0.02" />
  <testcase classname="ptolemy.util.test.junit.AutoTests" name="[37] /home/travis/build/icyphy/ptII/ptolemy/actor/lib/hoc/test/auto/IterateOverArray9.xml (RunModel)" time="0.027" />
  <testcase classname="ptolemy.util.test.junit.AutoTests" name="[38] /home/travis/build/icyphy/ptII/ptolemy/actor/lib/hoc/test/auto/IterateOverArrayCoercedOutputType.xml (RunModel)" time="0.036" />
  <testcase classname="ptolemy.util.test.junit.AutoTests" name="[39] /home/travis/build/icyphy/ptII/ptolemy/actor/lib/hoc/test/auto/IterateOverArrayInferredOutputType.xml (RunModel)" time="0.034" />
  <testcase classname="ptolemy.util.test.junit.AutoTests" name="[40] /home/travis/build/icyphy/ptII/ptolemy/actor/lib/hoc/test/auto/MobileFunctionTest.xml (RunModel)" time="0.027" />
  <testcase classname="ptolemy.util.test.junit.AutoTests" name="[41] /home/travis/build/icyphy/ptII/ptolemy/actor/lib/hoc/test/auto/MobileModelTest.xml (RunModel)" time="0.13" />
  <testcase classname="ptolemy.util.test.junit.AutoTests" name="[42] /home/travis/build/icyphy/ptII/ptolemy/actor/lib/hoc/test/auto/ModelReference.xml (RunModel)" time="0.059" />
  <testcase classname="ptolemy.util.test.junit.AutoTests" name="[43] /home/travis/build/icyphy/ptII/ptolemy/actor/lib/hoc/test/auto/ModelReference3.xml (RunModel)" time="0.046" />
  <testcase classname="ptolemy.util.test.junit.AutoTests" name="[44] /home/travis/build/icyphy/ptII/ptolemy/actor/lib/hoc/test/auto/ModelReference4.xml (RunModel)" time="10.034" />
  <testcase classname="ptolemy.util.test.junit.AutoTests" name="[45] /home/travis/build/icyphy/ptII/ptolemy/actor/lib/hoc/test/auto/MultiInstanceComposite.xml (RunModel)" time="0.048" />
  <testcase classname="ptolemy.util.test.junit.AutoTests" name="[46] /home/travis/build/icyphy/ptII/ptolemy/actor/lib/hoc/test/auto/MultiInstanceComposite2.xml (RunModel)" time="0.034" />
  <testcase classname="ptolemy.util.test.junit.AutoTests" name="[47] /home/travis/build/icyphy/ptII/ptolemy/actor/lib/hoc/test/auto/MulticoreExecution.xml (RunModel)" time="1.18" />
  <testcase classname="ptolemy.util.test.junit.AutoTests" name="[48] /home/travis/build/icyphy/ptII/ptolemy/actor/lib/hoc/test/auto/ParallelExecution.xml (RunModel)" time="0.947" />
  <testcase classname="ptolemy.util.test.junit.AutoTests" name="[49] /home/travis/build/icyphy/ptII/ptolemy/actor/lib/hoc/test/auto/RunCompositeActor.xml (RunModel)" time="0.033" />
  <testcase classname="ptolemy.util.test.junit.AutoTests" name="[50] /home/travis/build/icyphy/ptII/ptolemy/actor/lib/hoc/test/auto/RunCompositeActor2.xml (RunModel)" time="0.03" />
  <testcase classname="ptolemy.util.test.junit.AutoTests" name="[51] /home/travis/build/icyphy/ptII/ptolemy/actor/lib/hoc/test/auto/RunCompositeActor3.xml (RunModel)" time="0.024" />
  <testcase classname="ptolemy.util.test.junit.AutoTests" name="[52] /home/travis/build/icyphy/ptII/ptolemy/actor/lib/hoc/test/auto/RunCompositeActor4.xml (RunModel)" time="0.044" />
  <testcase classname="ptolemy.util.test.junit.AutoTests" name="[53] /home/travis/build/icyphy/ptII/ptolemy/actor/lib/hoc/test/auto/RunCompositeIterateOverArray.xml (RunModel)" time="0.028" />
  <testcase classname="ptolemy.util.test.junit.AutoTests" name="[54] /home/travis/build/icyphy/ptII/ptolemy/actor/lib/hoc/test/auto/ThreadedJS.xml (RunModel)" time="5.06" />
  <system-out><![CDATA[/home/travis/build/icyphy/ptII/ptolemy/actor/lib/hoc/test/IterateOverArray.tcl
testDefs.tcl: setting time out to 9000 seconds at Sat Mar 02 03:35:04 UTC 2019
03/02/19 03:35:04
Failed: 0  Total Tests: 2  ((Passed: 2, Newly Passed: 0)  Known Failed: 0) /home/travis/build/icyphy/ptII/ptolemy/actor/lib/hoc/test
----------------- testing (KnownFailure) /home/travis/build/icyphy/ptII/ptolemy/actor/lib/hoc/test/auto/knownFailedTests/PreinitializeMustBeInvokedRunComposite.xml
41 ms. Memory: 116224K Free: 106900K (92%)
Known Failure: java.lang.reflect.InvocationTargetException
No auto/linux-amd64/*.xml tests in /home/travis/build/icyphy/ptII/ptolemy/actor/lib/hoc/test
AutoTests.java: About to close Vertx.
AutoTests.java: Vertx closed.

===========================================================================================
----------------- testing Sat Mar 02 03:35:05 UTC 2019 /home/travis/build/icyphy/ptII/ptolemy/actor/lib/hoc/test/auto/AllToAllMultiInstanceComposite.xml
----------------- Instantiating /home/travis/build/icyphy/ptII/ptolemy/actor/lib/hoc/test/auto/AllToAllMultiInstanceComposite.xml
89 ms. Memory: 146944K Free: 120642K (82%)
----------------- Invoking toplevel() on ptolemy.moml.MoMLSimpleApplication@5bc32a82
----------------- Done invoking toplevel() on ptolemy.moml.MoMLSimpleApplication@5bc32a82
reloadAllAccessors: .AllToAllMultiInstanceComposite

===========================================================================================
----------------- testing Sat Mar 02 03:35:05 UTC 2019 /home/travis/build/icyphy/ptII/ptolemy/actor/lib/hoc/test/auto/ApplyFFTTest.xml
----------------- Instantiating /home/travis/build/icyphy/ptII/ptolemy/actor/lib/hoc/test/auto/ApplyFFTTest.xml
94 ms. Memory: 146944K Free: 100410K (68%)
----------------- Invoking toplevel() on ptolemy.moml.MoMLSimpleApplication@1db5b014
----------------- Done invoking toplevel() on ptolemy.moml.MoMLSimpleApplication@1db5b014
reloadAllAccessors: .ApplyFFTTest

===========================================================================================
----------------- testing Sat Mar 02 03:35:05 UTC 2019 /home/travis/build/icyphy/ptII/ptolemy/actor/lib/hoc/test/auto/ApplyFunction.xml
----------------- Instantiating /home/travis/build/icyphy/ptII/ptolemy/actor/lib/hoc/test/auto/ApplyFunction.xml
5 ms. Memory: 146944K Free: 97053K (66%)
----------------- Invoking toplevel() on ptolemy.moml.MoMLSimpleApplication@71e67917
----------------- Done invoking toplevel() on ptolemy.moml.MoMLSimpleApplication@71e67917
reloadAllAccessors: .ApplyFunction

===========================================================================================
----------------- testing Sat Mar 02 03:35:05 UTC 2019 /home/travis/build/icyphy/ptII/ptolemy/actor/lib/hoc/test/auto/BackgroundExecution.xml
----------------- Instantiating /home/travis/build/icyphy/ptII/ptolemy/actor/lib/hoc/test/auto/BackgroundExecution.xml
623 ms. Memory: 146944K Free: 89502K (61%)
----------------- Invoking toplevel() on ptolemy.moml.MoMLSimpleApplication@575a7226
----------------- Done invoking toplevel() on ptolemy.moml.MoMLSimpleApplication@575a7226
reloadAllAccessors: .BackgroundExecution

===========================================================================================
----------------- testing Sat Mar 02 03:35:06 UTC 2019 /home/travis/build/icyphy/ptII/ptolemy/actor/lib/hoc/test/auto/Case.xml
----------------- Instantiating /home/travis/build/icyphy/ptII/ptolemy/actor/lib/hoc/test/auto/Case.xml
23 ms. Memory: 146944K Free: 80956K (55%)
----------------- Invoking toplevel() on ptolemy.moml.MoMLSimpleApplication@73e5be9e
----------------- Done invoking toplevel() on ptolemy.moml.MoMLSimpleApplication@73e5be9e
reloadAllAccessors: .Case

===========================================================================================
----------------- testing Sat Mar 02 03:35:06 UTC 2019 /home/travis/build/icyphy/ptII/ptolemy/actor/lib/hoc/test/auto/Case1.xml
----------------- Instantiating /home/travis/build/icyphy/ptII/ptolemy/actor/lib/hoc/test/auto/Case1.xml
25 ms. Memory: 146944K Free: 135836K (92%)
----------------- Invoking toplevel() on ptolemy.moml.MoMLSimpleApplication@3b61a2d0
----------------- Done invoking toplevel() on ptolemy.moml.MoMLSimpleApplication@3b61a2d0
reloadAllAccessors: .Case1

===========================================================================================
----------------- testing Sat Mar 02 03:35:06 UTC 2019 /home/travis/build/icyphy/ptII/ptolemy/actor/lib/hoc/test/auto/Case2.xml
----------------- Instantiating /home/travis/build/icyphy/ptII/ptolemy/actor/lib/hoc/test/auto/Case2.xml
37 ms. Memory: 146944K Free: 124368K (85%)
----------------- Invoking toplevel() on ptolemy.moml.MoMLSimpleApplication@12495898
----------------- Done invoking toplevel() on ptolemy.moml.MoMLSimpleApplication@12495898
reloadAllAccessors: .Case2

===========================================================================================
----------------- testing Sat Mar 02 03:35:06 UTC 2019 /home/travis/build/icyphy/ptII/ptolemy/actor/lib/hoc/test/auto/Case3.xml
----------------- Instantiating /home/travis/build/icyphy/ptII/ptolemy/actor/lib/hoc/test/auto/Case3.xml
7 ms. Memory: 146944K Free: 118111K (80%)
----------------- Invoking toplevel() on ptolemy.moml.MoMLSimpleApplication@66fe1eee
----------------- Done invoking toplevel() on ptolemy.moml.MoMLSimpleApplication@66fe1eee
reloadAllAccessors: .Case3

===========================================================================================
----------------- testing Sat Mar 02 03:35:06 UTC 2019 /home/travis/build/icyphy/ptII/ptolemy/actor/lib/hoc/test/auto/Case4.xml
----------------- Instantiating /home/travis/build/icyphy/ptII/ptolemy/actor/lib/hoc/test/auto/Case4.xml
16 ms. Memory: 146944K Free: 109479K (75%)
----------------- Invoking toplevel() on ptolemy.moml.MoMLSimpleApplication@4050cf66
----------------- Done invoking toplevel() on ptolemy.moml.MoMLSimpleApplication@4050cf66
reloadAllAccessors: .Case4

===========================================================================================
----------------- testing Sat Mar 02 03:35:07 UTC 2019 /home/travis/build/icyphy/ptII/ptolemy/actor/lib/hoc/test/auto/Case5.xml
----------------- Instantiating /home/travis/build/icyphy/ptII/ptolemy/actor/lib/hoc/test/auto/Case5.xml
47 ms. Memory: 146944K Free: 102676K (70%)
----------------- Invoking toplevel() on ptolemy.moml.MoMLSimpleApplication@7f968efc
----------------- Done invoking toplevel() on ptolemy.moml.MoMLSimpleApplication@7f968efc
reloadAllAccessors: .junk

===========================================================================================
----------------- testing Sat Mar 02 03:35:07 UTC 2019 /home/travis/build/icyphy/ptII/ptolemy/actor/lib/hoc/test/auto/Case6.xml
----------------- Instantiating /home/travis/build/icyphy/ptII/ptolemy/actor/lib/hoc/test/auto/Case6.xml
53 ms. Memory: 146944K Free: 89402K (61%)
----------------- Invoking toplevel() on ptolemy.moml.MoMLSimpleApplication@107de0d6
----------------- Done invoking toplevel() on ptolemy.moml.MoMLSimpleApplication@107de0d6
reloadAllAccessors: .Case6

===========================================================================================
----------------- testing Sat Mar 02 03:35:07 UTC 2019 /home/travis/build/icyphy/ptII/ptolemy/actor/lib/hoc/test/auto/CaseString2.xml
----------------- Instantiating /home/travis/build/icyphy/ptII/ptolemy/actor/lib/hoc/test/auto/CaseString2.xml
9 ms. Memory: 146944K Free: 81378K (55%)
----------------- Invoking toplevel() on ptolemy.moml.MoMLSimpleApplication@6252ee0c
----------------- Done invoking toplevel() on ptolemy.moml.MoMLSimpleApplication@6252ee0c
reloadAllAccessors: .CaseString2

===========================================================================================
----------------- testing Sat Mar 02 03:35:07 UTC 2019 /home/travis/build/icyphy/ptII/ptolemy/actor/lib/hoc/test/auto/CatchUpComposite1.xml
----------------- Instantiating /home/travis/build/icyphy/ptII/ptolemy/actor/lib/hoc/test/auto/CatchUpComposite1.xml
26 ms. Memory: 208384K Free: 194251K (93%)
----------------- Invoking toplevel() on ptolemy.moml.MoMLSimpleApplication@330ba1eb
----------------- Done invoking toplevel() on ptolemy.moml.MoMLSimpleApplication@330ba1eb
reloadAllAccessors: .CatchUpComposite1

===========================================================================================
----------------- testing Sat Mar 02 03:35:07 UTC 2019 /home/travis/build/icyphy/ptII/ptolemy/actor/lib/hoc/test/auto/CatchUpComposite2.xml
----------------- Instantiating /home/travis/build/icyphy/ptII/ptolemy/actor/lib/hoc/test/auto/CatchUpComposite2.xml
20 ms. Memory: 208384K Free: 184383K (88%)
----------------- Invoking toplevel() on ptolemy.moml.MoMLSimpleApplication@3703357d
----------------- Done invoking toplevel() on ptolemy.moml.MoMLSimpleApplication@3703357d
reloadAllAccessors: .CatchUpComposite2

===========================================================================================
----------------- testing Sat Mar 02 03:35:07 UTC 2019 /home/travis/build/icyphy/ptII/ptolemy/actor/lib/hoc/test/auto/CatchUpComposite3.xml
----------------- Instantiating /home/travis/build/icyphy/ptII/ptolemy/actor/lib/hoc/test/auto/CatchUpComposite3.xml
11 ms. Memory: 208384K Free: 174539K (84%)
----------------- Invoking toplevel() on ptolemy.moml.MoMLSimpleApplication@475f5a53
----------------- Done invoking toplevel() on ptolemy.moml.MoMLSimpleApplication@475f5a53
reloadAllAccessors: .CatchUpComposite3

===========================================================================================
----------------- testing Sat Mar 02 03:35:07 UTC 2019 /home/travis/build/icyphy/ptII/ptolemy/actor/lib/hoc/test/auto/CatchUpComposite4.xml
----------------- Instantiating /home/travis/build/icyphy/ptII/ptolemy/actor/lib/hoc/test/auto/CatchUpComposite4.xml
17 ms. Memory: 208384K Free: 164671K (79%)
----------------- Invoking toplevel() on ptolemy.moml.MoMLSimpleApplication@1cc7710a
----------------- Done invoking toplevel() on ptolemy.moml.MoMLSimpleApplication@1cc7710a
reloadAllAccessors: .CatchUpComposite4

===========================================================================================
----------------- testing Sat Mar 02 03:35:07 UTC 2019 /home/travis/build/icyphy/ptII/ptolemy/actor/lib/hoc/test/auto/CatchUpComposite5.xml
----------------- Instantiating /home/travis/build/icyphy/ptII/ptolemy/actor/lib/hoc/test/auto/CatchUpComposite5.xml
11 ms. Memory: 208384K Free: 156478K (75%)
----------------- Invoking toplevel() on ptolemy.moml.MoMLSimpleApplication@15e2bea7
----------------- Done invoking toplevel() on ptolemy.moml.MoMLSimpleApplication@15e2bea7
reloadAllAccessors: .CatchUpComposite5

===========================================================================================
----------------- testing Sat Mar 02 03:35:07 UTC 2019 /home/travis/build/icyphy/ptII/ptolemy/actor/lib/hoc/test/auto/CatchUpComposite6.xml
----------------- Instantiating /home/travis/build/icyphy/ptII/ptolemy/actor/lib/hoc/test/auto/CatchUpComposite6.xml
WARNING: The execution aspects in this model can influence the timing of actors by delaying the 
execution, potentially changing the behavior. There is no guarantee that actors fire at the 
time they request to be fired. 
Use Ptides for deterministic DE behavior that is not influenced by execution aspects. 

97 ms. Memory: 208384K Free: 139271K (67%)
----------------- Invoking toplevel() on ptolemy.moml.MoMLSimpleApplication@697270d3
----------------- Done invoking toplevel() on ptolemy.moml.MoMLSimpleApplication@697270d3
reloadAllAccessors: .CatchUpComposite6

===========================================================================================
----------------- testing Sat Mar 02 03:35:07 UTC 2019 /home/travis/build/icyphy/ptII/ptolemy/actor/lib/hoc/test/auto/CatchUpComposite7.xml
----------------- Instantiating /home/travis/build/icyphy/ptII/ptolemy/actor/lib/hoc/test/auto/CatchUpComposite7.xml
WARNING: The execution aspects in this model can influence the timing of actors by delaying the 
execution, potentially changing the behavior. There is no guarantee that actors fire at the 
time they request to be fired. 
Use Ptides for deterministic DE behavior that is not influenced by execution aspects. 

45 ms. Memory: 208384K Free: 122817K (59%)
----------------- Invoking toplevel() on ptolemy.moml.MoMLSimpleApplication@5618c692
----------------- Done invoking toplevel() on ptolemy.moml.MoMLSimpleApplication@5618c692
reloadAllAccessors: .CatchUpComposite7

===========================================================================================
----------------- testing Sat Mar 02 03:35:07 UTC 2019 /home/travis/build/icyphy/ptII/ptolemy/actor/lib/hoc/test/auto/ConcurrentExecutionTimeSDF.xml
----------------- Instantiating /home/travis/build/icyphy/ptII/ptolemy/actor/lib/hoc/test/auto/ConcurrentExecutionTimeSDF.xml
Fired ExecutionTime: 40400000
Fired ExecutionTime: 40400000
Fired ExecutionTime: 40400000
Fired ExecutionTime: 40400000
Fired ExecutionTime: 40400000
Fired ExecutionTime: 40400000
Fired ExecutionTime: 40400000
Fired ExecutionTime: 40400000
Fired ExecutionTime: 40400000
Fired ExecutionTime: 40400000
Fired ExecutionTime: 40400000
Fired ExecutionTime: 40400000
Fired ExecutionTime: 40400000
Fired ExecutionTime: 40400000
Fired ExecutionTime: 40400000
Fired ExecutionTime: 40400000
Fired ExecutionTime: 40400000
Fired ExecutionTime: 40400000
Fired ExecutionTime: 40400000
Fired ExecutionTime: 40400000
1750 ms. Memory: 208384K Free: 114593K (55%)
----------------- Invoking toplevel() on ptolemy.moml.MoMLSimpleApplication@3c15a140
----------------- Done invoking toplevel() on ptolemy.moml.MoMLSimpleApplication@3c15a140
reloadAllAccessors: .ConcurrentExecutionTimeSDF

===========================================================================================
----------------- testing Sat Mar 02 03:35:09 UTC 2019 /home/travis/build/icyphy/ptII/ptolemy/actor/lib/hoc/test/auto/ConcurrentSleep.xml
----------------- Instantiating /home/travis/build/icyphy/ptII/ptolemy/actor/lib/hoc/test/auto/ConcurrentSleep.xml
737 ms. Memory: 208384K Free: 100667K (48%)
----------------- Invoking toplevel() on ptolemy.moml.MoMLSimpleApplication@4051a078
----------------- Done invoking toplevel() on ptolemy.moml.MoMLSimpleApplication@4051a078
reloadAllAccessors: .ConcurrentSleep

===========================================================================================
----------------- testing Sat Mar 02 03:35:10 UTC 2019 /home/travis/build/icyphy/ptII/ptolemy/actor/lib/hoc/test/auto/DEInPNInRunCompositeActor.xml
----------------- Instantiating /home/travis/build/icyphy/ptII/ptolemy/actor/lib/hoc/test/auto/DEInPNInRunCompositeActor.xml
13 ms. Memory: 208384K Free: 92437K (44%)
----------------- Invoking toplevel() on ptolemy.moml.MoMLSimpleApplication@55227952
----------------- Done invoking toplevel() on ptolemy.moml.MoMLSimpleApplication@55227952
reloadAllAccessors: .DEInPNInRunCompositeActor

===========================================================================================
----------------- testing Sat Mar 02 03:35:10 UTC 2019 /home/travis/build/icyphy/ptII/ptolemy/actor/lib/hoc/test/auto/DFTSubSetTest.xml
----------------- Instantiating /home/travis/build/icyphy/ptII/ptolemy/actor/lib/hoc/test/auto/DFTSubSetTest.xml
177 ms. Memory: 208384K Free: 169085K (81%)
----------------- Invoking toplevel() on ptolemy.moml.MoMLSimpleApplication@14385e9a
----------------- Done invoking toplevel() on ptolemy.moml.MoMLSimpleApplication@14385e9a
reloadAllAccessors: .DFTSubSetTest

===========================================================================================
----------------- testing Sat Mar 02 03:35:10 UTC 2019 /home/travis/build/icyphy/ptII/ptolemy/actor/lib/hoc/test/auto/HocDE.xml
----------------- Instantiating /home/travis/build/icyphy/ptII/ptolemy/actor/lib/hoc/test/auto/HocDE.xml
133 ms. Memory: 208384K Free: 142246K (68%)
----------------- Invoking toplevel() on ptolemy.moml.MoMLSimpleApplication@77e2e9a7
----------------- Done invoking toplevel() on ptolemy.moml.MoMLSimpleApplication@77e2e9a7
reloadAllAccessors: .HocDE

===========================================================================================
----------------- testing Sat Mar 02 03:35:10 UTC 2019 /home/travis/build/icyphy/ptII/ptolemy/actor/lib/hoc/test/auto/IterateOverArray.xml
----------------- Instantiating /home/travis/build/icyphy/ptII/ptolemy/actor/lib/hoc/test/auto/IterateOverArray.xml
6 ms. Memory: 208384K Free: 136707K (66%)
----------------- Invoking toplevel() on ptolemy.moml.MoMLSimpleApplication@4e079334
----------------- Done invoking toplevel() on ptolemy.moml.MoMLSimpleApplication@4e079334
reloadAllAccessors: .IterateOverArray

===========================================================================================
----------------- testing Sat Mar 02 03:35:10 UTC 2019 /home/travis/build/icyphy/ptII/ptolemy/actor/lib/hoc/test/auto/IterateOverArray10.xml
----------------- Instantiating /home/travis/build/icyphy/ptII/ptolemy/actor/lib/hoc/test/auto/IterateOverArray10.xml
2 ms. Memory: 208384K Free: 132595K (64%)
----------------- Invoking toplevel() on ptolemy.moml.MoMLSimpleApplication@75c0f25c
----------------- Done invoking toplevel() on ptolemy.moml.MoMLSimpleApplication@75c0f25c
reloadAllAccessors: .IterateOverArray10

===========================================================================================
----------------- testing Sat Mar 02 03:35:10 UTC 2019 /home/travis/build/icyphy/ptII/ptolemy/actor/lib/hoc/test/auto/IterateOverArray11.xml
----------------- Instantiating /home/travis/build/icyphy/ptII/ptolemy/actor/lib/hoc/test/auto/IterateOverArray11.xml
6 ms. Memory: 208384K Free: 127072K (61%)
----------------- Invoking toplevel() on ptolemy.moml.MoMLSimpleApplication@56e4e24d
----------------- Done invoking toplevel() on ptolemy.moml.MoMLSimpleApplication@56e4e24d
reloadAllAccessors: .IterateOverArray11

===========================================================================================
----------------- testing Sat Mar 02 03:35:11 UTC 2019 /home/travis/build/icyphy/ptII/ptolemy/actor/lib/hoc/test/auto/IterateOverArray12.xml
----------------- Instantiating /home/travis/build/icyphy/ptII/ptolemy/actor/lib/hoc/test/auto/IterateOverArray12.xml
20 ms. Memory: 208384K Free: 120486K (58%)
----------------- Invoking toplevel() on ptolemy.moml.MoMLSimpleApplication@7c4897d8
----------------- Done invoking toplevel() on ptolemy.moml.MoMLSimpleApplication@7c4897d8
reloadAllAccessors: .IterateOverArray12

===========================================================================================
----------------- testing Sat Mar 02 03:35:11 UTC 2019 /home/travis/build/icyphy/ptII/ptolemy/actor/lib/hoc/test/auto/IterateOverArray13.xml
----------------- Instantiating /home/travis/build/icyphy/ptII/ptolemy/actor/lib/hoc/test/auto/IterateOverArray13.xml
73 ms. Memory: 208384K Free: 91977K (44%)
----------------- Invoking toplevel() on ptolemy.moml.MoMLSimpleApplication@6dc9a5fb
----------------- Done invoking toplevel() on ptolemy.moml.MoMLSimpleApplication@6dc9a5fb
reloadAllAccessors: .IterateOverArray13

===========================================================================================
----------------- testing Sat Mar 02 03:35:11 UTC 2019 /home/travis/build/icyphy/ptII/ptolemy/actor/lib/hoc/test/auto/IterateOverArray14.xml
----------------- Instantiating /home/travis/build/icyphy/ptII/ptolemy/actor/lib/hoc/test/auto/IterateOverArray14.xml
65 ms. Memory: 331264K Free: 299858K (91%)
----------------- Invoking toplevel() on ptolemy.moml.MoMLSimpleApplication@16c3f8d0
----------------- Done invoking toplevel() on ptolemy.moml.MoMLSimpleApplication@16c3f8d0
reloadAllAccessors: .IterateOverArray14

===========================================================================================
----------------- testing Sat Mar 02 03:35:11 UTC 2019 /home/travis/build/icyphy/ptII/ptolemy/actor/lib/hoc/test/auto/IterateOverArray2.xml
----------------- Instantiating /home/travis/build/icyphy/ptII/ptolemy/actor/lib/hoc/test/auto/IterateOverArray2.xml
7 ms. Memory: 331264K Free: 292540K (88%)
----------------- Invoking toplevel() on ptolemy.moml.MoMLSimpleApplication@1dc7aec5
----------------- Done invoking toplevel() on ptolemy.moml.MoMLSimpleApplication@1dc7aec5
reloadAllAccessors: .IterateOverArray2

===========================================================================================
----------------- testing Sat Mar 02 03:35:11 UTC 2019 /home/travis/build/icyphy/ptII/ptolemy/actor/lib/hoc/test/auto/IterateOverArray3.xml
----------------- Instantiating /home/travis/build/icyphy/ptII/ptolemy/actor/lib/hoc/test/auto/IterateOverArray3.xml
16 ms. Memory: 331264K Free: 286014K (86%)
----------------- Invoking toplevel() on ptolemy.moml.MoMLSimpleApplication@2f95f17
----------------- Done invoking toplevel() on ptolemy.moml.MoMLSimpleApplication@2f95f17
reloadAllAccessors: .IterateOverArray3

===========================================================================================
----------------- testing Sat Mar 02 03:35:11 UTC 2019 /home/travis/build/icyphy/ptII/ptolemy/actor/lib/hoc/test/auto/IterateOverArray4.xml
----------------- Instantiating /home/travis/build/icyphy/ptII/ptolemy/actor/lib/hoc/test/auto/IterateOverArray4.xml
4 ms. Memory: 331264K Free: 280344K (85%)
----------------- Invoking toplevel() on ptolemy.moml.MoMLSimpleApplication@de509d5
----------------- Done invoking toplevel() on ptolemy.moml.MoMLSimpleApplication@de509d5
reloadAllAccessors: .IterateOverArray4

===========================================================================================
----------------- testing Sat Mar 02 03:35:11 UTC 2019 /home/travis/build/icyphy/ptII/ptolemy/actor/lib/hoc/test/auto/IterateOverArray5.xml
----------------- Instantiating /home/travis/build/icyphy/ptII/ptolemy/actor/lib/hoc/test/auto/IterateOverArray5.xml
3 ms. Memory: 331264K Free: 275449K (83%)
----------------- Invoking toplevel() on ptolemy.moml.MoMLSimpleApplication@10a653e6
----------------- Done invoking toplevel() on ptolemy.moml.MoMLSimpleApplication@10a653e6
reloadAllAccessors: .IterateOverArray5

===========================================================================================
----------------- testing Sat Mar 02 03:35:11 UTC 2019 /home/travis/build/icyphy/ptII/ptolemy/actor/lib/hoc/test/auto/IterateOverArray6.xml
----------------- Instantiating /home/travis/build/icyphy/ptII/ptolemy/actor/lib/hoc/test/auto/IterateOverArray6.xml
3 ms. Memory: 331264K Free: 269779K (81%)
----------------- Invoking toplevel() on ptolemy.moml.MoMLSimpleApplication@5e497c9d
----------------- Done invoking toplevel() on ptolemy.moml.MoMLSimpleApplication@5e497c9d
reloadAllAccessors: .IterateOverArray6

===========================================================================================
----------------- testing Sat Mar 02 03:35:11 UTC 2019 /home/travis/build/icyphy/ptII/ptolemy/actor/lib/hoc/test/auto/IterateOverArray7.xml
----------------- Instantiating /home/travis/build/icyphy/ptII/ptolemy/actor/lib/hoc/test/auto/IterateOverArray7.xml
4 ms. Memory: 331264K Free: 264884K (80%)
----------------- Invoking toplevel() on ptolemy.moml.MoMLSimpleApplication@791d31f1
----------------- Done invoking toplevel() on ptolemy.moml.MoMLSimpleApplication@791d31f1
reloadAllAccessors: .IterateOverArray7

===========================================================================================
----------------- testing Sat Mar 02 03:35:11 UTC 2019 /home/travis/build/icyphy/ptII/ptolemy/actor/lib/hoc/test/auto/IterateOverArray8.xml
----------------- Instantiating /home/travis/build/icyphy/ptII/ptolemy/actor/lib/hoc/test/auto/IterateOverArray8.xml
4 ms. Memory: 331264K Free: 259989K (78%)
----------------- Invoking toplevel() on ptolemy.moml.MoMLSimpleApplication@5cb8e690
----------------- Done invoking toplevel() on ptolemy.moml.MoMLSimpleApplication@5cb8e690
reloadAllAccessors: .IterateOverArray8

===========================================================================================
----------------- testing Sat Mar 02 03:35:11 UTC 2019 /home/travis/build/icyphy/ptII/ptolemy/actor/lib/hoc/test/auto/IterateOverArray9.xml
----------------- Instantiating /home/travis/build/icyphy/ptII/ptolemy/actor/lib/hoc/test/auto/IterateOverArray9.xml
9 ms. Memory: 331264K Free: 254319K (77%)
----------------- Invoking toplevel() on ptolemy.moml.MoMLSimpleApplication@6400c76
----------------- Done invoking toplevel() on ptolemy.moml.MoMLSimpleApplication@6400c76
reloadAllAccessors: .IterateOverArray9

===========================================================================================
----------------- testing Sat Mar 02 03:35:11 UTC 2019 /home/travis/build/icyphy/ptII/ptolemy/actor/lib/hoc/test/auto/IterateOverArrayCoercedOutputType.xml
----------------- Instantiating /home/travis/build/icyphy/ptII/ptolemy/actor/lib/hoc/test/auto/IterateOverArrayCoercedOutputType.xml
5 ms. Memory: 331264K Free: 247793K (75%)
----------------- Invoking toplevel() on ptolemy.moml.MoMLSimpleApplication@76ddbcd1
----------------- Done invoking toplevel() on ptolemy.moml.MoMLSimpleApplication@76ddbcd1
reloadAllAccessors: .IterateOverArrayCoercedOutputType

===========================================================================================
----------------- testing Sat Mar 02 03:35:11 UTC 2019 /home/travis/build/icyphy/ptII/ptolemy/actor/lib/hoc/test/auto/IterateOverArrayInferredOutputType.xml
----------------- Instantiating /home/travis/build/icyphy/ptII/ptolemy/actor/lib/hoc/test/auto/IterateOverArrayInferredOutputType.xml
12 ms. Memory: 331264K Free: 240490K (73%)
----------------- Invoking toplevel() on ptolemy.moml.MoMLSimpleApplication@494d0ed6
----------------- Done invoking toplevel() on ptolemy.moml.MoMLSimpleApplication@494d0ed6
reloadAllAccessors: .IterateOverArrayInferredOutputType

===========================================================================================
----------------- testing Sat Mar 02 03:35:11 UTC 2019 /home/travis/build/icyphy/ptII/ptolemy/actor/lib/hoc/test/auto/MobileFunctionTest.xml
----------------- Instantiating /home/travis/build/icyphy/ptII/ptolemy/actor/lib/hoc/test/auto/MobileFunctionTest.xml
5 ms. Memory: 331264K Free: 235596K (71%)
----------------- Invoking toplevel() on ptolemy.moml.MoMLSimpleApplication@1db308a9
----------------- Done invoking toplevel() on ptolemy.moml.MoMLSimpleApplication@1db308a9
reloadAllAccessors: .MobileFunctionTest

===========================================================================================
----------------- testing Sat Mar 02 03:35:11 UTC 2019 /home/travis/build/icyphy/ptII/ptolemy/actor/lib/hoc/test/auto/MobileModelTest.xml
----------------- Instantiating /home/travis/build/icyphy/ptII/ptolemy/actor/lib/hoc/test/auto/MobileModelTest.xml
94 ms. Memory: 331264K Free: 213577K (64%)
----------------- Invoking toplevel() on ptolemy.moml.MoMLSimpleApplication@7f49875a
----------------- Done invoking toplevel() on ptolemy.moml.MoMLSimpleApplication@7f49875a
reloadAllAccessors: .MobileModelTest

===========================================================================================
----------------- testing Sat Mar 02 03:35:11 UTC 2019 /home/travis/build/icyphy/ptII/ptolemy/actor/lib/hoc/test/auto/ModelReference.xml
----------------- Instantiating /home/travis/build/icyphy/ptII/ptolemy/actor/lib/hoc/test/auto/ModelReference.xml
2 ms. Memory: 331264K Free: 205387K (62%)
1 ms. Memory: 331264K Free: 205387K (62%)
2 ms. Memory: 331264K Free: 203756K (62%)
2 ms. Memory: 331264K Free: 203756K (62%)
1 ms. Memory: 331264K Free: 202124K (61%)
1 ms. Memory: 331264K Free: 202124K (61%)
2 ms. Memory: 331264K Free: 200493K (61%)
3 ms. Memory: 331264K Free: 200493K (61%)
2 ms. Memory: 331264K Free: 198861K (60%)
5 ms. Memory: 331264K Free: 198861K (60%)
31 ms. Memory: 331264K Free: 198861K (60%)
----------------- Invoking toplevel() on ptolemy.moml.MoMLSimpleApplication@2bac50d8
----------------- Done invoking toplevel() on ptolemy.moml.MoMLSimpleApplication@2bac50d8
reloadAllAccessors: .ModelReference

===========================================================================================
----------------- testing Sat Mar 02 03:35:11 UTC 2019 /home/travis/build/icyphy/ptII/ptolemy/actor/lib/hoc/test/auto/ModelReference3.xml
----------------- Instantiating /home/travis/build/icyphy/ptII/ptolemy/actor/lib/hoc/test/auto/ModelReference3.xml
2 ms. Memory: 331264K Free: 193966K (59%)
6 ms. Memory: 331264K Free: 192335K (58%)
2 ms. Memory: 331264K Free: 192335K (58%)
4 ms. Memory: 331264K Free: 190703K (58%)
2 ms. Memory: 331264K Free: 190703K (58%)
2 ms. Memory: 331264K Free: 189072K (57%)
3 ms. Memory: 331264K Free: 189072K (57%)
2 ms. Memory: 331264K Free: 187440K (57%)
3 ms. Memory: 331264K Free: 187440K (57%)
2 ms. Memory: 331264K Free: 185808K (56%)
33 ms. Memory: 331264K Free: 185808K (56%)
----------------- Invoking toplevel() on ptolemy.moml.MoMLSimpleApplication@37f1b6b8
----------------- Done invoking toplevel() on ptolemy.moml.MoMLSimpleApplication@37f1b6b8
reloadAllAccessors: .ModelReference3

===========================================================================================
----------------- testing Sat Mar 02 03:35:11 UTC 2019 /home/travis/build/icyphy/ptII/ptolemy/actor/lib/hoc/test/auto/ModelReference4.xml
----------------- Instantiating /home/travis/build/icyphy/ptII/ptolemy/actor/lib/hoc/test/auto/ModelReference4.xml
4 ms. Memory: 331264K Free: 178506K (54%)
7 ms. Memory: 331264K Free: 176875K (53%)
2 ms. Memory: 331264K Free: 175243K (53%)
10 ms. Memory: 331264K Free: 173611K (52%)
5 ms. Memory: 331264K Free: 170348K (51%)
11 ms. Memory: 331264K Free: 168717K (51%)
2 ms. Memory: 331264K Free: 167085K (50%)
6 ms. Memory: 331264K Free: 165454K (50%)
2 ms. Memory: 331264K Free: 163822K (49%)
5 ms. Memory: 331264K Free: 162190K (49%)
10017 ms. Memory: 331264K Free: 162190K (49%)
----------------- Invoking toplevel() on ptolemy.moml.MoMLSimpleApplication@4e66e82a
----------------- Done invoking toplevel() on ptolemy.moml.MoMLSimpleApplication@4e66e82a
reloadAllAccessors: .ModelReference4

===========================================================================================
----------------- testing Sat Mar 02 03:35:21 UTC 2019 /home/travis/build/icyphy/ptII/ptolemy/actor/lib/hoc/test/auto/MultiInstanceComposite.xml
----------------- Instantiating /home/travis/build/icyphy/ptII/ptolemy/actor/lib/hoc/test/auto/MultiInstanceComposite.xml
24 ms. Memory: 331264K Free: 144187K (44%)
----------------- Invoking toplevel() on ptolemy.moml.MoMLSimpleApplication@6b7fe92a
----------------- Done invoking toplevel() on ptolemy.moml.MoMLSimpleApplication@6b7fe92a
reloadAllAccessors: .MultiInstanceComposite

===========================================================================================
----------------- testing Sat Mar 02 03:35:22 UTC 2019 /home/travis/build/icyphy/ptII/ptolemy/actor/lib/hoc/test/auto/MultiInstanceComposite2.xml
----------------- Instantiating /home/travis/build/icyphy/ptII/ptolemy/actor/lib/hoc/test/auto/MultiInstanceComposite2.xml
13 ms. Memory: 331264K Free: 130294K (39%)
----------------- Invoking toplevel() on ptolemy.moml.MoMLSimpleApplication@6d660eb4
----------------- Done invoking toplevel() on ptolemy.moml.MoMLSimpleApplication@6d660eb4
reloadAllAccessors: .MultiInstanceComposite2

===========================================================================================
----------------- testing Sat Mar 02 03:35:22 UTC 2019 /home/travis/build/icyphy/ptII/ptolemy/actor/lib/hoc/test/auto/MulticoreExecution.xml
----------------- Instantiating /home/travis/build/icyphy/ptII/ptolemy/actor/lib/hoc/test/auto/MulticoreExecution.xml
Fired ExecutionTime: 4400000
Fired ExecutionTime: 2000000
Fired ExecutionTime: 2800000
Fired ExecutionTime: 3200000
Fired ExecutionTime: 4400000
Fired ExecutionTime: 2400000
Fired ExecutionTime: 3200000
Fired ExecutionTime: 3200000
Fired ExecutionTime: 3200000
Fired ExecutionTime: 3200000
Fired ExecutionTime: 2000000
Fired ExecutionTime: 4400000
Fired ExecutionTime: 2800000
Fired ExecutionTime: 3200000
Fired ExecutionTime: 3200000
Fired ExecutionTime: 2800000
Fired ExecutionTime: 2800000
Fired ExecutionTime: 3200000
Fired ExecutionTime: 4000000
Fired ExecutionTime: 2000000
1159 ms. Memory: 331264K Free: 117193K (35%)
----------------- Invoking toplevel() on ptolemy.moml.MoMLSimpleApplication@7a5f43
----------------- Done invoking toplevel() on ptolemy.moml.MoMLSimpleApplication@7a5f43
reloadAllAccessors: .MulticoreExecution

===========================================================================================
----------------- testing Sat Mar 02 03:35:23 UTC 2019 /home/travis/build/icyphy/ptII/ptolemy/actor/lib/hoc/test/auto/ParallelExecution.xml
----------------- Instantiating /home/travis/build/icyphy/ptII/ptolemy/actor/lib/hoc/test/auto/ParallelExecution.xml
925 ms. Memory: 331264K Free: 104949K (32%)
----------------- Invoking toplevel() on ptolemy.moml.MoMLSimpleApplication@6ccc6435
----------------- Done invoking toplevel() on ptolemy.moml.MoMLSimpleApplication@6ccc6435
reloadAllAccessors: .ParallelExecution

===========================================================================================
----------------- testing Sat Mar 02 03:35:24 UTC 2019 /home/travis/build/icyphy/ptII/ptolemy/actor/lib/hoc/test/auto/RunCompositeActor.xml
----------------- Instantiating /home/travis/build/icyphy/ptII/ptolemy/actor/lib/hoc/test/auto/RunCompositeActor.xml
16 ms. Memory: 331264K Free: 96774K (29%)
----------------- Invoking toplevel() on ptolemy.moml.MoMLSimpleApplication@31bbb3ae
----------------- Done invoking toplevel() on ptolemy.moml.MoMLSimpleApplication@31bbb3ae
reloadAllAccessors: .RunCompositeActor

===========================================================================================
----------------- testing Sat Mar 02 03:35:24 UTC 2019 /home/travis/build/icyphy/ptII/ptolemy/actor/lib/hoc/test/auto/RunCompositeActor2.xml
----------------- Instantiating /home/travis/build/icyphy/ptII/ptolemy/actor/lib/hoc/test/auto/RunCompositeActor2.xml
6 ms. Memory: 331264K Free: 90240K (27%)
----------------- Invoking toplevel() on ptolemy.moml.MoMLSimpleApplication@55d37b87
----------------- Done invoking toplevel() on ptolemy.moml.MoMLSimpleApplication@55d37b87
reloadAllAccessors: .RunCompositeActor2

===========================================================================================
----------------- testing Sat Mar 02 03:35:24 UTC 2019 /home/travis/build/icyphy/ptII/ptolemy/actor/lib/hoc/test/auto/RunCompositeActor3.xml
----------------- Instantiating /home/travis/build/icyphy/ptII/ptolemy/actor/lib/hoc/test/auto/RunCompositeActor3.xml
4 ms. Memory: 331264K Free: 82921K (25%)
----------------- Invoking toplevel() on ptolemy.moml.MoMLSimpleApplication@66c4c7f2
----------------- Done invoking toplevel() on ptolemy.moml.MoMLSimpleApplication@66c4c7f2
reloadAllAccessors: .RunCompositeActor3

===========================================================================================
----------------- testing Sat Mar 02 03:35:24 UTC 2019 /home/travis/build/icyphy/ptII/ptolemy/actor/lib/hoc/test/auto/RunCompositeActor4.xml
----------------- Instantiating /home/travis/build/icyphy/ptII/ptolemy/actor/lib/hoc/test/auto/RunCompositeActor4.xml
11 ms. Memory: 332288K Free: 320013K (96%)
----------------- Invoking toplevel() on ptolemy.moml.MoMLSimpleApplication@17fe030f
----------------- Done invoking toplevel() on ptolemy.moml.MoMLSimpleApplication@17fe030f
reloadAllAccessors: .RunCompositeActor4

===========================================================================================
----------------- testing Sat Mar 02 03:35:24 UTC 2019 /home/travis/build/icyphy/ptII/ptolemy/actor/lib/hoc/test/auto/RunCompositeIterateOverArray.xml
----------------- Instantiating /home/travis/build/icyphy/ptII/ptolemy/actor/lib/hoc/test/auto/RunCompositeIterateOverArray.xml
8 ms. Memory: 332288K Free: 312721K (94%)
----------------- Invoking toplevel() on ptolemy.moml.MoMLSimpleApplication@58be8963
----------------- Done invoking toplevel() on ptolemy.moml.MoMLSimpleApplication@58be8963
reloadAllAccessors: .RunCompositeIterateOverArray

===========================================================================================
----------------- testing Sat Mar 02 03:35:24 UTC 2019 /home/travis/build/icyphy/ptII/ptolemy/actor/lib/hoc/test/auto/ThreadedJS.xml
----------------- Instantiating /home/travis/build/icyphy/ptII/ptolemy/actor/lib/hoc/test/auto/ThreadedJS.xml
1962 ms. Memory: 541696K Free: 163323K (30%)
----------------- Invoking toplevel() on ptolemy.moml.MoMLSimpleApplication@1308f9f1
----------------- Done invoking toplevel() on ptolemy.moml.MoMLSimpleApplication@1308f9f1
reloadAllAccessors: .ThreadedJS
AutoTests.java: About to close Vertx.
AutoTests.java: Vertx closed.
]]></system-out>
  <system-err><![CDATA[java.lang.RuntimeException: Execution failed
	at ptolemy.moml.MoMLSimpleApplication$UnloadThread.run(MoMLSimpleApplication.java:402)
Caused by: ptolemy.kernel.util.IllegalActionException: initialize() was called after wrapup() was called but preinitialize() was not called after wrapup().
	at ptolemy.actor.lib.hoc.test.PreinitializeMustBeInvoked.initialize(PreinitializeMustBeInvoked.java:78)
	at ptolemy.actor.Director.initialize(Director.java:938)
	at ptolemy.actor.Director.initialize(Director.java:907)
	at ptolemy.actor.sched.StaticSchedulingDirector.initialize(StaticSchedulingDirector.java:159)
	at ptolemy.domains.sdf.kernel.SDFDirector.initialize(SDFDirector.java:544)
	at ptolemy.actor.CompositeActor.initialize(CompositeActor.java:935)
	at ptolemy.actor.lib.hoc.LifeCycleManager._executeInsideModel(LifeCycleManager.java:339)
	at ptolemy.actor.lib.hoc.RunCompositeActor.fire(RunCompositeActor.java:205)
	at ptolemy.actor.CompositeActor.iterate(CompositeActor.java:1146)
	at ptolemy.actor.sched.StaticSchedulingDirector.fire(StaticSchedulingDirector.java:216)
	at ptolemy.domains.sdf.kernel.SDFDirector.fire(SDFDirector.java:500)
	at ptolemy.actor.CompositeActor.fire(CompositeActor.java:455)
	at ptolemy.actor.Manager.iterate(Manager.java:851)
	at ptolemy.actor.Manager.execute(Manager.java:369)
	at ptolemy.actor.Manager.run(Manager.java:1263)
	at ptolemy.actor.Manager$PtolemyRunThread.run(Manager.java:1915)
java.lang.reflect.InvocationTargetException
	at sun.reflect.NativeConstructorAccessorImpl.newInstance0(Native Method)
	at sun.reflect.NativeConstructorAccessorImpl.newInstance(NativeConstructorAccessorImpl.java:62)
	at sun.reflect.DelegatingConstructorAccessorImpl.newInstance(DelegatingConstructorAccessorImpl.java:45)
	at java.lang.reflect.Constructor.newInstance(Constructor.java:423)
	at ptolemy.util.test.junit.AutoKnownFailedTests.RunModel(AutoKnownFailedTests.java:105)
	at sun.reflect.NativeMethodAccessorImpl.invoke0(Native Method)
	at sun.reflect.NativeMethodAccessorImpl.invoke(NativeMethodAccessorImpl.java:62)
	at sun.reflect.DelegatingMethodAccessorImpl.invoke(DelegatingMethodAccessorImpl.java:43)
	at java.lang.reflect.Method.invoke(Method.java:498)
	at org.junit.runners.model.FrameworkMethod$1.runReflectiveCall(FrameworkMethod.java:44)
	at org.junit.internal.runners.model.ReflectiveCallable.run(ReflectiveCallable.java:15)
	at org.junit.runners.model.FrameworkMethod.invokeExplosively(FrameworkMethod.java:41)
	at junitparams.internal.InvokeParameterisedMethod.evaluate(InvokeParameterisedMethod.java:102)
	at org.junit.internal.runners.statements.FailOnTimeout$1.run(FailOnTimeout.java:28)
Caused by: ptolemy.kernel.util.IllegalActionException: initialize() was called after wrapup() was called but preinitialize() was not called after wrapup().
	at ptolemy.actor.lib.hoc.test.PreinitializeMustBeInvoked.initialize(PreinitializeMustBeInvoked.java:78)
	at ptolemy.actor.Director.initialize(Director.java:938)
	at ptolemy.actor.Director.initialize(Director.java:907)
	at ptolemy.actor.sched.StaticSchedulingDirector.initialize(StaticSchedulingDirector.java:159)
	at ptolemy.domains.sdf.kernel.SDFDirector.initialize(SDFDirector.java:544)
	at ptolemy.actor.CompositeActor.initialize(CompositeActor.java:935)
	at ptolemy.actor.lib.hoc.LifeCycleManager._executeInsideModel(LifeCycleManager.java:339)
	at ptolemy.actor.lib.hoc.RunCompositeActor.fire(RunCompositeActor.java:205)
	at ptolemy.actor.CompositeActor.iterate(CompositeActor.java:1146)
	at ptolemy.actor.sched.StaticSchedulingDirector.fire(StaticSchedulingDirector.java:216)
	at ptolemy.domains.sdf.kernel.SDFDirector.fire(SDFDirector.java:500)
	at ptolemy.actor.CompositeActor.fire(CompositeActor.java:455)
	at ptolemy.actor.Manager.iterate(Manager.java:851)
	at ptolemy.actor.Manager.execute(Manager.java:369)
	at ptolemy.actor.Manager.run(Manager.java:1263)
	at ptolemy.actor.Manager$PtolemyRunThread.run(Manager.java:1915)
]]></system-err>
</testsuite>
