<?xml version="1.0" encoding="UTF-8" ?>
<testsuite errors="0" failures="0" hostname="travis-job-5c6a1b96-af63-4297-afaa-4622dfb02026" name="ptolemy.domains.de.test.junit.JUnitTclTest" skipped="0" tests="101" time="128.123" timestamp="2019-06-06T04:31:43">
  <properties>
[...]
</properties>
  <testcase classname="ptolemy.util.test.junit.TclTests" name="[0] /home/travis/build/icyphy/ptII/ptolemy/domains/de/test/DependencyLoop.tcl (RunTclFile)" time="0.7" />
  <testcase classname="ptolemy.util.test.junit.TclTests" name="[1] /home/travis/build/icyphy/ptII/ptolemy/domains/de/test/RunDETestsAsQSS.tcl (RunTclFile)" time="87.579" />
  <testcase classname="ptolemy.util.test.junit.AutoKnownFailedTests" name="[0] /home/travis/build/icyphy/ptII/ptolemy/domains/de/test/auto/knownFailedTests/DESDFClockTest.xml (RunModel)" time="2.036" />
  <testcase classname="ptolemy.util.test.junit.AutoKnownFailedTests" name="[1] /home/travis/build/icyphy/ptII/ptolemy/domains/de/test/auto/knownFailedTests/DirectFeedback.xml (RunModel)" time="0.009" />
  <testcase classname="ptolemy.util.test.junit.AutoKnownFailedTests" name="[2] /home/travis/build/icyphy/ptII/ptolemy/domains/de/test/auto/knownFailedTests/FSMSource.xml (RunModel)" time="0.02" />
  <testcase classname="ptolemy.util.test.junit.AutoKnownFailedTests" name="[3] /home/travis/build/icyphy/ptII/ptolemy/domains/de/test/auto/knownFailedTests/HierarchicalModel.xml (RunModel)" time="0.058" />
  <testcase classname="ptolemy.util.test.junit.AutoKnownFailedTests" name="[4] /home/travis/build/icyphy/ptII/ptolemy/domains/de/test/auto/knownFailedTests/dependencyLoop.xml (RunModel)" time="0.046" />
  <testcase classname="ptolemy.util.test.junit.AutoKnownFailedTests" name="[5] /home/travis/build/icyphy/ptII/ptolemy/domains/de/test/auto/knownFailedTests/dependencyLoop2.xml (RunModel)" time="0.049" />
  <testcase classname="ptolemy.util.test.junit.AutoNameArchTests" name="[0] ThereAreNoAutoArchTests (RunModel)" time="0.002" />
  <testcase classname="ptolemy.util.test.junit.AutoTests" name="[0] /home/travis/build/icyphy/ptII/ptolemy/domains/de/test/auto/ActorDepthCalculation_actorWithoutPorts.xml (RunModel)" time="0.017" />
  <testcase classname="ptolemy.util.test.junit.AutoTests" name="[1] /home/travis/build/icyphy/ptII/ptolemy/domains/de/test/auto/AssemblyLine.xml (RunModel)" time="0.03" />
  <testcase classname="ptolemy.util.test.junit.AutoTests" name="[2] /home/travis/build/icyphy/ptII/ptolemy/domains/de/test/auto/CQBug1.xml (RunModel)" time="0.017" />
  <testcase classname="ptolemy.util.test.junit.AutoTests" name="[3] /home/travis/build/icyphy/ptII/ptolemy/domains/de/test/auto/CancelFireAt.xml (RunModel)" time="0.01" />
  <testcase classname="ptolemy.util.test.junit.AutoTests" name="[4] /home/travis/build/icyphy/ptII/ptolemy/domains/de/test/auto/CausalityAndComposabilityAnalysis.xml (RunModel)" time="0.012" />
  <testcase classname="ptolemy.util.test.junit.AutoTests" name="[5] /home/travis/build/icyphy/ptII/ptolemy/domains/de/test/auto/CausalityInterface1.xml (RunModel)" time="0.014" />
  <testcase classname="ptolemy.util.test.junit.AutoTests" name="[6] /home/travis/build/icyphy/ptII/ptolemy/domains/de/test/auto/CausalityInterface15.xml (RunModel)" time="0.014" />
  <testcase classname="ptolemy.util.test.junit.AutoTests" name="[7] /home/travis/build/icyphy/ptII/ptolemy/domains/de/test/auto/CausalityInterface2.xml (RunModel)" time="0.012" />
  <testcase classname="ptolemy.util.test.junit.AutoTests" name="[8] /home/travis/build/icyphy/ptII/ptolemy/domains/de/test/auto/CausalityInterface3.xml (RunModel)" time="0.012" />
  <testcase classname="ptolemy.util.test.junit.AutoTests" name="[9] /home/travis/build/icyphy/ptII/ptolemy/domains/de/test/auto/ClockDrift.xml (RunModel)" time="0.043" />
  <testcase classname="ptolemy.util.test.junit.AutoTests" name="[10] /home/travis/build/icyphy/ptII/ptolemy/domains/de/test/auto/ClockDriftAndValueChange.xml (RunModel)" time="0.048" />
  <testcase classname="ptolemy.util.test.junit.AutoTests" name="[11] /home/travis/build/icyphy/ptII/ptolemy/domains/de/test/auto/ClockDriftChange.xml (RunModel)" time="0.038" />
  <testcase classname="ptolemy.util.test.junit.AutoTests" name="[12] /home/travis/build/icyphy/ptII/ptolemy/domains/de/test/auto/ComposableCausalityAnalysis.xml (RunModel)" time="0.014" />
  <testcase classname="ptolemy.util.test.junit.AutoTests" name="[13] /home/travis/build/icyphy/ptII/ptolemy/domains/de/test/auto/DEFixedPointLimitation.xml (RunModel)" time="0.012" />
  <testcase classname="ptolemy.util.test.junit.AutoTests" name="[14] /home/travis/build/icyphy/ptII/ptolemy/domains/de/test/auto/DEScheduleTest.xml (RunModel)" time="0.012" />
  <testcase classname="ptolemy.util.test.junit.AutoTests" name="[15] /home/travis/build/icyphy/ptII/ptolemy/domains/de/test/auto/DEinDEwithStartTimes.xml (RunModel)" time="0.028" />
  <testcase classname="ptolemy.util.test.junit.AutoTests" name="[16] /home/travis/build/icyphy/ptII/ptolemy/domains/de/test/auto/DEinDEwithStartTimes2.xml (RunModel)" time="0.014" />
  <testcase classname="ptolemy.util.test.junit.AutoTests" name="[17] /home/travis/build/icyphy/ptII/ptolemy/domains/de/test/auto/DateDemo.xml (RunModel)" time="0.028" />
  <testcase classname="ptolemy.util.test.junit.AutoTests" name="[18] /home/travis/build/icyphy/ptII/ptolemy/domains/de/test/auto/DateToEvent.xml (RunModel)" time="2.041" />
  <testcase classname="ptolemy.util.test.junit.AutoTests" name="[19] /home/travis/build/icyphy/ptII/ptolemy/domains/de/test/auto/DepthTest1.xml (RunModel)" time="0.007" />
  <testcase classname="ptolemy.util.test.junit.AutoTests" name="[20] /home/travis/build/icyphy/ptII/ptolemy/domains/de/test/auto/DepthTest2.xml (RunModel)" time="0.016" />
  <testcase classname="ptolemy.util.test.junit.AutoTests" name="[21] /home/travis/build/icyphy/ptII/ptolemy/domains/de/test/auto/DepthTest3.xml (RunModel)" time="0.008" />
  <testcase classname="ptolemy.util.test.junit.AutoTests" name="[22] /home/travis/build/icyphy/ptII/ptolemy/domains/de/test/auto/DepthTest4.xml (RunModel)" time="0.012" />
  <testcase classname="ptolemy.util.test.junit.AutoTests" name="[23] /home/travis/build/icyphy/ptII/ptolemy/domains/de/test/auto/DepthTest5.xml (RunModel)" time="0.014" />
  <testcase classname="ptolemy.util.test.junit.AutoTests" name="[24] /home/travis/build/icyphy/ptII/ptolemy/domains/de/test/auto/DepthTest6.xml (RunModel)" time="0.014" />
  <testcase classname="ptolemy.util.test.junit.AutoTests" name="[25] /home/travis/build/icyphy/ptII/ptolemy/domains/de/test/auto/DepthTest7.xml (RunModel)" time="0.013" />
  <testcase classname="ptolemy.util.test.junit.AutoTests" name="[26] /home/travis/build/icyphy/ptII/ptolemy/domains/de/test/auto/EventToDate.xml (RunModel)" time="3.034" />
  <testcase classname="ptolemy.util.test.junit.AutoTests" name="[27] /home/travis/build/icyphy/ptII/ptolemy/domains/de/test/auto/FSM1.xml (RunModel)" time="0.036" />
  <testcase classname="ptolemy.util.test.junit.AutoTests" name="[28] /home/travis/build/icyphy/ptII/ptolemy/domains/de/test/auto/FSM7.xml (RunModel)" time="0.043" />
  <testcase classname="ptolemy.util.test.junit.AutoTests" name="[29] /home/travis/build/icyphy/ptII/ptolemy/domains/de/test/auto/Inspection.xml (RunModel)" time="0.029" />
  <testcase classname="ptolemy.util.test.junit.AutoTests" name="[30] /home/travis/build/icyphy/ptII/ptolemy/domains/de/test/auto/Iteration.xml (RunModel)" time="0.019" />
  <testcase classname="ptolemy.util.test.junit.AutoTests" name="[31] /home/travis/build/icyphy/ptII/ptolemy/domains/de/test/auto/LineFault.xml (RunModel)" time="0.488" />
  <testcase classname="ptolemy.util.test.junit.AutoTests" name="[32] /home/travis/build/icyphy/ptII/ptolemy/domains/de/test/auto/MergeModel1Add.xml (RunModel)" time="0.038" />
  <testcase classname="ptolemy.util.test.junit.AutoTests" name="[33] /home/travis/build/icyphy/ptII/ptolemy/domains/de/test/auto/MergeModel2Add.xml (RunModel)" time="0.038" />
  <testcase classname="ptolemy.util.test.junit.AutoTests" name="[34] /home/travis/build/icyphy/ptII/ptolemy/domains/de/test/auto/MergeModel3Add.xml (RunModel)" time="0.041" />
  <testcase classname="ptolemy.util.test.junit.AutoTests" name="[35] /home/travis/build/icyphy/ptII/ptolemy/domains/de/test/auto/MergeWithoutDiscard.xml (RunModel)" time="0.01" />
  <testcase classname="ptolemy.util.test.junit.AutoTests" name="[36] /home/travis/build/icyphy/ptII/ptolemy/domains/de/test/auto/Modal1.xml (RunModel)" time="0.034" />
  <testcase classname="ptolemy.util.test.junit.AutoTests" name="[37] /home/travis/build/icyphy/ptII/ptolemy/domains/de/test/auto/Modal2.xml (RunModel)" time="0.031" />
  <testcase classname="ptolemy.util.test.junit.AutoTests" name="[38] /home/travis/build/icyphy/ptII/ptolemy/domains/de/test/auto/Modal3.xml (RunModel)" time="0.029" />
  <testcase classname="ptolemy.util.test.junit.AutoTests" name="[39] /home/travis/build/icyphy/ptII/ptolemy/domains/de/test/auto/Modal4.xml (RunModel)" time="0.037" />
  <testcase classname="ptolemy.util.test.junit.AutoTests" name="[40] /home/travis/build/icyphy/ptII/ptolemy/domains/de/test/auto/Modal5.xml (RunModel)" time="0.029" />
  <testcase classname="ptolemy.util.test.junit.AutoTests" name="[41] /home/travis/build/icyphy/ptII/ptolemy/domains/de/test/auto/Modal6.xml (RunModel)" time="0.028" />
  <testcase classname="ptolemy.util.test.junit.AutoTests" name="[42] /home/travis/build/icyphy/ptII/ptolemy/domains/de/test/auto/Modal7.xml (RunModel)" time="0.028" />
  <testcase classname="ptolemy.util.test.junit.AutoTests" name="[43] /home/travis/build/icyphy/ptII/ptolemy/domains/de/test/auto/ModalModel.xml (RunModel)" time="0.143" />
  <testcase classname="ptolemy.util.test.junit.AutoTests" name="[44] /home/travis/build/icyphy/ptII/ptolemy/domains/de/test/auto/ModalSource.xml (RunModel)" time="0.019" />
  <testcase classname="ptolemy.util.test.junit.AutoTests" name="[45] /home/travis/build/icyphy/ptII/ptolemy/domains/de/test/auto/NonInterruptibleTimerZeroDelay.xml (RunModel)" time="0.009" />
  <testcase classname="ptolemy.util.test.junit.AutoTests" name="[46] /home/travis/build/icyphy/ptII/ptolemy/domains/de/test/auto/OpenQueueingNetwork.xml (RunModel)" time="2.329" />
  <testcase classname="ptolemy.util.test.junit.AutoTests" name="[47] /home/travis/build/icyphy/ptII/ptolemy/domains/de/test/auto/OpenQueuingNetwork.xml (RunModel)" time="0.261" />
  <testcase classname="ptolemy.util.test.junit.AutoTests" name="[48] /home/travis/build/icyphy/ptII/ptolemy/domains/de/test/auto/PeriodicSampler.xml (RunModel)" time="0.01" />
  <testcase classname="ptolemy.util.test.junit.AutoTests" name="[49] /home/travis/build/icyphy/ptII/ptolemy/domains/de/test/auto/PersistentIO.xml (RunModel)" time="0.017" />
  <testcase classname="ptolemy.util.test.junit.AutoTests" name="[50] /home/travis/build/icyphy/ptII/ptolemy/domains/de/test/auto/PortParameterResetOnInitialize.xml (RunModel)" time="0.01" />
  <testcase classname="ptolemy.util.test.junit.AutoTests" name="[51] /home/travis/build/icyphy/ptII/ptolemy/domains/de/test/auto/PortParameterUpdates.xml (RunModel)" time="0.025" />
  <testcase classname="ptolemy.util.test.junit.AutoTests" name="[52] /home/travis/build/icyphy/ptII/ptolemy/domains/de/test/auto/QueueAndServer.xml (RunModel)" time="0.028" />
  <testcase classname="ptolemy.util.test.junit.AutoTests" name="[53] /home/travis/build/icyphy/ptII/ptolemy/domains/de/test/auto/Records.xml (RunModel)" time="0.013" />
  <testcase classname="ptolemy.util.test.junit.AutoTests" name="[54] /home/travis/build/icyphy/ptII/ptolemy/domains/de/test/auto/ResetTransitionWithStartTime1.xml (RunModel)" time="0.025" />
  <testcase classname="ptolemy.util.test.junit.AutoTests" name="[55] /home/travis/build/icyphy/ptII/ptolemy/domains/de/test/auto/ResetTransitionWithStartTime2.xml (RunModel)" time="0.016" />
  <testcase classname="ptolemy.util.test.junit.AutoTests" name="[56] /home/travis/build/icyphy/ptII/ptolemy/domains/de/test/auto/ResetTransitionWithStartTime3.xml (RunModel)" time="0.019" />
  <testcase classname="ptolemy.util.test.junit.AutoTests" name="[57] /home/travis/build/icyphy/ptII/ptolemy/domains/de/test/auto/ResetTransitionWithStartTime4.xml (RunModel)" time="0.018" />
  <testcase classname="ptolemy.util.test.junit.AutoTests" name="[58] /home/travis/build/icyphy/ptII/ptolemy/domains/de/test/auto/ResettableTimer1.xml (RunModel)" time="0.009" />
  <testcase classname="ptolemy.util.test.junit.AutoTests" name="[59] /home/travis/build/icyphy/ptII/ptolemy/domains/de/test/auto/ResettableTimer2.xml (RunModel)" time="0.009" />
  <testcase classname="ptolemy.util.test.junit.AutoTests" name="[60] /home/travis/build/icyphy/ptII/ptolemy/domains/de/test/auto/ResettableTimer3.xml (RunModel)" time="0.008" />
  <testcase classname="ptolemy.util.test.junit.AutoTests" name="[61] /home/travis/build/icyphy/ptII/ptolemy/domains/de/test/auto/ResettableTimer4.xml (RunModel)" time="0.01" />
  <testcase classname="ptolemy.util.test.junit.AutoTests" name="[62] /home/travis/build/icyphy/ptII/ptolemy/domains/de/test/auto/ResettableTimer5.xml (RunModel)" time="0.01" />
  <testcase classname="ptolemy.util.test.junit.AutoTests" name="[63] /home/travis/build/icyphy/ptII/ptolemy/domains/de/test/auto/ResettableTimer6.xml (RunModel)" time="0.018" />
  <testcase classname="ptolemy.util.test.junit.AutoTests" name="[64] /home/travis/build/icyphy/ptII/ptolemy/domains/de/test/auto/ServerZeroDelay.xml (RunModel)" time="0.013" />
  <testcase classname="ptolemy.util.test.junit.AutoTests" name="[65] /home/travis/build/icyphy/ptII/ptolemy/domains/de/test/auto/SmartSender.xml (RunModel)" time="3.009" />
  <testcase classname="ptolemy.util.test.junit.AutoTests" name="[66] /home/travis/build/icyphy/ptII/ptolemy/domains/de/test/auto/ThreadedComposite.xml (RunModel)" time="0.172" />
  <testcase classname="ptolemy.util.test.junit.AutoTests" name="[67] /home/travis/build/icyphy/ptII/ptolemy/domains/de/test/auto/Time.xml (RunModel)" time="0.452" />
  <testcase classname="ptolemy.util.test.junit.AutoTests" name="[68] /home/travis/build/icyphy/ptII/ptolemy/domains/de/test/auto/TimeDelayZeroDelay.xml (RunModel)" time="0.013" />
  <testcase classname="ptolemy.util.test.junit.AutoTests" name="[69] /home/travis/build/icyphy/ptII/ptolemy/domains/de/test/auto/TimerZeroDelay.xml (RunModel)" time="0.014" />
  <testcase classname="ptolemy.util.test.junit.AutoTests" name="[70] /home/travis/build/icyphy/ptII/ptolemy/domains/de/test/auto/TimingParadox.xml (RunModel)" time="0.326" />
  <testcase classname="ptolemy.util.test.junit.AutoTests" name="[71] /home/travis/build/icyphy/ptII/ptolemy/domains/de/test/auto/TransferInputs.xml (RunModel)" time="0.013" />
  <testcase classname="ptolemy.util.test.junit.AutoTests" name="[72] /home/travis/build/icyphy/ptII/ptolemy/domains/de/test/auto/TransferOutputs2.xml (RunModel)" time="0.015" />
  <testcase classname="ptolemy.util.test.junit.AutoTests" name="[73] /home/travis/build/icyphy/ptII/ptolemy/domains/de/test/auto/Trilateration.xml (RunModel)" time="11.389" />
  <testcase classname="ptolemy.util.test.junit.AutoTests" name="[74] /home/travis/build/icyphy/ptII/ptolemy/domains/de/test/auto/TwoSigmaDelta.xml (RunModel)" time="2.18" />
  <testcase classname="ptolemy.util.test.junit.AutoTests" name="[75] /home/travis/build/icyphy/ptII/ptolemy/domains/de/test/auto/VariableDelay.xml (RunModel)" time="0.015" />
  <testcase classname="ptolemy.util.test.junit.AutoTests" name="[76] /home/travis/build/icyphy/ptII/ptolemy/domains/de/test/auto/VariableDelay2.xml (RunModel)" time="0.012" />
  <testcase classname="ptolemy.util.test.junit.AutoTests" name="[77] /home/travis/build/icyphy/ptII/ptolemy/domains/de/test/auto/VariableDelayZeroDelay.xml (RunModel)" time="0.014" />
  <testcase classname="ptolemy.util.test.junit.AutoTests" name="[78] /home/travis/build/icyphy/ptII/ptolemy/domains/de/test/auto/VariableDelayZeroDelay2.xml (RunModel)" time="0.02" />
  <testcase classname="ptolemy.util.test.junit.AutoTests" name="[79] /home/travis/build/icyphy/ptII/ptolemy/domains/de/test/auto/deInCt.xml (RunModel)" time="0.016" />
  <testcase classname="ptolemy.util.test.junit.AutoTests" name="[80] /home/travis/build/icyphy/ptII/ptolemy/domains/de/test/auto/deInCt2.xml (RunModel)" time="0.012" />
  <testcase classname="ptolemy.util.test.junit.AutoTests" name="[81] /home/travis/build/icyphy/ptII/ptolemy/domains/de/test/auto/dynamicCausalityInterface1.xml (RunModel)" time="0.022" />
  <testcase classname="ptolemy.util.test.junit.AutoTests" name="[82] /home/travis/build/icyphy/ptII/ptolemy/domains/de/test/auto/fsm_de_test.xml (RunModel)" time="0.025" />
  <testcase classname="ptolemy.util.test.junit.AutoTests" name="[83] /home/travis/build/icyphy/ptII/ptolemy/domains/de/test/auto/functionDependencyReconstruction.xml (RunModel)" time="0.032" />
  <testcase classname="ptolemy.util.test.junit.AutoTests" name="[84] /home/travis/build/icyphy/ptII/ptolemy/domains/de/test/auto/multirate.xml (RunModel)" time="0.014" />
  <testcase classname="ptolemy.util.test.junit.AutoTests" name="[85] /home/travis/build/icyphy/ptII/ptolemy/domains/de/test/auto/multirate2.xml (RunModel)" time="0.014" />
  <testcase classname="ptolemy.util.test.junit.AutoTests" name="[86] /home/travis/build/icyphy/ptII/ptolemy/domains/de/test/auto/realtime.xml (RunModel)" time="10.011" />
  <testcase classname="ptolemy.util.test.junit.AutoTests" name="[87] /home/travis/build/icyphy/ptII/ptolemy/domains/de/test/auto/relationGroup.xml (RunModel)" time="0.017" />
  <testcase classname="ptolemy.util.test.junit.AutoTests" name="[88] /home/travis/build/icyphy/ptII/ptolemy/domains/de/test/auto/relationGroup2.xml (RunModel)" time="0.008" />
  <testcase classname="ptolemy.util.test.junit.AutoTests" name="[89] /home/travis/build/icyphy/ptII/ptolemy/domains/de/test/auto/sortWithOpaquePorts.xml (RunModel)" time="0.009" />
  <testcase classname="ptolemy.util.test.junit.AutoTests" name="[90] /home/travis/build/icyphy/ptII/ptolemy/domains/de/test/auto/transferInputsandOutputs.xml (RunModel)" time="0.014" />
  <testcase classname="ptolemy.util.test.junit.AutoTests" name="[91] /home/travis/build/icyphy/ptII/ptolemy/domains/de/test/auto/triggerType.xml (RunModel)" time="0.01" />
  <system-out><![CDATA[/home/travis/build/icyphy/ptII/ptolemy/domains/de/test/DependencyLoop.tcl
testDefs.tcl: setting time out to 9000 seconds at Thu Jun 06 04:31:43 UTC 2019
14 ms. Memory: 116224K Free: 97637K (84%)
19 ms. Memory: 146944K Free: 141229K (96%)
/home/travis/build/icyphy/ptII/ptolemy/domains/de/test/RunDETestsAsQSS.tcl
Run the DE tests using ptolemy.domains.qss.test.QSSDirectorTest, which extends QSSDirector and prints a message in the constructors.
------------------ testing $PTII/ptolemy/domains/de/test/auto/knownFailedTests/dependencyLoop.xml (Known Failure) 
12 ms. Memory: 146944K Free: 136584K (93%)


==== $PTIIhome/travis/build/icyphy/ptII/ptolemy/domains/de/test/../../../../: Auto Automatic test in file $PTII/ptolemy/domains/de/test/auto/knownFailedTests/dependencyLoop.xml
==== Contents of test case:

	    # FIXME: we should use $relativeFilename here, but it
	    # might have backslashes under Windows, which causes no end
	    # of trouble.
	    createAndExecute $file
	    list {}
	
.... Test generated KNOWN error:
    while executing
ptolemy.kernel.util.IllegalActionException: Found a zero delay loop containing .dependencyLoop.original
  in .dependencyLoop and .dependencyLoop.original
	at ptolemy.actor.util.CausalityInterfaceForComposites._computeOutputPortDepth(CausalityInterfaceForComposites.java:759)
	at ptolemy.actor.util.CausalityInterfaceForComposites._computeInputDepth(CausalityInterfaceForComposites.java:696)
	at ptolemy.actor.util.CausalityInterfaceForComposites._computeOutputPortDepth(CausalityInterfaceForComposites.java:765)
	at ptolemy.actor.util.CausalityInterfaceForComposites._computeInputDepth(CausalityInterfaceForComposites.java:696)
	at ptolemy.actor.util.CausalityInterfaceForComposites._computeOutputPortDepth(CausalityInterfaceForComposites.java:765)
	at ptolemy.actor.util.CausalityInterfaceForComposites._computeInputDepth(CausalityInterfaceForComposites.java:696)
	at ptolemy.actor.util.CausalityInterfaceForComposites._computeActorDepth(CausalityInterfaceForComposites.java:532)
	at ptolemy.actor.util.CausalityInterfaceForComposites.checkForCycles(CausalityInterfaceForComposites.java:96)
	at ptolemy.domains.de.kernel.DEDirector.preinitialize(DEDirector.java:1338)
	at ptolemy.actor.CompositeActor.preinitialize(CompositeActor.java:1828)
	at ptolemy.actor.Manager.preinitializeAndResolveTypes(Manager.java:1040)
	at ptolemy.actor.Manager.initialize(Manager.java:710)
	at ptolemy.actor.Manager.execute(Manager.java:356)
	at ptolemy.actor.Manager.run(Manager.java:1263)
	at ptolemy.actor.Manager$PtolemyRunThread.run(Manager.java:1915)

    while executing
ptolemy.kernel.util.IllegalActionException: Found a zero delay loop containing .dependencyLoop.original
  in .dependencyLoop and .dependencyLoop.original
    while executing
"java::new ptolemy.moml.MoMLSimpleApplication $file
"
    (procedure "createAndExecute" line 2)
    invoked from within
"createAndExecute $file"
    ("uplevel" body line 5)
    invoked from within
"uplevel $contents_of_test"
------------------ testing $PTII/ptolemy/domains/de/test/auto/knownFailedTests/DESDFClockTest.xml (Known Failure) 
2055 ms. Memory: 146944K Free: 121428K (83%)


==== $PTIIhome/travis/build/icyphy/ptII/ptolemy/domains/de/test/../../../../: Auto Automatic test in file $PTII/ptolemy/domains/de/test/auto/knownFailedTests/DESDFClockTest.xml
==== Contents of test case:

	    # FIXME: we should use $relativeFilename here, but it
	    # might have backslashes under Windows, which causes no end
	    # of trouble.
	    createAndExecute $file
	    list {}
	
.... Test generated KNOWN error:
    while executing
ptolemy.kernel.util.IllegalActionException: Actor is not ready to fire.  Perhaps UpSample.prefire() returned false? Try debugging the actor by selecting "Listen to Actor".  Also, for SDF check moml for tokenConsumptionRate on input.
  in .DESDFClockTest.Play Bell.Copy1:SDF Director and .DESDFClockTest.Play Bell.UpSample
	at ptolemy.actor.sched.StaticSchedulingDirector.fire(StaticSchedulingDirector.java:227)
	at ptolemy.domains.sdf.kernel.SDFDirector.fire(SDFDirector.java:500)
	at ptolemy.actor.CompositeActor.fire(CompositeActor.java:455)
	at ptolemy.domains.de.kernel.DEDirector._fire(DEDirector.java:1949)
	at ptolemy.domains.de.kernel.DEDirector.fire(DEDirector.java:502)
	at ptolemy.actor.CompositeActor.fire(CompositeActor.java:455)
	at ptolemy.actor.Manager.iterate(Manager.java:851)
	at ptolemy.actor.Manager.execute(Manager.java:369)
	at ptolemy.actor.Manager.run(Manager.java:1263)
	at ptolemy.actor.Manager$PtolemyRunThread.run(Manager.java:1915)

    while executing
ptolemy.kernel.util.IllegalActionException: Actor is not ready to fire.  Perhaps UpSample.prefire() returned false? Try debugging the actor by selecting "Listen to Actor".  Also, for SDF check moml for tokenConsumptionRate on input.
  in .DESDFClockTest.Play Bell.Copy1:SDF Director and .DESDFClockTest.Play Bell.UpSample
    while executing
"java::new ptolemy.moml.MoMLSimpleApplication $file
"
    (procedure "createAndExecute" line 2)
    invoked from within
"createAndExecute $file"
    ("uplevel" body line 5)
    invoked from within
"uplevel $contents_of_test"
------------------ testing $PTII/ptolemy/domains/de/test/auto/knownFailedTests/FSMSource.xml (Known Failure) 
31 ms. Memory: 146944K Free: 112577K (77%)
!!!! Auto was marked as failing, but now passes
------------------ testing $PTII/ptolemy/domains/de/test/auto/knownFailedTests/dependencyLoop2.xml (Known Failure) 
5 ms. Memory: 146944K Free: 110694K (75%)


==== $PTIIhome/travis/build/icyphy/ptII/ptolemy/domains/de/test/../../../../: Auto Automatic test in file $PTII/ptolemy/domains/de/test/auto/knownFailedTests/dependencyLoop2.xml
==== Contents of test case:

	    # FIXME: we should use $relativeFilename here, but it
	    # might have backslashes under Windows, which causes no end
	    # of trouble.
	    createAndExecute $file
	    list {}
	
.... Test generated KNOWN error:
    while executing
ptolemy.kernel.util.IllegalActionException: Found a zero delay loop containing .dependencyLoop2.original
  in .dependencyLoop2 and .dependencyLoop2.original
	at ptolemy.actor.util.CausalityInterfaceForComposites._computeOutputPortDepth(CausalityInterfaceForComposites.java:759)
	at ptolemy.actor.util.CausalityInterfaceForComposites._computeInputDepth(CausalityInterfaceForComposites.java:696)
	at ptolemy.actor.util.CausalityInterfaceForComposites._computeOutputPortDepth(CausalityInterfaceForComposites.java:765)
	at ptolemy.actor.util.CausalityInterfaceForComposites._computeInputDepth(CausalityInterfaceForComposites.java:696)
	at ptolemy.actor.util.CausalityInterfaceForComposites._computeOutputPortDepth(CausalityInterfaceForComposites.java:765)
	at ptolemy.actor.util.CausalityInterfaceForComposites._computeInputDepth(CausalityInterfaceForComposites.java:696)
	at ptolemy.actor.util.CausalityInterfaceForComposites._computeActorDepth(CausalityInterfaceForComposites.java:532)
	at ptolemy.actor.util.CausalityInterfaceForComposites.checkForCycles(CausalityInterfaceForComposites.java:96)
	at ptolemy.domains.de.kernel.DEDirector.preinitialize(DEDirector.java:1338)
	at ptolemy.actor.CompositeActor.preinitialize(CompositeActor.java:1828)
	at ptolemy.actor.Manager.preinitializeAndResolveTypes(Manager.java:1040)
	at ptolemy.actor.Manager.initialize(Manager.java:710)
	at ptolemy.actor.Manager.execute(Manager.java:356)
	at ptolemy.actor.Manager.run(Manager.java:1263)
	at ptolemy.actor.Manager$PtolemyRunThread.run(Manager.java:1915)

    while executing
ptolemy.kernel.util.IllegalActionException: Found a zero delay loop containing .dependencyLoop2.original
  in .dependencyLoop2 and .dependencyLoop2.original
    while executing
"java::new ptolemy.moml.MoMLSimpleApplication $file
"
    (procedure "createAndExecute" line 2)
    invoked from within
"createAndExecute $file"
    ("uplevel" body line 5)
    invoked from within
"uplevel $contents_of_test"
------------------ testing $PTII/ptolemy/domains/de/test/auto/knownFailedTests/HierarchicalModel.xml (Known Failure) 
5 ms. Memory: 146944K Free: 90444K (62%)


==== $PTIIhome/travis/build/icyphy/ptII/ptolemy/domains/de/test/../../../../: Auto Automatic test in file $PTII/ptolemy/domains/de/test/auto/knownFailedTests/HierarchicalModel.xml
==== Contents of test case:

	    # FIXME: we should use $relativeFilename here, but it
	    # might have backslashes under Windows, which causes no end
	    # of trouble.
	    createAndExecute $file
	    list {}
	
.... Test generated KNOWN error:
    while executing
ptolemy.kernel.util.IllegalActionException: Found a zero delay loop containing .HierarchicalModel.A
  in .HierarchicalModel and .HierarchicalModel.A
	at ptolemy.actor.util.CausalityInterfaceForComposites._computeOutputPortDepth(CausalityInterfaceForComposites.java:759)
	at ptolemy.actor.util.CausalityInterfaceForComposites._computeInputDepth(CausalityInterfaceForComposites.java:696)
	at ptolemy.actor.util.CausalityInterfaceForComposites._computeOutputPortDepth(CausalityInterfaceForComposites.java:765)
	at ptolemy.actor.util.CausalityInterfaceForComposites._computeInputDepth(CausalityInterfaceForComposites.java:696)
	at ptolemy.actor.util.CausalityInterfaceForComposites._computeOutputPortDepth(CausalityInterfaceForComposites.java:765)
	at ptolemy.actor.util.CausalityInterfaceForComposites._computeInputDepth(CausalityInterfaceForComposites.java:696)
	at ptolemy.actor.util.CausalityInterfaceForComposites._computeActorDepth(CausalityInterfaceForComposites.java:532)
	at ptolemy.actor.util.CausalityInterfaceForComposites.checkForCycles(CausalityInterfaceForComposites.java:96)
	at ptolemy.domains.de.kernel.DEDirector.preinitialize(DEDirector.java:1338)
	at ptolemy.actor.CompositeActor.preinitialize(CompositeActor.java:1828)
	at ptolemy.actor.Manager.preinitializeAndResolveTypes(Manager.java:1040)
	at ptolemy.actor.Manager.initialize(Manager.java:710)
	at ptolemy.actor.Manager.execute(Manager.java:356)
	at ptolemy.actor.Manager.run(Manager.java:1263)
	at ptolemy.actor.Manager$PtolemyRunThread.run(Manager.java:1915)

    while executing
ptolemy.kernel.util.IllegalActionException: Found a zero delay loop containing .HierarchicalModel.A
  in .HierarchicalModel and .HierarchicalModel.A
    while executing
"java::new ptolemy.moml.MoMLSimpleApplication $file
"
    (procedure "createAndExecute" line 2)
    invoked from within
"createAndExecute $file"
    ("uplevel" body line 5)
    invoked from within
"uplevel $contents_of_test"
------------------ testing $PTII/ptolemy/domains/de/test/auto/knownFailedTests/DirectFeedback.xml (Known Failure) 
4 ms. Memory: 146944K Free: 86318K (59%)


==== $PTIIhome/travis/build/icyphy/ptII/ptolemy/domains/de/test/../../../../: Auto Automatic test in file $PTII/ptolemy/domains/de/test/auto/knownFailedTests/DirectFeedback.xml
==== Contents of test case:

	    # FIXME: we should use $relativeFilename here, but it
	    # might have backslashes under Windows, which causes no end
	    # of trouble.
	    createAndExecute $file
	    list {}
	
.... Test generated KNOWN error:
    while executing
ptolemy.kernel.util.IllegalActionException: Test fails in iteration 1.
Value was: 1.0. Should have been: 2.0
  in .DirectFeedback.Test
	at ptolemy.actor.lib.Test.fire(Test.java:268)
	at ptolemy.domains.de.kernel.DEDirector._fire(DEDirector.java:1949)
	at ptolemy.domains.de.kernel.DEDirector.fire(DEDirector.java:502)
	at ptolemy.actor.CompositeActor.fire(CompositeActor.java:455)
	at ptolemy.actor.Manager.iterate(Manager.java:851)
	at ptolemy.actor.Manager.execute(Manager.java:369)
	at ptolemy.actor.Manager.run(Manager.java:1263)
	at ptolemy.actor.Manager$PtolemyRunThread.run(Manager.java:1915)

    while executing
ptolemy.kernel.util.IllegalActionException: Test fails in iteration 1.
Value was: 1.0. Should have been: 2.0
  in .DirectFeedback.Test
    while executing
"java::new ptolemy.moml.MoMLSimpleApplication $file
"
    (procedure "createAndExecute" line 2)
    invoked from within
"createAndExecute $file"
    ("uplevel" body line 5)
    invoked from within
"uplevel $contents_of_test"
------------------ testing $PTII/ptolemy/domains/de/test/auto/ActorDepthCalculation_actorWithoutPorts.xml
auto.tcl: Setting watchdog for 200 seconds at Thu Jun 06 04:31:46 UTC 2019
4 ms. Memory: 146944K Free: 138677K (94%)
ptolemy.util.test.WatchDog.cancel(): canceling Thu Jun 06 04:31:46 UTC 2019
auto.tcl: Setting watchdog for 200 seconds at Thu Jun 06 04:31:46 UTC 2019
4 ms. Memory: 146944K Free: 137662K (94%)
ptolemy.util.test.WatchDog.cancel(): canceling Thu Jun 06 04:31:46 UTC 2019
------------------ testing $PTII/ptolemy/domains/de/test/auto/AssemblyLine.xml
auto.tcl: Setting watchdog for 200 seconds at Thu Jun 06 04:31:46 UTC 2019
20 ms. Memory: 208384K Free: 183975K (88%)
ptolemy.util.test.WatchDog.cancel(): canceling Thu Jun 06 04:31:46 UTC 2019
auto.tcl: Setting watchdog for 200 seconds at Thu Jun 06 04:31:46 UTC 2019
10 ms. Memory: 208384K Free: 183975K (88%)
ptolemy.util.test.WatchDog.cancel(): canceling Thu Jun 06 04:31:46 UTC 2019
------------------ testing $PTII/ptolemy/domains/de/test/auto/CQBug1.xml
auto.tcl: Setting watchdog for 200 seconds at Thu Jun 06 04:31:46 UTC 2019
4 ms. Memory: 208384K Free: 197937K (95%)
ptolemy.util.test.WatchDog.cancel(): canceling Thu Jun 06 04:31:46 UTC 2019
auto.tcl: Setting watchdog for 200 seconds at Thu Jun 06 04:31:46 UTC 2019
1 ms. Memory: 208384K Free: 197937K (95%)
ptolemy.util.test.WatchDog.cancel(): canceling Thu Jun 06 04:31:46 UTC 2019
------------------ testing $PTII/ptolemy/domains/de/test/auto/CancelFireAt.xml
auto.tcl: Setting watchdog for 200 seconds at Thu Jun 06 04:31:46 UTC 2019
4 ms. Memory: 208384K Free: 201178K (97%)
ptolemy.util.test.WatchDog.cancel(): canceling Thu Jun 06 04:31:47 UTC 2019
auto.tcl: Setting watchdog for 200 seconds at Thu Jun 06 04:31:47 UTC 2019
7 ms. Memory: 208384K Free: 199148K (96%)
ptolemy.util.test.WatchDog.cancel(): canceling Thu Jun 06 04:31:47 UTC 2019
------------------ testing $PTII/ptolemy/domains/de/test/auto/CausalityAndComposabilityAnalysis.xml
auto.tcl: Setting watchdog for 200 seconds at Thu Jun 06 04:31:47 UTC 2019
8 ms. Memory: 208384K Free: 199156K (96%)
ptolemy.util.test.WatchDog.cancel(): canceling Thu Jun 06 04:31:47 UTC 2019
auto.tcl: Setting watchdog for 200 seconds at Thu Jun 06 04:31:47 UTC 2019
7 ms. Memory: 208384K Free: 197126K (95%)
ptolemy.util.test.WatchDog.cancel(): canceling Thu Jun 06 04:31:47 UTC 2019
------------------ testing $PTII/ptolemy/domains/de/test/auto/CausalityInterface1.xml
auto.tcl: Setting watchdog for 200 seconds at Thu Jun 06 04:31:47 UTC 2019
14 ms. Memory: 208384K Free: 197059K (95%)
ptolemy.util.test.WatchDog.cancel(): canceling Thu Jun 06 04:31:47 UTC 2019
auto.tcl: Setting watchdog for 200 seconds at Thu Jun 06 04:31:47 UTC 2019
4 ms. Memory: 208384K Free: 197059K (95%)
ptolemy.util.test.WatchDog.cancel(): canceling Thu Jun 06 04:31:47 UTC 2019
------------------ testing $PTII/ptolemy/domains/de/test/auto/CausalityInterface15.xml
auto.tcl: Setting watchdog for 200 seconds at Thu Jun 06 04:31:47 UTC 2019
6 ms. Memory: 208384K Free: 195790K (94%)
ptolemy.util.test.WatchDog.cancel(): canceling Thu Jun 06 04:31:47 UTC 2019
auto.tcl: Setting watchdog for 200 seconds at Thu Jun 06 04:31:47 UTC 2019
14 ms. Memory: 208384K Free: 195790K (94%)
ptolemy.util.test.WatchDog.cancel(): canceling Thu Jun 06 04:31:47 UTC 2019
------------------ testing $PTII/ptolemy/domains/de/test/auto/CausalityInterface2.xml
auto.tcl: Setting watchdog for 200 seconds at Thu Jun 06 04:31:47 UTC 2019
4 ms. Memory: 208384K Free: 195286K (94%)
ptolemy.util.test.WatchDog.cancel(): canceling Thu Jun 06 04:31:47 UTC 2019
auto.tcl: Setting watchdog for 200 seconds at Thu Jun 06 04:31:47 UTC 2019
4 ms. Memory: 208384K Free: 195286K (94%)
ptolemy.util.test.WatchDog.cancel(): canceling Thu Jun 06 04:31:47 UTC 2019
------------------ testing $PTII/ptolemy/domains/de/test/auto/CausalityInterface3.xml
auto.tcl: Setting watchdog for 200 seconds at Thu Jun 06 04:31:47 UTC 2019
10 ms. Memory: 208384K Free: 196527K (94%)
ptolemy.util.test.WatchDog.cancel(): canceling Thu Jun 06 04:31:47 UTC 2019
auto.tcl: Setting watchdog for 200 seconds at Thu Jun 06 04:31:47 UTC 2019
3 ms. Memory: 208384K Free: 196527K (94%)
ptolemy.util.test.WatchDog.cancel(): canceling Thu Jun 06 04:31:47 UTC 2019
------------------ testing $PTII/ptolemy/domains/de/test/auto/ClockDrift.xml
auto.tcl: Setting watchdog for 200 seconds at Thu Jun 06 04:31:47 UTC 2019
66 ms. Memory: 208384K Free: 187969K (90%)
ptolemy.util.test.WatchDog.cancel(): canceling Thu Jun 06 04:31:47 UTC 2019
auto.tcl: Setting watchdog for 200 seconds at Thu Jun 06 04:31:47 UTC 2019
39 ms. Memory: 208384K Free: 185940K (89%)
ptolemy.util.test.WatchDog.cancel(): canceling Thu Jun 06 04:31:47 UTC 2019
------------------ testing $PTII/ptolemy/domains/de/test/auto/ClockDriftAndValueChange.xml
auto.tcl: Setting watchdog for 200 seconds at Thu Jun 06 04:31:47 UTC 2019
62 ms. Memory: 208384K Free: 187806K (90%)
ptolemy.util.test.WatchDog.cancel(): canceling Thu Jun 06 04:31:47 UTC 2019
auto.tcl: Setting watchdog for 200 seconds at Thu Jun 06 04:31:47 UTC 2019
41 ms. Memory: 208384K Free: 185776K (89%)
ptolemy.util.test.WatchDog.cancel(): canceling Thu Jun 06 04:31:48 UTC 2019
------------------ testing $PTII/ptolemy/domains/de/test/auto/ClockDriftChange.xml
auto.tcl: Setting watchdog for 200 seconds at Thu Jun 06 04:31:48 UTC 2019
40 ms. Memory: 208384K Free: 191045K (92%)
ptolemy.util.test.WatchDog.cancel(): canceling Thu Jun 06 04:31:48 UTC 2019
auto.tcl: Setting watchdog for 200 seconds at Thu Jun 06 04:31:48 UTC 2019
32 ms. Memory: 208384K Free: 189016K (91%)
ptolemy.util.test.WatchDog.cancel(): canceling Thu Jun 06 04:31:48 UTC 2019
------------------ testing $PTII/ptolemy/domains/de/test/auto/ComposableCausalityAnalysis.xml
auto.tcl: Setting watchdog for 200 seconds at Thu Jun 06 04:31:48 UTC 2019
2 ms. Memory: 208384K Free: 196882K (94%)
ptolemy.util.test.WatchDog.cancel(): canceling Thu Jun 06 04:31:48 UTC 2019
auto.tcl: Setting watchdog for 200 seconds at Thu Jun 06 04:31:48 UTC 2019
2 ms. Memory: 208384K Free: 194844K (94%)
ptolemy.util.test.WatchDog.cancel(): canceling Thu Jun 06 04:31:48 UTC 2019
------------------ testing $PTII/ptolemy/domains/de/test/auto/DEFixedPointLimitation.xml
auto.tcl: Setting watchdog for 200 seconds at Thu Jun 06 04:31:48 UTC 2019
2 ms. Memory: 208384K Free: 196460K (94%)
ptolemy.util.test.WatchDog.cancel(): canceling Thu Jun 06 04:31:48 UTC 2019
auto.tcl: Setting watchdog for 200 seconds at Thu Jun 06 04:31:48 UTC 2019
2 ms. Memory: 208384K Free: 196460K (94%)
ptolemy.util.test.WatchDog.cancel(): canceling Thu Jun 06 04:31:48 UTC 2019
------------------ testing $PTII/ptolemy/domains/de/test/auto/DEScheduleTest.xml
auto.tcl: Setting watchdog for 200 seconds at Thu Jun 06 04:31:48 UTC 2019
4 ms. Memory: 208384K Free: 199028K (96%)
ptolemy.util.test.WatchDog.cancel(): canceling Thu Jun 06 04:31:48 UTC 2019
auto.tcl: Setting watchdog for 200 seconds at Thu Jun 06 04:31:48 UTC 2019
5 ms. Memory: 208384K Free: 196463K (94%)
ptolemy.util.test.WatchDog.cancel(): canceling Thu Jun 06 04:31:48 UTC 2019
------------------ testing $PTII/ptolemy/domains/de/test/auto/DEinDEwithStartTimes.xml
auto.tcl: Setting watchdog for 200 seconds at Thu Jun 06 04:31:48 UTC 2019
3 ms. Memory: 208384K Free: 196433K (94%)
ptolemy.util.test.WatchDog.cancel(): canceling Thu Jun 06 04:31:48 UTC 2019
auto.tcl: Setting watchdog for 200 seconds at Thu Jun 06 04:31:48 UTC 2019
3 ms. Memory: 208384K Free: 194403K (93%)
ptolemy.util.test.WatchDog.cancel(): canceling Thu Jun 06 04:31:48 UTC 2019
------------------ testing $PTII/ptolemy/domains/de/test/auto/DEinDEwithStartTimes2.xml
auto.tcl: Setting watchdog for 200 seconds at Thu Jun 06 04:31:48 UTC 2019
5 ms. Memory: 208384K Free: 196428K (94%)
ptolemy.util.test.WatchDog.cancel(): canceling Thu Jun 06 04:31:48 UTC 2019
auto.tcl: Setting watchdog for 200 seconds at Thu Jun 06 04:31:48 UTC 2019
4 ms. Memory: 208384K Free: 194383K (93%)
ptolemy.util.test.WatchDog.cancel(): canceling Thu Jun 06 04:31:48 UTC 2019
------------------ testing $PTII/ptolemy/domains/de/test/auto/DateDemo.xml
auto.tcl: Setting watchdog for 200 seconds at Thu Jun 06 04:31:48 UTC 2019
14 ms. Memory: 208384K Free: 189045K (91%)
ptolemy.util.test.WatchDog.cancel(): canceling Thu Jun 06 04:31:48 UTC 2019
auto.tcl: Setting watchdog for 200 seconds at Thu Jun 06 04:31:48 UTC 2019
9 ms. Memory: 208384K Free: 187016K (90%)
ptolemy.util.test.WatchDog.cancel(): canceling Thu Jun 06 04:31:48 UTC 2019
------------------ testing $PTII/ptolemy/domains/de/test/auto/DateToEvent.xml
auto.tcl: Setting watchdog for 200 seconds at Thu Jun 06 04:31:48 UTC 2019
2019 ms. Memory: 208384K Free: 183954K (88%)
ptolemy.util.test.WatchDog.cancel(): canceling Thu Jun 06 04:31:50 UTC 2019
auto.tcl: Setting watchdog for 200 seconds at Thu Jun 06 04:31:50 UTC 2019
2006 ms. Memory: 208384K Free: 183954K (88%)
ptolemy.util.test.WatchDog.cancel(): canceling Thu Jun 06 04:31:52 UTC 2019
------------------ testing $PTII/ptolemy/domains/de/test/auto/DepthTest1.xml
auto.tcl: Setting watchdog for 200 seconds at Thu Jun 06 04:31:52 UTC 2019
3 ms. Memory: 208384K Free: 198229K (95%)
ptolemy.util.test.WatchDog.cancel(): canceling Thu Jun 06 04:31:52 UTC 2019
auto.tcl: Setting watchdog for 200 seconds at Thu Jun 06 04:31:52 UTC 2019
1 ms. Memory: 208384K Free: 198229K (95%)
ptolemy.util.test.WatchDog.cancel(): canceling Thu Jun 06 04:31:52 UTC 2019
------------------ testing $PTII/ptolemy/domains/de/test/auto/DepthTest2.xml
auto.tcl: Setting watchdog for 200 seconds at Thu Jun 06 04:31:52 UTC 2019
3 ms. Memory: 208384K Free: 194050K (93%)
ptolemy.util.test.WatchDog.cancel(): canceling Thu Jun 06 04:31:53 UTC 2019
auto.tcl: Setting watchdog for 200 seconds at Thu Jun 06 04:31:53 UTC 2019
4 ms. Memory: 208384K Free: 194050K (93%)
ptolemy.util.test.WatchDog.cancel(): canceling Thu Jun 06 04:31:53 UTC 2019
------------------ testing $PTII/ptolemy/domains/de/test/auto/DepthTest3.xml
auto.tcl: Setting watchdog for 200 seconds at Thu Jun 06 04:31:53 UTC 2019
2 ms. Memory: 208384K Free: 198562K (95%)
ptolemy.util.test.WatchDog.cancel(): canceling Thu Jun 06 04:31:53 UTC 2019
auto.tcl: Setting watchdog for 200 seconds at Thu Jun 06 04:31:53 UTC 2019
2 ms. Memory: 208384K Free: 198043K (95%)
ptolemy.util.test.WatchDog.cancel(): canceling Thu Jun 06 04:31:53 UTC 2019
------------------ testing $PTII/ptolemy/domains/de/test/auto/DepthTest4.xml
auto.tcl: Setting watchdog for 200 seconds at Thu Jun 06 04:31:53 UTC 2019
7 ms. Memory: 208384K Free: 196101K (94%)
ptolemy.util.test.WatchDog.cancel(): canceling Thu Jun 06 04:31:53 UTC 2019
auto.tcl: Setting watchdog for 200 seconds at Thu Jun 06 04:31:53 UTC 2019
2 ms. Memory: 208384K Free: 196101K (94%)
ptolemy.util.test.WatchDog.cancel(): canceling Thu Jun 06 04:31:53 UTC 2019
------------------ testing $PTII/ptolemy/domains/de/test/auto/DepthTest5.xml
auto.tcl: Setting watchdog for 200 seconds at Thu Jun 06 04:31:53 UTC 2019
5 ms. Memory: 208384K Free: 196048K (94%)
ptolemy.util.test.WatchDog.cancel(): canceling Thu Jun 06 04:31:53 UTC 2019
auto.tcl: Setting watchdog for 200 seconds at Thu Jun 06 04:31:53 UTC 2019
2 ms. Memory: 208384K Free: 196048K (94%)
ptolemy.util.test.WatchDog.cancel(): canceling Thu Jun 06 04:31:53 UTC 2019
------------------ testing $PTII/ptolemy/domains/de/test/auto/DepthTest6.xml
auto.tcl: Setting watchdog for 200 seconds at Thu Jun 06 04:31:53 UTC 2019
11 ms. Memory: 208384K Free: 196559K (94%)
ptolemy.util.test.WatchDog.cancel(): canceling Thu Jun 06 04:31:53 UTC 2019
auto.tcl: Setting watchdog for 200 seconds at Thu Jun 06 04:31:53 UTC 2019
3 ms. Memory: 208384K Free: 196559K (94%)
ptolemy.util.test.WatchDog.cancel(): canceling Thu Jun 06 04:31:53 UTC 2019
------------------ testing $PTII/ptolemy/domains/de/test/auto/DepthTest7.xml
auto.tcl: Setting watchdog for 200 seconds at Thu Jun 06 04:31:53 UTC 2019
2 ms. Memory: 208384K Free: 196005K (94%)
ptolemy.util.test.WatchDog.cancel(): canceling Thu Jun 06 04:31:53 UTC 2019
auto.tcl: Setting watchdog for 200 seconds at Thu Jun 06 04:31:53 UTC 2019
2 ms. Memory: 208384K Free: 196005K (94%)
ptolemy.util.test.WatchDog.cancel(): canceling Thu Jun 06 04:31:53 UTC 2019
------------------ testing $PTII/ptolemy/domains/de/test/auto/EventToDate.xml
auto.tcl: Setting watchdog for 200 seconds at Thu Jun 06 04:31:53 UTC 2019
3008 ms. Memory: 208384K Free: 185815K (89%)
ptolemy.util.test.WatchDog.cancel(): canceling Thu Jun 06 04:31:56 UTC 2019
auto.tcl: Setting watchdog for 200 seconds at Thu Jun 06 04:31:56 UTC 2019
3005 ms. Memory: 208384K Free: 185815K (89%)
ptolemy.util.test.WatchDog.cancel(): canceling Thu Jun 06 04:31:59 UTC 2019
------------------ testing $PTII/ptolemy/domains/de/test/auto/FSM1.xml
auto.tcl: Setting watchdog for 200 seconds at Thu Jun 06 04:31:59 UTC 2019
34 ms. Memory: 208384K Free: 189678K (91%)
ptolemy.util.test.WatchDog.cancel(): canceling Thu Jun 06 04:31:59 UTC 2019
auto.tcl: Setting watchdog for 200 seconds at Thu Jun 06 04:31:59 UTC 2019
26 ms. Memory: 208384K Free: 185067K (89%)
ptolemy.util.test.WatchDog.cancel(): canceling Thu Jun 06 04:31:59 UTC 2019
------------------ testing $PTII/ptolemy/domains/de/test/auto/FSM7.xml
auto.tcl: Setting watchdog for 200 seconds at Thu Jun 06 04:31:59 UTC 2019
27 ms. Memory: 208384K Free: 189370K (91%)
ptolemy.util.test.WatchDog.cancel(): canceling Thu Jun 06 04:31:59 UTC 2019
auto.tcl: Setting watchdog for 200 seconds at Thu Jun 06 04:31:59 UTC 2019
19 ms. Memory: 208384K Free: 185303K (89%)
ptolemy.util.test.WatchDog.cancel(): canceling Thu Jun 06 04:31:59 UTC 2019
------------------ testing $PTII/ptolemy/domains/de/test/auto/Inspection.xml
auto.tcl: Setting watchdog for 200 seconds at Thu Jun 06 04:31:59 UTC 2019
43 ms. Memory: 208384K Free: 186647K (90%)
ptolemy.util.test.WatchDog.cancel(): canceling Thu Jun 06 04:31:59 UTC 2019
auto.tcl: Setting watchdog for 200 seconds at Thu Jun 06 04:31:59 UTC 2019
30 ms. Memory: 208384K Free: 184601K (89%)
ptolemy.util.test.WatchDog.cancel(): canceling Thu Jun 06 04:31:59 UTC 2019
------------------ testing $PTII/ptolemy/domains/de/test/auto/Iteration.xml
auto.tcl: Setting watchdog for 200 seconds at Thu Jun 06 04:32:00 UTC 2019
16 ms. Memory: 208384K Free: 195812K (94%)
ptolemy.util.test.WatchDog.cancel(): canceling Thu Jun 06 04:32:00 UTC 2019
auto.tcl: Setting watchdog for 200 seconds at Thu Jun 06 04:32:00 UTC 2019
7 ms. Memory: 208384K Free: 193766K (93%)
ptolemy.util.test.WatchDog.cancel(): canceling Thu Jun 06 04:32:00 UTC 2019
------------------ testing $PTII/ptolemy/domains/de/test/auto/LineFault.xml
auto.tcl: Setting watchdog for 200 seconds at Thu Jun 06 04:32:00 UTC 2019
727 ms. Memory: 208384K Free: 199566K (96%)
ptolemy.util.test.WatchDog.cancel(): canceling Thu Jun 06 04:32:01 UTC 2019
auto.tcl: Setting watchdog for 200 seconds at Thu Jun 06 04:32:01 UTC 2019
568 ms. Memory: 208384K Free: 142392K (68%)
ptolemy.util.test.WatchDog.cancel(): canceling Thu Jun 06 04:32:01 UTC 2019
------------------ testing $PTII/ptolemy/domains/de/test/auto/MergeModel1Add.xml
auto.tcl: Setting watchdog for 200 seconds at Thu Jun 06 04:32:01 UTC 2019
27 ms. Memory: 331264K Free: 300563K (91%)
ptolemy.util.test.WatchDog.cancel(): canceling Thu Jun 06 04:32:01 UTC 2019
auto.tcl: Setting watchdog for 200 seconds at Thu Jun 06 04:32:01 UTC 2019
16 ms. Memory: 331264K Free: 300563K (91%)
ptolemy.util.test.WatchDog.cancel(): canceling Thu Jun 06 04:32:01 UTC 2019
------------------ testing $PTII/ptolemy/domains/de/test/auto/MergeModel2Add.xml
auto.tcl: Setting watchdog for 200 seconds at Thu Jun 06 04:32:01 UTC 2019
8 ms. Memory: 331264K Free: 305459K (92%)
ptolemy.util.test.WatchDog.cancel(): canceling Thu Jun 06 04:32:02 UTC 2019
auto.tcl: Setting watchdog for 200 seconds at Thu Jun 06 04:32:02 UTC 2019
8 ms. Memory: 331264K Free: 301893K (91%)
ptolemy.util.test.WatchDog.cancel(): canceling Thu Jun 06 04:32:02 UTC 2019
------------------ testing $PTII/ptolemy/domains/de/test/auto/MergeModel3Add.xml
auto.tcl: Setting watchdog for 200 seconds at Thu Jun 06 04:32:02 UTC 2019
12 ms. Memory: 331264K Free: 305445K (92%)
ptolemy.util.test.WatchDog.cancel(): canceling Thu Jun 06 04:32:02 UTC 2019
auto.tcl: Setting watchdog for 200 seconds at Thu Jun 06 04:32:02 UTC 2019
10 ms. Memory: 331264K Free: 301880K (91%)
ptolemy.util.test.WatchDog.cancel(): canceling Thu Jun 06 04:32:02 UTC 2019
------------------ testing $PTII/ptolemy/domains/de/test/auto/MergeWithoutDiscard.xml
auto.tcl: Setting watchdog for 200 seconds at Thu Jun 06 04:32:02 UTC 2019
3 ms. Memory: 331264K Free: 316813K (96%)
ptolemy.util.test.WatchDog.cancel(): canceling Thu Jun 06 04:32:02 UTC 2019
auto.tcl: Setting watchdog for 200 seconds at Thu Jun 06 04:32:02 UTC 2019
2 ms. Memory: 331264K Free: 316813K (96%)
ptolemy.util.test.WatchDog.cancel(): canceling Thu Jun 06 04:32:02 UTC 2019
------------------ testing $PTII/ptolemy/domains/de/test/auto/Modal1.xml
auto.tcl: Setting watchdog for 200 seconds at Thu Jun 06 04:32:02 UTC 2019
22 ms. Memory: 331264K Free: 310446K (94%)
ptolemy.util.test.WatchDog.cancel(): canceling Thu Jun 06 04:32:02 UTC 2019
auto.tcl: Setting watchdog for 200 seconds at Thu Jun 06 04:32:02 UTC 2019
19 ms. Memory: 331264K Free: 306888K (93%)
ptolemy.util.test.WatchDog.cancel(): canceling Thu Jun 06 04:32:02 UTC 2019
------------------ testing $PTII/ptolemy/domains/de/test/auto/Modal2.xml
auto.tcl: Setting watchdog for 200 seconds at Thu Jun 06 04:32:02 UTC 2019
11 ms. Memory: 331264K Free: 310303K (94%)
ptolemy.util.test.WatchDog.cancel(): canceling Thu Jun 06 04:32:02 UTC 2019
auto.tcl: Setting watchdog for 200 seconds at Thu Jun 06 04:32:02 UTC 2019
11 ms. Memory: 331264K Free: 306737K (93%)
ptolemy.util.test.WatchDog.cancel(): canceling Thu Jun 06 04:32:02 UTC 2019
------------------ testing $PTII/ptolemy/domains/de/test/auto/Modal3.xml
auto.tcl: Setting watchdog for 200 seconds at Thu Jun 06 04:32:02 UTC 2019
16 ms. Memory: 331264K Free: 310317K (94%)
ptolemy.util.test.WatchDog.cancel(): canceling Thu Jun 06 04:32:02 UTC 2019
auto.tcl: Setting watchdog for 200 seconds at Thu Jun 06 04:32:02 UTC 2019
15 ms. Memory: 331264K Free: 306752K (93%)
ptolemy.util.test.WatchDog.cancel(): canceling Thu Jun 06 04:32:02 UTC 2019
------------------ testing $PTII/ptolemy/domains/de/test/auto/Modal4.xml
auto.tcl: Setting watchdog for 200 seconds at Thu Jun 06 04:32:02 UTC 2019
13 ms. Memory: 331264K Free: 310314K (94%)
ptolemy.util.test.WatchDog.cancel(): canceling Thu Jun 06 04:32:02 UTC 2019
auto.tcl: Setting watchdog for 200 seconds at Thu Jun 06 04:32:02 UTC 2019
22 ms. Memory: 331264K Free: 306749K (93%)
ptolemy.util.test.WatchDog.cancel(): canceling Thu Jun 06 04:32:02 UTC 2019
------------------ testing $PTII/ptolemy/domains/de/test/auto/Modal5.xml
auto.tcl: Setting watchdog for 200 seconds at Thu Jun 06 04:32:02 UTC 2019
15 ms. Memory: 331264K Free: 310302K (94%)
ptolemy.util.test.WatchDog.cancel(): canceling Thu Jun 06 04:32:02 UTC 2019
auto.tcl: Setting watchdog for 200 seconds at Thu Jun 06 04:32:02 UTC 2019
12 ms. Memory: 331264K Free: 306736K (93%)
ptolemy.util.test.WatchDog.cancel(): canceling Thu Jun 06 04:32:02 UTC 2019
------------------ testing $PTII/ptolemy/domains/de/test/auto/Modal6.xml
auto.tcl: Setting watchdog for 200 seconds at Thu Jun 06 04:32:02 UTC 2019
11 ms. Memory: 331264K Free: 310315K (94%)
ptolemy.util.test.WatchDog.cancel(): canceling Thu Jun 06 04:32:02 UTC 2019
auto.tcl: Setting watchdog for 200 seconds at Thu Jun 06 04:32:02 UTC 2019
13 ms. Memory: 331264K Free: 306765K (93%)
ptolemy.util.test.WatchDog.cancel(): canceling Thu Jun 06 04:32:02 UTC 2019
------------------ testing $PTII/ptolemy/domains/de/test/auto/Modal7.xml
auto.tcl: Setting watchdog for 200 seconds at Thu Jun 06 04:32:02 UTC 2019
9 ms. Memory: 331264K Free: 306726K (93%)
ptolemy.util.test.WatchDog.cancel(): canceling Thu Jun 06 04:32:03 UTC 2019
auto.tcl: Setting watchdog for 200 seconds at Thu Jun 06 04:32:03 UTC 2019
10 ms. Memory: 331264K Free: 303176K (92%)
ptolemy.util.test.WatchDog.cancel(): canceling Thu Jun 06 04:32:03 UTC 2019
------------------ testing $PTII/ptolemy/domains/de/test/auto/ModalModel.xml
auto.tcl: Setting watchdog for 200 seconds at Thu Jun 06 04:32:03 UTC 2019
210 ms. Memory: 331264K Free: 247720K (75%)
ptolemy.util.test.WatchDog.cancel(): canceling Thu Jun 06 04:32:03 UTC 2019
auto.tcl: Setting watchdog for 200 seconds at Thu Jun 06 04:32:03 UTC 2019
199 ms. Memory: 331264K Free: 190779K (58%)
ptolemy.util.test.WatchDog.cancel(): canceling Thu Jun 06 04:32:03 UTC 2019
------------------ testing $PTII/ptolemy/domains/de/test/auto/ModalSource.xml
auto.tcl: Setting watchdog for 200 seconds at Thu Jun 06 04:32:03 UTC 2019
11 ms. Memory: 331264K Free: 316569K (96%)
ptolemy.util.test.WatchDog.cancel(): canceling Thu Jun 06 04:32:03 UTC 2019
auto.tcl: Setting watchdog for 200 seconds at Thu Jun 06 04:32:03 UTC 2019
8 ms. Memory: 331264K Free: 313300K (95%)
ptolemy.util.test.WatchDog.cancel(): canceling Thu Jun 06 04:32:03 UTC 2019
------------------ testing $PTII/ptolemy/domains/de/test/auto/NonInterruptibleTimerZeroDelay.xml
auto.tcl: Setting watchdog for 200 seconds at Thu Jun 06 04:32:03 UTC 2019
4 ms. Memory: 331264K Free: 320912K (97%)
ptolemy.util.test.WatchDog.cancel(): canceling Thu Jun 06 04:32:03 UTC 2019
auto.tcl: Setting watchdog for 200 seconds at Thu Jun 06 04:32:03 UTC 2019
2 ms. Memory: 331264K Free: 317652K (96%)
ptolemy.util.test.WatchDog.cancel(): canceling Thu Jun 06 04:32:03 UTC 2019
------------------ testing $PTII/ptolemy/domains/de/test/auto/OpenQueueingNetwork.xml
auto.tcl: Setting watchdog for 200 seconds at Thu Jun 06 04:32:03 UTC 2019
2868 ms. Memory: 573952K Free: 398727K (69%)
ptolemy.util.test.WatchDog.cancel(): canceling Thu Jun 06 04:32:06 UTC 2019
auto.tcl: Setting watchdog for 200 seconds at Thu Jun 06 04:32:06 UTC 2019
2655 ms. Memory: 550912K Free: 284050K (52%)
ptolemy.util.test.WatchDog.cancel(): canceling Thu Jun 06 04:32:09 UTC 2019
------------------ testing $PTII/ptolemy/domains/de/test/auto/OpenQueuingNetwork.xml
auto.tcl: Setting watchdog for 200 seconds at Thu Jun 06 04:32:09 UTC 2019
232 ms. Memory: 549888K Free: 444841K (81%)
ptolemy.util.test.WatchDog.cancel(): canceling Thu Jun 06 04:32:09 UTC 2019
auto.tcl: Setting watchdog for 200 seconds at Thu Jun 06 04:32:09 UTC 2019
229 ms. Memory: 549888K Free: 386072K (70%)
ptolemy.util.test.WatchDog.cancel(): canceling Thu Jun 06 04:32:10 UTC 2019
------------------ testing $PTII/ptolemy/domains/de/test/auto/PeriodicSampler.xml
auto.tcl: Setting watchdog for 200 seconds at Thu Jun 06 04:32:10 UTC 2019
3 ms. Memory: 551936K Free: 535474K (97%)
ptolemy.util.test.WatchDog.cancel(): canceling Thu Jun 06 04:32:10 UTC 2019
auto.tcl: Setting watchdog for 200 seconds at Thu Jun 06 04:32:10 UTC 2019
2 ms. Memory: 551936K Free: 535474K (97%)
ptolemy.util.test.WatchDog.cancel(): canceling Thu Jun 06 04:32:10 UTC 2019
------------------ testing $PTII/ptolemy/domains/de/test/auto/PersistentIO.xml
auto.tcl: Setting watchdog for 200 seconds at Thu Jun 06 04:32:10 UTC 2019
5 ms. Memory: 549376K Free: 522288K (95%)
ptolemy.util.test.WatchDog.cancel(): canceling Thu Jun 06 04:32:10 UTC 2019
auto.tcl: Setting watchdog for 200 seconds at Thu Jun 06 04:32:10 UTC 2019
8 ms. Memory: 549376K Free: 522288K (95%)
ptolemy.util.test.WatchDog.cancel(): canceling Thu Jun 06 04:32:10 UTC 2019
------------------ testing $PTII/ptolemy/domains/de/test/auto/PortParameterResetOnInitialize.xml
auto.tcl: Setting watchdog for 200 seconds at Thu Jun 06 04:32:10 UTC 2019
2 ms. Memory: 551424K Free: 530201K (96%)
ptolemy.util.test.WatchDog.cancel(): canceling Thu Jun 06 04:32:10 UTC 2019
auto.tcl: Setting watchdog for 200 seconds at Thu Jun 06 04:32:10 UTC 2019
2 ms. Memory: 551424K Free: 530201K (96%)
ptolemy.util.test.WatchDog.cancel(): canceling Thu Jun 06 04:32:10 UTC 2019
------------------ testing $PTII/ptolemy/domains/de/test/auto/PortParameterUpdates.xml
auto.tcl: Setting watchdog for 200 seconds at Thu Jun 06 04:32:10 UTC 2019
3 ms. Memory: 549376K Free: 532966K (97%)
ptolemy.util.test.WatchDog.cancel(): canceling Thu Jun 06 04:32:10 UTC 2019
auto.tcl: Setting watchdog for 200 seconds at Thu Jun 06 04:32:10 UTC 2019
3 ms. Memory: 549376K Free: 532966K (97%)
ptolemy.util.test.WatchDog.cancel(): canceling Thu Jun 06 04:32:10 UTC 2019
------------------ testing $PTII/ptolemy/domains/de/test/auto/QueueAndServer.xml
auto.tcl: Setting watchdog for 200 seconds at Thu Jun 06 04:32:10 UTC 2019
17 ms. Memory: 551424K Free: 534977K (97%)
ptolemy.util.test.WatchDog.cancel(): canceling Thu Jun 06 04:32:10 UTC 2019
auto.tcl: Setting watchdog for 200 seconds at Thu Jun 06 04:32:10 UTC 2019
6 ms. Memory: 551424K Free: 528439K (96%)
ptolemy.util.test.WatchDog.cancel(): canceling Thu Jun 06 04:32:10 UTC 2019
------------------ testing $PTII/ptolemy/domains/de/test/auto/Records.xml
auto.tcl: Setting watchdog for 200 seconds at Thu Jun 06 04:32:10 UTC 2019
13 ms. Memory: 549376K Free: 532871K (97%)
ptolemy.util.test.WatchDog.cancel(): canceling Thu Jun 06 04:32:10 UTC 2019
auto.tcl: Setting watchdog for 200 seconds at Thu Jun 06 04:32:10 UTC 2019
2 ms. Memory: 549376K Free: 532871K (97%)
ptolemy.util.test.WatchDog.cancel(): canceling Thu Jun 06 04:32:10 UTC 2019
------------------ testing $PTII/ptolemy/domains/de/test/auto/ResetTransitionWithStartTime1.xml
auto.tcl: Setting watchdog for 200 seconds at Thu Jun 06 04:32:10 UTC 2019
7 ms. Memory: 551424K Free: 534944K (97%)
ptolemy.util.test.WatchDog.cancel(): canceling Thu Jun 06 04:32:10 UTC 2019
auto.tcl: Setting watchdog for 200 seconds at Thu Jun 06 04:32:10 UTC 2019
5 ms. Memory: 551424K Free: 528398K (96%)
ptolemy.util.test.WatchDog.cancel(): canceling Thu Jun 06 04:32:10 UTC 2019
------------------ testing $PTII/ptolemy/domains/de/test/auto/ResetTransitionWithStartTime2.xml
auto.tcl: Setting watchdog for 200 seconds at Thu Jun 06 04:32:10 UTC 2019
9 ms. Memory: 549376K Free: 533431K (97%)
ptolemy.util.test.WatchDog.cancel(): canceling Thu Jun 06 04:32:10 UTC 2019
auto.tcl: Setting watchdog for 200 seconds at Thu Jun 06 04:32:10 UTC 2019
7 ms. Memory: 549376K Free: 526885K (96%)
ptolemy.util.test.WatchDog.cancel(): canceling Thu Jun 06 04:32:10 UTC 2019
------------------ testing $PTII/ptolemy/domains/de/test/auto/ResetTransitionWithStartTime3.xml
auto.tcl: Setting watchdog for 200 seconds at Thu Jun 06 04:32:10 UTC 2019
8 ms. Memory: 550912K Free: 534422K (97%)
ptolemy.util.test.WatchDog.cancel(): canceling Thu Jun 06 04:32:10 UTC 2019
auto.tcl: Setting watchdog for 200 seconds at Thu Jun 06 04:32:10 UTC 2019
5 ms. Memory: 550912K Free: 527877K (96%)
ptolemy.util.test.WatchDog.cancel(): canceling Thu Jun 06 04:32:10 UTC 2019
------------------ testing $PTII/ptolemy/domains/de/test/auto/ResetTransitionWithStartTime4.xml
auto.tcl: Setting watchdog for 200 seconds at Thu Jun 06 04:32:10 UTC 2019
4 ms. Memory: 549376K Free: 532885K (97%)
ptolemy.util.test.WatchDog.cancel(): canceling Thu Jun 06 04:32:10 UTC 2019
auto.tcl: Setting watchdog for 200 seconds at Thu Jun 06 04:32:10 UTC 2019
4 ms. Memory: 549376K Free: 526355K (96%)
ptolemy.util.test.WatchDog.cancel(): canceling Thu Jun 06 04:32:10 UTC 2019
------------------ testing $PTII/ptolemy/domains/de/test/auto/ResettableTimer1.xml
auto.tcl: Setting watchdog for 200 seconds at Thu Jun 06 04:32:10 UTC 2019
4 ms. Memory: 550912K Free: 534417K (97%)
ptolemy.util.test.WatchDog.cancel(): canceling Thu Jun 06 04:32:10 UTC 2019
auto.tcl: Setting watchdog for 200 seconds at Thu Jun 06 04:32:10 UTC 2019
2 ms. Memory: 550912K Free: 534417K (97%)
ptolemy.util.test.WatchDog.cancel(): canceling Thu Jun 06 04:32:10 UTC 2019
------------------ testing $PTII/ptolemy/domains/de/test/auto/ResettableTimer2.xml
auto.tcl: Setting watchdog for 200 seconds at Thu Jun 06 04:32:10 UTC 2019
7 ms. Memory: 549376K Free: 524122K (95%)
ptolemy.util.test.WatchDog.cancel(): canceling Thu Jun 06 04:32:10 UTC 2019
auto.tcl: Setting watchdog for 200 seconds at Thu Jun 06 04:32:10 UTC 2019
4 ms. Memory: 549376K Free: 524122K (95%)
ptolemy.util.test.WatchDog.cancel(): canceling Thu Jun 06 04:32:10 UTC 2019
------------------ testing $PTII/ptolemy/domains/de/test/auto/ResettableTimer3.xml
auto.tcl: Setting watchdog for 200 seconds at Thu Jun 06 04:32:10 UTC 2019
1 ms. Memory: 550912K Free: 534473K (97%)
ptolemy.util.test.WatchDog.cancel(): canceling Thu Jun 06 04:32:10 UTC 2019
auto.tcl: Setting watchdog for 200 seconds at Thu Jun 06 04:32:10 UTC 2019
2 ms. Memory: 550912K Free: 534473K (97%)
ptolemy.util.test.WatchDog.cancel(): canceling Thu Jun 06 04:32:10 UTC 2019
------------------ testing $PTII/ptolemy/domains/de/test/auto/ResettableTimer4.xml
auto.tcl: Setting watchdog for 200 seconds at Thu Jun 06 04:32:11 UTC 2019
1 ms. Memory: 549376K Free: 533494K (97%)
ptolemy.util.test.WatchDog.cancel(): canceling Thu Jun 06 04:32:11 UTC 2019
auto.tcl: Setting watchdog for 200 seconds at Thu Jun 06 04:32:11 UTC 2019
1 ms. Memory: 549376K Free: 533494K (97%)
ptolemy.util.test.WatchDog.cancel(): canceling Thu Jun 06 04:32:11 UTC 2019
------------------ testing $PTII/ptolemy/domains/de/test/auto/ResettableTimer5.xml
auto.tcl: Setting watchdog for 200 seconds at Thu Jun 06 04:32:11 UTC 2019
1 ms. Memory: 550400K Free: 534516K (97%)
ptolemy.util.test.WatchDog.cancel(): canceling Thu Jun 06 04:32:11 UTC 2019
auto.tcl: Setting watchdog for 200 seconds at Thu Jun 06 04:32:11 UTC 2019
1 ms. Memory: 550400K Free: 534516K (97%)
ptolemy.util.test.WatchDog.cancel(): canceling Thu Jun 06 04:32:11 UTC 2019
------------------ testing $PTII/ptolemy/domains/de/test/auto/ResettableTimer6.xml
auto.tcl: Setting watchdog for 200 seconds at Thu Jun 06 04:32:11 UTC 2019
2 ms. Memory: 549376K Free: 528218K (96%)
ptolemy.util.test.WatchDog.cancel(): canceling Thu Jun 06 04:32:11 UTC 2019
auto.tcl: Setting watchdog for 200 seconds at Thu Jun 06 04:32:11 UTC 2019
1 ms. Memory: 549376K Free: 528218K (96%)
ptolemy.util.test.WatchDog.cancel(): canceling Thu Jun 06 04:32:11 UTC 2019
------------------ testing $PTII/ptolemy/domains/de/test/auto/ServerZeroDelay.xml
auto.tcl: Setting watchdog for 200 seconds at Thu Jun 06 04:32:11 UTC 2019
4 ms. Memory: 550400K Free: 534456K (97%)
ptolemy.util.test.WatchDog.cancel(): canceling Thu Jun 06 04:32:11 UTC 2019
auto.tcl: Setting watchdog for 200 seconds at Thu Jun 06 04:32:11 UTC 2019
2 ms. Memory: 550400K Free: 534456K (97%)
ptolemy.util.test.WatchDog.cancel(): canceling Thu Jun 06 04:32:11 UTC 2019
------------------ testing $PTII/ptolemy/domains/de/test/auto/SmartSender.xml
auto.tcl: Setting watchdog for 200 seconds at Thu Jun 06 04:32:11 UTC 2019
3001 ms. Memory: 549376K Free: 528747K (96%)
ptolemy.util.test.WatchDog.cancel(): canceling Thu Jun 06 04:32:14 UTC 2019
auto.tcl: Setting watchdog for 200 seconds at Thu Jun 06 04:32:14 UTC 2019
3001 ms. Memory: 549376K Free: 528747K (96%)
ptolemy.util.test.WatchDog.cancel(): canceling Thu Jun 06 04:32:17 UTC 2019
------------------ testing $PTII/ptolemy/domains/de/test/auto/ThreadedComposite.xml
auto.tcl: Setting watchdog for 200 seconds at Thu Jun 06 04:32:17 UTC 2019
206 ms. Memory: 550400K Free: 513353K (93%)
ptolemy.util.test.WatchDog.cancel(): canceling Thu Jun 06 04:32:17 UTC 2019
auto.tcl: Setting watchdog for 200 seconds at Thu Jun 06 04:32:17 UTC 2019
129 ms. Memory: 550400K Free: 497464K (90%)
ptolemy.util.test.WatchDog.cancel(): canceling Thu Jun 06 04:32:17 UTC 2019
------------------ testing $PTII/ptolemy/domains/de/test/auto/Time.xml
auto.tcl: Setting watchdog for 200 seconds at Thu Jun 06 04:32:17 UTC 2019
508 ms. Memory: 549376K Free: 481131K (88%)
ptolemy.util.test.WatchDog.cancel(): canceling Thu Jun 06 04:32:18 UTC 2019
auto.tcl: Setting watchdog for 200 seconds at Thu Jun 06 04:32:18 UTC 2019
461 ms. Memory: 549376K Free: 428893K (78%)
ptolemy.util.test.WatchDog.cancel(): canceling Thu Jun 06 04:32:18 UTC 2019
------------------ testing $PTII/ptolemy/domains/de/test/auto/TimeDelayZeroDelay.xml
auto.tcl: Setting watchdog for 200 seconds at Thu Jun 06 04:32:18 UTC 2019
2 ms. Memory: 550400K Free: 533830K (97%)
ptolemy.util.test.WatchDog.cancel(): canceling Thu Jun 06 04:32:18 UTC 2019
auto.tcl: Setting watchdog for 200 seconds at Thu Jun 06 04:32:18 UTC 2019
2 ms. Memory: 550400K Free: 533830K (97%)
ptolemy.util.test.WatchDog.cancel(): canceling Thu Jun 06 04:32:18 UTC 2019
------------------ testing $PTII/ptolemy/domains/de/test/auto/TimerZeroDelay.xml
auto.tcl: Setting watchdog for 200 seconds at Thu Jun 06 04:32:18 UTC 2019
4 ms. Memory: 549376K Free: 533392K (97%)
ptolemy.util.test.WatchDog.cancel(): canceling Thu Jun 06 04:32:18 UTC 2019
auto.tcl: Setting watchdog for 200 seconds at Thu Jun 06 04:32:18 UTC 2019
2 ms. Memory: 549376K Free: 533392K (97%)
ptolemy.util.test.WatchDog.cancel(): canceling Thu Jun 06 04:32:18 UTC 2019
------------------ testing $PTII/ptolemy/domains/de/test/auto/TimingParadox.xml
auto.tcl: Setting watchdog for 200 seconds at Thu Jun 06 04:32:18 UTC 2019
284 ms. Memory: 549888K Free: 467938K (85%)
ptolemy.util.test.WatchDog.cancel(): canceling Thu Jun 06 04:32:19 UTC 2019
auto.tcl: Setting watchdog for 200 seconds at Thu Jun 06 04:32:19 UTC 2019
283 ms. Memory: 549888K Free: 435289K (79%)
ptolemy.util.test.WatchDog.cancel(): canceling Thu Jun 06 04:32:19 UTC 2019
------------------ testing $PTII/ptolemy/domains/de/test/auto/TransferInputs.xml
auto.tcl: Setting watchdog for 200 seconds at Thu Jun 06 04:32:19 UTC 2019
2 ms. Memory: 549888K Free: 532866K (97%)
ptolemy.util.test.WatchDog.cancel(): canceling Thu Jun 06 04:32:19 UTC 2019
auto.tcl: Setting watchdog for 200 seconds at Thu Jun 06 04:32:19 UTC 2019
2 ms. Memory: 549888K Free: 532866K (97%)
ptolemy.util.test.WatchDog.cancel(): canceling Thu Jun 06 04:32:19 UTC 2019
------------------ testing $PTII/ptolemy/domains/de/test/auto/TransferOutputs2.xml
auto.tcl: Setting watchdog for 200 seconds at Thu Jun 06 04:32:19 UTC 2019
8 ms. Memory: 549376K Free: 522246K (95%)
ptolemy.util.test.WatchDog.cancel(): canceling Thu Jun 06 04:32:19 UTC 2019
auto.tcl: Setting watchdog for 200 seconds at Thu Jun 06 04:32:19 UTC 2019
3 ms. Memory: 549376K Free: 522246K (95%)
ptolemy.util.test.WatchDog.cancel(): canceling Thu Jun 06 04:32:19 UTC 2019
------------------ testing $PTII/ptolemy/domains/de/test/auto/Trilateration.xml
auto.tcl: Setting watchdog for 200 seconds at Thu Jun 06 04:32:19 UTC 2019
13775 ms. Memory: 967680K Free: 666533K (69%)
ptolemy.util.test.WatchDog.cancel(): canceling Thu Jun 06 04:32:34 UTC 2019
auto.tcl: Setting watchdog for 200 seconds at Thu Jun 06 04:32:34 UTC 2019
10790 ms. Memory: 850432K Free: 510744K (60%)
ptolemy.util.test.WatchDog.cancel(): canceling Thu Jun 06 04:32:45 UTC 2019
------------------ testing $PTII/ptolemy/domains/de/test/auto/TwoSigmaDelta.xml
auto.tcl: Setting watchdog for 200 seconds at Thu Jun 06 04:32:45 UTC 2019
2663 ms. Memory: 846336K Free: 542535K (64%)
ptolemy.util.test.WatchDog.cancel(): canceling Thu Jun 06 04:32:48 UTC 2019
auto.tcl: Setting watchdog for 200 seconds at Thu Jun 06 04:32:48 UTC 2019
1934 ms. Memory: 846336K Free: 314340K (37%)
ptolemy.util.test.WatchDog.cancel(): canceling Thu Jun 06 04:32:50 UTC 2019
------------------ testing $PTII/ptolemy/domains/de/test/auto/VariableDelay.xml
auto.tcl: Setting watchdog for 200 seconds at Thu Jun 06 04:32:50 UTC 2019
3 ms. Memory: 849920K Free: 825704K (97%)
ptolemy.util.test.WatchDog.cancel(): canceling Thu Jun 06 04:32:50 UTC 2019
auto.tcl: Setting watchdog for 200 seconds at Thu Jun 06 04:32:50 UTC 2019
1 ms. Memory: 849920K Free: 825704K (97%)
ptolemy.util.test.WatchDog.cancel(): canceling Thu Jun 06 04:32:50 UTC 2019
------------------ testing $PTII/ptolemy/domains/de/test/auto/VariableDelay2.xml
auto.tcl: Setting watchdog for 200 seconds at Thu Jun 06 04:32:50 UTC 2019
7 ms. Memory: 846336K Free: 822601K (97%)
ptolemy.util.test.WatchDog.cancel(): canceling Thu Jun 06 04:32:50 UTC 2019
auto.tcl: Setting watchdog for 200 seconds at Thu Jun 06 04:32:50 UTC 2019
2 ms. Memory: 846336K Free: 822601K (97%)
ptolemy.util.test.WatchDog.cancel(): canceling Thu Jun 06 04:32:50 UTC 2019
------------------ testing $PTII/ptolemy/domains/de/test/auto/VariableDelayZeroDelay.xml
auto.tcl: Setting watchdog for 200 seconds at Thu Jun 06 04:32:50 UTC 2019
4 ms. Memory: 849408K Free: 825671K (97%)
ptolemy.util.test.WatchDog.cancel(): canceling Thu Jun 06 04:32:50 UTC 2019
auto.tcl: Setting watchdog for 200 seconds at Thu Jun 06 04:32:50 UTC 2019
2 ms. Memory: 849408K Free: 825671K (97%)
ptolemy.util.test.WatchDog.cancel(): canceling Thu Jun 06 04:32:50 UTC 2019
------------------ testing $PTII/ptolemy/domains/de/test/auto/VariableDelayZeroDelay2.xml
auto.tcl: Setting watchdog for 200 seconds at Thu Jun 06 04:32:50 UTC 2019
2 ms. Memory: 846336K Free: 814948K (96%)
ptolemy.util.test.WatchDog.cancel(): canceling Thu Jun 06 04:32:50 UTC 2019
auto.tcl: Setting watchdog for 200 seconds at Thu Jun 06 04:32:50 UTC 2019
2 ms. Memory: 846336K Free: 814948K (96%)
ptolemy.util.test.WatchDog.cancel(): canceling Thu Jun 06 04:32:50 UTC 2019
------------------ testing $PTII/ptolemy/domains/de/test/auto/deInCt.xml
auto.tcl: Setting watchdog for 200 seconds at Thu Jun 06 04:32:50 UTC 2019
0
1
1
1
1
0
0
0
1
1
1
1
1
0
0
0
0
1
1
1
0
0
0
0
1
1
1
0
0
0
0
1
1
1
1
17 ms. Memory: 849408K Free: 818017K (96%)
ptolemy.util.test.WatchDog.cancel(): canceling Thu Jun 06 04:32:50 UTC 2019
auto.tcl: Setting watchdog for 200 seconds at Thu Jun 06 04:32:50 UTC 2019
0
1
1
1
1
1
0
0
0
1
1
1
1
1
0
0
0
1
1
1
1
0
0
0
1
1
1
1
1
1
9 ms. Memory: 849408K Free: 818017K (96%)
ptolemy.util.test.WatchDog.cancel(): canceling Thu Jun 06 04:32:50 UTC 2019
------------------ testing $PTII/ptolemy/domains/de/test/auto/deInCt2.xml
auto.tcl: Setting watchdog for 200 seconds at Thu Jun 06 04:32:50 UTC 2019
0
1
1
1
0
0
1
1
1
0
0
1
1
1
0
0
1
1
1
0
0
1
1
1
0
0
1
1
1
0
0
1
1
1
0
0
1
1
1
0
0
0
18 ms. Memory: 846336K Free: 814878K (96%)
ptolemy.util.test.WatchDog.cancel(): canceling Thu Jun 06 04:32:50 UTC 2019
auto.tcl: Setting watchdog for 200 seconds at Thu Jun 06 04:32:50 UTC 2019
0
1
1
1
0
0
1
1
1
0
0
1
1
1
0
0
1
1
1
0
0
1
1
1
0
0
1
1
1
0
0
1
1
1
0
0
1
1
1
0
0
0
8 ms. Memory: 846336K Free: 814878K (96%)
ptolemy.util.test.WatchDog.cancel(): canceling Thu Jun 06 04:32:50 UTC 2019
------------------ testing $PTII/ptolemy/domains/de/test/auto/dynamicCausalityInterface1.xml
auto.tcl: Setting watchdog for 200 seconds at Thu Jun 06 04:32:50 UTC 2019
1 ms. Memory: 848896K Free: 817500K (96%)
ptolemy.util.test.WatchDog.cancel(): canceling Thu Jun 06 04:32:50 UTC 2019
auto.tcl: Setting watchdog for 200 seconds at Thu Jun 06 04:32:50 UTC 2019
1 ms. Memory: 848896K Free: 817500K (96%)
ptolemy.util.test.WatchDog.cancel(): canceling Thu Jun 06 04:32:50 UTC 2019
------------------ testing $PTII/ptolemy/domains/de/test/auto/fsm_de_test.xml
auto.tcl: Setting watchdog for 200 seconds at Thu Jun 06 04:32:50 UTC 2019
10 ms. Memory: 846336K Free: 814834K (96%)
ptolemy.util.test.WatchDog.cancel(): canceling Thu Jun 06 04:32:50 UTC 2019
auto.tcl: Setting watchdog for 200 seconds at Thu Jun 06 04:32:50 UTC 2019
8 ms. Memory: 846336K Free: 814834K (96%)
ptolemy.util.test.WatchDog.cancel(): canceling Thu Jun 06 04:32:50 UTC 2019
------------------ testing $PTII/ptolemy/domains/de/test/auto/functionDependencyReconstruction.xml
auto.tcl: Setting watchdog for 200 seconds at Thu Jun 06 04:32:50 UTC 2019
5 ms. Memory: 848384K Free: 805621K (95%)
ptolemy.util.test.WatchDog.cancel(): canceling Thu Jun 06 04:32:50 UTC 2019
auto.tcl: Setting watchdog for 200 seconds at Thu Jun 06 04:32:50 UTC 2019
3 ms. Memory: 848384K Free: 805621K (95%)
ptolemy.util.test.WatchDog.cancel(): canceling Thu Jun 06 04:32:50 UTC 2019
------------------ testing $PTII/ptolemy/domains/de/test/auto/multirate.xml
auto.tcl: Setting watchdog for 200 seconds at Thu Jun 06 04:32:50 UTC 2019
4 ms. Memory: 846336K Free: 814700K (96%)
ptolemy.util.test.WatchDog.cancel(): canceling Thu Jun 06 04:32:50 UTC 2019
auto.tcl: Setting watchdog for 200 seconds at Thu Jun 06 04:32:50 UTC 2019
3 ms. Memory: 846336K Free: 814633K (96%)
ptolemy.util.test.WatchDog.cancel(): canceling Thu Jun 06 04:32:50 UTC 2019
------------------ testing $PTII/ptolemy/domains/de/test/auto/multirate2.xml
auto.tcl: Setting watchdog for 200 seconds at Thu Jun 06 04:32:50 UTC 2019
8 ms. Memory: 848384K Free: 824585K (97%)
ptolemy.util.test.WatchDog.cancel(): canceling Thu Jun 06 04:32:50 UTC 2019
auto.tcl: Setting watchdog for 200 seconds at Thu Jun 06 04:32:50 UTC 2019
3 ms. Memory: 848384K Free: 824585K (97%)
ptolemy.util.test.WatchDog.cancel(): canceling Thu Jun 06 04:32:50 UTC 2019
------------------ testing $PTII/ptolemy/domains/de/test/auto/realtime.xml
auto.tcl: Setting watchdog for 200 seconds at Thu Jun 06 04:32:51 UTC 2019
10003 ms. Memory: 846336K Free: 814819K (96%)
ptolemy.util.test.WatchDog.cancel(): canceling Thu Jun 06 04:33:01 UTC 2019
auto.tcl: Setting watchdog for 200 seconds at Thu Jun 06 04:33:01 UTC 2019
10001 ms. Memory: 846336K Free: 814819K (96%)
ptolemy.util.test.WatchDog.cancel(): canceling Thu Jun 06 04:33:11 UTC 2019
------------------ testing $PTII/ptolemy/domains/de/test/auto/relationGroup.xml
auto.tcl: Setting watchdog for 200 seconds at Thu Jun 06 04:33:11 UTC 2019
2 ms. Memory: 847872K Free: 824097K (97%)
ptolemy.util.test.WatchDog.cancel(): canceling Thu Jun 06 04:33:11 UTC 2019
auto.tcl: Setting watchdog for 200 seconds at Thu Jun 06 04:33:11 UTC 2019
1 ms. Memory: 847872K Free: 824097K (97%)
ptolemy.util.test.WatchDog.cancel(): canceling Thu Jun 06 04:33:11 UTC 2019
------------------ testing $PTII/ptolemy/domains/de/test/auto/relationGroup2.xml
auto.tcl: Setting watchdog for 200 seconds at Thu Jun 06 04:33:11 UTC 2019
1 ms. Memory: 846336K Free: 814938K (96%)
ptolemy.util.test.WatchDog.cancel(): canceling Thu Jun 06 04:33:11 UTC 2019
auto.tcl: Setting watchdog for 200 seconds at Thu Jun 06 04:33:11 UTC 2019
2 ms. Memory: 846336K Free: 814938K (96%)
ptolemy.util.test.WatchDog.cancel(): canceling Thu Jun 06 04:33:11 UTC 2019
------------------ testing $PTII/ptolemy/domains/de/test/auto/sortWithOpaquePorts.xml
auto.tcl: Setting watchdog for 200 seconds at Thu Jun 06 04:33:11 UTC 2019
1 ms. Memory: 847872K Free: 816476K (96%)
ptolemy.util.test.WatchDog.cancel(): canceling Thu Jun 06 04:33:11 UTC 2019
auto.tcl: Setting watchdog for 200 seconds at Thu Jun 06 04:33:11 UTC 2019
2 ms. Memory: 847872K Free: 816476K (96%)
ptolemy.util.test.WatchDog.cancel(): canceling Thu Jun 06 04:33:11 UTC 2019
------------------ testing $PTII/ptolemy/domains/de/test/auto/transferInputsandOutputs.xml
auto.tcl: Setting watchdog for 200 seconds at Thu Jun 06 04:33:11 UTC 2019
2 ms. Memory: 846336K Free: 814927K (96%)
ptolemy.util.test.WatchDog.cancel(): canceling Thu Jun 06 04:33:11 UTC 2019
auto.tcl: Setting watchdog for 200 seconds at Thu Jun 06 04:33:11 UTC 2019
2 ms. Memory: 846336K Free: 814927K (96%)
ptolemy.util.test.WatchDog.cancel(): canceling Thu Jun 06 04:33:11 UTC 2019
------------------ testing $PTII/ptolemy/domains/de/test/auto/triggerType.xml
auto.tcl: Setting watchdog for 200 seconds at Thu Jun 06 04:33:11 UTC 2019
1 ms. Memory: 847360K Free: 815900K (96%)
ptolemy.util.test.WatchDog.cancel(): canceling Thu Jun 06 04:33:11 UTC 2019
auto.tcl: Setting watchdog for 200 seconds at Thu Jun 06 04:33:11 UTC 2019
2 ms. Memory: 847360K Free: 815900K (96%)
ptolemy.util.test.WatchDog.cancel(): canceling Thu Jun 06 04:33:11 UTC 2019
06/06/19 04:33:11
Failed: 0  Total Tests: 192  ((Passed: 187, Newly Passed: 1)  Known Failed: 5) /home/travis/build/icyphy/ptII/ptolemy/domains/de/test
06/06/19 04:33:11
Failed: 0  Total Tests: 192  ((Passed: 187, Newly Passed: 1)  Known Failed: 5) /home/travis/build/icyphy/ptII/ptolemy/domains/de/test
----------------- testing (KnownFailure) /home/travis/build/icyphy/ptII/ptolemy/domains/de/test/auto/knownFailedTests/DESDFClockTest.xml
2010 ms. Memory: 846336K Free: 799631K (94%)
Known Failure: java.lang.reflect.InvocationTargetException
----------------- testing (KnownFailure) /home/travis/build/icyphy/ptII/ptolemy/domains/de/test/auto/knownFailedTests/DirectFeedback.xml
2 ms. Memory: 846336K Free: 738436K (87%)
Known Failure: java.lang.reflect.InvocationTargetException
----------------- testing (KnownFailure) /home/travis/build/icyphy/ptII/ptolemy/domains/de/test/auto/knownFailedTests/FSMSource.xml
6 ms. Memory: 846336K Free: 677242K (80%)
----------------- testing (KnownFailure) /home/travis/build/icyphy/ptII/ptolemy/domains/de/test/auto/knownFailedTests/HierarchicalModel.xml
3 ms. Memory: 846336K Free: 631263K (75%)
Known Failure: java.lang.reflect.InvocationTargetException
----------------- testing (KnownFailure) /home/travis/build/icyphy/ptII/ptolemy/domains/de/test/auto/knownFailedTests/dependencyLoop.xml
2 ms. Memory: 846336K Free: 570068K (67%)
Known Failure: java.lang.reflect.InvocationTargetException
----------------- testing (KnownFailure) /home/travis/build/icyphy/ptII/ptolemy/domains/de/test/auto/knownFailedTests/dependencyLoop2.xml
7 ms. Memory: 846336K Free: 508874K (60%)
Known Failure: java.lang.reflect.InvocationTargetException
No auto/linux-amd64/*.xml tests in /home/travis/build/icyphy/ptII/ptolemy/domains/de/test
AutoTests.java: About to close Vertx.
AutoTests.java: Vertx closed.

===========================================================================================
----------------- testing Thu Jun 06 04:33:13 UTC 2019 /home/travis/build/icyphy/ptII/ptolemy/domains/de/test/auto/ActorDepthCalculation_actorWithoutPorts.xml
----------------- Instantiating /home/travis/build/icyphy/ptII/ptolemy/domains/de/test/auto/ActorDepthCalculation_actorWithoutPorts.xml
2 ms. Memory: 846336K Free: 432381K (51%)
----------------- Invoking toplevel() on ptolemy.moml.MoMLSimpleApplication@26ae6f5b
----------------- Done invoking toplevel() on ptolemy.moml.MoMLSimpleApplication@26ae6f5b
reloadAllAccessors: .ActorDepthCalculation_actorWithoutPorts

===========================================================================================
----------------- testing Thu Jun 06 04:33:13 UTC 2019 /home/travis/build/icyphy/ptII/ptolemy/domains/de/test/auto/AssemblyLine.xml
----------------- Instantiating /home/travis/build/icyphy/ptII/ptolemy/domains/de/test/auto/AssemblyLine.xml
5 ms. Memory: 846336K Free: 401784K (47%)
----------------- Invoking toplevel() on ptolemy.moml.MoMLSimpleApplication@114741a9
----------------- Done invoking toplevel() on ptolemy.moml.MoMLSimpleApplication@114741a9
reloadAllAccessors: .AssemblyLine

===========================================================================================
----------------- testing Thu Jun 06 04:33:13 UTC 2019 /home/travis/build/icyphy/ptII/ptolemy/domains/de/test/auto/CQBug1.xml
----------------- Instantiating /home/travis/build/icyphy/ptII/ptolemy/domains/de/test/auto/CQBug1.xml
1 ms. Memory: 846336K Free: 371186K (44%)
----------------- Invoking toplevel() on ptolemy.moml.MoMLSimpleApplication@a1601e8
----------------- Done invoking toplevel() on ptolemy.moml.MoMLSimpleApplication@a1601e8
reloadAllAccessors: .CQBug1

===========================================================================================
----------------- testing Thu Jun 06 04:33:13 UTC 2019 /home/travis/build/icyphy/ptII/ptolemy/domains/de/test/auto/CancelFireAt.xml
----------------- Instantiating /home/travis/build/icyphy/ptII/ptolemy/domains/de/test/auto/CancelFireAt.xml
2 ms. Memory: 846336K Free: 340589K (40%)
----------------- Invoking toplevel() on ptolemy.moml.MoMLSimpleApplication@4915f8c8
----------------- Done invoking toplevel() on ptolemy.moml.MoMLSimpleApplication@4915f8c8
reloadAllAccessors: .CancelFireAt

===========================================================================================
----------------- testing Thu Jun 06 04:33:13 UTC 2019 /home/travis/build/icyphy/ptII/ptolemy/domains/de/test/auto/CausalityAndComposabilityAnalysis.xml
----------------- Instantiating /home/travis/build/icyphy/ptII/ptolemy/domains/de/test/auto/CausalityAndComposabilityAnalysis.xml
2 ms. Memory: 846336K Free: 309992K (37%)
----------------- Invoking toplevel() on ptolemy.moml.MoMLSimpleApplication@742e7b0d
----------------- Done invoking toplevel() on ptolemy.moml.MoMLSimpleApplication@742e7b0d
reloadAllAccessors: .CausalityAndComposabilityAnalysis

===========================================================================================
----------------- testing Thu Jun 06 04:33:13 UTC 2019 /home/travis/build/icyphy/ptII/ptolemy/domains/de/test/auto/CausalityInterface1.xml
----------------- Instantiating /home/travis/build/icyphy/ptII/ptolemy/domains/de/test/auto/CausalityInterface1.xml
4 ms. Memory: 846336K Free: 279395K (33%)
----------------- Invoking toplevel() on ptolemy.moml.MoMLSimpleApplication@dc26206
----------------- Done invoking toplevel() on ptolemy.moml.MoMLSimpleApplication@dc26206
reloadAllAccessors: .CausalityInterface1

===========================================================================================
----------------- testing Thu Jun 06 04:33:13 UTC 2019 /home/travis/build/icyphy/ptII/ptolemy/domains/de/test/auto/CausalityInterface15.xml
----------------- Instantiating /home/travis/build/icyphy/ptII/ptolemy/domains/de/test/auto/CausalityInterface15.xml
2 ms. Memory: 846336K Free: 248798K (29%)
----------------- Invoking toplevel() on ptolemy.moml.MoMLSimpleApplication@286c5af2
----------------- Done invoking toplevel() on ptolemy.moml.MoMLSimpleApplication@286c5af2
reloadAllAccessors: .CausalityInterface15

[...]
java.lang.RuntimeException: Execution failed
	at ptolemy.moml.MoMLSimpleApplication$UnloadThread.run(MoMLSimpleApplication.java:402)
Caused by: ptolemy.kernel.util.IllegalActionException: Test fails in iteration 1.
Value was: 1.0. Should have been: 2.0
  in .DirectFeedback.Test
	at ptolemy.actor.lib.Test.fire(Test.java:268)
	at ptolemy.domains.de.kernel.DEDirector._fire(DEDirector.java:1949)
	at ptolemy.domains.de.kernel.DEDirector.fire(DEDirector.java:502)
	at ptolemy.actor.CompositeActor.fire(CompositeActor.java:455)
	at ptolemy.actor.Manager.iterate(Manager.java:851)
	at ptolemy.actor.Manager.execute(Manager.java:369)
	at ptolemy.actor.Manager.run(Manager.java:1263)
	at ptolemy.actor.Manager$PtolemyRunThread.run(Manager.java:1915)
java.lang.RuntimeException: Execution failed
	at ptolemy.moml.MoMLSimpleApplication$UnloadThread.run(MoMLSimpleApplication.java:402)
Caused by: ptolemy.kernel.util.IllegalActionException: Actor is not ready to fire.  Perhaps UpSample.prefire() returned false? Try debugging the actor by selecting "Listen to Actor".  Also, for SDF check moml for tokenConsumptionRate on input.
  in .DESDFClockTest.Play Bell.Copy1:SDF Director and .DESDFClockTest.Play Bell.UpSample
	at ptolemy.actor.sched.StaticSchedulingDirector.fire(StaticSchedulingDirector.java:227)
	at ptolemy.domains.sdf.kernel.SDFDirector.fire(SDFDirector.java:500)
	at ptolemy.actor.CompositeActor.fire(CompositeActor.java:455)
	at ptolemy.domains.de.kernel.DEDirector._fire(DEDirector.java:1949)
	at ptolemy.domains.de.kernel.DEDirector.fire(DEDirector.java:502)
	at ptolemy.actor.CompositeActor.fire(CompositeActor.java:455)
	at ptolemy.actor.Manager.iterate(Manager.java:851)
	at ptolemy.actor.Manager.execute(Manager.java:369)
	at ptolemy.actor.Manager.run(Manager.java:1263)
	at ptolemy.actor.Manager$PtolemyRunThread.run(Manager.java:1915)
java.lang.reflect.InvocationTargetException
	at sun.reflect.NativeConstructorAccessorImpl.newInstance0(Native Method)
	at sun.reflect.NativeConstructorAccessorImpl.newInstance(NativeConstructorAccessorImpl.java:62)
	at sun.reflect.DelegatingConstructorAccessorImpl.newInstance(DelegatingConstructorAccessorImpl.java:45)
	at java.lang.reflect.Constructor.newInstance(Constructor.java:423)
	at ptolemy.util.test.junit.AutoKnownFailedTests.RunModel(AutoKnownFailedTests.java:105)
	at sun.reflect.NativeMethodAccessorImpl.invoke0(Native Method)
	at sun.reflect.NativeMethodAccessorImpl.invoke(NativeMethodAccessorImpl.java:62)
	at sun.reflect.DelegatingMethodAccessorImpl.invoke(DelegatingMethodAccessorImpl.java:43)
	at java.lang.reflect.Method.invoke(Method.java:498)
	at org.junit.runners.model.FrameworkMethod$1.runReflectiveCall(FrameworkMethod.java:44)
	at org.junit.internal.runners.model.ReflectiveCallable.run(ReflectiveCallable.java:15)
	at org.junit.runners.model.FrameworkMethod.invokeExplosively(FrameworkMethod.java:41)
	at junitparams.internal.InvokeParameterisedMethod.evaluate(InvokeParameterisedMethod.java:102)
	at org.junit.internal.runners.statements.FailOnTimeout$1.run(FailOnTimeout.java:28)
Caused by: ptolemy.kernel.util.IllegalActionException: Actor is not ready to fire.  Perhaps UpSample.prefire() returned false? Try debugging the actor by selecting "Listen to Actor".  Also, for SDF check moml for tokenConsumptionRate on input.
  in .DESDFClockTest.Play Bell.Copy1:SDF Director and .DESDFClockTest.Play Bell.UpSample
	at ptolemy.actor.sched.StaticSchedulingDirector.fire(StaticSchedulingDirector.java:227)
	at ptolemy.domains.sdf.kernel.SDFDirector.fire(SDFDirector.java:500)
	at ptolemy.actor.CompositeActor.fire(CompositeActor.java:455)
	at ptolemy.domains.de.kernel.DEDirector._fire(DEDirector.java:1949)
	at ptolemy.domains.de.kernel.DEDirector.fire(DEDirector.java:502)
	at ptolemy.actor.CompositeActor.fire(CompositeActor.java:455)
	at ptolemy.actor.Manager.iterate(Manager.java:851)
	at ptolemy.actor.Manager.execute(Manager.java:369)
	at ptolemy.actor.Manager.run(Manager.java:1263)
	at ptolemy.actor.Manager$PtolemyRunThread.run(Manager.java:1915)
java.lang.RuntimeException: Execution failed
	at ptolemy.moml.MoMLSimpleApplication$UnloadThread.run(MoMLSimpleApplication.java:402)
Caused by: ptolemy.kernel.util.IllegalActionException: Test fails in iteration 1.
Value was: 1.0. Should have been: 2.0
  in .DirectFeedback.Test
	at ptolemy.actor.lib.Test.fire(Test.java:268)
	at ptolemy.domains.de.kernel.DEDirector._fire(DEDirector.java:1949)
	at ptolemy.domains.de.kernel.DEDirector.fire(DEDirector.java:502)
	at ptolemy.actor.CompositeActor.fire(CompositeActor.java:455)
	at ptolemy.actor.Manager.iterate(Manager.java:851)
	at ptolemy.actor.Manager.execute(Manager.java:369)
	at ptolemy.actor.Manager.run(Manager.java:1263)
	at ptolemy.actor.Manager$PtolemyRunThread.run(Manager.java:1915)
java.lang.reflect.InvocationTargetException
	at sun.reflect.NativeConstructorAccessorImpl.newInstance0(Native Method)
	at sun.reflect.NativeConstructorAccessorImpl.newInstance(NativeConstructorAccessorImpl.java:62)
	at sun.reflect.DelegatingConstructorAccessorImpl.newInstance(DelegatingConstructorAccessorImpl.java:45)
	at java.lang.reflect.Constructor.newInstance(Constructor.java:423)
	at ptolemy.util.test.junit.AutoKnownFailedTests.RunModel(AutoKnownFailedTests.java:105)
	at sun.reflect.NativeMethodAccessorImpl.invoke0(Native Method)
	at sun.reflect.NativeMethodAccessorImpl.invoke(NativeMethodAccessorImpl.java:62)
	at sun.reflect.DelegatingMethodAccessorImpl.invoke(DelegatingMethodAccessorImpl.java:43)
	at java.lang.reflect.Method.invoke(Method.java:498)
	at org.junit.runners.model.FrameworkMethod$1.runReflectiveCall(FrameworkMethod.java:44)
	at org.junit.internal.runners.model.ReflectiveCallable.run(ReflectiveCallable.java:15)
	at org.junit.runners.model.FrameworkMethod.invokeExplosively(FrameworkMethod.java:41)
	at junitparams.internal.InvokeParameterisedMethod.evaluate(InvokeParameterisedMethod.java:102)
	at org.junit.internal.runners.statements.FailOnTimeout$1.run(FailOnTimeout.java:28)
Caused by: ptolemy.kernel.util.IllegalActionException: Test fails in iteration 1.
Value was: 1.0. Should have been: 2.0
  in .DirectFeedback.Test
	at ptolemy.actor.lib.Test.fire(Test.java:268)
	at ptolemy.domains.de.kernel.DEDirector._fire(DEDirector.java:1949)
	at ptolemy.domains.de.kernel.DEDirector.fire(DEDirector.java:502)
	at ptolemy.actor.CompositeActor.fire(CompositeActor.java:455)
	at ptolemy.actor.Manager.iterate(Manager.java:851)
	at ptolemy.actor.Manager.execute(Manager.java:369)
	at ptolemy.actor.Manager.run(Manager.java:1263)
	at ptolemy.actor.Manager$PtolemyRunThread.run(Manager.java:1915)
java.lang.RuntimeException: Execution failed
	at ptolemy.moml.MoMLSimpleApplication$UnloadThread.run(MoMLSimpleApplication.java:402)
Caused by: ptolemy.kernel.util.IllegalActionException: Found a zero delay loop containing .HierarchicalModel.A
  in .HierarchicalModel and .HierarchicalModel.A
	at ptolemy.actor.util.CausalityInterfaceForComposites._computeOutputPortDepth(CausalityInterfaceForComposites.java:759)
	at ptolemy.actor.util.CausalityInterfaceForComposites._computeInputDepth(CausalityInterfaceForComposites.java:696)
	at ptolemy.actor.util.CausalityInterfaceForComposites._computeOutputPortDepth(CausalityInterfaceForComposites.java:765)
	at ptolemy.actor.util.CausalityInterfaceForComposites._computeInputDepth(CausalityInterfaceForComposites.java:696)
	at ptolemy.actor.util.CausalityInterfaceForComposites._computeOutputPortDepth(CausalityInterfaceForComposites.java:765)
	at ptolemy.actor.util.CausalityInterfaceForComposites._computeInputDepth(CausalityInterfaceForComposites.java:696)
	at ptolemy.actor.util.CausalityInterfaceForComposites._computeActorDepth(CausalityInterfaceForComposites.java:532)
	at ptolemy.actor.util.CausalityInterfaceForComposites.checkForCycles(CausalityInterfaceForComposites.java:96)
	at ptolemy.domains.de.kernel.DEDirector.preinitialize(DEDirector.java:1338)
	at ptolemy.actor.CompositeActor.preinitialize(CompositeActor.java:1828)
	at ptolemy.actor.Manager.preinitializeAndResolveTypes(Manager.java:1040)
	at ptolemy.actor.Manager.initialize(Manager.java:710)
	at ptolemy.actor.Manager.execute(Manager.java:356)
	at ptolemy.actor.Manager.run(Manager.java:1263)
	at ptolemy.actor.Manager$PtolemyRunThread.run(Manager.java:1915)
java.lang.reflect.InvocationTargetException
	at sun.reflect.NativeConstructorAccessorImpl.newInstance0(Native Method)
	at sun.reflect.NativeConstructorAccessorImpl.newInstance(NativeConstructorAccessorImpl.java:62)
	at sun.reflect.DelegatingConstructorAccessorImpl.newInstance(DelegatingConstructorAccessorImpl.java:45)
	at java.lang.reflect.Constructor.newInstance(Constructor.java:423)
	at ptolemy.util.test.junit.AutoKnownFailedTests.RunModel(AutoKnownFailedTests.java:105)
	at sun.reflect.NativeMethodAccessorImpl.invoke0(Native Method)
	at sun.reflect.NativeMethodAccessorImpl.invoke(NativeMethodAccessorImpl.java:62)
	at sun.reflect.DelegatingMethodAccessorImpl.invoke(DelegatingMethodAccessorImpl.java:43)
	at java.lang.reflect.Method.invoke(Method.java:498)
	at org.junit.runners.model.FrameworkMethod$1.runReflectiveCall(FrameworkMethod.java:44)
	at org.junit.internal.runners.model.ReflectiveCallable.run(ReflectiveCallable.java:15)
	at org.junit.runners.model.FrameworkMethod.invokeExplosively(FrameworkMethod.java:41)
	at junitparams.internal.InvokeParameterisedMethod.evaluate(InvokeParameterisedMethod.java:102)
	at org.junit.internal.runners.statements.FailOnTimeout$1.run(FailOnTimeout.java:28)
Caused by: ptolemy.kernel.util.IllegalActionException: Found a zero delay loop containing .HierarchicalModel.A
  in .HierarchicalModel and .HierarchicalModel.A
	at ptolemy.actor.util.CausalityInterfaceForComposites._computeOutputPortDepth(CausalityInterfaceForComposites.java:759)
	at ptolemy.actor.util.CausalityInterfaceForComposites._computeInputDepth(CausalityInterfaceForComposites.java:696)
	at ptolemy.actor.util.CausalityInterfaceForComposites._computeOutputPortDepth(CausalityInterfaceForComposites.java:765)
	at ptolemy.actor.util.CausalityInterfaceForComposites._computeInputDepth(CausalityInterfaceForComposites.java:696)
	at ptolemy.actor.util.CausalityInterfaceForComposites._computeOutputPortDepth(CausalityInterfaceForComposites.java:765)
	at ptolemy.actor.util.CausalityInterfaceForComposites._computeInputDepth(CausalityInterfaceForComposites.java:696)
	at ptolemy.actor.util.CausalityInterfaceForComposites._computeActorDepth(CausalityInterfaceForComposites.java:532)
	at ptolemy.actor.util.CausalityInterfaceForComposites.checkForCycles(CausalityInterfaceForComposites.java:96)
	at ptolemy.domains.de.kernel.DEDirector.preinitialize(DEDirector.java:1338)
	at ptolemy.actor.CompositeActor.preinitialize(CompositeActor.java:1828)
	at ptolemy.actor.Manager.preinitializeAndResolveTypes(Manager.java:1040)
	at ptolemy.actor.Manager.initialize(Manager.java:710)
	at ptolemy.actor.Manager.execute(Manager.java:356)
	at ptolemy.actor.Manager.run(Manager.java:1263)
	at ptolemy.actor.Manager$PtolemyRunThread.run(Manager.java:1915)
java.lang.RuntimeException: Execution failed
	at ptolemy.moml.MoMLSimpleApplication$UnloadThread.run(MoMLSimpleApplication.java:402)
Caused by: ptolemy.kernel.util.IllegalActionException: Found a zero delay loop containing .dependencyLoop.original
  in .dependencyLoop and .dependencyLoop.original
	at ptolemy.actor.util.CausalityInterfaceForComposites._computeOutputPortDepth(CausalityInterfaceForComposites.java:759)
	at ptolemy.actor.util.CausalityInterfaceForComposites._computeInputDepth(CausalityInterfaceForComposites.java:696)
	at ptolemy.actor.util.CausalityInterfaceForComposites._computeOutputPortDepth(CausalityInterfaceForComposites.java:765)
	at ptolemy.actor.util.CausalityInterfaceForComposites._computeInputDepth(CausalityInterfaceForComposites.java:696)
	at ptolemy.actor.util.CausalityInterfaceForComposites._computeOutputPortDepth(CausalityInterfaceForComposites.java:765)
	at ptolemy.actor.util.CausalityInterfaceForComposites._computeInputDepth(CausalityInterfaceForComposites.java:696)
	at ptolemy.actor.util.CausalityInterfaceForComposites._computeActorDepth(CausalityInterfaceForComposites.java:532)
	at ptolemy.actor.util.CausalityInterfaceForComposites.checkForCycles(CausalityInterfaceForComposites.java:96)
	at ptolemy.domains.de.kernel.DEDirector.preinitialize(DEDirector.java:1338)
	at ptolemy.actor.CompositeActor.preinitialize(CompositeActor.java:1828)
	at ptolemy.actor.Manager.preinitializeAndResolveTypes(Manager.java:1040)
	at ptolemy.actor.Manager.initialize(Manager.java:710)
	at ptolemy.actor.Manager.execute(Manager.java:356)
	at ptolemy.actor.Manager.run(Manager.java:1263)
	at ptolemy.actor.Manager$PtolemyRunThread.run(Manager.java:1915)
java.lang.reflect.InvocationTargetException
	at sun.reflect.NativeConstructorAccessorImpl.newInstance0(Native Method)
	at sun.reflect.NativeConstructorAccessorImpl.newInstance(NativeConstructorAccessorImpl.java:62)
	at sun.reflect.DelegatingConstructorAccessorImpl.newInstance(DelegatingConstructorAccessorImpl.java:45)
	at java.lang.reflect.Constructor.newInstance(Constructor.java:423)
	at ptolemy.util.test.junit.AutoKnownFailedTests.RunModel(AutoKnownFailedTests.java:105)
	at sun.reflect.NativeMethodAccessorImpl.invoke0(Native Method)
	at sun.reflect.NativeMethodAccessorImpl.invoke(NativeMethodAccessorImpl.java:62)
	at sun.reflect.DelegatingMethodAccessorImpl.invoke(DelegatingMethodAccessorImpl.java:43)
	at java.lang.reflect.Method.invoke(Method.java:498)
	at org.junit.runners.model.FrameworkMethod$1.runReflectiveCall(FrameworkMethod.java:44)
	at org.junit.internal.runners.model.ReflectiveCallable.run(ReflectiveCallable.java:15)
	at org.junit.runners.model.FrameworkMethod.invokeExplosively(FrameworkMethod.java:41)
	at junitparams.internal.InvokeParameterisedMethod.evaluate(InvokeParameterisedMethod.java:102)
	at org.junit.internal.runners.statements.FailOnTimeout$1.run(FailOnTimeout.java:28)
Caused by: ptolemy.kernel.util.IllegalActionException: Found a zero delay loop containing .dependencyLoop.original
  in .dependencyLoop and .dependencyLoop.original
	at ptolemy.actor.util.CausalityInterfaceForComposites._computeOutputPortDepth(CausalityInterfaceForComposites.java:759)
	at ptolemy.actor.util.CausalityInterfaceForComposites._computeInputDepth(CausalityInterfaceForComposites.java:696)
	at ptolemy.actor.util.CausalityInterfaceForComposites._computeOutputPortDepth(CausalityInterfaceForComposites.java:765)
	at ptolemy.actor.util.CausalityInterfaceForComposites._computeInputDepth(CausalityInterfaceForComposites.java:696)
	at ptolemy.actor.util.CausalityInterfaceForComposites._computeOutputPortDepth(CausalityInterfaceForComposites.java:765)
	at ptolemy.actor.util.CausalityInterfaceForComposites._computeInputDepth(CausalityInterfaceForComposites.java:696)
	at ptolemy.actor.util.CausalityInterfaceForComposites._computeActorDepth(CausalityInterfaceForComposites.java:532)
	at ptolemy.actor.util.CausalityInterfaceForComposites.checkForCycles(CausalityInterfaceForComposites.java:96)
	at ptolemy.domains.de.kernel.DEDirector.preinitialize(DEDirector.java:1338)
	at ptolemy.actor.CompositeActor.preinitialize(CompositeActor.java:1828)
	at ptolemy.actor.Manager.preinitializeAndResolveTypes(Manager.java:1040)
	at ptolemy.actor.Manager.initialize(Manager.java:710)
	at ptolemy.actor.Manager.execute(Manager.java:356)
	at ptolemy.actor.Manager.run(Manager.java:1263)
	at ptolemy.actor.Manager$PtolemyRunThread.run(Manager.java:1915)
java.lang.RuntimeException: Execution failed
	at ptolemy.moml.MoMLSimpleApplication$UnloadThread.run(MoMLSimpleApplication.java:402)
Caused by: ptolemy.kernel.util.IllegalActionException: Found a zero delay loop containing .dependencyLoop2.original
  in .dependencyLoop2 and .dependencyLoop2.original
	at ptolemy.actor.util.CausalityInterfaceForComposites._computeOutputPortDepth(CausalityInterfaceForComposites.java:759)
	at ptolemy.actor.util.CausalityInterfaceForComposites._computeInputDepth(CausalityInterfaceForComposites.java:696)
	at ptolemy.actor.util.CausalityInterfaceForComposites._computeOutputPortDepth(CausalityInterfaceForComposites.java:765)
	at ptolemy.actor.util.CausalityInterfaceForComposites._computeInputDepth(CausalityInterfaceForComposites.java:696)
	at ptolemy.actor.util.CausalityInterfaceForComposites._computeOutputPortDepth(CausalityInterfaceForComposites.java:765)
	at ptolemy.actor.util.CausalityInterfaceForComposites._computeInputDepth(CausalityInterfaceForComposites.java:696)
	at ptolemy.actor.util.CausalityInterfaceForComposites._computeActorDepth(CausalityInterfaceForComposites.java:532)
	at ptolemy.actor.util.CausalityInterfaceForComposites.checkForCycles(CausalityInterfaceForComposites.java:96)
	at ptolemy.domains.de.kernel.DEDirector.preinitialize(DEDirector.java:1338)
	at ptolemy.actor.CompositeActor.preinitialize(CompositeActor.java:1828)
	at ptolemy.actor.Manager.preinitializeAndResolveTypes(Manager.java:1040)
	at ptolemy.actor.Manager.initialize(Manager.java:710)
	at ptolemy.actor.Manager.execute(Manager.java:356)
	at ptolemy.actor.Manager.run(Manager.java:1263)
	at ptolemy.actor.Manager$PtolemyRunThread.run(Manager.java:1915)
java.lang.reflect.InvocationTargetException
	at sun.reflect.NativeConstructorAccessorImpl.newInstance0(Native Method)
	at sun.reflect.NativeConstructorAccessorImpl.newInstance(NativeConstructorAccessorImpl.java:62)
	at sun.reflect.DelegatingConstructorAccessorImpl.newInstance(DelegatingConstructorAccessorImpl.java:45)
	at java.lang.reflect.Constructor.newInstance(Constructor.java:423)
	at ptolemy.util.test.junit.AutoKnownFailedTests.RunModel(AutoKnownFailedTests.java:105)
	at sun.reflect.NativeMethodAccessorImpl.invoke0(Native Method)
	at sun.reflect.NativeMethodAccessorImpl.invoke(NativeMethodAccessorImpl.java:62)
	at sun.reflect.DelegatingMethodAccessorImpl.invoke(DelegatingMethodAccessorImpl.java:43)
	at java.lang.reflect.Method.invoke(Method.java:498)
	at org.junit.runners.model.FrameworkMethod$1.runReflectiveCall(FrameworkMethod.java:44)
	at org.junit.internal.runners.model.ReflectiveCallable.run(ReflectiveCallable.java:15)
	at org.junit.runners.model.FrameworkMethod.invokeExplosively(FrameworkMethod.java:41)
	at junitparams.internal.InvokeParameterisedMethod.evaluate(InvokeParameterisedMethod.java:102)
	at org.junit.internal.runners.statements.FailOnTimeout$1.run(FailOnTimeout.java:28)
Caused by: ptolemy.kernel.util.IllegalActionException: Found a zero delay loop containing .dependencyLoop2.original
  in .dependencyLoop2 and .dependencyLoop2.original
	at ptolemy.actor.util.CausalityInterfaceForComposites._computeOutputPortDepth(CausalityInterfaceForComposites.java:759)
	at ptolemy.actor.util.CausalityInterfaceForComposites._computeInputDepth(CausalityInterfaceForComposites.java:696)
	at ptolemy.actor.util.CausalityInterfaceForComposites._computeOutputPortDepth(CausalityInterfaceForComposites.java:765)
	at ptolemy.actor.util.CausalityInterfaceForComposites._computeInputDepth(CausalityInterfaceForComposites.java:696)
	at ptolemy.actor.util.CausalityInterfaceForComposites._computeOutputPortDepth(CausalityInterfaceForComposites.java:765)
	at ptolemy.actor.util.CausalityInterfaceForComposites._computeInputDepth(CausalityInterfaceForComposites.java:696)
	at ptolemy.actor.util.CausalityInterfaceForComposites._computeActorDepth(CausalityInterfaceForComposites.java:532)
	at ptolemy.actor.util.CausalityInterfaceForComposites.checkForCycles(CausalityInterfaceForComposites.java:96)
	at ptolemy.domains.de.kernel.DEDirector.preinitialize(DEDirector.java:1338)
	at ptolemy.actor.CompositeActor.preinitialize(CompositeActor.java:1828)
	at ptolemy.actor.Manager.preinitializeAndResolveTypes(Manager.java:1040)
	at ptolemy.actor.Manager.initialize(Manager.java:710)
	at ptolemy.actor.Manager.execute(Manager.java:356)
	at ptolemy.actor.Manager.run(Manager.java:1263)
	at ptolemy.actor.Manager$PtolemyRunThread.run(Manager.java:1915)
]]></system-err>
</testsuite>
