<?xml version="1.0" encoding="UTF-8" ?>
<testsuite errors="0" failures="0" hostname="travis-job-f081e4de-4315-49d7-8ab3-e72f0748af20" name="ptolemy.domains.de.test.junit.JUnitTclTest" skipped="0" tests="101" time="126.138" timestamp="2018-06-05T16:48:30">
  <properties>
[...]
</properties>
  <testcase classname="ptolemy.util.test.junit.TclTests" name="[0] /home/travis/build/icyphy/ptII/ptolemy/domains/de/test/DependencyLoop.tcl (RunTclFile)" time="0.711" />
  <testcase classname="ptolemy.util.test.junit.TclTests" name="[1] /home/travis/build/icyphy/ptII/ptolemy/domains/de/test/RunDETestsAsQSS.tcl (RunTclFile)" time="87.708" />
  <testcase classname="ptolemy.util.test.junit.AutoKnownFailedTests" name="[0] /home/travis/build/icyphy/ptII/ptolemy/domains/de/test/auto/knownFailedTests/DESDFClockTest.xml (RunModel)" time="2.036" />
  <testcase classname="ptolemy.util.test.junit.AutoKnownFailedTests" name="[1] /home/travis/build/icyphy/ptII/ptolemy/domains/de/test/auto/knownFailedTests/DirectFeedback.xml (RunModel)" time="0.009" />
  <testcase classname="ptolemy.util.test.junit.AutoKnownFailedTests" name="[2] /home/travis/build/icyphy/ptII/ptolemy/domains/de/test/auto/knownFailedTests/FSMSource.xml (RunModel)" time="0.022" />
  <testcase classname="ptolemy.util.test.junit.AutoKnownFailedTests" name="[3] /home/travis/build/icyphy/ptII/ptolemy/domains/de/test/auto/knownFailedTests/HierarchicalModel.xml (RunModel)" time="0.025" />
  <testcase classname="ptolemy.util.test.junit.AutoKnownFailedTests" name="[4] /home/travis/build/icyphy/ptII/ptolemy/domains/de/test/auto/knownFailedTests/dependencyLoop.xml (RunModel)" time="0.026" />
  <testcase classname="ptolemy.util.test.junit.AutoKnownFailedTests" name="[5] /home/travis/build/icyphy/ptII/ptolemy/domains/de/test/auto/knownFailedTests/dependencyLoop2.xml (RunModel)" time="0.032" />
  <testcase classname="ptolemy.util.test.junit.AutoNameArchTests" name="[0] ThereAreNoAutoArchTests (RunModel)" time="0.001" />
  <testcase classname="ptolemy.util.test.junit.AutoTests" name="[0] /home/travis/build/icyphy/ptII/ptolemy/domains/de/test/auto/ActorDepthCalculation_actorWithoutPorts.xml (RunModel)" time="0.016" />
  <testcase classname="ptolemy.util.test.junit.AutoTests" name="[1] /home/travis/build/icyphy/ptII/ptolemy/domains/de/test/auto/AssemblyLine.xml (RunModel)" time="0.011" />
  <testcase classname="ptolemy.util.test.junit.AutoTests" name="[2] /home/travis/build/icyphy/ptII/ptolemy/domains/de/test/auto/CQBug1.xml (RunModel)" time="0.007" />
  <testcase classname="ptolemy.util.test.junit.AutoTests" name="[3] /home/travis/build/icyphy/ptII/ptolemy/domains/de/test/auto/CancelFireAt.xml (RunModel)" time="0.01" />
  <testcase classname="ptolemy.util.test.junit.AutoTests" name="[4] /home/travis/build/icyphy/ptII/ptolemy/domains/de/test/auto/CausalityAndComposabilityAnalysis.xml (RunModel)" time="0.01" />
  <testcase classname="ptolemy.util.test.junit.AutoTests" name="[5] /home/travis/build/icyphy/ptII/ptolemy/domains/de/test/auto/CausalityInterface1.xml (RunModel)" time="0.013" />
  <testcase classname="ptolemy.util.test.junit.AutoTests" name="[6] /home/travis/build/icyphy/ptII/ptolemy/domains/de/test/auto/CausalityInterface15.xml (RunModel)" time="0.008" />
  <testcase classname="ptolemy.util.test.junit.AutoTests" name="[7] /home/travis/build/icyphy/ptII/ptolemy/domains/de/test/auto/CausalityInterface2.xml (RunModel)" time="0.008" />
  <testcase classname="ptolemy.util.test.junit.AutoTests" name="[8] /home/travis/build/icyphy/ptII/ptolemy/domains/de/test/auto/CausalityInterface3.xml (RunModel)" time="0.01" />
  <testcase classname="ptolemy.util.test.junit.AutoTests" name="[9] /home/travis/build/icyphy/ptII/ptolemy/domains/de/test/auto/ClockDrift.xml (RunModel)" time="0.034" />
  <testcase classname="ptolemy.util.test.junit.AutoTests" name="[10] /home/travis/build/icyphy/ptII/ptolemy/domains/de/test/auto/ClockDriftAndValueChange.xml (RunModel)" time="0.022" />
  <testcase classname="ptolemy.util.test.junit.AutoTests" name="[11] /home/travis/build/icyphy/ptII/ptolemy/domains/de/test/auto/ClockDriftChange.xml (RunModel)" time="0.019" />
  <testcase classname="ptolemy.util.test.junit.AutoTests" name="[12] /home/travis/build/icyphy/ptII/ptolemy/domains/de/test/auto/ComposableCausalityAnalysis.xml (RunModel)" time="0.016" />
  <testcase classname="ptolemy.util.test.junit.AutoTests" name="[13] /home/travis/build/icyphy/ptII/ptolemy/domains/de/test/auto/DEFixedPointLimitation.xml (RunModel)" time="0.007" />
  <testcase classname="ptolemy.util.test.junit.AutoTests" name="[14] /home/travis/build/icyphy/ptII/ptolemy/domains/de/test/auto/DEScheduleTest.xml (RunModel)" time="0.024" />
  <testcase classname="ptolemy.util.test.junit.AutoTests" name="[15] /home/travis/build/icyphy/ptII/ptolemy/domains/de/test/auto/DEinDEwithStartTimes.xml (RunModel)" time="0.016" />
  <testcase classname="ptolemy.util.test.junit.AutoTests" name="[16] /home/travis/build/icyphy/ptII/ptolemy/domains/de/test/auto/DEinDEwithStartTimes2.xml (RunModel)" time="0.011" />
  <testcase classname="ptolemy.util.test.junit.AutoTests" name="[17] /home/travis/build/icyphy/ptII/ptolemy/domains/de/test/auto/DateDemo.xml (RunModel)" time="0.017" />
  <testcase classname="ptolemy.util.test.junit.AutoTests" name="[18] /home/travis/build/icyphy/ptII/ptolemy/domains/de/test/auto/DateToEvent.xml (RunModel)" time="2.025" />
  <testcase classname="ptolemy.util.test.junit.AutoTests" name="[19] /home/travis/build/icyphy/ptII/ptolemy/domains/de/test/auto/DepthTest1.xml (RunModel)" time="0.005" />
  <testcase classname="ptolemy.util.test.junit.AutoTests" name="[20] /home/travis/build/icyphy/ptII/ptolemy/domains/de/test/auto/DepthTest2.xml (RunModel)" time="0.011" />
  <testcase classname="ptolemy.util.test.junit.AutoTests" name="[21] /home/travis/build/icyphy/ptII/ptolemy/domains/de/test/auto/DepthTest3.xml (RunModel)" time="0.004" />
  <testcase classname="ptolemy.util.test.junit.AutoTests" name="[22] /home/travis/build/icyphy/ptII/ptolemy/domains/de/test/auto/DepthTest4.xml (RunModel)" time="0.007" />
  <testcase classname="ptolemy.util.test.junit.AutoTests" name="[23] /home/travis/build/icyphy/ptII/ptolemy/domains/de/test/auto/DepthTest5.xml (RunModel)" time="0.008" />
  <testcase classname="ptolemy.util.test.junit.AutoTests" name="[24] /home/travis/build/icyphy/ptII/ptolemy/domains/de/test/auto/DepthTest6.xml (RunModel)" time="0.008" />
  <testcase classname="ptolemy.util.test.junit.AutoTests" name="[25] /home/travis/build/icyphy/ptII/ptolemy/domains/de/test/auto/DepthTest7.xml (RunModel)" time="0.006" />
  <testcase classname="ptolemy.util.test.junit.AutoTests" name="[26] /home/travis/build/icyphy/ptII/ptolemy/domains/de/test/auto/EventToDate.xml (RunModel)" time="3.021" />
  <testcase classname="ptolemy.util.test.junit.AutoTests" name="[27] /home/travis/build/icyphy/ptII/ptolemy/domains/de/test/auto/FSM1.xml (RunModel)" time="0.02" />
  <testcase classname="ptolemy.util.test.junit.AutoTests" name="[28] /home/travis/build/icyphy/ptII/ptolemy/domains/de/test/auto/FSM7.xml (RunModel)" time="0.019" />
  <testcase classname="ptolemy.util.test.junit.AutoTests" name="[29] /home/travis/build/icyphy/ptII/ptolemy/domains/de/test/auto/Inspection.xml (RunModel)" time="0.032" />
  <testcase classname="ptolemy.util.test.junit.AutoTests" name="[30] /home/travis/build/icyphy/ptII/ptolemy/domains/de/test/auto/Iteration.xml (RunModel)" time="0.015" />
  <testcase classname="ptolemy.util.test.junit.AutoTests" name="[31] /home/travis/build/icyphy/ptII/ptolemy/domains/de/test/auto/LineFault.xml (RunModel)" time="0.392" />
  <testcase classname="ptolemy.util.test.junit.AutoTests" name="[32] /home/travis/build/icyphy/ptII/ptolemy/domains/de/test/auto/MergeModel1Add.xml (RunModel)" time="0.025" />
  <testcase classname="ptolemy.util.test.junit.AutoTests" name="[33] /home/travis/build/icyphy/ptII/ptolemy/domains/de/test/auto/MergeModel2Add.xml (RunModel)" time="0.024" />
  <testcase classname="ptolemy.util.test.junit.AutoTests" name="[34] /home/travis/build/icyphy/ptII/ptolemy/domains/de/test/auto/MergeModel3Add.xml (RunModel)" time="0.028" />
  <testcase classname="ptolemy.util.test.junit.AutoTests" name="[35] /home/travis/build/icyphy/ptII/ptolemy/domains/de/test/auto/MergeWithoutDiscard.xml (RunModel)" time="0.007" />
  <testcase classname="ptolemy.util.test.junit.AutoTests" name="[36] /home/travis/build/icyphy/ptII/ptolemy/domains/de/test/auto/Modal1.xml (RunModel)" time="0.018" />
  <testcase classname="ptolemy.util.test.junit.AutoTests" name="[37] /home/travis/build/icyphy/ptII/ptolemy/domains/de/test/auto/Modal2.xml (RunModel)" time="0.019" />
  <testcase classname="ptolemy.util.test.junit.AutoTests" name="[38] /home/travis/build/icyphy/ptII/ptolemy/domains/de/test/auto/Modal3.xml (RunModel)" time="0.021" />
  <testcase classname="ptolemy.util.test.junit.AutoTests" name="[39] /home/travis/build/icyphy/ptII/ptolemy/domains/de/test/auto/Modal4.xml (RunModel)" time="0.019" />
  <testcase classname="ptolemy.util.test.junit.AutoTests" name="[40] /home/travis/build/icyphy/ptII/ptolemy/domains/de/test/auto/Modal5.xml (RunModel)" time="0.019" />
  <testcase classname="ptolemy.util.test.junit.AutoTests" name="[41] /home/travis/build/icyphy/ptII/ptolemy/domains/de/test/auto/Modal6.xml (RunModel)" time="0.018" />
  <testcase classname="ptolemy.util.test.junit.AutoTests" name="[42] /home/travis/build/icyphy/ptII/ptolemy/domains/de/test/auto/Modal7.xml (RunModel)" time="0.019" />
  <testcase classname="ptolemy.util.test.junit.AutoTests" name="[43] /home/travis/build/icyphy/ptII/ptolemy/domains/de/test/auto/ModalModel.xml (RunModel)" time="0.105" />
  <testcase classname="ptolemy.util.test.junit.AutoTests" name="[44] /home/travis/build/icyphy/ptII/ptolemy/domains/de/test/auto/ModalSource.xml (RunModel)" time="0.013" />
  <testcase classname="ptolemy.util.test.junit.AutoTests" name="[45] /home/travis/build/icyphy/ptII/ptolemy/domains/de/test/auto/NonInterruptibleTimerZeroDelay.xml (RunModel)" time="0.008" />
  <testcase classname="ptolemy.util.test.junit.AutoTests" name="[46] /home/travis/build/icyphy/ptII/ptolemy/domains/de/test/auto/OpenQueueingNetwork.xml (RunModel)" time="1.72" />
  <testcase classname="ptolemy.util.test.junit.AutoTests" name="[47] /home/travis/build/icyphy/ptII/ptolemy/domains/de/test/auto/OpenQueuingNetwork.xml (RunModel)" time="0.249" />
  <testcase classname="ptolemy.util.test.junit.AutoTests" name="[48] /home/travis/build/icyphy/ptII/ptolemy/domains/de/test/auto/PeriodicSampler.xml (RunModel)" time="0.012" />
  <testcase classname="ptolemy.util.test.junit.AutoTests" name="[49] /home/travis/build/icyphy/ptII/ptolemy/domains/de/test/auto/PersistentIO.xml (RunModel)" time="0.017" />
  <testcase classname="ptolemy.util.test.junit.AutoTests" name="[50] /home/travis/build/icyphy/ptII/ptolemy/domains/de/test/auto/PortParameterResetOnInitialize.xml (RunModel)" time="0.009" />
  <testcase classname="ptolemy.util.test.junit.AutoTests" name="[51] /home/travis/build/icyphy/ptII/ptolemy/domains/de/test/auto/PortParameterUpdates.xml (RunModel)" time="0.012" />
  <testcase classname="ptolemy.util.test.junit.AutoTests" name="[52] /home/travis/build/icyphy/ptII/ptolemy/domains/de/test/auto/QueueAndServer.xml (RunModel)" time="0.019" />
  <testcase classname="ptolemy.util.test.junit.AutoTests" name="[53] /home/travis/build/icyphy/ptII/ptolemy/domains/de/test/auto/Records.xml (RunModel)" time="0.018" />
  <testcase classname="ptolemy.util.test.junit.AutoTests" name="[54] /home/travis/build/icyphy/ptII/ptolemy/domains/de/test/auto/ResetTransitionWithStartTime1.xml (RunModel)" time="0.015" />
  <testcase classname="ptolemy.util.test.junit.AutoTests" name="[55] /home/travis/build/icyphy/ptII/ptolemy/domains/de/test/auto/ResetTransitionWithStartTime2.xml (RunModel)" time="0.017" />
  <testcase classname="ptolemy.util.test.junit.AutoTests" name="[56] /home/travis/build/icyphy/ptII/ptolemy/domains/de/test/auto/ResetTransitionWithStartTime3.xml (RunModel)" time="0.016" />
  <testcase classname="ptolemy.util.test.junit.AutoTests" name="[57] /home/travis/build/icyphy/ptII/ptolemy/domains/de/test/auto/ResetTransitionWithStartTime4.xml (RunModel)" time="0.021" />
  <testcase classname="ptolemy.util.test.junit.AutoTests" name="[58] /home/travis/build/icyphy/ptII/ptolemy/domains/de/test/auto/ResettableTimer1.xml (RunModel)" time="0.01" />
  <testcase classname="ptolemy.util.test.junit.AutoTests" name="[59] /home/travis/build/icyphy/ptII/ptolemy/domains/de/test/auto/ResettableTimer2.xml (RunModel)" time="0.009" />
  <testcase classname="ptolemy.util.test.junit.AutoTests" name="[60] /home/travis/build/icyphy/ptII/ptolemy/domains/de/test/auto/ResettableTimer3.xml (RunModel)" time="0.008" />
  <testcase classname="ptolemy.util.test.junit.AutoTests" name="[61] /home/travis/build/icyphy/ptII/ptolemy/domains/de/test/auto/ResettableTimer4.xml (RunModel)" time="0.008" />
  <testcase classname="ptolemy.util.test.junit.AutoTests" name="[62] /home/travis/build/icyphy/ptII/ptolemy/domains/de/test/auto/ResettableTimer5.xml (RunModel)" time="0.008" />
  <testcase classname="ptolemy.util.test.junit.AutoTests" name="[63] /home/travis/build/icyphy/ptII/ptolemy/domains/de/test/auto/ResettableTimer6.xml (RunModel)" time="0.016" />
  <testcase classname="ptolemy.util.test.junit.AutoTests" name="[64] /home/travis/build/icyphy/ptII/ptolemy/domains/de/test/auto/ServerZeroDelay.xml (RunModel)" time="0.011" />
  <testcase classname="ptolemy.util.test.junit.AutoTests" name="[65] /home/travis/build/icyphy/ptII/ptolemy/domains/de/test/auto/SmartSender.xml (RunModel)" time="3.008" />
  <testcase classname="ptolemy.util.test.junit.AutoTests" name="[66] /home/travis/build/icyphy/ptII/ptolemy/domains/de/test/auto/ThreadedComposite.xml (RunModel)" time="0.207" />
  <testcase classname="ptolemy.util.test.junit.AutoTests" name="[67] /home/travis/build/icyphy/ptII/ptolemy/domains/de/test/auto/Time.xml (RunModel)" time="0.382" />
  <testcase classname="ptolemy.util.test.junit.AutoTests" name="[68] /home/travis/build/icyphy/ptII/ptolemy/domains/de/test/auto/TimeDelayZeroDelay.xml (RunModel)" time="0.011" />
  <testcase classname="ptolemy.util.test.junit.AutoTests" name="[69] /home/travis/build/icyphy/ptII/ptolemy/domains/de/test/auto/TimerZeroDelay.xml (RunModel)" time="0.009" />
  <testcase classname="ptolemy.util.test.junit.AutoTests" name="[70] /home/travis/build/icyphy/ptII/ptolemy/domains/de/test/auto/TimingParadox.xml (RunModel)" time="0.316" />
  <testcase classname="ptolemy.util.test.junit.AutoTests" name="[71] /home/travis/build/icyphy/ptII/ptolemy/domains/de/test/auto/TransferInputs.xml (RunModel)" time="0.013" />
  <testcase classname="ptolemy.util.test.junit.AutoTests" name="[72] /home/travis/build/icyphy/ptII/ptolemy/domains/de/test/auto/TransferOutputs2.xml (RunModel)" time="0.014" />
  <testcase classname="ptolemy.util.test.junit.AutoTests" name="[73] /home/travis/build/icyphy/ptII/ptolemy/domains/de/test/auto/Trilateration.xml (RunModel)" time="10.948" />
  <testcase classname="ptolemy.util.test.junit.AutoTests" name="[74] /home/travis/build/icyphy/ptII/ptolemy/domains/de/test/auto/TwoSigmaDelta.xml (RunModel)" time="1.831" />
  <testcase classname="ptolemy.util.test.junit.AutoTests" name="[75] /home/travis/build/icyphy/ptII/ptolemy/domains/de/test/auto/VariableDelay.xml (RunModel)" time="0.014" />
  <testcase classname="ptolemy.util.test.junit.AutoTests" name="[76] /home/travis/build/icyphy/ptII/ptolemy/domains/de/test/auto/VariableDelay2.xml (RunModel)" time="0.007" />
  <testcase classname="ptolemy.util.test.junit.AutoTests" name="[77] /home/travis/build/icyphy/ptII/ptolemy/domains/de/test/auto/VariableDelayZeroDelay.xml (RunModel)" time="0.009" />
  <testcase classname="ptolemy.util.test.junit.AutoTests" name="[78] /home/travis/build/icyphy/ptII/ptolemy/domains/de/test/auto/VariableDelayZeroDelay2.xml (RunModel)" time="0.009" />
  <testcase classname="ptolemy.util.test.junit.AutoTests" name="[79] /home/travis/build/icyphy/ptII/ptolemy/domains/de/test/auto/deInCt.xml (RunModel)" time="0.013" />
  <testcase classname="ptolemy.util.test.junit.AutoTests" name="[80] /home/travis/build/icyphy/ptII/ptolemy/domains/de/test/auto/deInCt2.xml (RunModel)" time="0.011" />
  <testcase classname="ptolemy.util.test.junit.AutoTests" name="[81] /home/travis/build/icyphy/ptII/ptolemy/domains/de/test/auto/dynamicCausalityInterface1.xml (RunModel)" time="0.015" />
  <testcase classname="ptolemy.util.test.junit.AutoTests" name="[82] /home/travis/build/icyphy/ptII/ptolemy/domains/de/test/auto/fsm_de_test.xml (RunModel)" time="0.02" />
  <testcase classname="ptolemy.util.test.junit.AutoTests" name="[83] /home/travis/build/icyphy/ptII/ptolemy/domains/de/test/auto/functionDependencyReconstruction.xml (RunModel)" time="0.029" />
  <testcase classname="ptolemy.util.test.junit.AutoTests" name="[84] /home/travis/build/icyphy/ptII/ptolemy/domains/de/test/auto/multirate.xml (RunModel)" time="0.014" />
  <testcase classname="ptolemy.util.test.junit.AutoTests" name="[85] /home/travis/build/icyphy/ptII/ptolemy/domains/de/test/auto/multirate2.xml (RunModel)" time="0.013" />
  <testcase classname="ptolemy.util.test.junit.AutoTests" name="[86] /home/travis/build/icyphy/ptII/ptolemy/domains/de/test/auto/realtime.xml (RunModel)" time="10.01" />
  <testcase classname="ptolemy.util.test.junit.AutoTests" name="[87] /home/travis/build/icyphy/ptII/ptolemy/domains/de/test/auto/relationGroup.xml (RunModel)" time="0.011" />
  <testcase classname="ptolemy.util.test.junit.AutoTests" name="[88] /home/travis/build/icyphy/ptII/ptolemy/domains/de/test/auto/relationGroup2.xml (RunModel)" time="0.007" />
  <testcase classname="ptolemy.util.test.junit.AutoTests" name="[89] /home/travis/build/icyphy/ptII/ptolemy/domains/de/test/auto/sortWithOpaquePorts.xml (RunModel)" time="0.012" />
  <testcase classname="ptolemy.util.test.junit.AutoTests" name="[90] /home/travis/build/icyphy/ptII/ptolemy/domains/de/test/auto/transferInputsandOutputs.xml (RunModel)" time="0.022" />
  <testcase classname="ptolemy.util.test.junit.AutoTests" name="[91] /home/travis/build/icyphy/ptII/ptolemy/domains/de/test/auto/triggerType.xml (RunModel)" time="0.007" />
  <system-out><![CDATA[/home/travis/build/icyphy/ptII/ptolemy/domains/de/test/DependencyLoop.tcl
testDefs.tcl: setting time out to 9000 seconds at Tue Jun 05 16:48:30 UTC 2018
17 ms. Memory: 116224K Free: 95069K (82%)
13 ms. Memory: 146944K Free: 137828K (94%)
/home/travis/build/icyphy/ptII/ptolemy/domains/de/test/RunDETestsAsQSS.tcl
Run the DE tests using ptolemy.domains.qss.test.QSSDirectorTest, which extends QSSDirector and prints a message in the constructors.
------------------ testing $PTII/ptolemy/domains/de/test/auto/knownFailedTests/dependencyLoop.xml (Known Failure) 
11 ms. Memory: 146944K Free: 133555K (91%)


==== $PTIIhome/travis/build/icyphy/ptII/ptolemy/domains/de/test/../../../../: Auto Automatic test in file $PTII/ptolemy/domains/de/test/auto/knownFailedTests/dependencyLoop.xml
==== Contents of test case:

	    # FIXME: we should use $relativeFilename here, but it
	    # might have backslashes under Windows, which causes no end
	    # of trouble.
	    createAndExecute $file
	    list {}
	
.... Test generated KNOWN error:
    while executing
ptolemy.kernel.util.IllegalActionException: Found a zero delay loop containing .dependencyLoop.original
  in .dependencyLoop and .dependencyLoop.original
	at ptolemy.actor.util.CausalityInterfaceForComposites._computeOutputPortDepth(CausalityInterfaceForComposites.java:759)
	at ptolemy.actor.util.CausalityInterfaceForComposites._computeInputDepth(CausalityInterfaceForComposites.java:696)
	at ptolemy.actor.util.CausalityInterfaceForComposites._computeOutputPortDepth(CausalityInterfaceForComposites.java:765)
	at ptolemy.actor.util.CausalityInterfaceForComposites._computeInputDepth(CausalityInterfaceForComposites.java:696)
	at ptolemy.actor.util.CausalityInterfaceForComposites._computeOutputPortDepth(CausalityInterfaceForComposites.java:765)
	at ptolemy.actor.util.CausalityInterfaceForComposites._computeInputDepth(CausalityInterfaceForComposites.java:696)
	at ptolemy.actor.util.CausalityInterfaceForComposites._computeActorDepth(CausalityInterfaceForComposites.java:532)
	at ptolemy.actor.util.CausalityInterfaceForComposites.checkForCycles(CausalityInterfaceForComposites.java:96)
	at ptolemy.domains.de.kernel.DEDirector.preinitialize(DEDirector.java:1337)
	at ptolemy.actor.CompositeActor.preinitialize(CompositeActor.java:1828)
	at ptolemy.actor.Manager.preinitializeAndResolveTypes(Manager.java:1040)
	at ptolemy.actor.Manager.initialize(Manager.java:710)
	at ptolemy.actor.Manager.execute(Manager.java:356)
	at ptolemy.actor.Manager.run(Manager.java:1263)
	at ptolemy.actor.Manager$PtolemyRunThread.run(Manager.java:1915)

    while executing
ptolemy.kernel.util.IllegalActionException: Found a zero delay loop containing .dependencyLoop.original
  in .dependencyLoop and .dependencyLoop.original
    while executing
"java::new ptolemy.moml.MoMLSimpleApplication $file
"
    (procedure "createAndExecute" line 2)
    invoked from within
"createAndExecute $file"
    ("uplevel" body line 5)
    invoked from within
"uplevel $contents_of_test"
------------------ testing $PTII/ptolemy/domains/de/test/auto/knownFailedTests/DESDFClockTest.xml (Known Failure) 
2073 ms. Memory: 146944K Free: 117706K (80%)


==== $PTIIhome/travis/build/icyphy/ptII/ptolemy/domains/de/test/../../../../: Auto Automatic test in file $PTII/ptolemy/domains/de/test/auto/knownFailedTests/DESDFClockTest.xml
==== Contents of test case:

	    # FIXME: we should use $relativeFilename here, but it
	    # might have backslashes under Windows, which causes no end
	    # of trouble.
	    createAndExecute $file
	    list {}
	
.... Test generated KNOWN error:
    while executing
ptolemy.kernel.util.IllegalActionException: Actor is not ready to fire.  Perhaps UpSample.prefire() returned false? Try debugging the actor by selecting "Listen to Actor".  Also, for SDF check moml for tokenConsumptionRate on input.
  in .DESDFClockTest.Play Bell.Copy1:SDF Director and .DESDFClockTest.Play Bell.UpSample
	at ptolemy.actor.sched.StaticSchedulingDirector.fire(StaticSchedulingDirector.java:227)
	at ptolemy.domains.sdf.kernel.SDFDirector.fire(SDFDirector.java:500)
	at ptolemy.actor.CompositeActor.fire(CompositeActor.java:455)
	at ptolemy.domains.de.kernel.DEDirector._fire(DEDirector.java:1948)
	at ptolemy.domains.de.kernel.DEDirector.fire(DEDirector.java:502)
	at ptolemy.actor.CompositeActor.fire(CompositeActor.java:455)
	at ptolemy.actor.Manager.iterate(Manager.java:851)
	at ptolemy.actor.Manager.execute(Manager.java:369)
	at ptolemy.actor.Manager.run(Manager.java:1263)
	at ptolemy.actor.Manager$PtolemyRunThread.run(Manager.java:1915)

    while executing
ptolemy.kernel.util.IllegalActionException: Actor is not ready to fire.  Perhaps UpSample.prefire() returned false? Try debugging the actor by selecting "Listen to Actor".  Also, for SDF check moml for tokenConsumptionRate on input.
  in .DESDFClockTest.Play Bell.Copy1:SDF Director and .DESDFClockTest.Play Bell.UpSample
    while executing
"java::new ptolemy.moml.MoMLSimpleApplication $file
"
    (procedure "createAndExecute" line 2)
    invoked from within
"createAndExecute $file"
    ("uplevel" body line 5)
    invoked from within
"uplevel $contents_of_test"
------------------ testing $PTII/ptolemy/domains/de/test/auto/knownFailedTests/FSMSource.xml (Known Failure) 
19 ms. Memory: 146944K Free: 108714K (74%)
!!!! Auto was marked as failing, but now passes
------------------ testing $PTII/ptolemy/domains/de/test/auto/knownFailedTests/dependencyLoop2.xml (Known Failure) 
6 ms. Memory: 146944K Free: 106831K (73%)


==== $PTIIhome/travis/build/icyphy/ptII/ptolemy/domains/de/test/../../../../: Auto Automatic test in file $PTII/ptolemy/domains/de/test/auto/knownFailedTests/dependencyLoop2.xml
==== Contents of test case:

	    # FIXME: we should use $relativeFilename here, but it
	    # might have backslashes under Windows, which causes no end
	    # of trouble.
	    createAndExecute $file
	    list {}
	
.... Test generated KNOWN error:
    while executing
ptolemy.kernel.util.IllegalActionException: Found a zero delay loop containing .dependencyLoop2.original
  in .dependencyLoop2 and .dependencyLoop2.original
	at ptolemy.actor.util.CausalityInterfaceForComposites._computeOutputPortDepth(CausalityInterfaceForComposites.java:759)
	at ptolemy.actor.util.CausalityInterfaceForComposites._computeInputDepth(CausalityInterfaceForComposites.java:696)
	at ptolemy.actor.util.CausalityInterfaceForComposites._computeOutputPortDepth(CausalityInterfaceForComposites.java:765)
	at ptolemy.actor.util.CausalityInterfaceForComposites._computeInputDepth(CausalityInterfaceForComposites.java:696)
	at ptolemy.actor.util.CausalityInterfaceForComposites._computeOutputPortDepth(CausalityInterfaceForComposites.java:765)
	at ptolemy.actor.util.CausalityInterfaceForComposites._computeInputDepth(CausalityInterfaceForComposites.java:696)
	at ptolemy.actor.util.CausalityInterfaceForComposites._computeActorDepth(CausalityInterfaceForComposites.java:532)
	at ptolemy.actor.util.CausalityInterfaceForComposites.checkForCycles(CausalityInterfaceForComposites.java:96)
	at ptolemy.domains.de.kernel.DEDirector.preinitialize(DEDirector.java:1337)
	at ptolemy.actor.CompositeActor.preinitialize(CompositeActor.java:1828)
	at ptolemy.actor.Manager.preinitializeAndResolveTypes(Manager.java:1040)
	at ptolemy.actor.Manager.initialize(Manager.java:710)
	at ptolemy.actor.Manager.execute(Manager.java:356)
	at ptolemy.actor.Manager.run(Manager.java:1263)
	at ptolemy.actor.Manager$PtolemyRunThread.run(Manager.java:1915)

    while executing
ptolemy.kernel.util.IllegalActionException: Found a zero delay loop containing .dependencyLoop2.original
  in .dependencyLoop2 and .dependencyLoop2.original
    while executing
"java::new ptolemy.moml.MoMLSimpleApplication $file
"
    (procedure "createAndExecute" line 2)
    invoked from within
"createAndExecute $file"
    ("uplevel" body line 5)
    invoked from within
"uplevel $contents_of_test"
------------------ testing $PTII/ptolemy/domains/de/test/auto/knownFailedTests/HierarchicalModel.xml (Known Failure) 
6 ms. Memory: 146944K Free: 86231K (59%)


==== $PTIIhome/travis/build/icyphy/ptII/ptolemy/domains/de/test/../../../../: Auto Automatic test in file $PTII/ptolemy/domains/de/test/auto/knownFailedTests/HierarchicalModel.xml
==== Contents of test case:

	    # FIXME: we should use $relativeFilename here, but it
	    # might have backslashes under Windows, which causes no end
	    # of trouble.
	    createAndExecute $file
	    list {}
	
.... Test generated KNOWN error:
    while executing
ptolemy.kernel.util.IllegalActionException: Found a zero delay loop containing .HierarchicalModel.A
  in .HierarchicalModel and .HierarchicalModel.A
	at ptolemy.actor.util.CausalityInterfaceForComposites._computeOutputPortDepth(CausalityInterfaceForComposites.java:759)
	at ptolemy.actor.util.CausalityInterfaceForComposites._computeInputDepth(CausalityInterfaceForComposites.java:696)
	at ptolemy.actor.util.CausalityInterfaceForComposites._computeOutputPortDepth(CausalityInterfaceForComposites.java:765)
	at ptolemy.actor.util.CausalityInterfaceForComposites._computeInputDepth(CausalityInterfaceForComposites.java:696)
	at ptolemy.actor.util.CausalityInterfaceForComposites._computeOutputPortDepth(CausalityInterfaceForComposites.java:765)
	at ptolemy.actor.util.CausalityInterfaceForComposites._computeInputDepth(CausalityInterfaceForComposites.java:696)
	at ptolemy.actor.util.CausalityInterfaceForComposites._computeActorDepth(CausalityInterfaceForComposites.java:532)
	at ptolemy.actor.util.CausalityInterfaceForComposites.checkForCycles(CausalityInterfaceForComposites.java:96)
	at ptolemy.domains.de.kernel.DEDirector.preinitialize(DEDirector.java:1337)
	at ptolemy.actor.CompositeActor.preinitialize(CompositeActor.java:1828)
	at ptolemy.actor.Manager.preinitializeAndResolveTypes(Manager.java:1040)
	at ptolemy.actor.Manager.initialize(Manager.java:710)
	at ptolemy.actor.Manager.execute(Manager.java:356)
	at ptolemy.actor.Manager.run(Manager.java:1263)
	at ptolemy.actor.Manager$PtolemyRunThread.run(Manager.java:1915)

    while executing
ptolemy.kernel.util.IllegalActionException: Found a zero delay loop containing .HierarchicalModel.A
  in .HierarchicalModel and .HierarchicalModel.A
    while executing
"java::new ptolemy.moml.MoMLSimpleApplication $file
"
    (procedure "createAndExecute" line 2)
    invoked from within
"createAndExecute $file"
    ("uplevel" body line 5)
    invoked from within
"uplevel $contents_of_test"
------------------ testing $PTII/ptolemy/domains/de/test/auto/knownFailedTests/DirectFeedback.xml (Known Failure) 
29 ms. Memory: 146944K Free: 142567K (97%)


==== $PTIIhome/travis/build/icyphy/ptII/ptolemy/domains/de/test/../../../../: Auto Automatic test in file $PTII/ptolemy/domains/de/test/auto/knownFailedTests/DirectFeedback.xml
==== Contents of test case:

	    # FIXME: we should use $relativeFilename here, but it
	    # might have backslashes under Windows, which causes no end
	    # of trouble.
	    createAndExecute $file
	    list {}
	
.... Test generated KNOWN error:
    while executing
ptolemy.kernel.util.IllegalActionException: Test fails in iteration 1.
Value was: 1.0. Should have been: 2.0
  in .DirectFeedback.Test
	at ptolemy.actor.lib.Test.fire(Test.java:268)
	at ptolemy.domains.de.kernel.DEDirector._fire(DEDirector.java:1948)
	at ptolemy.domains.de.kernel.DEDirector.fire(DEDirector.java:502)
	at ptolemy.actor.CompositeActor.fire(CompositeActor.java:455)
	at ptolemy.actor.Manager.iterate(Manager.java:851)
	at ptolemy.actor.Manager.execute(Manager.java:369)
	at ptolemy.actor.Manager.run(Manager.java:1263)
	at ptolemy.actor.Manager$PtolemyRunThread.run(Manager.java:1915)

    while executing
ptolemy.kernel.util.IllegalActionException: Test fails in iteration 1.
Value was: 1.0. Should have been: 2.0
  in .DirectFeedback.Test
    while executing
"java::new ptolemy.moml.MoMLSimpleApplication $file
"
    (procedure "createAndExecute" line 2)
    invoked from within
"createAndExecute $file"
    ("uplevel" body line 5)
    invoked from within
"uplevel $contents_of_test"
------------------ testing $PTII/ptolemy/domains/de/test/auto/ActorDepthCalculation_actorWithoutPorts.xml
auto.tcl: Setting watchdog for 200 seconds at Tue Jun 05 16:48:33 UTC 2018
8 ms. Memory: 146944K Free: 133591K (91%)
ptolemy.util.test.WatchDog.cancel(): canceling Tue Jun 05 16:48:33 UTC 2018
auto.tcl: Setting watchdog for 200 seconds at Tue Jun 05 16:48:33 UTC 2018
4 ms. Memory: 146944K Free: 132551K (90%)
ptolemy.util.test.WatchDog.cancel(): canceling Tue Jun 05 16:48:33 UTC 2018
------------------ testing $PTII/ptolemy/domains/de/test/auto/AssemblyLine.xml
auto.tcl: Setting watchdog for 200 seconds at Tue Jun 05 16:48:34 UTC 2018
17 ms. Memory: 208384K Free: 182828K (88%)
ptolemy.util.test.WatchDog.cancel(): canceling Tue Jun 05 16:48:34 UTC 2018
auto.tcl: Setting watchdog for 200 seconds at Tue Jun 05 16:48:34 UTC 2018
7 ms. Memory: 208384K Free: 182828K (88%)
ptolemy.util.test.WatchDog.cancel(): canceling Tue Jun 05 16:48:34 UTC 2018
------------------ testing $PTII/ptolemy/domains/de/test/auto/CQBug1.xml
auto.tcl: Setting watchdog for 200 seconds at Tue Jun 05 16:48:34 UTC 2018
7 ms. Memory: 208384K Free: 197708K (95%)
ptolemy.util.test.WatchDog.cancel(): canceling Tue Jun 05 16:48:34 UTC 2018
auto.tcl: Setting watchdog for 200 seconds at Tue Jun 05 16:48:34 UTC 2018
2 ms. Memory: 208384K Free: 197708K (95%)
ptolemy.util.test.WatchDog.cancel(): canceling Tue Jun 05 16:48:34 UTC 2018
------------------ testing $PTII/ptolemy/domains/de/test/auto/CancelFireAt.xml
auto.tcl: Setting watchdog for 200 seconds at Tue Jun 05 16:48:34 UTC 2018
3 ms. Memory: 208384K Free: 201433K (97%)
ptolemy.util.test.WatchDog.cancel(): canceling Tue Jun 05 16:48:34 UTC 2018
auto.tcl: Setting watchdog for 200 seconds at Tue Jun 05 16:48:34 UTC 2018
5 ms. Memory: 208384K Free: 199328K (96%)
ptolemy.util.test.WatchDog.cancel(): canceling Tue Jun 05 16:48:34 UTC 2018
------------------ testing $PTII/ptolemy/domains/de/test/auto/CausalityAndComposabilityAnalysis.xml
auto.tcl: Setting watchdog for 200 seconds at Tue Jun 05 16:48:34 UTC 2018
24 ms. Memory: 208384K Free: 196467K (94%)
ptolemy.util.test.WatchDog.cancel(): canceling Tue Jun 05 16:48:34 UTC 2018
auto.tcl: Setting watchdog for 200 seconds at Tue Jun 05 16:48:34 UTC 2018
5 ms. Memory: 208384K Free: 196467K (94%)
ptolemy.util.test.WatchDog.cancel(): canceling Tue Jun 05 16:48:34 UTC 2018
------------------ testing $PTII/ptolemy/domains/de/test/auto/CausalityInterface1.xml
auto.tcl: Setting watchdog for 200 seconds at Tue Jun 05 16:48:34 UTC 2018
14 ms. Memory: 208384K Free: 196420K (94%)
ptolemy.util.test.WatchDog.cancel(): canceling Tue Jun 05 16:48:34 UTC 2018
auto.tcl: Setting watchdog for 200 seconds at Tue Jun 05 16:48:34 UTC 2018
4 ms. Memory: 208384K Free: 196420K (94%)
ptolemy.util.test.WatchDog.cancel(): canceling Tue Jun 05 16:48:34 UTC 2018
------------------ testing $PTII/ptolemy/domains/de/test/auto/CausalityInterface15.xml
auto.tcl: Setting watchdog for 200 seconds at Tue Jun 05 16:48:34 UTC 2018
5 ms. Memory: 208384K Free: 196394K (94%)
ptolemy.util.test.WatchDog.cancel(): canceling Tue Jun 05 16:48:34 UTC 2018
auto.tcl: Setting watchdog for 200 seconds at Tue Jun 05 16:48:34 UTC 2018
9 ms. Memory: 208384K Free: 196394K (94%)
ptolemy.util.test.WatchDog.cancel(): canceling Tue Jun 05 16:48:34 UTC 2018
------------------ testing $PTII/ptolemy/domains/de/test/auto/CausalityInterface2.xml
auto.tcl: Setting watchdog for 200 seconds at Tue Jun 05 16:48:35 UTC 2018
4 ms. Memory: 208384K Free: 196732K (94%)
ptolemy.util.test.WatchDog.cancel(): canceling Tue Jun 05 16:48:35 UTC 2018
auto.tcl: Setting watchdog for 200 seconds at Tue Jun 05 16:48:35 UTC 2018
3 ms. Memory: 208384K Free: 196732K (94%)
ptolemy.util.test.WatchDog.cancel(): canceling Tue Jun 05 16:48:35 UTC 2018
------------------ testing $PTII/ptolemy/domains/de/test/auto/CausalityInterface3.xml
auto.tcl: Setting watchdog for 200 seconds at Tue Jun 05 16:48:35 UTC 2018
8 ms. Memory: 208384K Free: 196745K (94%)
ptolemy.util.test.WatchDog.cancel(): canceling Tue Jun 05 16:48:35 UTC 2018
auto.tcl: Setting watchdog for 200 seconds at Tue Jun 05 16:48:35 UTC 2018
5 ms. Memory: 208384K Free: 196407K (94%)
ptolemy.util.test.WatchDog.cancel(): canceling Tue Jun 05 16:48:35 UTC 2018
------------------ testing $PTII/ptolemy/domains/de/test/auto/ClockDrift.xml
auto.tcl: Setting watchdog for 200 seconds at Tue Jun 05 16:48:35 UTC 2018
86 ms. Memory: 208384K Free: 187584K (90%)
ptolemy.util.test.WatchDog.cancel(): canceling Tue Jun 05 16:48:35 UTC 2018
auto.tcl: Setting watchdog for 200 seconds at Tue Jun 05 16:48:35 UTC 2018
45 ms. Memory: 208384K Free: 185479K (89%)
ptolemy.util.test.WatchDog.cancel(): canceling Tue Jun 05 16:48:35 UTC 2018
------------------ testing $PTII/ptolemy/domains/de/test/auto/ClockDriftAndValueChange.xml
auto.tcl: Setting watchdog for 200 seconds at Tue Jun 05 16:48:35 UTC 2018
35 ms. Memory: 208384K Free: 187388K (90%)
ptolemy.util.test.WatchDog.cancel(): canceling Tue Jun 05 16:48:35 UTC 2018
auto.tcl: Setting watchdog for 200 seconds at Tue Jun 05 16:48:35 UTC 2018
19 ms. Memory: 208384K Free: 185282K (89%)
ptolemy.util.test.WatchDog.cancel(): canceling Tue Jun 05 16:48:35 UTC 2018
------------------ testing $PTII/ptolemy/domains/de/test/auto/ClockDriftChange.xml
auto.tcl: Setting watchdog for 200 seconds at Tue Jun 05 16:48:35 UTC 2018
39 ms. Memory: 208384K Free: 190789K (92%)
ptolemy.util.test.WatchDog.cancel(): canceling Tue Jun 05 16:48:35 UTC 2018
auto.tcl: Setting watchdog for 200 seconds at Tue Jun 05 16:48:35 UTC 2018
16 ms. Memory: 208384K Free: 188683K (91%)
ptolemy.util.test.WatchDog.cancel(): canceling Tue Jun 05 16:48:35 UTC 2018
------------------ testing $PTII/ptolemy/domains/de/test/auto/ComposableCausalityAnalysis.xml
auto.tcl: Setting watchdog for 200 seconds at Tue Jun 05 16:48:35 UTC 2018
12 ms. Memory: 208384K Free: 196594K (94%)
ptolemy.util.test.WatchDog.cancel(): canceling Tue Jun 05 16:48:35 UTC 2018
auto.tcl: Setting watchdog for 200 seconds at Tue Jun 05 16:48:35 UTC 2018
3 ms. Memory: 208384K Free: 194135K (93%)
ptolemy.util.test.WatchDog.cancel(): canceling Tue Jun 05 16:48:35 UTC 2018
------------------ testing $PTII/ptolemy/domains/de/test/auto/DEFixedPointLimitation.xml
auto.tcl: Setting watchdog for 200 seconds at Tue Jun 05 16:48:35 UTC 2018
5 ms. Memory: 208384K Free: 196329K (94%)
ptolemy.util.test.WatchDog.cancel(): canceling Tue Jun 05 16:48:35 UTC 2018
auto.tcl: Setting watchdog for 200 seconds at Tue Jun 05 16:48:35 UTC 2018
1 ms. Memory: 208384K Free: 196329K (94%)
ptolemy.util.test.WatchDog.cancel(): canceling Tue Jun 05 16:48:35 UTC 2018
------------------ testing $PTII/ptolemy/domains/de/test/auto/DEScheduleTest.xml
auto.tcl: Setting watchdog for 200 seconds at Tue Jun 05 16:48:35 UTC 2018
5 ms. Memory: 208384K Free: 198470K (95%)
ptolemy.util.test.WatchDog.cancel(): canceling Tue Jun 05 16:48:36 UTC 2018
auto.tcl: Setting watchdog for 200 seconds at Tue Jun 05 16:48:36 UTC 2018
3 ms. Memory: 208384K Free: 196349K (94%)
ptolemy.util.test.WatchDog.cancel(): canceling Tue Jun 05 16:48:36 UTC 2018
------------------ testing $PTII/ptolemy/domains/de/test/auto/DEinDEwithStartTimes.xml
auto.tcl: Setting watchdog for 200 seconds at Tue Jun 05 16:48:36 UTC 2018
3 ms. Memory: 208384K Free: 196318K (94%)
ptolemy.util.test.WatchDog.cancel(): canceling Tue Jun 05 16:48:36 UTC 2018
auto.tcl: Setting watchdog for 200 seconds at Tue Jun 05 16:48:36 UTC 2018
3 ms. Memory: 208384K Free: 194213K (93%)
ptolemy.util.test.WatchDog.cancel(): canceling Tue Jun 05 16:48:36 UTC 2018
------------------ testing $PTII/ptolemy/domains/de/test/auto/DEinDEwithStartTimes2.xml
auto.tcl: Setting watchdog for 200 seconds at Tue Jun 05 16:48:36 UTC 2018
10 ms. Memory: 208384K Free: 196313K (94%)
ptolemy.util.test.WatchDog.cancel(): canceling Tue Jun 05 16:48:36 UTC 2018
auto.tcl: Setting watchdog for 200 seconds at Tue Jun 05 16:48:36 UTC 2018
4 ms. Memory: 208384K Free: 194192K (93%)
ptolemy.util.test.WatchDog.cancel(): canceling Tue Jun 05 16:48:36 UTC 2018
------------------ testing $PTII/ptolemy/domains/de/test/auto/DateDemo.xml
auto.tcl: Setting watchdog for 200 seconds at Tue Jun 05 16:48:36 UTC 2018
14 ms. Memory: 208384K Free: 188695K (91%)
ptolemy.util.test.WatchDog.cancel(): canceling Tue Jun 05 16:48:36 UTC 2018
auto.tcl: Setting watchdog for 200 seconds at Tue Jun 05 16:48:36 UTC 2018
7 ms. Memory: 208384K Free: 186574K (90%)
ptolemy.util.test.WatchDog.cancel(): canceling Tue Jun 05 16:48:36 UTC 2018
------------------ testing $PTII/ptolemy/domains/de/test/auto/DateToEvent.xml
auto.tcl: Setting watchdog for 200 seconds at Tue Jun 05 16:48:36 UTC 2018
2011 ms. Memory: 208384K Free: 183410K (88%)
ptolemy.util.test.WatchDog.cancel(): canceling Tue Jun 05 16:48:38 UTC 2018
auto.tcl: Setting watchdog for 200 seconds at Tue Jun 05 16:48:38 UTC 2018
2004 ms. Memory: 208384K Free: 180952K (87%)
ptolemy.util.test.WatchDog.cancel(): canceling Tue Jun 05 16:48:40 UTC 2018
------------------ testing $PTII/ptolemy/domains/de/test/auto/DepthTest1.xml
auto.tcl: Setting watchdog for 200 seconds at Tue Jun 05 16:48:40 UTC 2018
3 ms. Memory: 208384K Free: 198335K (95%)
ptolemy.util.test.WatchDog.cancel(): canceling Tue Jun 05 16:48:40 UTC 2018
auto.tcl: Setting watchdog for 200 seconds at Tue Jun 05 16:48:40 UTC 2018
5 ms. Memory: 208384K Free: 198335K (95%)
ptolemy.util.test.WatchDog.cancel(): canceling Tue Jun 05 16:48:40 UTC 2018
------------------ testing $PTII/ptolemy/domains/de/test/auto/DepthTest2.xml
auto.tcl: Setting watchdog for 200 seconds at Tue Jun 05 16:48:40 UTC 2018
7 ms. Memory: 208384K Free: 194519K (93%)
ptolemy.util.test.WatchDog.cancel(): canceling Tue Jun 05 16:48:40 UTC 2018
auto.tcl: Setting watchdog for 200 seconds at Tue Jun 05 16:48:40 UTC 2018
6 ms. Memory: 208384K Free: 194519K (93%)
ptolemy.util.test.WatchDog.cancel(): canceling Tue Jun 05 16:48:40 UTC 2018
------------------ testing $PTII/ptolemy/domains/de/test/auto/DepthTest3.xml
auto.tcl: Setting watchdog for 200 seconds at Tue Jun 05 16:48:40 UTC 2018
6 ms. Memory: 208384K Free: 198331K (95%)
ptolemy.util.test.WatchDog.cancel(): canceling Tue Jun 05 16:48:40 UTC 2018
auto.tcl: Setting watchdog for 200 seconds at Tue Jun 05 16:48:40 UTC 2018
2 ms. Memory: 208384K Free: 198331K (95%)
ptolemy.util.test.WatchDog.cancel(): canceling Tue Jun 05 16:48:40 UTC 2018
------------------ testing $PTII/ptolemy/domains/de/test/auto/DepthTest4.xml
auto.tcl: Setting watchdog for 200 seconds at Tue Jun 05 16:48:40 UTC 2018
4 ms. Memory: 208384K Free: 196329K (94%)
ptolemy.util.test.WatchDog.cancel(): canceling Tue Jun 05 16:48:40 UTC 2018
auto.tcl: Setting watchdog for 200 seconds at Tue Jun 05 16:48:40 UTC 2018
2 ms. Memory: 208384K Free: 196329K (94%)
ptolemy.util.test.WatchDog.cancel(): canceling Tue Jun 05 16:48:40 UTC 2018
------------------ testing $PTII/ptolemy/domains/de/test/auto/DepthTest5.xml
auto.tcl: Setting watchdog for 200 seconds at Tue Jun 05 16:48:40 UTC 2018
5 ms. Memory: 208384K Free: 196598K (94%)
ptolemy.util.test.WatchDog.cancel(): canceling Tue Jun 05 16:48:40 UTC 2018
auto.tcl: Setting watchdog for 200 seconds at Tue Jun 05 16:48:40 UTC 2018
3 ms. Memory: 208384K Free: 196598K (94%)
ptolemy.util.test.WatchDog.cancel(): canceling Tue Jun 05 16:48:40 UTC 2018
------------------ testing $PTII/ptolemy/domains/de/test/auto/DepthTest6.xml
auto.tcl: Setting watchdog for 200 seconds at Tue Jun 05 16:48:40 UTC 2018
8 ms. Memory: 208384K Free: 196583K (94%)
ptolemy.util.test.WatchDog.cancel(): canceling Tue Jun 05 16:48:40 UTC 2018
auto.tcl: Setting watchdog for 200 seconds at Tue Jun 05 16:48:40 UTC 2018
3 ms. Memory: 208384K Free: 196583K (94%)
ptolemy.util.test.WatchDog.cancel(): canceling Tue Jun 05 16:48:40 UTC 2018
------------------ testing $PTII/ptolemy/domains/de/test/auto/DepthTest7.xml
auto.tcl: Setting watchdog for 200 seconds at Tue Jun 05 16:48:40 UTC 2018
6 ms. Memory: 208384K Free: 194973K (94%)
ptolemy.util.test.WatchDog.cancel(): canceling Tue Jun 05 16:48:41 UTC 2018
auto.tcl: Setting watchdog for 200 seconds at Tue Jun 05 16:48:41 UTC 2018
2 ms. Memory: 208384K Free: 194973K (94%)
ptolemy.util.test.WatchDog.cancel(): canceling Tue Jun 05 16:48:41 UTC 2018
------------------ testing $PTII/ptolemy/domains/de/test/auto/EventToDate.xml
auto.tcl: Setting watchdog for 200 seconds at Tue Jun 05 16:48:41 UTC 2018
3005 ms. Memory: 208384K Free: 186019K (89%)
ptolemy.util.test.WatchDog.cancel(): canceling Tue Jun 05 16:48:44 UTC 2018
auto.tcl: Setting watchdog for 200 seconds at Tue Jun 05 16:48:44 UTC 2018
3004 ms. Memory: 208384K Free: 185681K (89%)
ptolemy.util.test.WatchDog.cancel(): canceling Tue Jun 05 16:48:47 UTC 2018
------------------ testing $PTII/ptolemy/domains/de/test/auto/FSM1.xml
auto.tcl: Setting watchdog for 200 seconds at Tue Jun 05 16:48:47 UTC 2018
21 ms. Memory: 208384K Free: 189243K (91%)
ptolemy.util.test.WatchDog.cancel(): canceling Tue Jun 05 16:48:47 UTC 2018
auto.tcl: Setting watchdog for 200 seconds at Tue Jun 05 16:48:47 UTC 2018
39 ms. Memory: 208384K Free: 185017K (89%)
ptolemy.util.test.WatchDog.cancel(): canceling Tue Jun 05 16:48:47 UTC 2018
------------------ testing $PTII/ptolemy/domains/de/test/auto/FSM7.xml
auto.tcl: Setting watchdog for 200 seconds at Tue Jun 05 16:48:47 UTC 2018
15 ms. Memory: 208384K Free: 187648K (90%)
ptolemy.util.test.WatchDog.cancel(): canceling Tue Jun 05 16:48:47 UTC 2018
auto.tcl: Setting watchdog for 200 seconds at Tue Jun 05 16:48:47 UTC 2018
21 ms. Memory: 208384K Free: 185543K (89%)
ptolemy.util.test.WatchDog.cancel(): canceling Tue Jun 05 16:48:47 UTC 2018
------------------ testing $PTII/ptolemy/domains/de/test/auto/Inspection.xml
auto.tcl: Setting watchdog for 200 seconds at Tue Jun 05 16:48:47 UTC 2018
27 ms. Memory: 208384K Free: 188896K (91%)
ptolemy.util.test.WatchDog.cancel(): canceling Tue Jun 05 16:48:47 UTC 2018
auto.tcl: Setting watchdog for 200 seconds at Tue Jun 05 16:48:47 UTC 2018
25 ms. Memory: 208384K Free: 186775K (90%)
ptolemy.util.test.WatchDog.cancel(): canceling Tue Jun 05 16:48:47 UTC 2018
------------------ testing $PTII/ptolemy/domains/de/test/auto/Iteration.xml
auto.tcl: Setting watchdog for 200 seconds at Tue Jun 05 16:48:47 UTC 2018
13 ms. Memory: 208384K Free: 193015K (93%)
ptolemy.util.test.WatchDog.cancel(): canceling Tue Jun 05 16:48:47 UTC 2018
auto.tcl: Setting watchdog for 200 seconds at Tue Jun 05 16:48:47 UTC 2018
6 ms. Memory: 208384K Free: 193015K (93%)
ptolemy.util.test.WatchDog.cancel(): canceling Tue Jun 05 16:48:47 UTC 2018
------------------ testing $PTII/ptolemy/domains/de/test/auto/LineFault.xml
auto.tcl: Setting watchdog for 200 seconds at Tue Jun 05 16:48:47 UTC 2018
696 ms. Memory: 208384K Free: 194984K (94%)
ptolemy.util.test.WatchDog.cancel(): canceling Tue Jun 05 16:48:48 UTC 2018
auto.tcl: Setting watchdog for 200 seconds at Tue Jun 05 16:48:48 UTC 2018
556 ms. Memory: 208384K Free: 137405K (66%)
ptolemy.util.test.WatchDog.cancel(): canceling Tue Jun 05 16:48:49 UTC 2018
------------------ testing $PTII/ptolemy/domains/de/test/auto/MergeModel1Add.xml
auto.tcl: Setting watchdog for 200 seconds at Tue Jun 05 16:48:49 UTC 2018
20 ms. Memory: 331264K Free: 302899K (91%)
ptolemy.util.test.WatchDog.cancel(): canceling Tue Jun 05 16:48:49 UTC 2018
auto.tcl: Setting watchdog for 200 seconds at Tue Jun 05 16:48:49 UTC 2018
8 ms. Memory: 331264K Free: 298961K (90%)
ptolemy.util.test.WatchDog.cancel(): canceling Tue Jun 05 16:48:49 UTC 2018
------------------ testing $PTII/ptolemy/domains/de/test/auto/MergeModel2Add.xml
auto.tcl: Setting watchdog for 200 seconds at Tue Jun 05 16:48:49 UTC 2018
12 ms. Memory: 331264K Free: 304213K (92%)
ptolemy.util.test.WatchDog.cancel(): canceling Tue Jun 05 16:48:49 UTC 2018
auto.tcl: Setting watchdog for 200 seconds at Tue Jun 05 16:48:49 UTC 2018
7 ms. Memory: 331264K Free: 300283K (91%)
ptolemy.util.test.WatchDog.cancel(): canceling Tue Jun 05 16:48:49 UTC 2018
------------------ testing $PTII/ptolemy/domains/de/test/auto/MergeModel3Add.xml
auto.tcl: Setting watchdog for 200 seconds at Tue Jun 05 16:48:49 UTC 2018
8 ms. Memory: 331264K Free: 304223K (92%)
ptolemy.util.test.WatchDog.cancel(): canceling Tue Jun 05 16:48:49 UTC 2018
auto.tcl: Setting watchdog for 200 seconds at Tue Jun 05 16:48:49 UTC 2018
7 ms. Memory: 331264K Free: 300277K (91%)
ptolemy.util.test.WatchDog.cancel(): canceling Tue Jun 05 16:48:49 UTC 2018
------------------ testing $PTII/ptolemy/domains/de/test/auto/MergeWithoutDiscard.xml
auto.tcl: Setting watchdog for 200 seconds at Tue Jun 05 16:48:49 UTC 2018
1 ms. Memory: 331264K Free: 316310K (95%)
ptolemy.util.test.WatchDog.cancel(): canceling Tue Jun 05 16:48:49 UTC 2018
auto.tcl: Setting watchdog for 200 seconds at Tue Jun 05 16:48:49 UTC 2018
2 ms. Memory: 331264K Free: 316310K (95%)
ptolemy.util.test.WatchDog.cancel(): canceling Tue Jun 05 16:48:49 UTC 2018
------------------ testing $PTII/ptolemy/domains/de/test/auto/Modal1.xml
auto.tcl: Setting watchdog for 200 seconds at Tue Jun 05 16:48:49 UTC 2018
12 ms. Memory: 331264K Free: 309935K (94%)
ptolemy.util.test.WatchDog.cancel(): canceling Tue Jun 05 16:48:49 UTC 2018
auto.tcl: Setting watchdog for 200 seconds at Tue Jun 05 16:48:49 UTC 2018
11 ms. Memory: 331264K Free: 306006K (92%)
ptolemy.util.test.WatchDog.cancel(): canceling Tue Jun 05 16:48:49 UTC 2018
------------------ testing $PTII/ptolemy/domains/de/test/auto/Modal2.xml
auto.tcl: Setting watchdog for 200 seconds at Tue Jun 05 16:48:49 UTC 2018
20 ms. Memory: 331264K Free: 310110K (94%)
ptolemy.util.test.WatchDog.cancel(): canceling Tue Jun 05 16:48:49 UTC 2018
auto.tcl: Setting watchdog for 200 seconds at Tue Jun 05 16:48:49 UTC 2018
17 ms. Memory: 331264K Free: 305895K (92%)
ptolemy.util.test.WatchDog.cancel(): canceling Tue Jun 05 16:48:49 UTC 2018
------------------ testing $PTII/ptolemy/domains/de/test/auto/Modal3.xml
auto.tcl: Setting watchdog for 200 seconds at Tue Jun 05 16:48:49 UTC 2018
10 ms. Memory: 331264K Free: 309808K (94%)
ptolemy.util.test.WatchDog.cancel(): canceling Tue Jun 05 16:48:50 UTC 2018
auto.tcl: Setting watchdog for 200 seconds at Tue Jun 05 16:48:50 UTC 2018
10 ms. Memory: 331264K Free: 305863K (92%)
ptolemy.util.test.WatchDog.cancel(): canceling Tue Jun 05 16:48:50 UTC 2018
------------------ testing $PTII/ptolemy/domains/de/test/auto/Modal4.xml
auto.tcl: Setting watchdog for 200 seconds at Tue Jun 05 16:48:50 UTC 2018
25 ms. Memory: 331264K Free: 309821K (94%)
ptolemy.util.test.WatchDog.cancel(): canceling Tue Jun 05 16:48:50 UTC 2018
auto.tcl: Setting watchdog for 200 seconds at Tue Jun 05 16:48:50 UTC 2018
12 ms. Memory: 331264K Free: 305876K (92%)
ptolemy.util.test.WatchDog.cancel(): canceling Tue Jun 05 16:48:50 UTC 2018
------------------ testing $PTII/ptolemy/domains/de/test/auto/Modal5.xml
auto.tcl: Setting watchdog for 200 seconds at Tue Jun 05 16:48:50 UTC 2018
19 ms. Memory: 331264K Free: 310093K (94%)
ptolemy.util.test.WatchDog.cancel(): canceling Tue Jun 05 16:48:50 UTC 2018
auto.tcl: Setting watchdog for 200 seconds at Tue Jun 05 16:48:50 UTC 2018
11 ms. Memory: 331264K Free: 306155K (92%)
ptolemy.util.test.WatchDog.cancel(): canceling Tue Jun 05 16:48:50 UTC 2018
------------------ testing $PTII/ptolemy/domains/de/test/auto/Modal6.xml
auto.tcl: Setting watchdog for 200 seconds at Tue Jun 05 16:48:50 UTC 2018
16 ms. Memory: 331264K Free: 309790K (94%)
ptolemy.util.test.WatchDog.cancel(): canceling Tue Jun 05 16:48:50 UTC 2018
auto.tcl: Setting watchdog for 200 seconds at Tue Jun 05 16:48:50 UTC 2018
11 ms. Memory: 331264K Free: 305844K (92%)
ptolemy.util.test.WatchDog.cancel(): canceling Tue Jun 05 16:48:50 UTC 2018
------------------ testing $PTII/ptolemy/domains/de/test/auto/Modal7.xml
auto.tcl: Setting watchdog for 200 seconds at Tue Jun 05 16:48:50 UTC 2018
17 ms. Memory: 331264K Free: 309798K (94%)
ptolemy.util.test.WatchDog.cancel(): canceling Tue Jun 05 16:48:50 UTC 2018
auto.tcl: Setting watchdog for 200 seconds at Tue Jun 05 16:48:50 UTC 2018
16 ms. Memory: 331264K Free: 305852K (92%)
ptolemy.util.test.WatchDog.cancel(): canceling Tue Jun 05 16:48:50 UTC 2018
------------------ testing $PTII/ptolemy/domains/de/test/auto/ModalModel.xml
auto.tcl: Setting watchdog for 200 seconds at Tue Jun 05 16:48:50 UTC 2018
157 ms. Memory: 331264K Free: 241147K (73%)
ptolemy.util.test.WatchDog.cancel(): canceling Tue Jun 05 16:48:50 UTC 2018
auto.tcl: Setting watchdog for 200 seconds at Tue Jun 05 16:48:50 UTC 2018
163 ms. Memory: 331264K Free: 185995K (56%)
ptolemy.util.test.WatchDog.cancel(): canceling Tue Jun 05 16:48:50 UTC 2018
------------------ testing $PTII/ptolemy/domains/de/test/auto/ModalSource.xml
auto.tcl: Setting watchdog for 200 seconds at Tue Jun 05 16:48:50 UTC 2018
6 ms. Memory: 331264K Free: 316634K (96%)
ptolemy.util.test.WatchDog.cancel(): canceling Tue Jun 05 16:48:50 UTC 2018
auto.tcl: Setting watchdog for 200 seconds at Tue Jun 05 16:48:50 UTC 2018
6 ms. Memory: 331264K Free: 313166K (95%)
ptolemy.util.test.WatchDog.cancel(): canceling Tue Jun 05 16:48:50 UTC 2018
------------------ testing $PTII/ptolemy/domains/de/test/auto/NonInterruptibleTimerZeroDelay.xml
auto.tcl: Setting watchdog for 200 seconds at Tue Jun 05 16:48:51 UTC 2018
4 ms. Memory: 331264K Free: 320956K (97%)
ptolemy.util.test.WatchDog.cancel(): canceling Tue Jun 05 16:48:51 UTC 2018
auto.tcl: Setting watchdog for 200 seconds at Tue Jun 05 16:48:51 UTC 2018
2 ms. Memory: 331264K Free: 317472K (96%)
ptolemy.util.test.WatchDog.cancel(): canceling Tue Jun 05 16:48:51 UTC 2018
------------------ testing $PTII/ptolemy/domains/de/test/auto/OpenQueueingNetwork.xml
auto.tcl: Setting watchdog for 200 seconds at Tue Jun 05 16:48:51 UTC 2018
2644 ms. Memory: 573952K Free: 414165K (72%)
ptolemy.util.test.WatchDog.cancel(): canceling Tue Jun 05 16:48:53 UTC 2018
auto.tcl: Setting watchdog for 200 seconds at Tue Jun 05 16:48:53 UTC 2018
2191 ms. Memory: 550912K Free: 318939K (58%)
ptolemy.util.test.WatchDog.cancel(): canceling Tue Jun 05 16:48:56 UTC 2018
------------------ testing $PTII/ptolemy/domains/de/test/auto/OpenQueuingNetwork.xml
auto.tcl: Setting watchdog for 200 seconds at Tue Jun 05 16:48:56 UTC 2018
225 ms. Memory: 549888K Free: 446025K (81%)
ptolemy.util.test.WatchDog.cancel(): canceling Tue Jun 05 16:48:56 UTC 2018
auto.tcl: Setting watchdog for 200 seconds at Tue Jun 05 16:48:56 UTC 2018
221 ms. Memory: 549888K Free: 386907K (70%)
ptolemy.util.test.WatchDog.cancel(): canceling Tue Jun 05 16:48:56 UTC 2018
------------------ testing $PTII/ptolemy/domains/de/test/auto/PeriodicSampler.xml
auto.tcl: Setting watchdog for 200 seconds at Tue Jun 05 16:48:56 UTC 2018
2 ms. Memory: 551936K Free: 532206K (96%)
ptolemy.util.test.WatchDog.cancel(): canceling Tue Jun 05 16:48:56 UTC 2018
auto.tcl: Setting watchdog for 200 seconds at Tue Jun 05 16:48:56 UTC 2018
2 ms. Memory: 551936K Free: 532206K (96%)
ptolemy.util.test.WatchDog.cancel(): canceling Tue Jun 05 16:48:56 UTC 2018
------------------ testing $PTII/ptolemy/domains/de/test/auto/PersistentIO.xml
auto.tcl: Setting watchdog for 200 seconds at Tue Jun 05 16:48:56 UTC 2018
10 ms. Memory: 549376K Free: 524872K (96%)
ptolemy.util.test.WatchDog.cancel(): canceling Tue Jun 05 16:48:56 UTC 2018
auto.tcl: Setting watchdog for 200 seconds at Tue Jun 05 16:48:56 UTC 2018
4 ms. Memory: 549376K Free: 524872K (96%)
ptolemy.util.test.WatchDog.cancel(): canceling Tue Jun 05 16:48:56 UTC 2018
------------------ testing $PTII/ptolemy/domains/de/test/auto/PortParameterResetOnInitialize.xml
auto.tcl: Setting watchdog for 200 seconds at Tue Jun 05 16:48:56 UTC 2018
6 ms. Memory: 551424K Free: 531926K (96%)
ptolemy.util.test.WatchDog.cancel(): canceling Tue Jun 05 16:48:56 UTC 2018
auto.tcl: Setting watchdog for 200 seconds at Tue Jun 05 16:48:56 UTC 2018
2 ms. Memory: 551424K Free: 531926K (96%)
ptolemy.util.test.WatchDog.cancel(): canceling Tue Jun 05 16:48:56 UTC 2018
------------------ testing $PTII/ptolemy/domains/de/test/auto/PortParameterUpdates.xml
auto.tcl: Setting watchdog for 200 seconds at Tue Jun 05 16:48:56 UTC 2018
5 ms. Memory: 549376K Free: 524851K (96%)
ptolemy.util.test.WatchDog.cancel(): canceling Tue Jun 05 16:48:56 UTC 2018
auto.tcl: Setting watchdog for 200 seconds at Tue Jun 05 16:48:56 UTC 2018
3 ms. Memory: 549376K Free: 524851K (96%)
ptolemy.util.test.WatchDog.cancel(): canceling Tue Jun 05 16:48:56 UTC 2018
------------------ testing $PTII/ptolemy/domains/de/test/auto/QueueAndServer.xml
auto.tcl: Setting watchdog for 200 seconds at Tue Jun 05 16:48:57 UTC 2018
10 ms. Memory: 551424K Free: 526632K (96%)
ptolemy.util.test.WatchDog.cancel(): canceling Tue Jun 05 16:48:57 UTC 2018
auto.tcl: Setting watchdog for 200 seconds at Tue Jun 05 16:48:57 UTC 2018
6 ms. Memory: 551424K Free: 526632K (96%)
ptolemy.util.test.WatchDog.cancel(): canceling Tue Jun 05 16:48:57 UTC 2018
------------------ testing $PTII/ptolemy/domains/de/test/auto/Records.xml
auto.tcl: Setting watchdog for 200 seconds at Tue Jun 05 16:48:57 UTC 2018
19 ms. Memory: 549376K Free: 534596K (97%)
ptolemy.util.test.WatchDog.cancel(): canceling Tue Jun 05 16:48:57 UTC 2018
auto.tcl: Setting watchdog for 200 seconds at Tue Jun 05 16:48:57 UTC 2018
2 ms. Memory: 549376K Free: 529222K (96%)
ptolemy.util.test.WatchDog.cancel(): canceling Tue Jun 05 16:48:57 UTC 2018
------------------ testing $PTII/ptolemy/domains/de/test/auto/ResetTransitionWithStartTime1.xml
auto.tcl: Setting watchdog for 200 seconds at Tue Jun 05 16:48:57 UTC 2018
7 ms. Memory: 551424K Free: 531295K (96%)
ptolemy.util.test.WatchDog.cancel(): canceling Tue Jun 05 16:48:57 UTC 2018
auto.tcl: Setting watchdog for 200 seconds at Tue Jun 05 16:48:57 UTC 2018
6 ms. Memory: 551424K Free: 531295K (96%)
ptolemy.util.test.WatchDog.cancel(): canceling Tue Jun 05 16:48:57 UTC 2018
------------------ testing $PTII/ptolemy/domains/de/test/auto/ResetTransitionWithStartTime2.xml
auto.tcl: Setting watchdog for 200 seconds at Tue Jun 05 16:48:57 UTC 2018
6 ms. Memory: 549376K Free: 529468K (96%)
ptolemy.util.test.WatchDog.cancel(): canceling Tue Jun 05 16:48:57 UTC 2018
auto.tcl: Setting watchdog for 200 seconds at Tue Jun 05 16:48:57 UTC 2018
6 ms. Memory: 549376K Free: 529468K (96%)
ptolemy.util.test.WatchDog.cancel(): canceling Tue Jun 05 16:48:57 UTC 2018
------------------ testing $PTII/ptolemy/domains/de/test/auto/ResetTransitionWithStartTime3.xml
auto.tcl: Setting watchdog for 200 seconds at Tue Jun 05 16:48:57 UTC 2018
4 ms. Memory: 550912K Free: 530987K (96%)
ptolemy.util.test.WatchDog.cancel(): canceling Tue Jun 05 16:48:57 UTC 2018
auto.tcl: Setting watchdog for 200 seconds at Tue Jun 05 16:48:57 UTC 2018
6 ms. Memory: 550912K Free: 530757K (96%)
ptolemy.util.test.WatchDog.cancel(): canceling Tue Jun 05 16:48:57 UTC 2018
------------------ testing $PTII/ptolemy/domains/de/test/auto/ResetTransitionWithStartTime4.xml
auto.tcl: Setting watchdog for 200 seconds at Tue Jun 05 16:48:57 UTC 2018
9 ms. Memory: 549376K Free: 529227K (96%)
ptolemy.util.test.WatchDog.cancel(): canceling Tue Jun 05 16:48:57 UTC 2018
auto.tcl: Setting watchdog for 200 seconds at Tue Jun 05 16:48:57 UTC 2018
4 ms. Memory: 549376K Free: 529227K (96%)
ptolemy.util.test.WatchDog.cancel(): canceling Tue Jun 05 16:48:57 UTC 2018
------------------ testing $PTII/ptolemy/domains/de/test/auto/ResettableTimer1.xml
auto.tcl: Setting watchdog for 200 seconds at Tue Jun 05 16:48:57 UTC 2018
4 ms. Memory: 550912K Free: 536141K (97%)
ptolemy.util.test.WatchDog.cancel(): canceling Tue Jun 05 16:48:57 UTC 2018
auto.tcl: Setting watchdog for 200 seconds at Tue Jun 05 16:48:57 UTC 2018
2 ms. Memory: 550912K Free: 536141K (97%)
ptolemy.util.test.WatchDog.cancel(): canceling Tue Jun 05 16:48:57 UTC 2018
------------------ testing $PTII/ptolemy/domains/de/test/auto/ResettableTimer2.xml
auto.tcl: Setting watchdog for 200 seconds at Tue Jun 05 16:48:57 UTC 2018
3 ms. Memory: 549376K Free: 534892K (97%)
ptolemy.util.test.WatchDog.cancel(): canceling Tue Jun 05 16:48:57 UTC 2018
auto.tcl: Setting watchdog for 200 seconds at Tue Jun 05 16:48:57 UTC 2018
2 ms. Memory: 549376K Free: 534892K (97%)
ptolemy.util.test.WatchDog.cancel(): canceling Tue Jun 05 16:48:57 UTC 2018
------------------ testing $PTII/ptolemy/domains/de/test/auto/ResettableTimer3.xml
auto.tcl: Setting watchdog for 200 seconds at Tue Jun 05 16:48:57 UTC 2018
1 ms. Memory: 550912K Free: 536198K (97%)
ptolemy.util.test.WatchDog.cancel(): canceling Tue Jun 05 16:48:57 UTC 2018
auto.tcl: Setting watchdog for 200 seconds at Tue Jun 05 16:48:57 UTC 2018
1 ms. Memory: 550912K Free: 536198K (97%)
ptolemy.util.test.WatchDog.cancel(): canceling Tue Jun 05 16:48:57 UTC 2018
------------------ testing $PTII/ptolemy/domains/de/test/auto/ResettableTimer4.xml
auto.tcl: Setting watchdog for 200 seconds at Tue Jun 05 16:48:57 UTC 2018
1 ms. Memory: 549376K Free: 534675K (97%)
ptolemy.util.test.WatchDog.cancel(): canceling Tue Jun 05 16:48:57 UTC 2018
auto.tcl: Setting watchdog for 200 seconds at Tue Jun 05 16:48:57 UTC 2018
1 ms. Memory: 549376K Free: 534675K (97%)
ptolemy.util.test.WatchDog.cancel(): canceling Tue Jun 05 16:48:57 UTC 2018
------------------ testing $PTII/ptolemy/domains/de/test/auto/ResettableTimer5.xml
auto.tcl: Setting watchdog for 200 seconds at Tue Jun 05 16:48:57 UTC 2018
2 ms. Memory: 550400K Free: 535927K (97%)
ptolemy.util.test.WatchDog.cancel(): canceling Tue Jun 05 16:48:57 UTC 2018
auto.tcl: Setting watchdog for 200 seconds at Tue Jun 05 16:48:57 UTC 2018
1 ms. Memory: 550400K Free: 535927K (97%)
ptolemy.util.test.WatchDog.cancel(): canceling Tue Jun 05 16:48:57 UTC 2018
------------------ testing $PTII/ptolemy/domains/de/test/auto/ResettableTimer6.xml
auto.tcl: Setting watchdog for 200 seconds at Tue Jun 05 16:48:57 UTC 2018
2 ms. Memory: 549376K Free: 534622K (97%)
ptolemy.util.test.WatchDog.cancel(): canceling Tue Jun 05 16:48:57 UTC 2018
auto.tcl: Setting watchdog for 200 seconds at Tue Jun 05 16:48:57 UTC 2018
1 ms. Memory: 549376K Free: 534622K (97%)
ptolemy.util.test.WatchDog.cancel(): canceling Tue Jun 05 16:48:57 UTC 2018
------------------ testing $PTII/ptolemy/domains/de/test/auto/ServerZeroDelay.xml
auto.tcl: Setting watchdog for 200 seconds at Tue Jun 05 16:48:57 UTC 2018
3 ms. Memory: 550400K Free: 535867K (97%)
ptolemy.util.test.WatchDog.cancel(): canceling Tue Jun 05 16:48:57 UTC 2018
auto.tcl: Setting watchdog for 200 seconds at Tue Jun 05 16:48:57 UTC 2018
2 ms. Memory: 550400K Free: 535867K (97%)
ptolemy.util.test.WatchDog.cancel(): canceling Tue Jun 05 16:48:57 UTC 2018
------------------ testing $PTII/ptolemy/domains/de/test/auto/SmartSender.xml
auto.tcl: Setting watchdog for 200 seconds at Tue Jun 05 16:48:57 UTC 2018
3004 ms. Memory: 549376K Free: 530159K (97%)
ptolemy.util.test.WatchDog.cancel(): canceling Tue Jun 05 16:49:00 UTC 2018
auto.tcl: Setting watchdog for 200 seconds at Tue Jun 05 16:49:00 UTC 2018
3001 ms. Memory: 549376K Free: 530159K (97%)
ptolemy.util.test.WatchDog.cancel(): canceling Tue Jun 05 16:49:03 UTC 2018
------------------ testing $PTII/ptolemy/domains/de/test/auto/ThreadedComposite.xml
auto.tcl: Setting watchdog for 200 seconds at Tue Jun 05 16:49:04 UTC 2018
185 ms. Memory: 550400K Free: 510827K (93%)
ptolemy.util.test.WatchDog.cancel(): canceling Tue Jun 05 16:49:04 UTC 2018
auto.tcl: Setting watchdog for 200 seconds at Tue Jun 05 16:49:04 UTC 2018
101 ms. Memory: 550400K Free: 496093K (90%)
ptolemy.util.test.WatchDog.cancel(): canceling Tue Jun 05 16:49:04 UTC 2018
------------------ testing $PTII/ptolemy/domains/de/test/auto/Time.xml
auto.tcl: Setting watchdog for 200 seconds at Tue Jun 05 16:49:04 UTC 2018
501 ms. Memory: 549376K Free: 482856K (88%)
ptolemy.util.test.WatchDog.cancel(): canceling Tue Jun 05 16:49:04 UTC 2018
auto.tcl: Setting watchdog for 200 seconds at Tue Jun 05 16:49:04 UTC 2018
486 ms. Memory: 549376K Free: 429113K (78%)
ptolemy.util.test.WatchDog.cancel(): canceling Tue Jun 05 16:49:05 UTC 2018
------------------ testing $PTII/ptolemy/domains/de/test/auto/TimeDelayZeroDelay.xml
auto.tcl: Setting watchdog for 200 seconds at Tue Jun 05 16:49:05 UTC 2018
2 ms. Memory: 550400K Free: 535554K (97%)
ptolemy.util.test.WatchDog.cancel(): canceling Tue Jun 05 16:49:05 UTC 2018
auto.tcl: Setting watchdog for 200 seconds at Tue Jun 05 16:49:05 UTC 2018
2 ms. Memory: 550400K Free: 535554K (97%)
ptolemy.util.test.WatchDog.cancel(): canceling Tue Jun 05 16:49:05 UTC 2018
------------------ testing $PTII/ptolemy/domains/de/test/auto/TimerZeroDelay.xml
auto.tcl: Setting watchdog for 200 seconds at Tue Jun 05 16:49:05 UTC 2018
4 ms. Memory: 549376K Free: 534803K (97%)
ptolemy.util.test.WatchDog.cancel(): canceling Tue Jun 05 16:49:05 UTC 2018
auto.tcl: Setting watchdog for 200 seconds at Tue Jun 05 16:49:05 UTC 2018
2 ms. Memory: 549376K Free: 534803K (97%)
ptolemy.util.test.WatchDog.cancel(): canceling Tue Jun 05 16:49:05 UTC 2018
------------------ testing $PTII/ptolemy/domains/de/test/auto/TimingParadox.xml
auto.tcl: Setting watchdog for 200 seconds at Tue Jun 05 16:49:05 UTC 2018
358 ms. Memory: 549888K Free: 470018K (85%)
ptolemy.util.test.WatchDog.cancel(): canceling Tue Jun 05 16:49:06 UTC 2018
auto.tcl: Setting watchdog for 200 seconds at Tue Jun 05 16:49:06 UTC 2018
338 ms. Memory: 549888K Free: 432398K (79%)
ptolemy.util.test.WatchDog.cancel(): canceling Tue Jun 05 16:49:06 UTC 2018
------------------ testing $PTII/ptolemy/domains/de/test/auto/TransferInputs.xml
auto.tcl: Setting watchdog for 200 seconds at Tue Jun 05 16:49:06 UTC 2018
2 ms. Memory: 549888K Free: 534220K (97%)
ptolemy.util.test.WatchDog.cancel(): canceling Tue Jun 05 16:49:06 UTC 2018
auto.tcl: Setting watchdog for 200 seconds at Tue Jun 05 16:49:06 UTC 2018
2 ms. Memory: 549888K Free: 534220K (97%)
ptolemy.util.test.WatchDog.cancel(): canceling Tue Jun 05 16:49:06 UTC 2018
------------------ testing $PTII/ptolemy/domains/de/test/auto/TransferOutputs2.xml
auto.tcl: Setting watchdog for 200 seconds at Tue Jun 05 16:49:06 UTC 2018
6 ms. Memory: 549376K Free: 524740K (96%)
ptolemy.util.test.WatchDog.cancel(): canceling Tue Jun 05 16:49:06 UTC 2018
auto.tcl: Setting watchdog for 200 seconds at Tue Jun 05 16:49:06 UTC 2018
3 ms. Memory: 549376K Free: 524740K (96%)
ptolemy.util.test.WatchDog.cancel(): canceling Tue Jun 05 16:49:06 UTC 2018
------------------ testing $PTII/ptolemy/domains/de/test/auto/Trilateration.xml
auto.tcl: Setting watchdog for 200 seconds at Tue Jun 05 16:49:06 UTC 2018
14153 ms. Memory: 766976K Free: 203990K (27%)
ptolemy.util.test.WatchDog.cancel(): canceling Tue Jun 05 16:49:21 UTC 2018
auto.tcl: Setting watchdog for 200 seconds at Tue Jun 05 16:49:21 UTC 2018
11310 ms. Memory: 623104K Free: 576448K (93%)
ptolemy.util.test.WatchDog.cancel(): canceling Tue Jun 05 16:49:33 UTC 2018
------------------ testing $PTII/ptolemy/domains/de/test/auto/TwoSigmaDelta.xml
auto.tcl: Setting watchdog for 200 seconds at Tue Jun 05 16:49:33 UTC 2018
2490 ms. Memory: 619520K Free: 315177K (51%)
ptolemy.util.test.WatchDog.cancel(): canceling Tue Jun 05 16:49:35 UTC 2018
auto.tcl: Setting watchdog for 200 seconds at Tue Jun 05 16:49:35 UTC 2018
1905 ms. Memory: 619520K Free: 89715K (14%)
ptolemy.util.test.WatchDog.cancel(): canceling Tue Jun 05 16:49:37 UTC 2018
------------------ testing $PTII/ptolemy/domains/de/test/auto/VariableDelay.xml
auto.tcl: Setting watchdog for 200 seconds at Tue Jun 05 16:49:37 UTC 2018
5 ms. Memory: 623104K Free: 599073K (96%)
ptolemy.util.test.WatchDog.cancel(): canceling Tue Jun 05 16:49:37 UTC 2018
auto.tcl: Setting watchdog for 200 seconds at Tue Jun 05 16:49:37 UTC 2018
2 ms. Memory: 623104K Free: 599073K (96%)
ptolemy.util.test.WatchDog.cancel(): canceling Tue Jun 05 16:49:37 UTC 2018
------------------ testing $PTII/ptolemy/domains/de/test/auto/VariableDelay2.xml
auto.tcl: Setting watchdog for 200 seconds at Tue Jun 05 16:49:37 UTC 2018
8 ms. Memory: 619520K Free: 601315K (97%)
ptolemy.util.test.WatchDog.cancel(): canceling Tue Jun 05 16:49:37 UTC 2018
auto.tcl: Setting watchdog for 200 seconds at Tue Jun 05 16:49:37 UTC 2018
2 ms. Memory: 619520K Free: 601315K (97%)
ptolemy.util.test.WatchDog.cancel(): canceling Tue Jun 05 16:49:37 UTC 2018
------------------ testing $PTII/ptolemy/domains/de/test/auto/VariableDelayZeroDelay.xml
auto.tcl: Setting watchdog for 200 seconds at Tue Jun 05 16:49:37 UTC 2018
2 ms. Memory: 622592K Free: 599005K (96%)
ptolemy.util.test.WatchDog.cancel(): canceling Tue Jun 05 16:49:37 UTC 2018
auto.tcl: Setting watchdog for 200 seconds at Tue Jun 05 16:49:37 UTC 2018
2 ms. Memory: 622592K Free: 598974K (96%)
ptolemy.util.test.WatchDog.cancel(): canceling Tue Jun 05 16:49:37 UTC 2018
------------------ testing $PTII/ptolemy/domains/de/test/auto/VariableDelayZeroDelay2.xml
auto.tcl: Setting watchdog for 200 seconds at Tue Jun 05 16:49:37 UTC 2018
2 ms. Memory: 619520K Free: 601312K (97%)
ptolemy.util.test.WatchDog.cancel(): canceling Tue Jun 05 16:49:37 UTC 2018
auto.tcl: Setting watchdog for 200 seconds at Tue Jun 05 16:49:37 UTC 2018
2 ms. Memory: 619520K Free: 601312K (97%)
ptolemy.util.test.WatchDog.cancel(): canceling Tue Jun 05 16:49:37 UTC 2018
------------------ testing $PTII/ptolemy/domains/de/test/auto/deInCt.xml
auto.tcl: Setting watchdog for 200 seconds at Tue Jun 05 16:49:38 UTC 2018
0
1
1
1
0
0
0
1
1
1
0
0
0
1
1
1
0
0
0
1
1
1
0
0
0
0
1
1
1
0
0
0
1
1
1
1
0
0
0
0
1
1
1
1
1
6 ms. Memory: 622080K Free: 598458K (96%)
ptolemy.util.test.WatchDog.cancel(): canceling Tue Jun 05 16:49:38 UTC 2018
auto.tcl: Setting watchdog for 200 seconds at Tue Jun 05 16:49:38 UTC 2018
0
1
1
1
0
0
1
1
1
1
0
0
0
1
1
1
0
0
0
1
1
1
1
1
0
0
0
1
1
0
0
0
1
1
1
1
1
1
1
7 ms. Memory: 622080K Free: 598458K (96%)
ptolemy.util.test.WatchDog.cancel(): canceling Tue Jun 05 16:49:38 UTC 2018
------------------ testing $PTII/ptolemy/domains/de/test/auto/deInCt2.xml
auto.tcl: Setting watchdog for 200 seconds at Tue Jun 05 16:49:38 UTC 2018
0
1
1
1
0
0
1
1
1
0
0
1
1
1
0
0
1
1
1
0
0
1
1
1
0
0
1
1
1
0
0
1
1
1
0
0
1
1
1
0
0
0
10 ms. Memory: 619520K Free: 601278K (97%)
ptolemy.util.test.WatchDog.cancel(): canceling Tue Jun 05 16:49:38 UTC 2018
auto.tcl: Setting watchdog for 200 seconds at Tue Jun 05 16:49:38 UTC 2018
0
1
1
1
0
0
1
1
1
0
0
1
1
1
0
0
1
1
1
0
0
1
1
1
0
0
1
1
1
0
0
1
1
1
0
0
1
1
1
0
0
0
5 ms. Memory: 619520K Free: 601278K (97%)
ptolemy.util.test.WatchDog.cancel(): canceling Tue Jun 05 16:49:38 UTC 2018
------------------ testing $PTII/ptolemy/domains/de/test/auto/dynamicCausalityInterface1.xml
auto.tcl: Setting watchdog for 200 seconds at Tue Jun 05 16:49:38 UTC 2018
2 ms. Memory: 621568K Free: 595166K (96%)
ptolemy.util.test.WatchDog.cancel(): canceling Tue Jun 05 16:49:38 UTC 2018
auto.tcl: Setting watchdog for 200 seconds at Tue Jun 05 16:49:38 UTC 2018
0 ms. Memory: 621568K Free: 595166K (96%)
ptolemy.util.test.WatchDog.cancel(): canceling Tue Jun 05 16:49:38 UTC 2018
------------------ testing $PTII/ptolemy/domains/de/test/auto/fsm_de_test.xml
auto.tcl: Setting watchdog for 200 seconds at Tue Jun 05 16:49:38 UTC 2018
11 ms. Memory: 619520K Free: 595818K (96%)
ptolemy.util.test.WatchDog.cancel(): canceling Tue Jun 05 16:49:38 UTC 2018
auto.tcl: Setting watchdog for 200 seconds at Tue Jun 05 16:49:38 UTC 2018
4 ms. Memory: 619520K Free: 587648K (95%)
ptolemy.util.test.WatchDog.cancel(): canceling Tue Jun 05 16:49:38 UTC 2018
------------------ testing $PTII/ptolemy/domains/de/test/auto/functionDependencyReconstruction.xml
auto.tcl: Setting watchdog for 200 seconds at Tue Jun 05 16:49:38 UTC 2018
3 ms. Memory: 621568K Free: 589687K (95%)
ptolemy.util.test.WatchDog.cancel(): canceling Tue Jun 05 16:49:38 UTC 2018
auto.tcl: Setting watchdog for 200 seconds at Tue Jun 05 16:49:38 UTC 2018
2 ms. Memory: 621568K Free: 581501K (94%)
ptolemy.util.test.WatchDog.cancel(): canceling Tue Jun 05 16:49:38 UTC 2018
------------------ testing $PTII/ptolemy/domains/de/test/auto/multirate.xml
auto.tcl: Setting watchdog for 200 seconds at Tue Jun 05 16:49:38 UTC 2018
3 ms. Memory: 619520K Free: 595685K (96%)
ptolemy.util.test.WatchDog.cancel(): canceling Tue Jun 05 16:49:38 UTC 2018
auto.tcl: Setting watchdog for 200 seconds at Tue Jun 05 16:49:38 UTC 2018
2 ms. Memory: 619520K Free: 595685K (96%)
ptolemy.util.test.WatchDog.cancel(): canceling Tue Jun 05 16:49:38 UTC 2018
------------------ testing $PTII/ptolemy/domains/de/test/auto/multirate2.xml
auto.tcl: Setting watchdog for 200 seconds at Tue Jun 05 16:49:38 UTC 2018
6 ms. Memory: 621056K Free: 597408K (96%)
ptolemy.util.test.WatchDog.cancel(): canceling Tue Jun 05 16:49:38 UTC 2018
auto.tcl: Setting watchdog for 200 seconds at Tue Jun 05 16:49:38 UTC 2018
3 ms. Memory: 621056K Free: 597408K (96%)
ptolemy.util.test.WatchDog.cancel(): canceling Tue Jun 05 16:49:38 UTC 2018
------------------ testing $PTII/ptolemy/domains/de/test/auto/realtime.xml
auto.tcl: Setting watchdog for 200 seconds at Tue Jun 05 16:49:38 UTC 2018
10002 ms. Memory: 619520K Free: 595840K (96%)
ptolemy.util.test.WatchDog.cancel(): canceling Tue Jun 05 16:49:48 UTC 2018
auto.tcl: Setting watchdog for 200 seconds at Tue Jun 05 16:49:48 UTC 2018
10002 ms. Memory: 619520K Free: 595840K (96%)
ptolemy.util.test.WatchDog.cancel(): canceling Tue Jun 05 16:49:58 UTC 2018
------------------ testing $PTII/ptolemy/domains/de/test/auto/relationGroup.xml
auto.tcl: Setting watchdog for 200 seconds at Tue Jun 05 16:49:58 UTC 2018
1 ms. Memory: 621056K Free: 597433K (96%)
ptolemy.util.test.WatchDog.cancel(): canceling Tue Jun 05 16:49:58 UTC 2018
auto.tcl: Setting watchdog for 200 seconds at Tue Jun 05 16:49:58 UTC 2018
1 ms. Memory: 621056K Free: 597433K (96%)
ptolemy.util.test.WatchDog.cancel(): canceling Tue Jun 05 16:49:58 UTC 2018
------------------ testing $PTII/ptolemy/domains/de/test/auto/relationGroup2.xml
auto.tcl: Setting watchdog for 200 seconds at Tue Jun 05 16:49:58 UTC 2018
1 ms. Memory: 619520K Free: 595923K (96%)
ptolemy.util.test.WatchDog.cancel(): canceling Tue Jun 05 16:49:58 UTC 2018
auto.tcl: Setting watchdog for 200 seconds at Tue Jun 05 16:49:58 UTC 2018
1 ms. Memory: 619520K Free: 595923K (96%)
ptolemy.util.test.WatchDog.cancel(): canceling Tue Jun 05 16:49:58 UTC 2018
------------------ testing $PTII/ptolemy/domains/de/test/auto/sortWithOpaquePorts.xml
auto.tcl: Setting watchdog for 200 seconds at Tue Jun 05 16:49:58 UTC 2018
1 ms. Memory: 620544K Free: 596947K (96%)
ptolemy.util.test.WatchDog.cancel(): canceling Tue Jun 05 16:49:58 UTC 2018
auto.tcl: Setting watchdog for 200 seconds at Tue Jun 05 16:49:58 UTC 2018
2 ms. Memory: 620544K Free: 596947K (96%)
ptolemy.util.test.WatchDog.cancel(): canceling Tue Jun 05 16:49:58 UTC 2018
------------------ testing $PTII/ptolemy/domains/de/test/auto/transferInputsandOutputs.xml
auto.tcl: Setting watchdog for 200 seconds at Tue Jun 05 16:49:58 UTC 2018
3 ms. Memory: 619520K Free: 595910K (96%)
ptolemy.util.test.WatchDog.cancel(): canceling Tue Jun 05 16:49:58 UTC 2018
auto.tcl: Setting watchdog for 200 seconds at Tue Jun 05 16:49:58 UTC 2018
1 ms. Memory: 619520K Free: 595910K (96%)
ptolemy.util.test.WatchDog.cancel(): canceling Tue Jun 05 16:49:58 UTC 2018
------------------ testing $PTII/ptolemy/domains/de/test/auto/triggerType.xml
auto.tcl: Setting watchdog for 200 seconds at Tue Jun 05 16:49:58 UTC 2018
1 ms. Memory: 620544K Free: 596885K (96%)
ptolemy.util.test.WatchDog.cancel(): canceling Tue Jun 05 16:49:58 UTC 2018
auto.tcl: Setting watchdog for 200 seconds at Tue Jun 05 16:49:58 UTC 2018
1 ms. Memory: 620544K Free: 596885K (96%)
ptolemy.util.test.WatchDog.cancel(): canceling Tue Jun 05 16:49:58 UTC 2018
06/05/18 04:49:58
Failed: 0  Total Tests: 192  ((Passed: 187, Newly Passed: 1)  Known Failed: 5) /home/travis/build/icyphy/ptII/ptolemy/domains/de/test
06/05/18 04:49:58
Failed: 0  Total Tests: 192  ((Passed: 187, Newly Passed: 1)  Known Failed: 5) /home/travis/build/icyphy/ptII/ptolemy/domains/de/test
----------------- testing (KnownFailure) /home/travis/build/icyphy/ptII/ptolemy/domains/de/test/auto/knownFailedTests/DESDFClockTest.xml
2012 ms. Memory: 619520K Free: 585122K (94%)
Known Failure: java.lang.reflect.InvocationTargetException
----------------- testing (KnownFailure) /home/travis/build/icyphy/ptII/ptolemy/domains/de/test/auto/knownFailedTests/DirectFeedback.xml
1 ms. Memory: 619520K Free: 542072K (87%)
Known Failure: java.lang.reflect.InvocationTargetException
----------------- testing (KnownFailure) /home/travis/build/icyphy/ptII/ptolemy/domains/de/test/auto/knownFailedTests/FSMSource.xml
11 ms. Memory: 619520K Free: 499023K (81%)
----------------- testing (KnownFailure) /home/travis/build/icyphy/ptII/ptolemy/domains/de/test/auto/knownFailedTests/HierarchicalModel.xml
2 ms. Memory: 619520K Free: 466720K (75%)
Known Failure: java.lang.reflect.InvocationTargetException
----------------- testing (KnownFailure) /home/travis/build/icyphy/ptII/ptolemy/domains/de/test/auto/knownFailedTests/dependencyLoop.xml
1 ms. Memory: 619520K Free: 412893K (67%)
Known Failure: java.lang.reflect.InvocationTargetException
----------------- testing (KnownFailure) /home/travis/build/icyphy/ptII/ptolemy/domains/de/test/auto/knownFailedTests/dependencyLoop2.xml
3 ms. Memory: 619520K Free: 359066K (58%)
Known Failure: java.lang.reflect.InvocationTargetException
No auto/linux-amd64/*.xml tests in /home/travis/build/icyphy/ptII/ptolemy/domains/de/test
AutoTests.java: About to close Vertx.
AutoTests.java: Vertx closed.

===========================================================================================
----------------- testing Tue Jun 05 16:50:01 UTC 2018 /home/travis/build/icyphy/ptII/ptolemy/domains/de/test/auto/ActorDepthCalculation_actorWithoutPorts.xml
----------------- Instantiating /home/travis/build/icyphy/ptII/ptolemy/domains/de/test/auto/ActorDepthCalculation_actorWithoutPorts.xml
1 ms. Memory: 619520K Free: 305254K (49%)
----------------- Invoking toplevel() on ptolemy.moml.MoMLSimpleApplication@23405691
----------------- Done invoking toplevel() on ptolemy.moml.MoMLSimpleApplication@23405691
reloadAllAccessors: .ActorDepthCalculation_actorWithoutPorts

===========================================================================================
----------------- testing Tue Jun 05 16:50:01 UTC 2018 /home/travis/build/icyphy/ptII/ptolemy/domains/de/test/auto/AssemblyLine.xml
----------------- Instantiating /home/travis/build/icyphy/ptII/ptolemy/domains/de/test/auto/AssemblyLine.xml
2 ms. Memory: 619520K Free: 283730K (46%)
----------------- Invoking toplevel() on ptolemy.moml.MoMLSimpleApplication@1226b3af
----------------- Done invoking toplevel() on ptolemy.moml.MoMLSimpleApplication@1226b3af
reloadAllAccessors: .AssemblyLine

===========================================================================================
----------------- testing Tue Jun 05 16:50:01 UTC 2018 /home/travis/build/icyphy/ptII/ptolemy/domains/de/test/auto/CQBug1.xml
----------------- Instantiating /home/travis/build/icyphy/ptII/ptolemy/domains/de/test/auto/CQBug1.xml
2 ms. Memory: 619520K Free: 262205K (42%)
----------------- Invoking toplevel() on ptolemy.moml.MoMLSimpleApplication@118ef47d
----------------- Done invoking toplevel() on ptolemy.moml.MoMLSimpleApplication@118ef47d
reloadAllAccessors: .CQBug1

===========================================================================================
----------------- testing Tue Jun 05 16:50:01 UTC 2018 /home/travis/build/icyphy/ptII/ptolemy/domains/de/test/auto/CancelFireAt.xml
----------------- Instantiating /home/travis/build/icyphy/ptII/ptolemy/domains/de/test/auto/CancelFireAt.xml
1 ms. Memory: 619520K Free: 240681K (39%)
----------------- Invoking toplevel() on ptolemy.moml.MoMLSimpleApplication@3156330c
----------------- Done invoking toplevel() on ptolemy.moml.MoMLSimpleApplication@3156330c
reloadAllAccessors: .CancelFireAt

===========================================================================================
----------------- testing Tue Jun 05 16:50:01 UTC 2018 /home/travis/build/icyphy/ptII/ptolemy/domains/de/test/auto/CausalityAndComposabilityAnalysis.xml
----------------- Instantiating /home/travis/build/icyphy/ptII/ptolemy/domains/de/test/auto/CausalityAndComposabilityAnalysis.xml
1 ms. Memory: 619520K Free: 219156K (35%)
----------------- Invoking toplevel() on ptolemy.moml.MoMLSimpleApplication@53aacc1a
----------------- Done invoking toplevel() on ptolemy.moml.MoMLSimpleApplication@53aacc1a
reloadAllAccessors: .CausalityAndComposabilityAnalysis

===========================================================================================
----------------- testing Tue Jun 05 16:50:01 UTC 2018 /home/travis/build/icyphy/ptII/ptolemy/domains/de/test/auto/CausalityInterface1.xml
----------------- Instantiating /home/travis/build/icyphy/ptII/ptolemy/domains/de/test/auto/CausalityInterface1.xml
2 ms. Memory: 619520K Free: 197631K (32%)
----------------- Invoking toplevel() on ptolemy.moml.MoMLSimpleApplication@7a327c2a
----------------- Done invoking toplevel() on ptolemy.moml.MoMLSimpleApplication@7a327c2a
reloadAllAccessors: .CausalityInterface1

===========================================================================================
----------------- testing Tue Jun 05 16:50:01 UTC 2018 /home/travis/build/icyphy/ptII/ptolemy/domains/de/test/auto/CausalityInterface15.xml
----------------- Instantiating /home/travis/build/icyphy/ptII/ptolemy/domains/de/test/auto/CausalityInterface15.xml
1 ms. Memory: 619520K Free: 176107K (28%)
----------------- Invoking toplevel() on ptolemy.moml.MoMLSimpleApplication@4cd37781
----------------- Done invoking toplevel() on ptolemy.moml.MoMLSimpleApplication@4cd37781
reloadAllAccessors: .CausalityInterface15

[...]
java.lang.RuntimeException: Execution failed
	at ptolemy.moml.MoMLSimpleApplication$UnloadThread.run(MoMLSimpleApplication.java:402)
Caused by: ptolemy.kernel.util.IllegalActionException: Test fails in iteration 1.
Value was: 1.0. Should have been: 2.0
  in .DirectFeedback.Test
	at ptolemy.actor.lib.Test.fire(Test.java:268)
	at ptolemy.domains.de.kernel.DEDirector._fire(DEDirector.java:1948)
	at ptolemy.domains.de.kernel.DEDirector.fire(DEDirector.java:502)
	at ptolemy.actor.CompositeActor.fire(CompositeActor.java:455)
	at ptolemy.actor.Manager.iterate(Manager.java:851)
	at ptolemy.actor.Manager.execute(Manager.java:369)
	at ptolemy.actor.Manager.run(Manager.java:1263)
	at ptolemy.actor.Manager$PtolemyRunThread.run(Manager.java:1915)
java.lang.RuntimeException: Execution failed
	at ptolemy.moml.MoMLSimpleApplication$UnloadThread.run(MoMLSimpleApplication.java:402)
Caused by: ptolemy.kernel.util.IllegalActionException: Actor is not ready to fire.  Perhaps UpSample.prefire() returned false? Try debugging the actor by selecting "Listen to Actor".  Also, for SDF check moml for tokenConsumptionRate on input.
  in .DESDFClockTest.Play Bell.Copy1:SDF Director and .DESDFClockTest.Play Bell.UpSample
	at ptolemy.actor.sched.StaticSchedulingDirector.fire(StaticSchedulingDirector.java:227)
	at ptolemy.domains.sdf.kernel.SDFDirector.fire(SDFDirector.java:500)
	at ptolemy.actor.CompositeActor.fire(CompositeActor.java:455)
	at ptolemy.domains.de.kernel.DEDirector._fire(DEDirector.java:1948)
	at ptolemy.domains.de.kernel.DEDirector.fire(DEDirector.java:502)
	at ptolemy.actor.CompositeActor.fire(CompositeActor.java:455)
	at ptolemy.actor.Manager.iterate(Manager.java:851)
	at ptolemy.actor.Manager.execute(Manager.java:369)
	at ptolemy.actor.Manager.run(Manager.java:1263)
	at ptolemy.actor.Manager$PtolemyRunThread.run(Manager.java:1915)
java.lang.reflect.InvocationTargetException
	at sun.reflect.NativeConstructorAccessorImpl.newInstance0(Native Method)
	at sun.reflect.NativeConstructorAccessorImpl.newInstance(NativeConstructorAccessorImpl.java:62)
	at sun.reflect.DelegatingConstructorAccessorImpl.newInstance(DelegatingConstructorAccessorImpl.java:45)
	at java.lang.reflect.Constructor.newInstance(Constructor.java:423)
	at ptolemy.util.test.junit.AutoKnownFailedTests.RunModel(AutoKnownFailedTests.java:107)
	at sun.reflect.NativeMethodAccessorImpl.invoke0(Native Method)
	at sun.reflect.NativeMethodAccessorImpl.invoke(NativeMethodAccessorImpl.java:62)
	at sun.reflect.DelegatingMethodAccessorImpl.invoke(DelegatingMethodAccessorImpl.java:43)
	at java.lang.reflect.Method.invoke(Method.java:498)
	at org.junit.runners.model.FrameworkMethod$1.runReflectiveCall(FrameworkMethod.java:44)
	at org.junit.internal.runners.model.ReflectiveCallable.run(ReflectiveCallable.java:15)
	at org.junit.runners.model.FrameworkMethod.invokeExplosively(FrameworkMethod.java:41)
	at junitparams.internal.InvokeParameterisedMethod.evaluate(InvokeParameterisedMethod.java:102)
	at org.junit.internal.runners.statements.FailOnTimeout$1.run(FailOnTimeout.java:28)
Caused by: ptolemy.kernel.util.IllegalActionException: Actor is not ready to fire.  Perhaps UpSample.prefire() returned false? Try debugging the actor by selecting "Listen to Actor".  Also, for SDF check moml for tokenConsumptionRate on input.
  in .DESDFClockTest.Play Bell.Copy1:SDF Director and .DESDFClockTest.Play Bell.UpSample
	at ptolemy.actor.sched.StaticSchedulingDirector.fire(StaticSchedulingDirector.java:227)
	at ptolemy.domains.sdf.kernel.SDFDirector.fire(SDFDirector.java:500)
	at ptolemy.actor.CompositeActor.fire(CompositeActor.java:455)
	at ptolemy.domains.de.kernel.DEDirector._fire(DEDirector.java:1948)
	at ptolemy.domains.de.kernel.DEDirector.fire(DEDirector.java:502)
	at ptolemy.actor.CompositeActor.fire(CompositeActor.java:455)
	at ptolemy.actor.Manager.iterate(Manager.java:851)
	at ptolemy.actor.Manager.execute(Manager.java:369)
	at ptolemy.actor.Manager.run(Manager.java:1263)
	at ptolemy.actor.Manager$PtolemyRunThread.run(Manager.java:1915)
java.lang.RuntimeException: Execution failed
	at ptolemy.moml.MoMLSimpleApplication$UnloadThread.run(MoMLSimpleApplication.java:402)
Caused by: ptolemy.kernel.util.IllegalActionException: Test fails in iteration 1.
Value was: 1.0. Should have been: 2.0
  in .DirectFeedback.Test
	at ptolemy.actor.lib.Test.fire(Test.java:268)
	at ptolemy.domains.de.kernel.DEDirector._fire(DEDirector.java:1948)
	at ptolemy.domains.de.kernel.DEDirector.fire(DEDirector.java:502)
	at ptolemy.actor.CompositeActor.fire(CompositeActor.java:455)
	at ptolemy.actor.Manager.iterate(Manager.java:851)
	at ptolemy.actor.Manager.execute(Manager.java:369)
	at ptolemy.actor.Manager.run(Manager.java:1263)
	at ptolemy.actor.Manager$PtolemyRunThread.run(Manager.java:1915)
java.lang.reflect.InvocationTargetException
	at sun.reflect.NativeConstructorAccessorImpl.newInstance0(Native Method)
	at sun.reflect.NativeConstructorAccessorImpl.newInstance(NativeConstructorAccessorImpl.java:62)
	at sun.reflect.DelegatingConstructorAccessorImpl.newInstance(DelegatingConstructorAccessorImpl.java:45)
	at java.lang.reflect.Constructor.newInstance(Constructor.java:423)
	at ptolemy.util.test.junit.AutoKnownFailedTests.RunModel(AutoKnownFailedTests.java:107)
	at sun.reflect.NativeMethodAccessorImpl.invoke0(Native Method)
	at sun.reflect.NativeMethodAccessorImpl.invoke(NativeMethodAccessorImpl.java:62)
	at sun.reflect.DelegatingMethodAccessorImpl.invoke(DelegatingMethodAccessorImpl.java:43)
	at java.lang.reflect.Method.invoke(Method.java:498)
	at org.junit.runners.model.FrameworkMethod$1.runReflectiveCall(FrameworkMethod.java:44)
	at org.junit.internal.runners.model.ReflectiveCallable.run(ReflectiveCallable.java:15)
	at org.junit.runners.model.FrameworkMethod.invokeExplosively(FrameworkMethod.java:41)
	at junitparams.internal.InvokeParameterisedMethod.evaluate(InvokeParameterisedMethod.java:102)
	at org.junit.internal.runners.statements.FailOnTimeout$1.run(FailOnTimeout.java:28)
Caused by: ptolemy.kernel.util.IllegalActionException: Test fails in iteration 1.
Value was: 1.0. Should have been: 2.0
  in .DirectFeedback.Test
	at ptolemy.actor.lib.Test.fire(Test.java:268)
	at ptolemy.domains.de.kernel.DEDirector._fire(DEDirector.java:1948)
	at ptolemy.domains.de.kernel.DEDirector.fire(DEDirector.java:502)
	at ptolemy.actor.CompositeActor.fire(CompositeActor.java:455)
	at ptolemy.actor.Manager.iterate(Manager.java:851)
	at ptolemy.actor.Manager.execute(Manager.java:369)
	at ptolemy.actor.Manager.run(Manager.java:1263)
	at ptolemy.actor.Manager$PtolemyRunThread.run(Manager.java:1915)
java.lang.RuntimeException: Execution failed
	at ptolemy.moml.MoMLSimpleApplication$UnloadThread.run(MoMLSimpleApplication.java:402)
Caused by: ptolemy.kernel.util.IllegalActionException: Found a zero delay loop containing .HierarchicalModel.A
  in .HierarchicalModel and .HierarchicalModel.A
	at ptolemy.actor.util.CausalityInterfaceForComposites._computeOutputPortDepth(CausalityInterfaceForComposites.java:759)
	at ptolemy.actor.util.CausalityInterfaceForComposites._computeInputDepth(CausalityInterfaceForComposites.java:696)
	at ptolemy.actor.util.CausalityInterfaceForComposites._computeOutputPortDepth(CausalityInterfaceForComposites.java:765)
	at ptolemy.actor.util.CausalityInterfaceForComposites._computeInputDepth(CausalityInterfaceForComposites.java:696)
	at ptolemy.actor.util.CausalityInterfaceForComposites._computeOutputPortDepth(CausalityInterfaceForComposites.java:765)
	at ptolemy.actor.util.CausalityInterfaceForComposites._computeInputDepth(CausalityInterfaceForComposites.java:696)
	at ptolemy.actor.util.CausalityInterfaceForComposites._computeActorDepth(CausalityInterfaceForComposites.java:532)
	at ptolemy.actor.util.CausalityInterfaceForComposites.checkForCycles(CausalityInterfaceForComposites.java:96)
	at ptolemy.domains.de.kernel.DEDirector.preinitialize(DEDirector.java:1337)
	at ptolemy.actor.CompositeActor.preinitialize(CompositeActor.java:1828)
	at ptolemy.actor.Manager.preinitializeAndResolveTypes(Manager.java:1040)
	at ptolemy.actor.Manager.initialize(Manager.java:710)
	at ptolemy.actor.Manager.execute(Manager.java:356)
	at ptolemy.actor.Manager.run(Manager.java:1263)
	at ptolemy.actor.Manager$PtolemyRunThread.run(Manager.java:1915)
java.lang.reflect.InvocationTargetException
	at sun.reflect.NativeConstructorAccessorImpl.newInstance0(Native Method)
	at sun.reflect.NativeConstructorAccessorImpl.newInstance(NativeConstructorAccessorImpl.java:62)
	at sun.reflect.DelegatingConstructorAccessorImpl.newInstance(DelegatingConstructorAccessorImpl.java:45)
	at java.lang.reflect.Constructor.newInstance(Constructor.java:423)
	at ptolemy.util.test.junit.AutoKnownFailedTests.RunModel(AutoKnownFailedTests.java:107)
	at sun.reflect.NativeMethodAccessorImpl.invoke0(Native Method)
	at sun.reflect.NativeMethodAccessorImpl.invoke(NativeMethodAccessorImpl.java:62)
	at sun.reflect.DelegatingMethodAccessorImpl.invoke(DelegatingMethodAccessorImpl.java:43)
	at java.lang.reflect.Method.invoke(Method.java:498)
	at org.junit.runners.model.FrameworkMethod$1.runReflectiveCall(FrameworkMethod.java:44)
	at org.junit.internal.runners.model.ReflectiveCallable.run(ReflectiveCallable.java:15)
	at org.junit.runners.model.FrameworkMethod.invokeExplosively(FrameworkMethod.java:41)
	at junitparams.internal.InvokeParameterisedMethod.evaluate(InvokeParameterisedMethod.java:102)
	at org.junit.internal.runners.statements.FailOnTimeout$1.run(FailOnTimeout.java:28)
Caused by: ptolemy.kernel.util.IllegalActionException: Found a zero delay loop containing .HierarchicalModel.A
  in .HierarchicalModel and .HierarchicalModel.A
	at ptolemy.actor.util.CausalityInterfaceForComposites._computeOutputPortDepth(CausalityInterfaceForComposites.java:759)
	at ptolemy.actor.util.CausalityInterfaceForComposites._computeInputDepth(CausalityInterfaceForComposites.java:696)
	at ptolemy.actor.util.CausalityInterfaceForComposites._computeOutputPortDepth(CausalityInterfaceForComposites.java:765)
	at ptolemy.actor.util.CausalityInterfaceForComposites._computeInputDepth(CausalityInterfaceForComposites.java:696)
	at ptolemy.actor.util.CausalityInterfaceForComposites._computeOutputPortDepth(CausalityInterfaceForComposites.java:765)
	at ptolemy.actor.util.CausalityInterfaceForComposites._computeInputDepth(CausalityInterfaceForComposites.java:696)
	at ptolemy.actor.util.CausalityInterfaceForComposites._computeActorDepth(CausalityInterfaceForComposites.java:532)
	at ptolemy.actor.util.CausalityInterfaceForComposites.checkForCycles(CausalityInterfaceForComposites.java:96)
	at ptolemy.domains.de.kernel.DEDirector.preinitialize(DEDirector.java:1337)
	at ptolemy.actor.CompositeActor.preinitialize(CompositeActor.java:1828)
	at ptolemy.actor.Manager.preinitializeAndResolveTypes(Manager.java:1040)
	at ptolemy.actor.Manager.initialize(Manager.java:710)
	at ptolemy.actor.Manager.execute(Manager.java:356)
	at ptolemy.actor.Manager.run(Manager.java:1263)
	at ptolemy.actor.Manager$PtolemyRunThread.run(Manager.java:1915)
java.lang.RuntimeException: Execution failed
	at ptolemy.moml.MoMLSimpleApplication$UnloadThread.run(MoMLSimpleApplication.java:402)
Caused by: ptolemy.kernel.util.IllegalActionException: Found a zero delay loop containing .dependencyLoop.original
  in .dependencyLoop and .dependencyLoop.original
	at ptolemy.actor.util.CausalityInterfaceForComposites._computeOutputPortDepth(CausalityInterfaceForComposites.java:759)
	at ptolemy.actor.util.CausalityInterfaceForComposites._computeInputDepth(CausalityInterfaceForComposites.java:696)
	at ptolemy.actor.util.CausalityInterfaceForComposites._computeOutputPortDepth(CausalityInterfaceForComposites.java:765)
	at ptolemy.actor.util.CausalityInterfaceForComposites._computeInputDepth(CausalityInterfaceForComposites.java:696)
	at ptolemy.actor.util.CausalityInterfaceForComposites._computeOutputPortDepth(CausalityInterfaceForComposites.java:765)
	at ptolemy.actor.util.CausalityInterfaceForComposites._computeInputDepth(CausalityInterfaceForComposites.java:696)
	at ptolemy.actor.util.CausalityInterfaceForComposites._computeActorDepth(CausalityInterfaceForComposites.java:532)
	at ptolemy.actor.util.CausalityInterfaceForComposites.checkForCycles(CausalityInterfaceForComposites.java:96)
	at ptolemy.domains.de.kernel.DEDirector.preinitialize(DEDirector.java:1337)
	at ptolemy.actor.CompositeActor.preinitialize(CompositeActor.java:1828)
	at ptolemy.actor.Manager.preinitializeAndResolveTypes(Manager.java:1040)
	at ptolemy.actor.Manager.initialize(Manager.java:710)
	at ptolemy.actor.Manager.execute(Manager.java:356)
	at ptolemy.actor.Manager.run(Manager.java:1263)
	at ptolemy.actor.Manager$PtolemyRunThread.run(Manager.java:1915)
java.lang.reflect.InvocationTargetException
	at sun.reflect.NativeConstructorAccessorImpl.newInstance0(Native Method)
	at sun.reflect.NativeConstructorAccessorImpl.newInstance(NativeConstructorAccessorImpl.java:62)
	at sun.reflect.DelegatingConstructorAccessorImpl.newInstance(DelegatingConstructorAccessorImpl.java:45)
	at java.lang.reflect.Constructor.newInstance(Constructor.java:423)
	at ptolemy.util.test.junit.AutoKnownFailedTests.RunModel(AutoKnownFailedTests.java:107)
	at sun.reflect.NativeMethodAccessorImpl.invoke0(Native Method)
	at sun.reflect.NativeMethodAccessorImpl.invoke(NativeMethodAccessorImpl.java:62)
	at sun.reflect.DelegatingMethodAccessorImpl.invoke(DelegatingMethodAccessorImpl.java:43)
	at java.lang.reflect.Method.invoke(Method.java:498)
	at org.junit.runners.model.FrameworkMethod$1.runReflectiveCall(FrameworkMethod.java:44)
	at org.junit.internal.runners.model.ReflectiveCallable.run(ReflectiveCallable.java:15)
	at org.junit.runners.model.FrameworkMethod.invokeExplosively(FrameworkMethod.java:41)
	at junitparams.internal.InvokeParameterisedMethod.evaluate(InvokeParameterisedMethod.java:102)
	at org.junit.internal.runners.statements.FailOnTimeout$1.run(FailOnTimeout.java:28)
Caused by: ptolemy.kernel.util.IllegalActionException: Found a zero delay loop containing .dependencyLoop.original
  in .dependencyLoop and .dependencyLoop.original
	at ptolemy.actor.util.CausalityInterfaceForComposites._computeOutputPortDepth(CausalityInterfaceForComposites.java:759)
	at ptolemy.actor.util.CausalityInterfaceForComposites._computeInputDepth(CausalityInterfaceForComposites.java:696)
	at ptolemy.actor.util.CausalityInterfaceForComposites._computeOutputPortDepth(CausalityInterfaceForComposites.java:765)
	at ptolemy.actor.util.CausalityInterfaceForComposites._computeInputDepth(CausalityInterfaceForComposites.java:696)
	at ptolemy.actor.util.CausalityInterfaceForComposites._computeOutputPortDepth(CausalityInterfaceForComposites.java:765)
	at ptolemy.actor.util.CausalityInterfaceForComposites._computeInputDepth(CausalityInterfaceForComposites.java:696)
	at ptolemy.actor.util.CausalityInterfaceForComposites._computeActorDepth(CausalityInterfaceForComposites.java:532)
	at ptolemy.actor.util.CausalityInterfaceForComposites.checkForCycles(CausalityInterfaceForComposites.java:96)
	at ptolemy.domains.de.kernel.DEDirector.preinitialize(DEDirector.java:1337)
	at ptolemy.actor.CompositeActor.preinitialize(CompositeActor.java:1828)
	at ptolemy.actor.Manager.preinitializeAndResolveTypes(Manager.java:1040)
	at ptolemy.actor.Manager.initialize(Manager.java:710)
	at ptolemy.actor.Manager.execute(Manager.java:356)
	at ptolemy.actor.Manager.run(Manager.java:1263)
	at ptolemy.actor.Manager$PtolemyRunThread.run(Manager.java:1915)
java.lang.RuntimeException: Execution failed
	at ptolemy.moml.MoMLSimpleApplication$UnloadThread.run(MoMLSimpleApplication.java:402)
Caused by: ptolemy.kernel.util.IllegalActionException: Found a zero delay loop containing .dependencyLoop2.original
  in .dependencyLoop2 and .dependencyLoop2.original
	at ptolemy.actor.util.CausalityInterfaceForComposites._computeOutputPortDepth(CausalityInterfaceForComposites.java:759)
	at ptolemy.actor.util.CausalityInterfaceForComposites._computeInputDepth(CausalityInterfaceForComposites.java:696)
	at ptolemy.actor.util.CausalityInterfaceForComposites._computeOutputPortDepth(CausalityInterfaceForComposites.java:765)
	at ptolemy.actor.util.CausalityInterfaceForComposites._computeInputDepth(CausalityInterfaceForComposites.java:696)
	at ptolemy.actor.util.CausalityInterfaceForComposites._computeOutputPortDepth(CausalityInterfaceForComposites.java:765)
	at ptolemy.actor.util.CausalityInterfaceForComposites._computeInputDepth(CausalityInterfaceForComposites.java:696)
	at ptolemy.actor.util.CausalityInterfaceForComposites._computeActorDepth(CausalityInterfaceForComposites.java:532)
	at ptolemy.actor.util.CausalityInterfaceForComposites.checkForCycles(CausalityInterfaceForComposites.java:96)
	at ptolemy.domains.de.kernel.DEDirector.preinitialize(DEDirector.java:1337)
	at ptolemy.actor.CompositeActor.preinitialize(CompositeActor.java:1828)
	at ptolemy.actor.Manager.preinitializeAndResolveTypes(Manager.java:1040)
	at ptolemy.actor.Manager.initialize(Manager.java:710)
	at ptolemy.actor.Manager.execute(Manager.java:356)
	at ptolemy.actor.Manager.run(Manager.java:1263)
	at ptolemy.actor.Manager$PtolemyRunThread.run(Manager.java:1915)
java.lang.reflect.InvocationTargetException
	at sun.reflect.NativeConstructorAccessorImpl.newInstance0(Native Method)
	at sun.reflect.NativeConstructorAccessorImpl.newInstance(NativeConstructorAccessorImpl.java:62)
	at sun.reflect.DelegatingConstructorAccessorImpl.newInstance(DelegatingConstructorAccessorImpl.java:45)
	at java.lang.reflect.Constructor.newInstance(Constructor.java:423)
	at ptolemy.util.test.junit.AutoKnownFailedTests.RunModel(AutoKnownFailedTests.java:107)
	at sun.reflect.NativeMethodAccessorImpl.invoke0(Native Method)
	at sun.reflect.NativeMethodAccessorImpl.invoke(NativeMethodAccessorImpl.java:62)
	at sun.reflect.DelegatingMethodAccessorImpl.invoke(DelegatingMethodAccessorImpl.java:43)
	at java.lang.reflect.Method.invoke(Method.java:498)
	at org.junit.runners.model.FrameworkMethod$1.runReflectiveCall(FrameworkMethod.java:44)
	at org.junit.internal.runners.model.ReflectiveCallable.run(ReflectiveCallable.java:15)
	at org.junit.runners.model.FrameworkMethod.invokeExplosively(FrameworkMethod.java:41)
	at junitparams.internal.InvokeParameterisedMethod.evaluate(InvokeParameterisedMethod.java:102)
	at org.junit.internal.runners.statements.FailOnTimeout$1.run(FailOnTimeout.java:28)
Caused by: ptolemy.kernel.util.IllegalActionException: Found a zero delay loop containing .dependencyLoop2.original
  in .dependencyLoop2 and .dependencyLoop2.original
	at ptolemy.actor.util.CausalityInterfaceForComposites._computeOutputPortDepth(CausalityInterfaceForComposites.java:759)
	at ptolemy.actor.util.CausalityInterfaceForComposites._computeInputDepth(CausalityInterfaceForComposites.java:696)
	at ptolemy.actor.util.CausalityInterfaceForComposites._computeOutputPortDepth(CausalityInterfaceForComposites.java:765)
	at ptolemy.actor.util.CausalityInterfaceForComposites._computeInputDepth(CausalityInterfaceForComposites.java:696)
	at ptolemy.actor.util.CausalityInterfaceForComposites._computeOutputPortDepth(CausalityInterfaceForComposites.java:765)
	at ptolemy.actor.util.CausalityInterfaceForComposites._computeInputDepth(CausalityInterfaceForComposites.java:696)
	at ptolemy.actor.util.CausalityInterfaceForComposites._computeActorDepth(CausalityInterfaceForComposites.java:532)
	at ptolemy.actor.util.CausalityInterfaceForComposites.checkForCycles(CausalityInterfaceForComposites.java:96)
	at ptolemy.domains.de.kernel.DEDirector.preinitialize(DEDirector.java:1337)
	at ptolemy.actor.CompositeActor.preinitialize(CompositeActor.java:1828)
	at ptolemy.actor.Manager.preinitializeAndResolveTypes(Manager.java:1040)
	at ptolemy.actor.Manager.initialize(Manager.java:710)
	at ptolemy.actor.Manager.execute(Manager.java:356)
	at ptolemy.actor.Manager.run(Manager.java:1263)
	at ptolemy.actor.Manager$PtolemyRunThread.run(Manager.java:1915)
]]></system-err>
</testsuite>
