<?xml version="1.0" encoding="UTF-8" ?>
<testsuite errors="0" failures="0" hostname="travis-job-c49b52af-e3ce-45ae-b90f-285124ffdc3e" name="ptolemy.domains.sdf.test.junit.JUnitTclTest" skipped="0" tests="66" time="19.832" timestamp="2020-06-13T15:12:48">
  <properties>
[...]
</properties>
  <testcase classname="ptolemy.util.test.junit.TclTests" name="[0] /home/travis/build/icyphy/ptII/ptolemy/domains/sdf/test/SDFSchedulerErrors.tcl (RunTclFile)" time="0.935" />
  <testcase classname="ptolemy.util.test.junit.TclTests" name="[1] /home/travis/build/icyphy/ptII/ptolemy/domains/sdf/test/composition.tcl (RunTclFile)" time="0.178" />
  <testcase classname="ptolemy.util.test.junit.TclTests" name="[2] /home/travis/build/icyphy/ptII/ptolemy/domains/sdf/test/cycle.tcl (RunTclFile)" time="0.054" />
  <testcase classname="ptolemy.util.test.junit.AutoKnownFailedTests" name="[0] ThereAreNoKnowFailedTests (RunModel)" time="0.008" />
  <testcase classname="ptolemy.util.test.junit.AutoNameArchTests" name="[0] ThereAreNoAutoArchTests (RunModel)" time="0.002" />
  <testcase classname="ptolemy.util.test.junit.AutoTests" name="[0] /home/travis/build/icyphy/ptII/ptolemy/domains/sdf/test/auto/Array.xml (RunModel)" time="0.282" />
  <testcase classname="ptolemy.util.test.junit.AutoTests" name="[1] /home/travis/build/icyphy/ptII/ptolemy/domains/sdf/test/auto/Butterfly.xml (RunModel)" time="0.157" />
  <testcase classname="ptolemy.util.test.junit.AutoTests" name="[2] /home/travis/build/icyphy/ptII/ptolemy/domains/sdf/test/auto/Expression.xml (RunModel)" time="0.092" />
  <testcase classname="ptolemy.util.test.junit.AutoTests" name="[3] /home/travis/build/icyphy/ptII/ptolemy/domains/sdf/test/auto/Eye.xml (RunModel)" time="0.249" />
  <testcase classname="ptolemy.util.test.junit.AutoTests" name="[4] /home/travis/build/icyphy/ptII/ptolemy/domains/sdf/test/auto/FixFIR.xml (RunModel)" time="0.323" />
  <testcase classname="ptolemy.util.test.junit.AutoTests" name="[5] /home/travis/build/icyphy/ptII/ptolemy/domains/sdf/test/auto/FixPoint.xml (RunModel)" time="0.033" />
  <testcase classname="ptolemy.util.test.junit.AutoTests" name="[6] /home/travis/build/icyphy/ptII/ptolemy/domains/sdf/test/auto/Gravitation.xml (RunModel)" time="3.293" />
  <testcase classname="ptolemy.util.test.junit.AutoTests" name="[7] /home/travis/build/icyphy/ptII/ptolemy/domains/sdf/test/auto/GravitationWithCollisionDetection.xml (RunModel)" time="6.109" />
  <testcase classname="ptolemy.util.test.junit.AutoTests" name="[8] /home/travis/build/icyphy/ptII/ptolemy/domains/sdf/test/auto/HDF.xml (RunModel)" time="0.11" />
  <testcase classname="ptolemy.util.test.junit.AutoTests" name="[9] /home/travis/build/icyphy/ptII/ptolemy/domains/sdf/test/auto/HDFwithTransientStates.xml (RunModel)" time="0.095" />
  <testcase classname="ptolemy.util.test.junit.AutoTests" name="[10] /home/travis/build/icyphy/ptII/ptolemy/domains/sdf/test/auto/HTVQ.xml (RunModel)" time="0.792" />
  <testcase classname="ptolemy.util.test.junit.AutoTests" name="[11] /home/travis/build/icyphy/ptII/ptolemy/domains/sdf/test/auto/InferInitProduction.xml (RunModel)" time="0.026" />
  <testcase classname="ptolemy.util.test.junit.AutoTests" name="[12] /home/travis/build/icyphy/ptII/ptolemy/domains/sdf/test/auto/InferInitProductionDeeper.xml (RunModel)" time="0.027" />
  <testcase classname="ptolemy.util.test.junit.AutoTests" name="[13] /home/travis/build/icyphy/ptII/ptolemy/domains/sdf/test/auto/LMSAdaptive.xml (RunModel)" time="0.08" />
  <testcase classname="ptolemy.util.test.junit.AutoTests" name="[14] /home/travis/build/icyphy/ptII/ptolemy/domains/sdf/test/auto/LogisticMap.xml (RunModel)" time="0.478" />
  <testcase classname="ptolemy.util.test.junit.AutoTests" name="[15] /home/travis/build/icyphy/ptII/ptolemy/domains/sdf/test/auto/MaximumEntropySpectrum.xml (RunModel)" time="0.254" />
  <testcase classname="ptolemy.util.test.junit.AutoTests" name="[16] /home/travis/build/icyphy/ptII/ptolemy/domains/sdf/test/auto/MultirateSDF.xml (RunModel)" time="0.067" />
  <testcase classname="ptolemy.util.test.junit.AutoTests" name="[17] /home/travis/build/icyphy/ptII/ptolemy/domains/sdf/test/auto/MultirateSDFwithTransientStates.xml (RunModel)" time="0.072" />
  <testcase classname="ptolemy.util.test.junit.AutoTests" name="[18] /home/travis/build/icyphy/ptII/ptolemy/domains/sdf/test/auto/NoisySinewave.xml (RunModel)" time="0.063" />
  <testcase classname="ptolemy.util.test.junit.AutoTests" name="[19] /home/travis/build/icyphy/ptII/ptolemy/domains/sdf/test/auto/Objects.xml (RunModel)" time="0.041" />
  <testcase classname="ptolemy.util.test.junit.AutoTests" name="[20] /home/travis/build/icyphy/ptII/ptolemy/domains/sdf/test/auto/OrthogonalCom.xml (RunModel)" time="0.049" />
  <testcase classname="ptolemy.util.test.junit.AutoTests" name="[21] /home/travis/build/icyphy/ptII/ptolemy/domains/sdf/test/auto/RijndaelEncryption.xml (RunModel)" time="0.583" />
  <testcase classname="ptolemy.util.test.junit.AutoTests" name="[22] /home/travis/build/icyphy/ptII/ptolemy/domains/sdf/test/auto/SDFEmptyIterations.xml (RunModel)" time="0.023" />
  <testcase classname="ptolemy.util.test.junit.AutoTests" name="[23] /home/travis/build/icyphy/ptII/ptolemy/domains/sdf/test/auto/Spectrum.xml (RunModel)" time="0.078" />
  <testcase classname="ptolemy.util.test.junit.AutoTests" name="[24] /home/travis/build/icyphy/ptII/ptolemy/domains/sdf/test/auto/de_inside_sdf.xml (RunModel)" time="0.02" />
  <testcase classname="ptolemy.util.test.junit.AutoTests" name="[25] /home/travis/build/icyphy/ptII/ptolemy/domains/sdf/test/auto/disconnectedHierarchicalSDF.xml (RunModel)" time="0.018" />
  <testcase classname="ptolemy.util.test.junit.AutoTests" name="[26] /home/travis/build/icyphy/ptII/ptolemy/domains/sdf/test/auto/disconnectedSDF.xml (RunModel)" time="0.015" />
  <testcase classname="ptolemy.util.test.junit.AutoTests" name="[27] /home/travis/build/icyphy/ptII/ptolemy/domains/sdf/test/auto/emptyRefinement.xml (RunModel)" time="0.015" />
  <testcase classname="ptolemy.util.test.junit.AutoTests" name="[28] /home/travis/build/icyphy/ptII/ptolemy/domains/sdf/test/auto/filePortParameter.xml (RunModel)" time="0.058" />
  <testcase classname="ptolemy.util.test.junit.AutoTests" name="[29] /home/travis/build/icyphy/ptII/ptolemy/domains/sdf/test/auto/inferRelationWidth1.xml (RunModel)" time="0.028" />
  <testcase classname="ptolemy.util.test.junit.AutoTests" name="[30] /home/travis/build/icyphy/ptII/ptolemy/domains/sdf/test/auto/initProductionInference.xml (RunModel)" time="0.02" />
  <testcase classname="ptolemy.util.test.junit.AutoTests" name="[31] /home/travis/build/icyphy/ptII/ptolemy/domains/sdf/test/auto/relationGroup.xml (RunModel)" time="0.02" />
  <testcase classname="ptolemy.util.test.junit.AutoTests" name="[32] /home/travis/build/icyphy/ptII/ptolemy/domains/sdf/test/auto/relationGroup10.xml (RunModel)" time="0.012" />
  <testcase classname="ptolemy.util.test.junit.AutoTests" name="[33] /home/travis/build/icyphy/ptII/ptolemy/domains/sdf/test/auto/relationGroup11.xml (RunModel)" time="0.015" />
  <testcase classname="ptolemy.util.test.junit.AutoTests" name="[34] /home/travis/build/icyphy/ptII/ptolemy/domains/sdf/test/auto/relationGroup12.xml (RunModel)" time="0.012" />
  <testcase classname="ptolemy.util.test.junit.AutoTests" name="[35] /home/travis/build/icyphy/ptII/ptolemy/domains/sdf/test/auto/relationGroup13.xml (RunModel)" time="0.016" />
  <testcase classname="ptolemy.util.test.junit.AutoTests" name="[36] /home/travis/build/icyphy/ptII/ptolemy/domains/sdf/test/auto/relationGroup14.xml (RunModel)" time="0.014" />
  <testcase classname="ptolemy.util.test.junit.AutoTests" name="[37] /home/travis/build/icyphy/ptII/ptolemy/domains/sdf/test/auto/relationGroup15.xml (RunModel)" time="0.013" />
  <testcase classname="ptolemy.util.test.junit.AutoTests" name="[38] /home/travis/build/icyphy/ptII/ptolemy/domains/sdf/test/auto/relationGroup2.xml (RunModel)" time="0.014" />
  <testcase classname="ptolemy.util.test.junit.AutoTests" name="[39] /home/travis/build/icyphy/ptII/ptolemy/domains/sdf/test/auto/relationGroup3.xml (RunModel)" time="0.008" />
  <testcase classname="ptolemy.util.test.junit.AutoTests" name="[40] /home/travis/build/icyphy/ptII/ptolemy/domains/sdf/test/auto/relationGroup4.xml (RunModel)" time="0.014" />
  <testcase classname="ptolemy.util.test.junit.AutoTests" name="[41] /home/travis/build/icyphy/ptII/ptolemy/domains/sdf/test/auto/relationGroup5.xml (RunModel)" time="0.011" />
  <testcase classname="ptolemy.util.test.junit.AutoTests" name="[42] /home/travis/build/icyphy/ptII/ptolemy/domains/sdf/test/auto/relationGroup6.xml (RunModel)" time="0.009" />
  <testcase classname="ptolemy.util.test.junit.AutoTests" name="[43] /home/travis/build/icyphy/ptII/ptolemy/domains/sdf/test/auto/relationGroup7.xml (RunModel)" time="0.008" />
  <testcase classname="ptolemy.util.test.junit.AutoTests" name="[44] /home/travis/build/icyphy/ptII/ptolemy/domains/sdf/test/auto/relationGroup8.xml (RunModel)" time="0.014" />
  <testcase classname="ptolemy.util.test.junit.AutoTests" name="[45] /home/travis/build/icyphy/ptII/ptolemy/domains/sdf/test/auto/relationGroup9.xml (RunModel)" time="0.012" />
  <testcase classname="ptolemy.util.test.junit.AutoTests" name="[46] /home/travis/build/icyphy/ptII/ptolemy/domains/sdf/test/auto/sdf_inside_de.xml (RunModel)" time="0.034" />
  <testcase classname="ptolemy.util.test.junit.AutoTests" name="[47] /home/travis/build/icyphy/ptII/ptolemy/domains/sdf/test/auto/sdf_inside_pn.xml (RunModel)" time="0.053" />
  <testcase classname="ptolemy.util.test.junit.AutoTests" name="[48] /home/travis/build/icyphy/ptII/ptolemy/domains/sdf/test/auto/sdf_sdf1.xml (RunModel)" time="0.018" />
  <testcase classname="ptolemy.util.test.junit.AutoTests" name="[49] /home/travis/build/icyphy/ptII/ptolemy/domains/sdf/test/auto/test1.xml (RunModel)" time="0.014" />
  <testcase classname="ptolemy.util.test.junit.AutoTests" name="[50] /home/travis/build/icyphy/ptII/ptolemy/domains/sdf/test/auto/time1.xml (RunModel)" time="0.01" />
  <testcase classname="ptolemy.util.test.junit.AutoTests" name="[51] /home/travis/build/icyphy/ptII/ptolemy/domains/sdf/test/auto/time2.xml (RunModel)" time="0.008" />
  <testcase classname="ptolemy.util.test.junit.AutoTests" name="[52] /home/travis/build/icyphy/ptII/ptolemy/domains/sdf/test/auto/time3.xml (RunModel)" time="0.021" />
  <testcase classname="ptolemy.util.test.junit.AutoTests" name="[53] /home/travis/build/icyphy/ptII/ptolemy/domains/sdf/test/auto/time4.xml (RunModel)" time="0.016" />
  <testcase classname="ptolemy.util.test.junit.AutoTests" name="[54] /home/travis/build/icyphy/ptII/ptolemy/domains/sdf/test/auto/time5.xml (RunModel)" time="4.008" />
  <testcase classname="ptolemy.util.test.junit.AutoTests" name="[55] /home/travis/build/icyphy/ptII/ptolemy/domains/sdf/test/auto/typeSystem_Const_Integer_smallest_Type.xml (RunModel)" time="0.024" />
  <testcase classname="ptolemy.util.test.junit.AutoTests" name="[56] /home/travis/build/icyphy/ptII/ptolemy/domains/sdf/test/auto/typeSystem_declared_Inports_OutportTypeException.xml (RunModel)" time="0.018" />
  <testcase classname="ptolemy.util.test.junit.AutoTests" name="[57] /home/travis/build/icyphy/ptII/ptolemy/domains/sdf/test/auto/typeSystem_oneDeclaredInportType_wrongTypeOutport.xml (RunModel)" time="0.016" />
  <testcase classname="ptolemy.util.test.junit.AutoTests" name="[58] /home/travis/build/icyphy/ptII/ptolemy/domains/sdf/test/auto/width.xml (RunModel)" time="0.01" />
  <testcase classname="ptolemy.util.test.junit.AutoTests" name="[59] /home/travis/build/icyphy/ptII/ptolemy/domains/sdf/test/auto/width2.xml (RunModel)" time="0.046" />
  <testcase classname="ptolemy.util.test.junit.AutoTests" name="[60] /home/travis/build/icyphy/ptII/ptolemy/domains/sdf/test/auto/width3.xml (RunModel)" time="0.041" />
  <system-out><![CDATA[/home/travis/build/icyphy/ptII/ptolemy/domains/sdf/test/SDFSchedulerErrors.tcl
testDefs.tcl: setting time out to 9000 seconds at Sat Jun 13 15:12:49 UTC 2020
51 ms. Memory: 129024K Free: 88517K (69%)
9 ms. Memory: 129024K Free: 80839K (63%)
12 ms. Memory: 129024K Free: 74695K (58%)
4 ms. Memory: 129024K Free: 71623K (56%)
/home/travis/build/icyphy/ptII/ptolemy/domains/sdf/test/composition.tcl
27 ms. Memory: 129024K Free: 67527K (52%)
6 ms. Memory: 129024K Free: 65479K (51%)
/home/travis/build/icyphy/ptII/ptolemy/domains/sdf/test/cycle.tcl
.Toplevel.Director Preinitializing ...
Invoking preinitialize():  .Toplevel.Actor1
Invoking preinitialize():  .Toplevel.Actor2
Invoking preinitialize():  .Toplevel.Delay
.Toplevel.Director Finished preinitialize().
### Schedule:
Execute Schedule{
Fire Actor ptolemy.domains.sdf.kernel.test.SDFTestDelay {.Toplevel.Actor1}
Fire Actor ptolemy.domains.sdf.kernel.test.SDFTestDelay {.Toplevel.Actor2}
Fire Actor ptolemy.domains.sdf.lib.SampleDelay {.Toplevel.Delay}
}
### End schedule
Called initialize().
Invoking initialize():  .Toplevel.Actor1
Initializing actor: .Toplevel.Actor1.
Invoking initialize():  .Toplevel.Actor2
Initializing actor: .Toplevel.Actor2.
Invoking initialize():  .Toplevel.Delay
Initializing actor: .Toplevel.Delay.
Director: Called prefire().
-- Setting current time to 0.0
Director prefire returns true.
The actor .Toplevel.Actor1 will be iterated.
The actor .Toplevel.Actor1 was iterated.
The actor .Toplevel.Actor2 will be iterated.
The actor .Toplevel.Actor2 was iterated.
The actor .Toplevel.Delay will be iterated.
The actor .Toplevel.Delay was iterated.
Director: Called postfire().
Postfire returns: true
Director: Called prefire().
-- Setting current time to 0.0
Director prefire returns true.
The actor .Toplevel.Actor1 will be iterated.
The actor .Toplevel.Actor1 was iterated.
The actor .Toplevel.Actor2 will be iterated.
The actor .Toplevel.Actor2 was iterated.
The actor .Toplevel.Delay will be iterated.
The actor .Toplevel.Delay was iterated.
Director: Called postfire().
Postfire returns: true
Director: Called prefire().
-- Setting current time to 0.0
Director prefire returns true.
The actor .Toplevel.Actor1 will be iterated.
The actor .Toplevel.Actor1 was iterated.
The actor .Toplevel.Actor2 will be iterated.
The actor .Toplevel.Actor2 was iterated.
The actor .Toplevel.Delay will be iterated.
The actor .Toplevel.Delay was iterated.
Director: Called postfire().
Postfire returns: true
Director: Called prefire().
-- Setting current time to 0.0
Director prefire returns true.
The actor .Toplevel.Actor1 will be iterated.
The actor .Toplevel.Actor1 was iterated.
The actor .Toplevel.Actor2 will be iterated.
The actor .Toplevel.Actor2 was iterated.
The actor .Toplevel.Delay will be iterated.
The actor .Toplevel.Delay was iterated.
Director: Called postfire().
Postfire returns: true
Director: Called prefire().
-- Setting current time to 0.0
Director prefire returns true.
The actor .Toplevel.Actor1 will be iterated.
The actor .Toplevel.Actor1 was iterated.
The actor .Toplevel.Actor2 will be iterated.
The actor .Toplevel.Actor2 was iterated.
The actor .Toplevel.Delay will be iterated.
The actor .Toplevel.Delay was iterated.
Director: Called postfire().
Postfire returns: true
Director: Called prefire().
-- Setting current time to 0.0
Director prefire returns true.
The actor .Toplevel.Actor1 will be iterated.
The actor .Toplevel.Actor1 was iterated.
The actor .Toplevel.Actor2 will be iterated.
The actor .Toplevel.Actor2 was iterated.
The actor .Toplevel.Delay will be iterated.
The actor .Toplevel.Delay was iterated.
Reached specified number of iterations: 6
Director: Called wrapup().
35 ms. Memory: 129024K Free: 62407K (48%)
06/13/20 03:12:50
Failed: 0  Total Tests: 8  ((Passed: 8, Newly Passed: 0)  Known Failed: 0) /home/travis/build/icyphy/ptII/ptolemy/domains/sdf/test
No auto/knownFailedTests/*.xml tests in /home/travis/build/icyphy/ptII/ptolemy/domains/sdf/test
No auto/linux-amd64/*.xml tests in /home/travis/build/icyphy/ptII/ptolemy/domains/sdf/test
AutoTests.java: About to close Vertx.
AutoTests.java: Vertx closed.

===========================================================================================
----------------- testing Sat Jun 13 15:12:50 UTC 2020 /home/travis/build/icyphy/ptII/ptolemy/domains/sdf/test/auto/Array.xml
----------------- Instantiating /home/travis/build/icyphy/ptII/ptolemy/domains/sdf/test/auto/Array.xml
53 ms. Memory: 129024K Free: 110708K (86%)
----------------- Invoking toplevel() on ptolemy.moml.MoMLSimpleApplication@d70ce6e
----------------- Done invoking toplevel() on ptolemy.moml.MoMLSimpleApplication@d70ce6e
reloadAllAccessors: .Array

===========================================================================================
----------------- testing Sat Jun 13 15:12:50 UTC 2020 /home/travis/build/icyphy/ptII/ptolemy/domains/sdf/test/auto/Butterfly.xml
----------------- Instantiating /home/travis/build/icyphy/ptII/ptolemy/domains/sdf/test/auto/Butterfly.xml
98 ms. Memory: 129024K Free: 104439K (81%)
----------------- Invoking toplevel() on ptolemy.moml.MoMLSimpleApplication@67433efa
----------------- Done invoking toplevel() on ptolemy.moml.MoMLSimpleApplication@67433efa
reloadAllAccessors: .Butterfly

===========================================================================================
----------------- testing Sat Jun 13 15:12:51 UTC 2020 /home/travis/build/icyphy/ptII/ptolemy/domains/sdf/test/auto/Expression.xml
----------------- Instantiating /home/travis/build/icyphy/ptII/ptolemy/domains/sdf/test/auto/Expression.xml
62 ms. Memory: 129024K Free: 99729K (77%)
----------------- Invoking toplevel() on ptolemy.moml.MoMLSimpleApplication@6e5ea9f5
----------------- Done invoking toplevel() on ptolemy.moml.MoMLSimpleApplication@6e5ea9f5
reloadAllAccessors: .Expression

===========================================================================================
----------------- testing Sat Jun 13 15:12:51 UTC 2020 /home/travis/build/icyphy/ptII/ptolemy/domains/sdf/test/auto/Eye.xml
----------------- Instantiating /home/travis/build/icyphy/ptII/ptolemy/domains/sdf/test/auto/Eye.xml
158 ms. Memory: 129024K Free: 75153K (58%)
----------------- Invoking toplevel() on ptolemy.moml.MoMLSimpleApplication@61da8e6a
----------------- Done invoking toplevel() on ptolemy.moml.MoMLSimpleApplication@61da8e6a
reloadAllAccessors: .Eye

===========================================================================================
----------------- testing Sat Jun 13 15:12:51 UTC 2020 /home/travis/build/icyphy/ptII/ptolemy/domains/sdf/test/auto/FixFIR.xml
----------------- Instantiating /home/travis/build/icyphy/ptII/ptolemy/domains/sdf/test/auto/FixFIR.xml
100 ms. Memory: 129024K Free: 100525K (78%)
----------------- Invoking toplevel() on ptolemy.moml.MoMLSimpleApplication@10371ea
----------------- Done invoking toplevel() on ptolemy.moml.MoMLSimpleApplication@10371ea
reloadAllAccessors: .FixFIR

===========================================================================================
----------------- testing Sat Jun 13 15:12:51 UTC 2020 /home/travis/build/icyphy/ptII/ptolemy/domains/sdf/test/auto/FixPoint.xml
----------------- Instantiating /home/travis/build/icyphy/ptII/ptolemy/domains/sdf/test/auto/FixPoint.xml
16 ms. Memory: 129024K Free: 95869K (74%)
----------------- Invoking toplevel() on ptolemy.moml.MoMLSimpleApplication@5a5f4b68
----------------- Done invoking toplevel() on ptolemy.moml.MoMLSimpleApplication@5a5f4b68
reloadAllAccessors: .FixPoint

===========================================================================================
----------------- testing Sat Jun 13 15:12:51 UTC 2020 /home/travis/build/icyphy/ptII/ptolemy/domains/sdf/test/auto/Gravitation.xml
----------------- Instantiating /home/travis/build/icyphy/ptII/ptolemy/domains/sdf/test/auto/Gravitation.xml
3196 ms. Memory: 129024K Free: 64685K (50%)
----------------- Invoking toplevel() on ptolemy.moml.MoMLSimpleApplication@1e83699e
----------------- Done invoking toplevel() on ptolemy.moml.MoMLSimpleApplication@1e83699e
reloadAllAccessors: .Gravitation

===========================================================================================
----------------- testing Sat Jun 13 15:12:55 UTC 2020 /home/travis/build/icyphy/ptII/ptolemy/domains/sdf/test/auto/GravitationWithCollisionDetection.xml
----------------- Instantiating /home/travis/build/icyphy/ptII/ptolemy/domains/sdf/test/auto/GravitationWithCollisionDetection.xml
5938 ms. Memory: 311296K Free: 281561K (90%)
----------------- Invoking toplevel() on ptolemy.moml.MoMLSimpleApplication@7cc83923
----------------- Done invoking toplevel() on ptolemy.moml.MoMLSimpleApplication@7cc83923
reloadAllAccessors: .GravitationWithCollisionDetection

===========================================================================================
----------------- testing Sat Jun 13 15:13:01 UTC 2020 /home/travis/build/icyphy/ptII/ptolemy/domains/sdf/test/auto/HDF.xml
----------------- Instantiating /home/travis/build/icyphy/ptII/ptolemy/domains/sdf/test/auto/HDF.xml
38 ms. Memory: 311296K Free: 265657K (85%)
----------------- Invoking toplevel() on ptolemy.moml.MoMLSimpleApplication@23cc1c54
----------------- Done invoking toplevel() on ptolemy.moml.MoMLSimpleApplication@23cc1c54
reloadAllAccessors: .HDF

===========================================================================================
----------------- testing Sat Jun 13 15:13:01 UTC 2020 /home/travis/build/icyphy/ptII/ptolemy/domains/sdf/test/auto/HDFwithTransientStates.xml
----------------- Instantiating /home/travis/build/icyphy/ptII/ptolemy/domains/sdf/test/auto/HDFwithTransientStates.xml
27 ms. Memory: 311296K Free: 246745K (79%)
----------------- Invoking toplevel() on ptolemy.moml.MoMLSimpleApplication@2066329e
----------------- Done invoking toplevel() on ptolemy.moml.MoMLSimpleApplication@2066329e
reloadAllAccessors: .HDFwithTransientStates

===========================================================================================
----------------- testing Sat Jun 13 15:13:01 UTC 2020 /home/travis/build/icyphy/ptII/ptolemy/domains/sdf/test/auto/HTVQ.xml
----------------- Instantiating /home/travis/build/icyphy/ptII/ptolemy/domains/sdf/test/auto/HTVQ.xml
749 ms. Memory: 311296K Free: 263299K (85%)
----------------- Invoking toplevel() on ptolemy.moml.MoMLSimpleApplication@1042b8eb
----------------- Done invoking toplevel() on ptolemy.moml.MoMLSimpleApplication@1042b8eb
reloadAllAccessors: .HTVQ

===========================================================================================
----------------- testing Sat Jun 13 15:13:02 UTC 2020 /home/travis/build/icyphy/ptII/ptolemy/domains/sdf/test/auto/InferInitProduction.xml
----------------- Instantiating /home/travis/build/icyphy/ptII/ptolemy/domains/sdf/test/auto/InferInitProduction.xml
4 ms. Memory: 311296K Free: 257240K (83%)
----------------- Invoking toplevel() on ptolemy.moml.MoMLSimpleApplication@f96c86b
----------------- Done invoking toplevel() on ptolemy.moml.MoMLSimpleApplication@f96c86b
reloadAllAccessors: .InferInitProduction

===========================================================================================
----------------- testing Sat Jun 13 15:13:02 UTC 2020 /home/travis/build/icyphy/ptII/ptolemy/domains/sdf/test/auto/InferInitProductionDeeper.xml
----------------- Instantiating /home/travis/build/icyphy/ptII/ptolemy/domains/sdf/test/auto/InferInitProductionDeeper.xml
5 ms. Memory: 311296K Free: 251624K (81%)
----------------- Invoking toplevel() on ptolemy.moml.MoMLSimpleApplication@516d7834
----------------- Done invoking toplevel() on ptolemy.moml.MoMLSimpleApplication@516d7834
reloadAllAccessors: .InferInitProductionDeeper

===========================================================================================
----------------- testing Sat Jun 13 15:13:02 UTC 2020 /home/travis/build/icyphy/ptII/ptolemy/domains/sdf/test/auto/LMSAdaptive.xml
----------------- Instantiating /home/travis/build/icyphy/ptII/ptolemy/domains/sdf/test/auto/LMSAdaptive.xml
14 ms. Memory: 311296K Free: 241894K (78%)
----------------- Invoking toplevel() on ptolemy.moml.MoMLSimpleApplication@606b8f32
----------------- Done invoking toplevel() on ptolemy.moml.MoMLSimpleApplication@606b8f32
reloadAllAccessors: .LMSAdaptive

===========================================================================================
----------------- testing Sat Jun 13 15:13:02 UTC 2020 /home/travis/build/icyphy/ptII/ptolemy/domains/sdf/test/auto/LogisticMap.xml
----------------- Instantiating /home/travis/build/icyphy/ptII/ptolemy/domains/sdf/test/auto/LogisticMap.xml
433 ms. Memory: 311296K Free: 236264K (76%)
----------------- Invoking toplevel() on ptolemy.moml.MoMLSimpleApplication@cd12710
----------------- Done invoking toplevel() on ptolemy.moml.MoMLSimpleApplication@cd12710
reloadAllAccessors: .LogisticMap

===========================================================================================
----------------- testing Sat Jun 13 15:13:02 UTC 2020 /home/travis/build/icyphy/ptII/ptolemy/domains/sdf/test/auto/MaximumEntropySpectrum.xml
----------------- Instantiating /home/travis/build/icyphy/ptII/ptolemy/domains/sdf/test/auto/MaximumEntropySpectrum.xml
64 ms. Memory: 311296K Free: 174824K (56%)
----------------- Invoking toplevel() on ptolemy.moml.MoMLSimpleApplication@47667d0a
----------------- Done invoking toplevel() on ptolemy.moml.MoMLSimpleApplication@47667d0a
reloadAllAccessors: .MaximumEntropySpectrum

===========================================================================================
----------------- testing Sat Jun 13 15:13:02 UTC 2020 /home/travis/build/icyphy/ptII/ptolemy/domains/sdf/test/auto/MultirateSDF.xml
----------------- Instantiating /home/travis/build/icyphy/ptII/ptolemy/domains/sdf/test/auto/MultirateSDF.xml
24 ms. Memory: 311296K Free: 159968K (51%)
----------------- Invoking toplevel() on ptolemy.moml.MoMLSimpleApplication@3ed45107
----------------- Done invoking toplevel() on ptolemy.moml.MoMLSimpleApplication@3ed45107
reloadAllAccessors: .MultirateSDF

===========================================================================================
----------------- testing Sat Jun 13 15:13:03 UTC 2020 /home/travis/build/icyphy/ptII/ptolemy/domains/sdf/test/auto/MultirateSDFwithTransientStates.xml
----------------- Instantiating /home/travis/build/icyphy/ptII/ptolemy/domains/sdf/test/auto/MultirateSDFwithTransientStates.xml
17 ms. Memory: 311296K Free: 141536K (45%)
----------------- Invoking toplevel() on ptolemy.moml.MoMLSimpleApplication@787185b3
----------------- Done invoking toplevel() on ptolemy.moml.MoMLSimpleApplication@787185b3
reloadAllAccessors: .MultirateSDFwithTransientStates

===========================================================================================
----------------- testing Sat Jun 13 15:13:03 UTC 2020 /home/travis/build/icyphy/ptII/ptolemy/domains/sdf/test/auto/NoisySinewave.xml
----------------- Instantiating /home/travis/build/icyphy/ptII/ptolemy/domains/sdf/test/auto/NoisySinewave.xml
12 ms. Memory: 311296K Free: 124648K (40%)
----------------- Invoking toplevel() on ptolemy.moml.MoMLSimpleApplication@603d3814
----------------- Done invoking toplevel() on ptolemy.moml.MoMLSimpleApplication@603d3814
reloadAllAccessors: .NoisySinewave

===========================================================================================
----------------- testing Sat Jun 13 15:13:03 UTC 2020 /home/travis/build/icyphy/ptII/ptolemy/domains/sdf/test/auto/Objects.xml
----------------- Instantiating /home/travis/build/icyphy/ptII/ptolemy/domains/sdf/test/auto/Objects.xml
4 ms. Memory: 311296K Free: 116456K (37%)
----------------- Invoking toplevel() on ptolemy.moml.MoMLSimpleApplication@20525313
----------------- Done invoking toplevel() on ptolemy.moml.MoMLSimpleApplication@20525313
reloadAllAccessors: .Objects

===========================================================================================
----------------- testing Sat Jun 13 15:13:03 UTC 2020 /home/travis/build/icyphy/ptII/ptolemy/domains/sdf/test/auto/OrthogonalCom.xml
----------------- Instantiating /home/travis/build/icyphy/ptII/ptolemy/domains/sdf/test/auto/OrthogonalCom.xml
6 ms. Memory: 311296K Free: 108774K (35%)
----------------- Invoking toplevel() on ptolemy.moml.MoMLSimpleApplication@3fb87580
----------------- Done invoking toplevel() on ptolemy.moml.MoMLSimpleApplication@3fb87580
reloadAllAccessors: .OrthogonalCom

===========================================================================================
----------------- testing Sat Jun 13 15:13:03 UTC 2020 /home/travis/build/icyphy/ptII/ptolemy/domains/sdf/test/auto/RijndaelEncryption.xml
----------------- Instantiating /home/travis/build/icyphy/ptII/ptolemy/domains/sdf/test/auto/RijndaelEncryption.xml
300 ms. Memory: 311296K Free: 148874K (48%)
----------------- Invoking toplevel() on ptolemy.moml.MoMLSimpleApplication@3790e057
----------------- Done invoking toplevel() on ptolemy.moml.MoMLSimpleApplication@3790e057
reloadAllAccessors: .RijndaelEncryption

===========================================================================================
----------------- testing Sat Jun 13 15:13:03 UTC 2020 /home/travis/build/icyphy/ptII/ptolemy/domains/sdf/test/auto/SDFEmptyIterations.xml
----------------- Instantiating /home/travis/build/icyphy/ptII/ptolemy/domains/sdf/test/auto/SDFEmptyIterations.xml
5 ms. Memory: 311296K Free: 144250K (46%)
----------------- Invoking toplevel() on ptolemy.moml.MoMLSimpleApplication@43be76e3
----------------- Done invoking toplevel() on ptolemy.moml.MoMLSimpleApplication@43be76e3
reloadAllAccessors: .SDFEmptyIterations

===========================================================================================
----------------- testing Sat Jun 13 15:13:03 UTC 2020 /home/travis/build/icyphy/ptII/ptolemy/domains/sdf/test/auto/Spectrum.xml
----------------- Instantiating /home/travis/build/icyphy/ptII/ptolemy/domains/sdf/test/auto/Spectrum.xml
20 ms. Memory: 311296K Free: 119178K (38%)
----------------- Invoking toplevel() on ptolemy.moml.MoMLSimpleApplication@7e52b041
----------------- Done invoking toplevel() on ptolemy.moml.MoMLSimpleApplication@7e52b041
reloadAllAccessors: .Spectrum

===========================================================================================
----------------- testing Sat Jun 13 15:13:03 UTC 2020 /home/travis/build/icyphy/ptII/ptolemy/domains/sdf/test/auto/de_inside_sdf.xml
----------------- Instantiating /home/travis/build/icyphy/ptII/ptolemy/domains/sdf/test/auto/de_inside_sdf.xml
7 ms. Memory: 311296K Free: 114058K (37%)
----------------- Invoking toplevel() on ptolemy.moml.MoMLSimpleApplication@1f93751
----------------- Done invoking toplevel() on ptolemy.moml.MoMLSimpleApplication@1f93751
reloadAllAccessors: .de_inside_sdf

===========================================================================================
----------------- testing Sat Jun 13 15:13:04 UTC 2020 /home/travis/build/icyphy/ptII/ptolemy/domains/sdf/test/auto/disconnectedHierarchicalSDF.xml
----------------- Instantiating /home/travis/build/icyphy/ptII/ptolemy/domains/sdf/test/auto/disconnectedHierarchicalSDF.xml
3 ms. Memory: 311296K Free: 107914K (35%)
----------------- Invoking toplevel() on ptolemy.moml.MoMLSimpleApplication@52d2b31c
----------------- Done invoking toplevel() on ptolemy.moml.MoMLSimpleApplication@52d2b31c
reloadAllAccessors: .disconnectedHierarchicalSDF

===========================================================================================
----------------- testing Sat Jun 13 15:13:04 UTC 2020 /home/travis/build/icyphy/ptII/ptolemy/domains/sdf/test/auto/disconnectedSDF.xml
----------------- Instantiating /home/travis/build/icyphy/ptII/ptolemy/domains/sdf/test/auto/disconnectedSDF.xml
2 ms. Memory: 311296K Free: 288133K (93%)
----------------- Invoking toplevel() on ptolemy.moml.MoMLSimpleApplication@2e6690d4
----------------- Done invoking toplevel() on ptolemy.moml.MoMLSimpleApplication@2e6690d4
reloadAllAccessors: .disconnectedSDF

===========================================================================================
----------------- testing Sat Jun 13 15:13:04 UTC 2020 /home/travis/build/icyphy/ptII/ptolemy/domains/sdf/test/auto/emptyRefinement.xml
----------------- Instantiating /home/travis/build/icyphy/ptII/ptolemy/domains/sdf/test/auto/emptyRefinement.xml
3 ms. Memory: 311296K Free: 283523K (91%)
----------------- Invoking toplevel() on ptolemy.moml.MoMLSimpleApplication@5def05d1
----------------- Done invoking toplevel() on ptolemy.moml.MoMLSimpleApplication@5def05d1
reloadAllAccessors: .emptyRefinement

===========================================================================================
----------------- testing Sat Jun 13 15:13:04 UTC 2020 /home/travis/build/icyphy/ptII/ptolemy/domains/sdf/test/auto/filePortParameter.xml
----------------- Instantiating /home/travis/build/icyphy/ptII/ptolemy/domains/sdf/test/auto/filePortParameter.xml
22 ms. Memory: 311296K Free: 276355K (89%)
----------------- Invoking toplevel() on ptolemy.moml.MoMLSimpleApplication@3b954f0b
----------------- Done invoking toplevel() on ptolemy.moml.MoMLSimpleApplication@3b954f0b
reloadAllAccessors: .filePortParameter

===========================================================================================
----------------- testing Sat Jun 13 15:13:04 UTC 2020 /home/travis/build/icyphy/ptII/ptolemy/domains/sdf/test/auto/inferRelationWidth1.xml
----------------- Instantiating /home/travis/build/icyphy/ptII/ptolemy/domains/sdf/test/auto/inferRelationWidth1.xml
2 ms. Memory: 311296K Free: 273283K (88%)
----------------- Invoking toplevel() on ptolemy.moml.MoMLSimpleApplication@742e5036
----------------- Done invoking toplevel() on ptolemy.moml.MoMLSimpleApplication@742e5036
reloadAllAccessors: .inferRelationWidth1

===========================================================================================
----------------- testing Sat Jun 13 15:13:04 UTC 2020 /home/travis/build/icyphy/ptII/ptolemy/domains/sdf/test/auto/initProductionInference.xml
----------------- Instantiating /home/travis/build/icyphy/ptII/ptolemy/domains/sdf/test/auto/initProductionInference.xml
10 ms. Memory: 311296K Free: 269187K (86%)
----------------- Invoking toplevel() on ptolemy.moml.MoMLSimpleApplication@21118274
----------------- Done invoking toplevel() on ptolemy.moml.MoMLSimpleApplication@21118274
reloadAllAccessors: .initProductionInference

===========================================================================================
----------------- testing Sat Jun 13 15:13:04 UTC 2020 /home/travis/build/icyphy/ptII/ptolemy/domains/sdf/test/auto/relationGroup.xml
----------------- Instantiating /home/travis/build/icyphy/ptII/ptolemy/domains/sdf/test/auto/relationGroup.xml
2 ms. Memory: 311296K Free: 265605K (85%)
----------------- Invoking toplevel() on ptolemy.moml.MoMLSimpleApplication@10f6a72a
----------------- Done invoking toplevel() on ptolemy.moml.MoMLSimpleApplication@10f6a72a
reloadAllAccessors: .relationGroup

===========================================================================================
----------------- testing Sat Jun 13 15:13:04 UTC 2020 /home/travis/build/icyphy/ptII/ptolemy/domains/sdf/test/auto/relationGroup10.xml
----------------- Instantiating /home/travis/build/icyphy/ptII/ptolemy/domains/sdf/test/auto/relationGroup10.xml
2 ms. Memory: 311296K Free: 262019K (84%)
----------------- Invoking toplevel() on ptolemy.moml.MoMLSimpleApplication@6a50a135
----------------- Done invoking toplevel() on ptolemy.moml.MoMLSimpleApplication@6a50a135
reloadAllAccessors: .relationGroup10

===========================================================================================
----------------- testing Sat Jun 13 15:13:04 UTC 2020 /home/travis/build/icyphy/ptII/ptolemy/domains/sdf/test/auto/relationGroup11.xml
----------------- Instantiating /home/travis/build/icyphy/ptII/ptolemy/domains/sdf/test/auto/relationGroup11.xml
2 ms. Memory: 311296K Free: 258437K (83%)
----------------- Invoking toplevel() on ptolemy.moml.MoMLSimpleApplication@11e5bbb7
----------------- Done invoking toplevel() on ptolemy.moml.MoMLSimpleApplication@11e5bbb7
reloadAllAccessors: .relationGroup11

===========================================================================================
----------------- testing Sat Jun 13 15:13:04 UTC 2020 /home/travis/build/icyphy/ptII/ptolemy/domains/sdf/test/auto/relationGroup12.xml
----------------- Instantiating /home/travis/build/icyphy/ptII/ptolemy/domains/sdf/test/auto/relationGroup12.xml
2 ms. Memory: 311296K Free: 254851K (82%)
----------------- Invoking toplevel() on ptolemy.moml.MoMLSimpleApplication@a91168
----------------- Done invoking toplevel() on ptolemy.moml.MoMLSimpleApplication@a91168
reloadAllAccessors: .relationGroup12

===========================================================================================
----------------- testing Sat Jun 13 15:13:04 UTC 2020 /home/travis/build/icyphy/ptII/ptolemy/domains/sdf/test/auto/relationGroup13.xml
----------------- Instantiating /home/travis/build/icyphy/ptII/ptolemy/domains/sdf/test/auto/relationGroup13.xml
8 ms. Memory: 311296K Free: 250245K (80%)
----------------- Invoking toplevel() on ptolemy.moml.MoMLSimpleApplication@371243ca
----------------- Done invoking toplevel() on ptolemy.moml.MoMLSimpleApplication@371243ca
reloadAllAccessors: .relationGroup13

===========================================================================================
----------------- testing Sat Jun 13 15:13:04 UTC 2020 /home/travis/build/icyphy/ptII/ptolemy/domains/sdf/test/auto/relationGroup14.xml
----------------- Instantiating /home/travis/build/icyphy/ptII/ptolemy/domains/sdf/test/auto/relationGroup14.xml
3 ms. Memory: 311296K Free: 245635K (79%)
----------------- Invoking toplevel() on ptolemy.moml.MoMLSimpleApplication@3f744603
----------------- Done invoking toplevel() on ptolemy.moml.MoMLSimpleApplication@3f744603
reloadAllAccessors: .relationGroup14

===========================================================================================
----------------- testing Sat Jun 13 15:13:04 UTC 2020 /home/travis/build/icyphy/ptII/ptolemy/domains/sdf/test/auto/relationGroup15.xml
----------------- Instantiating /home/travis/build/icyphy/ptII/ptolemy/domains/sdf/test/auto/relationGroup15.xml
3 ms. Memory: 311296K Free: 242053K (78%)
----------------- Invoking toplevel() on ptolemy.moml.MoMLSimpleApplication@712c2e3
----------------- Done invoking toplevel() on ptolemy.moml.MoMLSimpleApplication@712c2e3
reloadAllAccessors: .relationGroup15

===========================================================================================
----------------- testing Sat Jun 13 15:13:04 UTC 2020 /home/travis/build/icyphy/ptII/ptolemy/domains/sdf/test/auto/relationGroup2.xml
----------------- Instantiating /home/travis/build/icyphy/ptII/ptolemy/domains/sdf/test/auto/relationGroup2.xml
2 ms. Memory: 311296K Free: 238981K (77%)
----------------- Invoking toplevel() on ptolemy.moml.MoMLSimpleApplication@3f09ea5d
----------------- Done invoking toplevel() on ptolemy.moml.MoMLSimpleApplication@3f09ea5d
reloadAllAccessors: .relationGroup2

===========================================================================================
----------------- testing Sat Jun 13 15:13:04 UTC 2020 /home/travis/build/icyphy/ptII/ptolemy/domains/sdf/test/auto/relationGroup3.xml
----------------- Instantiating /home/travis/build/icyphy/ptII/ptolemy/domains/sdf/test/auto/relationGroup3.xml
1 ms. Memory: 311296K Free: 235909K (76%)
----------------- Invoking toplevel() on ptolemy.moml.MoMLSimpleApplication@6449d731
----------------- Done invoking toplevel() on ptolemy.moml.MoMLSimpleApplication@6449d731
reloadAllAccessors: .relationGroup3

===========================================================================================
----------------- testing Sat Jun 13 15:13:04 UTC 2020 /home/travis/build/icyphy/ptII/ptolemy/domains/sdf/test/auto/relationGroup4.xml
----------------- Instantiating /home/travis/build/icyphy/ptII/ptolemy/domains/sdf/test/auto/relationGroup4.xml
6 ms. Memory: 311296K Free: 231299K (74%)
----------------- Invoking toplevel() on ptolemy.moml.MoMLSimpleApplication@5a831ff7
----------------- Done invoking toplevel() on ptolemy.moml.MoMLSimpleApplication@5a831ff7
reloadAllAccessors: .relationGroup4

===========================================================================================
----------------- testing Sat Jun 13 15:13:04 UTC 2020 /home/travis/build/icyphy/ptII/ptolemy/domains/sdf/test/auto/relationGroup5.xml
----------------- Instantiating /home/travis/build/icyphy/ptII/ptolemy/domains/sdf/test/auto/relationGroup5.xml
2 ms. Memory: 311296K Free: 227173K (73%)
----------------- Invoking toplevel() on ptolemy.moml.MoMLSimpleApplication@21ab786b
----------------- Done invoking toplevel() on ptolemy.moml.MoMLSimpleApplication@21ab786b
reloadAllAccessors: .relationGroup5

===========================================================================================
----------------- testing Sat Jun 13 15:13:04 UTC 2020 /home/travis/build/icyphy/ptII/ptolemy/domains/sdf/test/auto/relationGroup6.xml
----------------- Instantiating /home/travis/build/icyphy/ptII/ptolemy/domains/sdf/test/auto/relationGroup6.xml
2 ms. Memory: 311296K Free: 222597K (72%)
----------------- Invoking toplevel() on ptolemy.moml.MoMLSimpleApplication@65bde880
----------------- Done invoking toplevel() on ptolemy.moml.MoMLSimpleApplication@65bde880
reloadAllAccessors: .relationGroup6

===========================================================================================
----------------- testing Sat Jun 13 15:13:04 UTC 2020 /home/travis/build/icyphy/ptII/ptolemy/domains/sdf/test/auto/relationGroup7.xml
----------------- Instantiating /home/travis/build/icyphy/ptII/ptolemy/domains/sdf/test/auto/relationGroup7.xml
1 ms. Memory: 311296K Free: 219525K (71%)
----------------- Invoking toplevel() on ptolemy.moml.MoMLSimpleApplication@303214fc
----------------- Done invoking toplevel() on ptolemy.moml.MoMLSimpleApplication@303214fc
reloadAllAccessors: .relationGroup7

===========================================================================================
----------------- testing Sat Jun 13 15:13:04 UTC 2020 /home/travis/build/icyphy/ptII/ptolemy/domains/sdf/test/auto/relationGroup8.xml
----------------- Instantiating /home/travis/build/icyphy/ptII/ptolemy/domains/sdf/test/auto/relationGroup8.xml
1 ms. Memory: 311296K Free: 216453K (70%)
----------------- Invoking toplevel() on ptolemy.moml.MoMLSimpleApplication@1b7acb11
----------------- Done invoking toplevel() on ptolemy.moml.MoMLSimpleApplication@1b7acb11
reloadAllAccessors: .relationGroup8

===========================================================================================
----------------- testing Sat Jun 13 15:13:04 UTC 2020 /home/travis/build/icyphy/ptII/ptolemy/domains/sdf/test/auto/relationGroup9.xml
----------------- Instantiating /home/travis/build/icyphy/ptII/ptolemy/domains/sdf/test/auto/relationGroup9.xml
2 ms. Memory: 311296K Free: 211843K (68%)
----------------- Invoking toplevel() on ptolemy.moml.MoMLSimpleApplication@24cf90f2
----------------- Done invoking toplevel() on ptolemy.moml.MoMLSimpleApplication@24cf90f2
reloadAllAccessors: .relationGroup9

===========================================================================================
----------------- testing Sat Jun 13 15:13:04 UTC 2020 /home/travis/build/icyphy/ptII/ptolemy/domains/sdf/test/auto/sdf_inside_de.xml
----------------- Instantiating /home/travis/build/icyphy/ptII/ptolemy/domains/sdf/test/auto/sdf_inside_de.xml
9 ms. Memory: 311296K Free: 203141K (65%)
----------------- Invoking toplevel() on ptolemy.moml.MoMLSimpleApplication@f5e4b27
----------------- Done invoking toplevel() on ptolemy.moml.MoMLSimpleApplication@f5e4b27
reloadAllAccessors: .sdf_inside_de

===========================================================================================
----------------- testing Sat Jun 13 15:13:04 UTC 2020 /home/travis/build/icyphy/ptII/ptolemy/domains/sdf/test/auto/sdf_inside_pn.xml
----------------- Instantiating /home/travis/build/icyphy/ptII/ptolemy/domains/sdf/test/auto/sdf_inside_pn.xml
32 ms. Memory: 311296K Free: 193925K (62%)
----------------- Invoking toplevel() on ptolemy.moml.MoMLSimpleApplication@2c277501
----------------- Done invoking toplevel() on ptolemy.moml.MoMLSimpleApplication@2c277501
reloadAllAccessors: .sdf_inside_pn

===========================================================================================
----------------- testing Sat Jun 13 15:13:04 UTC 2020 /home/travis/build/icyphy/ptII/ptolemy/domains/sdf/test/auto/sdf_sdf1.xml
----------------- Instantiating /home/travis/build/icyphy/ptII/ptolemy/domains/sdf/test/auto/sdf_sdf1.xml
3 ms. Memory: 311296K Free: 187781K (60%)
----------------- Invoking toplevel() on ptolemy.moml.MoMLSimpleApplication@46be9db3
----------------- Done invoking toplevel() on ptolemy.moml.MoMLSimpleApplication@46be9db3
reloadAllAccessors: .sdf_sdf1

===========================================================================================
----------------- testing Sat Jun 13 15:13:04 UTC 2020 /home/travis/build/icyphy/ptII/ptolemy/domains/sdf/test/auto/test1.xml
----------------- Instantiating /home/travis/build/icyphy/ptII/ptolemy/domains/sdf/test/auto/test1.xml
3 ms. Memory: 311296K Free: 183171K (59%)
----------------- Invoking toplevel() on ptolemy.moml.MoMLSimpleApplication@29e33d9f
----------------- Done invoking toplevel() on ptolemy.moml.MoMLSimpleApplication@29e33d9f
reloadAllAccessors: .test1

===========================================================================================
----------------- testing Sat Jun 13 15:13:04 UTC 2020 /home/travis/build/icyphy/ptII/ptolemy/domains/sdf/test/auto/time1.xml
----------------- Instantiating /home/travis/build/icyphy/ptII/ptolemy/domains/sdf/test/auto/time1.xml
2 ms. Memory: 311296K Free: 179589K (58%)
----------------- Invoking toplevel() on ptolemy.moml.MoMLSimpleApplication@24dbf3cd
----------------- Done invoking toplevel() on ptolemy.moml.MoMLSimpleApplication@24dbf3cd
reloadAllAccessors: .time1

===========================================================================================
----------------- testing Sat Jun 13 15:13:04 UTC 2020 /home/travis/build/icyphy/ptII/ptolemy/domains/sdf/test/auto/time2.xml
----------------- Instantiating /home/travis/build/icyphy/ptII/ptolemy/domains/sdf/test/auto/time2.xml
1 ms. Memory: 311296K Free: 176003K (57%)
----------------- Invoking toplevel() on ptolemy.moml.MoMLSimpleApplication@629114a8
----------------- Done invoking toplevel() on ptolemy.moml.MoMLSimpleApplication@629114a8
reloadAllAccessors: .time2

===========================================================================================
----------------- testing Sat Jun 13 15:13:04 UTC 2020 /home/travis/build/icyphy/ptII/ptolemy/domains/sdf/test/auto/time3.xml
----------------- Instantiating /home/travis/build/icyphy/ptII/ptolemy/domains/sdf/test/auto/time3.xml
5 ms. Memory: 311296K Free: 170883K (55%)
----------------- Invoking toplevel() on ptolemy.moml.MoMLSimpleApplication@32a2ec48
----------------- Done invoking toplevel() on ptolemy.moml.MoMLSimpleApplication@32a2ec48
reloadAllAccessors: .time3

===========================================================================================
----------------- testing Sat Jun 13 15:13:04 UTC 2020 /home/travis/build/icyphy/ptII/ptolemy/domains/sdf/test/auto/time4.xml
----------------- Instantiating /home/travis/build/icyphy/ptII/ptolemy/domains/sdf/test/auto/time4.xml
6 ms. Memory: 311296K Free: 165253K (53%)
----------------- Invoking toplevel() on ptolemy.moml.MoMLSimpleApplication@3ec142ee
----------------- Done invoking toplevel() on ptolemy.moml.MoMLSimpleApplication@3ec142ee
reloadAllAccessors: .time4

===========================================================================================
----------------- testing Sat Jun 13 15:13:04 UTC 2020 /home/travis/build/icyphy/ptII/ptolemy/domains/sdf/test/auto/time5.xml
----------------- Instantiating /home/travis/build/icyphy/ptII/ptolemy/domains/sdf/test/auto/time5.xml
4002 ms. Memory: 311296K Free: 161667K (52%)
----------------- Invoking toplevel() on ptolemy.moml.MoMLSimpleApplication@6865aede
----------------- Done invoking toplevel() on ptolemy.moml.MoMLSimpleApplication@6865aede
reloadAllAccessors: .time5

===========================================================================================
----------------- testing Sat Jun 13 15:13:08 UTC 2020 /home/travis/build/icyphy/ptII/ptolemy/domains/sdf/test/auto/typeSystem_Const_Integer_smallest_Type.xml
----------------- Instantiating /home/travis/build/icyphy/ptII/ptolemy/domains/sdf/test/auto/typeSystem_Const_Integer_smallest_Type.xml
6 ms. Memory: 311296K Free: 157061K (50%)
----------------- Invoking toplevel() on ptolemy.moml.MoMLSimpleApplication@7798a861
----------------- Done invoking toplevel() on ptolemy.moml.MoMLSimpleApplication@7798a861
reloadAllAccessors: .typeSystem_Const_Integer_smallest_Type

===========================================================================================
----------------- testing Sat Jun 13 15:13:08 UTC 2020 /home/travis/build/icyphy/ptII/ptolemy/domains/sdf/test/auto/typeSystem_declared_Inports_OutportTypeException.xml
----------------- Instantiating /home/travis/build/icyphy/ptII/ptolemy/domains/sdf/test/auto/typeSystem_declared_Inports_OutportTypeException.xml
.typeSystem_declared_Inports_OutportTypeException.TestExceptionAttribute: initialize() was not invoked, but wrapup() was.  This is unusual, but not always a problem.  For example, exporting JNLP will do this.
5 ms. Memory: 311296K Free: 152451K (49%)
----------------- Invoking toplevel() on ptolemy.moml.MoMLSimpleApplication@758e684e
----------------- Done invoking toplevel() on ptolemy.moml.MoMLSimpleApplication@758e684e
reloadAllAccessors: .typeSystem_declared_Inports_OutportTypeException

===========================================================================================
----------------- testing Sat Jun 13 15:13:08 UTC 2020 /home/travis/build/icyphy/ptII/ptolemy/domains/sdf/test/auto/typeSystem_oneDeclaredInportType_wrongTypeOutport.xml
----------------- Instantiating /home/travis/build/icyphy/ptII/ptolemy/domains/sdf/test/auto/typeSystem_oneDeclaredInportType_wrongTypeOutport.xml
3 ms. Memory: 311296K Free: 147845K (47%)
----------------- Invoking toplevel() on ptolemy.moml.MoMLSimpleApplication@285ed982
----------------- Done invoking toplevel() on ptolemy.moml.MoMLSimpleApplication@285ed982
reloadAllAccessors: .typeSystem_oneDeclaredInportType_wrongTypeOutport

===========================================================================================
----------------- testing Sat Jun 13 15:13:08 UTC 2020 /home/travis/build/icyphy/ptII/ptolemy/domains/sdf/test/auto/width.xml
----------------- Instantiating /home/travis/build/icyphy/ptII/ptolemy/domains/sdf/test/auto/width.xml
2 ms. Memory: 311296K Free: 144259K (46%)
----------------- Invoking toplevel() on ptolemy.moml.MoMLSimpleApplication@2330b82d
----------------- Done invoking toplevel() on ptolemy.moml.MoMLSimpleApplication@2330b82d
reloadAllAccessors: .width

===========================================================================================
----------------- testing Sat Jun 13 15:13:08 UTC 2020 /home/travis/build/icyphy/ptII/ptolemy/domains/sdf/test/auto/width2.xml
----------------- Instantiating /home/travis/build/icyphy/ptII/ptolemy/domains/sdf/test/auto/width2.xml
37 ms. Memory: 311296K Free: 139139K (45%)
----------------- Invoking toplevel() on ptolemy.moml.MoMLSimpleApplication@29b9f74
----------------- Done invoking toplevel() on ptolemy.moml.MoMLSimpleApplication@29b9f74
reloadAllAccessors: .width2

===========================================================================================
----------------- testing Sat Jun 13 15:13:08 UTC 2020 /home/travis/build/icyphy/ptII/ptolemy/domains/sdf/test/auto/width3.xml
----------------- Instantiating /home/travis/build/icyphy/ptII/ptolemy/domains/sdf/test/auto/width3.xml
28 ms. Memory: 311296K Free: 134019K (43%)
----------------- Invoking toplevel() on ptolemy.moml.MoMLSimpleApplication@2f0ef56f
----------------- Done invoking toplevel() on ptolemy.moml.MoMLSimpleApplication@2f0ef56f
reloadAllAccessors: .width3
AutoTests.java: About to close Vertx.
AutoTests.java: Vertx closed.
]]></system-out>
  <system-err><![CDATA[java.lang.RuntimeException: Execution failed
	at ptolemy.moml.MoMLSimpleApplication$UnloadThread.run(MoMLSimpleApplication.java:402)
Caused by: ptolemy.actor.sched.NotSchedulableException: No solution exists for the balance equations.
Graph is not consistent under the SDF domain detected on external port .rateConsistency.actor.port2
  in .rateConsistency.SDF Director.Scheduler
	at ptolemy.domains.sdf.kernel.SDFScheduler._propagatePort(SDFScheduler.java:1425)
	at ptolemy.domains.sdf.kernel.SDFScheduler._solveBalanceEquations(SDFScheduler.java:710)
	at ptolemy.domains.sdf.kernel.SDFScheduler._getSchedule(SDFScheduler.java:566)
	at ptolemy.actor.sched.Scheduler.getSchedule(Scheduler.java:189)
	at ptolemy.domains.sdf.kernel.SDFDirector.createSchedule(SDFDirector.java:408)
	at ptolemy.domains.sdf.kernel.SDFDirector.preinitialize(SDFDirector.java:764)
	at ptolemy.actor.CompositeActor.preinitialize(CompositeActor.java:1828)
	at ptolemy.actor.Manager.preinitializeAndResolveTypes(Manager.java:1040)
	at ptolemy.actor.Manager.initialize(Manager.java:710)
	at ptolemy.actor.Manager.execute(Manager.java:356)
	at ptolemy.actor.Manager.run(Manager.java:1263)
	at ptolemy.actor.Manager$PtolemyRunThread.run(Manager.java:1933)
java.lang.RuntimeException: Execution failed
	at ptolemy.moml.MoMLSimpleApplication$UnloadThread.run(MoMLSimpleApplication.java:402)
Caused by: ptolemy.kernel.util.IllegalActionException: Failed to compute schedule:
  in .badRateChanges.typed composite actor.SDF Director
Because:
The SDF rate parameter may change. This is not allowed in SDF models that will be run through the code generator.  If you don't care about code generation, then you might consider setting the allowRateChanges parameter of the SDF director to false.
  in .badRateChanges.typed composite actor.Repeat.output.tokenProductionRate
	at ptolemy.domains.sdf.kernel.SDFDirector.createSchedule(SDFDirector.java:418)
	at ptolemy.domains.sdf.kernel.SDFDirector.preinitialize(SDFDirector.java:764)
	at ptolemy.actor.CompositeActor.preinitialize(CompositeActor.java:1828)
	at ptolemy.actor.Director.preinitialize(Director.java:1302)
	at ptolemy.actor.Director.preinitialize(Director.java:1257)
	at ptolemy.domains.sdf.kernel.SDFDirector.preinitialize(SDFDirector.java:763)
	at ptolemy.actor.CompositeActor.preinitialize(CompositeActor.java:1828)
	at ptolemy.actor.Manager.preinitializeAndResolveTypes(Manager.java:1040)
	at ptolemy.actor.Manager.initialize(Manager.java:710)
	at ptolemy.actor.Manager.execute(Manager.java:356)
	at ptolemy.actor.Manager.run(Manager.java:1263)
	at ptolemy.actor.Manager$PtolemyRunThread.run(Manager.java:1933)
Caused by: ptolemy.kernel.util.IllegalActionException: The SDF rate parameter may change. This is not allowed in SDF models that will be run through the code generator.  If you don't care about code generation, then you might consider setting the allowRateChanges parameter of the SDF director to false.
  in .badRateChanges.typed composite actor.Repeat.output.tokenProductionRate
	at ptolemy.domains.sdf.kernel.SDFScheduler._assertDynamicRateVariable(SDFScheduler.java:931)
	at ptolemy.domains.sdf.kernel.SDFScheduler._checkDynamicRateVariables(SDFScheduler.java:339)
	at ptolemy.domains.sdf.kernel.SDFScheduler._getSchedule(SDFScheduler.java:527)
	at ptolemy.actor.sched.Scheduler.getSchedule(Scheduler.java:189)
	at ptolemy.domains.sdf.kernel.SDFDirector.createSchedule(SDFDirector.java:408)
	... 11 more
java.lang.RuntimeException: Execution failed
	at ptolemy.moml.MoMLSimpleApplication$UnloadThread.run(MoMLSimpleApplication.java:402)
Caused by: ptolemy.kernel.util.IllegalActionException: Failed to compute schedule:
  in .badRateChanges2.typed composite actor.SDF Director
Because:
The SDF rate parameter may change. This is not allowed in SDF models that will be run through the code generator.  If you don't care about code generation, then you might consider setting the allowRateChanges parameter of the SDF director to false.
  in .badRateChanges2.typed composite actor.Repeat.output.tokenProductionRate
	at ptolemy.domains.sdf.kernel.SDFDirector.createSchedule(SDFDirector.java:418)
	at ptolemy.domains.sdf.kernel.SDFDirector.preinitialize(SDFDirector.java:764)
	at ptolemy.actor.CompositeActor.preinitialize(CompositeActor.java:1828)
	at ptolemy.actor.Director.preinitialize(Director.java:1302)
	at ptolemy.actor.Director.preinitialize(Director.java:1257)
	at ptolemy.domains.sdf.kernel.SDFDirector.preinitialize(SDFDirector.java:763)
	at ptolemy.actor.CompositeActor.preinitialize(CompositeActor.java:1828)
	at ptolemy.actor.Manager.preinitializeAndResolveTypes(Manager.java:1040)
	at ptolemy.actor.Manager.initialize(Manager.java:710)
	at ptolemy.actor.Manager.execute(Manager.java:356)
	at ptolemy.actor.Manager.run(Manager.java:1263)
	at ptolemy.actor.Manager$PtolemyRunThread.run(Manager.java:1933)
Caused by: ptolemy.kernel.util.IllegalActionException: The SDF rate parameter may change. This is not allowed in SDF models that will be run through the code generator.  If you don't care about code generation, then you might consider setting the allowRateChanges parameter of the SDF director to false.
  in .badRateChanges2.typed composite actor.Repeat.output.tokenProductionRate
	at ptolemy.domains.sdf.kernel.SDFScheduler._assertDynamicRateVariable(SDFScheduler.java:931)
	at ptolemy.domains.sdf.kernel.SDFScheduler._checkDynamicRateVariables(SDFScheduler.java:339)
	at ptolemy.domains.sdf.kernel.SDFScheduler._getSchedule(SDFScheduler.java:527)
	at ptolemy.actor.sched.Scheduler.getSchedule(Scheduler.java:189)
	at ptolemy.domains.sdf.kernel.SDFDirector.createSchedule(SDFDirector.java:408)
	... 11 more
java.lang.RuntimeException: Execution failed
	at ptolemy.moml.MoMLSimpleApplication$UnloadThread.run(MoMLSimpleApplication.java:402)
Caused by: ptolemy.actor.sched.NotSchedulableException: Actors remain that cannot be scheduled!

There are several possible reasons:
* SDF Graphs with feedback loops should have an actor with a delay in the loop, such as a SampleDelay.
* The SDF director has an "allowDisconnectedGraphs"parameter, which, when true, permits disconnected SDF graphs.
* The token consumption rate and production rates might be mismatched.
Usually, actors produce one token or consume one token on a port.  To produce or consume multiple tokens per firing, add a "tokenConsumptionRate" or "tokenProductionRate" parameter to the appropriate port.
Unscheduled actors:
.partiallyConnected.Const2 
Scheduled actors:
.partiallyConnected.Const 
  in .partiallyConnected.SDF Director.Scheduler
	at ptolemy.domains.sdf.kernel.SDFScheduler._scheduleConnectedActors(SDFScheduler.java:1828)
	at ptolemy.domains.sdf.kernel.SDFScheduler._getSchedule(SDFScheduler.java:587)
	at ptolemy.actor.sched.Scheduler.getSchedule(Scheduler.java:189)
	at ptolemy.domains.sdf.kernel.SDFDirector.createSchedule(SDFDirector.java:408)
	at ptolemy.domains.sdf.kernel.SDFDirector.preinitialize(SDFDirector.java:764)
	at ptolemy.actor.CompositeActor.preinitialize(CompositeActor.java:1828)
	at ptolemy.actor.Manager.preinitializeAndResolveTypes(Manager.java:1040)
	at ptolemy.actor.Manager.initialize(Manager.java:710)
	at ptolemy.actor.Manager.execute(Manager.java:356)
	at ptolemy.actor.Manager.run(Manager.java:1263)
	at ptolemy.actor.Manager$PtolemyRunThread.run(Manager.java:1933)
]]></system-err>
</testsuite>
