<?xml version="1.0" encoding="UTF-8" ?>
<testsuite errors="0" failures="0" hostname="travis-job-8f4dfdba-8f27-4c6a-a886-520d858a9647" name="ptolemy.domains.de.test.junit.JUnitTclTest" skipped="0" tests="101" time="127.864" timestamp="2019-01-28T03:21:09">
  <properties>
[...]
</properties>
  <testcase classname="ptolemy.util.test.junit.TclTests" name="[0] /home/travis/build/icyphy/ptII/ptolemy/domains/de/test/DependencyLoop.tcl (RunTclFile)" time="0.692" />
  <testcase classname="ptolemy.util.test.junit.TclTests" name="[1] /home/travis/build/icyphy/ptII/ptolemy/domains/de/test/RunDETestsAsQSS.tcl (RunTclFile)" time="87.968" />
  <testcase classname="ptolemy.util.test.junit.AutoKnownFailedTests" name="[0] /home/travis/build/icyphy/ptII/ptolemy/domains/de/test/auto/knownFailedTests/DESDFClockTest.xml (RunModel)" time="2.03" />
  <testcase classname="ptolemy.util.test.junit.AutoKnownFailedTests" name="[1] /home/travis/build/icyphy/ptII/ptolemy/domains/de/test/auto/knownFailedTests/DirectFeedback.xml (RunModel)" time="0.015" />
  <testcase classname="ptolemy.util.test.junit.AutoKnownFailedTests" name="[2] /home/travis/build/icyphy/ptII/ptolemy/domains/de/test/auto/knownFailedTests/FSMSource.xml (RunModel)" time="0.025" />
  <testcase classname="ptolemy.util.test.junit.AutoKnownFailedTests" name="[3] /home/travis/build/icyphy/ptII/ptolemy/domains/de/test/auto/knownFailedTests/HierarchicalModel.xml (RunModel)" time="0.035" />
  <testcase classname="ptolemy.util.test.junit.AutoKnownFailedTests" name="[4] /home/travis/build/icyphy/ptII/ptolemy/domains/de/test/auto/knownFailedTests/dependencyLoop.xml (RunModel)" time="0.026" />
  <testcase classname="ptolemy.util.test.junit.AutoKnownFailedTests" name="[5] /home/travis/build/icyphy/ptII/ptolemy/domains/de/test/auto/knownFailedTests/dependencyLoop2.xml (RunModel)" time="0.03" />
  <testcase classname="ptolemy.util.test.junit.AutoNameArchTests" name="[0] ThereAreNoAutoArchTests (RunModel)" time="0.0" />
  <testcase classname="ptolemy.util.test.junit.AutoTests" name="[0] /home/travis/build/icyphy/ptII/ptolemy/domains/de/test/auto/ActorDepthCalculation_actorWithoutPorts.xml (RunModel)" time="0.013" />
  <testcase classname="ptolemy.util.test.junit.AutoTests" name="[1] /home/travis/build/icyphy/ptII/ptolemy/domains/de/test/auto/AssemblyLine.xml (RunModel)" time="0.012" />
  <testcase classname="ptolemy.util.test.junit.AutoTests" name="[2] /home/travis/build/icyphy/ptII/ptolemy/domains/de/test/auto/CQBug1.xml (RunModel)" time="0.005" />
  <testcase classname="ptolemy.util.test.junit.AutoTests" name="[3] /home/travis/build/icyphy/ptII/ptolemy/domains/de/test/auto/CancelFireAt.xml (RunModel)" time="0.004" />
  <testcase classname="ptolemy.util.test.junit.AutoTests" name="[4] /home/travis/build/icyphy/ptII/ptolemy/domains/de/test/auto/CausalityAndComposabilityAnalysis.xml (RunModel)" time="0.008" />
  <testcase classname="ptolemy.util.test.junit.AutoTests" name="[5] /home/travis/build/icyphy/ptII/ptolemy/domains/de/test/auto/CausalityInterface1.xml (RunModel)" time="0.009" />
  <testcase classname="ptolemy.util.test.junit.AutoTests" name="[6] /home/travis/build/icyphy/ptII/ptolemy/domains/de/test/auto/CausalityInterface15.xml (RunModel)" time="0.009" />
  <testcase classname="ptolemy.util.test.junit.AutoTests" name="[7] /home/travis/build/icyphy/ptII/ptolemy/domains/de/test/auto/CausalityInterface2.xml (RunModel)" time="0.008" />
  <testcase classname="ptolemy.util.test.junit.AutoTests" name="[8] /home/travis/build/icyphy/ptII/ptolemy/domains/de/test/auto/CausalityInterface3.xml (RunModel)" time="0.008" />
  <testcase classname="ptolemy.util.test.junit.AutoTests" name="[9] /home/travis/build/icyphy/ptII/ptolemy/domains/de/test/auto/ClockDrift.xml (RunModel)" time="0.024" />
  <testcase classname="ptolemy.util.test.junit.AutoTests" name="[10] /home/travis/build/icyphy/ptII/ptolemy/domains/de/test/auto/ClockDriftAndValueChange.xml (RunModel)" time="0.022" />
  <testcase classname="ptolemy.util.test.junit.AutoTests" name="[11] /home/travis/build/icyphy/ptII/ptolemy/domains/de/test/auto/ClockDriftChange.xml (RunModel)" time="0.02" />
  <testcase classname="ptolemy.util.test.junit.AutoTests" name="[12] /home/travis/build/icyphy/ptII/ptolemy/domains/de/test/auto/ComposableCausalityAnalysis.xml (RunModel)" time="0.016" />
  <testcase classname="ptolemy.util.test.junit.AutoTests" name="[13] /home/travis/build/icyphy/ptII/ptolemy/domains/de/test/auto/DEFixedPointLimitation.xml (RunModel)" time="0.007" />
  <testcase classname="ptolemy.util.test.junit.AutoTests" name="[14] /home/travis/build/icyphy/ptII/ptolemy/domains/de/test/auto/DEScheduleTest.xml (RunModel)" time="0.008" />
  <testcase classname="ptolemy.util.test.junit.AutoTests" name="[15] /home/travis/build/icyphy/ptII/ptolemy/domains/de/test/auto/DEinDEwithStartTimes.xml (RunModel)" time="0.01" />
  <testcase classname="ptolemy.util.test.junit.AutoTests" name="[16] /home/travis/build/icyphy/ptII/ptolemy/domains/de/test/auto/DEinDEwithStartTimes2.xml (RunModel)" time="0.01" />
  <testcase classname="ptolemy.util.test.junit.AutoTests" name="[17] /home/travis/build/icyphy/ptII/ptolemy/domains/de/test/auto/DateDemo.xml (RunModel)" time="0.02" />
  <testcase classname="ptolemy.util.test.junit.AutoTests" name="[18] /home/travis/build/icyphy/ptII/ptolemy/domains/de/test/auto/DateToEvent.xml (RunModel)" time="2.031" />
  <testcase classname="ptolemy.util.test.junit.AutoTests" name="[19] /home/travis/build/icyphy/ptII/ptolemy/domains/de/test/auto/DepthTest1.xml (RunModel)" time="0.012" />
  <testcase classname="ptolemy.util.test.junit.AutoTests" name="[20] /home/travis/build/icyphy/ptII/ptolemy/domains/de/test/auto/DepthTest2.xml (RunModel)" time="0.019" />
  <testcase classname="ptolemy.util.test.junit.AutoTests" name="[21] /home/travis/build/icyphy/ptII/ptolemy/domains/de/test/auto/DepthTest3.xml (RunModel)" time="0.008" />
  <testcase classname="ptolemy.util.test.junit.AutoTests" name="[22] /home/travis/build/icyphy/ptII/ptolemy/domains/de/test/auto/DepthTest4.xml (RunModel)" time="0.019" />
  <testcase classname="ptolemy.util.test.junit.AutoTests" name="[23] /home/travis/build/icyphy/ptII/ptolemy/domains/de/test/auto/DepthTest5.xml (RunModel)" time="0.018" />
  <testcase classname="ptolemy.util.test.junit.AutoTests" name="[24] /home/travis/build/icyphy/ptII/ptolemy/domains/de/test/auto/DepthTest6.xml (RunModel)" time="0.011" />
  <testcase classname="ptolemy.util.test.junit.AutoTests" name="[25] /home/travis/build/icyphy/ptII/ptolemy/domains/de/test/auto/DepthTest7.xml (RunModel)" time="0.01" />
  <testcase classname="ptolemy.util.test.junit.AutoTests" name="[26] /home/travis/build/icyphy/ptII/ptolemy/domains/de/test/auto/EventToDate.xml (RunModel)" time="3.031" />
  <testcase classname="ptolemy.util.test.junit.AutoTests" name="[27] /home/travis/build/icyphy/ptII/ptolemy/domains/de/test/auto/FSM1.xml (RunModel)" time="0.03" />
  <testcase classname="ptolemy.util.test.junit.AutoTests" name="[28] /home/travis/build/icyphy/ptII/ptolemy/domains/de/test/auto/FSM7.xml (RunModel)" time="0.039" />
  <testcase classname="ptolemy.util.test.junit.AutoTests" name="[29] /home/travis/build/icyphy/ptII/ptolemy/domains/de/test/auto/Inspection.xml (RunModel)" time="0.047" />
  <testcase classname="ptolemy.util.test.junit.AutoTests" name="[30] /home/travis/build/icyphy/ptII/ptolemy/domains/de/test/auto/Iteration.xml (RunModel)" time="0.025" />
  <testcase classname="ptolemy.util.test.junit.AutoTests" name="[31] /home/travis/build/icyphy/ptII/ptolemy/domains/de/test/auto/LineFault.xml (RunModel)" time="0.552" />
  <testcase classname="ptolemy.util.test.junit.AutoTests" name="[32] /home/travis/build/icyphy/ptII/ptolemy/domains/de/test/auto/MergeModel1Add.xml (RunModel)" time="0.043" />
  <testcase classname="ptolemy.util.test.junit.AutoTests" name="[33] /home/travis/build/icyphy/ptII/ptolemy/domains/de/test/auto/MergeModel2Add.xml (RunModel)" time="0.036" />
  <testcase classname="ptolemy.util.test.junit.AutoTests" name="[34] /home/travis/build/icyphy/ptII/ptolemy/domains/de/test/auto/MergeModel3Add.xml (RunModel)" time="0.042" />
  <testcase classname="ptolemy.util.test.junit.AutoTests" name="[35] /home/travis/build/icyphy/ptII/ptolemy/domains/de/test/auto/MergeWithoutDiscard.xml (RunModel)" time="0.011" />
  <testcase classname="ptolemy.util.test.junit.AutoTests" name="[36] /home/travis/build/icyphy/ptII/ptolemy/domains/de/test/auto/Modal1.xml (RunModel)" time="0.029" />
  <testcase classname="ptolemy.util.test.junit.AutoTests" name="[37] /home/travis/build/icyphy/ptII/ptolemy/domains/de/test/auto/Modal2.xml (RunModel)" time="0.03" />
  <testcase classname="ptolemy.util.test.junit.AutoTests" name="[38] /home/travis/build/icyphy/ptII/ptolemy/domains/de/test/auto/Modal3.xml (RunModel)" time="0.029" />
  <testcase classname="ptolemy.util.test.junit.AutoTests" name="[39] /home/travis/build/icyphy/ptII/ptolemy/domains/de/test/auto/Modal4.xml (RunModel)" time="0.03" />
  <testcase classname="ptolemy.util.test.junit.AutoTests" name="[40] /home/travis/build/icyphy/ptII/ptolemy/domains/de/test/auto/Modal5.xml (RunModel)" time="0.026" />
  <testcase classname="ptolemy.util.test.junit.AutoTests" name="[41] /home/travis/build/icyphy/ptII/ptolemy/domains/de/test/auto/Modal6.xml (RunModel)" time="0.027" />
  <testcase classname="ptolemy.util.test.junit.AutoTests" name="[42] /home/travis/build/icyphy/ptII/ptolemy/domains/de/test/auto/Modal7.xml (RunModel)" time="0.028" />
  <testcase classname="ptolemy.util.test.junit.AutoTests" name="[43] /home/travis/build/icyphy/ptII/ptolemy/domains/de/test/auto/ModalModel.xml (RunModel)" time="0.151" />
  <testcase classname="ptolemy.util.test.junit.AutoTests" name="[44] /home/travis/build/icyphy/ptII/ptolemy/domains/de/test/auto/ModalSource.xml (RunModel)" time="0.019" />
  <testcase classname="ptolemy.util.test.junit.AutoTests" name="[45] /home/travis/build/icyphy/ptII/ptolemy/domains/de/test/auto/NonInterruptibleTimerZeroDelay.xml (RunModel)" time="0.008" />
  <testcase classname="ptolemy.util.test.junit.AutoTests" name="[46] /home/travis/build/icyphy/ptII/ptolemy/domains/de/test/auto/OpenQueueingNetwork.xml (RunModel)" time="2.326" />
  <testcase classname="ptolemy.util.test.junit.AutoTests" name="[47] /home/travis/build/icyphy/ptII/ptolemy/domains/de/test/auto/OpenQueuingNetwork.xml (RunModel)" time="0.281" />
  <testcase classname="ptolemy.util.test.junit.AutoTests" name="[48] /home/travis/build/icyphy/ptII/ptolemy/domains/de/test/auto/PeriodicSampler.xml (RunModel)" time="0.007" />
  <testcase classname="ptolemy.util.test.junit.AutoTests" name="[49] /home/travis/build/icyphy/ptII/ptolemy/domains/de/test/auto/PersistentIO.xml (RunModel)" time="0.019" />
  <testcase classname="ptolemy.util.test.junit.AutoTests" name="[50] /home/travis/build/icyphy/ptII/ptolemy/domains/de/test/auto/PortParameterResetOnInitialize.xml (RunModel)" time="0.007" />
  <testcase classname="ptolemy.util.test.junit.AutoTests" name="[51] /home/travis/build/icyphy/ptII/ptolemy/domains/de/test/auto/PortParameterUpdates.xml (RunModel)" time="0.011" />
  <testcase classname="ptolemy.util.test.junit.AutoTests" name="[52] /home/travis/build/icyphy/ptII/ptolemy/domains/de/test/auto/QueueAndServer.xml (RunModel)" time="0.018" />
  <testcase classname="ptolemy.util.test.junit.AutoTests" name="[53] /home/travis/build/icyphy/ptII/ptolemy/domains/de/test/auto/Records.xml (RunModel)" time="0.016" />
  <testcase classname="ptolemy.util.test.junit.AutoTests" name="[54] /home/travis/build/icyphy/ptII/ptolemy/domains/de/test/auto/ResetTransitionWithStartTime1.xml (RunModel)" time="0.016" />
  <testcase classname="ptolemy.util.test.junit.AutoTests" name="[55] /home/travis/build/icyphy/ptII/ptolemy/domains/de/test/auto/ResetTransitionWithStartTime2.xml (RunModel)" time="0.017" />
  <testcase classname="ptolemy.util.test.junit.AutoTests" name="[56] /home/travis/build/icyphy/ptII/ptolemy/domains/de/test/auto/ResetTransitionWithStartTime3.xml (RunModel)" time="0.019" />
  <testcase classname="ptolemy.util.test.junit.AutoTests" name="[57] /home/travis/build/icyphy/ptII/ptolemy/domains/de/test/auto/ResetTransitionWithStartTime4.xml (RunModel)" time="0.016" />
  <testcase classname="ptolemy.util.test.junit.AutoTests" name="[58] /home/travis/build/icyphy/ptII/ptolemy/domains/de/test/auto/ResettableTimer1.xml (RunModel)" time="0.009" />
  <testcase classname="ptolemy.util.test.junit.AutoTests" name="[59] /home/travis/build/icyphy/ptII/ptolemy/domains/de/test/auto/ResettableTimer2.xml (RunModel)" time="0.008" />
  <testcase classname="ptolemy.util.test.junit.AutoTests" name="[60] /home/travis/build/icyphy/ptII/ptolemy/domains/de/test/auto/ResettableTimer3.xml (RunModel)" time="0.008" />
  <testcase classname="ptolemy.util.test.junit.AutoTests" name="[61] /home/travis/build/icyphy/ptII/ptolemy/domains/de/test/auto/ResettableTimer4.xml (RunModel)" time="0.009" />
  <testcase classname="ptolemy.util.test.junit.AutoTests" name="[62] /home/travis/build/icyphy/ptII/ptolemy/domains/de/test/auto/ResettableTimer5.xml (RunModel)" time="0.008" />
  <testcase classname="ptolemy.util.test.junit.AutoTests" name="[63] /home/travis/build/icyphy/ptII/ptolemy/domains/de/test/auto/ResettableTimer6.xml (RunModel)" time="0.017" />
  <testcase classname="ptolemy.util.test.junit.AutoTests" name="[64] /home/travis/build/icyphy/ptII/ptolemy/domains/de/test/auto/ServerZeroDelay.xml (RunModel)" time="0.01" />
  <testcase classname="ptolemy.util.test.junit.AutoTests" name="[65] /home/travis/build/icyphy/ptII/ptolemy/domains/de/test/auto/SmartSender.xml (RunModel)" time="3.007" />
  <testcase classname="ptolemy.util.test.junit.AutoTests" name="[66] /home/travis/build/icyphy/ptII/ptolemy/domains/de/test/auto/ThreadedComposite.xml (RunModel)" time="0.105" />
  <testcase classname="ptolemy.util.test.junit.AutoTests" name="[67] /home/travis/build/icyphy/ptII/ptolemy/domains/de/test/auto/Time.xml (RunModel)" time="0.434" />
  <testcase classname="ptolemy.util.test.junit.AutoTests" name="[68] /home/travis/build/icyphy/ptII/ptolemy/domains/de/test/auto/TimeDelayZeroDelay.xml (RunModel)" time="0.012" />
  <testcase classname="ptolemy.util.test.junit.AutoTests" name="[69] /home/travis/build/icyphy/ptII/ptolemy/domains/de/test/auto/TimerZeroDelay.xml (RunModel)" time="0.012" />
  <testcase classname="ptolemy.util.test.junit.AutoTests" name="[70] /home/travis/build/icyphy/ptII/ptolemy/domains/de/test/auto/TimingParadox.xml (RunModel)" time="0.342" />
  <testcase classname="ptolemy.util.test.junit.AutoTests" name="[71] /home/travis/build/icyphy/ptII/ptolemy/domains/de/test/auto/TransferInputs.xml (RunModel)" time="0.013" />
  <testcase classname="ptolemy.util.test.junit.AutoTests" name="[72] /home/travis/build/icyphy/ptII/ptolemy/domains/de/test/auto/TransferOutputs2.xml (RunModel)" time="0.015" />
  <testcase classname="ptolemy.util.test.junit.AutoTests" name="[73] /home/travis/build/icyphy/ptII/ptolemy/domains/de/test/auto/Trilateration.xml (RunModel)" time="11.273" />
  <testcase classname="ptolemy.util.test.junit.AutoTests" name="[74] /home/travis/build/icyphy/ptII/ptolemy/domains/de/test/auto/TwoSigmaDelta.xml (RunModel)" time="1.972" />
  <testcase classname="ptolemy.util.test.junit.AutoTests" name="[75] /home/travis/build/icyphy/ptII/ptolemy/domains/de/test/auto/VariableDelay.xml (RunModel)" time="0.015" />
  <testcase classname="ptolemy.util.test.junit.AutoTests" name="[76] /home/travis/build/icyphy/ptII/ptolemy/domains/de/test/auto/VariableDelay2.xml (RunModel)" time="0.01" />
  <testcase classname="ptolemy.util.test.junit.AutoTests" name="[77] /home/travis/build/icyphy/ptII/ptolemy/domains/de/test/auto/VariableDelayZeroDelay.xml (RunModel)" time="0.011" />
  <testcase classname="ptolemy.util.test.junit.AutoTests" name="[78] /home/travis/build/icyphy/ptII/ptolemy/domains/de/test/auto/VariableDelayZeroDelay2.xml (RunModel)" time="0.008" />
  <testcase classname="ptolemy.util.test.junit.AutoTests" name="[79] /home/travis/build/icyphy/ptII/ptolemy/domains/de/test/auto/deInCt.xml (RunModel)" time="0.016" />
  <testcase classname="ptolemy.util.test.junit.AutoTests" name="[80] /home/travis/build/icyphy/ptII/ptolemy/domains/de/test/auto/deInCt2.xml (RunModel)" time="0.018" />
  <testcase classname="ptolemy.util.test.junit.AutoTests" name="[81] /home/travis/build/icyphy/ptII/ptolemy/domains/de/test/auto/dynamicCausalityInterface1.xml (RunModel)" time="0.023" />
  <testcase classname="ptolemy.util.test.junit.AutoTests" name="[82] /home/travis/build/icyphy/ptII/ptolemy/domains/de/test/auto/fsm_de_test.xml (RunModel)" time="0.021" />
  <testcase classname="ptolemy.util.test.junit.AutoTests" name="[83] /home/travis/build/icyphy/ptII/ptolemy/domains/de/test/auto/functionDependencyReconstruction.xml (RunModel)" time="0.026" />
  <testcase classname="ptolemy.util.test.junit.AutoTests" name="[84] /home/travis/build/icyphy/ptII/ptolemy/domains/de/test/auto/multirate.xml (RunModel)" time="0.015" />
  <testcase classname="ptolemy.util.test.junit.AutoTests" name="[85] /home/travis/build/icyphy/ptII/ptolemy/domains/de/test/auto/multirate2.xml (RunModel)" time="0.013" />
  <testcase classname="ptolemy.util.test.junit.AutoTests" name="[86] /home/travis/build/icyphy/ptII/ptolemy/domains/de/test/auto/realtime.xml (RunModel)" time="10.01" />
  <testcase classname="ptolemy.util.test.junit.AutoTests" name="[87] /home/travis/build/icyphy/ptII/ptolemy/domains/de/test/auto/relationGroup.xml (RunModel)" time="0.006" />
  <testcase classname="ptolemy.util.test.junit.AutoTests" name="[88] /home/travis/build/icyphy/ptII/ptolemy/domains/de/test/auto/relationGroup2.xml (RunModel)" time="0.005" />
  <testcase classname="ptolemy.util.test.junit.AutoTests" name="[89] /home/travis/build/icyphy/ptII/ptolemy/domains/de/test/auto/sortWithOpaquePorts.xml (RunModel)" time="0.007" />
  <testcase classname="ptolemy.util.test.junit.AutoTests" name="[90] /home/travis/build/icyphy/ptII/ptolemy/domains/de/test/auto/transferInputsandOutputs.xml (RunModel)" time="0.012" />
  <testcase classname="ptolemy.util.test.junit.AutoTests" name="[91] /home/travis/build/icyphy/ptII/ptolemy/domains/de/test/auto/triggerType.xml (RunModel)" time="0.007" />
  <system-out><![CDATA[/home/travis/build/icyphy/ptII/ptolemy/domains/de/test/DependencyLoop.tcl
testDefs.tcl: setting time out to 9000 seconds at Mon Jan 28 03:21:09 UTC 2019
14 ms. Memory: 116224K Free: 97626K (84%)
18 ms. Memory: 146944K Free: 141190K (96%)
/home/travis/build/icyphy/ptII/ptolemy/domains/de/test/RunDETestsAsQSS.tcl
Run the DE tests using ptolemy.domains.qss.test.QSSDirectorTest, which extends QSSDirector and prints a message in the constructors.
------------------ testing $PTII/ptolemy/domains/de/test/auto/knownFailedTests/dependencyLoop.xml (Known Failure) 
14 ms. Memory: 146944K Free: 136543K (93%)


==== $PTIIhome/travis/build/icyphy/ptII/ptolemy/domains/de/test/../../../../: Auto Automatic test in file $PTII/ptolemy/domains/de/test/auto/knownFailedTests/dependencyLoop.xml
==== Contents of test case:

	    # FIXME: we should use $relativeFilename here, but it
	    # might have backslashes under Windows, which causes no end
	    # of trouble.
	    createAndExecute $file
	    list {}
	
.... Test generated KNOWN error:
    while executing
ptolemy.kernel.util.IllegalActionException: Found a zero delay loop containing .dependencyLoop.original
  in .dependencyLoop and .dependencyLoop.original
	at ptolemy.actor.util.CausalityInterfaceForComposites._computeOutputPortDepth(CausalityInterfaceForComposites.java:759)
	at ptolemy.actor.util.CausalityInterfaceForComposites._computeInputDepth(CausalityInterfaceForComposites.java:696)
	at ptolemy.actor.util.CausalityInterfaceForComposites._computeOutputPortDepth(CausalityInterfaceForComposites.java:765)
	at ptolemy.actor.util.CausalityInterfaceForComposites._computeInputDepth(CausalityInterfaceForComposites.java:696)
	at ptolemy.actor.util.CausalityInterfaceForComposites._computeOutputPortDepth(CausalityInterfaceForComposites.java:765)
	at ptolemy.actor.util.CausalityInterfaceForComposites._computeInputDepth(CausalityInterfaceForComposites.java:696)
	at ptolemy.actor.util.CausalityInterfaceForComposites._computeActorDepth(CausalityInterfaceForComposites.java:532)
	at ptolemy.actor.util.CausalityInterfaceForComposites.checkForCycles(CausalityInterfaceForComposites.java:96)
	at ptolemy.domains.de.kernel.DEDirector.preinitialize(DEDirector.java:1338)
	at ptolemy.actor.CompositeActor.preinitialize(CompositeActor.java:1828)
	at ptolemy.actor.Manager.preinitializeAndResolveTypes(Manager.java:1040)
	at ptolemy.actor.Manager.initialize(Manager.java:710)
	at ptolemy.actor.Manager.execute(Manager.java:356)
	at ptolemy.actor.Manager.run(Manager.java:1263)
	at ptolemy.actor.Manager$PtolemyRunThread.run(Manager.java:1915)

    while executing
ptolemy.kernel.util.IllegalActionException: Found a zero delay loop containing .dependencyLoop.original
  in .dependencyLoop and .dependencyLoop.original
    while executing
"java::new ptolemy.moml.MoMLSimpleApplication $file
"
    (procedure "createAndExecute" line 2)
    invoked from within
"createAndExecute $file"
    ("uplevel" body line 5)
    invoked from within
"uplevel $contents_of_test"
------------------ testing $PTII/ptolemy/domains/de/test/auto/knownFailedTests/DESDFClockTest.xml (Known Failure) 
2046 ms. Memory: 146944K Free: 121350K (83%)


==== $PTIIhome/travis/build/icyphy/ptII/ptolemy/domains/de/test/../../../../: Auto Automatic test in file $PTII/ptolemy/domains/de/test/auto/knownFailedTests/DESDFClockTest.xml
==== Contents of test case:

	    # FIXME: we should use $relativeFilename here, but it
	    # might have backslashes under Windows, which causes no end
	    # of trouble.
	    createAndExecute $file
	    list {}
	
.... Test generated KNOWN error:
    while executing
ptolemy.kernel.util.IllegalActionException: Actor is not ready to fire.  Perhaps UpSample.prefire() returned false? Try debugging the actor by selecting "Listen to Actor".  Also, for SDF check moml for tokenConsumptionRate on input.
  in .DESDFClockTest.Play Bell.Copy1:SDF Director and .DESDFClockTest.Play Bell.UpSample
	at ptolemy.actor.sched.StaticSchedulingDirector.fire(StaticSchedulingDirector.java:227)
	at ptolemy.domains.sdf.kernel.SDFDirector.fire(SDFDirector.java:500)
	at ptolemy.actor.CompositeActor.fire(CompositeActor.java:455)
	at ptolemy.domains.de.kernel.DEDirector._fire(DEDirector.java:1949)
	at ptolemy.domains.de.kernel.DEDirector.fire(DEDirector.java:502)
	at ptolemy.actor.CompositeActor.fire(CompositeActor.java:455)
	at ptolemy.actor.Manager.iterate(Manager.java:851)
	at ptolemy.actor.Manager.execute(Manager.java:369)
	at ptolemy.actor.Manager.run(Manager.java:1263)
	at ptolemy.actor.Manager$PtolemyRunThread.run(Manager.java:1915)

    while executing
ptolemy.kernel.util.IllegalActionException: Actor is not ready to fire.  Perhaps UpSample.prefire() returned false? Try debugging the actor by selecting "Listen to Actor".  Also, for SDF check moml for tokenConsumptionRate on input.
  in .DESDFClockTest.Play Bell.Copy1:SDF Director and .DESDFClockTest.Play Bell.UpSample
    while executing
"java::new ptolemy.moml.MoMLSimpleApplication $file
"
    (procedure "createAndExecute" line 2)
    invoked from within
"createAndExecute $file"
    ("uplevel" body line 5)
    invoked from within
"uplevel $contents_of_test"
------------------ testing $PTII/ptolemy/domains/de/test/auto/knownFailedTests/FSMSource.xml (Known Failure) 
25 ms. Memory: 146944K Free: 112476K (77%)
!!!! Auto was marked as failing, but now passes
------------------ testing $PTII/ptolemy/domains/de/test/auto/knownFailedTests/dependencyLoop2.xml (Known Failure) 
9 ms. Memory: 146944K Free: 110593K (75%)


==== $PTIIhome/travis/build/icyphy/ptII/ptolemy/domains/de/test/../../../../: Auto Automatic test in file $PTII/ptolemy/domains/de/test/auto/knownFailedTests/dependencyLoop2.xml
==== Contents of test case:

	    # FIXME: we should use $relativeFilename here, but it
	    # might have backslashes under Windows, which causes no end
	    # of trouble.
	    createAndExecute $file
	    list {}
	
.... Test generated KNOWN error:
    while executing
ptolemy.kernel.util.IllegalActionException: Found a zero delay loop containing .dependencyLoop2.original
  in .dependencyLoop2 and .dependencyLoop2.original
	at ptolemy.actor.util.CausalityInterfaceForComposites._computeOutputPortDepth(CausalityInterfaceForComposites.java:759)
	at ptolemy.actor.util.CausalityInterfaceForComposites._computeInputDepth(CausalityInterfaceForComposites.java:696)
	at ptolemy.actor.util.CausalityInterfaceForComposites._computeOutputPortDepth(CausalityInterfaceForComposites.java:765)
	at ptolemy.actor.util.CausalityInterfaceForComposites._computeInputDepth(CausalityInterfaceForComposites.java:696)
	at ptolemy.actor.util.CausalityInterfaceForComposites._computeOutputPortDepth(CausalityInterfaceForComposites.java:765)
	at ptolemy.actor.util.CausalityInterfaceForComposites._computeInputDepth(CausalityInterfaceForComposites.java:696)
	at ptolemy.actor.util.CausalityInterfaceForComposites._computeActorDepth(CausalityInterfaceForComposites.java:532)
	at ptolemy.actor.util.CausalityInterfaceForComposites.checkForCycles(CausalityInterfaceForComposites.java:96)
	at ptolemy.domains.de.kernel.DEDirector.preinitialize(DEDirector.java:1338)
	at ptolemy.actor.CompositeActor.preinitialize(CompositeActor.java:1828)
	at ptolemy.actor.Manager.preinitializeAndResolveTypes(Manager.java:1040)
	at ptolemy.actor.Manager.initialize(Manager.java:710)
	at ptolemy.actor.Manager.execute(Manager.java:356)
	at ptolemy.actor.Manager.run(Manager.java:1263)
	at ptolemy.actor.Manager$PtolemyRunThread.run(Manager.java:1915)

    while executing
ptolemy.kernel.util.IllegalActionException: Found a zero delay loop containing .dependencyLoop2.original
  in .dependencyLoop2 and .dependencyLoop2.original
    while executing
"java::new ptolemy.moml.MoMLSimpleApplication $file
"
    (procedure "createAndExecute" line 2)
    invoked from within
"createAndExecute $file"
    ("uplevel" body line 5)
    invoked from within
"uplevel $contents_of_test"
------------------ testing $PTII/ptolemy/domains/de/test/auto/knownFailedTests/HierarchicalModel.xml (Known Failure) 
10 ms. Memory: 146944K Free: 90402K (62%)


==== $PTIIhome/travis/build/icyphy/ptII/ptolemy/domains/de/test/../../../../: Auto Automatic test in file $PTII/ptolemy/domains/de/test/auto/knownFailedTests/HierarchicalModel.xml
==== Contents of test case:

	    # FIXME: we should use $relativeFilename here, but it
	    # might have backslashes under Windows, which causes no end
	    # of trouble.
	    createAndExecute $file
	    list {}
	
.... Test generated KNOWN error:
    while executing
ptolemy.kernel.util.IllegalActionException: Found a zero delay loop containing .HierarchicalModel.A
  in .HierarchicalModel and .HierarchicalModel.A
	at ptolemy.actor.util.CausalityInterfaceForComposites._computeOutputPortDepth(CausalityInterfaceForComposites.java:759)
	at ptolemy.actor.util.CausalityInterfaceForComposites._computeInputDepth(CausalityInterfaceForComposites.java:696)
	at ptolemy.actor.util.CausalityInterfaceForComposites._computeOutputPortDepth(CausalityInterfaceForComposites.java:765)
	at ptolemy.actor.util.CausalityInterfaceForComposites._computeInputDepth(CausalityInterfaceForComposites.java:696)
	at ptolemy.actor.util.CausalityInterfaceForComposites._computeOutputPortDepth(CausalityInterfaceForComposites.java:765)
	at ptolemy.actor.util.CausalityInterfaceForComposites._computeInputDepth(CausalityInterfaceForComposites.java:696)
	at ptolemy.actor.util.CausalityInterfaceForComposites._computeActorDepth(CausalityInterfaceForComposites.java:532)
	at ptolemy.actor.util.CausalityInterfaceForComposites.checkForCycles(CausalityInterfaceForComposites.java:96)
	at ptolemy.domains.de.kernel.DEDirector.preinitialize(DEDirector.java:1338)
	at ptolemy.actor.CompositeActor.preinitialize(CompositeActor.java:1828)
	at ptolemy.actor.Manager.preinitializeAndResolveTypes(Manager.java:1040)
	at ptolemy.actor.Manager.initialize(Manager.java:710)
	at ptolemy.actor.Manager.execute(Manager.java:356)
	at ptolemy.actor.Manager.run(Manager.java:1263)
	at ptolemy.actor.Manager$PtolemyRunThread.run(Manager.java:1915)

    while executing
ptolemy.kernel.util.IllegalActionException: Found a zero delay loop containing .HierarchicalModel.A
  in .HierarchicalModel and .HierarchicalModel.A
    while executing
"java::new ptolemy.moml.MoMLSimpleApplication $file
"
    (procedure "createAndExecute" line 2)
    invoked from within
"createAndExecute $file"
    ("uplevel" body line 5)
    invoked from within
"uplevel $contents_of_test"
------------------ testing $PTII/ptolemy/domains/de/test/auto/knownFailedTests/DirectFeedback.xml (Known Failure) 
3 ms. Memory: 146944K Free: 86289K (59%)


==== $PTIIhome/travis/build/icyphy/ptII/ptolemy/domains/de/test/../../../../: Auto Automatic test in file $PTII/ptolemy/domains/de/test/auto/knownFailedTests/DirectFeedback.xml
==== Contents of test case:

	    # FIXME: we should use $relativeFilename here, but it
	    # might have backslashes under Windows, which causes no end
	    # of trouble.
	    createAndExecute $file
	    list {}
	
.... Test generated KNOWN error:
    while executing
ptolemy.kernel.util.IllegalActionException: Test fails in iteration 1.
Value was: 1.0. Should have been: 2.0
  in .DirectFeedback.Test
	at ptolemy.actor.lib.Test.fire(Test.java:268)
	at ptolemy.domains.de.kernel.DEDirector._fire(DEDirector.java:1949)
	at ptolemy.domains.de.kernel.DEDirector.fire(DEDirector.java:502)
	at ptolemy.actor.CompositeActor.fire(CompositeActor.java:455)
	at ptolemy.actor.Manager.iterate(Manager.java:851)
	at ptolemy.actor.Manager.execute(Manager.java:369)
	at ptolemy.actor.Manager.run(Manager.java:1263)
	at ptolemy.actor.Manager$PtolemyRunThread.run(Manager.java:1915)

    while executing
ptolemy.kernel.util.IllegalActionException: Test fails in iteration 1.
Value was: 1.0. Should have been: 2.0
  in .DirectFeedback.Test
    while executing
"java::new ptolemy.moml.MoMLSimpleApplication $file
"
    (procedure "createAndExecute" line 2)
    invoked from within
"createAndExecute $file"
    ("uplevel" body line 5)
    invoked from within
"uplevel $contents_of_test"
------------------ testing $PTII/ptolemy/domains/de/test/auto/ActorDepthCalculation_actorWithoutPorts.xml
auto.tcl: Setting watchdog for 200 seconds at Mon Jan 28 03:21:12 UTC 2019
4 ms. Memory: 146944K Free: 138692K (94%)
ptolemy.util.test.WatchDog.cancel(): canceling Mon Jan 28 03:21:12 UTC 2019
auto.tcl: Setting watchdog for 200 seconds at Mon Jan 28 03:21:12 UTC 2019
4 ms. Memory: 146944K Free: 137672K (94%)
ptolemy.util.test.WatchDog.cancel(): canceling Mon Jan 28 03:21:12 UTC 2019
------------------ testing $PTII/ptolemy/domains/de/test/auto/AssemblyLine.xml
auto.tcl: Setting watchdog for 200 seconds at Mon Jan 28 03:21:13 UTC 2019
17 ms. Memory: 208384K Free: 183406K (88%)
ptolemy.util.test.WatchDog.cancel(): canceling Mon Jan 28 03:21:13 UTC 2019
auto.tcl: Setting watchdog for 200 seconds at Mon Jan 28 03:21:13 UTC 2019
7 ms. Memory: 208384K Free: 183406K (88%)
ptolemy.util.test.WatchDog.cancel(): canceling Mon Jan 28 03:21:13 UTC 2019
------------------ testing $PTII/ptolemy/domains/de/test/auto/CQBug1.xml
auto.tcl: Setting watchdog for 200 seconds at Mon Jan 28 03:21:13 UTC 2019
10 ms. Memory: 208384K Free: 197908K (95%)
ptolemy.util.test.WatchDog.cancel(): canceling Mon Jan 28 03:21:13 UTC 2019
auto.tcl: Setting watchdog for 200 seconds at Mon Jan 28 03:21:13 UTC 2019
2 ms. Memory: 208384K Free: 197908K (95%)
ptolemy.util.test.WatchDog.cancel(): canceling Mon Jan 28 03:21:13 UTC 2019
------------------ testing $PTII/ptolemy/domains/de/test/auto/CancelFireAt.xml
auto.tcl: Setting watchdog for 200 seconds at Mon Jan 28 03:21:13 UTC 2019
4 ms. Memory: 208384K Free: 201568K (97%)
ptolemy.util.test.WatchDog.cancel(): canceling Mon Jan 28 03:21:13 UTC 2019
auto.tcl: Setting watchdog for 200 seconds at Mon Jan 28 03:21:13 UTC 2019
5 ms. Memory: 208384K Free: 199529K (96%)
ptolemy.util.test.WatchDog.cancel(): canceling Mon Jan 28 03:21:13 UTC 2019
------------------ testing $PTII/ptolemy/domains/de/test/auto/CausalityAndComposabilityAnalysis.xml
auto.tcl: Setting watchdog for 200 seconds at Mon Jan 28 03:21:13 UTC 2019
16 ms. Memory: 208384K Free: 198607K (95%)
ptolemy.util.test.WatchDog.cancel(): canceling Mon Jan 28 03:21:13 UTC 2019
auto.tcl: Setting watchdog for 200 seconds at Mon Jan 28 03:21:13 UTC 2019
10 ms. Memory: 208384K Free: 196568K (94%)
ptolemy.util.test.WatchDog.cancel(): canceling Mon Jan 28 03:21:13 UTC 2019
------------------ testing $PTII/ptolemy/domains/de/test/auto/CausalityInterface1.xml
auto.tcl: Setting watchdog for 200 seconds at Mon Jan 28 03:21:13 UTC 2019
17 ms. Memory: 208384K Free: 196502K (94%)
ptolemy.util.test.WatchDog.cancel(): canceling Mon Jan 28 03:21:13 UTC 2019
auto.tcl: Setting watchdog for 200 seconds at Mon Jan 28 03:21:13 UTC 2019
9 ms. Memory: 208384K Free: 196502K (94%)
ptolemy.util.test.WatchDog.cancel(): canceling Mon Jan 28 03:21:13 UTC 2019
------------------ testing $PTII/ptolemy/domains/de/test/auto/CausalityInterface15.xml
auto.tcl: Setting watchdog for 200 seconds at Mon Jan 28 03:21:13 UTC 2019
13 ms. Memory: 208384K Free: 196461K (94%)
ptolemy.util.test.WatchDog.cancel(): canceling Mon Jan 28 03:21:14 UTC 2019
auto.tcl: Setting watchdog for 200 seconds at Mon Jan 28 03:21:14 UTC 2019
3 ms. Memory: 208384K Free: 196461K (94%)
ptolemy.util.test.WatchDog.cancel(): canceling Mon Jan 28 03:21:14 UTC 2019
------------------ testing $PTII/ptolemy/domains/de/test/auto/CausalityInterface2.xml
auto.tcl: Setting watchdog for 200 seconds at Mon Jan 28 03:21:14 UTC 2019
7 ms. Memory: 208384K Free: 196476K (94%)
ptolemy.util.test.WatchDog.cancel(): canceling Mon Jan 28 03:21:14 UTC 2019
auto.tcl: Setting watchdog for 200 seconds at Mon Jan 28 03:21:14 UTC 2019
7 ms. Memory: 208384K Free: 196476K (94%)
ptolemy.util.test.WatchDog.cancel(): canceling Mon Jan 28 03:21:14 UTC 2019
------------------ testing $PTII/ptolemy/domains/de/test/auto/CausalityInterface3.xml
auto.tcl: Setting watchdog for 200 seconds at Mon Jan 28 03:21:14 UTC 2019
5 ms. Memory: 208384K Free: 196488K (94%)
ptolemy.util.test.WatchDog.cancel(): canceling Mon Jan 28 03:21:14 UTC 2019
auto.tcl: Setting watchdog for 200 seconds at Mon Jan 28 03:21:14 UTC 2019
9 ms. Memory: 208384K Free: 196488K (94%)
ptolemy.util.test.WatchDog.cancel(): canceling Mon Jan 28 03:21:14 UTC 2019
------------------ testing $PTII/ptolemy/domains/de/test/auto/ClockDrift.xml
auto.tcl: Setting watchdog for 200 seconds at Mon Jan 28 03:21:14 UTC 2019
89 ms. Memory: 208384K Free: 187805K (90%)
ptolemy.util.test.WatchDog.cancel(): canceling Mon Jan 28 03:21:14 UTC 2019
auto.tcl: Setting watchdog for 200 seconds at Mon Jan 28 03:21:14 UTC 2019
58 ms. Memory: 208384K Free: 185766K (89%)
ptolemy.util.test.WatchDog.cancel(): canceling Mon Jan 28 03:21:14 UTC 2019
------------------ testing $PTII/ptolemy/domains/de/test/auto/ClockDriftAndValueChange.xml
auto.tcl: Setting watchdog for 200 seconds at Mon Jan 28 03:21:14 UTC 2019
31 ms. Memory: 208384K Free: 187639K (90%)
ptolemy.util.test.WatchDog.cancel(): canceling Mon Jan 28 03:21:14 UTC 2019
auto.tcl: Setting watchdog for 200 seconds at Mon Jan 28 03:21:14 UTC 2019
30 ms. Memory: 208384K Free: 185600K (89%)
ptolemy.util.test.WatchDog.cancel(): canceling Mon Jan 28 03:21:14 UTC 2019
------------------ testing $PTII/ptolemy/domains/de/test/auto/ClockDriftChange.xml
auto.tcl: Setting watchdog for 200 seconds at Mon Jan 28 03:21:14 UTC 2019
20 ms. Memory: 208384K Free: 190901K (92%)
ptolemy.util.test.WatchDog.cancel(): canceling Mon Jan 28 03:21:14 UTC 2019
auto.tcl: Setting watchdog for 200 seconds at Mon Jan 28 03:21:14 UTC 2019
23 ms. Memory: 208384K Free: 188861K (91%)
ptolemy.util.test.WatchDog.cancel(): canceling Mon Jan 28 03:21:14 UTC 2019
------------------ testing $PTII/ptolemy/domains/de/test/auto/ComposableCausalityAnalysis.xml
auto.tcl: Setting watchdog for 200 seconds at Mon Jan 28 03:21:14 UTC 2019
1 ms. Memory: 208384K Free: 196767K (94%)
ptolemy.util.test.WatchDog.cancel(): canceling Mon Jan 28 03:21:14 UTC 2019
auto.tcl: Setting watchdog for 200 seconds at Mon Jan 28 03:21:14 UTC 2019
2 ms. Memory: 208384K Free: 194727K (93%)
ptolemy.util.test.WatchDog.cancel(): canceling Mon Jan 28 03:21:14 UTC 2019
------------------ testing $PTII/ptolemy/domains/de/test/auto/DEFixedPointLimitation.xml
auto.tcl: Setting watchdog for 200 seconds at Mon Jan 28 03:21:14 UTC 2019
1 ms. Memory: 208384K Free: 198368K (95%)
ptolemy.util.test.WatchDog.cancel(): canceling Mon Jan 28 03:21:14 UTC 2019
auto.tcl: Setting watchdog for 200 seconds at Mon Jan 28 03:21:14 UTC 2019
1 ms. Memory: 208384K Free: 196328K (94%)
ptolemy.util.test.WatchDog.cancel(): canceling Mon Jan 28 03:21:14 UTC 2019
------------------ testing $PTII/ptolemy/domains/de/test/auto/DEScheduleTest.xml
auto.tcl: Setting watchdog for 200 seconds at Mon Jan 28 03:21:14 UTC 2019
3 ms. Memory: 208384K Free: 198404K (95%)
ptolemy.util.test.WatchDog.cancel(): canceling Mon Jan 28 03:21:14 UTC 2019
auto.tcl: Setting watchdog for 200 seconds at Mon Jan 28 03:21:14 UTC 2019
16 ms. Memory: 208384K Free: 196364K (94%)
ptolemy.util.test.WatchDog.cancel(): canceling Mon Jan 28 03:21:15 UTC 2019
------------------ testing $PTII/ptolemy/domains/de/test/auto/DEinDEwithStartTimes.xml
auto.tcl: Setting watchdog for 200 seconds at Mon Jan 28 03:21:15 UTC 2019
3 ms. Memory: 208384K Free: 196333K (94%)
ptolemy.util.test.WatchDog.cancel(): canceling Mon Jan 28 03:21:15 UTC 2019
auto.tcl: Setting watchdog for 200 seconds at Mon Jan 28 03:21:15 UTC 2019
3 ms. Memory: 208384K Free: 194294K (93%)
ptolemy.util.test.WatchDog.cancel(): canceling Mon Jan 28 03:21:15 UTC 2019
------------------ testing $PTII/ptolemy/domains/de/test/auto/DEinDEwithStartTimes2.xml
auto.tcl: Setting watchdog for 200 seconds at Mon Jan 28 03:21:15 UTC 2019
8 ms. Memory: 208384K Free: 196313K (94%)
ptolemy.util.test.WatchDog.cancel(): canceling Mon Jan 28 03:21:15 UTC 2019
auto.tcl: Setting watchdog for 200 seconds at Mon Jan 28 03:21:15 UTC 2019
2 ms. Memory: 208384K Free: 194273K (93%)
ptolemy.util.test.WatchDog.cancel(): canceling Mon Jan 28 03:21:15 UTC 2019
------------------ testing $PTII/ptolemy/domains/de/test/auto/DateDemo.xml
auto.tcl: Setting watchdog for 200 seconds at Mon Jan 28 03:21:15 UTC 2019
8 ms. Memory: 208384K Free: 188923K (91%)
ptolemy.util.test.WatchDog.cancel(): canceling Mon Jan 28 03:21:15 UTC 2019
auto.tcl: Setting watchdog for 200 seconds at Mon Jan 28 03:21:15 UTC 2019
5 ms. Memory: 208384K Free: 186884K (90%)
ptolemy.util.test.WatchDog.cancel(): canceling Mon Jan 28 03:21:15 UTC 2019
------------------ testing $PTII/ptolemy/domains/de/test/auto/DateToEvent.xml
auto.tcl: Setting watchdog for 200 seconds at Mon Jan 28 03:21:15 UTC 2019
2009 ms. Memory: 208384K Free: 183811K (88%)
ptolemy.util.test.WatchDog.cancel(): canceling Mon Jan 28 03:21:17 UTC 2019
auto.tcl: Setting watchdog for 200 seconds at Mon Jan 28 03:21:17 UTC 2019
2005 ms. Memory: 208384K Free: 183811K (88%)
ptolemy.util.test.WatchDog.cancel(): canceling Mon Jan 28 03:21:19 UTC 2019
------------------ testing $PTII/ptolemy/domains/de/test/auto/DepthTest1.xml
auto.tcl: Setting watchdog for 200 seconds at Mon Jan 28 03:21:19 UTC 2019
4 ms. Memory: 208384K Free: 197931K (95%)
ptolemy.util.test.WatchDog.cancel(): canceling Mon Jan 28 03:21:19 UTC 2019
auto.tcl: Setting watchdog for 200 seconds at Mon Jan 28 03:21:19 UTC 2019
2 ms. Memory: 208384K Free: 197931K (95%)
ptolemy.util.test.WatchDog.cancel(): canceling Mon Jan 28 03:21:19 UTC 2019
------------------ testing $PTII/ptolemy/domains/de/test/auto/DepthTest2.xml
auto.tcl: Setting watchdog for 200 seconds at Mon Jan 28 03:21:19 UTC 2019
3 ms. Memory: 208384K Free: 194805K (93%)
ptolemy.util.test.WatchDog.cancel(): canceling Mon Jan 28 03:21:19 UTC 2019
auto.tcl: Setting watchdog for 200 seconds at Mon Jan 28 03:21:19 UTC 2019
2 ms. Memory: 208384K Free: 194805K (93%)
ptolemy.util.test.WatchDog.cancel(): canceling Mon Jan 28 03:21:19 UTC 2019
------------------ testing $PTII/ptolemy/domains/de/test/auto/DepthTest3.xml
auto.tcl: Setting watchdog for 200 seconds at Mon Jan 28 03:21:19 UTC 2019
2 ms. Memory: 208384K Free: 198786K (95%)
ptolemy.util.test.WatchDog.cancel(): canceling Mon Jan 28 03:21:19 UTC 2019
auto.tcl: Setting watchdog for 200 seconds at Mon Jan 28 03:21:19 UTC 2019
4 ms. Memory: 208384K Free: 198267K (95%)
ptolemy.util.test.WatchDog.cancel(): canceling Mon Jan 28 03:21:19 UTC 2019
------------------ testing $PTII/ptolemy/domains/de/test/auto/DepthTest4.xml
auto.tcl: Setting watchdog for 200 seconds at Mon Jan 28 03:21:19 UTC 2019
5 ms. Memory: 208384K Free: 196315K (94%)
ptolemy.util.test.WatchDog.cancel(): canceling Mon Jan 28 03:21:19 UTC 2019
auto.tcl: Setting watchdog for 200 seconds at Mon Jan 28 03:21:19 UTC 2019
2 ms. Memory: 208384K Free: 196315K (94%)
ptolemy.util.test.WatchDog.cancel(): canceling Mon Jan 28 03:21:19 UTC 2019
------------------ testing $PTII/ptolemy/domains/de/test/auto/DepthTest5.xml
auto.tcl: Setting watchdog for 200 seconds at Mon Jan 28 03:21:19 UTC 2019
2 ms. Memory: 208384K Free: 196781K (94%)
ptolemy.util.test.WatchDog.cancel(): canceling Mon Jan 28 03:21:19 UTC 2019
auto.tcl: Setting watchdog for 200 seconds at Mon Jan 28 03:21:19 UTC 2019
3 ms. Memory: 208384K Free: 196781K (94%)
ptolemy.util.test.WatchDog.cancel(): canceling Mon Jan 28 03:21:19 UTC 2019
------------------ testing $PTII/ptolemy/domains/de/test/auto/DepthTest6.xml
auto.tcl: Setting watchdog for 200 seconds at Mon Jan 28 03:21:19 UTC 2019
5 ms. Memory: 208384K Free: 196237K (94%)
ptolemy.util.test.WatchDog.cancel(): canceling Mon Jan 28 03:21:19 UTC 2019
auto.tcl: Setting watchdog for 200 seconds at Mon Jan 28 03:21:19 UTC 2019
2 ms. Memory: 208384K Free: 196237K (94%)
ptolemy.util.test.WatchDog.cancel(): canceling Mon Jan 28 03:21:19 UTC 2019
------------------ testing $PTII/ptolemy/domains/de/test/auto/DepthTest7.xml
auto.tcl: Setting watchdog for 200 seconds at Mon Jan 28 03:21:19 UTC 2019
3 ms. Memory: 208384K Free: 196219K (94%)
ptolemy.util.test.WatchDog.cancel(): canceling Mon Jan 28 03:21:19 UTC 2019
auto.tcl: Setting watchdog for 200 seconds at Mon Jan 28 03:21:19 UTC 2019
2 ms. Memory: 208384K Free: 196219K (94%)
ptolemy.util.test.WatchDog.cancel(): canceling Mon Jan 28 03:21:19 UTC 2019
------------------ testing $PTII/ptolemy/domains/de/test/auto/EventToDate.xml
auto.tcl: Setting watchdog for 200 seconds at Mon Jan 28 03:21:19 UTC 2019
3009 ms. Memory: 208384K Free: 186035K (89%)
ptolemy.util.test.WatchDog.cancel(): canceling Mon Jan 28 03:21:22 UTC 2019
auto.tcl: Setting watchdog for 200 seconds at Mon Jan 28 03:21:22 UTC 2019
3005 ms. Memory: 208384K Free: 186035K (89%)
ptolemy.util.test.WatchDog.cancel(): canceling Mon Jan 28 03:21:25 UTC 2019
------------------ testing $PTII/ptolemy/domains/de/test/auto/FSM1.xml
auto.tcl: Setting watchdog for 200 seconds at Mon Jan 28 03:21:25 UTC 2019
34 ms. Memory: 208384K Free: 189392K (91%)
ptolemy.util.test.WatchDog.cancel(): canceling Mon Jan 28 03:21:26 UTC 2019
auto.tcl: Setting watchdog for 200 seconds at Mon Jan 28 03:21:26 UTC 2019
21 ms. Memory: 208384K Free: 185313K (89%)
ptolemy.util.test.WatchDog.cancel(): canceling Mon Jan 28 03:21:26 UTC 2019
------------------ testing $PTII/ptolemy/domains/de/test/auto/FSM7.xml
auto.tcl: Setting watchdog for 200 seconds at Mon Jan 28 03:21:26 UTC 2019
28 ms. Memory: 208384K Free: 189595K (91%)
ptolemy.util.test.WatchDog.cancel(): canceling Mon Jan 28 03:21:26 UTC 2019
auto.tcl: Setting watchdog for 200 seconds at Mon Jan 28 03:21:26 UTC 2019
20 ms. Memory: 208384K Free: 185515K (89%)
ptolemy.util.test.WatchDog.cancel(): canceling Mon Jan 28 03:21:26 UTC 2019
------------------ testing $PTII/ptolemy/domains/de/test/auto/Inspection.xml
auto.tcl: Setting watchdog for 200 seconds at Mon Jan 28 03:21:26 UTC 2019
27 ms. Memory: 208384K Free: 188767K (91%)
ptolemy.util.test.WatchDog.cancel(): canceling Mon Jan 28 03:21:26 UTC 2019
auto.tcl: Setting watchdog for 200 seconds at Mon Jan 28 03:21:26 UTC 2019
23 ms. Memory: 208384K Free: 186728K (90%)
ptolemy.util.test.WatchDog.cancel(): canceling Mon Jan 28 03:21:26 UTC 2019
------------------ testing $PTII/ptolemy/domains/de/test/auto/Iteration.xml
auto.tcl: Setting watchdog for 200 seconds at Mon Jan 28 03:21:26 UTC 2019
8 ms. Memory: 208384K Free: 196542K (94%)
ptolemy.util.test.WatchDog.cancel(): canceling Mon Jan 28 03:21:26 UTC 2019
auto.tcl: Setting watchdog for 200 seconds at Mon Jan 28 03:21:26 UTC 2019
6 ms. Memory: 208384K Free: 193983K (93%)
ptolemy.util.test.WatchDog.cancel(): canceling Mon Jan 28 03:21:26 UTC 2019
------------------ testing $PTII/ptolemy/domains/de/test/auto/LineFault.xml
auto.tcl: Setting watchdog for 200 seconds at Mon Jan 28 03:21:26 UTC 2019
649 ms. Memory: 208384K Free: 199739K (96%)
ptolemy.util.test.WatchDog.cancel(): canceling Mon Jan 28 03:21:27 UTC 2019
auto.tcl: Setting watchdog for 200 seconds at Mon Jan 28 03:21:27 UTC 2019
586 ms. Memory: 208384K Free: 142382K (68%)
ptolemy.util.test.WatchDog.cancel(): canceling Mon Jan 28 03:21:27 UTC 2019
------------------ testing $PTII/ptolemy/domains/de/test/auto/MergeModel1Add.xml
auto.tcl: Setting watchdog for 200 seconds at Mon Jan 28 03:21:27 UTC 2019
24 ms. Memory: 331264K Free: 300737K (91%)
ptolemy.util.test.WatchDog.cancel(): canceling Mon Jan 28 03:21:28 UTC 2019
auto.tcl: Setting watchdog for 200 seconds at Mon Jan 28 03:21:28 UTC 2019
9 ms. Memory: 331264K Free: 300737K (91%)
ptolemy.util.test.WatchDog.cancel(): canceling Mon Jan 28 03:21:28 UTC 2019
------------------ testing $PTII/ptolemy/domains/de/test/auto/MergeModel2Add.xml
auto.tcl: Setting watchdog for 200 seconds at Mon Jan 28 03:21:28 UTC 2019
16 ms. Memory: 331264K Free: 305655K (92%)
ptolemy.util.test.WatchDog.cancel(): canceling Mon Jan 28 03:21:28 UTC 2019
auto.tcl: Setting watchdog for 200 seconds at Mon Jan 28 03:21:28 UTC 2019
8 ms. Memory: 331264K Free: 302092K (91%)
ptolemy.util.test.WatchDog.cancel(): canceling Mon Jan 28 03:21:28 UTC 2019
------------------ testing $PTII/ptolemy/domains/de/test/auto/MergeModel3Add.xml
auto.tcl: Setting watchdog for 200 seconds at Mon Jan 28 03:21:28 UTC 2019
8 ms. Memory: 331264K Free: 305633K (92%)
ptolemy.util.test.WatchDog.cancel(): canceling Mon Jan 28 03:21:28 UTC 2019
auto.tcl: Setting watchdog for 200 seconds at Mon Jan 28 03:21:28 UTC 2019
7 ms. Memory: 331264K Free: 302070K (91%)
ptolemy.util.test.WatchDog.cancel(): canceling Mon Jan 28 03:21:28 UTC 2019
------------------ testing $PTII/ptolemy/domains/de/test/auto/MergeWithoutDiscard.xml
auto.tcl: Setting watchdog for 200 seconds at Mon Jan 28 03:21:28 UTC 2019
2 ms. Memory: 331264K Free: 316353K (95%)
ptolemy.util.test.WatchDog.cancel(): canceling Mon Jan 28 03:21:28 UTC 2019
auto.tcl: Setting watchdog for 200 seconds at Mon Jan 28 03:21:28 UTC 2019
1 ms. Memory: 331264K Free: 316353K (95%)
ptolemy.util.test.WatchDog.cancel(): canceling Mon Jan 28 03:21:28 UTC 2019
------------------ testing $PTII/ptolemy/domains/de/test/auto/Modal1.xml
auto.tcl: Setting watchdog for 200 seconds at Mon Jan 28 03:21:28 UTC 2019
11 ms. Memory: 331264K Free: 310629K (94%)
ptolemy.util.test.WatchDog.cancel(): canceling Mon Jan 28 03:21:28 UTC 2019
auto.tcl: Setting watchdog for 200 seconds at Mon Jan 28 03:21:28 UTC 2019
17 ms. Memory: 331264K Free: 307066K (93%)
ptolemy.util.test.WatchDog.cancel(): canceling Mon Jan 28 03:21:28 UTC 2019
------------------ testing $PTII/ptolemy/domains/de/test/auto/Modal2.xml
auto.tcl: Setting watchdog for 200 seconds at Mon Jan 28 03:21:28 UTC 2019
14 ms. Memory: 331264K Free: 310504K (94%)
ptolemy.util.test.WatchDog.cancel(): canceling Mon Jan 28 03:21:28 UTC 2019
auto.tcl: Setting watchdog for 200 seconds at Mon Jan 28 03:21:28 UTC 2019
18 ms. Memory: 331264K Free: 306940K (93%)
ptolemy.util.test.WatchDog.cancel(): canceling Mon Jan 28 03:21:28 UTC 2019
------------------ testing $PTII/ptolemy/domains/de/test/auto/Modal3.xml
auto.tcl: Setting watchdog for 200 seconds at Mon Jan 28 03:21:28 UTC 2019
15 ms. Memory: 331264K Free: 311177K (94%)
ptolemy.util.test.WatchDog.cancel(): canceling Mon Jan 28 03:21:28 UTC 2019
auto.tcl: Setting watchdog for 200 seconds at Mon Jan 28 03:21:28 UTC 2019
18 ms. Memory: 331264K Free: 306938K (93%)
ptolemy.util.test.WatchDog.cancel(): canceling Mon Jan 28 03:21:28 UTC 2019
------------------ testing $PTII/ptolemy/domains/de/test/auto/Modal4.xml
auto.tcl: Setting watchdog for 200 seconds at Mon Jan 28 03:21:28 UTC 2019
23 ms. Memory: 331264K Free: 310515K (94%)
ptolemy.util.test.WatchDog.cancel(): canceling Mon Jan 28 03:21:28 UTC 2019
auto.tcl: Setting watchdog for 200 seconds at Mon Jan 28 03:21:28 UTC 2019
21 ms. Memory: 331264K Free: 306951K (93%)
ptolemy.util.test.WatchDog.cancel(): canceling Mon Jan 28 03:21:28 UTC 2019
------------------ testing $PTII/ptolemy/domains/de/test/auto/Modal5.xml
auto.tcl: Setting watchdog for 200 seconds at Mon Jan 28 03:21:28 UTC 2019
19 ms. Memory: 331264K Free: 305586K (92%)
ptolemy.util.test.WatchDog.cancel(): canceling Mon Jan 28 03:21:28 UTC 2019
auto.tcl: Setting watchdog for 200 seconds at Mon Jan 28 03:21:28 UTC 2019
13 ms. Memory: 331264K Free: 302022K (91%)
ptolemy.util.test.WatchDog.cancel(): canceling Mon Jan 28 03:21:28 UTC 2019
------------------ testing $PTII/ptolemy/domains/de/test/auto/Modal6.xml
auto.tcl: Setting watchdog for 200 seconds at Mon Jan 28 03:21:29 UTC 2019
11 ms. Memory: 331264K Free: 310499K (94%)
ptolemy.util.test.WatchDog.cancel(): canceling Mon Jan 28 03:21:29 UTC 2019
auto.tcl: Setting watchdog for 200 seconds at Mon Jan 28 03:21:29 UTC 2019
15 ms. Memory: 331264K Free: 306935K (93%)
ptolemy.util.test.WatchDog.cancel(): canceling Mon Jan 28 03:21:29 UTC 2019
------------------ testing $PTII/ptolemy/domains/de/test/auto/Modal7.xml
auto.tcl: Setting watchdog for 200 seconds at Mon Jan 28 03:21:29 UTC 2019
16 ms. Memory: 331264K Free: 306936K (93%)
ptolemy.util.test.WatchDog.cancel(): canceling Mon Jan 28 03:21:29 UTC 2019
auto.tcl: Setting watchdog for 200 seconds at Mon Jan 28 03:21:29 UTC 2019
12 ms. Memory: 331264K Free: 303372K (92%)
ptolemy.util.test.WatchDog.cancel(): canceling Mon Jan 28 03:21:29 UTC 2019
------------------ testing $PTII/ptolemy/domains/de/test/auto/ModalModel.xml
auto.tcl: Setting watchdog for 200 seconds at Mon Jan 28 03:21:29 UTC 2019
194 ms. Memory: 331264K Free: 248167K (75%)
ptolemy.util.test.WatchDog.cancel(): canceling Mon Jan 28 03:21:29 UTC 2019
auto.tcl: Setting watchdog for 200 seconds at Mon Jan 28 03:21:29 UTC 2019
183 ms. Memory: 331264K Free: 191148K (58%)
ptolemy.util.test.WatchDog.cancel(): canceling Mon Jan 28 03:21:29 UTC 2019
------------------ testing $PTII/ptolemy/domains/de/test/auto/ModalSource.xml
auto.tcl: Setting watchdog for 200 seconds at Mon Jan 28 03:21:29 UTC 2019
6 ms. Memory: 331264K Free: 316772K (96%)
ptolemy.util.test.WatchDog.cancel(): canceling Mon Jan 28 03:21:29 UTC 2019
auto.tcl: Setting watchdog for 200 seconds at Mon Jan 28 03:21:29 UTC 2019
6 ms. Memory: 331264K Free: 313507K (95%)
ptolemy.util.test.WatchDog.cancel(): canceling Mon Jan 28 03:21:29 UTC 2019
------------------ testing $PTII/ptolemy/domains/de/test/auto/NonInterruptibleTimerZeroDelay.xml
auto.tcl: Setting watchdog for 200 seconds at Mon Jan 28 03:21:29 UTC 2019
3 ms. Memory: 331264K Free: 321128K (97%)
ptolemy.util.test.WatchDog.cancel(): canceling Mon Jan 28 03:21:29 UTC 2019
auto.tcl: Setting watchdog for 200 seconds at Mon Jan 28 03:21:29 UTC 2019
3 ms. Memory: 331264K Free: 317863K (96%)
ptolemy.util.test.WatchDog.cancel(): canceling Mon Jan 28 03:21:29 UTC 2019
------------------ testing $PTII/ptolemy/domains/de/test/auto/OpenQueueingNetwork.xml
auto.tcl: Setting watchdog for 200 seconds at Mon Jan 28 03:21:29 UTC 2019
2986 ms. Memory: 307712K Free: 122036K (40%)
ptolemy.util.test.WatchDog.cancel(): canceling Mon Jan 28 03:21:32 UTC 2019
auto.tcl: Setting watchdog for 200 seconds at Mon Jan 28 03:21:32 UTC 2019
2494 ms. Memory: 278528K Free: 158300K (57%)
ptolemy.util.test.WatchDog.cancel(): canceling Mon Jan 28 03:21:35 UTC 2019
------------------ testing $PTII/ptolemy/domains/de/test/auto/OpenQueuingNetwork.xml
auto.tcl: Setting watchdog for 200 seconds at Mon Jan 28 03:21:35 UTC 2019
256 ms. Memory: 278528K Free: 179947K (65%)
ptolemy.util.test.WatchDog.cancel(): canceling Mon Jan 28 03:21:35 UTC 2019
auto.tcl: Setting watchdog for 200 seconds at Mon Jan 28 03:21:35 UTC 2019
246 ms. Memory: 278528K Free: 115069K (41%)
ptolemy.util.test.WatchDog.cancel(): canceling Mon Jan 28 03:21:36 UTC 2019
------------------ testing $PTII/ptolemy/domains/de/test/auto/PeriodicSampler.xml
auto.tcl: Setting watchdog for 200 seconds at Mon Jan 28 03:21:36 UTC 2019
2 ms. Memory: 281088K Free: 269222K (96%)
ptolemy.util.test.WatchDog.cancel(): canceling Mon Jan 28 03:21:36 UTC 2019
auto.tcl: Setting watchdog for 200 seconds at Mon Jan 28 03:21:36 UTC 2019
1 ms. Memory: 281088K Free: 266317K (95%)
ptolemy.util.test.WatchDog.cancel(): canceling Mon Jan 28 03:21:36 UTC 2019
------------------ testing $PTII/ptolemy/domains/de/test/auto/PersistentIO.xml
auto.tcl: Setting watchdog for 200 seconds at Mon Jan 28 03:21:36 UTC 2019
4 ms. Memory: 278528K Free: 261450K (94%)
ptolemy.util.test.WatchDog.cancel(): canceling Mon Jan 28 03:21:36 UTC 2019
auto.tcl: Setting watchdog for 200 seconds at Mon Jan 28 03:21:36 UTC 2019
3 ms. Memory: 278528K Free: 258546K (93%)
ptolemy.util.test.WatchDog.cancel(): canceling Mon Jan 28 03:21:36 UTC 2019
------------------ testing $PTII/ptolemy/domains/de/test/auto/PortParameterResetOnInitialize.xml
auto.tcl: Setting watchdog for 200 seconds at Mon Jan 28 03:21:36 UTC 2019
2 ms. Memory: 280576K Free: 266267K (95%)
ptolemy.util.test.WatchDog.cancel(): canceling Mon Jan 28 03:21:36 UTC 2019
auto.tcl: Setting watchdog for 200 seconds at Mon Jan 28 03:21:36 UTC 2019
2 ms. Memory: 280576K Free: 266267K (95%)
ptolemy.util.test.WatchDog.cancel(): canceling Mon Jan 28 03:21:36 UTC 2019
------------------ testing $PTII/ptolemy/domains/de/test/auto/PortParameterUpdates.xml
auto.tcl: Setting watchdog for 200 seconds at Mon Jan 28 03:21:36 UTC 2019
4 ms. Memory: 278528K Free: 264203K (95%)
ptolemy.util.test.WatchDog.cancel(): canceling Mon Jan 28 03:21:36 UTC 2019
auto.tcl: Setting watchdog for 200 seconds at Mon Jan 28 03:21:36 UTC 2019
4 ms. Memory: 278528K Free: 261299K (94%)
ptolemy.util.test.WatchDog.cancel(): canceling Mon Jan 28 03:21:36 UTC 2019
------------------ testing $PTII/ptolemy/domains/de/test/auto/QueueAndServer.xml
auto.tcl: Setting watchdog for 200 seconds at Mon Jan 28 03:21:36 UTC 2019
7 ms. Memory: 280576K Free: 263311K (94%)
ptolemy.util.test.WatchDog.cancel(): canceling Mon Jan 28 03:21:36 UTC 2019
auto.tcl: Setting watchdog for 200 seconds at Mon Jan 28 03:21:36 UTC 2019
6 ms. Memory: 280576K Free: 263311K (94%)
ptolemy.util.test.WatchDog.cancel(): canceling Mon Jan 28 03:21:36 UTC 2019
------------------ testing $PTII/ptolemy/domains/de/test/auto/Records.xml
auto.tcl: Setting watchdog for 200 seconds at Mon Jan 28 03:21:36 UTC 2019
11 ms. Memory: 278528K Free: 266081K (96%)
ptolemy.util.test.WatchDog.cancel(): canceling Mon Jan 28 03:21:36 UTC 2019
auto.tcl: Setting watchdog for 200 seconds at Mon Jan 28 03:21:36 UTC 2019
1 ms. Memory: 278528K Free: 266081K (96%)
ptolemy.util.test.WatchDog.cancel(): canceling Mon Jan 28 03:21:36 UTC 2019
------------------ testing $PTII/ptolemy/domains/de/test/auto/ResetTransitionWithStartTime1.xml
auto.tcl: Setting watchdog for 200 seconds at Mon Jan 28 03:21:36 UTC 2019
16 ms. Memory: 280064K Free: 262915K (94%)
ptolemy.util.test.WatchDog.cancel(): canceling Mon Jan 28 03:21:36 UTC 2019
auto.tcl: Setting watchdog for 200 seconds at Mon Jan 28 03:21:36 UTC 2019
5 ms. Memory: 280064K Free: 262915K (94%)
ptolemy.util.test.WatchDog.cancel(): canceling Mon Jan 28 03:21:36 UTC 2019
------------------ testing $PTII/ptolemy/domains/de/test/auto/ResetTransitionWithStartTime2.xml
auto.tcl: Setting watchdog for 200 seconds at Mon Jan 28 03:21:36 UTC 2019
6 ms. Memory: 278528K Free: 261222K (94%)
ptolemy.util.test.WatchDog.cancel(): canceling Mon Jan 28 03:21:36 UTC 2019
auto.tcl: Setting watchdog for 200 seconds at Mon Jan 28 03:21:36 UTC 2019
5 ms. Memory: 278528K Free: 261222K (94%)
ptolemy.util.test.WatchDog.cancel(): canceling Mon Jan 28 03:21:36 UTC 2019
------------------ testing $PTII/ptolemy/domains/de/test/auto/ResetTransitionWithStartTime3.xml
auto.tcl: Setting watchdog for 200 seconds at Mon Jan 28 03:21:36 UTC 2019
4 ms. Memory: 280064K Free: 262757K (94%)
ptolemy.util.test.WatchDog.cancel(): canceling Mon Jan 28 03:21:36 UTC 2019
auto.tcl: Setting watchdog for 200 seconds at Mon Jan 28 03:21:36 UTC 2019
6 ms. Memory: 280064K Free: 262757K (94%)
ptolemy.util.test.WatchDog.cancel(): canceling Mon Jan 28 03:21:36 UTC 2019
------------------ testing $PTII/ptolemy/domains/de/test/auto/ResetTransitionWithStartTime4.xml
auto.tcl: Setting watchdog for 200 seconds at Mon Jan 28 03:21:36 UTC 2019
4 ms. Memory: 278528K Free: 263190K (94%)
ptolemy.util.test.WatchDog.cancel(): canceling Mon Jan 28 03:21:36 UTC 2019
auto.tcl: Setting watchdog for 200 seconds at Mon Jan 28 03:21:36 UTC 2019
4 ms. Memory: 278528K Free: 263190K (94%)
ptolemy.util.test.WatchDog.cancel(): canceling Mon Jan 28 03:21:36 UTC 2019
------------------ testing $PTII/ptolemy/domains/de/test/auto/ResettableTimer1.xml
auto.tcl: Setting watchdog for 200 seconds at Mon Jan 28 03:21:36 UTC 2019
2 ms. Memory: 280064K Free: 267626K (96%)
ptolemy.util.test.WatchDog.cancel(): canceling Mon Jan 28 03:21:36 UTC 2019
auto.tcl: Setting watchdog for 200 seconds at Mon Jan 28 03:21:36 UTC 2019
2 ms. Memory: 280064K Free: 267626K (96%)
ptolemy.util.test.WatchDog.cancel(): canceling Mon Jan 28 03:21:36 UTC 2019
------------------ testing $PTII/ptolemy/domains/de/test/auto/ResettableTimer2.xml
auto.tcl: Setting watchdog for 200 seconds at Mon Jan 28 03:21:36 UTC 2019
2 ms. Memory: 278528K Free: 266296K (96%)
ptolemy.util.test.WatchDog.cancel(): canceling Mon Jan 28 03:21:36 UTC 2019
auto.tcl: Setting watchdog for 200 seconds at Mon Jan 28 03:21:36 UTC 2019
3 ms. Memory: 278528K Free: 266296K (96%)
ptolemy.util.test.WatchDog.cancel(): canceling Mon Jan 28 03:21:36 UTC 2019
------------------ testing $PTII/ptolemy/domains/de/test/auto/ResettableTimer3.xml
auto.tcl: Setting watchdog for 200 seconds at Mon Jan 28 03:21:36 UTC 2019
1 ms. Memory: 279552K Free: 267171K (96%)
ptolemy.util.test.WatchDog.cancel(): canceling Mon Jan 28 03:21:36 UTC 2019
auto.tcl: Setting watchdog for 200 seconds at Mon Jan 28 03:21:36 UTC 2019
1 ms. Memory: 279552K Free: 267171K (96%)
ptolemy.util.test.WatchDog.cancel(): canceling Mon Jan 28 03:21:36 UTC 2019
------------------ testing $PTII/ptolemy/domains/de/test/auto/ResettableTimer4.xml
auto.tcl: Setting watchdog for 200 seconds at Mon Jan 28 03:21:36 UTC 2019
1 ms. Memory: 278528K Free: 266309K (96%)
ptolemy.util.test.WatchDog.cancel(): canceling Mon Jan 28 03:21:36 UTC 2019
auto.tcl: Setting watchdog for 200 seconds at Mon Jan 28 03:21:36 UTC 2019
1 ms. Memory: 278528K Free: 266309K (96%)
ptolemy.util.test.WatchDog.cancel(): canceling Mon Jan 28 03:21:36 UTC 2019
------------------ testing $PTII/ptolemy/domains/de/test/auto/ResettableTimer5.xml
auto.tcl: Setting watchdog for 200 seconds at Mon Jan 28 03:21:37 UTC 2019
1 ms. Memory: 279552K Free: 265360K (95%)
ptolemy.util.test.WatchDog.cancel(): canceling Mon Jan 28 03:21:37 UTC 2019
auto.tcl: Setting watchdog for 200 seconds at Mon Jan 28 03:21:37 UTC 2019
1 ms. Memory: 279552K Free: 265360K (95%)
ptolemy.util.test.WatchDog.cancel(): canceling Mon Jan 28 03:21:37 UTC 2019
------------------ testing $PTII/ptolemy/domains/de/test/auto/ResettableTimer6.xml
auto.tcl: Setting watchdog for 200 seconds at Mon Jan 28 03:21:37 UTC 2019
2 ms. Memory: 278528K Free: 264136K (95%)
ptolemy.util.test.WatchDog.cancel(): canceling Mon Jan 28 03:21:37 UTC 2019
auto.tcl: Setting watchdog for 200 seconds at Mon Jan 28 03:21:37 UTC 2019
2 ms. Memory: 278528K Free: 264136K (95%)
ptolemy.util.test.WatchDog.cancel(): canceling Mon Jan 28 03:21:37 UTC 2019
------------------ testing $PTII/ptolemy/domains/de/test/auto/ServerZeroDelay.xml
auto.tcl: Setting watchdog for 200 seconds at Mon Jan 28 03:21:37 UTC 2019
3 ms. Memory: 279552K Free: 267271K (96%)
ptolemy.util.test.WatchDog.cancel(): canceling Mon Jan 28 03:21:37 UTC 2019
auto.tcl: Setting watchdog for 200 seconds at Mon Jan 28 03:21:37 UTC 2019
2 ms. Memory: 279552K Free: 267271K (96%)
ptolemy.util.test.WatchDog.cancel(): canceling Mon Jan 28 03:21:37 UTC 2019
------------------ testing $PTII/ptolemy/domains/de/test/auto/SmartSender.xml
auto.tcl: Setting watchdog for 200 seconds at Mon Jan 28 03:21:37 UTC 2019
3001 ms. Memory: 278528K Free: 264271K (95%)
ptolemy.util.test.WatchDog.cancel(): canceling Mon Jan 28 03:21:40 UTC 2019
auto.tcl: Setting watchdog for 200 seconds at Mon Jan 28 03:21:40 UTC 2019
3004 ms. Memory: 278528K Free: 264271K (95%)
ptolemy.util.test.WatchDog.cancel(): canceling Mon Jan 28 03:21:43 UTC 2019
------------------ testing $PTII/ptolemy/domains/de/test/auto/ThreadedComposite.xml
auto.tcl: Setting watchdog for 200 seconds at Mon Jan 28 03:21:43 UTC 2019
194 ms. Memory: 279552K Free: 240644K (86%)
ptolemy.util.test.WatchDog.cancel(): canceling Mon Jan 28 03:21:43 UTC 2019
auto.tcl: Setting watchdog for 200 seconds at Mon Jan 28 03:21:43 UTC 2019
196 ms. Memory: 279552K Free: 223008K (80%)
ptolemy.util.test.WatchDog.cancel(): canceling Mon Jan 28 03:21:43 UTC 2019
------------------ testing $PTII/ptolemy/domains/de/test/auto/Time.xml
auto.tcl: Setting watchdog for 200 seconds at Mon Jan 28 03:21:43 UTC 2019
530 ms. Memory: 278528K Free: 204694K (73%)
ptolemy.util.test.WatchDog.cancel(): canceling Mon Jan 28 03:21:44 UTC 2019
auto.tcl: Setting watchdog for 200 seconds at Mon Jan 28 03:21:44 UTC 2019
469 ms. Memory: 278528K Free: 146601K (53%)
ptolemy.util.test.WatchDog.cancel(): canceling Mon Jan 28 03:21:44 UTC 2019
------------------ testing $PTII/ptolemy/domains/de/test/auto/TimeDelayZeroDelay.xml
auto.tcl: Setting watchdog for 200 seconds at Mon Jan 28 03:21:44 UTC 2019
2 ms. Memory: 279040K Free: 267271K (96%)
ptolemy.util.test.WatchDog.cancel(): canceling Mon Jan 28 03:21:44 UTC 2019
auto.tcl: Setting watchdog for 200 seconds at Mon Jan 28 03:21:44 UTC 2019
2 ms. Memory: 279040K Free: 267271K (96%)
ptolemy.util.test.WatchDog.cancel(): canceling Mon Jan 28 03:21:44 UTC 2019
------------------ testing $PTII/ptolemy/domains/de/test/auto/TimerZeroDelay.xml
auto.tcl: Setting watchdog for 200 seconds at Mon Jan 28 03:21:44 UTC 2019
3 ms. Memory: 278528K Free: 266899K (96%)
ptolemy.util.test.WatchDog.cancel(): canceling Mon Jan 28 03:21:44 UTC 2019
auto.tcl: Setting watchdog for 200 seconds at Mon Jan 28 03:21:44 UTC 2019
2 ms. Memory: 278528K Free: 266899K (96%)
ptolemy.util.test.WatchDog.cancel(): canceling Mon Jan 28 03:21:44 UTC 2019
------------------ testing $PTII/ptolemy/domains/de/test/auto/TimingParadox.xml
auto.tcl: Setting watchdog for 200 seconds at Mon Jan 28 03:21:44 UTC 2019
347 ms. Memory: 279040K Free: 199172K (71%)
ptolemy.util.test.WatchDog.cancel(): canceling Mon Jan 28 03:21:45 UTC 2019
auto.tcl: Setting watchdog for 200 seconds at Mon Jan 28 03:21:45 UTC 2019
315 ms. Memory: 279040K Free: 160920K (58%)
ptolemy.util.test.WatchDog.cancel(): canceling Mon Jan 28 03:21:45 UTC 2019
------------------ testing $PTII/ptolemy/domains/de/test/auto/TransferInputs.xml
auto.tcl: Setting watchdog for 200 seconds at Mon Jan 28 03:21:45 UTC 2019
1 ms. Memory: 279040K Free: 266421K (95%)
ptolemy.util.test.WatchDog.cancel(): canceling Mon Jan 28 03:21:45 UTC 2019
auto.tcl: Setting watchdog for 200 seconds at Mon Jan 28 03:21:45 UTC 2019
2 ms. Memory: 279040K Free: 266421K (95%)
ptolemy.util.test.WatchDog.cancel(): canceling Mon Jan 28 03:21:45 UTC 2019
------------------ testing $PTII/ptolemy/domains/de/test/auto/TransferOutputs2.xml
auto.tcl: Setting watchdog for 200 seconds at Mon Jan 28 03:21:45 UTC 2019
2 ms. Memory: 278528K Free: 264485K (95%)
ptolemy.util.test.WatchDog.cancel(): canceling Mon Jan 28 03:21:45 UTC 2019
auto.tcl: Setting watchdog for 200 seconds at Mon Jan 28 03:21:45 UTC 2019
3 ms. Memory: 278528K Free: 261944K (94%)
ptolemy.util.test.WatchDog.cancel(): canceling Mon Jan 28 03:21:45 UTC 2019
------------------ testing $PTII/ptolemy/domains/de/test/auto/Trilateration.xml
auto.tcl: Setting watchdog for 200 seconds at Mon Jan 28 03:21:45 UTC 2019
14317 ms. Memory: 846848K Free: 660024K (78%)
ptolemy.util.test.WatchDog.cancel(): canceling Mon Jan 28 03:22:01 UTC 2019
auto.tcl: Setting watchdog for 200 seconds at Mon Jan 28 03:22:01 UTC 2019
11175 ms. Memory: 742912K Free: 160859K (22%)
ptolemy.util.test.WatchDog.cancel(): canceling Mon Jan 28 03:22:12 UTC 2019
------------------ testing $PTII/ptolemy/domains/de/test/auto/TwoSigmaDelta.xml
auto.tcl: Setting watchdog for 200 seconds at Mon Jan 28 03:22:12 UTC 2019
2612 ms. Memory: 746496K Free: 427415K (57%)
ptolemy.util.test.WatchDog.cancel(): canceling Mon Jan 28 03:22:15 UTC 2019
auto.tcl: Setting watchdog for 200 seconds at Mon Jan 28 03:22:15 UTC 2019
2178 ms. Memory: 746496K Free: 193024K (26%)
ptolemy.util.test.WatchDog.cancel(): canceling Mon Jan 28 03:22:17 UTC 2019
------------------ testing $PTII/ptolemy/domains/de/test/auto/VariableDelay.xml
auto.tcl: Setting watchdog for 200 seconds at Mon Jan 28 03:22:17 UTC 2019
2 ms. Memory: 743424K Free: 721618K (97%)
ptolemy.util.test.WatchDog.cancel(): canceling Mon Jan 28 03:22:17 UTC 2019
auto.tcl: Setting watchdog for 200 seconds at Mon Jan 28 03:22:17 UTC 2019
1 ms. Memory: 743424K Free: 721618K (97%)
ptolemy.util.test.WatchDog.cancel(): canceling Mon Jan 28 03:22:17 UTC 2019
------------------ testing $PTII/ptolemy/domains/de/test/auto/VariableDelay2.xml
auto.tcl: Setting watchdog for 200 seconds at Mon Jan 28 03:22:17 UTC 2019
2 ms. Memory: 742912K Free: 721536K (97%)
ptolemy.util.test.WatchDog.cancel(): canceling Mon Jan 28 03:22:17 UTC 2019
auto.tcl: Setting watchdog for 200 seconds at Mon Jan 28 03:22:17 UTC 2019
1 ms. Memory: 742912K Free: 721536K (97%)
ptolemy.util.test.WatchDog.cancel(): canceling Mon Jan 28 03:22:17 UTC 2019
------------------ testing $PTII/ptolemy/domains/de/test/auto/VariableDelayZeroDelay.xml
auto.tcl: Setting watchdog for 200 seconds at Mon Jan 28 03:22:17 UTC 2019
2 ms. Memory: 742912K Free: 714919K (96%)
ptolemy.util.test.WatchDog.cancel(): canceling Mon Jan 28 03:22:17 UTC 2019
auto.tcl: Setting watchdog for 200 seconds at Mon Jan 28 03:22:17 UTC 2019
2 ms. Memory: 742912K Free: 714919K (96%)
ptolemy.util.test.WatchDog.cancel(): canceling Mon Jan 28 03:22:17 UTC 2019
------------------ testing $PTII/ptolemy/domains/de/test/auto/VariableDelayZeroDelay2.xml
auto.tcl: Setting watchdog for 200 seconds at Mon Jan 28 03:22:17 UTC 2019
2 ms. Memory: 745472K Free: 717477K (96%)
ptolemy.util.test.WatchDog.cancel(): canceling Mon Jan 28 03:22:17 UTC 2019
auto.tcl: Setting watchdog for 200 seconds at Mon Jan 28 03:22:17 UTC 2019
4 ms. Memory: 745472K Free: 717477K (96%)
ptolemy.util.test.WatchDog.cancel(): canceling Mon Jan 28 03:22:17 UTC 2019
------------------ testing $PTII/ptolemy/domains/de/test/auto/deInCt.xml
auto.tcl: Setting watchdog for 200 seconds at Mon Jan 28 03:22:17 UTC 2019
0
1
1
1
0
0
0
1
1
0
0
0
1
1
1
0
0
0
1
1
1
1
0
0
0
1
1
1
0
0
0
1
1
1
1
1
1
0
0
0
1
1
1
0
0
0
0
21 ms. Memory: 742912K Free: 714898K (96%)
ptolemy.util.test.WatchDog.cancel(): canceling Mon Jan 28 03:22:17 UTC 2019
auto.tcl: Setting watchdog for 200 seconds at Mon Jan 28 03:22:17 UTC 2019
0
1
1
1
1
0
0
0
1
1
1
0
0
0
1
1
1
0
0
0
1
1
0
0
0
0
0
1
1
0
0
0
0
1
1
1
0
0
0
1
1
1
1
10 ms. Memory: 742912K Free: 714898K (96%)
ptolemy.util.test.WatchDog.cancel(): canceling Mon Jan 28 03:22:17 UTC 2019
------------------ testing $PTII/ptolemy/domains/de/test/auto/deInCt2.xml
auto.tcl: Setting watchdog for 200 seconds at Mon Jan 28 03:22:17 UTC 2019
0
1
1
1
0
0
1
1
1
0
0
1
1
1
0
0
1
1
1
0
0
1
1
1
0
0
1
1
1
0
0
1
1
1
0
0
1
1
1
0
0
0
5 ms. Memory: 745472K Free: 717458K (96%)
ptolemy.util.test.WatchDog.cancel(): canceling Mon Jan 28 03:22:17 UTC 2019
auto.tcl: Setting watchdog for 200 seconds at Mon Jan 28 03:22:17 UTC 2019
0
1
1
1
0
0
1
1
1
0
0
1
1
1
0
0
1
1
1
0
0
1
1
1
0
0
1
1
1
0
0
1
1
1
0
0
1
1
1
0
0
0
4 ms. Memory: 745472K Free: 717458K (96%)
ptolemy.util.test.WatchDog.cancel(): canceling Mon Jan 28 03:22:17 UTC 2019
------------------ testing $PTII/ptolemy/domains/de/test/auto/dynamicCausalityInterface1.xml
auto.tcl: Setting watchdog for 200 seconds at Mon Jan 28 03:22:17 UTC 2019
1 ms. Memory: 742912K Free: 721524K (97%)
ptolemy.util.test.WatchDog.cancel(): canceling Mon Jan 28 03:22:17 UTC 2019
auto.tcl: Setting watchdog for 200 seconds at Mon Jan 28 03:22:17 UTC 2019
1 ms. Memory: 742912K Free: 721524K (97%)
ptolemy.util.test.WatchDog.cancel(): canceling Mon Jan 28 03:22:17 UTC 2019
------------------ testing $PTII/ptolemy/domains/de/test/auto/fsm_de_test.xml
auto.tcl: Setting watchdog for 200 seconds at Mon Jan 28 03:22:17 UTC 2019
6 ms. Memory: 744960K Free: 716852K (96%)
ptolemy.util.test.WatchDog.cancel(): canceling Mon Jan 28 03:22:17 UTC 2019
auto.tcl: Setting watchdog for 200 seconds at Mon Jan 28 03:22:17 UTC 2019
5 ms. Memory: 744960K Free: 716852K (96%)
ptolemy.util.test.WatchDog.cancel(): canceling Mon Jan 28 03:22:17 UTC 2019
------------------ testing $PTII/ptolemy/domains/de/test/auto/functionDependencyReconstruction.xml
auto.tcl: Setting watchdog for 200 seconds at Mon Jan 28 03:22:17 UTC 2019
2 ms. Memory: 742912K Free: 704632K (95%)
ptolemy.util.test.WatchDog.cancel(): canceling Mon Jan 28 03:22:17 UTC 2019
auto.tcl: Setting watchdog for 200 seconds at Mon Jan 28 03:22:17 UTC 2019
3 ms. Memory: 742912K Free: 704632K (95%)
ptolemy.util.test.WatchDog.cancel(): canceling Mon Jan 28 03:22:17 UTC 2019
------------------ testing $PTII/ptolemy/domains/de/test/auto/multirate.xml
auto.tcl: Setting watchdog for 200 seconds at Mon Jan 28 03:22:18 UTC 2019
3 ms. Memory: 744960K Free: 723318K (97%)
ptolemy.util.test.WatchDog.cancel(): canceling Mon Jan 28 03:22:18 UTC 2019
auto.tcl: Setting watchdog for 200 seconds at Mon Jan 28 03:22:18 UTC 2019
2 ms. Memory: 744960K Free: 723318K (97%)
ptolemy.util.test.WatchDog.cancel(): canceling Mon Jan 28 03:22:18 UTC 2019
------------------ testing $PTII/ptolemy/domains/de/test/auto/multirate2.xml
auto.tcl: Setting watchdog for 200 seconds at Mon Jan 28 03:22:18 UTC 2019
2 ms. Memory: 742912K Free: 721473K (97%)
ptolemy.util.test.WatchDog.cancel(): canceling Mon Jan 28 03:22:18 UTC 2019
auto.tcl: Setting watchdog for 200 seconds at Mon Jan 28 03:22:18 UTC 2019
2 ms. Memory: 742912K Free: 721473K (97%)
ptolemy.util.test.WatchDog.cancel(): canceling Mon Jan 28 03:22:18 UTC 2019
------------------ testing $PTII/ptolemy/domains/de/test/auto/realtime.xml
auto.tcl: Setting watchdog for 200 seconds at Mon Jan 28 03:22:18 UTC 2019
10002 ms. Memory: 744448K Free: 716376K (96%)
ptolemy.util.test.WatchDog.cancel(): canceling Mon Jan 28 03:22:28 UTC 2019
auto.tcl: Setting watchdog for 200 seconds at Mon Jan 28 03:22:28 UTC 2019
10002 ms. Memory: 744448K Free: 716376K (96%)
ptolemy.util.test.WatchDog.cancel(): canceling Mon Jan 28 03:22:38 UTC 2019
------------------ testing $PTII/ptolemy/domains/de/test/auto/relationGroup.xml
auto.tcl: Setting watchdog for 200 seconds at Mon Jan 28 03:22:38 UTC 2019
3 ms. Memory: 742912K Free: 721496K (97%)
ptolemy.util.test.WatchDog.cancel(): canceling Mon Jan 28 03:22:38 UTC 2019
auto.tcl: Setting watchdog for 200 seconds at Mon Jan 28 03:22:38 UTC 2019
1 ms. Memory: 742912K Free: 721496K (97%)
ptolemy.util.test.WatchDog.cancel(): canceling Mon Jan 28 03:22:38 UTC 2019
------------------ testing $PTII/ptolemy/domains/de/test/auto/relationGroup2.xml
auto.tcl: Setting watchdog for 200 seconds at Mon Jan 28 03:22:38 UTC 2019
2 ms. Memory: 744448K Free: 716441K (96%)
ptolemy.util.test.WatchDog.cancel(): canceling Mon Jan 28 03:22:38 UTC 2019
auto.tcl: Setting watchdog for 200 seconds at Mon Jan 28 03:22:38 UTC 2019
1 ms. Memory: 744448K Free: 716441K (96%)
ptolemy.util.test.WatchDog.cancel(): canceling Mon Jan 28 03:22:38 UTC 2019
------------------ testing $PTII/ptolemy/domains/de/test/auto/sortWithOpaquePorts.xml
auto.tcl: Setting watchdog for 200 seconds at Mon Jan 28 03:22:38 UTC 2019
1 ms. Memory: 742912K Free: 714906K (96%)
ptolemy.util.test.WatchDog.cancel(): canceling Mon Jan 28 03:22:38 UTC 2019
auto.tcl: Setting watchdog for 200 seconds at Mon Jan 28 03:22:38 UTC 2019
1 ms. Memory: 742912K Free: 714906K (96%)
ptolemy.util.test.WatchDog.cancel(): canceling Mon Jan 28 03:22:38 UTC 2019
------------------ testing $PTII/ptolemy/domains/de/test/auto/transferInputsandOutputs.xml
auto.tcl: Setting watchdog for 200 seconds at Mon Jan 28 03:22:38 UTC 2019
1 ms. Memory: 743936K Free: 715917K (96%)
ptolemy.util.test.WatchDog.cancel(): canceling Mon Jan 28 03:22:38 UTC 2019
auto.tcl: Setting watchdog for 200 seconds at Mon Jan 28 03:22:38 UTC 2019
1 ms. Memory: 743936K Free: 715917K (96%)
ptolemy.util.test.WatchDog.cancel(): canceling Mon Jan 28 03:22:38 UTC 2019
------------------ testing $PTII/ptolemy/domains/de/test/auto/triggerType.xml
auto.tcl: Setting watchdog for 200 seconds at Mon Jan 28 03:22:38 UTC 2019
1 ms. Memory: 742912K Free: 714843K (96%)
ptolemy.util.test.WatchDog.cancel(): canceling Mon Jan 28 03:22:38 UTC 2019
auto.tcl: Setting watchdog for 200 seconds at Mon Jan 28 03:22:38 UTC 2019
1 ms. Memory: 742912K Free: 714843K (96%)
ptolemy.util.test.WatchDog.cancel(): canceling Mon Jan 28 03:22:38 UTC 2019
01/28/19 03:22:38
Failed: 0  Total Tests: 192  ((Passed: 187, Newly Passed: 1)  Known Failed: 5) /home/travis/build/icyphy/ptII/ptolemy/domains/de/test
01/28/19 03:22:38
Failed: 0  Total Tests: 192  ((Passed: 187, Newly Passed: 1)  Known Failed: 5) /home/travis/build/icyphy/ptII/ptolemy/domains/de/test
----------------- testing (KnownFailure) /home/travis/build/icyphy/ptII/ptolemy/domains/de/test/auto/knownFailedTests/DESDFClockTest.xml
2007 ms. Memory: 743936K Free: 702690K (94%)
Known Failure: java.lang.reflect.InvocationTargetException
----------------- testing (KnownFailure) /home/travis/build/icyphy/ptII/ptolemy/domains/de/test/auto/knownFailedTests/DirectFeedback.xml
1 ms. Memory: 743936K Free: 649754K (87%)
Known Failure: java.lang.reflect.InvocationTargetException
----------------- testing (KnownFailure) /home/travis/build/icyphy/ptII/ptolemy/domains/de/test/auto/knownFailedTests/FSMSource.xml
8 ms. Memory: 743936K Free: 596833K (80%)
----------------- testing (KnownFailure) /home/travis/build/icyphy/ptII/ptolemy/domains/de/test/auto/knownFailedTests/HierarchicalModel.xml
2 ms. Memory: 743936K Free: 557127K (75%)
Known Failure: java.lang.reflect.InvocationTargetException
----------------- testing (KnownFailure) /home/travis/build/icyphy/ptII/ptolemy/domains/de/test/auto/knownFailedTests/dependencyLoop.xml
1 ms. Memory: 743936K Free: 490960K (66%)
Known Failure: java.lang.reflect.InvocationTargetException
----------------- testing (KnownFailure) /home/travis/build/icyphy/ptII/ptolemy/domains/de/test/auto/knownFailedTests/dependencyLoop2.xml
4 ms. Memory: 743936K Free: 424794K (57%)
Known Failure: java.lang.reflect.InvocationTargetException
No auto/linux-amd64/*.xml tests in /home/travis/build/icyphy/ptII/ptolemy/domains/de/test
AutoTests.java: About to close Vertx.
AutoTests.java: Vertx closed.

===========================================================================================
----------------- testing Mon Jan 28 03:22:40 UTC 2019 /home/travis/build/icyphy/ptII/ptolemy/domains/de/test/auto/ActorDepthCalculation_actorWithoutPorts.xml
----------------- Instantiating /home/travis/build/icyphy/ptII/ptolemy/domains/de/test/auto/ActorDepthCalculation_actorWithoutPorts.xml
1 ms. Memory: 743936K Free: 358643K (48%)
----------------- Invoking toplevel() on ptolemy.moml.MoMLSimpleApplication@769942c5
----------------- Done invoking toplevel() on ptolemy.moml.MoMLSimpleApplication@769942c5
reloadAllAccessors: .ActorDepthCalculation_actorWithoutPorts

===========================================================================================
----------------- testing Mon Jan 28 03:22:40 UTC 2019 /home/travis/build/icyphy/ptII/ptolemy/domains/de/test/auto/AssemblyLine.xml
----------------- Instantiating /home/travis/build/icyphy/ptII/ptolemy/domains/de/test/auto/AssemblyLine.xml
1 ms. Memory: 743936K Free: 332183K (45%)
----------------- Invoking toplevel() on ptolemy.moml.MoMLSimpleApplication@5c7cc40c
----------------- Done invoking toplevel() on ptolemy.moml.MoMLSimpleApplication@5c7cc40c
reloadAllAccessors: .AssemblyLine

===========================================================================================
----------------- testing Mon Jan 28 03:22:40 UTC 2019 /home/travis/build/icyphy/ptII/ptolemy/domains/de/test/auto/CQBug1.xml
----------------- Instantiating /home/travis/build/icyphy/ptII/ptolemy/domains/de/test/auto/CQBug1.xml
1 ms. Memory: 743936K Free: 305723K (41%)
----------------- Invoking toplevel() on ptolemy.moml.MoMLSimpleApplication@7b42c024
----------------- Done invoking toplevel() on ptolemy.moml.MoMLSimpleApplication@7b42c024
reloadAllAccessors: .CQBug1

===========================================================================================
----------------- testing Mon Jan 28 03:22:40 UTC 2019 /home/travis/build/icyphy/ptII/ptolemy/domains/de/test/auto/CancelFireAt.xml
----------------- Instantiating /home/travis/build/icyphy/ptII/ptolemy/domains/de/test/auto/CancelFireAt.xml
0 ms. Memory: 743936K Free: 279262K (38%)
----------------- Invoking toplevel() on ptolemy.moml.MoMLSimpleApplication@62c0694a
----------------- Done invoking toplevel() on ptolemy.moml.MoMLSimpleApplication@62c0694a
reloadAllAccessors: .CancelFireAt

===========================================================================================
----------------- testing Mon Jan 28 03:22:40 UTC 2019 /home/travis/build/icyphy/ptII/ptolemy/domains/de/test/auto/CausalityAndComposabilityAnalysis.xml
----------------- Instantiating /home/travis/build/icyphy/ptII/ptolemy/domains/de/test/auto/CausalityAndComposabilityAnalysis.xml
1 ms. Memory: 743936K Free: 252802K (34%)
----------------- Invoking toplevel() on ptolemy.moml.MoMLSimpleApplication@abf2f5e
----------------- Done invoking toplevel() on ptolemy.moml.MoMLSimpleApplication@abf2f5e
reloadAllAccessors: .CausalityAndComposabilityAnalysis

===========================================================================================
----------------- testing Mon Jan 28 03:22:40 UTC 2019 /home/travis/build/icyphy/ptII/ptolemy/domains/de/test/auto/CausalityInterface1.xml
----------------- Instantiating /home/travis/build/icyphy/ptII/ptolemy/domains/de/test/auto/CausalityInterface1.xml
3 ms. Memory: 743936K Free: 226342K (30%)
----------------- Invoking toplevel() on ptolemy.moml.MoMLSimpleApplication@60c37845
----------------- Done invoking toplevel() on ptolemy.moml.MoMLSimpleApplication@60c37845
reloadAllAccessors: .CausalityInterface1

===========================================================================================
----------------- testing Mon Jan 28 03:22:40 UTC 2019 /home/travis/build/icyphy/ptII/ptolemy/domains/de/test/auto/CausalityInterface15.xml
----------------- Instantiating /home/travis/build/icyphy/ptII/ptolemy/domains/de/test/auto/CausalityInterface15.xml
1 ms. Memory: 743936K Free: 199882K (27%)
----------------- Invoking toplevel() on ptolemy.moml.MoMLSimpleApplication@69c30746
----------------- Done invoking toplevel() on ptolemy.moml.MoMLSimpleApplication@69c30746
reloadAllAccessors: .CausalityInterface15

[...]
java.lang.RuntimeException: Execution failed
	at ptolemy.moml.MoMLSimpleApplication$UnloadThread.run(MoMLSimpleApplication.java:402)
Caused by: ptolemy.kernel.util.IllegalActionException: Test fails in iteration 1.
Value was: 1.0. Should have been: 2.0
  in .DirectFeedback.Test
	at ptolemy.actor.lib.Test.fire(Test.java:268)
	at ptolemy.domains.de.kernel.DEDirector._fire(DEDirector.java:1949)
	at ptolemy.domains.de.kernel.DEDirector.fire(DEDirector.java:502)
	at ptolemy.actor.CompositeActor.fire(CompositeActor.java:455)
	at ptolemy.actor.Manager.iterate(Manager.java:851)
	at ptolemy.actor.Manager.execute(Manager.java:369)
	at ptolemy.actor.Manager.run(Manager.java:1263)
	at ptolemy.actor.Manager$PtolemyRunThread.run(Manager.java:1915)
java.lang.RuntimeException: Execution failed
	at ptolemy.moml.MoMLSimpleApplication$UnloadThread.run(MoMLSimpleApplication.java:402)
Caused by: ptolemy.kernel.util.IllegalActionException: Actor is not ready to fire.  Perhaps UpSample.prefire() returned false? Try debugging the actor by selecting "Listen to Actor".  Also, for SDF check moml for tokenConsumptionRate on input.
  in .DESDFClockTest.Play Bell.Copy1:SDF Director and .DESDFClockTest.Play Bell.UpSample
	at ptolemy.actor.sched.StaticSchedulingDirector.fire(StaticSchedulingDirector.java:227)
	at ptolemy.domains.sdf.kernel.SDFDirector.fire(SDFDirector.java:500)
	at ptolemy.actor.CompositeActor.fire(CompositeActor.java:455)
	at ptolemy.domains.de.kernel.DEDirector._fire(DEDirector.java:1949)
	at ptolemy.domains.de.kernel.DEDirector.fire(DEDirector.java:502)
	at ptolemy.actor.CompositeActor.fire(CompositeActor.java:455)
	at ptolemy.actor.Manager.iterate(Manager.java:851)
	at ptolemy.actor.Manager.execute(Manager.java:369)
	at ptolemy.actor.Manager.run(Manager.java:1263)
	at ptolemy.actor.Manager$PtolemyRunThread.run(Manager.java:1915)
java.lang.reflect.InvocationTargetException
	at sun.reflect.NativeConstructorAccessorImpl.newInstance0(Native Method)
	at sun.reflect.NativeConstructorAccessorImpl.newInstance(NativeConstructorAccessorImpl.java:62)
	at sun.reflect.DelegatingConstructorAccessorImpl.newInstance(DelegatingConstructorAccessorImpl.java:45)
	at java.lang.reflect.Constructor.newInstance(Constructor.java:423)
	at ptolemy.util.test.junit.AutoKnownFailedTests.RunModel(AutoKnownFailedTests.java:105)
	at sun.reflect.NativeMethodAccessorImpl.invoke0(Native Method)
	at sun.reflect.NativeMethodAccessorImpl.invoke(NativeMethodAccessorImpl.java:62)
	at sun.reflect.DelegatingMethodAccessorImpl.invoke(DelegatingMethodAccessorImpl.java:43)
	at java.lang.reflect.Method.invoke(Method.java:498)
	at org.junit.runners.model.FrameworkMethod$1.runReflectiveCall(FrameworkMethod.java:44)
	at org.junit.internal.runners.model.ReflectiveCallable.run(ReflectiveCallable.java:15)
	at org.junit.runners.model.FrameworkMethod.invokeExplosively(FrameworkMethod.java:41)
	at junitparams.internal.InvokeParameterisedMethod.evaluate(InvokeParameterisedMethod.java:102)
	at org.junit.internal.runners.statements.FailOnTimeout$1.run(FailOnTimeout.java:28)
Caused by: ptolemy.kernel.util.IllegalActionException: Actor is not ready to fire.  Perhaps UpSample.prefire() returned false? Try debugging the actor by selecting "Listen to Actor".  Also, for SDF check moml for tokenConsumptionRate on input.
  in .DESDFClockTest.Play Bell.Copy1:SDF Director and .DESDFClockTest.Play Bell.UpSample
	at ptolemy.actor.sched.StaticSchedulingDirector.fire(StaticSchedulingDirector.java:227)
	at ptolemy.domains.sdf.kernel.SDFDirector.fire(SDFDirector.java:500)
	at ptolemy.actor.CompositeActor.fire(CompositeActor.java:455)
	at ptolemy.domains.de.kernel.DEDirector._fire(DEDirector.java:1949)
	at ptolemy.domains.de.kernel.DEDirector.fire(DEDirector.java:502)
	at ptolemy.actor.CompositeActor.fire(CompositeActor.java:455)
	at ptolemy.actor.Manager.iterate(Manager.java:851)
	at ptolemy.actor.Manager.execute(Manager.java:369)
	at ptolemy.actor.Manager.run(Manager.java:1263)
	at ptolemy.actor.Manager$PtolemyRunThread.run(Manager.java:1915)
java.lang.RuntimeException: Execution failed
	at ptolemy.moml.MoMLSimpleApplication$UnloadThread.run(MoMLSimpleApplication.java:402)
Caused by: ptolemy.kernel.util.IllegalActionException: Test fails in iteration 1.
Value was: 1.0. Should have been: 2.0
  in .DirectFeedback.Test
	at ptolemy.actor.lib.Test.fire(Test.java:268)
	at ptolemy.domains.de.kernel.DEDirector._fire(DEDirector.java:1949)
	at ptolemy.domains.de.kernel.DEDirector.fire(DEDirector.java:502)
	at ptolemy.actor.CompositeActor.fire(CompositeActor.java:455)
	at ptolemy.actor.Manager.iterate(Manager.java:851)
	at ptolemy.actor.Manager.execute(Manager.java:369)
	at ptolemy.actor.Manager.run(Manager.java:1263)
	at ptolemy.actor.Manager$PtolemyRunThread.run(Manager.java:1915)
java.lang.reflect.InvocationTargetException
	at sun.reflect.NativeConstructorAccessorImpl.newInstance0(Native Method)
	at sun.reflect.NativeConstructorAccessorImpl.newInstance(NativeConstructorAccessorImpl.java:62)
	at sun.reflect.DelegatingConstructorAccessorImpl.newInstance(DelegatingConstructorAccessorImpl.java:45)
	at java.lang.reflect.Constructor.newInstance(Constructor.java:423)
	at ptolemy.util.test.junit.AutoKnownFailedTests.RunModel(AutoKnownFailedTests.java:105)
	at sun.reflect.NativeMethodAccessorImpl.invoke0(Native Method)
	at sun.reflect.NativeMethodAccessorImpl.invoke(NativeMethodAccessorImpl.java:62)
	at sun.reflect.DelegatingMethodAccessorImpl.invoke(DelegatingMethodAccessorImpl.java:43)
	at java.lang.reflect.Method.invoke(Method.java:498)
	at org.junit.runners.model.FrameworkMethod$1.runReflectiveCall(FrameworkMethod.java:44)
	at org.junit.internal.runners.model.ReflectiveCallable.run(ReflectiveCallable.java:15)
	at org.junit.runners.model.FrameworkMethod.invokeExplosively(FrameworkMethod.java:41)
	at junitparams.internal.InvokeParameterisedMethod.evaluate(InvokeParameterisedMethod.java:102)
	at org.junit.internal.runners.statements.FailOnTimeout$1.run(FailOnTimeout.java:28)
Caused by: ptolemy.kernel.util.IllegalActionException: Test fails in iteration 1.
Value was: 1.0. Should have been: 2.0
  in .DirectFeedback.Test
	at ptolemy.actor.lib.Test.fire(Test.java:268)
	at ptolemy.domains.de.kernel.DEDirector._fire(DEDirector.java:1949)
	at ptolemy.domains.de.kernel.DEDirector.fire(DEDirector.java:502)
	at ptolemy.actor.CompositeActor.fire(CompositeActor.java:455)
	at ptolemy.actor.Manager.iterate(Manager.java:851)
	at ptolemy.actor.Manager.execute(Manager.java:369)
	at ptolemy.actor.Manager.run(Manager.java:1263)
	at ptolemy.actor.Manager$PtolemyRunThread.run(Manager.java:1915)
java.lang.RuntimeException: Execution failed
	at ptolemy.moml.MoMLSimpleApplication$UnloadThread.run(MoMLSimpleApplication.java:402)
Caused by: ptolemy.kernel.util.IllegalActionException: Found a zero delay loop containing .HierarchicalModel.A
  in .HierarchicalModel and .HierarchicalModel.A
	at ptolemy.actor.util.CausalityInterfaceForComposites._computeOutputPortDepth(CausalityInterfaceForComposites.java:759)
	at ptolemy.actor.util.CausalityInterfaceForComposites._computeInputDepth(CausalityInterfaceForComposites.java:696)
	at ptolemy.actor.util.CausalityInterfaceForComposites._computeOutputPortDepth(CausalityInterfaceForComposites.java:765)
	at ptolemy.actor.util.CausalityInterfaceForComposites._computeInputDepth(CausalityInterfaceForComposites.java:696)
	at ptolemy.actor.util.CausalityInterfaceForComposites._computeOutputPortDepth(CausalityInterfaceForComposites.java:765)
	at ptolemy.actor.util.CausalityInterfaceForComposites._computeInputDepth(CausalityInterfaceForComposites.java:696)
	at ptolemy.actor.util.CausalityInterfaceForComposites._computeActorDepth(CausalityInterfaceForComposites.java:532)
	at ptolemy.actor.util.CausalityInterfaceForComposites.checkForCycles(CausalityInterfaceForComposites.java:96)
	at ptolemy.domains.de.kernel.DEDirector.preinitialize(DEDirector.java:1338)
	at ptolemy.actor.CompositeActor.preinitialize(CompositeActor.java:1828)
	at ptolemy.actor.Manager.preinitializeAndResolveTypes(Manager.java:1040)
	at ptolemy.actor.Manager.initialize(Manager.java:710)
	at ptolemy.actor.Manager.execute(Manager.java:356)
	at ptolemy.actor.Manager.run(Manager.java:1263)
	at ptolemy.actor.Manager$PtolemyRunThread.run(Manager.java:1915)
java.lang.reflect.InvocationTargetException
	at sun.reflect.NativeConstructorAccessorImpl.newInstance0(Native Method)
	at sun.reflect.NativeConstructorAccessorImpl.newInstance(NativeConstructorAccessorImpl.java:62)
	at sun.reflect.DelegatingConstructorAccessorImpl.newInstance(DelegatingConstructorAccessorImpl.java:45)
	at java.lang.reflect.Constructor.newInstance(Constructor.java:423)
	at ptolemy.util.test.junit.AutoKnownFailedTests.RunModel(AutoKnownFailedTests.java:105)
	at sun.reflect.NativeMethodAccessorImpl.invoke0(Native Method)
	at sun.reflect.NativeMethodAccessorImpl.invoke(NativeMethodAccessorImpl.java:62)
	at sun.reflect.DelegatingMethodAccessorImpl.invoke(DelegatingMethodAccessorImpl.java:43)
	at java.lang.reflect.Method.invoke(Method.java:498)
	at org.junit.runners.model.FrameworkMethod$1.runReflectiveCall(FrameworkMethod.java:44)
	at org.junit.internal.runners.model.ReflectiveCallable.run(ReflectiveCallable.java:15)
	at org.junit.runners.model.FrameworkMethod.invokeExplosively(FrameworkMethod.java:41)
	at junitparams.internal.InvokeParameterisedMethod.evaluate(InvokeParameterisedMethod.java:102)
	at org.junit.internal.runners.statements.FailOnTimeout$1.run(FailOnTimeout.java:28)
Caused by: ptolemy.kernel.util.IllegalActionException: Found a zero delay loop containing .HierarchicalModel.A
  in .HierarchicalModel and .HierarchicalModel.A
	at ptolemy.actor.util.CausalityInterfaceForComposites._computeOutputPortDepth(CausalityInterfaceForComposites.java:759)
	at ptolemy.actor.util.CausalityInterfaceForComposites._computeInputDepth(CausalityInterfaceForComposites.java:696)
	at ptolemy.actor.util.CausalityInterfaceForComposites._computeOutputPortDepth(CausalityInterfaceForComposites.java:765)
	at ptolemy.actor.util.CausalityInterfaceForComposites._computeInputDepth(CausalityInterfaceForComposites.java:696)
	at ptolemy.actor.util.CausalityInterfaceForComposites._computeOutputPortDepth(CausalityInterfaceForComposites.java:765)
	at ptolemy.actor.util.CausalityInterfaceForComposites._computeInputDepth(CausalityInterfaceForComposites.java:696)
	at ptolemy.actor.util.CausalityInterfaceForComposites._computeActorDepth(CausalityInterfaceForComposites.java:532)
	at ptolemy.actor.util.CausalityInterfaceForComposites.checkForCycles(CausalityInterfaceForComposites.java:96)
	at ptolemy.domains.de.kernel.DEDirector.preinitialize(DEDirector.java:1338)
	at ptolemy.actor.CompositeActor.preinitialize(CompositeActor.java:1828)
	at ptolemy.actor.Manager.preinitializeAndResolveTypes(Manager.java:1040)
	at ptolemy.actor.Manager.initialize(Manager.java:710)
	at ptolemy.actor.Manager.execute(Manager.java:356)
	at ptolemy.actor.Manager.run(Manager.java:1263)
	at ptolemy.actor.Manager$PtolemyRunThread.run(Manager.java:1915)
java.lang.RuntimeException: Execution failed
	at ptolemy.moml.MoMLSimpleApplication$UnloadThread.run(MoMLSimpleApplication.java:402)
Caused by: ptolemy.kernel.util.IllegalActionException: Found a zero delay loop containing .dependencyLoop.original
  in .dependencyLoop and .dependencyLoop.original
	at ptolemy.actor.util.CausalityInterfaceForComposites._computeOutputPortDepth(CausalityInterfaceForComposites.java:759)
	at ptolemy.actor.util.CausalityInterfaceForComposites._computeInputDepth(CausalityInterfaceForComposites.java:696)
	at ptolemy.actor.util.CausalityInterfaceForComposites._computeOutputPortDepth(CausalityInterfaceForComposites.java:765)
	at ptolemy.actor.util.CausalityInterfaceForComposites._computeInputDepth(CausalityInterfaceForComposites.java:696)
	at ptolemy.actor.util.CausalityInterfaceForComposites._computeOutputPortDepth(CausalityInterfaceForComposites.java:765)
	at ptolemy.actor.util.CausalityInterfaceForComposites._computeInputDepth(CausalityInterfaceForComposites.java:696)
	at ptolemy.actor.util.CausalityInterfaceForComposites._computeActorDepth(CausalityInterfaceForComposites.java:532)
	at ptolemy.actor.util.CausalityInterfaceForComposites.checkForCycles(CausalityInterfaceForComposites.java:96)
	at ptolemy.domains.de.kernel.DEDirector.preinitialize(DEDirector.java:1338)
	at ptolemy.actor.CompositeActor.preinitialize(CompositeActor.java:1828)
	at ptolemy.actor.Manager.preinitializeAndResolveTypes(Manager.java:1040)
	at ptolemy.actor.Manager.initialize(Manager.java:710)
	at ptolemy.actor.Manager.execute(Manager.java:356)
	at ptolemy.actor.Manager.run(Manager.java:1263)
	at ptolemy.actor.Manager$PtolemyRunThread.run(Manager.java:1915)
java.lang.reflect.InvocationTargetException
	at sun.reflect.NativeConstructorAccessorImpl.newInstance0(Native Method)
	at sun.reflect.NativeConstructorAccessorImpl.newInstance(NativeConstructorAccessorImpl.java:62)
	at sun.reflect.DelegatingConstructorAccessorImpl.newInstance(DelegatingConstructorAccessorImpl.java:45)
	at java.lang.reflect.Constructor.newInstance(Constructor.java:423)
	at ptolemy.util.test.junit.AutoKnownFailedTests.RunModel(AutoKnownFailedTests.java:105)
	at sun.reflect.NativeMethodAccessorImpl.invoke0(Native Method)
	at sun.reflect.NativeMethodAccessorImpl.invoke(NativeMethodAccessorImpl.java:62)
	at sun.reflect.DelegatingMethodAccessorImpl.invoke(DelegatingMethodAccessorImpl.java:43)
	at java.lang.reflect.Method.invoke(Method.java:498)
	at org.junit.runners.model.FrameworkMethod$1.runReflectiveCall(FrameworkMethod.java:44)
	at org.junit.internal.runners.model.ReflectiveCallable.run(ReflectiveCallable.java:15)
	at org.junit.runners.model.FrameworkMethod.invokeExplosively(FrameworkMethod.java:41)
	at junitparams.internal.InvokeParameterisedMethod.evaluate(InvokeParameterisedMethod.java:102)
	at org.junit.internal.runners.statements.FailOnTimeout$1.run(FailOnTimeout.java:28)
Caused by: ptolemy.kernel.util.IllegalActionException: Found a zero delay loop containing .dependencyLoop.original
  in .dependencyLoop and .dependencyLoop.original
	at ptolemy.actor.util.CausalityInterfaceForComposites._computeOutputPortDepth(CausalityInterfaceForComposites.java:759)
	at ptolemy.actor.util.CausalityInterfaceForComposites._computeInputDepth(CausalityInterfaceForComposites.java:696)
	at ptolemy.actor.util.CausalityInterfaceForComposites._computeOutputPortDepth(CausalityInterfaceForComposites.java:765)
	at ptolemy.actor.util.CausalityInterfaceForComposites._computeInputDepth(CausalityInterfaceForComposites.java:696)
	at ptolemy.actor.util.CausalityInterfaceForComposites._computeOutputPortDepth(CausalityInterfaceForComposites.java:765)
	at ptolemy.actor.util.CausalityInterfaceForComposites._computeInputDepth(CausalityInterfaceForComposites.java:696)
	at ptolemy.actor.util.CausalityInterfaceForComposites._computeActorDepth(CausalityInterfaceForComposites.java:532)
	at ptolemy.actor.util.CausalityInterfaceForComposites.checkForCycles(CausalityInterfaceForComposites.java:96)
	at ptolemy.domains.de.kernel.DEDirector.preinitialize(DEDirector.java:1338)
	at ptolemy.actor.CompositeActor.preinitialize(CompositeActor.java:1828)
	at ptolemy.actor.Manager.preinitializeAndResolveTypes(Manager.java:1040)
	at ptolemy.actor.Manager.initialize(Manager.java:710)
	at ptolemy.actor.Manager.execute(Manager.java:356)
	at ptolemy.actor.Manager.run(Manager.java:1263)
	at ptolemy.actor.Manager$PtolemyRunThread.run(Manager.java:1915)
java.lang.RuntimeException: Execution failed
	at ptolemy.moml.MoMLSimpleApplication$UnloadThread.run(MoMLSimpleApplication.java:402)
Caused by: ptolemy.kernel.util.IllegalActionException: Found a zero delay loop containing .dependencyLoop2.original
  in .dependencyLoop2 and .dependencyLoop2.original
	at ptolemy.actor.util.CausalityInterfaceForComposites._computeOutputPortDepth(CausalityInterfaceForComposites.java:759)
	at ptolemy.actor.util.CausalityInterfaceForComposites._computeInputDepth(CausalityInterfaceForComposites.java:696)
	at ptolemy.actor.util.CausalityInterfaceForComposites._computeOutputPortDepth(CausalityInterfaceForComposites.java:765)
	at ptolemy.actor.util.CausalityInterfaceForComposites._computeInputDepth(CausalityInterfaceForComposites.java:696)
	at ptolemy.actor.util.CausalityInterfaceForComposites._computeOutputPortDepth(CausalityInterfaceForComposites.java:765)
	at ptolemy.actor.util.CausalityInterfaceForComposites._computeInputDepth(CausalityInterfaceForComposites.java:696)
	at ptolemy.actor.util.CausalityInterfaceForComposites._computeActorDepth(CausalityInterfaceForComposites.java:532)
	at ptolemy.actor.util.CausalityInterfaceForComposites.checkForCycles(CausalityInterfaceForComposites.java:96)
	at ptolemy.domains.de.kernel.DEDirector.preinitialize(DEDirector.java:1338)
	at ptolemy.actor.CompositeActor.preinitialize(CompositeActor.java:1828)
	at ptolemy.actor.Manager.preinitializeAndResolveTypes(Manager.java:1040)
	at ptolemy.actor.Manager.initialize(Manager.java:710)
	at ptolemy.actor.Manager.execute(Manager.java:356)
	at ptolemy.actor.Manager.run(Manager.java:1263)
	at ptolemy.actor.Manager$PtolemyRunThread.run(Manager.java:1915)
java.lang.reflect.InvocationTargetException
	at sun.reflect.NativeConstructorAccessorImpl.newInstance0(Native Method)
	at sun.reflect.NativeConstructorAccessorImpl.newInstance(NativeConstructorAccessorImpl.java:62)
	at sun.reflect.DelegatingConstructorAccessorImpl.newInstance(DelegatingConstructorAccessorImpl.java:45)
	at java.lang.reflect.Constructor.newInstance(Constructor.java:423)
	at ptolemy.util.test.junit.AutoKnownFailedTests.RunModel(AutoKnownFailedTests.java:105)
	at sun.reflect.NativeMethodAccessorImpl.invoke0(Native Method)
	at sun.reflect.NativeMethodAccessorImpl.invoke(NativeMethodAccessorImpl.java:62)
	at sun.reflect.DelegatingMethodAccessorImpl.invoke(DelegatingMethodAccessorImpl.java:43)
	at java.lang.reflect.Method.invoke(Method.java:498)
	at org.junit.runners.model.FrameworkMethod$1.runReflectiveCall(FrameworkMethod.java:44)
	at org.junit.internal.runners.model.ReflectiveCallable.run(ReflectiveCallable.java:15)
	at org.junit.runners.model.FrameworkMethod.invokeExplosively(FrameworkMethod.java:41)
	at junitparams.internal.InvokeParameterisedMethod.evaluate(InvokeParameterisedMethod.java:102)
	at org.junit.internal.runners.statements.FailOnTimeout$1.run(FailOnTimeout.java:28)
Caused by: ptolemy.kernel.util.IllegalActionException: Found a zero delay loop containing .dependencyLoop2.original
  in .dependencyLoop2 and .dependencyLoop2.original
	at ptolemy.actor.util.CausalityInterfaceForComposites._computeOutputPortDepth(CausalityInterfaceForComposites.java:759)
	at ptolemy.actor.util.CausalityInterfaceForComposites._computeInputDepth(CausalityInterfaceForComposites.java:696)
	at ptolemy.actor.util.CausalityInterfaceForComposites._computeOutputPortDepth(CausalityInterfaceForComposites.java:765)
	at ptolemy.actor.util.CausalityInterfaceForComposites._computeInputDepth(CausalityInterfaceForComposites.java:696)
	at ptolemy.actor.util.CausalityInterfaceForComposites._computeOutputPortDepth(CausalityInterfaceForComposites.java:765)
	at ptolemy.actor.util.CausalityInterfaceForComposites._computeInputDepth(CausalityInterfaceForComposites.java:696)
	at ptolemy.actor.util.CausalityInterfaceForComposites._computeActorDepth(CausalityInterfaceForComposites.java:532)
	at ptolemy.actor.util.CausalityInterfaceForComposites.checkForCycles(CausalityInterfaceForComposites.java:96)
	at ptolemy.domains.de.kernel.DEDirector.preinitialize(DEDirector.java:1338)
	at ptolemy.actor.CompositeActor.preinitialize(CompositeActor.java:1828)
	at ptolemy.actor.Manager.preinitializeAndResolveTypes(Manager.java:1040)
	at ptolemy.actor.Manager.initialize(Manager.java:710)
	at ptolemy.actor.Manager.execute(Manager.java:356)
	at ptolemy.actor.Manager.run(Manager.java:1263)
	at ptolemy.actor.Manager$PtolemyRunThread.run(Manager.java:1915)
]]></system-err>
</testsuite>
