<?xml version="1.0" encoding="UTF-8" ?>
<testsuite errors="0" failures="0" hostname="travis-job-3c37eeb2-664c-4761-9330-10f4d8c8c76c" name="ptolemy.domains.de.test.junit.JUnitTclTest" skipped="0" tests="101" time="128.911" timestamp="2018-06-09T15:23:57">
  <properties>
[...]
</properties>
  <testcase classname="ptolemy.util.test.junit.TclTests" name="[0] /home/travis/build/icyphy/ptII/ptolemy/domains/de/test/DependencyLoop.tcl (RunTclFile)" time="0.778" />
  <testcase classname="ptolemy.util.test.junit.TclTests" name="[1] /home/travis/build/icyphy/ptII/ptolemy/domains/de/test/RunDETestsAsQSS.tcl (RunTclFile)" time="88.087" />
  <testcase classname="ptolemy.util.test.junit.AutoKnownFailedTests" name="[0] /home/travis/build/icyphy/ptII/ptolemy/domains/de/test/auto/knownFailedTests/DESDFClockTest.xml (RunModel)" time="2.027" />
  <testcase classname="ptolemy.util.test.junit.AutoKnownFailedTests" name="[1] /home/travis/build/icyphy/ptII/ptolemy/domains/de/test/auto/knownFailedTests/DirectFeedback.xml (RunModel)" time="0.011" />
  <testcase classname="ptolemy.util.test.junit.AutoKnownFailedTests" name="[2] /home/travis/build/icyphy/ptII/ptolemy/domains/de/test/auto/knownFailedTests/FSMSource.xml (RunModel)" time="0.022" />
  <testcase classname="ptolemy.util.test.junit.AutoKnownFailedTests" name="[3] /home/travis/build/icyphy/ptII/ptolemy/domains/de/test/auto/knownFailedTests/HierarchicalModel.xml (RunModel)" time="0.033" />
  <testcase classname="ptolemy.util.test.junit.AutoKnownFailedTests" name="[4] /home/travis/build/icyphy/ptII/ptolemy/domains/de/test/auto/knownFailedTests/dependencyLoop.xml (RunModel)" time="0.031" />
  <testcase classname="ptolemy.util.test.junit.AutoKnownFailedTests" name="[5] /home/travis/build/icyphy/ptII/ptolemy/domains/de/test/auto/knownFailedTests/dependencyLoop2.xml (RunModel)" time="0.037" />
  <testcase classname="ptolemy.util.test.junit.AutoNameArchTests" name="[0] ThereAreNoAutoArchTests (RunModel)" time="0.001" />
  <testcase classname="ptolemy.util.test.junit.AutoTests" name="[0] /home/travis/build/icyphy/ptII/ptolemy/domains/de/test/auto/ActorDepthCalculation_actorWithoutPorts.xml (RunModel)" time="0.01" />
  <testcase classname="ptolemy.util.test.junit.AutoTests" name="[1] /home/travis/build/icyphy/ptII/ptolemy/domains/de/test/auto/AssemblyLine.xml (RunModel)" time="0.022" />
  <testcase classname="ptolemy.util.test.junit.AutoTests" name="[2] /home/travis/build/icyphy/ptII/ptolemy/domains/de/test/auto/CQBug1.xml (RunModel)" time="0.012" />
  <testcase classname="ptolemy.util.test.junit.AutoTests" name="[3] /home/travis/build/icyphy/ptII/ptolemy/domains/de/test/auto/CancelFireAt.xml (RunModel)" time="0.013" />
  <testcase classname="ptolemy.util.test.junit.AutoTests" name="[4] /home/travis/build/icyphy/ptII/ptolemy/domains/de/test/auto/CausalityAndComposabilityAnalysis.xml (RunModel)" time="0.01" />
  <testcase classname="ptolemy.util.test.junit.AutoTests" name="[5] /home/travis/build/icyphy/ptII/ptolemy/domains/de/test/auto/CausalityInterface1.xml (RunModel)" time="0.015" />
  <testcase classname="ptolemy.util.test.junit.AutoTests" name="[6] /home/travis/build/icyphy/ptII/ptolemy/domains/de/test/auto/CausalityInterface15.xml (RunModel)" time="0.012" />
  <testcase classname="ptolemy.util.test.junit.AutoTests" name="[7] /home/travis/build/icyphy/ptII/ptolemy/domains/de/test/auto/CausalityInterface2.xml (RunModel)" time="0.012" />
  <testcase classname="ptolemy.util.test.junit.AutoTests" name="[8] /home/travis/build/icyphy/ptII/ptolemy/domains/de/test/auto/CausalityInterface3.xml (RunModel)" time="0.013" />
  <testcase classname="ptolemy.util.test.junit.AutoTests" name="[9] /home/travis/build/icyphy/ptII/ptolemy/domains/de/test/auto/ClockDrift.xml (RunModel)" time="0.036" />
  <testcase classname="ptolemy.util.test.junit.AutoTests" name="[10] /home/travis/build/icyphy/ptII/ptolemy/domains/de/test/auto/ClockDriftAndValueChange.xml (RunModel)" time="0.024" />
  <testcase classname="ptolemy.util.test.junit.AutoTests" name="[11] /home/travis/build/icyphy/ptII/ptolemy/domains/de/test/auto/ClockDriftChange.xml (RunModel)" time="0.024" />
  <testcase classname="ptolemy.util.test.junit.AutoTests" name="[12] /home/travis/build/icyphy/ptII/ptolemy/domains/de/test/auto/ComposableCausalityAnalysis.xml (RunModel)" time="0.015" />
  <testcase classname="ptolemy.util.test.junit.AutoTests" name="[13] /home/travis/build/icyphy/ptII/ptolemy/domains/de/test/auto/DEFixedPointLimitation.xml (RunModel)" time="0.008" />
  <testcase classname="ptolemy.util.test.junit.AutoTests" name="[14] /home/travis/build/icyphy/ptII/ptolemy/domains/de/test/auto/DEScheduleTest.xml (RunModel)" time="0.031" />
  <testcase classname="ptolemy.util.test.junit.AutoTests" name="[15] /home/travis/build/icyphy/ptII/ptolemy/domains/de/test/auto/DEinDEwithStartTimes.xml (RunModel)" time="0.014" />
  <testcase classname="ptolemy.util.test.junit.AutoTests" name="[16] /home/travis/build/icyphy/ptII/ptolemy/domains/de/test/auto/DEinDEwithStartTimes2.xml (RunModel)" time="0.012" />
  <testcase classname="ptolemy.util.test.junit.AutoTests" name="[17] /home/travis/build/icyphy/ptII/ptolemy/domains/de/test/auto/DateDemo.xml (RunModel)" time="0.023" />
  <testcase classname="ptolemy.util.test.junit.AutoTests" name="[18] /home/travis/build/icyphy/ptII/ptolemy/domains/de/test/auto/DateToEvent.xml (RunModel)" time="2.031" />
  <testcase classname="ptolemy.util.test.junit.AutoTests" name="[19] /home/travis/build/icyphy/ptII/ptolemy/domains/de/test/auto/DepthTest1.xml (RunModel)" time="0.008" />
  <testcase classname="ptolemy.util.test.junit.AutoTests" name="[20] /home/travis/build/icyphy/ptII/ptolemy/domains/de/test/auto/DepthTest2.xml (RunModel)" time="0.029" />
  <testcase classname="ptolemy.util.test.junit.AutoTests" name="[21] /home/travis/build/icyphy/ptII/ptolemy/domains/de/test/auto/DepthTest3.xml (RunModel)" time="0.009" />
  <testcase classname="ptolemy.util.test.junit.AutoTests" name="[22] /home/travis/build/icyphy/ptII/ptolemy/domains/de/test/auto/DepthTest4.xml (RunModel)" time="0.013" />
  <testcase classname="ptolemy.util.test.junit.AutoTests" name="[23] /home/travis/build/icyphy/ptII/ptolemy/domains/de/test/auto/DepthTest5.xml (RunModel)" time="0.02" />
  <testcase classname="ptolemy.util.test.junit.AutoTests" name="[24] /home/travis/build/icyphy/ptII/ptolemy/domains/de/test/auto/DepthTest6.xml (RunModel)" time="0.014" />
  <testcase classname="ptolemy.util.test.junit.AutoTests" name="[25] /home/travis/build/icyphy/ptII/ptolemy/domains/de/test/auto/DepthTest7.xml (RunModel)" time="0.012" />
  <testcase classname="ptolemy.util.test.junit.AutoTests" name="[26] /home/travis/build/icyphy/ptII/ptolemy/domains/de/test/auto/EventToDate.xml (RunModel)" time="3.038" />
  <testcase classname="ptolemy.util.test.junit.AutoTests" name="[27] /home/travis/build/icyphy/ptII/ptolemy/domains/de/test/auto/FSM1.xml (RunModel)" time="0.045" />
  <testcase classname="ptolemy.util.test.junit.AutoTests" name="[28] /home/travis/build/icyphy/ptII/ptolemy/domains/de/test/auto/FSM7.xml (RunModel)" time="0.056" />
  <testcase classname="ptolemy.util.test.junit.AutoTests" name="[29] /home/travis/build/icyphy/ptII/ptolemy/domains/de/test/auto/Inspection.xml (RunModel)" time="0.079" />
  <testcase classname="ptolemy.util.test.junit.AutoTests" name="[30] /home/travis/build/icyphy/ptII/ptolemy/domains/de/test/auto/Iteration.xml (RunModel)" time="0.021" />
  <testcase classname="ptolemy.util.test.junit.AutoTests" name="[31] /home/travis/build/icyphy/ptII/ptolemy/domains/de/test/auto/LineFault.xml (RunModel)" time="0.645" />
  <testcase classname="ptolemy.util.test.junit.AutoTests" name="[32] /home/travis/build/icyphy/ptII/ptolemy/domains/de/test/auto/MergeModel1Add.xml (RunModel)" time="0.05" />
  <testcase classname="ptolemy.util.test.junit.AutoTests" name="[33] /home/travis/build/icyphy/ptII/ptolemy/domains/de/test/auto/MergeModel2Add.xml (RunModel)" time="0.039" />
  <testcase classname="ptolemy.util.test.junit.AutoTests" name="[34] /home/travis/build/icyphy/ptII/ptolemy/domains/de/test/auto/MergeModel3Add.xml (RunModel)" time="0.045" />
  <testcase classname="ptolemy.util.test.junit.AutoTests" name="[35] /home/travis/build/icyphy/ptII/ptolemy/domains/de/test/auto/MergeWithoutDiscard.xml (RunModel)" time="0.01" />
  <testcase classname="ptolemy.util.test.junit.AutoTests" name="[36] /home/travis/build/icyphy/ptII/ptolemy/domains/de/test/auto/Modal1.xml (RunModel)" time="0.029" />
  <testcase classname="ptolemy.util.test.junit.AutoTests" name="[37] /home/travis/build/icyphy/ptII/ptolemy/domains/de/test/auto/Modal2.xml (RunModel)" time="0.03" />
  <testcase classname="ptolemy.util.test.junit.AutoTests" name="[38] /home/travis/build/icyphy/ptII/ptolemy/domains/de/test/auto/Modal3.xml (RunModel)" time="0.036" />
  <testcase classname="ptolemy.util.test.junit.AutoTests" name="[39] /home/travis/build/icyphy/ptII/ptolemy/domains/de/test/auto/Modal4.xml (RunModel)" time="0.029" />
  <testcase classname="ptolemy.util.test.junit.AutoTests" name="[40] /home/travis/build/icyphy/ptII/ptolemy/domains/de/test/auto/Modal5.xml (RunModel)" time="0.045" />
  <testcase classname="ptolemy.util.test.junit.AutoTests" name="[41] /home/travis/build/icyphy/ptII/ptolemy/domains/de/test/auto/Modal6.xml (RunModel)" time="0.031" />
  <testcase classname="ptolemy.util.test.junit.AutoTests" name="[42] /home/travis/build/icyphy/ptII/ptolemy/domains/de/test/auto/Modal7.xml (RunModel)" time="0.03" />
  <testcase classname="ptolemy.util.test.junit.AutoTests" name="[43] /home/travis/build/icyphy/ptII/ptolemy/domains/de/test/auto/ModalModel.xml (RunModel)" time="0.182" />
  <testcase classname="ptolemy.util.test.junit.AutoTests" name="[44] /home/travis/build/icyphy/ptII/ptolemy/domains/de/test/auto/ModalSource.xml (RunModel)" time="0.018" />
  <testcase classname="ptolemy.util.test.junit.AutoTests" name="[45] /home/travis/build/icyphy/ptII/ptolemy/domains/de/test/auto/NonInterruptibleTimerZeroDelay.xml (RunModel)" time="0.01" />
  <testcase classname="ptolemy.util.test.junit.AutoTests" name="[46] /home/travis/build/icyphy/ptII/ptolemy/domains/de/test/auto/OpenQueueingNetwork.xml (RunModel)" time="2.5" />
  <testcase classname="ptolemy.util.test.junit.AutoTests" name="[47] /home/travis/build/icyphy/ptII/ptolemy/domains/de/test/auto/OpenQueuingNetwork.xml (RunModel)" time="0.295" />
  <testcase classname="ptolemy.util.test.junit.AutoTests" name="[48] /home/travis/build/icyphy/ptII/ptolemy/domains/de/test/auto/PeriodicSampler.xml (RunModel)" time="0.008" />
  <testcase classname="ptolemy.util.test.junit.AutoTests" name="[49] /home/travis/build/icyphy/ptII/ptolemy/domains/de/test/auto/PersistentIO.xml (RunModel)" time="0.02" />
  <testcase classname="ptolemy.util.test.junit.AutoTests" name="[50] /home/travis/build/icyphy/ptII/ptolemy/domains/de/test/auto/PortParameterResetOnInitialize.xml (RunModel)" time="0.011" />
  <testcase classname="ptolemy.util.test.junit.AutoTests" name="[51] /home/travis/build/icyphy/ptII/ptolemy/domains/de/test/auto/PortParameterUpdates.xml (RunModel)" time="0.02" />
  <testcase classname="ptolemy.util.test.junit.AutoTests" name="[52] /home/travis/build/icyphy/ptII/ptolemy/domains/de/test/auto/QueueAndServer.xml (RunModel)" time="0.023" />
  <testcase classname="ptolemy.util.test.junit.AutoTests" name="[53] /home/travis/build/icyphy/ptII/ptolemy/domains/de/test/auto/Records.xml (RunModel)" time="0.016" />
  <testcase classname="ptolemy.util.test.junit.AutoTests" name="[54] /home/travis/build/icyphy/ptII/ptolemy/domains/de/test/auto/ResetTransitionWithStartTime1.xml (RunModel)" time="0.029" />
  <testcase classname="ptolemy.util.test.junit.AutoTests" name="[55] /home/travis/build/icyphy/ptII/ptolemy/domains/de/test/auto/ResetTransitionWithStartTime2.xml (RunModel)" time="0.019" />
  <testcase classname="ptolemy.util.test.junit.AutoTests" name="[56] /home/travis/build/icyphy/ptII/ptolemy/domains/de/test/auto/ResetTransitionWithStartTime3.xml (RunModel)" time="0.023" />
  <testcase classname="ptolemy.util.test.junit.AutoTests" name="[57] /home/travis/build/icyphy/ptII/ptolemy/domains/de/test/auto/ResetTransitionWithStartTime4.xml (RunModel)" time="0.024" />
  <testcase classname="ptolemy.util.test.junit.AutoTests" name="[58] /home/travis/build/icyphy/ptII/ptolemy/domains/de/test/auto/ResettableTimer1.xml (RunModel)" time="0.014" />
  <testcase classname="ptolemy.util.test.junit.AutoTests" name="[59] /home/travis/build/icyphy/ptII/ptolemy/domains/de/test/auto/ResettableTimer2.xml (RunModel)" time="0.01" />
  <testcase classname="ptolemy.util.test.junit.AutoTests" name="[60] /home/travis/build/icyphy/ptII/ptolemy/domains/de/test/auto/ResettableTimer3.xml (RunModel)" time="0.008" />
  <testcase classname="ptolemy.util.test.junit.AutoTests" name="[61] /home/travis/build/icyphy/ptII/ptolemy/domains/de/test/auto/ResettableTimer4.xml (RunModel)" time="0.01" />
  <testcase classname="ptolemy.util.test.junit.AutoTests" name="[62] /home/travis/build/icyphy/ptII/ptolemy/domains/de/test/auto/ResettableTimer5.xml (RunModel)" time="0.01" />
  <testcase classname="ptolemy.util.test.junit.AutoTests" name="[63] /home/travis/build/icyphy/ptII/ptolemy/domains/de/test/auto/ResettableTimer6.xml (RunModel)" time="0.019" />
  <testcase classname="ptolemy.util.test.junit.AutoTests" name="[64] /home/travis/build/icyphy/ptII/ptolemy/domains/de/test/auto/ServerZeroDelay.xml (RunModel)" time="0.016" />
  <testcase classname="ptolemy.util.test.junit.AutoTests" name="[65] /home/travis/build/icyphy/ptII/ptolemy/domains/de/test/auto/SmartSender.xml (RunModel)" time="3.01" />
  <testcase classname="ptolemy.util.test.junit.AutoTests" name="[66] /home/travis/build/icyphy/ptII/ptolemy/domains/de/test/auto/ThreadedComposite.xml (RunModel)" time="0.151" />
  <testcase classname="ptolemy.util.test.junit.AutoTests" name="[67] /home/travis/build/icyphy/ptII/ptolemy/domains/de/test/auto/Time.xml (RunModel)" time="0.434" />
  <testcase classname="ptolemy.util.test.junit.AutoTests" name="[68] /home/travis/build/icyphy/ptII/ptolemy/domains/de/test/auto/TimeDelayZeroDelay.xml (RunModel)" time="0.016" />
  <testcase classname="ptolemy.util.test.junit.AutoTests" name="[69] /home/travis/build/icyphy/ptII/ptolemy/domains/de/test/auto/TimerZeroDelay.xml (RunModel)" time="0.011" />
  <testcase classname="ptolemy.util.test.junit.AutoTests" name="[70] /home/travis/build/icyphy/ptII/ptolemy/domains/de/test/auto/TimingParadox.xml (RunModel)" time="0.384" />
  <testcase classname="ptolemy.util.test.junit.AutoTests" name="[71] /home/travis/build/icyphy/ptII/ptolemy/domains/de/test/auto/TransferInputs.xml (RunModel)" time="0.015" />
  <testcase classname="ptolemy.util.test.junit.AutoTests" name="[72] /home/travis/build/icyphy/ptII/ptolemy/domains/de/test/auto/TransferOutputs2.xml (RunModel)" time="0.018" />
  <testcase classname="ptolemy.util.test.junit.AutoTests" name="[73] /home/travis/build/icyphy/ptII/ptolemy/domains/de/test/auto/Trilateration.xml (RunModel)" time="11.083" />
  <testcase classname="ptolemy.util.test.junit.AutoTests" name="[74] /home/travis/build/icyphy/ptII/ptolemy/domains/de/test/auto/TwoSigmaDelta.xml (RunModel)" time="2.251" />
  <testcase classname="ptolemy.util.test.junit.AutoTests" name="[75] /home/travis/build/icyphy/ptII/ptolemy/domains/de/test/auto/VariableDelay.xml (RunModel)" time="0.012" />
  <testcase classname="ptolemy.util.test.junit.AutoTests" name="[76] /home/travis/build/icyphy/ptII/ptolemy/domains/de/test/auto/VariableDelay2.xml (RunModel)" time="0.009" />
  <testcase classname="ptolemy.util.test.junit.AutoTests" name="[77] /home/travis/build/icyphy/ptII/ptolemy/domains/de/test/auto/VariableDelayZeroDelay.xml (RunModel)" time="0.01" />
  <testcase classname="ptolemy.util.test.junit.AutoTests" name="[78] /home/travis/build/icyphy/ptII/ptolemy/domains/de/test/auto/VariableDelayZeroDelay2.xml (RunModel)" time="0.01" />
  <testcase classname="ptolemy.util.test.junit.AutoTests" name="[79] /home/travis/build/icyphy/ptII/ptolemy/domains/de/test/auto/deInCt.xml (RunModel)" time="0.015" />
  <testcase classname="ptolemy.util.test.junit.AutoTests" name="[80] /home/travis/build/icyphy/ptII/ptolemy/domains/de/test/auto/deInCt2.xml (RunModel)" time="0.019" />
  <testcase classname="ptolemy.util.test.junit.AutoTests" name="[81] /home/travis/build/icyphy/ptII/ptolemy/domains/de/test/auto/dynamicCausalityInterface1.xml (RunModel)" time="0.019" />
  <testcase classname="ptolemy.util.test.junit.AutoTests" name="[82] /home/travis/build/icyphy/ptII/ptolemy/domains/de/test/auto/fsm_de_test.xml (RunModel)" time="0.025" />
  <testcase classname="ptolemy.util.test.junit.AutoTests" name="[83] /home/travis/build/icyphy/ptII/ptolemy/domains/de/test/auto/functionDependencyReconstruction.xml (RunModel)" time="0.034" />
  <testcase classname="ptolemy.util.test.junit.AutoTests" name="[84] /home/travis/build/icyphy/ptII/ptolemy/domains/de/test/auto/multirate.xml (RunModel)" time="0.018" />
  <testcase classname="ptolemy.util.test.junit.AutoTests" name="[85] /home/travis/build/icyphy/ptII/ptolemy/domains/de/test/auto/multirate2.xml (RunModel)" time="0.015" />
  <testcase classname="ptolemy.util.test.junit.AutoTests" name="[86] /home/travis/build/icyphy/ptII/ptolemy/domains/de/test/auto/realtime.xml (RunModel)" time="10.01" />
  <testcase classname="ptolemy.util.test.junit.AutoTests" name="[87] /home/travis/build/icyphy/ptII/ptolemy/domains/de/test/auto/relationGroup.xml (RunModel)" time="0.014" />
  <testcase classname="ptolemy.util.test.junit.AutoTests" name="[88] /home/travis/build/icyphy/ptII/ptolemy/domains/de/test/auto/relationGroup2.xml (RunModel)" time="0.008" />
  <testcase classname="ptolemy.util.test.junit.AutoTests" name="[89] /home/travis/build/icyphy/ptII/ptolemy/domains/de/test/auto/sortWithOpaquePorts.xml (RunModel)" time="0.01" />
  <testcase classname="ptolemy.util.test.junit.AutoTests" name="[90] /home/travis/build/icyphy/ptII/ptolemy/domains/de/test/auto/transferInputsandOutputs.xml (RunModel)" time="0.016" />
  <testcase classname="ptolemy.util.test.junit.AutoTests" name="[91] /home/travis/build/icyphy/ptII/ptolemy/domains/de/test/auto/triggerType.xml (RunModel)" time="0.01" />
  <system-out><![CDATA[/home/travis/build/icyphy/ptII/ptolemy/domains/de/test/DependencyLoop.tcl
testDefs.tcl: setting time out to 9000 seconds at Sat Jun 09 15:23:57 UTC 2018
16 ms. Memory: 116224K Free: 95055K (82%)
16 ms. Memory: 146944K Free: 137430K (94%)
/home/travis/build/icyphy/ptII/ptolemy/domains/de/test/RunDETestsAsQSS.tcl
Run the DE tests using ptolemy.domains.qss.test.QSSDirectorTest, which extends QSSDirector and prints a message in the constructors.
------------------ testing $PTII/ptolemy/domains/de/test/auto/knownFailedTests/dependencyLoop.xml (Known Failure) 
7 ms. Memory: 146944K Free: 133161K (91%)


==== $PTIIhome/travis/build/icyphy/ptII/ptolemy/domains/de/test/../../../../: Auto Automatic test in file $PTII/ptolemy/domains/de/test/auto/knownFailedTests/dependencyLoop.xml
==== Contents of test case:

	    # FIXME: we should use $relativeFilename here, but it
	    # might have backslashes under Windows, which causes no end
	    # of trouble.
	    createAndExecute $file
	    list {}
	
.... Test generated KNOWN error:
    while executing
ptolemy.kernel.util.IllegalActionException: Found a zero delay loop containing .dependencyLoop.original
  in .dependencyLoop and .dependencyLoop.original
	at ptolemy.actor.util.CausalityInterfaceForComposites._computeOutputPortDepth(CausalityInterfaceForComposites.java:759)
	at ptolemy.actor.util.CausalityInterfaceForComposites._computeInputDepth(CausalityInterfaceForComposites.java:696)
	at ptolemy.actor.util.CausalityInterfaceForComposites._computeOutputPortDepth(CausalityInterfaceForComposites.java:765)
	at ptolemy.actor.util.CausalityInterfaceForComposites._computeInputDepth(CausalityInterfaceForComposites.java:696)
	at ptolemy.actor.util.CausalityInterfaceForComposites._computeOutputPortDepth(CausalityInterfaceForComposites.java:765)
	at ptolemy.actor.util.CausalityInterfaceForComposites._computeInputDepth(CausalityInterfaceForComposites.java:696)
	at ptolemy.actor.util.CausalityInterfaceForComposites._computeActorDepth(CausalityInterfaceForComposites.java:532)
	at ptolemy.actor.util.CausalityInterfaceForComposites.checkForCycles(CausalityInterfaceForComposites.java:96)
	at ptolemy.domains.de.kernel.DEDirector.preinitialize(DEDirector.java:1338)
	at ptolemy.actor.CompositeActor.preinitialize(CompositeActor.java:1828)
	at ptolemy.actor.Manager.preinitializeAndResolveTypes(Manager.java:1040)
	at ptolemy.actor.Manager.initialize(Manager.java:710)
	at ptolemy.actor.Manager.execute(Manager.java:356)
	at ptolemy.actor.Manager.run(Manager.java:1263)
	at ptolemy.actor.Manager$PtolemyRunThread.run(Manager.java:1915)

    while executing
ptolemy.kernel.util.IllegalActionException: Found a zero delay loop containing .dependencyLoop.original
  in .dependencyLoop and .dependencyLoop.original
    while executing
"java::new ptolemy.moml.MoMLSimpleApplication $file
"
    (procedure "createAndExecute" line 2)
    invoked from within
"createAndExecute $file"
    ("uplevel" body line 5)
    invoked from within
"uplevel $contents_of_test"
------------------ testing $PTII/ptolemy/domains/de/test/auto/knownFailedTests/DESDFClockTest.xml (Known Failure) 
2065 ms. Memory: 146944K Free: 117699K (80%)


==== $PTIIhome/travis/build/icyphy/ptII/ptolemy/domains/de/test/../../../../: Auto Automatic test in file $PTII/ptolemy/domains/de/test/auto/knownFailedTests/DESDFClockTest.xml
==== Contents of test case:

	    # FIXME: we should use $relativeFilename here, but it
	    # might have backslashes under Windows, which causes no end
	    # of trouble.
	    createAndExecute $file
	    list {}
	
.... Test generated KNOWN error:
    while executing
ptolemy.kernel.util.IllegalActionException: Actor is not ready to fire.  Perhaps UpSample.prefire() returned false? Try debugging the actor by selecting "Listen to Actor".  Also, for SDF check moml for tokenConsumptionRate on input.
  in .DESDFClockTest.Play Bell.Copy1:SDF Director and .DESDFClockTest.Play Bell.UpSample
	at ptolemy.actor.sched.StaticSchedulingDirector.fire(StaticSchedulingDirector.java:227)
	at ptolemy.domains.sdf.kernel.SDFDirector.fire(SDFDirector.java:500)
	at ptolemy.actor.CompositeActor.fire(CompositeActor.java:455)
	at ptolemy.domains.de.kernel.DEDirector._fire(DEDirector.java:1949)
	at ptolemy.domains.de.kernel.DEDirector.fire(DEDirector.java:502)
	at ptolemy.actor.CompositeActor.fire(CompositeActor.java:455)
	at ptolemy.actor.Manager.iterate(Manager.java:851)
	at ptolemy.actor.Manager.execute(Manager.java:369)
	at ptolemy.actor.Manager.run(Manager.java:1263)
	at ptolemy.actor.Manager$PtolemyRunThread.run(Manager.java:1915)

    while executing
ptolemy.kernel.util.IllegalActionException: Actor is not ready to fire.  Perhaps UpSample.prefire() returned false? Try debugging the actor by selecting "Listen to Actor".  Also, for SDF check moml for tokenConsumptionRate on input.
  in .DESDFClockTest.Play Bell.Copy1:SDF Director and .DESDFClockTest.Play Bell.UpSample
    while executing
"java::new ptolemy.moml.MoMLSimpleApplication $file
"
    (procedure "createAndExecute" line 2)
    invoked from within
"createAndExecute $file"
    ("uplevel" body line 5)
    invoked from within
"uplevel $contents_of_test"
------------------ testing $PTII/ptolemy/domains/de/test/auto/knownFailedTests/FSMSource.xml (Known Failure) 
36 ms. Memory: 146944K Free: 108771K (74%)
!!!! Auto was marked as failing, but now passes
------------------ testing $PTII/ptolemy/domains/de/test/auto/knownFailedTests/dependencyLoop2.xml (Known Failure) 
6 ms. Memory: 146944K Free: 106887K (73%)


==== $PTIIhome/travis/build/icyphy/ptII/ptolemy/domains/de/test/../../../../: Auto Automatic test in file $PTII/ptolemy/domains/de/test/auto/knownFailedTests/dependencyLoop2.xml
==== Contents of test case:

	    # FIXME: we should use $relativeFilename here, but it
	    # might have backslashes under Windows, which causes no end
	    # of trouble.
	    createAndExecute $file
	    list {}
	
.... Test generated KNOWN error:
    while executing
ptolemy.kernel.util.IllegalActionException: Found a zero delay loop containing .dependencyLoop2.original
  in .dependencyLoop2 and .dependencyLoop2.original
	at ptolemy.actor.util.CausalityInterfaceForComposites._computeOutputPortDepth(CausalityInterfaceForComposites.java:759)
	at ptolemy.actor.util.CausalityInterfaceForComposites._computeInputDepth(CausalityInterfaceForComposites.java:696)
	at ptolemy.actor.util.CausalityInterfaceForComposites._computeOutputPortDepth(CausalityInterfaceForComposites.java:765)
	at ptolemy.actor.util.CausalityInterfaceForComposites._computeInputDepth(CausalityInterfaceForComposites.java:696)
	at ptolemy.actor.util.CausalityInterfaceForComposites._computeOutputPortDepth(CausalityInterfaceForComposites.java:765)
	at ptolemy.actor.util.CausalityInterfaceForComposites._computeInputDepth(CausalityInterfaceForComposites.java:696)
	at ptolemy.actor.util.CausalityInterfaceForComposites._computeActorDepth(CausalityInterfaceForComposites.java:532)
	at ptolemy.actor.util.CausalityInterfaceForComposites.checkForCycles(CausalityInterfaceForComposites.java:96)
	at ptolemy.domains.de.kernel.DEDirector.preinitialize(DEDirector.java:1338)
	at ptolemy.actor.CompositeActor.preinitialize(CompositeActor.java:1828)
	at ptolemy.actor.Manager.preinitializeAndResolveTypes(Manager.java:1040)
	at ptolemy.actor.Manager.initialize(Manager.java:710)
	at ptolemy.actor.Manager.execute(Manager.java:356)
	at ptolemy.actor.Manager.run(Manager.java:1263)
	at ptolemy.actor.Manager$PtolemyRunThread.run(Manager.java:1915)

    while executing
ptolemy.kernel.util.IllegalActionException: Found a zero delay loop containing .dependencyLoop2.original
  in .dependencyLoop2 and .dependencyLoop2.original
    while executing
"java::new ptolemy.moml.MoMLSimpleApplication $file
"
    (procedure "createAndExecute" line 2)
    invoked from within
"createAndExecute $file"
    ("uplevel" body line 5)
    invoked from within
"uplevel $contents_of_test"
------------------ testing $PTII/ptolemy/domains/de/test/auto/knownFailedTests/HierarchicalModel.xml (Known Failure) 
12 ms. Memory: 146944K Free: 85225K (58%)


==== $PTIIhome/travis/build/icyphy/ptII/ptolemy/domains/de/test/../../../../: Auto Automatic test in file $PTII/ptolemy/domains/de/test/auto/knownFailedTests/HierarchicalModel.xml
==== Contents of test case:

	    # FIXME: we should use $relativeFilename here, but it
	    # might have backslashes under Windows, which causes no end
	    # of trouble.
	    createAndExecute $file
	    list {}
	
.... Test generated KNOWN error:
    while executing
ptolemy.kernel.util.IllegalActionException: Found a zero delay loop containing .HierarchicalModel.A
  in .HierarchicalModel and .HierarchicalModel.A
	at ptolemy.actor.util.CausalityInterfaceForComposites._computeOutputPortDepth(CausalityInterfaceForComposites.java:759)
	at ptolemy.actor.util.CausalityInterfaceForComposites._computeInputDepth(CausalityInterfaceForComposites.java:696)
	at ptolemy.actor.util.CausalityInterfaceForComposites._computeOutputPortDepth(CausalityInterfaceForComposites.java:765)
	at ptolemy.actor.util.CausalityInterfaceForComposites._computeInputDepth(CausalityInterfaceForComposites.java:696)
	at ptolemy.actor.util.CausalityInterfaceForComposites._computeOutputPortDepth(CausalityInterfaceForComposites.java:765)
	at ptolemy.actor.util.CausalityInterfaceForComposites._computeInputDepth(CausalityInterfaceForComposites.java:696)
	at ptolemy.actor.util.CausalityInterfaceForComposites._computeActorDepth(CausalityInterfaceForComposites.java:532)
	at ptolemy.actor.util.CausalityInterfaceForComposites.checkForCycles(CausalityInterfaceForComposites.java:96)
	at ptolemy.domains.de.kernel.DEDirector.preinitialize(DEDirector.java:1338)
	at ptolemy.actor.CompositeActor.preinitialize(CompositeActor.java:1828)
	at ptolemy.actor.Manager.preinitializeAndResolveTypes(Manager.java:1040)
	at ptolemy.actor.Manager.initialize(Manager.java:710)
	at ptolemy.actor.Manager.execute(Manager.java:356)
	at ptolemy.actor.Manager.run(Manager.java:1263)
	at ptolemy.actor.Manager$PtolemyRunThread.run(Manager.java:1915)

    while executing
ptolemy.kernel.util.IllegalActionException: Found a zero delay loop containing .HierarchicalModel.A
  in .HierarchicalModel and .HierarchicalModel.A
    while executing
"java::new ptolemy.moml.MoMLSimpleApplication $file
"
    (procedure "createAndExecute" line 2)
    invoked from within
"createAndExecute $file"
    ("uplevel" body line 5)
    invoked from within
"uplevel $contents_of_test"
------------------ testing $PTII/ptolemy/domains/de/test/auto/knownFailedTests/DirectFeedback.xml (Known Failure) 
15 ms. Memory: 146944K Free: 142617K (97%)


==== $PTIIhome/travis/build/icyphy/ptII/ptolemy/domains/de/test/../../../../: Auto Automatic test in file $PTII/ptolemy/domains/de/test/auto/knownFailedTests/DirectFeedback.xml
==== Contents of test case:

	    # FIXME: we should use $relativeFilename here, but it
	    # might have backslashes under Windows, which causes no end
	    # of trouble.
	    createAndExecute $file
	    list {}
	
.... Test generated KNOWN error:
    while executing
ptolemy.kernel.util.IllegalActionException: Test fails in iteration 1.
Value was: 1.0. Should have been: 2.0
  in .DirectFeedback.Test
	at ptolemy.actor.lib.Test.fire(Test.java:268)
	at ptolemy.domains.de.kernel.DEDirector._fire(DEDirector.java:1949)
	at ptolemy.domains.de.kernel.DEDirector.fire(DEDirector.java:502)
	at ptolemy.actor.CompositeActor.fire(CompositeActor.java:455)
	at ptolemy.actor.Manager.iterate(Manager.java:851)
	at ptolemy.actor.Manager.execute(Manager.java:369)
	at ptolemy.actor.Manager.run(Manager.java:1263)
	at ptolemy.actor.Manager$PtolemyRunThread.run(Manager.java:1915)

    while executing
ptolemy.kernel.util.IllegalActionException: Test fails in iteration 1.
Value was: 1.0. Should have been: 2.0
  in .DirectFeedback.Test
    while executing
"java::new ptolemy.moml.MoMLSimpleApplication $file
"
    (procedure "createAndExecute" line 2)
    invoked from within
"createAndExecute $file"
    ("uplevel" body line 5)
    invoked from within
"uplevel $contents_of_test"
------------------ testing $PTII/ptolemy/domains/de/test/auto/ActorDepthCalculation_actorWithoutPorts.xml
auto.tcl: Setting watchdog for 200 seconds at Sat Jun 09 15:24:01 UTC 2018
4 ms. Memory: 146944K Free: 133704K (91%)
ptolemy.util.test.WatchDog.cancel(): canceling Sat Jun 09 15:24:01 UTC 2018
auto.tcl: Setting watchdog for 200 seconds at Sat Jun 09 15:24:01 UTC 2018
5 ms. Memory: 146944K Free: 132673K (90%)
ptolemy.util.test.WatchDog.cancel(): canceling Sat Jun 09 15:24:01 UTC 2018
------------------ testing $PTII/ptolemy/domains/de/test/auto/AssemblyLine.xml
auto.tcl: Setting watchdog for 200 seconds at Sat Jun 09 15:24:01 UTC 2018
21 ms. Memory: 208384K Free: 186380K (89%)
ptolemy.util.test.WatchDog.cancel(): canceling Sat Jun 09 15:24:01 UTC 2018
auto.tcl: Setting watchdog for 200 seconds at Sat Jun 09 15:24:01 UTC 2018
6 ms. Memory: 208384K Free: 186380K (89%)
ptolemy.util.test.WatchDog.cancel(): canceling Sat Jun 09 15:24:01 UTC 2018
------------------ testing $PTII/ptolemy/domains/de/test/auto/CQBug1.xml
auto.tcl: Setting watchdog for 200 seconds at Sat Jun 09 15:24:02 UTC 2018
7 ms. Memory: 208384K Free: 197746K (95%)
ptolemy.util.test.WatchDog.cancel(): canceling Sat Jun 09 15:24:02 UTC 2018
auto.tcl: Setting watchdog for 200 seconds at Sat Jun 09 15:24:02 UTC 2018
2 ms. Memory: 208384K Free: 197746K (95%)
ptolemy.util.test.WatchDog.cancel(): canceling Sat Jun 09 15:24:02 UTC 2018
------------------ testing $PTII/ptolemy/domains/de/test/auto/CancelFireAt.xml
auto.tcl: Setting watchdog for 200 seconds at Sat Jun 09 15:24:02 UTC 2018
13 ms. Memory: 208384K Free: 201453K (97%)
ptolemy.util.test.WatchDog.cancel(): canceling Sat Jun 09 15:24:02 UTC 2018
auto.tcl: Setting watchdog for 200 seconds at Sat Jun 09 15:24:02 UTC 2018
3 ms. Memory: 208384K Free: 199366K (96%)
ptolemy.util.test.WatchDog.cancel(): canceling Sat Jun 09 15:24:02 UTC 2018
------------------ testing $PTII/ptolemy/domains/de/test/auto/CausalityAndComposabilityAnalysis.xml
auto.tcl: Setting watchdog for 200 seconds at Sat Jun 09 15:24:02 UTC 2018
12 ms. Memory: 208384K Free: 196540K (94%)
ptolemy.util.test.WatchDog.cancel(): canceling Sat Jun 09 15:24:02 UTC 2018
auto.tcl: Setting watchdog for 200 seconds at Sat Jun 09 15:24:02 UTC 2018
6 ms. Memory: 208384K Free: 196540K (94%)
ptolemy.util.test.WatchDog.cancel(): canceling Sat Jun 09 15:24:02 UTC 2018
------------------ testing $PTII/ptolemy/domains/de/test/auto/CausalityInterface1.xml
auto.tcl: Setting watchdog for 200 seconds at Sat Jun 09 15:24:02 UTC 2018
20 ms. Memory: 208384K Free: 196477K (94%)
ptolemy.util.test.WatchDog.cancel(): canceling Sat Jun 09 15:24:02 UTC 2018
auto.tcl: Setting watchdog for 200 seconds at Sat Jun 09 15:24:02 UTC 2018
3 ms. Memory: 208384K Free: 196477K (94%)
ptolemy.util.test.WatchDog.cancel(): canceling Sat Jun 09 15:24:02 UTC 2018
------------------ testing $PTII/ptolemy/domains/de/test/auto/CausalityInterface15.xml
auto.tcl: Setting watchdog for 200 seconds at Sat Jun 09 15:24:02 UTC 2018
13 ms. Memory: 208384K Free: 196467K (94%)
ptolemy.util.test.WatchDog.cancel(): canceling Sat Jun 09 15:24:02 UTC 2018
auto.tcl: Setting watchdog for 200 seconds at Sat Jun 09 15:24:02 UTC 2018
4 ms. Memory: 208384K Free: 194379K (93%)
ptolemy.util.test.WatchDog.cancel(): canceling Sat Jun 09 15:24:02 UTC 2018
------------------ testing $PTII/ptolemy/domains/de/test/auto/CausalityInterface2.xml
auto.tcl: Setting watchdog for 200 seconds at Sat Jun 09 15:24:02 UTC 2018
11 ms. Memory: 208384K Free: 196452K (94%)
ptolemy.util.test.WatchDog.cancel(): canceling Sat Jun 09 15:24:02 UTC 2018
auto.tcl: Setting watchdog for 200 seconds at Sat Jun 09 15:24:02 UTC 2018
3 ms. Memory: 208384K Free: 196452K (94%)
ptolemy.util.test.WatchDog.cancel(): canceling Sat Jun 09 15:24:02 UTC 2018
------------------ testing $PTII/ptolemy/domains/de/test/auto/CausalityInterface3.xml
auto.tcl: Setting watchdog for 200 seconds at Sat Jun 09 15:24:02 UTC 2018
6 ms. Memory: 208384K Free: 196463K (94%)
ptolemy.util.test.WatchDog.cancel(): canceling Sat Jun 09 15:24:02 UTC 2018
auto.tcl: Setting watchdog for 200 seconds at Sat Jun 09 15:24:02 UTC 2018
11 ms. Memory: 208384K Free: 196463K (94%)
ptolemy.util.test.WatchDog.cancel(): canceling Sat Jun 09 15:24:02 UTC 2018
------------------ testing $PTII/ptolemy/domains/de/test/auto/ClockDrift.xml
auto.tcl: Setting watchdog for 200 seconds at Sat Jun 09 15:24:02 UTC 2018
103 ms. Memory: 208384K Free: 187734K (90%)
ptolemy.util.test.WatchDog.cancel(): canceling Sat Jun 09 15:24:03 UTC 2018
auto.tcl: Setting watchdog for 200 seconds at Sat Jun 09 15:24:03 UTC 2018
44 ms. Memory: 208384K Free: 185647K (89%)
ptolemy.util.test.WatchDog.cancel(): canceling Sat Jun 09 15:24:03 UTC 2018
------------------ testing $PTII/ptolemy/domains/de/test/auto/ClockDriftAndValueChange.xml
auto.tcl: Setting watchdog for 200 seconds at Sat Jun 09 15:24:03 UTC 2018
45 ms. Memory: 208384K Free: 187569K (90%)
ptolemy.util.test.WatchDog.cancel(): canceling Sat Jun 09 15:24:03 UTC 2018
auto.tcl: Setting watchdog for 200 seconds at Sat Jun 09 15:24:03 UTC 2018
41 ms. Memory: 208384K Free: 185482K (89%)
ptolemy.util.test.WatchDog.cancel(): canceling Sat Jun 09 15:24:03 UTC 2018
------------------ testing $PTII/ptolemy/domains/de/test/auto/ClockDriftChange.xml
auto.tcl: Setting watchdog for 200 seconds at Sat Jun 09 15:24:03 UTC 2018
34 ms. Memory: 208384K Free: 190877K (92%)
ptolemy.util.test.WatchDog.cancel(): canceling Sat Jun 09 15:24:03 UTC 2018
auto.tcl: Setting watchdog for 200 seconds at Sat Jun 09 15:24:03 UTC 2018
28 ms. Memory: 208384K Free: 188790K (91%)
ptolemy.util.test.WatchDog.cancel(): canceling Sat Jun 09 15:24:03 UTC 2018
------------------ testing $PTII/ptolemy/domains/de/test/auto/ComposableCausalityAnalysis.xml
auto.tcl: Setting watchdog for 200 seconds at Sat Jun 09 15:24:03 UTC 2018
3 ms. Memory: 208384K Free: 196073K (94%)
ptolemy.util.test.WatchDog.cancel(): canceling Sat Jun 09 15:24:03 UTC 2018
auto.tcl: Setting watchdog for 200 seconds at Sat Jun 09 15:24:03 UTC 2018
2 ms. Memory: 208384K Free: 193986K (93%)
ptolemy.util.test.WatchDog.cancel(): canceling Sat Jun 09 15:24:03 UTC 2018
------------------ testing $PTII/ptolemy/domains/de/test/auto/DEFixedPointLimitation.xml
auto.tcl: Setting watchdog for 200 seconds at Sat Jun 09 15:24:03 UTC 2018
2 ms. Memory: 208384K Free: 196152K (94%)
ptolemy.util.test.WatchDog.cancel(): canceling Sat Jun 09 15:24:03 UTC 2018
auto.tcl: Setting watchdog for 200 seconds at Sat Jun 09 15:24:03 UTC 2018
3 ms. Memory: 208384K Free: 196152K (94%)
ptolemy.util.test.WatchDog.cancel(): canceling Sat Jun 09 15:24:03 UTC 2018
------------------ testing $PTII/ptolemy/domains/de/test/auto/DEScheduleTest.xml
auto.tcl: Setting watchdog for 200 seconds at Sat Jun 09 15:24:03 UTC 2018
4 ms. Memory: 208384K Free: 198613K (95%)
ptolemy.util.test.WatchDog.cancel(): canceling Sat Jun 09 15:24:03 UTC 2018
auto.tcl: Setting watchdog for 200 seconds at Sat Jun 09 15:24:03 UTC 2018
4 ms. Memory: 208384K Free: 196188K (94%)
ptolemy.util.test.WatchDog.cancel(): canceling Sat Jun 09 15:24:03 UTC 2018
------------------ testing $PTII/ptolemy/domains/de/test/auto/DEinDEwithStartTimes.xml
auto.tcl: Setting watchdog for 200 seconds at Sat Jun 09 15:24:03 UTC 2018
7 ms. Memory: 208384K Free: 196157K (94%)
ptolemy.util.test.WatchDog.cancel(): canceling Sat Jun 09 15:24:03 UTC 2018
auto.tcl: Setting watchdog for 200 seconds at Sat Jun 09 15:24:03 UTC 2018
5 ms. Memory: 208384K Free: 194070K (93%)
ptolemy.util.test.WatchDog.cancel(): canceling Sat Jun 09 15:24:03 UTC 2018
------------------ testing $PTII/ptolemy/domains/de/test/auto/DEinDEwithStartTimes2.xml
auto.tcl: Setting watchdog for 200 seconds at Sat Jun 09 15:24:03 UTC 2018
9 ms. Memory: 208384K Free: 196137K (94%)
ptolemy.util.test.WatchDog.cancel(): canceling Sat Jun 09 15:24:03 UTC 2018
auto.tcl: Setting watchdog for 200 seconds at Sat Jun 09 15:24:03 UTC 2018
5 ms. Memory: 208384K Free: 194050K (93%)
ptolemy.util.test.WatchDog.cancel(): canceling Sat Jun 09 15:24:03 UTC 2018
------------------ testing $PTII/ptolemy/domains/de/test/auto/DateDemo.xml
auto.tcl: Setting watchdog for 200 seconds at Sat Jun 09 15:24:03 UTC 2018
12 ms. Memory: 208384K Free: 188612K (91%)
ptolemy.util.test.WatchDog.cancel(): canceling Sat Jun 09 15:24:04 UTC 2018
auto.tcl: Setting watchdog for 200 seconds at Sat Jun 09 15:24:04 UTC 2018
12 ms. Memory: 208384K Free: 186525K (90%)
ptolemy.util.test.WatchDog.cancel(): canceling Sat Jun 09 15:24:04 UTC 2018
------------------ testing $PTII/ptolemy/domains/de/test/auto/DateToEvent.xml
auto.tcl: Setting watchdog for 200 seconds at Sat Jun 09 15:24:04 UTC 2018
2013 ms. Memory: 208384K Free: 183366K (88%)
ptolemy.util.test.WatchDog.cancel(): canceling Sat Jun 09 15:24:06 UTC 2018
auto.tcl: Setting watchdog for 200 seconds at Sat Jun 09 15:24:06 UTC 2018
2006 ms. Memory: 208384K Free: 183366K (88%)
ptolemy.util.test.WatchDog.cancel(): canceling Sat Jun 09 15:24:08 UTC 2018
------------------ testing $PTII/ptolemy/domains/de/test/auto/DepthTest1.xml
auto.tcl: Setting watchdog for 200 seconds at Sat Jun 09 15:24:08 UTC 2018
8 ms. Memory: 208384K Free: 198141K (95%)
ptolemy.util.test.WatchDog.cancel(): canceling Sat Jun 09 15:24:08 UTC 2018
auto.tcl: Setting watchdog for 200 seconds at Sat Jun 09 15:24:08 UTC 2018
6 ms. Memory: 208384K Free: 198141K (95%)
ptolemy.util.test.WatchDog.cancel(): canceling Sat Jun 09 15:24:08 UTC 2018
------------------ testing $PTII/ptolemy/domains/de/test/auto/DepthTest2.xml
auto.tcl: Setting watchdog for 200 seconds at Sat Jun 09 15:24:08 UTC 2018
4 ms. Memory: 208384K Free: 194062K (93%)
ptolemy.util.test.WatchDog.cancel(): canceling Sat Jun 09 15:24:08 UTC 2018
auto.tcl: Setting watchdog for 200 seconds at Sat Jun 09 15:24:08 UTC 2018
7 ms. Memory: 208384K Free: 194062K (93%)
ptolemy.util.test.WatchDog.cancel(): canceling Sat Jun 09 15:24:08 UTC 2018
------------------ testing $PTII/ptolemy/domains/de/test/auto/DepthTest3.xml
auto.tcl: Setting watchdog for 200 seconds at Sat Jun 09 15:24:08 UTC 2018
2 ms. Memory: 208384K Free: 198138K (95%)
ptolemy.util.test.WatchDog.cancel(): canceling Sat Jun 09 15:24:08 UTC 2018
auto.tcl: Setting watchdog for 200 seconds at Sat Jun 09 15:24:08 UTC 2018
2 ms. Memory: 208384K Free: 198138K (95%)
ptolemy.util.test.WatchDog.cancel(): canceling Sat Jun 09 15:24:08 UTC 2018
------------------ testing $PTII/ptolemy/domains/de/test/auto/DepthTest4.xml
auto.tcl: Setting watchdog for 200 seconds at Sat Jun 09 15:24:08 UTC 2018
4 ms. Memory: 208384K Free: 196137K (94%)
ptolemy.util.test.WatchDog.cancel(): canceling Sat Jun 09 15:24:08 UTC 2018
auto.tcl: Setting watchdog for 200 seconds at Sat Jun 09 15:24:08 UTC 2018
2 ms. Memory: 208384K Free: 196137K (94%)
ptolemy.util.test.WatchDog.cancel(): canceling Sat Jun 09 15:24:08 UTC 2018
------------------ testing $PTII/ptolemy/domains/de/test/auto/DepthTest5.xml
auto.tcl: Setting watchdog for 200 seconds at Sat Jun 09 15:24:08 UTC 2018
3 ms. Memory: 208384K Free: 196422K (94%)
ptolemy.util.test.WatchDog.cancel(): canceling Sat Jun 09 15:24:08 UTC 2018
auto.tcl: Setting watchdog for 200 seconds at Sat Jun 09 15:24:08 UTC 2018
2 ms. Memory: 208384K Free: 196422K (94%)
ptolemy.util.test.WatchDog.cancel(): canceling Sat Jun 09 15:24:08 UTC 2018
------------------ testing $PTII/ptolemy/domains/de/test/auto/DepthTest6.xml
auto.tcl: Setting watchdog for 200 seconds at Sat Jun 09 15:24:08 UTC 2018
8 ms. Memory: 208384K Free: 196399K (94%)
ptolemy.util.test.WatchDog.cancel(): canceling Sat Jun 09 15:24:08 UTC 2018
auto.tcl: Setting watchdog for 200 seconds at Sat Jun 09 15:24:08 UTC 2018
3 ms. Memory: 208384K Free: 196399K (94%)
ptolemy.util.test.WatchDog.cancel(): canceling Sat Jun 09 15:24:08 UTC 2018
------------------ testing $PTII/ptolemy/domains/de/test/auto/DepthTest7.xml
auto.tcl: Setting watchdog for 200 seconds at Sat Jun 09 15:24:08 UTC 2018
2 ms. Memory: 208384K Free: 194813K (93%)
ptolemy.util.test.WatchDog.cancel(): canceling Sat Jun 09 15:24:08 UTC 2018
auto.tcl: Setting watchdog for 200 seconds at Sat Jun 09 15:24:08 UTC 2018
2 ms. Memory: 208384K Free: 194813K (93%)
ptolemy.util.test.WatchDog.cancel(): canceling Sat Jun 09 15:24:08 UTC 2018
------------------ testing $PTII/ptolemy/domains/de/test/auto/EventToDate.xml
auto.tcl: Setting watchdog for 200 seconds at Sat Jun 09 15:24:08 UTC 2018
3007 ms. Memory: 208384K Free: 183170K (88%)
ptolemy.util.test.WatchDog.cancel(): canceling Sat Jun 09 15:24:11 UTC 2018
auto.tcl: Setting watchdog for 200 seconds at Sat Jun 09 15:24:11 UTC 2018
3003 ms. Memory: 208384K Free: 183170K (88%)
ptolemy.util.test.WatchDog.cancel(): canceling Sat Jun 09 15:24:14 UTC 2018
------------------ testing $PTII/ptolemy/domains/de/test/auto/FSM1.xml
auto.tcl: Setting watchdog for 200 seconds at Sat Jun 09 15:24:14 UTC 2018
45 ms. Memory: 208384K Free: 187034K (90%)
ptolemy.util.test.WatchDog.cancel(): canceling Sat Jun 09 15:24:14 UTC 2018
auto.tcl: Setting watchdog for 200 seconds at Sat Jun 09 15:24:14 UTC 2018
46 ms. Memory: 208384K Free: 184947K (89%)
ptolemy.util.test.WatchDog.cancel(): canceling Sat Jun 09 15:24:15 UTC 2018
------------------ testing $PTII/ptolemy/domains/de/test/auto/FSM7.xml
auto.tcl: Setting watchdog for 200 seconds at Sat Jun 09 15:24:15 UTC 2018
24 ms. Memory: 208384K Free: 187236K (90%)
ptolemy.util.test.WatchDog.cancel(): canceling Sat Jun 09 15:24:15 UTC 2018
auto.tcl: Setting watchdog for 200 seconds at Sat Jun 09 15:24:15 UTC 2018
23 ms. Memory: 208384K Free: 185149K (89%)
ptolemy.util.test.WatchDog.cancel(): canceling Sat Jun 09 15:24:15 UTC 2018
------------------ testing $PTII/ptolemy/domains/de/test/auto/Inspection.xml
auto.tcl: Setting watchdog for 200 seconds at Sat Jun 09 15:24:15 UTC 2018
44 ms. Memory: 208384K Free: 188448K (90%)
ptolemy.util.test.WatchDog.cancel(): canceling Sat Jun 09 15:24:15 UTC 2018
auto.tcl: Setting watchdog for 200 seconds at Sat Jun 09 15:24:15 UTC 2018
33 ms. Memory: 208384K Free: 186361K (89%)
ptolemy.util.test.WatchDog.cancel(): canceling Sat Jun 09 15:24:15 UTC 2018
------------------ testing $PTII/ptolemy/domains/de/test/auto/Iteration.xml
auto.tcl: Setting watchdog for 200 seconds at Sat Jun 09 15:24:15 UTC 2018
8 ms. Memory: 208384K Free: 194098K (93%)
ptolemy.util.test.WatchDog.cancel(): canceling Sat Jun 09 15:24:15 UTC 2018
auto.tcl: Setting watchdog for 200 seconds at Sat Jun 09 15:24:15 UTC 2018
7 ms. Memory: 208384K Free: 193760K (93%)
ptolemy.util.test.WatchDog.cancel(): canceling Sat Jun 09 15:24:15 UTC 2018
------------------ testing $PTII/ptolemy/domains/de/test/auto/LineFault.xml
auto.tcl: Setting watchdog for 200 seconds at Sat Jun 09 15:24:15 UTC 2018
679 ms. Memory: 208384K Free: 193829K (93%)
ptolemy.util.test.WatchDog.cancel(): canceling Sat Jun 09 15:24:16 UTC 2018
auto.tcl: Setting watchdog for 200 seconds at Sat Jun 09 15:24:16 UTC 2018
596 ms. Memory: 208384K Free: 136402K (65%)
ptolemy.util.test.WatchDog.cancel(): canceling Sat Jun 09 15:24:17 UTC 2018
------------------ testing $PTII/ptolemy/domains/de/test/auto/MergeModel1Add.xml
auto.tcl: Setting watchdog for 200 seconds at Sat Jun 09 15:24:17 UTC 2018
23 ms. Memory: 331264K Free: 299081K (90%)
ptolemy.util.test.WatchDog.cancel(): canceling Sat Jun 09 15:24:17 UTC 2018
auto.tcl: Setting watchdog for 200 seconds at Sat Jun 09 15:24:17 UTC 2018
12 ms. Memory: 331264K Free: 299081K (90%)
ptolemy.util.test.WatchDog.cancel(): canceling Sat Jun 09 15:24:17 UTC 2018
------------------ testing $PTII/ptolemy/domains/de/test/auto/MergeModel2Add.xml
auto.tcl: Setting watchdog for 200 seconds at Sat Jun 09 15:24:17 UTC 2018
14 ms. Memory: 331264K Free: 304291K (92%)
ptolemy.util.test.WatchDog.cancel(): canceling Sat Jun 09 15:24:17 UTC 2018
auto.tcl: Setting watchdog for 200 seconds at Sat Jun 09 15:24:17 UTC 2018
17 ms. Memory: 331264K Free: 300405K (91%)
ptolemy.util.test.WatchDog.cancel(): canceling Sat Jun 09 15:24:17 UTC 2018
------------------ testing $PTII/ptolemy/domains/de/test/auto/MergeModel3Add.xml
auto.tcl: Setting watchdog for 200 seconds at Sat Jun 09 15:24:17 UTC 2018
8 ms. Memory: 331264K Free: 304239K (92%)
ptolemy.util.test.WatchDog.cancel(): canceling Sat Jun 09 15:24:17 UTC 2018
auto.tcl: Setting watchdog for 200 seconds at Sat Jun 09 15:24:17 UTC 2018
8 ms. Memory: 331264K Free: 300368K (91%)
ptolemy.util.test.WatchDog.cancel(): canceling Sat Jun 09 15:24:17 UTC 2018
------------------ testing $PTII/ptolemy/domains/de/test/auto/MergeWithoutDiscard.xml
auto.tcl: Setting watchdog for 200 seconds at Sat Jun 09 15:24:17 UTC 2018
6 ms. Memory: 331264K Free: 315893K (95%)
ptolemy.util.test.WatchDog.cancel(): canceling Sat Jun 09 15:24:17 UTC 2018
auto.tcl: Setting watchdog for 200 seconds at Sat Jun 09 15:24:17 UTC 2018
1 ms. Memory: 331264K Free: 315893K (95%)
ptolemy.util.test.WatchDog.cancel(): canceling Sat Jun 09 15:24:17 UTC 2018
------------------ testing $PTII/ptolemy/domains/de/test/auto/Modal1.xml
auto.tcl: Setting watchdog for 200 seconds at Sat Jun 09 15:24:17 UTC 2018
20 ms. Memory: 331264K Free: 309879K (94%)
ptolemy.util.test.WatchDog.cancel(): canceling Sat Jun 09 15:24:17 UTC 2018
auto.tcl: Setting watchdog for 200 seconds at Sat Jun 09 15:24:17 UTC 2018
25 ms. Memory: 331264K Free: 306009K (92%)
ptolemy.util.test.WatchDog.cancel(): canceling Sat Jun 09 15:24:17 UTC 2018
------------------ testing $PTII/ptolemy/domains/de/test/auto/Modal2.xml
auto.tcl: Setting watchdog for 200 seconds at Sat Jun 09 15:24:17 UTC 2018
14 ms. Memory: 331264K Free: 309753K (94%)
ptolemy.util.test.WatchDog.cancel(): canceling Sat Jun 09 15:24:17 UTC 2018
auto.tcl: Setting watchdog for 200 seconds at Sat Jun 09 15:24:17 UTC 2018
21 ms. Memory: 331264K Free: 305882K (92%)
ptolemy.util.test.WatchDog.cancel(): canceling Sat Jun 09 15:24:17 UTC 2018
------------------ testing $PTII/ptolemy/domains/de/test/auto/Modal3.xml
auto.tcl: Setting watchdog for 200 seconds at Sat Jun 09 15:24:17 UTC 2018
15 ms. Memory: 331264K Free: 310036K (94%)
ptolemy.util.test.WatchDog.cancel(): canceling Sat Jun 09 15:24:17 UTC 2018
auto.tcl: Setting watchdog for 200 seconds at Sat Jun 09 15:24:17 UTC 2018
16 ms. Memory: 331264K Free: 305881K (92%)
ptolemy.util.test.WatchDog.cancel(): canceling Sat Jun 09 15:24:17 UTC 2018
------------------ testing $PTII/ptolemy/domains/de/test/auto/Modal4.xml
auto.tcl: Setting watchdog for 200 seconds at Sat Jun 09 15:24:17 UTC 2018
30 ms. Memory: 331264K Free: 304849K (92%)
ptolemy.util.test.WatchDog.cancel(): canceling Sat Jun 09 15:24:18 UTC 2018
auto.tcl: Setting watchdog for 200 seconds at Sat Jun 09 15:24:18 UTC 2018
25 ms. Memory: 331264K Free: 300979K (91%)
ptolemy.util.test.WatchDog.cancel(): canceling Sat Jun 09 15:24:18 UTC 2018
------------------ testing $PTII/ptolemy/domains/de/test/auto/Modal5.xml
auto.tcl: Setting watchdog for 200 seconds at Sat Jun 09 15:24:18 UTC 2018
23 ms. Memory: 331264K Free: 309736K (94%)
ptolemy.util.test.WatchDog.cancel(): canceling Sat Jun 09 15:24:18 UTC 2018
auto.tcl: Setting watchdog for 200 seconds at Sat Jun 09 15:24:18 UTC 2018
20 ms. Memory: 331264K Free: 305850K (92%)
ptolemy.util.test.WatchDog.cancel(): canceling Sat Jun 09 15:24:18 UTC 2018
------------------ testing $PTII/ptolemy/domains/de/test/auto/Modal6.xml
auto.tcl: Setting watchdog for 200 seconds at Sat Jun 09 15:24:18 UTC 2018
12 ms. Memory: 331264K Free: 309733K (94%)
ptolemy.util.test.WatchDog.cancel(): canceling Sat Jun 09 15:24:18 UTC 2018
auto.tcl: Setting watchdog for 200 seconds at Sat Jun 09 15:24:18 UTC 2018
15 ms. Memory: 331264K Free: 305847K (92%)
ptolemy.util.test.WatchDog.cancel(): canceling Sat Jun 09 15:24:18 UTC 2018
------------------ testing $PTII/ptolemy/domains/de/test/auto/Modal7.xml
auto.tcl: Setting watchdog for 200 seconds at Sat Jun 09 15:24:18 UTC 2018
10 ms. Memory: 331264K Free: 305863K (92%)
ptolemy.util.test.WatchDog.cancel(): canceling Sat Jun 09 15:24:18 UTC 2018
auto.tcl: Setting watchdog for 200 seconds at Sat Jun 09 15:24:18 UTC 2018
11 ms. Memory: 331264K Free: 305863K (92%)
ptolemy.util.test.WatchDog.cancel(): canceling Sat Jun 09 15:24:18 UTC 2018
------------------ testing $PTII/ptolemy/domains/de/test/auto/ModalModel.xml
auto.tcl: Setting watchdog for 200 seconds at Sat Jun 09 15:24:18 UTC 2018
232 ms. Memory: 331264K Free: 248722K (75%)
ptolemy.util.test.WatchDog.cancel(): canceling Sat Jun 09 15:24:18 UTC 2018
auto.tcl: Setting watchdog for 200 seconds at Sat Jun 09 15:24:18 UTC 2018
210 ms. Memory: 331264K Free: 190508K (58%)
ptolemy.util.test.WatchDog.cancel(): canceling Sat Jun 09 15:24:18 UTC 2018
------------------ testing $PTII/ptolemy/domains/de/test/auto/ModalSource.xml
auto.tcl: Setting watchdog for 200 seconds at Sat Jun 09 15:24:18 UTC 2018
10 ms. Memory: 331264K Free: 316343K (95%)
ptolemy.util.test.WatchDog.cancel(): canceling Sat Jun 09 15:24:19 UTC 2018
auto.tcl: Setting watchdog for 200 seconds at Sat Jun 09 15:24:19 UTC 2018
6 ms. Memory: 331264K Free: 312832K (94%)
ptolemy.util.test.WatchDog.cancel(): canceling Sat Jun 09 15:24:19 UTC 2018
------------------ testing $PTII/ptolemy/domains/de/test/auto/NonInterruptibleTimerZeroDelay.xml
auto.tcl: Setting watchdog for 200 seconds at Sat Jun 09 15:24:19 UTC 2018
4 ms. Memory: 331264K Free: 320677K (97%)
ptolemy.util.test.WatchDog.cancel(): canceling Sat Jun 09 15:24:19 UTC 2018
auto.tcl: Setting watchdog for 200 seconds at Sat Jun 09 15:24:19 UTC 2018
2 ms. Memory: 331264K Free: 317181K (96%)
ptolemy.util.test.WatchDog.cancel(): canceling Sat Jun 09 15:24:19 UTC 2018
------------------ testing $PTII/ptolemy/domains/de/test/auto/OpenQueueingNetwork.xml
auto.tcl: Setting watchdog for 200 seconds at Sat Jun 09 15:24:19 UTC 2018
3182 ms. Memory: 307712K Free: 149536K (49%)
ptolemy.util.test.WatchDog.cancel(): canceling Sat Jun 09 15:24:22 UTC 2018
auto.tcl: Setting watchdog for 200 seconds at Sat Jun 09 15:24:22 UTC 2018
2360 ms. Memory: 278528K Free: 211499K (76%)
ptolemy.util.test.WatchDog.cancel(): canceling Sat Jun 09 15:24:24 UTC 2018
------------------ testing $PTII/ptolemy/domains/de/test/auto/OpenQueuingNetwork.xml
auto.tcl: Setting watchdog for 200 seconds at Sat Jun 09 15:24:24 UTC 2018
265 ms. Memory: 278528K Free: 178824K (64%)
ptolemy.util.test.WatchDog.cancel(): canceling Sat Jun 09 15:24:25 UTC 2018
auto.tcl: Setting watchdog for 200 seconds at Sat Jun 09 15:24:25 UTC 2018
247 ms. Memory: 278528K Free: 118282K (42%)
ptolemy.util.test.WatchDog.cancel(): canceling Sat Jun 09 15:24:25 UTC 2018
------------------ testing $PTII/ptolemy/domains/de/test/auto/PeriodicSampler.xml
auto.tcl: Setting watchdog for 200 seconds at Sat Jun 09 15:24:25 UTC 2018
3 ms. Memory: 281088K Free: 266379K (95%)
ptolemy.util.test.WatchDog.cancel(): canceling Sat Jun 09 15:24:25 UTC 2018
auto.tcl: Setting watchdog for 200 seconds at Sat Jun 09 15:24:25 UTC 2018
2 ms. Memory: 281088K Free: 266379K (95%)
ptolemy.util.test.WatchDog.cancel(): canceling Sat Jun 09 15:24:25 UTC 2018
------------------ testing $PTII/ptolemy/domains/de/test/auto/PersistentIO.xml
auto.tcl: Setting watchdog for 200 seconds at Sat Jun 09 15:24:25 UTC 2018
6 ms. Memory: 278528K Free: 258888K (93%)
ptolemy.util.test.WatchDog.cancel(): canceling Sat Jun 09 15:24:25 UTC 2018
auto.tcl: Setting watchdog for 200 seconds at Sat Jun 09 15:24:25 UTC 2018
4 ms. Memory: 278528K Free: 258888K (93%)
ptolemy.util.test.WatchDog.cancel(): canceling Sat Jun 09 15:24:25 UTC 2018
------------------ testing $PTII/ptolemy/domains/de/test/auto/PortParameterResetOnInitialize.xml
auto.tcl: Setting watchdog for 200 seconds at Sat Jun 09 15:24:25 UTC 2018
3 ms. Memory: 280576K Free: 266321K (95%)
ptolemy.util.test.WatchDog.cancel(): canceling Sat Jun 09 15:24:25 UTC 2018
auto.tcl: Setting watchdog for 200 seconds at Sat Jun 09 15:24:25 UTC 2018
2 ms. Memory: 280576K Free: 266321K (95%)
ptolemy.util.test.WatchDog.cancel(): canceling Sat Jun 09 15:24:25 UTC 2018
------------------ testing $PTII/ptolemy/domains/de/test/auto/PortParameterUpdates.xml
auto.tcl: Setting watchdog for 200 seconds at Sat Jun 09 15:24:25 UTC 2018
5 ms. Memory: 278528K Free: 264318K (95%)
ptolemy.util.test.WatchDog.cancel(): canceling Sat Jun 09 15:24:25 UTC 2018
auto.tcl: Setting watchdog for 200 seconds at Sat Jun 09 15:24:25 UTC 2018
6 ms. Memory: 278528K Free: 261548K (94%)
ptolemy.util.test.WatchDog.cancel(): canceling Sat Jun 09 15:24:25 UTC 2018
------------------ testing $PTII/ptolemy/domains/de/test/auto/QueueAndServer.xml
auto.tcl: Setting watchdog for 200 seconds at Sat Jun 09 15:24:25 UTC 2018
16 ms. Memory: 280576K Free: 263581K (94%)
ptolemy.util.test.WatchDog.cancel(): canceling Sat Jun 09 15:24:25 UTC 2018
auto.tcl: Setting watchdog for 200 seconds at Sat Jun 09 15:24:25 UTC 2018
8 ms. Memory: 280576K Free: 263581K (94%)
ptolemy.util.test.WatchDog.cancel(): canceling Sat Jun 09 15:24:25 UTC 2018
------------------ testing $PTII/ptolemy/domains/de/test/auto/Records.xml
auto.tcl: Setting watchdog for 200 seconds at Sat Jun 09 15:24:25 UTC 2018
3 ms. Memory: 278528K Free: 266201K (96%)
ptolemy.util.test.WatchDog.cancel(): canceling Sat Jun 09 15:24:25 UTC 2018
auto.tcl: Setting watchdog for 200 seconds at Sat Jun 09 15:24:25 UTC 2018
2 ms. Memory: 278528K Free: 266201K (96%)
ptolemy.util.test.WatchDog.cancel(): canceling Sat Jun 09 15:24:25 UTC 2018
------------------ testing $PTII/ptolemy/domains/de/test/auto/ResetTransitionWithStartTime1.xml
auto.tcl: Setting watchdog for 200 seconds at Sat Jun 09 15:24:25 UTC 2018
7 ms. Memory: 280064K Free: 263006K (94%)
ptolemy.util.test.WatchDog.cancel(): canceling Sat Jun 09 15:24:26 UTC 2018
auto.tcl: Setting watchdog for 200 seconds at Sat Jun 09 15:24:26 UTC 2018
6 ms. Memory: 280064K Free: 260252K (93%)
ptolemy.util.test.WatchDog.cancel(): canceling Sat Jun 09 15:24:26 UTC 2018
------------------ testing $PTII/ptolemy/domains/de/test/auto/ResetTransitionWithStartTime2.xml
auto.tcl: Setting watchdog for 200 seconds at Sat Jun 09 15:24:26 UTC 2018
5 ms. Memory: 278528K Free: 261557K (94%)
ptolemy.util.test.WatchDog.cancel(): canceling Sat Jun 09 15:24:26 UTC 2018
auto.tcl: Setting watchdog for 200 seconds at Sat Jun 09 15:24:26 UTC 2018
6 ms. Memory: 278528K Free: 258803K (93%)
ptolemy.util.test.WatchDog.cancel(): canceling Sat Jun 09 15:24:26 UTC 2018
------------------ testing $PTII/ptolemy/domains/de/test/auto/ResetTransitionWithStartTime3.xml
auto.tcl: Setting watchdog for 200 seconds at Sat Jun 09 15:24:26 UTC 2018
5 ms. Memory: 280064K Free: 262995K (94%)
ptolemy.util.test.WatchDog.cancel(): canceling Sat Jun 09 15:24:26 UTC 2018
auto.tcl: Setting watchdog for 200 seconds at Sat Jun 09 15:24:26 UTC 2018
7 ms. Memory: 280064K Free: 260241K (93%)
ptolemy.util.test.WatchDog.cancel(): canceling Sat Jun 09 15:24:26 UTC 2018
------------------ testing $PTII/ptolemy/domains/de/test/auto/ResetTransitionWithStartTime4.xml
auto.tcl: Setting watchdog for 200 seconds at Sat Jun 09 15:24:26 UTC 2018
5 ms. Memory: 278528K Free: 263445K (95%)
ptolemy.util.test.WatchDog.cancel(): canceling Sat Jun 09 15:24:26 UTC 2018
auto.tcl: Setting watchdog for 200 seconds at Sat Jun 09 15:24:26 UTC 2018
4 ms. Memory: 278528K Free: 263445K (95%)
ptolemy.util.test.WatchDog.cancel(): canceling Sat Jun 09 15:24:26 UTC 2018
------------------ testing $PTII/ptolemy/domains/de/test/auto/ResettableTimer1.xml
auto.tcl: Setting watchdog for 200 seconds at Sat Jun 09 15:24:26 UTC 2018
3 ms. Memory: 280064K Free: 267731K (96%)
ptolemy.util.test.WatchDog.cancel(): canceling Sat Jun 09 15:24:26 UTC 2018
auto.tcl: Setting watchdog for 200 seconds at Sat Jun 09 15:24:26 UTC 2018
2 ms. Memory: 280064K Free: 267731K (96%)
ptolemy.util.test.WatchDog.cancel(): canceling Sat Jun 09 15:24:26 UTC 2018
------------------ testing $PTII/ptolemy/domains/de/test/auto/ResettableTimer2.xml
auto.tcl: Setting watchdog for 200 seconds at Sat Jun 09 15:24:26 UTC 2018
5 ms. Memory: 278528K Free: 266366K (96%)
ptolemy.util.test.WatchDog.cancel(): canceling Sat Jun 09 15:24:26 UTC 2018
auto.tcl: Setting watchdog for 200 seconds at Sat Jun 09 15:24:26 UTC 2018
3 ms. Memory: 278528K Free: 266366K (96%)
ptolemy.util.test.WatchDog.cancel(): canceling Sat Jun 09 15:24:26 UTC 2018
------------------ testing $PTII/ptolemy/domains/de/test/auto/ResettableTimer3.xml
auto.tcl: Setting watchdog for 200 seconds at Sat Jun 09 15:24:26 UTC 2018
1 ms. Memory: 279552K Free: 267276K (96%)
ptolemy.util.test.WatchDog.cancel(): canceling Sat Jun 09 15:24:26 UTC 2018
auto.tcl: Setting watchdog for 200 seconds at Sat Jun 09 15:24:26 UTC 2018
2 ms. Memory: 279552K Free: 267276K (96%)
ptolemy.util.test.WatchDog.cancel(): canceling Sat Jun 09 15:24:26 UTC 2018
------------------ testing $PTII/ptolemy/domains/de/test/auto/ResettableTimer4.xml
auto.tcl: Setting watchdog for 200 seconds at Sat Jun 09 15:24:26 UTC 2018
1 ms. Memory: 278528K Free: 266362K (96%)
ptolemy.util.test.WatchDog.cancel(): canceling Sat Jun 09 15:24:26 UTC 2018
auto.tcl: Setting watchdog for 200 seconds at Sat Jun 09 15:24:26 UTC 2018
1 ms. Memory: 278528K Free: 266362K (96%)
ptolemy.util.test.WatchDog.cancel(): canceling Sat Jun 09 15:24:26 UTC 2018
------------------ testing $PTII/ptolemy/domains/de/test/auto/ResettableTimer5.xml
auto.tcl: Setting watchdog for 200 seconds at Sat Jun 09 15:24:26 UTC 2018
1 ms. Memory: 279552K Free: 265429K (95%)
ptolemy.util.test.WatchDog.cancel(): canceling Sat Jun 09 15:24:26 UTC 2018
auto.tcl: Setting watchdog for 200 seconds at Sat Jun 09 15:24:26 UTC 2018
2 ms. Memory: 279552K Free: 265429K (95%)
ptolemy.util.test.WatchDog.cancel(): canceling Sat Jun 09 15:24:26 UTC 2018
------------------ testing $PTII/ptolemy/domains/de/test/auto/ResettableTimer6.xml
auto.tcl: Setting watchdog for 200 seconds at Sat Jun 09 15:24:26 UTC 2018
5 ms. Memory: 278528K Free: 264242K (95%)
ptolemy.util.test.WatchDog.cancel(): canceling Sat Jun 09 15:24:26 UTC 2018
auto.tcl: Setting watchdog for 200 seconds at Sat Jun 09 15:24:26 UTC 2018
2 ms. Memory: 278528K Free: 264242K (95%)
ptolemy.util.test.WatchDog.cancel(): canceling Sat Jun 09 15:24:26 UTC 2018
------------------ testing $PTII/ptolemy/domains/de/test/auto/ServerZeroDelay.xml
auto.tcl: Setting watchdog for 200 seconds at Sat Jun 09 15:24:26 UTC 2018
7 ms. Memory: 279552K Free: 267340K (96%)
ptolemy.util.test.WatchDog.cancel(): canceling Sat Jun 09 15:24:26 UTC 2018
auto.tcl: Setting watchdog for 200 seconds at Sat Jun 09 15:24:26 UTC 2018
2 ms. Memory: 279552K Free: 267340K (96%)
ptolemy.util.test.WatchDog.cancel(): canceling Sat Jun 09 15:24:26 UTC 2018
------------------ testing $PTII/ptolemy/domains/de/test/auto/SmartSender.xml
auto.tcl: Setting watchdog for 200 seconds at Sat Jun 09 15:24:26 UTC 2018
3001 ms. Memory: 278528K Free: 264323K (95%)
ptolemy.util.test.WatchDog.cancel(): canceling Sat Jun 09 15:24:29 UTC 2018
auto.tcl: Setting watchdog for 200 seconds at Sat Jun 09 15:24:29 UTC 2018
3001 ms. Memory: 278528K Free: 264323K (95%)
ptolemy.util.test.WatchDog.cancel(): canceling Sat Jun 09 15:24:32 UTC 2018
------------------ testing $PTII/ptolemy/domains/de/test/auto/ThreadedComposite.xml
auto.tcl: Setting watchdog for 200 seconds at Sat Jun 09 15:24:32 UTC 2018
213 ms. Memory: 279552K Free: 245159K (88%)
ptolemy.util.test.WatchDog.cancel(): canceling Sat Jun 09 15:24:32 UTC 2018
auto.tcl: Setting watchdog for 200 seconds at Sat Jun 09 15:24:32 UTC 2018
144 ms. Memory: 279552K Free: 227823K (81%)
ptolemy.util.test.WatchDog.cancel(): canceling Sat Jun 09 15:24:33 UTC 2018
------------------ testing $PTII/ptolemy/domains/de/test/auto/Time.xml
auto.tcl: Setting watchdog for 200 seconds at Sat Jun 09 15:24:33 UTC 2018
555 ms. Memory: 278528K Free: 214671K (77%)
ptolemy.util.test.WatchDog.cancel(): canceling Sat Jun 09 15:24:33 UTC 2018
auto.tcl: Setting watchdog for 200 seconds at Sat Jun 09 15:24:33 UTC 2018
585 ms. Memory: 278528K Free: 162346K (58%)
ptolemy.util.test.WatchDog.cancel(): canceling Sat Jun 09 15:24:34 UTC 2018
------------------ testing $PTII/ptolemy/domains/de/test/auto/TimeDelayZeroDelay.xml
auto.tcl: Setting watchdog for 200 seconds at Sat Jun 09 15:24:34 UTC 2018
3 ms. Memory: 279040K Free: 267227K (96%)
ptolemy.util.test.WatchDog.cancel(): canceling Sat Jun 09 15:24:34 UTC 2018
auto.tcl: Setting watchdog for 200 seconds at Sat Jun 09 15:24:34 UTC 2018
2 ms. Memory: 279040K Free: 267227K (96%)
ptolemy.util.test.WatchDog.cancel(): canceling Sat Jun 09 15:24:34 UTC 2018
------------------ testing $PTII/ptolemy/domains/de/test/auto/TimerZeroDelay.xml
auto.tcl: Setting watchdog for 200 seconds at Sat Jun 09 15:24:34 UTC 2018
2 ms. Memory: 278528K Free: 266822K (96%)
ptolemy.util.test.WatchDog.cancel(): canceling Sat Jun 09 15:24:34 UTC 2018
auto.tcl: Setting watchdog for 200 seconds at Sat Jun 09 15:24:34 UTC 2018
3 ms. Memory: 278528K Free: 266822K (96%)
ptolemy.util.test.WatchDog.cancel(): canceling Sat Jun 09 15:24:34 UTC 2018
------------------ testing $PTII/ptolemy/domains/de/test/auto/TimingParadox.xml
auto.tcl: Setting watchdog for 200 seconds at Sat Jun 09 15:24:34 UTC 2018
369 ms. Memory: 279040K Free: 201529K (72%)
ptolemy.util.test.WatchDog.cancel(): canceling Sat Jun 09 15:24:34 UTC 2018
auto.tcl: Setting watchdog for 200 seconds at Sat Jun 09 15:24:34 UTC 2018
438 ms. Memory: 279040K Free: 169371K (61%)
ptolemy.util.test.WatchDog.cancel(): canceling Sat Jun 09 15:24:35 UTC 2018
------------------ testing $PTII/ptolemy/domains/de/test/auto/TransferInputs.xml
auto.tcl: Setting watchdog for 200 seconds at Sat Jun 09 15:24:35 UTC 2018
7 ms. Memory: 279040K Free: 266211K (95%)
ptolemy.util.test.WatchDog.cancel(): canceling Sat Jun 09 15:24:35 UTC 2018
auto.tcl: Setting watchdog for 200 seconds at Sat Jun 09 15:24:35 UTC 2018
2 ms. Memory: 279040K Free: 266211K (95%)
ptolemy.util.test.WatchDog.cancel(): canceling Sat Jun 09 15:24:35 UTC 2018
------------------ testing $PTII/ptolemy/domains/de/test/auto/TransferOutputs2.xml
auto.tcl: Setting watchdog for 200 seconds at Sat Jun 09 15:24:35 UTC 2018
3 ms. Memory: 278528K Free: 262342K (94%)
ptolemy.util.test.WatchDog.cancel(): canceling Sat Jun 09 15:24:35 UTC 2018
auto.tcl: Setting watchdog for 200 seconds at Sat Jun 09 15:24:35 UTC 2018
4 ms. Memory: 278528K Free: 259855K (93%)
ptolemy.util.test.WatchDog.cancel(): canceling Sat Jun 09 15:24:35 UTC 2018
------------------ testing $PTII/ptolemy/domains/de/test/auto/Trilateration.xml
auto.tcl: Setting watchdog for 200 seconds at Sat Jun 09 15:24:35 UTC 2018
12993 ms. Memory: 521216K Free: 78752K (15%)
ptolemy.util.test.WatchDog.cancel(): canceling Sat Jun 09 15:24:49 UTC 2018
auto.tcl: Setting watchdog for 200 seconds at Sat Jun 09 15:24:49 UTC 2018
10220 ms. Memory: 385024K Free: 343619K (89%)
ptolemy.util.test.WatchDog.cancel(): canceling Sat Jun 09 15:25:00 UTC 2018
------------------ testing $PTII/ptolemy/domains/de/test/auto/TwoSigmaDelta.xml
auto.tcl: Setting watchdog for 200 seconds at Sat Jun 09 15:25:00 UTC 2018
2986 ms. Memory: 381952K Free: 77146K (20%)
ptolemy.util.test.WatchDog.cancel(): canceling Sat Jun 09 15:25:03 UTC 2018
auto.tcl: Setting watchdog for 200 seconds at Sat Jun 09 15:25:03 UTC 2018
2304 ms. Memory: 371200K Free: 136160K (37%)
ptolemy.util.test.WatchDog.cancel(): canceling Sat Jun 09 15:25:05 UTC 2018
------------------ testing $PTII/ptolemy/domains/de/test/auto/VariableDelay.xml
auto.tcl: Setting watchdog for 200 seconds at Sat Jun 09 15:25:05 UTC 2018
2 ms. Memory: 368640K Free: 353078K (96%)
ptolemy.util.test.WatchDog.cancel(): canceling Sat Jun 09 15:25:05 UTC 2018
auto.tcl: Setting watchdog for 200 seconds at Sat Jun 09 15:25:05 UTC 2018
2 ms. Memory: 368640K Free: 353078K (96%)
ptolemy.util.test.WatchDog.cancel(): canceling Sat Jun 09 15:25:05 UTC 2018
------------------ testing $PTII/ptolemy/domains/de/test/auto/VariableDelay2.xml
auto.tcl: Setting watchdog for 200 seconds at Sat Jun 09 15:25:05 UTC 2018
7 ms. Memory: 370688K Free: 358406K (97%)
ptolemy.util.test.WatchDog.cancel(): canceling Sat Jun 09 15:25:05 UTC 2018
auto.tcl: Setting watchdog for 200 seconds at Sat Jun 09 15:25:05 UTC 2018
2 ms. Memory: 370688K Free: 358406K (97%)
ptolemy.util.test.WatchDog.cancel(): canceling Sat Jun 09 15:25:05 UTC 2018
------------------ testing $PTII/ptolemy/domains/de/test/auto/VariableDelayZeroDelay.xml
auto.tcl: Setting watchdog for 200 seconds at Sat Jun 09 15:25:05 UTC 2018
2 ms. Memory: 368640K Free: 353486K (96%)
ptolemy.util.test.WatchDog.cancel(): canceling Sat Jun 09 15:25:05 UTC 2018
auto.tcl: Setting watchdog for 200 seconds at Sat Jun 09 15:25:05 UTC 2018
2 ms. Memory: 368640K Free: 353486K (96%)
ptolemy.util.test.WatchDog.cancel(): canceling Sat Jun 09 15:25:05 UTC 2018
------------------ testing $PTII/ptolemy/domains/de/test/auto/VariableDelayZeroDelay2.xml
auto.tcl: Setting watchdog for 200 seconds at Sat Jun 09 15:25:05 UTC 2018
5 ms. Memory: 370688K Free: 355530K (96%)
ptolemy.util.test.WatchDog.cancel(): canceling Sat Jun 09 15:25:05 UTC 2018
auto.tcl: Setting watchdog for 200 seconds at Sat Jun 09 15:25:05 UTC 2018
2 ms. Memory: 370688K Free: 355530K (96%)
ptolemy.util.test.WatchDog.cancel(): canceling Sat Jun 09 15:25:05 UTC 2018
------------------ testing $PTII/ptolemy/domains/de/test/auto/deInCt.xml
auto.tcl: Setting watchdog for 200 seconds at Sat Jun 09 15:25:05 UTC 2018
0
1
1
1
1
1
0
0
0
0
1
1
1
1
0
0
0
1
1
0
0
0
1
1
0
0
1
1
1
1
0
0
0
1
1
0
0
0
0
8 ms. Memory: 368640K Free: 353475K (96%)
ptolemy.util.test.WatchDog.cancel(): canceling Sat Jun 09 15:25:05 UTC 2018
auto.tcl: Setting watchdog for 200 seconds at Sat Jun 09 15:25:05 UTC 2018
0
1
1
1
1
1
1
0
0
0
0
0
1
1
1
1
1
1
0
0
0
1
1
1
4 ms. Memory: 368640K Free: 348966K (95%)
ptolemy.util.test.WatchDog.cancel(): canceling Sat Jun 09 15:25:05 UTC 2018
------------------ testing $PTII/ptolemy/domains/de/test/auto/deInCt2.xml
auto.tcl: Setting watchdog for 200 seconds at Sat Jun 09 15:25:05 UTC 2018
0
1
1
1
0
0
1
1
1
0
0
1
1
1
0
0
1
1
1
0
0
1
1
1
0
0
1
1
1
0
0
1
1
1
0
0
1
1
1
0
0
0
6 ms. Memory: 370176K Free: 355011K (96%)
ptolemy.util.test.WatchDog.cancel(): canceling Sat Jun 09 15:25:06 UTC 2018
auto.tcl: Setting watchdog for 200 seconds at Sat Jun 09 15:25:06 UTC 2018
0
1
1
1
0
0
1
1
1
0
0
1
1
1
0
0
1
1
1
0
0
1
1
1
0
0
1
1
1
0
0
1
1
1
0
0
1
1
1
0
0
0
8 ms. Memory: 370176K Free: 350510K (95%)
ptolemy.util.test.WatchDog.cancel(): canceling Sat Jun 09 15:25:06 UTC 2018
------------------ testing $PTII/ptolemy/domains/de/test/auto/dynamicCausalityInterface1.xml
auto.tcl: Setting watchdog for 200 seconds at Sat Jun 09 15:25:06 UTC 2018
1 ms. Memory: 368640K Free: 347329K (94%)
ptolemy.util.test.WatchDog.cancel(): canceling Sat Jun 09 15:25:06 UTC 2018
auto.tcl: Setting watchdog for 200 seconds at Sat Jun 09 15:25:06 UTC 2018
0 ms. Memory: 368640K Free: 347329K (94%)
ptolemy.util.test.WatchDog.cancel(): canceling Sat Jun 09 15:25:06 UTC 2018
------------------ testing $PTII/ptolemy/domains/de/test/auto/fsm_de_test.xml
auto.tcl: Setting watchdog for 200 seconds at Sat Jun 09 15:25:06 UTC 2018
12 ms. Memory: 370176K Free: 350388K (95%)
ptolemy.util.test.WatchDog.cancel(): canceling Sat Jun 09 15:25:06 UTC 2018
auto.tcl: Setting watchdog for 200 seconds at Sat Jun 09 15:25:06 UTC 2018
7 ms. Memory: 370176K Free: 345871K (93%)
ptolemy.util.test.WatchDog.cancel(): canceling Sat Jun 09 15:25:06 UTC 2018
------------------ testing $PTII/ptolemy/domains/de/test/auto/functionDependencyReconstruction.xml
auto.tcl: Setting watchdog for 200 seconds at Sat Jun 09 15:25:06 UTC 2018
2 ms. Memory: 368640K Free: 339833K (92%)
ptolemy.util.test.WatchDog.cancel(): canceling Sat Jun 09 15:25:06 UTC 2018
auto.tcl: Setting watchdog for 200 seconds at Sat Jun 09 15:25:06 UTC 2018
3 ms. Memory: 368640K Free: 339833K (92%)
ptolemy.util.test.WatchDog.cancel(): canceling Sat Jun 09 15:25:06 UTC 2018
------------------ testing $PTII/ptolemy/domains/de/test/auto/multirate.xml
auto.tcl: Setting watchdog for 200 seconds at Sat Jun 09 15:25:06 UTC 2018
7 ms. Memory: 369664K Free: 349744K (95%)
ptolemy.util.test.WatchDog.cancel(): canceling Sat Jun 09 15:25:06 UTC 2018
auto.tcl: Setting watchdog for 200 seconds at Sat Jun 09 15:25:06 UTC 2018
3 ms. Memory: 369664K Free: 349744K (95%)
ptolemy.util.test.WatchDog.cancel(): canceling Sat Jun 09 15:25:06 UTC 2018
------------------ testing $PTII/ptolemy/domains/de/test/auto/multirate2.xml
auto.tcl: Setting watchdog for 200 seconds at Sat Jun 09 15:25:06 UTC 2018
4 ms. Memory: 368640K Free: 348908K (95%)
ptolemy.util.test.WatchDog.cancel(): canceling Sat Jun 09 15:25:06 UTC 2018
auto.tcl: Setting watchdog for 200 seconds at Sat Jun 09 15:25:06 UTC 2018
3 ms. Memory: 368640K Free: 348908K (95%)
ptolemy.util.test.WatchDog.cancel(): canceling Sat Jun 09 15:25:06 UTC 2018
------------------ testing $PTII/ptolemy/domains/de/test/auto/realtime.xml
auto.tcl: Setting watchdog for 200 seconds at Sat Jun 09 15:25:06 UTC 2018
10001 ms. Memory: 369664K Free: 354443K (96%)
ptolemy.util.test.WatchDog.cancel(): canceling Sat Jun 09 15:25:16 UTC 2018
auto.tcl: Setting watchdog for 200 seconds at Sat Jun 09 15:25:16 UTC 2018
10002 ms. Memory: 369664K Free: 349942K (95%)
ptolemy.util.test.WatchDog.cancel(): canceling Sat Jun 09 15:25:26 UTC 2018
------------------ testing $PTII/ptolemy/domains/de/test/auto/relationGroup.xml
auto.tcl: Setting watchdog for 200 seconds at Sat Jun 09 15:25:26 UTC 2018
1 ms. Memory: 368640K Free: 353450K (96%)
ptolemy.util.test.WatchDog.cancel(): canceling Sat Jun 09 15:25:26 UTC 2018
auto.tcl: Setting watchdog for 200 seconds at Sat Jun 09 15:25:26 UTC 2018
1 ms. Memory: 368640K Free: 353450K (96%)
ptolemy.util.test.WatchDog.cancel(): canceling Sat Jun 09 15:25:26 UTC 2018
------------------ testing $PTII/ptolemy/domains/de/test/auto/relationGroup2.xml
auto.tcl: Setting watchdog for 200 seconds at Sat Jun 09 15:25:26 UTC 2018
2 ms. Memory: 369664K Free: 354501K (96%)
ptolemy.util.test.WatchDog.cancel(): canceling Sat Jun 09 15:25:26 UTC 2018
auto.tcl: Setting watchdog for 200 seconds at Sat Jun 09 15:25:26 UTC 2018
1 ms. Memory: 369664K Free: 354501K (96%)
ptolemy.util.test.WatchDog.cancel(): canceling Sat Jun 09 15:25:26 UTC 2018
------------------ testing $PTII/ptolemy/domains/de/test/auto/sortWithOpaquePorts.xml
auto.tcl: Setting watchdog for 200 seconds at Sat Jun 09 15:25:26 UTC 2018
2 ms. Memory: 368640K Free: 353478K (96%)
ptolemy.util.test.WatchDog.cancel(): canceling Sat Jun 09 15:25:26 UTC 2018
auto.tcl: Setting watchdog for 200 seconds at Sat Jun 09 15:25:26 UTC 2018
1 ms. Memory: 368640K Free: 348961K (95%)
ptolemy.util.test.WatchDog.cancel(): canceling Sat Jun 09 15:25:26 UTC 2018
------------------ testing $PTII/ptolemy/domains/de/test/auto/transferInputsandOutputs.xml
auto.tcl: Setting watchdog for 200 seconds at Sat Jun 09 15:25:26 UTC 2018
3 ms. Memory: 369152K Free: 343724K (93%)
ptolemy.util.test.WatchDog.cancel(): canceling Sat Jun 09 15:25:26 UTC 2018
auto.tcl: Setting watchdog for 200 seconds at Sat Jun 09 15:25:26 UTC 2018
2 ms. Memory: 369152K Free: 343724K (93%)
ptolemy.util.test.WatchDog.cancel(): canceling Sat Jun 09 15:25:26 UTC 2018
------------------ testing $PTII/ptolemy/domains/de/test/auto/triggerType.xml
auto.tcl: Setting watchdog for 200 seconds at Sat Jun 09 15:25:26 UTC 2018
1 ms. Memory: 368640K Free: 353416K (96%)
ptolemy.util.test.WatchDog.cancel(): canceling Sat Jun 09 15:25:26 UTC 2018
auto.tcl: Setting watchdog for 200 seconds at Sat Jun 09 15:25:26 UTC 2018
2 ms. Memory: 368640K Free: 353416K (96%)
ptolemy.util.test.WatchDog.cancel(): canceling Sat Jun 09 15:25:26 UTC 2018
06/09/18 03:25:26
Failed: 0  Total Tests: 192  ((Passed: 187, Newly Passed: 1)  Known Failed: 5) /home/travis/build/icyphy/ptII/ptolemy/domains/de/test
06/09/18 03:25:26
Failed: 0  Total Tests: 192  ((Passed: 187, Newly Passed: 1)  Known Failed: 5) /home/travis/build/icyphy/ptII/ptolemy/domains/de/test
----------------- testing (KnownFailure) /home/travis/build/icyphy/ptII/ptolemy/domains/de/test/auto/knownFailedTests/DESDFClockTest.xml
2007 ms. Memory: 369152K Free: 342476K (93%)
Known Failure: java.lang.reflect.InvocationTargetException
----------------- testing (KnownFailure) /home/travis/build/icyphy/ptII/ptolemy/domains/de/test/auto/knownFailedTests/DirectFeedback.xml
2 ms. Memory: 369152K Free: 319497K (87%)
Known Failure: java.lang.reflect.InvocationTargetException
----------------- testing (KnownFailure) /home/travis/build/icyphy/ptII/ptolemy/domains/de/test/auto/knownFailedTests/FSMSource.xml
9 ms. Memory: 369152K Free: 296519K (80%)
----------------- testing (KnownFailure) /home/travis/build/icyphy/ptII/ptolemy/domains/de/test/auto/knownFailedTests/HierarchicalModel.xml
2 ms. Memory: 369152K Free: 273519K (74%)
Known Failure: java.lang.reflect.InvocationTargetException
----------------- testing (KnownFailure) /home/travis/build/icyphy/ptII/ptolemy/domains/de/test/auto/knownFailedTests/dependencyLoop.xml
2 ms. Memory: 369152K Free: 239035K (65%)
Known Failure: java.lang.reflect.InvocationTargetException
----------------- testing (KnownFailure) /home/travis/build/icyphy/ptII/ptolemy/domains/de/test/auto/knownFailedTests/dependencyLoop2.xml
3 ms. Memory: 369152K Free: 204551K (55%)
Known Failure: java.lang.reflect.InvocationTargetException
No auto/linux-amd64/*.xml tests in /home/travis/build/icyphy/ptII/ptolemy/domains/de/test
AutoTests.java: About to close Vertx.
AutoTests.java: Vertx closed.

===========================================================================================
----------------- testing Sat Jun 09 15:25:29 UTC 2018 /home/travis/build/icyphy/ptII/ptolemy/domains/de/test/auto/ActorDepthCalculation_actorWithoutPorts.xml
----------------- Instantiating /home/travis/build/icyphy/ptII/ptolemy/domains/de/test/auto/ActorDepthCalculation_actorWithoutPorts.xml
2 ms. Memory: 369152K Free: 175828K (48%)
----------------- Invoking toplevel() on ptolemy.moml.MoMLSimpleApplication@49c3f205
----------------- Done invoking toplevel() on ptolemy.moml.MoMLSimpleApplication@49c3f205
reloadAllAccessors: .ActorDepthCalculation_actorWithoutPorts

===========================================================================================
----------------- testing Sat Jun 09 15:25:29 UTC 2018 /home/travis/build/icyphy/ptII/ptolemy/domains/de/test/auto/AssemblyLine.xml
----------------- Instantiating /home/travis/build/icyphy/ptII/ptolemy/domains/de/test/auto/AssemblyLine.xml
2 ms. Memory: 369152K Free: 158578K (43%)
----------------- Invoking toplevel() on ptolemy.moml.MoMLSimpleApplication@741fba56
----------------- Done invoking toplevel() on ptolemy.moml.MoMLSimpleApplication@741fba56
reloadAllAccessors: .AssemblyLine

===========================================================================================
----------------- testing Sat Jun 09 15:25:29 UTC 2018 /home/travis/build/icyphy/ptII/ptolemy/domains/de/test/auto/CQBug1.xml
----------------- Instantiating /home/travis/build/icyphy/ptII/ptolemy/domains/de/test/auto/CQBug1.xml
0 ms. Memory: 369152K Free: 147088K (40%)
----------------- Invoking toplevel() on ptolemy.moml.MoMLSimpleApplication@168265c
----------------- Done invoking toplevel() on ptolemy.moml.MoMLSimpleApplication@168265c
reloadAllAccessors: .CQBug1

===========================================================================================
----------------- testing Sat Jun 09 15:25:29 UTC 2018 /home/travis/build/icyphy/ptII/ptolemy/domains/de/test/auto/CancelFireAt.xml
----------------- Instantiating /home/travis/build/icyphy/ptII/ptolemy/domains/de/test/auto/CancelFireAt.xml
2 ms. Memory: 369152K Free: 135599K (37%)
----------------- Invoking toplevel() on ptolemy.moml.MoMLSimpleApplication@1226347d
----------------- Done invoking toplevel() on ptolemy.moml.MoMLSimpleApplication@1226347d
reloadAllAccessors: .CancelFireAt

===========================================================================================
----------------- testing Sat Jun 09 15:25:29 UTC 2018 /home/travis/build/icyphy/ptII/ptolemy/domains/de/test/auto/CausalityAndComposabilityAnalysis.xml
----------------- Instantiating /home/travis/build/icyphy/ptII/ptolemy/domains/de/test/auto/CausalityAndComposabilityAnalysis.xml
2 ms. Memory: 369152K Free: 124110K (34%)
----------------- Invoking toplevel() on ptolemy.moml.MoMLSimpleApplication@733f83f7
----------------- Done invoking toplevel() on ptolemy.moml.MoMLSimpleApplication@733f83f7
reloadAllAccessors: .CausalityAndComposabilityAnalysis

===========================================================================================
----------------- testing Sat Jun 09 15:25:29 UTC 2018 /home/travis/build/icyphy/ptII/ptolemy/domains/de/test/auto/CausalityInterface1.xml
----------------- Instantiating /home/travis/build/icyphy/ptII/ptolemy/domains/de/test/auto/CausalityInterface1.xml
5 ms. Memory: 369152K Free: 112620K (31%)
----------------- Invoking toplevel() on ptolemy.moml.MoMLSimpleApplication@7994fc98
----------------- Done invoking toplevel() on ptolemy.moml.MoMLSimpleApplication@7994fc98
reloadAllAccessors: .CausalityInterface1

===========================================================================================
----------------- testing Sat Jun 09 15:25:29 UTC 2018 /home/travis/build/icyphy/ptII/ptolemy/domains/de/test/auto/CausalityInterface15.xml
----------------- Instantiating /home/travis/build/icyphy/ptII/ptolemy/domains/de/test/auto/CausalityInterface15.xml
1 ms. Memory: 369152K Free: 101131K (27%)
----------------- Invoking toplevel() on ptolemy.moml.MoMLSimpleApplication@74069681
----------------- Done invoking toplevel() on ptolemy.moml.MoMLSimpleApplication@74069681
reloadAllAccessors: .CausalityInterface15

[...]
java.lang.RuntimeException: Execution failed
	at ptolemy.moml.MoMLSimpleApplication$UnloadThread.run(MoMLSimpleApplication.java:402)
Caused by: ptolemy.kernel.util.IllegalActionException: Test fails in iteration 1.
Value was: 1.0. Should have been: 2.0
  in .DirectFeedback.Test
	at ptolemy.actor.lib.Test.fire(Test.java:268)
	at ptolemy.domains.de.kernel.DEDirector._fire(DEDirector.java:1949)
	at ptolemy.domains.de.kernel.DEDirector.fire(DEDirector.java:502)
	at ptolemy.actor.CompositeActor.fire(CompositeActor.java:455)
	at ptolemy.actor.Manager.iterate(Manager.java:851)
	at ptolemy.actor.Manager.execute(Manager.java:369)
	at ptolemy.actor.Manager.run(Manager.java:1263)
	at ptolemy.actor.Manager$PtolemyRunThread.run(Manager.java:1915)
java.lang.RuntimeException: Execution failed
	at ptolemy.moml.MoMLSimpleApplication$UnloadThread.run(MoMLSimpleApplication.java:402)
Caused by: ptolemy.kernel.util.IllegalActionException: Actor is not ready to fire.  Perhaps UpSample.prefire() returned false? Try debugging the actor by selecting "Listen to Actor".  Also, for SDF check moml for tokenConsumptionRate on input.
  in .DESDFClockTest.Play Bell.Copy1:SDF Director and .DESDFClockTest.Play Bell.UpSample
	at ptolemy.actor.sched.StaticSchedulingDirector.fire(StaticSchedulingDirector.java:227)
	at ptolemy.domains.sdf.kernel.SDFDirector.fire(SDFDirector.java:500)
	at ptolemy.actor.CompositeActor.fire(CompositeActor.java:455)
	at ptolemy.domains.de.kernel.DEDirector._fire(DEDirector.java:1949)
	at ptolemy.domains.de.kernel.DEDirector.fire(DEDirector.java:502)
	at ptolemy.actor.CompositeActor.fire(CompositeActor.java:455)
	at ptolemy.actor.Manager.iterate(Manager.java:851)
	at ptolemy.actor.Manager.execute(Manager.java:369)
	at ptolemy.actor.Manager.run(Manager.java:1263)
	at ptolemy.actor.Manager$PtolemyRunThread.run(Manager.java:1915)
java.lang.reflect.InvocationTargetException
	at sun.reflect.NativeConstructorAccessorImpl.newInstance0(Native Method)
	at sun.reflect.NativeConstructorAccessorImpl.newInstance(NativeConstructorAccessorImpl.java:62)
	at sun.reflect.DelegatingConstructorAccessorImpl.newInstance(DelegatingConstructorAccessorImpl.java:45)
	at java.lang.reflect.Constructor.newInstance(Constructor.java:423)
	at ptolemy.util.test.junit.AutoKnownFailedTests.RunModel(AutoKnownFailedTests.java:107)
	at sun.reflect.NativeMethodAccessorImpl.invoke0(Native Method)
	at sun.reflect.NativeMethodAccessorImpl.invoke(NativeMethodAccessorImpl.java:62)
	at sun.reflect.DelegatingMethodAccessorImpl.invoke(DelegatingMethodAccessorImpl.java:43)
	at java.lang.reflect.Method.invoke(Method.java:498)
	at org.junit.runners.model.FrameworkMethod$1.runReflectiveCall(FrameworkMethod.java:44)
	at org.junit.internal.runners.model.ReflectiveCallable.run(ReflectiveCallable.java:15)
	at org.junit.runners.model.FrameworkMethod.invokeExplosively(FrameworkMethod.java:41)
	at junitparams.internal.InvokeParameterisedMethod.evaluate(InvokeParameterisedMethod.java:102)
	at org.junit.internal.runners.statements.FailOnTimeout$1.run(FailOnTimeout.java:28)
Caused by: ptolemy.kernel.util.IllegalActionException: Actor is not ready to fire.  Perhaps UpSample.prefire() returned false? Try debugging the actor by selecting "Listen to Actor".  Also, for SDF check moml for tokenConsumptionRate on input.
  in .DESDFClockTest.Play Bell.Copy1:SDF Director and .DESDFClockTest.Play Bell.UpSample
	at ptolemy.actor.sched.StaticSchedulingDirector.fire(StaticSchedulingDirector.java:227)
	at ptolemy.domains.sdf.kernel.SDFDirector.fire(SDFDirector.java:500)
	at ptolemy.actor.CompositeActor.fire(CompositeActor.java:455)
	at ptolemy.domains.de.kernel.DEDirector._fire(DEDirector.java:1949)
	at ptolemy.domains.de.kernel.DEDirector.fire(DEDirector.java:502)
	at ptolemy.actor.CompositeActor.fire(CompositeActor.java:455)
	at ptolemy.actor.Manager.iterate(Manager.java:851)
	at ptolemy.actor.Manager.execute(Manager.java:369)
	at ptolemy.actor.Manager.run(Manager.java:1263)
	at ptolemy.actor.Manager$PtolemyRunThread.run(Manager.java:1915)
java.lang.RuntimeException: Execution failed
	at ptolemy.moml.MoMLSimpleApplication$UnloadThread.run(MoMLSimpleApplication.java:402)
Caused by: ptolemy.kernel.util.IllegalActionException: Test fails in iteration 1.
Value was: 1.0. Should have been: 2.0
  in .DirectFeedback.Test
	at ptolemy.actor.lib.Test.fire(Test.java:268)
	at ptolemy.domains.de.kernel.DEDirector._fire(DEDirector.java:1949)
	at ptolemy.domains.de.kernel.DEDirector.fire(DEDirector.java:502)
	at ptolemy.actor.CompositeActor.fire(CompositeActor.java:455)
	at ptolemy.actor.Manager.iterate(Manager.java:851)
	at ptolemy.actor.Manager.execute(Manager.java:369)
	at ptolemy.actor.Manager.run(Manager.java:1263)
	at ptolemy.actor.Manager$PtolemyRunThread.run(Manager.java:1915)
java.lang.reflect.InvocationTargetException
	at sun.reflect.NativeConstructorAccessorImpl.newInstance0(Native Method)
	at sun.reflect.NativeConstructorAccessorImpl.newInstance(NativeConstructorAccessorImpl.java:62)
	at sun.reflect.DelegatingConstructorAccessorImpl.newInstance(DelegatingConstructorAccessorImpl.java:45)
	at java.lang.reflect.Constructor.newInstance(Constructor.java:423)
	at ptolemy.util.test.junit.AutoKnownFailedTests.RunModel(AutoKnownFailedTests.java:107)
	at sun.reflect.NativeMethodAccessorImpl.invoke0(Native Method)
	at sun.reflect.NativeMethodAccessorImpl.invoke(NativeMethodAccessorImpl.java:62)
	at sun.reflect.DelegatingMethodAccessorImpl.invoke(DelegatingMethodAccessorImpl.java:43)
	at java.lang.reflect.Method.invoke(Method.java:498)
	at org.junit.runners.model.FrameworkMethod$1.runReflectiveCall(FrameworkMethod.java:44)
	at org.junit.internal.runners.model.ReflectiveCallable.run(ReflectiveCallable.java:15)
	at org.junit.runners.model.FrameworkMethod.invokeExplosively(FrameworkMethod.java:41)
	at junitparams.internal.InvokeParameterisedMethod.evaluate(InvokeParameterisedMethod.java:102)
	at org.junit.internal.runners.statements.FailOnTimeout$1.run(FailOnTimeout.java:28)
Caused by: ptolemy.kernel.util.IllegalActionException: Test fails in iteration 1.
Value was: 1.0. Should have been: 2.0
  in .DirectFeedback.Test
	at ptolemy.actor.lib.Test.fire(Test.java:268)
	at ptolemy.domains.de.kernel.DEDirector._fire(DEDirector.java:1949)
	at ptolemy.domains.de.kernel.DEDirector.fire(DEDirector.java:502)
	at ptolemy.actor.CompositeActor.fire(CompositeActor.java:455)
	at ptolemy.actor.Manager.iterate(Manager.java:851)
	at ptolemy.actor.Manager.execute(Manager.java:369)
	at ptolemy.actor.Manager.run(Manager.java:1263)
	at ptolemy.actor.Manager$PtolemyRunThread.run(Manager.java:1915)
java.lang.RuntimeException: Execution failed
	at ptolemy.moml.MoMLSimpleApplication$UnloadThread.run(MoMLSimpleApplication.java:402)
Caused by: ptolemy.kernel.util.IllegalActionException: Found a zero delay loop containing .HierarchicalModel.A
  in .HierarchicalModel and .HierarchicalModel.A
	at ptolemy.actor.util.CausalityInterfaceForComposites._computeOutputPortDepth(CausalityInterfaceForComposites.java:759)
	at ptolemy.actor.util.CausalityInterfaceForComposites._computeInputDepth(CausalityInterfaceForComposites.java:696)
	at ptolemy.actor.util.CausalityInterfaceForComposites._computeOutputPortDepth(CausalityInterfaceForComposites.java:765)
	at ptolemy.actor.util.CausalityInterfaceForComposites._computeInputDepth(CausalityInterfaceForComposites.java:696)
	at ptolemy.actor.util.CausalityInterfaceForComposites._computeOutputPortDepth(CausalityInterfaceForComposites.java:765)
	at ptolemy.actor.util.CausalityInterfaceForComposites._computeInputDepth(CausalityInterfaceForComposites.java:696)
	at ptolemy.actor.util.CausalityInterfaceForComposites._computeActorDepth(CausalityInterfaceForComposites.java:532)
	at ptolemy.actor.util.CausalityInterfaceForComposites.checkForCycles(CausalityInterfaceForComposites.java:96)
	at ptolemy.domains.de.kernel.DEDirector.preinitialize(DEDirector.java:1338)
	at ptolemy.actor.CompositeActor.preinitialize(CompositeActor.java:1828)
	at ptolemy.actor.Manager.preinitializeAndResolveTypes(Manager.java:1040)
	at ptolemy.actor.Manager.initialize(Manager.java:710)
	at ptolemy.actor.Manager.execute(Manager.java:356)
	at ptolemy.actor.Manager.run(Manager.java:1263)
	at ptolemy.actor.Manager$PtolemyRunThread.run(Manager.java:1915)
java.lang.reflect.InvocationTargetException
	at sun.reflect.NativeConstructorAccessorImpl.newInstance0(Native Method)
	at sun.reflect.NativeConstructorAccessorImpl.newInstance(NativeConstructorAccessorImpl.java:62)
	at sun.reflect.DelegatingConstructorAccessorImpl.newInstance(DelegatingConstructorAccessorImpl.java:45)
	at java.lang.reflect.Constructor.newInstance(Constructor.java:423)
	at ptolemy.util.test.junit.AutoKnownFailedTests.RunModel(AutoKnownFailedTests.java:107)
	at sun.reflect.NativeMethodAccessorImpl.invoke0(Native Method)
	at sun.reflect.NativeMethodAccessorImpl.invoke(NativeMethodAccessorImpl.java:62)
	at sun.reflect.DelegatingMethodAccessorImpl.invoke(DelegatingMethodAccessorImpl.java:43)
	at java.lang.reflect.Method.invoke(Method.java:498)
	at org.junit.runners.model.FrameworkMethod$1.runReflectiveCall(FrameworkMethod.java:44)
	at org.junit.internal.runners.model.ReflectiveCallable.run(ReflectiveCallable.java:15)
	at org.junit.runners.model.FrameworkMethod.invokeExplosively(FrameworkMethod.java:41)
	at junitparams.internal.InvokeParameterisedMethod.evaluate(InvokeParameterisedMethod.java:102)
	at org.junit.internal.runners.statements.FailOnTimeout$1.run(FailOnTimeout.java:28)
Caused by: ptolemy.kernel.util.IllegalActionException: Found a zero delay loop containing .HierarchicalModel.A
  in .HierarchicalModel and .HierarchicalModel.A
	at ptolemy.actor.util.CausalityInterfaceForComposites._computeOutputPortDepth(CausalityInterfaceForComposites.java:759)
	at ptolemy.actor.util.CausalityInterfaceForComposites._computeInputDepth(CausalityInterfaceForComposites.java:696)
	at ptolemy.actor.util.CausalityInterfaceForComposites._computeOutputPortDepth(CausalityInterfaceForComposites.java:765)
	at ptolemy.actor.util.CausalityInterfaceForComposites._computeInputDepth(CausalityInterfaceForComposites.java:696)
	at ptolemy.actor.util.CausalityInterfaceForComposites._computeOutputPortDepth(CausalityInterfaceForComposites.java:765)
	at ptolemy.actor.util.CausalityInterfaceForComposites._computeInputDepth(CausalityInterfaceForComposites.java:696)
	at ptolemy.actor.util.CausalityInterfaceForComposites._computeActorDepth(CausalityInterfaceForComposites.java:532)
	at ptolemy.actor.util.CausalityInterfaceForComposites.checkForCycles(CausalityInterfaceForComposites.java:96)
	at ptolemy.domains.de.kernel.DEDirector.preinitialize(DEDirector.java:1338)
	at ptolemy.actor.CompositeActor.preinitialize(CompositeActor.java:1828)
	at ptolemy.actor.Manager.preinitializeAndResolveTypes(Manager.java:1040)
	at ptolemy.actor.Manager.initialize(Manager.java:710)
	at ptolemy.actor.Manager.execute(Manager.java:356)
	at ptolemy.actor.Manager.run(Manager.java:1263)
	at ptolemy.actor.Manager$PtolemyRunThread.run(Manager.java:1915)
java.lang.RuntimeException: Execution failed
	at ptolemy.moml.MoMLSimpleApplication$UnloadThread.run(MoMLSimpleApplication.java:402)
Caused by: ptolemy.kernel.util.IllegalActionException: Found a zero delay loop containing .dependencyLoop.original
  in .dependencyLoop and .dependencyLoop.original
	at ptolemy.actor.util.CausalityInterfaceForComposites._computeOutputPortDepth(CausalityInterfaceForComposites.java:759)
	at ptolemy.actor.util.CausalityInterfaceForComposites._computeInputDepth(CausalityInterfaceForComposites.java:696)
	at ptolemy.actor.util.CausalityInterfaceForComposites._computeOutputPortDepth(CausalityInterfaceForComposites.java:765)
	at ptolemy.actor.util.CausalityInterfaceForComposites._computeInputDepth(CausalityInterfaceForComposites.java:696)
	at ptolemy.actor.util.CausalityInterfaceForComposites._computeOutputPortDepth(CausalityInterfaceForComposites.java:765)
	at ptolemy.actor.util.CausalityInterfaceForComposites._computeInputDepth(CausalityInterfaceForComposites.java:696)
	at ptolemy.actor.util.CausalityInterfaceForComposites._computeActorDepth(CausalityInterfaceForComposites.java:532)
	at ptolemy.actor.util.CausalityInterfaceForComposites.checkForCycles(CausalityInterfaceForComposites.java:96)
	at ptolemy.domains.de.kernel.DEDirector.preinitialize(DEDirector.java:1338)
	at ptolemy.actor.CompositeActor.preinitialize(CompositeActor.java:1828)
	at ptolemy.actor.Manager.preinitializeAndResolveTypes(Manager.java:1040)
	at ptolemy.actor.Manager.initialize(Manager.java:710)
	at ptolemy.actor.Manager.execute(Manager.java:356)
	at ptolemy.actor.Manager.run(Manager.java:1263)
	at ptolemy.actor.Manager$PtolemyRunThread.run(Manager.java:1915)
java.lang.reflect.InvocationTargetException
	at sun.reflect.NativeConstructorAccessorImpl.newInstance0(Native Method)
	at sun.reflect.NativeConstructorAccessorImpl.newInstance(NativeConstructorAccessorImpl.java:62)
	at sun.reflect.DelegatingConstructorAccessorImpl.newInstance(DelegatingConstructorAccessorImpl.java:45)
	at java.lang.reflect.Constructor.newInstance(Constructor.java:423)
	at ptolemy.util.test.junit.AutoKnownFailedTests.RunModel(AutoKnownFailedTests.java:107)
	at sun.reflect.NativeMethodAccessorImpl.invoke0(Native Method)
	at sun.reflect.NativeMethodAccessorImpl.invoke(NativeMethodAccessorImpl.java:62)
	at sun.reflect.DelegatingMethodAccessorImpl.invoke(DelegatingMethodAccessorImpl.java:43)
	at java.lang.reflect.Method.invoke(Method.java:498)
	at org.junit.runners.model.FrameworkMethod$1.runReflectiveCall(FrameworkMethod.java:44)
	at org.junit.internal.runners.model.ReflectiveCallable.run(ReflectiveCallable.java:15)
	at org.junit.runners.model.FrameworkMethod.invokeExplosively(FrameworkMethod.java:41)
	at junitparams.internal.InvokeParameterisedMethod.evaluate(InvokeParameterisedMethod.java:102)
	at org.junit.internal.runners.statements.FailOnTimeout$1.run(FailOnTimeout.java:28)
Caused by: ptolemy.kernel.util.IllegalActionException: Found a zero delay loop containing .dependencyLoop.original
  in .dependencyLoop and .dependencyLoop.original
	at ptolemy.actor.util.CausalityInterfaceForComposites._computeOutputPortDepth(CausalityInterfaceForComposites.java:759)
	at ptolemy.actor.util.CausalityInterfaceForComposites._computeInputDepth(CausalityInterfaceForComposites.java:696)
	at ptolemy.actor.util.CausalityInterfaceForComposites._computeOutputPortDepth(CausalityInterfaceForComposites.java:765)
	at ptolemy.actor.util.CausalityInterfaceForComposites._computeInputDepth(CausalityInterfaceForComposites.java:696)
	at ptolemy.actor.util.CausalityInterfaceForComposites._computeOutputPortDepth(CausalityInterfaceForComposites.java:765)
	at ptolemy.actor.util.CausalityInterfaceForComposites._computeInputDepth(CausalityInterfaceForComposites.java:696)
	at ptolemy.actor.util.CausalityInterfaceForComposites._computeActorDepth(CausalityInterfaceForComposites.java:532)
	at ptolemy.actor.util.CausalityInterfaceForComposites.checkForCycles(CausalityInterfaceForComposites.java:96)
	at ptolemy.domains.de.kernel.DEDirector.preinitialize(DEDirector.java:1338)
	at ptolemy.actor.CompositeActor.preinitialize(CompositeActor.java:1828)
	at ptolemy.actor.Manager.preinitializeAndResolveTypes(Manager.java:1040)
	at ptolemy.actor.Manager.initialize(Manager.java:710)
	at ptolemy.actor.Manager.execute(Manager.java:356)
	at ptolemy.actor.Manager.run(Manager.java:1263)
	at ptolemy.actor.Manager$PtolemyRunThread.run(Manager.java:1915)
java.lang.RuntimeException: Execution failed
	at ptolemy.moml.MoMLSimpleApplication$UnloadThread.run(MoMLSimpleApplication.java:402)
Caused by: ptolemy.kernel.util.IllegalActionException: Found a zero delay loop containing .dependencyLoop2.original
  in .dependencyLoop2 and .dependencyLoop2.original
	at ptolemy.actor.util.CausalityInterfaceForComposites._computeOutputPortDepth(CausalityInterfaceForComposites.java:759)
	at ptolemy.actor.util.CausalityInterfaceForComposites._computeInputDepth(CausalityInterfaceForComposites.java:696)
	at ptolemy.actor.util.CausalityInterfaceForComposites._computeOutputPortDepth(CausalityInterfaceForComposites.java:765)
	at ptolemy.actor.util.CausalityInterfaceForComposites._computeInputDepth(CausalityInterfaceForComposites.java:696)
	at ptolemy.actor.util.CausalityInterfaceForComposites._computeOutputPortDepth(CausalityInterfaceForComposites.java:765)
	at ptolemy.actor.util.CausalityInterfaceForComposites._computeInputDepth(CausalityInterfaceForComposites.java:696)
	at ptolemy.actor.util.CausalityInterfaceForComposites._computeActorDepth(CausalityInterfaceForComposites.java:532)
	at ptolemy.actor.util.CausalityInterfaceForComposites.checkForCycles(CausalityInterfaceForComposites.java:96)
	at ptolemy.domains.de.kernel.DEDirector.preinitialize(DEDirector.java:1338)
	at ptolemy.actor.CompositeActor.preinitialize(CompositeActor.java:1828)
	at ptolemy.actor.Manager.preinitializeAndResolveTypes(Manager.java:1040)
	at ptolemy.actor.Manager.initialize(Manager.java:710)
	at ptolemy.actor.Manager.execute(Manager.java:356)
	at ptolemy.actor.Manager.run(Manager.java:1263)
	at ptolemy.actor.Manager$PtolemyRunThread.run(Manager.java:1915)
java.lang.reflect.InvocationTargetException
	at sun.reflect.NativeConstructorAccessorImpl.newInstance0(Native Method)
	at sun.reflect.NativeConstructorAccessorImpl.newInstance(NativeConstructorAccessorImpl.java:62)
	at sun.reflect.DelegatingConstructorAccessorImpl.newInstance(DelegatingConstructorAccessorImpl.java:45)
	at java.lang.reflect.Constructor.newInstance(Constructor.java:423)
	at ptolemy.util.test.junit.AutoKnownFailedTests.RunModel(AutoKnownFailedTests.java:107)
	at sun.reflect.NativeMethodAccessorImpl.invoke0(Native Method)
	at sun.reflect.NativeMethodAccessorImpl.invoke(NativeMethodAccessorImpl.java:62)
	at sun.reflect.DelegatingMethodAccessorImpl.invoke(DelegatingMethodAccessorImpl.java:43)
	at java.lang.reflect.Method.invoke(Method.java:498)
	at org.junit.runners.model.FrameworkMethod$1.runReflectiveCall(FrameworkMethod.java:44)
	at org.junit.internal.runners.model.ReflectiveCallable.run(ReflectiveCallable.java:15)
	at org.junit.runners.model.FrameworkMethod.invokeExplosively(FrameworkMethod.java:41)
	at junitparams.internal.InvokeParameterisedMethod.evaluate(InvokeParameterisedMethod.java:102)
	at org.junit.internal.runners.statements.FailOnTimeout$1.run(FailOnTimeout.java:28)
Caused by: ptolemy.kernel.util.IllegalActionException: Found a zero delay loop containing .dependencyLoop2.original
  in .dependencyLoop2 and .dependencyLoop2.original
	at ptolemy.actor.util.CausalityInterfaceForComposites._computeOutputPortDepth(CausalityInterfaceForComposites.java:759)
	at ptolemy.actor.util.CausalityInterfaceForComposites._computeInputDepth(CausalityInterfaceForComposites.java:696)
	at ptolemy.actor.util.CausalityInterfaceForComposites._computeOutputPortDepth(CausalityInterfaceForComposites.java:765)
	at ptolemy.actor.util.CausalityInterfaceForComposites._computeInputDepth(CausalityInterfaceForComposites.java:696)
	at ptolemy.actor.util.CausalityInterfaceForComposites._computeOutputPortDepth(CausalityInterfaceForComposites.java:765)
	at ptolemy.actor.util.CausalityInterfaceForComposites._computeInputDepth(CausalityInterfaceForComposites.java:696)
	at ptolemy.actor.util.CausalityInterfaceForComposites._computeActorDepth(CausalityInterfaceForComposites.java:532)
	at ptolemy.actor.util.CausalityInterfaceForComposites.checkForCycles(CausalityInterfaceForComposites.java:96)
	at ptolemy.domains.de.kernel.DEDirector.preinitialize(DEDirector.java:1338)
	at ptolemy.actor.CompositeActor.preinitialize(CompositeActor.java:1828)
	at ptolemy.actor.Manager.preinitializeAndResolveTypes(Manager.java:1040)
	at ptolemy.actor.Manager.initialize(Manager.java:710)
	at ptolemy.actor.Manager.execute(Manager.java:356)
	at ptolemy.actor.Manager.run(Manager.java:1263)
	at ptolemy.actor.Manager$PtolemyRunThread.run(Manager.java:1915)
]]></system-err>
</testsuite>
