<?xml version="1.0" encoding="UTF-8" ?>
<testsuite errors="0" failures="0" hostname="travis-job-f929db28-e238-46b7-9e1b-807d2b61b6bf" name="ptolemy.domains.continuous.test.junit.JUnitTclTest" skipped="0" tests="156" time="70.326" timestamp="2020-01-21T12:11:58">
  <properties>
[...]
</properties>
  <testcase classname="ptolemy.util.test.junit.TclTests" name="[0] ThereAreNoTclTests (RunTclFile)" time="0.014" />
  <testcase classname="ptolemy.util.test.junit.AutoKnownFailedTests" name="[0] ThereAreNoKnowFailedTests (RunModel)" time="0.002" />
  <testcase classname="ptolemy.util.test.junit.AutoNameArchTests" name="[0] ThereAreNoAutoArchTests (RunModel)" time="0.026" />
  <testcase classname="ptolemy.util.test.junit.AutoTests" name="[0] /home/travis/build/icyphy/ptII/ptolemy/domains/continuous/test/auto/BouncingBall.xml (RunModel)" time="2.942" />
  <testcase classname="ptolemy.util.test.junit.AutoTests" name="[1] /home/travis/build/icyphy/ptII/ptolemy/domains/continuous/test/auto/BouncingBallWithoutGR.xml (RunModel)" time="0.848" />
  <testcase classname="ptolemy.util.test.junit.AutoTests" name="[2] /home/travis/build/icyphy/ptII/ptolemy/domains/continuous/test/auto/Brownian.xml (RunModel)" time="0.073" />
  <testcase classname="ptolemy.util.test.junit.AutoTests" name="[3] /home/travis/build/icyphy/ptII/ptolemy/domains/continuous/test/auto/CarTracking.xml (RunModel)" time="3.607" />
  <testcase classname="ptolemy.util.test.junit.AutoTests" name="[4] /home/travis/build/icyphy/ptII/ptolemy/domains/continuous/test/auto/CartPendulum.xml (RunModel)" time="0.411" />
  <testcase classname="ptolemy.util.test.junit.AutoTests" name="[5] /home/travis/build/icyphy/ptII/ptolemy/domains/continuous/test/auto/CausalityInterface10.xml (RunModel)" time="0.066" />
  <testcase classname="ptolemy.util.test.junit.AutoTests" name="[6] /home/travis/build/icyphy/ptII/ptolemy/domains/continuous/test/auto/CausalityInterface11.xml (RunModel)" time="0.029" />
  <testcase classname="ptolemy.util.test.junit.AutoTests" name="[7] /home/travis/build/icyphy/ptII/ptolemy/domains/continuous/test/auto/CausalityInterface12.xml (RunModel)" time="0.037" />
  <testcase classname="ptolemy.util.test.junit.AutoTests" name="[8] /home/travis/build/icyphy/ptII/ptolemy/domains/continuous/test/auto/CausalityInterface13.xml (RunModel)" time="0.029" />
  <testcase classname="ptolemy.util.test.junit.AutoTests" name="[9] /home/travis/build/icyphy/ptII/ptolemy/domains/continuous/test/auto/CausalityInterface14.xml (RunModel)" time="0.018" />
  <testcase classname="ptolemy.util.test.junit.AutoTests" name="[10] /home/travis/build/icyphy/ptII/ptolemy/domains/continuous/test/auto/CausalityInterface4.xml (RunModel)" time="0.03" />
  <testcase classname="ptolemy.util.test.junit.AutoTests" name="[11] /home/travis/build/icyphy/ptII/ptolemy/domains/continuous/test/auto/CausalityInterface5.xml (RunModel)" time="0.032" />
  <testcase classname="ptolemy.util.test.junit.AutoTests" name="[12] /home/travis/build/icyphy/ptII/ptolemy/domains/continuous/test/auto/CausalityInterface6.xml (RunModel)" time="0.024" />
  <testcase classname="ptolemy.util.test.junit.AutoTests" name="[13] /home/travis/build/icyphy/ptII/ptolemy/domains/continuous/test/auto/CausalityInterface7.xml (RunModel)" time="0.032" />
  <testcase classname="ptolemy.util.test.junit.AutoTests" name="[14] /home/travis/build/icyphy/ptII/ptolemy/domains/continuous/test/auto/CausalityInterface8.xml (RunModel)" time="0.033" />
  <testcase classname="ptolemy.util.test.junit.AutoTests" name="[15] /home/travis/build/icyphy/ptII/ptolemy/domains/continuous/test/auto/CausalityInterface9.xml (RunModel)" time="0.04" />
  <testcase classname="ptolemy.util.test.junit.AutoTests" name="[16] /home/travis/build/icyphy/ptII/ptolemy/domains/continuous/test/auto/CausalityInterfaceFeedback1.xml (RunModel)" time="0.025" />
  <testcase classname="ptolemy.util.test.junit.AutoTests" name="[17] /home/travis/build/icyphy/ptII/ptolemy/domains/continuous/test/auto/CausalityInterfaceFeedback2.xml (RunModel)" time="0.034" />
  <testcase classname="ptolemy.util.test.junit.AutoTests" name="[18] /home/travis/build/icyphy/ptII/ptolemy/domains/continuous/test/auto/CompareWithCurrentTime.xml (RunModel)" time="0.017" />
  <testcase classname="ptolemy.util.test.junit.AutoTests" name="[19] /home/travis/build/icyphy/ptII/ptolemy/domains/continuous/test/auto/ComparedClocks.xml (RunModel)" time="0.066" />
  <testcase classname="ptolemy.util.test.junit.AutoTests" name="[20] /home/travis/build/icyphy/ptII/ptolemy/domains/continuous/test/auto/ContinuousAOCClone.xml (RunModel)" time="2.666" />
  <testcase classname="ptolemy.util.test.junit.AutoTests" name="[21] /home/travis/build/icyphy/ptII/ptolemy/domains/continuous/test/auto/ContinuousClock.xml (RunModel)" time="0.082" />
  <testcase classname="ptolemy.util.test.junit.AutoTests" name="[22] /home/travis/build/icyphy/ptII/ptolemy/domains/continuous/test/auto/ContinuousInContinuous.xml (RunModel)" time="0.076" />
  <testcase classname="ptolemy.util.test.junit.AutoTests" name="[23] /home/travis/build/icyphy/ptII/ptolemy/domains/continuous/test/auto/ContinuousInContinuousInContinuous.xml (RunModel)" time="0.021" />
  <testcase classname="ptolemy.util.test.junit.AutoTests" name="[24] /home/travis/build/icyphy/ptII/ptolemy/domains/continuous/test/auto/ContinuousInDE.xml (RunModel)" time="0.111" />
  <testcase classname="ptolemy.util.test.junit.AutoTests" name="[25] /home/travis/build/icyphy/ptII/ptolemy/domains/continuous/test/auto/ContinuousInDE2.xml (RunModel)" time="0.04" />
  <testcase classname="ptolemy.util.test.junit.AutoTests" name="[26] /home/travis/build/icyphy/ptII/ptolemy/domains/continuous/test/auto/ContinuousInDE3.xml (RunModel)" time="0.053" />
  <testcase classname="ptolemy.util.test.junit.AutoTests" name="[27] /home/travis/build/icyphy/ptII/ptolemy/domains/continuous/test/auto/ContinuousInDE4.xml (RunModel)" time="0.031" />
  <testcase classname="ptolemy.util.test.junit.AutoTests" name="[28] /home/travis/build/icyphy/ptII/ptolemy/domains/continuous/test/auto/ContinuousInDEDifferentRefinements.xml (RunModel)" time="0.098" />
  <testcase classname="ptolemy.util.test.junit.AutoTests" name="[29] /home/travis/build/icyphy/ptII/ptolemy/domains/continuous/test/auto/ContinuousInDEDifferentRefinementsPreemptive.xml (RunModel)" time="0.082" />
  <testcase classname="ptolemy.util.test.junit.AutoTests" name="[30] /home/travis/build/icyphy/ptII/ptolemy/domains/continuous/test/auto/ContinuousInDEInContinuous2.xml (RunModel)" time="0.058" />
  <testcase classname="ptolemy.util.test.junit.AutoTests" name="[31] /home/travis/build/icyphy/ptII/ptolemy/domains/continuous/test/auto/ContinuousInDEInContinuous3.xml (RunModel)" time="0.06" />
  <testcase classname="ptolemy.util.test.junit.AutoTests" name="[32] /home/travis/build/icyphy/ptII/ptolemy/domains/continuous/test/auto/ContinuousInDEInput.xml (RunModel)" time="0.036" />
  <testcase classname="ptolemy.util.test.junit.AutoTests" name="[33] /home/travis/build/icyphy/ptII/ptolemy/domains/continuous/test/auto/ContinuousInDEInput2.xml (RunModel)" time="0.032" />
  <testcase classname="ptolemy.util.test.junit.AutoTests" name="[34] /home/travis/build/icyphy/ptII/ptolemy/domains/continuous/test/auto/ContinuousInDEInput3.xml (RunModel)" time="0.031" />
  <testcase classname="ptolemy.util.test.junit.AutoTests" name="[35] /home/travis/build/icyphy/ptII/ptolemy/domains/continuous/test/auto/ContinuousInDESharingRefinement.xml (RunModel)" time="0.154" />
  <testcase classname="ptolemy.util.test.junit.AutoTests" name="[36] /home/travis/build/icyphy/ptII/ptolemy/domains/continuous/test/auto/ContinuousInDEwithNoPorts.xml (RunModel)" time="0.015" />
  <testcase classname="ptolemy.util.test.junit.AutoTests" name="[37] /home/travis/build/icyphy/ptII/ptolemy/domains/continuous/test/auto/ContinuousInsideDE.xml (RunModel)" time="0.078" />
  <testcase classname="ptolemy.util.test.junit.AutoTests" name="[38] /home/travis/build/icyphy/ptII/ptolemy/domains/continuous/test/auto/ContinuousMerge1.xml (RunModel)" time="0.014" />
  <testcase classname="ptolemy.util.test.junit.AutoTests" name="[39] /home/travis/build/icyphy/ptII/ptolemy/domains/continuous/test/auto/ContinuousMerge2.xml (RunModel)" time="0.047" />
  <testcase classname="ptolemy.util.test.junit.AutoTests" name="[40] /home/travis/build/icyphy/ptII/ptolemy/domains/continuous/test/auto/ContinuousMerge3.xml (RunModel)" time="0.059" />
  <testcase classname="ptolemy.util.test.junit.AutoTests" name="[41] /home/travis/build/icyphy/ptII/ptolemy/domains/continuous/test/auto/ContinuousWithinContinuous.xml (RunModel)" time="0.046" />
  <testcase classname="ptolemy.util.test.junit.AutoTests" name="[42] /home/travis/build/icyphy/ptII/ptolemy/domains/continuous/test/auto/ContinuousWithinContinuous2.xml (RunModel)" time="0.072" />
  <testcase classname="ptolemy.util.test.junit.AutoTests" name="[43] /home/travis/build/icyphy/ptII/ptolemy/domains/continuous/test/auto/ContinuousWithinContinuous3.xml (RunModel)" time="0.034" />
  <testcase classname="ptolemy.util.test.junit.AutoTests" name="[44] /home/travis/build/icyphy/ptII/ptolemy/domains/continuous/test/auto/ContinuousWithinContinuous4.xml (RunModel)" time="0.071" />
  <testcase classname="ptolemy.util.test.junit.AutoTests" name="[45] /home/travis/build/icyphy/ptII/ptolemy/domains/continuous/test/auto/ContinuousWithinContinuous5.xml (RunModel)" time="0.028" />
  <testcase classname="ptolemy.util.test.junit.AutoTests" name="[46] /home/travis/build/icyphy/ptII/ptolemy/domains/continuous/test/auto/ContinuousWithinContinuous6.xml (RunModel)" time="0.024" />
  <testcase classname="ptolemy.util.test.junit.AutoTests" name="[47] /home/travis/build/icyphy/ptII/ptolemy/domains/continuous/test/auto/ContinuousWithinContinuous7.xml (RunModel)" time="0.054" />
  <testcase classname="ptolemy.util.test.junit.AutoTests" name="[48] /home/travis/build/icyphy/ptII/ptolemy/domains/continuous/test/auto/DCMotor.xml (RunModel)" time="12.472" />
  <testcase classname="ptolemy.util.test.junit.AutoTests" name="[49] /home/travis/build/icyphy/ptII/ptolemy/domains/continuous/test/auto/DEInContinuous.xml (RunModel)" time="0.051" />
  <testcase classname="ptolemy.util.test.junit.AutoTests" name="[50] /home/travis/build/icyphy/ptII/ptolemy/domains/continuous/test/auto/DEinContinuous2.xml (RunModel)" time="0.035" />
  <testcase classname="ptolemy.util.test.junit.AutoTests" name="[51] /home/travis/build/icyphy/ptII/ptolemy/domains/continuous/test/auto/Derivative.xml (RunModel)" time="0.163" />
  <testcase classname="ptolemy.util.test.junit.AutoTests" name="[52] /home/travis/build/icyphy/ptII/ptolemy/domains/continuous/test/auto/Derivative1.xml (RunModel)" time="0.057" />
  <testcase classname="ptolemy.util.test.junit.AutoTests" name="[53] /home/travis/build/icyphy/ptII/ptolemy/domains/continuous/test/auto/DiscreteClock.xml (RunModel)" time="0.015" />
  <testcase classname="ptolemy.util.test.junit.AutoTests" name="[54] /home/travis/build/icyphy/ptII/ptolemy/domains/continuous/test/auto/EfficiencyCurve.xml (RunModel)" time="0.125" />
  <testcase classname="ptolemy.util.test.junit.AutoTests" name="[55] /home/travis/build/icyphy/ptII/ptolemy/domains/continuous/test/auto/ExponentialResponse.xml (RunModel)" time="0.105" />
  <testcase classname="ptolemy.util.test.junit.AutoTests" name="[56] /home/travis/build/icyphy/ptII/ptolemy/domains/continuous/test/auto/ExponentialResponseRK45.xml (RunModel)" time="0.033" />
  <testcase classname="ptolemy.util.test.junit.AutoTests" name="[57] /home/travis/build/icyphy/ptII/ptolemy/domains/continuous/test/auto/Friction.xml (RunModel)" time="1.564" />
  <testcase classname="ptolemy.util.test.junit.AutoTests" name="[58] /home/travis/build/icyphy/ptII/ptolemy/domains/continuous/test/auto/FurutaPendulum.xml (RunModel)" time="3.048" />
  <testcase classname="ptolemy.util.test.junit.AutoTests" name="[59] /home/travis/build/icyphy/ptII/ptolemy/domains/continuous/test/auto/HierarchicalExecution.xml (RunModel)" time="2.129" />
  <testcase classname="ptolemy.util.test.junit.AutoTests" name="[60] /home/travis/build/icyphy/ptII/ptolemy/domains/continuous/test/auto/HybridPlant.xml (RunModel)" time="0.544" />
  <testcase classname="ptolemy.util.test.junit.AutoTests" name="[61] /home/travis/build/icyphy/ptII/ptolemy/domains/continuous/test/auto/Hysteresis.xml (RunModel)" time="0.184" />
  <testcase classname="ptolemy.util.test.junit.AutoTests" name="[62] /home/travis/build/icyphy/ptII/ptolemy/domains/continuous/test/auto/HysteresisWithRandomDelay.xml (RunModel)" time="0.226" />
  <testcase classname="ptolemy.util.test.junit.AutoTests" name="[63] /home/travis/build/icyphy/ptII/ptolemy/domains/continuous/test/auto/HysteresisWithRandomLosses.xml (RunModel)" time="2.404" />
  <testcase classname="ptolemy.util.test.junit.AutoTests" name="[64] /home/travis/build/icyphy/ptII/ptolemy/domains/continuous/test/auto/ImmediateTransitions.xml (RunModel)" time="0.033" />
  <testcase classname="ptolemy.util.test.junit.AutoTests" name="[65] /home/travis/build/icyphy/ptII/ptolemy/domains/continuous/test/auto/ImpulseFeedback.xml (RunModel)" time="0.016" />
  <testcase classname="ptolemy.util.test.junit.AutoTests" name="[66] /home/travis/build/icyphy/ptII/ptolemy/domains/continuous/test/auto/ImpulseFeedback2.xml (RunModel)" time="0.015" />
  <testcase classname="ptolemy.util.test.junit.AutoTests" name="[67] /home/travis/build/icyphy/ptII/ptolemy/domains/continuous/test/auto/IncreasingRatePoisson.xml (RunModel)" time="0.717" />
  <testcase classname="ptolemy.util.test.junit.AutoTests" name="[68] /home/travis/build/icyphy/ptII/ptolemy/domains/continuous/test/auto/InitialStateFeedback.xml (RunModel)" time="0.014" />
  <testcase classname="ptolemy.util.test.junit.AutoTests" name="[69] /home/travis/build/icyphy/ptII/ptolemy/domains/continuous/test/auto/Integration.xml (RunModel)" time="0.014" />
  <testcase classname="ptolemy.util.test.junit.AutoTests" name="[70] /home/travis/build/icyphy/ptII/ptolemy/domains/continuous/test/auto/Integration2.xml (RunModel)" time="0.077" />
  <testcase classname="ptolemy.util.test.junit.AutoTests" name="[71] /home/travis/build/icyphy/ptII/ptolemy/domains/continuous/test/auto/Integration3.xml (RunModel)" time="0.038" />
  <testcase classname="ptolemy.util.test.junit.AutoTests" name="[72] /home/travis/build/icyphy/ptII/ptolemy/domains/continuous/test/auto/Integration5.xml (RunModel)" time="0.009" />
  <testcase classname="ptolemy.util.test.junit.AutoTests" name="[73] /home/travis/build/icyphy/ptII/ptolemy/domains/continuous/test/auto/IntegratorImpulse.xml (RunModel)" time="0.008" />
  <testcase classname="ptolemy.util.test.junit.AutoTests" name="[74] /home/travis/build/icyphy/ptII/ptolemy/domains/continuous/test/auto/IntegratorImpulse2.xml (RunModel)" time="0.01" />
  <testcase classname="ptolemy.util.test.junit.AutoTests" name="[75] /home/travis/build/icyphy/ptII/ptolemy/domains/continuous/test/auto/LevelCrossing1.xml (RunModel)" time="0.014" />
  <testcase classname="ptolemy.util.test.junit.AutoTests" name="[76] /home/travis/build/icyphy/ptII/ptolemy/domains/continuous/test/auto/LevelCrossing2.xml (RunModel)" time="0.011" />
  <testcase classname="ptolemy.util.test.junit.AutoTests" name="[77] /home/travis/build/icyphy/ptII/ptolemy/domains/continuous/test/auto/LevelCrossing3.xml (RunModel)" time="0.019" />
  <testcase classname="ptolemy.util.test.junit.AutoTests" name="[78] /home/travis/build/icyphy/ptII/ptolemy/domains/continuous/test/auto/LevelCrossing4.xml (RunModel)" time="0.012" />
  <testcase classname="ptolemy.util.test.junit.AutoTests" name="[79] /home/travis/build/icyphy/ptII/ptolemy/domains/continuous/test/auto/LevelCrossing5.xml (RunModel)" time="0.013" />
  <testcase classname="ptolemy.util.test.junit.AutoTests" name="[80] /home/travis/build/icyphy/ptII/ptolemy/domains/continuous/test/auto/LevelCrossing6.xml (RunModel)" time="0.011" />
  <testcase classname="ptolemy.util.test.junit.AutoTests" name="[81] /home/travis/build/icyphy/ptII/ptolemy/domains/continuous/test/auto/LevelCrossingDetector.xml (RunModel)" time="0.038" />
  <testcase classname="ptolemy.util.test.junit.AutoTests" name="[82] /home/travis/build/icyphy/ptII/ptolemy/domains/continuous/test/auto/LevelCrossingDetectorDetectingDirections.xml (RunModel)" time="0.08" />
  <testcase classname="ptolemy.util.test.junit.AutoTests" name="[83] /home/travis/build/icyphy/ptII/ptolemy/domains/continuous/test/auto/LevelCrossingDetectorDetectsGlitches.xml (RunModel)" time="0.061" />
  <testcase classname="ptolemy.util.test.junit.AutoTests" name="[84] /home/travis/build/icyphy/ptII/ptolemy/domains/continuous/test/auto/LevelCrossingNoInitialOuput.xml (RunModel)" time="0.016" />
  <testcase classname="ptolemy.util.test.junit.AutoTests" name="[85] /home/travis/build/icyphy/ptII/ptolemy/domains/continuous/test/auto/LinearStateSpaceExample.xml (RunModel)" time="0.054" />
  <testcase classname="ptolemy.util.test.junit.AutoTests" name="[86] /home/travis/build/icyphy/ptII/ptolemy/domains/continuous/test/auto/Lorenz.xml (RunModel)" time="3.656" />
  <testcase classname="ptolemy.util.test.junit.AutoTests" name="[87] /home/travis/build/icyphy/ptII/ptolemy/domains/continuous/test/auto/LorenzDifferentialSystem.xml (RunModel)" time="0.992" />
  <testcase classname="ptolemy.util.test.junit.AutoTests" name="[88] /home/travis/build/icyphy/ptII/ptolemy/domains/continuous/test/auto/LorenzDifferentialSystemWithInput.xml (RunModel)" time="1.255" />
  <testcase classname="ptolemy.util.test.junit.AutoTests" name="[89] /home/travis/build/icyphy/ptII/ptolemy/domains/continuous/test/auto/LorenzDifferentialSystemWithTime.xml (RunModel)" time="0.804" />
  <testcase classname="ptolemy.util.test.junit.AutoTests" name="[90] /home/travis/build/icyphy/ptII/ptolemy/domains/continuous/test/auto/Microsteps.xml (RunModel)" time="0.029" />
  <testcase classname="ptolemy.util.test.junit.AutoTests" name="[91] /home/travis/build/icyphy/ptII/ptolemy/domains/continuous/test/auto/Modal1.xml (RunModel)" time="0.045" />
  <testcase classname="ptolemy.util.test.junit.AutoTests" name="[92] /home/travis/build/icyphy/ptII/ptolemy/domains/continuous/test/auto/Modal2.xml (RunModel)" time="0.062" />
  <testcase classname="ptolemy.util.test.junit.AutoTests" name="[93] /home/travis/build/icyphy/ptII/ptolemy/domains/continuous/test/auto/ModalTransitionGuardWithReset.xml (RunModel)" time="0.03" />
  <testcase classname="ptolemy.util.test.junit.AutoTests" name="[94] /home/travis/build/icyphy/ptII/ptolemy/domains/continuous/test/auto/ModalTransitionGuardWithResetUsingPreemptiveTransition.xml (RunModel)" time="0.036" />
  <testcase classname="ptolemy.util.test.junit.AutoTests" name="[95] /home/travis/build/icyphy/ptII/ptolemy/domains/continuous/test/auto/ModalTransitionGuardWithResetUsingPreemptiveTransition2.xml (RunModel)" time="0.031" />
  <testcase classname="ptolemy.util.test.junit.AutoTests" name="[96] /home/travis/build/icyphy/ptII/ptolemy/domains/continuous/test/auto/ModalTransitionGuardWithResetUsingPreemptiveTransition3.xml (RunModel)" time="0.032" />
  <testcase classname="ptolemy.util.test.junit.AutoTests" name="[97] /home/travis/build/icyphy/ptII/ptolemy/domains/continuous/test/auto/NewtonsCradle.xml (RunModel)" time="0.779" />
  <testcase classname="ptolemy.util.test.junit.AutoTests" name="[98] /home/travis/build/icyphy/ptII/ptolemy/domains/continuous/test/auto/NewtonsCradleAnimated.xml (RunModel)" time="1.325" />
  <testcase classname="ptolemy.util.test.junit.AutoTests" name="[99] /home/travis/build/icyphy/ptII/ptolemy/domains/continuous/test/auto/NewtonsCradleComplicated.xml (RunModel)" time="1.096" />
  <testcase classname="ptolemy.util.test.junit.AutoTests" name="[100] /home/travis/build/icyphy/ptII/ptolemy/domains/continuous/test/auto/NewtonsCradleNondeterministic.xml (RunModel)" time="0.736" />
  <testcase classname="ptolemy.util.test.junit.AutoTests" name="[101] /home/travis/build/icyphy/ptII/ptolemy/domains/continuous/test/auto/NewtonsCradlePerfectlyInelastic1.xml (RunModel)" time="1.204" />
  <testcase classname="ptolemy.util.test.junit.AutoTests" name="[102] /home/travis/build/icyphy/ptII/ptolemy/domains/continuous/test/auto/Noise.xml (RunModel)" time="0.189" />
  <testcase classname="ptolemy.util.test.junit.AutoTests" name="[103] /home/travis/build/icyphy/ptII/ptolemy/domains/continuous/test/auto/NoiseSpectrum.xml (RunModel)" time="0.7" />
  <testcase classname="ptolemy.util.test.junit.AutoTests" name="[104] /home/travis/build/icyphy/ptII/ptolemy/domains/continuous/test/auto/ParameterizedNewtonsCradleAnimated.xml (RunModel)" time="0.357" />
  <testcase classname="ptolemy.util.test.junit.AutoTests" name="[105] /home/travis/build/icyphy/ptII/ptolemy/domains/continuous/test/auto/ParameterizedNewtonsCradleAnimatedNondeterministic.xml (RunModel)" time="1.164" />
  <testcase classname="ptolemy.util.test.junit.AutoTests" name="[106] /home/travis/build/icyphy/ptII/ptolemy/domains/continuous/test/auto/Pendulum3D.xml (RunModel)" time="0.176" />
  <testcase classname="ptolemy.util.test.junit.AutoTests" name="[107] /home/travis/build/icyphy/ptII/ptolemy/domains/continuous/test/auto/PeriodicSampler.xml (RunModel)" time="0.012" />
  <testcase classname="ptolemy.util.test.junit.AutoTests" name="[108] /home/travis/build/icyphy/ptII/ptolemy/domains/continuous/test/auto/PeriodicSampler1.xml (RunModel)" time="0.044" />
  <testcase classname="ptolemy.util.test.junit.AutoTests" name="[109] /home/travis/build/icyphy/ptII/ptolemy/domains/continuous/test/auto/PeriodicSampler2.xml (RunModel)" time="0.092" />
  <testcase classname="ptolemy.util.test.junit.AutoTests" name="[110] /home/travis/build/icyphy/ptII/ptolemy/domains/continuous/test/auto/Poisson.xml (RunModel)" time="0.448" />
  <testcase classname="ptolemy.util.test.junit.AutoTests" name="[111] /home/travis/build/icyphy/ptII/ptolemy/domains/continuous/test/auto/PoissonClock.xml (RunModel)" time="0.013" />
  <testcase classname="ptolemy.util.test.junit.AutoTests" name="[112] /home/travis/build/icyphy/ptII/ptolemy/domains/continuous/test/auto/PoissonClock2.xml (RunModel)" time="0.013" />
  <testcase classname="ptolemy.util.test.junit.AutoTests" name="[113] /home/travis/build/icyphy/ptII/ptolemy/domains/continuous/test/auto/PortParameterHierarchy.xml (RunModel)" time="0.025" />
  <testcase classname="ptolemy.util.test.junit.AutoTests" name="[114] /home/travis/build/icyphy/ptII/ptolemy/domains/continuous/test/auto/RandomHybridPlant.xml (RunModel)" time="0.551" />
  <testcase classname="ptolemy.util.test.junit.AutoTests" name="[115] /home/travis/build/icyphy/ptII/ptolemy/domains/continuous/test/auto/ResetTransitionWithStartTime1.xml (RunModel)" time="0.03" />
  <testcase classname="ptolemy.util.test.junit.AutoTests" name="[116] /home/travis/build/icyphy/ptII/ptolemy/domains/continuous/test/auto/ResetTransitionWithStartTime2.xml (RunModel)" time="0.031" />
  <testcase classname="ptolemy.util.test.junit.AutoTests" name="[117] /home/travis/build/icyphy/ptII/ptolemy/domains/continuous/test/auto/ResetTransitionWithStartTime3.xml (RunModel)" time="0.032" />
  <testcase classname="ptolemy.util.test.junit.AutoTests" name="[118] /home/travis/build/icyphy/ptII/ptolemy/domains/continuous/test/auto/ResetTransitionWithStartTime4.xml (RunModel)" time="0.026" />
  <testcase classname="ptolemy.util.test.junit.AutoTests" name="[119] /home/travis/build/icyphy/ptII/ptolemy/domains/continuous/test/auto/ResetTransitionWithStartTime5.xml (RunModel)" time="0.03" />
  <testcase classname="ptolemy.util.test.junit.AutoTests" name="[120] /home/travis/build/icyphy/ptII/ptolemy/domains/continuous/test/auto/ResetTransitionWithStartTime6.xml (RunModel)" time="0.027" />
  <testcase classname="ptolemy.util.test.junit.AutoTests" name="[121] /home/travis/build/icyphy/ptII/ptolemy/domains/continuous/test/auto/SRinContinuous.xml (RunModel)" time="0.022" />
  <testcase classname="ptolemy.util.test.junit.AutoTests" name="[122] /home/travis/build/icyphy/ptII/ptolemy/domains/continuous/test/auto/SampledClocks.xml (RunModel)" time="0.038" />
  <testcase classname="ptolemy.util.test.junit.AutoTests" name="[123] /home/travis/build/icyphy/ptII/ptolemy/domains/continuous/test/auto/Satellite.xml (RunModel)" time="0.752" />
  <testcase classname="ptolemy.util.test.junit.AutoTests" name="[124] /home/travis/build/icyphy/ptII/ptolemy/domains/continuous/test/auto/SigmaDelta.xml (RunModel)" time="2.045" />
  <testcase classname="ptolemy.util.test.junit.AutoTests" name="[125] /home/travis/build/icyphy/ptII/ptolemy/domains/continuous/test/auto/SingleRefinement.xml (RunModel)" time="0.419" />
  <testcase classname="ptolemy.util.test.junit.AutoTests" name="[126] /home/travis/build/icyphy/ptII/ptolemy/domains/continuous/test/auto/SinuBouncingBall.xml (RunModel)" time="0.86" />
  <testcase classname="ptolemy.util.test.junit.AutoTests" name="[127] /home/travis/build/icyphy/ptII/ptolemy/domains/continuous/test/auto/Sinusoid.xml (RunModel)" time="0.015" />
  <testcase classname="ptolemy.util.test.junit.AutoTests" name="[128] /home/travis/build/icyphy/ptII/ptolemy/domains/continuous/test/auto/SinusoidInNoise.xml (RunModel)" time="0.905" />
  <testcase classname="ptolemy.util.test.junit.AutoTests" name="[129] /home/travis/build/icyphy/ptII/ptolemy/domains/continuous/test/auto/SinusoidRK45.xml (RunModel)" time="0.012" />
  <testcase classname="ptolemy.util.test.junit.AutoTests" name="[130] /home/travis/build/icyphy/ptII/ptolemy/domains/continuous/test/auto/SinusoidWithMultipleImpulses.xml (RunModel)" time="0.012" />
  <testcase classname="ptolemy.util.test.junit.AutoTests" name="[131] /home/travis/build/icyphy/ptII/ptolemy/domains/continuous/test/auto/SquareWave.xml (RunModel)" time="0.164" />
  <testcase classname="ptolemy.util.test.junit.AutoTests" name="[132] /home/travis/build/icyphy/ptII/ptolemy/domains/continuous/test/auto/Starmac.xml (RunModel)" time="3.421" />
  <testcase classname="ptolemy.util.test.junit.AutoTests" name="[133] /home/travis/build/icyphy/ptII/ptolemy/domains/continuous/test/auto/StaticUnits.xml (RunModel)" time="2.367" />
  <testcase classname="ptolemy.util.test.junit.AutoTests" name="[134] /home/travis/build/icyphy/ptII/ptolemy/domains/continuous/test/auto/StickyMasses.xml (RunModel)" time="0.174" />
  <testcase classname="ptolemy.util.test.junit.AutoTests" name="[135] /home/travis/build/icyphy/ptII/ptolemy/domains/continuous/test/auto/StopTime.xml (RunModel)" time="0.064" />
  <testcase classname="ptolemy.util.test.junit.AutoTests" name="[136] /home/travis/build/icyphy/ptII/ptolemy/domains/continuous/test/auto/StopTime2.xml (RunModel)" time="0.063" />
  <testcase classname="ptolemy.util.test.junit.AutoTests" name="[137] /home/travis/build/icyphy/ptII/ptolemy/domains/continuous/test/auto/Switch.xml (RunModel)" time="0.061" />
  <testcase classname="ptolemy.util.test.junit.AutoTests" name="[138] /home/travis/build/icyphy/ptII/ptolemy/domains/continuous/test/auto/Thermostat.xml (RunModel)" time="0.214" />
  <testcase classname="ptolemy.util.test.junit.AutoTests" name="[139] /home/travis/build/icyphy/ptII/ptolemy/domains/continuous/test/auto/TimeDelay.xml (RunModel)" time="0.013" />
  <testcase classname="ptolemy.util.test.junit.AutoTests" name="[140] /home/travis/build/icyphy/ptII/ptolemy/domains/continuous/test/auto/TimeDelay2.xml (RunModel)" time="0.03" />
  <testcase classname="ptolemy.util.test.junit.AutoTests" name="[141] /home/travis/build/icyphy/ptII/ptolemy/domains/continuous/test/auto/TimeDelay3.xml (RunModel)" time="0.017" />
  <testcase classname="ptolemy.util.test.junit.AutoTests" name="[142] /home/travis/build/icyphy/ptII/ptolemy/domains/continuous/test/auto/TransferAbsentToInside.xml (RunModel)" time="0.127" />
  <testcase classname="ptolemy.util.test.junit.AutoTests" name="[143] /home/travis/build/icyphy/ptII/ptolemy/domains/continuous/test/auto/Transmission.xml (RunModel)" time="0.813" />
  <testcase classname="ptolemy.util.test.junit.AutoTests" name="[144] /home/travis/build/icyphy/ptII/ptolemy/domains/continuous/test/auto/TriggeredContinuousClock.xml (RunModel)" time="0.063" />
  <testcase classname="ptolemy.util.test.junit.AutoTests" name="[145] /home/travis/build/icyphy/ptII/ptolemy/domains/continuous/test/auto/TwoMachineInfiniteBusControl.xml (RunModel)" time="2.509" />
  <testcase classname="ptolemy.util.test.junit.AutoTests" name="[146] /home/travis/build/icyphy/ptII/ptolemy/domains/continuous/test/auto/V2V.xml (RunModel)" time="0.819" />
  <testcase classname="ptolemy.util.test.junit.AutoTests" name="[147] /home/travis/build/icyphy/ptII/ptolemy/domains/continuous/test/auto/hierarchicalModalModel.xml (RunModel)" time="0.034" />
  <testcase classname="ptolemy.util.test.junit.AutoTests" name="[148] /home/travis/build/icyphy/ptII/ptolemy/domains/continuous/test/auto/hierarchicalModalModel1.xml (RunModel)" time="0.033" />
  <testcase classname="ptolemy.util.test.junit.AutoTests" name="[149] /home/travis/build/icyphy/ptII/ptolemy/domains/continuous/test/auto/hierarchicalModalModel2.xml (RunModel)" time="0.029" />
  <testcase classname="ptolemy.util.test.junit.AutoTests" name="[150] /home/travis/build/icyphy/ptII/ptolemy/domains/continuous/test/auto/hierarchicalModalModel3.xml (RunModel)" time="0.031" />
  <testcase classname="ptolemy.util.test.junit.AutoTests" name="[151] /home/travis/build/icyphy/ptII/ptolemy/domains/continuous/test/auto/hierarchicalModalModel4.xml (RunModel)" time="0.028" />
  <testcase classname="ptolemy.util.test.junit.AutoTests" name="[152] /home/travis/build/icyphy/ptII/ptolemy/domains/continuous/test/auto/junk.xml (RunModel)" time="0.14" />
  <system-out><![CDATA[No tcl tests in /home/travis/build/icyphy/ptII/ptolemy/domains/continuous/test
No auto/knownFailedTests/*.xml tests in /home/travis/build/icyphy/ptII/ptolemy/domains/continuous/test
No auto/linux-amd64/*.xml tests in /home/travis/build/icyphy/ptII/ptolemy/domains/continuous/test
AutoTests.java: About to close Vertx.
AutoTests.java: Vertx closed.

===========================================================================================
----------------- testing Tue Jan 21 12:11:59 UTC 2020 /home/travis/build/icyphy/ptII/ptolemy/domains/continuous/test/auto/BouncingBall.xml
----------------- Instantiating /home/travis/build/icyphy/ptII/ptolemy/domains/continuous/test/auto/BouncingBall.xml
2280 ms. Memory: 160768K Free: 85298K (53%)
----------------- Invoking toplevel() on ptolemy.moml.MoMLSimpleApplication@25e296d
----------------- Done invoking toplevel() on ptolemy.moml.MoMLSimpleApplication@25e296d
reloadAllAccessors: .BouncingBall

===========================================================================================
----------------- testing Tue Jan 21 12:12:01 UTC 2020 /home/travis/build/icyphy/ptII/ptolemy/domains/continuous/test/auto/BouncingBallWithoutGR.xml
----------------- Instantiating /home/travis/build/icyphy/ptII/ptolemy/domains/continuous/test/auto/BouncingBallWithoutGR.xml
741 ms. Memory: 193536K Free: 126138K (65%)
----------------- Invoking toplevel() on ptolemy.moml.MoMLSimpleApplication@41c60863
----------------- Done invoking toplevel() on ptolemy.moml.MoMLSimpleApplication@41c60863
reloadAllAccessors: .BouncingBallWithoutGR

===========================================================================================
----------------- testing Tue Jan 21 12:12:02 UTC 2020 /home/travis/build/icyphy/ptII/ptolemy/domains/continuous/test/auto/Brownian.xml
----------------- Instantiating /home/travis/build/icyphy/ptII/ptolemy/domains/continuous/test/auto/Brownian.xml
15 ms. Memory: 193536K Free: 117436K (61%)
----------------- Invoking toplevel() on ptolemy.moml.MoMLSimpleApplication@188a6d68
----------------- Done invoking toplevel() on ptolemy.moml.MoMLSimpleApplication@188a6d68
reloadAllAccessors: .Brownian

===========================================================================================
----------------- testing Tue Jan 21 12:12:02 UTC 2020 /home/travis/build/icyphy/ptII/ptolemy/domains/continuous/test/auto/CarTracking.xml
----------------- Instantiating /home/travis/build/icyphy/ptII/ptolemy/domains/continuous/test/auto/CarTracking.xml
3266 ms. Memory: 238592K Free: 165122K (69%)
----------------- Invoking toplevel() on ptolemy.moml.MoMLSimpleApplication@63da0fd5
----------------- Done invoking toplevel() on ptolemy.moml.MoMLSimpleApplication@63da0fd5
reloadAllAccessors: .CarTracking

===========================================================================================
----------------- testing Tue Jan 21 12:12:06 UTC 2020 /home/travis/build/icyphy/ptII/ptolemy/domains/continuous/test/auto/CartPendulum.xml
----------------- Instantiating /home/travis/build/icyphy/ptII/ptolemy/domains/continuous/test/auto/CartPendulum.xml
328 ms. Memory: 238592K Free: 213182K (89%)
----------------- Invoking toplevel() on ptolemy.moml.MoMLSimpleApplication@356373c1
----------------- Done invoking toplevel() on ptolemy.moml.MoMLSimpleApplication@356373c1
reloadAllAccessors: .CartPendulum

===========================================================================================
----------------- testing Tue Jan 21 12:12:06 UTC 2020 /home/travis/build/icyphy/ptII/ptolemy/domains/continuous/test/auto/CausalityInterface10.xml
----------------- Instantiating /home/travis/build/icyphy/ptII/ptolemy/domains/continuous/test/auto/CausalityInterface10.xml
12 ms. Memory: 238592K Free: 202424K (85%)
----------------- Invoking toplevel() on ptolemy.moml.MoMLSimpleApplication@7f1f595b
----------------- Done invoking toplevel() on ptolemy.moml.MoMLSimpleApplication@7f1f595b
reloadAllAccessors: .CausalityInterface10

===========================================================================================
----------------- testing Tue Jan 21 12:12:06 UTC 2020 /home/travis/build/icyphy/ptII/ptolemy/domains/continuous/test/auto/CausalityInterface11.xml
----------------- Instantiating /home/travis/build/icyphy/ptII/ptolemy/domains/continuous/test/auto/CausalityInterface11.xml
11 ms. Memory: 238592K Free: 196270K (82%)
----------------- Invoking toplevel() on ptolemy.moml.MoMLSimpleApplication@499ae476
----------------- Done invoking toplevel() on ptolemy.moml.MoMLSimpleApplication@499ae476
reloadAllAccessors: .CausalityInterface11

===========================================================================================
----------------- testing Tue Jan 21 12:12:07 UTC 2020 /home/travis/build/icyphy/ptII/ptolemy/domains/continuous/test/auto/CausalityInterface12.xml
----------------- Instantiating /home/travis/build/icyphy/ptII/ptolemy/domains/continuous/test/auto/CausalityInterface12.xml
9 ms. Memory: 238592K Free: 190126K (80%)
----------------- Invoking toplevel() on ptolemy.moml.MoMLSimpleApplication@64ee120
----------------- Done invoking toplevel() on ptolemy.moml.MoMLSimpleApplication@64ee120
reloadAllAccessors: .CausalityInterface12

===========================================================================================
----------------- testing Tue Jan 21 12:12:07 UTC 2020 /home/travis/build/icyphy/ptII/ptolemy/domains/continuous/test/auto/CausalityInterface13.xml
----------------- Instantiating /home/travis/build/icyphy/ptII/ptolemy/domains/continuous/test/auto/CausalityInterface13.xml
9 ms. Memory: 238592K Free: 183996K (77%)
----------------- Invoking toplevel() on ptolemy.moml.MoMLSimpleApplication@4bec941b
----------------- Done invoking toplevel() on ptolemy.moml.MoMLSimpleApplication@4bec941b
reloadAllAccessors: .CausalityInterface13

===========================================================================================
----------------- testing Tue Jan 21 12:12:07 UTC 2020 /home/travis/build/icyphy/ptII/ptolemy/domains/continuous/test/auto/CausalityInterface14.xml
----------------- Instantiating /home/travis/build/icyphy/ptII/ptolemy/domains/continuous/test/auto/CausalityInterface14.xml
2 ms. Memory: 238592K Free: 178366K (75%)
----------------- Invoking toplevel() on ptolemy.moml.MoMLSimpleApplication@1dcbefcd
----------------- Done invoking toplevel() on ptolemy.moml.MoMLSimpleApplication@1dcbefcd
reloadAllAccessors: .CausalityInterface14

===========================================================================================
----------------- testing Tue Jan 21 12:12:07 UTC 2020 /home/travis/build/icyphy/ptII/ptolemy/domains/continuous/test/auto/CausalityInterface4.xml
----------------- Instantiating /home/travis/build/icyphy/ptII/ptolemy/domains/continuous/test/auto/CausalityInterface4.xml
11 ms. Memory: 238592K Free: 171198K (72%)
----------------- Invoking toplevel() on ptolemy.moml.MoMLSimpleApplication@10469e79
----------------- Done invoking toplevel() on ptolemy.moml.MoMLSimpleApplication@10469e79
reloadAllAccessors: .CausalityInterface4

===========================================================================================
----------------- testing Tue Jan 21 12:12:07 UTC 2020 /home/travis/build/icyphy/ptII/ptolemy/domains/continuous/test/auto/CausalityInterface5.xml
----------------- Instantiating /home/travis/build/icyphy/ptII/ptolemy/domains/continuous/test/auto/CausalityInterface5.xml
3 ms. Memory: 238592K Free: 163006K (68%)
----------------- Invoking toplevel() on ptolemy.moml.MoMLSimpleApplication@37197454
----------------- Done invoking toplevel() on ptolemy.moml.MoMLSimpleApplication@37197454
reloadAllAccessors: .CausalityInterface5

===========================================================================================
----------------- testing Tue Jan 21 12:12:07 UTC 2020 /home/travis/build/icyphy/ptII/ptolemy/domains/continuous/test/auto/CausalityInterface6.xml
----------------- Instantiating /home/travis/build/icyphy/ptII/ptolemy/domains/continuous/test/auto/CausalityInterface6.xml
4 ms. Memory: 238592K Free: 157886K (66%)
----------------- Invoking toplevel() on ptolemy.moml.MoMLSimpleApplication@4c1613ab
----------------- Done invoking toplevel() on ptolemy.moml.MoMLSimpleApplication@4c1613ab
reloadAllAccessors: .CausalityInterface6

===========================================================================================
----------------- testing Tue Jan 21 12:12:07 UTC 2020 /home/travis/build/icyphy/ptII/ptolemy/domains/continuous/test/auto/CausalityInterface7.xml
----------------- Instantiating /home/travis/build/icyphy/ptII/ptolemy/domains/continuous/test/auto/CausalityInterface7.xml
8 ms. Memory: 238592K Free: 149180K (63%)
----------------- Invoking toplevel() on ptolemy.moml.MoMLSimpleApplication@54af0095
----------------- Done invoking toplevel() on ptolemy.moml.MoMLSimpleApplication@54af0095
reloadAllAccessors: .CausalityInterface7

===========================================================================================
----------------- testing Tue Jan 21 12:12:07 UTC 2020 /home/travis/build/icyphy/ptII/ptolemy/domains/continuous/test/auto/CausalityInterface8.xml
----------------- Instantiating /home/travis/build/icyphy/ptII/ptolemy/domains/continuous/test/auto/CausalityInterface8.xml
6 ms. Memory: 238592K Free: 139964K (59%)
----------------- Invoking toplevel() on ptolemy.moml.MoMLSimpleApplication@59f3521f
----------------- Done invoking toplevel() on ptolemy.moml.MoMLSimpleApplication@59f3521f
reloadAllAccessors: .CausalityInterface8

===========================================================================================
----------------- testing Tue Jan 21 12:12:07 UTC 2020 /home/travis/build/icyphy/ptII/ptolemy/domains/continuous/test/auto/CausalityInterface9.xml
----------------- Instantiating /home/travis/build/icyphy/ptII/ptolemy/domains/continuous/test/auto/CausalityInterface9.xml
8 ms. Memory: 238592K Free: 128700K (54%)
----------------- Invoking toplevel() on ptolemy.moml.MoMLSimpleApplication@7426fdda
----------------- Done invoking toplevel() on ptolemy.moml.MoMLSimpleApplication@7426fdda
reloadAllAccessors: .CausalityInterface9

===========================================================================================
----------------- testing Tue Jan 21 12:12:07 UTC 2020 /home/travis/build/icyphy/ptII/ptolemy/domains/continuous/test/auto/CausalityInterfaceFeedback1.xml
----------------- Instantiating /home/travis/build/icyphy/ptII/ptolemy/domains/continuous/test/auto/CausalityInterfaceFeedback1.xml
3 ms. Memory: 238592K Free: 122046K (51%)
----------------- Invoking toplevel() on ptolemy.moml.MoMLSimpleApplication@4502f7ec
----------------- Done invoking toplevel() on ptolemy.moml.MoMLSimpleApplication@4502f7ec
reloadAllAccessors: .CausalityInterfaceFeedback1

===========================================================================================
----------------- testing Tue Jan 21 12:12:07 UTC 2020 /home/travis/build/icyphy/ptII/ptolemy/domains/continuous/test/auto/CausalityInterfaceFeedback2.xml
----------------- Instantiating /home/travis/build/icyphy/ptII/ptolemy/domains/continuous/test/auto/CausalityInterfaceFeedback2.xml
7 ms. Memory: 238592K Free: 115388K (48%)
----------------- Invoking toplevel() on ptolemy.moml.MoMLSimpleApplication@1c2616c1
----------------- Done invoking toplevel() on ptolemy.moml.MoMLSimpleApplication@1c2616c1
reloadAllAccessors: .CausalityInterfaceFeedback2

===========================================================================================
----------------- testing Tue Jan 21 12:12:07 UTC 2020 /home/travis/build/icyphy/ptII/ptolemy/domains/continuous/test/auto/CompareWithCurrentTime.xml
----------------- Instantiating /home/travis/build/icyphy/ptII/ptolemy/domains/continuous/test/auto/CompareWithCurrentTime.xml
2 ms. Memory: 238592K Free: 111292K (47%)
----------------- Invoking toplevel() on ptolemy.moml.MoMLSimpleApplication@253eaf0a
----------------- Done invoking toplevel() on ptolemy.moml.MoMLSimpleApplication@253eaf0a
reloadAllAccessors: .CompareWithCurrentTime

===========================================================================================
----------------- testing Tue Jan 21 12:12:07 UTC 2020 /home/travis/build/icyphy/ptII/ptolemy/domains/continuous/test/auto/ComparedClocks.xml
----------------- Instantiating /home/travis/build/icyphy/ptII/ptolemy/domains/continuous/test/auto/ComparedClocks.xml
9 ms. Memory: 238592K Free: 95918K (40%)
----------------- Invoking toplevel() on ptolemy.moml.MoMLSimpleApplication@5a286ff8
----------------- Done invoking toplevel() on ptolemy.moml.MoMLSimpleApplication@5a286ff8
reloadAllAccessors: .ComparedClocks

===========================================================================================
----------------- testing Tue Jan 21 12:12:07 UTC 2020 /home/travis/build/icyphy/ptII/ptolemy/domains/continuous/test/auto/ContinuousAOCClone.xml
----------------- Instantiating /home/travis/build/icyphy/ptII/ptolemy/domains/continuous/test/auto/ContinuousAOCClone.xml
2396 ms. Memory: 286720K Free: 252606K (88%)
----------------- Invoking toplevel() on ptolemy.moml.MoMLSimpleApplication@3d715421
----------------- Done invoking toplevel() on ptolemy.moml.MoMLSimpleApplication@3d715421
reloadAllAccessors: .ContinuousAOCClone

===========================================================================================
----------------- testing Tue Jan 21 12:12:10 UTC 2020 /home/travis/build/icyphy/ptII/ptolemy/domains/continuous/test/auto/ContinuousClock.xml
----------------- Instantiating /home/travis/build/icyphy/ptII/ptolemy/domains/continuous/test/auto/ContinuousClock.xml
29 ms. Memory: 286720K Free: 230606K (80%)
----------------- Invoking toplevel() on ptolemy.moml.MoMLSimpleApplication@7f0f8574
----------------- Done invoking toplevel() on ptolemy.moml.MoMLSimpleApplication@7f0f8574
reloadAllAccessors: .ContinuousClock

===========================================================================================
----------------- testing Tue Jan 21 12:12:10 UTC 2020 /home/travis/build/icyphy/ptII/ptolemy/domains/continuous/test/auto/ContinuousInContinuous.xml
----------------- Instantiating /home/travis/build/icyphy/ptII/ptolemy/domains/continuous/test/auto/ContinuousInContinuous.xml
39 ms. Memory: 286720K Free: 207054K (72%)
----------------- Invoking toplevel() on ptolemy.moml.MoMLSimpleApplication@210be6bb
----------------- Done invoking toplevel() on ptolemy.moml.MoMLSimpleApplication@210be6bb
reloadAllAccessors: .ContinuousInContinuous

===========================================================================================
----------------- testing Tue Jan 21 12:12:10 UTC 2020 /home/travis/build/icyphy/ptII/ptolemy/domains/continuous/test/auto/ContinuousInContinuousInContinuous.xml
----------------- Instantiating /home/travis/build/icyphy/ptII/ptolemy/domains/continuous/test/auto/ContinuousInContinuousInContinuous.xml
7 ms. Memory: 286720K Free: 199372K (70%)
----------------- Invoking toplevel() on ptolemy.moml.MoMLSimpleApplication@b52118f
----------------- Done invoking toplevel() on ptolemy.moml.MoMLSimpleApplication@b52118f
reloadAllAccessors: .ContinuousInContinuousInContinuous

===========================================================================================
----------------- testing Tue Jan 21 12:12:10 UTC 2020 /home/travis/build/icyphy/ptII/ptolemy/domains/continuous/test/auto/ContinuousInDE.xml
----------------- Instantiating /home/travis/build/icyphy/ptII/ptolemy/domains/continuous/test/auto/ContinuousInDE.xml
84 ms. Memory: 286720K Free: 188622K (66%)
----------------- Invoking toplevel() on ptolemy.moml.MoMLSimpleApplication@627b4726
----------------- Done invoking toplevel() on ptolemy.moml.MoMLSimpleApplication@627b4726
reloadAllAccessors: .ContinuousInDE

===========================================================================================
----------------- testing Tue Jan 21 12:12:10 UTC 2020 /home/travis/build/icyphy/ptII/ptolemy/domains/continuous/test/auto/ContinuousInDE2.xml
----------------- Instantiating /home/travis/build/icyphy/ptII/ptolemy/domains/continuous/test/auto/ContinuousInDE2.xml
28 ms. Memory: 286720K Free: 178892K (62%)
----------------- Invoking toplevel() on ptolemy.moml.MoMLSimpleApplication@2f363bbc
----------------- Done invoking toplevel() on ptolemy.moml.MoMLSimpleApplication@2f363bbc
reloadAllAccessors: .ContinuousInDE2

===========================================================================================
----------------- testing Tue Jan 21 12:12:10 UTC 2020 /home/travis/build/icyphy/ptII/ptolemy/domains/continuous/test/auto/ContinuousInDE3.xml
----------------- Instantiating /home/travis/build/icyphy/ptII/ptolemy/domains/continuous/test/auto/ContinuousInDE3.xml
32 ms. Memory: 286720K Free: 169166K (59%)
----------------- Invoking toplevel() on ptolemy.moml.MoMLSimpleApplication@172c7317
----------------- Done invoking toplevel() on ptolemy.moml.MoMLSimpleApplication@172c7317
reloadAllAccessors: .ContinuousInDE3

===========================================================================================
----------------- testing Tue Jan 21 12:12:10 UTC 2020 /home/travis/build/icyphy/ptII/ptolemy/domains/continuous/test/auto/ContinuousInDE4.xml
----------------- Instantiating /home/travis/build/icyphy/ptII/ptolemy/domains/continuous/test/auto/ContinuousInDE4.xml
14 ms. Memory: 286720K Free: 163022K (57%)
----------------- Invoking toplevel() on ptolemy.moml.MoMLSimpleApplication@11b06903
----------------- Done invoking toplevel() on ptolemy.moml.MoMLSimpleApplication@11b06903
reloadAllAccessors: .ContinuousInDE4

===========================================================================================
----------------- testing Tue Jan 21 12:12:10 UTC 2020 /home/travis/build/icyphy/ptII/ptolemy/domains/continuous/test/auto/ContinuousInDEDifferentRefinements.xml
----------------- Instantiating /home/travis/build/icyphy/ptII/ptolemy/domains/continuous/test/auto/ContinuousInDEDifferentRefinements.xml
57 ms. Memory: 286720K Free: 131774K (46%)
----------------- Invoking toplevel() on ptolemy.moml.MoMLSimpleApplication@4063596f
----------------- Done invoking toplevel() on ptolemy.moml.MoMLSimpleApplication@4063596f
reloadAllAccessors: .ContinuousInDEDifferentRefinements

===========================================================================================
----------------- testing Tue Jan 21 12:12:10 UTC 2020 /home/travis/build/icyphy/ptII/ptolemy/domains/continuous/test/auto/ContinuousInDEDifferentRefinementsPreemptive.xml
----------------- Instantiating /home/travis/build/icyphy/ptII/ptolemy/domains/continuous/test/auto/ContinuousInDEDifferentRefinementsPreemptive.xml
44 ms. Memory: 286720K Free: 101068K (35%)
----------------- Invoking toplevel() on ptolemy.moml.MoMLSimpleApplication@146fd49a
----------------- Done invoking toplevel() on ptolemy.moml.MoMLSimpleApplication@146fd49a
reloadAllAccessors: .ContinuousInDEDifferentRefinementsPreemptive

===========================================================================================
----------------- testing Tue Jan 21 12:12:10 UTC 2020 /home/travis/build/icyphy/ptII/ptolemy/domains/continuous/test/auto/ContinuousInDEInContinuous2.xml
----------------- Instantiating /home/travis/build/icyphy/ptII/ptolemy/domains/continuous/test/auto/ContinuousInDEInContinuous2.xml
32 ms. Memory: 344064K Free: 318145K (92%)
----------------- Invoking toplevel() on ptolemy.moml.MoMLSimpleApplication@23750946
----------------- Done invoking toplevel() on ptolemy.moml.MoMLSimpleApplication@23750946
reloadAllAccessors: .ContinuousInDEInContinuous2

===========================================================================================
----------------- testing Tue Jan 21 12:12:10 UTC 2020 /home/travis/build/icyphy/ptII/ptolemy/domains/continuous/test/auto/ContinuousInDEInContinuous3.xml
----------------- Instantiating /home/travis/build/icyphy/ptII/ptolemy/domains/continuous/test/auto/ContinuousInDEInContinuous3.xml
39 ms. Memory: 344064K Free: 305857K (89%)
----------------- Invoking toplevel() on ptolemy.moml.MoMLSimpleApplication@27bd62b2
----------------- Done invoking toplevel() on ptolemy.moml.MoMLSimpleApplication@27bd62b2
reloadAllAccessors: .ContinuousInDEInContinuous3

===========================================================================================
----------------- testing Tue Jan 21 12:12:10 UTC 2020 /home/travis/build/icyphy/ptII/ptolemy/domains/continuous/test/auto/ContinuousInDEInput.xml
----------------- Instantiating /home/travis/build/icyphy/ptII/ptolemy/domains/continuous/test/auto/ContinuousInDEInput.xml
17 ms. Memory: 344064K Free: 298689K (87%)
----------------- Invoking toplevel() on ptolemy.moml.MoMLSimpleApplication@71850f8f
----------------- Done invoking toplevel() on ptolemy.moml.MoMLSimpleApplication@71850f8f
reloadAllAccessors: .ContinuousInDEInput

===========================================================================================
----------------- testing Tue Jan 21 12:12:10 UTC 2020 /home/travis/build/icyphy/ptII/ptolemy/domains/continuous/test/auto/ContinuousInDEInput2.xml
----------------- Instantiating /home/travis/build/icyphy/ptII/ptolemy/domains/continuous/test/auto/ContinuousInDEInput2.xml
14 ms. Memory: 344064K Free: 291521K (85%)
----------------- Invoking toplevel() on ptolemy.moml.MoMLSimpleApplication@3c20cd17
----------------- Done invoking toplevel() on ptolemy.moml.MoMLSimpleApplication@3c20cd17
reloadAllAccessors: .ContinuousInDEInput2

===========================================================================================
----------------- testing Tue Jan 21 12:12:10 UTC 2020 /home/travis/build/icyphy/ptII/ptolemy/domains/continuous/test/auto/ContinuousInDEInput3.xml
----------------- Instantiating /home/travis/build/icyphy/ptII/ptolemy/domains/continuous/test/auto/ContinuousInDEInput3.xml
14 ms. Memory: 344064K Free: 284353K (83%)
----------------- Invoking toplevel() on ptolemy.moml.MoMLSimpleApplication@125d434b
----------------- Done invoking toplevel() on ptolemy.moml.MoMLSimpleApplication@125d434b
reloadAllAccessors: .ContinuousInDEInput3

===========================================================================================
----------------- testing Tue Jan 21 12:12:10 UTC 2020 /home/travis/build/icyphy/ptII/ptolemy/domains/continuous/test/auto/ContinuousInDESharingRefinement.xml
----------------- Instantiating /home/travis/build/icyphy/ptII/ptolemy/domains/continuous/test/auto/ContinuousInDESharingRefinement.xml
131 ms. Memory: 344064K Free: 189635K (55%)
----------------- Invoking toplevel() on ptolemy.moml.MoMLSimpleApplication@7977702b
----------------- Done invoking toplevel() on ptolemy.moml.MoMLSimpleApplication@7977702b
reloadAllAccessors: .ContinuousInDESharingRefinement

===========================================================================================
----------------- testing Tue Jan 21 12:12:11 UTC 2020 /home/travis/build/icyphy/ptII/ptolemy/domains/continuous/test/auto/ContinuousInDEwithNoPorts.xml
----------------- Instantiating /home/travis/build/icyphy/ptII/ptolemy/domains/continuous/test/auto/ContinuousInDEwithNoPorts.xml
4 ms. Memory: 344064K Free: 185539K (54%)
----------------- Invoking toplevel() on ptolemy.moml.MoMLSimpleApplication@26732af2
----------------- Done invoking toplevel() on ptolemy.moml.MoMLSimpleApplication@26732af2
reloadAllAccessors: .ContinuousInDEwithNoPorts

===========================================================================================
----------------- testing Tue Jan 21 12:12:11 UTC 2020 /home/travis/build/icyphy/ptII/ptolemy/domains/continuous/test/auto/ContinuousInsideDE.xml
----------------- Instantiating /home/travis/build/icyphy/ptII/ptolemy/domains/continuous/test/auto/ContinuousInsideDE.xml
31 ms. Memory: 344064K Free: 174275K (51%)
----------------- Invoking toplevel() on ptolemy.moml.MoMLSimpleApplication@31851da5
----------------- Done invoking toplevel() on ptolemy.moml.MoMLSimpleApplication@31851da5
reloadAllAccessors: .ContinuousInsideDE

===========================================================================================
----------------- testing Tue Jan 21 12:12:11 UTC 2020 /home/travis/build/icyphy/ptII/ptolemy/domains/continuous/test/auto/ContinuousMerge1.xml
----------------- Instantiating /home/travis/build/icyphy/ptII/ptolemy/domains/continuous/test/auto/ContinuousMerge1.xml
2 ms. Memory: 344064K Free: 169634K (49%)
----------------- Invoking toplevel() on ptolemy.moml.MoMLSimpleApplication@6a9a4223
----------------- Done invoking toplevel() on ptolemy.moml.MoMLSimpleApplication@6a9a4223
reloadAllAccessors: .ContinuousMerge1

===========================================================================================
----------------- testing Tue Jan 21 12:12:11 UTC 2020 /home/travis/build/icyphy/ptII/ptolemy/domains/continuous/test/auto/ContinuousMerge2.xml
----------------- Instantiating /home/travis/build/icyphy/ptII/ptolemy/domains/continuous/test/auto/ContinuousMerge2.xml
12 ms. Memory: 344064K Free: 158915K (46%)
----------------- Invoking toplevel() on ptolemy.moml.MoMLSimpleApplication@56325911
----------------- Done invoking toplevel() on ptolemy.moml.MoMLSimpleApplication@56325911
reloadAllAccessors: .ContinuousMerge2

===========================================================================================
----------------- testing Tue Jan 21 12:12:11 UTC 2020 /home/travis/build/icyphy/ptII/ptolemy/domains/continuous/test/auto/ContinuousMerge3.xml
----------------- Instantiating /home/travis/build/icyphy/ptII/ptolemy/domains/continuous/test/auto/ContinuousMerge3.xml
37 ms. Memory: 344064K Free: 148161K (43%)
----------------- Invoking toplevel() on ptolemy.moml.MoMLSimpleApplication@4d5329f3
----------------- Done invoking toplevel() on ptolemy.moml.MoMLSimpleApplication@4d5329f3
reloadAllAccessors: .ContinuousMerge3

===========================================================================================
----------------- testing Tue Jan 21 12:12:11 UTC 2020 /home/travis/build/icyphy/ptII/ptolemy/domains/continuous/test/auto/ContinuousWithinContinuous.xml
----------------- Instantiating /home/travis/build/icyphy/ptII/ptolemy/domains/continuous/test/auto/ContinuousWithinContinuous.xml
31 ms. Memory: 344064K Free: 138945K (40%)
----------------- Invoking toplevel() on ptolemy.moml.MoMLSimpleApplication@3454e7cd
----------------- Done invoking toplevel() on ptolemy.moml.MoMLSimpleApplication@3454e7cd
reloadAllAccessors: .ContinuousWithinContinuous

===========================================================================================
----------------- testing Tue Jan 21 12:12:11 UTC 2020 /home/travis/build/icyphy/ptII/ptolemy/domains/continuous/test/auto/ContinuousWithinContinuous2.xml
----------------- Instantiating /home/travis/build/icyphy/ptII/ptolemy/domains/continuous/test/auto/ContinuousWithinContinuous2.xml
58 ms. Memory: 344064K Free: 127681K (37%)
----------------- Invoking toplevel() on ptolemy.moml.MoMLSimpleApplication@6864471f
----------------- Done invoking toplevel() on ptolemy.moml.MoMLSimpleApplication@6864471f
reloadAllAccessors: .ContinuousWithinContinuous2

===========================================================================================
----------------- testing Tue Jan 21 12:12:11 UTC 2020 /home/travis/build/icyphy/ptII/ptolemy/domains/continuous/test/auto/ContinuousWithinContinuous3.xml
----------------- Instantiating /home/travis/build/icyphy/ptII/ptolemy/domains/continuous/test/auto/ContinuousWithinContinuous3.xml
10 ms. Memory: 344064K Free: 325314K (95%)
----------------- Invoking toplevel() on ptolemy.moml.MoMLSimpleApplication@e0c8f0
----------------- Done invoking toplevel() on ptolemy.moml.MoMLSimpleApplication@e0c8f0
reloadAllAccessors: .ContinuousWithinContinuous3

===========================================================================================
----------------- testing Tue Jan 21 12:12:11 UTC 2020 /home/travis/build/icyphy/ptII/ptolemy/domains/continuous/test/auto/ContinuousWithinContinuous4.xml
----------------- Instantiating /home/travis/build/icyphy/ptII/ptolemy/domains/continuous/test/auto/ContinuousWithinContinuous4.xml
60 ms. Memory: 344064K Free: 313026K (91%)
----------------- Invoking toplevel() on ptolemy.moml.MoMLSimpleApplication@4335bf2
----------------- Done invoking toplevel() on ptolemy.moml.MoMLSimpleApplication@4335bf2
reloadAllAccessors: .ContinuousWithinContinuous4

===========================================================================================
----------------- testing Tue Jan 21 12:12:11 UTC 2020 /home/travis/build/icyphy/ptII/ptolemy/domains/continuous/test/auto/ContinuousWithinContinuous5.xml
----------------- Instantiating /home/travis/build/icyphy/ptII/ptolemy/domains/continuous/test/auto/ContinuousWithinContinuous5.xml
10 ms. Memory: 344064K Free: 305858K (89%)
----------------- Invoking toplevel() on ptolemy.moml.MoMLSimpleApplication@71f48270
----------------- Done invoking toplevel() on ptolemy.moml.MoMLSimpleApplication@71f48270
reloadAllAccessors: .ContinuousWithinContinuous5

===========================================================================================
----------------- testing Tue Jan 21 12:12:11 UTC 2020 /home/travis/build/icyphy/ptII/ptolemy/domains/continuous/test/auto/ContinuousWithinContinuous6.xml
----------------- Instantiating /home/travis/build/icyphy/ptII/ptolemy/domains/continuous/test/auto/ContinuousWithinContinuous6.xml
10 ms. Memory: 344064K Free: 298690K (87%)
----------------- Invoking toplevel() on ptolemy.moml.MoMLSimpleApplication@2019f862
----------------- Done invoking toplevel() on ptolemy.moml.MoMLSimpleApplication@2019f862
reloadAllAccessors: .ContinuousWithinContinuous6

===========================================================================================
----------------- testing Tue Jan 21 12:12:11 UTC 2020 /home/travis/build/icyphy/ptII/ptolemy/domains/continuous/test/auto/ContinuousWithinContinuous7.xml
----------------- Instantiating /home/travis/build/icyphy/ptII/ptolemy/domains/continuous/test/auto/ContinuousWithinContinuous7.xml
45 ms. Memory: 344064K Free: 287940K (84%)
----------------- Invoking toplevel() on ptolemy.moml.MoMLSimpleApplication@4fa04ad9
----------------- Done invoking toplevel() on ptolemy.moml.MoMLSimpleApplication@4fa04ad9
reloadAllAccessors: .ContinuousWithinContinuous7

===========================================================================================
----------------- testing Tue Jan 21 12:12:11 UTC 2020 /home/travis/build/icyphy/ptII/ptolemy/domains/continuous/test/auto/DCMotor.xml
----------------- Instantiating /home/travis/build/icyphy/ptII/ptolemy/domains/continuous/test/auto/DCMotor.xml
12398 ms. Memory: 344064K Free: 135541K (39%)
----------------- Invoking toplevel() on ptolemy.moml.MoMLSimpleApplication@37eb74a4
----------------- Done invoking toplevel() on ptolemy.moml.MoMLSimpleApplication@37eb74a4
reloadAllAccessors: .DCMotor

===========================================================================================
----------------- testing Tue Jan 21 12:12:24 UTC 2020 /home/travis/build/icyphy/ptII/ptolemy/domains/continuous/test/auto/DEInContinuous.xml
----------------- Instantiating /home/travis/build/icyphy/ptII/ptolemy/domains/continuous/test/auto/DEInContinuous.xml
25 ms. Memory: 344064K Free: 129411K (38%)
----------------- Invoking toplevel() on ptolemy.moml.MoMLSimpleApplication@6980d069
----------------- Done invoking toplevel() on ptolemy.moml.MoMLSimpleApplication@6980d069
reloadAllAccessors: .DEInContinuous

===========================================================================================
----------------- testing Tue Jan 21 12:12:24 UTC 2020 /home/travis/build/icyphy/ptII/ptolemy/domains/continuous/test/auto/DEinContinuous2.xml
----------------- Instantiating /home/travis/build/icyphy/ptII/ptolemy/domains/continuous/test/auto/DEinContinuous2.xml
7 ms. Memory: 344064K Free: 326243K (95%)
----------------- Invoking toplevel() on ptolemy.moml.MoMLSimpleApplication@2ab07039
----------------- Done invoking toplevel() on ptolemy.moml.MoMLSimpleApplication@2ab07039
reloadAllAccessors: .DEinContinuous2

===========================================================================================
----------------- testing Tue Jan 21 12:12:24 UTC 2020 /home/travis/build/icyphy/ptII/ptolemy/domains/continuous/test/auto/Derivative.xml
----------------- Instantiating /home/travis/build/icyphy/ptII/ptolemy/domains/continuous/test/auto/Derivative.xml
124 ms. Memory: 344064K Free: 297057K (86%)
----------------- Invoking toplevel() on ptolemy.moml.MoMLSimpleApplication@12251561
----------------- Done invoking toplevel() on ptolemy.moml.MoMLSimpleApplication@12251561
reloadAllAccessors: .Derivative2

===========================================================================================
----------------- testing Tue Jan 21 12:12:24 UTC 2020 /home/travis/build/icyphy/ptII/ptolemy/domains/continuous/test/auto/Derivative1.xml
----------------- Instantiating /home/travis/build/icyphy/ptII/ptolemy/domains/continuous/test/auto/Derivative1.xml
31 ms. Memory: 344064K Free: 282721K (82%)
----------------- Invoking toplevel() on ptolemy.moml.MoMLSimpleApplication@27d6baf0
----------------- Done invoking toplevel() on ptolemy.moml.MoMLSimpleApplication@27d6baf0
reloadAllAccessors: .Derivative1

===========================================================================================
----------------- testing Tue Jan 21 12:12:24 UTC 2020 /home/travis/build/icyphy/ptII/ptolemy/domains/continuous/test/auto/DiscreteClock.xml
----------------- Instantiating /home/travis/build/icyphy/ptII/ptolemy/domains/continuous/test/auto/DiscreteClock.xml
5 ms. Memory: 344064K Free: 277601K (81%)
----------------- Invoking toplevel() on ptolemy.moml.MoMLSimpleApplication@11fa7e1e
----------------- Done invoking toplevel() on ptolemy.moml.MoMLSimpleApplication@11fa7e1e
reloadAllAccessors: .DiscreteClock

===========================================================================================
----------------- testing Tue Jan 21 12:12:24 UTC 2020 /home/travis/build/icyphy/ptII/ptolemy/domains/continuous/test/auto/EfficiencyCurve.xml
----------------- Instantiating /home/travis/build/icyphy/ptII/ptolemy/domains/continuous/test/auto/EfficiencyCurve.xml
67 ms. Memory: 344064K Free: 268385K (78%)
----------------- Invoking toplevel() on ptolemy.moml.MoMLSimpleApplication@2019a67c
----------------- Done invoking toplevel() on ptolemy.moml.MoMLSimpleApplication@2019a67c
reloadAllAccessors: .EfficiencyCurve

===========================================================================================
----------------- testing Tue Jan 21 12:12:24 UTC 2020 /home/travis/build/icyphy/ptII/ptolemy/domains/continuous/test/auto/ExponentialResponse.xml
----------------- Instantiating /home/travis/build/icyphy/ptII/ptolemy/domains/continuous/test/auto/ExponentialResponse.xml
94 ms. Memory: 344064K Free: 252515K (73%)
----------------- Invoking toplevel() on ptolemy.moml.MoMLSimpleApplication@47650133
----------------- Done invoking toplevel() on ptolemy.moml.MoMLSimpleApplication@47650133
reloadAllAccessors: .ExponentialResponse

===========================================================================================
----------------- testing Tue Jan 21 12:12:24 UTC 2020 /home/travis/build/icyphy/ptII/ptolemy/domains/continuous/test/auto/ExponentialResponseRK45.xml
----------------- Instantiating /home/travis/build/icyphy/ptII/ptolemy/domains/continuous/test/auto/ExponentialResponseRK45.xml
24 ms. Memory: 344064K Free: 245857K (71%)
----------------- Invoking toplevel() on ptolemy.moml.MoMLSimpleApplication@d31ae30
----------------- Done invoking toplevel() on ptolemy.moml.MoMLSimpleApplication@d31ae30
reloadAllAccessors: .ExponentialResponseRK45

===========================================================================================
----------------- testing Tue Jan 21 12:12:24 UTC 2020 /home/travis/build/icyphy/ptII/ptolemy/domains/continuous/test/auto/Friction.xml
----------------- Instantiating /home/travis/build/icyphy/ptII/ptolemy/domains/continuous/test/auto/Friction.xml
1455 ms. Memory: 344064K Free: 230150K (67%)
----------------- Invoking toplevel() on ptolemy.moml.MoMLSimpleApplication@38f83170
----------------- Done invoking toplevel() on ptolemy.moml.MoMLSimpleApplication@38f83170
reloadAllAccessors: .Friction

===========================================================================================
----------------- testing Tue Jan 21 12:12:26 UTC 2020 /home/travis/build/icyphy/ptII/ptolemy/domains/continuous/test/auto/FurutaPendulum.xml
----------------- Instantiating /home/travis/build/icyphy/ptII/ptolemy/domains/continuous/test/auto/FurutaPendulum.xml
2909 ms. Memory: 344064K Free: 128346K (37%)
----------------- Invoking toplevel() on ptolemy.moml.MoMLSimpleApplication@4e942be1
----------------- Done invoking toplevel() on ptolemy.moml.MoMLSimpleApplication@4e942be1
reloadAllAccessors: .FurutaPendulum

===========================================================================================
----------------- testing Tue Jan 21 12:12:29 UTC 2020 /home/travis/build/icyphy/ptII/ptolemy/domains/continuous/test/auto/HierarchicalExecution.xml
----------------- Instantiating /home/travis/build/icyphy/ptII/ptolemy/domains/continuous/test/auto/HierarchicalExecution.xml
1660 ms. Memory: 344064K Free: 255312K (74%)
----------------- Invoking toplevel() on ptolemy.moml.MoMLSimpleApplication@5891812
----------------- Done invoking toplevel() on ptolemy.moml.MoMLSimpleApplication@5891812
reloadAllAccessors: .HierarchicalExecution

===========================================================================================
----------------- testing Tue Jan 21 12:12:31 UTC 2020 /home/travis/build/icyphy/ptII/ptolemy/domains/continuous/test/auto/HybridPlant.xml
----------------- Instantiating /home/travis/build/icyphy/ptII/ptolemy/domains/continuous/test/auto/HybridPlant.xml
495 ms. Memory: 344064K Free: 195465K (57%)
----------------- Invoking toplevel() on ptolemy.moml.MoMLSimpleApplication@4146abe1
----------------- Done invoking toplevel() on ptolemy.moml.MoMLSimpleApplication@4146abe1
reloadAllAccessors: .HybridPlant

===========================================================================================
----------------- testing Tue Jan 21 12:12:32 UTC 2020 /home/travis/build/icyphy/ptII/ptolemy/domains/continuous/test/auto/Hysteresis.xml
----------------- Instantiating /home/travis/build/icyphy/ptII/ptolemy/domains/continuous/test/auto/Hysteresis.xml
144 ms. Memory: 344064K Free: 133001K (39%)
----------------- Invoking toplevel() on ptolemy.moml.MoMLSimpleApplication@493f3781
----------------- Done invoking toplevel() on ptolemy.moml.MoMLSimpleApplication@493f3781
reloadAllAccessors: .Hysteresis

===========================================================================================
----------------- testing Tue Jan 21 12:12:32 UTC 2020 /home/travis/build/icyphy/ptII/ptolemy/domains/continuous/test/auto/HysteresisWithRandomDelay.xml
----------------- Instantiating /home/travis/build/icyphy/ptII/ptolemy/domains/continuous/test/auto/HysteresisWithRandomDelay.xml
182 ms. Memory: 344064K Free: 266293K (77%)
----------------- Invoking toplevel() on ptolemy.moml.MoMLSimpleApplication@503048c4
----------------- Done invoking toplevel() on ptolemy.moml.MoMLSimpleApplication@503048c4
reloadAllAccessors: .HysteresisWithRandomDelay

===========================================================================================
----------------- testing Tue Jan 21 12:12:32 UTC 2020 /home/travis/build/icyphy/ptII/ptolemy/domains/continuous/test/auto/HysteresisWithRandomLosses.xml
----------------- Instantiating /home/travis/build/icyphy/ptII/ptolemy/domains/continuous/test/auto/HysteresisWithRandomLosses.xml
2336 ms. Memory: 344064K Free: 147743K (43%)
----------------- Invoking toplevel() on ptolemy.moml.MoMLSimpleApplication@78d88895
----------------- Done invoking toplevel() on ptolemy.moml.MoMLSimpleApplication@78d88895
reloadAllAccessors: .HysteresisWithRandomLosses

===========================================================================================
----------------- testing Tue Jan 21 12:12:34 UTC 2020 /home/travis/build/icyphy/ptII/ptolemy/domains/continuous/test/auto/ImmediateTransitions.xml
----------------- Instantiating /home/travis/build/icyphy/ptII/ptolemy/domains/continuous/test/auto/ImmediateTransitions.xml
9 ms. Memory: 344064K Free: 136975K (40%)
----------------- Invoking toplevel() on ptolemy.moml.MoMLSimpleApplication@59c08cce
----------------- Done invoking toplevel() on ptolemy.moml.MoMLSimpleApplication@59c08cce
reloadAllAccessors: .ImmediateTransitions

===========================================================================================
----------------- testing Tue Jan 21 12:12:34 UTC 2020 /home/travis/build/icyphy/ptII/ptolemy/domains/continuous/test/auto/ImpulseFeedback.xml
----------------- Instantiating /home/travis/build/icyphy/ptII/ptolemy/domains/continuous/test/auto/ImpulseFeedback.xml
8 ms. Memory: 344064K Free: 131359K (38%)
----------------- Invoking toplevel() on ptolemy.moml.MoMLSimpleApplication@6ec793a6
----------------- Done invoking toplevel() on ptolemy.moml.MoMLSimpleApplication@6ec793a6
reloadAllAccessors: .ImpulseFeedback

===========================================================================================
----------------- testing Tue Jan 21 12:12:34 UTC 2020 /home/travis/build/icyphy/ptII/ptolemy/domains/continuous/test/auto/ImpulseFeedback2.xml
----------------- Instantiating /home/travis/build/icyphy/ptII/ptolemy/domains/continuous/test/auto/ImpulseFeedback2.xml
6 ms. Memory: 344064K Free: 125725K (37%)
----------------- Invoking toplevel() on ptolemy.moml.MoMLSimpleApplication@4210a1af
----------------- Done invoking toplevel() on ptolemy.moml.MoMLSimpleApplication@4210a1af
reloadAllAccessors: .ImpulseFeedback2

===========================================================================================
----------------- testing Tue Jan 21 12:12:34 UTC 2020 /home/travis/build/icyphy/ptII/ptolemy/domains/continuous/test/auto/IncreasingRatePoisson.xml
----------------- Instantiating /home/travis/build/icyphy/ptII/ptolemy/domains/continuous/test/auto/IncreasingRatePoisson.xml
692 ms. Memory: 344064K Free: 227060K (66%)
----------------- Invoking toplevel() on ptolemy.moml.MoMLSimpleApplication@4bc83161
----------------- Done invoking toplevel() on ptolemy.moml.MoMLSimpleApplication@4bc83161
reloadAllAccessors: .IncreasingRatePoisson

===========================================================================================
----------------- testing Tue Jan 21 12:12:35 UTC 2020 /home/travis/build/icyphy/ptII/ptolemy/domains/continuous/test/auto/InitialStateFeedback.xml
----------------- Instantiating /home/travis/build/icyphy/ptII/ptolemy/domains/continuous/test/auto/InitialStateFeedback.xml
4 ms. Memory: 344064K Free: 222484K (65%)
----------------- Invoking toplevel() on ptolemy.moml.MoMLSimpleApplication@22c895fd
----------------- Done invoking toplevel() on ptolemy.moml.MoMLSimpleApplication@22c895fd
reloadAllAccessors: .InitialStateFeedback

===========================================================================================
----------------- testing Tue Jan 21 12:12:35 UTC 2020 /home/travis/build/icyphy/ptII/ptolemy/domains/continuous/test/auto/Integration.xml
----------------- Instantiating /home/travis/build/icyphy/ptII/ptolemy/domains/continuous/test/auto/Integration.xml
2 ms. Memory: 344064K Free: 218388K (63%)
----------------- Invoking toplevel() on ptolemy.moml.MoMLSimpleApplication@33cbe0fc
----------------- Done invoking toplevel() on ptolemy.moml.MoMLSimpleApplication@33cbe0fc
reloadAllAccessors: .Integration

===========================================================================================
----------------- testing Tue Jan 21 12:12:35 UTC 2020 /home/travis/build/icyphy/ptII/ptolemy/domains/continuous/test/auto/Integration2.xml
----------------- Instantiating /home/travis/build/icyphy/ptII/ptolemy/domains/continuous/test/auto/Integration2.xml
70 ms. Memory: 344064K Free: 204052K (59%)
----------------- Invoking toplevel() on ptolemy.moml.MoMLSimpleApplication@7ba6aa4a
----------------- Done invoking toplevel() on ptolemy.moml.MoMLSimpleApplication@7ba6aa4a
reloadAllAccessors: .Integration2

===========================================================================================
----------------- testing Tue Jan 21 12:12:35 UTC 2020 /home/travis/build/icyphy/ptII/ptolemy/domains/continuous/test/auto/Integration3.xml
----------------- Instantiating /home/travis/build/icyphy/ptII/ptolemy/domains/continuous/test/auto/Integration3.xml
3 ms. Memory: 344064K Free: 199442K (58%)
----------------- Invoking toplevel() on ptolemy.moml.MoMLSimpleApplication@16a69e65
----------------- Done invoking toplevel() on ptolemy.moml.MoMLSimpleApplication@16a69e65
reloadAllAccessors: .Integration3

===========================================================================================
----------------- testing Tue Jan 21 12:12:35 UTC 2020 /home/travis/build/icyphy/ptII/ptolemy/domains/continuous/test/auto/Integration5.xml
----------------- Instantiating /home/travis/build/icyphy/ptII/ptolemy/domains/continuous/test/auto/Integration5.xml
2 ms. Memory: 344064K Free: 195346K (57%)
----------------- Invoking toplevel() on ptolemy.moml.MoMLSimpleApplication@13a90458
----------------- Done invoking toplevel() on ptolemy.moml.MoMLSimpleApplication@13a90458
reloadAllAccessors: .Integration5

===========================================================================================
----------------- testing Tue Jan 21 12:12:35 UTC 2020 /home/travis/build/icyphy/ptII/ptolemy/domains/continuous/test/auto/IntegratorImpulse.xml
----------------- Instantiating /home/travis/build/icyphy/ptII/ptolemy/domains/continuous/test/auto/IntegratorImpulse.xml
2 ms. Memory: 344064K Free: 191236K (56%)
----------------- Invoking toplevel() on ptolemy.moml.MoMLSimpleApplication@515b18d3
----------------- Done invoking toplevel() on ptolemy.moml.MoMLSimpleApplication@515b18d3
reloadAllAccessors: .IntegratorImpulse

===========================================================================================
----------------- testing Tue Jan 21 12:12:35 UTC 2020 /home/travis/build/icyphy/ptII/ptolemy/domains/continuous/test/auto/IntegratorImpulse2.xml
----------------- Instantiating /home/travis/build/icyphy/ptII/ptolemy/domains/continuous/test/auto/IntegratorImpulse2.xml
4 ms. Memory: 344064K Free: 186644K (54%)
----------------- Invoking toplevel() on ptolemy.moml.MoMLSimpleApplication@421ce966
----------------- Done invoking toplevel() on ptolemy.moml.MoMLSimpleApplication@421ce966
reloadAllAccessors: .IntegratorImpulse2

===========================================================================================
----------------- testing Tue Jan 21 12:12:35 UTC 2020 /home/travis/build/icyphy/ptII/ptolemy/domains/continuous/test/auto/LevelCrossing1.xml
----------------- Instantiating /home/travis/build/icyphy/ptII/ptolemy/domains/continuous/test/auto/LevelCrossing1.xml
2 ms. Memory: 344064K Free: 181524K (53%)
----------------- Invoking toplevel() on ptolemy.moml.MoMLSimpleApplication@6069cf0e
----------------- Done invoking toplevel() on ptolemy.moml.MoMLSimpleApplication@6069cf0e
reloadAllAccessors: .LevelCrossing1

===========================================================================================
----------------- testing Tue Jan 21 12:12:35 UTC 2020 /home/travis/build/icyphy/ptII/ptolemy/domains/continuous/test/auto/LevelCrossing2.xml
----------------- Instantiating /home/travis/build/icyphy/ptII/ptolemy/domains/continuous/test/auto/LevelCrossing2.xml
2 ms. Memory: 344064K Free: 176404K (51%)
----------------- Invoking toplevel() on ptolemy.moml.MoMLSimpleApplication@1e3ffa97
----------------- Done invoking toplevel() on ptolemy.moml.MoMLSimpleApplication@1e3ffa97
reloadAllAccessors: .LevelCrossing2

===========================================================================================
----------------- testing Tue Jan 21 12:12:35 UTC 2020 /home/travis/build/icyphy/ptII/ptolemy/domains/continuous/test/auto/LevelCrossing3.xml
----------------- Instantiating /home/travis/build/icyphy/ptII/ptolemy/domains/continuous/test/auto/LevelCrossing3.xml
2 ms. Memory: 344064K Free: 171284K (50%)
----------------- Invoking toplevel() on ptolemy.moml.MoMLSimpleApplication@7c866cd0
----------------- Done invoking toplevel() on ptolemy.moml.MoMLSimpleApplication@7c866cd0
reloadAllAccessors: .LevelCrossing3

===========================================================================================
----------------- testing Tue Jan 21 12:12:35 UTC 2020 /home/travis/build/icyphy/ptII/ptolemy/domains/continuous/test/auto/LevelCrossing4.xml
----------------- Instantiating /home/travis/build/icyphy/ptII/ptolemy/domains/continuous/test/auto/LevelCrossing4.xml
3 ms. Memory: 344064K Free: 166164K (48%)
----------------- Invoking toplevel() on ptolemy.moml.MoMLSimpleApplication@27fd72b9
----------------- Done invoking toplevel() on ptolemy.moml.MoMLSimpleApplication@27fd72b9
reloadAllAccessors: .LevelCrossing4

===========================================================================================
----------------- testing Tue Jan 21 12:12:35 UTC 2020 /home/travis/build/icyphy/ptII/ptolemy/domains/continuous/test/auto/LevelCrossing5.xml
----------------- Instantiating /home/travis/build/icyphy/ptII/ptolemy/domains/continuous/test/auto/LevelCrossing5.xml
3 ms. Memory: 344064K Free: 161044K (47%)
----------------- Invoking toplevel() on ptolemy.moml.MoMLSimpleApplication@57e4f577
----------------- Done invoking toplevel() on ptolemy.moml.MoMLSimpleApplication@57e4f577
reloadAllAccessors: .LevelCrossing5

===========================================================================================
[...]
----------------- testing Tue Jan 21 12:12:52 UTC 2020 /home/travis/build/icyphy/ptII/ptolemy/domains/continuous/test/auto/SRinContinuous.xml
----------------- Instantiating /home/travis/build/icyphy/ptII/ptolemy/domains/continuous/test/auto/SRinContinuous.xml
4 ms. Memory: 344064K Free: 123325K (36%)
----------------- Invoking toplevel() on ptolemy.moml.MoMLSimpleApplication@48c7846a
----------------- Done invoking toplevel() on ptolemy.moml.MoMLSimpleApplication@48c7846a
reloadAllAccessors: .SRinContinuous

===========================================================================================
----------------- testing Tue Jan 21 12:12:52 UTC 2020 /home/travis/build/icyphy/ptII/ptolemy/domains/continuous/test/auto/SampledClocks.xml
----------------- Instantiating /home/travis/build/icyphy/ptII/ptolemy/domains/continuous/test/auto/SampledClocks.xml
6 ms. Memory: 344064K Free: 315661K (92%)
----------------- Invoking toplevel() on ptolemy.moml.MoMLSimpleApplication@13a645d
----------------- Done invoking toplevel() on ptolemy.moml.MoMLSimpleApplication@13a645d
reloadAllAccessors: .SampledClocks

===========================================================================================
----------------- testing Tue Jan 21 12:12:52 UTC 2020 /home/travis/build/icyphy/ptII/ptolemy/domains/continuous/test/auto/Satellite.xml
----------------- Instantiating /home/travis/build/icyphy/ptII/ptolemy/domains/continuous/test/auto/Satellite.xml
734 ms. Memory: 344064K Free: 314418K (91%)
----------------- Invoking toplevel() on ptolemy.moml.MoMLSimpleApplication@1b2d8490
----------------- Done invoking toplevel() on ptolemy.moml.MoMLSimpleApplication@1b2d8490
reloadAllAccessors: .Satellite

===========================================================================================
----------------- testing Tue Jan 21 12:12:53 UTC 2020 /home/travis/build/icyphy/ptII/ptolemy/domains/continuous/test/auto/SigmaDelta.xml
----------------- Instantiating /home/travis/build/icyphy/ptII/ptolemy/domains/continuous/test/auto/SigmaDelta.xml
1919 ms. Memory: 344064K Free: 260803K (76%)
----------------- Invoking toplevel() on ptolemy.moml.MoMLSimpleApplication@4f5aa403
----------------- Done invoking toplevel() on ptolemy.moml.MoMLSimpleApplication@4f5aa403
reloadAllAccessors: .SigmaDelta

===========================================================================================
----------------- testing Tue Jan 21 12:12:55 UTC 2020 /home/travis/build/icyphy/ptII/ptolemy/domains/continuous/test/auto/SingleRefinement.xml
----------------- Instantiating /home/travis/build/icyphy/ptII/ptolemy/domains/continuous/test/auto/SingleRefinement.xml
317 ms. Memory: 344064K Free: 279290K (81%)
----------------- Invoking toplevel() on ptolemy.moml.MoMLSimpleApplication@265e1a80
----------------- Done invoking toplevel() on ptolemy.moml.MoMLSimpleApplication@265e1a80
reloadAllAccessors: .SingleRefinement

===========================================================================================
----------------- testing Tue Jan 21 12:12:55 UTC 2020 /home/travis/build/icyphy/ptII/ptolemy/domains/continuous/test/auto/SinuBouncingBall.xml
----------------- Instantiating /home/travis/build/icyphy/ptII/ptolemy/domains/continuous/test/auto/SinuBouncingBall.xml
786 ms. Memory: 344064K Free: 261703K (76%)
----------------- Invoking toplevel() on ptolemy.moml.MoMLSimpleApplication@2c75bd05
----------------- Done invoking toplevel() on ptolemy.moml.MoMLSimpleApplication@2c75bd05
reloadAllAccessors: .SinuBouncingBall

===========================================================================================
----------------- testing Tue Jan 21 12:12:56 UTC 2020 /home/travis/build/icyphy/ptII/ptolemy/domains/continuous/test/auto/Sinusoid.xml
----------------- Instantiating /home/travis/build/icyphy/ptII/ptolemy/domains/continuous/test/auto/Sinusoid.xml
4 ms. Memory: 344064K Free: 257063K (75%)
----------------- Invoking toplevel() on ptolemy.moml.MoMLSimpleApplication@2d404e03
----------------- Done invoking toplevel() on ptolemy.moml.MoMLSimpleApplication@2d404e03
reloadAllAccessors: .Sinusoid

===========================================================================================
----------------- testing Tue Jan 21 12:12:56 UTC 2020 /home/travis/build/icyphy/ptII/ptolemy/domains/continuous/test/auto/SinusoidInNoise.xml
----------------- Instantiating /home/travis/build/icyphy/ptII/ptolemy/domains/continuous/test/auto/SinusoidInNoise.xml
867 ms. Memory: 344064K Free: 127045K (37%)
----------------- Invoking toplevel() on ptolemy.moml.MoMLSimpleApplication@3b1776f9
----------------- Done invoking toplevel() on ptolemy.moml.MoMLSimpleApplication@3b1776f9
reloadAllAccessors: .SinusoidInNoise

===========================================================================================
----------------- testing Tue Jan 21 12:12:57 UTC 2020 /home/travis/build/icyphy/ptII/ptolemy/domains/continuous/test/auto/SinusoidRK45.xml
----------------- Instantiating /home/travis/build/icyphy/ptII/ptolemy/domains/continuous/test/auto/SinusoidRK45.xml
3 ms. Memory: 344064K Free: 122935K (36%)
----------------- Invoking toplevel() on ptolemy.moml.MoMLSimpleApplication@78035542
----------------- Done invoking toplevel() on ptolemy.moml.MoMLSimpleApplication@78035542
reloadAllAccessors: .SinusoidRK45

===========================================================================================
----------------- testing Tue Jan 21 12:12:57 UTC 2020 /home/travis/build/icyphy/ptII/ptolemy/domains/continuous/test/auto/SinusoidWithMultipleImpulses.xml
----------------- Instantiating /home/travis/build/icyphy/ptII/ptolemy/domains/continuous/test/auto/SinusoidWithMultipleImpulses.xml
3 ms. Memory: 344064K Free: 323308K (94%)
----------------- Invoking toplevel() on ptolemy.moml.MoMLSimpleApplication@152a2531
----------------- Done invoking toplevel() on ptolemy.moml.MoMLSimpleApplication@152a2531
reloadAllAccessors: .SinusoidWithMultipleImpulses

===========================================================================================
----------------- testing Tue Jan 21 12:12:57 UTC 2020 /home/travis/build/icyphy/ptII/ptolemy/domains/continuous/test/auto/SquareWave.xml
----------------- Instantiating /home/travis/build/icyphy/ptII/ptolemy/domains/continuous/test/auto/SquareWave.xml
131 ms. Memory: 344064K Free: 296170K (86%)
----------------- Invoking toplevel() on ptolemy.moml.MoMLSimpleApplication@206375bc
----------------- Done invoking toplevel() on ptolemy.moml.MoMLSimpleApplication@206375bc
reloadAllAccessors: .SquareWave

===========================================================================================
----------------- testing Tue Jan 21 12:12:57 UTC 2020 /home/travis/build/icyphy/ptII/ptolemy/domains/continuous/test/auto/Starmac.xml
----------------- Instantiating /home/travis/build/icyphy/ptII/ptolemy/domains/continuous/test/auto/Starmac.xml
3047 ms. Memory: 344064K Free: 180608K (52%)
----------------- Invoking toplevel() on ptolemy.moml.MoMLSimpleApplication@2e090611
----------------- Done invoking toplevel() on ptolemy.moml.MoMLSimpleApplication@2e090611
reloadAllAccessors: .Starmac

===========================================================================================
----------------- testing Tue Jan 21 12:13:01 UTC 2020 /home/travis/build/icyphy/ptII/ptolemy/domains/continuous/test/auto/StaticUnits.xml
----------------- Instantiating /home/travis/build/icyphy/ptII/ptolemy/domains/continuous/test/auto/StaticUnits.xml
1803 ms. Memory: 344064K Free: 308947K (90%)
----------------- Invoking toplevel() on ptolemy.moml.MoMLSimpleApplication@6eb4c576
----------------- Done invoking toplevel() on ptolemy.moml.MoMLSimpleApplication@6eb4c576
reloadAllAccessors: .StaticUnits

===========================================================================================
----------------- testing Tue Jan 21 12:13:03 UTC 2020 /home/travis/build/icyphy/ptII/ptolemy/domains/continuous/test/auto/StickyMasses.xml
----------------- Instantiating /home/travis/build/icyphy/ptII/ptolemy/domains/continuous/test/auto/StickyMasses.xml
131 ms. Memory: 344064K Free: 259281K (75%)
----------------- Invoking toplevel() on ptolemy.moml.MoMLSimpleApplication@15e13237
----------------- Done invoking toplevel() on ptolemy.moml.MoMLSimpleApplication@15e13237
reloadAllAccessors: .StickyMasses

===========================================================================================
----------------- testing Tue Jan 21 12:13:03 UTC 2020 /home/travis/build/icyphy/ptII/ptolemy/domains/continuous/test/auto/StopTime.xml
----------------- Instantiating /home/travis/build/icyphy/ptII/ptolemy/domains/continuous/test/auto/StopTime.xml
45 ms. Memory: 344064K Free: 234699K (68%)
----------------- Invoking toplevel() on ptolemy.moml.MoMLSimpleApplication@bf748d3
----------------- Done invoking toplevel() on ptolemy.moml.MoMLSimpleApplication@bf748d3
reloadAllAccessors: .StopTime

===========================================================================================
----------------- testing Tue Jan 21 12:13:03 UTC 2020 /home/travis/build/icyphy/ptII/ptolemy/domains/continuous/test/auto/StopTime2.xml
----------------- Instantiating /home/travis/build/icyphy/ptII/ptolemy/domains/continuous/test/auto/StopTime2.xml
39 ms. Memory: 344064K Free: 212691K (62%)
----------------- Invoking toplevel() on ptolemy.moml.MoMLSimpleApplication@7e28adba
----------------- Done invoking toplevel() on ptolemy.moml.MoMLSimpleApplication@7e28adba
reloadAllAccessors: .StopTime2

===========================================================================================
----------------- testing Tue Jan 21 12:13:03 UTC 2020 /home/travis/build/icyphy/ptII/ptolemy/domains/continuous/test/auto/Switch.xml
----------------- Instantiating /home/travis/build/icyphy/ptII/ptolemy/domains/continuous/test/auto/Switch.xml
38 ms. Memory: 344064K Free: 187571K (55%)
----------------- Invoking toplevel() on ptolemy.moml.MoMLSimpleApplication@1147d2b7
----------------- Done invoking toplevel() on ptolemy.moml.MoMLSimpleApplication@1147d2b7
reloadAllAccessors: .Switch

===========================================================================================
----------------- testing Tue Jan 21 12:13:03 UTC 2020 /home/travis/build/icyphy/ptII/ptolemy/domains/continuous/test/auto/Thermostat.xml
----------------- Instantiating /home/travis/build/icyphy/ptII/ptolemy/domains/continuous/test/auto/Thermostat.xml
191 ms. Memory: 344064K Free: 317070K (92%)
----------------- Invoking toplevel() on ptolemy.moml.MoMLSimpleApplication@152983b
----------------- Done invoking toplevel() on ptolemy.moml.MoMLSimpleApplication@152983b
reloadAllAccessors: .Thermostat

===========================================================================================
----------------- testing Tue Jan 21 12:13:04 UTC 2020 /home/travis/build/icyphy/ptII/ptolemy/domains/continuous/test/auto/TimeDelay.xml
----------------- Instantiating /home/travis/build/icyphy/ptII/ptolemy/domains/continuous/test/auto/TimeDelay.xml
5 ms. Memory: 344064K Free: 311950K (91%)
----------------- Invoking toplevel() on ptolemy.moml.MoMLSimpleApplication@e990dda
----------------- Done invoking toplevel() on ptolemy.moml.MoMLSimpleApplication@e990dda
reloadAllAccessors: .TimeDelay

===========================================================================================
----------------- testing Tue Jan 21 12:13:04 UTC 2020 /home/travis/build/icyphy/ptII/ptolemy/domains/continuous/test/auto/TimeDelay2.xml
----------------- Instantiating /home/travis/build/icyphy/ptII/ptolemy/domains/continuous/test/auto/TimeDelay2.xml
12 ms. Memory: 344064K Free: 302220K (88%)
----------------- Invoking toplevel() on ptolemy.moml.MoMLSimpleApplication@110642ea
----------------- Done invoking toplevel() on ptolemy.moml.MoMLSimpleApplication@110642ea
reloadAllAccessors: .TimeDelay2

===========================================================================================
----------------- testing Tue Jan 21 12:13:04 UTC 2020 /home/travis/build/icyphy/ptII/ptolemy/domains/continuous/test/auto/TimeDelay3.xml
----------------- Instantiating /home/travis/build/icyphy/ptII/ptolemy/domains/continuous/test/auto/TimeDelay3.xml
4 ms. Memory: 344064K Free: 297612K (86%)
----------------- Invoking toplevel() on ptolemy.moml.MoMLSimpleApplication@74e4b5c7
----------------- Done invoking toplevel() on ptolemy.moml.MoMLSimpleApplication@74e4b5c7
reloadAllAccessors: .TimeDelay3

===========================================================================================
----------------- testing Tue Jan 21 12:13:04 UTC 2020 /home/travis/build/icyphy/ptII/ptolemy/domains/continuous/test/auto/TransferAbsentToInside.xml
----------------- Instantiating /home/travis/build/icyphy/ptII/ptolemy/domains/continuous/test/auto/TransferAbsentToInside.xml
33 ms. Memory: 344064K Free: 243838K (71%)
----------------- Invoking toplevel() on ptolemy.moml.MoMLSimpleApplication@2c09d32e
----------------- Done invoking toplevel() on ptolemy.moml.MoMLSimpleApplication@2c09d32e
reloadAllAccessors: .TransferAbsentToInside

===========================================================================================
----------------- testing Tue Jan 21 12:13:04 UTC 2020 /home/travis/build/icyphy/ptII/ptolemy/domains/continuous/test/auto/Transmission.xml
----------------- Instantiating /home/travis/build/icyphy/ptII/ptolemy/domains/continuous/test/auto/Transmission.xml
781 ms. Memory: 344064K Free: 214664K (62%)
----------------- Invoking toplevel() on ptolemy.moml.MoMLSimpleApplication@b3aff81
----------------- Done invoking toplevel() on ptolemy.moml.MoMLSimpleApplication@b3aff81
reloadAllAccessors: .Transmission

===========================================================================================
----------------- testing Tue Jan 21 12:13:05 UTC 2020 /home/travis/build/icyphy/ptII/ptolemy/domains/continuous/test/auto/TriggeredContinuousClock.xml
----------------- Instantiating /home/travis/build/icyphy/ptII/ptolemy/domains/continuous/test/auto/TriggeredContinuousClock.xml
36 ms. Memory: 344064K Free: 185449K (54%)
----------------- Invoking toplevel() on ptolemy.moml.MoMLSimpleApplication@4d7d46ec
----------------- Done invoking toplevel() on ptolemy.moml.MoMLSimpleApplication@4d7d46ec
reloadAllAccessors: .TriggeredContinuousClock

===========================================================================================
----------------- testing Tue Jan 21 12:13:05 UTC 2020 /home/travis/build/icyphy/ptII/ptolemy/domains/continuous/test/auto/TwoMachineInfiniteBusControl.xml
----------------- Instantiating /home/travis/build/icyphy/ptII/ptolemy/domains/continuous/test/auto/TwoMachineInfiniteBusControl.xml
2390 ms. Memory: 344064K Free: 178792K (52%)
----------------- Invoking toplevel() on ptolemy.moml.MoMLSimpleApplication@5673fc01
----------------- Done invoking toplevel() on ptolemy.moml.MoMLSimpleApplication@5673fc01
reloadAllAccessors: .TwoMachineInfiniteBusControl

===========================================================================================
----------------- testing Tue Jan 21 12:13:07 UTC 2020 /home/travis/build/icyphy/ptII/ptolemy/domains/continuous/test/auto/V2V.xml
----------------- Instantiating /home/travis/build/icyphy/ptII/ptolemy/domains/continuous/test/auto/V2V.xml
741 ms. Memory: 344064K Free: 192072K (56%)
----------------- Invoking toplevel() on ptolemy.moml.MoMLSimpleApplication@19373046
----------------- Done invoking toplevel() on ptolemy.moml.MoMLSimpleApplication@19373046
reloadAllAccessors: .V2V

===========================================================================================
----------------- testing Tue Jan 21 12:13:08 UTC 2020 /home/travis/build/icyphy/ptII/ptolemy/domains/continuous/test/auto/hierarchicalModalModel.xml
----------------- Instantiating /home/travis/build/icyphy/ptII/ptolemy/domains/continuous/test/auto/hierarchicalModalModel.xml
7 ms. Memory: 344064K Free: 177711K (52%)
----------------- Invoking toplevel() on ptolemy.moml.MoMLSimpleApplication@7090f150
----------------- Done invoking toplevel() on ptolemy.moml.MoMLSimpleApplication@7090f150
reloadAllAccessors: .hierarchicalModalModel

===========================================================================================
----------------- testing Tue Jan 21 12:13:08 UTC 2020 /home/travis/build/icyphy/ptII/ptolemy/domains/continuous/test/auto/hierarchicalModalModel1.xml
----------------- Instantiating /home/travis/build/icyphy/ptII/ptolemy/domains/continuous/test/auto/hierarchicalModalModel1.xml
8 ms. Memory: 344064K Free: 162895K (47%)
----------------- Invoking toplevel() on ptolemy.moml.MoMLSimpleApplication@3489d1e5
----------------- Done invoking toplevel() on ptolemy.moml.MoMLSimpleApplication@3489d1e5
reloadAllAccessors: .hierarchicalModalModel1

===========================================================================================
----------------- testing Tue Jan 21 12:13:08 UTC 2020 /home/travis/build/icyphy/ptII/ptolemy/domains/continuous/test/auto/hierarchicalModalModel2.xml
----------------- Instantiating /home/travis/build/icyphy/ptII/ptolemy/domains/continuous/test/auto/hierarchicalModalModel2.xml
7 ms. Memory: 344064K Free: 150607K (44%)
----------------- Invoking toplevel() on ptolemy.moml.MoMLSimpleApplication@2e9f4c5
----------------- Done invoking toplevel() on ptolemy.moml.MoMLSimpleApplication@2e9f4c5
reloadAllAccessors: .hierarchicalModalModel2

===========================================================================================
----------------- testing Tue Jan 21 12:13:08 UTC 2020 /home/travis/build/icyphy/ptII/ptolemy/domains/continuous/test/auto/hierarchicalModalModel3.xml
----------------- Instantiating /home/travis/build/icyphy/ptII/ptolemy/domains/continuous/test/auto/hierarchicalModalModel3.xml
11 ms. Memory: 344064K Free: 139853K (41%)
----------------- Invoking toplevel() on ptolemy.moml.MoMLSimpleApplication@480db92
----------------- Done invoking toplevel() on ptolemy.moml.MoMLSimpleApplication@480db92
reloadAllAccessors: .hierarchicalModalModel3

===========================================================================================
----------------- testing Tue Jan 21 12:13:08 UTC 2020 /home/travis/build/icyphy/ptII/ptolemy/domains/continuous/test/auto/hierarchicalModalModel4.xml
----------------- Instantiating /home/travis/build/icyphy/ptII/ptolemy/domains/continuous/test/auto/hierarchicalModalModel4.xml
5 ms. Memory: 344064K Free: 128079K (37%)
----------------- Invoking toplevel() on ptolemy.moml.MoMLSimpleApplication@305a6f3d
----------------- Done invoking toplevel() on ptolemy.moml.MoMLSimpleApplication@305a6f3d
reloadAllAccessors: .hierarchicalModalModel4

===========================================================================================
----------------- testing Tue Jan 21 12:13:08 UTC 2020 /home/travis/build/icyphy/ptII/ptolemy/domains/continuous/test/auto/junk.xml
----------------- Instantiating /home/travis/build/icyphy/ptII/ptolemy/domains/continuous/test/auto/junk.xml
110 ms. Memory: 344064K Free: 303173K (88%)
----------------- Invoking toplevel() on ptolemy.moml.MoMLSimpleApplication@1013e51a
----------------- Done invoking toplevel() on ptolemy.moml.MoMLSimpleApplication@1013e51a
reloadAllAccessors: .junk
AutoTests.java: About to close Vertx.
AutoTests.java: Vertx closed.
]]></system-out>
  <system-err><![CDATA[Warning: '.HysteresisWithRandomDelay.NonStrictTest3' The test produced only 29 tokens, yet the correctValues parameter was expecting 30 tokens.
Warning: '.IncreasingRatePoisson.NonStrictTest' The test produced only 397 tokens, yet the correctValues parameter was expecting 402 tokens.
Warning: '.Poisson.NonStrictTest' The test produced only 391 tokens, yet the correctValues parameter was expecting 430 tokens.
]]></system-err>
</testsuite>
