<?xml version="1.0" encoding="UTF-8" ?>
<testsuite errors="0" failures="0" hostname="travis-job-df5b3731-956c-4307-898d-b97336335be1" name="ptolemy.domains.de.test.junit.JUnitTclTest" skipped="0" tests="101" time="127.365" timestamp="2018-11-16T02:48:19">
  <properties>
[...]
</properties>
  <testcase classname="ptolemy.util.test.junit.TclTests" name="[0] /home/travis/build/icyphy/ptII/ptolemy/domains/de/test/DependencyLoop.tcl (RunTclFile)" time="0.686" />
  <testcase classname="ptolemy.util.test.junit.TclTests" name="[1] /home/travis/build/icyphy/ptII/ptolemy/domains/de/test/RunDETestsAsQSS.tcl (RunTclFile)" time="86.98" />
  <testcase classname="ptolemy.util.test.junit.AutoKnownFailedTests" name="[0] /home/travis/build/icyphy/ptII/ptolemy/domains/de/test/auto/knownFailedTests/DESDFClockTest.xml (RunModel)" time="2.029" />
  <testcase classname="ptolemy.util.test.junit.AutoKnownFailedTests" name="[1] /home/travis/build/icyphy/ptII/ptolemy/domains/de/test/auto/knownFailedTests/DirectFeedback.xml (RunModel)" time="0.021" />
  <testcase classname="ptolemy.util.test.junit.AutoKnownFailedTests" name="[2] /home/travis/build/icyphy/ptII/ptolemy/domains/de/test/auto/knownFailedTests/FSMSource.xml (RunModel)" time="0.021" />
  <testcase classname="ptolemy.util.test.junit.AutoKnownFailedTests" name="[3] /home/travis/build/icyphy/ptII/ptolemy/domains/de/test/auto/knownFailedTests/HierarchicalModel.xml (RunModel)" time="0.038" />
  <testcase classname="ptolemy.util.test.junit.AutoKnownFailedTests" name="[4] /home/travis/build/icyphy/ptII/ptolemy/domains/de/test/auto/knownFailedTests/dependencyLoop.xml (RunModel)" time="0.026" />
  <testcase classname="ptolemy.util.test.junit.AutoKnownFailedTests" name="[5] /home/travis/build/icyphy/ptII/ptolemy/domains/de/test/auto/knownFailedTests/dependencyLoop2.xml (RunModel)" time="0.035" />
  <testcase classname="ptolemy.util.test.junit.AutoNameArchTests" name="[0] ThereAreNoAutoArchTests (RunModel)" time="0.005" />
  <testcase classname="ptolemy.util.test.junit.AutoTests" name="[0] /home/travis/build/icyphy/ptII/ptolemy/domains/de/test/auto/ActorDepthCalculation_actorWithoutPorts.xml (RunModel)" time="0.015" />
  <testcase classname="ptolemy.util.test.junit.AutoTests" name="[1] /home/travis/build/icyphy/ptII/ptolemy/domains/de/test/auto/AssemblyLine.xml (RunModel)" time="0.024" />
  <testcase classname="ptolemy.util.test.junit.AutoTests" name="[2] /home/travis/build/icyphy/ptII/ptolemy/domains/de/test/auto/CQBug1.xml (RunModel)" time="0.015" />
  <testcase classname="ptolemy.util.test.junit.AutoTests" name="[3] /home/travis/build/icyphy/ptII/ptolemy/domains/de/test/auto/CancelFireAt.xml (RunModel)" time="0.017" />
  <testcase classname="ptolemy.util.test.junit.AutoTests" name="[4] /home/travis/build/icyphy/ptII/ptolemy/domains/de/test/auto/CausalityAndComposabilityAnalysis.xml (RunModel)" time="0.019" />
  <testcase classname="ptolemy.util.test.junit.AutoTests" name="[5] /home/travis/build/icyphy/ptII/ptolemy/domains/de/test/auto/CausalityInterface1.xml (RunModel)" time="0.014" />
  <testcase classname="ptolemy.util.test.junit.AutoTests" name="[6] /home/travis/build/icyphy/ptII/ptolemy/domains/de/test/auto/CausalityInterface15.xml (RunModel)" time="0.01" />
  <testcase classname="ptolemy.util.test.junit.AutoTests" name="[7] /home/travis/build/icyphy/ptII/ptolemy/domains/de/test/auto/CausalityInterface2.xml (RunModel)" time="0.01" />
  <testcase classname="ptolemy.util.test.junit.AutoTests" name="[8] /home/travis/build/icyphy/ptII/ptolemy/domains/de/test/auto/CausalityInterface3.xml (RunModel)" time="0.009" />
  <testcase classname="ptolemy.util.test.junit.AutoTests" name="[9] /home/travis/build/icyphy/ptII/ptolemy/domains/de/test/auto/ClockDrift.xml (RunModel)" time="0.031" />
  <testcase classname="ptolemy.util.test.junit.AutoTests" name="[10] /home/travis/build/icyphy/ptII/ptolemy/domains/de/test/auto/ClockDriftAndValueChange.xml (RunModel)" time="0.023" />
  <testcase classname="ptolemy.util.test.junit.AutoTests" name="[11] /home/travis/build/icyphy/ptII/ptolemy/domains/de/test/auto/ClockDriftChange.xml (RunModel)" time="0.023" />
  <testcase classname="ptolemy.util.test.junit.AutoTests" name="[12] /home/travis/build/icyphy/ptII/ptolemy/domains/de/test/auto/ComposableCausalityAnalysis.xml (RunModel)" time="0.021" />
  <testcase classname="ptolemy.util.test.junit.AutoTests" name="[13] /home/travis/build/icyphy/ptII/ptolemy/domains/de/test/auto/DEFixedPointLimitation.xml (RunModel)" time="0.009" />
  <testcase classname="ptolemy.util.test.junit.AutoTests" name="[14] /home/travis/build/icyphy/ptII/ptolemy/domains/de/test/auto/DEScheduleTest.xml (RunModel)" time="0.011" />
  <testcase classname="ptolemy.util.test.junit.AutoTests" name="[15] /home/travis/build/icyphy/ptII/ptolemy/domains/de/test/auto/DEinDEwithStartTimes.xml (RunModel)" time="0.013" />
  <testcase classname="ptolemy.util.test.junit.AutoTests" name="[16] /home/travis/build/icyphy/ptII/ptolemy/domains/de/test/auto/DEinDEwithStartTimes2.xml (RunModel)" time="0.013" />
  <testcase classname="ptolemy.util.test.junit.AutoTests" name="[17] /home/travis/build/icyphy/ptII/ptolemy/domains/de/test/auto/DateDemo.xml (RunModel)" time="0.028" />
  <testcase classname="ptolemy.util.test.junit.AutoTests" name="[18] /home/travis/build/icyphy/ptII/ptolemy/domains/de/test/auto/DateToEvent.xml (RunModel)" time="2.041" />
  <testcase classname="ptolemy.util.test.junit.AutoTests" name="[19] /home/travis/build/icyphy/ptII/ptolemy/domains/de/test/auto/DepthTest1.xml (RunModel)" time="0.01" />
  <testcase classname="ptolemy.util.test.junit.AutoTests" name="[20] /home/travis/build/icyphy/ptII/ptolemy/domains/de/test/auto/DepthTest2.xml (RunModel)" time="0.016" />
  <testcase classname="ptolemy.util.test.junit.AutoTests" name="[21] /home/travis/build/icyphy/ptII/ptolemy/domains/de/test/auto/DepthTest3.xml (RunModel)" time="0.007" />
  <testcase classname="ptolemy.util.test.junit.AutoTests" name="[22] /home/travis/build/icyphy/ptII/ptolemy/domains/de/test/auto/DepthTest4.xml (RunModel)" time="0.012" />
  <testcase classname="ptolemy.util.test.junit.AutoTests" name="[23] /home/travis/build/icyphy/ptII/ptolemy/domains/de/test/auto/DepthTest5.xml (RunModel)" time="0.014" />
  <testcase classname="ptolemy.util.test.junit.AutoTests" name="[24] /home/travis/build/icyphy/ptII/ptolemy/domains/de/test/auto/DepthTest6.xml (RunModel)" time="0.013" />
  <testcase classname="ptolemy.util.test.junit.AutoTests" name="[25] /home/travis/build/icyphy/ptII/ptolemy/domains/de/test/auto/DepthTest7.xml (RunModel)" time="0.011" />
  <testcase classname="ptolemy.util.test.junit.AutoTests" name="[26] /home/travis/build/icyphy/ptII/ptolemy/domains/de/test/auto/EventToDate.xml (RunModel)" time="3.033" />
  <testcase classname="ptolemy.util.test.junit.AutoTests" name="[27] /home/travis/build/icyphy/ptII/ptolemy/domains/de/test/auto/FSM1.xml (RunModel)" time="0.031" />
  <testcase classname="ptolemy.util.test.junit.AutoTests" name="[28] /home/travis/build/icyphy/ptII/ptolemy/domains/de/test/auto/FSM7.xml (RunModel)" time="0.028" />
  <testcase classname="ptolemy.util.test.junit.AutoTests" name="[29] /home/travis/build/icyphy/ptII/ptolemy/domains/de/test/auto/Inspection.xml (RunModel)" time="0.037" />
  <testcase classname="ptolemy.util.test.junit.AutoTests" name="[30] /home/travis/build/icyphy/ptII/ptolemy/domains/de/test/auto/Iteration.xml (RunModel)" time="0.019" />
  <testcase classname="ptolemy.util.test.junit.AutoTests" name="[31] /home/travis/build/icyphy/ptII/ptolemy/domains/de/test/auto/LineFault.xml (RunModel)" time="0.518" />
  <testcase classname="ptolemy.util.test.junit.AutoTests" name="[32] /home/travis/build/icyphy/ptII/ptolemy/domains/de/test/auto/MergeModel1Add.xml (RunModel)" time="0.034" />
  <testcase classname="ptolemy.util.test.junit.AutoTests" name="[33] /home/travis/build/icyphy/ptII/ptolemy/domains/de/test/auto/MergeModel2Add.xml (RunModel)" time="0.032" />
  <testcase classname="ptolemy.util.test.junit.AutoTests" name="[34] /home/travis/build/icyphy/ptII/ptolemy/domains/de/test/auto/MergeModel3Add.xml (RunModel)" time="0.038" />
  <testcase classname="ptolemy.util.test.junit.AutoTests" name="[35] /home/travis/build/icyphy/ptII/ptolemy/domains/de/test/auto/MergeWithoutDiscard.xml (RunModel)" time="0.01" />
  <testcase classname="ptolemy.util.test.junit.AutoTests" name="[36] /home/travis/build/icyphy/ptII/ptolemy/domains/de/test/auto/Modal1.xml (RunModel)" time="0.025" />
  <testcase classname="ptolemy.util.test.junit.AutoTests" name="[37] /home/travis/build/icyphy/ptII/ptolemy/domains/de/test/auto/Modal2.xml (RunModel)" time="0.029" />
  <testcase classname="ptolemy.util.test.junit.AutoTests" name="[38] /home/travis/build/icyphy/ptII/ptolemy/domains/de/test/auto/Modal3.xml (RunModel)" time="0.024" />
  <testcase classname="ptolemy.util.test.junit.AutoTests" name="[39] /home/travis/build/icyphy/ptII/ptolemy/domains/de/test/auto/Modal4.xml (RunModel)" time="0.026" />
  <testcase classname="ptolemy.util.test.junit.AutoTests" name="[40] /home/travis/build/icyphy/ptII/ptolemy/domains/de/test/auto/Modal5.xml (RunModel)" time="0.027" />
  <testcase classname="ptolemy.util.test.junit.AutoTests" name="[41] /home/travis/build/icyphy/ptII/ptolemy/domains/de/test/auto/Modal6.xml (RunModel)" time="0.026" />
  <testcase classname="ptolemy.util.test.junit.AutoTests" name="[42] /home/travis/build/icyphy/ptII/ptolemy/domains/de/test/auto/Modal7.xml (RunModel)" time="0.026" />
  <testcase classname="ptolemy.util.test.junit.AutoTests" name="[43] /home/travis/build/icyphy/ptII/ptolemy/domains/de/test/auto/ModalModel.xml (RunModel)" time="0.133" />
  <testcase classname="ptolemy.util.test.junit.AutoTests" name="[44] /home/travis/build/icyphy/ptII/ptolemy/domains/de/test/auto/ModalSource.xml (RunModel)" time="0.016" />
  <testcase classname="ptolemy.util.test.junit.AutoTests" name="[45] /home/travis/build/icyphy/ptII/ptolemy/domains/de/test/auto/NonInterruptibleTimerZeroDelay.xml (RunModel)" time="0.009" />
  <testcase classname="ptolemy.util.test.junit.AutoTests" name="[46] /home/travis/build/icyphy/ptII/ptolemy/domains/de/test/auto/OpenQueueingNetwork.xml (RunModel)" time="2.112" />
  <testcase classname="ptolemy.util.test.junit.AutoTests" name="[47] /home/travis/build/icyphy/ptII/ptolemy/domains/de/test/auto/OpenQueuingNetwork.xml (RunModel)" time="0.272" />
  <testcase classname="ptolemy.util.test.junit.AutoTests" name="[48] /home/travis/build/icyphy/ptII/ptolemy/domains/de/test/auto/PeriodicSampler.xml (RunModel)" time="0.01" />
  <testcase classname="ptolemy.util.test.junit.AutoTests" name="[49] /home/travis/build/icyphy/ptII/ptolemy/domains/de/test/auto/PersistentIO.xml (RunModel)" time="0.03" />
  <testcase classname="ptolemy.util.test.junit.AutoTests" name="[50] /home/travis/build/icyphy/ptII/ptolemy/domains/de/test/auto/PortParameterResetOnInitialize.xml (RunModel)" time="0.009" />
  <testcase classname="ptolemy.util.test.junit.AutoTests" name="[51] /home/travis/build/icyphy/ptII/ptolemy/domains/de/test/auto/PortParameterUpdates.xml (RunModel)" time="0.013" />
  <testcase classname="ptolemy.util.test.junit.AutoTests" name="[52] /home/travis/build/icyphy/ptII/ptolemy/domains/de/test/auto/QueueAndServer.xml (RunModel)" time="0.017" />
  <testcase classname="ptolemy.util.test.junit.AutoTests" name="[53] /home/travis/build/icyphy/ptII/ptolemy/domains/de/test/auto/Records.xml (RunModel)" time="0.012" />
  <testcase classname="ptolemy.util.test.junit.AutoTests" name="[54] /home/travis/build/icyphy/ptII/ptolemy/domains/de/test/auto/ResetTransitionWithStartTime1.xml (RunModel)" time="0.017" />
  <testcase classname="ptolemy.util.test.junit.AutoTests" name="[55] /home/travis/build/icyphy/ptII/ptolemy/domains/de/test/auto/ResetTransitionWithStartTime2.xml (RunModel)" time="0.016" />
  <testcase classname="ptolemy.util.test.junit.AutoTests" name="[56] /home/travis/build/icyphy/ptII/ptolemy/domains/de/test/auto/ResetTransitionWithStartTime3.xml (RunModel)" time="0.016" />
  <testcase classname="ptolemy.util.test.junit.AutoTests" name="[57] /home/travis/build/icyphy/ptII/ptolemy/domains/de/test/auto/ResetTransitionWithStartTime4.xml (RunModel)" time="0.019" />
  <testcase classname="ptolemy.util.test.junit.AutoTests" name="[58] /home/travis/build/icyphy/ptII/ptolemy/domains/de/test/auto/ResettableTimer1.xml (RunModel)" time="0.009" />
  <testcase classname="ptolemy.util.test.junit.AutoTests" name="[59] /home/travis/build/icyphy/ptII/ptolemy/domains/de/test/auto/ResettableTimer2.xml (RunModel)" time="0.008" />
  <testcase classname="ptolemy.util.test.junit.AutoTests" name="[60] /home/travis/build/icyphy/ptII/ptolemy/domains/de/test/auto/ResettableTimer3.xml (RunModel)" time="0.008" />
  <testcase classname="ptolemy.util.test.junit.AutoTests" name="[61] /home/travis/build/icyphy/ptII/ptolemy/domains/de/test/auto/ResettableTimer4.xml (RunModel)" time="0.008" />
  <testcase classname="ptolemy.util.test.junit.AutoTests" name="[62] /home/travis/build/icyphy/ptII/ptolemy/domains/de/test/auto/ResettableTimer5.xml (RunModel)" time="0.01" />
  <testcase classname="ptolemy.util.test.junit.AutoTests" name="[63] /home/travis/build/icyphy/ptII/ptolemy/domains/de/test/auto/ResettableTimer6.xml (RunModel)" time="0.01" />
  <testcase classname="ptolemy.util.test.junit.AutoTests" name="[64] /home/travis/build/icyphy/ptII/ptolemy/domains/de/test/auto/ServerZeroDelay.xml (RunModel)" time="0.009" />
  <testcase classname="ptolemy.util.test.junit.AutoTests" name="[65] /home/travis/build/icyphy/ptII/ptolemy/domains/de/test/auto/SmartSender.xml (RunModel)" time="3.009" />
  <testcase classname="ptolemy.util.test.junit.AutoTests" name="[66] /home/travis/build/icyphy/ptII/ptolemy/domains/de/test/auto/ThreadedComposite.xml (RunModel)" time="0.136" />
  <testcase classname="ptolemy.util.test.junit.AutoTests" name="[67] /home/travis/build/icyphy/ptII/ptolemy/domains/de/test/auto/Time.xml (RunModel)" time="0.414" />
  <testcase classname="ptolemy.util.test.junit.AutoTests" name="[68] /home/travis/build/icyphy/ptII/ptolemy/domains/de/test/auto/TimeDelayZeroDelay.xml (RunModel)" time="0.012" />
  <testcase classname="ptolemy.util.test.junit.AutoTests" name="[69] /home/travis/build/icyphy/ptII/ptolemy/domains/de/test/auto/TimerZeroDelay.xml (RunModel)" time="0.009" />
  <testcase classname="ptolemy.util.test.junit.AutoTests" name="[70] /home/travis/build/icyphy/ptII/ptolemy/domains/de/test/auto/TimingParadox.xml (RunModel)" time="0.334" />
  <testcase classname="ptolemy.util.test.junit.AutoTests" name="[71] /home/travis/build/icyphy/ptII/ptolemy/domains/de/test/auto/TransferInputs.xml (RunModel)" time="0.013" />
  <testcase classname="ptolemy.util.test.junit.AutoTests" name="[72] /home/travis/build/icyphy/ptII/ptolemy/domains/de/test/auto/TransferOutputs2.xml (RunModel)" time="0.017" />
  <testcase classname="ptolemy.util.test.junit.AutoTests" name="[73] /home/travis/build/icyphy/ptII/ptolemy/domains/de/test/auto/Trilateration.xml (RunModel)" time="11.936" />
  <testcase classname="ptolemy.util.test.junit.AutoTests" name="[74] /home/travis/build/icyphy/ptII/ptolemy/domains/de/test/auto/TwoSigmaDelta.xml (RunModel)" time="1.959" />
  <testcase classname="ptolemy.util.test.junit.AutoTests" name="[75] /home/travis/build/icyphy/ptII/ptolemy/domains/de/test/auto/VariableDelay.xml (RunModel)" time="0.018" />
  <testcase classname="ptolemy.util.test.junit.AutoTests" name="[76] /home/travis/build/icyphy/ptII/ptolemy/domains/de/test/auto/VariableDelay2.xml (RunModel)" time="0.016" />
  <testcase classname="ptolemy.util.test.junit.AutoTests" name="[77] /home/travis/build/icyphy/ptII/ptolemy/domains/de/test/auto/VariableDelayZeroDelay.xml (RunModel)" time="0.015" />
  <testcase classname="ptolemy.util.test.junit.AutoTests" name="[78] /home/travis/build/icyphy/ptII/ptolemy/domains/de/test/auto/VariableDelayZeroDelay2.xml (RunModel)" time="0.018" />
  <testcase classname="ptolemy.util.test.junit.AutoTests" name="[79] /home/travis/build/icyphy/ptII/ptolemy/domains/de/test/auto/deInCt.xml (RunModel)" time="0.016" />
  <testcase classname="ptolemy.util.test.junit.AutoTests" name="[80] /home/travis/build/icyphy/ptII/ptolemy/domains/de/test/auto/deInCt2.xml (RunModel)" time="0.013" />
  <testcase classname="ptolemy.util.test.junit.AutoTests" name="[81] /home/travis/build/icyphy/ptII/ptolemy/domains/de/test/auto/dynamicCausalityInterface1.xml (RunModel)" time="0.021" />
  <testcase classname="ptolemy.util.test.junit.AutoTests" name="[82] /home/travis/build/icyphy/ptII/ptolemy/domains/de/test/auto/fsm_de_test.xml (RunModel)" time="0.022" />
  <testcase classname="ptolemy.util.test.junit.AutoTests" name="[83] /home/travis/build/icyphy/ptII/ptolemy/domains/de/test/auto/functionDependencyReconstruction.xml (RunModel)" time="0.031" />
  <testcase classname="ptolemy.util.test.junit.AutoTests" name="[84] /home/travis/build/icyphy/ptII/ptolemy/domains/de/test/auto/multirate.xml (RunModel)" time="0.015" />
  <testcase classname="ptolemy.util.test.junit.AutoTests" name="[85] /home/travis/build/icyphy/ptII/ptolemy/domains/de/test/auto/multirate2.xml (RunModel)" time="0.013" />
  <testcase classname="ptolemy.util.test.junit.AutoTests" name="[86] /home/travis/build/icyphy/ptII/ptolemy/domains/de/test/auto/realtime.xml (RunModel)" time="10.01" />
  <testcase classname="ptolemy.util.test.junit.AutoTests" name="[87] /home/travis/build/icyphy/ptII/ptolemy/domains/de/test/auto/relationGroup.xml (RunModel)" time="0.007" />
  <testcase classname="ptolemy.util.test.junit.AutoTests" name="[88] /home/travis/build/icyphy/ptII/ptolemy/domains/de/test/auto/relationGroup2.xml (RunModel)" time="0.006" />
  <testcase classname="ptolemy.util.test.junit.AutoTests" name="[89] /home/travis/build/icyphy/ptII/ptolemy/domains/de/test/auto/sortWithOpaquePorts.xml (RunModel)" time="0.005" />
  <testcase classname="ptolemy.util.test.junit.AutoTests" name="[90] /home/travis/build/icyphy/ptII/ptolemy/domains/de/test/auto/transferInputsandOutputs.xml (RunModel)" time="0.013" />
  <testcase classname="ptolemy.util.test.junit.AutoTests" name="[91] /home/travis/build/icyphy/ptII/ptolemy/domains/de/test/auto/triggerType.xml (RunModel)" time="0.007" />
  <system-out><![CDATA[/home/travis/build/icyphy/ptII/ptolemy/domains/de/test/DependencyLoop.tcl
testDefs.tcl: setting time out to 9000 seconds at Fri Nov 16 02:48:19 UTC 2018
16 ms. Memory: 116224K Free: 93938K (81%)
6 ms. Memory: 146944K Free: 135449K (92%)
/home/travis/build/icyphy/ptII/ptolemy/domains/de/test/RunDETestsAsQSS.tcl
Run the DE tests using ptolemy.domains.qss.test.QSSDirectorTest, which extends QSSDirector and prints a message in the constructors.
------------------ testing $PTII/ptolemy/domains/de/test/auto/knownFailedTests/dependencyLoop.xml (Known Failure) 
10 ms. Memory: 146944K Free: 132337K (90%)


==== $PTIIhome/travis/build/icyphy/ptII/ptolemy/domains/de/test/../../../../: Auto Automatic test in file $PTII/ptolemy/domains/de/test/auto/knownFailedTests/dependencyLoop.xml
==== Contents of test case:

	    # FIXME: we should use $relativeFilename here, but it
	    # might have backslashes under Windows, which causes no end
	    # of trouble.
	    createAndExecute $file
	    list {}
	
.... Test generated KNOWN error:
    while executing
ptolemy.kernel.util.IllegalActionException: Found a zero delay loop containing .dependencyLoop.original
  in .dependencyLoop and .dependencyLoop.original
	at ptolemy.actor.util.CausalityInterfaceForComposites._computeOutputPortDepth(CausalityInterfaceForComposites.java:759)
	at ptolemy.actor.util.CausalityInterfaceForComposites._computeInputDepth(CausalityInterfaceForComposites.java:696)
	at ptolemy.actor.util.CausalityInterfaceForComposites._computeOutputPortDepth(CausalityInterfaceForComposites.java:765)
	at ptolemy.actor.util.CausalityInterfaceForComposites._computeInputDepth(CausalityInterfaceForComposites.java:696)
	at ptolemy.actor.util.CausalityInterfaceForComposites._computeOutputPortDepth(CausalityInterfaceForComposites.java:765)
	at ptolemy.actor.util.CausalityInterfaceForComposites._computeInputDepth(CausalityInterfaceForComposites.java:696)
	at ptolemy.actor.util.CausalityInterfaceForComposites._computeActorDepth(CausalityInterfaceForComposites.java:532)
	at ptolemy.actor.util.CausalityInterfaceForComposites.checkForCycles(CausalityInterfaceForComposites.java:96)
	at ptolemy.domains.de.kernel.DEDirector.preinitialize(DEDirector.java:1338)
	at ptolemy.actor.CompositeActor.preinitialize(CompositeActor.java:1828)
	at ptolemy.actor.Manager.preinitializeAndResolveTypes(Manager.java:1040)
	at ptolemy.actor.Manager.initialize(Manager.java:710)
	at ptolemy.actor.Manager.execute(Manager.java:356)
	at ptolemy.actor.Manager.run(Manager.java:1263)
	at ptolemy.actor.Manager$PtolemyRunThread.run(Manager.java:1915)

    while executing
ptolemy.kernel.util.IllegalActionException: Found a zero delay loop containing .dependencyLoop.original
  in .dependencyLoop and .dependencyLoop.original
    while executing
"java::new ptolemy.moml.MoMLSimpleApplication $file
"
    (procedure "createAndExecute" line 2)
    invoked from within
"createAndExecute $file"
    ("uplevel" body line 5)
    invoked from within
"uplevel $contents_of_test"
------------------ testing $PTII/ptolemy/domains/de/test/auto/knownFailedTests/DESDFClockTest.xml (Known Failure) 
2068 ms. Memory: 146944K Free: 116506K (79%)


==== $PTIIhome/travis/build/icyphy/ptII/ptolemy/domains/de/test/../../../../: Auto Automatic test in file $PTII/ptolemy/domains/de/test/auto/knownFailedTests/DESDFClockTest.xml
==== Contents of test case:

	    # FIXME: we should use $relativeFilename here, but it
	    # might have backslashes under Windows, which causes no end
	    # of trouble.
	    createAndExecute $file
	    list {}
	
.... Test generated KNOWN error:
    while executing
ptolemy.kernel.util.IllegalActionException: Actor is not ready to fire.  Perhaps UpSample.prefire() returned false? Try debugging the actor by selecting "Listen to Actor".  Also, for SDF check moml for tokenConsumptionRate on input.
  in .DESDFClockTest.Play Bell.Copy1:SDF Director and .DESDFClockTest.Play Bell.UpSample
	at ptolemy.actor.sched.StaticSchedulingDirector.fire(StaticSchedulingDirector.java:227)
	at ptolemy.domains.sdf.kernel.SDFDirector.fire(SDFDirector.java:500)
	at ptolemy.actor.CompositeActor.fire(CompositeActor.java:455)
	at ptolemy.domains.de.kernel.DEDirector._fire(DEDirector.java:1949)
	at ptolemy.domains.de.kernel.DEDirector.fire(DEDirector.java:502)
	at ptolemy.actor.CompositeActor.fire(CompositeActor.java:455)
	at ptolemy.actor.Manager.iterate(Manager.java:851)
	at ptolemy.actor.Manager.execute(Manager.java:369)
	at ptolemy.actor.Manager.run(Manager.java:1263)
	at ptolemy.actor.Manager$PtolemyRunThread.run(Manager.java:1915)

    while executing
ptolemy.kernel.util.IllegalActionException: Actor is not ready to fire.  Perhaps UpSample.prefire() returned false? Try debugging the actor by selecting "Listen to Actor".  Also, for SDF check moml for tokenConsumptionRate on input.
  in .DESDFClockTest.Play Bell.Copy1:SDF Director and .DESDFClockTest.Play Bell.UpSample
    while executing
"java::new ptolemy.moml.MoMLSimpleApplication $file
"
    (procedure "createAndExecute" line 2)
    invoked from within
"createAndExecute $file"
    ("uplevel" body line 5)
    invoked from within
"uplevel $contents_of_test"
------------------ testing $PTII/ptolemy/domains/de/test/auto/knownFailedTests/FSMSource.xml (Known Failure) 
20 ms. Memory: 146944K Free: 106933K (73%)
!!!! Auto was marked as failing, but now passes
------------------ testing $PTII/ptolemy/domains/de/test/auto/knownFailedTests/dependencyLoop2.xml (Known Failure) 
14 ms. Memory: 146944K Free: 105050K (71%)


==== $PTIIhome/travis/build/icyphy/ptII/ptolemy/domains/de/test/../../../../: Auto Automatic test in file $PTII/ptolemy/domains/de/test/auto/knownFailedTests/dependencyLoop2.xml
==== Contents of test case:

	    # FIXME: we should use $relativeFilename here, but it
	    # might have backslashes under Windows, which causes no end
	    # of trouble.
	    createAndExecute $file
	    list {}
	
.... Test generated KNOWN error:
    while executing
ptolemy.kernel.util.IllegalActionException: Found a zero delay loop containing .dependencyLoop2.original
  in .dependencyLoop2 and .dependencyLoop2.original
	at ptolemy.actor.util.CausalityInterfaceForComposites._computeOutputPortDepth(CausalityInterfaceForComposites.java:759)
	at ptolemy.actor.util.CausalityInterfaceForComposites._computeInputDepth(CausalityInterfaceForComposites.java:696)
	at ptolemy.actor.util.CausalityInterfaceForComposites._computeOutputPortDepth(CausalityInterfaceForComposites.java:765)
	at ptolemy.actor.util.CausalityInterfaceForComposites._computeInputDepth(CausalityInterfaceForComposites.java:696)
	at ptolemy.actor.util.CausalityInterfaceForComposites._computeOutputPortDepth(CausalityInterfaceForComposites.java:765)
	at ptolemy.actor.util.CausalityInterfaceForComposites._computeInputDepth(CausalityInterfaceForComposites.java:696)
	at ptolemy.actor.util.CausalityInterfaceForComposites._computeActorDepth(CausalityInterfaceForComposites.java:532)
	at ptolemy.actor.util.CausalityInterfaceForComposites.checkForCycles(CausalityInterfaceForComposites.java:96)
	at ptolemy.domains.de.kernel.DEDirector.preinitialize(DEDirector.java:1338)
	at ptolemy.actor.CompositeActor.preinitialize(CompositeActor.java:1828)
	at ptolemy.actor.Manager.preinitializeAndResolveTypes(Manager.java:1040)
	at ptolemy.actor.Manager.initialize(Manager.java:710)
	at ptolemy.actor.Manager.execute(Manager.java:356)
	at ptolemy.actor.Manager.run(Manager.java:1263)
	at ptolemy.actor.Manager$PtolemyRunThread.run(Manager.java:1915)

    while executing
ptolemy.kernel.util.IllegalActionException: Found a zero delay loop containing .dependencyLoop2.original
  in .dependencyLoop2 and .dependencyLoop2.original
    while executing
"java::new ptolemy.moml.MoMLSimpleApplication $file
"
    (procedure "createAndExecute" line 2)
    invoked from within
"createAndExecute $file"
    ("uplevel" body line 5)
    invoked from within
"uplevel $contents_of_test"
------------------ testing $PTII/ptolemy/domains/de/test/auto/knownFailedTests/HierarchicalModel.xml (Known Failure) 
6 ms. Memory: 146944K Free: 84518K (58%)


==== $PTIIhome/travis/build/icyphy/ptII/ptolemy/domains/de/test/../../../../: Auto Automatic test in file $PTII/ptolemy/domains/de/test/auto/knownFailedTests/HierarchicalModel.xml
==== Contents of test case:

	    # FIXME: we should use $relativeFilename here, but it
	    # might have backslashes under Windows, which causes no end
	    # of trouble.
	    createAndExecute $file
	    list {}
	
.... Test generated KNOWN error:
    while executing
ptolemy.kernel.util.IllegalActionException: Found a zero delay loop containing .HierarchicalModel.A
  in .HierarchicalModel and .HierarchicalModel.A
	at ptolemy.actor.util.CausalityInterfaceForComposites._computeOutputPortDepth(CausalityInterfaceForComposites.java:759)
	at ptolemy.actor.util.CausalityInterfaceForComposites._computeInputDepth(CausalityInterfaceForComposites.java:696)
	at ptolemy.actor.util.CausalityInterfaceForComposites._computeOutputPortDepth(CausalityInterfaceForComposites.java:765)
	at ptolemy.actor.util.CausalityInterfaceForComposites._computeInputDepth(CausalityInterfaceForComposites.java:696)
	at ptolemy.actor.util.CausalityInterfaceForComposites._computeOutputPortDepth(CausalityInterfaceForComposites.java:765)
	at ptolemy.actor.util.CausalityInterfaceForComposites._computeInputDepth(CausalityInterfaceForComposites.java:696)
	at ptolemy.actor.util.CausalityInterfaceForComposites._computeActorDepth(CausalityInterfaceForComposites.java:532)
	at ptolemy.actor.util.CausalityInterfaceForComposites.checkForCycles(CausalityInterfaceForComposites.java:96)
	at ptolemy.domains.de.kernel.DEDirector.preinitialize(DEDirector.java:1338)
	at ptolemy.actor.CompositeActor.preinitialize(CompositeActor.java:1828)
	at ptolemy.actor.Manager.preinitializeAndResolveTypes(Manager.java:1040)
	at ptolemy.actor.Manager.initialize(Manager.java:710)
	at ptolemy.actor.Manager.execute(Manager.java:356)
	at ptolemy.actor.Manager.run(Manager.java:1263)
	at ptolemy.actor.Manager$PtolemyRunThread.run(Manager.java:1915)

    while executing
ptolemy.kernel.util.IllegalActionException: Found a zero delay loop containing .HierarchicalModel.A
  in .HierarchicalModel and .HierarchicalModel.A
    while executing
"java::new ptolemy.moml.MoMLSimpleApplication $file
"
    (procedure "createAndExecute" line 2)
    invoked from within
"createAndExecute $file"
    ("uplevel" body line 5)
    invoked from within
"uplevel $contents_of_test"
------------------ testing $PTII/ptolemy/domains/de/test/auto/knownFailedTests/DirectFeedback.xml (Known Failure) 
5 ms. Memory: 146944K Free: 140084K (95%)


==== $PTIIhome/travis/build/icyphy/ptII/ptolemy/domains/de/test/../../../../: Auto Automatic test in file $PTII/ptolemy/domains/de/test/auto/knownFailedTests/DirectFeedback.xml
==== Contents of test case:

	    # FIXME: we should use $relativeFilename here, but it
	    # might have backslashes under Windows, which causes no end
	    # of trouble.
	    createAndExecute $file
	    list {}
	
.... Test generated KNOWN error:
    while executing
ptolemy.kernel.util.IllegalActionException: Test fails in iteration 1.
Value was: 1.0. Should have been: 2.0
  in .DirectFeedback.Test
	at ptolemy.actor.lib.Test.fire(Test.java:268)
	at ptolemy.domains.de.kernel.DEDirector._fire(DEDirector.java:1949)
	at ptolemy.domains.de.kernel.DEDirector.fire(DEDirector.java:502)
	at ptolemy.actor.CompositeActor.fire(CompositeActor.java:455)
	at ptolemy.actor.Manager.iterate(Manager.java:851)
	at ptolemy.actor.Manager.execute(Manager.java:369)
	at ptolemy.actor.Manager.run(Manager.java:1263)
	at ptolemy.actor.Manager$PtolemyRunThread.run(Manager.java:1915)

    while executing
ptolemy.kernel.util.IllegalActionException: Test fails in iteration 1.
Value was: 1.0. Should have been: 2.0
  in .DirectFeedback.Test
    while executing
"java::new ptolemy.moml.MoMLSimpleApplication $file
"
    (procedure "createAndExecute" line 2)
    invoked from within
"createAndExecute $file"
    ("uplevel" body line 5)
    invoked from within
"uplevel $contents_of_test"
------------------ testing $PTII/ptolemy/domains/de/test/auto/ActorDepthCalculation_actorWithoutPorts.xml
auto.tcl: Setting watchdog for 200 seconds at Fri Nov 16 02:48:22 UTC 2018
4 ms. Memory: 146944K Free: 132451K (90%)
ptolemy.util.test.WatchDog.cancel(): canceling Fri Nov 16 02:48:23 UTC 2018
auto.tcl: Setting watchdog for 200 seconds at Fri Nov 16 02:48:23 UTC 2018
4 ms. Memory: 146944K Free: 130381K (89%)
ptolemy.util.test.WatchDog.cancel(): canceling Fri Nov 16 02:48:23 UTC 2018
------------------ testing $PTII/ptolemy/domains/de/test/auto/AssemblyLine.xml
auto.tcl: Setting watchdog for 200 seconds at Fri Nov 16 02:48:23 UTC 2018
11 ms. Memory: 208384K Free: 186370K (89%)
ptolemy.util.test.WatchDog.cancel(): canceling Fri Nov 16 02:48:23 UTC 2018
auto.tcl: Setting watchdog for 200 seconds at Fri Nov 16 02:48:23 UTC 2018
13 ms. Memory: 208384K Free: 186370K (89%)
ptolemy.util.test.WatchDog.cancel(): canceling Fri Nov 16 02:48:23 UTC 2018
------------------ testing $PTII/ptolemy/domains/de/test/auto/CQBug1.xml
auto.tcl: Setting watchdog for 200 seconds at Fri Nov 16 02:48:23 UTC 2018
3 ms. Memory: 208384K Free: 197734K (95%)
ptolemy.util.test.WatchDog.cancel(): canceling Fri Nov 16 02:48:23 UTC 2018
auto.tcl: Setting watchdog for 200 seconds at Fri Nov 16 02:48:23 UTC 2018
2 ms. Memory: 208384K Free: 197734K (95%)
ptolemy.util.test.WatchDog.cancel(): canceling Fri Nov 16 02:48:23 UTC 2018
------------------ testing $PTII/ptolemy/domains/de/test/auto/CancelFireAt.xml
auto.tcl: Setting watchdog for 200 seconds at Fri Nov 16 02:48:23 UTC 2018
4 ms. Memory: 208384K Free: 201436K (97%)
ptolemy.util.test.WatchDog.cancel(): canceling Fri Nov 16 02:48:23 UTC 2018
auto.tcl: Setting watchdog for 200 seconds at Fri Nov 16 02:48:23 UTC 2018
2 ms. Memory: 208384K Free: 199354K (96%)
ptolemy.util.test.WatchDog.cancel(): canceling Fri Nov 16 02:48:23 UTC 2018
------------------ testing $PTII/ptolemy/domains/de/test/auto/CausalityAndComposabilityAnalysis.xml
auto.tcl: Setting watchdog for 200 seconds at Fri Nov 16 02:48:23 UTC 2018
18 ms. Memory: 208384K Free: 196532K (94%)
ptolemy.util.test.WatchDog.cancel(): canceling Fri Nov 16 02:48:23 UTC 2018
auto.tcl: Setting watchdog for 200 seconds at Fri Nov 16 02:48:23 UTC 2018
9 ms. Memory: 208384K Free: 196532K (94%)
ptolemy.util.test.WatchDog.cancel(): canceling Fri Nov 16 02:48:23 UTC 2018
------------------ testing $PTII/ptolemy/domains/de/test/auto/CausalityInterface1.xml
auto.tcl: Setting watchdog for 200 seconds at Fri Nov 16 02:48:23 UTC 2018
8 ms. Memory: 208384K Free: 196469K (94%)
ptolemy.util.test.WatchDog.cancel(): canceling Fri Nov 16 02:48:23 UTC 2018
auto.tcl: Setting watchdog for 200 seconds at Fri Nov 16 02:48:23 UTC 2018
3 ms. Memory: 208384K Free: 196469K (94%)
ptolemy.util.test.WatchDog.cancel(): canceling Fri Nov 16 02:48:23 UTC 2018
------------------ testing $PTII/ptolemy/domains/de/test/auto/CausalityInterface15.xml
auto.tcl: Setting watchdog for 200 seconds at Fri Nov 16 02:48:24 UTC 2018
20 ms. Memory: 208384K Free: 196460K (94%)
ptolemy.util.test.WatchDog.cancel(): canceling Fri Nov 16 02:48:24 UTC 2018
auto.tcl: Setting watchdog for 200 seconds at Fri Nov 16 02:48:24 UTC 2018
4 ms. Memory: 208384K Free: 194378K (93%)
ptolemy.util.test.WatchDog.cancel(): canceling Fri Nov 16 02:48:24 UTC 2018
------------------ testing $PTII/ptolemy/domains/de/test/auto/CausalityInterface2.xml
auto.tcl: Setting watchdog for 200 seconds at Fri Nov 16 02:48:24 UTC 2018
3 ms. Memory: 208384K Free: 196782K (94%)
ptolemy.util.test.WatchDog.cancel(): canceling Fri Nov 16 02:48:24 UTC 2018
auto.tcl: Setting watchdog for 200 seconds at Fri Nov 16 02:48:24 UTC 2018
2 ms. Memory: 208384K Free: 196782K (94%)
ptolemy.util.test.WatchDog.cancel(): canceling Fri Nov 16 02:48:24 UTC 2018
------------------ testing $PTII/ptolemy/domains/de/test/auto/CausalityInterface3.xml
auto.tcl: Setting watchdog for 200 seconds at Fri Nov 16 02:48:24 UTC 2018
3 ms. Memory: 208384K Free: 196457K (94%)
ptolemy.util.test.WatchDog.cancel(): canceling Fri Nov 16 02:48:24 UTC 2018
auto.tcl: Setting watchdog for 200 seconds at Fri Nov 16 02:48:24 UTC 2018
8 ms. Memory: 208384K Free: 196457K (94%)
ptolemy.util.test.WatchDog.cancel(): canceling Fri Nov 16 02:48:24 UTC 2018
------------------ testing $PTII/ptolemy/domains/de/test/auto/ClockDrift.xml
auto.tcl: Setting watchdog for 200 seconds at Fri Nov 16 02:48:24 UTC 2018
74 ms. Memory: 208384K Free: 187742K (90%)
ptolemy.util.test.WatchDog.cancel(): canceling Fri Nov 16 02:48:24 UTC 2018
auto.tcl: Setting watchdog for 200 seconds at Fri Nov 16 02:48:24 UTC 2018
36 ms. Memory: 208384K Free: 185660K (89%)
ptolemy.util.test.WatchDog.cancel(): canceling Fri Nov 16 02:48:24 UTC 2018
------------------ testing $PTII/ptolemy/domains/de/test/auto/ClockDriftAndValueChange.xml
auto.tcl: Setting watchdog for 200 seconds at Fri Nov 16 02:48:24 UTC 2018
48 ms. Memory: 208384K Free: 187573K (90%)
ptolemy.util.test.WatchDog.cancel(): canceling Fri Nov 16 02:48:24 UTC 2018
auto.tcl: Setting watchdog for 200 seconds at Fri Nov 16 02:48:24 UTC 2018
34 ms. Memory: 208384K Free: 185491K (89%)
ptolemy.util.test.WatchDog.cancel(): canceling Fri Nov 16 02:48:24 UTC 2018
------------------ testing $PTII/ptolemy/domains/de/test/auto/ClockDriftChange.xml
auto.tcl: Setting watchdog for 200 seconds at Fri Nov 16 02:48:24 UTC 2018
23 ms. Memory: 208384K Free: 190883K (92%)
ptolemy.util.test.WatchDog.cancel(): canceling Fri Nov 16 02:48:24 UTC 2018
auto.tcl: Setting watchdog for 200 seconds at Fri Nov 16 02:48:24 UTC 2018
17 ms. Memory: 208384K Free: 188801K (91%)
ptolemy.util.test.WatchDog.cancel(): canceling Fri Nov 16 02:48:24 UTC 2018
------------------ testing $PTII/ptolemy/domains/de/test/auto/ComposableCausalityAnalysis.xml
auto.tcl: Setting watchdog for 200 seconds at Fri Nov 16 02:48:24 UTC 2018
3 ms. Memory: 208384K Free: 196314K (94%)
ptolemy.util.test.WatchDog.cancel(): canceling Fri Nov 16 02:48:24 UTC 2018
auto.tcl: Setting watchdog for 200 seconds at Fri Nov 16 02:48:24 UTC 2018
1 ms. Memory: 208384K Free: 194231K (93%)
ptolemy.util.test.WatchDog.cancel(): canceling Fri Nov 16 02:48:24 UTC 2018
------------------ testing $PTII/ptolemy/domains/de/test/auto/DEFixedPointLimitation.xml
auto.tcl: Setting watchdog for 200 seconds at Fri Nov 16 02:48:24 UTC 2018
1 ms. Memory: 208384K Free: 196393K (94%)
ptolemy.util.test.WatchDog.cancel(): canceling Fri Nov 16 02:48:24 UTC 2018
auto.tcl: Setting watchdog for 200 seconds at Fri Nov 16 02:48:24 UTC 2018
2 ms. Memory: 208384K Free: 196393K (94%)
ptolemy.util.test.WatchDog.cancel(): canceling Fri Nov 16 02:48:24 UTC 2018
------------------ testing $PTII/ptolemy/domains/de/test/auto/DEScheduleTest.xml
auto.tcl: Setting watchdog for 200 seconds at Fri Nov 16 02:48:25 UTC 2018
6 ms. Memory: 208384K Free: 198510K (95%)
ptolemy.util.test.WatchDog.cancel(): canceling Fri Nov 16 02:48:25 UTC 2018
auto.tcl: Setting watchdog for 200 seconds at Fri Nov 16 02:48:25 UTC 2018
4 ms. Memory: 208384K Free: 196428K (94%)
ptolemy.util.test.WatchDog.cancel(): canceling Fri Nov 16 02:48:25 UTC 2018
------------------ testing $PTII/ptolemy/domains/de/test/auto/DEinDEwithStartTimes.xml
auto.tcl: Setting watchdog for 200 seconds at Fri Nov 16 02:48:25 UTC 2018
3 ms. Memory: 208384K Free: 196398K (94%)
ptolemy.util.test.WatchDog.cancel(): canceling Fri Nov 16 02:48:25 UTC 2018
auto.tcl: Setting watchdog for 200 seconds at Fri Nov 16 02:48:25 UTC 2018
4 ms. Memory: 208384K Free: 194316K (93%)
ptolemy.util.test.WatchDog.cancel(): canceling Fri Nov 16 02:48:25 UTC 2018
------------------ testing $PTII/ptolemy/domains/de/test/auto/DEinDEwithStartTimes2.xml
auto.tcl: Setting watchdog for 200 seconds at Fri Nov 16 02:48:25 UTC 2018
4 ms. Memory: 208384K Free: 196376K (94%)
ptolemy.util.test.WatchDog.cancel(): canceling Fri Nov 16 02:48:25 UTC 2018
auto.tcl: Setting watchdog for 200 seconds at Fri Nov 16 02:48:25 UTC 2018
7 ms. Memory: 208384K Free: 194294K (93%)
ptolemy.util.test.WatchDog.cancel(): canceling Fri Nov 16 02:48:25 UTC 2018
------------------ testing $PTII/ptolemy/domains/de/test/auto/DateDemo.xml
auto.tcl: Setting watchdog for 200 seconds at Fri Nov 16 02:48:25 UTC 2018
13 ms. Memory: 208384K Free: 188876K (91%)
ptolemy.util.test.WatchDog.cancel(): canceling Fri Nov 16 02:48:25 UTC 2018
auto.tcl: Setting watchdog for 200 seconds at Fri Nov 16 02:48:25 UTC 2018
7 ms. Memory: 208384K Free: 186793K (90%)
ptolemy.util.test.WatchDog.cancel(): canceling Fri Nov 16 02:48:25 UTC 2018
------------------ testing $PTII/ptolemy/domains/de/test/auto/DateToEvent.xml
auto.tcl: Setting watchdog for 200 seconds at Fri Nov 16 02:48:25 UTC 2018
2010 ms. Memory: 208384K Free: 183644K (88%)
ptolemy.util.test.WatchDog.cancel(): canceling Fri Nov 16 02:48:27 UTC 2018
auto.tcl: Setting watchdog for 200 seconds at Fri Nov 16 02:48:27 UTC 2018
2007 ms. Memory: 208384K Free: 183644K (88%)
ptolemy.util.test.WatchDog.cancel(): canceling Fri Nov 16 02:48:29 UTC 2018
------------------ testing $PTII/ptolemy/domains/de/test/auto/DepthTest1.xml
auto.tcl: Setting watchdog for 200 seconds at Fri Nov 16 02:48:29 UTC 2018
4 ms. Memory: 208384K Free: 198376K (95%)
ptolemy.util.test.WatchDog.cancel(): canceling Fri Nov 16 02:48:29 UTC 2018
auto.tcl: Setting watchdog for 200 seconds at Fri Nov 16 02:48:29 UTC 2018
1 ms. Memory: 208384K Free: 198376K (95%)
ptolemy.util.test.WatchDog.cancel(): canceling Fri Nov 16 02:48:29 UTC 2018
------------------ testing $PTII/ptolemy/domains/de/test/auto/DepthTest2.xml
auto.tcl: Setting watchdog for 200 seconds at Fri Nov 16 02:48:29 UTC 2018
6 ms. Memory: 208384K Free: 194276K (93%)
ptolemy.util.test.WatchDog.cancel(): canceling Fri Nov 16 02:48:29 UTC 2018
auto.tcl: Setting watchdog for 200 seconds at Fri Nov 16 02:48:29 UTC 2018
2 ms. Memory: 208384K Free: 194276K (93%)
ptolemy.util.test.WatchDog.cancel(): canceling Fri Nov 16 02:48:29 UTC 2018
------------------ testing $PTII/ptolemy/domains/de/test/auto/DepthTest3.xml
auto.tcl: Setting watchdog for 200 seconds at Fri Nov 16 02:48:29 UTC 2018
5 ms. Memory: 208384K Free: 198373K (95%)
ptolemy.util.test.WatchDog.cancel(): canceling Fri Nov 16 02:48:29 UTC 2018
auto.tcl: Setting watchdog for 200 seconds at Fri Nov 16 02:48:29 UTC 2018
2 ms. Memory: 208384K Free: 198373K (95%)
ptolemy.util.test.WatchDog.cancel(): canceling Fri Nov 16 02:48:29 UTC 2018
------------------ testing $PTII/ptolemy/domains/de/test/auto/DepthTest4.xml
auto.tcl: Setting watchdog for 200 seconds at Fri Nov 16 02:48:29 UTC 2018
3 ms. Memory: 208384K Free: 196376K (94%)
ptolemy.util.test.WatchDog.cancel(): canceling Fri Nov 16 02:48:29 UTC 2018
auto.tcl: Setting watchdog for 200 seconds at Fri Nov 16 02:48:29 UTC 2018
2 ms. Memory: 208384K Free: 196376K (94%)
ptolemy.util.test.WatchDog.cancel(): canceling Fri Nov 16 02:48:29 UTC 2018
------------------ testing $PTII/ptolemy/domains/de/test/auto/DepthTest5.xml
auto.tcl: Setting watchdog for 200 seconds at Fri Nov 16 02:48:29 UTC 2018
7 ms. Memory: 208384K Free: 196663K (94%)
ptolemy.util.test.WatchDog.cancel(): canceling Fri Nov 16 02:48:29 UTC 2018
auto.tcl: Setting watchdog for 200 seconds at Fri Nov 16 02:48:29 UTC 2018
2 ms. Memory: 208384K Free: 196663K (94%)
ptolemy.util.test.WatchDog.cancel(): canceling Fri Nov 16 02:48:29 UTC 2018
------------------ testing $PTII/ptolemy/domains/de/test/auto/DepthTest6.xml
auto.tcl: Setting watchdog for 200 seconds at Fri Nov 16 02:48:29 UTC 2018
11 ms. Memory: 208384K Free: 196639K (94%)
ptolemy.util.test.WatchDog.cancel(): canceling Fri Nov 16 02:48:29 UTC 2018
auto.tcl: Setting watchdog for 200 seconds at Fri Nov 16 02:48:29 UTC 2018
3 ms. Memory: 208384K Free: 196639K (94%)
ptolemy.util.test.WatchDog.cancel(): canceling Fri Nov 16 02:48:29 UTC 2018
------------------ testing $PTII/ptolemy/domains/de/test/auto/DepthTest7.xml
auto.tcl: Setting watchdog for 200 seconds at Fri Nov 16 02:48:30 UTC 2018
3 ms. Memory: 208384K Free: 196282K (94%)
ptolemy.util.test.WatchDog.cancel(): canceling Fri Nov 16 02:48:30 UTC 2018
auto.tcl: Setting watchdog for 200 seconds at Fri Nov 16 02:48:30 UTC 2018
2 ms. Memory: 208384K Free: 196282K (94%)
ptolemy.util.test.WatchDog.cancel(): canceling Fri Nov 16 02:48:30 UTC 2018
------------------ testing $PTII/ptolemy/domains/de/test/auto/EventToDate.xml
auto.tcl: Setting watchdog for 200 seconds at Fri Nov 16 02:48:30 UTC 2018
3010 ms. Memory: 208384K Free: 183773K (88%)
ptolemy.util.test.WatchDog.cancel(): canceling Fri Nov 16 02:48:33 UTC 2018
auto.tcl: Setting watchdog for 200 seconds at Fri Nov 16 02:48:33 UTC 2018
3006 ms. Memory: 208384K Free: 183435K (88%)
ptolemy.util.test.WatchDog.cancel(): canceling Fri Nov 16 02:48:36 UTC 2018
------------------ testing $PTII/ptolemy/domains/de/test/auto/FSM1.xml
auto.tcl: Setting watchdog for 200 seconds at Fri Nov 16 02:48:36 UTC 2018
38 ms. Memory: 208384K Free: 187288K (90%)
ptolemy.util.test.WatchDog.cancel(): canceling Fri Nov 16 02:48:36 UTC 2018
auto.tcl: Setting watchdog for 200 seconds at Fri Nov 16 02:48:36 UTC 2018
18 ms. Memory: 208384K Free: 185206K (89%)
ptolemy.util.test.WatchDog.cancel(): canceling Fri Nov 16 02:48:36 UTC 2018
------------------ testing $PTII/ptolemy/domains/de/test/auto/FSM7.xml
auto.tcl: Setting watchdog for 200 seconds at Fri Nov 16 02:48:36 UTC 2018
17 ms. Memory: 208384K Free: 187493K (90%)
ptolemy.util.test.WatchDog.cancel(): canceling Fri Nov 16 02:48:36 UTC 2018
auto.tcl: Setting watchdog for 200 seconds at Fri Nov 16 02:48:36 UTC 2018
23 ms. Memory: 208384K Free: 185411K (89%)
ptolemy.util.test.WatchDog.cancel(): canceling Fri Nov 16 02:48:36 UTC 2018
------------------ testing $PTII/ptolemy/domains/de/test/auto/Inspection.xml
auto.tcl: Setting watchdog for 200 seconds at Fri Nov 16 02:48:36 UTC 2018
40 ms. Memory: 208384K Free: 189044K (91%)
ptolemy.util.test.WatchDog.cancel(): canceling Fri Nov 16 02:48:36 UTC 2018
auto.tcl: Setting watchdog for 200 seconds at Fri Nov 16 02:48:36 UTC 2018
22 ms. Memory: 208384K Free: 186624K (90%)
ptolemy.util.test.WatchDog.cancel(): canceling Fri Nov 16 02:48:36 UTC 2018
------------------ testing $PTII/ptolemy/domains/de/test/auto/Iteration.xml
auto.tcl: Setting watchdog for 200 seconds at Fri Nov 16 02:48:36 UTC 2018
19 ms. Memory: 208384K Free: 196090K (94%)
ptolemy.util.test.WatchDog.cancel(): canceling Fri Nov 16 02:48:36 UTC 2018
auto.tcl: Setting watchdog for 200 seconds at Fri Nov 16 02:48:36 UTC 2018
7 ms. Memory: 208384K Free: 194008K (93%)
ptolemy.util.test.WatchDog.cancel(): canceling Fri Nov 16 02:48:36 UTC 2018
------------------ testing $PTII/ptolemy/domains/de/test/auto/LineFault.xml
auto.tcl: Setting watchdog for 200 seconds at Fri Nov 16 02:48:36 UTC 2018
618 ms. Memory: 208384K Free: 197342K (95%)
ptolemy.util.test.WatchDog.cancel(): canceling Fri Nov 16 02:48:37 UTC 2018
auto.tcl: Setting watchdog for 200 seconds at Fri Nov 16 02:48:37 UTC 2018
550 ms. Memory: 208384K Free: 140493K (67%)
ptolemy.util.test.WatchDog.cancel(): canceling Fri Nov 16 02:48:38 UTC 2018
------------------ testing $PTII/ptolemy/domains/de/test/auto/MergeModel1Add.xml
auto.tcl: Setting watchdog for 200 seconds at Fri Nov 16 02:48:38 UTC 2018
19 ms. Memory: 331264K Free: 298723K (90%)
ptolemy.util.test.WatchDog.cancel(): canceling Fri Nov 16 02:48:38 UTC 2018
auto.tcl: Setting watchdog for 200 seconds at Fri Nov 16 02:48:38 UTC 2018
11 ms. Memory: 331264K Free: 298723K (90%)
ptolemy.util.test.WatchDog.cancel(): canceling Fri Nov 16 02:48:38 UTC 2018
------------------ testing $PTII/ptolemy/domains/de/test/auto/MergeModel2Add.xml
auto.tcl: Setting watchdog for 200 seconds at Fri Nov 16 02:48:38 UTC 2018
17 ms. Memory: 331264K Free: 304031K (92%)
ptolemy.util.test.WatchDog.cancel(): canceling Fri Nov 16 02:48:38 UTC 2018
auto.tcl: Setting watchdog for 200 seconds at Fri Nov 16 02:48:38 UTC 2018
11 ms. Memory: 331264K Free: 300062K (91%)
ptolemy.util.test.WatchDog.cancel(): canceling Fri Nov 16 02:48:38 UTC 2018
------------------ testing $PTII/ptolemy/domains/de/test/auto/MergeModel3Add.xml
auto.tcl: Setting watchdog for 200 seconds at Fri Nov 16 02:48:38 UTC 2018
13 ms. Memory: 331264K Free: 304041K (92%)
ptolemy.util.test.WatchDog.cancel(): canceling Fri Nov 16 02:48:38 UTC 2018
auto.tcl: Setting watchdog for 200 seconds at Fri Nov 16 02:48:38 UTC 2018
7 ms. Memory: 331264K Free: 300072K (91%)
ptolemy.util.test.WatchDog.cancel(): canceling Fri Nov 16 02:48:38 UTC 2018
------------------ testing $PTII/ptolemy/domains/de/test/auto/MergeWithoutDiscard.xml
auto.tcl: Setting watchdog for 200 seconds at Fri Nov 16 02:48:38 UTC 2018
2 ms. Memory: 331264K Free: 320198K (97%)
ptolemy.util.test.WatchDog.cancel(): canceling Fri Nov 16 02:48:38 UTC 2018
auto.tcl: Setting watchdog for 200 seconds at Fri Nov 16 02:48:38 UTC 2018
2 ms. Memory: 331264K Free: 316229K (95%)
ptolemy.util.test.WatchDog.cancel(): canceling Fri Nov 16 02:48:38 UTC 2018
------------------ testing $PTII/ptolemy/domains/de/test/auto/Modal1.xml
auto.tcl: Setting watchdog for 200 seconds at Fri Nov 16 02:48:38 UTC 2018
20 ms. Memory: 331264K Free: 309815K (94%)
ptolemy.util.test.WatchDog.cancel(): canceling Fri Nov 16 02:48:38 UTC 2018
auto.tcl: Setting watchdog for 200 seconds at Fri Nov 16 02:48:38 UTC 2018
17 ms. Memory: 331264K Free: 305846K (92%)
ptolemy.util.test.WatchDog.cancel(): canceling Fri Nov 16 02:48:38 UTC 2018
------------------ testing $PTII/ptolemy/domains/de/test/auto/Modal2.xml
auto.tcl: Setting watchdog for 200 seconds at Fri Nov 16 02:48:38 UTC 2018
14 ms. Memory: 331264K Free: 309704K (93%)
ptolemy.util.test.WatchDog.cancel(): canceling Fri Nov 16 02:48:38 UTC 2018
auto.tcl: Setting watchdog for 200 seconds at Fri Nov 16 02:48:38 UTC 2018
16 ms. Memory: 331264K Free: 305735K (92%)
ptolemy.util.test.WatchDog.cancel(): canceling Fri Nov 16 02:48:38 UTC 2018
------------------ testing $PTII/ptolemy/domains/de/test/auto/Modal3.xml
auto.tcl: Setting watchdog for 200 seconds at Fri Nov 16 02:48:38 UTC 2018
16 ms. Memory: 331264K Free: 309477K (93%)
ptolemy.util.test.WatchDog.cancel(): canceling Fri Nov 16 02:48:38 UTC 2018
auto.tcl: Setting watchdog for 200 seconds at Fri Nov 16 02:48:38 UTC 2018
10 ms. Memory: 331264K Free: 305508K (92%)
ptolemy.util.test.WatchDog.cancel(): canceling Fri Nov 16 02:48:38 UTC 2018
------------------ testing $PTII/ptolemy/domains/de/test/auto/Modal4.xml
auto.tcl: Setting watchdog for 200 seconds at Fri Nov 16 02:48:38 UTC 2018
21 ms. Memory: 331264K Free: 309490K (93%)
ptolemy.util.test.WatchDog.cancel(): canceling Fri Nov 16 02:48:39 UTC 2018
auto.tcl: Setting watchdog for 200 seconds at Fri Nov 16 02:48:39 UTC 2018
21 ms. Memory: 331264K Free: 305521K (92%)
ptolemy.util.test.WatchDog.cancel(): canceling Fri Nov 16 02:48:39 UTC 2018
------------------ testing $PTII/ptolemy/domains/de/test/auto/Modal5.xml
auto.tcl: Setting watchdog for 200 seconds at Fri Nov 16 02:48:39 UTC 2018
15 ms. Memory: 331264K Free: 309476K (93%)
ptolemy.util.test.WatchDog.cancel(): canceling Fri Nov 16 02:48:39 UTC 2018
auto.tcl: Setting watchdog for 200 seconds at Fri Nov 16 02:48:39 UTC 2018
13 ms. Memory: 331264K Free: 305507K (92%)
ptolemy.util.test.WatchDog.cancel(): canceling Fri Nov 16 02:48:39 UTC 2018
------------------ testing $PTII/ptolemy/domains/de/test/auto/Modal6.xml
auto.tcl: Setting watchdog for 200 seconds at Fri Nov 16 02:48:39 UTC 2018
13 ms. Memory: 331264K Free: 309474K (93%)
ptolemy.util.test.WatchDog.cancel(): canceling Fri Nov 16 02:48:39 UTC 2018
auto.tcl: Setting watchdog for 200 seconds at Fri Nov 16 02:48:39 UTC 2018
14 ms. Memory: 331264K Free: 305505K (92%)
ptolemy.util.test.WatchDog.cancel(): canceling Fri Nov 16 02:48:39 UTC 2018
------------------ testing $PTII/ptolemy/domains/de/test/auto/Modal7.xml
auto.tcl: Setting watchdog for 200 seconds at Fri Nov 16 02:48:39 UTC 2018
13 ms. Memory: 331264K Free: 309474K (93%)
ptolemy.util.test.WatchDog.cancel(): canceling Fri Nov 16 02:48:39 UTC 2018
auto.tcl: Setting watchdog for 200 seconds at Fri Nov 16 02:48:39 UTC 2018
17 ms. Memory: 331264K Free: 305505K (92%)
ptolemy.util.test.WatchDog.cancel(): canceling Fri Nov 16 02:48:39 UTC 2018
------------------ testing $PTII/ptolemy/domains/de/test/auto/ModalModel.xml
auto.tcl: Setting watchdog for 200 seconds at Fri Nov 16 02:48:39 UTC 2018
183 ms. Memory: 331264K Free: 245924K (74%)
ptolemy.util.test.WatchDog.cancel(): canceling Fri Nov 16 02:48:39 UTC 2018
auto.tcl: Setting watchdog for 200 seconds at Fri Nov 16 02:48:39 UTC 2018
172 ms. Memory: 331264K Free: 190360K (57%)
ptolemy.util.test.WatchDog.cancel(): canceling Fri Nov 16 02:48:39 UTC 2018
------------------ testing $PTII/ptolemy/domains/de/test/auto/ModalSource.xml
auto.tcl: Setting watchdog for 200 seconds at Fri Nov 16 02:48:39 UTC 2018
5 ms. Memory: 331264K Free: 316044K (95%)
ptolemy.util.test.WatchDog.cancel(): canceling Fri Nov 16 02:48:39 UTC 2018
auto.tcl: Setting watchdog for 200 seconds at Fri Nov 16 02:48:39 UTC 2018
6 ms. Memory: 331264K Free: 312512K (94%)
ptolemy.util.test.WatchDog.cancel(): canceling Fri Nov 16 02:48:39 UTC 2018
------------------ testing $PTII/ptolemy/domains/de/test/auto/NonInterruptibleTimerZeroDelay.xml
auto.tcl: Setting watchdog for 200 seconds at Fri Nov 16 02:48:39 UTC 2018
4 ms. Memory: 331264K Free: 320412K (97%)
ptolemy.util.test.WatchDog.cancel(): canceling Fri Nov 16 02:48:39 UTC 2018
auto.tcl: Setting watchdog for 200 seconds at Fri Nov 16 02:48:39 UTC 2018
2 ms. Memory: 331264K Free: 316881K (96%)
ptolemy.util.test.WatchDog.cancel(): canceling Fri Nov 16 02:48:40 UTC 2018
------------------ testing $PTII/ptolemy/domains/de/test/auto/OpenQueueingNetwork.xml
auto.tcl: Setting watchdog for 200 seconds at Fri Nov 16 02:48:40 UTC 2018
2586 ms. Memory: 573952K Free: 413828K (72%)
ptolemy.util.test.WatchDog.cancel(): canceling Fri Nov 16 02:48:42 UTC 2018
auto.tcl: Setting watchdog for 200 seconds at Fri Nov 16 02:48:42 UTC 2018
2166 ms. Memory: 550912K Free: 314915K (57%)
ptolemy.util.test.WatchDog.cancel(): canceling Fri Nov 16 02:48:44 UTC 2018
------------------ testing $PTII/ptolemy/domains/de/test/auto/OpenQueuingNetwork.xml
auto.tcl: Setting watchdog for 200 seconds at Fri Nov 16 02:48:45 UTC 2018
224 ms. Memory: 549888K Free: 445044K (81%)
ptolemy.util.test.WatchDog.cancel(): canceling Fri Nov 16 02:48:45 UTC 2018
auto.tcl: Setting watchdog for 200 seconds at Fri Nov 16 02:48:45 UTC 2018
219 ms. Memory: 549888K Free: 385000K (70%)
ptolemy.util.test.WatchDog.cancel(): canceling Fri Nov 16 02:48:45 UTC 2018
------------------ testing $PTII/ptolemy/domains/de/test/auto/PeriodicSampler.xml
auto.tcl: Setting watchdog for 200 seconds at Fri Nov 16 02:48:45 UTC 2018
3 ms. Memory: 551936K Free: 531640K (96%)
ptolemy.util.test.WatchDog.cancel(): canceling Fri Nov 16 02:48:45 UTC 2018
auto.tcl: Setting watchdog for 200 seconds at Fri Nov 16 02:48:45 UTC 2018
2 ms. Memory: 551936K Free: 531640K (96%)
ptolemy.util.test.WatchDog.cancel(): canceling Fri Nov 16 02:48:45 UTC 2018
------------------ testing $PTII/ptolemy/domains/de/test/auto/PersistentIO.xml
auto.tcl: Setting watchdog for 200 seconds at Fri Nov 16 02:48:45 UTC 2018
14 ms. Memory: 549376K Free: 524213K (95%)
ptolemy.util.test.WatchDog.cancel(): canceling Fri Nov 16 02:48:45 UTC 2018
auto.tcl: Setting watchdog for 200 seconds at Fri Nov 16 02:48:45 UTC 2018
3 ms. Memory: 549376K Free: 524213K (95%)
ptolemy.util.test.WatchDog.cancel(): canceling Fri Nov 16 02:48:45 UTC 2018
------------------ testing $PTII/ptolemy/domains/de/test/auto/PortParameterResetOnInitialize.xml
auto.tcl: Setting watchdog for 200 seconds at Fri Nov 16 02:48:45 UTC 2018
3 ms. Memory: 551424K Free: 531589K (96%)
ptolemy.util.test.WatchDog.cancel(): canceling Fri Nov 16 02:48:45 UTC 2018
auto.tcl: Setting watchdog for 200 seconds at Fri Nov 16 02:48:45 UTC 2018
2 ms. Memory: 551424K Free: 531589K (96%)
ptolemy.util.test.WatchDog.cancel(): canceling Fri Nov 16 02:48:45 UTC 2018
------------------ testing $PTII/ptolemy/domains/de/test/auto/PortParameterUpdates.xml
auto.tcl: Setting watchdog for 200 seconds at Fri Nov 16 02:48:45 UTC 2018
5 ms. Memory: 549376K Free: 529674K (96%)
ptolemy.util.test.WatchDog.cancel(): canceling Fri Nov 16 02:48:45 UTC 2018
auto.tcl: Setting watchdog for 200 seconds at Fri Nov 16 02:48:45 UTC 2018
3 ms. Memory: 549376K Free: 524215K (95%)
ptolemy.util.test.WatchDog.cancel(): canceling Fri Nov 16 02:48:45 UTC 2018
------------------ testing $PTII/ptolemy/domains/de/test/auto/QueueAndServer.xml
auto.tcl: Setting watchdog for 200 seconds at Fri Nov 16 02:48:45 UTC 2018
6 ms. Memory: 551424K Free: 525982K (95%)
ptolemy.util.test.WatchDog.cancel(): canceling Fri Nov 16 02:48:45 UTC 2018
auto.tcl: Setting watchdog for 200 seconds at Fri Nov 16 02:48:45 UTC 2018
6 ms. Memory: 551424K Free: 525982K (95%)
ptolemy.util.test.WatchDog.cancel(): canceling Fri Nov 16 02:48:45 UTC 2018
------------------ testing $PTII/ptolemy/domains/de/test/auto/Records.xml
auto.tcl: Setting watchdog for 200 seconds at Fri Nov 16 02:48:45 UTC 2018
3 ms. Memory: 549376K Free: 529350K (96%)
ptolemy.util.test.WatchDog.cancel(): canceling Fri Nov 16 02:48:45 UTC 2018
auto.tcl: Setting watchdog for 200 seconds at Fri Nov 16 02:48:45 UTC 2018
1 ms. Memory: 549376K Free: 523891K (95%)
ptolemy.util.test.WatchDog.cancel(): canceling Fri Nov 16 02:48:45 UTC 2018
------------------ testing $PTII/ptolemy/domains/de/test/auto/ResetTransitionWithStartTime1.xml
auto.tcl: Setting watchdog for 200 seconds at Fri Nov 16 02:48:45 UTC 2018
6 ms. Memory: 551424K Free: 530628K (96%)
ptolemy.util.test.WatchDog.cancel(): canceling Fri Nov 16 02:48:45 UTC 2018
auto.tcl: Setting watchdog for 200 seconds at Fri Nov 16 02:48:45 UTC 2018
5 ms. Memory: 551424K Free: 530628K (96%)
ptolemy.util.test.WatchDog.cancel(): canceling Fri Nov 16 02:48:45 UTC 2018
------------------ testing $PTII/ptolemy/domains/de/test/auto/ResetTransitionWithStartTime2.xml
auto.tcl: Setting watchdog for 200 seconds at Fri Nov 16 02:48:46 UTC 2018
7 ms. Memory: 549376K Free: 528570K (96%)
ptolemy.util.test.WatchDog.cancel(): canceling Fri Nov 16 02:48:46 UTC 2018
auto.tcl: Setting watchdog for 200 seconds at Fri Nov 16 02:48:46 UTC 2018
5 ms. Memory: 549376K Free: 528570K (96%)
ptolemy.util.test.WatchDog.cancel(): canceling Fri Nov 16 02:48:46 UTC 2018
------------------ testing $PTII/ptolemy/domains/de/test/auto/ResetTransitionWithStartTime3.xml
auto.tcl: Setting watchdog for 200 seconds at Fri Nov 16 02:48:46 UTC 2018
4 ms. Memory: 550912K Free: 530105K (96%)
ptolemy.util.test.WatchDog.cancel(): canceling Fri Nov 16 02:48:46 UTC 2018
auto.tcl: Setting watchdog for 200 seconds at Fri Nov 16 02:48:46 UTC 2018
5 ms. Memory: 550912K Free: 530105K (96%)
ptolemy.util.test.WatchDog.cancel(): canceling Fri Nov 16 02:48:46 UTC 2018
------------------ testing $PTII/ptolemy/domains/de/test/auto/ResetTransitionWithStartTime4.xml
auto.tcl: Setting watchdog for 200 seconds at Fri Nov 16 02:48:46 UTC 2018
3 ms. Memory: 549376K Free: 528564K (96%)
ptolemy.util.test.WatchDog.cancel(): canceling Fri Nov 16 02:48:46 UTC 2018
auto.tcl: Setting watchdog for 200 seconds at Fri Nov 16 02:48:46 UTC 2018
3 ms. Memory: 549376K Free: 528564K (96%)
ptolemy.util.test.WatchDog.cancel(): canceling Fri Nov 16 02:48:46 UTC 2018
------------------ testing $PTII/ptolemy/domains/de/test/auto/ResettableTimer1.xml
auto.tcl: Setting watchdog for 200 seconds at Fri Nov 16 02:48:46 UTC 2018
3 ms. Memory: 550912K Free: 535570K (97%)
ptolemy.util.test.WatchDog.cancel(): canceling Fri Nov 16 02:48:46 UTC 2018
auto.tcl: Setting watchdog for 200 seconds at Fri Nov 16 02:48:46 UTC 2018
1 ms. Memory: 550912K Free: 535570K (97%)
ptolemy.util.test.WatchDog.cancel(): canceling Fri Nov 16 02:48:46 UTC 2018
------------------ testing $PTII/ptolemy/domains/de/test/auto/ResettableTimer2.xml
auto.tcl: Setting watchdog for 200 seconds at Fri Nov 16 02:48:46 UTC 2018
5 ms. Memory: 549376K Free: 534321K (97%)
ptolemy.util.test.WatchDog.cancel(): canceling Fri Nov 16 02:48:46 UTC 2018
auto.tcl: Setting watchdog for 200 seconds at Fri Nov 16 02:48:46 UTC 2018
2 ms. Memory: 549376K Free: 534321K (97%)
ptolemy.util.test.WatchDog.cancel(): canceling Fri Nov 16 02:48:46 UTC 2018
------------------ testing $PTII/ptolemy/domains/de/test/auto/ResettableTimer3.xml
auto.tcl: Setting watchdog for 200 seconds at Fri Nov 16 02:48:46 UTC 2018
2 ms. Memory: 550912K Free: 535627K (97%)
ptolemy.util.test.WatchDog.cancel(): canceling Fri Nov 16 02:48:46 UTC 2018
auto.tcl: Setting watchdog for 200 seconds at Fri Nov 16 02:48:46 UTC 2018
1 ms. Memory: 550912K Free: 535627K (97%)
ptolemy.util.test.WatchDog.cancel(): canceling Fri Nov 16 02:48:46 UTC 2018
------------------ testing $PTII/ptolemy/domains/de/test/auto/ResettableTimer4.xml
auto.tcl: Setting watchdog for 200 seconds at Fri Nov 16 02:48:46 UTC 2018
3 ms. Memory: 549376K Free: 534334K (97%)
ptolemy.util.test.WatchDog.cancel(): canceling Fri Nov 16 02:48:46 UTC 2018
auto.tcl: Setting watchdog for 200 seconds at Fri Nov 16 02:48:46 UTC 2018
2 ms. Memory: 549376K Free: 534334K (97%)
ptolemy.util.test.WatchDog.cancel(): canceling Fri Nov 16 02:48:46 UTC 2018
------------------ testing $PTII/ptolemy/domains/de/test/auto/ResettableTimer5.xml
auto.tcl: Setting watchdog for 200 seconds at Fri Nov 16 02:48:46 UTC 2018
1 ms. Memory: 550400K Free: 530447K (96%)
ptolemy.util.test.WatchDog.cancel(): canceling Fri Nov 16 02:48:46 UTC 2018
auto.tcl: Setting watchdog for 200 seconds at Fri Nov 16 02:48:46 UTC 2018
1 ms. Memory: 550400K Free: 530447K (96%)
ptolemy.util.test.WatchDog.cancel(): canceling Fri Nov 16 02:48:46 UTC 2018
------------------ testing $PTII/ptolemy/domains/de/test/auto/ResettableTimer6.xml
auto.tcl: Setting watchdog for 200 seconds at Fri Nov 16 02:48:46 UTC 2018
2 ms. Memory: 549376K Free: 534052K (97%)
ptolemy.util.test.WatchDog.cancel(): canceling Fri Nov 16 02:48:46 UTC 2018
auto.tcl: Setting watchdog for 200 seconds at Fri Nov 16 02:48:46 UTC 2018
1 ms. Memory: 549376K Free: 534052K (97%)
ptolemy.util.test.WatchDog.cancel(): canceling Fri Nov 16 02:48:46 UTC 2018
------------------ testing $PTII/ptolemy/domains/de/test/auto/ServerZeroDelay.xml
auto.tcl: Setting watchdog for 200 seconds at Fri Nov 16 02:48:46 UTC 2018
4 ms. Memory: 550400K Free: 535296K (97%)
ptolemy.util.test.WatchDog.cancel(): canceling Fri Nov 16 02:48:46 UTC 2018
auto.tcl: Setting watchdog for 200 seconds at Fri Nov 16 02:48:46 UTC 2018
2 ms. Memory: 550400K Free: 535296K (97%)
ptolemy.util.test.WatchDog.cancel(): canceling Fri Nov 16 02:48:46 UTC 2018
------------------ testing $PTII/ptolemy/domains/de/test/auto/SmartSender.xml
auto.tcl: Setting watchdog for 200 seconds at Fri Nov 16 02:48:46 UTC 2018
3001 ms. Memory: 549376K Free: 524908K (96%)
ptolemy.util.test.WatchDog.cancel(): canceling Fri Nov 16 02:48:49 UTC 2018
auto.tcl: Setting watchdog for 200 seconds at Fri Nov 16 02:48:49 UTC 2018
3001 ms. Memory: 549376K Free: 524908K (96%)
ptolemy.util.test.WatchDog.cancel(): canceling Fri Nov 16 02:48:52 UTC 2018
------------------ testing $PTII/ptolemy/domains/de/test/auto/ThreadedComposite.xml
auto.tcl: Setting watchdog for 200 seconds at Fri Nov 16 02:48:52 UTC 2018
205 ms. Memory: 550400K Free: 510103K (93%)
ptolemy.util.test.WatchDog.cancel(): canceling Fri Nov 16 02:48:53 UTC 2018
auto.tcl: Setting watchdog for 200 seconds at Fri Nov 16 02:48:53 UTC 2018
115 ms. Memory: 550400K Free: 495285K (90%)
ptolemy.util.test.WatchDog.cancel(): canceling Fri Nov 16 02:48:53 UTC 2018
------------------ testing $PTII/ptolemy/domains/de/test/auto/Time.xml
auto.tcl: Setting watchdog for 200 seconds at Fri Nov 16 02:48:53 UTC 2018
532 ms. Memory: 549376K Free: 477606K (87%)
ptolemy.util.test.WatchDog.cancel(): canceling Fri Nov 16 02:48:53 UTC 2018
auto.tcl: Setting watchdog for 200 seconds at Fri Nov 16 02:48:53 UTC 2018
492 ms. Memory: 549376K Free: 417563K (76%)
ptolemy.util.test.WatchDog.cancel(): canceling Fri Nov 16 02:48:54 UTC 2018
------------------ testing $PTII/ptolemy/domains/de/test/auto/TimeDelayZeroDelay.xml
auto.tcl: Setting watchdog for 200 seconds at Fri Nov 16 02:48:54 UTC 2018
2 ms. Memory: 550400K Free: 534984K (97%)
ptolemy.util.test.WatchDog.cancel(): canceling Fri Nov 16 02:48:54 UTC 2018
auto.tcl: Setting watchdog for 200 seconds at Fri Nov 16 02:48:54 UTC 2018
2 ms. Memory: 550400K Free: 534984K (97%)
ptolemy.util.test.WatchDog.cancel(): canceling Fri Nov 16 02:48:54 UTC 2018
------------------ testing $PTII/ptolemy/domains/de/test/auto/TimerZeroDelay.xml
auto.tcl: Setting watchdog for 200 seconds at Fri Nov 16 02:48:54 UTC 2018
2 ms. Memory: 549376K Free: 534233K (97%)
ptolemy.util.test.WatchDog.cancel(): canceling Fri Nov 16 02:48:54 UTC 2018
auto.tcl: Setting watchdog for 200 seconds at Fri Nov 16 02:48:54 UTC 2018
2 ms. Memory: 549376K Free: 534233K (97%)
ptolemy.util.test.WatchDog.cancel(): canceling Fri Nov 16 02:48:54 UTC 2018
------------------ testing $PTII/ptolemy/domains/de/test/auto/TimingParadox.xml
auto.tcl: Setting watchdog for 200 seconds at Fri Nov 16 02:48:54 UTC 2018
348 ms. Memory: 549888K Free: 468974K (85%)
ptolemy.util.test.WatchDog.cancel(): canceling Fri Nov 16 02:48:54 UTC 2018
auto.tcl: Setting watchdog for 200 seconds at Fri Nov 16 02:48:54 UTC 2018
335 ms. Memory: 549888K Free: 430765K (78%)
ptolemy.util.test.WatchDog.cancel(): canceling Fri Nov 16 02:48:55 UTC 2018
------------------ testing $PTII/ptolemy/domains/de/test/auto/TransferInputs.xml
auto.tcl: Setting watchdog for 200 seconds at Fri Nov 16 02:48:55 UTC 2018
2 ms. Memory: 549888K Free: 533649K (97%)
ptolemy.util.test.WatchDog.cancel(): canceling Fri Nov 16 02:48:55 UTC 2018
auto.tcl: Setting watchdog for 200 seconds at Fri Nov 16 02:48:55 UTC 2018
1 ms. Memory: 549888K Free: 533649K (97%)
ptolemy.util.test.WatchDog.cancel(): canceling Fri Nov 16 02:48:55 UTC 2018
------------------ testing $PTII/ptolemy/domains/de/test/auto/TransferOutputs2.xml
auto.tcl: Setting watchdog for 200 seconds at Fri Nov 16 02:48:55 UTC 2018
3 ms. Memory: 549376K Free: 528765K (96%)
ptolemy.util.test.WatchDog.cancel(): canceling Fri Nov 16 02:48:55 UTC 2018
auto.tcl: Setting watchdog for 200 seconds at Fri Nov 16 02:48:55 UTC 2018
2 ms. Memory: 549376K Free: 528765K (96%)
ptolemy.util.test.WatchDog.cancel(): canceling Fri Nov 16 02:48:55 UTC 2018
------------------ testing $PTII/ptolemy/domains/de/test/auto/Trilateration.xml
auto.tcl: Setting watchdog for 200 seconds at Fri Nov 16 02:48:55 UTC 2018
13574 ms. Memory: 766976K Free: 227932K (30%)
ptolemy.util.test.WatchDog.cancel(): canceling Fri Nov 16 02:49:10 UTC 2018
auto.tcl: Setting watchdog for 200 seconds at Fri Nov 16 02:49:10 UTC 2018
10816 ms. Memory: 646144K Free: 79442K (12%)
ptolemy.util.test.WatchDog.cancel(): canceling Fri Nov 16 02:49:20 UTC 2018
------------------ testing $PTII/ptolemy/domains/de/test/auto/TwoSigmaDelta.xml
auto.tcl: Setting watchdog for 200 seconds at Fri Nov 16 02:49:21 UTC 2018
2895 ms. Memory: 649728K Free: 319454K (49%)
ptolemy.util.test.WatchDog.cancel(): canceling Fri Nov 16 02:49:23 UTC 2018
auto.tcl: Setting watchdog for 200 seconds at Fri Nov 16 02:49:23 UTC 2018
2069 ms. Memory: 649728K Free: 83687K (13%)
ptolemy.util.test.WatchDog.cancel(): canceling Fri Nov 16 02:49:26 UTC 2018
------------------ testing $PTII/ptolemy/domains/de/test/auto/VariableDelay.xml
auto.tcl: Setting watchdog for 200 seconds at Fri Nov 16 02:49:26 UTC 2018
3 ms. Memory: 646656K Free: 626922K (97%)
ptolemy.util.test.WatchDog.cancel(): canceling Fri Nov 16 02:49:26 UTC 2018
auto.tcl: Setting watchdog for 200 seconds at Fri Nov 16 02:49:26 UTC 2018
2 ms. Memory: 646656K Free: 626922K (97%)
ptolemy.util.test.WatchDog.cancel(): canceling Fri Nov 16 02:49:26 UTC 2018
------------------ testing $PTII/ptolemy/domains/de/test/auto/VariableDelay2.xml
auto.tcl: Setting watchdog for 200 seconds at Fri Nov 16 02:49:26 UTC 2018
6 ms. Memory: 646144K Free: 626856K (97%)
ptolemy.util.test.WatchDog.cancel(): canceling Fri Nov 16 02:49:26 UTC 2018
auto.tcl: Setting watchdog for 200 seconds at Fri Nov 16 02:49:26 UTC 2018
2 ms. Memory: 646144K Free: 626856K (97%)
ptolemy.util.test.WatchDog.cancel(): canceling Fri Nov 16 02:49:26 UTC 2018
------------------ testing $PTII/ptolemy/domains/de/test/auto/VariableDelayZeroDelay.xml
auto.tcl: Setting watchdog for 200 seconds at Fri Nov 16 02:49:26 UTC 2018
5 ms. Memory: 646144K Free: 621207K (96%)
ptolemy.util.test.WatchDog.cancel(): canceling Fri Nov 16 02:49:26 UTC 2018
auto.tcl: Setting watchdog for 200 seconds at Fri Nov 16 02:49:26 UTC 2018
2 ms. Memory: 646144K Free: 621207K (96%)
ptolemy.util.test.WatchDog.cancel(): canceling Fri Nov 16 02:49:26 UTC 2018
------------------ testing $PTII/ptolemy/domains/de/test/auto/VariableDelayZeroDelay2.xml
auto.tcl: Setting watchdog for 200 seconds at Fri Nov 16 02:49:26 UTC 2018
4 ms. Memory: 649216K Free: 624278K (96%)
ptolemy.util.test.WatchDog.cancel(): canceling Fri Nov 16 02:49:26 UTC 2018
auto.tcl: Setting watchdog for 200 seconds at Fri Nov 16 02:49:26 UTC 2018
2 ms. Memory: 649216K Free: 624278K (96%)
ptolemy.util.test.WatchDog.cancel(): canceling Fri Nov 16 02:49:26 UTC 2018
------------------ testing $PTII/ptolemy/domains/de/test/auto/deInCt.xml
auto.tcl: Setting watchdog for 200 seconds at Fri Nov 16 02:49:26 UTC 2018
0
1
1
1
0
0
0
1
1
1
1
0
0
0
0
1
1
1
1
0
0
0
0
0
0
0
0
14 ms. Memory: 646144K Free: 621170K (96%)
ptolemy.util.test.WatchDog.cancel(): canceling Fri Nov 16 02:49:26 UTC 2018
auto.tcl: Setting watchdog for 200 seconds at Fri Nov 16 02:49:26 UTC 2018
0
1
1
0
0
0
0
1
1
1
1
1
0
0
0
0
1
1
1
0
0
0
0
0
1
1
1
0
0
0
1
1
1
0
0
0
0
0
5 ms. Memory: 646144K Free: 621170K (96%)
ptolemy.util.test.WatchDog.cancel(): canceling Fri Nov 16 02:49:26 UTC 2018
------------------ testing $PTII/ptolemy/domains/de/test/auto/deInCt2.xml
auto.tcl: Setting watchdog for 200 seconds at Fri Nov 16 02:49:26 UTC 2018
0
1
1
1
0
0
1
1
1
0
0
1
1
1
0
0
1
1
1
0
0
1
1
1
0
0
1
1
1
0
0
1
1
1
0
0
1
1
1
0
0
0
7 ms. Memory: 648704K Free: 623763K (96%)
ptolemy.util.test.WatchDog.cancel(): canceling Fri Nov 16 02:49:26 UTC 2018
auto.tcl: Setting watchdog for 200 seconds at Fri Nov 16 02:49:26 UTC 2018
0
1
1
1
0
0
1
1
1
0
0
1
1
1
0
0
1
1
1
0
0
1
1
1
0
0
1
1
1
0
0
1
1
1
0
0
1
1
1
0
0
0
5 ms. Memory: 648704K Free: 623763K (96%)
ptolemy.util.test.WatchDog.cancel(): canceling Fri Nov 16 02:49:26 UTC 2018
------------------ testing $PTII/ptolemy/domains/de/test/auto/dynamicCausalityInterface1.xml
auto.tcl: Setting watchdog for 200 seconds at Fri Nov 16 02:49:26 UTC 2018
1 ms. Memory: 646144K Free: 612682K (95%)
ptolemy.util.test.WatchDog.cancel(): canceling Fri Nov 16 02:49:26 UTC 2018
auto.tcl: Setting watchdog for 200 seconds at Fri Nov 16 02:49:26 UTC 2018
1 ms. Memory: 646144K Free: 612682K (95%)
ptolemy.util.test.WatchDog.cancel(): canceling Fri Nov 16 02:49:26 UTC 2018
------------------ testing $PTII/ptolemy/domains/de/test/auto/fsm_de_test.xml
auto.tcl: Setting watchdog for 200 seconds at Fri Nov 16 02:49:26 UTC 2018
6 ms. Memory: 648192K Free: 623139K (96%)
ptolemy.util.test.WatchDog.cancel(): canceling Fri Nov 16 02:49:26 UTC 2018
auto.tcl: Setting watchdog for 200 seconds at Fri Nov 16 02:49:26 UTC 2018
5 ms. Memory: 648192K Free: 614615K (95%)
ptolemy.util.test.WatchDog.cancel(): canceling Fri Nov 16 02:49:26 UTC 2018
------------------ testing $PTII/ptolemy/domains/de/test/auto/functionDependencyReconstruction.xml
auto.tcl: Setting watchdog for 200 seconds at Fri Nov 16 02:49:26 UTC 2018
3 ms. Memory: 646144K Free: 612558K (95%)
ptolemy.util.test.WatchDog.cancel(): canceling Fri Nov 16 02:49:26 UTC 2018
auto.tcl: Setting watchdog for 200 seconds at Fri Nov 16 02:49:26 UTC 2018
2 ms. Memory: 646144K Free: 604049K (93%)
ptolemy.util.test.WatchDog.cancel(): canceling Fri Nov 16 02:49:26 UTC 2018
------------------ testing $PTII/ptolemy/domains/de/test/auto/multirate.xml
auto.tcl: Setting watchdog for 200 seconds at Fri Nov 16 02:49:26 UTC 2018
7 ms. Memory: 648192K Free: 623007K (96%)
ptolemy.util.test.WatchDog.cancel(): canceling Fri Nov 16 02:49:26 UTC 2018
auto.tcl: Setting watchdog for 200 seconds at Fri Nov 16 02:49:26 UTC 2018
3 ms. Memory: 648192K Free: 623007K (96%)
ptolemy.util.test.WatchDog.cancel(): canceling Fri Nov 16 02:49:26 UTC 2018
------------------ testing $PTII/ptolemy/domains/de/test/auto/multirate2.xml
auto.tcl: Setting watchdog for 200 seconds at Fri Nov 16 02:49:26 UTC 2018
5 ms. Memory: 646144K Free: 621115K (96%)
ptolemy.util.test.WatchDog.cancel(): canceling Fri Nov 16 02:49:26 UTC 2018
auto.tcl: Setting watchdog for 200 seconds at Fri Nov 16 02:49:26 UTC 2018
3 ms. Memory: 646144K Free: 621115K (96%)
ptolemy.util.test.WatchDog.cancel(): canceling Fri Nov 16 02:49:26 UTC 2018
------------------ testing $PTII/ptolemy/domains/de/test/auto/realtime.xml
auto.tcl: Setting watchdog for 200 seconds at Fri Nov 16 02:49:26 UTC 2018
10002 ms. Memory: 647680K Free: 622649K (96%)
ptolemy.util.test.WatchDog.cancel(): canceling Fri Nov 16 02:49:36 UTC 2018
auto.tcl: Setting watchdog for 200 seconds at Fri Nov 16 02:49:36 UTC 2018
10001 ms. Memory: 647680K Free: 622649K (96%)
ptolemy.util.test.WatchDog.cancel(): canceling Fri Nov 16 02:49:46 UTC 2018
------------------ testing $PTII/ptolemy/domains/de/test/auto/relationGroup.xml
auto.tcl: Setting watchdog for 200 seconds at Fri Nov 16 02:49:47 UTC 2018
1 ms. Memory: 646144K Free: 626819K (97%)
ptolemy.util.test.WatchDog.cancel(): canceling Fri Nov 16 02:49:47 UTC 2018
auto.tcl: Setting watchdog for 200 seconds at Fri Nov 16 02:49:47 UTC 2018
2 ms. Memory: 646144K Free: 626819K (97%)
ptolemy.util.test.WatchDog.cancel(): canceling Fri Nov 16 02:49:47 UTC 2018
------------------ testing $PTII/ptolemy/domains/de/test/auto/relationGroup2.xml
auto.tcl: Setting watchdog for 200 seconds at Fri Nov 16 02:49:47 UTC 2018
1 ms. Memory: 647680K Free: 622734K (96%)
ptolemy.util.test.WatchDog.cancel(): canceling Fri Nov 16 02:49:47 UTC 2018
auto.tcl: Setting watchdog for 200 seconds at Fri Nov 16 02:49:47 UTC 2018
1 ms. Memory: 647680K Free: 622734K (96%)
ptolemy.util.test.WatchDog.cancel(): canceling Fri Nov 16 02:49:47 UTC 2018
------------------ testing $PTII/ptolemy/domains/de/test/auto/sortWithOpaquePorts.xml
auto.tcl: Setting watchdog for 200 seconds at Fri Nov 16 02:49:47 UTC 2018
1 ms. Memory: 646144K Free: 621200K (96%)
ptolemy.util.test.WatchDog.cancel(): canceling Fri Nov 16 02:49:47 UTC 2018
auto.tcl: Setting watchdog for 200 seconds at Fri Nov 16 02:49:47 UTC 2018
2 ms. Memory: 646144K Free: 621200K (96%)
ptolemy.util.test.WatchDog.cancel(): canceling Fri Nov 16 02:49:47 UTC 2018
------------------ testing $PTII/ptolemy/domains/de/test/auto/transferInputsandOutputs.xml
auto.tcl: Setting watchdog for 200 seconds at Fri Nov 16 02:49:47 UTC 2018
2 ms. Memory: 647168K Free: 622211K (96%)
ptolemy.util.test.WatchDog.cancel(): canceling Fri Nov 16 02:49:47 UTC 2018
auto.tcl: Setting watchdog for 200 seconds at Fri Nov 16 02:49:47 UTC 2018
4 ms. Memory: 647168K Free: 622211K (96%)
ptolemy.util.test.WatchDog.cancel(): canceling Fri Nov 16 02:49:47 UTC 2018
------------------ testing $PTII/ptolemy/domains/de/test/auto/triggerType.xml
auto.tcl: Setting watchdog for 200 seconds at Fri Nov 16 02:49:47 UTC 2018
1 ms. Memory: 646144K Free: 621137K (96%)
ptolemy.util.test.WatchDog.cancel(): canceling Fri Nov 16 02:49:47 UTC 2018
auto.tcl: Setting watchdog for 200 seconds at Fri Nov 16 02:49:47 UTC 2018
1 ms. Memory: 646144K Free: 621137K (96%)
ptolemy.util.test.WatchDog.cancel(): canceling Fri Nov 16 02:49:47 UTC 2018
11/16/18 02:49:47
Failed: 0  Total Tests: 192  ((Passed: 187, Newly Passed: 1)  Known Failed: 5) /home/travis/build/icyphy/ptII/ptolemy/domains/de/test
11/16/18 02:49:47
Failed: 0  Total Tests: 192  ((Passed: 187, Newly Passed: 1)  Known Failed: 5) /home/travis/build/icyphy/ptII/ptolemy/domains/de/test
----------------- testing (KnownFailure) /home/travis/build/icyphy/ptII/ptolemy/domains/de/test/auto/knownFailedTests/DESDFClockTest.xml
2009 ms. Memory: 647168K Free: 610888K (94%)
Known Failure: java.lang.reflect.InvocationTargetException
----------------- testing (KnownFailure) /home/travis/build/icyphy/ptII/ptolemy/domains/de/test/auto/knownFailedTests/DirectFeedback.xml
5 ms. Memory: 647168K Free: 565709K (87%)
Known Failure: java.lang.reflect.InvocationTargetException
----------------- testing (KnownFailure) /home/travis/build/icyphy/ptII/ptolemy/domains/de/test/auto/knownFailedTests/FSMSource.xml
5 ms. Memory: 647168K Free: 520529K (80%)
----------------- testing (KnownFailure) /home/travis/build/icyphy/ptII/ptolemy/domains/de/test/auto/knownFailedTests/HierarchicalModel.xml
2 ms. Memory: 647168K Free: 486645K (75%)
Known Failure: java.lang.reflect.InvocationTargetException
----------------- testing (KnownFailure) /home/travis/build/icyphy/ptII/ptolemy/domains/de/test/auto/knownFailedTests/dependencyLoop.xml
1 ms. Memory: 647168K Free: 430163K (66%)
Known Failure: java.lang.reflect.InvocationTargetException
----------------- testing (KnownFailure) /home/travis/build/icyphy/ptII/ptolemy/domains/de/test/auto/knownFailedTests/dependencyLoop2.xml
2 ms. Memory: 647168K Free: 373673K (58%)
Known Failure: java.lang.reflect.InvocationTargetException
No auto/linux-amd64/*.xml tests in /home/travis/build/icyphy/ptII/ptolemy/domains/de/test
AutoTests.java: About to close Vertx.
AutoTests.java: Vertx closed.

===========================================================================================
----------------- testing Fri Nov 16 02:49:49 UTC 2018 /home/travis/build/icyphy/ptII/ptolemy/domains/de/test/auto/ActorDepthCalculation_actorWithoutPorts.xml
----------------- Instantiating /home/travis/build/icyphy/ptII/ptolemy/domains/de/test/auto/ActorDepthCalculation_actorWithoutPorts.xml
3 ms. Memory: 647168K Free: 317199K (49%)
----------------- Invoking toplevel() on ptolemy.moml.MoMLSimpleApplication@2ab12d59
----------------- Done invoking toplevel() on ptolemy.moml.MoMLSimpleApplication@2ab12d59
reloadAllAccessors: .ActorDepthCalculation_actorWithoutPorts

===========================================================================================
----------------- testing Fri Nov 16 02:49:49 UTC 2018 /home/travis/build/icyphy/ptII/ptolemy/domains/de/test/auto/AssemblyLine.xml
----------------- Instantiating /home/travis/build/icyphy/ptII/ptolemy/domains/de/test/auto/AssemblyLine.xml
4 ms. Memory: 647168K Free: 294610K (46%)
----------------- Invoking toplevel() on ptolemy.moml.MoMLSimpleApplication@41f7040c
----------------- Done invoking toplevel() on ptolemy.moml.MoMLSimpleApplication@41f7040c
reloadAllAccessors: .AssemblyLine

===========================================================================================
----------------- testing Fri Nov 16 02:49:49 UTC 2018 /home/travis/build/icyphy/ptII/ptolemy/domains/de/test/auto/CQBug1.xml
----------------- Instantiating /home/travis/build/icyphy/ptII/ptolemy/domains/de/test/auto/CQBug1.xml
1 ms. Memory: 647168K Free: 272020K (42%)
----------------- Invoking toplevel() on ptolemy.moml.MoMLSimpleApplication@3b403f0e
----------------- Done invoking toplevel() on ptolemy.moml.MoMLSimpleApplication@3b403f0e
reloadAllAccessors: .CQBug1

===========================================================================================
----------------- testing Fri Nov 16 02:49:49 UTC 2018 /home/travis/build/icyphy/ptII/ptolemy/domains/de/test/auto/CancelFireAt.xml
----------------- Instantiating /home/travis/build/icyphy/ptII/ptolemy/domains/de/test/auto/CancelFireAt.xml
4 ms. Memory: 647168K Free: 249431K (39%)
----------------- Invoking toplevel() on ptolemy.moml.MoMLSimpleApplication@fd949cf
----------------- Done invoking toplevel() on ptolemy.moml.MoMLSimpleApplication@fd949cf
reloadAllAccessors: .CancelFireAt

===========================================================================================
----------------- testing Fri Nov 16 02:49:49 UTC 2018 /home/travis/build/icyphy/ptII/ptolemy/domains/de/test/auto/CausalityAndComposabilityAnalysis.xml
----------------- Instantiating /home/travis/build/icyphy/ptII/ptolemy/domains/de/test/auto/CausalityAndComposabilityAnalysis.xml
2 ms. Memory: 647168K Free: 226841K (35%)
----------------- Invoking toplevel() on ptolemy.moml.MoMLSimpleApplication@479ce5d5
----------------- Done invoking toplevel() on ptolemy.moml.MoMLSimpleApplication@479ce5d5
reloadAllAccessors: .CausalityAndComposabilityAnalysis

===========================================================================================
----------------- testing Fri Nov 16 02:49:49 UTC 2018 /home/travis/build/icyphy/ptII/ptolemy/domains/de/test/auto/CausalityInterface1.xml
----------------- Instantiating /home/travis/build/icyphy/ptII/ptolemy/domains/de/test/auto/CausalityInterface1.xml
5 ms. Memory: 647168K Free: 204252K (32%)
----------------- Invoking toplevel() on ptolemy.moml.MoMLSimpleApplication@3ee4f0fe
----------------- Done invoking toplevel() on ptolemy.moml.MoMLSimpleApplication@3ee4f0fe
reloadAllAccessors: .CausalityInterface1

===========================================================================================
----------------- testing Fri Nov 16 02:49:49 UTC 2018 /home/travis/build/icyphy/ptII/ptolemy/domains/de/test/auto/CausalityInterface15.xml
----------------- Instantiating /home/travis/build/icyphy/ptII/ptolemy/domains/de/test/auto/CausalityInterface15.xml
1 ms. Memory: 647168K Free: 181662K (28%)
----------------- Invoking toplevel() on ptolemy.moml.MoMLSimpleApplication@5a66c95
----------------- Done invoking toplevel() on ptolemy.moml.MoMLSimpleApplication@5a66c95
reloadAllAccessors: .CausalityInterface15

[...]
java.lang.RuntimeException: Execution failed
	at ptolemy.moml.MoMLSimpleApplication$UnloadThread.run(MoMLSimpleApplication.java:402)
Caused by: ptolemy.kernel.util.IllegalActionException: Test fails in iteration 1.
Value was: 1.0. Should have been: 2.0
  in .DirectFeedback.Test
	at ptolemy.actor.lib.Test.fire(Test.java:268)
	at ptolemy.domains.de.kernel.DEDirector._fire(DEDirector.java:1949)
	at ptolemy.domains.de.kernel.DEDirector.fire(DEDirector.java:502)
	at ptolemy.actor.CompositeActor.fire(CompositeActor.java:455)
	at ptolemy.actor.Manager.iterate(Manager.java:851)
	at ptolemy.actor.Manager.execute(Manager.java:369)
	at ptolemy.actor.Manager.run(Manager.java:1263)
	at ptolemy.actor.Manager$PtolemyRunThread.run(Manager.java:1915)
java.lang.RuntimeException: Execution failed
	at ptolemy.moml.MoMLSimpleApplication$UnloadThread.run(MoMLSimpleApplication.java:402)
Caused by: ptolemy.kernel.util.IllegalActionException: Actor is not ready to fire.  Perhaps UpSample.prefire() returned false? Try debugging the actor by selecting "Listen to Actor".  Also, for SDF check moml for tokenConsumptionRate on input.
  in .DESDFClockTest.Play Bell.Copy1:SDF Director and .DESDFClockTest.Play Bell.UpSample
	at ptolemy.actor.sched.StaticSchedulingDirector.fire(StaticSchedulingDirector.java:227)
	at ptolemy.domains.sdf.kernel.SDFDirector.fire(SDFDirector.java:500)
	at ptolemy.actor.CompositeActor.fire(CompositeActor.java:455)
	at ptolemy.domains.de.kernel.DEDirector._fire(DEDirector.java:1949)
	at ptolemy.domains.de.kernel.DEDirector.fire(DEDirector.java:502)
	at ptolemy.actor.CompositeActor.fire(CompositeActor.java:455)
	at ptolemy.actor.Manager.iterate(Manager.java:851)
	at ptolemy.actor.Manager.execute(Manager.java:369)
	at ptolemy.actor.Manager.run(Manager.java:1263)
	at ptolemy.actor.Manager$PtolemyRunThread.run(Manager.java:1915)
java.lang.reflect.InvocationTargetException
	at sun.reflect.NativeConstructorAccessorImpl.newInstance0(Native Method)
	at sun.reflect.NativeConstructorAccessorImpl.newInstance(NativeConstructorAccessorImpl.java:62)
	at sun.reflect.DelegatingConstructorAccessorImpl.newInstance(DelegatingConstructorAccessorImpl.java:45)
	at java.lang.reflect.Constructor.newInstance(Constructor.java:423)
	at ptolemy.util.test.junit.AutoKnownFailedTests.RunModel(AutoKnownFailedTests.java:105)
	at sun.reflect.NativeMethodAccessorImpl.invoke0(Native Method)
	at sun.reflect.NativeMethodAccessorImpl.invoke(NativeMethodAccessorImpl.java:62)
	at sun.reflect.DelegatingMethodAccessorImpl.invoke(DelegatingMethodAccessorImpl.java:43)
	at java.lang.reflect.Method.invoke(Method.java:498)
	at org.junit.runners.model.FrameworkMethod$1.runReflectiveCall(FrameworkMethod.java:44)
	at org.junit.internal.runners.model.ReflectiveCallable.run(ReflectiveCallable.java:15)
	at org.junit.runners.model.FrameworkMethod.invokeExplosively(FrameworkMethod.java:41)
	at junitparams.internal.InvokeParameterisedMethod.evaluate(InvokeParameterisedMethod.java:102)
	at org.junit.internal.runners.statements.FailOnTimeout$1.run(FailOnTimeout.java:28)
Caused by: ptolemy.kernel.util.IllegalActionException: Actor is not ready to fire.  Perhaps UpSample.prefire() returned false? Try debugging the actor by selecting "Listen to Actor".  Also, for SDF check moml for tokenConsumptionRate on input.
  in .DESDFClockTest.Play Bell.Copy1:SDF Director and .DESDFClockTest.Play Bell.UpSample
	at ptolemy.actor.sched.StaticSchedulingDirector.fire(StaticSchedulingDirector.java:227)
	at ptolemy.domains.sdf.kernel.SDFDirector.fire(SDFDirector.java:500)
	at ptolemy.actor.CompositeActor.fire(CompositeActor.java:455)
	at ptolemy.domains.de.kernel.DEDirector._fire(DEDirector.java:1949)
	at ptolemy.domains.de.kernel.DEDirector.fire(DEDirector.java:502)
	at ptolemy.actor.CompositeActor.fire(CompositeActor.java:455)
	at ptolemy.actor.Manager.iterate(Manager.java:851)
	at ptolemy.actor.Manager.execute(Manager.java:369)
	at ptolemy.actor.Manager.run(Manager.java:1263)
	at ptolemy.actor.Manager$PtolemyRunThread.run(Manager.java:1915)
java.lang.RuntimeException: Execution failed
	at ptolemy.moml.MoMLSimpleApplication$UnloadThread.run(MoMLSimpleApplication.java:402)
Caused by: ptolemy.kernel.util.IllegalActionException: Test fails in iteration 1.
Value was: 1.0. Should have been: 2.0
  in .DirectFeedback.Test
	at ptolemy.actor.lib.Test.fire(Test.java:268)
	at ptolemy.domains.de.kernel.DEDirector._fire(DEDirector.java:1949)
	at ptolemy.domains.de.kernel.DEDirector.fire(DEDirector.java:502)
	at ptolemy.actor.CompositeActor.fire(CompositeActor.java:455)
	at ptolemy.actor.Manager.iterate(Manager.java:851)
	at ptolemy.actor.Manager.execute(Manager.java:369)
	at ptolemy.actor.Manager.run(Manager.java:1263)
	at ptolemy.actor.Manager$PtolemyRunThread.run(Manager.java:1915)
java.lang.reflect.InvocationTargetException
	at sun.reflect.NativeConstructorAccessorImpl.newInstance0(Native Method)
	at sun.reflect.NativeConstructorAccessorImpl.newInstance(NativeConstructorAccessorImpl.java:62)
	at sun.reflect.DelegatingConstructorAccessorImpl.newInstance(DelegatingConstructorAccessorImpl.java:45)
	at java.lang.reflect.Constructor.newInstance(Constructor.java:423)
	at ptolemy.util.test.junit.AutoKnownFailedTests.RunModel(AutoKnownFailedTests.java:105)
	at sun.reflect.NativeMethodAccessorImpl.invoke0(Native Method)
	at sun.reflect.NativeMethodAccessorImpl.invoke(NativeMethodAccessorImpl.java:62)
	at sun.reflect.DelegatingMethodAccessorImpl.invoke(DelegatingMethodAccessorImpl.java:43)
	at java.lang.reflect.Method.invoke(Method.java:498)
	at org.junit.runners.model.FrameworkMethod$1.runReflectiveCall(FrameworkMethod.java:44)
	at org.junit.internal.runners.model.ReflectiveCallable.run(ReflectiveCallable.java:15)
	at org.junit.runners.model.FrameworkMethod.invokeExplosively(FrameworkMethod.java:41)
	at junitparams.internal.InvokeParameterisedMethod.evaluate(InvokeParameterisedMethod.java:102)
	at org.junit.internal.runners.statements.FailOnTimeout$1.run(FailOnTimeout.java:28)
Caused by: ptolemy.kernel.util.IllegalActionException: Test fails in iteration 1.
Value was: 1.0. Should have been: 2.0
  in .DirectFeedback.Test
	at ptolemy.actor.lib.Test.fire(Test.java:268)
	at ptolemy.domains.de.kernel.DEDirector._fire(DEDirector.java:1949)
	at ptolemy.domains.de.kernel.DEDirector.fire(DEDirector.java:502)
	at ptolemy.actor.CompositeActor.fire(CompositeActor.java:455)
	at ptolemy.actor.Manager.iterate(Manager.java:851)
	at ptolemy.actor.Manager.execute(Manager.java:369)
	at ptolemy.actor.Manager.run(Manager.java:1263)
	at ptolemy.actor.Manager$PtolemyRunThread.run(Manager.java:1915)
java.lang.RuntimeException: Execution failed
	at ptolemy.moml.MoMLSimpleApplication$UnloadThread.run(MoMLSimpleApplication.java:402)
Caused by: ptolemy.kernel.util.IllegalActionException: Found a zero delay loop containing .HierarchicalModel.A
  in .HierarchicalModel and .HierarchicalModel.A
	at ptolemy.actor.util.CausalityInterfaceForComposites._computeOutputPortDepth(CausalityInterfaceForComposites.java:759)
	at ptolemy.actor.util.CausalityInterfaceForComposites._computeInputDepth(CausalityInterfaceForComposites.java:696)
	at ptolemy.actor.util.CausalityInterfaceForComposites._computeOutputPortDepth(CausalityInterfaceForComposites.java:765)
	at ptolemy.actor.util.CausalityInterfaceForComposites._computeInputDepth(CausalityInterfaceForComposites.java:696)
	at ptolemy.actor.util.CausalityInterfaceForComposites._computeOutputPortDepth(CausalityInterfaceForComposites.java:765)
	at ptolemy.actor.util.CausalityInterfaceForComposites._computeInputDepth(CausalityInterfaceForComposites.java:696)
	at ptolemy.actor.util.CausalityInterfaceForComposites._computeActorDepth(CausalityInterfaceForComposites.java:532)
	at ptolemy.actor.util.CausalityInterfaceForComposites.checkForCycles(CausalityInterfaceForComposites.java:96)
	at ptolemy.domains.de.kernel.DEDirector.preinitialize(DEDirector.java:1338)
	at ptolemy.actor.CompositeActor.preinitialize(CompositeActor.java:1828)
	at ptolemy.actor.Manager.preinitializeAndResolveTypes(Manager.java:1040)
	at ptolemy.actor.Manager.initialize(Manager.java:710)
	at ptolemy.actor.Manager.execute(Manager.java:356)
	at ptolemy.actor.Manager.run(Manager.java:1263)
	at ptolemy.actor.Manager$PtolemyRunThread.run(Manager.java:1915)
java.lang.reflect.InvocationTargetException
	at sun.reflect.NativeConstructorAccessorImpl.newInstance0(Native Method)
	at sun.reflect.NativeConstructorAccessorImpl.newInstance(NativeConstructorAccessorImpl.java:62)
	at sun.reflect.DelegatingConstructorAccessorImpl.newInstance(DelegatingConstructorAccessorImpl.java:45)
	at java.lang.reflect.Constructor.newInstance(Constructor.java:423)
	at ptolemy.util.test.junit.AutoKnownFailedTests.RunModel(AutoKnownFailedTests.java:105)
	at sun.reflect.NativeMethodAccessorImpl.invoke0(Native Method)
	at sun.reflect.NativeMethodAccessorImpl.invoke(NativeMethodAccessorImpl.java:62)
	at sun.reflect.DelegatingMethodAccessorImpl.invoke(DelegatingMethodAccessorImpl.java:43)
	at java.lang.reflect.Method.invoke(Method.java:498)
	at org.junit.runners.model.FrameworkMethod$1.runReflectiveCall(FrameworkMethod.java:44)
	at org.junit.internal.runners.model.ReflectiveCallable.run(ReflectiveCallable.java:15)
	at org.junit.runners.model.FrameworkMethod.invokeExplosively(FrameworkMethod.java:41)
	at junitparams.internal.InvokeParameterisedMethod.evaluate(InvokeParameterisedMethod.java:102)
	at org.junit.internal.runners.statements.FailOnTimeout$1.run(FailOnTimeout.java:28)
Caused by: ptolemy.kernel.util.IllegalActionException: Found a zero delay loop containing .HierarchicalModel.A
  in .HierarchicalModel and .HierarchicalModel.A
	at ptolemy.actor.util.CausalityInterfaceForComposites._computeOutputPortDepth(CausalityInterfaceForComposites.java:759)
	at ptolemy.actor.util.CausalityInterfaceForComposites._computeInputDepth(CausalityInterfaceForComposites.java:696)
	at ptolemy.actor.util.CausalityInterfaceForComposites._computeOutputPortDepth(CausalityInterfaceForComposites.java:765)
	at ptolemy.actor.util.CausalityInterfaceForComposites._computeInputDepth(CausalityInterfaceForComposites.java:696)
	at ptolemy.actor.util.CausalityInterfaceForComposites._computeOutputPortDepth(CausalityInterfaceForComposites.java:765)
	at ptolemy.actor.util.CausalityInterfaceForComposites._computeInputDepth(CausalityInterfaceForComposites.java:696)
	at ptolemy.actor.util.CausalityInterfaceForComposites._computeActorDepth(CausalityInterfaceForComposites.java:532)
	at ptolemy.actor.util.CausalityInterfaceForComposites.checkForCycles(CausalityInterfaceForComposites.java:96)
	at ptolemy.domains.de.kernel.DEDirector.preinitialize(DEDirector.java:1338)
	at ptolemy.actor.CompositeActor.preinitialize(CompositeActor.java:1828)
	at ptolemy.actor.Manager.preinitializeAndResolveTypes(Manager.java:1040)
	at ptolemy.actor.Manager.initialize(Manager.java:710)
	at ptolemy.actor.Manager.execute(Manager.java:356)
	at ptolemy.actor.Manager.run(Manager.java:1263)
	at ptolemy.actor.Manager$PtolemyRunThread.run(Manager.java:1915)
java.lang.RuntimeException: Execution failed
	at ptolemy.moml.MoMLSimpleApplication$UnloadThread.run(MoMLSimpleApplication.java:402)
Caused by: ptolemy.kernel.util.IllegalActionException: Found a zero delay loop containing .dependencyLoop.original
  in .dependencyLoop and .dependencyLoop.original
	at ptolemy.actor.util.CausalityInterfaceForComposites._computeOutputPortDepth(CausalityInterfaceForComposites.java:759)
	at ptolemy.actor.util.CausalityInterfaceForComposites._computeInputDepth(CausalityInterfaceForComposites.java:696)
	at ptolemy.actor.util.CausalityInterfaceForComposites._computeOutputPortDepth(CausalityInterfaceForComposites.java:765)
	at ptolemy.actor.util.CausalityInterfaceForComposites._computeInputDepth(CausalityInterfaceForComposites.java:696)
	at ptolemy.actor.util.CausalityInterfaceForComposites._computeOutputPortDepth(CausalityInterfaceForComposites.java:765)
	at ptolemy.actor.util.CausalityInterfaceForComposites._computeInputDepth(CausalityInterfaceForComposites.java:696)
	at ptolemy.actor.util.CausalityInterfaceForComposites._computeActorDepth(CausalityInterfaceForComposites.java:532)
	at ptolemy.actor.util.CausalityInterfaceForComposites.checkForCycles(CausalityInterfaceForComposites.java:96)
	at ptolemy.domains.de.kernel.DEDirector.preinitialize(DEDirector.java:1338)
	at ptolemy.actor.CompositeActor.preinitialize(CompositeActor.java:1828)
	at ptolemy.actor.Manager.preinitializeAndResolveTypes(Manager.java:1040)
	at ptolemy.actor.Manager.initialize(Manager.java:710)
	at ptolemy.actor.Manager.execute(Manager.java:356)
	at ptolemy.actor.Manager.run(Manager.java:1263)
	at ptolemy.actor.Manager$PtolemyRunThread.run(Manager.java:1915)
java.lang.reflect.InvocationTargetException
	at sun.reflect.NativeConstructorAccessorImpl.newInstance0(Native Method)
	at sun.reflect.NativeConstructorAccessorImpl.newInstance(NativeConstructorAccessorImpl.java:62)
	at sun.reflect.DelegatingConstructorAccessorImpl.newInstance(DelegatingConstructorAccessorImpl.java:45)
	at java.lang.reflect.Constructor.newInstance(Constructor.java:423)
	at ptolemy.util.test.junit.AutoKnownFailedTests.RunModel(AutoKnownFailedTests.java:105)
	at sun.reflect.NativeMethodAccessorImpl.invoke0(Native Method)
	at sun.reflect.NativeMethodAccessorImpl.invoke(NativeMethodAccessorImpl.java:62)
	at sun.reflect.DelegatingMethodAccessorImpl.invoke(DelegatingMethodAccessorImpl.java:43)
	at java.lang.reflect.Method.invoke(Method.java:498)
	at org.junit.runners.model.FrameworkMethod$1.runReflectiveCall(FrameworkMethod.java:44)
	at org.junit.internal.runners.model.ReflectiveCallable.run(ReflectiveCallable.java:15)
	at org.junit.runners.model.FrameworkMethod.invokeExplosively(FrameworkMethod.java:41)
	at junitparams.internal.InvokeParameterisedMethod.evaluate(InvokeParameterisedMethod.java:102)
	at org.junit.internal.runners.statements.FailOnTimeout$1.run(FailOnTimeout.java:28)
Caused by: ptolemy.kernel.util.IllegalActionException: Found a zero delay loop containing .dependencyLoop.original
  in .dependencyLoop and .dependencyLoop.original
	at ptolemy.actor.util.CausalityInterfaceForComposites._computeOutputPortDepth(CausalityInterfaceForComposites.java:759)
	at ptolemy.actor.util.CausalityInterfaceForComposites._computeInputDepth(CausalityInterfaceForComposites.java:696)
	at ptolemy.actor.util.CausalityInterfaceForComposites._computeOutputPortDepth(CausalityInterfaceForComposites.java:765)
	at ptolemy.actor.util.CausalityInterfaceForComposites._computeInputDepth(CausalityInterfaceForComposites.java:696)
	at ptolemy.actor.util.CausalityInterfaceForComposites._computeOutputPortDepth(CausalityInterfaceForComposites.java:765)
	at ptolemy.actor.util.CausalityInterfaceForComposites._computeInputDepth(CausalityInterfaceForComposites.java:696)
	at ptolemy.actor.util.CausalityInterfaceForComposites._computeActorDepth(CausalityInterfaceForComposites.java:532)
	at ptolemy.actor.util.CausalityInterfaceForComposites.checkForCycles(CausalityInterfaceForComposites.java:96)
	at ptolemy.domains.de.kernel.DEDirector.preinitialize(DEDirector.java:1338)
	at ptolemy.actor.CompositeActor.preinitialize(CompositeActor.java:1828)
	at ptolemy.actor.Manager.preinitializeAndResolveTypes(Manager.java:1040)
	at ptolemy.actor.Manager.initialize(Manager.java:710)
	at ptolemy.actor.Manager.execute(Manager.java:356)
	at ptolemy.actor.Manager.run(Manager.java:1263)
	at ptolemy.actor.Manager$PtolemyRunThread.run(Manager.java:1915)
java.lang.RuntimeException: Execution failed
	at ptolemy.moml.MoMLSimpleApplication$UnloadThread.run(MoMLSimpleApplication.java:402)
Caused by: ptolemy.kernel.util.IllegalActionException: Found a zero delay loop containing .dependencyLoop2.original
  in .dependencyLoop2 and .dependencyLoop2.original
	at ptolemy.actor.util.CausalityInterfaceForComposites._computeOutputPortDepth(CausalityInterfaceForComposites.java:759)
	at ptolemy.actor.util.CausalityInterfaceForComposites._computeInputDepth(CausalityInterfaceForComposites.java:696)
	at ptolemy.actor.util.CausalityInterfaceForComposites._computeOutputPortDepth(CausalityInterfaceForComposites.java:765)
	at ptolemy.actor.util.CausalityInterfaceForComposites._computeInputDepth(CausalityInterfaceForComposites.java:696)
	at ptolemy.actor.util.CausalityInterfaceForComposites._computeOutputPortDepth(CausalityInterfaceForComposites.java:765)
	at ptolemy.actor.util.CausalityInterfaceForComposites._computeInputDepth(CausalityInterfaceForComposites.java:696)
	at ptolemy.actor.util.CausalityInterfaceForComposites._computeActorDepth(CausalityInterfaceForComposites.java:532)
	at ptolemy.actor.util.CausalityInterfaceForComposites.checkForCycles(CausalityInterfaceForComposites.java:96)
	at ptolemy.domains.de.kernel.DEDirector.preinitialize(DEDirector.java:1338)
	at ptolemy.actor.CompositeActor.preinitialize(CompositeActor.java:1828)
	at ptolemy.actor.Manager.preinitializeAndResolveTypes(Manager.java:1040)
	at ptolemy.actor.Manager.initialize(Manager.java:710)
	at ptolemy.actor.Manager.execute(Manager.java:356)
	at ptolemy.actor.Manager.run(Manager.java:1263)
	at ptolemy.actor.Manager$PtolemyRunThread.run(Manager.java:1915)
java.lang.reflect.InvocationTargetException
	at sun.reflect.NativeConstructorAccessorImpl.newInstance0(Native Method)
	at sun.reflect.NativeConstructorAccessorImpl.newInstance(NativeConstructorAccessorImpl.java:62)
	at sun.reflect.DelegatingConstructorAccessorImpl.newInstance(DelegatingConstructorAccessorImpl.java:45)
	at java.lang.reflect.Constructor.newInstance(Constructor.java:423)
	at ptolemy.util.test.junit.AutoKnownFailedTests.RunModel(AutoKnownFailedTests.java:105)
	at sun.reflect.NativeMethodAccessorImpl.invoke0(Native Method)
	at sun.reflect.NativeMethodAccessorImpl.invoke(NativeMethodAccessorImpl.java:62)
	at sun.reflect.DelegatingMethodAccessorImpl.invoke(DelegatingMethodAccessorImpl.java:43)
	at java.lang.reflect.Method.invoke(Method.java:498)
	at org.junit.runners.model.FrameworkMethod$1.runReflectiveCall(FrameworkMethod.java:44)
	at org.junit.internal.runners.model.ReflectiveCallable.run(ReflectiveCallable.java:15)
	at org.junit.runners.model.FrameworkMethod.invokeExplosively(FrameworkMethod.java:41)
	at junitparams.internal.InvokeParameterisedMethod.evaluate(InvokeParameterisedMethod.java:102)
	at org.junit.internal.runners.statements.FailOnTimeout$1.run(FailOnTimeout.java:28)
Caused by: ptolemy.kernel.util.IllegalActionException: Found a zero delay loop containing .dependencyLoop2.original
  in .dependencyLoop2 and .dependencyLoop2.original
	at ptolemy.actor.util.CausalityInterfaceForComposites._computeOutputPortDepth(CausalityInterfaceForComposites.java:759)
	at ptolemy.actor.util.CausalityInterfaceForComposites._computeInputDepth(CausalityInterfaceForComposites.java:696)
	at ptolemy.actor.util.CausalityInterfaceForComposites._computeOutputPortDepth(CausalityInterfaceForComposites.java:765)
	at ptolemy.actor.util.CausalityInterfaceForComposites._computeInputDepth(CausalityInterfaceForComposites.java:696)
	at ptolemy.actor.util.CausalityInterfaceForComposites._computeOutputPortDepth(CausalityInterfaceForComposites.java:765)
	at ptolemy.actor.util.CausalityInterfaceForComposites._computeInputDepth(CausalityInterfaceForComposites.java:696)
	at ptolemy.actor.util.CausalityInterfaceForComposites._computeActorDepth(CausalityInterfaceForComposites.java:532)
	at ptolemy.actor.util.CausalityInterfaceForComposites.checkForCycles(CausalityInterfaceForComposites.java:96)
	at ptolemy.domains.de.kernel.DEDirector.preinitialize(DEDirector.java:1338)
	at ptolemy.actor.CompositeActor.preinitialize(CompositeActor.java:1828)
	at ptolemy.actor.Manager.preinitializeAndResolveTypes(Manager.java:1040)
	at ptolemy.actor.Manager.initialize(Manager.java:710)
	at ptolemy.actor.Manager.execute(Manager.java:356)
	at ptolemy.actor.Manager.run(Manager.java:1263)
	at ptolemy.actor.Manager$PtolemyRunThread.run(Manager.java:1915)
]]></system-err>
</testsuite>
