<?xml version="1.0" encoding="UTF-8" ?>
<testsuite errors="0" failures="0" hostname="travis-job-1ea5594b-ebc0-4ce4-8e7a-e4ee84233c68" name="ptolemy.domains.de.test.junit.JUnitTclTest" skipped="0" tests="101" time="136.008" timestamp="2019-08-07T05:16:40">
  <properties>
[...]
</properties>
  <testcase classname="ptolemy.util.test.junit.TclTests" name="[0] /home/travis/build/icyphy/ptII/ptolemy/domains/de/test/DependencyLoop.tcl (RunTclFile)" time="1.128" />
  <testcase classname="ptolemy.util.test.junit.TclTests" name="[1] /home/travis/build/icyphy/ptII/ptolemy/domains/de/test/RunDETestsAsQSS.tcl (RunTclFile)" time="92.519" />
  <testcase classname="ptolemy.util.test.junit.AutoKnownFailedTests" name="[0] /home/travis/build/icyphy/ptII/ptolemy/domains/de/test/auto/knownFailedTests/DESDFClockTest.xml (RunModel)" time="2.032" />
  <testcase classname="ptolemy.util.test.junit.AutoKnownFailedTests" name="[1] /home/travis/build/icyphy/ptII/ptolemy/domains/de/test/auto/knownFailedTests/DirectFeedback.xml (RunModel)" time="0.018" />
  <testcase classname="ptolemy.util.test.junit.AutoKnownFailedTests" name="[2] /home/travis/build/icyphy/ptII/ptolemy/domains/de/test/auto/knownFailedTests/FSMSource.xml (RunModel)" time="0.039" />
  <testcase classname="ptolemy.util.test.junit.AutoKnownFailedTests" name="[3] /home/travis/build/icyphy/ptII/ptolemy/domains/de/test/auto/knownFailedTests/HierarchicalModel.xml (RunModel)" time="0.05" />
  <testcase classname="ptolemy.util.test.junit.AutoKnownFailedTests" name="[4] /home/travis/build/icyphy/ptII/ptolemy/domains/de/test/auto/knownFailedTests/dependencyLoop.xml (RunModel)" time="0.044" />
  <testcase classname="ptolemy.util.test.junit.AutoKnownFailedTests" name="[5] /home/travis/build/icyphy/ptII/ptolemy/domains/de/test/auto/knownFailedTests/dependencyLoop2.xml (RunModel)" time="0.045" />
  <testcase classname="ptolemy.util.test.junit.AutoNameArchTests" name="[0] ThereAreNoAutoArchTests (RunModel)" time="0.004" />
  <testcase classname="ptolemy.util.test.junit.AutoTests" name="[0] /home/travis/build/icyphy/ptII/ptolemy/domains/de/test/auto/ActorDepthCalculation_actorWithoutPorts.xml (RunModel)" time="0.031" />
  <testcase classname="ptolemy.util.test.junit.AutoTests" name="[1] /home/travis/build/icyphy/ptII/ptolemy/domains/de/test/auto/AssemblyLine.xml (RunModel)" time="0.028" />
  <testcase classname="ptolemy.util.test.junit.AutoTests" name="[2] /home/travis/build/icyphy/ptII/ptolemy/domains/de/test/auto/CQBug1.xml (RunModel)" time="0.032" />
  <testcase classname="ptolemy.util.test.junit.AutoTests" name="[3] /home/travis/build/icyphy/ptII/ptolemy/domains/de/test/auto/CancelFireAt.xml (RunModel)" time="0.017" />
  <testcase classname="ptolemy.util.test.junit.AutoTests" name="[4] /home/travis/build/icyphy/ptII/ptolemy/domains/de/test/auto/CausalityAndComposabilityAnalysis.xml (RunModel)" time="0.016" />
  <testcase classname="ptolemy.util.test.junit.AutoTests" name="[5] /home/travis/build/icyphy/ptII/ptolemy/domains/de/test/auto/CausalityInterface1.xml (RunModel)" time="0.013" />
  <testcase classname="ptolemy.util.test.junit.AutoTests" name="[6] /home/travis/build/icyphy/ptII/ptolemy/domains/de/test/auto/CausalityInterface15.xml (RunModel)" time="0.016" />
  <testcase classname="ptolemy.util.test.junit.AutoTests" name="[7] /home/travis/build/icyphy/ptII/ptolemy/domains/de/test/auto/CausalityInterface2.xml (RunModel)" time="0.016" />
  <testcase classname="ptolemy.util.test.junit.AutoTests" name="[8] /home/travis/build/icyphy/ptII/ptolemy/domains/de/test/auto/CausalityInterface3.xml (RunModel)" time="0.018" />
  <testcase classname="ptolemy.util.test.junit.AutoTests" name="[9] /home/travis/build/icyphy/ptII/ptolemy/domains/de/test/auto/ClockDrift.xml (RunModel)" time="0.037" />
  <testcase classname="ptolemy.util.test.junit.AutoTests" name="[10] /home/travis/build/icyphy/ptII/ptolemy/domains/de/test/auto/ClockDriftAndValueChange.xml (RunModel)" time="0.034" />
  <testcase classname="ptolemy.util.test.junit.AutoTests" name="[11] /home/travis/build/icyphy/ptII/ptolemy/domains/de/test/auto/ClockDriftChange.xml (RunModel)" time="0.035" />
  <testcase classname="ptolemy.util.test.junit.AutoTests" name="[12] /home/travis/build/icyphy/ptII/ptolemy/domains/de/test/auto/ComposableCausalityAnalysis.xml (RunModel)" time="0.018" />
  <testcase classname="ptolemy.util.test.junit.AutoTests" name="[13] /home/travis/build/icyphy/ptII/ptolemy/domains/de/test/auto/DEFixedPointLimitation.xml (RunModel)" time="0.01" />
  <testcase classname="ptolemy.util.test.junit.AutoTests" name="[14] /home/travis/build/icyphy/ptII/ptolemy/domains/de/test/auto/DEScheduleTest.xml (RunModel)" time="0.016" />
  <testcase classname="ptolemy.util.test.junit.AutoTests" name="[15] /home/travis/build/icyphy/ptII/ptolemy/domains/de/test/auto/DEinDEwithStartTimes.xml (RunModel)" time="0.017" />
  <testcase classname="ptolemy.util.test.junit.AutoTests" name="[16] /home/travis/build/icyphy/ptII/ptolemy/domains/de/test/auto/DEinDEwithStartTimes2.xml (RunModel)" time="0.02" />
  <testcase classname="ptolemy.util.test.junit.AutoTests" name="[17] /home/travis/build/icyphy/ptII/ptolemy/domains/de/test/auto/DateDemo.xml (RunModel)" time="0.04" />
  <testcase classname="ptolemy.util.test.junit.AutoTests" name="[18] /home/travis/build/icyphy/ptII/ptolemy/domains/de/test/auto/DateToEvent.xml (RunModel)" time="2.045" />
  <testcase classname="ptolemy.util.test.junit.AutoTests" name="[19] /home/travis/build/icyphy/ptII/ptolemy/domains/de/test/auto/DepthTest1.xml (RunModel)" time="0.009" />
  <testcase classname="ptolemy.util.test.junit.AutoTests" name="[20] /home/travis/build/icyphy/ptII/ptolemy/domains/de/test/auto/DepthTest2.xml (RunModel)" time="0.021" />
  <testcase classname="ptolemy.util.test.junit.AutoTests" name="[21] /home/travis/build/icyphy/ptII/ptolemy/domains/de/test/auto/DepthTest3.xml (RunModel)" time="0.01" />
  <testcase classname="ptolemy.util.test.junit.AutoTests" name="[22] /home/travis/build/icyphy/ptII/ptolemy/domains/de/test/auto/DepthTest4.xml (RunModel)" time="0.025" />
  <testcase classname="ptolemy.util.test.junit.AutoTests" name="[23] /home/travis/build/icyphy/ptII/ptolemy/domains/de/test/auto/DepthTest5.xml (RunModel)" time="0.016" />
  <testcase classname="ptolemy.util.test.junit.AutoTests" name="[24] /home/travis/build/icyphy/ptII/ptolemy/domains/de/test/auto/DepthTest6.xml (RunModel)" time="0.013" />
  <testcase classname="ptolemy.util.test.junit.AutoTests" name="[25] /home/travis/build/icyphy/ptII/ptolemy/domains/de/test/auto/DepthTest7.xml (RunModel)" time="0.011" />
  <testcase classname="ptolemy.util.test.junit.AutoTests" name="[26] /home/travis/build/icyphy/ptII/ptolemy/domains/de/test/auto/EventToDate.xml (RunModel)" time="3.048" />
  <testcase classname="ptolemy.util.test.junit.AutoTests" name="[27] /home/travis/build/icyphy/ptII/ptolemy/domains/de/test/auto/FSM1.xml (RunModel)" time="0.042" />
  <testcase classname="ptolemy.util.test.junit.AutoTests" name="[28] /home/travis/build/icyphy/ptII/ptolemy/domains/de/test/auto/FSM7.xml (RunModel)" time="0.044" />
  <testcase classname="ptolemy.util.test.junit.AutoTests" name="[29] /home/travis/build/icyphy/ptII/ptolemy/domains/de/test/auto/Inspection.xml (RunModel)" time="0.047" />
  <testcase classname="ptolemy.util.test.junit.AutoTests" name="[30] /home/travis/build/icyphy/ptII/ptolemy/domains/de/test/auto/Iteration.xml (RunModel)" time="0.023" />
  <testcase classname="ptolemy.util.test.junit.AutoTests" name="[31] /home/travis/build/icyphy/ptII/ptolemy/domains/de/test/auto/LineFault.xml (RunModel)" time="0.64" />
  <testcase classname="ptolemy.util.test.junit.AutoTests" name="[32] /home/travis/build/icyphy/ptII/ptolemy/domains/de/test/auto/MergeModel1Add.xml (RunModel)" time="0.055" />
  <testcase classname="ptolemy.util.test.junit.AutoTests" name="[33] /home/travis/build/icyphy/ptII/ptolemy/domains/de/test/auto/MergeModel2Add.xml (RunModel)" time="0.034" />
  <testcase classname="ptolemy.util.test.junit.AutoTests" name="[34] /home/travis/build/icyphy/ptII/ptolemy/domains/de/test/auto/MergeModel3Add.xml (RunModel)" time="0.046" />
  <testcase classname="ptolemy.util.test.junit.AutoTests" name="[35] /home/travis/build/icyphy/ptII/ptolemy/domains/de/test/auto/MergeWithoutDiscard.xml (RunModel)" time="0.019" />
  <testcase classname="ptolemy.util.test.junit.AutoTests" name="[36] /home/travis/build/icyphy/ptII/ptolemy/domains/de/test/auto/Modal1.xml (RunModel)" time="0.035" />
  <testcase classname="ptolemy.util.test.junit.AutoTests" name="[37] /home/travis/build/icyphy/ptII/ptolemy/domains/de/test/auto/Modal2.xml (RunModel)" time="0.031" />
  <testcase classname="ptolemy.util.test.junit.AutoTests" name="[38] /home/travis/build/icyphy/ptII/ptolemy/domains/de/test/auto/Modal3.xml (RunModel)" time="0.028" />
  <testcase classname="ptolemy.util.test.junit.AutoTests" name="[39] /home/travis/build/icyphy/ptII/ptolemy/domains/de/test/auto/Modal4.xml (RunModel)" time="0.037" />
  <testcase classname="ptolemy.util.test.junit.AutoTests" name="[40] /home/travis/build/icyphy/ptII/ptolemy/domains/de/test/auto/Modal5.xml (RunModel)" time="0.026" />
  <testcase classname="ptolemy.util.test.junit.AutoTests" name="[41] /home/travis/build/icyphy/ptII/ptolemy/domains/de/test/auto/Modal6.xml (RunModel)" time="0.034" />
  <testcase classname="ptolemy.util.test.junit.AutoTests" name="[42] /home/travis/build/icyphy/ptII/ptolemy/domains/de/test/auto/Modal7.xml (RunModel)" time="0.039" />
  <testcase classname="ptolemy.util.test.junit.AutoTests" name="[43] /home/travis/build/icyphy/ptII/ptolemy/domains/de/test/auto/ModalModel.xml (RunModel)" time="0.171" />
  <testcase classname="ptolemy.util.test.junit.AutoTests" name="[44] /home/travis/build/icyphy/ptII/ptolemy/domains/de/test/auto/ModalSource.xml (RunModel)" time="0.021" />
  <testcase classname="ptolemy.util.test.junit.AutoTests" name="[45] /home/travis/build/icyphy/ptII/ptolemy/domains/de/test/auto/NonInterruptibleTimerZeroDelay.xml (RunModel)" time="0.01" />
  <testcase classname="ptolemy.util.test.junit.AutoTests" name="[46] /home/travis/build/icyphy/ptII/ptolemy/domains/de/test/auto/OpenQueueingNetwork.xml (RunModel)" time="2.541" />
  <testcase classname="ptolemy.util.test.junit.AutoTests" name="[47] /home/travis/build/icyphy/ptII/ptolemy/domains/de/test/auto/OpenQueuingNetwork.xml (RunModel)" time="0.301" />
  <testcase classname="ptolemy.util.test.junit.AutoTests" name="[48] /home/travis/build/icyphy/ptII/ptolemy/domains/de/test/auto/PeriodicSampler.xml (RunModel)" time="0.008" />
  <testcase classname="ptolemy.util.test.junit.AutoTests" name="[49] /home/travis/build/icyphy/ptII/ptolemy/domains/de/test/auto/PersistentIO.xml (RunModel)" time="0.018" />
  <testcase classname="ptolemy.util.test.junit.AutoTests" name="[50] /home/travis/build/icyphy/ptII/ptolemy/domains/de/test/auto/PortParameterResetOnInitialize.xml (RunModel)" time="0.009" />
  <testcase classname="ptolemy.util.test.junit.AutoTests" name="[51] /home/travis/build/icyphy/ptII/ptolemy/domains/de/test/auto/PortParameterUpdates.xml (RunModel)" time="0.014" />
  <testcase classname="ptolemy.util.test.junit.AutoTests" name="[52] /home/travis/build/icyphy/ptII/ptolemy/domains/de/test/auto/QueueAndServer.xml (RunModel)" time="0.02" />
  <testcase classname="ptolemy.util.test.junit.AutoTests" name="[53] /home/travis/build/icyphy/ptII/ptolemy/domains/de/test/auto/Records.xml (RunModel)" time="0.015" />
  <testcase classname="ptolemy.util.test.junit.AutoTests" name="[54] /home/travis/build/icyphy/ptII/ptolemy/domains/de/test/auto/ResetTransitionWithStartTime1.xml (RunModel)" time="0.023" />
  <testcase classname="ptolemy.util.test.junit.AutoTests" name="[55] /home/travis/build/icyphy/ptII/ptolemy/domains/de/test/auto/ResetTransitionWithStartTime2.xml (RunModel)" time="0.02" />
  <testcase classname="ptolemy.util.test.junit.AutoTests" name="[56] /home/travis/build/icyphy/ptII/ptolemy/domains/de/test/auto/ResetTransitionWithStartTime3.xml (RunModel)" time="0.02" />
  <testcase classname="ptolemy.util.test.junit.AutoTests" name="[57] /home/travis/build/icyphy/ptII/ptolemy/domains/de/test/auto/ResetTransitionWithStartTime4.xml (RunModel)" time="0.023" />
  <testcase classname="ptolemy.util.test.junit.AutoTests" name="[58] /home/travis/build/icyphy/ptII/ptolemy/domains/de/test/auto/ResettableTimer1.xml (RunModel)" time="0.01" />
  <testcase classname="ptolemy.util.test.junit.AutoTests" name="[59] /home/travis/build/icyphy/ptII/ptolemy/domains/de/test/auto/ResettableTimer2.xml (RunModel)" time="0.01" />
  <testcase classname="ptolemy.util.test.junit.AutoTests" name="[60] /home/travis/build/icyphy/ptII/ptolemy/domains/de/test/auto/ResettableTimer3.xml (RunModel)" time="0.009" />
  <testcase classname="ptolemy.util.test.junit.AutoTests" name="[61] /home/travis/build/icyphy/ptII/ptolemy/domains/de/test/auto/ResettableTimer4.xml (RunModel)" time="0.01" />
  <testcase classname="ptolemy.util.test.junit.AutoTests" name="[62] /home/travis/build/icyphy/ptII/ptolemy/domains/de/test/auto/ResettableTimer5.xml (RunModel)" time="0.019" />
  <testcase classname="ptolemy.util.test.junit.AutoTests" name="[63] /home/travis/build/icyphy/ptII/ptolemy/domains/de/test/auto/ResettableTimer6.xml (RunModel)" time="0.02" />
  <testcase classname="ptolemy.util.test.junit.AutoTests" name="[64] /home/travis/build/icyphy/ptII/ptolemy/domains/de/test/auto/ServerZeroDelay.xml (RunModel)" time="0.012" />
  <testcase classname="ptolemy.util.test.junit.AutoTests" name="[65] /home/travis/build/icyphy/ptII/ptolemy/domains/de/test/auto/SmartSender.xml (RunModel)" time="3.016" />
  <testcase classname="ptolemy.util.test.junit.AutoTests" name="[66] /home/travis/build/icyphy/ptII/ptolemy/domains/de/test/auto/ThreadedComposite.xml (RunModel)" time="0.144" />
  <testcase classname="ptolemy.util.test.junit.AutoTests" name="[67] /home/travis/build/icyphy/ptII/ptolemy/domains/de/test/auto/Time.xml (RunModel)" time="0.479" />
  <testcase classname="ptolemy.util.test.junit.AutoTests" name="[68] /home/travis/build/icyphy/ptII/ptolemy/domains/de/test/auto/TimeDelayZeroDelay.xml (RunModel)" time="0.015" />
  <testcase classname="ptolemy.util.test.junit.AutoTests" name="[69] /home/travis/build/icyphy/ptII/ptolemy/domains/de/test/auto/TimerZeroDelay.xml (RunModel)" time="0.01" />
  <testcase classname="ptolemy.util.test.junit.AutoTests" name="[70] /home/travis/build/icyphy/ptII/ptolemy/domains/de/test/auto/TimingParadox.xml (RunModel)" time="0.393" />
  <testcase classname="ptolemy.util.test.junit.AutoTests" name="[71] /home/travis/build/icyphy/ptII/ptolemy/domains/de/test/auto/TransferInputs.xml (RunModel)" time="0.015" />
  <testcase classname="ptolemy.util.test.junit.AutoTests" name="[72] /home/travis/build/icyphy/ptII/ptolemy/domains/de/test/auto/TransferOutputs2.xml (RunModel)" time="0.016" />
  <testcase classname="ptolemy.util.test.junit.AutoTests" name="[73] /home/travis/build/icyphy/ptII/ptolemy/domains/de/test/auto/Trilateration.xml (RunModel)" time="13.069" />
  <testcase classname="ptolemy.util.test.junit.AutoTests" name="[74] /home/travis/build/icyphy/ptII/ptolemy/domains/de/test/auto/TwoSigmaDelta.xml (RunModel)" time="2.228" />
  <testcase classname="ptolemy.util.test.junit.AutoTests" name="[75] /home/travis/build/icyphy/ptII/ptolemy/domains/de/test/auto/VariableDelay.xml (RunModel)" time="0.017" />
  <testcase classname="ptolemy.util.test.junit.AutoTests" name="[76] /home/travis/build/icyphy/ptII/ptolemy/domains/de/test/auto/VariableDelay2.xml (RunModel)" time="0.009" />
  <testcase classname="ptolemy.util.test.junit.AutoTests" name="[77] /home/travis/build/icyphy/ptII/ptolemy/domains/de/test/auto/VariableDelayZeroDelay.xml (RunModel)" time="0.015" />
  <testcase classname="ptolemy.util.test.junit.AutoTests" name="[78] /home/travis/build/icyphy/ptII/ptolemy/domains/de/test/auto/VariableDelayZeroDelay2.xml (RunModel)" time="0.01" />
  <testcase classname="ptolemy.util.test.junit.AutoTests" name="[79] /home/travis/build/icyphy/ptII/ptolemy/domains/de/test/auto/deInCt.xml (RunModel)" time="0.014" />
  <testcase classname="ptolemy.util.test.junit.AutoTests" name="[80] /home/travis/build/icyphy/ptII/ptolemy/domains/de/test/auto/deInCt2.xml (RunModel)" time="0.023" />
  <testcase classname="ptolemy.util.test.junit.AutoTests" name="[81] /home/travis/build/icyphy/ptII/ptolemy/domains/de/test/auto/dynamicCausalityInterface1.xml (RunModel)" time="0.026" />
  <testcase classname="ptolemy.util.test.junit.AutoTests" name="[82] /home/travis/build/icyphy/ptII/ptolemy/domains/de/test/auto/fsm_de_test.xml (RunModel)" time="0.023" />
  <testcase classname="ptolemy.util.test.junit.AutoTests" name="[83] /home/travis/build/icyphy/ptII/ptolemy/domains/de/test/auto/functionDependencyReconstruction.xml (RunModel)" time="0.029" />
  <testcase classname="ptolemy.util.test.junit.AutoTests" name="[84] /home/travis/build/icyphy/ptII/ptolemy/domains/de/test/auto/multirate.xml (RunModel)" time="0.016" />
  <testcase classname="ptolemy.util.test.junit.AutoTests" name="[85] /home/travis/build/icyphy/ptII/ptolemy/domains/de/test/auto/multirate2.xml (RunModel)" time="0.018" />
  <testcase classname="ptolemy.util.test.junit.AutoTests" name="[86] /home/travis/build/icyphy/ptII/ptolemy/domains/de/test/auto/realtime.xml (RunModel)" time="10.01" />
  <testcase classname="ptolemy.util.test.junit.AutoTests" name="[87] /home/travis/build/icyphy/ptII/ptolemy/domains/de/test/auto/relationGroup.xml (RunModel)" time="0.019" />
  <testcase classname="ptolemy.util.test.junit.AutoTests" name="[88] /home/travis/build/icyphy/ptII/ptolemy/domains/de/test/auto/relationGroup2.xml (RunModel)" time="0.007" />
  <testcase classname="ptolemy.util.test.junit.AutoTests" name="[89] /home/travis/build/icyphy/ptII/ptolemy/domains/de/test/auto/sortWithOpaquePorts.xml (RunModel)" time="0.011" />
  <testcase classname="ptolemy.util.test.junit.AutoTests" name="[90] /home/travis/build/icyphy/ptII/ptolemy/domains/de/test/auto/transferInputsandOutputs.xml (RunModel)" time="0.016" />
  <testcase classname="ptolemy.util.test.junit.AutoTests" name="[91] /home/travis/build/icyphy/ptII/ptolemy/domains/de/test/auto/triggerType.xml (RunModel)" time="0.008" />
  <system-out><![CDATA[/home/travis/build/icyphy/ptII/ptolemy/domains/de/test/DependencyLoop.tcl
testDefs.tcl: setting time out to 9000 seconds at Wed Aug 07 05:16:40 UTC 2019
71 ms. Memory: 120832K Free: 72133K (60%)
28 ms. Memory: 120832K Free: 54694K (45%)
/home/travis/build/icyphy/ptII/ptolemy/domains/de/test/RunDETestsAsQSS.tcl
Run the DE tests using ptolemy.domains.qss.test.QSSDirectorTest, which extends QSSDirector and prints a message in the constructors.
------------------ testing $PTII/ptolemy/domains/de/test/auto/knownFailedTests/DirectFeedback.xml (Known Failure) 
31 ms. Memory: 120832K Free: 49095K (41%)


==== $PTIIhome/travis/build/icyphy/ptII/ptolemy/domains/de/test/../../../../: Auto Automatic test in file $PTII/ptolemy/domains/de/test/auto/knownFailedTests/DirectFeedback.xml
==== Contents of test case:

	    # FIXME: we should use $relativeFilename here, but it
	    # might have backslashes under Windows, which causes no end
	    # of trouble.
	    createAndExecute $file
	    list {}
	
.... Test generated KNOWN error:
    while executing
ptolemy.kernel.util.IllegalActionException: Test fails in iteration 1.
Value was: 1.0. Should have been: 2.0
  in .DirectFeedback.Test
	at ptolemy.actor.lib.Test.fire(Test.java:268)
	at ptolemy.domains.de.kernel.DEDirector._fire(DEDirector.java:1949)
	at ptolemy.domains.de.kernel.DEDirector.fire(DEDirector.java:502)
	at ptolemy.actor.CompositeActor.fire(CompositeActor.java:455)
	at ptolemy.actor.Manager.iterate(Manager.java:851)
	at ptolemy.actor.Manager.execute(Manager.java:369)
	at ptolemy.actor.Manager.run(Manager.java:1263)
	at ptolemy.actor.Manager$PtolemyRunThread.run(Manager.java:1933)

    while executing
ptolemy.kernel.util.IllegalActionException: Test fails in iteration 1.
Value was: 1.0. Should have been: 2.0
  in .DirectFeedback.Test
    while executing
"java::new ptolemy.moml.MoMLSimpleApplication $file
"
    (procedure "createAndExecute" line 2)
    invoked from within
"createAndExecute $file"
    ("uplevel" body line 5)
    invoked from within
"uplevel $contents_of_test"
------------------ testing $PTII/ptolemy/domains/de/test/auto/knownFailedTests/dependencyLoop.xml (Known Failure) 
25 ms. Memory: 120832K Free: 46023K (38%)


==== $PTIIhome/travis/build/icyphy/ptII/ptolemy/domains/de/test/../../../../: Auto Automatic test in file $PTII/ptolemy/domains/de/test/auto/knownFailedTests/dependencyLoop.xml
==== Contents of test case:

	    # FIXME: we should use $relativeFilename here, but it
	    # might have backslashes under Windows, which causes no end
	    # of trouble.
	    createAndExecute $file
	    list {}
	
.... Test generated KNOWN error:
    while executing
ptolemy.kernel.util.IllegalActionException: Found a zero delay loop containing .dependencyLoop.original
  in .dependencyLoop and .dependencyLoop.original
	at ptolemy.actor.util.CausalityInterfaceForComposites._computeOutputPortDepth(CausalityInterfaceForComposites.java:759)
	at ptolemy.actor.util.CausalityInterfaceForComposites._computeInputDepth(CausalityInterfaceForComposites.java:696)
	at ptolemy.actor.util.CausalityInterfaceForComposites._computeOutputPortDepth(CausalityInterfaceForComposites.java:765)
	at ptolemy.actor.util.CausalityInterfaceForComposites._computeInputDepth(CausalityInterfaceForComposites.java:696)
	at ptolemy.actor.util.CausalityInterfaceForComposites._computeOutputPortDepth(CausalityInterfaceForComposites.java:765)
	at ptolemy.actor.util.CausalityInterfaceForComposites._computeInputDepth(CausalityInterfaceForComposites.java:696)
	at ptolemy.actor.util.CausalityInterfaceForComposites._computeActorDepth(CausalityInterfaceForComposites.java:532)
	at ptolemy.actor.util.CausalityInterfaceForComposites.checkForCycles(CausalityInterfaceForComposites.java:96)
	at ptolemy.domains.de.kernel.DEDirector.preinitialize(DEDirector.java:1338)
	at ptolemy.actor.CompositeActor.preinitialize(CompositeActor.java:1828)
	at ptolemy.actor.Manager.preinitializeAndResolveTypes(Manager.java:1040)
	at ptolemy.actor.Manager.initialize(Manager.java:710)
	at ptolemy.actor.Manager.execute(Manager.java:356)
	at ptolemy.actor.Manager.run(Manager.java:1263)
	at ptolemy.actor.Manager$PtolemyRunThread.run(Manager.java:1933)

    while executing
ptolemy.kernel.util.IllegalActionException: Found a zero delay loop containing .dependencyLoop.original
  in .dependencyLoop and .dependencyLoop.original
    while executing
"java::new ptolemy.moml.MoMLSimpleApplication $file
"
    (procedure "createAndExecute" line 2)
    invoked from within
"createAndExecute $file"
    ("uplevel" body line 5)
    invoked from within
"uplevel $contents_of_test"
------------------ testing $PTII/ptolemy/domains/de/test/auto/knownFailedTests/FSMSource.xml (Known Failure) 
70 ms. Memory: 120832K Free: 100280K (83%)
!!!! Auto was marked as failing, but now passes
------------------ testing $PTII/ptolemy/domains/de/test/auto/knownFailedTests/HierarchicalModel.xml (Known Failure) 
6 ms. Memory: 120832K Free: 82390K (68%)


==== $PTIIhome/travis/build/icyphy/ptII/ptolemy/domains/de/test/../../../../: Auto Automatic test in file $PTII/ptolemy/domains/de/test/auto/knownFailedTests/HierarchicalModel.xml
==== Contents of test case:

	    # FIXME: we should use $relativeFilename here, but it
	    # might have backslashes under Windows, which causes no end
	    # of trouble.
	    createAndExecute $file
	    list {}
	
.... Test generated KNOWN error:
    while executing
ptolemy.kernel.util.IllegalActionException: Found a zero delay loop containing .HierarchicalModel.A
  in .HierarchicalModel and .HierarchicalModel.A
	at ptolemy.actor.util.CausalityInterfaceForComposites._computeOutputPortDepth(CausalityInterfaceForComposites.java:759)
	at ptolemy.actor.util.CausalityInterfaceForComposites._computeInputDepth(CausalityInterfaceForComposites.java:696)
	at ptolemy.actor.util.CausalityInterfaceForComposites._computeOutputPortDepth(CausalityInterfaceForComposites.java:765)
	at ptolemy.actor.util.CausalityInterfaceForComposites._computeInputDepth(CausalityInterfaceForComposites.java:696)
	at ptolemy.actor.util.CausalityInterfaceForComposites._computeOutputPortDepth(CausalityInterfaceForComposites.java:765)
	at ptolemy.actor.util.CausalityInterfaceForComposites._computeInputDepth(CausalityInterfaceForComposites.java:696)
	at ptolemy.actor.util.CausalityInterfaceForComposites._computeActorDepth(CausalityInterfaceForComposites.java:532)
	at ptolemy.actor.util.CausalityInterfaceForComposites.checkForCycles(CausalityInterfaceForComposites.java:96)
	at ptolemy.domains.de.kernel.DEDirector.preinitialize(DEDirector.java:1338)
	at ptolemy.actor.CompositeActor.preinitialize(CompositeActor.java:1828)
	at ptolemy.actor.Manager.preinitializeAndResolveTypes(Manager.java:1040)
	at ptolemy.actor.Manager.initialize(Manager.java:710)
	at ptolemy.actor.Manager.execute(Manager.java:356)
	at ptolemy.actor.Manager.run(Manager.java:1263)
	at ptolemy.actor.Manager$PtolemyRunThread.run(Manager.java:1933)

    while executing
ptolemy.kernel.util.IllegalActionException: Found a zero delay loop containing .HierarchicalModel.A
  in .HierarchicalModel and .HierarchicalModel.A
    while executing
"java::new ptolemy.moml.MoMLSimpleApplication $file
"
    (procedure "createAndExecute" line 2)
    invoked from within
"createAndExecute $file"
    ("uplevel" body line 5)
    invoked from within
"uplevel $contents_of_test"
------------------ testing $PTII/ptolemy/domains/de/test/auto/knownFailedTests/dependencyLoop2.xml (Known Failure) 
5 ms. Memory: 120832K Free: 66028K (55%)


==== $PTIIhome/travis/build/icyphy/ptII/ptolemy/domains/de/test/../../../../: Auto Automatic test in file $PTII/ptolemy/domains/de/test/auto/knownFailedTests/dependencyLoop2.xml
==== Contents of test case:

	    # FIXME: we should use $relativeFilename here, but it
	    # might have backslashes under Windows, which causes no end
	    # of trouble.
	    createAndExecute $file
	    list {}
	
.... Test generated KNOWN error:
    while executing
ptolemy.kernel.util.IllegalActionException: Found a zero delay loop containing .dependencyLoop2.original
  in .dependencyLoop2 and .dependencyLoop2.original
	at ptolemy.actor.util.CausalityInterfaceForComposites._computeOutputPortDepth(CausalityInterfaceForComposites.java:759)
	at ptolemy.actor.util.CausalityInterfaceForComposites._computeInputDepth(CausalityInterfaceForComposites.java:696)
	at ptolemy.actor.util.CausalityInterfaceForComposites._computeOutputPortDepth(CausalityInterfaceForComposites.java:765)
	at ptolemy.actor.util.CausalityInterfaceForComposites._computeInputDepth(CausalityInterfaceForComposites.java:696)
	at ptolemy.actor.util.CausalityInterfaceForComposites._computeOutputPortDepth(CausalityInterfaceForComposites.java:765)
	at ptolemy.actor.util.CausalityInterfaceForComposites._computeInputDepth(CausalityInterfaceForComposites.java:696)
	at ptolemy.actor.util.CausalityInterfaceForComposites._computeActorDepth(CausalityInterfaceForComposites.java:532)
	at ptolemy.actor.util.CausalityInterfaceForComposites.checkForCycles(CausalityInterfaceForComposites.java:96)
	at ptolemy.domains.de.kernel.DEDirector.preinitialize(DEDirector.java:1338)
	at ptolemy.actor.CompositeActor.preinitialize(CompositeActor.java:1828)
	at ptolemy.actor.Manager.preinitializeAndResolveTypes(Manager.java:1040)
	at ptolemy.actor.Manager.initialize(Manager.java:710)
	at ptolemy.actor.Manager.execute(Manager.java:356)
	at ptolemy.actor.Manager.run(Manager.java:1263)
	at ptolemy.actor.Manager$PtolemyRunThread.run(Manager.java:1933)

    while executing
ptolemy.kernel.util.IllegalActionException: Found a zero delay loop containing .dependencyLoop2.original
  in .dependencyLoop2 and .dependencyLoop2.original
    while executing
"java::new ptolemy.moml.MoMLSimpleApplication $file
"
    (procedure "createAndExecute" line 2)
    invoked from within
"createAndExecute $file"
    ("uplevel" body line 5)
    invoked from within
"uplevel $contents_of_test"
------------------ testing $PTII/ptolemy/domains/de/test/auto/knownFailedTests/DESDFClockTest.xml (Known Failure) 
2063 ms. Memory: 120832K Free: 94379K (78%)


==== $PTIIhome/travis/build/icyphy/ptII/ptolemy/domains/de/test/../../../../: Auto Automatic test in file $PTII/ptolemy/domains/de/test/auto/knownFailedTests/DESDFClockTest.xml
==== Contents of test case:

	    # FIXME: we should use $relativeFilename here, but it
	    # might have backslashes under Windows, which causes no end
	    # of trouble.
	    createAndExecute $file
	    list {}
	
.... Test generated KNOWN error:
    while executing
ptolemy.kernel.util.IllegalActionException: Actor is not ready to fire.  Perhaps UpSample.prefire() returned false? Try debugging the actor by selecting "Listen to Actor".  Also, for SDF check moml for tokenConsumptionRate on input.
  in .DESDFClockTest.Play Bell.Copy1:SDF Director and .DESDFClockTest.Play Bell.UpSample
	at ptolemy.actor.sched.StaticSchedulingDirector.fire(StaticSchedulingDirector.java:227)
	at ptolemy.domains.sdf.kernel.SDFDirector.fire(SDFDirector.java:500)
	at ptolemy.actor.CompositeActor.fire(CompositeActor.java:455)
	at ptolemy.domains.de.kernel.DEDirector._fire(DEDirector.java:1949)
	at ptolemy.domains.de.kernel.DEDirector.fire(DEDirector.java:502)
	at ptolemy.actor.CompositeActor.fire(CompositeActor.java:455)
	at ptolemy.actor.Manager.iterate(Manager.java:851)
	at ptolemy.actor.Manager.execute(Manager.java:369)
	at ptolemy.actor.Manager.run(Manager.java:1263)
	at ptolemy.actor.Manager$PtolemyRunThread.run(Manager.java:1933)

    while executing
ptolemy.kernel.util.IllegalActionException: Actor is not ready to fire.  Perhaps UpSample.prefire() returned false? Try debugging the actor by selecting "Listen to Actor".  Also, for SDF check moml for tokenConsumptionRate on input.
  in .DESDFClockTest.Play Bell.Copy1:SDF Director and .DESDFClockTest.Play Bell.UpSample
    while executing
"java::new ptolemy.moml.MoMLSimpleApplication $file
"
    (procedure "createAndExecute" line 2)
    invoked from within
"createAndExecute $file"
    ("uplevel" body line 5)
    invoked from within
"uplevel $contents_of_test"
------------------ testing $PTII/ptolemy/domains/de/test/auto/ActorDepthCalculation_actorWithoutPorts.xml
auto.tcl: Setting watchdog for 200 seconds at Wed Aug 07 05:16:44 UTC 2019
8 ms. Memory: 120832K Free: 87189K (72%)
ptolemy.util.test.WatchDog.cancel(): canceling Wed Aug 07 05:16:44 UTC 2019
auto.tcl: Setting watchdog for 200 seconds at Wed Aug 07 05:16:44 UTC 2019
9 ms. Memory: 120832K Free: 85930K (71%)
ptolemy.util.test.WatchDog.cancel(): canceling Wed Aug 07 05:16:44 UTC 2019
------------------ testing $PTII/ptolemy/domains/de/test/auto/AssemblyLine.xml
auto.tcl: Setting watchdog for 200 seconds at Wed Aug 07 05:16:44 UTC 2019
21 ms. Memory: 48128K Free: 25523K (53%)
ptolemy.util.test.WatchDog.cancel(): canceling Wed Aug 07 05:16:45 UTC 2019
auto.tcl: Setting watchdog for 200 seconds at Wed Aug 07 05:16:45 UTC 2019
7 ms. Memory: 48128K Free: 25095K (52%)
ptolemy.util.test.WatchDog.cancel(): canceling Wed Aug 07 05:16:45 UTC 2019
------------------ testing $PTII/ptolemy/domains/de/test/auto/CQBug1.xml
auto.tcl: Setting watchdog for 200 seconds at Wed Aug 07 05:16:45 UTC 2019
6 ms. Memory: 48128K Free: 31603K (66%)
ptolemy.util.test.WatchDog.cancel(): canceling Wed Aug 07 05:16:45 UTC 2019
auto.tcl: Setting watchdog for 200 seconds at Wed Aug 07 05:16:45 UTC 2019
3 ms. Memory: 48128K Free: 31175K (65%)
ptolemy.util.test.WatchDog.cancel(): canceling Wed Aug 07 05:16:45 UTC 2019
------------------ testing $PTII/ptolemy/domains/de/test/auto/CancelFireAt.xml
auto.tcl: Setting watchdog for 200 seconds at Wed Aug 07 05:16:45 UTC 2019
3 ms. Memory: 45056K Free: 29703K (66%)
ptolemy.util.test.WatchDog.cancel(): canceling Wed Aug 07 05:16:45 UTC 2019
auto.tcl: Setting watchdog for 200 seconds at Wed Aug 07 05:16:45 UTC 2019
2 ms. Memory: 45056K Free: 29295K (65%)
ptolemy.util.test.WatchDog.cancel(): canceling Wed Aug 07 05:16:45 UTC 2019
------------------ testing $PTII/ptolemy/domains/de/test/auto/CausalityAndComposabilityAnalysis.xml
auto.tcl: Setting watchdog for 200 seconds at Wed Aug 07 05:16:45 UTC 2019
7 ms. Memory: 45056K Free: 27444K (61%)
ptolemy.util.test.WatchDog.cancel(): canceling Wed Aug 07 05:16:45 UTC 2019
auto.tcl: Setting watchdog for 200 seconds at Wed Aug 07 05:16:45 UTC 2019
7 ms. Memory: 45056K Free: 27036K (60%)
ptolemy.util.test.WatchDog.cancel(): canceling Wed Aug 07 05:16:45 UTC 2019
------------------ testing $PTII/ptolemy/domains/de/test/auto/CausalityInterface1.xml
auto.tcl: Setting watchdog for 200 seconds at Wed Aug 07 05:16:45 UTC 2019
36 ms. Memory: 45056K Free: 26370K (59%)
ptolemy.util.test.WatchDog.cancel(): canceling Wed Aug 07 05:16:45 UTC 2019
auto.tcl: Setting watchdog for 200 seconds at Wed Aug 07 05:16:45 UTC 2019
5 ms. Memory: 45056K Free: 25407K (56%)
ptolemy.util.test.WatchDog.cancel(): canceling Wed Aug 07 05:16:45 UTC 2019
------------------ testing $PTII/ptolemy/domains/de/test/auto/CausalityInterface15.xml
auto.tcl: Setting watchdog for 200 seconds at Wed Aug 07 05:16:45 UTC 2019
10 ms. Memory: 45056K Free: 26032K (58%)
ptolemy.util.test.WatchDog.cancel(): canceling Wed Aug 07 05:16:45 UTC 2019
auto.tcl: Setting watchdog for 200 seconds at Wed Aug 07 05:16:45 UTC 2019
5 ms. Memory: 45056K Free: 25340K (56%)
ptolemy.util.test.WatchDog.cancel(): canceling Wed Aug 07 05:16:45 UTC 2019
------------------ testing $PTII/ptolemy/domains/de/test/auto/CausalityInterface2.xml
auto.tcl: Setting watchdog for 200 seconds at Wed Aug 07 05:16:45 UTC 2019
5 ms. Memory: 45056K Free: 27307K (61%)
ptolemy.util.test.WatchDog.cancel(): canceling Wed Aug 07 05:16:45 UTC 2019
auto.tcl: Setting watchdog for 200 seconds at Wed Aug 07 05:16:45 UTC 2019
3 ms. Memory: 45056K Free: 26380K (59%)
ptolemy.util.test.WatchDog.cancel(): canceling Wed Aug 07 05:16:45 UTC 2019
------------------ testing $PTII/ptolemy/domains/de/test/auto/CausalityInterface3.xml
auto.tcl: Setting watchdog for 200 seconds at Wed Aug 07 05:16:45 UTC 2019
6 ms. Memory: 45056K Free: 26557K (59%)
ptolemy.util.test.WatchDog.cancel(): canceling Wed Aug 07 05:16:45 UTC 2019
auto.tcl: Setting watchdog for 200 seconds at Wed Aug 07 05:16:45 UTC 2019
15 ms. Memory: 45056K Free: 25761K (57%)
ptolemy.util.test.WatchDog.cancel(): canceling Wed Aug 07 05:16:45 UTC 2019
------------------ testing $PTII/ptolemy/domains/de/test/auto/ClockDrift.xml
auto.tcl: Setting watchdog for 200 seconds at Wed Aug 07 05:16:45 UTC 2019
104 ms. Memory: 45056K Free: 19152K (43%)
ptolemy.util.test.WatchDog.cancel(): canceling Wed Aug 07 05:16:46 UTC 2019
auto.tcl: Setting watchdog for 200 seconds at Wed Aug 07 05:16:46 UTC 2019
42 ms. Memory: 45056K Free: 16139K (36%)
ptolemy.util.test.WatchDog.cancel(): canceling Wed Aug 07 05:16:46 UTC 2019
------------------ testing $PTII/ptolemy/domains/de/test/auto/ClockDriftAndValueChange.xml
auto.tcl: Setting watchdog for 200 seconds at Wed Aug 07 05:16:46 UTC 2019
52 ms. Memory: 45056K Free: 19224K (43%)
ptolemy.util.test.WatchDog.cancel(): canceling Wed Aug 07 05:16:46 UTC 2019
auto.tcl: Setting watchdog for 200 seconds at Wed Aug 07 05:16:46 UTC 2019
26 ms. Memory: 45056K Free: 16379K (36%)
ptolemy.util.test.WatchDog.cancel(): canceling Wed Aug 07 05:16:46 UTC 2019
------------------ testing $PTII/ptolemy/domains/de/test/auto/ClockDriftChange.xml
auto.tcl: Setting watchdog for 200 seconds at Wed Aug 07 05:16:46 UTC 2019
27 ms. Memory: 45056K Free: 21273K (47%)
ptolemy.util.test.WatchDog.cancel(): canceling Wed Aug 07 05:16:46 UTC 2019
auto.tcl: Setting watchdog for 200 seconds at Wed Aug 07 05:16:46 UTC 2019
21 ms. Memory: 45056K Free: 18713K (42%)
ptolemy.util.test.WatchDog.cancel(): canceling Wed Aug 07 05:16:46 UTC 2019
------------------ testing $PTII/ptolemy/domains/de/test/auto/ComposableCausalityAnalysis.xml
auto.tcl: Setting watchdog for 200 seconds at Wed Aug 07 05:16:46 UTC 2019
2 ms. Memory: 45056K Free: 25935K (58%)
ptolemy.util.test.WatchDog.cancel(): canceling Wed Aug 07 05:16:46 UTC 2019
auto.tcl: Setting watchdog for 200 seconds at Wed Aug 07 05:16:46 UTC 2019
5 ms. Memory: 45056K Free: 24855K (55%)
ptolemy.util.test.WatchDog.cancel(): canceling Wed Aug 07 05:16:46 UTC 2019
------------------ testing $PTII/ptolemy/domains/de/test/auto/DEFixedPointLimitation.xml
auto.tcl: Setting watchdog for 200 seconds at Wed Aug 07 05:16:46 UTC 2019
2 ms. Memory: 45056K Free: 27271K (61%)
ptolemy.util.test.WatchDog.cancel(): canceling Wed Aug 07 05:16:46 UTC 2019
auto.tcl: Setting watchdog for 200 seconds at Wed Aug 07 05:16:46 UTC 2019
2 ms. Memory: 45056K Free: 26356K (58%)
ptolemy.util.test.WatchDog.cancel(): canceling Wed Aug 07 05:16:46 UTC 2019
------------------ testing $PTII/ptolemy/domains/de/test/auto/DEScheduleTest.xml
auto.tcl: Setting watchdog for 200 seconds at Wed Aug 07 05:16:46 UTC 2019
3 ms. Memory: 45056K Free: 27524K (61%)
ptolemy.util.test.WatchDog.cancel(): canceling Wed Aug 07 05:16:46 UTC 2019
auto.tcl: Setting watchdog for 200 seconds at Wed Aug 07 05:16:46 UTC 2019
3 ms. Memory: 45056K Free: 26791K (59%)
ptolemy.util.test.WatchDog.cancel(): canceling Wed Aug 07 05:16:46 UTC 2019
------------------ testing $PTII/ptolemy/domains/de/test/auto/DEinDEwithStartTimes.xml
auto.tcl: Setting watchdog for 200 seconds at Wed Aug 07 05:16:46 UTC 2019
6 ms. Memory: 45056K Free: 25710K (57%)
ptolemy.util.test.WatchDog.cancel(): canceling Wed Aug 07 05:16:46 UTC 2019
auto.tcl: Setting watchdog for 200 seconds at Wed Aug 07 05:16:46 UTC 2019
3 ms. Memory: 45056K Free: 24673K (55%)
ptolemy.util.test.WatchDog.cancel(): canceling Wed Aug 07 05:16:46 UTC 2019
------------------ testing $PTII/ptolemy/domains/de/test/auto/DEinDEwithStartTimes2.xml
auto.tcl: Setting watchdog for 200 seconds at Wed Aug 07 05:16:46 UTC 2019
5 ms. Memory: 45056K Free: 24963K (55%)
ptolemy.util.test.WatchDog.cancel(): canceling Wed Aug 07 05:16:46 UTC 2019
auto.tcl: Setting watchdog for 200 seconds at Wed Aug 07 05:16:46 UTC 2019
5 ms. Memory: 45056K Free: 23631K (52%)
ptolemy.util.test.WatchDog.cancel(): canceling Wed Aug 07 05:16:46 UTC 2019
------------------ testing $PTII/ptolemy/domains/de/test/auto/DateDemo.xml
auto.tcl: Setting watchdog for 200 seconds at Wed Aug 07 05:16:46 UTC 2019
24 ms. Memory: 45056K Free: 19283K (43%)
ptolemy.util.test.WatchDog.cancel(): canceling Wed Aug 07 05:16:46 UTC 2019
auto.tcl: Setting watchdog for 200 seconds at Wed Aug 07 05:16:46 UTC 2019
7 ms. Memory: 45056K Free: 17707K (39%)
ptolemy.util.test.WatchDog.cancel(): canceling Wed Aug 07 05:16:46 UTC 2019
------------------ testing $PTII/ptolemy/domains/de/test/auto/DateToEvent.xml
auto.tcl: Setting watchdog for 200 seconds at Wed Aug 07 05:16:46 UTC 2019
2011 ms. Memory: 45056K Free: 15193K (34%)
ptolemy.util.test.WatchDog.cancel(): canceling Wed Aug 07 05:16:49 UTC 2019
auto.tcl: Setting watchdog for 200 seconds at Wed Aug 07 05:16:49 UTC 2019
2008 ms. Memory: 45056K Free: 14453K (32%)
ptolemy.util.test.WatchDog.cancel(): canceling Wed Aug 07 05:16:51 UTC 2019
------------------ testing $PTII/ptolemy/domains/de/test/auto/DepthTest1.xml
auto.tcl: Setting watchdog for 200 seconds at Wed Aug 07 05:16:51 UTC 2019
3 ms. Memory: 45056K Free: 28472K (63%)
ptolemy.util.test.WatchDog.cancel(): canceling Wed Aug 07 05:16:51 UTC 2019
auto.tcl: Setting watchdog for 200 seconds at Wed Aug 07 05:16:51 UTC 2019
2 ms. Memory: 45056K Free: 27964K (62%)
ptolemy.util.test.WatchDog.cancel(): canceling Wed Aug 07 05:16:51 UTC 2019
------------------ testing $PTII/ptolemy/domains/de/test/auto/DepthTest2.xml
auto.tcl: Setting watchdog for 200 seconds at Wed Aug 07 05:16:51 UTC 2019
3 ms. Memory: 45056K Free: 25214K (56%)
ptolemy.util.test.WatchDog.cancel(): canceling Wed Aug 07 05:16:51 UTC 2019
auto.tcl: Setting watchdog for 200 seconds at Wed Aug 07 05:16:51 UTC 2019
2 ms. Memory: 45056K Free: 24826K (55%)
ptolemy.util.test.WatchDog.cancel(): canceling Wed Aug 07 05:16:51 UTC 2019
------------------ testing $PTII/ptolemy/domains/de/test/auto/DepthTest3.xml
auto.tcl: Setting watchdog for 200 seconds at Wed Aug 07 05:16:51 UTC 2019
4 ms. Memory: 45056K Free: 28667K (64%)
ptolemy.util.test.WatchDog.cancel(): canceling Wed Aug 07 05:16:51 UTC 2019
auto.tcl: Setting watchdog for 200 seconds at Wed Aug 07 05:16:51 UTC 2019
2 ms. Memory: 45056K Free: 28254K (63%)
ptolemy.util.test.WatchDog.cancel(): canceling Wed Aug 07 05:16:51 UTC 2019
------------------ testing $PTII/ptolemy/domains/de/test/auto/DepthTest4.xml
auto.tcl: Setting watchdog for 200 seconds at Wed Aug 07 05:16:51 UTC 2019
5 ms. Memory: 45056K Free: 27024K (60%)
ptolemy.util.test.WatchDog.cancel(): canceling Wed Aug 07 05:16:51 UTC 2019
auto.tcl: Setting watchdog for 200 seconds at Wed Aug 07 05:16:51 UTC 2019
2 ms. Memory: 45056K Free: 26298K (58%)
ptolemy.util.test.WatchDog.cancel(): canceling Wed Aug 07 05:16:51 UTC 2019
------------------ testing $PTII/ptolemy/domains/de/test/auto/DepthTest5.xml
auto.tcl: Setting watchdog for 200 seconds at Wed Aug 07 05:16:51 UTC 2019
3 ms. Memory: 45056K Free: 26425K (59%)
ptolemy.util.test.WatchDog.cancel(): canceling Wed Aug 07 05:16:51 UTC 2019
auto.tcl: Setting watchdog for 200 seconds at Wed Aug 07 05:16:51 UTC 2019
2 ms. Memory: 45056K Free: 25628K (57%)
ptolemy.util.test.WatchDog.cancel(): canceling Wed Aug 07 05:16:51 UTC 2019
------------------ testing $PTII/ptolemy/domains/de/test/auto/DepthTest6.xml
auto.tcl: Setting watchdog for 200 seconds at Wed Aug 07 05:16:51 UTC 2019
4 ms. Memory: 45056K Free: 26147K (58%)
ptolemy.util.test.WatchDog.cancel(): canceling Wed Aug 07 05:16:51 UTC 2019
auto.tcl: Setting watchdog for 200 seconds at Wed Aug 07 05:16:51 UTC 2019
2 ms. Memory: 45056K Free: 25727K (57%)
ptolemy.util.test.WatchDog.cancel(): canceling Wed Aug 07 05:16:51 UTC 2019
------------------ testing $PTII/ptolemy/domains/de/test/auto/DepthTest7.xml
auto.tcl: Setting watchdog for 200 seconds at Wed Aug 07 05:16:51 UTC 2019
3 ms. Memory: 45056K Free: 26949K (60%)
ptolemy.util.test.WatchDog.cancel(): canceling Wed Aug 07 05:16:51 UTC 2019
auto.tcl: Setting watchdog for 200 seconds at Wed Aug 07 05:16:51 UTC 2019
2 ms. Memory: 45056K Free: 26223K (58%)
ptolemy.util.test.WatchDog.cancel(): canceling Wed Aug 07 05:16:51 UTC 2019
------------------ testing $PTII/ptolemy/domains/de/test/auto/EventToDate.xml
auto.tcl: Setting watchdog for 200 seconds at Wed Aug 07 05:16:51 UTC 2019
3008 ms. Memory: 45056K Free: 17756K (39%)
ptolemy.util.test.WatchDog.cancel(): canceling Wed Aug 07 05:16:54 UTC 2019
auto.tcl: Setting watchdog for 200 seconds at Wed Aug 07 05:16:54 UTC 2019
3004 ms. Memory: 45056K Free: 17042K (38%)
ptolemy.util.test.WatchDog.cancel(): canceling Wed Aug 07 05:16:57 UTC 2019
------------------ testing $PTII/ptolemy/domains/de/test/auto/FSM1.xml
auto.tcl: Setting watchdog for 200 seconds at Wed Aug 07 05:16:57 UTC 2019
29 ms. Memory: 45056K Free: 18446K (41%)
ptolemy.util.test.WatchDog.cancel(): canceling Wed Aug 07 05:16:57 UTC 2019
auto.tcl: Setting watchdog for 200 seconds at Wed Aug 07 05:16:57 UTC 2019
31 ms. Memory: 45056K Free: 15284K (34%)
ptolemy.util.test.WatchDog.cancel(): canceling Wed Aug 07 05:16:57 UTC 2019
------------------ testing $PTII/ptolemy/domains/de/test/auto/FSM7.xml
auto.tcl: Setting watchdog for 200 seconds at Wed Aug 07 05:16:57 UTC 2019
14 ms. Memory: 45056K Free: 18665K (41%)
ptolemy.util.test.WatchDog.cancel(): canceling Wed Aug 07 05:16:58 UTC 2019
auto.tcl: Setting watchdog for 200 seconds at Wed Aug 07 05:16:58 UTC 2019
17 ms. Memory: 45056K Free: 15521K (34%)
ptolemy.util.test.WatchDog.cancel(): canceling Wed Aug 07 05:16:58 UTC 2019
------------------ testing $PTII/ptolemy/domains/de/test/auto/Inspection.xml
auto.tcl: Setting watchdog for 200 seconds at Wed Aug 07 05:16:58 UTC 2019
22 ms. Memory: 45056K Free: 18684K (41%)
ptolemy.util.test.WatchDog.cancel(): canceling Wed Aug 07 05:16:58 UTC 2019
auto.tcl: Setting watchdog for 200 seconds at Wed Aug 07 05:16:58 UTC 2019
18 ms. Memory: 45056K Free: 16946K (38%)
ptolemy.util.test.WatchDog.cancel(): canceling Wed Aug 07 05:16:58 UTC 2019
------------------ testing $PTII/ptolemy/domains/de/test/auto/Iteration.xml
auto.tcl: Setting watchdog for 200 seconds at Wed Aug 07 05:16:58 UTC 2019
7 ms. Memory: 45056K Free: 24408K (54%)
ptolemy.util.test.WatchDog.cancel(): canceling Wed Aug 07 05:16:58 UTC 2019
auto.tcl: Setting watchdog for 200 seconds at Wed Aug 07 05:16:58 UTC 2019
6 ms. Memory: 45056K Free: 23018K (51%)
ptolemy.util.test.WatchDog.cancel(): canceling Wed Aug 07 05:16:58 UTC 2019
------------------ testing $PTII/ptolemy/domains/de/test/auto/LineFault.xml
auto.tcl: Setting watchdog for 200 seconds at Wed Aug 07 05:16:58 UTC 2019
809 ms. Memory: 54272K Free: 21985K (41%)
ptolemy.util.test.WatchDog.cancel(): canceling Wed Aug 07 05:16:59 UTC 2019
auto.tcl: Setting watchdog for 200 seconds at Wed Aug 07 05:16:59 UTC 2019
614 ms. Memory: 54272K Free: 36456K (67%)
ptolemy.util.test.WatchDog.cancel(): canceling Wed Aug 07 05:16:59 UTC 2019
------------------ testing $PTII/ptolemy/domains/de/test/auto/MergeModel1Add.xml
auto.tcl: Setting watchdog for 200 seconds at Wed Aug 07 05:17:00 UTC 2019
17 ms. Memory: 51200K Free: 16531K (32%)
ptolemy.util.test.WatchDog.cancel(): canceling Wed Aug 07 05:17:00 UTC 2019
auto.tcl: Setting watchdog for 200 seconds at Wed Aug 07 05:17:00 UTC 2019
11 ms. Memory: 51200K Free: 14901K (29%)
ptolemy.util.test.WatchDog.cancel(): canceling Wed Aug 07 05:17:00 UTC 2019
------------------ testing $PTII/ptolemy/domains/de/test/auto/MergeModel2Add.xml
auto.tcl: Setting watchdog for 200 seconds at Wed Aug 07 05:17:00 UTC 2019
11 ms. Memory: 48128K Free: 15482K (32%)
ptolemy.util.test.WatchDog.cancel(): canceling Wed Aug 07 05:17:00 UTC 2019
auto.tcl: Setting watchdog for 200 seconds at Wed Aug 07 05:17:00 UTC 2019
10 ms. Memory: 48128K Free: 13561K (28%)
ptolemy.util.test.WatchDog.cancel(): canceling Wed Aug 07 05:17:00 UTC 2019
------------------ testing $PTII/ptolemy/domains/de/test/auto/MergeModel3Add.xml
auto.tcl: Setting watchdog for 200 seconds at Wed Aug 07 05:17:00 UTC 2019
9 ms. Memory: 48128K Free: 15523K (32%)
ptolemy.util.test.WatchDog.cancel(): canceling Wed Aug 07 05:17:00 UTC 2019
auto.tcl: Setting watchdog for 200 seconds at Wed Aug 07 05:17:00 UTC 2019
8 ms. Memory: 48128K Free: 13986K (29%)
ptolemy.util.test.WatchDog.cancel(): canceling Wed Aug 07 05:17:00 UTC 2019
------------------ testing $PTII/ptolemy/domains/de/test/auto/MergeWithoutDiscard.xml
auto.tcl: Setting watchdog for 200 seconds at Wed Aug 07 05:17:00 UTC 2019
1 ms. Memory: 48128K Free: 30108K (63%)
ptolemy.util.test.WatchDog.cancel(): canceling Wed Aug 07 05:17:00 UTC 2019
auto.tcl: Setting watchdog for 200 seconds at Wed Aug 07 05:17:00 UTC 2019
1 ms. Memory: 48128K Free: 29662K (62%)
ptolemy.util.test.WatchDog.cancel(): canceling Wed Aug 07 05:17:00 UTC 2019
------------------ testing $PTII/ptolemy/domains/de/test/auto/Modal1.xml
auto.tcl: Setting watchdog for 200 seconds at Wed Aug 07 05:17:00 UTC 2019
11 ms. Memory: 48128K Free: 22234K (46%)
ptolemy.util.test.WatchDog.cancel(): canceling Wed Aug 07 05:17:00 UTC 2019
auto.tcl: Setting watchdog for 200 seconds at Wed Aug 07 05:17:00 UTC 2019
13 ms. Memory: 48128K Free: 18997K (39%)
ptolemy.util.test.WatchDog.cancel(): canceling Wed Aug 07 05:17:00 UTC 2019
------------------ testing $PTII/ptolemy/domains/de/test/auto/Modal2.xml
auto.tcl: Setting watchdog for 200 seconds at Wed Aug 07 05:17:00 UTC 2019
19 ms. Memory: 48128K Free: 22112K (46%)
ptolemy.util.test.WatchDog.cancel(): canceling Wed Aug 07 05:17:00 UTC 2019
auto.tcl: Setting watchdog for 200 seconds at Wed Aug 07 05:17:00 UTC 2019
14 ms. Memory: 48128K Free: 18898K (39%)
ptolemy.util.test.WatchDog.cancel(): canceling Wed Aug 07 05:17:00 UTC 2019
------------------ testing $PTII/ptolemy/domains/de/test/auto/Modal3.xml
auto.tcl: Setting watchdog for 200 seconds at Wed Aug 07 05:17:00 UTC 2019
16 ms. Memory: 48128K Free: 22111K (46%)
ptolemy.util.test.WatchDog.cancel(): canceling Wed Aug 07 05:17:00 UTC 2019
auto.tcl: Setting watchdog for 200 seconds at Wed Aug 07 05:17:00 UTC 2019
11 ms. Memory: 48128K Free: 18879K (39%)
ptolemy.util.test.WatchDog.cancel(): canceling Wed Aug 07 05:17:00 UTC 2019
------------------ testing $PTII/ptolemy/domains/de/test/auto/Modal4.xml
auto.tcl: Setting watchdog for 200 seconds at Wed Aug 07 05:17:00 UTC 2019
25 ms. Memory: 48128K Free: 21059K (44%)
ptolemy.util.test.WatchDog.cancel(): canceling Wed Aug 07 05:17:00 UTC 2019
auto.tcl: Setting watchdog for 200 seconds at Wed Aug 07 05:17:00 UTC 2019
25 ms. Memory: 48128K Free: 17239K (36%)
ptolemy.util.test.WatchDog.cancel(): canceling Wed Aug 07 05:17:00 UTC 2019
------------------ testing $PTII/ptolemy/domains/de/test/auto/Modal5.xml
auto.tcl: Setting watchdog for 200 seconds at Wed Aug 07 05:17:00 UTC 2019
11 ms. Memory: 48128K Free: 21083K (44%)
ptolemy.util.test.WatchDog.cancel(): canceling Wed Aug 07 05:17:00 UTC 2019
auto.tcl: Setting watchdog for 200 seconds at Wed Aug 07 05:17:00 UTC 2019
13 ms. Memory: 48128K Free: 17225K (36%)
ptolemy.util.test.WatchDog.cancel(): canceling Wed Aug 07 05:17:00 UTC 2019
------------------ testing $PTII/ptolemy/domains/de/test/auto/Modal6.xml
auto.tcl: Setting watchdog for 200 seconds at Wed Aug 07 05:17:01 UTC 2019
23 ms. Memory: 48128K Free: 21870K (45%)
ptolemy.util.test.WatchDog.cancel(): canceling Wed Aug 07 05:17:01 UTC 2019
auto.tcl: Setting watchdog for 200 seconds at Wed Aug 07 05:17:01 UTC 2019
14 ms. Memory: 48128K Free: 18247K (38%)
ptolemy.util.test.WatchDog.cancel(): canceling Wed Aug 07 05:17:01 UTC 2019
------------------ testing $PTII/ptolemy/domains/de/test/auto/Modal7.xml
auto.tcl: Setting watchdog for 200 seconds at Wed Aug 07 05:17:01 UTC 2019
10 ms. Memory: 48128K Free: 20845K (43%)
ptolemy.util.test.WatchDog.cancel(): canceling Wed Aug 07 05:17:01 UTC 2019
auto.tcl: Setting watchdog for 200 seconds at Wed Aug 07 05:17:01 UTC 2019
11 ms. Memory: 48128K Free: 17502K (36%)
ptolemy.util.test.WatchDog.cancel(): canceling Wed Aug 07 05:17:01 UTC 2019
------------------ testing $PTII/ptolemy/domains/de/test/auto/ModalModel.xml
auto.tcl: Setting watchdog for 200 seconds at Wed Aug 07 05:17:01 UTC 2019
212 ms. Memory: 58368K Free: 20423K (35%)
ptolemy.util.test.WatchDog.cancel(): canceling Wed Aug 07 05:17:01 UTC 2019
auto.tcl: Setting watchdog for 200 seconds at Wed Aug 07 05:17:01 UTC 2019
185 ms. Memory: 58368K Free: 17422K (30%)
ptolemy.util.test.WatchDog.cancel(): canceling Wed Aug 07 05:17:01 UTC 2019
------------------ testing $PTII/ptolemy/domains/de/test/auto/ModalSource.xml
auto.tcl: Setting watchdog for 200 seconds at Wed Aug 07 05:17:01 UTC 2019
10 ms. Memory: 48128K Free: 25896K (54%)
ptolemy.util.test.WatchDog.cancel(): canceling Wed Aug 07 05:17:01 UTC 2019
auto.tcl: Setting watchdog for 200 seconds at Wed Aug 07 05:17:01 UTC 2019
9 ms. Memory: 48128K Free: 23848K (50%)
ptolemy.util.test.WatchDog.cancel(): canceling Wed Aug 07 05:17:01 UTC 2019
------------------ testing $PTII/ptolemy/domains/de/test/auto/NonInterruptibleTimerZeroDelay.xml
auto.tcl: Setting watchdog for 200 seconds at Wed Aug 07 05:17:01 UTC 2019
3 ms. Memory: 48128K Free: 31124K (65%)
ptolemy.util.test.WatchDog.cancel(): canceling Wed Aug 07 05:17:01 UTC 2019
auto.tcl: Setting watchdog for 200 seconds at Wed Aug 07 05:17:01 UTC 2019
2 ms. Memory: 48128K Free: 30215K (63%)
ptolemy.util.test.WatchDog.cancel(): canceling Wed Aug 07 05:17:01 UTC 2019
------------------ testing $PTII/ptolemy/domains/de/test/auto/OpenQueueingNetwork.xml
auto.tcl: Setting watchdog for 200 seconds at Wed Aug 07 05:17:01 UTC 2019
3013 ms. Memory: 131072K Free: 83661K (64%)
ptolemy.util.test.WatchDog.cancel(): canceling Wed Aug 07 05:17:05 UTC 2019
auto.tcl: Setting watchdog for 200 seconds at Wed Aug 07 05:17:05 UTC 2019
2737 ms. Memory: 157696K Free: 50980K (32%)
ptolemy.util.test.WatchDog.cancel(): canceling Wed Aug 07 05:17:07 UTC 2019
------------------ testing $PTII/ptolemy/domains/de/test/auto/OpenQueuingNetwork.xml
auto.tcl: Setting watchdog for 200 seconds at Wed Aug 07 05:17:07 UTC 2019
259 ms. Memory: 66560K Free: 44783K (67%)
ptolemy.util.test.WatchDog.cancel(): canceling Wed Aug 07 05:17:08 UTC 2019
auto.tcl: Setting watchdog for 200 seconds at Wed Aug 07 05:17:08 UTC 2019
237 ms. Memory: 66560K Free: 32947K (49%)
ptolemy.util.test.WatchDog.cancel(): canceling Wed Aug 07 05:17:08 UTC 2019
------------------ testing $PTII/ptolemy/domains/de/test/auto/PeriodicSampler.xml
auto.tcl: Setting watchdog for 200 seconds at Wed Aug 07 05:17:08 UTC 2019
3 ms. Memory: 48128K Free: 30030K (62%)
ptolemy.util.test.WatchDog.cancel(): canceling Wed Aug 07 05:17:08 UTC 2019
auto.tcl: Setting watchdog for 200 seconds at Wed Aug 07 05:17:08 UTC 2019
2 ms. Memory: 48128K Free: 29518K (61%)
ptolemy.util.test.WatchDog.cancel(): canceling Wed Aug 07 05:17:08 UTC 2019
------------------ testing $PTII/ptolemy/domains/de/test/auto/PersistentIO.xml
auto.tcl: Setting watchdog for 200 seconds at Wed Aug 07 05:17:08 UTC 2019
10 ms. Memory: 48128K Free: 24954K (52%)
ptolemy.util.test.WatchDog.cancel(): canceling Wed Aug 07 05:17:08 UTC 2019
auto.tcl: Setting watchdog for 200 seconds at Wed Aug 07 05:17:08 UTC 2019
3 ms. Memory: 48128K Free: 23451K (49%)
ptolemy.util.test.WatchDog.cancel(): canceling Wed Aug 07 05:17:08 UTC 2019
------------------ testing $PTII/ptolemy/domains/de/test/auto/PortParameterResetOnInitialize.xml
auto.tcl: Setting watchdog for 200 seconds at Wed Aug 07 05:17:08 UTC 2019
9 ms. Memory: 48128K Free: 30198K (63%)
ptolemy.util.test.WatchDog.cancel(): canceling Wed Aug 07 05:17:08 UTC 2019
auto.tcl: Setting watchdog for 200 seconds at Wed Aug 07 05:17:08 UTC 2019
2 ms. Memory: 48128K Free: 29704K (62%)
ptolemy.util.test.WatchDog.cancel(): canceling Wed Aug 07 05:17:08 UTC 2019
------------------ testing $PTII/ptolemy/domains/de/test/auto/PortParameterUpdates.xml
auto.tcl: Setting watchdog for 200 seconds at Wed Aug 07 05:17:08 UTC 2019
3 ms. Memory: 48128K Free: 28272K (59%)
ptolemy.util.test.WatchDog.cancel(): canceling Wed Aug 07 05:17:08 UTC 2019
auto.tcl: Setting watchdog for 200 seconds at Wed Aug 07 05:17:08 UTC 2019
4 ms. Memory: 48128K Free: 27037K (56%)
ptolemy.util.test.WatchDog.cancel(): canceling Wed Aug 07 05:17:08 UTC 2019
------------------ testing $PTII/ptolemy/domains/de/test/auto/QueueAndServer.xml
auto.tcl: Setting watchdog for 200 seconds at Wed Aug 07 05:17:08 UTC 2019
16 ms. Memory: 48128K Free: 26955K (56%)
ptolemy.util.test.WatchDog.cancel(): canceling Wed Aug 07 05:17:08 UTC 2019
auto.tcl: Setting watchdog for 200 seconds at Wed Aug 07 05:17:08 UTC 2019
12 ms. Memory: 48128K Free: 25495K (53%)
ptolemy.util.test.WatchDog.cancel(): canceling Wed Aug 07 05:17:08 UTC 2019
------------------ testing $PTII/ptolemy/domains/de/test/auto/Records.xml
auto.tcl: Setting watchdog for 200 seconds at Wed Aug 07 05:17:08 UTC 2019
9 ms. Memory: 48128K Free: 29480K (61%)
ptolemy.util.test.WatchDog.cancel(): canceling Wed Aug 07 05:17:08 UTC 2019
auto.tcl: Setting watchdog for 200 seconds at Wed Aug 07 05:17:08 UTC 2019
3 ms. Memory: 48128K Free: 28994K (60%)
ptolemy.util.test.WatchDog.cancel(): canceling Wed Aug 07 05:17:08 UTC 2019
------------------ testing $PTII/ptolemy/domains/de/test/auto/ResetTransitionWithStartTime1.xml
auto.tcl: Setting watchdog for 200 seconds at Wed Aug 07 05:17:08 UTC 2019
12 ms. Memory: 48128K Free: 26438K (55%)
ptolemy.util.test.WatchDog.cancel(): canceling Wed Aug 07 05:17:08 UTC 2019
auto.tcl: Setting watchdog for 200 seconds at Wed Aug 07 05:17:08 UTC 2019
6 ms. Memory: 48128K Free: 24427K (51%)
ptolemy.util.test.WatchDog.cancel(): canceling Wed Aug 07 05:17:08 UTC 2019
------------------ testing $PTII/ptolemy/domains/de/test/auto/ResetTransitionWithStartTime2.xml
auto.tcl: Setting watchdog for 200 seconds at Wed Aug 07 05:17:09 UTC 2019
7 ms. Memory: 48128K Free: 26393K (55%)
ptolemy.util.test.WatchDog.cancel(): canceling Wed Aug 07 05:17:09 UTC 2019
auto.tcl: Setting watchdog for 200 seconds at Wed Aug 07 05:17:09 UTC 2019
7 ms. Memory: 48128K Free: 24345K (51%)
ptolemy.util.test.WatchDog.cancel(): canceling Wed Aug 07 05:17:09 UTC 2019
------------------ testing $PTII/ptolemy/domains/de/test/auto/ResetTransitionWithStartTime3.xml
auto.tcl: Setting watchdog for 200 seconds at Wed Aug 07 05:17:09 UTC 2019
10 ms. Memory: 48128K Free: 26392K (55%)
ptolemy.util.test.WatchDog.cancel(): canceling Wed Aug 07 05:17:09 UTC 2019
auto.tcl: Setting watchdog for 200 seconds at Wed Aug 07 05:17:09 UTC 2019
5 ms. Memory: 48128K Free: 24377K (51%)
ptolemy.util.test.WatchDog.cancel(): canceling Wed Aug 07 05:17:09 UTC 2019
------------------ testing $PTII/ptolemy/domains/de/test/auto/ResetTransitionWithStartTime4.xml
auto.tcl: Setting watchdog for 200 seconds at Wed Aug 07 05:17:09 UTC 2019
7 ms. Memory: 48128K Free: 26856K (56%)
ptolemy.util.test.WatchDog.cancel(): canceling Wed Aug 07 05:17:09 UTC 2019
auto.tcl: Setting watchdog for 200 seconds at Wed Aug 07 05:17:09 UTC 2019
3 ms. Memory: 48128K Free: 25436K (53%)
ptolemy.util.test.WatchDog.cancel(): canceling Wed Aug 07 05:17:09 UTC 2019
------------------ testing $PTII/ptolemy/domains/de/test/auto/ResettableTimer1.xml
auto.tcl: Setting watchdog for 200 seconds at Wed Aug 07 05:17:09 UTC 2019
4 ms. Memory: 48128K Free: 30677K (64%)
ptolemy.util.test.WatchDog.cancel(): canceling Wed Aug 07 05:17:09 UTC 2019
auto.tcl: Setting watchdog for 200 seconds at Wed Aug 07 05:17:09 UTC 2019
3 ms. Memory: 48128K Free: 29998K (62%)
ptolemy.util.test.WatchDog.cancel(): canceling Wed Aug 07 05:17:09 UTC 2019
------------------ testing $PTII/ptolemy/domains/de/test/auto/ResettableTimer2.xml
auto.tcl: Setting watchdog for 200 seconds at Wed Aug 07 05:17:09 UTC 2019
2 ms. Memory: 48128K Free: 30647K (64%)
ptolemy.util.test.WatchDog.cancel(): canceling Wed Aug 07 05:17:09 UTC 2019
auto.tcl: Setting watchdog for 200 seconds at Wed Aug 07 05:17:09 UTC 2019
2 ms. Memory: 48128K Free: 29570K (61%)
ptolemy.util.test.WatchDog.cancel(): canceling Wed Aug 07 05:17:09 UTC 2019
------------------ testing $PTII/ptolemy/domains/de/test/auto/ResettableTimer3.xml
auto.tcl: Setting watchdog for 200 seconds at Wed Aug 07 05:17:09 UTC 2019
1 ms. Memory: 48128K Free: 30938K (64%)
ptolemy.util.test.WatchDog.cancel(): canceling Wed Aug 07 05:17:09 UTC 2019
auto.tcl: Setting watchdog for 200 seconds at Wed Aug 07 05:17:09 UTC 2019
1 ms. Memory: 48128K Free: 30022K (62%)
ptolemy.util.test.WatchDog.cancel(): canceling Wed Aug 07 05:17:09 UTC 2019
------------------ testing $PTII/ptolemy/domains/de/test/auto/ResettableTimer4.xml
auto.tcl: Setting watchdog for 200 seconds at Wed Aug 07 05:17:09 UTC 2019
1 ms. Memory: 48128K Free: 30539K (63%)
ptolemy.util.test.WatchDog.cancel(): canceling Wed Aug 07 05:17:09 UTC 2019
auto.tcl: Setting watchdog for 200 seconds at Wed Aug 07 05:17:09 UTC 2019
1 ms. Memory: 48128K Free: 30049K (62%)
ptolemy.util.test.WatchDog.cancel(): canceling Wed Aug 07 05:17:09 UTC 2019
------------------ testing $PTII/ptolemy/domains/de/test/auto/ResettableTimer5.xml
auto.tcl: Setting watchdog for 200 seconds at Wed Aug 07 05:17:09 UTC 2019
2 ms. Memory: 48128K Free: 30537K (63%)
ptolemy.util.test.WatchDog.cancel(): canceling Wed Aug 07 05:17:09 UTC 2019
auto.tcl: Setting watchdog for 200 seconds at Wed Aug 07 05:17:09 UTC 2019
1 ms. Memory: 48128K Free: 30047K (62%)
ptolemy.util.test.WatchDog.cancel(): canceling Wed Aug 07 05:17:09 UTC 2019
------------------ testing $PTII/ptolemy/domains/de/test/auto/ResettableTimer6.xml
auto.tcl: Setting watchdog for 200 seconds at Wed Aug 07 05:17:09 UTC 2019
2 ms. Memory: 48128K Free: 30007K (62%)
ptolemy.util.test.WatchDog.cancel(): canceling Wed Aug 07 05:17:09 UTC 2019
auto.tcl: Setting watchdog for 200 seconds at Wed Aug 07 05:17:09 UTC 2019
2 ms. Memory: 48128K Free: 29522K (61%)
ptolemy.util.test.WatchDog.cancel(): canceling Wed Aug 07 05:17:09 UTC 2019
------------------ testing $PTII/ptolemy/domains/de/test/auto/ServerZeroDelay.xml
auto.tcl: Setting watchdog for 200 seconds at Wed Aug 07 05:17:09 UTC 2019
3 ms. Memory: 48128K Free: 30518K (63%)
ptolemy.util.test.WatchDog.cancel(): canceling Wed Aug 07 05:17:09 UTC 2019
auto.tcl: Setting watchdog for 200 seconds at Wed Aug 07 05:17:09 UTC 2019
3 ms. Memory: 48128K Free: 29501K (61%)
ptolemy.util.test.WatchDog.cancel(): canceling Wed Aug 07 05:17:09 UTC 2019
------------------ testing $PTII/ptolemy/domains/de/test/auto/SmartSender.xml
auto.tcl: Setting watchdog for 200 seconds at Wed Aug 07 05:17:09 UTC 2019
3001 ms. Memory: 48128K Free: 30514K (63%)
ptolemy.util.test.WatchDog.cancel(): canceling Wed Aug 07 05:17:12 UTC 2019
auto.tcl: Setting watchdog for 200 seconds at Wed Aug 07 05:17:12 UTC 2019
3002 ms. Memory: 48128K Free: 29994K (62%)
ptolemy.util.test.WatchDog.cancel(): canceling Wed Aug 07 05:17:15 UTC 2019
------------------ testing $PTII/ptolemy/domains/de/test/auto/ThreadedComposite.xml
auto.tcl: Setting watchdog for 200 seconds at Wed Aug 07 05:17:15 UTC 2019
267 ms. Memory: 48128K Free: 12095K (25%)
ptolemy.util.test.WatchDog.cancel(): canceling Wed Aug 07 05:17:16 UTC 2019
auto.tcl: Setting watchdog for 200 seconds at Wed Aug 07 05:17:16 UTC 2019
157 ms. Memory: 48128K Free: 26447K (55%)
ptolemy.util.test.WatchDog.cancel(): canceling Wed Aug 07 05:17:16 UTC 2019
------------------ testing $PTII/ptolemy/domains/de/test/auto/Time.xml
auto.tcl: Setting watchdog for 200 seconds at Wed Aug 07 05:17:16 UTC 2019
681 ms. Memory: 48128K Free: 30705K (64%)
ptolemy.util.test.WatchDog.cancel(): canceling Wed Aug 07 05:17:17 UTC 2019
auto.tcl: Setting watchdog for 200 seconds at Wed Aug 07 05:17:17 UTC 2019
676 ms. Memory: 48128K Free: 30713K (64%)
ptolemy.util.test.WatchDog.cancel(): canceling Wed Aug 07 05:17:17 UTC 2019
------------------ testing $PTII/ptolemy/domains/de/test/auto/TimeDelayZeroDelay.xml
auto.tcl: Setting watchdog for 200 seconds at Wed Aug 07 05:17:17 UTC 2019
2 ms. Memory: 48128K Free: 30442K (63%)
ptolemy.util.test.WatchDog.cancel(): canceling Wed Aug 07 05:17:17 UTC 2019
auto.tcl: Setting watchdog for 200 seconds at Wed Aug 07 05:17:17 UTC 2019
2 ms. Memory: 48128K Free: 29567K (61%)
ptolemy.util.test.WatchDog.cancel(): canceling Wed Aug 07 05:17:17 UTC 2019
------------------ testing $PTII/ptolemy/domains/de/test/auto/TimerZeroDelay.xml
auto.tcl: Setting watchdog for 200 seconds at Wed Aug 07 05:17:17 UTC 2019
4 ms. Memory: 48128K Free: 30485K (63%)
ptolemy.util.test.WatchDog.cancel(): canceling Wed Aug 07 05:17:17 UTC 2019
auto.tcl: Setting watchdog for 200 seconds at Wed Aug 07 05:17:17 UTC 2019
2 ms. Memory: 48128K Free: 29650K (62%)
ptolemy.util.test.WatchDog.cancel(): canceling Wed Aug 07 05:17:17 UTC 2019
------------------ testing $PTII/ptolemy/domains/de/test/auto/TimingParadox.xml
auto.tcl: Setting watchdog for 200 seconds at Wed Aug 07 05:17:17 UTC 2019
467 ms. Memory: 48128K Free: 14545K (30%)
ptolemy.util.test.WatchDog.cancel(): canceling Wed Aug 07 05:17:18 UTC 2019
auto.tcl: Setting watchdog for 200 seconds at Wed Aug 07 05:17:18 UTC 2019
429 ms. Memory: 58368K Free: 36661K (63%)
ptolemy.util.test.WatchDog.cancel(): canceling Wed Aug 07 05:17:18 UTC 2019
------------------ testing $PTII/ptolemy/domains/de/test/auto/TransferInputs.xml
auto.tcl: Setting watchdog for 200 seconds at Wed Aug 07 05:17:18 UTC 2019
2 ms. Memory: 51200K Free: 32025K (63%)
ptolemy.util.test.WatchDog.cancel(): canceling Wed Aug 07 05:17:18 UTC 2019
auto.tcl: Setting watchdog for 200 seconds at Wed Aug 07 05:17:18 UTC 2019
1 ms. Memory: 51200K Free: 31127K (61%)
ptolemy.util.test.WatchDog.cancel(): canceling Wed Aug 07 05:17:19 UTC 2019
------------------ testing $PTII/ptolemy/domains/de/test/auto/TransferOutputs2.xml
auto.tcl: Setting watchdog for 200 seconds at Wed Aug 07 05:17:19 UTC 2019
4 ms. Memory: 48128K Free: 26395K (55%)
ptolemy.util.test.WatchDog.cancel(): canceling Wed Aug 07 05:17:19 UTC 2019
auto.tcl: Setting watchdog for 200 seconds at Wed Aug 07 05:17:19 UTC 2019
3 ms. Memory: 48128K Free: 25011K (52%)
ptolemy.util.test.WatchDog.cancel(): canceling Wed Aug 07 05:17:19 UTC 2019
------------------ testing $PTII/ptolemy/domains/de/test/auto/Trilateration.xml
auto.tcl: Setting watchdog for 200 seconds at Wed Aug 07 05:17:19 UTC 2019
15377 ms. Memory: 466944K Free: 237960K (51%)
ptolemy.util.test.WatchDog.cancel(): canceling Wed Aug 07 05:17:35 UTC 2019
auto.tcl: Setting watchdog for 200 seconds at Wed Aug 07 05:17:35 UTC 2019
11754 ms. Memory: 466944K Free: 369255K (79%)
ptolemy.util.test.WatchDog.cancel(): canceling Wed Aug 07 05:17:47 UTC 2019
------------------ testing $PTII/ptolemy/domains/de/test/auto/TwoSigmaDelta.xml
auto.tcl: Setting watchdog for 200 seconds at Wed Aug 07 05:17:47 UTC 2019
2838 ms. Memory: 86016K Free: 50663K (59%)
ptolemy.util.test.WatchDog.cancel(): canceling Wed Aug 07 05:17:50 UTC 2019
auto.tcl: Setting watchdog for 200 seconds at Wed Aug 07 05:17:50 UTC 2019
2214 ms. Memory: 86016K Free: 36317K (42%)
ptolemy.util.test.WatchDog.cancel(): canceling Wed Aug 07 05:17:52 UTC 2019
------------------ testing $PTII/ptolemy/domains/de/test/auto/VariableDelay.xml
auto.tcl: Setting watchdog for 200 seconds at Wed Aug 07 05:17:52 UTC 2019
3 ms. Memory: 48128K Free: 29447K (61%)
ptolemy.util.test.WatchDog.cancel(): canceling Wed Aug 07 05:17:52 UTC 2019
auto.tcl: Setting watchdog for 200 seconds at Wed Aug 07 05:17:52 UTC 2019
2 ms. Memory: 48128K Free: 28407K (59%)
ptolemy.util.test.WatchDog.cancel(): canceling Wed Aug 07 05:17:52 UTC 2019
------------------ testing $PTII/ptolemy/domains/de/test/auto/VariableDelay2.xml
auto.tcl: Setting watchdog for 200 seconds at Wed Aug 07 05:17:52 UTC 2019
8 ms. Memory: 48128K Free: 29830K (62%)
ptolemy.util.test.WatchDog.cancel(): canceling Wed Aug 07 05:17:52 UTC 2019
auto.tcl: Setting watchdog for 200 seconds at Wed Aug 07 05:17:52 UTC 2019
2 ms. Memory: 48128K Free: 29350K (61%)
ptolemy.util.test.WatchDog.cancel(): canceling Wed Aug 07 05:17:52 UTC 2019
------------------ testing $PTII/ptolemy/domains/de/test/auto/VariableDelayZeroDelay.xml
auto.tcl: Setting watchdog for 200 seconds at Wed Aug 07 05:17:52 UTC 2019
2 ms. Memory: 48128K Free: 30494K (63%)
ptolemy.util.test.WatchDog.cancel(): canceling Wed Aug 07 05:17:53 UTC 2019
auto.tcl: Setting watchdog for 200 seconds at Wed Aug 07 05:17:53 UTC 2019
2 ms. Memory: 48128K Free: 29860K (62%)
ptolemy.util.test.WatchDog.cancel(): canceling Wed Aug 07 05:17:53 UTC 2019
------------------ testing $PTII/ptolemy/domains/de/test/auto/VariableDelayZeroDelay2.xml
auto.tcl: Setting watchdog for 200 seconds at Wed Aug 07 05:17:53 UTC 2019
5 ms. Memory: 48128K Free: 30372K (63%)
ptolemy.util.test.WatchDog.cancel(): canceling Wed Aug 07 05:17:53 UTC 2019
auto.tcl: Setting watchdog for 200 seconds at Wed Aug 07 05:17:53 UTC 2019
3 ms. Memory: 48128K Free: 29363K (61%)
ptolemy.util.test.WatchDog.cancel(): canceling Wed Aug 07 05:17:53 UTC 2019
------------------ testing $PTII/ptolemy/domains/de/test/auto/deInCt.xml
auto.tcl: Setting watchdog for 200 seconds at Wed Aug 07 05:17:53 UTC 2019
0
1
1
0
0
0
1
1
1
0
0
0
1
1
1
0
0
0
1
1
1
0
0
1
1
1
0
0
0
1
1
1
1
0
0
0
0
0
0
1
1
1
1
11 ms. Memory: 48128K Free: 29346K (61%)
ptolemy.util.test.WatchDog.cancel(): canceling Wed Aug 07 05:17:53 UTC 2019
auto.tcl: Setting watchdog for 200 seconds at Wed Aug 07 05:17:53 UTC 2019
0
1
1
1
0
0
0
1
1
1
0
0
0
0
1
1
1
0
0
0
0
1
1
1
0
0
0
1
1
1
0
0
0
0
1
1
1
0
0
0
1
1
1
1
1
10 ms. Memory: 48128K Free: 27809K (58%)
ptolemy.util.test.WatchDog.cancel(): canceling Wed Aug 07 05:17:53 UTC 2019
------------------ testing $PTII/ptolemy/domains/de/test/auto/deInCt2.xml
auto.tcl: Setting watchdog for 200 seconds at Wed Aug 07 05:17:53 UTC 2019
0
1
1
1
0
0
1
1
1
0
0
1
1
1
0
0
1
1
1
0
0
1
1
1
0
0
1
1
1
0
0
1
1
1
0
0
1
1
1
0
0
0
9 ms. Memory: 48128K Free: 29348K (61%)
ptolemy.util.test.WatchDog.cancel(): canceling Wed Aug 07 05:17:53 UTC 2019
auto.tcl: Setting watchdog for 200 seconds at Wed Aug 07 05:17:53 UTC 2019
0
1
1
1
0
0
1
1
1
0
0
1
1
1
0
0
1
1
1
0
0
1
1
1
0
0
1
1
1
0
0
1
1
1
0
0
1
1
1
0
0
0
9 ms. Memory: 48128K Free: 27811K (58%)
ptolemy.util.test.WatchDog.cancel(): canceling Wed Aug 07 05:17:53 UTC 2019
------------------ testing $PTII/ptolemy/domains/de/test/auto/dynamicCausalityInterface1.xml
auto.tcl: Setting watchdog for 200 seconds at Wed Aug 07 05:17:53 UTC 2019
2 ms. Memory: 48128K Free: 25260K (52%)
ptolemy.util.test.WatchDog.cancel(): canceling Wed Aug 07 05:17:53 UTC 2019
auto.tcl: Setting watchdog for 200 seconds at Wed Aug 07 05:17:53 UTC 2019
1 ms. Memory: 48128K Free: 24748K (51%)
ptolemy.util.test.WatchDog.cancel(): canceling Wed Aug 07 05:17:53 UTC 2019
------------------ testing $PTII/ptolemy/domains/de/test/auto/fsm_de_test.xml
auto.tcl: Setting watchdog for 200 seconds at Wed Aug 07 05:17:53 UTC 2019
15 ms. Memory: 48128K Free: 25145K (52%)
ptolemy.util.test.WatchDog.cancel(): canceling Wed Aug 07 05:17:53 UTC 2019
auto.tcl: Setting watchdog for 200 seconds at Wed Aug 07 05:17:53 UTC 2019
10 ms. Memory: 48128K Free: 23097K (48%)
ptolemy.util.test.WatchDog.cancel(): canceling Wed Aug 07 05:17:53 UTC 2019
------------------ testing $PTII/ptolemy/domains/de/test/auto/functionDependencyReconstruction.xml
auto.tcl: Setting watchdog for 200 seconds at Wed Aug 07 05:17:53 UTC 2019
3 ms. Memory: 48128K Free: 18991K (39%)
ptolemy.util.test.WatchDog.cancel(): canceling Wed Aug 07 05:17:53 UTC 2019
auto.tcl: Setting watchdog for 200 seconds at Wed Aug 07 05:17:53 UTC 2019
2 ms. Memory: 48128K Free: 16943K (35%)
ptolemy.util.test.WatchDog.cancel(): canceling Wed Aug 07 05:17:53 UTC 2019
------------------ testing $PTII/ptolemy/domains/de/test/auto/multirate.xml
auto.tcl: Setting watchdog for 200 seconds at Wed Aug 07 05:17:53 UTC 2019
4 ms. Memory: 48128K Free: 27796K (58%)
ptolemy.util.test.WatchDog.cancel(): canceling Wed Aug 07 05:17:53 UTC 2019
auto.tcl: Setting watchdog for 200 seconds at Wed Aug 07 05:17:53 UTC 2019
3 ms. Memory: 48128K Free: 26046K (54%)
ptolemy.util.test.WatchDog.cancel(): canceling Wed Aug 07 05:17:53 UTC 2019
------------------ testing $PTII/ptolemy/domains/de/test/auto/multirate2.xml
auto.tcl: Setting watchdog for 200 seconds at Wed Aug 07 05:17:53 UTC 2019
4 ms. Memory: 48128K Free: 27742K (58%)
ptolemy.util.test.WatchDog.cancel(): canceling Wed Aug 07 05:17:53 UTC 2019
auto.tcl: Setting watchdog for 200 seconds at Wed Aug 07 05:17:53 UTC 2019
3 ms. Memory: 48128K Free: 26252K (55%)
ptolemy.util.test.WatchDog.cancel(): canceling Wed Aug 07 05:17:53 UTC 2019
------------------ testing $PTII/ptolemy/domains/de/test/auto/realtime.xml
auto.tcl: Setting watchdog for 200 seconds at Wed Aug 07 05:17:53 UTC 2019
10003 ms. Memory: 48128K Free: 30048K (62%)
ptolemy.util.test.WatchDog.cancel(): canceling Wed Aug 07 05:18:03 UTC 2019
auto.tcl: Setting watchdog for 200 seconds at Wed Aug 07 05:18:03 UTC 2019
10002 ms. Memory: 48128K Free: 29292K (61%)
ptolemy.util.test.WatchDog.cancel(): canceling Wed Aug 07 05:18:13 UTC 2019
------------------ testing $PTII/ptolemy/domains/de/test/auto/relationGroup.xml
auto.tcl: Setting watchdog for 200 seconds at Wed Aug 07 05:18:13 UTC 2019
2 ms. Memory: 48128K Free: 31128K (65%)
ptolemy.util.test.WatchDog.cancel(): canceling Wed Aug 07 05:18:13 UTC 2019
auto.tcl: Setting watchdog for 200 seconds at Wed Aug 07 05:18:13 UTC 2019
1 ms. Memory: 48128K Free: 30623K (64%)
ptolemy.util.test.WatchDog.cancel(): canceling Wed Aug 07 05:18:13 UTC 2019
------------------ testing $PTII/ptolemy/domains/de/test/auto/relationGroup2.xml
auto.tcl: Setting watchdog for 200 seconds at Wed Aug 07 05:18:13 UTC 2019
1 ms. Memory: 48128K Free: 30902K (64%)
ptolemy.util.test.WatchDog.cancel(): canceling Wed Aug 07 05:18:13 UTC 2019
auto.tcl: Setting watchdog for 200 seconds at Wed Aug 07 05:18:13 UTC 2019
1 ms. Memory: 48128K Free: 30421K (63%)
ptolemy.util.test.WatchDog.cancel(): canceling Wed Aug 07 05:18:13 UTC 2019
------------------ testing $PTII/ptolemy/domains/de/test/auto/sortWithOpaquePorts.xml
auto.tcl: Setting watchdog for 200 seconds at Wed Aug 07 05:18:13 UTC 2019
1 ms. Memory: 48128K Free: 30399K (63%)
ptolemy.util.test.WatchDog.cancel(): canceling Wed Aug 07 05:18:13 UTC 2019
auto.tcl: Setting watchdog for 200 seconds at Wed Aug 07 05:18:13 UTC 2019
1 ms. Memory: 48128K Free: 28874K (60%)
ptolemy.util.test.WatchDog.cancel(): canceling Wed Aug 07 05:18:13 UTC 2019
------------------ testing $PTII/ptolemy/domains/de/test/auto/transferInputsandOutputs.xml
auto.tcl: Setting watchdog for 200 seconds at Wed Aug 07 05:18:14 UTC 2019
1 ms. Memory: 48128K Free: 27314K (57%)
ptolemy.util.test.WatchDog.cancel(): canceling Wed Aug 07 05:18:14 UTC 2019
auto.tcl: Setting watchdog for 200 seconds at Wed Aug 07 05:18:14 UTC 2019
2 ms. Memory: 48128K Free: 26290K (55%)
ptolemy.util.test.WatchDog.cancel(): canceling Wed Aug 07 05:18:14 UTC 2019
------------------ testing $PTII/ptolemy/domains/de/test/auto/triggerType.xml
auto.tcl: Setting watchdog for 200 seconds at Wed Aug 07 05:18:14 UTC 2019
2 ms. Memory: 48128K Free: 30339K (63%)
ptolemy.util.test.WatchDog.cancel(): canceling Wed Aug 07 05:18:14 UTC 2019
auto.tcl: Setting watchdog for 200 seconds at Wed Aug 07 05:18:14 UTC 2019
1 ms. Memory: 48128K Free: 29353K (61%)
ptolemy.util.test.WatchDog.cancel(): canceling Wed Aug 07 05:18:14 UTC 2019
08/07/19 05:18:14
Failed: 0  Total Tests: 192  ((Passed: 187, Newly Passed: 1)  Known Failed: 5) /home/travis/build/icyphy/ptII/ptolemy/domains/de/test
08/07/19 05:18:14
Failed: 0  Total Tests: 192  ((Passed: 187, Newly Passed: 1)  Known Failed: 5) /home/travis/build/icyphy/ptII/ptolemy/domains/de/test
----------------- testing (KnownFailure) /home/travis/build/icyphy/ptII/ptolemy/domains/de/test/auto/knownFailedTests/DESDFClockTest.xml
2009 ms. Memory: 48128K Free: 23734K (49%)
Known Failure: java.lang.reflect.InvocationTargetException
----------------- testing (KnownFailure) /home/travis/build/icyphy/ptII/ptolemy/domains/de/test/auto/knownFailedTests/DirectFeedback.xml
2 ms. Memory: 48128K Free: 20152K (42%)
Known Failure: java.lang.reflect.InvocationTargetException
----------------- testing (KnownFailure) /home/travis/build/icyphy/ptII/ptolemy/domains/de/test/auto/knownFailedTests/FSMSource.xml
16 ms. Memory: 48128K Free: 12470K (26%)
----------------- testing (KnownFailure) /home/travis/build/icyphy/ptII/ptolemy/domains/de/test/auto/knownFailedTests/HierarchicalModel.xml
2 ms. Memory: 48128K Free: 23375K (49%)
Known Failure: java.lang.reflect.InvocationTargetException
----------------- testing (KnownFailure) /home/travis/build/icyphy/ptII/ptolemy/domains/de/test/auto/knownFailedTests/dependencyLoop.xml
3 ms. Memory: 48128K Free: 8472K (18%)
Known Failure: java.lang.reflect.InvocationTargetException
----------------- testing (KnownFailure) /home/travis/build/icyphy/ptII/ptolemy/domains/de/test/auto/knownFailedTests/dependencyLoop2.xml
3 ms. Memory: 48128K Free: 20270K (42%)
Known Failure: java.lang.reflect.InvocationTargetException
No auto/linux-amd64/*.xml tests in /home/travis/build/icyphy/ptII/ptolemy/domains/de/test
AutoTests.java: About to close Vertx.
AutoTests.java: Vertx closed.

===========================================================================================
----------------- testing Wed Aug 07 05:18:16 UTC 2019 /home/travis/build/icyphy/ptII/ptolemy/domains/de/test/auto/ActorDepthCalculation_actorWithoutPorts.xml
----------------- Instantiating /home/travis/build/icyphy/ptII/ptolemy/domains/de/test/auto/ActorDepthCalculation_actorWithoutPorts.xml
2 ms. Memory: 48128K Free: 13430K (28%)
----------------- Invoking toplevel() on ptolemy.moml.MoMLSimpleApplication@2691fbba
----------------- Done invoking toplevel() on ptolemy.moml.MoMLSimpleApplication@2691fbba
reloadAllAccessors: .ActorDepthCalculation_actorWithoutPorts

===========================================================================================
----------------- testing Wed Aug 07 05:18:16 UTC 2019 /home/travis/build/icyphy/ptII/ptolemy/domains/de/test/auto/AssemblyLine.xml
----------------- Instantiating /home/travis/build/icyphy/ptII/ptolemy/domains/de/test/auto/AssemblyLine.xml
3 ms. Memory: 48128K Free: 32913K (68%)
----------------- Invoking toplevel() on ptolemy.moml.MoMLSimpleApplication@1684a7db
----------------- Done invoking toplevel() on ptolemy.moml.MoMLSimpleApplication@1684a7db
reloadAllAccessors: .AssemblyLine

===========================================================================================
----------------- testing Wed Aug 07 05:18:16 UTC 2019 /home/travis/build/icyphy/ptII/ptolemy/domains/de/test/auto/CQBug1.xml
----------------- Instantiating /home/travis/build/icyphy/ptII/ptolemy/domains/de/test/auto/CQBug1.xml
1 ms. Memory: 48128K Free: 29841K (62%)
----------------- Invoking toplevel() on ptolemy.moml.MoMLSimpleApplication@7ce8376b
----------------- Done invoking toplevel() on ptolemy.moml.MoMLSimpleApplication@7ce8376b
reloadAllAccessors: .CQBug1

===========================================================================================
----------------- testing Wed Aug 07 05:18:16 UTC 2019 /home/travis/build/icyphy/ptII/ptolemy/domains/de/test/auto/CancelFireAt.xml
----------------- Instantiating /home/travis/build/icyphy/ptII/ptolemy/domains/de/test/auto/CancelFireAt.xml
7 ms. Memory: 48128K Free: 27360K (57%)
----------------- Invoking toplevel() on ptolemy.moml.MoMLSimpleApplication@3a10ae63
----------------- Done invoking toplevel() on ptolemy.moml.MoMLSimpleApplication@3a10ae63
reloadAllAccessors: .CancelFireAt

===========================================================================================
----------------- testing Wed Aug 07 05:18:16 UTC 2019 /home/travis/build/icyphy/ptII/ptolemy/domains/de/test/auto/CausalityAndComposabilityAnalysis.xml
----------------- Instantiating /home/travis/build/icyphy/ptII/ptolemy/domains/de/test/auto/CausalityAndComposabilityAnalysis.xml
2 ms. Memory: 48128K Free: 23280K (48%)
----------------- Invoking toplevel() on ptolemy.moml.MoMLSimpleApplication@7374e9bc
----------------- Done invoking toplevel() on ptolemy.moml.MoMLSimpleApplication@7374e9bc
reloadAllAccessors: .CausalityAndComposabilityAnalysis

===========================================================================================
----------------- testing Wed Aug 07 05:18:16 UTC 2019 /home/travis/build/icyphy/ptII/ptolemy/domains/de/test/auto/CausalityInterface1.xml
----------------- Instantiating /home/travis/build/icyphy/ptII/ptolemy/domains/de/test/auto/CausalityInterface1.xml
5 ms. Memory: 48128K Free: 18384K (38%)
----------------- Invoking toplevel() on ptolemy.moml.MoMLSimpleApplication@6acfa111
----------------- Done invoking toplevel() on ptolemy.moml.MoMLSimpleApplication@6acfa111
reloadAllAccessors: .CausalityInterface1

===========================================================================================
----------------- testing Wed Aug 07 05:18:16 UTC 2019 /home/travis/build/icyphy/ptII/ptolemy/domains/de/test/auto/CausalityInterface15.xml
----------------- Instantiating /home/travis/build/icyphy/ptII/ptolemy/domains/de/test/auto/CausalityInterface15.xml
2 ms. Memory: 48128K Free: 13048K (27%)
----------------- Invoking toplevel() on ptolemy.moml.MoMLSimpleApplication@6d0326d9
----------------- Done invoking toplevel() on ptolemy.moml.MoMLSimpleApplication@6d0326d9
reloadAllAccessors: .CausalityInterface15

===========================================================================================
----------------- testing Wed Aug 07 05:18:16 UTC 2019 /home/travis/build/icyphy/ptII/ptolemy/domains/de/test/auto/CausalityInterface2.xml
----------------- Instantiating /home/travis/build/icyphy/ptII/ptolemy/domains/de/test/auto/CausalityInterface2.xml
2 ms. Memory: 48128K Free: 8589K (18%)
[...]
	at ptolemy.actor.Manager.run(Manager.java:1263)
	at ptolemy.actor.Manager$PtolemyRunThread.run(Manager.java:1933)
java.lang.RuntimeException: Execution failed
	at ptolemy.moml.MoMLSimpleApplication$UnloadThread.run(MoMLSimpleApplication.java:402)
Caused by: ptolemy.kernel.util.IllegalActionException: Actor is not ready to fire.  Perhaps UpSample.prefire() returned false? Try debugging the actor by selecting "Listen to Actor".  Also, for SDF check moml for tokenConsumptionRate on input.
  in .DESDFClockTest.Play Bell.Copy1:SDF Director and .DESDFClockTest.Play Bell.UpSample
	at ptolemy.actor.sched.StaticSchedulingDirector.fire(StaticSchedulingDirector.java:227)
	at ptolemy.domains.sdf.kernel.SDFDirector.fire(SDFDirector.java:500)
	at ptolemy.actor.CompositeActor.fire(CompositeActor.java:455)
	at ptolemy.domains.de.kernel.DEDirector._fire(DEDirector.java:1949)
	at ptolemy.domains.de.kernel.DEDirector.fire(DEDirector.java:502)
	at ptolemy.actor.CompositeActor.fire(CompositeActor.java:455)
	at ptolemy.actor.Manager.iterate(Manager.java:851)
	at ptolemy.actor.Manager.execute(Manager.java:369)
	at ptolemy.actor.Manager.run(Manager.java:1263)
	at ptolemy.actor.Manager$PtolemyRunThread.run(Manager.java:1933)
java.lang.reflect.InvocationTargetException
	at java.base/jdk.internal.reflect.NativeConstructorAccessorImpl.newInstance0(Native Method)
	at java.base/jdk.internal.reflect.NativeConstructorAccessorImpl.newInstance(NativeConstructorAccessorImpl.java:62)
	at java.base/jdk.internal.reflect.DelegatingConstructorAccessorImpl.newInstance(DelegatingConstructorAccessorImpl.java:45)
	at java.base/java.lang.reflect.Constructor.newInstance(Constructor.java:490)
	at ptolemy.util.test.junit.AutoKnownFailedTests.RunModel(AutoKnownFailedTests.java:105)
	at java.base/jdk.internal.reflect.NativeMethodAccessorImpl.invoke0(Native Method)
	at java.base/jdk.internal.reflect.NativeMethodAccessorImpl.invoke(NativeMethodAccessorImpl.java:62)
	at java.base/jdk.internal.reflect.DelegatingMethodAccessorImpl.invoke(DelegatingMethodAccessorImpl.java:43)
	at java.base/java.lang.reflect.Method.invoke(Method.java:566)
	at org.junit.runners.model.FrameworkMethod$1.runReflectiveCall(FrameworkMethod.java:44)
	at org.junit.internal.runners.model.ReflectiveCallable.run(ReflectiveCallable.java:15)
	at org.junit.runners.model.FrameworkMethod.invokeExplosively(FrameworkMethod.java:41)
	at junitparams.internal.InvokeParameterisedMethod.evaluate(InvokeParameterisedMethod.java:102)
	at org.junit.internal.runners.statements.FailOnTimeout$1.run(FailOnTimeout.java:28)
Caused by: ptolemy.kernel.util.IllegalActionException: Actor is not ready to fire.  Perhaps UpSample.prefire() returned false? Try debugging the actor by selecting "Listen to Actor".  Also, for SDF check moml for tokenConsumptionRate on input.
  in .DESDFClockTest.Play Bell.Copy1:SDF Director and .DESDFClockTest.Play Bell.UpSample
	at ptolemy.actor.sched.StaticSchedulingDirector.fire(StaticSchedulingDirector.java:227)
	at ptolemy.domains.sdf.kernel.SDFDirector.fire(SDFDirector.java:500)
	at ptolemy.actor.CompositeActor.fire(CompositeActor.java:455)
	at ptolemy.domains.de.kernel.DEDirector._fire(DEDirector.java:1949)
	at ptolemy.domains.de.kernel.DEDirector.fire(DEDirector.java:502)
	at ptolemy.actor.CompositeActor.fire(CompositeActor.java:455)
	at ptolemy.actor.Manager.iterate(Manager.java:851)
	at ptolemy.actor.Manager.execute(Manager.java:369)
	at ptolemy.actor.Manager.run(Manager.java:1263)
	at ptolemy.actor.Manager$PtolemyRunThread.run(Manager.java:1933)
java.lang.RuntimeException: Execution failed
	at ptolemy.moml.MoMLSimpleApplication$UnloadThread.run(MoMLSimpleApplication.java:402)
Caused by: ptolemy.kernel.util.IllegalActionException: Test fails in iteration 1.
Value was: 1.0. Should have been: 2.0
  in .DirectFeedback.Test
	at ptolemy.actor.lib.Test.fire(Test.java:268)
	at ptolemy.domains.de.kernel.DEDirector._fire(DEDirector.java:1949)
	at ptolemy.domains.de.kernel.DEDirector.fire(DEDirector.java:502)
	at ptolemy.actor.CompositeActor.fire(CompositeActor.java:455)
	at ptolemy.actor.Manager.iterate(Manager.java:851)
	at ptolemy.actor.Manager.execute(Manager.java:369)
	at ptolemy.actor.Manager.run(Manager.java:1263)
	at ptolemy.actor.Manager$PtolemyRunThread.run(Manager.java:1933)
java.lang.reflect.InvocationTargetException
	at java.base/jdk.internal.reflect.NativeConstructorAccessorImpl.newInstance0(Native Method)
	at java.base/jdk.internal.reflect.NativeConstructorAccessorImpl.newInstance(NativeConstructorAccessorImpl.java:62)
	at java.base/jdk.internal.reflect.DelegatingConstructorAccessorImpl.newInstance(DelegatingConstructorAccessorImpl.java:45)
	at java.base/java.lang.reflect.Constructor.newInstance(Constructor.java:490)
	at ptolemy.util.test.junit.AutoKnownFailedTests.RunModel(AutoKnownFailedTests.java:105)
	at java.base/jdk.internal.reflect.NativeMethodAccessorImpl.invoke0(Native Method)
	at java.base/jdk.internal.reflect.NativeMethodAccessorImpl.invoke(NativeMethodAccessorImpl.java:62)
	at java.base/jdk.internal.reflect.DelegatingMethodAccessorImpl.invoke(DelegatingMethodAccessorImpl.java:43)
	at java.base/java.lang.reflect.Method.invoke(Method.java:566)
	at org.junit.runners.model.FrameworkMethod$1.runReflectiveCall(FrameworkMethod.java:44)
	at org.junit.internal.runners.model.ReflectiveCallable.run(ReflectiveCallable.java:15)
	at org.junit.runners.model.FrameworkMethod.invokeExplosively(FrameworkMethod.java:41)
	at junitparams.internal.InvokeParameterisedMethod.evaluate(InvokeParameterisedMethod.java:102)
	at org.junit.internal.runners.statements.FailOnTimeout$1.run(FailOnTimeout.java:28)
Caused by: ptolemy.kernel.util.IllegalActionException: Test fails in iteration 1.
Value was: 1.0. Should have been: 2.0
  in .DirectFeedback.Test
	at ptolemy.actor.lib.Test.fire(Test.java:268)
	at ptolemy.domains.de.kernel.DEDirector._fire(DEDirector.java:1949)
	at ptolemy.domains.de.kernel.DEDirector.fire(DEDirector.java:502)
	at ptolemy.actor.CompositeActor.fire(CompositeActor.java:455)
	at ptolemy.actor.Manager.iterate(Manager.java:851)
	at ptolemy.actor.Manager.execute(Manager.java:369)
	at ptolemy.actor.Manager.run(Manager.java:1263)
	at ptolemy.actor.Manager$PtolemyRunThread.run(Manager.java:1933)
java.lang.RuntimeException: Execution failed
	at ptolemy.moml.MoMLSimpleApplication$UnloadThread.run(MoMLSimpleApplication.java:402)
Caused by: ptolemy.kernel.util.IllegalActionException: Found a zero delay loop containing .HierarchicalModel.A
  in .HierarchicalModel and .HierarchicalModel.A
	at ptolemy.actor.util.CausalityInterfaceForComposites._computeOutputPortDepth(CausalityInterfaceForComposites.java:759)
	at ptolemy.actor.util.CausalityInterfaceForComposites._computeInputDepth(CausalityInterfaceForComposites.java:696)
	at ptolemy.actor.util.CausalityInterfaceForComposites._computeOutputPortDepth(CausalityInterfaceForComposites.java:765)
	at ptolemy.actor.util.CausalityInterfaceForComposites._computeInputDepth(CausalityInterfaceForComposites.java:696)
	at ptolemy.actor.util.CausalityInterfaceForComposites._computeOutputPortDepth(CausalityInterfaceForComposites.java:765)
	at ptolemy.actor.util.CausalityInterfaceForComposites._computeInputDepth(CausalityInterfaceForComposites.java:696)
	at ptolemy.actor.util.CausalityInterfaceForComposites._computeActorDepth(CausalityInterfaceForComposites.java:532)
	at ptolemy.actor.util.CausalityInterfaceForComposites.checkForCycles(CausalityInterfaceForComposites.java:96)
	at ptolemy.domains.de.kernel.DEDirector.preinitialize(DEDirector.java:1338)
	at ptolemy.actor.CompositeActor.preinitialize(CompositeActor.java:1828)
	at ptolemy.actor.Manager.preinitializeAndResolveTypes(Manager.java:1040)
	at ptolemy.actor.Manager.initialize(Manager.java:710)
	at ptolemy.actor.Manager.execute(Manager.java:356)
	at ptolemy.actor.Manager.run(Manager.java:1263)
	at ptolemy.actor.Manager$PtolemyRunThread.run(Manager.java:1933)
java.lang.reflect.InvocationTargetException
	at java.base/jdk.internal.reflect.NativeConstructorAccessorImpl.newInstance0(Native Method)
	at java.base/jdk.internal.reflect.NativeConstructorAccessorImpl.newInstance(NativeConstructorAccessorImpl.java:62)
	at java.base/jdk.internal.reflect.DelegatingConstructorAccessorImpl.newInstance(DelegatingConstructorAccessorImpl.java:45)
	at java.base/java.lang.reflect.Constructor.newInstance(Constructor.java:490)
	at ptolemy.util.test.junit.AutoKnownFailedTests.RunModel(AutoKnownFailedTests.java:105)
	at java.base/jdk.internal.reflect.NativeMethodAccessorImpl.invoke0(Native Method)
	at java.base/jdk.internal.reflect.NativeMethodAccessorImpl.invoke(NativeMethodAccessorImpl.java:62)
	at java.base/jdk.internal.reflect.DelegatingMethodAccessorImpl.invoke(DelegatingMethodAccessorImpl.java:43)
	at java.base/java.lang.reflect.Method.invoke(Method.java:566)
	at org.junit.runners.model.FrameworkMethod$1.runReflectiveCall(FrameworkMethod.java:44)
	at org.junit.internal.runners.model.ReflectiveCallable.run(ReflectiveCallable.java:15)
	at org.junit.runners.model.FrameworkMethod.invokeExplosively(FrameworkMethod.java:41)
	at junitparams.internal.InvokeParameterisedMethod.evaluate(InvokeParameterisedMethod.java:102)
	at org.junit.internal.runners.statements.FailOnTimeout$1.run(FailOnTimeout.java:28)
Caused by: ptolemy.kernel.util.IllegalActionException: Found a zero delay loop containing .HierarchicalModel.A
  in .HierarchicalModel and .HierarchicalModel.A
	at ptolemy.actor.util.CausalityInterfaceForComposites._computeOutputPortDepth(CausalityInterfaceForComposites.java:759)
	at ptolemy.actor.util.CausalityInterfaceForComposites._computeInputDepth(CausalityInterfaceForComposites.java:696)
	at ptolemy.actor.util.CausalityInterfaceForComposites._computeOutputPortDepth(CausalityInterfaceForComposites.java:765)
	at ptolemy.actor.util.CausalityInterfaceForComposites._computeInputDepth(CausalityInterfaceForComposites.java:696)
	at ptolemy.actor.util.CausalityInterfaceForComposites._computeOutputPortDepth(CausalityInterfaceForComposites.java:765)
	at ptolemy.actor.util.CausalityInterfaceForComposites._computeInputDepth(CausalityInterfaceForComposites.java:696)
	at ptolemy.actor.util.CausalityInterfaceForComposites._computeActorDepth(CausalityInterfaceForComposites.java:532)
	at ptolemy.actor.util.CausalityInterfaceForComposites.checkForCycles(CausalityInterfaceForComposites.java:96)
	at ptolemy.domains.de.kernel.DEDirector.preinitialize(DEDirector.java:1338)
	at ptolemy.actor.CompositeActor.preinitialize(CompositeActor.java:1828)
	at ptolemy.actor.Manager.preinitializeAndResolveTypes(Manager.java:1040)
	at ptolemy.actor.Manager.initialize(Manager.java:710)
	at ptolemy.actor.Manager.execute(Manager.java:356)
	at ptolemy.actor.Manager.run(Manager.java:1263)
	at ptolemy.actor.Manager$PtolemyRunThread.run(Manager.java:1933)
java.lang.RuntimeException: Execution failed
	at ptolemy.moml.MoMLSimpleApplication$UnloadThread.run(MoMLSimpleApplication.java:402)
Caused by: ptolemy.kernel.util.IllegalActionException: Found a zero delay loop containing .dependencyLoop.original
  in .dependencyLoop and .dependencyLoop.original
	at ptolemy.actor.util.CausalityInterfaceForComposites._computeOutputPortDepth(CausalityInterfaceForComposites.java:759)
	at ptolemy.actor.util.CausalityInterfaceForComposites._computeInputDepth(CausalityInterfaceForComposites.java:696)
	at ptolemy.actor.util.CausalityInterfaceForComposites._computeOutputPortDepth(CausalityInterfaceForComposites.java:765)
	at ptolemy.actor.util.CausalityInterfaceForComposites._computeInputDepth(CausalityInterfaceForComposites.java:696)
	at ptolemy.actor.util.CausalityInterfaceForComposites._computeOutputPortDepth(CausalityInterfaceForComposites.java:765)
	at ptolemy.actor.util.CausalityInterfaceForComposites._computeInputDepth(CausalityInterfaceForComposites.java:696)
	at ptolemy.actor.util.CausalityInterfaceForComposites._computeActorDepth(CausalityInterfaceForComposites.java:532)
	at ptolemy.actor.util.CausalityInterfaceForComposites.checkForCycles(CausalityInterfaceForComposites.java:96)
	at ptolemy.domains.de.kernel.DEDirector.preinitialize(DEDirector.java:1338)
	at ptolemy.actor.CompositeActor.preinitialize(CompositeActor.java:1828)
	at ptolemy.actor.Manager.preinitializeAndResolveTypes(Manager.java:1040)
	at ptolemy.actor.Manager.initialize(Manager.java:710)
	at ptolemy.actor.Manager.execute(Manager.java:356)
	at ptolemy.actor.Manager.run(Manager.java:1263)
	at ptolemy.actor.Manager$PtolemyRunThread.run(Manager.java:1933)
java.lang.reflect.InvocationTargetException
	at java.base/jdk.internal.reflect.NativeConstructorAccessorImpl.newInstance0(Native Method)
	at java.base/jdk.internal.reflect.NativeConstructorAccessorImpl.newInstance(NativeConstructorAccessorImpl.java:62)
	at java.base/jdk.internal.reflect.DelegatingConstructorAccessorImpl.newInstance(DelegatingConstructorAccessorImpl.java:45)
	at java.base/java.lang.reflect.Constructor.newInstance(Constructor.java:490)
	at ptolemy.util.test.junit.AutoKnownFailedTests.RunModel(AutoKnownFailedTests.java:105)
	at java.base/jdk.internal.reflect.NativeMethodAccessorImpl.invoke0(Native Method)
	at java.base/jdk.internal.reflect.NativeMethodAccessorImpl.invoke(NativeMethodAccessorImpl.java:62)
	at java.base/jdk.internal.reflect.DelegatingMethodAccessorImpl.invoke(DelegatingMethodAccessorImpl.java:43)
	at java.base/java.lang.reflect.Method.invoke(Method.java:566)
	at org.junit.runners.model.FrameworkMethod$1.runReflectiveCall(FrameworkMethod.java:44)
	at org.junit.internal.runners.model.ReflectiveCallable.run(ReflectiveCallable.java:15)
	at org.junit.runners.model.FrameworkMethod.invokeExplosively(FrameworkMethod.java:41)
	at junitparams.internal.InvokeParameterisedMethod.evaluate(InvokeParameterisedMethod.java:102)
	at org.junit.internal.runners.statements.FailOnTimeout$1.run(FailOnTimeout.java:28)
Caused by: ptolemy.kernel.util.IllegalActionException: Found a zero delay loop containing .dependencyLoop.original
  in .dependencyLoop and .dependencyLoop.original
	at ptolemy.actor.util.CausalityInterfaceForComposites._computeOutputPortDepth(CausalityInterfaceForComposites.java:759)
	at ptolemy.actor.util.CausalityInterfaceForComposites._computeInputDepth(CausalityInterfaceForComposites.java:696)
	at ptolemy.actor.util.CausalityInterfaceForComposites._computeOutputPortDepth(CausalityInterfaceForComposites.java:765)
	at ptolemy.actor.util.CausalityInterfaceForComposites._computeInputDepth(CausalityInterfaceForComposites.java:696)
	at ptolemy.actor.util.CausalityInterfaceForComposites._computeOutputPortDepth(CausalityInterfaceForComposites.java:765)
	at ptolemy.actor.util.CausalityInterfaceForComposites._computeInputDepth(CausalityInterfaceForComposites.java:696)
	at ptolemy.actor.util.CausalityInterfaceForComposites._computeActorDepth(CausalityInterfaceForComposites.java:532)
	at ptolemy.actor.util.CausalityInterfaceForComposites.checkForCycles(CausalityInterfaceForComposites.java:96)
	at ptolemy.domains.de.kernel.DEDirector.preinitialize(DEDirector.java:1338)
	at ptolemy.actor.CompositeActor.preinitialize(CompositeActor.java:1828)
	at ptolemy.actor.Manager.preinitializeAndResolveTypes(Manager.java:1040)
	at ptolemy.actor.Manager.initialize(Manager.java:710)
	at ptolemy.actor.Manager.execute(Manager.java:356)
	at ptolemy.actor.Manager.run(Manager.java:1263)
	at ptolemy.actor.Manager$PtolemyRunThread.run(Manager.java:1933)
java.lang.RuntimeException: Execution failed
	at ptolemy.moml.MoMLSimpleApplication$UnloadThread.run(MoMLSimpleApplication.java:402)
Caused by: ptolemy.kernel.util.IllegalActionException: Found a zero delay loop containing .dependencyLoop2.original
  in .dependencyLoop2 and .dependencyLoop2.original
	at ptolemy.actor.util.CausalityInterfaceForComposites._computeOutputPortDepth(CausalityInterfaceForComposites.java:759)
	at ptolemy.actor.util.CausalityInterfaceForComposites._computeInputDepth(CausalityInterfaceForComposites.java:696)
	at ptolemy.actor.util.CausalityInterfaceForComposites._computeOutputPortDepth(CausalityInterfaceForComposites.java:765)
	at ptolemy.actor.util.CausalityInterfaceForComposites._computeInputDepth(CausalityInterfaceForComposites.java:696)
	at ptolemy.actor.util.CausalityInterfaceForComposites._computeOutputPortDepth(CausalityInterfaceForComposites.java:765)
	at ptolemy.actor.util.CausalityInterfaceForComposites._computeInputDepth(CausalityInterfaceForComposites.java:696)
	at ptolemy.actor.util.CausalityInterfaceForComposites._computeActorDepth(CausalityInterfaceForComposites.java:532)
	at ptolemy.actor.util.CausalityInterfaceForComposites.checkForCycles(CausalityInterfaceForComposites.java:96)
	at ptolemy.domains.de.kernel.DEDirector.preinitialize(DEDirector.java:1338)
	at ptolemy.actor.CompositeActor.preinitialize(CompositeActor.java:1828)
	at ptolemy.actor.Manager.preinitializeAndResolveTypes(Manager.java:1040)
	at ptolemy.actor.Manager.initialize(Manager.java:710)
	at ptolemy.actor.Manager.execute(Manager.java:356)
	at ptolemy.actor.Manager.run(Manager.java:1263)
	at ptolemy.actor.Manager$PtolemyRunThread.run(Manager.java:1933)
java.lang.reflect.InvocationTargetException
	at java.base/jdk.internal.reflect.NativeConstructorAccessorImpl.newInstance0(Native Method)
	at java.base/jdk.internal.reflect.NativeConstructorAccessorImpl.newInstance(NativeConstructorAccessorImpl.java:62)
	at java.base/jdk.internal.reflect.DelegatingConstructorAccessorImpl.newInstance(DelegatingConstructorAccessorImpl.java:45)
	at java.base/java.lang.reflect.Constructor.newInstance(Constructor.java:490)
	at ptolemy.util.test.junit.AutoKnownFailedTests.RunModel(AutoKnownFailedTests.java:105)
	at java.base/jdk.internal.reflect.NativeMethodAccessorImpl.invoke0(Native Method)
	at java.base/jdk.internal.reflect.NativeMethodAccessorImpl.invoke(NativeMethodAccessorImpl.java:62)
	at java.base/jdk.internal.reflect.DelegatingMethodAccessorImpl.invoke(DelegatingMethodAccessorImpl.java:43)
	at java.base/java.lang.reflect.Method.invoke(Method.java:566)
	at org.junit.runners.model.FrameworkMethod$1.runReflectiveCall(FrameworkMethod.java:44)
	at org.junit.internal.runners.model.ReflectiveCallable.run(ReflectiveCallable.java:15)
	at org.junit.runners.model.FrameworkMethod.invokeExplosively(FrameworkMethod.java:41)
	at junitparams.internal.InvokeParameterisedMethod.evaluate(InvokeParameterisedMethod.java:102)
	at org.junit.internal.runners.statements.FailOnTimeout$1.run(FailOnTimeout.java:28)
Caused by: ptolemy.kernel.util.IllegalActionException: Found a zero delay loop containing .dependencyLoop2.original
  in .dependencyLoop2 and .dependencyLoop2.original
	at ptolemy.actor.util.CausalityInterfaceForComposites._computeOutputPortDepth(CausalityInterfaceForComposites.java:759)
	at ptolemy.actor.util.CausalityInterfaceForComposites._computeInputDepth(CausalityInterfaceForComposites.java:696)
	at ptolemy.actor.util.CausalityInterfaceForComposites._computeOutputPortDepth(CausalityInterfaceForComposites.java:765)
	at ptolemy.actor.util.CausalityInterfaceForComposites._computeInputDepth(CausalityInterfaceForComposites.java:696)
	at ptolemy.actor.util.CausalityInterfaceForComposites._computeOutputPortDepth(CausalityInterfaceForComposites.java:765)
	at ptolemy.actor.util.CausalityInterfaceForComposites._computeInputDepth(CausalityInterfaceForComposites.java:696)
	at ptolemy.actor.util.CausalityInterfaceForComposites._computeActorDepth(CausalityInterfaceForComposites.java:532)
	at ptolemy.actor.util.CausalityInterfaceForComposites.checkForCycles(CausalityInterfaceForComposites.java:96)
	at ptolemy.domains.de.kernel.DEDirector.preinitialize(DEDirector.java:1338)
	at ptolemy.actor.CompositeActor.preinitialize(CompositeActor.java:1828)
	at ptolemy.actor.Manager.preinitializeAndResolveTypes(Manager.java:1040)
	at ptolemy.actor.Manager.initialize(Manager.java:710)
	at ptolemy.actor.Manager.execute(Manager.java:356)
	at ptolemy.actor.Manager.run(Manager.java:1263)
	at ptolemy.actor.Manager$PtolemyRunThread.run(Manager.java:1933)
]]></system-err>
</testsuite>
