<?xml version="1.0" encoding="UTF-8" ?>
<testsuite errors="0" failures="0" hostname="travis-job-bc43feee-9e67-4559-857a-890239aabe4b" name="ptolemy.domains.sdf.test.junit.JUnitTclTest" skipped="0" tests="66" time="19.191" timestamp="2018-11-08T02:47:44">
  <properties>
[...]
</properties>
  <testcase classname="ptolemy.util.test.junit.TclTests" name="[0] /home/travis/build/icyphy/ptII/ptolemy/domains/sdf/test/SDFSchedulerErrors.tcl (RunTclFile)" time="0.659" />
  <testcase classname="ptolemy.util.test.junit.TclTests" name="[1] /home/travis/build/icyphy/ptII/ptolemy/domains/sdf/test/composition.tcl (RunTclFile)" time="0.17" />
  <testcase classname="ptolemy.util.test.junit.TclTests" name="[2] /home/travis/build/icyphy/ptII/ptolemy/domains/sdf/test/cycle.tcl (RunTclFile)" time="0.057" />
  <testcase classname="ptolemy.util.test.junit.AutoKnownFailedTests" name="[0] ThereAreNoKnowFailedTests (RunModel)" time="0.001" />
  <testcase classname="ptolemy.util.test.junit.AutoNameArchTests" name="[0] ThereAreNoAutoArchTests (RunModel)" time="0.0" />
  <testcase classname="ptolemy.util.test.junit.AutoTests" name="[0] /home/travis/build/icyphy/ptII/ptolemy/domains/sdf/test/auto/Array.xml (RunModel)" time="0.172" />
  <testcase classname="ptolemy.util.test.junit.AutoTests" name="[1] /home/travis/build/icyphy/ptII/ptolemy/domains/sdf/test/auto/Butterfly.xml (RunModel)" time="0.153" />
  <testcase classname="ptolemy.util.test.junit.AutoTests" name="[2] /home/travis/build/icyphy/ptII/ptolemy/domains/sdf/test/auto/Expression.xml (RunModel)" time="0.137" />
  <testcase classname="ptolemy.util.test.junit.AutoTests" name="[3] /home/travis/build/icyphy/ptII/ptolemy/domains/sdf/test/auto/Eye.xml (RunModel)" time="0.255" />
  <testcase classname="ptolemy.util.test.junit.AutoTests" name="[4] /home/travis/build/icyphy/ptII/ptolemy/domains/sdf/test/auto/FixFIR.xml (RunModel)" time="0.292" />
  <testcase classname="ptolemy.util.test.junit.AutoTests" name="[5] /home/travis/build/icyphy/ptII/ptolemy/domains/sdf/test/auto/FixPoint.xml (RunModel)" time="0.044" />
  <testcase classname="ptolemy.util.test.junit.AutoTests" name="[6] /home/travis/build/icyphy/ptII/ptolemy/domains/sdf/test/auto/Gravitation.xml (RunModel)" time="3.254" />
  <testcase classname="ptolemy.util.test.junit.AutoTests" name="[7] /home/travis/build/icyphy/ptII/ptolemy/domains/sdf/test/auto/GravitationWithCollisionDetection.xml (RunModel)" time="5.951" />
  <testcase classname="ptolemy.util.test.junit.AutoTests" name="[8] /home/travis/build/icyphy/ptII/ptolemy/domains/sdf/test/auto/HDF.xml (RunModel)" time="0.128" />
  <testcase classname="ptolemy.util.test.junit.AutoTests" name="[9] /home/travis/build/icyphy/ptII/ptolemy/domains/sdf/test/auto/HDFwithTransientStates.xml (RunModel)" time="0.082" />
  <testcase classname="ptolemy.util.test.junit.AutoTests" name="[10] /home/travis/build/icyphy/ptII/ptolemy/domains/sdf/test/auto/HTVQ.xml (RunModel)" time="0.82" />
  <testcase classname="ptolemy.util.test.junit.AutoTests" name="[11] /home/travis/build/icyphy/ptII/ptolemy/domains/sdf/test/auto/InferInitProduction.xml (RunModel)" time="0.038" />
  <testcase classname="ptolemy.util.test.junit.AutoTests" name="[12] /home/travis/build/icyphy/ptII/ptolemy/domains/sdf/test/auto/InferInitProductionDeeper.xml (RunModel)" time="0.027" />
  <testcase classname="ptolemy.util.test.junit.AutoTests" name="[13] /home/travis/build/icyphy/ptII/ptolemy/domains/sdf/test/auto/LMSAdaptive.xml (RunModel)" time="0.082" />
  <testcase classname="ptolemy.util.test.junit.AutoTests" name="[14] /home/travis/build/icyphy/ptII/ptolemy/domains/sdf/test/auto/LogisticMap.xml (RunModel)" time="0.464" />
  <testcase classname="ptolemy.util.test.junit.AutoTests" name="[15] /home/travis/build/icyphy/ptII/ptolemy/domains/sdf/test/auto/MaximumEntropySpectrum.xml (RunModel)" time="0.267" />
  <testcase classname="ptolemy.util.test.junit.AutoTests" name="[16] /home/travis/build/icyphy/ptII/ptolemy/domains/sdf/test/auto/MultirateSDF.xml (RunModel)" time="0.068" />
  <testcase classname="ptolemy.util.test.junit.AutoTests" name="[17] /home/travis/build/icyphy/ptII/ptolemy/domains/sdf/test/auto/MultirateSDFwithTransientStates.xml (RunModel)" time="0.082" />
  <testcase classname="ptolemy.util.test.junit.AutoTests" name="[18] /home/travis/build/icyphy/ptII/ptolemy/domains/sdf/test/auto/NoisySinewave.xml (RunModel)" time="0.06" />
  <testcase classname="ptolemy.util.test.junit.AutoTests" name="[19] /home/travis/build/icyphy/ptII/ptolemy/domains/sdf/test/auto/Objects.xml (RunModel)" time="0.074" />
  <testcase classname="ptolemy.util.test.junit.AutoTests" name="[20] /home/travis/build/icyphy/ptII/ptolemy/domains/sdf/test/auto/OrthogonalCom.xml (RunModel)" time="0.042" />
  <testcase classname="ptolemy.util.test.junit.AutoTests" name="[21] /home/travis/build/icyphy/ptII/ptolemy/domains/sdf/test/auto/RijndaelEncryption.xml (RunModel)" time="0.47" />
  <testcase classname="ptolemy.util.test.junit.AutoTests" name="[22] /home/travis/build/icyphy/ptII/ptolemy/domains/sdf/test/auto/SDFEmptyIterations.xml (RunModel)" time="0.021" />
  <testcase classname="ptolemy.util.test.junit.AutoTests" name="[23] /home/travis/build/icyphy/ptII/ptolemy/domains/sdf/test/auto/Spectrum.xml (RunModel)" time="0.066" />
  <testcase classname="ptolemy.util.test.junit.AutoTests" name="[24] /home/travis/build/icyphy/ptII/ptolemy/domains/sdf/test/auto/de_inside_sdf.xml (RunModel)" time="0.026" />
  <testcase classname="ptolemy.util.test.junit.AutoTests" name="[25] /home/travis/build/icyphy/ptII/ptolemy/domains/sdf/test/auto/disconnectedHierarchicalSDF.xml (RunModel)" time="0.022" />
  <testcase classname="ptolemy.util.test.junit.AutoTests" name="[26] /home/travis/build/icyphy/ptII/ptolemy/domains/sdf/test/auto/disconnectedSDF.xml (RunModel)" time="0.022" />
  <testcase classname="ptolemy.util.test.junit.AutoTests" name="[27] /home/travis/build/icyphy/ptII/ptolemy/domains/sdf/test/auto/emptyRefinement.xml (RunModel)" time="0.021" />
  <testcase classname="ptolemy.util.test.junit.AutoTests" name="[28] /home/travis/build/icyphy/ptII/ptolemy/domains/sdf/test/auto/filePortParameter.xml (RunModel)" time="0.045" />
  <testcase classname="ptolemy.util.test.junit.AutoTests" name="[29] /home/travis/build/icyphy/ptII/ptolemy/domains/sdf/test/auto/inferRelationWidth1.xml (RunModel)" time="0.016" />
  <testcase classname="ptolemy.util.test.junit.AutoTests" name="[30] /home/travis/build/icyphy/ptII/ptolemy/domains/sdf/test/auto/initProductionInference.xml (RunModel)" time="0.021" />
  <testcase classname="ptolemy.util.test.junit.AutoTests" name="[31] /home/travis/build/icyphy/ptII/ptolemy/domains/sdf/test/auto/relationGroup.xml (RunModel)" time="0.01" />
  <testcase classname="ptolemy.util.test.junit.AutoTests" name="[32] /home/travis/build/icyphy/ptII/ptolemy/domains/sdf/test/auto/relationGroup10.xml (RunModel)" time="0.013" />
  <testcase classname="ptolemy.util.test.junit.AutoTests" name="[33] /home/travis/build/icyphy/ptII/ptolemy/domains/sdf/test/auto/relationGroup11.xml (RunModel)" time="0.016" />
  <testcase classname="ptolemy.util.test.junit.AutoTests" name="[34] /home/travis/build/icyphy/ptII/ptolemy/domains/sdf/test/auto/relationGroup12.xml (RunModel)" time="0.013" />
  <testcase classname="ptolemy.util.test.junit.AutoTests" name="[35] /home/travis/build/icyphy/ptII/ptolemy/domains/sdf/test/auto/relationGroup13.xml (RunModel)" time="0.022" />
  <testcase classname="ptolemy.util.test.junit.AutoTests" name="[36] /home/travis/build/icyphy/ptII/ptolemy/domains/sdf/test/auto/relationGroup14.xml (RunModel)" time="0.018" />
  <testcase classname="ptolemy.util.test.junit.AutoTests" name="[37] /home/travis/build/icyphy/ptII/ptolemy/domains/sdf/test/auto/relationGroup15.xml (RunModel)" time="0.013" />
  <testcase classname="ptolemy.util.test.junit.AutoTests" name="[38] /home/travis/build/icyphy/ptII/ptolemy/domains/sdf/test/auto/relationGroup2.xml (RunModel)" time="0.021" />
  <testcase classname="ptolemy.util.test.junit.AutoTests" name="[39] /home/travis/build/icyphy/ptII/ptolemy/domains/sdf/test/auto/relationGroup3.xml (RunModel)" time="0.017" />
  <testcase classname="ptolemy.util.test.junit.AutoTests" name="[40] /home/travis/build/icyphy/ptII/ptolemy/domains/sdf/test/auto/relationGroup4.xml (RunModel)" time="0.019" />
  <testcase classname="ptolemy.util.test.junit.AutoTests" name="[41] /home/travis/build/icyphy/ptII/ptolemy/domains/sdf/test/auto/relationGroup5.xml (RunModel)" time="0.021" />
  <testcase classname="ptolemy.util.test.junit.AutoTests" name="[42] /home/travis/build/icyphy/ptII/ptolemy/domains/sdf/test/auto/relationGroup6.xml (RunModel)" time="0.022" />
  <testcase classname="ptolemy.util.test.junit.AutoTests" name="[43] /home/travis/build/icyphy/ptII/ptolemy/domains/sdf/test/auto/relationGroup7.xml (RunModel)" time="0.014" />
  <testcase classname="ptolemy.util.test.junit.AutoTests" name="[44] /home/travis/build/icyphy/ptII/ptolemy/domains/sdf/test/auto/relationGroup8.xml (RunModel)" time="0.007" />
  <testcase classname="ptolemy.util.test.junit.AutoTests" name="[45] /home/travis/build/icyphy/ptII/ptolemy/domains/sdf/test/auto/relationGroup9.xml (RunModel)" time="0.024" />
  <testcase classname="ptolemy.util.test.junit.AutoTests" name="[46] /home/travis/build/icyphy/ptII/ptolemy/domains/sdf/test/auto/sdf_inside_de.xml (RunModel)" time="0.052" />
  <testcase classname="ptolemy.util.test.junit.AutoTests" name="[47] /home/travis/build/icyphy/ptII/ptolemy/domains/sdf/test/auto/sdf_inside_pn.xml (RunModel)" time="0.062" />
  <testcase classname="ptolemy.util.test.junit.AutoTests" name="[48] /home/travis/build/icyphy/ptII/ptolemy/domains/sdf/test/auto/sdf_sdf1.xml (RunModel)" time="0.018" />
  <testcase classname="ptolemy.util.test.junit.AutoTests" name="[49] /home/travis/build/icyphy/ptII/ptolemy/domains/sdf/test/auto/test1.xml (RunModel)" time="0.015" />
  <testcase classname="ptolemy.util.test.junit.AutoTests" name="[50] /home/travis/build/icyphy/ptII/ptolemy/domains/sdf/test/auto/time1.xml (RunModel)" time="0.009" />
  <testcase classname="ptolemy.util.test.junit.AutoTests" name="[51] /home/travis/build/icyphy/ptII/ptolemy/domains/sdf/test/auto/time2.xml (RunModel)" time="0.01" />
  <testcase classname="ptolemy.util.test.junit.AutoTests" name="[52] /home/travis/build/icyphy/ptII/ptolemy/domains/sdf/test/auto/time3.xml (RunModel)" time="0.03" />
  <testcase classname="ptolemy.util.test.junit.AutoTests" name="[53] /home/travis/build/icyphy/ptII/ptolemy/domains/sdf/test/auto/time4.xml (RunModel)" time="0.019" />
  <testcase classname="ptolemy.util.test.junit.AutoTests" name="[54] /home/travis/build/icyphy/ptII/ptolemy/domains/sdf/test/auto/time5.xml (RunModel)" time="4.014" />
  <testcase classname="ptolemy.util.test.junit.AutoTests" name="[55] /home/travis/build/icyphy/ptII/ptolemy/domains/sdf/test/auto/typeSystem_Const_Integer_smallest_Type.xml (RunModel)" time="0.021" />
  <testcase classname="ptolemy.util.test.junit.AutoTests" name="[56] /home/travis/build/icyphy/ptII/ptolemy/domains/sdf/test/auto/typeSystem_declared_Inports_OutportTypeException.xml (RunModel)" time="0.014" />
  <testcase classname="ptolemy.util.test.junit.AutoTests" name="[57] /home/travis/build/icyphy/ptII/ptolemy/domains/sdf/test/auto/typeSystem_oneDeclaredInportType_wrongTypeOutport.xml (RunModel)" time="0.017" />
  <testcase classname="ptolemy.util.test.junit.AutoTests" name="[58] /home/travis/build/icyphy/ptII/ptolemy/domains/sdf/test/auto/width.xml (RunModel)" time="0.008" />
  <testcase classname="ptolemy.util.test.junit.AutoTests" name="[59] /home/travis/build/icyphy/ptII/ptolemy/domains/sdf/test/auto/width2.xml (RunModel)" time="0.032" />
  <testcase classname="ptolemy.util.test.junit.AutoTests" name="[60] /home/travis/build/icyphy/ptII/ptolemy/domains/sdf/test/auto/width3.xml (RunModel)" time="0.029" />
  <system-out><![CDATA[/home/travis/build/icyphy/ptII/ptolemy/domains/sdf/test/SDFSchedulerErrors.tcl
testDefs.tcl: setting time out to 9000 seconds at Thu Nov 08 02:47:44 UTC 2018
21 ms. Memory: 116224K Free: 105594K (91%)
4 ms. Memory: 116224K Free: 98532K (85%)
4 ms. Memory: 116224K Free: 91454K (79%)
3 ms. Memory: 116224K Free: 88393K (76%)
/home/travis/build/icyphy/ptII/ptolemy/domains/sdf/test/composition.tcl
27 ms. Memory: 116224K Free: 84806K (73%)
10 ms. Memory: 116224K Free: 82409K (71%)
/home/travis/build/icyphy/ptII/ptolemy/domains/sdf/test/cycle.tcl
.Toplevel.Director Preinitializing ...
Invoking preinitialize():  .Toplevel.Actor1
Invoking preinitialize():  .Toplevel.Actor2
Invoking preinitialize():  .Toplevel.Delay
.Toplevel.Director Finished preinitialize().
### Schedule:
Execute Schedule{
Fire Actor ptolemy.domains.sdf.kernel.test.SDFTestDelay {.Toplevel.Actor1}
Fire Actor ptolemy.domains.sdf.kernel.test.SDFTestDelay {.Toplevel.Actor2}
Fire Actor ptolemy.domains.sdf.lib.SampleDelay {.Toplevel.Delay}
}
### End schedule
Called initialize().
Invoking initialize():  .Toplevel.Actor1
Initializing actor: .Toplevel.Actor1.
Invoking initialize():  .Toplevel.Actor2
Initializing actor: .Toplevel.Actor2.
Invoking initialize():  .Toplevel.Delay
Initializing actor: .Toplevel.Delay.
Director: Called prefire().
-- Setting current time to 0.0
Director prefire returns true.
The actor .Toplevel.Actor1 will be iterated.
The actor .Toplevel.Actor1 was iterated.
The actor .Toplevel.Actor2 will be iterated.
The actor .Toplevel.Actor2 was iterated.
The actor .Toplevel.Delay will be iterated.
The actor .Toplevel.Delay was iterated.
Director: Called postfire().
Postfire returns: true
Director: Called prefire().
-- Setting current time to 0.0
Director prefire returns true.
The actor .Toplevel.Actor1 will be iterated.
The actor .Toplevel.Actor1 was iterated.
The actor .Toplevel.Actor2 will be iterated.
The actor .Toplevel.Actor2 was iterated.
The actor .Toplevel.Delay will be iterated.
The actor .Toplevel.Delay was iterated.
Director: Called postfire().
Postfire returns: true
Director: Called prefire().
-- Setting current time to 0.0
Director prefire returns true.
The actor .Toplevel.Actor1 will be iterated.
The actor .Toplevel.Actor1 was iterated.
The actor .Toplevel.Actor2 will be iterated.
The actor .Toplevel.Actor2 was iterated.
The actor .Toplevel.Delay will be iterated.
The actor .Toplevel.Delay was iterated.
Director: Called postfire().
Postfire returns: true
Director: Called prefire().
-- Setting current time to 0.0
Director prefire returns true.
The actor .Toplevel.Actor1 will be iterated.
The actor .Toplevel.Actor1 was iterated.
The actor .Toplevel.Actor2 will be iterated.
The actor .Toplevel.Actor2 was iterated.
The actor .Toplevel.Delay will be iterated.
The actor .Toplevel.Delay was iterated.
Director: Called postfire().
Postfire returns: true
Director: Called prefire().
-- Setting current time to 0.0
Director prefire returns true.
The actor .Toplevel.Actor1 will be iterated.
The actor .Toplevel.Actor1 was iterated.
The actor .Toplevel.Actor2 will be iterated.
The actor .Toplevel.Actor2 was iterated.
The actor .Toplevel.Delay will be iterated.
The actor .Toplevel.Delay was iterated.
Director: Called postfire().
Postfire returns: true
Director: Called prefire().
-- Setting current time to 0.0
Director prefire returns true.
The actor .Toplevel.Actor1 will be iterated.
The actor .Toplevel.Actor1 was iterated.
The actor .Toplevel.Actor2 will be iterated.
The actor .Toplevel.Actor2 was iterated.
The actor .Toplevel.Delay will be iterated.
The actor .Toplevel.Delay was iterated.
Reached specified number of iterations: 6
Director: Called wrapup().
16 ms. Memory: 146944K Free: 141122K (96%)
11/08/18 02:47:45
Failed: 0  Total Tests: 8  ((Passed: 8, Newly Passed: 0)  Known Failed: 0) /home/travis/build/icyphy/ptII/ptolemy/domains/sdf/test
No auto/knownFailedTests/*.xml tests in /home/travis/build/icyphy/ptII/ptolemy/domains/sdf/test
No auto/linux-amd64/*.xml tests in /home/travis/build/icyphy/ptII/ptolemy/domains/sdf/test
AutoTests.java: About to close Vertx.
AutoTests.java: Vertx closed.

===========================================================================================
----------------- testing Thu Nov 08 02:47:45 UTC 2018 /home/travis/build/icyphy/ptII/ptolemy/domains/sdf/test/auto/Array.xml
----------------- Instantiating /home/travis/build/icyphy/ptII/ptolemy/domains/sdf/test/auto/Array.xml
52 ms. Memory: 146944K Free: 101187K (69%)
----------------- Invoking toplevel() on ptolemy.moml.MoMLSimpleApplication@7abc5fb
----------------- Done invoking toplevel() on ptolemy.moml.MoMLSimpleApplication@7abc5fb
reloadAllAccessors: .Array

===========================================================================================
----------------- testing Thu Nov 08 02:47:45 UTC 2018 /home/travis/build/icyphy/ptII/ptolemy/domains/sdf/test/auto/Butterfly.xml
----------------- Instantiating /home/travis/build/icyphy/ptII/ptolemy/domains/sdf/test/auto/Butterfly.xml
90 ms. Memory: 146944K Free: 95026K (65%)
----------------- Invoking toplevel() on ptolemy.moml.MoMLSimpleApplication@2dd80571
----------------- Done invoking toplevel() on ptolemy.moml.MoMLSimpleApplication@2dd80571
reloadAllAccessors: .Butterfly

===========================================================================================
----------------- testing Thu Nov 08 02:47:46 UTC 2018 /home/travis/build/icyphy/ptII/ptolemy/domains/sdf/test/auto/Expression.xml
----------------- Instantiating /home/travis/build/icyphy/ptII/ptolemy/domains/sdf/test/auto/Expression.xml
72 ms. Memory: 146944K Free: 88973K (61%)
----------------- Invoking toplevel() on ptolemy.moml.MoMLSimpleApplication@2be3f58b
----------------- Done invoking toplevel() on ptolemy.moml.MoMLSimpleApplication@2be3f58b
reloadAllAccessors: .Expression

===========================================================================================
----------------- testing Thu Nov 08 02:47:46 UTC 2018 /home/travis/build/icyphy/ptII/ptolemy/domains/sdf/test/auto/Eye.xml
----------------- Instantiating /home/travis/build/icyphy/ptII/ptolemy/domains/sdf/test/auto/Eye.xml
118 ms. Memory: 146944K Free: 120025K (82%)
----------------- Invoking toplevel() on ptolemy.moml.MoMLSimpleApplication@1824bf57
----------------- Done invoking toplevel() on ptolemy.moml.MoMLSimpleApplication@1824bf57
reloadAllAccessors: .Eye

===========================================================================================
----------------- testing Thu Nov 08 02:47:46 UTC 2018 /home/travis/build/icyphy/ptII/ptolemy/domains/sdf/test/auto/FixFIR.xml
----------------- Instantiating /home/travis/build/icyphy/ptII/ptolemy/domains/sdf/test/auto/FixFIR.xml
158 ms. Memory: 146944K Free: 83724K (57%)
----------------- Invoking toplevel() on ptolemy.moml.MoMLSimpleApplication@33c8326e
----------------- Done invoking toplevel() on ptolemy.moml.MoMLSimpleApplication@33c8326e
reloadAllAccessors: .FixFIR

===========================================================================================
----------------- testing Thu Nov 08 02:47:46 UTC 2018 /home/travis/build/icyphy/ptII/ptolemy/domains/sdf/test/auto/FixPoint.xml
----------------- Instantiating /home/travis/build/icyphy/ptII/ptolemy/domains/sdf/test/auto/FixPoint.xml
15 ms. Memory: 146944K Free: 79162K (54%)
----------------- Invoking toplevel() on ptolemy.moml.MoMLSimpleApplication@1dbb5ce1
----------------- Done invoking toplevel() on ptolemy.moml.MoMLSimpleApplication@1dbb5ce1
reloadAllAccessors: .FixPoint

===========================================================================================
----------------- testing Thu Nov 08 02:47:46 UTC 2018 /home/travis/build/icyphy/ptII/ptolemy/domains/sdf/test/auto/Gravitation.xml
----------------- Instantiating /home/travis/build/icyphy/ptII/ptolemy/domains/sdf/test/auto/Gravitation.xml
3152 ms. Memory: 208384K Free: 109445K (53%)
----------------- Invoking toplevel() on ptolemy.moml.MoMLSimpleApplication@45786a4a
----------------- Done invoking toplevel() on ptolemy.moml.MoMLSimpleApplication@45786a4a
reloadAllAccessors: .Gravitation

===========================================================================================
----------------- testing Thu Nov 08 02:47:50 UTC 2018 /home/travis/build/icyphy/ptII/ptolemy/domains/sdf/test/auto/GravitationWithCollisionDetection.xml
----------------- Instantiating /home/travis/build/icyphy/ptII/ptolemy/domains/sdf/test/auto/GravitationWithCollisionDetection.xml
5804 ms. Memory: 873984K Free: 341443K (39%)
----------------- Invoking toplevel() on ptolemy.moml.MoMLSimpleApplication@168205c1
----------------- Done invoking toplevel() on ptolemy.moml.MoMLSimpleApplication@168205c1
reloadAllAccessors: .GravitationWithCollisionDetection

===========================================================================================
----------------- testing Thu Nov 08 02:47:56 UTC 2018 /home/travis/build/icyphy/ptII/ptolemy/domains/sdf/test/auto/HDF.xml
----------------- Instantiating /home/travis/build/icyphy/ptII/ptolemy/domains/sdf/test/auto/HDF.xml
38 ms. Memory: 873984K Free: 308374K (35%)
----------------- Invoking toplevel() on ptolemy.moml.MoMLSimpleApplication@27330eee
----------------- Done invoking toplevel() on ptolemy.moml.MoMLSimpleApplication@27330eee
reloadAllAccessors: .HDF

===========================================================================================
----------------- testing Thu Nov 08 02:47:56 UTC 2018 /home/travis/build/icyphy/ptII/ptolemy/domains/sdf/test/auto/HDFwithTransientStates.xml
----------------- Instantiating /home/travis/build/icyphy/ptII/ptolemy/domains/sdf/test/auto/HDFwithTransientStates.xml
28 ms. Memory: 873984K Free: 284789K (33%)
----------------- Invoking toplevel() on ptolemy.moml.MoMLSimpleApplication@73818a99
----------------- Done invoking toplevel() on ptolemy.moml.MoMLSimpleApplication@73818a99
reloadAllAccessors: .HDFwithTransientStates

===========================================================================================
----------------- testing Thu Nov 08 02:47:56 UTC 2018 /home/travis/build/icyphy/ptII/ptolemy/domains/sdf/test/auto/HTVQ.xml
----------------- Instantiating /home/travis/build/icyphy/ptII/ptolemy/domains/sdf/test/auto/HTVQ.xml
782 ms. Memory: 873984K Free: 111885K (13%)
----------------- Invoking toplevel() on ptolemy.moml.MoMLSimpleApplication@28183ae
----------------- Done invoking toplevel() on ptolemy.moml.MoMLSimpleApplication@28183ae
reloadAllAccessors: .HTVQ

===========================================================================================
----------------- testing Thu Nov 08 02:47:57 UTC 2018 /home/travis/build/icyphy/ptII/ptolemy/domains/sdf/test/auto/InferInitProduction.xml
----------------- Instantiating /home/travis/build/icyphy/ptII/ptolemy/domains/sdf/test/auto/InferInitProduction.xml
5 ms. Memory: 873984K Free: 96166K (11%)
----------------- Invoking toplevel() on ptolemy.moml.MoMLSimpleApplication@45bac7d1
----------------- Done invoking toplevel() on ptolemy.moml.MoMLSimpleApplication@45bac7d1
reloadAllAccessors: .InferInitProduction

===========================================================================================
----------------- testing Thu Nov 08 02:47:57 UTC 2018 /home/travis/build/icyphy/ptII/ptolemy/domains/sdf/test/auto/InferInitProductionDeeper.xml
----------------- Instantiating /home/travis/build/icyphy/ptII/ptolemy/domains/sdf/test/auto/InferInitProductionDeeper.xml
7 ms. Memory: 873984K Free: 80448K (9%)
----------------- Invoking toplevel() on ptolemy.moml.MoMLSimpleApplication@4a18c93f
----------------- Done invoking toplevel() on ptolemy.moml.MoMLSimpleApplication@4a18c93f
reloadAllAccessors: .InferInitProductionDeeper

===========================================================================================
----------------- testing Thu Nov 08 02:47:57 UTC 2018 /home/travis/build/icyphy/ptII/ptolemy/domains/sdf/test/auto/LMSAdaptive.xml
----------------- Instantiating /home/travis/build/icyphy/ptII/ptolemy/domains/sdf/test/auto/LMSAdaptive.xml
17 ms. Memory: 874496K Free: 849735K (97%)
----------------- Invoking toplevel() on ptolemy.moml.MoMLSimpleApplication@1363ff27
----------------- Done invoking toplevel() on ptolemy.moml.MoMLSimpleApplication@1363ff27
reloadAllAccessors: .LMSAdaptive

===========================================================================================
----------------- testing Thu Nov 08 02:47:57 UTC 2018 /home/travis/build/icyphy/ptII/ptolemy/domains/sdf/test/auto/LogisticMap.xml
----------------- Instantiating /home/travis/build/icyphy/ptII/ptolemy/domains/sdf/test/auto/LogisticMap.xml
439 ms. Memory: 874496K Free: 835857K (96%)
----------------- Invoking toplevel() on ptolemy.moml.MoMLSimpleApplication@7f271ed0
----------------- Done invoking toplevel() on ptolemy.moml.MoMLSimpleApplication@7f271ed0
reloadAllAccessors: .LogisticMap

===========================================================================================
----------------- testing Thu Nov 08 02:47:57 UTC 2018 /home/travis/build/icyphy/ptII/ptolemy/domains/sdf/test/auto/MaximumEntropySpectrum.xml
----------------- Instantiating /home/travis/build/icyphy/ptII/ptolemy/domains/sdf/test/auto/MaximumEntropySpectrum.xml
69 ms. Memory: 874496K Free: 767629K (88%)
----------------- Invoking toplevel() on ptolemy.moml.MoMLSimpleApplication@6c236fb8
----------------- Done invoking toplevel() on ptolemy.moml.MoMLSimpleApplication@6c236fb8
reloadAllAccessors: .MaximumEntropySpectrum

===========================================================================================
----------------- testing Thu Nov 08 02:47:57 UTC 2018 /home/travis/build/icyphy/ptII/ptolemy/domains/sdf/test/auto/MultirateSDF.xml
----------------- Instantiating /home/travis/build/icyphy/ptII/ptolemy/domains/sdf/test/auto/MultirateSDF.xml
19 ms. Memory: 874496K Free: 746663K (85%)
----------------- Invoking toplevel() on ptolemy.moml.MoMLSimpleApplication@79c2b0a0
----------------- Done invoking toplevel() on ptolemy.moml.MoMLSimpleApplication@79c2b0a0
reloadAllAccessors: .MultirateSDF

===========================================================================================
----------------- testing Thu Nov 08 02:47:58 UTC 2018 /home/travis/build/icyphy/ptII/ptolemy/domains/sdf/test/auto/MultirateSDFwithTransientStates.xml
----------------- Instantiating /home/travis/build/icyphy/ptII/ptolemy/domains/sdf/test/auto/MultirateSDFwithTransientStates.xml
16 ms. Memory: 874496K Free: 725689K (83%)
----------------- Invoking toplevel() on ptolemy.moml.MoMLSimpleApplication@7b62bb5c
----------------- Done invoking toplevel() on ptolemy.moml.MoMLSimpleApplication@7b62bb5c
reloadAllAccessors: .MultirateSDFwithTransientStates

===========================================================================================
----------------- testing Thu Nov 08 02:47:58 UTC 2018 /home/travis/build/icyphy/ptII/ptolemy/domains/sdf/test/auto/NoisySinewave.xml
----------------- Instantiating /home/travis/build/icyphy/ptII/ptolemy/domains/sdf/test/auto/NoisySinewave.xml
9 ms. Memory: 874496K Free: 704723K (81%)
----------------- Invoking toplevel() on ptolemy.moml.MoMLSimpleApplication@5f3f20a6
----------------- Done invoking toplevel() on ptolemy.moml.MoMLSimpleApplication@5f3f20a6
reloadAllAccessors: .NoisySinewave

===========================================================================================
----------------- testing Thu Nov 08 02:47:58 UTC 2018 /home/travis/build/icyphy/ptII/ptolemy/domains/sdf/test/auto/Objects.xml
----------------- Instantiating /home/travis/build/icyphy/ptII/ptolemy/domains/sdf/test/auto/Objects.xml
2 ms. Memory: 874496K Free: 688989K (79%)
----------------- Invoking toplevel() on ptolemy.moml.MoMLSimpleApplication@33f9ec29
----------------- Done invoking toplevel() on ptolemy.moml.MoMLSimpleApplication@33f9ec29
reloadAllAccessors: .Objects

===========================================================================================
----------------- testing Thu Nov 08 02:47:58 UTC 2018 /home/travis/build/icyphy/ptII/ptolemy/domains/sdf/test/auto/OrthogonalCom.xml
----------------- Instantiating /home/travis/build/icyphy/ptII/ptolemy/domains/sdf/test/auto/OrthogonalCom.xml
10 ms. Memory: 874496K Free: 673254K (77%)
----------------- Invoking toplevel() on ptolemy.moml.MoMLSimpleApplication@6508accc
----------------- Done invoking toplevel() on ptolemy.moml.MoMLSimpleApplication@6508accc
reloadAllAccessors: .OrthogonalCom

===========================================================================================
----------------- testing Thu Nov 08 02:47:58 UTC 2018 /home/travis/build/icyphy/ptII/ptolemy/domains/sdf/test/auto/RijndaelEncryption.xml
----------------- Instantiating /home/travis/build/icyphy/ptII/ptolemy/domains/sdf/test/auto/RijndaelEncryption.xml
229 ms. Memory: 874496K Free: 510606K (58%)
----------------- Invoking toplevel() on ptolemy.moml.MoMLSimpleApplication@6614ac35
----------------- Done invoking toplevel() on ptolemy.moml.MoMLSimpleApplication@6614ac35
reloadAllAccessors: .RijndaelEncryption

===========================================================================================
----------------- testing Thu Nov 08 02:47:58 UTC 2018 /home/travis/build/icyphy/ptII/ptolemy/domains/sdf/test/auto/SDFEmptyIterations.xml
----------------- Instantiating /home/travis/build/icyphy/ptII/ptolemy/domains/sdf/test/auto/SDFEmptyIterations.xml
4 ms. Memory: 874496K Free: 500127K (57%)
----------------- Invoking toplevel() on ptolemy.moml.MoMLSimpleApplication@2a20bdd0
----------------- Done invoking toplevel() on ptolemy.moml.MoMLSimpleApplication@2a20bdd0
reloadAllAccessors: .SDFEmptyIterations

===========================================================================================
----------------- testing Thu Nov 08 02:47:58 UTC 2018 /home/travis/build/icyphy/ptII/ptolemy/domains/sdf/test/auto/Spectrum.xml
----------------- Instantiating /home/travis/build/icyphy/ptII/ptolemy/domains/sdf/test/auto/Spectrum.xml
29 ms. Memory: 874496K Free: 476005K (54%)
----------------- Invoking toplevel() on ptolemy.moml.MoMLSimpleApplication@37f6741c
----------------- Done invoking toplevel() on ptolemy.moml.MoMLSimpleApplication@37f6741c
reloadAllAccessors: .Spectrum

===========================================================================================
----------------- testing Thu Nov 08 02:47:58 UTC 2018 /home/travis/build/icyphy/ptII/ptolemy/domains/sdf/test/auto/de_inside_sdf.xml
----------------- Instantiating /home/travis/build/icyphy/ptII/ptolemy/domains/sdf/test/auto/de_inside_sdf.xml
8 ms. Memory: 874496K Free: 465526K (53%)
----------------- Invoking toplevel() on ptolemy.moml.MoMLSimpleApplication@3b8568f0
----------------- Done invoking toplevel() on ptolemy.moml.MoMLSimpleApplication@3b8568f0
reloadAllAccessors: .de_inside_sdf

===========================================================================================
----------------- testing Thu Nov 08 02:47:58 UTC 2018 /home/travis/build/icyphy/ptII/ptolemy/domains/sdf/test/auto/disconnectedHierarchicalSDF.xml
----------------- Instantiating /home/travis/build/icyphy/ptII/ptolemy/domains/sdf/test/auto/disconnectedHierarchicalSDF.xml
4 ms. Memory: 874496K Free: 455047K (52%)
----------------- Invoking toplevel() on ptolemy.moml.MoMLSimpleApplication@2789d3d3
----------------- Done invoking toplevel() on ptolemy.moml.MoMLSimpleApplication@2789d3d3
reloadAllAccessors: .disconnectedHierarchicalSDF

===========================================================================================
----------------- testing Thu Nov 08 02:47:58 UTC 2018 /home/travis/build/icyphy/ptII/ptolemy/domains/sdf/test/auto/disconnectedSDF.xml
----------------- Instantiating /home/travis/build/icyphy/ptII/ptolemy/domains/sdf/test/auto/disconnectedSDF.xml
2 ms. Memory: 874496K Free: 444568K (51%)
----------------- Invoking toplevel() on ptolemy.moml.MoMLSimpleApplication@48147dad
----------------- Done invoking toplevel() on ptolemy.moml.MoMLSimpleApplication@48147dad
reloadAllAccessors: .disconnectedSDF

===========================================================================================
----------------- testing Thu Nov 08 02:47:58 UTC 2018 /home/travis/build/icyphy/ptII/ptolemy/domains/sdf/test/auto/emptyRefinement.xml
----------------- Instantiating /home/travis/build/icyphy/ptII/ptolemy/domains/sdf/test/auto/emptyRefinement.xml
3 ms. Memory: 874496K Free: 434089K (50%)
----------------- Invoking toplevel() on ptolemy.moml.MoMLSimpleApplication@6cb27379
----------------- Done invoking toplevel() on ptolemy.moml.MoMLSimpleApplication@6cb27379
reloadAllAccessors: .emptyRefinement

===========================================================================================
----------------- testing Thu Nov 08 02:47:58 UTC 2018 /home/travis/build/icyphy/ptII/ptolemy/domains/sdf/test/auto/filePortParameter.xml
----------------- Instantiating /home/travis/build/icyphy/ptII/ptolemy/domains/sdf/test/auto/filePortParameter.xml
11 ms. Memory: 874496K Free: 418354K (48%)
----------------- Invoking toplevel() on ptolemy.moml.MoMLSimpleApplication@69b321ba
----------------- Done invoking toplevel() on ptolemy.moml.MoMLSimpleApplication@69b321ba
reloadAllAccessors: .filePortParameter

===========================================================================================
----------------- testing Thu Nov 08 02:47:58 UTC 2018 /home/travis/build/icyphy/ptII/ptolemy/domains/sdf/test/auto/inferRelationWidth1.xml
----------------- Instantiating /home/travis/build/icyphy/ptII/ptolemy/domains/sdf/test/auto/inferRelationWidth1.xml
2 ms. Memory: 874496K Free: 407875K (47%)
----------------- Invoking toplevel() on ptolemy.moml.MoMLSimpleApplication@2b3a258b
----------------- Done invoking toplevel() on ptolemy.moml.MoMLSimpleApplication@2b3a258b
reloadAllAccessors: .inferRelationWidth1

===========================================================================================
----------------- testing Thu Nov 08 02:47:58 UTC 2018 /home/travis/build/icyphy/ptII/ptolemy/domains/sdf/test/auto/initProductionInference.xml
----------------- Instantiating /home/travis/build/icyphy/ptII/ptolemy/domains/sdf/test/auto/initProductionInference.xml
7 ms. Memory: 874496K Free: 397396K (45%)
----------------- Invoking toplevel() on ptolemy.moml.MoMLSimpleApplication@56c0106b
----------------- Done invoking toplevel() on ptolemy.moml.MoMLSimpleApplication@56c0106b
reloadAllAccessors: .initProductionInference

===========================================================================================
----------------- testing Thu Nov 08 02:47:59 UTC 2018 /home/travis/build/icyphy/ptII/ptolemy/domains/sdf/test/auto/relationGroup.xml
----------------- Instantiating /home/travis/build/icyphy/ptII/ptolemy/domains/sdf/test/auto/relationGroup.xml
2 ms. Memory: 874496K Free: 386918K (44%)
----------------- Invoking toplevel() on ptolemy.moml.MoMLSimpleApplication@11be1a41
----------------- Done invoking toplevel() on ptolemy.moml.MoMLSimpleApplication@11be1a41
reloadAllAccessors: .relationGroup

===========================================================================================
----------------- testing Thu Nov 08 02:47:59 UTC 2018 /home/travis/build/icyphy/ptII/ptolemy/domains/sdf/test/auto/relationGroup10.xml
----------------- Instantiating /home/travis/build/icyphy/ptII/ptolemy/domains/sdf/test/auto/relationGroup10.xml
2 ms. Memory: 874496K Free: 376439K (43%)
----------------- Invoking toplevel() on ptolemy.moml.MoMLSimpleApplication@aa2a73a
----------------- Done invoking toplevel() on ptolemy.moml.MoMLSimpleApplication@aa2a73a
reloadAllAccessors: .relationGroup10

===========================================================================================
----------------- testing Thu Nov 08 02:47:59 UTC 2018 /home/travis/build/icyphy/ptII/ptolemy/domains/sdf/test/auto/relationGroup11.xml
----------------- Instantiating /home/travis/build/icyphy/ptII/ptolemy/domains/sdf/test/auto/relationGroup11.xml
3 ms. Memory: 874496K Free: 362811K (41%)
----------------- Invoking toplevel() on ptolemy.moml.MoMLSimpleApplication@46152c7e
----------------- Done invoking toplevel() on ptolemy.moml.MoMLSimpleApplication@46152c7e
reloadAllAccessors: .relationGroup11

===========================================================================================
----------------- testing Thu Nov 08 02:47:59 UTC 2018 /home/travis/build/icyphy/ptII/ptolemy/domains/sdf/test/auto/relationGroup12.xml
----------------- Instantiating /home/travis/build/icyphy/ptII/ptolemy/domains/sdf/test/auto/relationGroup12.xml
3 ms. Memory: 874496K Free: 352332K (40%)
----------------- Invoking toplevel() on ptolemy.moml.MoMLSimpleApplication@125a3925
----------------- Done invoking toplevel() on ptolemy.moml.MoMLSimpleApplication@125a3925
reloadAllAccessors: .relationGroup12

===========================================================================================
----------------- testing Thu Nov 08 02:47:59 UTC 2018 /home/travis/build/icyphy/ptII/ptolemy/domains/sdf/test/auto/relationGroup13.xml
----------------- Instantiating /home/travis/build/icyphy/ptII/ptolemy/domains/sdf/test/auto/relationGroup13.xml
6 ms. Memory: 874496K Free: 341853K (39%)
----------------- Invoking toplevel() on ptolemy.moml.MoMLSimpleApplication@679bd454
----------------- Done invoking toplevel() on ptolemy.moml.MoMLSimpleApplication@679bd454
reloadAllAccessors: .relationGroup13

===========================================================================================
----------------- testing Thu Nov 08 02:47:59 UTC 2018 /home/travis/build/icyphy/ptII/ptolemy/domains/sdf/test/auto/relationGroup14.xml
----------------- Instantiating /home/travis/build/icyphy/ptII/ptolemy/domains/sdf/test/auto/relationGroup14.xml
3 ms. Memory: 874496K Free: 331374K (38%)
----------------- Invoking toplevel() on ptolemy.moml.MoMLSimpleApplication@7ad8e1c9
----------------- Done invoking toplevel() on ptolemy.moml.MoMLSimpleApplication@7ad8e1c9
reloadAllAccessors: .relationGroup14

===========================================================================================
----------------- testing Thu Nov 08 02:47:59 UTC 2018 /home/travis/build/icyphy/ptII/ptolemy/domains/sdf/test/auto/relationGroup15.xml
----------------- Instantiating /home/travis/build/icyphy/ptII/ptolemy/domains/sdf/test/auto/relationGroup15.xml
1 ms. Memory: 874496K Free: 320895K (37%)
----------------- Invoking toplevel() on ptolemy.moml.MoMLSimpleApplication@5ced7ea6
----------------- Done invoking toplevel() on ptolemy.moml.MoMLSimpleApplication@5ced7ea6
reloadAllAccessors: .relationGroup15

===========================================================================================
----------------- testing Thu Nov 08 02:47:59 UTC 2018 /home/travis/build/icyphy/ptII/ptolemy/domains/sdf/test/auto/relationGroup2.xml
----------------- Instantiating /home/travis/build/icyphy/ptII/ptolemy/domains/sdf/test/auto/relationGroup2.xml
1 ms. Memory: 874496K Free: 310416K (35%)
----------------- Invoking toplevel() on ptolemy.moml.MoMLSimpleApplication@52fa4aec
----------------- Done invoking toplevel() on ptolemy.moml.MoMLSimpleApplication@52fa4aec
reloadAllAccessors: .relationGroup2

===========================================================================================
----------------- testing Thu Nov 08 02:47:59 UTC 2018 /home/travis/build/icyphy/ptII/ptolemy/domains/sdf/test/auto/relationGroup3.xml
----------------- Instantiating /home/travis/build/icyphy/ptII/ptolemy/domains/sdf/test/auto/relationGroup3.xml
1 ms. Memory: 874496K Free: 299938K (34%)
----------------- Invoking toplevel() on ptolemy.moml.MoMLSimpleApplication@7dd1b12d
----------------- Done invoking toplevel() on ptolemy.moml.MoMLSimpleApplication@7dd1b12d
reloadAllAccessors: .relationGroup3

===========================================================================================
----------------- testing Thu Nov 08 02:47:59 UTC 2018 /home/travis/build/icyphy/ptII/ptolemy/domains/sdf/test/auto/relationGroup4.xml
----------------- Instantiating /home/travis/build/icyphy/ptII/ptolemy/domains/sdf/test/auto/relationGroup4.xml
5 ms. Memory: 874496K Free: 289459K (33%)
----------------- Invoking toplevel() on ptolemy.moml.MoMLSimpleApplication@2acf9c8e
----------------- Done invoking toplevel() on ptolemy.moml.MoMLSimpleApplication@2acf9c8e
reloadAllAccessors: .relationGroup4

===========================================================================================
----------------- testing Thu Nov 08 02:47:59 UTC 2018 /home/travis/build/icyphy/ptII/ptolemy/domains/sdf/test/auto/relationGroup5.xml
----------------- Instantiating /home/travis/build/icyphy/ptII/ptolemy/domains/sdf/test/auto/relationGroup5.xml
7 ms. Memory: 874496K Free: 278980K (32%)
----------------- Invoking toplevel() on ptolemy.moml.MoMLSimpleApplication@1b482ddc
----------------- Done invoking toplevel() on ptolemy.moml.MoMLSimpleApplication@1b482ddc
reloadAllAccessors: .relationGroup5

===========================================================================================
----------------- testing Thu Nov 08 02:47:59 UTC 2018 /home/travis/build/icyphy/ptII/ptolemy/domains/sdf/test/auto/relationGroup6.xml
----------------- Instantiating /home/travis/build/icyphy/ptII/ptolemy/domains/sdf/test/auto/relationGroup6.xml
5 ms. Memory: 874496K Free: 265352K (30%)
----------------- Invoking toplevel() on ptolemy.moml.MoMLSimpleApplication@2a19011b
----------------- Done invoking toplevel() on ptolemy.moml.MoMLSimpleApplication@2a19011b
reloadAllAccessors: .relationGroup6

===========================================================================================
----------------- testing Thu Nov 08 02:47:59 UTC 2018 /home/travis/build/icyphy/ptII/ptolemy/domains/sdf/test/auto/relationGroup7.xml
----------------- Instantiating /home/travis/build/icyphy/ptII/ptolemy/domains/sdf/test/auto/relationGroup7.xml
3 ms. Memory: 874496K Free: 254873K (29%)
----------------- Invoking toplevel() on ptolemy.moml.MoMLSimpleApplication@23be9a02
----------------- Done invoking toplevel() on ptolemy.moml.MoMLSimpleApplication@23be9a02
reloadAllAccessors: .relationGroup7

===========================================================================================
----------------- testing Thu Nov 08 02:47:59 UTC 2018 /home/travis/build/icyphy/ptII/ptolemy/domains/sdf/test/auto/relationGroup8.xml
----------------- Instantiating /home/travis/build/icyphy/ptII/ptolemy/domains/sdf/test/auto/relationGroup8.xml
2 ms. Memory: 874496K Free: 244394K (28%)
----------------- Invoking toplevel() on ptolemy.moml.MoMLSimpleApplication@2252d6c5
----------------- Done invoking toplevel() on ptolemy.moml.MoMLSimpleApplication@2252d6c5
reloadAllAccessors: .relationGroup8

===========================================================================================
----------------- testing Thu Nov 08 02:47:59 UTC 2018 /home/travis/build/icyphy/ptII/ptolemy/domains/sdf/test/auto/relationGroup9.xml
----------------- Instantiating /home/travis/build/icyphy/ptII/ptolemy/domains/sdf/test/auto/relationGroup9.xml
7 ms. Memory: 874496K Free: 233915K (27%)
----------------- Invoking toplevel() on ptolemy.moml.MoMLSimpleApplication@42719120
----------------- Done invoking toplevel() on ptolemy.moml.MoMLSimpleApplication@42719120
reloadAllAccessors: .relationGroup9

===========================================================================================
----------------- testing Thu Nov 08 02:47:59 UTC 2018 /home/travis/build/icyphy/ptII/ptolemy/domains/sdf/test/auto/sdf_inside_de.xml
----------------- Instantiating /home/travis/build/icyphy/ptII/ptolemy/domains/sdf/test/auto/sdf_inside_de.xml
10 ms. Memory: 874496K Free: 218181K (25%)
----------------- Invoking toplevel() on ptolemy.moml.MoMLSimpleApplication@704167e5
----------------- Done invoking toplevel() on ptolemy.moml.MoMLSimpleApplication@704167e5
reloadAllAccessors: .sdf_inside_de

===========================================================================================
----------------- testing Thu Nov 08 02:47:59 UTC 2018 /home/travis/build/icyphy/ptII/ptolemy/domains/sdf/test/auto/sdf_inside_pn.xml
----------------- Instantiating /home/travis/build/icyphy/ptII/ptolemy/domains/sdf/test/auto/sdf_inside_pn.xml
26 ms. Memory: 874496K Free: 176249K (20%)
----------------- Invoking toplevel() on ptolemy.moml.MoMLSimpleApplication@d497b49
----------------- Done invoking toplevel() on ptolemy.moml.MoMLSimpleApplication@d497b49
reloadAllAccessors: .sdf_inside_pn

===========================================================================================
----------------- testing Thu Nov 08 02:47:59 UTC 2018 /home/travis/build/icyphy/ptII/ptolemy/domains/sdf/test/auto/sdf_sdf1.xml
----------------- Instantiating /home/travis/build/icyphy/ptII/ptolemy/domains/sdf/test/auto/sdf_sdf1.xml
3 ms. Memory: 874496K Free: 165770K (19%)
----------------- Invoking toplevel() on ptolemy.moml.MoMLSimpleApplication@44a12d07
----------------- Done invoking toplevel() on ptolemy.moml.MoMLSimpleApplication@44a12d07
reloadAllAccessors: .sdf_sdf1

===========================================================================================
----------------- testing Thu Nov 08 02:47:59 UTC 2018 /home/travis/build/icyphy/ptII/ptolemy/domains/sdf/test/auto/test1.xml
----------------- Instantiating /home/travis/build/icyphy/ptII/ptolemy/domains/sdf/test/auto/test1.xml
2 ms. Memory: 874496K Free: 155291K (18%)
----------------- Invoking toplevel() on ptolemy.moml.MoMLSimpleApplication@4a2695c3
----------------- Done invoking toplevel() on ptolemy.moml.MoMLSimpleApplication@4a2695c3
reloadAllAccessors: .test1

===========================================================================================
----------------- testing Thu Nov 08 02:47:59 UTC 2018 /home/travis/build/icyphy/ptII/ptolemy/domains/sdf/test/auto/time1.xml
----------------- Instantiating /home/travis/build/icyphy/ptII/ptolemy/domains/sdf/test/auto/time1.xml
1 ms. Memory: 874496K Free: 141664K (16%)
----------------- Invoking toplevel() on ptolemy.moml.MoMLSimpleApplication@6a884b85
----------------- Done invoking toplevel() on ptolemy.moml.MoMLSimpleApplication@6a884b85
reloadAllAccessors: .time1

===========================================================================================
----------------- testing Thu Nov 08 02:47:59 UTC 2018 /home/travis/build/icyphy/ptII/ptolemy/domains/sdf/test/auto/time2.xml
----------------- Instantiating /home/travis/build/icyphy/ptII/ptolemy/domains/sdf/test/auto/time2.xml
3 ms. Memory: 874496K Free: 131185K (15%)
----------------- Invoking toplevel() on ptolemy.moml.MoMLSimpleApplication@18e91a84
----------------- Done invoking toplevel() on ptolemy.moml.MoMLSimpleApplication@18e91a84
reloadAllAccessors: .time2

===========================================================================================
----------------- testing Thu Nov 08 02:47:59 UTC 2018 /home/travis/build/icyphy/ptII/ptolemy/domains/sdf/test/auto/time3.xml
----------------- Instantiating /home/travis/build/icyphy/ptII/ptolemy/domains/sdf/test/auto/time3.xml
5 ms. Memory: 874496K Free: 120706K (14%)
----------------- Invoking toplevel() on ptolemy.moml.MoMLSimpleApplication@1a429b3e
----------------- Done invoking toplevel() on ptolemy.moml.MoMLSimpleApplication@1a429b3e
reloadAllAccessors: .time3

===========================================================================================
----------------- testing Thu Nov 08 02:47:59 UTC 2018 /home/travis/build/icyphy/ptII/ptolemy/domains/sdf/test/auto/time4.xml
----------------- Instantiating /home/travis/build/icyphy/ptII/ptolemy/domains/sdf/test/auto/time4.xml
5 ms. Memory: 874496K Free: 110227K (13%)
----------------- Invoking toplevel() on ptolemy.moml.MoMLSimpleApplication@2edd0f24
----------------- Done invoking toplevel() on ptolemy.moml.MoMLSimpleApplication@2edd0f24
reloadAllAccessors: .time4

===========================================================================================
----------------- testing Thu Nov 08 02:47:59 UTC 2018 /home/travis/build/icyphy/ptII/ptolemy/domains/sdf/test/auto/time5.xml
----------------- Instantiating /home/travis/build/icyphy/ptII/ptolemy/domains/sdf/test/auto/time5.xml
4004 ms. Memory: 874496K Free: 99748K (11%)
----------------- Invoking toplevel() on ptolemy.moml.MoMLSimpleApplication@bfc6323
----------------- Done invoking toplevel() on ptolemy.moml.MoMLSimpleApplication@bfc6323
reloadAllAccessors: .time5

===========================================================================================
----------------- testing Thu Nov 08 02:48:03 UTC 2018 /home/travis/build/icyphy/ptII/ptolemy/domains/sdf/test/auto/typeSystem_Const_Integer_smallest_Type.xml
----------------- Instantiating /home/travis/build/icyphy/ptII/ptolemy/domains/sdf/test/auto/typeSystem_Const_Integer_smallest_Type.xml
2 ms. Memory: 874496K Free: 89269K (10%)
----------------- Invoking toplevel() on ptolemy.moml.MoMLSimpleApplication@339cb9cf
----------------- Done invoking toplevel() on ptolemy.moml.MoMLSimpleApplication@339cb9cf
reloadAllAccessors: .typeSystem_Const_Integer_smallest_Type

===========================================================================================
----------------- testing Thu Nov 08 02:48:03 UTC 2018 /home/travis/build/icyphy/ptII/ptolemy/domains/sdf/test/auto/typeSystem_declared_Inports_OutportTypeException.xml
----------------- Instantiating /home/travis/build/icyphy/ptII/ptolemy/domains/sdf/test/auto/typeSystem_declared_Inports_OutportTypeException.xml
.typeSystem_declared_Inports_OutportTypeException.TestExceptionAttribute: initialize() was not invoked, but wrapup() was.  This is unusual, but not always a problem.  For example, exporting JNLP will do this.
3 ms. Memory: 874496K Free: 78790K (9%)
----------------- Invoking toplevel() on ptolemy.moml.MoMLSimpleApplication@bf3b48c
----------------- Done invoking toplevel() on ptolemy.moml.MoMLSimpleApplication@bf3b48c
reloadAllAccessors: .typeSystem_declared_Inports_OutportTypeException

===========================================================================================
----------------- testing Thu Nov 08 02:48:03 UTC 2018 /home/travis/build/icyphy/ptII/ptolemy/domains/sdf/test/auto/typeSystem_oneDeclaredInportType_wrongTypeOutport.xml
----------------- Instantiating /home/travis/build/icyphy/ptII/ptolemy/domains/sdf/test/auto/typeSystem_oneDeclaredInportType_wrongTypeOutport.xml
2 ms. Memory: 831488K Free: 811036K (98%)
----------------- Invoking toplevel() on ptolemy.moml.MoMLSimpleApplication@5135268b
----------------- Done invoking toplevel() on ptolemy.moml.MoMLSimpleApplication@5135268b
reloadAllAccessors: .typeSystem_oneDeclaredInportType_wrongTypeOutport

===========================================================================================
----------------- testing Thu Nov 08 02:48:03 UTC 2018 /home/travis/build/icyphy/ptII/ptolemy/domains/sdf/test/auto/width.xml
----------------- Instantiating /home/travis/build/icyphy/ptII/ptolemy/domains/sdf/test/auto/width.xml
2 ms. Memory: 831488K Free: 799010K (96%)
----------------- Invoking toplevel() on ptolemy.moml.MoMLSimpleApplication@9e2951
----------------- Done invoking toplevel() on ptolemy.moml.MoMLSimpleApplication@9e2951
reloadAllAccessors: .width

===========================================================================================
----------------- testing Thu Nov 08 02:48:03 UTC 2018 /home/travis/build/icyphy/ptII/ptolemy/domains/sdf/test/auto/width2.xml
----------------- Instantiating /home/travis/build/icyphy/ptII/ptolemy/domains/sdf/test/auto/width2.xml
24 ms. Memory: 831488K Free: 789029K (95%)
----------------- Invoking toplevel() on ptolemy.moml.MoMLSimpleApplication@355ceff5
----------------- Done invoking toplevel() on ptolemy.moml.MoMLSimpleApplication@355ceff5
reloadAllAccessors: .width2

===========================================================================================
----------------- testing Thu Nov 08 02:48:03 UTC 2018 /home/travis/build/icyphy/ptII/ptolemy/domains/sdf/test/auto/width3.xml
----------------- Instantiating /home/travis/build/icyphy/ptII/ptolemy/domains/sdf/test/auto/width3.xml
21 ms. Memory: 831488K Free: 778893K (94%)
----------------- Invoking toplevel() on ptolemy.moml.MoMLSimpleApplication@4ad5295e
----------------- Done invoking toplevel() on ptolemy.moml.MoMLSimpleApplication@4ad5295e
reloadAllAccessors: .width3
AutoTests.java: About to close Vertx.
AutoTests.java: Vertx closed.
]]></system-out>
  <system-err><![CDATA[java.lang.RuntimeException: Execution failed
	at ptolemy.moml.MoMLSimpleApplication$UnloadThread.run(MoMLSimpleApplication.java:402)
Caused by: ptolemy.actor.sched.NotSchedulableException: No solution exists for the balance equations.
Graph is not consistent under the SDF domain detected on external port .rateConsistency.actor.port2
  in .rateConsistency.SDF Director.Scheduler
	at ptolemy.domains.sdf.kernel.SDFScheduler._propagatePort(SDFScheduler.java:1425)
	at ptolemy.domains.sdf.kernel.SDFScheduler._solveBalanceEquations(SDFScheduler.java:710)
	at ptolemy.domains.sdf.kernel.SDFScheduler._getSchedule(SDFScheduler.java:566)
	at ptolemy.actor.sched.Scheduler.getSchedule(Scheduler.java:189)
	at ptolemy.domains.sdf.kernel.SDFDirector.createSchedule(SDFDirector.java:408)
	at ptolemy.domains.sdf.kernel.SDFDirector.preinitialize(SDFDirector.java:764)
	at ptolemy.actor.CompositeActor.preinitialize(CompositeActor.java:1828)
	at ptolemy.actor.Manager.preinitializeAndResolveTypes(Manager.java:1040)
	at ptolemy.actor.Manager.initialize(Manager.java:710)
	at ptolemy.actor.Manager.execute(Manager.java:356)
	at ptolemy.actor.Manager.run(Manager.java:1263)
	at ptolemy.actor.Manager$PtolemyRunThread.run(Manager.java:1915)
java.lang.RuntimeException: Execution failed
	at ptolemy.moml.MoMLSimpleApplication$UnloadThread.run(MoMLSimpleApplication.java:402)
Caused by: ptolemy.kernel.util.IllegalActionException: Failed to compute schedule:
  in .badRateChanges.typed composite actor.SDF Director
Because:
The SDF rate parameter may change. This is not allowed in SDF models that will be run through the code generator.  If you don't care about code generation, then you might consider setting the allowRateChanges parameter of the SDF director to false.
  in .badRateChanges.typed composite actor.Repeat.output.tokenProductionRate
	at ptolemy.domains.sdf.kernel.SDFDirector.createSchedule(SDFDirector.java:418)
	at ptolemy.domains.sdf.kernel.SDFDirector.preinitialize(SDFDirector.java:764)
	at ptolemy.actor.CompositeActor.preinitialize(CompositeActor.java:1828)
	at ptolemy.actor.Director.preinitialize(Director.java:1302)
	at ptolemy.actor.Director.preinitialize(Director.java:1257)
	at ptolemy.domains.sdf.kernel.SDFDirector.preinitialize(SDFDirector.java:763)
	at ptolemy.actor.CompositeActor.preinitialize(CompositeActor.java:1828)
	at ptolemy.actor.Manager.preinitializeAndResolveTypes(Manager.java:1040)
	at ptolemy.actor.Manager.initialize(Manager.java:710)
	at ptolemy.actor.Manager.execute(Manager.java:356)
	at ptolemy.actor.Manager.run(Manager.java:1263)
	at ptolemy.actor.Manager$PtolemyRunThread.run(Manager.java:1915)
Caused by: ptolemy.kernel.util.IllegalActionException: The SDF rate parameter may change. This is not allowed in SDF models that will be run through the code generator.  If you don't care about code generation, then you might consider setting the allowRateChanges parameter of the SDF director to false.
  in .badRateChanges.typed composite actor.Repeat.output.tokenProductionRate
	at ptolemy.domains.sdf.kernel.SDFScheduler._assertDynamicRateVariable(SDFScheduler.java:931)
	at ptolemy.domains.sdf.kernel.SDFScheduler._checkDynamicRateVariables(SDFScheduler.java:339)
	at ptolemy.domains.sdf.kernel.SDFScheduler._getSchedule(SDFScheduler.java:527)
	at ptolemy.actor.sched.Scheduler.getSchedule(Scheduler.java:189)
	at ptolemy.domains.sdf.kernel.SDFDirector.createSchedule(SDFDirector.java:408)
	... 11 more
java.lang.RuntimeException: Execution failed
	at ptolemy.moml.MoMLSimpleApplication$UnloadThread.run(MoMLSimpleApplication.java:402)
Caused by: ptolemy.kernel.util.IllegalActionException: Failed to compute schedule:
  in .badRateChanges2.typed composite actor.SDF Director
Because:
The SDF rate parameter may change. This is not allowed in SDF models that will be run through the code generator.  If you don't care about code generation, then you might consider setting the allowRateChanges parameter of the SDF director to false.
  in .badRateChanges2.typed composite actor.Repeat.output.tokenProductionRate
	at ptolemy.domains.sdf.kernel.SDFDirector.createSchedule(SDFDirector.java:418)
	at ptolemy.domains.sdf.kernel.SDFDirector.preinitialize(SDFDirector.java:764)
	at ptolemy.actor.CompositeActor.preinitialize(CompositeActor.java:1828)
	at ptolemy.actor.Director.preinitialize(Director.java:1302)
	at ptolemy.actor.Director.preinitialize(Director.java:1257)
	at ptolemy.domains.sdf.kernel.SDFDirector.preinitialize(SDFDirector.java:763)
	at ptolemy.actor.CompositeActor.preinitialize(CompositeActor.java:1828)
	at ptolemy.actor.Manager.preinitializeAndResolveTypes(Manager.java:1040)
	at ptolemy.actor.Manager.initialize(Manager.java:710)
	at ptolemy.actor.Manager.execute(Manager.java:356)
	at ptolemy.actor.Manager.run(Manager.java:1263)
	at ptolemy.actor.Manager$PtolemyRunThread.run(Manager.java:1915)
Caused by: ptolemy.kernel.util.IllegalActionException: The SDF rate parameter may change. This is not allowed in SDF models that will be run through the code generator.  If you don't care about code generation, then you might consider setting the allowRateChanges parameter of the SDF director to false.
  in .badRateChanges2.typed composite actor.Repeat.output.tokenProductionRate
	at ptolemy.domains.sdf.kernel.SDFScheduler._assertDynamicRateVariable(SDFScheduler.java:931)
	at ptolemy.domains.sdf.kernel.SDFScheduler._checkDynamicRateVariables(SDFScheduler.java:339)
	at ptolemy.domains.sdf.kernel.SDFScheduler._getSchedule(SDFScheduler.java:527)
	at ptolemy.actor.sched.Scheduler.getSchedule(Scheduler.java:189)
	at ptolemy.domains.sdf.kernel.SDFDirector.createSchedule(SDFDirector.java:408)
	... 11 more
java.lang.RuntimeException: Execution failed
	at ptolemy.moml.MoMLSimpleApplication$UnloadThread.run(MoMLSimpleApplication.java:402)
Caused by: ptolemy.actor.sched.NotSchedulableException: Actors remain that cannot be scheduled!

There are several possible reasons:
* SDF Graphs with feedback loops should have an actor with a delay in the loop, such as a SampleDelay.
* The SDF director has an "allowDisconnectedGraphs"parameter, which, when true, permits disconnected SDF graphs.
* The token consumption rate and production rates might be mismatched.
Usually, actors produce one token or consume one token on a port.  To produce or consume multiple tokens per firing, add a "tokenConsumptionRate" or "tokenProductionRate" parameter to the appropriate port.
Unscheduled actors:
.partiallyConnected.Const2 
Scheduled actors:
.partiallyConnected.Const 
  in .partiallyConnected.SDF Director.Scheduler
	at ptolemy.domains.sdf.kernel.SDFScheduler._scheduleConnectedActors(SDFScheduler.java:1828)
	at ptolemy.domains.sdf.kernel.SDFScheduler._getSchedule(SDFScheduler.java:587)
	at ptolemy.actor.sched.Scheduler.getSchedule(Scheduler.java:189)
	at ptolemy.domains.sdf.kernel.SDFDirector.createSchedule(SDFDirector.java:408)
	at ptolemy.domains.sdf.kernel.SDFDirector.preinitialize(SDFDirector.java:764)
	at ptolemy.actor.CompositeActor.preinitialize(CompositeActor.java:1828)
	at ptolemy.actor.Manager.preinitializeAndResolveTypes(Manager.java:1040)
	at ptolemy.actor.Manager.initialize(Manager.java:710)
	at ptolemy.actor.Manager.execute(Manager.java:356)
	at ptolemy.actor.Manager.run(Manager.java:1263)
	at ptolemy.actor.Manager$PtolemyRunThread.run(Manager.java:1915)
]]></system-err>
</testsuite>
