<?xml version="1.0" encoding="UTF-8" ?>
<testsuite errors="0" failures="0" hostname="travis-job-0f56d260-5894-4426-adf9-f0cea3ba91a8" name="ptolemy.vergil.basic.export.test.junit.ExportModelJUnitTestBatch6" skipped="0" tests="100" time="926.649" timestamp="2018-06-13T07:00:58">
  <properties>
[...]
</properties>
  <testcase classname="ptolemy.vergil.basic.export.test.junit.ExportModelJUnitTestBatch6" name="[0] ptolemy/domains/modal/demo/SystemLevelType/PolyActor.xml (RunExportModel)" time="6.311" />
  <testcase classname="ptolemy.vergil.basic.export.test.junit.ExportModelJUnitTestBatch6" name="[1] ptolemy/domains/modal/demo/SystemLevelType/SDFActor.xml (RunExportModel)" time="3.546" />
  <testcase classname="ptolemy.vergil.basic.export.test.junit.ExportModelJUnitTestBatch6" name="[2] ptolemy/domains/modal/demo/SystemLevelType/SDFDomain.xml (RunExportModel)" time="3.444" />
  <testcase classname="ptolemy.vergil.basic.export.test.junit.ExportModelJUnitTestBatch6" name="[3] ptolemy/domains/modal/demo/SystemLevelType/SDFDomain_PolyActor.xml (RunExportModel)" time="3.427" />
  <testcase classname="ptolemy.vergil.basic.export.test.junit.ExportModelJUnitTestBatch6" name="[4] ptolemy/domains/modal/demo/SystemLevelType/SDFDomain_SDFActor.xml (RunExportModel)" time="3.305" />
  <testcase classname="ptolemy.vergil.basic.export.test.junit.ExportModelJUnitTestBatch6" name="[5] ptolemy/domains/modal/demo/SystemLevelType/ThreadA.xml (RunExportModel)" time="3.236" />
  <testcase classname="ptolemy.vergil.basic.export.test.junit.ExportModelJUnitTestBatch6" name="[6] ptolemy/domains/modal/demo/SystemLevelType/ThreadA_Monitor_ThreadB.xml (RunExportModel)" time="3.256" />
  <testcase classname="ptolemy.vergil.basic.export.test.junit.ExportModelJUnitTestBatch6" name="[7] ptolemy/domains/modal/demo/SystemLevelType/ThreadB.xml (RunExportModel)" time="3.285" />
  <testcase classname="ptolemy.vergil.basic.export.test.junit.ExportModelJUnitTestBatch6" name="[8] ptolemy/domains/modal/demo/SystemLevelType/ThreadBNotifies.xml (RunExportModel)" time="3.191" />
  <testcase classname="ptolemy.vergil.basic.export.test.junit.ExportModelJUnitTestBatch6" name="[9] ptolemy/domains/modal/demo/SystemLevelType/Trigger.xml (RunExportModel)" time="3.21" />
  <testcase classname="ptolemy.vergil.basic.export.test.junit.ExportModelJUnitTestBatch6" name="[10] ptolemy/domains/modal/demo/SystemLevelType/UNKNOWN.xml (RunExportModel)" time="3.171" />
  <testcase classname="ptolemy.vergil.basic.export.test.junit.ExportModelJUnitTestBatch6" name="[11] ptolemy/domains/openmodelica/demo/OpenModelica/OpenModelicaInteractive.xml (RunExportModel)" time="3.267" />
  <testcase classname="ptolemy.vergil.basic.export.test.junit.ExportModelJUnitTestBatch6" name="[12] ptolemy/domains/petrinet/demo/PetriNetDiningPhilosophers/PetriNetDiningPhilosophers.xml (RunExportModel)" time="4.977" />
  <testcase classname="ptolemy.vergil.basic.export.test.junit.ExportModelJUnitTestBatch6" name="[13] ptolemy/domains/petrinet/demo/PetriNetSimple/PetriNetSimple.xml (RunExportModel)" time="4.317" />
  <testcase classname="ptolemy.vergil.basic.export.test.junit.ExportModelJUnitTestBatch6" name="[14] ptolemy/domains/pn/demo/BrockAckerman/BrockAckerman.xml (RunExportModel)" time="4.835" />
  <testcase classname="ptolemy.vergil.basic.export.test.junit.ExportModelJUnitTestBatch6" name="[15] ptolemy/domains/pn/demo/CounterMachine/CounterMachine.xml (RunExportModel)" time="39.899" />
  <testcase classname="ptolemy.vergil.basic.export.test.junit.ExportModelJUnitTestBatch6" name="[16] ptolemy/domains/pn/demo/CounterMachine/CounterMachinePrelim.xml (RunExportModel)" time="6.36" />
  <testcase classname="ptolemy.vergil.basic.export.test.junit.ExportModelJUnitTestBatch6" name="[17] ptolemy/domains/pn/demo/CounterMachine/CounterMachineWithException.xml (RunExportModel)" time="9.991" />
  <testcase classname="ptolemy.vergil.basic.export.test.junit.ExportModelJUnitTestBatch6" name="[18] ptolemy/domains/pn/demo/NondeterministicMerge/NondeterministicMerge.xml (RunExportModel)" time="34.338" />
  <testcase classname="ptolemy.vergil.basic.export.test.junit.ExportModelJUnitTestBatch6" name="[19] ptolemy/domains/pn/demo/NondeterministicMergeWithFeedback/NondeterministicMergeWithFeedback.xml (RunExportModel)" time="4.232" />
  <testcase classname="ptolemy.vergil.basic.export.test.junit.ExportModelJUnitTestBatch6" name="[20] ptolemy/domains/pn/demo/OrderedMerge/OrderedMerge.xml (RunExportModel)" time="4.399" />
  <testcase classname="ptolemy.vergil.basic.export.test.junit.ExportModelJUnitTestBatch6" name="[21] ptolemy/domains/pn/demo/QR/QR.xml (RunExportModel)" time="4.276" />
  <testcase classname="ptolemy.vergil.basic.export.test.junit.ExportModelJUnitTestBatch6" name="[22] ptolemy/domains/pn/demo/RemoveNilTokens/RemoveNilTokens.xml (RunExportModel)" time="4.175" />
  <testcase classname="ptolemy.vergil.basic.export.test.junit.ExportModelJUnitTestBatch6" name="[23] ptolemy/domains/pn/demo/Stack/Stack.xml (RunExportModel)" time="4.531" />
  <testcase classname="ptolemy.vergil.basic.export.test.junit.ExportModelJUnitTestBatch6" name="[24] ptolemy/domains/psdf/demo/BlindCommunication/BlindCommunication.xml (RunExportModel)" time="7.434" />
  <testcase classname="ptolemy.vergil.basic.export.test.junit.ExportModelJUnitTestBatch6" name="[25] ptolemy/domains/psdf/demo/Speech/Speech.xml (RunExportModel)" time="4.843" />
  <testcase classname="ptolemy.vergil.basic.export.test.junit.ExportModelJUnitTestBatch6" name="[26] ptolemy/domains/ptera/demo/AdaptiveCarWash/AdaptiveCarWash.xml (RunExportModel)" time="6.974" />
  <testcase classname="ptolemy.vergil.basic.export.test.junit.ExportModelJUnitTestBatch6" name="[27] ptolemy/domains/ptera/demo/AdaptiveCarWash/AdaptiveCarWashFSM.xml (RunExportModel)" time="5.002" />
  <testcase classname="ptolemy.vergil.basic.export.test.junit.ExportModelJUnitTestBatch6" name="[28] ptolemy/domains/ptera/demo/CarWash/CarWash.xml (RunExportModel)" time="4.58" />
  <testcase classname="ptolemy.vergil.basic.export.test.junit.ExportModelJUnitTestBatch6" name="[29] ptolemy/domains/ptera/demo/CarWash/CarWashDE.xml (RunExportModel)" time="4.663" />
  <testcase classname="ptolemy.vergil.basic.export.test.junit.ExportModelJUnitTestBatch6" name="[30] ptolemy/domains/ptera/demo/SimultaneousCarWash/SimultaneousCarWash.xml (RunExportModel)" time="4.663" />
  <testcase classname="ptolemy.vergil.basic.export.test.junit.ExportModelJUnitTestBatch6" name="[31] ptolemy/domains/ptera/demo/TrafficLight/TrafficLight.xml (RunExportModel)" time="34.654" />
  <testcase classname="ptolemy.vergil.basic.export.test.junit.ExportModelJUnitTestBatch6" name="[32] ptolemy/domains/pthales/demo/AdaptiveBeamForming/AdaptiveBeamForming.xml (RunExportModel)" time="6.541" />
  <testcase classname="ptolemy.vergil.basic.export.test.junit.ExportModelJUnitTestBatch6" name="[33] ptolemy/domains/pthales/demo/FFT/FFT.xml (RunExportModel)" time="4.714" />
  <testcase classname="ptolemy.vergil.basic.export.test.junit.ExportModelJUnitTestBatch6" name="[34] ptolemy/domains/pthales/demo/HelloWorld/HelloWorld.xml (RunExportModel)" time="4.418" />
  <testcase classname="ptolemy.vergil.basic.export.test.junit.ExportModelJUnitTestBatch6" name="[35] ptolemy/domains/pthales/demo/Illustrative/Illustrative.xml (RunExportModel)" time="4.628" />
  <testcase classname="ptolemy.vergil.basic.export.test.junit.ExportModelJUnitTestBatch6" name="[36] ptolemy/domains/ptides/demo/ActuatorPattern/ActuatorPattern.xml (RunExportModel)" time="4.38" />
  <testcase classname="ptolemy.vergil.basic.export.test.junit.ExportModelJUnitTestBatch6" name="[37] ptolemy/domains/ptides/demo/Controller/Controller.xml (RunExportModel)" time="37.173" />
  <testcase classname="ptolemy.vergil.basic.export.test.junit.ExportModelJUnitTestBatch6" name="[38] ptolemy/domains/ptides/demo/CoSimulation/CoSimulation.xml (RunExportModel)" time="7.823" />
  <testcase classname="ptolemy.vergil.basic.export.test.junit.ExportModelJUnitTestBatch6" name="[39] ptolemy/domains/ptides/demo/DistributedPowerPlant/DistributedPowerPlant.xml (RunExportModel)" time="6.833" />
  <testcase classname="ptolemy.vergil.basic.export.test.junit.ExportModelJUnitTestBatch6" name="[40] ptolemy/domains/ptides/demo/LocalSource/LocalSource.xml (RunExportModel)" time="4.193" />
  <testcase classname="ptolemy.vergil.basic.export.test.junit.ExportModelJUnitTestBatch6" name="[41] ptolemy/domains/ptides/demo/MixedSimulator/MixedSimulator.xml (RunExportModel)" time="4.45" />
  <testcase classname="ptolemy.vergil.basic.export.test.junit.ExportModelJUnitTestBatch6" name="[42] ptolemy/domains/ptides/demo/MultiPlatformTDMA/MultiPlatformTDMA.xml (RunExportModel)" time="4.864" />
  <testcase classname="ptolemy.vergil.basic.export.test.junit.ExportModelJUnitTestBatch6" name="[43] ptolemy/domains/ptides/demo/MultipleCores/MultipleCores.xml (RunExportModel)" time="4.244" />
  <testcase classname="ptolemy.vergil.basic.export.test.junit.ExportModelJUnitTestBatch6" name="[44] ptolemy/domains/ptides/demo/PowerManagementUnitSamplingWithoutCurrentLocalTime/PowerManagementUnitSamplingWithoutCurrentLocalTime.xml (RunExportModel)" time="6.806" />
  <testcase classname="ptolemy.vergil.basic.export.test.junit.ExportModelJUnitTestBatch6" name="[45] ptolemy/domains/ptides/demo/PowerPlant/PowerPlant.xml (RunExportModel)" time="6.199" />
  <testcase classname="ptolemy.vergil.basic.export.test.junit.ExportModelJUnitTestBatch6" name="[46] ptolemy/domains/ptides/demo/PrintingPress/PrintingPress.xml (RunExportModel)" time="60.29" />
  <testcase classname="ptolemy.vergil.basic.export.test.junit.ExportModelJUnitTestBatch6" name="[47] ptolemy/domains/ptides/demo/PrintingPress/PrintingPress_AnimationsOnly.xml (RunExportModel)" time="16.208" />
  <testcase classname="ptolemy.vergil.basic.export.test.junit.ExportModelJUnitTestBatch6" name="[48] ptolemy/domains/ptides/demo/PtidesSynchrophasor/PtidesSynchrophasor.xml (RunExportModel)" time="8.312" />
  <testcase classname="ptolemy.vergil.basic.export.test.junit.ExportModelJUnitTestBatch6" name="[49] ptolemy/domains/ptides/demo/SRinPtides/SRinPtides.xml (RunExportModel)" time="5.793" />
  <testcase classname="ptolemy.vergil.basic.export.test.junit.ExportModelJUnitTestBatch6" name="[50] ptolemy/domains/ptides/demo/TREX/TREX.xml (RunExportModel)" time="40.53" />
  <testcase classname="ptolemy.vergil.basic.export.test.junit.ExportModelJUnitTestBatch6" name="[51] ptolemy/domains/ptides/demo/TTE/TTE.xml (RunExportModel)" time="6.43" />
  <testcase classname="ptolemy.vergil.basic.export.test.junit.ExportModelJUnitTestBatch6" name="[52] ptolemy/domains/qss/demo/BouncingBall/BouncingBall.xml (RunExportModel)" time="4.316" />
  <testcase classname="ptolemy.vergil.basic.export.test.junit.ExportModelJUnitTestBatch6" name="[53] ptolemy/domains/qss/demo/FirstOrder/FirstOrder.xml (RunExportModel)" time="4.178" />
  <testcase classname="ptolemy.vergil.basic.export.test.junit.ExportModelJUnitTestBatch6" name="[54] ptolemy/domains/qss/demo/FirstOrder/FirstOrderOscillating.xml (RunExportModel)" time="4.155" />
  <testcase classname="ptolemy.vergil.basic.export.test.junit.ExportModelJUnitTestBatch6" name="[55] ptolemy/domains/qss/demo/HelloWorld/HelloWorld.xml (RunExportModel)" time="4.145" />
  <testcase classname="ptolemy.vergil.basic.export.test.junit.ExportModelJUnitTestBatch6" name="[56] ptolemy/domains/qss/demo/HelloWorld/HelloWorldComputationallyExact.xml (RunExportModel)" time="4.221" />
  <testcase classname="ptolemy.vergil.basic.export.test.junit.ExportModelJUnitTestBatch6" name="[57] ptolemy/domains/qss/demo/HelloWorld/HelloWorldContinuous.xml (RunExportModel)" time="4.131" />
  <testcase classname="ptolemy.vergil.basic.export.test.junit.ExportModelJUnitTestBatch6" name="[58] ptolemy/domains/qss/demo/HelloWorld/HelloWorldPropagate.xml (RunExportModel)" time="4.226" />
  <testcase classname="ptolemy.vergil.basic.export.test.junit.ExportModelJUnitTestBatch6" name="[59] ptolemy/domains/qss/demo/HelloWorld/HelloWorldQSS1.xml (RunExportModel)" time="4.152" />
  <testcase classname="ptolemy.vergil.basic.export.test.junit.ExportModelJUnitTestBatch6" name="[60] ptolemy/domains/qss/demo/HelloWorld/HelloWorldQSS2.xml (RunExportModel)" time="4.154" />
  <testcase classname="ptolemy.vergil.basic.export.test.junit.ExportModelJUnitTestBatch6" name="[61] ptolemy/domains/qss/demo/Lorenz/Lorenz.xml (RunExportModel)" time="5.71" />
  <testcase classname="ptolemy.vergil.basic.export.test.junit.ExportModelJUnitTestBatch6" name="[62] ptolemy/domains/qss/demo/RLC/RLC.xml (RunExportModel)" time="4.348" />
  <testcase classname="ptolemy.vergil.basic.export.test.junit.ExportModelJUnitTestBatch6" name="[63] ptolemy/domains/qss/demo/SecondOrder/SecondOrder.xml (RunExportModel)" time="5.295" />
  <testcase classname="ptolemy.vergil.basic.export.test.junit.ExportModelJUnitTestBatch6" name="[64] ptolemy/domains/qss/demo/SecondOrder/SecondOrderContinuous.xml (RunExportModel)" time="4.43" />
  <testcase classname="ptolemy.vergil.basic.export.test.junit.ExportModelJUnitTestBatch6" name="[65] ptolemy/domains/qss/demo/SmoothToken/SmoothToken.xml (RunExportModel)" time="4.193" />
  <testcase classname="ptolemy.vergil.basic.export.test.junit.ExportModelJUnitTestBatch6" name="[66] ptolemy/domains/qss/demo/Thermal/Thermal.xml (RunExportModel)" time="4.377" />
  <testcase classname="ptolemy.vergil.basic.export.test.junit.ExportModelJUnitTestBatch6" name="[67] ptolemy/domains/rendezvous/demo/Barrier/Barrier.xml (RunExportModel)" time="34.986" />
  <testcase classname="ptolemy.vergil.basic.export.test.junit.ExportModelJUnitTestBatch6" name="[68] ptolemy/domains/rendezvous/demo/ResourcePool/ResourcePool.xml (RunExportModel)" time="34.249" />
  <testcase classname="ptolemy.vergil.basic.export.test.junit.ExportModelJUnitTestBatch6" name="[69] ptolemy/domains/rendezvous/demo/Sequencing/Sequencing.xml (RunExportModel)" time="4.149" />
  <testcase classname="ptolemy.vergil.basic.export.test.junit.ExportModelJUnitTestBatch6" name="[70] ptolemy/domains/rendezvous/demo/WriteRegulator/WriteRegulator.xml (RunExportModel)" time="34.521" />
  <testcase classname="ptolemy.vergil.basic.export.test.junit.ExportModelJUnitTestBatch6" name="[71] ptolemy/domains/scr/demo/FuelSystemSCR/FuelSystemSCR.xml (RunExportModel)" time="14.847" />
  <testcase classname="ptolemy.vergil.basic.export.test.junit.ExportModelJUnitTestBatch6" name="[72] ptolemy/domains/scr/demo/HelloWorldSCR/HelloWorldSCR.xml (RunExportModel)" time="4.393" />
  <testcase classname="ptolemy.vergil.basic.export.test.junit.ExportModelJUnitTestBatch6" name="[73] ptolemy/domains/scr/demo/SafetyInjection/SafetyInjection.xml (RunExportModel)" time="7.398" />
  <testcase classname="ptolemy.vergil.basic.export.test.junit.ExportModelJUnitTestBatch6" name="[74] ptolemy/domains/scr/demo/TrafficLight/TrafficLight.xml (RunExportModel)" time="4.447" />
  <testcase classname="ptolemy.vergil.basic.export.test.junit.ExportModelJUnitTestBatch6" name="[75] ptolemy/domains/sdf/demo/Array/Array.xml (RunExportModel)" time="4.234" />
  <testcase classname="ptolemy.vergil.basic.export.test.junit.ExportModelJUnitTestBatch6" name="[76] ptolemy/domains/sdf/demo/Butterfly/Butterfly.xml (RunExportModel)" time="4.246" />
  <testcase classname="ptolemy.vergil.basic.export.test.junit.ExportModelJUnitTestBatch6" name="[77] ptolemy/domains/sdf/demo/Expression/Expression.xml (RunExportModel)" time="4.238" />
  <testcase classname="ptolemy.vergil.basic.export.test.junit.ExportModelJUnitTestBatch6" name="[78] ptolemy/domains/sdf/demo/Eye/Eye.xml (RunExportModel)" time="4.69" />
  <testcase classname="ptolemy.vergil.basic.export.test.junit.ExportModelJUnitTestBatch6" name="[79] ptolemy/domains/sdf/demo/FixFIR/FixFIR.xml (RunExportModel)" time="4.387" />
  <testcase classname="ptolemy.vergil.basic.export.test.junit.ExportModelJUnitTestBatch6" name="[80] ptolemy/domains/sdf/demo/FixPoint/FixPoint.xml (RunExportModel)" time="4.131" />
  <testcase classname="ptolemy.vergil.basic.export.test.junit.ExportModelJUnitTestBatch6" name="[81] ptolemy/domains/sdf/demo/FourierSeries/FourierSeries.xml (RunExportModel)" time="4.159" />
  <testcase classname="ptolemy.vergil.basic.export.test.junit.ExportModelJUnitTestBatch6" name="[82] ptolemy/domains/sdf/demo/Gravitation/Gravitation.xml (RunExportModel)" time="13.511" />
  <testcase classname="ptolemy.vergil.basic.export.test.junit.ExportModelJUnitTestBatch6" name="[83] ptolemy/domains/sdf/demo/Gravitation/GravitationWithCollisionDetection.xml (RunExportModel)" time="34.289" />
  <testcase classname="ptolemy.vergil.basic.export.test.junit.ExportModelJUnitTestBatch6" name="[84] ptolemy/domains/sdf/demo/HTVQ/HTVQ.xml (RunExportModel)" time="4.599" />
  <testcase classname="ptolemy.vergil.basic.export.test.junit.ExportModelJUnitTestBatch6" name="[85] ptolemy/domains/sdf/demo/LMSAdaptive/LMSAdaptive.xml (RunExportModel)" time="34.165" />
  <testcase classname="ptolemy.vergil.basic.export.test.junit.ExportModelJUnitTestBatch6" name="[86] ptolemy/domains/sdf/demo/LogisticMap/LogisticMap.xml (RunExportModel)" time="34.2" />
  <testcase classname="ptolemy.vergil.basic.export.test.junit.ExportModelJUnitTestBatch6" name="[87] ptolemy/domains/sdf/demo/MaximumEntropySpectrum/MaximumEntropySpectrum.xml (RunExportModel)" time="4.592" />
  <testcase classname="ptolemy.vergil.basic.export.test.junit.ExportModelJUnitTestBatch6" name="[88] ptolemy/domains/sdf/demo/ModelDisplay/ModelDisplay.xml (RunExportModel)" time="34.253" />
  <testcase classname="ptolemy.vergil.basic.export.test.junit.ExportModelJUnitTestBatch6" name="[89] ptolemy/domains/sdf/demo/MultipleRuns/MultipleRuns.xml (RunExportModel)" time="4.26" />
  <testcase classname="ptolemy.vergil.basic.export.test.junit.ExportModelJUnitTestBatch6" name="[90] ptolemy/domains/sdf/demo/NoisySinewave/NoisySinewave.xml (RunExportModel)" time="4.255" />
  <testcase classname="ptolemy.vergil.basic.export.test.junit.ExportModelJUnitTestBatch6" name="[91] ptolemy/domains/sdf/demo/OrthogonalCom/OrthogonalCom.xml (RunExportModel)" time="4.183" />
  <testcase classname="ptolemy.vergil.basic.export.test.junit.ExportModelJUnitTestBatch6" name="[92] ptolemy/domains/sdf/demo/RijndaelEncryption/RijndaelEncryption.xml (RunExportModel)" time="4.899" />
  <testcase classname="ptolemy.vergil.basic.export.test.junit.ExportModelJUnitTestBatch6" name="[93] ptolemy/domains/sdf/demo/Sketch/Sketch.xml (RunExportModel)" time="4.192" />
  <testcase classname="ptolemy.vergil.basic.export.test.junit.ExportModelJUnitTestBatch6" name="[94] ptolemy/domains/sdf/demo/SoundSpectrum/SoundSpectrum.xml (RunExportModel)" time="3.17" />
  <testcase classname="ptolemy.vergil.basic.export.test.junit.ExportModelJUnitTestBatch6" name="[95] ptolemy/domains/sdf/demo/Spectrum/Spectrum.xml (RunExportModel)" time="4.306" />
  <testcase classname="ptolemy.vergil.basic.export.test.junit.ExportModelJUnitTestBatch6" name="[96] ptolemy/domains/sdf/demo/SynthesizedVoice/SynthesizedVoice.xml (RunExportModel)" time="3.16" />
  <testcase classname="ptolemy.vergil.basic.export.test.junit.ExportModelJUnitTestBatch6" name="[97] ptolemy/domains/sdf/demo/Type/Type.xml (RunExportModel)" time="4.173" />
  <testcase classname="ptolemy.vergil.basic.export.test.junit.ExportModelJUnitTestBatch6" name="[98] ptolemy/domains/sdf/optimize/demo/SDFOptimize/SDFOptimize.xml (RunExportModel)" time="4.138" />
  <testcase classname="ptolemy.vergil.basic.export.test.junit.ExportModelJUnitTestBatch6" name="[99] ptolemy/domains/sequence/demo/HelloWorld/HelloWorld.xml (RunExportModel)" time="4.176" />
  <system-out><![CDATA[ExportModeJUnitTestBatch: There are 753 demos. Exporting demos: 591 to 690.
####### 1 Wed Jun 13 07:00:58 UTC 2018 $PTII/bin/ptinvoke ptolemy.vergil.basic.export.ExportModel -force htm  -openComposites -timeOut 30000 -whiteBackground ptolemy/domains/modal/demo/SystemLevelType/PolyActor.xml $PTII/ptolemy/domains/modal/demo/SystemLevelType/PolyActor
Warning: not running ptolemy/domains/modal/demo/SystemLevelType/PolyActor.xml. See ptolemy/vergil/basic/export/test/junit/ExportModelJUnitTest.java
Exported /home/travis/build/icyphy/ptII/ptolemy/domains/modal/demo/SystemLevelType/PolyActor/index.html
6303 ms. Memory: 146944K Free: 134262K (91%)
####### 2 Wed Jun 13 07:01:04 UTC 2018 $PTII/bin/ptinvoke ptolemy.vergil.basic.export.ExportModel -force htm  -openComposites -timeOut 30000 -whiteBackground ptolemy/domains/modal/demo/SystemLevelType/SDFActor.xml $PTII/ptolemy/domains/modal/demo/SystemLevelType/SDFActor
Warning: not running ptolemy/domains/modal/demo/SystemLevelType/SDFActor.xml. See ptolemy/vergil/basic/export/test/junit/ExportModelJUnitTest.java
Exported /home/travis/build/icyphy/ptII/ptolemy/domains/modal/demo/SystemLevelType/SDFActor/index.html
3546 ms. Memory: 174080K Free: 130252K (75%)
####### 3 Wed Jun 13 07:01:08 UTC 2018 $PTII/bin/ptinvoke ptolemy.vergil.basic.export.ExportModel -force htm  -openComposites -timeOut 30000 -whiteBackground ptolemy/domains/modal/demo/SystemLevelType/SDFDomain.xml $PTII/ptolemy/domains/modal/demo/SystemLevelType/SDFDomain
Warning: not running ptolemy/domains/modal/demo/SystemLevelType/SDFDomain.xml. See ptolemy/vergil/basic/export/test/junit/ExportModelJUnitTest.java
Exported /home/travis/build/icyphy/ptII/ptolemy/domains/modal/demo/SystemLevelType/SDFDomain/index.html
3444 ms. Memory: 198144K Free: 141716K (72%)
####### 4 Wed Jun 13 07:01:11 UTC 2018 $PTII/bin/ptinvoke ptolemy.vergil.basic.export.ExportModel -force htm  -openComposites -timeOut 30000 -whiteBackground ptolemy/domains/modal/demo/SystemLevelType/SDFDomain_PolyActor.xml $PTII/ptolemy/domains/modal/demo/SystemLevelType/SDFDomain_PolyActor
Warning: not running ptolemy/domains/modal/demo/SystemLevelType/SDFDomain_PolyActor.xml. See ptolemy/vergil/basic/export/test/junit/ExportModelJUnitTest.java
Exported /home/travis/build/icyphy/ptII/ptolemy/domains/modal/demo/SystemLevelType/SDFDomain_PolyActor/index.html
3427 ms. Memory: 198656K Free: 150450K (76%)
####### 5 Wed Jun 13 07:01:15 UTC 2018 $PTII/bin/ptinvoke ptolemy.vergil.basic.export.ExportModel -force htm  -openComposites -timeOut 30000 -whiteBackground ptolemy/domains/modal/demo/SystemLevelType/SDFDomain_SDFActor.xml $PTII/ptolemy/domains/modal/demo/SystemLevelType/SDFDomain_SDFActor
Warning: not running ptolemy/domains/modal/demo/SystemLevelType/SDFDomain_SDFActor.xml. See ptolemy/vergil/basic/export/test/junit/ExportModelJUnitTest.java
Exported /home/travis/build/icyphy/ptII/ptolemy/domains/modal/demo/SystemLevelType/SDFDomain_SDFActor/index.html
3304 ms. Memory: 230400K Free: 187225K (81%)
####### 6 Wed Jun 13 07:01:18 UTC 2018 $PTII/bin/ptinvoke ptolemy.vergil.basic.export.ExportModel -force htm  -openComposites -timeOut 30000 -whiteBackground ptolemy/domains/modal/demo/SystemLevelType/ThreadA.xml $PTII/ptolemy/domains/modal/demo/SystemLevelType/ThreadA
Warning: not running ptolemy/domains/modal/demo/SystemLevelType/ThreadA.xml. See ptolemy/vergil/basic/export/test/junit/ExportModelJUnitTest.java
Exported /home/travis/build/icyphy/ptII/ptolemy/domains/modal/demo/SystemLevelType/ThreadA/index.html
3236 ms. Memory: 230400K Free: 72021K (31%)
####### 7 Wed Jun 13 07:01:21 UTC 2018 $PTII/bin/ptinvoke ptolemy.vergil.basic.export.ExportModel -force htm  -openComposites -timeOut 30000 -whiteBackground ptolemy/domains/modal/demo/SystemLevelType/ThreadA_Monitor_ThreadB.xml $PTII/ptolemy/domains/modal/demo/SystemLevelType/ThreadA_Monitor_ThreadB
Warning: not running ptolemy/domains/modal/demo/SystemLevelType/ThreadA_Monitor_ThreadB.xml. See ptolemy/vergil/basic/export/test/junit/ExportModelJUnitTest.java
Exported /home/travis/build/icyphy/ptII/ptolemy/domains/modal/demo/SystemLevelType/ThreadA_Monitor_ThreadB/index.html
3256 ms. Memory: 232448K Free: 102250K (44%)
####### 8 Wed Jun 13 07:01:25 UTC 2018 $PTII/bin/ptinvoke ptolemy.vergil.basic.export.ExportModel -force htm  -openComposites -timeOut 30000 -whiteBackground ptolemy/domains/modal/demo/SystemLevelType/ThreadB.xml $PTII/ptolemy/domains/modal/demo/SystemLevelType/ThreadB
Warning: not running ptolemy/domains/modal/demo/SystemLevelType/ThreadB.xml. See ptolemy/vergil/basic/export/test/junit/ExportModelJUnitTest.java
Exported /home/travis/build/icyphy/ptII/ptolemy/domains/modal/demo/SystemLevelType/ThreadB/index.html
3284 ms. Memory: 262656K Free: 191156K (73%)
####### 9 Wed Jun 13 07:01:28 UTC 2018 $PTII/bin/ptinvoke ptolemy.vergil.basic.export.ExportModel -force htm  -openComposites -timeOut 30000 -whiteBackground ptolemy/domains/modal/demo/SystemLevelType/ThreadBNotifies.xml $PTII/ptolemy/domains/modal/demo/SystemLevelType/ThreadBNotifies
Warning: not running ptolemy/domains/modal/demo/SystemLevelType/ThreadBNotifies.xml. See ptolemy/vergil/basic/export/test/junit/ExportModelJUnitTest.java
Exported /home/travis/build/icyphy/ptII/ptolemy/domains/modal/demo/SystemLevelType/ThreadBNotifies/index.html
3190 ms. Memory: 262656K Free: 78952K (30%)
####### 10 Wed Jun 13 07:01:31 UTC 2018 $PTII/bin/ptinvoke ptolemy.vergil.basic.export.ExportModel -force htm  -openComposites -timeOut 30000 -whiteBackground ptolemy/domains/modal/demo/SystemLevelType/Trigger.xml $PTII/ptolemy/domains/modal/demo/SystemLevelType/Trigger
Warning: not running ptolemy/domains/modal/demo/SystemLevelType/Trigger.xml. See ptolemy/vergil/basic/export/test/junit/ExportModelJUnitTest.java
Exported /home/travis/build/icyphy/ptII/ptolemy/domains/modal/demo/SystemLevelType/Trigger/index.html
3210 ms. Memory: 264192K Free: 175482K (66%)
####### 11 Wed Jun 13 07:01:34 UTC 2018 $PTII/bin/ptinvoke ptolemy.vergil.basic.export.ExportModel -force htm  -openComposites -timeOut 30000 -whiteBackground ptolemy/domains/modal/demo/SystemLevelType/UNKNOWN.xml $PTII/ptolemy/domains/modal/demo/SystemLevelType/UNKNOWN
Warning: not running ptolemy/domains/modal/demo/SystemLevelType/UNKNOWN.xml. See ptolemy/vergil/basic/export/test/junit/ExportModelJUnitTest.java
Exported /home/travis/build/icyphy/ptII/ptolemy/domains/modal/demo/SystemLevelType/UNKNOWN/index.html
3171 ms. Memory: 264192K Free: 54821K (21%)
####### 12 Wed Jun 13 07:01:37 UTC 2018 $PTII/bin/ptinvoke ptolemy.vergil.basic.export.ExportModel -force htm  -openComposites -timeOut 30000 -whiteBackground ptolemy/domains/openmodelica/demo/OpenModelica/OpenModelicaInteractive.xml $PTII/ptolemy/domains/openmodelica/demo/OpenModelica/OpenModelicaInteractive
Warning: not running ptolemy/domains/openmodelica/demo/OpenModelica/OpenModelicaInteractive.xml. See ptolemy/vergil/basic/export/test/junit/ExportModelJUnitTest.java
Exported /home/travis/build/icyphy/ptII/ptolemy/domains/openmodelica/demo/OpenModelica/OpenModelicaInteractive/index.html
3266 ms. Memory: 289792K Free: 64186K (22%)
####### 13 Wed Jun 13 07:01:41 UTC 2018 $PTII/bin/ptinvoke ptolemy.vergil.basic.export.ExportModel -force htm -run -openComposites -timeOut 30000 -whiteBackground ptolemy/domains/petrinet/demo/PetriNetDiningPhilosophers/PetriNetDiningPhilosophers.xml $PTII/ptolemy/domains/petrinet/demo/PetriNetDiningPhilosophers/PetriNetDiningPhilosophers
Running .PetriNetDiningPhilosophers
41 ms. Memory: 294400K Free: 165566K (56%)
Exported /home/travis/build/icyphy/ptII/ptolemy/domains/petrinet/demo/PetriNetDiningPhilosophers/PetriNetDiningPhilosophers/index.html
4977 ms. Memory: 321536K Free: 99386K (31%)
####### 14 Wed Jun 13 07:01:46 UTC 2018 $PTII/bin/ptinvoke ptolemy.vergil.basic.export.ExportModel -force htm -run -openComposites -timeOut 30000 -whiteBackground ptolemy/domains/petrinet/demo/PetriNetSimple/PetriNetSimple.xml $PTII/ptolemy/domains/petrinet/demo/PetriNetSimple/PetriNetSimple
Running .PetriNetSimple
25 ms. Memory: 325120K Free: 269229K (83%)
Exported /home/travis/build/icyphy/ptII/ptolemy/domains/petrinet/demo/PetriNetSimple/PetriNetSimple/index.html
4317 ms. Memory: 325120K Free: 219065K (67%)
####### 15 Wed Jun 13 07:01:50 UTC 2018 $PTII/bin/ptinvoke ptolemy.vergil.basic.export.ExportModel -force htm -run -openComposites -timeOut 30000 -whiteBackground ptolemy/domains/pn/demo/BrockAckerman/BrockAckerman.xml $PTII/ptolemy/domains/pn/demo/BrockAckerman/BrockAckerman
Running .BrockAckerman
69 ms. Memory: 359424K Free: 311866K (87%)
Exported /home/travis/build/icyphy/ptII/ptolemy/domains/pn/demo/BrockAckerman/BrockAckerman/index.html
4835 ms. Memory: 359424K Free: 139322K (39%)
####### 16 Wed Jun 13 07:01:55 UTC 2018 $PTII/bin/ptinvoke ptolemy.vergil.basic.export.ExportModel -force htm -run -openComposites -timeOut 30000 -whiteBackground ptolemy/domains/pn/demo/CounterMachine/CounterMachine.xml $PTII/ptolemy/domains/pn/demo/CounterMachine/CounterMachine
Running .CounterMachine
ExportHTMLTimer went off after 30000 ms., calling getDirector().finish and getDirector().stopFire()
30021 ms. Memory: 480256K Free: 261993K (55%)
Exported /home/travis/build/icyphy/ptII/ptolemy/domains/pn/demo/CounterMachine/CounterMachine/index.html
39899 ms. Memory: 623616K Free: 401048K (64%)
####### 17 Wed Jun 13 07:02:35 UTC 2018 $PTII/bin/ptinvoke ptolemy.vergil.basic.export.ExportModel -force htm -run -openComposites -timeOut 30000 -whiteBackground ptolemy/domains/pn/demo/CounterMachine/CounterMachinePrelim.xml $PTII/ptolemy/domains/pn/demo/CounterMachine/CounterMachinePrelim
Running .CounterMachinePrelim
90 ms. Memory: 623616K Free: 73513K (12%)
Exported /home/travis/build/icyphy/ptII/ptolemy/domains/pn/demo/CounterMachine/CounterMachinePrelim/index.html
6359 ms. Memory: 711680K Free: 628142K (88%)
####### 18 Wed Jun 13 07:02:41 UTC 2018 $PTII/bin/ptinvoke ptolemy.vergil.basic.export.ExportModel -force htm -run -openComposites -timeOut 30000 -whiteBackground ptolemy/domains/pn/demo/CounterMachine/CounterMachineWithException.xml $PTII/ptolemy/domains/pn/demo/CounterMachine/CounterMachineWithException
Running .CounterMachineWithException
374 ms. Memory: 711680K Free: 282625K (40%)
Exported /home/travis/build/icyphy/ptII/ptolemy/domains/pn/demo/CounterMachine/CounterMachineWithException/index.html
9991 ms. Memory: 872960K Free: 516179K (59%)
####### 19 Wed Jun 13 07:02:51 UTC 2018 $PTII/bin/ptinvoke ptolemy.vergil.basic.export.ExportModel -force htm -run -openComposites -timeOut 30000 -whiteBackground ptolemy/domains/pn/demo/NondeterministicMerge/NondeterministicMerge.xml $PTII/ptolemy/domains/pn/demo/NondeterministicMerge/NondeterministicMerge
Running .NondeterministicMerge
ExportHTMLTimer went off after 30000 ms., calling getDirector().finish and getDirector().stopFire()
30013 ms. Memory: 872960K Free: 391239K (45%)
Exported /home/travis/build/icyphy/ptII/ptolemy/domains/pn/demo/NondeterministicMerge/NondeterministicMerge/index.html
34338 ms. Memory: 872960K Free: 336289K (39%)
####### 20 Wed Jun 13 07:03:25 UTC 2018 $PTII/bin/ptinvoke ptolemy.vergil.basic.export.ExportModel -force htm -run -openComposites -timeOut 30000 -whiteBackground ptolemy/domains/pn/demo/NondeterministicMergeWithFeedback/NondeterministicMergeWithFeedback.xml $PTII/ptolemy/domains/pn/demo/NondeterministicMergeWithFeedback/NondeterministicMergeWithFeedback
Running .NondeterministicMergeWithFeedback
54 ms. Memory: 872960K Free: 209435K (24%)
Exported /home/travis/build/icyphy/ptII/ptolemy/domains/pn/demo/NondeterministicMergeWithFeedback/NondeterministicMergeWithFeedback/index.html
4231 ms. Memory: 872960K Free: 131609K (15%)
####### 21 Wed Jun 13 07:03:30 UTC 2018 $PTII/bin/ptinvoke ptolemy.vergil.basic.export.ExportModel -force htm -run -openComposites -timeOut 30000 -whiteBackground ptolemy/domains/pn/demo/OrderedMerge/OrderedMerge.xml $PTII/ptolemy/domains/pn/demo/OrderedMerge/OrderedMerge
Running .OrderedMerge
173 ms. Memory: 1002496K Free: 844475K (84%)
Exported /home/travis/build/icyphy/ptII/ptolemy/domains/pn/demo/OrderedMerge/OrderedMerge/index.html
4398 ms. Memory: 1002496K Free: 806559K (80%)
####### 22 Wed Jun 13 07:03:34 UTC 2018 $PTII/bin/ptinvoke ptolemy.vergil.basic.export.ExportModel -force htm -run -openComposites -timeOut 30000 -whiteBackground ptolemy/domains/pn/demo/QR/QR.xml $PTII/ptolemy/domains/pn/demo/QR/QR
Running .QR
53 ms. Memory: 1002496K Free: 685025K (68%)
Exported /home/travis/build/icyphy/ptII/ptolemy/domains/pn/demo/QR/QR/index.html
4276 ms. Memory: 1002496K Free: 645627K (64%)
####### 23 Wed Jun 13 07:03:38 UTC 2018 $PTII/bin/ptinvoke ptolemy.vergil.basic.export.ExportModel -force htm -run -openComposites -timeOut 30000 -whiteBackground ptolemy/domains/pn/demo/RemoveNilTokens/RemoveNilTokens.xml $PTII/ptolemy/domains/pn/demo/RemoveNilTokens/RemoveNilTokens
Running .RemoveNilTokens
24 ms. Memory: 1002496K Free: 503058K (50%)
Exported /home/travis/build/icyphy/ptII/ptolemy/domains/pn/demo/RemoveNilTokens/RemoveNilTokens/index.html
4175 ms. Memory: 1002496K Free: 474976K (47%)
####### 24 Wed Jun 13 07:03:43 UTC 2018 $PTII/bin/ptinvoke ptolemy.vergil.basic.export.ExportModel -force htm -run -openComposites -timeOut 30000 -whiteBackground ptolemy/domains/pn/demo/Stack/Stack.xml $PTII/ptolemy/domains/pn/demo/Stack/Stack
Running .Stack
171 ms. Memory: 1002496K Free: 142727K (14%)
Exported /home/travis/build/icyphy/ptII/ptolemy/domains/pn/demo/Stack/Stack/index.html
4531 ms. Memory: 1003008K Free: 873073K (87%)
####### 25 Wed Jun 13 07:03:47 UTC 2018 $PTII/bin/ptinvoke ptolemy.vergil.basic.export.ExportModel -force htm -run -openComposites -timeOut 30000 -whiteBackground ptolemy/domains/psdf/demo/BlindCommunication/BlindCommunication.xml $PTII/ptolemy/domains/psdf/demo/BlindCommunication/BlindCommunication
Running .BlindCommunication
2189 ms. Memory: 1003008K Free: 326945K (33%)
Exported /home/travis/build/icyphy/ptII/ptolemy/domains/psdf/demo/BlindCommunication/BlindCommunication/index.html
7434 ms. Memory: 1112064K Free: 872543K (78%)
####### 26 Wed Jun 13 07:03:55 UTC 2018 $PTII/bin/ptinvoke ptolemy.vergil.basic.export.ExportModel -force htm -run -openComposites -timeOut 30000 -whiteBackground ptolemy/domains/psdf/demo/Speech/Speech.xml $PTII/ptolemy/domains/psdf/demo/Speech/Speech
Running .Speech
445 ms. Memory: 1112064K Free: 653210K (59%)
Exported /home/travis/build/icyphy/ptII/ptolemy/domains/psdf/demo/Speech/Speech/index.html
4842 ms. Memory: 1112064K Free: 535744K (48%)
####### 27 Wed Jun 13 07:03:59 UTC 2018 $PTII/bin/ptinvoke ptolemy.vergil.basic.export.ExportModel -force htm -run -openComposites -timeOut 30000 -whiteBackground ptolemy/domains/ptera/demo/AdaptiveCarWash/AdaptiveCarWash.xml $PTII/ptolemy/domains/ptera/demo/AdaptiveCarWash/AdaptiveCarWash
Running .AdaptiveCarWash
670 ms. Memory: 1112064K Free: 254639K (23%)
Exported /home/travis/build/icyphy/ptII/ptolemy/domains/ptera/demo/AdaptiveCarWash/AdaptiveCarWash/index.html
6973 ms. Memory: 1121280K Free: 684267K (61%)
####### 28 Wed Jun 13 07:04:06 UTC 2018 $PTII/bin/ptinvoke ptolemy.vergil.basic.export.ExportModel -force htm -run -openComposites -timeOut 30000 -whiteBackground ptolemy/domains/ptera/demo/AdaptiveCarWash/AdaptiveCarWashFSM.xml $PTII/ptolemy/domains/ptera/demo/AdaptiveCarWash/AdaptiveCarWashFSM
Running .AdaptiveCarWashFSM
493 ms. Memory: 1121280K Free: 440837K (39%)
Exported /home/travis/build/icyphy/ptII/ptolemy/domains/ptera/demo/AdaptiveCarWash/AdaptiveCarWashFSM/index.html
5002 ms. Memory: 1121280K Free: 279820K (25%)
####### 29 Wed Jun 13 07:04:11 UTC 2018 $PTII/bin/ptinvoke ptolemy.vergil.basic.export.ExportModel -force htm -run -openComposites -timeOut 30000 -whiteBackground ptolemy/domains/ptera/demo/CarWash/CarWash.xml $PTII/ptolemy/domains/ptera/demo/CarWash/CarWash
Running .CarWash
250 ms. Memory: 1228288K Free: 1169206K (95%)
Exported /home/travis/build/icyphy/ptII/ptolemy/domains/ptera/demo/CarWash/CarWash/index.html
4579 ms. Memory: 1228288K Free: 1135888K (92%)
####### 30 Wed Jun 13 07:04:16 UTC 2018 $PTII/bin/ptinvoke ptolemy.vergil.basic.export.ExportModel -force htm -run -openComposites -timeOut 30000 -whiteBackground ptolemy/domains/ptera/demo/CarWash/CarWashDE.xml $PTII/ptolemy/domains/ptera/demo/CarWash/CarWashDE
Running .CarWashDE
230 ms. Memory: 1228288K Free: 978725K (80%)
Exported /home/travis/build/icyphy/ptII/ptolemy/domains/ptera/demo/CarWash/CarWashDE/index.html
4663 ms. Memory: 1228288K Free: 843464K (69%)
####### 31 Wed Jun 13 07:04:21 UTC 2018 $PTII/bin/ptinvoke ptolemy.vergil.basic.export.ExportModel -force htm -run -openComposites -timeOut 30000 -whiteBackground ptolemy/domains/ptera/demo/SimultaneousCarWash/SimultaneousCarWash.xml $PTII/ptolemy/domains/ptera/demo/SimultaneousCarWash/SimultaneousCarWash
Running .SimultaneousCarWash
319 ms. Memory: 1228288K Free: 633609K (52%)
Exported /home/travis/build/icyphy/ptII/ptolemy/domains/ptera/demo/SimultaneousCarWash/SimultaneousCarWash/index.html
4663 ms. Memory: 1228288K Free: 446495K (36%)
####### 32 Wed Jun 13 07:04:25 UTC 2018 $PTII/bin/ptinvoke ptolemy.vergil.basic.export.ExportModel -force htm -run -openComposites -timeOut 30000 -whiteBackground ptolemy/domains/ptera/demo/TrafficLight/TrafficLight.xml $PTII/ptolemy/domains/ptera/demo/TrafficLight/TrafficLight
Running .TrafficLight
ExportHTMLTimer went off after 30000 ms., calling getDirector().finish and getDirector().stopFire()
30001 ms. Memory: 1228288K Free: 255696K (21%)
Exported /home/travis/build/icyphy/ptII/ptolemy/domains/ptera/demo/TrafficLight/TrafficLight/index.html
34653 ms. Memory: 1237504K Free: 1021903K (83%)
####### 33 Wed Jun 13 07:05:00 UTC 2018 $PTII/bin/ptinvoke ptolemy.vergil.basic.export.ExportModel -force htm -run -openComposites -timeOut 30000 -whiteBackground ptolemy/domains/pthales/demo/AdaptiveBeamForming/AdaptiveBeamForming.xml $PTII/ptolemy/domains/pthales/demo/AdaptiveBeamForming/AdaptiveBeamForming
Running .AdaptiveBeamForming
2267 ms. Memory: 1351680K Free: 817791K (61%)
Exported /home/travis/build/icyphy/ptII/ptolemy/domains/pthales/demo/AdaptiveBeamForming/AdaptiveBeamForming/index.html
6541 ms. Memory: 1351680K Free: 755987K (56%)
####### 34 Wed Jun 13 07:05:06 UTC 2018 $PTII/bin/ptinvoke ptolemy.vergil.basic.export.ExportModel -force htm -run -openComposites -timeOut 30000 -whiteBackground ptolemy/domains/pthales/demo/FFT/FFT.xml $PTII/ptolemy/domains/pthales/demo/FFT/FFT
Running .FFT
195 ms. Memory: 1331200K Free: 1293303K (97%)
Exported /home/travis/build/icyphy/ptII/ptolemy/domains/pthales/demo/FFT/FFT/index.html
4714 ms. Memory: 1331200K Free: 1077315K (81%)
####### 35 Wed Jun 13 07:05:11 UTC 2018 $PTII/bin/ptinvoke ptolemy.vergil.basic.export.ExportModel -force htm -run -openComposites -timeOut 30000 -whiteBackground ptolemy/domains/pthales/demo/HelloWorld/HelloWorld.xml $PTII/ptolemy/domains/pthales/demo/HelloWorld/HelloWorld
Running .HelloWorld
156 ms. Memory: 1350144K Free: 1317201K (98%)
Exported /home/travis/build/icyphy/ptII/ptolemy/domains/pthales/demo/HelloWorld/HelloWorld/index.html
4418 ms. Memory: 1350144K Free: 1239769K (92%)
####### 36 Wed Jun 13 07:05:16 UTC 2018 $PTII/bin/ptinvoke ptolemy.vergil.basic.export.ExportModel -force htm -run -openComposites -timeOut 30000 -whiteBackground ptolemy/domains/pthales/demo/Illustrative/Illustrative.xml $PTII/ptolemy/domains/pthales/demo/Illustrative/Illustrative
Running .Illustrative
208 ms. Memory: 1350144K Free: 1262916K (94%)
Exported /home/travis/build/icyphy/ptII/ptolemy/domains/pthales/demo/Illustrative/Illustrative/index.html
4628 ms. Memory: 1350144K Free: 1020513K (76%)
####### 37 Wed Jun 13 07:05:20 UTC 2018 $PTII/bin/ptinvoke ptolemy.vergil.basic.export.ExportModel -force htm -run -openComposites -timeOut 30000 -whiteBackground ptolemy/domains/ptides/demo/ActuatorPattern/ActuatorPattern.xml $PTII/ptolemy/domains/ptides/demo/ActuatorPattern/ActuatorPattern
Running .ActuatorPattern
34 ms. Memory: 1350144K Free: 887788K (66%)
Exported /home/travis/build/icyphy/ptII/ptolemy/domains/ptides/demo/ActuatorPattern/ActuatorPattern/index.html
4380 ms. Memory: 1350144K Free: 737694K (55%)
####### 38 Wed Jun 13 07:05:25 UTC 2018 $PTII/bin/ptinvoke ptolemy.vergil.basic.export.ExportModel -force htm -run -openComposites -timeOut 30000 -whiteBackground ptolemy/domains/ptides/demo/Controller/Controller.xml $PTII/ptolemy/domains/ptides/demo/Controller/Controller
Running .Controller
WARNING: The execution aspects in this model can influence the timing of actors by delaying the 
execution, potentially changing the behavior. There is no guarantee that actors fire at the 
time they request to be fired. 
Use Ptides for deterministic DE behavior that is not influenced by execution aspects. 

ExportHTMLTimer went off after 30000 ms., calling getDirector().finish and getDirector().stopFire()
30013 ms. Memory: 1441792K Free: 1014871K (70%)
Exported /home/travis/build/icyphy/ptII/ptolemy/domains/ptides/demo/Controller/Controller/index.html
37173 ms. Memory: 1446912K Free: 1215907K (84%)
####### 39 Wed Jun 13 07:06:02 UTC 2018 $PTII/bin/ptinvoke ptolemy.vergil.basic.export.ExportModel -force htm -run -openComposites -timeOut 30000 -whiteBackground ptolemy/domains/ptides/demo/CoSimulation/CoSimulation.xml $PTII/ptolemy/domains/ptides/demo/CoSimulation/CoSimulation
Running .CoSimulation
1101 ms. Memory: 1446912K Free: 690530K (48%)
Exported /home/travis/build/icyphy/ptII/ptolemy/domains/ptides/demo/CoSimulation/CoSimulation/index.html
7823 ms. Memory: 1549312K Free: 1394328K (90%)
####### 40 Wed Jun 13 07:06:10 UTC 2018 $PTII/bin/ptinvoke ptolemy.vergil.basic.export.ExportModel -force htm -run -openComposites -timeOut 30000 -whiteBackground ptolemy/domains/ptides/demo/DistributedPowerPlant/DistributedPowerPlant.xml $PTII/ptolemy/domains/ptides/demo/DistributedPowerPlant/DistributedPowerPlant
Running .DistributedPowerPlant
331 ms. Memory: 1549312K Free: 1103926K (71%)
Exported /home/travis/build/icyphy/ptII/ptolemy/domains/ptides/demo/DistributedPowerPlant/DistributedPowerPlant/index.html
6832 ms. Memory: 1549312K Free: 236136K (15%)
####### 41 Wed Jun 13 07:06:16 UTC 2018 $PTII/bin/ptinvoke ptolemy.vergil.basic.export.ExportModel -force htm -run -openComposites -timeOut 30000 -whiteBackground ptolemy/domains/ptides/demo/LocalSource/LocalSource.xml $PTII/ptolemy/domains/ptides/demo/LocalSource/LocalSource
Running .LocalSource
10 ms. Memory: 1549312K Free: 122469K (8%)
Exported /home/travis/build/icyphy/ptII/ptolemy/domains/ptides/demo/LocalSource/LocalSource/index.html
4193 ms. Memory: 1549824K Free: 1456729K (94%)
####### 42 Wed Jun 13 07:06:21 UTC 2018 $PTII/bin/ptinvoke ptolemy.vergil.basic.export.ExportModel -force htm -run -openComposites -timeOut 30000 -whiteBackground ptolemy/domains/ptides/demo/MixedSimulator/MixedSimulator.xml $PTII/ptolemy/domains/ptides/demo/MixedSimulator/MixedSimulator
Running .MixedSimulator
99 ms. Memory: 1549824K Free: 1299723K (84%)
Exported /home/travis/build/icyphy/ptII/ptolemy/domains/ptides/demo/MixedSimulator/MixedSimulator/index.html
4450 ms. Memory: 1549824K Free: 1154083K (74%)
####### 43 Wed Jun 13 07:06:25 UTC 2018 $PTII/bin/ptinvoke ptolemy.vergil.basic.export.ExportModel -force htm -run -openComposites -timeOut 30000 -whiteBackground ptolemy/domains/ptides/demo/MultiPlatformTDMA/MultiPlatformTDMA.xml $PTII/ptolemy/domains/ptides/demo/MultiPlatformTDMA/MultiPlatformTDMA
Running .MultiPlatformTDMA
125 ms. Memory: 1549824K Free: 903314K (58%)
Exported /home/travis/build/icyphy/ptII/ptolemy/domains/ptides/demo/MultiPlatformTDMA/MultiPlatformTDMA/index.html
4863 ms. Memory: 1549824K Free: 610810K (39%)
####### 44 Wed Jun 13 07:06:30 UTC 2018 $PTII/bin/ptinvoke ptolemy.vergil.basic.export.ExportModel -force htm -run -openComposites -timeOut 30000 -whiteBackground ptolemy/domains/ptides/demo/MultipleCores/MultipleCores.xml $PTII/ptolemy/domains/ptides/demo/MultipleCores/MultipleCores
Running .MultipleCores
14 ms. Memory: 1549824K Free: 468825K (30%)
Exported /home/travis/build/icyphy/ptII/ptolemy/domains/ptides/demo/MultipleCores/MultipleCores/index.html
4244 ms. Memory: 1549824K Free: 388670K (25%)
####### 45 Wed Jun 13 07:06:34 UTC 2018 $PTII/bin/ptinvoke ptolemy.vergil.basic.export.ExportModel -force htm -run -openComposites -timeOut 30000 -whiteBackground ptolemy/domains/ptides/demo/PowerManagementUnitSamplingWithoutCurrentLocalTime/PowerManagementUnitSamplingWithoutCurrentLocalTime.xml $PTII/ptolemy/domains/ptides/demo/PowerManagementUnitSamplingWithoutCurrentLocalTime/PowerManagementUnitSamplingWithoutCurrentLocalTime
Running .PowerManagementUnitSamplingWithoutCurrentLocalTime
130 ms. Memory: 1549824K Free: 103513K (7%)
Exported /home/travis/build/icyphy/ptII/ptolemy/domains/ptides/demo/PowerManagementUnitSamplingWithoutCurrentLocalTime/PowerManagementUnitSamplingWithoutCurrentLocalTime/index.html
6806 ms. Memory: 1645056K Free: 318701K (19%)
####### 46 Wed Jun 13 07:06:41 UTC 2018 $PTII/bin/ptinvoke ptolemy.vergil.basic.export.ExportModel -force htm -run -openComposites -timeOut 30000 -whiteBackground ptolemy/domains/ptides/demo/PowerPlant/PowerPlant.xml $PTII/ptolemy/domains/ptides/demo/PowerPlant/PowerPlant
Running .PowerPlant
264 ms. Memory: 1652224K Free: 1570898K (95%)
Exported /home/travis/build/icyphy/ptII/ptolemy/domains/ptides/demo/PowerPlant/PowerPlant/index.html
6199 ms. Memory: 1652224K Free: 825319K (50%)
####### 47 Wed Jun 13 07:06:47 UTC 2018 $PTII/bin/ptinvoke ptolemy.vergil.basic.export.ExportModel -force htm -run -openComposites -timeOut 30000 -whiteBackground ptolemy/domains/ptides/demo/PrintingPress/PrintingPress.xml $PTII/ptolemy/domains/ptides/demo/PrintingPress/PrintingPress
Running .PrintingPress
ExportHTMLTimer went off after 30000 ms., calling getDirector().finish and getDirector().stopFire()
30005 ms. Memory: 1726464K Free: 1062583K (62%)
Exported /home/travis/build/icyphy/ptII/ptolemy/domains/ptides/demo/PrintingPress/PrintingPress/index.html
60290 ms. Memory: 1705984K Free: 505092K (30%)
####### 48 Wed Jun 13 07:07:48 UTC 2018 $PTII/bin/ptinvoke ptolemy.vergil.basic.export.ExportModel -force htm -run -openComposites -timeOut 30000 -whiteBackground ptolemy/domains/ptides/demo/PrintingPress/PrintingPress_AnimationsOnly.xml $PTII/ptolemy/domains/ptides/demo/PrintingPress/PrintingPress_AnimationsOnly
Running .PrintingPress_AnimationsOnly
10365 ms. Memory: 1715200K Free: 337390K (20%)
Exported /home/travis/build/icyphy/ptII/ptolemy/domains/ptides/demo/PrintingPress/PrintingPress_AnimationsOnly/index.html
16208 ms. Memory: 1709568K Free: 1051714K (62%)
####### 49 Wed Jun 13 07:08:04 UTC 2018 $PTII/bin/ptinvoke ptolemy.vergil.basic.export.ExportModel -force htm -run -openComposites -timeOut 30000 -whiteBackground ptolemy/domains/ptides/demo/PtidesSynchrophasor/PtidesSynchrophasor.xml $PTII/ptolemy/domains/ptides/demo/PtidesSynchrophasor/PtidesSynchrophasor
Running .PtidesSynchrophasor
2196 ms. Memory: 1709568K Free: 486450K (28%)
Exported /home/travis/build/icyphy/ptII/ptolemy/domains/ptides/demo/PtidesSynchrophasor/PtidesSynchrophasor/index.html
8312 ms. Memory: 1716736K Free: 1069613K (62%)
####### 50 Wed Jun 13 07:08:12 UTC 2018 $PTII/bin/ptinvoke ptolemy.vergil.basic.export.ExportModel -force htm -run -openComposites -timeOut 30000 -whiteBackground ptolemy/domains/ptides/demo/SRinPtides/SRinPtides.xml $PTII/ptolemy/domains/ptides/demo/SRinPtides/SRinPtides
Running .SRinPtides
39 ms. Memory: 1716736K Free: 838501K (49%)
Exported /home/travis/build/icyphy/ptII/ptolemy/domains/ptides/demo/SRinPtides/SRinPtides/index.html
5793 ms. Memory: 1716736K Free: 151864K (9%)
####### 51 Wed Jun 13 07:08:18 UTC 2018 $PTII/bin/ptinvoke ptolemy.vergil.basic.export.ExportModel -force htm -run -openComposites -timeOut 30000 -whiteBackground ptolemy/domains/ptides/demo/TREX/TREX.xml $PTII/ptolemy/domains/ptides/demo/TREX/TREX
Running .TREX
ExportHTMLTimer went off after 30000 ms., calling getDirector().finish and getDirector().stopFire()
30002 ms. Memory: 1725952K Free: 872109K (51%)
Exported /home/travis/build/icyphy/ptII/ptolemy/domains/ptides/demo/TREX/TREX/index.html
40530 ms. Memory: 1727488K Free: 1053063K (61%)
####### 52 Wed Jun 13 07:08:58 UTC 2018 $PTII/bin/ptinvoke ptolemy.vergil.basic.export.ExportModel -force htm -run -openComposites -timeOut 30000 -whiteBackground ptolemy/domains/ptides/demo/TTE/TTE.xml $PTII/ptolemy/domains/ptides/demo/TTE/TTE
Running .TTE
45 ms. Memory: 1727488K Free: 747937K (43%)
Exported /home/travis/build/icyphy/ptII/ptolemy/domains/ptides/demo/TTE/TTE/index.html
6429 ms. Memory: 1725440K Free: 1109149K (64%)
####### 53 Wed Jun 13 07:09:05 UTC 2018 $PTII/bin/ptinvoke ptolemy.vergil.basic.export.ExportModel -force htm -run -openComposites -timeOut 30000 -whiteBackground ptolemy/domains/qss/demo/BouncingBall/BouncingBall.xml $PTII/ptolemy/domains/qss/demo/BouncingBall/BouncingBall
Running .BouncingBall
92 ms. Memory: 1725440K Free: 952300K (55%)
Exported /home/travis/build/icyphy/ptII/ptolemy/domains/qss/demo/BouncingBall/BouncingBall/index.html
4316 ms. Memory: 1725440K Free: 837864K (49%)
####### 54 Wed Jun 13 07:09:09 UTC 2018 $PTII/bin/ptinvoke ptolemy.vergil.basic.export.ExportModel -force htm -run -openComposites -timeOut 30000 -whiteBackground ptolemy/domains/qss/demo/FirstOrder/FirstOrder.xml $PTII/ptolemy/domains/qss/demo/FirstOrder/FirstOrder
Running .FirstOrder
15 ms. Memory: 1725440K Free: 726026K (42%)
Exported /home/travis/build/icyphy/ptII/ptolemy/domains/qss/demo/FirstOrder/FirstOrder/index.html
4178 ms. Memory: 1725440K Free: 674322K (39%)
####### 55 Wed Jun 13 07:09:13 UTC 2018 $PTII/bin/ptinvoke ptolemy.vergil.basic.export.ExportModel -force htm -run -openComposites -timeOut 30000 -whiteBackground ptolemy/domains/qss/demo/FirstOrder/FirstOrderOscillating.xml $PTII/ptolemy/domains/qss/demo/FirstOrder/FirstOrderOscillating
Running .FirstOrderOscillating
24 ms. Memory: 1725440K Free: 567408K (33%)
Exported /home/travis/build/icyphy/ptII/ptolemy/domains/qss/demo/FirstOrder/FirstOrderOscillating/index.html
4155 ms. Memory: 1725440K Free: 513546K (30%)
####### 56 Wed Jun 13 07:09:17 UTC 2018 $PTII/bin/ptinvoke ptolemy.vergil.basic.export.ExportModel -force htm -run -openComposites -timeOut 30000 -whiteBackground ptolemy/domains/qss/demo/HelloWorld/HelloWorld.xml $PTII/ptolemy/domains/qss/demo/HelloWorld/HelloWorld
Running .HelloWorld
13 ms. Memory: 1725440K Free: 362974K (21%)
Exported /home/travis/build/icyphy/ptII/ptolemy/domains/qss/demo/HelloWorld/HelloWorld/index.html
4145 ms. Memory: 1725440K Free: 304379K (18%)
####### 57 Wed Jun 13 07:09:22 UTC 2018 $PTII/bin/ptinvoke ptolemy.vergil.basic.export.ExportModel -force htm -run -openComposites -timeOut 30000 -whiteBackground ptolemy/domains/qss/demo/HelloWorld/HelloWorldComputationallyExact.xml $PTII/ptolemy/domains/qss/demo/HelloWorld/HelloWorldComputationallyExact
Running .HelloWorldComputationallyExact
24 ms. Memory: 1729536K Free: 1551704K (90%)
Exported /home/travis/build/icyphy/ptII/ptolemy/domains/qss/demo/HelloWorld/HelloWorldComputationallyExact/index.html
4221 ms. Memory: 1729536K Free: 1423001K (82%)
####### 58 Wed Jun 13 07:09:26 UTC 2018 $PTII/bin/ptinvoke ptolemy.vergil.basic.export.ExportModel -force htm -run -openComposites -timeOut 30000 -whiteBackground ptolemy/domains/qss/demo/HelloWorld/HelloWorldContinuous.xml $PTII/ptolemy/domains/qss/demo/HelloWorld/HelloWorldContinuous
Running .HelloWorldContinuous
6 ms. Memory: 1729536K Free: 1297007K (75%)
Exported /home/travis/build/icyphy/ptII/ptolemy/domains/qss/demo/HelloWorld/HelloWorldContinuous/index.html
4131 ms. Memory: 1729536K Free: 1229949K (71%)
####### 59 Wed Jun 13 07:09:30 UTC 2018 $PTII/bin/ptinvoke ptolemy.vergil.basic.export.ExportModel -force htm -run -openComposites -timeOut 30000 -whiteBackground ptolemy/domains/qss/demo/HelloWorld/HelloWorldPropagate.xml $PTII/ptolemy/domains/qss/demo/HelloWorld/HelloWorldPropagate
Running .HelloWorldPropagate
13 ms. Memory: 1729536K Free: 1033189K (60%)
Exported /home/travis/build/icyphy/ptII/ptolemy/domains/qss/demo/HelloWorld/HelloWorldPropagate/index.html
4226 ms. Memory: 1729536K Free: 946707K (55%)
####### 60 Wed Jun 13 07:09:34 UTC 2018 $PTII/bin/ptinvoke ptolemy.vergil.basic.export.ExportModel -force htm -run -openComposites -timeOut 30000 -whiteBackground ptolemy/domains/qss/demo/HelloWorld/HelloWorldQSS1.xml $PTII/ptolemy/domains/qss/demo/HelloWorld/HelloWorldQSS1
Running .HelloWorldQSS1
26 ms. Memory: 1729536K Free: 792024K (46%)
Exported /home/travis/build/icyphy/ptII/ptolemy/domains/qss/demo/HelloWorld/HelloWorldQSS1/index.html
4152 ms. Memory: 1729536K Free: 707059K (41%)
####### 61 Wed Jun 13 07:09:38 UTC 2018 $PTII/bin/ptinvoke ptolemy.vergil.basic.export.ExportModel -force htm -run -openComposites -timeOut 30000 -whiteBackground ptolemy/domains/qss/demo/HelloWorld/HelloWorldQSS2.xml $PTII/ptolemy/domains/qss/demo/HelloWorld/HelloWorldQSS2
Running .HelloWorldQSS2
16 ms. Memory: 1729536K Free: 544042K (31%)
Exported /home/travis/build/icyphy/ptII/ptolemy/domains/qss/demo/HelloWorld/HelloWorldQSS2/index.html
4154 ms. Memory: 1729536K Free: 446769K (26%)
####### 62 Wed Jun 13 07:09:42 UTC 2018 $PTII/bin/ptinvoke ptolemy.vergil.basic.export.ExportModel -force htm -run -openComposites -timeOut 30000 -whiteBackground ptolemy/domains/qss/demo/Lorenz/Lorenz.xml $PTII/ptolemy/domains/qss/demo/Lorenz/Lorenz
Running .Lorenz
1571 ms. Memory: 1728000K Free: 1340321K (78%)
Exported /home/travis/build/icyphy/ptII/ptolemy/domains/qss/demo/Lorenz/Lorenz/index.html
5709 ms. Memory: 1728000K Free: 1289019K (75%)
####### 63 Wed Jun 13 07:09:48 UTC 2018 $PTII/bin/ptinvoke ptolemy.vergil.basic.export.ExportModel -force htm -run -openComposites -timeOut 30000 -whiteBackground ptolemy/domains/qss/demo/RLC/RLC.xml $PTII/ptolemy/domains/qss/demo/RLC/RLC
Running .RLC
63 ms. Memory: 1728000K Free: 1130997K (65%)
Exported /home/travis/build/icyphy/ptII/ptolemy/domains/qss/demo/RLC/RLC/index.html
4348 ms. Memory: 1728000K Free: 1023216K (59%)
####### 64 Wed Jun 13 07:09:53 UTC 2018 $PTII/bin/ptinvoke ptolemy.vergil.basic.export.ExportModel -force htm -run -openComposites -timeOut 30000 -whiteBackground ptolemy/domains/qss/demo/SecondOrder/SecondOrder.xml $PTII/ptolemy/domains/qss/demo/SecondOrder/SecondOrder
Running .SecondOrder
1153 ms. Memory: 1728000K Free: 804391K (47%)
Exported /home/travis/build/icyphy/ptII/ptolemy/domains/qss/demo/SecondOrder/SecondOrder/index.html
5294 ms. Memory: 1728000K Free: 766790K (44%)
####### 65 Wed Jun 13 07:09:58 UTC 2018 $PTII/bin/ptinvoke ptolemy.vergil.basic.export.ExportModel -force htm -run -openComposites -timeOut 30000 -whiteBackground ptolemy/domains/qss/demo/SecondOrder/SecondOrderContinuous.xml $PTII/ptolemy/domains/qss/demo/SecondOrder/SecondOrderContinuous
Running .SecondOrderContinuous
229 ms. Memory: 1728000K Free: 635163K (37%)
Exported /home/travis/build/icyphy/ptII/ptolemy/domains/qss/demo/SecondOrder/SecondOrderContinuous/index.html
4430 ms. Memory: 1728000K Free: 581069K (34%)
####### 66 Wed Jun 13 07:10:02 UTC 2018 $PTII/bin/ptinvoke ptolemy.vergil.basic.export.ExportModel -force htm -run -openComposites -timeOut 30000 -whiteBackground ptolemy/domains/qss/demo/SmoothToken/SmoothToken.xml $PTII/ptolemy/domains/qss/demo/SmoothToken/SmoothToken
Running .SmoothToken
33 ms. Memory: 1728000K Free: 467681K (27%)
Exported /home/travis/build/icyphy/ptII/ptolemy/domains/qss/demo/SmoothToken/SmoothToken/index.html
4191 ms. Memory: 1728000K Free: 426225K (25%)
####### 67 Wed Jun 13 07:10:06 UTC 2018 $PTII/bin/ptinvoke ptolemy.vergil.basic.export.ExportModel -force htm -run -openComposites -timeOut 30000 -whiteBackground ptolemy/domains/qss/demo/Thermal/Thermal.xml $PTII/ptolemy/domains/qss/demo/Thermal/Thermal
Running .Thermal
49 ms. Memory: 1728000K Free: 210606K (12%)
Exported /home/travis/build/icyphy/ptII/ptolemy/domains/qss/demo/Thermal/Thermal/index.html
4376 ms. Memory: 1730560K Free: 1577213K (91%)
####### 68 Wed Jun 13 07:10:11 UTC 2018 $PTII/bin/ptinvoke ptolemy.vergil.basic.export.ExportModel -force htm -run -openComposites -timeOut 30000 -whiteBackground ptolemy/domains/rendezvous/demo/Barrier/Barrier.xml $PTII/ptolemy/domains/rendezvous/demo/Barrier/Barrier
Running .Barrier
ExportHTMLTimer went off after 30000 ms., calling getDirector().finish and getDirector().stopFire()
30807 ms. Memory: 1730560K Free: 1420885K (82%)
Exported /home/travis/build/icyphy/ptII/ptolemy/domains/rendezvous/demo/Barrier/Barrier/index.html
34986 ms. Memory: 1730560K Free: 1383648K (80%)
####### 69 Wed Jun 13 07:10:46 UTC 2018 $PTII/bin/ptinvoke ptolemy.vergil.basic.export.ExportModel -force htm -run -openComposites -timeOut 30000 -whiteBackground ptolemy/domains/rendezvous/demo/ResourcePool/ResourcePool.xml $PTII/ptolemy/domains/rendezvous/demo/ResourcePool/ResourcePool
Running .ResourcePool
ExportHTMLTimer went off after 30000 ms., calling getDirector().finish and getDirector().stopFire()
30098 ms. Memory: 1730560K Free: 1242818K (72%)
Exported /home/travis/build/icyphy/ptII/ptolemy/domains/rendezvous/demo/ResourcePool/ResourcePool/index.html
34249 ms. Memory: 1730560K Free: 1215480K (70%)
####### 70 Wed Jun 13 07:11:20 UTC 2018 $PTII/bin/ptinvoke ptolemy.vergil.basic.export.ExportModel -force htm -run -openComposites -timeOut 30000 -whiteBackground ptolemy/domains/rendezvous/demo/Sequencing/Sequencing.xml $PTII/ptolemy/domains/rendezvous/demo/Sequencing/Sequencing
Running .Sequencing
6 ms. Memory: 1730560K Free: 1068231K (62%)
Exported /home/travis/build/icyphy/ptII/ptolemy/domains/rendezvous/demo/Sequencing/Sequencing/index.html
4149 ms. Memory: 1730560K Free: 1028760K (59%)
####### 71 Wed Jun 13 07:11:24 UTC 2018 $PTII/bin/ptinvoke ptolemy.vergil.basic.export.ExportModel -force htm -run -openComposites -timeOut 30000 -whiteBackground ptolemy/domains/rendezvous/demo/WriteRegulator/WriteRegulator.xml $PTII/ptolemy/domains/rendezvous/demo/WriteRegulator/WriteRegulator
Running .WriteRegulator
ExportHTMLTimer went off after 30000 ms., calling getDirector().finish and getDirector().stopFire()
30343 ms. Memory: 1730560K Free: 897479K (52%)
Exported /home/travis/build/icyphy/ptII/ptolemy/domains/rendezvous/demo/WriteRegulator/WriteRegulator/index.html
34521 ms. Memory: 1730560K Free: 868632K (50%)
####### 72 Wed Jun 13 07:11:59 UTC 2018 $PTII/bin/ptinvoke ptolemy.vergil.basic.export.ExportModel -force htm -run -openComposites -timeOut 30000 -whiteBackground ptolemy/domains/scr/demo/FuelSystemSCR/FuelSystemSCR.xml $PTII/ptolemy/domains/scr/demo/FuelSystemSCR/FuelSystemSCR
Running .FuelSystemSCR
10026 ms. Memory: 1730560K Free: 473519K (27%)
Exported /home/travis/build/icyphy/ptII/ptolemy/domains/scr/demo/FuelSystemSCR/FuelSystemSCR/index.html
14847 ms. Memory: 1730560K Free: 236363K (14%)
####### 73 Wed Jun 13 07:12:14 UTC 2018 $PTII/bin/ptinvoke ptolemy.vergil.basic.export.ExportModel -force htm -run -openComposites -timeOut 30000 -whiteBackground ptolemy/domains/scr/demo/HelloWorldSCR/HelloWorldSCR.xml $PTII/ptolemy/domains/scr/demo/HelloWorldSCR/HelloWorldSCR
Running .HelloWorldSCR
53 ms. Memory: 1559552K Free: 1376967K (88%)
Exported /home/travis/build/icyphy/ptII/ptolemy/domains/scr/demo/HelloWorldSCR/HelloWorldSCR/index.html
4393 ms. Memory: 1559552K Free: 1322421K (85%)
####### 74 Wed Jun 13 07:12:18 UTC 2018 $PTII/bin/ptinvoke ptolemy.vergil.basic.export.ExportModel -force htm -run -openComposites -timeOut 30000 -whiteBackground ptolemy/domains/scr/demo/SafetyInjection/SafetyInjection.xml $PTII/ptolemy/domains/scr/demo/SafetyInjection/SafetyInjection
Running .SafetyInjection
3018 ms. Memory: 1559552K Free: 1108862K (71%)
Exported /home/travis/build/icyphy/ptII/ptolemy/domains/scr/demo/SafetyInjection/SafetyInjection/index.html
7397 ms. Memory: 1559552K Free: 978215K (63%)
####### 75 Wed Jun 13 07:12:25 UTC 2018 $PTII/bin/ptinvoke ptolemy.vergil.basic.export.ExportModel -force htm -run -openComposites -timeOut 30000 -whiteBackground ptolemy/domains/scr/demo/TrafficLight/TrafficLight.xml $PTII/ptolemy/domains/scr/demo/TrafficLight/TrafficLight
Running .TrafficLight
216 ms. Memory: 1559552K Free: 761198K (49%)
Exported /home/travis/build/icyphy/ptII/ptolemy/domains/scr/demo/TrafficLight/TrafficLight/index.html
4447 ms. Memory: 1559552K Free: 700185K (45%)
####### 76 Wed Jun 13 07:12:30 UTC 2018 $PTII/bin/ptinvoke ptolemy.vergil.basic.export.ExportModel -force htm -run -openComposites -timeOut 30000 -whiteBackground ptolemy/domains/sdf/demo/Array/Array.xml $PTII/ptolemy/domains/sdf/demo/Array/Array
Running .Array
27 ms. Memory: 1559552K Free: 542564K (35%)
Exported /home/travis/build/icyphy/ptII/ptolemy/domains/sdf/demo/Array/Array/index.html
4234 ms. Memory: 1559552K Free: 489708K (31%)
####### 77 Wed Jun 13 07:12:34 UTC 2018 $PTII/bin/ptinvoke ptolemy.vergil.basic.export.ExportModel -force htm -run -openComposites -timeOut 30000 -whiteBackground ptolemy/domains/sdf/demo/Butterfly/Butterfly.xml $PTII/ptolemy/domains/sdf/demo/Butterfly/Butterfly
Running .Butterfly
120 ms. Memory: 1559552K Free: 363509K (23%)
Exported /home/travis/build/icyphy/ptII/ptolemy/domains/sdf/demo/Butterfly/Butterfly/index.html
4246 ms. Memory: 1559552K Free: 323838K (21%)
####### 78 Wed Jun 13 07:12:38 UTC 2018 $PTII/bin/ptinvoke ptolemy.vergil.basic.export.ExportModel -force htm -run -openComposites -timeOut 30000 -whiteBackground ptolemy/domains/sdf/demo/Expression/Expression.xml $PTII/ptolemy/domains/sdf/demo/Expression/Expression
Running .Expression
26 ms. Memory: 1559552K Free: 222055K (14%)
Exported /home/travis/build/icyphy/ptII/ptolemy/domains/sdf/demo/Expression/Expression/index.html
4238 ms. Memory: 1559552K Free: 181033K (12%)
####### 79 Wed Jun 13 07:12:43 UTC 2018 $PTII/bin/ptinvoke ptolemy.vergil.basic.export.ExportModel -force htm -run -openComposites -timeOut 30000 -whiteBackground ptolemy/domains/sdf/demo/Eye/Eye.xml $PTII/ptolemy/domains/sdf/demo/Eye/Eye
Running .Eye
493 ms. Memory: 1515520K Free: 1230204K (81%)
Exported /home/travis/build/icyphy/ptII/ptolemy/domains/sdf/demo/Eye/Eye/index.html
4690 ms. Memory: 1515520K Free: 1189278K (78%)
####### 80 Wed Jun 13 07:12:47 UTC 2018 $PTII/bin/ptinvoke ptolemy.vergil.basic.export.ExportModel -force htm -run -openComposites -timeOut 30000 -whiteBackground ptolemy/domains/sdf/demo/FixFIR/FixFIR.xml $PTII/ptolemy/domains/sdf/demo/FixFIR/FixFIR
Running .FixFIR
96 ms. Memory: 1515520K Free: 977944K (65%)
Exported /home/travis/build/icyphy/ptII/ptolemy/domains/sdf/demo/FixFIR/FixFIR/index.html
4387 ms. Memory: 1515520K Free: 907115K (60%)
####### 81 Wed Jun 13 07:12:52 UTC 2018 $PTII/bin/ptinvoke ptolemy.vergil.basic.export.ExportModel -force htm -run -openComposites -timeOut 30000 -whiteBackground ptolemy/domains/sdf/demo/FixPoint/FixPoint.xml $PTII/ptolemy/domains/sdf/demo/FixPoint/FixPoint
Running .FixPoint
14 ms. Memory: 1515520K Free: 814776K (54%)
Exported /home/travis/build/icyphy/ptII/ptolemy/domains/sdf/demo/FixPoint/FixPoint/index.html
4131 ms. Memory: 1515520K Free: 776446K (51%)
####### 82 Wed Jun 13 07:12:56 UTC 2018 $PTII/bin/ptinvoke ptolemy.vergil.basic.export.ExportModel -force htm -run -openComposites -timeOut 30000 -whiteBackground ptolemy/domains/sdf/demo/FourierSeries/FourierSeries.xml $PTII/ptolemy/domains/sdf/demo/FourierSeries/FourierSeries
Running .FourierSeries
20 ms. Memory: 1515520K Free: 669413K (44%)
Exported /home/travis/build/icyphy/ptII/ptolemy/domains/sdf/demo/FourierSeries/FourierSeries/index.html
4159 ms. Memory: 1515520K Free: 627886K (41%)
####### 83 Wed Jun 13 07:13:00 UTC 2018 $PTII/bin/ptinvoke ptolemy.vergil.basic.export.ExportModel -force htm -run  -timeOut 30000 -whiteBackground ptolemy/domains/sdf/demo/Gravitation/Gravitation.xml $PTII/ptolemy/domains/sdf/demo/Gravitation/Gravitation
Warning: not opening composites for ptolemy/domains/sdf/demo/Gravitation/Gravitation.xml. See ptolemy/vergil/basic/export/test/junit/ExportModelJUnitTest.java
Running .Gravitation
9308 ms. Memory: 1437696K Free: 1280140K (89%)
Exported /home/travis/build/icyphy/ptII/ptolemy/domains/sdf/demo/Gravitation/Gravitation/index.html
13510 ms. Memory: 1437696K Free: 1218568K (85%)
####### 84 Wed Jun 13 07:13:13 UTC 2018 $PTII/bin/ptinvoke ptolemy.vergil.basic.export.ExportModel -force htm -run  -timeOut 30000 -whiteBackground ptolemy/domains/sdf/demo/Gravitation/GravitationWithCollisionDetection.xml $PTII/ptolemy/domains/sdf/demo/Gravitation/GravitationWithCollisionDetection
Warning: not opening composites for ptolemy/domains/sdf/demo/Gravitation/GravitationWithCollisionDetection.xml. See ptolemy/vergil/basic/export/test/junit/ExportModelJUnitTest.java
Running .GravitationWithCollisionDetection
ExportHTMLTimer went off after 30000 ms., calling getDirector().finish and getDirector().stopFire()
30023 ms. Memory: 1390592K Free: 614015K (44%)
Exported /home/travis/build/icyphy/ptII/ptolemy/domains/sdf/demo/Gravitation/GravitationWithCollisionDetection/index.html
34288 ms. Memory: 1390592K Free: 557568K (40%)
####### 85 Wed Jun 13 07:13:48 UTC 2018 $PTII/bin/ptinvoke ptolemy.vergil.basic.export.ExportModel -force htm -run -openComposites -timeOut 30000 -whiteBackground ptolemy/domains/sdf/demo/HTVQ/HTVQ.xml $PTII/ptolemy/domains/sdf/demo/HTVQ/HTVQ
Running .HTVQ
459 ms. Memory: 1390592K Free: 307461K (22%)
Exported /home/travis/build/icyphy/ptII/ptolemy/domains/sdf/demo/HTVQ/HTVQ/index.html
4599 ms. Memory: 1390592K Free: 218686K (16%)
####### 86 Wed Jun 13 07:13:52 UTC 2018 $PTII/bin/ptinvoke ptolemy.vergil.basic.export.ExportModel -force htm -run -openComposites -timeOut 30000 -whiteBackground ptolemy/domains/sdf/demo/LMSAdaptive/LMSAdaptive.xml $PTII/ptolemy/domains/sdf/demo/LMSAdaptive/LMSAdaptive
Running .LMSAdaptive
ExportHTMLTimer went off after 30000 ms., calling getDirector().finish and getDirector().stopFire()
30001 ms. Memory: 1359360K Free: 783881K (58%)
Exported /home/travis/build/icyphy/ptII/ptolemy/domains/sdf/demo/LMSAdaptive/LMSAdaptive/index.html
34165 ms. Memory: 1359360K Free: 751922K (55%)
####### 87 Wed Jun 13 07:14:27 UTC 2018 $PTII/bin/ptinvoke ptolemy.vergil.basic.export.ExportModel -force htm -run -openComposites -timeOut 30000 -whiteBackground ptolemy/domains/sdf/demo/LogisticMap/LogisticMap.xml $PTII/ptolemy/domains/sdf/demo/LogisticMap/LogisticMap
Running .LogisticMap
ExportHTMLTimer went off after 30000 ms., calling getDirector().finish and getDirector().stopFire()
30017 ms. Memory: 1359360K Free: 594869K (44%)
Exported /home/travis/build/icyphy/ptII/ptolemy/domains/sdf/demo/LogisticMap/LogisticMap/index.html
34200 ms. Memory: 1359360K Free: 540073K (40%)
####### 88 Wed Jun 13 07:15:01 UTC 2018 $PTII/bin/ptinvoke ptolemy.vergil.basic.export.ExportModel -force htm -run -openComposites -timeOut 30000 -whiteBackground ptolemy/domains/sdf/demo/MaximumEntropySpectrum/MaximumEntropySpectrum.xml $PTII/ptolemy/domains/sdf/demo/MaximumEntropySpectrum/MaximumEntropySpectrum
Running .MaximumEntropySpectrum
109 ms. Memory: 1359360K Free: 117557K (9%)
Exported /home/travis/build/icyphy/ptII/ptolemy/domains/sdf/demo/MaximumEntropySpectrum/MaximumEntropySpectrum/index.html
4592 ms. Memory: 1379328K Free: 1105381K (80%)
####### 89 Wed Jun 13 07:15:05 UTC 2018 $PTII/bin/ptinvoke ptolemy.vergil.basic.export.ExportModel -force htm -run -openComposites -timeOut 30000 -whiteBackground ptolemy/domains/sdf/demo/ModelDisplay/ModelDisplay.xml $PTII/ptolemy/domains/sdf/demo/ModelDisplay/ModelDisplay
Running .ModelDisplay
ExportHTMLTimer went off after 30000 ms., calling getDirector().finish and getDirector().stopFire()
30022 ms. Memory: 1379328K Free: 902001K (65%)
Exported /home/travis/build/icyphy/ptII/ptolemy/domains/sdf/demo/ModelDisplay/ModelDisplay/index.html
34253 ms. Memory: 1379328K Free: 875420K (63%)
####### 90 Wed Jun 13 07:15:40 UTC 2018 $PTII/bin/ptinvoke ptolemy.vergil.basic.export.ExportModel -force htm -run -openComposites -timeOut 30000 -whiteBackground ptolemy/domains/sdf/demo/MultipleRuns/MultipleRuns.xml $PTII/ptolemy/domains/sdf/demo/MultipleRuns/MultipleRuns
Running .MultipleRuns
87 ms. Memory: 1379328K Free: 733644K (53%)
Exported /home/travis/build/icyphy/ptII/ptolemy/domains/sdf/demo/MultipleRuns/MultipleRuns/index.html
4260 ms. Memory: 1379328K Free: 640941K (46%)
####### 91 Wed Jun 13 07:15:44 UTC 2018 $PTII/bin/ptinvoke ptolemy.vergil.basic.export.ExportModel -force htm -run -openComposites -timeOut 30000 -whiteBackground ptolemy/domains/sdf/demo/NoisySinewave/NoisySinewave.xml $PTII/ptolemy/domains/sdf/demo/NoisySinewave/NoisySinewave
Running .NoisySinewave
29 ms. Memory: 1379328K Free: 464202K (34%)
Exported /home/travis/build/icyphy/ptII/ptolemy/domains/sdf/demo/NoisySinewave/NoisySinewave/index.html
4255 ms. Memory: 1379328K Free: 371522K (27%)
####### 92 Wed Jun 13 07:15:48 UTC 2018 $PTII/bin/ptinvoke ptolemy.vergil.basic.export.ExportModel -force htm -run -openComposites -timeOut 30000 -whiteBackground ptolemy/domains/sdf/demo/OrthogonalCom/OrthogonalCom.xml $PTII/ptolemy/domains/sdf/demo/OrthogonalCom/OrthogonalCom
Running .OrthogonalCom
0
0
0
1
1
0
0
0
0
0
0
0
-1
0
0
0
0
0
0
-1
15 ms. Memory: 1379328K Free: 216801K (16%)
Exported /home/travis/build/icyphy/ptII/ptolemy/domains/sdf/demo/OrthogonalCom/OrthogonalCom/index.html
4183 ms. Memory: 1258496K Free: 1171885K (93%)
####### 93 Wed Jun 13 07:15:52 UTC 2018 $PTII/bin/ptinvoke ptolemy.vergil.basic.export.ExportModel -force htm  -openComposites -timeOut 30000 -whiteBackground ptolemy/domains/sdf/demo/RijndaelEncryption/RijndaelEncryption.xml $PTII/ptolemy/domains/sdf/demo/RijndaelEncryption/RijndaelEncryption
Warning: not running ptolemy/domains/sdf/demo/RijndaelEncryption/RijndaelEncryption.xml. See ptolemy/vergil/basic/export/test/junit/ExportModelJUnitTest.java
Exported /home/travis/build/icyphy/ptII/ptolemy/domains/sdf/demo/RijndaelEncryption/RijndaelEncryption/index.html
4899 ms. Memory: 1221632K Free: 881930K (72%)
####### 94 Wed Jun 13 07:15:57 UTC 2018 $PTII/bin/ptinvoke ptolemy.vergil.basic.export.ExportModel -force htm -run -openComposites -timeOut 30000 -whiteBackground ptolemy/domains/sdf/demo/Sketch/Sketch.xml $PTII/ptolemy/domains/sdf/demo/Sketch/Sketch
Running .Sketch
34 ms. Memory: 1221632K Free: 758360K (62%)
Exported /home/travis/build/icyphy/ptII/ptolemy/domains/sdf/demo/Sketch/Sketch/index.html
4191 ms. Memory: 1221632K Free: 695580K (57%)
####### 95 Wed Jun 13 07:16:01 UTC 2018 $PTII/bin/ptinvoke ptolemy.vergil.basic.export.ExportModel -force htm  -openComposites -timeOut 30000 -whiteBackground ptolemy/domains/sdf/demo/SoundSpectrum/SoundSpectrum.xml $PTII/ptolemy/domains/sdf/demo/SoundSpectrum/SoundSpectrum
Warning: not running ptolemy/domains/sdf/demo/SoundSpectrum/SoundSpectrum.xml. See ptolemy/vergil/basic/export/test/junit/ExportModelJUnitTest.java
Exported /home/travis/build/icyphy/ptII/ptolemy/domains/sdf/demo/SoundSpectrum/SoundSpectrum/index.html
3169 ms. Memory: 1221632K Free: 529347K (43%)
####### 96 Wed Jun 13 07:16:05 UTC 2018 $PTII/bin/ptinvoke ptolemy.vergil.basic.export.ExportModel -force htm -run -openComposites -timeOut 30000 -whiteBackground ptolemy/domains/sdf/demo/Spectrum/Spectrum.xml $PTII/ptolemy/domains/sdf/demo/Spectrum/Spectrum
Running .Spectrum
63 ms. Memory: 1221632K Free: 308127K (25%)
Exported /home/travis/build/icyphy/ptII/ptolemy/domains/sdf/demo/Spectrum/Spectrum/index.html
4306 ms. Memory: 1221632K Free: 204252K (17%)
####### 97 Wed Jun 13 07:16:09 UTC 2018 $PTII/bin/ptinvoke ptolemy.vergil.basic.export.ExportModel -force htm  -openComposites -timeOut 30000 -whiteBackground ptolemy/domains/sdf/demo/SynthesizedVoice/SynthesizedVoice.xml $PTII/ptolemy/domains/sdf/demo/SynthesizedVoice/SynthesizedVoice
Warning: not running ptolemy/domains/sdf/demo/SynthesizedVoice/SynthesizedVoice.xml. See ptolemy/vergil/basic/export/test/junit/ExportModelJUnitTest.java
Exported /home/travis/build/icyphy/ptII/ptolemy/domains/sdf/demo/SynthesizedVoice/SynthesizedVoice/index.html
3160 ms. Memory: 1165824K Free: 1051267K (90%)
####### 98 Wed Jun 13 07:16:12 UTC 2018 $PTII/bin/ptinvoke ptolemy.vergil.basic.export.ExportModel -force htm -run -openComposites -timeOut 30000 -whiteBackground ptolemy/domains/sdf/demo/Type/Type.xml $PTII/ptolemy/domains/sdf/demo/Type/Type
Running .Type
48 ms. Memory: 1165824K Free: 935842K (80%)
Exported /home/travis/build/icyphy/ptII/ptolemy/domains/sdf/demo/Type/Type/index.html
4173 ms. Memory: 1165824K Free: 895086K (77%)
####### 99 Wed Jun 13 07:16:16 UTC 2018 $PTII/bin/ptinvoke ptolemy.vergil.basic.export.ExportModel -force htm -run -openComposites -timeOut 30000 -whiteBackground ptolemy/domains/sdf/optimize/demo/SDFOptimize/SDFOptimize.xml $PTII/ptolemy/domains/sdf/optimize/demo/SDFOptimize/SDFOptimize
Running .SDFOptimize
22 ms. Memory: 1165824K Free: 817924K (70%)
Exported /home/travis/build/icyphy/ptII/ptolemy/domains/sdf/optimize/demo/SDFOptimize/SDFOptimize/index.html
4138 ms. Memory: 1165824K Free: 774249K (66%)
####### 100 Wed Jun 13 07:16:20 UTC 2018 $PTII/bin/ptinvoke ptolemy.vergil.basic.export.ExportModel -force htm -run -openComposites -timeOut 30000 -whiteBackground ptolemy/domains/sequence/demo/HelloWorld/HelloWorld.xml $PTII/ptolemy/domains/sequence/demo/HelloWorld/HelloWorld
Running .HelloWorld
12 ms. Memory: 1165824K Free: 697129K (60%)
Exported /home/travis/build/icyphy/ptII/ptolemy/domains/sequence/demo/HelloWorld/HelloWorld/index.html
4176 ms. Memory: 1165824K Free: 654569K (56%)
]]></system-out>
  <system-err><![CDATA[TransformationEditor: Ignoring clone of .Utilities beause we don't known how to import it. Exception was: ptolemy.kernel.util.NameDuplicationException: Attempt to insert object named "Utilities" into container named ".library", which already contains an object with that name.
TransformationEditor: Ignoring clone of .Directors beause we don't known how to import it. Exception was: ptolemy.kernel.util.NameDuplicationException: Attempt to insert object named "Directors" into container named ".library", which already contains an object with that name.
TransformationEditor: Ignoring clone of .Actors beause we don't known how to import it. Exception was: ptolemy.kernel.util.NameDuplicationException: Attempt to insert object named "Actors" into container named ".library", which already contains an object with that name.
TransformationEditor: Ignoring clone of .MoreLibraries beause we don't known how to import it. Exception was: ptolemy.kernel.util.NameDuplicationException: Attempt to insert object named "MoreLibraries" into container named ".library", which already contains an object with that name.
TransformationEditor: Ignoring clone of .Utilities beause we don't known how to import it. Exception was: ptolemy.kernel.util.NameDuplicationException: Attempt to insert object named "Utilities" into container named ".library", which already contains an object with that name.
TransformationEditor: Ignoring clone of .Directors beause we don't known how to import it. Exception was: ptolemy.kernel.util.NameDuplicationException: Attempt to insert object named "Directors" into container named ".library", which already contains an object with that name.
TransformationEditor: Ignoring clone of .Actors beause we don't known how to import it. Exception was: ptolemy.kernel.util.NameDuplicationException: Attempt to insert object named "Actors" into container named ".library", which already contains an object with that name.
TransformationEditor: Ignoring clone of .MoreLibraries beause we don't known how to import it. Exception was: ptolemy.kernel.util.NameDuplicationException: Attempt to insert object named "MoreLibraries" into container named ".library", which already contains an object with that name.
TransformationEditor: Ignoring clone of .Utilities beause we don't known how to import it. Exception was: ptolemy.kernel.util.NameDuplicationException: Attempt to insert object named "Utilities" into container named ".library", which already contains an object with that name.
TransformationEditor: Ignoring clone of .Directors beause we don't known how to import it. Exception was: ptolemy.kernel.util.NameDuplicationException: Attempt to insert object named "Directors" into container named ".library", which already contains an object with that name.
TransformationEditor: Ignoring clone of .Actors beause we don't known how to import it. Exception was: ptolemy.kernel.util.NameDuplicationException: Attempt to insert object named "Actors" into container named ".library", which already contains an object with that name.
TransformationEditor: Ignoring clone of .MoreLibraries beause we don't known how to import it. Exception was: ptolemy.kernel.util.NameDuplicationException: Attempt to insert object named "MoreLibraries" into container named ".library", which already contains an object with that name.
TransformationEditor: Ignoring clone of .Utilities beause we don't known how to import it. Exception was: ptolemy.kernel.util.NameDuplicationException: Attempt to insert object named "Utilities" into container named ".library", which already contains an object with that name.
TransformationEditor: Ignoring clone of .Directors beause we don't known how to import it. Exception was: ptolemy.kernel.util.NameDuplicationException: Attempt to insert object named "Directors" into container named ".library", which already contains an object with that name.
TransformationEditor: Ignoring clone of .Actors beause we don't known how to import it. Exception was: ptolemy.kernel.util.NameDuplicationException: Attempt to insert object named "Actors" into container named ".library", which already contains an object with that name.
TransformationEditor: Ignoring clone of .MoreLibraries beause we don't known how to import it. Exception was: ptolemy.kernel.util.NameDuplicationException: Attempt to insert object named "MoreLibraries" into container named ".library", which already contains an object with that name.
TransformationEditor: Ignoring clone of .Utilities beause we don't known how to import it. Exception was: ptolemy.kernel.util.NameDuplicationException: Attempt to insert object named "Utilities" into container named ".library", which already contains an object with that name.
TransformationEditor: Ignoring clone of .Directors beause we don't known how to import it. Exception was: ptolemy.kernel.util.NameDuplicationException: Attempt to insert object named "Directors" into container named ".library", which already contains an object with that name.
TransformationEditor: Ignoring clone of .Actors beause we don't known how to import it. Exception was: ptolemy.kernel.util.NameDuplicationException: Attempt to insert object named "Actors" into container named ".library", which already contains an object with that name.
TransformationEditor: Ignoring clone of .MoreLibraries beause we don't known how to import it. Exception was: ptolemy.kernel.util.NameDuplicationException: Attempt to insert object named "MoreLibraries" into container named ".library", which already contains an object with that name.
Warning: '.PrintingPress.reserveFeedMonitor.NonStrictTest' The test produced only 1176 tokens, yet the correctValues parameter was expecting 1876 tokens.
Warning: '.PrintingPress.reserveFeedMonitor.NonStrictTest2' The test produced only 941 tokens, yet the correctValues parameter was expecting 1501 tokens.
Warning: '.PrintingPress.reserveFeedMonitor.NonStrictTest3' The test produced only 941 tokens, yet the correctValues parameter was expecting 1501 tokens.
Jun 13, 2018 7:08:57 AM sun.awt.X11.XToolkit processException
WARNING: Exception on Toolkit thread
java.lang.NullPointerException
	at java.awt.Component$BltBufferStrategy.contentsLost(Component.java:4479)
	at java.awt.Component$BltSubRegionBufferStrategy.showIfNotLost(Component.java:4542)
	at javax.swing.BufferStrategyPaintManager.show(BufferStrategyPaintManager.java:252)
	at javax.swing.RepaintManager.show(RepaintManager.java:1379)
	at javax.swing.SwingPaintEventDispatcher.createPaintEvent(SwingPaintEventDispatcher.java:61)
	at sun.awt.X11.XWindow.postPaintEvent(XWindow.java:564)
	at sun.awt.X11.XContentWindow.postPaintEvent(XContentWindow.java:163)
	at sun.awt.X11.XWindow.handleExposeEvent(XWindow.java:558)
	at sun.awt.X11.XContentWindow.handleExposeEvent(XContentWindow.java:45)
	at sun.awt.X11.XBaseWindow.dispatchEvent(XBaseWindow.java:1110)
	at sun.awt.X11.XBaseWindow.dispatchToWindow(XBaseWindow.java:1086)
	at sun.awt.X11.XToolkit.dispatchEvent(XToolkit.java:502)
	at sun.awt.X11.XToolkit.run(XToolkit.java:616)
	at sun.awt.X11.XToolkit.run(XToolkit.java:532)
	at java.lang.Thread.run(Thread.java:748)

Jun 13, 2018 7:08:57 AM sun.awt.X11.XToolkit processException
WARNING: Exception on Toolkit thread
java.lang.NullPointerException
	at java.awt.Component$BltBufferStrategy.contentsLost(Component.java:4479)
	at java.awt.Component$BltSubRegionBufferStrategy.showIfNotLost(Component.java:4542)
	at javax.swing.BufferStrategyPaintManager.show(BufferStrategyPaintManager.java:252)
	at javax.swing.RepaintManager.show(RepaintManager.java:1379)
	at javax.swing.SwingPaintEventDispatcher.createPaintEvent(SwingPaintEventDispatcher.java:61)
	at sun.awt.X11.XWindow.postPaintEvent(XWindow.java:564)
	at sun.awt.X11.XContentWindow.postPaintEvent(XContentWindow.java:163)
	at sun.awt.X11.XWindow.handleExposeEvent(XWindow.java:558)
	at sun.awt.X11.XContentWindow.handleExposeEvent(XContentWindow.java:45)
	at sun.awt.X11.XBaseWindow.dispatchEvent(XBaseWindow.java:1110)
	at sun.awt.X11.XBaseWindow.dispatchToWindow(XBaseWindow.java:1086)
	at sun.awt.X11.XToolkit.dispatchEvent(XToolkit.java:502)
	at sun.awt.X11.XToolkit.run(XToolkit.java:616)
	at sun.awt.X11.XToolkit.run(XToolkit.java:532)
	at java.lang.Thread.run(Thread.java:748)

Jun 13, 2018 7:08:57 AM sun.awt.X11.XToolkit processException
WARNING: Exception on Toolkit thread
java.lang.NullPointerException
	at java.awt.Component$BltBufferStrategy.contentsLost(Component.java:4479)
	at java.awt.Component$BltSubRegionBufferStrategy.showIfNotLost(Component.java:4542)
	at javax.swing.BufferStrategyPaintManager.show(BufferStrategyPaintManager.java:252)
	at javax.swing.RepaintManager.show(RepaintManager.java:1379)
	at javax.swing.SwingPaintEventDispatcher.createPaintEvent(SwingPaintEventDispatcher.java:61)
	at sun.awt.X11.XWindow.postPaintEvent(XWindow.java:564)
	at sun.awt.X11.XContentWindow.postPaintEvent(XContentWindow.java:163)
	at sun.awt.X11.XWindow.handleExposeEvent(XWindow.java:558)
	at sun.awt.X11.XContentWindow.handleExposeEvent(XContentWindow.java:45)
	at sun.awt.X11.XBaseWindow.dispatchEvent(XBaseWindow.java:1110)
	at sun.awt.X11.XBaseWindow.dispatchToWindow(XBaseWindow.java:1086)
	at sun.awt.X11.XToolkit.dispatchEvent(XToolkit.java:502)
	at sun.awt.X11.XToolkit.run(XToolkit.java:616)
	at sun.awt.X11.XToolkit.run(XToolkit.java:532)
	at java.lang.Thread.run(Thread.java:748)

Jun 13, 2018 7:12:28 AM sun.awt.X11.XToolkit processException
WARNING: Exception on Toolkit thread
java.lang.NullPointerException
	at java.awt.Component$BltBufferStrategy.contentsLost(Component.java:4479)
	at java.awt.Component$BltSubRegionBufferStrategy.showIfNotLost(Component.java:4542)
	at javax.swing.BufferStrategyPaintManager.show(BufferStrategyPaintManager.java:252)
	at javax.swing.RepaintManager.show(RepaintManager.java:1379)
	at javax.swing.SwingPaintEventDispatcher.createPaintEvent(SwingPaintEventDispatcher.java:61)
	at sun.awt.X11.XWindow.postPaintEvent(XWindow.java:564)
	at sun.awt.X11.XContentWindow.postPaintEvent(XContentWindow.java:163)
	at sun.awt.X11.XWindow.handleExposeEvent(XWindow.java:558)
	at sun.awt.X11.XContentWindow.handleExposeEvent(XContentWindow.java:45)
	at sun.awt.X11.XBaseWindow.dispatchEvent(XBaseWindow.java:1110)
	at sun.awt.X11.XBaseWindow.dispatchToWindow(XBaseWindow.java:1086)
	at sun.awt.X11.XToolkit.dispatchEvent(XToolkit.java:502)
	at sun.awt.X11.XToolkit.run(XToolkit.java:616)
	at sun.awt.X11.XToolkit.run(XToolkit.java:532)
	at java.lang.Thread.run(Thread.java:748)

]]></system-err>
</testsuite>
