<?xml version="1.0" encoding="UTF-8" ?>
<testsuite errors="0" failures="0" hostname="travis-job-1332c517-930b-47d6-a9cc-36d147947eb9" name="ptolemy.demo.test.junit.JUnitTclTest" skipped="0" tests="23" time="61.25" timestamp="2018-06-16T01:32:06">
  <properties>
[...]
</properties>
  <testcase classname="ptolemy.util.test.junit.TclTests" name="[0] ThereAreNoTclTests (RunTclFile)" time="0.001" />
  <testcase classname="ptolemy.util.test.junit.AutoKnownFailedTests" name="[0] ThereAreNoKnowFailedTests (RunModel)" time="0.001" />
  <testcase classname="ptolemy.util.test.junit.AutoNameArchTests" name="[0] ThereAreNoAutoArchTests (RunModel)" time="0.001" />
  <testcase classname="ptolemy.util.test.junit.AutoTests" name="[0] /home/travis/build/icyphy/ptII/ptolemy/demo/test/auto/ChannelFaultModel.xml (RunModel)" time="0.811" />
  <testcase classname="ptolemy.util.test.junit.AutoTests" name="[1] /home/travis/build/icyphy/ptII/ptolemy/demo/test/auto/ContactorTester.xml (RunModel)" time="0.906" />
  <testcase classname="ptolemy.util.test.junit.AutoTests" name="[2] /home/travis/build/icyphy/ptII/ptolemy/demo/test/auto/FuelSystem.xml (RunModel)" time="7.124" />
  <testcase classname="ptolemy.util.test.junit.AutoTests" name="[3] /home/travis/build/icyphy/ptII/ptolemy/demo/test/auto/FuelSystem2Tanks.xml (RunModel)" time="0.729" />
  <testcase classname="ptolemy.util.test.junit.AutoTests" name="[4] /home/travis/build/icyphy/ptII/ptolemy/demo/test/auto/FuelSystemErrorHandling.xml (RunModel)" time="5.85" />
  <testcase classname="ptolemy.util.test.junit.AutoTests" name="[5] /home/travis/build/icyphy/ptII/ptolemy/demo/test/auto/FuelSystemOntology.xml (RunModel)" time="10.298" />
  <testcase classname="ptolemy.util.test.junit.AutoTests" name="[6] /home/travis/build/icyphy/ptII/ptolemy/demo/test/auto/FuelSystemQuantityManager.xml (RunModel)" time="0.673" />
  <testcase classname="ptolemy.util.test.junit.AutoTests" name="[7] /home/travis/build/icyphy/ptII/ptolemy/demo/test/auto/FuelSystemSingleTankImproved.xml (RunModel)" time="0.193" />
  <testcase classname="ptolemy.util.test.junit.AutoTests" name="[8] /home/travis/build/icyphy/ptII/ptolemy/demo/test/auto/GMMConvergenceAnalysis.xml (RunModel)" time="30.141" />
  <testcase classname="ptolemy.util.test.junit.AutoTests" name="[9] /home/travis/build/icyphy/ptII/ptolemy/demo/test/auto/GaussianMixtureModel.xml (RunModel)" time="0.045" />
  <testcase classname="ptolemy.util.test.junit.AutoTests" name="[10] /home/travis/build/icyphy/ptII/ptolemy/demo/test/auto/GeneratorRegulator.xml (RunModel)" time="0.303" />
  <testcase classname="ptolemy.util.test.junit.AutoTests" name="[11] /home/travis/build/icyphy/ptII/ptolemy/demo/test/auto/GeneratorRegulatorFMUProtector.xml (RunModel)" time="0.435" />
  <testcase classname="ptolemy.util.test.junit.AutoTests" name="[12] /home/travis/build/icyphy/ptII/ptolemy/demo/test/auto/GeneratorRegulatorProtector.xml (RunModel)" time="0.332" />
  <testcase classname="ptolemy.util.test.junit.AutoTests" name="[13] /home/travis/build/icyphy/ptII/ptolemy/demo/test/auto/GeneratorRegulatorProtectorTuLiP.xml (RunModel)" time="0.319" />
  <testcase classname="ptolemy.util.test.junit.AutoTests" name="[14] /home/travis/build/icyphy/ptII/ptolemy/demo/test/auto/GeneratorRegulatorProtectorWithBus.xml (RunModel)" time="0.362" />
  <testcase classname="ptolemy.util.test.junit.AutoTests" name="[15] /home/travis/build/icyphy/ptII/ptolemy/demo/test/auto/GeneratorRegulatorProtectorWithConstraintMonitor.xml (RunModel)" time="0.579" />
  <testcase classname="ptolemy.util.test.junit.AutoTests" name="[16] /home/travis/build/icyphy/ptII/ptolemy/demo/test/auto/GeneratorRegulatorProtectorWithProcessor.xml (RunModel)" time="0.449" />
  <testcase classname="ptolemy.util.test.junit.AutoTests" name="[17] /home/travis/build/icyphy/ptII/ptolemy/demo/test/auto/GeneratorRegulatorProtectorWithSpecification.xml (RunModel)" time="0.364" />
  <testcase classname="ptolemy.util.test.junit.AutoTests" name="[18] /home/travis/build/icyphy/ptII/ptolemy/demo/test/auto/GeneratorTester.xml (RunModel)" time="0.266" />
  <testcase classname="ptolemy.util.test.junit.AutoTests" name="[19] /home/travis/build/icyphy/ptII/ptolemy/demo/test/auto/HiddenMarkovModelAnalysis.xml (RunModel)" time="0.58" />
  <system-out><![CDATA[No tcl tests in /home/travis/build/icyphy/ptII/ptolemy/demo/test
No auto/knownFailedTests/*.xml tests in /home/travis/build/icyphy/ptII/ptolemy/demo/test
No auto/linux-amd64/*.xml tests in /home/travis/build/icyphy/ptII/ptolemy/demo/test
AutoTests.java: About to close Vertx.
AutoTests.java: Vertx closed.

===========================================================================================
----------------- testing Sat Jun 16 01:32:07 UTC 2018 /home/travis/build/icyphy/ptII/ptolemy/demo/test/auto/ChannelFaultModel.xml
----------------- Instantiating /home/travis/build/icyphy/ptII/ptolemy/demo/test/auto/ChannelFaultModel.xml
267 ms. Memory: 146944K Free: 102640K (70%)
----------------- Invoking toplevel() on ptolemy.moml.MoMLSimpleApplication@7c83e021
----------------- Done invoking toplevel() on ptolemy.moml.MoMLSimpleApplication@7c83e021
reloadAllAccessors: .ChannelFaultModel

===========================================================================================
----------------- testing Sat Jun 16 01:32:07 UTC 2018 /home/travis/build/icyphy/ptII/ptolemy/demo/test/auto/ContactorTester.xml
----------------- Instantiating /home/travis/build/icyphy/ptII/ptolemy/demo/test/auto/ContactorTester.xml
613 ms. Memory: 146944K Free: 100037K (68%)
----------------- Invoking toplevel() on ptolemy.moml.MoMLSimpleApplication@2be02d72
----------------- Done invoking toplevel() on ptolemy.moml.MoMLSimpleApplication@2be02d72
reloadAllAccessors: .ContactorTester

===========================================================================================
----------------- testing Sat Jun 16 01:32:08 UTC 2018 /home/travis/build/icyphy/ptII/ptolemy/demo/test/auto/FuelSystem.xml
----------------- Instantiating /home/travis/build/icyphy/ptII/ptolemy/demo/test/auto/FuelSystem.xml
7003 ms. Memory: 208384K Free: 194695K (93%)
----------------- Invoking toplevel() on ptolemy.moml.MoMLSimpleApplication@5f316b31
----------------- Done invoking toplevel() on ptolemy.moml.MoMLSimpleApplication@5f316b31
reloadAllAccessors: .FuelSystem

===========================================================================================
----------------- testing Sat Jun 16 01:32:15 UTC 2018 /home/travis/build/icyphy/ptII/ptolemy/demo/test/auto/FuelSystem2Tanks.xml
----------------- Instantiating /home/travis/build/icyphy/ptII/ptolemy/demo/test/auto/FuelSystem2Tanks.xml
476 ms. Memory: 208384K Free: 137875K (66%)
----------------- Invoking toplevel() on ptolemy.moml.MoMLSimpleApplication@459b5d14
----------------- Done invoking toplevel() on ptolemy.moml.MoMLSimpleApplication@459b5d14
reloadAllAccessors: .FuelSystem2Tanks

===========================================================================================
----------------- testing Sat Jun 16 01:32:16 UTC 2018 /home/travis/build/icyphy/ptII/ptolemy/demo/test/auto/FuelSystemErrorHandling.xml
----------------- Instantiating /home/travis/build/icyphy/ptII/ptolemy/demo/test/auto/FuelSystemErrorHandling.xml
5189 ms. Memory: 870400K Free: 225593K (26%)
----------------- Invoking toplevel() on ptolemy.moml.MoMLSimpleApplication@f573ce5
----------------- Done invoking toplevel() on ptolemy.moml.MoMLSimpleApplication@f573ce5
reloadAllAccessors: .FuelSystemErrorHandling

===========================================================================================
----------------- testing Sat Jun 16 01:32:22 UTC 2018 /home/travis/build/icyphy/ptII/ptolemy/demo/test/auto/FuelSystemOntology.xml
----------------- Instantiating /home/travis/build/icyphy/ptII/ptolemy/demo/test/auto/FuelSystemOntology.xml
10015 ms. Memory: 870912K Free: 780991K (90%)
----------------- Invoking toplevel() on ptolemy.moml.MoMLSimpleApplication@14c4f562
----------------- Done invoking toplevel() on ptolemy.moml.MoMLSimpleApplication@14c4f562
reloadAllAccessors: .FuelSystemOntology

===========================================================================================
----------------- testing Sat Jun 16 01:32:32 UTC 2018 /home/travis/build/icyphy/ptII/ptolemy/demo/test/auto/FuelSystemQuantityManager.xml
----------------- Instantiating /home/travis/build/icyphy/ptII/ptolemy/demo/test/auto/FuelSystemQuantityManager.xml
570 ms. Memory: 870912K Free: 435531K (50%)
----------------- Invoking toplevel() on ptolemy.moml.MoMLSimpleApplication@58a7556e
----------------- Done invoking toplevel() on ptolemy.moml.MoMLSimpleApplication@58a7556e
reloadAllAccessors: .FuelSystemQuantityManager

===========================================================================================
----------------- testing Sat Jun 16 01:32:33 UTC 2018 /home/travis/build/icyphy/ptII/ptolemy/demo/test/auto/FuelSystemSingleTankImproved.xml
----------------- Instantiating /home/travis/build/icyphy/ptII/ptolemy/demo/test/auto/FuelSystemSingleTankImproved.xml
152 ms. Memory: 870912K Free: 320730K (37%)
----------------- Invoking toplevel() on ptolemy.moml.MoMLSimpleApplication@52894f5b
----------------- Done invoking toplevel() on ptolemy.moml.MoMLSimpleApplication@52894f5b
reloadAllAccessors: .FuelSystemSingleTankImproved

===========================================================================================
----------------- testing Sat Jun 16 01:32:33 UTC 2018 /home/travis/build/icyphy/ptII/ptolemy/demo/test/auto/GMMConvergenceAnalysis.xml
----------------- Instantiating /home/travis/build/icyphy/ptII/ptolemy/demo/test/auto/GMMConvergenceAnalysis.xml
TableauFrame._addMenus: configuration == null?
TableauFrame._addMenus: configuration == null?
29862 ms. Memory: 756224K Free: 235951K (31%)
----------------- Invoking toplevel() on ptolemy.moml.MoMLSimpleApplication@3885369
----------------- Done invoking toplevel() on ptolemy.moml.MoMLSimpleApplication@3885369
reloadAllAccessors: .GMMConvergenceAnalysis

===========================================================================================
----------------- testing Sat Jun 16 01:33:03 UTC 2018 /home/travis/build/icyphy/ptII/ptolemy/demo/test/auto/GaussianMixtureModel.xml
----------------- Instantiating /home/travis/build/icyphy/ptII/ptolemy/demo/test/auto/GaussianMixtureModel.xml
14 ms. Memory: 756224K Free: 218190K (29%)
----------------- Invoking toplevel() on ptolemy.moml.MoMLSimpleApplication@4b3ffba5
----------------- Done invoking toplevel() on ptolemy.moml.MoMLSimpleApplication@4b3ffba5
reloadAllAccessors: .GaussianMixtureModel

===========================================================================================
----------------- testing Sat Jun 16 01:33:03 UTC 2018 /home/travis/build/icyphy/ptII/ptolemy/demo/test/auto/GeneratorRegulator.xml
----------------- Instantiating /home/travis/build/icyphy/ptII/ptolemy/demo/test/auto/GeneratorRegulator.xml
234 ms. Memory: 756224K Free: 155027K (21%)
----------------- Invoking toplevel() on ptolemy.moml.MoMLSimpleApplication@3352fda3
----------------- Done invoking toplevel() on ptolemy.moml.MoMLSimpleApplication@3352fda3
reloadAllAccessors: .GeneratorRegulator

===========================================================================================
----------------- testing Sat Jun 16 01:33:04 UTC 2018 /home/travis/build/icyphy/ptII/ptolemy/demo/test/auto/GeneratorRegulatorFMUProtector.xml
----------------- Instantiating /home/travis/build/icyphy/ptII/ptolemy/demo/test/auto/GeneratorRegulatorFMUProtector.xml
331 ms. Memory: 756224K Free: 91896K (12%)
----------------- Invoking toplevel() on ptolemy.moml.MoMLSimpleApplication@7678bb
----------------- Done invoking toplevel() on ptolemy.moml.MoMLSimpleApplication@7678bb
reloadAllAccessors: .GeneratorRegulatorFMUProtector

===========================================================================================
----------------- testing Sat Jun 16 01:33:04 UTC 2018 /home/travis/build/icyphy/ptII/ptolemy/demo/test/auto/GeneratorRegulatorProtector.xml
----------------- Instantiating /home/travis/build/icyphy/ptII/ptolemy/demo/test/auto/GeneratorRegulatorProtector.xml
279 ms. Memory: 722944K Free: 695026K (96%)
----------------- Invoking toplevel() on ptolemy.moml.MoMLSimpleApplication@23ba1559
----------------- Done invoking toplevel() on ptolemy.moml.MoMLSimpleApplication@23ba1559
reloadAllAccessors: .GeneratorRegulatorProtector

===========================================================================================
----------------- testing Sat Jun 16 01:33:04 UTC 2018 /home/travis/build/icyphy/ptII/ptolemy/demo/test/auto/GeneratorRegulatorProtectorTuLiP.xml
----------------- Instantiating /home/travis/build/icyphy/ptII/ptolemy/demo/test/auto/GeneratorRegulatorProtectorTuLiP.xml
251 ms. Memory: 722944K Free: 624070K (86%)
----------------- Invoking toplevel() on ptolemy.moml.MoMLSimpleApplication@521557db
----------------- Done invoking toplevel() on ptolemy.moml.MoMLSimpleApplication@521557db
reloadAllAccessors: .GeneratorRegulatorProtectorTuLiP

===========================================================================================
----------------- testing Sat Jun 16 01:33:05 UTC 2018 /home/travis/build/icyphy/ptII/ptolemy/demo/test/auto/GeneratorRegulatorProtectorWithBus.xml
----------------- Instantiating /home/travis/build/icyphy/ptII/ptolemy/demo/test/auto/GeneratorRegulatorProtectorWithBus.xml
283 ms. Memory: 722944K Free: 557170K (77%)
----------------- Invoking toplevel() on ptolemy.moml.MoMLSimpleApplication@7a76e95d
----------------- Done invoking toplevel() on ptolemy.moml.MoMLSimpleApplication@7a76e95d
reloadAllAccessors: .GeneratorRegulatorProtectorWithBus

===========================================================================================
----------------- testing Sat Jun 16 01:33:05 UTC 2018 /home/travis/build/icyphy/ptII/ptolemy/demo/test/auto/GeneratorRegulatorProtectorWithConstraintMonitor.xml
----------------- Instantiating /home/travis/build/icyphy/ptII/ptolemy/demo/test/auto/GeneratorRegulatorProtectorWithConstraintMonitor.xml
WARNING: The execution aspects in this model can influence the timing of actors by delaying the 
execution, potentially changing the behavior. There is no guarantee that actors fire at the 
time they request to be fired. 
Use Ptides for deterministic DE behavior that is not influenced by execution aspects. 

424 ms. Memory: 722944K Free: 436702K (60%)
----------------- Invoking toplevel() on ptolemy.moml.MoMLSimpleApplication@1f7ba573
----------------- Done invoking toplevel() on ptolemy.moml.MoMLSimpleApplication@1f7ba573
reloadAllAccessors: .GeneratorRegulatorProtectorWithConstraintMonitor

===========================================================================================
----------------- testing Sat Jun 16 01:33:06 UTC 2018 /home/travis/build/icyphy/ptII/ptolemy/demo/test/auto/GeneratorRegulatorProtectorWithProcessor.xml
----------------- Instantiating /home/travis/build/icyphy/ptII/ptolemy/demo/test/auto/GeneratorRegulatorProtectorWithProcessor.xml
WARNING: The execution aspects in this model can influence the timing of actors by delaying the 
execution, potentially changing the behavior. There is no guarantee that actors fire at the 
time they request to be fired. 
Use Ptides for deterministic DE behavior that is not influenced by execution aspects. 

337 ms. Memory: 722944K Free: 329132K (46%)
----------------- Invoking toplevel() on ptolemy.moml.MoMLSimpleApplication@7498357e
----------------- Done invoking toplevel() on ptolemy.moml.MoMLSimpleApplication@7498357e
reloadAllAccessors: .GeneratorRegulatorProtectorWithProcessor

===========================================================================================
----------------- testing Sat Jun 16 01:33:06 UTC 2018 /home/travis/build/icyphy/ptII/ptolemy/demo/test/auto/GeneratorRegulatorProtectorWithSpecification.xml
----------------- Instantiating /home/travis/build/icyphy/ptII/ptolemy/demo/test/auto/GeneratorRegulatorProtectorWithSpecification.xml
247 ms. Memory: 722944K Free: 226615K (31%)
----------------- Invoking toplevel() on ptolemy.moml.MoMLSimpleApplication@635e000b
----------------- Done invoking toplevel() on ptolemy.moml.MoMLSimpleApplication@635e000b
reloadAllAccessors: .GeneratorRegulatorProtectorWithSpecification

===========================================================================================
----------------- testing Sat Jun 16 01:33:06 UTC 2018 /home/travis/build/icyphy/ptII/ptolemy/demo/test/auto/GeneratorTester.xml
----------------- Instantiating /home/travis/build/icyphy/ptII/ptolemy/demo/test/auto/GeneratorTester.xml
239 ms. Memory: 722944K Free: 182004K (25%)
----------------- Invoking toplevel() on ptolemy.moml.MoMLSimpleApplication@39e9863
----------------- Done invoking toplevel() on ptolemy.moml.MoMLSimpleApplication@39e9863
reloadAllAccessors: .GeneratorTester

===========================================================================================
----------------- testing Sat Jun 16 01:33:07 UTC 2018 /home/travis/build/icyphy/ptII/ptolemy/demo/test/auto/HiddenMarkovModelAnalysis.xml
----------------- Instantiating /home/travis/build/icyphy/ptII/ptolemy/demo/test/auto/HiddenMarkovModelAnalysis.xml
401 ms. Memory: 691712K Free: 522271K (76%)
----------------- Invoking toplevel() on ptolemy.moml.MoMLSimpleApplication@7e45fce
----------------- Done invoking toplevel() on ptolemy.moml.MoMLSimpleApplication@7e45fce
reloadAllAccessors: .HiddenMarkovModelAnalysis
AutoTests.java: About to close Vertx.
AutoTests.java: Vertx closed.
]]></system-out>
  <system-err><![CDATA[Warning: Tried to create Export PDF menu item, but failed: java.lang.IndexOutOfBoundsException: Index: 0, Size: 0
Warning: Tried to create Export PDF menu item, but failed: java.lang.IndexOutOfBoundsException: Index: 0, Size: 0
Warning: '.HiddenMarkovModelAnalysis.NonStrictTest2' The test produced only 411 tokens, yet the correctValues parameter was expecting 418 tokens.
Warning: '.HiddenMarkovModelAnalysis.NonStrictTest3' The test produced only 821 tokens, yet the correctValues parameter was expecting 827 tokens.
]]></system-err>
</testsuite>
