<?xml version="1.0" encoding="UTF-8" ?>
<testsuite errors="0" failures="0" hostname="travis-job-86967b4c-698a-4f75-8166-f62e49c13f59" name="ptolemy.domains.continuous.test.junit.JUnitTclTest" skipped="0" tests="156" time="85.328" timestamp="2018-10-21T02:34:16">
  <properties>
[...]
</properties>
  <testcase classname="ptolemy.util.test.junit.TclTests" name="[0] ThereAreNoTclTests (RunTclFile)" time="0.002" />
  <testcase classname="ptolemy.util.test.junit.AutoKnownFailedTests" name="[0] ThereAreNoKnowFailedTests (RunModel)" time="0.002" />
  <testcase classname="ptolemy.util.test.junit.AutoNameArchTests" name="[0] ThereAreNoAutoArchTests (RunModel)" time="0.001" />
  <testcase classname="ptolemy.util.test.junit.AutoTests" name="[0] /home/travis/build/icyphy/ptII/ptolemy/domains/continuous/test/auto/BouncingBall.xml (RunModel)" time="3.036" />
  <testcase classname="ptolemy.util.test.junit.AutoTests" name="[1] /home/travis/build/icyphy/ptII/ptolemy/domains/continuous/test/auto/BouncingBallWithoutGR.xml (RunModel)" time="0.741" />
  <testcase classname="ptolemy.util.test.junit.AutoTests" name="[2] /home/travis/build/icyphy/ptII/ptolemy/domains/continuous/test/auto/Brownian.xml (RunModel)" time="0.127" />
  <testcase classname="ptolemy.util.test.junit.AutoTests" name="[3] /home/travis/build/icyphy/ptII/ptolemy/domains/continuous/test/auto/CarTracking.xml (RunModel)" time="3.926" />
  <testcase classname="ptolemy.util.test.junit.AutoTests" name="[4] /home/travis/build/icyphy/ptII/ptolemy/domains/continuous/test/auto/CartPendulum.xml (RunModel)" time="0.582" />
  <testcase classname="ptolemy.util.test.junit.AutoTests" name="[5] /home/travis/build/icyphy/ptII/ptolemy/domains/continuous/test/auto/CausalityInterface10.xml (RunModel)" time="0.045" />
  <testcase classname="ptolemy.util.test.junit.AutoTests" name="[6] /home/travis/build/icyphy/ptII/ptolemy/domains/continuous/test/auto/CausalityInterface11.xml (RunModel)" time="0.049" />
  <testcase classname="ptolemy.util.test.junit.AutoTests" name="[7] /home/travis/build/icyphy/ptII/ptolemy/domains/continuous/test/auto/CausalityInterface12.xml (RunModel)" time="0.039" />
  <testcase classname="ptolemy.util.test.junit.AutoTests" name="[8] /home/travis/build/icyphy/ptII/ptolemy/domains/continuous/test/auto/CausalityInterface13.xml (RunModel)" time="0.036" />
  <testcase classname="ptolemy.util.test.junit.AutoTests" name="[9] /home/travis/build/icyphy/ptII/ptolemy/domains/continuous/test/auto/CausalityInterface14.xml (RunModel)" time="0.027" />
  <testcase classname="ptolemy.util.test.junit.AutoTests" name="[10] /home/travis/build/icyphy/ptII/ptolemy/domains/continuous/test/auto/CausalityInterface4.xml (RunModel)" time="0.051" />
  <testcase classname="ptolemy.util.test.junit.AutoTests" name="[11] /home/travis/build/icyphy/ptII/ptolemy/domains/continuous/test/auto/CausalityInterface5.xml (RunModel)" time="0.044" />
  <testcase classname="ptolemy.util.test.junit.AutoTests" name="[12] /home/travis/build/icyphy/ptII/ptolemy/domains/continuous/test/auto/CausalityInterface6.xml (RunModel)" time="0.031" />
  <testcase classname="ptolemy.util.test.junit.AutoTests" name="[13] /home/travis/build/icyphy/ptII/ptolemy/domains/continuous/test/auto/CausalityInterface7.xml (RunModel)" time="0.049" />
  <testcase classname="ptolemy.util.test.junit.AutoTests" name="[14] /home/travis/build/icyphy/ptII/ptolemy/domains/continuous/test/auto/CausalityInterface8.xml (RunModel)" time="0.043" />
  <testcase classname="ptolemy.util.test.junit.AutoTests" name="[15] /home/travis/build/icyphy/ptII/ptolemy/domains/continuous/test/auto/CausalityInterface9.xml (RunModel)" time="0.053" />
  <testcase classname="ptolemy.util.test.junit.AutoTests" name="[16] /home/travis/build/icyphy/ptII/ptolemy/domains/continuous/test/auto/CausalityInterfaceFeedback1.xml (RunModel)" time="0.032" />
  <testcase classname="ptolemy.util.test.junit.AutoTests" name="[17] /home/travis/build/icyphy/ptII/ptolemy/domains/continuous/test/auto/CausalityInterfaceFeedback2.xml (RunModel)" time="0.033" />
  <testcase classname="ptolemy.util.test.junit.AutoTests" name="[18] /home/travis/build/icyphy/ptII/ptolemy/domains/continuous/test/auto/CompareWithCurrentTime.xml (RunModel)" time="0.027" />
  <testcase classname="ptolemy.util.test.junit.AutoTests" name="[19] /home/travis/build/icyphy/ptII/ptolemy/domains/continuous/test/auto/ComparedClocks.xml (RunModel)" time="0.084" />
  <testcase classname="ptolemy.util.test.junit.AutoTests" name="[20] /home/travis/build/icyphy/ptII/ptolemy/domains/continuous/test/auto/ContinuousAOCClone.xml (RunModel)" time="2.887" />
  <testcase classname="ptolemy.util.test.junit.AutoTests" name="[21] /home/travis/build/icyphy/ptII/ptolemy/domains/continuous/test/auto/ContinuousClock.xml (RunModel)" time="0.099" />
  <testcase classname="ptolemy.util.test.junit.AutoTests" name="[22] /home/travis/build/icyphy/ptII/ptolemy/domains/continuous/test/auto/ContinuousInContinuous.xml (RunModel)" time="0.083" />
  <testcase classname="ptolemy.util.test.junit.AutoTests" name="[23] /home/travis/build/icyphy/ptII/ptolemy/domains/continuous/test/auto/ContinuousInContinuousInContinuous.xml (RunModel)" time="0.029" />
  <testcase classname="ptolemy.util.test.junit.AutoTests" name="[24] /home/travis/build/icyphy/ptII/ptolemy/domains/continuous/test/auto/ContinuousInDE.xml (RunModel)" time="0.135" />
  <testcase classname="ptolemy.util.test.junit.AutoTests" name="[25] /home/travis/build/icyphy/ptII/ptolemy/domains/continuous/test/auto/ContinuousInDE2.xml (RunModel)" time="0.059" />
  <testcase classname="ptolemy.util.test.junit.AutoTests" name="[26] /home/travis/build/icyphy/ptII/ptolemy/domains/continuous/test/auto/ContinuousInDE3.xml (RunModel)" time="0.056" />
  <testcase classname="ptolemy.util.test.junit.AutoTests" name="[27] /home/travis/build/icyphy/ptII/ptolemy/domains/continuous/test/auto/ContinuousInDE4.xml (RunModel)" time="0.04" />
  <testcase classname="ptolemy.util.test.junit.AutoTests" name="[28] /home/travis/build/icyphy/ptII/ptolemy/domains/continuous/test/auto/ContinuousInDEDifferentRefinements.xml (RunModel)" time="0.104" />
  <testcase classname="ptolemy.util.test.junit.AutoTests" name="[29] /home/travis/build/icyphy/ptII/ptolemy/domains/continuous/test/auto/ContinuousInDEDifferentRefinementsPreemptive.xml (RunModel)" time="0.102" />
  <testcase classname="ptolemy.util.test.junit.AutoTests" name="[30] /home/travis/build/icyphy/ptII/ptolemy/domains/continuous/test/auto/ContinuousInDEInContinuous2.xml (RunModel)" time="0.059" />
  <testcase classname="ptolemy.util.test.junit.AutoTests" name="[31] /home/travis/build/icyphy/ptII/ptolemy/domains/continuous/test/auto/ContinuousInDEInContinuous3.xml (RunModel)" time="0.067" />
  <testcase classname="ptolemy.util.test.junit.AutoTests" name="[32] /home/travis/build/icyphy/ptII/ptolemy/domains/continuous/test/auto/ContinuousInDEInput.xml (RunModel)" time="0.043" />
  <testcase classname="ptolemy.util.test.junit.AutoTests" name="[33] /home/travis/build/icyphy/ptII/ptolemy/domains/continuous/test/auto/ContinuousInDEInput2.xml (RunModel)" time="0.038" />
  <testcase classname="ptolemy.util.test.junit.AutoTests" name="[34] /home/travis/build/icyphy/ptII/ptolemy/domains/continuous/test/auto/ContinuousInDEInput3.xml (RunModel)" time="0.035" />
  <testcase classname="ptolemy.util.test.junit.AutoTests" name="[35] /home/travis/build/icyphy/ptII/ptolemy/domains/continuous/test/auto/ContinuousInDESharingRefinement.xml (RunModel)" time="0.18" />
  <testcase classname="ptolemy.util.test.junit.AutoTests" name="[36] /home/travis/build/icyphy/ptII/ptolemy/domains/continuous/test/auto/ContinuousInDEwithNoPorts.xml (RunModel)" time="0.021" />
  <testcase classname="ptolemy.util.test.junit.AutoTests" name="[37] /home/travis/build/icyphy/ptII/ptolemy/domains/continuous/test/auto/ContinuousInsideDE.xml (RunModel)" time="0.087" />
  <testcase classname="ptolemy.util.test.junit.AutoTests" name="[38] /home/travis/build/icyphy/ptII/ptolemy/domains/continuous/test/auto/ContinuousMerge1.xml (RunModel)" time="0.018" />
  <testcase classname="ptolemy.util.test.junit.AutoTests" name="[39] /home/travis/build/icyphy/ptII/ptolemy/domains/continuous/test/auto/ContinuousMerge2.xml (RunModel)" time="0.05" />
  <testcase classname="ptolemy.util.test.junit.AutoTests" name="[40] /home/travis/build/icyphy/ptII/ptolemy/domains/continuous/test/auto/ContinuousMerge3.xml (RunModel)" time="0.074" />
  <testcase classname="ptolemy.util.test.junit.AutoTests" name="[41] /home/travis/build/icyphy/ptII/ptolemy/domains/continuous/test/auto/ContinuousWithinContinuous.xml (RunModel)" time="0.058" />
  <testcase classname="ptolemy.util.test.junit.AutoTests" name="[42] /home/travis/build/icyphy/ptII/ptolemy/domains/continuous/test/auto/ContinuousWithinContinuous2.xml (RunModel)" time="0.077" />
  <testcase classname="ptolemy.util.test.junit.AutoTests" name="[43] /home/travis/build/icyphy/ptII/ptolemy/domains/continuous/test/auto/ContinuousWithinContinuous3.xml (RunModel)" time="0.034" />
  <testcase classname="ptolemy.util.test.junit.AutoTests" name="[44] /home/travis/build/icyphy/ptII/ptolemy/domains/continuous/test/auto/ContinuousWithinContinuous4.xml (RunModel)" time="0.086" />
  <testcase classname="ptolemy.util.test.junit.AutoTests" name="[45] /home/travis/build/icyphy/ptII/ptolemy/domains/continuous/test/auto/ContinuousWithinContinuous5.xml (RunModel)" time="0.031" />
  <testcase classname="ptolemy.util.test.junit.AutoTests" name="[46] /home/travis/build/icyphy/ptII/ptolemy/domains/continuous/test/auto/ContinuousWithinContinuous6.xml (RunModel)" time="0.027" />
  <testcase classname="ptolemy.util.test.junit.AutoTests" name="[47] /home/travis/build/icyphy/ptII/ptolemy/domains/continuous/test/auto/ContinuousWithinContinuous7.xml (RunModel)" time="0.091" />
  <testcase classname="ptolemy.util.test.junit.AutoTests" name="[48] /home/travis/build/icyphy/ptII/ptolemy/domains/continuous/test/auto/DCMotor.xml (RunModel)" time="15.893" />
  <testcase classname="ptolemy.util.test.junit.AutoTests" name="[49] /home/travis/build/icyphy/ptII/ptolemy/domains/continuous/test/auto/DEInContinuous.xml (RunModel)" time="0.017" />
  <testcase classname="ptolemy.util.test.junit.AutoTests" name="[50] /home/travis/build/icyphy/ptII/ptolemy/domains/continuous/test/auto/DEinContinuous2.xml (RunModel)" time="0.023" />
  <testcase classname="ptolemy.util.test.junit.AutoTests" name="[51] /home/travis/build/icyphy/ptII/ptolemy/domains/continuous/test/auto/Derivative.xml (RunModel)" time="0.213" />
  <testcase classname="ptolemy.util.test.junit.AutoTests" name="[52] /home/travis/build/icyphy/ptII/ptolemy/domains/continuous/test/auto/Derivative1.xml (RunModel)" time="0.041" />
  <testcase classname="ptolemy.util.test.junit.AutoTests" name="[53] /home/travis/build/icyphy/ptII/ptolemy/domains/continuous/test/auto/DiscreteClock.xml (RunModel)" time="0.014" />
  <testcase classname="ptolemy.util.test.junit.AutoTests" name="[54] /home/travis/build/icyphy/ptII/ptolemy/domains/continuous/test/auto/EfficiencyCurve.xml (RunModel)" time="0.059" />
  <testcase classname="ptolemy.util.test.junit.AutoTests" name="[55] /home/travis/build/icyphy/ptII/ptolemy/domains/continuous/test/auto/ExponentialResponse.xml (RunModel)" time="0.117" />
  <testcase classname="ptolemy.util.test.junit.AutoTests" name="[56] /home/travis/build/icyphy/ptII/ptolemy/domains/continuous/test/auto/ExponentialResponseRK45.xml (RunModel)" time="0.035" />
  <testcase classname="ptolemy.util.test.junit.AutoTests" name="[57] /home/travis/build/icyphy/ptII/ptolemy/domains/continuous/test/auto/Friction.xml (RunModel)" time="1.504" />
  <testcase classname="ptolemy.util.test.junit.AutoTests" name="[58] /home/travis/build/icyphy/ptII/ptolemy/domains/continuous/test/auto/FurutaPendulum.xml (RunModel)" time="3.911" />
  <testcase classname="ptolemy.util.test.junit.AutoTests" name="[59] /home/travis/build/icyphy/ptII/ptolemy/domains/continuous/test/auto/HierarchicalExecution.xml (RunModel)" time="2.468" />
  <testcase classname="ptolemy.util.test.junit.AutoTests" name="[60] /home/travis/build/icyphy/ptII/ptolemy/domains/continuous/test/auto/HybridPlant.xml (RunModel)" time="0.607" />
  <testcase classname="ptolemy.util.test.junit.AutoTests" name="[61] /home/travis/build/icyphy/ptII/ptolemy/domains/continuous/test/auto/Hysteresis.xml (RunModel)" time="0.182" />
  <testcase classname="ptolemy.util.test.junit.AutoTests" name="[62] /home/travis/build/icyphy/ptII/ptolemy/domains/continuous/test/auto/HysteresisWithRandomDelay.xml (RunModel)" time="0.233" />
  <testcase classname="ptolemy.util.test.junit.AutoTests" name="[63] /home/travis/build/icyphy/ptII/ptolemy/domains/continuous/test/auto/HysteresisWithRandomLosses.xml (RunModel)" time="2.642" />
  <testcase classname="ptolemy.util.test.junit.AutoTests" name="[64] /home/travis/build/icyphy/ptII/ptolemy/domains/continuous/test/auto/ImmediateTransitions.xml (RunModel)" time="0.03" />
  <testcase classname="ptolemy.util.test.junit.AutoTests" name="[65] /home/travis/build/icyphy/ptII/ptolemy/domains/continuous/test/auto/ImpulseFeedback.xml (RunModel)" time="0.027" />
  <testcase classname="ptolemy.util.test.junit.AutoTests" name="[66] /home/travis/build/icyphy/ptII/ptolemy/domains/continuous/test/auto/ImpulseFeedback2.xml (RunModel)" time="0.017" />
  <testcase classname="ptolemy.util.test.junit.AutoTests" name="[67] /home/travis/build/icyphy/ptII/ptolemy/domains/continuous/test/auto/IncreasingRatePoisson.xml (RunModel)" time="0.819" />
  <testcase classname="ptolemy.util.test.junit.AutoTests" name="[68] /home/travis/build/icyphy/ptII/ptolemy/domains/continuous/test/auto/InitialStateFeedback.xml (RunModel)" time="0.014" />
  <testcase classname="ptolemy.util.test.junit.AutoTests" name="[69] /home/travis/build/icyphy/ptII/ptolemy/domains/continuous/test/auto/Integration.xml (RunModel)" time="0.011" />
  <testcase classname="ptolemy.util.test.junit.AutoTests" name="[70] /home/travis/build/icyphy/ptII/ptolemy/domains/continuous/test/auto/Integration2.xml (RunModel)" time="0.102" />
  <testcase classname="ptolemy.util.test.junit.AutoTests" name="[71] /home/travis/build/icyphy/ptII/ptolemy/domains/continuous/test/auto/Integration3.xml (RunModel)" time="0.014" />
  <testcase classname="ptolemy.util.test.junit.AutoTests" name="[72] /home/travis/build/icyphy/ptII/ptolemy/domains/continuous/test/auto/Integration5.xml (RunModel)" time="0.027" />
  <testcase classname="ptolemy.util.test.junit.AutoTests" name="[73] /home/travis/build/icyphy/ptII/ptolemy/domains/continuous/test/auto/IntegratorImpulse.xml (RunModel)" time="0.013" />
  <testcase classname="ptolemy.util.test.junit.AutoTests" name="[74] /home/travis/build/icyphy/ptII/ptolemy/domains/continuous/test/auto/IntegratorImpulse2.xml (RunModel)" time="0.013" />
  <testcase classname="ptolemy.util.test.junit.AutoTests" name="[75] /home/travis/build/icyphy/ptII/ptolemy/domains/continuous/test/auto/LevelCrossing1.xml (RunModel)" time="0.014" />
  <testcase classname="ptolemy.util.test.junit.AutoTests" name="[76] /home/travis/build/icyphy/ptII/ptolemy/domains/continuous/test/auto/LevelCrossing2.xml (RunModel)" time="0.021" />
  <testcase classname="ptolemy.util.test.junit.AutoTests" name="[77] /home/travis/build/icyphy/ptII/ptolemy/domains/continuous/test/auto/LevelCrossing3.xml (RunModel)" time="0.02" />
  <testcase classname="ptolemy.util.test.junit.AutoTests" name="[78] /home/travis/build/icyphy/ptII/ptolemy/domains/continuous/test/auto/LevelCrossing4.xml (RunModel)" time="0.016" />
  <testcase classname="ptolemy.util.test.junit.AutoTests" name="[79] /home/travis/build/icyphy/ptII/ptolemy/domains/continuous/test/auto/LevelCrossing5.xml (RunModel)" time="0.016" />
  <testcase classname="ptolemy.util.test.junit.AutoTests" name="[80] /home/travis/build/icyphy/ptII/ptolemy/domains/continuous/test/auto/LevelCrossing6.xml (RunModel)" time="0.015" />
  <testcase classname="ptolemy.util.test.junit.AutoTests" name="[81] /home/travis/build/icyphy/ptII/ptolemy/domains/continuous/test/auto/LevelCrossingDetector.xml (RunModel)" time="0.038" />
  <testcase classname="ptolemy.util.test.junit.AutoTests" name="[82] /home/travis/build/icyphy/ptII/ptolemy/domains/continuous/test/auto/LevelCrossingDetectorDetectingDirections.xml (RunModel)" time="0.083" />
  <testcase classname="ptolemy.util.test.junit.AutoTests" name="[83] /home/travis/build/icyphy/ptII/ptolemy/domains/continuous/test/auto/LevelCrossingDetectorDetectsGlitches.xml (RunModel)" time="0.066" />
  <testcase classname="ptolemy.util.test.junit.AutoTests" name="[84] /home/travis/build/icyphy/ptII/ptolemy/domains/continuous/test/auto/LevelCrossingNoInitialOuput.xml (RunModel)" time="0.014" />
  <testcase classname="ptolemy.util.test.junit.AutoTests" name="[85] /home/travis/build/icyphy/ptII/ptolemy/domains/continuous/test/auto/LinearStateSpaceExample.xml (RunModel)" time="0.061" />
  <testcase classname="ptolemy.util.test.junit.AutoTests" name="[86] /home/travis/build/icyphy/ptII/ptolemy/domains/continuous/test/auto/Lorenz.xml (RunModel)" time="5.785" />
  <testcase classname="ptolemy.util.test.junit.AutoTests" name="[87] /home/travis/build/icyphy/ptII/ptolemy/domains/continuous/test/auto/LorenzDifferentialSystem.xml (RunModel)" time="1.389" />
  <testcase classname="ptolemy.util.test.junit.AutoTests" name="[88] /home/travis/build/icyphy/ptII/ptolemy/domains/continuous/test/auto/LorenzDifferentialSystemWithInput.xml (RunModel)" time="1.851" />
  <testcase classname="ptolemy.util.test.junit.AutoTests" name="[89] /home/travis/build/icyphy/ptII/ptolemy/domains/continuous/test/auto/LorenzDifferentialSystemWithTime.xml (RunModel)" time="0.96" />
  <testcase classname="ptolemy.util.test.junit.AutoTests" name="[90] /home/travis/build/icyphy/ptII/ptolemy/domains/continuous/test/auto/Microsteps.xml (RunModel)" time="0.02" />
  <testcase classname="ptolemy.util.test.junit.AutoTests" name="[91] /home/travis/build/icyphy/ptII/ptolemy/domains/continuous/test/auto/Modal1.xml (RunModel)" time="0.041" />
  <testcase classname="ptolemy.util.test.junit.AutoTests" name="[92] /home/travis/build/icyphy/ptII/ptolemy/domains/continuous/test/auto/Modal2.xml (RunModel)" time="0.073" />
  <testcase classname="ptolemy.util.test.junit.AutoTests" name="[93] /home/travis/build/icyphy/ptII/ptolemy/domains/continuous/test/auto/ModalTransitionGuardWithReset.xml (RunModel)" time="0.029" />
  <testcase classname="ptolemy.util.test.junit.AutoTests" name="[94] /home/travis/build/icyphy/ptII/ptolemy/domains/continuous/test/auto/ModalTransitionGuardWithResetUsingPreemptiveTransition.xml (RunModel)" time="0.033" />
  <testcase classname="ptolemy.util.test.junit.AutoTests" name="[95] /home/travis/build/icyphy/ptII/ptolemy/domains/continuous/test/auto/ModalTransitionGuardWithResetUsingPreemptiveTransition2.xml (RunModel)" time="0.056" />
  <testcase classname="ptolemy.util.test.junit.AutoTests" name="[96] /home/travis/build/icyphy/ptII/ptolemy/domains/continuous/test/auto/ModalTransitionGuardWithResetUsingPreemptiveTransition3.xml (RunModel)" time="0.026" />
  <testcase classname="ptolemy.util.test.junit.AutoTests" name="[97] /home/travis/build/icyphy/ptII/ptolemy/domains/continuous/test/auto/NewtonsCradle.xml (RunModel)" time="0.935" />
  <testcase classname="ptolemy.util.test.junit.AutoTests" name="[98] /home/travis/build/icyphy/ptII/ptolemy/domains/continuous/test/auto/NewtonsCradleAnimated.xml (RunModel)" time="1.556" />
  <testcase classname="ptolemy.util.test.junit.AutoTests" name="[99] /home/travis/build/icyphy/ptII/ptolemy/domains/continuous/test/auto/NewtonsCradleComplicated.xml (RunModel)" time="1.104" />
  <testcase classname="ptolemy.util.test.junit.AutoTests" name="[100] /home/travis/build/icyphy/ptII/ptolemy/domains/continuous/test/auto/NewtonsCradleNondeterministic.xml (RunModel)" time="0.843" />
  <testcase classname="ptolemy.util.test.junit.AutoTests" name="[101] /home/travis/build/icyphy/ptII/ptolemy/domains/continuous/test/auto/NewtonsCradlePerfectlyInelastic1.xml (RunModel)" time="1.475" />
  <testcase classname="ptolemy.util.test.junit.AutoTests" name="[102] /home/travis/build/icyphy/ptII/ptolemy/domains/continuous/test/auto/Noise.xml (RunModel)" time="0.199" />
  <testcase classname="ptolemy.util.test.junit.AutoTests" name="[103] /home/travis/build/icyphy/ptII/ptolemy/domains/continuous/test/auto/NoiseSpectrum.xml (RunModel)" time="0.853" />
  <testcase classname="ptolemy.util.test.junit.AutoTests" name="[104] /home/travis/build/icyphy/ptII/ptolemy/domains/continuous/test/auto/ParameterizedNewtonsCradleAnimated.xml (RunModel)" time="0.423" />
  <testcase classname="ptolemy.util.test.junit.AutoTests" name="[105] /home/travis/build/icyphy/ptII/ptolemy/domains/continuous/test/auto/ParameterizedNewtonsCradleAnimatedNondeterministic.xml (RunModel)" time="1.317" />
  <testcase classname="ptolemy.util.test.junit.AutoTests" name="[106] /home/travis/build/icyphy/ptII/ptolemy/domains/continuous/test/auto/Pendulum3D.xml (RunModel)" time="0.192" />
  <testcase classname="ptolemy.util.test.junit.AutoTests" name="[107] /home/travis/build/icyphy/ptII/ptolemy/domains/continuous/test/auto/PeriodicSampler.xml (RunModel)" time="0.01" />
  <testcase classname="ptolemy.util.test.junit.AutoTests" name="[108] /home/travis/build/icyphy/ptII/ptolemy/domains/continuous/test/auto/PeriodicSampler1.xml (RunModel)" time="0.047" />
  <testcase classname="ptolemy.util.test.junit.AutoTests" name="[109] /home/travis/build/icyphy/ptII/ptolemy/domains/continuous/test/auto/PeriodicSampler2.xml (RunModel)" time="0.085" />
  <testcase classname="ptolemy.util.test.junit.AutoTests" name="[110] /home/travis/build/icyphy/ptII/ptolemy/domains/continuous/test/auto/Poisson.xml (RunModel)" time="0.489" />
  <testcase classname="ptolemy.util.test.junit.AutoTests" name="[111] /home/travis/build/icyphy/ptII/ptolemy/domains/continuous/test/auto/PoissonClock.xml (RunModel)" time="0.011" />
  <testcase classname="ptolemy.util.test.junit.AutoTests" name="[112] /home/travis/build/icyphy/ptII/ptolemy/domains/continuous/test/auto/PoissonClock2.xml (RunModel)" time="0.016" />
  <testcase classname="ptolemy.util.test.junit.AutoTests" name="[113] /home/travis/build/icyphy/ptII/ptolemy/domains/continuous/test/auto/PortParameterHierarchy.xml (RunModel)" time="0.02" />
  <testcase classname="ptolemy.util.test.junit.AutoTests" name="[114] /home/travis/build/icyphy/ptII/ptolemy/domains/continuous/test/auto/RandomHybridPlant.xml (RunModel)" time="0.568" />
  <testcase classname="ptolemy.util.test.junit.AutoTests" name="[115] /home/travis/build/icyphy/ptII/ptolemy/domains/continuous/test/auto/ResetTransitionWithStartTime1.xml (RunModel)" time="0.031" />
  <testcase classname="ptolemy.util.test.junit.AutoTests" name="[116] /home/travis/build/icyphy/ptII/ptolemy/domains/continuous/test/auto/ResetTransitionWithStartTime2.xml (RunModel)" time="0.046" />
  <testcase classname="ptolemy.util.test.junit.AutoTests" name="[117] /home/travis/build/icyphy/ptII/ptolemy/domains/continuous/test/auto/ResetTransitionWithStartTime3.xml (RunModel)" time="0.04" />
  <testcase classname="ptolemy.util.test.junit.AutoTests" name="[118] /home/travis/build/icyphy/ptII/ptolemy/domains/continuous/test/auto/ResetTransitionWithStartTime4.xml (RunModel)" time="0.025" />
  <testcase classname="ptolemy.util.test.junit.AutoTests" name="[119] /home/travis/build/icyphy/ptII/ptolemy/domains/continuous/test/auto/ResetTransitionWithStartTime5.xml (RunModel)" time="0.038" />
  <testcase classname="ptolemy.util.test.junit.AutoTests" name="[120] /home/travis/build/icyphy/ptII/ptolemy/domains/continuous/test/auto/ResetTransitionWithStartTime6.xml (RunModel)" time="0.028" />
  <testcase classname="ptolemy.util.test.junit.AutoTests" name="[121] /home/travis/build/icyphy/ptII/ptolemy/domains/continuous/test/auto/SRinContinuous.xml (RunModel)" time="0.026" />
  <testcase classname="ptolemy.util.test.junit.AutoTests" name="[122] /home/travis/build/icyphy/ptII/ptolemy/domains/continuous/test/auto/SampledClocks.xml (RunModel)" time="0.032" />
  <testcase classname="ptolemy.util.test.junit.AutoTests" name="[123] /home/travis/build/icyphy/ptII/ptolemy/domains/continuous/test/auto/Satellite.xml (RunModel)" time="1.086" />
  <testcase classname="ptolemy.util.test.junit.AutoTests" name="[124] /home/travis/build/icyphy/ptII/ptolemy/domains/continuous/test/auto/SigmaDelta.xml (RunModel)" time="2.917" />
  <testcase classname="ptolemy.util.test.junit.AutoTests" name="[125] /home/travis/build/icyphy/ptII/ptolemy/domains/continuous/test/auto/SingleRefinement.xml (RunModel)" time="0.445" />
  <testcase classname="ptolemy.util.test.junit.AutoTests" name="[126] /home/travis/build/icyphy/ptII/ptolemy/domains/continuous/test/auto/SinuBouncingBall.xml (RunModel)" time="0.934" />
  <testcase classname="ptolemy.util.test.junit.AutoTests" name="[127] /home/travis/build/icyphy/ptII/ptolemy/domains/continuous/test/auto/Sinusoid.xml (RunModel)" time="0.013" />
  <testcase classname="ptolemy.util.test.junit.AutoTests" name="[128] /home/travis/build/icyphy/ptII/ptolemy/domains/continuous/test/auto/SinusoidInNoise.xml (RunModel)" time="1.192" />
  <testcase classname="ptolemy.util.test.junit.AutoTests" name="[129] /home/travis/build/icyphy/ptII/ptolemy/domains/continuous/test/auto/SinusoidRK45.xml (RunModel)" time="0.01" />
  <testcase classname="ptolemy.util.test.junit.AutoTests" name="[130] /home/travis/build/icyphy/ptII/ptolemy/domains/continuous/test/auto/SinusoidWithMultipleImpulses.xml (RunModel)" time="0.013" />
  <testcase classname="ptolemy.util.test.junit.AutoTests" name="[131] /home/travis/build/icyphy/ptII/ptolemy/domains/continuous/test/auto/SquareWave.xml (RunModel)" time="0.202" />
  <testcase classname="ptolemy.util.test.junit.AutoTests" name="[132] /home/travis/build/icyphy/ptII/ptolemy/domains/continuous/test/auto/Starmac.xml (RunModel)" time="3.351" />
  <testcase classname="ptolemy.util.test.junit.AutoTests" name="[133] /home/travis/build/icyphy/ptII/ptolemy/domains/continuous/test/auto/StaticUnits.xml (RunModel)" time="3.502" />
  <testcase classname="ptolemy.util.test.junit.AutoTests" name="[134] /home/travis/build/icyphy/ptII/ptolemy/domains/continuous/test/auto/StickyMasses.xml (RunModel)" time="0.247" />
  <testcase classname="ptolemy.util.test.junit.AutoTests" name="[135] /home/travis/build/icyphy/ptII/ptolemy/domains/continuous/test/auto/StopTime.xml (RunModel)" time="0.085" />
  <testcase classname="ptolemy.util.test.junit.AutoTests" name="[136] /home/travis/build/icyphy/ptII/ptolemy/domains/continuous/test/auto/StopTime2.xml (RunModel)" time="0.062" />
  <testcase classname="ptolemy.util.test.junit.AutoTests" name="[137] /home/travis/build/icyphy/ptII/ptolemy/domains/continuous/test/auto/Switch.xml (RunModel)" time="0.079" />
  <testcase classname="ptolemy.util.test.junit.AutoTests" name="[138] /home/travis/build/icyphy/ptII/ptolemy/domains/continuous/test/auto/Thermostat.xml (RunModel)" time="0.239" />
  <testcase classname="ptolemy.util.test.junit.AutoTests" name="[139] /home/travis/build/icyphy/ptII/ptolemy/domains/continuous/test/auto/TimeDelay.xml (RunModel)" time="0.016" />
  <testcase classname="ptolemy.util.test.junit.AutoTests" name="[140] /home/travis/build/icyphy/ptII/ptolemy/domains/continuous/test/auto/TimeDelay2.xml (RunModel)" time="0.023" />
  <testcase classname="ptolemy.util.test.junit.AutoTests" name="[141] /home/travis/build/icyphy/ptII/ptolemy/domains/continuous/test/auto/TimeDelay3.xml (RunModel)" time="0.014" />
  <testcase classname="ptolemy.util.test.junit.AutoTests" name="[142] /home/travis/build/icyphy/ptII/ptolemy/domains/continuous/test/auto/TransferAbsentToInside.xml (RunModel)" time="0.112" />
  <testcase classname="ptolemy.util.test.junit.AutoTests" name="[143] /home/travis/build/icyphy/ptII/ptolemy/domains/continuous/test/auto/Transmission.xml (RunModel)" time="1.003" />
  <testcase classname="ptolemy.util.test.junit.AutoTests" name="[144] /home/travis/build/icyphy/ptII/ptolemy/domains/continuous/test/auto/TriggeredContinuousClock.xml (RunModel)" time="0.069" />
  <testcase classname="ptolemy.util.test.junit.AutoTests" name="[145] /home/travis/build/icyphy/ptII/ptolemy/domains/continuous/test/auto/TwoMachineInfiniteBusControl.xml (RunModel)" time="3.723" />
  <testcase classname="ptolemy.util.test.junit.AutoTests" name="[146] /home/travis/build/icyphy/ptII/ptolemy/domains/continuous/test/auto/V2V.xml (RunModel)" time="0.926" />
  <testcase classname="ptolemy.util.test.junit.AutoTests" name="[147] /home/travis/build/icyphy/ptII/ptolemy/domains/continuous/test/auto/hierarchicalModalModel.xml (RunModel)" time="0.041" />
  <testcase classname="ptolemy.util.test.junit.AutoTests" name="[148] /home/travis/build/icyphy/ptII/ptolemy/domains/continuous/test/auto/hierarchicalModalModel1.xml (RunModel)" time="0.033" />
  <testcase classname="ptolemy.util.test.junit.AutoTests" name="[149] /home/travis/build/icyphy/ptII/ptolemy/domains/continuous/test/auto/hierarchicalModalModel2.xml (RunModel)" time="0.027" />
  <testcase classname="ptolemy.util.test.junit.AutoTests" name="[150] /home/travis/build/icyphy/ptII/ptolemy/domains/continuous/test/auto/hierarchicalModalModel3.xml (RunModel)" time="0.024" />
  <testcase classname="ptolemy.util.test.junit.AutoTests" name="[151] /home/travis/build/icyphy/ptII/ptolemy/domains/continuous/test/auto/hierarchicalModalModel4.xml (RunModel)" time="0.028" />
  <testcase classname="ptolemy.util.test.junit.AutoTests" name="[152] /home/travis/build/icyphy/ptII/ptolemy/domains/continuous/test/auto/junk.xml (RunModel)" time="0.168" />
  <system-out><![CDATA[No tcl tests in /home/travis/build/icyphy/ptII/ptolemy/domains/continuous/test
No auto/knownFailedTests/*.xml tests in /home/travis/build/icyphy/ptII/ptolemy/domains/continuous/test
No auto/linux-amd64/*.xml tests in /home/travis/build/icyphy/ptII/ptolemy/domains/continuous/test
AutoTests.java: About to close Vertx.
AutoTests.java: Vertx closed.

===========================================================================================
----------------- testing Sun Oct 21 02:34:16 UTC 2018 /home/travis/build/icyphy/ptII/ptolemy/domains/continuous/test/auto/BouncingBall.xml
----------------- Instantiating /home/travis/build/icyphy/ptII/ptolemy/domains/continuous/test/auto/BouncingBall.xml
2569 ms. Memory: 331776K Free: 259289K (78%)
----------------- Invoking toplevel() on ptolemy.moml.MoMLSimpleApplication@456c76d1
----------------- Done invoking toplevel() on ptolemy.moml.MoMLSimpleApplication@456c76d1
reloadAllAccessors: .BouncingBall

===========================================================================================
----------------- testing Sun Oct 21 02:34:19 UTC 2018 /home/travis/build/icyphy/ptII/ptolemy/domains/continuous/test/auto/BouncingBallWithoutGR.xml
----------------- Instantiating /home/travis/build/icyphy/ptII/ptolemy/domains/continuous/test/auto/BouncingBallWithoutGR.xml
655 ms. Memory: 331776K Free: 318186K (96%)
----------------- Invoking toplevel() on ptolemy.moml.MoMLSimpleApplication@14574b96
----------------- Done invoking toplevel() on ptolemy.moml.MoMLSimpleApplication@14574b96
reloadAllAccessors: .BouncingBallWithoutGR

===========================================================================================
----------------- testing Sun Oct 21 02:34:20 UTC 2018 /home/travis/build/icyphy/ptII/ptolemy/domains/continuous/test/auto/Brownian.xml
----------------- Instantiating /home/travis/build/icyphy/ptII/ptolemy/domains/continuous/test/auto/Brownian.xml
33 ms. Memory: 331776K Free: 304248K (92%)
----------------- Invoking toplevel() on ptolemy.moml.MoMLSimpleApplication@4025e4a0
----------------- Done invoking toplevel() on ptolemy.moml.MoMLSimpleApplication@4025e4a0
reloadAllAccessors: .Brownian

===========================================================================================
----------------- testing Sun Oct 21 02:34:20 UTC 2018 /home/travis/build/icyphy/ptII/ptolemy/domains/continuous/test/auto/CarTracking.xml
----------------- Instantiating /home/travis/build/icyphy/ptII/ptolemy/domains/continuous/test/auto/CarTracking.xml
3532 ms. Memory: 578048K Free: 458596K (79%)
----------------- Invoking toplevel() on ptolemy.moml.MoMLSimpleApplication@79c9c1ec
----------------- Done invoking toplevel() on ptolemy.moml.MoMLSimpleApplication@79c9c1ec
reloadAllAccessors: .CarTracking

===========================================================================================
----------------- testing Sun Oct 21 02:34:24 UTC 2018 /home/travis/build/icyphy/ptII/ptolemy/domains/continuous/test/auto/CartPendulum.xml
----------------- Instantiating /home/travis/build/icyphy/ptII/ptolemy/domains/continuous/test/auto/CartPendulum.xml
390 ms. Memory: 578048K Free: 350546K (61%)
----------------- Invoking toplevel() on ptolemy.moml.MoMLSimpleApplication@2572a67c
----------------- Done invoking toplevel() on ptolemy.moml.MoMLSimpleApplication@2572a67c
reloadAllAccessors: .CartPendulum

===========================================================================================
----------------- testing Sun Oct 21 02:34:25 UTC 2018 /home/travis/build/icyphy/ptII/ptolemy/domains/continuous/test/auto/CausalityInterface10.xml
----------------- Instantiating /home/travis/build/icyphy/ptII/ptolemy/domains/continuous/test/auto/CausalityInterface10.xml
13 ms. Memory: 578048K Free: 334130K (58%)
----------------- Invoking toplevel() on ptolemy.moml.MoMLSimpleApplication@5d685f1c
----------------- Done invoking toplevel() on ptolemy.moml.MoMLSimpleApplication@5d685f1c
reloadAllAccessors: .CausalityInterface10

===========================================================================================
----------------- testing Sun Oct 21 02:34:25 UTC 2018 /home/travis/build/icyphy/ptII/ptolemy/domains/continuous/test/auto/CausalityInterface11.xml
----------------- Instantiating /home/travis/build/icyphy/ptII/ptolemy/domains/continuous/test/auto/CausalityInterface11.xml
9 ms. Memory: 578048K Free: 324299K (56%)
----------------- Invoking toplevel() on ptolemy.moml.MoMLSimpleApplication@141801e3
----------------- Done invoking toplevel() on ptolemy.moml.MoMLSimpleApplication@141801e3
reloadAllAccessors: .CausalityInterface11

===========================================================================================
----------------- testing Sun Oct 21 02:34:25 UTC 2018 /home/travis/build/icyphy/ptII/ptolemy/domains/continuous/test/auto/CausalityInterface12.xml
----------------- Instantiating /home/travis/build/icyphy/ptII/ptolemy/domains/continuous/test/auto/CausalityInterface12.xml
9 ms. Memory: 578048K Free: 314453K (54%)
----------------- Invoking toplevel() on ptolemy.moml.MoMLSimpleApplication@1b586cd5
----------------- Done invoking toplevel() on ptolemy.moml.MoMLSimpleApplication@1b586cd5
reloadAllAccessors: .CausalityInterface12

===========================================================================================
----------------- testing Sun Oct 21 02:34:25 UTC 2018 /home/travis/build/icyphy/ptII/ptolemy/domains/continuous/test/auto/CausalityInterface13.xml
----------------- Instantiating /home/travis/build/icyphy/ptII/ptolemy/domains/continuous/test/auto/CausalityInterface13.xml
4 ms. Memory: 578048K Free: 301428K (52%)
----------------- Invoking toplevel() on ptolemy.moml.MoMLSimpleApplication@7195efaf
----------------- Done invoking toplevel() on ptolemy.moml.MoMLSimpleApplication@7195efaf
reloadAllAccessors: .CausalityInterface13

===========================================================================================
----------------- testing Sun Oct 21 02:34:25 UTC 2018 /home/travis/build/icyphy/ptII/ptolemy/domains/continuous/test/auto/CausalityInterface14.xml
----------------- Instantiating /home/travis/build/icyphy/ptII/ptolemy/domains/continuous/test/auto/CausalityInterface14.xml
3 ms. Memory: 578048K Free: 291582K (50%)
----------------- Invoking toplevel() on ptolemy.moml.MoMLSimpleApplication@13d14bbe
----------------- Done invoking toplevel() on ptolemy.moml.MoMLSimpleApplication@13d14bbe
reloadAllAccessors: .CausalityInterface14

===========================================================================================
----------------- testing Sun Oct 21 02:34:25 UTC 2018 /home/travis/build/icyphy/ptII/ptolemy/domains/continuous/test/auto/CausalityInterface4.xml
----------------- Instantiating /home/travis/build/icyphy/ptII/ptolemy/domains/continuous/test/auto/CausalityInterface4.xml
11 ms. Memory: 578048K Free: 281743K (49%)
----------------- Invoking toplevel() on ptolemy.moml.MoMLSimpleApplication@88426de
----------------- Done invoking toplevel() on ptolemy.moml.MoMLSimpleApplication@88426de
reloadAllAccessors: .CausalityInterface4

===========================================================================================
----------------- testing Sun Oct 21 02:34:25 UTC 2018 /home/travis/build/icyphy/ptII/ptolemy/domains/continuous/test/auto/CausalityInterface5.xml
----------------- Instantiating /home/travis/build/icyphy/ptII/ptolemy/domains/continuous/test/auto/CausalityInterface5.xml
11 ms. Memory: 578048K Free: 268620K (46%)
----------------- Invoking toplevel() on ptolemy.moml.MoMLSimpleApplication@51452014
----------------- Done invoking toplevel() on ptolemy.moml.MoMLSimpleApplication@51452014
reloadAllAccessors: .CausalityInterface5

===========================================================================================
----------------- testing Sun Oct 21 02:34:25 UTC 2018 /home/travis/build/icyphy/ptII/ptolemy/domains/continuous/test/auto/CausalityInterface6.xml
----------------- Instantiating /home/travis/build/icyphy/ptII/ptolemy/domains/continuous/test/auto/CausalityInterface6.xml
5 ms. Memory: 578048K Free: 255579K (44%)
----------------- Invoking toplevel() on ptolemy.moml.MoMLSimpleApplication@24a7714b
----------------- Done invoking toplevel() on ptolemy.moml.MoMLSimpleApplication@24a7714b
reloadAllAccessors: .CausalityInterface6

===========================================================================================
----------------- testing Sun Oct 21 02:34:25 UTC 2018 /home/travis/build/icyphy/ptII/ptolemy/domains/continuous/test/auto/CausalityInterface7.xml
----------------- Instantiating /home/travis/build/icyphy/ptII/ptolemy/domains/continuous/test/auto/CausalityInterface7.xml
12 ms. Memory: 578048K Free: 242456K (42%)
----------------- Invoking toplevel() on ptolemy.moml.MoMLSimpleApplication@6f371646
----------------- Done invoking toplevel() on ptolemy.moml.MoMLSimpleApplication@6f371646
reloadAllAccessors: .CausalityInterface7

===========================================================================================
----------------- testing Sun Oct 21 02:34:25 UTC 2018 /home/travis/build/icyphy/ptII/ptolemy/domains/continuous/test/auto/CausalityInterface8.xml
----------------- Instantiating /home/travis/build/icyphy/ptII/ptolemy/domains/continuous/test/auto/CausalityInterface8.xml
6 ms. Memory: 578048K Free: 229348K (40%)
----------------- Invoking toplevel() on ptolemy.moml.MoMLSimpleApplication@475860ef
----------------- Done invoking toplevel() on ptolemy.moml.MoMLSimpleApplication@475860ef
reloadAllAccessors: .CausalityInterface8

===========================================================================================
----------------- testing Sun Oct 21 02:34:25 UTC 2018 /home/travis/build/icyphy/ptII/ptolemy/domains/continuous/test/auto/CausalityInterface9.xml
----------------- Instantiating /home/travis/build/icyphy/ptII/ptolemy/domains/continuous/test/auto/CausalityInterface9.xml
9 ms. Memory: 578048K Free: 212947K (37%)
----------------- Invoking toplevel() on ptolemy.moml.MoMLSimpleApplication@69e5234f
----------------- Done invoking toplevel() on ptolemy.moml.MoMLSimpleApplication@69e5234f
reloadAllAccessors: .CausalityInterface9

===========================================================================================
----------------- testing Sun Oct 21 02:34:25 UTC 2018 /home/travis/build/icyphy/ptII/ptolemy/domains/continuous/test/auto/CausalityInterfaceFeedback1.xml
----------------- Instantiating /home/travis/build/icyphy/ptII/ptolemy/domains/continuous/test/auto/CausalityInterfaceFeedback1.xml
5 ms. Memory: 578048K Free: 199906K (35%)
----------------- Invoking toplevel() on ptolemy.moml.MoMLSimpleApplication@4c99c25a
----------------- Done invoking toplevel() on ptolemy.moml.MoMLSimpleApplication@4c99c25a
reloadAllAccessors: .CausalityInterfaceFeedback1

===========================================================================================
----------------- testing Sun Oct 21 02:34:25 UTC 2018 /home/travis/build/icyphy/ptII/ptolemy/domains/continuous/test/auto/CausalityInterfaceFeedback2.xml
----------------- Instantiating /home/travis/build/icyphy/ptII/ptolemy/domains/continuous/test/auto/CausalityInterfaceFeedback2.xml
4 ms. Memory: 578048K Free: 190060K (33%)
----------------- Invoking toplevel() on ptolemy.moml.MoMLSimpleApplication@111ca446
----------------- Done invoking toplevel() on ptolemy.moml.MoMLSimpleApplication@111ca446
reloadAllAccessors: .CausalityInterfaceFeedback2

===========================================================================================
----------------- testing Sun Oct 21 02:34:25 UTC 2018 /home/travis/build/icyphy/ptII/ptolemy/domains/continuous/test/auto/CompareWithCurrentTime.xml
----------------- Instantiating /home/travis/build/icyphy/ptII/ptolemy/domains/continuous/test/auto/CompareWithCurrentTime.xml
3 ms. Memory: 578048K Free: 183506K (32%)
----------------- Invoking toplevel() on ptolemy.moml.MoMLSimpleApplication@51b8ac48
----------------- Done invoking toplevel() on ptolemy.moml.MoMLSimpleApplication@51b8ac48
reloadAllAccessors: .CompareWithCurrentTime

===========================================================================================
----------------- testing Sun Oct 21 02:34:25 UTC 2018 /home/travis/build/icyphy/ptII/ptolemy/domains/continuous/test/auto/ComparedClocks.xml
----------------- Instantiating /home/travis/build/icyphy/ptII/ptolemy/domains/continuous/test/auto/ComparedClocks.xml
7 ms. Memory: 578048K Free: 163813K (28%)
----------------- Invoking toplevel() on ptolemy.moml.MoMLSimpleApplication@51ddb968
----------------- Done invoking toplevel() on ptolemy.moml.MoMLSimpleApplication@51ddb968
reloadAllAccessors: .ComparedClocks

===========================================================================================
----------------- testing Sun Oct 21 02:34:25 UTC 2018 /home/travis/build/icyphy/ptII/ptolemy/domains/continuous/test/auto/ContinuousAOCClone.xml
----------------- Instantiating /home/travis/build/icyphy/ptII/ptolemy/domains/continuous/test/auto/ContinuousAOCClone.xml
2662 ms. Memory: 872448K Free: 376328K (43%)
----------------- Invoking toplevel() on ptolemy.moml.MoMLSimpleApplication@701c66d2
----------------- Done invoking toplevel() on ptolemy.moml.MoMLSimpleApplication@701c66d2
reloadAllAccessors: .ContinuousAOCClone

===========================================================================================
----------------- testing Sun Oct 21 02:34:28 UTC 2018 /home/travis/build/icyphy/ptII/ptolemy/domains/continuous/test/auto/ContinuousClock.xml
----------------- Instantiating /home/travis/build/icyphy/ptII/ptolemy/domains/continuous/test/auto/ContinuousClock.xml
26 ms. Memory: 872448K Free: 341746K (39%)
----------------- Invoking toplevel() on ptolemy.moml.MoMLSimpleApplication@192b6dc
----------------- Done invoking toplevel() on ptolemy.moml.MoMLSimpleApplication@192b6dc
reloadAllAccessors: .ContinuousClock

===========================================================================================
----------------- testing Sun Oct 21 02:34:28 UTC 2018 /home/travis/build/icyphy/ptII/ptolemy/domains/continuous/test/auto/ContinuousInContinuous.xml
----------------- Instantiating /home/travis/build/icyphy/ptII/ptolemy/domains/continuous/test/auto/ContinuousInContinuous.xml
40 ms. Memory: 872448K Free: 314214K (36%)
----------------- Invoking toplevel() on ptolemy.moml.MoMLSimpleApplication@1798fc3e
----------------- Done invoking toplevel() on ptolemy.moml.MoMLSimpleApplication@1798fc3e
reloadAllAccessors: .ContinuousInContinuous

===========================================================================================
----------------- testing Sun Oct 21 02:34:28 UTC 2018 /home/travis/build/icyphy/ptII/ptolemy/domains/continuous/test/auto/ContinuousInContinuousInContinuous.xml
----------------- Instantiating /home/travis/build/icyphy/ptII/ptolemy/domains/continuous/test/auto/ContinuousInContinuousInContinuous.xml
6 ms. Memory: 872448K Free: 302409K (35%)
----------------- Invoking toplevel() on ptolemy.moml.MoMLSimpleApplication@3116e5
----------------- Done invoking toplevel() on ptolemy.moml.MoMLSimpleApplication@3116e5
reloadAllAccessors: .ContinuousInContinuousInContinuous

===========================================================================================
----------------- testing Sun Oct 21 02:34:28 UTC 2018 /home/travis/build/icyphy/ptII/ptolemy/domains/continuous/test/auto/ContinuousInDE.xml
----------------- Instantiating /home/travis/build/icyphy/ptII/ptolemy/domains/continuous/test/auto/ContinuousInDE.xml
110 ms. Memory: 872448K Free: 286675K (33%)
----------------- Invoking toplevel() on ptolemy.moml.MoMLSimpleApplication@38cfc04c
----------------- Done invoking toplevel() on ptolemy.moml.MoMLSimpleApplication@38cfc04c
reloadAllAccessors: .ContinuousInDE

===========================================================================================
----------------- testing Sun Oct 21 02:34:29 UTC 2018 /home/travis/build/icyphy/ptII/ptolemy/domains/continuous/test/auto/ContinuousInDE2.xml
----------------- Instantiating /home/travis/build/icyphy/ptII/ptolemy/domains/continuous/test/auto/ContinuousInDE2.xml
40 ms. Memory: 872448K Free: 267477K (31%)
----------------- Invoking toplevel() on ptolemy.moml.MoMLSimpleApplication@6b540841
----------------- Done invoking toplevel() on ptolemy.moml.MoMLSimpleApplication@6b540841
reloadAllAccessors: .ContinuousInDE2

===========================================================================================
----------------- testing Sun Oct 21 02:34:29 UTC 2018 /home/travis/build/icyphy/ptII/ptolemy/domains/continuous/test/auto/ContinuousInDE3.xml
----------------- Instantiating /home/travis/build/icyphy/ptII/ptolemy/domains/continuous/test/auto/ContinuousInDE3.xml
35 ms. Memory: 872448K Free: 251751K (29%)
----------------- Invoking toplevel() on ptolemy.moml.MoMLSimpleApplication@5d6e3755
----------------- Done invoking toplevel() on ptolemy.moml.MoMLSimpleApplication@5d6e3755
reloadAllAccessors: .ContinuousInDE3

===========================================================================================
----------------- testing Sun Oct 21 02:34:29 UTC 2018 /home/travis/build/icyphy/ptII/ptolemy/domains/continuous/test/auto/ContinuousInDE4.xml
----------------- Instantiating /home/travis/build/icyphy/ptII/ptolemy/domains/continuous/test/auto/ContinuousInDE4.xml
15 ms. Memory: 872448K Free: 239946K (28%)
----------------- Invoking toplevel() on ptolemy.moml.MoMLSimpleApplication@5c75006c
----------------- Done invoking toplevel() on ptolemy.moml.MoMLSimpleApplication@5c75006c
reloadAllAccessors: .ContinuousInDE4

===========================================================================================
----------------- testing Sun Oct 21 02:34:29 UTC 2018 /home/travis/build/icyphy/ptII/ptolemy/domains/continuous/test/auto/ContinuousInDEDifferentRefinements.xml
----------------- Instantiating /home/travis/build/icyphy/ptII/ptolemy/domains/continuous/test/auto/ContinuousInDEDifferentRefinements.xml
47 ms. Memory: 872448K Free: 204491K (23%)
----------------- Invoking toplevel() on ptolemy.moml.MoMLSimpleApplication@485372d5
----------------- Done invoking toplevel() on ptolemy.moml.MoMLSimpleApplication@485372d5
reloadAllAccessors: .ContinuousInDEDifferentRefinements

===========================================================================================
----------------- testing Sun Oct 21 02:34:29 UTC 2018 /home/travis/build/icyphy/ptII/ptolemy/domains/continuous/test/auto/ContinuousInDEDifferentRefinementsPreemptive.xml
----------------- Instantiating /home/travis/build/icyphy/ptII/ptolemy/domains/continuous/test/auto/ContinuousInDEDifferentRefinementsPreemptive.xml
58 ms. Memory: 872448K Free: 165589K (19%)
----------------- Invoking toplevel() on ptolemy.moml.MoMLSimpleApplication@25299a5e
----------------- Done invoking toplevel() on ptolemy.moml.MoMLSimpleApplication@25299a5e
reloadAllAccessors: .ContinuousInDEDifferentRefinementsPreemptive

===========================================================================================
----------------- testing Sun Oct 21 02:34:29 UTC 2018 /home/travis/build/icyphy/ptII/ptolemy/domains/continuous/test/auto/ContinuousInDEInContinuous2.xml
----------------- Instantiating /home/travis/build/icyphy/ptII/ptolemy/domains/continuous/test/auto/ContinuousInDEInContinuous2.xml
35 ms. Memory: 872448K Free: 145909K (17%)
----------------- Invoking toplevel() on ptolemy.moml.MoMLSimpleApplication@462cf783
----------------- Done invoking toplevel() on ptolemy.moml.MoMLSimpleApplication@462cf783
reloadAllAccessors: .ContinuousInDEInContinuous2

===========================================================================================
----------------- testing Sun Oct 21 02:34:29 UTC 2018 /home/travis/build/icyphy/ptII/ptolemy/domains/continuous/test/auto/ContinuousInDEInContinuous3.xml
----------------- Instantiating /home/travis/build/icyphy/ptII/ptolemy/domains/continuous/test/auto/ContinuousInDEInContinuous3.xml
37 ms. Memory: 872448K Free: 126237K (14%)
----------------- Invoking toplevel() on ptolemy.moml.MoMLSimpleApplication@297623bd
----------------- Done invoking toplevel() on ptolemy.moml.MoMLSimpleApplication@297623bd
reloadAllAccessors: .ContinuousInDEInContinuous3

===========================================================================================
----------------- testing Sun Oct 21 02:34:29 UTC 2018 /home/travis/build/icyphy/ptII/ptolemy/domains/continuous/test/auto/ContinuousInDEInput.xml
----------------- Instantiating /home/travis/build/icyphy/ptII/ptolemy/domains/continuous/test/auto/ContinuousInDEInput.xml
21 ms. Memory: 872448K Free: 114448K (13%)
----------------- Invoking toplevel() on ptolemy.moml.MoMLSimpleApplication@63f60017
----------------- Done invoking toplevel() on ptolemy.moml.MoMLSimpleApplication@63f60017
reloadAllAccessors: .ContinuousInDEInput

===========================================================================================
----------------- testing Sun Oct 21 02:34:29 UTC 2018 /home/travis/build/icyphy/ptII/ptolemy/domains/continuous/test/auto/ContinuousInDEInput2.xml
----------------- Instantiating /home/travis/build/icyphy/ptII/ptolemy/domains/continuous/test/auto/ContinuousInDEInput2.xml
16 ms. Memory: 872448K Free: 102660K (12%)
----------------- Invoking toplevel() on ptolemy.moml.MoMLSimpleApplication@2dd47ca2
----------------- Done invoking toplevel() on ptolemy.moml.MoMLSimpleApplication@2dd47ca2
reloadAllAccessors: .ContinuousInDEInput2

===========================================================================================
----------------- testing Sun Oct 21 02:34:29 UTC 2018 /home/travis/build/icyphy/ptII/ptolemy/domains/continuous/test/auto/ContinuousInDEInput3.xml
----------------- Instantiating /home/travis/build/icyphy/ptII/ptolemy/domains/continuous/test/auto/ContinuousInDEInput3.xml
15 ms. Memory: 872448K Free: 87407K (10%)
----------------- Invoking toplevel() on ptolemy.moml.MoMLSimpleApplication@45347ae5
----------------- Done invoking toplevel() on ptolemy.moml.MoMLSimpleApplication@45347ae5
reloadAllAccessors: .ContinuousInDEInput3

===========================================================================================
----------------- testing Sun Oct 21 02:34:29 UTC 2018 /home/travis/build/icyphy/ptII/ptolemy/domains/continuous/test/auto/ContinuousInDESharingRefinement.xml
----------------- Instantiating /home/travis/build/icyphy/ptII/ptolemy/domains/continuous/test/auto/ContinuousInDESharingRefinement.xml
148 ms. Memory: 872960K Free: 774713K (89%)
----------------- Invoking toplevel() on ptolemy.moml.MoMLSimpleApplication@2a35ad47
----------------- Done invoking toplevel() on ptolemy.moml.MoMLSimpleApplication@2a35ad47
reloadAllAccessors: .ContinuousInDESharingRefinement

===========================================================================================
----------------- testing Sun Oct 21 02:34:29 UTC 2018 /home/travis/build/icyphy/ptII/ptolemy/domains/continuous/test/auto/ContinuousInDEwithNoPorts.xml
----------------- Instantiating /home/travis/build/icyphy/ptII/ptolemy/domains/continuous/test/auto/ContinuousInDEwithNoPorts.xml
5 ms. Memory: 872960K Free: 762484K (87%)
----------------- Invoking toplevel() on ptolemy.moml.MoMLSimpleApplication@73498544
----------------- Done invoking toplevel() on ptolemy.moml.MoMLSimpleApplication@73498544
reloadAllAccessors: .ContinuousInDEwithNoPorts

===========================================================================================
----------------- testing Sun Oct 21 02:34:29 UTC 2018 /home/travis/build/icyphy/ptII/ptolemy/domains/continuous/test/auto/ContinuousInsideDE.xml
----------------- Instantiating /home/travis/build/icyphy/ptII/ptolemy/domains/continuous/test/auto/ContinuousInsideDE.xml
45 ms. Memory: 872960K Free: 742820K (85%)
----------------- Invoking toplevel() on ptolemy.moml.MoMLSimpleApplication@61c94f6e
----------------- Done invoking toplevel() on ptolemy.moml.MoMLSimpleApplication@61c94f6e
reloadAllAccessors: .ContinuousInsideDE

===========================================================================================
----------------- testing Sun Oct 21 02:34:30 UTC 2018 /home/travis/build/icyphy/ptII/ptolemy/domains/continuous/test/auto/ContinuousMerge1.xml
----------------- Instantiating /home/travis/build/icyphy/ptII/ptolemy/domains/continuous/test/auto/ContinuousMerge1.xml
2 ms. Memory: 872960K Free: 732634K (84%)
----------------- Invoking toplevel() on ptolemy.moml.MoMLSimpleApplication@6b2a20a9
----------------- Done invoking toplevel() on ptolemy.moml.MoMLSimpleApplication@6b2a20a9
reloadAllAccessors: .ContinuousMerge1

===========================================================================================
----------------- testing Sun Oct 21 02:34:30 UTC 2018 /home/travis/build/icyphy/ptII/ptolemy/domains/continuous/test/auto/ContinuousMerge2.xml
----------------- Instantiating /home/travis/build/icyphy/ptII/ptolemy/domains/continuous/test/auto/ContinuousMerge2.xml
13 ms. Memory: 872960K Free: 716736K (82%)
----------------- Invoking toplevel() on ptolemy.moml.MoMLSimpleApplication@a3f9d74
----------------- Done invoking toplevel() on ptolemy.moml.MoMLSimpleApplication@a3f9d74
reloadAllAccessors: .ContinuousMerge2

===========================================================================================
----------------- testing Sun Oct 21 02:34:30 UTC 2018 /home/travis/build/icyphy/ptII/ptolemy/domains/continuous/test/auto/ContinuousMerge3.xml
----------------- Instantiating /home/travis/build/icyphy/ptII/ptolemy/domains/continuous/test/auto/ContinuousMerge3.xml
45 ms. Memory: 872960K Free: 701001K (80%)
----------------- Invoking toplevel() on ptolemy.moml.MoMLSimpleApplication@268df8b7
----------------- Done invoking toplevel() on ptolemy.moml.MoMLSimpleApplication@268df8b7
reloadAllAccessors: .ContinuousMerge3

===========================================================================================
----------------- testing Sun Oct 21 02:34:30 UTC 2018 /home/travis/build/icyphy/ptII/ptolemy/domains/continuous/test/auto/ContinuousWithinContinuous.xml
----------------- Instantiating /home/travis/build/icyphy/ptII/ptolemy/domains/continuous/test/auto/ContinuousWithinContinuous.xml
38 ms. Memory: 872960K Free: 682940K (78%)
----------------- Invoking toplevel() on ptolemy.moml.MoMLSimpleApplication@472c88ef
----------------- Done invoking toplevel() on ptolemy.moml.MoMLSimpleApplication@472c88ef
reloadAllAccessors: .ContinuousWithinContinuous

===========================================================================================
----------------- testing Sun Oct 21 02:34:30 UTC 2018 /home/travis/build/icyphy/ptII/ptolemy/domains/continuous/test/auto/ContinuousWithinContinuous2.xml
----------------- Instantiating /home/travis/build/icyphy/ptII/ptolemy/domains/continuous/test/auto/ContinuousWithinContinuous2.xml
65 ms. Memory: 872960K Free: 671151K (77%)
----------------- Invoking toplevel() on ptolemy.moml.MoMLSimpleApplication@3284e34f
----------------- Done invoking toplevel() on ptolemy.moml.MoMLSimpleApplication@3284e34f
reloadAllAccessors: .ContinuousWithinContinuous2

===========================================================================================
----------------- testing Sun Oct 21 02:34:30 UTC 2018 /home/travis/build/icyphy/ptII/ptolemy/domains/continuous/test/auto/ContinuousWithinContinuous3.xml
----------------- Instantiating /home/travis/build/icyphy/ptII/ptolemy/domains/continuous/test/auto/ContinuousWithinContinuous3.xml
12 ms. Memory: 872960K Free: 659346K (76%)
----------------- Invoking toplevel() on ptolemy.moml.MoMLSimpleApplication@189cbce
----------------- Done invoking toplevel() on ptolemy.moml.MoMLSimpleApplication@189cbce
reloadAllAccessors: .ContinuousWithinContinuous3

===========================================================================================
----------------- testing Sun Oct 21 02:34:30 UTC 2018 /home/travis/build/icyphy/ptII/ptolemy/domains/continuous/test/auto/ContinuousWithinContinuous4.xml
----------------- Instantiating /home/travis/build/icyphy/ptII/ptolemy/domains/continuous/test/auto/ContinuousWithinContinuous4.xml
67 ms. Memory: 872960K Free: 637363K (73%)
----------------- Invoking toplevel() on ptolemy.moml.MoMLSimpleApplication@5fe3c981
----------------- Done invoking toplevel() on ptolemy.moml.MoMLSimpleApplication@5fe3c981
reloadAllAccessors: .ContinuousWithinContinuous4

===========================================================================================
----------------- testing Sun Oct 21 02:34:30 UTC 2018 /home/travis/build/icyphy/ptII/ptolemy/domains/continuous/test/auto/ContinuousWithinContinuous5.xml
----------------- Instantiating /home/travis/build/icyphy/ptII/ptolemy/domains/continuous/test/auto/ContinuousWithinContinuous5.xml
12 ms. Memory: 872960K Free: 625558K (72%)
----------------- Invoking toplevel() on ptolemy.moml.MoMLSimpleApplication@52362ceb
----------------- Done invoking toplevel() on ptolemy.moml.MoMLSimpleApplication@52362ceb
reloadAllAccessors: .ContinuousWithinContinuous5

===========================================================================================
----------------- testing Sun Oct 21 02:34:30 UTC 2018 /home/travis/build/icyphy/ptII/ptolemy/domains/continuous/test/auto/ContinuousWithinContinuous6.xml
----------------- Instantiating /home/travis/build/icyphy/ptII/ptolemy/domains/continuous/test/auto/ContinuousWithinContinuous6.xml
11 ms. Memory: 872960K Free: 613769K (70%)
----------------- Invoking toplevel() on ptolemy.moml.MoMLSimpleApplication@11674f6f
----------------- Done invoking toplevel() on ptolemy.moml.MoMLSimpleApplication@11674f6f
reloadAllAccessors: .ContinuousWithinContinuous6

===========================================================================================
----------------- testing Sun Oct 21 02:34:30 UTC 2018 /home/travis/build/icyphy/ptII/ptolemy/domains/continuous/test/auto/ContinuousWithinContinuous7.xml
----------------- Instantiating /home/travis/build/icyphy/ptII/ptolemy/domains/continuous/test/auto/ContinuousWithinContinuous7.xml
63 ms. Memory: 872960K Free: 599654K (69%)
----------------- Invoking toplevel() on ptolemy.moml.MoMLSimpleApplication@46807d58
----------------- Done invoking toplevel() on ptolemy.moml.MoMLSimpleApplication@46807d58
reloadAllAccessors: .ContinuousWithinContinuous7

===========================================================================================
----------------- testing Sun Oct 21 02:34:30 UTC 2018 /home/travis/build/icyphy/ptII/ptolemy/domains/continuous/test/auto/DCMotor.xml
----------------- Instantiating /home/travis/build/icyphy/ptII/ptolemy/domains/continuous/test/auto/DCMotor.xml
15807 ms. Memory: 697344K Free: 595225K (85%)
----------------- Invoking toplevel() on ptolemy.moml.MoMLSimpleApplication@50f41a6d
----------------- Done invoking toplevel() on ptolemy.moml.MoMLSimpleApplication@50f41a6d
reloadAllAccessors: .DCMotor

===========================================================================================
----------------- testing Sun Oct 21 02:34:46 UTC 2018 /home/travis/build/icyphy/ptII/ptolemy/domains/continuous/test/auto/DEInContinuous.xml
----------------- Instantiating /home/travis/build/icyphy/ptII/ptolemy/domains/continuous/test/auto/DEInContinuous.xml
6 ms. Memory: 697344K Free: 579875K (83%)
----------------- Invoking toplevel() on ptolemy.moml.MoMLSimpleApplication@4cf74c7d
----------------- Done invoking toplevel() on ptolemy.moml.MoMLSimpleApplication@4cf74c7d
reloadAllAccessors: .DEInContinuous

===========================================================================================
----------------- testing Sun Oct 21 02:34:46 UTC 2018 /home/travis/build/icyphy/ptII/ptolemy/domains/continuous/test/auto/DEinContinuous2.xml
----------------- Instantiating /home/travis/build/icyphy/ptII/ptolemy/domains/continuous/test/auto/DEinContinuous2.xml
6 ms. Memory: 697344K Free: 560135K (80%)
----------------- Invoking toplevel() on ptolemy.moml.MoMLSimpleApplication@2788c00b
----------------- Done invoking toplevel() on ptolemy.moml.MoMLSimpleApplication@2788c00b
reloadAllAccessors: .DEinContinuous2

===========================================================================================
----------------- testing Sun Oct 21 02:34:46 UTC 2018 /home/travis/build/icyphy/ptII/ptolemy/domains/continuous/test/auto/Derivative.xml
----------------- Instantiating /home/travis/build/icyphy/ptII/ptolemy/domains/continuous/test/auto/Derivative.xml
164 ms. Memory: 697344K Free: 516934K (74%)
----------------- Invoking toplevel() on ptolemy.moml.MoMLSimpleApplication@2aaffd36
----------------- Done invoking toplevel() on ptolemy.moml.MoMLSimpleApplication@2aaffd36
reloadAllAccessors: .Derivative2

===========================================================================================
----------------- testing Sun Oct 21 02:34:46 UTC 2018 /home/travis/build/icyphy/ptII/ptolemy/domains/continuous/test/auto/Derivative1.xml
----------------- Instantiating /home/travis/build/icyphy/ptII/ptolemy/domains/continuous/test/auto/Derivative1.xml
12 ms. Memory: 697344K Free: 497203K (71%)
----------------- Invoking toplevel() on ptolemy.moml.MoMLSimpleApplication@36eb55e
----------------- Done invoking toplevel() on ptolemy.moml.MoMLSimpleApplication@36eb55e
reloadAllAccessors: .Derivative1

===========================================================================================
----------------- testing Sun Oct 21 02:34:46 UTC 2018 /home/travis/build/icyphy/ptII/ptolemy/domains/continuous/test/auto/DiscreteClock.xml
----------------- Instantiating /home/travis/build/icyphy/ptII/ptolemy/domains/continuous/test/auto/DiscreteClock.xml
4 ms. Memory: 697344K Free: 483639K (69%)
----------------- Invoking toplevel() on ptolemy.moml.MoMLSimpleApplication@50315522
----------------- Done invoking toplevel() on ptolemy.moml.MoMLSimpleApplication@50315522
reloadAllAccessors: .DiscreteClock

===========================================================================================
----------------- testing Sun Oct 21 02:34:46 UTC 2018 /home/travis/build/icyphy/ptII/ptolemy/domains/continuous/test/auto/EfficiencyCurve.xml
----------------- Instantiating /home/travis/build/icyphy/ptII/ptolemy/domains/continuous/test/auto/EfficiencyCurve.xml
35 ms. Memory: 697344K Free: 471320K (68%)
----------------- Invoking toplevel() on ptolemy.moml.MoMLSimpleApplication@f04de8
----------------- Done invoking toplevel() on ptolemy.moml.MoMLSimpleApplication@f04de8
reloadAllAccessors: .EfficiencyCurve

===========================================================================================
----------------- testing Sun Oct 21 02:34:46 UTC 2018 /home/travis/build/icyphy/ptII/ptolemy/domains/continuous/test/auto/ExponentialResponse.xml
----------------- Instantiating /home/travis/build/icyphy/ptII/ptolemy/domains/continuous/test/auto/ExponentialResponse.xml
107 ms. Memory: 697344K Free: 445437K (64%)
----------------- Invoking toplevel() on ptolemy.moml.MoMLSimpleApplication@1f852031
----------------- Done invoking toplevel() on ptolemy.moml.MoMLSimpleApplication@1f852031
reloadAllAccessors: .ExponentialResponse

===========================================================================================
----------------- testing Sun Oct 21 02:34:46 UTC 2018 /home/travis/build/icyphy/ptII/ptolemy/domains/continuous/test/auto/ExponentialResponseRK45.xml
----------------- Instantiating /home/travis/build/icyphy/ptII/ptolemy/domains/continuous/test/auto/ExponentialResponseRK45.xml
25 ms. Memory: 697344K Free: 431873K (62%)
----------------- Invoking toplevel() on ptolemy.moml.MoMLSimpleApplication@6ce55c25
----------------- Done invoking toplevel() on ptolemy.moml.MoMLSimpleApplication@6ce55c25
reloadAllAccessors: .ExponentialResponseRK45

===========================================================================================
----------------- testing Sun Oct 21 02:34:47 UTC 2018 /home/travis/build/icyphy/ptII/ptolemy/domains/continuous/test/auto/Friction.xml
----------------- Instantiating /home/travis/build/icyphy/ptII/ptolemy/domains/continuous/test/auto/Friction.xml
1418 ms. Memory: 674816K Free: 557189K (83%)
----------------- Invoking toplevel() on ptolemy.moml.MoMLSimpleApplication@7750ca2f
----------------- Done invoking toplevel() on ptolemy.moml.MoMLSimpleApplication@7750ca2f
reloadAllAccessors: .Friction

===========================================================================================
----------------- testing Sun Oct 21 02:34:48 UTC 2018 /home/travis/build/icyphy/ptII/ptolemy/domains/continuous/test/auto/FurutaPendulum.xml
----------------- Instantiating /home/travis/build/icyphy/ptII/ptolemy/domains/continuous/test/auto/FurutaPendulum.xml
3758 ms. Memory: 643584K Free: 577598K (90%)
----------------- Invoking toplevel() on ptolemy.moml.MoMLSimpleApplication@66b790e1
----------------- Done invoking toplevel() on ptolemy.moml.MoMLSimpleApplication@66b790e1
reloadAllAccessors: .FurutaPendulum

===========================================================================================
----------------- testing Sun Oct 21 02:34:52 UTC 2018 /home/travis/build/icyphy/ptII/ptolemy/domains/continuous/test/auto/HierarchicalExecution.xml
----------------- Instantiating /home/travis/build/icyphy/ptII/ptolemy/domains/continuous/test/auto/HierarchicalExecution.xml
2164 ms. Memory: 643584K Free: 248810K (39%)
----------------- Invoking toplevel() on ptolemy.moml.MoMLSimpleApplication@590bde83
----------------- Done invoking toplevel() on ptolemy.moml.MoMLSimpleApplication@590bde83
reloadAllAccessors: .HierarchicalExecution

===========================================================================================
----------------- testing Sun Oct 21 02:34:54 UTC 2018 /home/travis/build/icyphy/ptII/ptolemy/domains/continuous/test/auto/HybridPlant.xml
----------------- Instantiating /home/travis/build/icyphy/ptII/ptolemy/domains/continuous/test/auto/HybridPlant.xml
540 ms. Memory: 614912K Free: 497710K (81%)
----------------- Invoking toplevel() on ptolemy.moml.MoMLSimpleApplication@1cac4595
----------------- Done invoking toplevel() on ptolemy.moml.MoMLSimpleApplication@1cac4595
reloadAllAccessors: .HybridPlant

===========================================================================================
----------------- testing Sun Oct 21 02:34:55 UTC 2018 /home/travis/build/icyphy/ptII/ptolemy/domains/continuous/test/auto/Hysteresis.xml
----------------- Instantiating /home/travis/build/icyphy/ptII/ptolemy/domains/continuous/test/auto/Hysteresis.xml
144 ms. Memory: 614912K Free: 427917K (70%)
----------------- Invoking toplevel() on ptolemy.moml.MoMLSimpleApplication@35abb586
----------------- Done invoking toplevel() on ptolemy.moml.MoMLSimpleApplication@35abb586
reloadAllAccessors: .Hysteresis

===========================================================================================
----------------- testing Sun Oct 21 02:34:55 UTC 2018 /home/travis/build/icyphy/ptII/ptolemy/domains/continuous/test/auto/HysteresisWithRandomDelay.xml
----------------- Instantiating /home/travis/build/icyphy/ptII/ptolemy/domains/continuous/test/auto/HysteresisWithRandomDelay.xml
174 ms. Memory: 614912K Free: 344117K (56%)
----------------- Invoking toplevel() on ptolemy.moml.MoMLSimpleApplication@5f2b75c1
----------------- Done invoking toplevel() on ptolemy.moml.MoMLSimpleApplication@5f2b75c1
reloadAllAccessors: .HysteresisWithRandomDelay

===========================================================================================
----------------- testing Sun Oct 21 02:34:55 UTC 2018 /home/travis/build/icyphy/ptII/ptolemy/domains/continuous/test/auto/HysteresisWithRandomLosses.xml
----------------- Instantiating /home/travis/build/icyphy/ptII/ptolemy/domains/continuous/test/auto/HysteresisWithRandomLosses.xml
2557 ms. Memory: 565760K Free: 504314K (89%)
----------------- Invoking toplevel() on ptolemy.moml.MoMLSimpleApplication@7437abed
----------------- Done invoking toplevel() on ptolemy.moml.MoMLSimpleApplication@7437abed
reloadAllAccessors: .HysteresisWithRandomLosses

===========================================================================================
----------------- testing Sun Oct 21 02:34:58 UTC 2018 /home/travis/build/icyphy/ptII/ptolemy/domains/continuous/test/auto/ImmediateTransitions.xml
----------------- Instantiating /home/travis/build/icyphy/ptII/ptolemy/domains/continuous/test/auto/ImmediateTransitions.xml
9 ms. Memory: 565760K Free: 485859K (86%)
----------------- Invoking toplevel() on ptolemy.moml.MoMLSimpleApplication@678a5edb
----------------- Done invoking toplevel() on ptolemy.moml.MoMLSimpleApplication@678a5edb
reloadAllAccessors: .ImmediateTransitions

===========================================================================================
----------------- testing Sun Oct 21 02:34:58 UTC 2018 /home/travis/build/icyphy/ptII/ptolemy/domains/continuous/test/auto/ImpulseFeedback.xml
----------------- Instantiating /home/travis/build/icyphy/ptII/ptolemy/domains/continuous/test/auto/ImpulseFeedback.xml
7 ms. Memory: 565760K Free: 475115K (84%)
----------------- Invoking toplevel() on ptolemy.moml.MoMLSimpleApplication@5c3be369
----------------- Done invoking toplevel() on ptolemy.moml.MoMLSimpleApplication@5c3be369
reloadAllAccessors: .ImpulseFeedback

===========================================================================================
----------------- testing Sun Oct 21 02:34:58 UTC 2018 /home/travis/build/icyphy/ptII/ptolemy/domains/continuous/test/auto/ImpulseFeedback2.xml
----------------- Instantiating /home/travis/build/icyphy/ptII/ptolemy/domains/continuous/test/auto/ImpulseFeedback2.xml
6 ms. Memory: 565760K Free: 464573K (82%)
----------------- Invoking toplevel() on ptolemy.moml.MoMLSimpleApplication@23ab9995
----------------- Done invoking toplevel() on ptolemy.moml.MoMLSimpleApplication@23ab9995
reloadAllAccessors: .ImpulseFeedback2

===========================================================================================
----------------- testing Sun Oct 21 02:34:58 UTC 2018 /home/travis/build/icyphy/ptII/ptolemy/domains/continuous/test/auto/IncreasingRatePoisson.xml
----------------- Instantiating /home/travis/build/icyphy/ptII/ptolemy/domains/continuous/test/auto/IncreasingRatePoisson.xml
790 ms. Memory: 565760K Free: 124017K (22%)
----------------- Invoking toplevel() on ptolemy.moml.MoMLSimpleApplication@c29ebb0
----------------- Done invoking toplevel() on ptolemy.moml.MoMLSimpleApplication@c29ebb0
reloadAllAccessors: .IncreasingRatePoisson

===========================================================================================
----------------- testing Sun Oct 21 02:34:59 UTC 2018 /home/travis/build/icyphy/ptII/ptolemy/domains/continuous/test/auto/InitialStateFeedback.xml
----------------- Instantiating /home/travis/build/icyphy/ptII/ptolemy/domains/continuous/test/auto/InitialStateFeedback.xml
3 ms. Memory: 565760K Free: 116719K (21%)
----------------- Invoking toplevel() on ptolemy.moml.MoMLSimpleApplication@27200786
----------------- Done invoking toplevel() on ptolemy.moml.MoMLSimpleApplication@27200786
reloadAllAccessors: .InitialStateFeedback

===========================================================================================
----------------- testing Sun Oct 21 02:34:59 UTC 2018 /home/travis/build/icyphy/ptII/ptolemy/domains/continuous/test/auto/Integration.xml
----------------- Instantiating /home/travis/build/icyphy/ptII/ptolemy/domains/continuous/test/auto/Integration.xml
2 ms. Memory: 565760K Free: 109421K (19%)
----------------- Invoking toplevel() on ptolemy.moml.MoMLSimpleApplication@726bdaa3
----------------- Done invoking toplevel() on ptolemy.moml.MoMLSimpleApplication@726bdaa3
reloadAllAccessors: .Integration

===========================================================================================
----------------- testing Sun Oct 21 02:34:59 UTC 2018 /home/travis/build/icyphy/ptII/ptolemy/domains/continuous/test/auto/Integration2.xml
----------------- Instantiating /home/travis/build/icyphy/ptII/ptolemy/domains/continuous/test/auto/Integration2.xml
88 ms. Memory: 565760K Free: 89207K (16%)
----------------- Invoking toplevel() on ptolemy.moml.MoMLSimpleApplication@43fee9c1
----------------- Done invoking toplevel() on ptolemy.moml.MoMLSimpleApplication@43fee9c1
reloadAllAccessors: .Integration2

===========================================================================================
----------------- testing Sun Oct 21 02:34:59 UTC 2018 /home/travis/build/icyphy/ptII/ptolemy/domains/continuous/test/auto/Integration3.xml
----------------- Instantiating /home/travis/build/icyphy/ptII/ptolemy/domains/continuous/test/auto/Integration3.xml
2 ms. Memory: 565760K Free: 81909K (14%)
----------------- Invoking toplevel() on ptolemy.moml.MoMLSimpleApplication@35438f72
----------------- Done invoking toplevel() on ptolemy.moml.MoMLSimpleApplication@35438f72
reloadAllAccessors: .Integration3

===========================================================================================
----------------- testing Sun Oct 21 02:34:59 UTC 2018 /home/travis/build/icyphy/ptII/ptolemy/domains/continuous/test/auto/Integration5.xml
----------------- Instantiating /home/travis/build/icyphy/ptII/ptolemy/domains/continuous/test/auto/Integration5.xml
2 ms. Memory: 565760K Free: 74611K (13%)
----------------- Invoking toplevel() on ptolemy.moml.MoMLSimpleApplication@73b1f049
----------------- Done invoking toplevel() on ptolemy.moml.MoMLSimpleApplication@73b1f049
reloadAllAccessors: .Integration5

===========================================================================================
----------------- testing Sun Oct 21 02:34:59 UTC 2018 /home/travis/build/icyphy/ptII/ptolemy/domains/continuous/test/auto/IntegratorImpulse.xml
----------------- Instantiating /home/travis/build/icyphy/ptII/ptolemy/domains/continuous/test/auto/IntegratorImpulse.xml
2 ms. Memory: 565760K Free: 67314K (12%)
----------------- Invoking toplevel() on ptolemy.moml.MoMLSimpleApplication@607b2b5e
----------------- Done invoking toplevel() on ptolemy.moml.MoMLSimpleApplication@607b2b5e
reloadAllAccessors: .IntegratorImpulse

===========================================================================================
----------------- testing Sun Oct 21 02:34:59 UTC 2018 /home/travis/build/icyphy/ptII/ptolemy/domains/continuous/test/auto/IntegratorImpulse2.xml
----------------- Instantiating /home/travis/build/icyphy/ptII/ptolemy/domains/continuous/test/auto/IntegratorImpulse2.xml
4 ms. Memory: 565760K Free: 60017K (11%)
----------------- Invoking toplevel() on ptolemy.moml.MoMLSimpleApplication@e31e63
----------------- Done invoking toplevel() on ptolemy.moml.MoMLSimpleApplication@e31e63
reloadAllAccessors: .IntegratorImpulse2

===========================================================================================
----------------- testing Sun Oct 21 02:34:59 UTC 2018 /home/travis/build/icyphy/ptII/ptolemy/domains/continuous/test/auto/LevelCrossing1.xml
----------------- Instantiating /home/travis/build/icyphy/ptII/ptolemy/domains/continuous/test/auto/LevelCrossing1.xml
2 ms. Memory: 543232K Free: 511508K (94%)
----------------- Invoking toplevel() on ptolemy.moml.MoMLSimpleApplication@3d2e83ee
----------------- Done invoking toplevel() on ptolemy.moml.MoMLSimpleApplication@3d2e83ee
reloadAllAccessors: .LevelCrossing1

===========================================================================================
----------------- testing Sun Oct 21 02:34:59 UTC 2018 /home/travis/build/icyphy/ptII/ptolemy/domains/continuous/test/auto/LevelCrossing2.xml
----------------- Instantiating /home/travis/build/icyphy/ptII/ptolemy/domains/continuous/test/auto/LevelCrossing2.xml
3 ms. Memory: 543232K Free: 501274K (92%)
----------------- Invoking toplevel() on ptolemy.moml.MoMLSimpleApplication@2f29b216
----------------- Done invoking toplevel() on ptolemy.moml.MoMLSimpleApplication@2f29b216
reloadAllAccessors: .LevelCrossing2

===========================================================================================
----------------- testing Sun Oct 21 02:34:59 UTC 2018 /home/travis/build/icyphy/ptII/ptolemy/domains/continuous/test/auto/LevelCrossing3.xml
----------------- Instantiating /home/travis/build/icyphy/ptII/ptolemy/domains/continuous/test/auto/LevelCrossing3.xml
3 ms. Memory: 543232K Free: 491241K (90%)
----------------- Invoking toplevel() on ptolemy.moml.MoMLSimpleApplication@64700e3d
----------------- Done invoking toplevel() on ptolemy.moml.MoMLSimpleApplication@64700e3d
reloadAllAccessors: .LevelCrossing3

===========================================================================================
----------------- testing Sun Oct 21 02:34:59 UTC 2018 /home/travis/build/icyphy/ptII/ptolemy/domains/continuous/test/auto/LevelCrossing4.xml
----------------- Instantiating /home/travis/build/icyphy/ptII/ptolemy/domains/continuous/test/auto/LevelCrossing4.xml
3 ms. Memory: 543232K Free: 481209K (89%)
----------------- Invoking toplevel() on ptolemy.moml.MoMLSimpleApplication@3235f7bd
----------------- Done invoking toplevel() on ptolemy.moml.MoMLSimpleApplication@3235f7bd
reloadAllAccessors: .LevelCrossing4

===========================================================================================
----------------- testing Sun Oct 21 02:34:59 UTC 2018 /home/travis/build/icyphy/ptII/ptolemy/domains/continuous/test/auto/LevelCrossing5.xml
----------------- Instantiating /home/travis/build/icyphy/ptII/ptolemy/domains/continuous/test/auto/LevelCrossing5.xml
3 ms. Memory: 543232K Free: 470980K (87%)
----------------- Invoking toplevel() on ptolemy.moml.MoMLSimpleApplication@692f3398
----------------- Done invoking toplevel() on ptolemy.moml.MoMLSimpleApplication@692f3398
reloadAllAccessors: .LevelCrossing5

===========================================================================================
[...]
reloadAllAccessors: .ResetTransitionWithStartTime6

===========================================================================================
----------------- testing Sun Oct 21 02:35:20 UTC 2018 /home/travis/build/icyphy/ptII/ptolemy/domains/continuous/test/auto/SRinContinuous.xml
----------------- Instantiating /home/travis/build/icyphy/ptII/ptolemy/domains/continuous/test/auto/SRinContinuous.xml
5 ms. Memory: 428032K Free: 306566K (72%)
----------------- Invoking toplevel() on ptolemy.moml.MoMLSimpleApplication@47747995
----------------- Done invoking toplevel() on ptolemy.moml.MoMLSimpleApplication@47747995
reloadAllAccessors: .SRinContinuous

===========================================================================================
----------------- testing Sun Oct 21 02:35:20 UTC 2018 /home/travis/build/icyphy/ptII/ptolemy/domains/continuous/test/auto/SampledClocks.xml
----------------- Instantiating /home/travis/build/icyphy/ptII/ptolemy/domains/continuous/test/auto/SampledClocks.xml
8 ms. Memory: 428032K Free: 295170K (69%)
----------------- Invoking toplevel() on ptolemy.moml.MoMLSimpleApplication@3a7e2114
----------------- Done invoking toplevel() on ptolemy.moml.MoMLSimpleApplication@3a7e2114
reloadAllAccessors: .SampledClocks

===========================================================================================
----------------- testing Sun Oct 21 02:35:20 UTC 2018 /home/travis/build/icyphy/ptII/ptolemy/domains/continuous/test/auto/Satellite.xml
----------------- Instantiating /home/travis/build/icyphy/ptII/ptolemy/domains/continuous/test/auto/Satellite.xml
1057 ms. Memory: 428032K Free: 100149K (23%)
----------------- Invoking toplevel() on ptolemy.moml.MoMLSimpleApplication@2d8a36e4
----------------- Done invoking toplevel() on ptolemy.moml.MoMLSimpleApplication@2d8a36e4
reloadAllAccessors: .Satellite

===========================================================================================
----------------- testing Sun Oct 21 02:35:21 UTC 2018 /home/travis/build/icyphy/ptII/ptolemy/domains/continuous/test/auto/SigmaDelta.xml
----------------- Instantiating /home/travis/build/icyphy/ptII/ptolemy/domains/continuous/test/auto/SigmaDelta.xml
2774 ms. Memory: 522240K Free: 132134K (25%)
----------------- Invoking toplevel() on ptolemy.moml.MoMLSimpleApplication@3a7eba32
----------------- Done invoking toplevel() on ptolemy.moml.MoMLSimpleApplication@3a7eba32
reloadAllAccessors: .SigmaDelta

===========================================================================================
----------------- testing Sun Oct 21 02:35:24 UTC 2018 /home/travis/build/icyphy/ptII/ptolemy/domains/continuous/test/auto/SingleRefinement.xml
----------------- Instantiating /home/travis/build/icyphy/ptII/ptolemy/domains/continuous/test/auto/SingleRefinement.xml
318 ms. Memory: 624640K Free: 476376K (76%)
----------------- Invoking toplevel() on ptolemy.moml.MoMLSimpleApplication@2cdfe4f7
----------------- Done invoking toplevel() on ptolemy.moml.MoMLSimpleApplication@2cdfe4f7
reloadAllAccessors: .SingleRefinement

===========================================================================================
----------------- testing Sun Oct 21 02:35:25 UTC 2018 /home/travis/build/icyphy/ptII/ptolemy/domains/continuous/test/auto/SinuBouncingBall.xml
----------------- Instantiating /home/travis/build/icyphy/ptII/ptolemy/domains/continuous/test/auto/SinuBouncingBall.xml
855 ms. Memory: 624640K Free: 234400K (38%)
----------------- Invoking toplevel() on ptolemy.moml.MoMLSimpleApplication@71b5a897
----------------- Done invoking toplevel() on ptolemy.moml.MoMLSimpleApplication@71b5a897
reloadAllAccessors: .SinuBouncingBall

===========================================================================================
----------------- testing Sun Oct 21 02:35:26 UTC 2018 /home/travis/build/icyphy/ptII/ptolemy/domains/continuous/test/auto/Sinusoid.xml
----------------- Instantiating /home/travis/build/icyphy/ptII/ptolemy/domains/continuous/test/auto/Sinusoid.xml
5 ms. Memory: 624640K Free: 226251K (36%)
----------------- Invoking toplevel() on ptolemy.moml.MoMLSimpleApplication@74e8faf7
----------------- Done invoking toplevel() on ptolemy.moml.MoMLSimpleApplication@74e8faf7
reloadAllAccessors: .Sinusoid

===========================================================================================
----------------- testing Sun Oct 21 02:35:26 UTC 2018 /home/travis/build/icyphy/ptII/ptolemy/domains/continuous/test/auto/SinusoidInNoise.xml
----------------- Instantiating /home/travis/build/icyphy/ptII/ptolemy/domains/continuous/test/auto/SinusoidInNoise.xml
1152 ms. Memory: 599552K Free: 518343K (86%)
----------------- Invoking toplevel() on ptolemy.moml.MoMLSimpleApplication@60cab5b2
----------------- Done invoking toplevel() on ptolemy.moml.MoMLSimpleApplication@60cab5b2
reloadAllAccessors: .SinusoidInNoise

===========================================================================================
----------------- testing Sun Oct 21 02:35:27 UTC 2018 /home/travis/build/icyphy/ptII/ptolemy/domains/continuous/test/auto/SinusoidRK45.xml
----------------- Instantiating /home/travis/build/icyphy/ptII/ptolemy/domains/continuous/test/auto/SinusoidRK45.xml
2 ms. Memory: 599552K Free: 508641K (85%)
----------------- Invoking toplevel() on ptolemy.moml.MoMLSimpleApplication@11eee9ff
----------------- Done invoking toplevel() on ptolemy.moml.MoMLSimpleApplication@11eee9ff
reloadAllAccessors: .SinusoidRK45

===========================================================================================
----------------- testing Sun Oct 21 02:35:27 UTC 2018 /home/travis/build/icyphy/ptII/ptolemy/domains/continuous/test/auto/SinusoidWithMultipleImpulses.xml
----------------- Instantiating /home/travis/build/icyphy/ptII/ptolemy/domains/continuous/test/auto/SinusoidWithMultipleImpulses.xml
4 ms. Memory: 599552K Free: 500846K (84%)
----------------- Invoking toplevel() on ptolemy.moml.MoMLSimpleApplication@104343ad
----------------- Done invoking toplevel() on ptolemy.moml.MoMLSimpleApplication@104343ad
reloadAllAccessors: .SinusoidWithMultipleImpulses

===========================================================================================
----------------- testing Sun Oct 21 02:35:27 UTC 2018 /home/travis/build/icyphy/ptII/ptolemy/domains/continuous/test/auto/SquareWave.xml
----------------- Instantiating /home/travis/build/icyphy/ptII/ptolemy/domains/continuous/test/auto/SquareWave.xml
180 ms. Memory: 599552K Free: 468842K (78%)
----------------- Invoking toplevel() on ptolemy.moml.MoMLSimpleApplication@4d59b5b3
----------------- Done invoking toplevel() on ptolemy.moml.MoMLSimpleApplication@4d59b5b3
reloadAllAccessors: .SquareWave

===========================================================================================
----------------- testing Sun Oct 21 02:35:27 UTC 2018 /home/travis/build/icyphy/ptII/ptolemy/domains/continuous/test/auto/Starmac.xml
----------------- Instantiating /home/travis/build/icyphy/ptII/ptolemy/domains/continuous/test/auto/Starmac.xml
3043 ms. Memory: 599552K Free: 74944K (13%)
----------------- Invoking toplevel() on ptolemy.moml.MoMLSimpleApplication@170715aa
----------------- Done invoking toplevel() on ptolemy.moml.MoMLSimpleApplication@170715aa
reloadAllAccessors: .Starmac

===========================================================================================
----------------- testing Sun Oct 21 02:35:31 UTC 2018 /home/travis/build/icyphy/ptII/ptolemy/domains/continuous/test/auto/StaticUnits.xml
----------------- Instantiating /home/travis/build/icyphy/ptII/ptolemy/domains/continuous/test/auto/StaticUnits.xml
3005 ms. Memory: 582144K Free: 49943K (9%)
----------------- Invoking toplevel() on ptolemy.moml.MoMLSimpleApplication@710fc744
----------------- Done invoking toplevel() on ptolemy.moml.MoMLSimpleApplication@710fc744
reloadAllAccessors: .StaticUnits

===========================================================================================
----------------- testing Sun Oct 21 02:35:34 UTC 2018 /home/travis/build/icyphy/ptII/ptolemy/domains/continuous/test/auto/StickyMasses.xml
----------------- Instantiating /home/travis/build/icyphy/ptII/ptolemy/domains/continuous/test/auto/StickyMasses.xml
180 ms. Memory: 556544K Free: 453579K (81%)
----------------- Invoking toplevel() on ptolemy.moml.MoMLSimpleApplication@4ece6353
----------------- Done invoking toplevel() on ptolemy.moml.MoMLSimpleApplication@4ece6353
reloadAllAccessors: .StickyMasses

===========================================================================================
----------------- testing Sun Oct 21 02:35:34 UTC 2018 /home/travis/build/icyphy/ptII/ptolemy/domains/continuous/test/auto/StopTime.xml
----------------- Instantiating /home/travis/build/icyphy/ptII/ptolemy/domains/continuous/test/auto/StopTime.xml
49 ms. Memory: 556544K Free: 419412K (75%)
----------------- Invoking toplevel() on ptolemy.moml.MoMLSimpleApplication@2c8d3a4b
----------------- Done invoking toplevel() on ptolemy.moml.MoMLSimpleApplication@2c8d3a4b
reloadAllAccessors: .StopTime

===========================================================================================
----------------- testing Sun Oct 21 02:35:34 UTC 2018 /home/travis/build/icyphy/ptII/ptolemy/domains/continuous/test/auto/StopTime2.xml
----------------- Instantiating /home/travis/build/icyphy/ptII/ptolemy/domains/continuous/test/auto/StopTime2.xml
36 ms. Memory: 556544K Free: 390248K (70%)
----------------- Invoking toplevel() on ptolemy.moml.MoMLSimpleApplication@50f156c6
----------------- Done invoking toplevel() on ptolemy.moml.MoMLSimpleApplication@50f156c6
reloadAllAccessors: .StopTime2

===========================================================================================
----------------- testing Sun Oct 21 02:35:34 UTC 2018 /home/travis/build/icyphy/ptII/ptolemy/domains/continuous/test/auto/Switch.xml
----------------- Instantiating /home/travis/build/icyphy/ptII/ptolemy/domains/continuous/test/auto/Switch.xml
54 ms. Memory: 556544K Free: 357883K (64%)
----------------- Invoking toplevel() on ptolemy.moml.MoMLSimpleApplication@1bdb9621
----------------- Done invoking toplevel() on ptolemy.moml.MoMLSimpleApplication@1bdb9621
reloadAllAccessors: .Switch

===========================================================================================
----------------- testing Sun Oct 21 02:35:35 UTC 2018 /home/travis/build/icyphy/ptII/ptolemy/domains/continuous/test/auto/Thermostat.xml
----------------- Instantiating /home/travis/build/icyphy/ptII/ptolemy/domains/continuous/test/auto/Thermostat.xml
212 ms. Memory: 556544K Free: 275397K (49%)
----------------- Invoking toplevel() on ptolemy.moml.MoMLSimpleApplication@3fe167d2
----------------- Done invoking toplevel() on ptolemy.moml.MoMLSimpleApplication@3fe167d2
reloadAllAccessors: .Thermostat

===========================================================================================
----------------- testing Sun Oct 21 02:35:35 UTC 2018 /home/travis/build/icyphy/ptII/ptolemy/domains/continuous/test/auto/TimeDelay.xml
----------------- Instantiating /home/travis/build/icyphy/ptII/ptolemy/domains/continuous/test/auto/TimeDelay.xml
6 ms. Memory: 556544K Free: 265013K (48%)
----------------- Invoking toplevel() on ptolemy.moml.MoMLSimpleApplication@32ffafa
----------------- Done invoking toplevel() on ptolemy.moml.MoMLSimpleApplication@32ffafa
reloadAllAccessors: .TimeDelay

===========================================================================================
----------------- testing Sun Oct 21 02:35:35 UTC 2018 /home/travis/build/icyphy/ptII/ptolemy/domains/continuous/test/auto/TimeDelay2.xml
----------------- Instantiating /home/travis/build/icyphy/ptII/ptolemy/domains/continuous/test/auto/TimeDelay2.xml
9 ms. Memory: 556544K Free: 254694K (46%)
----------------- Invoking toplevel() on ptolemy.moml.MoMLSimpleApplication@388a1c15
----------------- Done invoking toplevel() on ptolemy.moml.MoMLSimpleApplication@388a1c15
reloadAllAccessors: .TimeDelay2

===========================================================================================
----------------- testing Sun Oct 21 02:35:35 UTC 2018 /home/travis/build/icyphy/ptII/ptolemy/domains/continuous/test/auto/TimeDelay3.xml
----------------- Instantiating /home/travis/build/icyphy/ptII/ptolemy/domains/continuous/test/auto/TimeDelay3.xml
6 ms. Memory: 556544K Free: 247455K (44%)
----------------- Invoking toplevel() on ptolemy.moml.MoMLSimpleApplication@5d1ff1e9
----------------- Done invoking toplevel() on ptolemy.moml.MoMLSimpleApplication@5d1ff1e9
reloadAllAccessors: .TimeDelay3

===========================================================================================
----------------- testing Sun Oct 21 02:35:35 UTC 2018 /home/travis/build/icyphy/ptII/ptolemy/domains/continuous/test/auto/TransferAbsentToInside.xml
----------------- Instantiating /home/travis/build/icyphy/ptII/ptolemy/domains/continuous/test/auto/TransferAbsentToInside.xml
29 ms. Memory: 556544K Free: 186822K (34%)
----------------- Invoking toplevel() on ptolemy.moml.MoMLSimpleApplication@4fe9ee7a
----------------- Done invoking toplevel() on ptolemy.moml.MoMLSimpleApplication@4fe9ee7a
reloadAllAccessors: .TransferAbsentToInside

===========================================================================================
----------------- testing Sun Oct 21 02:35:35 UTC 2018 /home/travis/build/icyphy/ptII/ptolemy/domains/continuous/test/auto/Transmission.xml
----------------- Instantiating /home/travis/build/icyphy/ptII/ptolemy/domains/continuous/test/auto/Transmission.xml
969 ms. Memory: 502784K Free: 404414K (80%)
----------------- Invoking toplevel() on ptolemy.moml.MoMLSimpleApplication@3cd7fd8d
----------------- Done invoking toplevel() on ptolemy.moml.MoMLSimpleApplication@3cd7fd8d
reloadAllAccessors: .Transmission

===========================================================================================
----------------- testing Sun Oct 21 02:35:36 UTC 2018 /home/travis/build/icyphy/ptII/ptolemy/domains/continuous/test/auto/TriggeredContinuousClock.xml
----------------- Instantiating /home/travis/build/icyphy/ptII/ptolemy/domains/continuous/test/auto/TriggeredContinuousClock.xml
38 ms. Memory: 502784K Free: 365911K (73%)
----------------- Invoking toplevel() on ptolemy.moml.MoMLSimpleApplication@72f6f51c
----------------- Done invoking toplevel() on ptolemy.moml.MoMLSimpleApplication@72f6f51c
reloadAllAccessors: .TriggeredContinuousClock

===========================================================================================
----------------- testing Sun Oct 21 02:35:36 UTC 2018 /home/travis/build/icyphy/ptII/ptolemy/domains/continuous/test/auto/TwoMachineInfiniteBusControl.xml
----------------- Instantiating /home/travis/build/icyphy/ptII/ptolemy/domains/continuous/test/auto/TwoMachineInfiniteBusControl.xml
3578 ms. Memory: 493568K Free: 198303K (40%)
----------------- Invoking toplevel() on ptolemy.moml.MoMLSimpleApplication@7c280da7
----------------- Done invoking toplevel() on ptolemy.moml.MoMLSimpleApplication@7c280da7
reloadAllAccessors: .TwoMachineInfiniteBusControl

===========================================================================================
----------------- testing Sun Oct 21 02:35:40 UTC 2018 /home/travis/build/icyphy/ptII/ptolemy/domains/continuous/test/auto/V2V.xml
----------------- Instantiating /home/travis/build/icyphy/ptII/ptolemy/domains/continuous/test/auto/V2V.xml
837 ms. Memory: 463360K Free: 384185K (83%)
----------------- Invoking toplevel() on ptolemy.moml.MoMLSimpleApplication@26280457
----------------- Done invoking toplevel() on ptolemy.moml.MoMLSimpleApplication@26280457
reloadAllAccessors: .V2V

===========================================================================================
----------------- testing Sun Oct 21 02:35:41 UTC 2018 /home/travis/build/icyphy/ptII/ptolemy/domains/continuous/test/auto/hierarchicalModalModel.xml
----------------- Instantiating /home/travis/build/icyphy/ptII/ptolemy/domains/continuous/test/auto/hierarchicalModalModel.xml
14 ms. Memory: 463360K Free: 365468K (79%)
----------------- Invoking toplevel() on ptolemy.moml.MoMLSimpleApplication@e1838e8
----------------- Done invoking toplevel() on ptolemy.moml.MoMLSimpleApplication@e1838e8
reloadAllAccessors: .hierarchicalModalModel

===========================================================================================
----------------- testing Sun Oct 21 02:35:41 UTC 2018 /home/travis/build/icyphy/ptII/ptolemy/domains/continuous/test/auto/hierarchicalModalModel1.xml
----------------- Instantiating /home/travis/build/icyphy/ptII/ptolemy/domains/continuous/test/auto/hierarchicalModalModel1.xml
9 ms. Memory: 463360K Free: 348179K (75%)
----------------- Invoking toplevel() on ptolemy.moml.MoMLSimpleApplication@48acc36
----------------- Done invoking toplevel() on ptolemy.moml.MoMLSimpleApplication@48acc36
reloadAllAccessors: .hierarchicalModalModel1

===========================================================================================
----------------- testing Sun Oct 21 02:35:41 UTC 2018 /home/travis/build/icyphy/ptII/ptolemy/domains/continuous/test/auto/hierarchicalModalModel2.xml
----------------- Instantiating /home/travis/build/icyphy/ptII/ptolemy/domains/continuous/test/auto/hierarchicalModalModel2.xml
6 ms. Memory: 463360K Free: 330882K (71%)
----------------- Invoking toplevel() on ptolemy.moml.MoMLSimpleApplication@2f2d6929
----------------- Done invoking toplevel() on ptolemy.moml.MoMLSimpleApplication@2f2d6929
reloadAllAccessors: .hierarchicalModalModel2

===========================================================================================
----------------- testing Sun Oct 21 02:35:41 UTC 2018 /home/travis/build/icyphy/ptII/ptolemy/domains/continuous/test/auto/hierarchicalModalModel3.xml
----------------- Instantiating /home/travis/build/icyphy/ptII/ptolemy/domains/continuous/test/auto/hierarchicalModalModel3.xml
5 ms. Memory: 463360K Free: 315621K (68%)
----------------- Invoking toplevel() on ptolemy.moml.MoMLSimpleApplication@292c9da8
----------------- Done invoking toplevel() on ptolemy.moml.MoMLSimpleApplication@292c9da8
reloadAllAccessors: .hierarchicalModalModel3

===========================================================================================
----------------- testing Sun Oct 21 02:35:41 UTC 2018 /home/travis/build/icyphy/ptII/ptolemy/domains/continuous/test/auto/hierarchicalModalModel4.xml
----------------- Instantiating /home/travis/build/icyphy/ptII/ptolemy/domains/continuous/test/auto/hierarchicalModalModel4.xml
4 ms. Memory: 463360K Free: 300379K (65%)
----------------- Invoking toplevel() on ptolemy.moml.MoMLSimpleApplication@494e2a0e
----------------- Done invoking toplevel() on ptolemy.moml.MoMLSimpleApplication@494e2a0e
reloadAllAccessors: .hierarchicalModalModel4

===========================================================================================
----------------- testing Sun Oct 21 02:35:41 UTC 2018 /home/travis/build/icyphy/ptII/ptolemy/domains/continuous/test/auto/junk.xml
----------------- Instantiating /home/travis/build/icyphy/ptII/ptolemy/domains/continuous/test/auto/junk.xml
151 ms. Memory: 463360K Free: 266737K (58%)
----------------- Invoking toplevel() on ptolemy.moml.MoMLSimpleApplication@5ca8ce74
----------------- Done invoking toplevel() on ptolemy.moml.MoMLSimpleApplication@5ca8ce74
reloadAllAccessors: .junk
AutoTests.java: About to close Vertx.
AutoTests.java: Vertx closed.
]]></system-out>
  <system-err><![CDATA[Warning: '.HysteresisWithRandomDelay.NonStrictTest3' The test produced only 29 tokens, yet the correctValues parameter was expecting 30 tokens.
Warning: '.Poisson.NonStrictTest' The test produced only 382 tokens, yet the correctValues parameter was expecting 430 tokens.
]]></system-err>
</testsuite>
