<?xml version="1.0" encoding="UTF-8" ?>
<testsuite errors="0" failures="0" hostname="travis-job-3892a237-a3ea-479d-bf7c-243c34dc0f42" name="ptolemy.domains.de.test.junit.JUnitTclTest" skipped="0" tests="101" time="123.716" timestamp="2020-07-02T14:55:15">
  <properties>
[...]
</properties>
  <testcase classname="ptolemy.util.test.junit.TclTests" name="[0] /home/travis/build/icyphy/ptII/ptolemy/domains/de/test/DependencyLoop.tcl (RunTclFile)" time="1.074" />
  <testcase classname="ptolemy.util.test.junit.TclTests" name="[1] /home/travis/build/icyphy/ptII/ptolemy/domains/de/test/RunDETestsAsQSS.tcl (RunTclFile)" time="83.823" />
  <testcase classname="ptolemy.util.test.junit.AutoKnownFailedTests" name="[0] /home/travis/build/icyphy/ptII/ptolemy/domains/de/test/auto/knownFailedTests/DESDFClockTest.xml (RunModel)" time="2.056" />
  <testcase classname="ptolemy.util.test.junit.AutoKnownFailedTests" name="[1] /home/travis/build/icyphy/ptII/ptolemy/domains/de/test/auto/knownFailedTests/DirectFeedback.xml (RunModel)" time="0.03" />
  <testcase classname="ptolemy.util.test.junit.AutoKnownFailedTests" name="[2] /home/travis/build/icyphy/ptII/ptolemy/domains/de/test/auto/knownFailedTests/FSMSource.xml (RunModel)" time="0.042" />
  <testcase classname="ptolemy.util.test.junit.AutoKnownFailedTests" name="[3] /home/travis/build/icyphy/ptII/ptolemy/domains/de/test/auto/knownFailedTests/HierarchicalModel.xml (RunModel)" time="0.055" />
  <testcase classname="ptolemy.util.test.junit.AutoKnownFailedTests" name="[4] /home/travis/build/icyphy/ptII/ptolemy/domains/de/test/auto/knownFailedTests/dependencyLoop.xml (RunModel)" time="0.042" />
  <testcase classname="ptolemy.util.test.junit.AutoKnownFailedTests" name="[5] /home/travis/build/icyphy/ptII/ptolemy/domains/de/test/auto/knownFailedTests/dependencyLoop2.xml (RunModel)" time="0.048" />
  <testcase classname="ptolemy.util.test.junit.AutoNameArchTests" name="[0] ThereAreNoAutoArchTests (RunModel)" time="0.001" />
  <testcase classname="ptolemy.util.test.junit.AutoTests" name="[0] /home/travis/build/icyphy/ptII/ptolemy/domains/de/test/auto/ActorDepthCalculation_actorWithoutPorts.xml (RunModel)" time="0.021" />
  <testcase classname="ptolemy.util.test.junit.AutoTests" name="[1] /home/travis/build/icyphy/ptII/ptolemy/domains/de/test/auto/AssemblyLine.xml (RunModel)" time="0.028" />
  <testcase classname="ptolemy.util.test.junit.AutoTests" name="[2] /home/travis/build/icyphy/ptII/ptolemy/domains/de/test/auto/CQBug1.xml (RunModel)" time="0.013" />
  <testcase classname="ptolemy.util.test.junit.AutoTests" name="[3] /home/travis/build/icyphy/ptII/ptolemy/domains/de/test/auto/CancelFireAt.xml (RunModel)" time="0.015" />
  <testcase classname="ptolemy.util.test.junit.AutoTests" name="[4] /home/travis/build/icyphy/ptII/ptolemy/domains/de/test/auto/CausalityAndComposabilityAnalysis.xml (RunModel)" time="0.013" />
  <testcase classname="ptolemy.util.test.junit.AutoTests" name="[5] /home/travis/build/icyphy/ptII/ptolemy/domains/de/test/auto/CausalityInterface1.xml (RunModel)" time="0.015" />
  <testcase classname="ptolemy.util.test.junit.AutoTests" name="[6] /home/travis/build/icyphy/ptII/ptolemy/domains/de/test/auto/CausalityInterface15.xml (RunModel)" time="0.017" />
  <testcase classname="ptolemy.util.test.junit.AutoTests" name="[7] /home/travis/build/icyphy/ptII/ptolemy/domains/de/test/auto/CausalityInterface2.xml (RunModel)" time="0.013" />
  <testcase classname="ptolemy.util.test.junit.AutoTests" name="[8] /home/travis/build/icyphy/ptII/ptolemy/domains/de/test/auto/CausalityInterface3.xml (RunModel)" time="0.013" />
  <testcase classname="ptolemy.util.test.junit.AutoTests" name="[9] /home/travis/build/icyphy/ptII/ptolemy/domains/de/test/auto/ClockDrift.xml (RunModel)" time="0.044" />
  <testcase classname="ptolemy.util.test.junit.AutoTests" name="[10] /home/travis/build/icyphy/ptII/ptolemy/domains/de/test/auto/ClockDriftAndValueChange.xml (RunModel)" time="0.032" />
  <testcase classname="ptolemy.util.test.junit.AutoTests" name="[11] /home/travis/build/icyphy/ptII/ptolemy/domains/de/test/auto/ClockDriftChange.xml (RunModel)" time="0.037" />
  <testcase classname="ptolemy.util.test.junit.AutoTests" name="[12] /home/travis/build/icyphy/ptII/ptolemy/domains/de/test/auto/ComposableCausalityAnalysis.xml (RunModel)" time="0.015" />
  <testcase classname="ptolemy.util.test.junit.AutoTests" name="[13] /home/travis/build/icyphy/ptII/ptolemy/domains/de/test/auto/DEFixedPointLimitation.xml (RunModel)" time="0.01" />
  <testcase classname="ptolemy.util.test.junit.AutoTests" name="[14] /home/travis/build/icyphy/ptII/ptolemy/domains/de/test/auto/DEScheduleTest.xml (RunModel)" time="0.015" />
  <testcase classname="ptolemy.util.test.junit.AutoTests" name="[15] /home/travis/build/icyphy/ptII/ptolemy/domains/de/test/auto/DEinDEwithStartTimes.xml (RunModel)" time="0.016" />
  <testcase classname="ptolemy.util.test.junit.AutoTests" name="[16] /home/travis/build/icyphy/ptII/ptolemy/domains/de/test/auto/DEinDEwithStartTimes2.xml (RunModel)" time="0.018" />
  <testcase classname="ptolemy.util.test.junit.AutoTests" name="[17] /home/travis/build/icyphy/ptII/ptolemy/domains/de/test/auto/DateDemo.xml (RunModel)" time="0.037" />
  <testcase classname="ptolemy.util.test.junit.AutoTests" name="[18] /home/travis/build/icyphy/ptII/ptolemy/domains/de/test/auto/DateToEvent.xml (RunModel)" time="2.043" />
  <testcase classname="ptolemy.util.test.junit.AutoTests" name="[19] /home/travis/build/icyphy/ptII/ptolemy/domains/de/test/auto/DepthTest1.xml (RunModel)" time="0.008" />
  <testcase classname="ptolemy.util.test.junit.AutoTests" name="[20] /home/travis/build/icyphy/ptII/ptolemy/domains/de/test/auto/DepthTest2.xml (RunModel)" time="0.021" />
  <testcase classname="ptolemy.util.test.junit.AutoTests" name="[21] /home/travis/build/icyphy/ptII/ptolemy/domains/de/test/auto/DepthTest3.xml (RunModel)" time="0.008" />
  <testcase classname="ptolemy.util.test.junit.AutoTests" name="[22] /home/travis/build/icyphy/ptII/ptolemy/domains/de/test/auto/DepthTest4.xml (RunModel)" time="0.013" />
  <testcase classname="ptolemy.util.test.junit.AutoTests" name="[23] /home/travis/build/icyphy/ptII/ptolemy/domains/de/test/auto/DepthTest5.xml (RunModel)" time="0.014" />
  <testcase classname="ptolemy.util.test.junit.AutoTests" name="[24] /home/travis/build/icyphy/ptII/ptolemy/domains/de/test/auto/DepthTest6.xml (RunModel)" time="0.017" />
  <testcase classname="ptolemy.util.test.junit.AutoTests" name="[25] /home/travis/build/icyphy/ptII/ptolemy/domains/de/test/auto/DepthTest7.xml (RunModel)" time="0.014" />
  <testcase classname="ptolemy.util.test.junit.AutoTests" name="[26] /home/travis/build/icyphy/ptII/ptolemy/domains/de/test/auto/EventToDate.xml (RunModel)" time="3.031" />
  <testcase classname="ptolemy.util.test.junit.AutoTests" name="[27] /home/travis/build/icyphy/ptII/ptolemy/domains/de/test/auto/FSM1.xml (RunModel)" time="0.044" />
  <testcase classname="ptolemy.util.test.junit.AutoTests" name="[28] /home/travis/build/icyphy/ptII/ptolemy/domains/de/test/auto/FSM7.xml (RunModel)" time="0.039" />
  <testcase classname="ptolemy.util.test.junit.AutoTests" name="[29] /home/travis/build/icyphy/ptII/ptolemy/domains/de/test/auto/Inspection.xml (RunModel)" time="0.043" />
  <testcase classname="ptolemy.util.test.junit.AutoTests" name="[30] /home/travis/build/icyphy/ptII/ptolemy/domains/de/test/auto/Iteration.xml (RunModel)" time="0.029" />
  <testcase classname="ptolemy.util.test.junit.AutoTests" name="[31] /home/travis/build/icyphy/ptII/ptolemy/domains/de/test/auto/LineFault.xml (RunModel)" time="0.524" />
  <testcase classname="ptolemy.util.test.junit.AutoTests" name="[32] /home/travis/build/icyphy/ptII/ptolemy/domains/de/test/auto/MergeModel1Add.xml (RunModel)" time="0.053" />
  <testcase classname="ptolemy.util.test.junit.AutoTests" name="[33] /home/travis/build/icyphy/ptII/ptolemy/domains/de/test/auto/MergeModel2Add.xml (RunModel)" time="0.034" />
  <testcase classname="ptolemy.util.test.junit.AutoTests" name="[34] /home/travis/build/icyphy/ptII/ptolemy/domains/de/test/auto/MergeModel3Add.xml (RunModel)" time="0.042" />
  <testcase classname="ptolemy.util.test.junit.AutoTests" name="[35] /home/travis/build/icyphy/ptII/ptolemy/domains/de/test/auto/MergeWithoutDiscard.xml (RunModel)" time="0.016" />
  <testcase classname="ptolemy.util.test.junit.AutoTests" name="[36] /home/travis/build/icyphy/ptII/ptolemy/domains/de/test/auto/Modal1.xml (RunModel)" time="0.031" />
  <testcase classname="ptolemy.util.test.junit.AutoTests" name="[37] /home/travis/build/icyphy/ptII/ptolemy/domains/de/test/auto/Modal2.xml (RunModel)" time="0.028" />
  <testcase classname="ptolemy.util.test.junit.AutoTests" name="[38] /home/travis/build/icyphy/ptII/ptolemy/domains/de/test/auto/Modal3.xml (RunModel)" time="0.032" />
  <testcase classname="ptolemy.util.test.junit.AutoTests" name="[39] /home/travis/build/icyphy/ptII/ptolemy/domains/de/test/auto/Modal4.xml (RunModel)" time="0.032" />
  <testcase classname="ptolemy.util.test.junit.AutoTests" name="[40] /home/travis/build/icyphy/ptII/ptolemy/domains/de/test/auto/Modal5.xml (RunModel)" time="0.034" />
  <testcase classname="ptolemy.util.test.junit.AutoTests" name="[41] /home/travis/build/icyphy/ptII/ptolemy/domains/de/test/auto/Modal6.xml (RunModel)" time="0.026" />
  <testcase classname="ptolemy.util.test.junit.AutoTests" name="[42] /home/travis/build/icyphy/ptII/ptolemy/domains/de/test/auto/Modal7.xml (RunModel)" time="0.031" />
  <testcase classname="ptolemy.util.test.junit.AutoTests" name="[43] /home/travis/build/icyphy/ptII/ptolemy/domains/de/test/auto/ModalModel.xml (RunModel)" time="0.172" />
  <testcase classname="ptolemy.util.test.junit.AutoTests" name="[44] /home/travis/build/icyphy/ptII/ptolemy/domains/de/test/auto/ModalSource.xml (RunModel)" time="0.023" />
  <testcase classname="ptolemy.util.test.junit.AutoTests" name="[45] /home/travis/build/icyphy/ptII/ptolemy/domains/de/test/auto/NonInterruptibleTimerZeroDelay.xml (RunModel)" time="0.011" />
  <testcase classname="ptolemy.util.test.junit.AutoTests" name="[46] /home/travis/build/icyphy/ptII/ptolemy/domains/de/test/auto/OpenQueueingNetwork.xml (RunModel)" time="2.362" />
  <testcase classname="ptolemy.util.test.junit.AutoTests" name="[47] /home/travis/build/icyphy/ptII/ptolemy/domains/de/test/auto/OpenQueuingNetwork.xml (RunModel)" time="0.266" />
  <testcase classname="ptolemy.util.test.junit.AutoTests" name="[48] /home/travis/build/icyphy/ptII/ptolemy/domains/de/test/auto/PeriodicSampler.xml (RunModel)" time="0.014" />
  <testcase classname="ptolemy.util.test.junit.AutoTests" name="[49] /home/travis/build/icyphy/ptII/ptolemy/domains/de/test/auto/PersistentIO.xml (RunModel)" time="0.019" />
  <testcase classname="ptolemy.util.test.junit.AutoTests" name="[50] /home/travis/build/icyphy/ptII/ptolemy/domains/de/test/auto/PortParameterResetOnInitialize.xml (RunModel)" time="0.011" />
  <testcase classname="ptolemy.util.test.junit.AutoTests" name="[51] /home/travis/build/icyphy/ptII/ptolemy/domains/de/test/auto/PortParameterUpdates.xml (RunModel)" time="0.013" />
  <testcase classname="ptolemy.util.test.junit.AutoTests" name="[52] /home/travis/build/icyphy/ptII/ptolemy/domains/de/test/auto/QueueAndServer.xml (RunModel)" time="0.019" />
  <testcase classname="ptolemy.util.test.junit.AutoTests" name="[53] /home/travis/build/icyphy/ptII/ptolemy/domains/de/test/auto/Records.xml (RunModel)" time="0.017" />
  <testcase classname="ptolemy.util.test.junit.AutoTests" name="[54] /home/travis/build/icyphy/ptII/ptolemy/domains/de/test/auto/ResetTransitionWithStartTime1.xml (RunModel)" time="0.019" />
  <testcase classname="ptolemy.util.test.junit.AutoTests" name="[55] /home/travis/build/icyphy/ptII/ptolemy/domains/de/test/auto/ResetTransitionWithStartTime2.xml (RunModel)" time="0.024" />
  <testcase classname="ptolemy.util.test.junit.AutoTests" name="[56] /home/travis/build/icyphy/ptII/ptolemy/domains/de/test/auto/ResetTransitionWithStartTime3.xml (RunModel)" time="0.022" />
  <testcase classname="ptolemy.util.test.junit.AutoTests" name="[57] /home/travis/build/icyphy/ptII/ptolemy/domains/de/test/auto/ResetTransitionWithStartTime4.xml (RunModel)" time="0.017" />
  <testcase classname="ptolemy.util.test.junit.AutoTests" name="[58] /home/travis/build/icyphy/ptII/ptolemy/domains/de/test/auto/ResettableTimer1.xml (RunModel)" time="0.01" />
  <testcase classname="ptolemy.util.test.junit.AutoTests" name="[59] /home/travis/build/icyphy/ptII/ptolemy/domains/de/test/auto/ResettableTimer2.xml (RunModel)" time="0.009" />
  <testcase classname="ptolemy.util.test.junit.AutoTests" name="[60] /home/travis/build/icyphy/ptII/ptolemy/domains/de/test/auto/ResettableTimer3.xml (RunModel)" time="0.009" />
  <testcase classname="ptolemy.util.test.junit.AutoTests" name="[61] /home/travis/build/icyphy/ptII/ptolemy/domains/de/test/auto/ResettableTimer4.xml (RunModel)" time="0.01" />
  <testcase classname="ptolemy.util.test.junit.AutoTests" name="[62] /home/travis/build/icyphy/ptII/ptolemy/domains/de/test/auto/ResettableTimer5.xml (RunModel)" time="0.01" />
  <testcase classname="ptolemy.util.test.junit.AutoTests" name="[63] /home/travis/build/icyphy/ptII/ptolemy/domains/de/test/auto/ResettableTimer6.xml (RunModel)" time="0.015" />
  <testcase classname="ptolemy.util.test.junit.AutoTests" name="[64] /home/travis/build/icyphy/ptII/ptolemy/domains/de/test/auto/ServerZeroDelay.xml (RunModel)" time="0.01" />
  <testcase classname="ptolemy.util.test.junit.AutoTests" name="[65] /home/travis/build/icyphy/ptII/ptolemy/domains/de/test/auto/SmartSender.xml (RunModel)" time="3.008" />
  <testcase classname="ptolemy.util.test.junit.AutoTests" name="[66] /home/travis/build/icyphy/ptII/ptolemy/domains/de/test/auto/ThreadedComposite.xml (RunModel)" time="0.108" />
  <testcase classname="ptolemy.util.test.junit.AutoTests" name="[67] /home/travis/build/icyphy/ptII/ptolemy/domains/de/test/auto/Time.xml (RunModel)" time="0.34" />
  <testcase classname="ptolemy.util.test.junit.AutoTests" name="[68] /home/travis/build/icyphy/ptII/ptolemy/domains/de/test/auto/TimeDelayZeroDelay.xml (RunModel)" time="0.014" />
  <testcase classname="ptolemy.util.test.junit.AutoTests" name="[69] /home/travis/build/icyphy/ptII/ptolemy/domains/de/test/auto/TimerZeroDelay.xml (RunModel)" time="0.01" />
  <testcase classname="ptolemy.util.test.junit.AutoTests" name="[70] /home/travis/build/icyphy/ptII/ptolemy/domains/de/test/auto/TimingParadox.xml (RunModel)" time="0.308" />
  <testcase classname="ptolemy.util.test.junit.AutoTests" name="[71] /home/travis/build/icyphy/ptII/ptolemy/domains/de/test/auto/TransferInputs.xml (RunModel)" time="0.012" />
  <testcase classname="ptolemy.util.test.junit.AutoTests" name="[72] /home/travis/build/icyphy/ptII/ptolemy/domains/de/test/auto/TransferOutputs2.xml (RunModel)" time="0.017" />
  <testcase classname="ptolemy.util.test.junit.AutoTests" name="[73] /home/travis/build/icyphy/ptII/ptolemy/domains/de/test/auto/Trilateration.xml (RunModel)" time="10.768" />
  <testcase classname="ptolemy.util.test.junit.AutoTests" name="[74] /home/travis/build/icyphy/ptII/ptolemy/domains/de/test/auto/TwoSigmaDelta.xml (RunModel)" time="1.738" />
  <testcase classname="ptolemy.util.test.junit.AutoTests" name="[75] /home/travis/build/icyphy/ptII/ptolemy/domains/de/test/auto/VariableDelay.xml (RunModel)" time="0.01" />
  <testcase classname="ptolemy.util.test.junit.AutoTests" name="[76] /home/travis/build/icyphy/ptII/ptolemy/domains/de/test/auto/VariableDelay2.xml (RunModel)" time="0.011" />
  <testcase classname="ptolemy.util.test.junit.AutoTests" name="[77] /home/travis/build/icyphy/ptII/ptolemy/domains/de/test/auto/VariableDelayZeroDelay.xml (RunModel)" time="0.016" />
  <testcase classname="ptolemy.util.test.junit.AutoTests" name="[78] /home/travis/build/icyphy/ptII/ptolemy/domains/de/test/auto/VariableDelayZeroDelay2.xml (RunModel)" time="0.009" />
  <testcase classname="ptolemy.util.test.junit.AutoTests" name="[79] /home/travis/build/icyphy/ptII/ptolemy/domains/de/test/auto/deInCt.xml (RunModel)" time="0.015" />
  <testcase classname="ptolemy.util.test.junit.AutoTests" name="[80] /home/travis/build/icyphy/ptII/ptolemy/domains/de/test/auto/deInCt2.xml (RunModel)" time="0.013" />
  <testcase classname="ptolemy.util.test.junit.AutoTests" name="[81] /home/travis/build/icyphy/ptII/ptolemy/domains/de/test/auto/dynamicCausalityInterface1.xml (RunModel)" time="0.017" />
  <testcase classname="ptolemy.util.test.junit.AutoTests" name="[82] /home/travis/build/icyphy/ptII/ptolemy/domains/de/test/auto/fsm_de_test.xml (RunModel)" time="0.019" />
  <testcase classname="ptolemy.util.test.junit.AutoTests" name="[83] /home/travis/build/icyphy/ptII/ptolemy/domains/de/test/auto/functionDependencyReconstruction.xml (RunModel)" time="0.028" />
  <testcase classname="ptolemy.util.test.junit.AutoTests" name="[84] /home/travis/build/icyphy/ptII/ptolemy/domains/de/test/auto/multirate.xml (RunModel)" time="0.016" />
  <testcase classname="ptolemy.util.test.junit.AutoTests" name="[85] /home/travis/build/icyphy/ptII/ptolemy/domains/de/test/auto/multirate2.xml (RunModel)" time="0.022" />
  <testcase classname="ptolemy.util.test.junit.AutoTests" name="[86] /home/travis/build/icyphy/ptII/ptolemy/domains/de/test/auto/realtime.xml (RunModel)" time="10.01" />
  <testcase classname="ptolemy.util.test.junit.AutoTests" name="[87] /home/travis/build/icyphy/ptII/ptolemy/domains/de/test/auto/relationGroup.xml (RunModel)" time="0.015" />
  <testcase classname="ptolemy.util.test.junit.AutoTests" name="[88] /home/travis/build/icyphy/ptII/ptolemy/domains/de/test/auto/relationGroup2.xml (RunModel)" time="0.009" />
  <testcase classname="ptolemy.util.test.junit.AutoTests" name="[89] /home/travis/build/icyphy/ptII/ptolemy/domains/de/test/auto/sortWithOpaquePorts.xml (RunModel)" time="0.01" />
  <testcase classname="ptolemy.util.test.junit.AutoTests" name="[90] /home/travis/build/icyphy/ptII/ptolemy/domains/de/test/auto/transferInputsandOutputs.xml (RunModel)" time="0.021" />
  <testcase classname="ptolemy.util.test.junit.AutoTests" name="[91] /home/travis/build/icyphy/ptII/ptolemy/domains/de/test/auto/triggerType.xml (RunModel)" time="0.008" />
  <system-out><![CDATA[/home/travis/build/icyphy/ptII/ptolemy/domains/de/test/DependencyLoop.tcl
testDefs.tcl: setting time out to 9000 seconds at Thu Jul 02 14:55:16 UTC 2020
74 ms. Memory: 129024K Free: 78791K (61%)
25 ms. Memory: 129024K Free: 61383K (48%)
/home/travis/build/icyphy/ptII/ptolemy/domains/de/test/RunDETestsAsQSS.tcl
Run the DE tests using ptolemy.domains.qss.test.QSSDirectorTest, which extends QSSDirector and prints a message in the constructors.
------------------ testing $PTII/ptolemy/domains/de/test/auto/knownFailedTests/DirectFeedback.xml (Known Failure) 
59 ms. Memory: 129024K Free: 56263K (44%)


==== $PTIIhome/travis/build/icyphy/ptII/ptolemy/domains/de/test/../../../../: Auto Automatic test in file $PTII/ptolemy/domains/de/test/auto/knownFailedTests/DirectFeedback.xml
==== Contents of test case:

	    # FIXME: we should use $relativeFilename here, but it
	    # might have backslashes under Windows, which causes no end
	    # of trouble.
	    createAndExecute $file
	    list {}
	
.... Test generated KNOWN error:
    while executing
ptolemy.kernel.util.IllegalActionException: Test fails in iteration 1.
Value was: 1.0. Should have been: 2.0
  in .DirectFeedback.Test
	at ptolemy.actor.lib.Test.fire(Test.java:268)
	at ptolemy.domains.de.kernel.DEDirector._fire(DEDirector.java:1949)
	at ptolemy.domains.de.kernel.DEDirector.fire(DEDirector.java:502)
	at ptolemy.actor.CompositeActor.fire(CompositeActor.java:455)
	at ptolemy.actor.Manager.iterate(Manager.java:851)
	at ptolemy.actor.Manager.execute(Manager.java:369)
	at ptolemy.actor.Manager.run(Manager.java:1263)
	at ptolemy.actor.Manager$PtolemyRunThread.run(Manager.java:1933)

    while executing
ptolemy.kernel.util.IllegalActionException: Test fails in iteration 1.
Value was: 1.0. Should have been: 2.0
  in .DirectFeedback.Test
    while executing
"java::new ptolemy.moml.MoMLSimpleApplication $file
"
    (procedure "createAndExecute" line 2)
    invoked from within
"createAndExecute $file"
    ("uplevel" body line 5)
    invoked from within
"uplevel $contents_of_test"
------------------ testing $PTII/ptolemy/domains/de/test/auto/knownFailedTests/dependencyLoop.xml (Known Failure) 
17 ms. Memory: 129024K Free: 53191K (41%)


==== $PTIIhome/travis/build/icyphy/ptII/ptolemy/domains/de/test/../../../../: Auto Automatic test in file $PTII/ptolemy/domains/de/test/auto/knownFailedTests/dependencyLoop.xml
==== Contents of test case:

	    # FIXME: we should use $relativeFilename here, but it
	    # might have backslashes under Windows, which causes no end
	    # of trouble.
	    createAndExecute $file
	    list {}
	
.... Test generated KNOWN error:
    while executing
ptolemy.kernel.util.IllegalActionException: Found a zero delay loop containing .dependencyLoop.original
  in .dependencyLoop and .dependencyLoop.original
	at ptolemy.actor.util.CausalityInterfaceForComposites._computeOutputPortDepth(CausalityInterfaceForComposites.java:759)
	at ptolemy.actor.util.CausalityInterfaceForComposites._computeInputDepth(CausalityInterfaceForComposites.java:696)
	at ptolemy.actor.util.CausalityInterfaceForComposites._computeOutputPortDepth(CausalityInterfaceForComposites.java:765)
	at ptolemy.actor.util.CausalityInterfaceForComposites._computeInputDepth(CausalityInterfaceForComposites.java:696)
	at ptolemy.actor.util.CausalityInterfaceForComposites._computeOutputPortDepth(CausalityInterfaceForComposites.java:765)
	at ptolemy.actor.util.CausalityInterfaceForComposites._computeInputDepth(CausalityInterfaceForComposites.java:696)
	at ptolemy.actor.util.CausalityInterfaceForComposites._computeActorDepth(CausalityInterfaceForComposites.java:532)
	at ptolemy.actor.util.CausalityInterfaceForComposites.checkForCycles(CausalityInterfaceForComposites.java:96)
	at ptolemy.domains.de.kernel.DEDirector.preinitialize(DEDirector.java:1338)
	at ptolemy.actor.CompositeActor.preinitialize(CompositeActor.java:1828)
	at ptolemy.actor.Manager.preinitializeAndResolveTypes(Manager.java:1040)
	at ptolemy.actor.Manager.initialize(Manager.java:710)
	at ptolemy.actor.Manager.execute(Manager.java:356)
	at ptolemy.actor.Manager.run(Manager.java:1263)
	at ptolemy.actor.Manager$PtolemyRunThread.run(Manager.java:1933)

    while executing
ptolemy.kernel.util.IllegalActionException: Found a zero delay loop containing .dependencyLoop.original
  in .dependencyLoop and .dependencyLoop.original
    while executing
"java::new ptolemy.moml.MoMLSimpleApplication $file
"
    (procedure "createAndExecute" line 2)
    invoked from within
"createAndExecute $file"
    ("uplevel" body line 5)
    invoked from within
"uplevel $contents_of_test"
------------------ testing $PTII/ptolemy/domains/de/test/auto/knownFailedTests/FSMSource.xml (Known Failure) 
71 ms. Memory: 129024K Free: 111617K (87%)
!!!! Auto was marked as failing, but now passes
------------------ testing $PTII/ptolemy/domains/de/test/auto/knownFailedTests/HierarchicalModel.xml (Known Failure) 
6 ms. Memory: 129024K Free: 94217K (73%)


==== $PTIIhome/travis/build/icyphy/ptII/ptolemy/domains/de/test/../../../../: Auto Automatic test in file $PTII/ptolemy/domains/de/test/auto/knownFailedTests/HierarchicalModel.xml
==== Contents of test case:

	    # FIXME: we should use $relativeFilename here, but it
	    # might have backslashes under Windows, which causes no end
	    # of trouble.
	    createAndExecute $file
	    list {}
	
.... Test generated KNOWN error:
    while executing
ptolemy.kernel.util.IllegalActionException: Found a zero delay loop containing .HierarchicalModel.A
  in .HierarchicalModel and .HierarchicalModel.A
	at ptolemy.actor.util.CausalityInterfaceForComposites._computeOutputPortDepth(CausalityInterfaceForComposites.java:759)
	at ptolemy.actor.util.CausalityInterfaceForComposites._computeInputDepth(CausalityInterfaceForComposites.java:696)
	at ptolemy.actor.util.CausalityInterfaceForComposites._computeOutputPortDepth(CausalityInterfaceForComposites.java:765)
	at ptolemy.actor.util.CausalityInterfaceForComposites._computeInputDepth(CausalityInterfaceForComposites.java:696)
	at ptolemy.actor.util.CausalityInterfaceForComposites._computeOutputPortDepth(CausalityInterfaceForComposites.java:765)
	at ptolemy.actor.util.CausalityInterfaceForComposites._computeInputDepth(CausalityInterfaceForComposites.java:696)
	at ptolemy.actor.util.CausalityInterfaceForComposites._computeActorDepth(CausalityInterfaceForComposites.java:532)
	at ptolemy.actor.util.CausalityInterfaceForComposites.checkForCycles(CausalityInterfaceForComposites.java:96)
	at ptolemy.domains.de.kernel.DEDirector.preinitialize(DEDirector.java:1338)
	at ptolemy.actor.CompositeActor.preinitialize(CompositeActor.java:1828)
	at ptolemy.actor.Manager.preinitializeAndResolveTypes(Manager.java:1040)
	at ptolemy.actor.Manager.initialize(Manager.java:710)
	at ptolemy.actor.Manager.execute(Manager.java:356)
	at ptolemy.actor.Manager.run(Manager.java:1263)
	at ptolemy.actor.Manager$PtolemyRunThread.run(Manager.java:1933)

    while executing
ptolemy.kernel.util.IllegalActionException: Found a zero delay loop containing .HierarchicalModel.A
  in .HierarchicalModel and .HierarchicalModel.A
    while executing
"java::new ptolemy.moml.MoMLSimpleApplication $file
"
    (procedure "createAndExecute" line 2)
    invoked from within
"createAndExecute $file"
    ("uplevel" body line 5)
    invoked from within
"uplevel $contents_of_test"
------------------ testing $PTII/ptolemy/domains/de/test/auto/knownFailedTests/dependencyLoop2.xml (Known Failure) 
4 ms. Memory: 129024K Free: 77831K (60%)


==== $PTIIhome/travis/build/icyphy/ptII/ptolemy/domains/de/test/../../../../: Auto Automatic test in file $PTII/ptolemy/domains/de/test/auto/knownFailedTests/dependencyLoop2.xml
==== Contents of test case:

	    # FIXME: we should use $relativeFilename here, but it
	    # might have backslashes under Windows, which causes no end
	    # of trouble.
	    createAndExecute $file
	    list {}
	
.... Test generated KNOWN error:
    while executing
ptolemy.kernel.util.IllegalActionException: Found a zero delay loop containing .dependencyLoop2.original
  in .dependencyLoop2 and .dependencyLoop2.original
	at ptolemy.actor.util.CausalityInterfaceForComposites._computeOutputPortDepth(CausalityInterfaceForComposites.java:759)
	at ptolemy.actor.util.CausalityInterfaceForComposites._computeInputDepth(CausalityInterfaceForComposites.java:696)
	at ptolemy.actor.util.CausalityInterfaceForComposites._computeOutputPortDepth(CausalityInterfaceForComposites.java:765)
	at ptolemy.actor.util.CausalityInterfaceForComposites._computeInputDepth(CausalityInterfaceForComposites.java:696)
	at ptolemy.actor.util.CausalityInterfaceForComposites._computeOutputPortDepth(CausalityInterfaceForComposites.java:765)
	at ptolemy.actor.util.CausalityInterfaceForComposites._computeInputDepth(CausalityInterfaceForComposites.java:696)
	at ptolemy.actor.util.CausalityInterfaceForComposites._computeActorDepth(CausalityInterfaceForComposites.java:532)
	at ptolemy.actor.util.CausalityInterfaceForComposites.checkForCycles(CausalityInterfaceForComposites.java:96)
	at ptolemy.domains.de.kernel.DEDirector.preinitialize(DEDirector.java:1338)
	at ptolemy.actor.CompositeActor.preinitialize(CompositeActor.java:1828)
	at ptolemy.actor.Manager.preinitializeAndResolveTypes(Manager.java:1040)
	at ptolemy.actor.Manager.initialize(Manager.java:710)
	at ptolemy.actor.Manager.execute(Manager.java:356)
	at ptolemy.actor.Manager.run(Manager.java:1263)
	at ptolemy.actor.Manager$PtolemyRunThread.run(Manager.java:1933)

    while executing
ptolemy.kernel.util.IllegalActionException: Found a zero delay loop containing .dependencyLoop2.original
  in .dependencyLoop2 and .dependencyLoop2.original
    while executing
"java::new ptolemy.moml.MoMLSimpleApplication $file
"
    (procedure "createAndExecute" line 2)
    invoked from within
"createAndExecute $file"
    ("uplevel" body line 5)
    invoked from within
"uplevel $contents_of_test"
------------------ testing $PTII/ptolemy/domains/de/test/auto/knownFailedTests/DESDFClockTest.xml (Known Failure) 
2071 ms. Memory: 129024K Free: 108789K (84%)


==== $PTIIhome/travis/build/icyphy/ptII/ptolemy/domains/de/test/../../../../: Auto Automatic test in file $PTII/ptolemy/domains/de/test/auto/knownFailedTests/DESDFClockTest.xml
==== Contents of test case:

	    # FIXME: we should use $relativeFilename here, but it
	    # might have backslashes under Windows, which causes no end
	    # of trouble.
	    createAndExecute $file
	    list {}
	
.... Test generated KNOWN error:
    while executing
ptolemy.kernel.util.IllegalActionException: Actor is not ready to fire.  Perhaps UpSample.prefire() returned false? Try debugging the actor by selecting "Listen to Actor".  Also, for SDF check moml for tokenConsumptionRate on input.
  in .DESDFClockTest.Play Bell.Copy1:SDF Director and .DESDFClockTest.Play Bell.UpSample
	at ptolemy.actor.sched.StaticSchedulingDirector.fire(StaticSchedulingDirector.java:227)
	at ptolemy.domains.sdf.kernel.SDFDirector.fire(SDFDirector.java:500)
	at ptolemy.actor.CompositeActor.fire(CompositeActor.java:455)
	at ptolemy.domains.de.kernel.DEDirector._fire(DEDirector.java:1949)
	at ptolemy.domains.de.kernel.DEDirector.fire(DEDirector.java:502)
	at ptolemy.actor.CompositeActor.fire(CompositeActor.java:455)
	at ptolemy.actor.Manager.iterate(Manager.java:851)
	at ptolemy.actor.Manager.execute(Manager.java:369)
	at ptolemy.actor.Manager.run(Manager.java:1263)
	at ptolemy.actor.Manager$PtolemyRunThread.run(Manager.java:1933)

    while executing
ptolemy.kernel.util.IllegalActionException: Actor is not ready to fire.  Perhaps UpSample.prefire() returned false? Try debugging the actor by selecting "Listen to Actor".  Also, for SDF check moml for tokenConsumptionRate on input.
  in .DESDFClockTest.Play Bell.Copy1:SDF Director and .DESDFClockTest.Play Bell.UpSample
    while executing
"java::new ptolemy.moml.MoMLSimpleApplication $file
"
    (procedure "createAndExecute" line 2)
    invoked from within
"createAndExecute $file"
    ("uplevel" body line 5)
    invoked from within
"uplevel $contents_of_test"
------------------ testing $PTII/ptolemy/domains/de/test/auto/ActorDepthCalculation_actorWithoutPorts.xml
auto.tcl: Setting watchdog for 200 seconds at Thu Jul 02 14:55:19 UTC 2020
10 ms. Memory: 129024K Free: 101111K (78%)
ptolemy.util.test.WatchDog.cancel(): canceling Thu Jul 02 14:55:19 UTC 2020
auto.tcl: Setting watchdog for 200 seconds at Thu Jul 02 14:55:19 UTC 2020
9 ms. Memory: 129024K Free: 99567K (77%)
ptolemy.util.test.WatchDog.cancel(): canceling Thu Jul 02 14:55:19 UTC 2020
------------------ testing $PTII/ptolemy/domains/de/test/auto/AssemblyLine.xml
auto.tcl: Setting watchdog for 200 seconds at Thu Jul 02 14:55:20 UTC 2020
17 ms. Memory: 51200K Free: 27921K (55%)
ptolemy.util.test.WatchDog.cancel(): canceling Thu Jul 02 14:55:20 UTC 2020
auto.tcl: Setting watchdog for 200 seconds at Thu Jul 02 14:55:20 UTC 2020
7 ms. Memory: 51200K Free: 27268K (53%)
ptolemy.util.test.WatchDog.cancel(): canceling Thu Jul 02 14:55:20 UTC 2020
------------------ testing $PTII/ptolemy/domains/de/test/auto/CQBug1.xml
auto.tcl: Setting watchdog for 200 seconds at Thu Jul 02 14:55:20 UTC 2020
12 ms. Memory: 51200K Free: 33244K (65%)
ptolemy.util.test.WatchDog.cancel(): canceling Thu Jul 02 14:55:20 UTC 2020
auto.tcl: Setting watchdog for 200 seconds at Thu Jul 02 14:55:20 UTC 2020
2 ms. Memory: 51200K Free: 33244K (65%)
ptolemy.util.test.WatchDog.cancel(): canceling Thu Jul 02 14:55:20 UTC 2020
------------------ testing $PTII/ptolemy/domains/de/test/auto/CancelFireAt.xml
auto.tcl: Setting watchdog for 200 seconds at Thu Jul 02 14:55:20 UTC 2020
4 ms. Memory: 51200K Free: 34469K (67%)
ptolemy.util.test.WatchDog.cancel(): canceling Thu Jul 02 14:55:20 UTC 2020
auto.tcl: Setting watchdog for 200 seconds at Thu Jul 02 14:55:20 UTC 2020
2 ms. Memory: 51200K Free: 34001K (66%)
ptolemy.util.test.WatchDog.cancel(): canceling Thu Jul 02 14:55:20 UTC 2020
------------------ testing $PTII/ptolemy/domains/de/test/auto/CausalityAndComposabilityAnalysis.xml
auto.tcl: Setting watchdog for 200 seconds at Thu Jul 02 14:55:20 UTC 2020
10 ms. Memory: 48128K Free: 29379K (61%)
ptolemy.util.test.WatchDog.cancel(): canceling Thu Jul 02 14:55:20 UTC 2020
auto.tcl: Setting watchdog for 200 seconds at Thu Jul 02 14:55:20 UTC 2020
4 ms. Memory: 48128K Free: 28930K (60%)
ptolemy.util.test.WatchDog.cancel(): canceling Thu Jul 02 14:55:20 UTC 2020
------------------ testing $PTII/ptolemy/domains/de/test/auto/CausalityInterface1.xml
auto.tcl: Setting watchdog for 200 seconds at Thu Jul 02 14:55:20 UTC 2020
17 ms. Memory: 48128K Free: 28352K (59%)
ptolemy.util.test.WatchDog.cancel(): canceling Thu Jul 02 14:55:20 UTC 2020
auto.tcl: Setting watchdog for 200 seconds at Thu Jul 02 14:55:20 UTC 2020
7 ms. Memory: 48128K Free: 27370K (57%)
ptolemy.util.test.WatchDog.cancel(): canceling Thu Jul 02 14:55:20 UTC 2020
------------------ testing $PTII/ptolemy/domains/de/test/auto/CausalityInterface15.xml
auto.tcl: Setting watchdog for 200 seconds at Thu Jul 02 14:55:20 UTC 2020
16 ms. Memory: 48128K Free: 28408K (59%)
ptolemy.util.test.WatchDog.cancel(): canceling Thu Jul 02 14:55:21 UTC 2020
auto.tcl: Setting watchdog for 200 seconds at Thu Jul 02 14:55:21 UTC 2020
4 ms. Memory: 48128K Free: 27320K (57%)
ptolemy.util.test.WatchDog.cancel(): canceling Thu Jul 02 14:55:21 UTC 2020
------------------ testing $PTII/ptolemy/domains/de/test/auto/CausalityInterface2.xml
auto.tcl: Setting watchdog for 200 seconds at Thu Jul 02 14:55:21 UTC 2020
6 ms. Memory: 48128K Free: 29083K (60%)
ptolemy.util.test.WatchDog.cancel(): canceling Thu Jul 02 14:55:21 UTC 2020
auto.tcl: Setting watchdog for 200 seconds at Thu Jul 02 14:55:21 UTC 2020
3 ms. Memory: 48128K Free: 28340K (59%)
ptolemy.util.test.WatchDog.cancel(): canceling Thu Jul 02 14:55:21 UTC 2020
------------------ testing $PTII/ptolemy/domains/de/test/auto/CausalityInterface3.xml
auto.tcl: Setting watchdog for 200 seconds at Thu Jul 02 14:55:21 UTC 2020
9 ms. Memory: 48128K Free: 28487K (59%)
ptolemy.util.test.WatchDog.cancel(): canceling Thu Jul 02 14:55:21 UTC 2020
auto.tcl: Setting watchdog for 200 seconds at Thu Jul 02 14:55:21 UTC 2020
3 ms. Memory: 48128K Free: 28055K (58%)
ptolemy.util.test.WatchDog.cancel(): canceling Thu Jul 02 14:55:21 UTC 2020
------------------ testing $PTII/ptolemy/domains/de/test/auto/ClockDrift.xml
auto.tcl: Setting watchdog for 200 seconds at Thu Jul 02 14:55:21 UTC 2020
86 ms. Memory: 48128K Free: 20647K (43%)
ptolemy.util.test.WatchDog.cancel(): canceling Thu Jul 02 14:55:21 UTC 2020
auto.tcl: Setting watchdog for 200 seconds at Thu Jul 02 14:55:21 UTC 2020
61 ms. Memory: 48128K Free: 17687K (37%)
ptolemy.util.test.WatchDog.cancel(): canceling Thu Jul 02 14:55:21 UTC 2020
------------------ testing $PTII/ptolemy/domains/de/test/auto/ClockDriftAndValueChange.xml
auto.tcl: Setting watchdog for 200 seconds at Thu Jul 02 14:55:21 UTC 2020
37 ms. Memory: 48128K Free: 21201K (44%)
ptolemy.util.test.WatchDog.cancel(): canceling Thu Jul 02 14:55:21 UTC 2020
auto.tcl: Setting watchdog for 200 seconds at Thu Jul 02 14:55:21 UTC 2020
26 ms. Memory: 48128K Free: 18366K (38%)
ptolemy.util.test.WatchDog.cancel(): canceling Thu Jul 02 14:55:21 UTC 2020
------------------ testing $PTII/ptolemy/domains/de/test/auto/ClockDriftChange.xml
auto.tcl: Setting watchdog for 200 seconds at Thu Jul 02 14:55:21 UTC 2020
22 ms. Memory: 48128K Free: 23247K (48%)
ptolemy.util.test.WatchDog.cancel(): canceling Thu Jul 02 14:55:21 UTC 2020
auto.tcl: Setting watchdog for 200 seconds at Thu Jul 02 14:55:21 UTC 2020
24 ms. Memory: 48128K Free: 20666K (43%)
ptolemy.util.test.WatchDog.cancel(): canceling Thu Jul 02 14:55:21 UTC 2020
------------------ testing $PTII/ptolemy/domains/de/test/auto/ComposableCausalityAnalysis.xml
auto.tcl: Setting watchdog for 200 seconds at Thu Jul 02 14:55:21 UTC 2020
2 ms. Memory: 48128K Free: 27895K (58%)
ptolemy.util.test.WatchDog.cancel(): canceling Thu Jul 02 14:55:21 UTC 2020
auto.tcl: Setting watchdog for 200 seconds at Thu Jul 02 14:55:21 UTC 2020
4 ms. Memory: 48128K Free: 26848K (56%)
ptolemy.util.test.WatchDog.cancel(): canceling Thu Jul 02 14:55:21 UTC 2020
------------------ testing $PTII/ptolemy/domains/de/test/auto/DEFixedPointLimitation.xml
auto.tcl: Setting watchdog for 200 seconds at Thu Jul 02 14:55:21 UTC 2020
2 ms. Memory: 48128K Free: 29235K (61%)
ptolemy.util.test.WatchDog.cancel(): canceling Thu Jul 02 14:55:21 UTC 2020
auto.tcl: Setting watchdog for 200 seconds at Thu Jul 02 14:55:21 UTC 2020
1 ms. Memory: 48128K Free: 28310K (59%)
ptolemy.util.test.WatchDog.cancel(): canceling Thu Jul 02 14:55:21 UTC 2020
------------------ testing $PTII/ptolemy/domains/de/test/auto/DEScheduleTest.xml
auto.tcl: Setting watchdog for 200 seconds at Thu Jul 02 14:55:21 UTC 2020
7 ms. Memory: 48128K Free: 29544K (61%)
ptolemy.util.test.WatchDog.cancel(): canceling Thu Jul 02 14:55:21 UTC 2020
auto.tcl: Setting watchdog for 200 seconds at Thu Jul 02 14:55:21 UTC 2020
3 ms. Memory: 48128K Free: 28757K (60%)
ptolemy.util.test.WatchDog.cancel(): canceling Thu Jul 02 14:55:21 UTC 2020
------------------ testing $PTII/ptolemy/domains/de/test/auto/DEinDEwithStartTimes.xml
auto.tcl: Setting watchdog for 200 seconds at Thu Jul 02 14:55:21 UTC 2020
6 ms. Memory: 48128K Free: 27684K (58%)
ptolemy.util.test.WatchDog.cancel(): canceling Thu Jul 02 14:55:22 UTC 2020
auto.tcl: Setting watchdog for 200 seconds at Thu Jul 02 14:55:22 UTC 2020
4 ms. Memory: 48128K Free: 26660K (55%)
ptolemy.util.test.WatchDog.cancel(): canceling Thu Jul 02 14:55:22 UTC 2020
------------------ testing $PTII/ptolemy/domains/de/test/auto/DEinDEwithStartTimes2.xml
auto.tcl: Setting watchdog for 200 seconds at Thu Jul 02 14:55:22 UTC 2020
4 ms. Memory: 48128K Free: 26966K (56%)
ptolemy.util.test.WatchDog.cancel(): canceling Thu Jul 02 14:55:22 UTC 2020
auto.tcl: Setting watchdog for 200 seconds at Thu Jul 02 14:55:22 UTC 2020
7 ms. Memory: 48128K Free: 25610K (53%)
ptolemy.util.test.WatchDog.cancel(): canceling Thu Jul 02 14:55:22 UTC 2020
------------------ testing $PTII/ptolemy/domains/de/test/auto/DateDemo.xml
auto.tcl: Setting watchdog for 200 seconds at Thu Jul 02 14:55:22 UTC 2020
16 ms. Memory: 48128K Free: 21252K (44%)
ptolemy.util.test.WatchDog.cancel(): canceling Thu Jul 02 14:55:22 UTC 2020
auto.tcl: Setting watchdog for 200 seconds at Thu Jul 02 14:55:22 UTC 2020
6 ms. Memory: 48128K Free: 19649K (41%)
ptolemy.util.test.WatchDog.cancel(): canceling Thu Jul 02 14:55:22 UTC 2020
------------------ testing $PTII/ptolemy/domains/de/test/auto/DateToEvent.xml
auto.tcl: Setting watchdog for 200 seconds at Thu Jul 02 14:55:22 UTC 2020
2018 ms. Memory: 48128K Free: 17172K (36%)
ptolemy.util.test.WatchDog.cancel(): canceling Thu Jul 02 14:55:24 UTC 2020
auto.tcl: Setting watchdog for 200 seconds at Thu Jul 02 14:55:24 UTC 2020
2005 ms. Memory: 48128K Free: 16433K (34%)
ptolemy.util.test.WatchDog.cancel(): canceling Thu Jul 02 14:55:26 UTC 2020
------------------ testing $PTII/ptolemy/domains/de/test/auto/DepthTest1.xml
auto.tcl: Setting watchdog for 200 seconds at Thu Jul 02 14:55:26 UTC 2020
4 ms. Memory: 48128K Free: 30319K (63%)
ptolemy.util.test.WatchDog.cancel(): canceling Thu Jul 02 14:55:26 UTC 2020
auto.tcl: Setting watchdog for 200 seconds at Thu Jul 02 14:55:26 UTC 2020
2 ms. Memory: 48128K Free: 29898K (62%)
ptolemy.util.test.WatchDog.cancel(): canceling Thu Jul 02 14:55:26 UTC 2020
------------------ testing $PTII/ptolemy/domains/de/test/auto/DepthTest2.xml
auto.tcl: Setting watchdog for 200 seconds at Thu Jul 02 14:55:26 UTC 2020
12 ms. Memory: 48128K Free: 27218K (57%)
ptolemy.util.test.WatchDog.cancel(): canceling Thu Jul 02 14:55:26 UTC 2020
auto.tcl: Setting watchdog for 200 seconds at Thu Jul 02 14:55:26 UTC 2020
2 ms. Memory: 48128K Free: 26814K (56%)
ptolemy.util.test.WatchDog.cancel(): canceling Thu Jul 02 14:55:26 UTC 2020
------------------ testing $PTII/ptolemy/domains/de/test/auto/DepthTest3.xml
auto.tcl: Setting watchdog for 200 seconds at Thu Jul 02 14:55:26 UTC 2020
3 ms. Memory: 48128K Free: 30647K (64%)
ptolemy.util.test.WatchDog.cancel(): canceling Thu Jul 02 14:55:26 UTC 2020
auto.tcl: Setting watchdog for 200 seconds at Thu Jul 02 14:55:26 UTC 2020
2 ms. Memory: 48128K Free: 30226K (63%)
ptolemy.util.test.WatchDog.cancel(): canceling Thu Jul 02 14:55:26 UTC 2020
------------------ testing $PTII/ptolemy/domains/de/test/auto/DepthTest4.xml
auto.tcl: Setting watchdog for 200 seconds at Thu Jul 02 14:55:26 UTC 2020
6 ms. Memory: 48128K Free: 29004K (60%)
ptolemy.util.test.WatchDog.cancel(): canceling Thu Jul 02 14:55:26 UTC 2020
auto.tcl: Setting watchdog for 200 seconds at Thu Jul 02 14:55:26 UTC 2020
5 ms. Memory: 48128K Free: 28268K (59%)
ptolemy.util.test.WatchDog.cancel(): canceling Thu Jul 02 14:55:26 UTC 2020
------------------ testing $PTII/ptolemy/domains/de/test/auto/DepthTest5.xml
auto.tcl: Setting watchdog for 200 seconds at Thu Jul 02 14:55:26 UTC 2020
4 ms. Memory: 48128K Free: 28158K (59%)
ptolemy.util.test.WatchDog.cancel(): canceling Thu Jul 02 14:55:26 UTC 2020
auto.tcl: Setting watchdog for 200 seconds at Thu Jul 02 14:55:26 UTC 2020
2 ms. Memory: 48128K Free: 27755K (58%)
ptolemy.util.test.WatchDog.cancel(): canceling Thu Jul 02 14:55:26 UTC 2020
------------------ testing $PTII/ptolemy/domains/de/test/auto/DepthTest6.xml
auto.tcl: Setting watchdog for 200 seconds at Thu Jul 02 14:55:26 UTC 2020
4 ms. Memory: 48128K Free: 28082K (58%)
ptolemy.util.test.WatchDog.cancel(): canceling Thu Jul 02 14:55:26 UTC 2020
auto.tcl: Setting watchdog for 200 seconds at Thu Jul 02 14:55:26 UTC 2020
3 ms. Memory: 48128K Free: 27661K (57%)
ptolemy.util.test.WatchDog.cancel(): canceling Thu Jul 02 14:55:26 UTC 2020
------------------ testing $PTII/ptolemy/domains/de/test/auto/DepthTest7.xml
auto.tcl: Setting watchdog for 200 seconds at Thu Jul 02 14:55:26 UTC 2020
3 ms. Memory: 48128K Free: 28929K (60%)
ptolemy.util.test.WatchDog.cancel(): canceling Thu Jul 02 14:55:26 UTC 2020
auto.tcl: Setting watchdog for 200 seconds at Thu Jul 02 14:55:26 UTC 2020
3 ms. Memory: 48128K Free: 28179K (59%)
ptolemy.util.test.WatchDog.cancel(): canceling Thu Jul 02 14:55:26 UTC 2020
------------------ testing $PTII/ptolemy/domains/de/test/auto/EventToDate.xml
auto.tcl: Setting watchdog for 200 seconds at Thu Jul 02 14:55:26 UTC 2020
3009 ms. Memory: 48128K Free: 19744K (41%)
ptolemy.util.test.WatchDog.cancel(): canceling Thu Jul 02 14:55:29 UTC 2020
auto.tcl: Setting watchdog for 200 seconds at Thu Jul 02 14:55:29 UTC 2020
3003 ms. Memory: 48128K Free: 19000K (39%)
ptolemy.util.test.WatchDog.cancel(): canceling Thu Jul 02 14:55:32 UTC 2020
------------------ testing $PTII/ptolemy/domains/de/test/auto/FSM1.xml
auto.tcl: Setting watchdog for 200 seconds at Thu Jul 02 14:55:32 UTC 2020
43 ms. Memory: 48128K Free: 20913K (43%)
ptolemy.util.test.WatchDog.cancel(): canceling Thu Jul 02 14:55:33 UTC 2020
auto.tcl: Setting watchdog for 200 seconds at Thu Jul 02 14:55:33 UTC 2020
23 ms. Memory: 48128K Free: 17636K (37%)
ptolemy.util.test.WatchDog.cancel(): canceling Thu Jul 02 14:55:33 UTC 2020
------------------ testing $PTII/ptolemy/domains/de/test/auto/FSM7.xml
auto.tcl: Setting watchdog for 200 seconds at Thu Jul 02 14:55:33 UTC 2020
14 ms. Memory: 48128K Free: 20614K (43%)
ptolemy.util.test.WatchDog.cancel(): canceling Thu Jul 02 14:55:33 UTC 2020
auto.tcl: Setting watchdog for 200 seconds at Thu Jul 02 14:55:33 UTC 2020
22 ms. Memory: 48128K Free: 17506K (36%)
ptolemy.util.test.WatchDog.cancel(): canceling Thu Jul 02 14:55:33 UTC 2020
------------------ testing $PTII/ptolemy/domains/de/test/auto/Inspection.xml
auto.tcl: Setting watchdog for 200 seconds at Thu Jul 02 14:55:33 UTC 2020
38 ms. Memory: 48128K Free: 20662K (43%)
ptolemy.util.test.WatchDog.cancel(): canceling Thu Jul 02 14:55:33 UTC 2020
auto.tcl: Setting watchdog for 200 seconds at Thu Jul 02 14:55:33 UTC 2020
25 ms. Memory: 48128K Free: 18924K (39%)
ptolemy.util.test.WatchDog.cancel(): canceling Thu Jul 02 14:55:33 UTC 2020
------------------ testing $PTII/ptolemy/domains/de/test/auto/Iteration.xml
auto.tcl: Setting watchdog for 200 seconds at Thu Jul 02 14:55:33 UTC 2020
7 ms. Memory: 48128K Free: 26374K (55%)
ptolemy.util.test.WatchDog.cancel(): canceling Thu Jul 02 14:55:33 UTC 2020
auto.tcl: Setting watchdog for 200 seconds at Thu Jul 02 14:55:33 UTC 2020
7 ms. Memory: 48128K Free: 24962K (52%)
ptolemy.util.test.WatchDog.cancel(): canceling Thu Jul 02 14:55:33 UTC 2020
------------------ testing $PTII/ptolemy/domains/de/test/auto/LineFault.xml
auto.tcl: Setting watchdog for 200 seconds at Thu Jul 02 14:55:33 UTC 2020
660 ms. Memory: 48128K Free: 18465K (38%)
ptolemy.util.test.WatchDog.cancel(): canceling Thu Jul 02 14:55:34 UTC 2020
auto.tcl: Setting watchdog for 200 seconds at Thu Jul 02 14:55:34 UTC 2020
481 ms. Memory: 58368K Free: 37065K (64%)
ptolemy.util.test.WatchDog.cancel(): canceling Thu Jul 02 14:55:34 UTC 2020
------------------ testing $PTII/ptolemy/domains/de/test/auto/MergeModel1Add.xml
auto.tcl: Setting watchdog for 200 seconds at Thu Jul 02 14:55:34 UTC 2020
30 ms. Memory: 58368K Free: 22599K (39%)
ptolemy.util.test.WatchDog.cancel(): canceling Thu Jul 02 14:55:35 UTC 2020
auto.tcl: Setting watchdog for 200 seconds at Thu Jul 02 14:55:35 UTC 2020
11 ms. Memory: 58368K Free: 20940K (36%)
ptolemy.util.test.WatchDog.cancel(): canceling Thu Jul 02 14:55:35 UTC 2020
------------------ testing $PTII/ptolemy/domains/de/test/auto/MergeModel2Add.xml
auto.tcl: Setting watchdog for 200 seconds at Thu Jul 02 14:55:35 UTC 2020
9 ms. Memory: 51200K Free: 17268K (34%)
ptolemy.util.test.WatchDog.cancel(): canceling Thu Jul 02 14:55:35 UTC 2020
auto.tcl: Setting watchdog for 200 seconds at Thu Jul 02 14:55:35 UTC 2020
9 ms. Memory: 51200K Free: 15540K (30%)
ptolemy.util.test.WatchDog.cancel(): canceling Thu Jul 02 14:55:35 UTC 2020
------------------ testing $PTII/ptolemy/domains/de/test/auto/MergeModel3Add.xml
auto.tcl: Setting watchdog for 200 seconds at Thu Jul 02 14:55:35 UTC 2020
8 ms. Memory: 51200K Free: 17522K (34%)
ptolemy.util.test.WatchDog.cancel(): canceling Thu Jul 02 14:55:35 UTC 2020
auto.tcl: Setting watchdog for 200 seconds at Thu Jul 02 14:55:35 UTC 2020
10 ms. Memory: 51200K Free: 15969K (31%)
ptolemy.util.test.WatchDog.cancel(): canceling Thu Jul 02 14:55:35 UTC 2020
------------------ testing $PTII/ptolemy/domains/de/test/auto/MergeWithoutDiscard.xml
auto.tcl: Setting watchdog for 200 seconds at Thu Jul 02 14:55:35 UTC 2020
1 ms. Memory: 51200K Free: 31870K (62%)
ptolemy.util.test.WatchDog.cancel(): canceling Thu Jul 02 14:55:35 UTC 2020
auto.tcl: Setting watchdog for 200 seconds at Thu Jul 02 14:55:35 UTC 2020
1 ms. Memory: 51200K Free: 31439K (61%)
ptolemy.util.test.WatchDog.cancel(): canceling Thu Jul 02 14:55:35 UTC 2020
------------------ testing $PTII/ptolemy/domains/de/test/auto/Modal1.xml
auto.tcl: Setting watchdog for 200 seconds at Thu Jul 02 14:55:35 UTC 2020
16 ms. Memory: 51200K Free: 23982K (47%)
ptolemy.util.test.WatchDog.cancel(): canceling Thu Jul 02 14:55:35 UTC 2020
auto.tcl: Setting watchdog for 200 seconds at Thu Jul 02 14:55:35 UTC 2020
22 ms. Memory: 51200K Free: 20534K (40%)
ptolemy.util.test.WatchDog.cancel(): canceling Thu Jul 02 14:55:35 UTC 2020
------------------ testing $PTII/ptolemy/domains/de/test/auto/Modal2.xml
auto.tcl: Setting watchdog for 200 seconds at Thu Jul 02 14:55:35 UTC 2020
18 ms. Memory: 51200K Free: 24109K (47%)
ptolemy.util.test.WatchDog.cancel(): canceling Thu Jul 02 14:55:35 UTC 2020
auto.tcl: Setting watchdog for 200 seconds at Thu Jul 02 14:55:35 UTC 2020
19 ms. Memory: 51200K Free: 20848K (41%)
ptolemy.util.test.WatchDog.cancel(): canceling Thu Jul 02 14:55:35 UTC 2020
------------------ testing $PTII/ptolemy/domains/de/test/auto/Modal3.xml
auto.tcl: Setting watchdog for 200 seconds at Thu Jul 02 14:55:35 UTC 2020
16 ms. Memory: 51200K Free: 23818K (47%)
ptolemy.util.test.WatchDog.cancel(): canceling Thu Jul 02 14:55:35 UTC 2020
auto.tcl: Setting watchdog for 200 seconds at Thu Jul 02 14:55:35 UTC 2020
13 ms. Memory: 51200K Free: 20861K (41%)
ptolemy.util.test.WatchDog.cancel(): canceling Thu Jul 02 14:55:35 UTC 2020
------------------ testing $PTII/ptolemy/domains/de/test/auto/Modal4.xml
auto.tcl: Setting watchdog for 200 seconds at Thu Jul 02 14:55:35 UTC 2020
18 ms. Memory: 51200K Free: 22844K (45%)
ptolemy.util.test.WatchDog.cancel(): canceling Thu Jul 02 14:55:35 UTC 2020
auto.tcl: Setting watchdog for 200 seconds at Thu Jul 02 14:55:35 UTC 2020
15 ms. Memory: 51200K Free: 18813K (37%)
ptolemy.util.test.WatchDog.cancel(): canceling Thu Jul 02 14:55:35 UTC 2020
------------------ testing $PTII/ptolemy/domains/de/test/auto/Modal5.xml
auto.tcl: Setting watchdog for 200 seconds at Thu Jul 02 14:55:35 UTC 2020
15 ms. Memory: 51200K Free: 23037K (45%)
ptolemy.util.test.WatchDog.cancel(): canceling Thu Jul 02 14:55:35 UTC 2020
auto.tcl: Setting watchdog for 200 seconds at Thu Jul 02 14:55:35 UTC 2020
16 ms. Memory: 51200K Free: 19208K (38%)
ptolemy.util.test.WatchDog.cancel(): canceling Thu Jul 02 14:55:35 UTC 2020
------------------ testing $PTII/ptolemy/domains/de/test/auto/Modal6.xml
auto.tcl: Setting watchdog for 200 seconds at Thu Jul 02 14:55:35 UTC 2020
13 ms. Memory: 51200K Free: 23853K (47%)
ptolemy.util.test.WatchDog.cancel(): canceling Thu Jul 02 14:55:35 UTC 2020
auto.tcl: Setting watchdog for 200 seconds at Thu Jul 02 14:55:35 UTC 2020
13 ms. Memory: 51200K Free: 19857K (39%)
ptolemy.util.test.WatchDog.cancel(): canceling Thu Jul 02 14:55:36 UTC 2020
------------------ testing $PTII/ptolemy/domains/de/test/auto/Modal7.xml
auto.tcl: Setting watchdog for 200 seconds at Thu Jul 02 14:55:36 UTC 2020
16 ms. Memory: 51200K Free: 23020K (45%)
ptolemy.util.test.WatchDog.cancel(): canceling Thu Jul 02 14:55:36 UTC 2020
auto.tcl: Setting watchdog for 200 seconds at Thu Jul 02 14:55:36 UTC 2020
11 ms. Memory: 51200K Free: 19511K (38%)
ptolemy.util.test.WatchDog.cancel(): canceling Thu Jul 02 14:55:36 UTC 2020
------------------ testing $PTII/ptolemy/domains/de/test/auto/ModalModel.xml
auto.tcl: Setting watchdog for 200 seconds at Thu Jul 02 14:55:36 UTC 2020
206 ms. Memory: 51200K Free: 13359K (26%)
ptolemy.util.test.WatchDog.cancel(): canceling Thu Jul 02 14:55:36 UTC 2020
auto.tcl: Setting watchdog for 200 seconds at Thu Jul 02 14:55:36 UTC 2020
216 ms. Memory: 61440K Free: 17350K (28%)
ptolemy.util.test.WatchDog.cancel(): canceling Thu Jul 02 14:55:36 UTC 2020
------------------ testing $PTII/ptolemy/domains/de/test/auto/ModalSource.xml
auto.tcl: Setting watchdog for 200 seconds at Thu Jul 02 14:55:36 UTC 2020
11 ms. Memory: 51200K Free: 27883K (54%)
ptolemy.util.test.WatchDog.cancel(): canceling Thu Jul 02 14:55:36 UTC 2020
auto.tcl: Setting watchdog for 200 seconds at Thu Jul 02 14:55:36 UTC 2020
7 ms. Memory: 51200K Free: 25835K (50%)
ptolemy.util.test.WatchDog.cancel(): canceling Thu Jul 02 14:55:36 UTC 2020
------------------ testing $PTII/ptolemy/domains/de/test/auto/NonInterruptibleTimerZeroDelay.xml
auto.tcl: Setting watchdog for 200 seconds at Thu Jul 02 14:55:36 UTC 2020
4 ms. Memory: 51200K Free: 32826K (64%)
ptolemy.util.test.WatchDog.cancel(): canceling Thu Jul 02 14:55:36 UTC 2020
auto.tcl: Setting watchdog for 200 seconds at Thu Jul 02 14:55:36 UTC 2020
2 ms. Memory: 51200K Free: 32167K (63%)
ptolemy.util.test.WatchDog.cancel(): canceling Thu Jul 02 14:55:36 UTC 2020
------------------ testing $PTII/ptolemy/domains/de/test/auto/OpenQueueingNetwork.xml
auto.tcl: Setting watchdog for 200 seconds at Thu Jul 02 14:55:36 UTC 2020
2845 ms. Memory: 110592K Free: 77061K (70%)
ptolemy.util.test.WatchDog.cancel(): canceling Thu Jul 02 14:55:39 UTC 2020
auto.tcl: Setting watchdog for 200 seconds at Thu Jul 02 14:55:39 UTC 2020
2638 ms. Memory: 167936K Free: 127173K (76%)
ptolemy.util.test.WatchDog.cancel(): canceling Thu Jul 02 14:55:42 UTC 2020
------------------ testing $PTII/ptolemy/domains/de/test/auto/OpenQueuingNetwork.xml
auto.tcl: Setting watchdog for 200 seconds at Thu Jul 02 14:55:42 UTC 2020
230 ms. Memory: 55296K Free: 24453K (44%)
ptolemy.util.test.WatchDog.cancel(): canceling Thu Jul 02 14:55:42 UTC 2020
auto.tcl: Setting watchdog for 200 seconds at Thu Jul 02 14:55:42 UTC 2020
238 ms. Memory: 55296K Free: 32890K (59%)
ptolemy.util.test.WatchDog.cancel(): canceling Thu Jul 02 14:55:43 UTC 2020
------------------ testing $PTII/ptolemy/domains/de/test/auto/PeriodicSampler.xml
auto.tcl: Setting watchdog for 200 seconds at Thu Jul 02 14:55:43 UTC 2020
4 ms. Memory: 55296K Free: 36117K (65%)
ptolemy.util.test.WatchDog.cancel(): canceling Thu Jul 02 14:55:43 UTC 2020
auto.tcl: Setting watchdog for 200 seconds at Thu Jul 02 14:55:43 UTC 2020
2 ms. Memory: 55296K Free: 35597K (64%)
ptolemy.util.test.WatchDog.cancel(): canceling Thu Jul 02 14:55:43 UTC 2020
------------------ testing $PTII/ptolemy/domains/de/test/auto/PersistentIO.xml
auto.tcl: Setting watchdog for 200 seconds at Thu Jul 02 14:55:43 UTC 2020
12 ms. Memory: 55296K Free: 31042K (56%)
ptolemy.util.test.WatchDog.cancel(): canceling Thu Jul 02 14:55:43 UTC 2020
auto.tcl: Setting watchdog for 200 seconds at Thu Jul 02 14:55:43 UTC 2020
5 ms. Memory: 55296K Free: 29522K (53%)
ptolemy.util.test.WatchDog.cancel(): canceling Thu Jul 02 14:55:43 UTC 2020
------------------ testing $PTII/ptolemy/domains/de/test/auto/PortParameterResetOnInitialize.xml
auto.tcl: Setting watchdog for 200 seconds at Thu Jul 02 14:55:43 UTC 2020
8 ms. Memory: 51200K Free: 31918K (62%)
ptolemy.util.test.WatchDog.cancel(): canceling Thu Jul 02 14:55:43 UTC 2020
auto.tcl: Setting watchdog for 200 seconds at Thu Jul 02 14:55:43 UTC 2020
2 ms. Memory: 51200K Free: 31433K (61%)
ptolemy.util.test.WatchDog.cancel(): canceling Thu Jul 02 14:55:43 UTC 2020
------------------ testing $PTII/ptolemy/domains/de/test/auto/PortParameterUpdates.xml
auto.tcl: Setting watchdog for 200 seconds at Thu Jul 02 14:55:43 UTC 2020
3 ms. Memory: 51200K Free: 30028K (59%)
ptolemy.util.test.WatchDog.cancel(): canceling Thu Jul 02 14:55:43 UTC 2020
auto.tcl: Setting watchdog for 200 seconds at Thu Jul 02 14:55:43 UTC 2020
6 ms. Memory: 51200K Free: 29011K (57%)
ptolemy.util.test.WatchDog.cancel(): canceling Thu Jul 02 14:55:43 UTC 2020
------------------ testing $PTII/ptolemy/domains/de/test/auto/QueueAndServer.xml
auto.tcl: Setting watchdog for 200 seconds at Thu Jul 02 14:55:43 UTC 2020
5 ms. Memory: 51200K Free: 28906K (56%)
ptolemy.util.test.WatchDog.cancel(): canceling Thu Jul 02 14:55:43 UTC 2020
auto.tcl: Setting watchdog for 200 seconds at Thu Jul 02 14:55:43 UTC 2020
6 ms. Memory: 51200K Free: 27456K (54%)
ptolemy.util.test.WatchDog.cancel(): canceling Thu Jul 02 14:55:43 UTC 2020
------------------ testing $PTII/ptolemy/domains/de/test/auto/Records.xml
auto.tcl: Setting watchdog for 200 seconds at Thu Jul 02 14:55:43 UTC 2020
3 ms. Memory: 51200K Free: 31185K (61%)
ptolemy.util.test.WatchDog.cancel(): canceling Thu Jul 02 14:55:43 UTC 2020
auto.tcl: Setting watchdog for 200 seconds at Thu Jul 02 14:55:43 UTC 2020
3 ms. Memory: 51200K Free: 30679K (60%)
ptolemy.util.test.WatchDog.cancel(): canceling Thu Jul 02 14:55:43 UTC 2020
------------------ testing $PTII/ptolemy/domains/de/test/auto/ResetTransitionWithStartTime1.xml
auto.tcl: Setting watchdog for 200 seconds at Thu Jul 02 14:55:43 UTC 2020
11 ms. Memory: 51200K Free: 28429K (56%)
ptolemy.util.test.WatchDog.cancel(): canceling Thu Jul 02 14:55:43 UTC 2020
auto.tcl: Setting watchdog for 200 seconds at Thu Jul 02 14:55:43 UTC 2020
7 ms. Memory: 51200K Free: 25891K (51%)
ptolemy.util.test.WatchDog.cancel(): canceling Thu Jul 02 14:55:43 UTC 2020
------------------ testing $PTII/ptolemy/domains/de/test/auto/ResetTransitionWithStartTime2.xml
auto.tcl: Setting watchdog for 200 seconds at Thu Jul 02 14:55:43 UTC 2020
7 ms. Memory: 51200K Free: 28385K (55%)
ptolemy.util.test.WatchDog.cancel(): canceling Thu Jul 02 14:55:43 UTC 2020
auto.tcl: Setting watchdog for 200 seconds at Thu Jul 02 14:55:43 UTC 2020
6 ms. Memory: 51200K Free: 26337K (51%)
ptolemy.util.test.WatchDog.cancel(): canceling Thu Jul 02 14:55:43 UTC 2020
------------------ testing $PTII/ptolemy/domains/de/test/auto/ResetTransitionWithStartTime3.xml
auto.tcl: Setting watchdog for 200 seconds at Thu Jul 02 14:55:43 UTC 2020
6 ms. Memory: 51200K Free: 28383K (55%)
ptolemy.util.test.WatchDog.cancel(): canceling Thu Jul 02 14:55:43 UTC 2020
auto.tcl: Setting watchdog for 200 seconds at Thu Jul 02 14:55:43 UTC 2020
6 ms. Memory: 51200K Free: 26335K (51%)
ptolemy.util.test.WatchDog.cancel(): canceling Thu Jul 02 14:55:43 UTC 2020
------------------ testing $PTII/ptolemy/domains/de/test/auto/ResetTransitionWithStartTime4.xml
auto.tcl: Setting watchdog for 200 seconds at Thu Jul 02 14:55:43 UTC 2020
10 ms. Memory: 51200K Free: 28793K (56%)
ptolemy.util.test.WatchDog.cancel(): canceling Thu Jul 02 14:55:43 UTC 2020
auto.tcl: Setting watchdog for 200 seconds at Thu Jul 02 14:55:43 UTC 2020
4 ms. Memory: 51200K Free: 27374K (53%)
ptolemy.util.test.WatchDog.cancel(): canceling Thu Jul 02 14:55:43 UTC 2020
------------------ testing $PTII/ptolemy/domains/de/test/auto/ResettableTimer1.xml
auto.tcl: Setting watchdog for 200 seconds at Thu Jul 02 14:55:43 UTC 2020
3 ms. Memory: 51200K Free: 32460K (63%)
ptolemy.util.test.WatchDog.cancel(): canceling Thu Jul 02 14:55:43 UTC 2020
auto.tcl: Setting watchdog for 200 seconds at Thu Jul 02 14:55:43 UTC 2020
3 ms. Memory: 51200K Free: 31442K (61%)
ptolemy.util.test.WatchDog.cancel(): canceling Thu Jul 02 14:55:43 UTC 2020
------------------ testing $PTII/ptolemy/domains/de/test/auto/ResettableTimer2.xml
auto.tcl: Setting watchdog for 200 seconds at Thu Jul 02 14:55:43 UTC 2020
3 ms. Memory: 51200K Free: 32517K (64%)
ptolemy.util.test.WatchDog.cancel(): canceling Thu Jul 02 14:55:43 UTC 2020
auto.tcl: Setting watchdog for 200 seconds at Thu Jul 02 14:55:43 UTC 2020
2 ms. Memory: 51200K Free: 31523K (62%)
ptolemy.util.test.WatchDog.cancel(): canceling Thu Jul 02 14:55:43 UTC 2020
------------------ testing $PTII/ptolemy/domains/de/test/auto/ResettableTimer3.xml
auto.tcl: Setting watchdog for 200 seconds at Thu Jul 02 14:55:43 UTC 2020
1 ms. Memory: 51200K Free: 32524K (64%)
ptolemy.util.test.WatchDog.cancel(): canceling Thu Jul 02 14:55:43 UTC 2020
auto.tcl: Setting watchdog for 200 seconds at Thu Jul 02 14:55:43 UTC 2020
1 ms. Memory: 51200K Free: 32516K (64%)
ptolemy.util.test.WatchDog.cancel(): canceling Thu Jul 02 14:55:43 UTC 2020
------------------ testing $PTII/ptolemy/domains/de/test/auto/ResettableTimer4.xml
auto.tcl: Setting watchdog for 200 seconds at Thu Jul 02 14:55:44 UTC 2020
2 ms. Memory: 51200K Free: 32537K (64%)
ptolemy.util.test.WatchDog.cancel(): canceling Thu Jul 02 14:55:44 UTC 2020
auto.tcl: Setting watchdog for 200 seconds at Thu Jul 02 14:55:44 UTC 2020
1 ms. Memory: 51200K Free: 32039K (63%)
ptolemy.util.test.WatchDog.cancel(): canceling Thu Jul 02 14:55:44 UTC 2020
------------------ testing $PTII/ptolemy/domains/de/test/auto/ResettableTimer5.xml
auto.tcl: Setting watchdog for 200 seconds at Thu Jul 02 14:55:44 UTC 2020
2 ms. Memory: 51200K Free: 32014K (63%)
ptolemy.util.test.WatchDog.cancel(): canceling Thu Jul 02 14:55:44 UTC 2020
auto.tcl: Setting watchdog for 200 seconds at Thu Jul 02 14:55:44 UTC 2020
1 ms. Memory: 51200K Free: 31526K (62%)
ptolemy.util.test.WatchDog.cancel(): canceling Thu Jul 02 14:55:44 UTC 2020
------------------ testing $PTII/ptolemy/domains/de/test/auto/ResettableTimer6.xml
auto.tcl: Setting watchdog for 200 seconds at Thu Jul 02 14:55:44 UTC 2020
2 ms. Memory: 51200K Free: 31998K (62%)
ptolemy.util.test.WatchDog.cancel(): canceling Thu Jul 02 14:55:44 UTC 2020
auto.tcl: Setting watchdog for 200 seconds at Thu Jul 02 14:55:44 UTC 2020
2 ms. Memory: 51200K Free: 31494K (62%)
ptolemy.util.test.WatchDog.cancel(): canceling Thu Jul 02 14:55:44 UTC 2020
------------------ testing $PTII/ptolemy/domains/de/test/auto/ServerZeroDelay.xml
auto.tcl: Setting watchdog for 200 seconds at Thu Jul 02 14:55:44 UTC 2020
2 ms. Memory: 51200K Free: 32509K (63%)
ptolemy.util.test.WatchDog.cancel(): canceling Thu Jul 02 14:55:44 UTC 2020
auto.tcl: Setting watchdog for 200 seconds at Thu Jul 02 14:55:44 UTC 2020
3 ms. Memory: 51200K Free: 31499K (62%)
ptolemy.util.test.WatchDog.cancel(): canceling Thu Jul 02 14:55:44 UTC 2020
------------------ testing $PTII/ptolemy/domains/de/test/auto/SmartSender.xml
auto.tcl: Setting watchdog for 200 seconds at Thu Jul 02 14:55:44 UTC 2020
3002 ms. Memory: 51200K Free: 32504K (63%)
ptolemy.util.test.WatchDog.cancel(): canceling Thu Jul 02 14:55:47 UTC 2020
auto.tcl: Setting watchdog for 200 seconds at Thu Jul 02 14:55:47 UTC 2020
3001 ms. Memory: 51200K Free: 32014K (63%)
ptolemy.util.test.WatchDog.cancel(): canceling Thu Jul 02 14:55:50 UTC 2020
------------------ testing $PTII/ptolemy/domains/de/test/auto/ThreadedComposite.xml
auto.tcl: Setting watchdog for 200 seconds at Thu Jul 02 14:55:50 UTC 2020
400 ms. Memory: 51200K Free: 10500K (21%)
ptolemy.util.test.WatchDog.cancel(): canceling Thu Jul 02 14:55:50 UTC 2020
auto.tcl: Setting watchdog for 200 seconds at Thu Jul 02 14:55:50 UTC 2020
258 ms. Memory: 51200K Free: 15073K (29%)
ptolemy.util.test.WatchDog.cancel(): canceling Thu Jul 02 14:55:51 UTC 2020
------------------ testing $PTII/ptolemy/domains/de/test/auto/Time.xml
auto.tcl: Setting watchdog for 200 seconds at Thu Jul 02 14:55:51 UTC 2020
429 ms. Memory: 51200K Free: 34705K (68%)
ptolemy.util.test.WatchDog.cancel(): canceling Thu Jul 02 14:55:51 UTC 2020
auto.tcl: Setting watchdog for 200 seconds at Thu Jul 02 14:55:51 UTC 2020
392 ms. Memory: 51200K Free: 9217K (18%)
ptolemy.util.test.WatchDog.cancel(): canceling Thu Jul 02 14:55:51 UTC 2020
------------------ testing $PTII/ptolemy/domains/de/test/auto/TimeDelayZeroDelay.xml
auto.tcl: Setting watchdog for 200 seconds at Thu Jul 02 14:55:51 UTC 2020
3 ms. Memory: 51200K Free: 32433K (63%)
ptolemy.util.test.WatchDog.cancel(): canceling Thu Jul 02 14:55:51 UTC 2020
auto.tcl: Setting watchdog for 200 seconds at Thu Jul 02 14:55:51 UTC 2020
2 ms. Memory: 51200K Free: 31563K (62%)
ptolemy.util.test.WatchDog.cancel(): canceling Thu Jul 02 14:55:51 UTC 2020
------------------ testing $PTII/ptolemy/domains/de/test/auto/TimerZeroDelay.xml
auto.tcl: Setting watchdog for 200 seconds at Thu Jul 02 14:55:51 UTC 2020
3 ms. Memory: 51200K Free: 32863K (64%)
ptolemy.util.test.WatchDog.cancel(): canceling Thu Jul 02 14:55:52 UTC 2020
auto.tcl: Setting watchdog for 200 seconds at Thu Jul 02 14:55:52 UTC 2020
2 ms. Memory: 51200K Free: 32055K (63%)
ptolemy.util.test.WatchDog.cancel(): canceling Thu Jul 02 14:55:52 UTC 2020
------------------ testing $PTII/ptolemy/domains/de/test/auto/TimingParadox.xml
auto.tcl: Setting watchdog for 200 seconds at Thu Jul 02 14:55:52 UTC 2020
312 ms. Memory: 51200K Free: 19577K (38%)
ptolemy.util.test.WatchDog.cancel(): canceling Thu Jul 02 14:55:52 UTC 2020
auto.tcl: Setting watchdog for 200 seconds at Thu Jul 02 14:55:52 UTC 2020
308 ms. Memory: 61440K Free: 45208K (74%)
ptolemy.util.test.WatchDog.cancel(): canceling Thu Jul 02 14:55:52 UTC 2020
------------------ testing $PTII/ptolemy/domains/de/test/auto/TransferInputs.xml
auto.tcl: Setting watchdog for 200 seconds at Thu Jul 02 14:55:52 UTC 2020
2 ms. Memory: 58368K Free: 38109K (65%)
ptolemy.util.test.WatchDog.cancel(): canceling Thu Jul 02 14:55:52 UTC 2020
auto.tcl: Setting watchdog for 200 seconds at Thu Jul 02 14:55:52 UTC 2020
2 ms. Memory: 58368K Free: 37171K (64%)
ptolemy.util.test.WatchDog.cancel(): canceling Thu Jul 02 14:55:52 UTC 2020
------------------ testing $PTII/ptolemy/domains/de/test/auto/TransferOutputs2.xml
auto.tcl: Setting watchdog for 200 seconds at Thu Jul 02 14:55:52 UTC 2020
3 ms. Memory: 55296K Free: 32480K (59%)
ptolemy.util.test.WatchDog.cancel(): canceling Thu Jul 02 14:55:52 UTC 2020
auto.tcl: Setting watchdog for 200 seconds at Thu Jul 02 14:55:52 UTC 2020
2 ms. Memory: 55296K Free: 31028K (56%)
ptolemy.util.test.WatchDog.cancel(): canceling Thu Jul 02 14:55:52 UTC 2020
------------------ testing $PTII/ptolemy/domains/de/test/auto/Trilateration.xml
auto.tcl: Setting watchdog for 200 seconds at Thu Jul 02 14:55:52 UTC 2020
12531 ms. Memory: 489472K Free: 355169K (73%)
ptolemy.util.test.WatchDog.cancel(): canceling Thu Jul 02 14:56:06 UTC 2020
auto.tcl: Setting watchdog for 200 seconds at Thu Jul 02 14:56:06 UTC 2020
9088 ms. Memory: 489472K Free: 350744K (72%)
ptolemy.util.test.WatchDog.cancel(): canceling Thu Jul 02 14:56:15 UTC 2020
------------------ testing $PTII/ptolemy/domains/de/test/auto/TwoSigmaDelta.xml
auto.tcl: Setting watchdog for 200 seconds at Thu Jul 02 14:56:15 UTC 2020
2214 ms. Memory: 92160K Free: 39810K (43%)
ptolemy.util.test.WatchDog.cancel(): canceling Thu Jul 02 14:56:18 UTC 2020
auto.tcl: Setting watchdog for 200 seconds at Thu Jul 02 14:56:18 UTC 2020
1619 ms. Memory: 92160K Free: 46534K (50%)
ptolemy.util.test.WatchDog.cancel(): canceling Thu Jul 02 14:56:19 UTC 2020
------------------ testing $PTII/ptolemy/domains/de/test/auto/VariableDelay.xml
auto.tcl: Setting watchdog for 200 seconds at Thu Jul 02 14:56:19 UTC 2020
3 ms. Memory: 55296K Free: 35525K (64%)
ptolemy.util.test.WatchDog.cancel(): canceling Thu Jul 02 14:56:19 UTC 2020
auto.tcl: Setting watchdog for 200 seconds at Thu Jul 02 14:56:19 UTC 2020
3 ms. Memory: 55296K Free: 34515K (62%)
ptolemy.util.test.WatchDog.cancel(): canceling Thu Jul 02 14:56:19 UTC 2020
------------------ testing $PTII/ptolemy/domains/de/test/auto/VariableDelay2.xml
auto.tcl: Setting watchdog for 200 seconds at Thu Jul 02 14:56:19 UTC 2020
7 ms. Memory: 51200K Free: 32455K (63%)
ptolemy.util.test.WatchDog.cancel(): canceling Thu Jul 02 14:56:19 UTC 2020
auto.tcl: Setting watchdog for 200 seconds at Thu Jul 02 14:56:19 UTC 2020
3 ms. Memory: 51200K Free: 31332K (61%)
ptolemy.util.test.WatchDog.cancel(): canceling Thu Jul 02 14:56:19 UTC 2020
------------------ testing $PTII/ptolemy/domains/de/test/auto/VariableDelayZeroDelay.xml
auto.tcl: Setting watchdog for 200 seconds at Thu Jul 02 14:56:19 UTC 2020
2 ms. Memory: 51200K Free: 32454K (63%)
ptolemy.util.test.WatchDog.cancel(): canceling Thu Jul 02 14:56:19 UTC 2020
auto.tcl: Setting watchdog for 200 seconds at Thu Jul 02 14:56:19 UTC 2020
2 ms. Memory: 51200K Free: 31858K (62%)
ptolemy.util.test.WatchDog.cancel(): canceling Thu Jul 02 14:56:19 UTC 2020
------------------ testing $PTII/ptolemy/domains/de/test/auto/VariableDelayZeroDelay2.xml
auto.tcl: Setting watchdog for 200 seconds at Thu Jul 02 14:56:19 UTC 2020
3 ms. Memory: 51200K Free: 32354K (63%)
ptolemy.util.test.WatchDog.cancel(): canceling Thu Jul 02 14:56:19 UTC 2020
auto.tcl: Setting watchdog for 200 seconds at Thu Jul 02 14:56:19 UTC 2020
2 ms. Memory: 51200K Free: 31363K (61%)
ptolemy.util.test.WatchDog.cancel(): canceling Thu Jul 02 14:56:19 UTC 2020
------------------ testing $PTII/ptolemy/domains/de/test/auto/deInCt.xml
auto.tcl: Setting watchdog for 200 seconds at Thu Jul 02 14:56:20 UTC 2020
0
1
1
1
0
0
0
0
0
0
1
1
1
0
0
0
0
1
1
1
0
0
0
1
1
1
0
0
0
1
1
0
0
0
1
1
1
1
11 ms. Memory: 51200K Free: 31328K (61%)
ptolemy.util.test.WatchDog.cancel(): canceling Thu Jul 02 14:56:20 UTC 2020
auto.tcl: Setting watchdog for 200 seconds at Thu Jul 02 14:56:20 UTC 2020
0
1
1
1
0
0
0
1
1
1
0
0
1
1
1
1
0
0
0
0
0
1
1
0
0
0
0
1
1
1
0
0
0
1
1
0
0
0
1
1
1
1
5 ms. Memory: 51200K Free: 29807K (58%)
ptolemy.util.test.WatchDog.cancel(): canceling Thu Jul 02 14:56:20 UTC 2020
------------------ testing $PTII/ptolemy/domains/de/test/auto/deInCt2.xml
auto.tcl: Setting watchdog for 200 seconds at Thu Jul 02 14:56:20 UTC 2020
0
1
1
1
0
0
1
1
1
0
0
1
1
1
0
0
1
1
1
0
0
1
1
1
0
0
1
1
1
0
0
1
1
1
0
0
1
1
1
0
0
0
6 ms. Memory: 51200K Free: 31406K (61%)
ptolemy.util.test.WatchDog.cancel(): canceling Thu Jul 02 14:56:20 UTC 2020
auto.tcl: Setting watchdog for 200 seconds at Thu Jul 02 14:56:20 UTC 2020
0
1
1
1
0
0
1
1
1
0
0
1
1
1
0
0
1
1
1
0
0
1
1
1
0
0
1
1
1
0
0
1
1
1
0
0
1
1
1
0
0
0
7 ms. Memory: 51200K Free: 29810K (58%)
ptolemy.util.test.WatchDog.cancel(): canceling Thu Jul 02 14:56:20 UTC 2020
------------------ testing $PTII/ptolemy/domains/de/test/auto/dynamicCausalityInterface1.xml
auto.tcl: Setting watchdog for 200 seconds at Thu Jul 02 14:56:20 UTC 2020
1 ms. Memory: 51200K Free: 27229K (53%)
ptolemy.util.test.WatchDog.cancel(): canceling Thu Jul 02 14:56:20 UTC 2020
auto.tcl: Setting watchdog for 200 seconds at Thu Jul 02 14:56:20 UTC 2020
1 ms. Memory: 51200K Free: 26733K (52%)
ptolemy.util.test.WatchDog.cancel(): canceling Thu Jul 02 14:56:20 UTC 2020
------------------ testing $PTII/ptolemy/domains/de/test/auto/fsm_de_test.xml
auto.tcl: Setting watchdog for 200 seconds at Thu Jul 02 14:56:20 UTC 2020
7 ms. Memory: 51200K Free: 27127K (53%)
ptolemy.util.test.WatchDog.cancel(): canceling Thu Jul 02 14:56:20 UTC 2020
auto.tcl: Setting watchdog for 200 seconds at Thu Jul 02 14:56:20 UTC 2020
5 ms. Memory: 51200K Free: 25079K (49%)
ptolemy.util.test.WatchDog.cancel(): canceling Thu Jul 02 14:56:20 UTC 2020
------------------ testing $PTII/ptolemy/domains/de/test/auto/functionDependencyReconstruction.xml
auto.tcl: Setting watchdog for 200 seconds at Thu Jul 02 14:56:20 UTC 2020
9 ms. Memory: 51200K Free: 20972K (41%)
ptolemy.util.test.WatchDog.cancel(): canceling Thu Jul 02 14:56:20 UTC 2020
auto.tcl: Setting watchdog for 200 seconds at Thu Jul 02 14:56:20 UTC 2020
4 ms. Memory: 51200K Free: 18928K (37%)
ptolemy.util.test.WatchDog.cancel(): canceling Thu Jul 02 14:56:20 UTC 2020
------------------ testing $PTII/ptolemy/domains/de/test/auto/multirate.xml
auto.tcl: Setting watchdog for 200 seconds at Thu Jul 02 14:56:20 UTC 2020
3 ms. Memory: 51200K Free: 29760K (58%)
ptolemy.util.test.WatchDog.cancel(): canceling Thu Jul 02 14:56:20 UTC 2020
auto.tcl: Setting watchdog for 200 seconds at Thu Jul 02 14:56:20 UTC 2020
3 ms. Memory: 51200K Free: 28032K (55%)
ptolemy.util.test.WatchDog.cancel(): canceling Thu Jul 02 14:56:20 UTC 2020
------------------ testing $PTII/ptolemy/domains/de/test/auto/multirate2.xml
auto.tcl: Setting watchdog for 200 seconds at Thu Jul 02 14:56:20 UTC 2020
3 ms. Memory: 51200K Free: 29724K (58%)
ptolemy.util.test.WatchDog.cancel(): canceling Thu Jul 02 14:56:20 UTC 2020
auto.tcl: Setting watchdog for 200 seconds at Thu Jul 02 14:56:20 UTC 2020
3 ms. Memory: 51200K Free: 28204K (55%)
ptolemy.util.test.WatchDog.cancel(): canceling Thu Jul 02 14:56:20 UTC 2020
------------------ testing $PTII/ptolemy/domains/de/test/auto/realtime.xml
auto.tcl: Setting watchdog for 200 seconds at Thu Jul 02 14:56:20 UTC 2020
10001 ms. Memory: 51200K Free: 32009K (63%)
ptolemy.util.test.WatchDog.cancel(): canceling Thu Jul 02 14:56:30 UTC 2020
auto.tcl: Setting watchdog for 200 seconds at Thu Jul 02 14:56:30 UTC 2020
10002 ms. Memory: 51200K Free: 31274K (61%)
ptolemy.util.test.WatchDog.cancel(): canceling Thu Jul 02 14:56:40 UTC 2020
------------------ testing $PTII/ptolemy/domains/de/test/auto/relationGroup.xml
auto.tcl: Setting watchdog for 200 seconds at Thu Jul 02 14:56:40 UTC 2020
2 ms. Memory: 51200K Free: 33089K (65%)
ptolemy.util.test.WatchDog.cancel(): canceling Thu Jul 02 14:56:40 UTC 2020
auto.tcl: Setting watchdog for 200 seconds at Thu Jul 02 14:56:40 UTC 2020
2 ms. Memory: 51200K Free: 32354K (63%)
ptolemy.util.test.WatchDog.cancel(): canceling Thu Jul 02 14:56:40 UTC 2020
------------------ testing $PTII/ptolemy/domains/de/test/auto/relationGroup2.xml
auto.tcl: Setting watchdog for 200 seconds at Thu Jul 02 14:56:40 UTC 2020
1 ms. Memory: 51200K Free: 32889K (64%)
ptolemy.util.test.WatchDog.cancel(): canceling Thu Jul 02 14:56:40 UTC 2020
auto.tcl: Setting watchdog for 200 seconds at Thu Jul 02 14:56:40 UTC 2020
2 ms. Memory: 51200K Free: 31886K (62%)
ptolemy.util.test.WatchDog.cancel(): canceling Thu Jul 02 14:56:40 UTC 2020
------------------ testing $PTII/ptolemy/domains/de/test/auto/sortWithOpaquePorts.xml
auto.tcl: Setting watchdog for 200 seconds at Thu Jul 02 14:56:40 UTC 2020
1 ms. Memory: 51200K Free: 31863K (62%)
ptolemy.util.test.WatchDog.cancel(): canceling Thu Jul 02 14:56:40 UTC 2020
auto.tcl: Setting watchdog for 200 seconds at Thu Jul 02 14:56:40 UTC 2020
2 ms. Memory: 51200K Free: 30846K (60%)
ptolemy.util.test.WatchDog.cancel(): canceling Thu Jul 02 14:56:40 UTC 2020
------------------ testing $PTII/ptolemy/domains/de/test/auto/transferInputsandOutputs.xml
auto.tcl: Setting watchdog for 200 seconds at Thu Jul 02 14:56:40 UTC 2020
1 ms. Memory: 51200K Free: 29296K (57%)
ptolemy.util.test.WatchDog.cancel(): canceling Thu Jul 02 14:56:40 UTC 2020
auto.tcl: Setting watchdog for 200 seconds at Thu Jul 02 14:56:40 UTC 2020
2 ms. Memory: 51200K Free: 28311K (55%)
ptolemy.util.test.WatchDog.cancel(): canceling Thu Jul 02 14:56:40 UTC 2020
------------------ testing $PTII/ptolemy/domains/de/test/auto/triggerType.xml
auto.tcl: Setting watchdog for 200 seconds at Thu Jul 02 14:56:40 UTC 2020
1 ms. Memory: 51200K Free: 32321K (63%)
ptolemy.util.test.WatchDog.cancel(): canceling Thu Jul 02 14:56:40 UTC 2020
auto.tcl: Setting watchdog for 200 seconds at Thu Jul 02 14:56:40 UTC 2020
2 ms. Memory: 51200K Free: 31320K (61%)
ptolemy.util.test.WatchDog.cancel(): canceling Thu Jul 02 14:56:40 UTC 2020
07/02/20 02:56:40
Failed: 0  Total Tests: 192  ((Passed: 187, Newly Passed: 1)  Known Failed: 5) /home/travis/build/icyphy/ptII/ptolemy/domains/de/test
07/02/20 02:56:40
Failed: 0  Total Tests: 192  ((Passed: 187, Newly Passed: 1)  Known Failed: 5) /home/travis/build/icyphy/ptII/ptolemy/domains/de/test
----------------- testing (KnownFailure) /home/travis/build/icyphy/ptII/ptolemy/domains/de/test/auto/knownFailedTests/DESDFClockTest.xml
2013 ms. Memory: 51200K Free: 25716K (50%)
Known Failure: java.lang.reflect.InvocationTargetException
----------------- testing (KnownFailure) /home/travis/build/icyphy/ptII/ptolemy/domains/de/test/auto/knownFailedTests/DirectFeedback.xml
2 ms. Memory: 51200K Free: 21620K (42%)
Known Failure: java.lang.reflect.InvocationTargetException
----------------- testing (KnownFailure) /home/travis/build/icyphy/ptII/ptolemy/domains/de/test/auto/knownFailedTests/FSMSource.xml
17 ms. Memory: 51200K Free: 13414K (26%)
----------------- testing (KnownFailure) /home/travis/build/icyphy/ptII/ptolemy/domains/de/test/auto/knownFailedTests/HierarchicalModel.xml
3 ms. Memory: 51200K Free: 26464K (52%)
Known Failure: java.lang.reflect.InvocationTargetException
----------------- testing (KnownFailure) /home/travis/build/icyphy/ptII/ptolemy/domains/de/test/auto/knownFailedTests/dependencyLoop.xml
2 ms. Memory: 51200K Free: 11104K (22%)
Known Failure: java.lang.reflect.InvocationTargetException
----------------- testing (KnownFailure) /home/travis/build/icyphy/ptII/ptolemy/domains/de/test/auto/knownFailedTests/dependencyLoop2.xml
7 ms. Memory: 51200K Free: 24830K (48%)
Known Failure: java.lang.reflect.InvocationTargetException
No auto/linux-amd64/*.xml tests in /home/travis/build/icyphy/ptII/ptolemy/domains/de/test
AutoTests.java: About to close Vertx.
AutoTests.java: Vertx closed.

===========================================================================================
----------------- testing Thu Jul 02 14:56:43 UTC 2020 /home/travis/build/icyphy/ptII/ptolemy/domains/de/test/auto/ActorDepthCalculation_actorWithoutPorts.xml
----------------- Instantiating /home/travis/build/icyphy/ptII/ptolemy/domains/de/test/auto/ActorDepthCalculation_actorWithoutPorts.xml
3 ms. Memory: 51200K Free: 17917K (35%)
----------------- Invoking toplevel() on ptolemy.moml.MoMLSimpleApplication@7e9ec30f
----------------- Done invoking toplevel() on ptolemy.moml.MoMLSimpleApplication@7e9ec30f
reloadAllAccessors: .ActorDepthCalculation_actorWithoutPorts

===========================================================================================
----------------- testing Thu Jul 02 14:56:43 UTC 2020 /home/travis/build/icyphy/ptII/ptolemy/domains/de/test/auto/AssemblyLine.xml
----------------- Instantiating /home/travis/build/icyphy/ptII/ptolemy/domains/de/test/auto/AssemblyLine.xml
3 ms. Memory: 51200K Free: 10781K (21%)
----------------- Invoking toplevel() on ptolemy.moml.MoMLSimpleApplication@718f393e
----------------- Done invoking toplevel() on ptolemy.moml.MoMLSimpleApplication@718f393e
reloadAllAccessors: .AssemblyLine

===========================================================================================
----------------- testing Thu Jul 02 14:56:43 UTC 2020 /home/travis/build/icyphy/ptII/ptolemy/domains/de/test/auto/CQBug1.xml
----------------- Instantiating /home/travis/build/icyphy/ptII/ptolemy/domains/de/test/auto/CQBug1.xml
0 ms. Memory: 51200K Free: 7988K (16%)
----------------- Invoking toplevel() on ptolemy.moml.MoMLSimpleApplication@32a90426
----------------- Done invoking toplevel() on ptolemy.moml.MoMLSimpleApplication@32a90426
reloadAllAccessors: .CQBug1

===========================================================================================
----------------- testing Thu Jul 02 14:56:43 UTC 2020 /home/travis/build/icyphy/ptII/ptolemy/domains/de/test/auto/CancelFireAt.xml
----------------- Instantiating /home/travis/build/icyphy/ptII/ptolemy/domains/de/test/auto/CancelFireAt.xml
1 ms. Memory: 51200K Free: 34425K (67%)
----------------- Invoking toplevel() on ptolemy.moml.MoMLSimpleApplication@75701027
----------------- Done invoking toplevel() on ptolemy.moml.MoMLSimpleApplication@75701027
reloadAllAccessors: .CancelFireAt

===========================================================================================
----------------- testing Thu Jul 02 14:56:43 UTC 2020 /home/travis/build/icyphy/ptII/ptolemy/domains/de/test/auto/CausalityAndComposabilityAnalysis.xml
----------------- Instantiating /home/travis/build/icyphy/ptII/ptolemy/domains/de/test/auto/CausalityAndComposabilityAnalysis.xml
2 ms. Memory: 51200K Free: 30150K (59%)
----------------- Invoking toplevel() on ptolemy.moml.MoMLSimpleApplication@4534517d
----------------- Done invoking toplevel() on ptolemy.moml.MoMLSimpleApplication@4534517d
reloadAllAccessors: .CausalityAndComposabilityAnalysis

===========================================================================================
----------------- testing Thu Jul 02 14:56:43 UTC 2020 /home/travis/build/icyphy/ptII/ptolemy/domains/de/test/auto/CausalityInterface1.xml
----------------- Instantiating /home/travis/build/icyphy/ptII/ptolemy/domains/de/test/auto/CausalityInterface1.xml
5 ms. Memory: 51200K Free: 25006K (49%)
----------------- Invoking toplevel() on ptolemy.moml.MoMLSimpleApplication@282cc7d8
----------------- Done invoking toplevel() on ptolemy.moml.MoMLSimpleApplication@282cc7d8
reloadAllAccessors: .CausalityInterface1

===========================================================================================
----------------- testing Thu Jul 02 14:56:43 UTC 2020 /home/travis/build/icyphy/ptII/ptolemy/domains/de/test/auto/CausalityInterface15.xml
----------------- Instantiating /home/travis/build/icyphy/ptII/ptolemy/domains/de/test/auto/CausalityInterface15.xml
2 ms. Memory: 51200K Free: 19490K (38%)
----------------- Invoking toplevel() on ptolemy.moml.MoMLSimpleApplication@4f4aba6d
----------------- Done invoking toplevel() on ptolemy.moml.MoMLSimpleApplication@4f4aba6d
reloadAllAccessors: .CausalityInterface15

===========================================================================================
----------------- testing Thu Jul 02 14:56:43 UTC 2020 /home/travis/build/icyphy/ptII/ptolemy/domains/de/test/auto/CausalityInterface2.xml
----------------- Instantiating /home/travis/build/icyphy/ptII/ptolemy/domains/de/test/auto/CausalityInterface2.xml
1 ms. Memory: 51200K Free: 14828K (29%)
[...]
	at ptolemy.actor.Manager.run(Manager.java:1263)
	at ptolemy.actor.Manager$PtolemyRunThread.run(Manager.java:1933)
java.lang.RuntimeException: Execution failed
	at ptolemy.moml.MoMLSimpleApplication$UnloadThread.run(MoMLSimpleApplication.java:402)
Caused by: ptolemy.kernel.util.IllegalActionException: Actor is not ready to fire.  Perhaps UpSample.prefire() returned false? Try debugging the actor by selecting "Listen to Actor".  Also, for SDF check moml for tokenConsumptionRate on input.
  in .DESDFClockTest.Play Bell.Copy1:SDF Director and .DESDFClockTest.Play Bell.UpSample
	at ptolemy.actor.sched.StaticSchedulingDirector.fire(StaticSchedulingDirector.java:227)
	at ptolemy.domains.sdf.kernel.SDFDirector.fire(SDFDirector.java:500)
	at ptolemy.actor.CompositeActor.fire(CompositeActor.java:455)
	at ptolemy.domains.de.kernel.DEDirector._fire(DEDirector.java:1949)
	at ptolemy.domains.de.kernel.DEDirector.fire(DEDirector.java:502)
	at ptolemy.actor.CompositeActor.fire(CompositeActor.java:455)
	at ptolemy.actor.Manager.iterate(Manager.java:851)
	at ptolemy.actor.Manager.execute(Manager.java:369)
	at ptolemy.actor.Manager.run(Manager.java:1263)
	at ptolemy.actor.Manager$PtolemyRunThread.run(Manager.java:1933)
java.lang.reflect.InvocationTargetException
	at java.base/jdk.internal.reflect.NativeConstructorAccessorImpl.newInstance0(Native Method)
	at java.base/jdk.internal.reflect.NativeConstructorAccessorImpl.newInstance(NativeConstructorAccessorImpl.java:62)
	at java.base/jdk.internal.reflect.DelegatingConstructorAccessorImpl.newInstance(DelegatingConstructorAccessorImpl.java:45)
	at java.base/java.lang.reflect.Constructor.newInstance(Constructor.java:490)
	at ptolemy.util.test.junit.AutoKnownFailedTests.RunModel(AutoKnownFailedTests.java:105)
	at java.base/jdk.internal.reflect.NativeMethodAccessorImpl.invoke0(Native Method)
	at java.base/jdk.internal.reflect.NativeMethodAccessorImpl.invoke(NativeMethodAccessorImpl.java:62)
	at java.base/jdk.internal.reflect.DelegatingMethodAccessorImpl.invoke(DelegatingMethodAccessorImpl.java:43)
	at java.base/java.lang.reflect.Method.invoke(Method.java:566)
	at org.junit.runners.model.FrameworkMethod$1.runReflectiveCall(FrameworkMethod.java:44)
	at org.junit.internal.runners.model.ReflectiveCallable.run(ReflectiveCallable.java:15)
	at org.junit.runners.model.FrameworkMethod.invokeExplosively(FrameworkMethod.java:41)
	at junitparams.internal.InvokeParameterisedMethod.evaluate(InvokeParameterisedMethod.java:102)
	at org.junit.internal.runners.statements.FailOnTimeout$1.run(FailOnTimeout.java:28)
Caused by: ptolemy.kernel.util.IllegalActionException: Actor is not ready to fire.  Perhaps UpSample.prefire() returned false? Try debugging the actor by selecting "Listen to Actor".  Also, for SDF check moml for tokenConsumptionRate on input.
  in .DESDFClockTest.Play Bell.Copy1:SDF Director and .DESDFClockTest.Play Bell.UpSample
	at ptolemy.actor.sched.StaticSchedulingDirector.fire(StaticSchedulingDirector.java:227)
	at ptolemy.domains.sdf.kernel.SDFDirector.fire(SDFDirector.java:500)
	at ptolemy.actor.CompositeActor.fire(CompositeActor.java:455)
	at ptolemy.domains.de.kernel.DEDirector._fire(DEDirector.java:1949)
	at ptolemy.domains.de.kernel.DEDirector.fire(DEDirector.java:502)
	at ptolemy.actor.CompositeActor.fire(CompositeActor.java:455)
	at ptolemy.actor.Manager.iterate(Manager.java:851)
	at ptolemy.actor.Manager.execute(Manager.java:369)
	at ptolemy.actor.Manager.run(Manager.java:1263)
	at ptolemy.actor.Manager$PtolemyRunThread.run(Manager.java:1933)
java.lang.RuntimeException: Execution failed
	at ptolemy.moml.MoMLSimpleApplication$UnloadThread.run(MoMLSimpleApplication.java:402)
Caused by: ptolemy.kernel.util.IllegalActionException: Test fails in iteration 1.
Value was: 1.0. Should have been: 2.0
  in .DirectFeedback.Test
	at ptolemy.actor.lib.Test.fire(Test.java:268)
	at ptolemy.domains.de.kernel.DEDirector._fire(DEDirector.java:1949)
	at ptolemy.domains.de.kernel.DEDirector.fire(DEDirector.java:502)
	at ptolemy.actor.CompositeActor.fire(CompositeActor.java:455)
	at ptolemy.actor.Manager.iterate(Manager.java:851)
	at ptolemy.actor.Manager.execute(Manager.java:369)
	at ptolemy.actor.Manager.run(Manager.java:1263)
	at ptolemy.actor.Manager$PtolemyRunThread.run(Manager.java:1933)
java.lang.reflect.InvocationTargetException
	at java.base/jdk.internal.reflect.NativeConstructorAccessorImpl.newInstance0(Native Method)
	at java.base/jdk.internal.reflect.NativeConstructorAccessorImpl.newInstance(NativeConstructorAccessorImpl.java:62)
	at java.base/jdk.internal.reflect.DelegatingConstructorAccessorImpl.newInstance(DelegatingConstructorAccessorImpl.java:45)
	at java.base/java.lang.reflect.Constructor.newInstance(Constructor.java:490)
	at ptolemy.util.test.junit.AutoKnownFailedTests.RunModel(AutoKnownFailedTests.java:105)
	at java.base/jdk.internal.reflect.NativeMethodAccessorImpl.invoke0(Native Method)
	at java.base/jdk.internal.reflect.NativeMethodAccessorImpl.invoke(NativeMethodAccessorImpl.java:62)
	at java.base/jdk.internal.reflect.DelegatingMethodAccessorImpl.invoke(DelegatingMethodAccessorImpl.java:43)
	at java.base/java.lang.reflect.Method.invoke(Method.java:566)
	at org.junit.runners.model.FrameworkMethod$1.runReflectiveCall(FrameworkMethod.java:44)
	at org.junit.internal.runners.model.ReflectiveCallable.run(ReflectiveCallable.java:15)
	at org.junit.runners.model.FrameworkMethod.invokeExplosively(FrameworkMethod.java:41)
	at junitparams.internal.InvokeParameterisedMethod.evaluate(InvokeParameterisedMethod.java:102)
	at org.junit.internal.runners.statements.FailOnTimeout$1.run(FailOnTimeout.java:28)
Caused by: ptolemy.kernel.util.IllegalActionException: Test fails in iteration 1.
Value was: 1.0. Should have been: 2.0
  in .DirectFeedback.Test
	at ptolemy.actor.lib.Test.fire(Test.java:268)
	at ptolemy.domains.de.kernel.DEDirector._fire(DEDirector.java:1949)
	at ptolemy.domains.de.kernel.DEDirector.fire(DEDirector.java:502)
	at ptolemy.actor.CompositeActor.fire(CompositeActor.java:455)
	at ptolemy.actor.Manager.iterate(Manager.java:851)
	at ptolemy.actor.Manager.execute(Manager.java:369)
	at ptolemy.actor.Manager.run(Manager.java:1263)
	at ptolemy.actor.Manager$PtolemyRunThread.run(Manager.java:1933)
java.lang.RuntimeException: Execution failed
	at ptolemy.moml.MoMLSimpleApplication$UnloadThread.run(MoMLSimpleApplication.java:402)
Caused by: ptolemy.kernel.util.IllegalActionException: Found a zero delay loop containing .HierarchicalModel.A
  in .HierarchicalModel and .HierarchicalModel.A
	at ptolemy.actor.util.CausalityInterfaceForComposites._computeOutputPortDepth(CausalityInterfaceForComposites.java:759)
	at ptolemy.actor.util.CausalityInterfaceForComposites._computeInputDepth(CausalityInterfaceForComposites.java:696)
	at ptolemy.actor.util.CausalityInterfaceForComposites._computeOutputPortDepth(CausalityInterfaceForComposites.java:765)
	at ptolemy.actor.util.CausalityInterfaceForComposites._computeInputDepth(CausalityInterfaceForComposites.java:696)
	at ptolemy.actor.util.CausalityInterfaceForComposites._computeOutputPortDepth(CausalityInterfaceForComposites.java:765)
	at ptolemy.actor.util.CausalityInterfaceForComposites._computeInputDepth(CausalityInterfaceForComposites.java:696)
	at ptolemy.actor.util.CausalityInterfaceForComposites._computeActorDepth(CausalityInterfaceForComposites.java:532)
	at ptolemy.actor.util.CausalityInterfaceForComposites.checkForCycles(CausalityInterfaceForComposites.java:96)
	at ptolemy.domains.de.kernel.DEDirector.preinitialize(DEDirector.java:1338)
	at ptolemy.actor.CompositeActor.preinitialize(CompositeActor.java:1828)
	at ptolemy.actor.Manager.preinitializeAndResolveTypes(Manager.java:1040)
	at ptolemy.actor.Manager.initialize(Manager.java:710)
	at ptolemy.actor.Manager.execute(Manager.java:356)
	at ptolemy.actor.Manager.run(Manager.java:1263)
	at ptolemy.actor.Manager$PtolemyRunThread.run(Manager.java:1933)
java.lang.reflect.InvocationTargetException
	at java.base/jdk.internal.reflect.NativeConstructorAccessorImpl.newInstance0(Native Method)
	at java.base/jdk.internal.reflect.NativeConstructorAccessorImpl.newInstance(NativeConstructorAccessorImpl.java:62)
	at java.base/jdk.internal.reflect.DelegatingConstructorAccessorImpl.newInstance(DelegatingConstructorAccessorImpl.java:45)
	at java.base/java.lang.reflect.Constructor.newInstance(Constructor.java:490)
	at ptolemy.util.test.junit.AutoKnownFailedTests.RunModel(AutoKnownFailedTests.java:105)
	at java.base/jdk.internal.reflect.NativeMethodAccessorImpl.invoke0(Native Method)
	at java.base/jdk.internal.reflect.NativeMethodAccessorImpl.invoke(NativeMethodAccessorImpl.java:62)
	at java.base/jdk.internal.reflect.DelegatingMethodAccessorImpl.invoke(DelegatingMethodAccessorImpl.java:43)
	at java.base/java.lang.reflect.Method.invoke(Method.java:566)
	at org.junit.runners.model.FrameworkMethod$1.runReflectiveCall(FrameworkMethod.java:44)
	at org.junit.internal.runners.model.ReflectiveCallable.run(ReflectiveCallable.java:15)
	at org.junit.runners.model.FrameworkMethod.invokeExplosively(FrameworkMethod.java:41)
	at junitparams.internal.InvokeParameterisedMethod.evaluate(InvokeParameterisedMethod.java:102)
	at org.junit.internal.runners.statements.FailOnTimeout$1.run(FailOnTimeout.java:28)
Caused by: ptolemy.kernel.util.IllegalActionException: Found a zero delay loop containing .HierarchicalModel.A
  in .HierarchicalModel and .HierarchicalModel.A
	at ptolemy.actor.util.CausalityInterfaceForComposites._computeOutputPortDepth(CausalityInterfaceForComposites.java:759)
	at ptolemy.actor.util.CausalityInterfaceForComposites._computeInputDepth(CausalityInterfaceForComposites.java:696)
	at ptolemy.actor.util.CausalityInterfaceForComposites._computeOutputPortDepth(CausalityInterfaceForComposites.java:765)
	at ptolemy.actor.util.CausalityInterfaceForComposites._computeInputDepth(CausalityInterfaceForComposites.java:696)
	at ptolemy.actor.util.CausalityInterfaceForComposites._computeOutputPortDepth(CausalityInterfaceForComposites.java:765)
	at ptolemy.actor.util.CausalityInterfaceForComposites._computeInputDepth(CausalityInterfaceForComposites.java:696)
	at ptolemy.actor.util.CausalityInterfaceForComposites._computeActorDepth(CausalityInterfaceForComposites.java:532)
	at ptolemy.actor.util.CausalityInterfaceForComposites.checkForCycles(CausalityInterfaceForComposites.java:96)
	at ptolemy.domains.de.kernel.DEDirector.preinitialize(DEDirector.java:1338)
	at ptolemy.actor.CompositeActor.preinitialize(CompositeActor.java:1828)
	at ptolemy.actor.Manager.preinitializeAndResolveTypes(Manager.java:1040)
	at ptolemy.actor.Manager.initialize(Manager.java:710)
	at ptolemy.actor.Manager.execute(Manager.java:356)
	at ptolemy.actor.Manager.run(Manager.java:1263)
	at ptolemy.actor.Manager$PtolemyRunThread.run(Manager.java:1933)
java.lang.RuntimeException: Execution failed
	at ptolemy.moml.MoMLSimpleApplication$UnloadThread.run(MoMLSimpleApplication.java:402)
Caused by: ptolemy.kernel.util.IllegalActionException: Found a zero delay loop containing .dependencyLoop.original
  in .dependencyLoop and .dependencyLoop.original
	at ptolemy.actor.util.CausalityInterfaceForComposites._computeOutputPortDepth(CausalityInterfaceForComposites.java:759)
	at ptolemy.actor.util.CausalityInterfaceForComposites._computeInputDepth(CausalityInterfaceForComposites.java:696)
	at ptolemy.actor.util.CausalityInterfaceForComposites._computeOutputPortDepth(CausalityInterfaceForComposites.java:765)
	at ptolemy.actor.util.CausalityInterfaceForComposites._computeInputDepth(CausalityInterfaceForComposites.java:696)
	at ptolemy.actor.util.CausalityInterfaceForComposites._computeOutputPortDepth(CausalityInterfaceForComposites.java:765)
	at ptolemy.actor.util.CausalityInterfaceForComposites._computeInputDepth(CausalityInterfaceForComposites.java:696)
	at ptolemy.actor.util.CausalityInterfaceForComposites._computeActorDepth(CausalityInterfaceForComposites.java:532)
	at ptolemy.actor.util.CausalityInterfaceForComposites.checkForCycles(CausalityInterfaceForComposites.java:96)
	at ptolemy.domains.de.kernel.DEDirector.preinitialize(DEDirector.java:1338)
	at ptolemy.actor.CompositeActor.preinitialize(CompositeActor.java:1828)
	at ptolemy.actor.Manager.preinitializeAndResolveTypes(Manager.java:1040)
	at ptolemy.actor.Manager.initialize(Manager.java:710)
	at ptolemy.actor.Manager.execute(Manager.java:356)
	at ptolemy.actor.Manager.run(Manager.java:1263)
	at ptolemy.actor.Manager$PtolemyRunThread.run(Manager.java:1933)
java.lang.reflect.InvocationTargetException
	at java.base/jdk.internal.reflect.NativeConstructorAccessorImpl.newInstance0(Native Method)
	at java.base/jdk.internal.reflect.NativeConstructorAccessorImpl.newInstance(NativeConstructorAccessorImpl.java:62)
	at java.base/jdk.internal.reflect.DelegatingConstructorAccessorImpl.newInstance(DelegatingConstructorAccessorImpl.java:45)
	at java.base/java.lang.reflect.Constructor.newInstance(Constructor.java:490)
	at ptolemy.util.test.junit.AutoKnownFailedTests.RunModel(AutoKnownFailedTests.java:105)
	at java.base/jdk.internal.reflect.NativeMethodAccessorImpl.invoke0(Native Method)
	at java.base/jdk.internal.reflect.NativeMethodAccessorImpl.invoke(NativeMethodAccessorImpl.java:62)
	at java.base/jdk.internal.reflect.DelegatingMethodAccessorImpl.invoke(DelegatingMethodAccessorImpl.java:43)
	at java.base/java.lang.reflect.Method.invoke(Method.java:566)
	at org.junit.runners.model.FrameworkMethod$1.runReflectiveCall(FrameworkMethod.java:44)
	at org.junit.internal.runners.model.ReflectiveCallable.run(ReflectiveCallable.java:15)
	at org.junit.runners.model.FrameworkMethod.invokeExplosively(FrameworkMethod.java:41)
	at junitparams.internal.InvokeParameterisedMethod.evaluate(InvokeParameterisedMethod.java:102)
	at org.junit.internal.runners.statements.FailOnTimeout$1.run(FailOnTimeout.java:28)
Caused by: ptolemy.kernel.util.IllegalActionException: Found a zero delay loop containing .dependencyLoop.original
  in .dependencyLoop and .dependencyLoop.original
	at ptolemy.actor.util.CausalityInterfaceForComposites._computeOutputPortDepth(CausalityInterfaceForComposites.java:759)
	at ptolemy.actor.util.CausalityInterfaceForComposites._computeInputDepth(CausalityInterfaceForComposites.java:696)
	at ptolemy.actor.util.CausalityInterfaceForComposites._computeOutputPortDepth(CausalityInterfaceForComposites.java:765)
	at ptolemy.actor.util.CausalityInterfaceForComposites._computeInputDepth(CausalityInterfaceForComposites.java:696)
	at ptolemy.actor.util.CausalityInterfaceForComposites._computeOutputPortDepth(CausalityInterfaceForComposites.java:765)
	at ptolemy.actor.util.CausalityInterfaceForComposites._computeInputDepth(CausalityInterfaceForComposites.java:696)
	at ptolemy.actor.util.CausalityInterfaceForComposites._computeActorDepth(CausalityInterfaceForComposites.java:532)
	at ptolemy.actor.util.CausalityInterfaceForComposites.checkForCycles(CausalityInterfaceForComposites.java:96)
	at ptolemy.domains.de.kernel.DEDirector.preinitialize(DEDirector.java:1338)
	at ptolemy.actor.CompositeActor.preinitialize(CompositeActor.java:1828)
	at ptolemy.actor.Manager.preinitializeAndResolveTypes(Manager.java:1040)
	at ptolemy.actor.Manager.initialize(Manager.java:710)
	at ptolemy.actor.Manager.execute(Manager.java:356)
	at ptolemy.actor.Manager.run(Manager.java:1263)
	at ptolemy.actor.Manager$PtolemyRunThread.run(Manager.java:1933)
java.lang.RuntimeException: Execution failed
	at ptolemy.moml.MoMLSimpleApplication$UnloadThread.run(MoMLSimpleApplication.java:402)
Caused by: ptolemy.kernel.util.IllegalActionException: Found a zero delay loop containing .dependencyLoop2.original
  in .dependencyLoop2 and .dependencyLoop2.original
	at ptolemy.actor.util.CausalityInterfaceForComposites._computeOutputPortDepth(CausalityInterfaceForComposites.java:759)
	at ptolemy.actor.util.CausalityInterfaceForComposites._computeInputDepth(CausalityInterfaceForComposites.java:696)
	at ptolemy.actor.util.CausalityInterfaceForComposites._computeOutputPortDepth(CausalityInterfaceForComposites.java:765)
	at ptolemy.actor.util.CausalityInterfaceForComposites._computeInputDepth(CausalityInterfaceForComposites.java:696)
	at ptolemy.actor.util.CausalityInterfaceForComposites._computeOutputPortDepth(CausalityInterfaceForComposites.java:765)
	at ptolemy.actor.util.CausalityInterfaceForComposites._computeInputDepth(CausalityInterfaceForComposites.java:696)
	at ptolemy.actor.util.CausalityInterfaceForComposites._computeActorDepth(CausalityInterfaceForComposites.java:532)
	at ptolemy.actor.util.CausalityInterfaceForComposites.checkForCycles(CausalityInterfaceForComposites.java:96)
	at ptolemy.domains.de.kernel.DEDirector.preinitialize(DEDirector.java:1338)
	at ptolemy.actor.CompositeActor.preinitialize(CompositeActor.java:1828)
	at ptolemy.actor.Manager.preinitializeAndResolveTypes(Manager.java:1040)
	at ptolemy.actor.Manager.initialize(Manager.java:710)
	at ptolemy.actor.Manager.execute(Manager.java:356)
	at ptolemy.actor.Manager.run(Manager.java:1263)
	at ptolemy.actor.Manager$PtolemyRunThread.run(Manager.java:1933)
java.lang.reflect.InvocationTargetException
	at java.base/jdk.internal.reflect.NativeConstructorAccessorImpl.newInstance0(Native Method)
	at java.base/jdk.internal.reflect.NativeConstructorAccessorImpl.newInstance(NativeConstructorAccessorImpl.java:62)
	at java.base/jdk.internal.reflect.DelegatingConstructorAccessorImpl.newInstance(DelegatingConstructorAccessorImpl.java:45)
	at java.base/java.lang.reflect.Constructor.newInstance(Constructor.java:490)
	at ptolemy.util.test.junit.AutoKnownFailedTests.RunModel(AutoKnownFailedTests.java:105)
	at java.base/jdk.internal.reflect.NativeMethodAccessorImpl.invoke0(Native Method)
	at java.base/jdk.internal.reflect.NativeMethodAccessorImpl.invoke(NativeMethodAccessorImpl.java:62)
	at java.base/jdk.internal.reflect.DelegatingMethodAccessorImpl.invoke(DelegatingMethodAccessorImpl.java:43)
	at java.base/java.lang.reflect.Method.invoke(Method.java:566)
	at org.junit.runners.model.FrameworkMethod$1.runReflectiveCall(FrameworkMethod.java:44)
	at org.junit.internal.runners.model.ReflectiveCallable.run(ReflectiveCallable.java:15)
	at org.junit.runners.model.FrameworkMethod.invokeExplosively(FrameworkMethod.java:41)
	at junitparams.internal.InvokeParameterisedMethod.evaluate(InvokeParameterisedMethod.java:102)
	at org.junit.internal.runners.statements.FailOnTimeout$1.run(FailOnTimeout.java:28)
Caused by: ptolemy.kernel.util.IllegalActionException: Found a zero delay loop containing .dependencyLoop2.original
  in .dependencyLoop2 and .dependencyLoop2.original
	at ptolemy.actor.util.CausalityInterfaceForComposites._computeOutputPortDepth(CausalityInterfaceForComposites.java:759)
	at ptolemy.actor.util.CausalityInterfaceForComposites._computeInputDepth(CausalityInterfaceForComposites.java:696)
	at ptolemy.actor.util.CausalityInterfaceForComposites._computeOutputPortDepth(CausalityInterfaceForComposites.java:765)
	at ptolemy.actor.util.CausalityInterfaceForComposites._computeInputDepth(CausalityInterfaceForComposites.java:696)
	at ptolemy.actor.util.CausalityInterfaceForComposites._computeOutputPortDepth(CausalityInterfaceForComposites.java:765)
	at ptolemy.actor.util.CausalityInterfaceForComposites._computeInputDepth(CausalityInterfaceForComposites.java:696)
	at ptolemy.actor.util.CausalityInterfaceForComposites._computeActorDepth(CausalityInterfaceForComposites.java:532)
	at ptolemy.actor.util.CausalityInterfaceForComposites.checkForCycles(CausalityInterfaceForComposites.java:96)
	at ptolemy.domains.de.kernel.DEDirector.preinitialize(DEDirector.java:1338)
	at ptolemy.actor.CompositeActor.preinitialize(CompositeActor.java:1828)
	at ptolemy.actor.Manager.preinitializeAndResolveTypes(Manager.java:1040)
	at ptolemy.actor.Manager.initialize(Manager.java:710)
	at ptolemy.actor.Manager.execute(Manager.java:356)
	at ptolemy.actor.Manager.run(Manager.java:1263)
	at ptolemy.actor.Manager$PtolemyRunThread.run(Manager.java:1933)
]]></system-err>
</testsuite>
