<?xml version="1.0" encoding="UTF-8" ?>
<testsuite errors="0" failures="0" hostname="travis-job-fdf0af87-8b2e-4917-bf1e-7304337226af" name="ptolemy.domains.de.test.junit.JUnitTclTest" skipped="0" tests="101" time="124.643" timestamp="2019-12-20T06:20:47">
  <properties>
[...]
</properties>
  <testcase classname="ptolemy.util.test.junit.TclTests" name="[0] /home/travis/build/icyphy/ptII/ptolemy/domains/de/test/DependencyLoop.tcl (RunTclFile)" time="0.962" />
  <testcase classname="ptolemy.util.test.junit.TclTests" name="[1] /home/travis/build/icyphy/ptII/ptolemy/domains/de/test/RunDETestsAsQSS.tcl (RunTclFile)" time="84.909" />
  <testcase classname="ptolemy.util.test.junit.AutoKnownFailedTests" name="[0] /home/travis/build/icyphy/ptII/ptolemy/domains/de/test/auto/knownFailedTests/DESDFClockTest.xml (RunModel)" time="2.06" />
  <testcase classname="ptolemy.util.test.junit.AutoKnownFailedTests" name="[1] /home/travis/build/icyphy/ptII/ptolemy/domains/de/test/auto/knownFailedTests/DirectFeedback.xml (RunModel)" time="0.017" />
  <testcase classname="ptolemy.util.test.junit.AutoKnownFailedTests" name="[2] /home/travis/build/icyphy/ptII/ptolemy/domains/de/test/auto/knownFailedTests/FSMSource.xml (RunModel)" time="0.036" />
  <testcase classname="ptolemy.util.test.junit.AutoKnownFailedTests" name="[3] /home/travis/build/icyphy/ptII/ptolemy/domains/de/test/auto/knownFailedTests/HierarchicalModel.xml (RunModel)" time="0.049" />
  <testcase classname="ptolemy.util.test.junit.AutoKnownFailedTests" name="[4] /home/travis/build/icyphy/ptII/ptolemy/domains/de/test/auto/knownFailedTests/dependencyLoop.xml (RunModel)" time="0.046" />
  <testcase classname="ptolemy.util.test.junit.AutoKnownFailedTests" name="[5] /home/travis/build/icyphy/ptII/ptolemy/domains/de/test/auto/knownFailedTests/dependencyLoop2.xml (RunModel)" time="0.043" />
  <testcase classname="ptolemy.util.test.junit.AutoNameArchTests" name="[0] ThereAreNoAutoArchTests (RunModel)" time="0.003" />
  <testcase classname="ptolemy.util.test.junit.AutoTests" name="[0] /home/travis/build/icyphy/ptII/ptolemy/domains/de/test/auto/ActorDepthCalculation_actorWithoutPorts.xml (RunModel)" time="0.018" />
  <testcase classname="ptolemy.util.test.junit.AutoTests" name="[1] /home/travis/build/icyphy/ptII/ptolemy/domains/de/test/auto/AssemblyLine.xml (RunModel)" time="0.022" />
  <testcase classname="ptolemy.util.test.junit.AutoTests" name="[2] /home/travis/build/icyphy/ptII/ptolemy/domains/de/test/auto/CQBug1.xml (RunModel)" time="0.011" />
  <testcase classname="ptolemy.util.test.junit.AutoTests" name="[3] /home/travis/build/icyphy/ptII/ptolemy/domains/de/test/auto/CancelFireAt.xml (RunModel)" time="0.015" />
  <testcase classname="ptolemy.util.test.junit.AutoTests" name="[4] /home/travis/build/icyphy/ptII/ptolemy/domains/de/test/auto/CausalityAndComposabilityAnalysis.xml (RunModel)" time="0.02" />
  <testcase classname="ptolemy.util.test.junit.AutoTests" name="[5] /home/travis/build/icyphy/ptII/ptolemy/domains/de/test/auto/CausalityInterface1.xml (RunModel)" time="0.021" />
  <testcase classname="ptolemy.util.test.junit.AutoTests" name="[6] /home/travis/build/icyphy/ptII/ptolemy/domains/de/test/auto/CausalityInterface15.xml (RunModel)" time="0.015" />
  <testcase classname="ptolemy.util.test.junit.AutoTests" name="[7] /home/travis/build/icyphy/ptII/ptolemy/domains/de/test/auto/CausalityInterface2.xml (RunModel)" time="0.013" />
  <testcase classname="ptolemy.util.test.junit.AutoTests" name="[8] /home/travis/build/icyphy/ptII/ptolemy/domains/de/test/auto/CausalityInterface3.xml (RunModel)" time="0.014" />
  <testcase classname="ptolemy.util.test.junit.AutoTests" name="[9] /home/travis/build/icyphy/ptII/ptolemy/domains/de/test/auto/ClockDrift.xml (RunModel)" time="0.035" />
  <testcase classname="ptolemy.util.test.junit.AutoTests" name="[10] /home/travis/build/icyphy/ptII/ptolemy/domains/de/test/auto/ClockDriftAndValueChange.xml (RunModel)" time="0.033" />
  <testcase classname="ptolemy.util.test.junit.AutoTests" name="[11] /home/travis/build/icyphy/ptII/ptolemy/domains/de/test/auto/ClockDriftChange.xml (RunModel)" time="0.032" />
  <testcase classname="ptolemy.util.test.junit.AutoTests" name="[12] /home/travis/build/icyphy/ptII/ptolemy/domains/de/test/auto/ComposableCausalityAnalysis.xml (RunModel)" time="0.014" />
  <testcase classname="ptolemy.util.test.junit.AutoTests" name="[13] /home/travis/build/icyphy/ptII/ptolemy/domains/de/test/auto/DEFixedPointLimitation.xml (RunModel)" time="0.013" />
  <testcase classname="ptolemy.util.test.junit.AutoTests" name="[14] /home/travis/build/icyphy/ptII/ptolemy/domains/de/test/auto/DEScheduleTest.xml (RunModel)" time="0.018" />
  <testcase classname="ptolemy.util.test.junit.AutoTests" name="[15] /home/travis/build/icyphy/ptII/ptolemy/domains/de/test/auto/DEinDEwithStartTimes.xml (RunModel)" time="0.015" />
  <testcase classname="ptolemy.util.test.junit.AutoTests" name="[16] /home/travis/build/icyphy/ptII/ptolemy/domains/de/test/auto/DEinDEwithStartTimes2.xml (RunModel)" time="0.015" />
  <testcase classname="ptolemy.util.test.junit.AutoTests" name="[17] /home/travis/build/icyphy/ptII/ptolemy/domains/de/test/auto/DateDemo.xml (RunModel)" time="0.041" />
  <testcase classname="ptolemy.util.test.junit.AutoTests" name="[18] /home/travis/build/icyphy/ptII/ptolemy/domains/de/test/auto/DateToEvent.xml (RunModel)" time="2.041" />
  <testcase classname="ptolemy.util.test.junit.AutoTests" name="[19] /home/travis/build/icyphy/ptII/ptolemy/domains/de/test/auto/DepthTest1.xml (RunModel)" time="0.007" />
  <testcase classname="ptolemy.util.test.junit.AutoTests" name="[20] /home/travis/build/icyphy/ptII/ptolemy/domains/de/test/auto/DepthTest2.xml (RunModel)" time="0.023" />
  <testcase classname="ptolemy.util.test.junit.AutoTests" name="[21] /home/travis/build/icyphy/ptII/ptolemy/domains/de/test/auto/DepthTest3.xml (RunModel)" time="0.012" />
  <testcase classname="ptolemy.util.test.junit.AutoTests" name="[22] /home/travis/build/icyphy/ptII/ptolemy/domains/de/test/auto/DepthTest4.xml (RunModel)" time="0.018" />
  <testcase classname="ptolemy.util.test.junit.AutoTests" name="[23] /home/travis/build/icyphy/ptII/ptolemy/domains/de/test/auto/DepthTest5.xml (RunModel)" time="0.015" />
  <testcase classname="ptolemy.util.test.junit.AutoTests" name="[24] /home/travis/build/icyphy/ptII/ptolemy/domains/de/test/auto/DepthTest6.xml (RunModel)" time="0.012" />
  <testcase classname="ptolemy.util.test.junit.AutoTests" name="[25] /home/travis/build/icyphy/ptII/ptolemy/domains/de/test/auto/DepthTest7.xml (RunModel)" time="0.014" />
  <testcase classname="ptolemy.util.test.junit.AutoTests" name="[26] /home/travis/build/icyphy/ptII/ptolemy/domains/de/test/auto/EventToDate.xml (RunModel)" time="3.03" />
  <testcase classname="ptolemy.util.test.junit.AutoTests" name="[27] /home/travis/build/icyphy/ptII/ptolemy/domains/de/test/auto/FSM1.xml (RunModel)" time="0.037" />
  <testcase classname="ptolemy.util.test.junit.AutoTests" name="[28] /home/travis/build/icyphy/ptII/ptolemy/domains/de/test/auto/FSM7.xml (RunModel)" time="0.041" />
  <testcase classname="ptolemy.util.test.junit.AutoTests" name="[29] /home/travis/build/icyphy/ptII/ptolemy/domains/de/test/auto/Inspection.xml (RunModel)" time="0.047" />
  <testcase classname="ptolemy.util.test.junit.AutoTests" name="[30] /home/travis/build/icyphy/ptII/ptolemy/domains/de/test/auto/Iteration.xml (RunModel)" time="0.025" />
  <testcase classname="ptolemy.util.test.junit.AutoTests" name="[31] /home/travis/build/icyphy/ptII/ptolemy/domains/de/test/auto/LineFault.xml (RunModel)" time="0.532" />
  <testcase classname="ptolemy.util.test.junit.AutoTests" name="[32] /home/travis/build/icyphy/ptII/ptolemy/domains/de/test/auto/MergeModel1Add.xml (RunModel)" time="0.049" />
  <testcase classname="ptolemy.util.test.junit.AutoTests" name="[33] /home/travis/build/icyphy/ptII/ptolemy/domains/de/test/auto/MergeModel2Add.xml (RunModel)" time="0.041" />
  <testcase classname="ptolemy.util.test.junit.AutoTests" name="[34] /home/travis/build/icyphy/ptII/ptolemy/domains/de/test/auto/MergeModel3Add.xml (RunModel)" time="0.054" />
  <testcase classname="ptolemy.util.test.junit.AutoTests" name="[35] /home/travis/build/icyphy/ptII/ptolemy/domains/de/test/auto/MergeWithoutDiscard.xml (RunModel)" time="0.011" />
  <testcase classname="ptolemy.util.test.junit.AutoTests" name="[36] /home/travis/build/icyphy/ptII/ptolemy/domains/de/test/auto/Modal1.xml (RunModel)" time="0.025" />
  <testcase classname="ptolemy.util.test.junit.AutoTests" name="[37] /home/travis/build/icyphy/ptII/ptolemy/domains/de/test/auto/Modal2.xml (RunModel)" time="0.025" />
  <testcase classname="ptolemy.util.test.junit.AutoTests" name="[38] /home/travis/build/icyphy/ptII/ptolemy/domains/de/test/auto/Modal3.xml (RunModel)" time="0.028" />
  <testcase classname="ptolemy.util.test.junit.AutoTests" name="[39] /home/travis/build/icyphy/ptII/ptolemy/domains/de/test/auto/Modal4.xml (RunModel)" time="0.036" />
  <testcase classname="ptolemy.util.test.junit.AutoTests" name="[40] /home/travis/build/icyphy/ptII/ptolemy/domains/de/test/auto/Modal5.xml (RunModel)" time="0.029" />
  <testcase classname="ptolemy.util.test.junit.AutoTests" name="[41] /home/travis/build/icyphy/ptII/ptolemy/domains/de/test/auto/Modal6.xml (RunModel)" time="0.027" />
  <testcase classname="ptolemy.util.test.junit.AutoTests" name="[42] /home/travis/build/icyphy/ptII/ptolemy/domains/de/test/auto/Modal7.xml (RunModel)" time="0.025" />
  <testcase classname="ptolemy.util.test.junit.AutoTests" name="[43] /home/travis/build/icyphy/ptII/ptolemy/domains/de/test/auto/ModalModel.xml (RunModel)" time="0.194" />
  <testcase classname="ptolemy.util.test.junit.AutoTests" name="[44] /home/travis/build/icyphy/ptII/ptolemy/domains/de/test/auto/ModalSource.xml (RunModel)" time="0.023" />
  <testcase classname="ptolemy.util.test.junit.AutoTests" name="[45] /home/travis/build/icyphy/ptII/ptolemy/domains/de/test/auto/NonInterruptibleTimerZeroDelay.xml (RunModel)" time="0.01" />
  <testcase classname="ptolemy.util.test.junit.AutoTests" name="[46] /home/travis/build/icyphy/ptII/ptolemy/domains/de/test/auto/OpenQueueingNetwork.xml (RunModel)" time="2.498" />
  <testcase classname="ptolemy.util.test.junit.AutoTests" name="[47] /home/travis/build/icyphy/ptII/ptolemy/domains/de/test/auto/OpenQueuingNetwork.xml (RunModel)" time="0.274" />
  <testcase classname="ptolemy.util.test.junit.AutoTests" name="[48] /home/travis/build/icyphy/ptII/ptolemy/domains/de/test/auto/PeriodicSampler.xml (RunModel)" time="0.008" />
  <testcase classname="ptolemy.util.test.junit.AutoTests" name="[49] /home/travis/build/icyphy/ptII/ptolemy/domains/de/test/auto/PersistentIO.xml (RunModel)" time="0.021" />
  <testcase classname="ptolemy.util.test.junit.AutoTests" name="[50] /home/travis/build/icyphy/ptII/ptolemy/domains/de/test/auto/PortParameterResetOnInitialize.xml (RunModel)" time="0.009" />
  <testcase classname="ptolemy.util.test.junit.AutoTests" name="[51] /home/travis/build/icyphy/ptII/ptolemy/domains/de/test/auto/PortParameterUpdates.xml (RunModel)" time="0.016" />
  <testcase classname="ptolemy.util.test.junit.AutoTests" name="[52] /home/travis/build/icyphy/ptII/ptolemy/domains/de/test/auto/QueueAndServer.xml (RunModel)" time="0.023" />
  <testcase classname="ptolemy.util.test.junit.AutoTests" name="[53] /home/travis/build/icyphy/ptII/ptolemy/domains/de/test/auto/Records.xml (RunModel)" time="0.017" />
  <testcase classname="ptolemy.util.test.junit.AutoTests" name="[54] /home/travis/build/icyphy/ptII/ptolemy/domains/de/test/auto/ResetTransitionWithStartTime1.xml (RunModel)" time="0.018" />
  <testcase classname="ptolemy.util.test.junit.AutoTests" name="[55] /home/travis/build/icyphy/ptII/ptolemy/domains/de/test/auto/ResetTransitionWithStartTime2.xml (RunModel)" time="0.018" />
  <testcase classname="ptolemy.util.test.junit.AutoTests" name="[56] /home/travis/build/icyphy/ptII/ptolemy/domains/de/test/auto/ResetTransitionWithStartTime3.xml (RunModel)" time="0.018" />
  <testcase classname="ptolemy.util.test.junit.AutoTests" name="[57] /home/travis/build/icyphy/ptII/ptolemy/domains/de/test/auto/ResetTransitionWithStartTime4.xml (RunModel)" time="0.018" />
  <testcase classname="ptolemy.util.test.junit.AutoTests" name="[58] /home/travis/build/icyphy/ptII/ptolemy/domains/de/test/auto/ResettableTimer1.xml (RunModel)" time="0.01" />
  <testcase classname="ptolemy.util.test.junit.AutoTests" name="[59] /home/travis/build/icyphy/ptII/ptolemy/domains/de/test/auto/ResettableTimer2.xml (RunModel)" time="0.009" />
  <testcase classname="ptolemy.util.test.junit.AutoTests" name="[60] /home/travis/build/icyphy/ptII/ptolemy/domains/de/test/auto/ResettableTimer3.xml (RunModel)" time="0.007" />
  <testcase classname="ptolemy.util.test.junit.AutoTests" name="[61] /home/travis/build/icyphy/ptII/ptolemy/domains/de/test/auto/ResettableTimer4.xml (RunModel)" time="0.009" />
  <testcase classname="ptolemy.util.test.junit.AutoTests" name="[62] /home/travis/build/icyphy/ptII/ptolemy/domains/de/test/auto/ResettableTimer5.xml (RunModel)" time="0.01" />
  <testcase classname="ptolemy.util.test.junit.AutoTests" name="[63] /home/travis/build/icyphy/ptII/ptolemy/domains/de/test/auto/ResettableTimer6.xml (RunModel)" time="0.017" />
  <testcase classname="ptolemy.util.test.junit.AutoTests" name="[64] /home/travis/build/icyphy/ptII/ptolemy/domains/de/test/auto/ServerZeroDelay.xml (RunModel)" time="0.009" />
  <testcase classname="ptolemy.util.test.junit.AutoTests" name="[65] /home/travis/build/icyphy/ptII/ptolemy/domains/de/test/auto/SmartSender.xml (RunModel)" time="3.008" />
  <testcase classname="ptolemy.util.test.junit.AutoTests" name="[66] /home/travis/build/icyphy/ptII/ptolemy/domains/de/test/auto/ThreadedComposite.xml (RunModel)" time="0.106" />
  <testcase classname="ptolemy.util.test.junit.AutoTests" name="[67] /home/travis/build/icyphy/ptII/ptolemy/domains/de/test/auto/Time.xml (RunModel)" time="0.363" />
  <testcase classname="ptolemy.util.test.junit.AutoTests" name="[68] /home/travis/build/icyphy/ptII/ptolemy/domains/de/test/auto/TimeDelayZeroDelay.xml (RunModel)" time="0.01" />
  <testcase classname="ptolemy.util.test.junit.AutoTests" name="[69] /home/travis/build/icyphy/ptII/ptolemy/domains/de/test/auto/TimerZeroDelay.xml (RunModel)" time="0.009" />
  <testcase classname="ptolemy.util.test.junit.AutoTests" name="[70] /home/travis/build/icyphy/ptII/ptolemy/domains/de/test/auto/TimingParadox.xml (RunModel)" time="0.307" />
  <testcase classname="ptolemy.util.test.junit.AutoTests" name="[71] /home/travis/build/icyphy/ptII/ptolemy/domains/de/test/auto/TransferInputs.xml (RunModel)" time="0.013" />
  <testcase classname="ptolemy.util.test.junit.AutoTests" name="[72] /home/travis/build/icyphy/ptII/ptolemy/domains/de/test/auto/TransferOutputs2.xml (RunModel)" time="0.015" />
  <testcase classname="ptolemy.util.test.junit.AutoTests" name="[73] /home/travis/build/icyphy/ptII/ptolemy/domains/de/test/auto/Trilateration.xml (RunModel)" time="10.493" />
  <testcase classname="ptolemy.util.test.junit.AutoTests" name="[74] /home/travis/build/icyphy/ptII/ptolemy/domains/de/test/auto/TwoSigmaDelta.xml (RunModel)" time="1.783" />
  <testcase classname="ptolemy.util.test.junit.AutoTests" name="[75] /home/travis/build/icyphy/ptII/ptolemy/domains/de/test/auto/VariableDelay.xml (RunModel)" time="0.012" />
  <testcase classname="ptolemy.util.test.junit.AutoTests" name="[76] /home/travis/build/icyphy/ptII/ptolemy/domains/de/test/auto/VariableDelay2.xml (RunModel)" time="0.011" />
  <testcase classname="ptolemy.util.test.junit.AutoTests" name="[77] /home/travis/build/icyphy/ptII/ptolemy/domains/de/test/auto/VariableDelayZeroDelay.xml (RunModel)" time="0.011" />
  <testcase classname="ptolemy.util.test.junit.AutoTests" name="[78] /home/travis/build/icyphy/ptII/ptolemy/domains/de/test/auto/VariableDelayZeroDelay2.xml (RunModel)" time="0.009" />
  <testcase classname="ptolemy.util.test.junit.AutoTests" name="[79] /home/travis/build/icyphy/ptII/ptolemy/domains/de/test/auto/deInCt.xml (RunModel)" time="0.022" />
  <testcase classname="ptolemy.util.test.junit.AutoTests" name="[80] /home/travis/build/icyphy/ptII/ptolemy/domains/de/test/auto/deInCt2.xml (RunModel)" time="0.013" />
  <testcase classname="ptolemy.util.test.junit.AutoTests" name="[81] /home/travis/build/icyphy/ptII/ptolemy/domains/de/test/auto/dynamicCausalityInterface1.xml (RunModel)" time="0.021" />
  <testcase classname="ptolemy.util.test.junit.AutoTests" name="[82] /home/travis/build/icyphy/ptII/ptolemy/domains/de/test/auto/fsm_de_test.xml (RunModel)" time="0.023" />
  <testcase classname="ptolemy.util.test.junit.AutoTests" name="[83] /home/travis/build/icyphy/ptII/ptolemy/domains/de/test/auto/functionDependencyReconstruction.xml (RunModel)" time="0.039" />
  <testcase classname="ptolemy.util.test.junit.AutoTests" name="[84] /home/travis/build/icyphy/ptII/ptolemy/domains/de/test/auto/multirate.xml (RunModel)" time="0.014" />
  <testcase classname="ptolemy.util.test.junit.AutoTests" name="[85] /home/travis/build/icyphy/ptII/ptolemy/domains/de/test/auto/multirate2.xml (RunModel)" time="0.022" />
  <testcase classname="ptolemy.util.test.junit.AutoTests" name="[86] /home/travis/build/icyphy/ptII/ptolemy/domains/de/test/auto/realtime.xml (RunModel)" time="10.019" />
  <testcase classname="ptolemy.util.test.junit.AutoTests" name="[87] /home/travis/build/icyphy/ptII/ptolemy/domains/de/test/auto/relationGroup.xml (RunModel)" time="0.009" />
  <testcase classname="ptolemy.util.test.junit.AutoTests" name="[88] /home/travis/build/icyphy/ptII/ptolemy/domains/de/test/auto/relationGroup2.xml (RunModel)" time="0.008" />
  <testcase classname="ptolemy.util.test.junit.AutoTests" name="[89] /home/travis/build/icyphy/ptII/ptolemy/domains/de/test/auto/sortWithOpaquePorts.xml (RunModel)" time="0.013" />
  <testcase classname="ptolemy.util.test.junit.AutoTests" name="[90] /home/travis/build/icyphy/ptII/ptolemy/domains/de/test/auto/transferInputsandOutputs.xml (RunModel)" time="0.021" />
  <testcase classname="ptolemy.util.test.junit.AutoTests" name="[91] /home/travis/build/icyphy/ptII/ptolemy/domains/de/test/auto/triggerType.xml (RunModel)" time="0.01" />
  <system-out><![CDATA[/home/travis/build/icyphy/ptII/ptolemy/domains/de/test/DependencyLoop.tcl
testDefs.tcl: setting time out to 9000 seconds at Fri Dec 20 06:20:47 UTC 2019
77 ms. Memory: 129024K Free: 80326K (62%)
20 ms. Memory: 129024K Free: 62903K (49%)
/home/travis/build/icyphy/ptII/ptolemy/domains/de/test/RunDETestsAsQSS.tcl
Run the DE tests using ptolemy.domains.qss.test.QSSDirectorTest, which extends QSSDirector and prints a message in the constructors.
------------------ testing $PTII/ptolemy/domains/de/test/auto/knownFailedTests/DirectFeedback.xml (Known Failure) 
38 ms. Memory: 129024K Free: 57288K (44%)


==== $PTIIhome/travis/build/icyphy/ptII/ptolemy/domains/de/test/../../../../: Auto Automatic test in file $PTII/ptolemy/domains/de/test/auto/knownFailedTests/DirectFeedback.xml
==== Contents of test case:

	    # FIXME: we should use $relativeFilename here, but it
	    # might have backslashes under Windows, which causes no end
	    # of trouble.
	    createAndExecute $file
	    list {}
	
.... Test generated KNOWN error:
    while executing
ptolemy.kernel.util.IllegalActionException: Test fails in iteration 1.
Value was: 1.0. Should have been: 2.0
  in .DirectFeedback.Test
	at ptolemy.actor.lib.Test.fire(Test.java:268)
	at ptolemy.domains.de.kernel.DEDirector._fire(DEDirector.java:1949)
	at ptolemy.domains.de.kernel.DEDirector.fire(DEDirector.java:502)
	at ptolemy.actor.CompositeActor.fire(CompositeActor.java:455)
	at ptolemy.actor.Manager.iterate(Manager.java:851)
	at ptolemy.actor.Manager.execute(Manager.java:369)
	at ptolemy.actor.Manager.run(Manager.java:1263)
	at ptolemy.actor.Manager$PtolemyRunThread.run(Manager.java:1933)

    while executing
ptolemy.kernel.util.IllegalActionException: Test fails in iteration 1.
Value was: 1.0. Should have been: 2.0
  in .DirectFeedback.Test
    while executing
"java::new ptolemy.moml.MoMLSimpleApplication $file
"
    (procedure "createAndExecute" line 2)
    invoked from within
"createAndExecute $file"
    ("uplevel" body line 5)
    invoked from within
"uplevel $contents_of_test"
------------------ testing $PTII/ptolemy/domains/de/test/auto/knownFailedTests/dependencyLoop.xml (Known Failure) 
11 ms. Memory: 129024K Free: 54216K (42%)


==== $PTIIhome/travis/build/icyphy/ptII/ptolemy/domains/de/test/../../../../: Auto Automatic test in file $PTII/ptolemy/domains/de/test/auto/knownFailedTests/dependencyLoop.xml
==== Contents of test case:

	    # FIXME: we should use $relativeFilename here, but it
	    # might have backslashes under Windows, which causes no end
	    # of trouble.
	    createAndExecute $file
	    list {}
	
.... Test generated KNOWN error:
    while executing
ptolemy.kernel.util.IllegalActionException: Found a zero delay loop containing .dependencyLoop.original
  in .dependencyLoop and .dependencyLoop.original
	at ptolemy.actor.util.CausalityInterfaceForComposites._computeOutputPortDepth(CausalityInterfaceForComposites.java:759)
	at ptolemy.actor.util.CausalityInterfaceForComposites._computeInputDepth(CausalityInterfaceForComposites.java:696)
	at ptolemy.actor.util.CausalityInterfaceForComposites._computeOutputPortDepth(CausalityInterfaceForComposites.java:765)
	at ptolemy.actor.util.CausalityInterfaceForComposites._computeInputDepth(CausalityInterfaceForComposites.java:696)
	at ptolemy.actor.util.CausalityInterfaceForComposites._computeOutputPortDepth(CausalityInterfaceForComposites.java:765)
	at ptolemy.actor.util.CausalityInterfaceForComposites._computeInputDepth(CausalityInterfaceForComposites.java:696)
	at ptolemy.actor.util.CausalityInterfaceForComposites._computeActorDepth(CausalityInterfaceForComposites.java:532)
	at ptolemy.actor.util.CausalityInterfaceForComposites.checkForCycles(CausalityInterfaceForComposites.java:96)
	at ptolemy.domains.de.kernel.DEDirector.preinitialize(DEDirector.java:1338)
	at ptolemy.actor.CompositeActor.preinitialize(CompositeActor.java:1828)
	at ptolemy.actor.Manager.preinitializeAndResolveTypes(Manager.java:1040)
	at ptolemy.actor.Manager.initialize(Manager.java:710)
	at ptolemy.actor.Manager.execute(Manager.java:356)
	at ptolemy.actor.Manager.run(Manager.java:1263)
	at ptolemy.actor.Manager$PtolemyRunThread.run(Manager.java:1933)

    while executing
ptolemy.kernel.util.IllegalActionException: Found a zero delay loop containing .dependencyLoop.original
  in .dependencyLoop and .dependencyLoop.original
    while executing
"java::new ptolemy.moml.MoMLSimpleApplication $file
"
    (procedure "createAndExecute" line 2)
    invoked from within
"createAndExecute $file"
    ("uplevel" body line 5)
    invoked from within
"uplevel $contents_of_test"
------------------ testing $PTII/ptolemy/domains/de/test/auto/knownFailedTests/FSMSource.xml (Known Failure) 
68 ms. Memory: 129024K Free: 112668K (87%)
!!!! Auto was marked as failing, but now passes
------------------ testing $PTII/ptolemy/domains/de/test/auto/knownFailedTests/HierarchicalModel.xml (Known Failure) 
12 ms. Memory: 129024K Free: 94704K (73%)


==== $PTIIhome/travis/build/icyphy/ptII/ptolemy/domains/de/test/../../../../: Auto Automatic test in file $PTII/ptolemy/domains/de/test/auto/knownFailedTests/HierarchicalModel.xml
==== Contents of test case:

	    # FIXME: we should use $relativeFilename here, but it
	    # might have backslashes under Windows, which causes no end
	    # of trouble.
	    createAndExecute $file
	    list {}
	
.... Test generated KNOWN error:
    while executing
ptolemy.kernel.util.IllegalActionException: Found a zero delay loop containing .HierarchicalModel.A
  in .HierarchicalModel and .HierarchicalModel.A
	at ptolemy.actor.util.CausalityInterfaceForComposites._computeOutputPortDepth(CausalityInterfaceForComposites.java:759)
	at ptolemy.actor.util.CausalityInterfaceForComposites._computeInputDepth(CausalityInterfaceForComposites.java:696)
	at ptolemy.actor.util.CausalityInterfaceForComposites._computeOutputPortDepth(CausalityInterfaceForComposites.java:765)
	at ptolemy.actor.util.CausalityInterfaceForComposites._computeInputDepth(CausalityInterfaceForComposites.java:696)
	at ptolemy.actor.util.CausalityInterfaceForComposites._computeOutputPortDepth(CausalityInterfaceForComposites.java:765)
	at ptolemy.actor.util.CausalityInterfaceForComposites._computeInputDepth(CausalityInterfaceForComposites.java:696)
	at ptolemy.actor.util.CausalityInterfaceForComposites._computeActorDepth(CausalityInterfaceForComposites.java:532)
	at ptolemy.actor.util.CausalityInterfaceForComposites.checkForCycles(CausalityInterfaceForComposites.java:96)
	at ptolemy.domains.de.kernel.DEDirector.preinitialize(DEDirector.java:1338)
	at ptolemy.actor.CompositeActor.preinitialize(CompositeActor.java:1828)
	at ptolemy.actor.Manager.preinitializeAndResolveTypes(Manager.java:1040)
	at ptolemy.actor.Manager.initialize(Manager.java:710)
	at ptolemy.actor.Manager.execute(Manager.java:356)
	at ptolemy.actor.Manager.run(Manager.java:1263)
	at ptolemy.actor.Manager$PtolemyRunThread.run(Manager.java:1933)

    while executing
ptolemy.kernel.util.IllegalActionException: Found a zero delay loop containing .HierarchicalModel.A
  in .HierarchicalModel and .HierarchicalModel.A
    while executing
"java::new ptolemy.moml.MoMLSimpleApplication $file
"
    (procedure "createAndExecute" line 2)
    invoked from within
"createAndExecute $file"
    ("uplevel" body line 5)
    invoked from within
"uplevel $contents_of_test"
------------------ testing $PTII/ptolemy/domains/de/test/auto/knownFailedTests/dependencyLoop2.xml (Known Failure) 
7 ms. Memory: 129024K Free: 78856K (61%)


==== $PTIIhome/travis/build/icyphy/ptII/ptolemy/domains/de/test/../../../../: Auto Automatic test in file $PTII/ptolemy/domains/de/test/auto/knownFailedTests/dependencyLoop2.xml
==== Contents of test case:

	    # FIXME: we should use $relativeFilename here, but it
	    # might have backslashes under Windows, which causes no end
	    # of trouble.
	    createAndExecute $file
	    list {}
	
.... Test generated KNOWN error:
    while executing
ptolemy.kernel.util.IllegalActionException: Found a zero delay loop containing .dependencyLoop2.original
  in .dependencyLoop2 and .dependencyLoop2.original
	at ptolemy.actor.util.CausalityInterfaceForComposites._computeOutputPortDepth(CausalityInterfaceForComposites.java:759)
	at ptolemy.actor.util.CausalityInterfaceForComposites._computeInputDepth(CausalityInterfaceForComposites.java:696)
	at ptolemy.actor.util.CausalityInterfaceForComposites._computeOutputPortDepth(CausalityInterfaceForComposites.java:765)
	at ptolemy.actor.util.CausalityInterfaceForComposites._computeInputDepth(CausalityInterfaceForComposites.java:696)
	at ptolemy.actor.util.CausalityInterfaceForComposites._computeOutputPortDepth(CausalityInterfaceForComposites.java:765)
	at ptolemy.actor.util.CausalityInterfaceForComposites._computeInputDepth(CausalityInterfaceForComposites.java:696)
	at ptolemy.actor.util.CausalityInterfaceForComposites._computeActorDepth(CausalityInterfaceForComposites.java:532)
	at ptolemy.actor.util.CausalityInterfaceForComposites.checkForCycles(CausalityInterfaceForComposites.java:96)
	at ptolemy.domains.de.kernel.DEDirector.preinitialize(DEDirector.java:1338)
	at ptolemy.actor.CompositeActor.preinitialize(CompositeActor.java:1828)
	at ptolemy.actor.Manager.preinitializeAndResolveTypes(Manager.java:1040)
	at ptolemy.actor.Manager.initialize(Manager.java:710)
	at ptolemy.actor.Manager.execute(Manager.java:356)
	at ptolemy.actor.Manager.run(Manager.java:1263)
	at ptolemy.actor.Manager$PtolemyRunThread.run(Manager.java:1933)

    while executing
ptolemy.kernel.util.IllegalActionException: Found a zero delay loop containing .dependencyLoop2.original
  in .dependencyLoop2 and .dependencyLoop2.original
    while executing
"java::new ptolemy.moml.MoMLSimpleApplication $file
"
    (procedure "createAndExecute" line 2)
    invoked from within
"createAndExecute $file"
    ("uplevel" body line 5)
    invoked from within
"uplevel $contents_of_test"
------------------ testing $PTII/ptolemy/domains/de/test/auto/knownFailedTests/DESDFClockTest.xml (Known Failure) 
2062 ms. Memory: 129024K Free: 110087K (85%)


==== $PTIIhome/travis/build/icyphy/ptII/ptolemy/domains/de/test/../../../../: Auto Automatic test in file $PTII/ptolemy/domains/de/test/auto/knownFailedTests/DESDFClockTest.xml
==== Contents of test case:

	    # FIXME: we should use $relativeFilename here, but it
	    # might have backslashes under Windows, which causes no end
	    # of trouble.
	    createAndExecute $file
	    list {}
	
.... Test generated KNOWN error:
    while executing
ptolemy.kernel.util.IllegalActionException: Actor is not ready to fire.  Perhaps UpSample.prefire() returned false? Try debugging the actor by selecting "Listen to Actor".  Also, for SDF check moml for tokenConsumptionRate on input.
  in .DESDFClockTest.Play Bell.Copy1:SDF Director and .DESDFClockTest.Play Bell.UpSample
	at ptolemy.actor.sched.StaticSchedulingDirector.fire(StaticSchedulingDirector.java:227)
	at ptolemy.domains.sdf.kernel.SDFDirector.fire(SDFDirector.java:500)
	at ptolemy.actor.CompositeActor.fire(CompositeActor.java:455)
	at ptolemy.domains.de.kernel.DEDirector._fire(DEDirector.java:1949)
	at ptolemy.domains.de.kernel.DEDirector.fire(DEDirector.java:502)
	at ptolemy.actor.CompositeActor.fire(CompositeActor.java:455)
	at ptolemy.actor.Manager.iterate(Manager.java:851)
	at ptolemy.actor.Manager.execute(Manager.java:369)
	at ptolemy.actor.Manager.run(Manager.java:1263)
	at ptolemy.actor.Manager$PtolemyRunThread.run(Manager.java:1933)

    while executing
ptolemy.kernel.util.IllegalActionException: Actor is not ready to fire.  Perhaps UpSample.prefire() returned false? Try debugging the actor by selecting "Listen to Actor".  Also, for SDF check moml for tokenConsumptionRate on input.
  in .DESDFClockTest.Play Bell.Copy1:SDF Director and .DESDFClockTest.Play Bell.UpSample
    while executing
"java::new ptolemy.moml.MoMLSimpleApplication $file
"
    (procedure "createAndExecute" line 2)
    invoked from within
"createAndExecute $file"
    ("uplevel" body line 5)
    invoked from within
"uplevel $contents_of_test"
------------------ testing $PTII/ptolemy/domains/de/test/auto/ActorDepthCalculation_actorWithoutPorts.xml
auto.tcl: Setting watchdog for 200 seconds at Fri Dec 20 06:20:51 UTC 2019
10 ms. Memory: 129024K Free: 102391K (79%)
ptolemy.util.test.WatchDog.cancel(): canceling Fri Dec 20 06:20:51 UTC 2019
auto.tcl: Setting watchdog for 200 seconds at Fri Dec 20 06:20:51 UTC 2019
9 ms. Memory: 129024K Free: 100869K (78%)
ptolemy.util.test.WatchDog.cancel(): canceling Fri Dec 20 06:20:51 UTC 2019
------------------ testing $PTII/ptolemy/domains/de/test/auto/AssemblyLine.xml
auto.tcl: Setting watchdog for 200 seconds at Fri Dec 20 06:20:51 UTC 2019
7 ms. Memory: 48128K Free: 25488K (53%)
ptolemy.util.test.WatchDog.cancel(): canceling Fri Dec 20 06:20:52 UTC 2019
auto.tcl: Setting watchdog for 200 seconds at Fri Dec 20 06:20:52 UTC 2019
6 ms. Memory: 48128K Free: 25054K (52%)
ptolemy.util.test.WatchDog.cancel(): canceling Fri Dec 20 06:20:52 UTC 2019
------------------ testing $PTII/ptolemy/domains/de/test/auto/CQBug1.xml
auto.tcl: Setting watchdog for 200 seconds at Fri Dec 20 06:20:52 UTC 2019
7 ms. Memory: 48128K Free: 31555K (66%)
ptolemy.util.test.WatchDog.cancel(): canceling Fri Dec 20 06:20:52 UTC 2019
auto.tcl: Setting watchdog for 200 seconds at Fri Dec 20 06:20:52 UTC 2019
2 ms. Memory: 48128K Free: 31089K (65%)
ptolemy.util.test.WatchDog.cancel(): canceling Fri Dec 20 06:20:52 UTC 2019
------------------ testing $PTII/ptolemy/domains/de/test/auto/CancelFireAt.xml
auto.tcl: Setting watchdog for 200 seconds at Fri Dec 20 06:20:52 UTC 2019
3 ms. Memory: 48128K Free: 32778K (68%)
ptolemy.util.test.WatchDog.cancel(): canceling Fri Dec 20 06:20:52 UTC 2019
auto.tcl: Setting watchdog for 200 seconds at Fri Dec 20 06:20:52 UTC 2019
2 ms. Memory: 48128K Free: 32345K (67%)
ptolemy.util.test.WatchDog.cancel(): canceling Fri Dec 20 06:20:52 UTC 2019
------------------ testing $PTII/ptolemy/domains/de/test/auto/CausalityAndComposabilityAnalysis.xml
auto.tcl: Setting watchdog for 200 seconds at Fri Dec 20 06:20:52 UTC 2019
7 ms. Memory: 48128K Free: 30443K (63%)
ptolemy.util.test.WatchDog.cancel(): canceling Fri Dec 20 06:20:52 UTC 2019
auto.tcl: Setting watchdog for 200 seconds at Fri Dec 20 06:20:52 UTC 2019
6 ms. Memory: 48128K Free: 30009K (62%)
ptolemy.util.test.WatchDog.cancel(): canceling Fri Dec 20 06:20:52 UTC 2019
------------------ testing $PTII/ptolemy/domains/de/test/auto/CausalityInterface1.xml
auto.tcl: Setting watchdog for 200 seconds at Fri Dec 20 06:20:52 UTC 2019
14 ms. Memory: 48128K Free: 29176K (61%)
ptolemy.util.test.WatchDog.cancel(): canceling Fri Dec 20 06:20:52 UTC 2019
auto.tcl: Setting watchdog for 200 seconds at Fri Dec 20 06:20:52 UTC 2019
6 ms. Memory: 48128K Free: 27991K (58%)
ptolemy.util.test.WatchDog.cancel(): canceling Fri Dec 20 06:20:52 UTC 2019
------------------ testing $PTII/ptolemy/domains/de/test/auto/CausalityInterface15.xml
auto.tcl: Setting watchdog for 200 seconds at Fri Dec 20 06:20:52 UTC 2019
6 ms. Memory: 48128K Free: 29372K (61%)
ptolemy.util.test.WatchDog.cancel(): canceling Fri Dec 20 06:20:52 UTC 2019
auto.tcl: Setting watchdog for 200 seconds at Fri Dec 20 06:20:52 UTC 2019
4 ms. Memory: 48128K Free: 28405K (59%)
ptolemy.util.test.WatchDog.cancel(): canceling Fri Dec 20 06:20:52 UTC 2019
------------------ testing $PTII/ptolemy/domains/de/test/auto/CausalityInterface2.xml
auto.tcl: Setting watchdog for 200 seconds at Fri Dec 20 06:20:52 UTC 2019
6 ms. Memory: 48128K Free: 30112K (63%)
ptolemy.util.test.WatchDog.cancel(): canceling Fri Dec 20 06:20:52 UTC 2019
auto.tcl: Setting watchdog for 200 seconds at Fri Dec 20 06:20:52 UTC 2019
3 ms. Memory: 48128K Free: 28980K (60%)
ptolemy.util.test.WatchDog.cancel(): canceling Fri Dec 20 06:20:52 UTC 2019
------------------ testing $PTII/ptolemy/domains/de/test/auto/CausalityInterface3.xml
auto.tcl: Setting watchdog for 200 seconds at Fri Dec 20 06:20:52 UTC 2019
3 ms. Memory: 48128K Free: 29599K (62%)
ptolemy.util.test.WatchDog.cancel(): canceling Fri Dec 20 06:20:52 UTC 2019
auto.tcl: Setting watchdog for 200 seconds at Fri Dec 20 06:20:52 UTC 2019
3 ms. Memory: 48128K Free: 29149K (61%)
ptolemy.util.test.WatchDog.cancel(): canceling Fri Dec 20 06:20:52 UTC 2019
------------------ testing $PTII/ptolemy/domains/de/test/auto/ClockDrift.xml
auto.tcl: Setting watchdog for 200 seconds at Fri Dec 20 06:20:52 UTC 2019
61 ms. Memory: 48128K Free: 21602K (45%)
ptolemy.util.test.WatchDog.cancel(): canceling Fri Dec 20 06:20:52 UTC 2019
auto.tcl: Setting watchdog for 200 seconds at Fri Dec 20 06:20:52 UTC 2019
35 ms. Memory: 48128K Free: 18645K (39%)
ptolemy.util.test.WatchDog.cancel(): canceling Fri Dec 20 06:20:52 UTC 2019
------------------ testing $PTII/ptolemy/domains/de/test/auto/ClockDriftAndValueChange.xml
auto.tcl: Setting watchdog for 200 seconds at Fri Dec 20 06:20:52 UTC 2019
23 ms. Memory: 48128K Free: 22194K (46%)
ptolemy.util.test.WatchDog.cancel(): canceling Fri Dec 20 06:20:53 UTC 2019
auto.tcl: Setting watchdog for 200 seconds at Fri Dec 20 06:20:53 UTC 2019
20 ms. Memory: 48128K Free: 19360K (40%)
ptolemy.util.test.WatchDog.cancel(): canceling Fri Dec 20 06:20:53 UTC 2019
------------------ testing $PTII/ptolemy/domains/de/test/auto/ClockDriftChange.xml
auto.tcl: Setting watchdog for 200 seconds at Fri Dec 20 06:20:53 UTC 2019
21 ms. Memory: 48128K Free: 24238K (50%)
ptolemy.util.test.WatchDog.cancel(): canceling Fri Dec 20 06:20:53 UTC 2019
auto.tcl: Setting watchdog for 200 seconds at Fri Dec 20 06:20:53 UTC 2019
13 ms. Memory: 48128K Free: 21659K (45%)
ptolemy.util.test.WatchDog.cancel(): canceling Fri Dec 20 06:20:53 UTC 2019
------------------ testing $PTII/ptolemy/domains/de/test/auto/ComposableCausalityAnalysis.xml
auto.tcl: Setting watchdog for 200 seconds at Fri Dec 20 06:20:53 UTC 2019
1 ms. Memory: 48128K Free: 28855K (60%)
ptolemy.util.test.WatchDog.cancel(): canceling Fri Dec 20 06:20:53 UTC 2019
auto.tcl: Setting watchdog for 200 seconds at Fri Dec 20 06:20:53 UTC 2019
2 ms. Memory: 48128K Free: 27834K (58%)
ptolemy.util.test.WatchDog.cancel(): canceling Fri Dec 20 06:20:53 UTC 2019
------------------ testing $PTII/ptolemy/domains/de/test/auto/DEFixedPointLimitation.xml
auto.tcl: Setting watchdog for 200 seconds at Fri Dec 20 06:20:53 UTC 2019
3 ms. Memory: 48128K Free: 30213K (63%)
ptolemy.util.test.WatchDog.cancel(): canceling Fri Dec 20 06:20:53 UTC 2019
auto.tcl: Setting watchdog for 200 seconds at Fri Dec 20 06:20:53 UTC 2019
1 ms. Memory: 48128K Free: 29284K (61%)
ptolemy.util.test.WatchDog.cancel(): canceling Fri Dec 20 06:20:53 UTC 2019
------------------ testing $PTII/ptolemy/domains/de/test/auto/DEScheduleTest.xml
auto.tcl: Setting watchdog for 200 seconds at Fri Dec 20 06:20:53 UTC 2019
3 ms. Memory: 48128K Free: 30524K (63%)
ptolemy.util.test.WatchDog.cancel(): canceling Fri Dec 20 06:20:53 UTC 2019
auto.tcl: Setting watchdog for 200 seconds at Fri Dec 20 06:20:53 UTC 2019
2 ms. Memory: 48128K Free: 29748K (62%)
ptolemy.util.test.WatchDog.cancel(): canceling Fri Dec 20 06:20:53 UTC 2019
------------------ testing $PTII/ptolemy/domains/de/test/auto/DEinDEwithStartTimes.xml
auto.tcl: Setting watchdog for 200 seconds at Fri Dec 20 06:20:53 UTC 2019
5 ms. Memory: 48128K Free: 28675K (60%)
ptolemy.util.test.WatchDog.cancel(): canceling Fri Dec 20 06:20:53 UTC 2019
auto.tcl: Setting watchdog for 200 seconds at Fri Dec 20 06:20:53 UTC 2019
3 ms. Memory: 48128K Free: 27651K (57%)
ptolemy.util.test.WatchDog.cancel(): canceling Fri Dec 20 06:20:53 UTC 2019
------------------ testing $PTII/ptolemy/domains/de/test/auto/DEinDEwithStartTimes2.xml
auto.tcl: Setting watchdog for 200 seconds at Fri Dec 20 06:20:53 UTC 2019
5 ms. Memory: 48128K Free: 27930K (58%)
ptolemy.util.test.WatchDog.cancel(): canceling Fri Dec 20 06:20:53 UTC 2019
auto.tcl: Setting watchdog for 200 seconds at Fri Dec 20 06:20:53 UTC 2019
6 ms. Memory: 48128K Free: 26606K (55%)
ptolemy.util.test.WatchDog.cancel(): canceling Fri Dec 20 06:20:53 UTC 2019
------------------ testing $PTII/ptolemy/domains/de/test/auto/DateDemo.xml
auto.tcl: Setting watchdog for 200 seconds at Fri Dec 20 06:20:53 UTC 2019
20 ms. Memory: 48128K Free: 22486K (47%)
ptolemy.util.test.WatchDog.cancel(): canceling Fri Dec 20 06:20:53 UTC 2019
auto.tcl: Setting watchdog for 200 seconds at Fri Dec 20 06:20:53 UTC 2019
7 ms. Memory: 48128K Free: 20621K (43%)
ptolemy.util.test.WatchDog.cancel(): canceling Fri Dec 20 06:20:53 UTC 2019
------------------ testing $PTII/ptolemy/domains/de/test/auto/DateToEvent.xml
auto.tcl: Setting watchdog for 200 seconds at Fri Dec 20 06:20:53 UTC 2019
2014 ms. Memory: 48128K Free: 18168K (38%)
ptolemy.util.test.WatchDog.cancel(): canceling Fri Dec 20 06:20:55 UTC 2019
auto.tcl: Setting watchdog for 200 seconds at Fri Dec 20 06:20:55 UTC 2019
2005 ms. Memory: 48128K Free: 17386K (36%)
ptolemy.util.test.WatchDog.cancel(): canceling Fri Dec 20 06:20:57 UTC 2019
------------------ testing $PTII/ptolemy/domains/de/test/auto/DepthTest1.xml
auto.tcl: Setting watchdog for 200 seconds at Fri Dec 20 06:20:57 UTC 2019
2 ms. Memory: 48128K Free: 31311K (65%)
ptolemy.util.test.WatchDog.cancel(): canceling Fri Dec 20 06:20:57 UTC 2019
auto.tcl: Setting watchdog for 200 seconds at Fri Dec 20 06:20:57 UTC 2019
2 ms. Memory: 48128K Free: 30890K (64%)
ptolemy.util.test.WatchDog.cancel(): canceling Fri Dec 20 06:20:57 UTC 2019
------------------ testing $PTII/ptolemy/domains/de/test/auto/DepthTest2.xml
auto.tcl: Setting watchdog for 200 seconds at Fri Dec 20 06:20:57 UTC 2019
4 ms. Memory: 48128K Free: 28134K (58%)
ptolemy.util.test.WatchDog.cancel(): canceling Fri Dec 20 06:20:57 UTC 2019
auto.tcl: Setting watchdog for 200 seconds at Fri Dec 20 06:20:57 UTC 2019
3 ms. Memory: 48128K Free: 27690K (58%)
ptolemy.util.test.WatchDog.cancel(): canceling Fri Dec 20 06:20:57 UTC 2019
------------------ testing $PTII/ptolemy/domains/de/test/auto/DepthTest3.xml
auto.tcl: Setting watchdog for 200 seconds at Fri Dec 20 06:20:58 UTC 2019
5 ms. Memory: 48128K Free: 31639K (66%)
ptolemy.util.test.WatchDog.cancel(): canceling Fri Dec 20 06:20:58 UTC 2019
auto.tcl: Setting watchdog for 200 seconds at Fri Dec 20 06:20:58 UTC 2019
2 ms. Memory: 48128K Free: 31203K (65%)
ptolemy.util.test.WatchDog.cancel(): canceling Fri Dec 20 06:20:58 UTC 2019
------------------ testing $PTII/ptolemy/domains/de/test/auto/DepthTest4.xml
auto.tcl: Setting watchdog for 200 seconds at Fri Dec 20 06:20:58 UTC 2019
7 ms. Memory: 48128K Free: 29990K (62%)
ptolemy.util.test.WatchDog.cancel(): canceling Fri Dec 20 06:20:58 UTC 2019
auto.tcl: Setting watchdog for 200 seconds at Fri Dec 20 06:20:58 UTC 2019
4 ms. Memory: 48128K Free: 29227K (61%)
ptolemy.util.test.WatchDog.cancel(): canceling Fri Dec 20 06:20:58 UTC 2019
------------------ testing $PTII/ptolemy/domains/de/test/auto/DepthTest5.xml
auto.tcl: Setting watchdog for 200 seconds at Fri Dec 20 06:20:58 UTC 2019
4 ms. Memory: 48128K Free: 29387K (61%)
ptolemy.util.test.WatchDog.cancel(): canceling Fri Dec 20 06:20:58 UTC 2019
auto.tcl: Setting watchdog for 200 seconds at Fri Dec 20 06:20:58 UTC 2019
2 ms. Memory: 48128K Free: 28601K (59%)
ptolemy.util.test.WatchDog.cancel(): canceling Fri Dec 20 06:20:58 UTC 2019
------------------ testing $PTII/ptolemy/domains/de/test/auto/DepthTest6.xml
auto.tcl: Setting watchdog for 200 seconds at Fri Dec 20 06:20:58 UTC 2019
4 ms. Memory: 48128K Free: 29075K (60%)
ptolemy.util.test.WatchDog.cancel(): canceling Fri Dec 20 06:20:58 UTC 2019
auto.tcl: Setting watchdog for 200 seconds at Fri Dec 20 06:20:58 UTC 2019
3 ms. Memory: 48128K Free: 28671K (60%)
ptolemy.util.test.WatchDog.cancel(): canceling Fri Dec 20 06:20:58 UTC 2019
------------------ testing $PTII/ptolemy/domains/de/test/auto/DepthTest7.xml
auto.tcl: Setting watchdog for 200 seconds at Fri Dec 20 06:20:58 UTC 2019
3 ms. Memory: 48128K Free: 29092K (60%)
ptolemy.util.test.WatchDog.cancel(): canceling Fri Dec 20 06:20:58 UTC 2019
auto.tcl: Setting watchdog for 200 seconds at Fri Dec 20 06:20:58 UTC 2019
2 ms. Memory: 48128K Free: 28670K (60%)
ptolemy.util.test.WatchDog.cancel(): canceling Fri Dec 20 06:20:58 UTC 2019
------------------ testing $PTII/ptolemy/domains/de/test/auto/EventToDate.xml
auto.tcl: Setting watchdog for 200 seconds at Fri Dec 20 06:20:58 UTC 2019
3008 ms. Memory: 48128K Free: 20446K (42%)
ptolemy.util.test.WatchDog.cancel(): canceling Fri Dec 20 06:21:01 UTC 2019
auto.tcl: Setting watchdog for 200 seconds at Fri Dec 20 06:21:01 UTC 2019
3005 ms. Memory: 48128K Free: 19998K (42%)
ptolemy.util.test.WatchDog.cancel(): canceling Fri Dec 20 06:21:04 UTC 2019
------------------ testing $PTII/ptolemy/domains/de/test/auto/FSM1.xml
auto.tcl: Setting watchdog for 200 seconds at Fri Dec 20 06:21:04 UTC 2019
21 ms. Memory: 48128K Free: 21389K (44%)
ptolemy.util.test.WatchDog.cancel(): canceling Fri Dec 20 06:21:04 UTC 2019
auto.tcl: Setting watchdog for 200 seconds at Fri Dec 20 06:21:04 UTC 2019
20 ms. Memory: 48128K Free: 18223K (38%)
ptolemy.util.test.WatchDog.cancel(): canceling Fri Dec 20 06:21:04 UTC 2019
------------------ testing $PTII/ptolemy/domains/de/test/auto/FSM7.xml
auto.tcl: Setting watchdog for 200 seconds at Fri Dec 20 06:21:04 UTC 2019
28 ms. Memory: 48128K Free: 21577K (45%)
ptolemy.util.test.WatchDog.cancel(): canceling Fri Dec 20 06:21:04 UTC 2019
auto.tcl: Setting watchdog for 200 seconds at Fri Dec 20 06:21:04 UTC 2019
24 ms. Memory: 48128K Free: 18425K (38%)
ptolemy.util.test.WatchDog.cancel(): canceling Fri Dec 20 06:21:04 UTC 2019
------------------ testing $PTII/ptolemy/domains/de/test/auto/Inspection.xml
auto.tcl: Setting watchdog for 200 seconds at Fri Dec 20 06:21:04 UTC 2019
30 ms. Memory: 48128K Free: 21588K (45%)
ptolemy.util.test.WatchDog.cancel(): canceling Fri Dec 20 06:21:04 UTC 2019
auto.tcl: Setting watchdog for 200 seconds at Fri Dec 20 06:21:04 UTC 2019
29 ms. Memory: 48128K Free: 19886K (41%)
ptolemy.util.test.WatchDog.cancel(): canceling Fri Dec 20 06:21:04 UTC 2019
------------------ testing $PTII/ptolemy/domains/de/test/auto/Iteration.xml
auto.tcl: Setting watchdog for 200 seconds at Fri Dec 20 06:21:04 UTC 2019
8 ms. Memory: 48128K Free: 27367K (57%)
ptolemy.util.test.WatchDog.cancel(): canceling Fri Dec 20 06:21:04 UTC 2019
auto.tcl: Setting watchdog for 200 seconds at Fri Dec 20 06:21:04 UTC 2019
12 ms. Memory: 48128K Free: 26343K (55%)
ptolemy.util.test.WatchDog.cancel(): canceling Fri Dec 20 06:21:04 UTC 2019
------------------ testing $PTII/ptolemy/domains/de/test/auto/LineFault.xml
auto.tcl: Setting watchdog for 200 seconds at Fri Dec 20 06:21:04 UTC 2019
585 ms. Memory: 48128K Free: 29775K (62%)
ptolemy.util.test.WatchDog.cancel(): canceling Fri Dec 20 06:21:05 UTC 2019
auto.tcl: Setting watchdog for 200 seconds at Fri Dec 20 06:21:05 UTC 2019
540 ms. Memory: 60416K Free: 29802K (49%)
ptolemy.util.test.WatchDog.cancel(): canceling Fri Dec 20 06:21:06 UTC 2019
------------------ testing $PTII/ptolemy/domains/de/test/auto/MergeModel1Add.xml
auto.tcl: Setting watchdog for 200 seconds at Fri Dec 20 06:21:06 UTC 2019
29 ms. Memory: 55296K Free: 19993K (36%)
ptolemy.util.test.WatchDog.cancel(): canceling Fri Dec 20 06:21:06 UTC 2019
auto.tcl: Setting watchdog for 200 seconds at Fri Dec 20 06:21:06 UTC 2019
11 ms. Memory: 55296K Free: 18269K (33%)
ptolemy.util.test.WatchDog.cancel(): canceling Fri Dec 20 06:21:06 UTC 2019
------------------ testing $PTII/ptolemy/domains/de/test/auto/MergeModel2Add.xml
auto.tcl: Setting watchdog for 200 seconds at Fri Dec 20 06:21:06 UTC 2019
12 ms. Memory: 51200K Free: 18754K (37%)
ptolemy.util.test.WatchDog.cancel(): canceling Fri Dec 20 06:21:06 UTC 2019
auto.tcl: Setting watchdog for 200 seconds at Fri Dec 20 06:21:06 UTC 2019
9 ms. Memory: 51200K Free: 17099K (33%)
ptolemy.util.test.WatchDog.cancel(): canceling Fri Dec 20 06:21:06 UTC 2019
------------------ testing $PTII/ptolemy/domains/de/test/auto/MergeModel3Add.xml
auto.tcl: Setting watchdog for 200 seconds at Fri Dec 20 06:21:06 UTC 2019
7 ms. Memory: 51200K Free: 19263K (38%)
ptolemy.util.test.WatchDog.cancel(): canceling Fri Dec 20 06:21:06 UTC 2019
auto.tcl: Setting watchdog for 200 seconds at Fri Dec 20 06:21:06 UTC 2019
6 ms. Memory: 51200K Free: 17542K (34%)
ptolemy.util.test.WatchDog.cancel(): canceling Fri Dec 20 06:21:06 UTC 2019
------------------ testing $PTII/ptolemy/domains/de/test/auto/MergeWithoutDiscard.xml
auto.tcl: Setting watchdog for 200 seconds at Fri Dec 20 06:21:06 UTC 2019
3 ms. Memory: 48128K Free: 29778K (62%)
ptolemy.util.test.WatchDog.cancel(): canceling Fri Dec 20 06:21:06 UTC 2019
auto.tcl: Setting watchdog for 200 seconds at Fri Dec 20 06:21:06 UTC 2019
1 ms. Memory: 48128K Free: 29356K (61%)
ptolemy.util.test.WatchDog.cancel(): canceling Fri Dec 20 06:21:06 UTC 2019
------------------ testing $PTII/ptolemy/domains/de/test/auto/Modal1.xml
auto.tcl: Setting watchdog for 200 seconds at Fri Dec 20 06:21:06 UTC 2019
20 ms. Memory: 48128K Free: 21903K (46%)
ptolemy.util.test.WatchDog.cancel(): canceling Fri Dec 20 06:21:06 UTC 2019
auto.tcl: Setting watchdog for 200 seconds at Fri Dec 20 06:21:06 UTC 2019
18 ms. Memory: 48128K Free: 18443K (38%)
ptolemy.util.test.WatchDog.cancel(): canceling Fri Dec 20 06:21:06 UTC 2019
------------------ testing $PTII/ptolemy/domains/de/test/auto/Modal2.xml
auto.tcl: Setting watchdog for 200 seconds at Fri Dec 20 06:21:07 UTC 2019
16 ms. Memory: 48128K Free: 22030K (46%)
ptolemy.util.test.WatchDog.cancel(): canceling Fri Dec 20 06:21:07 UTC 2019
auto.tcl: Setting watchdog for 200 seconds at Fri Dec 20 06:21:07 UTC 2019
20 ms. Memory: 48128K Free: 18765K (39%)
ptolemy.util.test.WatchDog.cancel(): canceling Fri Dec 20 06:21:07 UTC 2019
------------------ testing $PTII/ptolemy/domains/de/test/auto/Modal3.xml
auto.tcl: Setting watchdog for 200 seconds at Fri Dec 20 06:21:07 UTC 2019
14 ms. Memory: 48128K Free: 21556K (45%)
ptolemy.util.test.WatchDog.cancel(): canceling Fri Dec 20 06:21:07 UTC 2019
auto.tcl: Setting watchdog for 200 seconds at Fri Dec 20 06:21:07 UTC 2019
18 ms. Memory: 48128K Free: 18371K (38%)
ptolemy.util.test.WatchDog.cancel(): canceling Fri Dec 20 06:21:07 UTC 2019
------------------ testing $PTII/ptolemy/domains/de/test/auto/Modal4.xml
auto.tcl: Setting watchdog for 200 seconds at Fri Dec 20 06:21:07 UTC 2019
23 ms. Memory: 48128K Free: 20735K (43%)
ptolemy.util.test.WatchDog.cancel(): canceling Fri Dec 20 06:21:07 UTC 2019
auto.tcl: Setting watchdog for 200 seconds at Fri Dec 20 06:21:07 UTC 2019
18 ms. Memory: 48128K Free: 17142K (36%)
ptolemy.util.test.WatchDog.cancel(): canceling Fri Dec 20 06:21:07 UTC 2019
------------------ testing $PTII/ptolemy/domains/de/test/auto/Modal5.xml
auto.tcl: Setting watchdog for 200 seconds at Fri Dec 20 06:21:07 UTC 2019
14 ms. Memory: 48128K Free: 20957K (44%)
ptolemy.util.test.WatchDog.cancel(): canceling Fri Dec 20 06:21:07 UTC 2019
auto.tcl: Setting watchdog for 200 seconds at Fri Dec 20 06:21:07 UTC 2019
13 ms. Memory: 48128K Free: 17128K (36%)
ptolemy.util.test.WatchDog.cancel(): canceling Fri Dec 20 06:21:07 UTC 2019
------------------ testing $PTII/ptolemy/domains/de/test/auto/Modal6.xml
auto.tcl: Setting watchdog for 200 seconds at Fri Dec 20 06:21:07 UTC 2019
17 ms. Memory: 48128K Free: 21773K (45%)
ptolemy.util.test.WatchDog.cancel(): canceling Fri Dec 20 06:21:07 UTC 2019
auto.tcl: Setting watchdog for 200 seconds at Fri Dec 20 06:21:07 UTC 2019
17 ms. Memory: 48128K Free: 17774K (37%)
ptolemy.util.test.WatchDog.cancel(): canceling Fri Dec 20 06:21:07 UTC 2019
------------------ testing $PTII/ptolemy/domains/de/test/auto/Modal7.xml
auto.tcl: Setting watchdog for 200 seconds at Fri Dec 20 06:21:07 UTC 2019
10 ms. Memory: 48128K Free: 20940K (44%)
ptolemy.util.test.WatchDog.cancel(): canceling Fri Dec 20 06:21:07 UTC 2019
auto.tcl: Setting watchdog for 200 seconds at Fri Dec 20 06:21:07 UTC 2019
11 ms. Memory: 48128K Free: 17430K (36%)
ptolemy.util.test.WatchDog.cancel(): canceling Fri Dec 20 06:21:07 UTC 2019
------------------ testing $PTII/ptolemy/domains/de/test/auto/ModalModel.xml
auto.tcl: Setting watchdog for 200 seconds at Fri Dec 20 06:21:07 UTC 2019
184 ms. Memory: 48128K Free: 32272K (67%)
ptolemy.util.test.WatchDog.cancel(): canceling Fri Dec 20 06:21:07 UTC 2019
auto.tcl: Setting watchdog for 200 seconds at Fri Dec 20 06:21:07 UTC 2019
193 ms. Memory: 62464K Free: 39269K (63%)
ptolemy.util.test.WatchDog.cancel(): canceling Fri Dec 20 06:21:08 UTC 2019
------------------ testing $PTII/ptolemy/domains/de/test/auto/ModalSource.xml
auto.tcl: Setting watchdog for 200 seconds at Fri Dec 20 06:21:08 UTC 2019
6 ms. Memory: 51200K Free: 28883K (56%)
ptolemy.util.test.WatchDog.cancel(): canceling Fri Dec 20 06:21:08 UTC 2019
auto.tcl: Setting watchdog for 200 seconds at Fri Dec 20 06:21:08 UTC 2019
6 ms. Memory: 51200K Free: 26970K (53%)
ptolemy.util.test.WatchDog.cancel(): canceling Fri Dec 20 06:21:08 UTC 2019
------------------ testing $PTII/ptolemy/domains/de/test/auto/NonInterruptibleTimerZeroDelay.xml
auto.tcl: Setting watchdog for 200 seconds at Fri Dec 20 06:21:08 UTC 2019
4 ms. Memory: 48128K Free: 30776K (64%)
ptolemy.util.test.WatchDog.cancel(): canceling Fri Dec 20 06:21:08 UTC 2019
auto.tcl: Setting watchdog for 200 seconds at Fri Dec 20 06:21:08 UTC 2019
2 ms. Memory: 48128K Free: 30099K (63%)
ptolemy.util.test.WatchDog.cancel(): canceling Fri Dec 20 06:21:08 UTC 2019
------------------ testing $PTII/ptolemy/domains/de/test/auto/OpenQueueingNetwork.xml
auto.tcl: Setting watchdog for 200 seconds at Fri Dec 20 06:21:08 UTC 2019
2647 ms. Memory: 103424K Free: 40096K (39%)
ptolemy.util.test.WatchDog.cancel(): canceling Fri Dec 20 06:21:11 UTC 2019
auto.tcl: Setting watchdog for 200 seconds at Fri Dec 20 06:21:11 UTC 2019
2420 ms. Memory: 124928K Free: 42091K (34%)
ptolemy.util.test.WatchDog.cancel(): canceling Fri Dec 20 06:21:13 UTC 2019
------------------ testing $PTII/ptolemy/domains/de/test/auto/OpenQueuingNetwork.xml
auto.tcl: Setting watchdog for 200 seconds at Fri Dec 20 06:21:13 UTC 2019
281 ms. Memory: 55296K Free: 23848K (43%)
ptolemy.util.test.WatchDog.cancel(): canceling Fri Dec 20 06:21:13 UTC 2019
auto.tcl: Setting watchdog for 200 seconds at Fri Dec 20 06:21:13 UTC 2019
235 ms. Memory: 55296K Free: 33433K (60%)
ptolemy.util.test.WatchDog.cancel(): canceling Fri Dec 20 06:21:14 UTC 2019
------------------ testing $PTII/ptolemy/domains/de/test/auto/PeriodicSampler.xml
auto.tcl: Setting watchdog for 200 seconds at Fri Dec 20 06:21:14 UTC 2019
2 ms. Memory: 51200K Free: 33010K (64%)
ptolemy.util.test.WatchDog.cancel(): canceling Fri Dec 20 06:21:14 UTC 2019
auto.tcl: Setting watchdog for 200 seconds at Fri Dec 20 06:21:14 UTC 2019
2 ms. Memory: 51200K Free: 32506K (63%)
ptolemy.util.test.WatchDog.cancel(): canceling Fri Dec 20 06:21:14 UTC 2019
------------------ testing $PTII/ptolemy/domains/de/test/auto/PersistentIO.xml
auto.tcl: Setting watchdog for 200 seconds at Fri Dec 20 06:21:14 UTC 2019
14 ms. Memory: 51200K Free: 27935K (55%)
ptolemy.util.test.WatchDog.cancel(): canceling Fri Dec 20 06:21:14 UTC 2019
auto.tcl: Setting watchdog for 200 seconds at Fri Dec 20 06:21:14 UTC 2019
4 ms. Memory: 51200K Free: 26432K (52%)
ptolemy.util.test.WatchDog.cancel(): canceling Fri Dec 20 06:21:14 UTC 2019
------------------ testing $PTII/ptolemy/domains/de/test/auto/PortParameterResetOnInitialize.xml
auto.tcl: Setting watchdog for 200 seconds at Fri Dec 20 06:21:14 UTC 2019
7 ms. Memory: 51200K Free: 32908K (64%)
ptolemy.util.test.WatchDog.cancel(): canceling Fri Dec 20 06:21:14 UTC 2019
auto.tcl: Setting watchdog for 200 seconds at Fri Dec 20 06:21:14 UTC 2019
1 ms. Memory: 51200K Free: 32422K (63%)
ptolemy.util.test.WatchDog.cancel(): canceling Fri Dec 20 06:21:14 UTC 2019
------------------ testing $PTII/ptolemy/domains/de/test/auto/PortParameterUpdates.xml
auto.tcl: Setting watchdog for 200 seconds at Fri Dec 20 06:21:14 UTC 2019
4 ms. Memory: 48128K Free: 28150K (58%)
ptolemy.util.test.WatchDog.cancel(): canceling Fri Dec 20 06:21:14 UTC 2019
auto.tcl: Setting watchdog for 200 seconds at Fri Dec 20 06:21:14 UTC 2019
4 ms. Memory: 48128K Free: 26930K (56%)
ptolemy.util.test.WatchDog.cancel(): canceling Fri Dec 20 06:21:14 UTC 2019
------------------ testing $PTII/ptolemy/domains/de/test/auto/QueueAndServer.xml
auto.tcl: Setting watchdog for 200 seconds at Fri Dec 20 06:21:14 UTC 2019
13 ms. Memory: 48128K Free: 27129K (56%)
ptolemy.util.test.WatchDog.cancel(): canceling Fri Dec 20 06:21:14 UTC 2019
auto.tcl: Setting watchdog for 200 seconds at Fri Dec 20 06:21:14 UTC 2019
7 ms. Memory: 48128K Free: 25881K (54%)
ptolemy.util.test.WatchDog.cancel(): canceling Fri Dec 20 06:21:14 UTC 2019
------------------ testing $PTII/ptolemy/domains/de/test/auto/Records.xml
auto.tcl: Setting watchdog for 200 seconds at Fri Dec 20 06:21:14 UTC 2019
6 ms. Memory: 48128K Free: 29388K (61%)
ptolemy.util.test.WatchDog.cancel(): canceling Fri Dec 20 06:21:14 UTC 2019
auto.tcl: Setting watchdog for 200 seconds at Fri Dec 20 06:21:14 UTC 2019
2 ms. Memory: 48128K Free: 28911K (60%)
ptolemy.util.test.WatchDog.cancel(): canceling Fri Dec 20 06:21:14 UTC 2019
------------------ testing $PTII/ptolemy/domains/de/test/auto/ResetTransitionWithStartTime1.xml
auto.tcl: Setting watchdog for 200 seconds at Fri Dec 20 06:21:14 UTC 2019
9 ms. Memory: 48128K Free: 26346K (55%)
ptolemy.util.test.WatchDog.cancel(): canceling Fri Dec 20 06:21:14 UTC 2019
auto.tcl: Setting watchdog for 200 seconds at Fri Dec 20 06:21:14 UTC 2019
8 ms. Memory: 48128K Free: 23843K (50%)
ptolemy.util.test.WatchDog.cancel(): canceling Fri Dec 20 06:21:14 UTC 2019
------------------ testing $PTII/ptolemy/domains/de/test/auto/ResetTransitionWithStartTime2.xml
auto.tcl: Setting watchdog for 200 seconds at Fri Dec 20 06:21:14 UTC 2019
5 ms. Memory: 48128K Free: 26301K (55%)
ptolemy.util.test.WatchDog.cancel(): canceling Fri Dec 20 06:21:14 UTC 2019
auto.tcl: Setting watchdog for 200 seconds at Fri Dec 20 06:21:14 UTC 2019
6 ms. Memory: 48128K Free: 23769K (49%)
ptolemy.util.test.WatchDog.cancel(): canceling Fri Dec 20 06:21:14 UTC 2019
------------------ testing $PTII/ptolemy/domains/de/test/auto/ResetTransitionWithStartTime3.xml
auto.tcl: Setting watchdog for 200 seconds at Fri Dec 20 06:21:14 UTC 2019
10 ms. Memory: 48128K Free: 26300K (55%)
ptolemy.util.test.WatchDog.cancel(): canceling Fri Dec 20 06:21:14 UTC 2019
auto.tcl: Setting watchdog for 200 seconds at Fri Dec 20 06:21:14 UTC 2019
5 ms. Memory: 48128K Free: 23750K (49%)
ptolemy.util.test.WatchDog.cancel(): canceling Fri Dec 20 06:21:14 UTC 2019
------------------ testing $PTII/ptolemy/domains/de/test/auto/ResetTransitionWithStartTime4.xml
auto.tcl: Setting watchdog for 200 seconds at Fri Dec 20 06:21:14 UTC 2019
9 ms. Memory: 48128K Free: 26768K (56%)
ptolemy.util.test.WatchDog.cancel(): canceling Fri Dec 20 06:21:14 UTC 2019
auto.tcl: Setting watchdog for 200 seconds at Fri Dec 20 06:21:14 UTC 2019
4 ms. Memory: 48128K Free: 25327K (53%)
ptolemy.util.test.WatchDog.cancel(): canceling Fri Dec 20 06:21:14 UTC 2019
------------------ testing $PTII/ptolemy/domains/de/test/auto/ResettableTimer1.xml
auto.tcl: Setting watchdog for 200 seconds at Fri Dec 20 06:21:14 UTC 2019
4 ms. Memory: 48128K Free: 30778K (64%)
ptolemy.util.test.WatchDog.cancel(): canceling Fri Dec 20 06:21:14 UTC 2019
auto.tcl: Setting watchdog for 200 seconds at Fri Dec 20 06:21:14 UTC 2019
2 ms. Memory: 48128K Free: 29920K (62%)
ptolemy.util.test.WatchDog.cancel(): canceling Fri Dec 20 06:21:14 UTC 2019
------------------ testing $PTII/ptolemy/domains/de/test/auto/ResettableTimer2.xml
auto.tcl: Setting watchdog for 200 seconds at Fri Dec 20 06:21:14 UTC 2019
2 ms. Memory: 48128K Free: 30595K (64%)
ptolemy.util.test.WatchDog.cancel(): canceling Fri Dec 20 06:21:14 UTC 2019
auto.tcl: Setting watchdog for 200 seconds at Fri Dec 20 06:21:14 UTC 2019
2 ms. Memory: 48128K Free: 29505K (61%)
ptolemy.util.test.WatchDog.cancel(): canceling Fri Dec 20 06:21:15 UTC 2019
------------------ testing $PTII/ptolemy/domains/de/test/auto/ResettableTimer3.xml
auto.tcl: Setting watchdog for 200 seconds at Fri Dec 20 06:21:15 UTC 2019
1 ms. Memory: 48128K Free: 30876K (64%)
ptolemy.util.test.WatchDog.cancel(): canceling Fri Dec 20 06:21:15 UTC 2019
auto.tcl: Setting watchdog for 200 seconds at Fri Dec 20 06:21:15 UTC 2019
1 ms. Memory: 48128K Free: 29978K (62%)
ptolemy.util.test.WatchDog.cancel(): canceling Fri Dec 20 06:21:15 UTC 2019
------------------ testing $PTII/ptolemy/domains/de/test/auto/ResettableTimer4.xml
auto.tcl: Setting watchdog for 200 seconds at Fri Dec 20 06:21:15 UTC 2019
1 ms. Memory: 48128K Free: 30474K (63%)
ptolemy.util.test.WatchDog.cancel(): canceling Fri Dec 20 06:21:15 UTC 2019
auto.tcl: Setting watchdog for 200 seconds at Fri Dec 20 06:21:15 UTC 2019
2 ms. Memory: 48128K Free: 29978K (62%)
ptolemy.util.test.WatchDog.cancel(): canceling Fri Dec 20 06:21:15 UTC 2019
------------------ testing $PTII/ptolemy/domains/de/test/auto/ResettableTimer5.xml
auto.tcl: Setting watchdog for 200 seconds at Fri Dec 20 06:21:15 UTC 2019
5 ms. Memory: 48128K Free: 29888K (62%)
ptolemy.util.test.WatchDog.cancel(): canceling Fri Dec 20 06:21:15 UTC 2019
auto.tcl: Setting watchdog for 200 seconds at Fri Dec 20 06:21:15 UTC 2019
2 ms. Memory: 48128K Free: 29436K (61%)
ptolemy.util.test.WatchDog.cancel(): canceling Fri Dec 20 06:21:15 UTC 2019
------------------ testing $PTII/ptolemy/domains/de/test/auto/ResettableTimer6.xml
auto.tcl: Setting watchdog for 200 seconds at Fri Dec 20 06:21:15 UTC 2019
2 ms. Memory: 48128K Free: 29891K (62%)
ptolemy.util.test.WatchDog.cancel(): canceling Fri Dec 20 06:21:15 UTC 2019
auto.tcl: Setting watchdog for 200 seconds at Fri Dec 20 06:21:15 UTC 2019
2 ms. Memory: 48128K Free: 29423K (61%)
ptolemy.util.test.WatchDog.cancel(): canceling Fri Dec 20 06:21:15 UTC 2019
------------------ testing $PTII/ptolemy/domains/de/test/auto/ServerZeroDelay.xml
auto.tcl: Setting watchdog for 200 seconds at Fri Dec 20 06:21:15 UTC 2019
6 ms. Memory: 48128K Free: 30515K (63%)
ptolemy.util.test.WatchDog.cancel(): canceling Fri Dec 20 06:21:15 UTC 2019
auto.tcl: Setting watchdog for 200 seconds at Fri Dec 20 06:21:15 UTC 2019
2 ms. Memory: 48128K Free: 29455K (61%)
ptolemy.util.test.WatchDog.cancel(): canceling Fri Dec 20 06:21:15 UTC 2019
------------------ testing $PTII/ptolemy/domains/de/test/auto/SmartSender.xml
auto.tcl: Setting watchdog for 200 seconds at Fri Dec 20 06:21:15 UTC 2019
3002 ms. Memory: 48128K Free: 30448K (63%)
ptolemy.util.test.WatchDog.cancel(): canceling Fri Dec 20 06:21:18 UTC 2019
auto.tcl: Setting watchdog for 200 seconds at Fri Dec 20 06:21:18 UTC 2019
3001 ms. Memory: 48128K Free: 29936K (62%)
ptolemy.util.test.WatchDog.cancel(): canceling Fri Dec 20 06:21:21 UTC 2019
------------------ testing $PTII/ptolemy/domains/de/test/auto/ThreadedComposite.xml
auto.tcl: Setting watchdog for 200 seconds at Fri Dec 20 06:21:21 UTC 2019
252 ms. Memory: 48128K Free: 9955K (21%)
ptolemy.util.test.WatchDog.cancel(): canceling Fri Dec 20 06:21:21 UTC 2019
auto.tcl: Setting watchdog for 200 seconds at Fri Dec 20 06:21:21 UTC 2019
256 ms. Memory: 48128K Free: 18451K (38%)
ptolemy.util.test.WatchDog.cancel(): canceling Fri Dec 20 06:21:21 UTC 2019
------------------ testing $PTII/ptolemy/domains/de/test/auto/Time.xml
auto.tcl: Setting watchdog for 200 seconds at Fri Dec 20 06:21:21 UTC 2019
620 ms. Memory: 48128K Free: 30191K (63%)
ptolemy.util.test.WatchDog.cancel(): canceling Fri Dec 20 06:21:22 UTC 2019
auto.tcl: Setting watchdog for 200 seconds at Fri Dec 20 06:21:22 UTC 2019
575 ms. Memory: 48128K Free: 29238K (61%)
ptolemy.util.test.WatchDog.cancel(): canceling Fri Dec 20 06:21:23 UTC 2019
------------------ testing $PTII/ptolemy/domains/de/test/auto/TimeDelayZeroDelay.xml
auto.tcl: Setting watchdog for 200 seconds at Fri Dec 20 06:21:23 UTC 2019
2 ms. Memory: 48128K Free: 30847K (64%)
ptolemy.util.test.WatchDog.cancel(): canceling Fri Dec 20 06:21:23 UTC 2019
auto.tcl: Setting watchdog for 200 seconds at Fri Dec 20 06:21:23 UTC 2019
2 ms. Memory: 48128K Free: 29950K (62%)
ptolemy.util.test.WatchDog.cancel(): canceling Fri Dec 20 06:21:23 UTC 2019
------------------ testing $PTII/ptolemy/domains/de/test/auto/TimerZeroDelay.xml
auto.tcl: Setting watchdog for 200 seconds at Fri Dec 20 06:21:23 UTC 2019
2 ms. Memory: 48128K Free: 30825K (64%)
ptolemy.util.test.WatchDog.cancel(): canceling Fri Dec 20 06:21:23 UTC 2019
auto.tcl: Setting watchdog for 200 seconds at Fri Dec 20 06:21:23 UTC 2019
2 ms. Memory: 48128K Free: 29992K (62%)
ptolemy.util.test.WatchDog.cancel(): canceling Fri Dec 20 06:21:23 UTC 2019
------------------ testing $PTII/ptolemy/domains/de/test/auto/TimingParadox.xml
auto.tcl: Setting watchdog for 200 seconds at Fri Dec 20 06:21:23 UTC 2019
355 ms. Memory: 48128K Free: 10813K (22%)
ptolemy.util.test.WatchDog.cancel(): canceling Fri Dec 20 06:21:23 UTC 2019
auto.tcl: Setting watchdog for 200 seconds at Fri Dec 20 06:21:23 UTC 2019
354 ms. Memory: 48128K Free: 19339K (40%)
ptolemy.util.test.WatchDog.cancel(): canceling Fri Dec 20 06:21:24 UTC 2019
------------------ testing $PTII/ptolemy/domains/de/test/auto/TransferInputs.xml
auto.tcl: Setting watchdog for 200 seconds at Fri Dec 20 06:21:24 UTC 2019
2 ms. Memory: 48128K Free: 28845K (60%)
ptolemy.util.test.WatchDog.cancel(): canceling Fri Dec 20 06:21:24 UTC 2019
auto.tcl: Setting watchdog for 200 seconds at Fri Dec 20 06:21:24 UTC 2019
2 ms. Memory: 48128K Free: 27979K (58%)
ptolemy.util.test.WatchDog.cancel(): canceling Fri Dec 20 06:21:24 UTC 2019
------------------ testing $PTII/ptolemy/domains/de/test/auto/TransferOutputs2.xml
auto.tcl: Setting watchdog for 200 seconds at Fri Dec 20 06:21:24 UTC 2019
3 ms. Memory: 48128K Free: 26304K (55%)
ptolemy.util.test.WatchDog.cancel(): canceling Fri Dec 20 06:21:24 UTC 2019
auto.tcl: Setting watchdog for 200 seconds at Fri Dec 20 06:21:24 UTC 2019
3 ms. Memory: 48128K Free: 24893K (52%)
ptolemy.util.test.WatchDog.cancel(): canceling Fri Dec 20 06:21:24 UTC 2019
------------------ testing $PTII/ptolemy/domains/de/test/auto/Trilateration.xml
auto.tcl: Setting watchdog for 200 seconds at Fri Dec 20 06:21:24 UTC 2019
13563 ms. Memory: 498688K Free: 436094K (87%)
ptolemy.util.test.WatchDog.cancel(): canceling Fri Dec 20 06:21:39 UTC 2019
auto.tcl: Setting watchdog for 200 seconds at Fri Dec 20 06:21:39 UTC 2019
9202 ms. Memory: 498688K Free: 440997K (88%)
ptolemy.util.test.WatchDog.cancel(): canceling Fri Dec 20 06:21:48 UTC 2019
------------------ testing $PTII/ptolemy/domains/de/test/auto/TwoSigmaDelta.xml
auto.tcl: Setting watchdog for 200 seconds at Fri Dec 20 06:21:48 UTC 2019
2336 ms. Memory: 86016K Free: 52608K (61%)
ptolemy.util.test.WatchDog.cancel(): canceling Fri Dec 20 06:21:50 UTC 2019
auto.tcl: Setting watchdog for 200 seconds at Fri Dec 20 06:21:50 UTC 2019
1745 ms. Memory: 86016K Free: 38773K (45%)
ptolemy.util.test.WatchDog.cancel(): canceling Fri Dec 20 06:21:52 UTC 2019
------------------ testing $PTII/ptolemy/domains/de/test/auto/VariableDelay.xml
auto.tcl: Setting watchdog for 200 seconds at Fri Dec 20 06:21:52 UTC 2019
2 ms. Memory: 51200K Free: 32403K (63%)
ptolemy.util.test.WatchDog.cancel(): canceling Fri Dec 20 06:21:52 UTC 2019
auto.tcl: Setting watchdog for 200 seconds at Fri Dec 20 06:21:52 UTC 2019
2 ms. Memory: 51200K Free: 31409K (61%)
ptolemy.util.test.WatchDog.cancel(): canceling Fri Dec 20 06:21:52 UTC 2019
------------------ testing $PTII/ptolemy/domains/de/test/auto/VariableDelay2.xml
auto.tcl: Setting watchdog for 200 seconds at Fri Dec 20 06:21:52 UTC 2019
7 ms. Memory: 51200K Free: 32801K (64%)
ptolemy.util.test.WatchDog.cancel(): canceling Fri Dec 20 06:21:52 UTC 2019
auto.tcl: Setting watchdog for 200 seconds at Fri Dec 20 06:21:52 UTC 2019
2 ms. Memory: 51200K Free: 31793K (62%)
ptolemy.util.test.WatchDog.cancel(): canceling Fri Dec 20 06:21:52 UTC 2019
------------------ testing $PTII/ptolemy/domains/de/test/auto/VariableDelayZeroDelay.xml
auto.tcl: Setting watchdog for 200 seconds at Fri Dec 20 06:21:52 UTC 2019
2 ms. Memory: 51200K Free: 33443K (65%)
ptolemy.util.test.WatchDog.cancel(): canceling Fri Dec 20 06:21:52 UTC 2019
auto.tcl: Setting watchdog for 200 seconds at Fri Dec 20 06:21:52 UTC 2019
2 ms. Memory: 51200K Free: 32800K (64%)
ptolemy.util.test.WatchDog.cancel(): canceling Fri Dec 20 06:21:52 UTC 2019
------------------ testing $PTII/ptolemy/domains/de/test/auto/VariableDelayZeroDelay2.xml
auto.tcl: Setting watchdog for 200 seconds at Fri Dec 20 06:21:52 UTC 2019
1 ms. Memory: 51200K Free: 33343K (65%)
ptolemy.util.test.WatchDog.cancel(): canceling Fri Dec 20 06:21:52 UTC 2019
auto.tcl: Setting watchdog for 200 seconds at Fri Dec 20 06:21:52 UTC 2019
2 ms. Memory: 51200K Free: 32319K (63%)
ptolemy.util.test.WatchDog.cancel(): canceling Fri Dec 20 06:21:52 UTC 2019
------------------ testing $PTII/ptolemy/domains/de/test/auto/deInCt.xml
auto.tcl: Setting watchdog for 200 seconds at Fri Dec 20 06:21:52 UTC 2019
0
1
1
1
1
0
0
0
1
1
1
1
0
0
0
1
1
1
0
0
0
0
1
1
1
1
1
1
0
0
0
1
1
1
0
0
0
0
23 ms. Memory: 48128K Free: 29245K (61%)
ptolemy.util.test.WatchDog.cancel(): canceling Fri Dec 20 06:21:52 UTC 2019
auto.tcl: Setting watchdog for 200 seconds at Fri Dec 20 06:21:52 UTC 2019
0
1
1
1
1
1
1
0
0
0
1
1
0
0
0
1
1
1
1
0
0
0
1
1
1
1
1
1
7 ms. Memory: 48128K Free: 27714K (58%)
ptolemy.util.test.WatchDog.cancel(): canceling Fri Dec 20 06:21:52 UTC 2019
------------------ testing $PTII/ptolemy/domains/de/test/auto/deInCt2.xml
auto.tcl: Setting watchdog for 200 seconds at Fri Dec 20 06:21:52 UTC 2019
0
1
1
1
0
0
1
1
1
0
0
1
1
1
0
0
1
1
1
0
0
1
1
1
0
0
1
1
1
0
0
1
1
1
0
0
1
1
1
0
0
0
9 ms. Memory: 48128K Free: 29247K (61%)
ptolemy.util.test.WatchDog.cancel(): canceling Fri Dec 20 06:21:52 UTC 2019
auto.tcl: Setting watchdog for 200 seconds at Fri Dec 20 06:21:52 UTC 2019
0
1
1
1
0
0
1
1
1
0
0
1
1
1
0
0
1
1
1
0
0
1
1
1
0
0
1
1
1
0
0
1
1
1
0
0
1
1
1
0
0
0
7 ms. Memory: 48128K Free: 27720K (58%)
ptolemy.util.test.WatchDog.cancel(): canceling Fri Dec 20 06:21:52 UTC 2019
------------------ testing $PTII/ptolemy/domains/de/test/auto/dynamicCausalityInterface1.xml
auto.tcl: Setting watchdog for 200 seconds at Fri Dec 20 06:21:52 UTC 2019
2 ms. Memory: 48128K Free: 24595K (51%)
ptolemy.util.test.WatchDog.cancel(): canceling Fri Dec 20 06:21:52 UTC 2019
auto.tcl: Setting watchdog for 200 seconds at Fri Dec 20 06:21:52 UTC 2019
1 ms. Memory: 48128K Free: 24121K (50%)
ptolemy.util.test.WatchDog.cancel(): canceling Fri Dec 20 06:21:52 UTC 2019
------------------ testing $PTII/ptolemy/domains/de/test/auto/fsm_de_test.xml
auto.tcl: Setting watchdog for 200 seconds at Fri Dec 20 06:21:52 UTC 2019
11 ms. Memory: 48128K Free: 24516K (51%)
ptolemy.util.test.WatchDog.cancel(): canceling Fri Dec 20 06:21:53 UTC 2019
auto.tcl: Setting watchdog for 200 seconds at Fri Dec 20 06:21:53 UTC 2019
7 ms. Memory: 48128K Free: 22996K (48%)
ptolemy.util.test.WatchDog.cancel(): canceling Fri Dec 20 06:21:53 UTC 2019
------------------ testing $PTII/ptolemy/domains/de/test/auto/functionDependencyReconstruction.xml
auto.tcl: Setting watchdog for 200 seconds at Fri Dec 20 06:21:53 UTC 2019
3 ms. Memory: 48128K Free: 18986K (39%)
ptolemy.util.test.WatchDog.cancel(): canceling Fri Dec 20 06:21:53 UTC 2019
auto.tcl: Setting watchdog for 200 seconds at Fri Dec 20 06:21:53 UTC 2019
3 ms. Memory: 48128K Free: 16842K (35%)
ptolemy.util.test.WatchDog.cancel(): canceling Fri Dec 20 06:21:53 UTC 2019
------------------ testing $PTII/ptolemy/domains/de/test/auto/multirate.xml
auto.tcl: Setting watchdog for 200 seconds at Fri Dec 20 06:21:53 UTC 2019
3 ms. Memory: 48128K Free: 27125K (56%)
ptolemy.util.test.WatchDog.cancel(): canceling Fri Dec 20 06:21:53 UTC 2019
auto.tcl: Setting watchdog for 200 seconds at Fri Dec 20 06:21:53 UTC 2019
2 ms. Memory: 48128K Free: 25999K (54%)
ptolemy.util.test.WatchDog.cancel(): canceling Fri Dec 20 06:21:53 UTC 2019
------------------ testing $PTII/ptolemy/domains/de/test/auto/multirate2.xml
auto.tcl: Setting watchdog for 200 seconds at Fri Dec 20 06:21:53 UTC 2019
2 ms. Memory: 48128K Free: 27870K (58%)
ptolemy.util.test.WatchDog.cancel(): canceling Fri Dec 20 06:21:53 UTC 2019
auto.tcl: Setting watchdog for 200 seconds at Fri Dec 20 06:21:53 UTC 2019
3 ms. Memory: 48128K Free: 26166K (54%)
ptolemy.util.test.WatchDog.cancel(): canceling Fri Dec 20 06:21:53 UTC 2019
------------------ testing $PTII/ptolemy/domains/de/test/auto/realtime.xml
auto.tcl: Setting watchdog for 200 seconds at Fri Dec 20 06:21:53 UTC 2019
10002 ms. Memory: 48128K Free: 29916K (62%)
ptolemy.util.test.WatchDog.cancel(): canceling Fri Dec 20 06:22:03 UTC 2019
auto.tcl: Setting watchdog for 200 seconds at Fri Dec 20 06:22:03 UTC 2019
10002 ms. Memory: 48128K Free: 29191K (61%)
ptolemy.util.test.WatchDog.cancel(): canceling Fri Dec 20 06:22:13 UTC 2019
------------------ testing $PTII/ptolemy/domains/de/test/auto/relationGroup.xml
auto.tcl: Setting watchdog for 200 seconds at Fri Dec 20 06:22:13 UTC 2019
2 ms. Memory: 48128K Free: 31025K (64%)
ptolemy.util.test.WatchDog.cancel(): canceling Fri Dec 20 06:22:13 UTC 2019
auto.tcl: Setting watchdog for 200 seconds at Fri Dec 20 06:22:13 UTC 2019
2 ms. Memory: 48128K Free: 30515K (63%)
ptolemy.util.test.WatchDog.cancel(): canceling Fri Dec 20 06:22:13 UTC 2019
------------------ testing $PTII/ptolemy/domains/de/test/auto/relationGroup2.xml
auto.tcl: Setting watchdog for 200 seconds at Fri Dec 20 06:22:13 UTC 2019
1 ms. Memory: 48128K Free: 31051K (65%)
ptolemy.util.test.WatchDog.cancel(): canceling Fri Dec 20 06:22:13 UTC 2019
auto.tcl: Setting watchdog for 200 seconds at Fri Dec 20 06:22:13 UTC 2019
2 ms. Memory: 48128K Free: 30296K (63%)
ptolemy.util.test.WatchDog.cancel(): canceling Fri Dec 20 06:22:13 UTC 2019
------------------ testing $PTII/ptolemy/domains/de/test/auto/sortWithOpaquePorts.xml
auto.tcl: Setting watchdog for 200 seconds at Fri Dec 20 06:22:13 UTC 2019
2 ms. Memory: 48128K Free: 29769K (62%)
ptolemy.util.test.WatchDog.cancel(): canceling Fri Dec 20 06:22:13 UTC 2019
auto.tcl: Setting watchdog for 200 seconds at Fri Dec 20 06:22:13 UTC 2019
2 ms. Memory: 48128K Free: 28764K (60%)
ptolemy.util.test.WatchDog.cancel(): canceling Fri Dec 20 06:22:13 UTC 2019
------------------ testing $PTII/ptolemy/domains/de/test/auto/transferInputsandOutputs.xml
auto.tcl: Setting watchdog for 200 seconds at Fri Dec 20 06:22:13 UTC 2019
2 ms. Memory: 48128K Free: 27212K (57%)
ptolemy.util.test.WatchDog.cancel(): canceling Fri Dec 20 06:22:13 UTC 2019
auto.tcl: Setting watchdog for 200 seconds at Fri Dec 20 06:22:13 UTC 2019
3 ms. Memory: 48128K Free: 26209K (54%)
ptolemy.util.test.WatchDog.cancel(): canceling Fri Dec 20 06:22:13 UTC 2019
------------------ testing $PTII/ptolemy/domains/de/test/auto/triggerType.xml
auto.tcl: Setting watchdog for 200 seconds at Fri Dec 20 06:22:13 UTC 2019
1 ms. Memory: 48128K Free: 30237K (63%)
ptolemy.util.test.WatchDog.cancel(): canceling Fri Dec 20 06:22:13 UTC 2019
auto.tcl: Setting watchdog for 200 seconds at Fri Dec 20 06:22:13 UTC 2019
1 ms. Memory: 48128K Free: 29266K (61%)
ptolemy.util.test.WatchDog.cancel(): canceling Fri Dec 20 06:22:13 UTC 2019
12/20/19 06:22:13
Failed: 0  Total Tests: 192  ((Passed: 187, Newly Passed: 1)  Known Failed: 5) /home/travis/build/icyphy/ptII/ptolemy/domains/de/test
12/20/19 06:22:13
Failed: 0  Total Tests: 192  ((Passed: 187, Newly Passed: 1)  Known Failed: 5) /home/travis/build/icyphy/ptII/ptolemy/domains/de/test
----------------- testing (KnownFailure) /home/travis/build/icyphy/ptII/ptolemy/domains/de/test/auto/knownFailedTests/DESDFClockTest.xml
2022 ms. Memory: 48128K Free: 23122K (48%)
Known Failure: java.lang.reflect.InvocationTargetException
----------------- testing (KnownFailure) /home/travis/build/icyphy/ptII/ptolemy/domains/de/test/auto/knownFailedTests/DirectFeedback.xml
2 ms. Memory: 48128K Free: 19536K (41%)
Known Failure: java.lang.reflect.InvocationTargetException
----------------- testing (KnownFailure) /home/travis/build/icyphy/ptII/ptolemy/domains/de/test/auto/knownFailedTests/FSMSource.xml
11 ms. Memory: 48128K Free: 11330K (24%)
----------------- testing (KnownFailure) /home/travis/build/icyphy/ptII/ptolemy/domains/de/test/auto/knownFailedTests/HierarchicalModel.xml
3 ms. Memory: 48128K Free: 21243K (44%)
Known Failure: java.lang.reflect.InvocationTargetException
----------------- testing (KnownFailure) /home/travis/build/icyphy/ptII/ptolemy/domains/de/test/auto/knownFailedTests/dependencyLoop.xml
2 ms. Memory: 48128K Free: 31526K (66%)
Known Failure: java.lang.reflect.InvocationTargetException
----------------- testing (KnownFailure) /home/travis/build/icyphy/ptII/ptolemy/domains/de/test/auto/knownFailedTests/dependencyLoop2.xml
6 ms. Memory: 48128K Free: 16590K (34%)
Known Failure: java.lang.reflect.InvocationTargetException
No auto/linux-amd64/*.xml tests in /home/travis/build/icyphy/ptII/ptolemy/domains/de/test
AutoTests.java: About to close Vertx.
AutoTests.java: Vertx closed.

===========================================================================================
----------------- testing Fri Dec 20 06:22:15 UTC 2019 /home/travis/build/icyphy/ptII/ptolemy/domains/de/test/auto/ActorDepthCalculation_actorWithoutPorts.xml
----------------- Instantiating /home/travis/build/icyphy/ptII/ptolemy/domains/de/test/auto/ActorDepthCalculation_actorWithoutPorts.xml
2 ms. Memory: 48128K Free: 10022K (21%)
----------------- Invoking toplevel() on ptolemy.moml.MoMLSimpleApplication@53457d63
----------------- Done invoking toplevel() on ptolemy.moml.MoMLSimpleApplication@53457d63
reloadAllAccessors: .ActorDepthCalculation_actorWithoutPorts

===========================================================================================
----------------- testing Fri Dec 20 06:22:15 UTC 2019 /home/travis/build/icyphy/ptII/ptolemy/domains/de/test/auto/AssemblyLine.xml
----------------- Instantiating /home/travis/build/icyphy/ptII/ptolemy/domains/de/test/auto/AssemblyLine.xml
3 ms. Memory: 48128K Free: 28863K (60%)
----------------- Invoking toplevel() on ptolemy.moml.MoMLSimpleApplication@41ea0363
----------------- Done invoking toplevel() on ptolemy.moml.MoMLSimpleApplication@41ea0363
reloadAllAccessors: .AssemblyLine

===========================================================================================
----------------- testing Fri Dec 20 06:22:15 UTC 2019 /home/travis/build/icyphy/ptII/ptolemy/domains/de/test/auto/CQBug1.xml
----------------- Instantiating /home/travis/build/icyphy/ptII/ptolemy/domains/de/test/auto/CQBug1.xml
1 ms. Memory: 48128K Free: 25951K (54%)
----------------- Invoking toplevel() on ptolemy.moml.MoMLSimpleApplication@2fe52f72
----------------- Done invoking toplevel() on ptolemy.moml.MoMLSimpleApplication@2fe52f72
reloadAllAccessors: .CQBug1

===========================================================================================
----------------- testing Fri Dec 20 06:22:15 UTC 2019 /home/travis/build/icyphy/ptII/ptolemy/domains/de/test/auto/CancelFireAt.xml
----------------- Instantiating /home/travis/build/icyphy/ptII/ptolemy/domains/de/test/auto/CancelFireAt.xml
2 ms. Memory: 48128K Free: 23455K (49%)
----------------- Invoking toplevel() on ptolemy.moml.MoMLSimpleApplication@349301b0
----------------- Done invoking toplevel() on ptolemy.moml.MoMLSimpleApplication@349301b0
reloadAllAccessors: .CancelFireAt

===========================================================================================
----------------- testing Fri Dec 20 06:22:15 UTC 2019 /home/travis/build/icyphy/ptII/ptolemy/domains/de/test/auto/CausalityAndComposabilityAnalysis.xml
----------------- Instantiating /home/travis/build/icyphy/ptII/ptolemy/domains/de/test/auto/CausalityAndComposabilityAnalysis.xml
8 ms. Memory: 48128K Free: 19119K (40%)
----------------- Invoking toplevel() on ptolemy.moml.MoMLSimpleApplication@673aad60
----------------- Done invoking toplevel() on ptolemy.moml.MoMLSimpleApplication@673aad60
reloadAllAccessors: .CausalityAndComposabilityAnalysis

===========================================================================================
----------------- testing Fri Dec 20 06:22:16 UTC 2019 /home/travis/build/icyphy/ptII/ptolemy/domains/de/test/auto/CausalityInterface1.xml
----------------- Instantiating /home/travis/build/icyphy/ptII/ptolemy/domains/de/test/auto/CausalityInterface1.xml
5 ms. Memory: 48128K Free: 14013K (29%)
----------------- Invoking toplevel() on ptolemy.moml.MoMLSimpleApplication@44f391b1
----------------- Done invoking toplevel() on ptolemy.moml.MoMLSimpleApplication@44f391b1
reloadAllAccessors: .CausalityInterface1

===========================================================================================
----------------- testing Fri Dec 20 06:22:16 UTC 2019 /home/travis/build/icyphy/ptII/ptolemy/domains/de/test/auto/CausalityInterface15.xml
----------------- Instantiating /home/travis/build/icyphy/ptII/ptolemy/domains/de/test/auto/CausalityInterface15.xml
1 ms. Memory: 48128K Free: 8559K (18%)
----------------- Invoking toplevel() on ptolemy.moml.MoMLSimpleApplication@6ddf15ac
----------------- Done invoking toplevel() on ptolemy.moml.MoMLSimpleApplication@6ddf15ac
reloadAllAccessors: .CausalityInterface15

===========================================================================================
----------------- testing Fri Dec 20 06:22:16 UTC 2019 /home/travis/build/icyphy/ptII/ptolemy/domains/de/test/auto/CausalityInterface2.xml
----------------- Instantiating /home/travis/build/icyphy/ptII/ptolemy/domains/de/test/auto/CausalityInterface2.xml
1 ms. Memory: 48128K Free: 29734K (62%)
[...]
	at ptolemy.actor.Manager.run(Manager.java:1263)
	at ptolemy.actor.Manager$PtolemyRunThread.run(Manager.java:1933)
java.lang.RuntimeException: Execution failed
	at ptolemy.moml.MoMLSimpleApplication$UnloadThread.run(MoMLSimpleApplication.java:402)
Caused by: ptolemy.kernel.util.IllegalActionException: Actor is not ready to fire.  Perhaps UpSample.prefire() returned false? Try debugging the actor by selecting "Listen to Actor".  Also, for SDF check moml for tokenConsumptionRate on input.
  in .DESDFClockTest.Play Bell.Copy1:SDF Director and .DESDFClockTest.Play Bell.UpSample
	at ptolemy.actor.sched.StaticSchedulingDirector.fire(StaticSchedulingDirector.java:227)
	at ptolemy.domains.sdf.kernel.SDFDirector.fire(SDFDirector.java:500)
	at ptolemy.actor.CompositeActor.fire(CompositeActor.java:455)
	at ptolemy.domains.de.kernel.DEDirector._fire(DEDirector.java:1949)
	at ptolemy.domains.de.kernel.DEDirector.fire(DEDirector.java:502)
	at ptolemy.actor.CompositeActor.fire(CompositeActor.java:455)
	at ptolemy.actor.Manager.iterate(Manager.java:851)
	at ptolemy.actor.Manager.execute(Manager.java:369)
	at ptolemy.actor.Manager.run(Manager.java:1263)
	at ptolemy.actor.Manager$PtolemyRunThread.run(Manager.java:1933)
java.lang.reflect.InvocationTargetException
	at java.base/jdk.internal.reflect.NativeConstructorAccessorImpl.newInstance0(Native Method)
	at java.base/jdk.internal.reflect.NativeConstructorAccessorImpl.newInstance(NativeConstructorAccessorImpl.java:62)
	at java.base/jdk.internal.reflect.DelegatingConstructorAccessorImpl.newInstance(DelegatingConstructorAccessorImpl.java:45)
	at java.base/java.lang.reflect.Constructor.newInstance(Constructor.java:490)
	at ptolemy.util.test.junit.AutoKnownFailedTests.RunModel(AutoKnownFailedTests.java:105)
	at java.base/jdk.internal.reflect.NativeMethodAccessorImpl.invoke0(Native Method)
	at java.base/jdk.internal.reflect.NativeMethodAccessorImpl.invoke(NativeMethodAccessorImpl.java:62)
	at java.base/jdk.internal.reflect.DelegatingMethodAccessorImpl.invoke(DelegatingMethodAccessorImpl.java:43)
	at java.base/java.lang.reflect.Method.invoke(Method.java:566)
	at org.junit.runners.model.FrameworkMethod$1.runReflectiveCall(FrameworkMethod.java:44)
	at org.junit.internal.runners.model.ReflectiveCallable.run(ReflectiveCallable.java:15)
	at org.junit.runners.model.FrameworkMethod.invokeExplosively(FrameworkMethod.java:41)
	at junitparams.internal.InvokeParameterisedMethod.evaluate(InvokeParameterisedMethod.java:102)
	at org.junit.internal.runners.statements.FailOnTimeout$1.run(FailOnTimeout.java:28)
Caused by: ptolemy.kernel.util.IllegalActionException: Actor is not ready to fire.  Perhaps UpSample.prefire() returned false? Try debugging the actor by selecting "Listen to Actor".  Also, for SDF check moml for tokenConsumptionRate on input.
  in .DESDFClockTest.Play Bell.Copy1:SDF Director and .DESDFClockTest.Play Bell.UpSample
	at ptolemy.actor.sched.StaticSchedulingDirector.fire(StaticSchedulingDirector.java:227)
	at ptolemy.domains.sdf.kernel.SDFDirector.fire(SDFDirector.java:500)
	at ptolemy.actor.CompositeActor.fire(CompositeActor.java:455)
	at ptolemy.domains.de.kernel.DEDirector._fire(DEDirector.java:1949)
	at ptolemy.domains.de.kernel.DEDirector.fire(DEDirector.java:502)
	at ptolemy.actor.CompositeActor.fire(CompositeActor.java:455)
	at ptolemy.actor.Manager.iterate(Manager.java:851)
	at ptolemy.actor.Manager.execute(Manager.java:369)
	at ptolemy.actor.Manager.run(Manager.java:1263)
	at ptolemy.actor.Manager$PtolemyRunThread.run(Manager.java:1933)
java.lang.RuntimeException: Execution failed
	at ptolemy.moml.MoMLSimpleApplication$UnloadThread.run(MoMLSimpleApplication.java:402)
Caused by: ptolemy.kernel.util.IllegalActionException: Test fails in iteration 1.
Value was: 1.0. Should have been: 2.0
  in .DirectFeedback.Test
	at ptolemy.actor.lib.Test.fire(Test.java:268)
	at ptolemy.domains.de.kernel.DEDirector._fire(DEDirector.java:1949)
	at ptolemy.domains.de.kernel.DEDirector.fire(DEDirector.java:502)
	at ptolemy.actor.CompositeActor.fire(CompositeActor.java:455)
	at ptolemy.actor.Manager.iterate(Manager.java:851)
	at ptolemy.actor.Manager.execute(Manager.java:369)
	at ptolemy.actor.Manager.run(Manager.java:1263)
	at ptolemy.actor.Manager$PtolemyRunThread.run(Manager.java:1933)
java.lang.reflect.InvocationTargetException
	at java.base/jdk.internal.reflect.NativeConstructorAccessorImpl.newInstance0(Native Method)
	at java.base/jdk.internal.reflect.NativeConstructorAccessorImpl.newInstance(NativeConstructorAccessorImpl.java:62)
	at java.base/jdk.internal.reflect.DelegatingConstructorAccessorImpl.newInstance(DelegatingConstructorAccessorImpl.java:45)
	at java.base/java.lang.reflect.Constructor.newInstance(Constructor.java:490)
	at ptolemy.util.test.junit.AutoKnownFailedTests.RunModel(AutoKnownFailedTests.java:105)
	at java.base/jdk.internal.reflect.NativeMethodAccessorImpl.invoke0(Native Method)
	at java.base/jdk.internal.reflect.NativeMethodAccessorImpl.invoke(NativeMethodAccessorImpl.java:62)
	at java.base/jdk.internal.reflect.DelegatingMethodAccessorImpl.invoke(DelegatingMethodAccessorImpl.java:43)
	at java.base/java.lang.reflect.Method.invoke(Method.java:566)
	at org.junit.runners.model.FrameworkMethod$1.runReflectiveCall(FrameworkMethod.java:44)
	at org.junit.internal.runners.model.ReflectiveCallable.run(ReflectiveCallable.java:15)
	at org.junit.runners.model.FrameworkMethod.invokeExplosively(FrameworkMethod.java:41)
	at junitparams.internal.InvokeParameterisedMethod.evaluate(InvokeParameterisedMethod.java:102)
	at org.junit.internal.runners.statements.FailOnTimeout$1.run(FailOnTimeout.java:28)
Caused by: ptolemy.kernel.util.IllegalActionException: Test fails in iteration 1.
Value was: 1.0. Should have been: 2.0
  in .DirectFeedback.Test
	at ptolemy.actor.lib.Test.fire(Test.java:268)
	at ptolemy.domains.de.kernel.DEDirector._fire(DEDirector.java:1949)
	at ptolemy.domains.de.kernel.DEDirector.fire(DEDirector.java:502)
	at ptolemy.actor.CompositeActor.fire(CompositeActor.java:455)
	at ptolemy.actor.Manager.iterate(Manager.java:851)
	at ptolemy.actor.Manager.execute(Manager.java:369)
	at ptolemy.actor.Manager.run(Manager.java:1263)
	at ptolemy.actor.Manager$PtolemyRunThread.run(Manager.java:1933)
java.lang.RuntimeException: Execution failed
	at ptolemy.moml.MoMLSimpleApplication$UnloadThread.run(MoMLSimpleApplication.java:402)
Caused by: ptolemy.kernel.util.IllegalActionException: Found a zero delay loop containing .HierarchicalModel.A
  in .HierarchicalModel and .HierarchicalModel.A
	at ptolemy.actor.util.CausalityInterfaceForComposites._computeOutputPortDepth(CausalityInterfaceForComposites.java:759)
	at ptolemy.actor.util.CausalityInterfaceForComposites._computeInputDepth(CausalityInterfaceForComposites.java:696)
	at ptolemy.actor.util.CausalityInterfaceForComposites._computeOutputPortDepth(CausalityInterfaceForComposites.java:765)
	at ptolemy.actor.util.CausalityInterfaceForComposites._computeInputDepth(CausalityInterfaceForComposites.java:696)
	at ptolemy.actor.util.CausalityInterfaceForComposites._computeOutputPortDepth(CausalityInterfaceForComposites.java:765)
	at ptolemy.actor.util.CausalityInterfaceForComposites._computeInputDepth(CausalityInterfaceForComposites.java:696)
	at ptolemy.actor.util.CausalityInterfaceForComposites._computeActorDepth(CausalityInterfaceForComposites.java:532)
	at ptolemy.actor.util.CausalityInterfaceForComposites.checkForCycles(CausalityInterfaceForComposites.java:96)
	at ptolemy.domains.de.kernel.DEDirector.preinitialize(DEDirector.java:1338)
	at ptolemy.actor.CompositeActor.preinitialize(CompositeActor.java:1828)
	at ptolemy.actor.Manager.preinitializeAndResolveTypes(Manager.java:1040)
	at ptolemy.actor.Manager.initialize(Manager.java:710)
	at ptolemy.actor.Manager.execute(Manager.java:356)
	at ptolemy.actor.Manager.run(Manager.java:1263)
	at ptolemy.actor.Manager$PtolemyRunThread.run(Manager.java:1933)
java.lang.reflect.InvocationTargetException
	at java.base/jdk.internal.reflect.NativeConstructorAccessorImpl.newInstance0(Native Method)
	at java.base/jdk.internal.reflect.NativeConstructorAccessorImpl.newInstance(NativeConstructorAccessorImpl.java:62)
	at java.base/jdk.internal.reflect.DelegatingConstructorAccessorImpl.newInstance(DelegatingConstructorAccessorImpl.java:45)
	at java.base/java.lang.reflect.Constructor.newInstance(Constructor.java:490)
	at ptolemy.util.test.junit.AutoKnownFailedTests.RunModel(AutoKnownFailedTests.java:105)
	at java.base/jdk.internal.reflect.NativeMethodAccessorImpl.invoke0(Native Method)
	at java.base/jdk.internal.reflect.NativeMethodAccessorImpl.invoke(NativeMethodAccessorImpl.java:62)
	at java.base/jdk.internal.reflect.DelegatingMethodAccessorImpl.invoke(DelegatingMethodAccessorImpl.java:43)
	at java.base/java.lang.reflect.Method.invoke(Method.java:566)
	at org.junit.runners.model.FrameworkMethod$1.runReflectiveCall(FrameworkMethod.java:44)
	at org.junit.internal.runners.model.ReflectiveCallable.run(ReflectiveCallable.java:15)
	at org.junit.runners.model.FrameworkMethod.invokeExplosively(FrameworkMethod.java:41)
	at junitparams.internal.InvokeParameterisedMethod.evaluate(InvokeParameterisedMethod.java:102)
	at org.junit.internal.runners.statements.FailOnTimeout$1.run(FailOnTimeout.java:28)
Caused by: ptolemy.kernel.util.IllegalActionException: Found a zero delay loop containing .HierarchicalModel.A
  in .HierarchicalModel and .HierarchicalModel.A
	at ptolemy.actor.util.CausalityInterfaceForComposites._computeOutputPortDepth(CausalityInterfaceForComposites.java:759)
	at ptolemy.actor.util.CausalityInterfaceForComposites._computeInputDepth(CausalityInterfaceForComposites.java:696)
	at ptolemy.actor.util.CausalityInterfaceForComposites._computeOutputPortDepth(CausalityInterfaceForComposites.java:765)
	at ptolemy.actor.util.CausalityInterfaceForComposites._computeInputDepth(CausalityInterfaceForComposites.java:696)
	at ptolemy.actor.util.CausalityInterfaceForComposites._computeOutputPortDepth(CausalityInterfaceForComposites.java:765)
	at ptolemy.actor.util.CausalityInterfaceForComposites._computeInputDepth(CausalityInterfaceForComposites.java:696)
	at ptolemy.actor.util.CausalityInterfaceForComposites._computeActorDepth(CausalityInterfaceForComposites.java:532)
	at ptolemy.actor.util.CausalityInterfaceForComposites.checkForCycles(CausalityInterfaceForComposites.java:96)
	at ptolemy.domains.de.kernel.DEDirector.preinitialize(DEDirector.java:1338)
	at ptolemy.actor.CompositeActor.preinitialize(CompositeActor.java:1828)
	at ptolemy.actor.Manager.preinitializeAndResolveTypes(Manager.java:1040)
	at ptolemy.actor.Manager.initialize(Manager.java:710)
	at ptolemy.actor.Manager.execute(Manager.java:356)
	at ptolemy.actor.Manager.run(Manager.java:1263)
	at ptolemy.actor.Manager$PtolemyRunThread.run(Manager.java:1933)
java.lang.RuntimeException: Execution failed
	at ptolemy.moml.MoMLSimpleApplication$UnloadThread.run(MoMLSimpleApplication.java:402)
Caused by: ptolemy.kernel.util.IllegalActionException: Found a zero delay loop containing .dependencyLoop.original
  in .dependencyLoop and .dependencyLoop.original
	at ptolemy.actor.util.CausalityInterfaceForComposites._computeOutputPortDepth(CausalityInterfaceForComposites.java:759)
	at ptolemy.actor.util.CausalityInterfaceForComposites._computeInputDepth(CausalityInterfaceForComposites.java:696)
	at ptolemy.actor.util.CausalityInterfaceForComposites._computeOutputPortDepth(CausalityInterfaceForComposites.java:765)
	at ptolemy.actor.util.CausalityInterfaceForComposites._computeInputDepth(CausalityInterfaceForComposites.java:696)
	at ptolemy.actor.util.CausalityInterfaceForComposites._computeOutputPortDepth(CausalityInterfaceForComposites.java:765)
	at ptolemy.actor.util.CausalityInterfaceForComposites._computeInputDepth(CausalityInterfaceForComposites.java:696)
	at ptolemy.actor.util.CausalityInterfaceForComposites._computeActorDepth(CausalityInterfaceForComposites.java:532)
	at ptolemy.actor.util.CausalityInterfaceForComposites.checkForCycles(CausalityInterfaceForComposites.java:96)
	at ptolemy.domains.de.kernel.DEDirector.preinitialize(DEDirector.java:1338)
	at ptolemy.actor.CompositeActor.preinitialize(CompositeActor.java:1828)
	at ptolemy.actor.Manager.preinitializeAndResolveTypes(Manager.java:1040)
	at ptolemy.actor.Manager.initialize(Manager.java:710)
	at ptolemy.actor.Manager.execute(Manager.java:356)
	at ptolemy.actor.Manager.run(Manager.java:1263)
	at ptolemy.actor.Manager$PtolemyRunThread.run(Manager.java:1933)
java.lang.reflect.InvocationTargetException
	at java.base/jdk.internal.reflect.NativeConstructorAccessorImpl.newInstance0(Native Method)
	at java.base/jdk.internal.reflect.NativeConstructorAccessorImpl.newInstance(NativeConstructorAccessorImpl.java:62)
	at java.base/jdk.internal.reflect.DelegatingConstructorAccessorImpl.newInstance(DelegatingConstructorAccessorImpl.java:45)
	at java.base/java.lang.reflect.Constructor.newInstance(Constructor.java:490)
	at ptolemy.util.test.junit.AutoKnownFailedTests.RunModel(AutoKnownFailedTests.java:105)
	at java.base/jdk.internal.reflect.NativeMethodAccessorImpl.invoke0(Native Method)
	at java.base/jdk.internal.reflect.NativeMethodAccessorImpl.invoke(NativeMethodAccessorImpl.java:62)
	at java.base/jdk.internal.reflect.DelegatingMethodAccessorImpl.invoke(DelegatingMethodAccessorImpl.java:43)
	at java.base/java.lang.reflect.Method.invoke(Method.java:566)
	at org.junit.runners.model.FrameworkMethod$1.runReflectiveCall(FrameworkMethod.java:44)
	at org.junit.internal.runners.model.ReflectiveCallable.run(ReflectiveCallable.java:15)
	at org.junit.runners.model.FrameworkMethod.invokeExplosively(FrameworkMethod.java:41)
	at junitparams.internal.InvokeParameterisedMethod.evaluate(InvokeParameterisedMethod.java:102)
	at org.junit.internal.runners.statements.FailOnTimeout$1.run(FailOnTimeout.java:28)
Caused by: ptolemy.kernel.util.IllegalActionException: Found a zero delay loop containing .dependencyLoop.original
  in .dependencyLoop and .dependencyLoop.original
	at ptolemy.actor.util.CausalityInterfaceForComposites._computeOutputPortDepth(CausalityInterfaceForComposites.java:759)
	at ptolemy.actor.util.CausalityInterfaceForComposites._computeInputDepth(CausalityInterfaceForComposites.java:696)
	at ptolemy.actor.util.CausalityInterfaceForComposites._computeOutputPortDepth(CausalityInterfaceForComposites.java:765)
	at ptolemy.actor.util.CausalityInterfaceForComposites._computeInputDepth(CausalityInterfaceForComposites.java:696)
	at ptolemy.actor.util.CausalityInterfaceForComposites._computeOutputPortDepth(CausalityInterfaceForComposites.java:765)
	at ptolemy.actor.util.CausalityInterfaceForComposites._computeInputDepth(CausalityInterfaceForComposites.java:696)
	at ptolemy.actor.util.CausalityInterfaceForComposites._computeActorDepth(CausalityInterfaceForComposites.java:532)
	at ptolemy.actor.util.CausalityInterfaceForComposites.checkForCycles(CausalityInterfaceForComposites.java:96)
	at ptolemy.domains.de.kernel.DEDirector.preinitialize(DEDirector.java:1338)
	at ptolemy.actor.CompositeActor.preinitialize(CompositeActor.java:1828)
	at ptolemy.actor.Manager.preinitializeAndResolveTypes(Manager.java:1040)
	at ptolemy.actor.Manager.initialize(Manager.java:710)
	at ptolemy.actor.Manager.execute(Manager.java:356)
	at ptolemy.actor.Manager.run(Manager.java:1263)
	at ptolemy.actor.Manager$PtolemyRunThread.run(Manager.java:1933)
java.lang.RuntimeException: Execution failed
	at ptolemy.moml.MoMLSimpleApplication$UnloadThread.run(MoMLSimpleApplication.java:402)
Caused by: ptolemy.kernel.util.IllegalActionException: Found a zero delay loop containing .dependencyLoop2.original
  in .dependencyLoop2 and .dependencyLoop2.original
	at ptolemy.actor.util.CausalityInterfaceForComposites._computeOutputPortDepth(CausalityInterfaceForComposites.java:759)
	at ptolemy.actor.util.CausalityInterfaceForComposites._computeInputDepth(CausalityInterfaceForComposites.java:696)
	at ptolemy.actor.util.CausalityInterfaceForComposites._computeOutputPortDepth(CausalityInterfaceForComposites.java:765)
	at ptolemy.actor.util.CausalityInterfaceForComposites._computeInputDepth(CausalityInterfaceForComposites.java:696)
	at ptolemy.actor.util.CausalityInterfaceForComposites._computeOutputPortDepth(CausalityInterfaceForComposites.java:765)
	at ptolemy.actor.util.CausalityInterfaceForComposites._computeInputDepth(CausalityInterfaceForComposites.java:696)
	at ptolemy.actor.util.CausalityInterfaceForComposites._computeActorDepth(CausalityInterfaceForComposites.java:532)
	at ptolemy.actor.util.CausalityInterfaceForComposites.checkForCycles(CausalityInterfaceForComposites.java:96)
	at ptolemy.domains.de.kernel.DEDirector.preinitialize(DEDirector.java:1338)
	at ptolemy.actor.CompositeActor.preinitialize(CompositeActor.java:1828)
	at ptolemy.actor.Manager.preinitializeAndResolveTypes(Manager.java:1040)
	at ptolemy.actor.Manager.initialize(Manager.java:710)
	at ptolemy.actor.Manager.execute(Manager.java:356)
	at ptolemy.actor.Manager.run(Manager.java:1263)
	at ptolemy.actor.Manager$PtolemyRunThread.run(Manager.java:1933)
java.lang.reflect.InvocationTargetException
	at java.base/jdk.internal.reflect.NativeConstructorAccessorImpl.newInstance0(Native Method)
	at java.base/jdk.internal.reflect.NativeConstructorAccessorImpl.newInstance(NativeConstructorAccessorImpl.java:62)
	at java.base/jdk.internal.reflect.DelegatingConstructorAccessorImpl.newInstance(DelegatingConstructorAccessorImpl.java:45)
	at java.base/java.lang.reflect.Constructor.newInstance(Constructor.java:490)
	at ptolemy.util.test.junit.AutoKnownFailedTests.RunModel(AutoKnownFailedTests.java:105)
	at java.base/jdk.internal.reflect.NativeMethodAccessorImpl.invoke0(Native Method)
	at java.base/jdk.internal.reflect.NativeMethodAccessorImpl.invoke(NativeMethodAccessorImpl.java:62)
	at java.base/jdk.internal.reflect.DelegatingMethodAccessorImpl.invoke(DelegatingMethodAccessorImpl.java:43)
	at java.base/java.lang.reflect.Method.invoke(Method.java:566)
	at org.junit.runners.model.FrameworkMethod$1.runReflectiveCall(FrameworkMethod.java:44)
	at org.junit.internal.runners.model.ReflectiveCallable.run(ReflectiveCallable.java:15)
	at org.junit.runners.model.FrameworkMethod.invokeExplosively(FrameworkMethod.java:41)
	at junitparams.internal.InvokeParameterisedMethod.evaluate(InvokeParameterisedMethod.java:102)
	at org.junit.internal.runners.statements.FailOnTimeout$1.run(FailOnTimeout.java:28)
Caused by: ptolemy.kernel.util.IllegalActionException: Found a zero delay loop containing .dependencyLoop2.original
  in .dependencyLoop2 and .dependencyLoop2.original
	at ptolemy.actor.util.CausalityInterfaceForComposites._computeOutputPortDepth(CausalityInterfaceForComposites.java:759)
	at ptolemy.actor.util.CausalityInterfaceForComposites._computeInputDepth(CausalityInterfaceForComposites.java:696)
	at ptolemy.actor.util.CausalityInterfaceForComposites._computeOutputPortDepth(CausalityInterfaceForComposites.java:765)
	at ptolemy.actor.util.CausalityInterfaceForComposites._computeInputDepth(CausalityInterfaceForComposites.java:696)
	at ptolemy.actor.util.CausalityInterfaceForComposites._computeOutputPortDepth(CausalityInterfaceForComposites.java:765)
	at ptolemy.actor.util.CausalityInterfaceForComposites._computeInputDepth(CausalityInterfaceForComposites.java:696)
	at ptolemy.actor.util.CausalityInterfaceForComposites._computeActorDepth(CausalityInterfaceForComposites.java:532)
	at ptolemy.actor.util.CausalityInterfaceForComposites.checkForCycles(CausalityInterfaceForComposites.java:96)
	at ptolemy.domains.de.kernel.DEDirector.preinitialize(DEDirector.java:1338)
	at ptolemy.actor.CompositeActor.preinitialize(CompositeActor.java:1828)
	at ptolemy.actor.Manager.preinitializeAndResolveTypes(Manager.java:1040)
	at ptolemy.actor.Manager.initialize(Manager.java:710)
	at ptolemy.actor.Manager.execute(Manager.java:356)
	at ptolemy.actor.Manager.run(Manager.java:1263)
	at ptolemy.actor.Manager$PtolemyRunThread.run(Manager.java:1933)
]]></system-err>
</testsuite>
