<?xml version="1.0" encoding="UTF-8" ?>
<testsuite errors="0" failures="0" hostname="travis-job-30fc6bf5-0bb2-45ec-81b0-6435d6f96729" name="ptolemy.vergil.basic.export.test.junit.ExportModelJUnitTestBatch2" skipped="0" tests="50" time="1450.849" timestamp="2019-06-05T04:46:23">
  <properties>
[...]
</properties>
  <testcase classname="ptolemy.vergil.basic.export.test.junit.ExportModelJUnitTestBatch2" name="[0] ptolemy/actor/lib/jjs/modules/audio/demo/Audio/AudioClipPlayer.xml (RunExportModel)" time="15.869" />
  <testcase classname="ptolemy.vergil.basic.export.test.junit.ExportModelJUnitTestBatch2" name="[1] ptolemy/actor/lib/jjs/modules/audio/demo/Audio/AudioRecorder.xml (RunExportModel)" time="11.333" />
  <testcase classname="ptolemy.vergil.basic.export.test.junit.ExportModelJUnitTestBatch2" name="[2] ptolemy/actor/lib/jjs/modules/audio/demo/Audio/AudioSynthesis.xml (RunExportModel)" time="9.875" />
  <testcase classname="ptolemy.vergil.basic.export.test.junit.ExportModelJUnitTestBatch2" name="[3] ptolemy/actor/lib/jjs/modules/audio/demo/Audio/SpeechSynthesis.xml (RunExportModel)" time="43.372" />
  <testcase classname="ptolemy.vergil.basic.export.test.junit.ExportModelJUnitTestBatch2" name="[4] ptolemy/actor/lib/jjs/modules/cameras/demo/Camera/Camera.xml (RunExportModel)" time="37.967" />
  <testcase classname="ptolemy.vergil.basic.export.test.junit.ExportModelJUnitTestBatch2" name="[5] ptolemy/actor/lib/jjs/modules/cameras/demo/Camera/CaptureOpenLoop.xml (RunExportModel)" time="33.013" />
  <testcase classname="ptolemy.vergil.basic.export.test.junit.ExportModelJUnitTestBatch2" name="[6] ptolemy/actor/lib/jjs/modules/cameras/demo/CameraWebSocket/CameraWebSocket.xml (RunExportModel)" time="39.268" />
  <testcase classname="ptolemy.vergil.basic.export.test.junit.ExportModelJUnitTestBatch2" name="[7] ptolemy/actor/lib/jjs/modules/cameras/demo/Foscam/Foscam.xml (RunExportModel)" time="39.967" />
  <testcase classname="ptolemy.vergil.basic.export.test.junit.ExportModelJUnitTestBatch2" name="[8] ptolemy/actor/lib/jjs/modules/computerVision/demo/ComputerVision/ComputerVision.xml (RunExportModel)" time="34.512" />
  <testcase classname="ptolemy.vergil.basic.export.test.junit.ExportModelJUnitTestBatch2" name="[9] ptolemy/actor/lib/jjs/modules/contextAware/demo/ContextAware/ContextAware.xml (RunExportModel)" time="9.158" />
  <testcase classname="ptolemy.vergil.basic.export.test.junit.ExportModelJUnitTestBatch2" name="[10] ptolemy/actor/lib/jjs/modules/crypto/demo/AsymmetricEncrypt/AsymmetricEncrypt.xml (RunExportModel)" time="27.555" />
  <testcase classname="ptolemy.vergil.basic.export.test.junit.ExportModelJUnitTestBatch2" name="[11] ptolemy/actor/lib/jjs/modules/crypto/demo/MessageDigest/MessageDigest.xml (RunExportModel)" time="20.544" />
  <testcase classname="ptolemy.vergil.basic.export.test.junit.ExportModelJUnitTestBatch2" name="[12] ptolemy/actor/lib/jjs/modules/crypto/demo/RandomBytes/RandomBytes.xml (RunExportModel)" time="13.875" />
  <testcase classname="ptolemy.vergil.basic.export.test.junit.ExportModelJUnitTestBatch2" name="[13] ptolemy/actor/lib/jjs/modules/crypto/demo/SymmetricEncrypt/SymmetricEncrypt.xml (RunExportModel)" time="17.347" />
  <testcase classname="ptolemy.vergil.basic.export.test.junit.ExportModelJUnitTestBatch2" name="[14] ptolemy/actor/lib/jjs/modules/discovery/demo/Discovery/Discovery.xml (RunExportModel)" time="8.226" />
  <testcase classname="ptolemy.vergil.basic.export.test.junit.ExportModelJUnitTestBatch2" name="[15] ptolemy/actor/lib/jjs/modules/discovery/demo/Discovery/DiscoveryJS.xml (RunExportModel)" time="16.816" />
  <testcase classname="ptolemy.vergil.basic.export.test.junit.ExportModelJUnitTestBatch2" name="[16] ptolemy/actor/lib/jjs/modules/discovery/demo/Discovery/PopulateSwarmboxMap.xml (RunExportModel)" time="35.979" />
  <testcase classname="ptolemy.vergil.basic.export.test.junit.ExportModelJUnitTestBatch2" name="[17] ptolemy/actor/lib/jjs/modules/discovery/demo/Discovery/PostSwarmboxDevices.xml (RunExportModel)" time="41.109" />
  <testcase classname="ptolemy.vergil.basic.export.test.junit.ExportModelJUnitTestBatch2" name="[18] ptolemy/actor/lib/jjs/modules/discovery/demo/Heartbeat/Heartbeat.xml (RunExportModel)" time="23.988" />
  <testcase classname="ptolemy.vergil.basic.export.test.junit.ExportModelJUnitTestBatch2" name="[19] ptolemy/actor/lib/jjs/modules/dsp/demo/AudioFFT/AudioFFT.xml (RunExportModel)" time="9.662" />
  <testcase classname="ptolemy.vergil.basic.export.test.junit.ExportModelJUnitTestBatch2" name="[20] ptolemy/actor/lib/jjs/modules/dsp/demo/AudioFFT/SinusoidFFT.xml (RunExportModel)" time="12.555" />
  <testcase classname="ptolemy.vergil.basic.export.test.junit.ExportModelJUnitTestBatch2" name="[21] ptolemy/actor/lib/jjs/modules/eventbus/demo/VertxBus/VertxBus.xml (RunExportModel)" time="23.485" />
  <testcase classname="ptolemy.vergil.basic.export.test.junit.ExportModelJUnitTestBatch2" name="[22] ptolemy/actor/lib/jjs/modules/eventbus/demo/VertxChat/VertxChat.xml (RunExportModel)" time="10.276" />
  <testcase classname="ptolemy.vergil.basic.export.test.junit.ExportModelJUnitTestBatch2" name="[23] ptolemy/actor/lib/jjs/modules/faceDetector/demo/FaceDetector/FaceDetector.xml (RunExportModel)" time="10.998" />
  <testcase classname="ptolemy.vergil.basic.export.test.junit.ExportModelJUnitTestBatch2" name="[24] ptolemy/actor/lib/jjs/modules/faceDetector/demo/FaceDetectorCamera/FaceDetectorCamera.xml (RunExportModel)" time="41.647" />
  <testcase classname="ptolemy.vergil.basic.export.test.junit.ExportModelJUnitTestBatch2" name="[25] ptolemy/actor/lib/jjs/modules/faceDetector/demo/OccupancyCount/OccupancyCount.xml (RunExportModel)" time="40.67" />
  <testcase classname="ptolemy.vergil.basic.export.test.junit.ExportModelJUnitTestBatch2" name="[26] ptolemy/actor/lib/jjs/modules/httpClient/demo/REST/REST.xml (RunExportModel)" time="8.272" />
  <testcase classname="ptolemy.vergil.basic.export.test.junit.ExportModelJUnitTestBatch2" name="[27] ptolemy/actor/lib/jjs/modules/httpClient/demo/REST/RESTSimple.xml (RunExportModel)" time="11.882" />
  <testcase classname="ptolemy.vergil.basic.export.test.junit.ExportModelJUnitTestBatch2" name="[28] ptolemy/actor/lib/jjs/modules/httpClient/demo/REST/Weather.xml (RunExportModel)" time="9.79" />
  <testcase classname="ptolemy.vergil.basic.export.test.junit.ExportModelJUnitTestBatch2" name="[29] ptolemy/actor/lib/jjs/modules/httpServer/demo/HttpServer/HttpServer.xml (RunExportModel)" time="39.863" />
  <testcase classname="ptolemy.vergil.basic.export.test.junit.ExportModelJUnitTestBatch2" name="[30] ptolemy/actor/lib/jjs/modules/httpServer/demo/KeyValueStoreClient/KeyValueStoreClient.xml (RunExportModel)" time="41.451" />
  <testcase classname="ptolemy.vergil.basic.export.test.junit.ExportModelJUnitTestBatch2" name="[31] ptolemy/actor/lib/jjs/modules/httpServer/demo/KeyValueStoreClient/KeyValueStoreServer.xml (RunExportModel)" time="43.44" />
  <testcase classname="ptolemy.vergil.basic.export.test.junit.ExportModelJUnitTestBatch2" name="[32] ptolemy/actor/lib/jjs/modules/httpServer/demo/KeyValueStoreClient/KeyValueStoreServerTerra.xml (RunExportModel)" time="44.388" />
  <testcase classname="ptolemy.vergil.basic.export.test.junit.ExportModelJUnitTestBatch2" name="[33] ptolemy/actor/lib/jjs/modules/httpServer/demo/WebServer/WebServer.xml (RunExportModel)" time="36.123" />
  <testcase classname="ptolemy.vergil.basic.export.test.junit.ExportModelJUnitTestBatch2" name="[34] ptolemy/actor/lib/jjs/modules/imageFilters/demo/ImageAnnotate/ImageAnnotate.xml (RunExportModel)" time="41.104" />
  <testcase classname="ptolemy.vergil.basic.export.test.junit.ExportModelJUnitTestBatch2" name="[35] ptolemy/actor/lib/jjs/modules/imageFilters/demo/ImageFilters/Annotate.xml (RunExportModel)" time="33.183" />
  <testcase classname="ptolemy.vergil.basic.export.test.junit.ExportModelJUnitTestBatch2" name="[36] ptolemy/actor/lib/jjs/modules/imageFilters/demo/ImageFilters/Average.xml (RunExportModel)" time="33.839" />
  <testcase classname="ptolemy.vergil.basic.export.test.junit.ExportModelJUnitTestBatch2" name="[37] ptolemy/actor/lib/jjs/modules/imageFilters/demo/ImageFilters/BicubicScale.xml (RunExportModel)" time="34.529" />
  <testcase classname="ptolemy.vergil.basic.export.test.junit.ExportModelJUnitTestBatch2" name="[38] ptolemy/actor/lib/jjs/modules/imageFilters/demo/ImageFilters/Block.xml (RunExportModel)" time="34.666" />
  <testcase classname="ptolemy.vergil.basic.export.test.junit.ExportModelJUnitTestBatch2" name="[39] ptolemy/actor/lib/jjs/modules/imageFilters/demo/ImageFilters/Border.xml (RunExportModel)" time="34.63" />
  <testcase classname="ptolemy.vergil.basic.export.test.junit.ExportModelJUnitTestBatch2" name="[40] ptolemy/actor/lib/jjs/modules/imageFilters/demo/ImageFilters/BoxBlur.xml (RunExportModel)" time="35.841" />
  <testcase classname="ptolemy.vergil.basic.export.test.junit.ExportModelJUnitTestBatch2" name="[41] ptolemy/actor/lib/jjs/modules/imageFilters/demo/ImageFilters/Bump.xml (RunExportModel)" time="35.672" />
  <testcase classname="ptolemy.vergil.basic.export.test.junit.ExportModelJUnitTestBatch2" name="[42] ptolemy/actor/lib/jjs/modules/imageFilters/demo/ImageFilters/ChannelMix.xml (RunExportModel)" time="35.907" />
  <testcase classname="ptolemy.vergil.basic.export.test.junit.ExportModelJUnitTestBatch2" name="[43] ptolemy/actor/lib/jjs/modules/imageFilters/demo/ImageFilters/Chrome.xml (RunExportModel)" time="37.558" />
  <testcase classname="ptolemy.vergil.basic.export.test.junit.ExportModelJUnitTestBatch2" name="[44] ptolemy/actor/lib/jjs/modules/imageFilters/demo/ImageFilters/Circle.xml (RunExportModel)" time="36.509" />
  <testcase classname="ptolemy.vergil.basic.export.test.junit.ExportModelJUnitTestBatch2" name="[45] ptolemy/actor/lib/jjs/modules/imageFilters/demo/ImageFilters/ColorHalftone.xml (RunExportModel)" time="39.337" />
  <testcase classname="ptolemy.vergil.basic.export.test.junit.ExportModelJUnitTestBatch2" name="[46] ptolemy/actor/lib/jjs/modules/imageFilters/demo/ImageFilters/Contour.xml (RunExportModel)" time="38.642" />
  <testcase classname="ptolemy.vergil.basic.export.test.junit.ExportModelJUnitTestBatch2" name="[47] ptolemy/actor/lib/jjs/modules/imageFilters/demo/ImageFilters/Contrast.xml (RunExportModel)" time="37.494" />
  <testcase classname="ptolemy.vergil.basic.export.test.junit.ExportModelJUnitTestBatch2" name="[48] ptolemy/actor/lib/jjs/modules/imageFilters/demo/ImageFilters/Crop.xml (RunExportModel)" time="37.88" />
  <testcase classname="ptolemy.vergil.basic.export.test.junit.ExportModelJUnitTestBatch2" name="[49] ptolemy/actor/lib/jjs/modules/imageFilters/demo/ImageFilters/Crystallize.xml (RunExportModel)" time="39.488" />
  <system-out><![CDATA[ExportModeJUnitTestBatch: There are 746 demos. Exporting demos: 151 to 200.
####### 1 Wed Jun 05 04:46:23 UTC 2019 $PTII/bin/ptinvoke ptolemy.vergil.basic.export.ExportModel -force htm  -openComposites -timeOut 30000 -whiteBackground ptolemy/actor/lib/jjs/modules/audio/demo/Audio/AudioClipPlayer.xml $PTII/ptolemy/actor/lib/jjs/modules/audio/demo/Audio/AudioClipPlayer
Warning: not running ptolemy/actor/lib/jjs/modules/audio/demo/Audio/AudioClipPlayer.xml. See ptolemy/vergil/basic/export/test/junit/ExportModelJUnitTest.java
----------------- Wed Jun 05 04:46:23 UTC 2019 About to sleep for 5.0 seconds before running or rerunning.  Test is: /home/travis/build/icyphy/ptII/ptolemy/actor/lib/jjs/modules/audio/demo/Audio/AudioClipPlayer.xml
Done sleeping
JSAccessor: PT_NO_NET environment variable is set, so git pull and ptdoc are not being run.
Exported /home/travis/build/icyphy/ptII/ptolemy/actor/lib/jjs/modules/audio/demo/Audio/AudioClipPlayer/index.html
10857 ms. Memory: 269312K Free: 178631K (66%)
####### 2 Wed Jun 05 04:46:39 UTC 2019 $PTII/bin/ptinvoke ptolemy.vergil.basic.export.ExportModel -force htm  -openComposites -timeOut 30000 -whiteBackground ptolemy/actor/lib/jjs/modules/audio/demo/Audio/AudioRecorder.xml $PTII/ptolemy/actor/lib/jjs/modules/audio/demo/Audio/AudioRecorder
Warning: not running ptolemy/actor/lib/jjs/modules/audio/demo/Audio/AudioRecorder.xml. See ptolemy/vergil/basic/export/test/junit/ExportModelJUnitTest.java
----------------- Wed Jun 05 04:46:39 UTC 2019 About to sleep for 5.0 seconds before running or rerunning.  Test is: /home/travis/build/icyphy/ptII/ptolemy/actor/lib/jjs/modules/audio/demo/Audio/AudioRecorder.xml
Done sleeping
Exported /home/travis/build/icyphy/ptII/ptolemy/actor/lib/jjs/modules/audio/demo/Audio/AudioRecorder/index.html
6333 ms. Memory: 326144K Free: 64192K (20%)
####### 3 Wed Jun 05 04:46:51 UTC 2019 $PTII/bin/ptinvoke ptolemy.vergil.basic.export.ExportModel -force htm  -openComposites -timeOut 30000 -whiteBackground ptolemy/actor/lib/jjs/modules/audio/demo/Audio/AudioSynthesis.xml $PTII/ptolemy/actor/lib/jjs/modules/audio/demo/Audio/AudioSynthesis
Warning: not running ptolemy/actor/lib/jjs/modules/audio/demo/Audio/AudioSynthesis.xml. See ptolemy/vergil/basic/export/test/junit/ExportModelJUnitTest.java
----------------- Wed Jun 05 04:46:51 UTC 2019 About to sleep for 5.0 seconds before running or rerunning.  Test is: /home/travis/build/icyphy/ptII/ptolemy/actor/lib/jjs/modules/audio/demo/Audio/AudioSynthesis.xml
Done sleeping
Exported /home/travis/build/icyphy/ptII/ptolemy/actor/lib/jjs/modules/audio/demo/Audio/AudioSynthesis/index.html
4874 ms. Memory: 400384K Free: 219843K (55%)
####### 4 Wed Jun 05 04:47:00 UTC 2019 $PTII/bin/ptinvoke ptolemy.vergil.basic.export.ExportModel -force htm -run -openComposites -timeOut 30000 -whiteBackground ptolemy/actor/lib/jjs/modules/audio/demo/Audio/SpeechSynthesis.xml $PTII/ptolemy/actor/lib/jjs/modules/audio/demo/Audio/SpeechSynthesis
----------------- Wed Jun 05 04:47:00 UTC 2019 About to sleep for 5.0 seconds before running or rerunning.  Test is: /home/travis/build/icyphy/ptII/ptolemy/actor/lib/jjs/modules/audio/demo/Audio/SpeechSynthesis.xml
Done sleeping
Running .SpeechSynthesis
ExportHTMLTimer went off after 30000 ms., calling getDirector().finish and getDirector().stopFire()
30052 ms. Memory: 722432K Free: 570126K (79%)
Exported /home/travis/build/icyphy/ptII/ptolemy/actor/lib/jjs/modules/audio/demo/Audio/SpeechSynthesis/index.html
38372 ms. Memory: 722432K Free: 535484K (74%)
####### 5 Wed Jun 05 04:47:44 UTC 2019 $PTII/bin/ptinvoke ptolemy.vergil.basic.export.ExportModel -force htm -run -openComposites -timeOut 30000 -whiteBackground ptolemy/actor/lib/jjs/modules/cameras/demo/Camera/Camera.xml $PTII/ptolemy/actor/lib/jjs/modules/cameras/demo/Camera/Camera
----------------- Wed Jun 05 04:47:44 UTC 2019 About to sleep for 5.0 seconds before running or rerunning.  Test is: /home/travis/build/icyphy/ptII/ptolemy/actor/lib/jjs/modules/cameras/demo/Camera/Camera.xml
Done sleeping
No physical cameras found, using WebcamDummyDriver.
Running .Camera
23260 ms. Memory: 1151488K Free: 657941K (57%)
Exported /home/travis/build/icyphy/ptII/ptolemy/actor/lib/jjs/modules/cameras/demo/Camera/Camera/index.html
32967 ms. Memory: 1151488K Free: 620673K (54%)
####### 6 Wed Jun 05 04:48:22 UTC 2019 $PTII/bin/ptinvoke ptolemy.vergil.basic.export.ExportModel -force htm -run -openComposites -timeOut 30000 -whiteBackground ptolemy/actor/lib/jjs/modules/cameras/demo/Camera/CaptureOpenLoop.xml $PTII/ptolemy/actor/lib/jjs/modules/cameras/demo/Camera/CaptureOpenLoop
----------------- Wed Jun 05 04:48:22 UTC 2019 About to sleep for 5.0 seconds before running or rerunning.  Test is: /home/travis/build/icyphy/ptII/ptolemy/actor/lib/jjs/modules/cameras/demo/Camera/CaptureOpenLoop.xml
Done sleeping
Running .CaptureOpenLoop
22313 ms. Memory: 1376768K Free: 701480K (51%)
Exported /home/travis/build/icyphy/ptII/ptolemy/actor/lib/jjs/modules/cameras/demo/Camera/CaptureOpenLoop/index.html
28012 ms. Memory: 1376768K Free: 669696K (49%)
####### 7 Wed Jun 05 04:48:55 UTC 2019 $PTII/bin/ptinvoke ptolemy.vergil.basic.export.ExportModel -force htm -run -openComposites -timeOut 30000 -whiteBackground ptolemy/actor/lib/jjs/modules/cameras/demo/CameraWebSocket/CameraWebSocket.xml $PTII/ptolemy/actor/lib/jjs/modules/cameras/demo/CameraWebSocket/CameraWebSocket
----------------- Wed Jun 05 04:48:55 UTC 2019 About to sleep for 5.0 seconds before running or rerunning.  Test is: /home/travis/build/icyphy/ptII/ptolemy/actor/lib/jjs/modules/cameras/demo/CameraWebSocket/CameraWebSocket.xml
Done sleeping
Running .CameraWebSocket
WebSocketClient: Connection failed. Will try again: Connection refused: localhost/127.0.0.1:8071
Connection refused (Thread[vert.x-eventloop-thread-0,6,main])
WebSocketClient: Connection failed. Will try again: Connection refused: localhost/127.0.0.1:8071
Connection refused (Thread[vert.x-eventloop-thread-0,6,main])
WebSocketClient: Connection failed. Will try again: Connection refused: localhost/127.0.0.1:8071
Connection refused (Thread[vert.x-eventloop-thread-0,6,main])
WebSocketClient: Connection failed. Will try again: Connection refused: localhost/127.0.0.1:8071
Connection refused (Thread[vert.x-eventloop-thread-0,6,main])
WebSocketClient: Connection failed. Will try again: Connection refused: localhost/127.0.0.1:8071
Connection refused (Thread[vert.x-eventloop-thread-0,6,main])
WebSocketClient: undefined: WebSocketClient.js: Error: Connection failed after 6 tries: Connection refused: localhost/127.0.0.1:8071
Connection refused (Thread[vert.x-eventloop-thread-0,6,main])
WebSocketClient: Connection closed because model is no longer running. (Thread[AWT-EventQueue-0,6,main])
WebSocketClient: undefined: WebSocketClient.js: Error: Unsent messages remain that were queued before the socket opened: [����JFIF��C		
 $.' ",#(7),01444'9=82<.342��C			2!!22222222222222222222222222222222222222222222222222����"��	
���}!1AQa"q2���#B��R��$3br�	
%&'()*456789:CDEFGHIJSTUVWXYZcdefghijstuvwxyz���������������������������������������������������������������������������	
���w!1AQaq"2�B����	#3R�br�
$4�%�&'()*56789:CDEFGHIJSTUVWXYZcdefghijstuvwxyz��������������������������������������������������������������������������?���+c@��(��(��(���(Z\�#�Z��#N<�vB��4�#���$�����I=W��a���j��QS��OU���$������7���� ���$�����I=W���o�A��?�AEO�I=W��z��Gװ�΃�T�����z��G�$�_Ώ�a��֨�1?�$�_Ώ�I꿝^�:�Q�b
(���(��(��(��Y��Uj՟��Ù��������	|�2�Q_&x!R�F&��&$+���\QU��[�U�b�
�I����������G�#������k�_K�:ʀ���r��zO�}���?��?��?µ��t?����������G�#������k�G��*#��?��?��?�G,������
ע����T��E�PQESX��SwZ���Uj��H�g��G-L\)�ŦIEG��Ѹ����x����D}~�g�|�*՟��Gq����G����W63�qU�ʜe�7�����Jn	=MZ+3�s��}�����O�/�����Ȟg+4�ŏ��-���1X�k�����G}s�"I�R��)Ã1�I�����r�����k�	�}��̀3�#�Ҵ*��t�J��M��AET(��(����+gºL�m4뗑!�~戀��1�GQ�V4�ox���.�es:�m������������MϨ��QV�Ӯ��7���]=����Lg9ӱ���x�zAn�)�_5�G��'�{���~�����?�Uac�O�NIQ����U��:�:L����h�.�`'���_[�פ������|����'U���WB��2$,t��1T���TxO\��M���^Q�!�>dH9��k�bh=���s�9�f-b��{�;��UM��~l/@rH�}5�zT֦�2��[�m�0�U,��T�B���w�m.�E�xW�V:��羞i��ght�р�!iv��z/lt5�����í�洳��ij��)%K�n	8Q��רs8�T���/������+v���!����\�nWr�T�I��Ma�[�[�1^鶷7ͩWEe	B"��G���q�
�x�0Wr[��ױ*��C{�_�/�����3Z�WI��t�>���ݢ�]ُ �X���V�Η{io��@c� n$q������c�"�[s?���Z�R����{�O�y�ۻv����,E��I,6�����s�~�}�J���E��$�l�y�I�T�&Q�wV
*�I�u���_���:"}�uܨĝ�����*�R�P�̌����pA�.t�y���-t�X�^��mm���8DA�$�C����
�C��^�%���k��nd�D`����J+����tOm��I��[O�o���՜^���D��~��J�ӵm��~Hu�>�]L�\	�R=�9l��I8�2+���(�Y�o���]�������6�nY�n9�������x{VҬ5O�.�gn�V���W�T@��a|��q�w�q/ڛ_E��c[
��g'��?�O7]­���\�/��~��ެW��Xgt�e�g�y��,J��;{V�֢ҡ�)������嶍��C4aC(�A��q\�_��.l&���S�d��(%OL��?1\��YuZ	;�-�����=�	��]ѓj�o�U�m���6�gkk���h:s�ū\�iɷ����dzo<�k'B�}/^���ά��y�3U����{����/'�y�#82xu4W�ǉ1��ŧ�i�kw>��	a�*�dՖ��I}�i�O�<?c�����m�����̮��JU�xe�0#޳|W&��i��k{ob�wR���"�I!X��8����+��hIIE]k���[��tJU�߆����Gy���7:�:ͭ�����Cj�m��H![x-��m�m3]�=Οw�]:�K�Ot�>m㺌)?p��F�>U�X4TC9�6��}E.����M����5k8u����=B�H��+��o���J"7�lP�:nJ�]7º<P������K4A�d�����w�>��y�p1RxW�Ar��c���nWdk���5����1��&�uk�К;�Xx�.e����^Y
d��&DGqyK-x<�A^3�r��g������+��G��[fp�|�#���&	��J�誹�,[q�V�M:�I��V��Ouk$v�f[ǕJA��]C���{�=+/�.�xSGwb��0ORv
բ�w1�]�Z��q��ZN�y�_�V���h���,Qǵ|�c���Ҳ�O�>����Z�n�����O�ߏ´h���[�6��<��(���B�(�?jm9�Sk첯�8|�6x���K��b/�b�Ո�Պ�x����_����������qEW���EPEPa�_���]�����X~��\�����+[��ῃ���Fu�B�(��(��(����(����
(�������M��ʿ���������/�U��Պ�N2��r��m\�T�MI=oٮ��=>���ؙV��N-in��k�f��濯�G����|�����x}���>��s�$����(��k���y���Q��㿞{��C�s�$����(��k���y���Q��㿞{��C�s�$�����w3�	X���p�@�X�u���O�Q���I�s���O�+N�zŵ��;�f��b��+�4��号^���������������Ec�'ݜ��^���������������E�}�>�y�?S���Gۯ?����j�{I�`e�E���Q@~��s����e_�p��l�qƗ��(���N`��(��(��(N��=���u5f�4�Ul�O�L���~I�eU���4՜���~GLp$��Z�]��U�����Q����
��Ư�~?�?�����/�T>�/��AG�e���(�Ư�~?���{���_��}�_���������Q��_���?���_�Ȋ�(��=���(�ڛN~���,���?͞./����Q^��QEQEQEH�tR�/������������}QE�hQEQE��, ����JFIF��C		
 $.' ",#(7),01444'9=82<.342��C			2!!22222222222222222222222222222222222222222222222222����"��	
���}!1AQa"q2���#B��R��$3br�	
%&'()*456789:CDEFGHIJSTUVWXYZcdefghijstuvwxyz���������������������������������������������������������������������������	
���w!1AQaq"2�B����	#3R�br�
$4�%�&'()*56789:CDEFGHIJSTUVWXYZcdefghijstuvwxyz��������������������������������������������������������������������������?�:(��4
(��
(��
(��
(��
(��
(��
(��
(��
(��
(��
(��
(��
(��
(��
(��
+���7��m��vyѬ�|��#8�����D��_���W�����u�!���+��*���_�O�%��*?�_�O�%��*_^��7���P�/��⨮����D��_������D��_���������1����8�+�׼/��b�?l�H#��m�A9�O�s��N�jG���Jt��5fQEY�QEQEQEQEQEQE��7��������Av�h������?�U��j��>����%A2`��"�Ƀ�z�«Q]+M+{4O$������=?��G����ǅV��֩Ϥ�_�T״�&��"�o���05-��Xz^m�;7N�#�K��T ��b�$c*1�κ����_���+��Ԍ�^1��f�9^�(���
(��
+��.�k��h��M�Ǚ�� 8�0� ��;V���x#�3%����V:���uh�1���wF~R}M+���Ѹе+].MJ{o.�;ưw.��,Sns��cޭYxG\�N�-,��V��<�o����q�|g�i�J+��~3�;wm��T� ������Uf�'���Am�K��j7*�FDÀ	8}�x���.s�WX��gv���'`�RA�h���b�O�?Z���siN���X̩��*wa���j.��9E]��/�K�XC����\�]TF��<��O@95���
�Ě��WL��m)��̪YCd�������^����,m���1�{��g�ڛ��C?�c���^�&�����\��vl�K2���`T��펆��4[O�W�^!�y�������Fb�ܰ�N����u�}t���/�5��`��3�&?�?�`��3�&?��i��ŷ�J�v�%Ė��ղ��}B��Lj��;�x$jzM��֫��l�eX��� `� d�r8��,?��/������o����X?��ɏ�Ə�X?��ɏ�ƹ�SÚƋ�.��i�Cz��7��۷!�x�5V���=+�OR�%����6ܜ�G$GzQ��/���?�1��/��x��n�-����I��ݜ1�Z童�����ЗZ�G��?5dWBJz���~�W�����n���܇1J%�����9�\gf��N���R��˚n��h�����,�oB�Xm�y�����!s����C0��?x^�V��q���#��D��	dPR7��O+��+������{I�l�J�H����?0i'p���.���~#iWw�PZ�G�o�y"�,x�*��,��c��=��&��G���4�ʮp����+����Ǡ������z��w��>�&�&�F�7�,����������5h��Ëh�I�]A�G�}��gUHˀF��m��n�Ex��Ec��|3�O���bQ^|KpZS���Rwc�Z�|%�i6�?�ӪYC�(�_�y�
�g�{�~P{g�^KE�c��|3�O���bQ^|KpZS���Rwc�ZГ����ë��e���On���d°*w���pUkMԯ4}FB�o&���Cm8�pA�qG(X�����c�2�����F*1��`��ؑ��q~�?�|Q�jY!m�Q�������U�5]C\ԥ�u[�n�$4�`p:`;�Jih	��k�W��I�=R����Ԯ5�-&YD�T%I��ֱ�"�iV��^���6���Ow{+�̲(2JDjJ�*W	E.P��~)���msL��j�e[X�a}n�FT��B�����&��/j�\�*�l.n�M=�y�m⹏g!%�3�n��@'5�4Q�����4]��	�}BZ-
)�������S���x�9�m{öze��<i�j�\:�����2.>\}�I����G(X��Q����K��Zh���"�Rϖwy�H3�OQ�S^Y�j������|��-����F�j�l�A�b	�8�V�9C����6_�:MNMbѴ�ǔ�F�|�O�r����������6��`�U%Ұұ��x{V��>�kl����G"�e�lH��Pr=My��|uMZ�Qh�f��[���w�l~�Z��$QE0
(�?E�'�a�5�)/aWG�A����E}/�������$�G�"���������o�wܿfϚ(������������(��_����?�?���{6|�E}/�������$�G�"���������W}�ٳ���cI�E�E*+��q+#��A�}�������$�Y�ǆ���c��G���;�wEn���X��kE3��O�&pj-��;���N��T�
?������*�i�_��z������s3�����w���Q���@m;�S�+N�=�_�xsK����?�+�VV�����LJ�������ϫҾ-������<��Pm�͞�ޒ�QE�Q@Q@j�_�F�����ыYU���to����F-8�5���Q^��QEQEWP��6�}?�!V����m���B�����?��"*|ХEW��΅Q@i�k�`����d�5�J���0�m��W������0��l�p��AEW�nQEQE���to����F-eU��=;\��fVh��c����8�~)�Ə��?������������]�<?�>z��������i����
+���px�|�?���G�.�Ϟ��~���������
+���px�|�?���G�.�Ϟ��~���������
��Ǜ����'�����S��Q��u�&�k���<̢�G"oP0	�\����i�����%��	袊���ࢊ(�>-������_���m��J�Z�����?͞��H(���(��(��(��(��(��(���ÿ���?���h���A��`��Ep��4,L�Վ���������}��]�Ţ_�Ĩ�m#++�A
pA��YD۷28>�.�QE|��	��A�G���h���\��Σ��O�5�����t?�˹��Z��?����+�j�ޣ}�l�m������g۞������}��x�n�����J�QaEWY�QE��, ����JFIF��C		
 $.' ",#(7),01444'9=82<.342��C			2!!22222222222222222222222222222222222222222222222222����"��	
���}!1AQa"q2���#B��R��$3br�	
%&'()*456789:CDEFGHIJSTUVWXYZcdefghijstuvwxyz���������������������������������������������������������������������������	
���w!1AQaq"2�B����	#3R�br�
$4�%�&'()*56789:CDEFGHIJSTUVWXYZcdefghijstuvwxyz��������������������������������������������������������������������������?�x�u���zt�^�Ź��_��
�K���_��5��F)���YFVFE���.�`�i�A,���N2q�w���w�F?�W����_�����B�2�\�X�5����4�a�JV��Ty��*�����gG�*�����g^�Ew�ga����x�۹����#�G�®����J��t®����J��u�tQ����_���n������y�
����+����
����+��ס�G�v��a������?�y��*�����gG�*�����g^�E��o��_����a�??�����1�������1�����zga����۹����#�G�®����J��u�������}��3�?h��,�m۷���W�מ|Q��W����+���N��٫u}�G)ͱ��d)U����vo�<�(��@��(��(��!��k��sK���_��5�֐���|E�/�B�_��?�!^�^g���^������+�+���	z�!���EW�|�QEQEQEQEW�|Q��W����+���>(��+���Ř��K����ȿ�aO�����(�����P��(��(��!��k��sK���_��5�֐���|E�/�B�_��?�!^�^g���^������+�+���	z�!���EW�|�QEQEQEQEW�|Q��W����+���>(��+���Ř��K����ȿ�aO�����(�����P��(��(��!��k��>h��!�曥ݼ��n戀�lN�u�vZn���v�%ֳcy:��j��c���\�N��֐��M�����!{/����L�5�I��Ӛ�hv[-ٲ,]r&
X��� �U�Oj�ͦ-��v�Ħ�y��/���|{W���{�-�x9�W,d���o+����\k�?�Z$.�-�&8@
��@�㊯/���u�4it�[��-fDÀ	8l��z���������V����/�������H]�[�Lp�$��9_�^o���S�ΛNd��Zq�>d^�Npq�h������?չ?�K�2�Ӯ�m/.��Z��/6y�U8$�����,<c-�W�],��n�H���b���ښ����.�^�����v�V���7�"^��S3]�1	�_:O)����S�ϗῇ#�l��S���ⷷQ<j0�]����	��ѝ�����^�*��z��=��G[Ey��~k�̷�yy` ��F_vN@Q�<c�=k?E�w�/SH���տ���@���!�X����=+9f�/�����mO�⤪����'�W�|Q��W����+��|5�蚺iZ��<7Ϗ.n2d�mې�<q�kCW��I:����od0B��r@�$�$Gz��f>ړ��k���;�?�LDk�K��Zۦ�������œh+�ţJ�{��,�")�v�~�Gïk�}����=ŭ�s�X�����y�3��חf}�^���ᯌ��������w�X�o�������(��&?xV�U��q���8��D���Y�����=GJ���Ylo�,�]�[��H����?1M����M����+I������?;|��0�c������?�_R��{�Xj��:N�0�C�*��ԁ�\W�׾TJ|�&+�-��q�=���%�h��ƙ���K����q0t(�A'������z�y�++o�ױi�n��w�E�XX��*�݂q�3^������Կ����/��W_����Tթ�M���o�J)�;�=,m�"<��s�>�'c&�n�YP�3ՉR���j��/t�+���[�;K{=.�I���!��?�p�'��:�j��?;��¦���c������B#�7:��v2m���=X�/�l����v�n��+�3k��;Z�@ئh�G@~|~>�f��Ko�V�@�P	S�2��/�����;��?�-�����Z��_�`p��Nu)��[X�0FG��~�3Z�s}����8'�޲�4��]_Oys{{u�Ksr�X��j��*�����ښ���'��Q����3໲_h�}���ݾ�n�%kiU�6�SQ�te�8#�W�K��3I�����G��gkyVAI&ȑ�xe�8#޶(�'�rRV��"8U��!�/�]�j>��0��t��i�>���[��h����F��=[^�D��..Dw1��]ƾaǖĕ�eXn$aW=k^���m+���%`�z3��|m�;��Ŭ�^X�2��Z�ѯ�0�H��:���<W���w��5îح��n�ps"c����V����#��l��RW/^�9�	�#ʫ��s��^ҼEc>�{�{M��)$��ygp��9�Kuu5���<	�����[��n-����cgPr�S���9����zt���jrk6��F�R���>�����o'������S��O��ww=v�;������)�--����%r.�X�ď0%#�ז��VֵH���]Kq���-�֪QCw½�����?�����`Կ��_��[��F�����+���`Կ��_��[��F�����*q�~�����{-Q^	�!EPEPEPEP�|E���R��_�)+����/��������I\�}�G�=[���aEV�aEPEP^�^^�X��yY������k��0j_��/��k��K�#U��y?����k��0j_��/��k��K�#U��y?���8��C��|p=��(����(��(��(��(��"�����/����Q��G�K��褮^����菞��Yz���+S0��(��(�|��|�j�<�����Cĵ��5/����C5��%��������CJ���5/����C5��%��������CJ�G�_���8�EW�}QEQEQEQE���|Կ���J�����#��l��RW/_CG�Q�G�V�,�XQE��QEQEW�W�׾V5zVg�~��Z�����}K����~���u�^O���rZ�����}K����~���u�^O���N#�/��p_e��+�>�(��(��(��(���o���>j_���E%r��|E���R��_�)+�����(�#�^�(����(��(����, ����JFIF��C		
 $.' ",#(7),01444'9=82<.342��C			2!!22222222222222222222222222222222222222222222222222����"��	
���}!1AQa"q2���#B��R��$3br�	
%&'()*456789:CDEFGHIJSTUVWXYZcdefghijstuvwxyz���������������������������������������������������������������������������	
���w!1AQaq"2�B����	#3R�br�
$4�%�&'()*56789:CDEFGHIJSTUVWXYZcdefghijstuvwxyz��������������������������������������������������������������������������?�袊��(��(��(��(��(��(��(��(��(��(��(��(��(��(��)��dlt�4#p�����V���qk��*�䕌�I���?���g�Z��S�}����h�S�}����k����_��g�g��fU���굡�����������������c����0����?���}��V�<���x�6�F�YH��P[?��Q������5;�:HZ5�#�8����������h(���78]�QYQ@Q@^�������[�ƿ��說�k��K	� ��_��Q]���>���cO�{���_��QG���O��_��>�����	~���X~��ET8[�I�_���	3�y�����:
+��?#���������QS����s���~�QB���EW	�QECu��}j�[��V>�R�1���QE`t�Q@���_�E��t�3o��a�2�j���xS����q�Y]ι��ӎ"�21��>��9���j
Ծүaӿ�%�e��5�r�0]�6�9��i�^��Ŷ�ژ�ُ5�E�������в:��Sr�[��o����0�J��2h���x�m� I��W��W��� �[�F�Nd��R�DdL8���ހ��Qb��j��]7����;�TWJ��V���q������+�����[j��i̗~KN#2'̋ԩ�=��{T_zi�j�N������5k{8���gUT\��3��rkGº=�����3J��o)���ʪYA�<���ӌ��ë�$�}�������F�+[�>��4+�Jy�K���ӢFK0�����lt5A��$�e��+KTVI*]�pI�W�g��S�Z/d���S��JR�Y8tV��(�;o
x��N�i2=�.�l��=B����Ӽ9{�x^+�2�k��ԍ�ƬG���v'����7�Z*]CNմ�Et��'��,n/���}*ޥ�i���Ɔ��S�' �H��������c�U+�>�ƌ����E<�"��W�nwc���x�V����Ni��c�H��9<s�׵r֒�����Y�TV�x'ĉi=��3�Pg�,T:�3�=�k�6
+�O�~-b]�j#]�#�$q�٠�E��N�y^���rR��O,�E#F���H#� �j�c��実�[�ۘm����g�<��O����k�K�:V��!;]Ss$� 2:�ҹ�(L.t��m�?�g���F��䚳鼸���d�+wK�<?������6�}L��,��H�	��v2+ͮ��+�2̲X�_��[n��w�cҡEΒ�O�Z�<N�_�wړXp�m�ി��9bT��u��4�-C��ͩY@�V���:������~Py�q���4W�S%��ҕ�n�����n�ɭ��X��u8��a�t��c�ԚÇ�l����9����M�A���[�^�NKך�$���VQʆ]�g�q\�Y�������s�r���~b��O�[t�km[z=��>������x�-H�D�%W�[���}�m�\c#�{q��s�ڏ�O�����`�Go�s��5N���T�f�5+ɯ/%<��8��֡��)R��[YK��_ЪT�cin��Q�4����5K�[�����dEJU�$�n�Y�0�L�M/C�uK�{9.��{Y�EV�B�)*H����R��V���'�+F���o��7g%�=3P����e�+O.8�m��7�a �w��9��Z��M/_�=ޝs�m6�[��t�rm㺏i?p��F�>U�\����ǡi:��o�?A�Z���k4w��4FIlDo����ޱ.�鰟7\�Ե�#WX�w��}�wH�ʀ~c���g����O����j���N
G���FT�/�\�t����,�H��gf""3$?�1ǔw���:�Aq������W�zd���:��ka6J�^-��Gޓ��誎)ܸ`c^���w�L��mr{�g�����v�ʊ1j��vv��>��qz�g7���d�s��L�{rJ���*㇂�\�HGt����ᘼT�*�u�8Ia�kg���x�Eڑ��3�g���f��+������qyq5ӣ1<�Pµh�<S����B2���p�QEx�W��Ơ����+�|��E���S=�'�W��(������(��(H�-[����Z�_���
���c���?�(���Ì��{I�m&M�d$���hm>�%���QM��9{8���{O�O�IEW��~Ց�>�m>�%{��d{O�O�IE�!�Y�QE�ΈT7P֓bq*u�kT��d�����n����TlO�/�N�������|��7bq*6'��QG�+;��s˸݉����؟�_ʝEX����a�.�Pr�����S����Km�QEH�Q_b{�EPEPEPEW�QEQEQEQEQEQE��E�'�QEQEQEpQE|q��Q@Q@Q@Q@Q@Q@�Q_b{�EPEPEP��, ����JFIF��C		
 $.' ",#(7),01444'9=82<.342��C			2!!22222222222222222222222222222222222222222222222222����"��	
���}!1AQa"q2���#B��R��$3br�	
%&'()*456789:CDEFGHIJSTUVWXYZcdefghijstuvwxyz���������������������������������������������������������������������������	
���w!1AQaq"2�B����	#3R�br�
$4�%�&'()*56789:CDEFGHIJSTUVWXYZcdefghijstuvwxyz��������������������������������������������������������������������������?Ϣ�+c@��(��(��(��(��(��(��(��(��(��(��(��(��(��}������}��������c���_�g�ܷET�o�3�Ǩ�o�3�Ǩ����'��=�;�誟m����m���������W����r�S���������������0���[�����r�1�z���_R��*�2�%tQEb0��(��(��(>�IႻ��T>t�����O�����?�C^�8�E��Ք��V?Η�z?��h�����}�oo��˒s��Կd������K��3��A�����H?����?�W�~?�9��E2���g����}���)�Q������{_!�S(��g������C�2�A�4y���G���2���u�"����sm�l�E���QEQEQZ���ּCk�ܴ����0���=�K���yQiM��\\(k���������Ͻ+��R�9ኣ� {T>L�����[�X�Ec��$i6���>pR�1��ONƬ[蚅ܖ���Cj�j� ���8뎵�KI+��FRr��U�+n���֥���o�Qbc�͉NI�F~_���"ա��ɖ�e-e�$᳎ǽW:z��7k4V�x7�(�1��ħ���#?/㊂_�_�)l��yF`�הH9��h�qrK���2��7��ML�����[�Z�qgswO�Z��M+H����rH�W�6-[P��̞k�!��n�)*A���������{���/��������<���5�xcE��t	���d������e��NA콽c���ƴ�V�{ح-�0��ܞp�=�/���>ƍ�����/&_����ɣɗ�y���k���ƻw���4���+�[���RrRXh:��!��m..oQ6���8�E�������P��R��J[��/��������<���5�a}�jawe4wM���1l�1�s�U�GúΕa���:Xm��e;rp2���/�(k��O&_m��̢��ZܚH�M���y��!;}v�?�.��oT����N�X'c�:v���ׯj������M�'�3*��ok�k=�i7�[h<u g${��ړѪe���؉�(C╉���4�=n/��j#Z�#�*F�g�G]�d�'z�s2L"�X]XI�n����?9b)G�S�Q�����x6����vwW��[�$2K3�D[rI�U=|?�Xt���i���)K]Sr�H�`������+V��k�5���1����U�֥�d�d�">jH
�d�+kO��_�(A�i��Vz�\N&UX��l�j�q�dWE.QX]����n���,W��i��K�[�yG��rĩl�g�uZ��i�ǁ�{�;h��&�V�P@��aq��q�w�R��RM]�	Uq�]��]����n���,W��i��K�[�yG��rĩl�g�l6��|�3A���޼�Ѹ�)�-��r��qX�5��ō�\�Ja�>R@��8�pA���H�j�o[�iVV�����w?�rm�m�����8j��{���Y^g)������f�'���S�������b�ڹ�O���u*�KC裕�����M����(������]��w7ӽ��"��)TBT���~���������M'P����{���e�U���JJ�,`�=��������������Q�՗���=K_��ա�m/�i��W�o��@���9���I4�{�u߉t�Y.�A=Ҭ����<�	,�rn��TMs4U<{i]_q��e$����[M4:�o�w�</o�Z���o4wW��<E�#b�� ����W7��z>�m,���n�w<���+=���S�E�?1�p6�Z+9b��Mi��o�������N��[W���3P��k�o|k����$�2�Twy�1ג9u5緗���
����H-.n'�Q����u�p_���W<k�yR��4���C�F�[O/#�����~9_���V�cyv�
b���P���g޼�Kb�E�1�0!$��*��lC���[�،[��k��X�..t	<V<_u�+h�Hn�����D�Ƌ�#�\�z��E̗�������f�1���Hσ�݊uU��#ky�������n����#F�(��>�(��(�����|o�(�����?�ƙO��s��i��~�K����{Ѽ{�(���g���yog���=��=�Q��C�?�<������o��(�Ρ��[�����z7�zegP��O-����ǽǽ2�?��y�����y"��u'?ٟ�j�_���ZtgP�<�Ǉ�T%��
(���
(��
(����<���
(���2_����S��\��eq����#肊(����(��(��(��(��O��i�d_���Ztq���(��(��(���TIX�nM�QG�D�V}љ/���x�)�����2�?D��G�QAaEPEPEPEP��\��
Ӭȿ�'�´�<�㏠QE0QEQEQE�/���x�)�����2��i|�AEPXQEQEQEQE���'�´�2/����:8�����, ����JFIF��C		
 $.' ",#(7),01444'9=82<.342��C			2!!22222222222222222222222222222222222222222222222222����"��	
���}!1AQa"q2���#B��R��$3br�	
%&'()*456789:CDEFGHIJSTUVWXYZcdefghijstuvwxyz���������������������������������������������������������������������������	
���w!1AQaq"2�B����	#3R�br�
$4�%�&'()*56789:CDEFGHIJSTUVWXYZcdefghijstuvwxyz��������������������������������������������������������������������������?�:(��4
(��
(��
(��
(��
(��
(��
(��
(��
(��
(��
*Kx����ݷ�p��q�����S����^��Fu⍩ЩU^
�9Em���6R\��~�|�^3�\�ַح����+�7�iMnz8,��)�_���o��㨮��V�����}���}���b�~�ǡ�������gEv?b���h�أ�V�����}z=��Y��?��:��~�k�>��߱Gح����(��{��W�~/��u�����4pƍ��P;���UH�#��`儭��QEhq�Q@Q@Q@Q@t��	���d�b���t��	���d�b���2����]�H�׿�q��Ѕ>����Q���E�L`� pA���k��Z��^_��yC^ڪ�� ��+�=ࢊ(��(���Z����$�#D2�r��\�4_k���3���)30'%�v�w���������/�z�Vנ���E�T"F �s���F��NV�>��b\����+���'R�������4���{O�������>���n��#���O�Bu/��i�}��\��ms-��^'(�zdqU����)֧Q��tQEY�QEQE�eh'�e�l� �?�(���V����z��a��Ag3:�&� ��J�I�E�B4��k7�@��~��# f6%r=qY��Ԋ�4����{	r*�u�?�L-61-���g̒%rL����������t�[�ڰ���K0�b��r��J�6�yl�52^,�n�b� Lo �du��[�V�4��Ӂ�')ԍx˚�ލ�k�+Mwg)��w�<����4g]��/�x�v��aV2l$������?��ME5�؋�r!e�`���cY{z+3Ž����_�,8��������h����r��|��&���ް�6~��pA?���E&���vmd��0�˴��84�T3LM��~���9��E�����ȩ�4�/��ϟ�EO��)嶂��#�[��W
����=�[J�g����ƆS�Ur���	烊�T�dp�8�����M�?�1�1�_�ڔ�]A��a*�<�Oc�j޽���\��5��_�SB�sm��r�)��AK��쿡��B;����建�����
��A'
	�B�;�3�3����kW�حEi���Z{Au�����P3�D:=��m=���7�y�b&}�#��W��­BO��q�RZ$fW��������?�#^�u���݋Y�t��	Ԝ��:����J7���$V-;7z�l�I$u��'s�-MNW9Z+����&�D]b=&G�h��"�S�nwc����mj���OҞ{k��9���Nr��3�3^���\�(���x�,�.�D�Xm�y����R9a��j�
+���~�W������'��H�IHm`�E��N�y^���p�6�Z]�k2�	)є�G�$�=�×V�:����V��,�$��DA��$�dh���Ɵ�����Ō1���7O4��08����Q\
I+X���yN|ѕ���f�^x^�j����x��ڤ�k�d�IA@�2��+V�ZГ�>{}r�{{KI�Lc���8�dVE�N�1�_u�Z=��m̭.KK�wI%�Ew�>�%&]��4�����R���j�t�CJ�5�[����=?Qy�2�,^=��~Q��O�e�B�9e�i��/+�2��--��$�	ް�p��v�t�J�^s�%K��=�t�6�^��,$�d���w���(�hB�G@F�?�RC<ֳ,��\�J�\G�(���j��k|��E�6Q�xr��༸:����a������f��]}�S���r+�y�+=-��m���������%��]�W8PP2xu55s֝�C᳈ԥ�JoT�e��-|Y�Xi���v�L�7S5����R�� ��pES�e��U�4}6����LW5��"�I&Ȑ���`G�>�r��j�$�JJ��Ʊ��>���j�x�O�Xy}���q�VJ���x6+K�6P��[��	p�n�q��Y%�!�a�#
����T��x�Һ/�k�\^)�!��"�Ӵ�Ic����gv]���l�p7W�k��� ��隍��(0�3=��y��*c+��w��}^W��f���$�Ѝo���&��gRRV����c�5	i~&�����M��a�rH��2ϖwy���q�ט���7���}�����(-��峨9�O�+����OFǩ�����CO�I�Z6��V�T�A�ߝ�o'<���&�$�@OS�*��iXiX�ۉ|=�����W&ӭm��wqc#�t�Ĉ�<e�1�G��8��mKR��3^\�rP�����3P�BV�b��+�>�(��(��(��CҒ����z�����?DQEA��Q@y^��!������B5��z���o���O��n�g��|r�)�E��QEQE�TQEy�مQ@Q@Q@zRU=WT�I�[����� �NpOr=+�m7�x]����Vr�9;�|a���udt�W7�	���<.�������M������U>§c����gIEs�i������_�*��M����w�|/�G���>�_�Y�W��������?�#]��&�o�������*�u��.n��Ρ���y��-9A�dz}���Ո(���=@��(��(ب���O�
(��
(��
(��9�����_������������Aj૲��|�g���QE��Q@Q@Q@Q@Q@?��/�]����?��/�]�����E.U���O�.k�_������4k�_������5N�9W`���˟����.��������.����S��U�=��������A�����G����A�����T裕vi>�=������T!d��ϯ5^�)؆�ՅQ@��(��(��(��(��(���, ����JFIF��C		
 $.' ",#(7),01444'9=82<.342��C			2!!22222222222222222222222222222222222222222222222222����"��	
���}!1AQa"q2���#B��R��$3br�	
%&'()*456789:CDEFGHIJSTUVWXYZcdefghijstuvwxyz���������������������������������������������������������������������������	
���w!1AQaq"2�B����	#3R�br�
$4�%�&'()*56789:CDEFGHIJSTUVWXYZcdefghijstuvwxyz��������������������������������������������������������������������������?��(���(��(��(��(��(��(��(��(��(��(��(��(��(��+�Ε+�k�' 4��8ڼs\ew^��<�����
�bڡuܺ�����>�����Q����>�����U�+����΋"��N��@�_���X>-���Ңx-a����0�[�+��sƟ�����Aj��NN�S}H�\��h���C�(��(��(��(��(��(��(��+��_��������V�Z�� y�������4]?��袊��+����������Z�:�<i� x��������L�p�QE}9�QEQEQEQEWM��ö�,�Ν�_�<v�>n���q�'q�ATv��x�W+��sW��5Ix�Mb(�s?d��'����ǝ�Z�>լ���K�C�7ͧ�!u���Sns�u�=�݇��A�c��O��<�~�5���Xm���{f�0(��O�>9�;go]bႠVBA?��>���?��[x����i���3�K$
>�=��w^��<�����
׸x{�bxcH�Ӿ��8D�m�e�̓v��9�kZ?
�e��EӠ���5��{~���'*�pQ{�Bw��W�>��Ef��Y��F��g�5@C��J���(M&�IDlcO%s�3��ו4��]MO�sƟ�����Aj�å���ej��,�bU/!��u�W�x�N��᜚��0�����U�Vb��p�O˞�s]Xl-HV����"oFyu��|4.�k�\�fɽ*��P��������|������kW6M�,k�9c�0w2[��{�=���ռ1��Z�i:��<7�cˇ��8v�6Og���>����A�uMk{!�җFْ�%y r&����]T_�_?��]�D�M9��T����۱ߥ?�ok�u�����qit�(�5S���r�o �q�f����]k|0�X]^����m�ib��^�.r��A�R��B?xJ�T�j�x��8��D���Y���ʌ�QҼ���m>����v�m+C"�2���0���#���>'����pZZ���yh��@2ǁ��]�:�u{Mw\�z�|�q��9��y�W8F@���k�(�i��cwc�j�]Ƶ�����!}dFo*'Y#*T>:�OoOZ�[��:��+8�M��C���.���U#g\�ۈ��n�GZ�Z(�s熵��_����P�6F5�|K92�����O͎�k��^���I��k(������r��pۄa�~\�m�3ڼR�.��vv�}��kf��q��r���x����īI�l��	l���N�6��}2���.�3[�%@~|�����'A��u���Z�ˀLr4o��T���?1^3Ĵ�_��{�69�j���Ѱ{8�Wt[h�����Q�"5�A'�:?�X�Ӵt����������o�st�\��j����2xu5�Q^��ӆ�ihr���G�{[k�[�_Ewu1��8��B�Fqі!  �^[�f�O�LҴ-#P���������fYL�0�IR@eE ���k�@:��{I�����Ɵ�����Ajޞ1ʲ�.����z�ǋ�5k�MwH��ymEY���ٕ@*0Al�q�M{-+@�|-/�K�zֿy~�&��Tȿ�V�xT�8�	�Wϵ���&�G�����]x�C�$���fqwa��h���É��Ϫi���hYYea�0�@p����>^z�3u���������Q��o�H����Zi���<{*���1ԑ^�Eyo1��������G9���W¾'�g����1��^�:�Q��LXlJ�G�+_i����5;��I�T�+y�H�<��f8�P��<�
*���Q�V~��s6:v�}�SY�}Ư&�.���>̑�H�����@s���|�����/P��TY��"��KṔ�2�����+*��Y-4��C�G�xB/��Z��^$�\�h�(wh�U�ig�A�O|q�Ň�>��/7\�$��o�����9D^c���BA�y��
(��T�RZ1r��J(����(��(�������$�?����k[U����t�[�赭����L�[QR2��� G�����M|��O���_���}��Q��i?�_<���@������-UG��O�g_L|(��i��o���=}1��I���m��sס�z��ƞ�gEW�lQEQEQE|iEWל�EPEP֞��'A��u���Zڬ_�ȓ���:��E�mW�O�gZ�(�����Y4˴q�h\�_$��7��"����nb�y����/�����7�5��zxEÙ�ne[d���&�G�����_3��
?�i���G=,��+��ft�;:(��`��(��(��(�J(����
(��
(��>����:�����Z��b�?�D������-kj�z:��ET����<.�#_W�����s�\����l�ߩ�m�W�
?�i���G=|�_L|(��i��o���i���3:{��Q^	�QEQEQE�Q_^sQ@Q@���e����i�Yim�)�B�UB���8g������H��2���*+����+�]�M����o���?�̟�r�?�T�<G�Mgyk�$in҃nC(��Mx}Ok{uc)���ky
�/�	��P��RM�B�Q�v}A.�s4/GWR��ƾX�/�H�������Y���$���E;YX+鏅�M4��m����g��>�4�?���z��O�_ѓOs���+�6
(��
(��
(��?��, ����JFIF��C		
 $.' ",#(7),01444'9=82<.342��C			2!!22222222222222222222222222222222222222222222222222����"��	
���}!1AQa"q2���#B��R��$3br�	
%&'()*456789:CDEFGHIJSTUVWXYZcdefghijstuvwxyz���������������������������������������������������������������������������	
���w!1AQaq"2�B����	#3R�br�
$4�%�&'()*56789:CDEFGHIJSTUVWXYZcdefghijstuvwxyz��������������������������������������������������������������������������?�袊��(��(��(��(��(��(��(��(��(��(��*{(�[�x�eUV�������������
�j�I�*����`i������h���?���"7�֕�U����G��^��/���g���F�?�4����ȍ�5�^y��R���?��je���v��rb�G��w��#����?���"7�����Ϸ�Do���\�����+[���W�_r6�N�Zj|�_���g���F�?�4����ȍ�5�E?���E�#_���E�#7�L��o����G���>���ƴ���?�}�>�G�܌��3�}��#�Q��].i��l��{�����u��\��!X�p�U�{>���z�)5��EQ_$|�QEQEQET��}��)����>3��梢�m;�M�tt��ӗ�E��V����k]�G��2����:Z����������BZ�p��EJь���_�t�0Ĩ���/�:�#��Ҽ�Sկ�������W�B����O�׽Q���֯�G{z��ؼ5uw��?��3����I�	g�9�_��Ce�"E��w�+�|~2��4�en˻7����h����Y�N_���G�%���������\?�x������߂�#��������/�Z��K?���"�������<W�~��������'�%�������[P�۬d��.���������J)O0��.2�������$���AEW�QEQEQEV�t[o���J�yR	�����f$�ա�i��<��h�z͍��6�T�#�FB�2v�ޝ��%]�?�-/�p?��d�E���ڄ�l�[�d�]r'
X��� �WI��Q}F�U�5y���2�C�\WNڼ["i1��/{�]��Ѝ{xsWU��?xp� �Ǟ?�W�:��%ͥ�=����,]@�~f�l��z�iV�����iŧ�#���"����敃]���<I�g�}&a5��c�*IN�?/C�+���� �����ә.���FdO��S�6=�x9����}?Vm�0h�V�u�����[����#:���䑜��Z^����]��U�KyM���fUR�A��כb�:+���l|E�۫뛉㺖F�N�6K0���r	<��k
-:�x]zS)�[��X$�w,0I0E;0��V��2�U�h,��eT�Wp^2y#�V����My�F�H��w�eC0�
N��
���O&�������s_=��0����F3�ʫ��Vu\���#���3����������3���������&��	��#+/^��Ҥ�Ӯ�`�焤yq#��ּ���5�v�FW*<CQ����[����TL�y����pO�����xU���Okf���f�A!�N3���i���eoya�4���r	��9��\g�zyΤ9������]x�	gqt�5��o��,T:�3���kq�'�|9�o���Iu��=�G}�	$P�d�'���:W</ms5��l���:�2����Ղ�I����N�֝w{s��bR�O DQ�8���������uO�:�Xl�;Mcs$�&
�O�\�&;)�|M��;�_N�5�d��_M���De*As�WY��GA����o�>�>�Sk���*G�H�[?us�q�2+�諄�]�;�-�-�\��	ް�p��v�t�J�^s�%K��=�GJմ};�~�MB��;���i���{�? #�q�^aQ���<;�%�)r��[�	*��4;���5�&��c�Ԯm�K�nH�@rĩ|�f�?�"�4�Kcs�i�z�[���!�=��9P˸��+�^�n���K����c�G1�6ӌg���Ŵ�4�hRzo�`��4x�M2Ux����7���E��2=7����=��d��N���v�w?0��T�ouMFmCR����P�.3���j�oQ�wڮ��h^&�喑�Z^Z�_\_�=��"(�R����+�~���y����h�����w����"�I!)*H��ֹj)��Y��%���o��_x�GeW�o���F@!�l�n?�f�W�ịO_Ӑ\x���ɓ0��A	�$�Ŝ0ݑ�My�u�?�??�z�����z��۰�=K���<S�Ť�Η��I��0���Q�b�t�n�aǧxOG�$�lu^Y�c%���S�A����+���Yc9�Mi��o�DgP����x�/�i]�f�CQ�yK� �Ax�H�$��.��==/c�X ��{u�G��gPr��|We��@����^i^������Kg�E���~��e�mN��+t�
aD�*;@�[<���/�%��bNI�I?��V�ܖ�z%����^6��.�k<WR9"H�bG��&1��5��o�^�����.f�(z�����7S(���aER��(��SRTg��W*���L�/Ju5zS���yz�lQEs(��+��y�!���տ�4�J�߇�����[�CJ��@�=.�(��49/�������@z�J���������@z�J�p�"[�Q]�
(��
(��
(��
��5%Fz��r��^��r��SW�:��Ǘ���EW0(��߇�����[�CJ䫭�y�!���տ�4�|W�ds�袊��C���� ?����4�K��� ?����4�w�%�QE� ��(��(��(��SRTg��W*���L�/Ju5zS���yz�lQEs(��+��y�!���տ�4�J�߇�����[�CJ��@�=.�(��49/�������@z�J���������@z�J�p�"[�Q]�
(��
(��
(��
aS�}ч�΃n=D��Q�KE�J����P
(��aEP]o�����^����rU��<��������W>+�2��tQE|��|C������ךW��C������ךW���	�(���QE��, ����JFIF��C		
 $.' ",#(7),01444'9=82<.342��C			2!!22222222222222222222222222222222222222222222222222����"��	
���}!1AQa"q2���#B��R��$3br�	
%&'()*456789:CDEFGHIJSTUVWXYZcdefghijstuvwxyz���������������������������������������������������������������������������	
���w!1AQaq"2�B����	#3R�br�
$4�%�&'()*56789:CDEFGHIJSTUVWXYZcdefghijstuvwxyz��������������������������������������������������������������������������?��(���(��(��(��(��(��(��(��(��(��(��(��(��(����
J���>b�|:RvM�}���'��h�<���O���AEy�s�R9�����?�G����2�&�
(�ӟ�1�����'��h�<���O���AE�s�P�9����<d��Mg��x��|��(��N��?�y�猟�ɣ����?�]i��C����?����4}���'��k����9�(s�����2�&�������b]{�Z�'p��+�aEPEPQ��|����:m�����DlA��6�y5k%y�a��ᜟ��4N]���$�zMQ_"fQEQEQEQEQE��I\�z�g��~�D(�_������H�K�q���)<dJv��� �=,��S\ ks��E%$d��n}��(Ȣ�{9�� H����B�)�� zv5b�F����8aV{�#[/���#����(Q[m�}&:d���pA?���*�����en�R��]~`'���@����q�\��W9��^������
��x��4���J�I�����⹻Ok�^&�����W���"`Ƥ ���_Ò"{���M�s��m�A$�����z�V��E���3Jas
�� �+��NRi%��tV��ii�hb���}�R� �y�yM.����5��'�-u0�#���ml����K�p�����,�����ыA�&�1����r2G��M$ZU�ޗm5���3�zm���,Q����?�z��*cB�����U���K�k<��a:����Z��E�lm~�sl�Ðd�g�9 T�9��
V���#c��j��n�ۇ���sKk�jW�G5��x��V�ppz�9��m��ౝEh���$��n�ŝ�1��g�³�e	G�V�n�T�K����c~ڒ�y��'��w]ʍ����A�:WAWta���7S�,��?�cFT�����6�!wma�{K�ˈ���4����ܒxKC>=�4�Jk�)k��n�i����q�U�Y�cm�N	�D��R\�W~F���U�E�j�U��2�}�]�~�$��2~��a�h6�&�`�^��-쬵&��L���h�l�j�p2+��}�����Mo�����駩��q_��_s�"]����n��]�W��i��K�[��Q��������h����k^	����Ԛ�eAM��~P~lg��}�����Mo������P��+�}���7�Y�"ַ]�7ڠ�,Z]�ܳ���ĩl�g�X�֡�����]Bn��ߝrѣOP�9PWp�U+��$��L�#0zⲴy��b��L������A�{��2e����R�����khmO�ݫ���s�L�mc9�2?�#�����\��R���r~����n-V�^��]j���;D�
w\�PB�<:��������Co��*��� �щ�q_��_��#S��6�,�t�>����H���f��]c2JR48<2�UulW�4}:����K[��kiVEF�M�!��0��z�������Co��{L�������ZN�y)/f��ӿN���/�}K��tzΩ`��j˨�"��T0�������>�y�[8�=�)_I�|���(�ηqr�Z�.��<�K,C*�vFA�\�����M=�S R�#cn=��X?�������o�*�:lf&����������F\�"��V=/O״��N��<W�v�i,W6�0��.�CѶ�8���i���a��sM�)���'��|��(o;�+����T�����T�w��?�����e8�&�U���o�����V����g�^�>���!����Q�^R��H �3�r	5���x
��x�^.k�m��}Ј���&	��r��������o�*��N�O��g�|7�U<�(����'�X^�S|Tֵ��-d��o���̦8c[T,�������?��g�Δ�K3Y�I=��\�'z����������S�xY����V5�luUg���z����a��_k�v�q4WOj�|��i�p|���>���M-��y<F).�&�h�T�$g�}��V?�'z�����������������O��u��q4�)Ԋ]^�F�[��Vn��,�ZU������VKs��ߡ����EV�ޅQ@Q@Q@Q@�?��_���5�Z���{/���ʯ{/����?�ߢ
(��O(��(��+GB��տ��A5�Z:�����_�	�q������Ďҳu_�c��JҬ�W�X�?ҾYn}&K������(��>�(��(��(��(���}��k�=}�R�M��T�!˹
�p�Ƶ�Ο�!;_���WM<uJڊZe���R�"m��-m>Fw�"Z�����T�?��?���"��ק�^O�͋�X���ς�1<��-s�|�*���k�����S�k���f��,~��a�by��"Z�����T�?��?���"��ק�G�͋�X��������D�����ȩ�5&���[jp�4c]�;��	�z]su׆����3K�~��*4c{�f�������Y������J���_��|�&gQE���EPEPEPEPR�.� �C���U%��|����t���Kѝ�'����F��O�=����GEc����̓���i?�G�'����F���g�I���紟�ѣ���i?�Q�G��`$�D���O���tQME-�f�������Y������R��2_��|�&gQE���EPEPEPEPR[���_��QԖ�������e_�R�f�QY��Q@Q@Q@��, ����JFIF��C		
 $.' ",#(7),01444'9=82<.342��C			2!!22222222222222222222222222222222222222222222222222����"��	
���}!1AQa"q2���#B��R��$3br�	
%&'()*456789:CDEFGHIJSTUVWXYZcdefghijstuvwxyz���������������������������������������������������������������������������	
���w!1AQaq"2�B����	#3R�br�
$4�%�&'()*56789:CDEFGHIJSTUVWXYZcdefghijstuvwxyz��������������������������������������������������������������������������?�袊��(��(��(��(��(��(��(��(��(��(��(�������Iop�*,E���s�;��]?�!o���������o�jo��o�	k����
�����F�n������{�����?��������Mt�W���35�P�s_��i������_�&���>9J��p=Y��������?�ua1g6�.�=*tӎ�����'a�=���
?�����?����oQ^�<��O��s�;��s�}/�Q����������+z�9��=���?����k����D�?������[�Q�.������1eoe<�-�h�g��@ϥr�躗���?���&�궦�Z�Xy�I�(����
(��
(��
(��:_�jo��o�	k���������BZ�����;��QE�nB��{~ʯ�����*����~e�%��2*(��S�
(��
(��*�_�
��������]K�AW�����^u[�ٝ�]�QE��QEQEV�t[o���J�yR	�����f$��N�|!�y#��.����m��F9����d�Ͻ+��<�!���ݿ�%�����w��S_\D����c��PL�P.rHUcӱ��+����L�j�	������*�+��(jW��[A�!6r|�~����m��%�Y4\8ܩ�r9�v5��M}��sǹJ�\��o��W@���	���8#��Ƴ��]A5�k|K���K�*$�һ0t������)RIk���tS�#%��a���$�W�UUOC�k�� �E���^_*C۹�H��q]���iY]�nǛB��m7m.sTW]��[�;��f�R,b�Γ�iB�?§�jǢX_�Jڅ�V��h�)vc��I�s�j�����{|�������?��Wh�U��y�n�22#�֣�%Ķ��ik%ē]�$*�,Q����?���G��ԓ�����W��?��.�� ������	�:�}��{{�"X����9�T�uݤ|� n$q���ӆg8��OM���7��Tչ����?Q_Af^}��^I�v�ݑ��i`��nbI"��>pw�����G����������(���K�Xd���R<�$��u�u2ͥ�����'�����'�my�!����yuܨĶ�pG��qU�f�r�0̬����pA�iW2�%yS��J[?��O�w��w���ۘm����y"�)�,x�N�<%=���x�I��d��h��&�0UF
2:�ҹZ+�h�Ǡx[R�մY��X�w��M�H.��Ybt*��~��Z��%~��Z����N�^y��V5/���V�<dW�x#�CS׻�K]�y8��o�[/�:)�r��i���S"<�ֲ�p���e�i%C/9������i��^��/
��;H,��BI����a��p�'����������2cr�nq��������B�������MD%�J�k���c��rkD��"=4���)�t��Y}8L�M�ݴ�����R���j��>$����J{C-�7bkH�f42DT��݌���/п���!?�\���|R���tRD*a�G��g>�Et�!^S���I�s:�I����u^;��DҬ4k	"�F�jX�-�w���9]'�u&Ҵ��B�ob�xG��ڍ֩�ͨjW�^^Jy��p:���w��V���z����˙7�_)�2�@�B(�p�](�8��蟙|%H��n��`��.�4��[�}�\J�ҫ�m$�8�8��pGZ�I,g���&����;����Ym$�"F��0��z����G� �����	���#��d��k����I{k���ө�psM;?���o�]�j>��0��t��i�>���[��h����F��=[^�D��..Dw1��]ƾaǖ��bV�U�Z����G� �����	���#��d��j�\\�R�/���%`f�O�5��oN��:lZL��iz]��Oql3H��(n�جH��	��A�V:��,�1��s��)� ���w'�&�����A�������G� ����RX�'FV�kk���%E���o���<n�3��B�?,�2[���h��/)a��+�y�fլ��+�V7r�t����Kl�fI?�R`�|t���7������M��w��?�O�&�s���������+4�g�ZmƓ?�ok������ٖ�IT���e�18P�w�sҳ�.�'��Wv,�cbz��6��:.�y���<�ھS��y#����Ԫ�ڱqw��w�8�t޽��jZ��^��ͬj�;�l�|��q�D�_>X�g������	�hg��{�������m>�~?
Ң�����嵮��ءO���QE����#�CS׻�K]�p>���������}^c��݇�
�i�����K#uw�X�Ċ��K��m���_��W"�Q+)?���r��6��@�?���^}�[x`��P�q��*(|���O�5�W�����k��jM�woo�b'%�]����W�xOH�.|3g,�u��6����O�é�U�>��N����ƭ�j�����3&�{�G��M����Q�����&����+B���oW���u�˹������&����(�����c�����Eޯ�?�9��������c����`���	���t�
Т�oW�����g�`���	���t�
?�t����:�hQG�����yw)��鶳,��}�R��x�Uaۂ\���NRw���op��*DxEQ_ry�K���M�^���-w���#�CS׻�K]�x���Gv�
(��M¼��_�2���?��J�5�W�����k��?��?Ts�~�g���)��O�����>��N����ƭ��/_ј��#z�(��;�(��(��(��(��(���+�O0��k��r�w/�BT��Oa�k����E�������^kErV�S�>y6m
҂�=+�������h�������+�h��(��������	V��?��	�¸�]�}��\[���n����Ve�(K�-�:���
��ȧe�m?�cW�W��3�E;/�i���3��/_ѕ����(��l�
(��
(��
(��
(��
(��<"�(��<���(��(��(�Y�g��v_���F5y5zσ?�S�����1���?��Fo����(��l�
(��
(��
(��
(��
(��?��, ����JFIF��C		
 $.' ",#(7),01444'9=82<.342��C			2!!22222222222222222222222222222222222222222222222222����"��	
���}!1AQa"q2���#B��R��$3br�	
%&'()*456789:CDEFGHIJSTUVWXYZcdefghijstuvwxyz���������������������������������������������������������������������������	
���w!1AQaq"2�B����	#3R�br�
$4�%�&'()*56789:CDEFGHIJSTUVWXYZcdefghijstuvwxyz��������������������������������������������������������������������������?�z(��4
(��
(��
(��
(��
(��
(��
(��
(��
(��
(��
(��
(��
(��
(��;��]��s�,тO�kC�:��|������U����-��_��:�h�>�:tG�a)Sxx7���V�α��;����G�u�����ߥ�
�Ei��G�����+gX�ϝ���_��:��|������Y��H�cO�W�-�;�I��1���7c�qש�������?�_���ƪQG,{��������W�j����,�2�V ��޽��K�����wO�W��%$Տθ֔)פ��{/0������������{\ů�m��?��I�,�l�����QE�}�QEQEQEt��F��[	/,紎4��D���{)����WeF.N�樮��>��?zw���"��T������������k�§b?������Ө��g��]:��y���%N~a��zJ�����(�$}�5B	�_�QE��QEQEoK�����wO�W�יi�������
����n�����◣�¸/�_�*�����]�p_��U�������������z�5EW)�aEt�|;g����%���ms��xbw$�Gjݱ�߀|Ur�o�5}n�T��d�"��3�M���}O�J�s��K�j�zLڥš����䐺�n�)�9�:��n��^ �?��ǧ���w�?}��N|ά6��c=�N�`W�|'��Z���_�@J���S㘣�v���.*d$��S�دK�}�wB���5;����H��w.��0$	�ڱ��4:0�*������	���8 �|���Ri�\�i �(�ɴ�������_c����4����������ln/u-R�F���%�S"���\�3��rj?i0k����Y-�6�Ҫ�Pr����<[��}+By��R��cQ]o��-c�\_\O:\���0Y�-.ӐI�v�CX�ej<��S,ױZZ��
IR�[�Nv"�������Oר�8�T���3(��ox��N�iS=�.�l�f�I�V4�	]k��L����S6���H�E������ET�S��e�F
�K{zz�9�*���jz^��}圱ݶ6ō���ی�8����5�#N�}��$6��\���8�r@�֫�CMw4������k������^������+�k��|���j�Nsc�%�w��;��8�=+�-�mB��b�v���ŉ�[Vg�|g��M%K޲{k�ȡ\ů�m��?��LmQH$��]c�;� c~����U�������dӋ��*s�&�2kSƨ�P��^��,�+���^(��<�Q!���E#|���#�t�6���O�.l�l�Ҵ2/�) ��W*w>��_����L����_��ik��i����$Ƶt?��-5�s�Z-���-�V�4��I�C�\���u�4���Ǩ��X�����q��z>�7�_YQ�ʉ�Hʕ�����ֺ��ú����?iwp髪���UH�E$n�F�X���v2:ׂQK�V;�k���=I�Q�|l�i$��reo7h'-��ף|2�t��|�j��l��Q��(�:�ɰɓ��q�J���?���_����TU�csZ4��cwM6v�
dG�"��_N1�l�m$�e�9bT�}�ڷ��k�j����{K�{X��f�.Tto��4��	`��*�l�*}@ ��W';;���_֖9���g�i"��nF�.�6�F�3��ㆹ�P�����p�N������3G�Vv�%��w��.4�w`( �('�Zί��S���M?��a�0�������_q��:ƛ���ö:N�iwk����\=��"��R����+�~����ȟK��B����K��^�e�U���JJ�,`�=랢�0j..�~&t��NP�5���߷�zv���Vj���V�8�1��h�m��2�`�q�k94����uω��In�C=҉ɷ��=���K,]n��TMrT�OFe�1m�_���]u;h<I��~'�W�jV�,%���iب�F3��׊�MI��g����L��g�>H%g��m�wH�W�;��΢�������w��.�jJZ��[{���j�<Skqo{�M4È�H��e����$$�'�㩬8d�մOX\��ä�y-�8m��Dn�����r_�����B�6���U9^�>���5#�枽w%��'k���v�Ek?����R�ƶ��P��@v|��=+ʼl�'¿;�fo�OR|��P������������<���(b�|D_j���:��w^�Շ�I�U��Z������B.�XUFď0% �5��֣���jZ�͟l���g�w�l~�F��+P�QE�(��+ؾ�ȭu�_���%x�{���������k�N��wEW����?s���EeV����?s���EeW�῁E�CC�Q�AEV�EPEP�S�moq3m�)UݰNI���M�i�A���Z�?��7������2�(N6�|g8�ZjPOG��R��&�4����A�����o�^ ���V��`Y��q�͂�@=	��-O�=�����y�&�ϛ����茪(��=P��(��(�b�O�"���~������_	��V���������8_��Q\G�d^�r���K�d�;�!Xc���W��GO���?����5�Et�^)EI�,ET��`�#���k�����?���������Mo�O븏�c��o�0?���������Mq�+A�j�Z����/'%�vǥz}y��_�-����7��7������C�i���֟���G�h�֟���G�j���+�3>{�c�?Yu�I䍐�x`A�?�T����Vu��r�1U�:ҽ��j����j�R���������D��"2����=���(��(�b�O�"���~������_	��V���������8_��Q\G�QEQE�_�`���U��޽6���/�������Cs��ݟ�9(��>\(��*�������F��-O�=�����T>$mC��ʢ�+���(��(����?���_����W�ױ|'��Z���_�@Jƿ�t��wtQEq�QEQEW#�	_�ڜWV�["$"2%f!��S�+��#���L�⮌�Ѕx�Oc��[k��c��������?6?������+/�L����vy��������������d��������u�[�~n�&/.�Jܷ���Ӈ��~C�j���w�@���"�Q]��N�,p����QEf���] (Thread[vert.x-eventloop-thread-0,6,main])
26849 ms. Memory: 1624576K Free: 913663K (56%)
Exported /home/travis/build/icyphy/ptII/ptolemy/actor/lib/jjs/modules/cameras/demo/CameraWebSocket/CameraWebSocket/index.html
34267 ms. Memory: 1624576K Free: 884983K (54%)
####### 8 Wed Jun 05 04:49:34 UTC 2019 $PTII/bin/ptinvoke ptolemy.vergil.basic.export.ExportModel -force htm -run -openComposites -timeOut 30000 -whiteBackground ptolemy/actor/lib/jjs/modules/cameras/demo/Foscam/Foscam.xml $PTII/ptolemy/actor/lib/jjs/modules/cameras/demo/Foscam/Foscam
----------------- Wed Jun 05 04:49:34 UTC 2019 About to sleep for 5.0 seconds before running or rerunning.  Test is: /home/travis/build/icyphy/ptII/ptolemy/actor/lib/jjs/modules/cameras/demo/Foscam/Foscam.xml
Done sleeping
Running .Foscam
Foscam2: snapshot.cgi?user=admin&pwd=&undefined= (Thread[AWT-EventQueue-0,6,main])
Foscam2: Making an HTTP request. (Thread[AWT-EventQueue-0,6,main])
ExportHTMLTimer went off after 30000 ms., calling getDirector().finish and getDirector().stopFire()
Foscam2: undefined.cgi?user=admin&pwd=&undefined= (Thread[AWT-EventQueue-0,6,main])
Foscam2: Making an HTTP request. (Thread[AWT-EventQueue-0,6,main])
30019 ms. Memory: 1613312K Free: 1236813K (77%)
Exported /home/travis/build/icyphy/ptII/ptolemy/actor/lib/jjs/modules/cameras/demo/Foscam/Foscam/index.html
34966 ms. Memory: 1613312K Free: 1206243K (75%)
####### 9 Wed Jun 05 04:50:14 UTC 2019 $PTII/bin/ptinvoke ptolemy.vergil.basic.export.ExportModel -force htm -run -openComposites -timeOut 30000 -whiteBackground ptolemy/actor/lib/jjs/modules/computerVision/demo/ComputerVision/ComputerVision.xml $PTII/ptolemy/actor/lib/jjs/modules/computerVision/demo/ComputerVision/ComputerVision
----------------- Wed Jun 05 04:50:14 UTC 2019 About to sleep for 5.0 seconds before running or rerunning.  Test is: /home/travis/build/icyphy/ptII/ptolemy/actor/lib/jjs/modules/computerVision/demo/ComputerVision/ComputerVision.xml
Done sleeping
Running .ComputerVision
Manager.initialize() finished: 14567 ms. Memory: 1963008K Free: 1660714K (85%)
17005 ms. Memory: 1963008K Free: 1388582K (71%)
Exported /home/travis/build/icyphy/ptII/ptolemy/actor/lib/jjs/modules/computerVision/demo/ComputerVision/ComputerVision/index.html
29512 ms. Memory: 1963008K Free: 1333073K (68%)
####### 10 Wed Jun 05 04:50:49 UTC 2019 $PTII/bin/ptinvoke ptolemy.vergil.basic.export.ExportModel -force htm  -openComposites -timeOut 30000 -whiteBackground ptolemy/actor/lib/jjs/modules/contextAware/demo/ContextAware/ContextAware.xml $PTII/ptolemy/actor/lib/jjs/modules/contextAware/demo/ContextAware/ContextAware
Warning: not running ptolemy/actor/lib/jjs/modules/contextAware/demo/ContextAware/ContextAware.xml. See ptolemy/vergil/basic/export/test/junit/ExportModelJUnitTest.java
----------------- Wed Jun 05 04:50:49 UTC 2019 About to sleep for 5.0 seconds before running or rerunning.  Test is: /home/travis/build/icyphy/ptII/ptolemy/actor/lib/jjs/modules/contextAware/demo/ContextAware/ContextAware.xml
Done sleeping
Exported /home/travis/build/icyphy/ptII/ptolemy/actor/lib/jjs/modules/contextAware/demo/ContextAware/ContextAware/index.html
4158 ms. Memory: 1963008K Free: 1018979K (52%)
####### 11 Wed Jun 05 04:50:58 UTC 2019 $PTII/bin/ptinvoke ptolemy.vergil.basic.export.ExportModel -force htm -run -openComposites -timeOut 30000 -whiteBackground ptolemy/actor/lib/jjs/modules/crypto/demo/AsymmetricEncrypt/AsymmetricEncrypt.xml $PTII/ptolemy/actor/lib/jjs/modules/crypto/demo/AsymmetricEncrypt/AsymmetricEncrypt
----------------- Wed Jun 05 04:50:58 UTC 2019 About to sleep for 5.0 seconds before running or rerunning.  Test is: /home/travis/build/icyphy/ptII/ptolemy/actor/lib/jjs/modules/crypto/demo/AsymmetricEncrypt/AsymmetricEncrypt.xml
Done sleeping
Running .AsymmetricEncrypt
RandomBytes: [ -40 ] (Thread[AWT-EventQueue-0,6,main])
EncryptWithHash: ### it is a string: hello world! (Thread[AWT-EventQueue-0,6,main])
RandomBytes: [ -85, 15 ] (Thread[AWT-EventQueue-0,6,main])
EncryptWithHash: ### it is a string: bye world! (Thread[AWT-EventQueue-0,6,main])
RandomBytes: [ 79, -66, -97 ] (Thread[AWT-EventQueue-0,6,main])
RandomBytes: [ -54, -61, -97, 99 ] (Thread[AWT-EventQueue-0,6,main])
12849 ms. Memory: 1994752K Free: 594567K (30%)
Exported /home/travis/build/icyphy/ptII/ptolemy/actor/lib/jjs/modules/crypto/demo/AsymmetricEncrypt/AsymmetricEncrypt/index.html
22554 ms. Memory: 2016256K Free: 1706374K (85%)
####### 12 Wed Jun 05 04:51:25 UTC 2019 $PTII/bin/ptinvoke ptolemy.vergil.basic.export.ExportModel -force htm -run -openComposites -timeOut 30000 -whiteBackground ptolemy/actor/lib/jjs/modules/crypto/demo/MessageDigest/MessageDigest.xml $PTII/ptolemy/actor/lib/jjs/modules/crypto/demo/MessageDigest/MessageDigest
----------------- Wed Jun 05 04:51:25 UTC 2019 About to sleep for 5.0 seconds before running or rerunning.  Test is: /home/travis/build/icyphy/ptII/ptolemy/actor/lib/jjs/modules/crypto/demo/MessageDigest/MessageDigest.xml
Done sleeping
Running .MessageDigest
RandomBytes: [ -87 ] (Thread[AWT-EventQueue-0,6,main])
EncryptWithHash: ### it is a string: hello world! (Thread[AWT-EventQueue-0,6,main])
EncryptWithHash: [ 104,
  101,
  108,
  108,
  111,
  32,
  119,
  111,
  114,
  108,
  100,
  33,
  117,
  9,
  -27,
  -67,
  -96,
  -57,
  98,
  -46,
  -70,
  -57,
  -7,
  13,
  117,
  -117,
  91,
  34,
  99,
  -6,
  1,
  -52,
  -68,
  84,
  42,
  -75,
  -29,
  -33,
  22,
  59,
  -32,
  -114,
  108,
  -87 ] (Thread[AWT-EventQueue-0,6,main])
DecryptWithHash: [ 104, 101, 108, 108, 111, 32, 119, 111, 114, 108, 100, 33 ] (Thread[AWT-EventQueue-0,6,main])
DecryptWithHash: [ 117,
  9,
  -27,
  -67,
  -96,
  -57,
  98,
  -46,
  -70,
  -57,
  -7,
  13,
  117,
  -117,
  91,
  34,
  99,
  -6,
  1,
  -52,
  -68,
  84,
  42,
  -75,
  -29,
  -33,
  22,
  59,
  -32,
  -114,
  108,
  -87 ] (Thread[AWT-EventQueue-0,6,main])
DecryptWithHash: [ 117,
  9,
  -27,
  -67,
  -96,
  -57,
  98,
  -46,
  -70,
  -57,
  -7,
  13,
  117,
  -117,
  91,
  34,
  99,
  -6,
  1,
  -52,
  -68,
  84,
  42,
  -75,
  -29,
  -33,
  22,
  59,
  -32,
  -114,
  108,
  -87 ] (Thread[AWT-EventQueue-0,6,main])
RandomBytes: [ 71, 16 ] (Thread[AWT-EventQueue-0,6,main])
EncryptWithHash: ### it is a string: bye world! (Thread[AWT-EventQueue-0,6,main])
EncryptWithHash: [ 98,
  121,
  101,
  32,
  119,
  111,
  114,
  108,
  100,
  33,
  87,
  -40,
  61,
  -97,
  47,
  -93,
  111,
  -126,
  41,
  -41,
  5,
  71,
  -116,
  -126,
  88,
  -110,
  -25,
  18,
  9,
  123,
  68,
  24,
  11,
  -64,
  -67,
  36,
  -65,
  21,
  -14,
  -69,
  -122,
  53 ] (Thread[AWT-EventQueue-0,6,main])
DecryptWithHash: [ 98, 121, 101, 32, 119, 111, 114, 108, 100, 33 ] (Thread[AWT-EventQueue-0,6,main])
DecryptWithHash: [ 87,
  -40,
  61,
  -97,
  47,
  -93,
  111,
  -126,
  41,
  -41,
  5,
  71,
  -116,
  -126,
  88,
  -110,
  -25,
  18,
  9,
  123,
  68,
  24,
  11,
  -64,
  -67,
  36,
  -65,
  21,
  -14,
  -69,
  -122,
  53 ] (Thread[AWT-EventQueue-0,6,main])
DecryptWithHash: [ 87,
  -40,
  61,
  -97,
  47,
  -93,
  111,
  -126,
  41,
  -41,
  5,
  71,
  -116,
  -126,
  88,
  -110,
  -25,
  18,
  9,
  123,
  68,
  24,
  11,
  -64,
  -67,
  36,
  -65,
  21,
  -14,
  -69,
  -122,
  53 ] (Thread[AWT-EventQueue-0,6,main])
RandomBytes: [ 119, 18, 8 ] (Thread[AWT-EventQueue-0,6,main])
RandomBytes: [ 44, 64, -80, -90 ] (Thread[AWT-EventQueue-0,6,main])
8256 ms. Memory: 1937920K Free: 1067079K (55%)
Exported /home/travis/build/icyphy/ptII/ptolemy/actor/lib/jjs/modules/crypto/demo/MessageDigest/MessageDigest/index.html
15544 ms. Memory: 1937920K Free: 982658K (51%)
####### 13 Wed Jun 05 04:51:46 UTC 2019 $PTII/bin/ptinvoke ptolemy.vergil.basic.export.ExportModel -force htm -run -openComposites -timeOut 30000 -whiteBackground ptolemy/actor/lib/jjs/modules/crypto/demo/RandomBytes/RandomBytes.xml $PTII/ptolemy/actor/lib/jjs/modules/crypto/demo/RandomBytes/RandomBytes
----------------- Wed Jun 05 04:51:46 UTC 2019 About to sleep for 5.0 seconds before running or rerunning.  Test is: /home/travis/build/icyphy/ptII/ptolemy/actor/lib/jjs/modules/crypto/demo/RandomBytes/RandomBytes.xml
Done sleeping
Running .RandomBytes
RandomBytes: [ 122 ] (Thread[AWT-EventQueue-0,6,main])
RandomBytes: [ 93, 102 ] (Thread[AWT-EventQueue-0,6,main])
RandomBytes: [ 3, -106, -22 ] (Thread[AWT-EventQueue-0,6,main])
RandomBytes: [ -69, 119, 88, 81 ] (Thread[AWT-EventQueue-0,6,main])
4012 ms. Memory: 1937920K Free: 572921K (30%)
Exported /home/travis/build/icyphy/ptII/ptolemy/actor/lib/jjs/modules/crypto/demo/RandomBytes/RandomBytes/index.html
8875 ms. Memory: 1937920K Free: 540293K (28%)
####### 14 Wed Jun 05 04:52:00 UTC 2019 $PTII/bin/ptinvoke ptolemy.vergil.basic.export.ExportModel -force htm -run -openComposites -timeOut 30000 -whiteBackground ptolemy/actor/lib/jjs/modules/crypto/demo/SymmetricEncrypt/SymmetricEncrypt.xml $PTII/ptolemy/actor/lib/jjs/modules/crypto/demo/SymmetricEncrypt/SymmetricEncrypt
----------------- Wed Jun 05 04:52:00 UTC 2019 About to sleep for 5.0 seconds before running or rerunning.  Test is: /home/travis/build/icyphy/ptII/ptolemy/actor/lib/jjs/modules/crypto/demo/SymmetricEncrypt/SymmetricEncrypt.xml
Done sleeping
Running .SymmetricEncrypt
RandomBytes: [ -17 ] (Thread[AWT-EventQueue-0,6,main])
RandomBytes: [ -29, 2 ] (Thread[AWT-EventQueue-0,6,main])
RandomBytes: [ -101, -36, 112 ] (Thread[AWT-EventQueue-0,6,main])
RandomBytes: [ -31, -29, 28, -30 ] (Thread[AWT-EventQueue-0,6,main])
5839 ms. Memory: 2035712K Free: 1058985K (52%)
Exported /home/travis/build/icyphy/ptII/ptolemy/actor/lib/jjs/modules/crypto/demo/SymmetricEncrypt/SymmetricEncrypt/index.html
12346 ms. Memory: 2035712K Free: 1028254K (51%)
####### 15 Wed Jun 05 04:52:17 UTC 2019 $PTII/bin/ptinvoke ptolemy.vergil.basic.export.ExportModel -force htm  -openComposites -timeOut 30000 -whiteBackground ptolemy/actor/lib/jjs/modules/discovery/demo/Discovery/Discovery.xml $PTII/ptolemy/actor/lib/jjs/modules/discovery/demo/Discovery/Discovery
Warning: not running ptolemy/actor/lib/jjs/modules/discovery/demo/Discovery/Discovery.xml. See ptolemy/vergil/basic/export/test/junit/ExportModelJUnitTest.java
----------------- Wed Jun 05 04:52:17 UTC 2019 About to sleep for 5.0 seconds before running or rerunning.  Test is: /home/travis/build/icyphy/ptII/ptolemy/actor/lib/jjs/modules/discovery/demo/Discovery/Discovery.xml
Done sleeping
Exported /home/travis/build/icyphy/ptII/ptolemy/actor/lib/jjs/modules/discovery/demo/Discovery/Discovery/index.html
3225 ms. Memory: 2035712K Free: 855263K (42%)
####### 16 Wed Jun 05 04:52:25 UTC 2019 $PTII/bin/ptinvoke ptolemy.vergil.basic.export.ExportModel -force htm -run -openComposites -timeOut 30000 -whiteBackground ptolemy/actor/lib/jjs/modules/discovery/demo/Discovery/DiscoveryJS.xml $PTII/ptolemy/actor/lib/jjs/modules/discovery/demo/Discovery/DiscoveryJS
----------------- Wed Jun 05 04:52:25 UTC 2019 About to sleep for 5.0 seconds before running or rerunning.  Test is: /home/travis/build/icyphy/ptII/ptolemy/actor/lib/jjs/modules/discovery/demo/Discovery/DiscoveryJS.xml
Done sleeping
Running .DiscoveryJS
6365 ms. Memory: 2027520K Free: 541541K (27%)
Exported /home/travis/build/icyphy/ptII/ptolemy/actor/lib/jjs/modules/discovery/demo/Discovery/DiscoveryJS/index.html
11815 ms. Memory: 2027520K Free: 511450K (25%)
####### 17 Wed Jun 05 04:52:42 UTC 2019 $PTII/bin/ptinvoke ptolemy.vergil.basic.export.ExportModel -force htm -run -openComposites -timeOut 30000 -whiteBackground ptolemy/actor/lib/jjs/modules/discovery/demo/Discovery/PopulateSwarmboxMap.xml $PTII/ptolemy/actor/lib/jjs/modules/discovery/demo/Discovery/PopulateSwarmboxMap
----------------- Wed Jun 05 04:52:42 UTC 2019 About to sleep for 5.0 seconds before running or rerunning.  Test is: /home/travis/build/icyphy/ptII/ptolemy/actor/lib/jjs/modules/discovery/demo/Discovery/PopulateSwarmboxMap.xml
Done sleeping
Running .PopulateSwarmboxMap
Manager.initialize() finished: 10334 ms. Memory: 2073088K Free: 1182297K (57%)
REST: Making an HTTP request. (Thread[AWT-EventQueue-0,6,main])
20398 ms. Memory: 2073088K Free: 1146347K (55%)
Exported /home/travis/build/icyphy/ptII/ptolemy/actor/lib/jjs/modules/discovery/demo/Discovery/PopulateSwarmboxMap/index.html
30978 ms. Memory: 2073088K Free: 1043828K (50%)
####### 18 Wed Jun 05 04:53:18 UTC 2019 $PTII/bin/ptinvoke ptolemy.vergil.basic.export.ExportModel -force htm -run -openComposites -timeOut 30000 -whiteBackground ptolemy/actor/lib/jjs/modules/discovery/demo/Discovery/PostSwarmboxDevices.xml $PTII/ptolemy/actor/lib/jjs/modules/discovery/demo/Discovery/PostSwarmboxDevices
----------------- Wed Jun 05 04:53:18 UTC 2019 About to sleep for 5.0 seconds before running or rerunning.  Test is: /home/travis/build/icyphy/ptII/ptolemy/actor/lib/jjs/modules/discovery/demo/Discovery/PostSwarmboxDevices.xml
Done sleeping
Running .PostSwarmboxDevices
REST: Making an HTTP request. (Thread[AWT-EventQueue-0,6,main])
ExportHTMLTimer went off after 30000 ms., calling getDirector().finish and getDirector().stopFire()
30026 ms. Memory: 2009600K Free: 713645K (36%)
Exported /home/travis/build/icyphy/ptII/ptolemy/actor/lib/jjs/modules/discovery/demo/Discovery/PostSwarmboxDevices/index.html
36109 ms. Memory: 2009600K Free: 660211K (33%)
####### 19 Wed Jun 05 04:53:59 UTC 2019 $PTII/bin/ptinvoke ptolemy.vergil.basic.export.ExportModel -force htm -run -openComposites -timeOut 30000 -whiteBackground ptolemy/actor/lib/jjs/modules/discovery/demo/Heartbeat/Heartbeat.xml $PTII/ptolemy/actor/lib/jjs/modules/discovery/demo/Heartbeat/Heartbeat
----------------- Wed Jun 05 04:53:59 UTC 2019 About to sleep for 5.0 seconds before running or rerunning.  Test is: /home/travis/build/icyphy/ptII/ptolemy/actor/lib/jjs/modules/discovery/demo/Heartbeat/Heartbeat.xml
Done sleeping
Running .Heartbeat
Heartbeat: HeartBeat: pingMothership (Thread[AWT-EventQueue-0,6,main])
Heartbeat: Making an HTTP request. (Thread[AWT-EventQueue-0,6,main])
Heartbeat: Request problem: Unable to check in with server: Error: Search domain query failed. Original hostname: 'terra.eecs.berkeley.edu' failed to resolve 'terra.eecs.berkeley.edu.google.internal' after 2 queries  (Thread[AWT-EventQueue-0,6,main])
Heartbeat: HeartBeat: pingMothership (Thread[AWT-EventQueue-0,6,main])
Heartbeat: Making an HTTP request. (Thread[AWT-EventQueue-0,6,main])
Heartbeat: Request problem: Unable to check in with server: Error: Search domain query failed. Original hostname: 'terra.eecs.berkeley.edu' failed to resolve 'terra.eecs.berkeley.edu.google.internal' after 2 queries  (Thread[AWT-EventQueue-0,6,main])
Heartbeat: HeartBeat: pingMothership (Thread[AWT-EventQueue-0,6,main])
Heartbeat: Making an HTTP request. (Thread[AWT-EventQueue-0,6,main])
Heartbeat: Request problem: Unable to check in with server: Error: Search domain query failed. Original hostname: 'terra.eecs.berkeley.edu' failed to resolve 'terra.eecs.berkeley.edu.google.internal' after 2 queries  (Thread[AWT-EventQueue-0,6,main])
Heartbeat: HeartBeat: pingMothership (Thread[AWT-EventQueue-0,6,main])
Heartbeat: Making an HTTP request. (Thread[AWT-EventQueue-0,6,main])
Heartbeat: Request problem: Unable to check in with server: Error: Search domain query failed. Original hostname: 'terra.eecs.berkeley.edu' failed to resolve 'terra.eecs.berkeley.edu.google.internal' after 2 queries  (Thread[AWT-EventQueue-0,6,main])
Heartbeat: HeartBeat: pingMothership (Thread[AWT-EventQueue-0,6,main])
Heartbeat: Making an HTTP request. (Thread[AWT-EventQueue-0,6,main])
Heartbeat: Request problem: Unable to check in with server: Error: Search domain query failed. Original hostname: 'terra.eecs.berkeley.edu' failed to resolve 'terra.eecs.berkeley.edu.google.internal' after 2 queries  (Thread[AWT-EventQueue-0,6,main])
Heartbeat: HeartBeat: pingMothership (Thread[AWT-EventQueue-0,6,main])
Heartbeat: Making an HTTP request. (Thread[AWT-EventQueue-0,6,main])
Heartbeat: Request problem: Unable to check in with server: Error: Search domain query failed. Original hostname: 'terra.eecs.berkeley.edu' failed to resolve 'terra.eecs.berkeley.edu.google.internal' after 2 queries  (Thread[AWT-EventQueue-0,6,main])
Heartbeat: HeartBeat: pingMothership (Thread[AWT-EventQueue-0,6,main])
Heartbeat: Making an HTTP request. (Thread[AWT-EventQueue-0,6,main])
Heartbeat: Request problem: Unable to check in with server: Error: Search domain query failed. Original hostname: 'terra.eecs.berkeley.edu' failed to resolve 'terra.eecs.berkeley.edu.google.internal' after 2 queries  (Thread[AWT-EventQueue-0,6,main])
Heartbeat: HeartBeat: pingMothership (Thread[AWT-EventQueue-0,6,main])
Heartbeat: Making an HTTP request. (Thread[AWT-EventQueue-0,6,main])
Heartbeat: Request problem: Unable to check in with server: Error: Search domain query failed. Original hostname: 'terra.eecs.berkeley.edu' failed to resolve 'terra.eecs.berkeley.edu.google.internal' after 2 queries  (Thread[AWT-EventQueue-0,6,main])
Heartbeat: HeartBeat: pingMothership (Thread[AWT-EventQueue-0,6,main])
Heartbeat: Making an HTTP request. (Thread[AWT-EventQueue-0,6,main])
Heartbeat: Request problem: Unable to check in with server: Error: Search domain query failed. Original hostname: 'terra.eecs.berkeley.edu' failed to resolve 'terra.eecs.berkeley.edu.google.internal' after 2 queries  (Thread[AWT-EventQueue-0,6,main])
Heartbeat: HeartBeat: pingMothership (Thread[AWT-EventQueue-0,6,main])
Heartbeat: Making an HTTP request. (Thread[AWT-EventQueue-0,6,main])
12776 ms. Memory: 2076160K Free: 874570K (42%)
Exported /home/travis/build/icyphy/ptII/ptolemy/actor/lib/jjs/modules/discovery/demo/Heartbeat/Heartbeat/index.html
18988 ms. Memory: 2076160K Free: 850125K (41%)
####### 20 Wed Jun 05 04:54:23 UTC 2019 $PTII/bin/ptinvoke ptolemy.vergil.basic.export.ExportModel -force htm  -openComposites -timeOut 30000 -whiteBackground ptolemy/actor/lib/jjs/modules/dsp/demo/AudioFFT/AudioFFT.xml $PTII/ptolemy/actor/lib/jjs/modules/dsp/demo/AudioFFT/AudioFFT
Warning: not running ptolemy/actor/lib/jjs/modules/dsp/demo/AudioFFT/AudioFFT.xml. See ptolemy/vergil/basic/export/test/junit/ExportModelJUnitTest.java
----------------- Wed Jun 05 04:54:23 UTC 2019 About to sleep for 5.0 seconds before running or rerunning.  Test is: /home/travis/build/icyphy/ptII/ptolemy/actor/lib/jjs/modules/dsp/demo/AudioFFT/AudioFFT.xml
Done sleeping
Exported /home/travis/build/icyphy/ptII/ptolemy/actor/lib/jjs/modules/dsp/demo/AudioFFT/AudioFFT/index.html
4662 ms. Memory: 2076160K Free: 360807K (17%)
####### 21 Wed Jun 05 04:54:33 UTC 2019 $PTII/bin/ptinvoke ptolemy.vergil.basic.export.ExportModel -force htm -run -openComposites -timeOut 30000 -whiteBackground ptolemy/actor/lib/jjs/modules/dsp/demo/AudioFFT/SinusoidFFT.xml $PTII/ptolemy/actor/lib/jjs/modules/dsp/demo/AudioFFT/SinusoidFFT
----------------- Wed Jun 05 04:54:33 UTC 2019 About to sleep for 5.0 seconds before running or rerunning.  Test is: /home/travis/build/icyphy/ptII/ptolemy/actor/lib/jjs/modules/dsp/demo/AudioFFT/SinusoidFFT.xml
Done sleeping
Running .SinusoidFFT
2051 ms. Memory: 2071552K Free: 932764K (45%)
Exported /home/travis/build/icyphy/ptII/ptolemy/actor/lib/jjs/modules/dsp/demo/AudioFFT/SinusoidFFT/index.html
7554 ms. Memory: 2071552K Free: 830655K (40%)
####### 22 Wed Jun 05 04:54:45 UTC 2019 $PTII/bin/ptinvoke ptolemy.vergil.basic.export.ExportModel -force htm -run -openComposites -timeOut 30000 -whiteBackground ptolemy/actor/lib/jjs/modules/eventbus/demo/VertxBus/VertxBus.xml $PTII/ptolemy/actor/lib/jjs/modules/eventbus/demo/VertxBus/VertxBus
----------------- Wed Jun 05 04:54:45 UTC 2019 About to sleep for 5.0 seconds before running or rerunning.  Test is: /home/travis/build/icyphy/ptII/ptolemy/actor/lib/jjs/modules/eventbus/demo/VertxBus/VertxBus.xml
Done sleeping
Running .VertxBus
13113 ms. Memory: 2136064K Free: 1721862K (81%)
Exported /home/travis/build/icyphy/ptII/ptolemy/actor/lib/jjs/modules/eventbus/demo/VertxBus/VertxBus/index.html
18484 ms. Memory: 2136064K Free: 1668291K (78%)
####### 23 Wed Jun 05 04:55:09 UTC 2019 $PTII/bin/ptinvoke ptolemy.vergil.basic.export.ExportModel -force htm -run -openComposites -timeOut 30000 -whiteBackground ptolemy/actor/lib/jjs/modules/eventbus/demo/VertxChat/VertxChat.xml $PTII/ptolemy/actor/lib/jjs/modules/eventbus/demo/VertxChat/VertxChat
----------------- Wed Jun 05 04:55:09 UTC 2019 About to sleep for 5.0 seconds before running or rerunning.  Test is: /home/travis/build/icyphy/ptII/ptolemy/actor/lib/jjs/modules/eventbus/demo/VertxChat/VertxChat.xml
Done sleeping
.VertxChat.ThreadedComposite.InteractiveShell invoked SwingUtilities.invokeAndWait()
Model ".VertxChat" contains actors such cannot be run  as part of the export process from ExportModel or it has a WebExportParameters value that runBeforeExport set to false. To export run this model and export it, use vergil.
Exported /home/travis/build/icyphy/ptII/ptolemy/actor/lib/jjs/modules/eventbus/demo/VertxChat/VertxChat/index.html
5276 ms. Memory: 2136064K Free: 1163431K (54%)
####### 24 Wed Jun 05 04:55:19 UTC 2019 $PTII/bin/ptinvoke ptolemy.vergil.basic.export.ExportModel -force htm -run -openComposites -timeOut 30000 -whiteBackground ptolemy/actor/lib/jjs/modules/faceDetector/demo/FaceDetector/FaceDetector.xml $PTII/ptolemy/actor/lib/jjs/modules/faceDetector/demo/FaceDetector/FaceDetector
----------------- Wed Jun 05 04:55:19 UTC 2019 About to sleep for 5.0 seconds before running or rerunning.  Test is: /home/travis/build/icyphy/ptII/ptolemy/actor/lib/jjs/modules/faceDetector/demo/FaceDetector/FaceDetector.xml
Done sleeping
Running .FaceDetector
1218 ms. Memory: 2136064K Free: 712175K (33%)
Exported /home/travis/build/icyphy/ptII/ptolemy/actor/lib/jjs/modules/faceDetector/demo/FaceDetector/FaceDetector/index.html
5997 ms. Memory: 2136064K Free: 685109K (32%)
####### 25 Wed Jun 05 04:55:30 UTC 2019 $PTII/bin/ptinvoke ptolemy.vergil.basic.export.ExportModel -force htm -run -openComposites -timeOut 30000 -whiteBackground ptolemy/actor/lib/jjs/modules/faceDetector/demo/FaceDetectorCamera/FaceDetectorCamera.xml $PTII/ptolemy/actor/lib/jjs/modules/faceDetector/demo/FaceDetectorCamera/FaceDetectorCamera
----------------- Wed Jun 05 04:55:30 UTC 2019 About to sleep for 5.0 seconds before running or rerunning.  Test is: /home/travis/build/icyphy/ptII/ptolemy/actor/lib/jjs/modules/faceDetector/demo/FaceDetectorCamera/FaceDetectorCamera.xml
Done sleeping
Running .FaceDetectorCamera
ExportHTMLTimer went off after 30000 ms., calling getDirector().finish and getDirector().stopFire()
31100 ms. Memory: 2447360K Free: 1886062K (77%)
Exported /home/travis/build/icyphy/ptII/ptolemy/actor/lib/jjs/modules/faceDetector/demo/FaceDetectorCamera/FaceDetectorCamera/index.html
36645 ms. Memory: 2447360K Free: 1859658K (76%)
####### 26 Wed Jun 05 04:56:12 UTC 2019 $PTII/bin/ptinvoke ptolemy.vergil.basic.export.ExportModel -force htm -run -openComposites -timeOut 30000 -whiteBackground ptolemy/actor/lib/jjs/modules/faceDetector/demo/OccupancyCount/OccupancyCount.xml $PTII/ptolemy/actor/lib/jjs/modules/faceDetector/demo/OccupancyCount/OccupancyCount
----------------- Wed Jun 05 04:56:12 UTC 2019 About to sleep for 5.0 seconds before running or rerunning.  Test is: /home/travis/build/icyphy/ptII/ptolemy/actor/lib/jjs/modules/faceDetector/demo/OccupancyCount/OccupancyCount.xml
Done sleeping
Running .OccupancyCount
ExportHTMLTimer went off after 30000 ms., calling getDirector().finish and getDirector().stopFire()
30056 ms. Memory: 2463232K Free: 511893K (21%)
Exported /home/travis/build/icyphy/ptII/ptolemy/actor/lib/jjs/modules/faceDetector/demo/OccupancyCount/OccupancyCount/index.html
35669 ms. Memory: 2463232K Free: 484014K (20%)
####### 27 Wed Jun 05 04:56:52 UTC 2019 $PTII/bin/ptinvoke ptolemy.vergil.basic.export.ExportModel -force htm  -openComposites -timeOut 30000 -whiteBackground ptolemy/actor/lib/jjs/modules/httpClient/demo/REST/REST.xml $PTII/ptolemy/actor/lib/jjs/modules/httpClient/demo/REST/REST
Warning: not running ptolemy/actor/lib/jjs/modules/httpClient/demo/REST/REST.xml. See ptolemy/vergil/basic/export/test/junit/ExportModelJUnitTest.java
----------------- Wed Jun 05 04:56:52 UTC 2019 About to sleep for 5.0 seconds before running or rerunning.  Test is: /home/travis/build/icyphy/ptII/ptolemy/actor/lib/jjs/modules/httpClient/demo/REST/REST.xml
Done sleeping
Exported /home/travis/build/icyphy/ptII/ptolemy/actor/lib/jjs/modules/httpClient/demo/REST/REST/index.html
3272 ms. Memory: 2319872K Free: 1623402K (70%)
####### 28 Wed Jun 05 04:57:01 UTC 2019 $PTII/bin/ptinvoke ptolemy.vergil.basic.export.ExportModel -force htm -run -openComposites -timeOut 30000 -whiteBackground ptolemy/actor/lib/jjs/modules/httpClient/demo/REST/RESTSimple.xml $PTII/ptolemy/actor/lib/jjs/modules/httpClient/demo/REST/RESTSimple
----------------- Wed Jun 05 04:57:01 UTC 2019 About to sleep for 5.0 seconds before running or rerunning.  Test is: /home/travis/build/icyphy/ptII/ptolemy/actor/lib/jjs/modules/httpClient/demo/REST/RESTSimple.xml
Done sleeping
Running .RESTSimple
REST: Making an HTTP request. (Thread[AWT-EventQueue-0,6,main])
REST: Making an HTTP request. (Thread[AWT-EventQueue-0,6,main])
true
1929 ms. Memory: 2319872K Free: 1130437K (49%)
Exported /home/travis/build/icyphy/ptII/ptolemy/actor/lib/jjs/modules/httpClient/demo/REST/RESTSimple/index.html
6881 ms. Memory: 2319872K Free: 1108363K (48%)
####### 29 Wed Jun 05 04:57:13 UTC 2019 $PTII/bin/ptinvoke ptolemy.vergil.basic.export.ExportModel -force htm  -openComposites -timeOut 30000 -whiteBackground ptolemy/actor/lib/jjs/modules/httpClient/demo/REST/Weather.xml $PTII/ptolemy/actor/lib/jjs/modules/httpClient/demo/REST/Weather
Warning: not running ptolemy/actor/lib/jjs/modules/httpClient/demo/REST/Weather.xml. See ptolemy/vergil/basic/export/test/junit/ExportModelJUnitTest.java
----------------- Wed Jun 05 04:57:13 UTC 2019 About to sleep for 5.0 seconds before running or rerunning.  Test is: /home/travis/build/icyphy/ptII/ptolemy/actor/lib/jjs/modules/httpClient/demo/REST/Weather.xml
Done sleeping
Exported /home/travis/build/icyphy/ptII/ptolemy/actor/lib/jjs/modules/httpClient/demo/REST/Weather/index.html
4789 ms. Memory: 2319872K Free: 660322K (28%)
####### 30 Wed Jun 05 04:57:22 UTC 2019 $PTII/bin/ptinvoke ptolemy.vergil.basic.export.ExportModel -force htm -run -openComposites -timeOut 30000 -whiteBackground ptolemy/actor/lib/jjs/modules/httpServer/demo/HttpServer/HttpServer.xml $PTII/ptolemy/actor/lib/jjs/modules/httpServer/demo/HttpServer/HttpServer
----------------- Wed Jun 05 04:57:22 UTC 2019 About to sleep for 5.0 seconds before running or rerunning.  Test is: /home/travis/build/icyphy/ptII/ptolemy/actor/lib/jjs/modules/httpServer/demo/HttpServer/HttpServer.xml
Done sleeping
Running .HttpServer
JavaScript: Server is listening. (Thread[vert.x-eventloop-thread-2,6,main])
ExportHTMLTimer went off after 30000 ms., calling getDirector().finish and getDirector().stopFire()
30017 ms. Memory: 2460672K Free: 1722615K (70%)
Exported /home/travis/build/icyphy/ptII/ptolemy/actor/lib/jjs/modules/httpServer/demo/HttpServer/HttpServer/index.html
34863 ms. Memory: 2460672K Free: 1693239K (69%)
####### 31 Wed Jun 05 04:58:02 UTC 2019 $PTII/bin/ptinvoke ptolemy.vergil.basic.export.ExportModel -force htm -run -openComposites -timeOut 30000 -whiteBackground ptolemy/actor/lib/jjs/modules/httpServer/demo/KeyValueStoreClient/KeyValueStoreClient.xml $PTII/ptolemy/actor/lib/jjs/modules/httpServer/demo/KeyValueStoreClient/KeyValueStoreClient
----------------- Wed Jun 05 04:58:02 UTC 2019 About to sleep for 5.0 seconds before running or rerunning.  Test is: /home/travis/build/icyphy/ptII/ptolemy/actor/lib/jjs/modules/httpServer/demo/KeyValueStoreClient/KeyValueStoreClient.xml
Done sleeping
Running .KeyValueStoreClient
KeyValueStore: Making an HTTP request. (Thread[AWT-EventQueue-0,6,main])
KeyValueStore: Making an HTTP request. (Thread[AWT-EventQueue-0,6,main])
KeyValueStore: Making an HTTP request. (Thread[AWT-EventQueue-0,6,main])
KeyValueStore: Making an HTTP request. (Thread[AWT-EventQueue-0,6,main])
KeyValueStore: Making an HTTP request. (Thread[AWT-EventQueue-0,6,main])
KeyValueStore: Making an HTTP request. (Thread[AWT-EventQueue-0,6,main])
KeyValueStore: Making an HTTP request. (Thread[AWT-EventQueue-0,6,main])
KeyValueStore: Making an HTTP request. (Thread[AWT-EventQueue-0,6,main])
KeyValueStore: Making an HTTP request. (Thread[AWT-EventQueue-0,6,main])
KeyValueStore: Making an HTTP request. (Thread[AWT-EventQueue-0,6,main])
KeyValueStore: Making an HTTP request. (Thread[AWT-EventQueue-0,6,main])
KeyValueStore: Making an HTTP request. (Thread[AWT-EventQueue-0,6,main])
KeyValueStore: Making an HTTP request. (Thread[AWT-EventQueue-0,6,main])
KeyValueStore: Making an HTTP request. (Thread[AWT-EventQueue-0,6,main])
ExportHTMLTimer went off after 30000 ms., calling getDirector().finish and getDirector().stopFire()
30035 ms. Memory: 2460672K Free: 540416K (22%)
Exported /home/travis/build/icyphy/ptII/ptolemy/actor/lib/jjs/modules/httpServer/demo/KeyValueStoreClient/KeyValueStoreClient/index.html
36450 ms. Memory: 2460672K Free: 515742K (21%)
####### 32 Wed Jun 05 04:58:44 UTC 2019 $PTII/bin/ptinvoke ptolemy.vergil.basic.export.ExportModel -force htm -run -openComposites -timeOut 30000 -whiteBackground ptolemy/actor/lib/jjs/modules/httpServer/demo/KeyValueStoreClient/KeyValueStoreServer.xml $PTII/ptolemy/actor/lib/jjs/modules/httpServer/demo/KeyValueStoreClient/KeyValueStoreServer
----------------- Wed Jun 05 04:58:44 UTC 2019 About to sleep for 5.0 seconds before running or rerunning.  Test is: /home/travis/build/icyphy/ptII/ptolemy/actor/lib/jjs/modules/httpServer/demo/KeyValueStoreClient/KeyValueStoreServer.xml
Done sleeping
Running .KeyValueStoreServer
WebServer: WebServer: Creating new server. (Thread[AWT-EventQueue-0,6,main])
WebServer: WebServer: Listening for requests. (Thread[vert.x-eventloop-thread-1,6,main])
ExportHTMLTimer went off after 30000 ms., calling getDirector().finish and getDirector().stopFire()
WebServer: WebServer: Stopping the server. (Thread[AWT-EventQueue-0,6,main])
30073 ms. Memory: 2398720K Free: 753712K (31%)
Exported /home/travis/build/icyphy/ptII/ptolemy/actor/lib/jjs/modules/httpServer/demo/KeyValueStoreClient/KeyValueStoreServer/index.html
38439 ms. Memory: 2398720K Free: 702178K (29%)
[...]
	at io.netty.resolver.dns.DnsNameResolver$DnsResponseHandler.channelRead(DnsNameResolver.java:965)
	at io.netty.channel.AbstractChannelHandlerContext.invokeChannelRead(AbstractChannelHandlerContext.java:362)
	at io.netty.channel.AbstractChannelHandlerContext.invokeChannelRead(AbstractChannelHandlerContext.java:348)
	at io.netty.channel.AbstractChannelHandlerContext.fireChannelRead(AbstractChannelHandlerContext.java:340)
	at io.netty.handler.codec.MessageToMessageDecoder.channelRead(MessageToMessageDecoder.java:102)
	at io.netty.channel.AbstractChannelHandlerContext.invokeChannelRead(AbstractChannelHandlerContext.java:362)
	at io.netty.channel.AbstractChannelHandlerContext.invokeChannelRead(AbstractChannelHandlerContext.java:348)
	at io.netty.channel.AbstractChannelHandlerContext.fireChannelRead(AbstractChannelHandlerContext.java:340)
	at io.netty.channel.DefaultChannelPipeline$HeadContext.channelRead(DefaultChannelPipeline.java:1359)
	at io.netty.channel.AbstractChannelHandlerContext.invokeChannelRead(AbstractChannelHandlerContext.java:362)
	at io.netty.channel.AbstractChannelHandlerContext.invokeChannelRead(AbstractChannelHandlerContext.java:348)
	at io.netty.channel.DefaultChannelPipeline.fireChannelRead(DefaultChannelPipeline.java:935)
	at io.netty.channel.nio.AbstractNioMessageChannel$NioMessageUnsafe.read(AbstractNioMessageChannel.java:93)
	at io.netty.channel.nio.NioEventLoop.processSelectedKey(NioEventLoop.java:645)
	at io.netty.channel.nio.NioEventLoop.processSelectedKeysOptimized(NioEventLoop.java:580)
	at io.netty.channel.nio.NioEventLoop.processSelectedKeys(NioEventLoop.java:497)
	at io.netty.channel.nio.NioEventLoop.run(NioEventLoop.java:459)
	at io.netty.util.concurrent.SingleThreadEventExecutor$5.run(SingleThreadEventExecutor.java:886)
	at io.netty.util.concurrent.FastThreadLocalRunnable.run(FastThreadLocalRunnable.java:30)
	at java.lang.Thread.run(Thread.java:748)
HttpClientHelper.java: Received an error for request 7: io.netty.resolver.dns.DnsNameResolverContext$SearchDomainUnknownHostException: Search domain query failed. Original hostname: 'terra.eecs.berkeley.edu' failed to resolve 'terra.eecs.berkeley.edu.google.internal' after 2 queries 
io.netty.resolver.dns.DnsNameResolverContext$SearchDomainUnknownHostException: Search domain query failed. Original hostname: 'terra.eecs.berkeley.edu' failed to resolve 'terra.eecs.berkeley.edu.google.internal' after 2 queries 
	at io.netty.resolver.dns.DnsNameResolverContext.finishResolve(DnsNameResolverContext.java:721)
	at io.netty.resolver.dns.DnsNameResolverContext.tryToFinishResolve(DnsNameResolverContext.java:663)
	at io.netty.resolver.dns.DnsNameResolverContext.query(DnsNameResolverContext.java:306)
	at io.netty.resolver.dns.DnsNameResolverContext.query(DnsNameResolverContext.java:295)
	at io.netty.resolver.dns.DnsNameResolverContext.tryToFinishResolve(DnsNameResolverContext.java:636)
	at io.netty.resolver.dns.DnsNameResolverContext$3.operationComplete(DnsNameResolverContext.java:342)
	at io.netty.util.concurrent.DefaultPromise.notifyListener0(DefaultPromise.java:507)
	at io.netty.util.concurrent.DefaultPromise.notifyListenersNow(DefaultPromise.java:481)
	at io.netty.util.concurrent.DefaultPromise.notifyListeners(DefaultPromise.java:420)
	at io.netty.util.concurrent.DefaultPromise.trySuccess(DefaultPromise.java:104)
	at io.netty.resolver.dns.DnsQueryContext.setSuccess(DnsQueryContext.java:197)
	at io.netty.resolver.dns.DnsQueryContext.finish(DnsQueryContext.java:180)
	at io.netty.resolver.dns.DnsNameResolver$DnsResponseHandler.channelRead(DnsNameResolver.java:965)
	at io.netty.channel.AbstractChannelHandlerContext.invokeChannelRead(AbstractChannelHandlerContext.java:362)
	at io.netty.channel.AbstractChannelHandlerContext.invokeChannelRead(AbstractChannelHandlerContext.java:348)
	at io.netty.channel.AbstractChannelHandlerContext.fireChannelRead(AbstractChannelHandlerContext.java:340)
	at io.netty.handler.codec.MessageToMessageDecoder.channelRead(MessageToMessageDecoder.java:102)
	at io.netty.channel.AbstractChannelHandlerContext.invokeChannelRead(AbstractChannelHandlerContext.java:362)
	at io.netty.channel.AbstractChannelHandlerContext.invokeChannelRead(AbstractChannelHandlerContext.java:348)
	at io.netty.channel.AbstractChannelHandlerContext.fireChannelRead(AbstractChannelHandlerContext.java:340)
	at io.netty.channel.DefaultChannelPipeline$HeadContext.channelRead(DefaultChannelPipeline.java:1359)
	at io.netty.channel.AbstractChannelHandlerContext.invokeChannelRead(AbstractChannelHandlerContext.java:362)
	at io.netty.channel.AbstractChannelHandlerContext.invokeChannelRead(AbstractChannelHandlerContext.java:348)
	at io.netty.channel.DefaultChannelPipeline.fireChannelRead(DefaultChannelPipeline.java:935)
	at io.netty.channel.nio.AbstractNioMessageChannel$NioMessageUnsafe.read(AbstractNioMessageChannel.java:93)
	at io.netty.channel.nio.NioEventLoop.processSelectedKey(NioEventLoop.java:645)
	at io.netty.channel.nio.NioEventLoop.processSelectedKeysOptimized(NioEventLoop.java:580)
	at io.netty.channel.nio.NioEventLoop.processSelectedKeys(NioEventLoop.java:497)
	at io.netty.channel.nio.NioEventLoop.run(NioEventLoop.java:459)
	at io.netty.util.concurrent.SingleThreadEventExecutor$5.run(SingleThreadEventExecutor.java:886)
	at io.netty.util.concurrent.FastThreadLocalRunnable.run(FastThreadLocalRunnable.java:30)
	at java.lang.Thread.run(Thread.java:748)
HttpClientHelper.java: Received an error for request 8: io.netty.resolver.dns.DnsNameResolverContext$SearchDomainUnknownHostException: Search domain query failed. Original hostname: 'terra.eecs.berkeley.edu' failed to resolve 'terra.eecs.berkeley.edu.google.internal' after 2 queries 
io.netty.resolver.dns.DnsNameResolverContext$SearchDomainUnknownHostException: Search domain query failed. Original hostname: 'terra.eecs.berkeley.edu' failed to resolve 'terra.eecs.berkeley.edu.google.internal' after 2 queries 
	at io.netty.resolver.dns.DnsNameResolverContext.finishResolve(DnsNameResolverContext.java:721)
	at io.netty.resolver.dns.DnsNameResolverContext.tryToFinishResolve(DnsNameResolverContext.java:663)
	at io.netty.resolver.dns.DnsNameResolverContext.query(DnsNameResolverContext.java:306)
	at io.netty.resolver.dns.DnsNameResolverContext.query(DnsNameResolverContext.java:295)
	at io.netty.resolver.dns.DnsNameResolverContext.tryToFinishResolve(DnsNameResolverContext.java:636)
	at io.netty.resolver.dns.DnsNameResolverContext$3.operationComplete(DnsNameResolverContext.java:342)
	at io.netty.util.concurrent.DefaultPromise.notifyListener0(DefaultPromise.java:507)
	at io.netty.util.concurrent.DefaultPromise.notifyListenersNow(DefaultPromise.java:481)
	at io.netty.util.concurrent.DefaultPromise.notifyListeners(DefaultPromise.java:420)
	at io.netty.util.concurrent.DefaultPromise.trySuccess(DefaultPromise.java:104)
	at io.netty.resolver.dns.DnsQueryContext.setSuccess(DnsQueryContext.java:197)
	at io.netty.resolver.dns.DnsQueryContext.finish(DnsQueryContext.java:180)
	at io.netty.resolver.dns.DnsNameResolver$DnsResponseHandler.channelRead(DnsNameResolver.java:965)
	at io.netty.channel.AbstractChannelHandlerContext.invokeChannelRead(AbstractChannelHandlerContext.java:362)
	at io.netty.channel.AbstractChannelHandlerContext.invokeChannelRead(AbstractChannelHandlerContext.java:348)
	at io.netty.channel.AbstractChannelHandlerContext.fireChannelRead(AbstractChannelHandlerContext.java:340)
	at io.netty.handler.codec.MessageToMessageDecoder.channelRead(MessageToMessageDecoder.java:102)
	at io.netty.channel.AbstractChannelHandlerContext.invokeChannelRead(AbstractChannelHandlerContext.java:362)
	at io.netty.channel.AbstractChannelHandlerContext.invokeChannelRead(AbstractChannelHandlerContext.java:348)
	at io.netty.channel.AbstractChannelHandlerContext.fireChannelRead(AbstractChannelHandlerContext.java:340)
	at io.netty.channel.DefaultChannelPipeline$HeadContext.channelRead(DefaultChannelPipeline.java:1359)
	at io.netty.channel.AbstractChannelHandlerContext.invokeChannelRead(AbstractChannelHandlerContext.java:362)
	at io.netty.channel.AbstractChannelHandlerContext.invokeChannelRead(AbstractChannelHandlerContext.java:348)
	at io.netty.channel.DefaultChannelPipeline.fireChannelRead(DefaultChannelPipeline.java:935)
	at io.netty.channel.nio.AbstractNioMessageChannel$NioMessageUnsafe.read(AbstractNioMessageChannel.java:93)
	at io.netty.channel.nio.NioEventLoop.processSelectedKey(NioEventLoop.java:645)
	at io.netty.channel.nio.NioEventLoop.processSelectedKeysOptimized(NioEventLoop.java:580)
	at io.netty.channel.nio.NioEventLoop.processSelectedKeys(NioEventLoop.java:497)
	at io.netty.channel.nio.NioEventLoop.run(NioEventLoop.java:459)
	at io.netty.util.concurrent.SingleThreadEventExecutor$5.run(SingleThreadEventExecutor.java:886)
	at io.netty.util.concurrent.FastThreadLocalRunnable.run(FastThreadLocalRunnable.java:30)
	at java.lang.Thread.run(Thread.java:748)
HttpClientHelper.java: Received an error for request 9: io.netty.resolver.dns.DnsNameResolverContext$SearchDomainUnknownHostException: Search domain query failed. Original hostname: 'terra.eecs.berkeley.edu' failed to resolve 'terra.eecs.berkeley.edu.google.internal' after 2 queries 
io.netty.resolver.dns.DnsNameResolverContext$SearchDomainUnknownHostException: Search domain query failed. Original hostname: 'terra.eecs.berkeley.edu' failed to resolve 'terra.eecs.berkeley.edu.google.internal' after 2 queries 
	at io.netty.resolver.dns.DnsNameResolverContext.finishResolve(DnsNameResolverContext.java:721)
	at io.netty.resolver.dns.DnsNameResolverContext.tryToFinishResolve(DnsNameResolverContext.java:663)
	at io.netty.resolver.dns.DnsNameResolverContext.query(DnsNameResolverContext.java:306)
	at io.netty.resolver.dns.DnsNameResolverContext.query(DnsNameResolverContext.java:295)
	at io.netty.resolver.dns.DnsNameResolverContext.tryToFinishResolve(DnsNameResolverContext.java:636)
	at io.netty.resolver.dns.DnsNameResolverContext$3.operationComplete(DnsNameResolverContext.java:342)
	at io.netty.util.concurrent.DefaultPromise.notifyListener0(DefaultPromise.java:507)
	at io.netty.util.concurrent.DefaultPromise.notifyListenersNow(DefaultPromise.java:481)
	at io.netty.util.concurrent.DefaultPromise.notifyListeners(DefaultPromise.java:420)
	at io.netty.util.concurrent.DefaultPromise.trySuccess(DefaultPromise.java:104)
	at io.netty.resolver.dns.DnsQueryContext.setSuccess(DnsQueryContext.java:197)
	at io.netty.resolver.dns.DnsQueryContext.finish(DnsQueryContext.java:180)
	at io.netty.resolver.dns.DnsNameResolver$DnsResponseHandler.channelRead(DnsNameResolver.java:965)
	at io.netty.channel.AbstractChannelHandlerContext.invokeChannelRead(AbstractChannelHandlerContext.java:362)
	at io.netty.channel.AbstractChannelHandlerContext.invokeChannelRead(AbstractChannelHandlerContext.java:348)
	at io.netty.channel.AbstractChannelHandlerContext.fireChannelRead(AbstractChannelHandlerContext.java:340)
	at io.netty.handler.codec.MessageToMessageDecoder.channelRead(MessageToMessageDecoder.java:102)
	at io.netty.channel.AbstractChannelHandlerContext.invokeChannelRead(AbstractChannelHandlerContext.java:362)
	at io.netty.channel.AbstractChannelHandlerContext.invokeChannelRead(AbstractChannelHandlerContext.java:348)
	at io.netty.channel.AbstractChannelHandlerContext.fireChannelRead(AbstractChannelHandlerContext.java:340)
	at io.netty.channel.DefaultChannelPipeline$HeadContext.channelRead(DefaultChannelPipeline.java:1359)
	at io.netty.channel.AbstractChannelHandlerContext.invokeChannelRead(AbstractChannelHandlerContext.java:362)
	at io.netty.channel.AbstractChannelHandlerContext.invokeChannelRead(AbstractChannelHandlerContext.java:348)
	at io.netty.channel.DefaultChannelPipeline.fireChannelRead(DefaultChannelPipeline.java:935)
	at io.netty.channel.nio.AbstractNioMessageChannel$NioMessageUnsafe.read(AbstractNioMessageChannel.java:93)
	at io.netty.channel.nio.NioEventLoop.processSelectedKey(NioEventLoop.java:645)
	at io.netty.channel.nio.NioEventLoop.processSelectedKeysOptimized(NioEventLoop.java:580)
	at io.netty.channel.nio.NioEventLoop.processSelectedKeys(NioEventLoop.java:497)
	at io.netty.channel.nio.NioEventLoop.run(NioEventLoop.java:459)
	at io.netty.util.concurrent.SingleThreadEventExecutor$5.run(SingleThreadEventExecutor.java:886)
	at io.netty.util.concurrent.FastThreadLocalRunnable.run(FastThreadLocalRunnable.java:30)
	at java.lang.Thread.run(Thread.java:748)
WARNING: TestSpontaneous: Model stopped before executing actions (e.g. producing outputs) scheduled for execution at times [11.0]
WARNING: VertxSubscribe: Model stopped before executing actions (e.g. producing outputs) scheduled for execution at times [11.0]
[atomic-processor-1] INFO com.github.sarxos.webcam.ds.cgt.WebcamOpenTask - Opening webcam Dummy Webcam 0
[atomic-processor-1] INFO com.github.sarxos.webcam.ds.cgt.WebcamCloseTask - Closing Dummy Webcam 0
WARNING: Camera: Model stopped before executing actions (e.g. producing outputs) scheduled for execution at times [27.734, 21.908, 14.347000000000001, 23.609, 15.517000000000001, 26.68, 19.986, 23.714000000000002, 18.503, 15.411000000000001, 21.803, 25.835, 26.785, 28.986, 20.738, 21.373, 15.944, 25.519000000000002, 27.84, 26.89, 14.241, 24.882, 20.843, 24.990000000000002, 26.574, 19.141000000000002, 22.961000000000002, 17.532, 20.527, 16.686, 25.624000000000002, 23.925, 23.178, 22.75, 24.776, 14.986, 18.929000000000002, 16.898, 15.837, 26.468, 22.855, 13.813, 19.669, 20.092000000000002, 24.558, 18.067, 27.101000000000003, 27.524, 24.453, 21.268, 23.393, 13.708, 26.996000000000002, 17.32, 22.119, 25.73, 18.173000000000002, 21.162, 25.096, 20.197, 24.671, 19.035, 27.629, 17.426000000000002, 23.498, 22.014, 20.632, 26.363, 16.792, 23.82, 16.263, 14.135, 27.207, 14.770000000000001, 18.717000000000002, 19.563000000000002, 26.152, 16.368000000000002, 24.137, 14.029, 23.072, 24.242, 17.004, 25.202, 13.497, 27.312, 17.85, 14.665000000000001, 21.057000000000002, 26.258000000000003, 22.224, 14.559000000000001, 17.215, 21.486, 18.28, 19.458000000000002, 22.644000000000002, 13.602, 18.611, 22.329, 21.591, 15.092, 23.283, 25.308, 13.924000000000001, 24.347, 24.031000000000002, 15.305, 15.728, 16.156000000000002, 27.946, 19.352, 19.775000000000002, 20.949, 27.418, 17.744, 25.941000000000003, 22.433, 15.623000000000001, 18.823, 19.246000000000002, 14.453000000000001, 14.876000000000001, 16.474, 17.961000000000002, 18.397000000000002, 17.11, 21.697, 17.638, 16.580000000000002, 20.421, 19.881, 28.051000000000002, 16.05, 25.413, 15.199, 26.047, 22.538]
[atomic-processor-1] INFO com.github.sarxos.webcam.ds.cgt.WebcamOpenTask - Opening webcam Dummy Webcam 0
[atomic-processor-1] INFO com.github.sarxos.webcam.ds.cgt.WebcamCloseTask - Closing Dummy Webcam 0
WARNING: REST: Model stopped before executing actions (e.g. producing outputs) scheduled for execution at times [5.4510000000000005, 5.0]
WARNING: Clock: Model stopped before executing actions (e.g. producing outputs) scheduled for execution at times [28.0]
WARNING: WebServer: Model stopped before executing actions (e.g. producing outputs) scheduled for execution at times [28.011000000000003, 25.006, 22.007]
WARNING: REST: Model stopped before executing actions (e.g. producing outputs) scheduled for execution at times [23.0]
WARNING: TestSpontaneous: Model stopped before executing actions (e.g. producing outputs) scheduled for execution at times [21.0]
[atomic-processor-1] INFO com.github.sarxos.webcam.ds.cgt.WebcamOpenTask - Opening webcam Dummy Webcam 0
[atomic-processor-1] INFO com.github.sarxos.webcam.ds.cgt.WebcamCloseTask - Closing Dummy Webcam 0
[atomic-processor-1] INFO com.github.sarxos.webcam.ds.cgt.WebcamOpenTask - Opening webcam Dummy Webcam 0
[atomic-processor-1] INFO com.github.sarxos.webcam.ds.cgt.WebcamCloseTask - Closing Dummy Webcam 0
[atomic-processor-1] INFO com.github.sarxos.webcam.ds.cgt.WebcamOpenTask - Opening webcam Dummy Webcam 0
[atomic-processor-1] INFO com.github.sarxos.webcam.ds.cgt.WebcamCloseTask - Closing Dummy Webcam 0
[atomic-processor-1] INFO com.github.sarxos.webcam.ds.cgt.WebcamOpenTask - Opening webcam Dummy Webcam 0
[atomic-processor-1] INFO com.github.sarxos.webcam.ds.cgt.WebcamCloseTask - Closing Dummy Webcam 0
[atomic-processor-1] INFO com.github.sarxos.webcam.ds.cgt.WebcamOpenTask - Opening webcam Dummy Webcam 0
[atomic-processor-1] INFO com.github.sarxos.webcam.ds.cgt.WebcamCloseTask - Closing Dummy Webcam 0
[atomic-processor-1] INFO com.github.sarxos.webcam.ds.cgt.WebcamOpenTask - Opening webcam Dummy Webcam 0
[atomic-processor-1] INFO com.github.sarxos.webcam.ds.cgt.WebcamCloseTask - Closing Dummy Webcam 0
[atomic-processor-1] INFO com.github.sarxos.webcam.ds.cgt.WebcamOpenTask - Opening webcam Dummy Webcam 0
[atomic-processor-1] INFO com.github.sarxos.webcam.ds.cgt.WebcamCloseTask - Closing Dummy Webcam 0
[atomic-processor-1] INFO com.github.sarxos.webcam.ds.cgt.WebcamOpenTask - Opening webcam Dummy Webcam 0
[atomic-processor-1] INFO com.github.sarxos.webcam.ds.cgt.WebcamCloseTask - Closing Dummy Webcam 0
[atomic-processor-1] INFO com.github.sarxos.webcam.ds.cgt.WebcamOpenTask - Opening webcam Dummy Webcam 0
[atomic-processor-1] INFO com.github.sarxos.webcam.ds.cgt.WebcamCloseTask - Closing Dummy Webcam 0
[atomic-processor-1] INFO com.github.sarxos.webcam.ds.cgt.WebcamOpenTask - Opening webcam Dummy Webcam 0
[atomic-processor-1] INFO com.github.sarxos.webcam.ds.cgt.WebcamCloseTask - Closing Dummy Webcam 0
WARNING: Camera: Model stopped before executing actions (e.g. producing outputs) scheduled for execution at times [20.984, 20.254, 20.357, 20.875, 20.46, 21.189, 20.045, 20.774, 20.152, 20.562, 21.087, 20.665]
[atomic-processor-1] INFO com.github.sarxos.webcam.ds.cgt.WebcamOpenTask - Opening webcam Dummy Webcam 0
WARNING: Invoking send() too late (probably in a callback), so Camera is not able to send the token {type="class ptolemy.data.AWTImageToken", width="640", height="480"} to the output image. Token is discarded.
[atomic-processor-1] INFO com.github.sarxos.webcam.ds.cgt.WebcamCloseTask - Closing Dummy Webcam 0
[atomic-processor-1] INFO com.github.sarxos.webcam.ds.cgt.WebcamOpenTask - Opening webcam Dummy Webcam 0
[atomic-processor-1] INFO com.github.sarxos.webcam.ds.cgt.WebcamCloseTask - Closing Dummy Webcam 0
WARNING: Camera: Model stopped before executing actions (e.g. producing outputs) scheduled for execution at times [20.591, 21.213, 20.181, 21.001, 22.344, 20.284000000000002, 20.694, 21.106, 21.521, 22.549, 21.932000000000002, 20.489, 20.899, 21.419, 21.829, 22.446, 22.145, 22.034000000000002, 21.624000000000002, 20.797, 22.242, 20.386, 20.078, 21.726, 21.316000000000003]
[atomic-processor-1] INFO com.github.sarxos.webcam.ds.cgt.WebcamOpenTask - Opening webcam Dummy Webcam 0
[atomic-processor-1] INFO com.github.sarxos.webcam.ds.cgt.WebcamCloseTask - Closing Dummy Webcam 0
[atomic-processor-1] INFO com.github.sarxos.webcam.ds.cgt.WebcamOpenTask - Opening webcam Dummy Webcam 0
[atomic-processor-1] INFO com.github.sarxos.webcam.ds.cgt.WebcamCloseTask - Closing Dummy Webcam 0
[atomic-processor-1] INFO com.github.sarxos.webcam.ds.cgt.WebcamOpenTask - Opening webcam Dummy Webcam 0
WARNING: Invoking send() too late (probably in a callback), so Camera is not able to send the token {type="class ptolemy.data.AWTImageToken", width="640", height="480"} to the output image. Token is discarded.
[atomic-processor-1] INFO com.github.sarxos.webcam.ds.cgt.WebcamCloseTask - Closing Dummy Webcam 0
[atomic-processor-1] INFO com.github.sarxos.webcam.ds.cgt.WebcamOpenTask - Opening webcam Dummy Webcam 0
[atomic-processor-1] INFO com.github.sarxos.webcam.ds.cgt.WebcamCloseTask - Closing Dummy Webcam 0
WARNING: Camera: Model stopped before executing actions (e.g. producing outputs) scheduled for execution at times [20.349, 20.759, 20.452, 20.041, 20.144000000000002, 20.861, 20.554000000000002, 20.964000000000002, 20.247, 20.657, 21.169, 21.066000000000003]
]]></system-err>
</testsuite>
