<?xml version="1.0" encoding="UTF-8" ?>
<testsuite errors="0" failures="0" hostname="travis-job-904ddb1a-b9fd-4d16-a576-76cd2c90c15d" name="ptolemy.domains.continuous.test.junit.JUnitTclTest" skipped="0" tests="156" time="75.522" timestamp="2019-10-10T05:50:44">
  <properties>
[...]
</properties>
  <testcase classname="ptolemy.util.test.junit.TclTests" name="[0] ThereAreNoTclTests (RunTclFile)" time="0.022" />
  <testcase classname="ptolemy.util.test.junit.AutoKnownFailedTests" name="[0] ThereAreNoKnowFailedTests (RunModel)" time="0.002" />
  <testcase classname="ptolemy.util.test.junit.AutoNameArchTests" name="[0] ThereAreNoAutoArchTests (RunModel)" time="0.024" />
  <testcase classname="ptolemy.util.test.junit.AutoTests" name="[0] /home/travis/build/icyphy/ptII/ptolemy/domains/continuous/test/auto/BouncingBall.xml (RunModel)" time="3.12" />
  <testcase classname="ptolemy.util.test.junit.AutoTests" name="[1] /home/travis/build/icyphy/ptII/ptolemy/domains/continuous/test/auto/BouncingBallWithoutGR.xml (RunModel)" time="0.859" />
  <testcase classname="ptolemy.util.test.junit.AutoTests" name="[2] /home/travis/build/icyphy/ptII/ptolemy/domains/continuous/test/auto/Brownian.xml (RunModel)" time="0.128" />
  <testcase classname="ptolemy.util.test.junit.AutoTests" name="[3] /home/travis/build/icyphy/ptII/ptolemy/domains/continuous/test/auto/CarTracking.xml (RunModel)" time="4.082" />
  <testcase classname="ptolemy.util.test.junit.AutoTests" name="[4] /home/travis/build/icyphy/ptII/ptolemy/domains/continuous/test/auto/CartPendulum.xml (RunModel)" time="0.584" />
  <testcase classname="ptolemy.util.test.junit.AutoTests" name="[5] /home/travis/build/icyphy/ptII/ptolemy/domains/continuous/test/auto/CausalityInterface10.xml (RunModel)" time="0.063" />
  <testcase classname="ptolemy.util.test.junit.AutoTests" name="[6] /home/travis/build/icyphy/ptII/ptolemy/domains/continuous/test/auto/CausalityInterface11.xml (RunModel)" time="0.028" />
  <testcase classname="ptolemy.util.test.junit.AutoTests" name="[7] /home/travis/build/icyphy/ptII/ptolemy/domains/continuous/test/auto/CausalityInterface12.xml (RunModel)" time="0.045" />
  <testcase classname="ptolemy.util.test.junit.AutoTests" name="[8] /home/travis/build/icyphy/ptII/ptolemy/domains/continuous/test/auto/CausalityInterface13.xml (RunModel)" time="0.035" />
  <testcase classname="ptolemy.util.test.junit.AutoTests" name="[9] /home/travis/build/icyphy/ptII/ptolemy/domains/continuous/test/auto/CausalityInterface14.xml (RunModel)" time="0.031" />
  <testcase classname="ptolemy.util.test.junit.AutoTests" name="[10] /home/travis/build/icyphy/ptII/ptolemy/domains/continuous/test/auto/CausalityInterface4.xml (RunModel)" time="0.024" />
  <testcase classname="ptolemy.util.test.junit.AutoTests" name="[11] /home/travis/build/icyphy/ptII/ptolemy/domains/continuous/test/auto/CausalityInterface5.xml (RunModel)" time="0.029" />
  <testcase classname="ptolemy.util.test.junit.AutoTests" name="[12] /home/travis/build/icyphy/ptII/ptolemy/domains/continuous/test/auto/CausalityInterface6.xml (RunModel)" time="0.015" />
  <testcase classname="ptolemy.util.test.junit.AutoTests" name="[13] /home/travis/build/icyphy/ptII/ptolemy/domains/continuous/test/auto/CausalityInterface7.xml (RunModel)" time="0.041" />
  <testcase classname="ptolemy.util.test.junit.AutoTests" name="[14] /home/travis/build/icyphy/ptII/ptolemy/domains/continuous/test/auto/CausalityInterface8.xml (RunModel)" time="0.027" />
  <testcase classname="ptolemy.util.test.junit.AutoTests" name="[15] /home/travis/build/icyphy/ptII/ptolemy/domains/continuous/test/auto/CausalityInterface9.xml (RunModel)" time="0.051" />
  <testcase classname="ptolemy.util.test.junit.AutoTests" name="[16] /home/travis/build/icyphy/ptII/ptolemy/domains/continuous/test/auto/CausalityInterfaceFeedback1.xml (RunModel)" time="0.03" />
  <testcase classname="ptolemy.util.test.junit.AutoTests" name="[17] /home/travis/build/icyphy/ptII/ptolemy/domains/continuous/test/auto/CausalityInterfaceFeedback2.xml (RunModel)" time="0.024" />
  <testcase classname="ptolemy.util.test.junit.AutoTests" name="[18] /home/travis/build/icyphy/ptII/ptolemy/domains/continuous/test/auto/CompareWithCurrentTime.xml (RunModel)" time="0.018" />
  <testcase classname="ptolemy.util.test.junit.AutoTests" name="[19] /home/travis/build/icyphy/ptII/ptolemy/domains/continuous/test/auto/ComparedClocks.xml (RunModel)" time="0.071" />
  <testcase classname="ptolemy.util.test.junit.AutoTests" name="[20] /home/travis/build/icyphy/ptII/ptolemy/domains/continuous/test/auto/ContinuousAOCClone.xml (RunModel)" time="2.905" />
  <testcase classname="ptolemy.util.test.junit.AutoTests" name="[21] /home/travis/build/icyphy/ptII/ptolemy/domains/continuous/test/auto/ContinuousClock.xml (RunModel)" time="0.11" />
  <testcase classname="ptolemy.util.test.junit.AutoTests" name="[22] /home/travis/build/icyphy/ptII/ptolemy/domains/continuous/test/auto/ContinuousInContinuous.xml (RunModel)" time="0.08" />
  <testcase classname="ptolemy.util.test.junit.AutoTests" name="[23] /home/travis/build/icyphy/ptII/ptolemy/domains/continuous/test/auto/ContinuousInContinuousInContinuous.xml (RunModel)" time="0.032" />
  <testcase classname="ptolemy.util.test.junit.AutoTests" name="[24] /home/travis/build/icyphy/ptII/ptolemy/domains/continuous/test/auto/ContinuousInDE.xml (RunModel)" time="0.134" />
  <testcase classname="ptolemy.util.test.junit.AutoTests" name="[25] /home/travis/build/icyphy/ptII/ptolemy/domains/continuous/test/auto/ContinuousInDE2.xml (RunModel)" time="0.057" />
  <testcase classname="ptolemy.util.test.junit.AutoTests" name="[26] /home/travis/build/icyphy/ptII/ptolemy/domains/continuous/test/auto/ContinuousInDE3.xml (RunModel)" time="0.082" />
  <testcase classname="ptolemy.util.test.junit.AutoTests" name="[27] /home/travis/build/icyphy/ptII/ptolemy/domains/continuous/test/auto/ContinuousInDE4.xml (RunModel)" time="0.034" />
  <testcase classname="ptolemy.util.test.junit.AutoTests" name="[28] /home/travis/build/icyphy/ptII/ptolemy/domains/continuous/test/auto/ContinuousInDEDifferentRefinements.xml (RunModel)" time="0.091" />
  <testcase classname="ptolemy.util.test.junit.AutoTests" name="[29] /home/travis/build/icyphy/ptII/ptolemy/domains/continuous/test/auto/ContinuousInDEDifferentRefinementsPreemptive.xml (RunModel)" time="0.1" />
  <testcase classname="ptolemy.util.test.junit.AutoTests" name="[30] /home/travis/build/icyphy/ptII/ptolemy/domains/continuous/test/auto/ContinuousInDEInContinuous2.xml (RunModel)" time="0.059" />
  <testcase classname="ptolemy.util.test.junit.AutoTests" name="[31] /home/travis/build/icyphy/ptII/ptolemy/domains/continuous/test/auto/ContinuousInDEInContinuous3.xml (RunModel)" time="0.056" />
  <testcase classname="ptolemy.util.test.junit.AutoTests" name="[32] /home/travis/build/icyphy/ptII/ptolemy/domains/continuous/test/auto/ContinuousInDEInput.xml (RunModel)" time="0.035" />
  <testcase classname="ptolemy.util.test.junit.AutoTests" name="[33] /home/travis/build/icyphy/ptII/ptolemy/domains/continuous/test/auto/ContinuousInDEInput2.xml (RunModel)" time="0.036" />
  <testcase classname="ptolemy.util.test.junit.AutoTests" name="[34] /home/travis/build/icyphy/ptII/ptolemy/domains/continuous/test/auto/ContinuousInDEInput3.xml (RunModel)" time="0.031" />
  <testcase classname="ptolemy.util.test.junit.AutoTests" name="[35] /home/travis/build/icyphy/ptII/ptolemy/domains/continuous/test/auto/ContinuousInDESharingRefinement.xml (RunModel)" time="0.175" />
  <testcase classname="ptolemy.util.test.junit.AutoTests" name="[36] /home/travis/build/icyphy/ptII/ptolemy/domains/continuous/test/auto/ContinuousInDEwithNoPorts.xml (RunModel)" time="0.021" />
  <testcase classname="ptolemy.util.test.junit.AutoTests" name="[37] /home/travis/build/icyphy/ptII/ptolemy/domains/continuous/test/auto/ContinuousInsideDE.xml (RunModel)" time="0.075" />
  <testcase classname="ptolemy.util.test.junit.AutoTests" name="[38] /home/travis/build/icyphy/ptII/ptolemy/domains/continuous/test/auto/ContinuousMerge1.xml (RunModel)" time="0.02" />
  <testcase classname="ptolemy.util.test.junit.AutoTests" name="[39] /home/travis/build/icyphy/ptII/ptolemy/domains/continuous/test/auto/ContinuousMerge2.xml (RunModel)" time="0.049" />
  <testcase classname="ptolemy.util.test.junit.AutoTests" name="[40] /home/travis/build/icyphy/ptII/ptolemy/domains/continuous/test/auto/ContinuousMerge3.xml (RunModel)" time="0.056" />
  <testcase classname="ptolemy.util.test.junit.AutoTests" name="[41] /home/travis/build/icyphy/ptII/ptolemy/domains/continuous/test/auto/ContinuousWithinContinuous.xml (RunModel)" time="0.051" />
  <testcase classname="ptolemy.util.test.junit.AutoTests" name="[42] /home/travis/build/icyphy/ptII/ptolemy/domains/continuous/test/auto/ContinuousWithinContinuous2.xml (RunModel)" time="0.076" />
  <testcase classname="ptolemy.util.test.junit.AutoTests" name="[43] /home/travis/build/icyphy/ptII/ptolemy/domains/continuous/test/auto/ContinuousWithinContinuous3.xml (RunModel)" time="0.03" />
  <testcase classname="ptolemy.util.test.junit.AutoTests" name="[44] /home/travis/build/icyphy/ptII/ptolemy/domains/continuous/test/auto/ContinuousWithinContinuous4.xml (RunModel)" time="0.087" />
  <testcase classname="ptolemy.util.test.junit.AutoTests" name="[45] /home/travis/build/icyphy/ptII/ptolemy/domains/continuous/test/auto/ContinuousWithinContinuous5.xml (RunModel)" time="0.029" />
  <testcase classname="ptolemy.util.test.junit.AutoTests" name="[46] /home/travis/build/icyphy/ptII/ptolemy/domains/continuous/test/auto/ContinuousWithinContinuous6.xml (RunModel)" time="0.028" />
  <testcase classname="ptolemy.util.test.junit.AutoTests" name="[47] /home/travis/build/icyphy/ptII/ptolemy/domains/continuous/test/auto/ContinuousWithinContinuous7.xml (RunModel)" time="0.065" />
  <testcase classname="ptolemy.util.test.junit.AutoTests" name="[48] /home/travis/build/icyphy/ptII/ptolemy/domains/continuous/test/auto/DCMotor.xml (RunModel)" time="12.902" />
  <testcase classname="ptolemy.util.test.junit.AutoTests" name="[49] /home/travis/build/icyphy/ptII/ptolemy/domains/continuous/test/auto/DEInContinuous.xml (RunModel)" time="0.035" />
  <testcase classname="ptolemy.util.test.junit.AutoTests" name="[50] /home/travis/build/icyphy/ptII/ptolemy/domains/continuous/test/auto/DEinContinuous2.xml (RunModel)" time="0.026" />
  <testcase classname="ptolemy.util.test.junit.AutoTests" name="[51] /home/travis/build/icyphy/ptII/ptolemy/domains/continuous/test/auto/Derivative.xml (RunModel)" time="0.178" />
  <testcase classname="ptolemy.util.test.junit.AutoTests" name="[52] /home/travis/build/icyphy/ptII/ptolemy/domains/continuous/test/auto/Derivative1.xml (RunModel)" time="0.039" />
  <testcase classname="ptolemy.util.test.junit.AutoTests" name="[53] /home/travis/build/icyphy/ptII/ptolemy/domains/continuous/test/auto/DiscreteClock.xml (RunModel)" time="0.016" />
  <testcase classname="ptolemy.util.test.junit.AutoTests" name="[54] /home/travis/build/icyphy/ptII/ptolemy/domains/continuous/test/auto/EfficiencyCurve.xml (RunModel)" time="0.111" />
  <testcase classname="ptolemy.util.test.junit.AutoTests" name="[55] /home/travis/build/icyphy/ptII/ptolemy/domains/continuous/test/auto/ExponentialResponse.xml (RunModel)" time="0.146" />
  <testcase classname="ptolemy.util.test.junit.AutoTests" name="[56] /home/travis/build/icyphy/ptII/ptolemy/domains/continuous/test/auto/ExponentialResponseRK45.xml (RunModel)" time="0.041" />
  <testcase classname="ptolemy.util.test.junit.AutoTests" name="[57] /home/travis/build/icyphy/ptII/ptolemy/domains/continuous/test/auto/Friction.xml (RunModel)" time="1.633" />
  <testcase classname="ptolemy.util.test.junit.AutoTests" name="[58] /home/travis/build/icyphy/ptII/ptolemy/domains/continuous/test/auto/FurutaPendulum.xml (RunModel)" time="3.355" />
  <testcase classname="ptolemy.util.test.junit.AutoTests" name="[59] /home/travis/build/icyphy/ptII/ptolemy/domains/continuous/test/auto/HierarchicalExecution.xml (RunModel)" time="2.107" />
  <testcase classname="ptolemy.util.test.junit.AutoTests" name="[60] /home/travis/build/icyphy/ptII/ptolemy/domains/continuous/test/auto/HybridPlant.xml (RunModel)" time="0.558" />
  <testcase classname="ptolemy.util.test.junit.AutoTests" name="[61] /home/travis/build/icyphy/ptII/ptolemy/domains/continuous/test/auto/Hysteresis.xml (RunModel)" time="0.194" />
  <testcase classname="ptolemy.util.test.junit.AutoTests" name="[62] /home/travis/build/icyphy/ptII/ptolemy/domains/continuous/test/auto/HysteresisWithRandomDelay.xml (RunModel)" time="0.243" />
  <testcase classname="ptolemy.util.test.junit.AutoTests" name="[63] /home/travis/build/icyphy/ptII/ptolemy/domains/continuous/test/auto/HysteresisWithRandomLosses.xml (RunModel)" time="2.455" />
  <testcase classname="ptolemy.util.test.junit.AutoTests" name="[64] /home/travis/build/icyphy/ptII/ptolemy/domains/continuous/test/auto/ImmediateTransitions.xml (RunModel)" time="0.037" />
  <testcase classname="ptolemy.util.test.junit.AutoTests" name="[65] /home/travis/build/icyphy/ptII/ptolemy/domains/continuous/test/auto/ImpulseFeedback.xml (RunModel)" time="0.026" />
  <testcase classname="ptolemy.util.test.junit.AutoTests" name="[66] /home/travis/build/icyphy/ptII/ptolemy/domains/continuous/test/auto/ImpulseFeedback2.xml (RunModel)" time="0.016" />
  <testcase classname="ptolemy.util.test.junit.AutoTests" name="[67] /home/travis/build/icyphy/ptII/ptolemy/domains/continuous/test/auto/IncreasingRatePoisson.xml (RunModel)" time="0.794" />
  <testcase classname="ptolemy.util.test.junit.AutoTests" name="[68] /home/travis/build/icyphy/ptII/ptolemy/domains/continuous/test/auto/InitialStateFeedback.xml (RunModel)" time="0.014" />
  <testcase classname="ptolemy.util.test.junit.AutoTests" name="[69] /home/travis/build/icyphy/ptII/ptolemy/domains/continuous/test/auto/Integration.xml (RunModel)" time="0.019" />
  <testcase classname="ptolemy.util.test.junit.AutoTests" name="[70] /home/travis/build/icyphy/ptII/ptolemy/domains/continuous/test/auto/Integration2.xml (RunModel)" time="0.121" />
  <testcase classname="ptolemy.util.test.junit.AutoTests" name="[71] /home/travis/build/icyphy/ptII/ptolemy/domains/continuous/test/auto/Integration3.xml (RunModel)" time="0.014" />
  <testcase classname="ptolemy.util.test.junit.AutoTests" name="[72] /home/travis/build/icyphy/ptII/ptolemy/domains/continuous/test/auto/Integration5.xml (RunModel)" time="0.013" />
  <testcase classname="ptolemy.util.test.junit.AutoTests" name="[73] /home/travis/build/icyphy/ptII/ptolemy/domains/continuous/test/auto/IntegratorImpulse.xml (RunModel)" time="0.014" />
  <testcase classname="ptolemy.util.test.junit.AutoTests" name="[74] /home/travis/build/icyphy/ptII/ptolemy/domains/continuous/test/auto/IntegratorImpulse2.xml (RunModel)" time="0.017" />
  <testcase classname="ptolemy.util.test.junit.AutoTests" name="[75] /home/travis/build/icyphy/ptII/ptolemy/domains/continuous/test/auto/LevelCrossing1.xml (RunModel)" time="0.018" />
  <testcase classname="ptolemy.util.test.junit.AutoTests" name="[76] /home/travis/build/icyphy/ptII/ptolemy/domains/continuous/test/auto/LevelCrossing2.xml (RunModel)" time="0.016" />
  <testcase classname="ptolemy.util.test.junit.AutoTests" name="[77] /home/travis/build/icyphy/ptII/ptolemy/domains/continuous/test/auto/LevelCrossing3.xml (RunModel)" time="0.014" />
  <testcase classname="ptolemy.util.test.junit.AutoTests" name="[78] /home/travis/build/icyphy/ptII/ptolemy/domains/continuous/test/auto/LevelCrossing4.xml (RunModel)" time="0.018" />
  <testcase classname="ptolemy.util.test.junit.AutoTests" name="[79] /home/travis/build/icyphy/ptII/ptolemy/domains/continuous/test/auto/LevelCrossing5.xml (RunModel)" time="0.018" />
  <testcase classname="ptolemy.util.test.junit.AutoTests" name="[80] /home/travis/build/icyphy/ptII/ptolemy/domains/continuous/test/auto/LevelCrossing6.xml (RunModel)" time="0.016" />
  <testcase classname="ptolemy.util.test.junit.AutoTests" name="[81] /home/travis/build/icyphy/ptII/ptolemy/domains/continuous/test/auto/LevelCrossingDetector.xml (RunModel)" time="0.042" />
  <testcase classname="ptolemy.util.test.junit.AutoTests" name="[82] /home/travis/build/icyphy/ptII/ptolemy/domains/continuous/test/auto/LevelCrossingDetectorDetectingDirections.xml (RunModel)" time="0.101" />
  <testcase classname="ptolemy.util.test.junit.AutoTests" name="[83] /home/travis/build/icyphy/ptII/ptolemy/domains/continuous/test/auto/LevelCrossingDetectorDetectsGlitches.xml (RunModel)" time="0.066" />
  <testcase classname="ptolemy.util.test.junit.AutoTests" name="[84] /home/travis/build/icyphy/ptII/ptolemy/domains/continuous/test/auto/LevelCrossingNoInitialOuput.xml (RunModel)" time="0.015" />
  <testcase classname="ptolemy.util.test.junit.AutoTests" name="[85] /home/travis/build/icyphy/ptII/ptolemy/domains/continuous/test/auto/LinearStateSpaceExample.xml (RunModel)" time="0.063" />
  <testcase classname="ptolemy.util.test.junit.AutoTests" name="[86] /home/travis/build/icyphy/ptII/ptolemy/domains/continuous/test/auto/Lorenz.xml (RunModel)" time="4.25" />
  <testcase classname="ptolemy.util.test.junit.AutoTests" name="[87] /home/travis/build/icyphy/ptII/ptolemy/domains/continuous/test/auto/LorenzDifferentialSystem.xml (RunModel)" time="1.225" />
  <testcase classname="ptolemy.util.test.junit.AutoTests" name="[88] /home/travis/build/icyphy/ptII/ptolemy/domains/continuous/test/auto/LorenzDifferentialSystemWithInput.xml (RunModel)" time="1.364" />
  <testcase classname="ptolemy.util.test.junit.AutoTests" name="[89] /home/travis/build/icyphy/ptII/ptolemy/domains/continuous/test/auto/LorenzDifferentialSystemWithTime.xml (RunModel)" time="0.8" />
  <testcase classname="ptolemy.util.test.junit.AutoTests" name="[90] /home/travis/build/icyphy/ptII/ptolemy/domains/continuous/test/auto/Microsteps.xml (RunModel)" time="0.021" />
  <testcase classname="ptolemy.util.test.junit.AutoTests" name="[91] /home/travis/build/icyphy/ptII/ptolemy/domains/continuous/test/auto/Modal1.xml (RunModel)" time="0.042" />
  <testcase classname="ptolemy.util.test.junit.AutoTests" name="[92] /home/travis/build/icyphy/ptII/ptolemy/domains/continuous/test/auto/Modal2.xml (RunModel)" time="0.036" />
  <testcase classname="ptolemy.util.test.junit.AutoTests" name="[93] /home/travis/build/icyphy/ptII/ptolemy/domains/continuous/test/auto/ModalTransitionGuardWithReset.xml (RunModel)" time="0.024" />
  <testcase classname="ptolemy.util.test.junit.AutoTests" name="[94] /home/travis/build/icyphy/ptII/ptolemy/domains/continuous/test/auto/ModalTransitionGuardWithResetUsingPreemptiveTransition.xml (RunModel)" time="0.037" />
  <testcase classname="ptolemy.util.test.junit.AutoTests" name="[95] /home/travis/build/icyphy/ptII/ptolemy/domains/continuous/test/auto/ModalTransitionGuardWithResetUsingPreemptiveTransition2.xml (RunModel)" time="0.027" />
  <testcase classname="ptolemy.util.test.junit.AutoTests" name="[96] /home/travis/build/icyphy/ptII/ptolemy/domains/continuous/test/auto/ModalTransitionGuardWithResetUsingPreemptiveTransition3.xml (RunModel)" time="0.025" />
  <testcase classname="ptolemy.util.test.junit.AutoTests" name="[97] /home/travis/build/icyphy/ptII/ptolemy/domains/continuous/test/auto/NewtonsCradle.xml (RunModel)" time="0.742" />
  <testcase classname="ptolemy.util.test.junit.AutoTests" name="[98] /home/travis/build/icyphy/ptII/ptolemy/domains/continuous/test/auto/NewtonsCradleAnimated.xml (RunModel)" time="1.222" />
  <testcase classname="ptolemy.util.test.junit.AutoTests" name="[99] /home/travis/build/icyphy/ptII/ptolemy/domains/continuous/test/auto/NewtonsCradleComplicated.xml (RunModel)" time="0.859" />
  <testcase classname="ptolemy.util.test.junit.AutoTests" name="[100] /home/travis/build/icyphy/ptII/ptolemy/domains/continuous/test/auto/NewtonsCradleNondeterministic.xml (RunModel)" time="0.599" />
  <testcase classname="ptolemy.util.test.junit.AutoTests" name="[101] /home/travis/build/icyphy/ptII/ptolemy/domains/continuous/test/auto/NewtonsCradlePerfectlyInelastic1.xml (RunModel)" time="1.256" />
  <testcase classname="ptolemy.util.test.junit.AutoTests" name="[102] /home/travis/build/icyphy/ptII/ptolemy/domains/continuous/test/auto/Noise.xml (RunModel)" time="0.18" />
  <testcase classname="ptolemy.util.test.junit.AutoTests" name="[103] /home/travis/build/icyphy/ptII/ptolemy/domains/continuous/test/auto/NoiseSpectrum.xml (RunModel)" time="0.782" />
  <testcase classname="ptolemy.util.test.junit.AutoTests" name="[104] /home/travis/build/icyphy/ptII/ptolemy/domains/continuous/test/auto/ParameterizedNewtonsCradleAnimated.xml (RunModel)" time="0.371" />
  <testcase classname="ptolemy.util.test.junit.AutoTests" name="[105] /home/travis/build/icyphy/ptII/ptolemy/domains/continuous/test/auto/ParameterizedNewtonsCradleAnimatedNondeterministic.xml (RunModel)" time="1.218" />
  <testcase classname="ptolemy.util.test.junit.AutoTests" name="[106] /home/travis/build/icyphy/ptII/ptolemy/domains/continuous/test/auto/Pendulum3D.xml (RunModel)" time="0.203" />
  <testcase classname="ptolemy.util.test.junit.AutoTests" name="[107] /home/travis/build/icyphy/ptII/ptolemy/domains/continuous/test/auto/PeriodicSampler.xml (RunModel)" time="0.018" />
  <testcase classname="ptolemy.util.test.junit.AutoTests" name="[108] /home/travis/build/icyphy/ptII/ptolemy/domains/continuous/test/auto/PeriodicSampler1.xml (RunModel)" time="0.043" />
  <testcase classname="ptolemy.util.test.junit.AutoTests" name="[109] /home/travis/build/icyphy/ptII/ptolemy/domains/continuous/test/auto/PeriodicSampler2.xml (RunModel)" time="0.083" />
  <testcase classname="ptolemy.util.test.junit.AutoTests" name="[110] /home/travis/build/icyphy/ptII/ptolemy/domains/continuous/test/auto/Poisson.xml (RunModel)" time="0.502" />
  <testcase classname="ptolemy.util.test.junit.AutoTests" name="[111] /home/travis/build/icyphy/ptII/ptolemy/domains/continuous/test/auto/PoissonClock.xml (RunModel)" time="0.014" />
  <testcase classname="ptolemy.util.test.junit.AutoTests" name="[112] /home/travis/build/icyphy/ptII/ptolemy/domains/continuous/test/auto/PoissonClock2.xml (RunModel)" time="0.017" />
  <testcase classname="ptolemy.util.test.junit.AutoTests" name="[113] /home/travis/build/icyphy/ptII/ptolemy/domains/continuous/test/auto/PortParameterHierarchy.xml (RunModel)" time="0.025" />
  <testcase classname="ptolemy.util.test.junit.AutoTests" name="[114] /home/travis/build/icyphy/ptII/ptolemy/domains/continuous/test/auto/RandomHybridPlant.xml (RunModel)" time="0.546" />
  <testcase classname="ptolemy.util.test.junit.AutoTests" name="[115] /home/travis/build/icyphy/ptII/ptolemy/domains/continuous/test/auto/ResetTransitionWithStartTime1.xml (RunModel)" time="0.034" />
  <testcase classname="ptolemy.util.test.junit.AutoTests" name="[116] /home/travis/build/icyphy/ptII/ptolemy/domains/continuous/test/auto/ResetTransitionWithStartTime2.xml (RunModel)" time="0.032" />
  <testcase classname="ptolemy.util.test.junit.AutoTests" name="[117] /home/travis/build/icyphy/ptII/ptolemy/domains/continuous/test/auto/ResetTransitionWithStartTime3.xml (RunModel)" time="0.032" />
  <testcase classname="ptolemy.util.test.junit.AutoTests" name="[118] /home/travis/build/icyphy/ptII/ptolemy/domains/continuous/test/auto/ResetTransitionWithStartTime4.xml (RunModel)" time="0.026" />
  <testcase classname="ptolemy.util.test.junit.AutoTests" name="[119] /home/travis/build/icyphy/ptII/ptolemy/domains/continuous/test/auto/ResetTransitionWithStartTime5.xml (RunModel)" time="0.03" />
  <testcase classname="ptolemy.util.test.junit.AutoTests" name="[120] /home/travis/build/icyphy/ptII/ptolemy/domains/continuous/test/auto/ResetTransitionWithStartTime6.xml (RunModel)" time="0.027" />
  <testcase classname="ptolemy.util.test.junit.AutoTests" name="[121] /home/travis/build/icyphy/ptII/ptolemy/domains/continuous/test/auto/SRinContinuous.xml (RunModel)" time="0.024" />
  <testcase classname="ptolemy.util.test.junit.AutoTests" name="[122] /home/travis/build/icyphy/ptII/ptolemy/domains/continuous/test/auto/SampledClocks.xml (RunModel)" time="0.033" />
  <testcase classname="ptolemy.util.test.junit.AutoTests" name="[123] /home/travis/build/icyphy/ptII/ptolemy/domains/continuous/test/auto/Satellite.xml (RunModel)" time="0.948" />
  <testcase classname="ptolemy.util.test.junit.AutoTests" name="[124] /home/travis/build/icyphy/ptII/ptolemy/domains/continuous/test/auto/SigmaDelta.xml (RunModel)" time="2.432" />
  <testcase classname="ptolemy.util.test.junit.AutoTests" name="[125] /home/travis/build/icyphy/ptII/ptolemy/domains/continuous/test/auto/SingleRefinement.xml (RunModel)" time="0.529" />
  <testcase classname="ptolemy.util.test.junit.AutoTests" name="[126] /home/travis/build/icyphy/ptII/ptolemy/domains/continuous/test/auto/SinuBouncingBall.xml (RunModel)" time="0.886" />
  <testcase classname="ptolemy.util.test.junit.AutoTests" name="[127] /home/travis/build/icyphy/ptII/ptolemy/domains/continuous/test/auto/Sinusoid.xml (RunModel)" time="0.013" />
  <testcase classname="ptolemy.util.test.junit.AutoTests" name="[128] /home/travis/build/icyphy/ptII/ptolemy/domains/continuous/test/auto/SinusoidInNoise.xml (RunModel)" time="1.065" />
  <testcase classname="ptolemy.util.test.junit.AutoTests" name="[129] /home/travis/build/icyphy/ptII/ptolemy/domains/continuous/test/auto/SinusoidRK45.xml (RunModel)" time="0.013" />
  <testcase classname="ptolemy.util.test.junit.AutoTests" name="[130] /home/travis/build/icyphy/ptII/ptolemy/domains/continuous/test/auto/SinusoidWithMultipleImpulses.xml (RunModel)" time="0.014" />
  <testcase classname="ptolemy.util.test.junit.AutoTests" name="[131] /home/travis/build/icyphy/ptII/ptolemy/domains/continuous/test/auto/SquareWave.xml (RunModel)" time="0.202" />
  <testcase classname="ptolemy.util.test.junit.AutoTests" name="[132] /home/travis/build/icyphy/ptII/ptolemy/domains/continuous/test/auto/Starmac.xml (RunModel)" time="3.414" />
  <testcase classname="ptolemy.util.test.junit.AutoTests" name="[133] /home/travis/build/icyphy/ptII/ptolemy/domains/continuous/test/auto/StaticUnits.xml (RunModel)" time="2.615" />
  <testcase classname="ptolemy.util.test.junit.AutoTests" name="[134] /home/travis/build/icyphy/ptII/ptolemy/domains/continuous/test/auto/StickyMasses.xml (RunModel)" time="0.216" />
  <testcase classname="ptolemy.util.test.junit.AutoTests" name="[135] /home/travis/build/icyphy/ptII/ptolemy/domains/continuous/test/auto/StopTime.xml (RunModel)" time="0.081" />
  <testcase classname="ptolemy.util.test.junit.AutoTests" name="[136] /home/travis/build/icyphy/ptII/ptolemy/domains/continuous/test/auto/StopTime2.xml (RunModel)" time="0.058" />
  <testcase classname="ptolemy.util.test.junit.AutoTests" name="[137] /home/travis/build/icyphy/ptII/ptolemy/domains/continuous/test/auto/Switch.xml (RunModel)" time="0.063" />
  <testcase classname="ptolemy.util.test.junit.AutoTests" name="[138] /home/travis/build/icyphy/ptII/ptolemy/domains/continuous/test/auto/Thermostat.xml (RunModel)" time="0.199" />
  <testcase classname="ptolemy.util.test.junit.AutoTests" name="[139] /home/travis/build/icyphy/ptII/ptolemy/domains/continuous/test/auto/TimeDelay.xml (RunModel)" time="0.015" />
  <testcase classname="ptolemy.util.test.junit.AutoTests" name="[140] /home/travis/build/icyphy/ptII/ptolemy/domains/continuous/test/auto/TimeDelay2.xml (RunModel)" time="0.024" />
  <testcase classname="ptolemy.util.test.junit.AutoTests" name="[141] /home/travis/build/icyphy/ptII/ptolemy/domains/continuous/test/auto/TimeDelay3.xml (RunModel)" time="0.013" />
  <testcase classname="ptolemy.util.test.junit.AutoTests" name="[142] /home/travis/build/icyphy/ptII/ptolemy/domains/continuous/test/auto/TransferAbsentToInside.xml (RunModel)" time="0.144" />
  <testcase classname="ptolemy.util.test.junit.AutoTests" name="[143] /home/travis/build/icyphy/ptII/ptolemy/domains/continuous/test/auto/Transmission.xml (RunModel)" time="0.773" />
  <testcase classname="ptolemy.util.test.junit.AutoTests" name="[144] /home/travis/build/icyphy/ptII/ptolemy/domains/continuous/test/auto/TriggeredContinuousClock.xml (RunModel)" time="0.061" />
  <testcase classname="ptolemy.util.test.junit.AutoTests" name="[145] /home/travis/build/icyphy/ptII/ptolemy/domains/continuous/test/auto/TwoMachineInfiniteBusControl.xml (RunModel)" time="3.302" />
  <testcase classname="ptolemy.util.test.junit.AutoTests" name="[146] /home/travis/build/icyphy/ptII/ptolemy/domains/continuous/test/auto/V2V.xml (RunModel)" time="0.936" />
  <testcase classname="ptolemy.util.test.junit.AutoTests" name="[147] /home/travis/build/icyphy/ptII/ptolemy/domains/continuous/test/auto/hierarchicalModalModel.xml (RunModel)" time="0.029" />
  <testcase classname="ptolemy.util.test.junit.AutoTests" name="[148] /home/travis/build/icyphy/ptII/ptolemy/domains/continuous/test/auto/hierarchicalModalModel1.xml (RunModel)" time="0.034" />
  <testcase classname="ptolemy.util.test.junit.AutoTests" name="[149] /home/travis/build/icyphy/ptII/ptolemy/domains/continuous/test/auto/hierarchicalModalModel2.xml (RunModel)" time="0.027" />
  <testcase classname="ptolemy.util.test.junit.AutoTests" name="[150] /home/travis/build/icyphy/ptII/ptolemy/domains/continuous/test/auto/hierarchicalModalModel3.xml (RunModel)" time="0.023" />
  <testcase classname="ptolemy.util.test.junit.AutoTests" name="[151] /home/travis/build/icyphy/ptII/ptolemy/domains/continuous/test/auto/hierarchicalModalModel4.xml (RunModel)" time="0.038" />
  <testcase classname="ptolemy.util.test.junit.AutoTests" name="[152] /home/travis/build/icyphy/ptII/ptolemy/domains/continuous/test/auto/junk.xml (RunModel)" time="0.165" />
  <system-out><![CDATA[No tcl tests in /home/travis/build/icyphy/ptII/ptolemy/domains/continuous/test
No auto/knownFailedTests/*.xml tests in /home/travis/build/icyphy/ptII/ptolemy/domains/continuous/test
No auto/linux-amd64/*.xml tests in /home/travis/build/icyphy/ptII/ptolemy/domains/continuous/test
AutoTests.java: About to close Vertx.
AutoTests.java: Vertx closed.

===========================================================================================
----------------- testing Thu Oct 10 05:50:44 UTC 2019 /home/travis/build/icyphy/ptII/ptolemy/domains/continuous/test/auto/BouncingBall.xml
----------------- Instantiating /home/travis/build/icyphy/ptII/ptolemy/domains/continuous/test/auto/BouncingBall.xml
2452 ms. Memory: 145408K Free: 119027K (82%)
----------------- Invoking toplevel() on ptolemy.moml.MoMLSimpleApplication@23d1e1b7
----------------- Done invoking toplevel() on ptolemy.moml.MoMLSimpleApplication@23d1e1b7
reloadAllAccessors: .BouncingBall

===========================================================================================
----------------- testing Thu Oct 10 05:50:47 UTC 2019 /home/travis/build/icyphy/ptII/ptolemy/domains/continuous/test/auto/BouncingBallWithoutGR.xml
----------------- Instantiating /home/travis/build/icyphy/ptII/ptolemy/domains/continuous/test/auto/BouncingBallWithoutGR.xml
705 ms. Memory: 145408K Free: 109794K (76%)
----------------- Invoking toplevel() on ptolemy.moml.MoMLSimpleApplication@27c27777
----------------- Done invoking toplevel() on ptolemy.moml.MoMLSimpleApplication@27c27777
reloadAllAccessors: .BouncingBallWithoutGR

===========================================================================================
----------------- testing Thu Oct 10 05:50:48 UTC 2019 /home/travis/build/icyphy/ptII/ptolemy/domains/continuous/test/auto/Brownian.xml
----------------- Instantiating /home/travis/build/icyphy/ptII/ptolemy/domains/continuous/test/auto/Brownian.xml
33 ms. Memory: 145408K Free: 100578K (69%)
----------------- Invoking toplevel() on ptolemy.moml.MoMLSimpleApplication@26bab526
----------------- Done invoking toplevel() on ptolemy.moml.MoMLSimpleApplication@26bab526
reloadAllAccessors: .Brownian

===========================================================================================
----------------- testing Thu Oct 10 05:50:48 UTC 2019 /home/travis/build/icyphy/ptII/ptolemy/domains/continuous/test/auto/CarTracking.xml
----------------- Instantiating /home/travis/build/icyphy/ptII/ptolemy/domains/continuous/test/auto/CarTracking.xml
3543 ms. Memory: 214016K Free: 194879K (91%)
----------------- Invoking toplevel() on ptolemy.moml.MoMLSimpleApplication@6992f575
----------------- Done invoking toplevel() on ptolemy.moml.MoMLSimpleApplication@6992f575
reloadAllAccessors: .CarTracking

===========================================================================================
----------------- testing Thu Oct 10 05:50:52 UTC 2019 /home/travis/build/icyphy/ptII/ptolemy/domains/continuous/test/auto/CartPendulum.xml
----------------- Instantiating /home/travis/build/icyphy/ptII/ptolemy/domains/continuous/test/auto/CartPendulum.xml
424 ms. Memory: 214016K Free: 103239K (48%)
----------------- Invoking toplevel() on ptolemy.moml.MoMLSimpleApplication@28bd928b
----------------- Done invoking toplevel() on ptolemy.moml.MoMLSimpleApplication@28bd928b
reloadAllAccessors: .CartPendulum

===========================================================================================
----------------- testing Thu Oct 10 05:50:53 UTC 2019 /home/travis/build/icyphy/ptII/ptolemy/domains/continuous/test/auto/CausalityInterface10.xml
----------------- Instantiating /home/travis/build/icyphy/ptII/ptolemy/domains/continuous/test/auto/CausalityInterface10.xml
13 ms. Memory: 214016K Free: 92999K (43%)
----------------- Invoking toplevel() on ptolemy.moml.MoMLSimpleApplication@622ae7bc
----------------- Done invoking toplevel() on ptolemy.moml.MoMLSimpleApplication@622ae7bc
reloadAllAccessors: .CausalityInterface10

===========================================================================================
----------------- testing Thu Oct 10 05:50:53 UTC 2019 /home/travis/build/icyphy/ptII/ptolemy/domains/continuous/test/auto/CausalityInterface11.xml
----------------- Instantiating /home/travis/build/icyphy/ptII/ptolemy/domains/continuous/test/auto/CausalityInterface11.xml
6 ms. Memory: 214016K Free: 86855K (41%)
----------------- Invoking toplevel() on ptolemy.moml.MoMLSimpleApplication@4f0845f3
----------------- Done invoking toplevel() on ptolemy.moml.MoMLSimpleApplication@4f0845f3
reloadAllAccessors: .CausalityInterface11

===========================================================================================
----------------- testing Thu Oct 10 05:50:53 UTC 2019 /home/travis/build/icyphy/ptII/ptolemy/domains/continuous/test/auto/CausalityInterface12.xml
----------------- Instantiating /home/travis/build/icyphy/ptII/ptolemy/domains/continuous/test/auto/CausalityInterface12.xml
12 ms. Memory: 214016K Free: 80711K (38%)
----------------- Invoking toplevel() on ptolemy.moml.MoMLSimpleApplication@dab548c
----------------- Done invoking toplevel() on ptolemy.moml.MoMLSimpleApplication@dab548c
reloadAllAccessors: .CausalityInterface12

===========================================================================================
----------------- testing Thu Oct 10 05:50:53 UTC 2019 /home/travis/build/icyphy/ptII/ptolemy/domains/continuous/test/auto/CausalityInterface13.xml
----------------- Instantiating /home/travis/build/icyphy/ptII/ptolemy/domains/continuous/test/auto/CausalityInterface13.xml
10 ms. Memory: 214016K Free: 74567K (35%)
----------------- Invoking toplevel() on ptolemy.moml.MoMLSimpleApplication@3737885d
----------------- Done invoking toplevel() on ptolemy.moml.MoMLSimpleApplication@3737885d
reloadAllAccessors: .CausalityInterface13

===========================================================================================
----------------- testing Thu Oct 10 05:50:53 UTC 2019 /home/travis/build/icyphy/ptII/ptolemy/domains/continuous/test/auto/CausalityInterface14.xml
----------------- Instantiating /home/travis/build/icyphy/ptII/ptolemy/domains/continuous/test/auto/CausalityInterface14.xml
3 ms. Memory: 214016K Free: 195656K (91%)
----------------- Invoking toplevel() on ptolemy.moml.MoMLSimpleApplication@20acb29
----------------- Done invoking toplevel() on ptolemy.moml.MoMLSimpleApplication@20acb29
reloadAllAccessors: .CausalityInterface14

===========================================================================================
----------------- testing Thu Oct 10 05:50:53 UTC 2019 /home/travis/build/icyphy/ptII/ptolemy/domains/continuous/test/auto/CausalityInterface4.xml
----------------- Instantiating /home/travis/build/icyphy/ptII/ptolemy/domains/continuous/test/auto/CausalityInterface4.xml
4 ms. Memory: 214016K Free: 189016K (88%)
----------------- Invoking toplevel() on ptolemy.moml.MoMLSimpleApplication@40fa2887
----------------- Done invoking toplevel() on ptolemy.moml.MoMLSimpleApplication@40fa2887
reloadAllAccessors: .CausalityInterface4

===========================================================================================
----------------- testing Thu Oct 10 05:50:53 UTC 2019 /home/travis/build/icyphy/ptII/ptolemy/domains/continuous/test/auto/CausalityInterface5.xml
----------------- Instantiating /home/travis/build/icyphy/ptII/ptolemy/domains/continuous/test/auto/CausalityInterface5.xml
4 ms. Memory: 214016K Free: 180310K (84%)
----------------- Invoking toplevel() on ptolemy.moml.MoMLSimpleApplication@4b829731
----------------- Done invoking toplevel() on ptolemy.moml.MoMLSimpleApplication@4b829731
reloadAllAccessors: .CausalityInterface5

===========================================================================================
----------------- testing Thu Oct 10 05:50:53 UTC 2019 /home/travis/build/icyphy/ptII/ptolemy/domains/continuous/test/auto/CausalityInterface6.xml
----------------- Instantiating /home/travis/build/icyphy/ptII/ptolemy/domains/continuous/test/auto/CausalityInterface6.xml
3 ms. Memory: 214016K Free: 174680K (82%)
----------------- Invoking toplevel() on ptolemy.moml.MoMLSimpleApplication@33eba4fb
----------------- Done invoking toplevel() on ptolemy.moml.MoMLSimpleApplication@33eba4fb
reloadAllAccessors: .CausalityInterface6

===========================================================================================
----------------- testing Thu Oct 10 05:50:53 UTC 2019 /home/travis/build/icyphy/ptII/ptolemy/domains/continuous/test/auto/CausalityInterface7.xml
----------------- Instantiating /home/travis/build/icyphy/ptII/ptolemy/domains/continuous/test/auto/CausalityInterface7.xml
6 ms. Memory: 214016K Free: 165974K (78%)
----------------- Invoking toplevel() on ptolemy.moml.MoMLSimpleApplication@1e936d9d
----------------- Done invoking toplevel() on ptolemy.moml.MoMLSimpleApplication@1e936d9d
reloadAllAccessors: .CausalityInterface7

===========================================================================================
----------------- testing Thu Oct 10 05:50:53 UTC 2019 /home/travis/build/icyphy/ptII/ptolemy/domains/continuous/test/auto/CausalityInterface8.xml
----------------- Instantiating /home/travis/build/icyphy/ptII/ptolemy/domains/continuous/test/auto/CausalityInterface8.xml
5 ms. Memory: 214016K Free: 156758K (73%)
----------------- Invoking toplevel() on ptolemy.moml.MoMLSimpleApplication@7aee8853
----------------- Done invoking toplevel() on ptolemy.moml.MoMLSimpleApplication@7aee8853
reloadAllAccessors: .CausalityInterface8

===========================================================================================
----------------- testing Thu Oct 10 05:50:53 UTC 2019 /home/travis/build/icyphy/ptII/ptolemy/domains/continuous/test/auto/CausalityInterface9.xml
----------------- Instantiating /home/travis/build/icyphy/ptII/ptolemy/domains/continuous/test/auto/CausalityInterface9.xml
10 ms. Memory: 214016K Free: 146008K (68%)
----------------- Invoking toplevel() on ptolemy.moml.MoMLSimpleApplication@20973a04
----------------- Done invoking toplevel() on ptolemy.moml.MoMLSimpleApplication@20973a04
reloadAllAccessors: .CausalityInterface9

===========================================================================================
----------------- testing Thu Oct 10 05:50:53 UTC 2019 /home/travis/build/icyphy/ptII/ptolemy/domains/continuous/test/auto/CausalityInterfaceFeedback1.xml
----------------- Instantiating /home/travis/build/icyphy/ptII/ptolemy/domains/continuous/test/auto/CausalityInterfaceFeedback1.xml
10 ms. Memory: 214016K Free: 139350K (65%)
----------------- Invoking toplevel() on ptolemy.moml.MoMLSimpleApplication@66353cb
----------------- Done invoking toplevel() on ptolemy.moml.MoMLSimpleApplication@66353cb
reloadAllAccessors: .CausalityInterfaceFeedback1

===========================================================================================
----------------- testing Thu Oct 10 05:50:53 UTC 2019 /home/travis/build/icyphy/ptII/ptolemy/domains/continuous/test/auto/CausalityInterfaceFeedback2.xml
----------------- Instantiating /home/travis/build/icyphy/ptII/ptolemy/domains/continuous/test/auto/CausalityInterfaceFeedback2.xml
3 ms. Memory: 214016K Free: 132696K (62%)
----------------- Invoking toplevel() on ptolemy.moml.MoMLSimpleApplication@485dccc
----------------- Done invoking toplevel() on ptolemy.moml.MoMLSimpleApplication@485dccc
reloadAllAccessors: .CausalityInterfaceFeedback2

===========================================================================================
----------------- testing Thu Oct 10 05:50:54 UTC 2019 /home/travis/build/icyphy/ptII/ptolemy/domains/continuous/test/auto/CompareWithCurrentTime.xml
----------------- Instantiating /home/travis/build/icyphy/ptII/ptolemy/domains/continuous/test/auto/CompareWithCurrentTime.xml
3 ms. Memory: 214016K Free: 129110K (60%)
----------------- Invoking toplevel() on ptolemy.moml.MoMLSimpleApplication@3a497474
----------------- Done invoking toplevel() on ptolemy.moml.MoMLSimpleApplication@3a497474
reloadAllAccessors: .CompareWithCurrentTime

===========================================================================================
----------------- testing Thu Oct 10 05:50:54 UTC 2019 /home/travis/build/icyphy/ptII/ptolemy/domains/continuous/test/auto/ComparedClocks.xml
----------------- Instantiating /home/travis/build/icyphy/ptII/ptolemy/domains/continuous/test/auto/ComparedClocks.xml
7 ms. Memory: 214016K Free: 113736K (53%)
----------------- Invoking toplevel() on ptolemy.moml.MoMLSimpleApplication@6d98239a
----------------- Done invoking toplevel() on ptolemy.moml.MoMLSimpleApplication@6d98239a
reloadAllAccessors: .ComparedClocks

===========================================================================================
----------------- testing Thu Oct 10 05:50:54 UTC 2019 /home/travis/build/icyphy/ptII/ptolemy/domains/continuous/test/auto/ContinuousAOCClone.xml
----------------- Instantiating /home/travis/build/icyphy/ptII/ptolemy/domains/continuous/test/auto/ContinuousAOCClone.xml
2694 ms. Memory: 257024K Free: 137940K (54%)
----------------- Invoking toplevel() on ptolemy.moml.MoMLSimpleApplication@5c816c9f
----------------- Done invoking toplevel() on ptolemy.moml.MoMLSimpleApplication@5c816c9f
reloadAllAccessors: .ContinuousAOCClone

===========================================================================================
----------------- testing Thu Oct 10 05:50:57 UTC 2019 /home/travis/build/icyphy/ptII/ptolemy/domains/continuous/test/auto/ContinuousClock.xml
----------------- Instantiating /home/travis/build/icyphy/ptII/ptolemy/domains/continuous/test/auto/ContinuousClock.xml
27 ms. Memory: 257024K Free: 115941K (45%)
----------------- Invoking toplevel() on ptolemy.moml.MoMLSimpleApplication@3a626a99
----------------- Done invoking toplevel() on ptolemy.moml.MoMLSimpleApplication@3a626a99
reloadAllAccessors: .ContinuousClock

===========================================================================================
----------------- testing Thu Oct 10 05:50:57 UTC 2019 /home/travis/build/icyphy/ptII/ptolemy/domains/continuous/test/auto/ContinuousInContinuous.xml
----------------- Instantiating /home/travis/build/icyphy/ptII/ptolemy/domains/continuous/test/auto/ContinuousInContinuous.xml
42 ms. Memory: 257024K Free: 92389K (36%)
----------------- Invoking toplevel() on ptolemy.moml.MoMLSimpleApplication@f7c169a
----------------- Done invoking toplevel() on ptolemy.moml.MoMLSimpleApplication@f7c169a
reloadAllAccessors: .ContinuousInContinuous

===========================================================================================
----------------- testing Thu Oct 10 05:50:57 UTC 2019 /home/travis/build/icyphy/ptII/ptolemy/domains/continuous/test/auto/ContinuousInContinuousInContinuous.xml
----------------- Instantiating /home/travis/build/icyphy/ptII/ptolemy/domains/continuous/test/auto/ContinuousInContinuousInContinuous.xml
10 ms. Memory: 257024K Free: 237184K (92%)
----------------- Invoking toplevel() on ptolemy.moml.MoMLSimpleApplication@580434ce
----------------- Done invoking toplevel() on ptolemy.moml.MoMLSimpleApplication@580434ce
reloadAllAccessors: .ContinuousInContinuousInContinuous

===========================================================================================
----------------- testing Thu Oct 10 05:50:57 UTC 2019 /home/travis/build/icyphy/ptII/ptolemy/domains/continuous/test/auto/ContinuousInDE.xml
----------------- Instantiating /home/travis/build/icyphy/ptII/ptolemy/domains/continuous/test/auto/ContinuousInDE.xml
103 ms. Memory: 257024K Free: 226434K (88%)
----------------- Invoking toplevel() on ptolemy.moml.MoMLSimpleApplication@41c6f295
----------------- Done invoking toplevel() on ptolemy.moml.MoMLSimpleApplication@41c6f295
reloadAllAccessors: .ContinuousInDE

===========================================================================================
----------------- testing Thu Oct 10 05:50:57 UTC 2019 /home/travis/build/icyphy/ptII/ptolemy/domains/continuous/test/auto/ContinuousInDE2.xml
----------------- Instantiating /home/travis/build/icyphy/ptII/ptolemy/domains/continuous/test/auto/ContinuousInDE2.xml
41 ms. Memory: 257024K Free: 216704K (84%)
----------------- Invoking toplevel() on ptolemy.moml.MoMLSimpleApplication@546641b0
----------------- Done invoking toplevel() on ptolemy.moml.MoMLSimpleApplication@546641b0
reloadAllAccessors: .ContinuousInDE2

===========================================================================================
----------------- testing Thu Oct 10 05:50:57 UTC 2019 /home/travis/build/icyphy/ptII/ptolemy/domains/continuous/test/auto/ContinuousInDE3.xml
----------------- Instantiating /home/travis/build/icyphy/ptII/ptolemy/domains/continuous/test/auto/ContinuousInDE3.xml
59 ms. Memory: 257024K Free: 206978K (81%)
----------------- Invoking toplevel() on ptolemy.moml.MoMLSimpleApplication@2fff1a28
----------------- Done invoking toplevel() on ptolemy.moml.MoMLSimpleApplication@2fff1a28
reloadAllAccessors: .ContinuousInDE3

===========================================================================================
----------------- testing Thu Oct 10 05:50:57 UTC 2019 /home/travis/build/icyphy/ptII/ptolemy/domains/continuous/test/auto/ContinuousInDE4.xml
----------------- Instantiating /home/travis/build/icyphy/ptII/ptolemy/domains/continuous/test/auto/ContinuousInDE4.xml
19 ms. Memory: 257024K Free: 200834K (78%)
----------------- Invoking toplevel() on ptolemy.moml.MoMLSimpleApplication@6f95f85f
----------------- Done invoking toplevel() on ptolemy.moml.MoMLSimpleApplication@6f95f85f
reloadAllAccessors: .ContinuousInDE4

===========================================================================================
----------------- testing Thu Oct 10 05:50:57 UTC 2019 /home/travis/build/icyphy/ptII/ptolemy/domains/continuous/test/auto/ContinuousInDEDifferentRefinements.xml
----------------- Instantiating /home/travis/build/icyphy/ptII/ptolemy/domains/continuous/test/auto/ContinuousInDEDifferentRefinements.xml
49 ms. Memory: 257024K Free: 169593K (66%)
----------------- Invoking toplevel() on ptolemy.moml.MoMLSimpleApplication@3d79ff1a
----------------- Done invoking toplevel() on ptolemy.moml.MoMLSimpleApplication@3d79ff1a
reloadAllAccessors: .ContinuousInDEDifferentRefinements

===========================================================================================
----------------- testing Thu Oct 10 05:50:57 UTC 2019 /home/travis/build/icyphy/ptII/ptolemy/domains/continuous/test/auto/ContinuousInDEDifferentRefinementsPreemptive.xml
----------------- Instantiating /home/travis/build/icyphy/ptII/ptolemy/domains/continuous/test/auto/ContinuousInDEDifferentRefinementsPreemptive.xml
55 ms. Memory: 257024K Free: 138865K (54%)
----------------- Invoking toplevel() on ptolemy.moml.MoMLSimpleApplication@5c31f11
----------------- Done invoking toplevel() on ptolemy.moml.MoMLSimpleApplication@5c31f11
reloadAllAccessors: .ContinuousInDEDifferentRefinementsPreemptive

===========================================================================================
----------------- testing Thu Oct 10 05:50:57 UTC 2019 /home/travis/build/icyphy/ptII/ptolemy/domains/continuous/test/auto/ContinuousInDEInContinuous2.xml
----------------- Instantiating /home/travis/build/icyphy/ptII/ptolemy/domains/continuous/test/auto/ContinuousInDEInContinuous2.xml
38 ms. Memory: 257024K Free: 127616K (50%)
----------------- Invoking toplevel() on ptolemy.moml.MoMLSimpleApplication@860e723
----------------- Done invoking toplevel() on ptolemy.moml.MoMLSimpleApplication@860e723
reloadAllAccessors: .ContinuousInDEInContinuous2

===========================================================================================
----------------- testing Thu Oct 10 05:50:57 UTC 2019 /home/travis/build/icyphy/ptII/ptolemy/domains/continuous/test/auto/ContinuousInDEInContinuous3.xml
----------------- Instantiating /home/travis/build/icyphy/ptII/ptolemy/domains/continuous/test/auto/ContinuousInDEInContinuous3.xml
32 ms. Memory: 257024K Free: 115328K (45%)
----------------- Invoking toplevel() on ptolemy.moml.MoMLSimpleApplication@673ccc97
----------------- Done invoking toplevel() on ptolemy.moml.MoMLSimpleApplication@673ccc97
reloadAllAccessors: .ContinuousInDEInContinuous3

===========================================================================================
----------------- testing Thu Oct 10 05:50:57 UTC 2019 /home/travis/build/icyphy/ptII/ptolemy/domains/continuous/test/auto/ContinuousInDEInput.xml
----------------- Instantiating /home/travis/build/icyphy/ptII/ptolemy/domains/continuous/test/auto/ContinuousInDEInput.xml
17 ms. Memory: 257024K Free: 108160K (42%)
----------------- Invoking toplevel() on ptolemy.moml.MoMLSimpleApplication@597e0d8e
----------------- Done invoking toplevel() on ptolemy.moml.MoMLSimpleApplication@597e0d8e
reloadAllAccessors: .ContinuousInDEInput

===========================================================================================
----------------- testing Thu Oct 10 05:50:57 UTC 2019 /home/travis/build/icyphy/ptII/ptolemy/domains/continuous/test/auto/ContinuousInDEInput2.xml
----------------- Instantiating /home/travis/build/icyphy/ptII/ptolemy/domains/continuous/test/auto/ContinuousInDEInput2.xml
13 ms. Memory: 257024K Free: 100992K (39%)
----------------- Invoking toplevel() on ptolemy.moml.MoMLSimpleApplication@3ca18bca
----------------- Done invoking toplevel() on ptolemy.moml.MoMLSimpleApplication@3ca18bca
reloadAllAccessors: .ContinuousInDEInput2

===========================================================================================
----------------- testing Thu Oct 10 05:50:57 UTC 2019 /home/travis/build/icyphy/ptII/ptolemy/domains/continuous/test/auto/ContinuousInDEInput3.xml
----------------- Instantiating /home/travis/build/icyphy/ptII/ptolemy/domains/continuous/test/auto/ContinuousInDEInput3.xml
12 ms. Memory: 257024K Free: 93824K (37%)
----------------- Invoking toplevel() on ptolemy.moml.MoMLSimpleApplication@3bd4438d
----------------- Done invoking toplevel() on ptolemy.moml.MoMLSimpleApplication@3bd4438d
reloadAllAccessors: .ContinuousInDEInput3

===========================================================================================
----------------- testing Thu Oct 10 05:50:57 UTC 2019 /home/travis/build/icyphy/ptII/ptolemy/domains/continuous/test/auto/ContinuousInDESharingRefinement.xml
----------------- Instantiating /home/travis/build/icyphy/ptII/ptolemy/domains/continuous/test/auto/ContinuousInDESharingRefinement.xml
143 ms. Memory: 257024K Free: 152839K (59%)
----------------- Invoking toplevel() on ptolemy.moml.MoMLSimpleApplication@51504b45
----------------- Done invoking toplevel() on ptolemy.moml.MoMLSimpleApplication@51504b45
reloadAllAccessors: .ContinuousInDESharingRefinement

===========================================================================================
----------------- testing Thu Oct 10 05:50:58 UTC 2019 /home/travis/build/icyphy/ptII/ptolemy/domains/continuous/test/auto/ContinuousInDEwithNoPorts.xml
----------------- Instantiating /home/travis/build/icyphy/ptII/ptolemy/domains/continuous/test/auto/ContinuousInDEwithNoPorts.xml
7 ms. Memory: 257024K Free: 148743K (58%)
----------------- Invoking toplevel() on ptolemy.moml.MoMLSimpleApplication@17208ed6
----------------- Done invoking toplevel() on ptolemy.moml.MoMLSimpleApplication@17208ed6
reloadAllAccessors: .ContinuousInDEwithNoPorts

===========================================================================================
----------------- testing Thu Oct 10 05:50:58 UTC 2019 /home/travis/build/icyphy/ptII/ptolemy/domains/continuous/test/auto/ContinuousInsideDE.xml
----------------- Instantiating /home/travis/build/icyphy/ptII/ptolemy/domains/continuous/test/auto/ContinuousInsideDE.xml
33 ms. Memory: 257024K Free: 136965K (53%)
----------------- Invoking toplevel() on ptolemy.moml.MoMLSimpleApplication@75d6facd
----------------- Done invoking toplevel() on ptolemy.moml.MoMLSimpleApplication@75d6facd
reloadAllAccessors: .ContinuousInsideDE

===========================================================================================
----------------- testing Thu Oct 10 05:50:58 UTC 2019 /home/travis/build/icyphy/ptII/ptolemy/domains/continuous/test/auto/ContinuousMerge1.xml
----------------- Instantiating /home/travis/build/icyphy/ptII/ptolemy/domains/continuous/test/auto/ContinuousMerge1.xml
2 ms. Memory: 257024K Free: 132855K (52%)
----------------- Invoking toplevel() on ptolemy.moml.MoMLSimpleApplication@22c7350b
----------------- Done invoking toplevel() on ptolemy.moml.MoMLSimpleApplication@22c7350b
reloadAllAccessors: .ContinuousMerge1

===========================================================================================
----------------- testing Thu Oct 10 05:50:58 UTC 2019 /home/travis/build/icyphy/ptII/ptolemy/domains/continuous/test/auto/ContinuousMerge2.xml
----------------- Instantiating /home/travis/build/icyphy/ptII/ptolemy/domains/continuous/test/auto/ContinuousMerge2.xml
19 ms. Memory: 257024K Free: 122629K (48%)
----------------- Invoking toplevel() on ptolemy.moml.MoMLSimpleApplication@6bae1141
----------------- Done invoking toplevel() on ptolemy.moml.MoMLSimpleApplication@6bae1141
reloadAllAccessors: .ContinuousMerge2

===========================================================================================
----------------- testing Thu Oct 10 05:50:58 UTC 2019 /home/travis/build/icyphy/ptII/ptolemy/domains/continuous/test/auto/ContinuousMerge3.xml
----------------- Instantiating /home/travis/build/icyphy/ptII/ptolemy/domains/continuous/test/auto/ContinuousMerge3.xml
40 ms. Memory: 257024K Free: 111879K (44%)
----------------- Invoking toplevel() on ptolemy.moml.MoMLSimpleApplication@2a6b78f4
----------------- Done invoking toplevel() on ptolemy.moml.MoMLSimpleApplication@2a6b78f4
reloadAllAccessors: .ContinuousMerge3

===========================================================================================
----------------- testing Thu Oct 10 05:50:58 UTC 2019 /home/travis/build/icyphy/ptII/ptolemy/domains/continuous/test/auto/ContinuousWithinContinuous.xml
----------------- Instantiating /home/travis/build/icyphy/ptII/ptolemy/domains/continuous/test/auto/ContinuousWithinContinuous.xml
31 ms. Memory: 257024K Free: 103173K (40%)
----------------- Invoking toplevel() on ptolemy.moml.MoMLSimpleApplication@bb6b831
----------------- Done invoking toplevel() on ptolemy.moml.MoMLSimpleApplication@bb6b831
reloadAllAccessors: .ContinuousWithinContinuous

===========================================================================================
----------------- testing Thu Oct 10 05:50:58 UTC 2019 /home/travis/build/icyphy/ptII/ptolemy/domains/continuous/test/auto/ContinuousWithinContinuous2.xml
----------------- Instantiating /home/travis/build/icyphy/ptII/ptolemy/domains/continuous/test/auto/ContinuousWithinContinuous2.xml
63 ms. Memory: 257024K Free: 92423K (36%)
----------------- Invoking toplevel() on ptolemy.moml.MoMLSimpleApplication@1da9bb1f
----------------- Done invoking toplevel() on ptolemy.moml.MoMLSimpleApplication@1da9bb1f
reloadAllAccessors: .ContinuousWithinContinuous2

===========================================================================================
----------------- testing Thu Oct 10 05:50:58 UTC 2019 /home/travis/build/icyphy/ptII/ptolemy/domains/continuous/test/auto/ContinuousWithinContinuous3.xml
----------------- Instantiating /home/travis/build/icyphy/ptII/ptolemy/domains/continuous/test/auto/ContinuousWithinContinuous3.xml
10 ms. Memory: 257024K Free: 238256K (93%)
----------------- Invoking toplevel() on ptolemy.moml.MoMLSimpleApplication@40193a31
----------------- Done invoking toplevel() on ptolemy.moml.MoMLSimpleApplication@40193a31
reloadAllAccessors: .ContinuousWithinContinuous3

===========================================================================================
----------------- testing Thu Oct 10 05:50:58 UTC 2019 /home/travis/build/icyphy/ptII/ptolemy/domains/continuous/test/auto/ContinuousWithinContinuous4.xml
----------------- Instantiating /home/travis/build/icyphy/ptII/ptolemy/domains/continuous/test/auto/ContinuousWithinContinuous4.xml
60 ms. Memory: 257024K Free: 225968K (88%)
----------------- Invoking toplevel() on ptolemy.moml.MoMLSimpleApplication@7fcb2cf2
----------------- Done invoking toplevel() on ptolemy.moml.MoMLSimpleApplication@7fcb2cf2
reloadAllAccessors: .ContinuousWithinContinuous4

===========================================================================================
----------------- testing Thu Oct 10 05:50:58 UTC 2019 /home/travis/build/icyphy/ptII/ptolemy/domains/continuous/test/auto/ContinuousWithinContinuous5.xml
----------------- Instantiating /home/travis/build/icyphy/ptII/ptolemy/domains/continuous/test/auto/ContinuousWithinContinuous5.xml
13 ms. Memory: 257024K Free: 218800K (85%)
----------------- Invoking toplevel() on ptolemy.moml.MoMLSimpleApplication@36509dc3
----------------- Done invoking toplevel() on ptolemy.moml.MoMLSimpleApplication@36509dc3
reloadAllAccessors: .ContinuousWithinContinuous5

===========================================================================================
----------------- testing Thu Oct 10 05:50:58 UTC 2019 /home/travis/build/icyphy/ptII/ptolemy/domains/continuous/test/auto/ContinuousWithinContinuous6.xml
----------------- Instantiating /home/travis/build/icyphy/ptII/ptolemy/domains/continuous/test/auto/ContinuousWithinContinuous6.xml
10 ms. Memory: 257024K Free: 211632K (82%)
----------------- Invoking toplevel() on ptolemy.moml.MoMLSimpleApplication@2c8f4ced
----------------- Done invoking toplevel() on ptolemy.moml.MoMLSimpleApplication@2c8f4ced
reloadAllAccessors: .ContinuousWithinContinuous6

===========================================================================================
----------------- testing Thu Oct 10 05:50:58 UTC 2019 /home/travis/build/icyphy/ptII/ptolemy/domains/continuous/test/auto/ContinuousWithinContinuous7.xml
----------------- Instantiating /home/travis/build/icyphy/ptII/ptolemy/domains/continuous/test/auto/ContinuousWithinContinuous7.xml
52 ms. Memory: 257024K Free: 200882K (78%)
----------------- Invoking toplevel() on ptolemy.moml.MoMLSimpleApplication@780618b
----------------- Done invoking toplevel() on ptolemy.moml.MoMLSimpleApplication@780618b
reloadAllAccessors: .ContinuousWithinContinuous7

===========================================================================================
----------------- testing Thu Oct 10 05:50:58 UTC 2019 /home/travis/build/icyphy/ptII/ptolemy/domains/continuous/test/auto/DCMotor.xml
----------------- Instantiating /home/travis/build/icyphy/ptII/ptolemy/domains/continuous/test/auto/DCMotor.xml
12817 ms. Memory: 257024K Free: 183081K (71%)
----------------- Invoking toplevel() on ptolemy.moml.MoMLSimpleApplication@59fddc7a
----------------- Done invoking toplevel() on ptolemy.moml.MoMLSimpleApplication@59fddc7a
reloadAllAccessors: .DCMotor

===========================================================================================
----------------- testing Thu Oct 10 05:51:11 UTC 2019 /home/travis/build/icyphy/ptII/ptolemy/domains/continuous/test/auto/DEInContinuous.xml
----------------- Instantiating /home/travis/build/icyphy/ptII/ptolemy/domains/continuous/test/auto/DEInContinuous.xml
17 ms. Memory: 257024K Free: 176937K (69%)
----------------- Invoking toplevel() on ptolemy.moml.MoMLSimpleApplication@7de1774d
----------------- Done invoking toplevel() on ptolemy.moml.MoMLSimpleApplication@7de1774d
reloadAllAccessors: .DEInContinuous

===========================================================================================
----------------- testing Thu Oct 10 05:51:11 UTC 2019 /home/travis/build/icyphy/ptII/ptolemy/domains/continuous/test/auto/DEinContinuous2.xml
----------------- Instantiating /home/travis/build/icyphy/ptII/ptolemy/domains/continuous/test/auto/DEinContinuous2.xml
7 ms. Memory: 257024K Free: 168745K (66%)
----------------- Invoking toplevel() on ptolemy.moml.MoMLSimpleApplication@11d22650
----------------- Done invoking toplevel() on ptolemy.moml.MoMLSimpleApplication@11d22650
reloadAllAccessors: .DEinContinuous2

===========================================================================================
----------------- testing Thu Oct 10 05:51:11 UTC 2019 /home/travis/build/icyphy/ptII/ptolemy/domains/continuous/test/auto/Derivative.xml
----------------- Instantiating /home/travis/build/icyphy/ptII/ptolemy/domains/continuous/test/auto/Derivative.xml
136 ms. Memory: 257024K Free: 139559K (54%)
----------------- Invoking toplevel() on ptolemy.moml.MoMLSimpleApplication@8015f9e
----------------- Done invoking toplevel() on ptolemy.moml.MoMLSimpleApplication@8015f9e
reloadAllAccessors: .Derivative2

===========================================================================================
----------------- testing Thu Oct 10 05:51:11 UTC 2019 /home/travis/build/icyphy/ptII/ptolemy/domains/continuous/test/auto/Derivative1.xml
----------------- Instantiating /home/travis/build/icyphy/ptII/ptolemy/domains/continuous/test/auto/Derivative1.xml
16 ms. Memory: 257024K Free: 125223K (49%)
----------------- Invoking toplevel() on ptolemy.moml.MoMLSimpleApplication@46c273da
----------------- Done invoking toplevel() on ptolemy.moml.MoMLSimpleApplication@46c273da
reloadAllAccessors: .Derivative1

===========================================================================================
----------------- testing Thu Oct 10 05:51:11 UTC 2019 /home/travis/build/icyphy/ptII/ptolemy/domains/continuous/test/auto/DiscreteClock.xml
----------------- Instantiating /home/travis/build/icyphy/ptII/ptolemy/domains/continuous/test/auto/DiscreteClock.xml
4 ms. Memory: 257024K Free: 120103K (47%)
----------------- Invoking toplevel() on ptolemy.moml.MoMLSimpleApplication@1adf3b83
----------------- Done invoking toplevel() on ptolemy.moml.MoMLSimpleApplication@1adf3b83
reloadAllAccessors: .DiscreteClock

===========================================================================================
----------------- testing Thu Oct 10 05:51:11 UTC 2019 /home/travis/build/icyphy/ptII/ptolemy/domains/continuous/test/auto/EfficiencyCurve.xml
----------------- Instantiating /home/travis/build/icyphy/ptII/ptolemy/domains/continuous/test/auto/EfficiencyCurve.xml
75 ms. Memory: 257024K Free: 110887K (43%)
----------------- Invoking toplevel() on ptolemy.moml.MoMLSimpleApplication@446e7fc5
----------------- Done invoking toplevel() on ptolemy.moml.MoMLSimpleApplication@446e7fc5
reloadAllAccessors: .EfficiencyCurve

===========================================================================================
----------------- testing Thu Oct 10 05:51:12 UTC 2019 /home/travis/build/icyphy/ptII/ptolemy/domains/continuous/test/auto/ExponentialResponse.xml
----------------- Instantiating /home/travis/build/icyphy/ptII/ptolemy/domains/continuous/test/auto/ExponentialResponse.xml
134 ms. Memory: 257024K Free: 95017K (37%)
----------------- Invoking toplevel() on ptolemy.moml.MoMLSimpleApplication@10305f74
----------------- Done invoking toplevel() on ptolemy.moml.MoMLSimpleApplication@10305f74
reloadAllAccessors: .ExponentialResponse

===========================================================================================
----------------- testing Thu Oct 10 05:51:12 UTC 2019 /home/travis/build/icyphy/ptII/ptolemy/domains/continuous/test/auto/ExponentialResponseRK45.xml
----------------- Instantiating /home/travis/build/icyphy/ptII/ptolemy/domains/continuous/test/auto/ExponentialResponseRK45.xml
31 ms. Memory: 257024K Free: 241004K (94%)
----------------- Invoking toplevel() on ptolemy.moml.MoMLSimpleApplication@824eb80
----------------- Done invoking toplevel() on ptolemy.moml.MoMLSimpleApplication@824eb80
reloadAllAccessors: .ExponentialResponseRK45

===========================================================================================
----------------- testing Thu Oct 10 05:51:12 UTC 2019 /home/travis/build/icyphy/ptII/ptolemy/domains/continuous/test/auto/Friction.xml
----------------- Instantiating /home/travis/build/icyphy/ptII/ptolemy/domains/continuous/test/auto/Friction.xml
1503 ms. Memory: 257024K Free: 117766K (46%)
----------------- Invoking toplevel() on ptolemy.moml.MoMLSimpleApplication@69673b2f
----------------- Done invoking toplevel() on ptolemy.moml.MoMLSimpleApplication@69673b2f
reloadAllAccessors: .Friction

===========================================================================================
----------------- testing Thu Oct 10 05:51:13 UTC 2019 /home/travis/build/icyphy/ptII/ptolemy/domains/continuous/test/auto/FurutaPendulum.xml
----------------- Instantiating /home/travis/build/icyphy/ptII/ptolemy/domains/continuous/test/auto/FurutaPendulum.xml
3168 ms. Memory: 257024K Free: 231605K (90%)
----------------- Invoking toplevel() on ptolemy.moml.MoMLSimpleApplication@45f2de3c
----------------- Done invoking toplevel() on ptolemy.moml.MoMLSimpleApplication@45f2de3c
reloadAllAccessors: .FurutaPendulum

===========================================================================================
----------------- testing Thu Oct 10 05:51:17 UTC 2019 /home/travis/build/icyphy/ptII/ptolemy/domains/continuous/test/auto/HierarchicalExecution.xml
----------------- Instantiating /home/travis/build/icyphy/ptII/ptolemy/domains/continuous/test/auto/HierarchicalExecution.xml
1804 ms. Memory: 257024K Free: 103396K (40%)
----------------- Invoking toplevel() on ptolemy.moml.MoMLSimpleApplication@61caa87d
----------------- Done invoking toplevel() on ptolemy.moml.MoMLSimpleApplication@61caa87d
reloadAllAccessors: .HierarchicalExecution

===========================================================================================
----------------- testing Thu Oct 10 05:51:19 UTC 2019 /home/travis/build/icyphy/ptII/ptolemy/domains/continuous/test/auto/HybridPlant.xml
----------------- Instantiating /home/travis/build/icyphy/ptII/ptolemy/domains/continuous/test/auto/HybridPlant.xml
485 ms. Memory: 257024K Free: 144170K (56%)
----------------- Invoking toplevel() on ptolemy.moml.MoMLSimpleApplication@2fa49088
----------------- Done invoking toplevel() on ptolemy.moml.MoMLSimpleApplication@2fa49088
reloadAllAccessors: .HybridPlant

===========================================================================================
----------------- testing Thu Oct 10 05:51:19 UTC 2019 /home/travis/build/icyphy/ptII/ptolemy/domains/continuous/test/auto/Hysteresis.xml
----------------- Instantiating /home/travis/build/icyphy/ptII/ptolemy/domains/continuous/test/auto/Hysteresis.xml
147 ms. Memory: 257024K Free: 234493K (91%)
----------------- Invoking toplevel() on ptolemy.moml.MoMLSimpleApplication@7406847d
----------------- Done invoking toplevel() on ptolemy.moml.MoMLSimpleApplication@7406847d
reloadAllAccessors: .Hysteresis

===========================================================================================
----------------- testing Thu Oct 10 05:51:20 UTC 2019 /home/travis/build/icyphy/ptII/ptolemy/domains/continuous/test/auto/HysteresisWithRandomDelay.xml
----------------- Instantiating /home/travis/build/icyphy/ptII/ptolemy/domains/continuous/test/auto/HysteresisWithRandomDelay.xml
184 ms. Memory: 257024K Free: 162813K (63%)
----------------- Invoking toplevel() on ptolemy.moml.MoMLSimpleApplication@149eda3a
----------------- Done invoking toplevel() on ptolemy.moml.MoMLSimpleApplication@149eda3a
reloadAllAccessors: .HysteresisWithRandomDelay

===========================================================================================
----------------- testing Thu Oct 10 05:51:20 UTC 2019 /home/travis/build/icyphy/ptII/ptolemy/domains/continuous/test/auto/HysteresisWithRandomLosses.xml
----------------- Instantiating /home/travis/build/icyphy/ptII/ptolemy/domains/continuous/test/auto/HysteresisWithRandomLosses.xml
2382 ms. Memory: 257024K Free: 183727K (71%)
----------------- Invoking toplevel() on ptolemy.moml.MoMLSimpleApplication@5f7e504
----------------- Done invoking toplevel() on ptolemy.moml.MoMLSimpleApplication@5f7e504
reloadAllAccessors: .HysteresisWithRandomLosses

===========================================================================================
----------------- testing Thu Oct 10 05:51:22 UTC 2019 /home/travis/build/icyphy/ptII/ptolemy/domains/continuous/test/auto/ImmediateTransitions.xml
----------------- Instantiating /home/travis/build/icyphy/ptII/ptolemy/domains/continuous/test/auto/ImmediateTransitions.xml
10 ms. Memory: 257024K Free: 172463K (67%)
----------------- Invoking toplevel() on ptolemy.moml.MoMLSimpleApplication@7401aed5
----------------- Done invoking toplevel() on ptolemy.moml.MoMLSimpleApplication@7401aed5
reloadAllAccessors: .ImmediateTransitions

===========================================================================================
----------------- testing Thu Oct 10 05:51:22 UTC 2019 /home/travis/build/icyphy/ptII/ptolemy/domains/continuous/test/auto/ImpulseFeedback.xml
----------------- Instantiating /home/travis/build/icyphy/ptII/ptolemy/domains/continuous/test/auto/ImpulseFeedback.xml
8 ms. Memory: 257024K Free: 166829K (65%)
----------------- Invoking toplevel() on ptolemy.moml.MoMLSimpleApplication@56993e71
----------------- Done invoking toplevel() on ptolemy.moml.MoMLSimpleApplication@56993e71
reloadAllAccessors: .ImpulseFeedback

===========================================================================================
----------------- testing Thu Oct 10 05:51:22 UTC 2019 /home/travis/build/icyphy/ptII/ptolemy/domains/continuous/test/auto/ImpulseFeedback2.xml
----------------- Instantiating /home/travis/build/icyphy/ptII/ptolemy/domains/continuous/test/auto/ImpulseFeedback2.xml
5 ms. Memory: 257024K Free: 161199K (63%)
----------------- Invoking toplevel() on ptolemy.moml.MoMLSimpleApplication@6d481cb8
----------------- Done invoking toplevel() on ptolemy.moml.MoMLSimpleApplication@6d481cb8
reloadAllAccessors: .ImpulseFeedback2

===========================================================================================
----------------- testing Thu Oct 10 05:51:22 UTC 2019 /home/travis/build/icyphy/ptII/ptolemy/domains/continuous/test/auto/IncreasingRatePoisson.xml
----------------- Instantiating /home/travis/build/icyphy/ptII/ptolemy/domains/continuous/test/auto/IncreasingRatePoisson.xml
766 ms. Memory: 309248K Free: 238176K (77%)
----------------- Invoking toplevel() on ptolemy.moml.MoMLSimpleApplication@1898eef8
----------------- Done invoking toplevel() on ptolemy.moml.MoMLSimpleApplication@1898eef8
reloadAllAccessors: .IncreasingRatePoisson

===========================================================================================
----------------- testing Thu Oct 10 05:51:23 UTC 2019 /home/travis/build/icyphy/ptII/ptolemy/domains/continuous/test/auto/InitialStateFeedback.xml
----------------- Instantiating /home/travis/build/icyphy/ptII/ptolemy/domains/continuous/test/auto/InitialStateFeedback.xml
4 ms. Memory: 309248K Free: 233584K (76%)
----------------- Invoking toplevel() on ptolemy.moml.MoMLSimpleApplication@102d40af
----------------- Done invoking toplevel() on ptolemy.moml.MoMLSimpleApplication@102d40af
reloadAllAccessors: .InitialStateFeedback

===========================================================================================
----------------- testing Thu Oct 10 05:51:23 UTC 2019 /home/travis/build/icyphy/ptII/ptolemy/domains/continuous/test/auto/Integration.xml
----------------- Instantiating /home/travis/build/icyphy/ptII/ptolemy/domains/continuous/test/auto/Integration.xml
5 ms. Memory: 309248K Free: 229488K (74%)
----------------- Invoking toplevel() on ptolemy.moml.MoMLSimpleApplication@2268240f
----------------- Done invoking toplevel() on ptolemy.moml.MoMLSimpleApplication@2268240f
reloadAllAccessors: .Integration

===========================================================================================
----------------- testing Thu Oct 10 05:51:23 UTC 2019 /home/travis/build/icyphy/ptII/ptolemy/domains/continuous/test/auto/Integration2.xml
----------------- Instantiating /home/travis/build/icyphy/ptII/ptolemy/domains/continuous/test/auto/Integration2.xml
94 ms. Memory: 309248K Free: 215152K (70%)
----------------- Invoking toplevel() on ptolemy.moml.MoMLSimpleApplication@7004738a
----------------- Done invoking toplevel() on ptolemy.moml.MoMLSimpleApplication@7004738a
reloadAllAccessors: .Integration2

===========================================================================================
----------------- testing Thu Oct 10 05:51:23 UTC 2019 /home/travis/build/icyphy/ptII/ptolemy/domains/continuous/test/auto/Integration3.xml
----------------- Instantiating /home/travis/build/icyphy/ptII/ptolemy/domains/continuous/test/auto/Integration3.xml
2 ms. Memory: 309248K Free: 210528K (68%)
----------------- Invoking toplevel() on ptolemy.moml.MoMLSimpleApplication@f900d2a
----------------- Done invoking toplevel() on ptolemy.moml.MoMLSimpleApplication@f900d2a
reloadAllAccessors: .Integration3

===========================================================================================
----------------- testing Thu Oct 10 05:51:23 UTC 2019 /home/travis/build/icyphy/ptII/ptolemy/domains/continuous/test/auto/Integration5.xml
----------------- Instantiating /home/travis/build/icyphy/ptII/ptolemy/domains/continuous/test/auto/Integration5.xml
3 ms. Memory: 309248K Free: 206446K (67%)
----------------- Invoking toplevel() on ptolemy.moml.MoMLSimpleApplication@2bfa037
----------------- Done invoking toplevel() on ptolemy.moml.MoMLSimpleApplication@2bfa037
reloadAllAccessors: .Integration5

===========================================================================================
----------------- testing Thu Oct 10 05:51:23 UTC 2019 /home/travis/build/icyphy/ptII/ptolemy/domains/continuous/test/auto/IntegratorImpulse.xml
----------------- Instantiating /home/travis/build/icyphy/ptII/ptolemy/domains/continuous/test/auto/IntegratorImpulse.xml
7 ms. Memory: 309248K Free: 202350K (65%)
----------------- Invoking toplevel() on ptolemy.moml.MoMLSimpleApplication@2d1f5cdb
----------------- Done invoking toplevel() on ptolemy.moml.MoMLSimpleApplication@2d1f5cdb
reloadAllAccessors: .IntegratorImpulse

===========================================================================================
----------------- testing Thu Oct 10 05:51:23 UTC 2019 /home/travis/build/icyphy/ptII/ptolemy/domains/continuous/test/auto/IntegratorImpulse2.xml
----------------- Instantiating /home/travis/build/icyphy/ptII/ptolemy/domains/continuous/test/auto/IntegratorImpulse2.xml
7 ms. Memory: 309248K Free: 197744K (64%)
----------------- Invoking toplevel() on ptolemy.moml.MoMLSimpleApplication@443a2744
----------------- Done invoking toplevel() on ptolemy.moml.MoMLSimpleApplication@443a2744
reloadAllAccessors: .IntegratorImpulse2

===========================================================================================
----------------- testing Thu Oct 10 05:51:23 UTC 2019 /home/travis/build/icyphy/ptII/ptolemy/domains/continuous/test/auto/LevelCrossing1.xml
----------------- Instantiating /home/travis/build/icyphy/ptII/ptolemy/domains/continuous/test/auto/LevelCrossing1.xml
2 ms. Memory: 309248K Free: 192624K (62%)
----------------- Invoking toplevel() on ptolemy.moml.MoMLSimpleApplication@61008e8c
----------------- Done invoking toplevel() on ptolemy.moml.MoMLSimpleApplication@61008e8c
reloadAllAccessors: .LevelCrossing1

===========================================================================================
----------------- testing Thu Oct 10 05:51:23 UTC 2019 /home/travis/build/icyphy/ptII/ptolemy/domains/continuous/test/auto/LevelCrossing2.xml
----------------- Instantiating /home/travis/build/icyphy/ptII/ptolemy/domains/continuous/test/auto/LevelCrossing2.xml
4 ms. Memory: 309248K Free: 187504K (61%)
----------------- Invoking toplevel() on ptolemy.moml.MoMLSimpleApplication@aa4bbaf
----------------- Done invoking toplevel() on ptolemy.moml.MoMLSimpleApplication@aa4bbaf
reloadAllAccessors: .LevelCrossing2

===========================================================================================
----------------- testing Thu Oct 10 05:51:24 UTC 2019 /home/travis/build/icyphy/ptII/ptolemy/domains/continuous/test/auto/LevelCrossing3.xml
----------------- Instantiating /home/travis/build/icyphy/ptII/ptolemy/domains/continuous/test/auto/LevelCrossing3.xml
2 ms. Memory: 309248K Free: 182384K (59%)
----------------- Invoking toplevel() on ptolemy.moml.MoMLSimpleApplication@42aea58f
----------------- Done invoking toplevel() on ptolemy.moml.MoMLSimpleApplication@42aea58f
reloadAllAccessors: .LevelCrossing3

===========================================================================================
----------------- testing Thu Oct 10 05:51:24 UTC 2019 /home/travis/build/icyphy/ptII/ptolemy/domains/continuous/test/auto/LevelCrossing4.xml
----------------- Instantiating /home/travis/build/icyphy/ptII/ptolemy/domains/continuous/test/auto/LevelCrossing4.xml
4 ms. Memory: 309248K Free: 177264K (57%)
----------------- Invoking toplevel() on ptolemy.moml.MoMLSimpleApplication@485b8440
----------------- Done invoking toplevel() on ptolemy.moml.MoMLSimpleApplication@485b8440
reloadAllAccessors: .LevelCrossing4

===========================================================================================
----------------- testing Thu Oct 10 05:51:24 UTC 2019 /home/travis/build/icyphy/ptII/ptolemy/domains/continuous/test/auto/LevelCrossing5.xml
----------------- Instantiating /home/travis/build/icyphy/ptII/ptolemy/domains/continuous/test/auto/LevelCrossing5.xml
3 ms. Memory: 309248K Free: 172144K (56%)
----------------- Invoking toplevel() on ptolemy.moml.MoMLSimpleApplication@61909e82
----------------- Done invoking toplevel() on ptolemy.moml.MoMLSimpleApplication@61909e82
reloadAllAccessors: .LevelCrossing5

===========================================================================================
[...]
----------------- Instantiating /home/travis/build/icyphy/ptII/ptolemy/domains/continuous/test/auto/SRinContinuous.xml
5 ms. Memory: 309248K Free: 168866K (55%)
----------------- Invoking toplevel() on ptolemy.moml.MoMLSimpleApplication@18d646b8
----------------- Done invoking toplevel() on ptolemy.moml.MoMLSimpleApplication@18d646b8
reloadAllAccessors: .SRinContinuous

===========================================================================================
----------------- testing Thu Oct 10 05:51:41 UTC 2019 /home/travis/build/icyphy/ptII/ptolemy/domains/continuous/test/auto/SampledClocks.xml
----------------- Instantiating /home/travis/build/icyphy/ptII/ptolemy/domains/continuous/test/auto/SampledClocks.xml
7 ms. Memory: 309248K Free: 156068K (50%)
----------------- Invoking toplevel() on ptolemy.moml.MoMLSimpleApplication@43d9b401
----------------- Done invoking toplevel() on ptolemy.moml.MoMLSimpleApplication@43d9b401
reloadAllAccessors: .SampledClocks

===========================================================================================
----------------- testing Thu Oct 10 05:51:41 UTC 2019 /home/travis/build/icyphy/ptII/ptolemy/domains/continuous/test/auto/Satellite.xml
----------------- Instantiating /home/travis/build/icyphy/ptII/ptolemy/domains/continuous/test/auto/Satellite.xml
930 ms. Memory: 309248K Free: 144288K (47%)
----------------- Invoking toplevel() on ptolemy.moml.MoMLSimpleApplication@30804916
----------------- Done invoking toplevel() on ptolemy.moml.MoMLSimpleApplication@30804916
reloadAllAccessors: .Satellite

===========================================================================================
----------------- testing Thu Oct 10 05:51:42 UTC 2019 /home/travis/build/icyphy/ptII/ptolemy/domains/continuous/test/auto/SigmaDelta.xml
----------------- Instantiating /home/travis/build/icyphy/ptII/ptolemy/domains/continuous/test/auto/SigmaDelta.xml
2324 ms. Memory: 309248K Free: 245040K (79%)
----------------- Invoking toplevel() on ptolemy.moml.MoMLSimpleApplication@6a5ce4e8
----------------- Done invoking toplevel() on ptolemy.moml.MoMLSimpleApplication@6a5ce4e8
reloadAllAccessors: .SigmaDelta

===========================================================================================
----------------- testing Thu Oct 10 05:51:44 UTC 2019 /home/travis/build/icyphy/ptII/ptolemy/domains/continuous/test/auto/SingleRefinement.xml
----------------- Instantiating /home/travis/build/icyphy/ptII/ptolemy/domains/continuous/test/auto/SingleRefinement.xml
410 ms. Memory: 309248K Free: 245375K (79%)
----------------- Invoking toplevel() on ptolemy.moml.MoMLSimpleApplication@1cf6feb2
----------------- Done invoking toplevel() on ptolemy.moml.MoMLSimpleApplication@1cf6feb2
reloadAllAccessors: .SingleRefinement

===========================================================================================
----------------- testing Thu Oct 10 05:51:45 UTC 2019 /home/travis/build/icyphy/ptII/ptolemy/domains/continuous/test/auto/SinuBouncingBall.xml
----------------- Instantiating /home/travis/build/icyphy/ptII/ptolemy/domains/continuous/test/auto/SinuBouncingBall.xml
805 ms. Memory: 309248K Free: 211842K (69%)
----------------- Invoking toplevel() on ptolemy.moml.MoMLSimpleApplication@1d097ba
----------------- Done invoking toplevel() on ptolemy.moml.MoMLSimpleApplication@1d097ba
reloadAllAccessors: .SinuBouncingBall

===========================================================================================
----------------- testing Thu Oct 10 05:51:46 UTC 2019 /home/travis/build/icyphy/ptII/ptolemy/domains/continuous/test/auto/Sinusoid.xml
----------------- Instantiating /home/travis/build/icyphy/ptII/ptolemy/domains/continuous/test/auto/Sinusoid.xml
5 ms. Memory: 309248K Free: 207242K (67%)
----------------- Invoking toplevel() on ptolemy.moml.MoMLSimpleApplication@71b58192
----------------- Done invoking toplevel() on ptolemy.moml.MoMLSimpleApplication@71b58192
reloadAllAccessors: .Sinusoid

===========================================================================================
----------------- testing Thu Oct 10 05:51:46 UTC 2019 /home/travis/build/icyphy/ptII/ptolemy/domains/continuous/test/auto/SinusoidInNoise.xml
----------------- Instantiating /home/travis/build/icyphy/ptII/ptolemy/domains/continuous/test/auto/SinusoidInNoise.xml
1024 ms. Memory: 309248K Free: 256116K (83%)
----------------- Invoking toplevel() on ptolemy.moml.MoMLSimpleApplication@375146dc
----------------- Done invoking toplevel() on ptolemy.moml.MoMLSimpleApplication@375146dc
reloadAllAccessors: .SinusoidInNoise

===========================================================================================
----------------- testing Thu Oct 10 05:51:47 UTC 2019 /home/travis/build/icyphy/ptII/ptolemy/domains/continuous/test/auto/SinusoidRK45.xml
----------------- Instantiating /home/travis/build/icyphy/ptII/ptolemy/domains/continuous/test/auto/SinusoidRK45.xml
2 ms. Memory: 309248K Free: 251492K (81%)
----------------- Invoking toplevel() on ptolemy.moml.MoMLSimpleApplication@65578ec4
----------------- Done invoking toplevel() on ptolemy.moml.MoMLSimpleApplication@65578ec4
reloadAllAccessors: .SinusoidRK45

===========================================================================================
----------------- testing Thu Oct 10 05:51:47 UTC 2019 /home/travis/build/icyphy/ptII/ptolemy/domains/continuous/test/auto/SinusoidWithMultipleImpulses.xml
----------------- Instantiating /home/travis/build/icyphy/ptII/ptolemy/domains/continuous/test/auto/SinusoidWithMultipleImpulses.xml
4 ms. Memory: 309248K Free: 246900K (80%)
----------------- Invoking toplevel() on ptolemy.moml.MoMLSimpleApplication@13a6f661
----------------- Done invoking toplevel() on ptolemy.moml.MoMLSimpleApplication@13a6f661
reloadAllAccessors: .SinusoidWithMultipleImpulses

===========================================================================================
----------------- testing Thu Oct 10 05:51:47 UTC 2019 /home/travis/build/icyphy/ptII/ptolemy/domains/continuous/test/auto/SquareWave.xml
----------------- Instantiating /home/travis/build/icyphy/ptII/ptolemy/domains/continuous/test/auto/SquareWave.xml
172 ms. Memory: 309248K Free: 219252K (71%)
----------------- Invoking toplevel() on ptolemy.moml.MoMLSimpleApplication@507d248d
----------------- Done invoking toplevel() on ptolemy.moml.MoMLSimpleApplication@507d248d
reloadAllAccessors: .SquareWave

===========================================================================================
----------------- testing Thu Oct 10 05:51:47 UTC 2019 /home/travis/build/icyphy/ptII/ptolemy/domains/continuous/test/auto/Starmac.xml
----------------- Instantiating /home/travis/build/icyphy/ptII/ptolemy/domains/continuous/test/auto/Starmac.xml
3078 ms. Memory: 309248K Free: 267445K (86%)
----------------- Invoking toplevel() on ptolemy.moml.MoMLSimpleApplication@1a0c7997
----------------- Done invoking toplevel() on ptolemy.moml.MoMLSimpleApplication@1a0c7997
reloadAllAccessors: .Starmac

===========================================================================================
----------------- testing Thu Oct 10 05:51:50 UTC 2019 /home/travis/build/icyphy/ptII/ptolemy/domains/continuous/test/auto/StaticUnits.xml
----------------- Instantiating /home/travis/build/icyphy/ptII/ptolemy/domains/continuous/test/auto/StaticUnits.xml
2114 ms. Memory: 309248K Free: 169496K (55%)
----------------- Invoking toplevel() on ptolemy.moml.MoMLSimpleApplication@a3a263
----------------- Done invoking toplevel() on ptolemy.moml.MoMLSimpleApplication@a3a263
reloadAllAccessors: .StaticUnits

===========================================================================================
----------------- testing Thu Oct 10 05:51:53 UTC 2019 /home/travis/build/icyphy/ptII/ptolemy/domains/continuous/test/auto/StickyMasses.xml
----------------- Instantiating /home/travis/build/icyphy/ptII/ptolemy/domains/continuous/test/auto/StickyMasses.xml
166 ms. Memory: 309248K Free: 119830K (39%)
----------------- Invoking toplevel() on ptolemy.moml.MoMLSimpleApplication@7d9b05d7
----------------- Done invoking toplevel() on ptolemy.moml.MoMLSimpleApplication@7d9b05d7
reloadAllAccessors: .StickyMasses

===========================================================================================
----------------- testing Thu Oct 10 05:51:53 UTC 2019 /home/travis/build/icyphy/ptII/ptolemy/domains/continuous/test/auto/StopTime.xml
----------------- Instantiating /home/travis/build/icyphy/ptII/ptolemy/domains/continuous/test/auto/StopTime.xml
58 ms. Memory: 309248K Free: 274683K (89%)
----------------- Invoking toplevel() on ptolemy.moml.MoMLSimpleApplication@4a3a855b
----------------- Done invoking toplevel() on ptolemy.moml.MoMLSimpleApplication@4a3a855b
reloadAllAccessors: .StopTime

===========================================================================================
----------------- testing Thu Oct 10 05:51:53 UTC 2019 /home/travis/build/icyphy/ptII/ptolemy/domains/continuous/test/auto/StopTime2.xml
----------------- Instantiating /home/travis/build/icyphy/ptII/ptolemy/domains/continuous/test/auto/StopTime2.xml
34 ms. Memory: 309248K Free: 251919K (81%)
----------------- Invoking toplevel() on ptolemy.moml.MoMLSimpleApplication@50fc379c
----------------- Done invoking toplevel() on ptolemy.moml.MoMLSimpleApplication@50fc379c
reloadAllAccessors: .StopTime2

===========================================================================================
----------------- testing Thu Oct 10 05:51:53 UTC 2019 /home/travis/build/icyphy/ptII/ptolemy/domains/continuous/test/auto/Switch.xml
----------------- Instantiating /home/travis/build/icyphy/ptII/ptolemy/domains/continuous/test/auto/Switch.xml
41 ms. Memory: 309248K Free: 226833K (73%)
----------------- Invoking toplevel() on ptolemy.moml.MoMLSimpleApplication@9af7b35
----------------- Done invoking toplevel() on ptolemy.moml.MoMLSimpleApplication@9af7b35
reloadAllAccessors: .Switch

===========================================================================================
----------------- testing Thu Oct 10 05:51:53 UTC 2019 /home/travis/build/icyphy/ptII/ptolemy/domains/continuous/test/auto/Thermostat.xml
----------------- Instantiating /home/travis/build/icyphy/ptII/ptolemy/domains/continuous/test/auto/Thermostat.xml
175 ms. Memory: 309248K Free: 154639K (50%)
----------------- Invoking toplevel() on ptolemy.moml.MoMLSimpleApplication@7cc2b358
----------------- Done invoking toplevel() on ptolemy.moml.MoMLSimpleApplication@7cc2b358
reloadAllAccessors: .Thermostat

===========================================================================================
----------------- testing Thu Oct 10 05:51:53 UTC 2019 /home/travis/build/icyphy/ptII/ptolemy/domains/continuous/test/auto/TimeDelay.xml
----------------- Instantiating /home/travis/build/icyphy/ptII/ptolemy/domains/continuous/test/auto/TimeDelay.xml
6 ms. Memory: 309248K Free: 150033K (49%)
----------------- Invoking toplevel() on ptolemy.moml.MoMLSimpleApplication@5c64660
----------------- Done invoking toplevel() on ptolemy.moml.MoMLSimpleApplication@5c64660
reloadAllAccessors: .TimeDelay

===========================================================================================
----------------- testing Thu Oct 10 05:51:54 UTC 2019 /home/travis/build/icyphy/ptII/ptolemy/domains/continuous/test/auto/TimeDelay2.xml
----------------- Instantiating /home/travis/build/icyphy/ptII/ptolemy/domains/continuous/test/auto/TimeDelay2.xml
7 ms. Memory: 309248K Free: 140303K (45%)
----------------- Invoking toplevel() on ptolemy.moml.MoMLSimpleApplication@5615ee1
----------------- Done invoking toplevel() on ptolemy.moml.MoMLSimpleApplication@5615ee1
reloadAllAccessors: .TimeDelay2

===========================================================================================
----------------- testing Thu Oct 10 05:51:54 UTC 2019 /home/travis/build/icyphy/ptII/ptolemy/domains/continuous/test/auto/TimeDelay3.xml
----------------- Instantiating /home/travis/build/icyphy/ptII/ptolemy/domains/continuous/test/auto/TimeDelay3.xml
5 ms. Memory: 309248K Free: 135695K (44%)
----------------- Invoking toplevel() on ptolemy.moml.MoMLSimpleApplication@37e1a3af
----------------- Done invoking toplevel() on ptolemy.moml.MoMLSimpleApplication@37e1a3af
reloadAllAccessors: .TimeDelay3

===========================================================================================
----------------- testing Thu Oct 10 05:51:54 UTC 2019 /home/travis/build/icyphy/ptII/ptolemy/domains/continuous/test/auto/TransferAbsentToInside.xml
----------------- Instantiating /home/travis/build/icyphy/ptII/ptolemy/domains/continuous/test/auto/TransferAbsentToInside.xml
49 ms. Memory: 309248K Free: 262157K (85%)
----------------- Invoking toplevel() on ptolemy.moml.MoMLSimpleApplication@759c813f
----------------- Done invoking toplevel() on ptolemy.moml.MoMLSimpleApplication@759c813f
reloadAllAccessors: .TransferAbsentToInside

===========================================================================================
----------------- testing Thu Oct 10 05:51:54 UTC 2019 /home/travis/build/icyphy/ptII/ptolemy/domains/continuous/test/auto/Transmission.xml
----------------- Instantiating /home/travis/build/icyphy/ptII/ptolemy/domains/continuous/test/auto/Transmission.xml
744 ms. Memory: 309248K Free: 209920K (68%)
----------------- Invoking toplevel() on ptolemy.moml.MoMLSimpleApplication@3b9894bb
----------------- Done invoking toplevel() on ptolemy.moml.MoMLSimpleApplication@3b9894bb
reloadAllAccessors: .Transmission

===========================================================================================
----------------- testing Thu Oct 10 05:51:54 UTC 2019 /home/travis/build/icyphy/ptII/ptolemy/domains/continuous/test/auto/TriggeredContinuousClock.xml
----------------- Instantiating /home/travis/build/icyphy/ptII/ptolemy/domains/continuous/test/auto/TriggeredContinuousClock.xml
34 ms. Memory: 309248K Free: 180224K (58%)
----------------- Invoking toplevel() on ptolemy.moml.MoMLSimpleApplication@68dfda3a
----------------- Done invoking toplevel() on ptolemy.moml.MoMLSimpleApplication@68dfda3a
reloadAllAccessors: .TriggeredContinuousClock

===========================================================================================
----------------- testing Thu Oct 10 05:51:55 UTC 2019 /home/travis/build/icyphy/ptII/ptolemy/domains/continuous/test/auto/TwoMachineInfiniteBusControl.xml
----------------- Instantiating /home/travis/build/icyphy/ptII/ptolemy/domains/continuous/test/auto/TwoMachineInfiniteBusControl.xml
3185 ms. Memory: 309248K Free: 141756K (46%)
----------------- Invoking toplevel() on ptolemy.moml.MoMLSimpleApplication@5926849b
----------------- Done invoking toplevel() on ptolemy.moml.MoMLSimpleApplication@5926849b
reloadAllAccessors: .TwoMachineInfiniteBusControl

===========================================================================================
----------------- testing Thu Oct 10 05:51:58 UTC 2019 /home/travis/build/icyphy/ptII/ptolemy/domains/continuous/test/auto/V2V.xml
----------------- Instantiating /home/travis/build/icyphy/ptII/ptolemy/domains/continuous/test/auto/V2V.xml
859 ms. Memory: 371712K Free: 195557K (53%)
----------------- Invoking toplevel() on ptolemy.moml.MoMLSimpleApplication@963b2f3
----------------- Done invoking toplevel() on ptolemy.moml.MoMLSimpleApplication@963b2f3
reloadAllAccessors: .V2V

===========================================================================================
----------------- testing Thu Oct 10 05:51:59 UTC 2019 /home/travis/build/icyphy/ptII/ptolemy/domains/continuous/test/auto/hierarchicalModalModel.xml
----------------- Instantiating /home/travis/build/icyphy/ptII/ptolemy/domains/continuous/test/auto/hierarchicalModalModel.xml
8 ms. Memory: 371712K Free: 181685K (49%)
----------------- Invoking toplevel() on ptolemy.moml.MoMLSimpleApplication@5a569e75
----------------- Done invoking toplevel() on ptolemy.moml.MoMLSimpleApplication@5a569e75
reloadAllAccessors: .hierarchicalModalModel

===========================================================================================
----------------- testing Thu Oct 10 05:51:59 UTC 2019 /home/travis/build/icyphy/ptII/ptolemy/domains/continuous/test/auto/hierarchicalModalModel1.xml
----------------- Instantiating /home/travis/build/icyphy/ptII/ptolemy/domains/continuous/test/auto/hierarchicalModalModel1.xml
8 ms. Memory: 371712K Free: 167363K (45%)
----------------- Invoking toplevel() on ptolemy.moml.MoMLSimpleApplication@1208fc07
----------------- Done invoking toplevel() on ptolemy.moml.MoMLSimpleApplication@1208fc07
reloadAllAccessors: .hierarchicalModalModel1

===========================================================================================
----------------- testing Thu Oct 10 05:51:59 UTC 2019 /home/travis/build/icyphy/ptII/ptolemy/domains/continuous/test/auto/hierarchicalModalModel2.xml
----------------- Instantiating /home/travis/build/icyphy/ptII/ptolemy/domains/continuous/test/auto/hierarchicalModalModel2.xml
7 ms. Memory: 371712K Free: 155061K (42%)
----------------- Invoking toplevel() on ptolemy.moml.MoMLSimpleApplication@120d34a3
----------------- Done invoking toplevel() on ptolemy.moml.MoMLSimpleApplication@120d34a3
reloadAllAccessors: .hierarchicalModalModel2

===========================================================================================
----------------- testing Thu Oct 10 05:51:59 UTC 2019 /home/travis/build/icyphy/ptII/ptolemy/domains/continuous/test/auto/hierarchicalModalModel3.xml
----------------- Instantiating /home/travis/build/icyphy/ptII/ptolemy/domains/continuous/test/auto/hierarchicalModalModel3.xml
5 ms. Memory: 371712K Free: 144325K (39%)
----------------- Invoking toplevel() on ptolemy.moml.MoMLSimpleApplication@7c5dd27d
----------------- Done invoking toplevel() on ptolemy.moml.MoMLSimpleApplication@7c5dd27d
reloadAllAccessors: .hierarchicalModalModel3

===========================================================================================
----------------- testing Thu Oct 10 05:51:59 UTC 2019 /home/travis/build/icyphy/ptII/ptolemy/domains/continuous/test/auto/hierarchicalModalModel4.xml
----------------- Instantiating /home/travis/build/icyphy/ptII/ptolemy/domains/continuous/test/auto/hierarchicalModalModel4.xml
15 ms. Memory: 371712K Free: 349114K (94%)
----------------- Invoking toplevel() on ptolemy.moml.MoMLSimpleApplication@7f10e50a
----------------- Done invoking toplevel() on ptolemy.moml.MoMLSimpleApplication@7f10e50a
reloadAllAccessors: .hierarchicalModalModel4

===========================================================================================
----------------- testing Thu Oct 10 05:51:59 UTC 2019 /home/travis/build/icyphy/ptII/ptolemy/domains/continuous/test/auto/junk.xml
----------------- Instantiating /home/travis/build/icyphy/ptII/ptolemy/domains/continuous/test/auto/junk.xml
143 ms. Memory: 371712K Free: 320957K (86%)
----------------- Invoking toplevel() on ptolemy.moml.MoMLSimpleApplication@32c0faa7
----------------- Done invoking toplevel() on ptolemy.moml.MoMLSimpleApplication@32c0faa7
reloadAllAccessors: .junk
AutoTests.java: About to close Vertx.
AutoTests.java: Vertx closed.
]]></system-out>
  <system-err><![CDATA[Warning: '.HysteresisWithRandomDelay.NonStrictTest' The test produced only 221 tokens, yet the correctValues parameter was expecting 222 tokens.
Warning: '.HysteresisWithRandomDelay.NonStrictTest2' The test produced only 220 tokens, yet the correctValues parameter was expecting 221 tokens.
Warning: '.HysteresisWithRandomDelay.NonStrictTest3' The test produced only 27 tokens, yet the correctValues parameter was expecting 30 tokens.
Warning: '.Poisson.NonStrictTest' The test produced only 421 tokens, yet the correctValues parameter was expecting 430 tokens.
]]></system-err>
</testsuite>
