<?xml version="1.0" encoding="UTF-8" ?>
<testsuite errors="0" failures="0" hostname="travis-job-6b48bc4f-f152-4ad9-992c-b59bb3b0de04" name="ptolemy.domains.continuous.test.junit.JUnitTclTest" skipped="0" tests="155" time="78.097" timestamp="2018-08-13T01:57:30">
  <properties>
[...]
</properties>
  <testcase classname="ptolemy.util.test.junit.TclTests" name="[0] ThereAreNoTclTests (RunTclFile)" time="0.002" />
  <testcase classname="ptolemy.util.test.junit.AutoKnownFailedTests" name="[0] ThereAreNoKnowFailedTests (RunModel)" time="0.001" />
  <testcase classname="ptolemy.util.test.junit.AutoNameArchTests" name="[0] ThereAreNoAutoArchTests (RunModel)" time="0.002" />
  <testcase classname="ptolemy.util.test.junit.AutoTests" name="[0] /home/travis/build/icyphy/ptII/ptolemy/domains/continuous/test/auto/BouncingBall.xml (RunModel)" time="2.786" />
  <testcase classname="ptolemy.util.test.junit.AutoTests" name="[1] /home/travis/build/icyphy/ptII/ptolemy/domains/continuous/test/auto/BouncingBallWithoutGR.xml (RunModel)" time="1.009" />
  <testcase classname="ptolemy.util.test.junit.AutoTests" name="[2] /home/travis/build/icyphy/ptII/ptolemy/domains/continuous/test/auto/Brownian.xml (RunModel)" time="0.091" />
  <testcase classname="ptolemy.util.test.junit.AutoTests" name="[3] /home/travis/build/icyphy/ptII/ptolemy/domains/continuous/test/auto/CarTracking.xml (RunModel)" time="3.829" />
  <testcase classname="ptolemy.util.test.junit.AutoTests" name="[4] /home/travis/build/icyphy/ptII/ptolemy/domains/continuous/test/auto/CartPendulum.xml (RunModel)" time="0.548" />
  <testcase classname="ptolemy.util.test.junit.AutoTests" name="[5] /home/travis/build/icyphy/ptII/ptolemy/domains/continuous/test/auto/CausalityInterface10.xml (RunModel)" time="0.057" />
  <testcase classname="ptolemy.util.test.junit.AutoTests" name="[6] /home/travis/build/icyphy/ptII/ptolemy/domains/continuous/test/auto/CausalityInterface11.xml (RunModel)" time="0.036" />
  <testcase classname="ptolemy.util.test.junit.AutoTests" name="[7] /home/travis/build/icyphy/ptII/ptolemy/domains/continuous/test/auto/CausalityInterface12.xml (RunModel)" time="0.04" />
  <testcase classname="ptolemy.util.test.junit.AutoTests" name="[8] /home/travis/build/icyphy/ptII/ptolemy/domains/continuous/test/auto/CausalityInterface13.xml (RunModel)" time="0.04" />
  <testcase classname="ptolemy.util.test.junit.AutoTests" name="[9] /home/travis/build/icyphy/ptII/ptolemy/domains/continuous/test/auto/CausalityInterface14.xml (RunModel)" time="0.036" />
  <testcase classname="ptolemy.util.test.junit.AutoTests" name="[10] /home/travis/build/icyphy/ptII/ptolemy/domains/continuous/test/auto/CausalityInterface4.xml (RunModel)" time="0.035" />
  <testcase classname="ptolemy.util.test.junit.AutoTests" name="[11] /home/travis/build/icyphy/ptII/ptolemy/domains/continuous/test/auto/CausalityInterface5.xml (RunModel)" time="0.047" />
  <testcase classname="ptolemy.util.test.junit.AutoTests" name="[12] /home/travis/build/icyphy/ptII/ptolemy/domains/continuous/test/auto/CausalityInterface6.xml (RunModel)" time="0.037" />
  <testcase classname="ptolemy.util.test.junit.AutoTests" name="[13] /home/travis/build/icyphy/ptII/ptolemy/domains/continuous/test/auto/CausalityInterface7.xml (RunModel)" time="0.053" />
  <testcase classname="ptolemy.util.test.junit.AutoTests" name="[14] /home/travis/build/icyphy/ptII/ptolemy/domains/continuous/test/auto/CausalityInterface8.xml (RunModel)" time="0.044" />
  <testcase classname="ptolemy.util.test.junit.AutoTests" name="[15] /home/travis/build/icyphy/ptII/ptolemy/domains/continuous/test/auto/CausalityInterface9.xml (RunModel)" time="0.051" />
  <testcase classname="ptolemy.util.test.junit.AutoTests" name="[16] /home/travis/build/icyphy/ptII/ptolemy/domains/continuous/test/auto/CausalityInterfaceFeedback1.xml (RunModel)" time="0.033" />
  <testcase classname="ptolemy.util.test.junit.AutoTests" name="[17] /home/travis/build/icyphy/ptII/ptolemy/domains/continuous/test/auto/CausalityInterfaceFeedback2.xml (RunModel)" time="0.04" />
  <testcase classname="ptolemy.util.test.junit.AutoTests" name="[18] /home/travis/build/icyphy/ptII/ptolemy/domains/continuous/test/auto/CompareWithCurrentTime.xml (RunModel)" time="0.029" />
  <testcase classname="ptolemy.util.test.junit.AutoTests" name="[19] /home/travis/build/icyphy/ptII/ptolemy/domains/continuous/test/auto/ComparedClocks.xml (RunModel)" time="0.082" />
  <testcase classname="ptolemy.util.test.junit.AutoTests" name="[20] /home/travis/build/icyphy/ptII/ptolemy/domains/continuous/test/auto/ContinuousAOCClone.xml (RunModel)" time="2.825" />
  <testcase classname="ptolemy.util.test.junit.AutoTests" name="[21] /home/travis/build/icyphy/ptII/ptolemy/domains/continuous/test/auto/ContinuousClock.xml (RunModel)" time="0.1" />
  <testcase classname="ptolemy.util.test.junit.AutoTests" name="[22] /home/travis/build/icyphy/ptII/ptolemy/domains/continuous/test/auto/ContinuousInContinuous.xml (RunModel)" time="0.092" />
  <testcase classname="ptolemy.util.test.junit.AutoTests" name="[23] /home/travis/build/icyphy/ptII/ptolemy/domains/continuous/test/auto/ContinuousInContinuousInContinuous.xml (RunModel)" time="0.032" />
  <testcase classname="ptolemy.util.test.junit.AutoTests" name="[24] /home/travis/build/icyphy/ptII/ptolemy/domains/continuous/test/auto/ContinuousInDE.xml (RunModel)" time="0.153" />
  <testcase classname="ptolemy.util.test.junit.AutoTests" name="[25] /home/travis/build/icyphy/ptII/ptolemy/domains/continuous/test/auto/ContinuousInDE2.xml (RunModel)" time="0.056" />
  <testcase classname="ptolemy.util.test.junit.AutoTests" name="[26] /home/travis/build/icyphy/ptII/ptolemy/domains/continuous/test/auto/ContinuousInDE3.xml (RunModel)" time="0.065" />
  <testcase classname="ptolemy.util.test.junit.AutoTests" name="[27] /home/travis/build/icyphy/ptII/ptolemy/domains/continuous/test/auto/ContinuousInDE4.xml (RunModel)" time="0.043" />
  <testcase classname="ptolemy.util.test.junit.AutoTests" name="[28] /home/travis/build/icyphy/ptII/ptolemy/domains/continuous/test/auto/ContinuousInDEDifferentRefinements.xml (RunModel)" time="0.122" />
  <testcase classname="ptolemy.util.test.junit.AutoTests" name="[29] /home/travis/build/icyphy/ptII/ptolemy/domains/continuous/test/auto/ContinuousInDEDifferentRefinementsPreemptive.xml (RunModel)" time="0.096" />
  <testcase classname="ptolemy.util.test.junit.AutoTests" name="[30] /home/travis/build/icyphy/ptII/ptolemy/domains/continuous/test/auto/ContinuousInDEInContinuous2.xml (RunModel)" time="0.066" />
  <testcase classname="ptolemy.util.test.junit.AutoTests" name="[31] /home/travis/build/icyphy/ptII/ptolemy/domains/continuous/test/auto/ContinuousInDEInContinuous3.xml (RunModel)" time="0.078" />
  <testcase classname="ptolemy.util.test.junit.AutoTests" name="[32] /home/travis/build/icyphy/ptII/ptolemy/domains/continuous/test/auto/ContinuousInDEInput.xml (RunModel)" time="0.036" />
  <testcase classname="ptolemy.util.test.junit.AutoTests" name="[33] /home/travis/build/icyphy/ptII/ptolemy/domains/continuous/test/auto/ContinuousInDEInput2.xml (RunModel)" time="0.042" />
  <testcase classname="ptolemy.util.test.junit.AutoTests" name="[34] /home/travis/build/icyphy/ptII/ptolemy/domains/continuous/test/auto/ContinuousInDEInput3.xml (RunModel)" time="0.036" />
  <testcase classname="ptolemy.util.test.junit.AutoTests" name="[35] /home/travis/build/icyphy/ptII/ptolemy/domains/continuous/test/auto/ContinuousInDESharingRefinement.xml (RunModel)" time="0.197" />
  <testcase classname="ptolemy.util.test.junit.AutoTests" name="[36] /home/travis/build/icyphy/ptII/ptolemy/domains/continuous/test/auto/ContinuousInDEwithNoPorts.xml (RunModel)" time="0.022" />
  <testcase classname="ptolemy.util.test.junit.AutoTests" name="[37] /home/travis/build/icyphy/ptII/ptolemy/domains/continuous/test/auto/ContinuousInsideDE.xml (RunModel)" time="0.076" />
  <testcase classname="ptolemy.util.test.junit.AutoTests" name="[38] /home/travis/build/icyphy/ptII/ptolemy/domains/continuous/test/auto/ContinuousMerge1.xml (RunModel)" time="0.019" />
  <testcase classname="ptolemy.util.test.junit.AutoTests" name="[39] /home/travis/build/icyphy/ptII/ptolemy/domains/continuous/test/auto/ContinuousMerge2.xml (RunModel)" time="0.057" />
  <testcase classname="ptolemy.util.test.junit.AutoTests" name="[40] /home/travis/build/icyphy/ptII/ptolemy/domains/continuous/test/auto/ContinuousMerge3.xml (RunModel)" time="0.076" />
  <testcase classname="ptolemy.util.test.junit.AutoTests" name="[41] /home/travis/build/icyphy/ptII/ptolemy/domains/continuous/test/auto/ContinuousWithinContinuous.xml (RunModel)" time="0.065" />
  <testcase classname="ptolemy.util.test.junit.AutoTests" name="[42] /home/travis/build/icyphy/ptII/ptolemy/domains/continuous/test/auto/ContinuousWithinContinuous2.xml (RunModel)" time="0.093" />
  <testcase classname="ptolemy.util.test.junit.AutoTests" name="[43] /home/travis/build/icyphy/ptII/ptolemy/domains/continuous/test/auto/ContinuousWithinContinuous3.xml (RunModel)" time="0.042" />
  <testcase classname="ptolemy.util.test.junit.AutoTests" name="[44] /home/travis/build/icyphy/ptII/ptolemy/domains/continuous/test/auto/ContinuousWithinContinuous4.xml (RunModel)" time="0.089" />
  <testcase classname="ptolemy.util.test.junit.AutoTests" name="[45] /home/travis/build/icyphy/ptII/ptolemy/domains/continuous/test/auto/ContinuousWithinContinuous5.xml (RunModel)" time="0.038" />
  <testcase classname="ptolemy.util.test.junit.AutoTests" name="[46] /home/travis/build/icyphy/ptII/ptolemy/domains/continuous/test/auto/ContinuousWithinContinuous6.xml (RunModel)" time="0.063" />
  <testcase classname="ptolemy.util.test.junit.AutoTests" name="[47] /home/travis/build/icyphy/ptII/ptolemy/domains/continuous/test/auto/ContinuousWithinContinuous7.xml (RunModel)" time="0.079" />
  <testcase classname="ptolemy.util.test.junit.AutoTests" name="[48] /home/travis/build/icyphy/ptII/ptolemy/domains/continuous/test/auto/DCMotor.xml (RunModel)" time="15.036" />
  <testcase classname="ptolemy.util.test.junit.AutoTests" name="[49] /home/travis/build/icyphy/ptII/ptolemy/domains/continuous/test/auto/DEInContinuous.xml (RunModel)" time="0.029" />
  <testcase classname="ptolemy.util.test.junit.AutoTests" name="[50] /home/travis/build/icyphy/ptII/ptolemy/domains/continuous/test/auto/DEinContinuous2.xml (RunModel)" time="0.033" />
  <testcase classname="ptolemy.util.test.junit.AutoTests" name="[51] /home/travis/build/icyphy/ptII/ptolemy/domains/continuous/test/auto/Derivative.xml (RunModel)" time="0.233" />
  <testcase classname="ptolemy.util.test.junit.AutoTests" name="[52] /home/travis/build/icyphy/ptII/ptolemy/domains/continuous/test/auto/Derivative1.xml (RunModel)" time="0.052" />
  <testcase classname="ptolemy.util.test.junit.AutoTests" name="[53] /home/travis/build/icyphy/ptII/ptolemy/domains/continuous/test/auto/DiscreteClock.xml (RunModel)" time="0.018" />
  <testcase classname="ptolemy.util.test.junit.AutoTests" name="[54] /home/travis/build/icyphy/ptII/ptolemy/domains/continuous/test/auto/EfficiencyCurve.xml (RunModel)" time="0.11" />
  <testcase classname="ptolemy.util.test.junit.AutoTests" name="[55] /home/travis/build/icyphy/ptII/ptolemy/domains/continuous/test/auto/ExponentialResponse.xml (RunModel)" time="0.147" />
  <testcase classname="ptolemy.util.test.junit.AutoTests" name="[56] /home/travis/build/icyphy/ptII/ptolemy/domains/continuous/test/auto/ExponentialResponseRK45.xml (RunModel)" time="0.038" />
  <testcase classname="ptolemy.util.test.junit.AutoTests" name="[57] /home/travis/build/icyphy/ptII/ptolemy/domains/continuous/test/auto/Friction.xml (RunModel)" time="1.686" />
  <testcase classname="ptolemy.util.test.junit.AutoTests" name="[58] /home/travis/build/icyphy/ptII/ptolemy/domains/continuous/test/auto/FurutaPendulum.xml (RunModel)" time="3.968" />
  <testcase classname="ptolemy.util.test.junit.AutoTests" name="[59] /home/travis/build/icyphy/ptII/ptolemy/domains/continuous/test/auto/HierarchicalExecution.xml (RunModel)" time="2.476" />
  <testcase classname="ptolemy.util.test.junit.AutoTests" name="[60] /home/travis/build/icyphy/ptII/ptolemy/domains/continuous/test/auto/HybridPlant.xml (RunModel)" time="0.614" />
  <testcase classname="ptolemy.util.test.junit.AutoTests" name="[61] /home/travis/build/icyphy/ptII/ptolemy/domains/continuous/test/auto/Hysteresis.xml (RunModel)" time="0.197" />
  <testcase classname="ptolemy.util.test.junit.AutoTests" name="[62] /home/travis/build/icyphy/ptII/ptolemy/domains/continuous/test/auto/HysteresisWithRandomDelay.xml (RunModel)" time="0.244" />
  <testcase classname="ptolemy.util.test.junit.AutoTests" name="[63] /home/travis/build/icyphy/ptII/ptolemy/domains/continuous/test/auto/HysteresisWithRandomLosses.xml (RunModel)" time="2.557" />
  <testcase classname="ptolemy.util.test.junit.AutoTests" name="[64] /home/travis/build/icyphy/ptII/ptolemy/domains/continuous/test/auto/ImmediateTransitions.xml (RunModel)" time="0.029" />
  <testcase classname="ptolemy.util.test.junit.AutoTests" name="[65] /home/travis/build/icyphy/ptII/ptolemy/domains/continuous/test/auto/ImpulseFeedback.xml (RunModel)" time="0.029" />
  <testcase classname="ptolemy.util.test.junit.AutoTests" name="[66] /home/travis/build/icyphy/ptII/ptolemy/domains/continuous/test/auto/ImpulseFeedback2.xml (RunModel)" time="0.019" />
  <testcase classname="ptolemy.util.test.junit.AutoTests" name="[67] /home/travis/build/icyphy/ptII/ptolemy/domains/continuous/test/auto/IncreasingRatePoisson.xml (RunModel)" time="0.827" />
  <testcase classname="ptolemy.util.test.junit.AutoTests" name="[68] /home/travis/build/icyphy/ptII/ptolemy/domains/continuous/test/auto/InitialStateFeedback.xml (RunModel)" time="0.021" />
  <testcase classname="ptolemy.util.test.junit.AutoTests" name="[69] /home/travis/build/icyphy/ptII/ptolemy/domains/continuous/test/auto/Integration.xml (RunModel)" time="0.01" />
  <testcase classname="ptolemy.util.test.junit.AutoTests" name="[70] /home/travis/build/icyphy/ptII/ptolemy/domains/continuous/test/auto/Integration2.xml (RunModel)" time="0.091" />
  <testcase classname="ptolemy.util.test.junit.AutoTests" name="[71] /home/travis/build/icyphy/ptII/ptolemy/domains/continuous/test/auto/Integration3.xml (RunModel)" time="0.015" />
  <testcase classname="ptolemy.util.test.junit.AutoTests" name="[72] /home/travis/build/icyphy/ptII/ptolemy/domains/continuous/test/auto/Integration5.xml (RunModel)" time="0.026" />
  <testcase classname="ptolemy.util.test.junit.AutoTests" name="[73] /home/travis/build/icyphy/ptII/ptolemy/domains/continuous/test/auto/IntegratorImpulse.xml (RunModel)" time="0.011" />
  <testcase classname="ptolemy.util.test.junit.AutoTests" name="[74] /home/travis/build/icyphy/ptII/ptolemy/domains/continuous/test/auto/IntegratorImpulse2.xml (RunModel)" time="0.012" />
  <testcase classname="ptolemy.util.test.junit.AutoTests" name="[75] /home/travis/build/icyphy/ptII/ptolemy/domains/continuous/test/auto/LevelCrossing1.xml (RunModel)" time="0.012" />
  <testcase classname="ptolemy.util.test.junit.AutoTests" name="[76] /home/travis/build/icyphy/ptII/ptolemy/domains/continuous/test/auto/LevelCrossing2.xml (RunModel)" time="0.014" />
  <testcase classname="ptolemy.util.test.junit.AutoTests" name="[77] /home/travis/build/icyphy/ptII/ptolemy/domains/continuous/test/auto/LevelCrossing3.xml (RunModel)" time="0.013" />
  <testcase classname="ptolemy.util.test.junit.AutoTests" name="[78] /home/travis/build/icyphy/ptII/ptolemy/domains/continuous/test/auto/LevelCrossing4.xml (RunModel)" time="0.015" />
  <testcase classname="ptolemy.util.test.junit.AutoTests" name="[79] /home/travis/build/icyphy/ptII/ptolemy/domains/continuous/test/auto/LevelCrossing5.xml (RunModel)" time="0.014" />
  <testcase classname="ptolemy.util.test.junit.AutoTests" name="[80] /home/travis/build/icyphy/ptII/ptolemy/domains/continuous/test/auto/LevelCrossing6.xml (RunModel)" time="0.015" />
  <testcase classname="ptolemy.util.test.junit.AutoTests" name="[81] /home/travis/build/icyphy/ptII/ptolemy/domains/continuous/test/auto/LevelCrossingDetector.xml (RunModel)" time="0.047" />
  <testcase classname="ptolemy.util.test.junit.AutoTests" name="[82] /home/travis/build/icyphy/ptII/ptolemy/domains/continuous/test/auto/LevelCrossingDetectorDetectingDirections.xml (RunModel)" time="0.085" />
  <testcase classname="ptolemy.util.test.junit.AutoTests" name="[83] /home/travis/build/icyphy/ptII/ptolemy/domains/continuous/test/auto/LevelCrossingDetectorDetectsGlitches.xml (RunModel)" time="0.07" />
  <testcase classname="ptolemy.util.test.junit.AutoTests" name="[84] /home/travis/build/icyphy/ptII/ptolemy/domains/continuous/test/auto/LevelCrossingNoInitialOuput.xml (RunModel)" time="0.014" />
  <testcase classname="ptolemy.util.test.junit.AutoTests" name="[85] /home/travis/build/icyphy/ptII/ptolemy/domains/continuous/test/auto/LinearStateSpaceExample.xml (RunModel)" time="0.035" />
  <testcase classname="ptolemy.util.test.junit.AutoTests" name="[86] /home/travis/build/icyphy/ptII/ptolemy/domains/continuous/test/auto/Lorenz.xml (RunModel)" time="4.216" />
  <testcase classname="ptolemy.util.test.junit.AutoTests" name="[87] /home/travis/build/icyphy/ptII/ptolemy/domains/continuous/test/auto/LorenzDifferentialSystem.xml (RunModel)" time="1.245" />
  <testcase classname="ptolemy.util.test.junit.AutoTests" name="[88] /home/travis/build/icyphy/ptII/ptolemy/domains/continuous/test/auto/LorenzDifferentialSystemWithInput.xml (RunModel)" time="1.631" />
  <testcase classname="ptolemy.util.test.junit.AutoTests" name="[89] /home/travis/build/icyphy/ptII/ptolemy/domains/continuous/test/auto/LorenzDifferentialSystemWithTime.xml (RunModel)" time="0.908" />
  <testcase classname="ptolemy.util.test.junit.AutoTests" name="[90] /home/travis/build/icyphy/ptII/ptolemy/domains/continuous/test/auto/Microsteps.xml (RunModel)" time="0.047" />
  <testcase classname="ptolemy.util.test.junit.AutoTests" name="[91] /home/travis/build/icyphy/ptII/ptolemy/domains/continuous/test/auto/Modal1.xml (RunModel)" time="0.055" />
  <testcase classname="ptolemy.util.test.junit.AutoTests" name="[92] /home/travis/build/icyphy/ptII/ptolemy/domains/continuous/test/auto/Modal2.xml (RunModel)" time="0.057" />
  <testcase classname="ptolemy.util.test.junit.AutoTests" name="[93] /home/travis/build/icyphy/ptII/ptolemy/domains/continuous/test/auto/ModalTransitionGuardWithReset.xml (RunModel)" time="0.03" />
  <testcase classname="ptolemy.util.test.junit.AutoTests" name="[94] /home/travis/build/icyphy/ptII/ptolemy/domains/continuous/test/auto/ModalTransitionGuardWithResetUsingPreemptiveTransition.xml (RunModel)" time="0.032" />
  <testcase classname="ptolemy.util.test.junit.AutoTests" name="[95] /home/travis/build/icyphy/ptII/ptolemy/domains/continuous/test/auto/ModalTransitionGuardWithResetUsingPreemptiveTransition2.xml (RunModel)" time="0.032" />
  <testcase classname="ptolemy.util.test.junit.AutoTests" name="[96] /home/travis/build/icyphy/ptII/ptolemy/domains/continuous/test/auto/ModalTransitionGuardWithResetUsingPreemptiveTransition3.xml (RunModel)" time="0.04" />
  <testcase classname="ptolemy.util.test.junit.AutoTests" name="[97] /home/travis/build/icyphy/ptII/ptolemy/domains/continuous/test/auto/NewtonsCradle.xml (RunModel)" time="0.875" />
  <testcase classname="ptolemy.util.test.junit.AutoTests" name="[98] /home/travis/build/icyphy/ptII/ptolemy/domains/continuous/test/auto/NewtonsCradleAnimated.xml (RunModel)" time="1.493" />
  <testcase classname="ptolemy.util.test.junit.AutoTests" name="[99] /home/travis/build/icyphy/ptII/ptolemy/domains/continuous/test/auto/NewtonsCradleComplicated.xml (RunModel)" time="0.981" />
  <testcase classname="ptolemy.util.test.junit.AutoTests" name="[100] /home/travis/build/icyphy/ptII/ptolemy/domains/continuous/test/auto/NewtonsCradleNondeterministic.xml (RunModel)" time="0.752" />
  <testcase classname="ptolemy.util.test.junit.AutoTests" name="[101] /home/travis/build/icyphy/ptII/ptolemy/domains/continuous/test/auto/NewtonsCradlePerfectlyInelastic1.xml (RunModel)" time="1.317" />
  <testcase classname="ptolemy.util.test.junit.AutoTests" name="[102] /home/travis/build/icyphy/ptII/ptolemy/domains/continuous/test/auto/Noise.xml (RunModel)" time="0.203" />
  <testcase classname="ptolemy.util.test.junit.AutoTests" name="[103] /home/travis/build/icyphy/ptII/ptolemy/domains/continuous/test/auto/NoiseSpectrum.xml (RunModel)" time="0.807" />
  <testcase classname="ptolemy.util.test.junit.AutoTests" name="[104] /home/travis/build/icyphy/ptII/ptolemy/domains/continuous/test/auto/ParameterizedNewtonsCradleAnimated.xml (RunModel)" time="0.359" />
  <testcase classname="ptolemy.util.test.junit.AutoTests" name="[105] /home/travis/build/icyphy/ptII/ptolemy/domains/continuous/test/auto/ParameterizedNewtonsCradleAnimatedNondeterministic.xml (RunModel)" time="1.15" />
  <testcase classname="ptolemy.util.test.junit.AutoTests" name="[106] /home/travis/build/icyphy/ptII/ptolemy/domains/continuous/test/auto/Pendulum3D.xml (RunModel)" time="0.175" />
  <testcase classname="ptolemy.util.test.junit.AutoTests" name="[107] /home/travis/build/icyphy/ptII/ptolemy/domains/continuous/test/auto/PeriodicSampler.xml (RunModel)" time="0.012" />
  <testcase classname="ptolemy.util.test.junit.AutoTests" name="[108] /home/travis/build/icyphy/ptII/ptolemy/domains/continuous/test/auto/PeriodicSampler1.xml (RunModel)" time="0.042" />
  <testcase classname="ptolemy.util.test.junit.AutoTests" name="[109] /home/travis/build/icyphy/ptII/ptolemy/domains/continuous/test/auto/PeriodicSampler2.xml (RunModel)" time="0.071" />
  <testcase classname="ptolemy.util.test.junit.AutoTests" name="[110] /home/travis/build/icyphy/ptII/ptolemy/domains/continuous/test/auto/Poisson.xml (RunModel)" time="0.431" />
  <testcase classname="ptolemy.util.test.junit.AutoTests" name="[111] /home/travis/build/icyphy/ptII/ptolemy/domains/continuous/test/auto/PoissonClock.xml (RunModel)" time="0.016" />
  <testcase classname="ptolemy.util.test.junit.AutoTests" name="[112] /home/travis/build/icyphy/ptII/ptolemy/domains/continuous/test/auto/PoissonClock2.xml (RunModel)" time="0.014" />
  <testcase classname="ptolemy.util.test.junit.AutoTests" name="[113] /home/travis/build/icyphy/ptII/ptolemy/domains/continuous/test/auto/PortParameterHierarchy.xml (RunModel)" time="0.017" />
  <testcase classname="ptolemy.util.test.junit.AutoTests" name="[114] /home/travis/build/icyphy/ptII/ptolemy/domains/continuous/test/auto/RandomHybridPlant.xml (RunModel)" time="0.522" />
  <testcase classname="ptolemy.util.test.junit.AutoTests" name="[115] /home/travis/build/icyphy/ptII/ptolemy/domains/continuous/test/auto/ResetTransitionWithStartTime1.xml (RunModel)" time="0.03" />
  <testcase classname="ptolemy.util.test.junit.AutoTests" name="[116] /home/travis/build/icyphy/ptII/ptolemy/domains/continuous/test/auto/ResetTransitionWithStartTime2.xml (RunModel)" time="0.033" />
  <testcase classname="ptolemy.util.test.junit.AutoTests" name="[117] /home/travis/build/icyphy/ptII/ptolemy/domains/continuous/test/auto/ResetTransitionWithStartTime3.xml (RunModel)" time="0.036" />
  <testcase classname="ptolemy.util.test.junit.AutoTests" name="[118] /home/travis/build/icyphy/ptII/ptolemy/domains/continuous/test/auto/ResetTransitionWithStartTime4.xml (RunModel)" time="0.024" />
  <testcase classname="ptolemy.util.test.junit.AutoTests" name="[119] /home/travis/build/icyphy/ptII/ptolemy/domains/continuous/test/auto/ResetTransitionWithStartTime5.xml (RunModel)" time="0.035" />
  <testcase classname="ptolemy.util.test.junit.AutoTests" name="[120] /home/travis/build/icyphy/ptII/ptolemy/domains/continuous/test/auto/ResetTransitionWithStartTime6.xml (RunModel)" time="0.031" />
  <testcase classname="ptolemy.util.test.junit.AutoTests" name="[121] /home/travis/build/icyphy/ptII/ptolemy/domains/continuous/test/auto/SRinContinuous.xml (RunModel)" time="0.023" />
  <testcase classname="ptolemy.util.test.junit.AutoTests" name="[122] /home/travis/build/icyphy/ptII/ptolemy/domains/continuous/test/auto/SampledClocks.xml (RunModel)" time="0.028" />
  <testcase classname="ptolemy.util.test.junit.AutoTests" name="[123] /home/travis/build/icyphy/ptII/ptolemy/domains/continuous/test/auto/Satellite.xml (RunModel)" time="0.781" />
  <testcase classname="ptolemy.util.test.junit.AutoTests" name="[124] /home/travis/build/icyphy/ptII/ptolemy/domains/continuous/test/auto/SigmaDelta.xml (RunModel)" time="2.311" />
  <testcase classname="ptolemy.util.test.junit.AutoTests" name="[125] /home/travis/build/icyphy/ptII/ptolemy/domains/continuous/test/auto/SinuBouncingBall.xml (RunModel)" time="0.774" />
  <testcase classname="ptolemy.util.test.junit.AutoTests" name="[126] /home/travis/build/icyphy/ptII/ptolemy/domains/continuous/test/auto/Sinusoid.xml (RunModel)" time="0.014" />
  <testcase classname="ptolemy.util.test.junit.AutoTests" name="[127] /home/travis/build/icyphy/ptII/ptolemy/domains/continuous/test/auto/SinusoidInNoise.xml (RunModel)" time="0.919" />
  <testcase classname="ptolemy.util.test.junit.AutoTests" name="[128] /home/travis/build/icyphy/ptII/ptolemy/domains/continuous/test/auto/SinusoidRK45.xml (RunModel)" time="0.013" />
  <testcase classname="ptolemy.util.test.junit.AutoTests" name="[129] /home/travis/build/icyphy/ptII/ptolemy/domains/continuous/test/auto/SinusoidWithMultipleImpulses.xml (RunModel)" time="0.015" />
  <testcase classname="ptolemy.util.test.junit.AutoTests" name="[130] /home/travis/build/icyphy/ptII/ptolemy/domains/continuous/test/auto/SquareWave.xml (RunModel)" time="0.187" />
  <testcase classname="ptolemy.util.test.junit.AutoTests" name="[131] /home/travis/build/icyphy/ptII/ptolemy/domains/continuous/test/auto/Starmac.xml (RunModel)" time="3.372" />
  <testcase classname="ptolemy.util.test.junit.AutoTests" name="[132] /home/travis/build/icyphy/ptII/ptolemy/domains/continuous/test/auto/StaticUnits.xml (RunModel)" time="2.553" />
  <testcase classname="ptolemy.util.test.junit.AutoTests" name="[133] /home/travis/build/icyphy/ptII/ptolemy/domains/continuous/test/auto/StickyMasses.xml (RunModel)" time="0.187" />
  <testcase classname="ptolemy.util.test.junit.AutoTests" name="[134] /home/travis/build/icyphy/ptII/ptolemy/domains/continuous/test/auto/StopTime.xml (RunModel)" time="0.06" />
  <testcase classname="ptolemy.util.test.junit.AutoTests" name="[135] /home/travis/build/icyphy/ptII/ptolemy/domains/continuous/test/auto/StopTime2.xml (RunModel)" time="0.053" />
  <testcase classname="ptolemy.util.test.junit.AutoTests" name="[136] /home/travis/build/icyphy/ptII/ptolemy/domains/continuous/test/auto/Switch.xml (RunModel)" time="0.07" />
  <testcase classname="ptolemy.util.test.junit.AutoTests" name="[137] /home/travis/build/icyphy/ptII/ptolemy/domains/continuous/test/auto/Thermostat.xml (RunModel)" time="0.211" />
  <testcase classname="ptolemy.util.test.junit.AutoTests" name="[138] /home/travis/build/icyphy/ptII/ptolemy/domains/continuous/test/auto/TimeDelay.xml (RunModel)" time="0.016" />
  <testcase classname="ptolemy.util.test.junit.AutoTests" name="[139] /home/travis/build/icyphy/ptII/ptolemy/domains/continuous/test/auto/TimeDelay2.xml (RunModel)" time="0.022" />
  <testcase classname="ptolemy.util.test.junit.AutoTests" name="[140] /home/travis/build/icyphy/ptII/ptolemy/domains/continuous/test/auto/TimeDelay3.xml (RunModel)" time="0.013" />
  <testcase classname="ptolemy.util.test.junit.AutoTests" name="[141] /home/travis/build/icyphy/ptII/ptolemy/domains/continuous/test/auto/TransferAbsentToInside.xml (RunModel)" time="0.19" />
  <testcase classname="ptolemy.util.test.junit.AutoTests" name="[142] /home/travis/build/icyphy/ptII/ptolemy/domains/continuous/test/auto/Transmission.xml (RunModel)" time="0.791" />
  <testcase classname="ptolemy.util.test.junit.AutoTests" name="[143] /home/travis/build/icyphy/ptII/ptolemy/domains/continuous/test/auto/TriggeredContinuousClock.xml (RunModel)" time="0.079" />
  <testcase classname="ptolemy.util.test.junit.AutoTests" name="[144] /home/travis/build/icyphy/ptII/ptolemy/domains/continuous/test/auto/TwoMachineInfiniteBusControl.xml (RunModel)" time="2.979" />
  <testcase classname="ptolemy.util.test.junit.AutoTests" name="[145] /home/travis/build/icyphy/ptII/ptolemy/domains/continuous/test/auto/V2V.xml (RunModel)" time="0.884" />
  <testcase classname="ptolemy.util.test.junit.AutoTests" name="[146] /home/travis/build/icyphy/ptII/ptolemy/domains/continuous/test/auto/hierarchicalModalModel.xml (RunModel)" time="0.035" />
  <testcase classname="ptolemy.util.test.junit.AutoTests" name="[147] /home/travis/build/icyphy/ptII/ptolemy/domains/continuous/test/auto/hierarchicalModalModel1.xml (RunModel)" time="0.035" />
  <testcase classname="ptolemy.util.test.junit.AutoTests" name="[148] /home/travis/build/icyphy/ptII/ptolemy/domains/continuous/test/auto/hierarchicalModalModel2.xml (RunModel)" time="0.036" />
  <testcase classname="ptolemy.util.test.junit.AutoTests" name="[149] /home/travis/build/icyphy/ptII/ptolemy/domains/continuous/test/auto/hierarchicalModalModel3.xml (RunModel)" time="0.029" />
  <testcase classname="ptolemy.util.test.junit.AutoTests" name="[150] /home/travis/build/icyphy/ptII/ptolemy/domains/continuous/test/auto/hierarchicalModalModel4.xml (RunModel)" time="0.036" />
  <testcase classname="ptolemy.util.test.junit.AutoTests" name="[151] /home/travis/build/icyphy/ptII/ptolemy/domains/continuous/test/auto/junk.xml (RunModel)" time="0.168" />
  <system-out><![CDATA[No tcl tests in /home/travis/build/icyphy/ptII/ptolemy/domains/continuous/test
No auto/knownFailedTests/*.xml tests in /home/travis/build/icyphy/ptII/ptolemy/domains/continuous/test
No auto/linux-amd64/*.xml tests in /home/travis/build/icyphy/ptII/ptolemy/domains/continuous/test
AutoTests.java: About to close Vertx.
AutoTests.java: Vertx closed.

===========================================================================================
----------------- testing Mon Aug 13 01:57:31 UTC 2018 /home/travis/build/icyphy/ptII/ptolemy/domains/continuous/test/auto/BouncingBall.xml
----------------- Instantiating /home/travis/build/icyphy/ptII/ptolemy/domains/continuous/test/auto/BouncingBall.xml
2311 ms. Memory: 331776K Free: 263946K (80%)
----------------- Invoking toplevel() on ptolemy.moml.MoMLSimpleApplication@53a35458
----------------- Done invoking toplevel() on ptolemy.moml.MoMLSimpleApplication@53a35458
reloadAllAccessors: .BouncingBall

===========================================================================================
----------------- testing Mon Aug 13 01:57:34 UTC 2018 /home/travis/build/icyphy/ptII/ptolemy/domains/continuous/test/auto/BouncingBallWithoutGR.xml
----------------- Instantiating /home/travis/build/icyphy/ptII/ptolemy/domains/continuous/test/auto/BouncingBallWithoutGR.xml
863 ms. Memory: 331776K Free: 320867K (97%)
----------------- Invoking toplevel() on ptolemy.moml.MoMLSimpleApplication@7df11ca3
----------------- Done invoking toplevel() on ptolemy.moml.MoMLSimpleApplication@7df11ca3
reloadAllAccessors: .BouncingBallWithoutGR

===========================================================================================
----------------- testing Mon Aug 13 01:57:35 UTC 2018 /home/travis/build/icyphy/ptII/ptolemy/domains/continuous/test/auto/Brownian.xml
----------------- Instantiating /home/travis/build/icyphy/ptII/ptolemy/domains/continuous/test/auto/Brownian.xml
27 ms. Memory: 331776K Free: 306949K (93%)
----------------- Invoking toplevel() on ptolemy.moml.MoMLSimpleApplication@30908811
----------------- Done invoking toplevel() on ptolemy.moml.MoMLSimpleApplication@30908811
reloadAllAccessors: .Brownian

===========================================================================================
----------------- testing Mon Aug 13 01:57:35 UTC 2018 /home/travis/build/icyphy/ptII/ptolemy/domains/continuous/test/auto/CarTracking.xml
----------------- Instantiating /home/travis/build/icyphy/ptII/ptolemy/domains/continuous/test/auto/CarTracking.xml
3468 ms. Memory: 578048K Free: 452618K (78%)
----------------- Invoking toplevel() on ptolemy.moml.MoMLSimpleApplication@79c9c1ec
----------------- Done invoking toplevel() on ptolemy.moml.MoMLSimpleApplication@79c9c1ec
reloadAllAccessors: .CarTracking

===========================================================================================
----------------- testing Mon Aug 13 01:57:39 UTC 2018 /home/travis/build/icyphy/ptII/ptolemy/domains/continuous/test/auto/CartPendulum.xml
----------------- Instantiating /home/travis/build/icyphy/ptII/ptolemy/domains/continuous/test/auto/CartPendulum.xml
398 ms. Memory: 578048K Free: 344606K (60%)
----------------- Invoking toplevel() on ptolemy.moml.MoMLSimpleApplication@5d406e5c
----------------- Done invoking toplevel() on ptolemy.moml.MoMLSimpleApplication@5d406e5c
reloadAllAccessors: .CartPendulum

===========================================================================================
----------------- testing Mon Aug 13 01:57:39 UTC 2018 /home/travis/build/icyphy/ptII/ptolemy/domains/continuous/test/auto/CausalityInterface10.xml
----------------- Instantiating /home/travis/build/icyphy/ptII/ptolemy/domains/continuous/test/auto/CausalityInterface10.xml
16 ms. Memory: 578048K Free: 328206K (57%)
----------------- Invoking toplevel() on ptolemy.moml.MoMLSimpleApplication@5d685f1c
----------------- Done invoking toplevel() on ptolemy.moml.MoMLSimpleApplication@5d685f1c
reloadAllAccessors: .CausalityInterface10

===========================================================================================
----------------- testing Mon Aug 13 01:57:39 UTC 2018 /home/travis/build/icyphy/ptII/ptolemy/domains/continuous/test/auto/CausalityInterface11.xml
----------------- Instantiating /home/travis/build/icyphy/ptII/ptolemy/domains/continuous/test/auto/CausalityInterface11.xml
3 ms. Memory: 578048K Free: 318359K (55%)
----------------- Invoking toplevel() on ptolemy.moml.MoMLSimpleApplication@4c3067fa
----------------- Done invoking toplevel() on ptolemy.moml.MoMLSimpleApplication@4c3067fa
reloadAllAccessors: .CausalityInterface11

===========================================================================================
----------------- testing Mon Aug 13 01:57:39 UTC 2018 /home/travis/build/icyphy/ptII/ptolemy/domains/continuous/test/auto/CausalityInterface12.xml
----------------- Instantiating /home/travis/build/icyphy/ptII/ptolemy/domains/continuous/test/auto/CausalityInterface12.xml
10 ms. Memory: 578048K Free: 308513K (53%)
----------------- Invoking toplevel() on ptolemy.moml.MoMLSimpleApplication@1b586cd5
----------------- Done invoking toplevel() on ptolemy.moml.MoMLSimpleApplication@1b586cd5
reloadAllAccessors: .CausalityInterface12

===========================================================================================
----------------- testing Mon Aug 13 01:57:39 UTC 2018 /home/travis/build/icyphy/ptII/ptolemy/domains/continuous/test/auto/CausalityInterface13.xml
----------------- Instantiating /home/travis/build/icyphy/ptII/ptolemy/domains/continuous/test/auto/CausalityInterface13.xml
12 ms. Memory: 578048K Free: 295487K (51%)
----------------- Invoking toplevel() on ptolemy.moml.MoMLSimpleApplication@3adee606
----------------- Done invoking toplevel() on ptolemy.moml.MoMLSimpleApplication@3adee606
reloadAllAccessors: .CausalityInterface13

===========================================================================================
----------------- testing Mon Aug 13 01:57:39 UTC 2018 /home/travis/build/icyphy/ptII/ptolemy/domains/continuous/test/auto/CausalityInterface14.xml
----------------- Instantiating /home/travis/build/icyphy/ptII/ptolemy/domains/continuous/test/auto/CausalityInterface14.xml
6 ms. Memory: 578048K Free: 285640K (49%)
----------------- Invoking toplevel() on ptolemy.moml.MoMLSimpleApplication@28a02351
----------------- Done invoking toplevel() on ptolemy.moml.MoMLSimpleApplication@28a02351
reloadAllAccessors: .CausalityInterface14

===========================================================================================
----------------- testing Mon Aug 13 01:57:39 UTC 2018 /home/travis/build/icyphy/ptII/ptolemy/domains/continuous/test/auto/CausalityInterface4.xml
----------------- Instantiating /home/travis/build/icyphy/ptII/ptolemy/domains/continuous/test/auto/CausalityInterface4.xml
5 ms. Memory: 578048K Free: 275794K (48%)
----------------- Invoking toplevel() on ptolemy.moml.MoMLSimpleApplication@21bd9655
----------------- Done invoking toplevel() on ptolemy.moml.MoMLSimpleApplication@21bd9655
reloadAllAccessors: .CausalityInterface4

===========================================================================================
----------------- testing Mon Aug 13 01:57:39 UTC 2018 /home/travis/build/icyphy/ptII/ptolemy/domains/continuous/test/auto/CausalityInterface5.xml
----------------- Instantiating /home/travis/build/icyphy/ptII/ptolemy/domains/continuous/test/auto/CausalityInterface5.xml
9 ms. Memory: 578048K Free: 262670K (45%)
----------------- Invoking toplevel() on ptolemy.moml.MoMLSimpleApplication@65aa3243
----------------- Done invoking toplevel() on ptolemy.moml.MoMLSimpleApplication@65aa3243
reloadAllAccessors: .CausalityInterface5

===========================================================================================
----------------- testing Mon Aug 13 01:57:39 UTC 2018 /home/travis/build/icyphy/ptII/ptolemy/domains/continuous/test/auto/CausalityInterface6.xml
----------------- Instantiating /home/travis/build/icyphy/ptII/ptolemy/domains/continuous/test/auto/CausalityInterface6.xml
6 ms. Memory: 578048K Free: 249636K (43%)
----------------- Invoking toplevel() on ptolemy.moml.MoMLSimpleApplication@139dfe6c
----------------- Done invoking toplevel() on ptolemy.moml.MoMLSimpleApplication@139dfe6c
reloadAllAccessors: .CausalityInterface6

===========================================================================================
----------------- testing Mon Aug 13 01:57:39 UTC 2018 /home/travis/build/icyphy/ptII/ptolemy/domains/continuous/test/auto/CausalityInterface7.xml
----------------- Instantiating /home/travis/build/icyphy/ptII/ptolemy/domains/continuous/test/auto/CausalityInterface7.xml
14 ms. Memory: 578048K Free: 236513K (41%)
----------------- Invoking toplevel() on ptolemy.moml.MoMLSimpleApplication@2ef2e9ca
----------------- Done invoking toplevel() on ptolemy.moml.MoMLSimpleApplication@2ef2e9ca
reloadAllAccessors: .CausalityInterface7

===========================================================================================
----------------- testing Mon Aug 13 01:57:39 UTC 2018 /home/travis/build/icyphy/ptII/ptolemy/domains/continuous/test/auto/CausalityInterface8.xml
----------------- Instantiating /home/travis/build/icyphy/ptII/ptolemy/domains/continuous/test/auto/CausalityInterface8.xml
8 ms. Memory: 578048K Free: 223406K (39%)
----------------- Invoking toplevel() on ptolemy.moml.MoMLSimpleApplication@452b2772
----------------- Done invoking toplevel() on ptolemy.moml.MoMLSimpleApplication@452b2772
reloadAllAccessors: .CausalityInterface8

===========================================================================================
----------------- testing Mon Aug 13 01:57:40 UTC 2018 /home/travis/build/icyphy/ptII/ptolemy/domains/continuous/test/auto/CausalityInterface9.xml
----------------- Instantiating /home/travis/build/icyphy/ptII/ptolemy/domains/continuous/test/auto/CausalityInterface9.xml
8 ms. Memory: 578048K Free: 206989K (36%)
----------------- Invoking toplevel() on ptolemy.moml.MoMLSimpleApplication@6469e79f
----------------- Done invoking toplevel() on ptolemy.moml.MoMLSimpleApplication@6469e79f
reloadAllAccessors: .CausalityInterface9

===========================================================================================
----------------- testing Mon Aug 13 01:57:40 UTC 2018 /home/travis/build/icyphy/ptII/ptolemy/domains/continuous/test/auto/CausalityInterfaceFeedback1.xml
----------------- Instantiating /home/travis/build/icyphy/ptII/ptolemy/domains/continuous/test/auto/CausalityInterfaceFeedback1.xml
7 ms. Memory: 578048K Free: 193955K (34%)
----------------- Invoking toplevel() on ptolemy.moml.MoMLSimpleApplication@30eb0694
----------------- Done invoking toplevel() on ptolemy.moml.MoMLSimpleApplication@30eb0694
reloadAllAccessors: .CausalityInterfaceFeedback1

===========================================================================================
----------------- testing Mon Aug 13 01:57:40 UTC 2018 /home/travis/build/icyphy/ptII/ptolemy/domains/continuous/test/auto/CausalityInterfaceFeedback2.xml
----------------- Instantiating /home/travis/build/icyphy/ptII/ptolemy/domains/continuous/test/auto/CausalityInterfaceFeedback2.xml
4 ms. Memory: 578048K Free: 184109K (32%)
----------------- Invoking toplevel() on ptolemy.moml.MoMLSimpleApplication@71a0bca4
----------------- Done invoking toplevel() on ptolemy.moml.MoMLSimpleApplication@71a0bca4
reloadAllAccessors: .CausalityInterfaceFeedback2

===========================================================================================
----------------- testing Mon Aug 13 01:57:40 UTC 2018 /home/travis/build/icyphy/ptII/ptolemy/domains/continuous/test/auto/CompareWithCurrentTime.xml
----------------- Instantiating /home/travis/build/icyphy/ptII/ptolemy/domains/continuous/test/auto/CompareWithCurrentTime.xml
4 ms. Memory: 578048K Free: 177555K (31%)
----------------- Invoking toplevel() on ptolemy.moml.MoMLSimpleApplication@59447cfb
----------------- Done invoking toplevel() on ptolemy.moml.MoMLSimpleApplication@59447cfb
reloadAllAccessors: .CompareWithCurrentTime

===========================================================================================
----------------- testing Mon Aug 13 01:57:40 UTC 2018 /home/travis/build/icyphy/ptII/ptolemy/domains/continuous/test/auto/ComparedClocks.xml
----------------- Instantiating /home/travis/build/icyphy/ptII/ptolemy/domains/continuous/test/auto/ComparedClocks.xml
11 ms. Memory: 578048K Free: 157878K (27%)
----------------- Invoking toplevel() on ptolemy.moml.MoMLSimpleApplication@6e94e38d
----------------- Done invoking toplevel() on ptolemy.moml.MoMLSimpleApplication@6e94e38d
reloadAllAccessors: .ComparedClocks

===========================================================================================
----------------- testing Mon Aug 13 01:57:40 UTC 2018 /home/travis/build/icyphy/ptII/ptolemy/domains/continuous/test/auto/ContinuousAOCClone.xml
----------------- Instantiating /home/travis/build/icyphy/ptII/ptolemy/domains/continuous/test/auto/ContinuousAOCClone.xml
2567 ms. Memory: 872960K Free: 425024K (49%)
----------------- Invoking toplevel() on ptolemy.moml.MoMLSimpleApplication@1fc056a6
----------------- Done invoking toplevel() on ptolemy.moml.MoMLSimpleApplication@1fc056a6
reloadAllAccessors: .ContinuousAOCClone

===========================================================================================
----------------- testing Mon Aug 13 01:57:43 UTC 2018 /home/travis/build/icyphy/ptII/ptolemy/domains/continuous/test/auto/ContinuousClock.xml
----------------- Instantiating /home/travis/build/icyphy/ptII/ptolemy/domains/continuous/test/auto/ContinuousClock.xml
30 ms. Memory: 872960K Free: 391743K (45%)
----------------- Invoking toplevel() on ptolemy.moml.MoMLSimpleApplication@329349c4
----------------- Done invoking toplevel() on ptolemy.moml.MoMLSimpleApplication@329349c4
reloadAllAccessors: .ContinuousClock

===========================================================================================
----------------- testing Mon Aug 13 01:57:43 UTC 2018 /home/travis/build/icyphy/ptII/ptolemy/domains/continuous/test/auto/ContinuousInContinuous.xml
----------------- Instantiating /home/travis/build/icyphy/ptII/ptolemy/domains/continuous/test/auto/ContinuousInContinuous.xml
42 ms. Memory: 872960K Free: 360274K (41%)
----------------- Invoking toplevel() on ptolemy.moml.MoMLSimpleApplication@12f28b0b
----------------- Done invoking toplevel() on ptolemy.moml.MoMLSimpleApplication@12f28b0b
reloadAllAccessors: .ContinuousInContinuous

===========================================================================================
----------------- testing Mon Aug 13 01:57:43 UTC 2018 /home/travis/build/icyphy/ptII/ptolemy/domains/continuous/test/auto/ContinuousInContinuousInContinuous.xml
----------------- Instantiating /home/travis/build/icyphy/ptII/ptolemy/domains/continuous/test/auto/ContinuousInContinuousInContinuous.xml
8 ms. Memory: 872960K Free: 344547K (39%)
----------------- Invoking toplevel() on ptolemy.moml.MoMLSimpleApplication@4d1c70b4
----------------- Done invoking toplevel() on ptolemy.moml.MoMLSimpleApplication@4d1c70b4
reloadAllAccessors: .ContinuousInContinuousInContinuous

===========================================================================================
----------------- testing Mon Aug 13 01:57:43 UTC 2018 /home/travis/build/icyphy/ptII/ptolemy/domains/continuous/test/auto/ContinuousInDE.xml
----------------- Instantiating /home/travis/build/icyphy/ptII/ptolemy/domains/continuous/test/auto/ContinuousInDE.xml
118 ms. Memory: 872960K Free: 328829K (38%)
----------------- Invoking toplevel() on ptolemy.moml.MoMLSimpleApplication@3895c806
----------------- Done invoking toplevel() on ptolemy.moml.MoMLSimpleApplication@3895c806
reloadAllAccessors: .ContinuousInDE

===========================================================================================
----------------- testing Mon Aug 13 01:57:43 UTC 2018 /home/travis/build/icyphy/ptII/ptolemy/domains/continuous/test/auto/ContinuousInDE2.xml
----------------- Instantiating /home/travis/build/icyphy/ptII/ptolemy/domains/continuous/test/auto/ContinuousInDE2.xml
37 ms. Memory: 872960K Free: 309646K (35%)
----------------- Invoking toplevel() on ptolemy.moml.MoMLSimpleApplication@574e8793
----------------- Done invoking toplevel() on ptolemy.moml.MoMLSimpleApplication@574e8793
reloadAllAccessors: .ContinuousInDE2

===========================================================================================
----------------- testing Mon Aug 13 01:57:43 UTC 2018 /home/travis/build/icyphy/ptII/ptolemy/domains/continuous/test/auto/ContinuousInDE3.xml
----------------- Instantiating /home/travis/build/icyphy/ptII/ptolemy/domains/continuous/test/auto/ContinuousInDE3.xml
42 ms. Memory: 872960K Free: 293928K (34%)
----------------- Invoking toplevel() on ptolemy.moml.MoMLSimpleApplication@3becd3c5
----------------- Done invoking toplevel() on ptolemy.moml.MoMLSimpleApplication@3becd3c5
reloadAllAccessors: .ContinuousInDE3

===========================================================================================
----------------- testing Mon Aug 13 01:57:43 UTC 2018 /home/travis/build/icyphy/ptII/ptolemy/domains/continuous/test/auto/ContinuousInDE4.xml
----------------- Instantiating /home/travis/build/icyphy/ptII/ptolemy/domains/continuous/test/auto/ContinuousInDE4.xml
19 ms. Memory: 872960K Free: 283449K (32%)
----------------- Invoking toplevel() on ptolemy.moml.MoMLSimpleApplication@25b60a71
----------------- Done invoking toplevel() on ptolemy.moml.MoMLSimpleApplication@25b60a71
reloadAllAccessors: .ContinuousInDE4

===========================================================================================
----------------- testing Mon Aug 13 01:57:43 UTC 2018 /home/travis/build/icyphy/ptII/ptolemy/domains/continuous/test/auto/ContinuousInDEDifferentRefinements.xml
----------------- Instantiating /home/travis/build/icyphy/ptII/ptolemy/domains/continuous/test/auto/ContinuousInDEDifferentRefinements.xml
61 ms. Memory: 872960K Free: 246748K (28%)
----------------- Invoking toplevel() on ptolemy.moml.MoMLSimpleApplication@7d12a6b9
----------------- Done invoking toplevel() on ptolemy.moml.MoMLSimpleApplication@7d12a6b9
reloadAllAccessors: .ContinuousInDEDifferentRefinements

===========================================================================================
----------------- testing Mon Aug 13 01:57:43 UTC 2018 /home/travis/build/icyphy/ptII/ptolemy/domains/continuous/test/auto/ContinuousInDEDifferentRefinementsPreemptive.xml
----------------- Instantiating /home/travis/build/icyphy/ptII/ptolemy/domains/continuous/test/auto/ContinuousInDEDifferentRefinementsPreemptive.xml
48 ms. Memory: 872960K Free: 206559K (24%)
----------------- Invoking toplevel() on ptolemy.moml.MoMLSimpleApplication@1bd57480
----------------- Done invoking toplevel() on ptolemy.moml.MoMLSimpleApplication@1bd57480
reloadAllAccessors: .ContinuousInDEDifferentRefinementsPreemptive

===========================================================================================
----------------- testing Mon Aug 13 01:57:43 UTC 2018 /home/travis/build/icyphy/ptII/ptolemy/domains/continuous/test/auto/ContinuousInDEInContinuous2.xml
----------------- Instantiating /home/travis/build/icyphy/ptII/ptolemy/domains/continuous/test/auto/ContinuousInDEInContinuous2.xml
38 ms. Memory: 872960K Free: 190840K (22%)
----------------- Invoking toplevel() on ptolemy.moml.MoMLSimpleApplication@78de5327
----------------- Done invoking toplevel() on ptolemy.moml.MoMLSimpleApplication@78de5327
reloadAllAccessors: .ContinuousInDEInContinuous2

===========================================================================================
----------------- testing Mon Aug 13 01:57:43 UTC 2018 /home/travis/build/icyphy/ptII/ptolemy/domains/continuous/test/auto/ContinuousInDEInContinuous3.xml
----------------- Instantiating /home/travis/build/icyphy/ptII/ptolemy/domains/continuous/test/auto/ContinuousInDEInContinuous3.xml
43 ms. Memory: 872960K Free: 169866K (19%)
----------------- Invoking toplevel() on ptolemy.moml.MoMLSimpleApplication@19f2491d
----------------- Done invoking toplevel() on ptolemy.moml.MoMLSimpleApplication@19f2491d
reloadAllAccessors: .ContinuousInDEInContinuous3

===========================================================================================
----------------- testing Mon Aug 13 01:57:44 UTC 2018 /home/travis/build/icyphy/ptII/ptolemy/domains/continuous/test/auto/ContinuousInDEInput.xml
----------------- Instantiating /home/travis/build/icyphy/ptII/ptolemy/domains/continuous/test/auto/ContinuousInDEInput.xml
15 ms. Memory: 872960K Free: 159387K (18%)
----------------- Invoking toplevel() on ptolemy.moml.MoMLSimpleApplication@4c1934b6
----------------- Done invoking toplevel() on ptolemy.moml.MoMLSimpleApplication@4c1934b6
reloadAllAccessors: .ContinuousInDEInput

===========================================================================================
----------------- testing Mon Aug 13 01:57:44 UTC 2018 /home/travis/build/icyphy/ptII/ptolemy/domains/continuous/test/auto/ContinuousInDEInput2.xml
----------------- Instantiating /home/travis/build/icyphy/ptII/ptolemy/domains/continuous/test/auto/ContinuousInDEInput2.xml
18 ms. Memory: 872960K Free: 148908K (17%)
----------------- Invoking toplevel() on ptolemy.moml.MoMLSimpleApplication@4404f322
----------------- Done invoking toplevel() on ptolemy.moml.MoMLSimpleApplication@4404f322
reloadAllAccessors: .ContinuousInDEInput2

===========================================================================================
----------------- testing Mon Aug 13 01:57:44 UTC 2018 /home/travis/build/icyphy/ptII/ptolemy/domains/continuous/test/auto/ContinuousInDEInput3.xml
----------------- Instantiating /home/travis/build/icyphy/ptII/ptolemy/domains/continuous/test/auto/ContinuousInDEInput3.xml
16 ms. Memory: 872960K Free: 134964K (15%)
----------------- Invoking toplevel() on ptolemy.moml.MoMLSimpleApplication@3983147a
----------------- Done invoking toplevel() on ptolemy.moml.MoMLSimpleApplication@3983147a
reloadAllAccessors: .ContinuousInDEInput3

===========================================================================================
----------------- testing Mon Aug 13 01:57:44 UTC 2018 /home/travis/build/icyphy/ptII/ptolemy/domains/continuous/test/auto/ContinuousInDESharingRefinement.xml
----------------- Instantiating /home/travis/build/icyphy/ptII/ptolemy/domains/continuous/test/auto/ContinuousInDESharingRefinement.xml
162 ms. Memory: 829952K Free: 777919K (94%)
----------------- Invoking toplevel() on ptolemy.moml.MoMLSimpleApplication@830ef59
----------------- Done invoking toplevel() on ptolemy.moml.MoMLSimpleApplication@830ef59
reloadAllAccessors: .ContinuousInDESharingRefinement

===========================================================================================
----------------- testing Mon Aug 13 01:57:44 UTC 2018 /home/travis/build/icyphy/ptII/ptolemy/domains/continuous/test/auto/ContinuousInDEwithNoPorts.xml
----------------- Instantiating /home/travis/build/icyphy/ptII/ptolemy/domains/continuous/test/auto/ContinuousInDEwithNoPorts.xml
7 ms. Memory: 829952K Free: 765672K (92%)
----------------- Invoking toplevel() on ptolemy.moml.MoMLSimpleApplication@7a26a169
----------------- Done invoking toplevel() on ptolemy.moml.MoMLSimpleApplication@7a26a169
reloadAllAccessors: .ContinuousInDEwithNoPorts

===========================================================================================
----------------- testing Mon Aug 13 01:57:44 UTC 2018 /home/travis/build/icyphy/ptII/ptolemy/domains/continuous/test/auto/ContinuousInsideDE.xml
----------------- Instantiating /home/travis/build/icyphy/ptII/ptolemy/domains/continuous/test/auto/ContinuousInsideDE.xml
33 ms. Memory: 829952K Free: 746950K (90%)
----------------- Invoking toplevel() on ptolemy.moml.MoMLSimpleApplication@514ba4ed
----------------- Done invoking toplevel() on ptolemy.moml.MoMLSimpleApplication@514ba4ed
reloadAllAccessors: .ContinuousInsideDE

===========================================================================================
----------------- testing Mon Aug 13 01:57:44 UTC 2018 /home/travis/build/icyphy/ptII/ptolemy/domains/continuous/test/auto/ContinuousMerge1.xml
----------------- Instantiating /home/travis/build/icyphy/ptII/ptolemy/domains/continuous/test/auto/ContinuousMerge1.xml
4 ms. Memory: 829952K Free: 737248K (89%)
----------------- Invoking toplevel() on ptolemy.moml.MoMLSimpleApplication@6ec3d4e9
----------------- Done invoking toplevel() on ptolemy.moml.MoMLSimpleApplication@6ec3d4e9
reloadAllAccessors: .ContinuousMerge1

===========================================================================================
----------------- testing Mon Aug 13 01:57:44 UTC 2018 /home/travis/build/icyphy/ptII/ptolemy/domains/continuous/test/auto/ContinuousMerge2.xml
----------------- Instantiating /home/travis/build/icyphy/ptII/ptolemy/domains/continuous/test/auto/ContinuousMerge2.xml
14 ms. Memory: 829952K Free: 722090K (87%)
----------------- Invoking toplevel() on ptolemy.moml.MoMLSimpleApplication@8a7e76d
----------------- Done invoking toplevel() on ptolemy.moml.MoMLSimpleApplication@8a7e76d
reloadAllAccessors: .ContinuousMerge2

===========================================================================================
----------------- testing Mon Aug 13 01:57:44 UTC 2018 /home/travis/build/icyphy/ptII/ptolemy/domains/continuous/test/auto/ContinuousMerge3.xml
----------------- Instantiating /home/travis/build/icyphy/ptII/ptolemy/domains/continuous/test/auto/ContinuousMerge3.xml
43 ms. Memory: 829952K Free: 707103K (85%)
----------------- Invoking toplevel() on ptolemy.moml.MoMLSimpleApplication@f1cadb9
----------------- Done invoking toplevel() on ptolemy.moml.MoMLSimpleApplication@f1cadb9
reloadAllAccessors: .ContinuousMerge3

===========================================================================================
----------------- testing Mon Aug 13 01:57:44 UTC 2018 /home/travis/build/icyphy/ptII/ptolemy/domains/continuous/test/auto/ContinuousWithinContinuous.xml
----------------- Instantiating /home/travis/build/icyphy/ptII/ptolemy/domains/continuous/test/auto/ContinuousWithinContinuous.xml
44 ms. Memory: 829952K Free: 689915K (83%)
----------------- Invoking toplevel() on ptolemy.moml.MoMLSimpleApplication@4ba71233
----------------- Done invoking toplevel() on ptolemy.moml.MoMLSimpleApplication@4ba71233
reloadAllAccessors: .ContinuousWithinContinuous

===========================================================================================
----------------- testing Mon Aug 13 01:57:44 UTC 2018 /home/travis/build/icyphy/ptII/ptolemy/domains/continuous/test/auto/ContinuousWithinContinuous2.xml
----------------- Instantiating /home/travis/build/icyphy/ptII/ptolemy/domains/continuous/test/auto/ContinuousWithinContinuous2.xml
79 ms. Memory: 829952K Free: 678687K (82%)
----------------- Invoking toplevel() on ptolemy.moml.MoMLSimpleApplication@4ae90e1
----------------- Done invoking toplevel() on ptolemy.moml.MoMLSimpleApplication@4ae90e1
reloadAllAccessors: .ContinuousWithinContinuous2

===========================================================================================
----------------- testing Mon Aug 13 01:57:44 UTC 2018 /home/travis/build/icyphy/ptII/ptolemy/domains/continuous/test/auto/ContinuousWithinContinuous3.xml
----------------- Instantiating /home/travis/build/icyphy/ptII/ptolemy/domains/continuous/test/auto/ContinuousWithinContinuous3.xml
19 ms. Memory: 829952K Free: 667451K (80%)
----------------- Invoking toplevel() on ptolemy.moml.MoMLSimpleApplication@76a0f2c3
----------------- Done invoking toplevel() on ptolemy.moml.MoMLSimpleApplication@76a0f2c3
reloadAllAccessors: .ContinuousWithinContinuous3

===========================================================================================
----------------- testing Mon Aug 13 01:57:44 UTC 2018 /home/travis/build/icyphy/ptII/ptolemy/domains/continuous/test/auto/ContinuousWithinContinuous4.xml
----------------- Instantiating /home/travis/build/icyphy/ptII/ptolemy/domains/continuous/test/auto/ContinuousWithinContinuous4.xml
69 ms. Memory: 829952K Free: 646505K (78%)
----------------- Invoking toplevel() on ptolemy.moml.MoMLSimpleApplication@4c99cc56
----------------- Done invoking toplevel() on ptolemy.moml.MoMLSimpleApplication@4c99cc56
reloadAllAccessors: .ContinuousWithinContinuous4

===========================================================================================
----------------- testing Mon Aug 13 01:57:44 UTC 2018 /home/travis/build/icyphy/ptII/ptolemy/domains/continuous/test/auto/ContinuousWithinContinuous5.xml
----------------- Instantiating /home/travis/build/icyphy/ptII/ptolemy/domains/continuous/test/auto/ContinuousWithinContinuous5.xml
12 ms. Memory: 829952K Free: 635268K (77%)
----------------- Invoking toplevel() on ptolemy.moml.MoMLSimpleApplication@52362ceb
----------------- Done invoking toplevel() on ptolemy.moml.MoMLSimpleApplication@52362ceb
reloadAllAccessors: .ContinuousWithinContinuous5

===========================================================================================
----------------- testing Mon Aug 13 01:57:44 UTC 2018 /home/travis/build/icyphy/ptII/ptolemy/domains/continuous/test/auto/ContinuousWithinContinuous6.xml
----------------- Instantiating /home/travis/build/icyphy/ptII/ptolemy/domains/continuous/test/auto/ContinuousWithinContinuous6.xml
18 ms. Memory: 829952K Free: 621816K (75%)
----------------- Invoking toplevel() on ptolemy.moml.MoMLSimpleApplication@33adb9a2
----------------- Done invoking toplevel() on ptolemy.moml.MoMLSimpleApplication@33adb9a2
reloadAllAccessors: .ContinuousWithinContinuous6

===========================================================================================
----------------- testing Mon Aug 13 01:57:45 UTC 2018 /home/travis/build/icyphy/ptII/ptolemy/domains/continuous/test/auto/ContinuousWithinContinuous7.xml
----------------- Instantiating /home/travis/build/icyphy/ptII/ptolemy/domains/continuous/test/auto/ContinuousWithinContinuous7.xml
60 ms. Memory: 829952K Free: 606829K (73%)
----------------- Invoking toplevel() on ptolemy.moml.MoMLSimpleApplication@661c7e61
----------------- Done invoking toplevel() on ptolemy.moml.MoMLSimpleApplication@661c7e61
reloadAllAccessors: .ContinuousWithinContinuous7

===========================================================================================
----------------- testing Mon Aug 13 01:57:45 UTC 2018 /home/travis/build/icyphy/ptII/ptolemy/domains/continuous/test/auto/DCMotor.xml
----------------- Instantiating /home/travis/build/icyphy/ptII/ptolemy/domains/continuous/test/auto/DCMotor.xml
14937 ms. Memory: 668160K Free: 495568K (74%)
----------------- Invoking toplevel() on ptolemy.moml.MoMLSimpleApplication@1ce6cfe6
----------------- Done invoking toplevel() on ptolemy.moml.MoMLSimpleApplication@1ce6cfe6
reloadAllAccessors: .DCMotor

===========================================================================================
----------------- testing Mon Aug 13 01:58:00 UTC 2018 /home/travis/build/icyphy/ptII/ptolemy/domains/continuous/test/auto/DEInContinuous.xml
----------------- Instantiating /home/travis/build/icyphy/ptII/ptolemy/domains/continuous/test/auto/DEInContinuous.xml
14 ms. Memory: 668160K Free: 480945K (72%)
----------------- Invoking toplevel() on ptolemy.moml.MoMLSimpleApplication@26c7c1c6
----------------- Done invoking toplevel() on ptolemy.moml.MoMLSimpleApplication@26c7c1c6
reloadAllAccessors: .DEInContinuous

===========================================================================================
----------------- testing Mon Aug 13 01:58:00 UTC 2018 /home/travis/build/icyphy/ptII/ptolemy/domains/continuous/test/auto/DEinContinuous2.xml
----------------- Instantiating /home/travis/build/icyphy/ptII/ptolemy/domains/continuous/test/auto/DEinContinuous2.xml
7 ms. Memory: 668160K Free: 462140K (69%)
----------------- Invoking toplevel() on ptolemy.moml.MoMLSimpleApplication@41eed59
----------------- Done invoking toplevel() on ptolemy.moml.MoMLSimpleApplication@41eed59
reloadAllAccessors: .DEinContinuous2

===========================================================================================
----------------- testing Mon Aug 13 01:58:00 UTC 2018 /home/travis/build/icyphy/ptII/ptolemy/domains/continuous/test/auto/Derivative.xml
----------------- Instantiating /home/travis/build/icyphy/ptII/ptolemy/domains/continuous/test/auto/Derivative.xml
180 ms. Memory: 668160K Free: 419829K (63%)
----------------- Invoking toplevel() on ptolemy.moml.MoMLSimpleApplication@327c5d09
----------------- Done invoking toplevel() on ptolemy.moml.MoMLSimpleApplication@327c5d09
reloadAllAccessors: .Derivative2

===========================================================================================
----------------- testing Mon Aug 13 01:58:00 UTC 2018 /home/travis/build/icyphy/ptII/ptolemy/domains/continuous/test/auto/Derivative1.xml
----------------- Instantiating /home/travis/build/icyphy/ptII/ptolemy/domains/continuous/test/auto/Derivative1.xml
19 ms. Memory: 668160K Free: 402219K (60%)
----------------- Invoking toplevel() on ptolemy.moml.MoMLSimpleApplication@2bfd8994
----------------- Done invoking toplevel() on ptolemy.moml.MoMLSimpleApplication@2bfd8994
reloadAllAccessors: .Derivative1

===========================================================================================
----------------- testing Mon Aug 13 01:58:00 UTC 2018 /home/travis/build/icyphy/ptII/ptolemy/domains/continuous/test/auto/DiscreteClock.xml
----------------- Instantiating /home/travis/build/icyphy/ptII/ptolemy/domains/continuous/test/auto/DiscreteClock.xml
6 ms. Memory: 668160K Free: 389297K (58%)
----------------- Invoking toplevel() on ptolemy.moml.MoMLSimpleApplication@18fe90e3
----------------- Done invoking toplevel() on ptolemy.moml.MoMLSimpleApplication@18fe90e3
reloadAllAccessors: .DiscreteClock

===========================================================================================
----------------- testing Mon Aug 13 01:58:00 UTC 2018 /home/travis/build/icyphy/ptII/ptolemy/domains/continuous/test/auto/EfficiencyCurve.xml
----------------- Instantiating /home/travis/build/icyphy/ptII/ptolemy/domains/continuous/test/auto/EfficiencyCurve.xml
68 ms. Memory: 668160K Free: 376376K (56%)
----------------- Invoking toplevel() on ptolemy.moml.MoMLSimpleApplication@7dcfb151
----------------- Done invoking toplevel() on ptolemy.moml.MoMLSimpleApplication@7dcfb151
reloadAllAccessors: .EfficiencyCurve

===========================================================================================
----------------- testing Mon Aug 13 01:58:00 UTC 2018 /home/travis/build/icyphy/ptII/ptolemy/domains/continuous/test/auto/ExponentialResponse.xml
----------------- Instantiating /home/travis/build/icyphy/ptII/ptolemy/domains/continuous/test/auto/ExponentialResponse.xml
117 ms. Memory: 668160K Free: 352906K (53%)
----------------- Invoking toplevel() on ptolemy.moml.MoMLSimpleApplication@1ad5a
----------------- Done invoking toplevel() on ptolemy.moml.MoMLSimpleApplication@1ad5a
reloadAllAccessors: .ExponentialResponse

===========================================================================================
----------------- testing Mon Aug 13 01:58:00 UTC 2018 /home/travis/build/icyphy/ptII/ptolemy/domains/continuous/test/auto/ExponentialResponseRK45.xml
----------------- Instantiating /home/travis/build/icyphy/ptII/ptolemy/domains/continuous/test/auto/ExponentialResponseRK45.xml
27 ms. Memory: 668160K Free: 339985K (51%)
----------------- Invoking toplevel() on ptolemy.moml.MoMLSimpleApplication@75cb737d
----------------- Done invoking toplevel() on ptolemy.moml.MoMLSimpleApplication@75cb737d
reloadAllAccessors: .ExponentialResponseRK45

===========================================================================================
----------------- testing Mon Aug 13 01:58:00 UTC 2018 /home/travis/build/icyphy/ptII/ptolemy/domains/continuous/test/auto/Friction.xml
----------------- Instantiating /home/travis/build/icyphy/ptII/ptolemy/domains/continuous/test/auto/Friction.xml
1573 ms. Memory: 647168K Free: 436801K (67%)
----------------- Invoking toplevel() on ptolemy.moml.MoMLSimpleApplication@3fadc6c0
----------------- Done invoking toplevel() on ptolemy.moml.MoMLSimpleApplication@3fadc6c0
reloadAllAccessors: .Friction

===========================================================================================
----------------- testing Mon Aug 13 01:58:02 UTC 2018 /home/travis/build/icyphy/ptII/ptolemy/domains/continuous/test/auto/FurutaPendulum.xml
----------------- Instantiating /home/travis/build/icyphy/ptII/ptolemy/domains/continuous/test/auto/FurutaPendulum.xml
3785 ms. Memory: 617472K Free: 465821K (75%)
----------------- Invoking toplevel() on ptolemy.moml.MoMLSimpleApplication@40ada9f5
----------------- Done invoking toplevel() on ptolemy.moml.MoMLSimpleApplication@40ada9f5
reloadAllAccessors: .FurutaPendulum

===========================================================================================
----------------- testing Mon Aug 13 01:58:06 UTC 2018 /home/travis/build/icyphy/ptII/ptolemy/domains/continuous/test/auto/HierarchicalExecution.xml
----------------- Instantiating /home/travis/build/icyphy/ptII/ptolemy/domains/continuous/test/auto/HierarchicalExecution.xml
2146 ms. Memory: 617472K Free: 163922K (27%)
----------------- Invoking toplevel() on ptolemy.moml.MoMLSimpleApplication@630dff75
----------------- Done invoking toplevel() on ptolemy.moml.MoMLSimpleApplication@630dff75
reloadAllAccessors: .HierarchicalExecution

===========================================================================================
----------------- testing Mon Aug 13 01:58:08 UTC 2018 /home/travis/build/icyphy/ptII/ptolemy/domains/continuous/test/auto/HybridPlant.xml
----------------- Instantiating /home/travis/build/icyphy/ptII/ptolemy/domains/continuous/test/auto/HybridPlant.xml
535 ms. Memory: 589824K Free: 389550K (66%)
----------------- Invoking toplevel() on ptolemy.moml.MoMLSimpleApplication@75aa2729
----------------- Done invoking toplevel() on ptolemy.moml.MoMLSimpleApplication@75aa2729
reloadAllAccessors: .HybridPlant

===========================================================================================
----------------- testing Mon Aug 13 01:58:09 UTC 2018 /home/travis/build/icyphy/ptII/ptolemy/domains/continuous/test/auto/Hysteresis.xml
----------------- Instantiating /home/travis/build/icyphy/ptII/ptolemy/domains/continuous/test/auto/Hysteresis.xml
151 ms. Memory: 589824K Free: 323426K (55%)
----------------- Invoking toplevel() on ptolemy.moml.MoMLSimpleApplication@575b46c7
----------------- Done invoking toplevel() on ptolemy.moml.MoMLSimpleApplication@575b46c7
reloadAllAccessors: .Hysteresis

===========================================================================================
----------------- testing Mon Aug 13 01:58:09 UTC 2018 /home/travis/build/icyphy/ptII/ptolemy/domains/continuous/test/auto/HysteresisWithRandomDelay.xml
----------------- Instantiating /home/travis/build/icyphy/ptII/ptolemy/domains/continuous/test/auto/HysteresisWithRandomDelay.xml
184 ms. Memory: 589824K Free: 240971K (41%)
----------------- Invoking toplevel() on ptolemy.moml.MoMLSimpleApplication@54b80a95
----------------- Done invoking toplevel() on ptolemy.moml.MoMLSimpleApplication@54b80a95
reloadAllAccessors: .HysteresisWithRandomDelay

===========================================================================================
----------------- testing Mon Aug 13 01:58:10 UTC 2018 /home/travis/build/icyphy/ptII/ptolemy/domains/continuous/test/auto/HysteresisWithRandomLosses.xml
----------------- Instantiating /home/travis/build/icyphy/ptII/ptolemy/domains/continuous/test/auto/HysteresisWithRandomLosses.xml
2466 ms. Memory: 543232K Free: 395006K (73%)
----------------- Invoking toplevel() on ptolemy.moml.MoMLSimpleApplication@3ea87815
----------------- Done invoking toplevel() on ptolemy.moml.MoMLSimpleApplication@3ea87815
reloadAllAccessors: .HysteresisWithRandomLosses

===========================================================================================
----------------- testing Mon Aug 13 01:58:12 UTC 2018 /home/travis/build/icyphy/ptII/ptolemy/domains/continuous/test/auto/ImmediateTransitions.xml
----------------- Instantiating /home/travis/build/icyphy/ptII/ptolemy/domains/continuous/test/auto/ImmediateTransitions.xml
9 ms. Memory: 543232K Free: 377202K (69%)
----------------- Invoking toplevel() on ptolemy.moml.MoMLSimpleApplication@216bba75
----------------- Done invoking toplevel() on ptolemy.moml.MoMLSimpleApplication@216bba75
reloadAllAccessors: .ImmediateTransitions

===========================================================================================
----------------- testing Mon Aug 13 01:58:12 UTC 2018 /home/travis/build/icyphy/ptII/ptolemy/domains/continuous/test/auto/ImpulseFeedback.xml
----------------- Instantiating /home/travis/build/icyphy/ptII/ptolemy/domains/continuous/test/auto/ImpulseFeedback.xml
9 ms. Memory: 543232K Free: 367152K (68%)
----------------- Invoking toplevel() on ptolemy.moml.MoMLSimpleApplication@10d47b3
----------------- Done invoking toplevel() on ptolemy.moml.MoMLSimpleApplication@10d47b3
reloadAllAccessors: .ImpulseFeedback

===========================================================================================
----------------- testing Mon Aug 13 01:58:12 UTC 2018 /home/travis/build/icyphy/ptII/ptolemy/domains/continuous/test/auto/ImpulseFeedback2.xml
----------------- Instantiating /home/travis/build/icyphy/ptII/ptolemy/domains/continuous/test/auto/ImpulseFeedback2.xml
6 ms. Memory: 543232K Free: 357109K (66%)
----------------- Invoking toplevel() on ptolemy.moml.MoMLSimpleApplication@33ce58f3
----------------- Done invoking toplevel() on ptolemy.moml.MoMLSimpleApplication@33ce58f3
reloadAllAccessors: .ImpulseFeedback2

===========================================================================================
----------------- testing Mon Aug 13 01:58:12 UTC 2018 /home/travis/build/icyphy/ptII/ptolemy/domains/continuous/test/auto/IncreasingRatePoisson.xml
----------------- Instantiating /home/travis/build/icyphy/ptII/ptolemy/domains/continuous/test/auto/IncreasingRatePoisson.xml
790 ms. Memory: 521728K Free: 453745K (87%)
----------------- Invoking toplevel() on ptolemy.moml.MoMLSimpleApplication@558127db
----------------- Done invoking toplevel() on ptolemy.moml.MoMLSimpleApplication@558127db
reloadAllAccessors: .IncreasingRatePoisson

===========================================================================================
----------------- testing Mon Aug 13 01:58:13 UTC 2018 /home/travis/build/icyphy/ptII/ptolemy/domains/continuous/test/auto/InitialStateFeedback.xml
----------------- Instantiating /home/travis/build/icyphy/ptII/ptolemy/domains/continuous/test/auto/InitialStateFeedback.xml
3 ms. Memory: 521728K Free: 445435K (85%)
----------------- Invoking toplevel() on ptolemy.moml.MoMLSimpleApplication@66d10ac
----------------- Done invoking toplevel() on ptolemy.moml.MoMLSimpleApplication@66d10ac
reloadAllAccessors: .InitialStateFeedback

===========================================================================================
----------------- testing Mon Aug 13 01:58:13 UTC 2018 /home/travis/build/icyphy/ptII/ptolemy/domains/continuous/test/auto/Integration.xml
----------------- Instantiating /home/travis/build/icyphy/ptII/ptolemy/domains/continuous/test/auto/Integration.xml
2 ms. Memory: 521728K Free: 438685K (84%)
----------------- Invoking toplevel() on ptolemy.moml.MoMLSimpleApplication@2a329f5e
----------------- Done invoking toplevel() on ptolemy.moml.MoMLSimpleApplication@2a329f5e
reloadAllAccessors: .Integration

===========================================================================================
----------------- testing Mon Aug 13 01:58:13 UTC 2018 /home/travis/build/icyphy/ptII/ptolemy/domains/continuous/test/auto/Integration2.xml
----------------- Instantiating /home/travis/build/icyphy/ptII/ptolemy/domains/continuous/test/auto/Integration2.xml
78 ms. Memory: 521728K Free: 420185K (81%)
----------------- Invoking toplevel() on ptolemy.moml.MoMLSimpleApplication@713b7002
----------------- Done invoking toplevel() on ptolemy.moml.MoMLSimpleApplication@713b7002
reloadAllAccessors: .Integration2

===========================================================================================
----------------- testing Mon Aug 13 01:58:13 UTC 2018 /home/travis/build/icyphy/ptII/ptolemy/domains/continuous/test/auto/Integration3.xml
----------------- Instantiating /home/travis/build/icyphy/ptII/ptolemy/domains/continuous/test/auto/Integration3.xml
3 ms. Memory: 521728K Free: 410484K (79%)
----------------- Invoking toplevel() on ptolemy.moml.MoMLSimpleApplication@5ae6fa4f
----------------- Done invoking toplevel() on ptolemy.moml.MoMLSimpleApplication@5ae6fa4f
reloadAllAccessors: .Integration3

===========================================================================================
----------------- testing Mon Aug 13 01:58:13 UTC 2018 /home/travis/build/icyphy/ptII/ptolemy/domains/continuous/test/auto/Integration5.xml
----------------- Instantiating /home/travis/build/icyphy/ptII/ptolemy/domains/continuous/test/auto/Integration5.xml
4 ms. Memory: 521728K Free: 403872K (77%)
----------------- Invoking toplevel() on ptolemy.moml.MoMLSimpleApplication@76640781
----------------- Done invoking toplevel() on ptolemy.moml.MoMLSimpleApplication@76640781
reloadAllAccessors: .Integration5

===========================================================================================
----------------- testing Mon Aug 13 01:58:13 UTC 2018 /home/travis/build/icyphy/ptII/ptolemy/domains/continuous/test/auto/IntegratorImpulse.xml
----------------- Instantiating /home/travis/build/icyphy/ptII/ptolemy/domains/continuous/test/auto/IntegratorImpulse.xml
2 ms. Memory: 521728K Free: 397122K (76%)
----------------- Invoking toplevel() on ptolemy.moml.MoMLSimpleApplication@6b6657be
----------------- Done invoking toplevel() on ptolemy.moml.MoMLSimpleApplication@6b6657be
reloadAllAccessors: .IntegratorImpulse

===========================================================================================
----------------- testing Mon Aug 13 01:58:13 UTC 2018 /home/travis/build/icyphy/ptII/ptolemy/domains/continuous/test/auto/IntegratorImpulse2.xml
----------------- Instantiating /home/travis/build/icyphy/ptII/ptolemy/domains/continuous/test/auto/IntegratorImpulse2.xml
4 ms. Memory: 521728K Free: 387436K (74%)
----------------- Invoking toplevel() on ptolemy.moml.MoMLSimpleApplication@77c2eab4
----------------- Done invoking toplevel() on ptolemy.moml.MoMLSimpleApplication@77c2eab4
reloadAllAccessors: .IntegratorImpulse2

===========================================================================================
----------------- testing Mon Aug 13 01:58:13 UTC 2018 /home/travis/build/icyphy/ptII/ptolemy/domains/continuous/test/auto/LevelCrossing1.xml
----------------- Instantiating /home/travis/build/icyphy/ptII/ptolemy/domains/continuous/test/auto/LevelCrossing1.xml
2 ms. Memory: 521728K Free: 377751K (72%)
----------------- Invoking toplevel() on ptolemy.moml.MoMLSimpleApplication@cd6ea29
----------------- Done invoking toplevel() on ptolemy.moml.MoMLSimpleApplication@cd6ea29
reloadAllAccessors: .LevelCrossing1

===========================================================================================
----------------- testing Mon Aug 13 01:58:13 UTC 2018 /home/travis/build/icyphy/ptII/ptolemy/domains/continuous/test/auto/LevelCrossing2.xml
----------------- Instantiating /home/travis/build/icyphy/ptII/ptolemy/domains/continuous/test/auto/LevelCrossing2.xml
3 ms. Memory: 521728K Free: 368066K (71%)
----------------- Invoking toplevel() on ptolemy.moml.MoMLSimpleApplication@c987a84
----------------- Done invoking toplevel() on ptolemy.moml.MoMLSimpleApplication@c987a84
reloadAllAccessors: .LevelCrossing2

===========================================================================================
----------------- testing Mon Aug 13 01:58:13 UTC 2018 /home/travis/build/icyphy/ptII/ptolemy/domains/continuous/test/auto/LevelCrossing3.xml
----------------- Instantiating /home/travis/build/icyphy/ptII/ptolemy/domains/continuous/test/auto/LevelCrossing3.xml
3 ms. Memory: 521728K Free: 358365K (69%)
----------------- Invoking toplevel() on ptolemy.moml.MoMLSimpleApplication@6b07c732
----------------- Done invoking toplevel() on ptolemy.moml.MoMLSimpleApplication@6b07c732
reloadAllAccessors: .LevelCrossing3

===========================================================================================
----------------- testing Mon Aug 13 01:58:13 UTC 2018 /home/travis/build/icyphy/ptII/ptolemy/domains/continuous/test/auto/LevelCrossing4.xml
----------------- Instantiating /home/travis/build/icyphy/ptII/ptolemy/domains/continuous/test/auto/LevelCrossing4.xml
3 ms. Memory: 521728K Free: 348664K (67%)
----------------- Invoking toplevel() on ptolemy.moml.MoMLSimpleApplication@67737c66
----------------- Done invoking toplevel() on ptolemy.moml.MoMLSimpleApplication@67737c66
reloadAllAccessors: .LevelCrossing4

===========================================================================================
----------------- testing Mon Aug 13 01:58:13 UTC 2018 /home/travis/build/icyphy/ptII/ptolemy/domains/continuous/test/auto/LevelCrossing5.xml
----------------- Instantiating /home/travis/build/icyphy/ptII/ptolemy/domains/continuous/test/auto/LevelCrossing5.xml
4 ms. Memory: 521728K Free: 338961K (65%)
----------------- Invoking toplevel() on ptolemy.moml.MoMLSimpleApplication@41ccec5
----------------- Done invoking toplevel() on ptolemy.moml.MoMLSimpleApplication@41ccec5
reloadAllAccessors: .LevelCrossing5

===========================================================================================
----------------- testing Mon Aug 13 01:58:13 UTC 2018 /home/travis/build/icyphy/ptII/ptolemy/domains/continuous/test/auto/LevelCrossing6.xml
----------------- Instantiating /home/travis/build/icyphy/ptII/ptolemy/domains/continuous/test/auto/LevelCrossing6.xml
[...]
reloadAllAccessors: .ResetTransitionWithStartTime5

===========================================================================================
----------------- testing Mon Aug 13 01:58:31 UTC 2018 /home/travis/build/icyphy/ptII/ptolemy/domains/continuous/test/auto/ResetTransitionWithStartTime6.xml
----------------- Instantiating /home/travis/build/icyphy/ptII/ptolemy/domains/continuous/test/auto/ResetTransitionWithStartTime6.xml
14 ms. Memory: 449024K Free: 253114K (56%)
----------------- Invoking toplevel() on ptolemy.moml.MoMLSimpleApplication@77a2e6a6
----------------- Done invoking toplevel() on ptolemy.moml.MoMLSimpleApplication@77a2e6a6
reloadAllAccessors: .ResetTransitionWithStartTime6

===========================================================================================
----------------- testing Mon Aug 13 01:58:31 UTC 2018 /home/travis/build/icyphy/ptII/ptolemy/domains/continuous/test/auto/SRinContinuous.xml
----------------- Instantiating /home/travis/build/icyphy/ptII/ptolemy/domains/continuous/test/auto/SRinContinuous.xml
5 ms. Memory: 449024K Free: 243138K (54%)
----------------- Invoking toplevel() on ptolemy.moml.MoMLSimpleApplication@5e1b7fdf
----------------- Done invoking toplevel() on ptolemy.moml.MoMLSimpleApplication@5e1b7fdf
reloadAllAccessors: .SRinContinuous

===========================================================================================
----------------- testing Mon Aug 13 01:58:31 UTC 2018 /home/travis/build/icyphy/ptII/ptolemy/domains/continuous/test/auto/SampledClocks.xml
----------------- Instantiating /home/travis/build/icyphy/ptII/ptolemy/domains/continuous/test/auto/SampledClocks.xml
4 ms. Memory: 449024K Free: 231420K (52%)
----------------- Invoking toplevel() on ptolemy.moml.MoMLSimpleApplication@7dbf1015
----------------- Done invoking toplevel() on ptolemy.moml.MoMLSimpleApplication@7dbf1015
reloadAllAccessors: .SampledClocks

===========================================================================================
----------------- testing Mon Aug 13 01:58:31 UTC 2018 /home/travis/build/icyphy/ptII/ptolemy/domains/continuous/test/auto/Satellite.xml
----------------- Instantiating /home/travis/build/icyphy/ptII/ptolemy/domains/continuous/test/auto/Satellite.xml
755 ms. Memory: 449024K Free: 54395K (12%)
----------------- Invoking toplevel() on ptolemy.moml.MoMLSimpleApplication@104757d5
----------------- Done invoking toplevel() on ptolemy.moml.MoMLSimpleApplication@104757d5
reloadAllAccessors: .Satellite

===========================================================================================
----------------- testing Mon Aug 13 01:58:32 UTC 2018 /home/travis/build/icyphy/ptII/ptolemy/domains/continuous/test/auto/SigmaDelta.xml
----------------- Instantiating /home/travis/build/icyphy/ptII/ptolemy/domains/continuous/test/auto/SigmaDelta.xml
2150 ms. Memory: 414208K Free: 342222K (83%)
----------------- Invoking toplevel() on ptolemy.moml.MoMLSimpleApplication@164b1dc8
----------------- Done invoking toplevel() on ptolemy.moml.MoMLSimpleApplication@164b1dc8
reloadAllAccessors: .SigmaDelta

===========================================================================================
----------------- testing Mon Aug 13 01:58:35 UTC 2018 /home/travis/build/icyphy/ptII/ptolemy/domains/continuous/test/auto/SinuBouncingBall.xml
----------------- Instantiating /home/travis/build/icyphy/ptII/ptolemy/domains/continuous/test/auto/SinuBouncingBall.xml
698 ms. Memory: 414208K Free: 119164K (29%)
----------------- Invoking toplevel() on ptolemy.moml.MoMLSimpleApplication@2d6c9e39
----------------- Done invoking toplevel() on ptolemy.moml.MoMLSimpleApplication@2d6c9e39
reloadAllAccessors: .SinuBouncingBall

===========================================================================================
----------------- testing Mon Aug 13 01:58:35 UTC 2018 /home/travis/build/icyphy/ptII/ptolemy/domains/continuous/test/auto/Sinusoid.xml
----------------- Instantiating /home/travis/build/icyphy/ptII/ptolemy/domains/continuous/test/auto/Sinusoid.xml
4 ms. Memory: 414208K Free: 111637K (27%)
----------------- Invoking toplevel() on ptolemy.moml.MoMLSimpleApplication@7d93f3cb
----------------- Done invoking toplevel() on ptolemy.moml.MoMLSimpleApplication@7d93f3cb
reloadAllAccessors: .Sinusoid

===========================================================================================
----------------- testing Mon Aug 13 01:58:35 UTC 2018 /home/travis/build/icyphy/ptII/ptolemy/domains/continuous/test/auto/SinusoidInNoise.xml
----------------- Instantiating /home/travis/build/icyphy/ptII/ptolemy/domains/continuous/test/auto/SinusoidInNoise.xml
879 ms. Memory: 395776K Free: 216550K (55%)
----------------- Invoking toplevel() on ptolemy.moml.MoMLSimpleApplication@41f5f58d
----------------- Done invoking toplevel() on ptolemy.moml.MoMLSimpleApplication@41f5f58d
reloadAllAccessors: .SinusoidInNoise

===========================================================================================
----------------- testing Mon Aug 13 01:58:36 UTC 2018 /home/travis/build/icyphy/ptII/ptolemy/domains/continuous/test/auto/SinusoidRK45.xml
----------------- Instantiating /home/travis/build/icyphy/ptII/ptolemy/domains/continuous/test/auto/SinusoidRK45.xml
2 ms. Memory: 395776K Free: 208182K (53%)
----------------- Invoking toplevel() on ptolemy.moml.MoMLSimpleApplication@60fb5cb9
----------------- Done invoking toplevel() on ptolemy.moml.MoMLSimpleApplication@60fb5cb9
reloadAllAccessors: .SinusoidRK45

===========================================================================================
----------------- testing Mon Aug 13 01:58:36 UTC 2018 /home/travis/build/icyphy/ptII/ptolemy/domains/continuous/test/auto/SinusoidWithMultipleImpulses.xml
----------------- Instantiating /home/travis/build/icyphy/ptII/ptolemy/domains/continuous/test/auto/SinusoidWithMultipleImpulses.xml
6 ms. Memory: 395776K Free: 200973K (51%)
----------------- Invoking toplevel() on ptolemy.moml.MoMLSimpleApplication@5ddd1f4e
----------------- Done invoking toplevel() on ptolemy.moml.MoMLSimpleApplication@5ddd1f4e
reloadAllAccessors: .SinusoidWithMultipleImpulses

===========================================================================================
----------------- testing Mon Aug 13 01:58:36 UTC 2018 /home/travis/build/icyphy/ptII/ptolemy/domains/continuous/test/auto/SquareWave.xml
----------------- Instantiating /home/travis/build/icyphy/ptII/ptolemy/domains/continuous/test/auto/SquareWave.xml
150 ms. Memory: 395776K Free: 172870K (44%)
----------------- Invoking toplevel() on ptolemy.moml.MoMLSimpleApplication@1ccc6e91
----------------- Done invoking toplevel() on ptolemy.moml.MoMLSimpleApplication@1ccc6e91
reloadAllAccessors: .SquareWave

===========================================================================================
----------------- testing Mon Aug 13 01:58:36 UTC 2018 /home/travis/build/icyphy/ptII/ptolemy/domains/continuous/test/auto/Starmac.xml
----------------- Instantiating /home/travis/build/icyphy/ptII/ptolemy/domains/continuous/test/auto/Starmac.xml
3049 ms. Memory: 383488K Free: 106141K (28%)
----------------- Invoking toplevel() on ptolemy.moml.MoMLSimpleApplication@35abbf29
----------------- Done invoking toplevel() on ptolemy.moml.MoMLSimpleApplication@35abbf29
reloadAllAccessors: .Starmac

===========================================================================================
----------------- testing Mon Aug 13 01:58:40 UTC 2018 /home/travis/build/icyphy/ptII/ptolemy/domains/continuous/test/auto/StaticUnits.xml
----------------- Instantiating /home/travis/build/icyphy/ptII/ptolemy/domains/continuous/test/auto/StaticUnits.xml
2130 ms. Memory: 354304K Free: 206074K (58%)
----------------- Invoking toplevel() on ptolemy.moml.MoMLSimpleApplication@1edaa409
----------------- Done invoking toplevel() on ptolemy.moml.MoMLSimpleApplication@1edaa409
reloadAllAccessors: .StaticUnits

===========================================================================================
----------------- testing Mon Aug 13 01:58:42 UTC 2018 /home/travis/build/icyphy/ptII/ptolemy/domains/continuous/test/auto/StickyMasses.xml
----------------- Instantiating /home/travis/build/icyphy/ptII/ptolemy/domains/continuous/test/auto/StickyMasses.xml
130 ms. Memory: 354304K Free: 148761K (42%)
----------------- Invoking toplevel() on ptolemy.moml.MoMLSimpleApplication@412faf33
----------------- Done invoking toplevel() on ptolemy.moml.MoMLSimpleApplication@412faf33
reloadAllAccessors: .StickyMasses

===========================================================================================
----------------- testing Mon Aug 13 01:58:43 UTC 2018 /home/travis/build/icyphy/ptII/ptolemy/domains/continuous/test/auto/StopTime.xml
----------------- Instantiating /home/travis/build/icyphy/ptII/ptolemy/domains/continuous/test/auto/StopTime.xml
37 ms. Memory: 354304K Free: 120443K (34%)
----------------- Invoking toplevel() on ptolemy.moml.MoMLSimpleApplication@160a613d
----------------- Done invoking toplevel() on ptolemy.moml.MoMLSimpleApplication@160a613d
reloadAllAccessors: .StopTime

===========================================================================================
----------------- testing Mon Aug 13 01:58:43 UTC 2018 /home/travis/build/icyphy/ptII/ptolemy/domains/continuous/test/auto/StopTime2.xml
----------------- Instantiating /home/travis/build/icyphy/ptII/ptolemy/domains/continuous/test/auto/StopTime2.xml
29 ms. Memory: 354304K Free: 95779K (27%)
----------------- Invoking toplevel() on ptolemy.moml.MoMLSimpleApplication@7bac0aef
----------------- Done invoking toplevel() on ptolemy.moml.MoMLSimpleApplication@7bac0aef
reloadAllAccessors: .StopTime2

===========================================================================================
----------------- testing Mon Aug 13 01:58:43 UTC 2018 /home/travis/build/icyphy/ptII/ptolemy/domains/continuous/test/auto/Switch.xml
----------------- Instantiating /home/travis/build/icyphy/ptII/ptolemy/domains/continuous/test/auto/Switch.xml
47 ms. Memory: 354304K Free: 67452K (19%)
----------------- Invoking toplevel() on ptolemy.moml.MoMLSimpleApplication@57b160f3
----------------- Done invoking toplevel() on ptolemy.moml.MoMLSimpleApplication@57b160f3
reloadAllAccessors: .Switch

===========================================================================================
----------------- testing Mon Aug 13 01:58:43 UTC 2018 /home/travis/build/icyphy/ptII/ptolemy/domains/continuous/test/auto/Thermostat.xml
----------------- Instantiating /home/travis/build/icyphy/ptII/ptolemy/domains/continuous/test/auto/Thermostat.xml
181 ms. Memory: 342528K Free: 252391K (74%)
----------------- Invoking toplevel() on ptolemy.moml.MoMLSimpleApplication@4bb41610
----------------- Done invoking toplevel() on ptolemy.moml.MoMLSimpleApplication@4bb41610
reloadAllAccessors: .Thermostat

===========================================================================================
----------------- testing Mon Aug 13 01:58:43 UTC 2018 /home/travis/build/icyphy/ptII/ptolemy/domains/continuous/test/auto/TimeDelay.xml
----------------- Instantiating /home/travis/build/icyphy/ptII/ptolemy/domains/continuous/test/auto/TimeDelay.xml
6 ms. Memory: 342528K Free: 245191K (72%)
----------------- Invoking toplevel() on ptolemy.moml.MoMLSimpleApplication@4aa154d6
----------------- Done invoking toplevel() on ptolemy.moml.MoMLSimpleApplication@4aa154d6
reloadAllAccessors: .TimeDelay

===========================================================================================
----------------- testing Mon Aug 13 01:58:43 UTC 2018 /home/travis/build/icyphy/ptII/ptolemy/domains/continuous/test/auto/TimeDelay2.xml
----------------- Instantiating /home/travis/build/icyphy/ptII/ptolemy/domains/continuous/test/auto/TimeDelay2.xml
10 ms. Memory: 342528K Free: 235537K (69%)
----------------- Invoking toplevel() on ptolemy.moml.MoMLSimpleApplication@8212dc0
----------------- Done invoking toplevel() on ptolemy.moml.MoMLSimpleApplication@8212dc0
reloadAllAccessors: .TimeDelay2

===========================================================================================
----------------- testing Mon Aug 13 01:58:43 UTC 2018 /home/travis/build/icyphy/ptII/ptolemy/domains/continuous/test/auto/TimeDelay3.xml
----------------- Instantiating /home/travis/build/icyphy/ptII/ptolemy/domains/continuous/test/auto/TimeDelay3.xml
6 ms. Memory: 342528K Free: 229372K (67%)
----------------- Invoking toplevel() on ptolemy.moml.MoMLSimpleApplication@3e82fbc
----------------- Done invoking toplevel() on ptolemy.moml.MoMLSimpleApplication@3e82fbc
reloadAllAccessors: .TimeDelay3

===========================================================================================
----------------- testing Mon Aug 13 01:58:43 UTC 2018 /home/travis/build/icyphy/ptII/ptolemy/domains/continuous/test/auto/TransferAbsentToInside.xml
----------------- Instantiating /home/travis/build/icyphy/ptII/ptolemy/domains/continuous/test/auto/TransferAbsentToInside.xml
59 ms. Memory: 342528K Free: 170774K (50%)
----------------- Invoking toplevel() on ptolemy.moml.MoMLSimpleApplication@ea032f0
----------------- Done invoking toplevel() on ptolemy.moml.MoMLSimpleApplication@ea032f0
reloadAllAccessors: .TransferAbsentToInside

===========================================================================================
----------------- testing Mon Aug 13 01:58:43 UTC 2018 /home/travis/build/icyphy/ptII/ptolemy/domains/continuous/test/auto/Transmission.xml
----------------- Instantiating /home/travis/build/icyphy/ptII/ptolemy/domains/continuous/test/auto/Transmission.xml
755 ms. Memory: 339456K Free: 188790K (56%)
----------------- Invoking toplevel() on ptolemy.moml.MoMLSimpleApplication@2718ed43
----------------- Done invoking toplevel() on ptolemy.moml.MoMLSimpleApplication@2718ed43
reloadAllAccessors: .Transmission

===========================================================================================
----------------- testing Mon Aug 13 01:58:44 UTC 2018 /home/travis/build/icyphy/ptII/ptolemy/domains/continuous/test/auto/TriggeredContinuousClock.xml
----------------- Instantiating /home/travis/build/icyphy/ptII/ptolemy/domains/continuous/test/auto/TriggeredContinuousClock.xml
43 ms. Memory: 339456K Free: 155104K (46%)
----------------- Invoking toplevel() on ptolemy.moml.MoMLSimpleApplication@245bef0d
----------------- Done invoking toplevel() on ptolemy.moml.MoMLSimpleApplication@245bef0d
reloadAllAccessors: .TriggeredContinuousClock

===========================================================================================
----------------- testing Mon Aug 13 01:58:44 UTC 2018 /home/travis/build/icyphy/ptII/ptolemy/domains/continuous/test/auto/TwoMachineInfiniteBusControl.xml
----------------- Instantiating /home/travis/build/icyphy/ptII/ptolemy/domains/continuous/test/auto/TwoMachineInfiniteBusControl.xml
2809 ms. Memory: 310272K Free: 58446K (19%)
----------------- Invoking toplevel() on ptolemy.moml.MoMLSimpleApplication@768535e2
----------------- Done invoking toplevel() on ptolemy.moml.MoMLSimpleApplication@768535e2
reloadAllAccessors: .TwoMachineInfiniteBusControl

===========================================================================================
----------------- testing Mon Aug 13 01:58:47 UTC 2018 /home/travis/build/icyphy/ptII/ptolemy/domains/continuous/test/auto/V2V.xml
----------------- Instantiating /home/travis/build/icyphy/ptII/ptolemy/domains/continuous/test/auto/V2V.xml
789 ms. Memory: 301056K Free: 82074K (27%)
----------------- Invoking toplevel() on ptolemy.moml.MoMLSimpleApplication@1036db37
----------------- Done invoking toplevel() on ptolemy.moml.MoMLSimpleApplication@1036db37
reloadAllAccessors: .V2V

===========================================================================================
----------------- testing Mon Aug 13 01:58:48 UTC 2018 /home/travis/build/icyphy/ptII/ptolemy/domains/continuous/test/auto/hierarchicalModalModel.xml
----------------- Instantiating /home/travis/build/icyphy/ptII/ptolemy/domains/continuous/test/auto/hierarchicalModalModel.xml
9 ms. Memory: 301056K Free: 64605K (21%)
----------------- Invoking toplevel() on ptolemy.moml.MoMLSimpleApplication@5fad902d
----------------- Done invoking toplevel() on ptolemy.moml.MoMLSimpleApplication@5fad902d
reloadAllAccessors: .hierarchicalModalModel

===========================================================================================
----------------- testing Mon Aug 13 01:58:48 UTC 2018 /home/travis/build/icyphy/ptII/ptolemy/domains/continuous/test/auto/hierarchicalModalModel1.xml
----------------- Instantiating /home/travis/build/icyphy/ptII/ptolemy/domains/continuous/test/auto/hierarchicalModalModel1.xml
12 ms. Memory: 301056K Free: 48236K (16%)
----------------- Invoking toplevel() on ptolemy.moml.MoMLSimpleApplication@2e8321b8
----------------- Done invoking toplevel() on ptolemy.moml.MoMLSimpleApplication@2e8321b8
reloadAllAccessors: .hierarchicalModalModel1

===========================================================================================
----------------- testing Mon Aug 13 01:58:48 UTC 2018 /home/travis/build/icyphy/ptII/ptolemy/domains/continuous/test/auto/hierarchicalModalModel2.xml
----------------- Instantiating /home/travis/build/icyphy/ptII/ptolemy/domains/continuous/test/auto/hierarchicalModalModel2.xml
7 ms. Memory: 301056K Free: 32999K (11%)
----------------- Invoking toplevel() on ptolemy.moml.MoMLSimpleApplication@a340b67
----------------- Done invoking toplevel() on ptolemy.moml.MoMLSimpleApplication@a340b67
reloadAllAccessors: .hierarchicalModalModel2

===========================================================================================
----------------- testing Mon Aug 13 01:58:48 UTC 2018 /home/travis/build/icyphy/ptII/ptolemy/domains/continuous/test/auto/hierarchicalModalModel3.xml
----------------- Instantiating /home/travis/build/icyphy/ptII/ptolemy/domains/continuous/test/auto/hierarchicalModalModel3.xml
5 ms. Memory: 301056K Free: 19925K (7%)
----------------- Invoking toplevel() on ptolemy.moml.MoMLSimpleApplication@39be57d7
----------------- Done invoking toplevel() on ptolemy.moml.MoMLSimpleApplication@39be57d7
reloadAllAccessors: .hierarchicalModalModel3

===========================================================================================
----------------- testing Mon Aug 13 01:58:48 UTC 2018 /home/travis/build/icyphy/ptII/ptolemy/domains/continuous/test/auto/hierarchicalModalModel4.xml
----------------- Instantiating /home/travis/build/icyphy/ptII/ptolemy/domains/continuous/test/auto/hierarchicalModalModel4.xml
4 ms. Memory: 291840K Free: 215368K (74%)
----------------- Invoking toplevel() on ptolemy.moml.MoMLSimpleApplication@10a21773
----------------- Done invoking toplevel() on ptolemy.moml.MoMLSimpleApplication@10a21773
reloadAllAccessors: .hierarchicalModalModel4

===========================================================================================
----------------- testing Mon Aug 13 01:58:48 UTC 2018 /home/travis/build/icyphy/ptII/ptolemy/domains/continuous/test/auto/junk.xml
----------------- Instantiating /home/travis/build/icyphy/ptII/ptolemy/domains/continuous/test/auto/junk.xml
151 ms. Memory: 291840K Free: 183930K (63%)
----------------- Invoking toplevel() on ptolemy.moml.MoMLSimpleApplication@67ec3c5a
----------------- Done invoking toplevel() on ptolemy.moml.MoMLSimpleApplication@67ec3c5a
reloadAllAccessors: .junk
AutoTests.java: About to close Vertx.
AutoTests.java: Vertx closed.
]]></system-out>
  <system-err><![CDATA[Warning: '.HysteresisWithRandomDelay.NonStrictTest3' The test produced only 24 tokens, yet the correctValues parameter was expecting 30 tokens.
Warning: '.Poisson.NonStrictTest' The test produced only 393 tokens, yet the correctValues parameter was expecting 430 tokens.
]]></system-err>
</testsuite>
