<?xml version="1.0" encoding="UTF-8" ?>
<testsuite errors="0" failures="0" hostname="travis-job-532556be-fee6-4842-ae4b-8c069eda2d7f" name="ptolemy.domains.sdf.test.junit.JUnitTclTest" skipped="0" tests="66" time="18.768" timestamp="2019-12-21T06:48:10">
  <properties>
[...]
</properties>
  <testcase classname="ptolemy.util.test.junit.TclTests" name="[0] /home/travis/build/icyphy/ptII/ptolemy/domains/sdf/test/SDFSchedulerErrors.tcl (RunTclFile)" time="0.799" />
  <testcase classname="ptolemy.util.test.junit.TclTests" name="[1] /home/travis/build/icyphy/ptII/ptolemy/domains/sdf/test/composition.tcl (RunTclFile)" time="0.168" />
  <testcase classname="ptolemy.util.test.junit.TclTests" name="[2] /home/travis/build/icyphy/ptII/ptolemy/domains/sdf/test/cycle.tcl (RunTclFile)" time="0.047" />
  <testcase classname="ptolemy.util.test.junit.AutoKnownFailedTests" name="[0] ThereAreNoKnowFailedTests (RunModel)" time="0.007" />
  <testcase classname="ptolemy.util.test.junit.AutoNameArchTests" name="[0] ThereAreNoAutoArchTests (RunModel)" time="0.002" />
  <testcase classname="ptolemy.util.test.junit.AutoTests" name="[0] /home/travis/build/icyphy/ptII/ptolemy/domains/sdf/test/auto/Array.xml (RunModel)" time="0.226" />
  <testcase classname="ptolemy.util.test.junit.AutoTests" name="[1] /home/travis/build/icyphy/ptII/ptolemy/domains/sdf/test/auto/Butterfly.xml (RunModel)" time="0.143" />
  <testcase classname="ptolemy.util.test.junit.AutoTests" name="[2] /home/travis/build/icyphy/ptII/ptolemy/domains/sdf/test/auto/Expression.xml (RunModel)" time="0.092" />
  <testcase classname="ptolemy.util.test.junit.AutoTests" name="[3] /home/travis/build/icyphy/ptII/ptolemy/domains/sdf/test/auto/Eye.xml (RunModel)" time="0.26" />
  <testcase classname="ptolemy.util.test.junit.AutoTests" name="[4] /home/travis/build/icyphy/ptII/ptolemy/domains/sdf/test/auto/FixFIR.xml (RunModel)" time="0.333" />
  <testcase classname="ptolemy.util.test.junit.AutoTests" name="[5] /home/travis/build/icyphy/ptII/ptolemy/domains/sdf/test/auto/FixPoint.xml (RunModel)" time="0.041" />
  <testcase classname="ptolemy.util.test.junit.AutoTests" name="[6] /home/travis/build/icyphy/ptII/ptolemy/domains/sdf/test/auto/Gravitation.xml (RunModel)" time="3.262" />
  <testcase classname="ptolemy.util.test.junit.AutoTests" name="[7] /home/travis/build/icyphy/ptII/ptolemy/domains/sdf/test/auto/GravitationWithCollisionDetection.xml (RunModel)" time="5.605" />
  <testcase classname="ptolemy.util.test.junit.AutoTests" name="[8] /home/travis/build/icyphy/ptII/ptolemy/domains/sdf/test/auto/HDF.xml (RunModel)" time="0.116" />
  <testcase classname="ptolemy.util.test.junit.AutoTests" name="[9] /home/travis/build/icyphy/ptII/ptolemy/domains/sdf/test/auto/HDFwithTransientStates.xml (RunModel)" time="0.068" />
  <testcase classname="ptolemy.util.test.junit.AutoTests" name="[10] /home/travis/build/icyphy/ptII/ptolemy/domains/sdf/test/auto/HTVQ.xml (RunModel)" time="0.718" />
  <testcase classname="ptolemy.util.test.junit.AutoTests" name="[11] /home/travis/build/icyphy/ptII/ptolemy/domains/sdf/test/auto/InferInitProduction.xml (RunModel)" time="0.018" />
  <testcase classname="ptolemy.util.test.junit.AutoTests" name="[12] /home/travis/build/icyphy/ptII/ptolemy/domains/sdf/test/auto/InferInitProductionDeeper.xml (RunModel)" time="0.029" />
  <testcase classname="ptolemy.util.test.junit.AutoTests" name="[13] /home/travis/build/icyphy/ptII/ptolemy/domains/sdf/test/auto/LMSAdaptive.xml (RunModel)" time="0.082" />
  <testcase classname="ptolemy.util.test.junit.AutoTests" name="[14] /home/travis/build/icyphy/ptII/ptolemy/domains/sdf/test/auto/LogisticMap.xml (RunModel)" time="0.467" />
  <testcase classname="ptolemy.util.test.junit.AutoTests" name="[15] /home/travis/build/icyphy/ptII/ptolemy/domains/sdf/test/auto/MaximumEntropySpectrum.xml (RunModel)" time="0.269" />
  <testcase classname="ptolemy.util.test.junit.AutoTests" name="[16] /home/travis/build/icyphy/ptII/ptolemy/domains/sdf/test/auto/MultirateSDF.xml (RunModel)" time="0.058" />
  <testcase classname="ptolemy.util.test.junit.AutoTests" name="[17] /home/travis/build/icyphy/ptII/ptolemy/domains/sdf/test/auto/MultirateSDFwithTransientStates.xml (RunModel)" time="0.069" />
  <testcase classname="ptolemy.util.test.junit.AutoTests" name="[18] /home/travis/build/icyphy/ptII/ptolemy/domains/sdf/test/auto/NoisySinewave.xml (RunModel)" time="0.056" />
  <testcase classname="ptolemy.util.test.junit.AutoTests" name="[19] /home/travis/build/icyphy/ptII/ptolemy/domains/sdf/test/auto/Objects.xml (RunModel)" time="0.04" />
  <testcase classname="ptolemy.util.test.junit.AutoTests" name="[20] /home/travis/build/icyphy/ptII/ptolemy/domains/sdf/test/auto/OrthogonalCom.xml (RunModel)" time="0.037" />
  <testcase classname="ptolemy.util.test.junit.AutoTests" name="[21] /home/travis/build/icyphy/ptII/ptolemy/domains/sdf/test/auto/RijndaelEncryption.xml (RunModel)" time="0.456" />
  <testcase classname="ptolemy.util.test.junit.AutoTests" name="[22] /home/travis/build/icyphy/ptII/ptolemy/domains/sdf/test/auto/SDFEmptyIterations.xml (RunModel)" time="0.018" />
  <testcase classname="ptolemy.util.test.junit.AutoTests" name="[23] /home/travis/build/icyphy/ptII/ptolemy/domains/sdf/test/auto/Spectrum.xml (RunModel)" time="0.098" />
  <testcase classname="ptolemy.util.test.junit.AutoTests" name="[24] /home/travis/build/icyphy/ptII/ptolemy/domains/sdf/test/auto/de_inside_sdf.xml (RunModel)" time="0.022" />
  <testcase classname="ptolemy.util.test.junit.AutoTests" name="[25] /home/travis/build/icyphy/ptII/ptolemy/domains/sdf/test/auto/disconnectedHierarchicalSDF.xml (RunModel)" time="0.021" />
  <testcase classname="ptolemy.util.test.junit.AutoTests" name="[26] /home/travis/build/icyphy/ptII/ptolemy/domains/sdf/test/auto/disconnectedSDF.xml (RunModel)" time="0.015" />
  <testcase classname="ptolemy.util.test.junit.AutoTests" name="[27] /home/travis/build/icyphy/ptII/ptolemy/domains/sdf/test/auto/emptyRefinement.xml (RunModel)" time="0.019" />
  <testcase classname="ptolemy.util.test.junit.AutoTests" name="[28] /home/travis/build/icyphy/ptII/ptolemy/domains/sdf/test/auto/filePortParameter.xml (RunModel)" time="0.05" />
  <testcase classname="ptolemy.util.test.junit.AutoTests" name="[29] /home/travis/build/icyphy/ptII/ptolemy/domains/sdf/test/auto/inferRelationWidth1.xml (RunModel)" time="0.015" />
  <testcase classname="ptolemy.util.test.junit.AutoTests" name="[30] /home/travis/build/icyphy/ptII/ptolemy/domains/sdf/test/auto/initProductionInference.xml (RunModel)" time="0.02" />
  <testcase classname="ptolemy.util.test.junit.AutoTests" name="[31] /home/travis/build/icyphy/ptII/ptolemy/domains/sdf/test/auto/relationGroup.xml (RunModel)" time="0.023" />
  <testcase classname="ptolemy.util.test.junit.AutoTests" name="[32] /home/travis/build/icyphy/ptII/ptolemy/domains/sdf/test/auto/relationGroup10.xml (RunModel)" time="0.013" />
  <testcase classname="ptolemy.util.test.junit.AutoTests" name="[33] /home/travis/build/icyphy/ptII/ptolemy/domains/sdf/test/auto/relationGroup11.xml (RunModel)" time="0.011" />
  <testcase classname="ptolemy.util.test.junit.AutoTests" name="[34] /home/travis/build/icyphy/ptII/ptolemy/domains/sdf/test/auto/relationGroup12.xml (RunModel)" time="0.01" />
  <testcase classname="ptolemy.util.test.junit.AutoTests" name="[35] /home/travis/build/icyphy/ptII/ptolemy/domains/sdf/test/auto/relationGroup13.xml (RunModel)" time="0.011" />
  <testcase classname="ptolemy.util.test.junit.AutoTests" name="[36] /home/travis/build/icyphy/ptII/ptolemy/domains/sdf/test/auto/relationGroup14.xml (RunModel)" time="0.009" />
  <testcase classname="ptolemy.util.test.junit.AutoTests" name="[37] /home/travis/build/icyphy/ptII/ptolemy/domains/sdf/test/auto/relationGroup15.xml (RunModel)" time="0.009" />
  <testcase classname="ptolemy.util.test.junit.AutoTests" name="[38] /home/travis/build/icyphy/ptII/ptolemy/domains/sdf/test/auto/relationGroup2.xml (RunModel)" time="0.006" />
  <testcase classname="ptolemy.util.test.junit.AutoTests" name="[39] /home/travis/build/icyphy/ptII/ptolemy/domains/sdf/test/auto/relationGroup3.xml (RunModel)" time="0.006" />
  <testcase classname="ptolemy.util.test.junit.AutoTests" name="[40] /home/travis/build/icyphy/ptII/ptolemy/domains/sdf/test/auto/relationGroup4.xml (RunModel)" time="0.015" />
  <testcase classname="ptolemy.util.test.junit.AutoTests" name="[41] /home/travis/build/icyphy/ptII/ptolemy/domains/sdf/test/auto/relationGroup5.xml (RunModel)" time="0.014" />
  <testcase classname="ptolemy.util.test.junit.AutoTests" name="[42] /home/travis/build/icyphy/ptII/ptolemy/domains/sdf/test/auto/relationGroup6.xml (RunModel)" time="0.01" />
  <testcase classname="ptolemy.util.test.junit.AutoTests" name="[43] /home/travis/build/icyphy/ptII/ptolemy/domains/sdf/test/auto/relationGroup7.xml (RunModel)" time="0.009" />
  <testcase classname="ptolemy.util.test.junit.AutoTests" name="[44] /home/travis/build/icyphy/ptII/ptolemy/domains/sdf/test/auto/relationGroup8.xml (RunModel)" time="0.012" />
  <testcase classname="ptolemy.util.test.junit.AutoTests" name="[45] /home/travis/build/icyphy/ptII/ptolemy/domains/sdf/test/auto/relationGroup9.xml (RunModel)" time="0.011" />
  <testcase classname="ptolemy.util.test.junit.AutoTests" name="[46] /home/travis/build/icyphy/ptII/ptolemy/domains/sdf/test/auto/sdf_inside_de.xml (RunModel)" time="0.029" />
  <testcase classname="ptolemy.util.test.junit.AutoTests" name="[47] /home/travis/build/icyphy/ptII/ptolemy/domains/sdf/test/auto/sdf_inside_pn.xml (RunModel)" time="0.037" />
  <testcase classname="ptolemy.util.test.junit.AutoTests" name="[48] /home/travis/build/icyphy/ptII/ptolemy/domains/sdf/test/auto/sdf_sdf1.xml (RunModel)" time="0.019" />
  <testcase classname="ptolemy.util.test.junit.AutoTests" name="[49] /home/travis/build/icyphy/ptII/ptolemy/domains/sdf/test/auto/test1.xml (RunModel)" time="0.012" />
  <testcase classname="ptolemy.util.test.junit.AutoTests" name="[50] /home/travis/build/icyphy/ptII/ptolemy/domains/sdf/test/auto/time1.xml (RunModel)" time="0.008" />
  <testcase classname="ptolemy.util.test.junit.AutoTests" name="[51] /home/travis/build/icyphy/ptII/ptolemy/domains/sdf/test/auto/time2.xml (RunModel)" time="0.007" />
  <testcase classname="ptolemy.util.test.junit.AutoTests" name="[52] /home/travis/build/icyphy/ptII/ptolemy/domains/sdf/test/auto/time3.xml (RunModel)" time="0.019" />
  <testcase classname="ptolemy.util.test.junit.AutoTests" name="[53] /home/travis/build/icyphy/ptII/ptolemy/domains/sdf/test/auto/time4.xml (RunModel)" time="0.014" />
  <testcase classname="ptolemy.util.test.junit.AutoTests" name="[54] /home/travis/build/icyphy/ptII/ptolemy/domains/sdf/test/auto/time5.xml (RunModel)" time="4.006" />
  <testcase classname="ptolemy.util.test.junit.AutoTests" name="[55] /home/travis/build/icyphy/ptII/ptolemy/domains/sdf/test/auto/typeSystem_Const_Integer_smallest_Type.xml (RunModel)" time="0.022" />
  <testcase classname="ptolemy.util.test.junit.AutoTests" name="[56] /home/travis/build/icyphy/ptII/ptolemy/domains/sdf/test/auto/typeSystem_declared_Inports_OutportTypeException.xml (RunModel)" time="0.017" />
  <testcase classname="ptolemy.util.test.junit.AutoTests" name="[57] /home/travis/build/icyphy/ptII/ptolemy/domains/sdf/test/auto/typeSystem_oneDeclaredInportType_wrongTypeOutport.xml (RunModel)" time="0.013" />
  <testcase classname="ptolemy.util.test.junit.AutoTests" name="[58] /home/travis/build/icyphy/ptII/ptolemy/domains/sdf/test/auto/width.xml (RunModel)" time="0.009" />
  <testcase classname="ptolemy.util.test.junit.AutoTests" name="[59] /home/travis/build/icyphy/ptII/ptolemy/domains/sdf/test/auto/width2.xml (RunModel)" time="0.038" />
  <testcase classname="ptolemy.util.test.junit.AutoTests" name="[60] /home/travis/build/icyphy/ptII/ptolemy/domains/sdf/test/auto/width3.xml (RunModel)" time="0.03" />
  <system-out><![CDATA[/home/travis/build/icyphy/ptII/ptolemy/domains/sdf/test/SDFSchedulerErrors.tcl
testDefs.tcl: setting time out to 9000 seconds at Sat Dec 21 06:48:10 UTC 2019
46 ms. Memory: 129024K Free: 90565K (70%)
11 ms. Memory: 129024K Free: 82887K (64%)
15 ms. Memory: 129024K Free: 76215K (59%)
8 ms. Memory: 129024K Free: 73671K (57%)
/home/travis/build/icyphy/ptII/ptolemy/domains/sdf/test/composition.tcl
38 ms. Memory: 129024K Free: 69575K (54%)
5 ms. Memory: 129024K Free: 67527K (52%)
/home/travis/build/icyphy/ptII/ptolemy/domains/sdf/test/cycle.tcl
.Toplevel.Director Preinitializing ...
Invoking preinitialize():  .Toplevel.Actor1
Invoking preinitialize():  .Toplevel.Actor2
Invoking preinitialize():  .Toplevel.Delay
.Toplevel.Director Finished preinitialize().
### Schedule:
Execute Schedule{
Fire Actor ptolemy.domains.sdf.kernel.test.SDFTestDelay {.Toplevel.Actor1}
Fire Actor ptolemy.domains.sdf.kernel.test.SDFTestDelay {.Toplevel.Actor2}
Fire Actor ptolemy.domains.sdf.lib.SampleDelay {.Toplevel.Delay}
}
### End schedule
Called initialize().
Invoking initialize():  .Toplevel.Actor1
Initializing actor: .Toplevel.Actor1.
Invoking initialize():  .Toplevel.Actor2
Initializing actor: .Toplevel.Actor2.
Invoking initialize():  .Toplevel.Delay
Initializing actor: .Toplevel.Delay.
Director: Called prefire().
-- Setting current time to 0.0
Director prefire returns true.
The actor .Toplevel.Actor1 will be iterated.
The actor .Toplevel.Actor1 was iterated.
The actor .Toplevel.Actor2 will be iterated.
The actor .Toplevel.Actor2 was iterated.
The actor .Toplevel.Delay will be iterated.
The actor .Toplevel.Delay was iterated.
Director: Called postfire().
Postfire returns: true
Director: Called prefire().
-- Setting current time to 0.0
Director prefire returns true.
The actor .Toplevel.Actor1 will be iterated.
The actor .Toplevel.Actor1 was iterated.
The actor .Toplevel.Actor2 will be iterated.
The actor .Toplevel.Actor2 was iterated.
The actor .Toplevel.Delay will be iterated.
The actor .Toplevel.Delay was iterated.
Director: Called postfire().
Postfire returns: true
Director: Called prefire().
-- Setting current time to 0.0
Director prefire returns true.
The actor .Toplevel.Actor1 will be iterated.
The actor .Toplevel.Actor1 was iterated.
The actor .Toplevel.Actor2 will be iterated.
The actor .Toplevel.Actor2 was iterated.
The actor .Toplevel.Delay will be iterated.
The actor .Toplevel.Delay was iterated.
Director: Called postfire().
Postfire returns: true
Director: Called prefire().
-- Setting current time to 0.0
Director prefire returns true.
The actor .Toplevel.Actor1 will be iterated.
The actor .Toplevel.Actor1 was iterated.
The actor .Toplevel.Actor2 will be iterated.
The actor .Toplevel.Actor2 was iterated.
The actor .Toplevel.Delay will be iterated.
The actor .Toplevel.Delay was iterated.
Director: Called postfire().
Postfire returns: true
Director: Called prefire().
-- Setting current time to 0.0
Director prefire returns true.
The actor .Toplevel.Actor1 will be iterated.
The actor .Toplevel.Actor1 was iterated.
The actor .Toplevel.Actor2 will be iterated.
The actor .Toplevel.Actor2 was iterated.
The actor .Toplevel.Delay will be iterated.
The actor .Toplevel.Delay was iterated.
Director: Called postfire().
Postfire returns: true
Director: Called prefire().
-- Setting current time to 0.0
Director prefire returns true.
The actor .Toplevel.Actor1 will be iterated.
The actor .Toplevel.Actor1 was iterated.
The actor .Toplevel.Actor2 will be iterated.
The actor .Toplevel.Actor2 was iterated.
The actor .Toplevel.Delay will be iterated.
The actor .Toplevel.Delay was iterated.
Reached specified number of iterations: 6
Director: Called wrapup().
30 ms. Memory: 129024K Free: 64455K (50%)
12/21/19 06:48:11
Failed: 0  Total Tests: 8  ((Passed: 8, Newly Passed: 0)  Known Failed: 0) /home/travis/build/icyphy/ptII/ptolemy/domains/sdf/test
No auto/knownFailedTests/*.xml tests in /home/travis/build/icyphy/ptII/ptolemy/domains/sdf/test
No auto/linux-amd64/*.xml tests in /home/travis/build/icyphy/ptII/ptolemy/domains/sdf/test
AutoTests.java: About to close Vertx.
AutoTests.java: Vertx closed.

===========================================================================================
----------------- testing Sat Dec 21 06:48:11 UTC 2019 /home/travis/build/icyphy/ptII/ptolemy/domains/sdf/test/auto/Array.xml
----------------- Instantiating /home/travis/build/icyphy/ptII/ptolemy/domains/sdf/test/auto/Array.xml
29 ms. Memory: 129024K Free: 111533K (86%)
----------------- Invoking toplevel() on ptolemy.moml.MoMLSimpleApplication@3ecab0a9
----------------- Done invoking toplevel() on ptolemy.moml.MoMLSimpleApplication@3ecab0a9
reloadAllAccessors: .Array

===========================================================================================
----------------- testing Sat Dec 21 06:48:12 UTC 2019 /home/travis/build/icyphy/ptII/ptolemy/domains/sdf/test/auto/Butterfly.xml
----------------- Instantiating /home/travis/build/icyphy/ptII/ptolemy/domains/sdf/test/auto/Butterfly.xml
86 ms. Memory: 129024K Free: 105389K (82%)
----------------- Invoking toplevel() on ptolemy.moml.MoMLSimpleApplication@6305e859
----------------- Done invoking toplevel() on ptolemy.moml.MoMLSimpleApplication@6305e859
reloadAllAccessors: .Butterfly

===========================================================================================
----------------- testing Sat Dec 21 06:48:12 UTC 2019 /home/travis/build/icyphy/ptII/ptolemy/domains/sdf/test/auto/Expression.xml
----------------- Instantiating /home/travis/build/icyphy/ptII/ptolemy/domains/sdf/test/auto/Expression.xml
49 ms. Memory: 129024K Free: 100895K (78%)
----------------- Invoking toplevel() on ptolemy.moml.MoMLSimpleApplication@79225bd2
----------------- Done invoking toplevel() on ptolemy.moml.MoMLSimpleApplication@79225bd2
reloadAllAccessors: .Expression

===========================================================================================
----------------- testing Sat Dec 21 06:48:12 UTC 2019 /home/travis/build/icyphy/ptII/ptolemy/domains/sdf/test/auto/Eye.xml
----------------- Instantiating /home/travis/build/icyphy/ptII/ptolemy/domains/sdf/test/auto/Eye.xml
133 ms. Memory: 129024K Free: 105327K (82%)
----------------- Invoking toplevel() on ptolemy.moml.MoMLSimpleApplication@1610d5fa
----------------- Done invoking toplevel() on ptolemy.moml.MoMLSimpleApplication@1610d5fa
reloadAllAccessors: .Eye

===========================================================================================
----------------- testing Sat Dec 21 06:48:12 UTC 2019 /home/travis/build/icyphy/ptII/ptolemy/domains/sdf/test/auto/FixFIR.xml
----------------- Instantiating /home/travis/build/icyphy/ptII/ptolemy/domains/sdf/test/auto/FixFIR.xml
173 ms. Memory: 129024K Free: 111488K (86%)
----------------- Invoking toplevel() on ptolemy.moml.MoMLSimpleApplication@6bbbf949
----------------- Done invoking toplevel() on ptolemy.moml.MoMLSimpleApplication@6bbbf949
reloadAllAccessors: .FixFIR

===========================================================================================
----------------- testing Sat Dec 21 06:48:12 UTC 2019 /home/travis/build/icyphy/ptII/ptolemy/domains/sdf/test/auto/FixPoint.xml
----------------- Instantiating /home/travis/build/icyphy/ptII/ptolemy/domains/sdf/test/auto/FixPoint.xml
11 ms. Memory: 129024K Free: 107077K (83%)
----------------- Invoking toplevel() on ptolemy.moml.MoMLSimpleApplication@2405f25d
----------------- Done invoking toplevel() on ptolemy.moml.MoMLSimpleApplication@2405f25d
reloadAllAccessors: .FixPoint

===========================================================================================
----------------- testing Sat Dec 21 06:48:12 UTC 2019 /home/travis/build/icyphy/ptII/ptolemy/domains/sdf/test/auto/Gravitation.xml
----------------- Instantiating /home/travis/build/icyphy/ptII/ptolemy/domains/sdf/test/auto/Gravitation.xml
3159 ms. Memory: 155648K Free: 83730K (54%)
----------------- Invoking toplevel() on ptolemy.moml.MoMLSimpleApplication@65860a94
----------------- Done invoking toplevel() on ptolemy.moml.MoMLSimpleApplication@65860a94
reloadAllAccessors: .Gravitation

===========================================================================================
----------------- testing Sat Dec 21 06:48:16 UTC 2019 /home/travis/build/icyphy/ptII/ptolemy/domains/sdf/test/auto/GravitationWithCollisionDetection.xml
----------------- Instantiating /home/travis/build/icyphy/ptII/ptolemy/domains/sdf/test/auto/GravitationWithCollisionDetection.xml
5424 ms. Memory: 274432K Free: 146565K (53%)
----------------- Invoking toplevel() on ptolemy.moml.MoMLSimpleApplication@3a6d0e89
----------------- Done invoking toplevel() on ptolemy.moml.MoMLSimpleApplication@3a6d0e89
reloadAllAccessors: .GravitationWithCollisionDetection

===========================================================================================
----------------- testing Sat Dec 21 06:48:21 UTC 2019 /home/travis/build/icyphy/ptII/ptolemy/domains/sdf/test/auto/HDF.xml
----------------- Instantiating /home/travis/build/icyphy/ptII/ptolemy/domains/sdf/test/auto/HDF.xml
40 ms. Memory: 274432K Free: 131205K (48%)
----------------- Invoking toplevel() on ptolemy.moml.MoMLSimpleApplication@4dac9737
----------------- Done invoking toplevel() on ptolemy.moml.MoMLSimpleApplication@4dac9737
reloadAllAccessors: .HDF

===========================================================================================
----------------- testing Sat Dec 21 06:48:21 UTC 2019 /home/travis/build/icyphy/ptII/ptolemy/domains/sdf/test/auto/HDFwithTransientStates.xml
----------------- Instantiating /home/travis/build/icyphy/ptII/ptolemy/domains/sdf/test/auto/HDFwithTransientStates.xml
27 ms. Memory: 274432K Free: 112259K (41%)
----------------- Invoking toplevel() on ptolemy.moml.MoMLSimpleApplication@cfdccd3
----------------- Done invoking toplevel() on ptolemy.moml.MoMLSimpleApplication@cfdccd3
reloadAllAccessors: .HDFwithTransientStates

===========================================================================================
----------------- testing Sat Dec 21 06:48:22 UTC 2019 /home/travis/build/icyphy/ptII/ptolemy/domains/sdf/test/auto/HTVQ.xml
----------------- Instantiating /home/travis/build/icyphy/ptII/ptolemy/domains/sdf/test/auto/HTVQ.xml
680 ms. Memory: 274432K Free: 104513K (38%)
----------------- Invoking toplevel() on ptolemy.moml.MoMLSimpleApplication@8806c14
----------------- Done invoking toplevel() on ptolemy.moml.MoMLSimpleApplication@8806c14
reloadAllAccessors: .HTVQ

===========================================================================================
----------------- testing Sat Dec 21 06:48:22 UTC 2019 /home/travis/build/icyphy/ptII/ptolemy/domains/sdf/test/auto/InferInitProduction.xml
----------------- Instantiating /home/travis/build/icyphy/ptII/ptolemy/domains/sdf/test/auto/InferInitProduction.xml
3 ms. Memory: 274432K Free: 99169K (36%)
----------------- Invoking toplevel() on ptolemy.moml.MoMLSimpleApplication@1d58d9b4
----------------- Done invoking toplevel() on ptolemy.moml.MoMLSimpleApplication@1d58d9b4
reloadAllAccessors: .InferInitProduction

===========================================================================================
----------------- testing Sat Dec 21 06:48:22 UTC 2019 /home/travis/build/icyphy/ptII/ptolemy/domains/sdf/test/auto/InferInitProductionDeeper.xml
----------------- Instantiating /home/travis/build/icyphy/ptII/ptolemy/domains/sdf/test/auto/InferInitProductionDeeper.xml
4 ms. Memory: 329728K Free: 309307K (94%)
----------------- Invoking toplevel() on ptolemy.moml.MoMLSimpleApplication@1ebcfd0a
----------------- Done invoking toplevel() on ptolemy.moml.MoMLSimpleApplication@1ebcfd0a
reloadAllAccessors: .InferInitProductionDeeper

===========================================================================================
----------------- testing Sat Dec 21 06:48:22 UTC 2019 /home/travis/build/icyphy/ptII/ptolemy/domains/sdf/test/auto/LMSAdaptive.xml
----------------- Instantiating /home/travis/build/icyphy/ptII/ptolemy/domains/sdf/test/auto/LMSAdaptive.xml
14 ms. Memory: 329728K Free: 299577K (91%)
----------------- Invoking toplevel() on ptolemy.moml.MoMLSimpleApplication@7e735cec
----------------- Done invoking toplevel() on ptolemy.moml.MoMLSimpleApplication@7e735cec
reloadAllAccessors: .LMSAdaptive

===========================================================================================
----------------- testing Sat Dec 21 06:48:22 UTC 2019 /home/travis/build/icyphy/ptII/ptolemy/domains/sdf/test/auto/LogisticMap.xml
----------------- Instantiating /home/travis/build/icyphy/ptII/ptolemy/domains/sdf/test/auto/LogisticMap.xml
433 ms. Memory: 329728K Free: 293947K (89%)
----------------- Invoking toplevel() on ptolemy.moml.MoMLSimpleApplication@43d9545f
----------------- Done invoking toplevel() on ptolemy.moml.MoMLSimpleApplication@43d9545f
reloadAllAccessors: .LogisticMap

===========================================================================================
----------------- testing Sat Dec 21 06:48:23 UTC 2019 /home/travis/build/icyphy/ptII/ptolemy/domains/sdf/test/auto/MaximumEntropySpectrum.xml
----------------- Instantiating /home/travis/build/icyphy/ptII/ptolemy/domains/sdf/test/auto/MaximumEntropySpectrum.xml
60 ms. Memory: 329728K Free: 232507K (71%)
----------------- Invoking toplevel() on ptolemy.moml.MoMLSimpleApplication@5694c455
----------------- Done invoking toplevel() on ptolemy.moml.MoMLSimpleApplication@5694c455
reloadAllAccessors: .MaximumEntropySpectrum

===========================================================================================
----------------- testing Sat Dec 21 06:48:23 UTC 2019 /home/travis/build/icyphy/ptII/ptolemy/domains/sdf/test/auto/MultirateSDF.xml
----------------- Instantiating /home/travis/build/icyphy/ptII/ptolemy/domains/sdf/test/auto/MultirateSDF.xml
21 ms. Memory: 329728K Free: 217643K (66%)
----------------- Invoking toplevel() on ptolemy.moml.MoMLSimpleApplication@7f8b9773
----------------- Done invoking toplevel() on ptolemy.moml.MoMLSimpleApplication@7f8b9773
reloadAllAccessors: .MultirateSDF

===========================================================================================
----------------- testing Sat Dec 21 06:48:23 UTC 2019 /home/travis/build/icyphy/ptII/ptolemy/domains/sdf/test/auto/MultirateSDFwithTransientStates.xml
----------------- Instantiating /home/travis/build/icyphy/ptII/ptolemy/domains/sdf/test/auto/MultirateSDFwithTransientStates.xml
17 ms. Memory: 329728K Free: 198715K (60%)
----------------- Invoking toplevel() on ptolemy.moml.MoMLSimpleApplication@77da11f0
----------------- Done invoking toplevel() on ptolemy.moml.MoMLSimpleApplication@77da11f0
reloadAllAccessors: .MultirateSDFwithTransientStates

===========================================================================================
----------------- testing Sat Dec 21 06:48:23 UTC 2019 /home/travis/build/icyphy/ptII/ptolemy/domains/sdf/test/auto/NoisySinewave.xml
----------------- Instantiating /home/travis/build/icyphy/ptII/ptolemy/domains/sdf/test/auto/NoisySinewave.xml
10 ms. Memory: 329728K Free: 182841K (55%)
----------------- Invoking toplevel() on ptolemy.moml.MoMLSimpleApplication@1d7b93c7
----------------- Done invoking toplevel() on ptolemy.moml.MoMLSimpleApplication@1d7b93c7
reloadAllAccessors: .NoisySinewave

===========================================================================================
----------------- testing Sat Dec 21 06:48:23 UTC 2019 /home/travis/build/icyphy/ptII/ptolemy/domains/sdf/test/auto/Objects.xml
----------------- Instantiating /home/travis/build/icyphy/ptII/ptolemy/domains/sdf/test/auto/Objects.xml
3 ms. Memory: 329728K Free: 174649K (53%)
----------------- Invoking toplevel() on ptolemy.moml.MoMLSimpleApplication@5a8fee4e
----------------- Done invoking toplevel() on ptolemy.moml.MoMLSimpleApplication@5a8fee4e
reloadAllAccessors: .Objects

===========================================================================================
----------------- testing Sat Dec 21 06:48:23 UTC 2019 /home/travis/build/icyphy/ptII/ptolemy/domains/sdf/test/auto/OrthogonalCom.xml
----------------- Instantiating /home/travis/build/icyphy/ptII/ptolemy/domains/sdf/test/auto/OrthogonalCom.xml
6 ms. Memory: 329728K Free: 166457K (50%)
----------------- Invoking toplevel() on ptolemy.moml.MoMLSimpleApplication@3bb40c8b
----------------- Done invoking toplevel() on ptolemy.moml.MoMLSimpleApplication@3bb40c8b
reloadAllAccessors: .OrthogonalCom

===========================================================================================
----------------- testing Sat Dec 21 06:48:23 UTC 2019 /home/travis/build/icyphy/ptII/ptolemy/domains/sdf/test/auto/RijndaelEncryption.xml
----------------- Instantiating /home/travis/build/icyphy/ptII/ptolemy/domains/sdf/test/auto/RijndaelEncryption.xml
203 ms. Memory: 329728K Free: 214525K (65%)
----------------- Invoking toplevel() on ptolemy.moml.MoMLSimpleApplication@37d419e0
----------------- Done invoking toplevel() on ptolemy.moml.MoMLSimpleApplication@37d419e0
reloadAllAccessors: .RijndaelEncryption

===========================================================================================
----------------- testing Sat Dec 21 06:48:24 UTC 2019 /home/travis/build/icyphy/ptII/ptolemy/domains/sdf/test/auto/SDFEmptyIterations.xml
----------------- Instantiating /home/travis/build/icyphy/ptII/ptolemy/domains/sdf/test/auto/SDFEmptyIterations.xml
5 ms. Memory: 329728K Free: 209919K (64%)
----------------- Invoking toplevel() on ptolemy.moml.MoMLSimpleApplication@543f86ef
----------------- Done invoking toplevel() on ptolemy.moml.MoMLSimpleApplication@543f86ef
reloadAllAccessors: .SDFEmptyIterations

===========================================================================================
----------------- testing Sat Dec 21 06:48:24 UTC 2019 /home/travis/build/icyphy/ptII/ptolemy/domains/sdf/test/auto/Spectrum.xml
----------------- Instantiating /home/travis/build/icyphy/ptII/ptolemy/domains/sdf/test/auto/Spectrum.xml
33 ms. Memory: 329728K Free: 185343K (56%)
----------------- Invoking toplevel() on ptolemy.moml.MoMLSimpleApplication@3015a83d
----------------- Done invoking toplevel() on ptolemy.moml.MoMLSimpleApplication@3015a83d
reloadAllAccessors: .Spectrum

===========================================================================================
----------------- testing Sat Dec 21 06:48:24 UTC 2019 /home/travis/build/icyphy/ptII/ptolemy/domains/sdf/test/auto/de_inside_sdf.xml
----------------- Instantiating /home/travis/build/icyphy/ptII/ptolemy/domains/sdf/test/auto/de_inside_sdf.xml
6 ms. Memory: 329728K Free: 180223K (55%)
----------------- Invoking toplevel() on ptolemy.moml.MoMLSimpleApplication@36ba44d3
----------------- Done invoking toplevel() on ptolemy.moml.MoMLSimpleApplication@36ba44d3
reloadAllAccessors: .de_inside_sdf

===========================================================================================
----------------- testing Sat Dec 21 06:48:24 UTC 2019 /home/travis/build/icyphy/ptII/ptolemy/domains/sdf/test/auto/disconnectedHierarchicalSDF.xml
----------------- Instantiating /home/travis/build/icyphy/ptII/ptolemy/domains/sdf/test/auto/disconnectedHierarchicalSDF.xml
3 ms. Memory: 329728K Free: 174079K (53%)
----------------- Invoking toplevel() on ptolemy.moml.MoMLSimpleApplication@52d2b31c
----------------- Done invoking toplevel() on ptolemy.moml.MoMLSimpleApplication@52d2b31c
reloadAllAccessors: .disconnectedHierarchicalSDF

===========================================================================================
----------------- testing Sat Dec 21 06:48:24 UTC 2019 /home/travis/build/icyphy/ptII/ptolemy/domains/sdf/test/auto/disconnectedSDF.xml
----------------- Instantiating /home/travis/build/icyphy/ptII/ptolemy/domains/sdf/test/auto/disconnectedSDF.xml
2 ms. Memory: 329728K Free: 169983K (52%)
----------------- Invoking toplevel() on ptolemy.moml.MoMLSimpleApplication@3572bb0a
----------------- Done invoking toplevel() on ptolemy.moml.MoMLSimpleApplication@3572bb0a
reloadAllAccessors: .disconnectedSDF

===========================================================================================
----------------- testing Sat Dec 21 06:48:24 UTC 2019 /home/travis/build/icyphy/ptII/ptolemy/domains/sdf/test/auto/emptyRefinement.xml
----------------- Instantiating /home/travis/build/icyphy/ptII/ptolemy/domains/sdf/test/auto/emptyRefinement.xml
5 ms. Memory: 329728K Free: 165373K (50%)
----------------- Invoking toplevel() on ptolemy.moml.MoMLSimpleApplication@3e0172ac
----------------- Done invoking toplevel() on ptolemy.moml.MoMLSimpleApplication@3e0172ac
reloadAllAccessors: .emptyRefinement

===========================================================================================
----------------- testing Sat Dec 21 06:48:24 UTC 2019 /home/travis/build/icyphy/ptII/ptolemy/domains/sdf/test/auto/filePortParameter.xml
----------------- Instantiating /home/travis/build/icyphy/ptII/ptolemy/domains/sdf/test/auto/filePortParameter.xml
15 ms. Memory: 329728K Free: 158205K (48%)
----------------- Invoking toplevel() on ptolemy.moml.MoMLSimpleApplication@2e483326
----------------- Done invoking toplevel() on ptolemy.moml.MoMLSimpleApplication@2e483326
reloadAllAccessors: .filePortParameter

===========================================================================================
----------------- testing Sat Dec 21 06:48:24 UTC 2019 /home/travis/build/icyphy/ptII/ptolemy/domains/sdf/test/auto/inferRelationWidth1.xml
----------------- Instantiating /home/travis/build/icyphy/ptII/ptolemy/domains/sdf/test/auto/inferRelationWidth1.xml
2 ms. Memory: 329728K Free: 155133K (47%)
----------------- Invoking toplevel() on ptolemy.moml.MoMLSimpleApplication@76471f0a
----------------- Done invoking toplevel() on ptolemy.moml.MoMLSimpleApplication@76471f0a
reloadAllAccessors: .inferRelationWidth1

===========================================================================================
----------------- testing Sat Dec 21 06:48:24 UTC 2019 /home/travis/build/icyphy/ptII/ptolemy/domains/sdf/test/auto/initProductionInference.xml
----------------- Instantiating /home/travis/build/icyphy/ptII/ptolemy/domains/sdf/test/auto/initProductionInference.xml
6 ms. Memory: 329728K Free: 151023K (46%)
----------------- Invoking toplevel() on ptolemy.moml.MoMLSimpleApplication@184b93ce
----------------- Done invoking toplevel() on ptolemy.moml.MoMLSimpleApplication@184b93ce
reloadAllAccessors: .initProductionInference

===========================================================================================
----------------- testing Sat Dec 21 06:48:24 UTC 2019 /home/travis/build/icyphy/ptII/ptolemy/domains/sdf/test/auto/relationGroup.xml
----------------- Instantiating /home/travis/build/icyphy/ptII/ptolemy/domains/sdf/test/auto/relationGroup.xml
1 ms. Memory: 329728K Free: 147965K (45%)
----------------- Invoking toplevel() on ptolemy.moml.MoMLSimpleApplication@4580187f
----------------- Done invoking toplevel() on ptolemy.moml.MoMLSimpleApplication@4580187f
reloadAllAccessors: .relationGroup

===========================================================================================
----------------- testing Sat Dec 21 06:48:24 UTC 2019 /home/travis/build/icyphy/ptII/ptolemy/domains/sdf/test/auto/relationGroup10.xml
----------------- Instantiating /home/travis/build/icyphy/ptII/ptolemy/domains/sdf/test/auto/relationGroup10.xml
2 ms. Memory: 329728K Free: 144383K (44%)
----------------- Invoking toplevel() on ptolemy.moml.MoMLSimpleApplication@72a99dbb
----------------- Done invoking toplevel() on ptolemy.moml.MoMLSimpleApplication@72a99dbb
reloadAllAccessors: .relationGroup10

===========================================================================================
----------------- testing Sat Dec 21 06:48:24 UTC 2019 /home/travis/build/icyphy/ptII/ptolemy/domains/sdf/test/auto/relationGroup11.xml
----------------- Instantiating /home/travis/build/icyphy/ptII/ptolemy/domains/sdf/test/auto/relationGroup11.xml
1 ms. Memory: 329728K Free: 140797K (43%)
----------------- Invoking toplevel() on ptolemy.moml.MoMLSimpleApplication@50337cde
----------------- Done invoking toplevel() on ptolemy.moml.MoMLSimpleApplication@50337cde
reloadAllAccessors: .relationGroup11

===========================================================================================
----------------- testing Sat Dec 21 06:48:24 UTC 2019 /home/travis/build/icyphy/ptII/ptolemy/domains/sdf/test/auto/relationGroup12.xml
----------------- Instantiating /home/travis/build/icyphy/ptII/ptolemy/domains/sdf/test/auto/relationGroup12.xml
2 ms. Memory: 329728K Free: 137215K (42%)
----------------- Invoking toplevel() on ptolemy.moml.MoMLSimpleApplication@6f92fde0
----------------- Done invoking toplevel() on ptolemy.moml.MoMLSimpleApplication@6f92fde0
reloadAllAccessors: .relationGroup12

===========================================================================================
----------------- testing Sat Dec 21 06:48:24 UTC 2019 /home/travis/build/icyphy/ptII/ptolemy/domains/sdf/test/auto/relationGroup13.xml
----------------- Instantiating /home/travis/build/icyphy/ptII/ptolemy/domains/sdf/test/auto/relationGroup13.xml
5 ms. Memory: 329728K Free: 132095K (40%)
----------------- Invoking toplevel() on ptolemy.moml.MoMLSimpleApplication@4d850f47
----------------- Done invoking toplevel() on ptolemy.moml.MoMLSimpleApplication@4d850f47
reloadAllAccessors: .relationGroup13

===========================================================================================
----------------- testing Sat Dec 21 06:48:24 UTC 2019 /home/travis/build/icyphy/ptII/ptolemy/domains/sdf/test/auto/relationGroup14.xml
----------------- Instantiating /home/travis/build/icyphy/ptII/ptolemy/domains/sdf/test/auto/relationGroup14.xml
2 ms. Memory: 329728K Free: 127485K (39%)
----------------- Invoking toplevel() on ptolemy.moml.MoMLSimpleApplication@58e1212d
----------------- Done invoking toplevel() on ptolemy.moml.MoMLSimpleApplication@58e1212d
reloadAllAccessors: .relationGroup14

===========================================================================================
----------------- testing Sat Dec 21 06:48:24 UTC 2019 /home/travis/build/icyphy/ptII/ptolemy/domains/sdf/test/auto/relationGroup15.xml
----------------- Instantiating /home/travis/build/icyphy/ptII/ptolemy/domains/sdf/test/auto/relationGroup15.xml
1 ms. Memory: 329728K Free: 123903K (38%)
----------------- Invoking toplevel() on ptolemy.moml.MoMLSimpleApplication@75cfa01a
----------------- Done invoking toplevel() on ptolemy.moml.MoMLSimpleApplication@75cfa01a
reloadAllAccessors: .relationGroup15

===========================================================================================
----------------- testing Sat Dec 21 06:48:24 UTC 2019 /home/travis/build/icyphy/ptII/ptolemy/domains/sdf/test/auto/relationGroup2.xml
----------------- Instantiating /home/travis/build/icyphy/ptII/ptolemy/domains/sdf/test/auto/relationGroup2.xml
2 ms. Memory: 329728K Free: 120831K (37%)
----------------- Invoking toplevel() on ptolemy.moml.MoMLSimpleApplication@501fc319
----------------- Done invoking toplevel() on ptolemy.moml.MoMLSimpleApplication@501fc319
reloadAllAccessors: .relationGroup2

===========================================================================================
----------------- testing Sat Dec 21 06:48:24 UTC 2019 /home/travis/build/icyphy/ptII/ptolemy/domains/sdf/test/auto/relationGroup3.xml
----------------- Instantiating /home/travis/build/icyphy/ptII/ptolemy/domains/sdf/test/auto/relationGroup3.xml
1 ms. Memory: 329728K Free: 117759K (36%)
----------------- Invoking toplevel() on ptolemy.moml.MoMLSimpleApplication@36d20102
----------------- Done invoking toplevel() on ptolemy.moml.MoMLSimpleApplication@36d20102
reloadAllAccessors: .relationGroup3

===========================================================================================
----------------- testing Sat Dec 21 06:48:24 UTC 2019 /home/travis/build/icyphy/ptII/ptolemy/domains/sdf/test/auto/relationGroup4.xml
----------------- Instantiating /home/travis/build/icyphy/ptII/ptolemy/domains/sdf/test/auto/relationGroup4.xml
2 ms. Memory: 329728K Free: 309176K (94%)
----------------- Invoking toplevel() on ptolemy.moml.MoMLSimpleApplication@37280999
----------------- Done invoking toplevel() on ptolemy.moml.MoMLSimpleApplication@37280999
reloadAllAccessors: .relationGroup4

===========================================================================================
----------------- testing Sat Dec 21 06:48:24 UTC 2019 /home/travis/build/icyphy/ptII/ptolemy/domains/sdf/test/auto/relationGroup5.xml
----------------- Instantiating /home/travis/build/icyphy/ptII/ptolemy/domains/sdf/test/auto/relationGroup5.xml
2 ms. Memory: 329728K Free: 304568K (92%)
----------------- Invoking toplevel() on ptolemy.moml.MoMLSimpleApplication@1ae3db31
----------------- Done invoking toplevel() on ptolemy.moml.MoMLSimpleApplication@1ae3db31
reloadAllAccessors: .relationGroup5

===========================================================================================
----------------- testing Sat Dec 21 06:48:24 UTC 2019 /home/travis/build/icyphy/ptII/ptolemy/domains/sdf/test/auto/relationGroup6.xml
----------------- Instantiating /home/travis/build/icyphy/ptII/ptolemy/domains/sdf/test/auto/relationGroup6.xml
2 ms. Memory: 329728K Free: 299962K (91%)
----------------- Invoking toplevel() on ptolemy.moml.MoMLSimpleApplication@51b20ad
----------------- Done invoking toplevel() on ptolemy.moml.MoMLSimpleApplication@51b20ad
reloadAllAccessors: .relationGroup6

===========================================================================================
----------------- testing Sat Dec 21 06:48:24 UTC 2019 /home/travis/build/icyphy/ptII/ptolemy/domains/sdf/test/auto/relationGroup7.xml
----------------- Instantiating /home/travis/build/icyphy/ptII/ptolemy/domains/sdf/test/auto/relationGroup7.xml
1 ms. Memory: 329728K Free: 296376K (90%)
----------------- Invoking toplevel() on ptolemy.moml.MoMLSimpleApplication@4392e84c
----------------- Done invoking toplevel() on ptolemy.moml.MoMLSimpleApplication@4392e84c
reloadAllAccessors: .relationGroup7

===========================================================================================
----------------- testing Sat Dec 21 06:48:24 UTC 2019 /home/travis/build/icyphy/ptII/ptolemy/domains/sdf/test/auto/relationGroup8.xml
----------------- Instantiating /home/travis/build/icyphy/ptII/ptolemy/domains/sdf/test/auto/relationGroup8.xml
1 ms. Memory: 329728K Free: 293304K (89%)
----------------- Invoking toplevel() on ptolemy.moml.MoMLSimpleApplication@72962e50
----------------- Done invoking toplevel() on ptolemy.moml.MoMLSimpleApplication@72962e50
reloadAllAccessors: .relationGroup8

===========================================================================================
----------------- testing Sat Dec 21 06:48:24 UTC 2019 /home/travis/build/icyphy/ptII/ptolemy/domains/sdf/test/auto/relationGroup9.xml
----------------- Instantiating /home/travis/build/icyphy/ptII/ptolemy/domains/sdf/test/auto/relationGroup9.xml
3 ms. Memory: 329728K Free: 288698K (88%)
----------------- Invoking toplevel() on ptolemy.moml.MoMLSimpleApplication@78118aa4
----------------- Done invoking toplevel() on ptolemy.moml.MoMLSimpleApplication@78118aa4
reloadAllAccessors: .relationGroup9

===========================================================================================
----------------- testing Sat Dec 21 06:48:24 UTC 2019 /home/travis/build/icyphy/ptII/ptolemy/domains/sdf/test/auto/sdf_inside_de.xml
----------------- Instantiating /home/travis/build/icyphy/ptII/ptolemy/domains/sdf/test/auto/sdf_inside_de.xml
9 ms. Memory: 329728K Free: 279992K (85%)
----------------- Invoking toplevel() on ptolemy.moml.MoMLSimpleApplication@74027d63
----------------- Done invoking toplevel() on ptolemy.moml.MoMLSimpleApplication@74027d63
reloadAllAccessors: .sdf_inside_de

===========================================================================================
----------------- testing Sat Dec 21 06:48:24 UTC 2019 /home/travis/build/icyphy/ptII/ptolemy/domains/sdf/test/auto/sdf_inside_pn.xml
----------------- Instantiating /home/travis/build/icyphy/ptII/ptolemy/domains/sdf/test/auto/sdf_inside_pn.xml
19 ms. Memory: 329728K Free: 271290K (82%)
----------------- Invoking toplevel() on ptolemy.moml.MoMLSimpleApplication@5f70117e
----------------- Done invoking toplevel() on ptolemy.moml.MoMLSimpleApplication@5f70117e
reloadAllAccessors: .sdf_inside_pn

===========================================================================================
----------------- testing Sat Dec 21 06:48:24 UTC 2019 /home/travis/build/icyphy/ptII/ptolemy/domains/sdf/test/auto/sdf_sdf1.xml
----------------- Instantiating /home/travis/build/icyphy/ptII/ptolemy/domains/sdf/test/auto/sdf_sdf1.xml
4 ms. Memory: 329728K Free: 265641K (81%)
----------------- Invoking toplevel() on ptolemy.moml.MoMLSimpleApplication@76603c09
----------------- Done invoking toplevel() on ptolemy.moml.MoMLSimpleApplication@76603c09
reloadAllAccessors: .sdf_sdf1

===========================================================================================
----------------- testing Sat Dec 21 06:48:24 UTC 2019 /home/travis/build/icyphy/ptII/ptolemy/domains/sdf/test/auto/test1.xml
----------------- Instantiating /home/travis/build/icyphy/ptII/ptolemy/domains/sdf/test/auto/test1.xml
3 ms. Memory: 329728K Free: 260536K (79%)
----------------- Invoking toplevel() on ptolemy.moml.MoMLSimpleApplication@4451c138
----------------- Done invoking toplevel() on ptolemy.moml.MoMLSimpleApplication@4451c138
reloadAllAccessors: .test1

===========================================================================================
----------------- testing Sat Dec 21 06:48:24 UTC 2019 /home/travis/build/icyphy/ptII/ptolemy/domains/sdf/test/auto/time1.xml
----------------- Instantiating /home/travis/build/icyphy/ptII/ptolemy/domains/sdf/test/auto/time1.xml
2 ms. Memory: 329728K Free: 256954K (78%)
----------------- Invoking toplevel() on ptolemy.moml.MoMLSimpleApplication@4f1545a4
----------------- Done invoking toplevel() on ptolemy.moml.MoMLSimpleApplication@4f1545a4
reloadAllAccessors: .time1

===========================================================================================
----------------- testing Sat Dec 21 06:48:24 UTC 2019 /home/travis/build/icyphy/ptII/ptolemy/domains/sdf/test/auto/time2.xml
----------------- Instantiating /home/travis/build/icyphy/ptII/ptolemy/domains/sdf/test/auto/time2.xml
1 ms. Memory: 329728K Free: 253368K (77%)
----------------- Invoking toplevel() on ptolemy.moml.MoMLSimpleApplication@6d7dd243
----------------- Done invoking toplevel() on ptolemy.moml.MoMLSimpleApplication@6d7dd243
reloadAllAccessors: .time2

===========================================================================================
----------------- testing Sat Dec 21 06:48:24 UTC 2019 /home/travis/build/icyphy/ptII/ptolemy/domains/sdf/test/auto/time3.xml
----------------- Instantiating /home/travis/build/icyphy/ptII/ptolemy/domains/sdf/test/auto/time3.xml
4 ms. Memory: 329728K Free: 248243K (75%)
----------------- Invoking toplevel() on ptolemy.moml.MoMLSimpleApplication@3a9df50d
----------------- Done invoking toplevel() on ptolemy.moml.MoMLSimpleApplication@3a9df50d
reloadAllAccessors: .time3

===========================================================================================
----------------- testing Sat Dec 21 06:48:24 UTC 2019 /home/travis/build/icyphy/ptII/ptolemy/domains/sdf/test/auto/time4.xml
----------------- Instantiating /home/travis/build/icyphy/ptII/ptolemy/domains/sdf/test/auto/time4.xml
5 ms. Memory: 329728K Free: 242618K (74%)
----------------- Invoking toplevel() on ptolemy.moml.MoMLSimpleApplication@444558a0
----------------- Done invoking toplevel() on ptolemy.moml.MoMLSimpleApplication@444558a0
reloadAllAccessors: .time4

===========================================================================================
----------------- testing Sat Dec 21 06:48:24 UTC 2019 /home/travis/build/icyphy/ptII/ptolemy/domains/sdf/test/auto/time5.xml
----------------- Instantiating /home/travis/build/icyphy/ptII/ptolemy/domains/sdf/test/auto/time5.xml
4002 ms. Memory: 329728K Free: 239032K (72%)
----------------- Invoking toplevel() on ptolemy.moml.MoMLSimpleApplication@2bd1a272
----------------- Done invoking toplevel() on ptolemy.moml.MoMLSimpleApplication@2bd1a272
reloadAllAccessors: .time5

===========================================================================================
----------------- testing Sat Dec 21 06:48:28 UTC 2019 /home/travis/build/icyphy/ptII/ptolemy/domains/sdf/test/auto/typeSystem_Const_Integer_smallest_Type.xml
----------------- Instantiating /home/travis/build/icyphy/ptII/ptolemy/domains/sdf/test/auto/typeSystem_Const_Integer_smallest_Type.xml
5 ms. Memory: 329728K Free: 233912K (71%)
----------------- Invoking toplevel() on ptolemy.moml.MoMLSimpleApplication@59857281
----------------- Done invoking toplevel() on ptolemy.moml.MoMLSimpleApplication@59857281
reloadAllAccessors: .typeSystem_Const_Integer_smallest_Type

===========================================================================================
----------------- testing Sat Dec 21 06:48:29 UTC 2019 /home/travis/build/icyphy/ptII/ptolemy/domains/sdf/test/auto/typeSystem_declared_Inports_OutportTypeException.xml
----------------- Instantiating /home/travis/build/icyphy/ptII/ptolemy/domains/sdf/test/auto/typeSystem_declared_Inports_OutportTypeException.xml
.typeSystem_declared_Inports_OutportTypeException.TestExceptionAttribute: initialize() was not invoked, but wrapup() was.  This is unusual, but not always a problem.  For example, exporting JNLP will do this.
5 ms. Memory: 329728K Free: 229816K (70%)
----------------- Invoking toplevel() on ptolemy.moml.MoMLSimpleApplication@370b03e0
----------------- Done invoking toplevel() on ptolemy.moml.MoMLSimpleApplication@370b03e0
reloadAllAccessors: .typeSystem_declared_Inports_OutportTypeException

===========================================================================================
----------------- testing Sat Dec 21 06:48:29 UTC 2019 /home/travis/build/icyphy/ptII/ptolemy/domains/sdf/test/auto/typeSystem_oneDeclaredInportType_wrongTypeOutport.xml
----------------- Instantiating /home/travis/build/icyphy/ptII/ptolemy/domains/sdf/test/auto/typeSystem_oneDeclaredInportType_wrongTypeOutport.xml
3 ms. Memory: 329728K Free: 225720K (68%)
----------------- Invoking toplevel() on ptolemy.moml.MoMLSimpleApplication@1abb5303
----------------- Done invoking toplevel() on ptolemy.moml.MoMLSimpleApplication@1abb5303
reloadAllAccessors: .typeSystem_oneDeclaredInportType_wrongTypeOutport

===========================================================================================
----------------- testing Sat Dec 21 06:48:29 UTC 2019 /home/travis/build/icyphy/ptII/ptolemy/domains/sdf/test/auto/width.xml
----------------- Instantiating /home/travis/build/icyphy/ptII/ptolemy/domains/sdf/test/auto/width.xml
2 ms. Memory: 329728K Free: 222138K (67%)
----------------- Invoking toplevel() on ptolemy.moml.MoMLSimpleApplication@4b5dd471
----------------- Done invoking toplevel() on ptolemy.moml.MoMLSimpleApplication@4b5dd471
reloadAllAccessors: .width

===========================================================================================
----------------- testing Sat Dec 21 06:48:29 UTC 2019 /home/travis/build/icyphy/ptII/ptolemy/domains/sdf/test/auto/width2.xml
----------------- Instantiating /home/travis/build/icyphy/ptII/ptolemy/domains/sdf/test/auto/width2.xml
31 ms. Memory: 329728K Free: 217528K (66%)
----------------- Invoking toplevel() on ptolemy.moml.MoMLSimpleApplication@29c26ae6
----------------- Done invoking toplevel() on ptolemy.moml.MoMLSimpleApplication@29c26ae6
reloadAllAccessors: .width2

===========================================================================================
----------------- testing Sat Dec 21 06:48:29 UTC 2019 /home/travis/build/icyphy/ptII/ptolemy/domains/sdf/test/auto/width3.xml
----------------- Instantiating /home/travis/build/icyphy/ptII/ptolemy/domains/sdf/test/auto/width3.xml
22 ms. Memory: 329728K Free: 212408K (64%)
----------------- Invoking toplevel() on ptolemy.moml.MoMLSimpleApplication@6a4fbc11
----------------- Done invoking toplevel() on ptolemy.moml.MoMLSimpleApplication@6a4fbc11
reloadAllAccessors: .width3
AutoTests.java: About to close Vertx.
AutoTests.java: Vertx closed.
]]></system-out>
  <system-err><![CDATA[java.lang.RuntimeException: Execution failed
	at ptolemy.moml.MoMLSimpleApplication$UnloadThread.run(MoMLSimpleApplication.java:402)
Caused by: ptolemy.actor.sched.NotSchedulableException: No solution exists for the balance equations.
Graph is not consistent under the SDF domain detected on external port .rateConsistency.actor.port2
  in .rateConsistency.SDF Director.Scheduler
	at ptolemy.domains.sdf.kernel.SDFScheduler._propagatePort(SDFScheduler.java:1425)
	at ptolemy.domains.sdf.kernel.SDFScheduler._solveBalanceEquations(SDFScheduler.java:710)
	at ptolemy.domains.sdf.kernel.SDFScheduler._getSchedule(SDFScheduler.java:566)
	at ptolemy.actor.sched.Scheduler.getSchedule(Scheduler.java:189)
	at ptolemy.domains.sdf.kernel.SDFDirector.createSchedule(SDFDirector.java:408)
	at ptolemy.domains.sdf.kernel.SDFDirector.preinitialize(SDFDirector.java:764)
	at ptolemy.actor.CompositeActor.preinitialize(CompositeActor.java:1828)
	at ptolemy.actor.Manager.preinitializeAndResolveTypes(Manager.java:1040)
	at ptolemy.actor.Manager.initialize(Manager.java:710)
	at ptolemy.actor.Manager.execute(Manager.java:356)
	at ptolemy.actor.Manager.run(Manager.java:1263)
	at ptolemy.actor.Manager$PtolemyRunThread.run(Manager.java:1933)
java.lang.RuntimeException: Execution failed
	at ptolemy.moml.MoMLSimpleApplication$UnloadThread.run(MoMLSimpleApplication.java:402)
Caused by: ptolemy.kernel.util.IllegalActionException: Failed to compute schedule:
  in .badRateChanges.typed composite actor.SDF Director
Because:
The SDF rate parameter may change. This is not allowed in SDF models that will be run through the code generator.  If you don't care about code generation, then you might consider setting the allowRateChanges parameter of the SDF director to false.
  in .badRateChanges.typed composite actor.Repeat.output.tokenProductionRate
	at ptolemy.domains.sdf.kernel.SDFDirector.createSchedule(SDFDirector.java:418)
	at ptolemy.domains.sdf.kernel.SDFDirector.preinitialize(SDFDirector.java:764)
	at ptolemy.actor.CompositeActor.preinitialize(CompositeActor.java:1828)
	at ptolemy.actor.Director.preinitialize(Director.java:1302)
	at ptolemy.actor.Director.preinitialize(Director.java:1257)
	at ptolemy.domains.sdf.kernel.SDFDirector.preinitialize(SDFDirector.java:763)
	at ptolemy.actor.CompositeActor.preinitialize(CompositeActor.java:1828)
	at ptolemy.actor.Manager.preinitializeAndResolveTypes(Manager.java:1040)
	at ptolemy.actor.Manager.initialize(Manager.java:710)
	at ptolemy.actor.Manager.execute(Manager.java:356)
	at ptolemy.actor.Manager.run(Manager.java:1263)
	at ptolemy.actor.Manager$PtolemyRunThread.run(Manager.java:1933)
Caused by: ptolemy.kernel.util.IllegalActionException: The SDF rate parameter may change. This is not allowed in SDF models that will be run through the code generator.  If you don't care about code generation, then you might consider setting the allowRateChanges parameter of the SDF director to false.
  in .badRateChanges.typed composite actor.Repeat.output.tokenProductionRate
	at ptolemy.domains.sdf.kernel.SDFScheduler._assertDynamicRateVariable(SDFScheduler.java:931)
	at ptolemy.domains.sdf.kernel.SDFScheduler._checkDynamicRateVariables(SDFScheduler.java:339)
	at ptolemy.domains.sdf.kernel.SDFScheduler._getSchedule(SDFScheduler.java:527)
	at ptolemy.actor.sched.Scheduler.getSchedule(Scheduler.java:189)
	at ptolemy.domains.sdf.kernel.SDFDirector.createSchedule(SDFDirector.java:408)
	... 11 more
java.lang.RuntimeException: Execution failed
	at ptolemy.moml.MoMLSimpleApplication$UnloadThread.run(MoMLSimpleApplication.java:402)
Caused by: ptolemy.kernel.util.IllegalActionException: Failed to compute schedule:
  in .badRateChanges2.typed composite actor.SDF Director
Because:
The SDF rate parameter may change. This is not allowed in SDF models that will be run through the code generator.  If you don't care about code generation, then you might consider setting the allowRateChanges parameter of the SDF director to false.
  in .badRateChanges2.typed composite actor.Repeat.output.tokenProductionRate
	at ptolemy.domains.sdf.kernel.SDFDirector.createSchedule(SDFDirector.java:418)
	at ptolemy.domains.sdf.kernel.SDFDirector.preinitialize(SDFDirector.java:764)
	at ptolemy.actor.CompositeActor.preinitialize(CompositeActor.java:1828)
	at ptolemy.actor.Director.preinitialize(Director.java:1302)
	at ptolemy.actor.Director.preinitialize(Director.java:1257)
	at ptolemy.domains.sdf.kernel.SDFDirector.preinitialize(SDFDirector.java:763)
	at ptolemy.actor.CompositeActor.preinitialize(CompositeActor.java:1828)
	at ptolemy.actor.Manager.preinitializeAndResolveTypes(Manager.java:1040)
	at ptolemy.actor.Manager.initialize(Manager.java:710)
	at ptolemy.actor.Manager.execute(Manager.java:356)
	at ptolemy.actor.Manager.run(Manager.java:1263)
	at ptolemy.actor.Manager$PtolemyRunThread.run(Manager.java:1933)
Caused by: ptolemy.kernel.util.IllegalActionException: The SDF rate parameter may change. This is not allowed in SDF models that will be run through the code generator.  If you don't care about code generation, then you might consider setting the allowRateChanges parameter of the SDF director to false.
  in .badRateChanges2.typed composite actor.Repeat.output.tokenProductionRate
	at ptolemy.domains.sdf.kernel.SDFScheduler._assertDynamicRateVariable(SDFScheduler.java:931)
	at ptolemy.domains.sdf.kernel.SDFScheduler._checkDynamicRateVariables(SDFScheduler.java:339)
	at ptolemy.domains.sdf.kernel.SDFScheduler._getSchedule(SDFScheduler.java:527)
	at ptolemy.actor.sched.Scheduler.getSchedule(Scheduler.java:189)
	at ptolemy.domains.sdf.kernel.SDFDirector.createSchedule(SDFDirector.java:408)
	... 11 more
java.lang.RuntimeException: Execution failed
	at ptolemy.moml.MoMLSimpleApplication$UnloadThread.run(MoMLSimpleApplication.java:402)
Caused by: ptolemy.actor.sched.NotSchedulableException: Actors remain that cannot be scheduled!

There are several possible reasons:
* SDF Graphs with feedback loops should have an actor with a delay in the loop, such as a SampleDelay.
* The SDF director has an "allowDisconnectedGraphs"parameter, which, when true, permits disconnected SDF graphs.
* The token consumption rate and production rates might be mismatched.
Usually, actors produce one token or consume one token on a port.  To produce or consume multiple tokens per firing, add a "tokenConsumptionRate" or "tokenProductionRate" parameter to the appropriate port.
Unscheduled actors:
.partiallyConnected.Const2 
Scheduled actors:
.partiallyConnected.Const 
  in .partiallyConnected.SDF Director.Scheduler
	at ptolemy.domains.sdf.kernel.SDFScheduler._scheduleConnectedActors(SDFScheduler.java:1828)
	at ptolemy.domains.sdf.kernel.SDFScheduler._getSchedule(SDFScheduler.java:587)
	at ptolemy.actor.sched.Scheduler.getSchedule(Scheduler.java:189)
	at ptolemy.domains.sdf.kernel.SDFDirector.createSchedule(SDFDirector.java:408)
	at ptolemy.domains.sdf.kernel.SDFDirector.preinitialize(SDFDirector.java:764)
	at ptolemy.actor.CompositeActor.preinitialize(CompositeActor.java:1828)
	at ptolemy.actor.Manager.preinitializeAndResolveTypes(Manager.java:1040)
	at ptolemy.actor.Manager.initialize(Manager.java:710)
	at ptolemy.actor.Manager.execute(Manager.java:356)
	at ptolemy.actor.Manager.run(Manager.java:1263)
	at ptolemy.actor.Manager$PtolemyRunThread.run(Manager.java:1933)
]]></system-err>
</testsuite>
