<?xml version="1.0" encoding="UTF-8" ?>
<testsuite errors="0" failures="0" hostname="travis-job-6931c6e7-75b5-4c82-914b-8900a1fbe455" name="ptolemy.domains.sdf.kernel.test.junit.JUnitTclTest" skipped="0" tests="33" time="2.816" timestamp="2018-10-22T02:40:55">
  <properties>
[...]
</properties>
  <testcase classname="ptolemy.util.test.junit.TclTests" name="[0] /home/travis/build/icyphy/ptII/ptolemy/domains/sdf/kernel/test/ArrayFIFOQueue.tcl (RunTclFile)" time="0.289" />
  <testcase classname="ptolemy.util.test.junit.TclTests" name="[1] /home/travis/build/icyphy/ptII/ptolemy/domains/sdf/kernel/test/SDFCompositeActor.tcl (RunTclFile)" time="0.256" />
  <testcase classname="ptolemy.util.test.junit.TclTests" name="[2] /home/travis/build/icyphy/ptII/ptolemy/domains/sdf/kernel/test/SDFDirector.tcl (RunTclFile)" time="0.173" />
  <testcase classname="ptolemy.util.test.junit.TclTests" name="[3] /home/travis/build/icyphy/ptII/ptolemy/domains/sdf/kernel/test/SDFIOPort.tcl (RunTclFile)" time="0.051" />
  <testcase classname="ptolemy.util.test.junit.TclTests" name="[4] /home/travis/build/icyphy/ptII/ptolemy/domains/sdf/kernel/test/SDFReceiver.tcl (RunTclFile)" time="0.024" />
  <testcase classname="ptolemy.util.test.junit.TclTests" name="[5] /home/travis/build/icyphy/ptII/ptolemy/domains/sdf/kernel/test/SDFScheduler.tcl (RunTclFile)" time="0.726" />
  <testcase classname="ptolemy.util.test.junit.AutoKnownFailedTests" name="[0] /home/travis/build/icyphy/ptII/ptolemy/domains/sdf/kernel/test/auto/knownFailedTests/SDFMultiportCompositeWidthNotSet.xml (RunModel)" time="0.056" />
  <testcase classname="ptolemy.util.test.junit.AutoKnownFailedTests" name="[1] /home/travis/build/icyphy/ptII/ptolemy/domains/sdf/kernel/test/auto/knownFailedTests/tunneling2.xml (RunModel)" time="0.065" />
  <testcase classname="ptolemy.util.test.junit.AutoNameArchTests" name="[0] ThereAreNoAutoArchTests (RunModel)" time="0.002" />
  <testcase classname="ptolemy.util.test.junit.AutoTests" name="[0] /home/travis/build/icyphy/ptII/ptolemy/domains/sdf/kernel/test/auto/SDFMultiportCompositeWidthSet.xml (RunModel)" time="0.066" />
  <testcase classname="ptolemy.util.test.junit.AutoTests" name="[1] /home/travis/build/icyphy/ptII/ptolemy/domains/sdf/kernel/test/auto/bus.xml (RunModel)" time="0.03" />
  <testcase classname="ptolemy.util.test.junit.AutoTests" name="[2] /home/travis/build/icyphy/ptII/ptolemy/domains/sdf/kernel/test/auto/feedbackHierarchy.xml (RunModel)" time="0.037" />
  <testcase classname="ptolemy.util.test.junit.AutoTests" name="[3] /home/travis/build/icyphy/ptII/ptolemy/domains/sdf/kernel/test/auto/hierarchy.xml (RunModel)" time="0.075" />
  <testcase classname="ptolemy.util.test.junit.AutoTests" name="[4] /home/travis/build/icyphy/ptII/ptolemy/domains/sdf/kernel/test/auto/test1.xml (RunModel)" time="0.041" />
  <testcase classname="ptolemy.util.test.junit.AutoTests" name="[5] /home/travis/build/icyphy/ptII/ptolemy/domains/sdf/kernel/test/auto/test2.xml (RunModel)" time="0.034" />
  <testcase classname="ptolemy.util.test.junit.AutoTests" name="[6] /home/travis/build/icyphy/ptII/ptolemy/domains/sdf/kernel/test/auto/test3.xml (RunModel)" time="0.037" />
  <testcase classname="ptolemy.util.test.junit.AutoTests" name="[7] /home/travis/build/icyphy/ptII/ptolemy/domains/sdf/kernel/test/auto/test5.xml (RunModel)" time="0.046" />
  <testcase classname="ptolemy.util.test.junit.AutoTests" name="[8] /home/travis/build/icyphy/ptII/ptolemy/domains/sdf/kernel/test/auto/test6.xml (RunModel)" time="0.022" />
  <testcase classname="ptolemy.util.test.junit.AutoTests" name="[9] /home/travis/build/icyphy/ptII/ptolemy/domains/sdf/kernel/test/auto/test7.xml (RunModel)" time="0.044" />
  <testcase classname="ptolemy.util.test.junit.AutoTests" name="[10] /home/travis/build/icyphy/ptII/ptolemy/domains/sdf/kernel/test/auto/test8.xml (RunModel)" time="0.042" />
  <testcase classname="ptolemy.util.test.junit.AutoTests" name="[11] /home/travis/build/icyphy/ptII/ptolemy/domains/sdf/kernel/test/auto/transparentHierarchy.xml (RunModel)" time="0.032" />
  <testcase classname="ptolemy.util.test.junit.AutoTests" name="[12] /home/travis/build/icyphy/ptII/ptolemy/domains/sdf/kernel/test/auto/tunneling.xml (RunModel)" time="0.016" />
  <testcase classname="ptolemy.util.test.junit.AutoTests" name="[13] /home/travis/build/icyphy/ptII/ptolemy/domains/sdf/kernel/test/auto/tunneling2.xml (RunModel)" time="0.035" />
  <testcase classname="ptolemy.util.test.junit.AutoTests" name="[14] /home/travis/build/icyphy/ptII/ptolemy/domains/sdf/kernel/test/auto/vectorizationFactor1.xml (RunModel)" time="0.016" />
  <testcase classname="ptolemy.util.test.junit.AutoTests" name="[15] /home/travis/build/icyphy/ptII/ptolemy/domains/sdf/kernel/test/auto/vectorizationFactor2.xml (RunModel)" time="0.01" />
  <testcase classname="ptolemy.util.test.junit.AutoTests" name="[16] /home/travis/build/icyphy/ptII/ptolemy/domains/sdf/kernel/test/auto/zeroRate1.xml (RunModel)" time="0.013" />
  <testcase classname="ptolemy.util.test.junit.AutoTests" name="[17] /home/travis/build/icyphy/ptII/ptolemy/domains/sdf/kernel/test/auto/zeroRate2.xml (RunModel)" time="0.043" />
  <testcase classname="ptolemy.util.test.junit.AutoTests" name="[18] /home/travis/build/icyphy/ptII/ptolemy/domains/sdf/kernel/test/auto/zeroRate3.xml (RunModel)" time="0.019" />
  <testcase classname="ptolemy.util.test.junit.AutoTests" name="[19] /home/travis/build/icyphy/ptII/ptolemy/domains/sdf/kernel/test/auto/zeroRate7.xml (RunModel)" time="0.034" />
  <testcase classname="ptolemy.util.test.junit.AutoTests" name="[20] /home/travis/build/icyphy/ptII/ptolemy/domains/sdf/kernel/test/auto/zeroRate8.xml (RunModel)" time="0.023" />
  <testcase classname="ptolemy.util.test.junit.AutoTests" name="[21] /home/travis/build/icyphy/ptII/ptolemy/domains/sdf/kernel/test/auto/zeroRate_delay4.xml (RunModel)" time="0.023" />
  <testcase classname="ptolemy.util.test.junit.AutoTests" name="[22] /home/travis/build/icyphy/ptII/ptolemy/domains/sdf/kernel/test/auto/zeroRate_delay5.xml (RunModel)" time="0.032" />
  <testcase classname="ptolemy.util.test.junit.AutoTests" name="[23] /home/travis/build/icyphy/ptII/ptolemy/domains/sdf/kernel/test/auto/zeroRate_delay6.xml (RunModel)" time="0.028" />
  <system-out><![CDATA[/home/travis/build/icyphy/ptII/ptolemy/domains/sdf/kernel/test/ArrayFIFOQueue.tcl
testDefs.tcl: setting time out to 9000 seconds at Mon Oct 22 02:40:55 UTC 2018
/home/travis/build/icyphy/ptII/ptolemy/domains/sdf/kernel/test/SDFCompositeActor.tcl
37 ms. Memory: 116224K Free: 106445K (92%)
/home/travis/build/icyphy/ptII/ptolemy/domains/sdf/kernel/test/SDFDirector.tcl
4 ms. Memory: 116224K Free: 104639K (90%)
5 ms. Memory: 116224K Free: 104024K (90%)
5 ms. Memory: 116224K Free: 102798K (88%)
6 ms. Memory: 116224K Free: 101559K (87%)
9 ms. Memory: 116224K Free: 99698K (86%)
4 ms. Memory: 116224K Free: 98443K (85%)
8 ms. Memory: 116224K Free: 96605K (83%)
51 ms. Memory: 116224K Free: 92354K (79%)
/home/travis/build/icyphy/ptII/ptolemy/domains/sdf/kernel/test/SDFIOPort.tcl
/home/travis/build/icyphy/ptII/ptolemy/domains/sdf/kernel/test/SDFReceiver.tcl
/home/travis/build/icyphy/ptII/ptolemy/domains/sdf/kernel/test/SDFScheduler.tcl
13 ms. Memory: 146944K Free: 135334K (92%)
10/22/18 02:40:57
Failed: 0  Total Tests: 151  ((Passed: 151, Newly Passed: 0)  Known Failed: 0) /home/travis/build/icyphy/ptII/ptolemy/domains/sdf/kernel/test
----------------- testing (KnownFailure) /home/travis/build/icyphy/ptII/ptolemy/domains/sdf/kernel/test/auto/knownFailedTests/SDFMultiportCompositeWidthNotSet.xml
10 ms. Memory: 146944K Free: 130419K (89%)
----------------- testing (KnownFailure) /home/travis/build/icyphy/ptII/ptolemy/domains/sdf/kernel/test/auto/knownFailedTests/tunneling2.xml
11 ms. Memory: 146944K Free: 125471K (85%)
Known Failure: java.lang.reflect.InvocationTargetException
No auto/linux-amd64/*.xml tests in /home/travis/build/icyphy/ptII/ptolemy/domains/sdf/kernel/test
AutoTests.java: About to close Vertx.
AutoTests.java: Vertx closed.

===========================================================================================
----------------- testing Mon Oct 22 02:40:57 UTC 2018 /home/travis/build/icyphy/ptII/ptolemy/domains/sdf/kernel/test/auto/SDFMultiportCompositeWidthSet.xml
----------------- Instantiating /home/travis/build/icyphy/ptII/ptolemy/domains/sdf/kernel/test/auto/SDFMultiportCompositeWidthSet.xml
4 ms. Memory: 146944K Free: 93190K (63%)
----------------- Invoking toplevel() on ptolemy.moml.MoMLSimpleApplication@2487a7d
----------------- Done invoking toplevel() on ptolemy.moml.MoMLSimpleApplication@2487a7d
reloadAllAccessors: .SDFMultiportCompositeWidthSet

===========================================================================================
----------------- testing Mon Oct 22 02:40:57 UTC 2018 /home/travis/build/icyphy/ptII/ptolemy/domains/sdf/kernel/test/auto/bus.xml
----------------- Instantiating /home/travis/build/icyphy/ptII/ptolemy/domains/sdf/kernel/test/auto/bus.xml
3 ms. Memory: 146944K Free: 90085K (61%)
----------------- Invoking toplevel() on ptolemy.moml.MoMLSimpleApplication@145574b1
----------------- Done invoking toplevel() on ptolemy.moml.MoMLSimpleApplication@145574b1
reloadAllAccessors: .bus

===========================================================================================
----------------- testing Mon Oct 22 02:40:57 UTC 2018 /home/travis/build/icyphy/ptII/ptolemy/domains/sdf/kernel/test/auto/feedbackHierarchy.xml
----------------- Instantiating /home/travis/build/icyphy/ptII/ptolemy/domains/sdf/kernel/test/auto/feedbackHierarchy.xml
5 ms. Memory: 146944K Free: 84523K (58%)
----------------- Invoking toplevel() on ptolemy.moml.MoMLSimpleApplication@103e7a0d
----------------- Done invoking toplevel() on ptolemy.moml.MoMLSimpleApplication@103e7a0d
reloadAllAccessors: .feedbackHierarchy

===========================================================================================
----------------- testing Mon Oct 22 02:40:57 UTC 2018 /home/travis/build/icyphy/ptII/ptolemy/domains/sdf/kernel/test/auto/hierarchy.xml
----------------- Instantiating /home/travis/build/icyphy/ptII/ptolemy/domains/sdf/kernel/test/auto/hierarchy.xml
5 ms. Memory: 146944K Free: 136474K (93%)
----------------- Invoking toplevel() on ptolemy.moml.MoMLSimpleApplication@19ed53e6
----------------- Done invoking toplevel() on ptolemy.moml.MoMLSimpleApplication@19ed53e6
reloadAllAccessors: .hierarchy

===========================================================================================
----------------- testing Mon Oct 22 02:40:57 UTC 2018 /home/travis/build/icyphy/ptII/ptolemy/domains/sdf/kernel/test/auto/test1.xml
----------------- Instantiating /home/travis/build/icyphy/ptII/ptolemy/domains/sdf/kernel/test/auto/test1.xml
12 ms. Memory: 146944K Free: 130503K (89%)
----------------- Invoking toplevel() on ptolemy.moml.MoMLSimpleApplication@a468782
----------------- Done invoking toplevel() on ptolemy.moml.MoMLSimpleApplication@a468782
reloadAllAccessors: .test1

===========================================================================================
----------------- testing Mon Oct 22 02:40:57 UTC 2018 /home/travis/build/icyphy/ptII/ptolemy/domains/sdf/kernel/test/auto/test2.xml
----------------- Instantiating /home/travis/build/icyphy/ptII/ptolemy/domains/sdf/kernel/test/auto/test2.xml
7 ms. Memory: 146944K Free: 127604K (87%)
----------------- Invoking toplevel() on ptolemy.moml.MoMLSimpleApplication@16ff335a
----------------- Done invoking toplevel() on ptolemy.moml.MoMLSimpleApplication@16ff335a
reloadAllAccessors: .test2

===========================================================================================
----------------- testing Mon Oct 22 02:40:57 UTC 2018 /home/travis/build/icyphy/ptII/ptolemy/domains/sdf/kernel/test/auto/test3.xml
----------------- Instantiating /home/travis/build/icyphy/ptII/ptolemy/domains/sdf/kernel/test/auto/test3.xml
10 ms. Memory: 146944K Free: 124262K (85%)
----------------- Invoking toplevel() on ptolemy.moml.MoMLSimpleApplication@705020e3
----------------- Done invoking toplevel() on ptolemy.moml.MoMLSimpleApplication@705020e3
reloadAllAccessors: .test3

===========================================================================================
----------------- testing Mon Oct 22 02:40:57 UTC 2018 /home/travis/build/icyphy/ptII/ptolemy/domains/sdf/kernel/test/auto/test5.xml
----------------- Instantiating /home/travis/build/icyphy/ptII/ptolemy/domains/sdf/kernel/test/auto/test5.xml
10 ms. Memory: 146944K Free: 118936K (81%)
----------------- Invoking toplevel() on ptolemy.moml.MoMLSimpleApplication@1e372c82
----------------- Done invoking toplevel() on ptolemy.moml.MoMLSimpleApplication@1e372c82
reloadAllAccessors: .test5

===========================================================================================
----------------- testing Mon Oct 22 02:40:58 UTC 2018 /home/travis/build/icyphy/ptII/ptolemy/domains/sdf/kernel/test/auto/test6.xml
----------------- Instantiating /home/travis/build/icyphy/ptII/ptolemy/domains/sdf/kernel/test/auto/test6.xml
4 ms. Memory: 146944K Free: 113931K (78%)
----------------- Invoking toplevel() on ptolemy.moml.MoMLSimpleApplication@74b8ccc5
----------------- Done invoking toplevel() on ptolemy.moml.MoMLSimpleApplication@74b8ccc5
reloadAllAccessors: .test6

===========================================================================================
----------------- testing Mon Oct 22 02:40:58 UTC 2018 /home/travis/build/icyphy/ptII/ptolemy/domains/sdf/kernel/test/auto/test7.xml
----------------- Instantiating /home/travis/build/icyphy/ptII/ptolemy/domains/sdf/kernel/test/auto/test7.xml
7 ms. Memory: 146944K Free: 108060K (74%)
----------------- Invoking toplevel() on ptolemy.moml.MoMLSimpleApplication@5695e440
----------------- Done invoking toplevel() on ptolemy.moml.MoMLSimpleApplication@5695e440
reloadAllAccessors: .test7

===========================================================================================
----------------- testing Mon Oct 22 02:40:58 UTC 2018 /home/travis/build/icyphy/ptII/ptolemy/domains/sdf/kernel/test/auto/test8.xml
----------------- Instantiating /home/travis/build/icyphy/ptII/ptolemy/domains/sdf/kernel/test/auto/test8.xml
9 ms. Memory: 146944K Free: 102357K (70%)
----------------- Invoking toplevel() on ptolemy.moml.MoMLSimpleApplication@6db64cc3
----------------- Done invoking toplevel() on ptolemy.moml.MoMLSimpleApplication@6db64cc3
reloadAllAccessors: .test8

===========================================================================================
----------------- testing Mon Oct 22 02:40:58 UTC 2018 /home/travis/build/icyphy/ptII/ptolemy/domains/sdf/kernel/test/auto/transparentHierarchy.xml
----------------- Instantiating /home/travis/build/icyphy/ptII/ptolemy/domains/sdf/kernel/test/auto/transparentHierarchy.xml
4 ms. Memory: 146944K Free: 97361K (66%)
----------------- Invoking toplevel() on ptolemy.moml.MoMLSimpleApplication@66967480
----------------- Done invoking toplevel() on ptolemy.moml.MoMLSimpleApplication@66967480
reloadAllAccessors: .transparentHierarchy

===========================================================================================
----------------- testing Mon Oct 22 02:40:58 UTC 2018 /home/travis/build/icyphy/ptII/ptolemy/domains/sdf/kernel/test/auto/tunneling.xml
----------------- Instantiating /home/travis/build/icyphy/ptII/ptolemy/domains/sdf/kernel/test/auto/tunneling.xml
4 ms. Memory: 146944K Free: 92711K (63%)
----------------- Invoking toplevel() on ptolemy.moml.MoMLSimpleApplication@49c222cb
----------------- Done invoking toplevel() on ptolemy.moml.MoMLSimpleApplication@49c222cb
reloadAllAccessors: .tunneling

===========================================================================================
----------------- testing Mon Oct 22 02:40:58 UTC 2018 /home/travis/build/icyphy/ptII/ptolemy/domains/sdf/kernel/test/auto/tunneling2.xml
----------------- Instantiating /home/travis/build/icyphy/ptII/ptolemy/domains/sdf/kernel/test/auto/tunneling2.xml
6 ms. Memory: 146944K Free: 87651K (60%)
----------------- Invoking toplevel() on ptolemy.moml.MoMLSimpleApplication@2f37a52
----------------- Done invoking toplevel() on ptolemy.moml.MoMLSimpleApplication@2f37a52
reloadAllAccessors: .tunneling2

===========================================================================================
----------------- testing Mon Oct 22 02:40:58 UTC 2018 /home/travis/build/icyphy/ptII/ptolemy/domains/sdf/kernel/test/auto/vectorizationFactor1.xml
----------------- Instantiating /home/travis/build/icyphy/ptII/ptolemy/domains/sdf/kernel/test/auto/vectorizationFactor1.xml
1 ms. Memory: 146944K Free: 84672K (58%)
----------------- Invoking toplevel() on ptolemy.moml.MoMLSimpleApplication@57851938
----------------- Done invoking toplevel() on ptolemy.moml.MoMLSimpleApplication@57851938
reloadAllAccessors: .vectorizationFactor1

===========================================================================================
----------------- testing Mon Oct 22 02:40:58 UTC 2018 /home/travis/build/icyphy/ptII/ptolemy/domains/sdf/kernel/test/auto/vectorizationFactor2.xml
----------------- Instantiating /home/travis/build/icyphy/ptII/ptolemy/domains/sdf/kernel/test/auto/vectorizationFactor2.xml
2 ms. Memory: 146944K Free: 81732K (56%)
----------------- Invoking toplevel() on ptolemy.moml.MoMLSimpleApplication@5f111da1
----------------- Done invoking toplevel() on ptolemy.moml.MoMLSimpleApplication@5f111da1
reloadAllAccessors: .vectorizationFactor2

===========================================================================================
----------------- testing Mon Oct 22 02:40:58 UTC 2018 /home/travis/build/icyphy/ptII/ptolemy/domains/sdf/kernel/test/auto/zeroRate1.xml
----------------- Instantiating /home/travis/build/icyphy/ptII/ptolemy/domains/sdf/kernel/test/auto/zeroRate1.xml
2 ms. Memory: 146944K Free: 77909K (53%)
----------------- Invoking toplevel() on ptolemy.moml.MoMLSimpleApplication@64f681ba
----------------- Done invoking toplevel() on ptolemy.moml.MoMLSimpleApplication@64f681ba
reloadAllAccessors: .zeroRate1

===========================================================================================
----------------- testing Mon Oct 22 02:40:58 UTC 2018 /home/travis/build/icyphy/ptII/ptolemy/domains/sdf/kernel/test/auto/zeroRate2.xml
----------------- Instantiating /home/travis/build/icyphy/ptII/ptolemy/domains/sdf/kernel/test/auto/zeroRate2.xml
1 ms. Memory: 210944K Free: 199581K (95%)
----------------- Invoking toplevel() on ptolemy.moml.MoMLSimpleApplication@393f6bec
----------------- Done invoking toplevel() on ptolemy.moml.MoMLSimpleApplication@393f6bec
reloadAllAccessors: .zeroRate2

===========================================================================================
----------------- testing Mon Oct 22 02:40:58 UTC 2018 /home/travis/build/icyphy/ptII/ptolemy/domains/sdf/kernel/test/auto/zeroRate3.xml
----------------- Instantiating /home/travis/build/icyphy/ptII/ptolemy/domains/sdf/kernel/test/auto/zeroRate3.xml
3 ms. Memory: 210944K Free: 194132K (92%)
----------------- Invoking toplevel() on ptolemy.moml.MoMLSimpleApplication@5fbeb191
----------------- Done invoking toplevel() on ptolemy.moml.MoMLSimpleApplication@5fbeb191
reloadAllAccessors: .zeroRate3

===========================================================================================
----------------- testing Mon Oct 22 02:40:58 UTC 2018 /home/travis/build/icyphy/ptII/ptolemy/domains/sdf/kernel/test/auto/zeroRate7.xml
----------------- Instantiating /home/travis/build/icyphy/ptII/ptolemy/domains/sdf/kernel/test/auto/zeroRate7.xml
2 ms. Memory: 210944K Free: 189836K (90%)
----------------- Invoking toplevel() on ptolemy.moml.MoMLSimpleApplication@d206720
----------------- Done invoking toplevel() on ptolemy.moml.MoMLSimpleApplication@d206720
reloadAllAccessors: .zeroRate7

===========================================================================================
----------------- testing Mon Oct 22 02:40:58 UTC 2018 /home/travis/build/icyphy/ptII/ptolemy/domains/sdf/kernel/test/auto/zeroRate8.xml
----------------- Instantiating /home/travis/build/icyphy/ptII/ptolemy/domains/sdf/kernel/test/auto/zeroRate8.xml
4 ms. Memory: 210944K Free: 184897K (88%)
----------------- Invoking toplevel() on ptolemy.moml.MoMLSimpleApplication@3ad3bed8
----------------- Done invoking toplevel() on ptolemy.moml.MoMLSimpleApplication@3ad3bed8
reloadAllAccessors: .zeroRate8

===========================================================================================
----------------- testing Mon Oct 22 02:40:58 UTC 2018 /home/travis/build/icyphy/ptII/ptolemy/domains/sdf/kernel/test/auto/zeroRate_delay4.xml
----------------- Instantiating /home/travis/build/icyphy/ptII/ptolemy/domains/sdf/kernel/test/auto/zeroRate_delay4.xml
2 ms. Memory: 210944K Free: 180792K (86%)
----------------- Invoking toplevel() on ptolemy.moml.MoMLSimpleApplication@7c0253c0
----------------- Done invoking toplevel() on ptolemy.moml.MoMLSimpleApplication@7c0253c0
reloadAllAccessors: .zeroRate_delay4

===========================================================================================
----------------- testing Mon Oct 22 02:40:58 UTC 2018 /home/travis/build/icyphy/ptII/ptolemy/domains/sdf/kernel/test/auto/zeroRate_delay5.xml
----------------- Instantiating /home/travis/build/icyphy/ptII/ptolemy/domains/sdf/kernel/test/auto/zeroRate_delay5.xml
1
4 ms. Memory: 210944K Free: 174189K (83%)
----------------- Invoking toplevel() on ptolemy.moml.MoMLSimpleApplication@383b2f23
----------------- Done invoking toplevel() on ptolemy.moml.MoMLSimpleApplication@383b2f23
reloadAllAccessors: .zeroRate_delay5

===========================================================================================
----------------- testing Mon Oct 22 02:40:58 UTC 2018 /home/travis/build/icyphy/ptII/ptolemy/domains/sdf/kernel/test/auto/zeroRate_delay6.xml
----------------- Instantiating /home/travis/build/icyphy/ptII/ptolemy/domains/sdf/kernel/test/auto/zeroRate_delay6.xml
5 ms. Memory: 210944K Free: 168414K (80%)
----------------- Invoking toplevel() on ptolemy.moml.MoMLSimpleApplication@196f6fdf
----------------- Done invoking toplevel() on ptolemy.moml.MoMLSimpleApplication@196f6fdf
reloadAllAccessors: .zeroRate_delay6
AutoTests.java: About to close Vertx.
AutoTests.java: Vertx closed.
]]></system-out>
  <system-err><![CDATA[java.lang.RuntimeException: Execution failed
	at ptolemy.moml.MoMLSimpleApplication$UnloadThread.run(MoMLSimpleApplication.java:402)
Caused by: ptolemy.kernel.util.IllegalActionException: Test fails in iteration 0.
Width of input is 3, but correctValues parameter is not an array of arrays.
  in .tunneling2.Test0
	at ptolemy.actor.lib.Test._getReference(Test.java:374)
	at ptolemy.actor.lib.Test.fire(Test.java:236)
	at ptolemy.actor.AtomicActor.iterate(AtomicActor.java:512)
	at ptolemy.actor.sched.StaticSchedulingDirector.fire(StaticSchedulingDirector.java:216)
	at ptolemy.domains.sdf.kernel.SDFDirector.fire(SDFDirector.java:500)
	at ptolemy.actor.CompositeActor.fire(CompositeActor.java:455)
	at ptolemy.actor.Manager.iterate(Manager.java:851)
	at ptolemy.actor.Manager.execute(Manager.java:369)
	at ptolemy.actor.Manager.run(Manager.java:1263)
	at ptolemy.actor.Manager$PtolemyRunThread.run(Manager.java:1915)
java.lang.reflect.InvocationTargetException
	at sun.reflect.NativeConstructorAccessorImpl.newInstance0(Native Method)
	at sun.reflect.NativeConstructorAccessorImpl.newInstance(NativeConstructorAccessorImpl.java:62)
	at sun.reflect.DelegatingConstructorAccessorImpl.newInstance(DelegatingConstructorAccessorImpl.java:45)
	at java.lang.reflect.Constructor.newInstance(Constructor.java:423)
	at ptolemy.util.test.junit.AutoKnownFailedTests.RunModel(AutoKnownFailedTests.java:105)
	at sun.reflect.NativeMethodAccessorImpl.invoke0(Native Method)
	at sun.reflect.NativeMethodAccessorImpl.invoke(NativeMethodAccessorImpl.java:62)
	at sun.reflect.DelegatingMethodAccessorImpl.invoke(DelegatingMethodAccessorImpl.java:43)
	at java.lang.reflect.Method.invoke(Method.java:498)
	at org.junit.runners.model.FrameworkMethod$1.runReflectiveCall(FrameworkMethod.java:44)
	at org.junit.internal.runners.model.ReflectiveCallable.run(ReflectiveCallable.java:15)
	at org.junit.runners.model.FrameworkMethod.invokeExplosively(FrameworkMethod.java:41)
	at junitparams.internal.InvokeParameterisedMethod.evaluate(InvokeParameterisedMethod.java:102)
	at org.junit.internal.runners.statements.FailOnTimeout$1.run(FailOnTimeout.java:28)
Caused by: ptolemy.kernel.util.IllegalActionException: Test fails in iteration 0.
Width of input is 3, but correctValues parameter is not an array of arrays.
  in .tunneling2.Test0
	at ptolemy.actor.lib.Test._getReference(Test.java:374)
	at ptolemy.actor.lib.Test.fire(Test.java:236)
	at ptolemy.actor.AtomicActor.iterate(AtomicActor.java:512)
	at ptolemy.actor.sched.StaticSchedulingDirector.fire(StaticSchedulingDirector.java:216)
	at ptolemy.domains.sdf.kernel.SDFDirector.fire(SDFDirector.java:500)
	at ptolemy.actor.CompositeActor.fire(CompositeActor.java:455)
	at ptolemy.actor.Manager.iterate(Manager.java:851)
	at ptolemy.actor.Manager.execute(Manager.java:369)
	at ptolemy.actor.Manager.run(Manager.java:1263)
	at ptolemy.actor.Manager$PtolemyRunThread.run(Manager.java:1915)
]]></system-err>
</testsuite>
