<?xml version="1.0" encoding="UTF-8" ?>
<testsuite errors="0" failures="0" hostname="travis-job-ce93beb1-e56f-432c-8e91-4f0897f29cd9" name="ptolemy.domains.continuous.test.junit.JUnitTclTest" skipped="0" tests="156" time="66.745" timestamp="2020-06-01T15:00:03">
  <properties>
[...]
</properties>
  <testcase classname="ptolemy.util.test.junit.TclTests" name="[0] ThereAreNoTclTests (RunTclFile)" time="0.014" />
  <testcase classname="ptolemy.util.test.junit.AutoKnownFailedTests" name="[0] ThereAreNoKnowFailedTests (RunModel)" time="0.002" />
  <testcase classname="ptolemy.util.test.junit.AutoNameArchTests" name="[0] ThereAreNoAutoArchTests (RunModel)" time="0.017" />
  <testcase classname="ptolemy.util.test.junit.AutoTests" name="[0] /home/travis/build/icyphy/ptII/ptolemy/domains/continuous/test/auto/BouncingBall.xml (RunModel)" time="2.76" />
  <testcase classname="ptolemy.util.test.junit.AutoTests" name="[1] /home/travis/build/icyphy/ptII/ptolemy/domains/continuous/test/auto/BouncingBallWithoutGR.xml (RunModel)" time="0.903" />
  <testcase classname="ptolemy.util.test.junit.AutoTests" name="[2] /home/travis/build/icyphy/ptII/ptolemy/domains/continuous/test/auto/Brownian.xml (RunModel)" time="0.086" />
  <testcase classname="ptolemy.util.test.junit.AutoTests" name="[3] /home/travis/build/icyphy/ptII/ptolemy/domains/continuous/test/auto/CarTracking.xml (RunModel)" time="3.604" />
  <testcase classname="ptolemy.util.test.junit.AutoTests" name="[4] /home/travis/build/icyphy/ptII/ptolemy/domains/continuous/test/auto/CartPendulum.xml (RunModel)" time="0.467" />
  <testcase classname="ptolemy.util.test.junit.AutoTests" name="[5] /home/travis/build/icyphy/ptII/ptolemy/domains/continuous/test/auto/CausalityInterface10.xml (RunModel)" time="0.058" />
  <testcase classname="ptolemy.util.test.junit.AutoTests" name="[6] /home/travis/build/icyphy/ptII/ptolemy/domains/continuous/test/auto/CausalityInterface11.xml (RunModel)" time="0.023" />
  <testcase classname="ptolemy.util.test.junit.AutoTests" name="[7] /home/travis/build/icyphy/ptII/ptolemy/domains/continuous/test/auto/CausalityInterface12.xml (RunModel)" time="0.023" />
  <testcase classname="ptolemy.util.test.junit.AutoTests" name="[8] /home/travis/build/icyphy/ptII/ptolemy/domains/continuous/test/auto/CausalityInterface13.xml (RunModel)" time="0.019" />
  <testcase classname="ptolemy.util.test.junit.AutoTests" name="[9] /home/travis/build/icyphy/ptII/ptolemy/domains/continuous/test/auto/CausalityInterface14.xml (RunModel)" time="0.016" />
  <testcase classname="ptolemy.util.test.junit.AutoTests" name="[10] /home/travis/build/icyphy/ptII/ptolemy/domains/continuous/test/auto/CausalityInterface4.xml (RunModel)" time="0.027" />
  <testcase classname="ptolemy.util.test.junit.AutoTests" name="[11] /home/travis/build/icyphy/ptII/ptolemy/domains/continuous/test/auto/CausalityInterface5.xml (RunModel)" time="0.024" />
  <testcase classname="ptolemy.util.test.junit.AutoTests" name="[12] /home/travis/build/icyphy/ptII/ptolemy/domains/continuous/test/auto/CausalityInterface6.xml (RunModel)" time="0.023" />
  <testcase classname="ptolemy.util.test.junit.AutoTests" name="[13] /home/travis/build/icyphy/ptII/ptolemy/domains/continuous/test/auto/CausalityInterface7.xml (RunModel)" time="0.034" />
  <testcase classname="ptolemy.util.test.junit.AutoTests" name="[14] /home/travis/build/icyphy/ptII/ptolemy/domains/continuous/test/auto/CausalityInterface8.xml (RunModel)" time="0.037" />
  <testcase classname="ptolemy.util.test.junit.AutoTests" name="[15] /home/travis/build/icyphy/ptII/ptolemy/domains/continuous/test/auto/CausalityInterface9.xml (RunModel)" time="0.041" />
  <testcase classname="ptolemy.util.test.junit.AutoTests" name="[16] /home/travis/build/icyphy/ptII/ptolemy/domains/continuous/test/auto/CausalityInterfaceFeedback1.xml (RunModel)" time="0.035" />
  <testcase classname="ptolemy.util.test.junit.AutoTests" name="[17] /home/travis/build/icyphy/ptII/ptolemy/domains/continuous/test/auto/CausalityInterfaceFeedback2.xml (RunModel)" time="0.026" />
  <testcase classname="ptolemy.util.test.junit.AutoTests" name="[18] /home/travis/build/icyphy/ptII/ptolemy/domains/continuous/test/auto/CompareWithCurrentTime.xml (RunModel)" time="0.02" />
  <testcase classname="ptolemy.util.test.junit.AutoTests" name="[19] /home/travis/build/icyphy/ptII/ptolemy/domains/continuous/test/auto/ComparedClocks.xml (RunModel)" time="0.074" />
  <testcase classname="ptolemy.util.test.junit.AutoTests" name="[20] /home/travis/build/icyphy/ptII/ptolemy/domains/continuous/test/auto/ContinuousAOCClone.xml (RunModel)" time="2.372" />
  <testcase classname="ptolemy.util.test.junit.AutoTests" name="[21] /home/travis/build/icyphy/ptII/ptolemy/domains/continuous/test/auto/ContinuousClock.xml (RunModel)" time="0.06" />
  <testcase classname="ptolemy.util.test.junit.AutoTests" name="[22] /home/travis/build/icyphy/ptII/ptolemy/domains/continuous/test/auto/ContinuousInContinuous.xml (RunModel)" time="0.081" />
  <testcase classname="ptolemy.util.test.junit.AutoTests" name="[23] /home/travis/build/icyphy/ptII/ptolemy/domains/continuous/test/auto/ContinuousInContinuousInContinuous.xml (RunModel)" time="0.024" />
  <testcase classname="ptolemy.util.test.junit.AutoTests" name="[24] /home/travis/build/icyphy/ptII/ptolemy/domains/continuous/test/auto/ContinuousInDE.xml (RunModel)" time="0.107" />
  <testcase classname="ptolemy.util.test.junit.AutoTests" name="[25] /home/travis/build/icyphy/ptII/ptolemy/domains/continuous/test/auto/ContinuousInDE2.xml (RunModel)" time="0.041" />
  <testcase classname="ptolemy.util.test.junit.AutoTests" name="[26] /home/travis/build/icyphy/ptII/ptolemy/domains/continuous/test/auto/ContinuousInDE3.xml (RunModel)" time="0.041" />
  <testcase classname="ptolemy.util.test.junit.AutoTests" name="[27] /home/travis/build/icyphy/ptII/ptolemy/domains/continuous/test/auto/ContinuousInDE4.xml (RunModel)" time="0.027" />
  <testcase classname="ptolemy.util.test.junit.AutoTests" name="[28] /home/travis/build/icyphy/ptII/ptolemy/domains/continuous/test/auto/ContinuousInDEDifferentRefinements.xml (RunModel)" time="0.106" />
  <testcase classname="ptolemy.util.test.junit.AutoTests" name="[29] /home/travis/build/icyphy/ptII/ptolemy/domains/continuous/test/auto/ContinuousInDEDifferentRefinementsPreemptive.xml (RunModel)" time="0.076" />
  <testcase classname="ptolemy.util.test.junit.AutoTests" name="[30] /home/travis/build/icyphy/ptII/ptolemy/domains/continuous/test/auto/ContinuousInDEInContinuous2.xml (RunModel)" time="0.063" />
  <testcase classname="ptolemy.util.test.junit.AutoTests" name="[31] /home/travis/build/icyphy/ptII/ptolemy/domains/continuous/test/auto/ContinuousInDEInContinuous3.xml (RunModel)" time="0.059" />
  <testcase classname="ptolemy.util.test.junit.AutoTests" name="[32] /home/travis/build/icyphy/ptII/ptolemy/domains/continuous/test/auto/ContinuousInDEInput.xml (RunModel)" time="0.024" />
  <testcase classname="ptolemy.util.test.junit.AutoTests" name="[33] /home/travis/build/icyphy/ptII/ptolemy/domains/continuous/test/auto/ContinuousInDEInput2.xml (RunModel)" time="0.024" />
  <testcase classname="ptolemy.util.test.junit.AutoTests" name="[34] /home/travis/build/icyphy/ptII/ptolemy/domains/continuous/test/auto/ContinuousInDEInput3.xml (RunModel)" time="0.023" />
  <testcase classname="ptolemy.util.test.junit.AutoTests" name="[35] /home/travis/build/icyphy/ptII/ptolemy/domains/continuous/test/auto/ContinuousInDESharingRefinement.xml (RunModel)" time="0.146" />
  <testcase classname="ptolemy.util.test.junit.AutoTests" name="[36] /home/travis/build/icyphy/ptII/ptolemy/domains/continuous/test/auto/ContinuousInDEwithNoPorts.xml (RunModel)" time="0.015" />
  <testcase classname="ptolemy.util.test.junit.AutoTests" name="[37] /home/travis/build/icyphy/ptII/ptolemy/domains/continuous/test/auto/ContinuousInsideDE.xml (RunModel)" time="0.077" />
  <testcase classname="ptolemy.util.test.junit.AutoTests" name="[38] /home/travis/build/icyphy/ptII/ptolemy/domains/continuous/test/auto/ContinuousMerge1.xml (RunModel)" time="0.011" />
  <testcase classname="ptolemy.util.test.junit.AutoTests" name="[39] /home/travis/build/icyphy/ptII/ptolemy/domains/continuous/test/auto/ContinuousMerge2.xml (RunModel)" time="0.03" />
  <testcase classname="ptolemy.util.test.junit.AutoTests" name="[40] /home/travis/build/icyphy/ptII/ptolemy/domains/continuous/test/auto/ContinuousMerge3.xml (RunModel)" time="0.062" />
  <testcase classname="ptolemy.util.test.junit.AutoTests" name="[41] /home/travis/build/icyphy/ptII/ptolemy/domains/continuous/test/auto/ContinuousWithinContinuous.xml (RunModel)" time="0.047" />
  <testcase classname="ptolemy.util.test.junit.AutoTests" name="[42] /home/travis/build/icyphy/ptII/ptolemy/domains/continuous/test/auto/ContinuousWithinContinuous2.xml (RunModel)" time="0.082" />
  <testcase classname="ptolemy.util.test.junit.AutoTests" name="[43] /home/travis/build/icyphy/ptII/ptolemy/domains/continuous/test/auto/ContinuousWithinContinuous3.xml (RunModel)" time="0.026" />
  <testcase classname="ptolemy.util.test.junit.AutoTests" name="[44] /home/travis/build/icyphy/ptII/ptolemy/domains/continuous/test/auto/ContinuousWithinContinuous4.xml (RunModel)" time="0.083" />
  <testcase classname="ptolemy.util.test.junit.AutoTests" name="[45] /home/travis/build/icyphy/ptII/ptolemy/domains/continuous/test/auto/ContinuousWithinContinuous5.xml (RunModel)" time="0.028" />
  <testcase classname="ptolemy.util.test.junit.AutoTests" name="[46] /home/travis/build/icyphy/ptII/ptolemy/domains/continuous/test/auto/ContinuousWithinContinuous6.xml (RunModel)" time="0.026" />
  <testcase classname="ptolemy.util.test.junit.AutoTests" name="[47] /home/travis/build/icyphy/ptII/ptolemy/domains/continuous/test/auto/ContinuousWithinContinuous7.xml (RunModel)" time="0.07" />
  <testcase classname="ptolemy.util.test.junit.AutoTests" name="[48] /home/travis/build/icyphy/ptII/ptolemy/domains/continuous/test/auto/DCMotor.xml (RunModel)" time="12.353" />
  <testcase classname="ptolemy.util.test.junit.AutoTests" name="[49] /home/travis/build/icyphy/ptII/ptolemy/domains/continuous/test/auto/DEInContinuous.xml (RunModel)" time="0.036" />
  <testcase classname="ptolemy.util.test.junit.AutoTests" name="[50] /home/travis/build/icyphy/ptII/ptolemy/domains/continuous/test/auto/DEinContinuous2.xml (RunModel)" time="0.031" />
  <testcase classname="ptolemy.util.test.junit.AutoTests" name="[51] /home/travis/build/icyphy/ptII/ptolemy/domains/continuous/test/auto/Derivative.xml (RunModel)" time="0.165" />
  <testcase classname="ptolemy.util.test.junit.AutoTests" name="[52] /home/travis/build/icyphy/ptII/ptolemy/domains/continuous/test/auto/Derivative1.xml (RunModel)" time="0.045" />
  <testcase classname="ptolemy.util.test.junit.AutoTests" name="[53] /home/travis/build/icyphy/ptII/ptolemy/domains/continuous/test/auto/DiscreteClock.xml (RunModel)" time="0.013" />
  <testcase classname="ptolemy.util.test.junit.AutoTests" name="[54] /home/travis/build/icyphy/ptII/ptolemy/domains/continuous/test/auto/EfficiencyCurve.xml (RunModel)" time="0.096" />
  <testcase classname="ptolemy.util.test.junit.AutoTests" name="[55] /home/travis/build/icyphy/ptII/ptolemy/domains/continuous/test/auto/ExponentialResponse.xml (RunModel)" time="0.089" />
  <testcase classname="ptolemy.util.test.junit.AutoTests" name="[56] /home/travis/build/icyphy/ptII/ptolemy/domains/continuous/test/auto/ExponentialResponseRK45.xml (RunModel)" time="0.029" />
  <testcase classname="ptolemy.util.test.junit.AutoTests" name="[57] /home/travis/build/icyphy/ptII/ptolemy/domains/continuous/test/auto/Friction.xml (RunModel)" time="1.541" />
  <testcase classname="ptolemy.util.test.junit.AutoTests" name="[58] /home/travis/build/icyphy/ptII/ptolemy/domains/continuous/test/auto/FurutaPendulum.xml (RunModel)" time="2.845" />
  <testcase classname="ptolemy.util.test.junit.AutoTests" name="[59] /home/travis/build/icyphy/ptII/ptolemy/domains/continuous/test/auto/HierarchicalExecution.xml (RunModel)" time="1.904" />
  <testcase classname="ptolemy.util.test.junit.AutoTests" name="[60] /home/travis/build/icyphy/ptII/ptolemy/domains/continuous/test/auto/HybridPlant.xml (RunModel)" time="0.542" />
  <testcase classname="ptolemy.util.test.junit.AutoTests" name="[61] /home/travis/build/icyphy/ptII/ptolemy/domains/continuous/test/auto/Hysteresis.xml (RunModel)" time="0.174" />
  <testcase classname="ptolemy.util.test.junit.AutoTests" name="[62] /home/travis/build/icyphy/ptII/ptolemy/domains/continuous/test/auto/HysteresisWithRandomDelay.xml (RunModel)" time="0.21" />
  <testcase classname="ptolemy.util.test.junit.AutoTests" name="[63] /home/travis/build/icyphy/ptII/ptolemy/domains/continuous/test/auto/HysteresisWithRandomLosses.xml (RunModel)" time="2.244" />
  <testcase classname="ptolemy.util.test.junit.AutoTests" name="[64] /home/travis/build/icyphy/ptII/ptolemy/domains/continuous/test/auto/ImmediateTransitions.xml (RunModel)" time="0.039" />
  <testcase classname="ptolemy.util.test.junit.AutoTests" name="[65] /home/travis/build/icyphy/ptII/ptolemy/domains/continuous/test/auto/ImpulseFeedback.xml (RunModel)" time="0.019" />
  <testcase classname="ptolemy.util.test.junit.AutoTests" name="[66] /home/travis/build/icyphy/ptII/ptolemy/domains/continuous/test/auto/ImpulseFeedback2.xml (RunModel)" time="0.017" />
  <testcase classname="ptolemy.util.test.junit.AutoTests" name="[67] /home/travis/build/icyphy/ptII/ptolemy/domains/continuous/test/auto/IncreasingRatePoisson.xml (RunModel)" time="0.636" />
  <testcase classname="ptolemy.util.test.junit.AutoTests" name="[68] /home/travis/build/icyphy/ptII/ptolemy/domains/continuous/test/auto/InitialStateFeedback.xml (RunModel)" time="0.017" />
  <testcase classname="ptolemy.util.test.junit.AutoTests" name="[69] /home/travis/build/icyphy/ptII/ptolemy/domains/continuous/test/auto/Integration.xml (RunModel)" time="0.008" />
  <testcase classname="ptolemy.util.test.junit.AutoTests" name="[70] /home/travis/build/icyphy/ptII/ptolemy/domains/continuous/test/auto/Integration2.xml (RunModel)" time="0.072" />
  <testcase classname="ptolemy.util.test.junit.AutoTests" name="[71] /home/travis/build/icyphy/ptII/ptolemy/domains/continuous/test/auto/Integration3.xml (RunModel)" time="0.01" />
  <testcase classname="ptolemy.util.test.junit.AutoTests" name="[72] /home/travis/build/icyphy/ptII/ptolemy/domains/continuous/test/auto/Integration5.xml (RunModel)" time="0.008" />
  <testcase classname="ptolemy.util.test.junit.AutoTests" name="[73] /home/travis/build/icyphy/ptII/ptolemy/domains/continuous/test/auto/IntegratorImpulse.xml (RunModel)" time="0.008" />
  <testcase classname="ptolemy.util.test.junit.AutoTests" name="[74] /home/travis/build/icyphy/ptII/ptolemy/domains/continuous/test/auto/IntegratorImpulse2.xml (RunModel)" time="0.009" />
  <testcase classname="ptolemy.util.test.junit.AutoTests" name="[75] /home/travis/build/icyphy/ptII/ptolemy/domains/continuous/test/auto/LevelCrossing1.xml (RunModel)" time="0.009" />
  <testcase classname="ptolemy.util.test.junit.AutoTests" name="[76] /home/travis/build/icyphy/ptII/ptolemy/domains/continuous/test/auto/LevelCrossing2.xml (RunModel)" time="0.011" />
  <testcase classname="ptolemy.util.test.junit.AutoTests" name="[77] /home/travis/build/icyphy/ptII/ptolemy/domains/continuous/test/auto/LevelCrossing3.xml (RunModel)" time="0.011" />
  <testcase classname="ptolemy.util.test.junit.AutoTests" name="[78] /home/travis/build/icyphy/ptII/ptolemy/domains/continuous/test/auto/LevelCrossing4.xml (RunModel)" time="0.012" />
  <testcase classname="ptolemy.util.test.junit.AutoTests" name="[79] /home/travis/build/icyphy/ptII/ptolemy/domains/continuous/test/auto/LevelCrossing5.xml (RunModel)" time="0.011" />
  <testcase classname="ptolemy.util.test.junit.AutoTests" name="[80] /home/travis/build/icyphy/ptII/ptolemy/domains/continuous/test/auto/LevelCrossing6.xml (RunModel)" time="0.011" />
  <testcase classname="ptolemy.util.test.junit.AutoTests" name="[81] /home/travis/build/icyphy/ptII/ptolemy/domains/continuous/test/auto/LevelCrossingDetector.xml (RunModel)" time="0.032" />
  <testcase classname="ptolemy.util.test.junit.AutoTests" name="[82] /home/travis/build/icyphy/ptII/ptolemy/domains/continuous/test/auto/LevelCrossingDetectorDetectingDirections.xml (RunModel)" time="0.085" />
  <testcase classname="ptolemy.util.test.junit.AutoTests" name="[83] /home/travis/build/icyphy/ptII/ptolemy/domains/continuous/test/auto/LevelCrossingDetectorDetectsGlitches.xml (RunModel)" time="0.055" />
  <testcase classname="ptolemy.util.test.junit.AutoTests" name="[84] /home/travis/build/icyphy/ptII/ptolemy/domains/continuous/test/auto/LevelCrossingNoInitialOuput.xml (RunModel)" time="0.012" />
  <testcase classname="ptolemy.util.test.junit.AutoTests" name="[85] /home/travis/build/icyphy/ptII/ptolemy/domains/continuous/test/auto/LinearStateSpaceExample.xml (RunModel)" time="0.051" />
  <testcase classname="ptolemy.util.test.junit.AutoTests" name="[86] /home/travis/build/icyphy/ptII/ptolemy/domains/continuous/test/auto/Lorenz.xml (RunModel)" time="3.194" />
  <testcase classname="ptolemy.util.test.junit.AutoTests" name="[87] /home/travis/build/icyphy/ptII/ptolemy/domains/continuous/test/auto/LorenzDifferentialSystem.xml (RunModel)" time="0.79" />
  <testcase classname="ptolemy.util.test.junit.AutoTests" name="[88] /home/travis/build/icyphy/ptII/ptolemy/domains/continuous/test/auto/LorenzDifferentialSystemWithInput.xml (RunModel)" time="1.155" />
  <testcase classname="ptolemy.util.test.junit.AutoTests" name="[89] /home/travis/build/icyphy/ptII/ptolemy/domains/continuous/test/auto/LorenzDifferentialSystemWithTime.xml (RunModel)" time="0.621" />
  <testcase classname="ptolemy.util.test.junit.AutoTests" name="[90] /home/travis/build/icyphy/ptII/ptolemy/domains/continuous/test/auto/Microsteps.xml (RunModel)" time="0.026" />
  <testcase classname="ptolemy.util.test.junit.AutoTests" name="[91] /home/travis/build/icyphy/ptII/ptolemy/domains/continuous/test/auto/Modal1.xml (RunModel)" time="0.029" />
  <testcase classname="ptolemy.util.test.junit.AutoTests" name="[92] /home/travis/build/icyphy/ptII/ptolemy/domains/continuous/test/auto/Modal2.xml (RunModel)" time="0.046" />
  <testcase classname="ptolemy.util.test.junit.AutoTests" name="[93] /home/travis/build/icyphy/ptII/ptolemy/domains/continuous/test/auto/ModalTransitionGuardWithReset.xml (RunModel)" time="0.026" />
  <testcase classname="ptolemy.util.test.junit.AutoTests" name="[94] /home/travis/build/icyphy/ptII/ptolemy/domains/continuous/test/auto/ModalTransitionGuardWithResetUsingPreemptiveTransition.xml (RunModel)" time="0.027" />
  <testcase classname="ptolemy.util.test.junit.AutoTests" name="[95] /home/travis/build/icyphy/ptII/ptolemy/domains/continuous/test/auto/ModalTransitionGuardWithResetUsingPreemptiveTransition2.xml (RunModel)" time="0.021" />
  <testcase classname="ptolemy.util.test.junit.AutoTests" name="[96] /home/travis/build/icyphy/ptII/ptolemy/domains/continuous/test/auto/ModalTransitionGuardWithResetUsingPreemptiveTransition3.xml (RunModel)" time="0.036" />
  <testcase classname="ptolemy.util.test.junit.AutoTests" name="[97] /home/travis/build/icyphy/ptII/ptolemy/domains/continuous/test/auto/NewtonsCradle.xml (RunModel)" time="0.767" />
  <testcase classname="ptolemy.util.test.junit.AutoTests" name="[98] /home/travis/build/icyphy/ptII/ptolemy/domains/continuous/test/auto/NewtonsCradleAnimated.xml (RunModel)" time="1.214" />
  <testcase classname="ptolemy.util.test.junit.AutoTests" name="[99] /home/travis/build/icyphy/ptII/ptolemy/domains/continuous/test/auto/NewtonsCradleComplicated.xml (RunModel)" time="0.899" />
  <testcase classname="ptolemy.util.test.junit.AutoTests" name="[100] /home/travis/build/icyphy/ptII/ptolemy/domains/continuous/test/auto/NewtonsCradleNondeterministic.xml (RunModel)" time="0.733" />
  <testcase classname="ptolemy.util.test.junit.AutoTests" name="[101] /home/travis/build/icyphy/ptII/ptolemy/domains/continuous/test/auto/NewtonsCradlePerfectlyInelastic1.xml (RunModel)" time="1.155" />
  <testcase classname="ptolemy.util.test.junit.AutoTests" name="[102] /home/travis/build/icyphy/ptII/ptolemy/domains/continuous/test/auto/Noise.xml (RunModel)" time="0.19" />
  <testcase classname="ptolemy.util.test.junit.AutoTests" name="[103] /home/travis/build/icyphy/ptII/ptolemy/domains/continuous/test/auto/NoiseSpectrum.xml (RunModel)" time="0.684" />
  <testcase classname="ptolemy.util.test.junit.AutoTests" name="[104] /home/travis/build/icyphy/ptII/ptolemy/domains/continuous/test/auto/ParameterizedNewtonsCradleAnimated.xml (RunModel)" time="0.321" />
  <testcase classname="ptolemy.util.test.junit.AutoTests" name="[105] /home/travis/build/icyphy/ptII/ptolemy/domains/continuous/test/auto/ParameterizedNewtonsCradleAnimatedNondeterministic.xml (RunModel)" time="1.056" />
  <testcase classname="ptolemy.util.test.junit.AutoTests" name="[106] /home/travis/build/icyphy/ptII/ptolemy/domains/continuous/test/auto/Pendulum3D.xml (RunModel)" time="0.166" />
  <testcase classname="ptolemy.util.test.junit.AutoTests" name="[107] /home/travis/build/icyphy/ptII/ptolemy/domains/continuous/test/auto/PeriodicSampler.xml (RunModel)" time="0.014" />
  <testcase classname="ptolemy.util.test.junit.AutoTests" name="[108] /home/travis/build/icyphy/ptII/ptolemy/domains/continuous/test/auto/PeriodicSampler1.xml (RunModel)" time="0.038" />
  <testcase classname="ptolemy.util.test.junit.AutoTests" name="[109] /home/travis/build/icyphy/ptII/ptolemy/domains/continuous/test/auto/PeriodicSampler2.xml (RunModel)" time="0.071" />
  <testcase classname="ptolemy.util.test.junit.AutoTests" name="[110] /home/travis/build/icyphy/ptII/ptolemy/domains/continuous/test/auto/Poisson.xml (RunModel)" time="0.405" />
  <testcase classname="ptolemy.util.test.junit.AutoTests" name="[111] /home/travis/build/icyphy/ptII/ptolemy/domains/continuous/test/auto/PoissonClock.xml (RunModel)" time="0.013" />
  <testcase classname="ptolemy.util.test.junit.AutoTests" name="[112] /home/travis/build/icyphy/ptII/ptolemy/domains/continuous/test/auto/PoissonClock2.xml (RunModel)" time="0.011" />
  <testcase classname="ptolemy.util.test.junit.AutoTests" name="[113] /home/travis/build/icyphy/ptII/ptolemy/domains/continuous/test/auto/PortParameterHierarchy.xml (RunModel)" time="0.022" />
  <testcase classname="ptolemy.util.test.junit.AutoTests" name="[114] /home/travis/build/icyphy/ptII/ptolemy/domains/continuous/test/auto/RandomHybridPlant.xml (RunModel)" time="0.53" />
  <testcase classname="ptolemy.util.test.junit.AutoTests" name="[115] /home/travis/build/icyphy/ptII/ptolemy/domains/continuous/test/auto/ResetTransitionWithStartTime1.xml (RunModel)" time="0.048" />
  <testcase classname="ptolemy.util.test.junit.AutoTests" name="[116] /home/travis/build/icyphy/ptII/ptolemy/domains/continuous/test/auto/ResetTransitionWithStartTime2.xml (RunModel)" time="0.038" />
  <testcase classname="ptolemy.util.test.junit.AutoTests" name="[117] /home/travis/build/icyphy/ptII/ptolemy/domains/continuous/test/auto/ResetTransitionWithStartTime3.xml (RunModel)" time="0.034" />
  <testcase classname="ptolemy.util.test.junit.AutoTests" name="[118] /home/travis/build/icyphy/ptII/ptolemy/domains/continuous/test/auto/ResetTransitionWithStartTime4.xml (RunModel)" time="0.028" />
  <testcase classname="ptolemy.util.test.junit.AutoTests" name="[119] /home/travis/build/icyphy/ptII/ptolemy/domains/continuous/test/auto/ResetTransitionWithStartTime5.xml (RunModel)" time="0.032" />
  <testcase classname="ptolemy.util.test.junit.AutoTests" name="[120] /home/travis/build/icyphy/ptII/ptolemy/domains/continuous/test/auto/ResetTransitionWithStartTime6.xml (RunModel)" time="0.024" />
  <testcase classname="ptolemy.util.test.junit.AutoTests" name="[121] /home/travis/build/icyphy/ptII/ptolemy/domains/continuous/test/auto/SRinContinuous.xml (RunModel)" time="0.019" />
  <testcase classname="ptolemy.util.test.junit.AutoTests" name="[122] /home/travis/build/icyphy/ptII/ptolemy/domains/continuous/test/auto/SampledClocks.xml (RunModel)" time="0.04" />
  <testcase classname="ptolemy.util.test.junit.AutoTests" name="[123] /home/travis/build/icyphy/ptII/ptolemy/domains/continuous/test/auto/Satellite.xml (RunModel)" time="0.655" />
  <testcase classname="ptolemy.util.test.junit.AutoTests" name="[124] /home/travis/build/icyphy/ptII/ptolemy/domains/continuous/test/auto/SigmaDelta.xml (RunModel)" time="2.043" />
  <testcase classname="ptolemy.util.test.junit.AutoTests" name="[125] /home/travis/build/icyphy/ptII/ptolemy/domains/continuous/test/auto/SingleRefinement.xml (RunModel)" time="0.401" />
  <testcase classname="ptolemy.util.test.junit.AutoTests" name="[126] /home/travis/build/icyphy/ptII/ptolemy/domains/continuous/test/auto/SinuBouncingBall.xml (RunModel)" time="0.767" />
  <testcase classname="ptolemy.util.test.junit.AutoTests" name="[127] /home/travis/build/icyphy/ptII/ptolemy/domains/continuous/test/auto/Sinusoid.xml (RunModel)" time="0.022" />
  <testcase classname="ptolemy.util.test.junit.AutoTests" name="[128] /home/travis/build/icyphy/ptII/ptolemy/domains/continuous/test/auto/SinusoidInNoise.xml (RunModel)" time="0.768" />
  <testcase classname="ptolemy.util.test.junit.AutoTests" name="[129] /home/travis/build/icyphy/ptII/ptolemy/domains/continuous/test/auto/SinusoidRK45.xml (RunModel)" time="0.016" />
  <testcase classname="ptolemy.util.test.junit.AutoTests" name="[130] /home/travis/build/icyphy/ptII/ptolemy/domains/continuous/test/auto/SinusoidWithMultipleImpulses.xml (RunModel)" time="0.014" />
  <testcase classname="ptolemy.util.test.junit.AutoTests" name="[131] /home/travis/build/icyphy/ptII/ptolemy/domains/continuous/test/auto/SquareWave.xml (RunModel)" time="0.167" />
  <testcase classname="ptolemy.util.test.junit.AutoTests" name="[132] /home/travis/build/icyphy/ptII/ptolemy/domains/continuous/test/auto/Starmac.xml (RunModel)" time="3.348" />
  <testcase classname="ptolemy.util.test.junit.AutoTests" name="[133] /home/travis/build/icyphy/ptII/ptolemy/domains/continuous/test/auto/StaticUnits.xml (RunModel)" time="2.406" />
  <testcase classname="ptolemy.util.test.junit.AutoTests" name="[134] /home/travis/build/icyphy/ptII/ptolemy/domains/continuous/test/auto/StickyMasses.xml (RunModel)" time="0.197" />
  <testcase classname="ptolemy.util.test.junit.AutoTests" name="[135] /home/travis/build/icyphy/ptII/ptolemy/domains/continuous/test/auto/StopTime.xml (RunModel)" time="0.061" />
  <testcase classname="ptolemy.util.test.junit.AutoTests" name="[136] /home/travis/build/icyphy/ptII/ptolemy/domains/continuous/test/auto/StopTime2.xml (RunModel)" time="0.057" />
  <testcase classname="ptolemy.util.test.junit.AutoTests" name="[137] /home/travis/build/icyphy/ptII/ptolemy/domains/continuous/test/auto/Switch.xml (RunModel)" time="0.058" />
  <testcase classname="ptolemy.util.test.junit.AutoTests" name="[138] /home/travis/build/icyphy/ptII/ptolemy/domains/continuous/test/auto/Thermostat.xml (RunModel)" time="0.221" />
  <testcase classname="ptolemy.util.test.junit.AutoTests" name="[139] /home/travis/build/icyphy/ptII/ptolemy/domains/continuous/test/auto/TimeDelay.xml (RunModel)" time="0.015" />
  <testcase classname="ptolemy.util.test.junit.AutoTests" name="[140] /home/travis/build/icyphy/ptII/ptolemy/domains/continuous/test/auto/TimeDelay2.xml (RunModel)" time="0.029" />
  <testcase classname="ptolemy.util.test.junit.AutoTests" name="[141] /home/travis/build/icyphy/ptII/ptolemy/domains/continuous/test/auto/TimeDelay3.xml (RunModel)" time="0.015" />
  <testcase classname="ptolemy.util.test.junit.AutoTests" name="[142] /home/travis/build/icyphy/ptII/ptolemy/domains/continuous/test/auto/TransferAbsentToInside.xml (RunModel)" time="0.106" />
  <testcase classname="ptolemy.util.test.junit.AutoTests" name="[143] /home/travis/build/icyphy/ptII/ptolemy/domains/continuous/test/auto/Transmission.xml (RunModel)" time="0.768" />
  <testcase classname="ptolemy.util.test.junit.AutoTests" name="[144] /home/travis/build/icyphy/ptII/ptolemy/domains/continuous/test/auto/TriggeredContinuousClock.xml (RunModel)" time="0.06" />
  <testcase classname="ptolemy.util.test.junit.AutoTests" name="[145] /home/travis/build/icyphy/ptII/ptolemy/domains/continuous/test/auto/TwoMachineInfiniteBusControl.xml (RunModel)" time="2.607" />
  <testcase classname="ptolemy.util.test.junit.AutoTests" name="[146] /home/travis/build/icyphy/ptII/ptolemy/domains/continuous/test/auto/V2V.xml (RunModel)" time="0.695" />
  <testcase classname="ptolemy.util.test.junit.AutoTests" name="[147] /home/travis/build/icyphy/ptII/ptolemy/domains/continuous/test/auto/hierarchicalModalModel.xml (RunModel)" time="0.029" />
  <testcase classname="ptolemy.util.test.junit.AutoTests" name="[148] /home/travis/build/icyphy/ptII/ptolemy/domains/continuous/test/auto/hierarchicalModalModel1.xml (RunModel)" time="0.031" />
  <testcase classname="ptolemy.util.test.junit.AutoTests" name="[149] /home/travis/build/icyphy/ptII/ptolemy/domains/continuous/test/auto/hierarchicalModalModel2.xml (RunModel)" time="0.032" />
  <testcase classname="ptolemy.util.test.junit.AutoTests" name="[150] /home/travis/build/icyphy/ptII/ptolemy/domains/continuous/test/auto/hierarchicalModalModel3.xml (RunModel)" time="0.022" />
  <testcase classname="ptolemy.util.test.junit.AutoTests" name="[151] /home/travis/build/icyphy/ptII/ptolemy/domains/continuous/test/auto/hierarchicalModalModel4.xml (RunModel)" time="0.022" />
  <testcase classname="ptolemy.util.test.junit.AutoTests" name="[152] /home/travis/build/icyphy/ptII/ptolemy/domains/continuous/test/auto/junk.xml (RunModel)" time="0.138" />
  <system-out><![CDATA[No tcl tests in /home/travis/build/icyphy/ptII/ptolemy/domains/continuous/test
No auto/knownFailedTests/*.xml tests in /home/travis/build/icyphy/ptII/ptolemy/domains/continuous/test
No auto/linux-amd64/*.xml tests in /home/travis/build/icyphy/ptII/ptolemy/domains/continuous/test
AutoTests.java: About to close Vertx.
AutoTests.java: Vertx closed.

===========================================================================================
----------------- testing Mon Jun 01 15:00:03 UTC 2020 /home/travis/build/icyphy/ptII/ptolemy/domains/continuous/test/auto/BouncingBall.xml
----------------- Instantiating /home/travis/build/icyphy/ptII/ptolemy/domains/continuous/test/auto/BouncingBall.xml
2168 ms. Memory: 157696K Free: 100944K (64%)
----------------- Invoking toplevel() on ptolemy.moml.MoMLSimpleApplication@25e296d
----------------- Done invoking toplevel() on ptolemy.moml.MoMLSimpleApplication@25e296d
reloadAllAccessors: .BouncingBall

===========================================================================================
----------------- testing Mon Jun 01 15:00:06 UTC 2020 /home/travis/build/icyphy/ptII/ptolemy/domains/continuous/test/auto/BouncingBallWithoutGR.xml
----------------- Instantiating /home/travis/build/icyphy/ptII/ptolemy/domains/continuous/test/auto/BouncingBallWithoutGR.xml
739 ms. Memory: 189440K Free: 136097K (72%)
----------------- Invoking toplevel() on ptolemy.moml.MoMLSimpleApplication@593f883b
----------------- Done invoking toplevel() on ptolemy.moml.MoMLSimpleApplication@593f883b
reloadAllAccessors: .BouncingBallWithoutGR

===========================================================================================
----------------- testing Mon Jun 01 15:00:07 UTC 2020 /home/travis/build/icyphy/ptII/ptolemy/domains/continuous/test/auto/Brownian.xml
----------------- Instantiating /home/travis/build/icyphy/ptII/ptolemy/domains/continuous/test/auto/Brownian.xml
25 ms. Memory: 189440K Free: 126881K (67%)
----------------- Invoking toplevel() on ptolemy.moml.MoMLSimpleApplication@2873a6f1
----------------- Done invoking toplevel() on ptolemy.moml.MoMLSimpleApplication@2873a6f1
reloadAllAccessors: .Brownian

===========================================================================================
----------------- testing Mon Jun 01 15:00:07 UTC 2020 /home/travis/build/icyphy/ptII/ptolemy/domains/continuous/test/auto/CarTracking.xml
----------------- Instantiating /home/travis/build/icyphy/ptII/ptolemy/domains/continuous/test/auto/CarTracking.xml
3204 ms. Memory: 227328K Free: 147107K (65%)
----------------- Invoking toplevel() on ptolemy.moml.MoMLSimpleApplication@6350c749
----------------- Done invoking toplevel() on ptolemy.moml.MoMLSimpleApplication@6350c749
reloadAllAccessors: .CarTracking

===========================================================================================
----------------- testing Mon Jun 01 15:00:10 UTC 2020 /home/travis/build/icyphy/ptII/ptolemy/domains/continuous/test/auto/CartPendulum.xml
----------------- Instantiating /home/travis/build/icyphy/ptII/ptolemy/domains/continuous/test/auto/CartPendulum.xml
350 ms. Memory: 227328K Free: 187429K (82%)
----------------- Invoking toplevel() on ptolemy.moml.MoMLSimpleApplication@49d68ab1
----------------- Done invoking toplevel() on ptolemy.moml.MoMLSimpleApplication@49d68ab1
reloadAllAccessors: .CartPendulum

===========================================================================================
----------------- testing Mon Jun 01 15:00:11 UTC 2020 /home/travis/build/icyphy/ptII/ptolemy/domains/continuous/test/auto/CausalityInterface10.xml
----------------- Instantiating /home/travis/build/icyphy/ptII/ptolemy/domains/continuous/test/auto/CausalityInterface10.xml
11 ms. Memory: 227328K Free: 176675K (78%)
----------------- Invoking toplevel() on ptolemy.moml.MoMLSimpleApplication@7449cf69
----------------- Done invoking toplevel() on ptolemy.moml.MoMLSimpleApplication@7449cf69
reloadAllAccessors: .CausalityInterface10

===========================================================================================
----------------- testing Mon Jun 01 15:00:11 UTC 2020 /home/travis/build/icyphy/ptII/ptolemy/domains/continuous/test/auto/CausalityInterface11.xml
----------------- Instantiating /home/travis/build/icyphy/ptII/ptolemy/domains/continuous/test/auto/CausalityInterface11.xml
7 ms. Memory: 227328K Free: 170517K (75%)
----------------- Invoking toplevel() on ptolemy.moml.MoMLSimpleApplication@1298e66c
----------------- Done invoking toplevel() on ptolemy.moml.MoMLSimpleApplication@1298e66c
reloadAllAccessors: .CausalityInterface11

===========================================================================================
----------------- testing Mon Jun 01 15:00:11 UTC 2020 /home/travis/build/icyphy/ptII/ptolemy/domains/continuous/test/auto/CausalityInterface12.xml
----------------- Instantiating /home/travis/build/icyphy/ptII/ptolemy/domains/continuous/test/auto/CausalityInterface12.xml
4 ms. Memory: 227328K Free: 164387K (72%)
----------------- Invoking toplevel() on ptolemy.moml.MoMLSimpleApplication@4a049d0
----------------- Done invoking toplevel() on ptolemy.moml.MoMLSimpleApplication@4a049d0
reloadAllAccessors: .CausalityInterface12

===========================================================================================
----------------- testing Mon Jun 01 15:00:11 UTC 2020 /home/travis/build/icyphy/ptII/ptolemy/domains/continuous/test/auto/CausalityInterface13.xml
----------------- Instantiating /home/travis/build/icyphy/ptII/ptolemy/domains/continuous/test/auto/CausalityInterface13.xml
4 ms. Memory: 227328K Free: 158229K (70%)
----------------- Invoking toplevel() on ptolemy.moml.MoMLSimpleApplication@fc6e10f
----------------- Done invoking toplevel() on ptolemy.moml.MoMLSimpleApplication@fc6e10f
reloadAllAccessors: .CausalityInterface13

===========================================================================================
----------------- testing Mon Jun 01 15:00:11 UTC 2020 /home/travis/build/icyphy/ptII/ptolemy/domains/continuous/test/auto/CausalityInterface14.xml
----------------- Instantiating /home/travis/build/icyphy/ptII/ptolemy/domains/continuous/test/auto/CausalityInterface14.xml
2 ms. Memory: 227328K Free: 152613K (67%)
----------------- Invoking toplevel() on ptolemy.moml.MoMLSimpleApplication@4eb4f804
----------------- Done invoking toplevel() on ptolemy.moml.MoMLSimpleApplication@4eb4f804
reloadAllAccessors: .CausalityInterface14

===========================================================================================
----------------- testing Mon Jun 01 15:00:11 UTC 2020 /home/travis/build/icyphy/ptII/ptolemy/domains/continuous/test/auto/CausalityInterface4.xml
----------------- Instantiating /home/travis/build/icyphy/ptII/ptolemy/domains/continuous/test/auto/CausalityInterface4.xml
8 ms. Memory: 227328K Free: 145445K (64%)
----------------- Invoking toplevel() on ptolemy.moml.MoMLSimpleApplication@42f43a79
----------------- Done invoking toplevel() on ptolemy.moml.MoMLSimpleApplication@42f43a79
reloadAllAccessors: .CausalityInterface4

===========================================================================================
----------------- testing Mon Jun 01 15:00:11 UTC 2020 /home/travis/build/icyphy/ptII/ptolemy/domains/continuous/test/auto/CausalityInterface5.xml
----------------- Instantiating /home/travis/build/icyphy/ptII/ptolemy/domains/continuous/test/auto/CausalityInterface5.xml
4 ms. Memory: 227328K Free: 137253K (60%)
----------------- Invoking toplevel() on ptolemy.moml.MoMLSimpleApplication@74127ff1
----------------- Done invoking toplevel() on ptolemy.moml.MoMLSimpleApplication@74127ff1
reloadAllAccessors: .CausalityInterface5

===========================================================================================
----------------- testing Mon Jun 01 15:00:11 UTC 2020 /home/travis/build/icyphy/ptII/ptolemy/domains/continuous/test/auto/CausalityInterface6.xml
----------------- Instantiating /home/travis/build/icyphy/ptII/ptolemy/domains/continuous/test/auto/CausalityInterface6.xml
5 ms. Memory: 227328K Free: 132133K (58%)
----------------- Invoking toplevel() on ptolemy.moml.MoMLSimpleApplication@45a6bc43
----------------- Done invoking toplevel() on ptolemy.moml.MoMLSimpleApplication@45a6bc43
reloadAllAccessors: .CausalityInterface6

===========================================================================================
----------------- testing Mon Jun 01 15:00:11 UTC 2020 /home/travis/build/icyphy/ptII/ptolemy/domains/continuous/test/auto/CausalityInterface7.xml
----------------- Instantiating /home/travis/build/icyphy/ptII/ptolemy/domains/continuous/test/auto/CausalityInterface7.xml
10 ms. Memory: 227328K Free: 123427K (54%)
----------------- Invoking toplevel() on ptolemy.moml.MoMLSimpleApplication@64876b1d
----------------- Done invoking toplevel() on ptolemy.moml.MoMLSimpleApplication@64876b1d
reloadAllAccessors: .CausalityInterface7

===========================================================================================
----------------- testing Mon Jun 01 15:00:11 UTC 2020 /home/travis/build/icyphy/ptII/ptolemy/domains/continuous/test/auto/CausalityInterface8.xml
----------------- Instantiating /home/travis/build/icyphy/ptII/ptolemy/domains/continuous/test/auto/CausalityInterface8.xml
7 ms. Memory: 227328K Free: 114211K (50%)
----------------- Invoking toplevel() on ptolemy.moml.MoMLSimpleApplication@43cb826f
----------------- Done invoking toplevel() on ptolemy.moml.MoMLSimpleApplication@43cb826f
reloadAllAccessors: .CausalityInterface8

===========================================================================================
----------------- testing Mon Jun 01 15:00:11 UTC 2020 /home/travis/build/icyphy/ptII/ptolemy/domains/continuous/test/auto/CausalityInterface9.xml
----------------- Instantiating /home/travis/build/icyphy/ptII/ptolemy/domains/continuous/test/auto/CausalityInterface9.xml
8 ms. Memory: 227328K Free: 103461K (46%)
----------------- Invoking toplevel() on ptolemy.moml.MoMLSimpleApplication@f8e8ac9
----------------- Done invoking toplevel() on ptolemy.moml.MoMLSimpleApplication@f8e8ac9
reloadAllAccessors: .CausalityInterface9

===========================================================================================
----------------- testing Mon Jun 01 15:00:11 UTC 2020 /home/travis/build/icyphy/ptII/ptolemy/domains/continuous/test/auto/CausalityInterfaceFeedback1.xml
----------------- Instantiating /home/travis/build/icyphy/ptII/ptolemy/domains/continuous/test/auto/CausalityInterfaceFeedback1.xml
3 ms. Memory: 227328K Free: 96773K (43%)
----------------- Invoking toplevel() on ptolemy.moml.MoMLSimpleApplication@6c5a0d7c
----------------- Done invoking toplevel() on ptolemy.moml.MoMLSimpleApplication@6c5a0d7c
reloadAllAccessors: .CausalityInterfaceFeedback1

===========================================================================================
----------------- testing Mon Jun 01 15:00:11 UTC 2020 /home/travis/build/icyphy/ptII/ptolemy/domains/continuous/test/auto/CausalityInterfaceFeedback2.xml
----------------- Instantiating /home/travis/build/icyphy/ptII/ptolemy/domains/continuous/test/auto/CausalityInterfaceFeedback2.xml
5 ms. Memory: 227328K Free: 90149K (40%)
----------------- Invoking toplevel() on ptolemy.moml.MoMLSimpleApplication@5053ecd4
----------------- Done invoking toplevel() on ptolemy.moml.MoMLSimpleApplication@5053ecd4
reloadAllAccessors: .CausalityInterfaceFeedback2

===========================================================================================
----------------- testing Mon Jun 01 15:00:11 UTC 2020 /home/travis/build/icyphy/ptII/ptolemy/domains/continuous/test/auto/CompareWithCurrentTime.xml
----------------- Instantiating /home/travis/build/icyphy/ptII/ptolemy/domains/continuous/test/auto/CompareWithCurrentTime.xml
3 ms. Memory: 227328K Free: 86053K (38%)
----------------- Invoking toplevel() on ptolemy.moml.MoMLSimpleApplication@26f35efa
----------------- Done invoking toplevel() on ptolemy.moml.MoMLSimpleApplication@26f35efa
reloadAllAccessors: .CompareWithCurrentTime

===========================================================================================
----------------- testing Mon Jun 01 15:00:11 UTC 2020 /home/travis/build/icyphy/ptII/ptolemy/domains/continuous/test/auto/ComparedClocks.xml
----------------- Instantiating /home/travis/build/icyphy/ptII/ptolemy/domains/continuous/test/auto/ComparedClocks.xml
5 ms. Memory: 227328K Free: 205030K (90%)
----------------- Invoking toplevel() on ptolemy.moml.MoMLSimpleApplication@da65321
----------------- Done invoking toplevel() on ptolemy.moml.MoMLSimpleApplication@da65321
reloadAllAccessors: .ComparedClocks

===========================================================================================
----------------- testing Mon Jun 01 15:00:11 UTC 2020 /home/travis/build/icyphy/ptII/ptolemy/domains/continuous/test/auto/ContinuousAOCClone.xml
----------------- Instantiating /home/travis/build/icyphy/ptII/ptolemy/domains/continuous/test/auto/ContinuousAOCClone.xml
2109 ms. Memory: 273408K Free: 159884K (58%)
----------------- Invoking toplevel() on ptolemy.moml.MoMLSimpleApplication@fab350f
----------------- Done invoking toplevel() on ptolemy.moml.MoMLSimpleApplication@fab350f
reloadAllAccessors: .ContinuousAOCClone

===========================================================================================
----------------- testing Mon Jun 01 15:00:14 UTC 2020 /home/travis/build/icyphy/ptII/ptolemy/domains/continuous/test/auto/ContinuousClock.xml
----------------- Instantiating /home/travis/build/icyphy/ptII/ptolemy/domains/continuous/test/auto/ContinuousClock.xml
26 ms. Memory: 273408K Free: 137870K (50%)
----------------- Invoking toplevel() on ptolemy.moml.MoMLSimpleApplication@2b538f8c
----------------- Done invoking toplevel() on ptolemy.moml.MoMLSimpleApplication@2b538f8c
reloadAllAccessors: .ContinuousClock

===========================================================================================
----------------- testing Mon Jun 01 15:00:14 UTC 2020 /home/travis/build/icyphy/ptII/ptolemy/domains/continuous/test/auto/ContinuousInContinuous.xml
----------------- Instantiating /home/travis/build/icyphy/ptII/ptolemy/domains/continuous/test/auto/ContinuousInContinuous.xml
42 ms. Memory: 273408K Free: 114318K (42%)
----------------- Invoking toplevel() on ptolemy.moml.MoMLSimpleApplication@52a1831f
----------------- Done invoking toplevel() on ptolemy.moml.MoMLSimpleApplication@52a1831f
reloadAllAccessors: .ContinuousInContinuous

===========================================================================================
----------------- testing Mon Jun 01 15:00:14 UTC 2020 /home/travis/build/icyphy/ptII/ptolemy/domains/continuous/test/auto/ContinuousInContinuousInContinuous.xml
----------------- Instantiating /home/travis/build/icyphy/ptII/ptolemy/domains/continuous/test/auto/ContinuousInContinuousInContinuous.xml
7 ms. Memory: 273408K Free: 106636K (39%)
----------------- Invoking toplevel() on ptolemy.moml.MoMLSimpleApplication@58037611
----------------- Done invoking toplevel() on ptolemy.moml.MoMLSimpleApplication@58037611
reloadAllAccessors: .ContinuousInContinuousInContinuous

===========================================================================================
----------------- testing Mon Jun 01 15:00:14 UTC 2020 /home/travis/build/icyphy/ptII/ptolemy/domains/continuous/test/auto/ContinuousInDE.xml
----------------- Instantiating /home/travis/build/icyphy/ptII/ptolemy/domains/continuous/test/auto/ContinuousInDE.xml
86 ms. Memory: 273408K Free: 95886K (35%)
----------------- Invoking toplevel() on ptolemy.moml.MoMLSimpleApplication@3d21c0a8
----------------- Done invoking toplevel() on ptolemy.moml.MoMLSimpleApplication@3d21c0a8
reloadAllAccessors: .ContinuousInDE

===========================================================================================
----------------- testing Mon Jun 01 15:00:14 UTC 2020 /home/travis/build/icyphy/ptII/ptolemy/domains/continuous/test/auto/ContinuousInDE2.xml
----------------- Instantiating /home/travis/build/icyphy/ptII/ptolemy/domains/continuous/test/auto/ContinuousInDE2.xml
28 ms. Memory: 273408K Free: 249479K (91%)
----------------- Invoking toplevel() on ptolemy.moml.MoMLSimpleApplication@54b09a33
----------------- Done invoking toplevel() on ptolemy.moml.MoMLSimpleApplication@54b09a33
reloadAllAccessors: .ContinuousInDE2

===========================================================================================
----------------- testing Mon Jun 01 15:00:14 UTC 2020 /home/travis/build/icyphy/ptII/ptolemy/domains/continuous/test/auto/ContinuousInDE3.xml
----------------- Instantiating /home/travis/build/icyphy/ptII/ptolemy/domains/continuous/test/auto/ContinuousInDE3.xml
29 ms. Memory: 273408K Free: 239749K (88%)
----------------- Invoking toplevel() on ptolemy.moml.MoMLSimpleApplication@3662d4b
----------------- Done invoking toplevel() on ptolemy.moml.MoMLSimpleApplication@3662d4b
reloadAllAccessors: .ContinuousInDE3

===========================================================================================
----------------- testing Mon Jun 01 15:00:14 UTC 2020 /home/travis/build/icyphy/ptII/ptolemy/domains/continuous/test/auto/ContinuousInDE4.xml
----------------- Instantiating /home/travis/build/icyphy/ptII/ptolemy/domains/continuous/test/auto/ContinuousInDE4.xml
12 ms. Memory: 273408K Free: 233605K (85%)
----------------- Invoking toplevel() on ptolemy.moml.MoMLSimpleApplication@37e9f0f8
----------------- Done invoking toplevel() on ptolemy.moml.MoMLSimpleApplication@37e9f0f8
reloadAllAccessors: .ContinuousInDE4

===========================================================================================
----------------- testing Mon Jun 01 15:00:14 UTC 2020 /home/travis/build/icyphy/ptII/ptolemy/domains/continuous/test/auto/ContinuousInDEDifferentRefinements.xml
----------------- Instantiating /home/travis/build/icyphy/ptII/ptolemy/domains/continuous/test/auto/ContinuousInDEDifferentRefinements.xml
59 ms. Memory: 273408K Free: 202375K (74%)
----------------- Invoking toplevel() on ptolemy.moml.MoMLSimpleApplication@1bcf56e5
----------------- Done invoking toplevel() on ptolemy.moml.MoMLSimpleApplication@1bcf56e5
reloadAllAccessors: .ContinuousInDEDifferentRefinements

===========================================================================================
----------------- testing Mon Jun 01 15:00:14 UTC 2020 /home/travis/build/icyphy/ptII/ptolemy/domains/continuous/test/auto/ContinuousInDEDifferentRefinementsPreemptive.xml
----------------- Instantiating /home/travis/build/icyphy/ptII/ptolemy/domains/continuous/test/auto/ContinuousInDEDifferentRefinementsPreemptive.xml
40 ms. Memory: 273408K Free: 172134K (63%)
----------------- Invoking toplevel() on ptolemy.moml.MoMLSimpleApplication@76c59e6e
----------------- Done invoking toplevel() on ptolemy.moml.MoMLSimpleApplication@76c59e6e
reloadAllAccessors: .ContinuousInDEDifferentRefinementsPreemptive

===========================================================================================
----------------- testing Mon Jun 01 15:00:14 UTC 2020 /home/travis/build/icyphy/ptII/ptolemy/domains/continuous/test/auto/ContinuousInDEInContinuous2.xml
----------------- Instantiating /home/travis/build/icyphy/ptII/ptolemy/domains/continuous/test/auto/ContinuousInDEInContinuous2.xml
44 ms. Memory: 273408K Free: 160901K (59%)
----------------- Invoking toplevel() on ptolemy.moml.MoMLSimpleApplication@601f6a51
----------------- Done invoking toplevel() on ptolemy.moml.MoMLSimpleApplication@601f6a51
reloadAllAccessors: .ContinuousInDEInContinuous2

===========================================================================================
----------------- testing Mon Jun 01 15:00:14 UTC 2020 /home/travis/build/icyphy/ptII/ptolemy/domains/continuous/test/auto/ContinuousInDEInContinuous3.xml
----------------- Instantiating /home/travis/build/icyphy/ptII/ptolemy/domains/continuous/test/auto/ContinuousInDEInContinuous3.xml
40 ms. Memory: 273408K Free: 148613K (54%)
----------------- Invoking toplevel() on ptolemy.moml.MoMLSimpleApplication@60919b59
----------------- Done invoking toplevel() on ptolemy.moml.MoMLSimpleApplication@60919b59
reloadAllAccessors: .ContinuousInDEInContinuous3

===========================================================================================
----------------- testing Mon Jun 01 15:00:14 UTC 2020 /home/travis/build/icyphy/ptII/ptolemy/domains/continuous/test/auto/ContinuousInDEInput.xml
----------------- Instantiating /home/travis/build/icyphy/ptII/ptolemy/domains/continuous/test/auto/ContinuousInDEInput.xml
13 ms. Memory: 273408K Free: 141445K (52%)
----------------- Invoking toplevel() on ptolemy.moml.MoMLSimpleApplication@2c13a6a
----------------- Done invoking toplevel() on ptolemy.moml.MoMLSimpleApplication@2c13a6a
reloadAllAccessors: .ContinuousInDEInput

===========================================================================================
----------------- testing Mon Jun 01 15:00:14 UTC 2020 /home/travis/build/icyphy/ptII/ptolemy/domains/continuous/test/auto/ContinuousInDEInput2.xml
----------------- Instantiating /home/travis/build/icyphy/ptII/ptolemy/domains/continuous/test/auto/ContinuousInDEInput2.xml
10 ms. Memory: 273408K Free: 134277K (49%)
----------------- Invoking toplevel() on ptolemy.moml.MoMLSimpleApplication@452f7617
----------------- Done invoking toplevel() on ptolemy.moml.MoMLSimpleApplication@452f7617
reloadAllAccessors: .ContinuousInDEInput2

===========================================================================================
----------------- testing Mon Jun 01 15:00:15 UTC 2020 /home/travis/build/icyphy/ptII/ptolemy/domains/continuous/test/auto/ContinuousInDEInput3.xml
----------------- Instantiating /home/travis/build/icyphy/ptII/ptolemy/domains/continuous/test/auto/ContinuousInDEInput3.xml
11 ms. Memory: 273408K Free: 127109K (46%)
----------------- Invoking toplevel() on ptolemy.moml.MoMLSimpleApplication@634dfef8
----------------- Done invoking toplevel() on ptolemy.moml.MoMLSimpleApplication@634dfef8
reloadAllAccessors: .ContinuousInDEInput3

===========================================================================================
----------------- testing Mon Jun 01 15:00:15 UTC 2020 /home/travis/build/icyphy/ptII/ptolemy/domains/continuous/test/auto/ContinuousInDESharingRefinement.xml
----------------- Instantiating /home/travis/build/icyphy/ptII/ptolemy/domains/continuous/test/auto/ContinuousInDESharingRefinement.xml
127 ms. Memory: 273408K Free: 195367K (71%)
----------------- Invoking toplevel() on ptolemy.moml.MoMLSimpleApplication@756e0bea
----------------- Done invoking toplevel() on ptolemy.moml.MoMLSimpleApplication@756e0bea
reloadAllAccessors: .ContinuousInDESharingRefinement

===========================================================================================
----------------- testing Mon Jun 01 15:00:15 UTC 2020 /home/travis/build/icyphy/ptII/ptolemy/domains/continuous/test/auto/ContinuousInDEwithNoPorts.xml
----------------- Instantiating /home/travis/build/icyphy/ptII/ptolemy/domains/continuous/test/auto/ContinuousInDEwithNoPorts.xml
2 ms. Memory: 273408K Free: 191246K (70%)
----------------- Invoking toplevel() on ptolemy.moml.MoMLSimpleApplication@7a046fe
----------------- Done invoking toplevel() on ptolemy.moml.MoMLSimpleApplication@7a046fe
reloadAllAccessors: .ContinuousInDEwithNoPorts

===========================================================================================
----------------- testing Mon Jun 01 15:00:15 UTC 2020 /home/travis/build/icyphy/ptII/ptolemy/domains/continuous/test/auto/ContinuousInsideDE.xml
----------------- Instantiating /home/travis/build/icyphy/ptII/ptolemy/domains/continuous/test/auto/ContinuousInsideDE.xml
30 ms. Memory: 273408K Free: 179996K (66%)
----------------- Invoking toplevel() on ptolemy.moml.MoMLSimpleApplication@366772c1
----------------- Done invoking toplevel() on ptolemy.moml.MoMLSimpleApplication@366772c1
reloadAllAccessors: .ContinuousInsideDE

===========================================================================================
----------------- testing Mon Jun 01 15:00:15 UTC 2020 /home/travis/build/icyphy/ptII/ptolemy/domains/continuous/test/auto/ContinuousMerge1.xml
----------------- Instantiating /home/travis/build/icyphy/ptII/ptolemy/domains/continuous/test/auto/ContinuousMerge1.xml
3 ms. Memory: 273408K Free: 175390K (64%)
----------------- Invoking toplevel() on ptolemy.moml.MoMLSimpleApplication@7a74f412
----------------- Done invoking toplevel() on ptolemy.moml.MoMLSimpleApplication@7a74f412
reloadAllAccessors: .ContinuousMerge1

===========================================================================================
----------------- testing Mon Jun 01 15:00:15 UTC 2020 /home/travis/build/icyphy/ptII/ptolemy/domains/continuous/test/auto/ContinuousMerge2.xml
----------------- Instantiating /home/travis/build/icyphy/ptII/ptolemy/domains/continuous/test/auto/ContinuousMerge2.xml
11 ms. Memory: 273408K Free: 165150K (60%)
----------------- Invoking toplevel() on ptolemy.moml.MoMLSimpleApplication@67db3c33
----------------- Done invoking toplevel() on ptolemy.moml.MoMLSimpleApplication@67db3c33
reloadAllAccessors: .ContinuousMerge2

===========================================================================================
----------------- testing Mon Jun 01 15:00:15 UTC 2020 /home/travis/build/icyphy/ptII/ptolemy/domains/continuous/test/auto/ContinuousMerge3.xml
----------------- Instantiating /home/travis/build/icyphy/ptII/ptolemy/domains/continuous/test/auto/ContinuousMerge3.xml
38 ms. Memory: 273408K Free: 154396K (56%)
----------------- Invoking toplevel() on ptolemy.moml.MoMLSimpleApplication@3224035a
----------------- Done invoking toplevel() on ptolemy.moml.MoMLSimpleApplication@3224035a
reloadAllAccessors: .ContinuousMerge3

===========================================================================================
----------------- testing Mon Jun 01 15:00:15 UTC 2020 /home/travis/build/icyphy/ptII/ptolemy/domains/continuous/test/auto/ContinuousWithinContinuous.xml
----------------- Instantiating /home/travis/build/icyphy/ptII/ptolemy/domains/continuous/test/auto/ContinuousWithinContinuous.xml
32 ms. Memory: 273408K Free: 145180K (53%)
----------------- Invoking toplevel() on ptolemy.moml.MoMLSimpleApplication@dcce25d
----------------- Done invoking toplevel() on ptolemy.moml.MoMLSimpleApplication@dcce25d
reloadAllAccessors: .ContinuousWithinContinuous

===========================================================================================
----------------- testing Mon Jun 01 15:00:15 UTC 2020 /home/travis/build/icyphy/ptII/ptolemy/domains/continuous/test/auto/ContinuousWithinContinuous2.xml
----------------- Instantiating /home/travis/build/icyphy/ptII/ptolemy/domains/continuous/test/auto/ContinuousWithinContinuous2.xml
71 ms. Memory: 273408K Free: 133916K (49%)
----------------- Invoking toplevel() on ptolemy.moml.MoMLSimpleApplication@71485b6a
----------------- Done invoking toplevel() on ptolemy.moml.MoMLSimpleApplication@71485b6a
reloadAllAccessors: .ContinuousWithinContinuous2

===========================================================================================
----------------- testing Mon Jun 01 15:00:15 UTC 2020 /home/travis/build/icyphy/ptII/ptolemy/domains/continuous/test/auto/ContinuousWithinContinuous3.xml
----------------- Instantiating /home/travis/build/icyphy/ptII/ptolemy/domains/continuous/test/auto/ContinuousWithinContinuous3.xml
12 ms. Memory: 273408K Free: 127262K (47%)
----------------- Invoking toplevel() on ptolemy.moml.MoMLSimpleApplication@28f0ef1e
----------------- Done invoking toplevel() on ptolemy.moml.MoMLSimpleApplication@28f0ef1e
reloadAllAccessors: .ContinuousWithinContinuous3

===========================================================================================
----------------- testing Mon Jun 01 15:00:15 UTC 2020 /home/travis/build/icyphy/ptII/ptolemy/domains/continuous/test/auto/ContinuousWithinContinuous4.xml
----------------- Instantiating /home/travis/build/icyphy/ptII/ptolemy/domains/continuous/test/auto/ContinuousWithinContinuous4.xml
67 ms. Memory: 273408K Free: 114974K (42%)
----------------- Invoking toplevel() on ptolemy.moml.MoMLSimpleApplication@ea7ab3a
----------------- Done invoking toplevel() on ptolemy.moml.MoMLSimpleApplication@ea7ab3a
reloadAllAccessors: .ContinuousWithinContinuous4

===========================================================================================
----------------- testing Mon Jun 01 15:00:15 UTC 2020 /home/travis/build/icyphy/ptII/ptolemy/domains/continuous/test/auto/ContinuousWithinContinuous5.xml
----------------- Instantiating /home/travis/build/icyphy/ptII/ptolemy/domains/continuous/test/auto/ContinuousWithinContinuous5.xml
12 ms. Memory: 273408K Free: 107806K (39%)
----------------- Invoking toplevel() on ptolemy.moml.MoMLSimpleApplication@6dbe35a0
----------------- Done invoking toplevel() on ptolemy.moml.MoMLSimpleApplication@6dbe35a0
reloadAllAccessors: .ContinuousWithinContinuous5

===========================================================================================
----------------- testing Mon Jun 01 15:00:15 UTC 2020 /home/travis/build/icyphy/ptII/ptolemy/domains/continuous/test/auto/ContinuousWithinContinuous6.xml
----------------- Instantiating /home/travis/build/icyphy/ptII/ptolemy/domains/continuous/test/auto/ContinuousWithinContinuous6.xml
11 ms. Memory: 273408K Free: 100638K (37%)
----------------- Invoking toplevel() on ptolemy.moml.MoMLSimpleApplication@1055d9da
----------------- Done invoking toplevel() on ptolemy.moml.MoMLSimpleApplication@1055d9da
reloadAllAccessors: .ContinuousWithinContinuous6

===========================================================================================
----------------- testing Mon Jun 01 15:00:15 UTC 2020 /home/travis/build/icyphy/ptII/ptolemy/domains/continuous/test/auto/ContinuousWithinContinuous7.xml
----------------- Instantiating /home/travis/build/icyphy/ptII/ptolemy/domains/continuous/test/auto/ContinuousWithinContinuous7.xml
58 ms. Memory: 273408K Free: 252694K (92%)
----------------- Invoking toplevel() on ptolemy.moml.MoMLSimpleApplication@7e84e444
----------------- Done invoking toplevel() on ptolemy.moml.MoMLSimpleApplication@7e84e444
reloadAllAccessors: .ContinuousWithinContinuous7

===========================================================================================
----------------- testing Mon Jun 01 15:00:15 UTC 2020 /home/travis/build/icyphy/ptII/ptolemy/domains/continuous/test/auto/DCMotor.xml
----------------- Instantiating /home/travis/build/icyphy/ptII/ptolemy/domains/continuous/test/auto/DCMotor.xml
12276 ms. Memory: 273408K Free: 249122K (91%)
----------------- Invoking toplevel() on ptolemy.moml.MoMLSimpleApplication@7079e06c
----------------- Done invoking toplevel() on ptolemy.moml.MoMLSimpleApplication@7079e06c
reloadAllAccessors: .DCMotor

===========================================================================================
----------------- testing Mon Jun 01 15:00:28 UTC 2020 /home/travis/build/icyphy/ptII/ptolemy/domains/continuous/test/auto/DEInContinuous.xml
----------------- Instantiating /home/travis/build/icyphy/ptII/ptolemy/domains/continuous/test/auto/DEInContinuous.xml
11 ms. Memory: 273408K Free: 242978K (89%)
----------------- Invoking toplevel() on ptolemy.moml.MoMLSimpleApplication@6ef37b6a
----------------- Done invoking toplevel() on ptolemy.moml.MoMLSimpleApplication@6ef37b6a
reloadAllAccessors: .DEInContinuous

===========================================================================================
----------------- testing Mon Jun 01 15:00:28 UTC 2020 /home/travis/build/icyphy/ptII/ptolemy/domains/continuous/test/auto/DEinContinuous2.xml
----------------- Instantiating /home/travis/build/icyphy/ptII/ptolemy/domains/continuous/test/auto/DEinContinuous2.xml
7 ms. Memory: 273408K Free: 235300K (86%)
----------------- Invoking toplevel() on ptolemy.moml.MoMLSimpleApplication@58f83964
----------------- Done invoking toplevel() on ptolemy.moml.MoMLSimpleApplication@58f83964
reloadAllAccessors: .DEinContinuous2

===========================================================================================
----------------- testing Mon Jun 01 15:00:28 UTC 2020 /home/travis/build/icyphy/ptII/ptolemy/domains/continuous/test/auto/Derivative.xml
----------------- Instantiating /home/travis/build/icyphy/ptII/ptolemy/domains/continuous/test/auto/Derivative.xml
118 ms. Memory: 273408K Free: 206114K (75%)
----------------- Invoking toplevel() on ptolemy.moml.MoMLSimpleApplication@654b1292
----------------- Done invoking toplevel() on ptolemy.moml.MoMLSimpleApplication@654b1292
reloadAllAccessors: .Derivative2

===========================================================================================
----------------- testing Mon Jun 01 15:00:28 UTC 2020 /home/travis/build/icyphy/ptII/ptolemy/domains/continuous/test/auto/Derivative1.xml
----------------- Instantiating /home/travis/build/icyphy/ptII/ptolemy/domains/continuous/test/auto/Derivative1.xml
25 ms. Memory: 273408K Free: 191778K (70%)
----------------- Invoking toplevel() on ptolemy.moml.MoMLSimpleApplication@51806e70
----------------- Done invoking toplevel() on ptolemy.moml.MoMLSimpleApplication@51806e70
reloadAllAccessors: .Derivative1

===========================================================================================
----------------- testing Mon Jun 01 15:00:28 UTC 2020 /home/travis/build/icyphy/ptII/ptolemy/domains/continuous/test/auto/DiscreteClock.xml
----------------- Instantiating /home/travis/build/icyphy/ptII/ptolemy/domains/continuous/test/auto/DiscreteClock.xml
4 ms. Memory: 273408K Free: 186658K (68%)
----------------- Invoking toplevel() on ptolemy.moml.MoMLSimpleApplication@ba77c92
----------------- Done invoking toplevel() on ptolemy.moml.MoMLSimpleApplication@ba77c92
reloadAllAccessors: .DiscreteClock

===========================================================================================
----------------- testing Mon Jun 01 15:00:28 UTC 2020 /home/travis/build/icyphy/ptII/ptolemy/domains/continuous/test/auto/EfficiencyCurve.xml
----------------- Instantiating /home/travis/build/icyphy/ptII/ptolemy/domains/continuous/test/auto/EfficiencyCurve.xml
62 ms. Memory: 273408K Free: 177956K (65%)
----------------- Invoking toplevel() on ptolemy.moml.MoMLSimpleApplication@18a3b41a
----------------- Done invoking toplevel() on ptolemy.moml.MoMLSimpleApplication@18a3b41a
reloadAllAccessors: .EfficiencyCurve

===========================================================================================
----------------- testing Mon Jun 01 15:00:28 UTC 2020 /home/travis/build/icyphy/ptII/ptolemy/domains/continuous/test/auto/ExponentialResponse.xml
----------------- Instantiating /home/travis/build/icyphy/ptII/ptolemy/domains/continuous/test/auto/ExponentialResponse.xml
80 ms. Memory: 273408K Free: 162596K (59%)
----------------- Invoking toplevel() on ptolemy.moml.MoMLSimpleApplication@33a8f1aa
----------------- Done invoking toplevel() on ptolemy.moml.MoMLSimpleApplication@33a8f1aa
reloadAllAccessors: .ExponentialResponse

===========================================================================================
----------------- testing Mon Jun 01 15:00:28 UTC 2020 /home/travis/build/icyphy/ptII/ptolemy/domains/continuous/test/auto/ExponentialResponseRK45.xml
----------------- Instantiating /home/travis/build/icyphy/ptII/ptolemy/domains/continuous/test/auto/ExponentialResponseRK45.xml
20 ms. Memory: 273408K Free: 155938K (57%)
----------------- Invoking toplevel() on ptolemy.moml.MoMLSimpleApplication@219838b2
----------------- Done invoking toplevel() on ptolemy.moml.MoMLSimpleApplication@219838b2
reloadAllAccessors: .ExponentialResponseRK45

===========================================================================================
----------------- testing Mon Jun 01 15:00:28 UTC 2020 /home/travis/build/icyphy/ptII/ptolemy/domains/continuous/test/auto/Friction.xml
----------------- Instantiating /home/travis/build/icyphy/ptII/ptolemy/domains/continuous/test/auto/Friction.xml
1431 ms. Memory: 273408K Free: 215762K (79%)
----------------- Invoking toplevel() on ptolemy.moml.MoMLSimpleApplication@53bb6580
----------------- Done invoking toplevel() on ptolemy.moml.MoMLSimpleApplication@53bb6580
reloadAllAccessors: .Friction

===========================================================================================
----------------- testing Mon Jun 01 15:00:30 UTC 2020 /home/travis/build/icyphy/ptII/ptolemy/domains/continuous/test/auto/FurutaPendulum.xml
----------------- Instantiating /home/travis/build/icyphy/ptII/ptolemy/domains/continuous/test/auto/FurutaPendulum.xml
2723 ms. Memory: 273408K Free: 198304K (73%)
----------------- Invoking toplevel() on ptolemy.moml.MoMLSimpleApplication@2947f060
----------------- Done invoking toplevel() on ptolemy.moml.MoMLSimpleApplication@2947f060
reloadAllAccessors: .FurutaPendulum

===========================================================================================
----------------- testing Mon Jun 01 15:00:33 UTC 2020 /home/travis/build/icyphy/ptII/ptolemy/domains/continuous/test/auto/HierarchicalExecution.xml
----------------- Instantiating /home/travis/build/icyphy/ptII/ptolemy/domains/continuous/test/auto/HierarchicalExecution.xml
1519 ms. Memory: 273408K Free: 234812K (86%)
----------------- Invoking toplevel() on ptolemy.moml.MoMLSimpleApplication@17b7b866
----------------- Done invoking toplevel() on ptolemy.moml.MoMLSimpleApplication@17b7b866
reloadAllAccessors: .HierarchicalExecution

===========================================================================================
----------------- testing Mon Jun 01 15:00:34 UTC 2020 /home/travis/build/icyphy/ptII/ptolemy/domains/continuous/test/auto/HybridPlant.xml
----------------- Instantiating /home/travis/build/icyphy/ptII/ptolemy/domains/continuous/test/auto/HybridPlant.xml
491 ms. Memory: 273408K Free: 133406K (49%)
----------------- Invoking toplevel() on ptolemy.moml.MoMLSimpleApplication@3e484c6f
----------------- Done invoking toplevel() on ptolemy.moml.MoMLSimpleApplication@3e484c6f
reloadAllAccessors: .HybridPlant

===========================================================================================
----------------- testing Mon Jun 01 15:00:35 UTC 2020 /home/travis/build/icyphy/ptII/ptolemy/domains/continuous/test/auto/Hysteresis.xml
----------------- Instantiating /home/travis/build/icyphy/ptII/ptolemy/domains/continuous/test/auto/Hysteresis.xml
138 ms. Memory: 273408K Free: 233249K (85%)
----------------- Invoking toplevel() on ptolemy.moml.MoMLSimpleApplication@61ae681a
----------------- Done invoking toplevel() on ptolemy.moml.MoMLSimpleApplication@61ae681a
reloadAllAccessors: .Hysteresis

===========================================================================================
----------------- testing Mon Jun 01 15:00:35 UTC 2020 /home/travis/build/icyphy/ptII/ptolemy/domains/continuous/test/auto/HysteresisWithRandomDelay.xml
----------------- Instantiating /home/travis/build/icyphy/ptII/ptolemy/domains/continuous/test/auto/HysteresisWithRandomDelay.xml
164 ms. Memory: 273408K Free: 161569K (59%)
----------------- Invoking toplevel() on ptolemy.moml.MoMLSimpleApplication@91a03a1
----------------- Done invoking toplevel() on ptolemy.moml.MoMLSimpleApplication@91a03a1
reloadAllAccessors: .HysteresisWithRandomDelay

===========================================================================================
----------------- testing Mon Jun 01 15:00:35 UTC 2020 /home/travis/build/icyphy/ptII/ptolemy/domains/continuous/test/auto/HysteresisWithRandomLosses.xml
----------------- Instantiating /home/travis/build/icyphy/ptII/ptolemy/domains/continuous/test/auto/HysteresisWithRandomLosses.xml
2173 ms. Memory: 273408K Free: 219300K (80%)
----------------- Invoking toplevel() on ptolemy.moml.MoMLSimpleApplication@2597af2e
----------------- Done invoking toplevel() on ptolemy.moml.MoMLSimpleApplication@2597af2e
reloadAllAccessors: .HysteresisWithRandomLosses

===========================================================================================
----------------- testing Mon Jun 01 15:00:38 UTC 2020 /home/travis/build/icyphy/ptII/ptolemy/domains/continuous/test/auto/ImmediateTransitions.xml
----------------- Instantiating /home/travis/build/icyphy/ptII/ptolemy/domains/continuous/test/auto/ImmediateTransitions.xml
10 ms. Memory: 273408K Free: 208516K (76%)
----------------- Invoking toplevel() on ptolemy.moml.MoMLSimpleApplication@2fcedd2e
----------------- Done invoking toplevel() on ptolemy.moml.MoMLSimpleApplication@2fcedd2e
reloadAllAccessors: .ImmediateTransitions

===========================================================================================
----------------- testing Mon Jun 01 15:00:38 UTC 2020 /home/travis/build/icyphy/ptII/ptolemy/domains/continuous/test/auto/ImpulseFeedback.xml
----------------- Instantiating /home/travis/build/icyphy/ptII/ptolemy/domains/continuous/test/auto/ImpulseFeedback.xml
6 ms. Memory: 273408K Free: 202916K (74%)
----------------- Invoking toplevel() on ptolemy.moml.MoMLSimpleApplication@5e244d1
----------------- Done invoking toplevel() on ptolemy.moml.MoMLSimpleApplication@5e244d1
reloadAllAccessors: .ImpulseFeedback

===========================================================================================
----------------- testing Mon Jun 01 15:00:38 UTC 2020 /home/travis/build/icyphy/ptII/ptolemy/domains/continuous/test/auto/ImpulseFeedback2.xml
----------------- Instantiating /home/travis/build/icyphy/ptII/ptolemy/domains/continuous/test/auto/ImpulseFeedback2.xml
5 ms. Memory: 273408K Free: 197282K (72%)
----------------- Invoking toplevel() on ptolemy.moml.MoMLSimpleApplication@27f9338a
----------------- Done invoking toplevel() on ptolemy.moml.MoMLSimpleApplication@27f9338a
reloadAllAccessors: .ImpulseFeedback2

===========================================================================================
----------------- testing Mon Jun 01 15:00:38 UTC 2020 /home/travis/build/icyphy/ptII/ptolemy/domains/continuous/test/auto/IncreasingRatePoisson.xml
----------------- Instantiating /home/travis/build/icyphy/ptII/ptolemy/domains/continuous/test/auto/IncreasingRatePoisson.xml
617 ms. Memory: 273408K Free: 231577K (85%)
----------------- Invoking toplevel() on ptolemy.moml.MoMLSimpleApplication@6cc67e99
----------------- Done invoking toplevel() on ptolemy.moml.MoMLSimpleApplication@6cc67e99
reloadAllAccessors: .IncreasingRatePoisson

===========================================================================================
----------------- testing Mon Jun 01 15:00:38 UTC 2020 /home/travis/build/icyphy/ptII/ptolemy/domains/continuous/test/auto/InitialStateFeedback.xml
----------------- Instantiating /home/travis/build/icyphy/ptII/ptolemy/domains/continuous/test/auto/InitialStateFeedback.xml
3 ms. Memory: 273408K Free: 226967K (83%)
----------------- Invoking toplevel() on ptolemy.moml.MoMLSimpleApplication@42b86526
----------------- Done invoking toplevel() on ptolemy.moml.MoMLSimpleApplication@42b86526
reloadAllAccessors: .InitialStateFeedback

===========================================================================================
----------------- testing Mon Jun 01 15:00:38 UTC 2020 /home/travis/build/icyphy/ptII/ptolemy/domains/continuous/test/auto/Integration.xml
----------------- Instantiating /home/travis/build/icyphy/ptII/ptolemy/domains/continuous/test/auto/Integration.xml
2 ms. Memory: 273408K Free: 222871K (82%)
----------------- Invoking toplevel() on ptolemy.moml.MoMLSimpleApplication@11daa872
----------------- Done invoking toplevel() on ptolemy.moml.MoMLSimpleApplication@11daa872
reloadAllAccessors: .Integration

===========================================================================================
----------------- testing Mon Jun 01 15:00:38 UTC 2020 /home/travis/build/icyphy/ptII/ptolemy/domains/continuous/test/auto/Integration2.xml
----------------- Instantiating /home/travis/build/icyphy/ptII/ptolemy/domains/continuous/test/auto/Integration2.xml
64 ms. Memory: 273408K Free: 208535K (76%)
----------------- Invoking toplevel() on ptolemy.moml.MoMLSimpleApplication@1138f1d6
----------------- Done invoking toplevel() on ptolemy.moml.MoMLSimpleApplication@1138f1d6
reloadAllAccessors: .Integration2

===========================================================================================
----------------- testing Mon Jun 01 15:00:38 UTC 2020 /home/travis/build/icyphy/ptII/ptolemy/domains/continuous/test/auto/Integration3.xml
----------------- Instantiating /home/travis/build/icyphy/ptII/ptolemy/domains/continuous/test/auto/Integration3.xml
1 ms. Memory: 273408K Free: 203929K (75%)
----------------- Invoking toplevel() on ptolemy.moml.MoMLSimpleApplication@3c51f45d
----------------- Done invoking toplevel() on ptolemy.moml.MoMLSimpleApplication@3c51f45d
reloadAllAccessors: .Integration3

===========================================================================================
----------------- testing Mon Jun 01 15:00:38 UTC 2020 /home/travis/build/icyphy/ptII/ptolemy/domains/continuous/test/auto/Integration5.xml
----------------- Instantiating /home/travis/build/icyphy/ptII/ptolemy/domains/continuous/test/auto/Integration5.xml
1 ms. Memory: 273408K Free: 199833K (73%)
----------------- Invoking toplevel() on ptolemy.moml.MoMLSimpleApplication@4fb905e
----------------- Done invoking toplevel() on ptolemy.moml.MoMLSimpleApplication@4fb905e
reloadAllAccessors: .Integration5

===========================================================================================
----------------- testing Mon Jun 01 15:00:38 UTC 2020 /home/travis/build/icyphy/ptII/ptolemy/domains/continuous/test/auto/IntegratorImpulse.xml
----------------- Instantiating /home/travis/build/icyphy/ptII/ptolemy/domains/continuous/test/auto/IntegratorImpulse.xml
2 ms. Memory: 273408K Free: 195737K (72%)
----------------- Invoking toplevel() on ptolemy.moml.MoMLSimpleApplication@63b8da50
----------------- Done invoking toplevel() on ptolemy.moml.MoMLSimpleApplication@63b8da50
reloadAllAccessors: .IntegratorImpulse

===========================================================================================
----------------- testing Mon Jun 01 15:00:38 UTC 2020 /home/travis/build/icyphy/ptII/ptolemy/domains/continuous/test/auto/IntegratorImpulse2.xml
----------------- Instantiating /home/travis/build/icyphy/ptII/ptolemy/domains/continuous/test/auto/IntegratorImpulse2.xml
3 ms. Memory: 273408K Free: 191113K (70%)
----------------- Invoking toplevel() on ptolemy.moml.MoMLSimpleApplication@671c2cca
----------------- Done invoking toplevel() on ptolemy.moml.MoMLSimpleApplication@671c2cca
reloadAllAccessors: .IntegratorImpulse2

===========================================================================================
----------------- testing Mon Jun 01 15:00:38 UTC 2020 /home/travis/build/icyphy/ptII/ptolemy/domains/continuous/test/auto/LevelCrossing1.xml
----------------- Instantiating /home/travis/build/icyphy/ptII/ptolemy/domains/continuous/test/auto/LevelCrossing1.xml
2 ms. Memory: 273408K Free: 186007K (68%)
----------------- Invoking toplevel() on ptolemy.moml.MoMLSimpleApplication@2f2d3953
----------------- Done invoking toplevel() on ptolemy.moml.MoMLSimpleApplication@2f2d3953
reloadAllAccessors: .LevelCrossing1

===========================================================================================
----------------- testing Mon Jun 01 15:00:39 UTC 2020 /home/travis/build/icyphy/ptII/ptolemy/domains/continuous/test/auto/LevelCrossing2.xml
----------------- Instantiating /home/travis/build/icyphy/ptII/ptolemy/domains/continuous/test/auto/LevelCrossing2.xml
3 ms. Memory: 273408K Free: 180887K (66%)
----------------- Invoking toplevel() on ptolemy.moml.MoMLSimpleApplication@4ca288c
----------------- Done invoking toplevel() on ptolemy.moml.MoMLSimpleApplication@4ca288c
reloadAllAccessors: .LevelCrossing2

===========================================================================================
----------------- testing Mon Jun 01 15:00:39 UTC 2020 /home/travis/build/icyphy/ptII/ptolemy/domains/continuous/test/auto/LevelCrossing3.xml
----------------- Instantiating /home/travis/build/icyphy/ptII/ptolemy/domains/continuous/test/auto/LevelCrossing3.xml
2 ms. Memory: 273408K Free: 175761K (64%)
----------------- Invoking toplevel() on ptolemy.moml.MoMLSimpleApplication@32d100de
----------------- Done invoking toplevel() on ptolemy.moml.MoMLSimpleApplication@32d100de
reloadAllAccessors: .LevelCrossing3

===========================================================================================
----------------- testing Mon Jun 01 15:00:39 UTC 2020 /home/travis/build/icyphy/ptII/ptolemy/domains/continuous/test/auto/LevelCrossing4.xml
----------------- Instantiating /home/travis/build/icyphy/ptII/ptolemy/domains/continuous/test/auto/LevelCrossing4.xml
3 ms. Memory: 273408K Free: 170633K (62%)
----------------- Invoking toplevel() on ptolemy.moml.MoMLSimpleApplication@6a824d71
----------------- Done invoking toplevel() on ptolemy.moml.MoMLSimpleApplication@6a824d71
reloadAllAccessors: .LevelCrossing4

===========================================================================================
----------------- testing Mon Jun 01 15:00:39 UTC 2020 /home/travis/build/icyphy/ptII/ptolemy/domains/continuous/test/auto/LevelCrossing5.xml
----------------- Instantiating /home/travis/build/icyphy/ptII/ptolemy/domains/continuous/test/auto/LevelCrossing5.xml
2 ms. Memory: 273408K Free: 165527K (61%)
----------------- Invoking toplevel() on ptolemy.moml.MoMLSimpleApplication@2e5f7ae
----------------- Done invoking toplevel() on ptolemy.moml.MoMLSimpleApplication@2e5f7ae
reloadAllAccessors: .LevelCrossing5

===========================================================================================
[...]
reloadAllAccessors: .ResetTransitionWithStartTime6

===========================================================================================
----------------- testing Mon Jun 01 15:00:53 UTC 2020 /home/travis/build/icyphy/ptII/ptolemy/domains/continuous/test/auto/SRinContinuous.xml
----------------- Instantiating /home/travis/build/icyphy/ptII/ptolemy/domains/continuous/test/auto/SRinContinuous.xml
4 ms. Memory: 273408K Free: 157448K (58%)
----------------- Invoking toplevel() on ptolemy.moml.MoMLSimpleApplication@56ed3793
----------------- Done invoking toplevel() on ptolemy.moml.MoMLSimpleApplication@56ed3793
reloadAllAccessors: .SRinContinuous

===========================================================================================
----------------- testing Mon Jun 01 15:00:53 UTC 2020 /home/travis/build/icyphy/ptII/ptolemy/domains/continuous/test/auto/SampledClocks.xml
----------------- Instantiating /home/travis/build/icyphy/ptII/ptolemy/domains/continuous/test/auto/SampledClocks.xml
6 ms. Memory: 273408K Free: 144650K (53%)
----------------- Invoking toplevel() on ptolemy.moml.MoMLSimpleApplication@7fd511b2
----------------- Done invoking toplevel() on ptolemy.moml.MoMLSimpleApplication@7fd511b2
reloadAllAccessors: .SampledClocks

===========================================================================================
----------------- testing Mon Jun 01 15:00:53 UTC 2020 /home/travis/build/icyphy/ptII/ptolemy/domains/continuous/test/auto/Satellite.xml
----------------- Instantiating /home/travis/build/icyphy/ptII/ptolemy/domains/continuous/test/auto/Satellite.xml
621 ms. Memory: 273408K Free: 113050K (41%)
----------------- Invoking toplevel() on ptolemy.moml.MoMLSimpleApplication@12f3c461
----------------- Done invoking toplevel() on ptolemy.moml.MoMLSimpleApplication@12f3c461
reloadAllAccessors: .Satellite

===========================================================================================
----------------- testing Mon Jun 01 15:00:54 UTC 2020 /home/travis/build/icyphy/ptII/ptolemy/domains/continuous/test/auto/SigmaDelta.xml
----------------- Instantiating /home/travis/build/icyphy/ptII/ptolemy/domains/continuous/test/auto/SigmaDelta.xml
1853 ms. Memory: 273408K Free: 173430K (63%)
----------------- Invoking toplevel() on ptolemy.moml.MoMLSimpleApplication@656615c4
----------------- Done invoking toplevel() on ptolemy.moml.MoMLSimpleApplication@656615c4
reloadAllAccessors: .SigmaDelta

===========================================================================================
----------------- testing Mon Jun 01 15:00:56 UTC 2020 /home/travis/build/icyphy/ptII/ptolemy/domains/continuous/test/auto/SingleRefinement.xml
----------------- Instantiating /home/travis/build/icyphy/ptII/ptolemy/domains/continuous/test/auto/SingleRefinement.xml
275 ms. Memory: 273408K Free: 151166K (55%)
----------------- Invoking toplevel() on ptolemy.moml.MoMLSimpleApplication@254b0750
----------------- Done invoking toplevel() on ptolemy.moml.MoMLSimpleApplication@254b0750
reloadAllAccessors: .SingleRefinement

===========================================================================================
----------------- testing Mon Jun 01 15:00:57 UTC 2020 /home/travis/build/icyphy/ptII/ptolemy/domains/continuous/test/auto/SinuBouncingBall.xml
----------------- Instantiating /home/travis/build/icyphy/ptII/ptolemy/domains/continuous/test/auto/SinuBouncingBall.xml
697 ms. Memory: 273408K Free: 95885K (35%)
----------------- Invoking toplevel() on ptolemy.moml.MoMLSimpleApplication@4eb56c69
----------------- Done invoking toplevel() on ptolemy.moml.MoMLSimpleApplication@4eb56c69
reloadAllAccessors: .SinuBouncingBall

===========================================================================================
----------------- testing Mon Jun 01 15:00:57 UTC 2020 /home/travis/build/icyphy/ptII/ptolemy/domains/continuous/test/auto/Sinusoid.xml
----------------- Instantiating /home/travis/build/icyphy/ptII/ptolemy/domains/continuous/test/auto/Sinusoid.xml
4 ms. Memory: 273408K Free: 254190K (93%)
----------------- Invoking toplevel() on ptolemy.moml.MoMLSimpleApplication@349f5df2
----------------- Done invoking toplevel() on ptolemy.moml.MoMLSimpleApplication@349f5df2
reloadAllAccessors: .Sinusoid

===========================================================================================
----------------- testing Mon Jun 01 15:00:57 UTC 2020 /home/travis/build/icyphy/ptII/ptolemy/domains/continuous/test/auto/SinusoidInNoise.xml
----------------- Instantiating /home/travis/build/icyphy/ptII/ptolemy/domains/continuous/test/auto/SinusoidInNoise.xml
731 ms. Memory: 273408K Free: 118508K (43%)
----------------- Invoking toplevel() on ptolemy.moml.MoMLSimpleApplication@67e135db
----------------- Done invoking toplevel() on ptolemy.moml.MoMLSimpleApplication@67e135db
reloadAllAccessors: .SinusoidInNoise

===========================================================================================
----------------- testing Mon Jun 01 15:00:58 UTC 2020 /home/travis/build/icyphy/ptII/ptolemy/domains/continuous/test/auto/SinusoidRK45.xml
----------------- Instantiating /home/travis/build/icyphy/ptII/ptolemy/domains/continuous/test/auto/SinusoidRK45.xml
2 ms. Memory: 273408K Free: 114398K (42%)
----------------- Invoking toplevel() on ptolemy.moml.MoMLSimpleApplication@5fdec165
----------------- Done invoking toplevel() on ptolemy.moml.MoMLSimpleApplication@5fdec165
reloadAllAccessors: .SinusoidRK45

===========================================================================================
----------------- testing Mon Jun 01 15:00:58 UTC 2020 /home/travis/build/icyphy/ptII/ptolemy/domains/continuous/test/auto/SinusoidWithMultipleImpulses.xml
----------------- Instantiating /home/travis/build/icyphy/ptII/ptolemy/domains/continuous/test/auto/SinusoidWithMultipleImpulses.xml
2 ms. Memory: 273408K Free: 109806K (40%)
----------------- Invoking toplevel() on ptolemy.moml.MoMLSimpleApplication@44a3e1d4
----------------- Done invoking toplevel() on ptolemy.moml.MoMLSimpleApplication@44a3e1d4
reloadAllAccessors: .SinusoidWithMultipleImpulses

===========================================================================================
----------------- testing Mon Jun 01 15:00:58 UTC 2020 /home/travis/build/icyphy/ptII/ptolemy/domains/continuous/test/auto/SquareWave.xml
----------------- Instantiating /home/travis/build/icyphy/ptII/ptolemy/domains/continuous/test/auto/SquareWave.xml
136 ms. Memory: 273408K Free: 245021K (90%)
----------------- Invoking toplevel() on ptolemy.moml.MoMLSimpleApplication@75165d0b
----------------- Done invoking toplevel() on ptolemy.moml.MoMLSimpleApplication@75165d0b
reloadAllAccessors: .SquareWave

===========================================================================================
----------------- testing Mon Jun 01 15:00:58 UTC 2020 /home/travis/build/icyphy/ptII/ptolemy/domains/continuous/test/auto/Starmac.xml
----------------- Instantiating /home/travis/build/icyphy/ptII/ptolemy/domains/continuous/test/auto/Starmac.xml
3062 ms. Memory: 273408K Free: 95080K (35%)
----------------- Invoking toplevel() on ptolemy.moml.MoMLSimpleApplication@7d2a03a0
----------------- Done invoking toplevel() on ptolemy.moml.MoMLSimpleApplication@7d2a03a0
reloadAllAccessors: .Starmac

===========================================================================================
----------------- testing Mon Jun 01 15:01:02 UTC 2020 /home/travis/build/icyphy/ptII/ptolemy/domains/continuous/test/auto/StaticUnits.xml
----------------- Instantiating /home/travis/build/icyphy/ptII/ptolemy/domains/continuous/test/auto/StaticUnits.xml
1733 ms. Memory: 273408K Free: 119311K (44%)
----------------- Invoking toplevel() on ptolemy.moml.MoMLSimpleApplication@232b60d0
----------------- Done invoking toplevel() on ptolemy.moml.MoMLSimpleApplication@232b60d0
reloadAllAccessors: .StaticUnits

===========================================================================================
----------------- testing Mon Jun 01 15:01:04 UTC 2020 /home/travis/build/icyphy/ptII/ptolemy/domains/continuous/test/auto/StickyMasses.xml
----------------- Instantiating /home/travis/build/icyphy/ptII/ptolemy/domains/continuous/test/auto/StickyMasses.xml
149 ms. Memory: 273408K Free: 227707K (83%)
----------------- Invoking toplevel() on ptolemy.moml.MoMLSimpleApplication@4645c6e1
----------------- Done invoking toplevel() on ptolemy.moml.MoMLSimpleApplication@4645c6e1
reloadAllAccessors: .StickyMasses

===========================================================================================
----------------- testing Mon Jun 01 15:01:04 UTC 2020 /home/travis/build/icyphy/ptII/ptolemy/domains/continuous/test/auto/StopTime.xml
----------------- Instantiating /home/travis/build/icyphy/ptII/ptolemy/domains/continuous/test/auto/StopTime.xml
40 ms. Memory: 273408K Free: 201728K (74%)
----------------- Invoking toplevel() on ptolemy.moml.MoMLSimpleApplication@51c5d23f
----------------- Done invoking toplevel() on ptolemy.moml.MoMLSimpleApplication@51c5d23f
reloadAllAccessors: .StopTime

===========================================================================================
----------------- testing Mon Jun 01 15:01:04 UTC 2020 /home/travis/build/icyphy/ptII/ptolemy/domains/continuous/test/auto/StopTime2.xml
----------------- Instantiating /home/travis/build/icyphy/ptII/ptolemy/domains/continuous/test/auto/StopTime2.xml
38 ms. Memory: 273408K Free: 179200K (66%)
----------------- Invoking toplevel() on ptolemy.moml.MoMLSimpleApplication@46d1bc04
----------------- Done invoking toplevel() on ptolemy.moml.MoMLSimpleApplication@46d1bc04
reloadAllAccessors: .StopTime2

===========================================================================================
----------------- testing Mon Jun 01 15:01:04 UTC 2020 /home/travis/build/icyphy/ptII/ptolemy/domains/continuous/test/auto/Switch.xml
----------------- Instantiating /home/travis/build/icyphy/ptII/ptolemy/domains/continuous/test/auto/Switch.xml
38 ms. Memory: 273408K Free: 154110K (56%)
----------------- Invoking toplevel() on ptolemy.moml.MoMLSimpleApplication@4babcd9
----------------- Done invoking toplevel() on ptolemy.moml.MoMLSimpleApplication@4babcd9
reloadAllAccessors: .Switch

===========================================================================================
----------------- testing Mon Jun 01 15:01:04 UTC 2020 /home/travis/build/icyphy/ptII/ptolemy/domains/continuous/test/auto/Thermostat.xml
----------------- Instantiating /home/travis/build/icyphy/ptII/ptolemy/domains/continuous/test/auto/Thermostat.xml
199 ms. Memory: 328704K Free: 295424K (90%)
----------------- Invoking toplevel() on ptolemy.moml.MoMLSimpleApplication@6fd0712e
----------------- Done invoking toplevel() on ptolemy.moml.MoMLSimpleApplication@6fd0712e
reloadAllAccessors: .Thermostat

===========================================================================================
----------------- testing Mon Jun 01 15:01:05 UTC 2020 /home/travis/build/icyphy/ptII/ptolemy/domains/continuous/test/auto/TimeDelay.xml
----------------- Instantiating /home/travis/build/icyphy/ptII/ptolemy/domains/continuous/test/auto/TimeDelay.xml
6 ms. Memory: 328704K Free: 290304K (88%)
----------------- Invoking toplevel() on ptolemy.moml.MoMLSimpleApplication@5719e472
----------------- Done invoking toplevel() on ptolemy.moml.MoMLSimpleApplication@5719e472
reloadAllAccessors: .TimeDelay

===========================================================================================
----------------- testing Mon Jun 01 15:01:05 UTC 2020 /home/travis/build/icyphy/ptII/ptolemy/domains/continuous/test/auto/TimeDelay2.xml
----------------- Instantiating /home/travis/build/icyphy/ptII/ptolemy/domains/continuous/test/auto/TimeDelay2.xml
9 ms. Memory: 328704K Free: 280574K (85%)
----------------- Invoking toplevel() on ptolemy.moml.MoMLSimpleApplication@22502884
----------------- Done invoking toplevel() on ptolemy.moml.MoMLSimpleApplication@22502884
reloadAllAccessors: .TimeDelay2

===========================================================================================
----------------- testing Mon Jun 01 15:01:05 UTC 2020 /home/travis/build/icyphy/ptII/ptolemy/domains/continuous/test/auto/TimeDelay3.xml
----------------- Instantiating /home/travis/build/icyphy/ptII/ptolemy/domains/continuous/test/auto/TimeDelay3.xml
5 ms. Memory: 328704K Free: 275966K (84%)
----------------- Invoking toplevel() on ptolemy.moml.MoMLSimpleApplication@39b0ac80
----------------- Done invoking toplevel() on ptolemy.moml.MoMLSimpleApplication@39b0ac80
reloadAllAccessors: .TimeDelay3

===========================================================================================
----------------- testing Mon Jun 01 15:01:05 UTC 2020 /home/travis/build/icyphy/ptII/ptolemy/domains/continuous/test/auto/TransferAbsentToInside.xml
----------------- Instantiating /home/travis/build/icyphy/ptII/ptolemy/domains/continuous/test/auto/TransferAbsentToInside.xml
26 ms. Memory: 328704K Free: 222720K (68%)
----------------- Invoking toplevel() on ptolemy.moml.MoMLSimpleApplication@172d8690
----------------- Done invoking toplevel() on ptolemy.moml.MoMLSimpleApplication@172d8690
reloadAllAccessors: .TransferAbsentToInside

===========================================================================================
----------------- testing Mon Jun 01 15:01:05 UTC 2020 /home/travis/build/icyphy/ptII/ptolemy/domains/continuous/test/auto/Transmission.xml
----------------- Instantiating /home/travis/build/icyphy/ptII/ptolemy/domains/continuous/test/auto/Transmission.xml
742 ms. Memory: 328704K Free: 182241K (55%)
----------------- Invoking toplevel() on ptolemy.moml.MoMLSimpleApplication@1227c222
----------------- Done invoking toplevel() on ptolemy.moml.MoMLSimpleApplication@1227c222
reloadAllAccessors: .Transmission

===========================================================================================
----------------- testing Mon Jun 01 15:01:06 UTC 2020 /home/travis/build/icyphy/ptII/ptolemy/domains/continuous/test/auto/TriggeredContinuousClock.xml
----------------- Instantiating /home/travis/build/icyphy/ptII/ptolemy/domains/continuous/test/auto/TriggeredContinuousClock.xml
34 ms. Memory: 328704K Free: 152545K (46%)
----------------- Invoking toplevel() on ptolemy.moml.MoMLSimpleApplication@3646aa0d
----------------- Done invoking toplevel() on ptolemy.moml.MoMLSimpleApplication@3646aa0d
reloadAllAccessors: .TriggeredContinuousClock

===========================================================================================
----------------- testing Mon Jun 01 15:01:06 UTC 2020 /home/travis/build/icyphy/ptII/ptolemy/domains/continuous/test/auto/TwoMachineInfiniteBusControl.xml
----------------- Instantiating /home/travis/build/icyphy/ptII/ptolemy/domains/continuous/test/auto/TwoMachineInfiniteBusControl.xml
2486 ms. Memory: 328704K Free: 145349K (44%)
----------------- Invoking toplevel() on ptolemy.moml.MoMLSimpleApplication@65c97f18
----------------- Done invoking toplevel() on ptolemy.moml.MoMLSimpleApplication@65c97f18
reloadAllAccessors: .TwoMachineInfiniteBusControl

===========================================================================================
----------------- testing Mon Jun 01 15:01:08 UTC 2020 /home/travis/build/icyphy/ptII/ptolemy/domains/continuous/test/auto/V2V.xml
----------------- Instantiating /home/travis/build/icyphy/ptII/ptolemy/domains/continuous/test/auto/V2V.xml
617 ms. Memory: 328704K Free: 147391K (45%)
----------------- Invoking toplevel() on ptolemy.moml.MoMLSimpleApplication@5d755171
----------------- Done invoking toplevel() on ptolemy.moml.MoMLSimpleApplication@5d755171
reloadAllAccessors: .V2V

===========================================================================================
----------------- testing Mon Jun 01 15:01:09 UTC 2020 /home/travis/build/icyphy/ptII/ptolemy/domains/continuous/test/auto/hierarchicalModalModel.xml
----------------- Instantiating /home/travis/build/icyphy/ptII/ptolemy/domains/continuous/test/auto/hierarchicalModalModel.xml
7 ms. Memory: 328704K Free: 133569K (41%)
----------------- Invoking toplevel() on ptolemy.moml.MoMLSimpleApplication@3ca76a41
----------------- Done invoking toplevel() on ptolemy.moml.MoMLSimpleApplication@3ca76a41
reloadAllAccessors: .hierarchicalModalModel

===========================================================================================
----------------- testing Mon Jun 01 15:01:09 UTC 2020 /home/travis/build/icyphy/ptII/ptolemy/domains/continuous/test/auto/hierarchicalModalModel1.xml
----------------- Instantiating /home/travis/build/icyphy/ptII/ptolemy/domains/continuous/test/auto/hierarchicalModalModel1.xml
6 ms. Memory: 328704K Free: 119233K (36%)
----------------- Invoking toplevel() on ptolemy.moml.MoMLSimpleApplication@16b94703
----------------- Done invoking toplevel() on ptolemy.moml.MoMLSimpleApplication@16b94703
reloadAllAccessors: .hierarchicalModalModel1

===========================================================================================
----------------- testing Mon Jun 01 15:01:09 UTC 2020 /home/travis/build/icyphy/ptII/ptolemy/domains/continuous/test/auto/hierarchicalModalModel2.xml
----------------- Instantiating /home/travis/build/icyphy/ptII/ptolemy/domains/continuous/test/auto/hierarchicalModalModel2.xml
6 ms. Memory: 328704K Free: 297244K (90%)
----------------- Invoking toplevel() on ptolemy.moml.MoMLSimpleApplication@21085f24
----------------- Done invoking toplevel() on ptolemy.moml.MoMLSimpleApplication@21085f24
reloadAllAccessors: .hierarchicalModalModel2

===========================================================================================
----------------- testing Mon Jun 01 15:01:09 UTC 2020 /home/travis/build/icyphy/ptII/ptolemy/domains/continuous/test/auto/hierarchicalModalModel3.xml
----------------- Instantiating /home/travis/build/icyphy/ptII/ptolemy/domains/continuous/test/auto/hierarchicalModalModel3.xml
9 ms. Memory: 328704K Free: 286490K (87%)
----------------- Invoking toplevel() on ptolemy.moml.MoMLSimpleApplication@4fd90398
----------------- Done invoking toplevel() on ptolemy.moml.MoMLSimpleApplication@4fd90398
reloadAllAccessors: .hierarchicalModalModel3

===========================================================================================
----------------- testing Mon Jun 01 15:01:09 UTC 2020 /home/travis/build/icyphy/ptII/ptolemy/domains/continuous/test/auto/hierarchicalModalModel4.xml
----------------- Instantiating /home/travis/build/icyphy/ptII/ptolemy/domains/continuous/test/auto/hierarchicalModalModel4.xml
4 ms. Memory: 328704K Free: 274716K (84%)
----------------- Invoking toplevel() on ptolemy.moml.MoMLSimpleApplication@7340b05e
----------------- Done invoking toplevel() on ptolemy.moml.MoMLSimpleApplication@7340b05e
reloadAllAccessors: .hierarchicalModalModel4

===========================================================================================
----------------- testing Mon Jun 01 15:01:09 UTC 2020 /home/travis/build/icyphy/ptII/ptolemy/domains/continuous/test/auto/junk.xml
----------------- Instantiating /home/travis/build/icyphy/ptII/ptolemy/domains/continuous/test/auto/junk.xml
118 ms. Memory: 328704K Free: 246554K (75%)
----------------- Invoking toplevel() on ptolemy.moml.MoMLSimpleApplication@3fa4fe75
----------------- Done invoking toplevel() on ptolemy.moml.MoMLSimpleApplication@3fa4fe75
reloadAllAccessors: .junk
AutoTests.java: About to close Vertx.
AutoTests.java: Vertx closed.
]]></system-out>
  <system-err><![CDATA[Warning: '.IncreasingRatePoisson.NonStrictTest' The test produced only 368 tokens, yet the correctValues parameter was expecting 402 tokens.
Warning: '.Poisson.NonStrictTest' The test produced only 375 tokens, yet the correctValues parameter was expecting 430 tokens.
]]></system-err>
</testsuite>
