<?xml version="1.0" encoding="UTF-8" ?>
<testsuite errors="0" failures="0" hostname="travis-job-126b0deb-1c7d-4ff9-acd8-5d3bfb1bc67d" name="ptolemy.actor.lib.hoc.test.junit.JUnitTclTest" skipped="0" tests="58" time="24.318" timestamp="2019-06-01T04:24:31">
  <properties>
[...]
</properties>
  <testcase classname="ptolemy.util.test.junit.TclTests" name="[0] /home/travis/build/icyphy/ptII/ptolemy/actor/lib/hoc/test/IterateOverArray.tcl (RunTclFile)" time="0.281" />
  <testcase classname="ptolemy.util.test.junit.AutoKnownFailedTests" name="[0] /home/travis/build/icyphy/ptII/ptolemy/actor/lib/hoc/test/auto/knownFailedTests/PreinitializeMustBeInvokedRunComposite.xml (RunModel)" time="0.235" />
  <testcase classname="ptolemy.util.test.junit.AutoNameArchTests" name="[0] ThereAreNoAutoArchTests (RunModel)" time="0.0" />
  <testcase classname="ptolemy.util.test.junit.AutoTests" name="[0] /home/travis/build/icyphy/ptII/ptolemy/actor/lib/hoc/test/auto/AllToAllMultiInstanceComposite.xml (RunModel)" time="0.272" />
  <testcase classname="ptolemy.util.test.junit.AutoTests" name="[1] /home/travis/build/icyphy/ptII/ptolemy/actor/lib/hoc/test/auto/ApplyFFTTest.xml (RunModel)" time="0.314" />
  <testcase classname="ptolemy.util.test.junit.AutoTests" name="[2] /home/travis/build/icyphy/ptII/ptolemy/actor/lib/hoc/test/auto/ApplyFunction.xml (RunModel)" time="0.022" />
  <testcase classname="ptolemy.util.test.junit.AutoTests" name="[3] /home/travis/build/icyphy/ptII/ptolemy/actor/lib/hoc/test/auto/BackgroundExecution.xml (RunModel)" time="0.707" />
  <testcase classname="ptolemy.util.test.junit.AutoTests" name="[4] /home/travis/build/icyphy/ptII/ptolemy/actor/lib/hoc/test/auto/Case.xml (RunModel)" time="0.102" />
  <testcase classname="ptolemy.util.test.junit.AutoTests" name="[5] /home/travis/build/icyphy/ptII/ptolemy/actor/lib/hoc/test/auto/Case1.xml (RunModel)" time="0.081" />
  <testcase classname="ptolemy.util.test.junit.AutoTests" name="[6] /home/travis/build/icyphy/ptII/ptolemy/actor/lib/hoc/test/auto/Case2.xml (RunModel)" time="0.126" />
  <testcase classname="ptolemy.util.test.junit.AutoTests" name="[7] /home/travis/build/icyphy/ptII/ptolemy/actor/lib/hoc/test/auto/Case3.xml (RunModel)" time="0.034" />
  <testcase classname="ptolemy.util.test.junit.AutoTests" name="[8] /home/travis/build/icyphy/ptII/ptolemy/actor/lib/hoc/test/auto/Case4.xml (RunModel)" time="0.042" />
  <testcase classname="ptolemy.util.test.junit.AutoTests" name="[9] /home/travis/build/icyphy/ptII/ptolemy/actor/lib/hoc/test/auto/Case5.xml (RunModel)" time="0.09" />
  <testcase classname="ptolemy.util.test.junit.AutoTests" name="[10] /home/travis/build/icyphy/ptII/ptolemy/actor/lib/hoc/test/auto/Case6.xml (RunModel)" time="0.081" />
  <testcase classname="ptolemy.util.test.junit.AutoTests" name="[11] /home/travis/build/icyphy/ptII/ptolemy/actor/lib/hoc/test/auto/CaseString2.xml (RunModel)" time="0.032" />
  <testcase classname="ptolemy.util.test.junit.AutoTests" name="[12] /home/travis/build/icyphy/ptII/ptolemy/actor/lib/hoc/test/auto/CatchUpComposite1.xml (RunModel)" time="0.097" />
  <testcase classname="ptolemy.util.test.junit.AutoTests" name="[13] /home/travis/build/icyphy/ptII/ptolemy/actor/lib/hoc/test/auto/CatchUpComposite2.xml (RunModel)" time="0.067" />
  <testcase classname="ptolemy.util.test.junit.AutoTests" name="[14] /home/travis/build/icyphy/ptII/ptolemy/actor/lib/hoc/test/auto/CatchUpComposite3.xml (RunModel)" time="0.056" />
  <testcase classname="ptolemy.util.test.junit.AutoTests" name="[15] /home/travis/build/icyphy/ptII/ptolemy/actor/lib/hoc/test/auto/CatchUpComposite4.xml (RunModel)" time="0.066" />
  <testcase classname="ptolemy.util.test.junit.AutoTests" name="[16] /home/travis/build/icyphy/ptII/ptolemy/actor/lib/hoc/test/auto/CatchUpComposite5.xml (RunModel)" time="0.047" />
  <testcase classname="ptolemy.util.test.junit.AutoTests" name="[17] /home/travis/build/icyphy/ptII/ptolemy/actor/lib/hoc/test/auto/CatchUpComposite6.xml (RunModel)" time="0.151" />
  <testcase classname="ptolemy.util.test.junit.AutoTests" name="[18] /home/travis/build/icyphy/ptII/ptolemy/actor/lib/hoc/test/auto/CatchUpComposite7.xml (RunModel)" time="0.099" />
  <testcase classname="ptolemy.util.test.junit.AutoTests" name="[19] /home/travis/build/icyphy/ptII/ptolemy/actor/lib/hoc/test/auto/ConcurrentExecutionTimeSDF.xml (RunModel)" time="1.145" />
  <testcase classname="ptolemy.util.test.junit.AutoTests" name="[20] /home/travis/build/icyphy/ptII/ptolemy/actor/lib/hoc/test/auto/ConcurrentSleep.xml (RunModel)" time="0.778" />
  <testcase classname="ptolemy.util.test.junit.AutoTests" name="[21] /home/travis/build/icyphy/ptII/ptolemy/actor/lib/hoc/test/auto/DEInPNInRunCompositeActor.xml (RunModel)" time="0.026" />
  <testcase classname="ptolemy.util.test.junit.AutoTests" name="[22] /home/travis/build/icyphy/ptII/ptolemy/actor/lib/hoc/test/auto/DFTSubSetTest.xml (RunModel)" time="0.272" />
  <testcase classname="ptolemy.util.test.junit.AutoTests" name="[23] /home/travis/build/icyphy/ptII/ptolemy/actor/lib/hoc/test/auto/HocDE.xml (RunModel)" time="0.127" />
  <testcase classname="ptolemy.util.test.junit.AutoTests" name="[24] /home/travis/build/icyphy/ptII/ptolemy/actor/lib/hoc/test/auto/IterateOverArray.xml (RunModel)" time="0.019" />
  <testcase classname="ptolemy.util.test.junit.AutoTests" name="[25] /home/travis/build/icyphy/ptII/ptolemy/actor/lib/hoc/test/auto/IterateOverArray10.xml (RunModel)" time="0.011" />
  <testcase classname="ptolemy.util.test.junit.AutoTests" name="[26] /home/travis/build/icyphy/ptII/ptolemy/actor/lib/hoc/test/auto/IterateOverArray11.xml (RunModel)" time="0.015" />
  <testcase classname="ptolemy.util.test.junit.AutoTests" name="[27] /home/travis/build/icyphy/ptII/ptolemy/actor/lib/hoc/test/auto/IterateOverArray12.xml (RunModel)" time="0.033" />
  <testcase classname="ptolemy.util.test.junit.AutoTests" name="[28] /home/travis/build/icyphy/ptII/ptolemy/actor/lib/hoc/test/auto/IterateOverArray13.xml (RunModel)" time="0.148" />
  <testcase classname="ptolemy.util.test.junit.AutoTests" name="[29] /home/travis/build/icyphy/ptII/ptolemy/actor/lib/hoc/test/auto/IterateOverArray14.xml (RunModel)" time="0.173" />
  <testcase classname="ptolemy.util.test.junit.AutoTests" name="[30] /home/travis/build/icyphy/ptII/ptolemy/actor/lib/hoc/test/auto/IterateOverArray2.xml (RunModel)" time="0.03" />
  <testcase classname="ptolemy.util.test.junit.AutoTests" name="[31] /home/travis/build/icyphy/ptII/ptolemy/actor/lib/hoc/test/auto/IterateOverArray3.xml (RunModel)" time="0.043" />
  <testcase classname="ptolemy.util.test.junit.AutoTests" name="[32] /home/travis/build/icyphy/ptII/ptolemy/actor/lib/hoc/test/auto/IterateOverArray4.xml (RunModel)" time="0.021" />
  <testcase classname="ptolemy.util.test.junit.AutoTests" name="[33] /home/travis/build/icyphy/ptII/ptolemy/actor/lib/hoc/test/auto/IterateOverArray5.xml (RunModel)" time="0.019" />
  <testcase classname="ptolemy.util.test.junit.AutoTests" name="[34] /home/travis/build/icyphy/ptII/ptolemy/actor/lib/hoc/test/auto/IterateOverArray6.xml (RunModel)" time="0.017" />
  <testcase classname="ptolemy.util.test.junit.AutoTests" name="[35] /home/travis/build/icyphy/ptII/ptolemy/actor/lib/hoc/test/auto/IterateOverArray7.xml (RunModel)" time="0.02" />
  <testcase classname="ptolemy.util.test.junit.AutoTests" name="[36] /home/travis/build/icyphy/ptII/ptolemy/actor/lib/hoc/test/auto/IterateOverArray8.xml (RunModel)" time="0.022" />
  <testcase classname="ptolemy.util.test.junit.AutoTests" name="[37] /home/travis/build/icyphy/ptII/ptolemy/actor/lib/hoc/test/auto/IterateOverArray9.xml (RunModel)" time="0.022" />
  <testcase classname="ptolemy.util.test.junit.AutoTests" name="[38] /home/travis/build/icyphy/ptII/ptolemy/actor/lib/hoc/test/auto/IterateOverArrayCoercedOutputType.xml (RunModel)" time="0.034" />
  <testcase classname="ptolemy.util.test.junit.AutoTests" name="[39] /home/travis/build/icyphy/ptII/ptolemy/actor/lib/hoc/test/auto/IterateOverArrayInferredOutputType.xml (RunModel)" time="0.041" />
  <testcase classname="ptolemy.util.test.junit.AutoTests" name="[40] /home/travis/build/icyphy/ptII/ptolemy/actor/lib/hoc/test/auto/MobileFunctionTest.xml (RunModel)" time="0.024" />
  <testcase classname="ptolemy.util.test.junit.AutoTests" name="[41] /home/travis/build/icyphy/ptII/ptolemy/actor/lib/hoc/test/auto/MobileModelTest.xml (RunModel)" time="0.128" />
  <testcase classname="ptolemy.util.test.junit.AutoTests" name="[42] /home/travis/build/icyphy/ptII/ptolemy/actor/lib/hoc/test/auto/ModelReference.xml (RunModel)" time="0.097" />
  <testcase classname="ptolemy.util.test.junit.AutoTests" name="[43] /home/travis/build/icyphy/ptII/ptolemy/actor/lib/hoc/test/auto/ModelReference3.xml (RunModel)" time="0.061" />
  <testcase classname="ptolemy.util.test.junit.AutoTests" name="[44] /home/travis/build/icyphy/ptII/ptolemy/actor/lib/hoc/test/auto/ModelReference4.xml (RunModel)" time="10.052" />
  <testcase classname="ptolemy.util.test.junit.AutoTests" name="[45] /home/travis/build/icyphy/ptII/ptolemy/actor/lib/hoc/test/auto/MultiInstanceComposite.xml (RunModel)" time="0.05" />
  <testcase classname="ptolemy.util.test.junit.AutoTests" name="[46] /home/travis/build/icyphy/ptII/ptolemy/actor/lib/hoc/test/auto/MultiInstanceComposite2.xml (RunModel)" time="0.036" />
  <testcase classname="ptolemy.util.test.junit.AutoTests" name="[47] /home/travis/build/icyphy/ptII/ptolemy/actor/lib/hoc/test/auto/MulticoreExecution.xml (RunModel)" time="1.166" />
  <testcase classname="ptolemy.util.test.junit.AutoTests" name="[48] /home/travis/build/icyphy/ptII/ptolemy/actor/lib/hoc/test/auto/ParallelExecution.xml (RunModel)" time="0.934" />
  <testcase classname="ptolemy.util.test.junit.AutoTests" name="[49] /home/travis/build/icyphy/ptII/ptolemy/actor/lib/hoc/test/auto/RunCompositeActor.xml (RunModel)" time="0.029" />
  <testcase classname="ptolemy.util.test.junit.AutoTests" name="[50] /home/travis/build/icyphy/ptII/ptolemy/actor/lib/hoc/test/auto/RunCompositeActor2.xml (RunModel)" time="0.032" />
  <testcase classname="ptolemy.util.test.junit.AutoTests" name="[51] /home/travis/build/icyphy/ptII/ptolemy/actor/lib/hoc/test/auto/RunCompositeActor3.xml (RunModel)" time="0.023" />
  <testcase classname="ptolemy.util.test.junit.AutoTests" name="[52] /home/travis/build/icyphy/ptII/ptolemy/actor/lib/hoc/test/auto/RunCompositeActor4.xml (RunModel)" time="0.06" />
  <testcase classname="ptolemy.util.test.junit.AutoTests" name="[53] /home/travis/build/icyphy/ptII/ptolemy/actor/lib/hoc/test/auto/RunCompositeIterateOverArray.xml (RunModel)" time="0.035" />
  <testcase classname="ptolemy.util.test.junit.AutoTests" name="[54] /home/travis/build/icyphy/ptII/ptolemy/actor/lib/hoc/test/auto/ThreadedJS.xml (RunModel)" time="5.054" />
  <system-out><![CDATA[/home/travis/build/icyphy/ptII/ptolemy/actor/lib/hoc/test/IterateOverArray.tcl
testDefs.tcl: setting time out to 9000 seconds at Sat Jun 01 04:24:31 UTC 2019
06/01/19 04:24:31
Failed: 0  Total Tests: 2  ((Passed: 2, Newly Passed: 0)  Known Failed: 0) /home/travis/build/icyphy/ptII/ptolemy/actor/lib/hoc/test
----------------- testing (KnownFailure) /home/travis/build/icyphy/ptII/ptolemy/actor/lib/hoc/test/auto/knownFailedTests/PreinitializeMustBeInvokedRunComposite.xml
37 ms. Memory: 116224K Free: 106892K (92%)
Known Failure: java.lang.reflect.InvocationTargetException
No auto/linux-amd64/*.xml tests in /home/travis/build/icyphy/ptII/ptolemy/actor/lib/hoc/test
AutoTests.java: About to close Vertx.
AutoTests.java: Vertx closed.

===========================================================================================
----------------- testing Sat Jun 01 04:24:32 UTC 2019 /home/travis/build/icyphy/ptII/ptolemy/actor/lib/hoc/test/auto/AllToAllMultiInstanceComposite.xml
----------------- Instantiating /home/travis/build/icyphy/ptII/ptolemy/actor/lib/hoc/test/auto/AllToAllMultiInstanceComposite.xml
105 ms. Memory: 146944K Free: 120851K (82%)
----------------- Invoking toplevel() on ptolemy.moml.MoMLSimpleApplication@761d7e24
----------------- Done invoking toplevel() on ptolemy.moml.MoMLSimpleApplication@761d7e24
reloadAllAccessors: .AllToAllMultiInstanceComposite

===========================================================================================
----------------- testing Sat Jun 01 04:24:32 UTC 2019 /home/travis/build/icyphy/ptII/ptolemy/actor/lib/hoc/test/auto/ApplyFFTTest.xml
----------------- Instantiating /home/travis/build/icyphy/ptII/ptolemy/actor/lib/hoc/test/auto/ApplyFFTTest.xml
113 ms. Memory: 146944K Free: 100566K (68%)
----------------- Invoking toplevel() on ptolemy.moml.MoMLSimpleApplication@76dd290d
----------------- Done invoking toplevel() on ptolemy.moml.MoMLSimpleApplication@76dd290d
reloadAllAccessors: .ApplyFFTTest

===========================================================================================
----------------- testing Sat Jun 01 04:24:32 UTC 2019 /home/travis/build/icyphy/ptII/ptolemy/actor/lib/hoc/test/auto/ApplyFunction.xml
----------------- Instantiating /home/travis/build/icyphy/ptII/ptolemy/actor/lib/hoc/test/auto/ApplyFunction.xml
6 ms. Memory: 146944K Free: 97144K (66%)
----------------- Invoking toplevel() on ptolemy.moml.MoMLSimpleApplication@3b4f1359
----------------- Done invoking toplevel() on ptolemy.moml.MoMLSimpleApplication@3b4f1359
reloadAllAccessors: .ApplyFunction

===========================================================================================
----------------- testing Sat Jun 01 04:24:32 UTC 2019 /home/travis/build/icyphy/ptII/ptolemy/actor/lib/hoc/test/auto/BackgroundExecution.xml
----------------- Instantiating /home/travis/build/icyphy/ptII/ptolemy/actor/lib/hoc/test/auto/BackgroundExecution.xml
642 ms. Memory: 146944K Free: 89491K (61%)
----------------- Invoking toplevel() on ptolemy.moml.MoMLSimpleApplication@2c86bd9d
----------------- Done invoking toplevel() on ptolemy.moml.MoMLSimpleApplication@2c86bd9d
reloadAllAccessors: .BackgroundExecution

===========================================================================================
----------------- testing Sat Jun 01 04:24:33 UTC 2019 /home/travis/build/icyphy/ptII/ptolemy/actor/lib/hoc/test/auto/Case.xml
----------------- Instantiating /home/travis/build/icyphy/ptII/ptolemy/actor/lib/hoc/test/auto/Case.xml
32 ms. Memory: 146944K Free: 80536K (55%)
----------------- Invoking toplevel() on ptolemy.moml.MoMLSimpleApplication@73e5be9e
----------------- Done invoking toplevel() on ptolemy.moml.MoMLSimpleApplication@73e5be9e
reloadAllAccessors: .Case

===========================================================================================
----------------- testing Sat Jun 01 04:24:33 UTC 2019 /home/travis/build/icyphy/ptII/ptolemy/actor/lib/hoc/test/auto/Case1.xml
----------------- Instantiating /home/travis/build/icyphy/ptII/ptolemy/actor/lib/hoc/test/auto/Case1.xml
18 ms. Memory: 146944K Free: 135504K (92%)
----------------- Invoking toplevel() on ptolemy.moml.MoMLSimpleApplication@3b61a2d0
----------------- Done invoking toplevel() on ptolemy.moml.MoMLSimpleApplication@3b61a2d0
reloadAllAccessors: .Case1

===========================================================================================
----------------- testing Sat Jun 01 04:24:33 UTC 2019 /home/travis/build/icyphy/ptII/ptolemy/actor/lib/hoc/test/auto/Case2.xml
----------------- Instantiating /home/travis/build/icyphy/ptII/ptolemy/actor/lib/hoc/test/auto/Case2.xml
56 ms. Memory: 146944K Free: 124357K (85%)
----------------- Invoking toplevel() on ptolemy.moml.MoMLSimpleApplication@12495898
----------------- Done invoking toplevel() on ptolemy.moml.MoMLSimpleApplication@12495898
reloadAllAccessors: .Case2

===========================================================================================
----------------- testing Sat Jun 01 04:24:33 UTC 2019 /home/travis/build/icyphy/ptII/ptolemy/actor/lib/hoc/test/auto/Case3.xml
----------------- Instantiating /home/travis/build/icyphy/ptII/ptolemy/actor/lib/hoc/test/auto/Case3.xml
7 ms. Memory: 146944K Free: 117739K (80%)
----------------- Invoking toplevel() on ptolemy.moml.MoMLSimpleApplication@66fe1eee
----------------- Done invoking toplevel() on ptolemy.moml.MoMLSimpleApplication@66fe1eee
reloadAllAccessors: .Case3

===========================================================================================
----------------- testing Sat Jun 01 04:24:33 UTC 2019 /home/travis/build/icyphy/ptII/ptolemy/actor/lib/hoc/test/auto/Case4.xml
----------------- Instantiating /home/travis/build/icyphy/ptII/ptolemy/actor/lib/hoc/test/auto/Case4.xml
13 ms. Memory: 146944K Free: 109178K (74%)
----------------- Invoking toplevel() on ptolemy.moml.MoMLSimpleApplication@4050cf66
----------------- Done invoking toplevel() on ptolemy.moml.MoMLSimpleApplication@4050cf66
reloadAllAccessors: .Case4

===========================================================================================
----------------- testing Sat Jun 01 04:24:33 UTC 2019 /home/travis/build/icyphy/ptII/ptolemy/actor/lib/hoc/test/auto/Case5.xml
----------------- Instantiating /home/travis/build/icyphy/ptII/ptolemy/actor/lib/hoc/test/auto/Case5.xml
50 ms. Memory: 146944K Free: 102527K (70%)
----------------- Invoking toplevel() on ptolemy.moml.MoMLSimpleApplication@7f968efc
----------------- Done invoking toplevel() on ptolemy.moml.MoMLSimpleApplication@7f968efc
reloadAllAccessors: .junk

===========================================================================================
----------------- testing Sat Jun 01 04:24:34 UTC 2019 /home/travis/build/icyphy/ptII/ptolemy/actor/lib/hoc/test/auto/Case6.xml
----------------- Instantiating /home/travis/build/icyphy/ptII/ptolemy/actor/lib/hoc/test/auto/Case6.xml
33 ms. Memory: 146944K Free: 88971K (61%)
----------------- Invoking toplevel() on ptolemy.moml.MoMLSimpleApplication@377f4663
----------------- Done invoking toplevel() on ptolemy.moml.MoMLSimpleApplication@377f4663
reloadAllAccessors: .Case6

===========================================================================================
----------------- testing Sat Jun 01 04:24:34 UTC 2019 /home/travis/build/icyphy/ptII/ptolemy/actor/lib/hoc/test/auto/CaseString2.xml
----------------- Instantiating /home/travis/build/icyphy/ptII/ptolemy/actor/lib/hoc/test/auto/CaseString2.xml
11 ms. Memory: 146944K Free: 80698K (55%)
----------------- Invoking toplevel() on ptolemy.moml.MoMLSimpleApplication@6252ee0c
----------------- Done invoking toplevel() on ptolemy.moml.MoMLSimpleApplication@6252ee0c
reloadAllAccessors: .CaseString2

===========================================================================================
----------------- testing Sat Jun 01 04:24:34 UTC 2019 /home/travis/build/icyphy/ptII/ptolemy/actor/lib/hoc/test/auto/CatchUpComposite1.xml
----------------- Instantiating /home/travis/build/icyphy/ptII/ptolemy/actor/lib/hoc/test/auto/CatchUpComposite1.xml
16 ms. Memory: 208384K Free: 194032K (93%)
----------------- Invoking toplevel() on ptolemy.moml.MoMLSimpleApplication@1ef4930d
----------------- Done invoking toplevel() on ptolemy.moml.MoMLSimpleApplication@1ef4930d
reloadAllAccessors: .CatchUpComposite1

===========================================================================================
----------------- testing Sat Jun 01 04:24:34 UTC 2019 /home/travis/build/icyphy/ptII/ptolemy/actor/lib/hoc/test/auto/CatchUpComposite2.xml
----------------- Instantiating /home/travis/build/icyphy/ptII/ptolemy/actor/lib/hoc/test/auto/CatchUpComposite2.xml
19 ms. Memory: 208384K Free: 184147K (88%)
----------------- Invoking toplevel() on ptolemy.moml.MoMLSimpleApplication@5f5fb109
----------------- Done invoking toplevel() on ptolemy.moml.MoMLSimpleApplication@5f5fb109
reloadAllAccessors: .CatchUpComposite2

===========================================================================================
----------------- testing Sat Jun 01 04:24:34 UTC 2019 /home/travis/build/icyphy/ptII/ptolemy/actor/lib/hoc/test/auto/CatchUpComposite3.xml
----------------- Instantiating /home/travis/build/icyphy/ptII/ptolemy/actor/lib/hoc/test/auto/CatchUpComposite3.xml
14 ms. Memory: 208384K Free: 174303K (84%)
----------------- Invoking toplevel() on ptolemy.moml.MoMLSimpleApplication@475f5a53
----------------- Done invoking toplevel() on ptolemy.moml.MoMLSimpleApplication@475f5a53
reloadAllAccessors: .CatchUpComposite3

===========================================================================================
----------------- testing Sat Jun 01 04:24:34 UTC 2019 /home/travis/build/icyphy/ptII/ptolemy/actor/lib/hoc/test/auto/CatchUpComposite4.xml
----------------- Instantiating /home/travis/build/icyphy/ptII/ptolemy/actor/lib/hoc/test/auto/CatchUpComposite4.xml
17 ms. Memory: 208384K Free: 164403K (79%)
----------------- Invoking toplevel() on ptolemy.moml.MoMLSimpleApplication@1cc7710a
----------------- Done invoking toplevel() on ptolemy.moml.MoMLSimpleApplication@1cc7710a
reloadAllAccessors: .CatchUpComposite4

===========================================================================================
----------------- testing Sat Jun 01 04:24:34 UTC 2019 /home/travis/build/icyphy/ptII/ptolemy/actor/lib/hoc/test/auto/CatchUpComposite5.xml
----------------- Instantiating /home/travis/build/icyphy/ptII/ptolemy/actor/lib/hoc/test/auto/CatchUpComposite5.xml
9 ms. Memory: 208384K Free: 155391K (75%)
----------------- Invoking toplevel() on ptolemy.moml.MoMLSimpleApplication@6b1ffbe0
----------------- Done invoking toplevel() on ptolemy.moml.MoMLSimpleApplication@6b1ffbe0
reloadAllAccessors: .CatchUpComposite5

===========================================================================================
----------------- testing Sat Jun 01 04:24:34 UTC 2019 /home/travis/build/icyphy/ptII/ptolemy/actor/lib/hoc/test/auto/CatchUpComposite6.xml
----------------- Instantiating /home/travis/build/icyphy/ptII/ptolemy/actor/lib/hoc/test/auto/CatchUpComposite6.xml
WARNING: The execution aspects in this model can influence the timing of actors by delaying the 
execution, potentially changing the behavior. There is no guarantee that actors fire at the 
time they request to be fired. 
Use Ptides for deterministic DE behavior that is not influenced by execution aspects. 

86 ms. Memory: 208384K Free: 138107K (66%)
----------------- Invoking toplevel() on ptolemy.moml.MoMLSimpleApplication@1167619f
----------------- Done invoking toplevel() on ptolemy.moml.MoMLSimpleApplication@1167619f
reloadAllAccessors: .CatchUpComposite6

===========================================================================================
----------------- testing Sat Jun 01 04:24:34 UTC 2019 /home/travis/build/icyphy/ptII/ptolemy/actor/lib/hoc/test/auto/CatchUpComposite7.xml
----------------- Instantiating /home/travis/build/icyphy/ptII/ptolemy/actor/lib/hoc/test/auto/CatchUpComposite7.xml
WARNING: The execution aspects in this model can influence the timing of actors by delaying the 
execution, potentially changing the behavior. There is no guarantee that actors fire at the 
time they request to be fired. 
Use Ptides for deterministic DE behavior that is not influenced by execution aspects. 

43 ms. Memory: 208384K Free: 120765K (58%)
----------------- Invoking toplevel() on ptolemy.moml.MoMLSimpleApplication@6302eb0e
----------------- Done invoking toplevel() on ptolemy.moml.MoMLSimpleApplication@6302eb0e
reloadAllAccessors: .CatchUpComposite7

===========================================================================================
----------------- testing Sat Jun 01 04:24:34 UTC 2019 /home/travis/build/icyphy/ptII/ptolemy/actor/lib/hoc/test/auto/ConcurrentExecutionTimeSDF.xml
----------------- Instantiating /home/travis/build/icyphy/ptII/ptolemy/actor/lib/hoc/test/auto/ConcurrentExecutionTimeSDF.xml
Fired ExecutionTime: 40400000
Fired ExecutionTime: 40400000
Fired ExecutionTime: 40400000
Fired ExecutionTime: 40400000
Fired ExecutionTime: 40400000
Fired ExecutionTime: 40400000
Fired ExecutionTime: 40400000
Fired ExecutionTime: 40400000
Fired ExecutionTime: 40400000
Fired ExecutionTime: 40400000
Fired ExecutionTime: 40400000
Fired ExecutionTime: 40400000
Fired ExecutionTime: 40400000
Fired ExecutionTime: 40400000
Fired ExecutionTime: 40400000
Fired ExecutionTime: 40400000
Fired ExecutionTime: 40400000
Fired ExecutionTime: 40400000
Fired ExecutionTime: 40400000
Fired ExecutionTime: 40400000
1126 ms. Memory: 208384K Free: 112557K (54%)
----------------- Invoking toplevel() on ptolemy.moml.MoMLSimpleApplication@5538f32
----------------- Done invoking toplevel() on ptolemy.moml.MoMLSimpleApplication@5538f32
reloadAllAccessors: .ConcurrentExecutionTimeSDF

===========================================================================================
----------------- testing Sat Jun 01 04:24:35 UTC 2019 /home/travis/build/icyphy/ptII/ptolemy/actor/lib/hoc/test/auto/ConcurrentSleep.xml
----------------- Instantiating /home/travis/build/icyphy/ptII/ptolemy/actor/lib/hoc/test/auto/ConcurrentSleep.xml
741 ms. Memory: 208384K Free: 98598K (47%)
----------------- Invoking toplevel() on ptolemy.moml.MoMLSimpleApplication@44a785e1
----------------- Done invoking toplevel() on ptolemy.moml.MoMLSimpleApplication@44a785e1
reloadAllAccessors: .ConcurrentSleep

===========================================================================================
----------------- testing Sat Jun 01 04:24:36 UTC 2019 /home/travis/build/icyphy/ptII/ptolemy/actor/lib/hoc/test/auto/DEInPNInRunCompositeActor.xml
----------------- Instantiating /home/travis/build/icyphy/ptII/ptolemy/actor/lib/hoc/test/auto/DEInPNInRunCompositeActor.xml
9 ms. Memory: 208384K Free: 90368K (43%)
----------------- Invoking toplevel() on ptolemy.moml.MoMLSimpleApplication@2f7e57cf
----------------- Done invoking toplevel() on ptolemy.moml.MoMLSimpleApplication@2f7e57cf
reloadAllAccessors: .DEInPNInRunCompositeActor

===========================================================================================
----------------- testing Sat Jun 01 04:24:36 UTC 2019 /home/travis/build/icyphy/ptII/ptolemy/actor/lib/hoc/test/auto/DFTSubSetTest.xml
----------------- Instantiating /home/travis/build/icyphy/ptII/ptolemy/actor/lib/hoc/test/auto/DFTSubSetTest.xml
186 ms. Memory: 208384K Free: 167227K (80%)
----------------- Invoking toplevel() on ptolemy.moml.MoMLSimpleApplication@318ccb5e
----------------- Done invoking toplevel() on ptolemy.moml.MoMLSimpleApplication@318ccb5e
reloadAllAccessors: .DFTSubSetTest

===========================================================================================
----------------- testing Sat Jun 01 04:24:36 UTC 2019 /home/travis/build/icyphy/ptII/ptolemy/actor/lib/hoc/test/auto/HocDE.xml
----------------- Instantiating /home/travis/build/icyphy/ptII/ptolemy/actor/lib/hoc/test/auto/HocDE.xml
96 ms. Memory: 208384K Free: 139601K (67%)
----------------- Invoking toplevel() on ptolemy.moml.MoMLSimpleApplication@2239bf56
----------------- Done invoking toplevel() on ptolemy.moml.MoMLSimpleApplication@2239bf56
reloadAllAccessors: .HocDE

===========================================================================================
----------------- testing Sat Jun 01 04:24:37 UTC 2019 /home/travis/build/icyphy/ptII/ptolemy/actor/lib/hoc/test/auto/IterateOverArray.xml
----------------- Instantiating /home/travis/build/icyphy/ptII/ptolemy/actor/lib/hoc/test/auto/IterateOverArray.xml
5 ms. Memory: 208384K Free: 134014K (64%)
----------------- Invoking toplevel() on ptolemy.moml.MoMLSimpleApplication@12d4f97c
----------------- Done invoking toplevel() on ptolemy.moml.MoMLSimpleApplication@12d4f97c
reloadAllAccessors: .IterateOverArray

===========================================================================================
----------------- testing Sat Jun 01 04:24:37 UTC 2019 /home/travis/build/icyphy/ptII/ptolemy/actor/lib/hoc/test/auto/IterateOverArray10.xml
----------------- Instantiating /home/travis/build/icyphy/ptII/ptolemy/actor/lib/hoc/test/auto/IterateOverArray10.xml
2 ms. Memory: 208384K Free: 129902K (62%)
----------------- Invoking toplevel() on ptolemy.moml.MoMLSimpleApplication@2071ceb4
----------------- Done invoking toplevel() on ptolemy.moml.MoMLSimpleApplication@2071ceb4
reloadAllAccessors: .IterateOverArray10

===========================================================================================
----------------- testing Sat Jun 01 04:24:37 UTC 2019 /home/travis/build/icyphy/ptII/ptolemy/actor/lib/hoc/test/auto/IterateOverArray11.xml
----------------- Instantiating /home/travis/build/icyphy/ptII/ptolemy/actor/lib/hoc/test/auto/IterateOverArray11.xml
3 ms. Memory: 208384K Free: 124379K (60%)
----------------- Invoking toplevel() on ptolemy.moml.MoMLSimpleApplication@351ccec6
----------------- Done invoking toplevel() on ptolemy.moml.MoMLSimpleApplication@351ccec6
reloadAllAccessors: .IterateOverArray11

===========================================================================================
----------------- testing Sat Jun 01 04:24:37 UTC 2019 /home/travis/build/icyphy/ptII/ptolemy/actor/lib/hoc/test/auto/IterateOverArray12.xml
----------------- Instantiating /home/travis/build/icyphy/ptII/ptolemy/actor/lib/hoc/test/auto/IterateOverArray12.xml
13 ms. Memory: 208384K Free: 117825K (57%)
----------------- Invoking toplevel() on ptolemy.moml.MoMLSimpleApplication@6a547b42
----------------- Done invoking toplevel() on ptolemy.moml.MoMLSimpleApplication@6a547b42
reloadAllAccessors: .IterateOverArray12

===========================================================================================
----------------- testing Sat Jun 01 04:24:37 UTC 2019 /home/travis/build/icyphy/ptII/ptolemy/actor/lib/hoc/test/auto/IterateOverArray13.xml
----------------- Instantiating /home/travis/build/icyphy/ptII/ptolemy/actor/lib/hoc/test/auto/IterateOverArray13.xml
76 ms. Memory: 208384K Free: 89364K (43%)
----------------- Invoking toplevel() on ptolemy.moml.MoMLSimpleApplication@5008652f
----------------- Done invoking toplevel() on ptolemy.moml.MoMLSimpleApplication@5008652f
reloadAllAccessors: .IterateOverArray13

===========================================================================================
----------------- testing Sat Jun 01 04:24:37 UTC 2019 /home/travis/build/icyphy/ptII/ptolemy/actor/lib/hoc/test/auto/IterateOverArray14.xml
----------------- Instantiating /home/travis/build/icyphy/ptII/ptolemy/actor/lib/hoc/test/auto/IterateOverArray14.xml
65 ms. Memory: 332288K Free: 299570K (90%)
----------------- Invoking toplevel() on ptolemy.moml.MoMLSimpleApplication@24e31da3
----------------- Done invoking toplevel() on ptolemy.moml.MoMLSimpleApplication@24e31da3
reloadAllAccessors: .IterateOverArray14

===========================================================================================
----------------- testing Sat Jun 01 04:24:37 UTC 2019 /home/travis/build/icyphy/ptII/ptolemy/actor/lib/hoc/test/auto/IterateOverArray2.xml
----------------- Instantiating /home/travis/build/icyphy/ptII/ptolemy/actor/lib/hoc/test/auto/IterateOverArray2.xml
8 ms. Memory: 332288K Free: 292245K (88%)
----------------- Invoking toplevel() on ptolemy.moml.MoMLSimpleApplication@f17f073
----------------- Done invoking toplevel() on ptolemy.moml.MoMLSimpleApplication@f17f073
reloadAllAccessors: .IterateOverArray2

===========================================================================================
----------------- testing Sat Jun 01 04:24:37 UTC 2019 /home/travis/build/icyphy/ptII/ptolemy/actor/lib/hoc/test/auto/IterateOverArray3.xml
----------------- Instantiating /home/travis/build/icyphy/ptII/ptolemy/actor/lib/hoc/test/auto/IterateOverArray3.xml
13 ms. Memory: 332288K Free: 285705K (86%)
----------------- Invoking toplevel() on ptolemy.moml.MoMLSimpleApplication@ed5ef20
----------------- Done invoking toplevel() on ptolemy.moml.MoMLSimpleApplication@ed5ef20
reloadAllAccessors: .IterateOverArray3

===========================================================================================
----------------- testing Sat Jun 01 04:24:37 UTC 2019 /home/travis/build/icyphy/ptII/ptolemy/actor/lib/hoc/test/auto/IterateOverArray4.xml
----------------- Instantiating /home/travis/build/icyphy/ptII/ptolemy/actor/lib/hoc/test/auto/IterateOverArray4.xml
4 ms. Memory: 332288K Free: 280023K (84%)
----------------- Invoking toplevel() on ptolemy.moml.MoMLSimpleApplication@929ba9a
----------------- Done invoking toplevel() on ptolemy.moml.MoMLSimpleApplication@929ba9a
reloadAllAccessors: .IterateOverArray4

===========================================================================================
----------------- testing Sat Jun 01 04:24:37 UTC 2019 /home/travis/build/icyphy/ptII/ptolemy/actor/lib/hoc/test/auto/IterateOverArray5.xml
----------------- Instantiating /home/travis/build/icyphy/ptII/ptolemy/actor/lib/hoc/test/auto/IterateOverArray5.xml
3 ms. Memory: 332288K Free: 275118K (83%)
----------------- Invoking toplevel() on ptolemy.moml.MoMLSimpleApplication@584d71c4
----------------- Done invoking toplevel() on ptolemy.moml.MoMLSimpleApplication@584d71c4
reloadAllAccessors: .IterateOverArray5

===========================================================================================
----------------- testing Sat Jun 01 04:24:37 UTC 2019 /home/travis/build/icyphy/ptII/ptolemy/actor/lib/hoc/test/auto/IterateOverArray6.xml
----------------- Instantiating /home/travis/build/icyphy/ptII/ptolemy/actor/lib/hoc/test/auto/IterateOverArray6.xml
6 ms. Memory: 332288K Free: 269436K (81%)
----------------- Invoking toplevel() on ptolemy.moml.MoMLSimpleApplication@72cce28b
----------------- Done invoking toplevel() on ptolemy.moml.MoMLSimpleApplication@72cce28b
reloadAllAccessors: .IterateOverArray6

===========================================================================================
----------------- testing Sat Jun 01 04:24:37 UTC 2019 /home/travis/build/icyphy/ptII/ptolemy/actor/lib/hoc/test/auto/IterateOverArray7.xml
----------------- Instantiating /home/travis/build/icyphy/ptII/ptolemy/actor/lib/hoc/test/auto/IterateOverArray7.xml
8 ms. Memory: 332288K Free: 264531K (80%)
----------------- Invoking toplevel() on ptolemy.moml.MoMLSimpleApplication@136044f5
----------------- Done invoking toplevel() on ptolemy.moml.MoMLSimpleApplication@136044f5
reloadAllAccessors: .IterateOverArray7

===========================================================================================
----------------- testing Sat Jun 01 04:24:37 UTC 2019 /home/travis/build/icyphy/ptII/ptolemy/actor/lib/hoc/test/auto/IterateOverArray8.xml
----------------- Instantiating /home/travis/build/icyphy/ptII/ptolemy/actor/lib/hoc/test/auto/IterateOverArray8.xml
8 ms. Memory: 332288K Free: 259626K (78%)
----------------- Invoking toplevel() on ptolemy.moml.MoMLSimpleApplication@26303e
----------------- Done invoking toplevel() on ptolemy.moml.MoMLSimpleApplication@26303e
reloadAllAccessors: .IterateOverArray8

===========================================================================================
----------------- testing Sat Jun 01 04:24:37 UTC 2019 /home/travis/build/icyphy/ptII/ptolemy/actor/lib/hoc/test/auto/IterateOverArray9.xml
----------------- Instantiating /home/travis/build/icyphy/ptII/ptolemy/actor/lib/hoc/test/auto/IterateOverArray9.xml
8 ms. Memory: 332288K Free: 253944K (76%)
----------------- Invoking toplevel() on ptolemy.moml.MoMLSimpleApplication@50edcd0b
----------------- Done invoking toplevel() on ptolemy.moml.MoMLSimpleApplication@50edcd0b
reloadAllAccessors: .IterateOverArray9

===========================================================================================
----------------- testing Sat Jun 01 04:24:37 UTC 2019 /home/travis/build/icyphy/ptII/ptolemy/actor/lib/hoc/test/auto/IterateOverArrayCoercedOutputType.xml
----------------- Instantiating /home/travis/build/icyphy/ptII/ptolemy/actor/lib/hoc/test/auto/IterateOverArrayCoercedOutputType.xml
4 ms. Memory: 332288K Free: 247403K (74%)
----------------- Invoking toplevel() on ptolemy.moml.MoMLSimpleApplication@b972d29
----------------- Done invoking toplevel() on ptolemy.moml.MoMLSimpleApplication@b972d29
reloadAllAccessors: .IterateOverArrayCoercedOutputType

===========================================================================================
----------------- testing Sat Jun 01 04:24:37 UTC 2019 /home/travis/build/icyphy/ptII/ptolemy/actor/lib/hoc/test/auto/IterateOverArrayInferredOutputType.xml
----------------- Instantiating /home/travis/build/icyphy/ptII/ptolemy/actor/lib/hoc/test/auto/IterateOverArrayInferredOutputType.xml
13 ms. Memory: 332288K Free: 240086K (72%)
----------------- Invoking toplevel() on ptolemy.moml.MoMLSimpleApplication@33ac7345
----------------- Done invoking toplevel() on ptolemy.moml.MoMLSimpleApplication@33ac7345
reloadAllAccessors: .IterateOverArrayInferredOutputType

===========================================================================================
----------------- testing Sat Jun 01 04:24:37 UTC 2019 /home/travis/build/icyphy/ptII/ptolemy/actor/lib/hoc/test/auto/MobileFunctionTest.xml
----------------- Instantiating /home/travis/build/icyphy/ptII/ptolemy/actor/lib/hoc/test/auto/MobileFunctionTest.xml
4 ms. Memory: 332288K Free: 235181K (71%)
----------------- Invoking toplevel() on ptolemy.moml.MoMLSimpleApplication@4d5c6c44
----------------- Done invoking toplevel() on ptolemy.moml.MoMLSimpleApplication@4d5c6c44
reloadAllAccessors: .MobileFunctionTest

===========================================================================================
----------------- testing Sat Jun 01 04:24:37 UTC 2019 /home/travis/build/icyphy/ptII/ptolemy/actor/lib/hoc/test/auto/MobileModelTest.xml
----------------- Instantiating /home/travis/build/icyphy/ptII/ptolemy/actor/lib/hoc/test/auto/MobileModelTest.xml
90 ms. Memory: 332288K Free: 213133K (64%)
----------------- Invoking toplevel() on ptolemy.moml.MoMLSimpleApplication@cc8362
----------------- Done invoking toplevel() on ptolemy.moml.MoMLSimpleApplication@cc8362
reloadAllAccessors: .MobileModelTest

===========================================================================================
----------------- testing Sat Jun 01 04:24:37 UTC 2019 /home/travis/build/icyphy/ptII/ptolemy/actor/lib/hoc/test/auto/ModelReference.xml
----------------- Instantiating /home/travis/build/icyphy/ptII/ptolemy/actor/lib/hoc/test/auto/ModelReference.xml
7 ms. Memory: 332288K Free: 204958K (62%)
2 ms. Memory: 332288K Free: 204958K (62%)
2 ms. Memory: 332288K Free: 203323K (61%)
1 ms. Memory: 332288K Free: 203323K (61%)
1 ms. Memory: 332288K Free: 201688K (61%)
1 ms. Memory: 332288K Free: 201688K (61%)
5 ms. Memory: 332288K Free: 200053K (60%)
3 ms. Memory: 332288K Free: 200053K (60%)
2 ms. Memory: 332288K Free: 198418K (60%)
2 ms. Memory: 332288K Free: 198418K (60%)
39 ms. Memory: 332288K Free: 198418K (60%)
----------------- Invoking toplevel() on ptolemy.moml.MoMLSimpleApplication@671b7acf
----------------- Done invoking toplevel() on ptolemy.moml.MoMLSimpleApplication@671b7acf
reloadAllAccessors: .ModelReference

===========================================================================================
----------------- testing Sat Jun 01 04:24:38 UTC 2019 /home/travis/build/icyphy/ptII/ptolemy/actor/lib/hoc/test/auto/ModelReference3.xml
----------------- Instantiating /home/travis/build/icyphy/ptII/ptolemy/actor/lib/hoc/test/auto/ModelReference3.xml
3 ms. Memory: 332288K Free: 193513K (58%)
6 ms. Memory: 332288K Free: 191878K (58%)
1 ms. Memory: 332288K Free: 191878K (58%)
4 ms. Memory: 332288K Free: 190243K (57%)
2 ms. Memory: 332288K Free: 190243K (57%)
1 ms. Memory: 332288K Free: 188608K (57%)
2 ms. Memory: 332288K Free: 188608K (57%)
3 ms. Memory: 332288K Free: 186973K (56%)
2 ms. Memory: 332288K Free: 186973K (56%)
3 ms. Memory: 332288K Free: 185338K (56%)
41 ms. Memory: 332288K Free: 185338K (56%)
----------------- Invoking toplevel() on ptolemy.moml.MoMLSimpleApplication@36d9824e
----------------- Done invoking toplevel() on ptolemy.moml.MoMLSimpleApplication@36d9824e
reloadAllAccessors: .ModelReference3

===========================================================================================
----------------- testing Sat Jun 01 04:24:38 UTC 2019 /home/travis/build/icyphy/ptII/ptolemy/actor/lib/hoc/test/auto/ModelReference4.xml
----------------- Instantiating /home/travis/build/icyphy/ptII/ptolemy/actor/lib/hoc/test/auto/ModelReference4.xml
3 ms. Memory: 332288K Free: 178020K (54%)
3 ms. Memory: 332288K Free: 176385K (53%)
3 ms. Memory: 332288K Free: 174750K (53%)
3 ms. Memory: 332288K Free: 173115K (52%)
3 ms. Memory: 332288K Free: 169846K (51%)
3 ms. Memory: 332288K Free: 168211K (51%)
2 ms. Memory: 332288K Free: 166576K (50%)
3 ms. Memory: 332288K Free: 164941K (50%)
3 ms. Memory: 332288K Free: 163306K (49%)
2 ms. Memory: 332288K Free: 161671K (49%)
10032 ms. Memory: 332288K Free: 161671K (49%)
----------------- Invoking toplevel() on ptolemy.moml.MoMLSimpleApplication@f62cb82
----------------- Done invoking toplevel() on ptolemy.moml.MoMLSimpleApplication@f62cb82
reloadAllAccessors: .ModelReference4

===========================================================================================
----------------- testing Sat Jun 01 04:24:48 UTC 2019 /home/travis/build/icyphy/ptII/ptolemy/actor/lib/hoc/test/auto/MultiInstanceComposite.xml
----------------- Instantiating /home/travis/build/icyphy/ptII/ptolemy/actor/lib/hoc/test/auto/MultiInstanceComposite.xml
24 ms. Memory: 332288K Free: 143686K (43%)
----------------- Invoking toplevel() on ptolemy.moml.MoMLSimpleApplication@3afa0e86
----------------- Done invoking toplevel() on ptolemy.moml.MoMLSimpleApplication@3afa0e86
reloadAllAccessors: .MultiInstanceComposite

===========================================================================================
----------------- testing Sat Jun 01 04:24:48 UTC 2019 /home/travis/build/icyphy/ptII/ptolemy/actor/lib/hoc/test/auto/MultiInstanceComposite2.xml
----------------- Instantiating /home/travis/build/icyphy/ptII/ptolemy/actor/lib/hoc/test/auto/MultiInstanceComposite2.xml
14 ms. Memory: 332288K Free: 129828K (39%)
----------------- Invoking toplevel() on ptolemy.moml.MoMLSimpleApplication@3b287a87
----------------- Done invoking toplevel() on ptolemy.moml.MoMLSimpleApplication@3b287a87
reloadAllAccessors: .MultiInstanceComposite2

===========================================================================================
----------------- testing Sat Jun 01 04:24:48 UTC 2019 /home/travis/build/icyphy/ptII/ptolemy/actor/lib/hoc/test/auto/MulticoreExecution.xml
----------------- Instantiating /home/travis/build/icyphy/ptII/ptolemy/actor/lib/hoc/test/auto/MulticoreExecution.xml
Fired ExecutionTime: 3200000
Fired ExecutionTime: 2400000
Fired ExecutionTime: 2800000
Fired ExecutionTime: 3200000
Fired ExecutionTime: 3200000
Fired ExecutionTime: 2800000
Fired ExecutionTime: 3600000
Fired ExecutionTime: 2400000
Fired ExecutionTime: 2800000
Fired ExecutionTime: 3200000
Fired ExecutionTime: 4400000
Fired ExecutionTime: 2000000
Fired ExecutionTime: 2800000
Fired ExecutionTime: 3200000
Fired ExecutionTime: 2800000
Fired ExecutionTime: 3200000
Fired ExecutionTime: 85600000
Fired ExecutionTime: 99600000
Fired ExecutionTime: 88400000
Fired ExecutionTime: 91200000
1145 ms. Memory: 332288K Free: 116748K (35%)
----------------- Invoking toplevel() on ptolemy.moml.MoMLSimpleApplication@26910f4f
----------------- Done invoking toplevel() on ptolemy.moml.MoMLSimpleApplication@26910f4f
reloadAllAccessors: .MulticoreExecution

===========================================================================================
----------------- testing Sat Jun 01 04:24:49 UTC 2019 /home/travis/build/icyphy/ptII/ptolemy/actor/lib/hoc/test/auto/ParallelExecution.xml
----------------- Instantiating /home/travis/build/icyphy/ptII/ptolemy/actor/lib/hoc/test/auto/ParallelExecution.xml
918 ms. Memory: 332288K Free: 104526K (31%)
----------------- Invoking toplevel() on ptolemy.moml.MoMLSimpleApplication@410917b4
----------------- Done invoking toplevel() on ptolemy.moml.MoMLSimpleApplication@410917b4
reloadAllAccessors: .ParallelExecution

===========================================================================================
----------------- testing Sat Jun 01 04:24:50 UTC 2019 /home/travis/build/icyphy/ptII/ptolemy/actor/lib/hoc/test/auto/RunCompositeActor.xml
----------------- Instantiating /home/travis/build/icyphy/ptII/ptolemy/actor/lib/hoc/test/auto/RunCompositeActor.xml
10 ms. Memory: 332288K Free: 96351K (29%)
----------------- Invoking toplevel() on ptolemy.moml.MoMLSimpleApplication@c6b63c1
----------------- Done invoking toplevel() on ptolemy.moml.MoMLSimpleApplication@c6b63c1
reloadAllAccessors: .RunCompositeActor

===========================================================================================
----------------- testing Sat Jun 01 04:24:50 UTC 2019 /home/travis/build/icyphy/ptII/ptolemy/actor/lib/hoc/test/auto/RunCompositeActor2.xml
----------------- Instantiating /home/travis/build/icyphy/ptII/ptolemy/actor/lib/hoc/test/auto/RunCompositeActor2.xml
10 ms. Memory: 332288K Free: 89811K (27%)
----------------- Invoking toplevel() on ptolemy.moml.MoMLSimpleApplication@18f7fcfb
----------------- Done invoking toplevel() on ptolemy.moml.MoMLSimpleApplication@18f7fcfb
reloadAllAccessors: .RunCompositeActor2

===========================================================================================
----------------- testing Sat Jun 01 04:24:50 UTC 2019 /home/travis/build/icyphy/ptII/ptolemy/actor/lib/hoc/test/auto/RunCompositeActor3.xml
----------------- Instantiating /home/travis/build/icyphy/ptII/ptolemy/actor/lib/hoc/test/auto/RunCompositeActor3.xml
2 ms. Memory: 332288K Free: 82494K (25%)
----------------- Invoking toplevel() on ptolemy.moml.MoMLSimpleApplication@241f379c
----------------- Done invoking toplevel() on ptolemy.moml.MoMLSimpleApplication@241f379c
reloadAllAccessors: .RunCompositeActor3

===========================================================================================
----------------- testing Sat Jun 01 04:24:50 UTC 2019 /home/travis/build/icyphy/ptII/ptolemy/actor/lib/hoc/test/auto/RunCompositeActor4.xml
----------------- Instantiating /home/travis/build/icyphy/ptII/ptolemy/actor/lib/hoc/test/auto/RunCompositeActor4.xml
15 ms. Memory: 332800K Free: 316314K (95%)
----------------- Invoking toplevel() on ptolemy.moml.MoMLSimpleApplication@24a38826
----------------- Done invoking toplevel() on ptolemy.moml.MoMLSimpleApplication@24a38826
reloadAllAccessors: .RunCompositeActor4

===========================================================================================
----------------- testing Sat Jun 01 04:24:50 UTC 2019 /home/travis/build/icyphy/ptII/ptolemy/actor/lib/hoc/test/auto/RunCompositeIterateOverArray.xml
----------------- Instantiating /home/travis/build/icyphy/ptII/ptolemy/actor/lib/hoc/test/auto/RunCompositeIterateOverArray.xml
9 ms. Memory: 332800K Free: 309217K (93%)
----------------- Invoking toplevel() on ptolemy.moml.MoMLSimpleApplication@b6eee0b
----------------- Done invoking toplevel() on ptolemy.moml.MoMLSimpleApplication@b6eee0b
reloadAllAccessors: .RunCompositeIterateOverArray

===========================================================================================
----------------- testing Sat Jun 01 04:24:50 UTC 2019 /home/travis/build/icyphy/ptII/ptolemy/actor/lib/hoc/test/auto/ThreadedJS.xml
----------------- Instantiating /home/travis/build/icyphy/ptII/ptolemy/actor/lib/hoc/test/auto/ThreadedJS.xml
1907 ms. Memory: 539136K Free: 155791K (29%)
----------------- Invoking toplevel() on ptolemy.moml.MoMLSimpleApplication@c9fe043
----------------- Done invoking toplevel() on ptolemy.moml.MoMLSimpleApplication@c9fe043
reloadAllAccessors: .ThreadedJS
AutoTests.java: About to close Vertx.
AutoTests.java: Vertx closed.
]]></system-out>
  <system-err><![CDATA[java.lang.RuntimeException: Execution failed
	at ptolemy.moml.MoMLSimpleApplication$UnloadThread.run(MoMLSimpleApplication.java:402)
Caused by: ptolemy.kernel.util.IllegalActionException: initialize() was called after wrapup() was called but preinitialize() was not called after wrapup().
	at ptolemy.actor.lib.hoc.test.PreinitializeMustBeInvoked.initialize(PreinitializeMustBeInvoked.java:78)
	at ptolemy.actor.Director.initialize(Director.java:938)
	at ptolemy.actor.Director.initialize(Director.java:907)
	at ptolemy.actor.sched.StaticSchedulingDirector.initialize(StaticSchedulingDirector.java:159)
	at ptolemy.domains.sdf.kernel.SDFDirector.initialize(SDFDirector.java:544)
	at ptolemy.actor.CompositeActor.initialize(CompositeActor.java:935)
	at ptolemy.actor.lib.hoc.LifeCycleManager._executeInsideModel(LifeCycleManager.java:339)
	at ptolemy.actor.lib.hoc.RunCompositeActor.fire(RunCompositeActor.java:205)
	at ptolemy.actor.CompositeActor.iterate(CompositeActor.java:1146)
	at ptolemy.actor.sched.StaticSchedulingDirector.fire(StaticSchedulingDirector.java:216)
	at ptolemy.domains.sdf.kernel.SDFDirector.fire(SDFDirector.java:500)
	at ptolemy.actor.CompositeActor.fire(CompositeActor.java:455)
	at ptolemy.actor.Manager.iterate(Manager.java:851)
	at ptolemy.actor.Manager.execute(Manager.java:369)
	at ptolemy.actor.Manager.run(Manager.java:1263)
	at ptolemy.actor.Manager$PtolemyRunThread.run(Manager.java:1915)
java.lang.reflect.InvocationTargetException
	at sun.reflect.NativeConstructorAccessorImpl.newInstance0(Native Method)
	at sun.reflect.NativeConstructorAccessorImpl.newInstance(NativeConstructorAccessorImpl.java:62)
	at sun.reflect.DelegatingConstructorAccessorImpl.newInstance(DelegatingConstructorAccessorImpl.java:45)
	at java.lang.reflect.Constructor.newInstance(Constructor.java:423)
	at ptolemy.util.test.junit.AutoKnownFailedTests.RunModel(AutoKnownFailedTests.java:105)
	at sun.reflect.NativeMethodAccessorImpl.invoke0(Native Method)
	at sun.reflect.NativeMethodAccessorImpl.invoke(NativeMethodAccessorImpl.java:62)
	at sun.reflect.DelegatingMethodAccessorImpl.invoke(DelegatingMethodAccessorImpl.java:43)
	at java.lang.reflect.Method.invoke(Method.java:498)
	at org.junit.runners.model.FrameworkMethod$1.runReflectiveCall(FrameworkMethod.java:44)
	at org.junit.internal.runners.model.ReflectiveCallable.run(ReflectiveCallable.java:15)
	at org.junit.runners.model.FrameworkMethod.invokeExplosively(FrameworkMethod.java:41)
	at junitparams.internal.InvokeParameterisedMethod.evaluate(InvokeParameterisedMethod.java:102)
	at org.junit.internal.runners.statements.FailOnTimeout$1.run(FailOnTimeout.java:28)
Caused by: ptolemy.kernel.util.IllegalActionException: initialize() was called after wrapup() was called but preinitialize() was not called after wrapup().
	at ptolemy.actor.lib.hoc.test.PreinitializeMustBeInvoked.initialize(PreinitializeMustBeInvoked.java:78)
	at ptolemy.actor.Director.initialize(Director.java:938)
	at ptolemy.actor.Director.initialize(Director.java:907)
	at ptolemy.actor.sched.StaticSchedulingDirector.initialize(StaticSchedulingDirector.java:159)
	at ptolemy.domains.sdf.kernel.SDFDirector.initialize(SDFDirector.java:544)
	at ptolemy.actor.CompositeActor.initialize(CompositeActor.java:935)
	at ptolemy.actor.lib.hoc.LifeCycleManager._executeInsideModel(LifeCycleManager.java:339)
	at ptolemy.actor.lib.hoc.RunCompositeActor.fire(RunCompositeActor.java:205)
	at ptolemy.actor.CompositeActor.iterate(CompositeActor.java:1146)
	at ptolemy.actor.sched.StaticSchedulingDirector.fire(StaticSchedulingDirector.java:216)
	at ptolemy.domains.sdf.kernel.SDFDirector.fire(SDFDirector.java:500)
	at ptolemy.actor.CompositeActor.fire(CompositeActor.java:455)
	at ptolemy.actor.Manager.iterate(Manager.java:851)
	at ptolemy.actor.Manager.execute(Manager.java:369)
	at ptolemy.actor.Manager.run(Manager.java:1263)
	at ptolemy.actor.Manager$PtolemyRunThread.run(Manager.java:1915)
]]></system-err>
</testsuite>
