<?xml version="1.0" encoding="UTF-8" ?>
<testsuite errors="0" failures="0" hostname="travis-job-d325aee2-0ed1-4140-b66f-306f65ed5851" name="ptolemy.domains.modal.test.junit.JUnitTclTest" skipped="0" tests="148" time="11.871" timestamp="2019-07-16T06:34:03">
  <properties>
[...]
</properties>
  <testcase classname="ptolemy.util.test.junit.TclTests" name="[0] /home/travis/build/icyphy/ptII/ptolemy/domains/modal/test/SystemLevelType.tcl (RunTclFile)" time="2.237" />
  <testcase classname="ptolemy.util.test.junit.AutoKnownFailedTests" name="[0] /home/travis/build/icyphy/ptII/ptolemy/domains/modal/test/auto/knownFailedTests/CannotAnalysisWithPreemption.xml (RunModel)" time="0.358" />
  <testcase classname="ptolemy.util.test.junit.AutoNameArchTests" name="[0] ThereAreNoAutoArchTests (RunModel)" time="0.003" />
  <testcase classname="ptolemy.util.test.junit.AutoTests" name="[0] /home/travis/build/icyphy/ptII/ptolemy/domains/modal/test/auto/ABPTest.xml (RunModel)" time="0.813" />
  <testcase classname="ptolemy.util.test.junit.AutoTests" name="[1] /home/travis/build/icyphy/ptII/ptolemy/domains/modal/test/auto/ABROFlat.xml (RunModel)" time="0.098" />
  <testcase classname="ptolemy.util.test.junit.AutoTests" name="[2] /home/travis/build/icyphy/ptII/ptolemy/domains/modal/test/auto/ABROFlat2.xml (RunModel)" time="0.089" />
  <testcase classname="ptolemy.util.test.junit.AutoTests" name="[3] /home/travis/build/icyphy/ptII/ptolemy/domains/modal/test/auto/ABRO_present_hmm.xml (RunModel)" time="0.173" />
  <testcase classname="ptolemy.util.test.junit.AutoTests" name="[4] /home/travis/build/icyphy/ptII/ptolemy/domains/modal/test/auto/AMICoderExample.xml (RunModel)" time="0.067" />
  <testcase classname="ptolemy.util.test.junit.AutoTests" name="[5] /home/travis/build/icyphy/ptII/ptolemy/domains/modal/test/auto/AbsentToPresent.xml (RunModel)" time="0.022" />
  <testcase classname="ptolemy.util.test.junit.AutoTests" name="[6] /home/travis/build/icyphy/ptII/ptolemy/domains/modal/test/auto/Blending.xml (RunModel)" time="0.249" />
  <testcase classname="ptolemy.util.test.junit.AutoTests" name="[7] /home/travis/build/icyphy/ptII/ptolemy/domains/modal/test/auto/Broadcast.xml (RunModel)" time="0.06" />
  <testcase classname="ptolemy.util.test.junit.AutoTests" name="[8] /home/travis/build/icyphy/ptII/ptolemy/domains/modal/test/auto/BroadcastHierarchy.xml (RunModel)" time="0.084" />
  <testcase classname="ptolemy.util.test.junit.AutoTests" name="[9] /home/travis/build/icyphy/ptII/ptolemy/domains/modal/test/auto/BroadcastHierarchy2.xml (RunModel)" time="0.136" />
  <testcase classname="ptolemy.util.test.junit.AutoTests" name="[10] /home/travis/build/icyphy/ptII/ptolemy/domains/modal/test/auto/BroadcastHierarchy3.xml (RunModel)" time="0.096" />
  <testcase classname="ptolemy.util.test.junit.AutoTests" name="[11] /home/travis/build/icyphy/ptII/ptolemy/domains/modal/test/auto/BroadcastHierarchy4.xml (RunModel)" time="0.099" />
  <testcase classname="ptolemy.util.test.junit.AutoTests" name="[12] /home/travis/build/icyphy/ptII/ptolemy/domains/modal/test/auto/CannotAnalysisWithPreemption2.xml (RunModel)" time="0.036" />
  <testcase classname="ptolemy.util.test.junit.AutoTests" name="[13] /home/travis/build/icyphy/ptII/ptolemy/domains/modal/test/auto/CannotAnalysisWithPreemption3.xml (RunModel)" time="0.042" />
  <testcase classname="ptolemy.util.test.junit.AutoTests" name="[14] /home/travis/build/icyphy/ptII/ptolemy/domains/modal/test/auto/CannotProduce.xml (RunModel)" time="0.041" />
  <testcase classname="ptolemy.util.test.junit.AutoTests" name="[15] /home/travis/build/icyphy/ptII/ptolemy/domains/modal/test/auto/CannotProduceModal.xml (RunModel)" time="0.054" />
  <testcase classname="ptolemy.util.test.junit.AutoTests" name="[16] /home/travis/build/icyphy/ptII/ptolemy/domains/modal/test/auto/Case.xml (RunModel)" time="0.065" />
  <testcase classname="ptolemy.util.test.junit.AutoTests" name="[17] /home/travis/build/icyphy/ptII/ptolemy/domains/modal/test/auto/Case1.xml (RunModel)" time="0.038" />
  <testcase classname="ptolemy.util.test.junit.AutoTests" name="[18] /home/travis/build/icyphy/ptII/ptolemy/domains/modal/test/auto/Case2.xml (RunModel)" time="0.07" />
  <testcase classname="ptolemy.util.test.junit.AutoTests" name="[19] /home/travis/build/icyphy/ptII/ptolemy/domains/modal/test/auto/CausalityInterface1.xml (RunModel)" time="0.038" />
  <testcase classname="ptolemy.util.test.junit.AutoTests" name="[20] /home/travis/build/icyphy/ptII/ptolemy/domains/modal/test/auto/CausalityInterface10.xml (RunModel)" time="0.073" />
  <testcase classname="ptolemy.util.test.junit.AutoTests" name="[21] /home/travis/build/icyphy/ptII/ptolemy/domains/modal/test/auto/CausalityInterface11.xml (RunModel)" time="0.055" />
  <testcase classname="ptolemy.util.test.junit.AutoTests" name="[22] /home/travis/build/icyphy/ptII/ptolemy/domains/modal/test/auto/CausalityInterface12.xml (RunModel)" time="0.046" />
  <testcase classname="ptolemy.util.test.junit.AutoTests" name="[23] /home/travis/build/icyphy/ptII/ptolemy/domains/modal/test/auto/CausalityInterface13.xml (RunModel)" time="0.083" />
  <testcase classname="ptolemy.util.test.junit.AutoTests" name="[24] /home/travis/build/icyphy/ptII/ptolemy/domains/modal/test/auto/CausalityInterface14.xml (RunModel)" time="0.057" />
  <testcase classname="ptolemy.util.test.junit.AutoTests" name="[25] /home/travis/build/icyphy/ptII/ptolemy/domains/modal/test/auto/CausalityInterface2.xml (RunModel)" time="0.055" />
  <testcase classname="ptolemy.util.test.junit.AutoTests" name="[26] /home/travis/build/icyphy/ptII/ptolemy/domains/modal/test/auto/CausalityInterface3.xml (RunModel)" time="0.029" />
  <testcase classname="ptolemy.util.test.junit.AutoTests" name="[27] /home/travis/build/icyphy/ptII/ptolemy/domains/modal/test/auto/CausalityInterface4.xml (RunModel)" time="0.021" />
  <testcase classname="ptolemy.util.test.junit.AutoTests" name="[28] /home/travis/build/icyphy/ptII/ptolemy/domains/modal/test/auto/CausalityInterface5.xml (RunModel)" time="0.026" />
  <testcase classname="ptolemy.util.test.junit.AutoTests" name="[29] /home/travis/build/icyphy/ptII/ptolemy/domains/modal/test/auto/CausalityInterface6.xml (RunModel)" time="0.04" />
  <testcase classname="ptolemy.util.test.junit.AutoTests" name="[30] /home/travis/build/icyphy/ptII/ptolemy/domains/modal/test/auto/CausalityInterface7.xml (RunModel)" time="0.043" />
  <testcase classname="ptolemy.util.test.junit.AutoTests" name="[31] /home/travis/build/icyphy/ptII/ptolemy/domains/modal/test/auto/CausalityInterface8.xml (RunModel)" time="0.032" />
  <testcase classname="ptolemy.util.test.junit.AutoTests" name="[32] /home/travis/build/icyphy/ptII/ptolemy/domains/modal/test/auto/CausalityInterface9.xml (RunModel)" time="0.025" />
  <testcase classname="ptolemy.util.test.junit.AutoTests" name="[33] /home/travis/build/icyphy/ptII/ptolemy/domains/modal/test/auto/ChainedTransitions.xml (RunModel)" time="0.117" />
  <testcase classname="ptolemy.util.test.junit.AutoTests" name="[34] /home/travis/build/icyphy/ptII/ptolemy/domains/modal/test/auto/CycleOfImmediateTransitionsFSM.xml (RunModel)" time="0.018" />
  <testcase classname="ptolemy.util.test.junit.AutoTests" name="[35] /home/travis/build/icyphy/ptII/ptolemy/domains/modal/test/auto/CycleOfImmediateTransitionsModal.xml (RunModel)" time="0.023" />
  <testcase classname="ptolemy.util.test.junit.AutoTests" name="[36] /home/travis/build/icyphy/ptII/ptolemy/domains/modal/test/auto/CycleOfImmediateTransitionsModal2.xml (RunModel)" time="0.037" />
  <testcase classname="ptolemy.util.test.junit.AutoTests" name="[37] /home/travis/build/icyphy/ptII/ptolemy/domains/modal/test/auto/CycleOfImmediateTransitionsModal3.xml (RunModel)" time="0.1" />
  <testcase classname="ptolemy.util.test.junit.AutoTests" name="[38] /home/travis/build/icyphy/ptII/ptolemy/domains/modal/test/auto/DeepModal1.xml (RunModel)" time="0.06" />
  <testcase classname="ptolemy.util.test.junit.AutoTests" name="[39] /home/travis/build/icyphy/ptII/ptolemy/domains/modal/test/auto/DeepModal2.xml (RunModel)" time="0.068" />
  <testcase classname="ptolemy.util.test.junit.AutoTests" name="[40] /home/travis/build/icyphy/ptII/ptolemy/domains/modal/test/auto/DeepModal3.xml (RunModel)" time="0.077" />
  <testcase classname="ptolemy.util.test.junit.AutoTests" name="[41] /home/travis/build/icyphy/ptII/ptolemy/domains/modal/test/auto/DeepModal4.xml (RunModel)" time="0.087" />
  <testcase classname="ptolemy.util.test.junit.AutoTests" name="[42] /home/travis/build/icyphy/ptII/ptolemy/domains/modal/test/auto/Default1.xml (RunModel)" time="0.022" />
  <testcase classname="ptolemy.util.test.junit.AutoTests" name="[43] /home/travis/build/icyphy/ptII/ptolemy/domains/modal/test/auto/Default2.xml (RunModel)" time="0.03" />
  <testcase classname="ptolemy.util.test.junit.AutoTests" name="[44] /home/travis/build/icyphy/ptII/ptolemy/domains/modal/test/auto/Default3.xml (RunModel)" time="0.023" />
  <testcase classname="ptolemy.util.test.junit.AutoTests" name="[45] /home/travis/build/icyphy/ptII/ptolemy/domains/modal/test/auto/Default4.xml (RunModel)" time="0.024" />
  <testcase classname="ptolemy.util.test.junit.AutoTests" name="[46] /home/travis/build/icyphy/ptII/ptolemy/domains/modal/test/auto/Default5.xml (RunModel)" time="0.049" />
  <testcase classname="ptolemy.util.test.junit.AutoTests" name="[47] /home/travis/build/icyphy/ptII/ptolemy/domains/modal/test/auto/EmptyGuard.xml (RunModel)" time="0.037" />
  <testcase classname="ptolemy.util.test.junit.AutoTests" name="[48] /home/travis/build/icyphy/ptII/ptolemy/domains/modal/test/auto/ErrorTransition1.xml (RunModel)" time="0.036" />
  <testcase classname="ptolemy.util.test.junit.AutoTests" name="[49] /home/travis/build/icyphy/ptII/ptolemy/domains/modal/test/auto/ErrorTransition10.xml (RunModel)" time="0.073" />
  <testcase classname="ptolemy.util.test.junit.AutoTests" name="[50] /home/travis/build/icyphy/ptII/ptolemy/domains/modal/test/auto/ErrorTransition11.xml (RunModel)" time="0.05" />
  <testcase classname="ptolemy.util.test.junit.AutoTests" name="[51] /home/travis/build/icyphy/ptII/ptolemy/domains/modal/test/auto/ErrorTransition2.xml (RunModel)" time="0.035" />
  <testcase classname="ptolemy.util.test.junit.AutoTests" name="[52] /home/travis/build/icyphy/ptII/ptolemy/domains/modal/test/auto/ErrorTransition3.xml (RunModel)" time="0.058" />
  <testcase classname="ptolemy.util.test.junit.AutoTests" name="[53] /home/travis/build/icyphy/ptII/ptolemy/domains/modal/test/auto/ErrorTransition4.xml (RunModel)" time="0.045" />
  <testcase classname="ptolemy.util.test.junit.AutoTests" name="[54] /home/travis/build/icyphy/ptII/ptolemy/domains/modal/test/auto/ErrorTransition5.xml (RunModel)" time="0.032" />
  <testcase classname="ptolemy.util.test.junit.AutoTests" name="[55] /home/travis/build/icyphy/ptII/ptolemy/domains/modal/test/auto/ErrorTransition6.xml (RunModel)" time="0.05" />
  <testcase classname="ptolemy.util.test.junit.AutoTests" name="[56] /home/travis/build/icyphy/ptII/ptolemy/domains/modal/test/auto/ErrorTransition7.xml (RunModel)" time="0.053" />
  <testcase classname="ptolemy.util.test.junit.AutoTests" name="[57] /home/travis/build/icyphy/ptII/ptolemy/domains/modal/test/auto/ErrorTransition8.xml (RunModel)" time="0.061" />
  <testcase classname="ptolemy.util.test.junit.AutoTests" name="[58] /home/travis/build/icyphy/ptII/ptolemy/domains/modal/test/auto/ErrorTransition9.xml (RunModel)" time="0.058" />
  <testcase classname="ptolemy.util.test.junit.AutoTests" name="[59] /home/travis/build/icyphy/ptII/ptolemy/domains/modal/test/auto/ExtendedFSM.xml (RunModel)" time="0.049" />
  <testcase classname="ptolemy.util.test.junit.AutoTests" name="[60] /home/travis/build/icyphy/ptII/ptolemy/domains/modal/test/auto/FinalStates.xml (RunModel)" time="0.024" />
  <testcase classname="ptolemy.util.test.junit.AutoTests" name="[61] /home/travis/build/icyphy/ptII/ptolemy/domains/modal/test/auto/FixedPointFSM.xml (RunModel)" time="0.051" />
  <testcase classname="ptolemy.util.test.junit.AutoTests" name="[62] /home/travis/build/icyphy/ptII/ptolemy/domains/modal/test/auto/FixedPointIterationFSMActor.xml (RunModel)" time="0.033" />
  <testcase classname="ptolemy.util.test.junit.AutoTests" name="[63] /home/travis/build/icyphy/ptII/ptolemy/domains/modal/test/auto/FixedPointIterationFSMActor2.xml (RunModel)" time="0.038" />
  <testcase classname="ptolemy.util.test.junit.AutoTests" name="[64] /home/travis/build/icyphy/ptII/ptolemy/domains/modal/test/auto/ForbiddenInstantanousLoop.xml (RunModel)" time="0.033" />
  <testcase classname="ptolemy.util.test.junit.AutoTests" name="[65] /home/travis/build/icyphy/ptII/ptolemy/domains/modal/test/auto/FunctionDependencyOfFSMActorTest.xml (RunModel)" time="0.034" />
  <testcase classname="ptolemy.util.test.junit.AutoTests" name="[66] /home/travis/build/icyphy/ptII/ptolemy/domains/modal/test/auto/GuardExpression.xml (RunModel)" time="0.02" />
  <testcase classname="ptolemy.util.test.junit.AutoTests" name="[67] /home/travis/build/icyphy/ptII/ptolemy/domains/modal/test/auto/GuardNotEvaluated.xml (RunModel)" time="0.033" />
  <testcase classname="ptolemy.util.test.junit.AutoTests" name="[68] /home/travis/build/icyphy/ptII/ptolemy/domains/modal/test/auto/GuardNotEvaluated2.xml (RunModel)" time="0.027" />
  <testcase classname="ptolemy.util.test.junit.AutoTests" name="[69] /home/travis/build/icyphy/ptII/ptolemy/domains/modal/test/auto/GuardOnAbsent.xml (RunModel)" time="0.023" />
  <testcase classname="ptolemy.util.test.junit.AutoTests" name="[70] /home/travis/build/icyphy/ptII/ptolemy/domains/modal/test/auto/HierarchicalFSMTypeInference.xml (RunModel)" time="0.034" />
  <testcase classname="ptolemy.util.test.junit.AutoTests" name="[71] /home/travis/build/icyphy/ptII/ptolemy/domains/modal/test/auto/Hysteresis.xml (RunModel)" time="0.046" />
  <testcase classname="ptolemy.util.test.junit.AutoTests" name="[72] /home/travis/build/icyphy/ptII/ptolemy/domains/modal/test/auto/HysteresisWithDefault.xml (RunModel)" time="0.075" />
  <testcase classname="ptolemy.util.test.junit.AutoTests" name="[73] /home/travis/build/icyphy/ptII/ptolemy/domains/modal/test/auto/HysteresisWithDefault2.xml (RunModel)" time="0.08" />
  <testcase classname="ptolemy.util.test.junit.AutoTests" name="[74] /home/travis/build/icyphy/ptII/ptolemy/domains/modal/test/auto/ImmediateNonConstructiveness.xml (RunModel)" time="0.026" />
  <testcase classname="ptolemy.util.test.junit.AutoTests" name="[75] /home/travis/build/icyphy/ptII/ptolemy/domains/modal/test/auto/ImmediateNonConstructiveness2.xml (RunModel)" time="0.027" />
  <testcase classname="ptolemy.util.test.junit.AutoTests" name="[76] /home/travis/build/icyphy/ptII/ptolemy/domains/modal/test/auto/ImmediateTransitionReset.xml (RunModel)" time="0.047" />
  <testcase classname="ptolemy.util.test.junit.AutoTests" name="[77] /home/travis/build/icyphy/ptII/ptolemy/domains/modal/test/auto/ImmediateTransitions1.xml (RunModel)" time="0.015" />
  <testcase classname="ptolemy.util.test.junit.AutoTests" name="[78] /home/travis/build/icyphy/ptII/ptolemy/domains/modal/test/auto/ImmediateTransitionsInstantaneousCommunication.xml (RunModel)" time="0.036" />
  <testcase classname="ptolemy.util.test.junit.AutoTests" name="[79] /home/travis/build/icyphy/ptII/ptolemy/domains/modal/test/auto/InitialImmediateTransition.xml (RunModel)" time="0.02" />
  <testcase classname="ptolemy.util.test.junit.AutoTests" name="[80] /home/travis/build/icyphy/ptII/ptolemy/domains/modal/test/auto/InitialOutputs.xml (RunModel)" time="0.017" />
  <testcase classname="ptolemy.util.test.junit.AutoTests" name="[81] /home/travis/build/icyphy/ptII/ptolemy/domains/modal/test/auto/InitialStateTransition1.xml (RunModel)" time="0.023" />
  <testcase classname="ptolemy.util.test.junit.AutoTests" name="[82] /home/travis/build/icyphy/ptII/ptolemy/domains/modal/test/auto/InitialStateTransition2.xml (RunModel)" time="0.027" />
  <testcase classname="ptolemy.util.test.junit.AutoTests" name="[83] /home/travis/build/icyphy/ptII/ptolemy/domains/modal/test/auto/InitialStateTransition3.xml (RunModel)" time="0.027" />
  <testcase classname="ptolemy.util.test.junit.AutoTests" name="[84] /home/travis/build/icyphy/ptII/ptolemy/domains/modal/test/auto/InitialStateTransition4.xml (RunModel)" time="0.03" />
  <testcase classname="ptolemy.util.test.junit.AutoTests" name="[85] /home/travis/build/icyphy/ptII/ptolemy/domains/modal/test/auto/MalformedGuardExpressionNotCaught.xml (RunModel)" time="0.028" />
  <testcase classname="ptolemy.util.test.junit.AutoTests" name="[86] /home/travis/build/icyphy/ptII/ptolemy/domains/modal/test/auto/ModalBSC.xml (RunModel)" time="0.123" />
  <testcase classname="ptolemy.util.test.junit.AutoTests" name="[87] /home/travis/build/icyphy/ptII/ptolemy/domains/modal/test/auto/ModalClocks.xml (RunModel)" time="0.118" />
  <testcase classname="ptolemy.util.test.junit.AutoTests" name="[88] /home/travis/build/icyphy/ptII/ptolemy/domains/modal/test/auto/ModalDelay.xml (RunModel)" time="0.05" />
  <testcase classname="ptolemy.util.test.junit.AutoTests" name="[89] /home/travis/build/icyphy/ptII/ptolemy/domains/modal/test/auto/ModalDelay2.xml (RunModel)" time="0.047" />
  <testcase classname="ptolemy.util.test.junit.AutoTests" name="[90] /home/travis/build/icyphy/ptII/ptolemy/domains/modal/test/auto/ModalModelFromMemo.xml (RunModel)" time="0.053" />
  <testcase classname="ptolemy.util.test.junit.AutoTests" name="[91] /home/travis/build/icyphy/ptII/ptolemy/domains/modal/test/auto/ModalModelWithMultirateTransient.xml (RunModel)" time="0.057" />
  <testcase classname="ptolemy.util.test.junit.AutoTests" name="[92] /home/travis/build/icyphy/ptII/ptolemy/domains/modal/test/auto/ModalModelWithReset.xml (RunModel)" time="0.06" />
  <testcase classname="ptolemy.util.test.junit.AutoTests" name="[93] /home/travis/build/icyphy/ptII/ptolemy/domains/modal/test/auto/MouseClickFSM.xml (RunModel)" time="0.051" />
  <testcase classname="ptolemy.util.test.junit.AutoTests" name="[94] /home/travis/build/icyphy/ptII/ptolemy/domains/modal/test/auto/MouseClickFSMModal.xml (RunModel)" time="0.041" />
  <testcase classname="ptolemy.util.test.junit.AutoTests" name="[95] /home/travis/build/icyphy/ptII/ptolemy/domains/modal/test/auto/NonStrictFSM_FeedbackLoop.xml (RunModel)" time="0.067" />
  <testcase classname="ptolemy.util.test.junit.AutoTests" name="[96] /home/travis/build/icyphy/ptII/ptolemy/domains/modal/test/auto/NonStrictFSM_FeedbackLoop_Refinement.xml (RunModel)" time="0.108" />
  <testcase classname="ptolemy.util.test.junit.AutoTests" name="[97] /home/travis/build/icyphy/ptII/ptolemy/domains/modal/test/auto/NonStrictFSM_FeedbackLoop_preemptive.xml (RunModel)" time="0.068" />
  <testcase classname="ptolemy.util.test.junit.AutoTests" name="[98] /home/travis/build/icyphy/ptII/ptolemy/domains/modal/test/auto/NormalTermination.xml (RunModel)" time="0.057" />
  <testcase classname="ptolemy.util.test.junit.AutoTests" name="[99] /home/travis/build/icyphy/ptII/ptolemy/domains/modal/test/auto/Pong.xml (RunModel)" time="0.095" />
  <testcase classname="ptolemy.util.test.junit.AutoTests" name="[100] /home/travis/build/icyphy/ptII/ptolemy/domains/modal/test/auto/Pong_test.xml (RunModel)" time="0.118" />
  <testcase classname="ptolemy.util.test.junit.AutoTests" name="[101] /home/travis/build/icyphy/ptII/ptolemy/domains/modal/test/auto/PreemptionHierarchy.xml (RunModel)" time="0.025" />
  <testcase classname="ptolemy.util.test.junit.AutoTests" name="[102] /home/travis/build/icyphy/ptII/ptolemy/domains/modal/test/auto/PreemptionHierarchy2.xml (RunModel)" time="0.032" />
  <testcase classname="ptolemy.util.test.junit.AutoTests" name="[103] /home/travis/build/icyphy/ptII/ptolemy/domains/modal/test/auto/PreemptiveTransition.xml (RunModel)" time="0.026" />
  <testcase classname="ptolemy.util.test.junit.AutoTests" name="[104] /home/travis/build/icyphy/ptII/ptolemy/domains/modal/test/auto/Priorities.xml (RunModel)" time="0.096" />
  <testcase classname="ptolemy.util.test.junit.AutoTests" name="[105] /home/travis/build/icyphy/ptII/ptolemy/domains/modal/test/auto/ResetFinal.xml (RunModel)" time="0.049" />
  <testcase classname="ptolemy.util.test.junit.AutoTests" name="[106] /home/travis/build/icyphy/ptII/ptolemy/domains/modal/test/auto/ResetFinal2.xml (RunModel)" time="0.052" />
  <testcase classname="ptolemy.util.test.junit.AutoTests" name="[107] /home/travis/build/icyphy/ptII/ptolemy/domains/modal/test/auto/ResetTransitionWithStartTime.xml (RunModel)" time="0.032" />
  <testcase classname="ptolemy.util.test.junit.AutoTests" name="[108] /home/travis/build/icyphy/ptII/ptolemy/domains/modal/test/auto/SDF-FSMComposite.xml (RunModel)" time="0.03" />
  <testcase classname="ptolemy.util.test.junit.AutoTests" name="[109] /home/travis/build/icyphy/ptII/ptolemy/domains/modal/test/auto/SeeminglyNondeterminate.xml (RunModel)" time="0.083" />
  <testcase classname="ptolemy.util.test.junit.AutoTests" name="[110] /home/travis/build/icyphy/ptII/ptolemy/domains/modal/test/auto/SeeminglyNondeterminate2.xml (RunModel)" time="0.08" />
  <testcase classname="ptolemy.util.test.junit.AutoTests" name="[111] /home/travis/build/icyphy/ptII/ptolemy/domains/modal/test/auto/SpontaneousFSM.xml (RunModel)" time="0.056" />
  <testcase classname="ptolemy.util.test.junit.AutoTests" name="[112] /home/travis/build/icyphy/ptII/ptolemy/domains/modal/test/auto/SpontaneousFSM2.xml (RunModel)" time="0.036" />
  <testcase classname="ptolemy.util.test.junit.AutoTests" name="[113] /home/travis/build/icyphy/ptII/ptolemy/domains/modal/test/auto/SpontaneousFSM3.xml (RunModel)" time="0.049" />
  <testcase classname="ptolemy.util.test.junit.AutoTests" name="[114] /home/travis/build/icyphy/ptII/ptolemy/domains/modal/test/auto/SpontaneousFSM4.xml (RunModel)" time="0.054" />
  <testcase classname="ptolemy.util.test.junit.AutoTests" name="[115] /home/travis/build/icyphy/ptII/ptolemy/domains/modal/test/auto/StateTrackerTest.xml (RunModel)" time="0.085" />
  <testcase classname="ptolemy.util.test.junit.AutoTests" name="[116] /home/travis/build/icyphy/ptII/ptolemy/domains/modal/test/auto/StrongImmediateTransition.xml (RunModel)" time="0.021" />
  <testcase classname="ptolemy.util.test.junit.AutoTests" name="[117] /home/travis/build/icyphy/ptII/ptolemy/domains/modal/test/auto/SustainHierarchy.xml (RunModel)" time="0.034" />
  <testcase classname="ptolemy.util.test.junit.AutoTests" name="[118] /home/travis/build/icyphy/ptII/ptolemy/domains/modal/test/auto/TerminationTransition1.xml (RunModel)" time="0.021" />
  <testcase classname="ptolemy.util.test.junit.AutoTests" name="[119] /home/travis/build/icyphy/ptII/ptolemy/domains/modal/test/auto/TerminationTransition2.xml (RunModel)" time="0.056" />
  <testcase classname="ptolemy.util.test.junit.AutoTests" name="[120] /home/travis/build/icyphy/ptII/ptolemy/domains/modal/test/auto/TerminationTransition3.xml (RunModel)" time="0.023" />
  <testcase classname="ptolemy.util.test.junit.AutoTests" name="[121] /home/travis/build/icyphy/ptII/ptolemy/domains/modal/test/auto/TerminationTransition4.xml (RunModel)" time="0.04" />
  <testcase classname="ptolemy.util.test.junit.AutoTests" name="[122] /home/travis/build/icyphy/ptII/ptolemy/domains/modal/test/auto/TerminationTransition5.xml (RunModel)" time="0.033" />
  <testcase classname="ptolemy.util.test.junit.AutoTests" name="[123] /home/travis/build/icyphy/ptII/ptolemy/domains/modal/test/auto/TerminationTransition6.xml (RunModel)" time="0.024" />
  <testcase classname="ptolemy.util.test.junit.AutoTests" name="[124] /home/travis/build/icyphy/ptII/ptolemy/domains/modal/test/auto/TerminationTransition7.xml (RunModel)" time="0.025" />
  <testcase classname="ptolemy.util.test.junit.AutoTests" name="[125] /home/travis/build/icyphy/ptII/ptolemy/domains/modal/test/auto/TerminationTransition8.xml (RunModel)" time="0.028" />
  <testcase classname="ptolemy.util.test.junit.AutoTests" name="[126] /home/travis/build/icyphy/ptII/ptolemy/domains/modal/test/auto/Thermostat_NoHysteresis.xml (RunModel)" time="0.06" />
  <testcase classname="ptolemy.util.test.junit.AutoTests" name="[127] /home/travis/build/icyphy/ptII/ptolemy/domains/modal/test/auto/TimedFSM.xml (RunModel)" time="0.038" />
  <testcase classname="ptolemy.util.test.junit.AutoTests" name="[128] /home/travis/build/icyphy/ptII/ptolemy/domains/modal/test/auto/Timeout1.xml (RunModel)" time="0.017" />
  <testcase classname="ptolemy.util.test.junit.AutoTests" name="[129] /home/travis/build/icyphy/ptII/ptolemy/domains/modal/test/auto/Timeout2.xml (RunModel)" time="0.024" />
  <testcase classname="ptolemy.util.test.junit.AutoTests" name="[130] /home/travis/build/icyphy/ptII/ptolemy/domains/modal/test/auto/Timeout3.xml (RunModel)" time="0.014" />
  <testcase classname="ptolemy.util.test.junit.AutoTests" name="[131] /home/travis/build/icyphy/ptII/ptolemy/domains/modal/test/auto/Timeout4.xml (RunModel)" time="0.016" />
  <testcase classname="ptolemy.util.test.junit.AutoTests" name="[132] /home/travis/build/icyphy/ptII/ptolemy/domains/modal/test/auto/TransientstateModelAdvanced.xml (RunModel)" time="0.031" />
  <testcase classname="ptolemy.util.test.junit.AutoTests" name="[133] /home/travis/build/icyphy/ptII/ptolemy/domains/modal/test/auto/TransientstateModelAdvanced2.xml (RunModel)" time="0.033" />
  <testcase classname="ptolemy.util.test.junit.AutoTests" name="[134] /home/travis/build/icyphy/ptII/ptolemy/domains/modal/test/auto/TransitionRefinements.xml (RunModel)" time="0.026" />
  <testcase classname="ptolemy.util.test.junit.AutoTests" name="[135] /home/travis/build/icyphy/ptII/ptolemy/domains/modal/test/auto/TwoRefinements1.xml (RunModel)" time="0.027" />
  <testcase classname="ptolemy.util.test.junit.AutoTests" name="[136] /home/travis/build/icyphy/ptII/ptolemy/domains/modal/test/auto/TwoRefinements2.xml (RunModel)" time="0.028" />
  <testcase classname="ptolemy.util.test.junit.AutoTests" name="[137] /home/travis/build/icyphy/ptII/ptolemy/domains/modal/test/auto/WeakImmediateTransition.xml (RunModel)" time="0.044" />
  <testcase classname="ptolemy.util.test.junit.AutoTests" name="[138] /home/travis/build/icyphy/ptII/ptolemy/domains/modal/test/auto/booleanSelect.xml (RunModel)" time="0.078" />
  <testcase classname="ptolemy.util.test.junit.AutoTests" name="[139] /home/travis/build/icyphy/ptII/ptolemy/domains/modal/test/auto/modalChangingParams.xml (RunModel)" time="0.284" />
  <testcase classname="ptolemy.util.test.junit.AutoTests" name="[140] /home/travis/build/icyphy/ptII/ptolemy/domains/modal/test/auto/modalModel.xml (RunModel)" time="0.024" />
  <testcase classname="ptolemy.util.test.junit.AutoTests" name="[141] /home/travis/build/icyphy/ptII/ptolemy/domains/modal/test/auto/modalModel2.xml (RunModel)" time="0.034" />
  <testcase classname="ptolemy.util.test.junit.AutoTests" name="[142] /home/travis/build/icyphy/ptII/ptolemy/domains/modal/test/auto/modalModel3.xml (RunModel)" time="0.044" />
  <testcase classname="ptolemy.util.test.junit.AutoTests" name="[143] /home/travis/build/icyphy/ptII/ptolemy/domains/modal/test/auto/model1.xml (RunModel)" time="0.022" />
  <testcase classname="ptolemy.util.test.junit.AutoTests" name="[144] /home/travis/build/icyphy/ptII/ptolemy/domains/modal/test/auto/test-direct-in-out.xml (RunModel)" time="0.02" />
  <system-out><![CDATA[/home/travis/build/icyphy/ptII/ptolemy/domains/modal/test/SystemLevelType.tcl
testDefs.tcl: setting time out to 9000 seconds at Tue Jul 16 06:34:03 UTC 2019
07/16/19 06:34:05
Failed: 0  Total Tests: 1  ((Passed: 1, Newly Passed: 0)  Known Failed: 0) /home/travis/build/icyphy/ptII/ptolemy/domains/modal/test
----------------- testing (KnownFailure) /home/travis/build/icyphy/ptII/ptolemy/domains/modal/test/auto/knownFailedTests/CannotAnalysisWithPreemption.xml
172 ms. Memory: 148480K Free: 128424K (86%)
Known Failure: java.lang.reflect.InvocationTargetException
No auto/linux-amd64/*.xml tests in /home/travis/build/icyphy/ptII/ptolemy/domains/modal/test
AutoTests.java: About to close Vertx.
AutoTests.java: Vertx closed.

===========================================================================================
----------------- testing Tue Jul 16 06:34:06 UTC 2019 /home/travis/build/icyphy/ptII/ptolemy/domains/modal/test/auto/ABPTest.xml
----------------- Instantiating /home/travis/build/icyphy/ptII/ptolemy/domains/modal/test/auto/ABPTest.xml
335 ms. Memory: 148480K Free: 103430K (70%)
----------------- Invoking toplevel() on ptolemy.moml.MoMLSimpleApplication@4d2f12f5
----------------- Done invoking toplevel() on ptolemy.moml.MoMLSimpleApplication@4d2f12f5
reloadAllAccessors: .ABPTest

===========================================================================================
----------------- testing Tue Jul 16 06:34:07 UTC 2019 /home/travis/build/icyphy/ptII/ptolemy/domains/modal/test/auto/ABROFlat.xml
----------------- Instantiating /home/travis/build/icyphy/ptII/ptolemy/domains/modal/test/auto/ABROFlat.xml
35 ms. Memory: 148480K Free: 87940K (59%)
----------------- Invoking toplevel() on ptolemy.moml.MoMLSimpleApplication@51524c8
----------------- Done invoking toplevel() on ptolemy.moml.MoMLSimpleApplication@51524c8
reloadAllAccessors: .ABROFlat

===========================================================================================
----------------- testing Tue Jul 16 06:34:07 UTC 2019 /home/travis/build/icyphy/ptII/ptolemy/domains/modal/test/auto/ABROFlat2.xml
----------------- Instantiating /home/travis/build/icyphy/ptII/ptolemy/domains/modal/test/auto/ABROFlat2.xml
24 ms. Memory: 148480K Free: 71076K (48%)
----------------- Invoking toplevel() on ptolemy.moml.MoMLSimpleApplication@690d8b66
----------------- Done invoking toplevel() on ptolemy.moml.MoMLSimpleApplication@690d8b66
reloadAllAccessors: .ABROFlat2

===========================================================================================
----------------- testing Tue Jul 16 06:34:07 UTC 2019 /home/travis/build/icyphy/ptII/ptolemy/domains/modal/test/auto/ABRO_present_hmm.xml
----------------- Instantiating /home/travis/build/icyphy/ptII/ptolemy/domains/modal/test/auto/ABRO_present_hmm.xml
38 ms. Memory: 148480K Free: 126537K (85%)
----------------- Invoking toplevel() on ptolemy.moml.MoMLSimpleApplication@519b5eb8
----------------- Done invoking toplevel() on ptolemy.moml.MoMLSimpleApplication@519b5eb8
reloadAllAccessors: .ABRO_present_hmm

===========================================================================================
----------------- testing Tue Jul 16 06:34:07 UTC 2019 /home/travis/build/icyphy/ptII/ptolemy/domains/modal/test/auto/AMICoderExample.xml
----------------- Instantiating /home/travis/build/icyphy/ptII/ptolemy/domains/modal/test/auto/AMICoderExample.xml
33 ms. Memory: 148480K Free: 116297K (78%)
----------------- Invoking toplevel() on ptolemy.moml.MoMLSimpleApplication@7136d9ea
----------------- Done invoking toplevel() on ptolemy.moml.MoMLSimpleApplication@7136d9ea
reloadAllAccessors: .AMICoderExample

===========================================================================================
----------------- testing Tue Jul 16 06:34:08 UTC 2019 /home/travis/build/icyphy/ptII/ptolemy/domains/modal/test/auto/AbsentToPresent.xml
----------------- Instantiating /home/travis/build/icyphy/ptII/ptolemy/domains/modal/test/auto/AbsentToPresent.xml
5 ms. Memory: 148480K Free: 111687K (75%)
----------------- Invoking toplevel() on ptolemy.moml.MoMLSimpleApplication@4806168f
----------------- Done invoking toplevel() on ptolemy.moml.MoMLSimpleApplication@4806168f
reloadAllAccessors: .AbsentToPresent

===========================================================================================
----------------- testing Tue Jul 16 06:34:08 UTC 2019 /home/travis/build/icyphy/ptII/ptolemy/domains/modal/test/auto/Blending.xml
----------------- Instantiating /home/travis/build/icyphy/ptII/ptolemy/domains/modal/test/auto/Blending.xml
156 ms. Memory: 148480K Free: 67145K (45%)
----------------- Invoking toplevel() on ptolemy.moml.MoMLSimpleApplication@467acd2f
----------------- Done invoking toplevel() on ptolemy.moml.MoMLSimpleApplication@467acd2f
reloadAllAccessors: .Blending

===========================================================================================
----------------- testing Tue Jul 16 06:34:08 UTC 2019 /home/travis/build/icyphy/ptII/ptolemy/domains/modal/test/auto/Broadcast.xml
----------------- Instantiating /home/travis/build/icyphy/ptII/ptolemy/domains/modal/test/auto/Broadcast.xml
16 ms. Memory: 148480K Free: 56905K (38%)
----------------- Invoking toplevel() on ptolemy.moml.MoMLSimpleApplication@4fb573f5
----------------- Done invoking toplevel() on ptolemy.moml.MoMLSimpleApplication@4fb573f5
reloadAllAccessors: .Broadcast

===========================================================================================
----------------- testing Tue Jul 16 06:34:08 UTC 2019 /home/travis/build/icyphy/ptII/ptolemy/domains/modal/test/auto/BroadcastHierarchy.xml
----------------- Instantiating /home/travis/build/icyphy/ptII/ptolemy/domains/modal/test/auto/BroadcastHierarchy.xml
18 ms. Memory: 194560K Free: 173641K (89%)
----------------- Invoking toplevel() on ptolemy.moml.MoMLSimpleApplication@30e0e563
----------------- Done invoking toplevel() on ptolemy.moml.MoMLSimpleApplication@30e0e563
reloadAllAccessors: .BroadcastHierarchy

===========================================================================================
----------------- testing Tue Jul 16 06:34:08 UTC 2019 /home/travis/build/icyphy/ptII/ptolemy/domains/modal/test/auto/BroadcastHierarchy2.xml
----------------- Instantiating /home/travis/build/icyphy/ptII/ptolemy/domains/modal/test/auto/BroadcastHierarchy2.xml
36 ms. Memory: 194560K Free: 146499K (75%)
----------------- Invoking toplevel() on ptolemy.moml.MoMLSimpleApplication@620cb7b1
----------------- Done invoking toplevel() on ptolemy.moml.MoMLSimpleApplication@620cb7b1
reloadAllAccessors: .BroadcastHierarchy2

===========================================================================================
----------------- testing Tue Jul 16 06:34:08 UTC 2019 /home/travis/build/icyphy/ptII/ptolemy/domains/modal/test/auto/BroadcastHierarchy3.xml
----------------- Instantiating /home/travis/build/icyphy/ptII/ptolemy/domains/modal/test/auto/BroadcastHierarchy3.xml
20 ms. Memory: 194560K Free: 126025K (65%)
----------------- Invoking toplevel() on ptolemy.moml.MoMLSimpleApplication@3ed523eb
----------------- Done invoking toplevel() on ptolemy.moml.MoMLSimpleApplication@3ed523eb
reloadAllAccessors: .BroadcastHierarchy3

===========================================================================================
----------------- testing Tue Jul 16 06:34:08 UTC 2019 /home/travis/build/icyphy/ptII/ptolemy/domains/modal/test/auto/BroadcastHierarchy4.xml
----------------- Instantiating /home/travis/build/icyphy/ptII/ptolemy/domains/modal/test/auto/BroadcastHierarchy4.xml
21 ms. Memory: 194560K Free: 101457K (52%)
----------------- Invoking toplevel() on ptolemy.moml.MoMLSimpleApplication@575e2cd5
----------------- Done invoking toplevel() on ptolemy.moml.MoMLSimpleApplication@575e2cd5
reloadAllAccessors: .BroadcastHierarchy4

===========================================================================================
----------------- testing Tue Jul 16 06:34:08 UTC 2019 /home/travis/build/icyphy/ptII/ptolemy/domains/modal/test/auto/CannotAnalysisWithPreemption2.xml
----------------- Instantiating /home/travis/build/icyphy/ptII/ptolemy/domains/modal/test/auto/CannotAnalysisWithPreemption2.xml
5 ms. Memory: 194560K Free: 94275K (48%)
----------------- Invoking toplevel() on ptolemy.moml.MoMLSimpleApplication@4e87d337
----------------- Done invoking toplevel() on ptolemy.moml.MoMLSimpleApplication@4e87d337
reloadAllAccessors: .CannotAnalysisWithPreemption2

===========================================================================================
----------------- testing Tue Jul 16 06:34:08 UTC 2019 /home/travis/build/icyphy/ptII/ptolemy/domains/modal/test/auto/CannotAnalysisWithPreemption3.xml
----------------- Instantiating /home/travis/build/icyphy/ptII/ptolemy/domains/modal/test/auto/CannotAnalysisWithPreemption3.xml
7 ms. Memory: 194560K Free: 84009K (43%)
----------------- Invoking toplevel() on ptolemy.moml.MoMLSimpleApplication@7f2c65ea
----------------- Done invoking toplevel() on ptolemy.moml.MoMLSimpleApplication@7f2c65ea
reloadAllAccessors: .CannotAnalysisWithPreemption3

===========================================================================================
----------------- testing Tue Jul 16 06:34:08 UTC 2019 /home/travis/build/icyphy/ptII/ptolemy/domains/modal/test/auto/CannotProduce.xml
----------------- Instantiating /home/travis/build/icyphy/ptII/ptolemy/domains/modal/test/auto/CannotProduce.xml
20 ms. Memory: 194560K Free: 77905K (40%)
----------------- Invoking toplevel() on ptolemy.moml.MoMLSimpleApplication@3aa9da27
----------------- Done invoking toplevel() on ptolemy.moml.MoMLSimpleApplication@3aa9da27
reloadAllAccessors: .CannotProduce

===========================================================================================
----------------- testing Tue Jul 16 06:34:08 UTC 2019 /home/travis/build/icyphy/ptII/ptolemy/domains/modal/test/auto/CannotProduceModal.xml
----------------- Instantiating /home/travis/build/icyphy/ptII/ptolemy/domains/modal/test/auto/CannotProduceModal.xml
15 ms. Memory: 194560K Free: 171589K (88%)
----------------- Invoking toplevel() on ptolemy.moml.MoMLSimpleApplication@57190374
----------------- Done invoking toplevel() on ptolemy.moml.MoMLSimpleApplication@57190374
reloadAllAccessors: .CannotProduceModal

===========================================================================================
----------------- testing Tue Jul 16 06:34:08 UTC 2019 /home/travis/build/icyphy/ptII/ptolemy/domains/modal/test/auto/Case.xml
----------------- Instantiating /home/travis/build/icyphy/ptII/ptolemy/domains/modal/test/auto/Case.xml
22 ms. Memory: 194560K Free: 160357K (82%)
----------------- Invoking toplevel() on ptolemy.moml.MoMLSimpleApplication@1d664965
----------------- Done invoking toplevel() on ptolemy.moml.MoMLSimpleApplication@1d664965
reloadAllAccessors: .Case

===========================================================================================
----------------- testing Tue Jul 16 06:34:09 UTC 2019 /home/travis/build/icyphy/ptII/ptolemy/domains/modal/test/auto/Case1.xml
----------------- Instantiating /home/travis/build/icyphy/ptII/ptolemy/domains/modal/test/auto/Case1.xml
11 ms. Memory: 194560K Free: 153189K (79%)
----------------- Invoking toplevel() on ptolemy.moml.MoMLSimpleApplication@462fdbf9
----------------- Done invoking toplevel() on ptolemy.moml.MoMLSimpleApplication@462fdbf9
reloadAllAccessors: .Case1

===========================================================================================
----------------- testing Tue Jul 16 06:34:09 UTC 2019 /home/travis/build/icyphy/ptII/ptolemy/domains/modal/test/auto/Case2.xml
----------------- Instantiating /home/travis/build/icyphy/ptII/ptolemy/domains/modal/test/auto/Case2.xml
38 ms. Memory: 194560K Free: 142435K (73%)
----------------- Invoking toplevel() on ptolemy.moml.MoMLSimpleApplication@7922f35c
----------------- Done invoking toplevel() on ptolemy.moml.MoMLSimpleApplication@7922f35c
reloadAllAccessors: .Case2

===========================================================================================
----------------- testing Tue Jul 16 06:34:09 UTC 2019 /home/travis/build/icyphy/ptII/ptolemy/domains/modal/test/auto/CausalityInterface1.xml
----------------- Instantiating /home/travis/build/icyphy/ptII/ptolemy/domains/modal/test/auto/CausalityInterface1.xml
5 ms. Memory: 194560K Free: 137315K (71%)
----------------- Invoking toplevel() on ptolemy.moml.MoMLSimpleApplication@21fc1d1d
----------------- Done invoking toplevel() on ptolemy.moml.MoMLSimpleApplication@21fc1d1d
reloadAllAccessors: .CausalityInterface1

===========================================================================================
----------------- testing Tue Jul 16 06:34:09 UTC 2019 /home/travis/build/icyphy/ptII/ptolemy/domains/modal/test/auto/CausalityInterface10.xml
----------------- Instantiating /home/travis/build/icyphy/ptII/ptolemy/domains/modal/test/auto/CausalityInterface10.xml
16 ms. Memory: 194560K Free: 123989K (64%)
----------------- Invoking toplevel() on ptolemy.moml.MoMLSimpleApplication@38eea0b6
----------------- Done invoking toplevel() on ptolemy.moml.MoMLSimpleApplication@38eea0b6
reloadAllAccessors: .CausalityInterface10

===========================================================================================
----------------- testing Tue Jul 16 06:34:09 UTC 2019 /home/travis/build/icyphy/ptII/ptolemy/domains/modal/test/auto/CausalityInterface11.xml
----------------- Instantiating /home/travis/build/icyphy/ptII/ptolemy/domains/modal/test/auto/CausalityInterface11.xml
10 ms. Memory: 194560K Free: 110661K (57%)
----------------- Invoking toplevel() on ptolemy.moml.MoMLSimpleApplication@61293d87
----------------- Done invoking toplevel() on ptolemy.moml.MoMLSimpleApplication@61293d87
reloadAllAccessors: .CausalityInterface11

===========================================================================================
----------------- testing Tue Jul 16 06:34:09 UTC 2019 /home/travis/build/icyphy/ptII/ptolemy/domains/modal/test/auto/CausalityInterface12.xml
----------------- Instantiating /home/travis/build/icyphy/ptII/ptolemy/domains/modal/test/auto/CausalityInterface12.xml
11 ms. Memory: 194560K Free: 97349K (50%)
----------------- Invoking toplevel() on ptolemy.moml.MoMLSimpleApplication@150f232d
----------------- Done invoking toplevel() on ptolemy.moml.MoMLSimpleApplication@150f232d
reloadAllAccessors: .CausalityInterface12

===========================================================================================
----------------- testing Tue Jul 16 06:34:09 UTC 2019 /home/travis/build/icyphy/ptII/ptolemy/domains/modal/test/auto/CausalityInterface13.xml
----------------- Instantiating /home/travis/build/icyphy/ptII/ptolemy/domains/modal/test/auto/CausalityInterface13.xml
31 ms. Memory: 194560K Free: 83557K (43%)
----------------- Invoking toplevel() on ptolemy.moml.MoMLSimpleApplication@38744827
----------------- Done invoking toplevel() on ptolemy.moml.MoMLSimpleApplication@38744827
reloadAllAccessors: .CausalityInterface13

===========================================================================================
----------------- testing Tue Jul 16 06:34:09 UTC 2019 /home/travis/build/icyphy/ptII/ptolemy/domains/modal/test/auto/CausalityInterface14.xml
----------------- Instantiating /home/travis/build/icyphy/ptII/ptolemy/domains/modal/test/auto/CausalityInterface14.xml
12 ms. Memory: 194560K Free: 69717K (36%)
----------------- Invoking toplevel() on ptolemy.moml.MoMLSimpleApplication@6474a955
----------------- Done invoking toplevel() on ptolemy.moml.MoMLSimpleApplication@6474a955
reloadAllAccessors: .CausalityInterface14

===========================================================================================
----------------- testing Tue Jul 16 06:34:09 UTC 2019 /home/travis/build/icyphy/ptII/ptolemy/domains/modal/test/auto/CausalityInterface2.xml
----------------- Instantiating /home/travis/build/icyphy/ptII/ptolemy/domains/modal/test/auto/CausalityInterface2.xml
9 ms. Memory: 194560K Free: 175192K (90%)
----------------- Invoking toplevel() on ptolemy.moml.MoMLSimpleApplication@358e7a3
----------------- Done invoking toplevel() on ptolemy.moml.MoMLSimpleApplication@358e7a3
reloadAllAccessors: .CausalityInterface2

===========================================================================================
----------------- testing Tue Jul 16 06:34:09 UTC 2019 /home/travis/build/icyphy/ptII/ptolemy/domains/modal/test/auto/CausalityInterface3.xml
----------------- Instantiating /home/travis/build/icyphy/ptII/ptolemy/domains/modal/test/auto/CausalityInterface3.xml
5 ms. Memory: 194560K Free: 168567K (87%)
----------------- Invoking toplevel() on ptolemy.moml.MoMLSimpleApplication@e137a45
----------------- Done invoking toplevel() on ptolemy.moml.MoMLSimpleApplication@e137a45
reloadAllAccessors: .CausalityInterface3

===========================================================================================
----------------- testing Tue Jul 16 06:34:09 UTC 2019 /home/travis/build/icyphy/ptII/ptolemy/domains/modal/test/auto/CausalityInterface4.xml
----------------- Instantiating /home/travis/build/icyphy/ptII/ptolemy/domains/modal/test/auto/CausalityInterface4.xml
3 ms. Memory: 194560K Free: 161903K (83%)
----------------- Invoking toplevel() on ptolemy.moml.MoMLSimpleApplication@2df7fd8c
----------------- Done invoking toplevel() on ptolemy.moml.MoMLSimpleApplication@2df7fd8c
reloadAllAccessors: .CausalityInterface4

===========================================================================================
----------------- testing Tue Jul 16 06:34:09 UTC 2019 /home/travis/build/icyphy/ptII/ptolemy/domains/modal/test/auto/CausalityInterface5.xml
----------------- Instantiating /home/travis/build/icyphy/ptII/ptolemy/domains/modal/test/auto/CausalityInterface5.xml
4 ms. Memory: 194560K Free: 153717K (79%)
----------------- Invoking toplevel() on ptolemy.moml.MoMLSimpleApplication@1e143591
----------------- Done invoking toplevel() on ptolemy.moml.MoMLSimpleApplication@1e143591
reloadAllAccessors: .CausalityInterface5

===========================================================================================
----------------- testing Tue Jul 16 06:34:09 UTC 2019 /home/travis/build/icyphy/ptII/ptolemy/domains/modal/test/auto/CausalityInterface6.xml
----------------- Instantiating /home/travis/build/icyphy/ptII/ptolemy/domains/modal/test/auto/CausalityInterface6.xml
5 ms. Memory: 194560K Free: 145495K (75%)
----------------- Invoking toplevel() on ptolemy.moml.MoMLSimpleApplication@6e29b3ae
----------------- Done invoking toplevel() on ptolemy.moml.MoMLSimpleApplication@6e29b3ae
reloadAllAccessors: .CausalityInterface6

===========================================================================================
----------------- testing Tue Jul 16 06:34:09 UTC 2019 /home/travis/build/icyphy/ptII/ptolemy/domains/modal/test/auto/CausalityInterface7.xml
----------------- Instantiating /home/travis/build/icyphy/ptII/ptolemy/domains/modal/test/auto/CausalityInterface7.xml
7 ms. Memory: 194560K Free: 137333K (71%)
----------------- Invoking toplevel() on ptolemy.moml.MoMLSimpleApplication@177286a0
----------------- Done invoking toplevel() on ptolemy.moml.MoMLSimpleApplication@177286a0
reloadAllAccessors: .CausalityInterface7

===========================================================================================
----------------- testing Tue Jul 16 06:34:09 UTC 2019 /home/travis/build/icyphy/ptII/ptolemy/domains/modal/test/auto/CausalityInterface8.xml
----------------- Instantiating /home/travis/build/icyphy/ptII/ptolemy/domains/modal/test/auto/CausalityInterface8.xml
5 ms. Memory: 194560K Free: 128631K (66%)
----------------- Invoking toplevel() on ptolemy.moml.MoMLSimpleApplication@404d9d51
----------------- Done invoking toplevel() on ptolemy.moml.MoMLSimpleApplication@404d9d51
reloadAllAccessors: .CausalityInterface8

===========================================================================================
----------------- testing Tue Jul 16 06:34:09 UTC 2019 /home/travis/build/icyphy/ptII/ptolemy/domains/modal/test/auto/CausalityInterface9.xml
----------------- Instantiating /home/travis/build/icyphy/ptII/ptolemy/domains/modal/test/auto/CausalityInterface9.xml
5 ms. Memory: 194560K Free: 119415K (61%)
----------------- Invoking toplevel() on ptolemy.moml.MoMLSimpleApplication@5cbd30ae
----------------- Done invoking toplevel() on ptolemy.moml.MoMLSimpleApplication@5cbd30ae
reloadAllAccessors: .CausalityInterface9

===========================================================================================
----------------- testing Tue Jul 16 06:34:09 UTC 2019 /home/travis/build/icyphy/ptII/ptolemy/domains/modal/test/auto/ChainedTransitions.xml
----------------- Instantiating /home/travis/build/icyphy/ptII/ptolemy/domains/modal/test/auto/ChainedTransitions.xml
66 ms. Memory: 194560K Free: 94311K (48%)
----------------- Invoking toplevel() on ptolemy.moml.MoMLSimpleApplication@60b08303
----------------- Done invoking toplevel() on ptolemy.moml.MoMLSimpleApplication@60b08303
reloadAllAccessors: .ChainedTransitions

===========================================================================================
----------------- testing Tue Jul 16 06:34:09 UTC 2019 /home/travis/build/icyphy/ptII/ptolemy/domains/modal/test/auto/CycleOfImmediateTransitionsFSM.xml
----------------- Instantiating /home/travis/build/icyphy/ptII/ptolemy/domains/modal/test/auto/CycleOfImmediateTransitionsFSM.xml
2 ms. Memory: 194560K Free: 88695K (46%)
----------------- Invoking toplevel() on ptolemy.moml.MoMLSimpleApplication@2922b7d2
----------------- Done invoking toplevel() on ptolemy.moml.MoMLSimpleApplication@2922b7d2
reloadAllAccessors: .CycleOfImmediateTransitionsFSM

===========================================================================================
----------------- testing Tue Jul 16 06:34:09 UTC 2019 /home/travis/build/icyphy/ptII/ptolemy/domains/modal/test/auto/CycleOfImmediateTransitionsModal.xml
----------------- Instantiating /home/travis/build/icyphy/ptII/ptolemy/domains/modal/test/auto/CycleOfImmediateTransitionsModal.xml
3 ms. Memory: 194560K Free: 82037K (42%)
----------------- Invoking toplevel() on ptolemy.moml.MoMLSimpleApplication@1f06216f
----------------- Done invoking toplevel() on ptolemy.moml.MoMLSimpleApplication@1f06216f
reloadAllAccessors: .CycleOfImmediateTransitionsModal

===========================================================================================
----------------- testing Tue Jul 16 06:34:09 UTC 2019 /home/travis/build/icyphy/ptII/ptolemy/domains/modal/test/auto/CycleOfImmediateTransitionsModal2.xml
----------------- Instantiating /home/travis/build/icyphy/ptII/ptolemy/domains/modal/test/auto/CycleOfImmediateTransitionsModal2.xml
10 ms. Memory: 194560K Free: 75893K (39%)
----------------- Invoking toplevel() on ptolemy.moml.MoMLSimpleApplication@27f421a4
----------------- Done invoking toplevel() on ptolemy.moml.MoMLSimpleApplication@27f421a4
reloadAllAccessors: .CycleOfImmediateTransitionsModal2

===========================================================================================
----------------- testing Tue Jul 16 06:34:09 UTC 2019 /home/travis/build/icyphy/ptII/ptolemy/domains/modal/test/auto/CycleOfImmediateTransitionsModal3.xml
----------------- Instantiating /home/travis/build/icyphy/ptII/ptolemy/domains/modal/test/auto/CycleOfImmediateTransitionsModal3.xml
13 ms. Memory: 194560K Free: 164436K (85%)
----------------- Invoking toplevel() on ptolemy.moml.MoMLSimpleApplication@463cc019
----------------- Done invoking toplevel() on ptolemy.moml.MoMLSimpleApplication@463cc019
reloadAllAccessors: .CycleOfImmediateTransitionsModal3

===========================================================================================
----------------- testing Tue Jul 16 06:34:10 UTC 2019 /home/travis/build/icyphy/ptII/ptolemy/domains/modal/test/auto/DeepModal1.xml
----------------- Instantiating /home/travis/build/icyphy/ptII/ptolemy/domains/modal/test/auto/DeepModal1.xml
27 ms. Memory: 194560K Free: 150628K (77%)
----------------- Invoking toplevel() on ptolemy.moml.MoMLSimpleApplication@1caa653d
----------------- Done invoking toplevel() on ptolemy.moml.MoMLSimpleApplication@1caa653d
reloadAllAccessors: .DeepModal1

===========================================================================================
----------------- testing Tue Jul 16 06:34:10 UTC 2019 /home/travis/build/icyphy/ptII/ptolemy/domains/modal/test/auto/DeepModal2.xml
----------------- Instantiating /home/travis/build/icyphy/ptII/ptolemy/domains/modal/test/auto/DeepModal2.xml
30 ms. Memory: 194560K Free: 131682K (68%)
----------------- Invoking toplevel() on ptolemy.moml.MoMLSimpleApplication@de51dff
----------------- Done invoking toplevel() on ptolemy.moml.MoMLSimpleApplication@de51dff
reloadAllAccessors: .DeepModal2

===========================================================================================
----------------- testing Tue Jul 16 06:34:10 UTC 2019 /home/travis/build/icyphy/ptII/ptolemy/domains/modal/test/auto/DeepModal3.xml
----------------- Instantiating /home/travis/build/icyphy/ptII/ptolemy/domains/modal/test/auto/DeepModal3.xml
31 ms. Memory: 194560K Free: 112226K (58%)
----------------- Invoking toplevel() on ptolemy.moml.MoMLSimpleApplication@6e125464
----------------- Done invoking toplevel() on ptolemy.moml.MoMLSimpleApplication@6e125464
reloadAllAccessors: .DeepModal3

===========================================================================================
----------------- testing Tue Jul 16 06:34:10 UTC 2019 /home/travis/build/icyphy/ptII/ptolemy/domains/modal/test/auto/DeepModal4.xml
----------------- Instantiating /home/travis/build/icyphy/ptII/ptolemy/domains/modal/test/auto/DeepModal4.xml
35 ms. Memory: 194560K Free: 92770K (48%)
----------------- Invoking toplevel() on ptolemy.moml.MoMLSimpleApplication@5a7edfe1
----------------- Done invoking toplevel() on ptolemy.moml.MoMLSimpleApplication@5a7edfe1
reloadAllAccessors: .DeepModal4

===========================================================================================
----------------- testing Tue Jul 16 06:34:10 UTC 2019 /home/travis/build/icyphy/ptII/ptolemy/domains/modal/test/auto/Default1.xml
----------------- Instantiating /home/travis/build/icyphy/ptII/ptolemy/domains/modal/test/auto/Default1.xml
3 ms. Memory: 194560K Free: 86626K (45%)
----------------- Invoking toplevel() on ptolemy.moml.MoMLSimpleApplication@2364cea
----------------- Done invoking toplevel() on ptolemy.moml.MoMLSimpleApplication@2364cea
reloadAllAccessors: .Default1

===========================================================================================
----------------- testing Tue Jul 16 06:34:10 UTC 2019 /home/travis/build/icyphy/ptII/ptolemy/domains/modal/test/auto/Default2.xml
----------------- Instantiating /home/travis/build/icyphy/ptII/ptolemy/domains/modal/test/auto/Default2.xml
19 ms. Memory: 194560K Free: 80996K (42%)
----------------- Invoking toplevel() on ptolemy.moml.MoMLSimpleApplication@2a09dd15
----------------- Done invoking toplevel() on ptolemy.moml.MoMLSimpleApplication@2a09dd15
reloadAllAccessors: .Default2

===========================================================================================
----------------- testing Tue Jul 16 06:34:10 UTC 2019 /home/travis/build/icyphy/ptII/ptolemy/domains/modal/test/auto/Default3.xml
----------------- Instantiating /home/travis/build/icyphy/ptII/ptolemy/domains/modal/test/auto/Default3.xml
6 ms. Memory: 194560K Free: 74338K (38%)
----------------- Invoking toplevel() on ptolemy.moml.MoMLSimpleApplication@4c515fca
----------------- Done invoking toplevel() on ptolemy.moml.MoMLSimpleApplication@4c515fca
reloadAllAccessors: .Default3

===========================================================================================
----------------- testing Tue Jul 16 06:34:10 UTC 2019 /home/travis/build/icyphy/ptII/ptolemy/domains/modal/test/auto/Default4.xml
----------------- Instantiating /home/travis/build/icyphy/ptII/ptolemy/domains/modal/test/auto/Default4.xml
7 ms. Memory: 194560K Free: 68194K (35%)
----------------- Invoking toplevel() on ptolemy.moml.MoMLSimpleApplication@3d9a3e5
----------------- Done invoking toplevel() on ptolemy.moml.MoMLSimpleApplication@3d9a3e5
reloadAllAccessors: .Default4

===========================================================================================
----------------- testing Tue Jul 16 06:34:10 UTC 2019 /home/travis/build/icyphy/ptII/ptolemy/domains/modal/test/auto/Default5.xml
----------------- Instantiating /home/travis/build/icyphy/ptII/ptolemy/domains/modal/test/auto/Default5.xml
9 ms. Memory: 257024K Free: 233032K (91%)
----------------- Invoking toplevel() on ptolemy.moml.MoMLSimpleApplication@60244148
----------------- Done invoking toplevel() on ptolemy.moml.MoMLSimpleApplication@60244148
reloadAllAccessors: .Default5

===========================================================================================
----------------- testing Tue Jul 16 06:34:10 UTC 2019 /home/travis/build/icyphy/ptII/ptolemy/domains/modal/test/auto/EmptyGuard.xml
----------------- Instantiating /home/travis/build/icyphy/ptII/ptolemy/domains/modal/test/auto/EmptyGuard.xml
14 ms. Memory: 257024K Free: 225354K (88%)
----------------- Invoking toplevel() on ptolemy.moml.MoMLSimpleApplication@1da90b68
----------------- Done invoking toplevel() on ptolemy.moml.MoMLSimpleApplication@1da90b68
reloadAllAccessors: .EmptyGuard

===========================================================================================
----------------- testing Tue Jul 16 06:34:10 UTC 2019 /home/travis/build/icyphy/ptII/ptolemy/domains/modal/test/auto/ErrorTransition1.xml
----------------- Instantiating /home/travis/build/icyphy/ptII/ptolemy/domains/modal/test/auto/ErrorTransition1.xml
8 ms. Memory: 257024K Free: 216648K (84%)
----------------- Invoking toplevel() on ptolemy.moml.MoMLSimpleApplication@5aa9b89d
----------------- Done invoking toplevel() on ptolemy.moml.MoMLSimpleApplication@5aa9b89d
reloadAllAccessors: .ErrorTransition1

===========================================================================================
----------------- testing Tue Jul 16 06:34:10 UTC 2019 /home/travis/build/icyphy/ptII/ptolemy/domains/modal/test/auto/ErrorTransition10.xml
----------------- Instantiating /home/travis/build/icyphy/ptII/ptolemy/domains/modal/test/auto/ErrorTransition10.xml
15 ms. Memory: 257024K Free: 202826K (79%)
----------------- Invoking toplevel() on ptolemy.moml.MoMLSimpleApplication@7e0cd2af
----------------- Done invoking toplevel() on ptolemy.moml.MoMLSimpleApplication@7e0cd2af
reloadAllAccessors: .ErrorTransition10

===========================================================================================
----------------- testing Tue Jul 16 06:34:10 UTC 2019 /home/travis/build/icyphy/ptII/ptolemy/domains/modal/test/auto/ErrorTransition11.xml
----------------- Instantiating /home/travis/build/icyphy/ptII/ptolemy/domains/modal/test/auto/ErrorTransition11.xml
8 ms. Memory: 257024K Free: 191562K (75%)
----------------- Invoking toplevel() on ptolemy.moml.MoMLSimpleApplication@bf63cab
----------------- Done invoking toplevel() on ptolemy.moml.MoMLSimpleApplication@bf63cab
reloadAllAccessors: .ErrorTransition11

===========================================================================================
----------------- testing Tue Jul 16 06:34:10 UTC 2019 /home/travis/build/icyphy/ptII/ptolemy/domains/modal/test/auto/ErrorTransition2.xml
----------------- Instantiating /home/travis/build/icyphy/ptII/ptolemy/domains/modal/test/auto/ErrorTransition2.xml
8 ms. Memory: 257024K Free: 182856K (71%)
----------------- Invoking toplevel() on ptolemy.moml.MoMLSimpleApplication@26da0df1
----------------- Done invoking toplevel() on ptolemy.moml.MoMLSimpleApplication@26da0df1
reloadAllAccessors: .ErrorTransition2

===========================================================================================
----------------- testing Tue Jul 16 06:34:10 UTC 2019 /home/travis/build/icyphy/ptII/ptolemy/domains/modal/test/auto/ErrorTransition3.xml
----------------- Instantiating /home/travis/build/icyphy/ptII/ptolemy/domains/modal/test/auto/ErrorTransition3.xml
31 ms. Memory: 257024K Free: 173130K (67%)
----------------- Invoking toplevel() on ptolemy.moml.MoMLSimpleApplication@6307ab8a
----------------- Done invoking toplevel() on ptolemy.moml.MoMLSimpleApplication@6307ab8a
reloadAllAccessors: .ErrorTransition3

===========================================================================================
----------------- testing Tue Jul 16 06:34:10 UTC 2019 /home/travis/build/icyphy/ptII/ptolemy/domains/modal/test/auto/ErrorTransition4.xml
----------------- Instantiating /home/travis/build/icyphy/ptII/ptolemy/domains/modal/test/auto/ErrorTransition4.xml
16 ms. Memory: 257024K Free: 161866K (63%)
----------------- Invoking toplevel() on ptolemy.moml.MoMLSimpleApplication@2e2f45c3
----------------- Done invoking toplevel() on ptolemy.moml.MoMLSimpleApplication@2e2f45c3
reloadAllAccessors: .ErrorTransition4

===========================================================================================
----------------- testing Tue Jul 16 06:34:10 UTC 2019 /home/travis/build/icyphy/ptII/ptolemy/domains/modal/test/auto/ErrorTransition5.xml
----------------- Instantiating /home/travis/build/icyphy/ptII/ptolemy/domains/modal/test/auto/ErrorTransition5.xml
9 ms. Memory: 257024K Free: 151626K (59%)
----------------- Invoking toplevel() on ptolemy.moml.MoMLSimpleApplication@318c3b9b
----------------- Done invoking toplevel() on ptolemy.moml.MoMLSimpleApplication@318c3b9b
reloadAllAccessors: .ErrorTransition5

===========================================================================================
----------------- testing Tue Jul 16 06:34:10 UTC 2019 /home/travis/build/icyphy/ptII/ptolemy/domains/modal/test/auto/ErrorTransition6.xml
----------------- Instantiating /home/travis/build/icyphy/ptII/ptolemy/domains/modal/test/auto/ErrorTransition6.xml
10 ms. Memory: 257024K Free: 140872K (55%)
----------------- Invoking toplevel() on ptolemy.moml.MoMLSimpleApplication@3880379b
----------------- Done invoking toplevel() on ptolemy.moml.MoMLSimpleApplication@3880379b
reloadAllAccessors: .ErrorTransition6

===========================================================================================
----------------- testing Tue Jul 16 06:34:11 UTC 2019 /home/travis/build/icyphy/ptII/ptolemy/domains/modal/test/auto/ErrorTransition7.xml
----------------- Instantiating /home/travis/build/icyphy/ptII/ptolemy/domains/modal/test/auto/ErrorTransition7.xml
21 ms. Memory: 257024K Free: 128074K (50%)
----------------- Invoking toplevel() on ptolemy.moml.MoMLSimpleApplication@66035b2b
----------------- Done invoking toplevel() on ptolemy.moml.MoMLSimpleApplication@66035b2b
reloadAllAccessors: .ErrorTransition7

===========================================================================================
----------------- testing Tue Jul 16 06:34:11 UTC 2019 /home/travis/build/icyphy/ptII/ptolemy/domains/modal/test/auto/ErrorTransition8.xml
----------------- Instantiating /home/travis/build/icyphy/ptII/ptolemy/domains/modal/test/auto/ErrorTransition8.xml
32 ms. Memory: 257024K Free: 114762K (45%)
----------------- Invoking toplevel() on ptolemy.moml.MoMLSimpleApplication@2137e10c
----------------- Done invoking toplevel() on ptolemy.moml.MoMLSimpleApplication@2137e10c
reloadAllAccessors: .ErrorTransition8

===========================================================================================
----------------- testing Tue Jul 16 06:34:11 UTC 2019 /home/travis/build/icyphy/ptII/ptolemy/domains/modal/test/auto/ErrorTransition9.xml
----------------- Instantiating /home/travis/build/icyphy/ptII/ptolemy/domains/modal/test/auto/ErrorTransition9.xml
16 ms. Memory: 257024K Free: 101450K (39%)
----------------- Invoking toplevel() on ptolemy.moml.MoMLSimpleApplication@4b2927e
----------------- Done invoking toplevel() on ptolemy.moml.MoMLSimpleApplication@4b2927e
reloadAllAccessors: .ErrorTransition9

===========================================================================================
----------------- testing Tue Jul 16 06:34:11 UTC 2019 /home/travis/build/icyphy/ptII/ptolemy/domains/modal/test/auto/ExtendedFSM.xml
----------------- Instantiating /home/travis/build/icyphy/ptII/ptolemy/domains/modal/test/auto/ExtendedFSM.xml
8 ms. Memory: 257024K Free: 233039K (91%)
----------------- Invoking toplevel() on ptolemy.moml.MoMLSimpleApplication@69e71c
----------------- Done invoking toplevel() on ptolemy.moml.MoMLSimpleApplication@69e71c
reloadAllAccessors: .ExtendedFSM

===========================================================================================
----------------- testing Tue Jul 16 06:34:11 UTC 2019 /home/travis/build/icyphy/ptII/ptolemy/domains/modal/test/auto/FinalStates.xml
----------------- Instantiating /home/travis/build/icyphy/ptII/ptolemy/domains/modal/test/auto/FinalStates.xml
8 ms. Memory: 257024K Free: 224847K (87%)
----------------- Invoking toplevel() on ptolemy.moml.MoMLSimpleApplication@5177f544
----------------- Done invoking toplevel() on ptolemy.moml.MoMLSimpleApplication@5177f544
reloadAllAccessors: .FinalStates

===========================================================================================
----------------- testing Tue Jul 16 06:34:11 UTC 2019 /home/travis/build/icyphy/ptII/ptolemy/domains/modal/test/auto/FixedPointFSM.xml
----------------- Instantiating /home/travis/build/icyphy/ptII/ptolemy/domains/modal/test/auto/FixedPointFSM.xml
22 ms. Memory: 257024K Free: 209991K (82%)
----------------- Invoking toplevel() on ptolemy.moml.MoMLSimpleApplication@71dc6b9b
----------------- Done invoking toplevel() on ptolemy.moml.MoMLSimpleApplication@71dc6b9b
reloadAllAccessors: .FixedPointFSM

===========================================================================================
----------------- testing Tue Jul 16 06:34:11 UTC 2019 /home/travis/build/icyphy/ptII/ptolemy/domains/modal/test/auto/FixedPointIterationFSMActor.xml
----------------- Instantiating /home/travis/build/icyphy/ptII/ptolemy/domains/modal/test/auto/FixedPointIterationFSMActor.xml
8 ms. Memory: 257024K Free: 199751K (78%)
----------------- Invoking toplevel() on ptolemy.moml.MoMLSimpleApplication@3d2762d3
----------------- Done invoking toplevel() on ptolemy.moml.MoMLSimpleApplication@3d2762d3
reloadAllAccessors: .FixedPointIterationFSMActor

===========================================================================================
----------------- testing Tue Jul 16 06:34:11 UTC 2019 /home/travis/build/icyphy/ptII/ptolemy/domains/modal/test/auto/FixedPointIterationFSMActor2.xml
----------------- Instantiating /home/travis/build/icyphy/ptII/ptolemy/domains/modal/test/auto/FixedPointIterationFSMActor2.xml
15 ms. Memory: 257024K Free: 187983K (73%)
----------------- Invoking toplevel() on ptolemy.moml.MoMLSimpleApplication@680afad6
----------------- Done invoking toplevel() on ptolemy.moml.MoMLSimpleApplication@680afad6
reloadAllAccessors: .FixedPointIterationFSMActor2

===========================================================================================
----------------- testing Tue Jul 16 06:34:11 UTC 2019 /home/travis/build/icyphy/ptII/ptolemy/domains/modal/test/auto/ForbiddenInstantanousLoop.xml
----------------- Instantiating /home/travis/build/icyphy/ptII/ptolemy/domains/modal/test/auto/ForbiddenInstantanousLoop.xml
8 ms. Memory: 257024K Free: 175695K (68%)
----------------- Invoking toplevel() on ptolemy.moml.MoMLSimpleApplication@49fdbf9
----------------- Done invoking toplevel() on ptolemy.moml.MoMLSimpleApplication@49fdbf9
reloadAllAccessors: .ForbiddenInstantanousLoop

===========================================================================================
----------------- testing Tue Jul 16 06:34:11 UTC 2019 /home/travis/build/icyphy/ptII/ptolemy/domains/modal/test/auto/FunctionDependencyOfFSMActorTest.xml
----------------- Instantiating /home/travis/build/icyphy/ptII/ptolemy/domains/modal/test/auto/FunctionDependencyOfFSMActorTest.xml
14 ms. Memory: 257024K Free: 169007K (66%)
----------------- Invoking toplevel() on ptolemy.moml.MoMLSimpleApplication@39b5265c
----------------- Done invoking toplevel() on ptolemy.moml.MoMLSimpleApplication@39b5265c
reloadAllAccessors: .FunctionDependencyOfFSMActorTest

===========================================================================================
----------------- testing Tue Jul 16 06:34:11 UTC 2019 /home/travis/build/icyphy/ptII/ptolemy/domains/modal/test/auto/GuardExpression.xml
----------------- Instantiating /home/travis/build/icyphy/ptII/ptolemy/domains/modal/test/auto/GuardExpression.xml
2 ms. Memory: 257024K Free: 163917K (64%)
----------------- Invoking toplevel() on ptolemy.moml.MoMLSimpleApplication@4f0bdfc0
----------------- Done invoking toplevel() on ptolemy.moml.MoMLSimpleApplication@4f0bdfc0
reloadAllAccessors: .GuardExpression

===========================================================================================
----------------- testing Tue Jul 16 06:34:11 UTC 2019 /home/travis/build/icyphy/ptII/ptolemy/domains/modal/test/auto/GuardNotEvaluated.xml
----------------- Instantiating /home/travis/build/icyphy/ptII/ptolemy/domains/modal/test/auto/GuardNotEvaluated.xml
6 ms. Memory: 257024K Free: 155215K (60%)
----------------- Invoking toplevel() on ptolemy.moml.MoMLSimpleApplication@648f6088
----------------- Done invoking toplevel() on ptolemy.moml.MoMLSimpleApplication@648f6088
reloadAllAccessors: .GuardNotEvaluated

===========================================================================================
----------------- testing Tue Jul 16 06:34:11 UTC 2019 /home/travis/build/icyphy/ptII/ptolemy/domains/modal/test/auto/GuardNotEvaluated2.xml
----------------- Instantiating /home/travis/build/icyphy/ptII/ptolemy/domains/modal/test/auto/GuardNotEvaluated2.xml
9 ms. Memory: 257024K Free: 145485K (57%)
----------------- Invoking toplevel() on ptolemy.moml.MoMLSimpleApplication@4787063
----------------- Done invoking toplevel() on ptolemy.moml.MoMLSimpleApplication@4787063
reloadAllAccessors: .GuardNotEvaluated2

===========================================================================================
----------------- testing Tue Jul 16 06:34:11 UTC 2019 /home/travis/build/icyphy/ptII/ptolemy/domains/modal/test/auto/GuardOnAbsent.xml
----------------- Instantiating /home/travis/build/icyphy/ptII/ptolemy/domains/modal/test/auto/GuardOnAbsent.xml
9 ms. Memory: 257024K Free: 137807K (54%)
----------------- Invoking toplevel() on ptolemy.moml.MoMLSimpleApplication@169a802
----------------- Done invoking toplevel() on ptolemy.moml.MoMLSimpleApplication@169a802
reloadAllAccessors: .GuardOnAbsent

===========================================================================================
----------------- testing Tue Jul 16 06:34:11 UTC 2019 /home/travis/build/icyphy/ptII/ptolemy/domains/modal/test/auto/HierarchicalFSMTypeInference.xml
----------------- Instantiating /home/travis/build/icyphy/ptII/ptolemy/domains/modal/test/auto/HierarchicalFSMTypeInference.xml
6 ms. Memory: 257024K Free: 127053K (49%)
----------------- Invoking toplevel() on ptolemy.moml.MoMLSimpleApplication@5d796a20
----------------- Done invoking toplevel() on ptolemy.moml.MoMLSimpleApplication@5d796a20
reloadAllAccessors: .HierarchicalFSMTypeInference

===========================================================================================
----------------- testing Tue Jul 16 06:34:11 UTC 2019 /home/travis/build/icyphy/ptII/ptolemy/domains/modal/test/auto/Hysteresis.xml
----------------- Instantiating /home/travis/build/icyphy/ptII/ptolemy/domains/modal/test/auto/Hysteresis.xml
15 ms. Memory: 257024K Free: 113727K (44%)
----------------- Invoking toplevel() on ptolemy.moml.MoMLSimpleApplication@5448102b
----------------- Done invoking toplevel() on ptolemy.moml.MoMLSimpleApplication@5448102b
reloadAllAccessors: .Hysteresis

===========================================================================================
----------------- testing Tue Jul 16 06:34:11 UTC 2019 /home/travis/build/icyphy/ptII/ptolemy/domains/modal/test/auto/HysteresisWithDefault.xml
----------------- Instantiating /home/travis/build/icyphy/ptII/ptolemy/domains/modal/test/auto/HysteresisWithDefault.xml
43 ms. Memory: 257024K Free: 90703K (35%)
----------------- Invoking toplevel() on ptolemy.moml.MoMLSimpleApplication@38fd2665
----------------- Done invoking toplevel() on ptolemy.moml.MoMLSimpleApplication@38fd2665
reloadAllAccessors: .HysteresisWithDefault

===========================================================================================
----------------- testing Tue Jul 16 06:34:11 UTC 2019 /home/travis/build/icyphy/ptII/ptolemy/domains/modal/test/auto/HysteresisWithDefault2.xml
----------------- Instantiating /home/travis/build/icyphy/ptII/ptolemy/domains/modal/test/auto/HysteresisWithDefault2.xml
49 ms. Memory: 257024K Free: 208455K (81%)
----------------- Invoking toplevel() on ptolemy.moml.MoMLSimpleApplication@357d26d4
----------------- Done invoking toplevel() on ptolemy.moml.MoMLSimpleApplication@357d26d4
reloadAllAccessors: .HysteresisWithDefault2

===========================================================================================
----------------- testing Tue Jul 16 06:34:11 UTC 2019 /home/travis/build/icyphy/ptII/ptolemy/domains/modal/test/auto/ImmediateNonConstructiveness.xml
----------------- Instantiating /home/travis/build/icyphy/ptII/ptolemy/domains/modal/test/auto/ImmediateNonConstructiveness.xml
3 ms. Memory: 257024K Free: 201289K (78%)
----------------- Invoking toplevel() on ptolemy.moml.MoMLSimpleApplication@24d9d1c0
----------------- Done invoking toplevel() on ptolemy.moml.MoMLSimpleApplication@24d9d1c0
reloadAllAccessors: .ImmediateNonConstructiveness

===========================================================================================
----------------- testing Tue Jul 16 06:34:11 UTC 2019 /home/travis/build/icyphy/ptII/ptolemy/domains/modal/test/auto/ImmediateNonConstructiveness2.xml
----------------- Instantiating /home/travis/build/icyphy/ptII/ptolemy/domains/modal/test/auto/ImmediateNonConstructiveness2.xml
11 ms. Memory: 257024K Free: 194617K (76%)
----------------- Invoking toplevel() on ptolemy.moml.MoMLSimpleApplication@36229d9f
----------------- Done invoking toplevel() on ptolemy.moml.MoMLSimpleApplication@36229d9f
reloadAllAccessors: .ImmediateNonConstructiveness2

===========================================================================================
----------------- testing Tue Jul 16 06:34:11 UTC 2019 /home/travis/build/icyphy/ptII/ptolemy/domains/modal/test/auto/ImmediateTransitionReset.xml
----------------- Instantiating /home/travis/build/icyphy/ptII/ptolemy/domains/modal/test/auto/ImmediateTransitionReset.xml
8 ms. Memory: 257024K Free: 182857K (71%)
----------------- Invoking toplevel() on ptolemy.moml.MoMLSimpleApplication@536f69e8
----------------- Done invoking toplevel() on ptolemy.moml.MoMLSimpleApplication@536f69e8
reloadAllAccessors: .ImmediateTransitionReset

===========================================================================================
----------------- testing Tue Jul 16 06:34:11 UTC 2019 /home/travis/build/icyphy/ptII/ptolemy/domains/modal/test/auto/ImmediateTransitions1.xml
----------------- Instantiating /home/travis/build/icyphy/ptII/ptolemy/domains/modal/test/auto/ImmediateTransitions1.xml
1 ms. Memory: 257024K Free: 177223K (69%)
----------------- Invoking toplevel() on ptolemy.moml.MoMLSimpleApplication@59949d2b
----------------- Done invoking toplevel() on ptolemy.moml.MoMLSimpleApplication@59949d2b
reloadAllAccessors: .ImmediateTransitions1

===========================================================================================
----------------- testing Tue Jul 16 06:34:11 UTC 2019 /home/travis/build/icyphy/ptII/ptolemy/domains/modal/test/auto/ImmediateTransitionsInstantaneousCommunication.xml
----------------- Instantiating /home/travis/build/icyphy/ptII/ptolemy/domains/modal/test/auto/ImmediateTransitionsInstantaneousCommunication.xml
4 ms. Memory: 257024K Free: 164935K (64%)
----------------- Invoking toplevel() on ptolemy.moml.MoMLSimpleApplication@6d046579
----------------- Done invoking toplevel() on ptolemy.moml.MoMLSimpleApplication@6d046579
reloadAllAccessors: .ImmediateTransitionsInstantaneousCommunication

===========================================================================================
----------------- testing Tue Jul 16 06:34:12 UTC 2019 /home/travis/build/icyphy/ptII/ptolemy/domains/modal/test/auto/InitialImmediateTransition.xml
----------------- Instantiating /home/travis/build/icyphy/ptII/ptolemy/domains/modal/test/auto/InitialImmediateTransition.xml
6 ms. Memory: 257024K Free: 157761K (61%)
----------------- Invoking toplevel() on ptolemy.moml.MoMLSimpleApplication@4f58fcaf
----------------- Done invoking toplevel() on ptolemy.moml.MoMLSimpleApplication@4f58fcaf
reloadAllAccessors: .InitialImmediateTransition

===========================================================================================
----------------- testing Tue Jul 16 06:34:12 UTC 2019 /home/travis/build/icyphy/ptII/ptolemy/domains/modal/test/auto/InitialOutputs.xml
----------------- Instantiating /home/travis/build/icyphy/ptII/ptolemy/domains/modal/test/auto/InitialOutputs.xml
4 ms. Memory: 257024K Free: 151113K (59%)
----------------- Invoking toplevel() on ptolemy.moml.MoMLSimpleApplication@33210dc
----------------- Done invoking toplevel() on ptolemy.moml.MoMLSimpleApplication@33210dc
reloadAllAccessors: .InitialOutputs

===========================================================================================
----------------- testing Tue Jul 16 06:34:12 UTC 2019 /home/travis/build/icyphy/ptII/ptolemy/domains/modal/test/auto/InitialStateTransition1.xml
----------------- Instantiating /home/travis/build/icyphy/ptII/ptolemy/domains/modal/test/auto/InitialStateTransition1.xml
2 ms. Memory: 257024K Free: 143945K (56%)
----------------- Invoking toplevel() on ptolemy.moml.MoMLSimpleApplication@bf8858c
----------------- Done invoking toplevel() on ptolemy.moml.MoMLSimpleApplication@bf8858c
reloadAllAccessors: .InitialStateTransition1

===========================================================================================
----------------- testing Tue Jul 16 06:34:12 UTC 2019 /home/travis/build/icyphy/ptII/ptolemy/domains/modal/test/auto/InitialStateTransition2.xml
----------------- Instantiating /home/travis/build/icyphy/ptII/ptolemy/domains/modal/test/auto/InitialStateTransition2.xml
.InitialStateTransition2.TestExceptionAttributeNonConstructive: initialize() was not invoked, but wrapup() was.  This is unusual, but not always a problem.  For example, exporting JNLP will do this.
3 ms. Memory: 257024K Free: 136777K (53%)
----------------- Invoking toplevel() on ptolemy.moml.MoMLSimpleApplication@45753d03
----------------- Done invoking toplevel() on ptolemy.moml.MoMLSimpleApplication@45753d03
reloadAllAccessors: .InitialStateTransition2

===========================================================================================
----------------- testing Tue Jul 16 06:34:12 UTC 2019 /home/travis/build/icyphy/ptII/ptolemy/domains/modal/test/auto/InitialStateTransition3.xml
----------------- Instantiating /home/travis/build/icyphy/ptII/ptolemy/domains/modal/test/auto/InitialStateTransition3.xml
5 ms. Memory: 257024K Free: 128071K (50%)
----------------- Invoking toplevel() on ptolemy.moml.MoMLSimpleApplication@eb5f415
----------------- Done invoking toplevel() on ptolemy.moml.MoMLSimpleApplication@eb5f415
reloadAllAccessors: .InitialStateTransition3

===========================================================================================
----------------- testing Tue Jul 16 06:34:12 UTC 2019 /home/travis/build/icyphy/ptII/ptolemy/domains/modal/test/auto/InitialStateTransition4.xml
----------------- Instantiating /home/travis/build/icyphy/ptII/ptolemy/domains/modal/test/auto/InitialStateTransition4.xml
4 ms. Memory: 257024K Free: 118855K (46%)
----------------- Invoking toplevel() on ptolemy.moml.MoMLSimpleApplication@5068c2f5
----------------- Done invoking toplevel() on ptolemy.moml.MoMLSimpleApplication@5068c2f5
[...]
reloadAllAccessors: .TerminationTransition3

===========================================================================================
----------------- testing Tue Jul 16 06:34:14 UTC 2019 /home/travis/build/icyphy/ptII/ptolemy/domains/modal/test/auto/TerminationTransition4.xml
----------------- Instantiating /home/travis/build/icyphy/ptII/ptolemy/domains/modal/test/auto/TerminationTransition4.xml
6 ms. Memory: 332800K Free: 285671K (86%)
----------------- Invoking toplevel() on ptolemy.moml.MoMLSimpleApplication@63615b59
----------------- Done invoking toplevel() on ptolemy.moml.MoMLSimpleApplication@63615b59
reloadAllAccessors: .TerminationTransition4

===========================================================================================
----------------- testing Tue Jul 16 06:34:14 UTC 2019 /home/travis/build/icyphy/ptII/ptolemy/domains/modal/test/auto/TerminationTransition5.xml
----------------- Instantiating /home/travis/build/icyphy/ptII/ptolemy/domains/modal/test/auto/TerminationTransition5.xml
3 ms. Memory: 332800K Free: 271335K (82%)
----------------- Invoking toplevel() on ptolemy.moml.MoMLSimpleApplication@f28917b
----------------- Done invoking toplevel() on ptolemy.moml.MoMLSimpleApplication@f28917b
reloadAllAccessors: .TerminationTransition5

===========================================================================================
----------------- testing Tue Jul 16 06:34:14 UTC 2019 /home/travis/build/icyphy/ptII/ptolemy/domains/modal/test/auto/TerminationTransition6.xml
----------------- Instantiating /home/travis/build/icyphy/ptII/ptolemy/domains/modal/test/auto/TerminationTransition6.xml
1 ms. Memory: 332800K Free: 262633K (79%)
----------------- Invoking toplevel() on ptolemy.moml.MoMLSimpleApplication@201d3b04
----------------- Done invoking toplevel() on ptolemy.moml.MoMLSimpleApplication@201d3b04
reloadAllAccessors: .TerminationTransition6

===========================================================================================
----------------- testing Tue Jul 16 06:34:14 UTC 2019 /home/travis/build/icyphy/ptII/ptolemy/domains/modal/test/auto/TerminationTransition7.xml
----------------- Instantiating /home/travis/build/icyphy/ptII/ptolemy/domains/modal/test/auto/TerminationTransition7.xml
2 ms. Memory: 332800K Free: 252888K (76%)
----------------- Invoking toplevel() on ptolemy.moml.MoMLSimpleApplication@3fd85b4f
----------------- Done invoking toplevel() on ptolemy.moml.MoMLSimpleApplication@3fd85b4f
reloadAllAccessors: .TerminationTransition7

===========================================================================================
----------------- testing Tue Jul 16 06:34:14 UTC 2019 /home/travis/build/icyphy/ptII/ptolemy/domains/modal/test/auto/TerminationTransition8.xml
----------------- Instantiating /home/travis/build/icyphy/ptII/ptolemy/domains/modal/test/auto/TerminationTransition8.xml
2 ms. Memory: 332800K Free: 243687K (73%)
----------------- Invoking toplevel() on ptolemy.moml.MoMLSimpleApplication@3a4da51b
----------------- Done invoking toplevel() on ptolemy.moml.MoMLSimpleApplication@3a4da51b
reloadAllAccessors: .TerminationTransition8

===========================================================================================
----------------- testing Tue Jul 16 06:34:14 UTC 2019 /home/travis/build/icyphy/ptII/ptolemy/domains/modal/test/auto/Thermostat_NoHysteresis.xml
----------------- Instantiating /home/travis/build/icyphy/ptII/ptolemy/domains/modal/test/auto/Thermostat_NoHysteresis.xml
26 ms. Memory: 332800K Free: 219096K (66%)
----------------- Invoking toplevel() on ptolemy.moml.MoMLSimpleApplication@5dd09d05
----------------- Done invoking toplevel() on ptolemy.moml.MoMLSimpleApplication@5dd09d05
reloadAllAccessors: .Thermostat_NoHysteresis

===========================================================================================
----------------- testing Tue Jul 16 06:34:14 UTC 2019 /home/travis/build/icyphy/ptII/ptolemy/domains/modal/test/auto/TimedFSM.xml
----------------- Instantiating /home/travis/build/icyphy/ptII/ptolemy/domains/modal/test/auto/TimedFSM.xml
10 ms. Memory: 332800K Free: 207337K (62%)
----------------- Invoking toplevel() on ptolemy.moml.MoMLSimpleApplication@2b913ab3
----------------- Done invoking toplevel() on ptolemy.moml.MoMLSimpleApplication@2b913ab3
reloadAllAccessors: .TimedFSM

===========================================================================================
----------------- testing Tue Jul 16 06:34:14 UTC 2019 /home/travis/build/icyphy/ptII/ptolemy/domains/modal/test/auto/Timeout1.xml
----------------- Instantiating /home/travis/build/icyphy/ptII/ptolemy/domains/modal/test/auto/Timeout1.xml
4 ms. Memory: 332800K Free: 201688K (61%)
----------------- Invoking toplevel() on ptolemy.moml.MoMLSimpleApplication@3e83f0bb
----------------- Done invoking toplevel() on ptolemy.moml.MoMLSimpleApplication@3e83f0bb
reloadAllAccessors: .Timeout1

===========================================================================================
----------------- testing Tue Jul 16 06:34:14 UTC 2019 /home/travis/build/icyphy/ptII/ptolemy/domains/modal/test/auto/Timeout2.xml
----------------- Instantiating /home/travis/build/icyphy/ptII/ptolemy/domains/modal/test/auto/Timeout2.xml
10 ms. Memory: 332800K Free: 193001K (58%)
----------------- Invoking toplevel() on ptolemy.moml.MoMLSimpleApplication@65b2550f
----------------- Done invoking toplevel() on ptolemy.moml.MoMLSimpleApplication@65b2550f
reloadAllAccessors: .Timeout2

===========================================================================================
----------------- testing Tue Jul 16 06:34:14 UTC 2019 /home/travis/build/icyphy/ptII/ptolemy/domains/modal/test/auto/Timeout3.xml
----------------- Instantiating /home/travis/build/icyphy/ptII/ptolemy/domains/modal/test/auto/Timeout3.xml
3 ms. Memory: 332800K Free: 187881K (56%)
----------------- Invoking toplevel() on ptolemy.moml.MoMLSimpleApplication@35dc573d
----------------- Done invoking toplevel() on ptolemy.moml.MoMLSimpleApplication@35dc573d
reloadAllAccessors: .Timeout3

===========================================================================================
----------------- testing Tue Jul 16 06:34:14 UTC 2019 /home/travis/build/icyphy/ptII/ptolemy/domains/modal/test/auto/Timeout4.xml
----------------- Instantiating /home/travis/build/icyphy/ptII/ptolemy/domains/modal/test/auto/Timeout4.xml
2 ms. Memory: 332800K Free: 182761K (55%)
----------------- Invoking toplevel() on ptolemy.moml.MoMLSimpleApplication@458f1a91
----------------- Done invoking toplevel() on ptolemy.moml.MoMLSimpleApplication@458f1a91
reloadAllAccessors: .Timeout4

===========================================================================================
----------------- testing Tue Jul 16 06:34:14 UTC 2019 /home/travis/build/icyphy/ptII/ptolemy/domains/modal/test/auto/TransientstateModelAdvanced.xml
----------------- Instantiating /home/travis/build/icyphy/ptII/ptolemy/domains/modal/test/auto/TransientstateModelAdvanced.xml
4 ms. Memory: 332800K Free: 170473K (51%)
----------------- Invoking toplevel() on ptolemy.moml.MoMLSimpleApplication@50cba13a
----------------- Done invoking toplevel() on ptolemy.moml.MoMLSimpleApplication@50cba13a
reloadAllAccessors: .TransientstateModelAdvanced

===========================================================================================
----------------- testing Tue Jul 16 06:34:14 UTC 2019 /home/travis/build/icyphy/ptII/ptolemy/domains/modal/test/auto/TransientstateModelAdvanced2.xml
----------------- Instantiating /home/travis/build/icyphy/ptII/ptolemy/domains/modal/test/auto/TransientstateModelAdvanced2.xml
4 ms. Memory: 332800K Free: 156137K (47%)
----------------- Invoking toplevel() on ptolemy.moml.MoMLSimpleApplication@29c16434
----------------- Done invoking toplevel() on ptolemy.moml.MoMLSimpleApplication@29c16434
reloadAllAccessors: .transientstatemodelAdvanced

===========================================================================================
----------------- testing Tue Jul 16 06:34:14 UTC 2019 /home/travis/build/icyphy/ptII/ptolemy/domains/modal/test/auto/TransitionRefinements.xml
----------------- Instantiating /home/travis/build/icyphy/ptII/ptolemy/domains/modal/test/auto/TransitionRefinements.xml
7 ms. Memory: 332800K Free: 146392K (44%)
----------------- Invoking toplevel() on ptolemy.moml.MoMLSimpleApplication@75148e50
----------------- Done invoking toplevel() on ptolemy.moml.MoMLSimpleApplication@75148e50
reloadAllAccessors: .TransitionRefinements

===========================================================================================
----------------- testing Tue Jul 16 06:34:14 UTC 2019 /home/travis/build/icyphy/ptII/ptolemy/domains/modal/test/auto/TwoRefinements1.xml
----------------- Instantiating /home/travis/build/icyphy/ptII/ptolemy/domains/modal/test/auto/TwoRefinements1.xml
3 ms. Memory: 332800K Free: 136681K (41%)
----------------- Invoking toplevel() on ptolemy.moml.MoMLSimpleApplication@3cbbca4a
----------------- Done invoking toplevel() on ptolemy.moml.MoMLSimpleApplication@3cbbca4a
reloadAllAccessors: .TwoRefinements1

===========================================================================================
----------------- testing Tue Jul 16 06:34:14 UTC 2019 /home/travis/build/icyphy/ptII/ptolemy/domains/modal/test/auto/TwoRefinements2.xml
----------------- Instantiating /home/travis/build/icyphy/ptII/ptolemy/domains/modal/test/auto/TwoRefinements2.xml
3 ms. Memory: 332800K Free: 126441K (38%)
----------------- Invoking toplevel() on ptolemy.moml.MoMLSimpleApplication@12429763
----------------- Done invoking toplevel() on ptolemy.moml.MoMLSimpleApplication@12429763
reloadAllAccessors: .TwoRefinements2

===========================================================================================
----------------- testing Tue Jul 16 06:34:14 UTC 2019 /home/travis/build/icyphy/ptII/ptolemy/domains/modal/test/auto/WeakImmediateTransition.xml
----------------- Instantiating /home/travis/build/icyphy/ptII/ptolemy/domains/modal/test/auto/WeakImmediateTransition.xml
19 ms. Memory: 332800K Free: 313605K (94%)
----------------- Invoking toplevel() on ptolemy.moml.MoMLSimpleApplication@2e8965eb
----------------- Done invoking toplevel() on ptolemy.moml.MoMLSimpleApplication@2e8965eb
reloadAllAccessors: .WeakImmediateTransition

===========================================================================================
----------------- testing Tue Jul 16 06:34:14 UTC 2019 /home/travis/build/icyphy/ptII/ptolemy/domains/modal/test/auto/booleanSelect.xml
----------------- Instantiating /home/travis/build/icyphy/ptII/ptolemy/domains/modal/test/auto/booleanSelect.xml
36 ms. Memory: 332800K Free: 294910K (89%)
----------------- Invoking toplevel() on ptolemy.moml.MoMLSimpleApplication@4bb769be
----------------- Done invoking toplevel() on ptolemy.moml.MoMLSimpleApplication@4bb769be
reloadAllAccessors: .booleanSelect

===========================================================================================
----------------- testing Tue Jul 16 06:34:15 UTC 2019 /home/travis/build/icyphy/ptII/ptolemy/domains/modal/test/auto/modalChangingParams.xml
----------------- Instantiating /home/travis/build/icyphy/ptII/ptolemy/domains/modal/test/auto/modalChangingParams.xml
0
1
0
2
4
6
8
7
0
2
4
6
8
13
0
2
4
6
8
19
0
2
4
6
8
25
0
2
4
6
8
31
0
2
4
6
8
37
0
2
4
6
8
43
0
2
4
6
8
49
0
2
4
6
8
55
0
2
4
6
8
61
0
2
4
6
8
67
0
2
4
6
8
73
0
2
4
6
8
79
0
2
4
6
8
85
0
2
4
6
8
91
0
2
4
6
8
97
0
2
4
6
8
103
0
2
4
6
8
109
0
2
4
6
8
115
0
2
4
6
8
121
0
2
4
6
8
127
0
2
4
6
8
133
0
2
4
6
8
139
0
2
4
6
8
145
0
2
4
6
8
151
0
2
4
6
8
157
0
2
4
6
8
163
0
2
4
6
8
169
0
2
4
6
8
175
0
2
4
6
8
181
0
2
4
6
8
187
0
2
4
6
8
193
0
2
4
6
8
199
0
2
4
6
8
205
0
2
4
6
8
211
0
2
4
6
8
217
0
2
4
6
8
223
0
2
4
6
8
229
0
2
4
6
8
235
0
2
4
6
8
241
0
2
4
6
8
247
0
2
4
6
8
253
0
2
4
6
8
259
0
2
4
6
8
265
0
2
4
6
8
271
0
2
4
6
8
277
0
2
4
6
8
283
0
2
4
6
8
289
0
2
4
6
8
295
0
2
4
6
8
301
0
2
4
6
8
307
0
2
4
6
8
313
0
2
4
6
8
319
0
2
4
6
8
325
0
2
4
6
8
331
0
2
4
6
8
337
0
2
4
6
8
343
0
2
4
6
8
349
0
2
4
6
8
355
0
2
4
6
8
361
0
2
4
6
8
367
0
2
4
6
8
373
0
2
4
6
8
379
0
2
4
6
8
385
0
2
4
6
8
391
0
2
4
6
8
397
0
2
4
6
8
403
0
2
4
6
8
409
0
2
4
6
8
415
0
2
4
6
8
421
0
2
4
6
8
427
0
2
4
6
8
433
0
2
4
6
8
439
0
2
4
6
8
445
0
2
4
6
8
451
0
2
4
6
8
457
0
2
4
6
8
463
0
2
4
6
8
469
0
2
4
6
8
475
0
2
4
6
8
481
0
2
4
6
8
487
0
2
4
6
8
493
0
2
4
6
8
499
0
2
4
6
8
505
0
2
4
6
8
511
0
2
4
6
8
517
0
2
4
6
8
523
0
2
4
6
8
529
0
2
4
6
8
535
0
2
4
6
8
541
0
2
4
6
8
547
0
2
4
6
8
553
0
2
4
6
8
559
0
2
4
6
8
565
0
2
4
6
8
571
0
2
4
6
8
577
0
2
4
6
8
583
0
2
4
6
8
589
0
2
4
6
8
595
0
2
4
6
8
601
0
2
4
6
8
607
0
2
4
6
8
613
0
2
4
6
8
619
0
2
4
6
8
625
0
2
4
6
8
631
0
2
4
6
8
637
0
2
4
6
8
643
0
2
4
6
8
649
0
2
4
6
8
655
0
2
4
6
8
661
0
2
4
6
8
667
0
2
4
6
8
673
0
2
4
6
8
679
0
2
4
6
8
685
0
2
4
6
8
691
0
2
4
6
8
697
0
2
4
6
8
703
0
2
4
6
8
709
0
2
4
6
8
715
0
2
4
6
8
721
0
2
4
6
8
727
0
2
4
6
8
733
0
2
4
6
8
739
0
2
4
6
8
745
0
2
4
6
8
751
0
2
4
6
8
757
0
2
4
6
8
763
0
2
4
6
8
769
0
2
4
6
8
775
0
2
4
6
8
781
0
2
4
6
8
787
0
2
4
6
8
793
0
2
4
6
8
799
0
2
4
6
8
805
0
2
4
6
8
811
0
2
4
6
8
817
0
2
4
6
8
823
0
2
4
6
8
829
0
2
4
6
8
835
0
2
4
6
8
841
0
2
4
6
8
847
0
2
4
6
8
853
0
2
4
6
8
859
0
2
4
6
8
865
0
2
4
6
8
871
0
2
4
6
8
877
0
2
4
6
8
883
0
2
4
6
8
889
0
2
4
6
8
895
0
2
4
6
8
901
0
2
4
6
8
907
0
2
4
6
8
913
0
2
4
6
8
919
0
2
4
6
8
925
0
2
4
6
8
931
0
2
4
6
8
937
0
2
4
6
8
943
0
2
4
6
8
949
0
2
4
6
8
955
0
2
4
6
8
961
0
2
4
6
8
967
0
2
4
6
8
973
0
2
4
6
8
979
0
2
4
6
8
985
0
2
4
6
8
991
0
2
4
6
8
997
0
2
249 ms. Memory: 332800K Free: 180222K (54%)
----------------- Invoking toplevel() on ptolemy.moml.MoMLSimpleApplication@52cf7ccc
----------------- Done invoking toplevel() on ptolemy.moml.MoMLSimpleApplication@52cf7ccc
reloadAllAccessors: .modalChangingParams

===========================================================================================
----------------- testing Tue Jul 16 06:34:15 UTC 2019 /home/travis/build/icyphy/ptII/ptolemy/domains/modal/test/auto/modalModel.xml
----------------- Instantiating /home/travis/build/icyphy/ptII/ptolemy/domains/modal/test/auto/modalModel.xml
7 ms. Memory: 332800K Free: 171534K (52%)
----------------- Invoking toplevel() on ptolemy.moml.MoMLSimpleApplication@33f34a7a
----------------- Done invoking toplevel() on ptolemy.moml.MoMLSimpleApplication@33f34a7a
reloadAllAccessors: .modalModel

===========================================================================================
----------------- testing Tue Jul 16 06:34:15 UTC 2019 /home/travis/build/icyphy/ptII/ptolemy/domains/modal/test/auto/modalModel2.xml
----------------- Instantiating /home/travis/build/icyphy/ptII/ptolemy/domains/modal/test/auto/modalModel2.xml
7 ms. Memory: 332800K Free: 160766K (48%)
----------------- Invoking toplevel() on ptolemy.moml.MoMLSimpleApplication@28b54b32
----------------- Done invoking toplevel() on ptolemy.moml.MoMLSimpleApplication@28b54b32
reloadAllAccessors: .modalModel2

===========================================================================================
----------------- testing Tue Jul 16 06:34:15 UTC 2019 /home/travis/build/icyphy/ptII/ptolemy/domains/modal/test/auto/modalModel3.xml
----------------- Instantiating /home/travis/build/icyphy/ptII/ptolemy/domains/modal/test/auto/modalModel3.xml
0	0	0
1	0	1
4	2	2
7	4	3
10	6	4
5	0	5
8	2	6
11	4	7
14	6	8
9	0	9
12	2	10
15	4	11
18	6	12
13	0	13
16	2	14
19 ms. Memory: 332800K Free: 145934K (44%)
----------------- Invoking toplevel() on ptolemy.moml.MoMLSimpleApplication@6fa72cd9
----------------- Done invoking toplevel() on ptolemy.moml.MoMLSimpleApplication@6fa72cd9
reloadAllAccessors: .modalModel3

===========================================================================================
----------------- testing Tue Jul 16 06:34:15 UTC 2019 /home/travis/build/icyphy/ptII/ptolemy/domains/modal/test/auto/model1.xml
----------------- Instantiating /home/travis/build/icyphy/ptII/ptolemy/domains/modal/test/auto/model1.xml
11 ms. Memory: 332800K Free: 140286K (42%)
----------------- Invoking toplevel() on ptolemy.moml.MoMLSimpleApplication@2f4fd45f
----------------- Done invoking toplevel() on ptolemy.moml.MoMLSimpleApplication@2f4fd45f
reloadAllAccessors: .model1

===========================================================================================
----------------- testing Tue Jul 16 06:34:15 UTC 2019 /home/travis/build/icyphy/ptII/ptolemy/domains/modal/test/auto/test-direct-in-out.xml
----------------- Instantiating /home/travis/build/icyphy/ptII/ptolemy/domains/modal/test/auto/test-direct-in-out.xml
5 ms. Memory: 332800K Free: 132108K (40%)
----------------- Invoking toplevel() on ptolemy.moml.MoMLSimpleApplication@344b1393
----------------- Done invoking toplevel() on ptolemy.moml.MoMLSimpleApplication@344b1393
reloadAllAccessors: .test-direct-in-out
AutoTests.java: About to close Vertx.
AutoTests.java: Vertx closed.
]]></system-out>
  <system-err><![CDATA[java.lang.RuntimeException: Execution failed
	at ptolemy.moml.MoMLSimpleApplication$UnloadThread.run(MoMLSimpleApplication.java:402)
Caused by: ptolemy.kernel.util.IllegalActionException: Unknown inputs remain. Possible causality loop:
L_model_1893289564i

  in .CannotAnalysisWithPreemption.model_1893289564_region_1 and .CannotAnalysisWithPreemption.model_1893289564_region_1.L_model_1893289564i
	at ptolemy.actor.sched.FixedPointDirector.postfire(FixedPointDirector.java:515)
	at ptolemy.domains.sr.kernel.SRDirector.postfire(SRDirector.java:417)
	at ptolemy.actor.CompositeActor.postfire(CompositeActor.java:1668)
	at ptolemy.actor.Manager.iterate(Manager.java:852)
	at ptolemy.actor.Manager.execute(Manager.java:369)
	at ptolemy.actor.Manager.run(Manager.java:1263)
	at ptolemy.actor.Manager$PtolemyRunThread.run(Manager.java:1933)
java.lang.reflect.InvocationTargetException
	at java.base/jdk.internal.reflect.NativeConstructorAccessorImpl.newInstance0(Native Method)
	at java.base/jdk.internal.reflect.NativeConstructorAccessorImpl.newInstance(NativeConstructorAccessorImpl.java:62)
	at java.base/jdk.internal.reflect.DelegatingConstructorAccessorImpl.newInstance(DelegatingConstructorAccessorImpl.java:45)
	at java.base/java.lang.reflect.Constructor.newInstance(Constructor.java:490)
	at ptolemy.util.test.junit.AutoKnownFailedTests.RunModel(AutoKnownFailedTests.java:105)
	at java.base/jdk.internal.reflect.NativeMethodAccessorImpl.invoke0(Native Method)
	at java.base/jdk.internal.reflect.NativeMethodAccessorImpl.invoke(NativeMethodAccessorImpl.java:62)
	at java.base/jdk.internal.reflect.DelegatingMethodAccessorImpl.invoke(DelegatingMethodAccessorImpl.java:43)
	at java.base/java.lang.reflect.Method.invoke(Method.java:566)
	at org.junit.runners.model.FrameworkMethod$1.runReflectiveCall(FrameworkMethod.java:44)
	at org.junit.internal.runners.model.ReflectiveCallable.run(ReflectiveCallable.java:15)
	at org.junit.runners.model.FrameworkMethod.invokeExplosively(FrameworkMethod.java:41)
	at junitparams.internal.InvokeParameterisedMethod.evaluate(InvokeParameterisedMethod.java:102)
	at org.junit.internal.runners.statements.FailOnTimeout$1.run(FailOnTimeout.java:28)
Caused by: ptolemy.kernel.util.IllegalActionException: Unknown inputs remain. Possible causality loop:
L_model_1893289564i

  in .CannotAnalysisWithPreemption.model_1893289564_region_1 and .CannotAnalysisWithPreemption.model_1893289564_region_1.L_model_1893289564i
	at ptolemy.actor.sched.FixedPointDirector.postfire(FixedPointDirector.java:515)
	at ptolemy.domains.sr.kernel.SRDirector.postfire(SRDirector.java:417)
	at ptolemy.actor.CompositeActor.postfire(CompositeActor.java:1668)
	at ptolemy.actor.Manager.iterate(Manager.java:852)
	at ptolemy.actor.Manager.execute(Manager.java:369)
	at ptolemy.actor.Manager.run(Manager.java:1263)
	at ptolemy.actor.Manager$PtolemyRunThread.run(Manager.java:1933)
]]></system-err>
</testsuite>
