<?xml version="1.0" encoding="UTF-8" ?>
<testsuite errors="0" failures="0" hostname="travis-job-1db4173d-5ef4-45dc-b279-04da2c356d33" name="ptolemy.domains.continuous.test.junit.JUnitTclTest" skipped="0" tests="155" time="79.549" timestamp="2018-07-27T01:42:39">
  <properties>
[...]
</properties>
  <testcase classname="ptolemy.util.test.junit.TclTests" name="[0] ThereAreNoTclTests (RunTclFile)" time="0.001" />
  <testcase classname="ptolemy.util.test.junit.AutoKnownFailedTests" name="[0] ThereAreNoKnowFailedTests (RunModel)" time="0.001" />
  <testcase classname="ptolemy.util.test.junit.AutoNameArchTests" name="[0] ThereAreNoAutoArchTests (RunModel)" time="0.001" />
  <testcase classname="ptolemy.util.test.junit.AutoTests" name="[0] /home/travis/build/icyphy/ptII/ptolemy/domains/continuous/test/auto/BouncingBall.xml (RunModel)" time="3.152" />
  <testcase classname="ptolemy.util.test.junit.AutoTests" name="[1] /home/travis/build/icyphy/ptII/ptolemy/domains/continuous/test/auto/BouncingBallWithoutGR.xml (RunModel)" time="1.039" />
  <testcase classname="ptolemy.util.test.junit.AutoTests" name="[2] /home/travis/build/icyphy/ptII/ptolemy/domains/continuous/test/auto/Brownian.xml (RunModel)" time="0.112" />
  <testcase classname="ptolemy.util.test.junit.AutoTests" name="[3] /home/travis/build/icyphy/ptII/ptolemy/domains/continuous/test/auto/CarTracking.xml (RunModel)" time="3.92" />
  <testcase classname="ptolemy.util.test.junit.AutoTests" name="[4] /home/travis/build/icyphy/ptII/ptolemy/domains/continuous/test/auto/CartPendulum.xml (RunModel)" time="0.492" />
  <testcase classname="ptolemy.util.test.junit.AutoTests" name="[5] /home/travis/build/icyphy/ptII/ptolemy/domains/continuous/test/auto/CausalityInterface10.xml (RunModel)" time="0.046" />
  <testcase classname="ptolemy.util.test.junit.AutoTests" name="[6] /home/travis/build/icyphy/ptII/ptolemy/domains/continuous/test/auto/CausalityInterface11.xml (RunModel)" time="0.029" />
  <testcase classname="ptolemy.util.test.junit.AutoTests" name="[7] /home/travis/build/icyphy/ptII/ptolemy/domains/continuous/test/auto/CausalityInterface12.xml (RunModel)" time="0.029" />
  <testcase classname="ptolemy.util.test.junit.AutoTests" name="[8] /home/travis/build/icyphy/ptII/ptolemy/domains/continuous/test/auto/CausalityInterface13.xml (RunModel)" time="0.037" />
  <testcase classname="ptolemy.util.test.junit.AutoTests" name="[9] /home/travis/build/icyphy/ptII/ptolemy/domains/continuous/test/auto/CausalityInterface14.xml (RunModel)" time="0.023" />
  <testcase classname="ptolemy.util.test.junit.AutoTests" name="[10] /home/travis/build/icyphy/ptII/ptolemy/domains/continuous/test/auto/CausalityInterface4.xml (RunModel)" time="0.045" />
  <testcase classname="ptolemy.util.test.junit.AutoTests" name="[11] /home/travis/build/icyphy/ptII/ptolemy/domains/continuous/test/auto/CausalityInterface5.xml (RunModel)" time="0.047" />
  <testcase classname="ptolemy.util.test.junit.AutoTests" name="[12] /home/travis/build/icyphy/ptII/ptolemy/domains/continuous/test/auto/CausalityInterface6.xml (RunModel)" time="0.027" />
  <testcase classname="ptolemy.util.test.junit.AutoTests" name="[13] /home/travis/build/icyphy/ptII/ptolemy/domains/continuous/test/auto/CausalityInterface7.xml (RunModel)" time="0.058" />
  <testcase classname="ptolemy.util.test.junit.AutoTests" name="[14] /home/travis/build/icyphy/ptII/ptolemy/domains/continuous/test/auto/CausalityInterface8.xml (RunModel)" time="0.042" />
  <testcase classname="ptolemy.util.test.junit.AutoTests" name="[15] /home/travis/build/icyphy/ptII/ptolemy/domains/continuous/test/auto/CausalityInterface9.xml (RunModel)" time="0.056" />
  <testcase classname="ptolemy.util.test.junit.AutoTests" name="[16] /home/travis/build/icyphy/ptII/ptolemy/domains/continuous/test/auto/CausalityInterfaceFeedback1.xml (RunModel)" time="0.031" />
  <testcase classname="ptolemy.util.test.junit.AutoTests" name="[17] /home/travis/build/icyphy/ptII/ptolemy/domains/continuous/test/auto/CausalityInterfaceFeedback2.xml (RunModel)" time="0.053" />
  <testcase classname="ptolemy.util.test.junit.AutoTests" name="[18] /home/travis/build/icyphy/ptII/ptolemy/domains/continuous/test/auto/CompareWithCurrentTime.xml (RunModel)" time="0.029" />
  <testcase classname="ptolemy.util.test.junit.AutoTests" name="[19] /home/travis/build/icyphy/ptII/ptolemy/domains/continuous/test/auto/ComparedClocks.xml (RunModel)" time="0.091" />
  <testcase classname="ptolemy.util.test.junit.AutoTests" name="[20] /home/travis/build/icyphy/ptII/ptolemy/domains/continuous/test/auto/ContinuousAOCClone.xml (RunModel)" time="2.685" />
  <testcase classname="ptolemy.util.test.junit.AutoTests" name="[21] /home/travis/build/icyphy/ptII/ptolemy/domains/continuous/test/auto/ContinuousClock.xml (RunModel)" time="0.104" />
  <testcase classname="ptolemy.util.test.junit.AutoTests" name="[22] /home/travis/build/icyphy/ptII/ptolemy/domains/continuous/test/auto/ContinuousInContinuous.xml (RunModel)" time="0.099" />
  <testcase classname="ptolemy.util.test.junit.AutoTests" name="[23] /home/travis/build/icyphy/ptII/ptolemy/domains/continuous/test/auto/ContinuousInContinuousInContinuous.xml (RunModel)" time="0.031" />
  <testcase classname="ptolemy.util.test.junit.AutoTests" name="[24] /home/travis/build/icyphy/ptII/ptolemy/domains/continuous/test/auto/ContinuousInDE.xml (RunModel)" time="0.124" />
  <testcase classname="ptolemy.util.test.junit.AutoTests" name="[25] /home/travis/build/icyphy/ptII/ptolemy/domains/continuous/test/auto/ContinuousInDE2.xml (RunModel)" time="0.095" />
  <testcase classname="ptolemy.util.test.junit.AutoTests" name="[26] /home/travis/build/icyphy/ptII/ptolemy/domains/continuous/test/auto/ContinuousInDE3.xml (RunModel)" time="0.074" />
  <testcase classname="ptolemy.util.test.junit.AutoTests" name="[27] /home/travis/build/icyphy/ptII/ptolemy/domains/continuous/test/auto/ContinuousInDE4.xml (RunModel)" time="0.042" />
  <testcase classname="ptolemy.util.test.junit.AutoTests" name="[28] /home/travis/build/icyphy/ptII/ptolemy/domains/continuous/test/auto/ContinuousInDEDifferentRefinements.xml (RunModel)" time="0.14" />
  <testcase classname="ptolemy.util.test.junit.AutoTests" name="[29] /home/travis/build/icyphy/ptII/ptolemy/domains/continuous/test/auto/ContinuousInDEDifferentRefinementsPreemptive.xml (RunModel)" time="0.1" />
  <testcase classname="ptolemy.util.test.junit.AutoTests" name="[30] /home/travis/build/icyphy/ptII/ptolemy/domains/continuous/test/auto/ContinuousInDEInContinuous2.xml (RunModel)" time="0.071" />
  <testcase classname="ptolemy.util.test.junit.AutoTests" name="[31] /home/travis/build/icyphy/ptII/ptolemy/domains/continuous/test/auto/ContinuousInDEInContinuous3.xml (RunModel)" time="0.073" />
  <testcase classname="ptolemy.util.test.junit.AutoTests" name="[32] /home/travis/build/icyphy/ptII/ptolemy/domains/continuous/test/auto/ContinuousInDEInput.xml (RunModel)" time="0.072" />
  <testcase classname="ptolemy.util.test.junit.AutoTests" name="[33] /home/travis/build/icyphy/ptII/ptolemy/domains/continuous/test/auto/ContinuousInDEInput2.xml (RunModel)" time="0.041" />
  <testcase classname="ptolemy.util.test.junit.AutoTests" name="[34] /home/travis/build/icyphy/ptII/ptolemy/domains/continuous/test/auto/ContinuousInDEInput3.xml (RunModel)" time="0.033" />
  <testcase classname="ptolemy.util.test.junit.AutoTests" name="[35] /home/travis/build/icyphy/ptII/ptolemy/domains/continuous/test/auto/ContinuousInDESharingRefinement.xml (RunModel)" time="0.248" />
  <testcase classname="ptolemy.util.test.junit.AutoTests" name="[36] /home/travis/build/icyphy/ptII/ptolemy/domains/continuous/test/auto/ContinuousInDEwithNoPorts.xml (RunModel)" time="0.021" />
  <testcase classname="ptolemy.util.test.junit.AutoTests" name="[37] /home/travis/build/icyphy/ptII/ptolemy/domains/continuous/test/auto/ContinuousInsideDE.xml (RunModel)" time="0.095" />
  <testcase classname="ptolemy.util.test.junit.AutoTests" name="[38] /home/travis/build/icyphy/ptII/ptolemy/domains/continuous/test/auto/ContinuousMerge1.xml (RunModel)" time="0.022" />
  <testcase classname="ptolemy.util.test.junit.AutoTests" name="[39] /home/travis/build/icyphy/ptII/ptolemy/domains/continuous/test/auto/ContinuousMerge2.xml (RunModel)" time="0.059" />
  <testcase classname="ptolemy.util.test.junit.AutoTests" name="[40] /home/travis/build/icyphy/ptII/ptolemy/domains/continuous/test/auto/ContinuousMerge3.xml (RunModel)" time="0.079" />
  <testcase classname="ptolemy.util.test.junit.AutoTests" name="[41] /home/travis/build/icyphy/ptII/ptolemy/domains/continuous/test/auto/ContinuousWithinContinuous.xml (RunModel)" time="0.067" />
  <testcase classname="ptolemy.util.test.junit.AutoTests" name="[42] /home/travis/build/icyphy/ptII/ptolemy/domains/continuous/test/auto/ContinuousWithinContinuous2.xml (RunModel)" time="0.092" />
  <testcase classname="ptolemy.util.test.junit.AutoTests" name="[43] /home/travis/build/icyphy/ptII/ptolemy/domains/continuous/test/auto/ContinuousWithinContinuous3.xml (RunModel)" time="0.033" />
  <testcase classname="ptolemy.util.test.junit.AutoTests" name="[44] /home/travis/build/icyphy/ptII/ptolemy/domains/continuous/test/auto/ContinuousWithinContinuous4.xml (RunModel)" time="0.09" />
  <testcase classname="ptolemy.util.test.junit.AutoTests" name="[45] /home/travis/build/icyphy/ptII/ptolemy/domains/continuous/test/auto/ContinuousWithinContinuous5.xml (RunModel)" time="0.037" />
  <testcase classname="ptolemy.util.test.junit.AutoTests" name="[46] /home/travis/build/icyphy/ptII/ptolemy/domains/continuous/test/auto/ContinuousWithinContinuous6.xml (RunModel)" time="0.03" />
  <testcase classname="ptolemy.util.test.junit.AutoTests" name="[47] /home/travis/build/icyphy/ptII/ptolemy/domains/continuous/test/auto/ContinuousWithinContinuous7.xml (RunModel)" time="0.078" />
  <testcase classname="ptolemy.util.test.junit.AutoTests" name="[48] /home/travis/build/icyphy/ptII/ptolemy/domains/continuous/test/auto/DCMotor.xml (RunModel)" time="15.338" />
  <testcase classname="ptolemy.util.test.junit.AutoTests" name="[49] /home/travis/build/icyphy/ptII/ptolemy/domains/continuous/test/auto/DEInContinuous.xml (RunModel)" time="0.03" />
  <testcase classname="ptolemy.util.test.junit.AutoTests" name="[50] /home/travis/build/icyphy/ptII/ptolemy/domains/continuous/test/auto/DEinContinuous2.xml (RunModel)" time="0.038" />
  <testcase classname="ptolemy.util.test.junit.AutoTests" name="[51] /home/travis/build/icyphy/ptII/ptolemy/domains/continuous/test/auto/Derivative.xml (RunModel)" time="0.243" />
  <testcase classname="ptolemy.util.test.junit.AutoTests" name="[52] /home/travis/build/icyphy/ptII/ptolemy/domains/continuous/test/auto/Derivative1.xml (RunModel)" time="0.065" />
  <testcase classname="ptolemy.util.test.junit.AutoTests" name="[53] /home/travis/build/icyphy/ptII/ptolemy/domains/continuous/test/auto/DiscreteClock.xml (RunModel)" time="0.015" />
  <testcase classname="ptolemy.util.test.junit.AutoTests" name="[54] /home/travis/build/icyphy/ptII/ptolemy/domains/continuous/test/auto/EfficiencyCurve.xml (RunModel)" time="0.123" />
  <testcase classname="ptolemy.util.test.junit.AutoTests" name="[55] /home/travis/build/icyphy/ptII/ptolemy/domains/continuous/test/auto/ExponentialResponse.xml (RunModel)" time="0.14" />
  <testcase classname="ptolemy.util.test.junit.AutoTests" name="[56] /home/travis/build/icyphy/ptII/ptolemy/domains/continuous/test/auto/ExponentialResponseRK45.xml (RunModel)" time="0.038" />
  <testcase classname="ptolemy.util.test.junit.AutoTests" name="[57] /home/travis/build/icyphy/ptII/ptolemy/domains/continuous/test/auto/Friction.xml (RunModel)" time="1.661" />
  <testcase classname="ptolemy.util.test.junit.AutoTests" name="[58] /home/travis/build/icyphy/ptII/ptolemy/domains/continuous/test/auto/FurutaPendulum.xml (RunModel)" time="3.25" />
  <testcase classname="ptolemy.util.test.junit.AutoTests" name="[59] /home/travis/build/icyphy/ptII/ptolemy/domains/continuous/test/auto/HierarchicalExecution.xml (RunModel)" time="2.702" />
  <testcase classname="ptolemy.util.test.junit.AutoTests" name="[60] /home/travis/build/icyphy/ptII/ptolemy/domains/continuous/test/auto/HybridPlant.xml (RunModel)" time="0.603" />
  <testcase classname="ptolemy.util.test.junit.AutoTests" name="[61] /home/travis/build/icyphy/ptII/ptolemy/domains/continuous/test/auto/Hysteresis.xml (RunModel)" time="0.209" />
  <testcase classname="ptolemy.util.test.junit.AutoTests" name="[62] /home/travis/build/icyphy/ptII/ptolemy/domains/continuous/test/auto/HysteresisWithRandomDelay.xml (RunModel)" time="0.247" />
  <testcase classname="ptolemy.util.test.junit.AutoTests" name="[63] /home/travis/build/icyphy/ptII/ptolemy/domains/continuous/test/auto/HysteresisWithRandomLosses.xml (RunModel)" time="2.635" />
  <testcase classname="ptolemy.util.test.junit.AutoTests" name="[64] /home/travis/build/icyphy/ptII/ptolemy/domains/continuous/test/auto/ImmediateTransitions.xml (RunModel)" time="0.041" />
  <testcase classname="ptolemy.util.test.junit.AutoTests" name="[65] /home/travis/build/icyphy/ptII/ptolemy/domains/continuous/test/auto/ImpulseFeedback.xml (RunModel)" time="0.022" />
  <testcase classname="ptolemy.util.test.junit.AutoTests" name="[66] /home/travis/build/icyphy/ptII/ptolemy/domains/continuous/test/auto/ImpulseFeedback2.xml (RunModel)" time="0.027" />
  <testcase classname="ptolemy.util.test.junit.AutoTests" name="[67] /home/travis/build/icyphy/ptII/ptolemy/domains/continuous/test/auto/IncreasingRatePoisson.xml (RunModel)" time="0.798" />
  <testcase classname="ptolemy.util.test.junit.AutoTests" name="[68] /home/travis/build/icyphy/ptII/ptolemy/domains/continuous/test/auto/InitialStateFeedback.xml (RunModel)" time="0.013" />
  <testcase classname="ptolemy.util.test.junit.AutoTests" name="[69] /home/travis/build/icyphy/ptII/ptolemy/domains/continuous/test/auto/Integration.xml (RunModel)" time="0.01" />
  <testcase classname="ptolemy.util.test.junit.AutoTests" name="[70] /home/travis/build/icyphy/ptII/ptolemy/domains/continuous/test/auto/Integration2.xml (RunModel)" time="0.095" />
  <testcase classname="ptolemy.util.test.junit.AutoTests" name="[71] /home/travis/build/icyphy/ptII/ptolemy/domains/continuous/test/auto/Integration3.xml (RunModel)" time="0.027" />
  <testcase classname="ptolemy.util.test.junit.AutoTests" name="[72] /home/travis/build/icyphy/ptII/ptolemy/domains/continuous/test/auto/Integration5.xml (RunModel)" time="0.011" />
  <testcase classname="ptolemy.util.test.junit.AutoTests" name="[73] /home/travis/build/icyphy/ptII/ptolemy/domains/continuous/test/auto/IntegratorImpulse.xml (RunModel)" time="0.01" />
  <testcase classname="ptolemy.util.test.junit.AutoTests" name="[74] /home/travis/build/icyphy/ptII/ptolemy/domains/continuous/test/auto/IntegratorImpulse2.xml (RunModel)" time="0.013" />
  <testcase classname="ptolemy.util.test.junit.AutoTests" name="[75] /home/travis/build/icyphy/ptII/ptolemy/domains/continuous/test/auto/LevelCrossing1.xml (RunModel)" time="0.013" />
  <testcase classname="ptolemy.util.test.junit.AutoTests" name="[76] /home/travis/build/icyphy/ptII/ptolemy/domains/continuous/test/auto/LevelCrossing2.xml (RunModel)" time="0.014" />
  <testcase classname="ptolemy.util.test.junit.AutoTests" name="[77] /home/travis/build/icyphy/ptII/ptolemy/domains/continuous/test/auto/LevelCrossing3.xml (RunModel)" time="0.03" />
  <testcase classname="ptolemy.util.test.junit.AutoTests" name="[78] /home/travis/build/icyphy/ptII/ptolemy/domains/continuous/test/auto/LevelCrossing4.xml (RunModel)" time="0.014" />
  <testcase classname="ptolemy.util.test.junit.AutoTests" name="[79] /home/travis/build/icyphy/ptII/ptolemy/domains/continuous/test/auto/LevelCrossing5.xml (RunModel)" time="0.014" />
  <testcase classname="ptolemy.util.test.junit.AutoTests" name="[80] /home/travis/build/icyphy/ptII/ptolemy/domains/continuous/test/auto/LevelCrossing6.xml (RunModel)" time="0.015" />
  <testcase classname="ptolemy.util.test.junit.AutoTests" name="[81] /home/travis/build/icyphy/ptII/ptolemy/domains/continuous/test/auto/LevelCrossingDetector.xml (RunModel)" time="0.07" />
  <testcase classname="ptolemy.util.test.junit.AutoTests" name="[82] /home/travis/build/icyphy/ptII/ptolemy/domains/continuous/test/auto/LevelCrossingDetectorDetectingDirections.xml (RunModel)" time="0.09" />
  <testcase classname="ptolemy.util.test.junit.AutoTests" name="[83] /home/travis/build/icyphy/ptII/ptolemy/domains/continuous/test/auto/LevelCrossingDetectorDetectsGlitches.xml (RunModel)" time="0.069" />
  <testcase classname="ptolemy.util.test.junit.AutoTests" name="[84] /home/travis/build/icyphy/ptII/ptolemy/domains/continuous/test/auto/LevelCrossingNoInitialOuput.xml (RunModel)" time="0.014" />
  <testcase classname="ptolemy.util.test.junit.AutoTests" name="[85] /home/travis/build/icyphy/ptII/ptolemy/domains/continuous/test/auto/LinearStateSpaceExample.xml (RunModel)" time="0.044" />
  <testcase classname="ptolemy.util.test.junit.AutoTests" name="[86] /home/travis/build/icyphy/ptII/ptolemy/domains/continuous/test/auto/Lorenz.xml (RunModel)" time="4.968" />
  <testcase classname="ptolemy.util.test.junit.AutoTests" name="[87] /home/travis/build/icyphy/ptII/ptolemy/domains/continuous/test/auto/LorenzDifferentialSystem.xml (RunModel)" time="1.166" />
  <testcase classname="ptolemy.util.test.junit.AutoTests" name="[88] /home/travis/build/icyphy/ptII/ptolemy/domains/continuous/test/auto/LorenzDifferentialSystemWithInput.xml (RunModel)" time="1.456" />
  <testcase classname="ptolemy.util.test.junit.AutoTests" name="[89] /home/travis/build/icyphy/ptII/ptolemy/domains/continuous/test/auto/LorenzDifferentialSystemWithTime.xml (RunModel)" time="0.929" />
  <testcase classname="ptolemy.util.test.junit.AutoTests" name="[90] /home/travis/build/icyphy/ptII/ptolemy/domains/continuous/test/auto/Microsteps.xml (RunModel)" time="0.028" />
  <testcase classname="ptolemy.util.test.junit.AutoTests" name="[91] /home/travis/build/icyphy/ptII/ptolemy/domains/continuous/test/auto/Modal1.xml (RunModel)" time="0.038" />
  <testcase classname="ptolemy.util.test.junit.AutoTests" name="[92] /home/travis/build/icyphy/ptII/ptolemy/domains/continuous/test/auto/Modal2.xml (RunModel)" time="0.041" />
  <testcase classname="ptolemy.util.test.junit.AutoTests" name="[93] /home/travis/build/icyphy/ptII/ptolemy/domains/continuous/test/auto/ModalTransitionGuardWithReset.xml (RunModel)" time="0.029" />
  <testcase classname="ptolemy.util.test.junit.AutoTests" name="[94] /home/travis/build/icyphy/ptII/ptolemy/domains/continuous/test/auto/ModalTransitionGuardWithResetUsingPreemptiveTransition.xml (RunModel)" time="0.039" />
  <testcase classname="ptolemy.util.test.junit.AutoTests" name="[95] /home/travis/build/icyphy/ptII/ptolemy/domains/continuous/test/auto/ModalTransitionGuardWithResetUsingPreemptiveTransition2.xml (RunModel)" time="0.034" />
  <testcase classname="ptolemy.util.test.junit.AutoTests" name="[96] /home/travis/build/icyphy/ptII/ptolemy/domains/continuous/test/auto/ModalTransitionGuardWithResetUsingPreemptiveTransition3.xml (RunModel)" time="0.026" />
  <testcase classname="ptolemy.util.test.junit.AutoTests" name="[97] /home/travis/build/icyphy/ptII/ptolemy/domains/continuous/test/auto/NewtonsCradle.xml (RunModel)" time="0.886" />
  <testcase classname="ptolemy.util.test.junit.AutoTests" name="[98] /home/travis/build/icyphy/ptII/ptolemy/domains/continuous/test/auto/NewtonsCradleAnimated.xml (RunModel)" time="1.392" />
  <testcase classname="ptolemy.util.test.junit.AutoTests" name="[99] /home/travis/build/icyphy/ptII/ptolemy/domains/continuous/test/auto/NewtonsCradleComplicated.xml (RunModel)" time="1.039" />
  <testcase classname="ptolemy.util.test.junit.AutoTests" name="[100] /home/travis/build/icyphy/ptII/ptolemy/domains/continuous/test/auto/NewtonsCradleNondeterministic.xml (RunModel)" time="0.665" />
  <testcase classname="ptolemy.util.test.junit.AutoTests" name="[101] /home/travis/build/icyphy/ptII/ptolemy/domains/continuous/test/auto/NewtonsCradlePerfectlyInelastic1.xml (RunModel)" time="1.274" />
  <testcase classname="ptolemy.util.test.junit.AutoTests" name="[102] /home/travis/build/icyphy/ptII/ptolemy/domains/continuous/test/auto/Noise.xml (RunModel)" time="0.206" />
  <testcase classname="ptolemy.util.test.junit.AutoTests" name="[103] /home/travis/build/icyphy/ptII/ptolemy/domains/continuous/test/auto/NoiseSpectrum.xml (RunModel)" time="0.839" />
  <testcase classname="ptolemy.util.test.junit.AutoTests" name="[104] /home/travis/build/icyphy/ptII/ptolemy/domains/continuous/test/auto/ParameterizedNewtonsCradleAnimated.xml (RunModel)" time="0.393" />
  <testcase classname="ptolemy.util.test.junit.AutoTests" name="[105] /home/travis/build/icyphy/ptII/ptolemy/domains/continuous/test/auto/ParameterizedNewtonsCradleAnimatedNondeterministic.xml (RunModel)" time="1.194" />
  <testcase classname="ptolemy.util.test.junit.AutoTests" name="[106] /home/travis/build/icyphy/ptII/ptolemy/domains/continuous/test/auto/Pendulum3D.xml (RunModel)" time="0.187" />
  <testcase classname="ptolemy.util.test.junit.AutoTests" name="[107] /home/travis/build/icyphy/ptII/ptolemy/domains/continuous/test/auto/PeriodicSampler.xml (RunModel)" time="0.01" />
  <testcase classname="ptolemy.util.test.junit.AutoTests" name="[108] /home/travis/build/icyphy/ptII/ptolemy/domains/continuous/test/auto/PeriodicSampler1.xml (RunModel)" time="0.052" />
  <testcase classname="ptolemy.util.test.junit.AutoTests" name="[109] /home/travis/build/icyphy/ptII/ptolemy/domains/continuous/test/auto/PeriodicSampler2.xml (RunModel)" time="0.077" />
  <testcase classname="ptolemy.util.test.junit.AutoTests" name="[110] /home/travis/build/icyphy/ptII/ptolemy/domains/continuous/test/auto/Poisson.xml (RunModel)" time="0.519" />
  <testcase classname="ptolemy.util.test.junit.AutoTests" name="[111] /home/travis/build/icyphy/ptII/ptolemy/domains/continuous/test/auto/PoissonClock.xml (RunModel)" time="0.013" />
  <testcase classname="ptolemy.util.test.junit.AutoTests" name="[112] /home/travis/build/icyphy/ptII/ptolemy/domains/continuous/test/auto/PoissonClock2.xml (RunModel)" time="0.013" />
  <testcase classname="ptolemy.util.test.junit.AutoTests" name="[113] /home/travis/build/icyphy/ptII/ptolemy/domains/continuous/test/auto/PortParameterHierarchy.xml (RunModel)" time="0.018" />
  <testcase classname="ptolemy.util.test.junit.AutoTests" name="[114] /home/travis/build/icyphy/ptII/ptolemy/domains/continuous/test/auto/RandomHybridPlant.xml (RunModel)" time="0.58" />
  <testcase classname="ptolemy.util.test.junit.AutoTests" name="[115] /home/travis/build/icyphy/ptII/ptolemy/domains/continuous/test/auto/ResetTransitionWithStartTime1.xml (RunModel)" time="0.028" />
  <testcase classname="ptolemy.util.test.junit.AutoTests" name="[116] /home/travis/build/icyphy/ptII/ptolemy/domains/continuous/test/auto/ResetTransitionWithStartTime2.xml (RunModel)" time="0.042" />
  <testcase classname="ptolemy.util.test.junit.AutoTests" name="[117] /home/travis/build/icyphy/ptII/ptolemy/domains/continuous/test/auto/ResetTransitionWithStartTime3.xml (RunModel)" time="0.046" />
  <testcase classname="ptolemy.util.test.junit.AutoTests" name="[118] /home/travis/build/icyphy/ptII/ptolemy/domains/continuous/test/auto/ResetTransitionWithStartTime4.xml (RunModel)" time="0.024" />
  <testcase classname="ptolemy.util.test.junit.AutoTests" name="[119] /home/travis/build/icyphy/ptII/ptolemy/domains/continuous/test/auto/ResetTransitionWithStartTime5.xml (RunModel)" time="0.037" />
  <testcase classname="ptolemy.util.test.junit.AutoTests" name="[120] /home/travis/build/icyphy/ptII/ptolemy/domains/continuous/test/auto/ResetTransitionWithStartTime6.xml (RunModel)" time="0.027" />
  <testcase classname="ptolemy.util.test.junit.AutoTests" name="[121] /home/travis/build/icyphy/ptII/ptolemy/domains/continuous/test/auto/SRinContinuous.xml (RunModel)" time="0.035" />
  <testcase classname="ptolemy.util.test.junit.AutoTests" name="[122] /home/travis/build/icyphy/ptII/ptolemy/domains/continuous/test/auto/SampledClocks.xml (RunModel)" time="0.043" />
  <testcase classname="ptolemy.util.test.junit.AutoTests" name="[123] /home/travis/build/icyphy/ptII/ptolemy/domains/continuous/test/auto/Satellite.xml (RunModel)" time="1.053" />
  <testcase classname="ptolemy.util.test.junit.AutoTests" name="[124] /home/travis/build/icyphy/ptII/ptolemy/domains/continuous/test/auto/SigmaDelta.xml (RunModel)" time="2.803" />
  <testcase classname="ptolemy.util.test.junit.AutoTests" name="[125] /home/travis/build/icyphy/ptII/ptolemy/domains/continuous/test/auto/SinuBouncingBall.xml (RunModel)" time="0.856" />
  <testcase classname="ptolemy.util.test.junit.AutoTests" name="[126] /home/travis/build/icyphy/ptII/ptolemy/domains/continuous/test/auto/Sinusoid.xml (RunModel)" time="0.021" />
  <testcase classname="ptolemy.util.test.junit.AutoTests" name="[127] /home/travis/build/icyphy/ptII/ptolemy/domains/continuous/test/auto/SinusoidInNoise.xml (RunModel)" time="0.986" />
  <testcase classname="ptolemy.util.test.junit.AutoTests" name="[128] /home/travis/build/icyphy/ptII/ptolemy/domains/continuous/test/auto/SinusoidRK45.xml (RunModel)" time="0.02" />
  <testcase classname="ptolemy.util.test.junit.AutoTests" name="[129] /home/travis/build/icyphy/ptII/ptolemy/domains/continuous/test/auto/SinusoidWithMultipleImpulses.xml (RunModel)" time="0.016" />
  <testcase classname="ptolemy.util.test.junit.AutoTests" name="[130] /home/travis/build/icyphy/ptII/ptolemy/domains/continuous/test/auto/SquareWave.xml (RunModel)" time="0.219" />
  <testcase classname="ptolemy.util.test.junit.AutoTests" name="[131] /home/travis/build/icyphy/ptII/ptolemy/domains/continuous/test/auto/Starmac.xml (RunModel)" time="3.515" />
  <testcase classname="ptolemy.util.test.junit.AutoTests" name="[132] /home/travis/build/icyphy/ptII/ptolemy/domains/continuous/test/auto/StaticUnits.xml (RunModel)" time="2.344" />
  <testcase classname="ptolemy.util.test.junit.AutoTests" name="[133] /home/travis/build/icyphy/ptII/ptolemy/domains/continuous/test/auto/StickyMasses.xml (RunModel)" time="0.222" />
  <testcase classname="ptolemy.util.test.junit.AutoTests" name="[134] /home/travis/build/icyphy/ptII/ptolemy/domains/continuous/test/auto/StopTime.xml (RunModel)" time="0.071" />
  <testcase classname="ptolemy.util.test.junit.AutoTests" name="[135] /home/travis/build/icyphy/ptII/ptolemy/domains/continuous/test/auto/StopTime2.xml (RunModel)" time="0.074" />
  <testcase classname="ptolemy.util.test.junit.AutoTests" name="[136] /home/travis/build/icyphy/ptII/ptolemy/domains/continuous/test/auto/Switch.xml (RunModel)" time="0.097" />
  <testcase classname="ptolemy.util.test.junit.AutoTests" name="[137] /home/travis/build/icyphy/ptII/ptolemy/domains/continuous/test/auto/Thermostat.xml (RunModel)" time="0.249" />
  <testcase classname="ptolemy.util.test.junit.AutoTests" name="[138] /home/travis/build/icyphy/ptII/ptolemy/domains/continuous/test/auto/TimeDelay.xml (RunModel)" time="0.013" />
  <testcase classname="ptolemy.util.test.junit.AutoTests" name="[139] /home/travis/build/icyphy/ptII/ptolemy/domains/continuous/test/auto/TimeDelay2.xml (RunModel)" time="0.021" />
  <testcase classname="ptolemy.util.test.junit.AutoTests" name="[140] /home/travis/build/icyphy/ptII/ptolemy/domains/continuous/test/auto/TimeDelay3.xml (RunModel)" time="0.011" />
  <testcase classname="ptolemy.util.test.junit.AutoTests" name="[141] /home/travis/build/icyphy/ptII/ptolemy/domains/continuous/test/auto/TransferAbsentToInside.xml (RunModel)" time="0.144" />
  <testcase classname="ptolemy.util.test.junit.AutoTests" name="[142] /home/travis/build/icyphy/ptII/ptolemy/domains/continuous/test/auto/Transmission.xml (RunModel)" time="0.883" />
  <testcase classname="ptolemy.util.test.junit.AutoTests" name="[143] /home/travis/build/icyphy/ptII/ptolemy/domains/continuous/test/auto/TriggeredContinuousClock.xml (RunModel)" time="0.084" />
  <testcase classname="ptolemy.util.test.junit.AutoTests" name="[144] /home/travis/build/icyphy/ptII/ptolemy/domains/continuous/test/auto/TwoMachineInfiniteBusControl.xml (RunModel)" time="2.45" />
  <testcase classname="ptolemy.util.test.junit.AutoTests" name="[145] /home/travis/build/icyphy/ptII/ptolemy/domains/continuous/test/auto/V2V.xml (RunModel)" time="0.875" />
  <testcase classname="ptolemy.util.test.junit.AutoTests" name="[146] /home/travis/build/icyphy/ptII/ptolemy/domains/continuous/test/auto/hierarchicalModalModel.xml (RunModel)" time="0.038" />
  <testcase classname="ptolemy.util.test.junit.AutoTests" name="[147] /home/travis/build/icyphy/ptII/ptolemy/domains/continuous/test/auto/hierarchicalModalModel1.xml (RunModel)" time="0.05" />
  <testcase classname="ptolemy.util.test.junit.AutoTests" name="[148] /home/travis/build/icyphy/ptII/ptolemy/domains/continuous/test/auto/hierarchicalModalModel2.xml (RunModel)" time="0.035" />
  <testcase classname="ptolemy.util.test.junit.AutoTests" name="[149] /home/travis/build/icyphy/ptII/ptolemy/domains/continuous/test/auto/hierarchicalModalModel3.xml (RunModel)" time="0.027" />
  <testcase classname="ptolemy.util.test.junit.AutoTests" name="[150] /home/travis/build/icyphy/ptII/ptolemy/domains/continuous/test/auto/hierarchicalModalModel4.xml (RunModel)" time="0.03" />
  <testcase classname="ptolemy.util.test.junit.AutoTests" name="[151] /home/travis/build/icyphy/ptII/ptolemy/domains/continuous/test/auto/junk.xml (RunModel)" time="0.154" />
  <system-out><![CDATA[No tcl tests in /home/travis/build/icyphy/ptII/ptolemy/domains/continuous/test
No auto/knownFailedTests/*.xml tests in /home/travis/build/icyphy/ptII/ptolemy/domains/continuous/test
No auto/linux-amd64/*.xml tests in /home/travis/build/icyphy/ptII/ptolemy/domains/continuous/test
AutoTests.java: About to close Vertx.
AutoTests.java: Vertx closed.

===========================================================================================
----------------- testing Fri Jul 27 01:42:39 UTC 2018 /home/travis/build/icyphy/ptII/ptolemy/domains/continuous/test/auto/BouncingBall.xml
----------------- Instantiating /home/travis/build/icyphy/ptII/ptolemy/domains/continuous/test/auto/BouncingBall.xml
2612 ms. Memory: 331776K Free: 254802K (77%)
----------------- Invoking toplevel() on ptolemy.moml.MoMLSimpleApplication@16818c76
----------------- Done invoking toplevel() on ptolemy.moml.MoMLSimpleApplication@16818c76
reloadAllAccessors: .BouncingBall

===========================================================================================
----------------- testing Fri Jul 27 01:42:43 UTC 2018 /home/travis/build/icyphy/ptII/ptolemy/domains/continuous/test/auto/BouncingBallWithoutGR.xml
----------------- Instantiating /home/travis/build/icyphy/ptII/ptolemy/domains/continuous/test/auto/BouncingBallWithoutGR.xml
883 ms. Memory: 331776K Free: 315599K (95%)
----------------- Invoking toplevel() on ptolemy.moml.MoMLSimpleApplication@207e491b
----------------- Done invoking toplevel() on ptolemy.moml.MoMLSimpleApplication@207e491b
reloadAllAccessors: .BouncingBallWithoutGR

===========================================================================================
----------------- testing Fri Jul 27 01:42:44 UTC 2018 /home/travis/build/icyphy/ptII/ptolemy/domains/continuous/test/auto/Brownian.xml
----------------- Instantiating /home/travis/build/icyphy/ptII/ptolemy/domains/continuous/test/auto/Brownian.xml
37 ms. Memory: 331776K Free: 301669K (91%)
----------------- Invoking toplevel() on ptolemy.moml.MoMLSimpleApplication@3006cbbc
----------------- Done invoking toplevel() on ptolemy.moml.MoMLSimpleApplication@3006cbbc
reloadAllAccessors: .Brownian

===========================================================================================
----------------- testing Fri Jul 27 01:42:44 UTC 2018 /home/travis/build/icyphy/ptII/ptolemy/domains/continuous/test/auto/CarTracking.xml
----------------- Instantiating /home/travis/build/icyphy/ptII/ptolemy/domains/continuous/test/auto/CarTracking.xml
3500 ms. Memory: 578048K Free: 465990K (81%)
----------------- Invoking toplevel() on ptolemy.moml.MoMLSimpleApplication@1fae16d5
----------------- Done invoking toplevel() on ptolemy.moml.MoMLSimpleApplication@1fae16d5
reloadAllAccessors: .CarTracking

===========================================================================================
----------------- testing Fri Jul 27 01:42:48 UTC 2018 /home/travis/build/icyphy/ptII/ptolemy/domains/continuous/test/auto/CartPendulum.xml
----------------- Instantiating /home/travis/build/icyphy/ptII/ptolemy/domains/continuous/test/auto/CartPendulum.xml
332 ms. Memory: 578048K Free: 361380K (63%)
----------------- Invoking toplevel() on ptolemy.moml.MoMLSimpleApplication@8146b03
----------------- Done invoking toplevel() on ptolemy.moml.MoMLSimpleApplication@8146b03
reloadAllAccessors: .CartPendulum

===========================================================================================
----------------- testing Fri Jul 27 01:42:48 UTC 2018 /home/travis/build/icyphy/ptII/ptolemy/domains/continuous/test/auto/CausalityInterface10.xml
----------------- Instantiating /home/travis/build/icyphy/ptII/ptolemy/domains/continuous/test/auto/CausalityInterface10.xml
7 ms. Memory: 578048K Free: 340070K (59%)
----------------- Invoking toplevel() on ptolemy.moml.MoMLSimpleApplication@5d685f1c
----------------- Done invoking toplevel() on ptolemy.moml.MoMLSimpleApplication@5d685f1c
reloadAllAccessors: .CausalityInterface10

===========================================================================================
----------------- testing Fri Jul 27 01:42:48 UTC 2018 /home/travis/build/icyphy/ptII/ptolemy/domains/continuous/test/auto/CausalityInterface11.xml
----------------- Instantiating /home/travis/build/icyphy/ptII/ptolemy/domains/continuous/test/auto/CausalityInterface11.xml
4 ms. Memory: 578048K Free: 330242K (57%)
----------------- Invoking toplevel() on ptolemy.moml.MoMLSimpleApplication@c1091fc
----------------- Done invoking toplevel() on ptolemy.moml.MoMLSimpleApplication@c1091fc
reloadAllAccessors: .CausalityInterface11

===========================================================================================
----------------- testing Fri Jul 27 01:42:48 UTC 2018 /home/travis/build/icyphy/ptII/ptolemy/domains/continuous/test/auto/CausalityInterface12.xml
----------------- Instantiating /home/travis/build/icyphy/ptII/ptolemy/domains/continuous/test/auto/CausalityInterface12.xml
4 ms. Memory: 578048K Free: 320406K (55%)
----------------- Invoking toplevel() on ptolemy.moml.MoMLSimpleApplication@3e3b7392
----------------- Done invoking toplevel() on ptolemy.moml.MoMLSimpleApplication@3e3b7392
reloadAllAccessors: .CausalityInterface12

===========================================================================================
----------------- testing Fri Jul 27 01:42:48 UTC 2018 /home/travis/build/icyphy/ptII/ptolemy/domains/continuous/test/auto/CausalityInterface13.xml
----------------- Instantiating /home/travis/build/icyphy/ptII/ptolemy/domains/continuous/test/auto/CausalityInterface13.xml
4 ms. Memory: 578048K Free: 307426K (53%)
----------------- Invoking toplevel() on ptolemy.moml.MoMLSimpleApplication@2cd445dc
----------------- Done invoking toplevel() on ptolemy.moml.MoMLSimpleApplication@2cd445dc
reloadAllAccessors: .CausalityInterface13

===========================================================================================
----------------- testing Fri Jul 27 01:42:48 UTC 2018 /home/travis/build/icyphy/ptII/ptolemy/domains/continuous/test/auto/CausalityInterface14.xml
----------------- Instantiating /home/travis/build/icyphy/ptII/ptolemy/domains/continuous/test/auto/CausalityInterface14.xml
3 ms. Memory: 578048K Free: 297589K (51%)
----------------- Invoking toplevel() on ptolemy.moml.MoMLSimpleApplication@54426a0b
----------------- Done invoking toplevel() on ptolemy.moml.MoMLSimpleApplication@54426a0b
reloadAllAccessors: .CausalityInterface14

===========================================================================================
----------------- testing Fri Jul 27 01:42:48 UTC 2018 /home/travis/build/icyphy/ptII/ptolemy/domains/continuous/test/auto/CausalityInterface4.xml
----------------- Instantiating /home/travis/build/icyphy/ptII/ptolemy/domains/continuous/test/auto/CausalityInterface4.xml
8 ms. Memory: 578048K Free: 287761K (50%)
----------------- Invoking toplevel() on ptolemy.moml.MoMLSimpleApplication@2cb3a44
----------------- Done invoking toplevel() on ptolemy.moml.MoMLSimpleApplication@2cb3a44
reloadAllAccessors: .CausalityInterface4

===========================================================================================
----------------- testing Fri Jul 27 01:42:48 UTC 2018 /home/travis/build/icyphy/ptII/ptolemy/domains/continuous/test/auto/CausalityInterface5.xml
----------------- Instantiating /home/travis/build/icyphy/ptII/ptolemy/domains/continuous/test/auto/CausalityInterface5.xml
5 ms. Memory: 578048K Free: 274667K (48%)
----------------- Invoking toplevel() on ptolemy.moml.MoMLSimpleApplication@46ce51a1
----------------- Done invoking toplevel() on ptolemy.moml.MoMLSimpleApplication@46ce51a1
reloadAllAccessors: .CausalityInterface5

===========================================================================================
----------------- testing Fri Jul 27 01:42:48 UTC 2018 /home/travis/build/icyphy/ptII/ptolemy/domains/continuous/test/auto/CausalityInterface6.xml
----------------- Instantiating /home/travis/build/icyphy/ptII/ptolemy/domains/continuous/test/auto/CausalityInterface6.xml
3 ms. Memory: 578048K Free: 261679K (45%)
----------------- Invoking toplevel() on ptolemy.moml.MoMLSimpleApplication@3bbf927a
----------------- Done invoking toplevel() on ptolemy.moml.MoMLSimpleApplication@3bbf927a
reloadAllAccessors: .CausalityInterface6

===========================================================================================
----------------- testing Fri Jul 27 01:42:48 UTC 2018 /home/travis/build/icyphy/ptII/ptolemy/domains/continuous/test/auto/CausalityInterface7.xml
----------------- Instantiating /home/travis/build/icyphy/ptII/ptolemy/domains/continuous/test/auto/CausalityInterface7.xml
17 ms. Memory: 578048K Free: 248578K (43%)
----------------- Invoking toplevel() on ptolemy.moml.MoMLSimpleApplication@725f5caf
----------------- Done invoking toplevel() on ptolemy.moml.MoMLSimpleApplication@725f5caf
reloadAllAccessors: .CausalityInterface7

===========================================================================================
----------------- testing Fri Jul 27 01:42:48 UTC 2018 /home/travis/build/icyphy/ptII/ptolemy/domains/continuous/test/auto/CausalityInterface8.xml
----------------- Instantiating /home/travis/build/icyphy/ptII/ptolemy/domains/continuous/test/auto/CausalityInterface8.xml
6 ms. Memory: 578048K Free: 235468K (41%)
----------------- Invoking toplevel() on ptolemy.moml.MoMLSimpleApplication@6c83e19a
----------------- Done invoking toplevel() on ptolemy.moml.MoMLSimpleApplication@6c83e19a
reloadAllAccessors: .CausalityInterface8

===========================================================================================
----------------- testing Fri Jul 27 01:42:48 UTC 2018 /home/travis/build/icyphy/ptII/ptolemy/domains/continuous/test/auto/CausalityInterface9.xml
----------------- Instantiating /home/travis/build/icyphy/ptII/ptolemy/domains/continuous/test/auto/CausalityInterface9.xml
9 ms. Memory: 578048K Free: 219101K (38%)
----------------- Invoking toplevel() on ptolemy.moml.MoMLSimpleApplication@f8710a4
----------------- Done invoking toplevel() on ptolemy.moml.MoMLSimpleApplication@f8710a4
reloadAllAccessors: .CausalityInterface9

===========================================================================================
----------------- testing Fri Jul 27 01:42:49 UTC 2018 /home/travis/build/icyphy/ptII/ptolemy/domains/continuous/test/auto/CausalityInterfaceFeedback1.xml
----------------- Instantiating /home/travis/build/icyphy/ptII/ptolemy/domains/continuous/test/auto/CausalityInterfaceFeedback1.xml
3 ms. Memory: 578048K Free: 206105K (36%)
----------------- Invoking toplevel() on ptolemy.moml.MoMLSimpleApplication@4991572
----------------- Done invoking toplevel() on ptolemy.moml.MoMLSimpleApplication@4991572
reloadAllAccessors: .CausalityInterfaceFeedback1

===========================================================================================
----------------- testing Fri Jul 27 01:42:49 UTC 2018 /home/travis/build/icyphy/ptII/ptolemy/domains/continuous/test/auto/CausalityInterfaceFeedback2.xml
----------------- Instantiating /home/travis/build/icyphy/ptII/ptolemy/domains/continuous/test/auto/CausalityInterfaceFeedback2.xml
11 ms. Memory: 578048K Free: 196284K (34%)
----------------- Invoking toplevel() on ptolemy.moml.MoMLSimpleApplication@6eb18d22
----------------- Done invoking toplevel() on ptolemy.moml.MoMLSimpleApplication@6eb18d22
reloadAllAccessors: .CausalityInterfaceFeedback2

===========================================================================================
----------------- testing Fri Jul 27 01:42:49 UTC 2018 /home/travis/build/icyphy/ptII/ptolemy/domains/continuous/test/auto/CompareWithCurrentTime.xml
----------------- Instantiating /home/travis/build/icyphy/ptII/ptolemy/domains/continuous/test/auto/CompareWithCurrentTime.xml
2 ms. Memory: 578048K Free: 189738K (33%)
----------------- Invoking toplevel() on ptolemy.moml.MoMLSimpleApplication@61b446e8
----------------- Done invoking toplevel() on ptolemy.moml.MoMLSimpleApplication@61b446e8
reloadAllAccessors: .CompareWithCurrentTime

===========================================================================================
----------------- testing Fri Jul 27 01:42:49 UTC 2018 /home/travis/build/icyphy/ptII/ptolemy/domains/continuous/test/auto/ComparedClocks.xml
----------------- Instantiating /home/travis/build/icyphy/ptII/ptolemy/domains/continuous/test/auto/ComparedClocks.xml
8 ms. Memory: 578048K Free: 170081K (29%)
----------------- Invoking toplevel() on ptolemy.moml.MoMLSimpleApplication@34b8a1a3
----------------- Done invoking toplevel() on ptolemy.moml.MoMLSimpleApplication@34b8a1a3
reloadAllAccessors: .ComparedClocks

===========================================================================================
----------------- testing Fri Jul 27 01:42:49 UTC 2018 /home/travis/build/icyphy/ptII/ptolemy/domains/continuous/test/auto/ContinuousAOCClone.xml
----------------- Instantiating /home/travis/build/icyphy/ptII/ptolemy/domains/continuous/test/auto/ContinuousAOCClone.xml
2404 ms. Memory: 872448K Free: 421311K (48%)
----------------- Invoking toplevel() on ptolemy.moml.MoMLSimpleApplication@5e51eef2
----------------- Done invoking toplevel() on ptolemy.moml.MoMLSimpleApplication@5e51eef2
reloadAllAccessors: .ContinuousAOCClone

===========================================================================================
----------------- testing Fri Jul 27 01:42:51 UTC 2018 /home/travis/build/icyphy/ptII/ptolemy/domains/continuous/test/auto/ContinuousClock.xml
----------------- Instantiating /home/travis/build/icyphy/ptII/ptolemy/domains/continuous/test/auto/ContinuousClock.xml
31 ms. Memory: 872448K Free: 386802K (44%)
----------------- Invoking toplevel() on ptolemy.moml.MoMLSimpleApplication@59796fa
----------------- Done invoking toplevel() on ptolemy.moml.MoMLSimpleApplication@59796fa
reloadAllAccessors: .ContinuousClock

===========================================================================================
----------------- testing Fri Jul 27 01:42:52 UTC 2018 /home/travis/build/icyphy/ptII/ptolemy/domains/continuous/test/auto/ContinuousInContinuous.xml
----------------- Instantiating /home/travis/build/icyphy/ptII/ptolemy/domains/continuous/test/auto/ContinuousInContinuous.xml
44 ms. Memory: 872448K Free: 359288K (41%)
----------------- Invoking toplevel() on ptolemy.moml.MoMLSimpleApplication@e480cf2
----------------- Done invoking toplevel() on ptolemy.moml.MoMLSimpleApplication@e480cf2
reloadAllAccessors: .ContinuousInContinuous

===========================================================================================
----------------- testing Fri Jul 27 01:42:52 UTC 2018 /home/travis/build/icyphy/ptII/ptolemy/domains/continuous/test/auto/ContinuousInContinuousInContinuous.xml
----------------- Instantiating /home/travis/build/icyphy/ptII/ptolemy/domains/continuous/test/auto/ContinuousInContinuousInContinuous.xml
8 ms. Memory: 872448K Free: 347506K (40%)
----------------- Invoking toplevel() on ptolemy.moml.MoMLSimpleApplication@749661e1
----------------- Done invoking toplevel() on ptolemy.moml.MoMLSimpleApplication@749661e1
reloadAllAccessors: .ContinuousInContinuousInContinuous

===========================================================================================
----------------- testing Fri Jul 27 01:42:52 UTC 2018 /home/travis/build/icyphy/ptII/ptolemy/domains/continuous/test/auto/ContinuousInDE.xml
----------------- Instantiating /home/travis/build/icyphy/ptII/ptolemy/domains/continuous/test/auto/ContinuousInDE.xml
91 ms. Memory: 872448K Free: 331782K (38%)
----------------- Invoking toplevel() on ptolemy.moml.MoMLSimpleApplication@650725d5
----------------- Done invoking toplevel() on ptolemy.moml.MoMLSimpleApplication@650725d5
reloadAllAccessors: .ContinuousInDE

===========================================================================================
----------------- testing Fri Jul 27 01:42:52 UTC 2018 /home/travis/build/icyphy/ptII/ptolemy/domains/continuous/test/auto/ContinuousInDE2.xml
----------------- Instantiating /home/travis/build/icyphy/ptII/ptolemy/domains/continuous/test/auto/ContinuousInDE2.xml
53 ms. Memory: 872448K Free: 312631K (36%)
----------------- Invoking toplevel() on ptolemy.moml.MoMLSimpleApplication@7a3b003b
----------------- Done invoking toplevel() on ptolemy.moml.MoMLSimpleApplication@7a3b003b
reloadAllAccessors: .ContinuousInDE2

===========================================================================================
----------------- testing Fri Jul 27 01:42:52 UTC 2018 /home/travis/build/icyphy/ptII/ptolemy/domains/continuous/test/auto/ContinuousInDE3.xml
----------------- Instantiating /home/travis/build/icyphy/ptII/ptolemy/domains/continuous/test/auto/ContinuousInDE3.xml
51 ms. Memory: 872448K Free: 296906K (34%)
----------------- Invoking toplevel() on ptolemy.moml.MoMLSimpleApplication@50f35f08
----------------- Done invoking toplevel() on ptolemy.moml.MoMLSimpleApplication@50f35f08
reloadAllAccessors: .ContinuousInDE3

===========================================================================================
----------------- testing Fri Jul 27 01:42:52 UTC 2018 /home/travis/build/icyphy/ptII/ptolemy/domains/continuous/test/auto/ContinuousInDE4.xml
----------------- Instantiating /home/travis/build/icyphy/ptII/ptolemy/domains/continuous/test/auto/ContinuousInDE4.xml
21 ms. Memory: 872448K Free: 285125K (33%)
----------------- Invoking toplevel() on ptolemy.moml.MoMLSimpleApplication@1335f952
----------------- Done invoking toplevel() on ptolemy.moml.MoMLSimpleApplication@1335f952
reloadAllAccessors: .ContinuousInDE4

===========================================================================================
----------------- testing Fri Jul 27 01:42:52 UTC 2018 /home/travis/build/icyphy/ptII/ptolemy/domains/continuous/test/auto/ContinuousInDEDifferentRefinements.xml
----------------- Instantiating /home/travis/build/icyphy/ptII/ptolemy/domains/continuous/test/auto/ContinuousInDEDifferentRefinements.xml
65 ms. Memory: 872448K Free: 249694K (29%)
----------------- Invoking toplevel() on ptolemy.moml.MoMLSimpleApplication@715a42ff
----------------- Done invoking toplevel() on ptolemy.moml.MoMLSimpleApplication@715a42ff
reloadAllAccessors: .ContinuousInDEDifferentRefinements

===========================================================================================
----------------- testing Fri Jul 27 01:42:52 UTC 2018 /home/travis/build/icyphy/ptII/ptolemy/domains/continuous/test/auto/ContinuousInDEDifferentRefinementsPreemptive.xml
----------------- Instantiating /home/travis/build/icyphy/ptII/ptolemy/domains/continuous/test/auto/ContinuousInDEDifferentRefinementsPreemptive.xml
51 ms. Memory: 872448K Free: 210882K (24%)
----------------- Invoking toplevel() on ptolemy.moml.MoMLSimpleApplication@6f00d881
----------------- Done invoking toplevel() on ptolemy.moml.MoMLSimpleApplication@6f00d881
reloadAllAccessors: .ContinuousInDEDifferentRefinementsPreemptive

===========================================================================================
----------------- testing Fri Jul 27 01:42:52 UTC 2018 /home/travis/build/icyphy/ptII/ptolemy/domains/continuous/test/auto/ContinuousInDEInContinuous2.xml
----------------- Instantiating /home/travis/build/icyphy/ptII/ptolemy/domains/continuous/test/auto/ContinuousInDEInContinuous2.xml
43 ms. Memory: 872448K Free: 191215K (22%)
----------------- Invoking toplevel() on ptolemy.moml.MoMLSimpleApplication@4f1e8b0b
----------------- Done invoking toplevel() on ptolemy.moml.MoMLSimpleApplication@4f1e8b0b
reloadAllAccessors: .ContinuousInDEInContinuous2

===========================================================================================
----------------- testing Fri Jul 27 01:42:52 UTC 2018 /home/travis/build/icyphy/ptII/ptolemy/domains/continuous/test/auto/ContinuousInDEInContinuous3.xml
----------------- Instantiating /home/travis/build/icyphy/ptII/ptolemy/domains/continuous/test/auto/ContinuousInDEInContinuous3.xml
41 ms. Memory: 872448K Free: 171547K (20%)
----------------- Invoking toplevel() on ptolemy.moml.MoMLSimpleApplication@6f15dc8
----------------- Done invoking toplevel() on ptolemy.moml.MoMLSimpleApplication@6f15dc8
reloadAllAccessors: .ContinuousInDEInContinuous3

===========================================================================================
----------------- testing Fri Jul 27 01:42:52 UTC 2018 /home/travis/build/icyphy/ptII/ptolemy/domains/continuous/test/auto/ContinuousInDEInput.xml
----------------- Instantiating /home/travis/build/icyphy/ptII/ptolemy/domains/continuous/test/auto/ContinuousInDEInput.xml
18 ms. Memory: 872448K Free: 159750K (18%)
----------------- Invoking toplevel() on ptolemy.moml.MoMLSimpleApplication@2a3dc535
----------------- Done invoking toplevel() on ptolemy.moml.MoMLSimpleApplication@2a3dc535
reloadAllAccessors: .ContinuousInDEInput

===========================================================================================
----------------- testing Fri Jul 27 01:42:53 UTC 2018 /home/travis/build/icyphy/ptII/ptolemy/domains/continuous/test/auto/ContinuousInDEInput2.xml
----------------- Instantiating /home/travis/build/icyphy/ptII/ptolemy/domains/continuous/test/auto/ContinuousInDEInput2.xml
17 ms. Memory: 872448K Free: 144542K (17%)
----------------- Invoking toplevel() on ptolemy.moml.MoMLSimpleApplication@53e61056
----------------- Done invoking toplevel() on ptolemy.moml.MoMLSimpleApplication@53e61056
reloadAllAccessors: .ContinuousInDEInput2

===========================================================================================
----------------- testing Fri Jul 27 01:42:53 UTC 2018 /home/travis/build/icyphy/ptII/ptolemy/domains/continuous/test/auto/ContinuousInDEInput3.xml
----------------- Instantiating /home/travis/build/icyphy/ptII/ptolemy/domains/continuous/test/auto/ContinuousInDEInput3.xml
15 ms. Memory: 872448K Free: 132761K (15%)
----------------- Invoking toplevel() on ptolemy.moml.MoMLSimpleApplication@219e62a
----------------- Done invoking toplevel() on ptolemy.moml.MoMLSimpleApplication@219e62a
reloadAllAccessors: .ContinuousInDEInput3

===========================================================================================
----------------- testing Fri Jul 27 01:42:53 UTC 2018 /home/travis/build/icyphy/ptII/ptolemy/domains/continuous/test/auto/ContinuousInDESharingRefinement.xml
----------------- Instantiating /home/travis/build/icyphy/ptII/ptolemy/domains/continuous/test/auto/ContinuousInDESharingRefinement.xml
210 ms. Memory: 872960K Free: 818811K (94%)
----------------- Invoking toplevel() on ptolemy.moml.MoMLSimpleApplication@79f6a9b5
----------------- Done invoking toplevel() on ptolemy.moml.MoMLSimpleApplication@79f6a9b5
reloadAllAccessors: .ContinuousInDESharingRefinement

===========================================================================================
----------------- testing Fri Jul 27 01:42:53 UTC 2018 /home/travis/build/icyphy/ptII/ptolemy/domains/continuous/test/auto/ContinuousInDEwithNoPorts.xml
----------------- Instantiating /home/travis/build/icyphy/ptII/ptolemy/domains/continuous/test/auto/ContinuousInDEwithNoPorts.xml
5 ms. Memory: 872960K Free: 806612K (92%)
----------------- Invoking toplevel() on ptolemy.moml.MoMLSimpleApplication@4da2c49f
----------------- Done invoking toplevel() on ptolemy.moml.MoMLSimpleApplication@4da2c49f
reloadAllAccessors: .ContinuousInDEwithNoPorts

===========================================================================================
----------------- testing Fri Jul 27 01:42:53 UTC 2018 /home/travis/build/icyphy/ptII/ptolemy/domains/continuous/test/auto/ContinuousInsideDE.xml
----------------- Instantiating /home/travis/build/icyphy/ptII/ptolemy/domains/continuous/test/auto/ContinuousInsideDE.xml
54 ms. Memory: 872960K Free: 786961K (90%)
----------------- Invoking toplevel() on ptolemy.moml.MoMLSimpleApplication@615331b7
----------------- Done invoking toplevel() on ptolemy.moml.MoMLSimpleApplication@615331b7
reloadAllAccessors: .ContinuousInsideDE

===========================================================================================
----------------- testing Fri Jul 27 01:42:53 UTC 2018 /home/travis/build/icyphy/ptII/ptolemy/domains/continuous/test/auto/ContinuousMerge1.xml
----------------- Instantiating /home/travis/build/icyphy/ptII/ptolemy/domains/continuous/test/auto/ContinuousMerge1.xml
3 ms. Memory: 872960K Free: 776804K (89%)
----------------- Invoking toplevel() on ptolemy.moml.MoMLSimpleApplication@657e4aa
----------------- Done invoking toplevel() on ptolemy.moml.MoMLSimpleApplication@657e4aa
reloadAllAccessors: .ContinuousMerge1

===========================================================================================
----------------- testing Fri Jul 27 01:42:53 UTC 2018 /home/travis/build/icyphy/ptII/ptolemy/domains/continuous/test/auto/ContinuousMerge2.xml
----------------- Instantiating /home/travis/build/icyphy/ptII/ptolemy/domains/continuous/test/auto/ContinuousMerge2.xml
15 ms. Memory: 872960K Free: 760916K (87%)
----------------- Invoking toplevel() on ptolemy.moml.MoMLSimpleApplication@35b60289
----------------- Done invoking toplevel() on ptolemy.moml.MoMLSimpleApplication@35b60289
reloadAllAccessors: .ContinuousMerge2

===========================================================================================
----------------- testing Fri Jul 27 01:42:53 UTC 2018 /home/travis/build/icyphy/ptII/ptolemy/domains/continuous/test/auto/ContinuousMerge3.xml
----------------- Instantiating /home/travis/build/icyphy/ptII/ptolemy/domains/continuous/test/auto/ContinuousMerge3.xml
54 ms. Memory: 872960K Free: 745192K (85%)
----------------- Invoking toplevel() on ptolemy.moml.MoMLSimpleApplication@23c1cf42
----------------- Done invoking toplevel() on ptolemy.moml.MoMLSimpleApplication@23c1cf42
reloadAllAccessors: .ContinuousMerge3

===========================================================================================
----------------- testing Fri Jul 27 01:42:53 UTC 2018 /home/travis/build/icyphy/ptII/ptolemy/domains/continuous/test/auto/ContinuousWithinContinuous.xml
----------------- Instantiating /home/travis/build/icyphy/ptII/ptolemy/domains/continuous/test/auto/ContinuousWithinContinuous.xml
44 ms. Memory: 872960K Free: 727181K (83%)
----------------- Invoking toplevel() on ptolemy.moml.MoMLSimpleApplication@55cbd2a9
----------------- Done invoking toplevel() on ptolemy.moml.MoMLSimpleApplication@55cbd2a9
reloadAllAccessors: .ContinuousWithinContinuous

===========================================================================================
----------------- testing Fri Jul 27 01:42:53 UTC 2018 /home/travis/build/icyphy/ptII/ptolemy/domains/continuous/test/auto/ContinuousWithinContinuous2.xml
----------------- Instantiating /home/travis/build/icyphy/ptII/ptolemy/domains/continuous/test/auto/ContinuousWithinContinuous2.xml
79 ms. Memory: 872960K Free: 715400K (82%)
----------------- Invoking toplevel() on ptolemy.moml.MoMLSimpleApplication@78c56924
----------------- Done invoking toplevel() on ptolemy.moml.MoMLSimpleApplication@78c56924
reloadAllAccessors: .ContinuousWithinContinuous2

===========================================================================================
----------------- testing Fri Jul 27 01:42:53 UTC 2018 /home/travis/build/icyphy/ptII/ptolemy/domains/continuous/test/auto/ContinuousWithinContinuous3.xml
----------------- Instantiating /home/travis/build/icyphy/ptII/ptolemy/domains/continuous/test/auto/ContinuousWithinContinuous3.xml
15 ms. Memory: 872960K Free: 703603K (81%)
----------------- Invoking toplevel() on ptolemy.moml.MoMLSimpleApplication@40af1d8f
----------------- Done invoking toplevel() on ptolemy.moml.MoMLSimpleApplication@40af1d8f
reloadAllAccessors: .ContinuousWithinContinuous3

===========================================================================================
----------------- testing Fri Jul 27 01:42:53 UTC 2018 /home/travis/build/icyphy/ptII/ptolemy/domains/continuous/test/auto/ContinuousWithinContinuous4.xml
----------------- Instantiating /home/travis/build/icyphy/ptII/ptolemy/domains/continuous/test/auto/ContinuousWithinContinuous4.xml
74 ms. Memory: 872960K Free: 681648K (78%)
----------------- Invoking toplevel() on ptolemy.moml.MoMLSimpleApplication@7c7a4394
----------------- Done invoking toplevel() on ptolemy.moml.MoMLSimpleApplication@7c7a4394
reloadAllAccessors: .ContinuousWithinContinuous4

===========================================================================================
----------------- testing Fri Jul 27 01:42:53 UTC 2018 /home/travis/build/icyphy/ptII/ptolemy/domains/continuous/test/auto/ContinuousWithinContinuous5.xml
----------------- Instantiating /home/travis/build/icyphy/ptII/ptolemy/domains/continuous/test/auto/ContinuousWithinContinuous5.xml
13 ms. Memory: 872960K Free: 669867K (77%)
----------------- Invoking toplevel() on ptolemy.moml.MoMLSimpleApplication@eb332b3
----------------- Done invoking toplevel() on ptolemy.moml.MoMLSimpleApplication@eb332b3
reloadAllAccessors: .ContinuousWithinContinuous5

===========================================================================================
----------------- testing Fri Jul 27 01:42:53 UTC 2018 /home/travis/build/icyphy/ptII/ptolemy/domains/continuous/test/auto/ContinuousWithinContinuous6.xml
----------------- Instantiating /home/travis/build/icyphy/ptII/ptolemy/domains/continuous/test/auto/ContinuousWithinContinuous6.xml
12 ms. Memory: 872960K Free: 658070K (75%)
----------------- Invoking toplevel() on ptolemy.moml.MoMLSimpleApplication@71bf1828
----------------- Done invoking toplevel() on ptolemy.moml.MoMLSimpleApplication@71bf1828
reloadAllAccessors: .ContinuousWithinContinuous6

===========================================================================================
----------------- testing Fri Jul 27 01:42:54 UTC 2018 /home/travis/build/icyphy/ptII/ptolemy/domains/continuous/test/auto/ContinuousWithinContinuous7.xml
----------------- Instantiating /home/travis/build/icyphy/ptII/ptolemy/domains/continuous/test/auto/ContinuousWithinContinuous7.xml
61 ms. Memory: 872960K Free: 643986K (74%)
----------------- Invoking toplevel() on ptolemy.moml.MoMLSimpleApplication@15fb278b
----------------- Done invoking toplevel() on ptolemy.moml.MoMLSimpleApplication@15fb278b
reloadAllAccessors: .ContinuousWithinContinuous7

===========================================================================================
----------------- testing Fri Jul 27 01:42:54 UTC 2018 /home/travis/build/icyphy/ptII/ptolemy/domains/continuous/test/auto/DCMotor.xml
----------------- Instantiating /home/travis/build/icyphy/ptII/ptolemy/domains/continuous/test/auto/DCMotor.xml
15229 ms. Memory: 734208K Free: 102765K (14%)
----------------- Invoking toplevel() on ptolemy.moml.MoMLSimpleApplication@42ab8021
----------------- Done invoking toplevel() on ptolemy.moml.MoMLSimpleApplication@42ab8021
reloadAllAccessors: .DCMotor

===========================================================================================
----------------- testing Fri Jul 27 01:43:09 UTC 2018 /home/travis/build/icyphy/ptII/ptolemy/domains/continuous/test/auto/DEInContinuous.xml
----------------- Instantiating /home/travis/build/icyphy/ptII/ptolemy/domains/continuous/test/auto/DEInContinuous.xml
16 ms. Memory: 734208K Free: 86707K (12%)
----------------- Invoking toplevel() on ptolemy.moml.MoMLSimpleApplication@736c1c25
----------------- Done invoking toplevel() on ptolemy.moml.MoMLSimpleApplication@736c1c25
reloadAllAccessors: .DEInContinuous

===========================================================================================
----------------- testing Fri Jul 27 01:43:09 UTC 2018 /home/travis/build/icyphy/ptII/ptolemy/domains/continuous/test/auto/DEinContinuous2.xml
----------------- Instantiating /home/travis/build/icyphy/ptII/ptolemy/domains/continuous/test/auto/DEinContinuous2.xml
9 ms. Memory: 734208K Free: 74643K (10%)
----------------- Invoking toplevel() on ptolemy.moml.MoMLSimpleApplication@7848ac74
----------------- Done invoking toplevel() on ptolemy.moml.MoMLSimpleApplication@7848ac74
reloadAllAccessors: .DEinContinuous2

===========================================================================================
----------------- testing Fri Jul 27 01:43:09 UTC 2018 /home/travis/build/icyphy/ptII/ptolemy/domains/continuous/test/auto/Derivative.xml
----------------- Instantiating /home/travis/build/icyphy/ptII/ptolemy/domains/continuous/test/auto/Derivative.xml
183 ms. Memory: 696832K Free: 640205K (92%)
----------------- Invoking toplevel() on ptolemy.moml.MoMLSimpleApplication@5cd4fe8
----------------- Done invoking toplevel() on ptolemy.moml.MoMLSimpleApplication@5cd4fe8
reloadAllAccessors: .Derivative2

===========================================================================================
----------------- testing Fri Jul 27 01:43:09 UTC 2018 /home/travis/build/icyphy/ptII/ptolemy/domains/continuous/test/auto/Derivative1.xml
----------------- Instantiating /home/travis/build/icyphy/ptII/ptolemy/domains/continuous/test/auto/Derivative1.xml
30 ms. Memory: 696832K Free: 620107K (89%)
----------------- Invoking toplevel() on ptolemy.moml.MoMLSimpleApplication@371d1ca0
----------------- Done invoking toplevel() on ptolemy.moml.MoMLSimpleApplication@371d1ca0
reloadAllAccessors: .Derivative1

===========================================================================================
----------------- testing Fri Jul 27 01:43:09 UTC 2018 /home/travis/build/icyphy/ptII/ptolemy/domains/continuous/test/auto/DiscreteClock.xml
----------------- Instantiating /home/travis/build/icyphy/ptII/ptolemy/domains/continuous/test/auto/DiscreteClock.xml
5 ms. Memory: 696832K Free: 606989K (87%)
----------------- Invoking toplevel() on ptolemy.moml.MoMLSimpleApplication@28ddc57
----------------- Done invoking toplevel() on ptolemy.moml.MoMLSimpleApplication@28ddc57
reloadAllAccessors: .DiscreteClock

===========================================================================================
----------------- testing Fri Jul 27 01:43:09 UTC 2018 /home/travis/build/icyphy/ptII/ptolemy/domains/continuous/test/auto/EfficiencyCurve.xml
----------------- Instantiating /home/travis/build/icyphy/ptII/ptolemy/domains/continuous/test/auto/EfficiencyCurve.xml
71 ms. Memory: 696832K Free: 593870K (85%)
----------------- Invoking toplevel() on ptolemy.moml.MoMLSimpleApplication@2b0375e4
----------------- Done invoking toplevel() on ptolemy.moml.MoMLSimpleApplication@2b0375e4
reloadAllAccessors: .EfficiencyCurve

===========================================================================================
----------------- testing Fri Jul 27 01:43:09 UTC 2018 /home/travis/build/icyphy/ptII/ptolemy/domains/continuous/test/auto/ExponentialResponse.xml
----------------- Instantiating /home/travis/build/icyphy/ptII/ptolemy/domains/continuous/test/auto/ExponentialResponse.xml
122 ms. Memory: 696832K Free: 564443K (81%)
----------------- Invoking toplevel() on ptolemy.moml.MoMLSimpleApplication@3a4c8d97
----------------- Done invoking toplevel() on ptolemy.moml.MoMLSimpleApplication@3a4c8d97
reloadAllAccessors: .ExponentialResponse

===========================================================================================
----------------- testing Fri Jul 27 01:43:10 UTC 2018 /home/travis/build/icyphy/ptII/ptolemy/domains/continuous/test/auto/ExponentialResponseRK45.xml
----------------- Instantiating /home/travis/build/icyphy/ptII/ptolemy/domains/continuous/test/auto/ExponentialResponseRK45.xml
26 ms. Memory: 696832K Free: 551325K (79%)
----------------- Invoking toplevel() on ptolemy.moml.MoMLSimpleApplication@1421cbd4
----------------- Done invoking toplevel() on ptolemy.moml.MoMLSimpleApplication@1421cbd4
reloadAllAccessors: .ExponentialResponseRK45

===========================================================================================
----------------- testing Fri Jul 27 01:43:10 UTC 2018 /home/travis/build/icyphy/ptII/ptolemy/domains/continuous/test/auto/Friction.xml
----------------- Instantiating /home/travis/build/icyphy/ptII/ptolemy/domains/continuous/test/auto/Friction.xml
1539 ms. Memory: 696832K Free: 100708K (14%)
----------------- Invoking toplevel() on ptolemy.moml.MoMLSimpleApplication@4f753d20
----------------- Done invoking toplevel() on ptolemy.moml.MoMLSimpleApplication@4f753d20
reloadAllAccessors: .Friction

===========================================================================================
----------------- testing Fri Jul 27 01:43:11 UTC 2018 /home/travis/build/icyphy/ptII/ptolemy/domains/continuous/test/auto/FurutaPendulum.xml
----------------- Instantiating /home/travis/build/icyphy/ptII/ptolemy/domains/continuous/test/auto/FurutaPendulum.xml
3075 ms. Memory: 674304K Free: 198893K (29%)
----------------- Invoking toplevel() on ptolemy.moml.MoMLSimpleApplication@135a2162
----------------- Done invoking toplevel() on ptolemy.moml.MoMLSimpleApplication@135a2162
reloadAllAccessors: .FurutaPendulum

===========================================================================================
----------------- testing Fri Jul 27 01:43:15 UTC 2018 /home/travis/build/icyphy/ptII/ptolemy/domains/continuous/test/auto/HierarchicalExecution.xml
----------------- Instantiating /home/travis/build/icyphy/ptII/ptolemy/domains/continuous/test/auto/HierarchicalExecution.xml
2292 ms. Memory: 646144K Free: 442927K (69%)
----------------- Invoking toplevel() on ptolemy.moml.MoMLSimpleApplication@7d5f3cc3
----------------- Done invoking toplevel() on ptolemy.moml.MoMLSimpleApplication@7d5f3cc3
reloadAllAccessors: .HierarchicalExecution

===========================================================================================
----------------- testing Fri Jul 27 01:43:17 UTC 2018 /home/travis/build/icyphy/ptII/ptolemy/domains/continuous/test/auto/HybridPlant.xml
----------------- Instantiating /home/travis/build/icyphy/ptII/ptolemy/domains/continuous/test/auto/HybridPlant.xml
535 ms. Memory: 646144K Free: 165763K (26%)
----------------- Invoking toplevel() on ptolemy.moml.MoMLSimpleApplication@3646bfcd
----------------- Done invoking toplevel() on ptolemy.moml.MoMLSimpleApplication@3646bfcd
reloadAllAccessors: .HybridPlant

===========================================================================================
----------------- testing Fri Jul 27 01:43:18 UTC 2018 /home/travis/build/icyphy/ptII/ptolemy/domains/continuous/test/auto/Hysteresis.xml
----------------- Instantiating /home/travis/build/icyphy/ptII/ptolemy/domains/continuous/test/auto/Hysteresis.xml
161 ms. Memory: 646144K Free: 94172K (15%)
----------------- Invoking toplevel() on ptolemy.moml.MoMLSimpleApplication@5fddf460
----------------- Done invoking toplevel() on ptolemy.moml.MoMLSimpleApplication@5fddf460
reloadAllAccessors: .Hysteresis

===========================================================================================
----------------- testing Fri Jul 27 01:43:18 UTC 2018 /home/travis/build/icyphy/ptII/ptolemy/domains/continuous/test/auto/HysteresisWithRandomDelay.xml
----------------- Instantiating /home/travis/build/icyphy/ptII/ptolemy/domains/continuous/test/auto/HysteresisWithRandomDelay.xml
196 ms. Memory: 614912K Free: 541304K (88%)
----------------- Invoking toplevel() on ptolemy.moml.MoMLSimpleApplication@ccb8abb
----------------- Done invoking toplevel() on ptolemy.moml.MoMLSimpleApplication@ccb8abb
reloadAllAccessors: .HysteresisWithRandomDelay

===========================================================================================
----------------- testing Fri Jul 27 01:43:18 UTC 2018 /home/travis/build/icyphy/ptII/ptolemy/domains/continuous/test/auto/HysteresisWithRandomLosses.xml
----------------- Instantiating /home/travis/build/icyphy/ptII/ptolemy/domains/continuous/test/auto/HysteresisWithRandomLosses.xml
2547 ms. Memory: 591360K Free: 260744K (44%)
----------------- Invoking toplevel() on ptolemy.moml.MoMLSimpleApplication@178060b7
----------------- Done invoking toplevel() on ptolemy.moml.MoMLSimpleApplication@178060b7
reloadAllAccessors: .HysteresisWithRandomLosses

===========================================================================================
----------------- testing Fri Jul 27 01:43:21 UTC 2018 /home/travis/build/icyphy/ptII/ptolemy/domains/continuous/test/auto/ImmediateTransitions.xml
----------------- Instantiating /home/travis/build/icyphy/ptII/ptolemy/domains/continuous/test/auto/ImmediateTransitions.xml
9 ms. Memory: 591360K Free: 244803K (41%)
----------------- Invoking toplevel() on ptolemy.moml.MoMLSimpleApplication@17976c94
----------------- Done invoking toplevel() on ptolemy.moml.MoMLSimpleApplication@17976c94
reloadAllAccessors: .ImmediateTransitions

===========================================================================================
----------------- testing Fri Jul 27 01:43:21 UTC 2018 /home/travis/build/icyphy/ptII/ptolemy/domains/continuous/test/auto/ImpulseFeedback.xml
----------------- Instantiating /home/travis/build/icyphy/ptII/ptolemy/domains/continuous/test/auto/ImpulseFeedback.xml
8 ms. Memory: 591360K Free: 233737K (40%)
----------------- Invoking toplevel() on ptolemy.moml.MoMLSimpleApplication@5b49e9a9
----------------- Done invoking toplevel() on ptolemy.moml.MoMLSimpleApplication@5b49e9a9
reloadAllAccessors: .ImpulseFeedback

===========================================================================================
----------------- testing Fri Jul 27 01:43:21 UTC 2018 /home/travis/build/icyphy/ptII/ptolemy/domains/continuous/test/auto/ImpulseFeedback2.xml
----------------- Instantiating /home/travis/build/icyphy/ptII/ptolemy/domains/continuous/test/auto/ImpulseFeedback2.xml
6 ms. Memory: 591360K Free: 222683K (38%)
----------------- Invoking toplevel() on ptolemy.moml.MoMLSimpleApplication@3ef6e6ba
----------------- Done invoking toplevel() on ptolemy.moml.MoMLSimpleApplication@3ef6e6ba
reloadAllAccessors: .ImpulseFeedback2

===========================================================================================
----------------- testing Fri Jul 27 01:43:21 UTC 2018 /home/travis/build/icyphy/ptII/ptolemy/domains/continuous/test/auto/IncreasingRatePoisson.xml
----------------- Instantiating /home/travis/build/icyphy/ptII/ptolemy/domains/continuous/test/auto/IncreasingRatePoisson.xml
766 ms. Memory: 565248K Free: 366382K (65%)
----------------- Invoking toplevel() on ptolemy.moml.MoMLSimpleApplication@7d719a30
----------------- Done invoking toplevel() on ptolemy.moml.MoMLSimpleApplication@7d719a30
reloadAllAccessors: .IncreasingRatePoisson

===========================================================================================
----------------- testing Fri Jul 27 01:43:22 UTC 2018 /home/travis/build/icyphy/ptII/ptolemy/domains/continuous/test/auto/InitialStateFeedback.xml
----------------- Instantiating /home/travis/build/icyphy/ptII/ptolemy/domains/continuous/test/auto/InitialStateFeedback.xml
3 ms. Memory: 565248K Free: 356522K (63%)
----------------- Invoking toplevel() on ptolemy.moml.MoMLSimpleApplication@5535bf41
----------------- Done invoking toplevel() on ptolemy.moml.MoMLSimpleApplication@5535bf41
reloadAllAccessors: .InitialStateFeedback

===========================================================================================
----------------- testing Fri Jul 27 01:43:22 UTC 2018 /home/travis/build/icyphy/ptII/ptolemy/domains/continuous/test/auto/Integration.xml
----------------- Instantiating /home/travis/build/icyphy/ptII/ptolemy/domains/continuous/test/auto/Integration.xml
2 ms. Memory: 565248K Free: 348445K (62%)
----------------- Invoking toplevel() on ptolemy.moml.MoMLSimpleApplication@38c950ac
----------------- Done invoking toplevel() on ptolemy.moml.MoMLSimpleApplication@38c950ac
reloadAllAccessors: .Integration

===========================================================================================
----------------- testing Fri Jul 27 01:43:22 UTC 2018 /home/travis/build/icyphy/ptII/ptolemy/domains/continuous/test/auto/Integration2.xml
----------------- Instantiating /home/travis/build/icyphy/ptII/ptolemy/domains/continuous/test/auto/Integration2.xml
84 ms. Memory: 565248K Free: 330576K (58%)
----------------- Invoking toplevel() on ptolemy.moml.MoMLSimpleApplication@209d05ce
----------------- Done invoking toplevel() on ptolemy.moml.MoMLSimpleApplication@209d05ce
reloadAllAccessors: .Integration2

===========================================================================================
----------------- testing Fri Jul 27 01:43:22 UTC 2018 /home/travis/build/icyphy/ptII/ptolemy/domains/continuous/test/auto/Integration3.xml
----------------- Instantiating /home/travis/build/icyphy/ptII/ptolemy/domains/continuous/test/auto/Integration3.xml
2 ms. Memory: 565248K Free: 322499K (57%)
----------------- Invoking toplevel() on ptolemy.moml.MoMLSimpleApplication@43dcc9dc
----------------- Done invoking toplevel() on ptolemy.moml.MoMLSimpleApplication@43dcc9dc
reloadAllAccessors: .Integration3

===========================================================================================
----------------- testing Fri Jul 27 01:43:22 UTC 2018 /home/travis/build/icyphy/ptII/ptolemy/domains/continuous/test/auto/Integration5.xml
----------------- Instantiating /home/travis/build/icyphy/ptII/ptolemy/domains/continuous/test/auto/Integration5.xml
2 ms. Memory: 565248K Free: 314421K (56%)
----------------- Invoking toplevel() on ptolemy.moml.MoMLSimpleApplication@410bda6e
----------------- Done invoking toplevel() on ptolemy.moml.MoMLSimpleApplication@410bda6e
reloadAllAccessors: .Integration5

===========================================================================================
----------------- testing Fri Jul 27 01:43:22 UTC 2018 /home/travis/build/icyphy/ptII/ptolemy/domains/continuous/test/auto/IntegratorImpulse.xml
----------------- Instantiating /home/travis/build/icyphy/ptII/ptolemy/domains/continuous/test/auto/IntegratorImpulse.xml
2 ms. Memory: 565248K Free: 306245K (54%)
----------------- Invoking toplevel() on ptolemy.moml.MoMLSimpleApplication@445c84fd
----------------- Done invoking toplevel() on ptolemy.moml.MoMLSimpleApplication@445c84fd
reloadAllAccessors: .IntegratorImpulse

===========================================================================================
----------------- testing Fri Jul 27 01:43:22 UTC 2018 /home/travis/build/icyphy/ptII/ptolemy/domains/continuous/test/auto/IntegratorImpulse2.xml
----------------- Instantiating /home/travis/build/icyphy/ptII/ptolemy/domains/continuous/test/auto/IntegratorImpulse2.xml
3 ms. Memory: 565248K Free: 298184K (53%)
----------------- Invoking toplevel() on ptolemy.moml.MoMLSimpleApplication@77c20785
----------------- Done invoking toplevel() on ptolemy.moml.MoMLSimpleApplication@77c20785
reloadAllAccessors: .IntegratorImpulse2

===========================================================================================
----------------- testing Fri Jul 27 01:43:22 UTC 2018 /home/travis/build/icyphy/ptII/ptolemy/domains/continuous/test/auto/LevelCrossing1.xml
----------------- Instantiating /home/travis/build/icyphy/ptII/ptolemy/domains/continuous/test/auto/LevelCrossing1.xml
2 ms. Memory: 565248K Free: 289991K (51%)
----------------- Invoking toplevel() on ptolemy.moml.MoMLSimpleApplication@7f06e0
----------------- Done invoking toplevel() on ptolemy.moml.MoMLSimpleApplication@7f06e0
reloadAllAccessors: .LevelCrossing1

===========================================================================================
----------------- testing Fri Jul 27 01:43:22 UTC 2018 /home/travis/build/icyphy/ptII/ptolemy/domains/continuous/test/auto/LevelCrossing2.xml
----------------- Instantiating /home/travis/build/icyphy/ptII/ptolemy/domains/continuous/test/auto/LevelCrossing2.xml
3 ms. Memory: 565248K Free: 281914K (50%)
----------------- Invoking toplevel() on ptolemy.moml.MoMLSimpleApplication@7152fceb
----------------- Done invoking toplevel() on ptolemy.moml.MoMLSimpleApplication@7152fceb
reloadAllAccessors: .LevelCrossing2

===========================================================================================
----------------- testing Fri Jul 27 01:43:22 UTC 2018 /home/travis/build/icyphy/ptII/ptolemy/domains/continuous/test/auto/LevelCrossing3.xml
----------------- Instantiating /home/travis/build/icyphy/ptII/ptolemy/domains/continuous/test/auto/LevelCrossing3.xml
3 ms. Memory: 565248K Free: 273722K (48%)
----------------- Invoking toplevel() on ptolemy.moml.MoMLSimpleApplication@7212b83d
----------------- Done invoking toplevel() on ptolemy.moml.MoMLSimpleApplication@7212b83d
reloadAllAccessors: .LevelCrossing3

===========================================================================================
----------------- testing Fri Jul 27 01:43:22 UTC 2018 /home/travis/build/icyphy/ptII/ptolemy/domains/continuous/test/auto/LevelCrossing4.xml
----------------- Instantiating /home/travis/build/icyphy/ptII/ptolemy/domains/continuous/test/auto/LevelCrossing4.xml
3 ms. Memory: 565248K Free: 265661K (47%)
----------------- Invoking toplevel() on ptolemy.moml.MoMLSimpleApplication@55961308
----------------- Done invoking toplevel() on ptolemy.moml.MoMLSimpleApplication@55961308
reloadAllAccessors: .LevelCrossing4

===========================================================================================
----------------- testing Fri Jul 27 01:43:22 UTC 2018 /home/travis/build/icyphy/ptII/ptolemy/domains/continuous/test/auto/LevelCrossing5.xml
----------------- Instantiating /home/travis/build/icyphy/ptII/ptolemy/domains/continuous/test/auto/LevelCrossing5.xml
3 ms. Memory: 565248K Free: 257468K (46%)
----------------- Invoking toplevel() on ptolemy.moml.MoMLSimpleApplication@5723d8d8
----------------- Done invoking toplevel() on ptolemy.moml.MoMLSimpleApplication@5723d8d8
reloadAllAccessors: .LevelCrossing5

===========================================================================================
----------------- testing Fri Jul 27 01:43:22 UTC 2018 /home/travis/build/icyphy/ptII/ptolemy/domains/continuous/test/auto/LevelCrossing6.xml
----------------- Instantiating /home/travis/build/icyphy/ptII/ptolemy/domains/continuous/test/auto/LevelCrossing6.xml
2 ms. Memory: 565248K Free: 249391K (44%)
[...]
reloadAllAccessors: .ResetTransitionWithStartTime5

===========================================================================================
----------------- testing Fri Jul 27 01:43:41 UTC 2018 /home/travis/build/icyphy/ptII/ptolemy/domains/continuous/test/auto/ResetTransitionWithStartTime6.xml
----------------- Instantiating /home/travis/build/icyphy/ptII/ptolemy/domains/continuous/test/auto/ResetTransitionWithStartTime6.xml
11 ms. Memory: 371200K Free: 150271K (40%)
----------------- Invoking toplevel() on ptolemy.moml.MoMLSimpleApplication@6a1b33fa
----------------- Done invoking toplevel() on ptolemy.moml.MoMLSimpleApplication@6a1b33fa
reloadAllAccessors: .ResetTransitionWithStartTime6

===========================================================================================
----------------- testing Fri Jul 27 01:43:41 UTC 2018 /home/travis/build/icyphy/ptII/ptolemy/domains/continuous/test/auto/SRinContinuous.xml
----------------- Instantiating /home/travis/build/icyphy/ptII/ptolemy/domains/continuous/test/auto/SRinContinuous.xml
12 ms. Memory: 371200K Free: 140668K (38%)
----------------- Invoking toplevel() on ptolemy.moml.MoMLSimpleApplication@24cf33ee
----------------- Done invoking toplevel() on ptolemy.moml.MoMLSimpleApplication@24cf33ee
reloadAllAccessors: .SRinContinuous

===========================================================================================
----------------- testing Fri Jul 27 01:43:41 UTC 2018 /home/travis/build/icyphy/ptII/ptolemy/domains/continuous/test/auto/SampledClocks.xml
----------------- Instantiating /home/travis/build/icyphy/ptII/ptolemy/domains/continuous/test/auto/SampledClocks.xml
8 ms. Memory: 371200K Free: 123753K (33%)
----------------- Invoking toplevel() on ptolemy.moml.MoMLSimpleApplication@18bd25c
----------------- Done invoking toplevel() on ptolemy.moml.MoMLSimpleApplication@18bd25c
reloadAllAccessors: .SampledClocks

===========================================================================================
----------------- testing Fri Jul 27 01:43:41 UTC 2018 /home/travis/build/icyphy/ptII/ptolemy/domains/continuous/test/auto/Satellite.xml
----------------- Instantiating /home/travis/build/icyphy/ptII/ptolemy/domains/continuous/test/auto/Satellite.xml
1023 ms. Memory: 363520K Free: 227376K (63%)
----------------- Invoking toplevel() on ptolemy.moml.MoMLSimpleApplication@72bdb1c6
----------------- Done invoking toplevel() on ptolemy.moml.MoMLSimpleApplication@72bdb1c6
reloadAllAccessors: .Satellite

===========================================================================================
----------------- testing Fri Jul 27 01:43:42 UTC 2018 /home/travis/build/icyphy/ptII/ptolemy/domains/continuous/test/auto/SigmaDelta.xml
----------------- Instantiating /home/travis/build/icyphy/ptII/ptolemy/domains/continuous/test/auto/SigmaDelta.xml
2676 ms. Memory: 350720K Free: 105945K (30%)
----------------- Invoking toplevel() on ptolemy.moml.MoMLSimpleApplication@7a2e6a82
----------------- Done invoking toplevel() on ptolemy.moml.MoMLSimpleApplication@7a2e6a82
reloadAllAccessors: .SigmaDelta

===========================================================================================
----------------- testing Fri Jul 27 01:43:45 UTC 2018 /home/travis/build/icyphy/ptII/ptolemy/domains/continuous/test/auto/SinuBouncingBall.xml
----------------- Instantiating /home/travis/build/icyphy/ptII/ptolemy/domains/continuous/test/auto/SinuBouncingBall.xml
736 ms. Memory: 335360K Free: 131572K (39%)
----------------- Invoking toplevel() on ptolemy.moml.MoMLSimpleApplication@1d72e3b9
----------------- Done invoking toplevel() on ptolemy.moml.MoMLSimpleApplication@1d72e3b9
reloadAllAccessors: .SinuBouncingBall

===========================================================================================
----------------- testing Fri Jul 27 01:43:46 UTC 2018 /home/travis/build/icyphy/ptII/ptolemy/domains/continuous/test/auto/Sinusoid.xml
----------------- Instantiating /home/travis/build/icyphy/ptII/ptolemy/domains/continuous/test/auto/Sinusoid.xml
5 ms. Memory: 335360K Free: 124601K (37%)
----------------- Invoking toplevel() on ptolemy.moml.MoMLSimpleApplication@57398b8a
----------------- Done invoking toplevel() on ptolemy.moml.MoMLSimpleApplication@57398b8a
reloadAllAccessors: .Sinusoid

===========================================================================================
----------------- testing Fri Jul 27 01:43:46 UTC 2018 /home/travis/build/icyphy/ptII/ptolemy/domains/continuous/test/auto/SinusoidInNoise.xml
----------------- Instantiating /home/travis/build/icyphy/ptII/ptolemy/domains/continuous/test/auto/SinusoidInNoise.xml
940 ms. Memory: 324608K Free: 159612K (49%)
----------------- Invoking toplevel() on ptolemy.moml.MoMLSimpleApplication@234ac9a6
----------------- Done invoking toplevel() on ptolemy.moml.MoMLSimpleApplication@234ac9a6
reloadAllAccessors: .SinusoidInNoise

===========================================================================================
----------------- testing Fri Jul 27 01:43:47 UTC 2018 /home/travis/build/icyphy/ptII/ptolemy/domains/continuous/test/auto/SinusoidRK45.xml
----------------- Instantiating /home/travis/build/icyphy/ptII/ptolemy/domains/continuous/test/auto/SinusoidRK45.xml
2 ms. Memory: 324608K Free: 152874K (47%)
----------------- Invoking toplevel() on ptolemy.moml.MoMLSimpleApplication@3b167219
----------------- Done invoking toplevel() on ptolemy.moml.MoMLSimpleApplication@3b167219
reloadAllAccessors: .SinusoidRK45

===========================================================================================
----------------- testing Fri Jul 27 01:43:47 UTC 2018 /home/travis/build/icyphy/ptII/ptolemy/domains/continuous/test/auto/SinusoidWithMultipleImpulses.xml
----------------- Instantiating /home/travis/build/icyphy/ptII/ptolemy/domains/continuous/test/auto/SinusoidWithMultipleImpulses.xml
2 ms. Memory: 324608K Free: 147098K (45%)
----------------- Invoking toplevel() on ptolemy.moml.MoMLSimpleApplication@2765a6b2
----------------- Done invoking toplevel() on ptolemy.moml.MoMLSimpleApplication@2765a6b2
reloadAllAccessors: .SinusoidWithMultipleImpulses

===========================================================================================
----------------- testing Fri Jul 27 01:43:47 UTC 2018 /home/travis/build/icyphy/ptII/ptolemy/domains/continuous/test/auto/SquareWave.xml
----------------- Instantiating /home/travis/build/icyphy/ptII/ptolemy/domains/continuous/test/auto/SquareWave.xml
176 ms. Memory: 324608K Free: 113908K (35%)
----------------- Invoking toplevel() on ptolemy.moml.MoMLSimpleApplication@73ac2f76
----------------- Done invoking toplevel() on ptolemy.moml.MoMLSimpleApplication@73ac2f76
reloadAllAccessors: .SquareWave

===========================================================================================
----------------- testing Fri Jul 27 01:43:47 UTC 2018 /home/travis/build/icyphy/ptII/ptolemy/domains/continuous/test/auto/Starmac.xml
----------------- Instantiating /home/travis/build/icyphy/ptII/ptolemy/domains/continuous/test/auto/Starmac.xml
3073 ms. Memory: 305152K Free: 203530K (67%)
----------------- Invoking toplevel() on ptolemy.moml.MoMLSimpleApplication@35e46239
----------------- Done invoking toplevel() on ptolemy.moml.MoMLSimpleApplication@35e46239
reloadAllAccessors: .Starmac

===========================================================================================
----------------- testing Fri Jul 27 01:43:50 UTC 2018 /home/travis/build/icyphy/ptII/ptolemy/domains/continuous/test/auto/StaticUnits.xml
----------------- Instantiating /home/travis/build/icyphy/ptII/ptolemy/domains/continuous/test/auto/StaticUnits.xml
1982 ms. Memory: 284160K Free: 170166K (60%)
----------------- Invoking toplevel() on ptolemy.moml.MoMLSimpleApplication@710fc744
----------------- Done invoking toplevel() on ptolemy.moml.MoMLSimpleApplication@710fc744
reloadAllAccessors: .StaticUnits

===========================================================================================
----------------- testing Fri Jul 27 01:43:53 UTC 2018 /home/travis/build/icyphy/ptII/ptolemy/domains/continuous/test/auto/StickyMasses.xml
----------------- Instantiating /home/travis/build/icyphy/ptII/ptolemy/domains/continuous/test/auto/StickyMasses.xml
156 ms. Memory: 284160K Free: 110837K (39%)
----------------- Invoking toplevel() on ptolemy.moml.MoMLSimpleApplication@5b7aa9fd
----------------- Done invoking toplevel() on ptolemy.moml.MoMLSimpleApplication@5b7aa9fd
reloadAllAccessors: .StickyMasses

===========================================================================================
----------------- testing Fri Jul 27 01:43:53 UTC 2018 /home/travis/build/icyphy/ptII/ptolemy/domains/continuous/test/auto/StopTime.xml
----------------- Instantiating /home/travis/build/icyphy/ptII/ptolemy/domains/continuous/test/auto/StopTime.xml
44 ms. Memory: 284160K Free: 81444K (29%)
----------------- Invoking toplevel() on ptolemy.moml.MoMLSimpleApplication@2c8d3a4b
----------------- Done invoking toplevel() on ptolemy.moml.MoMLSimpleApplication@2c8d3a4b
reloadAllAccessors: .StopTime

===========================================================================================
----------------- testing Fri Jul 27 01:43:53 UTC 2018 /home/travis/build/icyphy/ptII/ptolemy/domains/continuous/test/auto/StopTime2.xml
----------------- Instantiating /home/travis/build/icyphy/ptII/ptolemy/domains/continuous/test/auto/StopTime2.xml
43 ms. Memory: 284160K Free: 54038K (19%)
----------------- Invoking toplevel() on ptolemy.moml.MoMLSimpleApplication@c89a174
----------------- Done invoking toplevel() on ptolemy.moml.MoMLSimpleApplication@c89a174
reloadAllAccessors: .StopTime2

===========================================================================================
----------------- testing Fri Jul 27 01:43:53 UTC 2018 /home/travis/build/icyphy/ptII/ptolemy/domains/continuous/test/auto/Switch.xml
----------------- Instantiating /home/travis/build/icyphy/ptII/ptolemy/domains/continuous/test/auto/Switch.xml
55 ms. Memory: 284160K Free: 24636K (9%)
----------------- Invoking toplevel() on ptolemy.moml.MoMLSimpleApplication@6af3f2bc
----------------- Done invoking toplevel() on ptolemy.moml.MoMLSimpleApplication@6af3f2bc
reloadAllAccessors: .Switch

===========================================================================================
----------------- testing Fri Jul 27 01:43:53 UTC 2018 /home/travis/build/icyphy/ptII/ptolemy/domains/continuous/test/auto/Thermostat.xml
----------------- Instantiating /home/travis/build/icyphy/ptII/ptolemy/domains/continuous/test/auto/Thermostat.xml
214 ms. Memory: 281600K Free: 148276K (53%)
----------------- Invoking toplevel() on ptolemy.moml.MoMLSimpleApplication@3fe167d2
----------------- Done invoking toplevel() on ptolemy.moml.MoMLSimpleApplication@3fe167d2
reloadAllAccessors: .Thermostat

===========================================================================================
----------------- testing Fri Jul 27 01:43:54 UTC 2018 /home/travis/build/icyphy/ptII/ptolemy/domains/continuous/test/auto/TimeDelay.xml
----------------- Instantiating /home/travis/build/icyphy/ptII/ptolemy/domains/continuous/test/auto/TimeDelay.xml
4 ms. Memory: 281600K Free: 141495K (50%)
----------------- Invoking toplevel() on ptolemy.moml.MoMLSimpleApplication@ca8b320
----------------- Done invoking toplevel() on ptolemy.moml.MoMLSimpleApplication@ca8b320
reloadAllAccessors: .TimeDelay

===========================================================================================
----------------- testing Fri Jul 27 01:43:54 UTC 2018 /home/travis/build/icyphy/ptII/ptolemy/domains/continuous/test/auto/TimeDelay2.xml
----------------- Instantiating /home/travis/build/icyphy/ptII/ptolemy/domains/continuous/test/auto/TimeDelay2.xml
8 ms. Memory: 281600K Free: 132775K (47%)
----------------- Invoking toplevel() on ptolemy.moml.MoMLSimpleApplication@239b6e82
----------------- Done invoking toplevel() on ptolemy.moml.MoMLSimpleApplication@239b6e82
reloadAllAccessors: .TimeDelay2

===========================================================================================
----------------- testing Fri Jul 27 01:43:54 UTC 2018 /home/travis/build/icyphy/ptII/ptolemy/domains/continuous/test/auto/TimeDelay3.xml
----------------- Instantiating /home/travis/build/icyphy/ptII/ptolemy/domains/continuous/test/auto/TimeDelay3.xml
3 ms. Memory: 281600K Free: 126011K (45%)
----------------- Invoking toplevel() on ptolemy.moml.MoMLSimpleApplication@6e11ffa2
----------------- Done invoking toplevel() on ptolemy.moml.MoMLSimpleApplication@6e11ffa2
reloadAllAccessors: .TimeDelay3

===========================================================================================
----------------- testing Fri Jul 27 01:43:54 UTC 2018 /home/travis/build/icyphy/ptII/ptolemy/domains/continuous/test/auto/TransferAbsentToInside.xml
----------------- Instantiating /home/travis/build/icyphy/ptII/ptolemy/domains/continuous/test/auto/TransferAbsentToInside.xml
30 ms. Memory: 281600K Free: 66580K (24%)
----------------- Invoking toplevel() on ptolemy.moml.MoMLSimpleApplication@7a4d5feb
----------------- Done invoking toplevel() on ptolemy.moml.MoMLSimpleApplication@7a4d5feb
reloadAllAccessors: .TransferAbsentToInside

===========================================================================================
----------------- testing Fri Jul 27 01:43:54 UTC 2018 /home/travis/build/icyphy/ptII/ptolemy/domains/continuous/test/auto/Transmission.xml
----------------- Instantiating /home/travis/build/icyphy/ptII/ptolemy/domains/continuous/test/auto/Transmission.xml
846 ms. Memory: 259584K Free: 183510K (71%)
----------------- Invoking toplevel() on ptolemy.moml.MoMLSimpleApplication@74604575
----------------- Done invoking toplevel() on ptolemy.moml.MoMLSimpleApplication@74604575
reloadAllAccessors: .Transmission

===========================================================================================
----------------- testing Fri Jul 27 01:43:55 UTC 2018 /home/travis/build/icyphy/ptII/ptolemy/domains/continuous/test/auto/TriggeredContinuousClock.xml
----------------- Instantiating /home/travis/build/icyphy/ptII/ptolemy/domains/continuous/test/auto/TriggeredContinuousClock.xml
39 ms. Memory: 259584K Free: 149232K (57%)
----------------- Invoking toplevel() on ptolemy.moml.MoMLSimpleApplication@1b72ba63
----------------- Done invoking toplevel() on ptolemy.moml.MoMLSimpleApplication@1b72ba63
reloadAllAccessors: .TriggeredContinuousClock

===========================================================================================
----------------- testing Fri Jul 27 01:43:55 UTC 2018 /home/travis/build/icyphy/ptII/ptolemy/domains/continuous/test/auto/TwoMachineInfiniteBusControl.xml
----------------- Instantiating /home/travis/build/icyphy/ptII/ptolemy/domains/continuous/test/auto/TwoMachineInfiniteBusControl.xml
2278 ms. Memory: 238592K Free: 86289K (36%)
----------------- Invoking toplevel() on ptolemy.moml.MoMLSimpleApplication@60cc65bb
----------------- Done invoking toplevel() on ptolemy.moml.MoMLSimpleApplication@60cc65bb
reloadAllAccessors: .TwoMachineInfiniteBusControl

===========================================================================================
----------------- testing Fri Jul 27 01:43:57 UTC 2018 /home/travis/build/icyphy/ptII/ptolemy/domains/continuous/test/auto/V2V.xml
----------------- Instantiating /home/travis/build/icyphy/ptII/ptolemy/domains/continuous/test/auto/V2V.xml
774 ms. Memory: 237568K Free: 44470K (19%)
----------------- Invoking toplevel() on ptolemy.moml.MoMLSimpleApplication@4c2ca297
----------------- Done invoking toplevel() on ptolemy.moml.MoMLSimpleApplication@4c2ca297
reloadAllAccessors: .V2V

===========================================================================================
----------------- testing Fri Jul 27 01:43:58 UTC 2018 /home/travis/build/icyphy/ptII/ptolemy/domains/continuous/test/auto/hierarchicalModalModel.xml
----------------- Instantiating /home/travis/build/icyphy/ptII/ptolemy/domains/continuous/test/auto/hierarchicalModalModel.xml
10 ms. Memory: 237568K Free: 27483K (12%)
----------------- Invoking toplevel() on ptolemy.moml.MoMLSimpleApplication@6fbc95e0
----------------- Done invoking toplevel() on ptolemy.moml.MoMLSimpleApplication@6fbc95e0
reloadAllAccessors: .hierarchicalModalModel

===========================================================================================
----------------- testing Fri Jul 27 01:43:58 UTC 2018 /home/travis/build/icyphy/ptII/ptolemy/domains/continuous/test/auto/hierarchicalModalModel1.xml
----------------- Instantiating /home/travis/build/icyphy/ptII/ptolemy/domains/continuous/test/auto/hierarchicalModalModel1.xml
12 ms. Memory: 226304K Free: 150429K (66%)
----------------- Invoking toplevel() on ptolemy.moml.MoMLSimpleApplication@55086305
----------------- Done invoking toplevel() on ptolemy.moml.MoMLSimpleApplication@55086305
reloadAllAccessors: .hierarchicalModalModel1

===========================================================================================
----------------- testing Fri Jul 27 01:43:58 UTC 2018 /home/travis/build/icyphy/ptII/ptolemy/domains/continuous/test/auto/hierarchicalModalModel2.xml
----------------- Instantiating /home/travis/build/icyphy/ptII/ptolemy/domains/continuous/test/auto/hierarchicalModalModel2.xml
7 ms. Memory: 226304K Free: 135839K (60%)
----------------- Invoking toplevel() on ptolemy.moml.MoMLSimpleApplication@79713e7d
----------------- Done invoking toplevel() on ptolemy.moml.MoMLSimpleApplication@79713e7d
reloadAllAccessors: .hierarchicalModalModel2

===========================================================================================
----------------- testing Fri Jul 27 01:43:58 UTC 2018 /home/travis/build/icyphy/ptII/ptolemy/domains/continuous/test/auto/hierarchicalModalModel3.xml
----------------- Instantiating /home/travis/build/icyphy/ptII/ptolemy/domains/continuous/test/auto/hierarchicalModalModel3.xml
5 ms. Memory: 226304K Free: 123240K (54%)
----------------- Invoking toplevel() on ptolemy.moml.MoMLSimpleApplication@344a34f3
----------------- Done invoking toplevel() on ptolemy.moml.MoMLSimpleApplication@344a34f3
reloadAllAccessors: .hierarchicalModalModel3

===========================================================================================
----------------- testing Fri Jul 27 01:43:58 UTC 2018 /home/travis/build/icyphy/ptII/ptolemy/domains/continuous/test/auto/hierarchicalModalModel4.xml
----------------- Instantiating /home/travis/build/icyphy/ptII/ptolemy/domains/continuous/test/auto/hierarchicalModalModel4.xml
5 ms. Memory: 226304K Free: 109693K (48%)
----------------- Invoking toplevel() on ptolemy.moml.MoMLSimpleApplication@15ec5d44
----------------- Done invoking toplevel() on ptolemy.moml.MoMLSimpleApplication@15ec5d44
reloadAllAccessors: .hierarchicalModalModel4

===========================================================================================
----------------- testing Fri Jul 27 01:43:58 UTC 2018 /home/travis/build/icyphy/ptII/ptolemy/domains/continuous/test/auto/junk.xml
----------------- Instantiating /home/travis/build/icyphy/ptII/ptolemy/domains/continuous/test/auto/junk.xml
135 ms. Memory: 226304K Free: 76833K (34%)
----------------- Invoking toplevel() on ptolemy.moml.MoMLSimpleApplication@e0aefcf
----------------- Done invoking toplevel() on ptolemy.moml.MoMLSimpleApplication@e0aefcf
reloadAllAccessors: .junk
AutoTests.java: About to close Vertx.
AutoTests.java: Vertx closed.
]]></system-out>
  <system-err><![CDATA[Warning: '.HysteresisWithRandomDelay.NonStrictTest3' The test produced only 22 tokens, yet the correctValues parameter was expecting 30 tokens.
Warning: '.Poisson.NonStrictTest' The test produced only 414 tokens, yet the correctValues parameter was expecting 430 tokens.
]]></system-err>
</testsuite>
