<?xml version="1.0" encoding="UTF-8" ?>
<testsuite errors="0" failures="0" hostname="travis-job-b1c07169-2dc0-4909-b8fe-648a480321be" name="ptolemy.domains.de.test.junit.JUnitTclTest" skipped="0" tests="101" time="132.084" timestamp="2019-07-10T05:20:09">
  <properties>
[...]
</properties>
  <testcase classname="ptolemy.util.test.junit.TclTests" name="[0] /home/travis/build/icyphy/ptII/ptolemy/domains/de/test/DependencyLoop.tcl (RunTclFile)" time="1.219" />
  <testcase classname="ptolemy.util.test.junit.TclTests" name="[1] /home/travis/build/icyphy/ptII/ptolemy/domains/de/test/RunDETestsAsQSS.tcl (RunTclFile)" time="90.003" />
  <testcase classname="ptolemy.util.test.junit.AutoKnownFailedTests" name="[0] /home/travis/build/icyphy/ptII/ptolemy/domains/de/test/auto/knownFailedTests/DESDFClockTest.xml (RunModel)" time="2.029" />
  <testcase classname="ptolemy.util.test.junit.AutoKnownFailedTests" name="[1] /home/travis/build/icyphy/ptII/ptolemy/domains/de/test/auto/knownFailedTests/DirectFeedback.xml (RunModel)" time="0.018" />
  <testcase classname="ptolemy.util.test.junit.AutoKnownFailedTests" name="[2] /home/travis/build/icyphy/ptII/ptolemy/domains/de/test/auto/knownFailedTests/FSMSource.xml (RunModel)" time="0.025" />
  <testcase classname="ptolemy.util.test.junit.AutoKnownFailedTests" name="[3] /home/travis/build/icyphy/ptII/ptolemy/domains/de/test/auto/knownFailedTests/HierarchicalModel.xml (RunModel)" time="0.048" />
  <testcase classname="ptolemy.util.test.junit.AutoKnownFailedTests" name="[4] /home/travis/build/icyphy/ptII/ptolemy/domains/de/test/auto/knownFailedTests/dependencyLoop.xml (RunModel)" time="0.041" />
  <testcase classname="ptolemy.util.test.junit.AutoKnownFailedTests" name="[5] /home/travis/build/icyphy/ptII/ptolemy/domains/de/test/auto/knownFailedTests/dependencyLoop2.xml (RunModel)" time="0.047" />
  <testcase classname="ptolemy.util.test.junit.AutoNameArchTests" name="[0] ThereAreNoAutoArchTests (RunModel)" time="0.002" />
  <testcase classname="ptolemy.util.test.junit.AutoTests" name="[0] /home/travis/build/icyphy/ptII/ptolemy/domains/de/test/auto/ActorDepthCalculation_actorWithoutPorts.xml (RunModel)" time="0.021" />
  <testcase classname="ptolemy.util.test.junit.AutoTests" name="[1] /home/travis/build/icyphy/ptII/ptolemy/domains/de/test/auto/AssemblyLine.xml (RunModel)" time="0.032" />
  <testcase classname="ptolemy.util.test.junit.AutoTests" name="[2] /home/travis/build/icyphy/ptII/ptolemy/domains/de/test/auto/CQBug1.xml (RunModel)" time="0.009" />
  <testcase classname="ptolemy.util.test.junit.AutoTests" name="[3] /home/travis/build/icyphy/ptII/ptolemy/domains/de/test/auto/CancelFireAt.xml (RunModel)" time="0.012" />
  <testcase classname="ptolemy.util.test.junit.AutoTests" name="[4] /home/travis/build/icyphy/ptII/ptolemy/domains/de/test/auto/CausalityAndComposabilityAnalysis.xml (RunModel)" time="0.012" />
  <testcase classname="ptolemy.util.test.junit.AutoTests" name="[5] /home/travis/build/icyphy/ptII/ptolemy/domains/de/test/auto/CausalityInterface1.xml (RunModel)" time="0.014" />
  <testcase classname="ptolemy.util.test.junit.AutoTests" name="[6] /home/travis/build/icyphy/ptII/ptolemy/domains/de/test/auto/CausalityInterface15.xml (RunModel)" time="0.013" />
  <testcase classname="ptolemy.util.test.junit.AutoTests" name="[7] /home/travis/build/icyphy/ptII/ptolemy/domains/de/test/auto/CausalityInterface2.xml (RunModel)" time="0.018" />
  <testcase classname="ptolemy.util.test.junit.AutoTests" name="[8] /home/travis/build/icyphy/ptII/ptolemy/domains/de/test/auto/CausalityInterface3.xml (RunModel)" time="0.013" />
  <testcase classname="ptolemy.util.test.junit.AutoTests" name="[9] /home/travis/build/icyphy/ptII/ptolemy/domains/de/test/auto/ClockDrift.xml (RunModel)" time="0.039" />
  <testcase classname="ptolemy.util.test.junit.AutoTests" name="[10] /home/travis/build/icyphy/ptII/ptolemy/domains/de/test/auto/ClockDriftAndValueChange.xml (RunModel)" time="0.038" />
  <testcase classname="ptolemy.util.test.junit.AutoTests" name="[11] /home/travis/build/icyphy/ptII/ptolemy/domains/de/test/auto/ClockDriftChange.xml (RunModel)" time="0.032" />
  <testcase classname="ptolemy.util.test.junit.AutoTests" name="[12] /home/travis/build/icyphy/ptII/ptolemy/domains/de/test/auto/ComposableCausalityAnalysis.xml (RunModel)" time="0.015" />
  <testcase classname="ptolemy.util.test.junit.AutoTests" name="[13] /home/travis/build/icyphy/ptII/ptolemy/domains/de/test/auto/DEFixedPointLimitation.xml (RunModel)" time="0.01" />
  <testcase classname="ptolemy.util.test.junit.AutoTests" name="[14] /home/travis/build/icyphy/ptII/ptolemy/domains/de/test/auto/DEScheduleTest.xml (RunModel)" time="0.02" />
  <testcase classname="ptolemy.util.test.junit.AutoTests" name="[15] /home/travis/build/icyphy/ptII/ptolemy/domains/de/test/auto/DEinDEwithStartTimes.xml (RunModel)" time="0.019" />
  <testcase classname="ptolemy.util.test.junit.AutoTests" name="[16] /home/travis/build/icyphy/ptII/ptolemy/domains/de/test/auto/DEinDEwithStartTimes2.xml (RunModel)" time="0.013" />
  <testcase classname="ptolemy.util.test.junit.AutoTests" name="[17] /home/travis/build/icyphy/ptII/ptolemy/domains/de/test/auto/DateDemo.xml (RunModel)" time="0.04" />
  <testcase classname="ptolemy.util.test.junit.AutoTests" name="[18] /home/travis/build/icyphy/ptII/ptolemy/domains/de/test/auto/DateToEvent.xml (RunModel)" time="2.045" />
  <testcase classname="ptolemy.util.test.junit.AutoTests" name="[19] /home/travis/build/icyphy/ptII/ptolemy/domains/de/test/auto/DepthTest1.xml (RunModel)" time="0.007" />
  <testcase classname="ptolemy.util.test.junit.AutoTests" name="[20] /home/travis/build/icyphy/ptII/ptolemy/domains/de/test/auto/DepthTest2.xml (RunModel)" time="0.011" />
  <testcase classname="ptolemy.util.test.junit.AutoTests" name="[21] /home/travis/build/icyphy/ptII/ptolemy/domains/de/test/auto/DepthTest3.xml (RunModel)" time="0.006" />
  <testcase classname="ptolemy.util.test.junit.AutoTests" name="[22] /home/travis/build/icyphy/ptII/ptolemy/domains/de/test/auto/DepthTest4.xml (RunModel)" time="0.01" />
  <testcase classname="ptolemy.util.test.junit.AutoTests" name="[23] /home/travis/build/icyphy/ptII/ptolemy/domains/de/test/auto/DepthTest5.xml (RunModel)" time="0.01" />
  <testcase classname="ptolemy.util.test.junit.AutoTests" name="[24] /home/travis/build/icyphy/ptII/ptolemy/domains/de/test/auto/DepthTest6.xml (RunModel)" time="0.01" />
  <testcase classname="ptolemy.util.test.junit.AutoTests" name="[25] /home/travis/build/icyphy/ptII/ptolemy/domains/de/test/auto/DepthTest7.xml (RunModel)" time="0.009" />
  <testcase classname="ptolemy.util.test.junit.AutoTests" name="[26] /home/travis/build/icyphy/ptII/ptolemy/domains/de/test/auto/EventToDate.xml (RunModel)" time="3.035" />
  <testcase classname="ptolemy.util.test.junit.AutoTests" name="[27] /home/travis/build/icyphy/ptII/ptolemy/domains/de/test/auto/FSM1.xml (RunModel)" time="0.049" />
  <testcase classname="ptolemy.util.test.junit.AutoTests" name="[28] /home/travis/build/icyphy/ptII/ptolemy/domains/de/test/auto/FSM7.xml (RunModel)" time="0.055" />
  <testcase classname="ptolemy.util.test.junit.AutoTests" name="[29] /home/travis/build/icyphy/ptII/ptolemy/domains/de/test/auto/Inspection.xml (RunModel)" time="0.066" />
  <testcase classname="ptolemy.util.test.junit.AutoTests" name="[30] /home/travis/build/icyphy/ptII/ptolemy/domains/de/test/auto/Iteration.xml (RunModel)" time="0.034" />
  <testcase classname="ptolemy.util.test.junit.AutoTests" name="[31] /home/travis/build/icyphy/ptII/ptolemy/domains/de/test/auto/LineFault.xml (RunModel)" time="0.596" />
  <testcase classname="ptolemy.util.test.junit.AutoTests" name="[32] /home/travis/build/icyphy/ptII/ptolemy/domains/de/test/auto/MergeModel1Add.xml (RunModel)" time="0.055" />
  <testcase classname="ptolemy.util.test.junit.AutoTests" name="[33] /home/travis/build/icyphy/ptII/ptolemy/domains/de/test/auto/MergeModel2Add.xml (RunModel)" time="0.047" />
  <testcase classname="ptolemy.util.test.junit.AutoTests" name="[34] /home/travis/build/icyphy/ptII/ptolemy/domains/de/test/auto/MergeModel3Add.xml (RunModel)" time="0.047" />
  <testcase classname="ptolemy.util.test.junit.AutoTests" name="[35] /home/travis/build/icyphy/ptII/ptolemy/domains/de/test/auto/MergeWithoutDiscard.xml (RunModel)" time="0.018" />
  <testcase classname="ptolemy.util.test.junit.AutoTests" name="[36] /home/travis/build/icyphy/ptII/ptolemy/domains/de/test/auto/Modal1.xml (RunModel)" time="0.036" />
  <testcase classname="ptolemy.util.test.junit.AutoTests" name="[37] /home/travis/build/icyphy/ptII/ptolemy/domains/de/test/auto/Modal2.xml (RunModel)" time="0.05" />
  <testcase classname="ptolemy.util.test.junit.AutoTests" name="[38] /home/travis/build/icyphy/ptII/ptolemy/domains/de/test/auto/Modal3.xml (RunModel)" time="0.029" />
  <testcase classname="ptolemy.util.test.junit.AutoTests" name="[39] /home/travis/build/icyphy/ptII/ptolemy/domains/de/test/auto/Modal4.xml (RunModel)" time="0.039" />
  <testcase classname="ptolemy.util.test.junit.AutoTests" name="[40] /home/travis/build/icyphy/ptII/ptolemy/domains/de/test/auto/Modal5.xml (RunModel)" time="0.032" />
  <testcase classname="ptolemy.util.test.junit.AutoTests" name="[41] /home/travis/build/icyphy/ptII/ptolemy/domains/de/test/auto/Modal6.xml (RunModel)" time="0.063" />
  <testcase classname="ptolemy.util.test.junit.AutoTests" name="[42] /home/travis/build/icyphy/ptII/ptolemy/domains/de/test/auto/Modal7.xml (RunModel)" time="0.043" />
  <testcase classname="ptolemy.util.test.junit.AutoTests" name="[43] /home/travis/build/icyphy/ptII/ptolemy/domains/de/test/auto/ModalModel.xml (RunModel)" time="0.204" />
  <testcase classname="ptolemy.util.test.junit.AutoTests" name="[44] /home/travis/build/icyphy/ptII/ptolemy/domains/de/test/auto/ModalSource.xml (RunModel)" time="0.036" />
  <testcase classname="ptolemy.util.test.junit.AutoTests" name="[45] /home/travis/build/icyphy/ptII/ptolemy/domains/de/test/auto/NonInterruptibleTimerZeroDelay.xml (RunModel)" time="0.01" />
  <testcase classname="ptolemy.util.test.junit.AutoTests" name="[46] /home/travis/build/icyphy/ptII/ptolemy/domains/de/test/auto/OpenQueueingNetwork.xml (RunModel)" time="2.333" />
  <testcase classname="ptolemy.util.test.junit.AutoTests" name="[47] /home/travis/build/icyphy/ptII/ptolemy/domains/de/test/auto/OpenQueuingNetwork.xml (RunModel)" time="0.24" />
  <testcase classname="ptolemy.util.test.junit.AutoTests" name="[48] /home/travis/build/icyphy/ptII/ptolemy/domains/de/test/auto/PeriodicSampler.xml (RunModel)" time="0.009" />
  <testcase classname="ptolemy.util.test.junit.AutoTests" name="[49] /home/travis/build/icyphy/ptII/ptolemy/domains/de/test/auto/PersistentIO.xml (RunModel)" time="0.024" />
  <testcase classname="ptolemy.util.test.junit.AutoTests" name="[50] /home/travis/build/icyphy/ptII/ptolemy/domains/de/test/auto/PortParameterResetOnInitialize.xml (RunModel)" time="0.012" />
  <testcase classname="ptolemy.util.test.junit.AutoTests" name="[51] /home/travis/build/icyphy/ptII/ptolemy/domains/de/test/auto/PortParameterUpdates.xml (RunModel)" time="0.016" />
  <testcase classname="ptolemy.util.test.junit.AutoTests" name="[52] /home/travis/build/icyphy/ptII/ptolemy/domains/de/test/auto/QueueAndServer.xml (RunModel)" time="0.026" />
  <testcase classname="ptolemy.util.test.junit.AutoTests" name="[53] /home/travis/build/icyphy/ptII/ptolemy/domains/de/test/auto/Records.xml (RunModel)" time="0.016" />
  <testcase classname="ptolemy.util.test.junit.AutoTests" name="[54] /home/travis/build/icyphy/ptII/ptolemy/domains/de/test/auto/ResetTransitionWithStartTime1.xml (RunModel)" time="0.017" />
  <testcase classname="ptolemy.util.test.junit.AutoTests" name="[55] /home/travis/build/icyphy/ptII/ptolemy/domains/de/test/auto/ResetTransitionWithStartTime2.xml (RunModel)" time="0.016" />
  <testcase classname="ptolemy.util.test.junit.AutoTests" name="[56] /home/travis/build/icyphy/ptII/ptolemy/domains/de/test/auto/ResetTransitionWithStartTime3.xml (RunModel)" time="0.019" />
  <testcase classname="ptolemy.util.test.junit.AutoTests" name="[57] /home/travis/build/icyphy/ptII/ptolemy/domains/de/test/auto/ResetTransitionWithStartTime4.xml (RunModel)" time="0.021" />
  <testcase classname="ptolemy.util.test.junit.AutoTests" name="[58] /home/travis/build/icyphy/ptII/ptolemy/domains/de/test/auto/ResettableTimer1.xml (RunModel)" time="0.01" />
  <testcase classname="ptolemy.util.test.junit.AutoTests" name="[59] /home/travis/build/icyphy/ptII/ptolemy/domains/de/test/auto/ResettableTimer2.xml (RunModel)" time="0.008" />
  <testcase classname="ptolemy.util.test.junit.AutoTests" name="[60] /home/travis/build/icyphy/ptII/ptolemy/domains/de/test/auto/ResettableTimer3.xml (RunModel)" time="0.008" />
  <testcase classname="ptolemy.util.test.junit.AutoTests" name="[61] /home/travis/build/icyphy/ptII/ptolemy/domains/de/test/auto/ResettableTimer4.xml (RunModel)" time="0.007" />
  <testcase classname="ptolemy.util.test.junit.AutoTests" name="[62] /home/travis/build/icyphy/ptII/ptolemy/domains/de/test/auto/ResettableTimer5.xml (RunModel)" time="0.01" />
  <testcase classname="ptolemy.util.test.junit.AutoTests" name="[63] /home/travis/build/icyphy/ptII/ptolemy/domains/de/test/auto/ResettableTimer6.xml (RunModel)" time="0.019" />
  <testcase classname="ptolemy.util.test.junit.AutoTests" name="[64] /home/travis/build/icyphy/ptII/ptolemy/domains/de/test/auto/ServerZeroDelay.xml (RunModel)" time="0.009" />
  <testcase classname="ptolemy.util.test.junit.AutoTests" name="[65] /home/travis/build/icyphy/ptII/ptolemy/domains/de/test/auto/SmartSender.xml (RunModel)" time="3.006" />
  <testcase classname="ptolemy.util.test.junit.AutoTests" name="[66] /home/travis/build/icyphy/ptII/ptolemy/domains/de/test/auto/ThreadedComposite.xml (RunModel)" time="0.149" />
  <testcase classname="ptolemy.util.test.junit.AutoTests" name="[67] /home/travis/build/icyphy/ptII/ptolemy/domains/de/test/auto/Time.xml (RunModel)" time="0.462" />
  <testcase classname="ptolemy.util.test.junit.AutoTests" name="[68] /home/travis/build/icyphy/ptII/ptolemy/domains/de/test/auto/TimeDelayZeroDelay.xml (RunModel)" time="0.015" />
  <testcase classname="ptolemy.util.test.junit.AutoTests" name="[69] /home/travis/build/icyphy/ptII/ptolemy/domains/de/test/auto/TimerZeroDelay.xml (RunModel)" time="0.01" />
  <testcase classname="ptolemy.util.test.junit.AutoTests" name="[70] /home/travis/build/icyphy/ptII/ptolemy/domains/de/test/auto/TimingParadox.xml (RunModel)" time="0.314" />
  <testcase classname="ptolemy.util.test.junit.AutoTests" name="[71] /home/travis/build/icyphy/ptII/ptolemy/domains/de/test/auto/TransferInputs.xml (RunModel)" time="0.008" />
  <testcase classname="ptolemy.util.test.junit.AutoTests" name="[72] /home/travis/build/icyphy/ptII/ptolemy/domains/de/test/auto/TransferOutputs2.xml (RunModel)" time="0.027" />
  <testcase classname="ptolemy.util.test.junit.AutoTests" name="[73] /home/travis/build/icyphy/ptII/ptolemy/domains/de/test/auto/Trilateration.xml (RunModel)" time="11.966" />
  <testcase classname="ptolemy.util.test.junit.AutoTests" name="[74] /home/travis/build/icyphy/ptII/ptolemy/domains/de/test/auto/TwoSigmaDelta.xml (RunModel)" time="2.266" />
  <testcase classname="ptolemy.util.test.junit.AutoTests" name="[75] /home/travis/build/icyphy/ptII/ptolemy/domains/de/test/auto/VariableDelay.xml (RunModel)" time="0.019" />
  <testcase classname="ptolemy.util.test.junit.AutoTests" name="[76] /home/travis/build/icyphy/ptII/ptolemy/domains/de/test/auto/VariableDelay2.xml (RunModel)" time="0.007" />
  <testcase classname="ptolemy.util.test.junit.AutoTests" name="[77] /home/travis/build/icyphy/ptII/ptolemy/domains/de/test/auto/VariableDelayZeroDelay.xml (RunModel)" time="0.015" />
  <testcase classname="ptolemy.util.test.junit.AutoTests" name="[78] /home/travis/build/icyphy/ptII/ptolemy/domains/de/test/auto/VariableDelayZeroDelay2.xml (RunModel)" time="0.023" />
  <testcase classname="ptolemy.util.test.junit.AutoTests" name="[79] /home/travis/build/icyphy/ptII/ptolemy/domains/de/test/auto/deInCt.xml (RunModel)" time="0.018" />
  <testcase classname="ptolemy.util.test.junit.AutoTests" name="[80] /home/travis/build/icyphy/ptII/ptolemy/domains/de/test/auto/deInCt2.xml (RunModel)" time="0.018" />
  <testcase classname="ptolemy.util.test.junit.AutoTests" name="[81] /home/travis/build/icyphy/ptII/ptolemy/domains/de/test/auto/dynamicCausalityInterface1.xml (RunModel)" time="0.027" />
  <testcase classname="ptolemy.util.test.junit.AutoTests" name="[82] /home/travis/build/icyphy/ptII/ptolemy/domains/de/test/auto/fsm_de_test.xml (RunModel)" time="0.019" />
  <testcase classname="ptolemy.util.test.junit.AutoTests" name="[83] /home/travis/build/icyphy/ptII/ptolemy/domains/de/test/auto/functionDependencyReconstruction.xml (RunModel)" time="0.026" />
  <testcase classname="ptolemy.util.test.junit.AutoTests" name="[84] /home/travis/build/icyphy/ptII/ptolemy/domains/de/test/auto/multirate.xml (RunModel)" time="0.014" />
  <testcase classname="ptolemy.util.test.junit.AutoTests" name="[85] /home/travis/build/icyphy/ptII/ptolemy/domains/de/test/auto/multirate2.xml (RunModel)" time="0.016" />
  <testcase classname="ptolemy.util.test.junit.AutoTests" name="[86] /home/travis/build/icyphy/ptII/ptolemy/domains/de/test/auto/realtime.xml (RunModel)" time="10.008" />
  <testcase classname="ptolemy.util.test.junit.AutoTests" name="[87] /home/travis/build/icyphy/ptII/ptolemy/domains/de/test/auto/relationGroup.xml (RunModel)" time="0.006" />
  <testcase classname="ptolemy.util.test.junit.AutoTests" name="[88] /home/travis/build/icyphy/ptII/ptolemy/domains/de/test/auto/relationGroup2.xml (RunModel)" time="0.006" />
  <testcase classname="ptolemy.util.test.junit.AutoTests" name="[89] /home/travis/build/icyphy/ptII/ptolemy/domains/de/test/auto/sortWithOpaquePorts.xml (RunModel)" time="0.009" />
  <testcase classname="ptolemy.util.test.junit.AutoTests" name="[90] /home/travis/build/icyphy/ptII/ptolemy/domains/de/test/auto/transferInputsandOutputs.xml (RunModel)" time="0.011" />
  <testcase classname="ptolemy.util.test.junit.AutoTests" name="[91] /home/travis/build/icyphy/ptII/ptolemy/domains/de/test/auto/triggerType.xml (RunModel)" time="0.006" />
  <system-out><![CDATA[/home/travis/build/icyphy/ptII/ptolemy/domains/de/test/DependencyLoop.tcl
testDefs.tcl: setting time out to 9000 seconds at Wed Jul 10 05:20:09 UTC 2019
66 ms. Memory: 120832K Free: 99065K (82%)
18 ms. Memory: 157696K Free: 139735K (89%)
/home/travis/build/icyphy/ptII/ptolemy/domains/de/test/RunDETestsAsQSS.tcl
Run the DE tests using ptolemy.domains.qss.test.QSSDirectorTest, which extends QSSDirector and prints a message in the constructors.
------------------ testing $PTII/ptolemy/domains/de/test/auto/knownFailedTests/DirectFeedback.xml (Known Failure) 
70 ms. Memory: 157696K Free: 134615K (85%)


==== $PTIIhome/travis/build/icyphy/ptII/ptolemy/domains/de/test/../../../../: Auto Automatic test in file $PTII/ptolemy/domains/de/test/auto/knownFailedTests/DirectFeedback.xml
==== Contents of test case:

	    # FIXME: we should use $relativeFilename here, but it
	    # might have backslashes under Windows, which causes no end
	    # of trouble.
	    createAndExecute $file
	    list {}
	
.... Test generated KNOWN error:
    while executing
ptolemy.kernel.util.IllegalActionException: Test fails in iteration 1.
Value was: 1.0. Should have been: 2.0
  in .DirectFeedback.Test
	at ptolemy.actor.lib.Test.fire(Test.java:268)
	at ptolemy.domains.de.kernel.DEDirector._fire(DEDirector.java:1949)
	at ptolemy.domains.de.kernel.DEDirector.fire(DEDirector.java:502)
	at ptolemy.actor.CompositeActor.fire(CompositeActor.java:455)
	at ptolemy.actor.Manager.iterate(Manager.java:851)
	at ptolemy.actor.Manager.execute(Manager.java:369)
	at ptolemy.actor.Manager.run(Manager.java:1263)
	at ptolemy.actor.Manager$PtolemyRunThread.run(Manager.java:1915)

    while executing
ptolemy.kernel.util.IllegalActionException: Test fails in iteration 1.
Value was: 1.0. Should have been: 2.0
  in .DirectFeedback.Test
    while executing
"java::new ptolemy.moml.MoMLSimpleApplication $file
"
    (procedure "createAndExecute" line 2)
    invoked from within
"createAndExecute $file"
    ("uplevel" body line 5)
    invoked from within
"uplevel $contents_of_test"
------------------ testing $PTII/ptolemy/domains/de/test/auto/knownFailedTests/dependencyLoop.xml (Known Failure) 
9 ms. Memory: 157696K Free: 131543K (83%)


==== $PTIIhome/travis/build/icyphy/ptII/ptolemy/domains/de/test/../../../../: Auto Automatic test in file $PTII/ptolemy/domains/de/test/auto/knownFailedTests/dependencyLoop.xml
==== Contents of test case:

	    # FIXME: we should use $relativeFilename here, but it
	    # might have backslashes under Windows, which causes no end
	    # of trouble.
	    createAndExecute $file
	    list {}
	
.... Test generated KNOWN error:
    while executing
ptolemy.kernel.util.IllegalActionException: Found a zero delay loop containing .dependencyLoop.original
  in .dependencyLoop and .dependencyLoop.original
	at ptolemy.actor.util.CausalityInterfaceForComposites._computeOutputPortDepth(CausalityInterfaceForComposites.java:759)
	at ptolemy.actor.util.CausalityInterfaceForComposites._computeInputDepth(CausalityInterfaceForComposites.java:696)
	at ptolemy.actor.util.CausalityInterfaceForComposites._computeOutputPortDepth(CausalityInterfaceForComposites.java:765)
	at ptolemy.actor.util.CausalityInterfaceForComposites._computeInputDepth(CausalityInterfaceForComposites.java:696)
	at ptolemy.actor.util.CausalityInterfaceForComposites._computeOutputPortDepth(CausalityInterfaceForComposites.java:765)
	at ptolemy.actor.util.CausalityInterfaceForComposites._computeInputDepth(CausalityInterfaceForComposites.java:696)
	at ptolemy.actor.util.CausalityInterfaceForComposites._computeActorDepth(CausalityInterfaceForComposites.java:532)
	at ptolemy.actor.util.CausalityInterfaceForComposites.checkForCycles(CausalityInterfaceForComposites.java:96)
	at ptolemy.domains.de.kernel.DEDirector.preinitialize(DEDirector.java:1338)
	at ptolemy.actor.CompositeActor.preinitialize(CompositeActor.java:1828)
	at ptolemy.actor.Manager.preinitializeAndResolveTypes(Manager.java:1040)
	at ptolemy.actor.Manager.initialize(Manager.java:710)
	at ptolemy.actor.Manager.execute(Manager.java:356)
	at ptolemy.actor.Manager.run(Manager.java:1263)
	at ptolemy.actor.Manager$PtolemyRunThread.run(Manager.java:1915)

    while executing
ptolemy.kernel.util.IllegalActionException: Found a zero delay loop containing .dependencyLoop.original
  in .dependencyLoop and .dependencyLoop.original
    while executing
"java::new ptolemy.moml.MoMLSimpleApplication $file
"
    (procedure "createAndExecute" line 2)
    invoked from within
"createAndExecute $file"
    ("uplevel" body line 5)
    invoked from within
"uplevel $contents_of_test"
------------------ testing $PTII/ptolemy/domains/de/test/auto/knownFailedTests/FSMSource.xml (Known Failure) 
86 ms. Memory: 157696K Free: 122823K (78%)
!!!! Auto was marked as failing, but now passes
------------------ testing $PTII/ptolemy/domains/de/test/auto/knownFailedTests/HierarchicalModel.xml (Known Failure) 
8 ms. Memory: 157696K Free: 105415K (67%)


==== $PTIIhome/travis/build/icyphy/ptII/ptolemy/domains/de/test/../../../../: Auto Automatic test in file $PTII/ptolemy/domains/de/test/auto/knownFailedTests/HierarchicalModel.xml
==== Contents of test case:

	    # FIXME: we should use $relativeFilename here, but it
	    # might have backslashes under Windows, which causes no end
	    # of trouble.
	    createAndExecute $file
	    list {}
	
.... Test generated KNOWN error:
    while executing
ptolemy.kernel.util.IllegalActionException: Found a zero delay loop containing .HierarchicalModel.A
  in .HierarchicalModel and .HierarchicalModel.A
	at ptolemy.actor.util.CausalityInterfaceForComposites._computeOutputPortDepth(CausalityInterfaceForComposites.java:759)
	at ptolemy.actor.util.CausalityInterfaceForComposites._computeInputDepth(CausalityInterfaceForComposites.java:696)
	at ptolemy.actor.util.CausalityInterfaceForComposites._computeOutputPortDepth(CausalityInterfaceForComposites.java:765)
	at ptolemy.actor.util.CausalityInterfaceForComposites._computeInputDepth(CausalityInterfaceForComposites.java:696)
	at ptolemy.actor.util.CausalityInterfaceForComposites._computeOutputPortDepth(CausalityInterfaceForComposites.java:765)
	at ptolemy.actor.util.CausalityInterfaceForComposites._computeInputDepth(CausalityInterfaceForComposites.java:696)
	at ptolemy.actor.util.CausalityInterfaceForComposites._computeActorDepth(CausalityInterfaceForComposites.java:532)
	at ptolemy.actor.util.CausalityInterfaceForComposites.checkForCycles(CausalityInterfaceForComposites.java:96)
	at ptolemy.domains.de.kernel.DEDirector.preinitialize(DEDirector.java:1338)
	at ptolemy.actor.CompositeActor.preinitialize(CompositeActor.java:1828)
	at ptolemy.actor.Manager.preinitializeAndResolveTypes(Manager.java:1040)
	at ptolemy.actor.Manager.initialize(Manager.java:710)
	at ptolemy.actor.Manager.execute(Manager.java:356)
	at ptolemy.actor.Manager.run(Manager.java:1263)
	at ptolemy.actor.Manager$PtolemyRunThread.run(Manager.java:1915)

    while executing
ptolemy.kernel.util.IllegalActionException: Found a zero delay loop containing .HierarchicalModel.A
  in .HierarchicalModel and .HierarchicalModel.A
    while executing
"java::new ptolemy.moml.MoMLSimpleApplication $file
"
    (procedure "createAndExecute" line 2)
    invoked from within
"createAndExecute $file"
    ("uplevel" body line 5)
    invoked from within
"uplevel $contents_of_test"
------------------ testing $PTII/ptolemy/domains/de/test/auto/knownFailedTests/dependencyLoop2.xml (Known Failure) 
14 ms. Memory: 157696K Free: 102357K (65%)


==== $PTIIhome/travis/build/icyphy/ptII/ptolemy/domains/de/test/../../../../: Auto Automatic test in file $PTII/ptolemy/domains/de/test/auto/knownFailedTests/dependencyLoop2.xml
==== Contents of test case:

	    # FIXME: we should use $relativeFilename here, but it
	    # might have backslashes under Windows, which causes no end
	    # of trouble.
	    createAndExecute $file
	    list {}
	
.... Test generated KNOWN error:
    while executing
ptolemy.kernel.util.IllegalActionException: Found a zero delay loop containing .dependencyLoop2.original
  in .dependencyLoop2 and .dependencyLoop2.original
	at ptolemy.actor.util.CausalityInterfaceForComposites._computeOutputPortDepth(CausalityInterfaceForComposites.java:759)
	at ptolemy.actor.util.CausalityInterfaceForComposites._computeInputDepth(CausalityInterfaceForComposites.java:696)
	at ptolemy.actor.util.CausalityInterfaceForComposites._computeOutputPortDepth(CausalityInterfaceForComposites.java:765)
	at ptolemy.actor.util.CausalityInterfaceForComposites._computeInputDepth(CausalityInterfaceForComposites.java:696)
	at ptolemy.actor.util.CausalityInterfaceForComposites._computeOutputPortDepth(CausalityInterfaceForComposites.java:765)
	at ptolemy.actor.util.CausalityInterfaceForComposites._computeInputDepth(CausalityInterfaceForComposites.java:696)
	at ptolemy.actor.util.CausalityInterfaceForComposites._computeActorDepth(CausalityInterfaceForComposites.java:532)
	at ptolemy.actor.util.CausalityInterfaceForComposites.checkForCycles(CausalityInterfaceForComposites.java:96)
	at ptolemy.domains.de.kernel.DEDirector.preinitialize(DEDirector.java:1338)
	at ptolemy.actor.CompositeActor.preinitialize(CompositeActor.java:1828)
	at ptolemy.actor.Manager.preinitializeAndResolveTypes(Manager.java:1040)
	at ptolemy.actor.Manager.initialize(Manager.java:710)
	at ptolemy.actor.Manager.execute(Manager.java:356)
	at ptolemy.actor.Manager.run(Manager.java:1263)
	at ptolemy.actor.Manager$PtolemyRunThread.run(Manager.java:1915)

    while executing
ptolemy.kernel.util.IllegalActionException: Found a zero delay loop containing .dependencyLoop2.original
  in .dependencyLoop2 and .dependencyLoop2.original
    while executing
"java::new ptolemy.moml.MoMLSimpleApplication $file
"
    (procedure "createAndExecute" line 2)
    invoked from within
"createAndExecute $file"
    ("uplevel" body line 5)
    invoked from within
"uplevel $contents_of_test"
------------------ testing $PTII/ptolemy/domains/de/test/auto/knownFailedTests/DESDFClockTest.xml (Known Failure) 
2062 ms. Memory: 157696K Free: 89045K (56%)


==== $PTIIhome/travis/build/icyphy/ptII/ptolemy/domains/de/test/../../../../: Auto Automatic test in file $PTII/ptolemy/domains/de/test/auto/knownFailedTests/DESDFClockTest.xml
==== Contents of test case:

	    # FIXME: we should use $relativeFilename here, but it
	    # might have backslashes under Windows, which causes no end
	    # of trouble.
	    createAndExecute $file
	    list {}
	
.... Test generated KNOWN error:
    while executing
ptolemy.kernel.util.IllegalActionException: Actor is not ready to fire.  Perhaps UpSample.prefire() returned false? Try debugging the actor by selecting "Listen to Actor".  Also, for SDF check moml for tokenConsumptionRate on input.
  in .DESDFClockTest.Play Bell.Copy1:SDF Director and .DESDFClockTest.Play Bell.UpSample
	at ptolemy.actor.sched.StaticSchedulingDirector.fire(StaticSchedulingDirector.java:227)
	at ptolemy.domains.sdf.kernel.SDFDirector.fire(SDFDirector.java:500)
	at ptolemy.actor.CompositeActor.fire(CompositeActor.java:455)
	at ptolemy.domains.de.kernel.DEDirector._fire(DEDirector.java:1949)
	at ptolemy.domains.de.kernel.DEDirector.fire(DEDirector.java:502)
	at ptolemy.actor.CompositeActor.fire(CompositeActor.java:455)
	at ptolemy.actor.Manager.iterate(Manager.java:851)
	at ptolemy.actor.Manager.execute(Manager.java:369)
	at ptolemy.actor.Manager.run(Manager.java:1263)
	at ptolemy.actor.Manager$PtolemyRunThread.run(Manager.java:1915)

    while executing
ptolemy.kernel.util.IllegalActionException: Actor is not ready to fire.  Perhaps UpSample.prefire() returned false? Try debugging the actor by selecting "Listen to Actor".  Also, for SDF check moml for tokenConsumptionRate on input.
  in .DESDFClockTest.Play Bell.Copy1:SDF Director and .DESDFClockTest.Play Bell.UpSample
    while executing
"java::new ptolemy.moml.MoMLSimpleApplication $file
"
    (procedure "createAndExecute" line 2)
    invoked from within
"createAndExecute $file"
    ("uplevel" body line 5)
    invoked from within
"uplevel $contents_of_test"
------------------ testing $PTII/ptolemy/domains/de/test/auto/ActorDepthCalculation_actorWithoutPorts.xml
auto.tcl: Setting watchdog for 200 seconds at Wed Jul 10 05:20:13 UTC 2019
10 ms. Memory: 157696K Free: 81367K (52%)
ptolemy.util.test.WatchDog.cancel(): canceling Wed Jul 10 05:20:13 UTC 2019
auto.tcl: Setting watchdog for 200 seconds at Wed Jul 10 05:20:13 UTC 2019
4 ms. Memory: 157696K Free: 79829K (51%)
ptolemy.util.test.WatchDog.cancel(): canceling Wed Jul 10 05:20:13 UTC 2019
------------------ testing $PTII/ptolemy/domains/de/test/auto/AssemblyLine.xml
auto.tcl: Setting watchdog for 200 seconds at Wed Jul 10 05:20:13 UTC 2019
17 ms. Memory: 45056K Free: 23448K (52%)
ptolemy.util.test.WatchDog.cancel(): canceling Wed Jul 10 05:20:13 UTC 2019
auto.tcl: Setting watchdog for 200 seconds at Wed Jul 10 05:20:13 UTC 2019
6 ms. Memory: 45056K Free: 22608K (50%)
ptolemy.util.test.WatchDog.cancel(): canceling Wed Jul 10 05:20:13 UTC 2019
------------------ testing $PTII/ptolemy/domains/de/test/auto/CQBug1.xml
auto.tcl: Setting watchdog for 200 seconds at Wed Jul 10 05:20:14 UTC 2019
4 ms. Memory: 45056K Free: 29318K (65%)
ptolemy.util.test.WatchDog.cancel(): canceling Wed Jul 10 05:20:14 UTC 2019
auto.tcl: Setting watchdog for 200 seconds at Wed Jul 10 05:20:14 UTC 2019
2 ms. Memory: 45056K Free: 28992K (64%)
ptolemy.util.test.WatchDog.cancel(): canceling Wed Jul 10 05:20:14 UTC 2019
------------------ testing $PTII/ptolemy/domains/de/test/auto/CancelFireAt.xml
auto.tcl: Setting watchdog for 200 seconds at Wed Jul 10 05:20:14 UTC 2019
4 ms. Memory: 45056K Free: 30232K (67%)
ptolemy.util.test.WatchDog.cancel(): canceling Wed Jul 10 05:20:14 UTC 2019
auto.tcl: Setting watchdog for 200 seconds at Wed Jul 10 05:20:14 UTC 2019
2 ms. Memory: 45056K Free: 29667K (66%)
ptolemy.util.test.WatchDog.cancel(): canceling Wed Jul 10 05:20:14 UTC 2019
------------------ testing $PTII/ptolemy/domains/de/test/auto/CausalityAndComposabilityAnalysis.xml
auto.tcl: Setting watchdog for 200 seconds at Wed Jul 10 05:20:14 UTC 2019
19 ms. Memory: 45056K Free: 28238K (63%)
ptolemy.util.test.WatchDog.cancel(): canceling Wed Jul 10 05:20:14 UTC 2019
auto.tcl: Setting watchdog for 200 seconds at Wed Jul 10 05:20:14 UTC 2019
5 ms. Memory: 45056K Free: 27653K (61%)
ptolemy.util.test.WatchDog.cancel(): canceling Wed Jul 10 05:20:14 UTC 2019
------------------ testing $PTII/ptolemy/domains/de/test/auto/CausalityInterface1.xml
auto.tcl: Setting watchdog for 200 seconds at Wed Jul 10 05:20:14 UTC 2019
18 ms. Memory: 45056K Free: 26862K (60%)
ptolemy.util.test.WatchDog.cancel(): canceling Wed Jul 10 05:20:14 UTC 2019
auto.tcl: Setting watchdog for 200 seconds at Wed Jul 10 05:20:14 UTC 2019
5 ms. Memory: 45056K Free: 25987K (58%)
ptolemy.util.test.WatchDog.cancel(): canceling Wed Jul 10 05:20:14 UTC 2019
------------------ testing $PTII/ptolemy/domains/de/test/auto/CausalityInterface15.xml
auto.tcl: Setting watchdog for 200 seconds at Wed Jul 10 05:20:14 UTC 2019
5 ms. Memory: 45056K Free: 26775K (59%)
ptolemy.util.test.WatchDog.cancel(): canceling Wed Jul 10 05:20:14 UTC 2019
auto.tcl: Setting watchdog for 200 seconds at Wed Jul 10 05:20:14 UTC 2019
3 ms. Memory: 45056K Free: 25839K (57%)
ptolemy.util.test.WatchDog.cancel(): canceling Wed Jul 10 05:20:14 UTC 2019
------------------ testing $PTII/ptolemy/domains/de/test/auto/CausalityInterface2.xml
auto.tcl: Setting watchdog for 200 seconds at Wed Jul 10 05:20:14 UTC 2019
4 ms. Memory: 45056K Free: 27613K (61%)
ptolemy.util.test.WatchDog.cancel(): canceling Wed Jul 10 05:20:14 UTC 2019
auto.tcl: Setting watchdog for 200 seconds at Wed Jul 10 05:20:14 UTC 2019
3 ms. Memory: 45056K Free: 26865K (60%)
ptolemy.util.test.WatchDog.cancel(): canceling Wed Jul 10 05:20:14 UTC 2019
------------------ testing $PTII/ptolemy/domains/de/test/auto/CausalityInterface3.xml
auto.tcl: Setting watchdog for 200 seconds at Wed Jul 10 05:20:14 UTC 2019
3 ms. Memory: 45056K Free: 27175K (60%)
ptolemy.util.test.WatchDog.cancel(): canceling Wed Jul 10 05:20:14 UTC 2019
auto.tcl: Setting watchdog for 200 seconds at Wed Jul 10 05:20:14 UTC 2019
3 ms. Memory: 45056K Free: 26495K (59%)
ptolemy.util.test.WatchDog.cancel(): canceling Wed Jul 10 05:20:14 UTC 2019
------------------ testing $PTII/ptolemy/domains/de/test/auto/ClockDrift.xml
auto.tcl: Setting watchdog for 200 seconds at Wed Jul 10 05:20:14 UTC 2019
86 ms. Memory: 45056K Free: 19832K (44%)
ptolemy.util.test.WatchDog.cancel(): canceling Wed Jul 10 05:20:14 UTC 2019
auto.tcl: Setting watchdog for 200 seconds at Wed Jul 10 05:20:14 UTC 2019
60 ms. Memory: 45056K Free: 16664K (37%)
ptolemy.util.test.WatchDog.cancel(): canceling Wed Jul 10 05:20:14 UTC 2019
------------------ testing $PTII/ptolemy/domains/de/test/auto/ClockDriftAndValueChange.xml
auto.tcl: Setting watchdog for 200 seconds at Wed Jul 10 05:20:14 UTC 2019
39 ms. Memory: 45056K Free: 19994K (44%)
ptolemy.util.test.WatchDog.cancel(): canceling Wed Jul 10 05:20:15 UTC 2019
auto.tcl: Setting watchdog for 200 seconds at Wed Jul 10 05:20:15 UTC 2019
27 ms. Memory: 45056K Free: 16972K (38%)
ptolemy.util.test.WatchDog.cancel(): canceling Wed Jul 10 05:20:15 UTC 2019
------------------ testing $PTII/ptolemy/domains/de/test/auto/ClockDriftChange.xml
auto.tcl: Setting watchdog for 200 seconds at Wed Jul 10 05:20:15 UTC 2019
18 ms. Memory: 45056K Free: 21315K (47%)
ptolemy.util.test.WatchDog.cancel(): canceling Wed Jul 10 05:20:15 UTC 2019
auto.tcl: Setting watchdog for 200 seconds at Wed Jul 10 05:20:15 UTC 2019
25 ms. Memory: 45056K Free: 18817K (42%)
ptolemy.util.test.WatchDog.cancel(): canceling Wed Jul 10 05:20:15 UTC 2019
------------------ testing $PTII/ptolemy/domains/de/test/auto/ComposableCausalityAnalysis.xml
auto.tcl: Setting watchdog for 200 seconds at Wed Jul 10 05:20:15 UTC 2019
3 ms. Memory: 45056K Free: 26042K (58%)
ptolemy.util.test.WatchDog.cancel(): canceling Wed Jul 10 05:20:15 UTC 2019
auto.tcl: Setting watchdog for 200 seconds at Wed Jul 10 05:20:15 UTC 2019
2 ms. Memory: 45056K Free: 24967K (55%)
ptolemy.util.test.WatchDog.cancel(): canceling Wed Jul 10 05:20:15 UTC 2019
------------------ testing $PTII/ptolemy/domains/de/test/auto/DEFixedPointLimitation.xml
auto.tcl: Setting watchdog for 200 seconds at Wed Jul 10 05:20:15 UTC 2019
2 ms. Memory: 45056K Free: 27324K (61%)
ptolemy.util.test.WatchDog.cancel(): canceling Wed Jul 10 05:20:15 UTC 2019
auto.tcl: Setting watchdog for 200 seconds at Wed Jul 10 05:20:15 UTC 2019
2 ms. Memory: 45056K Free: 26573K (59%)
ptolemy.util.test.WatchDog.cancel(): canceling Wed Jul 10 05:20:15 UTC 2019
------------------ testing $PTII/ptolemy/domains/de/test/auto/DEScheduleTest.xml
auto.tcl: Setting watchdog for 200 seconds at Wed Jul 10 05:20:15 UTC 2019
7 ms. Memory: 45056K Free: 27734K (62%)
ptolemy.util.test.WatchDog.cancel(): canceling Wed Jul 10 05:20:15 UTC 2019
auto.tcl: Setting watchdog for 200 seconds at Wed Jul 10 05:20:15 UTC 2019
3 ms. Memory: 45056K Free: 26638K (59%)
ptolemy.util.test.WatchDog.cancel(): canceling Wed Jul 10 05:20:15 UTC 2019
------------------ testing $PTII/ptolemy/domains/de/test/auto/DEinDEwithStartTimes.xml
auto.tcl: Setting watchdog for 200 seconds at Wed Jul 10 05:20:15 UTC 2019
3 ms. Memory: 45056K Free: 26066K (58%)
ptolemy.util.test.WatchDog.cancel(): canceling Wed Jul 10 05:20:15 UTC 2019
auto.tcl: Setting watchdog for 200 seconds at Wed Jul 10 05:20:15 UTC 2019
3 ms. Memory: 45056K Free: 24819K (55%)
ptolemy.util.test.WatchDog.cancel(): canceling Wed Jul 10 05:20:15 UTC 2019
------------------ testing $PTII/ptolemy/domains/de/test/auto/DEinDEwithStartTimes2.xml
auto.tcl: Setting watchdog for 200 seconds at Wed Jul 10 05:20:15 UTC 2019
4 ms. Memory: 45056K Free: 25249K (56%)
ptolemy.util.test.WatchDog.cancel(): canceling Wed Jul 10 05:20:15 UTC 2019
auto.tcl: Setting watchdog for 200 seconds at Wed Jul 10 05:20:15 UTC 2019
4 ms. Memory: 45056K Free: 23955K (53%)
ptolemy.util.test.WatchDog.cancel(): canceling Wed Jul 10 05:20:15 UTC 2019
------------------ testing $PTII/ptolemy/domains/de/test/auto/DateDemo.xml
auto.tcl: Setting watchdog for 200 seconds at Wed Jul 10 05:20:15 UTC 2019
20 ms. Memory: 45056K Free: 19476K (43%)
ptolemy.util.test.WatchDog.cancel(): canceling Wed Jul 10 05:20:15 UTC 2019
auto.tcl: Setting watchdog for 200 seconds at Wed Jul 10 05:20:15 UTC 2019
10 ms. Memory: 45056K Free: 18030K (40%)
ptolemy.util.test.WatchDog.cancel(): canceling Wed Jul 10 05:20:15 UTC 2019
------------------ testing $PTII/ptolemy/domains/de/test/auto/DateToEvent.xml
auto.tcl: Setting watchdog for 200 seconds at Wed Jul 10 05:20:15 UTC 2019
2017 ms. Memory: 45056K Free: 30479K (68%)
ptolemy.util.test.WatchDog.cancel(): canceling Wed Jul 10 05:20:17 UTC 2019
auto.tcl: Setting watchdog for 200 seconds at Wed Jul 10 05:20:17 UTC 2019
2004 ms. Memory: 45056K Free: 29707K (66%)
ptolemy.util.test.WatchDog.cancel(): canceling Wed Jul 10 05:20:19 UTC 2019
------------------ testing $PTII/ptolemy/domains/de/test/auto/DepthTest1.xml
auto.tcl: Setting watchdog for 200 seconds at Wed Jul 10 05:20:19 UTC 2019
5 ms. Memory: 45056K Free: 28540K (63%)
ptolemy.util.test.WatchDog.cancel(): canceling Wed Jul 10 05:20:20 UTC 2019
auto.tcl: Setting watchdog for 200 seconds at Wed Jul 10 05:20:20 UTC 2019
4 ms. Memory: 45056K Free: 28141K (62%)
ptolemy.util.test.WatchDog.cancel(): canceling Wed Jul 10 05:20:20 UTC 2019
------------------ testing $PTII/ptolemy/domains/de/test/auto/DepthTest2.xml
auto.tcl: Setting watchdog for 200 seconds at Wed Jul 10 05:20:20 UTC 2019
6 ms. Memory: 45056K Free: 25374K (56%)
ptolemy.util.test.WatchDog.cancel(): canceling Wed Jul 10 05:20:20 UTC 2019
auto.tcl: Setting watchdog for 200 seconds at Wed Jul 10 05:20:20 UTC 2019
3 ms. Memory: 45056K Free: 24811K (55%)
ptolemy.util.test.WatchDog.cancel(): canceling Wed Jul 10 05:20:20 UTC 2019
------------------ testing $PTII/ptolemy/domains/de/test/auto/DepthTest3.xml
auto.tcl: Setting watchdog for 200 seconds at Wed Jul 10 05:20:20 UTC 2019
2 ms. Memory: 45056K Free: 28878K (64%)
ptolemy.util.test.WatchDog.cancel(): canceling Wed Jul 10 05:20:20 UTC 2019
auto.tcl: Setting watchdog for 200 seconds at Wed Jul 10 05:20:20 UTC 2019
2 ms. Memory: 45056K Free: 28463K (63%)
ptolemy.util.test.WatchDog.cancel(): canceling Wed Jul 10 05:20:20 UTC 2019
------------------ testing $PTII/ptolemy/domains/de/test/auto/DepthTest4.xml
auto.tcl: Setting watchdog for 200 seconds at Wed Jul 10 05:20:20 UTC 2019
3 ms. Memory: 45056K Free: 27175K (60%)
ptolemy.util.test.WatchDog.cancel(): canceling Wed Jul 10 05:20:20 UTC 2019
auto.tcl: Setting watchdog for 200 seconds at Wed Jul 10 05:20:20 UTC 2019
5 ms. Memory: 45056K Free: 26506K (59%)
ptolemy.util.test.WatchDog.cancel(): canceling Wed Jul 10 05:20:20 UTC 2019
------------------ testing $PTII/ptolemy/domains/de/test/auto/DepthTest5.xml
auto.tcl: Setting watchdog for 200 seconds at Wed Jul 10 05:20:20 UTC 2019
3 ms. Memory: 45056K Free: 26357K (58%)
ptolemy.util.test.WatchDog.cancel(): canceling Wed Jul 10 05:20:20 UTC 2019
auto.tcl: Setting watchdog for 200 seconds at Wed Jul 10 05:20:20 UTC 2019
3 ms. Memory: 45056K Free: 25774K (57%)
ptolemy.util.test.WatchDog.cancel(): canceling Wed Jul 10 05:20:20 UTC 2019
------------------ testing $PTII/ptolemy/domains/de/test/auto/DepthTest6.xml
auto.tcl: Setting watchdog for 200 seconds at Wed Jul 10 05:20:20 UTC 2019
4 ms. Memory: 45056K Free: 26339K (58%)
ptolemy.util.test.WatchDog.cancel(): canceling Wed Jul 10 05:20:20 UTC 2019
auto.tcl: Setting watchdog for 200 seconds at Wed Jul 10 05:20:20 UTC 2019
3 ms. Memory: 45056K Free: 25752K (57%)
ptolemy.util.test.WatchDog.cancel(): canceling Wed Jul 10 05:20:20 UTC 2019
------------------ testing $PTII/ptolemy/domains/de/test/auto/DepthTest7.xml
auto.tcl: Setting watchdog for 200 seconds at Wed Jul 10 05:20:20 UTC 2019
4 ms. Memory: 45056K Free: 27042K (60%)
ptolemy.util.test.WatchDog.cancel(): canceling Wed Jul 10 05:20:20 UTC 2019
auto.tcl: Setting watchdog for 200 seconds at Wed Jul 10 05:20:20 UTC 2019
2 ms. Memory: 45056K Free: 26081K (58%)
ptolemy.util.test.WatchDog.cancel(): canceling Wed Jul 10 05:20:20 UTC 2019
------------------ testing $PTII/ptolemy/domains/de/test/auto/EventToDate.xml
auto.tcl: Setting watchdog for 200 seconds at Wed Jul 10 05:20:20 UTC 2019
3006 ms. Memory: 45056K Free: 17848K (40%)
ptolemy.util.test.WatchDog.cancel(): canceling Wed Jul 10 05:20:23 UTC 2019
auto.tcl: Setting watchdog for 200 seconds at Wed Jul 10 05:20:23 UTC 2019
3004 ms. Memory: 45056K Free: 17258K (38%)
ptolemy.util.test.WatchDog.cancel(): canceling Wed Jul 10 05:20:26 UTC 2019
------------------ testing $PTII/ptolemy/domains/de/test/auto/FSM1.xml
auto.tcl: Setting watchdog for 200 seconds at Wed Jul 10 05:20:26 UTC 2019
20 ms. Memory: 45056K Free: 19131K (42%)
ptolemy.util.test.WatchDog.cancel(): canceling Wed Jul 10 05:20:26 UTC 2019
auto.tcl: Setting watchdog for 200 seconds at Wed Jul 10 05:20:26 UTC 2019
19 ms. Memory: 45056K Free: 15919K (35%)
ptolemy.util.test.WatchDog.cancel(): canceling Wed Jul 10 05:20:26 UTC 2019
------------------ testing $PTII/ptolemy/domains/de/test/auto/FSM7.xml
auto.tcl: Setting watchdog for 200 seconds at Wed Jul 10 05:20:26 UTC 2019
17 ms. Memory: 45056K Free: 18908K (42%)
ptolemy.util.test.WatchDog.cancel(): canceling Wed Jul 10 05:20:26 UTC 2019
auto.tcl: Setting watchdog for 200 seconds at Wed Jul 10 05:20:26 UTC 2019
15 ms. Memory: 45056K Free: 15760K (35%)
ptolemy.util.test.WatchDog.cancel(): canceling Wed Jul 10 05:20:26 UTC 2019
------------------ testing $PTII/ptolemy/domains/de/test/auto/Inspection.xml
auto.tcl: Setting watchdog for 200 seconds at Wed Jul 10 05:20:26 UTC 2019
22 ms. Memory: 45056K Free: 18946K (42%)
ptolemy.util.test.WatchDog.cancel(): canceling Wed Jul 10 05:20:26 UTC 2019
auto.tcl: Setting watchdog for 200 seconds at Wed Jul 10 05:20:26 UTC 2019
15 ms. Memory: 45056K Free: 17151K (38%)
ptolemy.util.test.WatchDog.cancel(): canceling Wed Jul 10 05:20:26 UTC 2019
------------------ testing $PTII/ptolemy/domains/de/test/auto/Iteration.xml
auto.tcl: Setting watchdog for 200 seconds at Wed Jul 10 05:20:26 UTC 2019
11 ms. Memory: 45056K Free: 24712K (55%)
ptolemy.util.test.WatchDog.cancel(): canceling Wed Jul 10 05:20:27 UTC 2019
auto.tcl: Setting watchdog for 200 seconds at Wed Jul 10 05:20:27 UTC 2019
7 ms. Memory: 45056K Free: 23209K (52%)
ptolemy.util.test.WatchDog.cancel(): canceling Wed Jul 10 05:20:27 UTC 2019
------------------ testing $PTII/ptolemy/domains/de/test/auto/LineFault.xml
auto.tcl: Setting watchdog for 200 seconds at Wed Jul 10 05:20:27 UTC 2019
701 ms. Memory: 54272K Free: 19229K (35%)
ptolemy.util.test.WatchDog.cancel(): canceling Wed Jul 10 05:20:28 UTC 2019
auto.tcl: Setting watchdog for 200 seconds at Wed Jul 10 05:20:28 UTC 2019
624 ms. Memory: 54272K Free: 33518K (62%)
ptolemy.util.test.WatchDog.cancel(): canceling Wed Jul 10 05:20:28 UTC 2019
------------------ testing $PTII/ptolemy/domains/de/test/auto/MergeModel1Add.xml
auto.tcl: Setting watchdog for 200 seconds at Wed Jul 10 05:20:28 UTC 2019
23 ms. Memory: 51200K Free: 16676K (33%)
ptolemy.util.test.WatchDog.cancel(): canceling Wed Jul 10 05:20:28 UTC 2019
auto.tcl: Setting watchdog for 200 seconds at Wed Jul 10 05:20:28 UTC 2019
14 ms. Memory: 51200K Free: 15113K (30%)
ptolemy.util.test.WatchDog.cancel(): canceling Wed Jul 10 05:20:28 UTC 2019
------------------ testing $PTII/ptolemy/domains/de/test/auto/MergeModel2Add.xml
auto.tcl: Setting watchdog for 200 seconds at Wed Jul 10 05:20:28 UTC 2019
20 ms. Memory: 48128K Free: 16171K (34%)
ptolemy.util.test.WatchDog.cancel(): canceling Wed Jul 10 05:20:28 UTC 2019
auto.tcl: Setting watchdog for 200 seconds at Wed Jul 10 05:20:28 UTC 2019
11 ms. Memory: 48128K Free: 14717K (31%)
ptolemy.util.test.WatchDog.cancel(): canceling Wed Jul 10 05:20:29 UTC 2019
------------------ testing $PTII/ptolemy/domains/de/test/auto/MergeModel3Add.xml
auto.tcl: Setting watchdog for 200 seconds at Wed Jul 10 05:20:29 UTC 2019
9 ms. Memory: 48128K Free: 15677K (33%)
ptolemy.util.test.WatchDog.cancel(): canceling Wed Jul 10 05:20:29 UTC 2019
auto.tcl: Setting watchdog for 200 seconds at Wed Jul 10 05:20:29 UTC 2019
11 ms. Memory: 48128K Free: 14311K (30%)
ptolemy.util.test.WatchDog.cancel(): canceling Wed Jul 10 05:20:29 UTC 2019
------------------ testing $PTII/ptolemy/domains/de/test/auto/MergeWithoutDiscard.xml
auto.tcl: Setting watchdog for 200 seconds at Wed Jul 10 05:20:29 UTC 2019
2 ms. Memory: 48128K Free: 30645K (64%)
ptolemy.util.test.WatchDog.cancel(): canceling Wed Jul 10 05:20:29 UTC 2019
auto.tcl: Setting watchdog for 200 seconds at Wed Jul 10 05:20:29 UTC 2019
1 ms. Memory: 48128K Free: 30106K (63%)
ptolemy.util.test.WatchDog.cancel(): canceling Wed Jul 10 05:20:29 UTC 2019
------------------ testing $PTII/ptolemy/domains/de/test/auto/Modal1.xml
auto.tcl: Setting watchdog for 200 seconds at Wed Jul 10 05:20:29 UTC 2019
18 ms. Memory: 48128K Free: 22144K (46%)
ptolemy.util.test.WatchDog.cancel(): canceling Wed Jul 10 05:20:29 UTC 2019
auto.tcl: Setting watchdog for 200 seconds at Wed Jul 10 05:20:29 UTC 2019
21 ms. Memory: 48128K Free: 18706K (39%)
ptolemy.util.test.WatchDog.cancel(): canceling Wed Jul 10 05:20:29 UTC 2019
------------------ testing $PTII/ptolemy/domains/de/test/auto/Modal2.xml
auto.tcl: Setting watchdog for 200 seconds at Wed Jul 10 05:20:29 UTC 2019
12 ms. Memory: 48128K Free: 21980K (46%)
ptolemy.util.test.WatchDog.cancel(): canceling Wed Jul 10 05:20:29 UTC 2019
auto.tcl: Setting watchdog for 200 seconds at Wed Jul 10 05:20:29 UTC 2019
13 ms. Memory: 48128K Free: 19032K (40%)
ptolemy.util.test.WatchDog.cancel(): canceling Wed Jul 10 05:20:29 UTC 2019
------------------ testing $PTII/ptolemy/domains/de/test/auto/Modal3.xml
auto.tcl: Setting watchdog for 200 seconds at Wed Jul 10 05:20:29 UTC 2019
11 ms. Memory: 48128K Free: 21987K (46%)
ptolemy.util.test.WatchDog.cancel(): canceling Wed Jul 10 05:20:29 UTC 2019
auto.tcl: Setting watchdog for 200 seconds at Wed Jul 10 05:20:29 UTC 2019
13 ms. Memory: 48128K Free: 19052K (40%)
ptolemy.util.test.WatchDog.cancel(): canceling Wed Jul 10 05:20:29 UTC 2019
------------------ testing $PTII/ptolemy/domains/de/test/auto/Modal4.xml
auto.tcl: Setting watchdog for 200 seconds at Wed Jul 10 05:20:29 UTC 2019
30 ms. Memory: 48128K Free: 21212K (44%)
ptolemy.util.test.WatchDog.cancel(): canceling Wed Jul 10 05:20:29 UTC 2019
auto.tcl: Setting watchdog for 200 seconds at Wed Jul 10 05:20:29 UTC 2019
27 ms. Memory: 48128K Free: 17384K (36%)
ptolemy.util.test.WatchDog.cancel(): canceling Wed Jul 10 05:20:29 UTC 2019
------------------ testing $PTII/ptolemy/domains/de/test/auto/Modal5.xml
auto.tcl: Setting watchdog for 200 seconds at Wed Jul 10 05:20:29 UTC 2019
12 ms. Memory: 48128K Free: 21200K (44%)
ptolemy.util.test.WatchDog.cancel(): canceling Wed Jul 10 05:20:29 UTC 2019
auto.tcl: Setting watchdog for 200 seconds at Wed Jul 10 05:20:29 UTC 2019
13 ms. Memory: 48128K Free: 17372K (36%)
ptolemy.util.test.WatchDog.cancel(): canceling Wed Jul 10 05:20:29 UTC 2019
------------------ testing $PTII/ptolemy/domains/de/test/auto/Modal6.xml
auto.tcl: Setting watchdog for 200 seconds at Wed Jul 10 05:20:29 UTC 2019
19 ms. Memory: 48128K Free: 22222K (46%)
ptolemy.util.test.WatchDog.cancel(): canceling Wed Jul 10 05:20:29 UTC 2019
auto.tcl: Setting watchdog for 200 seconds at Wed Jul 10 05:20:29 UTC 2019
14 ms. Memory: 48128K Free: 18001K (37%)
ptolemy.util.test.WatchDog.cancel(): canceling Wed Jul 10 05:20:29 UTC 2019
------------------ testing $PTII/ptolemy/domains/de/test/auto/Modal7.xml
auto.tcl: Setting watchdog for 200 seconds at Wed Jul 10 05:20:29 UTC 2019
10 ms. Memory: 48128K Free: 21182K (44%)
ptolemy.util.test.WatchDog.cancel(): canceling Wed Jul 10 05:20:29 UTC 2019
auto.tcl: Setting watchdog for 200 seconds at Wed Jul 10 05:20:29 UTC 2019
11 ms. Memory: 48128K Free: 17663K (37%)
ptolemy.util.test.WatchDog.cancel(): canceling Wed Jul 10 05:20:29 UTC 2019
------------------ testing $PTII/ptolemy/domains/de/test/auto/ModalModel.xml
auto.tcl: Setting watchdog for 200 seconds at Wed Jul 10 05:20:30 UTC 2019
224 ms. Memory: 62464K Free: 31870K (51%)
ptolemy.util.test.WatchDog.cancel(): canceling Wed Jul 10 05:20:30 UTC 2019
auto.tcl: Setting watchdog for 200 seconds at Wed Jul 10 05:20:30 UTC 2019
184 ms. Memory: 62464K Free: 34395K (55%)
ptolemy.util.test.WatchDog.cancel(): canceling Wed Jul 10 05:20:30 UTC 2019
------------------ testing $PTII/ptolemy/domains/de/test/auto/ModalSource.xml
auto.tcl: Setting watchdog for 200 seconds at Wed Jul 10 05:20:30 UTC 2019
7 ms. Memory: 48128K Free: 26043K (54%)
ptolemy.util.test.WatchDog.cancel(): canceling Wed Jul 10 05:20:30 UTC 2019
auto.tcl: Setting watchdog for 200 seconds at Wed Jul 10 05:20:30 UTC 2019
7 ms. Memory: 48128K Free: 23995K (50%)
ptolemy.util.test.WatchDog.cancel(): canceling Wed Jul 10 05:20:30 UTC 2019
------------------ testing $PTII/ptolemy/domains/de/test/auto/NonInterruptibleTimerZeroDelay.xml
auto.tcl: Setting watchdog for 200 seconds at Wed Jul 10 05:20:30 UTC 2019
4 ms. Memory: 48128K Free: 31252K (65%)
ptolemy.util.test.WatchDog.cancel(): canceling Wed Jul 10 05:20:30 UTC 2019
auto.tcl: Setting watchdog for 200 seconds at Wed Jul 10 05:20:30 UTC 2019
2 ms. Memory: 48128K Free: 30348K (63%)
ptolemy.util.test.WatchDog.cancel(): canceling Wed Jul 10 05:20:30 UTC 2019
------------------ testing $PTII/ptolemy/domains/de/test/auto/OpenQueueingNetwork.xml
auto.tcl: Setting watchdog for 200 seconds at Wed Jul 10 05:20:30 UTC 2019
3014 ms. Memory: 111616K Free: 68388K (61%)
ptolemy.util.test.WatchDog.cancel(): canceling Wed Jul 10 05:20:33 UTC 2019
auto.tcl: Setting watchdog for 200 seconds at Wed Jul 10 05:20:33 UTC 2019
2521 ms. Memory: 161792K Free: 91540K (57%)
ptolemy.util.test.WatchDog.cancel(): canceling Wed Jul 10 05:20:36 UTC 2019
------------------ testing $PTII/ptolemy/domains/de/test/auto/OpenQueuingNetwork.xml
auto.tcl: Setting watchdog for 200 seconds at Wed Jul 10 05:20:36 UTC 2019
248 ms. Memory: 51200K Free: 15902K (31%)
ptolemy.util.test.WatchDog.cancel(): canceling Wed Jul 10 05:20:36 UTC 2019
auto.tcl: Setting watchdog for 200 seconds at Wed Jul 10 05:20:36 UTC 2019
259 ms. Memory: 51200K Free: 19451K (38%)
ptolemy.util.test.WatchDog.cancel(): canceling Wed Jul 10 05:20:37 UTC 2019
------------------ testing $PTII/ptolemy/domains/de/test/auto/PeriodicSampler.xml
auto.tcl: Setting watchdog for 200 seconds at Wed Jul 10 05:20:37 UTC 2019
4 ms. Memory: 48128K Free: 30174K (63%)
ptolemy.util.test.WatchDog.cancel(): canceling Wed Jul 10 05:20:37 UTC 2019
auto.tcl: Setting watchdog for 200 seconds at Wed Jul 10 05:20:37 UTC 2019
2 ms. Memory: 48128K Free: 29674K (62%)
ptolemy.util.test.WatchDog.cancel(): canceling Wed Jul 10 05:20:37 UTC 2019
------------------ testing $PTII/ptolemy/domains/de/test/auto/PersistentIO.xml
auto.tcl: Setting watchdog for 200 seconds at Wed Jul 10 05:20:37 UTC 2019
10 ms. Memory: 48128K Free: 25082K (52%)
ptolemy.util.test.WatchDog.cancel(): canceling Wed Jul 10 05:20:37 UTC 2019
auto.tcl: Setting watchdog for 200 seconds at Wed Jul 10 05:20:37 UTC 2019
4 ms. Memory: 48128K Free: 23634K (49%)
ptolemy.util.test.WatchDog.cancel(): canceling Wed Jul 10 05:20:37 UTC 2019
------------------ testing $PTII/ptolemy/domains/de/test/auto/PortParameterResetOnInitialize.xml
auto.tcl: Setting watchdog for 200 seconds at Wed Jul 10 05:20:37 UTC 2019
3 ms. Memory: 48128K Free: 30079K (62%)
ptolemy.util.test.WatchDog.cancel(): canceling Wed Jul 10 05:20:37 UTC 2019
auto.tcl: Setting watchdog for 200 seconds at Wed Jul 10 05:20:37 UTC 2019
2 ms. Memory: 48128K Free: 29595K (61%)
ptolemy.util.test.WatchDog.cancel(): canceling Wed Jul 10 05:20:37 UTC 2019
------------------ testing $PTII/ptolemy/domains/de/test/auto/PortParameterUpdates.xml
auto.tcl: Setting watchdog for 200 seconds at Wed Jul 10 05:20:37 UTC 2019
5 ms. Memory: 48128K Free: 28178K (59%)
ptolemy.util.test.WatchDog.cancel(): canceling Wed Jul 10 05:20:37 UTC 2019
auto.tcl: Setting watchdog for 200 seconds at Wed Jul 10 05:20:37 UTC 2019
4 ms. Memory: 48128K Free: 26746K (56%)
ptolemy.util.test.WatchDog.cancel(): canceling Wed Jul 10 05:20:37 UTC 2019
------------------ testing $PTII/ptolemy/domains/de/test/auto/QueueAndServer.xml
auto.tcl: Setting watchdog for 200 seconds at Wed Jul 10 05:20:37 UTC 2019
6 ms. Memory: 48128K Free: 26608K (55%)
ptolemy.util.test.WatchDog.cancel(): canceling Wed Jul 10 05:20:37 UTC 2019
auto.tcl: Setting watchdog for 200 seconds at Wed Jul 10 05:20:37 UTC 2019
7 ms. Memory: 48128K Free: 25584K (53%)
ptolemy.util.test.WatchDog.cancel(): canceling Wed Jul 10 05:20:37 UTC 2019
------------------ testing $PTII/ptolemy/domains/de/test/auto/Records.xml
auto.tcl: Setting watchdog for 200 seconds at Wed Jul 10 05:20:37 UTC 2019
3 ms. Memory: 48128K Free: 29624K (62%)
ptolemy.util.test.WatchDog.cancel(): canceling Wed Jul 10 05:20:37 UTC 2019
auto.tcl: Setting watchdog for 200 seconds at Wed Jul 10 05:20:37 UTC 2019
2 ms. Memory: 48128K Free: 29138K (61%)
ptolemy.util.test.WatchDog.cancel(): canceling Wed Jul 10 05:20:37 UTC 2019
------------------ testing $PTII/ptolemy/domains/de/test/auto/ResetTransitionWithStartTime1.xml
auto.tcl: Setting watchdog for 200 seconds at Wed Jul 10 05:20:37 UTC 2019
7 ms. Memory: 48128K Free: 26580K (55%)
ptolemy.util.test.WatchDog.cancel(): canceling Wed Jul 10 05:20:37 UTC 2019
auto.tcl: Setting watchdog for 200 seconds at Wed Jul 10 05:20:37 UTC 2019
6 ms. Memory: 48128K Free: 24040K (50%)
ptolemy.util.test.WatchDog.cancel(): canceling Wed Jul 10 05:20:37 UTC 2019
------------------ testing $PTII/ptolemy/domains/de/test/auto/ResetTransitionWithStartTime2.xml
auto.tcl: Setting watchdog for 200 seconds at Wed Jul 10 05:20:37 UTC 2019
5 ms. Memory: 48128K Free: 26536K (55%)
ptolemy.util.test.WatchDog.cancel(): canceling Wed Jul 10 05:20:37 UTC 2019
auto.tcl: Setting watchdog for 200 seconds at Wed Jul 10 05:20:37 UTC 2019
6 ms. Memory: 48128K Free: 23996K (50%)
ptolemy.util.test.WatchDog.cancel(): canceling Wed Jul 10 05:20:37 UTC 2019
------------------ testing $PTII/ptolemy/domains/de/test/auto/ResetTransitionWithStartTime3.xml
auto.tcl: Setting watchdog for 200 seconds at Wed Jul 10 05:20:37 UTC 2019
8 ms. Memory: 48128K Free: 26535K (55%)
ptolemy.util.test.WatchDog.cancel(): canceling Wed Jul 10 05:20:37 UTC 2019
auto.tcl: Setting watchdog for 200 seconds at Wed Jul 10 05:20:37 UTC 2019
6 ms. Memory: 48128K Free: 24487K (51%)
ptolemy.util.test.WatchDog.cancel(): canceling Wed Jul 10 05:20:37 UTC 2019
------------------ testing $PTII/ptolemy/domains/de/test/auto/ResetTransitionWithStartTime4.xml
auto.tcl: Setting watchdog for 200 seconds at Wed Jul 10 05:20:37 UTC 2019
14 ms. Memory: 48128K Free: 27023K (56%)
ptolemy.util.test.WatchDog.cancel(): canceling Wed Jul 10 05:20:37 UTC 2019
auto.tcl: Setting watchdog for 200 seconds at Wed Jul 10 05:20:37 UTC 2019
4 ms. Memory: 48128K Free: 25603K (53%)
ptolemy.util.test.WatchDog.cancel(): canceling Wed Jul 10 05:20:37 UTC 2019
------------------ testing $PTII/ptolemy/domains/de/test/auto/ResettableTimer1.xml
auto.tcl: Setting watchdog for 200 seconds at Wed Jul 10 05:20:37 UTC 2019
4 ms. Memory: 48128K Free: 31015K (64%)
ptolemy.util.test.WatchDog.cancel(): canceling Wed Jul 10 05:20:37 UTC 2019
auto.tcl: Setting watchdog for 200 seconds at Wed Jul 10 05:20:37 UTC 2019
2 ms. Memory: 48128K Free: 30150K (63%)
ptolemy.util.test.WatchDog.cancel(): canceling Wed Jul 10 05:20:37 UTC 2019
------------------ testing $PTII/ptolemy/domains/de/test/auto/ResettableTimer2.xml
auto.tcl: Setting watchdog for 200 seconds at Wed Jul 10 05:20:37 UTC 2019
3 ms. Memory: 48128K Free: 30798K (64%)
ptolemy.util.test.WatchDog.cancel(): canceling Wed Jul 10 05:20:37 UTC 2019
auto.tcl: Setting watchdog for 200 seconds at Wed Jul 10 05:20:37 UTC 2019
2 ms. Memory: 48128K Free: 29709K (62%)
ptolemy.util.test.WatchDog.cancel(): canceling Wed Jul 10 05:20:37 UTC 2019
------------------ testing $PTII/ptolemy/domains/de/test/auto/ResettableTimer3.xml
auto.tcl: Setting watchdog for 200 seconds at Wed Jul 10 05:20:37 UTC 2019
1 ms. Memory: 48128K Free: 30704K (64%)
ptolemy.util.test.WatchDog.cancel(): canceling Wed Jul 10 05:20:37 UTC 2019
auto.tcl: Setting watchdog for 200 seconds at Wed Jul 10 05:20:37 UTC 2019
2 ms. Memory: 48128K Free: 30668K (64%)
ptolemy.util.test.WatchDog.cancel(): canceling Wed Jul 10 05:20:37 UTC 2019
------------------ testing $PTII/ptolemy/domains/de/test/auto/ResettableTimer4.xml
auto.tcl: Setting watchdog for 200 seconds at Wed Jul 10 05:20:38 UTC 2019
1 ms. Memory: 48128K Free: 30681K (64%)
ptolemy.util.test.WatchDog.cancel(): canceling Wed Jul 10 05:20:38 UTC 2019
auto.tcl: Setting watchdog for 200 seconds at Wed Jul 10 05:20:38 UTC 2019
1 ms. Memory: 48128K Free: 30219K (63%)
ptolemy.util.test.WatchDog.cancel(): canceling Wed Jul 10 05:20:38 UTC 2019
------------------ testing $PTII/ptolemy/domains/de/test/auto/ResettableTimer5.xml
auto.tcl: Setting watchdog for 200 seconds at Wed Jul 10 05:20:38 UTC 2019
1 ms. Memory: 48128K Free: 30707K (64%)
ptolemy.util.test.WatchDog.cancel(): canceling Wed Jul 10 05:20:38 UTC 2019
auto.tcl: Setting watchdog for 200 seconds at Wed Jul 10 05:20:38 UTC 2019
1 ms. Memory: 48128K Free: 30187K (63%)
ptolemy.util.test.WatchDog.cancel(): canceling Wed Jul 10 05:20:38 UTC 2019
------------------ testing $PTII/ptolemy/domains/de/test/auto/ResettableTimer6.xml
auto.tcl: Setting watchdog for 200 seconds at Wed Jul 10 05:20:38 UTC 2019
1 ms. Memory: 48128K Free: 30142K (63%)
ptolemy.util.test.WatchDog.cancel(): canceling Wed Jul 10 05:20:38 UTC 2019
auto.tcl: Setting watchdog for 200 seconds at Wed Jul 10 05:20:38 UTC 2019
2 ms. Memory: 48128K Free: 29646K (62%)
ptolemy.util.test.WatchDog.cancel(): canceling Wed Jul 10 05:20:38 UTC 2019
------------------ testing $PTII/ptolemy/domains/de/test/auto/ServerZeroDelay.xml
auto.tcl: Setting watchdog for 200 seconds at Wed Jul 10 05:20:38 UTC 2019
3 ms. Memory: 48128K Free: 30790K (64%)
ptolemy.util.test.WatchDog.cancel(): canceling Wed Jul 10 05:20:38 UTC 2019
auto.tcl: Setting watchdog for 200 seconds at Wed Jul 10 05:20:38 UTC 2019
2 ms. Memory: 48128K Free: 29739K (62%)
ptolemy.util.test.WatchDog.cancel(): canceling Wed Jul 10 05:20:38 UTC 2019
------------------ testing $PTII/ptolemy/domains/de/test/auto/SmartSender.xml
auto.tcl: Setting watchdog for 200 seconds at Wed Jul 10 05:20:38 UTC 2019
3001 ms. Memory: 48128K Free: 30692K (64%)
ptolemy.util.test.WatchDog.cancel(): canceling Wed Jul 10 05:20:41 UTC 2019
auto.tcl: Setting watchdog for 200 seconds at Wed Jul 10 05:20:41 UTC 2019
3002 ms. Memory: 48128K Free: 30172K (63%)
ptolemy.util.test.WatchDog.cancel(): canceling Wed Jul 10 05:20:44 UTC 2019
------------------ testing $PTII/ptolemy/domains/de/test/auto/ThreadedComposite.xml
auto.tcl: Setting watchdog for 200 seconds at Wed Jul 10 05:20:44 UTC 2019
203 ms. Memory: 48128K Free: 11214K (23%)
ptolemy.util.test.WatchDog.cancel(): canceling Wed Jul 10 05:20:44 UTC 2019
auto.tcl: Setting watchdog for 200 seconds at Wed Jul 10 05:20:44 UTC 2019
140 ms. Memory: 48128K Free: 23526K (49%)
ptolemy.util.test.WatchDog.cancel(): canceling Wed Jul 10 05:20:44 UTC 2019
------------------ testing $PTII/ptolemy/domains/de/test/auto/Time.xml
auto.tcl: Setting watchdog for 200 seconds at Wed Jul 10 05:20:44 UTC 2019
552 ms. Memory: 48128K Free: 29199K (61%)
ptolemy.util.test.WatchDog.cancel(): canceling Wed Jul 10 05:20:45 UTC 2019
auto.tcl: Setting watchdog for 200 seconds at Wed Jul 10 05:20:45 UTC 2019
500 ms. Memory: 48128K Free: 29220K (61%)
ptolemy.util.test.WatchDog.cancel(): canceling Wed Jul 10 05:20:45 UTC 2019
------------------ testing $PTII/ptolemy/domains/de/test/auto/TimeDelayZeroDelay.xml
auto.tcl: Setting watchdog for 200 seconds at Wed Jul 10 05:20:45 UTC 2019
1 ms. Memory: 48128K Free: 31082K (65%)
ptolemy.util.test.WatchDog.cancel(): canceling Wed Jul 10 05:20:45 UTC 2019
auto.tcl: Setting watchdog for 200 seconds at Wed Jul 10 05:20:45 UTC 2019
1 ms. Memory: 48128K Free: 30183K (63%)
ptolemy.util.test.WatchDog.cancel(): canceling Wed Jul 10 05:20:45 UTC 2019
------------------ testing $PTII/ptolemy/domains/de/test/auto/TimerZeroDelay.xml
auto.tcl: Setting watchdog for 200 seconds at Wed Jul 10 05:20:45 UTC 2019
4 ms. Memory: 48128K Free: 31139K (65%)
ptolemy.util.test.WatchDog.cancel(): canceling Wed Jul 10 05:20:45 UTC 2019
auto.tcl: Setting watchdog for 200 seconds at Wed Jul 10 05:20:45 UTC 2019
2 ms. Memory: 48128K Free: 30629K (64%)
ptolemy.util.test.WatchDog.cancel(): canceling Wed Jul 10 05:20:45 UTC 2019
------------------ testing $PTII/ptolemy/domains/de/test/auto/TimingParadox.xml
auto.tcl: Setting watchdog for 200 seconds at Wed Jul 10 05:20:46 UTC 2019
349 ms. Memory: 58368K Free: 31551K (54%)
ptolemy.util.test.WatchDog.cancel(): canceling Wed Jul 10 05:20:46 UTC 2019
auto.tcl: Setting watchdog for 200 seconds at Wed Jul 10 05:20:46 UTC 2019
356 ms. Memory: 58368K Free: 27361K (47%)
ptolemy.util.test.WatchDog.cancel(): canceling Wed Jul 10 05:20:46 UTC 2019
------------------ testing $PTII/ptolemy/domains/de/test/auto/TransferInputs.xml
auto.tcl: Setting watchdog for 200 seconds at Wed Jul 10 05:20:46 UTC 2019
2 ms. Memory: 55296K Free: 36263K (66%)
ptolemy.util.test.WatchDog.cancel(): canceling Wed Jul 10 05:20:46 UTC 2019
auto.tcl: Setting watchdog for 200 seconds at Wed Jul 10 05:20:46 UTC 2019
2 ms. Memory: 55296K Free: 35284K (64%)
ptolemy.util.test.WatchDog.cancel(): canceling Wed Jul 10 05:20:46 UTC 2019
------------------ testing $PTII/ptolemy/domains/de/test/auto/TransferOutputs2.xml
auto.tcl: Setting watchdog for 200 seconds at Wed Jul 10 05:20:46 UTC 2019
3 ms. Memory: 48128K Free: 26537K (55%)
ptolemy.util.test.WatchDog.cancel(): canceling Wed Jul 10 05:20:46 UTC 2019
auto.tcl: Setting watchdog for 200 seconds at Wed Jul 10 05:20:46 UTC 2019
3 ms. Memory: 48128K Free: 25120K (52%)
ptolemy.util.test.WatchDog.cancel(): canceling Wed Jul 10 05:20:47 UTC 2019
------------------ testing $PTII/ptolemy/domains/de/test/auto/Trilateration.xml
auto.tcl: Setting watchdog for 200 seconds at Wed Jul 10 05:20:47 UTC 2019
15339 ms. Memory: 518144K Free: 214606K (41%)
ptolemy.util.test.WatchDog.cancel(): canceling Wed Jul 10 05:21:03 UTC 2019
auto.tcl: Setting watchdog for 200 seconds at Wed Jul 10 05:21:03 UTC 2019
10955 ms. Memory: 518144K Free: 332280K (64%)
ptolemy.util.test.WatchDog.cancel(): canceling Wed Jul 10 05:21:14 UTC 2019
------------------ testing $PTII/ptolemy/domains/de/test/auto/TwoSigmaDelta.xml
auto.tcl: Setting watchdog for 200 seconds at Wed Jul 10 05:21:14 UTC 2019
2700 ms. Memory: 86016K Free: 52338K (61%)
ptolemy.util.test.WatchDog.cancel(): canceling Wed Jul 10 05:21:17 UTC 2019
auto.tcl: Setting watchdog for 200 seconds at Wed Jul 10 05:21:17 UTC 2019
2050 ms. Memory: 86016K Free: 39532K (46%)
ptolemy.util.test.WatchDog.cancel(): canceling Wed Jul 10 05:21:19 UTC 2019
------------------ testing $PTII/ptolemy/domains/de/test/auto/VariableDelay.xml
auto.tcl: Setting watchdog for 200 seconds at Wed Jul 10 05:21:19 UTC 2019
3 ms. Memory: 51200K Free: 32643K (64%)
ptolemy.util.test.WatchDog.cancel(): canceling Wed Jul 10 05:21:19 UTC 2019
auto.tcl: Setting watchdog for 200 seconds at Wed Jul 10 05:21:19 UTC 2019
2 ms. Memory: 51200K Free: 32163K (63%)
ptolemy.util.test.WatchDog.cancel(): canceling Wed Jul 10 05:21:19 UTC 2019
------------------ testing $PTII/ptolemy/domains/de/test/auto/VariableDelay2.xml
auto.tcl: Setting watchdog for 200 seconds at Wed Jul 10 05:21:19 UTC 2019
3 ms. Memory: 48128K Free: 29986K (62%)
ptolemy.util.test.WatchDog.cancel(): canceling Wed Jul 10 05:21:19 UTC 2019
auto.tcl: Setting watchdog for 200 seconds at Wed Jul 10 05:21:19 UTC 2019
2 ms. Memory: 48128K Free: 29490K (61%)
ptolemy.util.test.WatchDog.cancel(): canceling Wed Jul 10 05:21:19 UTC 2019
------------------ testing $PTII/ptolemy/domains/de/test/auto/VariableDelayZeroDelay.xml
auto.tcl: Setting watchdog for 200 seconds at Wed Jul 10 05:21:19 UTC 2019
2 ms. Memory: 48128K Free: 30514K (63%)
ptolemy.util.test.WatchDog.cancel(): canceling Wed Jul 10 05:21:19 UTC 2019
auto.tcl: Setting watchdog for 200 seconds at Wed Jul 10 05:21:19 UTC 2019
2 ms. Memory: 48128K Free: 30026K (62%)
ptolemy.util.test.WatchDog.cancel(): canceling Wed Jul 10 05:21:19 UTC 2019
------------------ testing $PTII/ptolemy/domains/de/test/auto/VariableDelayZeroDelay2.xml
auto.tcl: Setting watchdog for 200 seconds at Wed Jul 10 05:21:19 UTC 2019
5 ms. Memory: 48128K Free: 30512K (63%)
ptolemy.util.test.WatchDog.cancel(): canceling Wed Jul 10 05:21:19 UTC 2019
auto.tcl: Setting watchdog for 200 seconds at Wed Jul 10 05:21:19 UTC 2019
2 ms. Memory: 48128K Free: 29539K (61%)
ptolemy.util.test.WatchDog.cancel(): canceling Wed Jul 10 05:21:19 UTC 2019
------------------ testing $PTII/ptolemy/domains/de/test/auto/deInCt.xml
auto.tcl: Setting watchdog for 200 seconds at Wed Jul 10 05:21:19 UTC 2019
0
1
1
1
1
1
0
0
0
0
1
1
0
0
0
0
0
0
0
1
1
1
0
0
0
1
1
1
1
12 ms. Memory: 48128K Free: 29486K (61%)
ptolemy.util.test.WatchDog.cancel(): canceling Wed Jul 10 05:21:19 UTC 2019
auto.tcl: Setting watchdog for 200 seconds at Wed Jul 10 05:21:19 UTC 2019
0
1
1
1
0
0
0
1
1
1
1
1
0
0
0
1
1
1
1
0
0
0
1
1
1
1
1
0
0
0
0
7 ms. Memory: 48128K Free: 27956K (58%)
ptolemy.util.test.WatchDog.cancel(): canceling Wed Jul 10 05:21:19 UTC 2019
------------------ testing $PTII/ptolemy/domains/de/test/auto/deInCt2.xml
auto.tcl: Setting watchdog for 200 seconds at Wed Jul 10 05:21:19 UTC 2019
0
1
1
1
0
0
1
1
1
0
0
1
1
1
0
0
1
1
1
0
0
1
1
1
0
0
1
1
1
0
0
1
1
1
0
0
1
1
1
0
0
0
7 ms. Memory: 48128K Free: 29488K (61%)
ptolemy.util.test.WatchDog.cancel(): canceling Wed Jul 10 05:21:19 UTC 2019
auto.tcl: Setting watchdog for 200 seconds at Wed Jul 10 05:21:19 UTC 2019
0
1
1
1
0
0
1
1
1
0
0
1
1
1
0
0
1
1
1
0
0
1
1
1
0
0
1
1
1
0
0
1
1
1
0
0
1
1
1
0
0
0
10 ms. Memory: 48128K Free: 27944K (58%)
ptolemy.util.test.WatchDog.cancel(): canceling Wed Jul 10 05:21:19 UTC 2019
------------------ testing $PTII/ptolemy/domains/de/test/auto/dynamicCausalityInterface1.xml
auto.tcl: Setting watchdog for 200 seconds at Wed Jul 10 05:21:19 UTC 2019
1 ms. Memory: 48128K Free: 24858K (52%)
ptolemy.util.test.WatchDog.cancel(): canceling Wed Jul 10 05:21:19 UTC 2019
auto.tcl: Setting watchdog for 200 seconds at Wed Jul 10 05:21:19 UTC 2019
1 ms. Memory: 48128K Free: 24362K (51%)
ptolemy.util.test.WatchDog.cancel(): canceling Wed Jul 10 05:21:19 UTC 2019
------------------ testing $PTII/ptolemy/domains/de/test/auto/fsm_de_test.xml
auto.tcl: Setting watchdog for 200 seconds at Wed Jul 10 05:21:19 UTC 2019
6 ms. Memory: 48128K Free: 25285K (53%)
ptolemy.util.test.WatchDog.cancel(): canceling Wed Jul 10 05:21:20 UTC 2019
auto.tcl: Setting watchdog for 200 seconds at Wed Jul 10 05:21:20 UTC 2019
6 ms. Memory: 48128K Free: 23274K (48%)
ptolemy.util.test.WatchDog.cancel(): canceling Wed Jul 10 05:21:20 UTC 2019
------------------ testing $PTII/ptolemy/domains/de/test/auto/functionDependencyReconstruction.xml
auto.tcl: Setting watchdog for 200 seconds at Wed Jul 10 05:21:20 UTC 2019
2 ms. Memory: 48128K Free: 19259K (40%)
ptolemy.util.test.WatchDog.cancel(): canceling Wed Jul 10 05:21:20 UTC 2019
auto.tcl: Setting watchdog for 200 seconds at Wed Jul 10 05:21:20 UTC 2019
3 ms. Memory: 48128K Free: 17103K (36%)
ptolemy.util.test.WatchDog.cancel(): canceling Wed Jul 10 05:21:20 UTC 2019
------------------ testing $PTII/ptolemy/domains/de/test/auto/multirate.xml
auto.tcl: Setting watchdog for 200 seconds at Wed Jul 10 05:21:20 UTC 2019
3 ms. Memory: 48128K Free: 27921K (58%)
ptolemy.util.test.WatchDog.cancel(): canceling Wed Jul 10 05:21:20 UTC 2019
auto.tcl: Setting watchdog for 200 seconds at Wed Jul 10 05:21:20 UTC 2019
2 ms. Memory: 48128K Free: 26237K (55%)
ptolemy.util.test.WatchDog.cancel(): canceling Wed Jul 10 05:21:20 UTC 2019
------------------ testing $PTII/ptolemy/domains/de/test/auto/multirate2.xml
auto.tcl: Setting watchdog for 200 seconds at Wed Jul 10 05:21:20 UTC 2019
6 ms. Memory: 48128K Free: 28127K (58%)
ptolemy.util.test.WatchDog.cancel(): canceling Wed Jul 10 05:21:20 UTC 2019
auto.tcl: Setting watchdog for 200 seconds at Wed Jul 10 05:21:20 UTC 2019
3 ms. Memory: 48128K Free: 26403K (55%)
ptolemy.util.test.WatchDog.cancel(): canceling Wed Jul 10 05:21:20 UTC 2019
------------------ testing $PTII/ptolemy/domains/de/test/auto/realtime.xml
auto.tcl: Setting watchdog for 200 seconds at Wed Jul 10 05:21:20 UTC 2019
10001 ms. Memory: 48128K Free: 30177K (63%)
ptolemy.util.test.WatchDog.cancel(): canceling Wed Jul 10 05:21:30 UTC 2019
auto.tcl: Setting watchdog for 200 seconds at Wed Jul 10 05:21:30 UTC 2019
10002 ms. Memory: 48128K Free: 29431K (61%)
ptolemy.util.test.WatchDog.cancel(): canceling Wed Jul 10 05:21:40 UTC 2019
------------------ testing $PTII/ptolemy/domains/de/test/auto/relationGroup.xml
auto.tcl: Setting watchdog for 200 seconds at Wed Jul 10 05:21:40 UTC 2019
1 ms. Memory: 48128K Free: 31237K (65%)
ptolemy.util.test.WatchDog.cancel(): canceling Wed Jul 10 05:21:40 UTC 2019
auto.tcl: Setting watchdog for 200 seconds at Wed Jul 10 05:21:40 UTC 2019
2 ms. Memory: 48128K Free: 30481K (63%)
ptolemy.util.test.WatchDog.cancel(): canceling Wed Jul 10 05:21:40 UTC 2019
------------------ testing $PTII/ptolemy/domains/de/test/auto/relationGroup2.xml
auto.tcl: Setting watchdog for 200 seconds at Wed Jul 10 05:21:40 UTC 2019
2 ms. Memory: 48128K Free: 31217K (65%)
ptolemy.util.test.WatchDog.cancel(): canceling Wed Jul 10 05:21:40 UTC 2019
auto.tcl: Setting watchdog for 200 seconds at Wed Jul 10 05:21:40 UTC 2019
1 ms. Memory: 48128K Free: 30508K (63%)
ptolemy.util.test.WatchDog.cancel(): canceling Wed Jul 10 05:21:40 UTC 2019
------------------ testing $PTII/ptolemy/domains/de/test/auto/sortWithOpaquePorts.xml
auto.tcl: Setting watchdog for 200 seconds at Wed Jul 10 05:21:40 UTC 2019
1 ms. Memory: 48128K Free: 30011K (62%)
ptolemy.util.test.WatchDog.cancel(): canceling Wed Jul 10 05:21:40 UTC 2019
auto.tcl: Setting watchdog for 200 seconds at Wed Jul 10 05:21:40 UTC 2019
1 ms. Memory: 48128K Free: 29024K (60%)
ptolemy.util.test.WatchDog.cancel(): canceling Wed Jul 10 05:21:40 UTC 2019
------------------ testing $PTII/ptolemy/domains/de/test/auto/transferInputsandOutputs.xml
auto.tcl: Setting watchdog for 200 seconds at Wed Jul 10 05:21:40 UTC 2019
1 ms. Memory: 48128K Free: 27455K (57%)
ptolemy.util.test.WatchDog.cancel(): canceling Wed Jul 10 05:21:40 UTC 2019
auto.tcl: Setting watchdog for 200 seconds at Wed Jul 10 05:21:40 UTC 2019
2 ms. Memory: 48128K Free: 26489K (55%)
ptolemy.util.test.WatchDog.cancel(): canceling Wed Jul 10 05:21:40 UTC 2019
------------------ testing $PTII/ptolemy/domains/de/test/auto/triggerType.xml
auto.tcl: Setting watchdog for 200 seconds at Wed Jul 10 05:21:40 UTC 2019
1 ms. Memory: 48128K Free: 30480K (63%)
ptolemy.util.test.WatchDog.cancel(): canceling Wed Jul 10 05:21:40 UTC 2019
auto.tcl: Setting watchdog for 200 seconds at Wed Jul 10 05:21:40 UTC 2019
1 ms. Memory: 48128K Free: 29490K (61%)
ptolemy.util.test.WatchDog.cancel(): canceling Wed Jul 10 05:21:40 UTC 2019
07/10/19 05:21:40
Failed: 0  Total Tests: 192  ((Passed: 187, Newly Passed: 1)  Known Failed: 5) /home/travis/build/icyphy/ptII/ptolemy/domains/de/test
07/10/19 05:21:40
Failed: 0  Total Tests: 192  ((Passed: 187, Newly Passed: 1)  Known Failed: 5) /home/travis/build/icyphy/ptII/ptolemy/domains/de/test
----------------- testing (KnownFailure) /home/travis/build/icyphy/ptII/ptolemy/domains/de/test/auto/knownFailedTests/DESDFClockTest.xml
2010 ms. Memory: 48128K Free: 23875K (50%)
Known Failure: java.lang.reflect.InvocationTargetException
----------------- testing (KnownFailure) /home/travis/build/icyphy/ptII/ptolemy/domains/de/test/auto/knownFailedTests/DirectFeedback.xml
2 ms. Memory: 48128K Free: 20293K (42%)
Known Failure: java.lang.reflect.InvocationTargetException
----------------- testing (KnownFailure) /home/travis/build/icyphy/ptII/ptolemy/domains/de/test/auto/knownFailedTests/FSMSource.xml
12 ms. Memory: 48128K Free: 12597K (26%)
----------------- testing (KnownFailure) /home/travis/build/icyphy/ptII/ptolemy/domains/de/test/auto/knownFailedTests/HierarchicalModel.xml
2 ms. Memory: 48128K Free: 23549K (49%)
Known Failure: java.lang.reflect.InvocationTargetException
----------------- testing (KnownFailure) /home/travis/build/icyphy/ptII/ptolemy/domains/de/test/auto/knownFailedTests/dependencyLoop.xml
3 ms. Memory: 48128K Free: 8183K (17%)
Known Failure: java.lang.reflect.InvocationTargetException
----------------- testing (KnownFailure) /home/travis/build/icyphy/ptII/ptolemy/domains/de/test/auto/knownFailedTests/dependencyLoop2.xml
3 ms. Memory: 48128K Free: 20219K (42%)
Known Failure: java.lang.reflect.InvocationTargetException
No auto/linux-amd64/*.xml tests in /home/travis/build/icyphy/ptII/ptolemy/domains/de/test
AutoTests.java: About to close Vertx.
AutoTests.java: Vertx closed.

===========================================================================================
----------------- testing Wed Jul 10 05:21:42 UTC 2019 /home/travis/build/icyphy/ptII/ptolemy/domains/de/test/auto/ActorDepthCalculation_actorWithoutPorts.xml
----------------- Instantiating /home/travis/build/icyphy/ptII/ptolemy/domains/de/test/auto/ActorDepthCalculation_actorWithoutPorts.xml
2 ms. Memory: 48128K Free: 13662K (28%)
----------------- Invoking toplevel() on ptolemy.moml.MoMLSimpleApplication@70226be3
----------------- Done invoking toplevel() on ptolemy.moml.MoMLSimpleApplication@70226be3
reloadAllAccessors: .ActorDepthCalculation_actorWithoutPorts

===========================================================================================
----------------- testing Wed Jul 10 05:21:42 UTC 2019 /home/travis/build/icyphy/ptII/ptolemy/domains/de/test/auto/AssemblyLine.xml
----------------- Instantiating /home/travis/build/icyphy/ptII/ptolemy/domains/de/test/auto/AssemblyLine.xml
7 ms. Memory: 48128K Free: 32358K (67%)
----------------- Invoking toplevel() on ptolemy.moml.MoMLSimpleApplication@4229936
----------------- Done invoking toplevel() on ptolemy.moml.MoMLSimpleApplication@4229936
reloadAllAccessors: .AssemblyLine

===========================================================================================
----------------- testing Wed Jul 10 05:21:42 UTC 2019 /home/travis/build/icyphy/ptII/ptolemy/domains/de/test/auto/CQBug1.xml
----------------- Instantiating /home/travis/build/icyphy/ptII/ptolemy/domains/de/test/auto/CQBug1.xml
1 ms. Memory: 48128K Free: 29320K (61%)
----------------- Invoking toplevel() on ptolemy.moml.MoMLSimpleApplication@6c47cd93
----------------- Done invoking toplevel() on ptolemy.moml.MoMLSimpleApplication@6c47cd93
reloadAllAccessors: .CQBug1

===========================================================================================
----------------- testing Wed Jul 10 05:21:42 UTC 2019 /home/travis/build/icyphy/ptII/ptolemy/domains/de/test/auto/CancelFireAt.xml
----------------- Instantiating /home/travis/build/icyphy/ptII/ptolemy/domains/de/test/auto/CancelFireAt.xml
4 ms. Memory: 48128K Free: 26756K (56%)
----------------- Invoking toplevel() on ptolemy.moml.MoMLSimpleApplication@2a181bd3
----------------- Done invoking toplevel() on ptolemy.moml.MoMLSimpleApplication@2a181bd3
reloadAllAccessors: .CancelFireAt

===========================================================================================
----------------- testing Wed Jul 10 05:21:42 UTC 2019 /home/travis/build/icyphy/ptII/ptolemy/domains/de/test/auto/CausalityAndComposabilityAnalysis.xml
----------------- Instantiating /home/travis/build/icyphy/ptII/ptolemy/domains/de/test/auto/CausalityAndComposabilityAnalysis.xml
1 ms. Memory: 48128K Free: 22378K (46%)
----------------- Invoking toplevel() on ptolemy.moml.MoMLSimpleApplication@553fc4d9
----------------- Done invoking toplevel() on ptolemy.moml.MoMLSimpleApplication@553fc4d9
reloadAllAccessors: .CausalityAndComposabilityAnalysis

===========================================================================================
----------------- testing Wed Jul 10 05:21:42 UTC 2019 /home/travis/build/icyphy/ptII/ptolemy/domains/de/test/auto/CausalityInterface1.xml
----------------- Instantiating /home/travis/build/icyphy/ptII/ptolemy/domains/de/test/auto/CausalityInterface1.xml
5 ms. Memory: 48128K Free: 17298K (36%)
----------------- Invoking toplevel() on ptolemy.moml.MoMLSimpleApplication@661cbf9a
----------------- Done invoking toplevel() on ptolemy.moml.MoMLSimpleApplication@661cbf9a
reloadAllAccessors: .CausalityInterface1

===========================================================================================
----------------- testing Wed Jul 10 05:21:42 UTC 2019 /home/travis/build/icyphy/ptII/ptolemy/domains/de/test/auto/CausalityInterface15.xml
----------------- Instantiating /home/travis/build/icyphy/ptII/ptolemy/domains/de/test/auto/CausalityInterface15.xml
2 ms. Memory: 48128K Free: 11880K (25%)
----------------- Invoking toplevel() on ptolemy.moml.MoMLSimpleApplication@778b7eed
----------------- Done invoking toplevel() on ptolemy.moml.MoMLSimpleApplication@778b7eed
reloadAllAccessors: .CausalityInterface15

===========================================================================================
----------------- testing Wed Jul 10 05:21:43 UTC 2019 /home/travis/build/icyphy/ptII/ptolemy/domains/de/test/auto/CausalityInterface2.xml
----------------- Instantiating /home/travis/build/icyphy/ptII/ptolemy/domains/de/test/auto/CausalityInterface2.xml
5 ms. Memory: 48128K Free: 34095K (71%)
[...]
	at ptolemy.actor.Manager.run(Manager.java:1263)
	at ptolemy.actor.Manager$PtolemyRunThread.run(Manager.java:1915)
java.lang.RuntimeException: Execution failed
	at ptolemy.moml.MoMLSimpleApplication$UnloadThread.run(MoMLSimpleApplication.java:402)
Caused by: ptolemy.kernel.util.IllegalActionException: Actor is not ready to fire.  Perhaps UpSample.prefire() returned false? Try debugging the actor by selecting "Listen to Actor".  Also, for SDF check moml for tokenConsumptionRate on input.
  in .DESDFClockTest.Play Bell.Copy1:SDF Director and .DESDFClockTest.Play Bell.UpSample
	at ptolemy.actor.sched.StaticSchedulingDirector.fire(StaticSchedulingDirector.java:227)
	at ptolemy.domains.sdf.kernel.SDFDirector.fire(SDFDirector.java:500)
	at ptolemy.actor.CompositeActor.fire(CompositeActor.java:455)
	at ptolemy.domains.de.kernel.DEDirector._fire(DEDirector.java:1949)
	at ptolemy.domains.de.kernel.DEDirector.fire(DEDirector.java:502)
	at ptolemy.actor.CompositeActor.fire(CompositeActor.java:455)
	at ptolemy.actor.Manager.iterate(Manager.java:851)
	at ptolemy.actor.Manager.execute(Manager.java:369)
	at ptolemy.actor.Manager.run(Manager.java:1263)
	at ptolemy.actor.Manager$PtolemyRunThread.run(Manager.java:1915)
java.lang.reflect.InvocationTargetException
	at java.base/jdk.internal.reflect.NativeConstructorAccessorImpl.newInstance0(Native Method)
	at java.base/jdk.internal.reflect.NativeConstructorAccessorImpl.newInstance(NativeConstructorAccessorImpl.java:62)
	at java.base/jdk.internal.reflect.DelegatingConstructorAccessorImpl.newInstance(DelegatingConstructorAccessorImpl.java:45)
	at java.base/java.lang.reflect.Constructor.newInstance(Constructor.java:490)
	at ptolemy.util.test.junit.AutoKnownFailedTests.RunModel(AutoKnownFailedTests.java:105)
	at java.base/jdk.internal.reflect.NativeMethodAccessorImpl.invoke0(Native Method)
	at java.base/jdk.internal.reflect.NativeMethodAccessorImpl.invoke(NativeMethodAccessorImpl.java:62)
	at java.base/jdk.internal.reflect.DelegatingMethodAccessorImpl.invoke(DelegatingMethodAccessorImpl.java:43)
	at java.base/java.lang.reflect.Method.invoke(Method.java:566)
	at org.junit.runners.model.FrameworkMethod$1.runReflectiveCall(FrameworkMethod.java:44)
	at org.junit.internal.runners.model.ReflectiveCallable.run(ReflectiveCallable.java:15)
	at org.junit.runners.model.FrameworkMethod.invokeExplosively(FrameworkMethod.java:41)
	at junitparams.internal.InvokeParameterisedMethod.evaluate(InvokeParameterisedMethod.java:102)
	at org.junit.internal.runners.statements.FailOnTimeout$1.run(FailOnTimeout.java:28)
Caused by: ptolemy.kernel.util.IllegalActionException: Actor is not ready to fire.  Perhaps UpSample.prefire() returned false? Try debugging the actor by selecting "Listen to Actor".  Also, for SDF check moml for tokenConsumptionRate on input.
  in .DESDFClockTest.Play Bell.Copy1:SDF Director and .DESDFClockTest.Play Bell.UpSample
	at ptolemy.actor.sched.StaticSchedulingDirector.fire(StaticSchedulingDirector.java:227)
	at ptolemy.domains.sdf.kernel.SDFDirector.fire(SDFDirector.java:500)
	at ptolemy.actor.CompositeActor.fire(CompositeActor.java:455)
	at ptolemy.domains.de.kernel.DEDirector._fire(DEDirector.java:1949)
	at ptolemy.domains.de.kernel.DEDirector.fire(DEDirector.java:502)
	at ptolemy.actor.CompositeActor.fire(CompositeActor.java:455)
	at ptolemy.actor.Manager.iterate(Manager.java:851)
	at ptolemy.actor.Manager.execute(Manager.java:369)
	at ptolemy.actor.Manager.run(Manager.java:1263)
	at ptolemy.actor.Manager$PtolemyRunThread.run(Manager.java:1915)
java.lang.RuntimeException: Execution failed
	at ptolemy.moml.MoMLSimpleApplication$UnloadThread.run(MoMLSimpleApplication.java:402)
Caused by: ptolemy.kernel.util.IllegalActionException: Test fails in iteration 1.
Value was: 1.0. Should have been: 2.0
  in .DirectFeedback.Test
	at ptolemy.actor.lib.Test.fire(Test.java:268)
	at ptolemy.domains.de.kernel.DEDirector._fire(DEDirector.java:1949)
	at ptolemy.domains.de.kernel.DEDirector.fire(DEDirector.java:502)
	at ptolemy.actor.CompositeActor.fire(CompositeActor.java:455)
	at ptolemy.actor.Manager.iterate(Manager.java:851)
	at ptolemy.actor.Manager.execute(Manager.java:369)
	at ptolemy.actor.Manager.run(Manager.java:1263)
	at ptolemy.actor.Manager$PtolemyRunThread.run(Manager.java:1915)
java.lang.reflect.InvocationTargetException
	at java.base/jdk.internal.reflect.NativeConstructorAccessorImpl.newInstance0(Native Method)
	at java.base/jdk.internal.reflect.NativeConstructorAccessorImpl.newInstance(NativeConstructorAccessorImpl.java:62)
	at java.base/jdk.internal.reflect.DelegatingConstructorAccessorImpl.newInstance(DelegatingConstructorAccessorImpl.java:45)
	at java.base/java.lang.reflect.Constructor.newInstance(Constructor.java:490)
	at ptolemy.util.test.junit.AutoKnownFailedTests.RunModel(AutoKnownFailedTests.java:105)
	at java.base/jdk.internal.reflect.NativeMethodAccessorImpl.invoke0(Native Method)
	at java.base/jdk.internal.reflect.NativeMethodAccessorImpl.invoke(NativeMethodAccessorImpl.java:62)
	at java.base/jdk.internal.reflect.DelegatingMethodAccessorImpl.invoke(DelegatingMethodAccessorImpl.java:43)
	at java.base/java.lang.reflect.Method.invoke(Method.java:566)
	at org.junit.runners.model.FrameworkMethod$1.runReflectiveCall(FrameworkMethod.java:44)
	at org.junit.internal.runners.model.ReflectiveCallable.run(ReflectiveCallable.java:15)
	at org.junit.runners.model.FrameworkMethod.invokeExplosively(FrameworkMethod.java:41)
	at junitparams.internal.InvokeParameterisedMethod.evaluate(InvokeParameterisedMethod.java:102)
	at org.junit.internal.runners.statements.FailOnTimeout$1.run(FailOnTimeout.java:28)
Caused by: ptolemy.kernel.util.IllegalActionException: Test fails in iteration 1.
Value was: 1.0. Should have been: 2.0
  in .DirectFeedback.Test
	at ptolemy.actor.lib.Test.fire(Test.java:268)
	at ptolemy.domains.de.kernel.DEDirector._fire(DEDirector.java:1949)
	at ptolemy.domains.de.kernel.DEDirector.fire(DEDirector.java:502)
	at ptolemy.actor.CompositeActor.fire(CompositeActor.java:455)
	at ptolemy.actor.Manager.iterate(Manager.java:851)
	at ptolemy.actor.Manager.execute(Manager.java:369)
	at ptolemy.actor.Manager.run(Manager.java:1263)
	at ptolemy.actor.Manager$PtolemyRunThread.run(Manager.java:1915)
java.lang.RuntimeException: Execution failed
	at ptolemy.moml.MoMLSimpleApplication$UnloadThread.run(MoMLSimpleApplication.java:402)
Caused by: ptolemy.kernel.util.IllegalActionException: Found a zero delay loop containing .HierarchicalModel.A
  in .HierarchicalModel and .HierarchicalModel.A
	at ptolemy.actor.util.CausalityInterfaceForComposites._computeOutputPortDepth(CausalityInterfaceForComposites.java:759)
	at ptolemy.actor.util.CausalityInterfaceForComposites._computeInputDepth(CausalityInterfaceForComposites.java:696)
	at ptolemy.actor.util.CausalityInterfaceForComposites._computeOutputPortDepth(CausalityInterfaceForComposites.java:765)
	at ptolemy.actor.util.CausalityInterfaceForComposites._computeInputDepth(CausalityInterfaceForComposites.java:696)
	at ptolemy.actor.util.CausalityInterfaceForComposites._computeOutputPortDepth(CausalityInterfaceForComposites.java:765)
	at ptolemy.actor.util.CausalityInterfaceForComposites._computeInputDepth(CausalityInterfaceForComposites.java:696)
	at ptolemy.actor.util.CausalityInterfaceForComposites._computeActorDepth(CausalityInterfaceForComposites.java:532)
	at ptolemy.actor.util.CausalityInterfaceForComposites.checkForCycles(CausalityInterfaceForComposites.java:96)
	at ptolemy.domains.de.kernel.DEDirector.preinitialize(DEDirector.java:1338)
	at ptolemy.actor.CompositeActor.preinitialize(CompositeActor.java:1828)
	at ptolemy.actor.Manager.preinitializeAndResolveTypes(Manager.java:1040)
	at ptolemy.actor.Manager.initialize(Manager.java:710)
	at ptolemy.actor.Manager.execute(Manager.java:356)
	at ptolemy.actor.Manager.run(Manager.java:1263)
	at ptolemy.actor.Manager$PtolemyRunThread.run(Manager.java:1915)
java.lang.reflect.InvocationTargetException
	at java.base/jdk.internal.reflect.NativeConstructorAccessorImpl.newInstance0(Native Method)
	at java.base/jdk.internal.reflect.NativeConstructorAccessorImpl.newInstance(NativeConstructorAccessorImpl.java:62)
	at java.base/jdk.internal.reflect.DelegatingConstructorAccessorImpl.newInstance(DelegatingConstructorAccessorImpl.java:45)
	at java.base/java.lang.reflect.Constructor.newInstance(Constructor.java:490)
	at ptolemy.util.test.junit.AutoKnownFailedTests.RunModel(AutoKnownFailedTests.java:105)
	at java.base/jdk.internal.reflect.NativeMethodAccessorImpl.invoke0(Native Method)
	at java.base/jdk.internal.reflect.NativeMethodAccessorImpl.invoke(NativeMethodAccessorImpl.java:62)
	at java.base/jdk.internal.reflect.DelegatingMethodAccessorImpl.invoke(DelegatingMethodAccessorImpl.java:43)
	at java.base/java.lang.reflect.Method.invoke(Method.java:566)
	at org.junit.runners.model.FrameworkMethod$1.runReflectiveCall(FrameworkMethod.java:44)
	at org.junit.internal.runners.model.ReflectiveCallable.run(ReflectiveCallable.java:15)
	at org.junit.runners.model.FrameworkMethod.invokeExplosively(FrameworkMethod.java:41)
	at junitparams.internal.InvokeParameterisedMethod.evaluate(InvokeParameterisedMethod.java:102)
	at org.junit.internal.runners.statements.FailOnTimeout$1.run(FailOnTimeout.java:28)
Caused by: ptolemy.kernel.util.IllegalActionException: Found a zero delay loop containing .HierarchicalModel.A
  in .HierarchicalModel and .HierarchicalModel.A
	at ptolemy.actor.util.CausalityInterfaceForComposites._computeOutputPortDepth(CausalityInterfaceForComposites.java:759)
	at ptolemy.actor.util.CausalityInterfaceForComposites._computeInputDepth(CausalityInterfaceForComposites.java:696)
	at ptolemy.actor.util.CausalityInterfaceForComposites._computeOutputPortDepth(CausalityInterfaceForComposites.java:765)
	at ptolemy.actor.util.CausalityInterfaceForComposites._computeInputDepth(CausalityInterfaceForComposites.java:696)
	at ptolemy.actor.util.CausalityInterfaceForComposites._computeOutputPortDepth(CausalityInterfaceForComposites.java:765)
	at ptolemy.actor.util.CausalityInterfaceForComposites._computeInputDepth(CausalityInterfaceForComposites.java:696)
	at ptolemy.actor.util.CausalityInterfaceForComposites._computeActorDepth(CausalityInterfaceForComposites.java:532)
	at ptolemy.actor.util.CausalityInterfaceForComposites.checkForCycles(CausalityInterfaceForComposites.java:96)
	at ptolemy.domains.de.kernel.DEDirector.preinitialize(DEDirector.java:1338)
	at ptolemy.actor.CompositeActor.preinitialize(CompositeActor.java:1828)
	at ptolemy.actor.Manager.preinitializeAndResolveTypes(Manager.java:1040)
	at ptolemy.actor.Manager.initialize(Manager.java:710)
	at ptolemy.actor.Manager.execute(Manager.java:356)
	at ptolemy.actor.Manager.run(Manager.java:1263)
	at ptolemy.actor.Manager$PtolemyRunThread.run(Manager.java:1915)
java.lang.RuntimeException: Execution failed
	at ptolemy.moml.MoMLSimpleApplication$UnloadThread.run(MoMLSimpleApplication.java:402)
Caused by: ptolemy.kernel.util.IllegalActionException: Found a zero delay loop containing .dependencyLoop.original
  in .dependencyLoop and .dependencyLoop.original
	at ptolemy.actor.util.CausalityInterfaceForComposites._computeOutputPortDepth(CausalityInterfaceForComposites.java:759)
	at ptolemy.actor.util.CausalityInterfaceForComposites._computeInputDepth(CausalityInterfaceForComposites.java:696)
	at ptolemy.actor.util.CausalityInterfaceForComposites._computeOutputPortDepth(CausalityInterfaceForComposites.java:765)
	at ptolemy.actor.util.CausalityInterfaceForComposites._computeInputDepth(CausalityInterfaceForComposites.java:696)
	at ptolemy.actor.util.CausalityInterfaceForComposites._computeOutputPortDepth(CausalityInterfaceForComposites.java:765)
	at ptolemy.actor.util.CausalityInterfaceForComposites._computeInputDepth(CausalityInterfaceForComposites.java:696)
	at ptolemy.actor.util.CausalityInterfaceForComposites._computeActorDepth(CausalityInterfaceForComposites.java:532)
	at ptolemy.actor.util.CausalityInterfaceForComposites.checkForCycles(CausalityInterfaceForComposites.java:96)
	at ptolemy.domains.de.kernel.DEDirector.preinitialize(DEDirector.java:1338)
	at ptolemy.actor.CompositeActor.preinitialize(CompositeActor.java:1828)
	at ptolemy.actor.Manager.preinitializeAndResolveTypes(Manager.java:1040)
	at ptolemy.actor.Manager.initialize(Manager.java:710)
	at ptolemy.actor.Manager.execute(Manager.java:356)
	at ptolemy.actor.Manager.run(Manager.java:1263)
	at ptolemy.actor.Manager$PtolemyRunThread.run(Manager.java:1915)
java.lang.reflect.InvocationTargetException
	at java.base/jdk.internal.reflect.NativeConstructorAccessorImpl.newInstance0(Native Method)
	at java.base/jdk.internal.reflect.NativeConstructorAccessorImpl.newInstance(NativeConstructorAccessorImpl.java:62)
	at java.base/jdk.internal.reflect.DelegatingConstructorAccessorImpl.newInstance(DelegatingConstructorAccessorImpl.java:45)
	at java.base/java.lang.reflect.Constructor.newInstance(Constructor.java:490)
	at ptolemy.util.test.junit.AutoKnownFailedTests.RunModel(AutoKnownFailedTests.java:105)
	at java.base/jdk.internal.reflect.NativeMethodAccessorImpl.invoke0(Native Method)
	at java.base/jdk.internal.reflect.NativeMethodAccessorImpl.invoke(NativeMethodAccessorImpl.java:62)
	at java.base/jdk.internal.reflect.DelegatingMethodAccessorImpl.invoke(DelegatingMethodAccessorImpl.java:43)
	at java.base/java.lang.reflect.Method.invoke(Method.java:566)
	at org.junit.runners.model.FrameworkMethod$1.runReflectiveCall(FrameworkMethod.java:44)
	at org.junit.internal.runners.model.ReflectiveCallable.run(ReflectiveCallable.java:15)
	at org.junit.runners.model.FrameworkMethod.invokeExplosively(FrameworkMethod.java:41)
	at junitparams.internal.InvokeParameterisedMethod.evaluate(InvokeParameterisedMethod.java:102)
	at org.junit.internal.runners.statements.FailOnTimeout$1.run(FailOnTimeout.java:28)
Caused by: ptolemy.kernel.util.IllegalActionException: Found a zero delay loop containing .dependencyLoop.original
  in .dependencyLoop and .dependencyLoop.original
	at ptolemy.actor.util.CausalityInterfaceForComposites._computeOutputPortDepth(CausalityInterfaceForComposites.java:759)
	at ptolemy.actor.util.CausalityInterfaceForComposites._computeInputDepth(CausalityInterfaceForComposites.java:696)
	at ptolemy.actor.util.CausalityInterfaceForComposites._computeOutputPortDepth(CausalityInterfaceForComposites.java:765)
	at ptolemy.actor.util.CausalityInterfaceForComposites._computeInputDepth(CausalityInterfaceForComposites.java:696)
	at ptolemy.actor.util.CausalityInterfaceForComposites._computeOutputPortDepth(CausalityInterfaceForComposites.java:765)
	at ptolemy.actor.util.CausalityInterfaceForComposites._computeInputDepth(CausalityInterfaceForComposites.java:696)
	at ptolemy.actor.util.CausalityInterfaceForComposites._computeActorDepth(CausalityInterfaceForComposites.java:532)
	at ptolemy.actor.util.CausalityInterfaceForComposites.checkForCycles(CausalityInterfaceForComposites.java:96)
	at ptolemy.domains.de.kernel.DEDirector.preinitialize(DEDirector.java:1338)
	at ptolemy.actor.CompositeActor.preinitialize(CompositeActor.java:1828)
	at ptolemy.actor.Manager.preinitializeAndResolveTypes(Manager.java:1040)
	at ptolemy.actor.Manager.initialize(Manager.java:710)
	at ptolemy.actor.Manager.execute(Manager.java:356)
	at ptolemy.actor.Manager.run(Manager.java:1263)
	at ptolemy.actor.Manager$PtolemyRunThread.run(Manager.java:1915)
java.lang.RuntimeException: Execution failed
	at ptolemy.moml.MoMLSimpleApplication$UnloadThread.run(MoMLSimpleApplication.java:402)
Caused by: ptolemy.kernel.util.IllegalActionException: Found a zero delay loop containing .dependencyLoop2.original
  in .dependencyLoop2 and .dependencyLoop2.original
	at ptolemy.actor.util.CausalityInterfaceForComposites._computeOutputPortDepth(CausalityInterfaceForComposites.java:759)
	at ptolemy.actor.util.CausalityInterfaceForComposites._computeInputDepth(CausalityInterfaceForComposites.java:696)
	at ptolemy.actor.util.CausalityInterfaceForComposites._computeOutputPortDepth(CausalityInterfaceForComposites.java:765)
	at ptolemy.actor.util.CausalityInterfaceForComposites._computeInputDepth(CausalityInterfaceForComposites.java:696)
	at ptolemy.actor.util.CausalityInterfaceForComposites._computeOutputPortDepth(CausalityInterfaceForComposites.java:765)
	at ptolemy.actor.util.CausalityInterfaceForComposites._computeInputDepth(CausalityInterfaceForComposites.java:696)
	at ptolemy.actor.util.CausalityInterfaceForComposites._computeActorDepth(CausalityInterfaceForComposites.java:532)
	at ptolemy.actor.util.CausalityInterfaceForComposites.checkForCycles(CausalityInterfaceForComposites.java:96)
	at ptolemy.domains.de.kernel.DEDirector.preinitialize(DEDirector.java:1338)
	at ptolemy.actor.CompositeActor.preinitialize(CompositeActor.java:1828)
	at ptolemy.actor.Manager.preinitializeAndResolveTypes(Manager.java:1040)
	at ptolemy.actor.Manager.initialize(Manager.java:710)
	at ptolemy.actor.Manager.execute(Manager.java:356)
	at ptolemy.actor.Manager.run(Manager.java:1263)
	at ptolemy.actor.Manager$PtolemyRunThread.run(Manager.java:1915)
java.lang.reflect.InvocationTargetException
	at java.base/jdk.internal.reflect.NativeConstructorAccessorImpl.newInstance0(Native Method)
	at java.base/jdk.internal.reflect.NativeConstructorAccessorImpl.newInstance(NativeConstructorAccessorImpl.java:62)
	at java.base/jdk.internal.reflect.DelegatingConstructorAccessorImpl.newInstance(DelegatingConstructorAccessorImpl.java:45)
	at java.base/java.lang.reflect.Constructor.newInstance(Constructor.java:490)
	at ptolemy.util.test.junit.AutoKnownFailedTests.RunModel(AutoKnownFailedTests.java:105)
	at java.base/jdk.internal.reflect.NativeMethodAccessorImpl.invoke0(Native Method)
	at java.base/jdk.internal.reflect.NativeMethodAccessorImpl.invoke(NativeMethodAccessorImpl.java:62)
	at java.base/jdk.internal.reflect.DelegatingMethodAccessorImpl.invoke(DelegatingMethodAccessorImpl.java:43)
	at java.base/java.lang.reflect.Method.invoke(Method.java:566)
	at org.junit.runners.model.FrameworkMethod$1.runReflectiveCall(FrameworkMethod.java:44)
	at org.junit.internal.runners.model.ReflectiveCallable.run(ReflectiveCallable.java:15)
	at org.junit.runners.model.FrameworkMethod.invokeExplosively(FrameworkMethod.java:41)
	at junitparams.internal.InvokeParameterisedMethod.evaluate(InvokeParameterisedMethod.java:102)
	at org.junit.internal.runners.statements.FailOnTimeout$1.run(FailOnTimeout.java:28)
Caused by: ptolemy.kernel.util.IllegalActionException: Found a zero delay loop containing .dependencyLoop2.original
  in .dependencyLoop2 and .dependencyLoop2.original
	at ptolemy.actor.util.CausalityInterfaceForComposites._computeOutputPortDepth(CausalityInterfaceForComposites.java:759)
	at ptolemy.actor.util.CausalityInterfaceForComposites._computeInputDepth(CausalityInterfaceForComposites.java:696)
	at ptolemy.actor.util.CausalityInterfaceForComposites._computeOutputPortDepth(CausalityInterfaceForComposites.java:765)
	at ptolemy.actor.util.CausalityInterfaceForComposites._computeInputDepth(CausalityInterfaceForComposites.java:696)
	at ptolemy.actor.util.CausalityInterfaceForComposites._computeOutputPortDepth(CausalityInterfaceForComposites.java:765)
	at ptolemy.actor.util.CausalityInterfaceForComposites._computeInputDepth(CausalityInterfaceForComposites.java:696)
	at ptolemy.actor.util.CausalityInterfaceForComposites._computeActorDepth(CausalityInterfaceForComposites.java:532)
	at ptolemy.actor.util.CausalityInterfaceForComposites.checkForCycles(CausalityInterfaceForComposites.java:96)
	at ptolemy.domains.de.kernel.DEDirector.preinitialize(DEDirector.java:1338)
	at ptolemy.actor.CompositeActor.preinitialize(CompositeActor.java:1828)
	at ptolemy.actor.Manager.preinitializeAndResolveTypes(Manager.java:1040)
	at ptolemy.actor.Manager.initialize(Manager.java:710)
	at ptolemy.actor.Manager.execute(Manager.java:356)
	at ptolemy.actor.Manager.run(Manager.java:1263)
	at ptolemy.actor.Manager$PtolemyRunThread.run(Manager.java:1915)
]]></system-err>
</testsuite>
