<?xml version="1.0" encoding="UTF-8" ?>
<testsuite errors="0" failures="0" hostname="travis-job-b290e555-77c3-4eac-8dd6-f5ea903a66b1" name="ptolemy.domains.de.test.junit.JUnitTclTest" skipped="0" tests="101" time="132.446" timestamp="2018-11-11T02:43:55">
  <properties>
[...]
</properties>
  <testcase classname="ptolemy.util.test.junit.TclTests" name="[0] /home/travis/build/icyphy/ptII/ptolemy/domains/de/test/DependencyLoop.tcl (RunTclFile)" time="0.724" />
  <testcase classname="ptolemy.util.test.junit.TclTests" name="[1] /home/travis/build/icyphy/ptII/ptolemy/domains/de/test/RunDETestsAsQSS.tcl (RunTclFile)" time="88.213" />
  <testcase classname="ptolemy.util.test.junit.AutoKnownFailedTests" name="[0] /home/travis/build/icyphy/ptII/ptolemy/domains/de/test/auto/knownFailedTests/DESDFClockTest.xml (RunModel)" time="2.033" />
  <testcase classname="ptolemy.util.test.junit.AutoKnownFailedTests" name="[1] /home/travis/build/icyphy/ptII/ptolemy/domains/de/test/auto/knownFailedTests/DirectFeedback.xml (RunModel)" time="0.024" />
  <testcase classname="ptolemy.util.test.junit.AutoKnownFailedTests" name="[2] /home/travis/build/icyphy/ptII/ptolemy/domains/de/test/auto/knownFailedTests/FSMSource.xml (RunModel)" time="0.025" />
  <testcase classname="ptolemy.util.test.junit.AutoKnownFailedTests" name="[3] /home/travis/build/icyphy/ptII/ptolemy/domains/de/test/auto/knownFailedTests/HierarchicalModel.xml (RunModel)" time="0.038" />
  <testcase classname="ptolemy.util.test.junit.AutoKnownFailedTests" name="[4] /home/travis/build/icyphy/ptII/ptolemy/domains/de/test/auto/knownFailedTests/dependencyLoop.xml (RunModel)" time="0.033" />
  <testcase classname="ptolemy.util.test.junit.AutoKnownFailedTests" name="[5] /home/travis/build/icyphy/ptII/ptolemy/domains/de/test/auto/knownFailedTests/dependencyLoop2.xml (RunModel)" time="0.052" />
  <testcase classname="ptolemy.util.test.junit.AutoNameArchTests" name="[0] ThereAreNoAutoArchTests (RunModel)" time="0.0" />
  <testcase classname="ptolemy.util.test.junit.AutoTests" name="[0] /home/travis/build/icyphy/ptII/ptolemy/domains/de/test/auto/ActorDepthCalculation_actorWithoutPorts.xml (RunModel)" time="0.023" />
  <testcase classname="ptolemy.util.test.junit.AutoTests" name="[1] /home/travis/build/icyphy/ptII/ptolemy/domains/de/test/auto/AssemblyLine.xml (RunModel)" time="0.024" />
  <testcase classname="ptolemy.util.test.junit.AutoTests" name="[2] /home/travis/build/icyphy/ptII/ptolemy/domains/de/test/auto/CQBug1.xml (RunModel)" time="0.013" />
  <testcase classname="ptolemy.util.test.junit.AutoTests" name="[3] /home/travis/build/icyphy/ptII/ptolemy/domains/de/test/auto/CancelFireAt.xml (RunModel)" time="0.009" />
  <testcase classname="ptolemy.util.test.junit.AutoTests" name="[4] /home/travis/build/icyphy/ptII/ptolemy/domains/de/test/auto/CausalityAndComposabilityAnalysis.xml (RunModel)" time="0.012" />
  <testcase classname="ptolemy.util.test.junit.AutoTests" name="[5] /home/travis/build/icyphy/ptII/ptolemy/domains/de/test/auto/CausalityInterface1.xml (RunModel)" time="0.013" />
  <testcase classname="ptolemy.util.test.junit.AutoTests" name="[6] /home/travis/build/icyphy/ptII/ptolemy/domains/de/test/auto/CausalityInterface15.xml (RunModel)" time="0.014" />
  <testcase classname="ptolemy.util.test.junit.AutoTests" name="[7] /home/travis/build/icyphy/ptII/ptolemy/domains/de/test/auto/CausalityInterface2.xml (RunModel)" time="0.012" />
  <testcase classname="ptolemy.util.test.junit.AutoTests" name="[8] /home/travis/build/icyphy/ptII/ptolemy/domains/de/test/auto/CausalityInterface3.xml (RunModel)" time="0.012" />
  <testcase classname="ptolemy.util.test.junit.AutoTests" name="[9] /home/travis/build/icyphy/ptII/ptolemy/domains/de/test/auto/ClockDrift.xml (RunModel)" time="0.037" />
  <testcase classname="ptolemy.util.test.junit.AutoTests" name="[10] /home/travis/build/icyphy/ptII/ptolemy/domains/de/test/auto/ClockDriftAndValueChange.xml (RunModel)" time="0.031" />
  <testcase classname="ptolemy.util.test.junit.AutoTests" name="[11] /home/travis/build/icyphy/ptII/ptolemy/domains/de/test/auto/ClockDriftChange.xml (RunModel)" time="0.028" />
  <testcase classname="ptolemy.util.test.junit.AutoTests" name="[12] /home/travis/build/icyphy/ptII/ptolemy/domains/de/test/auto/ComposableCausalityAnalysis.xml (RunModel)" time="0.017" />
  <testcase classname="ptolemy.util.test.junit.AutoTests" name="[13] /home/travis/build/icyphy/ptII/ptolemy/domains/de/test/auto/DEFixedPointLimitation.xml (RunModel)" time="0.009" />
  <testcase classname="ptolemy.util.test.junit.AutoTests" name="[14] /home/travis/build/icyphy/ptII/ptolemy/domains/de/test/auto/DEScheduleTest.xml (RunModel)" time="0.036" />
  <testcase classname="ptolemy.util.test.junit.AutoTests" name="[15] /home/travis/build/icyphy/ptII/ptolemy/domains/de/test/auto/DEinDEwithStartTimes.xml (RunModel)" time="0.017" />
  <testcase classname="ptolemy.util.test.junit.AutoTests" name="[16] /home/travis/build/icyphy/ptII/ptolemy/domains/de/test/auto/DEinDEwithStartTimes2.xml (RunModel)" time="0.019" />
  <testcase classname="ptolemy.util.test.junit.AutoTests" name="[17] /home/travis/build/icyphy/ptII/ptolemy/domains/de/test/auto/DateDemo.xml (RunModel)" time="0.031" />
  <testcase classname="ptolemy.util.test.junit.AutoTests" name="[18] /home/travis/build/icyphy/ptII/ptolemy/domains/de/test/auto/DateToEvent.xml (RunModel)" time="2.045" />
  <testcase classname="ptolemy.util.test.junit.AutoTests" name="[19] /home/travis/build/icyphy/ptII/ptolemy/domains/de/test/auto/DepthTest1.xml (RunModel)" time="0.008" />
  <testcase classname="ptolemy.util.test.junit.AutoTests" name="[20] /home/travis/build/icyphy/ptII/ptolemy/domains/de/test/auto/DepthTest2.xml (RunModel)" time="0.017" />
  <testcase classname="ptolemy.util.test.junit.AutoTests" name="[21] /home/travis/build/icyphy/ptII/ptolemy/domains/de/test/auto/DepthTest3.xml (RunModel)" time="0.007" />
  <testcase classname="ptolemy.util.test.junit.AutoTests" name="[22] /home/travis/build/icyphy/ptII/ptolemy/domains/de/test/auto/DepthTest4.xml (RunModel)" time="0.013" />
  <testcase classname="ptolemy.util.test.junit.AutoTests" name="[23] /home/travis/build/icyphy/ptII/ptolemy/domains/de/test/auto/DepthTest5.xml (RunModel)" time="0.013" />
  <testcase classname="ptolemy.util.test.junit.AutoTests" name="[24] /home/travis/build/icyphy/ptII/ptolemy/domains/de/test/auto/DepthTest6.xml (RunModel)" time="0.013" />
  <testcase classname="ptolemy.util.test.junit.AutoTests" name="[25] /home/travis/build/icyphy/ptII/ptolemy/domains/de/test/auto/DepthTest7.xml (RunModel)" time="0.013" />
  <testcase classname="ptolemy.util.test.junit.AutoTests" name="[26] /home/travis/build/icyphy/ptII/ptolemy/domains/de/test/auto/EventToDate.xml (RunModel)" time="3.036" />
  <testcase classname="ptolemy.util.test.junit.AutoTests" name="[27] /home/travis/build/icyphy/ptII/ptolemy/domains/de/test/auto/FSM1.xml (RunModel)" time="0.033" />
  <testcase classname="ptolemy.util.test.junit.AutoTests" name="[28] /home/travis/build/icyphy/ptII/ptolemy/domains/de/test/auto/FSM7.xml (RunModel)" time="0.067" />
  <testcase classname="ptolemy.util.test.junit.AutoTests" name="[29] /home/travis/build/icyphy/ptII/ptolemy/domains/de/test/auto/Inspection.xml (RunModel)" time="0.05" />
  <testcase classname="ptolemy.util.test.junit.AutoTests" name="[30] /home/travis/build/icyphy/ptII/ptolemy/domains/de/test/auto/Iteration.xml (RunModel)" time="0.027" />
  <testcase classname="ptolemy.util.test.junit.AutoTests" name="[31] /home/travis/build/icyphy/ptII/ptolemy/domains/de/test/auto/LineFault.xml (RunModel)" time="0.585" />
  <testcase classname="ptolemy.util.test.junit.AutoTests" name="[32] /home/travis/build/icyphy/ptII/ptolemy/domains/de/test/auto/MergeModel1Add.xml (RunModel)" time="0.042" />
  <testcase classname="ptolemy.util.test.junit.AutoTests" name="[33] /home/travis/build/icyphy/ptII/ptolemy/domains/de/test/auto/MergeModel2Add.xml (RunModel)" time="0.036" />
  <testcase classname="ptolemy.util.test.junit.AutoTests" name="[34] /home/travis/build/icyphy/ptII/ptolemy/domains/de/test/auto/MergeModel3Add.xml (RunModel)" time="0.045" />
  <testcase classname="ptolemy.util.test.junit.AutoTests" name="[35] /home/travis/build/icyphy/ptII/ptolemy/domains/de/test/auto/MergeWithoutDiscard.xml (RunModel)" time="0.01" />
  <testcase classname="ptolemy.util.test.junit.AutoTests" name="[36] /home/travis/build/icyphy/ptII/ptolemy/domains/de/test/auto/Modal1.xml (RunModel)" time="0.031" />
  <testcase classname="ptolemy.util.test.junit.AutoTests" name="[37] /home/travis/build/icyphy/ptII/ptolemy/domains/de/test/auto/Modal2.xml (RunModel)" time="0.028" />
  <testcase classname="ptolemy.util.test.junit.AutoTests" name="[38] /home/travis/build/icyphy/ptII/ptolemy/domains/de/test/auto/Modal3.xml (RunModel)" time="0.029" />
  <testcase classname="ptolemy.util.test.junit.AutoTests" name="[39] /home/travis/build/icyphy/ptII/ptolemy/domains/de/test/auto/Modal4.xml (RunModel)" time="0.032" />
  <testcase classname="ptolemy.util.test.junit.AutoTests" name="[40] /home/travis/build/icyphy/ptII/ptolemy/domains/de/test/auto/Modal5.xml (RunModel)" time="0.028" />
  <testcase classname="ptolemy.util.test.junit.AutoTests" name="[41] /home/travis/build/icyphy/ptII/ptolemy/domains/de/test/auto/Modal6.xml (RunModel)" time="0.027" />
  <testcase classname="ptolemy.util.test.junit.AutoTests" name="[42] /home/travis/build/icyphy/ptII/ptolemy/domains/de/test/auto/Modal7.xml (RunModel)" time="0.032" />
  <testcase classname="ptolemy.util.test.junit.AutoTests" name="[43] /home/travis/build/icyphy/ptII/ptolemy/domains/de/test/auto/ModalModel.xml (RunModel)" time="0.162" />
  <testcase classname="ptolemy.util.test.junit.AutoTests" name="[44] /home/travis/build/icyphy/ptII/ptolemy/domains/de/test/auto/ModalSource.xml (RunModel)" time="0.018" />
  <testcase classname="ptolemy.util.test.junit.AutoTests" name="[45] /home/travis/build/icyphy/ptII/ptolemy/domains/de/test/auto/NonInterruptibleTimerZeroDelay.xml (RunModel)" time="0.01" />
  <testcase classname="ptolemy.util.test.junit.AutoTests" name="[46] /home/travis/build/icyphy/ptII/ptolemy/domains/de/test/auto/OpenQueueingNetwork.xml (RunModel)" time="2.221" />
  <testcase classname="ptolemy.util.test.junit.AutoTests" name="[47] /home/travis/build/icyphy/ptII/ptolemy/domains/de/test/auto/OpenQueuingNetwork.xml (RunModel)" time="0.269" />
  <testcase classname="ptolemy.util.test.junit.AutoTests" name="[48] /home/travis/build/icyphy/ptII/ptolemy/domains/de/test/auto/PeriodicSampler.xml (RunModel)" time="0.009" />
  <testcase classname="ptolemy.util.test.junit.AutoTests" name="[49] /home/travis/build/icyphy/ptII/ptolemy/domains/de/test/auto/PersistentIO.xml (RunModel)" time="0.025" />
  <testcase classname="ptolemy.util.test.junit.AutoTests" name="[50] /home/travis/build/icyphy/ptII/ptolemy/domains/de/test/auto/PortParameterResetOnInitialize.xml (RunModel)" time="0.01" />
  <testcase classname="ptolemy.util.test.junit.AutoTests" name="[51] /home/travis/build/icyphy/ptII/ptolemy/domains/de/test/auto/PortParameterUpdates.xml (RunModel)" time="0.017" />
  <testcase classname="ptolemy.util.test.junit.AutoTests" name="[52] /home/travis/build/icyphy/ptII/ptolemy/domains/de/test/auto/QueueAndServer.xml (RunModel)" time="0.021" />
  <testcase classname="ptolemy.util.test.junit.AutoTests" name="[53] /home/travis/build/icyphy/ptII/ptolemy/domains/de/test/auto/Records.xml (RunModel)" time="0.013" />
  <testcase classname="ptolemy.util.test.junit.AutoTests" name="[54] /home/travis/build/icyphy/ptII/ptolemy/domains/de/test/auto/ResetTransitionWithStartTime1.xml (RunModel)" time="0.023" />
  <testcase classname="ptolemy.util.test.junit.AutoTests" name="[55] /home/travis/build/icyphy/ptII/ptolemy/domains/de/test/auto/ResetTransitionWithStartTime2.xml (RunModel)" time="0.019" />
  <testcase classname="ptolemy.util.test.junit.AutoTests" name="[56] /home/travis/build/icyphy/ptII/ptolemy/domains/de/test/auto/ResetTransitionWithStartTime3.xml (RunModel)" time="0.023" />
  <testcase classname="ptolemy.util.test.junit.AutoTests" name="[57] /home/travis/build/icyphy/ptII/ptolemy/domains/de/test/auto/ResetTransitionWithStartTime4.xml (RunModel)" time="0.018" />
  <testcase classname="ptolemy.util.test.junit.AutoTests" name="[58] /home/travis/build/icyphy/ptII/ptolemy/domains/de/test/auto/ResettableTimer1.xml (RunModel)" time="0.011" />
  <testcase classname="ptolemy.util.test.junit.AutoTests" name="[59] /home/travis/build/icyphy/ptII/ptolemy/domains/de/test/auto/ResettableTimer2.xml (RunModel)" time="0.009" />
  <testcase classname="ptolemy.util.test.junit.AutoTests" name="[60] /home/travis/build/icyphy/ptII/ptolemy/domains/de/test/auto/ResettableTimer3.xml (RunModel)" time="0.009" />
  <testcase classname="ptolemy.util.test.junit.AutoTests" name="[61] /home/travis/build/icyphy/ptII/ptolemy/domains/de/test/auto/ResettableTimer4.xml (RunModel)" time="0.01" />
  <testcase classname="ptolemy.util.test.junit.AutoTests" name="[62] /home/travis/build/icyphy/ptII/ptolemy/domains/de/test/auto/ResettableTimer5.xml (RunModel)" time="0.009" />
  <testcase classname="ptolemy.util.test.junit.AutoTests" name="[63] /home/travis/build/icyphy/ptII/ptolemy/domains/de/test/auto/ResettableTimer6.xml (RunModel)" time="0.02" />
  <testcase classname="ptolemy.util.test.junit.AutoTests" name="[64] /home/travis/build/icyphy/ptII/ptolemy/domains/de/test/auto/ServerZeroDelay.xml (RunModel)" time="0.014" />
  <testcase classname="ptolemy.util.test.junit.AutoTests" name="[65] /home/travis/build/icyphy/ptII/ptolemy/domains/de/test/auto/SmartSender.xml (RunModel)" time="3.009" />
  <testcase classname="ptolemy.util.test.junit.AutoTests" name="[66] /home/travis/build/icyphy/ptII/ptolemy/domains/de/test/auto/ThreadedComposite.xml (RunModel)" time="3.756" />
  <testcase classname="ptolemy.util.test.junit.AutoTests" name="[67] /home/travis/build/icyphy/ptII/ptolemy/domains/de/test/auto/Time.xml (RunModel)" time="0.44" />
  <testcase classname="ptolemy.util.test.junit.AutoTests" name="[68] /home/travis/build/icyphy/ptII/ptolemy/domains/de/test/auto/TimeDelayZeroDelay.xml (RunModel)" time="0.011" />
  <testcase classname="ptolemy.util.test.junit.AutoTests" name="[69] /home/travis/build/icyphy/ptII/ptolemy/domains/de/test/auto/TimerZeroDelay.xml (RunModel)" time="0.012" />
  <testcase classname="ptolemy.util.test.junit.AutoTests" name="[70] /home/travis/build/icyphy/ptII/ptolemy/domains/de/test/auto/TimingParadox.xml (RunModel)" time="0.35" />
  <testcase classname="ptolemy.util.test.junit.AutoTests" name="[71] /home/travis/build/icyphy/ptII/ptolemy/domains/de/test/auto/TransferInputs.xml (RunModel)" time="0.013" />
  <testcase classname="ptolemy.util.test.junit.AutoTests" name="[72] /home/travis/build/icyphy/ptII/ptolemy/domains/de/test/auto/TransferOutputs2.xml (RunModel)" time="0.016" />
  <testcase classname="ptolemy.util.test.junit.AutoTests" name="[73] /home/travis/build/icyphy/ptII/ptolemy/domains/de/test/auto/Trilateration.xml (RunModel)" time="11.632" />
  <testcase classname="ptolemy.util.test.junit.AutoTests" name="[74] /home/travis/build/icyphy/ptII/ptolemy/domains/de/test/auto/TwoSigmaDelta.xml (RunModel)" time="2.002" />
  <testcase classname="ptolemy.util.test.junit.AutoTests" name="[75] /home/travis/build/icyphy/ptII/ptolemy/domains/de/test/auto/VariableDelay.xml (RunModel)" time="0.01" />
  <testcase classname="ptolemy.util.test.junit.AutoTests" name="[76] /home/travis/build/icyphy/ptII/ptolemy/domains/de/test/auto/VariableDelay2.xml (RunModel)" time="0.009" />
  <testcase classname="ptolemy.util.test.junit.AutoTests" name="[77] /home/travis/build/icyphy/ptII/ptolemy/domains/de/test/auto/VariableDelayZeroDelay.xml (RunModel)" time="0.01" />
  <testcase classname="ptolemy.util.test.junit.AutoTests" name="[78] /home/travis/build/icyphy/ptII/ptolemy/domains/de/test/auto/VariableDelayZeroDelay2.xml (RunModel)" time="0.01" />
  <testcase classname="ptolemy.util.test.junit.AutoTests" name="[79] /home/travis/build/icyphy/ptII/ptolemy/domains/de/test/auto/deInCt.xml (RunModel)" time="0.013" />
  <testcase classname="ptolemy.util.test.junit.AutoTests" name="[80] /home/travis/build/icyphy/ptII/ptolemy/domains/de/test/auto/deInCt2.xml (RunModel)" time="0.016" />
  <testcase classname="ptolemy.util.test.junit.AutoTests" name="[81] /home/travis/build/icyphy/ptII/ptolemy/domains/de/test/auto/dynamicCausalityInterface1.xml (RunModel)" time="0.017" />
  <testcase classname="ptolemy.util.test.junit.AutoTests" name="[82] /home/travis/build/icyphy/ptII/ptolemy/domains/de/test/auto/fsm_de_test.xml (RunModel)" time="0.021" />
  <testcase classname="ptolemy.util.test.junit.AutoTests" name="[83] /home/travis/build/icyphy/ptII/ptolemy/domains/de/test/auto/functionDependencyReconstruction.xml (RunModel)" time="0.031" />
  <testcase classname="ptolemy.util.test.junit.AutoTests" name="[84] /home/travis/build/icyphy/ptII/ptolemy/domains/de/test/auto/multirate.xml (RunModel)" time="0.017" />
  <testcase classname="ptolemy.util.test.junit.AutoTests" name="[85] /home/travis/build/icyphy/ptII/ptolemy/domains/de/test/auto/multirate2.xml (RunModel)" time="0.018" />
  <testcase classname="ptolemy.util.test.junit.AutoTests" name="[86] /home/travis/build/icyphy/ptII/ptolemy/domains/de/test/auto/realtime.xml (RunModel)" time="10.011" />
  <testcase classname="ptolemy.util.test.junit.AutoTests" name="[87] /home/travis/build/icyphy/ptII/ptolemy/domains/de/test/auto/relationGroup.xml (RunModel)" time="0.007" />
  <testcase classname="ptolemy.util.test.junit.AutoTests" name="[88] /home/travis/build/icyphy/ptII/ptolemy/domains/de/test/auto/relationGroup2.xml (RunModel)" time="0.008" />
  <testcase classname="ptolemy.util.test.junit.AutoTests" name="[89] /home/travis/build/icyphy/ptII/ptolemy/domains/de/test/auto/sortWithOpaquePorts.xml (RunModel)" time="0.016" />
  <testcase classname="ptolemy.util.test.junit.AutoTests" name="[90] /home/travis/build/icyphy/ptII/ptolemy/domains/de/test/auto/transferInputsandOutputs.xml (RunModel)" time="0.017" />
  <testcase classname="ptolemy.util.test.junit.AutoTests" name="[91] /home/travis/build/icyphy/ptII/ptolemy/domains/de/test/auto/triggerType.xml (RunModel)" time="0.008" />
  <system-out><![CDATA[/home/travis/build/icyphy/ptII/ptolemy/domains/de/test/DependencyLoop.tcl
testDefs.tcl: setting time out to 9000 seconds at Sun Nov 11 02:43:55 UTC 2018
15 ms. Memory: 116224K Free: 93448K (80%)
12 ms. Memory: 146944K Free: 135514K (92%)
/home/travis/build/icyphy/ptII/ptolemy/domains/de/test/RunDETestsAsQSS.tcl
Run the DE tests using ptolemy.domains.qss.test.QSSDirectorTest, which extends QSSDirector and prints a message in the constructors.
------------------ testing $PTII/ptolemy/domains/de/test/auto/knownFailedTests/dependencyLoop.xml (Known Failure) 
16 ms. Memory: 146944K Free: 132402K (90%)


==== $PTIIhome/travis/build/icyphy/ptII/ptolemy/domains/de/test/../../../../: Auto Automatic test in file $PTII/ptolemy/domains/de/test/auto/knownFailedTests/dependencyLoop.xml
==== Contents of test case:

	    # FIXME: we should use $relativeFilename here, but it
	    # might have backslashes under Windows, which causes no end
	    # of trouble.
	    createAndExecute $file
	    list {}
	
.... Test generated KNOWN error:
    while executing
ptolemy.kernel.util.IllegalActionException: Found a zero delay loop containing .dependencyLoop.original
  in .dependencyLoop and .dependencyLoop.original
	at ptolemy.actor.util.CausalityInterfaceForComposites._computeOutputPortDepth(CausalityInterfaceForComposites.java:759)
	at ptolemy.actor.util.CausalityInterfaceForComposites._computeInputDepth(CausalityInterfaceForComposites.java:696)
	at ptolemy.actor.util.CausalityInterfaceForComposites._computeOutputPortDepth(CausalityInterfaceForComposites.java:765)
	at ptolemy.actor.util.CausalityInterfaceForComposites._computeInputDepth(CausalityInterfaceForComposites.java:696)
	at ptolemy.actor.util.CausalityInterfaceForComposites._computeOutputPortDepth(CausalityInterfaceForComposites.java:765)
	at ptolemy.actor.util.CausalityInterfaceForComposites._computeInputDepth(CausalityInterfaceForComposites.java:696)
	at ptolemy.actor.util.CausalityInterfaceForComposites._computeActorDepth(CausalityInterfaceForComposites.java:532)
	at ptolemy.actor.util.CausalityInterfaceForComposites.checkForCycles(CausalityInterfaceForComposites.java:96)
	at ptolemy.domains.de.kernel.DEDirector.preinitialize(DEDirector.java:1338)
	at ptolemy.actor.CompositeActor.preinitialize(CompositeActor.java:1828)
	at ptolemy.actor.Manager.preinitializeAndResolveTypes(Manager.java:1040)
	at ptolemy.actor.Manager.initialize(Manager.java:710)
	at ptolemy.actor.Manager.execute(Manager.java:356)
	at ptolemy.actor.Manager.run(Manager.java:1263)
	at ptolemy.actor.Manager$PtolemyRunThread.run(Manager.java:1915)

    while executing
ptolemy.kernel.util.IllegalActionException: Found a zero delay loop containing .dependencyLoop.original
  in .dependencyLoop and .dependencyLoop.original
    while executing
"java::new ptolemy.moml.MoMLSimpleApplication $file
"
    (procedure "createAndExecute" line 2)
    invoked from within
"createAndExecute $file"
    ("uplevel" body line 5)
    invoked from within
"uplevel $contents_of_test"
------------------ testing $PTII/ptolemy/domains/de/test/auto/knownFailedTests/DESDFClockTest.xml (Known Failure) 
2085 ms. Memory: 146944K Free: 116608K (79%)


==== $PTIIhome/travis/build/icyphy/ptII/ptolemy/domains/de/test/../../../../: Auto Automatic test in file $PTII/ptolemy/domains/de/test/auto/knownFailedTests/DESDFClockTest.xml
==== Contents of test case:

	    # FIXME: we should use $relativeFilename here, but it
	    # might have backslashes under Windows, which causes no end
	    # of trouble.
	    createAndExecute $file
	    list {}
	
.... Test generated KNOWN error:
    while executing
ptolemy.kernel.util.IllegalActionException: Actor is not ready to fire.  Perhaps UpSample.prefire() returned false? Try debugging the actor by selecting "Listen to Actor".  Also, for SDF check moml for tokenConsumptionRate on input.
  in .DESDFClockTest.Play Bell.Copy1:SDF Director and .DESDFClockTest.Play Bell.UpSample
	at ptolemy.actor.sched.StaticSchedulingDirector.fire(StaticSchedulingDirector.java:227)
	at ptolemy.domains.sdf.kernel.SDFDirector.fire(SDFDirector.java:500)
	at ptolemy.actor.CompositeActor.fire(CompositeActor.java:455)
	at ptolemy.domains.de.kernel.DEDirector._fire(DEDirector.java:1949)
	at ptolemy.domains.de.kernel.DEDirector.fire(DEDirector.java:502)
	at ptolemy.actor.CompositeActor.fire(CompositeActor.java:455)
	at ptolemy.actor.Manager.iterate(Manager.java:851)
	at ptolemy.actor.Manager.execute(Manager.java:369)
	at ptolemy.actor.Manager.run(Manager.java:1263)
	at ptolemy.actor.Manager$PtolemyRunThread.run(Manager.java:1915)

    while executing
ptolemy.kernel.util.IllegalActionException: Actor is not ready to fire.  Perhaps UpSample.prefire() returned false? Try debugging the actor by selecting "Listen to Actor".  Also, for SDF check moml for tokenConsumptionRate on input.
  in .DESDFClockTest.Play Bell.Copy1:SDF Director and .DESDFClockTest.Play Bell.UpSample
    while executing
"java::new ptolemy.moml.MoMLSimpleApplication $file
"
    (procedure "createAndExecute" line 2)
    invoked from within
"createAndExecute $file"
    ("uplevel" body line 5)
    invoked from within
"uplevel $contents_of_test"
------------------ testing $PTII/ptolemy/domains/de/test/auto/knownFailedTests/FSMSource.xml (Known Failure) 
31 ms. Memory: 146944K Free: 107689K (73%)
!!!! Auto was marked as failing, but now passes
------------------ testing $PTII/ptolemy/domains/de/test/auto/knownFailedTests/dependencyLoop2.xml (Known Failure) 
6 ms. Memory: 146944K Free: 105806K (72%)


==== $PTIIhome/travis/build/icyphy/ptII/ptolemy/domains/de/test/../../../../: Auto Automatic test in file $PTII/ptolemy/domains/de/test/auto/knownFailedTests/dependencyLoop2.xml
==== Contents of test case:

	    # FIXME: we should use $relativeFilename here, but it
	    # might have backslashes under Windows, which causes no end
	    # of trouble.
	    createAndExecute $file
	    list {}
	
.... Test generated KNOWN error:
    while executing
ptolemy.kernel.util.IllegalActionException: Found a zero delay loop containing .dependencyLoop2.original
  in .dependencyLoop2 and .dependencyLoop2.original
	at ptolemy.actor.util.CausalityInterfaceForComposites._computeOutputPortDepth(CausalityInterfaceForComposites.java:759)
	at ptolemy.actor.util.CausalityInterfaceForComposites._computeInputDepth(CausalityInterfaceForComposites.java:696)
	at ptolemy.actor.util.CausalityInterfaceForComposites._computeOutputPortDepth(CausalityInterfaceForComposites.java:765)
	at ptolemy.actor.util.CausalityInterfaceForComposites._computeInputDepth(CausalityInterfaceForComposites.java:696)
	at ptolemy.actor.util.CausalityInterfaceForComposites._computeOutputPortDepth(CausalityInterfaceForComposites.java:765)
	at ptolemy.actor.util.CausalityInterfaceForComposites._computeInputDepth(CausalityInterfaceForComposites.java:696)
	at ptolemy.actor.util.CausalityInterfaceForComposites._computeActorDepth(CausalityInterfaceForComposites.java:532)
	at ptolemy.actor.util.CausalityInterfaceForComposites.checkForCycles(CausalityInterfaceForComposites.java:96)
	at ptolemy.domains.de.kernel.DEDirector.preinitialize(DEDirector.java:1338)
	at ptolemy.actor.CompositeActor.preinitialize(CompositeActor.java:1828)
	at ptolemy.actor.Manager.preinitializeAndResolveTypes(Manager.java:1040)
	at ptolemy.actor.Manager.initialize(Manager.java:710)
	at ptolemy.actor.Manager.execute(Manager.java:356)
	at ptolemy.actor.Manager.run(Manager.java:1263)
	at ptolemy.actor.Manager$PtolemyRunThread.run(Manager.java:1915)

    while executing
ptolemy.kernel.util.IllegalActionException: Found a zero delay loop containing .dependencyLoop2.original
  in .dependencyLoop2 and .dependencyLoop2.original
    while executing
"java::new ptolemy.moml.MoMLSimpleApplication $file
"
    (procedure "createAndExecute" line 2)
    invoked from within
"createAndExecute $file"
    ("uplevel" body line 5)
    invoked from within
"uplevel $contents_of_test"
------------------ testing $PTII/ptolemy/domains/de/test/auto/knownFailedTests/HierarchicalModel.xml (Known Failure) 
13 ms. Memory: 146944K Free: 84246K (57%)


==== $PTIIhome/travis/build/icyphy/ptII/ptolemy/domains/de/test/../../../../: Auto Automatic test in file $PTII/ptolemy/domains/de/test/auto/knownFailedTests/HierarchicalModel.xml
==== Contents of test case:

	    # FIXME: we should use $relativeFilename here, but it
	    # might have backslashes under Windows, which causes no end
	    # of trouble.
	    createAndExecute $file
	    list {}
	
.... Test generated KNOWN error:
    while executing
ptolemy.kernel.util.IllegalActionException: Found a zero delay loop containing .HierarchicalModel.A
  in .HierarchicalModel and .HierarchicalModel.A
	at ptolemy.actor.util.CausalityInterfaceForComposites._computeOutputPortDepth(CausalityInterfaceForComposites.java:759)
	at ptolemy.actor.util.CausalityInterfaceForComposites._computeInputDepth(CausalityInterfaceForComposites.java:696)
	at ptolemy.actor.util.CausalityInterfaceForComposites._computeOutputPortDepth(CausalityInterfaceForComposites.java:765)
	at ptolemy.actor.util.CausalityInterfaceForComposites._computeInputDepth(CausalityInterfaceForComposites.java:696)
	at ptolemy.actor.util.CausalityInterfaceForComposites._computeOutputPortDepth(CausalityInterfaceForComposites.java:765)
	at ptolemy.actor.util.CausalityInterfaceForComposites._computeInputDepth(CausalityInterfaceForComposites.java:696)
	at ptolemy.actor.util.CausalityInterfaceForComposites._computeActorDepth(CausalityInterfaceForComposites.java:532)
	at ptolemy.actor.util.CausalityInterfaceForComposites.checkForCycles(CausalityInterfaceForComposites.java:96)
	at ptolemy.domains.de.kernel.DEDirector.preinitialize(DEDirector.java:1338)
	at ptolemy.actor.CompositeActor.preinitialize(CompositeActor.java:1828)
	at ptolemy.actor.Manager.preinitializeAndResolveTypes(Manager.java:1040)
	at ptolemy.actor.Manager.initialize(Manager.java:710)
	at ptolemy.actor.Manager.execute(Manager.java:356)
	at ptolemy.actor.Manager.run(Manager.java:1263)
	at ptolemy.actor.Manager$PtolemyRunThread.run(Manager.java:1915)

    while executing
ptolemy.kernel.util.IllegalActionException: Found a zero delay loop containing .HierarchicalModel.A
  in .HierarchicalModel and .HierarchicalModel.A
    while executing
"java::new ptolemy.moml.MoMLSimpleApplication $file
"
    (procedure "createAndExecute" line 2)
    invoked from within
"createAndExecute $file"
    ("uplevel" body line 5)
    invoked from within
"uplevel $contents_of_test"
------------------ testing $PTII/ptolemy/domains/de/test/auto/knownFailedTests/DirectFeedback.xml (Known Failure) 
12 ms. Memory: 146944K Free: 141374K (96%)


==== $PTIIhome/travis/build/icyphy/ptII/ptolemy/domains/de/test/../../../../: Auto Automatic test in file $PTII/ptolemy/domains/de/test/auto/knownFailedTests/DirectFeedback.xml
==== Contents of test case:

	    # FIXME: we should use $relativeFilename here, but it
	    # might have backslashes under Windows, which causes no end
	    # of trouble.
	    createAndExecute $file
	    list {}
	
.... Test generated KNOWN error:
    while executing
ptolemy.kernel.util.IllegalActionException: Test fails in iteration 1.
Value was: 1.0. Should have been: 2.0
  in .DirectFeedback.Test
	at ptolemy.actor.lib.Test.fire(Test.java:268)
	at ptolemy.domains.de.kernel.DEDirector._fire(DEDirector.java:1949)
	at ptolemy.domains.de.kernel.DEDirector.fire(DEDirector.java:502)
	at ptolemy.actor.CompositeActor.fire(CompositeActor.java:455)
	at ptolemy.actor.Manager.iterate(Manager.java:851)
	at ptolemy.actor.Manager.execute(Manager.java:369)
	at ptolemy.actor.Manager.run(Manager.java:1263)
	at ptolemy.actor.Manager$PtolemyRunThread.run(Manager.java:1915)

    while executing
ptolemy.kernel.util.IllegalActionException: Test fails in iteration 1.
Value was: 1.0. Should have been: 2.0
  in .DirectFeedback.Test
    while executing
"java::new ptolemy.moml.MoMLSimpleApplication $file
"
    (procedure "createAndExecute" line 2)
    invoked from within
"createAndExecute $file"
    ("uplevel" body line 5)
    invoked from within
"uplevel $contents_of_test"
------------------ testing $PTII/ptolemy/domains/de/test/auto/ActorDepthCalculation_actorWithoutPorts.xml
auto.tcl: Setting watchdog for 200 seconds at Sun Nov 11 02:43:59 UTC 2018
11 ms. Memory: 146944K Free: 132413K (90%)
ptolemy.util.test.WatchDog.cancel(): canceling Sun Nov 11 02:43:59 UTC 2018
auto.tcl: Setting watchdog for 200 seconds at Sun Nov 11 02:43:59 UTC 2018
4 ms. Memory: 146944K Free: 131372K (89%)
ptolemy.util.test.WatchDog.cancel(): canceling Sun Nov 11 02:43:59 UTC 2018
------------------ testing $PTII/ptolemy/domains/de/test/auto/AssemblyLine.xml
auto.tcl: Setting watchdog for 200 seconds at Sun Nov 11 02:43:59 UTC 2018
16 ms. Memory: 208384K Free: 182827K (88%)
ptolemy.util.test.WatchDog.cancel(): canceling Sun Nov 11 02:43:59 UTC 2018
auto.tcl: Setting watchdog for 200 seconds at Sun Nov 11 02:43:59 UTC 2018
5 ms. Memory: 208384K Free: 182827K (88%)
ptolemy.util.test.WatchDog.cancel(): canceling Sun Nov 11 02:43:59 UTC 2018
------------------ testing $PTII/ptolemy/domains/de/test/auto/CQBug1.xml
auto.tcl: Setting watchdog for 200 seconds at Sun Nov 11 02:43:59 UTC 2018
3 ms. Memory: 208384K Free: 197706K (95%)
ptolemy.util.test.WatchDog.cancel(): canceling Sun Nov 11 02:43:59 UTC 2018
auto.tcl: Setting watchdog for 200 seconds at Sun Nov 11 02:43:59 UTC 2018
2 ms. Memory: 208384K Free: 197706K (95%)
ptolemy.util.test.WatchDog.cancel(): canceling Sun Nov 11 02:43:59 UTC 2018
------------------ testing $PTII/ptolemy/domains/de/test/auto/CancelFireAt.xml
auto.tcl: Setting watchdog for 200 seconds at Sun Nov 11 02:43:59 UTC 2018
4 ms. Memory: 208384K Free: 201429K (97%)
ptolemy.util.test.WatchDog.cancel(): canceling Sun Nov 11 02:43:59 UTC 2018
auto.tcl: Setting watchdog for 200 seconds at Sun Nov 11 02:43:59 UTC 2018
4 ms. Memory: 208384K Free: 199326K (96%)
ptolemy.util.test.WatchDog.cancel(): canceling Sun Nov 11 02:43:59 UTC 2018
------------------ testing $PTII/ptolemy/domains/de/test/auto/CausalityAndComposabilityAnalysis.xml
auto.tcl: Setting watchdog for 200 seconds at Sun Nov 11 02:44:00 UTC 2018
20 ms. Memory: 208384K Free: 196483K (94%)
ptolemy.util.test.WatchDog.cancel(): canceling Sun Nov 11 02:44:00 UTC 2018
auto.tcl: Setting watchdog for 200 seconds at Sun Nov 11 02:44:00 UTC 2018
6 ms. Memory: 208384K Free: 196483K (94%)
ptolemy.util.test.WatchDog.cancel(): canceling Sun Nov 11 02:44:00 UTC 2018
------------------ testing $PTII/ptolemy/domains/de/test/auto/CausalityInterface1.xml
auto.tcl: Setting watchdog for 200 seconds at Sun Nov 11 02:44:00 UTC 2018
8 ms. Memory: 208384K Free: 196419K (94%)
ptolemy.util.test.WatchDog.cancel(): canceling Sun Nov 11 02:44:00 UTC 2018
auto.tcl: Setting watchdog for 200 seconds at Sun Nov 11 02:44:00 UTC 2018
8 ms. Memory: 208384K Free: 196419K (94%)
ptolemy.util.test.WatchDog.cancel(): canceling Sun Nov 11 02:44:00 UTC 2018
------------------ testing $PTII/ptolemy/domains/de/test/auto/CausalityInterface15.xml
auto.tcl: Setting watchdog for 200 seconds at Sun Nov 11 02:44:00 UTC 2018
19 ms. Memory: 208384K Free: 196410K (94%)
ptolemy.util.test.WatchDog.cancel(): canceling Sun Nov 11 02:44:00 UTC 2018
auto.tcl: Setting watchdog for 200 seconds at Sun Nov 11 02:44:00 UTC 2018
6 ms. Memory: 208384K Free: 196410K (94%)
ptolemy.util.test.WatchDog.cancel(): canceling Sun Nov 11 02:44:00 UTC 2018
------------------ testing $PTII/ptolemy/domains/de/test/auto/CausalityInterface2.xml
auto.tcl: Setting watchdog for 200 seconds at Sun Nov 11 02:44:00 UTC 2018
11 ms. Memory: 208384K Free: 196393K (94%)
ptolemy.util.test.WatchDog.cancel(): canceling Sun Nov 11 02:44:00 UTC 2018
auto.tcl: Setting watchdog for 200 seconds at Sun Nov 11 02:44:00 UTC 2018
3 ms. Memory: 208384K Free: 196393K (94%)
ptolemy.util.test.WatchDog.cancel(): canceling Sun Nov 11 02:44:00 UTC 2018
------------------ testing $PTII/ptolemy/domains/de/test/auto/CausalityInterface3.xml
auto.tcl: Setting watchdog for 200 seconds at Sun Nov 11 02:44:00 UTC 2018
7 ms. Memory: 208384K Free: 196406K (94%)
ptolemy.util.test.WatchDog.cancel(): canceling Sun Nov 11 02:44:00 UTC 2018
auto.tcl: Setting watchdog for 200 seconds at Sun Nov 11 02:44:00 UTC 2018
7 ms. Memory: 208384K Free: 196406K (94%)
ptolemy.util.test.WatchDog.cancel(): canceling Sun Nov 11 02:44:00 UTC 2018
------------------ testing $PTII/ptolemy/domains/de/test/auto/ClockDrift.xml
auto.tcl: Setting watchdog for 200 seconds at Sun Nov 11 02:44:00 UTC 2018
104 ms. Memory: 208384K Free: 187531K (90%)
ptolemy.util.test.WatchDog.cancel(): canceling Sun Nov 11 02:44:00 UTC 2018
auto.tcl: Setting watchdog for 200 seconds at Sun Nov 11 02:44:00 UTC 2018
68 ms. Memory: 208384K Free: 185428K (89%)
ptolemy.util.test.WatchDog.cancel(): canceling Sun Nov 11 02:44:00 UTC 2018
------------------ testing $PTII/ptolemy/domains/de/test/auto/ClockDriftAndValueChange.xml
auto.tcl: Setting watchdog for 200 seconds at Sun Nov 11 02:44:00 UTC 2018
52 ms. Memory: 208384K Free: 187363K (90%)
ptolemy.util.test.WatchDog.cancel(): canceling Sun Nov 11 02:44:01 UTC 2018
auto.tcl: Setting watchdog for 200 seconds at Sun Nov 11 02:44:01 UTC 2018
32 ms. Memory: 208384K Free: 185260K (89%)
ptolemy.util.test.WatchDog.cancel(): canceling Sun Nov 11 02:44:01 UTC 2018
------------------ testing $PTII/ptolemy/domains/de/test/auto/ClockDriftChange.xml
auto.tcl: Setting watchdog for 200 seconds at Sun Nov 11 02:44:01 UTC 2018
36 ms. Memory: 208384K Free: 190682K (92%)
ptolemy.util.test.WatchDog.cancel(): canceling Sun Nov 11 02:44:01 UTC 2018
auto.tcl: Setting watchdog for 200 seconds at Sun Nov 11 02:44:01 UTC 2018
25 ms. Memory: 208384K Free: 188579K (90%)
ptolemy.util.test.WatchDog.cancel(): canceling Sun Nov 11 02:44:01 UTC 2018
------------------ testing $PTII/ptolemy/domains/de/test/auto/ComposableCausalityAnalysis.xml
auto.tcl: Setting watchdog for 200 seconds at Sun Nov 11 02:44:01 UTC 2018
2 ms. Memory: 208384K Free: 196156K (94%)
ptolemy.util.test.WatchDog.cancel(): canceling Sun Nov 11 02:44:01 UTC 2018
auto.tcl: Setting watchdog for 200 seconds at Sun Nov 11 02:44:01 UTC 2018
2 ms. Memory: 208384K Free: 194053K (93%)
ptolemy.util.test.WatchDog.cancel(): canceling Sun Nov 11 02:44:01 UTC 2018
------------------ testing $PTII/ptolemy/domains/de/test/auto/DEFixedPointLimitation.xml
auto.tcl: Setting watchdog for 200 seconds at Sun Nov 11 02:44:01 UTC 2018
2 ms. Memory: 208384K Free: 196237K (94%)
ptolemy.util.test.WatchDog.cancel(): canceling Sun Nov 11 02:44:01 UTC 2018
auto.tcl: Setting watchdog for 200 seconds at Sun Nov 11 02:44:01 UTC 2018
1 ms. Memory: 208384K Free: 196237K (94%)
ptolemy.util.test.WatchDog.cancel(): canceling Sun Nov 11 02:44:01 UTC 2018
------------------ testing $PTII/ptolemy/domains/de/test/auto/DEScheduleTest.xml
auto.tcl: Setting watchdog for 200 seconds at Sun Nov 11 02:44:01 UTC 2018
5 ms. Memory: 208384K Free: 198376K (95%)
ptolemy.util.test.WatchDog.cancel(): canceling Sun Nov 11 02:44:01 UTC 2018
auto.tcl: Setting watchdog for 200 seconds at Sun Nov 11 02:44:01 UTC 2018
3 ms. Memory: 208384K Free: 196273K (94%)
ptolemy.util.test.WatchDog.cancel(): canceling Sun Nov 11 02:44:01 UTC 2018
------------------ testing $PTII/ptolemy/domains/de/test/auto/DEinDEwithStartTimes.xml
auto.tcl: Setting watchdog for 200 seconds at Sun Nov 11 02:44:01 UTC 2018
4 ms. Memory: 208384K Free: 196242K (94%)
ptolemy.util.test.WatchDog.cancel(): canceling Sun Nov 11 02:44:01 UTC 2018
auto.tcl: Setting watchdog for 200 seconds at Sun Nov 11 02:44:01 UTC 2018
5 ms. Memory: 208384K Free: 194139K (93%)
ptolemy.util.test.WatchDog.cancel(): canceling Sun Nov 11 02:44:01 UTC 2018
------------------ testing $PTII/ptolemy/domains/de/test/auto/DEinDEwithStartTimes2.xml
auto.tcl: Setting watchdog for 200 seconds at Sun Nov 11 02:44:01 UTC 2018
6 ms. Memory: 208384K Free: 196560K (94%)
ptolemy.util.test.WatchDog.cancel(): canceling Sun Nov 11 02:44:01 UTC 2018
auto.tcl: Setting watchdog for 200 seconds at Sun Nov 11 02:44:01 UTC 2018
5 ms. Memory: 208384K Free: 194119K (93%)
ptolemy.util.test.WatchDog.cancel(): canceling Sun Nov 11 02:44:01 UTC 2018
------------------ testing $PTII/ptolemy/domains/de/test/auto/DateDemo.xml
auto.tcl: Setting watchdog for 200 seconds at Sun Nov 11 02:44:01 UTC 2018
14 ms. Memory: 208384K Free: 188642K (91%)
ptolemy.util.test.WatchDog.cancel(): canceling Sun Nov 11 02:44:01 UTC 2018
auto.tcl: Setting watchdog for 200 seconds at Sun Nov 11 02:44:01 UTC 2018
6 ms. Memory: 208384K Free: 186539K (90%)
ptolemy.util.test.WatchDog.cancel(): canceling Sun Nov 11 02:44:01 UTC 2018
------------------ testing $PTII/ptolemy/domains/de/test/auto/DateToEvent.xml
auto.tcl: Setting watchdog for 200 seconds at Sun Nov 11 02:44:01 UTC 2018
2020 ms. Memory: 208384K Free: 183355K (88%)
ptolemy.util.test.WatchDog.cancel(): canceling Sun Nov 11 02:44:04 UTC 2018
auto.tcl: Setting watchdog for 200 seconds at Sun Nov 11 02:44:04 UTC 2018
2009 ms. Memory: 208384K Free: 180897K (87%)
ptolemy.util.test.WatchDog.cancel(): canceling Sun Nov 11 02:44:06 UTC 2018
------------------ testing $PTII/ptolemy/domains/de/test/auto/DepthTest1.xml
auto.tcl: Setting watchdog for 200 seconds at Sun Nov 11 02:44:06 UTC 2018
3 ms. Memory: 208384K Free: 198241K (95%)
ptolemy.util.test.WatchDog.cancel(): canceling Sun Nov 11 02:44:06 UTC 2018
auto.tcl: Setting watchdog for 200 seconds at Sun Nov 11 02:44:06 UTC 2018
2 ms. Memory: 208384K Free: 198241K (95%)
ptolemy.util.test.WatchDog.cancel(): canceling Sun Nov 11 02:44:06 UTC 2018
------------------ testing $PTII/ptolemy/domains/de/test/auto/DepthTest2.xml
auto.tcl: Setting watchdog for 200 seconds at Sun Nov 11 02:44:06 UTC 2018
9 ms. Memory: 208384K Free: 194437K (93%)
ptolemy.util.test.WatchDog.cancel(): canceling Sun Nov 11 02:44:06 UTC 2018
auto.tcl: Setting watchdog for 200 seconds at Sun Nov 11 02:44:06 UTC 2018
7 ms. Memory: 208384K Free: 194437K (93%)
ptolemy.util.test.WatchDog.cancel(): canceling Sun Nov 11 02:44:06 UTC 2018
------------------ testing $PTII/ptolemy/domains/de/test/auto/DepthTest3.xml
auto.tcl: Setting watchdog for 200 seconds at Sun Nov 11 02:44:06 UTC 2018
6 ms. Memory: 208384K Free: 198577K (95%)
ptolemy.util.test.WatchDog.cancel(): canceling Sun Nov 11 02:44:06 UTC 2018
auto.tcl: Setting watchdog for 200 seconds at Sun Nov 11 02:44:06 UTC 2018
2 ms. Memory: 208384K Free: 198577K (95%)
ptolemy.util.test.WatchDog.cancel(): canceling Sun Nov 11 02:44:06 UTC 2018
------------------ testing $PTII/ptolemy/domains/de/test/auto/DepthTest4.xml
auto.tcl: Setting watchdog for 200 seconds at Sun Nov 11 02:44:06 UTC 2018
3 ms. Memory: 208384K Free: 194995K (94%)
ptolemy.util.test.WatchDog.cancel(): canceling Sun Nov 11 02:44:06 UTC 2018
auto.tcl: Setting watchdog for 200 seconds at Sun Nov 11 02:44:06 UTC 2018
2 ms. Memory: 208384K Free: 194995K (94%)
ptolemy.util.test.WatchDog.cancel(): canceling Sun Nov 11 02:44:06 UTC 2018
------------------ testing $PTII/ptolemy/domains/de/test/auto/DepthTest5.xml
auto.tcl: Setting watchdog for 200 seconds at Sun Nov 11 02:44:06 UTC 2018
6 ms. Memory: 208384K Free: 196171K (94%)
ptolemy.util.test.WatchDog.cancel(): canceling Sun Nov 11 02:44:06 UTC 2018
auto.tcl: Setting watchdog for 200 seconds at Sun Nov 11 02:44:06 UTC 2018
2 ms. Memory: 208384K Free: 196171K (94%)
ptolemy.util.test.WatchDog.cancel(): canceling Sun Nov 11 02:44:06 UTC 2018
------------------ testing $PTII/ptolemy/domains/de/test/auto/DepthTest6.xml
auto.tcl: Setting watchdog for 200 seconds at Sun Nov 11 02:44:06 UTC 2018
10 ms. Memory: 208384K Free: 196485K (94%)
ptolemy.util.test.WatchDog.cancel(): canceling Sun Nov 11 02:44:06 UTC 2018
auto.tcl: Setting watchdog for 200 seconds at Sun Nov 11 02:44:06 UTC 2018
2 ms. Memory: 208384K Free: 196485K (94%)
ptolemy.util.test.WatchDog.cancel(): canceling Sun Nov 11 02:44:06 UTC 2018
------------------ testing $PTII/ptolemy/domains/de/test/auto/DepthTest7.xml
auto.tcl: Setting watchdog for 200 seconds at Sun Nov 11 02:44:06 UTC 2018
3 ms. Memory: 208384K Free: 196128K (94%)
ptolemy.util.test.WatchDog.cancel(): canceling Sun Nov 11 02:44:06 UTC 2018
auto.tcl: Setting watchdog for 200 seconds at Sun Nov 11 02:44:06 UTC 2018
2 ms. Memory: 208384K Free: 196128K (94%)
ptolemy.util.test.WatchDog.cancel(): canceling Sun Nov 11 02:44:06 UTC 2018
------------------ testing $PTII/ptolemy/domains/de/test/auto/EventToDate.xml
auto.tcl: Setting watchdog for 200 seconds at Sun Nov 11 02:44:06 UTC 2018
3005 ms. Memory: 208384K Free: 185632K (89%)
ptolemy.util.test.WatchDog.cancel(): canceling Sun Nov 11 02:44:09 UTC 2018
auto.tcl: Setting watchdog for 200 seconds at Sun Nov 11 02:44:09 UTC 2018
3003 ms. Memory: 208384K Free: 185632K (89%)
ptolemy.util.test.WatchDog.cancel(): canceling Sun Nov 11 02:44:12 UTC 2018
------------------ testing $PTII/ptolemy/domains/de/test/auto/FSM1.xml
auto.tcl: Setting watchdog for 200 seconds at Sun Nov 11 02:44:12 UTC 2018
34 ms. Memory: 208384K Free: 189173K (91%)
ptolemy.util.test.WatchDog.cancel(): canceling Sun Nov 11 02:44:12 UTC 2018
auto.tcl: Setting watchdog for 200 seconds at Sun Nov 11 02:44:12 UTC 2018
13 ms. Memory: 208384K Free: 184967K (89%)
ptolemy.util.test.WatchDog.cancel(): canceling Sun Nov 11 02:44:12 UTC 2018
------------------ testing $PTII/ptolemy/domains/de/test/auto/FSM7.xml
auto.tcl: Setting watchdog for 200 seconds at Sun Nov 11 02:44:12 UTC 2018
13 ms. Memory: 208384K Free: 187273K (90%)
ptolemy.util.test.WatchDog.cancel(): canceling Sun Nov 11 02:44:12 UTC 2018
auto.tcl: Setting watchdog for 200 seconds at Sun Nov 11 02:44:12 UTC 2018
13 ms. Memory: 208384K Free: 185170K (89%)
ptolemy.util.test.WatchDog.cancel(): canceling Sun Nov 11 02:44:12 UTC 2018
------------------ testing $PTII/ptolemy/domains/de/test/auto/Inspection.xml
auto.tcl: Setting watchdog for 200 seconds at Sun Nov 11 02:44:12 UTC 2018
46 ms. Memory: 208384K Free: 188825K (91%)
ptolemy.util.test.WatchDog.cancel(): canceling Sun Nov 11 02:44:13 UTC 2018
auto.tcl: Setting watchdog for 200 seconds at Sun Nov 11 02:44:13 UTC 2018
27 ms. Memory: 208384K Free: 186722K (90%)
ptolemy.util.test.WatchDog.cancel(): canceling Sun Nov 11 02:44:13 UTC 2018
------------------ testing $PTII/ptolemy/domains/de/test/auto/Iteration.xml
auto.tcl: Setting watchdog for 200 seconds at Sun Nov 11 02:44:13 UTC 2018
8 ms. Memory: 208384K Free: 195935K (94%)
ptolemy.util.test.WatchDog.cancel(): canceling Sun Nov 11 02:44:13 UTC 2018
auto.tcl: Setting watchdog for 200 seconds at Sun Nov 11 02:44:13 UTC 2018
7 ms. Memory: 208384K Free: 193832K (93%)
ptolemy.util.test.WatchDog.cancel(): canceling Sun Nov 11 02:44:13 UTC 2018
------------------ testing $PTII/ptolemy/domains/de/test/auto/LineFault.xml
auto.tcl: Setting watchdog for 200 seconds at Sun Nov 11 02:44:13 UTC 2018
805 ms. Memory: 208384K Free: 196081K (94%)
ptolemy.util.test.WatchDog.cancel(): canceling Sun Nov 11 02:44:14 UTC 2018
auto.tcl: Setting watchdog for 200 seconds at Sun Nov 11 02:44:14 UTC 2018
610 ms. Memory: 208384K Free: 138661K (67%)
ptolemy.util.test.WatchDog.cancel(): canceling Sun Nov 11 02:44:14 UTC 2018
------------------ testing $PTII/ptolemy/domains/de/test/auto/MergeModel1Add.xml
auto.tcl: Setting watchdog for 200 seconds at Sun Nov 11 02:44:14 UTC 2018
32 ms. Memory: 331264K Free: 298758K (90%)
ptolemy.util.test.WatchDog.cancel(): canceling Sun Nov 11 02:44:15 UTC 2018
auto.tcl: Setting watchdog for 200 seconds at Sun Nov 11 02:44:15 UTC 2018
11 ms. Memory: 331264K Free: 298758K (90%)
ptolemy.util.test.WatchDog.cancel(): canceling Sun Nov 11 02:44:15 UTC 2018
------------------ testing $PTII/ptolemy/domains/de/test/auto/MergeModel2Add.xml
auto.tcl: Setting watchdog for 200 seconds at Sun Nov 11 02:44:15 UTC 2018
13 ms. Memory: 331264K Free: 304043K (92%)
ptolemy.util.test.WatchDog.cancel(): canceling Sun Nov 11 02:44:15 UTC 2018
auto.tcl: Setting watchdog for 200 seconds at Sun Nov 11 02:44:15 UTC 2018
8 ms. Memory: 331264K Free: 300096K (91%)
ptolemy.util.test.WatchDog.cancel(): canceling Sun Nov 11 02:44:15 UTC 2018
------------------ testing $PTII/ptolemy/domains/de/test/auto/MergeModel3Add.xml
auto.tcl: Setting watchdog for 200 seconds at Sun Nov 11 02:44:15 UTC 2018
11 ms. Memory: 331264K Free: 304054K (92%)
ptolemy.util.test.WatchDog.cancel(): canceling Sun Nov 11 02:44:15 UTC 2018
auto.tcl: Setting watchdog for 200 seconds at Sun Nov 11 02:44:15 UTC 2018
10 ms. Memory: 331264K Free: 300107K (91%)
ptolemy.util.test.WatchDog.cancel(): canceling Sun Nov 11 02:44:15 UTC 2018
------------------ testing $PTII/ptolemy/domains/de/test/auto/MergeWithoutDiscard.xml
auto.tcl: Setting watchdog for 200 seconds at Sun Nov 11 02:44:15 UTC 2018
3 ms. Memory: 331264K Free: 320127K (97%)
ptolemy.util.test.WatchDog.cancel(): canceling Sun Nov 11 02:44:15 UTC 2018
auto.tcl: Setting watchdog for 200 seconds at Sun Nov 11 02:44:15 UTC 2018
1 ms. Memory: 331264K Free: 315894K (95%)
ptolemy.util.test.WatchDog.cancel(): canceling Sun Nov 11 02:44:15 UTC 2018
------------------ testing $PTII/ptolemy/domains/de/test/auto/Modal1.xml
auto.tcl: Setting watchdog for 200 seconds at Sun Nov 11 02:44:15 UTC 2018
20 ms. Memory: 331264K Free: 309787K (94%)
ptolemy.util.test.WatchDog.cancel(): canceling Sun Nov 11 02:44:15 UTC 2018
auto.tcl: Setting watchdog for 200 seconds at Sun Nov 11 02:44:15 UTC 2018
20 ms. Memory: 331264K Free: 305839K (92%)
ptolemy.util.test.WatchDog.cancel(): canceling Sun Nov 11 02:44:15 UTC 2018
------------------ testing $PTII/ptolemy/domains/de/test/auto/Modal2.xml
auto.tcl: Setting watchdog for 200 seconds at Sun Nov 11 02:44:15 UTC 2018
17 ms. Memory: 331264K Free: 309667K (93%)
ptolemy.util.test.WatchDog.cancel(): canceling Sun Nov 11 02:44:15 UTC 2018
auto.tcl: Setting watchdog for 200 seconds at Sun Nov 11 02:44:15 UTC 2018
20 ms. Memory: 331264K Free: 305719K (92%)
ptolemy.util.test.WatchDog.cancel(): canceling Sun Nov 11 02:44:15 UTC 2018
------------------ testing $PTII/ptolemy/domains/de/test/auto/Modal3.xml
auto.tcl: Setting watchdog for 200 seconds at Sun Nov 11 02:44:15 UTC 2018
20 ms. Memory: 331264K Free: 309943K (94%)
ptolemy.util.test.WatchDog.cancel(): canceling Sun Nov 11 02:44:15 UTC 2018
auto.tcl: Setting watchdog for 200 seconds at Sun Nov 11 02:44:15 UTC 2018
15 ms. Memory: 331264K Free: 305710K (92%)
ptolemy.util.test.WatchDog.cancel(): canceling Sun Nov 11 02:44:15 UTC 2018
------------------ testing $PTII/ptolemy/domains/de/test/auto/Modal4.xml
auto.tcl: Setting watchdog for 200 seconds at Sun Nov 11 02:44:15 UTC 2018
17 ms. Memory: 331264K Free: 309671K (93%)
ptolemy.util.test.WatchDog.cancel(): canceling Sun Nov 11 02:44:15 UTC 2018
auto.tcl: Setting watchdog for 200 seconds at Sun Nov 11 02:44:15 UTC 2018
20 ms. Memory: 331264K Free: 305723K (92%)
ptolemy.util.test.WatchDog.cancel(): canceling Sun Nov 11 02:44:15 UTC 2018
------------------ testing $PTII/ptolemy/domains/de/test/auto/Modal5.xml
auto.tcl: Setting watchdog for 200 seconds at Sun Nov 11 02:44:15 UTC 2018
15 ms. Memory: 331264K Free: 309658K (93%)
ptolemy.util.test.WatchDog.cancel(): canceling Sun Nov 11 02:44:16 UTC 2018
auto.tcl: Setting watchdog for 200 seconds at Sun Nov 11 02:44:16 UTC 2018
13 ms. Memory: 331264K Free: 305711K (92%)
ptolemy.util.test.WatchDog.cancel(): canceling Sun Nov 11 02:44:16 UTC 2018
------------------ testing $PTII/ptolemy/domains/de/test/auto/Modal6.xml
auto.tcl: Setting watchdog for 200 seconds at Sun Nov 11 02:44:16 UTC 2018
11 ms. Memory: 331264K Free: 309655K (93%)
ptolemy.util.test.WatchDog.cancel(): canceling Sun Nov 11 02:44:16 UTC 2018
auto.tcl: Setting watchdog for 200 seconds at Sun Nov 11 02:44:16 UTC 2018
13 ms. Memory: 331264K Free: 305708K (92%)
ptolemy.util.test.WatchDog.cancel(): canceling Sun Nov 11 02:44:16 UTC 2018
------------------ testing $PTII/ptolemy/domains/de/test/auto/Modal7.xml
auto.tcl: Setting watchdog for 200 seconds at Sun Nov 11 02:44:16 UTC 2018
9 ms. Memory: 331264K Free: 309655K (93%)
ptolemy.util.test.WatchDog.cancel(): canceling Sun Nov 11 02:44:16 UTC 2018
auto.tcl: Setting watchdog for 200 seconds at Sun Nov 11 02:44:16 UTC 2018
11 ms. Memory: 331264K Free: 305708K (92%)
ptolemy.util.test.WatchDog.cancel(): canceling Sun Nov 11 02:44:16 UTC 2018
------------------ testing $PTII/ptolemy/domains/de/test/auto/ModalModel.xml
auto.tcl: Setting watchdog for 200 seconds at Sun Nov 11 02:44:16 UTC 2018
173 ms. Memory: 331264K Free: 246171K (74%)
ptolemy.util.test.WatchDog.cancel(): canceling Sun Nov 11 02:44:16 UTC 2018
auto.tcl: Setting watchdog for 200 seconds at Sun Nov 11 02:44:16 UTC 2018
188 ms. Memory: 331264K Free: 190906K (58%)
ptolemy.util.test.WatchDog.cancel(): canceling Sun Nov 11 02:44:16 UTC 2018
------------------ testing $PTII/ptolemy/domains/de/test/auto/ModalSource.xml
auto.tcl: Setting watchdog for 200 seconds at Sun Nov 11 02:44:16 UTC 2018
6 ms. Memory: 331264K Free: 316442K (96%)
ptolemy.util.test.WatchDog.cancel(): canceling Sun Nov 11 02:44:16 UTC 2018
auto.tcl: Setting watchdog for 200 seconds at Sun Nov 11 02:44:16 UTC 2018
6 ms. Memory: 331264K Free: 312927K (94%)
ptolemy.util.test.WatchDog.cancel(): canceling Sun Nov 11 02:44:16 UTC 2018
------------------ testing $PTII/ptolemy/domains/de/test/auto/NonInterruptibleTimerZeroDelay.xml
auto.tcl: Setting watchdog for 200 seconds at Sun Nov 11 02:44:16 UTC 2018
4 ms. Memory: 331264K Free: 320795K (97%)
ptolemy.util.test.WatchDog.cancel(): canceling Sun Nov 11 02:44:16 UTC 2018
auto.tcl: Setting watchdog for 200 seconds at Sun Nov 11 02:44:16 UTC 2018
2 ms. Memory: 331264K Free: 317280K (96%)
ptolemy.util.test.WatchDog.cancel(): canceling Sun Nov 11 02:44:16 UTC 2018
------------------ testing $PTII/ptolemy/domains/de/test/auto/OpenQueueingNetwork.xml
auto.tcl: Setting watchdog for 200 seconds at Sun Nov 11 02:44:16 UTC 2018
2968 ms. Memory: 307712K Free: 125004K (41%)
ptolemy.util.test.WatchDog.cancel(): canceling Sun Nov 11 02:44:20 UTC 2018
auto.tcl: Setting watchdog for 200 seconds at Sun Nov 11 02:44:20 UTC 2018
2502 ms. Memory: 278528K Free: 144689K (52%)
ptolemy.util.test.WatchDog.cancel(): canceling Sun Nov 11 02:44:22 UTC 2018
------------------ testing $PTII/ptolemy/domains/de/test/auto/OpenQueuingNetwork.xml
auto.tcl: Setting watchdog for 200 seconds at Sun Nov 11 02:44:22 UTC 2018
231 ms. Memory: 278528K Free: 179811K (65%)
ptolemy.util.test.WatchDog.cancel(): canceling Sun Nov 11 02:44:22 UTC 2018
auto.tcl: Setting watchdog for 200 seconds at Sun Nov 11 02:44:22 UTC 2018
237 ms. Memory: 278528K Free: 117580K (42%)
ptolemy.util.test.WatchDog.cancel(): canceling Sun Nov 11 02:44:23 UTC 2018
------------------ testing $PTII/ptolemy/domains/de/test/auto/PeriodicSampler.xml
auto.tcl: Setting watchdog for 200 seconds at Sun Nov 11 02:44:23 UTC 2018
3 ms. Memory: 281088K Free: 266184K (95%)
ptolemy.util.test.WatchDog.cancel(): canceling Sun Nov 11 02:44:23 UTC 2018
auto.tcl: Setting watchdog for 200 seconds at Sun Nov 11 02:44:23 UTC 2018
2 ms. Memory: 281088K Free: 266184K (95%)
ptolemy.util.test.WatchDog.cancel(): canceling Sun Nov 11 02:44:23 UTC 2018
------------------ testing $PTII/ptolemy/domains/de/test/auto/PersistentIO.xml
auto.tcl: Setting watchdog for 200 seconds at Sun Nov 11 02:44:23 UTC 2018
13 ms. Memory: 278528K Free: 258364K (93%)
ptolemy.util.test.WatchDog.cancel(): canceling Sun Nov 11 02:44:23 UTC 2018
auto.tcl: Setting watchdog for 200 seconds at Sun Nov 11 02:44:23 UTC 2018
4 ms. Memory: 278528K Free: 258364K (93%)
ptolemy.util.test.WatchDog.cancel(): canceling Sun Nov 11 02:44:23 UTC 2018
------------------ testing $PTII/ptolemy/domains/de/test/auto/PortParameterResetOnInitialize.xml
auto.tcl: Setting watchdog for 200 seconds at Sun Nov 11 02:44:23 UTC 2018
2 ms. Memory: 280576K Free: 266036K (95%)
ptolemy.util.test.WatchDog.cancel(): canceling Sun Nov 11 02:44:23 UTC 2018
auto.tcl: Setting watchdog for 200 seconds at Sun Nov 11 02:44:23 UTC 2018
2 ms. Memory: 280576K Free: 266036K (95%)
ptolemy.util.test.WatchDog.cancel(): canceling Sun Nov 11 02:44:23 UTC 2018
------------------ testing $PTII/ptolemy/domains/de/test/auto/PortParameterUpdates.xml
auto.tcl: Setting watchdog for 200 seconds at Sun Nov 11 02:44:23 UTC 2018
3 ms. Memory: 278528K Free: 264218K (95%)
ptolemy.util.test.WatchDog.cancel(): canceling Sun Nov 11 02:44:23 UTC 2018
auto.tcl: Setting watchdog for 200 seconds at Sun Nov 11 02:44:23 UTC 2018
3 ms. Memory: 278528K Free: 261289K (94%)
ptolemy.util.test.WatchDog.cancel(): canceling Sun Nov 11 02:44:23 UTC 2018
------------------ testing $PTII/ptolemy/domains/de/test/auto/QueueAndServer.xml
auto.tcl: Setting watchdog for 200 seconds at Sun Nov 11 02:44:23 UTC 2018
16 ms. Memory: 280576K Free: 265175K (95%)
ptolemy.util.test.WatchDog.cancel(): canceling Sun Nov 11 02:44:23 UTC 2018
auto.tcl: Setting watchdog for 200 seconds at Sun Nov 11 02:44:23 UTC 2018
9 ms. Memory: 280576K Free: 265175K (95%)
ptolemy.util.test.WatchDog.cancel(): canceling Sun Nov 11 02:44:23 UTC 2018
------------------ testing $PTII/ptolemy/domains/de/test/auto/Records.xml
auto.tcl: Setting watchdog for 200 seconds at Sun Nov 11 02:44:23 UTC 2018
2 ms. Memory: 278528K Free: 265996K (96%)
ptolemy.util.test.WatchDog.cancel(): canceling Sun Nov 11 02:44:23 UTC 2018
auto.tcl: Setting watchdog for 200 seconds at Sun Nov 11 02:44:23 UTC 2018
2 ms. Memory: 278528K Free: 265996K (96%)
ptolemy.util.test.WatchDog.cancel(): canceling Sun Nov 11 02:44:23 UTC 2018
------------------ testing $PTII/ptolemy/domains/de/test/auto/ResetTransitionWithStartTime1.xml
auto.tcl: Setting watchdog for 200 seconds at Sun Nov 11 02:44:23 UTC 2018
9 ms. Memory: 280064K Free: 258813K (92%)
ptolemy.util.test.WatchDog.cancel(): canceling Sun Nov 11 02:44:23 UTC 2018
auto.tcl: Setting watchdog for 200 seconds at Sun Nov 11 02:44:23 UTC 2018
6 ms. Memory: 280064K Free: 255787K (91%)
ptolemy.util.test.WatchDog.cancel(): canceling Sun Nov 11 02:44:23 UTC 2018
------------------ testing $PTII/ptolemy/domains/de/test/auto/ResetTransitionWithStartTime2.xml
auto.tcl: Setting watchdog for 200 seconds at Sun Nov 11 02:44:23 UTC 2018
5 ms. Memory: 278528K Free: 261209K (94%)
ptolemy.util.test.WatchDog.cancel(): canceling Sun Nov 11 02:44:23 UTC 2018
auto.tcl: Setting watchdog for 200 seconds at Sun Nov 11 02:44:23 UTC 2018
7 ms. Memory: 278528K Free: 258280K (93%)
ptolemy.util.test.WatchDog.cancel(): canceling Sun Nov 11 02:44:23 UTC 2018
------------------ testing $PTII/ptolemy/domains/de/test/auto/ResetTransitionWithStartTime3.xml
auto.tcl: Setting watchdog for 200 seconds at Sun Nov 11 02:44:23 UTC 2018
5 ms. Memory: 280064K Free: 262647K (94%)
ptolemy.util.test.WatchDog.cancel(): canceling Sun Nov 11 02:44:23 UTC 2018
auto.tcl: Setting watchdog for 200 seconds at Sun Nov 11 02:44:23 UTC 2018
6 ms. Memory: 280064K Free: 259718K (93%)
ptolemy.util.test.WatchDog.cancel(): canceling Sun Nov 11 02:44:23 UTC 2018
------------------ testing $PTII/ptolemy/domains/de/test/auto/ResetTransitionWithStartTime4.xml
auto.tcl: Setting watchdog for 200 seconds at Sun Nov 11 02:44:23 UTC 2018
4 ms. Memory: 278528K Free: 263081K (94%)
ptolemy.util.test.WatchDog.cancel(): canceling Sun Nov 11 02:44:23 UTC 2018
auto.tcl: Setting watchdog for 200 seconds at Sun Nov 11 02:44:23 UTC 2018
3 ms. Memory: 278528K Free: 263081K (94%)
ptolemy.util.test.WatchDog.cancel(): canceling Sun Nov 11 02:44:23 UTC 2018
------------------ testing $PTII/ptolemy/domains/de/test/auto/ResettableTimer1.xml
auto.tcl: Setting watchdog for 200 seconds at Sun Nov 11 02:44:23 UTC 2018
2 ms. Memory: 280064K Free: 267541K (96%)
ptolemy.util.test.WatchDog.cancel(): canceling Sun Nov 11 02:44:23 UTC 2018
auto.tcl: Setting watchdog for 200 seconds at Sun Nov 11 02:44:23 UTC 2018
2 ms. Memory: 280064K Free: 267541K (96%)
ptolemy.util.test.WatchDog.cancel(): canceling Sun Nov 11 02:44:23 UTC 2018
------------------ testing $PTII/ptolemy/domains/de/test/auto/ResettableTimer2.xml
auto.tcl: Setting watchdog for 200 seconds at Sun Nov 11 02:44:23 UTC 2018
3 ms. Memory: 278528K Free: 266160K (96%)
ptolemy.util.test.WatchDog.cancel(): canceling Sun Nov 11 02:44:23 UTC 2018
auto.tcl: Setting watchdog for 200 seconds at Sun Nov 11 02:44:23 UTC 2018
2 ms. Memory: 278528K Free: 266160K (96%)
ptolemy.util.test.WatchDog.cancel(): canceling Sun Nov 11 02:44:23 UTC 2018
------------------ testing $PTII/ptolemy/domains/de/test/auto/ResettableTimer3.xml
auto.tcl: Setting watchdog for 200 seconds at Sun Nov 11 02:44:23 UTC 2018
2 ms. Memory: 279552K Free: 267087K (96%)
ptolemy.util.test.WatchDog.cancel(): canceling Sun Nov 11 02:44:23 UTC 2018
auto.tcl: Setting watchdog for 200 seconds at Sun Nov 11 02:44:23 UTC 2018
1 ms. Memory: 279552K Free: 267087K (96%)
ptolemy.util.test.WatchDog.cancel(): canceling Sun Nov 11 02:44:23 UTC 2018
------------------ testing $PTII/ptolemy/domains/de/test/auto/ResettableTimer4.xml
auto.tcl: Setting watchdog for 200 seconds at Sun Nov 11 02:44:24 UTC 2018
3 ms. Memory: 278528K Free: 266172K (96%)
ptolemy.util.test.WatchDog.cancel(): canceling Sun Nov 11 02:44:24 UTC 2018
auto.tcl: Setting watchdog for 200 seconds at Sun Nov 11 02:44:24 UTC 2018
1 ms. Memory: 278528K Free: 266172K (96%)
ptolemy.util.test.WatchDog.cancel(): canceling Sun Nov 11 02:44:24 UTC 2018
------------------ testing $PTII/ptolemy/domains/de/test/auto/ResettableTimer5.xml
auto.tcl: Setting watchdog for 200 seconds at Sun Nov 11 02:44:24 UTC 2018
1 ms. Memory: 279552K Free: 265127K (95%)
ptolemy.util.test.WatchDog.cancel(): canceling Sun Nov 11 02:44:24 UTC 2018
auto.tcl: Setting watchdog for 200 seconds at Sun Nov 11 02:44:24 UTC 2018
2 ms. Memory: 279552K Free: 265127K (95%)
ptolemy.util.test.WatchDog.cancel(): canceling Sun Nov 11 02:44:24 UTC 2018
------------------ testing $PTII/ptolemy/domains/de/test/auto/ResettableTimer6.xml
auto.tcl: Setting watchdog for 200 seconds at Sun Nov 11 02:44:24 UTC 2018
2 ms. Memory: 278528K Free: 266024K (96%)
ptolemy.util.test.WatchDog.cancel(): canceling Sun Nov 11 02:44:24 UTC 2018
auto.tcl: Setting watchdog for 200 seconds at Sun Nov 11 02:44:24 UTC 2018
1 ms. Memory: 278528K Free: 266024K (96%)
ptolemy.util.test.WatchDog.cancel(): canceling Sun Nov 11 02:44:24 UTC 2018
------------------ testing $PTII/ptolemy/domains/de/test/auto/ServerZeroDelay.xml
auto.tcl: Setting watchdog for 200 seconds at Sun Nov 11 02:44:24 UTC 2018
5 ms. Memory: 279552K Free: 267135K (96%)
ptolemy.util.test.WatchDog.cancel(): canceling Sun Nov 11 02:44:24 UTC 2018
auto.tcl: Setting watchdog for 200 seconds at Sun Nov 11 02:44:24 UTC 2018
2 ms. Memory: 279552K Free: 267135K (96%)
ptolemy.util.test.WatchDog.cancel(): canceling Sun Nov 11 02:44:24 UTC 2018
------------------ testing $PTII/ptolemy/domains/de/test/auto/SmartSender.xml
auto.tcl: Setting watchdog for 200 seconds at Sun Nov 11 02:44:24 UTC 2018
3001 ms. Memory: 278528K Free: 266106K (96%)
ptolemy.util.test.WatchDog.cancel(): canceling Sun Nov 11 02:44:27 UTC 2018
auto.tcl: Setting watchdog for 200 seconds at Sun Nov 11 02:44:27 UTC 2018
3001 ms. Memory: 278528K Free: 266106K (96%)
ptolemy.util.test.WatchDog.cancel(): canceling Sun Nov 11 02:44:30 UTC 2018
------------------ testing $PTII/ptolemy/domains/de/test/auto/ThreadedComposite.xml
auto.tcl: Setting watchdog for 200 seconds at Sun Nov 11 02:44:30 UTC 2018
238 ms. Memory: 279552K Free: 244429K (87%)
ptolemy.util.test.WatchDog.cancel(): canceling Sun Nov 11 02:44:30 UTC 2018
auto.tcl: Setting watchdog for 200 seconds at Sun Nov 11 02:44:30 UTC 2018
128 ms. Memory: 279552K Free: 229672K (82%)
ptolemy.util.test.WatchDog.cancel(): canceling Sun Nov 11 02:44:30 UTC 2018
------------------ testing $PTII/ptolemy/domains/de/test/auto/Time.xml
auto.tcl: Setting watchdog for 200 seconds at Sun Nov 11 02:44:30 UTC 2018
504 ms. Memory: 278528K Free: 208559K (75%)
ptolemy.util.test.WatchDog.cancel(): canceling Sun Nov 11 02:44:31 UTC 2018
auto.tcl: Setting watchdog for 200 seconds at Sun Nov 11 02:44:31 UTC 2018
449 ms. Memory: 278528K Free: 149976K (54%)
ptolemy.util.test.WatchDog.cancel(): canceling Sun Nov 11 02:44:31 UTC 2018
------------------ testing $PTII/ptolemy/domains/de/test/auto/TimeDelayZeroDelay.xml
auto.tcl: Setting watchdog for 200 seconds at Sun Nov 11 02:44:31 UTC 2018
3 ms. Memory: 279040K Free: 267134K (96%)
ptolemy.util.test.WatchDog.cancel(): canceling Sun Nov 11 02:44:31 UTC 2018
auto.tcl: Setting watchdog for 200 seconds at Sun Nov 11 02:44:31 UTC 2018
2 ms. Memory: 279040K Free: 267134K (96%)
ptolemy.util.test.WatchDog.cancel(): canceling Sun Nov 11 02:44:31 UTC 2018
------------------ testing $PTII/ptolemy/domains/de/test/auto/TimerZeroDelay.xml
auto.tcl: Setting watchdog for 200 seconds at Sun Nov 11 02:44:31 UTC 2018
2 ms. Memory: 278528K Free: 266729K (96%)
ptolemy.util.test.WatchDog.cancel(): canceling Sun Nov 11 02:44:31 UTC 2018
auto.tcl: Setting watchdog for 200 seconds at Sun Nov 11 02:44:31 UTC 2018
2 ms. Memory: 278528K Free: 266729K (96%)
ptolemy.util.test.WatchDog.cancel(): canceling Sun Nov 11 02:44:31 UTC 2018
------------------ testing $PTII/ptolemy/domains/de/test/auto/TimingParadox.xml
auto.tcl: Setting watchdog for 200 seconds at Sun Nov 11 02:44:31 UTC 2018
364 ms. Memory: 279040K Free: 198553K (71%)
ptolemy.util.test.WatchDog.cancel(): canceling Sun Nov 11 02:44:32 UTC 2018
auto.tcl: Setting watchdog for 200 seconds at Sun Nov 11 02:44:32 UTC 2018
342 ms. Memory: 279040K Free: 159683K (57%)
ptolemy.util.test.WatchDog.cancel(): canceling Sun Nov 11 02:44:32 UTC 2018
------------------ testing $PTII/ptolemy/domains/de/test/auto/TransferInputs.xml
auto.tcl: Setting watchdog for 200 seconds at Sun Nov 11 02:44:32 UTC 2018
2 ms. Memory: 279040K Free: 266210K (95%)
ptolemy.util.test.WatchDog.cancel(): canceling Sun Nov 11 02:44:32 UTC 2018
auto.tcl: Setting watchdog for 200 seconds at Sun Nov 11 02:44:32 UTC 2018
2 ms. Memory: 279040K Free: 266210K (95%)
ptolemy.util.test.WatchDog.cancel(): canceling Sun Nov 11 02:44:32 UTC 2018
------------------ testing $PTII/ptolemy/domains/de/test/auto/TransferOutputs2.xml
auto.tcl: Setting watchdog for 200 seconds at Sun Nov 11 02:44:32 UTC 2018
3 ms. Memory: 278528K Free: 262272K (94%)
ptolemy.util.test.WatchDog.cancel(): canceling Sun Nov 11 02:44:32 UTC 2018
auto.tcl: Setting watchdog for 200 seconds at Sun Nov 11 02:44:32 UTC 2018
2 ms. Memory: 278528K Free: 259700K (93%)
ptolemy.util.test.WatchDog.cancel(): canceling Sun Nov 11 02:44:32 UTC 2018
------------------ testing $PTII/ptolemy/domains/de/test/auto/Trilateration.xml
auto.tcl: Setting watchdog for 200 seconds at Sun Nov 11 02:44:32 UTC 2018
13715 ms. Memory: 517120K Free: 490873K (95%)
ptolemy.util.test.WatchDog.cancel(): canceling Sun Nov 11 02:44:47 UTC 2018
auto.tcl: Setting watchdog for 200 seconds at Sun Nov 11 02:44:47 UTC 2018
10749 ms. Memory: 411136K Free: 139434K (34%)
ptolemy.util.test.WatchDog.cancel(): canceling Sun Nov 11 02:44:58 UTC 2018
------------------ testing $PTII/ptolemy/domains/de/test/auto/TwoSigmaDelta.xml
auto.tcl: Setting watchdog for 200 seconds at Sun Nov 11 02:44:58 UTC 2018
2667 ms. Memory: 414208K Free: 107807K (26%)
ptolemy.util.test.WatchDog.cancel(): canceling Sun Nov 11 02:45:01 UTC 2018
auto.tcl: Setting watchdog for 200 seconds at Sun Nov 11 02:45:01 UTC 2018
2060 ms. Memory: 396800K Free: 187811K (47%)
ptolemy.util.test.WatchDog.cancel(): canceling Sun Nov 11 02:45:03 UTC 2018
------------------ testing $PTII/ptolemy/domains/de/test/auto/VariableDelay.xml
auto.tcl: Setting watchdog for 200 seconds at Sun Nov 11 02:45:03 UTC 2018
3 ms. Memory: 396288K Free: 379763K (96%)
ptolemy.util.test.WatchDog.cancel(): canceling Sun Nov 11 02:45:03 UTC 2018
auto.tcl: Setting watchdog for 200 seconds at Sun Nov 11 02:45:03 UTC 2018
2 ms. Memory: 396288K Free: 379763K (96%)
ptolemy.util.test.WatchDog.cancel(): canceling Sun Nov 11 02:45:03 UTC 2018
------------------ testing $PTII/ptolemy/domains/de/test/auto/VariableDelay2.xml
auto.tcl: Setting watchdog for 200 seconds at Sun Nov 11 02:45:03 UTC 2018
2 ms. Memory: 396288K Free: 383317K (97%)
ptolemy.util.test.WatchDog.cancel(): canceling Sun Nov 11 02:45:03 UTC 2018
auto.tcl: Setting watchdog for 200 seconds at Sun Nov 11 02:45:03 UTC 2018
2 ms. Memory: 396288K Free: 383317K (97%)
ptolemy.util.test.WatchDog.cancel(): canceling Sun Nov 11 02:45:03 UTC 2018
------------------ testing $PTII/ptolemy/domains/de/test/auto/VariableDelayZeroDelay.xml
auto.tcl: Setting watchdog for 200 seconds at Sun Nov 11 02:45:03 UTC 2018
2 ms. Memory: 398336K Free: 385369K (97%)
ptolemy.util.test.WatchDog.cancel(): canceling Sun Nov 11 02:45:03 UTC 2018
auto.tcl: Setting watchdog for 200 seconds at Sun Nov 11 02:45:03 UTC 2018
2 ms. Memory: 398336K Free: 385369K (97%)
ptolemy.util.test.WatchDog.cancel(): canceling Sun Nov 11 02:45:03 UTC 2018
------------------ testing $PTII/ptolemy/domains/de/test/auto/VariableDelayZeroDelay2.xml
auto.tcl: Setting watchdog for 200 seconds at Sun Nov 11 02:45:03 UTC 2018
2 ms. Memory: 396288K Free: 380171K (96%)
ptolemy.util.test.WatchDog.cancel(): canceling Sun Nov 11 02:45:03 UTC 2018
auto.tcl: Setting watchdog for 200 seconds at Sun Nov 11 02:45:03 UTC 2018
2 ms. Memory: 396288K Free: 380171K (96%)
ptolemy.util.test.WatchDog.cancel(): canceling Sun Nov 11 02:45:03 UTC 2018
------------------ testing $PTII/ptolemy/domains/de/test/auto/deInCt.xml
auto.tcl: Setting watchdog for 200 seconds at Sun Nov 11 02:45:03 UTC 2018
0
1
1
1
1
0
0
0
1
1
1
0
0
0
1
1
0
0
0
1
1
1
0
0
1
1
1
0
0
0
1
1
1
0
0
0
0
0
0
11 ms. Memory: 398336K Free: 382211K (96%)
ptolemy.util.test.WatchDog.cancel(): canceling Sun Nov 11 02:45:03 UTC 2018
auto.tcl: Setting watchdog for 200 seconds at Sun Nov 11 02:45:03 UTC 2018
0
1
1
1
1
0
0
0
0
0
1
1
1
0
0
0
0
1
1
1
0
0
0
1
1
1
1
0
0
0
0
1
1
1
1
10 ms. Memory: 398336K Free: 377144K (95%)
ptolemy.util.test.WatchDog.cancel(): canceling Sun Nov 11 02:45:03 UTC 2018
------------------ testing $PTII/ptolemy/domains/de/test/auto/deInCt2.xml
auto.tcl: Setting watchdog for 200 seconds at Sun Nov 11 02:45:03 UTC 2018
0
1
1
1
0
0
1
1
1
0
0
1
1
1
0
0
1
1
1
0
0
1
1
1
0
0
1
1
1
0
0
1
1
1
0
0
1
1
1
0
0
0
8 ms. Memory: 396288K Free: 383316K (97%)
ptolemy.util.test.WatchDog.cancel(): canceling Sun Nov 11 02:45:03 UTC 2018
auto.tcl: Setting watchdog for 200 seconds at Sun Nov 11 02:45:03 UTC 2018
0
1
1
1
0
0
1
1
1
0
0
1
1
1
0
0
1
1
1
0
0
1
1
1
0
0
1
1
1
0
0
1
1
1
0
0
1
1
1
0
0
0
7 ms. Memory: 396288K Free: 378250K (95%)
ptolemy.util.test.WatchDog.cancel(): canceling Sun Nov 11 02:45:03 UTC 2018
------------------ testing $PTII/ptolemy/domains/de/test/auto/dynamicCausalityInterface1.xml
auto.tcl: Setting watchdog for 200 seconds at Sun Nov 11 02:45:03 UTC 2018
1 ms. Memory: 397824K Free: 376649K (95%)
ptolemy.util.test.WatchDog.cancel(): canceling Sun Nov 11 02:45:03 UTC 2018
auto.tcl: Setting watchdog for 200 seconds at Sun Nov 11 02:45:03 UTC 2018
0 ms. Memory: 397824K Free: 376649K (95%)
ptolemy.util.test.WatchDog.cancel(): canceling Sun Nov 11 02:45:03 UTC 2018
------------------ testing $PTII/ptolemy/domains/de/test/auto/fsm_de_test.xml
auto.tcl: Setting watchdog for 200 seconds at Sun Nov 11 02:45:03 UTC 2018
13 ms. Memory: 396288K Free: 375008K (95%)
ptolemy.util.test.WatchDog.cancel(): canceling Sun Nov 11 02:45:04 UTC 2018
auto.tcl: Setting watchdog for 200 seconds at Sun Nov 11 02:45:04 UTC 2018
4 ms. Memory: 396288K Free: 375008K (95%)
ptolemy.util.test.WatchDog.cancel(): canceling Sun Nov 11 02:45:04 UTC 2018
------------------ testing $PTII/ptolemy/domains/de/test/auto/functionDependencyReconstruction.xml
auto.tcl: Setting watchdog for 200 seconds at Sun Nov 11 02:45:04 UTC 2018
2 ms. Memory: 397824K Free: 366418K (92%)
ptolemy.util.test.WatchDog.cancel(): canceling Sun Nov 11 02:45:04 UTC 2018
auto.tcl: Setting watchdog for 200 seconds at Sun Nov 11 02:45:04 UTC 2018
3 ms. Memory: 397824K Free: 366418K (92%)
ptolemy.util.test.WatchDog.cancel(): canceling Sun Nov 11 02:45:04 UTC 2018
------------------ testing $PTII/ptolemy/domains/de/test/auto/multirate.xml
auto.tcl: Setting watchdog for 200 seconds at Sun Nov 11 02:45:04 UTC 2018
5 ms. Memory: 396288K Free: 374867K (95%)
ptolemy.util.test.WatchDog.cancel(): canceling Sun Nov 11 02:45:04 UTC 2018
auto.tcl: Setting watchdog for 200 seconds at Sun Nov 11 02:45:04 UTC 2018
3 ms. Memory: 396288K Free: 374867K (95%)
ptolemy.util.test.WatchDog.cancel(): canceling Sun Nov 11 02:45:04 UTC 2018
------------------ testing $PTII/ptolemy/domains/de/test/auto/multirate2.xml
auto.tcl: Setting watchdog for 200 seconds at Sun Nov 11 02:45:04 UTC 2018
6 ms. Memory: 397312K Free: 376071K (95%)
ptolemy.util.test.WatchDog.cancel(): canceling Sun Nov 11 02:45:04 UTC 2018
auto.tcl: Setting watchdog for 200 seconds at Sun Nov 11 02:45:04 UTC 2018
3 ms. Memory: 397312K Free: 376071K (95%)
ptolemy.util.test.WatchDog.cancel(): canceling Sun Nov 11 02:45:04 UTC 2018
------------------ testing $PTII/ptolemy/domains/de/test/auto/realtime.xml
auto.tcl: Setting watchdog for 200 seconds at Sun Nov 11 02:45:04 UTC 2018
10001 ms. Memory: 396288K Free: 380107K (96%)
ptolemy.util.test.WatchDog.cancel(): canceling Sun Nov 11 02:45:14 UTC 2018
auto.tcl: Setting watchdog for 200 seconds at Sun Nov 11 02:45:14 UTC 2018
10001 ms. Memory: 396288K Free: 380107K (96%)
ptolemy.util.test.WatchDog.cancel(): canceling Sun Nov 11 02:45:24 UTC 2018
------------------ testing $PTII/ptolemy/domains/de/test/auto/relationGroup.xml
auto.tcl: Setting watchdog for 200 seconds at Sun Nov 11 02:45:24 UTC 2018
1 ms. Memory: 397312K Free: 381162K (96%)
ptolemy.util.test.WatchDog.cancel(): canceling Sun Nov 11 02:45:24 UTC 2018
auto.tcl: Setting watchdog for 200 seconds at Sun Nov 11 02:45:24 UTC 2018
1 ms. Memory: 397312K Free: 381162K (96%)
ptolemy.util.test.WatchDog.cancel(): canceling Sun Nov 11 02:45:24 UTC 2018
------------------ testing $PTII/ptolemy/domains/de/test/auto/relationGroup2.xml
auto.tcl: Setting watchdog for 200 seconds at Sun Nov 11 02:45:24 UTC 2018
1 ms. Memory: 396288K Free: 380165K (96%)
ptolemy.util.test.WatchDog.cancel(): canceling Sun Nov 11 02:45:24 UTC 2018
auto.tcl: Setting watchdog for 200 seconds at Sun Nov 11 02:45:24 UTC 2018
2 ms. Memory: 396288K Free: 380165K (96%)
ptolemy.util.test.WatchDog.cancel(): canceling Sun Nov 11 02:45:24 UTC 2018
------------------ testing $PTII/ptolemy/domains/de/test/auto/sortWithOpaquePorts.xml
auto.tcl: Setting watchdog for 200 seconds at Sun Nov 11 02:45:24 UTC 2018
1 ms. Memory: 397312K Free: 381185K (96%)
ptolemy.util.test.WatchDog.cancel(): canceling Sun Nov 11 02:45:24 UTC 2018
auto.tcl: Setting watchdog for 200 seconds at Sun Nov 11 02:45:24 UTC 2018
2 ms. Memory: 397312K Free: 381185K (96%)
ptolemy.util.test.WatchDog.cancel(): canceling Sun Nov 11 02:45:24 UTC 2018
------------------ testing $PTII/ptolemy/domains/de/test/auto/transferInputsandOutputs.xml
auto.tcl: Setting watchdog for 200 seconds at Sun Nov 11 02:45:24 UTC 2018
2 ms. Memory: 396288K Free: 375086K (95%)
ptolemy.util.test.WatchDog.cancel(): canceling Sun Nov 11 02:45:24 UTC 2018
auto.tcl: Setting watchdog for 200 seconds at Sun Nov 11 02:45:24 UTC 2018
2 ms. Memory: 396288K Free: 375086K (95%)
ptolemy.util.test.WatchDog.cancel(): canceling Sun Nov 11 02:45:24 UTC 2018
------------------ testing $PTII/ptolemy/domains/de/test/auto/triggerType.xml
auto.tcl: Setting watchdog for 200 seconds at Sun Nov 11 02:45:24 UTC 2018
2 ms. Memory: 396800K Free: 380616K (96%)
ptolemy.util.test.WatchDog.cancel(): canceling Sun Nov 11 02:45:24 UTC 2018
auto.tcl: Setting watchdog for 200 seconds at Sun Nov 11 02:45:24 UTC 2018
1 ms. Memory: 396800K Free: 380616K (96%)
ptolemy.util.test.WatchDog.cancel(): canceling Sun Nov 11 02:45:24 UTC 2018
11/11/18 02:45:24
Failed: 0  Total Tests: 192  ((Passed: 187, Newly Passed: 1)  Known Failed: 5) /home/travis/build/icyphy/ptII/ptolemy/domains/de/test
11/11/18 02:45:24
Failed: 0  Total Tests: 192  ((Passed: 187, Newly Passed: 1)  Known Failed: 5) /home/travis/build/icyphy/ptII/ptolemy/domains/de/test
----------------- testing (KnownFailure) /home/travis/build/icyphy/ptII/ptolemy/domains/de/test/auto/knownFailedTests/DESDFClockTest.xml
2009 ms. Memory: 396288K Free: 367541K (93%)
Known Failure: java.lang.reflect.InvocationTargetException
----------------- testing (KnownFailure) /home/travis/build/icyphy/ptII/ptolemy/domains/de/test/auto/knownFailedTests/DirectFeedback.xml
2 ms. Memory: 396288K Free: 342350K (86%)
Known Failure: java.lang.reflect.InvocationTargetException
----------------- testing (KnownFailure) /home/travis/build/icyphy/ptII/ptolemy/domains/de/test/auto/knownFailedTests/FSMSource.xml
5 ms. Memory: 396288K Free: 317160K (80%)
----------------- testing (KnownFailure) /home/travis/build/icyphy/ptII/ptolemy/domains/de/test/auto/knownFailedTests/HierarchicalModel.xml
3 ms. Memory: 396288K Free: 291953K (74%)
Known Failure: java.lang.reflect.InvocationTargetException
----------------- testing (KnownFailure) /home/travis/build/icyphy/ptII/ptolemy/domains/de/test/auto/knownFailedTests/dependencyLoop.xml
2 ms. Memory: 396288K Free: 254151K (64%)
Known Failure: java.lang.reflect.InvocationTargetException
----------------- testing (KnownFailure) /home/travis/build/icyphy/ptII/ptolemy/domains/de/test/auto/knownFailedTests/dependencyLoop2.xml
6 ms. Memory: 396288K Free: 216349K (55%)
Known Failure: java.lang.reflect.InvocationTargetException
No auto/linux-amd64/*.xml tests in /home/travis/build/icyphy/ptII/ptolemy/domains/de/test
AutoTests.java: About to close Vertx.
AutoTests.java: Vertx closed.

===========================================================================================
----------------- testing Sun Nov 11 02:45:26 UTC 2018 /home/travis/build/icyphy/ptII/ptolemy/domains/de/test/auto/ActorDepthCalculation_actorWithoutPorts.xml
----------------- Instantiating /home/travis/build/icyphy/ptII/ptolemy/domains/de/test/auto/ActorDepthCalculation_actorWithoutPorts.xml
1 ms. Memory: 396288K Free: 184861K (47%)
----------------- Invoking toplevel() on ptolemy.moml.MoMLSimpleApplication@8e06cd1
----------------- Done invoking toplevel() on ptolemy.moml.MoMLSimpleApplication@8e06cd1
reloadAllAccessors: .ActorDepthCalculation_actorWithoutPorts

===========================================================================================
----------------- testing Sun Nov 11 02:45:26 UTC 2018 /home/travis/build/icyphy/ptII/ptolemy/domains/de/test/auto/AssemblyLine.xml
----------------- Instantiating /home/travis/build/icyphy/ptII/ptolemy/domains/de/test/auto/AssemblyLine.xml
4 ms. Memory: 396288K Free: 165952K (42%)
----------------- Invoking toplevel() on ptolemy.moml.MoMLSimpleApplication@5b9207dc
----------------- Done invoking toplevel() on ptolemy.moml.MoMLSimpleApplication@5b9207dc
reloadAllAccessors: .AssemblyLine

===========================================================================================
----------------- testing Sun Nov 11 02:45:26 UTC 2018 /home/travis/build/icyphy/ptII/ptolemy/domains/de/test/auto/CQBug1.xml
----------------- Instantiating /home/travis/build/icyphy/ptII/ptolemy/domains/de/test/auto/CQBug1.xml
1 ms. Memory: 396288K Free: 153357K (39%)
----------------- Invoking toplevel() on ptolemy.moml.MoMLSimpleApplication@35e12537
----------------- Done invoking toplevel() on ptolemy.moml.MoMLSimpleApplication@35e12537
reloadAllAccessors: .CQBug1

===========================================================================================
----------------- testing Sun Nov 11 02:45:26 UTC 2018 /home/travis/build/icyphy/ptII/ptolemy/domains/de/test/auto/CancelFireAt.xml
----------------- Instantiating /home/travis/build/icyphy/ptII/ptolemy/domains/de/test/auto/CancelFireAt.xml
1 ms. Memory: 396288K Free: 140762K (36%)
----------------- Invoking toplevel() on ptolemy.moml.MoMLSimpleApplication@1ce00e49
----------------- Done invoking toplevel() on ptolemy.moml.MoMLSimpleApplication@1ce00e49
reloadAllAccessors: .CancelFireAt

===========================================================================================
----------------- testing Sun Nov 11 02:45:27 UTC 2018 /home/travis/build/icyphy/ptII/ptolemy/domains/de/test/auto/CausalityAndComposabilityAnalysis.xml
----------------- Instantiating /home/travis/build/icyphy/ptII/ptolemy/domains/de/test/auto/CausalityAndComposabilityAnalysis.xml
1 ms. Memory: 396288K Free: 128166K (32%)
----------------- Invoking toplevel() on ptolemy.moml.MoMLSimpleApplication@1ca00837
----------------- Done invoking toplevel() on ptolemy.moml.MoMLSimpleApplication@1ca00837
reloadAllAccessors: .CausalityAndComposabilityAnalysis

===========================================================================================
----------------- testing Sun Nov 11 02:45:27 UTC 2018 /home/travis/build/icyphy/ptII/ptolemy/domains/de/test/auto/CausalityInterface1.xml
----------------- Instantiating /home/travis/build/icyphy/ptII/ptolemy/domains/de/test/auto/CausalityInterface1.xml
3 ms. Memory: 396288K Free: 115571K (29%)
----------------- Invoking toplevel() on ptolemy.moml.MoMLSimpleApplication@49e96e8f
----------------- Done invoking toplevel() on ptolemy.moml.MoMLSimpleApplication@49e96e8f
reloadAllAccessors: .CausalityInterface1

===========================================================================================
----------------- testing Sun Nov 11 02:45:27 UTC 2018 /home/travis/build/icyphy/ptII/ptolemy/domains/de/test/auto/CausalityInterface15.xml
----------------- Instantiating /home/travis/build/icyphy/ptII/ptolemy/domains/de/test/auto/CausalityInterface15.xml
2 ms. Memory: 396288K Free: 102976K (26%)
----------------- Invoking toplevel() on ptolemy.moml.MoMLSimpleApplication@216a0333
----------------- Done invoking toplevel() on ptolemy.moml.MoMLSimpleApplication@216a0333
reloadAllAccessors: .CausalityInterface15

[...]
java.lang.RuntimeException: Execution failed
	at ptolemy.moml.MoMLSimpleApplication$UnloadThread.run(MoMLSimpleApplication.java:402)
Caused by: ptolemy.kernel.util.IllegalActionException: Test fails in iteration 1.
Value was: 1.0. Should have been: 2.0
  in .DirectFeedback.Test
	at ptolemy.actor.lib.Test.fire(Test.java:268)
	at ptolemy.domains.de.kernel.DEDirector._fire(DEDirector.java:1949)
	at ptolemy.domains.de.kernel.DEDirector.fire(DEDirector.java:502)
	at ptolemy.actor.CompositeActor.fire(CompositeActor.java:455)
	at ptolemy.actor.Manager.iterate(Manager.java:851)
	at ptolemy.actor.Manager.execute(Manager.java:369)
	at ptolemy.actor.Manager.run(Manager.java:1263)
	at ptolemy.actor.Manager$PtolemyRunThread.run(Manager.java:1915)
java.lang.RuntimeException: Execution failed
	at ptolemy.moml.MoMLSimpleApplication$UnloadThread.run(MoMLSimpleApplication.java:402)
Caused by: ptolemy.kernel.util.IllegalActionException: Actor is not ready to fire.  Perhaps UpSample.prefire() returned false? Try debugging the actor by selecting "Listen to Actor".  Also, for SDF check moml for tokenConsumptionRate on input.
  in .DESDFClockTest.Play Bell.Copy1:SDF Director and .DESDFClockTest.Play Bell.UpSample
	at ptolemy.actor.sched.StaticSchedulingDirector.fire(StaticSchedulingDirector.java:227)
	at ptolemy.domains.sdf.kernel.SDFDirector.fire(SDFDirector.java:500)
	at ptolemy.actor.CompositeActor.fire(CompositeActor.java:455)
	at ptolemy.domains.de.kernel.DEDirector._fire(DEDirector.java:1949)
	at ptolemy.domains.de.kernel.DEDirector.fire(DEDirector.java:502)
	at ptolemy.actor.CompositeActor.fire(CompositeActor.java:455)
	at ptolemy.actor.Manager.iterate(Manager.java:851)
	at ptolemy.actor.Manager.execute(Manager.java:369)
	at ptolemy.actor.Manager.run(Manager.java:1263)
	at ptolemy.actor.Manager$PtolemyRunThread.run(Manager.java:1915)
java.lang.reflect.InvocationTargetException
	at sun.reflect.NativeConstructorAccessorImpl.newInstance0(Native Method)
	at sun.reflect.NativeConstructorAccessorImpl.newInstance(NativeConstructorAccessorImpl.java:62)
	at sun.reflect.DelegatingConstructorAccessorImpl.newInstance(DelegatingConstructorAccessorImpl.java:45)
	at java.lang.reflect.Constructor.newInstance(Constructor.java:423)
	at ptolemy.util.test.junit.AutoKnownFailedTests.RunModel(AutoKnownFailedTests.java:105)
	at sun.reflect.NativeMethodAccessorImpl.invoke0(Native Method)
	at sun.reflect.NativeMethodAccessorImpl.invoke(NativeMethodAccessorImpl.java:62)
	at sun.reflect.DelegatingMethodAccessorImpl.invoke(DelegatingMethodAccessorImpl.java:43)
	at java.lang.reflect.Method.invoke(Method.java:498)
	at org.junit.runners.model.FrameworkMethod$1.runReflectiveCall(FrameworkMethod.java:44)
	at org.junit.internal.runners.model.ReflectiveCallable.run(ReflectiveCallable.java:15)
	at org.junit.runners.model.FrameworkMethod.invokeExplosively(FrameworkMethod.java:41)
	at junitparams.internal.InvokeParameterisedMethod.evaluate(InvokeParameterisedMethod.java:102)
	at org.junit.internal.runners.statements.FailOnTimeout$1.run(FailOnTimeout.java:28)
Caused by: ptolemy.kernel.util.IllegalActionException: Actor is not ready to fire.  Perhaps UpSample.prefire() returned false? Try debugging the actor by selecting "Listen to Actor".  Also, for SDF check moml for tokenConsumptionRate on input.
  in .DESDFClockTest.Play Bell.Copy1:SDF Director and .DESDFClockTest.Play Bell.UpSample
	at ptolemy.actor.sched.StaticSchedulingDirector.fire(StaticSchedulingDirector.java:227)
	at ptolemy.domains.sdf.kernel.SDFDirector.fire(SDFDirector.java:500)
	at ptolemy.actor.CompositeActor.fire(CompositeActor.java:455)
	at ptolemy.domains.de.kernel.DEDirector._fire(DEDirector.java:1949)
	at ptolemy.domains.de.kernel.DEDirector.fire(DEDirector.java:502)
	at ptolemy.actor.CompositeActor.fire(CompositeActor.java:455)
	at ptolemy.actor.Manager.iterate(Manager.java:851)
	at ptolemy.actor.Manager.execute(Manager.java:369)
	at ptolemy.actor.Manager.run(Manager.java:1263)
	at ptolemy.actor.Manager$PtolemyRunThread.run(Manager.java:1915)
java.lang.RuntimeException: Execution failed
	at ptolemy.moml.MoMLSimpleApplication$UnloadThread.run(MoMLSimpleApplication.java:402)
Caused by: ptolemy.kernel.util.IllegalActionException: Test fails in iteration 1.
Value was: 1.0. Should have been: 2.0
  in .DirectFeedback.Test
	at ptolemy.actor.lib.Test.fire(Test.java:268)
	at ptolemy.domains.de.kernel.DEDirector._fire(DEDirector.java:1949)
	at ptolemy.domains.de.kernel.DEDirector.fire(DEDirector.java:502)
	at ptolemy.actor.CompositeActor.fire(CompositeActor.java:455)
	at ptolemy.actor.Manager.iterate(Manager.java:851)
	at ptolemy.actor.Manager.execute(Manager.java:369)
	at ptolemy.actor.Manager.run(Manager.java:1263)
	at ptolemy.actor.Manager$PtolemyRunThread.run(Manager.java:1915)
java.lang.reflect.InvocationTargetException
	at sun.reflect.NativeConstructorAccessorImpl.newInstance0(Native Method)
	at sun.reflect.NativeConstructorAccessorImpl.newInstance(NativeConstructorAccessorImpl.java:62)
	at sun.reflect.DelegatingConstructorAccessorImpl.newInstance(DelegatingConstructorAccessorImpl.java:45)
	at java.lang.reflect.Constructor.newInstance(Constructor.java:423)
	at ptolemy.util.test.junit.AutoKnownFailedTests.RunModel(AutoKnownFailedTests.java:105)
	at sun.reflect.NativeMethodAccessorImpl.invoke0(Native Method)
	at sun.reflect.NativeMethodAccessorImpl.invoke(NativeMethodAccessorImpl.java:62)
	at sun.reflect.DelegatingMethodAccessorImpl.invoke(DelegatingMethodAccessorImpl.java:43)
	at java.lang.reflect.Method.invoke(Method.java:498)
	at org.junit.runners.model.FrameworkMethod$1.runReflectiveCall(FrameworkMethod.java:44)
	at org.junit.internal.runners.model.ReflectiveCallable.run(ReflectiveCallable.java:15)
	at org.junit.runners.model.FrameworkMethod.invokeExplosively(FrameworkMethod.java:41)
	at junitparams.internal.InvokeParameterisedMethod.evaluate(InvokeParameterisedMethod.java:102)
	at org.junit.internal.runners.statements.FailOnTimeout$1.run(FailOnTimeout.java:28)
Caused by: ptolemy.kernel.util.IllegalActionException: Test fails in iteration 1.
Value was: 1.0. Should have been: 2.0
  in .DirectFeedback.Test
	at ptolemy.actor.lib.Test.fire(Test.java:268)
	at ptolemy.domains.de.kernel.DEDirector._fire(DEDirector.java:1949)
	at ptolemy.domains.de.kernel.DEDirector.fire(DEDirector.java:502)
	at ptolemy.actor.CompositeActor.fire(CompositeActor.java:455)
	at ptolemy.actor.Manager.iterate(Manager.java:851)
	at ptolemy.actor.Manager.execute(Manager.java:369)
	at ptolemy.actor.Manager.run(Manager.java:1263)
	at ptolemy.actor.Manager$PtolemyRunThread.run(Manager.java:1915)
java.lang.RuntimeException: Execution failed
	at ptolemy.moml.MoMLSimpleApplication$UnloadThread.run(MoMLSimpleApplication.java:402)
Caused by: ptolemy.kernel.util.IllegalActionException: Found a zero delay loop containing .HierarchicalModel.A
  in .HierarchicalModel and .HierarchicalModel.A
	at ptolemy.actor.util.CausalityInterfaceForComposites._computeOutputPortDepth(CausalityInterfaceForComposites.java:759)
	at ptolemy.actor.util.CausalityInterfaceForComposites._computeInputDepth(CausalityInterfaceForComposites.java:696)
	at ptolemy.actor.util.CausalityInterfaceForComposites._computeOutputPortDepth(CausalityInterfaceForComposites.java:765)
	at ptolemy.actor.util.CausalityInterfaceForComposites._computeInputDepth(CausalityInterfaceForComposites.java:696)
	at ptolemy.actor.util.CausalityInterfaceForComposites._computeOutputPortDepth(CausalityInterfaceForComposites.java:765)
	at ptolemy.actor.util.CausalityInterfaceForComposites._computeInputDepth(CausalityInterfaceForComposites.java:696)
	at ptolemy.actor.util.CausalityInterfaceForComposites._computeActorDepth(CausalityInterfaceForComposites.java:532)
	at ptolemy.actor.util.CausalityInterfaceForComposites.checkForCycles(CausalityInterfaceForComposites.java:96)
	at ptolemy.domains.de.kernel.DEDirector.preinitialize(DEDirector.java:1338)
	at ptolemy.actor.CompositeActor.preinitialize(CompositeActor.java:1828)
	at ptolemy.actor.Manager.preinitializeAndResolveTypes(Manager.java:1040)
	at ptolemy.actor.Manager.initialize(Manager.java:710)
	at ptolemy.actor.Manager.execute(Manager.java:356)
	at ptolemy.actor.Manager.run(Manager.java:1263)
	at ptolemy.actor.Manager$PtolemyRunThread.run(Manager.java:1915)
java.lang.reflect.InvocationTargetException
	at sun.reflect.NativeConstructorAccessorImpl.newInstance0(Native Method)
	at sun.reflect.NativeConstructorAccessorImpl.newInstance(NativeConstructorAccessorImpl.java:62)
	at sun.reflect.DelegatingConstructorAccessorImpl.newInstance(DelegatingConstructorAccessorImpl.java:45)
	at java.lang.reflect.Constructor.newInstance(Constructor.java:423)
	at ptolemy.util.test.junit.AutoKnownFailedTests.RunModel(AutoKnownFailedTests.java:105)
	at sun.reflect.NativeMethodAccessorImpl.invoke0(Native Method)
	at sun.reflect.NativeMethodAccessorImpl.invoke(NativeMethodAccessorImpl.java:62)
	at sun.reflect.DelegatingMethodAccessorImpl.invoke(DelegatingMethodAccessorImpl.java:43)
	at java.lang.reflect.Method.invoke(Method.java:498)
	at org.junit.runners.model.FrameworkMethod$1.runReflectiveCall(FrameworkMethod.java:44)
	at org.junit.internal.runners.model.ReflectiveCallable.run(ReflectiveCallable.java:15)
	at org.junit.runners.model.FrameworkMethod.invokeExplosively(FrameworkMethod.java:41)
	at junitparams.internal.InvokeParameterisedMethod.evaluate(InvokeParameterisedMethod.java:102)
	at org.junit.internal.runners.statements.FailOnTimeout$1.run(FailOnTimeout.java:28)
Caused by: ptolemy.kernel.util.IllegalActionException: Found a zero delay loop containing .HierarchicalModel.A
  in .HierarchicalModel and .HierarchicalModel.A
	at ptolemy.actor.util.CausalityInterfaceForComposites._computeOutputPortDepth(CausalityInterfaceForComposites.java:759)
	at ptolemy.actor.util.CausalityInterfaceForComposites._computeInputDepth(CausalityInterfaceForComposites.java:696)
	at ptolemy.actor.util.CausalityInterfaceForComposites._computeOutputPortDepth(CausalityInterfaceForComposites.java:765)
	at ptolemy.actor.util.CausalityInterfaceForComposites._computeInputDepth(CausalityInterfaceForComposites.java:696)
	at ptolemy.actor.util.CausalityInterfaceForComposites._computeOutputPortDepth(CausalityInterfaceForComposites.java:765)
	at ptolemy.actor.util.CausalityInterfaceForComposites._computeInputDepth(CausalityInterfaceForComposites.java:696)
	at ptolemy.actor.util.CausalityInterfaceForComposites._computeActorDepth(CausalityInterfaceForComposites.java:532)
	at ptolemy.actor.util.CausalityInterfaceForComposites.checkForCycles(CausalityInterfaceForComposites.java:96)
	at ptolemy.domains.de.kernel.DEDirector.preinitialize(DEDirector.java:1338)
	at ptolemy.actor.CompositeActor.preinitialize(CompositeActor.java:1828)
	at ptolemy.actor.Manager.preinitializeAndResolveTypes(Manager.java:1040)
	at ptolemy.actor.Manager.initialize(Manager.java:710)
	at ptolemy.actor.Manager.execute(Manager.java:356)
	at ptolemy.actor.Manager.run(Manager.java:1263)
	at ptolemy.actor.Manager$PtolemyRunThread.run(Manager.java:1915)
java.lang.RuntimeException: Execution failed
	at ptolemy.moml.MoMLSimpleApplication$UnloadThread.run(MoMLSimpleApplication.java:402)
Caused by: ptolemy.kernel.util.IllegalActionException: Found a zero delay loop containing .dependencyLoop.original
  in .dependencyLoop and .dependencyLoop.original
	at ptolemy.actor.util.CausalityInterfaceForComposites._computeOutputPortDepth(CausalityInterfaceForComposites.java:759)
	at ptolemy.actor.util.CausalityInterfaceForComposites._computeInputDepth(CausalityInterfaceForComposites.java:696)
	at ptolemy.actor.util.CausalityInterfaceForComposites._computeOutputPortDepth(CausalityInterfaceForComposites.java:765)
	at ptolemy.actor.util.CausalityInterfaceForComposites._computeInputDepth(CausalityInterfaceForComposites.java:696)
	at ptolemy.actor.util.CausalityInterfaceForComposites._computeOutputPortDepth(CausalityInterfaceForComposites.java:765)
	at ptolemy.actor.util.CausalityInterfaceForComposites._computeInputDepth(CausalityInterfaceForComposites.java:696)
	at ptolemy.actor.util.CausalityInterfaceForComposites._computeActorDepth(CausalityInterfaceForComposites.java:532)
	at ptolemy.actor.util.CausalityInterfaceForComposites.checkForCycles(CausalityInterfaceForComposites.java:96)
	at ptolemy.domains.de.kernel.DEDirector.preinitialize(DEDirector.java:1338)
	at ptolemy.actor.CompositeActor.preinitialize(CompositeActor.java:1828)
	at ptolemy.actor.Manager.preinitializeAndResolveTypes(Manager.java:1040)
	at ptolemy.actor.Manager.initialize(Manager.java:710)
	at ptolemy.actor.Manager.execute(Manager.java:356)
	at ptolemy.actor.Manager.run(Manager.java:1263)
	at ptolemy.actor.Manager$PtolemyRunThread.run(Manager.java:1915)
java.lang.reflect.InvocationTargetException
	at sun.reflect.NativeConstructorAccessorImpl.newInstance0(Native Method)
	at sun.reflect.NativeConstructorAccessorImpl.newInstance(NativeConstructorAccessorImpl.java:62)
	at sun.reflect.DelegatingConstructorAccessorImpl.newInstance(DelegatingConstructorAccessorImpl.java:45)
	at java.lang.reflect.Constructor.newInstance(Constructor.java:423)
	at ptolemy.util.test.junit.AutoKnownFailedTests.RunModel(AutoKnownFailedTests.java:105)
	at sun.reflect.NativeMethodAccessorImpl.invoke0(Native Method)
	at sun.reflect.NativeMethodAccessorImpl.invoke(NativeMethodAccessorImpl.java:62)
	at sun.reflect.DelegatingMethodAccessorImpl.invoke(DelegatingMethodAccessorImpl.java:43)
	at java.lang.reflect.Method.invoke(Method.java:498)
	at org.junit.runners.model.FrameworkMethod$1.runReflectiveCall(FrameworkMethod.java:44)
	at org.junit.internal.runners.model.ReflectiveCallable.run(ReflectiveCallable.java:15)
	at org.junit.runners.model.FrameworkMethod.invokeExplosively(FrameworkMethod.java:41)
	at junitparams.internal.InvokeParameterisedMethod.evaluate(InvokeParameterisedMethod.java:102)
	at org.junit.internal.runners.statements.FailOnTimeout$1.run(FailOnTimeout.java:28)
Caused by: ptolemy.kernel.util.IllegalActionException: Found a zero delay loop containing .dependencyLoop.original
  in .dependencyLoop and .dependencyLoop.original
	at ptolemy.actor.util.CausalityInterfaceForComposites._computeOutputPortDepth(CausalityInterfaceForComposites.java:759)
	at ptolemy.actor.util.CausalityInterfaceForComposites._computeInputDepth(CausalityInterfaceForComposites.java:696)
	at ptolemy.actor.util.CausalityInterfaceForComposites._computeOutputPortDepth(CausalityInterfaceForComposites.java:765)
	at ptolemy.actor.util.CausalityInterfaceForComposites._computeInputDepth(CausalityInterfaceForComposites.java:696)
	at ptolemy.actor.util.CausalityInterfaceForComposites._computeOutputPortDepth(CausalityInterfaceForComposites.java:765)
	at ptolemy.actor.util.CausalityInterfaceForComposites._computeInputDepth(CausalityInterfaceForComposites.java:696)
	at ptolemy.actor.util.CausalityInterfaceForComposites._computeActorDepth(CausalityInterfaceForComposites.java:532)
	at ptolemy.actor.util.CausalityInterfaceForComposites.checkForCycles(CausalityInterfaceForComposites.java:96)
	at ptolemy.domains.de.kernel.DEDirector.preinitialize(DEDirector.java:1338)
	at ptolemy.actor.CompositeActor.preinitialize(CompositeActor.java:1828)
	at ptolemy.actor.Manager.preinitializeAndResolveTypes(Manager.java:1040)
	at ptolemy.actor.Manager.initialize(Manager.java:710)
	at ptolemy.actor.Manager.execute(Manager.java:356)
	at ptolemy.actor.Manager.run(Manager.java:1263)
	at ptolemy.actor.Manager$PtolemyRunThread.run(Manager.java:1915)
java.lang.RuntimeException: Execution failed
	at ptolemy.moml.MoMLSimpleApplication$UnloadThread.run(MoMLSimpleApplication.java:402)
Caused by: ptolemy.kernel.util.IllegalActionException: Found a zero delay loop containing .dependencyLoop2.original
  in .dependencyLoop2 and .dependencyLoop2.original
	at ptolemy.actor.util.CausalityInterfaceForComposites._computeOutputPortDepth(CausalityInterfaceForComposites.java:759)
	at ptolemy.actor.util.CausalityInterfaceForComposites._computeInputDepth(CausalityInterfaceForComposites.java:696)
	at ptolemy.actor.util.CausalityInterfaceForComposites._computeOutputPortDepth(CausalityInterfaceForComposites.java:765)
	at ptolemy.actor.util.CausalityInterfaceForComposites._computeInputDepth(CausalityInterfaceForComposites.java:696)
	at ptolemy.actor.util.CausalityInterfaceForComposites._computeOutputPortDepth(CausalityInterfaceForComposites.java:765)
	at ptolemy.actor.util.CausalityInterfaceForComposites._computeInputDepth(CausalityInterfaceForComposites.java:696)
	at ptolemy.actor.util.CausalityInterfaceForComposites._computeActorDepth(CausalityInterfaceForComposites.java:532)
	at ptolemy.actor.util.CausalityInterfaceForComposites.checkForCycles(CausalityInterfaceForComposites.java:96)
	at ptolemy.domains.de.kernel.DEDirector.preinitialize(DEDirector.java:1338)
	at ptolemy.actor.CompositeActor.preinitialize(CompositeActor.java:1828)
	at ptolemy.actor.Manager.preinitializeAndResolveTypes(Manager.java:1040)
	at ptolemy.actor.Manager.initialize(Manager.java:710)
	at ptolemy.actor.Manager.execute(Manager.java:356)
	at ptolemy.actor.Manager.run(Manager.java:1263)
	at ptolemy.actor.Manager$PtolemyRunThread.run(Manager.java:1915)
java.lang.reflect.InvocationTargetException
	at sun.reflect.NativeConstructorAccessorImpl.newInstance0(Native Method)
	at sun.reflect.NativeConstructorAccessorImpl.newInstance(NativeConstructorAccessorImpl.java:62)
	at sun.reflect.DelegatingConstructorAccessorImpl.newInstance(DelegatingConstructorAccessorImpl.java:45)
	at java.lang.reflect.Constructor.newInstance(Constructor.java:423)
	at ptolemy.util.test.junit.AutoKnownFailedTests.RunModel(AutoKnownFailedTests.java:105)
	at sun.reflect.NativeMethodAccessorImpl.invoke0(Native Method)
	at sun.reflect.NativeMethodAccessorImpl.invoke(NativeMethodAccessorImpl.java:62)
	at sun.reflect.DelegatingMethodAccessorImpl.invoke(DelegatingMethodAccessorImpl.java:43)
	at java.lang.reflect.Method.invoke(Method.java:498)
	at org.junit.runners.model.FrameworkMethod$1.runReflectiveCall(FrameworkMethod.java:44)
	at org.junit.internal.runners.model.ReflectiveCallable.run(ReflectiveCallable.java:15)
	at org.junit.runners.model.FrameworkMethod.invokeExplosively(FrameworkMethod.java:41)
	at junitparams.internal.InvokeParameterisedMethod.evaluate(InvokeParameterisedMethod.java:102)
	at org.junit.internal.runners.statements.FailOnTimeout$1.run(FailOnTimeout.java:28)
Caused by: ptolemy.kernel.util.IllegalActionException: Found a zero delay loop containing .dependencyLoop2.original
  in .dependencyLoop2 and .dependencyLoop2.original
	at ptolemy.actor.util.CausalityInterfaceForComposites._computeOutputPortDepth(CausalityInterfaceForComposites.java:759)
	at ptolemy.actor.util.CausalityInterfaceForComposites._computeInputDepth(CausalityInterfaceForComposites.java:696)
	at ptolemy.actor.util.CausalityInterfaceForComposites._computeOutputPortDepth(CausalityInterfaceForComposites.java:765)
	at ptolemy.actor.util.CausalityInterfaceForComposites._computeInputDepth(CausalityInterfaceForComposites.java:696)
	at ptolemy.actor.util.CausalityInterfaceForComposites._computeOutputPortDepth(CausalityInterfaceForComposites.java:765)
	at ptolemy.actor.util.CausalityInterfaceForComposites._computeInputDepth(CausalityInterfaceForComposites.java:696)
	at ptolemy.actor.util.CausalityInterfaceForComposites._computeActorDepth(CausalityInterfaceForComposites.java:532)
	at ptolemy.actor.util.CausalityInterfaceForComposites.checkForCycles(CausalityInterfaceForComposites.java:96)
	at ptolemy.domains.de.kernel.DEDirector.preinitialize(DEDirector.java:1338)
	at ptolemy.actor.CompositeActor.preinitialize(CompositeActor.java:1828)
	at ptolemy.actor.Manager.preinitializeAndResolveTypes(Manager.java:1040)
	at ptolemy.actor.Manager.initialize(Manager.java:710)
	at ptolemy.actor.Manager.execute(Manager.java:356)
	at ptolemy.actor.Manager.run(Manager.java:1263)
	at ptolemy.actor.Manager$PtolemyRunThread.run(Manager.java:1915)
]]></system-err>
</testsuite>
