<?xml version="1.0" encoding="UTF-8" ?>
<testsuite errors="0" failures="0" hostname="travis-job-a3c207f5-d2ff-474b-add1-917660780126" name="ptolemy.domains.sdf.lib.test.junit.JUnitTclTest" skipped="0" tests="82" time="9.469" timestamp="2018-08-21T02:01:50">
  <properties>
[...]
</properties>
  <testcase classname="ptolemy.util.test.junit.TclTests" name="[0] /home/travis/build/icyphy/ptII/ptolemy/domains/sdf/lib/test/ArrayToSequence.tcl (RunTclFile)" time="0.592" />
  <testcase classname="ptolemy.util.test.junit.TclTests" name="[1] /home/travis/build/icyphy/ptII/ptolemy/domains/sdf/lib/test/BitsToInt.tcl (RunTclFile)" time="0.075" />
  <testcase classname="ptolemy.util.test.junit.TclTests" name="[2] /home/travis/build/icyphy/ptII/ptolemy/domains/sdf/lib/test/DelayLine.tcl (RunTclFile)" time="0.034" />
  <testcase classname="ptolemy.util.test.junit.TclTests" name="[3] /home/travis/build/icyphy/ptII/ptolemy/domains/sdf/lib/test/FFT.tcl (RunTclFile)" time="0.018" />
  <testcase classname="ptolemy.util.test.junit.TclTests" name="[4] /home/travis/build/icyphy/ptII/ptolemy/domains/sdf/lib/test/FIR.tcl (RunTclFile)" time="0.114" />
  <testcase classname="ptolemy.util.test.junit.TclTests" name="[5] /home/travis/build/icyphy/ptII/ptolemy/domains/sdf/lib/test/IntToBits.tcl (RunTclFile)" time="0.05" />
  <testcase classname="ptolemy.util.test.junit.TclTests" name="[6] /home/travis/build/icyphy/ptII/ptolemy/domains/sdf/lib/test/MaximumEntropySpectrum.tcl (RunTclFile)" time="0.28" />
  <testcase classname="ptolemy.util.test.junit.TclTests" name="[7] /home/travis/build/icyphy/ptII/ptolemy/domains/sdf/lib/test/Repeat.tcl (RunTclFile)" time="0.035" />
  <testcase classname="ptolemy.util.test.junit.TclTests" name="[8] /home/travis/build/icyphy/ptII/ptolemy/domains/sdf/lib/test/SampleDelay.tcl (RunTclFile)" time="0.053" />
  <testcase classname="ptolemy.util.test.junit.TclTests" name="[9] /home/travis/build/icyphy/ptII/ptolemy/domains/sdf/lib/test/SequenceToArray.tcl (RunTclFile)" time="0.044" />
  <testcase classname="ptolemy.util.test.junit.AutoKnownFailedTests" name="[0] ThereAreNoKnowFailedTests (RunModel)" time="0.0" />
  <testcase classname="ptolemy.util.test.junit.AutoNameArchTests" name="[0] ThereAreNoAutoArchTests (RunModel)" time="0.001" />
  <testcase classname="ptolemy.util.test.junit.AutoTests" name="[0] /home/travis/build/icyphy/ptII/ptolemy/domains/sdf/lib/test/auto/ArrayToSequence.xml (RunModel)" time="0.197" />
  <testcase classname="ptolemy.util.test.junit.AutoTests" name="[1] /home/travis/build/icyphy/ptII/ptolemy/domains/sdf/lib/test/auto/ArrayToSequenceTest.xml (RunModel)" time="0.073" />
  <testcase classname="ptolemy.util.test.junit.AutoTests" name="[2] /home/travis/build/icyphy/ptII/ptolemy/domains/sdf/lib/test/auto/Autocorrelation.xml (RunModel)" time="0.028" />
  <testcase classname="ptolemy.util.test.junit.AutoTests" name="[3] /home/travis/build/icyphy/ptII/ptolemy/domains/sdf/lib/test/auto/Autocorrelation2.xml (RunModel)" time="0.045" />
  <testcase classname="ptolemy.util.test.junit.AutoTests" name="[4] /home/travis/build/icyphy/ptII/ptolemy/domains/sdf/lib/test/auto/Autocorrelation3.xml (RunModel)" time="0.049" />
  <testcase classname="ptolemy.util.test.junit.AutoTests" name="[5] /home/travis/build/icyphy/ptII/ptolemy/domains/sdf/lib/test/auto/Autocorrelation4.xml (RunModel)" time="0.053" />
  <testcase classname="ptolemy.util.test.junit.AutoTests" name="[6] /home/travis/build/icyphy/ptII/ptolemy/domains/sdf/lib/test/auto/Autocorrelation5.xml (RunModel)" time="0.125" />
  <testcase classname="ptolemy.util.test.junit.AutoTests" name="[7] /home/travis/build/icyphy/ptII/ptolemy/domains/sdf/lib/test/auto/BitsToInt.xml (RunModel)" time="0.034" />
  <testcase classname="ptolemy.util.test.junit.AutoTests" name="[8] /home/travis/build/icyphy/ptII/ptolemy/domains/sdf/lib/test/auto/BooleanJoin.xml (RunModel)" time="0.044" />
  <testcase classname="ptolemy.util.test.junit.AutoTests" name="[9] /home/travis/build/icyphy/ptII/ptolemy/domains/sdf/lib/test/auto/BootstrapSampleDelay.xml (RunModel)" time="0.038" />
  <testcase classname="ptolemy.util.test.junit.AutoTests" name="[10] /home/travis/build/icyphy/ptII/ptolemy/domains/sdf/lib/test/auto/Chop.xml (RunModel)" time="0.06" />
  <testcase classname="ptolemy.util.test.junit.AutoTests" name="[11] /home/travis/build/icyphy/ptII/ptolemy/domains/sdf/lib/test/auto/Chop2.xml (RunModel)" time="0.044" />
  <testcase classname="ptolemy.util.test.junit.AutoTests" name="[12] /home/travis/build/icyphy/ptII/ptolemy/domains/sdf/lib/test/auto/ComplexJoin.xml (RunModel)" time="0.048" />
  <testcase classname="ptolemy.util.test.junit.AutoTests" name="[13] /home/travis/build/icyphy/ptII/ptolemy/domains/sdf/lib/test/auto/CountTrues.xml (RunModel)" time="0.023" />
  <testcase classname="ptolemy.util.test.junit.AutoTests" name="[14] /home/travis/build/icyphy/ptII/ptolemy/domains/sdf/lib/test/auto/DelayLine.xml (RunModel)" time="0.04" />
  <testcase classname="ptolemy.util.test.junit.AutoTests" name="[15] /home/travis/build/icyphy/ptII/ptolemy/domains/sdf/lib/test/auto/DotProduct.xml (RunModel)" time="0.025" />
  <testcase classname="ptolemy.util.test.junit.AutoTests" name="[16] /home/travis/build/icyphy/ptII/ptolemy/domains/sdf/lib/test/auto/DotProductMatrix.xml (RunModel)" time="0.025" />
  <testcase classname="ptolemy.util.test.junit.AutoTests" name="[17] /home/travis/build/icyphy/ptII/ptolemy/domains/sdf/lib/test/auto/DownSample1.xml (RunModel)" time="0.023" />
  <testcase classname="ptolemy.util.test.junit.AutoTests" name="[18] /home/travis/build/icyphy/ptII/ptolemy/domains/sdf/lib/test/auto/DynamicRateChange.xml (RunModel)" time="0.035" />
  <testcase classname="ptolemy.util.test.junit.AutoTests" name="[19] /home/travis/build/icyphy/ptII/ptolemy/domains/sdf/lib/test/auto/DynamicRates.xml (RunModel)" time="0.034" />
  <testcase classname="ptolemy.util.test.junit.AutoTests" name="[20] /home/travis/build/icyphy/ptII/ptolemy/domains/sdf/lib/test/auto/FFT1.xml (RunModel)" time="0.033" />
  <testcase classname="ptolemy.util.test.junit.AutoTests" name="[21] /home/travis/build/icyphy/ptII/ptolemy/domains/sdf/lib/test/auto/FIR1.xml (RunModel)" time="0.062" />
  <testcase classname="ptolemy.util.test.junit.AutoTests" name="[22] /home/travis/build/icyphy/ptII/ptolemy/domains/sdf/lib/test/auto/FIR2.xml (RunModel)" time="0.015" />
  <testcase classname="ptolemy.util.test.junit.AutoTests" name="[23] /home/travis/build/icyphy/ptII/ptolemy/domains/sdf/lib/test/auto/FIR4.xml (RunModel)" time="0.041" />
  <testcase classname="ptolemy.util.test.junit.AutoTests" name="[24] /home/travis/build/icyphy/ptII/ptolemy/domains/sdf/lib/test/auto/FixJoin.xml (RunModel)" time="0.055" />
  <testcase classname="ptolemy.util.test.junit.AutoTests" name="[25] /home/travis/build/icyphy/ptII/ptolemy/domains/sdf/lib/test/auto/IntJoin1.xml (RunModel)" time="0.025" />
  <testcase classname="ptolemy.util.test.junit.AutoTests" name="[26] /home/travis/build/icyphy/ptII/ptolemy/domains/sdf/lib/test/auto/IntJoin2.xml (RunModel)" time="0.024" />
  <testcase classname="ptolemy.util.test.junit.AutoTests" name="[27] /home/travis/build/icyphy/ptII/ptolemy/domains/sdf/lib/test/auto/IntJoin3.xml (RunModel)" time="0.022" />
  <testcase classname="ptolemy.util.test.junit.AutoTests" name="[28] /home/travis/build/icyphy/ptII/ptolemy/domains/sdf/lib/test/auto/IntJoin4.xml (RunModel)" time="0.028" />
  <testcase classname="ptolemy.util.test.junit.AutoTests" name="[29] /home/travis/build/icyphy/ptII/ptolemy/domains/sdf/lib/test/auto/IntJoin5.xml (RunModel)" time="0.023" />
  <testcase classname="ptolemy.util.test.junit.AutoTests" name="[30] /home/travis/build/icyphy/ptII/ptolemy/domains/sdf/lib/test/auto/IntToBits.xml (RunModel)" time="0.019" />
  <testcase classname="ptolemy.util.test.junit.AutoTests" name="[31] /home/travis/build/icyphy/ptII/ptolemy/domains/sdf/lib/test/auto/LMSAdaptive.xml (RunModel)" time="0.079" />
  <testcase classname="ptolemy.util.test.junit.AutoTests" name="[32] /home/travis/build/icyphy/ptII/ptolemy/domains/sdf/lib/test/auto/LMSAdaptiveFIR.xml (RunModel)" time="0.32" />
  <testcase classname="ptolemy.util.test.junit.AutoTests" name="[33] /home/travis/build/icyphy/ptII/ptolemy/domains/sdf/lib/test/auto/LMSAdaptiveFIR2.xml (RunModel)" time="0.459" />
  <testcase classname="ptolemy.util.test.junit.AutoTests" name="[34] /home/travis/build/icyphy/ptII/ptolemy/domains/sdf/lib/test/auto/LongJoin.xml (RunModel)" time="0.034" />
  <testcase classname="ptolemy.util.test.junit.AutoTests" name="[35] /home/travis/build/icyphy/ptII/ptolemy/domains/sdf/lib/test/auto/Matrix1.xml (RunModel)" time="0.027" />
  <testcase classname="ptolemy.util.test.junit.AutoTests" name="[36] /home/travis/build/icyphy/ptII/ptolemy/domains/sdf/lib/test/auto/Matrix2.xml (RunModel)" time="0.028" />
  <testcase classname="ptolemy.util.test.junit.AutoTests" name="[37] /home/travis/build/icyphy/ptII/ptolemy/domains/sdf/lib/test/auto/MatrixJoin1.xml (RunModel)" time="0.061" />
  <testcase classname="ptolemy.util.test.junit.AutoTests" name="[38] /home/travis/build/icyphy/ptII/ptolemy/domains/sdf/lib/test/auto/MatrixJoin2.xml (RunModel)" time="0.023" />
  <testcase classname="ptolemy.util.test.junit.AutoTests" name="[39] /home/travis/build/icyphy/ptII/ptolemy/domains/sdf/lib/test/auto/MatrixJoin3.xml (RunModel)" time="0.031" />
  <testcase classname="ptolemy.util.test.junit.AutoTests" name="[40] /home/travis/build/icyphy/ptII/ptolemy/domains/sdf/lib/test/auto/MatrixJoin4.xml (RunModel)" time="0.022" />
  <testcase classname="ptolemy.util.test.junit.AutoTests" name="[41] /home/travis/build/icyphy/ptII/ptolemy/domains/sdf/lib/test/auto/MatrixJoin5.xml (RunModel)" time="0.023" />
  <testcase classname="ptolemy.util.test.junit.AutoTests" name="[42] /home/travis/build/icyphy/ptII/ptolemy/domains/sdf/lib/test/auto/MatrixSplit1.xml (RunModel)" time="0.037" />
  <testcase classname="ptolemy.util.test.junit.AutoTests" name="[43] /home/travis/build/icyphy/ptII/ptolemy/domains/sdf/lib/test/auto/MatrixSplit10.xml (RunModel)" time="0.026" />
  <testcase classname="ptolemy.util.test.junit.AutoTests" name="[44] /home/travis/build/icyphy/ptII/ptolemy/domains/sdf/lib/test/auto/MatrixSplit11.xml (RunModel)" time="0.024" />
  <testcase classname="ptolemy.util.test.junit.AutoTests" name="[45] /home/travis/build/icyphy/ptII/ptolemy/domains/sdf/lib/test/auto/MatrixSplit12.xml (RunModel)" time="0.028" />
  <testcase classname="ptolemy.util.test.junit.AutoTests" name="[46] /home/travis/build/icyphy/ptII/ptolemy/domains/sdf/lib/test/auto/MatrixSplit13.xml (RunModel)" time="0.034" />
  <testcase classname="ptolemy.util.test.junit.AutoTests" name="[47] /home/travis/build/icyphy/ptII/ptolemy/domains/sdf/lib/test/auto/MatrixSplit14.xml (RunModel)" time="0.025" />
  <testcase classname="ptolemy.util.test.junit.AutoTests" name="[48] /home/travis/build/icyphy/ptII/ptolemy/domains/sdf/lib/test/auto/MatrixSplit2.xml (RunModel)" time="0.021" />
  <testcase classname="ptolemy.util.test.junit.AutoTests" name="[49] /home/travis/build/icyphy/ptII/ptolemy/domains/sdf/lib/test/auto/MatrixSplit3.xml (RunModel)" time="0.018" />
  <testcase classname="ptolemy.util.test.junit.AutoTests" name="[50] /home/travis/build/icyphy/ptII/ptolemy/domains/sdf/lib/test/auto/MatrixSplit4.xml (RunModel)" time="0.019" />
  <testcase classname="ptolemy.util.test.junit.AutoTests" name="[51] /home/travis/build/icyphy/ptII/ptolemy/domains/sdf/lib/test/auto/MatrixSplit5.xml (RunModel)" time="0.025" />
  <testcase classname="ptolemy.util.test.junit.AutoTests" name="[52] /home/travis/build/icyphy/ptII/ptolemy/domains/sdf/lib/test/auto/MatrixSplit6.xml (RunModel)" time="0.019" />
  <testcase classname="ptolemy.util.test.junit.AutoTests" name="[53] /home/travis/build/icyphy/ptII/ptolemy/domains/sdf/lib/test/auto/MatrixSplit7.xml (RunModel)" time="0.021" />
  <testcase classname="ptolemy.util.test.junit.AutoTests" name="[54] /home/travis/build/icyphy/ptII/ptolemy/domains/sdf/lib/test/auto/MatrixSplit8.xml (RunModel)" time="0.018" />
  <testcase classname="ptolemy.util.test.junit.AutoTests" name="[55] /home/travis/build/icyphy/ptII/ptolemy/domains/sdf/lib/test/auto/MatrixSplit9.xml (RunModel)" time="0.038" />
  <testcase classname="ptolemy.util.test.junit.AutoTests" name="[56] /home/travis/build/icyphy/ptII/ptolemy/domains/sdf/lib/test/auto/MatrixToSequence.xml (RunModel)" time="0.044" />
  <testcase classname="ptolemy.util.test.junit.AutoTests" name="[57] /home/travis/build/icyphy/ptII/ptolemy/domains/sdf/lib/test/auto/MaximumEntropySpectrum.xml (RunModel)" time="0.085" />
  <testcase classname="ptolemy.util.test.junit.AutoTests" name="[58] /home/travis/build/icyphy/ptII/ptolemy/domains/sdf/lib/test/auto/SampleDelayConversion.xml (RunModel)" time="0.018" />
  <testcase classname="ptolemy.util.test.junit.AutoTests" name="[59] /home/travis/build/icyphy/ptII/ptolemy/domains/sdf/lib/test/auto/SequenceToArray.xml (RunModel)" time="0.049" />
  <testcase classname="ptolemy.util.test.junit.AutoTests" name="[60] /home/travis/build/icyphy/ptII/ptolemy/domains/sdf/lib/test/auto/SequenceToMatrix.xml (RunModel)" time="4.236" />
  <testcase classname="ptolemy.util.test.junit.AutoTests" name="[61] /home/travis/build/icyphy/ptII/ptolemy/domains/sdf/lib/test/auto/SmoothedPeriodogram.xml (RunModel)" time="0.069" />
  <testcase classname="ptolemy.util.test.junit.AutoTests" name="[62] /home/travis/build/icyphy/ptII/ptolemy/domains/sdf/lib/test/auto/UpDownSample1.xml (RunModel)" time="0.02" />
  <testcase classname="ptolemy.util.test.junit.AutoTests" name="[63] /home/travis/build/icyphy/ptII/ptolemy/domains/sdf/lib/test/auto/UpSample1.xml (RunModel)" time="0.023" />
  <testcase classname="ptolemy.util.test.junit.AutoTests" name="[64] /home/travis/build/icyphy/ptII/ptolemy/domains/sdf/lib/test/auto/VariableFIR.xml (RunModel)" time="0.039" />
  <testcase classname="ptolemy.util.test.junit.AutoTests" name="[65] /home/travis/build/icyphy/ptII/ptolemy/domains/sdf/lib/test/auto/VariableFIR2.xml (RunModel)" time="0.022" />
  <testcase classname="ptolemy.util.test.junit.AutoTests" name="[66] /home/travis/build/icyphy/ptII/ptolemy/domains/sdf/lib/test/auto/VariableLattice.xml (RunModel)" time="0.028" />
  <testcase classname="ptolemy.util.test.junit.AutoTests" name="[67] /home/travis/build/icyphy/ptII/ptolemy/domains/sdf/lib/test/auto/VariableLattice2.xml (RunModel)" time="0.024" />
  <testcase classname="ptolemy.util.test.junit.AutoTests" name="[68] /home/travis/build/icyphy/ptII/ptolemy/domains/sdf/lib/test/auto/VariableRecursiveLattice.xml (RunModel)" time="0.03" />
  <testcase classname="ptolemy.util.test.junit.AutoTests" name="[69] /home/travis/build/icyphy/ptII/ptolemy/domains/sdf/lib/test/auto/VariableRecursiveLattice2.xml (RunModel)" time="0.022" />
  <system-out><![CDATA[/home/travis/build/icyphy/ptII/ptolemy/domains/sdf/lib/test/ArrayToSequence.tcl
testDefs.tcl: setting time out to 9000 seconds at Tue Aug 21 02:01:50 UTC 2018
72 ms. Memory: 116224K Free: 110195K (95%)
23 ms. Memory: 116224K Free: 108411K (93%)
17 ms. Memory: 116224K Free: 106586K (92%)
25 ms. Memory: 116224K Free: 105391K (91%)
/home/travis/build/icyphy/ptII/ptolemy/domains/sdf/lib/test/BitsToInt.tcl
23 ms. Memory: 116224K Free: 103621K (89%)
17 ms. Memory: 116224K Free: 101829K (88%)
/home/travis/build/icyphy/ptII/ptolemy/domains/sdf/lib/test/DelayLine.tcl
14 ms. Memory: 116224K Free: 100053K (86%)
/home/travis/build/icyphy/ptII/ptolemy/domains/sdf/lib/test/FFT.tcl
5 ms. Memory: 116224K Free: 98253K (85%)
/home/travis/build/icyphy/ptII/ptolemy/domains/sdf/lib/test/FIR.tcl
7 ms. Memory: 116224K Free: 95887K (83%)
8 ms. Memory: 116224K Free: 95296K (82%)
ptolemy.kernel.util.IllegalActionException: multiplyReverse method not supported between ptolemy.data.FixToken 'fix(-0.0625,6,2)' and ptolemy.data.IntToken '1' because the types are incomparable.
  in .top.FIRclone
Because:
multiplyReverse method not supported between ptolemy.data.FixToken 'fix(-0.0625,6,2)' and ptolemy.data.IntToken '1' because the types are incomparable.
33 ms. Memory: 116224K Free: 92922K (80%)
/home/travis/build/icyphy/ptII/ptolemy/domains/sdf/lib/test/IntToBits.tcl
11 ms. Memory: 116224K Free: 91121K (78%)
4 ms. Memory: 116224K Free: 89289K (77%)
/home/travis/build/icyphy/ptII/ptolemy/domains/sdf/lib/test/MaximumEntropySpectrum.tcl
/home/travis/build/icyphy/ptII/ptolemy/domains/sdf/lib/test/Repeat.tcl
7 ms. Memory: 146944K Free: 119443K (81%)
/home/travis/build/icyphy/ptII/ptolemy/domains/sdf/lib/test/SampleDelay.tcl
8 ms. Memory: 146944K Free: 117078K (80%)
7 ms. Memory: 146944K Free: 115896K (79%)
3 ms. Memory: 146944K Free: 114713K (78%)
3 ms. Memory: 146944K Free: 114713K (78%)
2 ms. Memory: 146944K Free: 113531K (77%)
1 ms. Memory: 146944K Free: 113531K (77%)
/home/travis/build/icyphy/ptII/ptolemy/domains/sdf/lib/test/SequenceToArray.tcl
13 ms. Memory: 146944K Free: 111166K (76%)
4 ms. Memory: 146944K Free: 111166K (76%)
4 ms. Memory: 146944K Free: 109983K (75%)
4 ms. Memory: 146944K Free: 108800K (74%)
08/21/18 02:01:51
Failed: 0  Total Tests: 41  ((Passed: 41, Newly Passed: 0)  Known Failed: 0) /home/travis/build/icyphy/ptII/ptolemy/domains/sdf/lib/test
No auto/knownFailedTests/*.xml tests in /home/travis/build/icyphy/ptII/ptolemy/domains/sdf/lib/test
No auto/linux-amd64/*.xml tests in /home/travis/build/icyphy/ptII/ptolemy/domains/sdf/lib/test
AutoTests.java: About to close Vertx.
AutoTests.java: Vertx closed.

===========================================================================================
----------------- testing Tue Aug 21 02:01:51 UTC 2018 /home/travis/build/icyphy/ptII/ptolemy/domains/sdf/lib/test/auto/ArrayToSequence.xml
----------------- Instantiating /home/travis/build/icyphy/ptII/ptolemy/domains/sdf/lib/test/auto/ArrayToSequence.xml
36 ms. Memory: 146944K Free: 125729K (86%)
----------------- Invoking toplevel() on ptolemy.moml.MoMLSimpleApplication@2d25c6b6
----------------- Done invoking toplevel() on ptolemy.moml.MoMLSimpleApplication@2d25c6b6
reloadAllAccessors: .ArrayToSequence

===========================================================================================
----------------- testing Tue Aug 21 02:01:52 UTC 2018 /home/travis/build/icyphy/ptII/ptolemy/domains/sdf/lib/test/auto/ArrayToSequenceTest.xml
----------------- Instantiating /home/travis/build/icyphy/ptII/ptolemy/domains/sdf/lib/test/auto/ArrayToSequenceTest.xml
7 ms. Memory: 146944K Free: 117912K (80%)
----------------- Invoking toplevel() on ptolemy.moml.MoMLSimpleApplication@31e763d1
----------------- Done invoking toplevel() on ptolemy.moml.MoMLSimpleApplication@31e763d1
reloadAllAccessors: .ArrayToSequenceTest

===========================================================================================
----------------- testing Tue Aug 21 02:01:52 UTC 2018 /home/travis/build/icyphy/ptII/ptolemy/domains/sdf/lib/test/auto/Autocorrelation.xml
----------------- Instantiating /home/travis/build/icyphy/ptII/ptolemy/domains/sdf/lib/test/auto/Autocorrelation.xml
8 ms. Memory: 146944K Free: 113326K (77%)
----------------- Invoking toplevel() on ptolemy.moml.MoMLSimpleApplication@68fbd66
----------------- Done invoking toplevel() on ptolemy.moml.MoMLSimpleApplication@68fbd66
reloadAllAccessors: .Autocorrelation

===========================================================================================
----------------- testing Tue Aug 21 02:01:52 UTC 2018 /home/travis/build/icyphy/ptII/ptolemy/domains/sdf/lib/test/auto/Autocorrelation2.xml
----------------- Instantiating /home/travis/build/icyphy/ptII/ptolemy/domains/sdf/lib/test/auto/Autocorrelation2.xml
4 ms. Memory: 146944K Free: 108788K (74%)
----------------- Invoking toplevel() on ptolemy.moml.MoMLSimpleApplication@71829dfe
----------------- Done invoking toplevel() on ptolemy.moml.MoMLSimpleApplication@71829dfe
reloadAllAccessors: .Autocorrelation2

===========================================================================================
----------------- testing Tue Aug 21 02:01:52 UTC 2018 /home/travis/build/icyphy/ptII/ptolemy/domains/sdf/lib/test/auto/Autocorrelation3.xml
----------------- Instantiating /home/travis/build/icyphy/ptII/ptolemy/domains/sdf/lib/test/auto/Autocorrelation3.xml
3 ms. Memory: 146944K Free: 103476K (70%)
----------------- Invoking toplevel() on ptolemy.moml.MoMLSimpleApplication@28289f6
----------------- Done invoking toplevel() on ptolemy.moml.MoMLSimpleApplication@28289f6
reloadAllAccessors: .Autocorrelation3

===========================================================================================
----------------- testing Tue Aug 21 02:01:52 UTC 2018 /home/travis/build/icyphy/ptII/ptolemy/domains/sdf/lib/test/auto/Autocorrelation4.xml
----------------- Instantiating /home/travis/build/icyphy/ptII/ptolemy/domains/sdf/lib/test/auto/Autocorrelation4.xml
6 ms. Memory: 146944K Free: 98842K (67%)
----------------- Invoking toplevel() on ptolemy.moml.MoMLSimpleApplication@51a8cf1e
----------------- Done invoking toplevel() on ptolemy.moml.MoMLSimpleApplication@51a8cf1e
reloadAllAccessors: .Autocorrelation4

===========================================================================================
----------------- testing Tue Aug 21 02:01:52 UTC 2018 /home/travis/build/icyphy/ptII/ptolemy/domains/sdf/lib/test/auto/Autocorrelation5.xml
----------------- Instantiating /home/travis/build/icyphy/ptII/ptolemy/domains/sdf/lib/test/auto/Autocorrelation5.xml
60 ms. Memory: 146944K Free: 91306K (62%)
----------------- Invoking toplevel() on ptolemy.moml.MoMLSimpleApplication@2480183f
----------------- Done invoking toplevel() on ptolemy.moml.MoMLSimpleApplication@2480183f
reloadAllAccessors: .Autocorrelation5

===========================================================================================
----------------- testing Tue Aug 21 02:01:52 UTC 2018 /home/travis/build/icyphy/ptII/ptolemy/domains/sdf/lib/test/auto/BitsToInt.xml
----------------- Instantiating /home/travis/build/icyphy/ptII/ptolemy/domains/sdf/lib/test/auto/BitsToInt.xml
5 ms. Memory: 146944K Free: 86829K (59%)
----------------- Invoking toplevel() on ptolemy.moml.MoMLSimpleApplication@1f15c777
----------------- Done invoking toplevel() on ptolemy.moml.MoMLSimpleApplication@1f15c777
reloadAllAccessors: .BitsToInt

===========================================================================================
----------------- testing Tue Aug 21 02:01:52 UTC 2018 /home/travis/build/icyphy/ptII/ptolemy/domains/sdf/lib/test/auto/BooleanJoin.xml
----------------- Instantiating /home/travis/build/icyphy/ptII/ptolemy/domains/sdf/lib/test/auto/BooleanJoin.xml
5 ms. Memory: 146944K Free: 82163K (56%)
----------------- Invoking toplevel() on ptolemy.moml.MoMLSimpleApplication@7b001725
----------------- Done invoking toplevel() on ptolemy.moml.MoMLSimpleApplication@7b001725
reloadAllAccessors: .BooleanJoin

===========================================================================================
----------------- testing Tue Aug 21 02:01:52 UTC 2018 /home/travis/build/icyphy/ptII/ptolemy/domains/sdf/lib/test/auto/BootstrapSampleDelay.xml
----------------- Instantiating /home/travis/build/icyphy/ptII/ptolemy/domains/sdf/lib/test/auto/BootstrapSampleDelay.xml
9 ms. Memory: 146944K Free: 78404K (53%)
----------------- Invoking toplevel() on ptolemy.moml.MoMLSimpleApplication@2f4a5bf9
----------------- Done invoking toplevel() on ptolemy.moml.MoMLSimpleApplication@2f4a5bf9
reloadAllAccessors: .BootstrapSampleDelay

===========================================================================================
----------------- testing Tue Aug 21 02:01:52 UTC 2018 /home/travis/build/icyphy/ptII/ptolemy/domains/sdf/lib/test/auto/Chop.xml
----------------- Instantiating /home/travis/build/icyphy/ptII/ptolemy/domains/sdf/lib/test/auto/Chop.xml
6 ms. Memory: 208384K Free: 190911K (92%)
----------------- Invoking toplevel() on ptolemy.moml.MoMLSimpleApplication@4ed54e95
----------------- Done invoking toplevel() on ptolemy.moml.MoMLSimpleApplication@4ed54e95
reloadAllAccessors: .Chop

===========================================================================================
----------------- testing Tue Aug 21 02:01:52 UTC 2018 /home/travis/build/icyphy/ptII/ptolemy/domains/sdf/lib/test/auto/Chop2.xml
----------------- Instantiating /home/travis/build/icyphy/ptII/ptolemy/domains/sdf/lib/test/auto/Chop2.xml
11 ms. Memory: 208384K Free: 184120K (88%)
----------------- Invoking toplevel() on ptolemy.moml.MoMLSimpleApplication@548843e8
----------------- Done invoking toplevel() on ptolemy.moml.MoMLSimpleApplication@548843e8
reloadAllAccessors: .Chop2

===========================================================================================
----------------- testing Tue Aug 21 02:01:52 UTC 2018 /home/travis/build/icyphy/ptII/ptolemy/domains/sdf/lib/test/auto/ComplexJoin.xml
----------------- Instantiating /home/travis/build/icyphy/ptII/ptolemy/domains/sdf/lib/test/auto/ComplexJoin.xml
4 ms. Memory: 208384K Free: 179181K (86%)
----------------- Invoking toplevel() on ptolemy.moml.MoMLSimpleApplication@451125b7
----------------- Done invoking toplevel() on ptolemy.moml.MoMLSimpleApplication@451125b7
reloadAllAccessors: .ComplexJoin

===========================================================================================
----------------- testing Tue Aug 21 02:01:52 UTC 2018 /home/travis/build/icyphy/ptII/ptolemy/domains/sdf/lib/test/auto/CountTrues.xml
----------------- Instantiating /home/travis/build/icyphy/ptII/ptolemy/domains/sdf/lib/test/auto/CountTrues.xml
4 ms. Memory: 208384K Free: 176109K (85%)
----------------- Invoking toplevel() on ptolemy.moml.MoMLSimpleApplication@18e9968b
----------------- Done invoking toplevel() on ptolemy.moml.MoMLSimpleApplication@18e9968b
reloadAllAccessors: .CountTrues

===========================================================================================
----------------- testing Tue Aug 21 02:01:52 UTC 2018 /home/travis/build/icyphy/ptII/ptolemy/domains/sdf/lib/test/auto/DelayLine.xml
----------------- Instantiating /home/travis/build/icyphy/ptII/ptolemy/domains/sdf/lib/test/auto/DelayLine.xml
8 ms. Memory: 208384K Free: 170531K (82%)
----------------- Invoking toplevel() on ptolemy.moml.MoMLSimpleApplication@2a9abf33
----------------- Done invoking toplevel() on ptolemy.moml.MoMLSimpleApplication@2a9abf33
reloadAllAccessors: .DelayLine

===========================================================================================
----------------- testing Tue Aug 21 02:01:52 UTC 2018 /home/travis/build/icyphy/ptII/ptolemy/domains/sdf/lib/test/auto/DotProduct.xml
----------------- Instantiating /home/travis/build/icyphy/ptII/ptolemy/domains/sdf/lib/test/auto/DotProduct.xml
4 ms. Memory: 208384K Free: 165893K (80%)
----------------- Invoking toplevel() on ptolemy.moml.MoMLSimpleApplication@78ab7ae7
----------------- Done invoking toplevel() on ptolemy.moml.MoMLSimpleApplication@78ab7ae7
reloadAllAccessors: .DotProduct

===========================================================================================
----------------- testing Tue Aug 21 02:01:52 UTC 2018 /home/travis/build/icyphy/ptII/ptolemy/domains/sdf/lib/test/auto/DotProductMatrix.xml
----------------- Instantiating /home/travis/build/icyphy/ptII/ptolemy/domains/sdf/lib/test/auto/DotProductMatrix.xml
5 ms. Memory: 208384K Free: 162773K (78%)
----------------- Invoking toplevel() on ptolemy.moml.MoMLSimpleApplication@4cef30b2
----------------- Done invoking toplevel() on ptolemy.moml.MoMLSimpleApplication@4cef30b2
reloadAllAccessors: .DotProductMatrix

===========================================================================================
----------------- testing Tue Aug 21 02:01:52 UTC 2018 /home/travis/build/icyphy/ptII/ptolemy/domains/sdf/lib/test/auto/DownSample1.xml
----------------- Instantiating /home/travis/build/icyphy/ptII/ptolemy/domains/sdf/lib/test/auto/DownSample1.xml
2 ms. Memory: 208384K Free: 159087K (76%)
----------------- Invoking toplevel() on ptolemy.moml.MoMLSimpleApplication@66380ded
----------------- Done invoking toplevel() on ptolemy.moml.MoMLSimpleApplication@66380ded
reloadAllAccessors: .DownSample1

===========================================================================================
----------------- testing Tue Aug 21 02:01:52 UTC 2018 /home/travis/build/icyphy/ptII/ptolemy/domains/sdf/lib/test/auto/DynamicRateChange.xml
----------------- Instantiating /home/travis/build/icyphy/ptII/ptolemy/domains/sdf/lib/test/auto/DynamicRateChange.xml
13 ms. Memory: 208384K Free: 152911K (73%)
----------------- Invoking toplevel() on ptolemy.moml.MoMLSimpleApplication@5aaf8b5e
----------------- Done invoking toplevel() on ptolemy.moml.MoMLSimpleApplication@5aaf8b5e
reloadAllAccessors: .DynamicRateChange

===========================================================================================
----------------- testing Tue Aug 21 02:01:53 UTC 2018 /home/travis/build/icyphy/ptII/ptolemy/domains/sdf/lib/test/auto/DynamicRates.xml
----------------- Instantiating /home/travis/build/icyphy/ptII/ptolemy/domains/sdf/lib/test/auto/DynamicRates.xml
10 ms. Memory: 208384K Free: 145833K (70%)
----------------- Invoking toplevel() on ptolemy.moml.MoMLSimpleApplication@66e7d4f6
----------------- Done invoking toplevel() on ptolemy.moml.MoMLSimpleApplication@66e7d4f6
reloadAllAccessors: .DynamicRates

===========================================================================================
----------------- testing Tue Aug 21 02:01:53 UTC 2018 /home/travis/build/icyphy/ptII/ptolemy/domains/sdf/lib/test/auto/FFT1.xml
----------------- Instantiating /home/travis/build/icyphy/ptII/ptolemy/domains/sdf/lib/test/auto/FFT1.xml
10 ms. Memory: 208384K Free: 140918K (68%)
----------------- Invoking toplevel() on ptolemy.moml.MoMLSimpleApplication@5dc514af
----------------- Done invoking toplevel() on ptolemy.moml.MoMLSimpleApplication@5dc514af
reloadAllAccessors: .FFT1

===========================================================================================
----------------- testing Tue Aug 21 02:01:53 UTC 2018 /home/travis/build/icyphy/ptII/ptolemy/domains/sdf/lib/test/auto/FIR1.xml
----------------- Instantiating /home/travis/build/icyphy/ptII/ptolemy/domains/sdf/lib/test/auto/FIR1.xml
27 ms. Memory: 208384K Free: 133496K (64%)
----------------- Invoking toplevel() on ptolemy.moml.MoMLSimpleApplication@79a84c13
----------------- Done invoking toplevel() on ptolemy.moml.MoMLSimpleApplication@79a84c13
reloadAllAccessors: .FIR1

===========================================================================================
----------------- testing Tue Aug 21 02:01:53 UTC 2018 /home/travis/build/icyphy/ptII/ptolemy/domains/sdf/lib/test/auto/FIR2.xml
----------------- Instantiating /home/travis/build/icyphy/ptII/ptolemy/domains/sdf/lib/test/auto/FIR2.xml
2 ms. Memory: 208384K Free: 129794K (62%)
----------------- Invoking toplevel() on ptolemy.moml.MoMLSimpleApplication@4d03f5a
----------------- Done invoking toplevel() on ptolemy.moml.MoMLSimpleApplication@4d03f5a
reloadAllAccessors: .FIR2

===========================================================================================
----------------- testing Tue Aug 21 02:01:53 UTC 2018 /home/travis/build/icyphy/ptII/ptolemy/domains/sdf/lib/test/auto/FIR4.xml
----------------- Instantiating /home/travis/build/icyphy/ptII/ptolemy/domains/sdf/lib/test/auto/FIR4.xml
7 ms. Memory: 208384K Free: 119597K (57%)
----------------- Invoking toplevel() on ptolemy.moml.MoMLSimpleApplication@2cf1e407
----------------- Done invoking toplevel() on ptolemy.moml.MoMLSimpleApplication@2cf1e407
reloadAllAccessors: .FIR4

===========================================================================================
----------------- testing Tue Aug 21 02:01:53 UTC 2018 /home/travis/build/icyphy/ptII/ptolemy/domains/sdf/lib/test/auto/FixJoin.xml
----------------- Instantiating /home/travis/build/icyphy/ptII/ptolemy/domains/sdf/lib/test/auto/FixJoin.xml
4 ms. Memory: 208384K Free: 114650K (55%)
----------------- Invoking toplevel() on ptolemy.moml.MoMLSimpleApplication@b0d58ee
----------------- Done invoking toplevel() on ptolemy.moml.MoMLSimpleApplication@b0d58ee
reloadAllAccessors: .FixJoin

===========================================================================================
----------------- testing Tue Aug 21 02:01:53 UTC 2018 /home/travis/build/icyphy/ptII/ptolemy/domains/sdf/lib/test/auto/IntJoin1.xml
----------------- Instantiating /home/travis/build/icyphy/ptII/ptolemy/domains/sdf/lib/test/auto/IntJoin1.xml
3 ms. Memory: 208384K Free: 109718K (53%)
----------------- Invoking toplevel() on ptolemy.moml.MoMLSimpleApplication@349d32a0
----------------- Done invoking toplevel() on ptolemy.moml.MoMLSimpleApplication@349d32a0
reloadAllAccessors: .IntJoin1

===========================================================================================
----------------- testing Tue Aug 21 02:01:53 UTC 2018 /home/travis/build/icyphy/ptII/ptolemy/domains/sdf/lib/test/auto/IntJoin2.xml
----------------- Instantiating /home/travis/build/icyphy/ptII/ptolemy/domains/sdf/lib/test/auto/IntJoin2.xml
5 ms. Memory: 208384K Free: 104771K (50%)
----------------- Invoking toplevel() on ptolemy.moml.MoMLSimpleApplication@3e2ca76d
----------------- Done invoking toplevel() on ptolemy.moml.MoMLSimpleApplication@3e2ca76d
reloadAllAccessors: .IntJoin2

===========================================================================================
----------------- testing Tue Aug 21 02:01:53 UTC 2018 /home/travis/build/icyphy/ptII/ptolemy/domains/sdf/lib/test/auto/IntJoin3.xml
----------------- Instantiating /home/travis/build/icyphy/ptII/ptolemy/domains/sdf/lib/test/auto/IntJoin3.xml
4 ms. Memory: 208384K Free: 98300K (47%)
----------------- Invoking toplevel() on ptolemy.moml.MoMLSimpleApplication@34994395
----------------- Done invoking toplevel() on ptolemy.moml.MoMLSimpleApplication@34994395
reloadAllAccessors: .IntJoin3

===========================================================================================
----------------- testing Tue Aug 21 02:01:53 UTC 2018 /home/travis/build/icyphy/ptII/ptolemy/domains/sdf/lib/test/auto/IntJoin4.xml
----------------- Instantiating /home/travis/build/icyphy/ptII/ptolemy/domains/sdf/lib/test/auto/IntJoin4.xml
5 ms. Memory: 208384K Free: 93968K (45%)
----------------- Invoking toplevel() on ptolemy.moml.MoMLSimpleApplication@39af269d
----------------- Done invoking toplevel() on ptolemy.moml.MoMLSimpleApplication@39af269d
reloadAllAccessors: .IntJoin4

===========================================================================================
----------------- testing Tue Aug 21 02:01:53 UTC 2018 /home/travis/build/icyphy/ptII/ptolemy/domains/sdf/lib/test/auto/IntJoin5.xml
----------------- Instantiating /home/travis/build/icyphy/ptII/ptolemy/domains/sdf/lib/test/auto/IntJoin5.xml
3 ms. Memory: 208384K Free: 89627K (43%)
----------------- Invoking toplevel() on ptolemy.moml.MoMLSimpleApplication@5d513d8b
----------------- Done invoking toplevel() on ptolemy.moml.MoMLSimpleApplication@5d513d8b
reloadAllAccessors: .IntJoin5

===========================================================================================
----------------- testing Tue Aug 21 02:01:53 UTC 2018 /home/travis/build/icyphy/ptII/ptolemy/domains/sdf/lib/test/auto/IntToBits.xml
----------------- Instantiating /home/travis/build/icyphy/ptII/ptolemy/domains/sdf/lib/test/auto/IntToBits.xml
9 ms. Memory: 208384K Free: 86499K (42%)
----------------- Invoking toplevel() on ptolemy.moml.MoMLSimpleApplication@77ce0d7e
----------------- Done invoking toplevel() on ptolemy.moml.MoMLSimpleApplication@77ce0d7e
reloadAllAccessors: .IntToBits

===========================================================================================
----------------- testing Tue Aug 21 02:01:53 UTC 2018 /home/travis/build/icyphy/ptII/ptolemy/domains/sdf/lib/test/auto/LMSAdaptive.xml
----------------- Instantiating /home/travis/build/icyphy/ptII/ptolemy/domains/sdf/lib/test/auto/LMSAdaptive.xml
10 ms. Memory: 208384K Free: 198287K (95%)
----------------- Invoking toplevel() on ptolemy.moml.MoMLSimpleApplication@605aad95
----------------- Done invoking toplevel() on ptolemy.moml.MoMLSimpleApplication@605aad95
reloadAllAccessors: .LMSAdaptive

===========================================================================================
----------------- testing Tue Aug 21 02:01:53 UTC 2018 /home/travis/build/icyphy/ptII/ptolemy/domains/sdf/lib/test/auto/LMSAdaptiveFIR.xml
----------------- Instantiating /home/travis/build/icyphy/ptII/ptolemy/domains/sdf/lib/test/auto/LMSAdaptiveFIR.xml
260 ms. Memory: 208384K Free: 157005K (75%)
----------------- Invoking toplevel() on ptolemy.moml.MoMLSimpleApplication@2f900a19
----------------- Done invoking toplevel() on ptolemy.moml.MoMLSimpleApplication@2f900a19
reloadAllAccessors: .LMSAdaptiveFIR

===========================================================================================
----------------- testing Tue Aug 21 02:01:53 UTC 2018 /home/travis/build/icyphy/ptII/ptolemy/domains/sdf/lib/test/auto/LMSAdaptiveFIR2.xml
----------------- Instantiating /home/travis/build/icyphy/ptII/ptolemy/domains/sdf/lib/test/auto/LMSAdaptiveFIR2.xml
368 ms. Memory: 208384K Free: 96216K (46%)
----------------- Invoking toplevel() on ptolemy.moml.MoMLSimpleApplication@17c768df
----------------- Done invoking toplevel() on ptolemy.moml.MoMLSimpleApplication@17c768df
reloadAllAccessors: .LMSAdaptiveFIR2

===========================================================================================
----------------- testing Tue Aug 21 02:01:54 UTC 2018 /home/travis/build/icyphy/ptII/ptolemy/domains/sdf/lib/test/auto/LongJoin.xml
----------------- Instantiating /home/travis/build/icyphy/ptII/ptolemy/domains/sdf/lib/test/auto/LongJoin.xml
7 ms. Memory: 208384K Free: 90192K (43%)
----------------- Invoking toplevel() on ptolemy.moml.MoMLSimpleApplication@600e3856
----------------- Done invoking toplevel() on ptolemy.moml.MoMLSimpleApplication@600e3856
reloadAllAccessors: .LongJoin

===========================================================================================
----------------- testing Tue Aug 21 02:01:54 UTC 2018 /home/travis/build/icyphy/ptII/ptolemy/domains/sdf/lib/test/auto/Matrix1.xml
----------------- Instantiating /home/travis/build/icyphy/ptII/ptolemy/domains/sdf/lib/test/auto/Matrix1.xml
5 ms. Memory: 208384K Free: 86096K (41%)
----------------- Invoking toplevel() on ptolemy.moml.MoMLSimpleApplication@23b2cde
----------------- Done invoking toplevel() on ptolemy.moml.MoMLSimpleApplication@23b2cde
reloadAllAccessors: .Matrix1

===========================================================================================
----------------- testing Tue Aug 21 02:01:54 UTC 2018 /home/travis/build/icyphy/ptII/ptolemy/domains/sdf/lib/test/auto/Matrix2.xml
----------------- Instantiating /home/travis/build/icyphy/ptII/ptolemy/domains/sdf/lib/test/auto/Matrix2.xml
7 ms. Memory: 208384K Free: 81984K (39%)
----------------- Invoking toplevel() on ptolemy.moml.MoMLSimpleApplication@2bd598af
----------------- Done invoking toplevel() on ptolemy.moml.MoMLSimpleApplication@2bd598af
reloadAllAccessors: .Matrix2

===========================================================================================
----------------- testing Tue Aug 21 02:01:54 UTC 2018 /home/travis/build/icyphy/ptII/ptolemy/domains/sdf/lib/test/auto/MatrixJoin1.xml
----------------- Instantiating /home/travis/build/icyphy/ptII/ptolemy/domains/sdf/lib/test/auto/MatrixJoin1.xml
3 ms. Memory: 333312K Free: 322869K (97%)
----------------- Invoking toplevel() on ptolemy.moml.MoMLSimpleApplication@219a8941
----------------- Done invoking toplevel() on ptolemy.moml.MoMLSimpleApplication@219a8941
reloadAllAccessors: .MatrixJoin1

===========================================================================================
----------------- testing Tue Aug 21 02:01:54 UTC 2018 /home/travis/build/icyphy/ptII/ptolemy/domains/sdf/lib/test/auto/MatrixJoin2.xml
----------------- Instantiating /home/travis/build/icyphy/ptII/ptolemy/domains/sdf/lib/test/auto/MatrixJoin2.xml
3 ms. Memory: 333312K Free: 314589K (94%)
----------------- Invoking toplevel() on ptolemy.moml.MoMLSimpleApplication@4a87c109
----------------- Done invoking toplevel() on ptolemy.moml.MoMLSimpleApplication@4a87c109
reloadAllAccessors: .MatrixJoin2

===========================================================================================
----------------- testing Tue Aug 21 02:01:54 UTC 2018 /home/travis/build/icyphy/ptII/ptolemy/domains/sdf/lib/test/auto/MatrixJoin3.xml
----------------- Instantiating /home/travis/build/icyphy/ptII/ptolemy/domains/sdf/lib/test/auto/MatrixJoin3.xml
5 ms. Memory: 333312K Free: 308004K (92%)
----------------- Invoking toplevel() on ptolemy.moml.MoMLSimpleApplication@54896cac
----------------- Done invoking toplevel() on ptolemy.moml.MoMLSimpleApplication@54896cac
reloadAllAccessors: .MatrixJoin3

===========================================================================================
----------------- testing Tue Aug 21 02:01:54 UTC 2018 /home/travis/build/icyphy/ptII/ptolemy/domains/sdf/lib/test/auto/MatrixJoin4.xml
----------------- Instantiating /home/travis/build/icyphy/ptII/ptolemy/domains/sdf/lib/test/auto/MatrixJoin4.xml
3 ms. Memory: 333312K Free: 301418K (90%)
----------------- Invoking toplevel() on ptolemy.moml.MoMLSimpleApplication@2fb11737
----------------- Done invoking toplevel() on ptolemy.moml.MoMLSimpleApplication@2fb11737
reloadAllAccessors: .MatrixJoin4

===========================================================================================
----------------- testing Tue Aug 21 02:01:54 UTC 2018 /home/travis/build/icyphy/ptII/ptolemy/domains/sdf/lib/test/auto/MatrixJoin5.xml
----------------- Instantiating /home/travis/build/icyphy/ptII/ptolemy/domains/sdf/lib/test/auto/MatrixJoin5.xml
2 ms. Memory: 333312K Free: 293424K (88%)
----------------- Invoking toplevel() on ptolemy.moml.MoMLSimpleApplication@221c906a
----------------- Done invoking toplevel() on ptolemy.moml.MoMLSimpleApplication@221c906a
reloadAllAccessors: .MatrixJoin5

===========================================================================================
----------------- testing Tue Aug 21 02:01:54 UTC 2018 /home/travis/build/icyphy/ptII/ptolemy/domains/sdf/lib/test/auto/MatrixSplit1.xml
----------------- Instantiating /home/travis/build/icyphy/ptII/ptolemy/domains/sdf/lib/test/auto/MatrixSplit1.xml
5 ms. Memory: 333312K Free: 286870K (86%)
----------------- Invoking toplevel() on ptolemy.moml.MoMLSimpleApplication@5c37743b
----------------- Done invoking toplevel() on ptolemy.moml.MoMLSimpleApplication@5c37743b
reloadAllAccessors: .MatrixSplit1

===========================================================================================
----------------- testing Tue Aug 21 02:01:54 UTC 2018 /home/travis/build/icyphy/ptII/ptolemy/domains/sdf/lib/test/auto/MatrixSplit10.xml
----------------- Instantiating /home/travis/build/icyphy/ptII/ptolemy/domains/sdf/lib/test/auto/MatrixSplit10.xml
3 ms. Memory: 333312K Free: 281955K (85%)
----------------- Invoking toplevel() on ptolemy.moml.MoMLSimpleApplication@6a4efc6f
----------------- Done invoking toplevel() on ptolemy.moml.MoMLSimpleApplication@6a4efc6f
reloadAllAccessors: .MatrixSplit10

===========================================================================================
----------------- testing Tue Aug 21 02:01:54 UTC 2018 /home/travis/build/icyphy/ptII/ptolemy/domains/sdf/lib/test/auto/MatrixSplit11.xml
----------------- Instantiating /home/travis/build/icyphy/ptII/ptolemy/domains/sdf/lib/test/auto/MatrixSplit11.xml
3 ms. Memory: 333312K Free: 277040K (83%)
----------------- Invoking toplevel() on ptolemy.moml.MoMLSimpleApplication@53c6a204
----------------- Done invoking toplevel() on ptolemy.moml.MoMLSimpleApplication@53c6a204
reloadAllAccessors: .MatrixSplit11

===========================================================================================
----------------- testing Tue Aug 21 02:01:54 UTC 2018 /home/travis/build/icyphy/ptII/ptolemy/domains/sdf/lib/test/auto/MatrixSplit12.xml
----------------- Instantiating /home/travis/build/icyphy/ptII/ptolemy/domains/sdf/lib/test/auto/MatrixSplit12.xml
3 ms. Memory: 333312K Free: 270716K (81%)
----------------- Invoking toplevel() on ptolemy.moml.MoMLSimpleApplication@3f17f028
----------------- Done invoking toplevel() on ptolemy.moml.MoMLSimpleApplication@3f17f028
reloadAllAccessors: .MatrixSplit12

===========================================================================================
----------------- testing Tue Aug 21 02:01:54 UTC 2018 /home/travis/build/icyphy/ptII/ptolemy/domains/sdf/lib/test/auto/MatrixSplit13.xml
----------------- Instantiating /home/travis/build/icyphy/ptII/ptolemy/domains/sdf/lib/test/auto/MatrixSplit13.xml
6 ms. Memory: 333312K Free: 265801K (80%)
----------------- Invoking toplevel() on ptolemy.moml.MoMLSimpleApplication@25ba2cc1
----------------- Done invoking toplevel() on ptolemy.moml.MoMLSimpleApplication@25ba2cc1
reloadAllAccessors: .MatrixSplit13

===========================================================================================
----------------- testing Tue Aug 21 02:01:54 UTC 2018 /home/travis/build/icyphy/ptII/ptolemy/domains/sdf/lib/test/auto/MatrixSplit14.xml
----------------- Instantiating /home/travis/build/icyphy/ptII/ptolemy/domains/sdf/lib/test/auto/MatrixSplit14.xml
2 ms. Memory: 333312K Free: 260886K (78%)
----------------- Invoking toplevel() on ptolemy.moml.MoMLSimpleApplication@6ff08f
----------------- Done invoking toplevel() on ptolemy.moml.MoMLSimpleApplication@6ff08f
reloadAllAccessors: .MatrixSplit14

===========================================================================================
----------------- testing Tue Aug 21 02:01:54 UTC 2018 /home/travis/build/icyphy/ptII/ptolemy/domains/sdf/lib/test/auto/MatrixSplit2.xml
----------------- Instantiating /home/travis/build/icyphy/ptII/ptolemy/domains/sdf/lib/test/auto/MatrixSplit2.xml
3 ms. Memory: 333312K Free: 254562K (76%)
----------------- Invoking toplevel() on ptolemy.moml.MoMLSimpleApplication@5bc1d245
----------------- Done invoking toplevel() on ptolemy.moml.MoMLSimpleApplication@5bc1d245
reloadAllAccessors: .MatrixSplit2

===========================================================================================
----------------- testing Tue Aug 21 02:01:54 UTC 2018 /home/travis/build/icyphy/ptII/ptolemy/domains/sdf/lib/test/auto/MatrixSplit3.xml
----------------- Instantiating /home/travis/build/icyphy/ptII/ptolemy/domains/sdf/lib/test/auto/MatrixSplit3.xml
2 ms. Memory: 333312K Free: 249646K (75%)
----------------- Invoking toplevel() on ptolemy.moml.MoMLSimpleApplication@792c0daa
----------------- Done invoking toplevel() on ptolemy.moml.MoMLSimpleApplication@792c0daa
reloadAllAccessors: .MatrixSplit3

===========================================================================================
----------------- testing Tue Aug 21 02:01:54 UTC 2018 /home/travis/build/icyphy/ptII/ptolemy/domains/sdf/lib/test/auto/MatrixSplit4.xml
----------------- Instantiating /home/travis/build/icyphy/ptII/ptolemy/domains/sdf/lib/test/auto/MatrixSplit4.xml
2 ms. Memory: 333312K Free: 244731K (73%)
----------------- Invoking toplevel() on ptolemy.moml.MoMLSimpleApplication@4503df5b
----------------- Done invoking toplevel() on ptolemy.moml.MoMLSimpleApplication@4503df5b
reloadAllAccessors: .MatrixSplit4

===========================================================================================
----------------- testing Tue Aug 21 02:01:54 UTC 2018 /home/travis/build/icyphy/ptII/ptolemy/domains/sdf/lib/test/auto/MatrixSplit5.xml
----------------- Instantiating /home/travis/build/icyphy/ptII/ptolemy/domains/sdf/lib/test/auto/MatrixSplit5.xml
2 ms. Memory: 333312K Free: 238407K (72%)
----------------- Invoking toplevel() on ptolemy.moml.MoMLSimpleApplication@1d92f2b8
----------------- Done invoking toplevel() on ptolemy.moml.MoMLSimpleApplication@1d92f2b8
reloadAllAccessors: .MatrixSplit5

===========================================================================================
----------------- testing Tue Aug 21 02:01:54 UTC 2018 /home/travis/build/icyphy/ptII/ptolemy/domains/sdf/lib/test/auto/MatrixSplit6.xml
----------------- Instantiating /home/travis/build/icyphy/ptII/ptolemy/domains/sdf/lib/test/auto/MatrixSplit6.xml
2 ms. Memory: 333312K Free: 233492K (70%)
----------------- Invoking toplevel() on ptolemy.moml.MoMLSimpleApplication@2fbdeee1
----------------- Done invoking toplevel() on ptolemy.moml.MoMLSimpleApplication@2fbdeee1
reloadAllAccessors: .MatrixSplit6

===========================================================================================
----------------- testing Tue Aug 21 02:01:54 UTC 2018 /home/travis/build/icyphy/ptII/ptolemy/domains/sdf/lib/test/auto/MatrixSplit7.xml
----------------- Instantiating /home/travis/build/icyphy/ptII/ptolemy/domains/sdf/lib/test/auto/MatrixSplit7.xml
2 ms. Memory: 333312K Free: 228577K (69%)
----------------- Invoking toplevel() on ptolemy.moml.MoMLSimpleApplication@50c537b3
----------------- Done invoking toplevel() on ptolemy.moml.MoMLSimpleApplication@50c537b3
reloadAllAccessors: .MatrixSplit7

===========================================================================================
----------------- testing Tue Aug 21 02:01:54 UTC 2018 /home/travis/build/icyphy/ptII/ptolemy/domains/sdf/lib/test/auto/MatrixSplit8.xml
----------------- Instantiating /home/travis/build/icyphy/ptII/ptolemy/domains/sdf/lib/test/auto/MatrixSplit8.xml
1 ms. Memory: 333312K Free: 223662K (67%)
----------------- Invoking toplevel() on ptolemy.moml.MoMLSimpleApplication@39d9ce76
----------------- Done invoking toplevel() on ptolemy.moml.MoMLSimpleApplication@39d9ce76
reloadAllAccessors: .MatrixSplit8

===========================================================================================
----------------- testing Tue Aug 21 02:01:54 UTC 2018 /home/travis/build/icyphy/ptII/ptolemy/domains/sdf/lib/test/auto/MatrixSplit9.xml
----------------- Instantiating /home/travis/build/icyphy/ptII/ptolemy/domains/sdf/lib/test/auto/MatrixSplit9.xml
4 ms. Memory: 333312K Free: 217338K (65%)
----------------- Invoking toplevel() on ptolemy.moml.MoMLSimpleApplication@5d55d67e
----------------- Done invoking toplevel() on ptolemy.moml.MoMLSimpleApplication@5d55d67e
reloadAllAccessors: .MatrixSplit9

===========================================================================================
----------------- testing Tue Aug 21 02:01:54 UTC 2018 /home/travis/build/icyphy/ptII/ptolemy/domains/sdf/lib/test/auto/MatrixToSequence.xml
----------------- Instantiating /home/travis/build/icyphy/ptII/ptolemy/domains/sdf/lib/test/auto/MatrixToSequence.xml
10 ms. Memory: 333312K Free: 205869K (62%)
----------------- Invoking toplevel() on ptolemy.moml.MoMLSimpleApplication@4641a544
----------------- Done invoking toplevel() on ptolemy.moml.MoMLSimpleApplication@4641a544
reloadAllAccessors: .MatrixToSequence

===========================================================================================
----------------- testing Tue Aug 21 02:01:54 UTC 2018 /home/travis/build/icyphy/ptII/ptolemy/domains/sdf/lib/test/auto/MaximumEntropySpectrum.xml
----------------- Instantiating /home/travis/build/icyphy/ptII/ptolemy/domains/sdf/lib/test/auto/MaximumEntropySpectrum.xml
11 ms. Memory: 333312K Free: 181261K (54%)
----------------- Invoking toplevel() on ptolemy.moml.MoMLSimpleApplication@1f99ee77
----------------- Done invoking toplevel() on ptolemy.moml.MoMLSimpleApplication@1f99ee77
reloadAllAccessors: .MaximumEntropySpectrum

===========================================================================================
----------------- testing Tue Aug 21 02:01:55 UTC 2018 /home/travis/build/icyphy/ptII/ptolemy/domains/sdf/lib/test/auto/SampleDelayConversion.xml
----------------- Instantiating /home/travis/build/icyphy/ptII/ptolemy/domains/sdf/lib/test/auto/SampleDelayConversion.xml
6 ms. Memory: 333312K Free: 174937K (52%)
----------------- Invoking toplevel() on ptolemy.moml.MoMLSimpleApplication@70e28f7
----------------- Done invoking toplevel() on ptolemy.moml.MoMLSimpleApplication@70e28f7
reloadAllAccessors: .SampleDelayConversion

===========================================================================================
----------------- testing Tue Aug 21 02:01:55 UTC 2018 /home/travis/build/icyphy/ptII/ptolemy/domains/sdf/lib/test/auto/SequenceToArray.xml
----------------- Instantiating /home/travis/build/icyphy/ptII/ptolemy/domains/sdf/lib/test/auto/SequenceToArray.xml
12 ms. Memory: 333312K Free: 161814K (49%)
----------------- Invoking toplevel() on ptolemy.moml.MoMLSimpleApplication@6e01b90
----------------- Done invoking toplevel() on ptolemy.moml.MoMLSimpleApplication@6e01b90
reloadAllAccessors: .SequenceToArray

===========================================================================================
----------------- testing Tue Aug 21 02:01:55 UTC 2018 /home/travis/build/icyphy/ptII/ptolemy/domains/sdf/lib/test/auto/SequenceToMatrix.xml
----------------- Instantiating /home/travis/build/icyphy/ptII/ptolemy/domains/sdf/lib/test/auto/SequenceToMatrix.xml
4209 ms. Memory: 579072K Free: 510833K (88%)
----------------- Invoking toplevel() on ptolemy.moml.MoMLSimpleApplication@6062b403
----------------- Done invoking toplevel() on ptolemy.moml.MoMLSimpleApplication@6062b403
reloadAllAccessors: .SequenceToMatrix

===========================================================================================
----------------- testing Tue Aug 21 02:01:59 UTC 2018 /home/travis/build/icyphy/ptII/ptolemy/domains/sdf/lib/test/auto/SmoothedPeriodogram.xml
----------------- Instantiating /home/travis/build/icyphy/ptII/ptolemy/domains/sdf/lib/test/auto/SmoothedPeriodogram.xml
14 ms. Memory: 579072K Free: 487233K (84%)
----------------- Invoking toplevel() on ptolemy.moml.MoMLSimpleApplication@3de79286
----------------- Done invoking toplevel() on ptolemy.moml.MoMLSimpleApplication@3de79286
reloadAllAccessors: .SmoothedPeriodogram

===========================================================================================
----------------- testing Tue Aug 21 02:01:59 UTC 2018 /home/travis/build/icyphy/ptII/ptolemy/domains/sdf/lib/test/auto/UpDownSample1.xml
----------------- Instantiating /home/travis/build/icyphy/ptII/ptolemy/domains/sdf/lib/test/auto/UpDownSample1.xml
3 ms. Memory: 579072K Free: 480686K (83%)
----------------- Invoking toplevel() on ptolemy.moml.MoMLSimpleApplication@35f05f36
----------------- Done invoking toplevel() on ptolemy.moml.MoMLSimpleApplication@35f05f36
reloadAllAccessors: .UpDownSample1

===========================================================================================
----------------- testing Tue Aug 21 02:01:59 UTC 2018 /home/travis/build/icyphy/ptII/ptolemy/domains/sdf/lib/test/auto/UpSample1.xml
----------------- Instantiating /home/travis/build/icyphy/ptII/ptolemy/domains/sdf/lib/test/auto/UpSample1.xml
2 ms. Memory: 579072K Free: 474140K (82%)
----------------- Invoking toplevel() on ptolemy.moml.MoMLSimpleApplication@7373d898
----------------- Done invoking toplevel() on ptolemy.moml.MoMLSimpleApplication@7373d898
reloadAllAccessors: .UpSample1

===========================================================================================
----------------- testing Tue Aug 21 02:01:59 UTC 2018 /home/travis/build/icyphy/ptII/ptolemy/domains/sdf/lib/test/auto/VariableFIR.xml
----------------- Instantiating /home/travis/build/icyphy/ptII/ptolemy/domains/sdf/lib/test/auto/VariableFIR.xml
17 ms. Memory: 579072K Free: 464319K (80%)
----------------- Invoking toplevel() on ptolemy.moml.MoMLSimpleApplication@293917e7
----------------- Done invoking toplevel() on ptolemy.moml.MoMLSimpleApplication@293917e7
reloadAllAccessors: .VariableFIR

===========================================================================================
----------------- testing Tue Aug 21 02:01:59 UTC 2018 /home/travis/build/icyphy/ptII/ptolemy/domains/sdf/lib/test/auto/VariableFIR2.xml
----------------- Instantiating /home/travis/build/icyphy/ptII/ptolemy/domains/sdf/lib/test/auto/VariableFIR2.xml
3 ms. Memory: 579072K Free: 452548K (78%)
----------------- Invoking toplevel() on ptolemy.moml.MoMLSimpleApplication@d6ec5d1
----------------- Done invoking toplevel() on ptolemy.moml.MoMLSimpleApplication@d6ec5d1
reloadAllAccessors: .VariableFIR2

===========================================================================================
----------------- testing Tue Aug 21 02:01:59 UTC 2018 /home/travis/build/icyphy/ptII/ptolemy/domains/sdf/lib/test/auto/VariableLattice.xml
----------------- Instantiating /home/travis/build/icyphy/ptII/ptolemy/domains/sdf/lib/test/auto/VariableLattice.xml
4 ms. Memory: 579072K Free: 442728K (76%)
----------------- Invoking toplevel() on ptolemy.moml.MoMLSimpleApplication@35f19890
----------------- Done invoking toplevel() on ptolemy.moml.MoMLSimpleApplication@35f19890
reloadAllAccessors: .VariableLattice

===========================================================================================
----------------- testing Tue Aug 21 02:01:59 UTC 2018 /home/travis/build/icyphy/ptII/ptolemy/domains/sdf/lib/test/auto/VariableLattice2.xml
----------------- Instantiating /home/travis/build/icyphy/ptII/ptolemy/domains/sdf/lib/test/auto/VariableLattice2.xml
1.0
-1.999999602036
1.9099998677481
-0.9099996420674
0.205
0.0
0.0
1.0
-0.25
-0.5
0.0
0.0
0.0
0.0
6 ms. Memory: 579072K Free: 432907K (75%)
----------------- Invoking toplevel() on ptolemy.moml.MoMLSimpleApplication@790154d1
----------------- Done invoking toplevel() on ptolemy.moml.MoMLSimpleApplication@790154d1
reloadAllAccessors: .VariableLattice2

===========================================================================================
----------------- testing Tue Aug 21 02:01:59 UTC 2018 /home/travis/build/icyphy/ptII/ptolemy/domains/sdf/lib/test/auto/VariableRecursiveLattice.xml
----------------- Instantiating /home/travis/build/icyphy/ptII/ptolemy/domains/sdf/lib/test/auto/VariableRecursiveLattice.xml
4 ms. Memory: 579072K Free: 423087K (73%)
----------------- Invoking toplevel() on ptolemy.moml.MoMLSimpleApplication@5be3157c
----------------- Done invoking toplevel() on ptolemy.moml.MoMLSimpleApplication@5be3157c
reloadAllAccessors: .VariableRecursiveLattice

===========================================================================================
----------------- testing Tue Aug 21 02:01:59 UTC 2018 /home/travis/build/icyphy/ptII/ptolemy/domains/sdf/lib/test/auto/VariableRecursiveLattice2.xml
----------------- Instantiating /home/travis/build/icyphy/ptII/ptolemy/domains/sdf/lib/test/auto/VariableRecursiveLattice2.xml
3 ms. Memory: 579072K Free: 416540K (72%)
----------------- Invoking toplevel() on ptolemy.moml.MoMLSimpleApplication@79ae63e8
----------------- Done invoking toplevel() on ptolemy.moml.MoMLSimpleApplication@79ae63e8
reloadAllAccessors: .VariableRecursiveLattice2
AutoTests.java: About to close Vertx.
AutoTests.java: Vertx closed.
]]></system-out>
  <system-err><![CDATA[]]></system-err>
</testsuite>
