<?xml version="1.0" encoding="UTF-8" ?>
<testsuite errors="0" failures="0" hostname="travis-job-4a830107-1203-44d1-b34f-6cdb04ec3e58" name="ptolemy.actor.lib.hoc.test.junit.JUnitTclTest" skipped="0" tests="58" time="33.088" timestamp="2019-06-25T04:41:23">
  <properties>
[...]
</properties>
  <testcase classname="ptolemy.util.test.junit.TclTests" name="[0] /home/travis/build/icyphy/ptII/ptolemy/actor/lib/hoc/test/IterateOverArray.tcl (RunTclFile)" time="0.3" />
  <testcase classname="ptolemy.util.test.junit.AutoKnownFailedTests" name="[0] /home/travis/build/icyphy/ptII/ptolemy/actor/lib/hoc/test/auto/knownFailedTests/PreinitializeMustBeInvokedRunComposite.xml (RunModel)" time="0.424" />
  <testcase classname="ptolemy.util.test.junit.AutoNameArchTests" name="[0] ThereAreNoAutoArchTests (RunModel)" time="0.007" />
  <testcase classname="ptolemy.util.test.junit.AutoTests" name="[0] /home/travis/build/icyphy/ptII/ptolemy/actor/lib/hoc/test/auto/AllToAllMultiInstanceComposite.xml (RunModel)" time="0.386" />
  <testcase classname="ptolemy.util.test.junit.AutoTests" name="[1] /home/travis/build/icyphy/ptII/ptolemy/actor/lib/hoc/test/auto/ApplyFFTTest.xml (RunModel)" time="0.407" />
  <testcase classname="ptolemy.util.test.junit.AutoTests" name="[2] /home/travis/build/icyphy/ptII/ptolemy/actor/lib/hoc/test/auto/ApplyFunction.xml (RunModel)" time="0.053" />
  <testcase classname="ptolemy.util.test.junit.AutoTests" name="[3] /home/travis/build/icyphy/ptII/ptolemy/actor/lib/hoc/test/auto/BackgroundExecution.xml (RunModel)" time="0.769" />
  <testcase classname="ptolemy.util.test.junit.AutoTests" name="[4] /home/travis/build/icyphy/ptII/ptolemy/actor/lib/hoc/test/auto/Case.xml (RunModel)" time="0.081" />
  <testcase classname="ptolemy.util.test.junit.AutoTests" name="[5] /home/travis/build/icyphy/ptII/ptolemy/actor/lib/hoc/test/auto/Case1.xml (RunModel)" time="0.105" />
  <testcase classname="ptolemy.util.test.junit.AutoTests" name="[6] /home/travis/build/icyphy/ptII/ptolemy/actor/lib/hoc/test/auto/Case2.xml (RunModel)" time="0.15" />
  <testcase classname="ptolemy.util.test.junit.AutoTests" name="[7] /home/travis/build/icyphy/ptII/ptolemy/actor/lib/hoc/test/auto/Case3.xml (RunModel)" time="0.081" />
  <testcase classname="ptolemy.util.test.junit.AutoTests" name="[8] /home/travis/build/icyphy/ptII/ptolemy/actor/lib/hoc/test/auto/Case4.xml (RunModel)" time="0.052" />
  <testcase classname="ptolemy.util.test.junit.AutoTests" name="[9] /home/travis/build/icyphy/ptII/ptolemy/actor/lib/hoc/test/auto/Case5.xml (RunModel)" time="0.065" />
  <testcase classname="ptolemy.util.test.junit.AutoTests" name="[10] /home/travis/build/icyphy/ptII/ptolemy/actor/lib/hoc/test/auto/Case6.xml (RunModel)" time="0.153" />
  <testcase classname="ptolemy.util.test.junit.AutoTests" name="[11] /home/travis/build/icyphy/ptII/ptolemy/actor/lib/hoc/test/auto/CaseString2.xml (RunModel)" time="0.071" />
  <testcase classname="ptolemy.util.test.junit.AutoTests" name="[12] /home/travis/build/icyphy/ptII/ptolemy/actor/lib/hoc/test/auto/CatchUpComposite1.xml (RunModel)" time="0.092" />
  <testcase classname="ptolemy.util.test.junit.AutoTests" name="[13] /home/travis/build/icyphy/ptII/ptolemy/actor/lib/hoc/test/auto/CatchUpComposite2.xml (RunModel)" time="0.075" />
  <testcase classname="ptolemy.util.test.junit.AutoTests" name="[14] /home/travis/build/icyphy/ptII/ptolemy/actor/lib/hoc/test/auto/CatchUpComposite3.xml (RunModel)" time="0.071" />
  <testcase classname="ptolemy.util.test.junit.AutoTests" name="[15] /home/travis/build/icyphy/ptII/ptolemy/actor/lib/hoc/test/auto/CatchUpComposite4.xml (RunModel)" time="0.07" />
  <testcase classname="ptolemy.util.test.junit.AutoTests" name="[16] /home/travis/build/icyphy/ptII/ptolemy/actor/lib/hoc/test/auto/CatchUpComposite5.xml (RunModel)" time="0.057" />
  <testcase classname="ptolemy.util.test.junit.AutoTests" name="[17] /home/travis/build/icyphy/ptII/ptolemy/actor/lib/hoc/test/auto/CatchUpComposite6.xml (RunModel)" time="0.177" />
  <testcase classname="ptolemy.util.test.junit.AutoTests" name="[18] /home/travis/build/icyphy/ptII/ptolemy/actor/lib/hoc/test/auto/CatchUpComposite7.xml (RunModel)" time="0.103" />
  <testcase classname="ptolemy.util.test.junit.AutoTests" name="[19] /home/travis/build/icyphy/ptII/ptolemy/actor/lib/hoc/test/auto/ConcurrentExecutionTimeSDF.xml (RunModel)" time="1.487" />
  <testcase classname="ptolemy.util.test.junit.AutoTests" name="[20] /home/travis/build/icyphy/ptII/ptolemy/actor/lib/hoc/test/auto/ConcurrentSleep.xml (RunModel)" time="0.754" />
  <testcase classname="ptolemy.util.test.junit.AutoTests" name="[21] /home/travis/build/icyphy/ptII/ptolemy/actor/lib/hoc/test/auto/DEInPNInRunCompositeActor.xml (RunModel)" time="0.034" />
  <testcase classname="ptolemy.util.test.junit.AutoTests" name="[22] /home/travis/build/icyphy/ptII/ptolemy/actor/lib/hoc/test/auto/DFTSubSetTest.xml (RunModel)" time="0.3" />
  <testcase classname="ptolemy.util.test.junit.AutoTests" name="[23] /home/travis/build/icyphy/ptII/ptolemy/actor/lib/hoc/test/auto/HocDE.xml (RunModel)" time="0.197" />
  <testcase classname="ptolemy.util.test.junit.AutoTests" name="[24] /home/travis/build/icyphy/ptII/ptolemy/actor/lib/hoc/test/auto/IterateOverArray.xml (RunModel)" time="0.025" />
  <testcase classname="ptolemy.util.test.junit.AutoTests" name="[25] /home/travis/build/icyphy/ptII/ptolemy/actor/lib/hoc/test/auto/IterateOverArray10.xml (RunModel)" time="0.02" />
  <testcase classname="ptolemy.util.test.junit.AutoTests" name="[26] /home/travis/build/icyphy/ptII/ptolemy/actor/lib/hoc/test/auto/IterateOverArray11.xml (RunModel)" time="0.033" />
  <testcase classname="ptolemy.util.test.junit.AutoTests" name="[27] /home/travis/build/icyphy/ptII/ptolemy/actor/lib/hoc/test/auto/IterateOverArray12.xml (RunModel)" time="0.042" />
  <testcase classname="ptolemy.util.test.junit.AutoTests" name="[28] /home/travis/build/icyphy/ptII/ptolemy/actor/lib/hoc/test/auto/IterateOverArray13.xml (RunModel)" time="0.114" />
  <testcase classname="ptolemy.util.test.junit.AutoTests" name="[29] /home/travis/build/icyphy/ptII/ptolemy/actor/lib/hoc/test/auto/IterateOverArray14.xml (RunModel)" time="0.185" />
  <testcase classname="ptolemy.util.test.junit.AutoTests" name="[30] /home/travis/build/icyphy/ptII/ptolemy/actor/lib/hoc/test/auto/IterateOverArray2.xml (RunModel)" time="0.036" />
  <testcase classname="ptolemy.util.test.junit.AutoTests" name="[31] /home/travis/build/icyphy/ptII/ptolemy/actor/lib/hoc/test/auto/IterateOverArray3.xml (RunModel)" time="0.041" />
  <testcase classname="ptolemy.util.test.junit.AutoTests" name="[32] /home/travis/build/icyphy/ptII/ptolemy/actor/lib/hoc/test/auto/IterateOverArray4.xml (RunModel)" time="0.025" />
  <testcase classname="ptolemy.util.test.junit.AutoTests" name="[33] /home/travis/build/icyphy/ptII/ptolemy/actor/lib/hoc/test/auto/IterateOverArray5.xml (RunModel)" time="0.02" />
  <testcase classname="ptolemy.util.test.junit.AutoTests" name="[34] /home/travis/build/icyphy/ptII/ptolemy/actor/lib/hoc/test/auto/IterateOverArray6.xml (RunModel)" time="0.015" />
  <testcase classname="ptolemy.util.test.junit.AutoTests" name="[35] /home/travis/build/icyphy/ptII/ptolemy/actor/lib/hoc/test/auto/IterateOverArray7.xml (RunModel)" time="0.02" />
  <testcase classname="ptolemy.util.test.junit.AutoTests" name="[36] /home/travis/build/icyphy/ptII/ptolemy/actor/lib/hoc/test/auto/IterateOverArray8.xml (RunModel)" time="0.019" />
  <testcase classname="ptolemy.util.test.junit.AutoTests" name="[37] /home/travis/build/icyphy/ptII/ptolemy/actor/lib/hoc/test/auto/IterateOverArray9.xml (RunModel)" time="0.026" />
  <testcase classname="ptolemy.util.test.junit.AutoTests" name="[38] /home/travis/build/icyphy/ptII/ptolemy/actor/lib/hoc/test/auto/IterateOverArrayCoercedOutputType.xml (RunModel)" time="0.038" />
  <testcase classname="ptolemy.util.test.junit.AutoTests" name="[39] /home/travis/build/icyphy/ptII/ptolemy/actor/lib/hoc/test/auto/IterateOverArrayInferredOutputType.xml (RunModel)" time="0.029" />
  <testcase classname="ptolemy.util.test.junit.AutoTests" name="[40] /home/travis/build/icyphy/ptII/ptolemy/actor/lib/hoc/test/auto/MobileFunctionTest.xml (RunModel)" time="0.019" />
  <testcase classname="ptolemy.util.test.junit.AutoTests" name="[41] /home/travis/build/icyphy/ptII/ptolemy/actor/lib/hoc/test/auto/MobileModelTest.xml (RunModel)" time="0.18" />
  <testcase classname="ptolemy.util.test.junit.AutoTests" name="[42] /home/travis/build/icyphy/ptII/ptolemy/actor/lib/hoc/test/auto/ModelReference.xml (RunModel)" time="0.067" />
  <testcase classname="ptolemy.util.test.junit.AutoTests" name="[43] /home/travis/build/icyphy/ptII/ptolemy/actor/lib/hoc/test/auto/ModelReference3.xml (RunModel)" time="0.042" />
  <testcase classname="ptolemy.util.test.junit.AutoTests" name="[44] /home/travis/build/icyphy/ptII/ptolemy/actor/lib/hoc/test/auto/ModelReference4.xml (RunModel)" time="10.054" />
  <testcase classname="ptolemy.util.test.junit.AutoTests" name="[45] /home/travis/build/icyphy/ptII/ptolemy/actor/lib/hoc/test/auto/MultiInstanceComposite.xml (RunModel)" time="0.057" />
  <testcase classname="ptolemy.util.test.junit.AutoTests" name="[46] /home/travis/build/icyphy/ptII/ptolemy/actor/lib/hoc/test/auto/MultiInstanceComposite2.xml (RunModel)" time="0.038" />
  <testcase classname="ptolemy.util.test.junit.AutoTests" name="[47] /home/travis/build/icyphy/ptII/ptolemy/actor/lib/hoc/test/auto/MulticoreExecution.xml (RunModel)" time="1.07" />
  <testcase classname="ptolemy.util.test.junit.AutoTests" name="[48] /home/travis/build/icyphy/ptII/ptolemy/actor/lib/hoc/test/auto/ParallelExecution.xml (RunModel)" time="0.959" />
  <testcase classname="ptolemy.util.test.junit.AutoTests" name="[49] /home/travis/build/icyphy/ptII/ptolemy/actor/lib/hoc/test/auto/RunCompositeActor.xml (RunModel)" time="0.039" />
  <testcase classname="ptolemy.util.test.junit.AutoTests" name="[50] /home/travis/build/icyphy/ptII/ptolemy/actor/lib/hoc/test/auto/RunCompositeActor2.xml (RunModel)" time="0.033" />
  <testcase classname="ptolemy.util.test.junit.AutoTests" name="[51] /home/travis/build/icyphy/ptII/ptolemy/actor/lib/hoc/test/auto/RunCompositeActor3.xml (RunModel)" time="0.024" />
  <testcase classname="ptolemy.util.test.junit.AutoTests" name="[52] /home/travis/build/icyphy/ptII/ptolemy/actor/lib/hoc/test/auto/RunCompositeActor4.xml (RunModel)" time="0.026" />
  <testcase classname="ptolemy.util.test.junit.AutoTests" name="[53] /home/travis/build/icyphy/ptII/ptolemy/actor/lib/hoc/test/auto/RunCompositeIterateOverArray.xml (RunModel)" time="0.035" />
  <testcase classname="ptolemy.util.test.junit.AutoTests" name="[54] /home/travis/build/icyphy/ptII/ptolemy/actor/lib/hoc/test/auto/ThreadedJS.xml (RunModel)" time="12.537" />
  <system-out><![CDATA[/home/travis/build/icyphy/ptII/ptolemy/actor/lib/hoc/test/IterateOverArray.tcl
testDefs.tcl: setting time out to 9000 seconds at Tue Jun 25 04:41:23 UTC 2019
06/25/19 04:41:23
Failed: 0  Total Tests: 2  ((Passed: 2, Newly Passed: 0)  Known Failed: 0) /home/travis/build/icyphy/ptII/ptolemy/actor/lib/hoc/test
----------------- testing (KnownFailure) /home/travis/build/icyphy/ptII/ptolemy/actor/lib/hoc/test/auto/knownFailedTests/PreinitializeMustBeInvokedRunComposite.xml
154 ms. Memory: 120832K Free: 108062K (89%)
Known Failure: java.lang.reflect.InvocationTargetException
No auto/linux-amd64/*.xml tests in /home/travis/build/icyphy/ptII/ptolemy/actor/lib/hoc/test
AutoTests.java: About to close Vertx.
AutoTests.java: Vertx closed.

===========================================================================================
----------------- testing Tue Jun 25 04:41:24 UTC 2019 /home/travis/build/icyphy/ptII/ptolemy/actor/lib/hoc/test/auto/AllToAllMultiInstanceComposite.xml
----------------- Instantiating /home/travis/build/icyphy/ptII/ptolemy/actor/lib/hoc/test/auto/AllToAllMultiInstanceComposite.xml
179 ms. Memory: 176128K Free: 139446K (79%)
----------------- Invoking toplevel() on ptolemy.moml.MoMLSimpleApplication@1b7ef73c
----------------- Done invoking toplevel() on ptolemy.moml.MoMLSimpleApplication@1b7ef73c
reloadAllAccessors: .AllToAllMultiInstanceComposite

===========================================================================================
----------------- testing Tue Jun 25 04:41:24 UTC 2019 /home/travis/build/icyphy/ptII/ptolemy/actor/lib/hoc/test/auto/ApplyFFTTest.xml
----------------- Instantiating /home/travis/build/icyphy/ptII/ptolemy/actor/lib/hoc/test/auto/ApplyFFTTest.xml
182 ms. Memory: 176128K Free: 145862K (83%)
----------------- Invoking toplevel() on ptolemy.moml.MoMLSimpleApplication@4701e7e2
----------------- Done invoking toplevel() on ptolemy.moml.MoMLSimpleApplication@4701e7e2
reloadAllAccessors: .ApplyFFTTest

===========================================================================================
----------------- testing Tue Jun 25 04:41:25 UTC 2019 /home/travis/build/icyphy/ptII/ptolemy/actor/lib/hoc/test/auto/ApplyFunction.xml
----------------- Instantiating /home/travis/build/icyphy/ptII/ptolemy/actor/lib/hoc/test/auto/ApplyFunction.xml
9 ms. Memory: 176128K Free: 141766K (80%)
----------------- Invoking toplevel() on ptolemy.moml.MoMLSimpleApplication@55ae47d7
----------------- Done invoking toplevel() on ptolemy.moml.MoMLSimpleApplication@55ae47d7
reloadAllAccessors: .ApplyFunction

===========================================================================================
----------------- testing Tue Jun 25 04:41:25 UTC 2019 /home/travis/build/icyphy/ptII/ptolemy/actor/lib/hoc/test/auto/BackgroundExecution.xml
----------------- Instantiating /home/travis/build/icyphy/ptII/ptolemy/actor/lib/hoc/test/auto/BackgroundExecution.xml
647 ms. Memory: 176128K Free: 134598K (76%)
----------------- Invoking toplevel() on ptolemy.moml.MoMLSimpleApplication@67d927b4
----------------- Done invoking toplevel() on ptolemy.moml.MoMLSimpleApplication@67d927b4
reloadAllAccessors: .BackgroundExecution

===========================================================================================
----------------- testing Tue Jun 25 04:41:26 UTC 2019 /home/travis/build/icyphy/ptII/ptolemy/actor/lib/hoc/test/auto/Case.xml
----------------- Instantiating /home/travis/build/icyphy/ptII/ptolemy/actor/lib/hoc/test/auto/Case.xml
29 ms. Memory: 176128K Free: 127430K (72%)
----------------- Invoking toplevel() on ptolemy.moml.MoMLSimpleApplication@4e1b6c05
----------------- Done invoking toplevel() on ptolemy.moml.MoMLSimpleApplication@4e1b6c05
reloadAllAccessors: .Case

===========================================================================================
----------------- testing Tue Jun 25 04:41:26 UTC 2019 /home/travis/build/icyphy/ptII/ptolemy/actor/lib/hoc/test/auto/Case1.xml
----------------- Instantiating /home/travis/build/icyphy/ptII/ptolemy/actor/lib/hoc/test/auto/Case1.xml
37 ms. Memory: 176128K Free: 120262K (68%)
----------------- Invoking toplevel() on ptolemy.moml.MoMLSimpleApplication@35bc6f8b
----------------- Done invoking toplevel() on ptolemy.moml.MoMLSimpleApplication@35bc6f8b
reloadAllAccessors: .Case1

===========================================================================================
----------------- testing Tue Jun 25 04:41:26 UTC 2019 /home/travis/build/icyphy/ptII/ptolemy/actor/lib/hoc/test/auto/Case2.xml
----------------- Instantiating /home/travis/build/icyphy/ptII/ptolemy/actor/lib/hoc/test/auto/Case2.xml
63 ms. Memory: 176128K Free: 110022K (62%)
----------------- Invoking toplevel() on ptolemy.moml.MoMLSimpleApplication@63d6b4b
----------------- Done invoking toplevel() on ptolemy.moml.MoMLSimpleApplication@63d6b4b
reloadAllAccessors: .Case2

===========================================================================================
----------------- testing Tue Jun 25 04:41:26 UTC 2019 /home/travis/build/icyphy/ptII/ptolemy/actor/lib/hoc/test/auto/Case3.xml
----------------- Instantiating /home/travis/build/icyphy/ptII/ptolemy/actor/lib/hoc/test/auto/Case3.xml
12 ms. Memory: 176128K Free: 104388K (59%)
----------------- Invoking toplevel() on ptolemy.moml.MoMLSimpleApplication@58b4407
----------------- Done invoking toplevel() on ptolemy.moml.MoMLSimpleApplication@58b4407
reloadAllAccessors: .Case3

===========================================================================================
----------------- testing Tue Jun 25 04:41:26 UTC 2019 /home/travis/build/icyphy/ptII/ptolemy/actor/lib/hoc/test/auto/Case4.xml
----------------- Instantiating /home/travis/build/icyphy/ptII/ptolemy/actor/lib/hoc/test/auto/Case4.xml
13 ms. Memory: 176128K Free: 96196K (55%)
----------------- Invoking toplevel() on ptolemy.moml.MoMLSimpleApplication@bcf53f5
----------------- Done invoking toplevel() on ptolemy.moml.MoMLSimpleApplication@bcf53f5
reloadAllAccessors: .Case4

===========================================================================================
----------------- testing Tue Jun 25 04:41:26 UTC 2019 /home/travis/build/icyphy/ptII/ptolemy/actor/lib/hoc/test/auto/Case5.xml
----------------- Instantiating /home/travis/build/icyphy/ptII/ptolemy/actor/lib/hoc/test/auto/Case5.xml
42 ms. Memory: 176128K Free: 90052K (51%)
----------------- Invoking toplevel() on ptolemy.moml.MoMLSimpleApplication@528b8f63
----------------- Done invoking toplevel() on ptolemy.moml.MoMLSimpleApplication@528b8f63
reloadAllAccessors: .junk

===========================================================================================
----------------- testing Tue Jun 25 04:41:26 UTC 2019 /home/travis/build/icyphy/ptII/ptolemy/actor/lib/hoc/test/auto/Case6.xml
----------------- Instantiating /home/travis/build/icyphy/ptII/ptolemy/actor/lib/hoc/test/auto/Case6.xml
57 ms. Memory: 176128K Free: 78278K (44%)
----------------- Invoking toplevel() on ptolemy.moml.MoMLSimpleApplication@59d98993
----------------- Done invoking toplevel() on ptolemy.moml.MoMLSimpleApplication@59d98993
reloadAllAccessors: .Case6

===========================================================================================
----------------- testing Tue Jun 25 04:41:26 UTC 2019 /home/travis/build/icyphy/ptII/ptolemy/actor/lib/hoc/test/auto/CaseString2.xml
----------------- Instantiating /home/travis/build/icyphy/ptII/ptolemy/actor/lib/hoc/test/auto/CaseString2.xml
22 ms. Memory: 176128K Free: 70086K (40%)
----------------- Invoking toplevel() on ptolemy.moml.MoMLSimpleApplication@271d963
----------------- Done invoking toplevel() on ptolemy.moml.MoMLSimpleApplication@271d963
reloadAllAccessors: .CaseString2

===========================================================================================
----------------- testing Tue Jun 25 04:41:26 UTC 2019 /home/travis/build/icyphy/ptII/ptolemy/actor/lib/hoc/test/auto/CatchUpComposite1.xml
----------------- Instantiating /home/travis/build/icyphy/ptII/ptolemy/actor/lib/hoc/test/auto/CatchUpComposite1.xml
37 ms. Memory: 176128K Free: 60870K (35%)
----------------- Invoking toplevel() on ptolemy.moml.MoMLSimpleApplication@4fd5b95b
----------------- Done invoking toplevel() on ptolemy.moml.MoMLSimpleApplication@4fd5b95b
reloadAllAccessors: .CatchUpComposite1

===========================================================================================
----------------- testing Tue Jun 25 04:41:27 UTC 2019 /home/travis/build/icyphy/ptII/ptolemy/actor/lib/hoc/test/auto/CatchUpComposite2.xml
----------------- Instantiating /home/travis/build/icyphy/ptII/ptolemy/actor/lib/hoc/test/auto/CatchUpComposite2.xml
9 ms. Memory: 176128K Free: 154170K (88%)
----------------- Invoking toplevel() on ptolemy.moml.MoMLSimpleApplication@3438705e
----------------- Done invoking toplevel() on ptolemy.moml.MoMLSimpleApplication@3438705e
reloadAllAccessors: .CatchUpComposite2

===========================================================================================
----------------- testing Tue Jun 25 04:41:27 UTC 2019 /home/travis/build/icyphy/ptII/ptolemy/actor/lib/hoc/test/auto/CatchUpComposite3.xml
----------------- Instantiating /home/travis/build/icyphy/ptII/ptolemy/actor/lib/hoc/test/auto/CatchUpComposite3.xml
24 ms. Memory: 176128K Free: 145468K (83%)
----------------- Invoking toplevel() on ptolemy.moml.MoMLSimpleApplication@765a287f
----------------- Done invoking toplevel() on ptolemy.moml.MoMLSimpleApplication@765a287f
reloadAllAccessors: .CatchUpComposite3

===========================================================================================
----------------- testing Tue Jun 25 04:41:27 UTC 2019 /home/travis/build/icyphy/ptII/ptolemy/actor/lib/hoc/test/auto/CatchUpComposite4.xml
----------------- Instantiating /home/travis/build/icyphy/ptII/ptolemy/actor/lib/hoc/test/auto/CatchUpComposite4.xml
18 ms. Memory: 176128K Free: 137756K (78%)
----------------- Invoking toplevel() on ptolemy.moml.MoMLSimpleApplication@663bc2c2
----------------- Done invoking toplevel() on ptolemy.moml.MoMLSimpleApplication@663bc2c2
reloadAllAccessors: .CatchUpComposite4

===========================================================================================
----------------- testing Tue Jun 25 04:41:27 UTC 2019 /home/travis/build/icyphy/ptII/ptolemy/actor/lib/hoc/test/auto/CatchUpComposite5.xml
----------------- Instantiating /home/travis/build/icyphy/ptII/ptolemy/actor/lib/hoc/test/auto/CatchUpComposite5.xml
20 ms. Memory: 176128K Free: 129580K (74%)
----------------- Invoking toplevel() on ptolemy.moml.MoMLSimpleApplication@2f76db8d
----------------- Done invoking toplevel() on ptolemy.moml.MoMLSimpleApplication@2f76db8d
reloadAllAccessors: .CatchUpComposite5

===========================================================================================
----------------- testing Tue Jun 25 04:41:27 UTC 2019 /home/travis/build/icyphy/ptII/ptolemy/actor/lib/hoc/test/auto/CatchUpComposite6.xml
----------------- Instantiating /home/travis/build/icyphy/ptII/ptolemy/actor/lib/hoc/test/auto/CatchUpComposite6.xml
WARNING: The execution aspects in this model can influence the timing of actors by delaying the 
execution, potentially changing the behavior. There is no guarantee that actors fire at the 
time they request to be fired. 
Use Ptides for deterministic DE behavior that is not influenced by execution aspects. 

84 ms. Memory: 176128K Free: 115258K (65%)
----------------- Invoking toplevel() on ptolemy.moml.MoMLSimpleApplication@4b10affb
----------------- Done invoking toplevel() on ptolemy.moml.MoMLSimpleApplication@4b10affb
reloadAllAccessors: .CatchUpComposite6

===========================================================================================
----------------- testing Tue Jun 25 04:41:27 UTC 2019 /home/travis/build/icyphy/ptII/ptolemy/actor/lib/hoc/test/auto/CatchUpComposite7.xml
----------------- Instantiating /home/travis/build/icyphy/ptII/ptolemy/actor/lib/hoc/test/auto/CatchUpComposite7.xml
WARNING: The execution aspects in this model can influence the timing of actors by delaying the 
execution, potentially changing the behavior. There is no guarantee that actors fire at the 
time they request to be fired. 
Use Ptides for deterministic DE behavior that is not influenced by execution aspects. 

46 ms. Memory: 176128K Free: 101436K (58%)
----------------- Invoking toplevel() on ptolemy.moml.MoMLSimpleApplication@3bb1ff46
----------------- Done invoking toplevel() on ptolemy.moml.MoMLSimpleApplication@3bb1ff46
reloadAllAccessors: .CatchUpComposite7

===========================================================================================
----------------- testing Tue Jun 25 04:41:27 UTC 2019 /home/travis/build/icyphy/ptII/ptolemy/actor/lib/hoc/test/auto/ConcurrentExecutionTimeSDF.xml
----------------- Instantiating /home/travis/build/icyphy/ptII/ptolemy/actor/lib/hoc/test/auto/ConcurrentExecutionTimeSDF.xml
Fired ExecutionTime: 40400000
Fired ExecutionTime: 40400000
Fired ExecutionTime: 40400000
Fired ExecutionTime: 40400000
Fired ExecutionTime: 40400000
Fired ExecutionTime: 40400000
Fired ExecutionTime: 40400000
Fired ExecutionTime: 40400000
Fired ExecutionTime: 40400000
Fired ExecutionTime: 40400000
Fired ExecutionTime: 40400000
Fired ExecutionTime: 40400000
Fired ExecutionTime: 40400000
Fired ExecutionTime: 40400000
Fired ExecutionTime: 40400000
Fired ExecutionTime: 40400000
Fired ExecutionTime: 40400000
Fired ExecutionTime: 40400000
Fired ExecutionTime: 40400000
Fired ExecutionTime: 40400000
1464 ms. Memory: 176128K Free: 93754K (53%)
----------------- Invoking toplevel() on ptolemy.moml.MoMLSimpleApplication@5bd75b1e
----------------- Done invoking toplevel() on ptolemy.moml.MoMLSimpleApplication@5bd75b1e
reloadAllAccessors: .ConcurrentExecutionTimeSDF

===========================================================================================
----------------- testing Tue Jun 25 04:41:29 UTC 2019 /home/travis/build/icyphy/ptII/ptolemy/actor/lib/hoc/test/auto/ConcurrentSleep.xml
----------------- Instantiating /home/travis/build/icyphy/ptII/ptolemy/actor/lib/hoc/test/auto/ConcurrentSleep.xml
724 ms. Memory: 176128K Free: 82490K (47%)
----------------- Invoking toplevel() on ptolemy.moml.MoMLSimpleApplication@4b31ee14
----------------- Done invoking toplevel() on ptolemy.moml.MoMLSimpleApplication@4b31ee14
reloadAllAccessors: .ConcurrentSleep

===========================================================================================
----------------- testing Tue Jun 25 04:41:29 UTC 2019 /home/travis/build/icyphy/ptII/ptolemy/actor/lib/hoc/test/auto/DEInPNInRunCompositeActor.xml
----------------- Instantiating /home/travis/build/icyphy/ptII/ptolemy/actor/lib/hoc/test/auto/DEInPNInRunCompositeActor.xml
16 ms. Memory: 176128K Free: 75836K (43%)
----------------- Invoking toplevel() on ptolemy.moml.MoMLSimpleApplication@73e89b3
----------------- Done invoking toplevel() on ptolemy.moml.MoMLSimpleApplication@73e89b3
reloadAllAccessors: .DEInPNInRunCompositeActor

===========================================================================================
----------------- testing Tue Jun 25 04:41:29 UTC 2019 /home/travis/build/icyphy/ptII/ptolemy/actor/lib/hoc/test/auto/DFTSubSetTest.xml
----------------- Instantiating /home/travis/build/icyphy/ptII/ptolemy/actor/lib/hoc/test/auto/DFTSubSetTest.xml
203 ms. Memory: 176128K Free: 135356K (77%)
----------------- Invoking toplevel() on ptolemy.moml.MoMLSimpleApplication@6d1127c0
----------------- Done invoking toplevel() on ptolemy.moml.MoMLSimpleApplication@6d1127c0
reloadAllAccessors: .DFTSubSetTest

===========================================================================================
----------------- testing Tue Jun 25 04:41:30 UTC 2019 /home/travis/build/icyphy/ptII/ptolemy/actor/lib/hoc/test/auto/HocDE.xml
----------------- Instantiating /home/travis/build/icyphy/ptII/ptolemy/actor/lib/hoc/test/auto/HocDE.xml
149 ms. Memory: 176128K Free: 110040K (62%)
----------------- Invoking toplevel() on ptolemy.moml.MoMLSimpleApplication@6ed7e6a8
----------------- Done invoking toplevel() on ptolemy.moml.MoMLSimpleApplication@6ed7e6a8
reloadAllAccessors: .HocDE

===========================================================================================
----------------- testing Tue Jun 25 04:41:30 UTC 2019 /home/travis/build/icyphy/ptII/ptolemy/actor/lib/hoc/test/auto/IterateOverArray.xml
----------------- Instantiating /home/travis/build/icyphy/ptII/ptolemy/actor/lib/hoc/test/auto/IterateOverArray.xml
5 ms. Memory: 176128K Free: 105427K (60%)
----------------- Invoking toplevel() on ptolemy.moml.MoMLSimpleApplication@517b2123
----------------- Done invoking toplevel() on ptolemy.moml.MoMLSimpleApplication@517b2123
reloadAllAccessors: .IterateOverArray

===========================================================================================
----------------- testing Tue Jun 25 04:41:30 UTC 2019 /home/travis/build/icyphy/ptII/ptolemy/actor/lib/hoc/test/auto/IterateOverArray10.xml
----------------- Instantiating /home/travis/build/icyphy/ptII/ptolemy/actor/lib/hoc/test/auto/IterateOverArray10.xml
5 ms. Memory: 176128K Free: 102355K (58%)
----------------- Invoking toplevel() on ptolemy.moml.MoMLSimpleApplication@267e362d
----------------- Done invoking toplevel() on ptolemy.moml.MoMLSimpleApplication@267e362d
reloadAllAccessors: .IterateOverArray10

===========================================================================================
----------------- testing Tue Jun 25 04:41:30 UTC 2019 /home/travis/build/icyphy/ptII/ptolemy/actor/lib/hoc/test/auto/IterateOverArray11.xml
----------------- Instantiating /home/travis/build/icyphy/ptII/ptolemy/actor/lib/hoc/test/auto/IterateOverArray11.xml
5 ms. Memory: 176128K Free: 98767K (56%)
----------------- Invoking toplevel() on ptolemy.moml.MoMLSimpleApplication@65adf8dc
----------------- Done invoking toplevel() on ptolemy.moml.MoMLSimpleApplication@65adf8dc
reloadAllAccessors: .IterateOverArray11

===========================================================================================
----------------- testing Tue Jun 25 04:41:30 UTC 2019 /home/travis/build/icyphy/ptII/ptolemy/actor/lib/hoc/test/auto/IterateOverArray12.xml
----------------- Instantiating /home/travis/build/icyphy/ptII/ptolemy/actor/lib/hoc/test/auto/IterateOverArray12.xml
18 ms. Memory: 176128K Free: 92623K (53%)
----------------- Invoking toplevel() on ptolemy.moml.MoMLSimpleApplication@3e2d74ce
----------------- Done invoking toplevel() on ptolemy.moml.MoMLSimpleApplication@3e2d74ce
reloadAllAccessors: .IterateOverArray12

===========================================================================================
----------------- testing Tue Jun 25 04:41:30 UTC 2019 /home/travis/build/icyphy/ptII/ptolemy/actor/lib/hoc/test/auto/IterateOverArray13.xml
----------------- Instantiating /home/travis/build/icyphy/ptII/ptolemy/actor/lib/hoc/test/auto/IterateOverArray13.xml
59 ms. Memory: 176128K Free: 67032K (38%)
----------------- Invoking toplevel() on ptolemy.moml.MoMLSimpleApplication@9533ce9
----------------- Done invoking toplevel() on ptolemy.moml.MoMLSimpleApplication@9533ce9
reloadAllAccessors: .IterateOverArray13

===========================================================================================
----------------- testing Tue Jun 25 04:41:30 UTC 2019 /home/travis/build/icyphy/ptII/ptolemy/actor/lib/hoc/test/auto/IterateOverArray14.xml
----------------- Instantiating /home/travis/build/icyphy/ptII/ptolemy/actor/lib/hoc/test/auto/IterateOverArray14.xml
91 ms. Memory: 214016K Free: 171589K (80%)
----------------- Invoking toplevel() on ptolemy.moml.MoMLSimpleApplication@452a045c
----------------- Done invoking toplevel() on ptolemy.moml.MoMLSimpleApplication@452a045c
reloadAllAccessors: .IterateOverArray14

===========================================================================================
----------------- testing Tue Jun 25 04:41:30 UTC 2019 /home/travis/build/icyphy/ptII/ptolemy/actor/lib/hoc/test/auto/IterateOverArray2.xml
----------------- Instantiating /home/travis/build/icyphy/ptII/ptolemy/actor/lib/hoc/test/auto/IterateOverArray2.xml
10 ms. Memory: 214016K Free: 166983K (78%)
----------------- Invoking toplevel() on ptolemy.moml.MoMLSimpleApplication@43b15c6c
----------------- Done invoking toplevel() on ptolemy.moml.MoMLSimpleApplication@43b15c6c
reloadAllAccessors: .IterateOverArray2

===========================================================================================
----------------- testing Tue Jun 25 04:41:30 UTC 2019 /home/travis/build/icyphy/ptII/ptolemy/actor/lib/hoc/test/auto/IterateOverArray3.xml
----------------- Instantiating /home/travis/build/icyphy/ptII/ptolemy/actor/lib/hoc/test/auto/IterateOverArray3.xml
17 ms. Memory: 214016K Free: 160839K (75%)
----------------- Invoking toplevel() on ptolemy.moml.MoMLSimpleApplication@1da5499a
----------------- Done invoking toplevel() on ptolemy.moml.MoMLSimpleApplication@1da5499a
reloadAllAccessors: .IterateOverArray3

===========================================================================================
----------------- testing Tue Jun 25 04:41:30 UTC 2019 /home/travis/build/icyphy/ptII/ptolemy/actor/lib/hoc/test/auto/IterateOverArray4.xml
----------------- Instantiating /home/travis/build/icyphy/ptII/ptolemy/actor/lib/hoc/test/auto/IterateOverArray4.xml
5 ms. Memory: 214016K Free: 157253K (73%)
----------------- Invoking toplevel() on ptolemy.moml.MoMLSimpleApplication@6f1c8575
----------------- Done invoking toplevel() on ptolemy.moml.MoMLSimpleApplication@6f1c8575
reloadAllAccessors: .IterateOverArray4

===========================================================================================
----------------- testing Tue Jun 25 04:41:30 UTC 2019 /home/travis/build/icyphy/ptII/ptolemy/actor/lib/hoc/test/auto/IterateOverArray5.xml
----------------- Instantiating /home/travis/build/icyphy/ptII/ptolemy/actor/lib/hoc/test/auto/IterateOverArray5.xml
3 ms. Memory: 214016K Free: 153157K (72%)
----------------- Invoking toplevel() on ptolemy.moml.MoMLSimpleApplication@29bde760
----------------- Done invoking toplevel() on ptolemy.moml.MoMLSimpleApplication@29bde760
reloadAllAccessors: .IterateOverArray5

===========================================================================================
----------------- testing Tue Jun 25 04:41:30 UTC 2019 /home/travis/build/icyphy/ptII/ptolemy/actor/lib/hoc/test/auto/IterateOverArray6.xml
----------------- Instantiating /home/travis/build/icyphy/ptII/ptolemy/actor/lib/hoc/test/auto/IterateOverArray6.xml
3 ms. Memory: 214016K Free: 150085K (70%)
----------------- Invoking toplevel() on ptolemy.moml.MoMLSimpleApplication@47a4836f
----------------- Done invoking toplevel() on ptolemy.moml.MoMLSimpleApplication@47a4836f
reloadAllAccessors: .IterateOverArray6

===========================================================================================
----------------- testing Tue Jun 25 04:41:30 UTC 2019 /home/travis/build/icyphy/ptII/ptolemy/actor/lib/hoc/test/auto/IterateOverArray7.xml
----------------- Instantiating /home/travis/build/icyphy/ptII/ptolemy/actor/lib/hoc/test/auto/IterateOverArray7.xml
4 ms. Memory: 214016K Free: 144965K (68%)
----------------- Invoking toplevel() on ptolemy.moml.MoMLSimpleApplication@2440cdf0
----------------- Done invoking toplevel() on ptolemy.moml.MoMLSimpleApplication@2440cdf0
reloadAllAccessors: .IterateOverArray7

===========================================================================================
----------------- testing Tue Jun 25 04:41:30 UTC 2019 /home/travis/build/icyphy/ptII/ptolemy/actor/lib/hoc/test/auto/IterateOverArray8.xml
----------------- Instantiating /home/travis/build/icyphy/ptII/ptolemy/actor/lib/hoc/test/auto/IterateOverArray8.xml
3 ms. Memory: 214016K Free: 141383K (66%)
----------------- Invoking toplevel() on ptolemy.moml.MoMLSimpleApplication@197fbf0
----------------- Done invoking toplevel() on ptolemy.moml.MoMLSimpleApplication@197fbf0
reloadAllAccessors: .IterateOverArray8

===========================================================================================
----------------- testing Tue Jun 25 04:41:31 UTC 2019 /home/travis/build/icyphy/ptII/ptolemy/actor/lib/hoc/test/auto/IterateOverArray9.xml
----------------- Instantiating /home/travis/build/icyphy/ptII/ptolemy/actor/lib/hoc/test/auto/IterateOverArray9.xml
6 ms. Memory: 214016K Free: 137287K (64%)
----------------- Invoking toplevel() on ptolemy.moml.MoMLSimpleApplication@33993685
----------------- Done invoking toplevel() on ptolemy.moml.MoMLSimpleApplication@33993685
reloadAllAccessors: .IterateOverArray9

===========================================================================================
----------------- testing Tue Jun 25 04:41:31 UTC 2019 /home/travis/build/icyphy/ptII/ptolemy/actor/lib/hoc/test/auto/IterateOverArrayCoercedOutputType.xml
----------------- Instantiating /home/travis/build/icyphy/ptII/ptolemy/actor/lib/hoc/test/auto/IterateOverArrayCoercedOutputType.xml
7 ms. Memory: 214016K Free: 132167K (62%)
----------------- Invoking toplevel() on ptolemy.moml.MoMLSimpleApplication@3902767e
----------------- Done invoking toplevel() on ptolemy.moml.MoMLSimpleApplication@3902767e
reloadAllAccessors: .IterateOverArrayCoercedOutputType

===========================================================================================
----------------- testing Tue Jun 25 04:41:31 UTC 2019 /home/travis/build/icyphy/ptII/ptolemy/actor/lib/hoc/test/auto/IterateOverArrayInferredOutputType.xml
----------------- Instantiating /home/travis/build/icyphy/ptII/ptolemy/actor/lib/hoc/test/auto/IterateOverArrayInferredOutputType.xml
12 ms. Memory: 214016K Free: 127557K (60%)
----------------- Invoking toplevel() on ptolemy.moml.MoMLSimpleApplication@21a0822f
----------------- Done invoking toplevel() on ptolemy.moml.MoMLSimpleApplication@21a0822f
reloadAllAccessors: .IterateOverArrayInferredOutputType

===========================================================================================
----------------- testing Tue Jun 25 04:41:31 UTC 2019 /home/travis/build/icyphy/ptII/ptolemy/actor/lib/hoc/test/auto/MobileFunctionTest.xml
----------------- Instantiating /home/travis/build/icyphy/ptII/ptolemy/actor/lib/hoc/test/auto/MobileFunctionTest.xml
4 ms. Memory: 214016K Free: 122951K (57%)
----------------- Invoking toplevel() on ptolemy.moml.MoMLSimpleApplication@4e0787c6
----------------- Done invoking toplevel() on ptolemy.moml.MoMLSimpleApplication@4e0787c6
reloadAllAccessors: .MobileFunctionTest

===========================================================================================
----------------- testing Tue Jun 25 04:41:31 UTC 2019 /home/travis/build/icyphy/ptII/ptolemy/actor/lib/hoc/test/auto/MobileModelTest.xml
----------------- Instantiating /home/travis/build/icyphy/ptII/ptolemy/actor/lib/hoc/test/auto/MobileModelTest.xml
149 ms. Memory: 214016K Free: 102471K (48%)
----------------- Invoking toplevel() on ptolemy.moml.MoMLSimpleApplication@2c1371a8
----------------- Done invoking toplevel() on ptolemy.moml.MoMLSimpleApplication@2c1371a8
reloadAllAccessors: .MobileModelTest

===========================================================================================
----------------- testing Tue Jun 25 04:41:31 UTC 2019 /home/travis/build/icyphy/ptII/ptolemy/actor/lib/hoc/test/auto/ModelReference.xml
----------------- Instantiating /home/travis/build/icyphy/ptII/ptolemy/actor/lib/hoc/test/auto/ModelReference.xml
2 ms. Memory: 214016K Free: 95813K (45%)
2 ms. Memory: 214016K Free: 95303K (45%)
2 ms. Memory: 214016K Free: 94279K (44%)
2 ms. Memory: 214016K Free: 93735K (44%)
1 ms. Memory: 214016K Free: 92727K (43%)
2 ms. Memory: 214016K Free: 91717K (43%)
2 ms. Memory: 214016K Free: 91207K (43%)
1 ms. Memory: 214016K Free: 90183K (42%)
1 ms. Memory: 214016K Free: 89159K (42%)
1 ms. Memory: 214016K Free: 88645K (41%)
23 ms. Memory: 214016K Free: 88645K (41%)
----------------- Invoking toplevel() on ptolemy.moml.MoMLSimpleApplication@363d925f
----------------- Done invoking toplevel() on ptolemy.moml.MoMLSimpleApplication@363d925f
reloadAllAccessors: .ModelReference

===========================================================================================
----------------- testing Tue Jun 25 04:41:31 UTC 2019 /home/travis/build/icyphy/ptII/ptolemy/actor/lib/hoc/test/auto/ModelReference3.xml
----------------- Instantiating /home/travis/build/icyphy/ptII/ptolemy/actor/lib/hoc/test/auto/ModelReference3.xml
2 ms. Memory: 214016K Free: 84039K (39%)
4 ms. Memory: 214016K Free: 83495K (39%)
1 ms. Memory: 214016K Free: 82501K (39%)
3 ms. Memory: 214016K Free: 81991K (38%)
2 ms. Memory: 214016K Free: 80967K (38%)
1 ms. Memory: 214016K Free: 79943K (37%)
3 ms. Memory: 214016K Free: 79415K (37%)
2 ms. Memory: 214016K Free: 78405K (37%)
2 ms. Memory: 214016K Free: 77895K (36%)
2 ms. Memory: 214016K Free: 76871K (36%)
31 ms. Memory: 214016K Free: 76871K (36%)
----------------- Invoking toplevel() on ptolemy.moml.MoMLSimpleApplication@2285145
----------------- Done invoking toplevel() on ptolemy.moml.MoMLSimpleApplication@2285145
reloadAllAccessors: .ModelReference3

===========================================================================================
----------------- testing Tue Jun 25 04:41:31 UTC 2019 /home/travis/build/icyphy/ptII/ptolemy/actor/lib/hoc/test/auto/ModelReference4.xml
----------------- Instantiating /home/travis/build/icyphy/ptII/ptolemy/actor/lib/hoc/test/auto/ModelReference4.xml
2 ms. Memory: 214016K Free: 194158K (91%)
4 ms. Memory: 214016K Free: 193120K (90%)
2 ms. Memory: 214016K Free: 191600K (90%)
5 ms. Memory: 214016K Free: 190576K (89%)
3 ms. Memory: 214016K Free: 189032K (88%)
2 ms. Memory: 214016K Free: 188000K (88%)
3 ms. Memory: 214016K Free: 186990K (87%)
2 ms. Memory: 214016K Free: 185456K (87%)
5 ms. Memory: 214016K Free: 184432K (86%)
2 ms. Memory: 214016K Free: 182888K (85%)
10019 ms. Memory: 214016K Free: 182888K (85%)
----------------- Invoking toplevel() on ptolemy.moml.MoMLSimpleApplication@3c21ab6e
----------------- Done invoking toplevel() on ptolemy.moml.MoMLSimpleApplication@3c21ab6e
reloadAllAccessors: .ModelReference4

===========================================================================================
----------------- testing Tue Jun 25 04:41:41 UTC 2019 /home/travis/build/icyphy/ptII/ptolemy/actor/lib/hoc/test/auto/MultiInstanceComposite.xml
----------------- Instantiating /home/travis/build/icyphy/ptII/ptolemy/actor/lib/hoc/test/auto/MultiInstanceComposite.xml
29 ms. Memory: 214016K Free: 163952K (77%)
----------------- Invoking toplevel() on ptolemy.moml.MoMLSimpleApplication@bc51acf
----------------- Done invoking toplevel() on ptolemy.moml.MoMLSimpleApplication@bc51acf
reloadAllAccessors: .MultiInstanceComposite

===========================================================================================
----------------- testing Tue Jun 25 04:41:41 UTC 2019 /home/travis/build/icyphy/ptII/ptolemy/actor/lib/hoc/test/auto/MultiInstanceComposite2.xml
----------------- Instantiating /home/travis/build/icyphy/ptII/ptolemy/actor/lib/hoc/test/auto/MultiInstanceComposite2.xml
15 ms. Memory: 214016K Free: 152688K (71%)
----------------- Invoking toplevel() on ptolemy.moml.MoMLSimpleApplication@780283e1
----------------- Done invoking toplevel() on ptolemy.moml.MoMLSimpleApplication@780283e1
reloadAllAccessors: .MultiInstanceComposite2

===========================================================================================
----------------- testing Tue Jun 25 04:41:41 UTC 2019 /home/travis/build/icyphy/ptII/ptolemy/actor/lib/hoc/test/auto/MulticoreExecution.xml
----------------- Instantiating /home/travis/build/icyphy/ptII/ptolemy/actor/lib/hoc/test/auto/MulticoreExecution.xml
Fired ExecutionTime: 2400000
Fired ExecutionTime: 3200000
Fired ExecutionTime: 22000000
Fired ExecutionTime: 52800000
Fired ExecutionTime: 60000000
Fired ExecutionTime: 69200000
Fired ExecutionTime: 66000000
Fired ExecutionTime: 66800000
Fired ExecutionTime: 66000000
Fired ExecutionTime: 66800000
Fired ExecutionTime: 66400000
Fired ExecutionTime: 66000000
Fired ExecutionTime: 111200000
Fired ExecutionTime: 106800000
Fired ExecutionTime: 81200000
Fired ExecutionTime: 83200000
Fired ExecutionTime: 68000000
Fired ExecutionTime: 68000000
Fired ExecutionTime: 65600000
Fired ExecutionTime: 67600000
1052 ms. Memory: 214016K Free: 143472K (67%)
----------------- Invoking toplevel() on ptolemy.moml.MoMLSimpleApplication@7eed6a38
----------------- Done invoking toplevel() on ptolemy.moml.MoMLSimpleApplication@7eed6a38
reloadAllAccessors: .MulticoreExecution

===========================================================================================
----------------- testing Tue Jun 25 04:41:42 UTC 2019 /home/travis/build/icyphy/ptII/ptolemy/actor/lib/hoc/test/auto/ParallelExecution.xml
----------------- Instantiating /home/travis/build/icyphy/ptII/ptolemy/actor/lib/hoc/test/auto/ParallelExecution.xml
917 ms. Memory: 214016K Free: 135790K (63%)
----------------- Invoking toplevel() on ptolemy.moml.MoMLSimpleApplication@520f663e
----------------- Done invoking toplevel() on ptolemy.moml.MoMLSimpleApplication@520f663e
reloadAllAccessors: .ParallelExecution

===========================================================================================
----------------- testing Tue Jun 25 04:41:43 UTC 2019 /home/travis/build/icyphy/ptII/ptolemy/actor/lib/hoc/test/auto/RunCompositeActor.xml
----------------- Instantiating /home/travis/build/icyphy/ptII/ptolemy/actor/lib/hoc/test/auto/RunCompositeActor.xml
8 ms. Memory: 214016K Free: 128608K (60%)
----------------- Invoking toplevel() on ptolemy.moml.MoMLSimpleApplication@3caf7d03
----------------- Done invoking toplevel() on ptolemy.moml.MoMLSimpleApplication@3caf7d03
reloadAllAccessors: .RunCompositeActor

===========================================================================================
----------------- testing Tue Jun 25 04:41:43 UTC 2019 /home/travis/build/icyphy/ptII/ptolemy/actor/lib/hoc/test/auto/RunCompositeActor2.xml
----------------- Instantiating /home/travis/build/icyphy/ptII/ptolemy/actor/lib/hoc/test/auto/RunCompositeActor2.xml
10 ms. Memory: 214016K Free: 122464K (57%)
----------------- Invoking toplevel() on ptolemy.moml.MoMLSimpleApplication@2b24000
----------------- Done invoking toplevel() on ptolemy.moml.MoMLSimpleApplication@2b24000
reloadAllAccessors: .RunCompositeActor2

===========================================================================================
----------------- testing Tue Jun 25 04:41:43 UTC 2019 /home/travis/build/icyphy/ptII/ptolemy/actor/lib/hoc/test/auto/RunCompositeActor3.xml
----------------- Instantiating /home/travis/build/icyphy/ptII/ptolemy/actor/lib/hoc/test/auto/RunCompositeActor3.xml
7 ms. Memory: 214016K Free: 116848K (55%)
----------------- Invoking toplevel() on ptolemy.moml.MoMLSimpleApplication@4b808700
----------------- Done invoking toplevel() on ptolemy.moml.MoMLSimpleApplication@4b808700
reloadAllAccessors: .RunCompositeActor3

===========================================================================================
----------------- testing Tue Jun 25 04:41:43 UTC 2019 /home/travis/build/icyphy/ptII/ptolemy/actor/lib/hoc/test/auto/RunCompositeActor4.xml
----------------- Instantiating /home/travis/build/icyphy/ptII/ptolemy/actor/lib/hoc/test/auto/RunCompositeActor4.xml
12 ms. Memory: 214016K Free: 109160K (51%)
----------------- Invoking toplevel() on ptolemy.moml.MoMLSimpleApplication@214c4d6f
----------------- Done invoking toplevel() on ptolemy.moml.MoMLSimpleApplication@214c4d6f
reloadAllAccessors: .RunCompositeActor4

===========================================================================================
----------------- testing Tue Jun 25 04:41:43 UTC 2019 /home/travis/build/icyphy/ptII/ptolemy/actor/lib/hoc/test/auto/RunCompositeIterateOverArray.xml
----------------- Instantiating /home/travis/build/icyphy/ptII/ptolemy/actor/lib/hoc/test/auto/RunCompositeIterateOverArray.xml
5 ms. Memory: 214016K Free: 103022K (48%)
----------------- Invoking toplevel() on ptolemy.moml.MoMLSimpleApplication@2f4fd45f
----------------- Done invoking toplevel() on ptolemy.moml.MoMLSimpleApplication@2f4fd45f
reloadAllAccessors: .RunCompositeIterateOverArray

===========================================================================================
----------------- testing Tue Jun 25 04:41:43 UTC 2019 /home/travis/build/icyphy/ptII/ptolemy/actor/lib/hoc/test/auto/ThreadedJS.xml
----------------- Instantiating /home/travis/build/icyphy/ptII/ptolemy/actor/lib/hoc/test/auto/ThreadedJS.xml
5659 ms. Memory: 309248K Free: 139262K (45%)
----------------- Invoking toplevel() on ptolemy.moml.MoMLSimpleApplication@26614e6c
----------------- Done invoking toplevel() on ptolemy.moml.MoMLSimpleApplication@26614e6c
reloadAllAccessors: .ThreadedJS
AutoTests.java: About to close Vertx.
AutoTests.java: Vertx closed.
]]></system-out>
  <system-err><![CDATA[java.lang.RuntimeException: Execution failed
	at ptolemy.moml.MoMLSimpleApplication$UnloadThread.run(MoMLSimpleApplication.java:402)
Caused by: ptolemy.kernel.util.IllegalActionException: initialize() was called after wrapup() was called but preinitialize() was not called after wrapup().
	at ptolemy.actor.lib.hoc.test.PreinitializeMustBeInvoked.initialize(PreinitializeMustBeInvoked.java:78)
	at ptolemy.actor.Director.initialize(Director.java:938)
	at ptolemy.actor.Director.initialize(Director.java:907)
	at ptolemy.actor.sched.StaticSchedulingDirector.initialize(StaticSchedulingDirector.java:159)
	at ptolemy.domains.sdf.kernel.SDFDirector.initialize(SDFDirector.java:544)
	at ptolemy.actor.CompositeActor.initialize(CompositeActor.java:935)
	at ptolemy.actor.lib.hoc.LifeCycleManager._executeInsideModel(LifeCycleManager.java:339)
	at ptolemy.actor.lib.hoc.RunCompositeActor.fire(RunCompositeActor.java:205)
	at ptolemy.actor.CompositeActor.iterate(CompositeActor.java:1146)
	at ptolemy.actor.sched.StaticSchedulingDirector.fire(StaticSchedulingDirector.java:216)
	at ptolemy.domains.sdf.kernel.SDFDirector.fire(SDFDirector.java:500)
	at ptolemy.actor.CompositeActor.fire(CompositeActor.java:455)
	at ptolemy.actor.Manager.iterate(Manager.java:851)
	at ptolemy.actor.Manager.execute(Manager.java:369)
	at ptolemy.actor.Manager.run(Manager.java:1263)
	at ptolemy.actor.Manager$PtolemyRunThread.run(Manager.java:1915)
java.lang.reflect.InvocationTargetException
	at java.base/jdk.internal.reflect.NativeConstructorAccessorImpl.newInstance0(Native Method)
	at java.base/jdk.internal.reflect.NativeConstructorAccessorImpl.newInstance(NativeConstructorAccessorImpl.java:62)
	at java.base/jdk.internal.reflect.DelegatingConstructorAccessorImpl.newInstance(DelegatingConstructorAccessorImpl.java:45)
	at java.base/java.lang.reflect.Constructor.newInstance(Constructor.java:490)
	at ptolemy.util.test.junit.AutoKnownFailedTests.RunModel(AutoKnownFailedTests.java:105)
	at java.base/jdk.internal.reflect.NativeMethodAccessorImpl.invoke0(Native Method)
	at java.base/jdk.internal.reflect.NativeMethodAccessorImpl.invoke(NativeMethodAccessorImpl.java:62)
	at java.base/jdk.internal.reflect.DelegatingMethodAccessorImpl.invoke(DelegatingMethodAccessorImpl.java:43)
	at java.base/java.lang.reflect.Method.invoke(Method.java:566)
	at org.junit.runners.model.FrameworkMethod$1.runReflectiveCall(FrameworkMethod.java:44)
	at org.junit.internal.runners.model.ReflectiveCallable.run(ReflectiveCallable.java:15)
	at org.junit.runners.model.FrameworkMethod.invokeExplosively(FrameworkMethod.java:41)
	at junitparams.internal.InvokeParameterisedMethod.evaluate(InvokeParameterisedMethod.java:102)
	at org.junit.internal.runners.statements.FailOnTimeout$1.run(FailOnTimeout.java:28)
Caused by: ptolemy.kernel.util.IllegalActionException: initialize() was called after wrapup() was called but preinitialize() was not called after wrapup().
	at ptolemy.actor.lib.hoc.test.PreinitializeMustBeInvoked.initialize(PreinitializeMustBeInvoked.java:78)
	at ptolemy.actor.Director.initialize(Director.java:938)
	at ptolemy.actor.Director.initialize(Director.java:907)
	at ptolemy.actor.sched.StaticSchedulingDirector.initialize(StaticSchedulingDirector.java:159)
	at ptolemy.domains.sdf.kernel.SDFDirector.initialize(SDFDirector.java:544)
	at ptolemy.actor.CompositeActor.initialize(CompositeActor.java:935)
	at ptolemy.actor.lib.hoc.LifeCycleManager._executeInsideModel(LifeCycleManager.java:339)
	at ptolemy.actor.lib.hoc.RunCompositeActor.fire(RunCompositeActor.java:205)
	at ptolemy.actor.CompositeActor.iterate(CompositeActor.java:1146)
	at ptolemy.actor.sched.StaticSchedulingDirector.fire(StaticSchedulingDirector.java:216)
	at ptolemy.domains.sdf.kernel.SDFDirector.fire(SDFDirector.java:500)
	at ptolemy.actor.CompositeActor.fire(CompositeActor.java:455)
	at ptolemy.actor.Manager.iterate(Manager.java:851)
	at ptolemy.actor.Manager.execute(Manager.java:369)
	at ptolemy.actor.Manager.run(Manager.java:1263)
	at ptolemy.actor.Manager$PtolemyRunThread.run(Manager.java:1915)
Warning: Nashorn engine is planned to be removed from a future JDK release
Warning: Nashorn engine is planned to be removed from a future JDK release
Warning: Nashorn engine is planned to be removed from a future JDK release
Warning: Nashorn engine is planned to be removed from a future JDK release
Warning: Nashorn engine is planned to be removed from a future JDK release
Warning: Nashorn engine is planned to be removed from a future JDK release
Warning: Nashorn engine is planned to be removed from a future JDK release
Warning: Nashorn engine is planned to be removed from a future JDK release
]]></system-err>
</testsuite>
