<?xml version="1.0" encoding="UTF-8" ?>
<testsuite errors="0" failures="0" hostname="travis-job-91f8fb3c-5562-4ec9-9980-b6cb051be0e9" name="ptolemy.actor.lib.hoc.test.junit.JUnitTclTest" skipped="0" tests="58" time="23.981" timestamp="2019-02-24T12:14:47">
  <properties>
[...]
</properties>
  <testcase classname="ptolemy.util.test.junit.TclTests" name="[0] /home/travis/build/icyphy/ptII/ptolemy/actor/lib/hoc/test/IterateOverArray.tcl (RunTclFile)" time="0.268" />
  <testcase classname="ptolemy.util.test.junit.AutoKnownFailedTests" name="[0] /home/travis/build/icyphy/ptII/ptolemy/actor/lib/hoc/test/auto/knownFailedTests/PreinitializeMustBeInvokedRunComposite.xml (RunModel)" time="0.24" />
  <testcase classname="ptolemy.util.test.junit.AutoNameArchTests" name="[0] ThereAreNoAutoArchTests (RunModel)" time="0.009" />
  <testcase classname="ptolemy.util.test.junit.AutoTests" name="[0] /home/travis/build/icyphy/ptII/ptolemy/actor/lib/hoc/test/auto/AllToAllMultiInstanceComposite.xml (RunModel)" time="0.274" />
  <testcase classname="ptolemy.util.test.junit.AutoTests" name="[1] /home/travis/build/icyphy/ptII/ptolemy/actor/lib/hoc/test/auto/ApplyFFTTest.xml (RunModel)" time="0.353" />
  <testcase classname="ptolemy.util.test.junit.AutoTests" name="[2] /home/travis/build/icyphy/ptII/ptolemy/actor/lib/hoc/test/auto/ApplyFunction.xml (RunModel)" time="0.059" />
  <testcase classname="ptolemy.util.test.junit.AutoTests" name="[3] /home/travis/build/icyphy/ptII/ptolemy/actor/lib/hoc/test/auto/BackgroundExecution.xml (RunModel)" time="0.714" />
  <testcase classname="ptolemy.util.test.junit.AutoTests" name="[4] /home/travis/build/icyphy/ptII/ptolemy/actor/lib/hoc/test/auto/Case.xml (RunModel)" time="0.054" />
  <testcase classname="ptolemy.util.test.junit.AutoTests" name="[5] /home/travis/build/icyphy/ptII/ptolemy/actor/lib/hoc/test/auto/Case1.xml (RunModel)" time="0.068" />
  <testcase classname="ptolemy.util.test.junit.AutoTests" name="[6] /home/travis/build/icyphy/ptII/ptolemy/actor/lib/hoc/test/auto/Case2.xml (RunModel)" time="0.088" />
  <testcase classname="ptolemy.util.test.junit.AutoTests" name="[7] /home/travis/build/icyphy/ptII/ptolemy/actor/lib/hoc/test/auto/Case3.xml (RunModel)" time="0.044" />
  <testcase classname="ptolemy.util.test.junit.AutoTests" name="[8] /home/travis/build/icyphy/ptII/ptolemy/actor/lib/hoc/test/auto/Case4.xml (RunModel)" time="0.074" />
  <testcase classname="ptolemy.util.test.junit.AutoTests" name="[9] /home/travis/build/icyphy/ptII/ptolemy/actor/lib/hoc/test/auto/Case5.xml (RunModel)" time="0.068" />
  <testcase classname="ptolemy.util.test.junit.AutoTests" name="[10] /home/travis/build/icyphy/ptII/ptolemy/actor/lib/hoc/test/auto/Case6.xml (RunModel)" time="0.092" />
  <testcase classname="ptolemy.util.test.junit.AutoTests" name="[11] /home/travis/build/icyphy/ptII/ptolemy/actor/lib/hoc/test/auto/CaseString2.xml (RunModel)" time="0.048" />
  <testcase classname="ptolemy.util.test.junit.AutoTests" name="[12] /home/travis/build/icyphy/ptII/ptolemy/actor/lib/hoc/test/auto/CatchUpComposite1.xml (RunModel)" time="0.08" />
  <testcase classname="ptolemy.util.test.junit.AutoTests" name="[13] /home/travis/build/icyphy/ptII/ptolemy/actor/lib/hoc/test/auto/CatchUpComposite2.xml (RunModel)" time="0.051" />
  <testcase classname="ptolemy.util.test.junit.AutoTests" name="[14] /home/travis/build/icyphy/ptII/ptolemy/actor/lib/hoc/test/auto/CatchUpComposite3.xml (RunModel)" time="0.035" />
  <testcase classname="ptolemy.util.test.junit.AutoTests" name="[15] /home/travis/build/icyphy/ptII/ptolemy/actor/lib/hoc/test/auto/CatchUpComposite4.xml (RunModel)" time="0.052" />
  <testcase classname="ptolemy.util.test.junit.AutoTests" name="[16] /home/travis/build/icyphy/ptII/ptolemy/actor/lib/hoc/test/auto/CatchUpComposite5.xml (RunModel)" time="0.036" />
  <testcase classname="ptolemy.util.test.junit.AutoTests" name="[17] /home/travis/build/icyphy/ptII/ptolemy/actor/lib/hoc/test/auto/CatchUpComposite6.xml (RunModel)" time="0.13" />
  <testcase classname="ptolemy.util.test.junit.AutoTests" name="[18] /home/travis/build/icyphy/ptII/ptolemy/actor/lib/hoc/test/auto/CatchUpComposite7.xml (RunModel)" time="0.111" />
  <testcase classname="ptolemy.util.test.junit.AutoTests" name="[19] /home/travis/build/icyphy/ptII/ptolemy/actor/lib/hoc/test/auto/ConcurrentExecutionTimeSDF.xml (RunModel)" time="1.354" />
  <testcase classname="ptolemy.util.test.junit.AutoTests" name="[20] /home/travis/build/icyphy/ptII/ptolemy/actor/lib/hoc/test/auto/ConcurrentSleep.xml (RunModel)" time="0.767" />
  <testcase classname="ptolemy.util.test.junit.AutoTests" name="[21] /home/travis/build/icyphy/ptII/ptolemy/actor/lib/hoc/test/auto/DEInPNInRunCompositeActor.xml (RunModel)" time="0.04" />
  <testcase classname="ptolemy.util.test.junit.AutoTests" name="[22] /home/travis/build/icyphy/ptII/ptolemy/actor/lib/hoc/test/auto/DFTSubSetTest.xml (RunModel)" time="0.305" />
  <testcase classname="ptolemy.util.test.junit.AutoTests" name="[23] /home/travis/build/icyphy/ptII/ptolemy/actor/lib/hoc/test/auto/HocDE.xml (RunModel)" time="0.171" />
  <testcase classname="ptolemy.util.test.junit.AutoTests" name="[24] /home/travis/build/icyphy/ptII/ptolemy/actor/lib/hoc/test/auto/IterateOverArray.xml (RunModel)" time="0.026" />
  <testcase classname="ptolemy.util.test.junit.AutoTests" name="[25] /home/travis/build/icyphy/ptII/ptolemy/actor/lib/hoc/test/auto/IterateOverArray10.xml (RunModel)" time="0.014" />
  <testcase classname="ptolemy.util.test.junit.AutoTests" name="[26] /home/travis/build/icyphy/ptII/ptolemy/actor/lib/hoc/test/auto/IterateOverArray11.xml (RunModel)" time="0.024" />
  <testcase classname="ptolemy.util.test.junit.AutoTests" name="[27] /home/travis/build/icyphy/ptII/ptolemy/actor/lib/hoc/test/auto/IterateOverArray12.xml (RunModel)" time="0.039" />
  <testcase classname="ptolemy.util.test.junit.AutoTests" name="[28] /home/travis/build/icyphy/ptII/ptolemy/actor/lib/hoc/test/auto/IterateOverArray13.xml (RunModel)" time="0.132" />
  <testcase classname="ptolemy.util.test.junit.AutoTests" name="[29] /home/travis/build/icyphy/ptII/ptolemy/actor/lib/hoc/test/auto/IterateOverArray14.xml (RunModel)" time="0.176" />
  <testcase classname="ptolemy.util.test.junit.AutoTests" name="[30] /home/travis/build/icyphy/ptII/ptolemy/actor/lib/hoc/test/auto/IterateOverArray2.xml (RunModel)" time="0.032" />
  <testcase classname="ptolemy.util.test.junit.AutoTests" name="[31] /home/travis/build/icyphy/ptII/ptolemy/actor/lib/hoc/test/auto/IterateOverArray3.xml (RunModel)" time="0.037" />
  <testcase classname="ptolemy.util.test.junit.AutoTests" name="[32] /home/travis/build/icyphy/ptII/ptolemy/actor/lib/hoc/test/auto/IterateOverArray4.xml (RunModel)" time="0.023" />
  <testcase classname="ptolemy.util.test.junit.AutoTests" name="[33] /home/travis/build/icyphy/ptII/ptolemy/actor/lib/hoc/test/auto/IterateOverArray5.xml (RunModel)" time="0.025" />
  <testcase classname="ptolemy.util.test.junit.AutoTests" name="[34] /home/travis/build/icyphy/ptII/ptolemy/actor/lib/hoc/test/auto/IterateOverArray6.xml (RunModel)" time="0.017" />
  <testcase classname="ptolemy.util.test.junit.AutoTests" name="[35] /home/travis/build/icyphy/ptII/ptolemy/actor/lib/hoc/test/auto/IterateOverArray7.xml (RunModel)" time="0.021" />
  <testcase classname="ptolemy.util.test.junit.AutoTests" name="[36] /home/travis/build/icyphy/ptII/ptolemy/actor/lib/hoc/test/auto/IterateOverArray8.xml (RunModel)" time="0.026" />
  <testcase classname="ptolemy.util.test.junit.AutoTests" name="[37] /home/travis/build/icyphy/ptII/ptolemy/actor/lib/hoc/test/auto/IterateOverArray9.xml (RunModel)" time="0.024" />
  <testcase classname="ptolemy.util.test.junit.AutoTests" name="[38] /home/travis/build/icyphy/ptII/ptolemy/actor/lib/hoc/test/auto/IterateOverArrayCoercedOutputType.xml (RunModel)" time="0.031" />
  <testcase classname="ptolemy.util.test.junit.AutoTests" name="[39] /home/travis/build/icyphy/ptII/ptolemy/actor/lib/hoc/test/auto/IterateOverArrayInferredOutputType.xml (RunModel)" time="0.032" />
  <testcase classname="ptolemy.util.test.junit.AutoTests" name="[40] /home/travis/build/icyphy/ptII/ptolemy/actor/lib/hoc/test/auto/MobileFunctionTest.xml (RunModel)" time="0.025" />
  <testcase classname="ptolemy.util.test.junit.AutoTests" name="[41] /home/travis/build/icyphy/ptII/ptolemy/actor/lib/hoc/test/auto/MobileModelTest.xml (RunModel)" time="0.119" />
  <testcase classname="ptolemy.util.test.junit.AutoTests" name="[42] /home/travis/build/icyphy/ptII/ptolemy/actor/lib/hoc/test/auto/ModelReference.xml (RunModel)" time="0.074" />
  <testcase classname="ptolemy.util.test.junit.AutoTests" name="[43] /home/travis/build/icyphy/ptII/ptolemy/actor/lib/hoc/test/auto/ModelReference3.xml (RunModel)" time="0.049" />
  <testcase classname="ptolemy.util.test.junit.AutoTests" name="[44] /home/travis/build/icyphy/ptII/ptolemy/actor/lib/hoc/test/auto/ModelReference4.xml (RunModel)" time="10.035" />
  <testcase classname="ptolemy.util.test.junit.AutoTests" name="[45] /home/travis/build/icyphy/ptII/ptolemy/actor/lib/hoc/test/auto/MultiInstanceComposite.xml (RunModel)" time="0.051" />
  <testcase classname="ptolemy.util.test.junit.AutoTests" name="[46] /home/travis/build/icyphy/ptII/ptolemy/actor/lib/hoc/test/auto/MultiInstanceComposite2.xml (RunModel)" time="0.044" />
  <testcase classname="ptolemy.util.test.junit.AutoTests" name="[47] /home/travis/build/icyphy/ptII/ptolemy/actor/lib/hoc/test/auto/MulticoreExecution.xml (RunModel)" time="1.083" />
  <testcase classname="ptolemy.util.test.junit.AutoTests" name="[48] /home/travis/build/icyphy/ptII/ptolemy/actor/lib/hoc/test/auto/ParallelExecution.xml (RunModel)" time="0.951" />
  <testcase classname="ptolemy.util.test.junit.AutoTests" name="[49] /home/travis/build/icyphy/ptII/ptolemy/actor/lib/hoc/test/auto/RunCompositeActor.xml (RunModel)" time="0.031" />
  <testcase classname="ptolemy.util.test.junit.AutoTests" name="[50] /home/travis/build/icyphy/ptII/ptolemy/actor/lib/hoc/test/auto/RunCompositeActor2.xml (RunModel)" time="0.045" />
  <testcase classname="ptolemy.util.test.junit.AutoTests" name="[51] /home/travis/build/icyphy/ptII/ptolemy/actor/lib/hoc/test/auto/RunCompositeActor3.xml (RunModel)" time="0.031" />
  <testcase classname="ptolemy.util.test.junit.AutoTests" name="[52] /home/travis/build/icyphy/ptII/ptolemy/actor/lib/hoc/test/auto/RunCompositeActor4.xml (RunModel)" time="0.047" />
  <testcase classname="ptolemy.util.test.junit.AutoTests" name="[53] /home/travis/build/icyphy/ptII/ptolemy/actor/lib/hoc/test/auto/RunCompositeIterateOverArray.xml (RunModel)" time="0.029" />
  <testcase classname="ptolemy.util.test.junit.AutoTests" name="[54] /home/travis/build/icyphy/ptII/ptolemy/actor/lib/hoc/test/auto/ThreadedJS.xml (RunModel)" time="4.678" />
  <system-out><![CDATA[/home/travis/build/icyphy/ptII/ptolemy/actor/lib/hoc/test/IterateOverArray.tcl
testDefs.tcl: setting time out to 9000 seconds at Sun Feb 24 12:14:48 UTC 2019
02/24/19 12:14:48
Failed: 0  Total Tests: 2  ((Passed: 2, Newly Passed: 0)  Known Failed: 0) /home/travis/build/icyphy/ptII/ptolemy/actor/lib/hoc/test
----------------- testing (KnownFailure) /home/travis/build/icyphy/ptII/ptolemy/actor/lib/hoc/test/auto/knownFailedTests/PreinitializeMustBeInvokedRunComposite.xml
42 ms. Memory: 116224K Free: 106894K (92%)
Known Failure: java.lang.reflect.InvocationTargetException
No auto/linux-amd64/*.xml tests in /home/travis/build/icyphy/ptII/ptolemy/actor/lib/hoc/test
AutoTests.java: About to close Vertx.
AutoTests.java: Vertx closed.

===========================================================================================
----------------- testing Sun Feb 24 12:14:48 UTC 2019 /home/travis/build/icyphy/ptII/ptolemy/actor/lib/hoc/test/auto/AllToAllMultiInstanceComposite.xml
----------------- Instantiating /home/travis/build/icyphy/ptII/ptolemy/actor/lib/hoc/test/auto/AllToAllMultiInstanceComposite.xml
107 ms. Memory: 146944K Free: 120352K (82%)
----------------- Invoking toplevel() on ptolemy.moml.MoMLSimpleApplication@19be5840
----------------- Done invoking toplevel() on ptolemy.moml.MoMLSimpleApplication@19be5840
reloadAllAccessors: .AllToAllMultiInstanceComposite

===========================================================================================
----------------- testing Sun Feb 24 12:14:49 UTC 2019 /home/travis/build/icyphy/ptII/ptolemy/actor/lib/hoc/test/auto/ApplyFFTTest.xml
----------------- Instantiating /home/travis/build/icyphy/ptII/ptolemy/actor/lib/hoc/test/auto/ApplyFFTTest.xml
161 ms. Memory: 146944K Free: 100093K (68%)
----------------- Invoking toplevel() on ptolemy.moml.MoMLSimpleApplication@170fe0ef
----------------- Done invoking toplevel() on ptolemy.moml.MoMLSimpleApplication@170fe0ef
reloadAllAccessors: .ApplyFFTTest

===========================================================================================
----------------- testing Sun Feb 24 12:14:49 UTC 2019 /home/travis/build/icyphy/ptII/ptolemy/actor/lib/hoc/test/auto/ApplyFunction.xml
----------------- Instantiating /home/travis/build/icyphy/ptII/ptolemy/actor/lib/hoc/test/auto/ApplyFunction.xml
10 ms. Memory: 146944K Free: 96695K (66%)
----------------- Invoking toplevel() on ptolemy.moml.MoMLSimpleApplication@50bc3b58
----------------- Done invoking toplevel() on ptolemy.moml.MoMLSimpleApplication@50bc3b58
reloadAllAccessors: .ApplyFunction

===========================================================================================
----------------- testing Sun Feb 24 12:14:49 UTC 2019 /home/travis/build/icyphy/ptII/ptolemy/actor/lib/hoc/test/auto/BackgroundExecution.xml
----------------- Instantiating /home/travis/build/icyphy/ptII/ptolemy/actor/lib/hoc/test/auto/BackgroundExecution.xml
620 ms. Memory: 146944K Free: 89111K (61%)
----------------- Invoking toplevel() on ptolemy.moml.MoMLSimpleApplication@7d3a6421
----------------- Done invoking toplevel() on ptolemy.moml.MoMLSimpleApplication@7d3a6421
reloadAllAccessors: .BackgroundExecution

===========================================================================================
----------------- testing Sun Feb 24 12:14:50 UTC 2019 /home/travis/build/icyphy/ptII/ptolemy/actor/lib/hoc/test/auto/Case.xml
----------------- Instantiating /home/travis/build/icyphy/ptII/ptolemy/actor/lib/hoc/test/auto/Case.xml
13 ms. Memory: 146944K Free: 80622K (55%)
----------------- Invoking toplevel() on ptolemy.moml.MoMLSimpleApplication@5d0d3242
----------------- Done invoking toplevel() on ptolemy.moml.MoMLSimpleApplication@5d0d3242
reloadAllAccessors: .Case

===========================================================================================
----------------- testing Sun Feb 24 12:14:50 UTC 2019 /home/travis/build/icyphy/ptII/ptolemy/actor/lib/hoc/test/auto/Case1.xml
----------------- Instantiating /home/travis/build/icyphy/ptII/ptolemy/actor/lib/hoc/test/auto/Case1.xml
15 ms. Memory: 146944K Free: 135661K (92%)
----------------- Invoking toplevel() on ptolemy.moml.MoMLSimpleApplication@ddb637d
----------------- Done invoking toplevel() on ptolemy.moml.MoMLSimpleApplication@ddb637d
reloadAllAccessors: .Case1

===========================================================================================
----------------- testing Sun Feb 24 12:14:50 UTC 2019 /home/travis/build/icyphy/ptII/ptolemy/actor/lib/hoc/test/auto/Case2.xml
----------------- Instantiating /home/travis/build/icyphy/ptII/ptolemy/actor/lib/hoc/test/auto/Case2.xml
38 ms. Memory: 146944K Free: 124137K (84%)
----------------- Invoking toplevel() on ptolemy.moml.MoMLSimpleApplication@47a0ff1b
----------------- Done invoking toplevel() on ptolemy.moml.MoMLSimpleApplication@47a0ff1b
reloadAllAccessors: .Case2

===========================================================================================
----------------- testing Sun Feb 24 12:14:50 UTC 2019 /home/travis/build/icyphy/ptII/ptolemy/actor/lib/hoc/test/auto/Case3.xml
----------------- Instantiating /home/travis/build/icyphy/ptII/ptolemy/actor/lib/hoc/test/auto/Case3.xml
13 ms. Memory: 146944K Free: 117929K (80%)
----------------- Invoking toplevel() on ptolemy.moml.MoMLSimpleApplication@a1c0fd7
----------------- Done invoking toplevel() on ptolemy.moml.MoMLSimpleApplication@a1c0fd7
reloadAllAccessors: .Case3

===========================================================================================
----------------- testing Sun Feb 24 12:14:50 UTC 2019 /home/travis/build/icyphy/ptII/ptolemy/actor/lib/hoc/test/auto/Case4.xml
----------------- Instantiating /home/travis/build/icyphy/ptII/ptolemy/actor/lib/hoc/test/auto/Case4.xml
22 ms. Memory: 146944K Free: 109296K (74%)
----------------- Invoking toplevel() on ptolemy.moml.MoMLSimpleApplication@43bbc852
----------------- Done invoking toplevel() on ptolemy.moml.MoMLSimpleApplication@43bbc852
reloadAllAccessors: .Case4

===========================================================================================
----------------- testing Sun Feb 24 12:14:50 UTC 2019 /home/travis/build/icyphy/ptII/ptolemy/actor/lib/hoc/test/auto/Case5.xml
----------------- Instantiating /home/travis/build/icyphy/ptII/ptolemy/actor/lib/hoc/test/auto/Case5.xml
43 ms. Memory: 146944K Free: 102589K (70%)
----------------- Invoking toplevel() on ptolemy.moml.MoMLSimpleApplication@112a2af7
----------------- Done invoking toplevel() on ptolemy.moml.MoMLSimpleApplication@112a2af7
reloadAllAccessors: .junk

===========================================================================================
----------------- testing Sun Feb 24 12:14:50 UTC 2019 /home/travis/build/icyphy/ptII/ptolemy/actor/lib/hoc/test/auto/Case6.xml
----------------- Instantiating /home/travis/build/icyphy/ptII/ptolemy/actor/lib/hoc/test/auto/Case6.xml
39 ms. Memory: 146944K Free: 89112K (61%)
----------------- Invoking toplevel() on ptolemy.moml.MoMLSimpleApplication@63cc8775
----------------- Done invoking toplevel() on ptolemy.moml.MoMLSimpleApplication@63cc8775
reloadAllAccessors: .Case6

===========================================================================================
----------------- testing Sun Feb 24 12:14:50 UTC 2019 /home/travis/build/icyphy/ptII/ptolemy/actor/lib/hoc/test/auto/CaseString2.xml
----------------- Instantiating /home/travis/build/icyphy/ptII/ptolemy/actor/lib/hoc/test/auto/CaseString2.xml
19 ms. Memory: 146944K Free: 81249K (55%)
----------------- Invoking toplevel() on ptolemy.moml.MoMLSimpleApplication@3ca43456
----------------- Done invoking toplevel() on ptolemy.moml.MoMLSimpleApplication@3ca43456
reloadAllAccessors: .CaseString2

===========================================================================================
----------------- testing Sun Feb 24 12:14:50 UTC 2019 /home/travis/build/icyphy/ptII/ptolemy/actor/lib/hoc/test/auto/CatchUpComposite1.xml
----------------- Instantiating /home/travis/build/icyphy/ptII/ptolemy/actor/lib/hoc/test/auto/CatchUpComposite1.xml
17 ms. Memory: 208384K Free: 194266K (93%)
----------------- Invoking toplevel() on ptolemy.moml.MoMLSimpleApplication@2034a7c9
----------------- Done invoking toplevel() on ptolemy.moml.MoMLSimpleApplication@2034a7c9
reloadAllAccessors: .CatchUpComposite1

===========================================================================================
----------------- testing Sun Feb 24 12:14:50 UTC 2019 /home/travis/build/icyphy/ptII/ptolemy/actor/lib/hoc/test/auto/CatchUpComposite2.xml
----------------- Instantiating /home/travis/build/icyphy/ptII/ptolemy/actor/lib/hoc/test/auto/CatchUpComposite2.xml
15 ms. Memory: 208384K Free: 184366K (88%)
----------------- Invoking toplevel() on ptolemy.moml.MoMLSimpleApplication@3703357d
----------------- Done invoking toplevel() on ptolemy.moml.MoMLSimpleApplication@3703357d
reloadAllAccessors: .CatchUpComposite2

===========================================================================================
----------------- testing Sun Feb 24 12:14:50 UTC 2019 /home/travis/build/icyphy/ptII/ptolemy/actor/lib/hoc/test/auto/CatchUpComposite3.xml
----------------- Instantiating /home/travis/build/icyphy/ptII/ptolemy/actor/lib/hoc/test/auto/CatchUpComposite3.xml
8 ms. Memory: 208384K Free: 174522K (84%)
----------------- Invoking toplevel() on ptolemy.moml.MoMLSimpleApplication@475f5a53
----------------- Done invoking toplevel() on ptolemy.moml.MoMLSimpleApplication@475f5a53
reloadAllAccessors: .CatchUpComposite3

===========================================================================================
----------------- testing Sun Feb 24 12:14:50 UTC 2019 /home/travis/build/icyphy/ptII/ptolemy/actor/lib/hoc/test/auto/CatchUpComposite4.xml
----------------- Instantiating /home/travis/build/icyphy/ptII/ptolemy/actor/lib/hoc/test/auto/CatchUpComposite4.xml
16 ms. Memory: 208384K Free: 164621K (79%)
----------------- Invoking toplevel() on ptolemy.moml.MoMLSimpleApplication@1cc7710a
----------------- Done invoking toplevel() on ptolemy.moml.MoMLSimpleApplication@1cc7710a
reloadAllAccessors: .CatchUpComposite4

===========================================================================================
----------------- testing Sun Feb 24 12:14:50 UTC 2019 /home/travis/build/icyphy/ptII/ptolemy/actor/lib/hoc/test/auto/CatchUpComposite5.xml
----------------- Instantiating /home/travis/build/icyphy/ptII/ptolemy/actor/lib/hoc/test/auto/CatchUpComposite5.xml
8 ms. Memory: 208384K Free: 155610K (75%)
----------------- Invoking toplevel() on ptolemy.moml.MoMLSimpleApplication@15e2bea7
----------------- Done invoking toplevel() on ptolemy.moml.MoMLSimpleApplication@15e2bea7
reloadAllAccessors: .CatchUpComposite5

===========================================================================================
----------------- testing Sun Feb 24 12:14:50 UTC 2019 /home/travis/build/icyphy/ptII/ptolemy/actor/lib/hoc/test/auto/CatchUpComposite6.xml
----------------- Instantiating /home/travis/build/icyphy/ptII/ptolemy/actor/lib/hoc/test/auto/CatchUpComposite6.xml
WARNING: The execution aspects in this model can influence the timing of actors by delaying the 
execution, potentially changing the behavior. There is no guarantee that actors fire at the 
time they request to be fired. 
Use Ptides for deterministic DE behavior that is not influenced by execution aspects. 

66 ms. Memory: 208384K Free: 138341K (66%)
----------------- Invoking toplevel() on ptolemy.moml.MoMLSimpleApplication@697270d3
----------------- Done invoking toplevel() on ptolemy.moml.MoMLSimpleApplication@697270d3
reloadAllAccessors: .CatchUpComposite6

===========================================================================================
----------------- testing Sun Feb 24 12:14:51 UTC 2019 /home/travis/build/icyphy/ptII/ptolemy/actor/lib/hoc/test/auto/CatchUpComposite7.xml
----------------- Instantiating /home/travis/build/icyphy/ptII/ptolemy/actor/lib/hoc/test/auto/CatchUpComposite7.xml
WARNING: The execution aspects in this model can influence the timing of actors by delaying the 
execution, potentially changing the behavior. There is no guarantee that actors fire at the 
time they request to be fired. 
Use Ptides for deterministic DE behavior that is not influenced by execution aspects. 

47 ms. Memory: 208384K Free: 121743K (58%)
----------------- Invoking toplevel() on ptolemy.moml.MoMLSimpleApplication@5618c692
----------------- Done invoking toplevel() on ptolemy.moml.MoMLSimpleApplication@5618c692
reloadAllAccessors: .CatchUpComposite7

===========================================================================================
----------------- testing Sun Feb 24 12:14:51 UTC 2019 /home/travis/build/icyphy/ptII/ptolemy/actor/lib/hoc/test/auto/ConcurrentExecutionTimeSDF.xml
----------------- Instantiating /home/travis/build/icyphy/ptII/ptolemy/actor/lib/hoc/test/auto/ConcurrentExecutionTimeSDF.xml
Fired ExecutionTime: 40400000
Fired ExecutionTime: 40400000
Fired ExecutionTime: 40400000
Fired ExecutionTime: 40400000
Fired ExecutionTime: 40400000
Fired ExecutionTime: 40400000
Fired ExecutionTime: 40400000
Fired ExecutionTime: 40400000
Fired ExecutionTime: 40400000
Fired ExecutionTime: 40400000
Fired ExecutionTime: 40400000
Fired ExecutionTime: 40400000
Fired ExecutionTime: 40400000
Fired ExecutionTime: 40400000
Fired ExecutionTime: 40400000
Fired ExecutionTime: 40400000
Fired ExecutionTime: 40400000
Fired ExecutionTime: 40400000
Fired ExecutionTime: 40400000
Fired ExecutionTime: 40400000
1325 ms. Memory: 208384K Free: 113519K (54%)
----------------- Invoking toplevel() on ptolemy.moml.MoMLSimpleApplication@1908434
----------------- Done invoking toplevel() on ptolemy.moml.MoMLSimpleApplication@1908434
reloadAllAccessors: .ConcurrentExecutionTimeSDF

===========================================================================================
----------------- testing Sun Feb 24 12:14:52 UTC 2019 /home/travis/build/icyphy/ptII/ptolemy/actor/lib/hoc/test/auto/ConcurrentSleep.xml
----------------- Instantiating /home/travis/build/icyphy/ptII/ptolemy/actor/lib/hoc/test/auto/ConcurrentSleep.xml
737 ms. Memory: 208384K Free: 99592K (48%)
----------------- Invoking toplevel() on ptolemy.moml.MoMLSimpleApplication@3e28f8b6
----------------- Done invoking toplevel() on ptolemy.moml.MoMLSimpleApplication@3e28f8b6
reloadAllAccessors: .ConcurrentSleep

===========================================================================================
----------------- testing Sun Feb 24 12:14:53 UTC 2019 /home/travis/build/icyphy/ptII/ptolemy/actor/lib/hoc/test/auto/DEInPNInRunCompositeActor.xml
----------------- Instantiating /home/travis/build/icyphy/ptII/ptolemy/actor/lib/hoc/test/auto/DEInPNInRunCompositeActor.xml
9 ms. Memory: 208384K Free: 91362K (44%)
----------------- Invoking toplevel() on ptolemy.moml.MoMLSimpleApplication@3b5c61e9
----------------- Done invoking toplevel() on ptolemy.moml.MoMLSimpleApplication@3b5c61e9
reloadAllAccessors: .DEInPNInRunCompositeActor

===========================================================================================
----------------- testing Sun Feb 24 12:14:53 UTC 2019 /home/travis/build/icyphy/ptII/ptolemy/actor/lib/hoc/test/auto/DFTSubSetTest.xml
----------------- Instantiating /home/travis/build/icyphy/ptII/ptolemy/actor/lib/hoc/test/auto/DFTSubSetTest.xml
175 ms. Memory: 208384K Free: 167165K (80%)
----------------- Invoking toplevel() on ptolemy.moml.MoMLSimpleApplication@230b644a
----------------- Done invoking toplevel() on ptolemy.moml.MoMLSimpleApplication@230b644a
reloadAllAccessors: .DFTSubSetTest

===========================================================================================
----------------- testing Sun Feb 24 12:14:53 UTC 2019 /home/travis/build/icyphy/ptII/ptolemy/actor/lib/hoc/test/auto/HocDE.xml
----------------- Instantiating /home/travis/build/icyphy/ptII/ptolemy/actor/lib/hoc/test/auto/HocDE.xml
131 ms. Memory: 208384K Free: 140310K (67%)
----------------- Invoking toplevel() on ptolemy.moml.MoMLSimpleApplication@49cdef16
----------------- Done invoking toplevel() on ptolemy.moml.MoMLSimpleApplication@49cdef16
reloadAllAccessors: .HocDE

===========================================================================================
----------------- testing Sun Feb 24 12:14:53 UTC 2019 /home/travis/build/icyphy/ptII/ptolemy/actor/lib/hoc/test/auto/IterateOverArray.xml
----------------- Instantiating /home/travis/build/icyphy/ptII/ptolemy/actor/lib/hoc/test/auto/IterateOverArray.xml
5 ms. Memory: 208384K Free: 134787K (65%)
----------------- Invoking toplevel() on ptolemy.moml.MoMLSimpleApplication@772c1ab3
----------------- Done invoking toplevel() on ptolemy.moml.MoMLSimpleApplication@772c1ab3
reloadAllAccessors: .IterateOverArray

===========================================================================================
----------------- testing Sun Feb 24 12:14:53 UTC 2019 /home/travis/build/icyphy/ptII/ptolemy/actor/lib/hoc/test/auto/IterateOverArray10.xml
----------------- Instantiating /home/travis/build/icyphy/ptII/ptolemy/actor/lib/hoc/test/auto/IterateOverArray10.xml
3 ms. Memory: 208384K Free: 130691K (63%)
----------------- Invoking toplevel() on ptolemy.moml.MoMLSimpleApplication@5ef3c9cb
----------------- Done invoking toplevel() on ptolemy.moml.MoMLSimpleApplication@5ef3c9cb
reloadAllAccessors: .IterateOverArray10

===========================================================================================
----------------- testing Sun Feb 24 12:14:53 UTC 2019 /home/travis/build/icyphy/ptII/ptolemy/actor/lib/hoc/test/auto/IterateOverArray11.xml
----------------- Instantiating /home/travis/build/icyphy/ptII/ptolemy/actor/lib/hoc/test/auto/IterateOverArray11.xml
6 ms. Memory: 208384K Free: 125184K (60%)
----------------- Invoking toplevel() on ptolemy.moml.MoMLSimpleApplication@4ab6ffe4
----------------- Done invoking toplevel() on ptolemy.moml.MoMLSimpleApplication@4ab6ffe4
reloadAllAccessors: .IterateOverArray11

===========================================================================================
----------------- testing Sun Feb 24 12:14:53 UTC 2019 /home/travis/build/icyphy/ptII/ptolemy/actor/lib/hoc/test/auto/IterateOverArray12.xml
----------------- Instantiating /home/travis/build/icyphy/ptII/ptolemy/actor/lib/hoc/test/auto/IterateOverArray12.xml
20 ms. Memory: 208384K Free: 118630K (57%)
----------------- Invoking toplevel() on ptolemy.moml.MoMLSimpleApplication@2ef0561
----------------- Done invoking toplevel() on ptolemy.moml.MoMLSimpleApplication@2ef0561
reloadAllAccessors: .IterateOverArray12

===========================================================================================
----------------- testing Sun Feb 24 12:14:53 UTC 2019 /home/travis/build/icyphy/ptII/ptolemy/actor/lib/hoc/test/auto/IterateOverArray13.xml
----------------- Instantiating /home/travis/build/icyphy/ptII/ptolemy/actor/lib/hoc/test/auto/IterateOverArray13.xml
64 ms. Memory: 208384K Free: 90169K (43%)
----------------- Invoking toplevel() on ptolemy.moml.MoMLSimpleApplication@131e4a9f
----------------- Done invoking toplevel() on ptolemy.moml.MoMLSimpleApplication@131e4a9f
reloadAllAccessors: .IterateOverArray13

===========================================================================================
----------------- testing Sun Feb 24 12:14:54 UTC 2019 /home/travis/build/icyphy/ptII/ptolemy/actor/lib/hoc/test/auto/IterateOverArray14.xml
----------------- Instantiating /home/travis/build/icyphy/ptII/ptolemy/actor/lib/hoc/test/auto/IterateOverArray14.xml
64 ms. Memory: 332288K Free: 300166K (90%)
----------------- Invoking toplevel() on ptolemy.moml.MoMLSimpleApplication@2c54b64d
----------------- Done invoking toplevel() on ptolemy.moml.MoMLSimpleApplication@2c54b64d
reloadAllAccessors: .IterateOverArray14

===========================================================================================
----------------- testing Sun Feb 24 12:14:54 UTC 2019 /home/travis/build/icyphy/ptII/ptolemy/actor/lib/hoc/test/auto/IterateOverArray2.xml
----------------- Instantiating /home/travis/build/icyphy/ptII/ptolemy/actor/lib/hoc/test/auto/IterateOverArray2.xml
6 ms. Memory: 332288K Free: 292840K (88%)
----------------- Invoking toplevel() on ptolemy.moml.MoMLSimpleApplication@6e3973a7
----------------- Done invoking toplevel() on ptolemy.moml.MoMLSimpleApplication@6e3973a7
reloadAllAccessors: .IterateOverArray2

===========================================================================================
----------------- testing Sun Feb 24 12:14:54 UTC 2019 /home/travis/build/icyphy/ptII/ptolemy/actor/lib/hoc/test/auto/IterateOverArray3.xml
----------------- Instantiating /home/travis/build/icyphy/ptII/ptolemy/actor/lib/hoc/test/auto/IterateOverArray3.xml
12 ms. Memory: 332288K Free: 286300K (86%)
----------------- Invoking toplevel() on ptolemy.moml.MoMLSimpleApplication@1726892
----------------- Done invoking toplevel() on ptolemy.moml.MoMLSimpleApplication@1726892
reloadAllAccessors: .IterateOverArray3

===========================================================================================
----------------- testing Sun Feb 24 12:14:54 UTC 2019 /home/travis/build/icyphy/ptII/ptolemy/actor/lib/hoc/test/auto/IterateOverArray4.xml
----------------- Instantiating /home/travis/build/icyphy/ptII/ptolemy/actor/lib/hoc/test/auto/IterateOverArray4.xml
4 ms. Memory: 332288K Free: 280618K (84%)
----------------- Invoking toplevel() on ptolemy.moml.MoMLSimpleApplication@450beef
----------------- Done invoking toplevel() on ptolemy.moml.MoMLSimpleApplication@450beef
reloadAllAccessors: .IterateOverArray4

===========================================================================================
----------------- testing Sun Feb 24 12:14:54 UTC 2019 /home/travis/build/icyphy/ptII/ptolemy/actor/lib/hoc/test/auto/IterateOverArray5.xml
----------------- Instantiating /home/travis/build/icyphy/ptII/ptolemy/actor/lib/hoc/test/auto/IterateOverArray5.xml
7 ms. Memory: 332288K Free: 275713K (83%)
----------------- Invoking toplevel() on ptolemy.moml.MoMLSimpleApplication@724a5120
----------------- Done invoking toplevel() on ptolemy.moml.MoMLSimpleApplication@724a5120
reloadAllAccessors: .IterateOverArray5

===========================================================================================
----------------- testing Sun Feb 24 12:14:54 UTC 2019 /home/travis/build/icyphy/ptII/ptolemy/actor/lib/hoc/test/auto/IterateOverArray6.xml
----------------- Instantiating /home/travis/build/icyphy/ptII/ptolemy/actor/lib/hoc/test/auto/IterateOverArray6.xml
6 ms. Memory: 332288K Free: 270030K (81%)
----------------- Invoking toplevel() on ptolemy.moml.MoMLSimpleApplication@34cd3c94
----------------- Done invoking toplevel() on ptolemy.moml.MoMLSimpleApplication@34cd3c94
reloadAllAccessors: .IterateOverArray6

===========================================================================================
----------------- testing Sun Feb 24 12:14:54 UTC 2019 /home/travis/build/icyphy/ptII/ptolemy/actor/lib/hoc/test/auto/IterateOverArray7.xml
----------------- Instantiating /home/travis/build/icyphy/ptII/ptolemy/actor/lib/hoc/test/auto/IterateOverArray7.xml
3 ms. Memory: 332288K Free: 265125K (80%)
----------------- Invoking toplevel() on ptolemy.moml.MoMLSimpleApplication@3e3a783c
----------------- Done invoking toplevel() on ptolemy.moml.MoMLSimpleApplication@3e3a783c
reloadAllAccessors: .IterateOverArray7

===========================================================================================
----------------- testing Sun Feb 24 12:14:54 UTC 2019 /home/travis/build/icyphy/ptII/ptolemy/actor/lib/hoc/test/auto/IterateOverArray8.xml
----------------- Instantiating /home/travis/build/icyphy/ptII/ptolemy/actor/lib/hoc/test/auto/IterateOverArray8.xml
4 ms. Memory: 332288K Free: 260220K (78%)
----------------- Invoking toplevel() on ptolemy.moml.MoMLSimpleApplication@24669f3d
----------------- Done invoking toplevel() on ptolemy.moml.MoMLSimpleApplication@24669f3d
reloadAllAccessors: .IterateOverArray8

===========================================================================================
----------------- testing Sun Feb 24 12:14:54 UTC 2019 /home/travis/build/icyphy/ptII/ptolemy/actor/lib/hoc/test/auto/IterateOverArray9.xml
----------------- Instantiating /home/travis/build/icyphy/ptII/ptolemy/actor/lib/hoc/test/auto/IterateOverArray9.xml
7 ms. Memory: 332288K Free: 254538K (77%)
----------------- Invoking toplevel() on ptolemy.moml.MoMLSimpleApplication@6a6f615c
----------------- Done invoking toplevel() on ptolemy.moml.MoMLSimpleApplication@6a6f615c
reloadAllAccessors: .IterateOverArray9

===========================================================================================
----------------- testing Sun Feb 24 12:14:54 UTC 2019 /home/travis/build/icyphy/ptII/ptolemy/actor/lib/hoc/test/auto/IterateOverArrayCoercedOutputType.xml
----------------- Instantiating /home/travis/build/icyphy/ptII/ptolemy/actor/lib/hoc/test/auto/IterateOverArrayCoercedOutputType.xml
4 ms. Memory: 332288K Free: 247998K (75%)
----------------- Invoking toplevel() on ptolemy.moml.MoMLSimpleApplication@69cb0cd8
----------------- Done invoking toplevel() on ptolemy.moml.MoMLSimpleApplication@69cb0cd8
reloadAllAccessors: .IterateOverArrayCoercedOutputType

===========================================================================================
----------------- testing Sun Feb 24 12:14:54 UTC 2019 /home/travis/build/icyphy/ptII/ptolemy/actor/lib/hoc/test/auto/IterateOverArrayInferredOutputType.xml
----------------- Instantiating /home/travis/build/icyphy/ptII/ptolemy/actor/lib/hoc/test/auto/IterateOverArrayInferredOutputType.xml
7 ms. Memory: 332288K Free: 240680K (72%)
----------------- Invoking toplevel() on ptolemy.moml.MoMLSimpleApplication@7e1c76f
----------------- Done invoking toplevel() on ptolemy.moml.MoMLSimpleApplication@7e1c76f
reloadAllAccessors: .IterateOverArrayInferredOutputType

===========================================================================================
----------------- testing Sun Feb 24 12:14:54 UTC 2019 /home/travis/build/icyphy/ptII/ptolemy/actor/lib/hoc/test/auto/MobileFunctionTest.xml
----------------- Instantiating /home/travis/build/icyphy/ptII/ptolemy/actor/lib/hoc/test/auto/MobileFunctionTest.xml
4 ms. Memory: 332288K Free: 235775K (71%)
----------------- Invoking toplevel() on ptolemy.moml.MoMLSimpleApplication@39feef12
----------------- Done invoking toplevel() on ptolemy.moml.MoMLSimpleApplication@39feef12
reloadAllAccessors: .MobileFunctionTest

===========================================================================================
----------------- testing Sun Feb 24 12:14:54 UTC 2019 /home/travis/build/icyphy/ptII/ptolemy/actor/lib/hoc/test/auto/MobileModelTest.xml
----------------- Instantiating /home/travis/build/icyphy/ptII/ptolemy/actor/lib/hoc/test/auto/MobileModelTest.xml
85 ms. Memory: 332288K Free: 213741K (64%)
----------------- Invoking toplevel() on ptolemy.moml.MoMLSimpleApplication@53dc1af3
----------------- Done invoking toplevel() on ptolemy.moml.MoMLSimpleApplication@53dc1af3
reloadAllAccessors: .MobileModelTest

===========================================================================================
----------------- testing Sun Feb 24 12:14:54 UTC 2019 /home/travis/build/icyphy/ptII/ptolemy/actor/lib/hoc/test/auto/ModelReference.xml
----------------- Instantiating /home/travis/build/icyphy/ptII/ptolemy/actor/lib/hoc/test/auto/ModelReference.xml
9 ms. Memory: 332288K Free: 205566K (62%)
3 ms. Memory: 332288K Free: 205566K (62%)
2 ms. Memory: 332288K Free: 203931K (61%)
1 ms. Memory: 332288K Free: 203931K (61%)
2 ms. Memory: 332288K Free: 202296K (61%)
1 ms. Memory: 332288K Free: 202296K (61%)
1 ms. Memory: 332288K Free: 200661K (60%)
1 ms. Memory: 332288K Free: 200661K (60%)
3 ms. Memory: 332288K Free: 199026K (60%)
2 ms. Memory: 332288K Free: 199026K (60%)
32 ms. Memory: 332288K Free: 199026K (60%)
----------------- Invoking toplevel() on ptolemy.moml.MoMLSimpleApplication@b2b3eeb
----------------- Done invoking toplevel() on ptolemy.moml.MoMLSimpleApplication@b2b3eeb
reloadAllAccessors: .ModelReference

===========================================================================================
----------------- testing Sun Feb 24 12:14:54 UTC 2019 /home/travis/build/icyphy/ptII/ptolemy/actor/lib/hoc/test/auto/ModelReference3.xml
----------------- Instantiating /home/travis/build/icyphy/ptII/ptolemy/actor/lib/hoc/test/auto/ModelReference3.xml
1 ms. Memory: 332288K Free: 194121K (58%)
5 ms. Memory: 332288K Free: 192486K (58%)
1 ms. Memory: 332288K Free: 192486K (58%)
4 ms. Memory: 332288K Free: 190851K (57%)
2 ms. Memory: 332288K Free: 190851K (57%)
1 ms. Memory: 332288K Free: 189216K (57%)
1 ms. Memory: 332288K Free: 189216K (57%)
3 ms. Memory: 332288K Free: 187581K (56%)
2 ms. Memory: 332288K Free: 187581K (56%)
3 ms. Memory: 332288K Free: 185946K (56%)
31 ms. Memory: 332288K Free: 185946K (56%)
----------------- Invoking toplevel() on ptolemy.moml.MoMLSimpleApplication@461e600e
----------------- Done invoking toplevel() on ptolemy.moml.MoMLSimpleApplication@461e600e
reloadAllAccessors: .ModelReference3

===========================================================================================
----------------- testing Sun Feb 24 12:14:54 UTC 2019 /home/travis/build/icyphy/ptII/ptolemy/actor/lib/hoc/test/auto/ModelReference4.xml
----------------- Instantiating /home/travis/build/icyphy/ptII/ptolemy/actor/lib/hoc/test/auto/ModelReference4.xml
3 ms. Memory: 332288K Free: 178628K (54%)
3 ms. Memory: 332288K Free: 176993K (53%)
3 ms. Memory: 332288K Free: 175358K (53%)
9 ms. Memory: 332288K Free: 173723K (52%)
2 ms. Memory: 332288K Free: 170453K (51%)
3 ms. Memory: 332288K Free: 168818K (51%)
4 ms. Memory: 332288K Free: 167183K (50%)
2 ms. Memory: 332288K Free: 165548K (50%)
1 ms. Memory: 332288K Free: 163913K (49%)
2 ms. Memory: 332288K Free: 162278K (49%)
10014 ms. Memory: 332288K Free: 162278K (49%)
----------------- Invoking toplevel() on ptolemy.moml.MoMLSimpleApplication@5cc55f3b
----------------- Done invoking toplevel() on ptolemy.moml.MoMLSimpleApplication@5cc55f3b
reloadAllAccessors: .ModelReference4

===========================================================================================
----------------- testing Sun Feb 24 12:15:04 UTC 2019 /home/travis/build/icyphy/ptII/ptolemy/actor/lib/hoc/test/auto/MultiInstanceComposite.xml
----------------- Instantiating /home/travis/build/icyphy/ptII/ptolemy/actor/lib/hoc/test/auto/MultiInstanceComposite.xml
28 ms. Memory: 332288K Free: 144268K (43%)
----------------- Invoking toplevel() on ptolemy.moml.MoMLSimpleApplication@bce3c6f
----------------- Done invoking toplevel() on ptolemy.moml.MoMLSimpleApplication@bce3c6f
reloadAllAccessors: .MultiInstanceComposite

===========================================================================================
----------------- testing Sun Feb 24 12:15:04 UTC 2019 /home/travis/build/icyphy/ptII/ptolemy/actor/lib/hoc/test/auto/MultiInstanceComposite2.xml
----------------- Instantiating /home/travis/build/icyphy/ptII/ptolemy/actor/lib/hoc/test/auto/MultiInstanceComposite2.xml
19 ms. Memory: 332288K Free: 130355K (39%)
----------------- Invoking toplevel() on ptolemy.moml.MoMLSimpleApplication@4e6411b3
----------------- Done invoking toplevel() on ptolemy.moml.MoMLSimpleApplication@4e6411b3
reloadAllAccessors: .MultiInstanceComposite2

===========================================================================================
----------------- testing Sun Feb 24 12:15:04 UTC 2019 /home/travis/build/icyphy/ptII/ptolemy/actor/lib/hoc/test/auto/MulticoreExecution.xml
----------------- Instantiating /home/travis/build/icyphy/ptII/ptolemy/actor/lib/hoc/test/auto/MulticoreExecution.xml
Fired ExecutionTime: 3600000
Fired ExecutionTime: 14400000
Fired ExecutionTime: 4400000
Fired ExecutionTime: 13600000
Fired ExecutionTime: 28800000
Fired ExecutionTime: 29600000
Fired ExecutionTime: 87600000
Fired ExecutionTime: 86800000
Fired ExecutionTime: 117600000
Fired ExecutionTime: 121200000
Fired ExecutionTime: 87200000
Fired ExecutionTime: 87200000
Fired ExecutionTime: 89600000
Fired ExecutionTime: 89200000
Fired ExecutionTime: 172800000
Fired ExecutionTime: 171200000
Fired ExecutionTime: 135200000
Fired ExecutionTime: 138000000
Fired ExecutionTime: 165600000
Fired ExecutionTime: 163200000
1061 ms. Memory: 332288K Free: 117227K (35%)
----------------- Invoking toplevel() on ptolemy.moml.MoMLSimpleApplication@7956b88c
----------------- Done invoking toplevel() on ptolemy.moml.MoMLSimpleApplication@7956b88c
reloadAllAccessors: .MulticoreExecution

===========================================================================================
----------------- testing Sun Feb 24 12:15:06 UTC 2019 /home/travis/build/icyphy/ptII/ptolemy/actor/lib/hoc/test/auto/ParallelExecution.xml
----------------- Instantiating /home/travis/build/icyphy/ptII/ptolemy/actor/lib/hoc/test/auto/ParallelExecution.xml
915 ms. Memory: 332288K Free: 104956K (32%)
----------------- Invoking toplevel() on ptolemy.moml.MoMLSimpleApplication@36133a6d
----------------- Done invoking toplevel() on ptolemy.moml.MoMLSimpleApplication@36133a6d
reloadAllAccessors: .ParallelExecution

===========================================================================================
----------------- testing Sun Feb 24 12:15:07 UTC 2019 /home/travis/build/icyphy/ptII/ptolemy/actor/lib/hoc/test/auto/RunCompositeActor.xml
----------------- Instantiating /home/travis/build/icyphy/ptII/ptolemy/actor/lib/hoc/test/auto/RunCompositeActor.xml
14 ms. Memory: 332288K Free: 96773K (29%)
----------------- Invoking toplevel() on ptolemy.moml.MoMLSimpleApplication@6e8c5389
----------------- Done invoking toplevel() on ptolemy.moml.MoMLSimpleApplication@6e8c5389
reloadAllAccessors: .RunCompositeActor

===========================================================================================
----------------- testing Sun Feb 24 12:15:07 UTC 2019 /home/travis/build/icyphy/ptII/ptolemy/actor/lib/hoc/test/auto/RunCompositeActor2.xml
----------------- Instantiating /home/travis/build/icyphy/ptII/ptolemy/actor/lib/hoc/test/auto/RunCompositeActor2.xml
4 ms. Memory: 332288K Free: 90217K (27%)
----------------- Invoking toplevel() on ptolemy.moml.MoMLSimpleApplication@4b60a8b0
----------------- Done invoking toplevel() on ptolemy.moml.MoMLSimpleApplication@4b60a8b0
reloadAllAccessors: .RunCompositeActor2

===========================================================================================
----------------- testing Sun Feb 24 12:15:07 UTC 2019 /home/travis/build/icyphy/ptII/ptolemy/actor/lib/hoc/test/auto/RunCompositeActor3.xml
----------------- Instantiating /home/travis/build/icyphy/ptII/ptolemy/actor/lib/hoc/test/auto/RunCompositeActor3.xml
8 ms. Memory: 332288K Free: 82900K (25%)
----------------- Invoking toplevel() on ptolemy.moml.MoMLSimpleApplication@6697001
----------------- Done invoking toplevel() on ptolemy.moml.MoMLSimpleApplication@6697001
reloadAllAccessors: .RunCompositeActor3

===========================================================================================
----------------- testing Sun Feb 24 12:15:07 UTC 2019 /home/travis/build/icyphy/ptII/ptolemy/actor/lib/hoc/test/auto/RunCompositeActor4.xml
----------------- Instantiating /home/travis/build/icyphy/ptII/ptolemy/actor/lib/hoc/test/auto/RunCompositeActor4.xml
14 ms. Memory: 332800K Free: 317840K (96%)
----------------- Invoking toplevel() on ptolemy.moml.MoMLSimpleApplication@17aa18
----------------- Done invoking toplevel() on ptolemy.moml.MoMLSimpleApplication@17aa18
reloadAllAccessors: .RunCompositeActor4

===========================================================================================
----------------- testing Sun Feb 24 12:15:07 UTC 2019 /home/travis/build/icyphy/ptII/ptolemy/actor/lib/hoc/test/auto/RunCompositeIterateOverArray.xml
----------------- Instantiating /home/travis/build/icyphy/ptII/ptolemy/actor/lib/hoc/test/auto/RunCompositeIterateOverArray.xml
9 ms. Memory: 332800K Free: 310711K (93%)
----------------- Invoking toplevel() on ptolemy.moml.MoMLSimpleApplication@2ee06354
----------------- Done invoking toplevel() on ptolemy.moml.MoMLSimpleApplication@2ee06354
reloadAllAccessors: .RunCompositeIterateOverArray

===========================================================================================
----------------- testing Sun Feb 24 12:15:07 UTC 2019 /home/travis/build/icyphy/ptII/ptolemy/actor/lib/hoc/test/auto/ThreadedJS.xml
----------------- Instantiating /home/travis/build/icyphy/ptII/ptolemy/actor/lib/hoc/test/auto/ThreadedJS.xml
1661 ms. Memory: 538624K Free: 167028K (31%)
----------------- Invoking toplevel() on ptolemy.moml.MoMLSimpleApplication@5612a7da
----------------- Done invoking toplevel() on ptolemy.moml.MoMLSimpleApplication@5612a7da
reloadAllAccessors: .ThreadedJS
AutoTests.java: About to close Vertx.
AutoTests.java: Vertx closed.
]]></system-out>
  <system-err><![CDATA[java.lang.RuntimeException: Execution failed
	at ptolemy.moml.MoMLSimpleApplication$UnloadThread.run(MoMLSimpleApplication.java:402)
Caused by: ptolemy.kernel.util.IllegalActionException: initialize() was called after wrapup() was called but preinitialize() was not called after wrapup().
	at ptolemy.actor.lib.hoc.test.PreinitializeMustBeInvoked.initialize(PreinitializeMustBeInvoked.java:78)
	at ptolemy.actor.Director.initialize(Director.java:938)
	at ptolemy.actor.Director.initialize(Director.java:907)
	at ptolemy.actor.sched.StaticSchedulingDirector.initialize(StaticSchedulingDirector.java:159)
	at ptolemy.domains.sdf.kernel.SDFDirector.initialize(SDFDirector.java:544)
	at ptolemy.actor.CompositeActor.initialize(CompositeActor.java:935)
	at ptolemy.actor.lib.hoc.LifeCycleManager._executeInsideModel(LifeCycleManager.java:339)
	at ptolemy.actor.lib.hoc.RunCompositeActor.fire(RunCompositeActor.java:205)
	at ptolemy.actor.CompositeActor.iterate(CompositeActor.java:1146)
	at ptolemy.actor.sched.StaticSchedulingDirector.fire(StaticSchedulingDirector.java:216)
	at ptolemy.domains.sdf.kernel.SDFDirector.fire(SDFDirector.java:500)
	at ptolemy.actor.CompositeActor.fire(CompositeActor.java:455)
	at ptolemy.actor.Manager.iterate(Manager.java:851)
	at ptolemy.actor.Manager.execute(Manager.java:369)
	at ptolemy.actor.Manager.run(Manager.java:1263)
	at ptolemy.actor.Manager$PtolemyRunThread.run(Manager.java:1915)
java.lang.reflect.InvocationTargetException
	at sun.reflect.NativeConstructorAccessorImpl.newInstance0(Native Method)
	at sun.reflect.NativeConstructorAccessorImpl.newInstance(NativeConstructorAccessorImpl.java:62)
	at sun.reflect.DelegatingConstructorAccessorImpl.newInstance(DelegatingConstructorAccessorImpl.java:45)
	at java.lang.reflect.Constructor.newInstance(Constructor.java:423)
	at ptolemy.util.test.junit.AutoKnownFailedTests.RunModel(AutoKnownFailedTests.java:105)
	at sun.reflect.NativeMethodAccessorImpl.invoke0(Native Method)
	at sun.reflect.NativeMethodAccessorImpl.invoke(NativeMethodAccessorImpl.java:62)
	at sun.reflect.DelegatingMethodAccessorImpl.invoke(DelegatingMethodAccessorImpl.java:43)
	at java.lang.reflect.Method.invoke(Method.java:498)
	at org.junit.runners.model.FrameworkMethod$1.runReflectiveCall(FrameworkMethod.java:44)
	at org.junit.internal.runners.model.ReflectiveCallable.run(ReflectiveCallable.java:15)
	at org.junit.runners.model.FrameworkMethod.invokeExplosively(FrameworkMethod.java:41)
	at junitparams.internal.InvokeParameterisedMethod.evaluate(InvokeParameterisedMethod.java:102)
	at org.junit.internal.runners.statements.FailOnTimeout$1.run(FailOnTimeout.java:28)
Caused by: ptolemy.kernel.util.IllegalActionException: initialize() was called after wrapup() was called but preinitialize() was not called after wrapup().
	at ptolemy.actor.lib.hoc.test.PreinitializeMustBeInvoked.initialize(PreinitializeMustBeInvoked.java:78)
	at ptolemy.actor.Director.initialize(Director.java:938)
	at ptolemy.actor.Director.initialize(Director.java:907)
	at ptolemy.actor.sched.StaticSchedulingDirector.initialize(StaticSchedulingDirector.java:159)
	at ptolemy.domains.sdf.kernel.SDFDirector.initialize(SDFDirector.java:544)
	at ptolemy.actor.CompositeActor.initialize(CompositeActor.java:935)
	at ptolemy.actor.lib.hoc.LifeCycleManager._executeInsideModel(LifeCycleManager.java:339)
	at ptolemy.actor.lib.hoc.RunCompositeActor.fire(RunCompositeActor.java:205)
	at ptolemy.actor.CompositeActor.iterate(CompositeActor.java:1146)
	at ptolemy.actor.sched.StaticSchedulingDirector.fire(StaticSchedulingDirector.java:216)
	at ptolemy.domains.sdf.kernel.SDFDirector.fire(SDFDirector.java:500)
	at ptolemy.actor.CompositeActor.fire(CompositeActor.java:455)
	at ptolemy.actor.Manager.iterate(Manager.java:851)
	at ptolemy.actor.Manager.execute(Manager.java:369)
	at ptolemy.actor.Manager.run(Manager.java:1263)
	at ptolemy.actor.Manager$PtolemyRunThread.run(Manager.java:1915)
]]></system-err>
</testsuite>
