<?xml version="1.0" encoding="UTF-8" ?>
<testsuite errors="0" failures="0" hostname="travis-job-903ca8ad-c71f-4cd4-8685-6762a3624685" name="ptolemy.domains.continuous.test.junit.JUnitTclTest" skipped="0" tests="156" time="69.488" timestamp="2020-07-23T15:08:21">
  <properties>
[...]
</properties>
  <testcase classname="ptolemy.util.test.junit.TclTests" name="[0] ThereAreNoTclTests (RunTclFile)" time="0.011" />
  <testcase classname="ptolemy.util.test.junit.AutoKnownFailedTests" name="[0] ThereAreNoKnowFailedTests (RunModel)" time="0.002" />
  <testcase classname="ptolemy.util.test.junit.AutoNameArchTests" name="[0] ThereAreNoAutoArchTests (RunModel)" time="0.02" />
  <testcase classname="ptolemy.util.test.junit.AutoTests" name="[0] /home/travis/build/icyphy/ptII/ptolemy/domains/continuous/test/auto/BouncingBall.xml (RunModel)" time="3.132" />
  <testcase classname="ptolemy.util.test.junit.AutoTests" name="[1] /home/travis/build/icyphy/ptII/ptolemy/domains/continuous/test/auto/BouncingBallWithoutGR.xml (RunModel)" time="0.93" />
  <testcase classname="ptolemy.util.test.junit.AutoTests" name="[2] /home/travis/build/icyphy/ptII/ptolemy/domains/continuous/test/auto/Brownian.xml (RunModel)" time="0.091" />
  <testcase classname="ptolemy.util.test.junit.AutoTests" name="[3] /home/travis/build/icyphy/ptII/ptolemy/domains/continuous/test/auto/CarTracking.xml (RunModel)" time="4.139" />
  <testcase classname="ptolemy.util.test.junit.AutoTests" name="[4] /home/travis/build/icyphy/ptII/ptolemy/domains/continuous/test/auto/CartPendulum.xml (RunModel)" time="0.511" />
  <testcase classname="ptolemy.util.test.junit.AutoTests" name="[5] /home/travis/build/icyphy/ptII/ptolemy/domains/continuous/test/auto/CausalityInterface10.xml (RunModel)" time="0.057" />
  <testcase classname="ptolemy.util.test.junit.AutoTests" name="[6] /home/travis/build/icyphy/ptII/ptolemy/domains/continuous/test/auto/CausalityInterface11.xml (RunModel)" time="0.023" />
  <testcase classname="ptolemy.util.test.junit.AutoTests" name="[7] /home/travis/build/icyphy/ptII/ptolemy/domains/continuous/test/auto/CausalityInterface12.xml (RunModel)" time="0.026" />
  <testcase classname="ptolemy.util.test.junit.AutoTests" name="[8] /home/travis/build/icyphy/ptII/ptolemy/domains/continuous/test/auto/CausalityInterface13.xml (RunModel)" time="0.041" />
  <testcase classname="ptolemy.util.test.junit.AutoTests" name="[9] /home/travis/build/icyphy/ptII/ptolemy/domains/continuous/test/auto/CausalityInterface14.xml (RunModel)" time="0.029" />
  <testcase classname="ptolemy.util.test.junit.AutoTests" name="[10] /home/travis/build/icyphy/ptII/ptolemy/domains/continuous/test/auto/CausalityInterface4.xml (RunModel)" time="0.031" />
  <testcase classname="ptolemy.util.test.junit.AutoTests" name="[11] /home/travis/build/icyphy/ptII/ptolemy/domains/continuous/test/auto/CausalityInterface5.xml (RunModel)" time="0.039" />
  <testcase classname="ptolemy.util.test.junit.AutoTests" name="[12] /home/travis/build/icyphy/ptII/ptolemy/domains/continuous/test/auto/CausalityInterface6.xml (RunModel)" time="0.03" />
  <testcase classname="ptolemy.util.test.junit.AutoTests" name="[13] /home/travis/build/icyphy/ptII/ptolemy/domains/continuous/test/auto/CausalityInterface7.xml (RunModel)" time="0.046" />
  <testcase classname="ptolemy.util.test.junit.AutoTests" name="[14] /home/travis/build/icyphy/ptII/ptolemy/domains/continuous/test/auto/CausalityInterface8.xml (RunModel)" time="0.037" />
  <testcase classname="ptolemy.util.test.junit.AutoTests" name="[15] /home/travis/build/icyphy/ptII/ptolemy/domains/continuous/test/auto/CausalityInterface9.xml (RunModel)" time="0.047" />
  <testcase classname="ptolemy.util.test.junit.AutoTests" name="[16] /home/travis/build/icyphy/ptII/ptolemy/domains/continuous/test/auto/CausalityInterfaceFeedback1.xml (RunModel)" time="0.028" />
  <testcase classname="ptolemy.util.test.junit.AutoTests" name="[17] /home/travis/build/icyphy/ptII/ptolemy/domains/continuous/test/auto/CausalityInterfaceFeedback2.xml (RunModel)" time="0.04" />
  <testcase classname="ptolemy.util.test.junit.AutoTests" name="[18] /home/travis/build/icyphy/ptII/ptolemy/domains/continuous/test/auto/CompareWithCurrentTime.xml (RunModel)" time="0.019" />
  <testcase classname="ptolemy.util.test.junit.AutoTests" name="[19] /home/travis/build/icyphy/ptII/ptolemy/domains/continuous/test/auto/ComparedClocks.xml (RunModel)" time="0.081" />
  <testcase classname="ptolemy.util.test.junit.AutoTests" name="[20] /home/travis/build/icyphy/ptII/ptolemy/domains/continuous/test/auto/ContinuousAOCClone.xml (RunModel)" time="2.736" />
  <testcase classname="ptolemy.util.test.junit.AutoTests" name="[21] /home/travis/build/icyphy/ptII/ptolemy/domains/continuous/test/auto/ContinuousClock.xml (RunModel)" time="0.104" />
  <testcase classname="ptolemy.util.test.junit.AutoTests" name="[22] /home/travis/build/icyphy/ptII/ptolemy/domains/continuous/test/auto/ContinuousInContinuous.xml (RunModel)" time="0.082" />
  <testcase classname="ptolemy.util.test.junit.AutoTests" name="[23] /home/travis/build/icyphy/ptII/ptolemy/domains/continuous/test/auto/ContinuousInContinuousInContinuous.xml (RunModel)" time="0.025" />
  <testcase classname="ptolemy.util.test.junit.AutoTests" name="[24] /home/travis/build/icyphy/ptII/ptolemy/domains/continuous/test/auto/ContinuousInDE.xml (RunModel)" time="0.076" />
  <testcase classname="ptolemy.util.test.junit.AutoTests" name="[25] /home/travis/build/icyphy/ptII/ptolemy/domains/continuous/test/auto/ContinuousInDE2.xml (RunModel)" time="0.066" />
  <testcase classname="ptolemy.util.test.junit.AutoTests" name="[26] /home/travis/build/icyphy/ptII/ptolemy/domains/continuous/test/auto/ContinuousInDE3.xml (RunModel)" time="0.056" />
  <testcase classname="ptolemy.util.test.junit.AutoTests" name="[27] /home/travis/build/icyphy/ptII/ptolemy/domains/continuous/test/auto/ContinuousInDE4.xml (RunModel)" time="0.035" />
  <testcase classname="ptolemy.util.test.junit.AutoTests" name="[28] /home/travis/build/icyphy/ptII/ptolemy/domains/continuous/test/auto/ContinuousInDEDifferentRefinements.xml (RunModel)" time="0.1" />
  <testcase classname="ptolemy.util.test.junit.AutoTests" name="[29] /home/travis/build/icyphy/ptII/ptolemy/domains/continuous/test/auto/ContinuousInDEDifferentRefinementsPreemptive.xml (RunModel)" time="0.085" />
  <testcase classname="ptolemy.util.test.junit.AutoTests" name="[30] /home/travis/build/icyphy/ptII/ptolemy/domains/continuous/test/auto/ContinuousInDEInContinuous2.xml (RunModel)" time="0.052" />
  <testcase classname="ptolemy.util.test.junit.AutoTests" name="[31] /home/travis/build/icyphy/ptII/ptolemy/domains/continuous/test/auto/ContinuousInDEInContinuous3.xml (RunModel)" time="0.062" />
  <testcase classname="ptolemy.util.test.junit.AutoTests" name="[32] /home/travis/build/icyphy/ptII/ptolemy/domains/continuous/test/auto/ContinuousInDEInput.xml (RunModel)" time="0.029" />
  <testcase classname="ptolemy.util.test.junit.AutoTests" name="[33] /home/travis/build/icyphy/ptII/ptolemy/domains/continuous/test/auto/ContinuousInDEInput2.xml (RunModel)" time="0.034" />
  <testcase classname="ptolemy.util.test.junit.AutoTests" name="[34] /home/travis/build/icyphy/ptII/ptolemy/domains/continuous/test/auto/ContinuousInDEInput3.xml (RunModel)" time="0.03" />
  <testcase classname="ptolemy.util.test.junit.AutoTests" name="[35] /home/travis/build/icyphy/ptII/ptolemy/domains/continuous/test/auto/ContinuousInDESharingRefinement.xml (RunModel)" time="0.202" />
  <testcase classname="ptolemy.util.test.junit.AutoTests" name="[36] /home/travis/build/icyphy/ptII/ptolemy/domains/continuous/test/auto/ContinuousInDEwithNoPorts.xml (RunModel)" time="0.023" />
  <testcase classname="ptolemy.util.test.junit.AutoTests" name="[37] /home/travis/build/icyphy/ptII/ptolemy/domains/continuous/test/auto/ContinuousInsideDE.xml (RunModel)" time="0.106" />
  <testcase classname="ptolemy.util.test.junit.AutoTests" name="[38] /home/travis/build/icyphy/ptII/ptolemy/domains/continuous/test/auto/ContinuousMerge1.xml (RunModel)" time="0.016" />
  <testcase classname="ptolemy.util.test.junit.AutoTests" name="[39] /home/travis/build/icyphy/ptII/ptolemy/domains/continuous/test/auto/ContinuousMerge2.xml (RunModel)" time="0.05" />
  <testcase classname="ptolemy.util.test.junit.AutoTests" name="[40] /home/travis/build/icyphy/ptII/ptolemy/domains/continuous/test/auto/ContinuousMerge3.xml (RunModel)" time="0.06" />
  <testcase classname="ptolemy.util.test.junit.AutoTests" name="[41] /home/travis/build/icyphy/ptII/ptolemy/domains/continuous/test/auto/ContinuousWithinContinuous.xml (RunModel)" time="0.047" />
  <testcase classname="ptolemy.util.test.junit.AutoTests" name="[42] /home/travis/build/icyphy/ptII/ptolemy/domains/continuous/test/auto/ContinuousWithinContinuous2.xml (RunModel)" time="0.081" />
  <testcase classname="ptolemy.util.test.junit.AutoTests" name="[43] /home/travis/build/icyphy/ptII/ptolemy/domains/continuous/test/auto/ContinuousWithinContinuous3.xml (RunModel)" time="0.031" />
  <testcase classname="ptolemy.util.test.junit.AutoTests" name="[44] /home/travis/build/icyphy/ptII/ptolemy/domains/continuous/test/auto/ContinuousWithinContinuous4.xml (RunModel)" time="0.081" />
  <testcase classname="ptolemy.util.test.junit.AutoTests" name="[45] /home/travis/build/icyphy/ptII/ptolemy/domains/continuous/test/auto/ContinuousWithinContinuous5.xml (RunModel)" time="0.044" />
  <testcase classname="ptolemy.util.test.junit.AutoTests" name="[46] /home/travis/build/icyphy/ptII/ptolemy/domains/continuous/test/auto/ContinuousWithinContinuous6.xml (RunModel)" time="0.034" />
  <testcase classname="ptolemy.util.test.junit.AutoTests" name="[47] /home/travis/build/icyphy/ptII/ptolemy/domains/continuous/test/auto/ContinuousWithinContinuous7.xml (RunModel)" time="0.065" />
  <testcase classname="ptolemy.util.test.junit.AutoTests" name="[48] /home/travis/build/icyphy/ptII/ptolemy/domains/continuous/test/auto/DCMotor.xml (RunModel)" time="13.351" />
  <testcase classname="ptolemy.util.test.junit.AutoTests" name="[49] /home/travis/build/icyphy/ptII/ptolemy/domains/continuous/test/auto/DEInContinuous.xml (RunModel)" time="0.032" />
  <testcase classname="ptolemy.util.test.junit.AutoTests" name="[50] /home/travis/build/icyphy/ptII/ptolemy/domains/continuous/test/auto/DEinContinuous2.xml (RunModel)" time="0.027" />
  <testcase classname="ptolemy.util.test.junit.AutoTests" name="[51] /home/travis/build/icyphy/ptII/ptolemy/domains/continuous/test/auto/Derivative.xml (RunModel)" time="0.154" />
  <testcase classname="ptolemy.util.test.junit.AutoTests" name="[52] /home/travis/build/icyphy/ptII/ptolemy/domains/continuous/test/auto/Derivative1.xml (RunModel)" time="0.041" />
  <testcase classname="ptolemy.util.test.junit.AutoTests" name="[53] /home/travis/build/icyphy/ptII/ptolemy/domains/continuous/test/auto/DiscreteClock.xml (RunModel)" time="0.012" />
  <testcase classname="ptolemy.util.test.junit.AutoTests" name="[54] /home/travis/build/icyphy/ptII/ptolemy/domains/continuous/test/auto/EfficiencyCurve.xml (RunModel)" time="0.071" />
  <testcase classname="ptolemy.util.test.junit.AutoTests" name="[55] /home/travis/build/icyphy/ptII/ptolemy/domains/continuous/test/auto/ExponentialResponse.xml (RunModel)" time="0.097" />
  <testcase classname="ptolemy.util.test.junit.AutoTests" name="[56] /home/travis/build/icyphy/ptII/ptolemy/domains/continuous/test/auto/ExponentialResponseRK45.xml (RunModel)" time="0.036" />
  <testcase classname="ptolemy.util.test.junit.AutoTests" name="[57] /home/travis/build/icyphy/ptII/ptolemy/domains/continuous/test/auto/Friction.xml (RunModel)" time="1.442" />
  <testcase classname="ptolemy.util.test.junit.AutoTests" name="[58] /home/travis/build/icyphy/ptII/ptolemy/domains/continuous/test/auto/FurutaPendulum.xml (RunModel)" time="2.854" />
  <testcase classname="ptolemy.util.test.junit.AutoTests" name="[59] /home/travis/build/icyphy/ptII/ptolemy/domains/continuous/test/auto/HierarchicalExecution.xml (RunModel)" time="1.862" />
  <testcase classname="ptolemy.util.test.junit.AutoTests" name="[60] /home/travis/build/icyphy/ptII/ptolemy/domains/continuous/test/auto/HybridPlant.xml (RunModel)" time="0.528" />
  <testcase classname="ptolemy.util.test.junit.AutoTests" name="[61] /home/travis/build/icyphy/ptII/ptolemy/domains/continuous/test/auto/Hysteresis.xml (RunModel)" time="0.168" />
  <testcase classname="ptolemy.util.test.junit.AutoTests" name="[62] /home/travis/build/icyphy/ptII/ptolemy/domains/continuous/test/auto/HysteresisWithRandomDelay.xml (RunModel)" time="0.214" />
  <testcase classname="ptolemy.util.test.junit.AutoTests" name="[63] /home/travis/build/icyphy/ptII/ptolemy/domains/continuous/test/auto/HysteresisWithRandomLosses.xml (RunModel)" time="2.235" />
  <testcase classname="ptolemy.util.test.junit.AutoTests" name="[64] /home/travis/build/icyphy/ptII/ptolemy/domains/continuous/test/auto/ImmediateTransitions.xml (RunModel)" time="0.036" />
  <testcase classname="ptolemy.util.test.junit.AutoTests" name="[65] /home/travis/build/icyphy/ptII/ptolemy/domains/continuous/test/auto/ImpulseFeedback.xml (RunModel)" time="0.023" />
  <testcase classname="ptolemy.util.test.junit.AutoTests" name="[66] /home/travis/build/icyphy/ptII/ptolemy/domains/continuous/test/auto/ImpulseFeedback2.xml (RunModel)" time="0.021" />
  <testcase classname="ptolemy.util.test.junit.AutoTests" name="[67] /home/travis/build/icyphy/ptII/ptolemy/domains/continuous/test/auto/IncreasingRatePoisson.xml (RunModel)" time="0.71" />
  <testcase classname="ptolemy.util.test.junit.AutoTests" name="[68] /home/travis/build/icyphy/ptII/ptolemy/domains/continuous/test/auto/InitialStateFeedback.xml (RunModel)" time="0.014" />
  <testcase classname="ptolemy.util.test.junit.AutoTests" name="[69] /home/travis/build/icyphy/ptII/ptolemy/domains/continuous/test/auto/Integration.xml (RunModel)" time="0.013" />
  <testcase classname="ptolemy.util.test.junit.AutoTests" name="[70] /home/travis/build/icyphy/ptII/ptolemy/domains/continuous/test/auto/Integration2.xml (RunModel)" time="0.094" />
  <testcase classname="ptolemy.util.test.junit.AutoTests" name="[71] /home/travis/build/icyphy/ptII/ptolemy/domains/continuous/test/auto/Integration3.xml (RunModel)" time="0.011" />
  <testcase classname="ptolemy.util.test.junit.AutoTests" name="[72] /home/travis/build/icyphy/ptII/ptolemy/domains/continuous/test/auto/Integration5.xml (RunModel)" time="0.011" />
  <testcase classname="ptolemy.util.test.junit.AutoTests" name="[73] /home/travis/build/icyphy/ptII/ptolemy/domains/continuous/test/auto/IntegratorImpulse.xml (RunModel)" time="0.01" />
  <testcase classname="ptolemy.util.test.junit.AutoTests" name="[74] /home/travis/build/icyphy/ptII/ptolemy/domains/continuous/test/auto/IntegratorImpulse2.xml (RunModel)" time="0.014" />
  <testcase classname="ptolemy.util.test.junit.AutoTests" name="[75] /home/travis/build/icyphy/ptII/ptolemy/domains/continuous/test/auto/LevelCrossing1.xml (RunModel)" time="0.011" />
  <testcase classname="ptolemy.util.test.junit.AutoTests" name="[76] /home/travis/build/icyphy/ptII/ptolemy/domains/continuous/test/auto/LevelCrossing2.xml (RunModel)" time="0.014" />
  <testcase classname="ptolemy.util.test.junit.AutoTests" name="[77] /home/travis/build/icyphy/ptII/ptolemy/domains/continuous/test/auto/LevelCrossing3.xml (RunModel)" time="0.011" />
  <testcase classname="ptolemy.util.test.junit.AutoTests" name="[78] /home/travis/build/icyphy/ptII/ptolemy/domains/continuous/test/auto/LevelCrossing4.xml (RunModel)" time="0.013" />
  <testcase classname="ptolemy.util.test.junit.AutoTests" name="[79] /home/travis/build/icyphy/ptII/ptolemy/domains/continuous/test/auto/LevelCrossing5.xml (RunModel)" time="0.012" />
  <testcase classname="ptolemy.util.test.junit.AutoTests" name="[80] /home/travis/build/icyphy/ptII/ptolemy/domains/continuous/test/auto/LevelCrossing6.xml (RunModel)" time="0.011" />
  <testcase classname="ptolemy.util.test.junit.AutoTests" name="[81] /home/travis/build/icyphy/ptII/ptolemy/domains/continuous/test/auto/LevelCrossingDetector.xml (RunModel)" time="0.032" />
  <testcase classname="ptolemy.util.test.junit.AutoTests" name="[82] /home/travis/build/icyphy/ptII/ptolemy/domains/continuous/test/auto/LevelCrossingDetectorDetectingDirections.xml (RunModel)" time="0.082" />
  <testcase classname="ptolemy.util.test.junit.AutoTests" name="[83] /home/travis/build/icyphy/ptII/ptolemy/domains/continuous/test/auto/LevelCrossingDetectorDetectsGlitches.xml (RunModel)" time="0.058" />
  <testcase classname="ptolemy.util.test.junit.AutoTests" name="[84] /home/travis/build/icyphy/ptII/ptolemy/domains/continuous/test/auto/LevelCrossingNoInitialOuput.xml (RunModel)" time="0.013" />
  <testcase classname="ptolemy.util.test.junit.AutoTests" name="[85] /home/travis/build/icyphy/ptII/ptolemy/domains/continuous/test/auto/LinearStateSpaceExample.xml (RunModel)" time="0.077" />
  <testcase classname="ptolemy.util.test.junit.AutoTests" name="[86] /home/travis/build/icyphy/ptII/ptolemy/domains/continuous/test/auto/Lorenz.xml (RunModel)" time="3.246" />
  <testcase classname="ptolemy.util.test.junit.AutoTests" name="[87] /home/travis/build/icyphy/ptII/ptolemy/domains/continuous/test/auto/LorenzDifferentialSystem.xml (RunModel)" time="0.995" />
  <testcase classname="ptolemy.util.test.junit.AutoTests" name="[88] /home/travis/build/icyphy/ptII/ptolemy/domains/continuous/test/auto/LorenzDifferentialSystemWithInput.xml (RunModel)" time="1.114" />
  <testcase classname="ptolemy.util.test.junit.AutoTests" name="[89] /home/travis/build/icyphy/ptII/ptolemy/domains/continuous/test/auto/LorenzDifferentialSystemWithTime.xml (RunModel)" time="0.629" />
  <testcase classname="ptolemy.util.test.junit.AutoTests" name="[90] /home/travis/build/icyphy/ptII/ptolemy/domains/continuous/test/auto/Microsteps.xml (RunModel)" time="0.018" />
  <testcase classname="ptolemy.util.test.junit.AutoTests" name="[91] /home/travis/build/icyphy/ptII/ptolemy/domains/continuous/test/auto/Modal1.xml (RunModel)" time="0.047" />
  <testcase classname="ptolemy.util.test.junit.AutoTests" name="[92] /home/travis/build/icyphy/ptII/ptolemy/domains/continuous/test/auto/Modal2.xml (RunModel)" time="0.044" />
  <testcase classname="ptolemy.util.test.junit.AutoTests" name="[93] /home/travis/build/icyphy/ptII/ptolemy/domains/continuous/test/auto/ModalTransitionGuardWithReset.xml (RunModel)" time="0.028" />
  <testcase classname="ptolemy.util.test.junit.AutoTests" name="[94] /home/travis/build/icyphy/ptII/ptolemy/domains/continuous/test/auto/ModalTransitionGuardWithResetUsingPreemptiveTransition.xml (RunModel)" time="0.029" />
  <testcase classname="ptolemy.util.test.junit.AutoTests" name="[95] /home/travis/build/icyphy/ptII/ptolemy/domains/continuous/test/auto/ModalTransitionGuardWithResetUsingPreemptiveTransition2.xml (RunModel)" time="0.028" />
  <testcase classname="ptolemy.util.test.junit.AutoTests" name="[96] /home/travis/build/icyphy/ptII/ptolemy/domains/continuous/test/auto/ModalTransitionGuardWithResetUsingPreemptiveTransition3.xml (RunModel)" time="0.025" />
  <testcase classname="ptolemy.util.test.junit.AutoTests" name="[97] /home/travis/build/icyphy/ptII/ptolemy/domains/continuous/test/auto/NewtonsCradle.xml (RunModel)" time="0.74" />
  <testcase classname="ptolemy.util.test.junit.AutoTests" name="[98] /home/travis/build/icyphy/ptII/ptolemy/domains/continuous/test/auto/NewtonsCradleAnimated.xml (RunModel)" time="1.244" />
  <testcase classname="ptolemy.util.test.junit.AutoTests" name="[99] /home/travis/build/icyphy/ptII/ptolemy/domains/continuous/test/auto/NewtonsCradleComplicated.xml (RunModel)" time="0.853" />
  <testcase classname="ptolemy.util.test.junit.AutoTests" name="[100] /home/travis/build/icyphy/ptII/ptolemy/domains/continuous/test/auto/NewtonsCradleNondeterministic.xml (RunModel)" time="0.627" />
  <testcase classname="ptolemy.util.test.junit.AutoTests" name="[101] /home/travis/build/icyphy/ptII/ptolemy/domains/continuous/test/auto/NewtonsCradlePerfectlyInelastic1.xml (RunModel)" time="1.029" />
  <testcase classname="ptolemy.util.test.junit.AutoTests" name="[102] /home/travis/build/icyphy/ptII/ptolemy/domains/continuous/test/auto/Noise.xml (RunModel)" time="0.183" />
  <testcase classname="ptolemy.util.test.junit.AutoTests" name="[103] /home/travis/build/icyphy/ptII/ptolemy/domains/continuous/test/auto/NoiseSpectrum.xml (RunModel)" time="0.638" />
  <testcase classname="ptolemy.util.test.junit.AutoTests" name="[104] /home/travis/build/icyphy/ptII/ptolemy/domains/continuous/test/auto/ParameterizedNewtonsCradleAnimated.xml (RunModel)" time="0.28" />
  <testcase classname="ptolemy.util.test.junit.AutoTests" name="[105] /home/travis/build/icyphy/ptII/ptolemy/domains/continuous/test/auto/ParameterizedNewtonsCradleAnimatedNondeterministic.xml (RunModel)" time="1.003" />
  <testcase classname="ptolemy.util.test.junit.AutoTests" name="[106] /home/travis/build/icyphy/ptII/ptolemy/domains/continuous/test/auto/Pendulum3D.xml (RunModel)" time="0.152" />
  <testcase classname="ptolemy.util.test.junit.AutoTests" name="[107] /home/travis/build/icyphy/ptII/ptolemy/domains/continuous/test/auto/PeriodicSampler.xml (RunModel)" time="0.01" />
  <testcase classname="ptolemy.util.test.junit.AutoTests" name="[108] /home/travis/build/icyphy/ptII/ptolemy/domains/continuous/test/auto/PeriodicSampler1.xml (RunModel)" time="0.036" />
  <testcase classname="ptolemy.util.test.junit.AutoTests" name="[109] /home/travis/build/icyphy/ptII/ptolemy/domains/continuous/test/auto/PeriodicSampler2.xml (RunModel)" time="0.069" />
  <testcase classname="ptolemy.util.test.junit.AutoTests" name="[110] /home/travis/build/icyphy/ptII/ptolemy/domains/continuous/test/auto/Poisson.xml (RunModel)" time="0.424" />
  <testcase classname="ptolemy.util.test.junit.AutoTests" name="[111] /home/travis/build/icyphy/ptII/ptolemy/domains/continuous/test/auto/PoissonClock.xml (RunModel)" time="0.017" />
  <testcase classname="ptolemy.util.test.junit.AutoTests" name="[112] /home/travis/build/icyphy/ptII/ptolemy/domains/continuous/test/auto/PoissonClock2.xml (RunModel)" time="0.013" />
  <testcase classname="ptolemy.util.test.junit.AutoTests" name="[113] /home/travis/build/icyphy/ptII/ptolemy/domains/continuous/test/auto/PortParameterHierarchy.xml (RunModel)" time="0.021" />
  <testcase classname="ptolemy.util.test.junit.AutoTests" name="[114] /home/travis/build/icyphy/ptII/ptolemy/domains/continuous/test/auto/RandomHybridPlant.xml (RunModel)" time="0.554" />
  <testcase classname="ptolemy.util.test.junit.AutoTests" name="[115] /home/travis/build/icyphy/ptII/ptolemy/domains/continuous/test/auto/ResetTransitionWithStartTime1.xml (RunModel)" time="0.031" />
  <testcase classname="ptolemy.util.test.junit.AutoTests" name="[116] /home/travis/build/icyphy/ptII/ptolemy/domains/continuous/test/auto/ResetTransitionWithStartTime2.xml (RunModel)" time="0.03" />
  <testcase classname="ptolemy.util.test.junit.AutoTests" name="[117] /home/travis/build/icyphy/ptII/ptolemy/domains/continuous/test/auto/ResetTransitionWithStartTime3.xml (RunModel)" time="0.034" />
  <testcase classname="ptolemy.util.test.junit.AutoTests" name="[118] /home/travis/build/icyphy/ptII/ptolemy/domains/continuous/test/auto/ResetTransitionWithStartTime4.xml (RunModel)" time="0.024" />
  <testcase classname="ptolemy.util.test.junit.AutoTests" name="[119] /home/travis/build/icyphy/ptII/ptolemy/domains/continuous/test/auto/ResetTransitionWithStartTime5.xml (RunModel)" time="0.031" />
  <testcase classname="ptolemy.util.test.junit.AutoTests" name="[120] /home/travis/build/icyphy/ptII/ptolemy/domains/continuous/test/auto/ResetTransitionWithStartTime6.xml (RunModel)" time="0.022" />
  <testcase classname="ptolemy.util.test.junit.AutoTests" name="[121] /home/travis/build/icyphy/ptII/ptolemy/domains/continuous/test/auto/SRinContinuous.xml (RunModel)" time="0.019" />
  <testcase classname="ptolemy.util.test.junit.AutoTests" name="[122] /home/travis/build/icyphy/ptII/ptolemy/domains/continuous/test/auto/SampledClocks.xml (RunModel)" time="0.029" />
  <testcase classname="ptolemy.util.test.junit.AutoTests" name="[123] /home/travis/build/icyphy/ptII/ptolemy/domains/continuous/test/auto/Satellite.xml (RunModel)" time="0.691" />
  <testcase classname="ptolemy.util.test.junit.AutoTests" name="[124] /home/travis/build/icyphy/ptII/ptolemy/domains/continuous/test/auto/SigmaDelta.xml (RunModel)" time="2.074" />
  <testcase classname="ptolemy.util.test.junit.AutoTests" name="[125] /home/travis/build/icyphy/ptII/ptolemy/domains/continuous/test/auto/SingleRefinement.xml (RunModel)" time="0.394" />
  <testcase classname="ptolemy.util.test.junit.AutoTests" name="[126] /home/travis/build/icyphy/ptII/ptolemy/domains/continuous/test/auto/SinuBouncingBall.xml (RunModel)" time="0.774" />
  <testcase classname="ptolemy.util.test.junit.AutoTests" name="[127] /home/travis/build/icyphy/ptII/ptolemy/domains/continuous/test/auto/Sinusoid.xml (RunModel)" time="0.018" />
  <testcase classname="ptolemy.util.test.junit.AutoTests" name="[128] /home/travis/build/icyphy/ptII/ptolemy/domains/continuous/test/auto/SinusoidInNoise.xml (RunModel)" time="0.839" />
  <testcase classname="ptolemy.util.test.junit.AutoTests" name="[129] /home/travis/build/icyphy/ptII/ptolemy/domains/continuous/test/auto/SinusoidRK45.xml (RunModel)" time="0.011" />
  <testcase classname="ptolemy.util.test.junit.AutoTests" name="[130] /home/travis/build/icyphy/ptII/ptolemy/domains/continuous/test/auto/SinusoidWithMultipleImpulses.xml (RunModel)" time="0.013" />
  <testcase classname="ptolemy.util.test.junit.AutoTests" name="[131] /home/travis/build/icyphy/ptII/ptolemy/domains/continuous/test/auto/SquareWave.xml (RunModel)" time="0.169" />
  <testcase classname="ptolemy.util.test.junit.AutoTests" name="[132] /home/travis/build/icyphy/ptII/ptolemy/domains/continuous/test/auto/Starmac.xml (RunModel)" time="3.362" />
  <testcase classname="ptolemy.util.test.junit.AutoTests" name="[133] /home/travis/build/icyphy/ptII/ptolemy/domains/continuous/test/auto/StaticUnits.xml (RunModel)" time="2.243" />
  <testcase classname="ptolemy.util.test.junit.AutoTests" name="[134] /home/travis/build/icyphy/ptII/ptolemy/domains/continuous/test/auto/StickyMasses.xml (RunModel)" time="0.22" />
  <testcase classname="ptolemy.util.test.junit.AutoTests" name="[135] /home/travis/build/icyphy/ptII/ptolemy/domains/continuous/test/auto/StopTime.xml (RunModel)" time="0.065" />
  <testcase classname="ptolemy.util.test.junit.AutoTests" name="[136] /home/travis/build/icyphy/ptII/ptolemy/domains/continuous/test/auto/StopTime2.xml (RunModel)" time="0.064" />
  <testcase classname="ptolemy.util.test.junit.AutoTests" name="[137] /home/travis/build/icyphy/ptII/ptolemy/domains/continuous/test/auto/Switch.xml (RunModel)" time="0.089" />
  <testcase classname="ptolemy.util.test.junit.AutoTests" name="[138] /home/travis/build/icyphy/ptII/ptolemy/domains/continuous/test/auto/Thermostat.xml (RunModel)" time="0.192" />
  <testcase classname="ptolemy.util.test.junit.AutoTests" name="[139] /home/travis/build/icyphy/ptII/ptolemy/domains/continuous/test/auto/TimeDelay.xml (RunModel)" time="0.016" />
  <testcase classname="ptolemy.util.test.junit.AutoTests" name="[140] /home/travis/build/icyphy/ptII/ptolemy/domains/continuous/test/auto/TimeDelay2.xml (RunModel)" time="0.023" />
  <testcase classname="ptolemy.util.test.junit.AutoTests" name="[141] /home/travis/build/icyphy/ptII/ptolemy/domains/continuous/test/auto/TimeDelay3.xml (RunModel)" time="0.011" />
  <testcase classname="ptolemy.util.test.junit.AutoTests" name="[142] /home/travis/build/icyphy/ptII/ptolemy/domains/continuous/test/auto/TransferAbsentToInside.xml (RunModel)" time="0.099" />
  <testcase classname="ptolemy.util.test.junit.AutoTests" name="[143] /home/travis/build/icyphy/ptII/ptolemy/domains/continuous/test/auto/Transmission.xml (RunModel)" time="0.764" />
  <testcase classname="ptolemy.util.test.junit.AutoTests" name="[144] /home/travis/build/icyphy/ptII/ptolemy/domains/continuous/test/auto/TriggeredContinuousClock.xml (RunModel)" time="0.069" />
  <testcase classname="ptolemy.util.test.junit.AutoTests" name="[145] /home/travis/build/icyphy/ptII/ptolemy/domains/continuous/test/auto/TwoMachineInfiniteBusControl.xml (RunModel)" time="2.726" />
  <testcase classname="ptolemy.util.test.junit.AutoTests" name="[146] /home/travis/build/icyphy/ptII/ptolemy/domains/continuous/test/auto/V2V.xml (RunModel)" time="0.745" />
  <testcase classname="ptolemy.util.test.junit.AutoTests" name="[147] /home/travis/build/icyphy/ptII/ptolemy/domains/continuous/test/auto/hierarchicalModalModel.xml (RunModel)" time="0.031" />
  <testcase classname="ptolemy.util.test.junit.AutoTests" name="[148] /home/travis/build/icyphy/ptII/ptolemy/domains/continuous/test/auto/hierarchicalModalModel1.xml (RunModel)" time="0.03" />
  <testcase classname="ptolemy.util.test.junit.AutoTests" name="[149] /home/travis/build/icyphy/ptII/ptolemy/domains/continuous/test/auto/hierarchicalModalModel2.xml (RunModel)" time="0.028" />
  <testcase classname="ptolemy.util.test.junit.AutoTests" name="[150] /home/travis/build/icyphy/ptII/ptolemy/domains/continuous/test/auto/hierarchicalModalModel3.xml (RunModel)" time="0.023" />
  <testcase classname="ptolemy.util.test.junit.AutoTests" name="[151] /home/travis/build/icyphy/ptII/ptolemy/domains/continuous/test/auto/hierarchicalModalModel4.xml (RunModel)" time="0.037" />
  <testcase classname="ptolemy.util.test.junit.AutoTests" name="[152] /home/travis/build/icyphy/ptII/ptolemy/domains/continuous/test/auto/junk.xml (RunModel)" time="0.132" />
  <system-out><![CDATA[No tcl tests in /home/travis/build/icyphy/ptII/ptolemy/domains/continuous/test
No auto/knownFailedTests/*.xml tests in /home/travis/build/icyphy/ptII/ptolemy/domains/continuous/test
No auto/linux-amd64/*.xml tests in /home/travis/build/icyphy/ptII/ptolemy/domains/continuous/test
AutoTests.java: About to close Vertx.
AutoTests.java: Vertx closed.

===========================================================================================
----------------- testing Thu Jul 23 15:08:21 UTC 2020 /home/travis/build/icyphy/ptII/ptolemy/domains/continuous/test/auto/BouncingBall.xml
----------------- Instantiating /home/travis/build/icyphy/ptII/ptolemy/domains/continuous/test/auto/BouncingBall.xml
2499 ms. Memory: 156672K Free: 101545K (65%)
----------------- Invoking toplevel() on ptolemy.moml.MoMLSimpleApplication@34cb5e90
----------------- Done invoking toplevel() on ptolemy.moml.MoMLSimpleApplication@34cb5e90
reloadAllAccessors: .BouncingBall

===========================================================================================
----------------- testing Thu Jul 23 15:08:24 UTC 2020 /home/travis/build/icyphy/ptII/ptolemy/domains/continuous/test/auto/BouncingBallWithoutGR.xml
----------------- Instantiating /home/travis/build/icyphy/ptII/ptolemy/domains/continuous/test/auto/BouncingBallWithoutGR.xml
758 ms. Memory: 156672K Free: 103543K (66%)
----------------- Invoking toplevel() on ptolemy.moml.MoMLSimpleApplication@bfbf79d
----------------- Done invoking toplevel() on ptolemy.moml.MoMLSimpleApplication@bfbf79d
reloadAllAccessors: .BouncingBallWithoutGR

===========================================================================================
----------------- testing Thu Jul 23 15:08:25 UTC 2020 /home/travis/build/icyphy/ptII/ptolemy/domains/continuous/test/auto/Brownian.xml
----------------- Instantiating /home/travis/build/icyphy/ptII/ptolemy/domains/continuous/test/auto/Brownian.xml
29 ms. Memory: 156672K Free: 94841K (61%)
----------------- Invoking toplevel() on ptolemy.moml.MoMLSimpleApplication@60f9fc08
----------------- Done invoking toplevel() on ptolemy.moml.MoMLSimpleApplication@60f9fc08
reloadAllAccessors: .Brownian

===========================================================================================
----------------- testing Thu Jul 23 15:08:25 UTC 2020 /home/travis/build/icyphy/ptII/ptolemy/domains/continuous/test/auto/CarTracking.xml
----------------- Instantiating /home/travis/build/icyphy/ptII/ptolemy/domains/continuous/test/auto/CarTracking.xml
3714 ms. Memory: 226304K Free: 96617K (43%)
----------------- Invoking toplevel() on ptolemy.moml.MoMLSimpleApplication@25b0c9cf
----------------- Done invoking toplevel() on ptolemy.moml.MoMLSimpleApplication@25b0c9cf
reloadAllAccessors: .CarTracking

===========================================================================================
----------------- testing Thu Jul 23 15:08:29 UTC 2020 /home/travis/build/icyphy/ptII/ptolemy/domains/continuous/test/auto/CartPendulum.xml
----------------- Instantiating /home/travis/build/icyphy/ptII/ptolemy/domains/continuous/test/auto/CartPendulum.xml
375 ms. Memory: 226304K Free: 139470K (62%)
----------------- Invoking toplevel() on ptolemy.moml.MoMLSimpleApplication@531406
----------------- Done invoking toplevel() on ptolemy.moml.MoMLSimpleApplication@531406
reloadAllAccessors: .CartPendulum

===========================================================================================
----------------- testing Thu Jul 23 15:08:30 UTC 2020 /home/travis/build/icyphy/ptII/ptolemy/domains/continuous/test/auto/CausalityInterface10.xml
----------------- Instantiating /home/travis/build/icyphy/ptII/ptolemy/domains/continuous/test/auto/CausalityInterface10.xml
13 ms. Memory: 226304K Free: 128716K (57%)
----------------- Invoking toplevel() on ptolemy.moml.MoMLSimpleApplication@47d109b7
----------------- Done invoking toplevel() on ptolemy.moml.MoMLSimpleApplication@47d109b7
reloadAllAccessors: .CausalityInterface10

===========================================================================================
----------------- testing Thu Jul 23 15:08:30 UTC 2020 /home/travis/build/icyphy/ptII/ptolemy/domains/continuous/test/auto/CausalityInterface11.xml
----------------- Instantiating /home/travis/build/icyphy/ptII/ptolemy/domains/continuous/test/auto/CausalityInterface11.xml
4 ms. Memory: 226304K Free: 122558K (54%)
----------------- Invoking toplevel() on ptolemy.moml.MoMLSimpleApplication@2361e7e5
----------------- Done invoking toplevel() on ptolemy.moml.MoMLSimpleApplication@2361e7e5
reloadAllAccessors: .CausalityInterface11

===========================================================================================
----------------- testing Thu Jul 23 15:08:30 UTC 2020 /home/travis/build/icyphy/ptII/ptolemy/domains/continuous/test/auto/CausalityInterface12.xml
----------------- Instantiating /home/travis/build/icyphy/ptII/ptolemy/domains/continuous/test/auto/CausalityInterface12.xml
4 ms. Memory: 226304K Free: 116414K (51%)
----------------- Invoking toplevel() on ptolemy.moml.MoMLSimpleApplication@1ef937e8
----------------- Done invoking toplevel() on ptolemy.moml.MoMLSimpleApplication@1ef937e8
reloadAllAccessors: .CausalityInterface12

===========================================================================================
----------------- testing Thu Jul 23 15:08:30 UTC 2020 /home/travis/build/icyphy/ptII/ptolemy/domains/continuous/test/auto/CausalityInterface13.xml
----------------- Instantiating /home/travis/build/icyphy/ptII/ptolemy/domains/continuous/test/auto/CausalityInterface13.xml
10 ms. Memory: 226304K Free: 110270K (49%)
----------------- Invoking toplevel() on ptolemy.moml.MoMLSimpleApplication@764b26e0
----------------- Done invoking toplevel() on ptolemy.moml.MoMLSimpleApplication@764b26e0
reloadAllAccessors: .CausalityInterface13

===========================================================================================
----------------- testing Thu Jul 23 15:08:30 UTC 2020 /home/travis/build/icyphy/ptII/ptolemy/domains/continuous/test/auto/CausalityInterface14.xml
----------------- Instantiating /home/travis/build/icyphy/ptII/ptolemy/domains/continuous/test/auto/CausalityInterface14.xml
4 ms. Memory: 226304K Free: 104654K (46%)
----------------- Invoking toplevel() on ptolemy.moml.MoMLSimpleApplication@694c83a9
----------------- Done invoking toplevel() on ptolemy.moml.MoMLSimpleApplication@694c83a9
reloadAllAccessors: .CausalityInterface14

===========================================================================================
----------------- testing Thu Jul 23 15:08:30 UTC 2020 /home/travis/build/icyphy/ptII/ptolemy/domains/continuous/test/auto/CausalityInterface4.xml
----------------- Instantiating /home/travis/build/icyphy/ptII/ptolemy/domains/continuous/test/auto/CausalityInterface4.xml
6 ms. Memory: 226304K Free: 97966K (43%)
----------------- Invoking toplevel() on ptolemy.moml.MoMLSimpleApplication@64916712
----------------- Done invoking toplevel() on ptolemy.moml.MoMLSimpleApplication@64916712
reloadAllAccessors: .CausalityInterface4

===========================================================================================
----------------- testing Thu Jul 23 15:08:30 UTC 2020 /home/travis/build/icyphy/ptII/ptolemy/domains/continuous/test/auto/CausalityInterface5.xml
----------------- Instantiating /home/travis/build/icyphy/ptII/ptolemy/domains/continuous/test/auto/CausalityInterface5.xml
8 ms. Memory: 226304K Free: 89804K (40%)
----------------- Invoking toplevel() on ptolemy.moml.MoMLSimpleApplication@38f35af8
----------------- Done invoking toplevel() on ptolemy.moml.MoMLSimpleApplication@38f35af8
reloadAllAccessors: .CausalityInterface5

===========================================================================================
----------------- testing Thu Jul 23 15:08:30 UTC 2020 /home/travis/build/icyphy/ptII/ptolemy/domains/continuous/test/auto/CausalityInterface6.xml
----------------- Instantiating /home/travis/build/icyphy/ptII/ptolemy/domains/continuous/test/auto/CausalityInterface6.xml
9 ms. Memory: 226304K Free: 84174K (37%)
----------------- Invoking toplevel() on ptolemy.moml.MoMLSimpleApplication@22a63eec
----------------- Done invoking toplevel() on ptolemy.moml.MoMLSimpleApplication@22a63eec
reloadAllAccessors: .CausalityInterface6

===========================================================================================
----------------- testing Thu Jul 23 15:08:30 UTC 2020 /home/travis/build/icyphy/ptII/ptolemy/domains/continuous/test/auto/CausalityInterface7.xml
----------------- Instantiating /home/travis/build/icyphy/ptII/ptolemy/domains/continuous/test/auto/CausalityInterface7.xml
9 ms. Memory: 226304K Free: 209486K (93%)
----------------- Invoking toplevel() on ptolemy.moml.MoMLSimpleApplication@6ee14684
----------------- Done invoking toplevel() on ptolemy.moml.MoMLSimpleApplication@6ee14684
reloadAllAccessors: .CausalityInterface7

===========================================================================================
----------------- testing Thu Jul 23 15:08:30 UTC 2020 /home/travis/build/icyphy/ptII/ptolemy/domains/continuous/test/auto/CausalityInterface8.xml
----------------- Instantiating /home/travis/build/icyphy/ptII/ptolemy/domains/continuous/test/auto/CausalityInterface8.xml
6 ms. Memory: 226304K Free: 200780K (89%)
----------------- Invoking toplevel() on ptolemy.moml.MoMLSimpleApplication@2bc9132a
----------------- Done invoking toplevel() on ptolemy.moml.MoMLSimpleApplication@2bc9132a
reloadAllAccessors: .CausalityInterface8

===========================================================================================
----------------- testing Thu Jul 23 15:08:30 UTC 2020 /home/travis/build/icyphy/ptII/ptolemy/domains/continuous/test/auto/CausalityInterface9.xml
----------------- Instantiating /home/travis/build/icyphy/ptII/ptolemy/domains/continuous/test/auto/CausalityInterface9.xml
9 ms. Memory: 226304K Free: 189516K (84%)
----------------- Invoking toplevel() on ptolemy.moml.MoMLSimpleApplication@1af7c44a
----------------- Done invoking toplevel() on ptolemy.moml.MoMLSimpleApplication@1af7c44a
reloadAllAccessors: .CausalityInterface9

===========================================================================================
----------------- testing Thu Jul 23 15:08:30 UTC 2020 /home/travis/build/icyphy/ptII/ptolemy/domains/continuous/test/auto/CausalityInterfaceFeedback1.xml
----------------- Instantiating /home/travis/build/icyphy/ptII/ptolemy/domains/continuous/test/auto/CausalityInterfaceFeedback1.xml
3 ms. Memory: 226304K Free: 182862K (81%)
----------------- Invoking toplevel() on ptolemy.moml.MoMLSimpleApplication@2a6e4ba0
----------------- Done invoking toplevel() on ptolemy.moml.MoMLSimpleApplication@2a6e4ba0
reloadAllAccessors: .CausalityInterfaceFeedback1

===========================================================================================
----------------- testing Thu Jul 23 15:08:30 UTC 2020 /home/travis/build/icyphy/ptII/ptolemy/domains/continuous/test/auto/CausalityInterfaceFeedback2.xml
----------------- Instantiating /home/travis/build/icyphy/ptII/ptolemy/domains/continuous/test/auto/CausalityInterfaceFeedback2.xml
6 ms. Memory: 226304K Free: 176190K (78%)
----------------- Invoking toplevel() on ptolemy.moml.MoMLSimpleApplication@4057ce6d
----------------- Done invoking toplevel() on ptolemy.moml.MoMLSimpleApplication@4057ce6d
reloadAllAccessors: .CausalityInterfaceFeedback2

===========================================================================================
----------------- testing Thu Jul 23 15:08:30 UTC 2020 /home/travis/build/icyphy/ptII/ptolemy/domains/continuous/test/auto/CompareWithCurrentTime.xml
----------------- Instantiating /home/travis/build/icyphy/ptII/ptolemy/domains/continuous/test/auto/CompareWithCurrentTime.xml
3 ms. Memory: 226304K Free: 172108K (76%)
----------------- Invoking toplevel() on ptolemy.moml.MoMLSimpleApplication@178b93a1
----------------- Done invoking toplevel() on ptolemy.moml.MoMLSimpleApplication@178b93a1
reloadAllAccessors: .CompareWithCurrentTime

===========================================================================================
----------------- testing Thu Jul 23 15:08:30 UTC 2020 /home/travis/build/icyphy/ptII/ptolemy/domains/continuous/test/auto/ComparedClocks.xml
----------------- Instantiating /home/travis/build/icyphy/ptII/ptolemy/domains/continuous/test/auto/ComparedClocks.xml
7 ms. Memory: 226304K Free: 156734K (69%)
----------------- Invoking toplevel() on ptolemy.moml.MoMLSimpleApplication@5f4b8457
----------------- Done invoking toplevel() on ptolemy.moml.MoMLSimpleApplication@5f4b8457
reloadAllAccessors: .ComparedClocks

===========================================================================================
----------------- testing Thu Jul 23 15:08:31 UTC 2020 /home/travis/build/icyphy/ptII/ptolemy/domains/continuous/test/auto/ContinuousAOCClone.xml
----------------- Instantiating /home/travis/build/icyphy/ptII/ptolemy/domains/continuous/test/auto/ContinuousAOCClone.xml
2539 ms. Memory: 272384K Free: 234297K (86%)
----------------- Invoking toplevel() on ptolemy.moml.MoMLSimpleApplication@6f43e41
----------------- Done invoking toplevel() on ptolemy.moml.MoMLSimpleApplication@6f43e41
reloadAllAccessors: .ContinuousAOCClone

===========================================================================================
----------------- testing Thu Jul 23 15:08:33 UTC 2020 /home/travis/build/icyphy/ptII/ptolemy/domains/continuous/test/auto/ContinuousClock.xml
----------------- Instantiating /home/travis/build/icyphy/ptII/ptolemy/domains/continuous/test/auto/ContinuousClock.xml
29 ms. Memory: 272384K Free: 212298K (78%)
----------------- Invoking toplevel() on ptolemy.moml.MoMLSimpleApplication@15de994d
----------------- Done invoking toplevel() on ptolemy.moml.MoMLSimpleApplication@15de994d
reloadAllAccessors: .ContinuousClock

===========================================================================================
----------------- testing Thu Jul 23 15:08:33 UTC 2020 /home/travis/build/icyphy/ptII/ptolemy/domains/continuous/test/auto/ContinuousInContinuous.xml
----------------- Instantiating /home/travis/build/icyphy/ptII/ptolemy/domains/continuous/test/auto/ContinuousInContinuous.xml
40 ms. Memory: 272384K Free: 189249K (69%)
----------------- Invoking toplevel() on ptolemy.moml.MoMLSimpleApplication@321111e1
----------------- Done invoking toplevel() on ptolemy.moml.MoMLSimpleApplication@321111e1
reloadAllAccessors: .ContinuousInContinuous

===========================================================================================
----------------- testing Thu Jul 23 15:08:34 UTC 2020 /home/travis/build/icyphy/ptII/ptolemy/domains/continuous/test/auto/ContinuousInContinuousInContinuous.xml
----------------- Instantiating /home/travis/build/icyphy/ptII/ptolemy/domains/continuous/test/auto/ContinuousInContinuousInContinuous.xml
5 ms. Memory: 272384K Free: 181064K (66%)
----------------- Invoking toplevel() on ptolemy.moml.MoMLSimpleApplication@1a41acb
----------------- Done invoking toplevel() on ptolemy.moml.MoMLSimpleApplication@1a41acb
reloadAllAccessors: .ContinuousInContinuousInContinuous

===========================================================================================
----------------- testing Thu Jul 23 15:08:34 UTC 2020 /home/travis/build/icyphy/ptII/ptolemy/domains/continuous/test/auto/ContinuousInDE.xml
----------------- Instantiating /home/travis/build/icyphy/ptII/ptolemy/domains/continuous/test/auto/ContinuousInDE.xml
54 ms. Memory: 272384K Free: 170824K (63%)
----------------- Invoking toplevel() on ptolemy.moml.MoMLSimpleApplication@5b80742b
----------------- Done invoking toplevel() on ptolemy.moml.MoMLSimpleApplication@5b80742b
reloadAllAccessors: .ContinuousInDE

===========================================================================================
----------------- testing Thu Jul 23 15:08:34 UTC 2020 /home/travis/build/icyphy/ptII/ptolemy/domains/continuous/test/auto/ContinuousInDE2.xml
----------------- Instantiating /home/travis/build/icyphy/ptII/ptolemy/domains/continuous/test/auto/ContinuousInDE2.xml
42 ms. Memory: 272384K Free: 161098K (59%)
----------------- Invoking toplevel() on ptolemy.moml.MoMLSimpleApplication@2719bf6b
----------------- Done invoking toplevel() on ptolemy.moml.MoMLSimpleApplication@2719bf6b
reloadAllAccessors: .ContinuousInDE2

===========================================================================================
----------------- testing Thu Jul 23 15:08:34 UTC 2020 /home/travis/build/icyphy/ptII/ptolemy/domains/continuous/test/auto/ContinuousInDE3.xml
----------------- Instantiating /home/travis/build/icyphy/ptII/ptolemy/domains/continuous/test/auto/ContinuousInDE3.xml
32 ms. Memory: 272384K Free: 151368K (56%)
----------------- Invoking toplevel() on ptolemy.moml.MoMLSimpleApplication@6eaaa62
----------------- Done invoking toplevel() on ptolemy.moml.MoMLSimpleApplication@6eaaa62
reloadAllAccessors: .ContinuousInDE3

===========================================================================================
----------------- testing Thu Jul 23 15:08:34 UTC 2020 /home/travis/build/icyphy/ptII/ptolemy/domains/continuous/test/auto/ContinuousInDE4.xml
----------------- Instantiating /home/travis/build/icyphy/ptII/ptolemy/domains/continuous/test/auto/ContinuousInDE4.xml
16 ms. Memory: 272384K Free: 145221K (53%)
----------------- Invoking toplevel() on ptolemy.moml.MoMLSimpleApplication@5ebf35b5
----------------- Done invoking toplevel() on ptolemy.moml.MoMLSimpleApplication@5ebf35b5
reloadAllAccessors: .ContinuousInDE4

===========================================================================================
----------------- testing Thu Jul 23 15:08:34 UTC 2020 /home/travis/build/icyphy/ptII/ptolemy/domains/continuous/test/auto/ContinuousInDEDifferentRefinements.xml
----------------- Instantiating /home/travis/build/icyphy/ptII/ptolemy/domains/continuous/test/auto/ContinuousInDEDifferentRefinements.xml
50 ms. Memory: 272384K Free: 113994K (42%)
----------------- Invoking toplevel() on ptolemy.moml.MoMLSimpleApplication@6d7d8be
----------------- Done invoking toplevel() on ptolemy.moml.MoMLSimpleApplication@6d7d8be
reloadAllAccessors: .ContinuousInDEDifferentRefinements

===========================================================================================
----------------- testing Thu Jul 23 15:08:34 UTC 2020 /home/travis/build/icyphy/ptII/ptolemy/domains/continuous/test/auto/ContinuousInDEDifferentRefinementsPreemptive.xml
----------------- Instantiating /home/travis/build/icyphy/ptII/ptolemy/domains/continuous/test/auto/ContinuousInDEDifferentRefinementsPreemptive.xml
47 ms. Memory: 272384K Free: 245058K (90%)
----------------- Invoking toplevel() on ptolemy.moml.MoMLSimpleApplication@606eaea4
----------------- Done invoking toplevel() on ptolemy.moml.MoMLSimpleApplication@606eaea4
reloadAllAccessors: .ContinuousInDEDifferentRefinementsPreemptive

===========================================================================================
----------------- testing Thu Jul 23 15:08:34 UTC 2020 /home/travis/build/icyphy/ptII/ptolemy/domains/continuous/test/auto/ContinuousInDEInContinuous2.xml
----------------- Instantiating /home/travis/build/icyphy/ptII/ptolemy/domains/continuous/test/auto/ContinuousInDEInContinuous2.xml
29 ms. Memory: 272384K Free: 233279K (86%)
----------------- Invoking toplevel() on ptolemy.moml.MoMLSimpleApplication@12f0345c
----------------- Done invoking toplevel() on ptolemy.moml.MoMLSimpleApplication@12f0345c
reloadAllAccessors: .ContinuousInDEInContinuous2

===========================================================================================
----------------- testing Thu Jul 23 15:08:34 UTC 2020 /home/travis/build/icyphy/ptII/ptolemy/domains/continuous/test/auto/ContinuousInDEInContinuous3.xml
----------------- Instantiating /home/travis/build/icyphy/ptII/ptolemy/domains/continuous/test/auto/ContinuousInDEInContinuous3.xml
30 ms. Memory: 272384K Free: 220991K (81%)
----------------- Invoking toplevel() on ptolemy.moml.MoMLSimpleApplication@3afd1750
----------------- Done invoking toplevel() on ptolemy.moml.MoMLSimpleApplication@3afd1750
reloadAllAccessors: .ContinuousInDEInContinuous3

===========================================================================================
----------------- testing Thu Jul 23 15:08:34 UTC 2020 /home/travis/build/icyphy/ptII/ptolemy/domains/continuous/test/auto/ContinuousInDEInput.xml
----------------- Instantiating /home/travis/build/icyphy/ptII/ptolemy/domains/continuous/test/auto/ContinuousInDEInput.xml
13 ms. Memory: 272384K Free: 213823K (79%)
----------------- Invoking toplevel() on ptolemy.moml.MoMLSimpleApplication@58ba98db
----------------- Done invoking toplevel() on ptolemy.moml.MoMLSimpleApplication@58ba98db
reloadAllAccessors: .ContinuousInDEInput

===========================================================================================
----------------- testing Thu Jul 23 15:08:34 UTC 2020 /home/travis/build/icyphy/ptII/ptolemy/domains/continuous/test/auto/ContinuousInDEInput2.xml
----------------- Instantiating /home/travis/build/icyphy/ptII/ptolemy/domains/continuous/test/auto/ContinuousInDEInput2.xml
11 ms. Memory: 272384K Free: 206655K (76%)
----------------- Invoking toplevel() on ptolemy.moml.MoMLSimpleApplication@178c33ec
----------------- Done invoking toplevel() on ptolemy.moml.MoMLSimpleApplication@178c33ec
reloadAllAccessors: .ContinuousInDEInput2

===========================================================================================
----------------- testing Thu Jul 23 15:08:34 UTC 2020 /home/travis/build/icyphy/ptII/ptolemy/domains/continuous/test/auto/ContinuousInDEInput3.xml
----------------- Instantiating /home/travis/build/icyphy/ptII/ptolemy/domains/continuous/test/auto/ContinuousInDEInput3.xml
11 ms. Memory: 272384K Free: 199487K (73%)
----------------- Invoking toplevel() on ptolemy.moml.MoMLSimpleApplication@49b37ec4
----------------- Done invoking toplevel() on ptolemy.moml.MoMLSimpleApplication@49b37ec4
reloadAllAccessors: .ContinuousInDEInput3

===========================================================================================
----------------- testing Thu Jul 23 15:08:34 UTC 2020 /home/travis/build/icyphy/ptII/ptolemy/domains/continuous/test/auto/ContinuousInDESharingRefinement.xml
----------------- Instantiating /home/travis/build/icyphy/ptII/ptolemy/domains/continuous/test/auto/ContinuousInDESharingRefinement.xml
144 ms. Memory: 272384K Free: 104769K (38%)
----------------- Invoking toplevel() on ptolemy.moml.MoMLSimpleApplication@7de9794
----------------- Done invoking toplevel() on ptolemy.moml.MoMLSimpleApplication@7de9794
reloadAllAccessors: .ContinuousInDESharingRefinement

===========================================================================================
----------------- testing Thu Jul 23 15:08:34 UTC 2020 /home/travis/build/icyphy/ptII/ptolemy/domains/continuous/test/auto/ContinuousInDEwithNoPorts.xml
----------------- Instantiating /home/travis/build/icyphy/ptII/ptolemy/domains/continuous/test/auto/ContinuousInDEwithNoPorts.xml
10 ms. Memory: 272384K Free: 100673K (37%)
----------------- Invoking toplevel() on ptolemy.moml.MoMLSimpleApplication@4e28dbd3
----------------- Done invoking toplevel() on ptolemy.moml.MoMLSimpleApplication@4e28dbd3
reloadAllAccessors: .ContinuousInDEwithNoPorts

===========================================================================================
----------------- testing Thu Jul 23 15:08:34 UTC 2020 /home/travis/build/icyphy/ptII/ptolemy/domains/continuous/test/auto/ContinuousInsideDE.xml
----------------- Instantiating /home/travis/build/icyphy/ptII/ptolemy/domains/continuous/test/auto/ContinuousInsideDE.xml
41 ms. Memory: 272384K Free: 251112K (92%)
----------------- Invoking toplevel() on ptolemy.moml.MoMLSimpleApplication@4001622f
----------------- Done invoking toplevel() on ptolemy.moml.MoMLSimpleApplication@4001622f
reloadAllAccessors: .ContinuousInsideDE

===========================================================================================
----------------- testing Thu Jul 23 15:08:35 UTC 2020 /home/travis/build/icyphy/ptII/ptolemy/domains/continuous/test/auto/ContinuousMerge1.xml
----------------- Instantiating /home/travis/build/icyphy/ptII/ptolemy/domains/continuous/test/auto/ContinuousMerge1.xml
3 ms. Memory: 272384K Free: 246488K (90%)
----------------- Invoking toplevel() on ptolemy.moml.MoMLSimpleApplication@315edd1d
----------------- Done invoking toplevel() on ptolemy.moml.MoMLSimpleApplication@315edd1d
reloadAllAccessors: .ContinuousMerge1

===========================================================================================
----------------- testing Thu Jul 23 15:08:35 UTC 2020 /home/travis/build/icyphy/ptII/ptolemy/domains/continuous/test/auto/ContinuousMerge2.xml
----------------- Instantiating /home/travis/build/icyphy/ptII/ptolemy/domains/continuous/test/auto/ContinuousMerge2.xml
13 ms. Memory: 272384K Free: 236262K (87%)
----------------- Invoking toplevel() on ptolemy.moml.MoMLSimpleApplication@2d97e7df
----------------- Done invoking toplevel() on ptolemy.moml.MoMLSimpleApplication@2d97e7df
reloadAllAccessors: .ContinuousMerge2

===========================================================================================
----------------- testing Thu Jul 23 15:08:35 UTC 2020 /home/travis/build/icyphy/ptII/ptolemy/domains/continuous/test/auto/ContinuousMerge3.xml
----------------- Instantiating /home/travis/build/icyphy/ptII/ptolemy/domains/continuous/test/auto/ContinuousMerge3.xml
37 ms. Memory: 272384K Free: 225512K (83%)
----------------- Invoking toplevel() on ptolemy.moml.MoMLSimpleApplication@13b52db6
----------------- Done invoking toplevel() on ptolemy.moml.MoMLSimpleApplication@13b52db6
reloadAllAccessors: .ContinuousMerge3

===========================================================================================
----------------- testing Thu Jul 23 15:08:35 UTC 2020 /home/travis/build/icyphy/ptII/ptolemy/domains/continuous/test/auto/ContinuousWithinContinuous.xml
----------------- Instantiating /home/travis/build/icyphy/ptII/ptolemy/domains/continuous/test/auto/ContinuousWithinContinuous.xml
33 ms. Memory: 272384K Free: 216296K (79%)
----------------- Invoking toplevel() on ptolemy.moml.MoMLSimpleApplication@6d22bc1a
----------------- Done invoking toplevel() on ptolemy.moml.MoMLSimpleApplication@6d22bc1a
reloadAllAccessors: .ContinuousWithinContinuous

===========================================================================================
----------------- testing Thu Jul 23 15:08:35 UTC 2020 /home/travis/build/icyphy/ptII/ptolemy/domains/continuous/test/auto/ContinuousWithinContinuous2.xml
----------------- Instantiating /home/travis/build/icyphy/ptII/ptolemy/domains/continuous/test/auto/ContinuousWithinContinuous2.xml
62 ms. Memory: 272384K Free: 206056K (76%)
----------------- Invoking toplevel() on ptolemy.moml.MoMLSimpleApplication@1614f122
----------------- Done invoking toplevel() on ptolemy.moml.MoMLSimpleApplication@1614f122
reloadAllAccessors: .ContinuousWithinContinuous2

===========================================================================================
----------------- testing Thu Jul 23 15:08:35 UTC 2020 /home/travis/build/icyphy/ptII/ptolemy/domains/continuous/test/auto/ContinuousWithinContinuous3.xml
----------------- Instantiating /home/travis/build/icyphy/ptII/ptolemy/domains/continuous/test/auto/ContinuousWithinContinuous3.xml
12 ms. Memory: 272384K Free: 199398K (73%)
----------------- Invoking toplevel() on ptolemy.moml.MoMLSimpleApplication@75e20bf4
----------------- Done invoking toplevel() on ptolemy.moml.MoMLSimpleApplication@75e20bf4
reloadAllAccessors: .ContinuousWithinContinuous3

===========================================================================================
----------------- testing Thu Jul 23 15:08:35 UTC 2020 /home/travis/build/icyphy/ptII/ptolemy/domains/continuous/test/auto/ContinuousWithinContinuous4.xml
----------------- Instantiating /home/travis/build/icyphy/ptII/ptolemy/domains/continuous/test/auto/ContinuousWithinContinuous4.xml
62 ms. Memory: 272384K Free: 187624K (69%)
----------------- Invoking toplevel() on ptolemy.moml.MoMLSimpleApplication@1d1aa5fc
----------------- Done invoking toplevel() on ptolemy.moml.MoMLSimpleApplication@1d1aa5fc
reloadAllAccessors: .ContinuousWithinContinuous4

===========================================================================================
----------------- testing Thu Jul 23 15:08:35 UTC 2020 /home/travis/build/icyphy/ptII/ptolemy/domains/continuous/test/auto/ContinuousWithinContinuous5.xml
----------------- Instantiating /home/travis/build/icyphy/ptII/ptolemy/domains/continuous/test/auto/ContinuousWithinContinuous5.xml
15 ms. Memory: 272384K Free: 179432K (66%)
----------------- Invoking toplevel() on ptolemy.moml.MoMLSimpleApplication@604977c5
----------------- Done invoking toplevel() on ptolemy.moml.MoMLSimpleApplication@604977c5
reloadAllAccessors: .ContinuousWithinContinuous5

===========================================================================================
----------------- testing Thu Jul 23 15:08:35 UTC 2020 /home/travis/build/icyphy/ptII/ptolemy/domains/continuous/test/auto/ContinuousWithinContinuous6.xml
----------------- Instantiating /home/travis/build/icyphy/ptII/ptolemy/domains/continuous/test/auto/ContinuousWithinContinuous6.xml
11 ms. Memory: 272384K Free: 172264K (63%)
----------------- Invoking toplevel() on ptolemy.moml.MoMLSimpleApplication@227430cb
----------------- Done invoking toplevel() on ptolemy.moml.MoMLSimpleApplication@227430cb
reloadAllAccessors: .ContinuousWithinContinuous6

===========================================================================================
----------------- testing Thu Jul 23 15:08:35 UTC 2020 /home/travis/build/icyphy/ptII/ptolemy/domains/continuous/test/auto/ContinuousWithinContinuous7.xml
----------------- Instantiating /home/travis/build/icyphy/ptII/ptolemy/domains/continuous/test/auto/ContinuousWithinContinuous7.xml
49 ms. Memory: 272384K Free: 161510K (59%)
----------------- Invoking toplevel() on ptolemy.moml.MoMLSimpleApplication@433458da
----------------- Done invoking toplevel() on ptolemy.moml.MoMLSimpleApplication@433458da
reloadAllAccessors: .ContinuousWithinContinuous7

===========================================================================================
----------------- testing Thu Jul 23 15:08:35 UTC 2020 /home/travis/build/icyphy/ptII/ptolemy/domains/continuous/test/auto/DCMotor.xml
----------------- Instantiating /home/travis/build/icyphy/ptII/ptolemy/domains/continuous/test/auto/DCMotor.xml
13256 ms. Memory: 272384K Free: 146836K (54%)
----------------- Invoking toplevel() on ptolemy.moml.MoMLSimpleApplication@b4a9348
----------------- Done invoking toplevel() on ptolemy.moml.MoMLSimpleApplication@b4a9348
reloadAllAccessors: .DCMotor

===========================================================================================
----------------- testing Thu Jul 23 15:08:48 UTC 2020 /home/travis/build/icyphy/ptII/ptolemy/domains/continuous/test/auto/DEInContinuous.xml
----------------- Instantiating /home/travis/build/icyphy/ptII/ptolemy/domains/continuous/test/auto/DEInContinuous.xml
16 ms. Memory: 272384K Free: 140722K (52%)
----------------- Invoking toplevel() on ptolemy.moml.MoMLSimpleApplication@14fcd7f8
----------------- Done invoking toplevel() on ptolemy.moml.MoMLSimpleApplication@14fcd7f8
reloadAllAccessors: .DEInContinuous

===========================================================================================
----------------- testing Thu Jul 23 15:08:48 UTC 2020 /home/travis/build/icyphy/ptII/ptolemy/domains/continuous/test/auto/DEinContinuous2.xml
----------------- Instantiating /home/travis/build/icyphy/ptII/ptolemy/domains/continuous/test/auto/DEinContinuous2.xml
7 ms. Memory: 272384K Free: 133044K (49%)
----------------- Invoking toplevel() on ptolemy.moml.MoMLSimpleApplication@2bfee1c
----------------- Done invoking toplevel() on ptolemy.moml.MoMLSimpleApplication@2bfee1c
reloadAllAccessors: .DEinContinuous2

===========================================================================================
----------------- testing Thu Jul 23 15:08:48 UTC 2020 /home/travis/build/icyphy/ptII/ptolemy/domains/continuous/test/auto/Derivative.xml
----------------- Instantiating /home/travis/build/icyphy/ptII/ptolemy/domains/continuous/test/auto/Derivative.xml
112 ms. Memory: 272384K Free: 104372K (38%)
----------------- Invoking toplevel() on ptolemy.moml.MoMLSimpleApplication@38556351
----------------- Done invoking toplevel() on ptolemy.moml.MoMLSimpleApplication@38556351
reloadAllAccessors: .Derivative2

===========================================================================================
----------------- testing Thu Jul 23 15:08:49 UTC 2020 /home/travis/build/icyphy/ptII/ptolemy/domains/continuous/test/auto/Derivative1.xml
----------------- Instantiating /home/travis/build/icyphy/ptII/ptolemy/domains/continuous/test/auto/Derivative1.xml
16 ms. Memory: 272384K Free: 251977K (93%)
----------------- Invoking toplevel() on ptolemy.moml.MoMLSimpleApplication@10ee45e0
----------------- Done invoking toplevel() on ptolemy.moml.MoMLSimpleApplication@10ee45e0
reloadAllAccessors: .Derivative1

===========================================================================================
----------------- testing Thu Jul 23 15:08:49 UTC 2020 /home/travis/build/icyphy/ptII/ptolemy/domains/continuous/test/auto/DiscreteClock.xml
----------------- Instantiating /home/travis/build/icyphy/ptII/ptolemy/domains/continuous/test/auto/DiscreteClock.xml
4 ms. Memory: 272384K Free: 246361K (90%)
----------------- Invoking toplevel() on ptolemy.moml.MoMLSimpleApplication@68c825cf
----------------- Done invoking toplevel() on ptolemy.moml.MoMLSimpleApplication@68c825cf
reloadAllAccessors: .DiscreteClock

===========================================================================================
----------------- testing Thu Jul 23 15:08:49 UTC 2020 /home/travis/build/icyphy/ptII/ptolemy/domains/continuous/test/auto/EfficiencyCurve.xml
----------------- Instantiating /home/travis/build/icyphy/ptII/ptolemy/domains/continuous/test/auto/EfficiencyCurve.xml
49 ms. Memory: 272384K Free: 237655K (87%)
----------------- Invoking toplevel() on ptolemy.moml.MoMLSimpleApplication@aefd3b8
----------------- Done invoking toplevel() on ptolemy.moml.MoMLSimpleApplication@aefd3b8
reloadAllAccessors: .EfficiencyCurve

===========================================================================================
----------------- testing Thu Jul 23 15:08:49 UTC 2020 /home/travis/build/icyphy/ptII/ptolemy/domains/continuous/test/auto/ExponentialResponse.xml
----------------- Instantiating /home/travis/build/icyphy/ptII/ptolemy/domains/continuous/test/auto/ExponentialResponse.xml
86 ms. Memory: 272384K Free: 222295K (82%)
----------------- Invoking toplevel() on ptolemy.moml.MoMLSimpleApplication@43613036
----------------- Done invoking toplevel() on ptolemy.moml.MoMLSimpleApplication@43613036
reloadAllAccessors: .ExponentialResponse

===========================================================================================
----------------- testing Thu Jul 23 15:08:49 UTC 2020 /home/travis/build/icyphy/ptII/ptolemy/domains/continuous/test/auto/ExponentialResponseRK45.xml
----------------- Instantiating /home/travis/build/icyphy/ptII/ptolemy/domains/continuous/test/auto/ExponentialResponseRK45.xml
21 ms. Memory: 272384K Free: 215641K (79%)
----------------- Invoking toplevel() on ptolemy.moml.MoMLSimpleApplication@315c9344
----------------- Done invoking toplevel() on ptolemy.moml.MoMLSimpleApplication@315c9344
reloadAllAccessors: .ExponentialResponseRK45

===========================================================================================
----------------- testing Thu Jul 23 15:08:49 UTC 2020 /home/travis/build/icyphy/ptII/ptolemy/domains/continuous/test/auto/Friction.xml
----------------- Instantiating /home/travis/build/icyphy/ptII/ptolemy/domains/continuous/test/auto/Friction.xml
1321 ms. Memory: 272384K Free: 115906K (43%)
----------------- Invoking toplevel() on ptolemy.moml.MoMLSimpleApplication@5c6315d7
----------------- Done invoking toplevel() on ptolemy.moml.MoMLSimpleApplication@5c6315d7
reloadAllAccessors: .Friction

===========================================================================================
----------------- testing Thu Jul 23 15:08:50 UTC 2020 /home/travis/build/icyphy/ptII/ptolemy/domains/continuous/test/auto/FurutaPendulum.xml
----------------- Instantiating /home/travis/build/icyphy/ptII/ptolemy/domains/continuous/test/auto/FurutaPendulum.xml
2696 ms. Memory: 272384K Free: 121253K (45%)
----------------- Invoking toplevel() on ptolemy.moml.MoMLSimpleApplication@2c404b92
----------------- Done invoking toplevel() on ptolemy.moml.MoMLSimpleApplication@2c404b92
reloadAllAccessors: .FurutaPendulum

===========================================================================================
----------------- testing Thu Jul 23 15:08:53 UTC 2020 /home/travis/build/icyphy/ptII/ptolemy/domains/continuous/test/auto/HierarchicalExecution.xml
----------------- Instantiating /home/travis/build/icyphy/ptII/ptolemy/domains/continuous/test/auto/HierarchicalExecution.xml
1584 ms. Memory: 272384K Free: 161418K (59%)
----------------- Invoking toplevel() on ptolemy.moml.MoMLSimpleApplication@4fb1e899
----------------- Done invoking toplevel() on ptolemy.moml.MoMLSimpleApplication@4fb1e899
reloadAllAccessors: .HierarchicalExecution

===========================================================================================
----------------- testing Thu Jul 23 15:08:55 UTC 2020 /home/travis/build/icyphy/ptII/ptolemy/domains/continuous/test/auto/HybridPlant.xml
----------------- Instantiating /home/travis/build/icyphy/ptII/ptolemy/domains/continuous/test/auto/HybridPlant.xml
463 ms. Memory: 272384K Free: 220425K (81%)
----------------- Invoking toplevel() on ptolemy.moml.MoMLSimpleApplication@230f9f0f
----------------- Done invoking toplevel() on ptolemy.moml.MoMLSimpleApplication@230f9f0f
reloadAllAccessors: .HybridPlant

===========================================================================================
----------------- testing Thu Jul 23 15:08:56 UTC 2020 /home/travis/build/icyphy/ptII/ptolemy/domains/continuous/test/auto/Hysteresis.xml
----------------- Instantiating /home/travis/build/icyphy/ptII/ptolemy/domains/continuous/test/auto/Hysteresis.xml
124 ms. Memory: 272384K Free: 157953K (58%)
----------------- Invoking toplevel() on ptolemy.moml.MoMLSimpleApplication@792b0631
----------------- Done invoking toplevel() on ptolemy.moml.MoMLSimpleApplication@792b0631
reloadAllAccessors: .Hysteresis

===========================================================================================
----------------- testing Thu Jul 23 15:08:56 UTC 2020 /home/travis/build/icyphy/ptII/ptolemy/domains/continuous/test/auto/HysteresisWithRandomDelay.xml
----------------- Instantiating /home/travis/build/icyphy/ptII/ptolemy/domains/continuous/test/auto/HysteresisWithRandomDelay.xml
163 ms. Memory: 272384K Free: 247288K (91%)
----------------- Invoking toplevel() on ptolemy.moml.MoMLSimpleApplication@1a125c2a
----------------- Done invoking toplevel() on ptolemy.moml.MoMLSimpleApplication@1a125c2a
reloadAllAccessors: .HysteresisWithRandomDelay

===========================================================================================
----------------- testing Thu Jul 23 15:08:56 UTC 2020 /home/travis/build/icyphy/ptII/ptolemy/domains/continuous/test/auto/HysteresisWithRandomLosses.xml
----------------- Instantiating /home/travis/build/icyphy/ptII/ptolemy/domains/continuous/test/auto/HysteresisWithRandomLosses.xml
2155 ms. Memory: 272384K Free: 153751K (56%)
----------------- Invoking toplevel() on ptolemy.moml.MoMLSimpleApplication@436543c5
----------------- Done invoking toplevel() on ptolemy.moml.MoMLSimpleApplication@436543c5
reloadAllAccessors: .HysteresisWithRandomLosses

===========================================================================================
----------------- testing Thu Jul 23 15:08:58 UTC 2020 /home/travis/build/icyphy/ptII/ptolemy/domains/continuous/test/auto/ImmediateTransitions.xml
----------------- Instantiating /home/travis/build/icyphy/ptII/ptolemy/domains/continuous/test/auto/ImmediateTransitions.xml
9 ms. Memory: 272384K Free: 143001K (52%)
----------------- Invoking toplevel() on ptolemy.moml.MoMLSimpleApplication@3380121c
----------------- Done invoking toplevel() on ptolemy.moml.MoMLSimpleApplication@3380121c
reloadAllAccessors: .ImmediateTransitions

===========================================================================================
----------------- testing Thu Jul 23 15:08:58 UTC 2020 /home/travis/build/icyphy/ptII/ptolemy/domains/continuous/test/auto/ImpulseFeedback.xml
----------------- Instantiating /home/travis/build/icyphy/ptII/ptolemy/domains/continuous/test/auto/ImpulseFeedback.xml
8 ms. Memory: 272384K Free: 137367K (50%)
----------------- Invoking toplevel() on ptolemy.moml.MoMLSimpleApplication@28335ba8
----------------- Done invoking toplevel() on ptolemy.moml.MoMLSimpleApplication@28335ba8
reloadAllAccessors: .ImpulseFeedback

===========================================================================================
----------------- testing Thu Jul 23 15:08:58 UTC 2020 /home/travis/build/icyphy/ptII/ptolemy/domains/continuous/test/auto/ImpulseFeedback2.xml
----------------- Instantiating /home/travis/build/icyphy/ptII/ptolemy/domains/continuous/test/auto/ImpulseFeedback2.xml
5 ms. Memory: 272384K Free: 131737K (48%)
----------------- Invoking toplevel() on ptolemy.moml.MoMLSimpleApplication@685ce9bd
----------------- Done invoking toplevel() on ptolemy.moml.MoMLSimpleApplication@685ce9bd
reloadAllAccessors: .ImpulseFeedback2

===========================================================================================
----------------- testing Thu Jul 23 15:08:58 UTC 2020 /home/travis/build/icyphy/ptII/ptolemy/domains/continuous/test/auto/IncreasingRatePoisson.xml
----------------- Instantiating /home/travis/build/icyphy/ptII/ptolemy/domains/continuous/test/auto/IncreasingRatePoisson.xml
685 ms. Memory: 272384K Free: 144680K (53%)
----------------- Invoking toplevel() on ptolemy.moml.MoMLSimpleApplication@578b7ee2
----------------- Done invoking toplevel() on ptolemy.moml.MoMLSimpleApplication@578b7ee2
reloadAllAccessors: .IncreasingRatePoisson

===========================================================================================
----------------- testing Thu Jul 23 15:08:59 UTC 2020 /home/travis/build/icyphy/ptII/ptolemy/domains/continuous/test/auto/InitialStateFeedback.xml
----------------- Instantiating /home/travis/build/icyphy/ptII/ptolemy/domains/continuous/test/auto/InitialStateFeedback.xml
6 ms. Memory: 272384K Free: 140102K (51%)
----------------- Invoking toplevel() on ptolemy.moml.MoMLSimpleApplication@3f14cb20
----------------- Done invoking toplevel() on ptolemy.moml.MoMLSimpleApplication@3f14cb20
reloadAllAccessors: .InitialStateFeedback

===========================================================================================
----------------- testing Thu Jul 23 15:08:59 UTC 2020 /home/travis/build/icyphy/ptII/ptolemy/domains/continuous/test/auto/Integration.xml
----------------- Instantiating /home/travis/build/icyphy/ptII/ptolemy/domains/continuous/test/auto/Integration.xml
2 ms. Memory: 272384K Free: 136006K (50%)
----------------- Invoking toplevel() on ptolemy.moml.MoMLSimpleApplication@47d36c8f
----------------- Done invoking toplevel() on ptolemy.moml.MoMLSimpleApplication@47d36c8f
reloadAllAccessors: .Integration

===========================================================================================
----------------- testing Thu Jul 23 15:08:59 UTC 2020 /home/travis/build/icyphy/ptII/ptolemy/domains/continuous/test/auto/Integration2.xml
----------------- Instantiating /home/travis/build/icyphy/ptII/ptolemy/domains/continuous/test/auto/Integration2.xml
70 ms. Memory: 272384K Free: 122184K (45%)
----------------- Invoking toplevel() on ptolemy.moml.MoMLSimpleApplication@699cbf6
----------------- Done invoking toplevel() on ptolemy.moml.MoMLSimpleApplication@699cbf6
reloadAllAccessors: .Integration2

===========================================================================================
----------------- testing Thu Jul 23 15:08:59 UTC 2020 /home/travis/build/icyphy/ptII/ptolemy/domains/continuous/test/auto/Integration3.xml
----------------- Instantiating /home/travis/build/icyphy/ptII/ptolemy/domains/continuous/test/auto/Integration3.xml
2 ms. Memory: 272384K Free: 117574K (43%)
----------------- Invoking toplevel() on ptolemy.moml.MoMLSimpleApplication@24674978
----------------- Done invoking toplevel() on ptolemy.moml.MoMLSimpleApplication@24674978
reloadAllAccessors: .Integration3

===========================================================================================
----------------- testing Thu Jul 23 15:08:59 UTC 2020 /home/travis/build/icyphy/ptII/ptolemy/domains/continuous/test/auto/Integration5.xml
----------------- Instantiating /home/travis/build/icyphy/ptII/ptolemy/domains/continuous/test/auto/Integration5.xml
2 ms. Memory: 272384K Free: 113478K (42%)
----------------- Invoking toplevel() on ptolemy.moml.MoMLSimpleApplication@2f56694b
----------------- Done invoking toplevel() on ptolemy.moml.MoMLSimpleApplication@2f56694b
reloadAllAccessors: .Integration5

===========================================================================================
----------------- testing Thu Jul 23 15:08:59 UTC 2020 /home/travis/build/icyphy/ptII/ptolemy/domains/continuous/test/auto/IntegratorImpulse.xml
----------------- Instantiating /home/travis/build/icyphy/ptII/ptolemy/domains/continuous/test/auto/IntegratorImpulse.xml
2 ms. Memory: 272384K Free: 109368K (40%)
----------------- Invoking toplevel() on ptolemy.moml.MoMLSimpleApplication@12a14007
----------------- Done invoking toplevel() on ptolemy.moml.MoMLSimpleApplication@12a14007
reloadAllAccessors: .IntegratorImpulse

===========================================================================================
----------------- testing Thu Jul 23 15:08:59 UTC 2020 /home/travis/build/icyphy/ptII/ptolemy/domains/continuous/test/auto/IntegratorImpulse2.xml
----------------- Instantiating /home/travis/build/icyphy/ptII/ptolemy/domains/continuous/test/auto/IntegratorImpulse2.xml
3 ms. Memory: 272384K Free: 104776K (38%)
----------------- Invoking toplevel() on ptolemy.moml.MoMLSimpleApplication@7ec7c7cd
----------------- Done invoking toplevel() on ptolemy.moml.MoMLSimpleApplication@7ec7c7cd
reloadAllAccessors: .IntegratorImpulse2

===========================================================================================
----------------- testing Thu Jul 23 15:08:59 UTC 2020 /home/travis/build/icyphy/ptII/ptolemy/domains/continuous/test/auto/LevelCrossing1.xml
----------------- Instantiating /home/travis/build/icyphy/ptII/ptolemy/domains/continuous/test/auto/LevelCrossing1.xml
2 ms. Memory: 272384K Free: 99656K (37%)
----------------- Invoking toplevel() on ptolemy.moml.MoMLSimpleApplication@2875b98b
----------------- Done invoking toplevel() on ptolemy.moml.MoMLSimpleApplication@2875b98b
reloadAllAccessors: .LevelCrossing1

===========================================================================================
----------------- testing Thu Jul 23 15:08:59 UTC 2020 /home/travis/build/icyphy/ptII/ptolemy/domains/continuous/test/auto/LevelCrossing2.xml
----------------- Instantiating /home/travis/build/icyphy/ptII/ptolemy/domains/continuous/test/auto/LevelCrossing2.xml
2 ms. Memory: 272384K Free: 94536K (35%)
----------------- Invoking toplevel() on ptolemy.moml.MoMLSimpleApplication@6f25537b
----------------- Done invoking toplevel() on ptolemy.moml.MoMLSimpleApplication@6f25537b
reloadAllAccessors: .LevelCrossing2

===========================================================================================
----------------- testing Thu Jul 23 15:08:59 UTC 2020 /home/travis/build/icyphy/ptII/ptolemy/domains/continuous/test/auto/LevelCrossing3.xml
----------------- Instantiating /home/travis/build/icyphy/ptII/ptolemy/domains/continuous/test/auto/LevelCrossing3.xml
2 ms. Memory: 272384K Free: 251443K (92%)
----------------- Invoking toplevel() on ptolemy.moml.MoMLSimpleApplication@2cb455a0
----------------- Done invoking toplevel() on ptolemy.moml.MoMLSimpleApplication@2cb455a0
reloadAllAccessors: .LevelCrossing3

===========================================================================================
----------------- testing Thu Jul 23 15:08:59 UTC 2020 /home/travis/build/icyphy/ptII/ptolemy/domains/continuous/test/auto/LevelCrossing4.xml
----------------- Instantiating /home/travis/build/icyphy/ptII/ptolemy/domains/continuous/test/auto/LevelCrossing4.xml
3 ms. Memory: 272384K Free: 246323K (90%)
----------------- Invoking toplevel() on ptolemy.moml.MoMLSimpleApplication@3a98c8f9
----------------- Done invoking toplevel() on ptolemy.moml.MoMLSimpleApplication@3a98c8f9
reloadAllAccessors: .LevelCrossing4

===========================================================================================
----------------- testing Thu Jul 23 15:08:59 UTC 2020 /home/travis/build/icyphy/ptII/ptolemy/domains/continuous/test/auto/LevelCrossing5.xml
----------------- Instantiating /home/travis/build/icyphy/ptII/ptolemy/domains/continuous/test/auto/LevelCrossing5.xml
2 ms. Memory: 272384K Free: 241203K (89%)
----------------- Invoking toplevel() on ptolemy.moml.MoMLSimpleApplication@684e5fe9
----------------- Done invoking toplevel() on ptolemy.moml.MoMLSimpleApplication@684e5fe9
reloadAllAccessors: .LevelCrossing5

===========================================================================================
[...]
----------------- Instantiating /home/travis/build/icyphy/ptII/ptolemy/domains/continuous/test/auto/ResetTransitionWithStartTime6.xml
9 ms. Memory: 272384K Free: 130089K (48%)
----------------- Invoking toplevel() on ptolemy.moml.MoMLSimpleApplication@5a8dee19
----------------- Done invoking toplevel() on ptolemy.moml.MoMLSimpleApplication@5a8dee19
reloadAllAccessors: .ResetTransitionWithStartTime6

===========================================================================================
----------------- testing Thu Jul 23 15:09:14 UTC 2020 /home/travis/build/icyphy/ptII/ptolemy/domains/continuous/test/auto/SRinContinuous.xml
----------------- Instantiating /home/travis/build/icyphy/ptII/ptolemy/domains/continuous/test/auto/SRinContinuous.xml
4 ms. Memory: 272384K Free: 122425K (45%)
----------------- Invoking toplevel() on ptolemy.moml.MoMLSimpleApplication@16f37c79
----------------- Done invoking toplevel() on ptolemy.moml.MoMLSimpleApplication@16f37c79
reloadAllAccessors: .SRinContinuous

===========================================================================================
----------------- testing Thu Jul 23 15:09:14 UTC 2020 /home/travis/build/icyphy/ptII/ptolemy/domains/continuous/test/auto/SampledClocks.xml
----------------- Instantiating /home/travis/build/icyphy/ptII/ptolemy/domains/continuous/test/auto/SampledClocks.xml
6 ms. Memory: 272384K Free: 109623K (40%)
----------------- Invoking toplevel() on ptolemy.moml.MoMLSimpleApplication@a892720
----------------- Done invoking toplevel() on ptolemy.moml.MoMLSimpleApplication@a892720
reloadAllAccessors: .SampledClocks

===========================================================================================
----------------- testing Thu Jul 23 15:09:14 UTC 2020 /home/travis/build/icyphy/ptII/ptolemy/domains/continuous/test/auto/Satellite.xml
----------------- Instantiating /home/travis/build/icyphy/ptII/ptolemy/domains/continuous/test/auto/Satellite.xml
675 ms. Memory: 272384K Free: 243885K (90%)
----------------- Invoking toplevel() on ptolemy.moml.MoMLSimpleApplication@c5905f3
----------------- Done invoking toplevel() on ptolemy.moml.MoMLSimpleApplication@c5905f3
reloadAllAccessors: .Satellite

===========================================================================================
----------------- testing Thu Jul 23 15:09:15 UTC 2020 /home/travis/build/icyphy/ptII/ptolemy/domains/continuous/test/auto/SigmaDelta.xml
----------------- Instantiating /home/travis/build/icyphy/ptII/ptolemy/domains/continuous/test/auto/SigmaDelta.xml
1967 ms. Memory: 272384K Free: 142590K (52%)
----------------- Invoking toplevel() on ptolemy.moml.MoMLSimpleApplication@3387f33c
----------------- Done invoking toplevel() on ptolemy.moml.MoMLSimpleApplication@3387f33c
reloadAllAccessors: .SigmaDelta

===========================================================================================
----------------- testing Thu Jul 23 15:09:17 UTC 2020 /home/travis/build/icyphy/ptII/ptolemy/domains/continuous/test/auto/SingleRefinement.xml
----------------- Instantiating /home/travis/build/icyphy/ptII/ptolemy/domains/continuous/test/auto/SingleRefinement.xml
293 ms. Memory: 272384K Free: 121143K (44%)
----------------- Invoking toplevel() on ptolemy.moml.MoMLSimpleApplication@4462db3
----------------- Done invoking toplevel() on ptolemy.moml.MoMLSimpleApplication@4462db3
reloadAllAccessors: .SingleRefinement

===========================================================================================
----------------- testing Thu Jul 23 15:09:17 UTC 2020 /home/travis/build/icyphy/ptII/ptolemy/domains/continuous/test/auto/SinuBouncingBall.xml
----------------- Instantiating /home/travis/build/icyphy/ptII/ptolemy/domains/continuous/test/auto/SinuBouncingBall.xml
702 ms. Memory: 272384K Free: 231337K (85%)
----------------- Invoking toplevel() on ptolemy.moml.MoMLSimpleApplication@7fdb6d14
----------------- Done invoking toplevel() on ptolemy.moml.MoMLSimpleApplication@7fdb6d14
reloadAllAccessors: .SinuBouncingBall

===========================================================================================
----------------- testing Thu Jul 23 15:09:18 UTC 2020 /home/travis/build/icyphy/ptII/ptolemy/domains/continuous/test/auto/Sinusoid.xml
----------------- Instantiating /home/travis/build/icyphy/ptII/ptolemy/domains/continuous/test/auto/Sinusoid.xml
4 ms. Memory: 272384K Free: 226731K (83%)
----------------- Invoking toplevel() on ptolemy.moml.MoMLSimpleApplication@4ba51ca0
----------------- Done invoking toplevel() on ptolemy.moml.MoMLSimpleApplication@4ba51ca0
reloadAllAccessors: .Sinusoid

===========================================================================================
----------------- testing Thu Jul 23 15:09:18 UTC 2020 /home/travis/build/icyphy/ptII/ptolemy/domains/continuous/test/auto/SinusoidInNoise.xml
----------------- Instantiating /home/travis/build/icyphy/ptII/ptolemy/domains/continuous/test/auto/SinusoidInNoise.xml
799 ms. Memory: 272384K Free: 253265K (93%)
----------------- Invoking toplevel() on ptolemy.moml.MoMLSimpleApplication@69d127de
----------------- Done invoking toplevel() on ptolemy.moml.MoMLSimpleApplication@69d127de
reloadAllAccessors: .SinusoidInNoise

===========================================================================================
----------------- testing Thu Jul 23 15:09:19 UTC 2020 /home/travis/build/icyphy/ptII/ptolemy/domains/continuous/test/auto/SinusoidRK45.xml
----------------- Instantiating /home/travis/build/icyphy/ptII/ptolemy/domains/continuous/test/auto/SinusoidRK45.xml
2 ms. Memory: 272384K Free: 248641K (91%)
----------------- Invoking toplevel() on ptolemy.moml.MoMLSimpleApplication@22e11c2a
----------------- Done invoking toplevel() on ptolemy.moml.MoMLSimpleApplication@22e11c2a
reloadAllAccessors: .SinusoidRK45

===========================================================================================
----------------- testing Thu Jul 23 15:09:19 UTC 2020 /home/travis/build/icyphy/ptII/ptolemy/domains/continuous/test/auto/SinusoidWithMultipleImpulses.xml
----------------- Instantiating /home/travis/build/icyphy/ptII/ptolemy/domains/continuous/test/auto/SinusoidWithMultipleImpulses.xml
2 ms. Memory: 272384K Free: 244049K (90%)
----------------- Invoking toplevel() on ptolemy.moml.MoMLSimpleApplication@1a7cc624
----------------- Done invoking toplevel() on ptolemy.moml.MoMLSimpleApplication@1a7cc624
reloadAllAccessors: .SinusoidWithMultipleImpulses

===========================================================================================
----------------- testing Thu Jul 23 15:09:19 UTC 2020 /home/travis/build/icyphy/ptII/ptolemy/domains/continuous/test/auto/SquareWave.xml
----------------- Instantiating /home/travis/build/icyphy/ptII/ptolemy/domains/continuous/test/auto/SquareWave.xml
138 ms. Memory: 272384K Free: 216911K (80%)
----------------- Invoking toplevel() on ptolemy.moml.MoMLSimpleApplication@6b6ad4c3
----------------- Done invoking toplevel() on ptolemy.moml.MoMLSimpleApplication@6b6ad4c3
reloadAllAccessors: .SquareWave

===========================================================================================
----------------- testing Thu Jul 23 15:09:19 UTC 2020 /home/travis/build/icyphy/ptII/ptolemy/domains/continuous/test/auto/Starmac.xml
----------------- Instantiating /home/travis/build/icyphy/ptII/ptolemy/domains/continuous/test/auto/Starmac.xml
3060 ms. Memory: 327680K Free: 282418K (86%)
----------------- Invoking toplevel() on ptolemy.moml.MoMLSimpleApplication@59de1d01
----------------- Done invoking toplevel() on ptolemy.moml.MoMLSimpleApplication@59de1d01
reloadAllAccessors: .Starmac

===========================================================================================
----------------- testing Thu Jul 23 15:09:22 UTC 2020 /home/travis/build/icyphy/ptII/ptolemy/domains/continuous/test/auto/StaticUnits.xml
----------------- Instantiating /home/travis/build/icyphy/ptII/ptolemy/domains/continuous/test/auto/StaticUnits.xml
1671 ms. Memory: 327680K Free: 222926K (68%)
----------------- Invoking toplevel() on ptolemy.moml.MoMLSimpleApplication@4e63d050
----------------- Done invoking toplevel() on ptolemy.moml.MoMLSimpleApplication@4e63d050
reloadAllAccessors: .StaticUnits

===========================================================================================
----------------- testing Thu Jul 23 15:09:25 UTC 2020 /home/travis/build/icyphy/ptII/ptolemy/domains/continuous/test/auto/StickyMasses.xml
----------------- Instantiating /home/travis/build/icyphy/ptII/ptolemy/domains/continuous/test/auto/StickyMasses.xml
164 ms. Memory: 327680K Free: 173774K (53%)
----------------- Invoking toplevel() on ptolemy.moml.MoMLSimpleApplication@15b4fae7
----------------- Done invoking toplevel() on ptolemy.moml.MoMLSimpleApplication@15b4fae7
reloadAllAccessors: .StickyMasses

===========================================================================================
----------------- testing Thu Jul 23 15:09:25 UTC 2020 /home/travis/build/icyphy/ptII/ptolemy/domains/continuous/test/auto/StopTime.xml
----------------- Instantiating /home/travis/build/icyphy/ptII/ptolemy/domains/continuous/test/auto/StopTime.xml
44 ms. Memory: 327680K Free: 149198K (46%)
----------------- Invoking toplevel() on ptolemy.moml.MoMLSimpleApplication@556e0840
----------------- Done invoking toplevel() on ptolemy.moml.MoMLSimpleApplication@556e0840
reloadAllAccessors: .StopTime

===========================================================================================
----------------- testing Thu Jul 23 15:09:25 UTC 2020 /home/travis/build/icyphy/ptII/ptolemy/domains/continuous/test/auto/StopTime2.xml
----------------- Instantiating /home/travis/build/icyphy/ptII/ptolemy/domains/continuous/test/auto/StopTime2.xml
40 ms. Memory: 327680K Free: 127174K (39%)
----------------- Invoking toplevel() on ptolemy.moml.MoMLSimpleApplication@5b1d965c
----------------- Done invoking toplevel() on ptolemy.moml.MoMLSimpleApplication@5b1d965c
reloadAllAccessors: .StopTime2

===========================================================================================
----------------- testing Thu Jul 23 15:09:25 UTC 2020 /home/travis/build/icyphy/ptII/ptolemy/domains/continuous/test/auto/Switch.xml
----------------- Instantiating /home/travis/build/icyphy/ptII/ptolemy/domains/continuous/test/auto/Switch.xml
62 ms. Memory: 327680K Free: 293981K (90%)
----------------- Invoking toplevel() on ptolemy.moml.MoMLSimpleApplication@1b3cdc65
----------------- Done invoking toplevel() on ptolemy.moml.MoMLSimpleApplication@1b3cdc65
reloadAllAccessors: .Switch

===========================================================================================
----------------- testing Thu Jul 23 15:09:25 UTC 2020 /home/travis/build/icyphy/ptII/ptolemy/domains/continuous/test/auto/Thermostat.xml
----------------- Instantiating /home/travis/build/icyphy/ptII/ptolemy/domains/continuous/test/auto/Thermostat.xml
169 ms. Memory: 327680K Free: 221343K (68%)
----------------- Invoking toplevel() on ptolemy.moml.MoMLSimpleApplication@6a0dd510
----------------- Done invoking toplevel() on ptolemy.moml.MoMLSimpleApplication@6a0dd510
reloadAllAccessors: .Thermostat

===========================================================================================
----------------- testing Thu Jul 23 15:09:25 UTC 2020 /home/travis/build/icyphy/ptII/ptolemy/domains/continuous/test/auto/TimeDelay.xml
----------------- Instantiating /home/travis/build/icyphy/ptII/ptolemy/domains/continuous/test/auto/TimeDelay.xml
5 ms. Memory: 327680K Free: 216768K (66%)
----------------- Invoking toplevel() on ptolemy.moml.MoMLSimpleApplication@9f33790
----------------- Done invoking toplevel() on ptolemy.moml.MoMLSimpleApplication@9f33790
reloadAllAccessors: .TimeDelay

===========================================================================================
----------------- testing Thu Jul 23 15:09:25 UTC 2020 /home/travis/build/icyphy/ptII/ptolemy/domains/continuous/test/auto/TimeDelay2.xml
----------------- Instantiating /home/travis/build/icyphy/ptII/ptolemy/domains/continuous/test/auto/TimeDelay2.xml
6 ms. Memory: 327680K Free: 207038K (63%)
----------------- Invoking toplevel() on ptolemy.moml.MoMLSimpleApplication@1344adb5
----------------- Done invoking toplevel() on ptolemy.moml.MoMLSimpleApplication@1344adb5
reloadAllAccessors: .TimeDelay2

===========================================================================================
----------------- testing Thu Jul 23 15:09:25 UTC 2020 /home/travis/build/icyphy/ptII/ptolemy/domains/continuous/test/auto/TimeDelay3.xml
----------------- Instantiating /home/travis/build/icyphy/ptII/ptolemy/domains/continuous/test/auto/TimeDelay3.xml
4 ms. Memory: 327680K Free: 202430K (62%)
----------------- Invoking toplevel() on ptolemy.moml.MoMLSimpleApplication@567a50f5
----------------- Done invoking toplevel() on ptolemy.moml.MoMLSimpleApplication@567a50f5
reloadAllAccessors: .TimeDelay3

===========================================================================================
----------------- testing Thu Jul 23 15:09:25 UTC 2020 /home/travis/build/icyphy/ptII/ptolemy/domains/continuous/test/auto/TransferAbsentToInside.xml
----------------- Instantiating /home/travis/build/icyphy/ptII/ptolemy/domains/continuous/test/auto/TransferAbsentToInside.xml
28 ms. Memory: 327680K Free: 149663K (46%)
----------------- Invoking toplevel() on ptolemy.moml.MoMLSimpleApplication@65d2c06
----------------- Done invoking toplevel() on ptolemy.moml.MoMLSimpleApplication@65d2c06
reloadAllAccessors: .TransferAbsentToInside

===========================================================================================
----------------- testing Thu Jul 23 15:09:25 UTC 2020 /home/travis/build/icyphy/ptII/ptolemy/domains/continuous/test/auto/Transmission.xml
----------------- Instantiating /home/travis/build/icyphy/ptII/ptolemy/domains/continuous/test/auto/Transmission.xml
735 ms. Memory: 327680K Free: 301231K (92%)
----------------- Invoking toplevel() on ptolemy.moml.MoMLSimpleApplication@4322f29d
----------------- Done invoking toplevel() on ptolemy.moml.MoMLSimpleApplication@4322f29d
reloadAllAccessors: .Transmission

===========================================================================================
----------------- testing Thu Jul 23 15:09:26 UTC 2020 /home/travis/build/icyphy/ptII/ptolemy/domains/continuous/test/auto/TriggeredContinuousClock.xml
----------------- Instantiating /home/travis/build/icyphy/ptII/ptolemy/domains/continuous/test/auto/TriggeredContinuousClock.xml
35 ms. Memory: 327680K Free: 272014K (83%)
----------------- Invoking toplevel() on ptolemy.moml.MoMLSimpleApplication@e97c37a
----------------- Done invoking toplevel() on ptolemy.moml.MoMLSimpleApplication@e97c37a
reloadAllAccessors: .TriggeredContinuousClock

===========================================================================================
----------------- testing Thu Jul 23 15:09:26 UTC 2020 /home/travis/build/icyphy/ptII/ptolemy/domains/continuous/test/auto/TwoMachineInfiniteBusControl.xml
----------------- Instantiating /home/travis/build/icyphy/ptII/ptolemy/domains/continuous/test/auto/TwoMachineInfiniteBusControl.xml
2610 ms. Memory: 393216K Free: 156265K (40%)
----------------- Invoking toplevel() on ptolemy.moml.MoMLSimpleApplication@e42522
----------------- Done invoking toplevel() on ptolemy.moml.MoMLSimpleApplication@e42522
reloadAllAccessors: .TwoMachineInfiniteBusControl

===========================================================================================
----------------- testing Thu Jul 23 15:09:29 UTC 2020 /home/travis/build/icyphy/ptII/ptolemy/domains/continuous/test/auto/V2V.xml
----------------- Instantiating /home/travis/build/icyphy/ptII/ptolemy/domains/continuous/test/auto/V2V.xml
668 ms. Memory: 393216K Free: 199287K (51%)
----------------- Invoking toplevel() on ptolemy.moml.MoMLSimpleApplication@4962f82e
----------------- Done invoking toplevel() on ptolemy.moml.MoMLSimpleApplication@4962f82e
reloadAllAccessors: .V2V

===========================================================================================
----------------- testing Thu Jul 23 15:09:30 UTC 2020 /home/travis/build/icyphy/ptII/ptolemy/domains/continuous/test/auto/hierarchicalModalModel.xml
----------------- Instantiating /home/travis/build/icyphy/ptII/ptolemy/domains/continuous/test/auto/hierarchicalModalModel.xml
7 ms. Memory: 393216K Free: 185479K (47%)
----------------- Invoking toplevel() on ptolemy.moml.MoMLSimpleApplication@c6413ae
----------------- Done invoking toplevel() on ptolemy.moml.MoMLSimpleApplication@c6413ae
reloadAllAccessors: .hierarchicalModalModel

===========================================================================================
----------------- testing Thu Jul 23 15:09:30 UTC 2020 /home/travis/build/icyphy/ptII/ptolemy/domains/continuous/test/auto/hierarchicalModalModel1.xml
----------------- Instantiating /home/travis/build/icyphy/ptII/ptolemy/domains/continuous/test/auto/hierarchicalModalModel1.xml
8 ms. Memory: 393216K Free: 171143K (44%)
----------------- Invoking toplevel() on ptolemy.moml.MoMLSimpleApplication@eceffad
----------------- Done invoking toplevel() on ptolemy.moml.MoMLSimpleApplication@eceffad
reloadAllAccessors: .hierarchicalModalModel1

===========================================================================================
----------------- testing Thu Jul 23 15:09:30 UTC 2020 /home/travis/build/icyphy/ptII/ptolemy/domains/continuous/test/auto/hierarchicalModalModel2.xml
----------------- Instantiating /home/travis/build/icyphy/ptII/ptolemy/domains/continuous/test/auto/hierarchicalModalModel2.xml
6 ms. Memory: 393216K Free: 158855K (40%)
----------------- Invoking toplevel() on ptolemy.moml.MoMLSimpleApplication@535079e0
----------------- Done invoking toplevel() on ptolemy.moml.MoMLSimpleApplication@535079e0
reloadAllAccessors: .hierarchicalModalModel2

===========================================================================================
----------------- testing Thu Jul 23 15:09:30 UTC 2020 /home/travis/build/icyphy/ptII/ptolemy/domains/continuous/test/auto/hierarchicalModalModel3.xml
----------------- Instantiating /home/travis/build/icyphy/ptII/ptolemy/domains/continuous/test/auto/hierarchicalModalModel3.xml
6 ms. Memory: 393216K Free: 148101K (38%)
----------------- Invoking toplevel() on ptolemy.moml.MoMLSimpleApplication@246180b7
----------------- Done invoking toplevel() on ptolemy.moml.MoMLSimpleApplication@246180b7
reloadAllAccessors: .hierarchicalModalModel3

===========================================================================================
----------------- testing Thu Jul 23 15:09:30 UTC 2020 /home/travis/build/icyphy/ptII/ptolemy/domains/continuous/test/auto/hierarchicalModalModel4.xml
----------------- Instantiating /home/travis/build/icyphy/ptII/ptolemy/domains/continuous/test/auto/hierarchicalModalModel4.xml
6 ms. Memory: 393216K Free: 365695K (93%)
----------------- Invoking toplevel() on ptolemy.moml.MoMLSimpleApplication@182f5766
----------------- Done invoking toplevel() on ptolemy.moml.MoMLSimpleApplication@182f5766
reloadAllAccessors: .hierarchicalModalModel4

===========================================================================================
----------------- testing Thu Jul 23 15:09:30 UTC 2020 /home/travis/build/icyphy/ptII/ptolemy/domains/continuous/test/auto/junk.xml
----------------- Instantiating /home/travis/build/icyphy/ptII/ptolemy/domains/continuous/test/auto/junk.xml
111 ms. Memory: 393216K Free: 338047K (86%)
----------------- Invoking toplevel() on ptolemy.moml.MoMLSimpleApplication@1a5f391
----------------- Done invoking toplevel() on ptolemy.moml.MoMLSimpleApplication@1a5f391
reloadAllAccessors: .junk
AutoTests.java: About to close Vertx.
AutoTests.java: Vertx closed.
]]></system-out>
  <system-err><![CDATA[]]></system-err>
</testsuite>
