<?xml version="1.0" encoding="UTF-8" ?>
<testsuite errors="0" failures="0" hostname="travis-job-d72c7533-3aa8-4573-a99e-7b1ab716e586" name="ptolemy.domains.de.test.junit.JUnitTclTest" skipped="0" tests="101" time="123.776" timestamp="2020-10-09T15:54:01">
  <properties>
[...]
</properties>
  <testcase classname="ptolemy.util.test.junit.TclTests" name="[0] /home/travis/build/icyphy/ptII/ptolemy/domains/de/test/DependencyLoop.tcl (RunTclFile)" time="0.937" />
  <testcase classname="ptolemy.util.test.junit.TclTests" name="[1] /home/travis/build/icyphy/ptII/ptolemy/domains/de/test/RunDETestsAsQSS.tcl (RunTclFile)" time="84.126" />
  <testcase classname="ptolemy.util.test.junit.AutoKnownFailedTests" name="[0] /home/travis/build/icyphy/ptII/ptolemy/domains/de/test/auto/knownFailedTests/DESDFClockTest.xml (RunModel)" time="2.04" />
  <testcase classname="ptolemy.util.test.junit.AutoKnownFailedTests" name="[1] /home/travis/build/icyphy/ptII/ptolemy/domains/de/test/auto/knownFailedTests/DirectFeedback.xml (RunModel)" time="0.019" />
  <testcase classname="ptolemy.util.test.junit.AutoKnownFailedTests" name="[2] /home/travis/build/icyphy/ptII/ptolemy/domains/de/test/auto/knownFailedTests/FSMSource.xml (RunModel)" time="0.025" />
  <testcase classname="ptolemy.util.test.junit.AutoKnownFailedTests" name="[3] /home/travis/build/icyphy/ptII/ptolemy/domains/de/test/auto/knownFailedTests/HierarchicalModel.xml (RunModel)" time="0.045" />
  <testcase classname="ptolemy.util.test.junit.AutoKnownFailedTests" name="[4] /home/travis/build/icyphy/ptII/ptolemy/domains/de/test/auto/knownFailedTests/dependencyLoop.xml (RunModel)" time="0.046" />
  <testcase classname="ptolemy.util.test.junit.AutoKnownFailedTests" name="[5] /home/travis/build/icyphy/ptII/ptolemy/domains/de/test/auto/knownFailedTests/dependencyLoop2.xml (RunModel)" time="0.047" />
  <testcase classname="ptolemy.util.test.junit.AutoNameArchTests" name="[0] ThereAreNoAutoArchTests (RunModel)" time="0.004" />
  <testcase classname="ptolemy.util.test.junit.AutoTests" name="[0] /home/travis/build/icyphy/ptII/ptolemy/domains/de/test/auto/ActorDepthCalculation_actorWithoutPorts.xml (RunModel)" time="0.027" />
  <testcase classname="ptolemy.util.test.junit.AutoTests" name="[1] /home/travis/build/icyphy/ptII/ptolemy/domains/de/test/auto/AssemblyLine.xml (RunModel)" time="0.023" />
  <testcase classname="ptolemy.util.test.junit.AutoTests" name="[2] /home/travis/build/icyphy/ptII/ptolemy/domains/de/test/auto/CQBug1.xml (RunModel)" time="0.009" />
  <testcase classname="ptolemy.util.test.junit.AutoTests" name="[3] /home/travis/build/icyphy/ptII/ptolemy/domains/de/test/auto/CancelFireAt.xml (RunModel)" time="0.019" />
  <testcase classname="ptolemy.util.test.junit.AutoTests" name="[4] /home/travis/build/icyphy/ptII/ptolemy/domains/de/test/auto/CausalityAndComposabilityAnalysis.xml (RunModel)" time="0.023" />
  <testcase classname="ptolemy.util.test.junit.AutoTests" name="[5] /home/travis/build/icyphy/ptII/ptolemy/domains/de/test/auto/CausalityInterface1.xml (RunModel)" time="0.018" />
  <testcase classname="ptolemy.util.test.junit.AutoTests" name="[6] /home/travis/build/icyphy/ptII/ptolemy/domains/de/test/auto/CausalityInterface15.xml (RunModel)" time="0.018" />
  <testcase classname="ptolemy.util.test.junit.AutoTests" name="[7] /home/travis/build/icyphy/ptII/ptolemy/domains/de/test/auto/CausalityInterface2.xml (RunModel)" time="0.017" />
  <testcase classname="ptolemy.util.test.junit.AutoTests" name="[8] /home/travis/build/icyphy/ptII/ptolemy/domains/de/test/auto/CausalityInterface3.xml (RunModel)" time="0.016" />
  <testcase classname="ptolemy.util.test.junit.AutoTests" name="[9] /home/travis/build/icyphy/ptII/ptolemy/domains/de/test/auto/ClockDrift.xml (RunModel)" time="0.04" />
  <testcase classname="ptolemy.util.test.junit.AutoTests" name="[10] /home/travis/build/icyphy/ptII/ptolemy/domains/de/test/auto/ClockDriftAndValueChange.xml (RunModel)" time="0.034" />
  <testcase classname="ptolemy.util.test.junit.AutoTests" name="[11] /home/travis/build/icyphy/ptII/ptolemy/domains/de/test/auto/ClockDriftChange.xml (RunModel)" time="0.031" />
  <testcase classname="ptolemy.util.test.junit.AutoTests" name="[12] /home/travis/build/icyphy/ptII/ptolemy/domains/de/test/auto/ComposableCausalityAnalysis.xml (RunModel)" time="0.017" />
  <testcase classname="ptolemy.util.test.junit.AutoTests" name="[13] /home/travis/build/icyphy/ptII/ptolemy/domains/de/test/auto/DEFixedPointLimitation.xml (RunModel)" time="0.009" />
  <testcase classname="ptolemy.util.test.junit.AutoTests" name="[14] /home/travis/build/icyphy/ptII/ptolemy/domains/de/test/auto/DEScheduleTest.xml (RunModel)" time="0.01" />
  <testcase classname="ptolemy.util.test.junit.AutoTests" name="[15] /home/travis/build/icyphy/ptII/ptolemy/domains/de/test/auto/DEinDEwithStartTimes.xml (RunModel)" time="0.013" />
  <testcase classname="ptolemy.util.test.junit.AutoTests" name="[16] /home/travis/build/icyphy/ptII/ptolemy/domains/de/test/auto/DEinDEwithStartTimes2.xml (RunModel)" time="0.018" />
  <testcase classname="ptolemy.util.test.junit.AutoTests" name="[17] /home/travis/build/icyphy/ptII/ptolemy/domains/de/test/auto/DateDemo.xml (RunModel)" time="0.026" />
  <testcase classname="ptolemy.util.test.junit.AutoTests" name="[18] /home/travis/build/icyphy/ptII/ptolemy/domains/de/test/auto/DateToEvent.xml (RunModel)" time="2.037" />
  <testcase classname="ptolemy.util.test.junit.AutoTests" name="[19] /home/travis/build/icyphy/ptII/ptolemy/domains/de/test/auto/DepthTest1.xml (RunModel)" time="0.009" />
  <testcase classname="ptolemy.util.test.junit.AutoTests" name="[20] /home/travis/build/icyphy/ptII/ptolemy/domains/de/test/auto/DepthTest2.xml (RunModel)" time="0.019" />
  <testcase classname="ptolemy.util.test.junit.AutoTests" name="[21] /home/travis/build/icyphy/ptII/ptolemy/domains/de/test/auto/DepthTest3.xml (RunModel)" time="0.009" />
  <testcase classname="ptolemy.util.test.junit.AutoTests" name="[22] /home/travis/build/icyphy/ptII/ptolemy/domains/de/test/auto/DepthTest4.xml (RunModel)" time="0.028" />
  <testcase classname="ptolemy.util.test.junit.AutoTests" name="[23] /home/travis/build/icyphy/ptII/ptolemy/domains/de/test/auto/DepthTest5.xml (RunModel)" time="0.014" />
  <testcase classname="ptolemy.util.test.junit.AutoTests" name="[24] /home/travis/build/icyphy/ptII/ptolemy/domains/de/test/auto/DepthTest6.xml (RunModel)" time="0.017" />
  <testcase classname="ptolemy.util.test.junit.AutoTests" name="[25] /home/travis/build/icyphy/ptII/ptolemy/domains/de/test/auto/DepthTest7.xml (RunModel)" time="0.012" />
  <testcase classname="ptolemy.util.test.junit.AutoTests" name="[26] /home/travis/build/icyphy/ptII/ptolemy/domains/de/test/auto/EventToDate.xml (RunModel)" time="3.038" />
  <testcase classname="ptolemy.util.test.junit.AutoTests" name="[27] /home/travis/build/icyphy/ptII/ptolemy/domains/de/test/auto/FSM1.xml (RunModel)" time="0.051" />
  <testcase classname="ptolemy.util.test.junit.AutoTests" name="[28] /home/travis/build/icyphy/ptII/ptolemy/domains/de/test/auto/FSM7.xml (RunModel)" time="0.042" />
  <testcase classname="ptolemy.util.test.junit.AutoTests" name="[29] /home/travis/build/icyphy/ptII/ptolemy/domains/de/test/auto/Inspection.xml (RunModel)" time="0.049" />
  <testcase classname="ptolemy.util.test.junit.AutoTests" name="[30] /home/travis/build/icyphy/ptII/ptolemy/domains/de/test/auto/Iteration.xml (RunModel)" time="0.023" />
  <testcase classname="ptolemy.util.test.junit.AutoTests" name="[31] /home/travis/build/icyphy/ptII/ptolemy/domains/de/test/auto/LineFault.xml (RunModel)" time="0.548" />
  <testcase classname="ptolemy.util.test.junit.AutoTests" name="[32] /home/travis/build/icyphy/ptII/ptolemy/domains/de/test/auto/MergeModel1Add.xml (RunModel)" time="0.051" />
  <testcase classname="ptolemy.util.test.junit.AutoTests" name="[33] /home/travis/build/icyphy/ptII/ptolemy/domains/de/test/auto/MergeModel2Add.xml (RunModel)" time="0.036" />
  <testcase classname="ptolemy.util.test.junit.AutoTests" name="[34] /home/travis/build/icyphy/ptII/ptolemy/domains/de/test/auto/MergeModel3Add.xml (RunModel)" time="0.039" />
  <testcase classname="ptolemy.util.test.junit.AutoTests" name="[35] /home/travis/build/icyphy/ptII/ptolemy/domains/de/test/auto/MergeWithoutDiscard.xml (RunModel)" time="0.016" />
  <testcase classname="ptolemy.util.test.junit.AutoTests" name="[36] /home/travis/build/icyphy/ptII/ptolemy/domains/de/test/auto/Modal1.xml (RunModel)" time="0.036" />
  <testcase classname="ptolemy.util.test.junit.AutoTests" name="[37] /home/travis/build/icyphy/ptII/ptolemy/domains/de/test/auto/Modal2.xml (RunModel)" time="0.03" />
  <testcase classname="ptolemy.util.test.junit.AutoTests" name="[38] /home/travis/build/icyphy/ptII/ptolemy/domains/de/test/auto/Modal3.xml (RunModel)" time="0.032" />
  <testcase classname="ptolemy.util.test.junit.AutoTests" name="[39] /home/travis/build/icyphy/ptII/ptolemy/domains/de/test/auto/Modal4.xml (RunModel)" time="0.03" />
  <testcase classname="ptolemy.util.test.junit.AutoTests" name="[40] /home/travis/build/icyphy/ptII/ptolemy/domains/de/test/auto/Modal5.xml (RunModel)" time="0.031" />
  <testcase classname="ptolemy.util.test.junit.AutoTests" name="[41] /home/travis/build/icyphy/ptII/ptolemy/domains/de/test/auto/Modal6.xml (RunModel)" time="0.026" />
  <testcase classname="ptolemy.util.test.junit.AutoTests" name="[42] /home/travis/build/icyphy/ptII/ptolemy/domains/de/test/auto/Modal7.xml (RunModel)" time="0.037" />
  <testcase classname="ptolemy.util.test.junit.AutoTests" name="[43] /home/travis/build/icyphy/ptII/ptolemy/domains/de/test/auto/ModalModel.xml (RunModel)" time="0.158" />
  <testcase classname="ptolemy.util.test.junit.AutoTests" name="[44] /home/travis/build/icyphy/ptII/ptolemy/domains/de/test/auto/ModalSource.xml (RunModel)" time="0.017" />
  <testcase classname="ptolemy.util.test.junit.AutoTests" name="[45] /home/travis/build/icyphy/ptII/ptolemy/domains/de/test/auto/NonInterruptibleTimerZeroDelay.xml (RunModel)" time="0.009" />
  <testcase classname="ptolemy.util.test.junit.AutoTests" name="[46] /home/travis/build/icyphy/ptII/ptolemy/domains/de/test/auto/OpenQueueingNetwork.xml (RunModel)" time="2.451" />
  <testcase classname="ptolemy.util.test.junit.AutoTests" name="[47] /home/travis/build/icyphy/ptII/ptolemy/domains/de/test/auto/OpenQueuingNetwork.xml (RunModel)" time="0.271" />
  <testcase classname="ptolemy.util.test.junit.AutoTests" name="[48] /home/travis/build/icyphy/ptII/ptolemy/domains/de/test/auto/PeriodicSampler.xml (RunModel)" time="0.01" />
  <testcase classname="ptolemy.util.test.junit.AutoTests" name="[49] /home/travis/build/icyphy/ptII/ptolemy/domains/de/test/auto/PersistentIO.xml (RunModel)" time="0.017" />
  <testcase classname="ptolemy.util.test.junit.AutoTests" name="[50] /home/travis/build/icyphy/ptII/ptolemy/domains/de/test/auto/PortParameterResetOnInitialize.xml (RunModel)" time="0.011" />
  <testcase classname="ptolemy.util.test.junit.AutoTests" name="[51] /home/travis/build/icyphy/ptII/ptolemy/domains/de/test/auto/PortParameterUpdates.xml (RunModel)" time="0.014" />
  <testcase classname="ptolemy.util.test.junit.AutoTests" name="[52] /home/travis/build/icyphy/ptII/ptolemy/domains/de/test/auto/QueueAndServer.xml (RunModel)" time="0.021" />
  <testcase classname="ptolemy.util.test.junit.AutoTests" name="[53] /home/travis/build/icyphy/ptII/ptolemy/domains/de/test/auto/Records.xml (RunModel)" time="0.019" />
  <testcase classname="ptolemy.util.test.junit.AutoTests" name="[54] /home/travis/build/icyphy/ptII/ptolemy/domains/de/test/auto/ResetTransitionWithStartTime1.xml (RunModel)" time="0.022" />
  <testcase classname="ptolemy.util.test.junit.AutoTests" name="[55] /home/travis/build/icyphy/ptII/ptolemy/domains/de/test/auto/ResetTransitionWithStartTime2.xml (RunModel)" time="0.018" />
  <testcase classname="ptolemy.util.test.junit.AutoTests" name="[56] /home/travis/build/icyphy/ptII/ptolemy/domains/de/test/auto/ResetTransitionWithStartTime3.xml (RunModel)" time="0.017" />
  <testcase classname="ptolemy.util.test.junit.AutoTests" name="[57] /home/travis/build/icyphy/ptII/ptolemy/domains/de/test/auto/ResetTransitionWithStartTime4.xml (RunModel)" time="0.02" />
  <testcase classname="ptolemy.util.test.junit.AutoTests" name="[58] /home/travis/build/icyphy/ptII/ptolemy/domains/de/test/auto/ResettableTimer1.xml (RunModel)" time="0.014" />
  <testcase classname="ptolemy.util.test.junit.AutoTests" name="[59] /home/travis/build/icyphy/ptII/ptolemy/domains/de/test/auto/ResettableTimer2.xml (RunModel)" time="0.013" />
  <testcase classname="ptolemy.util.test.junit.AutoTests" name="[60] /home/travis/build/icyphy/ptII/ptolemy/domains/de/test/auto/ResettableTimer3.xml (RunModel)" time="0.01" />
  <testcase classname="ptolemy.util.test.junit.AutoTests" name="[61] /home/travis/build/icyphy/ptII/ptolemy/domains/de/test/auto/ResettableTimer4.xml (RunModel)" time="0.01" />
  <testcase classname="ptolemy.util.test.junit.AutoTests" name="[62] /home/travis/build/icyphy/ptII/ptolemy/domains/de/test/auto/ResettableTimer5.xml (RunModel)" time="0.012" />
  <testcase classname="ptolemy.util.test.junit.AutoTests" name="[63] /home/travis/build/icyphy/ptII/ptolemy/domains/de/test/auto/ResettableTimer6.xml (RunModel)" time="0.015" />
  <testcase classname="ptolemy.util.test.junit.AutoTests" name="[64] /home/travis/build/icyphy/ptII/ptolemy/domains/de/test/auto/ServerZeroDelay.xml (RunModel)" time="0.01" />
  <testcase classname="ptolemy.util.test.junit.AutoTests" name="[65] /home/travis/build/icyphy/ptII/ptolemy/domains/de/test/auto/SmartSender.xml (RunModel)" time="3.009" />
  <testcase classname="ptolemy.util.test.junit.AutoTests" name="[66] /home/travis/build/icyphy/ptII/ptolemy/domains/de/test/auto/ThreadedComposite.xml (RunModel)" time="0.166" />
  <testcase classname="ptolemy.util.test.junit.AutoTests" name="[67] /home/travis/build/icyphy/ptII/ptolemy/domains/de/test/auto/Time.xml (RunModel)" time="0.342" />
  <testcase classname="ptolemy.util.test.junit.AutoTests" name="[68] /home/travis/build/icyphy/ptII/ptolemy/domains/de/test/auto/TimeDelayZeroDelay.xml (RunModel)" time="0.017" />
  <testcase classname="ptolemy.util.test.junit.AutoTests" name="[69] /home/travis/build/icyphy/ptII/ptolemy/domains/de/test/auto/TimerZeroDelay.xml (RunModel)" time="0.018" />
  <testcase classname="ptolemy.util.test.junit.AutoTests" name="[70] /home/travis/build/icyphy/ptII/ptolemy/domains/de/test/auto/TimingParadox.xml (RunModel)" time="0.317" />
  <testcase classname="ptolemy.util.test.junit.AutoTests" name="[71] /home/travis/build/icyphy/ptII/ptolemy/domains/de/test/auto/TransferInputs.xml (RunModel)" time="0.012" />
  <testcase classname="ptolemy.util.test.junit.AutoTests" name="[72] /home/travis/build/icyphy/ptII/ptolemy/domains/de/test/auto/TransferOutputs2.xml (RunModel)" time="0.02" />
  <testcase classname="ptolemy.util.test.junit.AutoTests" name="[73] /home/travis/build/icyphy/ptII/ptolemy/domains/de/test/auto/Trilateration.xml (RunModel)" time="10.597" />
  <testcase classname="ptolemy.util.test.junit.AutoTests" name="[74] /home/travis/build/icyphy/ptII/ptolemy/domains/de/test/auto/TwoSigmaDelta.xml (RunModel)" time="1.593" />
  <testcase classname="ptolemy.util.test.junit.AutoTests" name="[75] /home/travis/build/icyphy/ptII/ptolemy/domains/de/test/auto/VariableDelay.xml (RunModel)" time="0.013" />
  <testcase classname="ptolemy.util.test.junit.AutoTests" name="[76] /home/travis/build/icyphy/ptII/ptolemy/domains/de/test/auto/VariableDelay2.xml (RunModel)" time="0.014" />
  <testcase classname="ptolemy.util.test.junit.AutoTests" name="[77] /home/travis/build/icyphy/ptII/ptolemy/domains/de/test/auto/VariableDelayZeroDelay.xml (RunModel)" time="0.019" />
  <testcase classname="ptolemy.util.test.junit.AutoTests" name="[78] /home/travis/build/icyphy/ptII/ptolemy/domains/de/test/auto/VariableDelayZeroDelay2.xml (RunModel)" time="0.019" />
  <testcase classname="ptolemy.util.test.junit.AutoTests" name="[79] /home/travis/build/icyphy/ptII/ptolemy/domains/de/test/auto/deInCt.xml (RunModel)" time="0.015" />
  <testcase classname="ptolemy.util.test.junit.AutoTests" name="[80] /home/travis/build/icyphy/ptII/ptolemy/domains/de/test/auto/deInCt2.xml (RunModel)" time="0.018" />
  <testcase classname="ptolemy.util.test.junit.AutoTests" name="[81] /home/travis/build/icyphy/ptII/ptolemy/domains/de/test/auto/dynamicCausalityInterface1.xml (RunModel)" time="0.017" />
  <testcase classname="ptolemy.util.test.junit.AutoTests" name="[82] /home/travis/build/icyphy/ptII/ptolemy/domains/de/test/auto/fsm_de_test.xml (RunModel)" time="0.02" />
  <testcase classname="ptolemy.util.test.junit.AutoTests" name="[83] /home/travis/build/icyphy/ptII/ptolemy/domains/de/test/auto/functionDependencyReconstruction.xml (RunModel)" time="0.04" />
  <testcase classname="ptolemy.util.test.junit.AutoTests" name="[84] /home/travis/build/icyphy/ptII/ptolemy/domains/de/test/auto/multirate.xml (RunModel)" time="0.014" />
  <testcase classname="ptolemy.util.test.junit.AutoTests" name="[85] /home/travis/build/icyphy/ptII/ptolemy/domains/de/test/auto/multirate2.xml (RunModel)" time="0.014" />
  <testcase classname="ptolemy.util.test.junit.AutoTests" name="[86] /home/travis/build/icyphy/ptII/ptolemy/domains/de/test/auto/realtime.xml (RunModel)" time="10.009" />
  <testcase classname="ptolemy.util.test.junit.AutoTests" name="[87] /home/travis/build/icyphy/ptII/ptolemy/domains/de/test/auto/relationGroup.xml (RunModel)" time="0.01" />
  <testcase classname="ptolemy.util.test.junit.AutoTests" name="[88] /home/travis/build/icyphy/ptII/ptolemy/domains/de/test/auto/relationGroup2.xml (RunModel)" time="0.006" />
  <testcase classname="ptolemy.util.test.junit.AutoTests" name="[89] /home/travis/build/icyphy/ptII/ptolemy/domains/de/test/auto/sortWithOpaquePorts.xml (RunModel)" time="0.012" />
  <testcase classname="ptolemy.util.test.junit.AutoTests" name="[90] /home/travis/build/icyphy/ptII/ptolemy/domains/de/test/auto/transferInputsandOutputs.xml (RunModel)" time="0.017" />
  <testcase classname="ptolemy.util.test.junit.AutoTests" name="[91] /home/travis/build/icyphy/ptII/ptolemy/domains/de/test/auto/triggerType.xml (RunModel)" time="0.013" />
  <system-out><![CDATA[/home/travis/build/icyphy/ptII/ptolemy/domains/de/test/DependencyLoop.tcl
testDefs.tcl: setting time out to 9000 seconds at Fri Oct 09 15:54:02 UTC 2020
92 ms. Memory: 129024K Free: 79177K (61%)
29 ms. Memory: 129024K Free: 61769K (48%)
/home/travis/build/icyphy/ptII/ptolemy/domains/de/test/RunDETestsAsQSS.tcl
Run the DE tests using ptolemy.domains.qss.test.QSSDirectorTest, which extends QSSDirector and prints a message in the constructors.
------------------ testing $PTII/ptolemy/domains/de/test/auto/knownFailedTests/DirectFeedback.xml (Known Failure) 
74 ms. Memory: 129024K Free: 56139K (44%)


==== $PTIIhome/travis/build/icyphy/ptII/ptolemy/domains/de/test/../../../../: Auto Automatic test in file $PTII/ptolemy/domains/de/test/auto/knownFailedTests/DirectFeedback.xml
==== Contents of test case:

	    # FIXME: we should use $relativeFilename here, but it
	    # might have backslashes under Windows, which causes no end
	    # of trouble.
	    createAndExecute $file
	    list {}
	
.... Test generated KNOWN error:
    while executing
ptolemy.kernel.util.IllegalActionException: Test fails in iteration 1.
Value was: 1.0. Should have been: 2.0
  in .DirectFeedback.Test
	at ptolemy.actor.lib.Test.fire(Test.java:268)
	at ptolemy.domains.de.kernel.DEDirector._fire(DEDirector.java:1949)
	at ptolemy.domains.de.kernel.DEDirector.fire(DEDirector.java:502)
	at ptolemy.actor.CompositeActor.fire(CompositeActor.java:455)
	at ptolemy.actor.Manager.iterate(Manager.java:851)
	at ptolemy.actor.Manager.execute(Manager.java:369)
	at ptolemy.actor.Manager.run(Manager.java:1263)
	at ptolemy.actor.Manager$PtolemyRunThread.run(Manager.java:1933)

    while executing
ptolemy.kernel.util.IllegalActionException: Test fails in iteration 1.
Value was: 1.0. Should have been: 2.0
  in .DirectFeedback.Test
    while executing
"java::new ptolemy.moml.MoMLSimpleApplication $file
"
    (procedure "createAndExecute" line 2)
    invoked from within
"createAndExecute $file"
    ("uplevel" body line 5)
    invoked from within
"uplevel $contents_of_test"
------------------ testing $PTII/ptolemy/domains/de/test/auto/knownFailedTests/dependencyLoop.xml (Known Failure) 
8 ms. Memory: 129024K Free: 53067K (41%)


==== $PTIIhome/travis/build/icyphy/ptII/ptolemy/domains/de/test/../../../../: Auto Automatic test in file $PTII/ptolemy/domains/de/test/auto/knownFailedTests/dependencyLoop.xml
==== Contents of test case:

	    # FIXME: we should use $relativeFilename here, but it
	    # might have backslashes under Windows, which causes no end
	    # of trouble.
	    createAndExecute $file
	    list {}
	
.... Test generated KNOWN error:
    while executing
ptolemy.kernel.util.IllegalActionException: Found a zero delay loop containing .dependencyLoop.original
  in .dependencyLoop and .dependencyLoop.original
	at ptolemy.actor.util.CausalityInterfaceForComposites._computeOutputPortDepth(CausalityInterfaceForComposites.java:759)
	at ptolemy.actor.util.CausalityInterfaceForComposites._computeInputDepth(CausalityInterfaceForComposites.java:696)
	at ptolemy.actor.util.CausalityInterfaceForComposites._computeOutputPortDepth(CausalityInterfaceForComposites.java:765)
	at ptolemy.actor.util.CausalityInterfaceForComposites._computeInputDepth(CausalityInterfaceForComposites.java:696)
	at ptolemy.actor.util.CausalityInterfaceForComposites._computeOutputPortDepth(CausalityInterfaceForComposites.java:765)
	at ptolemy.actor.util.CausalityInterfaceForComposites._computeInputDepth(CausalityInterfaceForComposites.java:696)
	at ptolemy.actor.util.CausalityInterfaceForComposites._computeActorDepth(CausalityInterfaceForComposites.java:532)
	at ptolemy.actor.util.CausalityInterfaceForComposites.checkForCycles(CausalityInterfaceForComposites.java:96)
	at ptolemy.domains.de.kernel.DEDirector.preinitialize(DEDirector.java:1338)
	at ptolemy.actor.CompositeActor.preinitialize(CompositeActor.java:1828)
	at ptolemy.actor.Manager.preinitializeAndResolveTypes(Manager.java:1040)
	at ptolemy.actor.Manager.initialize(Manager.java:710)
	at ptolemy.actor.Manager.execute(Manager.java:356)
	at ptolemy.actor.Manager.run(Manager.java:1263)
	at ptolemy.actor.Manager$PtolemyRunThread.run(Manager.java:1933)

    while executing
ptolemy.kernel.util.IllegalActionException: Found a zero delay loop containing .dependencyLoop.original
  in .dependencyLoop and .dependencyLoop.original
    while executing
"java::new ptolemy.moml.MoMLSimpleApplication $file
"
    (procedure "createAndExecute" line 2)
    invoked from within
"createAndExecute $file"
    ("uplevel" body line 5)
    invoked from within
"uplevel $contents_of_test"
------------------ testing $PTII/ptolemy/domains/de/test/auto/knownFailedTests/FSMSource.xml (Known Failure) 
52 ms. Memory: 129024K Free: 111528K (86%)
!!!! Auto was marked as failing, but now passes
------------------ testing $PTII/ptolemy/domains/de/test/auto/knownFailedTests/HierarchicalModel.xml (Known Failure) 
8 ms. Memory: 129024K Free: 94128K (73%)


==== $PTIIhome/travis/build/icyphy/ptII/ptolemy/domains/de/test/../../../../: Auto Automatic test in file $PTII/ptolemy/domains/de/test/auto/knownFailedTests/HierarchicalModel.xml
==== Contents of test case:

	    # FIXME: we should use $relativeFilename here, but it
	    # might have backslashes under Windows, which causes no end
	    # of trouble.
	    createAndExecute $file
	    list {}
	
.... Test generated KNOWN error:
    while executing
ptolemy.kernel.util.IllegalActionException: Found a zero delay loop containing .HierarchicalModel.A
  in .HierarchicalModel and .HierarchicalModel.A
	at ptolemy.actor.util.CausalityInterfaceForComposites._computeOutputPortDepth(CausalityInterfaceForComposites.java:759)
	at ptolemy.actor.util.CausalityInterfaceForComposites._computeInputDepth(CausalityInterfaceForComposites.java:696)
	at ptolemy.actor.util.CausalityInterfaceForComposites._computeOutputPortDepth(CausalityInterfaceForComposites.java:765)
	at ptolemy.actor.util.CausalityInterfaceForComposites._computeInputDepth(CausalityInterfaceForComposites.java:696)
	at ptolemy.actor.util.CausalityInterfaceForComposites._computeOutputPortDepth(CausalityInterfaceForComposites.java:765)
	at ptolemy.actor.util.CausalityInterfaceForComposites._computeInputDepth(CausalityInterfaceForComposites.java:696)
	at ptolemy.actor.util.CausalityInterfaceForComposites._computeActorDepth(CausalityInterfaceForComposites.java:532)
	at ptolemy.actor.util.CausalityInterfaceForComposites.checkForCycles(CausalityInterfaceForComposites.java:96)
	at ptolemy.domains.de.kernel.DEDirector.preinitialize(DEDirector.java:1338)
	at ptolemy.actor.CompositeActor.preinitialize(CompositeActor.java:1828)
	at ptolemy.actor.Manager.preinitializeAndResolveTypes(Manager.java:1040)
	at ptolemy.actor.Manager.initialize(Manager.java:710)
	at ptolemy.actor.Manager.execute(Manager.java:356)
	at ptolemy.actor.Manager.run(Manager.java:1263)
	at ptolemy.actor.Manager$PtolemyRunThread.run(Manager.java:1933)

    while executing
ptolemy.kernel.util.IllegalActionException: Found a zero delay loop containing .HierarchicalModel.A
  in .HierarchicalModel and .HierarchicalModel.A
    while executing
"java::new ptolemy.moml.MoMLSimpleApplication $file
"
    (procedure "createAndExecute" line 2)
    invoked from within
"createAndExecute $file"
    ("uplevel" body line 5)
    invoked from within
"uplevel $contents_of_test"
------------------ testing $PTII/ptolemy/domains/de/test/auto/knownFailedTests/dependencyLoop2.xml (Known Failure) 
10 ms. Memory: 129024K Free: 78190K (61%)


==== $PTIIhome/travis/build/icyphy/ptII/ptolemy/domains/de/test/../../../../: Auto Automatic test in file $PTII/ptolemy/domains/de/test/auto/knownFailedTests/dependencyLoop2.xml
==== Contents of test case:

	    # FIXME: we should use $relativeFilename here, but it
	    # might have backslashes under Windows, which causes no end
	    # of trouble.
	    createAndExecute $file
	    list {}
	
.... Test generated KNOWN error:
    while executing
ptolemy.kernel.util.IllegalActionException: Found a zero delay loop containing .dependencyLoop2.original
  in .dependencyLoop2 and .dependencyLoop2.original
	at ptolemy.actor.util.CausalityInterfaceForComposites._computeOutputPortDepth(CausalityInterfaceForComposites.java:759)
	at ptolemy.actor.util.CausalityInterfaceForComposites._computeInputDepth(CausalityInterfaceForComposites.java:696)
	at ptolemy.actor.util.CausalityInterfaceForComposites._computeOutputPortDepth(CausalityInterfaceForComposites.java:765)
	at ptolemy.actor.util.CausalityInterfaceForComposites._computeInputDepth(CausalityInterfaceForComposites.java:696)
	at ptolemy.actor.util.CausalityInterfaceForComposites._computeOutputPortDepth(CausalityInterfaceForComposites.java:765)
	at ptolemy.actor.util.CausalityInterfaceForComposites._computeInputDepth(CausalityInterfaceForComposites.java:696)
	at ptolemy.actor.util.CausalityInterfaceForComposites._computeActorDepth(CausalityInterfaceForComposites.java:532)
	at ptolemy.actor.util.CausalityInterfaceForComposites.checkForCycles(CausalityInterfaceForComposites.java:96)
	at ptolemy.domains.de.kernel.DEDirector.preinitialize(DEDirector.java:1338)
	at ptolemy.actor.CompositeActor.preinitialize(CompositeActor.java:1828)
	at ptolemy.actor.Manager.preinitializeAndResolveTypes(Manager.java:1040)
	at ptolemy.actor.Manager.initialize(Manager.java:710)
	at ptolemy.actor.Manager.execute(Manager.java:356)
	at ptolemy.actor.Manager.run(Manager.java:1263)
	at ptolemy.actor.Manager$PtolemyRunThread.run(Manager.java:1933)

    while executing
ptolemy.kernel.util.IllegalActionException: Found a zero delay loop containing .dependencyLoop2.original
  in .dependencyLoop2 and .dependencyLoop2.original
    while executing
"java::new ptolemy.moml.MoMLSimpleApplication $file
"
    (procedure "createAndExecute" line 2)
    invoked from within
"createAndExecute $file"
    ("uplevel" body line 5)
    invoked from within
"uplevel $contents_of_test"
------------------ testing $PTII/ptolemy/domains/de/test/auto/knownFailedTests/DESDFClockTest.xml (Known Failure) 
2068 ms. Memory: 129024K Free: 104043K (81%)


==== $PTIIhome/travis/build/icyphy/ptII/ptolemy/domains/de/test/../../../../: Auto Automatic test in file $PTII/ptolemy/domains/de/test/auto/knownFailedTests/DESDFClockTest.xml
==== Contents of test case:

	    # FIXME: we should use $relativeFilename here, but it
	    # might have backslashes under Windows, which causes no end
	    # of trouble.
	    createAndExecute $file
	    list {}
	
.... Test generated KNOWN error:
    while executing
ptolemy.kernel.util.IllegalActionException: Actor is not ready to fire.  Perhaps UpSample.prefire() returned false? Try debugging the actor by selecting "Listen to Actor".  Also, for SDF check moml for tokenConsumptionRate on input.
  in .DESDFClockTest.Play Bell.Copy1:SDF Director and .DESDFClockTest.Play Bell.UpSample
	at ptolemy.actor.sched.StaticSchedulingDirector.fire(StaticSchedulingDirector.java:227)
	at ptolemy.domains.sdf.kernel.SDFDirector.fire(SDFDirector.java:500)
	at ptolemy.actor.CompositeActor.fire(CompositeActor.java:455)
	at ptolemy.domains.de.kernel.DEDirector._fire(DEDirector.java:1949)
	at ptolemy.domains.de.kernel.DEDirector.fire(DEDirector.java:502)
	at ptolemy.actor.CompositeActor.fire(CompositeActor.java:455)
	at ptolemy.actor.Manager.iterate(Manager.java:851)
	at ptolemy.actor.Manager.execute(Manager.java:369)
	at ptolemy.actor.Manager.run(Manager.java:1263)
	at ptolemy.actor.Manager$PtolemyRunThread.run(Manager.java:1933)

    while executing
ptolemy.kernel.util.IllegalActionException: Actor is not ready to fire.  Perhaps UpSample.prefire() returned false? Try debugging the actor by selecting "Listen to Actor".  Also, for SDF check moml for tokenConsumptionRate on input.
  in .DESDFClockTest.Play Bell.Copy1:SDF Director and .DESDFClockTest.Play Bell.UpSample
    while executing
"java::new ptolemy.moml.MoMLSimpleApplication $file
"
    (procedure "createAndExecute" line 2)
    invoked from within
"createAndExecute $file"
    ("uplevel" body line 5)
    invoked from within
"uplevel $contents_of_test"
------------------ testing $PTII/ptolemy/domains/de/test/auto/ActorDepthCalculation_actorWithoutPorts.xml
auto.tcl: Setting watchdog for 200 seconds at Fri Oct 09 15:54:05 UTC 2020
10 ms. Memory: 129024K Free: 96367K (75%)
ptolemy.util.test.WatchDog.cancel(): canceling Fri Oct 09 15:54:05 UTC 2020
auto.tcl: Setting watchdog for 200 seconds at Fri Oct 09 15:54:05 UTC 2020
7 ms. Memory: 129024K Free: 94799K (73%)
ptolemy.util.test.WatchDog.cancel(): canceling Fri Oct 09 15:54:05 UTC 2020
------------------ testing $PTII/ptolemy/domains/de/test/auto/AssemblyLine.xml
auto.tcl: Setting watchdog for 200 seconds at Fri Oct 09 15:54:06 UTC 2020
26 ms. Memory: 51200K Free: 27466K (54%)
ptolemy.util.test.WatchDog.cancel(): canceling Fri Oct 09 15:54:06 UTC 2020
auto.tcl: Setting watchdog for 200 seconds at Fri Oct 09 15:54:06 UTC 2020
6 ms. Memory: 51200K Free: 27013K (53%)
ptolemy.util.test.WatchDog.cancel(): canceling Fri Oct 09 15:54:06 UTC 2020
------------------ testing $PTII/ptolemy/domains/de/test/auto/CQBug1.xml
auto.tcl: Setting watchdog for 200 seconds at Fri Oct 09 15:54:06 UTC 2020
2 ms. Memory: 51200K Free: 33295K (65%)
ptolemy.util.test.WatchDog.cancel(): canceling Fri Oct 09 15:54:06 UTC 2020
auto.tcl: Setting watchdog for 200 seconds at Fri Oct 09 15:54:06 UTC 2020
3 ms. Memory: 51200K Free: 32842K (64%)
ptolemy.util.test.WatchDog.cancel(): canceling Fri Oct 09 15:54:06 UTC 2020
------------------ testing $PTII/ptolemy/domains/de/test/auto/CancelFireAt.xml
auto.tcl: Setting watchdog for 200 seconds at Fri Oct 09 15:54:06 UTC 2020
2 ms. Memory: 48128K Free: 31722K (66%)
ptolemy.util.test.WatchDog.cancel(): canceling Fri Oct 09 15:54:06 UTC 2020
auto.tcl: Setting watchdog for 200 seconds at Fri Oct 09 15:54:06 UTC 2020
6 ms. Memory: 48128K Free: 31273K (65%)
ptolemy.util.test.WatchDog.cancel(): canceling Fri Oct 09 15:54:06 UTC 2020
------------------ testing $PTII/ptolemy/domains/de/test/auto/CausalityAndComposabilityAnalysis.xml
auto.tcl: Setting watchdog for 200 seconds at Fri Oct 09 15:54:06 UTC 2020
16 ms. Memory: 48128K Free: 29446K (61%)
ptolemy.util.test.WatchDog.cancel(): canceling Fri Oct 09 15:54:06 UTC 2020
auto.tcl: Setting watchdog for 200 seconds at Fri Oct 09 15:54:06 UTC 2020
5 ms. Memory: 48128K Free: 28914K (60%)
ptolemy.util.test.WatchDog.cancel(): canceling Fri Oct 09 15:54:06 UTC 2020
------------------ testing $PTII/ptolemy/domains/de/test/auto/CausalityInterface1.xml
auto.tcl: Setting watchdog for 200 seconds at Fri Oct 09 15:54:06 UTC 2020
37 ms. Memory: 48128K Free: 28361K (59%)
ptolemy.util.test.WatchDog.cancel(): canceling Fri Oct 09 15:54:06 UTC 2020
auto.tcl: Setting watchdog for 200 seconds at Fri Oct 09 15:54:06 UTC 2020
4 ms. Memory: 48128K Free: 27384K (57%)
ptolemy.util.test.WatchDog.cancel(): canceling Fri Oct 09 15:54:06 UTC 2020
------------------ testing $PTII/ptolemy/domains/de/test/auto/CausalityInterface15.xml
auto.tcl: Setting watchdog for 200 seconds at Fri Oct 09 15:54:06 UTC 2020
18 ms. Memory: 48128K Free: 28030K (58%)
ptolemy.util.test.WatchDog.cancel(): canceling Fri Oct 09 15:54:06 UTC 2020
auto.tcl: Setting watchdog for 200 seconds at Fri Oct 09 15:54:06 UTC 2020
4 ms. Memory: 48128K Free: 27320K (57%)
ptolemy.util.test.WatchDog.cancel(): canceling Fri Oct 09 15:54:07 UTC 2020
------------------ testing $PTII/ptolemy/domains/de/test/auto/CausalityInterface2.xml
auto.tcl: Setting watchdog for 200 seconds at Fri Oct 09 15:54:07 UTC 2020
5 ms. Memory: 48128K Free: 29048K (60%)
ptolemy.util.test.WatchDog.cancel(): canceling Fri Oct 09 15:54:07 UTC 2020
auto.tcl: Setting watchdog for 200 seconds at Fri Oct 09 15:54:07 UTC 2020
4 ms. Memory: 48128K Free: 27914K (58%)
ptolemy.util.test.WatchDog.cancel(): canceling Fri Oct 09 15:54:07 UTC 2020
------------------ testing $PTII/ptolemy/domains/de/test/auto/CausalityInterface3.xml
auto.tcl: Setting watchdog for 200 seconds at Fri Oct 09 15:54:07 UTC 2020
8 ms. Memory: 48128K Free: 28536K (59%)
ptolemy.util.test.WatchDog.cancel(): canceling Fri Oct 09 15:54:07 UTC 2020
auto.tcl: Setting watchdog for 200 seconds at Fri Oct 09 15:54:07 UTC 2020
4 ms. Memory: 48128K Free: 28103K (58%)
ptolemy.util.test.WatchDog.cancel(): canceling Fri Oct 09 15:54:07 UTC 2020
------------------ testing $PTII/ptolemy/domains/de/test/auto/ClockDrift.xml
auto.tcl: Setting watchdog for 200 seconds at Fri Oct 09 15:54:07 UTC 2020
70 ms. Memory: 48128K Free: 21120K (44%)
ptolemy.util.test.WatchDog.cancel(): canceling Fri Oct 09 15:54:07 UTC 2020
auto.tcl: Setting watchdog for 200 seconds at Fri Oct 09 15:54:07 UTC 2020
54 ms. Memory: 48128K Free: 17686K (37%)
ptolemy.util.test.WatchDog.cancel(): canceling Fri Oct 09 15:54:07 UTC 2020
------------------ testing $PTII/ptolemy/domains/de/test/auto/ClockDriftAndValueChange.xml
auto.tcl: Setting watchdog for 200 seconds at Fri Oct 09 15:54:07 UTC 2020
27 ms. Memory: 48128K Free: 21516K (45%)
ptolemy.util.test.WatchDog.cancel(): canceling Fri Oct 09 15:54:07 UTC 2020
auto.tcl: Setting watchdog for 200 seconds at Fri Oct 09 15:54:07 UTC 2020
24 ms. Memory: 48128K Free: 18364K (38%)
ptolemy.util.test.WatchDog.cancel(): canceling Fri Oct 09 15:54:07 UTC 2020
------------------ testing $PTII/ptolemy/domains/de/test/auto/ClockDriftChange.xml
auto.tcl: Setting watchdog for 200 seconds at Fri Oct 09 15:54:07 UTC 2020
19 ms. Memory: 48128K Free: 23246K (48%)
ptolemy.util.test.WatchDog.cancel(): canceling Fri Oct 09 15:54:07 UTC 2020
auto.tcl: Setting watchdog for 200 seconds at Fri Oct 09 15:54:07 UTC 2020
26 ms. Memory: 48128K Free: 20654K (43%)
ptolemy.util.test.WatchDog.cancel(): canceling Fri Oct 09 15:54:07 UTC 2020
------------------ testing $PTII/ptolemy/domains/de/test/auto/ComposableCausalityAnalysis.xml
auto.tcl: Setting watchdog for 200 seconds at Fri Oct 09 15:54:07 UTC 2020
2 ms. Memory: 48128K Free: 27799K (58%)
ptolemy.util.test.WatchDog.cancel(): canceling Fri Oct 09 15:54:07 UTC 2020
auto.tcl: Setting watchdog for 200 seconds at Fri Oct 09 15:54:07 UTC 2020
7 ms. Memory: 48128K Free: 26594K (55%)
ptolemy.util.test.WatchDog.cancel(): canceling Fri Oct 09 15:54:07 UTC 2020
------------------ testing $PTII/ptolemy/domains/de/test/auto/DEFixedPointLimitation.xml
auto.tcl: Setting watchdog for 200 seconds at Fri Oct 09 15:54:07 UTC 2020
2 ms. Memory: 48128K Free: 29269K (61%)
ptolemy.util.test.WatchDog.cancel(): canceling Fri Oct 09 15:54:07 UTC 2020
auto.tcl: Setting watchdog for 200 seconds at Fri Oct 09 15:54:07 UTC 2020
2 ms. Memory: 48128K Free: 28333K (59%)
ptolemy.util.test.WatchDog.cancel(): canceling Fri Oct 09 15:54:07 UTC 2020
------------------ testing $PTII/ptolemy/domains/de/test/auto/DEScheduleTest.xml
auto.tcl: Setting watchdog for 200 seconds at Fri Oct 09 15:54:07 UTC 2020
7 ms. Memory: 48128K Free: 29521K (61%)
ptolemy.util.test.WatchDog.cancel(): canceling Fri Oct 09 15:54:07 UTC 2020
auto.tcl: Setting watchdog for 200 seconds at Fri Oct 09 15:54:07 UTC 2020
2 ms. Memory: 48128K Free: 28756K (60%)
ptolemy.util.test.WatchDog.cancel(): canceling Fri Oct 09 15:54:07 UTC 2020
------------------ testing $PTII/ptolemy/domains/de/test/auto/DEinDEwithStartTimes.xml
auto.tcl: Setting watchdog for 200 seconds at Fri Oct 09 15:54:07 UTC 2020
4 ms. Memory: 48128K Free: 27683K (58%)
ptolemy.util.test.WatchDog.cancel(): canceling Fri Oct 09 15:54:07 UTC 2020
auto.tcl: Setting watchdog for 200 seconds at Fri Oct 09 15:54:07 UTC 2020
6 ms. Memory: 48128K Free: 26659K (55%)
ptolemy.util.test.WatchDog.cancel(): canceling Fri Oct 09 15:54:07 UTC 2020
------------------ testing $PTII/ptolemy/domains/de/test/auto/DEinDEwithStartTimes2.xml
auto.tcl: Setting watchdog for 200 seconds at Fri Oct 09 15:54:08 UTC 2020
8 ms. Memory: 48128K Free: 26895K (56%)
ptolemy.util.test.WatchDog.cancel(): canceling Fri Oct 09 15:54:08 UTC 2020
auto.tcl: Setting watchdog for 200 seconds at Fri Oct 09 15:54:08 UTC 2020
4 ms. Memory: 48128K Free: 25613K (53%)
ptolemy.util.test.WatchDog.cancel(): canceling Fri Oct 09 15:54:08 UTC 2020
------------------ testing $PTII/ptolemy/domains/de/test/auto/DateDemo.xml
auto.tcl: Setting watchdog for 200 seconds at Fri Oct 09 15:54:08 UTC 2020
23 ms. Memory: 48128K Free: 21760K (45%)
ptolemy.util.test.WatchDog.cancel(): canceling Fri Oct 09 15:54:08 UTC 2020
auto.tcl: Setting watchdog for 200 seconds at Fri Oct 09 15:54:08 UTC 2020
8 ms. Memory: 48128K Free: 20071K (42%)
ptolemy.util.test.WatchDog.cancel(): canceling Fri Oct 09 15:54:08 UTC 2020
------------------ testing $PTII/ptolemy/domains/de/test/auto/DateToEvent.xml
auto.tcl: Setting watchdog for 200 seconds at Fri Oct 09 15:54:08 UTC 2020
2014 ms. Memory: 48128K Free: 16722K (35%)
ptolemy.util.test.WatchDog.cancel(): canceling Fri Oct 09 15:54:10 UTC 2020
auto.tcl: Setting watchdog for 200 seconds at Fri Oct 09 15:54:10 UTC 2020
2006 ms. Memory: 48128K Free: 16340K (34%)
ptolemy.util.test.WatchDog.cancel(): canceling Fri Oct 09 15:54:12 UTC 2020
------------------ testing $PTII/ptolemy/domains/de/test/auto/DepthTest1.xml
auto.tcl: Setting watchdog for 200 seconds at Fri Oct 09 15:54:12 UTC 2020
3 ms. Memory: 48128K Free: 30053K (62%)
ptolemy.util.test.WatchDog.cancel(): canceling Fri Oct 09 15:54:12 UTC 2020
auto.tcl: Setting watchdog for 200 seconds at Fri Oct 09 15:54:12 UTC 2020
3 ms. Memory: 48128K Free: 29674K (62%)
ptolemy.util.test.WatchDog.cancel(): canceling Fri Oct 09 15:54:12 UTC 2020
------------------ testing $PTII/ptolemy/domains/de/test/auto/DepthTest2.xml
auto.tcl: Setting watchdog for 200 seconds at Fri Oct 09 15:54:12 UTC 2020
9 ms. Memory: 48128K Free: 27181K (56%)
ptolemy.util.test.WatchDog.cancel(): canceling Fri Oct 09 15:54:12 UTC 2020
auto.tcl: Setting watchdog for 200 seconds at Fri Oct 09 15:54:12 UTC 2020
3 ms. Memory: 48128K Free: 26746K (56%)
ptolemy.util.test.WatchDog.cancel(): canceling Fri Oct 09 15:54:12 UTC 2020
------------------ testing $PTII/ptolemy/domains/de/test/auto/DepthTest3.xml
auto.tcl: Setting watchdog for 200 seconds at Fri Oct 09 15:54:12 UTC 2020
3 ms. Memory: 48128K Free: 30652K (64%)
ptolemy.util.test.WatchDog.cancel(): canceling Fri Oct 09 15:54:12 UTC 2020
auto.tcl: Setting watchdog for 200 seconds at Fri Oct 09 15:54:12 UTC 2020
2 ms. Memory: 48128K Free: 30271K (63%)
ptolemy.util.test.WatchDog.cancel(): canceling Fri Oct 09 15:54:12 UTC 2020
------------------ testing $PTII/ptolemy/domains/de/test/auto/DepthTest4.xml
auto.tcl: Setting watchdog for 200 seconds at Fri Oct 09 15:54:12 UTC 2020
5 ms. Memory: 48128K Free: 29003K (60%)
ptolemy.util.test.WatchDog.cancel(): canceling Fri Oct 09 15:54:12 UTC 2020
auto.tcl: Setting watchdog for 200 seconds at Fri Oct 09 15:54:12 UTC 2020
2 ms. Memory: 48128K Free: 28259K (59%)
ptolemy.util.test.WatchDog.cancel(): canceling Fri Oct 09 15:54:12 UTC 2020
------------------ testing $PTII/ptolemy/domains/de/test/auto/DepthTest5.xml
auto.tcl: Setting watchdog for 200 seconds at Fri Oct 09 15:54:12 UTC 2020
3 ms. Memory: 48128K Free: 28386K (59%)
ptolemy.util.test.WatchDog.cancel(): canceling Fri Oct 09 15:54:12 UTC 2020
auto.tcl: Setting watchdog for 200 seconds at Fri Oct 09 15:54:12 UTC 2020
3 ms. Memory: 48128K Free: 27614K (57%)
ptolemy.util.test.WatchDog.cancel(): canceling Fri Oct 09 15:54:12 UTC 2020
------------------ testing $PTII/ptolemy/domains/de/test/auto/DepthTest6.xml
auto.tcl: Setting watchdog for 200 seconds at Fri Oct 09 15:54:12 UTC 2020
11 ms. Memory: 48128K Free: 28128K (58%)
ptolemy.util.test.WatchDog.cancel(): canceling Fri Oct 09 15:54:12 UTC 2020
auto.tcl: Setting watchdog for 200 seconds at Fri Oct 09 15:54:12 UTC 2020
1 ms. Memory: 48128K Free: 27716K (58%)
ptolemy.util.test.WatchDog.cancel(): canceling Fri Oct 09 15:54:12 UTC 2020
------------------ testing $PTII/ptolemy/domains/de/test/auto/DepthTest7.xml
auto.tcl: Setting watchdog for 200 seconds at Fri Oct 09 15:54:12 UTC 2020
3 ms. Memory: 48128K Free: 28612K (59%)
ptolemy.util.test.WatchDog.cancel(): canceling Fri Oct 09 15:54:12 UTC 2020
auto.tcl: Setting watchdog for 200 seconds at Fri Oct 09 15:54:12 UTC 2020
2 ms. Memory: 48128K Free: 28218K (59%)
ptolemy.util.test.WatchDog.cancel(): canceling Fri Oct 09 15:54:12 UTC 2020
------------------ testing $PTII/ptolemy/domains/de/test/auto/EventToDate.xml
auto.tcl: Setting watchdog for 200 seconds at Fri Oct 09 15:54:12 UTC 2020
3008 ms. Memory: 48128K Free: 19467K (40%)
ptolemy.util.test.WatchDog.cancel(): canceling Fri Oct 09 15:54:15 UTC 2020
auto.tcl: Setting watchdog for 200 seconds at Fri Oct 09 15:54:15 UTC 2020
3004 ms. Memory: 48128K Free: 18591K (39%)
ptolemy.util.test.WatchDog.cancel(): canceling Fri Oct 09 15:54:18 UTC 2020
------------------ testing $PTII/ptolemy/domains/de/test/auto/FSM1.xml
auto.tcl: Setting watchdog for 200 seconds at Fri Oct 09 15:54:19 UTC 2020
36 ms. Memory: 48128K Free: 20928K (43%)
ptolemy.util.test.WatchDog.cancel(): canceling Fri Oct 09 15:54:19 UTC 2020
auto.tcl: Setting watchdog for 200 seconds at Fri Oct 09 15:54:19 UTC 2020
25 ms. Memory: 48128K Free: 17691K (37%)
ptolemy.util.test.WatchDog.cancel(): canceling Fri Oct 09 15:54:19 UTC 2020
------------------ testing $PTII/ptolemy/domains/de/test/auto/FSM7.xml
auto.tcl: Setting watchdog for 200 seconds at Fri Oct 09 15:54:19 UTC 2020
40 ms. Memory: 48128K Free: 20644K (43%)
ptolemy.util.test.WatchDog.cancel(): canceling Fri Oct 09 15:54:19 UTC 2020
auto.tcl: Setting watchdog for 200 seconds at Fri Oct 09 15:54:19 UTC 2020
22 ms. Memory: 48128K Free: 17487K (36%)
ptolemy.util.test.WatchDog.cancel(): canceling Fri Oct 09 15:54:19 UTC 2020
------------------ testing $PTII/ptolemy/domains/de/test/auto/Inspection.xml
auto.tcl: Setting watchdog for 200 seconds at Fri Oct 09 15:54:19 UTC 2020
21 ms. Memory: 48128K Free: 20440K (42%)
ptolemy.util.test.WatchDog.cancel(): canceling Fri Oct 09 15:54:19 UTC 2020
auto.tcl: Setting watchdog for 200 seconds at Fri Oct 09 15:54:19 UTC 2020
15 ms. Memory: 48128K Free: 18569K (39%)
ptolemy.util.test.WatchDog.cancel(): canceling Fri Oct 09 15:54:19 UTC 2020
------------------ testing $PTII/ptolemy/domains/de/test/auto/Iteration.xml
auto.tcl: Setting watchdog for 200 seconds at Fri Oct 09 15:54:19 UTC 2020
8 ms. Memory: 48128K Free: 26429K (55%)
ptolemy.util.test.WatchDog.cancel(): canceling Fri Oct 09 15:54:19 UTC 2020
auto.tcl: Setting watchdog for 200 seconds at Fri Oct 09 15:54:19 UTC 2020
7 ms. Memory: 48128K Free: 25354K (53%)
ptolemy.util.test.WatchDog.cancel(): canceling Fri Oct 09 15:54:19 UTC 2020
------------------ testing $PTII/ptolemy/domains/de/test/auto/LineFault.xml
auto.tcl: Setting watchdog for 200 seconds at Fri Oct 09 15:54:19 UTC 2020
604 ms. Memory: 59392K Free: 28931K (49%)
ptolemy.util.test.WatchDog.cancel(): canceling Fri Oct 09 15:54:20 UTC 2020
auto.tcl: Setting watchdog for 200 seconds at Fri Oct 09 15:54:20 UTC 2020
554 ms. Memory: 59392K Free: 23139K (39%)
ptolemy.util.test.WatchDog.cancel(): canceling Fri Oct 09 15:54:20 UTC 2020
------------------ testing $PTII/ptolemy/domains/de/test/auto/MergeModel1Add.xml
auto.tcl: Setting watchdog for 200 seconds at Fri Oct 09 15:54:20 UTC 2020
22 ms. Memory: 55296K Free: 18990K (34%)
ptolemy.util.test.WatchDog.cancel(): canceling Fri Oct 09 15:54:21 UTC 2020
auto.tcl: Setting watchdog for 200 seconds at Fri Oct 09 15:54:21 UTC 2020
24 ms. Memory: 55296K Free: 17291K (31%)
ptolemy.util.test.WatchDog.cancel(): canceling Fri Oct 09 15:54:21 UTC 2020
------------------ testing $PTII/ptolemy/domains/de/test/auto/MergeModel2Add.xml
auto.tcl: Setting watchdog for 200 seconds at Fri Oct 09 15:54:21 UTC 2020
8 ms. Memory: 55296K Free: 21852K (40%)
ptolemy.util.test.WatchDog.cancel(): canceling Fri Oct 09 15:54:21 UTC 2020
auto.tcl: Setting watchdog for 200 seconds at Fri Oct 09 15:54:21 UTC 2020
9 ms. Memory: 55296K Free: 20183K (36%)
ptolemy.util.test.WatchDog.cancel(): canceling Fri Oct 09 15:54:21 UTC 2020
------------------ testing $PTII/ptolemy/domains/de/test/auto/MergeModel3Add.xml
auto.tcl: Setting watchdog for 200 seconds at Fri Oct 09 15:54:21 UTC 2020
7 ms. Memory: 55296K Free: 21590K (39%)
ptolemy.util.test.WatchDog.cancel(): canceling Fri Oct 09 15:54:21 UTC 2020
auto.tcl: Setting watchdog for 200 seconds at Fri Oct 09 15:54:21 UTC 2020
6 ms. Memory: 55296K Free: 20185K (37%)
ptolemy.util.test.WatchDog.cancel(): canceling Fri Oct 09 15:54:21 UTC 2020
------------------ testing $PTII/ptolemy/domains/de/test/auto/MergeWithoutDiscard.xml
auto.tcl: Setting watchdog for 200 seconds at Fri Oct 09 15:54:21 UTC 2020
2 ms. Memory: 51200K Free: 31817K (62%)
ptolemy.util.test.WatchDog.cancel(): canceling Fri Oct 09 15:54:21 UTC 2020
auto.tcl: Setting watchdog for 200 seconds at Fri Oct 09 15:54:21 UTC 2020
1 ms. Memory: 51200K Free: 31374K (61%)
ptolemy.util.test.WatchDog.cancel(): canceling Fri Oct 09 15:54:21 UTC 2020
------------------ testing $PTII/ptolemy/domains/de/test/auto/Modal1.xml
auto.tcl: Setting watchdog for 200 seconds at Fri Oct 09 15:54:21 UTC 2020
15 ms. Memory: 51200K Free: 24226K (47%)
ptolemy.util.test.WatchDog.cancel(): canceling Fri Oct 09 15:54:21 UTC 2020
auto.tcl: Setting watchdog for 200 seconds at Fri Oct 09 15:54:21 UTC 2020
21 ms. Memory: 51200K Free: 20943K (41%)
ptolemy.util.test.WatchDog.cancel(): canceling Fri Oct 09 15:54:21 UTC 2020
------------------ testing $PTII/ptolemy/domains/de/test/auto/Modal2.xml
auto.tcl: Setting watchdog for 200 seconds at Fri Oct 09 15:54:21 UTC 2020
15 ms. Memory: 51200K Free: 24103K (47%)
ptolemy.util.test.WatchDog.cancel(): canceling Fri Oct 09 15:54:21 UTC 2020
auto.tcl: Setting watchdog for 200 seconds at Fri Oct 09 15:54:21 UTC 2020
12 ms. Memory: 51200K Free: 20827K (41%)
ptolemy.util.test.WatchDog.cancel(): canceling Fri Oct 09 15:54:21 UTC 2020
------------------ testing $PTII/ptolemy/domains/de/test/auto/Modal3.xml
auto.tcl: Setting watchdog for 200 seconds at Fri Oct 09 15:54:21 UTC 2020
14 ms. Memory: 51200K Free: 23842K (47%)
ptolemy.util.test.WatchDog.cancel(): canceling Fri Oct 09 15:54:21 UTC 2020
auto.tcl: Setting watchdog for 200 seconds at Fri Oct 09 15:54:21 UTC 2020
14 ms. Memory: 51200K Free: 20858K (41%)
ptolemy.util.test.WatchDog.cancel(): canceling Fri Oct 09 15:54:21 UTC 2020
------------------ testing $PTII/ptolemy/domains/de/test/auto/Modal4.xml
auto.tcl: Setting watchdog for 200 seconds at Fri Oct 09 15:54:21 UTC 2020
20 ms. Memory: 51200K Free: 23061K (45%)
ptolemy.util.test.WatchDog.cancel(): canceling Fri Oct 09 15:54:21 UTC 2020
auto.tcl: Setting watchdog for 200 seconds at Fri Oct 09 15:54:21 UTC 2020
20 ms. Memory: 51200K Free: 19227K (38%)
ptolemy.util.test.WatchDog.cancel(): canceling Fri Oct 09 15:54:21 UTC 2020
------------------ testing $PTII/ptolemy/domains/de/test/auto/Modal5.xml
auto.tcl: Setting watchdog for 200 seconds at Fri Oct 09 15:54:21 UTC 2020
16 ms. Memory: 51200K Free: 23062K (45%)
ptolemy.util.test.WatchDog.cancel(): canceling Fri Oct 09 15:54:21 UTC 2020
auto.tcl: Setting watchdog for 200 seconds at Fri Oct 09 15:54:21 UTC 2020
15 ms. Memory: 51200K Free: 19213K (38%)
ptolemy.util.test.WatchDog.cancel(): canceling Fri Oct 09 15:54:21 UTC 2020
------------------ testing $PTII/ptolemy/domains/de/test/auto/Modal6.xml
auto.tcl: Setting watchdog for 200 seconds at Fri Oct 09 15:54:21 UTC 2020
14 ms. Memory: 51200K Free: 23824K (47%)
ptolemy.util.test.WatchDog.cancel(): canceling Fri Oct 09 15:54:21 UTC 2020
auto.tcl: Setting watchdog for 200 seconds at Fri Oct 09 15:54:21 UTC 2020
21 ms. Memory: 51200K Free: 19837K (39%)
ptolemy.util.test.WatchDog.cancel(): canceling Fri Oct 09 15:54:22 UTC 2020
------------------ testing $PTII/ptolemy/domains/de/test/auto/Modal7.xml
auto.tcl: Setting watchdog for 200 seconds at Fri Oct 09 15:54:22 UTC 2020
20 ms. Memory: 51200K Free: 22785K (45%)
ptolemy.util.test.WatchDog.cancel(): canceling Fri Oct 09 15:54:22 UTC 2020
auto.tcl: Setting watchdog for 200 seconds at Fri Oct 09 15:54:22 UTC 2020
12 ms. Memory: 51200K Free: 19436K (38%)
ptolemy.util.test.WatchDog.cancel(): canceling Fri Oct 09 15:54:22 UTC 2020
------------------ testing $PTII/ptolemy/domains/de/test/auto/ModalModel.xml
auto.tcl: Setting watchdog for 200 seconds at Fri Oct 09 15:54:22 UTC 2020
209 ms. Memory: 51200K Free: 14655K (29%)
ptolemy.util.test.WatchDog.cancel(): canceling Fri Oct 09 15:54:22 UTC 2020
auto.tcl: Setting watchdog for 200 seconds at Fri Oct 09 15:54:22 UTC 2020
202 ms. Memory: 61440K Free: 20530K (33%)
ptolemy.util.test.WatchDog.cancel(): canceling Fri Oct 09 15:54:22 UTC 2020
------------------ testing $PTII/ptolemy/domains/de/test/auto/ModalSource.xml
auto.tcl: Setting watchdog for 200 seconds at Fri Oct 09 15:54:22 UTC 2020
11 ms. Memory: 51200K Free: 27886K (54%)
ptolemy.util.test.WatchDog.cancel(): canceling Fri Oct 09 15:54:22 UTC 2020
auto.tcl: Setting watchdog for 200 seconds at Fri Oct 09 15:54:22 UTC 2020
5 ms. Memory: 51200K Free: 25838K (50%)
ptolemy.util.test.WatchDog.cancel(): canceling Fri Oct 09 15:54:22 UTC 2020
------------------ testing $PTII/ptolemy/domains/de/test/auto/NonInterruptibleTimerZeroDelay.xml
auto.tcl: Setting watchdog for 200 seconds at Fri Oct 09 15:54:22 UTC 2020
4 ms. Memory: 51200K Free: 32853K (64%)
ptolemy.util.test.WatchDog.cancel(): canceling Fri Oct 09 15:54:22 UTC 2020
auto.tcl: Setting watchdog for 200 seconds at Fri Oct 09 15:54:22 UTC 2020
3 ms. Memory: 51200K Free: 32161K (63%)
ptolemy.util.test.WatchDog.cancel(): canceling Fri Oct 09 15:54:22 UTC 2020
------------------ testing $PTII/ptolemy/domains/de/test/auto/OpenQueueingNetwork.xml
auto.tcl: Setting watchdog for 200 seconds at Fri Oct 09 15:54:22 UTC 2020
2766 ms. Memory: 96256K Free: 45699K (47%)
ptolemy.util.test.WatchDog.cancel(): canceling Fri Oct 09 15:54:25 UTC 2020
auto.tcl: Setting watchdog for 200 seconds at Fri Oct 09 15:54:25 UTC 2020
2238 ms. Memory: 115712K Free: 32910K (28%)
ptolemy.util.test.WatchDog.cancel(): canceling Fri Oct 09 15:54:28 UTC 2020
------------------ testing $PTII/ptolemy/domains/de/test/auto/OpenQueuingNetwork.xml
auto.tcl: Setting watchdog for 200 seconds at Fri Oct 09 15:54:28 UTC 2020
230 ms. Memory: 55296K Free: 23257K (42%)
ptolemy.util.test.WatchDog.cancel(): canceling Fri Oct 09 15:54:28 UTC 2020
auto.tcl: Setting watchdog for 200 seconds at Fri Oct 09 15:54:28 UTC 2020
274 ms. Memory: 55296K Free: 31913K (58%)
ptolemy.util.test.WatchDog.cancel(): canceling Fri Oct 09 15:54:28 UTC 2020
------------------ testing $PTII/ptolemy/domains/de/test/auto/PeriodicSampler.xml
auto.tcl: Setting watchdog for 200 seconds at Fri Oct 09 15:54:28 UTC 2020
3 ms. Memory: 55296K Free: 36116K (65%)
ptolemy.util.test.WatchDog.cancel(): canceling Fri Oct 09 15:54:28 UTC 2020
auto.tcl: Setting watchdog for 200 seconds at Fri Oct 09 15:54:28 UTC 2020
2 ms. Memory: 55296K Free: 35596K (64%)
ptolemy.util.test.WatchDog.cancel(): canceling Fri Oct 09 15:54:28 UTC 2020
------------------ testing $PTII/ptolemy/domains/de/test/auto/PersistentIO.xml
auto.tcl: Setting watchdog for 200 seconds at Fri Oct 09 15:54:28 UTC 2020
6 ms. Memory: 55296K Free: 31041K (56%)
ptolemy.util.test.WatchDog.cancel(): canceling Fri Oct 09 15:54:28 UTC 2020
auto.tcl: Setting watchdog for 200 seconds at Fri Oct 09 15:54:28 UTC 2020
5 ms. Memory: 55296K Free: 29521K (53%)
ptolemy.util.test.WatchDog.cancel(): canceling Fri Oct 09 15:54:28 UTC 2020
------------------ testing $PTII/ptolemy/domains/de/test/auto/PortParameterResetOnInitialize.xml
auto.tcl: Setting watchdog for 200 seconds at Fri Oct 09 15:54:28 UTC 2020
9 ms. Memory: 55296K Free: 36036K (65%)
ptolemy.util.test.WatchDog.cancel(): canceling Fri Oct 09 15:54:28 UTC 2020
auto.tcl: Setting watchdog for 200 seconds at Fri Oct 09 15:54:28 UTC 2020
2 ms. Memory: 55296K Free: 35528K (64%)
ptolemy.util.test.WatchDog.cancel(): canceling Fri Oct 09 15:54:28 UTC 2020
------------------ testing $PTII/ptolemy/domains/de/test/auto/PortParameterUpdates.xml
auto.tcl: Setting watchdog for 200 seconds at Fri Oct 09 15:54:28 UTC 2020
5 ms. Memory: 55296K Free: 34109K (62%)
ptolemy.util.test.WatchDog.cancel(): canceling Fri Oct 09 15:54:28 UTC 2020
auto.tcl: Setting watchdog for 200 seconds at Fri Oct 09 15:54:28 UTC 2020
5 ms. Memory: 55296K Free: 33088K (60%)
ptolemy.util.test.WatchDog.cancel(): canceling Fri Oct 09 15:54:28 UTC 2020
------------------ testing $PTII/ptolemy/domains/de/test/auto/QueueAndServer.xml
auto.tcl: Setting watchdog for 200 seconds at Fri Oct 09 15:54:28 UTC 2020
6 ms. Memory: 51200K Free: 28906K (56%)
ptolemy.util.test.WatchDog.cancel(): canceling Fri Oct 09 15:54:28 UTC 2020
auto.tcl: Setting watchdog for 200 seconds at Fri Oct 09 15:54:28 UTC 2020
7 ms. Memory: 51200K Free: 27463K (54%)
ptolemy.util.test.WatchDog.cancel(): canceling Fri Oct 09 15:54:28 UTC 2020
------------------ testing $PTII/ptolemy/domains/de/test/auto/Records.xml
auto.tcl: Setting watchdog for 200 seconds at Fri Oct 09 15:54:29 UTC 2020
6 ms. Memory: 51200K Free: 31181K (61%)
ptolemy.util.test.WatchDog.cancel(): canceling Fri Oct 09 15:54:29 UTC 2020
auto.tcl: Setting watchdog for 200 seconds at Fri Oct 09 15:54:29 UTC 2020
3 ms. Memory: 51200K Free: 30668K (60%)
ptolemy.util.test.WatchDog.cancel(): canceling Fri Oct 09 15:54:29 UTC 2020
------------------ testing $PTII/ptolemy/domains/de/test/auto/ResetTransitionWithStartTime1.xml
auto.tcl: Setting watchdog for 200 seconds at Fri Oct 09 15:54:29 UTC 2020
13 ms. Memory: 51200K Free: 28428K (56%)
ptolemy.util.test.WatchDog.cancel(): canceling Fri Oct 09 15:54:29 UTC 2020
auto.tcl: Setting watchdog for 200 seconds at Fri Oct 09 15:54:29 UTC 2020
6 ms. Memory: 51200K Free: 25881K (51%)
ptolemy.util.test.WatchDog.cancel(): canceling Fri Oct 09 15:54:29 UTC 2020
------------------ testing $PTII/ptolemy/domains/de/test/auto/ResetTransitionWithStartTime2.xml
auto.tcl: Setting watchdog for 200 seconds at Fri Oct 09 15:54:29 UTC 2020
5 ms. Memory: 51200K Free: 28384K (55%)
ptolemy.util.test.WatchDog.cancel(): canceling Fri Oct 09 15:54:29 UTC 2020
auto.tcl: Setting watchdog for 200 seconds at Fri Oct 09 15:54:29 UTC 2020
6 ms. Memory: 51200K Free: 26336K (51%)
ptolemy.util.test.WatchDog.cancel(): canceling Fri Oct 09 15:54:29 UTC 2020
------------------ testing $PTII/ptolemy/domains/de/test/auto/ResetTransitionWithStartTime3.xml
auto.tcl: Setting watchdog for 200 seconds at Fri Oct 09 15:54:29 UTC 2020
6 ms. Memory: 51200K Free: 28382K (55%)
ptolemy.util.test.WatchDog.cancel(): canceling Fri Oct 09 15:54:29 UTC 2020
auto.tcl: Setting watchdog for 200 seconds at Fri Oct 09 15:54:29 UTC 2020
5 ms. Memory: 51200K Free: 25813K (50%)
ptolemy.util.test.WatchDog.cancel(): canceling Fri Oct 09 15:54:29 UTC 2020
------------------ testing $PTII/ptolemy/domains/de/test/auto/ResetTransitionWithStartTime4.xml
auto.tcl: Setting watchdog for 200 seconds at Fri Oct 09 15:54:29 UTC 2020
11 ms. Memory: 51200K Free: 28792K (56%)
ptolemy.util.test.WatchDog.cancel(): canceling Fri Oct 09 15:54:29 UTC 2020
auto.tcl: Setting watchdog for 200 seconds at Fri Oct 09 15:54:29 UTC 2020
4 ms. Memory: 51200K Free: 27357K (53%)
ptolemy.util.test.WatchDog.cancel(): canceling Fri Oct 09 15:54:29 UTC 2020
------------------ testing $PTII/ptolemy/domains/de/test/auto/ResettableTimer1.xml
auto.tcl: Setting watchdog for 200 seconds at Fri Oct 09 15:54:29 UTC 2020
3 ms. Memory: 51200K Free: 32549K (64%)
ptolemy.util.test.WatchDog.cancel(): canceling Fri Oct 09 15:54:29 UTC 2020
auto.tcl: Setting watchdog for 200 seconds at Fri Oct 09 15:54:29 UTC 2020
2 ms. Memory: 51200K Free: 31929K (62%)
ptolemy.util.test.WatchDog.cancel(): canceling Fri Oct 09 15:54:29 UTC 2020
------------------ testing $PTII/ptolemy/domains/de/test/auto/ResettableTimer2.xml
auto.tcl: Setting watchdog for 200 seconds at Fri Oct 09 15:54:29 UTC 2020
3 ms. Memory: 51200K Free: 32616K (64%)
ptolemy.util.test.WatchDog.cancel(): canceling Fri Oct 09 15:54:29 UTC 2020
auto.tcl: Setting watchdog for 200 seconds at Fri Oct 09 15:54:29 UTC 2020
5 ms. Memory: 51200K Free: 31536K (62%)
ptolemy.util.test.WatchDog.cancel(): canceling Fri Oct 09 15:54:29 UTC 2020
------------------ testing $PTII/ptolemy/domains/de/test/auto/ResettableTimer3.xml
auto.tcl: Setting watchdog for 200 seconds at Fri Oct 09 15:54:29 UTC 2020
1 ms. Memory: 51200K Free: 32902K (64%)
ptolemy.util.test.WatchDog.cancel(): canceling Fri Oct 09 15:54:29 UTC 2020
auto.tcl: Setting watchdog for 200 seconds at Fri Oct 09 15:54:29 UTC 2020
2 ms. Memory: 51200K Free: 32024K (63%)
ptolemy.util.test.WatchDog.cancel(): canceling Fri Oct 09 15:54:29 UTC 2020
------------------ testing $PTII/ptolemy/domains/de/test/auto/ResettableTimer4.xml
auto.tcl: Setting watchdog for 200 seconds at Fri Oct 09 15:54:29 UTC 2020
2 ms. Memory: 51200K Free: 32536K (64%)
ptolemy.util.test.WatchDog.cancel(): canceling Fri Oct 09 15:54:29 UTC 2020
auto.tcl: Setting watchdog for 200 seconds at Fri Oct 09 15:54:29 UTC 2020
1 ms. Memory: 51200K Free: 32529K (64%)
ptolemy.util.test.WatchDog.cancel(): canceling Fri Oct 09 15:54:29 UTC 2020
------------------ testing $PTII/ptolemy/domains/de/test/auto/ResettableTimer5.xml
auto.tcl: Setting watchdog for 200 seconds at Fri Oct 09 15:54:29 UTC 2020
2 ms. Memory: 51200K Free: 32527K (64%)
ptolemy.util.test.WatchDog.cancel(): canceling Fri Oct 09 15:54:29 UTC 2020
auto.tcl: Setting watchdog for 200 seconds at Fri Oct 09 15:54:29 UTC 2020
1 ms. Memory: 51200K Free: 32036K (63%)
ptolemy.util.test.WatchDog.cancel(): canceling Fri Oct 09 15:54:29 UTC 2020
------------------ testing $PTII/ptolemy/domains/de/test/auto/ResettableTimer6.xml
auto.tcl: Setting watchdog for 200 seconds at Fri Oct 09 15:54:29 UTC 2020
2 ms. Memory: 51200K Free: 31997K (62%)
ptolemy.util.test.WatchDog.cancel(): canceling Fri Oct 09 15:54:29 UTC 2020
auto.tcl: Setting watchdog for 200 seconds at Fri Oct 09 15:54:29 UTC 2020
2 ms. Memory: 51200K Free: 31493K (62%)
ptolemy.util.test.WatchDog.cancel(): canceling Fri Oct 09 15:54:29 UTC 2020
------------------ testing $PTII/ptolemy/domains/de/test/auto/ServerZeroDelay.xml
auto.tcl: Setting watchdog for 200 seconds at Fri Oct 09 15:54:29 UTC 2020
4 ms. Memory: 51200K Free: 32616K (64%)
ptolemy.util.test.WatchDog.cancel(): canceling Fri Oct 09 15:54:29 UTC 2020
auto.tcl: Setting watchdog for 200 seconds at Fri Oct 09 15:54:29 UTC 2020
3 ms. Memory: 51200K Free: 31499K (62%)
ptolemy.util.test.WatchDog.cancel(): canceling Fri Oct 09 15:54:29 UTC 2020
------------------ testing $PTII/ptolemy/domains/de/test/auto/SmartSender.xml
auto.tcl: Setting watchdog for 200 seconds at Fri Oct 09 15:54:29 UTC 2020
3002 ms. Memory: 51200K Free: 32503K (63%)
ptolemy.util.test.WatchDog.cancel(): canceling Fri Oct 09 15:54:32 UTC 2020
auto.tcl: Setting watchdog for 200 seconds at Fri Oct 09 15:54:32 UTC 2020
3001 ms. Memory: 51200K Free: 32012K (63%)
ptolemy.util.test.WatchDog.cancel(): canceling Fri Oct 09 15:54:35 UTC 2020
------------------ testing $PTII/ptolemy/domains/de/test/auto/ThreadedComposite.xml
auto.tcl: Setting watchdog for 200 seconds at Fri Oct 09 15:54:35 UTC 2020
235 ms. Memory: 51200K Free: 12547K (25%)
ptolemy.util.test.WatchDog.cancel(): canceling Fri Oct 09 15:54:36 UTC 2020
auto.tcl: Setting watchdog for 200 seconds at Fri Oct 09 15:54:36 UTC 2020
154 ms. Memory: 61440K Free: 37169K (60%)
ptolemy.util.test.WatchDog.cancel(): canceling Fri Oct 09 15:54:36 UTC 2020
------------------ testing $PTII/ptolemy/domains/de/test/auto/Time.xml
auto.tcl: Setting watchdog for 200 seconds at Fri Oct 09 15:54:36 UTC 2020
433 ms. Memory: 55296K Free: 10781K (19%)
ptolemy.util.test.WatchDog.cancel(): canceling Fri Oct 09 15:54:36 UTC 2020
auto.tcl: Setting watchdog for 200 seconds at Fri Oct 09 15:54:36 UTC 2020
416 ms. Memory: 55296K Free: 15370K (28%)
ptolemy.util.test.WatchDog.cancel(): canceling Fri Oct 09 15:54:37 UTC 2020
------------------ testing $PTII/ptolemy/domains/de/test/auto/TimeDelayZeroDelay.xml
auto.tcl: Setting watchdog for 200 seconds at Fri Oct 09 15:54:37 UTC 2020
4 ms. Memory: 51200K Free: 32852K (64%)
ptolemy.util.test.WatchDog.cancel(): canceling Fri Oct 09 15:54:37 UTC 2020
auto.tcl: Setting watchdog for 200 seconds at Fri Oct 09 15:54:37 UTC 2020
2 ms. Memory: 51200K Free: 32011K (63%)
ptolemy.util.test.WatchDog.cancel(): canceling Fri Oct 09 15:54:37 UTC 2020
------------------ testing $PTII/ptolemy/domains/de/test/auto/TimerZeroDelay.xml
auto.tcl: Setting watchdog for 200 seconds at Fri Oct 09 15:54:37 UTC 2020
3 ms. Memory: 51200K Free: 32910K (64%)
ptolemy.util.test.WatchDog.cancel(): canceling Fri Oct 09 15:54:37 UTC 2020
auto.tcl: Setting watchdog for 200 seconds at Fri Oct 09 15:54:37 UTC 2020
2 ms. Memory: 51200K Free: 32069K (63%)
ptolemy.util.test.WatchDog.cancel(): canceling Fri Oct 09 15:54:37 UTC 2020
------------------ testing $PTII/ptolemy/domains/de/test/auto/TimingParadox.xml
auto.tcl: Setting watchdog for 200 seconds at Fri Oct 09 15:54:37 UTC 2020
306 ms. Memory: 51200K Free: 20612K (40%)
ptolemy.util.test.WatchDog.cancel(): canceling Fri Oct 09 15:54:37 UTC 2020
auto.tcl: Setting watchdog for 200 seconds at Fri Oct 09 15:54:37 UTC 2020
274 ms. Memory: 51200K Free: 11897K (23%)
ptolemy.util.test.WatchDog.cancel(): canceling Fri Oct 09 15:54:38 UTC 2020
------------------ testing $PTII/ptolemy/domains/de/test/auto/TransferInputs.xml
auto.tcl: Setting watchdog for 200 seconds at Fri Oct 09 15:54:38 UTC 2020
2 ms. Memory: 51200K Free: 30957K (60%)
ptolemy.util.test.WatchDog.cancel(): canceling Fri Oct 09 15:54:38 UTC 2020
auto.tcl: Setting watchdog for 200 seconds at Fri Oct 09 15:54:38 UTC 2020
2 ms. Memory: 51200K Free: 30035K (59%)
ptolemy.util.test.WatchDog.cancel(): canceling Fri Oct 09 15:54:38 UTC 2020
------------------ testing $PTII/ptolemy/domains/de/test/auto/TransferOutputs2.xml
auto.tcl: Setting watchdog for 200 seconds at Fri Oct 09 15:54:38 UTC 2020
3 ms. Memory: 51200K Free: 28386K (55%)
ptolemy.util.test.WatchDog.cancel(): canceling Fri Oct 09 15:54:38 UTC 2020
auto.tcl: Setting watchdog for 200 seconds at Fri Oct 09 15:54:38 UTC 2020
3 ms. Memory: 51200K Free: 26966K (53%)
ptolemy.util.test.WatchDog.cancel(): canceling Fri Oct 09 15:54:38 UTC 2020
------------------ testing $PTII/ptolemy/domains/de/test/auto/Trilateration.xml
auto.tcl: Setting watchdog for 200 seconds at Fri Oct 09 15:54:38 UTC 2020
12959 ms. Memory: 461824K Free: 212892K (46%)
ptolemy.util.test.WatchDog.cancel(): canceling Fri Oct 09 15:54:52 UTC 2020
auto.tcl: Setting watchdog for 200 seconds at Fri Oct 09 15:54:52 UTC 2020
9315 ms. Memory: 461824K Free: 298085K (65%)
ptolemy.util.test.WatchDog.cancel(): canceling Fri Oct 09 15:55:01 UTC 2020
------------------ testing $PTII/ptolemy/domains/de/test/auto/TwoSigmaDelta.xml
auto.tcl: Setting watchdog for 200 seconds at Fri Oct 09 15:55:01 UTC 2020
2251 ms. Memory: 89088K Free: 18878K (21%)
ptolemy.util.test.WatchDog.cancel(): canceling Fri Oct 09 15:55:04 UTC 2020
auto.tcl: Setting watchdog for 200 seconds at Fri Oct 09 15:55:04 UTC 2020
1818 ms. Memory: 89088K Free: 13731K (15%)
ptolemy.util.test.WatchDog.cancel(): canceling Fri Oct 09 15:55:05 UTC 2020
------------------ testing $PTII/ptolemy/domains/de/test/auto/VariableDelay.xml
auto.tcl: Setting watchdog for 200 seconds at Fri Oct 09 15:55:05 UTC 2020
3 ms. Memory: 55296K Free: 35517K (64%)
ptolemy.util.test.WatchDog.cancel(): canceling Fri Oct 09 15:55:06 UTC 2020
auto.tcl: Setting watchdog for 200 seconds at Fri Oct 09 15:55:06 UTC 2020
1 ms. Memory: 55296K Free: 34509K (62%)
ptolemy.util.test.WatchDog.cancel(): canceling Fri Oct 09 15:55:06 UTC 2020
------------------ testing $PTII/ptolemy/domains/de/test/auto/VariableDelay2.xml
auto.tcl: Setting watchdog for 200 seconds at Fri Oct 09 15:55:06 UTC 2020
5 ms. Memory: 51200K Free: 32364K (63%)
ptolemy.util.test.WatchDog.cancel(): canceling Fri Oct 09 15:55:06 UTC 2020
auto.tcl: Setting watchdog for 200 seconds at Fri Oct 09 15:55:06 UTC 2020
1 ms. Memory: 51200K Free: 31340K (61%)
ptolemy.util.test.WatchDog.cancel(): canceling Fri Oct 09 15:55:06 UTC 2020
------------------ testing $PTII/ptolemy/domains/de/test/auto/VariableDelayZeroDelay.xml
auto.tcl: Setting watchdog for 200 seconds at Fri Oct 09 15:55:06 UTC 2020
2 ms. Memory: 51200K Free: 32363K (63%)
ptolemy.util.test.WatchDog.cancel(): canceling Fri Oct 09 15:55:06 UTC 2020
auto.tcl: Setting watchdog for 200 seconds at Fri Oct 09 15:55:06 UTC 2020
2 ms. Memory: 51200K Free: 31847K (62%)
ptolemy.util.test.WatchDog.cancel(): canceling Fri Oct 09 15:55:06 UTC 2020
------------------ testing $PTII/ptolemy/domains/de/test/auto/VariableDelayZeroDelay2.xml
auto.tcl: Setting watchdog for 200 seconds at Fri Oct 09 15:55:06 UTC 2020
2 ms. Memory: 51200K Free: 32361K (63%)
ptolemy.util.test.WatchDog.cancel(): canceling Fri Oct 09 15:55:06 UTC 2020
auto.tcl: Setting watchdog for 200 seconds at Fri Oct 09 15:55:06 UTC 2020
2 ms. Memory: 51200K Free: 31337K (61%)
ptolemy.util.test.WatchDog.cancel(): canceling Fri Oct 09 15:55:06 UTC 2020
------------------ testing $PTII/ptolemy/domains/de/test/auto/deInCt.xml
auto.tcl: Setting watchdog for 200 seconds at Fri Oct 09 15:55:06 UTC 2020
0
1
1
0
0
0
1
1
0
0
0
0
1
1
1
0
0
0
1
1
1
0
0
0
1
1
1
1
0
0
0
1
1
1
1
1
0
0
0
0
11 ms. Memory: 51200K Free: 31335K (61%)
ptolemy.util.test.WatchDog.cancel(): canceling Fri Oct 09 15:55:06 UTC 2020
auto.tcl: Setting watchdog for 200 seconds at Fri Oct 09 15:55:06 UTC 2020
0
1
1
1
0
0
0
1
1
1
0
0
1
1
1
0
0
0
1
1
1
1
0
0
0
1
1
1
1
1
1
1
1
1
10 ms. Memory: 51200K Free: 29810K (58%)
ptolemy.util.test.WatchDog.cancel(): canceling Fri Oct 09 15:55:06 UTC 2020
------------------ testing $PTII/ptolemy/domains/de/test/auto/deInCt2.xml
auto.tcl: Setting watchdog for 200 seconds at Fri Oct 09 15:55:06 UTC 2020
0
1
1
1
0
0
1
1
1
0
0
1
1
1
0
0
1
1
1
0
0
1
1
1
0
0
1
1
1
0
0
1
1
1
0
0
1
1
1
0
0
0
7 ms. Memory: 51200K Free: 31337K (61%)
ptolemy.util.test.WatchDog.cancel(): canceling Fri Oct 09 15:55:06 UTC 2020
auto.tcl: Setting watchdog for 200 seconds at Fri Oct 09 15:55:06 UTC 2020
0
1
1
1
0
0
1
1
1
0
0
1
1
1
0
0
1
1
1
0
0
1
1
1
0
0
1
1
1
0
0
1
1
1
0
0
1
1
1
0
0
0
6 ms. Memory: 51200K Free: 29785K (58%)
ptolemy.util.test.WatchDog.cancel(): canceling Fri Oct 09 15:55:06 UTC 2020
------------------ testing $PTII/ptolemy/domains/de/test/auto/dynamicCausalityInterface1.xml
auto.tcl: Setting watchdog for 200 seconds at Fri Oct 09 15:55:06 UTC 2020
1 ms. Memory: 51200K Free: 27236K (53%)
ptolemy.util.test.WatchDog.cancel(): canceling Fri Oct 09 15:55:06 UTC 2020
auto.tcl: Setting watchdog for 200 seconds at Fri Oct 09 15:55:06 UTC 2020
1 ms. Memory: 51200K Free: 26722K (52%)
ptolemy.util.test.WatchDog.cancel(): canceling Fri Oct 09 15:55:06 UTC 2020
------------------ testing $PTII/ptolemy/domains/de/test/auto/fsm_de_test.xml
auto.tcl: Setting watchdog for 200 seconds at Fri Oct 09 15:55:06 UTC 2020
9 ms. Memory: 51200K Free: 27134K (53%)
ptolemy.util.test.WatchDog.cancel(): canceling Fri Oct 09 15:55:06 UTC 2020
auto.tcl: Setting watchdog for 200 seconds at Fri Oct 09 15:55:06 UTC 2020
8 ms. Memory: 51200K Free: 25086K (49%)
ptolemy.util.test.WatchDog.cancel(): canceling Fri Oct 09 15:55:06 UTC 2020
------------------ testing $PTII/ptolemy/domains/de/test/auto/functionDependencyReconstruction.xml
auto.tcl: Setting watchdog for 200 seconds at Fri Oct 09 15:55:06 UTC 2020
3 ms. Memory: 51200K Free: 20980K (41%)
ptolemy.util.test.WatchDog.cancel(): canceling Fri Oct 09 15:55:06 UTC 2020
auto.tcl: Setting watchdog for 200 seconds at Fri Oct 09 15:55:06 UTC 2020
3 ms. Memory: 51200K Free: 18932K (37%)
ptolemy.util.test.WatchDog.cancel(): canceling Fri Oct 09 15:55:06 UTC 2020
------------------ testing $PTII/ptolemy/domains/de/test/auto/multirate.xml
auto.tcl: Setting watchdog for 200 seconds at Fri Oct 09 15:55:06 UTC 2020
3 ms. Memory: 51200K Free: 29774K (58%)
ptolemy.util.test.WatchDog.cancel(): canceling Fri Oct 09 15:55:06 UTC 2020
auto.tcl: Setting watchdog for 200 seconds at Fri Oct 09 15:55:06 UTC 2020
3 ms. Memory: 51200K Free: 28045K (55%)
ptolemy.util.test.WatchDog.cancel(): canceling Fri Oct 09 15:55:06 UTC 2020
------------------ testing $PTII/ptolemy/domains/de/test/auto/multirate2.xml
auto.tcl: Setting watchdog for 200 seconds at Fri Oct 09 15:55:06 UTC 2020
8 ms. Memory: 51200K Free: 29956K (59%)
ptolemy.util.test.WatchDog.cancel(): canceling Fri Oct 09 15:55:06 UTC 2020
auto.tcl: Setting watchdog for 200 seconds at Fri Oct 09 15:55:06 UTC 2020
3 ms. Memory: 51200K Free: 28699K (56%)
ptolemy.util.test.WatchDog.cancel(): canceling Fri Oct 09 15:55:06 UTC 2020
------------------ testing $PTII/ptolemy/domains/de/test/auto/realtime.xml
auto.tcl: Setting watchdog for 200 seconds at Fri Oct 09 15:55:06 UTC 2020
10001 ms. Memory: 51200K Free: 32017K (63%)
ptolemy.util.test.WatchDog.cancel(): canceling Fri Oct 09 15:55:16 UTC 2020
auto.tcl: Setting watchdog for 200 seconds at Fri Oct 09 15:55:16 UTC 2020
10001 ms. Memory: 51200K Free: 31282K (61%)
ptolemy.util.test.WatchDog.cancel(): canceling Fri Oct 09 15:55:26 UTC 2020
------------------ testing $PTII/ptolemy/domains/de/test/auto/relationGroup.xml
auto.tcl: Setting watchdog for 200 seconds at Fri Oct 09 15:55:26 UTC 2020
11 ms. Memory: 51200K Free: 33096K (65%)
ptolemy.util.test.WatchDog.cancel(): canceling Fri Oct 09 15:55:26 UTC 2020
auto.tcl: Setting watchdog for 200 seconds at Fri Oct 09 15:55:26 UTC 2020
1 ms. Memory: 51200K Free: 32361K (63%)
ptolemy.util.test.WatchDog.cancel(): canceling Fri Oct 09 15:55:26 UTC 2020
------------------ testing $PTII/ptolemy/domains/de/test/auto/relationGroup2.xml
auto.tcl: Setting watchdog for 200 seconds at Fri Oct 09 15:55:26 UTC 2020
2 ms. Memory: 51200K Free: 33122K (65%)
ptolemy.util.test.WatchDog.cancel(): canceling Fri Oct 09 15:55:26 UTC 2020
auto.tcl: Setting watchdog for 200 seconds at Fri Oct 09 15:55:26 UTC 2020
2 ms. Memory: 51200K Free: 32387K (63%)
ptolemy.util.test.WatchDog.cancel(): canceling Fri Oct 09 15:55:26 UTC 2020
------------------ testing $PTII/ptolemy/domains/de/test/auto/sortWithOpaquePorts.xml
auto.tcl: Setting watchdog for 200 seconds at Fri Oct 09 15:55:26 UTC 2020
1 ms. Memory: 51200K Free: 31860K (62%)
ptolemy.util.test.WatchDog.cancel(): canceling Fri Oct 09 15:55:26 UTC 2020
auto.tcl: Setting watchdog for 200 seconds at Fri Oct 09 15:55:26 UTC 2020
2 ms. Memory: 51200K Free: 30836K (60%)
ptolemy.util.test.WatchDog.cancel(): canceling Fri Oct 09 15:55:26 UTC 2020
------------------ testing $PTII/ptolemy/domains/de/test/auto/transferInputsandOutputs.xml
auto.tcl: Setting watchdog for 200 seconds at Fri Oct 09 15:55:26 UTC 2020
2 ms. Memory: 51200K Free: 29303K (57%)
ptolemy.util.test.WatchDog.cancel(): canceling Fri Oct 09 15:55:27 UTC 2020
auto.tcl: Setting watchdog for 200 seconds at Fri Oct 09 15:55:27 UTC 2020
2 ms. Memory: 51200K Free: 28279K (55%)
ptolemy.util.test.WatchDog.cancel(): canceling Fri Oct 09 15:55:27 UTC 2020
------------------ testing $PTII/ptolemy/domains/de/test/auto/triggerType.xml
auto.tcl: Setting watchdog for 200 seconds at Fri Oct 09 15:55:27 UTC 2020
1 ms. Memory: 51200K Free: 32328K (63%)
ptolemy.util.test.WatchDog.cancel(): canceling Fri Oct 09 15:55:27 UTC 2020
auto.tcl: Setting watchdog for 200 seconds at Fri Oct 09 15:55:27 UTC 2020
1 ms. Memory: 51200K Free: 31312K (61%)
ptolemy.util.test.WatchDog.cancel(): canceling Fri Oct 09 15:55:27 UTC 2020
10/09/20 03:55:27
Failed: 0  Total Tests: 192  ((Passed: 187, Newly Passed: 1)  Known Failed: 5) /home/travis/build/icyphy/ptII/ptolemy/domains/de/test
10/09/20 03:55:27
Failed: 0  Total Tests: 192  ((Passed: 187, Newly Passed: 1)  Known Failed: 5) /home/travis/build/icyphy/ptII/ptolemy/domains/de/test
----------------- testing (KnownFailure) /home/travis/build/icyphy/ptII/ptolemy/domains/de/test/auto/knownFailedTests/DESDFClockTest.xml
2011 ms. Memory: 51200K Free: 25214K (49%)
Known Failure: java.lang.reflect.InvocationTargetException
----------------- testing (KnownFailure) /home/travis/build/icyphy/ptII/ptolemy/domains/de/test/auto/knownFailedTests/DirectFeedback.xml
2 ms. Memory: 51200K Free: 21628K (42%)
Known Failure: java.lang.reflect.InvocationTargetException
----------------- testing (KnownFailure) /home/travis/build/icyphy/ptII/ptolemy/domains/de/test/auto/knownFailedTests/FSMSource.xml
7 ms. Memory: 51200K Free: 13950K (27%)
----------------- testing (KnownFailure) /home/travis/build/icyphy/ptII/ptolemy/domains/de/test/auto/knownFailedTests/HierarchicalModel.xml
3 ms. Memory: 51200K Free: 27152K (53%)
Known Failure: java.lang.reflect.InvocationTargetException
----------------- testing (KnownFailure) /home/travis/build/icyphy/ptII/ptolemy/domains/de/test/auto/knownFailedTests/dependencyLoop.xml
7 ms. Memory: 51200K Free: 11792K (23%)
Known Failure: java.lang.reflect.InvocationTargetException
----------------- testing (KnownFailure) /home/travis/build/icyphy/ptII/ptolemy/domains/de/test/auto/knownFailedTests/dependencyLoop2.xml
3 ms. Memory: 51200K Free: 25614K (50%)
Known Failure: java.lang.reflect.InvocationTargetException
No auto/linux-amd64/*.xml tests in /home/travis/build/icyphy/ptII/ptolemy/domains/de/test
AutoTests.java: About to close Vertx.
AutoTests.java: Vertx closed.

===========================================================================================
----------------- testing Fri Oct 09 15:55:29 UTC 2020 /home/travis/build/icyphy/ptII/ptolemy/domains/de/test/auto/ActorDepthCalculation_actorWithoutPorts.xml
----------------- Instantiating /home/travis/build/icyphy/ptII/ptolemy/domains/de/test/auto/ActorDepthCalculation_actorWithoutPorts.xml
3 ms. Memory: 51200K Free: 18808K (37%)
----------------- Invoking toplevel() on ptolemy.moml.MoMLSimpleApplication@4cfe7df7
----------------- Done invoking toplevel() on ptolemy.moml.MoMLSimpleApplication@4cfe7df7
reloadAllAccessors: .ActorDepthCalculation_actorWithoutPorts

===========================================================================================
----------------- testing Fri Oct 09 15:55:29 UTC 2020 /home/travis/build/icyphy/ptII/ptolemy/domains/de/test/auto/AssemblyLine.xml
----------------- Instantiating /home/travis/build/icyphy/ptII/ptolemy/domains/de/test/auto/AssemblyLine.xml
3 ms. Memory: 51200K Free: 11704K (23%)
----------------- Invoking toplevel() on ptolemy.moml.MoMLSimpleApplication@e7fa92a
----------------- Done invoking toplevel() on ptolemy.moml.MoMLSimpleApplication@e7fa92a
reloadAllAccessors: .AssemblyLine

===========================================================================================
----------------- testing Fri Oct 09 15:55:29 UTC 2020 /home/travis/build/icyphy/ptII/ptolemy/domains/de/test/auto/CQBug1.xml
----------------- Instantiating /home/travis/build/icyphy/ptII/ptolemy/domains/de/test/auto/CQBug1.xml
1 ms. Memory: 51200K Free: 8927K (17%)
----------------- Invoking toplevel() on ptolemy.moml.MoMLSimpleApplication@5af4269d
----------------- Done invoking toplevel() on ptolemy.moml.MoMLSimpleApplication@5af4269d
reloadAllAccessors: .CQBug1

===========================================================================================
----------------- testing Fri Oct 09 15:55:29 UTC 2020 /home/travis/build/icyphy/ptII/ptolemy/domains/de/test/auto/CancelFireAt.xml
----------------- Instantiating /home/travis/build/icyphy/ptII/ptolemy/domains/de/test/auto/CancelFireAt.xml
2 ms. Memory: 51200K Free: 35429K (69%)
----------------- Invoking toplevel() on ptolemy.moml.MoMLSimpleApplication@6bade3cb
----------------- Done invoking toplevel() on ptolemy.moml.MoMLSimpleApplication@6bade3cb
reloadAllAccessors: .CancelFireAt

===========================================================================================
----------------- testing Fri Oct 09 15:55:29 UTC 2020 /home/travis/build/icyphy/ptII/ptolemy/domains/de/test/auto/CausalityAndComposabilityAnalysis.xml
----------------- Instantiating /home/travis/build/icyphy/ptII/ptolemy/domains/de/test/auto/CausalityAndComposabilityAnalysis.xml
10 ms. Memory: 51200K Free: 31196K (61%)
----------------- Invoking toplevel() on ptolemy.moml.MoMLSimpleApplication@7d041765
----------------- Done invoking toplevel() on ptolemy.moml.MoMLSimpleApplication@7d041765
reloadAllAccessors: .CausalityAndComposabilityAnalysis

===========================================================================================
----------------- testing Fri Oct 09 15:55:29 UTC 2020 /home/travis/build/icyphy/ptII/ptolemy/domains/de/test/auto/CausalityInterface1.xml
----------------- Instantiating /home/travis/build/icyphy/ptII/ptolemy/domains/de/test/auto/CausalityInterface1.xml
6 ms. Memory: 51200K Free: 26081K (51%)
----------------- Invoking toplevel() on ptolemy.moml.MoMLSimpleApplication@15db2bbd
----------------- Done invoking toplevel() on ptolemy.moml.MoMLSimpleApplication@15db2bbd
reloadAllAccessors: .CausalityInterface1

===========================================================================================
----------------- testing Fri Oct 09 15:55:29 UTC 2020 /home/travis/build/icyphy/ptII/ptolemy/domains/de/test/auto/CausalityInterface15.xml
----------------- Instantiating /home/travis/build/icyphy/ptII/ptolemy/domains/de/test/auto/CausalityInterface15.xml
2 ms. Memory: 51200K Free: 20544K (40%)
----------------- Invoking toplevel() on ptolemy.moml.MoMLSimpleApplication@4fdd2eb0
----------------- Done invoking toplevel() on ptolemy.moml.MoMLSimpleApplication@4fdd2eb0
reloadAllAccessors: .CausalityInterface15

===========================================================================================
----------------- testing Fri Oct 09 15:55:29 UTC 2020 /home/travis/build/icyphy/ptII/ptolemy/domains/de/test/auto/CausalityInterface2.xml
----------------- Instantiating /home/travis/build/icyphy/ptII/ptolemy/domains/de/test/auto/CausalityInterface2.xml
1 ms. Memory: 51200K Free: 16045K (31%)
[...]
	at ptolemy.actor.Manager.run(Manager.java:1263)
	at ptolemy.actor.Manager$PtolemyRunThread.run(Manager.java:1933)
java.lang.RuntimeException: Execution failed
	at ptolemy.moml.MoMLSimpleApplication$UnloadThread.run(MoMLSimpleApplication.java:402)
Caused by: ptolemy.kernel.util.IllegalActionException: Actor is not ready to fire.  Perhaps UpSample.prefire() returned false? Try debugging the actor by selecting "Listen to Actor".  Also, for SDF check moml for tokenConsumptionRate on input.
  in .DESDFClockTest.Play Bell.Copy1:SDF Director and .DESDFClockTest.Play Bell.UpSample
	at ptolemy.actor.sched.StaticSchedulingDirector.fire(StaticSchedulingDirector.java:227)
	at ptolemy.domains.sdf.kernel.SDFDirector.fire(SDFDirector.java:500)
	at ptolemy.actor.CompositeActor.fire(CompositeActor.java:455)
	at ptolemy.domains.de.kernel.DEDirector._fire(DEDirector.java:1949)
	at ptolemy.domains.de.kernel.DEDirector.fire(DEDirector.java:502)
	at ptolemy.actor.CompositeActor.fire(CompositeActor.java:455)
	at ptolemy.actor.Manager.iterate(Manager.java:851)
	at ptolemy.actor.Manager.execute(Manager.java:369)
	at ptolemy.actor.Manager.run(Manager.java:1263)
	at ptolemy.actor.Manager$PtolemyRunThread.run(Manager.java:1933)
java.lang.reflect.InvocationTargetException
	at java.base/jdk.internal.reflect.NativeConstructorAccessorImpl.newInstance0(Native Method)
	at java.base/jdk.internal.reflect.NativeConstructorAccessorImpl.newInstance(NativeConstructorAccessorImpl.java:62)
	at java.base/jdk.internal.reflect.DelegatingConstructorAccessorImpl.newInstance(DelegatingConstructorAccessorImpl.java:45)
	at java.base/java.lang.reflect.Constructor.newInstance(Constructor.java:490)
	at ptolemy.util.test.junit.AutoKnownFailedTests.RunModel(AutoKnownFailedTests.java:105)
	at java.base/jdk.internal.reflect.NativeMethodAccessorImpl.invoke0(Native Method)
	at java.base/jdk.internal.reflect.NativeMethodAccessorImpl.invoke(NativeMethodAccessorImpl.java:62)
	at java.base/jdk.internal.reflect.DelegatingMethodAccessorImpl.invoke(DelegatingMethodAccessorImpl.java:43)
	at java.base/java.lang.reflect.Method.invoke(Method.java:566)
	at org.junit.runners.model.FrameworkMethod$1.runReflectiveCall(FrameworkMethod.java:44)
	at org.junit.internal.runners.model.ReflectiveCallable.run(ReflectiveCallable.java:15)
	at org.junit.runners.model.FrameworkMethod.invokeExplosively(FrameworkMethod.java:41)
	at junitparams.internal.InvokeParameterisedMethod.evaluate(InvokeParameterisedMethod.java:102)
	at org.junit.internal.runners.statements.FailOnTimeout$1.run(FailOnTimeout.java:28)
Caused by: ptolemy.kernel.util.IllegalActionException: Actor is not ready to fire.  Perhaps UpSample.prefire() returned false? Try debugging the actor by selecting "Listen to Actor".  Also, for SDF check moml for tokenConsumptionRate on input.
  in .DESDFClockTest.Play Bell.Copy1:SDF Director and .DESDFClockTest.Play Bell.UpSample
	at ptolemy.actor.sched.StaticSchedulingDirector.fire(StaticSchedulingDirector.java:227)
	at ptolemy.domains.sdf.kernel.SDFDirector.fire(SDFDirector.java:500)
	at ptolemy.actor.CompositeActor.fire(CompositeActor.java:455)
	at ptolemy.domains.de.kernel.DEDirector._fire(DEDirector.java:1949)
	at ptolemy.domains.de.kernel.DEDirector.fire(DEDirector.java:502)
	at ptolemy.actor.CompositeActor.fire(CompositeActor.java:455)
	at ptolemy.actor.Manager.iterate(Manager.java:851)
	at ptolemy.actor.Manager.execute(Manager.java:369)
	at ptolemy.actor.Manager.run(Manager.java:1263)
	at ptolemy.actor.Manager$PtolemyRunThread.run(Manager.java:1933)
java.lang.RuntimeException: Execution failed
	at ptolemy.moml.MoMLSimpleApplication$UnloadThread.run(MoMLSimpleApplication.java:402)
Caused by: ptolemy.kernel.util.IllegalActionException: Test fails in iteration 1.
Value was: 1.0. Should have been: 2.0
  in .DirectFeedback.Test
	at ptolemy.actor.lib.Test.fire(Test.java:268)
	at ptolemy.domains.de.kernel.DEDirector._fire(DEDirector.java:1949)
	at ptolemy.domains.de.kernel.DEDirector.fire(DEDirector.java:502)
	at ptolemy.actor.CompositeActor.fire(CompositeActor.java:455)
	at ptolemy.actor.Manager.iterate(Manager.java:851)
	at ptolemy.actor.Manager.execute(Manager.java:369)
	at ptolemy.actor.Manager.run(Manager.java:1263)
	at ptolemy.actor.Manager$PtolemyRunThread.run(Manager.java:1933)
java.lang.reflect.InvocationTargetException
	at java.base/jdk.internal.reflect.NativeConstructorAccessorImpl.newInstance0(Native Method)
	at java.base/jdk.internal.reflect.NativeConstructorAccessorImpl.newInstance(NativeConstructorAccessorImpl.java:62)
	at java.base/jdk.internal.reflect.DelegatingConstructorAccessorImpl.newInstance(DelegatingConstructorAccessorImpl.java:45)
	at java.base/java.lang.reflect.Constructor.newInstance(Constructor.java:490)
	at ptolemy.util.test.junit.AutoKnownFailedTests.RunModel(AutoKnownFailedTests.java:105)
	at java.base/jdk.internal.reflect.NativeMethodAccessorImpl.invoke0(Native Method)
	at java.base/jdk.internal.reflect.NativeMethodAccessorImpl.invoke(NativeMethodAccessorImpl.java:62)
	at java.base/jdk.internal.reflect.DelegatingMethodAccessorImpl.invoke(DelegatingMethodAccessorImpl.java:43)
	at java.base/java.lang.reflect.Method.invoke(Method.java:566)
	at org.junit.runners.model.FrameworkMethod$1.runReflectiveCall(FrameworkMethod.java:44)
	at org.junit.internal.runners.model.ReflectiveCallable.run(ReflectiveCallable.java:15)
	at org.junit.runners.model.FrameworkMethod.invokeExplosively(FrameworkMethod.java:41)
	at junitparams.internal.InvokeParameterisedMethod.evaluate(InvokeParameterisedMethod.java:102)
	at org.junit.internal.runners.statements.FailOnTimeout$1.run(FailOnTimeout.java:28)
Caused by: ptolemy.kernel.util.IllegalActionException: Test fails in iteration 1.
Value was: 1.0. Should have been: 2.0
  in .DirectFeedback.Test
	at ptolemy.actor.lib.Test.fire(Test.java:268)
	at ptolemy.domains.de.kernel.DEDirector._fire(DEDirector.java:1949)
	at ptolemy.domains.de.kernel.DEDirector.fire(DEDirector.java:502)
	at ptolemy.actor.CompositeActor.fire(CompositeActor.java:455)
	at ptolemy.actor.Manager.iterate(Manager.java:851)
	at ptolemy.actor.Manager.execute(Manager.java:369)
	at ptolemy.actor.Manager.run(Manager.java:1263)
	at ptolemy.actor.Manager$PtolemyRunThread.run(Manager.java:1933)
java.lang.RuntimeException: Execution failed
	at ptolemy.moml.MoMLSimpleApplication$UnloadThread.run(MoMLSimpleApplication.java:402)
Caused by: ptolemy.kernel.util.IllegalActionException: Found a zero delay loop containing .HierarchicalModel.A
  in .HierarchicalModel and .HierarchicalModel.A
	at ptolemy.actor.util.CausalityInterfaceForComposites._computeOutputPortDepth(CausalityInterfaceForComposites.java:759)
	at ptolemy.actor.util.CausalityInterfaceForComposites._computeInputDepth(CausalityInterfaceForComposites.java:696)
	at ptolemy.actor.util.CausalityInterfaceForComposites._computeOutputPortDepth(CausalityInterfaceForComposites.java:765)
	at ptolemy.actor.util.CausalityInterfaceForComposites._computeInputDepth(CausalityInterfaceForComposites.java:696)
	at ptolemy.actor.util.CausalityInterfaceForComposites._computeOutputPortDepth(CausalityInterfaceForComposites.java:765)
	at ptolemy.actor.util.CausalityInterfaceForComposites._computeInputDepth(CausalityInterfaceForComposites.java:696)
	at ptolemy.actor.util.CausalityInterfaceForComposites._computeActorDepth(CausalityInterfaceForComposites.java:532)
	at ptolemy.actor.util.CausalityInterfaceForComposites.checkForCycles(CausalityInterfaceForComposites.java:96)
	at ptolemy.domains.de.kernel.DEDirector.preinitialize(DEDirector.java:1338)
	at ptolemy.actor.CompositeActor.preinitialize(CompositeActor.java:1828)
	at ptolemy.actor.Manager.preinitializeAndResolveTypes(Manager.java:1040)
	at ptolemy.actor.Manager.initialize(Manager.java:710)
	at ptolemy.actor.Manager.execute(Manager.java:356)
	at ptolemy.actor.Manager.run(Manager.java:1263)
	at ptolemy.actor.Manager$PtolemyRunThread.run(Manager.java:1933)
java.lang.reflect.InvocationTargetException
	at java.base/jdk.internal.reflect.NativeConstructorAccessorImpl.newInstance0(Native Method)
	at java.base/jdk.internal.reflect.NativeConstructorAccessorImpl.newInstance(NativeConstructorAccessorImpl.java:62)
	at java.base/jdk.internal.reflect.DelegatingConstructorAccessorImpl.newInstance(DelegatingConstructorAccessorImpl.java:45)
	at java.base/java.lang.reflect.Constructor.newInstance(Constructor.java:490)
	at ptolemy.util.test.junit.AutoKnownFailedTests.RunModel(AutoKnownFailedTests.java:105)
	at java.base/jdk.internal.reflect.NativeMethodAccessorImpl.invoke0(Native Method)
	at java.base/jdk.internal.reflect.NativeMethodAccessorImpl.invoke(NativeMethodAccessorImpl.java:62)
	at java.base/jdk.internal.reflect.DelegatingMethodAccessorImpl.invoke(DelegatingMethodAccessorImpl.java:43)
	at java.base/java.lang.reflect.Method.invoke(Method.java:566)
	at org.junit.runners.model.FrameworkMethod$1.runReflectiveCall(FrameworkMethod.java:44)
	at org.junit.internal.runners.model.ReflectiveCallable.run(ReflectiveCallable.java:15)
	at org.junit.runners.model.FrameworkMethod.invokeExplosively(FrameworkMethod.java:41)
	at junitparams.internal.InvokeParameterisedMethod.evaluate(InvokeParameterisedMethod.java:102)
	at org.junit.internal.runners.statements.FailOnTimeout$1.run(FailOnTimeout.java:28)
Caused by: ptolemy.kernel.util.IllegalActionException: Found a zero delay loop containing .HierarchicalModel.A
  in .HierarchicalModel and .HierarchicalModel.A
	at ptolemy.actor.util.CausalityInterfaceForComposites._computeOutputPortDepth(CausalityInterfaceForComposites.java:759)
	at ptolemy.actor.util.CausalityInterfaceForComposites._computeInputDepth(CausalityInterfaceForComposites.java:696)
	at ptolemy.actor.util.CausalityInterfaceForComposites._computeOutputPortDepth(CausalityInterfaceForComposites.java:765)
	at ptolemy.actor.util.CausalityInterfaceForComposites._computeInputDepth(CausalityInterfaceForComposites.java:696)
	at ptolemy.actor.util.CausalityInterfaceForComposites._computeOutputPortDepth(CausalityInterfaceForComposites.java:765)
	at ptolemy.actor.util.CausalityInterfaceForComposites._computeInputDepth(CausalityInterfaceForComposites.java:696)
	at ptolemy.actor.util.CausalityInterfaceForComposites._computeActorDepth(CausalityInterfaceForComposites.java:532)
	at ptolemy.actor.util.CausalityInterfaceForComposites.checkForCycles(CausalityInterfaceForComposites.java:96)
	at ptolemy.domains.de.kernel.DEDirector.preinitialize(DEDirector.java:1338)
	at ptolemy.actor.CompositeActor.preinitialize(CompositeActor.java:1828)
	at ptolemy.actor.Manager.preinitializeAndResolveTypes(Manager.java:1040)
	at ptolemy.actor.Manager.initialize(Manager.java:710)
	at ptolemy.actor.Manager.execute(Manager.java:356)
	at ptolemy.actor.Manager.run(Manager.java:1263)
	at ptolemy.actor.Manager$PtolemyRunThread.run(Manager.java:1933)
java.lang.RuntimeException: Execution failed
	at ptolemy.moml.MoMLSimpleApplication$UnloadThread.run(MoMLSimpleApplication.java:402)
Caused by: ptolemy.kernel.util.IllegalActionException: Found a zero delay loop containing .dependencyLoop.original
  in .dependencyLoop and .dependencyLoop.original
	at ptolemy.actor.util.CausalityInterfaceForComposites._computeOutputPortDepth(CausalityInterfaceForComposites.java:759)
	at ptolemy.actor.util.CausalityInterfaceForComposites._computeInputDepth(CausalityInterfaceForComposites.java:696)
	at ptolemy.actor.util.CausalityInterfaceForComposites._computeOutputPortDepth(CausalityInterfaceForComposites.java:765)
	at ptolemy.actor.util.CausalityInterfaceForComposites._computeInputDepth(CausalityInterfaceForComposites.java:696)
	at ptolemy.actor.util.CausalityInterfaceForComposites._computeOutputPortDepth(CausalityInterfaceForComposites.java:765)
	at ptolemy.actor.util.CausalityInterfaceForComposites._computeInputDepth(CausalityInterfaceForComposites.java:696)
	at ptolemy.actor.util.CausalityInterfaceForComposites._computeActorDepth(CausalityInterfaceForComposites.java:532)
	at ptolemy.actor.util.CausalityInterfaceForComposites.checkForCycles(CausalityInterfaceForComposites.java:96)
	at ptolemy.domains.de.kernel.DEDirector.preinitialize(DEDirector.java:1338)
	at ptolemy.actor.CompositeActor.preinitialize(CompositeActor.java:1828)
	at ptolemy.actor.Manager.preinitializeAndResolveTypes(Manager.java:1040)
	at ptolemy.actor.Manager.initialize(Manager.java:710)
	at ptolemy.actor.Manager.execute(Manager.java:356)
	at ptolemy.actor.Manager.run(Manager.java:1263)
	at ptolemy.actor.Manager$PtolemyRunThread.run(Manager.java:1933)
java.lang.reflect.InvocationTargetException
	at java.base/jdk.internal.reflect.NativeConstructorAccessorImpl.newInstance0(Native Method)
	at java.base/jdk.internal.reflect.NativeConstructorAccessorImpl.newInstance(NativeConstructorAccessorImpl.java:62)
	at java.base/jdk.internal.reflect.DelegatingConstructorAccessorImpl.newInstance(DelegatingConstructorAccessorImpl.java:45)
	at java.base/java.lang.reflect.Constructor.newInstance(Constructor.java:490)
	at ptolemy.util.test.junit.AutoKnownFailedTests.RunModel(AutoKnownFailedTests.java:105)
	at java.base/jdk.internal.reflect.NativeMethodAccessorImpl.invoke0(Native Method)
	at java.base/jdk.internal.reflect.NativeMethodAccessorImpl.invoke(NativeMethodAccessorImpl.java:62)
	at java.base/jdk.internal.reflect.DelegatingMethodAccessorImpl.invoke(DelegatingMethodAccessorImpl.java:43)
	at java.base/java.lang.reflect.Method.invoke(Method.java:566)
	at org.junit.runners.model.FrameworkMethod$1.runReflectiveCall(FrameworkMethod.java:44)
	at org.junit.internal.runners.model.ReflectiveCallable.run(ReflectiveCallable.java:15)
	at org.junit.runners.model.FrameworkMethod.invokeExplosively(FrameworkMethod.java:41)
	at junitparams.internal.InvokeParameterisedMethod.evaluate(InvokeParameterisedMethod.java:102)
	at org.junit.internal.runners.statements.FailOnTimeout$1.run(FailOnTimeout.java:28)
Caused by: ptolemy.kernel.util.IllegalActionException: Found a zero delay loop containing .dependencyLoop.original
  in .dependencyLoop and .dependencyLoop.original
	at ptolemy.actor.util.CausalityInterfaceForComposites._computeOutputPortDepth(CausalityInterfaceForComposites.java:759)
	at ptolemy.actor.util.CausalityInterfaceForComposites._computeInputDepth(CausalityInterfaceForComposites.java:696)
	at ptolemy.actor.util.CausalityInterfaceForComposites._computeOutputPortDepth(CausalityInterfaceForComposites.java:765)
	at ptolemy.actor.util.CausalityInterfaceForComposites._computeInputDepth(CausalityInterfaceForComposites.java:696)
	at ptolemy.actor.util.CausalityInterfaceForComposites._computeOutputPortDepth(CausalityInterfaceForComposites.java:765)
	at ptolemy.actor.util.CausalityInterfaceForComposites._computeInputDepth(CausalityInterfaceForComposites.java:696)
	at ptolemy.actor.util.CausalityInterfaceForComposites._computeActorDepth(CausalityInterfaceForComposites.java:532)
	at ptolemy.actor.util.CausalityInterfaceForComposites.checkForCycles(CausalityInterfaceForComposites.java:96)
	at ptolemy.domains.de.kernel.DEDirector.preinitialize(DEDirector.java:1338)
	at ptolemy.actor.CompositeActor.preinitialize(CompositeActor.java:1828)
	at ptolemy.actor.Manager.preinitializeAndResolveTypes(Manager.java:1040)
	at ptolemy.actor.Manager.initialize(Manager.java:710)
	at ptolemy.actor.Manager.execute(Manager.java:356)
	at ptolemy.actor.Manager.run(Manager.java:1263)
	at ptolemy.actor.Manager$PtolemyRunThread.run(Manager.java:1933)
java.lang.RuntimeException: Execution failed
	at ptolemy.moml.MoMLSimpleApplication$UnloadThread.run(MoMLSimpleApplication.java:402)
Caused by: ptolemy.kernel.util.IllegalActionException: Found a zero delay loop containing .dependencyLoop2.original
  in .dependencyLoop2 and .dependencyLoop2.original
	at ptolemy.actor.util.CausalityInterfaceForComposites._computeOutputPortDepth(CausalityInterfaceForComposites.java:759)
	at ptolemy.actor.util.CausalityInterfaceForComposites._computeInputDepth(CausalityInterfaceForComposites.java:696)
	at ptolemy.actor.util.CausalityInterfaceForComposites._computeOutputPortDepth(CausalityInterfaceForComposites.java:765)
	at ptolemy.actor.util.CausalityInterfaceForComposites._computeInputDepth(CausalityInterfaceForComposites.java:696)
	at ptolemy.actor.util.CausalityInterfaceForComposites._computeOutputPortDepth(CausalityInterfaceForComposites.java:765)
	at ptolemy.actor.util.CausalityInterfaceForComposites._computeInputDepth(CausalityInterfaceForComposites.java:696)
	at ptolemy.actor.util.CausalityInterfaceForComposites._computeActorDepth(CausalityInterfaceForComposites.java:532)
	at ptolemy.actor.util.CausalityInterfaceForComposites.checkForCycles(CausalityInterfaceForComposites.java:96)
	at ptolemy.domains.de.kernel.DEDirector.preinitialize(DEDirector.java:1338)
	at ptolemy.actor.CompositeActor.preinitialize(CompositeActor.java:1828)
	at ptolemy.actor.Manager.preinitializeAndResolveTypes(Manager.java:1040)
	at ptolemy.actor.Manager.initialize(Manager.java:710)
	at ptolemy.actor.Manager.execute(Manager.java:356)
	at ptolemy.actor.Manager.run(Manager.java:1263)
	at ptolemy.actor.Manager$PtolemyRunThread.run(Manager.java:1933)
java.lang.reflect.InvocationTargetException
	at java.base/jdk.internal.reflect.NativeConstructorAccessorImpl.newInstance0(Native Method)
	at java.base/jdk.internal.reflect.NativeConstructorAccessorImpl.newInstance(NativeConstructorAccessorImpl.java:62)
	at java.base/jdk.internal.reflect.DelegatingConstructorAccessorImpl.newInstance(DelegatingConstructorAccessorImpl.java:45)
	at java.base/java.lang.reflect.Constructor.newInstance(Constructor.java:490)
	at ptolemy.util.test.junit.AutoKnownFailedTests.RunModel(AutoKnownFailedTests.java:105)
	at java.base/jdk.internal.reflect.NativeMethodAccessorImpl.invoke0(Native Method)
	at java.base/jdk.internal.reflect.NativeMethodAccessorImpl.invoke(NativeMethodAccessorImpl.java:62)
	at java.base/jdk.internal.reflect.DelegatingMethodAccessorImpl.invoke(DelegatingMethodAccessorImpl.java:43)
	at java.base/java.lang.reflect.Method.invoke(Method.java:566)
	at org.junit.runners.model.FrameworkMethod$1.runReflectiveCall(FrameworkMethod.java:44)
	at org.junit.internal.runners.model.ReflectiveCallable.run(ReflectiveCallable.java:15)
	at org.junit.runners.model.FrameworkMethod.invokeExplosively(FrameworkMethod.java:41)
	at junitparams.internal.InvokeParameterisedMethod.evaluate(InvokeParameterisedMethod.java:102)
	at org.junit.internal.runners.statements.FailOnTimeout$1.run(FailOnTimeout.java:28)
Caused by: ptolemy.kernel.util.IllegalActionException: Found a zero delay loop containing .dependencyLoop2.original
  in .dependencyLoop2 and .dependencyLoop2.original
	at ptolemy.actor.util.CausalityInterfaceForComposites._computeOutputPortDepth(CausalityInterfaceForComposites.java:759)
	at ptolemy.actor.util.CausalityInterfaceForComposites._computeInputDepth(CausalityInterfaceForComposites.java:696)
	at ptolemy.actor.util.CausalityInterfaceForComposites._computeOutputPortDepth(CausalityInterfaceForComposites.java:765)
	at ptolemy.actor.util.CausalityInterfaceForComposites._computeInputDepth(CausalityInterfaceForComposites.java:696)
	at ptolemy.actor.util.CausalityInterfaceForComposites._computeOutputPortDepth(CausalityInterfaceForComposites.java:765)
	at ptolemy.actor.util.CausalityInterfaceForComposites._computeInputDepth(CausalityInterfaceForComposites.java:696)
	at ptolemy.actor.util.CausalityInterfaceForComposites._computeActorDepth(CausalityInterfaceForComposites.java:532)
	at ptolemy.actor.util.CausalityInterfaceForComposites.checkForCycles(CausalityInterfaceForComposites.java:96)
	at ptolemy.domains.de.kernel.DEDirector.preinitialize(DEDirector.java:1338)
	at ptolemy.actor.CompositeActor.preinitialize(CompositeActor.java:1828)
	at ptolemy.actor.Manager.preinitializeAndResolveTypes(Manager.java:1040)
	at ptolemy.actor.Manager.initialize(Manager.java:710)
	at ptolemy.actor.Manager.execute(Manager.java:356)
	at ptolemy.actor.Manager.run(Manager.java:1263)
	at ptolemy.actor.Manager$PtolemyRunThread.run(Manager.java:1933)
]]></system-err>
</testsuite>
