<?xml version="1.0" encoding="UTF-8" ?>
<testsuite errors="0" failures="0" hostname="travis-job-4fe8ae9f-d35e-4503-b7b5-8ad31aa76a2e" name="ptolemy.domains.continuous.test.junit.JUnitTclTest" skipped="0" tests="155" time="79.876" timestamp="2018-08-24T01:57:06">
  <properties>
[...]
</properties>
  <testcase classname="ptolemy.util.test.junit.TclTests" name="[0] ThereAreNoTclTests (RunTclFile)" time="0.001" />
  <testcase classname="ptolemy.util.test.junit.AutoKnownFailedTests" name="[0] ThereAreNoKnowFailedTests (RunModel)" time="0.001" />
  <testcase classname="ptolemy.util.test.junit.AutoNameArchTests" name="[0] ThereAreNoAutoArchTests (RunModel)" time="0.002" />
  <testcase classname="ptolemy.util.test.junit.AutoTests" name="[0] /home/travis/build/icyphy/ptII/ptolemy/domains/continuous/test/auto/BouncingBall.xml (RunModel)" time="3.289" />
  <testcase classname="ptolemy.util.test.junit.AutoTests" name="[1] /home/travis/build/icyphy/ptII/ptolemy/domains/continuous/test/auto/BouncingBallWithoutGR.xml (RunModel)" time="1.071" />
  <testcase classname="ptolemy.util.test.junit.AutoTests" name="[2] /home/travis/build/icyphy/ptII/ptolemy/domains/continuous/test/auto/Brownian.xml (RunModel)" time="0.099" />
  <testcase classname="ptolemy.util.test.junit.AutoTests" name="[3] /home/travis/build/icyphy/ptII/ptolemy/domains/continuous/test/auto/CarTracking.xml (RunModel)" time="3.945" />
  <testcase classname="ptolemy.util.test.junit.AutoTests" name="[4] /home/travis/build/icyphy/ptII/ptolemy/domains/continuous/test/auto/CartPendulum.xml (RunModel)" time="0.524" />
  <testcase classname="ptolemy.util.test.junit.AutoTests" name="[5] /home/travis/build/icyphy/ptII/ptolemy/domains/continuous/test/auto/CausalityInterface10.xml (RunModel)" time="0.07" />
  <testcase classname="ptolemy.util.test.junit.AutoTests" name="[6] /home/travis/build/icyphy/ptII/ptolemy/domains/continuous/test/auto/CausalityInterface11.xml (RunModel)" time="0.047" />
  <testcase classname="ptolemy.util.test.junit.AutoTests" name="[7] /home/travis/build/icyphy/ptII/ptolemy/domains/continuous/test/auto/CausalityInterface12.xml (RunModel)" time="0.038" />
  <testcase classname="ptolemy.util.test.junit.AutoTests" name="[8] /home/travis/build/icyphy/ptII/ptolemy/domains/continuous/test/auto/CausalityInterface13.xml (RunModel)" time="0.035" />
  <testcase classname="ptolemy.util.test.junit.AutoTests" name="[9] /home/travis/build/icyphy/ptII/ptolemy/domains/continuous/test/auto/CausalityInterface14.xml (RunModel)" time="0.031" />
  <testcase classname="ptolemy.util.test.junit.AutoTests" name="[10] /home/travis/build/icyphy/ptII/ptolemy/domains/continuous/test/auto/CausalityInterface4.xml (RunModel)" time="0.05" />
  <testcase classname="ptolemy.util.test.junit.AutoTests" name="[11] /home/travis/build/icyphy/ptII/ptolemy/domains/continuous/test/auto/CausalityInterface5.xml (RunModel)" time="0.05" />
  <testcase classname="ptolemy.util.test.junit.AutoTests" name="[12] /home/travis/build/icyphy/ptII/ptolemy/domains/continuous/test/auto/CausalityInterface6.xml (RunModel)" time="0.043" />
  <testcase classname="ptolemy.util.test.junit.AutoTests" name="[13] /home/travis/build/icyphy/ptII/ptolemy/domains/continuous/test/auto/CausalityInterface7.xml (RunModel)" time="0.05" />
  <testcase classname="ptolemy.util.test.junit.AutoTests" name="[14] /home/travis/build/icyphy/ptII/ptolemy/domains/continuous/test/auto/CausalityInterface8.xml (RunModel)" time="0.036" />
  <testcase classname="ptolemy.util.test.junit.AutoTests" name="[15] /home/travis/build/icyphy/ptII/ptolemy/domains/continuous/test/auto/CausalityInterface9.xml (RunModel)" time="0.063" />
  <testcase classname="ptolemy.util.test.junit.AutoTests" name="[16] /home/travis/build/icyphy/ptII/ptolemy/domains/continuous/test/auto/CausalityInterfaceFeedback1.xml (RunModel)" time="0.037" />
  <testcase classname="ptolemy.util.test.junit.AutoTests" name="[17] /home/travis/build/icyphy/ptII/ptolemy/domains/continuous/test/auto/CausalityInterfaceFeedback2.xml (RunModel)" time="0.039" />
  <testcase classname="ptolemy.util.test.junit.AutoTests" name="[18] /home/travis/build/icyphy/ptII/ptolemy/domains/continuous/test/auto/CompareWithCurrentTime.xml (RunModel)" time="0.032" />
  <testcase classname="ptolemy.util.test.junit.AutoTests" name="[19] /home/travis/build/icyphy/ptII/ptolemy/domains/continuous/test/auto/ComparedClocks.xml (RunModel)" time="0.062" />
  <testcase classname="ptolemy.util.test.junit.AutoTests" name="[20] /home/travis/build/icyphy/ptII/ptolemy/domains/continuous/test/auto/ContinuousAOCClone.xml (RunModel)" time="2.919" />
  <testcase classname="ptolemy.util.test.junit.AutoTests" name="[21] /home/travis/build/icyphy/ptII/ptolemy/domains/continuous/test/auto/ContinuousClock.xml (RunModel)" time="0.09" />
  <testcase classname="ptolemy.util.test.junit.AutoTests" name="[22] /home/travis/build/icyphy/ptII/ptolemy/domains/continuous/test/auto/ContinuousInContinuous.xml (RunModel)" time="0.089" />
  <testcase classname="ptolemy.util.test.junit.AutoTests" name="[23] /home/travis/build/icyphy/ptII/ptolemy/domains/continuous/test/auto/ContinuousInContinuousInContinuous.xml (RunModel)" time="0.031" />
  <testcase classname="ptolemy.util.test.junit.AutoTests" name="[24] /home/travis/build/icyphy/ptII/ptolemy/domains/continuous/test/auto/ContinuousInDE.xml (RunModel)" time="0.168" />
  <testcase classname="ptolemy.util.test.junit.AutoTests" name="[25] /home/travis/build/icyphy/ptII/ptolemy/domains/continuous/test/auto/ContinuousInDE2.xml (RunModel)" time="0.067" />
  <testcase classname="ptolemy.util.test.junit.AutoTests" name="[26] /home/travis/build/icyphy/ptII/ptolemy/domains/continuous/test/auto/ContinuousInDE3.xml (RunModel)" time="0.072" />
  <testcase classname="ptolemy.util.test.junit.AutoTests" name="[27] /home/travis/build/icyphy/ptII/ptolemy/domains/continuous/test/auto/ContinuousInDE4.xml (RunModel)" time="0.028" />
  <testcase classname="ptolemy.util.test.junit.AutoTests" name="[28] /home/travis/build/icyphy/ptII/ptolemy/domains/continuous/test/auto/ContinuousInDEDifferentRefinements.xml (RunModel)" time="0.101" />
  <testcase classname="ptolemy.util.test.junit.AutoTests" name="[29] /home/travis/build/icyphy/ptII/ptolemy/domains/continuous/test/auto/ContinuousInDEDifferentRefinementsPreemptive.xml (RunModel)" time="0.109" />
  <testcase classname="ptolemy.util.test.junit.AutoTests" name="[30] /home/travis/build/icyphy/ptII/ptolemy/domains/continuous/test/auto/ContinuousInDEInContinuous2.xml (RunModel)" time="0.068" />
  <testcase classname="ptolemy.util.test.junit.AutoTests" name="[31] /home/travis/build/icyphy/ptII/ptolemy/domains/continuous/test/auto/ContinuousInDEInContinuous3.xml (RunModel)" time="0.07" />
  <testcase classname="ptolemy.util.test.junit.AutoTests" name="[32] /home/travis/build/icyphy/ptII/ptolemy/domains/continuous/test/auto/ContinuousInDEInput.xml (RunModel)" time="0.039" />
  <testcase classname="ptolemy.util.test.junit.AutoTests" name="[33] /home/travis/build/icyphy/ptII/ptolemy/domains/continuous/test/auto/ContinuousInDEInput2.xml (RunModel)" time="0.037" />
  <testcase classname="ptolemy.util.test.junit.AutoTests" name="[34] /home/travis/build/icyphy/ptII/ptolemy/domains/continuous/test/auto/ContinuousInDEInput3.xml (RunModel)" time="0.037" />
  <testcase classname="ptolemy.util.test.junit.AutoTests" name="[35] /home/travis/build/icyphy/ptII/ptolemy/domains/continuous/test/auto/ContinuousInDESharingRefinement.xml (RunModel)" time="0.205" />
  <testcase classname="ptolemy.util.test.junit.AutoTests" name="[36] /home/travis/build/icyphy/ptII/ptolemy/domains/continuous/test/auto/ContinuousInDEwithNoPorts.xml (RunModel)" time="0.022" />
  <testcase classname="ptolemy.util.test.junit.AutoTests" name="[37] /home/travis/build/icyphy/ptII/ptolemy/domains/continuous/test/auto/ContinuousInsideDE.xml (RunModel)" time="0.111" />
  <testcase classname="ptolemy.util.test.junit.AutoTests" name="[38] /home/travis/build/icyphy/ptII/ptolemy/domains/continuous/test/auto/ContinuousMerge1.xml (RunModel)" time="0.022" />
  <testcase classname="ptolemy.util.test.junit.AutoTests" name="[39] /home/travis/build/icyphy/ptII/ptolemy/domains/continuous/test/auto/ContinuousMerge2.xml (RunModel)" time="0.067" />
  <testcase classname="ptolemy.util.test.junit.AutoTests" name="[40] /home/travis/build/icyphy/ptII/ptolemy/domains/continuous/test/auto/ContinuousMerge3.xml (RunModel)" time="0.092" />
  <testcase classname="ptolemy.util.test.junit.AutoTests" name="[41] /home/travis/build/icyphy/ptII/ptolemy/domains/continuous/test/auto/ContinuousWithinContinuous.xml (RunModel)" time="0.075" />
  <testcase classname="ptolemy.util.test.junit.AutoTests" name="[42] /home/travis/build/icyphy/ptII/ptolemy/domains/continuous/test/auto/ContinuousWithinContinuous2.xml (RunModel)" time="0.115" />
  <testcase classname="ptolemy.util.test.junit.AutoTests" name="[43] /home/travis/build/icyphy/ptII/ptolemy/domains/continuous/test/auto/ContinuousWithinContinuous3.xml (RunModel)" time="0.036" />
  <testcase classname="ptolemy.util.test.junit.AutoTests" name="[44] /home/travis/build/icyphy/ptII/ptolemy/domains/continuous/test/auto/ContinuousWithinContinuous4.xml (RunModel)" time="0.126" />
  <testcase classname="ptolemy.util.test.junit.AutoTests" name="[45] /home/travis/build/icyphy/ptII/ptolemy/domains/continuous/test/auto/ContinuousWithinContinuous5.xml (RunModel)" time="0.037" />
  <testcase classname="ptolemy.util.test.junit.AutoTests" name="[46] /home/travis/build/icyphy/ptII/ptolemy/domains/continuous/test/auto/ContinuousWithinContinuous6.xml (RunModel)" time="0.038" />
  <testcase classname="ptolemy.util.test.junit.AutoTests" name="[47] /home/travis/build/icyphy/ptII/ptolemy/domains/continuous/test/auto/ContinuousWithinContinuous7.xml (RunModel)" time="0.138" />
  <testcase classname="ptolemy.util.test.junit.AutoTests" name="[48] /home/travis/build/icyphy/ptII/ptolemy/domains/continuous/test/auto/DCMotor.xml (RunModel)" time="17.225" />
  <testcase classname="ptolemy.util.test.junit.AutoTests" name="[49] /home/travis/build/icyphy/ptII/ptolemy/domains/continuous/test/auto/DEInContinuous.xml (RunModel)" time="0.042" />
  <testcase classname="ptolemy.util.test.junit.AutoTests" name="[50] /home/travis/build/icyphy/ptII/ptolemy/domains/continuous/test/auto/DEinContinuous2.xml (RunModel)" time="0.032" />
  <testcase classname="ptolemy.util.test.junit.AutoTests" name="[51] /home/travis/build/icyphy/ptII/ptolemy/domains/continuous/test/auto/Derivative.xml (RunModel)" time="0.266" />
  <testcase classname="ptolemy.util.test.junit.AutoTests" name="[52] /home/travis/build/icyphy/ptII/ptolemy/domains/continuous/test/auto/Derivative1.xml (RunModel)" time="0.065" />
  <testcase classname="ptolemy.util.test.junit.AutoTests" name="[53] /home/travis/build/icyphy/ptII/ptolemy/domains/continuous/test/auto/DiscreteClock.xml (RunModel)" time="0.03" />
  <testcase classname="ptolemy.util.test.junit.AutoTests" name="[54] /home/travis/build/icyphy/ptII/ptolemy/domains/continuous/test/auto/EfficiencyCurve.xml (RunModel)" time="0.127" />
  <testcase classname="ptolemy.util.test.junit.AutoTests" name="[55] /home/travis/build/icyphy/ptII/ptolemy/domains/continuous/test/auto/ExponentialResponse.xml (RunModel)" time="0.157" />
  <testcase classname="ptolemy.util.test.junit.AutoTests" name="[56] /home/travis/build/icyphy/ptII/ptolemy/domains/continuous/test/auto/ExponentialResponseRK45.xml (RunModel)" time="0.039" />
  <testcase classname="ptolemy.util.test.junit.AutoTests" name="[57] /home/travis/build/icyphy/ptII/ptolemy/domains/continuous/test/auto/Friction.xml (RunModel)" time="1.705" />
  <testcase classname="ptolemy.util.test.junit.AutoTests" name="[58] /home/travis/build/icyphy/ptII/ptolemy/domains/continuous/test/auto/FurutaPendulum.xml (RunModel)" time="2.963" />
  <testcase classname="ptolemy.util.test.junit.AutoTests" name="[59] /home/travis/build/icyphy/ptII/ptolemy/domains/continuous/test/auto/HierarchicalExecution.xml (RunModel)" time="2.35" />
  <testcase classname="ptolemy.util.test.junit.AutoTests" name="[60] /home/travis/build/icyphy/ptII/ptolemy/domains/continuous/test/auto/HybridPlant.xml (RunModel)" time="0.675" />
  <testcase classname="ptolemy.util.test.junit.AutoTests" name="[61] /home/travis/build/icyphy/ptII/ptolemy/domains/continuous/test/auto/Hysteresis.xml (RunModel)" time="0.193" />
  <testcase classname="ptolemy.util.test.junit.AutoTests" name="[62] /home/travis/build/icyphy/ptII/ptolemy/domains/continuous/test/auto/HysteresisWithRandomDelay.xml (RunModel)" time="0.257" />
  <testcase classname="ptolemy.util.test.junit.AutoTests" name="[63] /home/travis/build/icyphy/ptII/ptolemy/domains/continuous/test/auto/HysteresisWithRandomLosses.xml (RunModel)" time="2.644" />
  <testcase classname="ptolemy.util.test.junit.AutoTests" name="[64] /home/travis/build/icyphy/ptII/ptolemy/domains/continuous/test/auto/ImmediateTransitions.xml (RunModel)" time="0.041" />
  <testcase classname="ptolemy.util.test.junit.AutoTests" name="[65] /home/travis/build/icyphy/ptII/ptolemy/domains/continuous/test/auto/ImpulseFeedback.xml (RunModel)" time="0.025" />
  <testcase classname="ptolemy.util.test.junit.AutoTests" name="[66] /home/travis/build/icyphy/ptII/ptolemy/domains/continuous/test/auto/ImpulseFeedback2.xml (RunModel)" time="0.017" />
  <testcase classname="ptolemy.util.test.junit.AutoTests" name="[67] /home/travis/build/icyphy/ptII/ptolemy/domains/continuous/test/auto/IncreasingRatePoisson.xml (RunModel)" time="0.797" />
  <testcase classname="ptolemy.util.test.junit.AutoTests" name="[68] /home/travis/build/icyphy/ptII/ptolemy/domains/continuous/test/auto/InitialStateFeedback.xml (RunModel)" time="0.013" />
  <testcase classname="ptolemy.util.test.junit.AutoTests" name="[69] /home/travis/build/icyphy/ptII/ptolemy/domains/continuous/test/auto/Integration.xml (RunModel)" time="0.014" />
  <testcase classname="ptolemy.util.test.junit.AutoTests" name="[70] /home/travis/build/icyphy/ptII/ptolemy/domains/continuous/test/auto/Integration2.xml (RunModel)" time="0.099" />
  <testcase classname="ptolemy.util.test.junit.AutoTests" name="[71] /home/travis/build/icyphy/ptII/ptolemy/domains/continuous/test/auto/Integration3.xml (RunModel)" time="0.013" />
  <testcase classname="ptolemy.util.test.junit.AutoTests" name="[72] /home/travis/build/icyphy/ptII/ptolemy/domains/continuous/test/auto/Integration5.xml (RunModel)" time="0.011" />
  <testcase classname="ptolemy.util.test.junit.AutoTests" name="[73] /home/travis/build/icyphy/ptII/ptolemy/domains/continuous/test/auto/IntegratorImpulse.xml (RunModel)" time="0.015" />
  <testcase classname="ptolemy.util.test.junit.AutoTests" name="[74] /home/travis/build/icyphy/ptII/ptolemy/domains/continuous/test/auto/IntegratorImpulse2.xml (RunModel)" time="0.019" />
  <testcase classname="ptolemy.util.test.junit.AutoTests" name="[75] /home/travis/build/icyphy/ptII/ptolemy/domains/continuous/test/auto/LevelCrossing1.xml (RunModel)" time="0.012" />
  <testcase classname="ptolemy.util.test.junit.AutoTests" name="[76] /home/travis/build/icyphy/ptII/ptolemy/domains/continuous/test/auto/LevelCrossing2.xml (RunModel)" time="0.013" />
  <testcase classname="ptolemy.util.test.junit.AutoTests" name="[77] /home/travis/build/icyphy/ptII/ptolemy/domains/continuous/test/auto/LevelCrossing3.xml (RunModel)" time="0.013" />
  <testcase classname="ptolemy.util.test.junit.AutoTests" name="[78] /home/travis/build/icyphy/ptII/ptolemy/domains/continuous/test/auto/LevelCrossing4.xml (RunModel)" time="0.012" />
  <testcase classname="ptolemy.util.test.junit.AutoTests" name="[79] /home/travis/build/icyphy/ptII/ptolemy/domains/continuous/test/auto/LevelCrossing5.xml (RunModel)" time="0.012" />
  <testcase classname="ptolemy.util.test.junit.AutoTests" name="[80] /home/travis/build/icyphy/ptII/ptolemy/domains/continuous/test/auto/LevelCrossing6.xml (RunModel)" time="0.012" />
  <testcase classname="ptolemy.util.test.junit.AutoTests" name="[81] /home/travis/build/icyphy/ptII/ptolemy/domains/continuous/test/auto/LevelCrossingDetector.xml (RunModel)" time="0.041" />
  <testcase classname="ptolemy.util.test.junit.AutoTests" name="[82] /home/travis/build/icyphy/ptII/ptolemy/domains/continuous/test/auto/LevelCrossingDetectorDetectingDirections.xml (RunModel)" time="0.083" />
  <testcase classname="ptolemy.util.test.junit.AutoTests" name="[83] /home/travis/build/icyphy/ptII/ptolemy/domains/continuous/test/auto/LevelCrossingDetectorDetectsGlitches.xml (RunModel)" time="0.066" />
  <testcase classname="ptolemy.util.test.junit.AutoTests" name="[84] /home/travis/build/icyphy/ptII/ptolemy/domains/continuous/test/auto/LevelCrossingNoInitialOuput.xml (RunModel)" time="0.016" />
  <testcase classname="ptolemy.util.test.junit.AutoTests" name="[85] /home/travis/build/icyphy/ptII/ptolemy/domains/continuous/test/auto/LinearStateSpaceExample.xml (RunModel)" time="0.039" />
  <testcase classname="ptolemy.util.test.junit.AutoTests" name="[86] /home/travis/build/icyphy/ptII/ptolemy/domains/continuous/test/auto/Lorenz.xml (RunModel)" time="3.94" />
  <testcase classname="ptolemy.util.test.junit.AutoTests" name="[87] /home/travis/build/icyphy/ptII/ptolemy/domains/continuous/test/auto/LorenzDifferentialSystem.xml (RunModel)" time="1.331" />
  <testcase classname="ptolemy.util.test.junit.AutoTests" name="[88] /home/travis/build/icyphy/ptII/ptolemy/domains/continuous/test/auto/LorenzDifferentialSystemWithInput.xml (RunModel)" time="1.29" />
  <testcase classname="ptolemy.util.test.junit.AutoTests" name="[89] /home/travis/build/icyphy/ptII/ptolemy/domains/continuous/test/auto/LorenzDifferentialSystemWithTime.xml (RunModel)" time="0.762" />
  <testcase classname="ptolemy.util.test.junit.AutoTests" name="[90] /home/travis/build/icyphy/ptII/ptolemy/domains/continuous/test/auto/Microsteps.xml (RunModel)" time="0.022" />
  <testcase classname="ptolemy.util.test.junit.AutoTests" name="[91] /home/travis/build/icyphy/ptII/ptolemy/domains/continuous/test/auto/Modal1.xml (RunModel)" time="0.061" />
  <testcase classname="ptolemy.util.test.junit.AutoTests" name="[92] /home/travis/build/icyphy/ptII/ptolemy/domains/continuous/test/auto/Modal2.xml (RunModel)" time="0.052" />
  <testcase classname="ptolemy.util.test.junit.AutoTests" name="[93] /home/travis/build/icyphy/ptII/ptolemy/domains/continuous/test/auto/ModalTransitionGuardWithReset.xml (RunModel)" time="0.028" />
  <testcase classname="ptolemy.util.test.junit.AutoTests" name="[94] /home/travis/build/icyphy/ptII/ptolemy/domains/continuous/test/auto/ModalTransitionGuardWithResetUsingPreemptiveTransition.xml (RunModel)" time="0.046" />
  <testcase classname="ptolemy.util.test.junit.AutoTests" name="[95] /home/travis/build/icyphy/ptII/ptolemy/domains/continuous/test/auto/ModalTransitionGuardWithResetUsingPreemptiveTransition2.xml (RunModel)" time="0.043" />
  <testcase classname="ptolemy.util.test.junit.AutoTests" name="[96] /home/travis/build/icyphy/ptII/ptolemy/domains/continuous/test/auto/ModalTransitionGuardWithResetUsingPreemptiveTransition3.xml (RunModel)" time="0.035" />
  <testcase classname="ptolemy.util.test.junit.AutoTests" name="[97] /home/travis/build/icyphy/ptII/ptolemy/domains/continuous/test/auto/NewtonsCradle.xml (RunModel)" time="0.886" />
  <testcase classname="ptolemy.util.test.junit.AutoTests" name="[98] /home/travis/build/icyphy/ptII/ptolemy/domains/continuous/test/auto/NewtonsCradleAnimated.xml (RunModel)" time="1.138" />
  <testcase classname="ptolemy.util.test.junit.AutoTests" name="[99] /home/travis/build/icyphy/ptII/ptolemy/domains/continuous/test/auto/NewtonsCradleComplicated.xml (RunModel)" time="0.88" />
  <testcase classname="ptolemy.util.test.junit.AutoTests" name="[100] /home/travis/build/icyphy/ptII/ptolemy/domains/continuous/test/auto/NewtonsCradleNondeterministic.xml (RunModel)" time="0.616" />
  <testcase classname="ptolemy.util.test.junit.AutoTests" name="[101] /home/travis/build/icyphy/ptII/ptolemy/domains/continuous/test/auto/NewtonsCradlePerfectlyInelastic1.xml (RunModel)" time="1.189" />
  <testcase classname="ptolemy.util.test.junit.AutoTests" name="[102] /home/travis/build/icyphy/ptII/ptolemy/domains/continuous/test/auto/Noise.xml (RunModel)" time="0.206" />
  <testcase classname="ptolemy.util.test.junit.AutoTests" name="[103] /home/travis/build/icyphy/ptII/ptolemy/domains/continuous/test/auto/NoiseSpectrum.xml (RunModel)" time="0.814" />
  <testcase classname="ptolemy.util.test.junit.AutoTests" name="[104] /home/travis/build/icyphy/ptII/ptolemy/domains/continuous/test/auto/ParameterizedNewtonsCradleAnimated.xml (RunModel)" time="0.365" />
  <testcase classname="ptolemy.util.test.junit.AutoTests" name="[105] /home/travis/build/icyphy/ptII/ptolemy/domains/continuous/test/auto/ParameterizedNewtonsCradleAnimatedNondeterministic.xml (RunModel)" time="1.188" />
  <testcase classname="ptolemy.util.test.junit.AutoTests" name="[106] /home/travis/build/icyphy/ptII/ptolemy/domains/continuous/test/auto/Pendulum3D.xml (RunModel)" time="0.188" />
  <testcase classname="ptolemy.util.test.junit.AutoTests" name="[107] /home/travis/build/icyphy/ptII/ptolemy/domains/continuous/test/auto/PeriodicSampler.xml (RunModel)" time="0.01" />
  <testcase classname="ptolemy.util.test.junit.AutoTests" name="[108] /home/travis/build/icyphy/ptII/ptolemy/domains/continuous/test/auto/PeriodicSampler1.xml (RunModel)" time="0.049" />
  <testcase classname="ptolemy.util.test.junit.AutoTests" name="[109] /home/travis/build/icyphy/ptII/ptolemy/domains/continuous/test/auto/PeriodicSampler2.xml (RunModel)" time="0.084" />
  <testcase classname="ptolemy.util.test.junit.AutoTests" name="[110] /home/travis/build/icyphy/ptII/ptolemy/domains/continuous/test/auto/Poisson.xml (RunModel)" time="0.522" />
  <testcase classname="ptolemy.util.test.junit.AutoTests" name="[111] /home/travis/build/icyphy/ptII/ptolemy/domains/continuous/test/auto/PoissonClock.xml (RunModel)" time="0.023" />
  <testcase classname="ptolemy.util.test.junit.AutoTests" name="[112] /home/travis/build/icyphy/ptII/ptolemy/domains/continuous/test/auto/PoissonClock2.xml (RunModel)" time="0.024" />
  <testcase classname="ptolemy.util.test.junit.AutoTests" name="[113] /home/travis/build/icyphy/ptII/ptolemy/domains/continuous/test/auto/PortParameterHierarchy.xml (RunModel)" time="0.022" />
  <testcase classname="ptolemy.util.test.junit.AutoTests" name="[114] /home/travis/build/icyphy/ptII/ptolemy/domains/continuous/test/auto/RandomHybridPlant.xml (RunModel)" time="0.64" />
  <testcase classname="ptolemy.util.test.junit.AutoTests" name="[115] /home/travis/build/icyphy/ptII/ptolemy/domains/continuous/test/auto/ResetTransitionWithStartTime1.xml (RunModel)" time="0.034" />
  <testcase classname="ptolemy.util.test.junit.AutoTests" name="[116] /home/travis/build/icyphy/ptII/ptolemy/domains/continuous/test/auto/ResetTransitionWithStartTime2.xml (RunModel)" time="0.047" />
  <testcase classname="ptolemy.util.test.junit.AutoTests" name="[117] /home/travis/build/icyphy/ptII/ptolemy/domains/continuous/test/auto/ResetTransitionWithStartTime3.xml (RunModel)" time="0.041" />
  <testcase classname="ptolemy.util.test.junit.AutoTests" name="[118] /home/travis/build/icyphy/ptII/ptolemy/domains/continuous/test/auto/ResetTransitionWithStartTime4.xml (RunModel)" time="0.027" />
  <testcase classname="ptolemy.util.test.junit.AutoTests" name="[119] /home/travis/build/icyphy/ptII/ptolemy/domains/continuous/test/auto/ResetTransitionWithStartTime5.xml (RunModel)" time="0.041" />
  <testcase classname="ptolemy.util.test.junit.AutoTests" name="[120] /home/travis/build/icyphy/ptII/ptolemy/domains/continuous/test/auto/ResetTransitionWithStartTime6.xml (RunModel)" time="0.047" />
  <testcase classname="ptolemy.util.test.junit.AutoTests" name="[121] /home/travis/build/icyphy/ptII/ptolemy/domains/continuous/test/auto/SRinContinuous.xml (RunModel)" time="0.03" />
  <testcase classname="ptolemy.util.test.junit.AutoTests" name="[122] /home/travis/build/icyphy/ptII/ptolemy/domains/continuous/test/auto/SampledClocks.xml (RunModel)" time="0.028" />
  <testcase classname="ptolemy.util.test.junit.AutoTests" name="[123] /home/travis/build/icyphy/ptII/ptolemy/domains/continuous/test/auto/Satellite.xml (RunModel)" time="1.031" />
  <testcase classname="ptolemy.util.test.junit.AutoTests" name="[124] /home/travis/build/icyphy/ptII/ptolemy/domains/continuous/test/auto/SigmaDelta.xml (RunModel)" time="2.444" />
  <testcase classname="ptolemy.util.test.junit.AutoTests" name="[125] /home/travis/build/icyphy/ptII/ptolemy/domains/continuous/test/auto/SinuBouncingBall.xml (RunModel)" time="0.813" />
  <testcase classname="ptolemy.util.test.junit.AutoTests" name="[126] /home/travis/build/icyphy/ptII/ptolemy/domains/continuous/test/auto/Sinusoid.xml (RunModel)" time="0.018" />
  <testcase classname="ptolemy.util.test.junit.AutoTests" name="[127] /home/travis/build/icyphy/ptII/ptolemy/domains/continuous/test/auto/SinusoidInNoise.xml (RunModel)" time="0.935" />
  <testcase classname="ptolemy.util.test.junit.AutoTests" name="[128] /home/travis/build/icyphy/ptII/ptolemy/domains/continuous/test/auto/SinusoidRK45.xml (RunModel)" time="0.011" />
  <testcase classname="ptolemy.util.test.junit.AutoTests" name="[129] /home/travis/build/icyphy/ptII/ptolemy/domains/continuous/test/auto/SinusoidWithMultipleImpulses.xml (RunModel)" time="0.012" />
  <testcase classname="ptolemy.util.test.junit.AutoTests" name="[130] /home/travis/build/icyphy/ptII/ptolemy/domains/continuous/test/auto/SquareWave.xml (RunModel)" time="0.191" />
  <testcase classname="ptolemy.util.test.junit.AutoTests" name="[131] /home/travis/build/icyphy/ptII/ptolemy/domains/continuous/test/auto/Starmac.xml (RunModel)" time="3.599" />
  <testcase classname="ptolemy.util.test.junit.AutoTests" name="[132] /home/travis/build/icyphy/ptII/ptolemy/domains/continuous/test/auto/StaticUnits.xml (RunModel)" time="2.587" />
  <testcase classname="ptolemy.util.test.junit.AutoTests" name="[133] /home/travis/build/icyphy/ptII/ptolemy/domains/continuous/test/auto/StickyMasses.xml (RunModel)" time="0.206" />
  <testcase classname="ptolemy.util.test.junit.AutoTests" name="[134] /home/travis/build/icyphy/ptII/ptolemy/domains/continuous/test/auto/StopTime.xml (RunModel)" time="0.069" />
  <testcase classname="ptolemy.util.test.junit.AutoTests" name="[135] /home/travis/build/icyphy/ptII/ptolemy/domains/continuous/test/auto/StopTime2.xml (RunModel)" time="0.073" />
  <testcase classname="ptolemy.util.test.junit.AutoTests" name="[136] /home/travis/build/icyphy/ptII/ptolemy/domains/continuous/test/auto/Switch.xml (RunModel)" time="0.078" />
  <testcase classname="ptolemy.util.test.junit.AutoTests" name="[137] /home/travis/build/icyphy/ptII/ptolemy/domains/continuous/test/auto/Thermostat.xml (RunModel)" time="0.241" />
  <testcase classname="ptolemy.util.test.junit.AutoTests" name="[138] /home/travis/build/icyphy/ptII/ptolemy/domains/continuous/test/auto/TimeDelay.xml (RunModel)" time="0.019" />
  <testcase classname="ptolemy.util.test.junit.AutoTests" name="[139] /home/travis/build/icyphy/ptII/ptolemy/domains/continuous/test/auto/TimeDelay2.xml (RunModel)" time="0.031" />
  <testcase classname="ptolemy.util.test.junit.AutoTests" name="[140] /home/travis/build/icyphy/ptII/ptolemy/domains/continuous/test/auto/TimeDelay3.xml (RunModel)" time="0.017" />
  <testcase classname="ptolemy.util.test.junit.AutoTests" name="[141] /home/travis/build/icyphy/ptII/ptolemy/domains/continuous/test/auto/TransferAbsentToInside.xml (RunModel)" time="0.134" />
  <testcase classname="ptolemy.util.test.junit.AutoTests" name="[142] /home/travis/build/icyphy/ptII/ptolemy/domains/continuous/test/auto/Transmission.xml (RunModel)" time="0.908" />
  <testcase classname="ptolemy.util.test.junit.AutoTests" name="[143] /home/travis/build/icyphy/ptII/ptolemy/domains/continuous/test/auto/TriggeredContinuousClock.xml (RunModel)" time="0.08" />
  <testcase classname="ptolemy.util.test.junit.AutoTests" name="[144] /home/travis/build/icyphy/ptII/ptolemy/domains/continuous/test/auto/TwoMachineInfiniteBusControl.xml (RunModel)" time="2.709" />
  <testcase classname="ptolemy.util.test.junit.AutoTests" name="[145] /home/travis/build/icyphy/ptII/ptolemy/domains/continuous/test/auto/V2V.xml (RunModel)" time="0.931" />
  <testcase classname="ptolemy.util.test.junit.AutoTests" name="[146] /home/travis/build/icyphy/ptII/ptolemy/domains/continuous/test/auto/hierarchicalModalModel.xml (RunModel)" time="0.036" />
  <testcase classname="ptolemy.util.test.junit.AutoTests" name="[147] /home/travis/build/icyphy/ptII/ptolemy/domains/continuous/test/auto/hierarchicalModalModel1.xml (RunModel)" time="0.038" />
  <testcase classname="ptolemy.util.test.junit.AutoTests" name="[148] /home/travis/build/icyphy/ptII/ptolemy/domains/continuous/test/auto/hierarchicalModalModel2.xml (RunModel)" time="0.03" />
  <testcase classname="ptolemy.util.test.junit.AutoTests" name="[149] /home/travis/build/icyphy/ptII/ptolemy/domains/continuous/test/auto/hierarchicalModalModel3.xml (RunModel)" time="0.026" />
  <testcase classname="ptolemy.util.test.junit.AutoTests" name="[150] /home/travis/build/icyphy/ptII/ptolemy/domains/continuous/test/auto/hierarchicalModalModel4.xml (RunModel)" time="0.032" />
  <testcase classname="ptolemy.util.test.junit.AutoTests" name="[151] /home/travis/build/icyphy/ptII/ptolemy/domains/continuous/test/auto/junk.xml (RunModel)" time="0.156" />
  <system-out><![CDATA[No tcl tests in /home/travis/build/icyphy/ptII/ptolemy/domains/continuous/test
No auto/knownFailedTests/*.xml tests in /home/travis/build/icyphy/ptII/ptolemy/domains/continuous/test
No auto/linux-amd64/*.xml tests in /home/travis/build/icyphy/ptII/ptolemy/domains/continuous/test
AutoTests.java: About to close Vertx.
AutoTests.java: Vertx closed.

===========================================================================================
----------------- testing Fri Aug 24 01:57:06 UTC 2018 /home/travis/build/icyphy/ptII/ptolemy/domains/continuous/test/auto/BouncingBall.xml
----------------- Instantiating /home/travis/build/icyphy/ptII/ptolemy/domains/continuous/test/auto/BouncingBall.xml
2751 ms. Memory: 332288K Free: 318112K (96%)
----------------- Invoking toplevel() on ptolemy.moml.MoMLSimpleApplication@a05f5ba
----------------- Done invoking toplevel() on ptolemy.moml.MoMLSimpleApplication@a05f5ba
reloadAllAccessors: .BouncingBall

===========================================================================================
----------------- testing Fri Aug 24 01:57:09 UTC 2018 /home/travis/build/icyphy/ptII/ptolemy/domains/continuous/test/auto/BouncingBallWithoutGR.xml
----------------- Instantiating /home/travis/build/icyphy/ptII/ptolemy/domains/continuous/test/auto/BouncingBallWithoutGR.xml
908 ms. Memory: 332288K Free: 128283K (39%)
----------------- Invoking toplevel() on ptolemy.moml.MoMLSimpleApplication@7df11ca3
----------------- Done invoking toplevel() on ptolemy.moml.MoMLSimpleApplication@7df11ca3
reloadAllAccessors: .BouncingBallWithoutGR

===========================================================================================
----------------- testing Fri Aug 24 01:57:11 UTC 2018 /home/travis/build/icyphy/ptII/ptolemy/domains/continuous/test/auto/Brownian.xml
----------------- Instantiating /home/travis/build/icyphy/ptII/ptolemy/domains/continuous/test/auto/Brownian.xml
29 ms. Memory: 332288K Free: 116021K (35%)
----------------- Invoking toplevel() on ptolemy.moml.MoMLSimpleApplication@264e0490
----------------- Done invoking toplevel() on ptolemy.moml.MoMLSimpleApplication@264e0490
reloadAllAccessors: .Brownian

===========================================================================================
----------------- testing Fri Aug 24 01:57:11 UTC 2018 /home/travis/build/icyphy/ptII/ptolemy/domains/continuous/test/auto/CarTracking.xml
----------------- Instantiating /home/travis/build/icyphy/ptII/ptolemy/domains/continuous/test/auto/CarTracking.xml
3503 ms. Memory: 479744K Free: 329026K (69%)
----------------- Invoking toplevel() on ptolemy.moml.MoMLSimpleApplication@a79e98a
----------------- Done invoking toplevel() on ptolemy.moml.MoMLSimpleApplication@a79e98a
reloadAllAccessors: .CarTracking

===========================================================================================
----------------- testing Fri Aug 24 01:57:15 UTC 2018 /home/travis/build/icyphy/ptII/ptolemy/domains/continuous/test/auto/CartPendulum.xml
----------------- Instantiating /home/travis/build/icyphy/ptII/ptolemy/domains/continuous/test/auto/CartPendulum.xml
369 ms. Memory: 479744K Free: 226116K (47%)
----------------- Invoking toplevel() on ptolemy.moml.MoMLSimpleApplication@7518246d
----------------- Done invoking toplevel() on ptolemy.moml.MoMLSimpleApplication@7518246d
reloadAllAccessors: .CartPendulum

===========================================================================================
----------------- testing Fri Aug 24 01:57:15 UTC 2018 /home/travis/build/icyphy/ptII/ptolemy/domains/continuous/test/auto/CausalityInterface10.xml
----------------- Instantiating /home/travis/build/icyphy/ptII/ptolemy/domains/continuous/test/auto/CausalityInterface10.xml
13 ms. Memory: 479744K Free: 209066K (44%)
----------------- Invoking toplevel() on ptolemy.moml.MoMLSimpleApplication@53ba7881
----------------- Done invoking toplevel() on ptolemy.moml.MoMLSimpleApplication@53ba7881
reloadAllAccessors: .CausalityInterface10

===========================================================================================
----------------- testing Fri Aug 24 01:57:15 UTC 2018 /home/travis/build/icyphy/ptII/ptolemy/domains/continuous/test/auto/CausalityInterface11.xml
----------------- Instantiating /home/travis/build/icyphy/ptII/ptolemy/domains/continuous/test/auto/CausalityInterface11.xml
10 ms. Memory: 479744K Free: 201196K (42%)
----------------- Invoking toplevel() on ptolemy.moml.MoMLSimpleApplication@67c317fd
----------------- Done invoking toplevel() on ptolemy.moml.MoMLSimpleApplication@67c317fd
reloadAllAccessors: .CausalityInterface11

===========================================================================================
----------------- testing Fri Aug 24 01:57:15 UTC 2018 /home/travis/build/icyphy/ptII/ptolemy/domains/continuous/test/auto/CausalityInterface12.xml
----------------- Instantiating /home/travis/build/icyphy/ptII/ptolemy/domains/continuous/test/auto/CausalityInterface12.xml
8 ms. Memory: 479744K Free: 190716K (40%)
----------------- Invoking toplevel() on ptolemy.moml.MoMLSimpleApplication@5d99e7e8
----------------- Done invoking toplevel() on ptolemy.moml.MoMLSimpleApplication@5d99e7e8
reloadAllAccessors: .CausalityInterface12

===========================================================================================
----------------- testing Fri Aug 24 01:57:15 UTC 2018 /home/travis/build/icyphy/ptII/ptolemy/domains/continuous/test/auto/CausalityInterface13.xml
----------------- Instantiating /home/travis/build/icyphy/ptII/ptolemy/domains/continuous/test/auto/CausalityInterface13.xml
4 ms. Memory: 479744K Free: 180236K (38%)
----------------- Invoking toplevel() on ptolemy.moml.MoMLSimpleApplication@1bdc87d3
----------------- Done invoking toplevel() on ptolemy.moml.MoMLSimpleApplication@1bdc87d3
reloadAllAccessors: .CausalityInterface13

===========================================================================================
----------------- testing Fri Aug 24 01:57:15 UTC 2018 /home/travis/build/icyphy/ptII/ptolemy/domains/continuous/test/auto/CausalityInterface14.xml
----------------- Instantiating /home/travis/build/icyphy/ptII/ptolemy/domains/continuous/test/auto/CausalityInterface14.xml
3 ms. Memory: 479744K Free: 168506K (35%)
----------------- Invoking toplevel() on ptolemy.moml.MoMLSimpleApplication@141940b4
----------------- Done invoking toplevel() on ptolemy.moml.MoMLSimpleApplication@141940b4
reloadAllAccessors: .CausalityInterface14

===========================================================================================
----------------- testing Fri Aug 24 01:57:15 UTC 2018 /home/travis/build/icyphy/ptII/ptolemy/domains/continuous/test/auto/CausalityInterface4.xml
----------------- Instantiating /home/travis/build/icyphy/ptII/ptolemy/domains/continuous/test/auto/CausalityInterface4.xml
6 ms. Memory: 479744K Free: 158034K (33%)
----------------- Invoking toplevel() on ptolemy.moml.MoMLSimpleApplication@3928452c
----------------- Done invoking toplevel() on ptolemy.moml.MoMLSimpleApplication@3928452c
reloadAllAccessors: .CausalityInterface4

===========================================================================================
----------------- testing Fri Aug 24 01:57:15 UTC 2018 /home/travis/build/icyphy/ptII/ptolemy/domains/continuous/test/auto/CausalityInterface5.xml
----------------- Instantiating /home/travis/build/icyphy/ptII/ptolemy/domains/continuous/test/auto/CausalityInterface5.xml
11 ms. Memory: 479744K Free: 147562K (31%)
----------------- Invoking toplevel() on ptolemy.moml.MoMLSimpleApplication@3cc0822c
----------------- Done invoking toplevel() on ptolemy.moml.MoMLSimpleApplication@3cc0822c
reloadAllAccessors: .CausalityInterface5

===========================================================================================
----------------- testing Fri Aug 24 01:57:15 UTC 2018 /home/travis/build/icyphy/ptII/ptolemy/domains/continuous/test/auto/CausalityInterface6.xml
----------------- Instantiating /home/travis/build/icyphy/ptII/ptolemy/domains/continuous/test/auto/CausalityInterface6.xml
3 ms. Memory: 479744K Free: 139707K (29%)
----------------- Invoking toplevel() on ptolemy.moml.MoMLSimpleApplication@23b3b916
----------------- Done invoking toplevel() on ptolemy.moml.MoMLSimpleApplication@23b3b916
reloadAllAccessors: .CausalityInterface6

===========================================================================================
----------------- testing Fri Aug 24 01:57:16 UTC 2018 /home/travis/build/icyphy/ptII/ptolemy/domains/continuous/test/auto/CausalityInterface7.xml
----------------- Instantiating /home/travis/build/icyphy/ptII/ptolemy/domains/continuous/test/auto/CausalityInterface7.xml
13 ms. Memory: 479744K Free: 129219K (27%)
----------------- Invoking toplevel() on ptolemy.moml.MoMLSimpleApplication@69f51c0e
----------------- Done invoking toplevel() on ptolemy.moml.MoMLSimpleApplication@69f51c0e
reloadAllAccessors: .CausalityInterface7

===========================================================================================
----------------- testing Fri Aug 24 01:57:16 UTC 2018 /home/travis/build/icyphy/ptII/ptolemy/domains/continuous/test/auto/CausalityInterface8.xml
----------------- Instantiating /home/travis/build/icyphy/ptII/ptolemy/domains/continuous/test/auto/CausalityInterface8.xml
8 ms. Memory: 479744K Free: 112254K (23%)
----------------- Invoking toplevel() on ptolemy.moml.MoMLSimpleApplication@3df7ae
----------------- Done invoking toplevel() on ptolemy.moml.MoMLSimpleApplication@3df7ae
reloadAllAccessors: .CausalityInterface8

===========================================================================================
----------------- testing Fri Aug 24 01:57:16 UTC 2018 /home/travis/build/icyphy/ptII/ptolemy/domains/continuous/test/auto/CausalityInterface9.xml
----------------- Instantiating /home/travis/build/icyphy/ptII/ptolemy/domains/continuous/test/auto/CausalityInterface9.xml
9 ms. Memory: 479744K Free: 99147K (21%)
----------------- Invoking toplevel() on ptolemy.moml.MoMLSimpleApplication@17d02bc8
----------------- Done invoking toplevel() on ptolemy.moml.MoMLSimpleApplication@17d02bc8
reloadAllAccessors: .CausalityInterface9

===========================================================================================
----------------- testing Fri Aug 24 01:57:16 UTC 2018 /home/travis/build/icyphy/ptII/ptolemy/domains/continuous/test/auto/CausalityInterfaceFeedback1.xml
----------------- Instantiating /home/travis/build/icyphy/ptII/ptolemy/domains/continuous/test/auto/CausalityInterfaceFeedback1.xml
6 ms. Memory: 479744K Free: 88643K (18%)
----------------- Invoking toplevel() on ptolemy.moml.MoMLSimpleApplication@14b23019
----------------- Done invoking toplevel() on ptolemy.moml.MoMLSimpleApplication@14b23019
reloadAllAccessors: .CausalityInterfaceFeedback1

===========================================================================================
----------------- testing Fri Aug 24 01:57:16 UTC 2018 /home/travis/build/icyphy/ptII/ptolemy/domains/continuous/test/auto/CausalityInterfaceFeedback2.xml
----------------- Instantiating /home/travis/build/icyphy/ptII/ptolemy/domains/continuous/test/auto/CausalityInterfaceFeedback2.xml
10 ms. Memory: 456192K Free: 447451K (98%)
----------------- Invoking toplevel() on ptolemy.moml.MoMLSimpleApplication@66bebbc2
----------------- Done invoking toplevel() on ptolemy.moml.MoMLSimpleApplication@66bebbc2
reloadAllAccessors: .CausalityInterfaceFeedback2

===========================================================================================
----------------- testing Fri Aug 24 01:57:16 UTC 2018 /home/travis/build/icyphy/ptII/ptolemy/domains/continuous/test/auto/CompareWithCurrentTime.xml
----------------- Instantiating /home/travis/build/icyphy/ptII/ptolemy/domains/continuous/test/auto/CompareWithCurrentTime.xml
4 ms. Memory: 456192K Free: 436151K (96%)
----------------- Invoking toplevel() on ptolemy.moml.MoMLSimpleApplication@4eb5c63f
----------------- Done invoking toplevel() on ptolemy.moml.MoMLSimpleApplication@4eb5c63f
reloadAllAccessors: .CompareWithCurrentTime

===========================================================================================
----------------- testing Fri Aug 24 01:57:16 UTC 2018 /home/travis/build/icyphy/ptII/ptolemy/domains/continuous/test/auto/ComparedClocks.xml
----------------- Instantiating /home/travis/build/icyphy/ptII/ptolemy/domains/continuous/test/auto/ComparedClocks.xml
8 ms. Memory: 456192K Free: 416099K (91%)
----------------- Invoking toplevel() on ptolemy.moml.MoMLSimpleApplication@68167d48
----------------- Done invoking toplevel() on ptolemy.moml.MoMLSimpleApplication@68167d48
reloadAllAccessors: .ComparedClocks

===========================================================================================
----------------- testing Fri Aug 24 01:57:16 UTC 2018 /home/travis/build/icyphy/ptII/ptolemy/domains/continuous/test/auto/ContinuousAOCClone.xml
----------------- Instantiating /home/travis/build/icyphy/ptII/ptolemy/domains/continuous/test/auto/ContinuousAOCClone.xml
2674 ms. Memory: 444416K Free: 242224K (55%)
----------------- Invoking toplevel() on ptolemy.moml.MoMLSimpleApplication@5fb28e25
----------------- Done invoking toplevel() on ptolemy.moml.MoMLSimpleApplication@5fb28e25
reloadAllAccessors: .ContinuousAOCClone

===========================================================================================
----------------- testing Fri Aug 24 01:57:19 UTC 2018 /home/travis/build/icyphy/ptII/ptolemy/domains/continuous/test/auto/ContinuousClock.xml
----------------- Instantiating /home/travis/build/icyphy/ptII/ptolemy/domains/continuous/test/auto/ContinuousClock.xml
31 ms. Memory: 444416K Free: 215549K (49%)
----------------- Invoking toplevel() on ptolemy.moml.MoMLSimpleApplication@4d5633f9
----------------- Done invoking toplevel() on ptolemy.moml.MoMLSimpleApplication@4d5633f9
reloadAllAccessors: .ContinuousClock

===========================================================================================
----------------- testing Fri Aug 24 01:57:19 UTC 2018 /home/travis/build/icyphy/ptII/ptolemy/domains/continuous/test/auto/ContinuousInContinuous.xml
----------------- Instantiating /home/travis/build/icyphy/ptII/ptolemy/domains/continuous/test/auto/ContinuousInContinuous.xml
45 ms. Memory: 444416K Free: 187042K (42%)
----------------- Invoking toplevel() on ptolemy.moml.MoMLSimpleApplication@34e6d712
----------------- Done invoking toplevel() on ptolemy.moml.MoMLSimpleApplication@34e6d712
reloadAllAccessors: .ContinuousInContinuous

===========================================================================================
----------------- testing Fri Aug 24 01:57:19 UTC 2018 /home/travis/build/icyphy/ptII/ptolemy/domains/continuous/test/auto/ContinuousInContinuousInContinuous.xml
----------------- Instantiating /home/travis/build/icyphy/ptII/ptolemy/domains/continuous/test/auto/ContinuousInContinuousInContinuous.xml
12 ms. Memory: 444416K Free: 178063K (40%)
----------------- Invoking toplevel() on ptolemy.moml.MoMLSimpleApplication@70280e2a
----------------- Done invoking toplevel() on ptolemy.moml.MoMLSimpleApplication@70280e2a
reloadAllAccessors: .ContinuousInContinuousInContinuous

===========================================================================================
----------------- testing Fri Aug 24 01:57:19 UTC 2018 /home/travis/build/icyphy/ptII/ptolemy/domains/continuous/test/auto/ContinuousInDE.xml
----------------- Instantiating /home/travis/build/icyphy/ptII/ptolemy/domains/continuous/test/auto/ContinuousInDE.xml
136 ms. Memory: 444416K Free: 163976K (37%)
----------------- Invoking toplevel() on ptolemy.moml.MoMLSimpleApplication@20a4a132
----------------- Done invoking toplevel() on ptolemy.moml.MoMLSimpleApplication@20a4a132
reloadAllAccessors: .ContinuousInDE

===========================================================================================
----------------- testing Fri Aug 24 01:57:19 UTC 2018 /home/travis/build/icyphy/ptII/ptolemy/domains/continuous/test/auto/ContinuousInDE2.xml
----------------- Instantiating /home/travis/build/icyphy/ptII/ptolemy/domains/continuous/test/auto/ContinuousInDE2.xml
46 ms. Memory: 444416K Free: 151434K (34%)
----------------- Invoking toplevel() on ptolemy.moml.MoMLSimpleApplication@3a16cd6a
----------------- Done invoking toplevel() on ptolemy.moml.MoMLSimpleApplication@3a16cd6a
reloadAllAccessors: .ContinuousInDE2

===========================================================================================
----------------- testing Fri Aug 24 01:57:19 UTC 2018 /home/travis/build/icyphy/ptII/ptolemy/domains/continuous/test/auto/ContinuousInDE3.xml
----------------- Instantiating /home/travis/build/icyphy/ptII/ptolemy/domains/continuous/test/auto/ContinuousInDE3.xml
47 ms. Memory: 444416K Free: 137346K (31%)
----------------- Invoking toplevel() on ptolemy.moml.MoMLSimpleApplication@5d6e3755
----------------- Done invoking toplevel() on ptolemy.moml.MoMLSimpleApplication@5d6e3755
reloadAllAccessors: .ContinuousInDE3

===========================================================================================
----------------- testing Fri Aug 24 01:57:19 UTC 2018 /home/travis/build/icyphy/ptII/ptolemy/domains/continuous/test/auto/ContinuousInDE4.xml
----------------- Instantiating /home/travis/build/icyphy/ptII/ptolemy/domains/continuous/test/auto/ContinuousInDE4.xml
14 ms. Memory: 444416K Free: 128383K (29%)
----------------- Invoking toplevel() on ptolemy.moml.MoMLSimpleApplication@33dd42b2
----------------- Done invoking toplevel() on ptolemy.moml.MoMLSimpleApplication@33dd42b2
reloadAllAccessors: .ContinuousInDE4

===========================================================================================
----------------- testing Fri Aug 24 01:57:19 UTC 2018 /home/travis/build/icyphy/ptII/ptolemy/domains/continuous/test/auto/ContinuousInDEDifferentRefinements.xml
----------------- Instantiating /home/travis/build/icyphy/ptII/ptolemy/domains/continuous/test/auto/ContinuousInDEDifferentRefinements.xml
53 ms. Memory: 444416K Free: 92734K (21%)
----------------- Invoking toplevel() on ptolemy.moml.MoMLSimpleApplication@615bf652
----------------- Done invoking toplevel() on ptolemy.moml.MoMLSimpleApplication@615bf652
reloadAllAccessors: .ContinuousInDEDifferentRefinements

===========================================================================================
----------------- testing Fri Aug 24 01:57:19 UTC 2018 /home/travis/build/icyphy/ptII/ptolemy/domains/continuous/test/auto/ContinuousInDEDifferentRefinementsPreemptive.xml
----------------- Instantiating /home/travis/build/icyphy/ptII/ptolemy/domains/continuous/test/auto/ContinuousInDEDifferentRefinementsPreemptive.xml
63 ms. Memory: 422912K Free: 394538K (93%)
----------------- Invoking toplevel() on ptolemy.moml.MoMLSimpleApplication@561beb89
----------------- Done invoking toplevel() on ptolemy.moml.MoMLSimpleApplication@561beb89
reloadAllAccessors: .ContinuousInDEDifferentRefinementsPreemptive

===========================================================================================
----------------- testing Fri Aug 24 01:57:20 UTC 2018 /home/travis/build/icyphy/ptII/ptolemy/domains/continuous/test/auto/ContinuousInDEInContinuous2.xml
----------------- Instantiating /home/travis/build/icyphy/ptII/ptolemy/domains/continuous/test/auto/ContinuousInDEInContinuous2.xml
42 ms. Memory: 422912K Free: 378840K (90%)
----------------- Invoking toplevel() on ptolemy.moml.MoMLSimpleApplication@7e77ce4c
----------------- Done invoking toplevel() on ptolemy.moml.MoMLSimpleApplication@7e77ce4c
reloadAllAccessors: .ContinuousInDEInContinuous2

===========================================================================================
----------------- testing Fri Aug 24 01:57:20 UTC 2018 /home/travis/build/icyphy/ptII/ptolemy/domains/continuous/test/auto/ContinuousInDEInContinuous3.xml
----------------- Instantiating /home/travis/build/icyphy/ptII/ptolemy/domains/continuous/test/auto/ContinuousInDEInContinuous3.xml
43 ms. Memory: 422912K Free: 362433K (86%)
----------------- Invoking toplevel() on ptolemy.moml.MoMLSimpleApplication@1dc366f8
----------------- Done invoking toplevel() on ptolemy.moml.MoMLSimpleApplication@1dc366f8
reloadAllAccessors: .ContinuousInDEInContinuous3

===========================================================================================
----------------- testing Fri Aug 24 01:57:20 UTC 2018 /home/travis/build/icyphy/ptII/ptolemy/domains/continuous/test/auto/ContinuousInDEInput.xml
----------------- Instantiating /home/travis/build/icyphy/ptII/ptolemy/domains/continuous/test/auto/ContinuousInDEInput.xml
20 ms. Memory: 422912K Free: 352872K (83%)
----------------- Invoking toplevel() on ptolemy.moml.MoMLSimpleApplication@15ce2c1d
----------------- Done invoking toplevel() on ptolemy.moml.MoMLSimpleApplication@15ce2c1d
reloadAllAccessors: .ContinuousInDEInput

===========================================================================================
----------------- testing Fri Aug 24 01:57:20 UTC 2018 /home/travis/build/icyphy/ptII/ptolemy/domains/continuous/test/auto/ContinuousInDEInput2.xml
----------------- Instantiating /home/travis/build/icyphy/ptII/ptolemy/domains/continuous/test/auto/ContinuousInDEInput2.xml
17 ms. Memory: 422912K Free: 341596K (81%)
----------------- Invoking toplevel() on ptolemy.moml.MoMLSimpleApplication@6645bb9f
----------------- Done invoking toplevel() on ptolemy.moml.MoMLSimpleApplication@6645bb9f
reloadAllAccessors: .ContinuousInDEInput2

===========================================================================================
----------------- testing Fri Aug 24 01:57:20 UTC 2018 /home/travis/build/icyphy/ptII/ptolemy/domains/continuous/test/auto/ContinuousInDEInput3.xml
----------------- Instantiating /home/travis/build/icyphy/ptII/ptolemy/domains/continuous/test/auto/ContinuousInDEInput3.xml
19 ms. Memory: 422912K Free: 333050K (79%)
----------------- Invoking toplevel() on ptolemy.moml.MoMLSimpleApplication@18229d98
----------------- Done invoking toplevel() on ptolemy.moml.MoMLSimpleApplication@18229d98
reloadAllAccessors: .ContinuousInDEInput3

===========================================================================================
----------------- testing Fri Aug 24 01:57:20 UTC 2018 /home/travis/build/icyphy/ptII/ptolemy/domains/continuous/test/auto/ContinuousInDESharingRefinement.xml
----------------- Instantiating /home/travis/build/icyphy/ptII/ptolemy/domains/continuous/test/auto/ContinuousInDESharingRefinement.xml
180 ms. Memory: 422912K Free: 234144K (55%)
----------------- Invoking toplevel() on ptolemy.moml.MoMLSimpleApplication@537413cc
----------------- Done invoking toplevel() on ptolemy.moml.MoMLSimpleApplication@537413cc
reloadAllAccessors: .ContinuousInDESharingRefinement

===========================================================================================
----------------- testing Fri Aug 24 01:57:20 UTC 2018 /home/travis/build/icyphy/ptII/ptolemy/domains/continuous/test/auto/ContinuousInDEwithNoPorts.xml
----------------- Instantiating /home/travis/build/icyphy/ptII/ptolemy/domains/continuous/test/auto/ContinuousInDEwithNoPorts.xml
6 ms. Memory: 422912K Free: 227990K (54%)
----------------- Invoking toplevel() on ptolemy.moml.MoMLSimpleApplication@39ada03f
----------------- Done invoking toplevel() on ptolemy.moml.MoMLSimpleApplication@39ada03f
reloadAllAccessors: .ContinuousInDEwithNoPorts

===========================================================================================
----------------- testing Fri Aug 24 01:57:20 UTC 2018 /home/travis/build/icyphy/ptII/ptolemy/domains/continuous/test/auto/ContinuousInsideDE.xml
----------------- Instantiating /home/travis/build/icyphy/ptII/ptolemy/domains/continuous/test/auto/ContinuousInsideDE.xml
61 ms. Memory: 422912K Free: 213310K (50%)
----------------- Invoking toplevel() on ptolemy.moml.MoMLSimpleApplication@5a073e44
----------------- Done invoking toplevel() on ptolemy.moml.MoMLSimpleApplication@5a073e44
reloadAllAccessors: .ContinuousInsideDE

===========================================================================================
----------------- testing Fri Aug 24 01:57:20 UTC 2018 /home/travis/build/icyphy/ptII/ptolemy/domains/continuous/test/auto/ContinuousMerge1.xml
----------------- Instantiating /home/travis/build/icyphy/ptII/ptolemy/domains/continuous/test/auto/ContinuousMerge1.xml
3 ms. Memory: 422912K Free: 207156K (49%)
----------------- Invoking toplevel() on ptolemy.moml.MoMLSimpleApplication@69a6867f
----------------- Done invoking toplevel() on ptolemy.moml.MoMLSimpleApplication@69a6867f
reloadAllAccessors: .ContinuousMerge1

===========================================================================================
----------------- testing Fri Aug 24 01:57:20 UTC 2018 /home/travis/build/icyphy/ptII/ptolemy/domains/continuous/test/auto/ContinuousMerge2.xml
----------------- Instantiating /home/travis/build/icyphy/ptII/ptolemy/domains/continuous/test/auto/ContinuousMerge2.xml
16 ms. Memory: 422912K Free: 193456K (46%)
----------------- Invoking toplevel() on ptolemy.moml.MoMLSimpleApplication@62e55716
----------------- Done invoking toplevel() on ptolemy.moml.MoMLSimpleApplication@62e55716
reloadAllAccessors: .ContinuousMerge2

===========================================================================================
----------------- testing Fri Aug 24 01:57:20 UTC 2018 /home/travis/build/icyphy/ptII/ptolemy/domains/continuous/test/auto/ContinuousMerge3.xml
----------------- Instantiating /home/travis/build/icyphy/ptII/ptolemy/domains/continuous/test/auto/ContinuousMerge3.xml
66 ms. Memory: 422912K Free: 180456K (43%)
----------------- Invoking toplevel() on ptolemy.moml.MoMLSimpleApplication@7659cee1
----------------- Done invoking toplevel() on ptolemy.moml.MoMLSimpleApplication@7659cee1
reloadAllAccessors: .ContinuousMerge3

===========================================================================================
----------------- testing Fri Aug 24 01:57:20 UTC 2018 /home/travis/build/icyphy/ptII/ptolemy/domains/continuous/test/auto/ContinuousWithinContinuous.xml
----------------- Instantiating /home/travis/build/icyphy/ptII/ptolemy/domains/continuous/test/auto/ContinuousWithinContinuous.xml
53 ms. Memory: 422912K Free: 169116K (40%)
----------------- Invoking toplevel() on ptolemy.moml.MoMLSimpleApplication@48817599
----------------- Done invoking toplevel() on ptolemy.moml.MoMLSimpleApplication@48817599
reloadAllAccessors: .ContinuousWithinContinuous

===========================================================================================
----------------- testing Fri Aug 24 01:57:20 UTC 2018 /home/travis/build/icyphy/ptII/ptolemy/domains/continuous/test/auto/ContinuousWithinContinuous2.xml
----------------- Instantiating /home/travis/build/icyphy/ptII/ptolemy/domains/continuous/test/auto/ContinuousWithinContinuous2.xml
99 ms. Memory: 422912K Free: 154424K (37%)
----------------- Invoking toplevel() on ptolemy.moml.MoMLSimpleApplication@1c46e241
----------------- Done invoking toplevel() on ptolemy.moml.MoMLSimpleApplication@1c46e241
reloadAllAccessors: .ContinuousWithinContinuous2

===========================================================================================
----------------- testing Fri Aug 24 01:57:21 UTC 2018 /home/travis/build/icyphy/ptII/ptolemy/domains/continuous/test/auto/ContinuousWithinContinuous3.xml
----------------- Instantiating /home/travis/build/icyphy/ptII/ptolemy/domains/continuous/test/auto/ContinuousWithinContinuous3.xml
17 ms. Memory: 422912K Free: 144824K (34%)
----------------- Invoking toplevel() on ptolemy.moml.MoMLSimpleApplication@3f286e10
----------------- Done invoking toplevel() on ptolemy.moml.MoMLSimpleApplication@3f286e10
reloadAllAccessors: .ContinuousWithinContinuous3

===========================================================================================
----------------- testing Fri Aug 24 01:57:21 UTC 2018 /home/travis/build/icyphy/ptII/ptolemy/domains/continuous/test/auto/ContinuousWithinContinuous4.xml
----------------- Instantiating /home/travis/build/icyphy/ptII/ptolemy/domains/continuous/test/auto/ContinuousWithinContinuous4.xml
108 ms. Memory: 422912K Free: 129448K (31%)
----------------- Invoking toplevel() on ptolemy.moml.MoMLSimpleApplication@283f7d7f
----------------- Done invoking toplevel() on ptolemy.moml.MoMLSimpleApplication@283f7d7f
reloadAllAccessors: .ContinuousWithinContinuous4

===========================================================================================
----------------- testing Fri Aug 24 01:57:21 UTC 2018 /home/travis/build/icyphy/ptII/ptolemy/domains/continuous/test/auto/ContinuousWithinContinuous5.xml
----------------- Instantiating /home/travis/build/icyphy/ptII/ptolemy/domains/continuous/test/auto/ContinuousWithinContinuous5.xml
17 ms. Memory: 422912K Free: 118156K (28%)
----------------- Invoking toplevel() on ptolemy.moml.MoMLSimpleApplication@33139a53
----------------- Done invoking toplevel() on ptolemy.moml.MoMLSimpleApplication@33139a53
reloadAllAccessors: .ContinuousWithinContinuous5

===========================================================================================
----------------- testing Fri Aug 24 01:57:21 UTC 2018 /home/travis/build/icyphy/ptII/ptolemy/domains/continuous/test/auto/ContinuousWithinContinuous6.xml
----------------- Instantiating /home/travis/build/icyphy/ptII/ptolemy/domains/continuous/test/auto/ContinuousWithinContinuous6.xml
19 ms. Memory: 422912K Free: 108587K (26%)
----------------- Invoking toplevel() on ptolemy.moml.MoMLSimpleApplication@1709ebb3
----------------- Done invoking toplevel() on ptolemy.moml.MoMLSimpleApplication@1709ebb3
reloadAllAccessors: .ContinuousWithinContinuous6

===========================================================================================
----------------- testing Fri Aug 24 01:57:21 UTC 2018 /home/travis/build/icyphy/ptII/ptolemy/domains/continuous/test/auto/ContinuousWithinContinuous7.xml
----------------- Instantiating /home/travis/build/icyphy/ptII/ptolemy/domains/continuous/test/auto/ContinuousWithinContinuous7.xml
94 ms. Memory: 422912K Free: 93895K (22%)
----------------- Invoking toplevel() on ptolemy.moml.MoMLSimpleApplication@a126c0
----------------- Done invoking toplevel() on ptolemy.moml.MoMLSimpleApplication@a126c0
reloadAllAccessors: .ContinuousWithinContinuous7

===========================================================================================
----------------- testing Fri Aug 24 01:57:21 UTC 2018 /home/travis/build/icyphy/ptII/ptolemy/domains/continuous/test/auto/DCMotor.xml
----------------- Instantiating /home/travis/build/icyphy/ptII/ptolemy/domains/continuous/test/auto/DCMotor.xml
17120 ms. Memory: 264704K Free: 224947K (85%)
----------------- Invoking toplevel() on ptolemy.moml.MoMLSimpleApplication@6075440f
----------------- Done invoking toplevel() on ptolemy.moml.MoMLSimpleApplication@6075440f
reloadAllAccessors: .DCMotor

===========================================================================================
----------------- testing Fri Aug 24 01:57:38 UTC 2018 /home/travis/build/icyphy/ptII/ptolemy/domains/continuous/test/auto/DEInContinuous.xml
----------------- Instantiating /home/travis/build/icyphy/ptII/ptolemy/domains/continuous/test/auto/DEInContinuous.xml
20 ms. Memory: 264704K Free: 212693K (80%)
----------------- Invoking toplevel() on ptolemy.moml.MoMLSimpleApplication@5ef65036
----------------- Done invoking toplevel() on ptolemy.moml.MoMLSimpleApplication@5ef65036
reloadAllAccessors: .DEInContinuous

===========================================================================================
----------------- testing Fri Aug 24 01:57:38 UTC 2018 /home/travis/build/icyphy/ptII/ptolemy/domains/continuous/test/auto/DEinContinuous2.xml
----------------- Instantiating /home/travis/build/icyphy/ptII/ptolemy/domains/continuous/test/auto/DEinContinuous2.xml
7 ms. Memory: 264704K Free: 200849K (76%)
----------------- Invoking toplevel() on ptolemy.moml.MoMLSimpleApplication@6fbf4a1b
----------------- Done invoking toplevel() on ptolemy.moml.MoMLSimpleApplication@6fbf4a1b
reloadAllAccessors: .DEinContinuous2

===========================================================================================
----------------- testing Fri Aug 24 01:57:38 UTC 2018 /home/travis/build/icyphy/ptII/ptolemy/domains/continuous/test/auto/Derivative.xml
----------------- Instantiating /home/travis/build/icyphy/ptII/ptolemy/domains/continuous/test/auto/Derivative.xml
207 ms. Memory: 264704K Free: 163341K (62%)
----------------- Invoking toplevel() on ptolemy.moml.MoMLSimpleApplication@4898354f
----------------- Done invoking toplevel() on ptolemy.moml.MoMLSimpleApplication@4898354f
reloadAllAccessors: .Derivative2

===========================================================================================
----------------- testing Fri Aug 24 01:57:39 UTC 2018 /home/travis/build/icyphy/ptII/ptolemy/domains/continuous/test/auto/Derivative1.xml
----------------- Instantiating /home/travis/build/icyphy/ptII/ptolemy/domains/continuous/test/auto/Derivative1.xml
27 ms. Memory: 264704K Free: 144149K (54%)
----------------- Invoking toplevel() on ptolemy.moml.MoMLSimpleApplication@4689f055
----------------- Done invoking toplevel() on ptolemy.moml.MoMLSimpleApplication@4689f055
reloadAllAccessors: .Derivative1

===========================================================================================
----------------- testing Fri Aug 24 01:57:39 UTC 2018 /home/travis/build/icyphy/ptII/ptolemy/domains/continuous/test/auto/DiscreteClock.xml
----------------- Instantiating /home/travis/build/icyphy/ptII/ptolemy/domains/continuous/test/auto/DiscreteClock.xml
10 ms. Memory: 264704K Free: 132306K (50%)
----------------- Invoking toplevel() on ptolemy.moml.MoMLSimpleApplication@759a642c
----------------- Done invoking toplevel() on ptolemy.moml.MoMLSimpleApplication@759a642c
reloadAllAccessors: .DiscreteClock

===========================================================================================
----------------- testing Fri Aug 24 01:57:39 UTC 2018 /home/travis/build/icyphy/ptII/ptolemy/domains/continuous/test/auto/EfficiencyCurve.xml
----------------- Instantiating /home/travis/build/icyphy/ptII/ptolemy/domains/continuous/test/auto/EfficiencyCurve.xml
101 ms. Memory: 264704K Free: 116809K (44%)
----------------- Invoking toplevel() on ptolemy.moml.MoMLSimpleApplication@286ff9d5
----------------- Done invoking toplevel() on ptolemy.moml.MoMLSimpleApplication@286ff9d5
reloadAllAccessors: .EfficiencyCurve

===========================================================================================
----------------- testing Fri Aug 24 01:57:39 UTC 2018 /home/travis/build/icyphy/ptII/ptolemy/domains/continuous/test/auto/ExponentialResponse.xml
----------------- Instantiating /home/travis/build/icyphy/ptII/ptolemy/domains/continuous/test/auto/ExponentialResponse.xml
127 ms. Memory: 264704K Free: 97649K (37%)
----------------- Invoking toplevel() on ptolemy.moml.MoMLSimpleApplication@484ed66f
----------------- Done invoking toplevel() on ptolemy.moml.MoMLSimpleApplication@484ed66f
reloadAllAccessors: .ExponentialResponse

===========================================================================================
----------------- testing Fri Aug 24 01:57:39 UTC 2018 /home/travis/build/icyphy/ptII/ptolemy/domains/continuous/test/auto/ExponentialResponseRK45.xml
----------------- Instantiating /home/travis/build/icyphy/ptII/ptolemy/domains/continuous/test/auto/ExponentialResponseRK45.xml
29 ms. Memory: 264704K Free: 89488K (34%)
----------------- Invoking toplevel() on ptolemy.moml.MoMLSimpleApplication@409cc496
----------------- Done invoking toplevel() on ptolemy.moml.MoMLSimpleApplication@409cc496
reloadAllAccessors: .ExponentialResponseRK45

===========================================================================================
----------------- testing Fri Aug 24 01:57:39 UTC 2018 /home/travis/build/icyphy/ptII/ptolemy/domains/continuous/test/auto/Friction.xml
----------------- Instantiating /home/travis/build/icyphy/ptII/ptolemy/domains/continuous/test/auto/Friction.xml
1591 ms. Memory: 246784K Free: 154677K (63%)
----------------- Invoking toplevel() on ptolemy.moml.MoMLSimpleApplication@5b426040
----------------- Done invoking toplevel() on ptolemy.moml.MoMLSimpleApplication@5b426040
reloadAllAccessors: .Friction

===========================================================================================
----------------- testing Fri Aug 24 01:57:41 UTC 2018 /home/travis/build/icyphy/ptII/ptolemy/domains/continuous/test/auto/FurutaPendulum.xml
----------------- Instantiating /home/travis/build/icyphy/ptII/ptolemy/domains/continuous/test/auto/FurutaPendulum.xml
2779 ms. Memory: 224256K Free: 107750K (48%)
----------------- Invoking toplevel() on ptolemy.moml.MoMLSimpleApplication@7fd03244
----------------- Done invoking toplevel() on ptolemy.moml.MoMLSimpleApplication@7fd03244
reloadAllAccessors: .FurutaPendulum

===========================================================================================
----------------- testing Fri Aug 24 01:57:44 UTC 2018 /home/travis/build/icyphy/ptII/ptolemy/domains/continuous/test/auto/HierarchicalExecution.xml
----------------- Instantiating /home/travis/build/icyphy/ptII/ptolemy/domains/continuous/test/auto/HierarchicalExecution.xml
2058 ms. Memory: 255488K Free: 116576K (46%)
----------------- Invoking toplevel() on ptolemy.moml.MoMLSimpleApplication@4ebcd7fb
----------------- Done invoking toplevel() on ptolemy.moml.MoMLSimpleApplication@4ebcd7fb
reloadAllAccessors: .HierarchicalExecution

===========================================================================================
----------------- testing Fri Aug 24 01:57:46 UTC 2018 /home/travis/build/icyphy/ptII/ptolemy/domains/continuous/test/auto/HybridPlant.xml
----------------- Instantiating /home/travis/build/icyphy/ptII/ptolemy/domains/continuous/test/auto/HybridPlant.xml
607 ms. Memory: 287232K Free: 204282K (71%)
----------------- Invoking toplevel() on ptolemy.moml.MoMLSimpleApplication@6d416b8
----------------- Done invoking toplevel() on ptolemy.moml.MoMLSimpleApplication@6d416b8
reloadAllAccessors: .HybridPlant

===========================================================================================
----------------- testing Fri Aug 24 01:57:47 UTC 2018 /home/travis/build/icyphy/ptII/ptolemy/domains/continuous/test/auto/Hysteresis.xml
----------------- Instantiating /home/travis/build/icyphy/ptII/ptolemy/domains/continuous/test/auto/Hysteresis.xml
155 ms. Memory: 287232K Free: 137999K (48%)
----------------- Invoking toplevel() on ptolemy.moml.MoMLSimpleApplication@440135a5
----------------- Done invoking toplevel() on ptolemy.moml.MoMLSimpleApplication@440135a5
reloadAllAccessors: .Hysteresis

===========================================================================================
----------------- testing Fri Aug 24 01:57:47 UTC 2018 /home/travis/build/icyphy/ptII/ptolemy/domains/continuous/test/auto/HysteresisWithRandomDelay.xml
----------------- Instantiating /home/travis/build/icyphy/ptII/ptolemy/domains/continuous/test/auto/HysteresisWithRandomDelay.xml
199 ms. Memory: 287232K Free: 58768K (20%)
----------------- Invoking toplevel() on ptolemy.moml.MoMLSimpleApplication@2a6029
----------------- Done invoking toplevel() on ptolemy.moml.MoMLSimpleApplication@2a6029
reloadAllAccessors: .HysteresisWithRandomDelay

===========================================================================================
----------------- testing Fri Aug 24 01:57:47 UTC 2018 /home/travis/build/icyphy/ptII/ptolemy/domains/continuous/test/auto/HysteresisWithRandomLosses.xml
----------------- Instantiating /home/travis/build/icyphy/ptII/ptolemy/domains/continuous/test/auto/HysteresisWithRandomLosses.xml
2557 ms. Memory: 252416K Free: 199835K (79%)
----------------- Invoking toplevel() on ptolemy.moml.MoMLSimpleApplication@49105cd6
----------------- Done invoking toplevel() on ptolemy.moml.MoMLSimpleApplication@49105cd6
reloadAllAccessors: .HysteresisWithRandomLosses

===========================================================================================
----------------- testing Fri Aug 24 01:57:50 UTC 2018 /home/travis/build/icyphy/ptII/ptolemy/domains/continuous/test/auto/ImmediateTransitions.xml
----------------- Instantiating /home/travis/build/icyphy/ptII/ptolemy/domains/continuous/test/auto/ImmediateTransitions.xml
18 ms. Memory: 252416K Free: 184928K (73%)
----------------- Invoking toplevel() on ptolemy.moml.MoMLSimpleApplication@2f36756c
----------------- Done invoking toplevel() on ptolemy.moml.MoMLSimpleApplication@2f36756c
reloadAllAccessors: .ImmediateTransitions

===========================================================================================
----------------- testing Fri Aug 24 01:57:50 UTC 2018 /home/travis/build/icyphy/ptII/ptolemy/domains/continuous/test/auto/ImpulseFeedback.xml
----------------- Instantiating /home/travis/build/icyphy/ptII/ptolemy/domains/continuous/test/auto/ImpulseFeedback.xml
11 ms. Memory: 252416K Free: 174134K (69%)
----------------- Invoking toplevel() on ptolemy.moml.MoMLSimpleApplication@8d6da48
----------------- Done invoking toplevel() on ptolemy.moml.MoMLSimpleApplication@8d6da48
reloadAllAccessors: .ImpulseFeedback

===========================================================================================
----------------- testing Fri Aug 24 01:57:50 UTC 2018 /home/travis/build/icyphy/ptII/ptolemy/domains/continuous/test/auto/ImpulseFeedback2.xml
----------------- Instantiating /home/travis/build/icyphy/ptII/ptolemy/domains/continuous/test/auto/ImpulseFeedback2.xml
7 ms. Memory: 252416K Free: 163253K (65%)
----------------- Invoking toplevel() on ptolemy.moml.MoMLSimpleApplication@1a386108
----------------- Done invoking toplevel() on ptolemy.moml.MoMLSimpleApplication@1a386108
reloadAllAccessors: .ImpulseFeedback2

===========================================================================================
----------------- testing Fri Aug 24 01:57:50 UTC 2018 /home/travis/build/icyphy/ptII/ptolemy/domains/continuous/test/auto/IncreasingRatePoisson.xml
----------------- Instantiating /home/travis/build/icyphy/ptII/ptolemy/domains/continuous/test/auto/IncreasingRatePoisson.xml
763 ms. Memory: 238592K Free: 156529K (66%)
----------------- Invoking toplevel() on ptolemy.moml.MoMLSimpleApplication@5290af3c
----------------- Done invoking toplevel() on ptolemy.moml.MoMLSimpleApplication@5290af3c
reloadAllAccessors: .IncreasingRatePoisson

===========================================================================================
----------------- testing Fri Aug 24 01:57:51 UTC 2018 /home/travis/build/icyphy/ptII/ptolemy/domains/continuous/test/auto/InitialStateFeedback.xml
----------------- Instantiating /home/travis/build/icyphy/ptII/ptolemy/domains/continuous/test/auto/InitialStateFeedback.xml
4 ms. Memory: 238592K Free: 149480K (63%)
----------------- Invoking toplevel() on ptolemy.moml.MoMLSimpleApplication@4be46f19
----------------- Done invoking toplevel() on ptolemy.moml.MoMLSimpleApplication@4be46f19
reloadAllAccessors: .InitialStateFeedback

===========================================================================================
----------------- testing Fri Aug 24 01:57:51 UTC 2018 /home/travis/build/icyphy/ptII/ptolemy/domains/continuous/test/auto/Integration.xml
----------------- Instantiating /home/travis/build/icyphy/ptII/ptolemy/domains/continuous/test/auto/Integration.xml
2 ms. Memory: 238592K Free: 144017K (60%)
----------------- Invoking toplevel() on ptolemy.moml.MoMLSimpleApplication@5acf0fef
----------------- Done invoking toplevel() on ptolemy.moml.MoMLSimpleApplication@5acf0fef
reloadAllAccessors: .Integration

===========================================================================================
----------------- testing Fri Aug 24 01:57:51 UTC 2018 /home/travis/build/icyphy/ptII/ptolemy/domains/continuous/test/auto/Integration2.xml
----------------- Instantiating /home/travis/build/icyphy/ptII/ptolemy/domains/continuous/test/auto/Integration2.xml
74 ms. Memory: 238592K Free: 127853K (54%)
----------------- Invoking toplevel() on ptolemy.moml.MoMLSimpleApplication@7e66e4af
----------------- Done invoking toplevel() on ptolemy.moml.MoMLSimpleApplication@7e66e4af
reloadAllAccessors: .Integration2

===========================================================================================
----------------- testing Fri Aug 24 01:57:51 UTC 2018 /home/travis/build/icyphy/ptII/ptolemy/domains/continuous/test/auto/Integration3.xml
----------------- Instantiating /home/travis/build/icyphy/ptII/ptolemy/domains/continuous/test/auto/Integration3.xml
2 ms. Memory: 238592K Free: 122390K (51%)
----------------- Invoking toplevel() on ptolemy.moml.MoMLSimpleApplication@69510e26
----------------- Done invoking toplevel() on ptolemy.moml.MoMLSimpleApplication@69510e26
reloadAllAccessors: .Integration3

===========================================================================================
----------------- testing Fri Aug 24 01:57:51 UTC 2018 /home/travis/build/icyphy/ptII/ptolemy/domains/continuous/test/auto/Integration5.xml
----------------- Instantiating /home/travis/build/icyphy/ptII/ptolemy/domains/continuous/test/auto/Integration5.xml
2 ms. Memory: 238592K Free: 116944K (49%)
----------------- Invoking toplevel() on ptolemy.moml.MoMLSimpleApplication@2739d641
----------------- Done invoking toplevel() on ptolemy.moml.MoMLSimpleApplication@2739d641
reloadAllAccessors: .Integration5

===========================================================================================
----------------- testing Fri Aug 24 01:57:51 UTC 2018 /home/travis/build/icyphy/ptII/ptolemy/domains/continuous/test/auto/IntegratorImpulse.xml
----------------- Instantiating /home/travis/build/icyphy/ptII/ptolemy/domains/continuous/test/auto/IntegratorImpulse.xml
2 ms. Memory: 238592K Free: 111497K (47%)
----------------- Invoking toplevel() on ptolemy.moml.MoMLSimpleApplication@3c313fda
----------------- Done invoking toplevel() on ptolemy.moml.MoMLSimpleApplication@3c313fda
reloadAllAccessors: .IntegratorImpulse

===========================================================================================
----------------- testing Fri Aug 24 01:57:51 UTC 2018 /home/travis/build/icyphy/ptII/ptolemy/domains/continuous/test/auto/IntegratorImpulse2.xml
----------------- Instantiating /home/travis/build/icyphy/ptII/ptolemy/domains/continuous/test/auto/IntegratorImpulse2.xml
12 ms. Memory: 238592K Free: 106050K (44%)
----------------- Invoking toplevel() on ptolemy.moml.MoMLSimpleApplication@14a165d5
----------------- Done invoking toplevel() on ptolemy.moml.MoMLSimpleApplication@14a165d5
reloadAllAccessors: .IntegratorImpulse2

===========================================================================================
----------------- testing Fri Aug 24 01:57:51 UTC 2018 /home/travis/build/icyphy/ptII/ptolemy/domains/continuous/test/auto/LevelCrossing1.xml
----------------- Instantiating /home/travis/build/icyphy/ptII/ptolemy/domains/continuous/test/auto/LevelCrossing1.xml
3 ms. Memory: 238592K Free: 99057K (42%)
----------------- Invoking toplevel() on ptolemy.moml.MoMLSimpleApplication@39bca09b
----------------- Done invoking toplevel() on ptolemy.moml.MoMLSimpleApplication@39bca09b
reloadAllAccessors: .LevelCrossing1

===========================================================================================
----------------- testing Fri Aug 24 01:57:51 UTC 2018 /home/travis/build/icyphy/ptII/ptolemy/domains/continuous/test/auto/LevelCrossing2.xml
----------------- Instantiating /home/travis/build/icyphy/ptII/ptolemy/domains/continuous/test/auto/LevelCrossing2.xml
3 ms. Memory: 238592K Free: 92054K (39%)
----------------- Invoking toplevel() on ptolemy.moml.MoMLSimpleApplication@67098cc0
----------------- Done invoking toplevel() on ptolemy.moml.MoMLSimpleApplication@67098cc0
reloadAllAccessors: .LevelCrossing2

===========================================================================================
----------------- testing Fri Aug 24 01:57:51 UTC 2018 /home/travis/build/icyphy/ptII/ptolemy/domains/continuous/test/auto/LevelCrossing3.xml
----------------- Instantiating /home/travis/build/icyphy/ptII/ptolemy/domains/continuous/test/auto/LevelCrossing3.xml
3 ms. Memory: 238592K Free: 85045K (36%)
----------------- Invoking toplevel() on ptolemy.moml.MoMLSimpleApplication@307363e5
----------------- Done invoking toplevel() on ptolemy.moml.MoMLSimpleApplication@307363e5
reloadAllAccessors: .LevelCrossing3

===========================================================================================
----------------- testing Fri Aug 24 01:57:51 UTC 2018 /home/travis/build/icyphy/ptII/ptolemy/domains/continuous/test/auto/LevelCrossing4.xml
----------------- Instantiating /home/travis/build/icyphy/ptII/ptolemy/domains/continuous/test/auto/LevelCrossing4.xml
3 ms. Memory: 238592K Free: 78043K (33%)
----------------- Invoking toplevel() on ptolemy.moml.MoMLSimpleApplication@7a096e60
----------------- Done invoking toplevel() on ptolemy.moml.MoMLSimpleApplication@7a096e60
reloadAllAccessors: .LevelCrossing4

===========================================================================================
----------------- testing Fri Aug 24 01:57:51 UTC 2018 /home/travis/build/icyphy/ptII/ptolemy/domains/continuous/test/auto/LevelCrossing5.xml
----------------- Instantiating /home/travis/build/icyphy/ptII/ptolemy/domains/continuous/test/auto/LevelCrossing5.xml
3 ms. Memory: 238592K Free: 71034K (30%)
----------------- Invoking toplevel() on ptolemy.moml.MoMLSimpleApplication@147a365
----------------- Done invoking toplevel() on ptolemy.moml.MoMLSimpleApplication@147a365
reloadAllAccessors: .LevelCrossing5

===========================================================================================
----------------- testing Fri Aug 24 01:57:51 UTC 2018 /home/travis/build/icyphy/ptII/ptolemy/domains/continuous/test/auto/LevelCrossing6.xml
----------------- Instantiating /home/travis/build/icyphy/ptII/ptolemy/domains/continuous/test/auto/LevelCrossing6.xml
3 ms. Memory: 238592K Free: 63958K (27%)
[...]
----------------- Invoking toplevel() on ptolemy.moml.MoMLSimpleApplication@33633284
----------------- Done invoking toplevel() on ptolemy.moml.MoMLSimpleApplication@33633284
reloadAllAccessors: .ResetTransitionWithStartTime5

===========================================================================================
----------------- testing Fri Aug 24 01:58:08 UTC 2018 /home/travis/build/icyphy/ptII/ptolemy/domains/continuous/test/auto/ResetTransitionWithStartTime6.xml
----------------- Instantiating /home/travis/build/icyphy/ptII/ptolemy/domains/continuous/test/auto/ResetTransitionWithStartTime6.xml
23 ms. Memory: 534016K Free: 467728K (88%)
----------------- Invoking toplevel() on ptolemy.moml.MoMLSimpleApplication@41125ffd
----------------- Done invoking toplevel() on ptolemy.moml.MoMLSimpleApplication@41125ffd
reloadAllAccessors: .ResetTransitionWithStartTime6

===========================================================================================
----------------- testing Fri Aug 24 01:58:08 UTC 2018 /home/travis/build/icyphy/ptII/ptolemy/domains/continuous/test/auto/SRinContinuous.xml
----------------- Instantiating /home/travis/build/icyphy/ptII/ptolemy/domains/continuous/test/auto/SRinContinuous.xml
7 ms. Memory: 534016K Free: 456669K (86%)
----------------- Invoking toplevel() on ptolemy.moml.MoMLSimpleApplication@6d2be437
----------------- Done invoking toplevel() on ptolemy.moml.MoMLSimpleApplication@6d2be437
reloadAllAccessors: .SRinContinuous

===========================================================================================
----------------- testing Fri Aug 24 01:58:08 UTC 2018 /home/travis/build/icyphy/ptII/ptolemy/domains/continuous/test/auto/SampledClocks.xml
----------------- Instantiating /home/travis/build/icyphy/ptII/ptolemy/domains/continuous/test/auto/SampledClocks.xml
8 ms. Memory: 534016K Free: 444520K (83%)
----------------- Invoking toplevel() on ptolemy.moml.MoMLSimpleApplication@8a3a850
----------------- Done invoking toplevel() on ptolemy.moml.MoMLSimpleApplication@8a3a850
reloadAllAccessors: .SampledClocks

===========================================================================================
----------------- testing Fri Aug 24 01:58:08 UTC 2018 /home/travis/build/icyphy/ptII/ptolemy/domains/continuous/test/auto/Satellite.xml
----------------- Instantiating /home/travis/build/icyphy/ptII/ptolemy/domains/continuous/test/auto/Satellite.xml
1008 ms. Memory: 534016K Free: 267004K (50%)
----------------- Invoking toplevel() on ptolemy.moml.MoMLSimpleApplication@50241a46
----------------- Done invoking toplevel() on ptolemy.moml.MoMLSimpleApplication@50241a46
reloadAllAccessors: .Satellite

===========================================================================================
----------------- testing Fri Aug 24 01:58:09 UTC 2018 /home/travis/build/icyphy/ptII/ptolemy/domains/continuous/test/auto/SigmaDelta.xml
----------------- Instantiating /home/travis/build/icyphy/ptII/ptolemy/domains/continuous/test/auto/SigmaDelta.xml
2340 ms. Memory: 513536K Free: 316334K (62%)
----------------- Invoking toplevel() on ptolemy.moml.MoMLSimpleApplication@7ff62b04
----------------- Done invoking toplevel() on ptolemy.moml.MoMLSimpleApplication@7ff62b04
reloadAllAccessors: .SigmaDelta

===========================================================================================
----------------- testing Fri Aug 24 01:58:12 UTC 2018 /home/travis/build/icyphy/ptII/ptolemy/domains/continuous/test/auto/SinuBouncingBall.xml
----------------- Instantiating /home/travis/build/icyphy/ptII/ptolemy/domains/continuous/test/auto/SinuBouncingBall.xml
705 ms. Memory: 513536K Free: 93561K (18%)
----------------- Invoking toplevel() on ptolemy.moml.MoMLSimpleApplication@15a3651c
----------------- Done invoking toplevel() on ptolemy.moml.MoMLSimpleApplication@15a3651c
reloadAllAccessors: .SinuBouncingBall

===========================================================================================
----------------- testing Fri Aug 24 01:58:12 UTC 2018 /home/travis/build/icyphy/ptII/ptolemy/domains/continuous/test/auto/Sinusoid.xml
----------------- Instantiating /home/travis/build/icyphy/ptII/ptolemy/domains/continuous/test/auto/Sinusoid.xml
6 ms. Memory: 513536K Free: 86252K (17%)
----------------- Invoking toplevel() on ptolemy.moml.MoMLSimpleApplication@dbce22b
----------------- Done invoking toplevel() on ptolemy.moml.MoMLSimpleApplication@dbce22b
reloadAllAccessors: .Sinusoid

===========================================================================================
----------------- testing Fri Aug 24 01:58:12 UTC 2018 /home/travis/build/icyphy/ptII/ptolemy/domains/continuous/test/auto/SinusoidInNoise.xml
----------------- Instantiating /home/travis/build/icyphy/ptII/ptolemy/domains/continuous/test/auto/SinusoidInNoise.xml
889 ms. Memory: 489984K Free: 287989K (59%)
----------------- Invoking toplevel() on ptolemy.moml.MoMLSimpleApplication@6e64aa02
----------------- Done invoking toplevel() on ptolemy.moml.MoMLSimpleApplication@6e64aa02
reloadAllAccessors: .SinusoidInNoise

===========================================================================================
----------------- testing Fri Aug 24 01:58:13 UTC 2018 /home/travis/build/icyphy/ptII/ptolemy/domains/continuous/test/auto/SinusoidRK45.xml
----------------- Instantiating /home/travis/build/icyphy/ptII/ptolemy/domains/continuous/test/auto/SinusoidRK45.xml
2 ms. Memory: 489984K Free: 279778K (57%)
----------------- Invoking toplevel() on ptolemy.moml.MoMLSimpleApplication@7402da9d
----------------- Done invoking toplevel() on ptolemy.moml.MoMLSimpleApplication@7402da9d
reloadAllAccessors: .SinusoidRK45

===========================================================================================
----------------- testing Fri Aug 24 01:58:13 UTC 2018 /home/travis/build/icyphy/ptII/ptolemy/domains/continuous/test/auto/SinusoidWithMultipleImpulses.xml
----------------- Instantiating /home/travis/build/icyphy/ptII/ptolemy/domains/continuous/test/auto/SinusoidWithMultipleImpulses.xml
3 ms. Memory: 489984K Free: 272706K (56%)
----------------- Invoking toplevel() on ptolemy.moml.MoMLSimpleApplication@5b93afee
----------------- Done invoking toplevel() on ptolemy.moml.MoMLSimpleApplication@5b93afee
reloadAllAccessors: .SinusoidWithMultipleImpulses

===========================================================================================
----------------- testing Fri Aug 24 01:58:13 UTC 2018 /home/travis/build/icyphy/ptII/ptolemy/domains/continuous/test/auto/SquareWave.xml
----------------- Instantiating /home/travis/build/icyphy/ptII/ptolemy/domains/continuous/test/auto/SquareWave.xml
164 ms. Memory: 489984K Free: 243289K (50%)
----------------- Invoking toplevel() on ptolemy.moml.MoMLSimpleApplication@71e227e0
----------------- Done invoking toplevel() on ptolemy.moml.MoMLSimpleApplication@71e227e0
reloadAllAccessors: .SquareWave

===========================================================================================
----------------- testing Fri Aug 24 01:58:13 UTC 2018 /home/travis/build/icyphy/ptII/ptolemy/domains/continuous/test/auto/Starmac.xml
----------------- Instantiating /home/travis/build/icyphy/ptII/ptolemy/domains/continuous/test/auto/Starmac.xml
3067 ms. Memory: 474624K Free: 274308K (58%)
----------------- Invoking toplevel() on ptolemy.moml.MoMLSimpleApplication@684ca564
----------------- Done invoking toplevel() on ptolemy.moml.MoMLSimpleApplication@684ca564
reloadAllAccessors: .Starmac

===========================================================================================
----------------- testing Fri Aug 24 01:58:17 UTC 2018 /home/travis/build/icyphy/ptII/ptolemy/domains/continuous/test/auto/StaticUnits.xml
----------------- Instantiating /home/travis/build/icyphy/ptII/ptolemy/domains/continuous/test/auto/StaticUnits.xml
2137 ms. Memory: 428032K Free: 234727K (55%)
----------------- Invoking toplevel() on ptolemy.moml.MoMLSimpleApplication@7b1c45ba
----------------- Done invoking toplevel() on ptolemy.moml.MoMLSimpleApplication@7b1c45ba
reloadAllAccessors: .StaticUnits

===========================================================================================
----------------- testing Fri Aug 24 01:58:20 UTC 2018 /home/travis/build/icyphy/ptII/ptolemy/domains/continuous/test/auto/StickyMasses.xml
----------------- Instantiating /home/travis/build/icyphy/ptII/ptolemy/domains/continuous/test/auto/StickyMasses.xml
146 ms. Memory: 428032K Free: 177613K (41%)
----------------- Invoking toplevel() on ptolemy.moml.MoMLSimpleApplication@b8e0afc
----------------- Done invoking toplevel() on ptolemy.moml.MoMLSimpleApplication@b8e0afc
reloadAllAccessors: .StickyMasses

===========================================================================================
----------------- testing Fri Aug 24 01:58:20 UTC 2018 /home/travis/build/icyphy/ptII/ptolemy/domains/continuous/test/auto/StopTime.xml
----------------- Instantiating /home/travis/build/icyphy/ptII/ptolemy/domains/continuous/test/auto/StopTime.xml
45 ms. Memory: 428032K Free: 146954K (34%)
----------------- Invoking toplevel() on ptolemy.moml.MoMLSimpleApplication@4b000941
----------------- Done invoking toplevel() on ptolemy.moml.MoMLSimpleApplication@4b000941
reloadAllAccessors: .StopTime

===========================================================================================
----------------- testing Fri Aug 24 01:58:20 UTC 2018 /home/travis/build/icyphy/ptII/ptolemy/domains/continuous/test/auto/StopTime2.xml
----------------- Instantiating /home/travis/build/icyphy/ptII/ptolemy/domains/continuous/test/auto/StopTime2.xml
45 ms. Memory: 428032K Free: 121219K (28%)
----------------- Invoking toplevel() on ptolemy.moml.MoMLSimpleApplication@1df22b12
----------------- Done invoking toplevel() on ptolemy.moml.MoMLSimpleApplication@1df22b12
reloadAllAccessors: .StopTime2

===========================================================================================
----------------- testing Fri Aug 24 01:58:20 UTC 2018 /home/travis/build/icyphy/ptII/ptolemy/domains/continuous/test/auto/Switch.xml
----------------- Instantiating /home/travis/build/icyphy/ptII/ptolemy/domains/continuous/test/auto/Switch.xml
51 ms. Memory: 428032K Free: 90575K (21%)
----------------- Invoking toplevel() on ptolemy.moml.MoMLSimpleApplication@4c1d6f4
----------------- Done invoking toplevel() on ptolemy.moml.MoMLSimpleApplication@4c1d6f4
reloadAllAccessors: .Switch

===========================================================================================
----------------- testing Fri Aug 24 01:58:20 UTC 2018 /home/travis/build/icyphy/ptII/ptolemy/domains/continuous/test/auto/Thermostat.xml
----------------- Instantiating /home/travis/build/icyphy/ptII/ptolemy/domains/continuous/test/auto/Thermostat.xml
213 ms. Memory: 406528K Free: 363930K (90%)
----------------- Invoking toplevel() on ptolemy.moml.MoMLSimpleApplication@643bf40d
----------------- Done invoking toplevel() on ptolemy.moml.MoMLSimpleApplication@643bf40d
reloadAllAccessors: .Thermostat

===========================================================================================
----------------- testing Fri Aug 24 01:58:20 UTC 2018 /home/travis/build/icyphy/ptII/ptolemy/domains/continuous/test/auto/TimeDelay.xml
----------------- Instantiating /home/travis/build/icyphy/ptII/ptolemy/domains/continuous/test/auto/TimeDelay.xml
6 ms. Memory: 406528K Free: 354584K (87%)
----------------- Invoking toplevel() on ptolemy.moml.MoMLSimpleApplication@6c4322c7
----------------- Done invoking toplevel() on ptolemy.moml.MoMLSimpleApplication@6c4322c7
reloadAllAccessors: .TimeDelay

===========================================================================================
----------------- testing Fri Aug 24 01:58:20 UTC 2018 /home/travis/build/icyphy/ptII/ptolemy/domains/continuous/test/auto/TimeDelay2.xml
----------------- Instantiating /home/travis/build/icyphy/ptII/ptolemy/domains/continuous/test/auto/TimeDelay2.xml
8 ms. Memory: 406528K Free: 341879K (84%)
----------------- Invoking toplevel() on ptolemy.moml.MoMLSimpleApplication@543d2391
----------------- Done invoking toplevel() on ptolemy.moml.MoMLSimpleApplication@543d2391
reloadAllAccessors: .TimeDelay2

===========================================================================================
----------------- testing Fri Aug 24 01:58:20 UTC 2018 /home/travis/build/icyphy/ptII/ptolemy/domains/continuous/test/auto/TimeDelay3.xml
----------------- Instantiating /home/travis/build/icyphy/ptII/ptolemy/domains/continuous/test/auto/TimeDelay3.xml
8 ms. Memory: 406528K Free: 333788K (82%)
----------------- Invoking toplevel() on ptolemy.moml.MoMLSimpleApplication@7281c671
----------------- Done invoking toplevel() on ptolemy.moml.MoMLSimpleApplication@7281c671
reloadAllAccessors: .TimeDelay3

===========================================================================================
----------------- testing Fri Aug 24 01:58:20 UTC 2018 /home/travis/build/icyphy/ptII/ptolemy/domains/continuous/test/auto/TransferAbsentToInside.xml
----------------- Instantiating /home/travis/build/icyphy/ptII/ptolemy/domains/continuous/test/auto/TransferAbsentToInside.xml
34 ms. Memory: 406528K Free: 273750K (67%)
----------------- Invoking toplevel() on ptolemy.moml.MoMLSimpleApplication@6332f442
----------------- Done invoking toplevel() on ptolemy.moml.MoMLSimpleApplication@6332f442
reloadAllAccessors: .TransferAbsentToInside

===========================================================================================
----------------- testing Fri Aug 24 01:58:21 UTC 2018 /home/travis/build/icyphy/ptII/ptolemy/domains/continuous/test/auto/Transmission.xml
----------------- Instantiating /home/travis/build/icyphy/ptII/ptolemy/domains/continuous/test/auto/Transmission.xml
869 ms. Memory: 406528K Free: 38470K (9%)
----------------- Invoking toplevel() on ptolemy.moml.MoMLSimpleApplication@2246757
----------------- Done invoking toplevel() on ptolemy.moml.MoMLSimpleApplication@2246757
reloadAllAccessors: .Transmission

===========================================================================================
----------------- testing Fri Aug 24 01:58:21 UTC 2018 /home/travis/build/icyphy/ptII/ptolemy/domains/continuous/test/auto/TriggeredContinuousClock.xml
----------------- Instantiating /home/travis/build/icyphy/ptII/ptolemy/domains/continuous/test/auto/TriggeredContinuousClock.xml
40 ms. Memory: 398336K Free: 350153K (88%)
----------------- Invoking toplevel() on ptolemy.moml.MoMLSimpleApplication@35ce54d5
----------------- Done invoking toplevel() on ptolemy.moml.MoMLSimpleApplication@35ce54d5
reloadAllAccessors: .TriggeredContinuousClock

===========================================================================================
----------------- testing Fri Aug 24 01:58:22 UTC 2018 /home/travis/build/icyphy/ptII/ptolemy/domains/continuous/test/auto/TwoMachineInfiniteBusControl.xml
----------------- Instantiating /home/travis/build/icyphy/ptII/ptolemy/domains/continuous/test/auto/TwoMachineInfiniteBusControl.xml
2543 ms. Memory: 376832K Free: 102612K (27%)
----------------- Invoking toplevel() on ptolemy.moml.MoMLSimpleApplication@32d3d420
----------------- Done invoking toplevel() on ptolemy.moml.MoMLSimpleApplication@32d3d420
reloadAllAccessors: .TwoMachineInfiniteBusControl

===========================================================================================
----------------- testing Fri Aug 24 01:58:24 UTC 2018 /home/travis/build/icyphy/ptII/ptolemy/domains/continuous/test/auto/V2V.xml
----------------- Instantiating /home/travis/build/icyphy/ptII/ptolemy/domains/continuous/test/auto/V2V.xml
813 ms. Memory: 361984K Free: 208426K (58%)
----------------- Invoking toplevel() on ptolemy.moml.MoMLSimpleApplication@714c0413
----------------- Done invoking toplevel() on ptolemy.moml.MoMLSimpleApplication@714c0413
reloadAllAccessors: .V2V

===========================================================================================
----------------- testing Fri Aug 24 01:58:25 UTC 2018 /home/travis/build/icyphy/ptII/ptolemy/domains/continuous/test/auto/hierarchicalModalModel.xml
----------------- Instantiating /home/travis/build/icyphy/ptII/ptolemy/domains/continuous/test/auto/hierarchicalModalModel.xml
9 ms. Memory: 361984K Free: 190873K (53%)
----------------- Invoking toplevel() on ptolemy.moml.MoMLSimpleApplication@17284f8d
----------------- Done invoking toplevel() on ptolemy.moml.MoMLSimpleApplication@17284f8d
reloadAllAccessors: .hierarchicalModalModel

===========================================================================================
----------------- testing Fri Aug 24 01:58:25 UTC 2018 /home/travis/build/icyphy/ptII/ptolemy/domains/continuous/test/auto/hierarchicalModalModel1.xml
----------------- Instantiating /home/travis/build/icyphy/ptII/ptolemy/domains/continuous/test/auto/hierarchicalModalModel1.xml
12 ms. Memory: 361984K Free: 172888K (48%)
----------------- Invoking toplevel() on ptolemy.moml.MoMLSimpleApplication@1db35938
----------------- Done invoking toplevel() on ptolemy.moml.MoMLSimpleApplication@1db35938
reloadAllAccessors: .hierarchicalModalModel1

===========================================================================================
----------------- testing Fri Aug 24 01:58:25 UTC 2018 /home/travis/build/icyphy/ptII/ptolemy/domains/continuous/test/auto/hierarchicalModalModel2.xml
----------------- Instantiating /home/travis/build/icyphy/ptII/ptolemy/domains/continuous/test/auto/hierarchicalModalModel2.xml
6 ms. Memory: 361984K Free: 158022K (44%)
----------------- Invoking toplevel() on ptolemy.moml.MoMLSimpleApplication@2bbf75fc
----------------- Done invoking toplevel() on ptolemy.moml.MoMLSimpleApplication@2bbf75fc
reloadAllAccessors: .hierarchicalModalModel2

===========================================================================================
----------------- testing Fri Aug 24 01:58:25 UTC 2018 /home/travis/build/icyphy/ptII/ptolemy/domains/continuous/test/auto/hierarchicalModalModel3.xml
----------------- Instantiating /home/travis/build/icyphy/ptII/ptolemy/domains/continuous/test/auto/hierarchicalModalModel3.xml
7 ms. Memory: 361984K Free: 144684K (40%)
----------------- Invoking toplevel() on ptolemy.moml.MoMLSimpleApplication@77e67f01
----------------- Done invoking toplevel() on ptolemy.moml.MoMLSimpleApplication@77e67f01
reloadAllAccessors: .hierarchicalModalModel3

===========================================================================================
----------------- testing Fri Aug 24 01:58:25 UTC 2018 /home/travis/build/icyphy/ptII/ptolemy/domains/continuous/test/auto/hierarchicalModalModel4.xml
----------------- Instantiating /home/travis/build/icyphy/ptII/ptolemy/domains/continuous/test/auto/hierarchicalModalModel4.xml
7 ms. Memory: 361984K Free: 129836K (36%)
----------------- Invoking toplevel() on ptolemy.moml.MoMLSimpleApplication@47a6b979
----------------- Done invoking toplevel() on ptolemy.moml.MoMLSimpleApplication@47a6b979
reloadAllAccessors: .hierarchicalModalModel4

===========================================================================================
----------------- testing Fri Aug 24 01:58:25 UTC 2018 /home/travis/build/icyphy/ptII/ptolemy/domains/continuous/test/auto/junk.xml
----------------- Instantiating /home/travis/build/icyphy/ptII/ptolemy/domains/continuous/test/auto/junk.xml
139 ms. Memory: 361984K Free: 98035K (27%)
----------------- Invoking toplevel() on ptolemy.moml.MoMLSimpleApplication@13be573f
----------------- Done invoking toplevel() on ptolemy.moml.MoMLSimpleApplication@13be573f
reloadAllAccessors: .junk
AutoTests.java: About to close Vertx.
AutoTests.java: Vertx closed.
]]></system-out>
  <system-err><![CDATA[Warning: '.Poisson.NonStrictTest' The test produced only 385 tokens, yet the correctValues parameter was expecting 430 tokens.
]]></system-err>
</testsuite>
