<?xml version="1.0" encoding="UTF-8" ?>
<testsuite errors="0" failures="0" hostname="travis-job-957f30b8-7150-4161-95b9-c85d32e8a33c" name="ptolemy.domains.continuous.test.junit.JUnitTclTest" skipped="0" tests="156" time="79.464" timestamp="2019-07-22T01:10:51">
  <properties>
[...]
</properties>
  <testcase classname="ptolemy.util.test.junit.TclTests" name="[0] ThereAreNoTclTests (RunTclFile)" time="0.008" />
  <testcase classname="ptolemy.util.test.junit.AutoKnownFailedTests" name="[0] ThereAreNoKnowFailedTests (RunModel)" time="0.001" />
  <testcase classname="ptolemy.util.test.junit.AutoNameArchTests" name="[0] ThereAreNoAutoArchTests (RunModel)" time="0.01" />
  <testcase classname="ptolemy.util.test.junit.AutoTests" name="[0] /home/travis/build/icyphy/ptII/ptolemy/domains/continuous/test/auto/BouncingBall.xml (RunModel)" time="3.491" />
  <testcase classname="ptolemy.util.test.junit.AutoTests" name="[1] /home/travis/build/icyphy/ptII/ptolemy/domains/continuous/test/auto/BouncingBallWithoutGR.xml (RunModel)" time="0.937" />
  <testcase classname="ptolemy.util.test.junit.AutoTests" name="[2] /home/travis/build/icyphy/ptII/ptolemy/domains/continuous/test/auto/Brownian.xml (RunModel)" time="0.11" />
  <testcase classname="ptolemy.util.test.junit.AutoTests" name="[3] /home/travis/build/icyphy/ptII/ptolemy/domains/continuous/test/auto/CarTracking.xml (RunModel)" time="3.995" />
  <testcase classname="ptolemy.util.test.junit.AutoTests" name="[4] /home/travis/build/icyphy/ptII/ptolemy/domains/continuous/test/auto/CartPendulum.xml (RunModel)" time="0.487" />
  <testcase classname="ptolemy.util.test.junit.AutoTests" name="[5] /home/travis/build/icyphy/ptII/ptolemy/domains/continuous/test/auto/CausalityInterface10.xml (RunModel)" time="0.042" />
  <testcase classname="ptolemy.util.test.junit.AutoTests" name="[6] /home/travis/build/icyphy/ptII/ptolemy/domains/continuous/test/auto/CausalityInterface11.xml (RunModel)" time="0.035" />
  <testcase classname="ptolemy.util.test.junit.AutoTests" name="[7] /home/travis/build/icyphy/ptII/ptolemy/domains/continuous/test/auto/CausalityInterface12.xml (RunModel)" time="0.044" />
  <testcase classname="ptolemy.util.test.junit.AutoTests" name="[8] /home/travis/build/icyphy/ptII/ptolemy/domains/continuous/test/auto/CausalityInterface13.xml (RunModel)" time="0.032" />
  <testcase classname="ptolemy.util.test.junit.AutoTests" name="[9] /home/travis/build/icyphy/ptII/ptolemy/domains/continuous/test/auto/CausalityInterface14.xml (RunModel)" time="0.03" />
  <testcase classname="ptolemy.util.test.junit.AutoTests" name="[10] /home/travis/build/icyphy/ptII/ptolemy/domains/continuous/test/auto/CausalityInterface4.xml (RunModel)" time="0.029" />
  <testcase classname="ptolemy.util.test.junit.AutoTests" name="[11] /home/travis/build/icyphy/ptII/ptolemy/domains/continuous/test/auto/CausalityInterface5.xml (RunModel)" time="0.029" />
  <testcase classname="ptolemy.util.test.junit.AutoTests" name="[12] /home/travis/build/icyphy/ptII/ptolemy/domains/continuous/test/auto/CausalityInterface6.xml (RunModel)" time="0.036" />
  <testcase classname="ptolemy.util.test.junit.AutoTests" name="[13] /home/travis/build/icyphy/ptII/ptolemy/domains/continuous/test/auto/CausalityInterface7.xml (RunModel)" time="0.035" />
  <testcase classname="ptolemy.util.test.junit.AutoTests" name="[14] /home/travis/build/icyphy/ptII/ptolemy/domains/continuous/test/auto/CausalityInterface8.xml (RunModel)" time="0.033" />
  <testcase classname="ptolemy.util.test.junit.AutoTests" name="[15] /home/travis/build/icyphy/ptII/ptolemy/domains/continuous/test/auto/CausalityInterface9.xml (RunModel)" time="0.051" />
  <testcase classname="ptolemy.util.test.junit.AutoTests" name="[16] /home/travis/build/icyphy/ptII/ptolemy/domains/continuous/test/auto/CausalityInterfaceFeedback1.xml (RunModel)" time="0.032" />
  <testcase classname="ptolemy.util.test.junit.AutoTests" name="[17] /home/travis/build/icyphy/ptII/ptolemy/domains/continuous/test/auto/CausalityInterfaceFeedback2.xml (RunModel)" time="0.025" />
  <testcase classname="ptolemy.util.test.junit.AutoTests" name="[18] /home/travis/build/icyphy/ptII/ptolemy/domains/continuous/test/auto/CompareWithCurrentTime.xml (RunModel)" time="0.023" />
  <testcase classname="ptolemy.util.test.junit.AutoTests" name="[19] /home/travis/build/icyphy/ptII/ptolemy/domains/continuous/test/auto/ComparedClocks.xml (RunModel)" time="0.095" />
  <testcase classname="ptolemy.util.test.junit.AutoTests" name="[20] /home/travis/build/icyphy/ptII/ptolemy/domains/continuous/test/auto/ContinuousAOCClone.xml (RunModel)" time="2.623" />
  <testcase classname="ptolemy.util.test.junit.AutoTests" name="[21] /home/travis/build/icyphy/ptII/ptolemy/domains/continuous/test/auto/ContinuousClock.xml (RunModel)" time="0.096" />
  <testcase classname="ptolemy.util.test.junit.AutoTests" name="[22] /home/travis/build/icyphy/ptII/ptolemy/domains/continuous/test/auto/ContinuousInContinuous.xml (RunModel)" time="0.089" />
  <testcase classname="ptolemy.util.test.junit.AutoTests" name="[23] /home/travis/build/icyphy/ptII/ptolemy/domains/continuous/test/auto/ContinuousInContinuousInContinuous.xml (RunModel)" time="0.029" />
  <testcase classname="ptolemy.util.test.junit.AutoTests" name="[24] /home/travis/build/icyphy/ptII/ptolemy/domains/continuous/test/auto/ContinuousInDE.xml (RunModel)" time="0.09" />
  <testcase classname="ptolemy.util.test.junit.AutoTests" name="[25] /home/travis/build/icyphy/ptII/ptolemy/domains/continuous/test/auto/ContinuousInDE2.xml (RunModel)" time="0.064" />
  <testcase classname="ptolemy.util.test.junit.AutoTests" name="[26] /home/travis/build/icyphy/ptII/ptolemy/domains/continuous/test/auto/ContinuousInDE3.xml (RunModel)" time="0.044" />
  <testcase classname="ptolemy.util.test.junit.AutoTests" name="[27] /home/travis/build/icyphy/ptII/ptolemy/domains/continuous/test/auto/ContinuousInDE4.xml (RunModel)" time="0.023" />
  <testcase classname="ptolemy.util.test.junit.AutoTests" name="[28] /home/travis/build/icyphy/ptII/ptolemy/domains/continuous/test/auto/ContinuousInDEDifferentRefinements.xml (RunModel)" time="0.085" />
  <testcase classname="ptolemy.util.test.junit.AutoTests" name="[29] /home/travis/build/icyphy/ptII/ptolemy/domains/continuous/test/auto/ContinuousInDEDifferentRefinementsPreemptive.xml (RunModel)" time="0.09" />
  <testcase classname="ptolemy.util.test.junit.AutoTests" name="[30] /home/travis/build/icyphy/ptII/ptolemy/domains/continuous/test/auto/ContinuousInDEInContinuous2.xml (RunModel)" time="0.051" />
  <testcase classname="ptolemy.util.test.junit.AutoTests" name="[31] /home/travis/build/icyphy/ptII/ptolemy/domains/continuous/test/auto/ContinuousInDEInContinuous3.xml (RunModel)" time="0.061" />
  <testcase classname="ptolemy.util.test.junit.AutoTests" name="[32] /home/travis/build/icyphy/ptII/ptolemy/domains/continuous/test/auto/ContinuousInDEInput.xml (RunModel)" time="0.039" />
  <testcase classname="ptolemy.util.test.junit.AutoTests" name="[33] /home/travis/build/icyphy/ptII/ptolemy/domains/continuous/test/auto/ContinuousInDEInput2.xml (RunModel)" time="0.038" />
  <testcase classname="ptolemy.util.test.junit.AutoTests" name="[34] /home/travis/build/icyphy/ptII/ptolemy/domains/continuous/test/auto/ContinuousInDEInput3.xml (RunModel)" time="0.034" />
  <testcase classname="ptolemy.util.test.junit.AutoTests" name="[35] /home/travis/build/icyphy/ptII/ptolemy/domains/continuous/test/auto/ContinuousInDESharingRefinement.xml (RunModel)" time="0.183" />
  <testcase classname="ptolemy.util.test.junit.AutoTests" name="[36] /home/travis/build/icyphy/ptII/ptolemy/domains/continuous/test/auto/ContinuousInDEwithNoPorts.xml (RunModel)" time="0.017" />
  <testcase classname="ptolemy.util.test.junit.AutoTests" name="[37] /home/travis/build/icyphy/ptII/ptolemy/domains/continuous/test/auto/ContinuousInsideDE.xml (RunModel)" time="0.09" />
  <testcase classname="ptolemy.util.test.junit.AutoTests" name="[38] /home/travis/build/icyphy/ptII/ptolemy/domains/continuous/test/auto/ContinuousMerge1.xml (RunModel)" time="0.016" />
  <testcase classname="ptolemy.util.test.junit.AutoTests" name="[39] /home/travis/build/icyphy/ptII/ptolemy/domains/continuous/test/auto/ContinuousMerge2.xml (RunModel)" time="0.045" />
  <testcase classname="ptolemy.util.test.junit.AutoTests" name="[40] /home/travis/build/icyphy/ptII/ptolemy/domains/continuous/test/auto/ContinuousMerge3.xml (RunModel)" time="0.066" />
  <testcase classname="ptolemy.util.test.junit.AutoTests" name="[41] /home/travis/build/icyphy/ptII/ptolemy/domains/continuous/test/auto/ContinuousWithinContinuous.xml (RunModel)" time="0.055" />
  <testcase classname="ptolemy.util.test.junit.AutoTests" name="[42] /home/travis/build/icyphy/ptII/ptolemy/domains/continuous/test/auto/ContinuousWithinContinuous2.xml (RunModel)" time="0.09" />
  <testcase classname="ptolemy.util.test.junit.AutoTests" name="[43] /home/travis/build/icyphy/ptII/ptolemy/domains/continuous/test/auto/ContinuousWithinContinuous3.xml (RunModel)" time="0.03" />
  <testcase classname="ptolemy.util.test.junit.AutoTests" name="[44] /home/travis/build/icyphy/ptII/ptolemy/domains/continuous/test/auto/ContinuousWithinContinuous4.xml (RunModel)" time="0.089" />
  <testcase classname="ptolemy.util.test.junit.AutoTests" name="[45] /home/travis/build/icyphy/ptII/ptolemy/domains/continuous/test/auto/ContinuousWithinContinuous5.xml (RunModel)" time="0.038" />
  <testcase classname="ptolemy.util.test.junit.AutoTests" name="[46] /home/travis/build/icyphy/ptII/ptolemy/domains/continuous/test/auto/ContinuousWithinContinuous6.xml (RunModel)" time="0.028" />
  <testcase classname="ptolemy.util.test.junit.AutoTests" name="[47] /home/travis/build/icyphy/ptII/ptolemy/domains/continuous/test/auto/ContinuousWithinContinuous7.xml (RunModel)" time="0.073" />
  <testcase classname="ptolemy.util.test.junit.AutoTests" name="[48] /home/travis/build/icyphy/ptII/ptolemy/domains/continuous/test/auto/DCMotor.xml (RunModel)" time="14.149" />
  <testcase classname="ptolemy.util.test.junit.AutoTests" name="[49] /home/travis/build/icyphy/ptII/ptolemy/domains/continuous/test/auto/DEInContinuous.xml (RunModel)" time="0.046" />
  <testcase classname="ptolemy.util.test.junit.AutoTests" name="[50] /home/travis/build/icyphy/ptII/ptolemy/domains/continuous/test/auto/DEinContinuous2.xml (RunModel)" time="0.026" />
  <testcase classname="ptolemy.util.test.junit.AutoTests" name="[51] /home/travis/build/icyphy/ptII/ptolemy/domains/continuous/test/auto/Derivative.xml (RunModel)" time="0.191" />
  <testcase classname="ptolemy.util.test.junit.AutoTests" name="[52] /home/travis/build/icyphy/ptII/ptolemy/domains/continuous/test/auto/Derivative1.xml (RunModel)" time="0.04" />
  <testcase classname="ptolemy.util.test.junit.AutoTests" name="[53] /home/travis/build/icyphy/ptII/ptolemy/domains/continuous/test/auto/DiscreteClock.xml (RunModel)" time="0.022" />
  <testcase classname="ptolemy.util.test.junit.AutoTests" name="[54] /home/travis/build/icyphy/ptII/ptolemy/domains/continuous/test/auto/EfficiencyCurve.xml (RunModel)" time="0.107" />
  <testcase classname="ptolemy.util.test.junit.AutoTests" name="[55] /home/travis/build/icyphy/ptII/ptolemy/domains/continuous/test/auto/ExponentialResponse.xml (RunModel)" time="0.153" />
  <testcase classname="ptolemy.util.test.junit.AutoTests" name="[56] /home/travis/build/icyphy/ptII/ptolemy/domains/continuous/test/auto/ExponentialResponseRK45.xml (RunModel)" time="0.052" />
  <testcase classname="ptolemy.util.test.junit.AutoTests" name="[57] /home/travis/build/icyphy/ptII/ptolemy/domains/continuous/test/auto/Friction.xml (RunModel)" time="1.667" />
  <testcase classname="ptolemy.util.test.junit.AutoTests" name="[58] /home/travis/build/icyphy/ptII/ptolemy/domains/continuous/test/auto/FurutaPendulum.xml (RunModel)" time="3.685" />
  <testcase classname="ptolemy.util.test.junit.AutoTests" name="[59] /home/travis/build/icyphy/ptII/ptolemy/domains/continuous/test/auto/HierarchicalExecution.xml (RunModel)" time="2.762" />
  <testcase classname="ptolemy.util.test.junit.AutoTests" name="[60] /home/travis/build/icyphy/ptII/ptolemy/domains/continuous/test/auto/HybridPlant.xml (RunModel)" time="0.624" />
  <testcase classname="ptolemy.util.test.junit.AutoTests" name="[61] /home/travis/build/icyphy/ptII/ptolemy/domains/continuous/test/auto/Hysteresis.xml (RunModel)" time="0.206" />
  <testcase classname="ptolemy.util.test.junit.AutoTests" name="[62] /home/travis/build/icyphy/ptII/ptolemy/domains/continuous/test/auto/HysteresisWithRandomDelay.xml (RunModel)" time="0.228" />
  <testcase classname="ptolemy.util.test.junit.AutoTests" name="[63] /home/travis/build/icyphy/ptII/ptolemy/domains/continuous/test/auto/HysteresisWithRandomLosses.xml (RunModel)" time="2.449" />
  <testcase classname="ptolemy.util.test.junit.AutoTests" name="[64] /home/travis/build/icyphy/ptII/ptolemy/domains/continuous/test/auto/ImmediateTransitions.xml (RunModel)" time="0.026" />
  <testcase classname="ptolemy.util.test.junit.AutoTests" name="[65] /home/travis/build/icyphy/ptII/ptolemy/domains/continuous/test/auto/ImpulseFeedback.xml (RunModel)" time="0.02" />
  <testcase classname="ptolemy.util.test.junit.AutoTests" name="[66] /home/travis/build/icyphy/ptII/ptolemy/domains/continuous/test/auto/ImpulseFeedback2.xml (RunModel)" time="0.021" />
  <testcase classname="ptolemy.util.test.junit.AutoTests" name="[67] /home/travis/build/icyphy/ptII/ptolemy/domains/continuous/test/auto/IncreasingRatePoisson.xml (RunModel)" time="0.699" />
  <testcase classname="ptolemy.util.test.junit.AutoTests" name="[68] /home/travis/build/icyphy/ptII/ptolemy/domains/continuous/test/auto/InitialStateFeedback.xml (RunModel)" time="0.021" />
  <testcase classname="ptolemy.util.test.junit.AutoTests" name="[69] /home/travis/build/icyphy/ptII/ptolemy/domains/continuous/test/auto/Integration.xml (RunModel)" time="0.009" />
  <testcase classname="ptolemy.util.test.junit.AutoTests" name="[70] /home/travis/build/icyphy/ptII/ptolemy/domains/continuous/test/auto/Integration2.xml (RunModel)" time="0.107" />
  <testcase classname="ptolemy.util.test.junit.AutoTests" name="[71] /home/travis/build/icyphy/ptII/ptolemy/domains/continuous/test/auto/Integration3.xml (RunModel)" time="0.022" />
  <testcase classname="ptolemy.util.test.junit.AutoTests" name="[72] /home/travis/build/icyphy/ptII/ptolemy/domains/continuous/test/auto/Integration5.xml (RunModel)" time="0.01" />
  <testcase classname="ptolemy.util.test.junit.AutoTests" name="[73] /home/travis/build/icyphy/ptII/ptolemy/domains/continuous/test/auto/IntegratorImpulse.xml (RunModel)" time="0.009" />
  <testcase classname="ptolemy.util.test.junit.AutoTests" name="[74] /home/travis/build/icyphy/ptII/ptolemy/domains/continuous/test/auto/IntegratorImpulse2.xml (RunModel)" time="0.011" />
  <testcase classname="ptolemy.util.test.junit.AutoTests" name="[75] /home/travis/build/icyphy/ptII/ptolemy/domains/continuous/test/auto/LevelCrossing1.xml (RunModel)" time="0.011" />
  <testcase classname="ptolemy.util.test.junit.AutoTests" name="[76] /home/travis/build/icyphy/ptII/ptolemy/domains/continuous/test/auto/LevelCrossing2.xml (RunModel)" time="0.012" />
  <testcase classname="ptolemy.util.test.junit.AutoTests" name="[77] /home/travis/build/icyphy/ptII/ptolemy/domains/continuous/test/auto/LevelCrossing3.xml (RunModel)" time="0.019" />
  <testcase classname="ptolemy.util.test.junit.AutoTests" name="[78] /home/travis/build/icyphy/ptII/ptolemy/domains/continuous/test/auto/LevelCrossing4.xml (RunModel)" time="0.016" />
  <testcase classname="ptolemy.util.test.junit.AutoTests" name="[79] /home/travis/build/icyphy/ptII/ptolemy/domains/continuous/test/auto/LevelCrossing5.xml (RunModel)" time="0.015" />
  <testcase classname="ptolemy.util.test.junit.AutoTests" name="[80] /home/travis/build/icyphy/ptII/ptolemy/domains/continuous/test/auto/LevelCrossing6.xml (RunModel)" time="0.013" />
  <testcase classname="ptolemy.util.test.junit.AutoTests" name="[81] /home/travis/build/icyphy/ptII/ptolemy/domains/continuous/test/auto/LevelCrossingDetector.xml (RunModel)" time="0.042" />
  <testcase classname="ptolemy.util.test.junit.AutoTests" name="[82] /home/travis/build/icyphy/ptII/ptolemy/domains/continuous/test/auto/LevelCrossingDetectorDetectingDirections.xml (RunModel)" time="0.088" />
  <testcase classname="ptolemy.util.test.junit.AutoTests" name="[83] /home/travis/build/icyphy/ptII/ptolemy/domains/continuous/test/auto/LevelCrossingDetectorDetectsGlitches.xml (RunModel)" time="0.06" />
  <testcase classname="ptolemy.util.test.junit.AutoTests" name="[84] /home/travis/build/icyphy/ptII/ptolemy/domains/continuous/test/auto/LevelCrossingNoInitialOuput.xml (RunModel)" time="0.015" />
  <testcase classname="ptolemy.util.test.junit.AutoTests" name="[85] /home/travis/build/icyphy/ptII/ptolemy/domains/continuous/test/auto/LinearStateSpaceExample.xml (RunModel)" time="0.062" />
  <testcase classname="ptolemy.util.test.junit.AutoTests" name="[86] /home/travis/build/icyphy/ptII/ptolemy/domains/continuous/test/auto/Lorenz.xml (RunModel)" time="4.501" />
  <testcase classname="ptolemy.util.test.junit.AutoTests" name="[87] /home/travis/build/icyphy/ptII/ptolemy/domains/continuous/test/auto/LorenzDifferentialSystem.xml (RunModel)" time="1.092" />
  <testcase classname="ptolemy.util.test.junit.AutoTests" name="[88] /home/travis/build/icyphy/ptII/ptolemy/domains/continuous/test/auto/LorenzDifferentialSystemWithInput.xml (RunModel)" time="1.395" />
  <testcase classname="ptolemy.util.test.junit.AutoTests" name="[89] /home/travis/build/icyphy/ptII/ptolemy/domains/continuous/test/auto/LorenzDifferentialSystemWithTime.xml (RunModel)" time="0.752" />
  <testcase classname="ptolemy.util.test.junit.AutoTests" name="[90] /home/travis/build/icyphy/ptII/ptolemy/domains/continuous/test/auto/Microsteps.xml (RunModel)" time="0.022" />
  <testcase classname="ptolemy.util.test.junit.AutoTests" name="[91] /home/travis/build/icyphy/ptII/ptolemy/domains/continuous/test/auto/Modal1.xml (RunModel)" time="0.039" />
  <testcase classname="ptolemy.util.test.junit.AutoTests" name="[92] /home/travis/build/icyphy/ptII/ptolemy/domains/continuous/test/auto/Modal2.xml (RunModel)" time="0.053" />
  <testcase classname="ptolemy.util.test.junit.AutoTests" name="[93] /home/travis/build/icyphy/ptII/ptolemy/domains/continuous/test/auto/ModalTransitionGuardWithReset.xml (RunModel)" time="0.028" />
  <testcase classname="ptolemy.util.test.junit.AutoTests" name="[94] /home/travis/build/icyphy/ptII/ptolemy/domains/continuous/test/auto/ModalTransitionGuardWithResetUsingPreemptiveTransition.xml (RunModel)" time="0.03" />
  <testcase classname="ptolemy.util.test.junit.AutoTests" name="[95] /home/travis/build/icyphy/ptII/ptolemy/domains/continuous/test/auto/ModalTransitionGuardWithResetUsingPreemptiveTransition2.xml (RunModel)" time="0.034" />
  <testcase classname="ptolemy.util.test.junit.AutoTests" name="[96] /home/travis/build/icyphy/ptII/ptolemy/domains/continuous/test/auto/ModalTransitionGuardWithResetUsingPreemptiveTransition3.xml (RunModel)" time="0.029" />
  <testcase classname="ptolemy.util.test.junit.AutoTests" name="[97] /home/travis/build/icyphy/ptII/ptolemy/domains/continuous/test/auto/NewtonsCradle.xml (RunModel)" time="0.814" />
  <testcase classname="ptolemy.util.test.junit.AutoTests" name="[98] /home/travis/build/icyphy/ptII/ptolemy/domains/continuous/test/auto/NewtonsCradleAnimated.xml (RunModel)" time="1.471" />
  <testcase classname="ptolemy.util.test.junit.AutoTests" name="[99] /home/travis/build/icyphy/ptII/ptolemy/domains/continuous/test/auto/NewtonsCradleComplicated.xml (RunModel)" time="1.066" />
  <testcase classname="ptolemy.util.test.junit.AutoTests" name="[100] /home/travis/build/icyphy/ptII/ptolemy/domains/continuous/test/auto/NewtonsCradleNondeterministic.xml (RunModel)" time="0.79" />
  <testcase classname="ptolemy.util.test.junit.AutoTests" name="[101] /home/travis/build/icyphy/ptII/ptolemy/domains/continuous/test/auto/NewtonsCradlePerfectlyInelastic1.xml (RunModel)" time="1.35" />
  <testcase classname="ptolemy.util.test.junit.AutoTests" name="[102] /home/travis/build/icyphy/ptII/ptolemy/domains/continuous/test/auto/Noise.xml (RunModel)" time="0.203" />
  <testcase classname="ptolemy.util.test.junit.AutoTests" name="[103] /home/travis/build/icyphy/ptII/ptolemy/domains/continuous/test/auto/NoiseSpectrum.xml (RunModel)" time="0.886" />
  <testcase classname="ptolemy.util.test.junit.AutoTests" name="[104] /home/travis/build/icyphy/ptII/ptolemy/domains/continuous/test/auto/ParameterizedNewtonsCradleAnimated.xml (RunModel)" time="0.387" />
  <testcase classname="ptolemy.util.test.junit.AutoTests" name="[105] /home/travis/build/icyphy/ptII/ptolemy/domains/continuous/test/auto/ParameterizedNewtonsCradleAnimatedNondeterministic.xml (RunModel)" time="1.257" />
  <testcase classname="ptolemy.util.test.junit.AutoTests" name="[106] /home/travis/build/icyphy/ptII/ptolemy/domains/continuous/test/auto/Pendulum3D.xml (RunModel)" time="0.176" />
  <testcase classname="ptolemy.util.test.junit.AutoTests" name="[107] /home/travis/build/icyphy/ptII/ptolemy/domains/continuous/test/auto/PeriodicSampler.xml (RunModel)" time="0.01" />
  <testcase classname="ptolemy.util.test.junit.AutoTests" name="[108] /home/travis/build/icyphy/ptII/ptolemy/domains/continuous/test/auto/PeriodicSampler1.xml (RunModel)" time="0.043" />
  <testcase classname="ptolemy.util.test.junit.AutoTests" name="[109] /home/travis/build/icyphy/ptII/ptolemy/domains/continuous/test/auto/PeriodicSampler2.xml (RunModel)" time="0.085" />
  <testcase classname="ptolemy.util.test.junit.AutoTests" name="[110] /home/travis/build/icyphy/ptII/ptolemy/domains/continuous/test/auto/Poisson.xml (RunModel)" time="0.47" />
  <testcase classname="ptolemy.util.test.junit.AutoTests" name="[111] /home/travis/build/icyphy/ptII/ptolemy/domains/continuous/test/auto/PoissonClock.xml (RunModel)" time="0.016" />
  <testcase classname="ptolemy.util.test.junit.AutoTests" name="[112] /home/travis/build/icyphy/ptII/ptolemy/domains/continuous/test/auto/PoissonClock2.xml (RunModel)" time="0.014" />
  <testcase classname="ptolemy.util.test.junit.AutoTests" name="[113] /home/travis/build/icyphy/ptII/ptolemy/domains/continuous/test/auto/PortParameterHierarchy.xml (RunModel)" time="0.025" />
  <testcase classname="ptolemy.util.test.junit.AutoTests" name="[114] /home/travis/build/icyphy/ptII/ptolemy/domains/continuous/test/auto/RandomHybridPlant.xml (RunModel)" time="0.544" />
  <testcase classname="ptolemy.util.test.junit.AutoTests" name="[115] /home/travis/build/icyphy/ptII/ptolemy/domains/continuous/test/auto/ResetTransitionWithStartTime1.xml (RunModel)" time="0.03" />
  <testcase classname="ptolemy.util.test.junit.AutoTests" name="[116] /home/travis/build/icyphy/ptII/ptolemy/domains/continuous/test/auto/ResetTransitionWithStartTime2.xml (RunModel)" time="0.034" />
  <testcase classname="ptolemy.util.test.junit.AutoTests" name="[117] /home/travis/build/icyphy/ptII/ptolemy/domains/continuous/test/auto/ResetTransitionWithStartTime3.xml (RunModel)" time="0.038" />
  <testcase classname="ptolemy.util.test.junit.AutoTests" name="[118] /home/travis/build/icyphy/ptII/ptolemy/domains/continuous/test/auto/ResetTransitionWithStartTime4.xml (RunModel)" time="0.028" />
  <testcase classname="ptolemy.util.test.junit.AutoTests" name="[119] /home/travis/build/icyphy/ptII/ptolemy/domains/continuous/test/auto/ResetTransitionWithStartTime5.xml (RunModel)" time="0.04" />
  <testcase classname="ptolemy.util.test.junit.AutoTests" name="[120] /home/travis/build/icyphy/ptII/ptolemy/domains/continuous/test/auto/ResetTransitionWithStartTime6.xml (RunModel)" time="0.026" />
  <testcase classname="ptolemy.util.test.junit.AutoTests" name="[121] /home/travis/build/icyphy/ptII/ptolemy/domains/continuous/test/auto/SRinContinuous.xml (RunModel)" time="0.028" />
  <testcase classname="ptolemy.util.test.junit.AutoTests" name="[122] /home/travis/build/icyphy/ptII/ptolemy/domains/continuous/test/auto/SampledClocks.xml (RunModel)" time="0.034" />
  <testcase classname="ptolemy.util.test.junit.AutoTests" name="[123] /home/travis/build/icyphy/ptII/ptolemy/domains/continuous/test/auto/Satellite.xml (RunModel)" time="1.065" />
  <testcase classname="ptolemy.util.test.junit.AutoTests" name="[124] /home/travis/build/icyphy/ptII/ptolemy/domains/continuous/test/auto/SigmaDelta.xml (RunModel)" time="2.607" />
  <testcase classname="ptolemy.util.test.junit.AutoTests" name="[125] /home/travis/build/icyphy/ptII/ptolemy/domains/continuous/test/auto/SingleRefinement.xml (RunModel)" time="0.473" />
  <testcase classname="ptolemy.util.test.junit.AutoTests" name="[126] /home/travis/build/icyphy/ptII/ptolemy/domains/continuous/test/auto/SinuBouncingBall.xml (RunModel)" time="0.85" />
  <testcase classname="ptolemy.util.test.junit.AutoTests" name="[127] /home/travis/build/icyphy/ptII/ptolemy/domains/continuous/test/auto/Sinusoid.xml (RunModel)" time="0.019" />
  <testcase classname="ptolemy.util.test.junit.AutoTests" name="[128] /home/travis/build/icyphy/ptII/ptolemy/domains/continuous/test/auto/SinusoidInNoise.xml (RunModel)" time="1.05" />
  <testcase classname="ptolemy.util.test.junit.AutoTests" name="[129] /home/travis/build/icyphy/ptII/ptolemy/domains/continuous/test/auto/SinusoidRK45.xml (RunModel)" time="0.013" />
  <testcase classname="ptolemy.util.test.junit.AutoTests" name="[130] /home/travis/build/icyphy/ptII/ptolemy/domains/continuous/test/auto/SinusoidWithMultipleImpulses.xml (RunModel)" time="0.012" />
  <testcase classname="ptolemy.util.test.junit.AutoTests" name="[131] /home/travis/build/icyphy/ptII/ptolemy/domains/continuous/test/auto/SquareWave.xml (RunModel)" time="0.205" />
  <testcase classname="ptolemy.util.test.junit.AutoTests" name="[132] /home/travis/build/icyphy/ptII/ptolemy/domains/continuous/test/auto/Starmac.xml (RunModel)" time="3.389" />
  <testcase classname="ptolemy.util.test.junit.AutoTests" name="[133] /home/travis/build/icyphy/ptII/ptolemy/domains/continuous/test/auto/StaticUnits.xml (RunModel)" time="2.957" />
  <testcase classname="ptolemy.util.test.junit.AutoTests" name="[134] /home/travis/build/icyphy/ptII/ptolemy/domains/continuous/test/auto/StickyMasses.xml (RunModel)" time="0.213" />
  <testcase classname="ptolemy.util.test.junit.AutoTests" name="[135] /home/travis/build/icyphy/ptII/ptolemy/domains/continuous/test/auto/StopTime.xml (RunModel)" time="0.064" />
  <testcase classname="ptolemy.util.test.junit.AutoTests" name="[136] /home/travis/build/icyphy/ptII/ptolemy/domains/continuous/test/auto/StopTime2.xml (RunModel)" time="0.057" />
  <testcase classname="ptolemy.util.test.junit.AutoTests" name="[137] /home/travis/build/icyphy/ptII/ptolemy/domains/continuous/test/auto/Switch.xml (RunModel)" time="0.063" />
  <testcase classname="ptolemy.util.test.junit.AutoTests" name="[138] /home/travis/build/icyphy/ptII/ptolemy/domains/continuous/test/auto/Thermostat.xml (RunModel)" time="0.212" />
  <testcase classname="ptolemy.util.test.junit.AutoTests" name="[139] /home/travis/build/icyphy/ptII/ptolemy/domains/continuous/test/auto/TimeDelay.xml (RunModel)" time="0.014" />
  <testcase classname="ptolemy.util.test.junit.AutoTests" name="[140] /home/travis/build/icyphy/ptII/ptolemy/domains/continuous/test/auto/TimeDelay2.xml (RunModel)" time="0.03" />
  <testcase classname="ptolemy.util.test.junit.AutoTests" name="[141] /home/travis/build/icyphy/ptII/ptolemy/domains/continuous/test/auto/TimeDelay3.xml (RunModel)" time="0.012" />
  <testcase classname="ptolemy.util.test.junit.AutoTests" name="[142] /home/travis/build/icyphy/ptII/ptolemy/domains/continuous/test/auto/TransferAbsentToInside.xml (RunModel)" time="0.195" />
  <testcase classname="ptolemy.util.test.junit.AutoTests" name="[143] /home/travis/build/icyphy/ptII/ptolemy/domains/continuous/test/auto/Transmission.xml (RunModel)" time="1.014" />
  <testcase classname="ptolemy.util.test.junit.AutoTests" name="[144] /home/travis/build/icyphy/ptII/ptolemy/domains/continuous/test/auto/TriggeredContinuousClock.xml (RunModel)" time="0.08" />
  <testcase classname="ptolemy.util.test.junit.AutoTests" name="[145] /home/travis/build/icyphy/ptII/ptolemy/domains/continuous/test/auto/TwoMachineInfiniteBusControl.xml (RunModel)" time="3.129" />
  <testcase classname="ptolemy.util.test.junit.AutoTests" name="[146] /home/travis/build/icyphy/ptII/ptolemy/domains/continuous/test/auto/V2V.xml (RunModel)" time="0.969" />
  <testcase classname="ptolemy.util.test.junit.AutoTests" name="[147] /home/travis/build/icyphy/ptII/ptolemy/domains/continuous/test/auto/hierarchicalModalModel.xml (RunModel)" time="0.03" />
  <testcase classname="ptolemy.util.test.junit.AutoTests" name="[148] /home/travis/build/icyphy/ptII/ptolemy/domains/continuous/test/auto/hierarchicalModalModel1.xml (RunModel)" time="0.032" />
  <testcase classname="ptolemy.util.test.junit.AutoTests" name="[149] /home/travis/build/icyphy/ptII/ptolemy/domains/continuous/test/auto/hierarchicalModalModel2.xml (RunModel)" time="0.026" />
  <testcase classname="ptolemy.util.test.junit.AutoTests" name="[150] /home/travis/build/icyphy/ptII/ptolemy/domains/continuous/test/auto/hierarchicalModalModel3.xml (RunModel)" time="0.027" />
  <testcase classname="ptolemy.util.test.junit.AutoTests" name="[151] /home/travis/build/icyphy/ptII/ptolemy/domains/continuous/test/auto/hierarchicalModalModel4.xml (RunModel)" time="0.035" />
  <testcase classname="ptolemy.util.test.junit.AutoTests" name="[152] /home/travis/build/icyphy/ptII/ptolemy/domains/continuous/test/auto/junk.xml (RunModel)" time="0.163" />
  <system-out><![CDATA[No tcl tests in /home/travis/build/icyphy/ptII/ptolemy/domains/continuous/test
No auto/knownFailedTests/*.xml tests in /home/travis/build/icyphy/ptII/ptolemy/domains/continuous/test
No auto/linux-amd64/*.xml tests in /home/travis/build/icyphy/ptII/ptolemy/domains/continuous/test
AutoTests.java: About to close Vertx.
AutoTests.java: Vertx closed.

===========================================================================================
----------------- testing Mon Jul 22 01:10:51 UTC 2019 /home/travis/build/icyphy/ptII/ptolemy/domains/continuous/test/auto/BouncingBall.xml
----------------- Instantiating /home/travis/build/icyphy/ptII/ptolemy/domains/continuous/test/auto/BouncingBall.xml
2756 ms. Memory: 146432K Free: 50518K (34%)
----------------- Invoking toplevel() on ptolemy.moml.MoMLSimpleApplication@4244b7f
----------------- Done invoking toplevel() on ptolemy.moml.MoMLSimpleApplication@4244b7f
reloadAllAccessors: .BouncingBall

===========================================================================================
----------------- testing Mon Jul 22 01:10:55 UTC 2019 /home/travis/build/icyphy/ptII/ptolemy/domains/continuous/test/auto/BouncingBallWithoutGR.xml
----------------- Instantiating /home/travis/build/icyphy/ptII/ptolemy/domains/continuous/test/auto/BouncingBallWithoutGR.xml
799 ms. Memory: 146432K Free: 122138K (83%)
----------------- Invoking toplevel() on ptolemy.moml.MoMLSimpleApplication@5d8b554b
----------------- Done invoking toplevel() on ptolemy.moml.MoMLSimpleApplication@5d8b554b
reloadAllAccessors: .BouncingBallWithoutGR

===========================================================================================
----------------- testing Mon Jul 22 01:10:56 UTC 2019 /home/travis/build/icyphy/ptII/ptolemy/domains/continuous/test/auto/Brownian.xml
----------------- Instantiating /home/travis/build/icyphy/ptII/ptolemy/domains/continuous/test/auto/Brownian.xml
39 ms. Memory: 146432K Free: 112922K (77%)
----------------- Invoking toplevel() on ptolemy.moml.MoMLSimpleApplication@116da583
----------------- Done invoking toplevel() on ptolemy.moml.MoMLSimpleApplication@116da583
reloadAllAccessors: .Brownian

===========================================================================================
----------------- testing Mon Jul 22 01:10:56 UTC 2019 /home/travis/build/icyphy/ptII/ptolemy/domains/continuous/test/auto/CarTracking.xml
----------------- Instantiating /home/travis/build/icyphy/ptII/ptolemy/domains/continuous/test/auto/CarTracking.xml
3604 ms. Memory: 211968K Free: 188341K (89%)
----------------- Invoking toplevel() on ptolemy.moml.MoMLSimpleApplication@530e7b62
----------------- Done invoking toplevel() on ptolemy.moml.MoMLSimpleApplication@530e7b62
reloadAllAccessors: .CarTracking

===========================================================================================
----------------- testing Mon Jul 22 01:11:00 UTC 2019 /home/travis/build/icyphy/ptII/ptolemy/domains/continuous/test/auto/CartPendulum.xml
----------------- Instantiating /home/travis/build/icyphy/ptII/ptolemy/domains/continuous/test/auto/CartPendulum.xml
392 ms. Memory: 211968K Free: 93109K (44%)
----------------- Invoking toplevel() on ptolemy.moml.MoMLSimpleApplication@72a6a8a5
----------------- Done invoking toplevel() on ptolemy.moml.MoMLSimpleApplication@72a6a8a5
reloadAllAccessors: .CartPendulum

===========================================================================================
----------------- testing Mon Jul 22 01:11:00 UTC 2019 /home/travis/build/icyphy/ptII/ptolemy/domains/continuous/test/auto/CausalityInterface10.xml
----------------- Instantiating /home/travis/build/icyphy/ptII/ptolemy/domains/continuous/test/auto/CausalityInterface10.xml
6 ms. Memory: 211968K Free: 82869K (39%)
----------------- Invoking toplevel() on ptolemy.moml.MoMLSimpleApplication@38a17eee
----------------- Done invoking toplevel() on ptolemy.moml.MoMLSimpleApplication@38a17eee
reloadAllAccessors: .CausalityInterface10

===========================================================================================
----------------- testing Mon Jul 22 01:11:00 UTC 2019 /home/travis/build/icyphy/ptII/ptolemy/domains/continuous/test/auto/CausalityInterface11.xml
----------------- Instantiating /home/travis/build/icyphy/ptII/ptolemy/domains/continuous/test/auto/CausalityInterface11.xml
8 ms. Memory: 211968K Free: 76725K (36%)
----------------- Invoking toplevel() on ptolemy.moml.MoMLSimpleApplication@157f22e2
----------------- Done invoking toplevel() on ptolemy.moml.MoMLSimpleApplication@157f22e2
reloadAllAccessors: .CausalityInterface11

===========================================================================================
----------------- testing Mon Jul 22 01:11:00 UTC 2019 /home/travis/build/icyphy/ptII/ptolemy/domains/continuous/test/auto/CausalityInterface12.xml
----------------- Instantiating /home/travis/build/icyphy/ptII/ptolemy/domains/continuous/test/auto/CausalityInterface12.xml
10 ms. Memory: 211968K Free: 196320K (93%)
----------------- Invoking toplevel() on ptolemy.moml.MoMLSimpleApplication@4fd880a9
----------------- Done invoking toplevel() on ptolemy.moml.MoMLSimpleApplication@4fd880a9
reloadAllAccessors: .CausalityInterface12

===========================================================================================
----------------- testing Mon Jul 22 01:11:00 UTC 2019 /home/travis/build/icyphy/ptII/ptolemy/domains/continuous/test/auto/CausalityInterface13.xml
----------------- Instantiating /home/travis/build/icyphy/ptII/ptolemy/domains/continuous/test/auto/CausalityInterface13.xml
3 ms. Memory: 211968K Free: 190176K (90%)
----------------- Invoking toplevel() on ptolemy.moml.MoMLSimpleApplication@207f14aa
----------------- Done invoking toplevel() on ptolemy.moml.MoMLSimpleApplication@207f14aa
reloadAllAccessors: .CausalityInterface13

===========================================================================================
----------------- testing Mon Jul 22 01:11:00 UTC 2019 /home/travis/build/icyphy/ptII/ptolemy/domains/continuous/test/auto/CausalityInterface14.xml
----------------- Instantiating /home/travis/build/icyphy/ptII/ptolemy/domains/continuous/test/auto/CausalityInterface14.xml
4 ms. Memory: 211968K Free: 184528K (87%)
----------------- Invoking toplevel() on ptolemy.moml.MoMLSimpleApplication@2d27ed30
----------------- Done invoking toplevel() on ptolemy.moml.MoMLSimpleApplication@2d27ed30
reloadAllAccessors: .CausalityInterface14

===========================================================================================
----------------- testing Mon Jul 22 01:11:00 UTC 2019 /home/travis/build/icyphy/ptII/ptolemy/domains/continuous/test/auto/CausalityInterface4.xml
----------------- Instantiating /home/travis/build/icyphy/ptII/ptolemy/domains/continuous/test/auto/CausalityInterface4.xml
3 ms. Memory: 211968K Free: 177888K (84%)
----------------- Invoking toplevel() on ptolemy.moml.MoMLSimpleApplication@5a125a17
----------------- Done invoking toplevel() on ptolemy.moml.MoMLSimpleApplication@5a125a17
reloadAllAccessors: .CausalityInterface4

===========================================================================================
----------------- testing Mon Jul 22 01:11:00 UTC 2019 /home/travis/build/icyphy/ptII/ptolemy/domains/continuous/test/auto/CausalityInterface5.xml
----------------- Instantiating /home/travis/build/icyphy/ptII/ptolemy/domains/continuous/test/auto/CausalityInterface5.xml
4 ms. Memory: 211968K Free: 169696K (80%)
----------------- Invoking toplevel() on ptolemy.moml.MoMLSimpleApplication@75ad3dde
----------------- Done invoking toplevel() on ptolemy.moml.MoMLSimpleApplication@75ad3dde
reloadAllAccessors: .CausalityInterface5

===========================================================================================
----------------- testing Mon Jul 22 01:11:00 UTC 2019 /home/travis/build/icyphy/ptII/ptolemy/domains/continuous/test/auto/CausalityInterface6.xml
----------------- Instantiating /home/travis/build/icyphy/ptII/ptolemy/domains/continuous/test/auto/CausalityInterface6.xml
7 ms. Memory: 211968K Free: 164048K (77%)
----------------- Invoking toplevel() on ptolemy.moml.MoMLSimpleApplication@3bcf09fb
----------------- Done invoking toplevel() on ptolemy.moml.MoMLSimpleApplication@3bcf09fb
reloadAllAccessors: .CausalityInterface6

===========================================================================================
----------------- testing Mon Jul 22 01:11:00 UTC 2019 /home/travis/build/icyphy/ptII/ptolemy/domains/continuous/test/auto/CausalityInterface7.xml
----------------- Instantiating /home/travis/build/icyphy/ptII/ptolemy/domains/continuous/test/auto/CausalityInterface7.xml
8 ms. Memory: 211968K Free: 155360K (73%)
----------------- Invoking toplevel() on ptolemy.moml.MoMLSimpleApplication@3e8e2958
----------------- Done invoking toplevel() on ptolemy.moml.MoMLSimpleApplication@3e8e2958
reloadAllAccessors: .CausalityInterface7

===========================================================================================
----------------- testing Mon Jul 22 01:11:00 UTC 2019 /home/travis/build/icyphy/ptII/ptolemy/domains/continuous/test/auto/CausalityInterface8.xml
----------------- Instantiating /home/travis/build/icyphy/ptII/ptolemy/domains/continuous/test/auto/CausalityInterface8.xml
7 ms. Memory: 211968K Free: 146144K (69%)
----------------- Invoking toplevel() on ptolemy.moml.MoMLSimpleApplication@613b3599
----------------- Done invoking toplevel() on ptolemy.moml.MoMLSimpleApplication@613b3599
reloadAllAccessors: .CausalityInterface8

===========================================================================================
----------------- testing Mon Jul 22 01:11:01 UTC 2019 /home/travis/build/icyphy/ptII/ptolemy/domains/continuous/test/auto/CausalityInterface9.xml
----------------- Instantiating /home/travis/build/icyphy/ptII/ptolemy/domains/continuous/test/auto/CausalityInterface9.xml
11 ms. Memory: 211968K Free: 135390K (64%)
----------------- Invoking toplevel() on ptolemy.moml.MoMLSimpleApplication@2b684f10
----------------- Done invoking toplevel() on ptolemy.moml.MoMLSimpleApplication@2b684f10
reloadAllAccessors: .CausalityInterface9

===========================================================================================
----------------- testing Mon Jul 22 01:11:01 UTC 2019 /home/travis/build/icyphy/ptII/ptolemy/domains/continuous/test/auto/CausalityInterfaceFeedback1.xml
----------------- Instantiating /home/travis/build/icyphy/ptII/ptolemy/domains/continuous/test/auto/CausalityInterfaceFeedback1.xml
6 ms. Memory: 211968K Free: 129232K (61%)
----------------- Invoking toplevel() on ptolemy.moml.MoMLSimpleApplication@3c26daac
----------------- Done invoking toplevel() on ptolemy.moml.MoMLSimpleApplication@3c26daac
reloadAllAccessors: .CausalityInterfaceFeedback1

===========================================================================================
----------------- testing Mon Jul 22 01:11:01 UTC 2019 /home/travis/build/icyphy/ptII/ptolemy/domains/continuous/test/auto/CausalityInterfaceFeedback2.xml
----------------- Instantiating /home/travis/build/icyphy/ptII/ptolemy/domains/continuous/test/auto/CausalityInterfaceFeedback2.xml
3 ms. Memory: 211968K Free: 122592K (58%)
----------------- Invoking toplevel() on ptolemy.moml.MoMLSimpleApplication@6f08eb0a
----------------- Done invoking toplevel() on ptolemy.moml.MoMLSimpleApplication@6f08eb0a
reloadAllAccessors: .CausalityInterfaceFeedback2

===========================================================================================
----------------- testing Mon Jul 22 01:11:01 UTC 2019 /home/travis/build/icyphy/ptII/ptolemy/domains/continuous/test/auto/CompareWithCurrentTime.xml
----------------- Instantiating /home/travis/build/icyphy/ptII/ptolemy/domains/continuous/test/auto/CompareWithCurrentTime.xml
4 ms. Memory: 211968K Free: 118496K (56%)
----------------- Invoking toplevel() on ptolemy.moml.MoMLSimpleApplication@522849c6
----------------- Done invoking toplevel() on ptolemy.moml.MoMLSimpleApplication@522849c6
reloadAllAccessors: .CompareWithCurrentTime

===========================================================================================
----------------- testing Mon Jul 22 01:11:01 UTC 2019 /home/travis/build/icyphy/ptII/ptolemy/domains/continuous/test/auto/ComparedClocks.xml
----------------- Instantiating /home/travis/build/icyphy/ptII/ptolemy/domains/continuous/test/auto/ComparedClocks.xml
17 ms. Memory: 211968K Free: 103136K (49%)
----------------- Invoking toplevel() on ptolemy.moml.MoMLSimpleApplication@71023a48
----------------- Done invoking toplevel() on ptolemy.moml.MoMLSimpleApplication@71023a48
reloadAllAccessors: .ComparedClocks

===========================================================================================
----------------- testing Mon Jul 22 01:11:01 UTC 2019 /home/travis/build/icyphy/ptII/ptolemy/domains/continuous/test/auto/ContinuousAOCClone.xml
----------------- Instantiating /home/travis/build/icyphy/ptII/ptolemy/domains/continuous/test/auto/ContinuousAOCClone.xml
2418 ms. Memory: 254976K Free: 161663K (63%)
----------------- Invoking toplevel() on ptolemy.moml.MoMLSimpleApplication@359c50c
----------------- Done invoking toplevel() on ptolemy.moml.MoMLSimpleApplication@359c50c
reloadAllAccessors: .ContinuousAOCClone

===========================================================================================
----------------- testing Mon Jul 22 01:11:03 UTC 2019 /home/travis/build/icyphy/ptII/ptolemy/domains/continuous/test/auto/ContinuousClock.xml
----------------- Instantiating /home/travis/build/icyphy/ptII/ptolemy/domains/continuous/test/auto/ContinuousClock.xml
33 ms. Memory: 254976K Free: 139645K (55%)
----------------- Invoking toplevel() on ptolemy.moml.MoMLSimpleApplication@7a6810dd
----------------- Done invoking toplevel() on ptolemy.moml.MoMLSimpleApplication@7a6810dd
reloadAllAccessors: .ContinuousClock

===========================================================================================
----------------- testing Mon Jul 22 01:11:03 UTC 2019 /home/travis/build/icyphy/ptII/ptolemy/domains/continuous/test/auto/ContinuousInContinuous.xml
----------------- Instantiating /home/travis/build/icyphy/ptII/ptolemy/domains/continuous/test/auto/ContinuousInContinuous.xml
45 ms. Memory: 254976K Free: 116087K (46%)
----------------- Invoking toplevel() on ptolemy.moml.MoMLSimpleApplication@3f63d561
----------------- Done invoking toplevel() on ptolemy.moml.MoMLSimpleApplication@3f63d561
reloadAllAccessors: .ContinuousInContinuous

===========================================================================================
----------------- testing Mon Jul 22 01:11:04 UTC 2019 /home/travis/build/icyphy/ptII/ptolemy/domains/continuous/test/auto/ContinuousInContinuousInContinuous.xml
----------------- Instantiating /home/travis/build/icyphy/ptII/ptolemy/domains/continuous/test/auto/ContinuousInContinuousInContinuous.xml
8 ms. Memory: 254976K Free: 107901K (42%)
----------------- Invoking toplevel() on ptolemy.moml.MoMLSimpleApplication@58037611
----------------- Done invoking toplevel() on ptolemy.moml.MoMLSimpleApplication@58037611
reloadAllAccessors: .ContinuousInContinuousInContinuous

===========================================================================================
----------------- testing Mon Jul 22 01:11:04 UTC 2019 /home/travis/build/icyphy/ptII/ptolemy/domains/continuous/test/auto/ContinuousInDE.xml
----------------- Instantiating /home/travis/build/icyphy/ptII/ptolemy/domains/continuous/test/auto/ContinuousInDE.xml
62 ms. Memory: 254976K Free: 97151K (38%)
----------------- Invoking toplevel() on ptolemy.moml.MoMLSimpleApplication@3d21c0a8
----------------- Done invoking toplevel() on ptolemy.moml.MoMLSimpleApplication@3d21c0a8
reloadAllAccessors: .ContinuousInDE

===========================================================================================
----------------- testing Mon Jul 22 01:11:04 UTC 2019 /home/travis/build/icyphy/ptII/ptolemy/domains/continuous/test/auto/ContinuousInDE2.xml
----------------- Instantiating /home/travis/build/icyphy/ptII/ptolemy/domains/continuous/test/auto/ContinuousInDE2.xml
41 ms. Memory: 254976K Free: 238563K (94%)
----------------- Invoking toplevel() on ptolemy.moml.MoMLSimpleApplication@5da38056
----------------- Done invoking toplevel() on ptolemy.moml.MoMLSimpleApplication@5da38056
reloadAllAccessors: .ContinuousInDE2

===========================================================================================
----------------- testing Mon Jul 22 01:11:04 UTC 2019 /home/travis/build/icyphy/ptII/ptolemy/domains/continuous/test/auto/ContinuousInDE3.xml
----------------- Instantiating /home/travis/build/icyphy/ptII/ptolemy/domains/continuous/test/auto/ContinuousInDE3.xml
34 ms. Memory: 254976K Free: 228108K (89%)
----------------- Invoking toplevel() on ptolemy.moml.MoMLSimpleApplication@2ec0ce2
----------------- Done invoking toplevel() on ptolemy.moml.MoMLSimpleApplication@2ec0ce2
reloadAllAccessors: .ContinuousInDE3

===========================================================================================
----------------- testing Mon Jul 22 01:11:04 UTC 2019 /home/travis/build/icyphy/ptII/ptolemy/domains/continuous/test/auto/ContinuousInDE4.xml
----------------- Instantiating /home/travis/build/icyphy/ptII/ptolemy/domains/continuous/test/auto/ContinuousInDE4.xml
11 ms. Memory: 254976K Free: 221964K (87%)
----------------- Invoking toplevel() on ptolemy.moml.MoMLSimpleApplication@b014923
----------------- Done invoking toplevel() on ptolemy.moml.MoMLSimpleApplication@b014923
reloadAllAccessors: .ContinuousInDE4

===========================================================================================
----------------- testing Mon Jul 22 01:11:04 UTC 2019 /home/travis/build/icyphy/ptII/ptolemy/domains/continuous/test/auto/ContinuousInDEDifferentRefinements.xml
----------------- Instantiating /home/travis/build/icyphy/ptII/ptolemy/domains/continuous/test/auto/ContinuousInDEDifferentRefinements.xml
49 ms. Memory: 254976K Free: 190734K (75%)
----------------- Invoking toplevel() on ptolemy.moml.MoMLSimpleApplication@3a37a370
----------------- Done invoking toplevel() on ptolemy.moml.MoMLSimpleApplication@3a37a370
reloadAllAccessors: .ContinuousInDEDifferentRefinements

===========================================================================================
----------------- testing Mon Jul 22 01:11:04 UTC 2019 /home/travis/build/icyphy/ptII/ptolemy/domains/continuous/test/auto/ContinuousInDEDifferentRefinementsPreemptive.xml
----------------- Instantiating /home/travis/build/icyphy/ptII/ptolemy/domains/continuous/test/auto/ContinuousInDEDifferentRefinementsPreemptive.xml
42 ms. Memory: 254976K Free: 160014K (63%)
----------------- Invoking toplevel() on ptolemy.moml.MoMLSimpleApplication@181cf18e
----------------- Done invoking toplevel() on ptolemy.moml.MoMLSimpleApplication@181cf18e
reloadAllAccessors: .ContinuousInDEDifferentRefinementsPreemptive

===========================================================================================
----------------- testing Mon Jul 22 01:11:04 UTC 2019 /home/travis/build/icyphy/ptII/ptolemy/domains/continuous/test/auto/ContinuousInDEInContinuous2.xml
----------------- Instantiating /home/travis/build/icyphy/ptII/ptolemy/domains/continuous/test/auto/ContinuousInDEInContinuous2.xml
31 ms. Memory: 254976K Free: 148236K (58%)
----------------- Invoking toplevel() on ptolemy.moml.MoMLSimpleApplication@601f6a51
----------------- Done invoking toplevel() on ptolemy.moml.MoMLSimpleApplication@601f6a51
reloadAllAccessors: .ContinuousInDEInContinuous2

===========================================================================================
----------------- testing Mon Jul 22 01:11:04 UTC 2019 /home/travis/build/icyphy/ptII/ptolemy/domains/continuous/test/auto/ContinuousInDEInContinuous3.xml
----------------- Instantiating /home/travis/build/icyphy/ptII/ptolemy/domains/continuous/test/auto/ContinuousInDEInContinuous3.xml
38 ms. Memory: 254976K Free: 136462K (54%)
----------------- Invoking toplevel() on ptolemy.moml.MoMLSimpleApplication@78667ef2
----------------- Done invoking toplevel() on ptolemy.moml.MoMLSimpleApplication@78667ef2
reloadAllAccessors: .ContinuousInDEInContinuous3

===========================================================================================
----------------- testing Mon Jul 22 01:11:04 UTC 2019 /home/travis/build/icyphy/ptII/ptolemy/domains/continuous/test/auto/ContinuousInDEInput.xml
----------------- Instantiating /home/travis/build/icyphy/ptII/ptolemy/domains/continuous/test/auto/ContinuousInDEInput.xml
14 ms. Memory: 254976K Free: 129294K (51%)
----------------- Invoking toplevel() on ptolemy.moml.MoMLSimpleApplication@39441d2d
----------------- Done invoking toplevel() on ptolemy.moml.MoMLSimpleApplication@39441d2d
reloadAllAccessors: .ContinuousInDEInput

===========================================================================================
----------------- testing Mon Jul 22 01:11:04 UTC 2019 /home/travis/build/icyphy/ptII/ptolemy/domains/continuous/test/auto/ContinuousInDEInput2.xml
----------------- Instantiating /home/travis/build/icyphy/ptII/ptolemy/domains/continuous/test/auto/ContinuousInDEInput2.xml
15 ms. Memory: 254976K Free: 121612K (48%)
----------------- Invoking toplevel() on ptolemy.moml.MoMLSimpleApplication@68f3b2c8
----------------- Done invoking toplevel() on ptolemy.moml.MoMLSimpleApplication@68f3b2c8
reloadAllAccessors: .ContinuousInDEInput2

===========================================================================================
----------------- testing Mon Jul 22 01:11:04 UTC 2019 /home/travis/build/icyphy/ptII/ptolemy/domains/continuous/test/auto/ContinuousInDEInput3.xml
----------------- Instantiating /home/travis/build/icyphy/ptII/ptolemy/domains/continuous/test/auto/ContinuousInDEInput3.xml
15 ms. Memory: 254976K Free: 114444K (45%)
----------------- Invoking toplevel() on ptolemy.moml.MoMLSimpleApplication@6fb354fe
----------------- Done invoking toplevel() on ptolemy.moml.MoMLSimpleApplication@6fb354fe
reloadAllAccessors: .ContinuousInDEInput3

===========================================================================================
----------------- testing Mon Jul 22 01:11:04 UTC 2019 /home/travis/build/icyphy/ptII/ptolemy/domains/continuous/test/auto/ContinuousInDESharingRefinement.xml
----------------- Instantiating /home/travis/build/icyphy/ptII/ptolemy/domains/continuous/test/auto/ContinuousInDESharingRefinement.xml
149 ms. Memory: 254976K Free: 171555K (67%)
----------------- Invoking toplevel() on ptolemy.moml.MoMLSimpleApplication@3981d624
----------------- Done invoking toplevel() on ptolemy.moml.MoMLSimpleApplication@3981d624
reloadAllAccessors: .ContinuousInDESharingRefinement

===========================================================================================
----------------- testing Mon Jul 22 01:11:04 UTC 2019 /home/travis/build/icyphy/ptII/ptolemy/domains/continuous/test/auto/ContinuousInDEwithNoPorts.xml
----------------- Instantiating /home/travis/build/icyphy/ptII/ptolemy/domains/continuous/test/auto/ContinuousInDEwithNoPorts.xml
5 ms. Memory: 254976K Free: 167322K (66%)
----------------- Invoking toplevel() on ptolemy.moml.MoMLSimpleApplication@5f6c7945
----------------- Done invoking toplevel() on ptolemy.moml.MoMLSimpleApplication@5f6c7945
reloadAllAccessors: .ContinuousInDEwithNoPorts

===========================================================================================
----------------- testing Mon Jul 22 01:11:04 UTC 2019 /home/travis/build/icyphy/ptII/ptolemy/domains/continuous/test/auto/ContinuousInsideDE.xml
----------------- Instantiating /home/travis/build/icyphy/ptII/ptolemy/domains/continuous/test/auto/ContinuousInsideDE.xml
36 ms. Memory: 254976K Free: 155544K (61%)
----------------- Invoking toplevel() on ptolemy.moml.MoMLSimpleApplication@37effaec
----------------- Done invoking toplevel() on ptolemy.moml.MoMLSimpleApplication@37effaec
reloadAllAccessors: .ContinuousInsideDE

===========================================================================================
----------------- testing Mon Jul 22 01:11:05 UTC 2019 /home/travis/build/icyphy/ptII/ptolemy/domains/continuous/test/auto/ContinuousMerge1.xml
----------------- Instantiating /home/travis/build/icyphy/ptII/ptolemy/domains/continuous/test/auto/ContinuousMerge1.xml
2 ms. Memory: 254976K Free: 150938K (59%)
----------------- Invoking toplevel() on ptolemy.moml.MoMLSimpleApplication@6fa849a4
----------------- Done invoking toplevel() on ptolemy.moml.MoMLSimpleApplication@6fa849a4
reloadAllAccessors: .ContinuousMerge1

===========================================================================================
----------------- testing Mon Jul 22 01:11:05 UTC 2019 /home/travis/build/icyphy/ptII/ptolemy/domains/continuous/test/auto/ContinuousMerge2.xml
----------------- Instantiating /home/travis/build/icyphy/ptII/ptolemy/domains/continuous/test/auto/ContinuousMerge2.xml
14 ms. Memory: 254976K Free: 140184K (55%)
----------------- Invoking toplevel() on ptolemy.moml.MoMLSimpleApplication@54a6f7de
----------------- Done invoking toplevel() on ptolemy.moml.MoMLSimpleApplication@54a6f7de
reloadAllAccessors: .ContinuousMerge2

===========================================================================================
----------------- testing Mon Jul 22 01:11:05 UTC 2019 /home/travis/build/icyphy/ptII/ptolemy/domains/continuous/test/auto/ContinuousMerge3.xml
----------------- Instantiating /home/travis/build/icyphy/ptII/ptolemy/domains/continuous/test/auto/ContinuousMerge3.xml
43 ms. Memory: 254976K Free: 129944K (51%)
----------------- Invoking toplevel() on ptolemy.moml.MoMLSimpleApplication@1a27ea44
----------------- Done invoking toplevel() on ptolemy.moml.MoMLSimpleApplication@1a27ea44
reloadAllAccessors: .ContinuousMerge3

===========================================================================================
----------------- testing Mon Jul 22 01:11:05 UTC 2019 /home/travis/build/icyphy/ptII/ptolemy/domains/continuous/test/auto/ContinuousWithinContinuous.xml
----------------- Instantiating /home/travis/build/icyphy/ptII/ptolemy/domains/continuous/test/auto/ContinuousWithinContinuous.xml
34 ms. Memory: 254976K Free: 120218K (47%)
----------------- Invoking toplevel() on ptolemy.moml.MoMLSimpleApplication@4959a319
----------------- Done invoking toplevel() on ptolemy.moml.MoMLSimpleApplication@4959a319
reloadAllAccessors: .ContinuousWithinContinuous

===========================================================================================
----------------- testing Mon Jul 22 01:11:05 UTC 2019 /home/travis/build/icyphy/ptII/ptolemy/domains/continuous/test/auto/ContinuousWithinContinuous2.xml
----------------- Instantiating /home/travis/build/icyphy/ptII/ptolemy/domains/continuous/test/auto/ContinuousWithinContinuous2.xml
74 ms. Memory: 254976K Free: 109464K (43%)
----------------- Invoking toplevel() on ptolemy.moml.MoMLSimpleApplication@28ea75a9
----------------- Done invoking toplevel() on ptolemy.moml.MoMLSimpleApplication@28ea75a9
reloadAllAccessors: .ContinuousWithinContinuous2

===========================================================================================
----------------- testing Mon Jul 22 01:11:05 UTC 2019 /home/travis/build/icyphy/ptII/ptolemy/domains/continuous/test/auto/ContinuousWithinContinuous3.xml
----------------- Instantiating /home/travis/build/icyphy/ptII/ptolemy/domains/continuous/test/auto/ContinuousWithinContinuous3.xml
12 ms. Memory: 254976K Free: 102296K (40%)
----------------- Invoking toplevel() on ptolemy.moml.MoMLSimpleApplication@1ff05287
----------------- Done invoking toplevel() on ptolemy.moml.MoMLSimpleApplication@1ff05287
reloadAllAccessors: .ContinuousWithinContinuous3

===========================================================================================
----------------- testing Mon Jul 22 01:11:05 UTC 2019 /home/travis/build/icyphy/ptII/ptolemy/domains/continuous/test/auto/ContinuousWithinContinuous4.xml
----------------- Instantiating /home/travis/build/icyphy/ptII/ptolemy/domains/continuous/test/auto/ContinuousWithinContinuous4.xml
72 ms. Memory: 254976K Free: 90008K (35%)
----------------- Invoking toplevel() on ptolemy.moml.MoMLSimpleApplication@1b318741
----------------- Done invoking toplevel() on ptolemy.moml.MoMLSimpleApplication@1b318741
reloadAllAccessors: .ContinuousWithinContinuous4

===========================================================================================
----------------- testing Mon Jul 22 01:11:05 UTC 2019 /home/travis/build/icyphy/ptII/ptolemy/domains/continuous/test/auto/ContinuousWithinContinuous5.xml
----------------- Instantiating /home/travis/build/icyphy/ptII/ptolemy/domains/continuous/test/auto/ContinuousWithinContinuous5.xml
13 ms. Memory: 254976K Free: 234745K (92%)
----------------- Invoking toplevel() on ptolemy.moml.MoMLSimpleApplication@56af1c24
----------------- Done invoking toplevel() on ptolemy.moml.MoMLSimpleApplication@56af1c24
reloadAllAccessors: .ContinuousWithinContinuous5

===========================================================================================
----------------- testing Mon Jul 22 01:11:05 UTC 2019 /home/travis/build/icyphy/ptII/ptolemy/domains/continuous/test/auto/ContinuousWithinContinuous6.xml
----------------- Instantiating /home/travis/build/icyphy/ptII/ptolemy/domains/continuous/test/auto/ContinuousWithinContinuous6.xml
11 ms. Memory: 254976K Free: 227577K (89%)
----------------- Invoking toplevel() on ptolemy.moml.MoMLSimpleApplication@61b5b836
----------------- Done invoking toplevel() on ptolemy.moml.MoMLSimpleApplication@61b5b836
reloadAllAccessors: .ContinuousWithinContinuous6

===========================================================================================
----------------- testing Mon Jul 22 01:11:05 UTC 2019 /home/travis/build/icyphy/ptII/ptolemy/domains/continuous/test/auto/ContinuousWithinContinuous7.xml
----------------- Instantiating /home/travis/build/icyphy/ptII/ptolemy/domains/continuous/test/auto/ContinuousWithinContinuous7.xml
58 ms. Memory: 254976K Free: 216827K (85%)
----------------- Invoking toplevel() on ptolemy.moml.MoMLSimpleApplication@30a8253b
----------------- Done invoking toplevel() on ptolemy.moml.MoMLSimpleApplication@30a8253b
reloadAllAccessors: .ContinuousWithinContinuous7

===========================================================================================
----------------- testing Mon Jul 22 01:11:05 UTC 2019 /home/travis/build/icyphy/ptII/ptolemy/domains/continuous/test/auto/DCMotor.xml
----------------- Instantiating /home/travis/build/icyphy/ptII/ptolemy/domains/continuous/test/auto/DCMotor.xml
14058 ms. Memory: 254976K Free: 117736K (46%)
----------------- Invoking toplevel() on ptolemy.moml.MoMLSimpleApplication@316ae632
----------------- Done invoking toplevel() on ptolemy.moml.MoMLSimpleApplication@316ae632
reloadAllAccessors: .DCMotor

===========================================================================================
----------------- testing Mon Jul 22 01:11:19 UTC 2019 /home/travis/build/icyphy/ptII/ptolemy/domains/continuous/test/auto/DEInContinuous.xml
----------------- Instantiating /home/travis/build/icyphy/ptII/ptolemy/domains/continuous/test/auto/DEInContinuous.xml
29 ms. Memory: 254976K Free: 111592K (44%)
----------------- Invoking toplevel() on ptolemy.moml.MoMLSimpleApplication@21c82b96
----------------- Done invoking toplevel() on ptolemy.moml.MoMLSimpleApplication@21c82b96
reloadAllAccessors: .DEInContinuous

===========================================================================================
----------------- testing Mon Jul 22 01:11:19 UTC 2019 /home/travis/build/icyphy/ptII/ptolemy/domains/continuous/test/auto/DEinContinuous2.xml
----------------- Instantiating /home/travis/build/icyphy/ptII/ptolemy/domains/continuous/test/auto/DEinContinuous2.xml
7 ms. Memory: 254976K Free: 103400K (41%)
----------------- Invoking toplevel() on ptolemy.moml.MoMLSimpleApplication@55abf3f8
----------------- Done invoking toplevel() on ptolemy.moml.MoMLSimpleApplication@55abf3f8
reloadAllAccessors: .DEinContinuous2

===========================================================================================
----------------- testing Mon Jul 22 01:11:19 UTC 2019 /home/travis/build/icyphy/ptII/ptolemy/domains/continuous/test/auto/Derivative.xml
----------------- Instantiating /home/travis/build/icyphy/ptII/ptolemy/domains/continuous/test/auto/Derivative.xml
141 ms. Memory: 254976K Free: 224689K (88%)
----------------- Invoking toplevel() on ptolemy.moml.MoMLSimpleApplication@702f0857
----------------- Done invoking toplevel() on ptolemy.moml.MoMLSimpleApplication@702f0857
reloadAllAccessors: .Derivative2

===========================================================================================
----------------- testing Mon Jul 22 01:11:20 UTC 2019 /home/travis/build/icyphy/ptII/ptolemy/domains/continuous/test/auto/Derivative1.xml
----------------- Instantiating /home/travis/build/icyphy/ptII/ptolemy/domains/continuous/test/auto/Derivative1.xml
16 ms. Memory: 254976K Free: 210353K (82%)
----------------- Invoking toplevel() on ptolemy.moml.MoMLSimpleApplication@27ce8f1a
----------------- Done invoking toplevel() on ptolemy.moml.MoMLSimpleApplication@27ce8f1a
reloadAllAccessors: .Derivative1

===========================================================================================
----------------- testing Mon Jul 22 01:11:20 UTC 2019 /home/travis/build/icyphy/ptII/ptolemy/domains/continuous/test/auto/DiscreteClock.xml
----------------- Instantiating /home/travis/build/icyphy/ptII/ptolemy/domains/continuous/test/auto/DiscreteClock.xml
4 ms. Memory: 254976K Free: 205233K (80%)
----------------- Invoking toplevel() on ptolemy.moml.MoMLSimpleApplication@589deda4
----------------- Done invoking toplevel() on ptolemy.moml.MoMLSimpleApplication@589deda4
reloadAllAccessors: .DiscreteClock

===========================================================================================
----------------- testing Mon Jul 22 01:11:20 UTC 2019 /home/travis/build/icyphy/ptII/ptolemy/domains/continuous/test/auto/EfficiencyCurve.xml
----------------- Instantiating /home/travis/build/icyphy/ptII/ptolemy/domains/continuous/test/auto/EfficiencyCurve.xml
74 ms. Memory: 254976K Free: 196017K (77%)
----------------- Invoking toplevel() on ptolemy.moml.MoMLSimpleApplication@7030fe3a
----------------- Done invoking toplevel() on ptolemy.moml.MoMLSimpleApplication@7030fe3a
reloadAllAccessors: .EfficiencyCurve

===========================================================================================
----------------- testing Mon Jul 22 01:11:20 UTC 2019 /home/travis/build/icyphy/ptII/ptolemy/domains/continuous/test/auto/ExponentialResponse.xml
----------------- Instantiating /home/travis/build/icyphy/ptII/ptolemy/domains/continuous/test/auto/ExponentialResponse.xml
129 ms. Memory: 254976K Free: 180143K (71%)
----------------- Invoking toplevel() on ptolemy.moml.MoMLSimpleApplication@516345fd
----------------- Done invoking toplevel() on ptolemy.moml.MoMLSimpleApplication@516345fd
reloadAllAccessors: .ExponentialResponse

===========================================================================================
----------------- testing Mon Jul 22 01:11:20 UTC 2019 /home/travis/build/icyphy/ptII/ptolemy/domains/continuous/test/auto/ExponentialResponseRK45.xml
----------------- Instantiating /home/travis/build/icyphy/ptII/ptolemy/domains/continuous/test/auto/ExponentialResponseRK45.xml
27 ms. Memory: 254976K Free: 173489K (68%)
----------------- Invoking toplevel() on ptolemy.moml.MoMLSimpleApplication@1f6c0943
----------------- Done invoking toplevel() on ptolemy.moml.MoMLSimpleApplication@1f6c0943
reloadAllAccessors: .ExponentialResponseRK45

===========================================================================================
----------------- testing Mon Jul 22 01:11:20 UTC 2019 /home/travis/build/icyphy/ptII/ptolemy/domains/continuous/test/auto/Friction.xml
----------------- Instantiating /home/travis/build/icyphy/ptII/ptolemy/domains/continuous/test/auto/Friction.xml
1547 ms. Memory: 254976K Free: 196027K (77%)
----------------- Invoking toplevel() on ptolemy.moml.MoMLSimpleApplication@3933486c
----------------- Done invoking toplevel() on ptolemy.moml.MoMLSimpleApplication@3933486c
reloadAllAccessors: .Friction

===========================================================================================
----------------- testing Mon Jul 22 01:11:22 UTC 2019 /home/travis/build/icyphy/ptII/ptolemy/domains/continuous/test/auto/FurutaPendulum.xml
----------------- Instantiating /home/travis/build/icyphy/ptII/ptolemy/domains/continuous/test/auto/FurutaPendulum.xml
3525 ms. Memory: 254976K Free: 120702K (47%)
----------------- Invoking toplevel() on ptolemy.moml.MoMLSimpleApplication@6fa0e69d
----------------- Done invoking toplevel() on ptolemy.moml.MoMLSimpleApplication@6fa0e69d
reloadAllAccessors: .FurutaPendulum

===========================================================================================
----------------- testing Mon Jul 22 01:11:25 UTC 2019 /home/travis/build/icyphy/ptII/ptolemy/domains/continuous/test/auto/HierarchicalExecution.xml
----------------- Instantiating /home/travis/build/icyphy/ptII/ptolemy/domains/continuous/test/auto/HierarchicalExecution.xml
2303 ms. Memory: 254976K Free: 113959K (45%)
----------------- Invoking toplevel() on ptolemy.moml.MoMLSimpleApplication@751cccbf
----------------- Done invoking toplevel() on ptolemy.moml.MoMLSimpleApplication@751cccbf
reloadAllAccessors: .HierarchicalExecution

===========================================================================================
----------------- testing Mon Jul 22 01:11:28 UTC 2019 /home/travis/build/icyphy/ptII/ptolemy/domains/continuous/test/auto/HybridPlant.xml
----------------- Instantiating /home/travis/build/icyphy/ptII/ptolemy/domains/continuous/test/auto/HybridPlant.xml
561 ms. Memory: 306176K Free: 232254K (76%)
----------------- Invoking toplevel() on ptolemy.moml.MoMLSimpleApplication@392d2f58
----------------- Done invoking toplevel() on ptolemy.moml.MoMLSimpleApplication@392d2f58
reloadAllAccessors: .HybridPlant

===========================================================================================
----------------- testing Mon Jul 22 01:11:29 UTC 2019 /home/travis/build/icyphy/ptII/ptolemy/domains/continuous/test/auto/Hysteresis.xml
----------------- Instantiating /home/travis/build/icyphy/ptII/ptolemy/domains/continuous/test/auto/Hysteresis.xml
150 ms. Memory: 306176K Free: 168766K (55%)
----------------- Invoking toplevel() on ptolemy.moml.MoMLSimpleApplication@2f0e31d3
----------------- Done invoking toplevel() on ptolemy.moml.MoMLSimpleApplication@2f0e31d3
reloadAllAccessors: .Hysteresis

===========================================================================================
----------------- testing Mon Jul 22 01:11:29 UTC 2019 /home/travis/build/icyphy/ptII/ptolemy/domains/continuous/test/auto/HysteresisWithRandomDelay.xml
----------------- Instantiating /home/travis/build/icyphy/ptII/ptolemy/domains/continuous/test/auto/HysteresisWithRandomDelay.xml
178 ms. Memory: 306176K Free: 277650K (91%)
----------------- Invoking toplevel() on ptolemy.moml.MoMLSimpleApplication@6daf3e1f
----------------- Done invoking toplevel() on ptolemy.moml.MoMLSimpleApplication@6daf3e1f
reloadAllAccessors: .HysteresisWithRandomDelay

===========================================================================================
----------------- testing Mon Jul 22 01:11:29 UTC 2019 /home/travis/build/icyphy/ptII/ptolemy/domains/continuous/test/auto/HysteresisWithRandomLosses.xml
----------------- Instantiating /home/travis/build/icyphy/ptII/ptolemy/domains/continuous/test/auto/HysteresisWithRandomLosses.xml
2389 ms. Memory: 306176K Free: 243361K (79%)
----------------- Invoking toplevel() on ptolemy.moml.MoMLSimpleApplication@5c23c58b
----------------- Done invoking toplevel() on ptolemy.moml.MoMLSimpleApplication@5c23c58b
reloadAllAccessors: .HysteresisWithRandomLosses

===========================================================================================
----------------- testing Mon Jul 22 01:11:32 UTC 2019 /home/travis/build/icyphy/ptII/ptolemy/domains/continuous/test/auto/ImmediateTransitions.xml
----------------- Instantiating /home/travis/build/icyphy/ptII/ptolemy/domains/continuous/test/auto/ImmediateTransitions.xml
9 ms. Memory: 306176K Free: 232097K (76%)
----------------- Invoking toplevel() on ptolemy.moml.MoMLSimpleApplication@32e561fa
----------------- Done invoking toplevel() on ptolemy.moml.MoMLSimpleApplication@32e561fa
reloadAllAccessors: .ImmediateTransitions

===========================================================================================
----------------- testing Mon Jul 22 01:11:32 UTC 2019 /home/travis/build/icyphy/ptII/ptolemy/domains/continuous/test/auto/ImpulseFeedback.xml
----------------- Instantiating /home/travis/build/icyphy/ptII/ptolemy/domains/continuous/test/auto/ImpulseFeedback.xml
6 ms. Memory: 306176K Free: 226463K (74%)
----------------- Invoking toplevel() on ptolemy.moml.MoMLSimpleApplication@688f8dc2
----------------- Done invoking toplevel() on ptolemy.moml.MoMLSimpleApplication@688f8dc2
reloadAllAccessors: .ImpulseFeedback

===========================================================================================
----------------- testing Mon Jul 22 01:11:32 UTC 2019 /home/travis/build/icyphy/ptII/ptolemy/domains/continuous/test/auto/ImpulseFeedback2.xml
----------------- Instantiating /home/travis/build/icyphy/ptII/ptolemy/domains/continuous/test/auto/ImpulseFeedback2.xml
5 ms. Memory: 306176K Free: 220833K (72%)
----------------- Invoking toplevel() on ptolemy.moml.MoMLSimpleApplication@c13b93e
----------------- Done invoking toplevel() on ptolemy.moml.MoMLSimpleApplication@c13b93e
reloadAllAccessors: .ImpulseFeedback2

===========================================================================================
----------------- testing Mon Jul 22 01:11:32 UTC 2019 /home/travis/build/icyphy/ptII/ptolemy/domains/continuous/test/auto/IncreasingRatePoisson.xml
----------------- Instantiating /home/travis/build/icyphy/ptII/ptolemy/domains/continuous/test/auto/IncreasingRatePoisson.xml
677 ms. Memory: 306176K Free: 272760K (89%)
----------------- Invoking toplevel() on ptolemy.moml.MoMLSimpleApplication@172bc235
----------------- Done invoking toplevel() on ptolemy.moml.MoMLSimpleApplication@172bc235
reloadAllAccessors: .IncreasingRatePoisson

===========================================================================================
----------------- testing Mon Jul 22 01:11:32 UTC 2019 /home/travis/build/icyphy/ptII/ptolemy/domains/continuous/test/auto/InitialStateFeedback.xml
----------------- Instantiating /home/travis/build/icyphy/ptII/ptolemy/domains/continuous/test/auto/InitialStateFeedback.xml
4 ms. Memory: 306176K Free: 268150K (88%)
----------------- Invoking toplevel() on ptolemy.moml.MoMLSimpleApplication@24a0363d
----------------- Done invoking toplevel() on ptolemy.moml.MoMLSimpleApplication@24a0363d
reloadAllAccessors: .InitialStateFeedback

===========================================================================================
----------------- testing Mon Jul 22 01:11:32 UTC 2019 /home/travis/build/icyphy/ptII/ptolemy/domains/continuous/test/auto/Integration.xml
----------------- Instantiating /home/travis/build/icyphy/ptII/ptolemy/domains/continuous/test/auto/Integration.xml
2 ms. Memory: 306176K Free: 264054K (86%)
----------------- Invoking toplevel() on ptolemy.moml.MoMLSimpleApplication@181565ed
----------------- Done invoking toplevel() on ptolemy.moml.MoMLSimpleApplication@181565ed
reloadAllAccessors: .Integration

===========================================================================================
----------------- testing Mon Jul 22 01:11:32 UTC 2019 /home/travis/build/icyphy/ptII/ptolemy/domains/continuous/test/auto/Integration2.xml
----------------- Instantiating /home/travis/build/icyphy/ptII/ptolemy/domains/continuous/test/auto/Integration2.xml
96 ms. Memory: 306176K Free: 249718K (82%)
----------------- Invoking toplevel() on ptolemy.moml.MoMLSimpleApplication@6f6bae02
----------------- Done invoking toplevel() on ptolemy.moml.MoMLSimpleApplication@6f6bae02
reloadAllAccessors: .Integration2

===========================================================================================
----------------- testing Mon Jul 22 01:11:32 UTC 2019 /home/travis/build/icyphy/ptII/ptolemy/domains/continuous/test/auto/Integration3.xml
----------------- Instantiating /home/travis/build/icyphy/ptII/ptolemy/domains/continuous/test/auto/Integration3.xml
2 ms. Memory: 306176K Free: 245112K (80%)
----------------- Invoking toplevel() on ptolemy.moml.MoMLSimpleApplication@46827f8d
----------------- Done invoking toplevel() on ptolemy.moml.MoMLSimpleApplication@46827f8d
reloadAllAccessors: .Integration3

===========================================================================================
----------------- testing Mon Jul 22 01:11:33 UTC 2019 /home/travis/build/icyphy/ptII/ptolemy/domains/continuous/test/auto/Integration5.xml
----------------- Instantiating /home/travis/build/icyphy/ptII/ptolemy/domains/continuous/test/auto/Integration5.xml
2 ms. Memory: 306176K Free: 241016K (79%)
----------------- Invoking toplevel() on ptolemy.moml.MoMLSimpleApplication@7dc9e9c8
----------------- Done invoking toplevel() on ptolemy.moml.MoMLSimpleApplication@7dc9e9c8
reloadAllAccessors: .Integration5

===========================================================================================
----------------- testing Mon Jul 22 01:11:33 UTC 2019 /home/travis/build/icyphy/ptII/ptolemy/domains/continuous/test/auto/IntegratorImpulse.xml
----------------- Instantiating /home/travis/build/icyphy/ptII/ptolemy/domains/continuous/test/auto/IntegratorImpulse.xml
2 ms. Memory: 306176K Free: 236920K (77%)
----------------- Invoking toplevel() on ptolemy.moml.MoMLSimpleApplication@7e96ab76
----------------- Done invoking toplevel() on ptolemy.moml.MoMLSimpleApplication@7e96ab76
reloadAllAccessors: .IntegratorImpulse

===========================================================================================
----------------- testing Mon Jul 22 01:11:33 UTC 2019 /home/travis/build/icyphy/ptII/ptolemy/domains/continuous/test/auto/IntegratorImpulse2.xml
----------------- Instantiating /home/travis/build/icyphy/ptII/ptolemy/domains/continuous/test/auto/IntegratorImpulse2.xml
4 ms. Memory: 306176K Free: 232296K (76%)
----------------- Invoking toplevel() on ptolemy.moml.MoMLSimpleApplication@1b0e2e97
----------------- Done invoking toplevel() on ptolemy.moml.MoMLSimpleApplication@1b0e2e97
reloadAllAccessors: .IntegratorImpulse2

===========================================================================================
----------------- testing Mon Jul 22 01:11:33 UTC 2019 /home/travis/build/icyphy/ptII/ptolemy/domains/continuous/test/auto/LevelCrossing1.xml
----------------- Instantiating /home/travis/build/icyphy/ptII/ptolemy/domains/continuous/test/auto/LevelCrossing1.xml
2 ms. Memory: 306176K Free: 227176K (74%)
----------------- Invoking toplevel() on ptolemy.moml.MoMLSimpleApplication@db740e
----------------- Done invoking toplevel() on ptolemy.moml.MoMLSimpleApplication@db740e
reloadAllAccessors: .LevelCrossing1

===========================================================================================
----------------- testing Mon Jul 22 01:11:33 UTC 2019 /home/travis/build/icyphy/ptII/ptolemy/domains/continuous/test/auto/LevelCrossing2.xml
----------------- Instantiating /home/travis/build/icyphy/ptII/ptolemy/domains/continuous/test/auto/LevelCrossing2.xml
3 ms. Memory: 306176K Free: 222070K (73%)
----------------- Invoking toplevel() on ptolemy.moml.MoMLSimpleApplication@1e637bc1
----------------- Done invoking toplevel() on ptolemy.moml.MoMLSimpleApplication@1e637bc1
reloadAllAccessors: .LevelCrossing2

===========================================================================================
----------------- testing Mon Jul 22 01:11:33 UTC 2019 /home/travis/build/icyphy/ptII/ptolemy/domains/continuous/test/auto/LevelCrossing3.xml
----------------- Instantiating /home/travis/build/icyphy/ptII/ptolemy/domains/continuous/test/auto/LevelCrossing3.xml
7 ms. Memory: 306176K Free: 216950K (71%)
----------------- Invoking toplevel() on ptolemy.moml.MoMLSimpleApplication@51755b52
----------------- Done invoking toplevel() on ptolemy.moml.MoMLSimpleApplication@51755b52
reloadAllAccessors: .LevelCrossing3

===========================================================================================
----------------- testing Mon Jul 22 01:11:33 UTC 2019 /home/travis/build/icyphy/ptII/ptolemy/domains/continuous/test/auto/LevelCrossing4.xml
----------------- Instantiating /home/travis/build/icyphy/ptII/ptolemy/domains/continuous/test/auto/LevelCrossing4.xml
3 ms. Memory: 306176K Free: 211816K (69%)
----------------- Invoking toplevel() on ptolemy.moml.MoMLSimpleApplication@268b347b
----------------- Done invoking toplevel() on ptolemy.moml.MoMLSimpleApplication@268b347b
reloadAllAccessors: .LevelCrossing4

===========================================================================================
----------------- testing Mon Jul 22 01:11:33 UTC 2019 /home/travis/build/icyphy/ptII/ptolemy/domains/continuous/test/auto/LevelCrossing5.xml
----------------- Instantiating /home/travis/build/icyphy/ptII/ptolemy/domains/continuous/test/auto/LevelCrossing5.xml
3 ms. Memory: 306176K Free: 206710K (68%)
----------------- Invoking toplevel() on ptolemy.moml.MoMLSimpleApplication@6a7e6817
----------------- Done invoking toplevel() on ptolemy.moml.MoMLSimpleApplication@6a7e6817
reloadAllAccessors: .LevelCrossing5

===========================================================================================
[...]
----------------- testing Mon Jul 22 01:11:51 UTC 2019 /home/travis/build/icyphy/ptII/ptolemy/domains/continuous/test/auto/SRinContinuous.xml
----------------- Instantiating /home/travis/build/icyphy/ptII/ptolemy/domains/continuous/test/auto/SRinContinuous.xml
4 ms. Memory: 306176K Free: 113660K (37%)
----------------- Invoking toplevel() on ptolemy.moml.MoMLSimpleApplication@60f7f275
----------------- Done invoking toplevel() on ptolemy.moml.MoMLSimpleApplication@60f7f275
reloadAllAccessors: .SRinContinuous

===========================================================================================
----------------- testing Mon Jul 22 01:11:51 UTC 2019 /home/travis/build/icyphy/ptII/ptolemy/domains/continuous/test/auto/SampledClocks.xml
----------------- Instantiating /home/travis/build/icyphy/ptII/ptolemy/domains/continuous/test/auto/SampledClocks.xml
7 ms. Memory: 306176K Free: 283892K (93%)
----------------- Invoking toplevel() on ptolemy.moml.MoMLSimpleApplication@1ea7ef4c
----------------- Done invoking toplevel() on ptolemy.moml.MoMLSimpleApplication@1ea7ef4c
reloadAllAccessors: .SampledClocks

===========================================================================================
----------------- testing Mon Jul 22 01:11:51 UTC 2019 /home/travis/build/icyphy/ptII/ptolemy/domains/continuous/test/auto/Satellite.xml
----------------- Instantiating /home/travis/build/icyphy/ptII/ptolemy/domains/continuous/test/auto/Satellite.xml
1047 ms. Memory: 306176K Free: 266393K (87%)
----------------- Invoking toplevel() on ptolemy.moml.MoMLSimpleApplication@7ace9024
----------------- Done invoking toplevel() on ptolemy.moml.MoMLSimpleApplication@7ace9024
reloadAllAccessors: .Satellite

===========================================================================================
----------------- testing Mon Jul 22 01:11:52 UTC 2019 /home/travis/build/icyphy/ptII/ptolemy/domains/continuous/test/auto/SigmaDelta.xml
----------------- Instantiating /home/travis/build/icyphy/ptII/ptolemy/domains/continuous/test/auto/SigmaDelta.xml
2471 ms. Memory: 306176K Free: 176966K (58%)
----------------- Invoking toplevel() on ptolemy.moml.MoMLSimpleApplication@5379adac
----------------- Done invoking toplevel() on ptolemy.moml.MoMLSimpleApplication@5379adac
reloadAllAccessors: .SigmaDelta

===========================================================================================
----------------- testing Mon Jul 22 01:11:55 UTC 2019 /home/travis/build/icyphy/ptII/ptolemy/domains/continuous/test/auto/SingleRefinement.xml
----------------- Instantiating /home/travis/build/icyphy/ptII/ptolemy/domains/continuous/test/auto/SingleRefinement.xml
335 ms. Memory: 306176K Free: 175550K (57%)
----------------- Invoking toplevel() on ptolemy.moml.MoMLSimpleApplication@38f95618
----------------- Done invoking toplevel() on ptolemy.moml.MoMLSimpleApplication@38f95618
reloadAllAccessors: .SingleRefinement

===========================================================================================
----------------- testing Mon Jul 22 01:11:55 UTC 2019 /home/travis/build/icyphy/ptII/ptolemy/domains/continuous/test/auto/SinuBouncingBall.xml
----------------- Instantiating /home/travis/build/icyphy/ptII/ptolemy/domains/continuous/test/auto/SinuBouncingBall.xml
776 ms. Memory: 306176K Free: 138394K (45%)
----------------- Invoking toplevel() on ptolemy.moml.MoMLSimpleApplication@2dbced02
----------------- Done invoking toplevel() on ptolemy.moml.MoMLSimpleApplication@2dbced02
reloadAllAccessors: .SinuBouncingBall

===========================================================================================
----------------- testing Mon Jul 22 01:11:56 UTC 2019 /home/travis/build/icyphy/ptII/ptolemy/domains/continuous/test/auto/Sinusoid.xml
----------------- Instantiating /home/travis/build/icyphy/ptII/ptolemy/domains/continuous/test/auto/Sinusoid.xml
5 ms. Memory: 306176K Free: 133788K (44%)
----------------- Invoking toplevel() on ptolemy.moml.MoMLSimpleApplication@f2bac7a
----------------- Done invoking toplevel() on ptolemy.moml.MoMLSimpleApplication@f2bac7a
reloadAllAccessors: .Sinusoid

===========================================================================================
----------------- testing Mon Jul 22 01:11:56 UTC 2019 /home/travis/build/icyphy/ptII/ptolemy/domains/continuous/test/auto/SinusoidInNoise.xml
----------------- Instantiating /home/travis/build/icyphy/ptII/ptolemy/domains/continuous/test/auto/SinusoidInNoise.xml
1010 ms. Memory: 306176K Free: 174533K (57%)
----------------- Invoking toplevel() on ptolemy.moml.MoMLSimpleApplication@7a5ab00c
----------------- Done invoking toplevel() on ptolemy.moml.MoMLSimpleApplication@7a5ab00c
reloadAllAccessors: .SinusoidInNoise

===========================================================================================
----------------- testing Mon Jul 22 01:11:57 UTC 2019 /home/travis/build/icyphy/ptII/ptolemy/domains/continuous/test/auto/SinusoidRK45.xml
----------------- Instantiating /home/travis/build/icyphy/ptII/ptolemy/domains/continuous/test/auto/SinusoidRK45.xml
2 ms. Memory: 306176K Free: 170117K (56%)
----------------- Invoking toplevel() on ptolemy.moml.MoMLSimpleApplication@5925798b
----------------- Done invoking toplevel() on ptolemy.moml.MoMLSimpleApplication@5925798b
reloadAllAccessors: .SinusoidRK45

===========================================================================================
----------------- testing Mon Jul 22 01:11:57 UTC 2019 /home/travis/build/icyphy/ptII/ptolemy/domains/continuous/test/auto/SinusoidWithMultipleImpulses.xml
----------------- Instantiating /home/travis/build/icyphy/ptII/ptolemy/domains/continuous/test/auto/SinusoidWithMultipleImpulses.xml
3 ms. Memory: 306176K Free: 165507K (54%)
----------------- Invoking toplevel() on ptolemy.moml.MoMLSimpleApplication@6ea4b4e2
----------------- Done invoking toplevel() on ptolemy.moml.MoMLSimpleApplication@6ea4b4e2
reloadAllAccessors: .SinusoidWithMultipleImpulses

===========================================================================================
----------------- testing Mon Jul 22 01:11:57 UTC 2019 /home/travis/build/icyphy/ptII/ptolemy/domains/continuous/test/auto/SquareWave.xml
----------------- Instantiating /home/travis/build/icyphy/ptII/ptolemy/domains/continuous/test/auto/SquareWave.xml
171 ms. Memory: 306176K Free: 138373K (45%)
----------------- Invoking toplevel() on ptolemy.moml.MoMLSimpleApplication@32042278
----------------- Done invoking toplevel() on ptolemy.moml.MoMLSimpleApplication@32042278
reloadAllAccessors: .SquareWave

===========================================================================================
----------------- testing Mon Jul 22 01:11:57 UTC 2019 /home/travis/build/icyphy/ptII/ptolemy/domains/continuous/test/auto/Starmac.xml
----------------- Instantiating /home/travis/build/icyphy/ptII/ptolemy/domains/continuous/test/auto/Starmac.xml
3070 ms. Memory: 306176K Free: 186157K (61%)
----------------- Invoking toplevel() on ptolemy.moml.MoMLSimpleApplication@2900db93
----------------- Done invoking toplevel() on ptolemy.moml.MoMLSimpleApplication@2900db93
reloadAllAccessors: .Starmac

===========================================================================================
----------------- testing Mon Jul 22 01:12:01 UTC 2019 /home/travis/build/icyphy/ptII/ptolemy/domains/continuous/test/auto/StaticUnits.xml
----------------- Instantiating /home/travis/build/icyphy/ptII/ptolemy/domains/continuous/test/auto/StaticUnits.xml
2213 ms. Memory: 367616K Free: 148545K (40%)
----------------- Invoking toplevel() on ptolemy.moml.MoMLSimpleApplication@55aaa59d
----------------- Done invoking toplevel() on ptolemy.moml.MoMLSimpleApplication@55aaa59d
reloadAllAccessors: .StaticUnits

===========================================================================================
----------------- testing Mon Jul 22 01:12:03 UTC 2019 /home/travis/build/icyphy/ptII/ptolemy/domains/continuous/test/auto/StickyMasses.xml
----------------- Instantiating /home/travis/build/icyphy/ptII/ptolemy/domains/continuous/test/auto/StickyMasses.xml
149 ms. Memory: 367616K Free: 312537K (85%)
----------------- Invoking toplevel() on ptolemy.moml.MoMLSimpleApplication@7a48eb0b
----------------- Done invoking toplevel() on ptolemy.moml.MoMLSimpleApplication@7a48eb0b
reloadAllAccessors: .StickyMasses

===========================================================================================
----------------- testing Mon Jul 22 01:12:04 UTC 2019 /home/travis/build/icyphy/ptII/ptolemy/domains/continuous/test/auto/StopTime.xml
----------------- Instantiating /home/travis/build/icyphy/ptII/ptolemy/domains/continuous/test/auto/StopTime.xml
41 ms. Memory: 367616K Free: 286937K (78%)
----------------- Invoking toplevel() on ptolemy.moml.MoMLSimpleApplication@270785ac
----------------- Done invoking toplevel() on ptolemy.moml.MoMLSimpleApplication@270785ac
reloadAllAccessors: .StopTime

===========================================================================================
----------------- testing Mon Jul 22 01:12:04 UTC 2019 /home/travis/build/icyphy/ptII/ptolemy/domains/continuous/test/auto/StopTime2.xml
----------------- Instantiating /home/travis/build/icyphy/ptII/ptolemy/domains/continuous/test/auto/StopTime2.xml
35 ms. Memory: 367616K Free: 264913K (72%)
----------------- Invoking toplevel() on ptolemy.moml.MoMLSimpleApplication@3fd9e2ad
----------------- Done invoking toplevel() on ptolemy.moml.MoMLSimpleApplication@3fd9e2ad
reloadAllAccessors: .StopTime2

===========================================================================================
----------------- testing Mon Jul 22 01:12:04 UTC 2019 /home/travis/build/icyphy/ptII/ptolemy/domains/continuous/test/auto/Switch.xml
----------------- Instantiating /home/travis/build/icyphy/ptII/ptolemy/domains/continuous/test/auto/Switch.xml
41 ms. Memory: 367616K Free: 239305K (65%)
----------------- Invoking toplevel() on ptolemy.moml.MoMLSimpleApplication@2439edfd
----------------- Done invoking toplevel() on ptolemy.moml.MoMLSimpleApplication@2439edfd
reloadAllAccessors: .Switch

===========================================================================================
----------------- testing Mon Jul 22 01:12:04 UTC 2019 /home/travis/build/icyphy/ptII/ptolemy/domains/continuous/test/auto/Thermostat.xml
----------------- Instantiating /home/travis/build/icyphy/ptII/ptolemy/domains/continuous/test/auto/Thermostat.xml
186 ms. Memory: 367616K Free: 166105K (45%)
----------------- Invoking toplevel() on ptolemy.moml.MoMLSimpleApplication@3352e2db
----------------- Done invoking toplevel() on ptolemy.moml.MoMLSimpleApplication@3352e2db
reloadAllAccessors: .Thermostat

===========================================================================================
----------------- testing Mon Jul 22 01:12:04 UTC 2019 /home/travis/build/icyphy/ptII/ptolemy/domains/continuous/test/auto/TimeDelay.xml
----------------- Instantiating /home/travis/build/icyphy/ptII/ptolemy/domains/continuous/test/auto/TimeDelay.xml
6 ms. Memory: 367616K Free: 160985K (44%)
----------------- Invoking toplevel() on ptolemy.moml.MoMLSimpleApplication@1757d83e
----------------- Done invoking toplevel() on ptolemy.moml.MoMLSimpleApplication@1757d83e
reloadAllAccessors: .TimeDelay

===========================================================================================
----------------- testing Mon Jul 22 01:12:04 UTC 2019 /home/travis/build/icyphy/ptII/ptolemy/domains/continuous/test/auto/TimeDelay2.xml
----------------- Instantiating /home/travis/build/icyphy/ptII/ptolemy/domains/continuous/test/auto/TimeDelay2.xml
10 ms. Memory: 367616K Free: 151255K (41%)
----------------- Invoking toplevel() on ptolemy.moml.MoMLSimpleApplication@74d99833
----------------- Done invoking toplevel() on ptolemy.moml.MoMLSimpleApplication@74d99833
reloadAllAccessors: .TimeDelay2

===========================================================================================
----------------- testing Mon Jul 22 01:12:04 UTC 2019 /home/travis/build/icyphy/ptII/ptolemy/domains/continuous/test/auto/TimeDelay3.xml
----------------- Instantiating /home/travis/build/icyphy/ptII/ptolemy/domains/continuous/test/auto/TimeDelay3.xml
5 ms. Memory: 367616K Free: 146649K (40%)
----------------- Invoking toplevel() on ptolemy.moml.MoMLSimpleApplication@161cf1a8
----------------- Done invoking toplevel() on ptolemy.moml.MoMLSimpleApplication@161cf1a8
reloadAllAccessors: .TimeDelay3

===========================================================================================
----------------- testing Mon Jul 22 01:12:04 UTC 2019 /home/travis/build/icyphy/ptII/ptolemy/domains/continuous/test/auto/TransferAbsentToInside.xml
----------------- Instantiating /home/travis/build/icyphy/ptII/ptolemy/domains/continuous/test/auto/TransferAbsentToInside.xml
27 ms. Memory: 367616K Free: 307897K (84%)
----------------- Invoking toplevel() on ptolemy.moml.MoMLSimpleApplication@5f28fd25
----------------- Done invoking toplevel() on ptolemy.moml.MoMLSimpleApplication@5f28fd25
reloadAllAccessors: .TransferAbsentToInside

===========================================================================================
----------------- testing Mon Jul 22 01:12:04 UTC 2019 /home/travis/build/icyphy/ptII/ptolemy/domains/continuous/test/auto/Transmission.xml
----------------- Instantiating /home/travis/build/icyphy/ptII/ptolemy/domains/continuous/test/auto/Transmission.xml
971 ms. Memory: 367616K Free: 287936K (78%)
----------------- Invoking toplevel() on ptolemy.moml.MoMLSimpleApplication@48925b0
----------------- Done invoking toplevel() on ptolemy.moml.MoMLSimpleApplication@48925b0
reloadAllAccessors: .Transmission

===========================================================================================
----------------- testing Mon Jul 22 01:12:05 UTC 2019 /home/travis/build/icyphy/ptII/ptolemy/domains/continuous/test/auto/TriggeredContinuousClock.xml
----------------- Instantiating /home/travis/build/icyphy/ptII/ptolemy/domains/continuous/test/auto/TriggeredContinuousClock.xml
38 ms. Memory: 367616K Free: 258240K (70%)
----------------- Invoking toplevel() on ptolemy.moml.MoMLSimpleApplication@1884afec
----------------- Done invoking toplevel() on ptolemy.moml.MoMLSimpleApplication@1884afec
reloadAllAccessors: .TriggeredContinuousClock

===========================================================================================
----------------- testing Mon Jul 22 01:12:05 UTC 2019 /home/travis/build/icyphy/ptII/ptolemy/domains/continuous/test/auto/TwoMachineInfiniteBusControl.xml
----------------- Instantiating /home/travis/build/icyphy/ptII/ptolemy/domains/continuous/test/auto/TwoMachineInfiniteBusControl.xml
3006 ms. Memory: 367616K Free: 315541K (86%)
----------------- Invoking toplevel() on ptolemy.moml.MoMLSimpleApplication@2e1b46e0
----------------- Done invoking toplevel() on ptolemy.moml.MoMLSimpleApplication@2e1b46e0
reloadAllAccessors: .TwoMachineInfiniteBusControl

===========================================================================================
----------------- testing Mon Jul 22 01:12:09 UTC 2019 /home/travis/build/icyphy/ptII/ptolemy/domains/continuous/test/auto/V2V.xml
----------------- Instantiating /home/travis/build/icyphy/ptII/ptolemy/domains/continuous/test/auto/V2V.xml
843 ms. Memory: 367616K Free: 339097K (92%)
----------------- Invoking toplevel() on ptolemy.moml.MoMLSimpleApplication@7cda2e0d
----------------- Done invoking toplevel() on ptolemy.moml.MoMLSimpleApplication@7cda2e0d
reloadAllAccessors: .V2V

===========================================================================================
----------------- testing Mon Jul 22 01:12:10 UTC 2019 /home/travis/build/icyphy/ptII/ptolemy/domains/continuous/test/auto/hierarchicalModalModel.xml
----------------- Instantiating /home/travis/build/icyphy/ptII/ptolemy/domains/continuous/test/auto/hierarchicalModalModel.xml
8 ms. Memory: 367616K Free: 324232K (88%)
----------------- Invoking toplevel() on ptolemy.moml.MoMLSimpleApplication@59fc784c
----------------- Done invoking toplevel() on ptolemy.moml.MoMLSimpleApplication@59fc784c
reloadAllAccessors: .hierarchicalModalModel

===========================================================================================
----------------- testing Mon Jul 22 01:12:10 UTC 2019 /home/travis/build/icyphy/ptII/ptolemy/domains/continuous/test/auto/hierarchicalModalModel1.xml
----------------- Instantiating /home/travis/build/icyphy/ptII/ptolemy/domains/continuous/test/auto/hierarchicalModalModel1.xml
8 ms. Memory: 367616K Free: 309911K (84%)
----------------- Invoking toplevel() on ptolemy.moml.MoMLSimpleApplication@16cfa2a5
----------------- Done invoking toplevel() on ptolemy.moml.MoMLSimpleApplication@16cfa2a5
reloadAllAccessors: .hierarchicalModalModel1

===========================================================================================
----------------- testing Mon Jul 22 01:12:10 UTC 2019 /home/travis/build/icyphy/ptII/ptolemy/domains/continuous/test/auto/hierarchicalModalModel2.xml
----------------- Instantiating /home/travis/build/icyphy/ptII/ptolemy/domains/continuous/test/auto/hierarchicalModalModel2.xml
6 ms. Memory: 367616K Free: 297592K (81%)
----------------- Invoking toplevel() on ptolemy.moml.MoMLSimpleApplication@53a55279
----------------- Done invoking toplevel() on ptolemy.moml.MoMLSimpleApplication@53a55279
reloadAllAccessors: .hierarchicalModalModel2

===========================================================================================
----------------- testing Mon Jul 22 01:12:10 UTC 2019 /home/travis/build/icyphy/ptII/ptolemy/domains/continuous/test/auto/hierarchicalModalModel3.xml
----------------- Instantiating /home/travis/build/icyphy/ptII/ptolemy/domains/continuous/test/auto/hierarchicalModalModel3.xml
6 ms. Memory: 367616K Free: 286873K (78%)
----------------- Invoking toplevel() on ptolemy.moml.MoMLSimpleApplication@272fb644
----------------- Done invoking toplevel() on ptolemy.moml.MoMLSimpleApplication@272fb644
reloadAllAccessors: .hierarchicalModalModel3

===========================================================================================
----------------- testing Mon Jul 22 01:12:10 UTC 2019 /home/travis/build/icyphy/ptII/ptolemy/domains/continuous/test/auto/hierarchicalModalModel4.xml
----------------- Instantiating /home/travis/build/icyphy/ptII/ptolemy/domains/continuous/test/auto/hierarchicalModalModel4.xml
5 ms. Memory: 367616K Free: 275095K (75%)
----------------- Invoking toplevel() on ptolemy.moml.MoMLSimpleApplication@1b7b3a21
----------------- Done invoking toplevel() on ptolemy.moml.MoMLSimpleApplication@1b7b3a21
reloadAllAccessors: .hierarchicalModalModel4

===========================================================================================
----------------- testing Mon Jul 22 01:12:10 UTC 2019 /home/travis/build/icyphy/ptII/ptolemy/domains/continuous/test/auto/junk.xml
----------------- Instantiating /home/travis/build/icyphy/ptII/ptolemy/domains/continuous/test/auto/junk.xml
147 ms. Memory: 367616K Free: 250009K (68%)
----------------- Invoking toplevel() on ptolemy.moml.MoMLSimpleApplication@239f77d6
----------------- Done invoking toplevel() on ptolemy.moml.MoMLSimpleApplication@239f77d6
reloadAllAccessors: .junk
AutoTests.java: About to close Vertx.
AutoTests.java: Vertx closed.
]]></system-out>
  <system-err><![CDATA[Warning: '.HysteresisWithRandomDelay.NonStrictTest3' The test produced only 21 tokens, yet the correctValues parameter was expecting 30 tokens.
Warning: '.IncreasingRatePoisson.NonStrictTest' The test produced only 401 tokens, yet the correctValues parameter was expecting 402 tokens.
Warning: '.Poisson.NonStrictTest' The test produced only 395 tokens, yet the correctValues parameter was expecting 430 tokens.
]]></system-err>
</testsuite>
