<?xml version="1.0" encoding="UTF-8" ?>
<testsuite errors="0" failures="0" hostname="travis-job-581a1431-6204-4bd6-9509-7371adc6a808" name="ptolemy.domains.continuous.test.junit.JUnitTclTest" skipped="0" tests="155" time="77.441" timestamp="2018-07-02T01:29:27">
  <properties>
[...]
</properties>
  <testcase classname="ptolemy.util.test.junit.TclTests" name="[0] ThereAreNoTclTests (RunTclFile)" time="0.002" />
  <testcase classname="ptolemy.util.test.junit.AutoKnownFailedTests" name="[0] ThereAreNoKnowFailedTests (RunModel)" time="0.002" />
  <testcase classname="ptolemy.util.test.junit.AutoNameArchTests" name="[0] ThereAreNoAutoArchTests (RunModel)" time="0.001" />
  <testcase classname="ptolemy.util.test.junit.AutoTests" name="[0] /home/travis/build/icyphy/ptII/ptolemy/domains/continuous/test/auto/BouncingBall.xml (RunModel)" time="3.182" />
  <testcase classname="ptolemy.util.test.junit.AutoTests" name="[1] /home/travis/build/icyphy/ptII/ptolemy/domains/continuous/test/auto/BouncingBallWithoutGR.xml (RunModel)" time="0.953" />
  <testcase classname="ptolemy.util.test.junit.AutoTests" name="[2] /home/travis/build/icyphy/ptII/ptolemy/domains/continuous/test/auto/Brownian.xml (RunModel)" time="0.122" />
  <testcase classname="ptolemy.util.test.junit.AutoTests" name="[3] /home/travis/build/icyphy/ptII/ptolemy/domains/continuous/test/auto/CarTracking.xml (RunModel)" time="3.894" />
  <testcase classname="ptolemy.util.test.junit.AutoTests" name="[4] /home/travis/build/icyphy/ptII/ptolemy/domains/continuous/test/auto/CartPendulum.xml (RunModel)" time="0.527" />
  <testcase classname="ptolemy.util.test.junit.AutoTests" name="[5] /home/travis/build/icyphy/ptII/ptolemy/domains/continuous/test/auto/CausalityInterface10.xml (RunModel)" time="0.061" />
  <testcase classname="ptolemy.util.test.junit.AutoTests" name="[6] /home/travis/build/icyphy/ptII/ptolemy/domains/continuous/test/auto/CausalityInterface11.xml (RunModel)" time="0.057" />
  <testcase classname="ptolemy.util.test.junit.AutoTests" name="[7] /home/travis/build/icyphy/ptII/ptolemy/domains/continuous/test/auto/CausalityInterface12.xml (RunModel)" time="0.052" />
  <testcase classname="ptolemy.util.test.junit.AutoTests" name="[8] /home/travis/build/icyphy/ptII/ptolemy/domains/continuous/test/auto/CausalityInterface13.xml (RunModel)" time="0.034" />
  <testcase classname="ptolemy.util.test.junit.AutoTests" name="[9] /home/travis/build/icyphy/ptII/ptolemy/domains/continuous/test/auto/CausalityInterface14.xml (RunModel)" time="0.03" />
  <testcase classname="ptolemy.util.test.junit.AutoTests" name="[10] /home/travis/build/icyphy/ptII/ptolemy/domains/continuous/test/auto/CausalityInterface4.xml (RunModel)" time="0.038" />
  <testcase classname="ptolemy.util.test.junit.AutoTests" name="[11] /home/travis/build/icyphy/ptII/ptolemy/domains/continuous/test/auto/CausalityInterface5.xml (RunModel)" time="0.054" />
  <testcase classname="ptolemy.util.test.junit.AutoTests" name="[12] /home/travis/build/icyphy/ptII/ptolemy/domains/continuous/test/auto/CausalityInterface6.xml (RunModel)" time="0.037" />
  <testcase classname="ptolemy.util.test.junit.AutoTests" name="[13] /home/travis/build/icyphy/ptII/ptolemy/domains/continuous/test/auto/CausalityInterface7.xml (RunModel)" time="0.049" />
  <testcase classname="ptolemy.util.test.junit.AutoTests" name="[14] /home/travis/build/icyphy/ptII/ptolemy/domains/continuous/test/auto/CausalityInterface8.xml (RunModel)" time="0.046" />
  <testcase classname="ptolemy.util.test.junit.AutoTests" name="[15] /home/travis/build/icyphy/ptII/ptolemy/domains/continuous/test/auto/CausalityInterface9.xml (RunModel)" time="0.059" />
  <testcase classname="ptolemy.util.test.junit.AutoTests" name="[16] /home/travis/build/icyphy/ptII/ptolemy/domains/continuous/test/auto/CausalityInterfaceFeedback1.xml (RunModel)" time="0.047" />
  <testcase classname="ptolemy.util.test.junit.AutoTests" name="[17] /home/travis/build/icyphy/ptII/ptolemy/domains/continuous/test/auto/CausalityInterfaceFeedback2.xml (RunModel)" time="0.034" />
  <testcase classname="ptolemy.util.test.junit.AutoTests" name="[18] /home/travis/build/icyphy/ptII/ptolemy/domains/continuous/test/auto/CompareWithCurrentTime.xml (RunModel)" time="0.023" />
  <testcase classname="ptolemy.util.test.junit.AutoTests" name="[19] /home/travis/build/icyphy/ptII/ptolemy/domains/continuous/test/auto/ComparedClocks.xml (RunModel)" time="0.082" />
  <testcase classname="ptolemy.util.test.junit.AutoTests" name="[20] /home/travis/build/icyphy/ptII/ptolemy/domains/continuous/test/auto/ContinuousAOCClone.xml (RunModel)" time="2.506" />
  <testcase classname="ptolemy.util.test.junit.AutoTests" name="[21] /home/travis/build/icyphy/ptII/ptolemy/domains/continuous/test/auto/ContinuousClock.xml (RunModel)" time="0.129" />
  <testcase classname="ptolemy.util.test.junit.AutoTests" name="[22] /home/travis/build/icyphy/ptII/ptolemy/domains/continuous/test/auto/ContinuousInContinuous.xml (RunModel)" time="0.095" />
  <testcase classname="ptolemy.util.test.junit.AutoTests" name="[23] /home/travis/build/icyphy/ptII/ptolemy/domains/continuous/test/auto/ContinuousInContinuousInContinuous.xml (RunModel)" time="0.031" />
  <testcase classname="ptolemy.util.test.junit.AutoTests" name="[24] /home/travis/build/icyphy/ptII/ptolemy/domains/continuous/test/auto/ContinuousInDE.xml (RunModel)" time="0.156" />
  <testcase classname="ptolemy.util.test.junit.AutoTests" name="[25] /home/travis/build/icyphy/ptII/ptolemy/domains/continuous/test/auto/ContinuousInDE2.xml (RunModel)" time="0.067" />
  <testcase classname="ptolemy.util.test.junit.AutoTests" name="[26] /home/travis/build/icyphy/ptII/ptolemy/domains/continuous/test/auto/ContinuousInDE3.xml (RunModel)" time="0.074" />
  <testcase classname="ptolemy.util.test.junit.AutoTests" name="[27] /home/travis/build/icyphy/ptII/ptolemy/domains/continuous/test/auto/ContinuousInDE4.xml (RunModel)" time="0.04" />
  <testcase classname="ptolemy.util.test.junit.AutoTests" name="[28] /home/travis/build/icyphy/ptII/ptolemy/domains/continuous/test/auto/ContinuousInDEDifferentRefinements.xml (RunModel)" time="0.136" />
  <testcase classname="ptolemy.util.test.junit.AutoTests" name="[29] /home/travis/build/icyphy/ptII/ptolemy/domains/continuous/test/auto/ContinuousInDEDifferentRefinementsPreemptive.xml (RunModel)" time="0.11" />
  <testcase classname="ptolemy.util.test.junit.AutoTests" name="[30] /home/travis/build/icyphy/ptII/ptolemy/domains/continuous/test/auto/ContinuousInDEInContinuous2.xml (RunModel)" time="0.076" />
  <testcase classname="ptolemy.util.test.junit.AutoTests" name="[31] /home/travis/build/icyphy/ptII/ptolemy/domains/continuous/test/auto/ContinuousInDEInContinuous3.xml (RunModel)" time="0.087" />
  <testcase classname="ptolemy.util.test.junit.AutoTests" name="[32] /home/travis/build/icyphy/ptII/ptolemy/domains/continuous/test/auto/ContinuousInDEInput.xml (RunModel)" time="0.052" />
  <testcase classname="ptolemy.util.test.junit.AutoTests" name="[33] /home/travis/build/icyphy/ptII/ptolemy/domains/continuous/test/auto/ContinuousInDEInput2.xml (RunModel)" time="0.045" />
  <testcase classname="ptolemy.util.test.junit.AutoTests" name="[34] /home/travis/build/icyphy/ptII/ptolemy/domains/continuous/test/auto/ContinuousInDEInput3.xml (RunModel)" time="0.046" />
  <testcase classname="ptolemy.util.test.junit.AutoTests" name="[35] /home/travis/build/icyphy/ptII/ptolemy/domains/continuous/test/auto/ContinuousInDESharingRefinement.xml (RunModel)" time="0.228" />
  <testcase classname="ptolemy.util.test.junit.AutoTests" name="[36] /home/travis/build/icyphy/ptII/ptolemy/domains/continuous/test/auto/ContinuousInDEwithNoPorts.xml (RunModel)" time="0.025" />
  <testcase classname="ptolemy.util.test.junit.AutoTests" name="[37] /home/travis/build/icyphy/ptII/ptolemy/domains/continuous/test/auto/ContinuousInsideDE.xml (RunModel)" time="0.108" />
  <testcase classname="ptolemy.util.test.junit.AutoTests" name="[38] /home/travis/build/icyphy/ptII/ptolemy/domains/continuous/test/auto/ContinuousMerge1.xml (RunModel)" time="0.019" />
  <testcase classname="ptolemy.util.test.junit.AutoTests" name="[39] /home/travis/build/icyphy/ptII/ptolemy/domains/continuous/test/auto/ContinuousMerge2.xml (RunModel)" time="0.054" />
  <testcase classname="ptolemy.util.test.junit.AutoTests" name="[40] /home/travis/build/icyphy/ptII/ptolemy/domains/continuous/test/auto/ContinuousMerge3.xml (RunModel)" time="0.089" />
  <testcase classname="ptolemy.util.test.junit.AutoTests" name="[41] /home/travis/build/icyphy/ptII/ptolemy/domains/continuous/test/auto/ContinuousWithinContinuous.xml (RunModel)" time="0.071" />
  <testcase classname="ptolemy.util.test.junit.AutoTests" name="[42] /home/travis/build/icyphy/ptII/ptolemy/domains/continuous/test/auto/ContinuousWithinContinuous2.xml (RunModel)" time="0.118" />
  <testcase classname="ptolemy.util.test.junit.AutoTests" name="[43] /home/travis/build/icyphy/ptII/ptolemy/domains/continuous/test/auto/ContinuousWithinContinuous3.xml (RunModel)" time="0.036" />
  <testcase classname="ptolemy.util.test.junit.AutoTests" name="[44] /home/travis/build/icyphy/ptII/ptolemy/domains/continuous/test/auto/ContinuousWithinContinuous4.xml (RunModel)" time="0.119" />
  <testcase classname="ptolemy.util.test.junit.AutoTests" name="[45] /home/travis/build/icyphy/ptII/ptolemy/domains/continuous/test/auto/ContinuousWithinContinuous5.xml (RunModel)" time="0.041" />
  <testcase classname="ptolemy.util.test.junit.AutoTests" name="[46] /home/travis/build/icyphy/ptII/ptolemy/domains/continuous/test/auto/ContinuousWithinContinuous6.xml (RunModel)" time="0.037" />
  <testcase classname="ptolemy.util.test.junit.AutoTests" name="[47] /home/travis/build/icyphy/ptII/ptolemy/domains/continuous/test/auto/ContinuousWithinContinuous7.xml (RunModel)" time="0.101" />
  <testcase classname="ptolemy.util.test.junit.AutoTests" name="[48] /home/travis/build/icyphy/ptII/ptolemy/domains/continuous/test/auto/DCMotor.xml (RunModel)" time="16.135" />
  <testcase classname="ptolemy.util.test.junit.AutoTests" name="[49] /home/travis/build/icyphy/ptII/ptolemy/domains/continuous/test/auto/DEInContinuous.xml (RunModel)" time="0.043" />
  <testcase classname="ptolemy.util.test.junit.AutoTests" name="[50] /home/travis/build/icyphy/ptII/ptolemy/domains/continuous/test/auto/DEinContinuous2.xml (RunModel)" time="0.032" />
  <testcase classname="ptolemy.util.test.junit.AutoTests" name="[51] /home/travis/build/icyphy/ptII/ptolemy/domains/continuous/test/auto/Derivative.xml (RunModel)" time="0.244" />
  <testcase classname="ptolemy.util.test.junit.AutoTests" name="[52] /home/travis/build/icyphy/ptII/ptolemy/domains/continuous/test/auto/Derivative1.xml (RunModel)" time="0.062" />
  <testcase classname="ptolemy.util.test.junit.AutoTests" name="[53] /home/travis/build/icyphy/ptII/ptolemy/domains/continuous/test/auto/DiscreteClock.xml (RunModel)" time="0.02" />
  <testcase classname="ptolemy.util.test.junit.AutoTests" name="[54] /home/travis/build/icyphy/ptII/ptolemy/domains/continuous/test/auto/EfficiencyCurve.xml (RunModel)" time="0.108" />
  <testcase classname="ptolemy.util.test.junit.AutoTests" name="[55] /home/travis/build/icyphy/ptII/ptolemy/domains/continuous/test/auto/ExponentialResponse.xml (RunModel)" time="0.127" />
  <testcase classname="ptolemy.util.test.junit.AutoTests" name="[56] /home/travis/build/icyphy/ptII/ptolemy/domains/continuous/test/auto/ExponentialResponseRK45.xml (RunModel)" time="0.039" />
  <testcase classname="ptolemy.util.test.junit.AutoTests" name="[57] /home/travis/build/icyphy/ptII/ptolemy/domains/continuous/test/auto/Friction.xml (RunModel)" time="1.608" />
  <testcase classname="ptolemy.util.test.junit.AutoTests" name="[58] /home/travis/build/icyphy/ptII/ptolemy/domains/continuous/test/auto/FurutaPendulum.xml (RunModel)" time="3.145" />
  <testcase classname="ptolemy.util.test.junit.AutoTests" name="[59] /home/travis/build/icyphy/ptII/ptolemy/domains/continuous/test/auto/HierarchicalExecution.xml (RunModel)" time="1.946" />
  <testcase classname="ptolemy.util.test.junit.AutoTests" name="[60] /home/travis/build/icyphy/ptII/ptolemy/domains/continuous/test/auto/HybridPlant.xml (RunModel)" time="0.641" />
  <testcase classname="ptolemy.util.test.junit.AutoTests" name="[61] /home/travis/build/icyphy/ptII/ptolemy/domains/continuous/test/auto/Hysteresis.xml (RunModel)" time="0.188" />
  <testcase classname="ptolemy.util.test.junit.AutoTests" name="[62] /home/travis/build/icyphy/ptII/ptolemy/domains/continuous/test/auto/HysteresisWithRandomDelay.xml (RunModel)" time="0.239" />
  <testcase classname="ptolemy.util.test.junit.AutoTests" name="[63] /home/travis/build/icyphy/ptII/ptolemy/domains/continuous/test/auto/HysteresisWithRandomLosses.xml (RunModel)" time="2.674" />
  <testcase classname="ptolemy.util.test.junit.AutoTests" name="[64] /home/travis/build/icyphy/ptII/ptolemy/domains/continuous/test/auto/ImmediateTransitions.xml (RunModel)" time="0.04" />
  <testcase classname="ptolemy.util.test.junit.AutoTests" name="[65] /home/travis/build/icyphy/ptII/ptolemy/domains/continuous/test/auto/ImpulseFeedback.xml (RunModel)" time="0.03" />
  <testcase classname="ptolemy.util.test.junit.AutoTests" name="[66] /home/travis/build/icyphy/ptII/ptolemy/domains/continuous/test/auto/ImpulseFeedback2.xml (RunModel)" time="0.018" />
  <testcase classname="ptolemy.util.test.junit.AutoTests" name="[67] /home/travis/build/icyphy/ptII/ptolemy/domains/continuous/test/auto/IncreasingRatePoisson.xml (RunModel)" time="0.814" />
  <testcase classname="ptolemy.util.test.junit.AutoTests" name="[68] /home/travis/build/icyphy/ptII/ptolemy/domains/continuous/test/auto/InitialStateFeedback.xml (RunModel)" time="0.014" />
  <testcase classname="ptolemy.util.test.junit.AutoTests" name="[69] /home/travis/build/icyphy/ptII/ptolemy/domains/continuous/test/auto/Integration.xml (RunModel)" time="0.01" />
  <testcase classname="ptolemy.util.test.junit.AutoTests" name="[70] /home/travis/build/icyphy/ptII/ptolemy/domains/continuous/test/auto/Integration2.xml (RunModel)" time="0.096" />
  <testcase classname="ptolemy.util.test.junit.AutoTests" name="[71] /home/travis/build/icyphy/ptII/ptolemy/domains/continuous/test/auto/Integration3.xml (RunModel)" time="0.018" />
  <testcase classname="ptolemy.util.test.junit.AutoTests" name="[72] /home/travis/build/icyphy/ptII/ptolemy/domains/continuous/test/auto/Integration5.xml (RunModel)" time="0.022" />
  <testcase classname="ptolemy.util.test.junit.AutoTests" name="[73] /home/travis/build/icyphy/ptII/ptolemy/domains/continuous/test/auto/IntegratorImpulse.xml (RunModel)" time="0.012" />
  <testcase classname="ptolemy.util.test.junit.AutoTests" name="[74] /home/travis/build/icyphy/ptII/ptolemy/domains/continuous/test/auto/IntegratorImpulse2.xml (RunModel)" time="0.014" />
  <testcase classname="ptolemy.util.test.junit.AutoTests" name="[75] /home/travis/build/icyphy/ptII/ptolemy/domains/continuous/test/auto/LevelCrossing1.xml (RunModel)" time="0.012" />
  <testcase classname="ptolemy.util.test.junit.AutoTests" name="[76] /home/travis/build/icyphy/ptII/ptolemy/domains/continuous/test/auto/LevelCrossing2.xml (RunModel)" time="0.013" />
  <testcase classname="ptolemy.util.test.junit.AutoTests" name="[77] /home/travis/build/icyphy/ptII/ptolemy/domains/continuous/test/auto/LevelCrossing3.xml (RunModel)" time="0.018" />
  <testcase classname="ptolemy.util.test.junit.AutoTests" name="[78] /home/travis/build/icyphy/ptII/ptolemy/domains/continuous/test/auto/LevelCrossing4.xml (RunModel)" time="0.014" />
  <testcase classname="ptolemy.util.test.junit.AutoTests" name="[79] /home/travis/build/icyphy/ptII/ptolemy/domains/continuous/test/auto/LevelCrossing5.xml (RunModel)" time="0.014" />
  <testcase classname="ptolemy.util.test.junit.AutoTests" name="[80] /home/travis/build/icyphy/ptII/ptolemy/domains/continuous/test/auto/LevelCrossing6.xml (RunModel)" time="0.024" />
  <testcase classname="ptolemy.util.test.junit.AutoTests" name="[81] /home/travis/build/icyphy/ptII/ptolemy/domains/continuous/test/auto/LevelCrossingDetector.xml (RunModel)" time="0.045" />
  <testcase classname="ptolemy.util.test.junit.AutoTests" name="[82] /home/travis/build/icyphy/ptII/ptolemy/domains/continuous/test/auto/LevelCrossingDetectorDetectingDirections.xml (RunModel)" time="0.088" />
  <testcase classname="ptolemy.util.test.junit.AutoTests" name="[83] /home/travis/build/icyphy/ptII/ptolemy/domains/continuous/test/auto/LevelCrossingDetectorDetectsGlitches.xml (RunModel)" time="0.088" />
  <testcase classname="ptolemy.util.test.junit.AutoTests" name="[84] /home/travis/build/icyphy/ptII/ptolemy/domains/continuous/test/auto/LevelCrossingNoInitialOuput.xml (RunModel)" time="0.013" />
  <testcase classname="ptolemy.util.test.junit.AutoTests" name="[85] /home/travis/build/icyphy/ptII/ptolemy/domains/continuous/test/auto/LinearStateSpaceExample.xml (RunModel)" time="0.041" />
  <testcase classname="ptolemy.util.test.junit.AutoTests" name="[86] /home/travis/build/icyphy/ptII/ptolemy/domains/continuous/test/auto/Lorenz.xml (RunModel)" time="4.561" />
  <testcase classname="ptolemy.util.test.junit.AutoTests" name="[87] /home/travis/build/icyphy/ptII/ptolemy/domains/continuous/test/auto/LorenzDifferentialSystem.xml (RunModel)" time="1.041" />
  <testcase classname="ptolemy.util.test.junit.AutoTests" name="[88] /home/travis/build/icyphy/ptII/ptolemy/domains/continuous/test/auto/LorenzDifferentialSystemWithInput.xml (RunModel)" time="1.331" />
  <testcase classname="ptolemy.util.test.junit.AutoTests" name="[89] /home/travis/build/icyphy/ptII/ptolemy/domains/continuous/test/auto/LorenzDifferentialSystemWithTime.xml (RunModel)" time="0.708" />
  <testcase classname="ptolemy.util.test.junit.AutoTests" name="[90] /home/travis/build/icyphy/ptII/ptolemy/domains/continuous/test/auto/Microsteps.xml (RunModel)" time="0.029" />
  <testcase classname="ptolemy.util.test.junit.AutoTests" name="[91] /home/travis/build/icyphy/ptII/ptolemy/domains/continuous/test/auto/Modal1.xml (RunModel)" time="0.053" />
  <testcase classname="ptolemy.util.test.junit.AutoTests" name="[92] /home/travis/build/icyphy/ptII/ptolemy/domains/continuous/test/auto/Modal2.xml (RunModel)" time="0.056" />
  <testcase classname="ptolemy.util.test.junit.AutoTests" name="[93] /home/travis/build/icyphy/ptII/ptolemy/domains/continuous/test/auto/ModalTransitionGuardWithReset.xml (RunModel)" time="0.03" />
  <testcase classname="ptolemy.util.test.junit.AutoTests" name="[94] /home/travis/build/icyphy/ptII/ptolemy/domains/continuous/test/auto/ModalTransitionGuardWithResetUsingPreemptiveTransition.xml (RunModel)" time="0.029" />
  <testcase classname="ptolemy.util.test.junit.AutoTests" name="[95] /home/travis/build/icyphy/ptII/ptolemy/domains/continuous/test/auto/ModalTransitionGuardWithResetUsingPreemptiveTransition2.xml (RunModel)" time="0.033" />
  <testcase classname="ptolemy.util.test.junit.AutoTests" name="[96] /home/travis/build/icyphy/ptII/ptolemy/domains/continuous/test/auto/ModalTransitionGuardWithResetUsingPreemptiveTransition3.xml (RunModel)" time="0.036" />
  <testcase classname="ptolemy.util.test.junit.AutoTests" name="[97] /home/travis/build/icyphy/ptII/ptolemy/domains/continuous/test/auto/NewtonsCradle.xml (RunModel)" time="0.843" />
  <testcase classname="ptolemy.util.test.junit.AutoTests" name="[98] /home/travis/build/icyphy/ptII/ptolemy/domains/continuous/test/auto/NewtonsCradleAnimated.xml (RunModel)" time="1.315" />
  <testcase classname="ptolemy.util.test.junit.AutoTests" name="[99] /home/travis/build/icyphy/ptII/ptolemy/domains/continuous/test/auto/NewtonsCradleComplicated.xml (RunModel)" time="0.982" />
  <testcase classname="ptolemy.util.test.junit.AutoTests" name="[100] /home/travis/build/icyphy/ptII/ptolemy/domains/continuous/test/auto/NewtonsCradleNondeterministic.xml (RunModel)" time="0.687" />
  <testcase classname="ptolemy.util.test.junit.AutoTests" name="[101] /home/travis/build/icyphy/ptII/ptolemy/domains/continuous/test/auto/NewtonsCradlePerfectlyInelastic1.xml (RunModel)" time="1.255" />
  <testcase classname="ptolemy.util.test.junit.AutoTests" name="[102] /home/travis/build/icyphy/ptII/ptolemy/domains/continuous/test/auto/Noise.xml (RunModel)" time="0.189" />
  <testcase classname="ptolemy.util.test.junit.AutoTests" name="[103] /home/travis/build/icyphy/ptII/ptolemy/domains/continuous/test/auto/NoiseSpectrum.xml (RunModel)" time="0.773" />
  <testcase classname="ptolemy.util.test.junit.AutoTests" name="[104] /home/travis/build/icyphy/ptII/ptolemy/domains/continuous/test/auto/ParameterizedNewtonsCradleAnimated.xml (RunModel)" time="0.354" />
  <testcase classname="ptolemy.util.test.junit.AutoTests" name="[105] /home/travis/build/icyphy/ptII/ptolemy/domains/continuous/test/auto/ParameterizedNewtonsCradleAnimatedNondeterministic.xml (RunModel)" time="1.164" />
  <testcase classname="ptolemy.util.test.junit.AutoTests" name="[106] /home/travis/build/icyphy/ptII/ptolemy/domains/continuous/test/auto/Pendulum3D.xml (RunModel)" time="0.179" />
  <testcase classname="ptolemy.util.test.junit.AutoTests" name="[107] /home/travis/build/icyphy/ptII/ptolemy/domains/continuous/test/auto/PeriodicSampler.xml (RunModel)" time="0.011" />
  <testcase classname="ptolemy.util.test.junit.AutoTests" name="[108] /home/travis/build/icyphy/ptII/ptolemy/domains/continuous/test/auto/PeriodicSampler1.xml (RunModel)" time="0.05" />
  <testcase classname="ptolemy.util.test.junit.AutoTests" name="[109] /home/travis/build/icyphy/ptII/ptolemy/domains/continuous/test/auto/PeriodicSampler2.xml (RunModel)" time="0.072" />
  <testcase classname="ptolemy.util.test.junit.AutoTests" name="[110] /home/travis/build/icyphy/ptII/ptolemy/domains/continuous/test/auto/Poisson.xml (RunModel)" time="0.53" />
  <testcase classname="ptolemy.util.test.junit.AutoTests" name="[111] /home/travis/build/icyphy/ptII/ptolemy/domains/continuous/test/auto/PoissonClock.xml (RunModel)" time="0.012" />
  <testcase classname="ptolemy.util.test.junit.AutoTests" name="[112] /home/travis/build/icyphy/ptII/ptolemy/domains/continuous/test/auto/PoissonClock2.xml (RunModel)" time="0.015" />
  <testcase classname="ptolemy.util.test.junit.AutoTests" name="[113] /home/travis/build/icyphy/ptII/ptolemy/domains/continuous/test/auto/PortParameterHierarchy.xml (RunModel)" time="0.018" />
  <testcase classname="ptolemy.util.test.junit.AutoTests" name="[114] /home/travis/build/icyphy/ptII/ptolemy/domains/continuous/test/auto/RandomHybridPlant.xml (RunModel)" time="0.599" />
  <testcase classname="ptolemy.util.test.junit.AutoTests" name="[115] /home/travis/build/icyphy/ptII/ptolemy/domains/continuous/test/auto/ResetTransitionWithStartTime1.xml (RunModel)" time="0.042" />
  <testcase classname="ptolemy.util.test.junit.AutoTests" name="[116] /home/travis/build/icyphy/ptII/ptolemy/domains/continuous/test/auto/ResetTransitionWithStartTime2.xml (RunModel)" time="0.045" />
  <testcase classname="ptolemy.util.test.junit.AutoTests" name="[117] /home/travis/build/icyphy/ptII/ptolemy/domains/continuous/test/auto/ResetTransitionWithStartTime3.xml (RunModel)" time="0.047" />
  <testcase classname="ptolemy.util.test.junit.AutoTests" name="[118] /home/travis/build/icyphy/ptII/ptolemy/domains/continuous/test/auto/ResetTransitionWithStartTime4.xml (RunModel)" time="0.025" />
  <testcase classname="ptolemy.util.test.junit.AutoTests" name="[119] /home/travis/build/icyphy/ptII/ptolemy/domains/continuous/test/auto/ResetTransitionWithStartTime5.xml (RunModel)" time="0.038" />
  <testcase classname="ptolemy.util.test.junit.AutoTests" name="[120] /home/travis/build/icyphy/ptII/ptolemy/domains/continuous/test/auto/ResetTransitionWithStartTime6.xml (RunModel)" time="0.052" />
  <testcase classname="ptolemy.util.test.junit.AutoTests" name="[121] /home/travis/build/icyphy/ptII/ptolemy/domains/continuous/test/auto/SRinContinuous.xml (RunModel)" time="0.034" />
  <testcase classname="ptolemy.util.test.junit.AutoTests" name="[122] /home/travis/build/icyphy/ptII/ptolemy/domains/continuous/test/auto/SampledClocks.xml (RunModel)" time="0.021" />
  <testcase classname="ptolemy.util.test.junit.AutoTests" name="[123] /home/travis/build/icyphy/ptII/ptolemy/domains/continuous/test/auto/Satellite.xml (RunModel)" time="0.786" />
  <testcase classname="ptolemy.util.test.junit.AutoTests" name="[124] /home/travis/build/icyphy/ptII/ptolemy/domains/continuous/test/auto/SigmaDelta.xml (RunModel)" time="2.372" />
  <testcase classname="ptolemy.util.test.junit.AutoTests" name="[125] /home/travis/build/icyphy/ptII/ptolemy/domains/continuous/test/auto/SinuBouncingBall.xml (RunModel)" time="0.721" />
  <testcase classname="ptolemy.util.test.junit.AutoTests" name="[126] /home/travis/build/icyphy/ptII/ptolemy/domains/continuous/test/auto/Sinusoid.xml (RunModel)" time="0.015" />
  <testcase classname="ptolemy.util.test.junit.AutoTests" name="[127] /home/travis/build/icyphy/ptII/ptolemy/domains/continuous/test/auto/SinusoidInNoise.xml (RunModel)" time="0.937" />
  <testcase classname="ptolemy.util.test.junit.AutoTests" name="[128] /home/travis/build/icyphy/ptII/ptolemy/domains/continuous/test/auto/SinusoidRK45.xml (RunModel)" time="0.011" />
  <testcase classname="ptolemy.util.test.junit.AutoTests" name="[129] /home/travis/build/icyphy/ptII/ptolemy/domains/continuous/test/auto/SinusoidWithMultipleImpulses.xml (RunModel)" time="0.012" />
  <testcase classname="ptolemy.util.test.junit.AutoTests" name="[130] /home/travis/build/icyphy/ptII/ptolemy/domains/continuous/test/auto/SquareWave.xml (RunModel)" time="0.185" />
  <testcase classname="ptolemy.util.test.junit.AutoTests" name="[131] /home/travis/build/icyphy/ptII/ptolemy/domains/continuous/test/auto/Starmac.xml (RunModel)" time="3.394" />
  <testcase classname="ptolemy.util.test.junit.AutoTests" name="[132] /home/travis/build/icyphy/ptII/ptolemy/domains/continuous/test/auto/StaticUnits.xml (RunModel)" time="2.556" />
  <testcase classname="ptolemy.util.test.junit.AutoTests" name="[133] /home/travis/build/icyphy/ptII/ptolemy/domains/continuous/test/auto/StickyMasses.xml (RunModel)" time="0.288" />
  <testcase classname="ptolemy.util.test.junit.AutoTests" name="[134] /home/travis/build/icyphy/ptII/ptolemy/domains/continuous/test/auto/StopTime.xml (RunModel)" time="0.072" />
  <testcase classname="ptolemy.util.test.junit.AutoTests" name="[135] /home/travis/build/icyphy/ptII/ptolemy/domains/continuous/test/auto/StopTime2.xml (RunModel)" time="0.082" />
  <testcase classname="ptolemy.util.test.junit.AutoTests" name="[136] /home/travis/build/icyphy/ptII/ptolemy/domains/continuous/test/auto/Switch.xml (RunModel)" time="0.079" />
  <testcase classname="ptolemy.util.test.junit.AutoTests" name="[137] /home/travis/build/icyphy/ptII/ptolemy/domains/continuous/test/auto/Thermostat.xml (RunModel)" time="0.257" />
  <testcase classname="ptolemy.util.test.junit.AutoTests" name="[138] /home/travis/build/icyphy/ptII/ptolemy/domains/continuous/test/auto/TimeDelay.xml (RunModel)" time="0.023" />
  <testcase classname="ptolemy.util.test.junit.AutoTests" name="[139] /home/travis/build/icyphy/ptII/ptolemy/domains/continuous/test/auto/TimeDelay2.xml (RunModel)" time="0.034" />
  <testcase classname="ptolemy.util.test.junit.AutoTests" name="[140] /home/travis/build/icyphy/ptII/ptolemy/domains/continuous/test/auto/TimeDelay3.xml (RunModel)" time="0.009" />
  <testcase classname="ptolemy.util.test.junit.AutoTests" name="[141] /home/travis/build/icyphy/ptII/ptolemy/domains/continuous/test/auto/TransferAbsentToInside.xml (RunModel)" time="0.121" />
  <testcase classname="ptolemy.util.test.junit.AutoTests" name="[142] /home/travis/build/icyphy/ptII/ptolemy/domains/continuous/test/auto/Transmission.xml (RunModel)" time="0.994" />
  <testcase classname="ptolemy.util.test.junit.AutoTests" name="[143] /home/travis/build/icyphy/ptII/ptolemy/domains/continuous/test/auto/TriggeredContinuousClock.xml (RunModel)" time="0.083" />
  <testcase classname="ptolemy.util.test.junit.AutoTests" name="[144] /home/travis/build/icyphy/ptII/ptolemy/domains/continuous/test/auto/TwoMachineInfiniteBusControl.xml (RunModel)" time="2.418" />
  <testcase classname="ptolemy.util.test.junit.AutoTests" name="[145] /home/travis/build/icyphy/ptII/ptolemy/domains/continuous/test/auto/V2V.xml (RunModel)" time="0.702" />
  <testcase classname="ptolemy.util.test.junit.AutoTests" name="[146] /home/travis/build/icyphy/ptII/ptolemy/domains/continuous/test/auto/hierarchicalModalModel.xml (RunModel)" time="0.039" />
  <testcase classname="ptolemy.util.test.junit.AutoTests" name="[147] /home/travis/build/icyphy/ptII/ptolemy/domains/continuous/test/auto/hierarchicalModalModel1.xml (RunModel)" time="0.048" />
  <testcase classname="ptolemy.util.test.junit.AutoTests" name="[148] /home/travis/build/icyphy/ptII/ptolemy/domains/continuous/test/auto/hierarchicalModalModel2.xml (RunModel)" time="0.038" />
  <testcase classname="ptolemy.util.test.junit.AutoTests" name="[149] /home/travis/build/icyphy/ptII/ptolemy/domains/continuous/test/auto/hierarchicalModalModel3.xml (RunModel)" time="0.026" />
  <testcase classname="ptolemy.util.test.junit.AutoTests" name="[150] /home/travis/build/icyphy/ptII/ptolemy/domains/continuous/test/auto/hierarchicalModalModel4.xml (RunModel)" time="0.03" />
  <testcase classname="ptolemy.util.test.junit.AutoTests" name="[151] /home/travis/build/icyphy/ptII/ptolemy/domains/continuous/test/auto/junk.xml (RunModel)" time="0.146" />
  <system-out><![CDATA[No tcl tests in /home/travis/build/icyphy/ptII/ptolemy/domains/continuous/test
No auto/knownFailedTests/*.xml tests in /home/travis/build/icyphy/ptII/ptolemy/domains/continuous/test
No auto/linux-amd64/*.xml tests in /home/travis/build/icyphy/ptII/ptolemy/domains/continuous/test
AutoTests.java: About to close Vertx.
AutoTests.java: Vertx closed.

===========================================================================================
----------------- testing Mon Jul 02 01:29:28 UTC 2018 /home/travis/build/icyphy/ptII/ptolemy/domains/continuous/test/auto/BouncingBall.xml
----------------- Instantiating /home/travis/build/icyphy/ptII/ptolemy/domains/continuous/test/auto/BouncingBall.xml
2627 ms. Memory: 331264K Free: 317228K (96%)
----------------- Invoking toplevel() on ptolemy.moml.MoMLSimpleApplication@4c20bd99
----------------- Done invoking toplevel() on ptolemy.moml.MoMLSimpleApplication@4c20bd99
reloadAllAccessors: .BouncingBall

===========================================================================================
----------------- testing Mon Jul 02 01:29:31 UTC 2018 /home/travis/build/icyphy/ptII/ptolemy/domains/continuous/test/auto/BouncingBallWithoutGR.xml
----------------- Instantiating /home/travis/build/icyphy/ptII/ptolemy/domains/continuous/test/auto/BouncingBallWithoutGR.xml
783 ms. Memory: 331264K Free: 132173K (40%)
----------------- Invoking toplevel() on ptolemy.moml.MoMLSimpleApplication@2d73e77b
----------------- Done invoking toplevel() on ptolemy.moml.MoMLSimpleApplication@2d73e77b
reloadAllAccessors: .BouncingBallWithoutGR

===========================================================================================
----------------- testing Mon Jul 02 01:29:32 UTC 2018 /home/travis/build/icyphy/ptII/ptolemy/domains/continuous/test/auto/Brownian.xml
----------------- Instantiating /home/travis/build/icyphy/ptII/ptolemy/domains/continuous/test/auto/Brownian.xml
45 ms. Memory: 331264K Free: 119912K (36%)
----------------- Invoking toplevel() on ptolemy.moml.MoMLSimpleApplication@1a7bd313
----------------- Done invoking toplevel() on ptolemy.moml.MoMLSimpleApplication@1a7bd313
reloadAllAccessors: .Brownian

===========================================================================================
----------------- testing Mon Jul 02 01:29:32 UTC 2018 /home/travis/build/icyphy/ptII/ptolemy/domains/continuous/test/auto/CarTracking.xml
----------------- Instantiating /home/travis/build/icyphy/ptII/ptolemy/domains/continuous/test/auto/CarTracking.xml
3437 ms. Memory: 478720K Free: 332174K (69%)
----------------- Invoking toplevel() on ptolemy.moml.MoMLSimpleApplication@439e2bc0
----------------- Done invoking toplevel() on ptolemy.moml.MoMLSimpleApplication@439e2bc0
reloadAllAccessors: .CarTracking

===========================================================================================
----------------- testing Mon Jul 02 01:29:36 UTC 2018 /home/travis/build/icyphy/ptII/ptolemy/domains/continuous/test/auto/CartPendulum.xml
----------------- Instantiating /home/travis/build/icyphy/ptII/ptolemy/domains/continuous/test/auto/CartPendulum.xml
375 ms. Memory: 478720K Free: 228304K (48%)
----------------- Invoking toplevel() on ptolemy.moml.MoMLSimpleApplication@1dedf750
----------------- Done invoking toplevel() on ptolemy.moml.MoMLSimpleApplication@1dedf750
reloadAllAccessors: .CartPendulum

===========================================================================================
----------------- testing Mon Jul 02 01:29:36 UTC 2018 /home/travis/build/icyphy/ptII/ptolemy/domains/continuous/test/auto/CausalityInterface10.xml
----------------- Instantiating /home/travis/build/icyphy/ptII/ptolemy/domains/continuous/test/auto/CausalityInterface10.xml
7 ms. Memory: 478720K Free: 212636K (44%)
----------------- Invoking toplevel() on ptolemy.moml.MoMLSimpleApplication@49e1c5da
----------------- Done invoking toplevel() on ptolemy.moml.MoMLSimpleApplication@49e1c5da
reloadAllAccessors: .CausalityInterface10

===========================================================================================
----------------- testing Mon Jul 02 01:29:36 UTC 2018 /home/travis/build/icyphy/ptII/ptolemy/domains/continuous/test/auto/CausalityInterface11.xml
----------------- Instantiating /home/travis/build/icyphy/ptII/ptolemy/domains/continuous/test/auto/CausalityInterface11.xml
13 ms. Memory: 478720K Free: 200870K (42%)
----------------- Invoking toplevel() on ptolemy.moml.MoMLSimpleApplication@32a13bef
----------------- Done invoking toplevel() on ptolemy.moml.MoMLSimpleApplication@32a13bef
reloadAllAccessors: .CausalityInterface11

===========================================================================================
----------------- testing Mon Jul 02 01:29:36 UTC 2018 /home/travis/build/icyphy/ptII/ptolemy/domains/continuous/test/auto/CausalityInterface12.xml
----------------- Instantiating /home/travis/build/icyphy/ptII/ptolemy/domains/continuous/test/auto/CausalityInterface12.xml
8 ms. Memory: 478720K Free: 189103K (40%)
----------------- Invoking toplevel() on ptolemy.moml.MoMLSimpleApplication@7bb2aa67
----------------- Done invoking toplevel() on ptolemy.moml.MoMLSimpleApplication@7bb2aa67
reloadAllAccessors: .CausalityInterface12

===========================================================================================
----------------- testing Mon Jul 02 01:29:36 UTC 2018 /home/travis/build/icyphy/ptII/ptolemy/domains/continuous/test/auto/CausalityInterface13.xml
----------------- Instantiating /home/travis/build/icyphy/ptII/ptolemy/domains/continuous/test/auto/CausalityInterface13.xml
4 ms. Memory: 478720K Free: 177337K (37%)
----------------- Invoking toplevel() on ptolemy.moml.MoMLSimpleApplication@69d038b2
----------------- Done invoking toplevel() on ptolemy.moml.MoMLSimpleApplication@69d038b2
reloadAllAccessors: .CausalityInterface13

===========================================================================================
----------------- testing Mon Jul 02 01:29:36 UTC 2018 /home/travis/build/icyphy/ptII/ptolemy/domains/continuous/test/auto/CausalityInterface14.xml
----------------- Instantiating /home/travis/build/icyphy/ptII/ptolemy/domains/continuous/test/auto/CausalityInterface14.xml
4 ms. Memory: 478720K Free: 161706K (34%)
----------------- Invoking toplevel() on ptolemy.moml.MoMLSimpleApplication@141940b4
----------------- Done invoking toplevel() on ptolemy.moml.MoMLSimpleApplication@141940b4
reloadAllAccessors: .CausalityInterface14

===========================================================================================
----------------- testing Mon Jul 02 01:29:36 UTC 2018 /home/travis/build/icyphy/ptII/ptolemy/domains/continuous/test/auto/CausalityInterface4.xml
----------------- Instantiating /home/travis/build/icyphy/ptII/ptolemy/domains/continuous/test/auto/CausalityInterface4.xml
5 ms. Memory: 478720K Free: 149939K (31%)
----------------- Invoking toplevel() on ptolemy.moml.MoMLSimpleApplication@3928452c
----------------- Done invoking toplevel() on ptolemy.moml.MoMLSimpleApplication@3928452c
reloadAllAccessors: .CausalityInterface4

===========================================================================================
----------------- testing Mon Jul 02 01:29:37 UTC 2018 /home/travis/build/icyphy/ptII/ptolemy/domains/continuous/test/auto/CausalityInterface5.xml
----------------- Instantiating /home/travis/build/icyphy/ptII/ptolemy/domains/continuous/test/auto/CausalityInterface5.xml
8 ms. Memory: 478720K Free: 138173K (29%)
----------------- Invoking toplevel() on ptolemy.moml.MoMLSimpleApplication@3dcb68a5
----------------- Done invoking toplevel() on ptolemy.moml.MoMLSimpleApplication@3dcb68a5
reloadAllAccessors: .CausalityInterface5

===========================================================================================
----------------- testing Mon Jul 02 01:29:37 UTC 2018 /home/travis/build/icyphy/ptII/ptolemy/domains/continuous/test/auto/CausalityInterface6.xml
----------------- Instantiating /home/travis/build/icyphy/ptII/ptolemy/domains/continuous/test/auto/CausalityInterface6.xml
7 ms. Memory: 478720K Free: 126406K (26%)
----------------- Invoking toplevel() on ptolemy.moml.MoMLSimpleApplication@453a3159
----------------- Done invoking toplevel() on ptolemy.moml.MoMLSimpleApplication@453a3159
reloadAllAccessors: .CausalityInterface6

===========================================================================================
----------------- testing Mon Jul 02 01:29:37 UTC 2018 /home/travis/build/icyphy/ptII/ptolemy/domains/continuous/test/auto/CausalityInterface7.xml
----------------- Instantiating /home/travis/build/icyphy/ptII/ptolemy/domains/continuous/test/auto/CausalityInterface7.xml
15 ms. Memory: 478720K Free: 114640K (24%)
----------------- Invoking toplevel() on ptolemy.moml.MoMLSimpleApplication@5f330388
----------------- Done invoking toplevel() on ptolemy.moml.MoMLSimpleApplication@5f330388
reloadAllAccessors: .CausalityInterface7

===========================================================================================
----------------- testing Mon Jul 02 01:29:37 UTC 2018 /home/travis/build/icyphy/ptII/ptolemy/domains/continuous/test/auto/CausalityInterface8.xml
----------------- Instantiating /home/travis/build/icyphy/ptII/ptolemy/domains/continuous/test/auto/CausalityInterface8.xml
10 ms. Memory: 478720K Free: 95091K (20%)
----------------- Invoking toplevel() on ptolemy.moml.MoMLSimpleApplication@89ab586
----------------- Done invoking toplevel() on ptolemy.moml.MoMLSimpleApplication@89ab586
reloadAllAccessors: .CausalityInterface8

===========================================================================================
----------------- testing Mon Jul 02 01:29:37 UTC 2018 /home/travis/build/icyphy/ptII/ptolemy/domains/continuous/test/auto/CausalityInterface9.xml
----------------- Instantiating /home/travis/build/icyphy/ptII/ptolemy/domains/continuous/test/auto/CausalityInterface9.xml
8 ms. Memory: 478720K Free: 80026K (17%)
----------------- Invoking toplevel() on ptolemy.moml.MoMLSimpleApplication@3654322a
----------------- Done invoking toplevel() on ptolemy.moml.MoMLSimpleApplication@3654322a
reloadAllAccessors: .CausalityInterface9

===========================================================================================
----------------- testing Mon Jul 02 01:29:37 UTC 2018 /home/travis/build/icyphy/ptII/ptolemy/domains/continuous/test/auto/CausalityInterfaceFeedback1.xml
----------------- Instantiating /home/travis/build/icyphy/ptII/ptolemy/domains/continuous/test/auto/CausalityInterfaceFeedback1.xml
4 ms. Memory: 455168K Free: 436706K (96%)
----------------- Invoking toplevel() on ptolemy.moml.MoMLSimpleApplication@43412e3d
----------------- Done invoking toplevel() on ptolemy.moml.MoMLSimpleApplication@43412e3d
reloadAllAccessors: .CausalityInterfaceFeedback1

===========================================================================================
----------------- testing Mon Jul 02 01:29:37 UTC 2018 /home/travis/build/icyphy/ptII/ptolemy/domains/continuous/test/auto/CausalityInterfaceFeedback2.xml
----------------- Instantiating /home/travis/build/icyphy/ptII/ptolemy/domains/continuous/test/auto/CausalityInterfaceFeedback2.xml
3 ms. Memory: 455168K Free: 422977K (93%)
----------------- Invoking toplevel() on ptolemy.moml.MoMLSimpleApplication@3f5883a
----------------- Done invoking toplevel() on ptolemy.moml.MoMLSimpleApplication@3f5883a
reloadAllAccessors: .CausalityInterfaceFeedback2

===========================================================================================
----------------- testing Mon Jul 02 01:29:37 UTC 2018 /home/travis/build/icyphy/ptII/ptolemy/domains/continuous/test/auto/CompareWithCurrentTime.xml
----------------- Instantiating /home/travis/build/icyphy/ptII/ptolemy/domains/continuous/test/auto/CompareWithCurrentTime.xml
3 ms. Memory: 455168K Free: 415502K (91%)
----------------- Invoking toplevel() on ptolemy.moml.MoMLSimpleApplication@52a16074
----------------- Done invoking toplevel() on ptolemy.moml.MoMLSimpleApplication@52a16074
reloadAllAccessors: .CompareWithCurrentTime

===========================================================================================
----------------- testing Mon Jul 02 01:29:37 UTC 2018 /home/travis/build/icyphy/ptII/ptolemy/domains/continuous/test/auto/ComparedClocks.xml
----------------- Instantiating /home/travis/build/icyphy/ptII/ptolemy/domains/continuous/test/auto/ComparedClocks.xml
10 ms. Memory: 455168K Free: 393060K (86%)
----------------- Invoking toplevel() on ptolemy.moml.MoMLSimpleApplication@8d73520
----------------- Done invoking toplevel() on ptolemy.moml.MoMLSimpleApplication@8d73520
reloadAllAccessors: .ComparedClocks

===========================================================================================
----------------- testing Mon Jul 02 01:29:37 UTC 2018 /home/travis/build/icyphy/ptII/ptolemy/domains/continuous/test/auto/ContinuousAOCClone.xml
----------------- Instantiating /home/travis/build/icyphy/ptII/ptolemy/domains/continuous/test/auto/ContinuousAOCClone.xml
2251 ms. Memory: 684544K Free: 483655K (71%)
----------------- Invoking toplevel() on ptolemy.moml.MoMLSimpleApplication@5bee32eb
----------------- Done invoking toplevel() on ptolemy.moml.MoMLSimpleApplication@5bee32eb
reloadAllAccessors: .ContinuousAOCClone

===========================================================================================
----------------- testing Mon Jul 02 01:29:39 UTC 2018 /home/travis/build/icyphy/ptII/ptolemy/domains/continuous/test/auto/ContinuousClock.xml
----------------- Instantiating /home/travis/build/icyphy/ptII/ptolemy/domains/continuous/test/auto/ContinuousClock.xml
51 ms. Memory: 684544K Free: 449081K (66%)
----------------- Invoking toplevel() on ptolemy.moml.MoMLSimpleApplication@66d77533
----------------- Done invoking toplevel() on ptolemy.moml.MoMLSimpleApplication@66d77533
reloadAllAccessors: .ContinuousClock

===========================================================================================
----------------- testing Mon Jul 02 01:29:40 UTC 2018 /home/travis/build/icyphy/ptII/ptolemy/domains/continuous/test/auto/ContinuousInContinuous.xml
----------------- Instantiating /home/travis/build/icyphy/ptII/ptolemy/domains/continuous/test/auto/ContinuousInContinuous.xml
43 ms. Memory: 684544K Free: 421141K (62%)
----------------- Invoking toplevel() on ptolemy.moml.MoMLSimpleApplication@5e151a1f
----------------- Done invoking toplevel() on ptolemy.moml.MoMLSimpleApplication@5e151a1f
reloadAllAccessors: .ContinuousInContinuous

===========================================================================================
----------------- testing Mon Jul 02 01:29:40 UTC 2018 /home/travis/build/icyphy/ptII/ptolemy/domains/continuous/test/auto/ContinuousInContinuousInContinuous.xml
----------------- Instantiating /home/travis/build/icyphy/ptII/ptolemy/domains/continuous/test/auto/ContinuousInContinuousInContinuous.xml
8 ms. Memory: 684544K Free: 409165K (60%)
----------------- Invoking toplevel() on ptolemy.moml.MoMLSimpleApplication@21a40380
----------------- Done invoking toplevel() on ptolemy.moml.MoMLSimpleApplication@21a40380
reloadAllAccessors: .ContinuousInContinuousInContinuous

===========================================================================================
----------------- testing Mon Jul 02 01:29:40 UTC 2018 /home/travis/build/icyphy/ptII/ptolemy/domains/continuous/test/auto/ContinuousInDE.xml
----------------- Instantiating /home/travis/build/icyphy/ptII/ptolemy/domains/continuous/test/auto/ContinuousInDE.xml
129 ms. Memory: 684544K Free: 390610K (57%)
----------------- Invoking toplevel() on ptolemy.moml.MoMLSimpleApplication@5f6dd254
----------------- Done invoking toplevel() on ptolemy.moml.MoMLSimpleApplication@5f6dd254
reloadAllAccessors: .ContinuousInDE

===========================================================================================
----------------- testing Mon Jul 02 01:29:40 UTC 2018 /home/travis/build/icyphy/ptII/ptolemy/domains/continuous/test/auto/ContinuousInDE2.xml
----------------- Instantiating /home/travis/build/icyphy/ptII/ptolemy/domains/continuous/test/auto/ContinuousInDE2.xml
51 ms. Memory: 684544K Free: 374646K (55%)
----------------- Invoking toplevel() on ptolemy.moml.MoMLSimpleApplication@63fbc021
----------------- Done invoking toplevel() on ptolemy.moml.MoMLSimpleApplication@63fbc021
reloadAllAccessors: .ContinuousInDE2

===========================================================================================
----------------- testing Mon Jul 02 01:29:40 UTC 2018 /home/travis/build/icyphy/ptII/ptolemy/domains/continuous/test/auto/ContinuousInDE3.xml
----------------- Instantiating /home/travis/build/icyphy/ptII/ptolemy/domains/continuous/test/auto/ContinuousInDE3.xml
56 ms. Memory: 684544K Free: 358683K (52%)
----------------- Invoking toplevel() on ptolemy.moml.MoMLSimpleApplication@462e7693
----------------- Done invoking toplevel() on ptolemy.moml.MoMLSimpleApplication@462e7693
reloadAllAccessors: .ContinuousInDE3

===========================================================================================
----------------- testing Mon Jul 02 01:29:40 UTC 2018 /home/travis/build/icyphy/ptII/ptolemy/domains/continuous/test/auto/ContinuousInDE4.xml
----------------- Instantiating /home/travis/build/icyphy/ptII/ptolemy/domains/continuous/test/auto/ContinuousInDE4.xml
19 ms. Memory: 684544K Free: 344107K (50%)
----------------- Invoking toplevel() on ptolemy.moml.MoMLSimpleApplication@4d8ee921
----------------- Done invoking toplevel() on ptolemy.moml.MoMLSimpleApplication@4d8ee921
reloadAllAccessors: .ContinuousInDE4

===========================================================================================
----------------- testing Mon Jul 02 01:29:40 UTC 2018 /home/travis/build/icyphy/ptII/ptolemy/domains/continuous/test/auto/ContinuousInDEDifferentRefinements.xml
----------------- Instantiating /home/travis/build/icyphy/ptII/ptolemy/domains/continuous/test/auto/ContinuousInDEDifferentRefinements.xml
72 ms. Memory: 684544K Free: 308162K (45%)
----------------- Invoking toplevel() on ptolemy.moml.MoMLSimpleApplication@5a17fdca
----------------- Done invoking toplevel() on ptolemy.moml.MoMLSimpleApplication@5a17fdca
reloadAllAccessors: .ContinuousInDEDifferentRefinements

===========================================================================================
----------------- testing Mon Jul 02 01:29:40 UTC 2018 /home/travis/build/icyphy/ptII/ptolemy/domains/continuous/test/auto/ContinuousInDEDifferentRefinementsPreemptive.xml
----------------- Instantiating /home/travis/build/icyphy/ptII/ptolemy/domains/continuous/test/auto/ContinuousInDEDifferentRefinementsPreemptive.xml
53 ms. Memory: 684544K Free: 272200K (40%)
----------------- Invoking toplevel() on ptolemy.moml.MoMLSimpleApplication@51394f5f
----------------- Done invoking toplevel() on ptolemy.moml.MoMLSimpleApplication@51394f5f
reloadAllAccessors: .ContinuousInDEDifferentRefinementsPreemptive

===========================================================================================
----------------- testing Mon Jul 02 01:29:40 UTC 2018 /home/travis/build/icyphy/ptII/ptolemy/domains/continuous/test/auto/ContinuousInDEInContinuous2.xml
----------------- Instantiating /home/travis/build/icyphy/ptII/ptolemy/domains/continuous/test/auto/ContinuousInDEInContinuous2.xml
47 ms. Memory: 684544K Free: 249634K (36%)
----------------- Invoking toplevel() on ptolemy.moml.MoMLSimpleApplication@23f76ec7
----------------- Done invoking toplevel() on ptolemy.moml.MoMLSimpleApplication@23f76ec7
reloadAllAccessors: .ContinuousInDEInContinuous2

===========================================================================================
----------------- testing Mon Jul 02 01:29:40 UTC 2018 /home/travis/build/icyphy/ptII/ptolemy/domains/continuous/test/auto/ContinuousInDEInContinuous3.xml
----------------- Instantiating /home/travis/build/icyphy/ptII/ptolemy/domains/continuous/test/auto/ContinuousInDEInContinuous3.xml
54 ms. Memory: 684544K Free: 229676K (34%)
----------------- Invoking toplevel() on ptolemy.moml.MoMLSimpleApplication@49e1085f
----------------- Done invoking toplevel() on ptolemy.moml.MoMLSimpleApplication@49e1085f
reloadAllAccessors: .ContinuousInDEInContinuous3

===========================================================================================
----------------- testing Mon Jul 02 01:29:41 UTC 2018 /home/travis/build/icyphy/ptII/ptolemy/domains/continuous/test/auto/ContinuousInDEInput.xml
----------------- Instantiating /home/travis/build/icyphy/ptII/ptolemy/domains/continuous/test/auto/ContinuousInDEInput.xml
25 ms. Memory: 684544K Free: 217716K (32%)
----------------- Invoking toplevel() on ptolemy.moml.MoMLSimpleApplication@7ac366e9
----------------- Done invoking toplevel() on ptolemy.moml.MoMLSimpleApplication@7ac366e9
reloadAllAccessors: .ContinuousInDEInput

===========================================================================================
----------------- testing Mon Jul 02 01:29:41 UTC 2018 /home/travis/build/icyphy/ptII/ptolemy/domains/continuous/test/auto/ContinuousInDEInput2.xml
----------------- Instantiating /home/travis/build/icyphy/ptII/ptolemy/domains/continuous/test/auto/ContinuousInDEInput2.xml
22 ms. Memory: 684544K Free: 205755K (30%)
----------------- Invoking toplevel() on ptolemy.moml.MoMLSimpleApplication@27efbb0a
----------------- Done invoking toplevel() on ptolemy.moml.MoMLSimpleApplication@27efbb0a
reloadAllAccessors: .ContinuousInDEInput2

===========================================================================================
----------------- testing Mon Jul 02 01:29:41 UTC 2018 /home/travis/build/icyphy/ptII/ptolemy/domains/continuous/test/auto/ContinuousInDEInput3.xml
----------------- Instantiating /home/travis/build/icyphy/ptII/ptolemy/domains/continuous/test/auto/ContinuousInDEInput3.xml
24 ms. Memory: 684544K Free: 191179K (28%)
----------------- Invoking toplevel() on ptolemy.moml.MoMLSimpleApplication@1ec0bb05
----------------- Done invoking toplevel() on ptolemy.moml.MoMLSimpleApplication@1ec0bb05
reloadAllAccessors: .ContinuousInDEInput3

===========================================================================================
----------------- testing Mon Jul 02 01:29:41 UTC 2018 /home/travis/build/icyphy/ptII/ptolemy/domains/continuous/test/auto/ContinuousInDESharingRefinement.xml
----------------- Instantiating /home/travis/build/icyphy/ptII/ptolemy/domains/continuous/test/auto/ContinuousInDESharingRefinement.xml
189 ms. Memory: 684544K Free: 91245K (13%)
----------------- Invoking toplevel() on ptolemy.moml.MoMLSimpleApplication@22cf6b24
----------------- Done invoking toplevel() on ptolemy.moml.MoMLSimpleApplication@22cf6b24
reloadAllAccessors: .ContinuousInDESharingRefinement

===========================================================================================
----------------- testing Mon Jul 02 01:29:41 UTC 2018 /home/travis/build/icyphy/ptII/ptolemy/domains/continuous/test/auto/ContinuousInDEwithNoPorts.xml
----------------- Instantiating /home/travis/build/icyphy/ptII/ptolemy/domains/continuous/test/auto/ContinuousInDEwithNoPorts.xml
6 ms. Memory: 684544K Free: 83272K (12%)
----------------- Invoking toplevel() on ptolemy.moml.MoMLSimpleApplication@6dcfc372
----------------- Done invoking toplevel() on ptolemy.moml.MoMLSimpleApplication@6dcfc372
reloadAllAccessors: .ContinuousInDEwithNoPorts

===========================================================================================
----------------- testing Mon Jul 02 01:29:41 UTC 2018 /home/travis/build/icyphy/ptII/ptolemy/domains/continuous/test/auto/ContinuousInsideDE.xml
----------------- Instantiating /home/travis/build/icyphy/ptII/ptolemy/domains/continuous/test/auto/ContinuousInsideDE.xml
52 ms. Memory: 651776K Free: 629109K (97%)
----------------- Invoking toplevel() on ptolemy.moml.MoMLSimpleApplication@2337c46f
----------------- Done invoking toplevel() on ptolemy.moml.MoMLSimpleApplication@2337c46f
reloadAllAccessors: .ContinuousInsideDE

===========================================================================================
----------------- testing Mon Jul 02 01:29:41 UTC 2018 /home/travis/build/icyphy/ptII/ptolemy/domains/continuous/test/auto/ContinuousMerge1.xml
----------------- Instantiating /home/travis/build/icyphy/ptII/ptolemy/domains/continuous/test/auto/ContinuousMerge1.xml
3 ms. Memory: 651776K Free: 619809K (95%)
----------------- Invoking toplevel() on ptolemy.moml.MoMLSimpleApplication@5c157e0c
----------------- Done invoking toplevel() on ptolemy.moml.MoMLSimpleApplication@5c157e0c
reloadAllAccessors: .ContinuousMerge1

===========================================================================================
----------------- testing Mon Jul 02 01:29:41 UTC 2018 /home/travis/build/icyphy/ptII/ptolemy/domains/continuous/test/auto/ContinuousMerge2.xml
----------------- Instantiating /home/travis/build/icyphy/ptII/ptolemy/domains/continuous/test/auto/ContinuousMerge2.xml
15 ms. Memory: 651776K Free: 604548K (93%)
----------------- Invoking toplevel() on ptolemy.moml.MoMLSimpleApplication@130712d9
----------------- Done invoking toplevel() on ptolemy.moml.MoMLSimpleApplication@130712d9
reloadAllAccessors: .ContinuousMerge2

===========================================================================================
----------------- testing Mon Jul 02 01:29:41 UTC 2018 /home/travis/build/icyphy/ptII/ptolemy/domains/continuous/test/auto/ContinuousMerge3.xml
----------------- Instantiating /home/travis/build/icyphy/ptII/ptolemy/domains/continuous/test/auto/ContinuousMerge3.xml
58 ms. Memory: 651776K Free: 587642K (90%)
----------------- Invoking toplevel() on ptolemy.moml.MoMLSimpleApplication@1ad57935
----------------- Done invoking toplevel() on ptolemy.moml.MoMLSimpleApplication@1ad57935
reloadAllAccessors: .ContinuousMerge3

===========================================================================================
----------------- testing Mon Jul 02 01:29:41 UTC 2018 /home/travis/build/icyphy/ptII/ptolemy/domains/continuous/test/auto/ContinuousWithinContinuous.xml
----------------- Instantiating /home/travis/build/icyphy/ptII/ptolemy/domains/continuous/test/auto/ContinuousWithinContinuous.xml
50 ms. Memory: 651776K Free: 572430K (88%)
----------------- Invoking toplevel() on ptolemy.moml.MoMLSimpleApplication@1ea93abe
----------------- Done invoking toplevel() on ptolemy.moml.MoMLSimpleApplication@1ea93abe
reloadAllAccessors: .ContinuousWithinContinuous

===========================================================================================
----------------- testing Mon Jul 02 01:29:41 UTC 2018 /home/travis/build/icyphy/ptII/ptolemy/domains/continuous/test/auto/ContinuousWithinContinuous2.xml
----------------- Instantiating /home/travis/build/icyphy/ptII/ptolemy/domains/continuous/test/auto/ContinuousWithinContinuous2.xml
101 ms. Memory: 651776K Free: 559331K (86%)
----------------- Invoking toplevel() on ptolemy.moml.MoMLSimpleApplication@36f9aba4
----------------- Done invoking toplevel() on ptolemy.moml.MoMLSimpleApplication@36f9aba4
reloadAllAccessors: .ContinuousWithinContinuous2

===========================================================================================
----------------- testing Mon Jul 02 01:29:41 UTC 2018 /home/travis/build/icyphy/ptII/ptolemy/domains/continuous/test/auto/ContinuousWithinContinuous3.xml
----------------- Instantiating /home/travis/build/icyphy/ptII/ptolemy/domains/continuous/test/auto/ContinuousWithinContinuous3.xml
16 ms. Memory: 651776K Free: 547918K (84%)
----------------- Invoking toplevel() on ptolemy.moml.MoMLSimpleApplication@494e5a9c
----------------- Done invoking toplevel() on ptolemy.moml.MoMLSimpleApplication@494e5a9c
reloadAllAccessors: .ContinuousWithinContinuous3

===========================================================================================
----------------- testing Mon Jul 02 01:29:41 UTC 2018 /home/travis/build/icyphy/ptII/ptolemy/domains/continuous/test/auto/ContinuousWithinContinuous4.xml
----------------- Instantiating /home/travis/build/icyphy/ptII/ptolemy/domains/continuous/test/auto/ContinuousWithinContinuous4.xml
103 ms. Memory: 651776K Free: 527213K (81%)
----------------- Invoking toplevel() on ptolemy.moml.MoMLSimpleApplication@46a1c236
----------------- Done invoking toplevel() on ptolemy.moml.MoMLSimpleApplication@46a1c236
reloadAllAccessors: .ContinuousWithinContinuous4

===========================================================================================
----------------- testing Mon Jul 02 01:29:42 UTC 2018 /home/travis/build/icyphy/ptII/ptolemy/domains/continuous/test/auto/ContinuousWithinContinuous5.xml
----------------- Instantiating /home/travis/build/icyphy/ptII/ptolemy/domains/continuous/test/auto/ContinuousWithinContinuous5.xml
19 ms. Memory: 651776K Free: 515800K (79%)
----------------- Invoking toplevel() on ptolemy.moml.MoMLSimpleApplication@5fcb4e2c
----------------- Done invoking toplevel() on ptolemy.moml.MoMLSimpleApplication@5fcb4e2c
reloadAllAccessors: .ContinuousWithinContinuous5

===========================================================================================
----------------- testing Mon Jul 02 01:29:42 UTC 2018 /home/travis/build/icyphy/ptII/ptolemy/domains/continuous/test/auto/ContinuousWithinContinuous6.xml
----------------- Instantiating /home/travis/build/icyphy/ptII/ptolemy/domains/continuous/test/auto/ContinuousWithinContinuous6.xml
16 ms. Memory: 651776K Free: 502701K (77%)
----------------- Invoking toplevel() on ptolemy.moml.MoMLSimpleApplication@34d5e05b
----------------- Done invoking toplevel() on ptolemy.moml.MoMLSimpleApplication@34d5e05b
reloadAllAccessors: .ContinuousWithinContinuous6

===========================================================================================
----------------- testing Mon Jul 02 01:29:42 UTC 2018 /home/travis/build/icyphy/ptII/ptolemy/domains/continuous/test/auto/ContinuousWithinContinuous7.xml
----------------- Instantiating /home/travis/build/icyphy/ptII/ptolemy/domains/continuous/test/auto/ContinuousWithinContinuous7.xml
85 ms. Memory: 651776K Free: 491304K (75%)
----------------- Invoking toplevel() on ptolemy.moml.MoMLSimpleApplication@36756963
----------------- Done invoking toplevel() on ptolemy.moml.MoMLSimpleApplication@36756963
reloadAllAccessors: .ContinuousWithinContinuous7

===========================================================================================
----------------- testing Mon Jul 02 01:29:42 UTC 2018 /home/travis/build/icyphy/ptII/ptolemy/domains/continuous/test/auto/DCMotor.xml
----------------- Instantiating /home/travis/build/icyphy/ptII/ptolemy/domains/continuous/test/auto/DCMotor.xml
16023 ms. Memory: 509440K Free: 84042K (16%)
----------------- Invoking toplevel() on ptolemy.moml.MoMLSimpleApplication@34eb7ea1
----------------- Done invoking toplevel() on ptolemy.moml.MoMLSimpleApplication@34eb7ea1
reloadAllAccessors: .DCMotor

===========================================================================================
----------------- testing Mon Jul 02 01:29:58 UTC 2018 /home/travis/build/icyphy/ptII/ptolemy/domains/continuous/test/auto/DEInContinuous.xml
----------------- Instantiating /home/travis/build/icyphy/ptII/ptolemy/domains/continuous/test/auto/DEInContinuous.xml
20 ms. Memory: 509440K Free: 67695K (13%)
----------------- Invoking toplevel() on ptolemy.moml.MoMLSimpleApplication@4cf74c7d
----------------- Done invoking toplevel() on ptolemy.moml.MoMLSimpleApplication@4cf74c7d
reloadAllAccessors: .DEInContinuous

===========================================================================================
----------------- testing Mon Jul 02 01:29:58 UTC 2018 /home/travis/build/icyphy/ptII/ptolemy/domains/continuous/test/auto/DEinContinuous2.xml
----------------- Instantiating /home/travis/build/icyphy/ptII/ptolemy/domains/continuous/test/auto/DEinContinuous2.xml
7 ms. Memory: 495616K Free: 468409K (95%)
----------------- Invoking toplevel() on ptolemy.moml.MoMLSimpleApplication@3cc2020d
----------------- Done invoking toplevel() on ptolemy.moml.MoMLSimpleApplication@3cc2020d
reloadAllAccessors: .DEinContinuous2

===========================================================================================
----------------- testing Mon Jul 02 01:29:58 UTC 2018 /home/travis/build/icyphy/ptII/ptolemy/domains/continuous/test/auto/Derivative.xml
----------------- Instantiating /home/travis/build/icyphy/ptII/ptolemy/domains/continuous/test/auto/Derivative.xml
177 ms. Memory: 495616K Free: 431090K (87%)
----------------- Invoking toplevel() on ptolemy.moml.MoMLSimpleApplication@39150921
----------------- Done invoking toplevel() on ptolemy.moml.MoMLSimpleApplication@39150921
reloadAllAccessors: .Derivative2

===========================================================================================
----------------- testing Mon Jul 02 01:29:58 UTC 2018 /home/travis/build/icyphy/ptII/ptolemy/domains/continuous/test/auto/Derivative1.xml
----------------- Instantiating /home/travis/build/icyphy/ptII/ptolemy/domains/continuous/test/auto/Derivative1.xml
25 ms. Memory: 495616K Free: 409586K (83%)
----------------- Invoking toplevel() on ptolemy.moml.MoMLSimpleApplication@2bfd8994
----------------- Done invoking toplevel() on ptolemy.moml.MoMLSimpleApplication@2bfd8994
reloadAllAccessors: .Derivative1

===========================================================================================
----------------- testing Mon Jul 02 01:29:58 UTC 2018 /home/travis/build/icyphy/ptII/ptolemy/domains/continuous/test/auto/DiscreteClock.xml
----------------- Instantiating /home/travis/build/icyphy/ptII/ptolemy/domains/continuous/test/auto/DiscreteClock.xml
6 ms. Memory: 495616K Free: 400875K (81%)
----------------- Invoking toplevel() on ptolemy.moml.MoMLSimpleApplication@26f722c9
----------------- Done invoking toplevel() on ptolemy.moml.MoMLSimpleApplication@26f722c9
reloadAllAccessors: .DiscreteClock

===========================================================================================
----------------- testing Mon Jul 02 01:29:58 UTC 2018 /home/travis/build/icyphy/ptII/ptolemy/domains/continuous/test/auto/EfficiencyCurve.xml
----------------- Instantiating /home/travis/build/icyphy/ptII/ptolemy/domains/continuous/test/auto/EfficiencyCurve.xml
74 ms. Memory: 495616K Free: 383451K (77%)
----------------- Invoking toplevel() on ptolemy.moml.MoMLSimpleApplication@599719df
----------------- Done invoking toplevel() on ptolemy.moml.MoMLSimpleApplication@599719df
reloadAllAccessors: .EfficiencyCurve

===========================================================================================
----------------- testing Mon Jul 02 01:29:58 UTC 2018 /home/travis/build/icyphy/ptII/ptolemy/domains/continuous/test/auto/ExponentialResponse.xml
----------------- Instantiating /home/travis/build/icyphy/ptII/ptolemy/domains/continuous/test/auto/ExponentialResponse.xml
116 ms. Memory: 495616K Free: 362498K (73%)
----------------- Invoking toplevel() on ptolemy.moml.MoMLSimpleApplication@6ce55c25
----------------- Done invoking toplevel() on ptolemy.moml.MoMLSimpleApplication@6ce55c25
reloadAllAccessors: .ExponentialResponse

===========================================================================================
----------------- testing Mon Jul 02 01:29:59 UTC 2018 /home/travis/build/icyphy/ptII/ptolemy/domains/continuous/test/auto/ExponentialResponseRK45.xml
----------------- Instantiating /home/travis/build/icyphy/ptII/ptolemy/domains/continuous/test/auto/ExponentialResponseRK45.xml
27 ms. Memory: 495616K Free: 353237K (71%)
----------------- Invoking toplevel() on ptolemy.moml.MoMLSimpleApplication@610c2c70
----------------- Done invoking toplevel() on ptolemy.moml.MoMLSimpleApplication@610c2c70
reloadAllAccessors: .ExponentialResponseRK45

===========================================================================================
----------------- testing Mon Jul 02 01:29:59 UTC 2018 /home/travis/build/icyphy/ptII/ptolemy/domains/continuous/test/auto/Friction.xml
----------------- Instantiating /home/travis/build/icyphy/ptII/ptolemy/domains/continuous/test/auto/Friction.xml
1491 ms. Memory: 472064K Free: 298814K (63%)
----------------- Invoking toplevel() on ptolemy.moml.MoMLSimpleApplication@10d133be
----------------- Done invoking toplevel() on ptolemy.moml.MoMLSimpleApplication@10d133be
reloadAllAccessors: .Friction

===========================================================================================
----------------- testing Mon Jul 02 01:30:00 UTC 2018 /home/travis/build/icyphy/ptII/ptolemy/domains/continuous/test/auto/FurutaPendulum.xml
----------------- Instantiating /home/travis/build/icyphy/ptII/ptolemy/domains/continuous/test/auto/FurutaPendulum.xml
2954 ms. Memory: 455680K Free: 166499K (37%)
----------------- Invoking toplevel() on ptolemy.moml.MoMLSimpleApplication@d4995cd
----------------- Done invoking toplevel() on ptolemy.moml.MoMLSimpleApplication@d4995cd
reloadAllAccessors: .FurutaPendulum

===========================================================================================
----------------- testing Mon Jul 02 01:30:03 UTC 2018 /home/travis/build/icyphy/ptII/ptolemy/domains/continuous/test/auto/HierarchicalExecution.xml
----------------- Instantiating /home/travis/build/icyphy/ptII/ptolemy/domains/continuous/test/auto/HierarchicalExecution.xml
1682 ms. Memory: 441344K Free: 204954K (46%)
----------------- Invoking toplevel() on ptolemy.moml.MoMLSimpleApplication@4972ca2c
----------------- Done invoking toplevel() on ptolemy.moml.MoMLSimpleApplication@4972ca2c
reloadAllAccessors: .HierarchicalExecution

===========================================================================================
----------------- testing Mon Jul 02 01:30:05 UTC 2018 /home/travis/build/icyphy/ptII/ptolemy/domains/continuous/test/auto/HybridPlant.xml
----------------- Instantiating /home/travis/build/icyphy/ptII/ptolemy/domains/continuous/test/auto/HybridPlant.xml
567 ms. Memory: 420352K Free: 261071K (62%)
----------------- Invoking toplevel() on ptolemy.moml.MoMLSimpleApplication@66e64af0
----------------- Done invoking toplevel() on ptolemy.moml.MoMLSimpleApplication@66e64af0
reloadAllAccessors: .HybridPlant

===========================================================================================
----------------- testing Mon Jul 02 01:30:06 UTC 2018 /home/travis/build/icyphy/ptII/ptolemy/domains/continuous/test/auto/Hysteresis.xml
----------------- Instantiating /home/travis/build/icyphy/ptII/ptolemy/domains/continuous/test/auto/Hysteresis.xml
153 ms. Memory: 420352K Free: 196392K (47%)
----------------- Invoking toplevel() on ptolemy.moml.MoMLSimpleApplication@507ec2a4
----------------- Done invoking toplevel() on ptolemy.moml.MoMLSimpleApplication@507ec2a4
reloadAllAccessors: .Hysteresis

===========================================================================================
----------------- testing Mon Jul 02 01:30:06 UTC 2018 /home/travis/build/icyphy/ptII/ptolemy/domains/continuous/test/auto/HysteresisWithRandomDelay.xml
----------------- Instantiating /home/travis/build/icyphy/ptII/ptolemy/domains/continuous/test/auto/HysteresisWithRandomDelay.xml
177 ms. Memory: 420352K Free: 117269K (28%)
----------------- Invoking toplevel() on ptolemy.moml.MoMLSimpleApplication@29b91952
----------------- Done invoking toplevel() on ptolemy.moml.MoMLSimpleApplication@29b91952
reloadAllAccessors: .HysteresisWithRandomDelay

===========================================================================================
----------------- testing Mon Jul 02 01:30:06 UTC 2018 /home/travis/build/icyphy/ptII/ptolemy/domains/continuous/test/auto/HysteresisWithRandomLosses.xml
----------------- Instantiating /home/travis/build/icyphy/ptII/ptolemy/domains/continuous/test/auto/HysteresisWithRandomLosses.xml
2581 ms. Memory: 376320K Free: 274050K (73%)
----------------- Invoking toplevel() on ptolemy.moml.MoMLSimpleApplication@2d3cff03
----------------- Done invoking toplevel() on ptolemy.moml.MoMLSimpleApplication@2d3cff03
reloadAllAccessors: .HysteresisWithRandomLosses

===========================================================================================
----------------- testing Mon Jul 02 01:30:09 UTC 2018 /home/travis/build/icyphy/ptII/ptolemy/domains/continuous/test/auto/ImmediateTransitions.xml
----------------- Instantiating /home/travis/build/icyphy/ptII/ptolemy/domains/continuous/test/auto/ImmediateTransitions.xml
14 ms. Memory: 376320K Free: 257422K (68%)
----------------- Invoking toplevel() on ptolemy.moml.MoMLSimpleApplication@10ff0860
----------------- Done invoking toplevel() on ptolemy.moml.MoMLSimpleApplication@10ff0860
reloadAllAccessors: .ImmediateTransitions

===========================================================================================
----------------- testing Mon Jul 02 01:30:09 UTC 2018 /home/travis/build/icyphy/ptII/ptolemy/domains/continuous/test/auto/ImpulseFeedback.xml
----------------- Instantiating /home/travis/build/icyphy/ptII/ptolemy/domains/continuous/test/auto/ImpulseFeedback.xml
11 ms. Memory: 376320K Free: 247738K (66%)
----------------- Invoking toplevel() on ptolemy.moml.MoMLSimpleApplication@26a9b2c9
----------------- Done invoking toplevel() on ptolemy.moml.MoMLSimpleApplication@26a9b2c9
reloadAllAccessors: .ImpulseFeedback

===========================================================================================
----------------- testing Mon Jul 02 01:30:09 UTC 2018 /home/travis/build/icyphy/ptII/ptolemy/domains/continuous/test/auto/ImpulseFeedback2.xml
----------------- Instantiating /home/travis/build/icyphy/ptII/ptolemy/domains/continuous/test/auto/ImpulseFeedback2.xml
6 ms. Memory: 376320K Free: 238049K (63%)
----------------- Invoking toplevel() on ptolemy.moml.MoMLSimpleApplication@32a000d7
----------------- Done invoking toplevel() on ptolemy.moml.MoMLSimpleApplication@32a000d7
reloadAllAccessors: .ImpulseFeedback2

===========================================================================================
----------------- testing Mon Jul 02 01:30:09 UTC 2018 /home/travis/build/icyphy/ptII/ptolemy/domains/continuous/test/auto/IncreasingRatePoisson.xml
----------------- Instantiating /home/travis/build/icyphy/ptII/ptolemy/domains/continuous/test/auto/IncreasingRatePoisson.xml
774 ms. Memory: 370176K Free: 205425K (55%)
----------------- Invoking toplevel() on ptolemy.moml.MoMLSimpleApplication@6f3e8ba3
----------------- Done invoking toplevel() on ptolemy.moml.MoMLSimpleApplication@6f3e8ba3
reloadAllAccessors: .IncreasingRatePoisson

===========================================================================================
----------------- testing Mon Jul 02 01:30:10 UTC 2018 /home/travis/build/icyphy/ptII/ptolemy/domains/continuous/test/auto/InitialStateFeedback.xml
----------------- Instantiating /home/travis/build/icyphy/ptII/ptolemy/domains/continuous/test/auto/InitialStateFeedback.xml
4 ms. Memory: 370176K Free: 197390K (53%)
----------------- Invoking toplevel() on ptolemy.moml.MoMLSimpleApplication@1232765d
----------------- Done invoking toplevel() on ptolemy.moml.MoMLSimpleApplication@1232765d
reloadAllAccessors: .InitialStateFeedback

===========================================================================================
----------------- testing Mon Jul 02 01:30:10 UTC 2018 /home/travis/build/icyphy/ptII/ptolemy/domains/continuous/test/auto/Integration.xml
----------------- Instantiating /home/travis/build/icyphy/ptII/ptolemy/domains/continuous/test/auto/Integration.xml
2 ms. Memory: 370176K Free: 190919K (52%)
----------------- Invoking toplevel() on ptolemy.moml.MoMLSimpleApplication@7a696f05
----------------- Done invoking toplevel() on ptolemy.moml.MoMLSimpleApplication@7a696f05
reloadAllAccessors: .Integration

===========================================================================================
----------------- testing Mon Jul 02 01:30:10 UTC 2018 /home/travis/build/icyphy/ptII/ptolemy/domains/continuous/test/auto/Integration2.xml
----------------- Instantiating /home/travis/build/icyphy/ptII/ptolemy/domains/continuous/test/auto/Integration2.xml
85 ms. Memory: 370176K Free: 173115K (47%)
----------------- Invoking toplevel() on ptolemy.moml.MoMLSimpleApplication@7478e862
----------------- Done invoking toplevel() on ptolemy.moml.MoMLSimpleApplication@7478e862
reloadAllAccessors: .Integration2

===========================================================================================
----------------- testing Mon Jul 02 01:30:10 UTC 2018 /home/travis/build/icyphy/ptII/ptolemy/domains/continuous/test/auto/Integration3.xml
----------------- Instantiating /home/travis/build/icyphy/ptII/ptolemy/domains/continuous/test/auto/Integration3.xml
2 ms. Memory: 370176K Free: 166651K (45%)
----------------- Invoking toplevel() on ptolemy.moml.MoMLSimpleApplication@774450e2
----------------- Done invoking toplevel() on ptolemy.moml.MoMLSimpleApplication@774450e2
reloadAllAccessors: .Integration3

===========================================================================================
----------------- testing Mon Jul 02 01:30:10 UTC 2018 /home/travis/build/icyphy/ptII/ptolemy/domains/continuous/test/auto/Integration5.xml
----------------- Instantiating /home/travis/build/icyphy/ptII/ptolemy/domains/continuous/test/auto/Integration5.xml
2 ms. Memory: 370176K Free: 160112K (43%)
----------------- Invoking toplevel() on ptolemy.moml.MoMLSimpleApplication@7f68e9f6
----------------- Done invoking toplevel() on ptolemy.moml.MoMLSimpleApplication@7f68e9f6
reloadAllAccessors: .Integration5

===========================================================================================
----------------- testing Mon Jul 02 01:30:10 UTC 2018 /home/travis/build/icyphy/ptII/ptolemy/domains/continuous/test/auto/IntegratorImpulse.xml
----------------- Instantiating /home/travis/build/icyphy/ptII/ptolemy/domains/continuous/test/auto/IntegratorImpulse.xml
2 ms. Memory: 370176K Free: 153641K (42%)
----------------- Invoking toplevel() on ptolemy.moml.MoMLSimpleApplication@64d332aa
----------------- Done invoking toplevel() on ptolemy.moml.MoMLSimpleApplication@64d332aa
reloadAllAccessors: .IntegratorImpulse

===========================================================================================
----------------- testing Mon Jul 02 01:30:10 UTC 2018 /home/travis/build/icyphy/ptII/ptolemy/domains/continuous/test/auto/IntegratorImpulse2.xml
----------------- Instantiating /home/travis/build/icyphy/ptII/ptolemy/domains/continuous/test/auto/IntegratorImpulse2.xml
4 ms. Memory: 370176K Free: 147177K (40%)
----------------- Invoking toplevel() on ptolemy.moml.MoMLSimpleApplication@4d0e8c7
----------------- Done invoking toplevel() on ptolemy.moml.MoMLSimpleApplication@4d0e8c7
reloadAllAccessors: .IntegratorImpulse2

===========================================================================================
----------------- testing Mon Jul 02 01:30:10 UTC 2018 /home/travis/build/icyphy/ptII/ptolemy/domains/continuous/test/auto/LevelCrossing1.xml
----------------- Instantiating /home/travis/build/icyphy/ptII/ptolemy/domains/continuous/test/auto/LevelCrossing1.xml
2 ms. Memory: 370176K Free: 140638K (38%)
----------------- Invoking toplevel() on ptolemy.moml.MoMLSimpleApplication@52412f78
----------------- Done invoking toplevel() on ptolemy.moml.MoMLSimpleApplication@52412f78
reloadAllAccessors: .LevelCrossing1

===========================================================================================
----------------- testing Mon Jul 02 01:30:10 UTC 2018 /home/travis/build/icyphy/ptII/ptolemy/domains/continuous/test/auto/LevelCrossing2.xml
----------------- Instantiating /home/travis/build/icyphy/ptII/ptolemy/domains/continuous/test/auto/LevelCrossing2.xml
3 ms. Memory: 370176K Free: 134166K (36%)
----------------- Invoking toplevel() on ptolemy.moml.MoMLSimpleApplication@5d04a7da
----------------- Done invoking toplevel() on ptolemy.moml.MoMLSimpleApplication@5d04a7da
reloadAllAccessors: .LevelCrossing2

===========================================================================================
----------------- testing Mon Jul 02 01:30:10 UTC 2018 /home/travis/build/icyphy/ptII/ptolemy/domains/continuous/test/auto/LevelCrossing3.xml
----------------- Instantiating /home/travis/build/icyphy/ptII/ptolemy/domains/continuous/test/auto/LevelCrossing3.xml
3 ms. Memory: 370176K Free: 127626K (34%)
----------------- Invoking toplevel() on ptolemy.moml.MoMLSimpleApplication@7f06e0
----------------- Done invoking toplevel() on ptolemy.moml.MoMLSimpleApplication@7f06e0
reloadAllAccessors: .LevelCrossing3

===========================================================================================
----------------- testing Mon Jul 02 01:30:10 UTC 2018 /home/travis/build/icyphy/ptII/ptolemy/domains/continuous/test/auto/LevelCrossing4.xml
----------------- Instantiating /home/travis/build/icyphy/ptII/ptolemy/domains/continuous/test/auto/LevelCrossing4.xml
3 ms. Memory: 370176K Free: 121155K (33%)
----------------- Invoking toplevel() on ptolemy.moml.MoMLSimpleApplication@ae7387f
----------------- Done invoking toplevel() on ptolemy.moml.MoMLSimpleApplication@ae7387f
reloadAllAccessors: .LevelCrossing4

===========================================================================================
----------------- testing Mon Jul 02 01:30:10 UTC 2018 /home/travis/build/icyphy/ptII/ptolemy/domains/continuous/test/auto/LevelCrossing5.xml
----------------- Instantiating /home/travis/build/icyphy/ptII/ptolemy/domains/continuous/test/auto/LevelCrossing5.xml
3 ms. Memory: 370176K Free: 114615K (31%)
----------------- Invoking toplevel() on ptolemy.moml.MoMLSimpleApplication@63d33d3c
----------------- Done invoking toplevel() on ptolemy.moml.MoMLSimpleApplication@63d33d3c
reloadAllAccessors: .LevelCrossing5

===========================================================================================
----------------- testing Mon Jul 02 01:30:10 UTC 2018 /home/travis/build/icyphy/ptII/ptolemy/domains/continuous/test/auto/LevelCrossing6.xml
----------------- Instantiating /home/travis/build/icyphy/ptII/ptolemy/domains/continuous/test/auto/LevelCrossing6.xml
[...]
----------------- Instantiating /home/travis/build/icyphy/ptII/ptolemy/domains/continuous/test/auto/ResetTransitionWithStartTime6.xml
34 ms. Memory: 281088K Free: 222607K (79%)
----------------- Invoking toplevel() on ptolemy.moml.MoMLSimpleApplication@10248eca
----------------- Done invoking toplevel() on ptolemy.moml.MoMLSimpleApplication@10248eca
reloadAllAccessors: .ResetTransitionWithStartTime6

===========================================================================================
----------------- testing Mon Jul 02 01:30:28 UTC 2018 /home/travis/build/icyphy/ptII/ptolemy/domains/continuous/test/auto/SRinContinuous.xml
----------------- Instantiating /home/travis/build/icyphy/ptII/ptolemy/domains/continuous/test/auto/SRinContinuous.xml
15 ms. Memory: 281088K Free: 211881K (75%)
----------------- Invoking toplevel() on ptolemy.moml.MoMLSimpleApplication@6ff95bb4
----------------- Done invoking toplevel() on ptolemy.moml.MoMLSimpleApplication@6ff95bb4
reloadAllAccessors: .SRinContinuous

===========================================================================================
----------------- testing Mon Jul 02 01:30:28 UTC 2018 /home/travis/build/icyphy/ptII/ptolemy/domains/continuous/test/auto/SampledClocks.xml
----------------- Instantiating /home/travis/build/icyphy/ptII/ptolemy/domains/continuous/test/auto/SampledClocks.xml
3 ms. Memory: 281088K Free: 200925K (71%)
----------------- Invoking toplevel() on ptolemy.moml.MoMLSimpleApplication@3b05eb73
----------------- Done invoking toplevel() on ptolemy.moml.MoMLSimpleApplication@3b05eb73
reloadAllAccessors: .SampledClocks

===========================================================================================
----------------- testing Mon Jul 02 01:30:28 UTC 2018 /home/travis/build/icyphy/ptII/ptolemy/domains/continuous/test/auto/Satellite.xml
----------------- Instantiating /home/travis/build/icyphy/ptII/ptolemy/domains/continuous/test/auto/Satellite.xml
760 ms. Memory: 276992K Free: 209139K (76%)
----------------- Invoking toplevel() on ptolemy.moml.MoMLSimpleApplication@1f7ddbb7
----------------- Done invoking toplevel() on ptolemy.moml.MoMLSimpleApplication@1f7ddbb7
reloadAllAccessors: .Satellite

===========================================================================================
----------------- testing Mon Jul 02 01:30:29 UTC 2018 /home/travis/build/icyphy/ptII/ptolemy/domains/continuous/test/auto/SigmaDelta.xml
----------------- Instantiating /home/travis/build/icyphy/ptII/ptolemy/domains/continuous/test/auto/SigmaDelta.xml
2267 ms. Memory: 257024K Free: 184857K (72%)
----------------- Invoking toplevel() on ptolemy.moml.MoMLSimpleApplication@e427542
----------------- Done invoking toplevel() on ptolemy.moml.MoMLSimpleApplication@e427542
reloadAllAccessors: .SigmaDelta

===========================================================================================
----------------- testing Mon Jul 02 01:30:31 UTC 2018 /home/travis/build/icyphy/ptII/ptolemy/domains/continuous/test/auto/SinuBouncingBall.xml
----------------- Instantiating /home/travis/build/icyphy/ptII/ptolemy/domains/continuous/test/auto/SinuBouncingBall.xml
628 ms. Memory: 251392K Free: 127881K (51%)
----------------- Invoking toplevel() on ptolemy.moml.MoMLSimpleApplication@35c8293a
----------------- Done invoking toplevel() on ptolemy.moml.MoMLSimpleApplication@35c8293a
reloadAllAccessors: .SinuBouncingBall

===========================================================================================
----------------- testing Mon Jul 02 01:30:32 UTC 2018 /home/travis/build/icyphy/ptII/ptolemy/domains/continuous/test/auto/Sinusoid.xml
----------------- Instantiating /home/travis/build/icyphy/ptII/ptolemy/domains/continuous/test/auto/Sinusoid.xml
6 ms. Memory: 251392K Free: 121518K (48%)
----------------- Invoking toplevel() on ptolemy.moml.MoMLSimpleApplication@15844ce1
----------------- Done invoking toplevel() on ptolemy.moml.MoMLSimpleApplication@15844ce1
reloadAllAccessors: .Sinusoid

===========================================================================================
----------------- testing Mon Jul 02 01:30:32 UTC 2018 /home/travis/build/icyphy/ptII/ptolemy/domains/continuous/test/auto/SinusoidInNoise.xml
----------------- Instantiating /home/travis/build/icyphy/ptII/ptolemy/domains/continuous/test/auto/SinusoidInNoise.xml
895 ms. Memory: 244736K Free: 82209K (34%)
----------------- Invoking toplevel() on ptolemy.moml.MoMLSimpleApplication@45936a97
----------------- Done invoking toplevel() on ptolemy.moml.MoMLSimpleApplication@45936a97
reloadAllAccessors: .SinusoidInNoise

===========================================================================================
----------------- testing Mon Jul 02 01:30:33 UTC 2018 /home/travis/build/icyphy/ptII/ptolemy/domains/continuous/test/auto/SinusoidRK45.xml
----------------- Instantiating /home/travis/build/icyphy/ptII/ptolemy/domains/continuous/test/auto/SinusoidRK45.xml
3 ms. Memory: 244736K Free: 76350K (31%)
----------------- Invoking toplevel() on ptolemy.moml.MoMLSimpleApplication@32b5b482
----------------- Done invoking toplevel() on ptolemy.moml.MoMLSimpleApplication@32b5b482
reloadAllAccessors: .SinusoidRK45

===========================================================================================
----------------- testing Mon Jul 02 01:30:33 UTC 2018 /home/travis/build/icyphy/ptII/ptolemy/domains/continuous/test/auto/SinusoidWithMultipleImpulses.xml
----------------- Instantiating /home/travis/build/icyphy/ptII/ptolemy/domains/continuous/test/auto/SinusoidWithMultipleImpulses.xml
3 ms. Memory: 244736K Free: 71149K (29%)
----------------- Invoking toplevel() on ptolemy.moml.MoMLSimpleApplication@1a966efe
----------------- Done invoking toplevel() on ptolemy.moml.MoMLSimpleApplication@1a966efe
reloadAllAccessors: .SinusoidWithMultipleImpulses

===========================================================================================
----------------- testing Mon Jul 02 01:30:33 UTC 2018 /home/travis/build/icyphy/ptII/ptolemy/domains/continuous/test/auto/SquareWave.xml
----------------- Instantiating /home/travis/build/icyphy/ptII/ptolemy/domains/continuous/test/auto/SquareWave.xml
155 ms. Memory: 244736K Free: 43264K (18%)
----------------- Invoking toplevel() on ptolemy.moml.MoMLSimpleApplication@6ea54633
----------------- Done invoking toplevel() on ptolemy.moml.MoMLSimpleApplication@6ea54633
reloadAllAccessors: .SquareWave

===========================================================================================
----------------- testing Mon Jul 02 01:30:33 UTC 2018 /home/travis/build/icyphy/ptII/ptolemy/domains/continuous/test/auto/Starmac.xml
----------------- Instantiating /home/travis/build/icyphy/ptII/ptolemy/domains/continuous/test/auto/Starmac.xml
3044 ms. Memory: 272896K Free: 16253K (6%)
----------------- Invoking toplevel() on ptolemy.moml.MoMLSimpleApplication@3134f6a4
----------------- Done invoking toplevel() on ptolemy.moml.MoMLSimpleApplication@3134f6a4
reloadAllAccessors: .Starmac

===========================================================================================
----------------- testing Mon Jul 02 01:30:36 UTC 2018 /home/travis/build/icyphy/ptII/ptolemy/domains/continuous/test/auto/StaticUnits.xml
----------------- Instantiating /home/travis/build/icyphy/ptII/ptolemy/domains/continuous/test/auto/StaticUnits.xml
2141 ms. Memory: 359424K Free: 46140K (13%)
----------------- Invoking toplevel() on ptolemy.moml.MoMLSimpleApplication@61da103
----------------- Done invoking toplevel() on ptolemy.moml.MoMLSimpleApplication@61da103
reloadAllAccessors: .StaticUnits

===========================================================================================
----------------- testing Mon Jul 02 01:30:39 UTC 2018 /home/travis/build/icyphy/ptII/ptolemy/domains/continuous/test/auto/StickyMasses.xml
----------------- Instantiating /home/travis/build/icyphy/ptII/ptolemy/domains/continuous/test/auto/StickyMasses.xml
229 ms. Memory: 312832K Free: 280132K (90%)
----------------- Invoking toplevel() on ptolemy.moml.MoMLSimpleApplication@5758ceca
----------------- Done invoking toplevel() on ptolemy.moml.MoMLSimpleApplication@5758ceca
reloadAllAccessors: .StickyMasses

===========================================================================================
----------------- testing Mon Jul 02 01:30:39 UTC 2018 /home/travis/build/icyphy/ptII/ptolemy/domains/continuous/test/auto/StopTime.xml
----------------- Instantiating /home/travis/build/icyphy/ptII/ptolemy/domains/continuous/test/auto/StopTime.xml
48 ms. Memory: 312832K Free: 251911K (81%)
----------------- Invoking toplevel() on ptolemy.moml.MoMLSimpleApplication@3996ffb5
----------------- Done invoking toplevel() on ptolemy.moml.MoMLSimpleApplication@3996ffb5
reloadAllAccessors: .StopTime

===========================================================================================
----------------- testing Mon Jul 02 01:30:39 UTC 2018 /home/travis/build/icyphy/ptII/ptolemy/domains/continuous/test/auto/StopTime2.xml
----------------- Instantiating /home/travis/build/icyphy/ptII/ptolemy/domains/continuous/test/auto/StopTime2.xml
56 ms. Memory: 312832K Free: 226583K (72%)
----------------- Invoking toplevel() on ptolemy.moml.MoMLSimpleApplication@2b4098ca
----------------- Done invoking toplevel() on ptolemy.moml.MoMLSimpleApplication@2b4098ca
reloadAllAccessors: .StopTime2

===========================================================================================
----------------- testing Mon Jul 02 01:30:39 UTC 2018 /home/travis/build/icyphy/ptII/ptolemy/domains/continuous/test/auto/Switch.xml
----------------- Instantiating /home/travis/build/icyphy/ptII/ptolemy/domains/continuous/test/auto/Switch.xml
54 ms. Memory: 312832K Free: 197787K (63%)
----------------- Invoking toplevel() on ptolemy.moml.MoMLSimpleApplication@42b5377e
----------------- Done invoking toplevel() on ptolemy.moml.MoMLSimpleApplication@42b5377e
reloadAllAccessors: .Switch

===========================================================================================
----------------- testing Mon Jul 02 01:30:39 UTC 2018 /home/travis/build/icyphy/ptII/ptolemy/domains/continuous/test/auto/Thermostat.xml
----------------- Instantiating /home/travis/build/icyphy/ptII/ptolemy/domains/continuous/test/auto/Thermostat.xml
229 ms. Memory: 312832K Free: 121724K (39%)
----------------- Invoking toplevel() on ptolemy.moml.MoMLSimpleApplication@4a83e6a5
----------------- Done invoking toplevel() on ptolemy.moml.MoMLSimpleApplication@4a83e6a5
reloadAllAccessors: .Thermostat

===========================================================================================
----------------- testing Mon Jul 02 01:30:40 UTC 2018 /home/travis/build/icyphy/ptII/ptolemy/domains/continuous/test/auto/TimeDelay.xml
----------------- Instantiating /home/travis/build/icyphy/ptII/ptolemy/domains/continuous/test/auto/TimeDelay.xml
9 ms. Memory: 312832K Free: 115611K (37%)
----------------- Invoking toplevel() on ptolemy.moml.MoMLSimpleApplication@384aac8d
----------------- Done invoking toplevel() on ptolemy.moml.MoMLSimpleApplication@384aac8d
reloadAllAccessors: .TimeDelay

===========================================================================================
----------------- testing Mon Jul 02 01:30:40 UTC 2018 /home/travis/build/icyphy/ptII/ptolemy/domains/continuous/test/auto/TimeDelay2.xml
----------------- Instantiating /home/travis/build/icyphy/ptII/ptolemy/domains/continuous/test/auto/TimeDelay2.xml
6 ms. Memory: 312832K Free: 102545K (33%)
----------------- Invoking toplevel() on ptolemy.moml.MoMLSimpleApplication@72d29baa
----------------- Done invoking toplevel() on ptolemy.moml.MoMLSimpleApplication@72d29baa
reloadAllAccessors: .TimeDelay2

===========================================================================================
----------------- testing Mon Jul 02 01:30:40 UTC 2018 /home/travis/build/icyphy/ptII/ptolemy/domains/continuous/test/auto/TimeDelay3.xml
----------------- Instantiating /home/travis/build/icyphy/ptII/ptolemy/domains/continuous/test/auto/TimeDelay3.xml
2 ms. Memory: 312832K Free: 96430K (31%)
----------------- Invoking toplevel() on ptolemy.moml.MoMLSimpleApplication@593133da
----------------- Done invoking toplevel() on ptolemy.moml.MoMLSimpleApplication@593133da
reloadAllAccessors: .TimeDelay3

===========================================================================================
----------------- testing Mon Jul 02 01:30:40 UTC 2018 /home/travis/build/icyphy/ptII/ptolemy/domains/continuous/test/auto/TransferAbsentToInside.xml
----------------- Instantiating /home/travis/build/icyphy/ptII/ptolemy/domains/continuous/test/auto/TransferAbsentToInside.xml
35 ms. Memory: 301568K Free: 287800K (95%)
----------------- Invoking toplevel() on ptolemy.moml.MoMLSimpleApplication@6d9c4a33
----------------- Done invoking toplevel() on ptolemy.moml.MoMLSimpleApplication@6d9c4a33
reloadAllAccessors: .TransferAbsentToInside

===========================================================================================
----------------- testing Mon Jul 02 01:30:40 UTC 2018 /home/travis/build/icyphy/ptII/ptolemy/domains/continuous/test/auto/Transmission.xml
----------------- Instantiating /home/travis/build/icyphy/ptII/ptolemy/domains/continuous/test/auto/Transmission.xml
905 ms. Memory: 301568K Free: 47872K (16%)
----------------- Invoking toplevel() on ptolemy.moml.MoMLSimpleApplication@32d0bc13
----------------- Done invoking toplevel() on ptolemy.moml.MoMLSimpleApplication@32d0bc13
reloadAllAccessors: .Transmission

===========================================================================================
----------------- testing Mon Jul 02 01:30:41 UTC 2018 /home/travis/build/icyphy/ptII/ptolemy/domains/continuous/test/auto/TriggeredContinuousClock.xml
----------------- Instantiating /home/travis/build/icyphy/ptII/ptolemy/domains/continuous/test/auto/TriggeredContinuousClock.xml
39 ms. Memory: 290816K Free: 252933K (87%)
----------------- Invoking toplevel() on ptolemy.moml.MoMLSimpleApplication@5a8800a4
----------------- Done invoking toplevel() on ptolemy.moml.MoMLSimpleApplication@5a8800a4
reloadAllAccessors: .TriggeredContinuousClock

===========================================================================================
----------------- testing Mon Jul 02 01:30:41 UTC 2018 /home/travis/build/icyphy/ptII/ptolemy/domains/continuous/test/auto/TwoMachineInfiniteBusControl.xml
----------------- Instantiating /home/travis/build/icyphy/ptII/ptolemy/domains/continuous/test/auto/TwoMachineInfiniteBusControl.xml
2252 ms. Memory: 270336K Free: 127006K (47%)
----------------- Invoking toplevel() on ptolemy.moml.MoMLSimpleApplication@70fe4760
----------------- Done invoking toplevel() on ptolemy.moml.MoMLSimpleApplication@70fe4760
reloadAllAccessors: .TwoMachineInfiniteBusControl

===========================================================================================
----------------- testing Mon Jul 02 01:30:43 UTC 2018 /home/travis/build/icyphy/ptII/ptolemy/domains/continuous/test/auto/V2V.xml
----------------- Instantiating /home/travis/build/icyphy/ptII/ptolemy/domains/continuous/test/auto/V2V.xml
598 ms. Memory: 266240K Free: 140867K (53%)
----------------- Invoking toplevel() on ptolemy.moml.MoMLSimpleApplication@3631ace5
----------------- Done invoking toplevel() on ptolemy.moml.MoMLSimpleApplication@3631ace5
reloadAllAccessors: .V2V

===========================================================================================
----------------- testing Mon Jul 02 01:30:44 UTC 2018 /home/travis/build/icyphy/ptII/ptolemy/domains/continuous/test/auto/hierarchicalModalModel.xml
----------------- Instantiating /home/travis/build/icyphy/ptII/ptolemy/domains/continuous/test/auto/hierarchicalModalModel.xml
11 ms. Memory: 266240K Free: 122086K (46%)
----------------- Invoking toplevel() on ptolemy.moml.MoMLSimpleApplication@5235861b
----------------- Done invoking toplevel() on ptolemy.moml.MoMLSimpleApplication@5235861b
reloadAllAccessors: .hierarchicalModalModel

===========================================================================================
----------------- testing Mon Jul 02 01:30:44 UTC 2018 /home/travis/build/icyphy/ptII/ptolemy/domains/continuous/test/auto/hierarchicalModalModel1.xml
----------------- Instantiating /home/travis/build/icyphy/ptII/ptolemy/domains/continuous/test/auto/hierarchicalModalModel1.xml
12 ms. Memory: 266240K Free: 104314K (39%)
----------------- Invoking toplevel() on ptolemy.moml.MoMLSimpleApplication@744bbba6
----------------- Done invoking toplevel() on ptolemy.moml.MoMLSimpleApplication@744bbba6
reloadAllAccessors: .hierarchicalModalModel1

===========================================================================================
----------------- testing Mon Jul 02 01:30:44 UTC 2018 /home/travis/build/icyphy/ptII/ptolemy/domains/continuous/test/auto/hierarchicalModalModel2.xml
----------------- Instantiating /home/travis/build/icyphy/ptII/ptolemy/domains/continuous/test/auto/hierarchicalModalModel2.xml
6 ms. Memory: 266240K Free: 89407K (34%)
----------------- Invoking toplevel() on ptolemy.moml.MoMLSimpleApplication@a5a2720
----------------- Done invoking toplevel() on ptolemy.moml.MoMLSimpleApplication@a5a2720
reloadAllAccessors: .hierarchicalModalModel2

===========================================================================================
----------------- testing Mon Jul 02 01:30:44 UTC 2018 /home/travis/build/icyphy/ptII/ptolemy/domains/continuous/test/auto/hierarchicalModalModel3.xml
----------------- Instantiating /home/travis/build/icyphy/ptII/ptolemy/domains/continuous/test/auto/hierarchicalModalModel3.xml
6 ms. Memory: 266240K Free: 75905K (29%)
----------------- Invoking toplevel() on ptolemy.moml.MoMLSimpleApplication@3c4a69b0
----------------- Done invoking toplevel() on ptolemy.moml.MoMLSimpleApplication@3c4a69b0
reloadAllAccessors: .hierarchicalModalModel3

===========================================================================================
----------------- testing Mon Jul 02 01:30:44 UTC 2018 /home/travis/build/icyphy/ptII/ptolemy/domains/continuous/test/auto/hierarchicalModalModel4.xml
----------------- Instantiating /home/travis/build/icyphy/ptII/ptolemy/domains/continuous/test/auto/hierarchicalModalModel4.xml
5 ms. Memory: 266240K Free: 60962K (23%)
----------------- Invoking toplevel() on ptolemy.moml.MoMLSimpleApplication@2f2d6929
----------------- Done invoking toplevel() on ptolemy.moml.MoMLSimpleApplication@2f2d6929
reloadAllAccessors: .hierarchicalModalModel4

===========================================================================================
----------------- testing Mon Jul 02 01:30:44 UTC 2018 /home/travis/build/icyphy/ptII/ptolemy/domains/continuous/test/auto/junk.xml
----------------- Instantiating /home/travis/build/icyphy/ptII/ptolemy/domains/continuous/test/auto/junk.xml
126 ms. Memory: 252928K Free: 225238K (89%)
----------------- Invoking toplevel() on ptolemy.moml.MoMLSimpleApplication@4f28f3e8
----------------- Done invoking toplevel() on ptolemy.moml.MoMLSimpleApplication@4f28f3e8
reloadAllAccessors: .junk
AutoTests.java: About to close Vertx.
AutoTests.java: Vertx closed.
]]></system-out>
  <system-err><![CDATA[Warning: '.HysteresisWithRandomDelay.NonStrictTest' The test produced only 221 tokens, yet the correctValues parameter was expecting 222 tokens.
Warning: '.HysteresisWithRandomDelay.NonStrictTest2' The test produced only 220 tokens, yet the correctValues parameter was expecting 221 tokens.
Warning: '.IncreasingRatePoisson.NonStrictTest' The test produced only 398 tokens, yet the correctValues parameter was expecting 402 tokens.
Warning: '.Poisson.NonStrictTest' The test produced only 392 tokens, yet the correctValues parameter was expecting 430 tokens.
]]></system-err>
</testsuite>
