<?xml version="1.0" encoding="UTF-8" ?>
<testsuite errors="0" failures="0" hostname="travis-job-dc299209-77ba-4119-884d-f5d9d2ac60e4" name="ptolemy.domains.continuous.test.junit.JUnitTclTest" skipped="0" tests="156" time="83.28" timestamp="2019-09-17T05:39:55">
  <properties>
[...]
</properties>
  <testcase classname="ptolemy.util.test.junit.TclTests" name="[0] ThereAreNoTclTests (RunTclFile)" time="0.01" />
  <testcase classname="ptolemy.util.test.junit.AutoKnownFailedTests" name="[0] ThereAreNoKnowFailedTests (RunModel)" time="0.002" />
  <testcase classname="ptolemy.util.test.junit.AutoNameArchTests" name="[0] ThereAreNoAutoArchTests (RunModel)" time="0.01" />
  <testcase classname="ptolemy.util.test.junit.AutoTests" name="[0] /home/travis/build/icyphy/ptII/ptolemy/domains/continuous/test/auto/BouncingBall.xml (RunModel)" time="3.298" />
  <testcase classname="ptolemy.util.test.junit.AutoTests" name="[1] /home/travis/build/icyphy/ptII/ptolemy/domains/continuous/test/auto/BouncingBallWithoutGR.xml (RunModel)" time="1.142" />
  <testcase classname="ptolemy.util.test.junit.AutoTests" name="[2] /home/travis/build/icyphy/ptII/ptolemy/domains/continuous/test/auto/Brownian.xml (RunModel)" time="0.14" />
  <testcase classname="ptolemy.util.test.junit.AutoTests" name="[3] /home/travis/build/icyphy/ptII/ptolemy/domains/continuous/test/auto/CarTracking.xml (RunModel)" time="4.536" />
  <testcase classname="ptolemy.util.test.junit.AutoTests" name="[4] /home/travis/build/icyphy/ptII/ptolemy/domains/continuous/test/auto/CartPendulum.xml (RunModel)" time="0.486" />
  <testcase classname="ptolemy.util.test.junit.AutoTests" name="[5] /home/travis/build/icyphy/ptII/ptolemy/domains/continuous/test/auto/CausalityInterface10.xml (RunModel)" time="0.045" />
  <testcase classname="ptolemy.util.test.junit.AutoTests" name="[6] /home/travis/build/icyphy/ptII/ptolemy/domains/continuous/test/auto/CausalityInterface11.xml (RunModel)" time="0.031" />
  <testcase classname="ptolemy.util.test.junit.AutoTests" name="[7] /home/travis/build/icyphy/ptII/ptolemy/domains/continuous/test/auto/CausalityInterface12.xml (RunModel)" time="0.028" />
  <testcase classname="ptolemy.util.test.junit.AutoTests" name="[8] /home/travis/build/icyphy/ptII/ptolemy/domains/continuous/test/auto/CausalityInterface13.xml (RunModel)" time="0.046" />
  <testcase classname="ptolemy.util.test.junit.AutoTests" name="[9] /home/travis/build/icyphy/ptII/ptolemy/domains/continuous/test/auto/CausalityInterface14.xml (RunModel)" time="0.052" />
  <testcase classname="ptolemy.util.test.junit.AutoTests" name="[10] /home/travis/build/icyphy/ptII/ptolemy/domains/continuous/test/auto/CausalityInterface4.xml (RunModel)" time="0.033" />
  <testcase classname="ptolemy.util.test.junit.AutoTests" name="[11] /home/travis/build/icyphy/ptII/ptolemy/domains/continuous/test/auto/CausalityInterface5.xml (RunModel)" time="0.041" />
  <testcase classname="ptolemy.util.test.junit.AutoTests" name="[12] /home/travis/build/icyphy/ptII/ptolemy/domains/continuous/test/auto/CausalityInterface6.xml (RunModel)" time="0.027" />
  <testcase classname="ptolemy.util.test.junit.AutoTests" name="[13] /home/travis/build/icyphy/ptII/ptolemy/domains/continuous/test/auto/CausalityInterface7.xml (RunModel)" time="0.053" />
  <testcase classname="ptolemy.util.test.junit.AutoTests" name="[14] /home/travis/build/icyphy/ptII/ptolemy/domains/continuous/test/auto/CausalityInterface8.xml (RunModel)" time="0.053" />
  <testcase classname="ptolemy.util.test.junit.AutoTests" name="[15] /home/travis/build/icyphy/ptII/ptolemy/domains/continuous/test/auto/CausalityInterface9.xml (RunModel)" time="0.066" />
  <testcase classname="ptolemy.util.test.junit.AutoTests" name="[16] /home/travis/build/icyphy/ptII/ptolemy/domains/continuous/test/auto/CausalityInterfaceFeedback1.xml (RunModel)" time="0.032" />
  <testcase classname="ptolemy.util.test.junit.AutoTests" name="[17] /home/travis/build/icyphy/ptII/ptolemy/domains/continuous/test/auto/CausalityInterfaceFeedback2.xml (RunModel)" time="0.028" />
  <testcase classname="ptolemy.util.test.junit.AutoTests" name="[18] /home/travis/build/icyphy/ptII/ptolemy/domains/continuous/test/auto/CompareWithCurrentTime.xml (RunModel)" time="0.018" />
  <testcase classname="ptolemy.util.test.junit.AutoTests" name="[19] /home/travis/build/icyphy/ptII/ptolemy/domains/continuous/test/auto/ComparedClocks.xml (RunModel)" time="0.062" />
  <testcase classname="ptolemy.util.test.junit.AutoTests" name="[20] /home/travis/build/icyphy/ptII/ptolemy/domains/continuous/test/auto/ContinuousAOCClone.xml (RunModel)" time="2.992" />
  <testcase classname="ptolemy.util.test.junit.AutoTests" name="[21] /home/travis/build/icyphy/ptII/ptolemy/domains/continuous/test/auto/ContinuousClock.xml (RunModel)" time="0.084" />
  <testcase classname="ptolemy.util.test.junit.AutoTests" name="[22] /home/travis/build/icyphy/ptII/ptolemy/domains/continuous/test/auto/ContinuousInContinuous.xml (RunModel)" time="0.087" />
  <testcase classname="ptolemy.util.test.junit.AutoTests" name="[23] /home/travis/build/icyphy/ptII/ptolemy/domains/continuous/test/auto/ContinuousInContinuousInContinuous.xml (RunModel)" time="0.026" />
  <testcase classname="ptolemy.util.test.junit.AutoTests" name="[24] /home/travis/build/icyphy/ptII/ptolemy/domains/continuous/test/auto/ContinuousInDE.xml (RunModel)" time="0.111" />
  <testcase classname="ptolemy.util.test.junit.AutoTests" name="[25] /home/travis/build/icyphy/ptII/ptolemy/domains/continuous/test/auto/ContinuousInDE2.xml (RunModel)" time="0.063" />
  <testcase classname="ptolemy.util.test.junit.AutoTests" name="[26] /home/travis/build/icyphy/ptII/ptolemy/domains/continuous/test/auto/ContinuousInDE3.xml (RunModel)" time="0.06" />
  <testcase classname="ptolemy.util.test.junit.AutoTests" name="[27] /home/travis/build/icyphy/ptII/ptolemy/domains/continuous/test/auto/ContinuousInDE4.xml (RunModel)" time="0.034" />
  <testcase classname="ptolemy.util.test.junit.AutoTests" name="[28] /home/travis/build/icyphy/ptII/ptolemy/domains/continuous/test/auto/ContinuousInDEDifferentRefinements.xml (RunModel)" time="0.124" />
  <testcase classname="ptolemy.util.test.junit.AutoTests" name="[29] /home/travis/build/icyphy/ptII/ptolemy/domains/continuous/test/auto/ContinuousInDEDifferentRefinementsPreemptive.xml (RunModel)" time="0.112" />
  <testcase classname="ptolemy.util.test.junit.AutoTests" name="[30] /home/travis/build/icyphy/ptII/ptolemy/domains/continuous/test/auto/ContinuousInDEInContinuous2.xml (RunModel)" time="0.064" />
  <testcase classname="ptolemy.util.test.junit.AutoTests" name="[31] /home/travis/build/icyphy/ptII/ptolemy/domains/continuous/test/auto/ContinuousInDEInContinuous3.xml (RunModel)" time="0.087" />
  <testcase classname="ptolemy.util.test.junit.AutoTests" name="[32] /home/travis/build/icyphy/ptII/ptolemy/domains/continuous/test/auto/ContinuousInDEInput.xml (RunModel)" time="0.046" />
  <testcase classname="ptolemy.util.test.junit.AutoTests" name="[33] /home/travis/build/icyphy/ptII/ptolemy/domains/continuous/test/auto/ContinuousInDEInput2.xml (RunModel)" time="0.046" />
  <testcase classname="ptolemy.util.test.junit.AutoTests" name="[34] /home/travis/build/icyphy/ptII/ptolemy/domains/continuous/test/auto/ContinuousInDEInput3.xml (RunModel)" time="0.038" />
  <testcase classname="ptolemy.util.test.junit.AutoTests" name="[35] /home/travis/build/icyphy/ptII/ptolemy/domains/continuous/test/auto/ContinuousInDESharingRefinement.xml (RunModel)" time="0.213" />
  <testcase classname="ptolemy.util.test.junit.AutoTests" name="[36] /home/travis/build/icyphy/ptII/ptolemy/domains/continuous/test/auto/ContinuousInDEwithNoPorts.xml (RunModel)" time="0.016" />
  <testcase classname="ptolemy.util.test.junit.AutoTests" name="[37] /home/travis/build/icyphy/ptII/ptolemy/domains/continuous/test/auto/ContinuousInsideDE.xml (RunModel)" time="0.109" />
  <testcase classname="ptolemy.util.test.junit.AutoTests" name="[38] /home/travis/build/icyphy/ptII/ptolemy/domains/continuous/test/auto/ContinuousMerge1.xml (RunModel)" time="0.026" />
  <testcase classname="ptolemy.util.test.junit.AutoTests" name="[39] /home/travis/build/icyphy/ptII/ptolemy/domains/continuous/test/auto/ContinuousMerge2.xml (RunModel)" time="0.06" />
  <testcase classname="ptolemy.util.test.junit.AutoTests" name="[40] /home/travis/build/icyphy/ptII/ptolemy/domains/continuous/test/auto/ContinuousMerge3.xml (RunModel)" time="0.102" />
  <testcase classname="ptolemy.util.test.junit.AutoTests" name="[41] /home/travis/build/icyphy/ptII/ptolemy/domains/continuous/test/auto/ContinuousWithinContinuous.xml (RunModel)" time="0.066" />
  <testcase classname="ptolemy.util.test.junit.AutoTests" name="[42] /home/travis/build/icyphy/ptII/ptolemy/domains/continuous/test/auto/ContinuousWithinContinuous2.xml (RunModel)" time="0.101" />
  <testcase classname="ptolemy.util.test.junit.AutoTests" name="[43] /home/travis/build/icyphy/ptII/ptolemy/domains/continuous/test/auto/ContinuousWithinContinuous3.xml (RunModel)" time="0.038" />
  <testcase classname="ptolemy.util.test.junit.AutoTests" name="[44] /home/travis/build/icyphy/ptII/ptolemy/domains/continuous/test/auto/ContinuousWithinContinuous4.xml (RunModel)" time="0.117" />
  <testcase classname="ptolemy.util.test.junit.AutoTests" name="[45] /home/travis/build/icyphy/ptII/ptolemy/domains/continuous/test/auto/ContinuousWithinContinuous5.xml (RunModel)" time="0.036" />
  <testcase classname="ptolemy.util.test.junit.AutoTests" name="[46] /home/travis/build/icyphy/ptII/ptolemy/domains/continuous/test/auto/ContinuousWithinContinuous6.xml (RunModel)" time="0.036" />
  <testcase classname="ptolemy.util.test.junit.AutoTests" name="[47] /home/travis/build/icyphy/ptII/ptolemy/domains/continuous/test/auto/ContinuousWithinContinuous7.xml (RunModel)" time="0.083" />
  <testcase classname="ptolemy.util.test.junit.AutoTests" name="[48] /home/travis/build/icyphy/ptII/ptolemy/domains/continuous/test/auto/DCMotor.xml (RunModel)" time="16.46" />
  <testcase classname="ptolemy.util.test.junit.AutoTests" name="[49] /home/travis/build/icyphy/ptII/ptolemy/domains/continuous/test/auto/DEInContinuous.xml (RunModel)" time="0.051" />
  <testcase classname="ptolemy.util.test.junit.AutoTests" name="[50] /home/travis/build/icyphy/ptII/ptolemy/domains/continuous/test/auto/DEinContinuous2.xml (RunModel)" time="0.037" />
  <testcase classname="ptolemy.util.test.junit.AutoTests" name="[51] /home/travis/build/icyphy/ptII/ptolemy/domains/continuous/test/auto/Derivative.xml (RunModel)" time="0.22" />
  <testcase classname="ptolemy.util.test.junit.AutoTests" name="[52] /home/travis/build/icyphy/ptII/ptolemy/domains/continuous/test/auto/Derivative1.xml (RunModel)" time="0.068" />
  <testcase classname="ptolemy.util.test.junit.AutoTests" name="[53] /home/travis/build/icyphy/ptII/ptolemy/domains/continuous/test/auto/DiscreteClock.xml (RunModel)" time="0.019" />
  <testcase classname="ptolemy.util.test.junit.AutoTests" name="[54] /home/travis/build/icyphy/ptII/ptolemy/domains/continuous/test/auto/EfficiencyCurve.xml (RunModel)" time="0.126" />
  <testcase classname="ptolemy.util.test.junit.AutoTests" name="[55] /home/travis/build/icyphy/ptII/ptolemy/domains/continuous/test/auto/ExponentialResponse.xml (RunModel)" time="0.143" />
  <testcase classname="ptolemy.util.test.junit.AutoTests" name="[56] /home/travis/build/icyphy/ptII/ptolemy/domains/continuous/test/auto/ExponentialResponseRK45.xml (RunModel)" time="0.038" />
  <testcase classname="ptolemy.util.test.junit.AutoTests" name="[57] /home/travis/build/icyphy/ptII/ptolemy/domains/continuous/test/auto/Friction.xml (RunModel)" time="1.745" />
  <testcase classname="ptolemy.util.test.junit.AutoTests" name="[58] /home/travis/build/icyphy/ptII/ptolemy/domains/continuous/test/auto/FurutaPendulum.xml (RunModel)" time="3.692" />
  <testcase classname="ptolemy.util.test.junit.AutoTests" name="[59] /home/travis/build/icyphy/ptII/ptolemy/domains/continuous/test/auto/HierarchicalExecution.xml (RunModel)" time="2.371" />
  <testcase classname="ptolemy.util.test.junit.AutoTests" name="[60] /home/travis/build/icyphy/ptII/ptolemy/domains/continuous/test/auto/HybridPlant.xml (RunModel)" time="0.605" />
  <testcase classname="ptolemy.util.test.junit.AutoTests" name="[61] /home/travis/build/icyphy/ptII/ptolemy/domains/continuous/test/auto/Hysteresis.xml (RunModel)" time="0.198" />
  <testcase classname="ptolemy.util.test.junit.AutoTests" name="[62] /home/travis/build/icyphy/ptII/ptolemy/domains/continuous/test/auto/HysteresisWithRandomDelay.xml (RunModel)" time="0.247" />
  <testcase classname="ptolemy.util.test.junit.AutoTests" name="[63] /home/travis/build/icyphy/ptII/ptolemy/domains/continuous/test/auto/HysteresisWithRandomLosses.xml (RunModel)" time="2.58" />
  <testcase classname="ptolemy.util.test.junit.AutoTests" name="[64] /home/travis/build/icyphy/ptII/ptolemy/domains/continuous/test/auto/ImmediateTransitions.xml (RunModel)" time="0.031" />
  <testcase classname="ptolemy.util.test.junit.AutoTests" name="[65] /home/travis/build/icyphy/ptII/ptolemy/domains/continuous/test/auto/ImpulseFeedback.xml (RunModel)" time="0.024" />
  <testcase classname="ptolemy.util.test.junit.AutoTests" name="[66] /home/travis/build/icyphy/ptII/ptolemy/domains/continuous/test/auto/ImpulseFeedback2.xml (RunModel)" time="0.019" />
  <testcase classname="ptolemy.util.test.junit.AutoTests" name="[67] /home/travis/build/icyphy/ptII/ptolemy/domains/continuous/test/auto/IncreasingRatePoisson.xml (RunModel)" time="0.821" />
  <testcase classname="ptolemy.util.test.junit.AutoTests" name="[68] /home/travis/build/icyphy/ptII/ptolemy/domains/continuous/test/auto/InitialStateFeedback.xml (RunModel)" time="0.029" />
  <testcase classname="ptolemy.util.test.junit.AutoTests" name="[69] /home/travis/build/icyphy/ptII/ptolemy/domains/continuous/test/auto/Integration.xml (RunModel)" time="0.012" />
  <testcase classname="ptolemy.util.test.junit.AutoTests" name="[70] /home/travis/build/icyphy/ptII/ptolemy/domains/continuous/test/auto/Integration2.xml (RunModel)" time="0.099" />
  <testcase classname="ptolemy.util.test.junit.AutoTests" name="[71] /home/travis/build/icyphy/ptII/ptolemy/domains/continuous/test/auto/Integration3.xml (RunModel)" time="0.031" />
  <testcase classname="ptolemy.util.test.junit.AutoTests" name="[72] /home/travis/build/icyphy/ptII/ptolemy/domains/continuous/test/auto/Integration5.xml (RunModel)" time="0.011" />
  <testcase classname="ptolemy.util.test.junit.AutoTests" name="[73] /home/travis/build/icyphy/ptII/ptolemy/domains/continuous/test/auto/IntegratorImpulse.xml (RunModel)" time="0.01" />
  <testcase classname="ptolemy.util.test.junit.AutoTests" name="[74] /home/travis/build/icyphy/ptII/ptolemy/domains/continuous/test/auto/IntegratorImpulse2.xml (RunModel)" time="0.012" />
  <testcase classname="ptolemy.util.test.junit.AutoTests" name="[75] /home/travis/build/icyphy/ptII/ptolemy/domains/continuous/test/auto/LevelCrossing1.xml (RunModel)" time="0.012" />
  <testcase classname="ptolemy.util.test.junit.AutoTests" name="[76] /home/travis/build/icyphy/ptII/ptolemy/domains/continuous/test/auto/LevelCrossing2.xml (RunModel)" time="0.013" />
  <testcase classname="ptolemy.util.test.junit.AutoTests" name="[77] /home/travis/build/icyphy/ptII/ptolemy/domains/continuous/test/auto/LevelCrossing3.xml (RunModel)" time="0.017" />
  <testcase classname="ptolemy.util.test.junit.AutoTests" name="[78] /home/travis/build/icyphy/ptII/ptolemy/domains/continuous/test/auto/LevelCrossing4.xml (RunModel)" time="0.015" />
  <testcase classname="ptolemy.util.test.junit.AutoTests" name="[79] /home/travis/build/icyphy/ptII/ptolemy/domains/continuous/test/auto/LevelCrossing5.xml (RunModel)" time="0.018" />
  <testcase classname="ptolemy.util.test.junit.AutoTests" name="[80] /home/travis/build/icyphy/ptII/ptolemy/domains/continuous/test/auto/LevelCrossing6.xml (RunModel)" time="0.015" />
  <testcase classname="ptolemy.util.test.junit.AutoTests" name="[81] /home/travis/build/icyphy/ptII/ptolemy/domains/continuous/test/auto/LevelCrossingDetector.xml (RunModel)" time="0.05" />
  <testcase classname="ptolemy.util.test.junit.AutoTests" name="[82] /home/travis/build/icyphy/ptII/ptolemy/domains/continuous/test/auto/LevelCrossingDetectorDetectingDirections.xml (RunModel)" time="0.092" />
  <testcase classname="ptolemy.util.test.junit.AutoTests" name="[83] /home/travis/build/icyphy/ptII/ptolemy/domains/continuous/test/auto/LevelCrossingDetectorDetectsGlitches.xml (RunModel)" time="0.069" />
  <testcase classname="ptolemy.util.test.junit.AutoTests" name="[84] /home/travis/build/icyphy/ptII/ptolemy/domains/continuous/test/auto/LevelCrossingNoInitialOuput.xml (RunModel)" time="0.017" />
  <testcase classname="ptolemy.util.test.junit.AutoTests" name="[85] /home/travis/build/icyphy/ptII/ptolemy/domains/continuous/test/auto/LinearStateSpaceExample.xml (RunModel)" time="0.074" />
  <testcase classname="ptolemy.util.test.junit.AutoTests" name="[86] /home/travis/build/icyphy/ptII/ptolemy/domains/continuous/test/auto/Lorenz.xml (RunModel)" time="4.089" />
  <testcase classname="ptolemy.util.test.junit.AutoTests" name="[87] /home/travis/build/icyphy/ptII/ptolemy/domains/continuous/test/auto/LorenzDifferentialSystem.xml (RunModel)" time="1.043" />
  <testcase classname="ptolemy.util.test.junit.AutoTests" name="[88] /home/travis/build/icyphy/ptII/ptolemy/domains/continuous/test/auto/LorenzDifferentialSystemWithInput.xml (RunModel)" time="1.373" />
  <testcase classname="ptolemy.util.test.junit.AutoTests" name="[89] /home/travis/build/icyphy/ptII/ptolemy/domains/continuous/test/auto/LorenzDifferentialSystemWithTime.xml (RunModel)" time="0.892" />
  <testcase classname="ptolemy.util.test.junit.AutoTests" name="[90] /home/travis/build/icyphy/ptII/ptolemy/domains/continuous/test/auto/Microsteps.xml (RunModel)" time="0.02" />
  <testcase classname="ptolemy.util.test.junit.AutoTests" name="[91] /home/travis/build/icyphy/ptII/ptolemy/domains/continuous/test/auto/Modal1.xml (RunModel)" time="0.045" />
  <testcase classname="ptolemy.util.test.junit.AutoTests" name="[92] /home/travis/build/icyphy/ptII/ptolemy/domains/continuous/test/auto/Modal2.xml (RunModel)" time="0.086" />
  <testcase classname="ptolemy.util.test.junit.AutoTests" name="[93] /home/travis/build/icyphy/ptII/ptolemy/domains/continuous/test/auto/ModalTransitionGuardWithReset.xml (RunModel)" time="0.035" />
  <testcase classname="ptolemy.util.test.junit.AutoTests" name="[94] /home/travis/build/icyphy/ptII/ptolemy/domains/continuous/test/auto/ModalTransitionGuardWithResetUsingPreemptiveTransition.xml (RunModel)" time="0.025" />
  <testcase classname="ptolemy.util.test.junit.AutoTests" name="[95] /home/travis/build/icyphy/ptII/ptolemy/domains/continuous/test/auto/ModalTransitionGuardWithResetUsingPreemptiveTransition2.xml (RunModel)" time="0.035" />
  <testcase classname="ptolemy.util.test.junit.AutoTests" name="[96] /home/travis/build/icyphy/ptII/ptolemy/domains/continuous/test/auto/ModalTransitionGuardWithResetUsingPreemptiveTransition3.xml (RunModel)" time="0.036" />
  <testcase classname="ptolemy.util.test.junit.AutoTests" name="[97] /home/travis/build/icyphy/ptII/ptolemy/domains/continuous/test/auto/NewtonsCradle.xml (RunModel)" time="0.853" />
  <testcase classname="ptolemy.util.test.junit.AutoTests" name="[98] /home/travis/build/icyphy/ptII/ptolemy/domains/continuous/test/auto/NewtonsCradleAnimated.xml (RunModel)" time="1.551" />
  <testcase classname="ptolemy.util.test.junit.AutoTests" name="[99] /home/travis/build/icyphy/ptII/ptolemy/domains/continuous/test/auto/NewtonsCradleComplicated.xml (RunModel)" time="1.049" />
  <testcase classname="ptolemy.util.test.junit.AutoTests" name="[100] /home/travis/build/icyphy/ptII/ptolemy/domains/continuous/test/auto/NewtonsCradleNondeterministic.xml (RunModel)" time="0.756" />
  <testcase classname="ptolemy.util.test.junit.AutoTests" name="[101] /home/travis/build/icyphy/ptII/ptolemy/domains/continuous/test/auto/NewtonsCradlePerfectlyInelastic1.xml (RunModel)" time="1.433" />
  <testcase classname="ptolemy.util.test.junit.AutoTests" name="[102] /home/travis/build/icyphy/ptII/ptolemy/domains/continuous/test/auto/Noise.xml (RunModel)" time="0.213" />
  <testcase classname="ptolemy.util.test.junit.AutoTests" name="[103] /home/travis/build/icyphy/ptII/ptolemy/domains/continuous/test/auto/NoiseSpectrum.xml (RunModel)" time="0.781" />
  <testcase classname="ptolemy.util.test.junit.AutoTests" name="[104] /home/travis/build/icyphy/ptII/ptolemy/domains/continuous/test/auto/ParameterizedNewtonsCradleAnimated.xml (RunModel)" time="0.385" />
  <testcase classname="ptolemy.util.test.junit.AutoTests" name="[105] /home/travis/build/icyphy/ptII/ptolemy/domains/continuous/test/auto/ParameterizedNewtonsCradleAnimatedNondeterministic.xml (RunModel)" time="1.225" />
  <testcase classname="ptolemy.util.test.junit.AutoTests" name="[106] /home/travis/build/icyphy/ptII/ptolemy/domains/continuous/test/auto/Pendulum3D.xml (RunModel)" time="0.193" />
  <testcase classname="ptolemy.util.test.junit.AutoTests" name="[107] /home/travis/build/icyphy/ptII/ptolemy/domains/continuous/test/auto/PeriodicSampler.xml (RunModel)" time="0.015" />
  <testcase classname="ptolemy.util.test.junit.AutoTests" name="[108] /home/travis/build/icyphy/ptII/ptolemy/domains/continuous/test/auto/PeriodicSampler1.xml (RunModel)" time="0.046" />
  <testcase classname="ptolemy.util.test.junit.AutoTests" name="[109] /home/travis/build/icyphy/ptII/ptolemy/domains/continuous/test/auto/PeriodicSampler2.xml (RunModel)" time="0.085" />
  <testcase classname="ptolemy.util.test.junit.AutoTests" name="[110] /home/travis/build/icyphy/ptII/ptolemy/domains/continuous/test/auto/Poisson.xml (RunModel)" time="0.488" />
  <testcase classname="ptolemy.util.test.junit.AutoTests" name="[111] /home/travis/build/icyphy/ptII/ptolemy/domains/continuous/test/auto/PoissonClock.xml (RunModel)" time="0.011" />
  <testcase classname="ptolemy.util.test.junit.AutoTests" name="[112] /home/travis/build/icyphy/ptII/ptolemy/domains/continuous/test/auto/PoissonClock2.xml (RunModel)" time="0.012" />
  <testcase classname="ptolemy.util.test.junit.AutoTests" name="[113] /home/travis/build/icyphy/ptII/ptolemy/domains/continuous/test/auto/PortParameterHierarchy.xml (RunModel)" time="0.025" />
  <testcase classname="ptolemy.util.test.junit.AutoTests" name="[114] /home/travis/build/icyphy/ptII/ptolemy/domains/continuous/test/auto/RandomHybridPlant.xml (RunModel)" time="0.645" />
  <testcase classname="ptolemy.util.test.junit.AutoTests" name="[115] /home/travis/build/icyphy/ptII/ptolemy/domains/continuous/test/auto/ResetTransitionWithStartTime1.xml (RunModel)" time="0.042" />
  <testcase classname="ptolemy.util.test.junit.AutoTests" name="[116] /home/travis/build/icyphy/ptII/ptolemy/domains/continuous/test/auto/ResetTransitionWithStartTime2.xml (RunModel)" time="0.04" />
  <testcase classname="ptolemy.util.test.junit.AutoTests" name="[117] /home/travis/build/icyphy/ptII/ptolemy/domains/continuous/test/auto/ResetTransitionWithStartTime3.xml (RunModel)" time="0.042" />
  <testcase classname="ptolemy.util.test.junit.AutoTests" name="[118] /home/travis/build/icyphy/ptII/ptolemy/domains/continuous/test/auto/ResetTransitionWithStartTime4.xml (RunModel)" time="0.03" />
  <testcase classname="ptolemy.util.test.junit.AutoTests" name="[119] /home/travis/build/icyphy/ptII/ptolemy/domains/continuous/test/auto/ResetTransitionWithStartTime5.xml (RunModel)" time="0.036" />
  <testcase classname="ptolemy.util.test.junit.AutoTests" name="[120] /home/travis/build/icyphy/ptII/ptolemy/domains/continuous/test/auto/ResetTransitionWithStartTime6.xml (RunModel)" time="0.035" />
  <testcase classname="ptolemy.util.test.junit.AutoTests" name="[121] /home/travis/build/icyphy/ptII/ptolemy/domains/continuous/test/auto/SRinContinuous.xml (RunModel)" time="0.029" />
  <testcase classname="ptolemy.util.test.junit.AutoTests" name="[122] /home/travis/build/icyphy/ptII/ptolemy/domains/continuous/test/auto/SampledClocks.xml (RunModel)" time="0.037" />
  <testcase classname="ptolemy.util.test.junit.AutoTests" name="[123] /home/travis/build/icyphy/ptII/ptolemy/domains/continuous/test/auto/Satellite.xml (RunModel)" time="0.826" />
  <testcase classname="ptolemy.util.test.junit.AutoTests" name="[124] /home/travis/build/icyphy/ptII/ptolemy/domains/continuous/test/auto/SigmaDelta.xml (RunModel)" time="2.584" />
  <testcase classname="ptolemy.util.test.junit.AutoTests" name="[125] /home/travis/build/icyphy/ptII/ptolemy/domains/continuous/test/auto/SingleRefinement.xml (RunModel)" time="0.475" />
  <testcase classname="ptolemy.util.test.junit.AutoTests" name="[126] /home/travis/build/icyphy/ptII/ptolemy/domains/continuous/test/auto/SinuBouncingBall.xml (RunModel)" time="0.912" />
  <testcase classname="ptolemy.util.test.junit.AutoTests" name="[127] /home/travis/build/icyphy/ptII/ptolemy/domains/continuous/test/auto/Sinusoid.xml (RunModel)" time="0.026" />
  <testcase classname="ptolemy.util.test.junit.AutoTests" name="[128] /home/travis/build/icyphy/ptII/ptolemy/domains/continuous/test/auto/SinusoidInNoise.xml (RunModel)" time="1.05" />
  <testcase classname="ptolemy.util.test.junit.AutoTests" name="[129] /home/travis/build/icyphy/ptII/ptolemy/domains/continuous/test/auto/SinusoidRK45.xml (RunModel)" time="0.012" />
  <testcase classname="ptolemy.util.test.junit.AutoTests" name="[130] /home/travis/build/icyphy/ptII/ptolemy/domains/continuous/test/auto/SinusoidWithMultipleImpulses.xml (RunModel)" time="0.013" />
  <testcase classname="ptolemy.util.test.junit.AutoTests" name="[131] /home/travis/build/icyphy/ptII/ptolemy/domains/continuous/test/auto/SquareWave.xml (RunModel)" time="0.21" />
  <testcase classname="ptolemy.util.test.junit.AutoTests" name="[132] /home/travis/build/icyphy/ptII/ptolemy/domains/continuous/test/auto/Starmac.xml (RunModel)" time="3.432" />
  <testcase classname="ptolemy.util.test.junit.AutoTests" name="[133] /home/travis/build/icyphy/ptII/ptolemy/domains/continuous/test/auto/StaticUnits.xml (RunModel)" time="3.157" />
  <testcase classname="ptolemy.util.test.junit.AutoTests" name="[134] /home/travis/build/icyphy/ptII/ptolemy/domains/continuous/test/auto/StickyMasses.xml (RunModel)" time="0.212" />
  <testcase classname="ptolemy.util.test.junit.AutoTests" name="[135] /home/travis/build/icyphy/ptII/ptolemy/domains/continuous/test/auto/StopTime.xml (RunModel)" time="0.07" />
  <testcase classname="ptolemy.util.test.junit.AutoTests" name="[136] /home/travis/build/icyphy/ptII/ptolemy/domains/continuous/test/auto/StopTime2.xml (RunModel)" time="0.068" />
  <testcase classname="ptolemy.util.test.junit.AutoTests" name="[137] /home/travis/build/icyphy/ptII/ptolemy/domains/continuous/test/auto/Switch.xml (RunModel)" time="0.068" />
  <testcase classname="ptolemy.util.test.junit.AutoTests" name="[138] /home/travis/build/icyphy/ptII/ptolemy/domains/continuous/test/auto/Thermostat.xml (RunModel)" time="0.241" />
  <testcase classname="ptolemy.util.test.junit.AutoTests" name="[139] /home/travis/build/icyphy/ptII/ptolemy/domains/continuous/test/auto/TimeDelay.xml (RunModel)" time="0.017" />
  <testcase classname="ptolemy.util.test.junit.AutoTests" name="[140] /home/travis/build/icyphy/ptII/ptolemy/domains/continuous/test/auto/TimeDelay2.xml (RunModel)" time="0.029" />
  <testcase classname="ptolemy.util.test.junit.AutoTests" name="[141] /home/travis/build/icyphy/ptII/ptolemy/domains/continuous/test/auto/TimeDelay3.xml (RunModel)" time="0.02" />
  <testcase classname="ptolemy.util.test.junit.AutoTests" name="[142] /home/travis/build/icyphy/ptII/ptolemy/domains/continuous/test/auto/TransferAbsentToInside.xml (RunModel)" time="0.143" />
  <testcase classname="ptolemy.util.test.junit.AutoTests" name="[143] /home/travis/build/icyphy/ptII/ptolemy/domains/continuous/test/auto/Transmission.xml (RunModel)" time="0.954" />
  <testcase classname="ptolemy.util.test.junit.AutoTests" name="[144] /home/travis/build/icyphy/ptII/ptolemy/domains/continuous/test/auto/TriggeredContinuousClock.xml (RunModel)" time="0.091" />
  <testcase classname="ptolemy.util.test.junit.AutoTests" name="[145] /home/travis/build/icyphy/ptII/ptolemy/domains/continuous/test/auto/TwoMachineInfiniteBusControl.xml (RunModel)" time="3.399" />
  <testcase classname="ptolemy.util.test.junit.AutoTests" name="[146] /home/travis/build/icyphy/ptII/ptolemy/domains/continuous/test/auto/V2V.xml (RunModel)" time="0.906" />
  <testcase classname="ptolemy.util.test.junit.AutoTests" name="[147] /home/travis/build/icyphy/ptII/ptolemy/domains/continuous/test/auto/hierarchicalModalModel.xml (RunModel)" time="0.032" />
  <testcase classname="ptolemy.util.test.junit.AutoTests" name="[148] /home/travis/build/icyphy/ptII/ptolemy/domains/continuous/test/auto/hierarchicalModalModel1.xml (RunModel)" time="0.043" />
  <testcase classname="ptolemy.util.test.junit.AutoTests" name="[149] /home/travis/build/icyphy/ptII/ptolemy/domains/continuous/test/auto/hierarchicalModalModel2.xml (RunModel)" time="0.029" />
  <testcase classname="ptolemy.util.test.junit.AutoTests" name="[150] /home/travis/build/icyphy/ptII/ptolemy/domains/continuous/test/auto/hierarchicalModalModel3.xml (RunModel)" time="0.026" />
  <testcase classname="ptolemy.util.test.junit.AutoTests" name="[151] /home/travis/build/icyphy/ptII/ptolemy/domains/continuous/test/auto/hierarchicalModalModel4.xml (RunModel)" time="0.029" />
  <testcase classname="ptolemy.util.test.junit.AutoTests" name="[152] /home/travis/build/icyphy/ptII/ptolemy/domains/continuous/test/auto/junk.xml (RunModel)" time="0.171" />
  <system-out><![CDATA[No tcl tests in /home/travis/build/icyphy/ptII/ptolemy/domains/continuous/test
No auto/knownFailedTests/*.xml tests in /home/travis/build/icyphy/ptII/ptolemy/domains/continuous/test
No auto/linux-amd64/*.xml tests in /home/travis/build/icyphy/ptII/ptolemy/domains/continuous/test
AutoTests.java: About to close Vertx.
AutoTests.java: Vertx closed.

===========================================================================================
----------------- testing Tue Sep 17 05:39:56 UTC 2019 /home/travis/build/icyphy/ptII/ptolemy/domains/continuous/test/auto/BouncingBall.xml
----------------- Instantiating /home/travis/build/icyphy/ptII/ptolemy/domains/continuous/test/auto/BouncingBall.xml
2550 ms. Memory: 161792K Free: 127997K (79%)
----------------- Invoking toplevel() on ptolemy.moml.MoMLSimpleApplication@34cb5e90
----------------- Done invoking toplevel() on ptolemy.moml.MoMLSimpleApplication@34cb5e90
reloadAllAccessors: .BouncingBall

===========================================================================================
----------------- testing Tue Sep 17 05:39:59 UTC 2019 /home/travis/build/icyphy/ptII/ptolemy/domains/continuous/test/auto/BouncingBallWithoutGR.xml
----------------- Instantiating /home/travis/build/icyphy/ptII/ptolemy/domains/continuous/test/auto/BouncingBallWithoutGR.xml
953 ms. Memory: 161792K Free: 134014K (83%)
----------------- Invoking toplevel() on ptolemy.moml.MoMLSimpleApplication@4d48e83b
----------------- Done invoking toplevel() on ptolemy.moml.MoMLSimpleApplication@4d48e83b
reloadAllAccessors: .BouncingBallWithoutGR

===========================================================================================
----------------- testing Tue Sep 17 05:40:00 UTC 2019 /home/travis/build/icyphy/ptII/ptolemy/domains/continuous/test/auto/Brownian.xml
----------------- Instantiating /home/travis/build/icyphy/ptII/ptolemy/domains/continuous/test/auto/Brownian.xml
42 ms. Memory: 161792K Free: 125308K (77%)
----------------- Invoking toplevel() on ptolemy.moml.MoMLSimpleApplication@3a987d88
----------------- Done invoking toplevel() on ptolemy.moml.MoMLSimpleApplication@3a987d88
reloadAllAccessors: .Brownian

===========================================================================================
----------------- testing Tue Sep 17 05:40:01 UTC 2019 /home/travis/build/icyphy/ptII/ptolemy/domains/continuous/test/auto/CarTracking.xml
----------------- Instantiating /home/travis/build/icyphy/ptII/ptolemy/domains/continuous/test/auto/CarTracking.xml
4003 ms. Memory: 233472K Free: 112076K (48%)
----------------- Invoking toplevel() on ptolemy.moml.MoMLSimpleApplication@1900200d
----------------- Done invoking toplevel() on ptolemy.moml.MoMLSimpleApplication@1900200d
reloadAllAccessors: .CarTracking

===========================================================================================
----------------- testing Tue Sep 17 05:40:05 UTC 2019 /home/travis/build/icyphy/ptII/ptolemy/domains/continuous/test/auto/CartPendulum.xml
----------------- Instantiating /home/travis/build/icyphy/ptII/ptolemy/domains/continuous/test/auto/CartPendulum.xml
387 ms. Memory: 233472K Free: 157868K (68%)
----------------- Invoking toplevel() on ptolemy.moml.MoMLSimpleApplication@367e2300
----------------- Done invoking toplevel() on ptolemy.moml.MoMLSimpleApplication@367e2300
reloadAllAccessors: .CartPendulum

===========================================================================================
----------------- testing Tue Sep 17 05:40:06 UTC 2019 /home/travis/build/icyphy/ptII/ptolemy/domains/continuous/test/auto/CausalityInterface10.xml
----------------- Instantiating /home/travis/build/icyphy/ptII/ptolemy/domains/continuous/test/auto/CausalityInterface10.xml
10 ms. Memory: 233472K Free: 146923K (63%)
----------------- Invoking toplevel() on ptolemy.moml.MoMLSimpleApplication@622ae7bc
----------------- Done invoking toplevel() on ptolemy.moml.MoMLSimpleApplication@622ae7bc
reloadAllAccessors: .CausalityInterface10

===========================================================================================
----------------- testing Tue Sep 17 05:40:06 UTC 2019 /home/travis/build/icyphy/ptII/ptolemy/domains/continuous/test/auto/CausalityInterface11.xml
----------------- Instantiating /home/travis/build/icyphy/ptII/ptolemy/domains/continuous/test/auto/CausalityInterface11.xml
5 ms. Memory: 233472K Free: 140779K (60%)
----------------- Invoking toplevel() on ptolemy.moml.MoMLSimpleApplication@4b2e60dd
----------------- Done invoking toplevel() on ptolemy.moml.MoMLSimpleApplication@4b2e60dd
reloadAllAccessors: .CausalityInterface11

===========================================================================================
----------------- testing Tue Sep 17 05:40:06 UTC 2019 /home/travis/build/icyphy/ptII/ptolemy/domains/continuous/test/auto/CausalityInterface12.xml
----------------- Instantiating /home/travis/build/icyphy/ptII/ptolemy/domains/continuous/test/auto/CausalityInterface12.xml
5 ms. Memory: 233472K Free: 134635K (58%)
----------------- Invoking toplevel() on ptolemy.moml.MoMLSimpleApplication@73d93738
----------------- Done invoking toplevel() on ptolemy.moml.MoMLSimpleApplication@73d93738
reloadAllAccessors: .CausalityInterface12

===========================================================================================
----------------- testing Tue Sep 17 05:40:06 UTC 2019 /home/travis/build/icyphy/ptII/ptolemy/domains/continuous/test/auto/CausalityInterface13.xml
----------------- Instantiating /home/travis/build/icyphy/ptII/ptolemy/domains/continuous/test/auto/CausalityInterface13.xml
4 ms. Memory: 233472K Free: 128491K (55%)
----------------- Invoking toplevel() on ptolemy.moml.MoMLSimpleApplication@4e6ce6f1
----------------- Done invoking toplevel() on ptolemy.moml.MoMLSimpleApplication@4e6ce6f1
reloadAllAccessors: .CausalityInterface13

===========================================================================================
----------------- testing Tue Sep 17 05:40:06 UTC 2019 /home/travis/build/icyphy/ptII/ptolemy/domains/continuous/test/auto/CausalityInterface14.xml
----------------- Instantiating /home/travis/build/icyphy/ptII/ptolemy/domains/continuous/test/auto/CausalityInterface14.xml
4 ms. Memory: 233472K Free: 123371K (53%)
----------------- Invoking toplevel() on ptolemy.moml.MoMLSimpleApplication@25ec2bc9
----------------- Done invoking toplevel() on ptolemy.moml.MoMLSimpleApplication@25ec2bc9
reloadAllAccessors: .CausalityInterface14

===========================================================================================
----------------- testing Tue Sep 17 05:40:06 UTC 2019 /home/travis/build/icyphy/ptII/ptolemy/domains/continuous/test/auto/CausalityInterface4.xml
----------------- Instantiating /home/travis/build/icyphy/ptII/ptolemy/domains/continuous/test/auto/CausalityInterface4.xml
6 ms. Memory: 233472K Free: 116683K (50%)
----------------- Invoking toplevel() on ptolemy.moml.MoMLSimpleApplication@5f8ae272
----------------- Done invoking toplevel() on ptolemy.moml.MoMLSimpleApplication@5f8ae272
reloadAllAccessors: .CausalityInterface4

===========================================================================================
----------------- testing Tue Sep 17 05:40:06 UTC 2019 /home/travis/build/icyphy/ptII/ptolemy/domains/continuous/test/auto/CausalityInterface5.xml
----------------- Instantiating /home/travis/build/icyphy/ptII/ptolemy/domains/continuous/test/auto/CausalityInterface5.xml
8 ms. Memory: 233472K Free: 108521K (46%)
----------------- Invoking toplevel() on ptolemy.moml.MoMLSimpleApplication@37197454
----------------- Done invoking toplevel() on ptolemy.moml.MoMLSimpleApplication@37197454
reloadAllAccessors: .CausalityInterface5

===========================================================================================
----------------- testing Tue Sep 17 05:40:06 UTC 2019 /home/travis/build/icyphy/ptII/ptolemy/domains/continuous/test/auto/CausalityInterface6.xml
----------------- Instantiating /home/travis/build/icyphy/ptII/ptolemy/domains/continuous/test/auto/CausalityInterface6.xml
7 ms. Memory: 233472K Free: 102891K (44%)
----------------- Invoking toplevel() on ptolemy.moml.MoMLSimpleApplication@30b1c550
----------------- Done invoking toplevel() on ptolemy.moml.MoMLSimpleApplication@30b1c550
reloadAllAccessors: .CausalityInterface6

===========================================================================================
----------------- testing Tue Sep 17 05:40:06 UTC 2019 /home/travis/build/icyphy/ptII/ptolemy/domains/continuous/test/auto/CausalityInterface7.xml
----------------- Instantiating /home/travis/build/icyphy/ptII/ptolemy/domains/continuous/test/auto/CausalityInterface7.xml
16 ms. Memory: 233472K Free: 94185K (40%)
----------------- Invoking toplevel() on ptolemy.moml.MoMLSimpleApplication@ca454a1
----------------- Done invoking toplevel() on ptolemy.moml.MoMLSimpleApplication@ca454a1
reloadAllAccessors: .CausalityInterface7

===========================================================================================
----------------- testing Tue Sep 17 05:40:06 UTC 2019 /home/travis/build/icyphy/ptII/ptolemy/domains/continuous/test/auto/CausalityInterface8.xml
----------------- Instantiating /home/travis/build/icyphy/ptII/ptolemy/domains/continuous/test/auto/CausalityInterface8.xml
7 ms. Memory: 233472K Free: 84969K (36%)
----------------- Invoking toplevel() on ptolemy.moml.MoMLSimpleApplication@59f3521f
----------------- Done invoking toplevel() on ptolemy.moml.MoMLSimpleApplication@59f3521f
reloadAllAccessors: .CausalityInterface8

===========================================================================================
----------------- testing Tue Sep 17 05:40:06 UTC 2019 /home/travis/build/icyphy/ptII/ptolemy/domains/continuous/test/auto/CausalityInterface9.xml
----------------- Instantiating /home/travis/build/icyphy/ptII/ptolemy/domains/continuous/test/auto/CausalityInterface9.xml
11 ms. Memory: 233472K Free: 212000K (91%)
----------------- Invoking toplevel() on ptolemy.moml.MoMLSimpleApplication@35070c62
----------------- Done invoking toplevel() on ptolemy.moml.MoMLSimpleApplication@35070c62
reloadAllAccessors: .CausalityInterface9

===========================================================================================
----------------- testing Tue Sep 17 05:40:06 UTC 2019 /home/travis/build/icyphy/ptII/ptolemy/domains/continuous/test/auto/CausalityInterfaceFeedback1.xml
----------------- Instantiating /home/travis/build/icyphy/ptII/ptolemy/domains/continuous/test/auto/CausalityInterfaceFeedback1.xml
4 ms. Memory: 233472K Free: 205346K (88%)
----------------- Invoking toplevel() on ptolemy.moml.MoMLSimpleApplication@4502f7ec
----------------- Done invoking toplevel() on ptolemy.moml.MoMLSimpleApplication@4502f7ec
reloadAllAccessors: .CausalityInterfaceFeedback1

===========================================================================================
----------------- testing Tue Sep 17 05:40:06 UTC 2019 /home/travis/build/icyphy/ptII/ptolemy/domains/continuous/test/auto/CausalityInterfaceFeedback2.xml
----------------- Instantiating /home/travis/build/icyphy/ptII/ptolemy/domains/continuous/test/auto/CausalityInterfaceFeedback2.xml
4 ms. Memory: 233472K Free: 198674K (85%)
----------------- Invoking toplevel() on ptolemy.moml.MoMLSimpleApplication@af72995
----------------- Done invoking toplevel() on ptolemy.moml.MoMLSimpleApplication@af72995
reloadAllAccessors: .CausalityInterfaceFeedback2

===========================================================================================
----------------- testing Tue Sep 17 05:40:06 UTC 2019 /home/travis/build/icyphy/ptII/ptolemy/domains/continuous/test/auto/CompareWithCurrentTime.xml
----------------- Instantiating /home/travis/build/icyphy/ptII/ptolemy/domains/continuous/test/auto/CompareWithCurrentTime.xml
4 ms. Memory: 233472K Free: 194592K (83%)
----------------- Invoking toplevel() on ptolemy.moml.MoMLSimpleApplication@65cd311b
----------------- Done invoking toplevel() on ptolemy.moml.MoMLSimpleApplication@65cd311b
reloadAllAccessors: .CompareWithCurrentTime

===========================================================================================
----------------- testing Tue Sep 17 05:40:06 UTC 2019 /home/travis/build/icyphy/ptII/ptolemy/domains/continuous/test/auto/ComparedClocks.xml
----------------- Instantiating /home/travis/build/icyphy/ptII/ptolemy/domains/continuous/test/auto/ComparedClocks.xml
7 ms. Memory: 233472K Free: 179746K (77%)
----------------- Invoking toplevel() on ptolemy.moml.MoMLSimpleApplication@1c4d4735
----------------- Done invoking toplevel() on ptolemy.moml.MoMLSimpleApplication@1c4d4735
reloadAllAccessors: .ComparedClocks

===========================================================================================
----------------- testing Tue Sep 17 05:40:06 UTC 2019 /home/travis/build/icyphy/ptII/ptolemy/domains/continuous/test/auto/ContinuousAOCClone.xml
----------------- Instantiating /home/travis/build/icyphy/ptII/ptolemy/domains/continuous/test/auto/ContinuousAOCClone.xml
2784 ms. Memory: 281600K Free: 237929K (84%)
----------------- Invoking toplevel() on ptolemy.moml.MoMLSimpleApplication@f734f56
----------------- Done invoking toplevel() on ptolemy.moml.MoMLSimpleApplication@f734f56
reloadAllAccessors: .ContinuousAOCClone

===========================================================================================
----------------- testing Tue Sep 17 05:40:09 UTC 2019 /home/travis/build/icyphy/ptII/ptolemy/domains/continuous/test/auto/ContinuousClock.xml
----------------- Instantiating /home/travis/build/icyphy/ptII/ptolemy/domains/continuous/test/auto/ContinuousClock.xml
37 ms. Memory: 281600K Free: 215897K (77%)
----------------- Invoking toplevel() on ptolemy.moml.MoMLSimpleApplication@75b2bb5
----------------- Done invoking toplevel() on ptolemy.moml.MoMLSimpleApplication@75b2bb5
reloadAllAccessors: .ContinuousClock

===========================================================================================
----------------- testing Tue Sep 17 05:40:09 UTC 2019 /home/travis/build/icyphy/ptII/ptolemy/domains/continuous/test/auto/ContinuousInContinuous.xml
----------------- Instantiating /home/travis/build/icyphy/ptII/ptolemy/domains/continuous/test/auto/ContinuousInContinuous.xml
43 ms. Memory: 281600K Free: 192353K (68%)
----------------- Invoking toplevel() on ptolemy.moml.MoMLSimpleApplication@269429a8
----------------- Done invoking toplevel() on ptolemy.moml.MoMLSimpleApplication@269429a8
reloadAllAccessors: .ContinuousInContinuous

===========================================================================================
----------------- testing Tue Sep 17 05:40:09 UTC 2019 /home/travis/build/icyphy/ptII/ptolemy/domains/continuous/test/auto/ContinuousInContinuousInContinuous.xml
----------------- Instantiating /home/travis/build/icyphy/ptII/ptolemy/domains/continuous/test/auto/ContinuousInContinuousInContinuous.xml
7 ms. Memory: 281600K Free: 184167K (65%)
----------------- Invoking toplevel() on ptolemy.moml.MoMLSimpleApplication@35656493
----------------- Done invoking toplevel() on ptolemy.moml.MoMLSimpleApplication@35656493
reloadAllAccessors: .ContinuousInContinuousInContinuous

===========================================================================================
----------------- testing Tue Sep 17 05:40:10 UTC 2019 /home/travis/build/icyphy/ptII/ptolemy/domains/continuous/test/auto/ContinuousInDE.xml
----------------- Instantiating /home/travis/build/icyphy/ptII/ptolemy/domains/continuous/test/auto/ContinuousInDE.xml
81 ms. Memory: 281600K Free: 173417K (62%)
----------------- Invoking toplevel() on ptolemy.moml.MoMLSimpleApplication@33e2717d
----------------- Done invoking toplevel() on ptolemy.moml.MoMLSimpleApplication@33e2717d
reloadAllAccessors: .ContinuousInDE

===========================================================================================
----------------- testing Tue Sep 17 05:40:10 UTC 2019 /home/travis/build/icyphy/ptII/ptolemy/domains/continuous/test/auto/ContinuousInDE2.xml
----------------- Instantiating /home/travis/build/icyphy/ptII/ptolemy/domains/continuous/test/auto/ContinuousInDE2.xml
45 ms. Memory: 281600K Free: 163687K (58%)
----------------- Invoking toplevel() on ptolemy.moml.MoMLSimpleApplication@6fdebf6f
----------------- Done invoking toplevel() on ptolemy.moml.MoMLSimpleApplication@6fdebf6f
reloadAllAccessors: .ContinuousInDE2

===========================================================================================
----------------- testing Tue Sep 17 05:40:10 UTC 2019 /home/travis/build/icyphy/ptII/ptolemy/domains/continuous/test/auto/ContinuousInDE3.xml
----------------- Instantiating /home/travis/build/icyphy/ptII/ptolemy/domains/continuous/test/auto/ContinuousInDE3.xml
39 ms. Memory: 281600K Free: 153961K (55%)
----------------- Invoking toplevel() on ptolemy.moml.MoMLSimpleApplication@4e10f992
----------------- Done invoking toplevel() on ptolemy.moml.MoMLSimpleApplication@4e10f992
reloadAllAccessors: .ContinuousInDE3

===========================================================================================
----------------- testing Tue Sep 17 05:40:10 UTC 2019 /home/travis/build/icyphy/ptII/ptolemy/domains/continuous/test/auto/ContinuousInDE4.xml
----------------- Instantiating /home/travis/build/icyphy/ptII/ptolemy/domains/continuous/test/auto/ContinuousInDE4.xml
16 ms. Memory: 281600K Free: 147817K (52%)
----------------- Invoking toplevel() on ptolemy.moml.MoMLSimpleApplication@292e6788
----------------- Done invoking toplevel() on ptolemy.moml.MoMLSimpleApplication@292e6788
reloadAllAccessors: .ContinuousInDE4

===========================================================================================
----------------- testing Tue Sep 17 05:40:10 UTC 2019 /home/travis/build/icyphy/ptII/ptolemy/domains/continuous/test/auto/ContinuousInDEDifferentRefinements.xml
----------------- Instantiating /home/travis/build/icyphy/ptII/ptolemy/domains/continuous/test/auto/ContinuousInDEDifferentRefinements.xml
67 ms. Memory: 281600K Free: 116569K (41%)
----------------- Invoking toplevel() on ptolemy.moml.MoMLSimpleApplication@d53a709
----------------- Done invoking toplevel() on ptolemy.moml.MoMLSimpleApplication@d53a709
reloadAllAccessors: .ContinuousInDEDifferentRefinements

===========================================================================================
----------------- testing Tue Sep 17 05:40:10 UTC 2019 /home/travis/build/icyphy/ptII/ptolemy/domains/continuous/test/auto/ContinuousInDEDifferentRefinementsPreemptive.xml
----------------- Instantiating /home/travis/build/icyphy/ptII/ptolemy/domains/continuous/test/auto/ContinuousInDEDifferentRefinementsPreemptive.xml
59 ms. Memory: 281600K Free: 253989K (90%)
----------------- Invoking toplevel() on ptolemy.moml.MoMLSimpleApplication@32868611
----------------- Done invoking toplevel() on ptolemy.moml.MoMLSimpleApplication@32868611
reloadAllAccessors: .ContinuousInDEDifferentRefinementsPreemptive

===========================================================================================
----------------- testing Tue Sep 17 05:40:10 UTC 2019 /home/travis/build/icyphy/ptII/ptolemy/domains/continuous/test/auto/ContinuousInDEInContinuous2.xml
----------------- Instantiating /home/travis/build/icyphy/ptII/ptolemy/domains/continuous/test/auto/ContinuousInDEInContinuous2.xml
38 ms. Memory: 281600K Free: 242021K (86%)
----------------- Invoking toplevel() on ptolemy.moml.MoMLSimpleApplication@703070ea
----------------- Done invoking toplevel() on ptolemy.moml.MoMLSimpleApplication@703070ea
reloadAllAccessors: .ContinuousInDEInContinuous2

===========================================================================================
----------------- testing Tue Sep 17 05:40:10 UTC 2019 /home/travis/build/icyphy/ptII/ptolemy/domains/continuous/test/auto/ContinuousInDEInContinuous3.xml
----------------- Instantiating /home/travis/build/icyphy/ptII/ptolemy/domains/continuous/test/auto/ContinuousInDEInContinuous3.xml
46 ms. Memory: 281600K Free: 229733K (82%)
----------------- Invoking toplevel() on ptolemy.moml.MoMLSimpleApplication@33aae9c7
----------------- Done invoking toplevel() on ptolemy.moml.MoMLSimpleApplication@33aae9c7
reloadAllAccessors: .ContinuousInDEInContinuous3

===========================================================================================
----------------- testing Tue Sep 17 05:40:10 UTC 2019 /home/travis/build/icyphy/ptII/ptolemy/domains/continuous/test/auto/ContinuousInDEInput.xml
----------------- Instantiating /home/travis/build/icyphy/ptII/ptolemy/domains/continuous/test/auto/ContinuousInDEInput.xml
19 ms. Memory: 281600K Free: 223075K (79%)
----------------- Invoking toplevel() on ptolemy.moml.MoMLSimpleApplication@2873006f
----------------- Done invoking toplevel() on ptolemy.moml.MoMLSimpleApplication@2873006f
reloadAllAccessors: .ContinuousInDEInput

===========================================================================================
----------------- testing Tue Sep 17 05:40:10 UTC 2019 /home/travis/build/icyphy/ptII/ptolemy/domains/continuous/test/auto/ContinuousInDEInput2.xml
----------------- Instantiating /home/travis/build/icyphy/ptII/ptolemy/domains/continuous/test/auto/ContinuousInDEInput2.xml
16 ms. Memory: 281600K Free: 215907K (77%)
----------------- Invoking toplevel() on ptolemy.moml.MoMLSimpleApplication@699b6c2d
----------------- Done invoking toplevel() on ptolemy.moml.MoMLSimpleApplication@699b6c2d
reloadAllAccessors: .ContinuousInDEInput2

===========================================================================================
----------------- testing Tue Sep 17 05:40:10 UTC 2019 /home/travis/build/icyphy/ptII/ptolemy/domains/continuous/test/auto/ContinuousInDEInput3.xml
----------------- Instantiating /home/travis/build/icyphy/ptII/ptolemy/domains/continuous/test/auto/ContinuousInDEInput3.xml
18 ms. Memory: 281600K Free: 208739K (74%)
----------------- Invoking toplevel() on ptolemy.moml.MoMLSimpleApplication@10413926
----------------- Done invoking toplevel() on ptolemy.moml.MoMLSimpleApplication@10413926
reloadAllAccessors: .ContinuousInDEInput3

===========================================================================================
----------------- testing Tue Sep 17 05:40:10 UTC 2019 /home/travis/build/icyphy/ptII/ptolemy/domains/continuous/test/auto/ContinuousInDESharingRefinement.xml
----------------- Instantiating /home/travis/build/icyphy/ptII/ptolemy/domains/continuous/test/auto/ContinuousInDESharingRefinement.xml
177 ms. Memory: 281600K Free: 114021K (40%)
----------------- Invoking toplevel() on ptolemy.moml.MoMLSimpleApplication@200a5e99
----------------- Done invoking toplevel() on ptolemy.moml.MoMLSimpleApplication@200a5e99
reloadAllAccessors: .ContinuousInDESharingRefinement

===========================================================================================
----------------- testing Tue Sep 17 05:40:11 UTC 2019 /home/travis/build/icyphy/ptII/ptolemy/domains/continuous/test/auto/ContinuousInDEwithNoPorts.xml
----------------- Instantiating /home/travis/build/icyphy/ptII/ptolemy/domains/continuous/test/auto/ContinuousInDEwithNoPorts.xml
6 ms. Memory: 281600K Free: 109925K (39%)
----------------- Invoking toplevel() on ptolemy.moml.MoMLSimpleApplication@6f808e8e
----------------- Done invoking toplevel() on ptolemy.moml.MoMLSimpleApplication@6f808e8e
reloadAllAccessors: .ContinuousInDEwithNoPorts

===========================================================================================
----------------- testing Tue Sep 17 05:40:11 UTC 2019 /home/travis/build/icyphy/ptII/ptolemy/domains/continuous/test/auto/ContinuousInsideDE.xml
----------------- Instantiating /home/travis/build/icyphy/ptII/ptolemy/domains/continuous/test/auto/ContinuousInsideDE.xml
53 ms. Memory: 281600K Free: 266554K (95%)
----------------- Invoking toplevel() on ptolemy.moml.MoMLSimpleApplication@27c2b3d2
----------------- Done invoking toplevel() on ptolemy.moml.MoMLSimpleApplication@27c2b3d2
reloadAllAccessors: .ContinuousInsideDE

===========================================================================================
----------------- testing Tue Sep 17 05:40:11 UTC 2019 /home/travis/build/icyphy/ptII/ptolemy/domains/continuous/test/auto/ContinuousMerge1.xml
----------------- Instantiating /home/travis/build/icyphy/ptII/ptolemy/domains/continuous/test/auto/ContinuousMerge1.xml
3 ms. Memory: 281600K Free: 261930K (93%)
----------------- Invoking toplevel() on ptolemy.moml.MoMLSimpleApplication@16f0abb0
----------------- Done invoking toplevel() on ptolemy.moml.MoMLSimpleApplication@16f0abb0
reloadAllAccessors: .ContinuousMerge1

===========================================================================================
----------------- testing Tue Sep 17 05:40:11 UTC 2019 /home/travis/build/icyphy/ptII/ptolemy/domains/continuous/test/auto/ContinuousMerge2.xml
----------------- Instantiating /home/travis/build/icyphy/ptII/ptolemy/domains/continuous/test/auto/ContinuousMerge2.xml
17 ms. Memory: 281600K Free: 251704K (89%)
----------------- Invoking toplevel() on ptolemy.moml.MoMLSimpleApplication@56ba077b
----------------- Done invoking toplevel() on ptolemy.moml.MoMLSimpleApplication@56ba077b
reloadAllAccessors: .ContinuousMerge2

===========================================================================================
----------------- testing Tue Sep 17 05:40:11 UTC 2019 /home/travis/build/icyphy/ptII/ptolemy/domains/continuous/test/auto/ContinuousMerge3.xml
----------------- Instantiating /home/travis/build/icyphy/ptII/ptolemy/domains/continuous/test/auto/ContinuousMerge3.xml
53 ms. Memory: 281600K Free: 240440K (85%)
----------------- Invoking toplevel() on ptolemy.moml.MoMLSimpleApplication@558c3c38
----------------- Done invoking toplevel() on ptolemy.moml.MoMLSimpleApplication@558c3c38
reloadAllAccessors: .ContinuousMerge3

===========================================================================================
----------------- testing Tue Sep 17 05:40:11 UTC 2019 /home/travis/build/icyphy/ptII/ptolemy/domains/continuous/test/auto/ContinuousWithinContinuous.xml
----------------- Instantiating /home/travis/build/icyphy/ptII/ptolemy/domains/continuous/test/auto/ContinuousWithinContinuous.xml
45 ms. Memory: 281600K Free: 231224K (82%)
----------------- Invoking toplevel() on ptolemy.moml.MoMLSimpleApplication@23c98cfa
----------------- Done invoking toplevel() on ptolemy.moml.MoMLSimpleApplication@23c98cfa
reloadAllAccessors: .ContinuousWithinContinuous

===========================================================================================
----------------- testing Tue Sep 17 05:40:11 UTC 2019 /home/travis/build/icyphy/ptII/ptolemy/domains/continuous/test/auto/ContinuousWithinContinuous2.xml
----------------- Instantiating /home/travis/build/icyphy/ptII/ptolemy/domains/continuous/test/auto/ContinuousWithinContinuous2.xml
83 ms. Memory: 281600K Free: 219960K (78%)
----------------- Invoking toplevel() on ptolemy.moml.MoMLSimpleApplication@14a77d16
----------------- Done invoking toplevel() on ptolemy.moml.MoMLSimpleApplication@14a77d16
reloadAllAccessors: .ContinuousWithinContinuous2

===========================================================================================
----------------- testing Tue Sep 17 05:40:11 UTC 2019 /home/travis/build/icyphy/ptII/ptolemy/domains/continuous/test/auto/ContinuousWithinContinuous3.xml
----------------- Instantiating /home/travis/build/icyphy/ptII/ptolemy/domains/continuous/test/auto/ContinuousWithinContinuous3.xml
16 ms. Memory: 281600K Free: 213306K (76%)
----------------- Invoking toplevel() on ptolemy.moml.MoMLSimpleApplication@1d73ca11
----------------- Done invoking toplevel() on ptolemy.moml.MoMLSimpleApplication@1d73ca11
reloadAllAccessors: .ContinuousWithinContinuous3

===========================================================================================
----------------- testing Tue Sep 17 05:40:11 UTC 2019 /home/travis/build/icyphy/ptII/ptolemy/domains/continuous/test/auto/ContinuousWithinContinuous4.xml
----------------- Instantiating /home/travis/build/icyphy/ptII/ptolemy/domains/continuous/test/auto/ContinuousWithinContinuous4.xml
89 ms. Memory: 281600K Free: 201018K (71%)
----------------- Invoking toplevel() on ptolemy.moml.MoMLSimpleApplication@42412167
----------------- Done invoking toplevel() on ptolemy.moml.MoMLSimpleApplication@42412167
reloadAllAccessors: .ContinuousWithinContinuous4

===========================================================================================
----------------- testing Tue Sep 17 05:40:11 UTC 2019 /home/travis/build/icyphy/ptII/ptolemy/domains/continuous/test/auto/ContinuousWithinContinuous5.xml
----------------- Instantiating /home/travis/build/icyphy/ptII/ptolemy/domains/continuous/test/auto/ContinuousWithinContinuous5.xml
15 ms. Memory: 281600K Free: 192826K (68%)
----------------- Invoking toplevel() on ptolemy.moml.MoMLSimpleApplication@21525531
----------------- Done invoking toplevel() on ptolemy.moml.MoMLSimpleApplication@21525531
reloadAllAccessors: .ContinuousWithinContinuous5

===========================================================================================
----------------- testing Tue Sep 17 05:40:11 UTC 2019 /home/travis/build/icyphy/ptII/ptolemy/domains/continuous/test/auto/ContinuousWithinContinuous6.xml
----------------- Instantiating /home/travis/build/icyphy/ptII/ptolemy/domains/continuous/test/auto/ContinuousWithinContinuous6.xml
15 ms. Memory: 281600K Free: 186168K (66%)
----------------- Invoking toplevel() on ptolemy.moml.MoMLSimpleApplication@3e318c2e
----------------- Done invoking toplevel() on ptolemy.moml.MoMLSimpleApplication@3e318c2e
reloadAllAccessors: .ContinuousWithinContinuous6

===========================================================================================
----------------- testing Tue Sep 17 05:40:11 UTC 2019 /home/travis/build/icyphy/ptII/ptolemy/domains/continuous/test/auto/ContinuousWithinContinuous7.xml
----------------- Instantiating /home/travis/build/icyphy/ptII/ptolemy/domains/continuous/test/auto/ContinuousWithinContinuous7.xml
68 ms. Memory: 281600K Free: 174394K (62%)
----------------- Invoking toplevel() on ptolemy.moml.MoMLSimpleApplication@13807ff1
----------------- Done invoking toplevel() on ptolemy.moml.MoMLSimpleApplication@13807ff1
reloadAllAccessors: .ContinuousWithinContinuous7

===========================================================================================
----------------- testing Tue Sep 17 05:40:11 UTC 2019 /home/travis/build/icyphy/ptII/ptolemy/domains/continuous/test/auto/DCMotor.xml
----------------- Instantiating /home/travis/build/icyphy/ptII/ptolemy/domains/continuous/test/auto/DCMotor.xml
16355 ms. Memory: 281600K Free: 258003K (92%)
----------------- Invoking toplevel() on ptolemy.moml.MoMLSimpleApplication@6cec212c
----------------- Done invoking toplevel() on ptolemy.moml.MoMLSimpleApplication@6cec212c
reloadAllAccessors: .DCMotor

===========================================================================================
----------------- testing Tue Sep 17 05:40:28 UTC 2019 /home/travis/build/icyphy/ptII/ptolemy/domains/continuous/test/auto/DEInContinuous.xml
----------------- Instantiating /home/travis/build/icyphy/ptII/ptolemy/domains/continuous/test/auto/DEInContinuous.xml
25 ms. Memory: 281600K Free: 251859K (89%)
----------------- Invoking toplevel() on ptolemy.moml.MoMLSimpleApplication@776723e6
----------------- Done invoking toplevel() on ptolemy.moml.MoMLSimpleApplication@776723e6
reloadAllAccessors: .DEInContinuous

===========================================================================================
----------------- testing Tue Sep 17 05:40:28 UTC 2019 /home/travis/build/icyphy/ptII/ptolemy/domains/continuous/test/auto/DEinContinuous2.xml
----------------- Instantiating /home/travis/build/icyphy/ptII/ptolemy/domains/continuous/test/auto/DEinContinuous2.xml
11 ms. Memory: 281600K Free: 243667K (87%)
----------------- Invoking toplevel() on ptolemy.moml.MoMLSimpleApplication@69da65b6
----------------- Done invoking toplevel() on ptolemy.moml.MoMLSimpleApplication@69da65b6
reloadAllAccessors: .DEinContinuous2

===========================================================================================
----------------- testing Tue Sep 17 05:40:28 UTC 2019 /home/travis/build/icyphy/ptII/ptolemy/domains/continuous/test/auto/Derivative.xml
----------------- Instantiating /home/travis/build/icyphy/ptII/ptolemy/domains/continuous/test/auto/Derivative.xml
157 ms. Memory: 281600K Free: 213971K (76%)
----------------- Invoking toplevel() on ptolemy.moml.MoMLSimpleApplication@322dfa38
----------------- Done invoking toplevel() on ptolemy.moml.MoMLSimpleApplication@322dfa38
reloadAllAccessors: .Derivative2

===========================================================================================
----------------- testing Tue Sep 17 05:40:28 UTC 2019 /home/travis/build/icyphy/ptII/ptolemy/domains/continuous/test/auto/Derivative1.xml
----------------- Instantiating /home/travis/build/icyphy/ptII/ptolemy/domains/continuous/test/auto/Derivative1.xml
32 ms. Memory: 281600K Free: 199635K (71%)
----------------- Invoking toplevel() on ptolemy.moml.MoMLSimpleApplication@394eb880
----------------- Done invoking toplevel() on ptolemy.moml.MoMLSimpleApplication@394eb880
reloadAllAccessors: .Derivative1

===========================================================================================
----------------- testing Tue Sep 17 05:40:28 UTC 2019 /home/travis/build/icyphy/ptII/ptolemy/domains/continuous/test/auto/DiscreteClock.xml
----------------- Instantiating /home/travis/build/icyphy/ptII/ptolemy/domains/continuous/test/auto/DiscreteClock.xml
5 ms. Memory: 281600K Free: 194515K (69%)
----------------- Invoking toplevel() on ptolemy.moml.MoMLSimpleApplication@5e512442
----------------- Done invoking toplevel() on ptolemy.moml.MoMLSimpleApplication@5e512442
reloadAllAccessors: .DiscreteClock

===========================================================================================
----------------- testing Tue Sep 17 05:40:28 UTC 2019 /home/travis/build/icyphy/ptII/ptolemy/domains/continuous/test/auto/EfficiencyCurve.xml
----------------- Instantiating /home/travis/build/icyphy/ptII/ptolemy/domains/continuous/test/auto/EfficiencyCurve.xml
67 ms. Memory: 281600K Free: 185299K (66%)
----------------- Invoking toplevel() on ptolemy.moml.MoMLSimpleApplication@4f962d8e
----------------- Done invoking toplevel() on ptolemy.moml.MoMLSimpleApplication@4f962d8e
reloadAllAccessors: .EfficiencyCurve

===========================================================================================
----------------- testing Tue Sep 17 05:40:28 UTC 2019 /home/travis/build/icyphy/ptII/ptolemy/domains/continuous/test/auto/ExponentialResponse.xml
----------------- Instantiating /home/travis/build/icyphy/ptII/ptolemy/domains/continuous/test/auto/ExponentialResponse.xml
110 ms. Memory: 281600K Free: 169425K (60%)
----------------- Invoking toplevel() on ptolemy.moml.MoMLSimpleApplication@2576e73f
----------------- Done invoking toplevel() on ptolemy.moml.MoMLSimpleApplication@2576e73f
reloadAllAccessors: .ExponentialResponse

===========================================================================================
----------------- testing Tue Sep 17 05:40:29 UTC 2019 /home/travis/build/icyphy/ptII/ptolemy/domains/continuous/test/auto/ExponentialResponseRK45.xml
----------------- Instantiating /home/travis/build/icyphy/ptII/ptolemy/domains/continuous/test/auto/ExponentialResponseRK45.xml
27 ms. Memory: 281600K Free: 162771K (58%)
----------------- Invoking toplevel() on ptolemy.moml.MoMLSimpleApplication@4eb582a2
----------------- Done invoking toplevel() on ptolemy.moml.MoMLSimpleApplication@4eb582a2
reloadAllAccessors: .ExponentialResponseRK45

===========================================================================================
----------------- testing Tue Sep 17 05:40:29 UTC 2019 /home/travis/build/icyphy/ptII/ptolemy/domains/continuous/test/auto/Friction.xml
----------------- Instantiating /home/travis/build/icyphy/ptII/ptolemy/domains/continuous/test/auto/Friction.xml
1620 ms. Memory: 281600K Free: 241601K (86%)
----------------- Invoking toplevel() on ptolemy.moml.MoMLSimpleApplication@362db251
----------------- Done invoking toplevel() on ptolemy.moml.MoMLSimpleApplication@362db251
reloadAllAccessors: .Friction

===========================================================================================
----------------- testing Tue Sep 17 05:40:30 UTC 2019 /home/travis/build/icyphy/ptII/ptolemy/domains/continuous/test/auto/FurutaPendulum.xml
----------------- Instantiating /home/travis/build/icyphy/ptII/ptolemy/domains/continuous/test/auto/FurutaPendulum.xml
3515 ms. Memory: 281600K Free: 251781K (89%)
----------------- Invoking toplevel() on ptolemy.moml.MoMLSimpleApplication@5ed057fe
----------------- Done invoking toplevel() on ptolemy.moml.MoMLSimpleApplication@5ed057fe
reloadAllAccessors: .FurutaPendulum

===========================================================================================
----------------- testing Tue Sep 17 05:40:34 UTC 2019 /home/travis/build/icyphy/ptII/ptolemy/domains/continuous/test/auto/HierarchicalExecution.xml
----------------- Instantiating /home/travis/build/icyphy/ptII/ptolemy/domains/continuous/test/auto/HierarchicalExecution.xml
2045 ms. Memory: 281600K Free: 138426K (49%)
----------------- Invoking toplevel() on ptolemy.moml.MoMLSimpleApplication@96c57f8
----------------- Done invoking toplevel() on ptolemy.moml.MoMLSimpleApplication@96c57f8
reloadAllAccessors: .HierarchicalExecution

===========================================================================================
----------------- testing Tue Sep 17 05:40:36 UTC 2019 /home/travis/build/icyphy/ptII/ptolemy/domains/continuous/test/auto/HybridPlant.xml
----------------- Instantiating /home/travis/build/icyphy/ptII/ptolemy/domains/continuous/test/auto/HybridPlant.xml
545 ms. Memory: 281600K Free: 208897K (74%)
----------------- Invoking toplevel() on ptolemy.moml.MoMLSimpleApplication@788897bc
----------------- Done invoking toplevel() on ptolemy.moml.MoMLSimpleApplication@788897bc
reloadAllAccessors: .HybridPlant

===========================================================================================
----------------- testing Tue Sep 17 05:40:37 UTC 2019 /home/travis/build/icyphy/ptII/ptolemy/domains/continuous/test/auto/Hysteresis.xml
----------------- Instantiating /home/travis/build/icyphy/ptII/ptolemy/domains/continuous/test/auto/Hysteresis.xml
141 ms. Memory: 281600K Free: 146433K (52%)
----------------- Invoking toplevel() on ptolemy.moml.MoMLSimpleApplication@2f2f9449
----------------- Done invoking toplevel() on ptolemy.moml.MoMLSimpleApplication@2f2f9449
reloadAllAccessors: .Hysteresis

===========================================================================================
----------------- testing Tue Sep 17 05:40:37 UTC 2019 /home/travis/build/icyphy/ptII/ptolemy/domains/continuous/test/auto/HysteresisWithRandomDelay.xml
----------------- Instantiating /home/travis/build/icyphy/ptII/ptolemy/domains/continuous/test/auto/HysteresisWithRandomDelay.xml
188 ms. Memory: 281600K Free: 242731K (86%)
----------------- Invoking toplevel() on ptolemy.moml.MoMLSimpleApplication@2c14c582
----------------- Done invoking toplevel() on ptolemy.moml.MoMLSimpleApplication@2c14c582
reloadAllAccessors: .HysteresisWithRandomDelay

===========================================================================================
----------------- testing Tue Sep 17 05:40:37 UTC 2019 /home/travis/build/icyphy/ptII/ptolemy/domains/continuous/test/auto/HysteresisWithRandomLosses.xml
----------------- Instantiating /home/travis/build/icyphy/ptII/ptolemy/domains/continuous/test/auto/HysteresisWithRandomLosses.xml
2489 ms. Memory: 281600K Free: 177330K (63%)
----------------- Invoking toplevel() on ptolemy.moml.MoMLSimpleApplication@1f66d176
----------------- Done invoking toplevel() on ptolemy.moml.MoMLSimpleApplication@1f66d176
reloadAllAccessors: .HysteresisWithRandomLosses

===========================================================================================
----------------- testing Tue Sep 17 05:40:40 UTC 2019 /home/travis/build/icyphy/ptII/ptolemy/domains/continuous/test/auto/ImmediateTransitions.xml
----------------- Instantiating /home/travis/build/icyphy/ptII/ptolemy/domains/continuous/test/auto/ImmediateTransitions.xml
11 ms. Memory: 281600K Free: 166580K (59%)
----------------- Invoking toplevel() on ptolemy.moml.MoMLSimpleApplication@1c3e3df9
----------------- Done invoking toplevel() on ptolemy.moml.MoMLSimpleApplication@1c3e3df9
reloadAllAccessors: .ImmediateTransitions

===========================================================================================
----------------- testing Tue Sep 17 05:40:40 UTC 2019 /home/travis/build/icyphy/ptII/ptolemy/domains/continuous/test/auto/ImpulseFeedback.xml
----------------- Instantiating /home/travis/build/icyphy/ptII/ptolemy/domains/continuous/test/auto/ImpulseFeedback.xml
7 ms. Memory: 281600K Free: 160946K (57%)
----------------- Invoking toplevel() on ptolemy.moml.MoMLSimpleApplication@109b87b
----------------- Done invoking toplevel() on ptolemy.moml.MoMLSimpleApplication@109b87b
reloadAllAccessors: .ImpulseFeedback

===========================================================================================
----------------- testing Tue Sep 17 05:40:40 UTC 2019 /home/travis/build/icyphy/ptII/ptolemy/domains/continuous/test/auto/ImpulseFeedback2.xml
----------------- Instantiating /home/travis/build/icyphy/ptII/ptolemy/domains/continuous/test/auto/ImpulseFeedback2.xml
5 ms. Memory: 281600K Free: 155316K (55%)
----------------- Invoking toplevel() on ptolemy.moml.MoMLSimpleApplication@6bdcd7db
----------------- Done invoking toplevel() on ptolemy.moml.MoMLSimpleApplication@6bdcd7db
reloadAllAccessors: .ImpulseFeedback2

===========================================================================================
----------------- testing Tue Sep 17 05:40:40 UTC 2019 /home/travis/build/icyphy/ptII/ptolemy/domains/continuous/test/auto/IncreasingRatePoisson.xml
----------------- Instantiating /home/travis/build/icyphy/ptII/ptolemy/domains/continuous/test/auto/IncreasingRatePoisson.xml
795 ms. Memory: 281600K Free: 175784K (62%)
----------------- Invoking toplevel() on ptolemy.moml.MoMLSimpleApplication@4a6a6519
----------------- Done invoking toplevel() on ptolemy.moml.MoMLSimpleApplication@4a6a6519
reloadAllAccessors: .IncreasingRatePoisson

===========================================================================================
----------------- testing Tue Sep 17 05:40:41 UTC 2019 /home/travis/build/icyphy/ptII/ptolemy/domains/continuous/test/auto/InitialStateFeedback.xml
----------------- Instantiating /home/travis/build/icyphy/ptII/ptolemy/domains/continuous/test/auto/InitialStateFeedback.xml
8 ms. Memory: 281600K Free: 171192K (61%)
----------------- Invoking toplevel() on ptolemy.moml.MoMLSimpleApplication@69104936
----------------- Done invoking toplevel() on ptolemy.moml.MoMLSimpleApplication@69104936
reloadAllAccessors: .InitialStateFeedback

===========================================================================================
----------------- testing Tue Sep 17 05:40:41 UTC 2019 /home/travis/build/icyphy/ptII/ptolemy/domains/continuous/test/auto/Integration.xml
----------------- Instantiating /home/travis/build/icyphy/ptII/ptolemy/domains/continuous/test/auto/Integration.xml
3 ms. Memory: 281600K Free: 167096K (59%)
----------------- Invoking toplevel() on ptolemy.moml.MoMLSimpleApplication@3ba15d9e
----------------- Done invoking toplevel() on ptolemy.moml.MoMLSimpleApplication@3ba15d9e
reloadAllAccessors: .Integration

===========================================================================================
----------------- testing Tue Sep 17 05:40:41 UTC 2019 /home/travis/build/icyphy/ptII/ptolemy/domains/continuous/test/auto/Integration2.xml
----------------- Instantiating /home/travis/build/icyphy/ptII/ptolemy/domains/continuous/test/auto/Integration2.xml
85 ms. Memory: 281600K Free: 152760K (54%)
----------------- Invoking toplevel() on ptolemy.moml.MoMLSimpleApplication@28083a91
----------------- Done invoking toplevel() on ptolemy.moml.MoMLSimpleApplication@28083a91
reloadAllAccessors: .Integration2

===========================================================================================
----------------- testing Tue Sep 17 05:40:41 UTC 2019 /home/travis/build/icyphy/ptII/ptolemy/domains/continuous/test/auto/Integration3.xml
----------------- Instantiating /home/travis/build/icyphy/ptII/ptolemy/domains/continuous/test/auto/Integration3.xml
3 ms. Memory: 281600K Free: 148150K (53%)
----------------- Invoking toplevel() on ptolemy.moml.MoMLSimpleApplication@56d1d24c
----------------- Done invoking toplevel() on ptolemy.moml.MoMLSimpleApplication@56d1d24c
reloadAllAccessors: .Integration3

===========================================================================================
----------------- testing Tue Sep 17 05:40:41 UTC 2019 /home/travis/build/icyphy/ptII/ptolemy/domains/continuous/test/auto/Integration5.xml
----------------- Instantiating /home/travis/build/icyphy/ptII/ptolemy/domains/continuous/test/auto/Integration5.xml
2 ms. Memory: 281600K Free: 144054K (51%)
----------------- Invoking toplevel() on ptolemy.moml.MoMLSimpleApplication@337e5e6e
----------------- Done invoking toplevel() on ptolemy.moml.MoMLSimpleApplication@337e5e6e
reloadAllAccessors: .Integration5

===========================================================================================
----------------- testing Tue Sep 17 05:40:41 UTC 2019 /home/travis/build/icyphy/ptII/ptolemy/domains/continuous/test/auto/IntegratorImpulse.xml
----------------- Instantiating /home/travis/build/icyphy/ptII/ptolemy/domains/continuous/test/auto/IntegratorImpulse.xml
2 ms. Memory: 281600K Free: 139958K (50%)
----------------- Invoking toplevel() on ptolemy.moml.MoMLSimpleApplication@341eda77
----------------- Done invoking toplevel() on ptolemy.moml.MoMLSimpleApplication@341eda77
reloadAllAccessors: .IntegratorImpulse

===========================================================================================
----------------- testing Tue Sep 17 05:40:41 UTC 2019 /home/travis/build/icyphy/ptII/ptolemy/domains/continuous/test/auto/IntegratorImpulse2.xml
----------------- Instantiating /home/travis/build/icyphy/ptII/ptolemy/domains/continuous/test/auto/IntegratorImpulse2.xml
4 ms. Memory: 281600K Free: 135352K (48%)
----------------- Invoking toplevel() on ptolemy.moml.MoMLSimpleApplication@4ee53cc5
----------------- Done invoking toplevel() on ptolemy.moml.MoMLSimpleApplication@4ee53cc5
reloadAllAccessors: .IntegratorImpulse2

===========================================================================================
----------------- testing Tue Sep 17 05:40:41 UTC 2019 /home/travis/build/icyphy/ptII/ptolemy/domains/continuous/test/auto/LevelCrossing1.xml
----------------- Instantiating /home/travis/build/icyphy/ptII/ptolemy/domains/continuous/test/auto/LevelCrossing1.xml
3 ms. Memory: 281600K Free: 130232K (46%)
----------------- Invoking toplevel() on ptolemy.moml.MoMLSimpleApplication@14b78a8f
----------------- Done invoking toplevel() on ptolemy.moml.MoMLSimpleApplication@14b78a8f
reloadAllAccessors: .LevelCrossing1

===========================================================================================
----------------- testing Tue Sep 17 05:40:41 UTC 2019 /home/travis/build/icyphy/ptII/ptolemy/domains/continuous/test/auto/LevelCrossing2.xml
----------------- Instantiating /home/travis/build/icyphy/ptII/ptolemy/domains/continuous/test/auto/LevelCrossing2.xml
4 ms. Memory: 281600K Free: 125112K (44%)
----------------- Invoking toplevel() on ptolemy.moml.MoMLSimpleApplication@4f308284
----------------- Done invoking toplevel() on ptolemy.moml.MoMLSimpleApplication@4f308284
reloadAllAccessors: .LevelCrossing2

===========================================================================================
----------------- testing Tue Sep 17 05:40:41 UTC 2019 /home/travis/build/icyphy/ptII/ptolemy/domains/continuous/test/auto/LevelCrossing3.xml
----------------- Instantiating /home/travis/build/icyphy/ptII/ptolemy/domains/continuous/test/auto/LevelCrossing3.xml
3 ms. Memory: 281600K Free: 119992K (43%)
----------------- Invoking toplevel() on ptolemy.moml.MoMLSimpleApplication@3402d9c6
----------------- Done invoking toplevel() on ptolemy.moml.MoMLSimpleApplication@3402d9c6
reloadAllAccessors: .LevelCrossing3

===========================================================================================
----------------- testing Tue Sep 17 05:40:41 UTC 2019 /home/travis/build/icyphy/ptII/ptolemy/domains/continuous/test/auto/LevelCrossing4.xml
----------------- Instantiating /home/travis/build/icyphy/ptII/ptolemy/domains/continuous/test/auto/LevelCrossing4.xml
4 ms. Memory: 281600K Free: 114872K (41%)
----------------- Invoking toplevel() on ptolemy.moml.MoMLSimpleApplication@27fd72b9
----------------- Done invoking toplevel() on ptolemy.moml.MoMLSimpleApplication@27fd72b9
reloadAllAccessors: .LevelCrossing4

===========================================================================================
----------------- testing Tue Sep 17 05:40:41 UTC 2019 /home/travis/build/icyphy/ptII/ptolemy/domains/continuous/test/auto/LevelCrossing5.xml
----------------- Instantiating /home/travis/build/icyphy/ptII/ptolemy/domains/continuous/test/auto/LevelCrossing5.xml
4 ms. Memory: 281600K Free: 109752K (39%)
----------------- Invoking toplevel() on ptolemy.moml.MoMLSimpleApplication@57e4f577
----------------- Done invoking toplevel() on ptolemy.moml.MoMLSimpleApplication@57e4f577
reloadAllAccessors: .LevelCrossing5

===========================================================================================
[...]
reloadAllAccessors: .ResetTransitionWithStartTime6

===========================================================================================
----------------- testing Tue Sep 17 05:40:59 UTC 2019 /home/travis/build/icyphy/ptII/ptolemy/domains/continuous/test/auto/SRinContinuous.xml
----------------- Instantiating /home/travis/build/icyphy/ptII/ptolemy/domains/continuous/test/auto/SRinContinuous.xml
5 ms. Memory: 281600K Free: 248730K (88%)
----------------- Invoking toplevel() on ptolemy.moml.MoMLSimpleApplication@69f84c97
----------------- Done invoking toplevel() on ptolemy.moml.MoMLSimpleApplication@69f84c97
reloadAllAccessors: .SRinContinuous

===========================================================================================
----------------- testing Tue Sep 17 05:40:59 UTC 2019 /home/travis/build/icyphy/ptII/ptolemy/domains/continuous/test/auto/SampledClocks.xml
----------------- Instantiating /home/travis/build/icyphy/ptII/ptolemy/domains/continuous/test/auto/SampledClocks.xml
7 ms. Memory: 281600K Free: 235928K (84%)
----------------- Invoking toplevel() on ptolemy.moml.MoMLSimpleApplication@4353d266
----------------- Done invoking toplevel() on ptolemy.moml.MoMLSimpleApplication@4353d266
reloadAllAccessors: .SampledClocks

===========================================================================================
----------------- testing Tue Sep 17 05:40:59 UTC 2019 /home/travis/build/icyphy/ptII/ptolemy/domains/continuous/test/auto/Satellite.xml
----------------- Instantiating /home/travis/build/icyphy/ptII/ptolemy/domains/continuous/test/auto/Satellite.xml
806 ms. Memory: 281600K Free: 209065K (74%)
----------------- Invoking toplevel() on ptolemy.moml.MoMLSimpleApplication@2233f60b
----------------- Done invoking toplevel() on ptolemy.moml.MoMLSimpleApplication@2233f60b
reloadAllAccessors: .Satellite

===========================================================================================
----------------- testing Tue Sep 17 05:41:00 UTC 2019 /home/travis/build/icyphy/ptII/ptolemy/domains/continuous/test/auto/SigmaDelta.xml
----------------- Instantiating /home/travis/build/icyphy/ptII/ptolemy/domains/continuous/test/auto/SigmaDelta.xml
2432 ms. Memory: 281600K Free: 114917K (41%)
----------------- Invoking toplevel() on ptolemy.moml.MoMLSimpleApplication@2a772ebe
----------------- Done invoking toplevel() on ptolemy.moml.MoMLSimpleApplication@2a772ebe
reloadAllAccessors: .SigmaDelta

===========================================================================================
----------------- testing Tue Sep 17 05:41:03 UTC 2019 /home/travis/build/icyphy/ptII/ptolemy/domains/continuous/test/auto/SingleRefinement.xml
----------------- Instantiating /home/travis/build/icyphy/ptII/ptolemy/domains/continuous/test/auto/SingleRefinement.xml
331 ms. Memory: 281600K Free: 98662K (35%)
----------------- Invoking toplevel() on ptolemy.moml.MoMLSimpleApplication@684a36e8
----------------- Done invoking toplevel() on ptolemy.moml.MoMLSimpleApplication@684a36e8
reloadAllAccessors: .SingleRefinement

===========================================================================================
----------------- testing Tue Sep 17 05:41:03 UTC 2019 /home/travis/build/icyphy/ptII/ptolemy/domains/continuous/test/auto/SinuBouncingBall.xml
----------------- Instantiating /home/travis/build/icyphy/ptII/ptolemy/domains/continuous/test/auto/SinuBouncingBall.xml
837 ms. Memory: 281600K Free: 218280K (78%)
----------------- Invoking toplevel() on ptolemy.moml.MoMLSimpleApplication@43f3cee8
----------------- Done invoking toplevel() on ptolemy.moml.MoMLSimpleApplication@43f3cee8
reloadAllAccessors: .SinuBouncingBall

===========================================================================================
----------------- testing Tue Sep 17 05:41:04 UTC 2019 /home/travis/build/icyphy/ptII/ptolemy/domains/continuous/test/auto/Sinusoid.xml
----------------- Instantiating /home/travis/build/icyphy/ptII/ptolemy/domains/continuous/test/auto/Sinusoid.xml
5 ms. Memory: 281600K Free: 213705K (76%)
----------------- Invoking toplevel() on ptolemy.moml.MoMLSimpleApplication@6d3a1c12
----------------- Done invoking toplevel() on ptolemy.moml.MoMLSimpleApplication@6d3a1c12
reloadAllAccessors: .Sinusoid

===========================================================================================
----------------- testing Tue Sep 17 05:41:04 UTC 2019 /home/travis/build/icyphy/ptII/ptolemy/domains/continuous/test/auto/SinusoidInNoise.xml
----------------- Instantiating /home/travis/build/icyphy/ptII/ptolemy/domains/continuous/test/auto/SinusoidInNoise.xml
1006 ms. Memory: 281600K Free: 246607K (88%)
----------------- Invoking toplevel() on ptolemy.moml.MoMLSimpleApplication@7ffa907f
----------------- Done invoking toplevel() on ptolemy.moml.MoMLSimpleApplication@7ffa907f
reloadAllAccessors: .SinusoidInNoise

===========================================================================================
----------------- testing Tue Sep 17 05:41:05 UTC 2019 /home/travis/build/icyphy/ptII/ptolemy/domains/continuous/test/auto/SinusoidRK45.xml
----------------- Instantiating /home/travis/build/icyphy/ptII/ptolemy/domains/continuous/test/auto/SinusoidRK45.xml
3 ms. Memory: 281600K Free: 242511K (86%)
----------------- Invoking toplevel() on ptolemy.moml.MoMLSimpleApplication@4a3d6085
----------------- Done invoking toplevel() on ptolemy.moml.MoMLSimpleApplication@4a3d6085
reloadAllAccessors: .SinusoidRK45

===========================================================================================
----------------- testing Tue Sep 17 05:41:05 UTC 2019 /home/travis/build/icyphy/ptII/ptolemy/domains/continuous/test/auto/SinusoidWithMultipleImpulses.xml
----------------- Instantiating /home/travis/build/icyphy/ptII/ptolemy/domains/continuous/test/auto/SinusoidWithMultipleImpulses.xml
3 ms. Memory: 281600K Free: 237391K (84%)
----------------- Invoking toplevel() on ptolemy.moml.MoMLSimpleApplication@2e4fc5f3
----------------- Done invoking toplevel() on ptolemy.moml.MoMLSimpleApplication@2e4fc5f3
reloadAllAccessors: .SinusoidWithMultipleImpulses

===========================================================================================
----------------- testing Tue Sep 17 05:41:05 UTC 2019 /home/travis/build/icyphy/ptII/ptolemy/domains/continuous/test/auto/SquareWave.xml
----------------- Instantiating /home/travis/build/icyphy/ptII/ptolemy/domains/continuous/test/auto/SquareWave.xml
177 ms. Memory: 281600K Free: 209743K (74%)
----------------- Invoking toplevel() on ptolemy.moml.MoMLSimpleApplication@5b74ef13
----------------- Done invoking toplevel() on ptolemy.moml.MoMLSimpleApplication@5b74ef13
reloadAllAccessors: .SquareWave

===========================================================================================
----------------- testing Tue Sep 17 05:41:06 UTC 2019 /home/travis/build/icyphy/ptII/ptolemy/domains/continuous/test/auto/Starmac.xml
----------------- Instantiating /home/travis/build/icyphy/ptII/ptolemy/domains/continuous/test/auto/Starmac.xml
3093 ms. Memory: 281600K Free: 224551K (80%)
----------------- Invoking toplevel() on ptolemy.moml.MoMLSimpleApplication@7afa772
----------------- Done invoking toplevel() on ptolemy.moml.MoMLSimpleApplication@7afa772
reloadAllAccessors: .Starmac

===========================================================================================
----------------- testing Tue Sep 17 05:41:09 UTC 2019 /home/travis/build/icyphy/ptII/ptolemy/domains/continuous/test/auto/StaticUnits.xml
----------------- Instantiating /home/travis/build/icyphy/ptII/ptolemy/domains/continuous/test/auto/StaticUnits.xml
2340 ms. Memory: 281600K Free: 245984K (87%)
----------------- Invoking toplevel() on ptolemy.moml.MoMLSimpleApplication@5ac82801
----------------- Done invoking toplevel() on ptolemy.moml.MoMLSimpleApplication@5ac82801
reloadAllAccessors: .StaticUnits

===========================================================================================
----------------- testing Tue Sep 17 05:41:12 UTC 2019 /home/travis/build/icyphy/ptII/ptolemy/domains/continuous/test/auto/StickyMasses.xml
----------------- Instantiating /home/travis/build/icyphy/ptII/ptolemy/domains/continuous/test/auto/StickyMasses.xml
156 ms. Memory: 281600K Free: 196817K (70%)
----------------- Invoking toplevel() on ptolemy.moml.MoMLSimpleApplication@65668362
----------------- Done invoking toplevel() on ptolemy.moml.MoMLSimpleApplication@65668362
reloadAllAccessors: .StickyMasses

===========================================================================================
----------------- testing Tue Sep 17 05:41:12 UTC 2019 /home/travis/build/icyphy/ptII/ptolemy/domains/continuous/test/auto/StopTime.xml
----------------- Instantiating /home/travis/build/icyphy/ptII/ptolemy/domains/continuous/test/auto/StopTime.xml
46 ms. Memory: 281600K Free: 171746K (61%)
----------------- Invoking toplevel() on ptolemy.moml.MoMLSimpleApplication@3a2bed68
----------------- Done invoking toplevel() on ptolemy.moml.MoMLSimpleApplication@3a2bed68
reloadAllAccessors: .StopTime

===========================================================================================
----------------- testing Tue Sep 17 05:41:12 UTC 2019 /home/travis/build/icyphy/ptII/ptolemy/domains/continuous/test/auto/StopTime2.xml
----------------- Instantiating /home/travis/build/icyphy/ptII/ptolemy/domains/continuous/test/auto/StopTime2.xml
42 ms. Memory: 281600K Free: 149728K (53%)
----------------- Invoking toplevel() on ptolemy.moml.MoMLSimpleApplication@1e0c95f4
----------------- Done invoking toplevel() on ptolemy.moml.MoMLSimpleApplication@1e0c95f4
reloadAllAccessors: .StopTime2

===========================================================================================
----------------- testing Tue Sep 17 05:41:12 UTC 2019 /home/travis/build/icyphy/ptII/ptolemy/domains/continuous/test/auto/Switch.xml
----------------- Instantiating /home/travis/build/icyphy/ptII/ptolemy/domains/continuous/test/auto/Switch.xml
44 ms. Memory: 281600K Free: 125137K (44%)
----------------- Invoking toplevel() on ptolemy.moml.MoMLSimpleApplication@3cc5ffea
----------------- Done invoking toplevel() on ptolemy.moml.MoMLSimpleApplication@3cc5ffea
reloadAllAccessors: .Switch

===========================================================================================
----------------- testing Tue Sep 17 05:41:13 UTC 2019 /home/travis/build/icyphy/ptII/ptolemy/domains/continuous/test/auto/Thermostat.xml
----------------- Instantiating /home/travis/build/icyphy/ptII/ptolemy/domains/continuous/test/auto/Thermostat.xml
209 ms. Memory: 281600K Free: 216412K (77%)
----------------- Invoking toplevel() on ptolemy.moml.MoMLSimpleApplication@18262cb3
----------------- Done invoking toplevel() on ptolemy.moml.MoMLSimpleApplication@18262cb3
reloadAllAccessors: .Thermostat

===========================================================================================
----------------- testing Tue Sep 17 05:41:13 UTC 2019 /home/travis/build/icyphy/ptII/ptolemy/domains/continuous/test/auto/TimeDelay.xml
----------------- Instantiating /home/travis/build/icyphy/ptII/ptolemy/domains/continuous/test/auto/TimeDelay.xml
6 ms. Memory: 281600K Free: 211661K (75%)
----------------- Invoking toplevel() on ptolemy.moml.MoMLSimpleApplication@4d1bae0e
----------------- Done invoking toplevel() on ptolemy.moml.MoMLSimpleApplication@4d1bae0e
reloadAllAccessors: .TimeDelay

===========================================================================================
----------------- testing Tue Sep 17 05:41:13 UTC 2019 /home/travis/build/icyphy/ptII/ptolemy/domains/continuous/test/auto/TimeDelay2.xml
----------------- Instantiating /home/travis/build/icyphy/ptII/ptolemy/domains/continuous/test/auto/TimeDelay2.xml
9 ms. Memory: 281600K Free: 201941K (72%)
----------------- Invoking toplevel() on ptolemy.moml.MoMLSimpleApplication@4f32a9cd
----------------- Done invoking toplevel() on ptolemy.moml.MoMLSimpleApplication@4f32a9cd
reloadAllAccessors: .TimeDelay2

===========================================================================================
----------------- testing Tue Sep 17 05:41:13 UTC 2019 /home/travis/build/icyphy/ptII/ptolemy/domains/continuous/test/auto/TimeDelay3.xml
----------------- Instantiating /home/travis/build/icyphy/ptII/ptolemy/domains/continuous/test/auto/TimeDelay3.xml
6 ms. Memory: 281600K Free: 197843K (70%)
----------------- Invoking toplevel() on ptolemy.moml.MoMLSimpleApplication@303948bf
----------------- Done invoking toplevel() on ptolemy.moml.MoMLSimpleApplication@303948bf
reloadAllAccessors: .TimeDelay3

===========================================================================================
----------------- testing Tue Sep 17 05:41:13 UTC 2019 /home/travis/build/icyphy/ptII/ptolemy/domains/continuous/test/auto/TransferAbsentToInside.xml
----------------- Instantiating /home/travis/build/icyphy/ptII/ptolemy/domains/continuous/test/auto/TransferAbsentToInside.xml
52 ms. Memory: 281600K Free: 145093K (52%)
----------------- Invoking toplevel() on ptolemy.moml.MoMLSimpleApplication@57847833
----------------- Done invoking toplevel() on ptolemy.moml.MoMLSimpleApplication@57847833
reloadAllAccessors: .TransferAbsentToInside

===========================================================================================
----------------- testing Tue Sep 17 05:41:13 UTC 2019 /home/travis/build/icyphy/ptII/ptolemy/domains/continuous/test/auto/Transmission.xml
----------------- Instantiating /home/travis/build/icyphy/ptII/ptolemy/domains/continuous/test/auto/Transmission.xml
906 ms. Memory: 337920K Free: 133833K (40%)
----------------- Invoking toplevel() on ptolemy.moml.MoMLSimpleApplication@74f42ef4
----------------- Done invoking toplevel() on ptolemy.moml.MoMLSimpleApplication@74f42ef4
reloadAllAccessors: .Transmission

===========================================================================================
----------------- testing Tue Sep 17 05:41:14 UTC 2019 /home/travis/build/icyphy/ptII/ptolemy/domains/continuous/test/auto/TriggeredContinuousClock.xml
----------------- Instantiating /home/travis/build/icyphy/ptII/ptolemy/domains/continuous/test/auto/TriggeredContinuousClock.xml
41 ms. Memory: 337920K Free: 300708K (89%)
----------------- Invoking toplevel() on ptolemy.moml.MoMLSimpleApplication@2cee4102
----------------- Done invoking toplevel() on ptolemy.moml.MoMLSimpleApplication@2cee4102
reloadAllAccessors: .TriggeredContinuousClock

===========================================================================================
----------------- testing Tue Sep 17 05:41:14 UTC 2019 /home/travis/build/icyphy/ptII/ptolemy/domains/continuous/test/auto/TwoMachineInfiniteBusControl.xml
----------------- Instantiating /home/travis/build/icyphy/ptII/ptolemy/domains/continuous/test/auto/TwoMachineInfiniteBusControl.xml
3257 ms. Memory: 337920K Free: 132253K (39%)
----------------- Invoking toplevel() on ptolemy.moml.MoMLSimpleApplication@4d866504
----------------- Done invoking toplevel() on ptolemy.moml.MoMLSimpleApplication@4d866504
reloadAllAccessors: .TwoMachineInfiniteBusControl

===========================================================================================
----------------- testing Tue Sep 17 05:41:17 UTC 2019 /home/travis/build/icyphy/ptII/ptolemy/domains/continuous/test/auto/V2V.xml
----------------- Instantiating /home/travis/build/icyphy/ptII/ptolemy/domains/continuous/test/auto/V2V.xml
802 ms. Memory: 337920K Free: 141974K (42%)
----------------- Invoking toplevel() on ptolemy.moml.MoMLSimpleApplication@483cb49d
----------------- Done invoking toplevel() on ptolemy.moml.MoMLSimpleApplication@483cb49d
reloadAllAccessors: .V2V

===========================================================================================
----------------- testing Tue Sep 17 05:41:18 UTC 2019 /home/travis/build/icyphy/ptII/ptolemy/domains/continuous/test/auto/hierarchicalModalModel.xml
----------------- Instantiating /home/travis/build/icyphy/ptII/ptolemy/domains/continuous/test/auto/hierarchicalModalModel.xml
9 ms. Memory: 337920K Free: 128134K (38%)
----------------- Invoking toplevel() on ptolemy.moml.MoMLSimpleApplication@7b7d8a1f
----------------- Done invoking toplevel() on ptolemy.moml.MoMLSimpleApplication@7b7d8a1f
reloadAllAccessors: .hierarchicalModalModel

===========================================================================================
----------------- testing Tue Sep 17 05:41:18 UTC 2019 /home/travis/build/icyphy/ptII/ptolemy/domains/continuous/test/auto/hierarchicalModalModel1.xml
----------------- Instantiating /home/travis/build/icyphy/ptII/ptolemy/domains/continuous/test/auto/hierarchicalModalModel1.xml
8 ms. Memory: 337920K Free: 309902K (92%)
----------------- Invoking toplevel() on ptolemy.moml.MoMLSimpleApplication@3f016eb0
----------------- Done invoking toplevel() on ptolemy.moml.MoMLSimpleApplication@3f016eb0
reloadAllAccessors: .hierarchicalModalModel1

===========================================================================================
----------------- testing Tue Sep 17 05:41:18 UTC 2019 /home/travis/build/icyphy/ptII/ptolemy/domains/continuous/test/auto/hierarchicalModalModel2.xml
----------------- Instantiating /home/travis/build/icyphy/ptII/ptolemy/domains/continuous/test/auto/hierarchicalModalModel2.xml
6 ms. Memory: 337920K Free: 297599K (88%)
----------------- Invoking toplevel() on ptolemy.moml.MoMLSimpleApplication@af2ba48
----------------- Done invoking toplevel() on ptolemy.moml.MoMLSimpleApplication@af2ba48
reloadAllAccessors: .hierarchicalModalModel2

===========================================================================================
----------------- testing Tue Sep 17 05:41:18 UTC 2019 /home/travis/build/icyphy/ptII/ptolemy/domains/continuous/test/auto/hierarchicalModalModel3.xml
----------------- Instantiating /home/travis/build/icyphy/ptII/ptolemy/domains/continuous/test/auto/hierarchicalModalModel3.xml
6 ms. Memory: 337920K Free: 286864K (85%)
----------------- Invoking toplevel() on ptolemy.moml.MoMLSimpleApplication@7ec5ae6e
----------------- Done invoking toplevel() on ptolemy.moml.MoMLSimpleApplication@7ec5ae6e
reloadAllAccessors: .hierarchicalModalModel3

===========================================================================================
----------------- testing Tue Sep 17 05:41:18 UTC 2019 /home/travis/build/icyphy/ptII/ptolemy/domains/continuous/test/auto/hierarchicalModalModel4.xml
----------------- Instantiating /home/travis/build/icyphy/ptII/ptolemy/domains/continuous/test/auto/hierarchicalModalModel4.xml
6 ms. Memory: 337920K Free: 275086K (81%)
----------------- Invoking toplevel() on ptolemy.moml.MoMLSimpleApplication@48ee0a66
----------------- Done invoking toplevel() on ptolemy.moml.MoMLSimpleApplication@48ee0a66
reloadAllAccessors: .hierarchicalModalModel4

===========================================================================================
----------------- testing Tue Sep 17 05:41:19 UTC 2019 /home/travis/build/icyphy/ptII/ptolemy/domains/continuous/test/auto/junk.xml
----------------- Instantiating /home/travis/build/icyphy/ptII/ptolemy/domains/continuous/test/auto/junk.xml
147 ms. Memory: 337920K Free: 246928K (73%)
----------------- Invoking toplevel() on ptolemy.moml.MoMLSimpleApplication@7a1b49ab
----------------- Done invoking toplevel() on ptolemy.moml.MoMLSimpleApplication@7a1b49ab
reloadAllAccessors: .junk
AutoTests.java: About to close Vertx.
AutoTests.java: Vertx closed.
]]></system-out>
  <system-err><![CDATA[Warning: '.HysteresisWithRandomDelay.NonStrictTest3' The test produced only 22 tokens, yet the correctValues parameter was expecting 30 tokens.
Warning: '.Poisson.NonStrictTest' The test produced only 393 tokens, yet the correctValues parameter was expecting 430 tokens.
]]></system-err>
</testsuite>
