<?xml version="1.0" encoding="UTF-8" ?>
<testsuite errors="0" failures="0" hostname="travis-job-3307ce47-ed0c-456e-9504-7536df0445a7" name="ptolemy.domains.de.test.junit.JUnitTclTest" skipped="0" tests="101" time="140.068" timestamp="2018-10-31T02:37:40">
  <properties>
[...]
</properties>
  <testcase classname="ptolemy.util.test.junit.TclTests" name="[0] /home/travis/build/icyphy/ptII/ptolemy/domains/de/test/DependencyLoop.tcl (RunTclFile)" time="0.914" />
  <testcase classname="ptolemy.util.test.junit.TclTests" name="[1] /home/travis/build/icyphy/ptII/ptolemy/domains/de/test/RunDETestsAsQSS.tcl (RunTclFile)" time="96.01" />
  <testcase classname="ptolemy.util.test.junit.AutoKnownFailedTests" name="[0] /home/travis/build/icyphy/ptII/ptolemy/domains/de/test/auto/knownFailedTests/DESDFClockTest.xml (RunModel)" time="2.061" />
  <testcase classname="ptolemy.util.test.junit.AutoKnownFailedTests" name="[1] /home/travis/build/icyphy/ptII/ptolemy/domains/de/test/auto/knownFailedTests/DirectFeedback.xml (RunModel)" time="0.04" />
  <testcase classname="ptolemy.util.test.junit.AutoKnownFailedTests" name="[2] /home/travis/build/icyphy/ptII/ptolemy/domains/de/test/auto/knownFailedTests/FSMSource.xml (RunModel)" time="0.055" />
  <testcase classname="ptolemy.util.test.junit.AutoKnownFailedTests" name="[3] /home/travis/build/icyphy/ptII/ptolemy/domains/de/test/auto/knownFailedTests/HierarchicalModel.xml (RunModel)" time="0.071" />
  <testcase classname="ptolemy.util.test.junit.AutoKnownFailedTests" name="[4] /home/travis/build/icyphy/ptII/ptolemy/domains/de/test/auto/knownFailedTests/dependencyLoop.xml (RunModel)" time="0.048" />
  <testcase classname="ptolemy.util.test.junit.AutoKnownFailedTests" name="[5] /home/travis/build/icyphy/ptII/ptolemy/domains/de/test/auto/knownFailedTests/dependencyLoop2.xml (RunModel)" time="0.051" />
  <testcase classname="ptolemy.util.test.junit.AutoNameArchTests" name="[0] ThereAreNoAutoArchTests (RunModel)" time="0.005" />
  <testcase classname="ptolemy.util.test.junit.AutoTests" name="[0] /home/travis/build/icyphy/ptII/ptolemy/domains/de/test/auto/ActorDepthCalculation_actorWithoutPorts.xml (RunModel)" time="0.02" />
  <testcase classname="ptolemy.util.test.junit.AutoTests" name="[1] /home/travis/build/icyphy/ptII/ptolemy/domains/de/test/auto/AssemblyLine.xml (RunModel)" time="0.03" />
  <testcase classname="ptolemy.util.test.junit.AutoTests" name="[2] /home/travis/build/icyphy/ptII/ptolemy/domains/de/test/auto/CQBug1.xml (RunModel)" time="0.017" />
  <testcase classname="ptolemy.util.test.junit.AutoTests" name="[3] /home/travis/build/icyphy/ptII/ptolemy/domains/de/test/auto/CancelFireAt.xml (RunModel)" time="0.011" />
  <testcase classname="ptolemy.util.test.junit.AutoTests" name="[4] /home/travis/build/icyphy/ptII/ptolemy/domains/de/test/auto/CausalityAndComposabilityAnalysis.xml (RunModel)" time="0.014" />
  <testcase classname="ptolemy.util.test.junit.AutoTests" name="[5] /home/travis/build/icyphy/ptII/ptolemy/domains/de/test/auto/CausalityInterface1.xml (RunModel)" time="0.018" />
  <testcase classname="ptolemy.util.test.junit.AutoTests" name="[6] /home/travis/build/icyphy/ptII/ptolemy/domains/de/test/auto/CausalityInterface15.xml (RunModel)" time="0.016" />
  <testcase classname="ptolemy.util.test.junit.AutoTests" name="[7] /home/travis/build/icyphy/ptII/ptolemy/domains/de/test/auto/CausalityInterface2.xml (RunModel)" time="0.021" />
  <testcase classname="ptolemy.util.test.junit.AutoTests" name="[8] /home/travis/build/icyphy/ptII/ptolemy/domains/de/test/auto/CausalityInterface3.xml (RunModel)" time="0.018" />
  <testcase classname="ptolemy.util.test.junit.AutoTests" name="[9] /home/travis/build/icyphy/ptII/ptolemy/domains/de/test/auto/ClockDrift.xml (RunModel)" time="0.053" />
  <testcase classname="ptolemy.util.test.junit.AutoTests" name="[10] /home/travis/build/icyphy/ptII/ptolemy/domains/de/test/auto/ClockDriftAndValueChange.xml (RunModel)" time="0.048" />
  <testcase classname="ptolemy.util.test.junit.AutoTests" name="[11] /home/travis/build/icyphy/ptII/ptolemy/domains/de/test/auto/ClockDriftChange.xml (RunModel)" time="0.054" />
  <testcase classname="ptolemy.util.test.junit.AutoTests" name="[12] /home/travis/build/icyphy/ptII/ptolemy/domains/de/test/auto/ComposableCausalityAnalysis.xml (RunModel)" time="0.029" />
  <testcase classname="ptolemy.util.test.junit.AutoTests" name="[13] /home/travis/build/icyphy/ptII/ptolemy/domains/de/test/auto/DEFixedPointLimitation.xml (RunModel)" time="0.013" />
  <testcase classname="ptolemy.util.test.junit.AutoTests" name="[14] /home/travis/build/icyphy/ptII/ptolemy/domains/de/test/auto/DEScheduleTest.xml (RunModel)" time="0.015" />
  <testcase classname="ptolemy.util.test.junit.AutoTests" name="[15] /home/travis/build/icyphy/ptII/ptolemy/domains/de/test/auto/DEinDEwithStartTimes.xml (RunModel)" time="0.021" />
  <testcase classname="ptolemy.util.test.junit.AutoTests" name="[16] /home/travis/build/icyphy/ptII/ptolemy/domains/de/test/auto/DEinDEwithStartTimes2.xml (RunModel)" time="0.024" />
  <testcase classname="ptolemy.util.test.junit.AutoTests" name="[17] /home/travis/build/icyphy/ptII/ptolemy/domains/de/test/auto/DateDemo.xml (RunModel)" time="0.044" />
  <testcase classname="ptolemy.util.test.junit.AutoTests" name="[18] /home/travis/build/icyphy/ptII/ptolemy/domains/de/test/auto/DateToEvent.xml (RunModel)" time="2.053" />
  <testcase classname="ptolemy.util.test.junit.AutoTests" name="[19] /home/travis/build/icyphy/ptII/ptolemy/domains/de/test/auto/DepthTest1.xml (RunModel)" time="0.012" />
  <testcase classname="ptolemy.util.test.junit.AutoTests" name="[20] /home/travis/build/icyphy/ptII/ptolemy/domains/de/test/auto/DepthTest2.xml (RunModel)" time="0.023" />
  <testcase classname="ptolemy.util.test.junit.AutoTests" name="[21] /home/travis/build/icyphy/ptII/ptolemy/domains/de/test/auto/DepthTest3.xml (RunModel)" time="0.009" />
  <testcase classname="ptolemy.util.test.junit.AutoTests" name="[22] /home/travis/build/icyphy/ptII/ptolemy/domains/de/test/auto/DepthTest4.xml (RunModel)" time="0.017" />
  <testcase classname="ptolemy.util.test.junit.AutoTests" name="[23] /home/travis/build/icyphy/ptII/ptolemy/domains/de/test/auto/DepthTest5.xml (RunModel)" time="0.015" />
  <testcase classname="ptolemy.util.test.junit.AutoTests" name="[24] /home/travis/build/icyphy/ptII/ptolemy/domains/de/test/auto/DepthTest6.xml (RunModel)" time="0.018" />
  <testcase classname="ptolemy.util.test.junit.AutoTests" name="[25] /home/travis/build/icyphy/ptII/ptolemy/domains/de/test/auto/DepthTest7.xml (RunModel)" time="0.014" />
  <testcase classname="ptolemy.util.test.junit.AutoTests" name="[26] /home/travis/build/icyphy/ptII/ptolemy/domains/de/test/auto/EventToDate.xml (RunModel)" time="3.045" />
  <testcase classname="ptolemy.util.test.junit.AutoTests" name="[27] /home/travis/build/icyphy/ptII/ptolemy/domains/de/test/auto/FSM1.xml (RunModel)" time="0.035" />
  <testcase classname="ptolemy.util.test.junit.AutoTests" name="[28] /home/travis/build/icyphy/ptII/ptolemy/domains/de/test/auto/FSM7.xml (RunModel)" time="0.046" />
  <testcase classname="ptolemy.util.test.junit.AutoTests" name="[29] /home/travis/build/icyphy/ptII/ptolemy/domains/de/test/auto/Inspection.xml (RunModel)" time="0.053" />
  <testcase classname="ptolemy.util.test.junit.AutoTests" name="[30] /home/travis/build/icyphy/ptII/ptolemy/domains/de/test/auto/Iteration.xml (RunModel)" time="0.043" />
  <testcase classname="ptolemy.util.test.junit.AutoTests" name="[31] /home/travis/build/icyphy/ptII/ptolemy/domains/de/test/auto/LineFault.xml (RunModel)" time="0.63" />
  <testcase classname="ptolemy.util.test.junit.AutoTests" name="[32] /home/travis/build/icyphy/ptII/ptolemy/domains/de/test/auto/MergeModel1Add.xml (RunModel)" time="0.052" />
  <testcase classname="ptolemy.util.test.junit.AutoTests" name="[33] /home/travis/build/icyphy/ptII/ptolemy/domains/de/test/auto/MergeModel2Add.xml (RunModel)" time="0.044" />
  <testcase classname="ptolemy.util.test.junit.AutoTests" name="[34] /home/travis/build/icyphy/ptII/ptolemy/domains/de/test/auto/MergeModel3Add.xml (RunModel)" time="0.052" />
  <testcase classname="ptolemy.util.test.junit.AutoTests" name="[35] /home/travis/build/icyphy/ptII/ptolemy/domains/de/test/auto/MergeWithoutDiscard.xml (RunModel)" time="0.016" />
  <testcase classname="ptolemy.util.test.junit.AutoTests" name="[36] /home/travis/build/icyphy/ptII/ptolemy/domains/de/test/auto/Modal1.xml (RunModel)" time="0.029" />
  <testcase classname="ptolemy.util.test.junit.AutoTests" name="[37] /home/travis/build/icyphy/ptII/ptolemy/domains/de/test/auto/Modal2.xml (RunModel)" time="0.036" />
  <testcase classname="ptolemy.util.test.junit.AutoTests" name="[38] /home/travis/build/icyphy/ptII/ptolemy/domains/de/test/auto/Modal3.xml (RunModel)" time="0.024" />
  <testcase classname="ptolemy.util.test.junit.AutoTests" name="[39] /home/travis/build/icyphy/ptII/ptolemy/domains/de/test/auto/Modal4.xml (RunModel)" time="0.025" />
  <testcase classname="ptolemy.util.test.junit.AutoTests" name="[40] /home/travis/build/icyphy/ptII/ptolemy/domains/de/test/auto/Modal5.xml (RunModel)" time="0.026" />
  <testcase classname="ptolemy.util.test.junit.AutoTests" name="[41] /home/travis/build/icyphy/ptII/ptolemy/domains/de/test/auto/Modal6.xml (RunModel)" time="0.029" />
  <testcase classname="ptolemy.util.test.junit.AutoTests" name="[42] /home/travis/build/icyphy/ptII/ptolemy/domains/de/test/auto/Modal7.xml (RunModel)" time="0.036" />
  <testcase classname="ptolemy.util.test.junit.AutoTests" name="[43] /home/travis/build/icyphy/ptII/ptolemy/domains/de/test/auto/ModalModel.xml (RunModel)" time="0.186" />
  <testcase classname="ptolemy.util.test.junit.AutoTests" name="[44] /home/travis/build/icyphy/ptII/ptolemy/domains/de/test/auto/ModalSource.xml (RunModel)" time="0.021" />
  <testcase classname="ptolemy.util.test.junit.AutoTests" name="[45] /home/travis/build/icyphy/ptII/ptolemy/domains/de/test/auto/NonInterruptibleTimerZeroDelay.xml (RunModel)" time="0.015" />
  <testcase classname="ptolemy.util.test.junit.AutoTests" name="[46] /home/travis/build/icyphy/ptII/ptolemy/domains/de/test/auto/OpenQueueingNetwork.xml (RunModel)" time="2.481" />
  <testcase classname="ptolemy.util.test.junit.AutoTests" name="[47] /home/travis/build/icyphy/ptII/ptolemy/domains/de/test/auto/OpenQueuingNetwork.xml (RunModel)" time="0.304" />
  <testcase classname="ptolemy.util.test.junit.AutoTests" name="[48] /home/travis/build/icyphy/ptII/ptolemy/domains/de/test/auto/PeriodicSampler.xml (RunModel)" time="0.01" />
  <testcase classname="ptolemy.util.test.junit.AutoTests" name="[49] /home/travis/build/icyphy/ptII/ptolemy/domains/de/test/auto/PersistentIO.xml (RunModel)" time="0.03" />
  <testcase classname="ptolemy.util.test.junit.AutoTests" name="[50] /home/travis/build/icyphy/ptII/ptolemy/domains/de/test/auto/PortParameterResetOnInitialize.xml (RunModel)" time="0.014" />
  <testcase classname="ptolemy.util.test.junit.AutoTests" name="[51] /home/travis/build/icyphy/ptII/ptolemy/domains/de/test/auto/PortParameterUpdates.xml (RunModel)" time="0.023" />
  <testcase classname="ptolemy.util.test.junit.AutoTests" name="[52] /home/travis/build/icyphy/ptII/ptolemy/domains/de/test/auto/QueueAndServer.xml (RunModel)" time="0.023" />
  <testcase classname="ptolemy.util.test.junit.AutoTests" name="[53] /home/travis/build/icyphy/ptII/ptolemy/domains/de/test/auto/Records.xml (RunModel)" time="0.026" />
  <testcase classname="ptolemy.util.test.junit.AutoTests" name="[54] /home/travis/build/icyphy/ptII/ptolemy/domains/de/test/auto/ResetTransitionWithStartTime1.xml (RunModel)" time="0.028" />
  <testcase classname="ptolemy.util.test.junit.AutoTests" name="[55] /home/travis/build/icyphy/ptII/ptolemy/domains/de/test/auto/ResetTransitionWithStartTime2.xml (RunModel)" time="0.022" />
  <testcase classname="ptolemy.util.test.junit.AutoTests" name="[56] /home/travis/build/icyphy/ptII/ptolemy/domains/de/test/auto/ResetTransitionWithStartTime3.xml (RunModel)" time="0.028" />
  <testcase classname="ptolemy.util.test.junit.AutoTests" name="[57] /home/travis/build/icyphy/ptII/ptolemy/domains/de/test/auto/ResetTransitionWithStartTime4.xml (RunModel)" time="0.021" />
  <testcase classname="ptolemy.util.test.junit.AutoTests" name="[58] /home/travis/build/icyphy/ptII/ptolemy/domains/de/test/auto/ResettableTimer1.xml (RunModel)" time="0.011" />
  <testcase classname="ptolemy.util.test.junit.AutoTests" name="[59] /home/travis/build/icyphy/ptII/ptolemy/domains/de/test/auto/ResettableTimer2.xml (RunModel)" time="0.011" />
  <testcase classname="ptolemy.util.test.junit.AutoTests" name="[60] /home/travis/build/icyphy/ptII/ptolemy/domains/de/test/auto/ResettableTimer3.xml (RunModel)" time="0.009" />
  <testcase classname="ptolemy.util.test.junit.AutoTests" name="[61] /home/travis/build/icyphy/ptII/ptolemy/domains/de/test/auto/ResettableTimer4.xml (RunModel)" time="0.009" />
  <testcase classname="ptolemy.util.test.junit.AutoTests" name="[62] /home/travis/build/icyphy/ptII/ptolemy/domains/de/test/auto/ResettableTimer5.xml (RunModel)" time="0.01" />
  <testcase classname="ptolemy.util.test.junit.AutoTests" name="[63] /home/travis/build/icyphy/ptII/ptolemy/domains/de/test/auto/ResettableTimer6.xml (RunModel)" time="0.017" />
  <testcase classname="ptolemy.util.test.junit.AutoTests" name="[64] /home/travis/build/icyphy/ptII/ptolemy/domains/de/test/auto/ServerZeroDelay.xml (RunModel)" time="0.014" />
  <testcase classname="ptolemy.util.test.junit.AutoTests" name="[65] /home/travis/build/icyphy/ptII/ptolemy/domains/de/test/auto/SmartSender.xml (RunModel)" time="3.009" />
  <testcase classname="ptolemy.util.test.junit.AutoTests" name="[66] /home/travis/build/icyphy/ptII/ptolemy/domains/de/test/auto/ThreadedComposite.xml (RunModel)" time="0.164" />
  <testcase classname="ptolemy.util.test.junit.AutoTests" name="[67] /home/travis/build/icyphy/ptII/ptolemy/domains/de/test/auto/Time.xml (RunModel)" time="0.447" />
  <testcase classname="ptolemy.util.test.junit.AutoTests" name="[68] /home/travis/build/icyphy/ptII/ptolemy/domains/de/test/auto/TimeDelayZeroDelay.xml (RunModel)" time="0.015" />
  <testcase classname="ptolemy.util.test.junit.AutoTests" name="[69] /home/travis/build/icyphy/ptII/ptolemy/domains/de/test/auto/TimerZeroDelay.xml (RunModel)" time="0.014" />
  <testcase classname="ptolemy.util.test.junit.AutoTests" name="[70] /home/travis/build/icyphy/ptII/ptolemy/domains/de/test/auto/TimingParadox.xml (RunModel)" time="0.366" />
  <testcase classname="ptolemy.util.test.junit.AutoTests" name="[71] /home/travis/build/icyphy/ptII/ptolemy/domains/de/test/auto/TransferInputs.xml (RunModel)" time="0.016" />
  <testcase classname="ptolemy.util.test.junit.AutoTests" name="[72] /home/travis/build/icyphy/ptII/ptolemy/domains/de/test/auto/TransferOutputs2.xml (RunModel)" time="0.025" />
  <testcase classname="ptolemy.util.test.junit.AutoTests" name="[73] /home/travis/build/icyphy/ptII/ptolemy/domains/de/test/auto/Trilateration.xml (RunModel)" time="13.44" />
  <testcase classname="ptolemy.util.test.junit.AutoTests" name="[74] /home/travis/build/icyphy/ptII/ptolemy/domains/de/test/auto/TwoSigmaDelta.xml (RunModel)" time="2.53" />
  <testcase classname="ptolemy.util.test.junit.AutoTests" name="[75] /home/travis/build/icyphy/ptII/ptolemy/domains/de/test/auto/VariableDelay.xml (RunModel)" time="0.014" />
  <testcase classname="ptolemy.util.test.junit.AutoTests" name="[76] /home/travis/build/icyphy/ptII/ptolemy/domains/de/test/auto/VariableDelay2.xml (RunModel)" time="0.013" />
  <testcase classname="ptolemy.util.test.junit.AutoTests" name="[77] /home/travis/build/icyphy/ptII/ptolemy/domains/de/test/auto/VariableDelayZeroDelay.xml (RunModel)" time="0.013" />
  <testcase classname="ptolemy.util.test.junit.AutoTests" name="[78] /home/travis/build/icyphy/ptII/ptolemy/domains/de/test/auto/VariableDelayZeroDelay2.xml (RunModel)" time="0.02" />
  <testcase classname="ptolemy.util.test.junit.AutoTests" name="[79] /home/travis/build/icyphy/ptII/ptolemy/domains/de/test/auto/deInCt.xml (RunModel)" time="0.017" />
  <testcase classname="ptolemy.util.test.junit.AutoTests" name="[80] /home/travis/build/icyphy/ptII/ptolemy/domains/de/test/auto/deInCt2.xml (RunModel)" time="0.018" />
  <testcase classname="ptolemy.util.test.junit.AutoTests" name="[81] /home/travis/build/icyphy/ptII/ptolemy/domains/de/test/auto/dynamicCausalityInterface1.xml (RunModel)" time="0.018" />
  <testcase classname="ptolemy.util.test.junit.AutoTests" name="[82] /home/travis/build/icyphy/ptII/ptolemy/domains/de/test/auto/fsm_de_test.xml (RunModel)" time="0.021" />
  <testcase classname="ptolemy.util.test.junit.AutoTests" name="[83] /home/travis/build/icyphy/ptII/ptolemy/domains/de/test/auto/functionDependencyReconstruction.xml (RunModel)" time="0.031" />
  <testcase classname="ptolemy.util.test.junit.AutoTests" name="[84] /home/travis/build/icyphy/ptII/ptolemy/domains/de/test/auto/multirate.xml (RunModel)" time="0.014" />
  <testcase classname="ptolemy.util.test.junit.AutoTests" name="[85] /home/travis/build/icyphy/ptII/ptolemy/domains/de/test/auto/multirate2.xml (RunModel)" time="0.018" />
  <testcase classname="ptolemy.util.test.junit.AutoTests" name="[86] /home/travis/build/icyphy/ptII/ptolemy/domains/de/test/auto/realtime.xml (RunModel)" time="10.012" />
  <testcase classname="ptolemy.util.test.junit.AutoTests" name="[87] /home/travis/build/icyphy/ptII/ptolemy/domains/de/test/auto/relationGroup.xml (RunModel)" time="0.016" />
  <testcase classname="ptolemy.util.test.junit.AutoTests" name="[88] /home/travis/build/icyphy/ptII/ptolemy/domains/de/test/auto/relationGroup2.xml (RunModel)" time="0.013" />
  <testcase classname="ptolemy.util.test.junit.AutoTests" name="[89] /home/travis/build/icyphy/ptII/ptolemy/domains/de/test/auto/sortWithOpaquePorts.xml (RunModel)" time="0.011" />
  <testcase classname="ptolemy.util.test.junit.AutoTests" name="[90] /home/travis/build/icyphy/ptII/ptolemy/domains/de/test/auto/transferInputsandOutputs.xml (RunModel)" time="0.016" />
  <testcase classname="ptolemy.util.test.junit.AutoTests" name="[91] /home/travis/build/icyphy/ptII/ptolemy/domains/de/test/auto/triggerType.xml (RunModel)" time="0.008" />
  <system-out><![CDATA[/home/travis/build/icyphy/ptII/ptolemy/domains/de/test/DependencyLoop.tcl
testDefs.tcl: setting time out to 9000 seconds at Wed Oct 31 02:37:40 UTC 2018
14 ms. Memory: 116224K Free: 93363K (80%)
8 ms. Memory: 146944K Free: 136693K (93%)
/home/travis/build/icyphy/ptII/ptolemy/domains/de/test/RunDETestsAsQSS.tcl
Run the DE tests using ptolemy.domains.qss.test.QSSDirectorTest, which extends QSSDirector and prints a message in the constructors.
------------------ testing $PTII/ptolemy/domains/de/test/auto/knownFailedTests/dependencyLoop.xml (Known Failure) 
9 ms. Memory: 146944K Free: 133581K (91%)


==== $PTIIhome/travis/build/icyphy/ptII/ptolemy/domains/de/test/../../../../: Auto Automatic test in file $PTII/ptolemy/domains/de/test/auto/knownFailedTests/dependencyLoop.xml
==== Contents of test case:

	    # FIXME: we should use $relativeFilename here, but it
	    # might have backslashes under Windows, which causes no end
	    # of trouble.
	    createAndExecute $file
	    list {}
	
.... Test generated KNOWN error:
    while executing
ptolemy.kernel.util.IllegalActionException: Found a zero delay loop containing .dependencyLoop.original
  in .dependencyLoop and .dependencyLoop.original
	at ptolemy.actor.util.CausalityInterfaceForComposites._computeOutputPortDepth(CausalityInterfaceForComposites.java:759)
	at ptolemy.actor.util.CausalityInterfaceForComposites._computeInputDepth(CausalityInterfaceForComposites.java:696)
	at ptolemy.actor.util.CausalityInterfaceForComposites._computeOutputPortDepth(CausalityInterfaceForComposites.java:765)
	at ptolemy.actor.util.CausalityInterfaceForComposites._computeInputDepth(CausalityInterfaceForComposites.java:696)
	at ptolemy.actor.util.CausalityInterfaceForComposites._computeOutputPortDepth(CausalityInterfaceForComposites.java:765)
	at ptolemy.actor.util.CausalityInterfaceForComposites._computeInputDepth(CausalityInterfaceForComposites.java:696)
	at ptolemy.actor.util.CausalityInterfaceForComposites._computeActorDepth(CausalityInterfaceForComposites.java:532)
	at ptolemy.actor.util.CausalityInterfaceForComposites.checkForCycles(CausalityInterfaceForComposites.java:96)
	at ptolemy.domains.de.kernel.DEDirector.preinitialize(DEDirector.java:1338)
	at ptolemy.actor.CompositeActor.preinitialize(CompositeActor.java:1828)
	at ptolemy.actor.Manager.preinitializeAndResolveTypes(Manager.java:1040)
	at ptolemy.actor.Manager.initialize(Manager.java:710)
	at ptolemy.actor.Manager.execute(Manager.java:356)
	at ptolemy.actor.Manager.run(Manager.java:1263)
	at ptolemy.actor.Manager$PtolemyRunThread.run(Manager.java:1915)

    while executing
ptolemy.kernel.util.IllegalActionException: Found a zero delay loop containing .dependencyLoop.original
  in .dependencyLoop and .dependencyLoop.original
    while executing
"java::new ptolemy.moml.MoMLSimpleApplication $file
"
    (procedure "createAndExecute" line 2)
    invoked from within
"createAndExecute $file"
    ("uplevel" body line 5)
    invoked from within
"uplevel $contents_of_test"
------------------ testing $PTII/ptolemy/domains/de/test/auto/knownFailedTests/DESDFClockTest.xml (Known Failure) 
2082 ms. Memory: 146944K Free: 117755K (80%)


==== $PTIIhome/travis/build/icyphy/ptII/ptolemy/domains/de/test/../../../../: Auto Automatic test in file $PTII/ptolemy/domains/de/test/auto/knownFailedTests/DESDFClockTest.xml
==== Contents of test case:

	    # FIXME: we should use $relativeFilename here, but it
	    # might have backslashes under Windows, which causes no end
	    # of trouble.
	    createAndExecute $file
	    list {}
	
.... Test generated KNOWN error:
    while executing
ptolemy.kernel.util.IllegalActionException: Actor is not ready to fire.  Perhaps UpSample.prefire() returned false? Try debugging the actor by selecting "Listen to Actor".  Also, for SDF check moml for tokenConsumptionRate on input.
  in .DESDFClockTest.Play Bell.Copy1:SDF Director and .DESDFClockTest.Play Bell.UpSample
	at ptolemy.actor.sched.StaticSchedulingDirector.fire(StaticSchedulingDirector.java:227)
	at ptolemy.domains.sdf.kernel.SDFDirector.fire(SDFDirector.java:500)
	at ptolemy.actor.CompositeActor.fire(CompositeActor.java:455)
	at ptolemy.domains.de.kernel.DEDirector._fire(DEDirector.java:1949)
	at ptolemy.domains.de.kernel.DEDirector.fire(DEDirector.java:502)
	at ptolemy.actor.CompositeActor.fire(CompositeActor.java:455)
	at ptolemy.actor.Manager.iterate(Manager.java:851)
	at ptolemy.actor.Manager.execute(Manager.java:369)
	at ptolemy.actor.Manager.run(Manager.java:1263)
	at ptolemy.actor.Manager$PtolemyRunThread.run(Manager.java:1915)

    while executing
ptolemy.kernel.util.IllegalActionException: Actor is not ready to fire.  Perhaps UpSample.prefire() returned false? Try debugging the actor by selecting "Listen to Actor".  Also, for SDF check moml for tokenConsumptionRate on input.
  in .DESDFClockTest.Play Bell.Copy1:SDF Director and .DESDFClockTest.Play Bell.UpSample
    while executing
"java::new ptolemy.moml.MoMLSimpleApplication $file
"
    (procedure "createAndExecute" line 2)
    invoked from within
"createAndExecute $file"
    ("uplevel" body line 5)
    invoked from within
"uplevel $contents_of_test"
------------------ testing $PTII/ptolemy/domains/de/test/auto/knownFailedTests/FSMSource.xml (Known Failure) 
32 ms. Memory: 146944K Free: 108764K (74%)
!!!! Auto was marked as failing, but now passes
------------------ testing $PTII/ptolemy/domains/de/test/auto/knownFailedTests/dependencyLoop2.xml (Known Failure) 
11 ms. Memory: 146944K Free: 106880K (73%)


==== $PTIIhome/travis/build/icyphy/ptII/ptolemy/domains/de/test/../../../../: Auto Automatic test in file $PTII/ptolemy/domains/de/test/auto/knownFailedTests/dependencyLoop2.xml
==== Contents of test case:

	    # FIXME: we should use $relativeFilename here, but it
	    # might have backslashes under Windows, which causes no end
	    # of trouble.
	    createAndExecute $file
	    list {}
	
.... Test generated KNOWN error:
    while executing
ptolemy.kernel.util.IllegalActionException: Found a zero delay loop containing .dependencyLoop2.original
  in .dependencyLoop2 and .dependencyLoop2.original
	at ptolemy.actor.util.CausalityInterfaceForComposites._computeOutputPortDepth(CausalityInterfaceForComposites.java:759)
	at ptolemy.actor.util.CausalityInterfaceForComposites._computeInputDepth(CausalityInterfaceForComposites.java:696)
	at ptolemy.actor.util.CausalityInterfaceForComposites._computeOutputPortDepth(CausalityInterfaceForComposites.java:765)
	at ptolemy.actor.util.CausalityInterfaceForComposites._computeInputDepth(CausalityInterfaceForComposites.java:696)
	at ptolemy.actor.util.CausalityInterfaceForComposites._computeOutputPortDepth(CausalityInterfaceForComposites.java:765)
	at ptolemy.actor.util.CausalityInterfaceForComposites._computeInputDepth(CausalityInterfaceForComposites.java:696)
	at ptolemy.actor.util.CausalityInterfaceForComposites._computeActorDepth(CausalityInterfaceForComposites.java:532)
	at ptolemy.actor.util.CausalityInterfaceForComposites.checkForCycles(CausalityInterfaceForComposites.java:96)
	at ptolemy.domains.de.kernel.DEDirector.preinitialize(DEDirector.java:1338)
	at ptolemy.actor.CompositeActor.preinitialize(CompositeActor.java:1828)
	at ptolemy.actor.Manager.preinitializeAndResolveTypes(Manager.java:1040)
	at ptolemy.actor.Manager.initialize(Manager.java:710)
	at ptolemy.actor.Manager.execute(Manager.java:356)
	at ptolemy.actor.Manager.run(Manager.java:1263)
	at ptolemy.actor.Manager$PtolemyRunThread.run(Manager.java:1915)

    while executing
ptolemy.kernel.util.IllegalActionException: Found a zero delay loop containing .dependencyLoop2.original
  in .dependencyLoop2 and .dependencyLoop2.original
    while executing
"java::new ptolemy.moml.MoMLSimpleApplication $file
"
    (procedure "createAndExecute" line 2)
    invoked from within
"createAndExecute $file"
    ("uplevel" body line 5)
    invoked from within
"uplevel $contents_of_test"
------------------ testing $PTII/ptolemy/domains/de/test/auto/knownFailedTests/HierarchicalModel.xml (Known Failure) 
9 ms. Memory: 146944K Free: 86378K (59%)


==== $PTIIhome/travis/build/icyphy/ptII/ptolemy/domains/de/test/../../../../: Auto Automatic test in file $PTII/ptolemy/domains/de/test/auto/knownFailedTests/HierarchicalModel.xml
==== Contents of test case:

	    # FIXME: we should use $relativeFilename here, but it
	    # might have backslashes under Windows, which causes no end
	    # of trouble.
	    createAndExecute $file
	    list {}
	
.... Test generated KNOWN error:
    while executing
ptolemy.kernel.util.IllegalActionException: Found a zero delay loop containing .HierarchicalModel.A
  in .HierarchicalModel and .HierarchicalModel.A
	at ptolemy.actor.util.CausalityInterfaceForComposites._computeOutputPortDepth(CausalityInterfaceForComposites.java:759)
	at ptolemy.actor.util.CausalityInterfaceForComposites._computeInputDepth(CausalityInterfaceForComposites.java:696)
	at ptolemy.actor.util.CausalityInterfaceForComposites._computeOutputPortDepth(CausalityInterfaceForComposites.java:765)
	at ptolemy.actor.util.CausalityInterfaceForComposites._computeInputDepth(CausalityInterfaceForComposites.java:696)
	at ptolemy.actor.util.CausalityInterfaceForComposites._computeOutputPortDepth(CausalityInterfaceForComposites.java:765)
	at ptolemy.actor.util.CausalityInterfaceForComposites._computeInputDepth(CausalityInterfaceForComposites.java:696)
	at ptolemy.actor.util.CausalityInterfaceForComposites._computeActorDepth(CausalityInterfaceForComposites.java:532)
	at ptolemy.actor.util.CausalityInterfaceForComposites.checkForCycles(CausalityInterfaceForComposites.java:96)
	at ptolemy.domains.de.kernel.DEDirector.preinitialize(DEDirector.java:1338)
	at ptolemy.actor.CompositeActor.preinitialize(CompositeActor.java:1828)
	at ptolemy.actor.Manager.preinitializeAndResolveTypes(Manager.java:1040)
	at ptolemy.actor.Manager.initialize(Manager.java:710)
	at ptolemy.actor.Manager.execute(Manager.java:356)
	at ptolemy.actor.Manager.run(Manager.java:1263)
	at ptolemy.actor.Manager$PtolemyRunThread.run(Manager.java:1915)

    while executing
ptolemy.kernel.util.IllegalActionException: Found a zero delay loop containing .HierarchicalModel.A
  in .HierarchicalModel and .HierarchicalModel.A
    while executing
"java::new ptolemy.moml.MoMLSimpleApplication $file
"
    (procedure "createAndExecute" line 2)
    invoked from within
"createAndExecute $file"
    ("uplevel" body line 5)
    invoked from within
"uplevel $contents_of_test"
------------------ testing $PTII/ptolemy/domains/de/test/auto/knownFailedTests/DirectFeedback.xml (Known Failure) 
43 ms. Memory: 146944K Free: 142286K (97%)


==== $PTIIhome/travis/build/icyphy/ptII/ptolemy/domains/de/test/../../../../: Auto Automatic test in file $PTII/ptolemy/domains/de/test/auto/knownFailedTests/DirectFeedback.xml
==== Contents of test case:

	    # FIXME: we should use $relativeFilename here, but it
	    # might have backslashes under Windows, which causes no end
	    # of trouble.
	    createAndExecute $file
	    list {}
	
.... Test generated KNOWN error:
    while executing
ptolemy.kernel.util.IllegalActionException: Test fails in iteration 1.
Value was: 1.0. Should have been: 2.0
  in .DirectFeedback.Test
	at ptolemy.actor.lib.Test.fire(Test.java:268)
	at ptolemy.domains.de.kernel.DEDirector._fire(DEDirector.java:1949)
	at ptolemy.domains.de.kernel.DEDirector.fire(DEDirector.java:502)
	at ptolemy.actor.CompositeActor.fire(CompositeActor.java:455)
	at ptolemy.actor.Manager.iterate(Manager.java:851)
	at ptolemy.actor.Manager.execute(Manager.java:369)
	at ptolemy.actor.Manager.run(Manager.java:1263)
	at ptolemy.actor.Manager$PtolemyRunThread.run(Manager.java:1915)

    while executing
ptolemy.kernel.util.IllegalActionException: Test fails in iteration 1.
Value was: 1.0. Should have been: 2.0
  in .DirectFeedback.Test
    while executing
"java::new ptolemy.moml.MoMLSimpleApplication $file
"
    (procedure "createAndExecute" line 2)
    invoked from within
"createAndExecute $file"
    ("uplevel" body line 5)
    invoked from within
"uplevel $contents_of_test"
------------------ testing $PTII/ptolemy/domains/de/test/auto/ActorDepthCalculation_actorWithoutPorts.xml
auto.tcl: Setting watchdog for 200 seconds at Wed Oct 31 02:37:44 UTC 2018
16 ms. Memory: 146944K Free: 133532K (91%)
ptolemy.util.test.WatchDog.cancel(): canceling Wed Oct 31 02:37:44 UTC 2018
auto.tcl: Setting watchdog for 200 seconds at Wed Oct 31 02:37:44 UTC 2018
6 ms. Memory: 146944K Free: 132486K (90%)
ptolemy.util.test.WatchDog.cancel(): canceling Wed Oct 31 02:37:44 UTC 2018
------------------ testing $PTII/ptolemy/domains/de/test/auto/AssemblyLine.xml
auto.tcl: Setting watchdog for 200 seconds at Wed Oct 31 02:37:45 UTC 2018
10 ms. Memory: 208384K Free: 182204K (87%)
ptolemy.util.test.WatchDog.cancel(): canceling Wed Oct 31 02:37:45 UTC 2018
auto.tcl: Setting watchdog for 200 seconds at Wed Oct 31 02:37:45 UTC 2018
9 ms. Memory: 208384K Free: 182204K (87%)
ptolemy.util.test.WatchDog.cancel(): canceling Wed Oct 31 02:37:45 UTC 2018
------------------ testing $PTII/ptolemy/domains/de/test/auto/CQBug1.xml
auto.tcl: Setting watchdog for 200 seconds at Wed Oct 31 02:37:45 UTC 2018
11 ms. Memory: 208384K Free: 196471K (94%)
ptolemy.util.test.WatchDog.cancel(): canceling Wed Oct 31 02:37:45 UTC 2018
auto.tcl: Setting watchdog for 200 seconds at Wed Oct 31 02:37:45 UTC 2018
2 ms. Memory: 208384K Free: 196471K (94%)
ptolemy.util.test.WatchDog.cancel(): canceling Wed Oct 31 02:37:45 UTC 2018
------------------ testing $PTII/ptolemy/domains/de/test/auto/CancelFireAt.xml
auto.tcl: Setting watchdog for 200 seconds at Wed Oct 31 02:37:45 UTC 2018
11 ms. Memory: 208384K Free: 201417K (97%)
ptolemy.util.test.WatchDog.cancel(): canceling Wed Oct 31 02:37:45 UTC 2018
auto.tcl: Setting watchdog for 200 seconds at Wed Oct 31 02:37:45 UTC 2018
3 ms. Memory: 208384K Free: 199318K (96%)
ptolemy.util.test.WatchDog.cancel(): canceling Wed Oct 31 02:37:45 UTC 2018
------------------ testing $PTII/ptolemy/domains/de/test/auto/CausalityAndComposabilityAnalysis.xml
auto.tcl: Setting watchdog for 200 seconds at Wed Oct 31 02:37:45 UTC 2018
13 ms. Memory: 208384K Free: 196819K (94%)
ptolemy.util.test.WatchDog.cancel(): canceling Wed Oct 31 02:37:45 UTC 2018
auto.tcl: Setting watchdog for 200 seconds at Wed Oct 31 02:37:45 UTC 2018
5 ms. Memory: 208384K Free: 196819K (94%)
ptolemy.util.test.WatchDog.cancel(): canceling Wed Oct 31 02:37:45 UTC 2018
------------------ testing $PTII/ptolemy/domains/de/test/auto/CausalityInterface1.xml
auto.tcl: Setting watchdog for 200 seconds at Wed Oct 31 02:37:45 UTC 2018
22 ms. Memory: 208384K Free: 196420K (94%)
ptolemy.util.test.WatchDog.cancel(): canceling Wed Oct 31 02:37:45 UTC 2018
auto.tcl: Setting watchdog for 200 seconds at Wed Oct 31 02:37:45 UTC 2018
15 ms. Memory: 208384K Free: 196420K (94%)
ptolemy.util.test.WatchDog.cancel(): canceling Wed Oct 31 02:37:45 UTC 2018
------------------ testing $PTII/ptolemy/domains/de/test/auto/CausalityInterface15.xml
auto.tcl: Setting watchdog for 200 seconds at Wed Oct 31 02:37:45 UTC 2018
26 ms. Memory: 208384K Free: 196411K (94%)
ptolemy.util.test.WatchDog.cancel(): canceling Wed Oct 31 02:37:46 UTC 2018
auto.tcl: Setting watchdog for 200 seconds at Wed Oct 31 02:37:46 UTC 2018
4 ms. Memory: 208384K Free: 196411K (94%)
ptolemy.util.test.WatchDog.cancel(): canceling Wed Oct 31 02:37:46 UTC 2018
------------------ testing $PTII/ptolemy/domains/de/test/auto/CausalityInterface2.xml
auto.tcl: Setting watchdog for 200 seconds at Wed Oct 31 02:37:46 UTC 2018
10 ms. Memory: 208384K Free: 196396K (94%)
ptolemy.util.test.WatchDog.cancel(): canceling Wed Oct 31 02:37:46 UTC 2018
auto.tcl: Setting watchdog for 200 seconds at Wed Oct 31 02:37:46 UTC 2018
4 ms. Memory: 208384K Free: 196396K (94%)
ptolemy.util.test.WatchDog.cancel(): canceling Wed Oct 31 02:37:46 UTC 2018
------------------ testing $PTII/ptolemy/domains/de/test/auto/CausalityInterface3.xml
auto.tcl: Setting watchdog for 200 seconds at Wed Oct 31 02:37:46 UTC 2018
10 ms. Memory: 208384K Free: 196408K (94%)
ptolemy.util.test.WatchDog.cancel(): canceling Wed Oct 31 02:37:46 UTC 2018
auto.tcl: Setting watchdog for 200 seconds at Wed Oct 31 02:37:46 UTC 2018
3 ms. Memory: 208384K Free: 196408K (94%)
ptolemy.util.test.WatchDog.cancel(): canceling Wed Oct 31 02:37:46 UTC 2018
------------------ testing $PTII/ptolemy/domains/de/test/auto/ClockDrift.xml
auto.tcl: Setting watchdog for 200 seconds at Wed Oct 31 02:37:46 UTC 2018
121 ms. Memory: 208384K Free: 187646K (90%)
ptolemy.util.test.WatchDog.cancel(): canceling Wed Oct 31 02:37:46 UTC 2018
auto.tcl: Setting watchdog for 200 seconds at Wed Oct 31 02:37:46 UTC 2018
40 ms. Memory: 208384K Free: 185548K (89%)
ptolemy.util.test.WatchDog.cancel(): canceling Wed Oct 31 02:37:46 UTC 2018
------------------ testing $PTII/ptolemy/domains/de/test/auto/ClockDriftAndValueChange.xml
auto.tcl: Setting watchdog for 200 seconds at Wed Oct 31 02:37:46 UTC 2018
54 ms. Memory: 208384K Free: 187479K (90%)
ptolemy.util.test.WatchDog.cancel(): canceling Wed Oct 31 02:37:46 UTC 2018
auto.tcl: Setting watchdog for 200 seconds at Wed Oct 31 02:37:46 UTC 2018
32 ms. Memory: 208384K Free: 185382K (89%)
ptolemy.util.test.WatchDog.cancel(): canceling Wed Oct 31 02:37:46 UTC 2018
------------------ testing $PTII/ptolemy/domains/de/test/auto/ClockDriftChange.xml
auto.tcl: Setting watchdog for 200 seconds at Wed Oct 31 02:37:46 UTC 2018
23 ms. Memory: 208384K Free: 190799K (92%)
ptolemy.util.test.WatchDog.cancel(): canceling Wed Oct 31 02:37:46 UTC 2018
auto.tcl: Setting watchdog for 200 seconds at Wed Oct 31 02:37:46 UTC 2018
28 ms. Memory: 208384K Free: 188701K (91%)
ptolemy.util.test.WatchDog.cancel(): canceling Wed Oct 31 02:37:46 UTC 2018
------------------ testing $PTII/ptolemy/domains/de/test/auto/ComposableCausalityAnalysis.xml
auto.tcl: Setting watchdog for 200 seconds at Wed Oct 31 02:37:46 UTC 2018
7 ms. Memory: 208384K Free: 196262K (94%)
ptolemy.util.test.WatchDog.cancel(): canceling Wed Oct 31 02:37:47 UTC 2018
auto.tcl: Setting watchdog for 200 seconds at Wed Oct 31 02:37:47 UTC 2018
3 ms. Memory: 208384K Free: 194164K (93%)
ptolemy.util.test.WatchDog.cancel(): canceling Wed Oct 31 02:37:47 UTC 2018
------------------ testing $PTII/ptolemy/domains/de/test/auto/DEFixedPointLimitation.xml
auto.tcl: Setting watchdog for 200 seconds at Wed Oct 31 02:37:47 UTC 2018
2 ms. Memory: 208384K Free: 196343K (94%)
ptolemy.util.test.WatchDog.cancel(): canceling Wed Oct 31 02:37:47 UTC 2018
auto.tcl: Setting watchdog for 200 seconds at Wed Oct 31 02:37:47 UTC 2018
2 ms. Memory: 208384K Free: 196343K (94%)
ptolemy.util.test.WatchDog.cancel(): canceling Wed Oct 31 02:37:47 UTC 2018
------------------ testing $PTII/ptolemy/domains/de/test/auto/DEScheduleTest.xml
auto.tcl: Setting watchdog for 200 seconds at Wed Oct 31 02:37:47 UTC 2018
7 ms. Memory: 208384K Free: 198476K (95%)
ptolemy.util.test.WatchDog.cancel(): canceling Wed Oct 31 02:37:47 UTC 2018
auto.tcl: Setting watchdog for 200 seconds at Wed Oct 31 02:37:47 UTC 2018
4 ms. Memory: 208384K Free: 196379K (94%)
ptolemy.util.test.WatchDog.cancel(): canceling Wed Oct 31 02:37:47 UTC 2018
------------------ testing $PTII/ptolemy/domains/de/test/auto/DEinDEwithStartTimes.xml
auto.tcl: Setting watchdog for 200 seconds at Wed Oct 31 02:37:47 UTC 2018
4 ms. Memory: 208384K Free: 196348K (94%)
ptolemy.util.test.WatchDog.cancel(): canceling Wed Oct 31 02:37:47 UTC 2018
auto.tcl: Setting watchdog for 200 seconds at Wed Oct 31 02:37:47 UTC 2018
7 ms. Memory: 208384K Free: 194250K (93%)
ptolemy.util.test.WatchDog.cancel(): canceling Wed Oct 31 02:37:47 UTC 2018
------------------ testing $PTII/ptolemy/domains/de/test/auto/DEinDEwithStartTimes2.xml
auto.tcl: Setting watchdog for 200 seconds at Wed Oct 31 02:37:47 UTC 2018
4 ms. Memory: 208384K Free: 196666K (94%)
ptolemy.util.test.WatchDog.cancel(): canceling Wed Oct 31 02:37:47 UTC 2018
auto.tcl: Setting watchdog for 200 seconds at Wed Oct 31 02:37:47 UTC 2018
4 ms. Memory: 208384K Free: 194230K (93%)
ptolemy.util.test.WatchDog.cancel(): canceling Wed Oct 31 02:37:47 UTC 2018
------------------ testing $PTII/ptolemy/domains/de/test/auto/DateDemo.xml
auto.tcl: Setting watchdog for 200 seconds at Wed Oct 31 02:37:47 UTC 2018
21 ms. Memory: 208384K Free: 188772K (91%)
ptolemy.util.test.WatchDog.cancel(): canceling Wed Oct 31 02:37:47 UTC 2018
auto.tcl: Setting watchdog for 200 seconds at Wed Oct 31 02:37:47 UTC 2018
11 ms. Memory: 208384K Free: 186674K (90%)
ptolemy.util.test.WatchDog.cancel(): canceling Wed Oct 31 02:37:47 UTC 2018
------------------ testing $PTII/ptolemy/domains/de/test/auto/DateToEvent.xml
auto.tcl: Setting watchdog for 200 seconds at Wed Oct 31 02:37:47 UTC 2018
2019 ms. Memory: 208384K Free: 183501K (88%)
ptolemy.util.test.WatchDog.cancel(): canceling Wed Oct 31 02:37:49 UTC 2018
auto.tcl: Setting watchdog for 200 seconds at Wed Oct 31 02:37:49 UTC 2018
2006 ms. Memory: 208384K Free: 181043K (87%)
ptolemy.util.test.WatchDog.cancel(): canceling Wed Oct 31 02:37:51 UTC 2018
------------------ testing $PTII/ptolemy/domains/de/test/auto/DepthTest1.xml
auto.tcl: Setting watchdog for 200 seconds at Wed Oct 31 02:37:51 UTC 2018
5 ms. Memory: 208384K Free: 198342K (95%)
ptolemy.util.test.WatchDog.cancel(): canceling Wed Oct 31 02:37:51 UTC 2018
auto.tcl: Setting watchdog for 200 seconds at Wed Oct 31 02:37:51 UTC 2018
2 ms. Memory: 208384K Free: 198342K (95%)
ptolemy.util.test.WatchDog.cancel(): canceling Wed Oct 31 02:37:51 UTC 2018
------------------ testing $PTII/ptolemy/domains/de/test/auto/DepthTest2.xml
auto.tcl: Setting watchdog for 200 seconds at Wed Oct 31 02:37:51 UTC 2018
5 ms. Memory: 208384K Free: 194210K (93%)
ptolemy.util.test.WatchDog.cancel(): canceling Wed Oct 31 02:37:52 UTC 2018
auto.tcl: Setting watchdog for 200 seconds at Wed Oct 31 02:37:52 UTC 2018
3 ms. Memory: 208384K Free: 194210K (93%)
ptolemy.util.test.WatchDog.cancel(): canceling Wed Oct 31 02:37:52 UTC 2018
------------------ testing $PTII/ptolemy/domains/de/test/auto/DepthTest3.xml
auto.tcl: Setting watchdog for 200 seconds at Wed Oct 31 02:37:52 UTC 2018
5 ms. Memory: 208384K Free: 198339K (95%)
ptolemy.util.test.WatchDog.cancel(): canceling Wed Oct 31 02:37:52 UTC 2018
auto.tcl: Setting watchdog for 200 seconds at Wed Oct 31 02:37:52 UTC 2018
2 ms. Memory: 208384K Free: 198339K (95%)
ptolemy.util.test.WatchDog.cancel(): canceling Wed Oct 31 02:37:52 UTC 2018
------------------ testing $PTII/ptolemy/domains/de/test/auto/DepthTest4.xml
auto.tcl: Setting watchdog for 200 seconds at Wed Oct 31 02:37:52 UTC 2018
11 ms. Memory: 208384K Free: 196329K (94%)
ptolemy.util.test.WatchDog.cancel(): canceling Wed Oct 31 02:37:52 UTC 2018
auto.tcl: Setting watchdog for 200 seconds at Wed Oct 31 02:37:52 UTC 2018
2 ms. Memory: 208384K Free: 196329K (94%)
ptolemy.util.test.WatchDog.cancel(): canceling Wed Oct 31 02:37:52 UTC 2018
------------------ testing $PTII/ptolemy/domains/de/test/auto/DepthTest5.xml
auto.tcl: Setting watchdog for 200 seconds at Wed Oct 31 02:37:52 UTC 2018
8 ms. Memory: 208384K Free: 196276K (94%)
ptolemy.util.test.WatchDog.cancel(): canceling Wed Oct 31 02:37:52 UTC 2018
auto.tcl: Setting watchdog for 200 seconds at Wed Oct 31 02:37:52 UTC 2018
4 ms. Memory: 208384K Free: 196276K (94%)
ptolemy.util.test.WatchDog.cancel(): canceling Wed Oct 31 02:37:52 UTC 2018
------------------ testing $PTII/ptolemy/domains/de/test/auto/DepthTest6.xml
auto.tcl: Setting watchdog for 200 seconds at Wed Oct 31 02:37:52 UTC 2018
18 ms. Memory: 208384K Free: 196582K (94%)
ptolemy.util.test.WatchDog.cancel(): canceling Wed Oct 31 02:37:52 UTC 2018
auto.tcl: Setting watchdog for 200 seconds at Wed Oct 31 02:37:52 UTC 2018
3 ms. Memory: 208384K Free: 196582K (94%)
ptolemy.util.test.WatchDog.cancel(): canceling Wed Oct 31 02:37:52 UTC 2018
------------------ testing $PTII/ptolemy/domains/de/test/auto/DepthTest7.xml
auto.tcl: Setting watchdog for 200 seconds at Wed Oct 31 02:37:52 UTC 2018
6 ms. Memory: 208384K Free: 196234K (94%)
ptolemy.util.test.WatchDog.cancel(): canceling Wed Oct 31 02:37:52 UTC 2018
auto.tcl: Setting watchdog for 200 seconds at Wed Oct 31 02:37:52 UTC 2018
4 ms. Memory: 208384K Free: 196234K (94%)
ptolemy.util.test.WatchDog.cancel(): canceling Wed Oct 31 02:37:52 UTC 2018
------------------ testing $PTII/ptolemy/domains/de/test/auto/EventToDate.xml
auto.tcl: Setting watchdog for 200 seconds at Wed Oct 31 02:37:52 UTC 2018
3014 ms. Memory: 208384K Free: 185766K (89%)
ptolemy.util.test.WatchDog.cancel(): canceling Wed Oct 31 02:37:55 UTC 2018
auto.tcl: Setting watchdog for 200 seconds at Wed Oct 31 02:37:55 UTC 2018
3004 ms. Memory: 208384K Free: 185766K (89%)
ptolemy.util.test.WatchDog.cancel(): canceling Wed Oct 31 02:37:58 UTC 2018
------------------ testing $PTII/ptolemy/domains/de/test/auto/FSM1.xml
auto.tcl: Setting watchdog for 200 seconds at Wed Oct 31 02:37:58 UTC 2018
22 ms. Memory: 208384K Free: 189234K (91%)
ptolemy.util.test.WatchDog.cancel(): canceling Wed Oct 31 02:37:58 UTC 2018
auto.tcl: Setting watchdog for 200 seconds at Wed Oct 31 02:37:58 UTC 2018
26 ms. Memory: 208384K Free: 185022K (89%)
ptolemy.util.test.WatchDog.cancel(): canceling Wed Oct 31 02:37:58 UTC 2018
------------------ testing $PTII/ptolemy/domains/de/test/auto/FSM7.xml
auto.tcl: Setting watchdog for 200 seconds at Wed Oct 31 02:37:58 UTC 2018
18 ms. Memory: 208384K Free: 187346K (90%)
ptolemy.util.test.WatchDog.cancel(): canceling Wed Oct 31 02:37:58 UTC 2018
auto.tcl: Setting watchdog for 200 seconds at Wed Oct 31 02:37:58 UTC 2018
19 ms. Memory: 208384K Free: 185232K (89%)
ptolemy.util.test.WatchDog.cancel(): canceling Wed Oct 31 02:37:58 UTC 2018
------------------ testing $PTII/ptolemy/domains/de/test/auto/Inspection.xml
auto.tcl: Setting watchdog for 200 seconds at Wed Oct 31 02:37:58 UTC 2018
43 ms. Memory: 208384K Free: 188568K (90%)
ptolemy.util.test.WatchDog.cancel(): canceling Wed Oct 31 02:37:59 UTC 2018
auto.tcl: Setting watchdog for 200 seconds at Wed Oct 31 02:37:59 UTC 2018
24 ms. Memory: 208384K Free: 186454K (89%)
ptolemy.util.test.WatchDog.cancel(): canceling Wed Oct 31 02:37:59 UTC 2018
------------------ testing $PTII/ptolemy/domains/de/test/auto/Iteration.xml
auto.tcl: Setting watchdog for 200 seconds at Wed Oct 31 02:37:59 UTC 2018
13 ms. Memory: 208384K Free: 196023K (94%)
ptolemy.util.test.WatchDog.cancel(): canceling Wed Oct 31 02:37:59 UTC 2018
auto.tcl: Setting watchdog for 200 seconds at Wed Oct 31 02:37:59 UTC 2018
8 ms. Memory: 208384K Free: 193917K (93%)
ptolemy.util.test.WatchDog.cancel(): canceling Wed Oct 31 02:37:59 UTC 2018
------------------ testing $PTII/ptolemy/domains/de/test/auto/LineFault.xml
auto.tcl: Setting watchdog for 200 seconds at Wed Oct 31 02:37:59 UTC 2018
901 ms. Memory: 208384K Free: 196249K (94%)
ptolemy.util.test.WatchDog.cancel(): canceling Wed Oct 31 02:38:00 UTC 2018
auto.tcl: Setting watchdog for 200 seconds at Wed Oct 31 02:38:00 UTC 2018
705 ms. Memory: 208384K Free: 138894K (67%)
ptolemy.util.test.WatchDog.cancel(): canceling Wed Oct 31 02:38:01 UTC 2018
------------------ testing $PTII/ptolemy/domains/de/test/auto/MergeModel1Add.xml
auto.tcl: Setting watchdog for 200 seconds at Wed Oct 31 02:38:01 UTC 2018
23 ms. Memory: 331264K Free: 298832K (90%)
ptolemy.util.test.WatchDog.cancel(): canceling Wed Oct 31 02:38:01 UTC 2018
auto.tcl: Setting watchdog for 200 seconds at Wed Oct 31 02:38:01 UTC 2018
12 ms. Memory: 331264K Free: 298832K (90%)
ptolemy.util.test.WatchDog.cancel(): canceling Wed Oct 31 02:38:01 UTC 2018
------------------ testing $PTII/ptolemy/domains/de/test/auto/MergeModel2Add.xml
auto.tcl: Setting watchdog for 200 seconds at Wed Oct 31 02:38:01 UTC 2018
20 ms. Memory: 331264K Free: 304122K (92%)
ptolemy.util.test.WatchDog.cancel(): canceling Wed Oct 31 02:38:01 UTC 2018
auto.tcl: Setting watchdog for 200 seconds at Wed Oct 31 02:38:01 UTC 2018
18 ms. Memory: 331264K Free: 300162K (91%)
ptolemy.util.test.WatchDog.cancel(): canceling Wed Oct 31 02:38:01 UTC 2018
------------------ testing $PTII/ptolemy/domains/de/test/auto/MergeModel3Add.xml
auto.tcl: Setting watchdog for 200 seconds at Wed Oct 31 02:38:01 UTC 2018
12 ms. Memory: 331264K Free: 304124K (92%)
ptolemy.util.test.WatchDog.cancel(): canceling Wed Oct 31 02:38:01 UTC 2018
auto.tcl: Setting watchdog for 200 seconds at Wed Oct 31 02:38:01 UTC 2018
13 ms. Memory: 331264K Free: 300180K (91%)
ptolemy.util.test.WatchDog.cancel(): canceling Wed Oct 31 02:38:01 UTC 2018
------------------ testing $PTII/ptolemy/domains/de/test/auto/MergeWithoutDiscard.xml
auto.tcl: Setting watchdog for 200 seconds at Wed Oct 31 02:38:01 UTC 2018
5 ms. Memory: 331264K Free: 319931K (97%)
ptolemy.util.test.WatchDog.cancel(): canceling Wed Oct 31 02:38:01 UTC 2018
auto.tcl: Setting watchdog for 200 seconds at Wed Oct 31 02:38:01 UTC 2018
2 ms. Memory: 331264K Free: 315987K (95%)
ptolemy.util.test.WatchDog.cancel(): canceling Wed Oct 31 02:38:01 UTC 2018
------------------ testing $PTII/ptolemy/domains/de/test/auto/Modal1.xml
auto.tcl: Setting watchdog for 200 seconds at Wed Oct 31 02:38:01 UTC 2018
15 ms. Memory: 331264K Free: 309867K (94%)
ptolemy.util.test.WatchDog.cancel(): canceling Wed Oct 31 02:38:01 UTC 2018
auto.tcl: Setting watchdog for 200 seconds at Wed Oct 31 02:38:01 UTC 2018
21 ms. Memory: 331264K Free: 305922K (92%)
ptolemy.util.test.WatchDog.cancel(): canceling Wed Oct 31 02:38:02 UTC 2018
------------------ testing $PTII/ptolemy/domains/de/test/auto/Modal2.xml
auto.tcl: Setting watchdog for 200 seconds at Wed Oct 31 02:38:02 UTC 2018
16 ms. Memory: 331264K Free: 309756K (94%)
ptolemy.util.test.WatchDog.cancel(): canceling Wed Oct 31 02:38:02 UTC 2018
auto.tcl: Setting watchdog for 200 seconds at Wed Oct 31 02:38:02 UTC 2018
13 ms. Memory: 331264K Free: 305812K (92%)
ptolemy.util.test.WatchDog.cancel(): canceling Wed Oct 31 02:38:02 UTC 2018
------------------ testing $PTII/ptolemy/domains/de/test/auto/Modal3.xml
auto.tcl: Setting watchdog for 200 seconds at Wed Oct 31 02:38:02 UTC 2018
21 ms. Memory: 331264K Free: 309529K (93%)
ptolemy.util.test.WatchDog.cancel(): canceling Wed Oct 31 02:38:02 UTC 2018
auto.tcl: Setting watchdog for 200 seconds at Wed Oct 31 02:38:02 UTC 2018
18 ms. Memory: 331264K Free: 305569K (92%)
ptolemy.util.test.WatchDog.cancel(): canceling Wed Oct 31 02:38:02 UTC 2018
------------------ testing $PTII/ptolemy/domains/de/test/auto/Modal4.xml
auto.tcl: Setting watchdog for 200 seconds at Wed Oct 31 02:38:02 UTC 2018
22 ms. Memory: 331264K Free: 309558K (93%)
ptolemy.util.test.WatchDog.cancel(): canceling Wed Oct 31 02:38:02 UTC 2018
auto.tcl: Setting watchdog for 200 seconds at Wed Oct 31 02:38:02 UTC 2018
16 ms. Memory: 331264K Free: 305613K (92%)
ptolemy.util.test.WatchDog.cancel(): canceling Wed Oct 31 02:38:02 UTC 2018
------------------ testing $PTII/ptolemy/domains/de/test/auto/Modal5.xml
auto.tcl: Setting watchdog for 200 seconds at Wed Oct 31 02:38:02 UTC 2018
16 ms. Memory: 331264K Free: 309537K (93%)
ptolemy.util.test.WatchDog.cancel(): canceling Wed Oct 31 02:38:02 UTC 2018
auto.tcl: Setting watchdog for 200 seconds at Wed Oct 31 02:38:02 UTC 2018
12 ms. Memory: 331264K Free: 305592K (92%)
ptolemy.util.test.WatchDog.cancel(): canceling Wed Oct 31 02:38:02 UTC 2018
------------------ testing $PTII/ptolemy/domains/de/test/auto/Modal6.xml
auto.tcl: Setting watchdog for 200 seconds at Wed Oct 31 02:38:02 UTC 2018
20 ms. Memory: 331264K Free: 304627K (92%)
ptolemy.util.test.WatchDog.cancel(): canceling Wed Oct 31 02:38:02 UTC 2018
auto.tcl: Setting watchdog for 200 seconds at Wed Oct 31 02:38:02 UTC 2018
21 ms. Memory: 331264K Free: 300674K (91%)
ptolemy.util.test.WatchDog.cancel(): canceling Wed Oct 31 02:38:02 UTC 2018
------------------ testing $PTII/ptolemy/domains/de/test/auto/Modal7.xml
auto.tcl: Setting watchdog for 200 seconds at Wed Oct 31 02:38:02 UTC 2018
12 ms. Memory: 331264K Free: 309526K (93%)
ptolemy.util.test.WatchDog.cancel(): canceling Wed Oct 31 02:38:02 UTC 2018
auto.tcl: Setting watchdog for 200 seconds at Wed Oct 31 02:38:02 UTC 2018
13 ms. Memory: 331264K Free: 305582K (92%)
ptolemy.util.test.WatchDog.cancel(): canceling Wed Oct 31 02:38:02 UTC 2018
------------------ testing $PTII/ptolemy/domains/de/test/auto/ModalModel.xml
auto.tcl: Setting watchdog for 200 seconds at Wed Oct 31 02:38:02 UTC 2018
174 ms. Memory: 331264K Free: 245851K (74%)
ptolemy.util.test.WatchDog.cancel(): canceling Wed Oct 31 02:38:03 UTC 2018
auto.tcl: Setting watchdog for 200 seconds at Wed Oct 31 02:38:03 UTC 2018
178 ms. Memory: 331264K Free: 190469K (57%)
ptolemy.util.test.WatchDog.cancel(): canceling Wed Oct 31 02:38:03 UTC 2018
------------------ testing $PTII/ptolemy/domains/de/test/auto/ModalSource.xml
auto.tcl: Setting watchdog for 200 seconds at Wed Oct 31 02:38:03 UTC 2018
17 ms. Memory: 331264K Free: 316310K (95%)
ptolemy.util.test.WatchDog.cancel(): canceling Wed Oct 31 02:38:03 UTC 2018
auto.tcl: Setting watchdog for 200 seconds at Wed Oct 31 02:38:03 UTC 2018
6 ms. Memory: 331264K Free: 312781K (94%)
ptolemy.util.test.WatchDog.cancel(): canceling Wed Oct 31 02:38:03 UTC 2018
------------------ testing $PTII/ptolemy/domains/de/test/auto/NonInterruptibleTimerZeroDelay.xml
auto.tcl: Setting watchdog for 200 seconds at Wed Oct 31 02:38:03 UTC 2018
5 ms. Memory: 331264K Free: 320490K (97%)
ptolemy.util.test.WatchDog.cancel(): canceling Wed Oct 31 02:38:03 UTC 2018
auto.tcl: Setting watchdog for 200 seconds at Wed Oct 31 02:38:03 UTC 2018
2 ms. Memory: 331264K Free: 316970K (96%)
ptolemy.util.test.WatchDog.cancel(): canceling Wed Oct 31 02:38:03 UTC 2018
------------------ testing $PTII/ptolemy/domains/de/test/auto/OpenQueueingNetwork.xml
auto.tcl: Setting watchdog for 200 seconds at Wed Oct 31 02:38:03 UTC 2018
3150 ms. Memory: 573952K Free: 421102K (73%)
ptolemy.util.test.WatchDog.cancel(): canceling Wed Oct 31 02:38:06 UTC 2018
auto.tcl: Setting watchdog for 200 seconds at Wed Oct 31 02:38:06 UTC 2018
2671 ms. Memory: 550912K Free: 331431K (60%)
ptolemy.util.test.WatchDog.cancel(): canceling Wed Oct 31 02:38:09 UTC 2018
------------------ testing $PTII/ptolemy/domains/de/test/auto/OpenQueuingNetwork.xml
auto.tcl: Setting watchdog for 200 seconds at Wed Oct 31 02:38:09 UTC 2018
231 ms. Memory: 549888K Free: 445260K (81%)
ptolemy.util.test.WatchDog.cancel(): canceling Wed Oct 31 02:38:10 UTC 2018
auto.tcl: Setting watchdog for 200 seconds at Wed Oct 31 02:38:10 UTC 2018
256 ms. Memory: 549888K Free: 385186K (70%)
ptolemy.util.test.WatchDog.cancel(): canceling Wed Oct 31 02:38:10 UTC 2018
------------------ testing $PTII/ptolemy/domains/de/test/auto/PeriodicSampler.xml
auto.tcl: Setting watchdog for 200 seconds at Wed Oct 31 02:38:10 UTC 2018
4 ms. Memory: 551936K Free: 531886K (96%)
ptolemy.util.test.WatchDog.cancel(): canceling Wed Oct 31 02:38:10 UTC 2018
auto.tcl: Setting watchdog for 200 seconds at Wed Oct 31 02:38:10 UTC 2018
3 ms. Memory: 551936K Free: 531886K (96%)
ptolemy.util.test.WatchDog.cancel(): canceling Wed Oct 31 02:38:10 UTC 2018
------------------ testing $PTII/ptolemy/domains/de/test/auto/PersistentIO.xml
auto.tcl: Setting watchdog for 200 seconds at Wed Oct 31 02:38:10 UTC 2018
12 ms. Memory: 549376K Free: 524456K (95%)
ptolemy.util.test.WatchDog.cancel(): canceling Wed Oct 31 02:38:10 UTC 2018
auto.tcl: Setting watchdog for 200 seconds at Wed Oct 31 02:38:10 UTC 2018
4 ms. Memory: 549376K Free: 524456K (95%)
ptolemy.util.test.WatchDog.cancel(): canceling Wed Oct 31 02:38:10 UTC 2018
------------------ testing $PTII/ptolemy/domains/de/test/auto/PortParameterResetOnInitialize.xml
auto.tcl: Setting watchdog for 200 seconds at Wed Oct 31 02:38:10 UTC 2018
2 ms. Memory: 551424K Free: 531605K (96%)
ptolemy.util.test.WatchDog.cancel(): canceling Wed Oct 31 02:38:10 UTC 2018
auto.tcl: Setting watchdog for 200 seconds at Wed Oct 31 02:38:10 UTC 2018
2 ms. Memory: 551424K Free: 531605K (96%)
ptolemy.util.test.WatchDog.cancel(): canceling Wed Oct 31 02:38:10 UTC 2018
------------------ testing $PTII/ptolemy/domains/de/test/auto/PortParameterUpdates.xml
auto.tcl: Setting watchdog for 200 seconds at Wed Oct 31 02:38:10 UTC 2018
8 ms. Memory: 549376K Free: 529919K (96%)
ptolemy.util.test.WatchDog.cancel(): canceling Wed Oct 31 02:38:10 UTC 2018
auto.tcl: Setting watchdog for 200 seconds at Wed Oct 31 02:38:10 UTC 2018
7 ms. Memory: 549376K Free: 524457K (95%)
ptolemy.util.test.WatchDog.cancel(): canceling Wed Oct 31 02:38:10 UTC 2018
------------------ testing $PTII/ptolemy/domains/de/test/auto/QueueAndServer.xml
auto.tcl: Setting watchdog for 200 seconds at Wed Oct 31 02:38:10 UTC 2018
18 ms. Memory: 551424K Free: 530903K (96%)
ptolemy.util.test.WatchDog.cancel(): canceling Wed Oct 31 02:38:10 UTC 2018
auto.tcl: Setting watchdog for 200 seconds at Wed Oct 31 02:38:10 UTC 2018
8 ms. Memory: 551424K Free: 530903K (96%)
ptolemy.util.test.WatchDog.cancel(): canceling Wed Oct 31 02:38:10 UTC 2018
------------------ testing $PTII/ptolemy/domains/de/test/auto/Records.xml
auto.tcl: Setting watchdog for 200 seconds at Wed Oct 31 02:38:10 UTC 2018
3 ms. Memory: 549376K Free: 534274K (97%)
ptolemy.util.test.WatchDog.cancel(): canceling Wed Oct 31 02:38:10 UTC 2018
auto.tcl: Setting watchdog for 200 seconds at Wed Oct 31 02:38:10 UTC 2018
2 ms. Memory: 549376K Free: 528813K (96%)
ptolemy.util.test.WatchDog.cancel(): canceling Wed Oct 31 02:38:10 UTC 2018
------------------ testing $PTII/ptolemy/domains/de/test/auto/ResetTransitionWithStartTime1.xml
auto.tcl: Setting watchdog for 200 seconds at Wed Oct 31 02:38:10 UTC 2018
14 ms. Memory: 551424K Free: 530871K (96%)
ptolemy.util.test.WatchDog.cancel(): canceling Wed Oct 31 02:38:10 UTC 2018
auto.tcl: Setting watchdog for 200 seconds at Wed Oct 31 02:38:10 UTC 2018
10 ms. Memory: 551424K Free: 530871K (96%)
ptolemy.util.test.WatchDog.cancel(): canceling Wed Oct 31 02:38:10 UTC 2018
------------------ testing $PTII/ptolemy/domains/de/test/auto/ResetTransitionWithStartTime2.xml
auto.tcl: Setting watchdog for 200 seconds at Wed Oct 31 02:38:10 UTC 2018
7 ms. Memory: 549376K Free: 529043K (96%)
ptolemy.util.test.WatchDog.cancel(): canceling Wed Oct 31 02:38:11 UTC 2018
auto.tcl: Setting watchdog for 200 seconds at Wed Oct 31 02:38:11 UTC 2018
6 ms. Memory: 549376K Free: 529043K (96%)
ptolemy.util.test.WatchDog.cancel(): canceling Wed Oct 31 02:38:11 UTC 2018
------------------ testing $PTII/ptolemy/domains/de/test/auto/ResetTransitionWithStartTime3.xml
auto.tcl: Setting watchdog for 200 seconds at Wed Oct 31 02:38:11 UTC 2018
5 ms. Memory: 550912K Free: 530348K (96%)
ptolemy.util.test.WatchDog.cancel(): canceling Wed Oct 31 02:38:11 UTC 2018
auto.tcl: Setting watchdog for 200 seconds at Wed Oct 31 02:38:11 UTC 2018
8 ms. Memory: 550912K Free: 530348K (96%)
ptolemy.util.test.WatchDog.cancel(): canceling Wed Oct 31 02:38:11 UTC 2018
------------------ testing $PTII/ptolemy/domains/de/test/auto/ResetTransitionWithStartTime4.xml
auto.tcl: Setting watchdog for 200 seconds at Wed Oct 31 02:38:11 UTC 2018
5 ms. Memory: 549376K Free: 528811K (96%)
ptolemy.util.test.WatchDog.cancel(): canceling Wed Oct 31 02:38:11 UTC 2018
auto.tcl: Setting watchdog for 200 seconds at Wed Oct 31 02:38:11 UTC 2018
5 ms. Memory: 549376K Free: 528811K (96%)
ptolemy.util.test.WatchDog.cancel(): canceling Wed Oct 31 02:38:11 UTC 2018
------------------ testing $PTII/ptolemy/domains/de/test/auto/ResettableTimer1.xml
auto.tcl: Setting watchdog for 200 seconds at Wed Oct 31 02:38:11 UTC 2018
3 ms. Memory: 550912K Free: 535819K (97%)
ptolemy.util.test.WatchDog.cancel(): canceling Wed Oct 31 02:38:11 UTC 2018
auto.tcl: Setting watchdog for 200 seconds at Wed Oct 31 02:38:11 UTC 2018
3 ms. Memory: 550912K Free: 535819K (97%)
ptolemy.util.test.WatchDog.cancel(): canceling Wed Oct 31 02:38:11 UTC 2018
------------------ testing $PTII/ptolemy/domains/de/test/auto/ResettableTimer2.xml
auto.tcl: Setting watchdog for 200 seconds at Wed Oct 31 02:38:11 UTC 2018
4 ms. Memory: 549376K Free: 534571K (97%)
ptolemy.util.test.WatchDog.cancel(): canceling Wed Oct 31 02:38:11 UTC 2018
auto.tcl: Setting watchdog for 200 seconds at Wed Oct 31 02:38:11 UTC 2018
2 ms. Memory: 549376K Free: 534571K (97%)
ptolemy.util.test.WatchDog.cancel(): canceling Wed Oct 31 02:38:11 UTC 2018
------------------ testing $PTII/ptolemy/domains/de/test/auto/ResettableTimer3.xml
auto.tcl: Setting watchdog for 200 seconds at Wed Oct 31 02:38:11 UTC 2018
2 ms. Memory: 550912K Free: 535877K (97%)
ptolemy.util.test.WatchDog.cancel(): canceling Wed Oct 31 02:38:11 UTC 2018
auto.tcl: Setting watchdog for 200 seconds at Wed Oct 31 02:38:11 UTC 2018
2 ms. Memory: 550912K Free: 535877K (97%)
ptolemy.util.test.WatchDog.cancel(): canceling Wed Oct 31 02:38:11 UTC 2018
------------------ testing $PTII/ptolemy/domains/de/test/auto/ResettableTimer4.xml
auto.tcl: Setting watchdog for 200 seconds at Wed Oct 31 02:38:11 UTC 2018
2 ms. Memory: 549376K Free: 534353K (97%)
ptolemy.util.test.WatchDog.cancel(): canceling Wed Oct 31 02:38:11 UTC 2018
auto.tcl: Setting watchdog for 200 seconds at Wed Oct 31 02:38:11 UTC 2018
1 ms. Memory: 549376K Free: 534353K (97%)
ptolemy.util.test.WatchDog.cancel(): canceling Wed Oct 31 02:38:11 UTC 2018
------------------ testing $PTII/ptolemy/domains/de/test/auto/ResettableTimer5.xml
auto.tcl: Setting watchdog for 200 seconds at Wed Oct 31 02:38:11 UTC 2018
1 ms. Memory: 550400K Free: 535605K (97%)
ptolemy.util.test.WatchDog.cancel(): canceling Wed Oct 31 02:38:11 UTC 2018
auto.tcl: Setting watchdog for 200 seconds at Wed Oct 31 02:38:11 UTC 2018
1 ms. Memory: 550400K Free: 535605K (97%)
ptolemy.util.test.WatchDog.cancel(): canceling Wed Oct 31 02:38:11 UTC 2018
------------------ testing $PTII/ptolemy/domains/de/test/auto/ResettableTimer6.xml
auto.tcl: Setting watchdog for 200 seconds at Wed Oct 31 02:38:11 UTC 2018
2 ms. Memory: 549376K Free: 534301K (97%)
ptolemy.util.test.WatchDog.cancel(): canceling Wed Oct 31 02:38:11 UTC 2018
auto.tcl: Setting watchdog for 200 seconds at Wed Oct 31 02:38:11 UTC 2018
1 ms. Memory: 549376K Free: 534301K (97%)
ptolemy.util.test.WatchDog.cancel(): canceling Wed Oct 31 02:38:11 UTC 2018
------------------ testing $PTII/ptolemy/domains/de/test/auto/ServerZeroDelay.xml
auto.tcl: Setting watchdog for 200 seconds at Wed Oct 31 02:38:11 UTC 2018
3 ms. Memory: 550400K Free: 535544K (97%)
ptolemy.util.test.WatchDog.cancel(): canceling Wed Oct 31 02:38:11 UTC 2018
auto.tcl: Setting watchdog for 200 seconds at Wed Oct 31 02:38:11 UTC 2018
7 ms. Memory: 550400K Free: 535544K (97%)
ptolemy.util.test.WatchDog.cancel(): canceling Wed Oct 31 02:38:11 UTC 2018
------------------ testing $PTII/ptolemy/domains/de/test/auto/SmartSender.xml
auto.tcl: Setting watchdog for 200 seconds at Wed Oct 31 02:38:11 UTC 2018
3002 ms. Memory: 549376K Free: 529836K (96%)
ptolemy.util.test.WatchDog.cancel(): canceling Wed Oct 31 02:38:14 UTC 2018
auto.tcl: Setting watchdog for 200 seconds at Wed Oct 31 02:38:14 UTC 2018
3001 ms. Memory: 549376K Free: 529836K (96%)
ptolemy.util.test.WatchDog.cancel(): canceling Wed Oct 31 02:38:17 UTC 2018
------------------ testing $PTII/ptolemy/domains/de/test/auto/ThreadedComposite.xml
auto.tcl: Setting watchdog for 200 seconds at Wed Oct 31 02:38:17 UTC 2018
158 ms. Memory: 550400K Free: 510346K (93%)
ptolemy.util.test.WatchDog.cancel(): canceling Wed Oct 31 02:38:18 UTC 2018
auto.tcl: Setting watchdog for 200 seconds at Wed Oct 31 02:38:18 UTC 2018
124 ms. Memory: 550400K Free: 495525K (90%)
ptolemy.util.test.WatchDog.cancel(): canceling Wed Oct 31 02:38:18 UTC 2018
------------------ testing $PTII/ptolemy/domains/de/test/auto/Time.xml
auto.tcl: Setting watchdog for 200 seconds at Wed Oct 31 02:38:18 UTC 2018
542 ms. Memory: 549376K Free: 482533K (88%)
ptolemy.util.test.WatchDog.cancel(): canceling Wed Oct 31 02:38:18 UTC 2018
auto.tcl: Setting watchdog for 200 seconds at Wed Oct 31 02:38:18 UTC 2018
521 ms. Memory: 549376K Free: 427920K (78%)
ptolemy.util.test.WatchDog.cancel(): canceling Wed Oct 31 02:38:19 UTC 2018
------------------ testing $PTII/ptolemy/domains/de/test/auto/TimeDelayZeroDelay.xml
auto.tcl: Setting watchdog for 200 seconds at Wed Oct 31 02:38:19 UTC 2018
3 ms. Memory: 550400K Free: 535231K (97%)
ptolemy.util.test.WatchDog.cancel(): canceling Wed Oct 31 02:38:19 UTC 2018
auto.tcl: Setting watchdog for 200 seconds at Wed Oct 31 02:38:19 UTC 2018
2 ms. Memory: 550400K Free: 535231K (97%)
ptolemy.util.test.WatchDog.cancel(): canceling Wed Oct 31 02:38:19 UTC 2018
------------------ testing $PTII/ptolemy/domains/de/test/auto/TimerZeroDelay.xml
auto.tcl: Setting watchdog for 200 seconds at Wed Oct 31 02:38:19 UTC 2018
2 ms. Memory: 549376K Free: 534481K (97%)
ptolemy.util.test.WatchDog.cancel(): canceling Wed Oct 31 02:38:19 UTC 2018
auto.tcl: Setting watchdog for 200 seconds at Wed Oct 31 02:38:19 UTC 2018
2 ms. Memory: 549376K Free: 534481K (97%)
ptolemy.util.test.WatchDog.cancel(): canceling Wed Oct 31 02:38:19 UTC 2018
------------------ testing $PTII/ptolemy/domains/de/test/auto/TimingParadox.xml
auto.tcl: Setting watchdog for 200 seconds at Wed Oct 31 02:38:19 UTC 2018
346 ms. Memory: 549888K Free: 469204K (85%)
ptolemy.util.test.WatchDog.cancel(): canceling Wed Oct 31 02:38:20 UTC 2018
auto.tcl: Setting watchdog for 200 seconds at Wed Oct 31 02:38:20 UTC 2018
302 ms. Memory: 549888K Free: 436436K (79%)
ptolemy.util.test.WatchDog.cancel(): canceling Wed Oct 31 02:38:20 UTC 2018
------------------ testing $PTII/ptolemy/domains/de/test/auto/TransferInputs.xml
auto.tcl: Setting watchdog for 200 seconds at Wed Oct 31 02:38:20 UTC 2018
2 ms. Memory: 549888K Free: 533896K (97%)
ptolemy.util.test.WatchDog.cancel(): canceling Wed Oct 31 02:38:20 UTC 2018
auto.tcl: Setting watchdog for 200 seconds at Wed Oct 31 02:38:20 UTC 2018
1 ms. Memory: 549888K Free: 533896K (97%)
ptolemy.util.test.WatchDog.cancel(): canceling Wed Oct 31 02:38:20 UTC 2018
------------------ testing $PTII/ptolemy/domains/de/test/auto/TransferOutputs2.xml
auto.tcl: Setting watchdog for 200 seconds at Wed Oct 31 02:38:20 UTC 2018
11 ms. Memory: 549376K Free: 524345K (95%)
ptolemy.util.test.WatchDog.cancel(): canceling Wed Oct 31 02:38:20 UTC 2018
auto.tcl: Setting watchdog for 200 seconds at Wed Oct 31 02:38:20 UTC 2018
3 ms. Memory: 549376K Free: 524345K (95%)
ptolemy.util.test.WatchDog.cancel(): canceling Wed Oct 31 02:38:20 UTC 2018
------------------ testing $PTII/ptolemy/domains/de/test/auto/Trilateration.xml
auto.tcl: Setting watchdog for 200 seconds at Wed Oct 31 02:38:20 UTC 2018
15292 ms. Memory: 766976K Free: 238759K (31%)
ptolemy.util.test.WatchDog.cancel(): canceling Wed Oct 31 02:38:37 UTC 2018
auto.tcl: Setting watchdog for 200 seconds at Wed Oct 31 02:38:37 UTC 2018
12813 ms. Memory: 646144K Free: 88535K (14%)
ptolemy.util.test.WatchDog.cancel(): canceling Wed Oct 31 02:38:49 UTC 2018
------------------ testing $PTII/ptolemy/domains/de/test/auto/TwoSigmaDelta.xml
auto.tcl: Setting watchdog for 200 seconds at Wed Oct 31 02:38:50 UTC 2018
3289 ms. Memory: 649728K Free: 342278K (53%)
ptolemy.util.test.WatchDog.cancel(): canceling Wed Oct 31 02:38:53 UTC 2018
auto.tcl: Setting watchdog for 200 seconds at Wed Oct 31 02:38:53 UTC 2018
2401 ms. Memory: 649728K Free: 116545K (18%)
ptolemy.util.test.WatchDog.cancel(): canceling Wed Oct 31 02:38:55 UTC 2018
------------------ testing $PTII/ptolemy/domains/de/test/auto/VariableDelay.xml
auto.tcl: Setting watchdog for 200 seconds at Wed Oct 31 02:38:56 UTC 2018
5 ms. Memory: 646656K Free: 627123K (97%)
ptolemy.util.test.WatchDog.cancel(): canceling Wed Oct 31 02:38:56 UTC 2018
auto.tcl: Setting watchdog for 200 seconds at Wed Oct 31 02:38:56 UTC 2018
3 ms. Memory: 646656K Free: 627123K (97%)
ptolemy.util.test.WatchDog.cancel(): canceling Wed Oct 31 02:38:56 UTC 2018
------------------ testing $PTII/ptolemy/domains/de/test/auto/VariableDelay2.xml
auto.tcl: Setting watchdog for 200 seconds at Wed Oct 31 02:38:56 UTC 2018
3 ms. Memory: 646144K Free: 627057K (97%)
ptolemy.util.test.WatchDog.cancel(): canceling Wed Oct 31 02:38:56 UTC 2018
auto.tcl: Setting watchdog for 200 seconds at Wed Oct 31 02:38:56 UTC 2018
2 ms. Memory: 646144K Free: 627057K (97%)
ptolemy.util.test.WatchDog.cancel(): canceling Wed Oct 31 02:38:56 UTC 2018
------------------ testing $PTII/ptolemy/domains/de/test/auto/VariableDelayZeroDelay.xml
auto.tcl: Setting watchdog for 200 seconds at Wed Oct 31 02:38:56 UTC 2018
8 ms. Memory: 646144K Free: 621408K (96%)
ptolemy.util.test.WatchDog.cancel(): canceling Wed Oct 31 02:38:56 UTC 2018
auto.tcl: Setting watchdog for 200 seconds at Wed Oct 31 02:38:56 UTC 2018
3 ms. Memory: 646144K Free: 621408K (96%)
ptolemy.util.test.WatchDog.cancel(): canceling Wed Oct 31 02:38:56 UTC 2018
------------------ testing $PTII/ptolemy/domains/de/test/auto/VariableDelayZeroDelay2.xml
auto.tcl: Setting watchdog for 200 seconds at Wed Oct 31 02:38:56 UTC 2018
6 ms. Memory: 649216K Free: 624479K (96%)
ptolemy.util.test.WatchDog.cancel(): canceling Wed Oct 31 02:38:56 UTC 2018
auto.tcl: Setting watchdog for 200 seconds at Wed Oct 31 02:38:56 UTC 2018
3 ms. Memory: 649216K Free: 624479K (96%)
ptolemy.util.test.WatchDog.cancel(): canceling Wed Oct 31 02:38:56 UTC 2018
------------------ testing $PTII/ptolemy/domains/de/test/auto/deInCt.xml
auto.tcl: Setting watchdog for 200 seconds at Wed Oct 31 02:38:56 UTC 2018
0
1
1
1
1
1
0
0
0
0
1
1
1
1
0
0
0
1
1
1
0
0
0
0
0
1
1
1
1
1
26 ms. Memory: 646144K Free: 621371K (96%)
ptolemy.util.test.WatchDog.cancel(): canceling Wed Oct 31 02:38:56 UTC 2018
auto.tcl: Setting watchdog for 200 seconds at Wed Oct 31 02:38:56 UTC 2018
0
1
1
1
1
1
0
0
0
1
1
1
0
0
0
1
1
1
1
0
0
0
0
0
1
1
1
0
0
0
0
0
6 ms. Memory: 646144K Free: 621371K (96%)
ptolemy.util.test.WatchDog.cancel(): canceling Wed Oct 31 02:38:56 UTC 2018
------------------ testing $PTII/ptolemy/domains/de/test/auto/deInCt2.xml
auto.tcl: Setting watchdog for 200 seconds at Wed Oct 31 02:38:56 UTC 2018
0
1
1
1
0
0
1
1
1
0
0
1
1
1
0
0
1
1
1
0
0
1
1
1
0
0
1
1
1
0
0
1
1
1
0
0
1
1
1
0
0
0
11 ms. Memory: 648704K Free: 623932K (96%)
ptolemy.util.test.WatchDog.cancel(): canceling Wed Oct 31 02:38:56 UTC 2018
auto.tcl: Setting watchdog for 200 seconds at Wed Oct 31 02:38:56 UTC 2018
0
1
1
1
0
0
1
1
1
0
0
1
1
1
0
0
1
1
1
0
0
1
1
1
0
0
1
1
1
0
0
1
1
1
0
0
1
1
1
0
0
0
9 ms. Memory: 648704K Free: 623932K (96%)
ptolemy.util.test.WatchDog.cancel(): canceling Wed Oct 31 02:38:56 UTC 2018
------------------ testing $PTII/ptolemy/domains/de/test/auto/dynamicCausalityInterface1.xml
auto.tcl: Setting watchdog for 200 seconds at Wed Oct 31 02:38:56 UTC 2018
1 ms. Memory: 646144K Free: 618484K (96%)
ptolemy.util.test.WatchDog.cancel(): canceling Wed Oct 31 02:38:56 UTC 2018
auto.tcl: Setting watchdog for 200 seconds at Wed Oct 31 02:38:56 UTC 2018
1 ms. Memory: 646144K Free: 618484K (96%)
ptolemy.util.test.WatchDog.cancel(): canceling Wed Oct 31 02:38:56 UTC 2018
------------------ testing $PTII/ptolemy/domains/de/test/auto/fsm_de_test.xml
auto.tcl: Setting watchdog for 200 seconds at Wed Oct 31 02:38:56 UTC 2018
22 ms. Memory: 648192K Free: 623342K (96%)
ptolemy.util.test.WatchDog.cancel(): canceling Wed Oct 31 02:38:56 UTC 2018
auto.tcl: Setting watchdog for 200 seconds at Wed Oct 31 02:38:56 UTC 2018
11 ms. Memory: 648192K Free: 614771K (95%)
ptolemy.util.test.WatchDog.cancel(): canceling Wed Oct 31 02:38:56 UTC 2018
------------------ testing $PTII/ptolemy/domains/de/test/auto/functionDependencyReconstruction.xml
auto.tcl: Setting watchdog for 200 seconds at Wed Oct 31 02:38:56 UTC 2018
3 ms. Memory: 646144K Free: 612715K (95%)
ptolemy.util.test.WatchDog.cancel(): canceling Wed Oct 31 02:38:56 UTC 2018
auto.tcl: Setting watchdog for 200 seconds at Wed Oct 31 02:38:56 UTC 2018
3 ms. Memory: 646144K Free: 604144K (93%)
ptolemy.util.test.WatchDog.cancel(): canceling Wed Oct 31 02:38:56 UTC 2018
------------------ testing $PTII/ptolemy/domains/de/test/auto/multirate.xml
auto.tcl: Setting watchdog for 200 seconds at Wed Oct 31 02:38:57 UTC 2018
8 ms. Memory: 648192K Free: 623210K (96%)
ptolemy.util.test.WatchDog.cancel(): canceling Wed Oct 31 02:38:57 UTC 2018
auto.tcl: Setting watchdog for 200 seconds at Wed Oct 31 02:38:57 UTC 2018
3 ms. Memory: 648192K Free: 623210K (96%)
ptolemy.util.test.WatchDog.cancel(): canceling Wed Oct 31 02:38:57 UTC 2018
------------------ testing $PTII/ptolemy/domains/de/test/auto/multirate2.xml
auto.tcl: Setting watchdog for 200 seconds at Wed Oct 31 02:38:57 UTC 2018
5 ms. Memory: 646144K Free: 621350K (96%)
ptolemy.util.test.WatchDog.cancel(): canceling Wed Oct 31 02:38:57 UTC 2018
auto.tcl: Setting watchdog for 200 seconds at Wed Oct 31 02:38:57 UTC 2018
3 ms. Memory: 646144K Free: 621350K (96%)
ptolemy.util.test.WatchDog.cancel(): canceling Wed Oct 31 02:38:57 UTC 2018
------------------ testing $PTII/ptolemy/domains/de/test/auto/realtime.xml
auto.tcl: Setting watchdog for 200 seconds at Wed Oct 31 02:38:57 UTC 2018
10001 ms. Memory: 647680K Free: 622852K (96%)
ptolemy.util.test.WatchDog.cancel(): canceling Wed Oct 31 02:39:07 UTC 2018
auto.tcl: Setting watchdog for 200 seconds at Wed Oct 31 02:39:07 UTC 2018
10002 ms. Memory: 647680K Free: 622852K (96%)
ptolemy.util.test.WatchDog.cancel(): canceling Wed Oct 31 02:39:17 UTC 2018
------------------ testing $PTII/ptolemy/domains/de/test/auto/relationGroup.xml
auto.tcl: Setting watchdog for 200 seconds at Wed Oct 31 02:39:17 UTC 2018
3 ms. Memory: 646144K Free: 621373K (96%)
ptolemy.util.test.WatchDog.cancel(): canceling Wed Oct 31 02:39:17 UTC 2018
auto.tcl: Setting watchdog for 200 seconds at Wed Oct 31 02:39:17 UTC 2018
2 ms. Memory: 646144K Free: 621373K (96%)
ptolemy.util.test.WatchDog.cancel(): canceling Wed Oct 31 02:39:17 UTC 2018
------------------ testing $PTII/ptolemy/domains/de/test/auto/relationGroup2.xml
auto.tcl: Setting watchdog for 200 seconds at Wed Oct 31 02:39:17 UTC 2018
1 ms. Memory: 647680K Free: 622935K (96%)
ptolemy.util.test.WatchDog.cancel(): canceling Wed Oct 31 02:39:17 UTC 2018
auto.tcl: Setting watchdog for 200 seconds at Wed Oct 31 02:39:17 UTC 2018
1 ms. Memory: 647680K Free: 622935K (96%)
ptolemy.util.test.WatchDog.cancel(): canceling Wed Oct 31 02:39:17 UTC 2018
------------------ testing $PTII/ptolemy/domains/de/test/auto/sortWithOpaquePorts.xml
auto.tcl: Setting watchdog for 200 seconds at Wed Oct 31 02:39:17 UTC 2018
1 ms. Memory: 646144K Free: 621400K (96%)
ptolemy.util.test.WatchDog.cancel(): canceling Wed Oct 31 02:39:17 UTC 2018
auto.tcl: Setting watchdog for 200 seconds at Wed Oct 31 02:39:17 UTC 2018
2 ms. Memory: 646144K Free: 621400K (96%)
ptolemy.util.test.WatchDog.cancel(): canceling Wed Oct 31 02:39:17 UTC 2018
------------------ testing $PTII/ptolemy/domains/de/test/auto/transferInputsandOutputs.xml
auto.tcl: Setting watchdog for 200 seconds at Wed Oct 31 02:39:17 UTC 2018
3 ms. Memory: 647168K Free: 622411K (96%)
ptolemy.util.test.WatchDog.cancel(): canceling Wed Oct 31 02:39:17 UTC 2018
auto.tcl: Setting watchdog for 200 seconds at Wed Oct 31 02:39:17 UTC 2018
3 ms. Memory: 647168K Free: 622411K (96%)
ptolemy.util.test.WatchDog.cancel(): canceling Wed Oct 31 02:39:17 UTC 2018
------------------ testing $PTII/ptolemy/domains/de/test/auto/triggerType.xml
auto.tcl: Setting watchdog for 200 seconds at Wed Oct 31 02:39:17 UTC 2018
2 ms. Memory: 646144K Free: 621338K (96%)
ptolemy.util.test.WatchDog.cancel(): canceling Wed Oct 31 02:39:17 UTC 2018
auto.tcl: Setting watchdog for 200 seconds at Wed Oct 31 02:39:17 UTC 2018
2 ms. Memory: 646144K Free: 621338K (96%)
ptolemy.util.test.WatchDog.cancel(): canceling Wed Oct 31 02:39:17 UTC 2018
10/31/18 02:39:17
Failed: 0  Total Tests: 192  ((Passed: 187, Newly Passed: 1)  Known Failed: 5) /home/travis/build/icyphy/ptII/ptolemy/domains/de/test
10/31/18 02:39:17
Failed: 0  Total Tests: 192  ((Passed: 187, Newly Passed: 1)  Known Failed: 5) /home/travis/build/icyphy/ptII/ptolemy/domains/de/test
----------------- testing (KnownFailure) /home/travis/build/icyphy/ptII/ptolemy/domains/de/test/auto/knownFailedTests/DESDFClockTest.xml
2022 ms. Memory: 647168K Free: 611089K (94%)
Known Failure: java.lang.reflect.InvocationTargetException
----------------- testing (KnownFailure) /home/travis/build/icyphy/ptII/ptolemy/domains/de/test/auto/knownFailedTests/DirectFeedback.xml
9 ms. Memory: 647168K Free: 565910K (87%)
Known Failure: java.lang.reflect.InvocationTargetException
----------------- testing (KnownFailure) /home/travis/build/icyphy/ptII/ptolemy/domains/de/test/auto/knownFailedTests/FSMSource.xml
17 ms. Memory: 647168K Free: 520731K (80%)
----------------- testing (KnownFailure) /home/travis/build/icyphy/ptII/ptolemy/domains/de/test/auto/knownFailedTests/HierarchicalModel.xml
6 ms. Memory: 647168K Free: 486846K (75%)
Known Failure: java.lang.reflect.InvocationTargetException
----------------- testing (KnownFailure) /home/travis/build/icyphy/ptII/ptolemy/domains/de/test/auto/knownFailedTests/dependencyLoop.xml
3 ms. Memory: 647168K Free: 430357K (66%)
Known Failure: java.lang.reflect.InvocationTargetException
----------------- testing (KnownFailure) /home/travis/build/icyphy/ptII/ptolemy/domains/de/test/auto/knownFailedTests/dependencyLoop2.xml
3 ms. Memory: 647168K Free: 373875K (58%)
Known Failure: java.lang.reflect.InvocationTargetException
No auto/linux-amd64/*.xml tests in /home/travis/build/icyphy/ptII/ptolemy/domains/de/test
AutoTests.java: About to close Vertx.
AutoTests.java: Vertx closed.

===========================================================================================
----------------- testing Wed Oct 31 02:39:20 UTC 2018 /home/travis/build/icyphy/ptII/ptolemy/domains/de/test/auto/ActorDepthCalculation_actorWithoutPorts.xml
----------------- Instantiating /home/travis/build/icyphy/ptII/ptolemy/domains/de/test/auto/ActorDepthCalculation_actorWithoutPorts.xml
3 ms. Memory: 647168K Free: 317401K (49%)
----------------- Invoking toplevel() on ptolemy.moml.MoMLSimpleApplication@5b5e0e85
----------------- Done invoking toplevel() on ptolemy.moml.MoMLSimpleApplication@5b5e0e85
reloadAllAccessors: .ActorDepthCalculation_actorWithoutPorts

===========================================================================================
----------------- testing Wed Oct 31 02:39:20 UTC 2018 /home/travis/build/icyphy/ptII/ptolemy/domains/de/test/auto/AssemblyLine.xml
----------------- Instantiating /home/travis/build/icyphy/ptII/ptolemy/domains/de/test/auto/AssemblyLine.xml
5 ms. Memory: 647168K Free: 294811K (46%)
----------------- Invoking toplevel() on ptolemy.moml.MoMLSimpleApplication@4f9c6283
----------------- Done invoking toplevel() on ptolemy.moml.MoMLSimpleApplication@4f9c6283
reloadAllAccessors: .AssemblyLine

===========================================================================================
----------------- testing Wed Oct 31 02:39:20 UTC 2018 /home/travis/build/icyphy/ptII/ptolemy/domains/de/test/auto/CQBug1.xml
----------------- Instantiating /home/travis/build/icyphy/ptII/ptolemy/domains/de/test/auto/CQBug1.xml
1 ms. Memory: 647168K Free: 272222K (42%)
----------------- Invoking toplevel() on ptolemy.moml.MoMLSimpleApplication@42b77f34
----------------- Done invoking toplevel() on ptolemy.moml.MoMLSimpleApplication@42b77f34
reloadAllAccessors: .CQBug1

===========================================================================================
----------------- testing Wed Oct 31 02:39:20 UTC 2018 /home/travis/build/icyphy/ptII/ptolemy/domains/de/test/auto/CancelFireAt.xml
----------------- Instantiating /home/travis/build/icyphy/ptII/ptolemy/domains/de/test/auto/CancelFireAt.xml
2 ms. Memory: 647168K Free: 249632K (39%)
----------------- Invoking toplevel() on ptolemy.moml.MoMLSimpleApplication@7aac4e71
----------------- Done invoking toplevel() on ptolemy.moml.MoMLSimpleApplication@7aac4e71
reloadAllAccessors: .CancelFireAt

===========================================================================================
----------------- testing Wed Oct 31 02:39:20 UTC 2018 /home/travis/build/icyphy/ptII/ptolemy/domains/de/test/auto/CausalityAndComposabilityAnalysis.xml
----------------- Instantiating /home/travis/build/icyphy/ptII/ptolemy/domains/de/test/auto/CausalityAndComposabilityAnalysis.xml
2 ms. Memory: 647168K Free: 227043K (35%)
----------------- Invoking toplevel() on ptolemy.moml.MoMLSimpleApplication@8ecae
----------------- Done invoking toplevel() on ptolemy.moml.MoMLSimpleApplication@8ecae
reloadAllAccessors: .CausalityAndComposabilityAnalysis

===========================================================================================
----------------- testing Wed Oct 31 02:39:20 UTC 2018 /home/travis/build/icyphy/ptII/ptolemy/domains/de/test/auto/CausalityInterface1.xml
----------------- Instantiating /home/travis/build/icyphy/ptII/ptolemy/domains/de/test/auto/CausalityInterface1.xml
6 ms. Memory: 647168K Free: 204453K (32%)
----------------- Invoking toplevel() on ptolemy.moml.MoMLSimpleApplication@40561803
----------------- Done invoking toplevel() on ptolemy.moml.MoMLSimpleApplication@40561803
reloadAllAccessors: .CausalityInterface1

===========================================================================================
----------------- testing Wed Oct 31 02:39:20 UTC 2018 /home/travis/build/icyphy/ptII/ptolemy/domains/de/test/auto/CausalityInterface15.xml
----------------- Instantiating /home/travis/build/icyphy/ptII/ptolemy/domains/de/test/auto/CausalityInterface15.xml
2 ms. Memory: 647168K Free: 181864K (28%)
----------------- Invoking toplevel() on ptolemy.moml.MoMLSimpleApplication@315936aa
----------------- Done invoking toplevel() on ptolemy.moml.MoMLSimpleApplication@315936aa
reloadAllAccessors: .CausalityInterface15

[...]
java.lang.RuntimeException: Execution failed
	at ptolemy.moml.MoMLSimpleApplication$UnloadThread.run(MoMLSimpleApplication.java:402)
Caused by: ptolemy.kernel.util.IllegalActionException: Test fails in iteration 1.
Value was: 1.0. Should have been: 2.0
  in .DirectFeedback.Test
	at ptolemy.actor.lib.Test.fire(Test.java:268)
	at ptolemy.domains.de.kernel.DEDirector._fire(DEDirector.java:1949)
	at ptolemy.domains.de.kernel.DEDirector.fire(DEDirector.java:502)
	at ptolemy.actor.CompositeActor.fire(CompositeActor.java:455)
	at ptolemy.actor.Manager.iterate(Manager.java:851)
	at ptolemy.actor.Manager.execute(Manager.java:369)
	at ptolemy.actor.Manager.run(Manager.java:1263)
	at ptolemy.actor.Manager$PtolemyRunThread.run(Manager.java:1915)
java.lang.RuntimeException: Execution failed
	at ptolemy.moml.MoMLSimpleApplication$UnloadThread.run(MoMLSimpleApplication.java:402)
Caused by: ptolemy.kernel.util.IllegalActionException: Actor is not ready to fire.  Perhaps UpSample.prefire() returned false? Try debugging the actor by selecting "Listen to Actor".  Also, for SDF check moml for tokenConsumptionRate on input.
  in .DESDFClockTest.Play Bell.Copy1:SDF Director and .DESDFClockTest.Play Bell.UpSample
	at ptolemy.actor.sched.StaticSchedulingDirector.fire(StaticSchedulingDirector.java:227)
	at ptolemy.domains.sdf.kernel.SDFDirector.fire(SDFDirector.java:500)
	at ptolemy.actor.CompositeActor.fire(CompositeActor.java:455)
	at ptolemy.domains.de.kernel.DEDirector._fire(DEDirector.java:1949)
	at ptolemy.domains.de.kernel.DEDirector.fire(DEDirector.java:502)
	at ptolemy.actor.CompositeActor.fire(CompositeActor.java:455)
	at ptolemy.actor.Manager.iterate(Manager.java:851)
	at ptolemy.actor.Manager.execute(Manager.java:369)
	at ptolemy.actor.Manager.run(Manager.java:1263)
	at ptolemy.actor.Manager$PtolemyRunThread.run(Manager.java:1915)
java.lang.reflect.InvocationTargetException
	at sun.reflect.NativeConstructorAccessorImpl.newInstance0(Native Method)
	at sun.reflect.NativeConstructorAccessorImpl.newInstance(NativeConstructorAccessorImpl.java:62)
	at sun.reflect.DelegatingConstructorAccessorImpl.newInstance(DelegatingConstructorAccessorImpl.java:45)
	at java.lang.reflect.Constructor.newInstance(Constructor.java:423)
	at ptolemy.util.test.junit.AutoKnownFailedTests.RunModel(AutoKnownFailedTests.java:105)
	at sun.reflect.NativeMethodAccessorImpl.invoke0(Native Method)
	at sun.reflect.NativeMethodAccessorImpl.invoke(NativeMethodAccessorImpl.java:62)
	at sun.reflect.DelegatingMethodAccessorImpl.invoke(DelegatingMethodAccessorImpl.java:43)
	at java.lang.reflect.Method.invoke(Method.java:498)
	at org.junit.runners.model.FrameworkMethod$1.runReflectiveCall(FrameworkMethod.java:44)
	at org.junit.internal.runners.model.ReflectiveCallable.run(ReflectiveCallable.java:15)
	at org.junit.runners.model.FrameworkMethod.invokeExplosively(FrameworkMethod.java:41)
	at junitparams.internal.InvokeParameterisedMethod.evaluate(InvokeParameterisedMethod.java:102)
	at org.junit.internal.runners.statements.FailOnTimeout$1.run(FailOnTimeout.java:28)
Caused by: ptolemy.kernel.util.IllegalActionException: Actor is not ready to fire.  Perhaps UpSample.prefire() returned false? Try debugging the actor by selecting "Listen to Actor".  Also, for SDF check moml for tokenConsumptionRate on input.
  in .DESDFClockTest.Play Bell.Copy1:SDF Director and .DESDFClockTest.Play Bell.UpSample
	at ptolemy.actor.sched.StaticSchedulingDirector.fire(StaticSchedulingDirector.java:227)
	at ptolemy.domains.sdf.kernel.SDFDirector.fire(SDFDirector.java:500)
	at ptolemy.actor.CompositeActor.fire(CompositeActor.java:455)
	at ptolemy.domains.de.kernel.DEDirector._fire(DEDirector.java:1949)
	at ptolemy.domains.de.kernel.DEDirector.fire(DEDirector.java:502)
	at ptolemy.actor.CompositeActor.fire(CompositeActor.java:455)
	at ptolemy.actor.Manager.iterate(Manager.java:851)
	at ptolemy.actor.Manager.execute(Manager.java:369)
	at ptolemy.actor.Manager.run(Manager.java:1263)
	at ptolemy.actor.Manager$PtolemyRunThread.run(Manager.java:1915)
java.lang.RuntimeException: Execution failed
	at ptolemy.moml.MoMLSimpleApplication$UnloadThread.run(MoMLSimpleApplication.java:402)
Caused by: ptolemy.kernel.util.IllegalActionException: Test fails in iteration 1.
Value was: 1.0. Should have been: 2.0
  in .DirectFeedback.Test
	at ptolemy.actor.lib.Test.fire(Test.java:268)
	at ptolemy.domains.de.kernel.DEDirector._fire(DEDirector.java:1949)
	at ptolemy.domains.de.kernel.DEDirector.fire(DEDirector.java:502)
	at ptolemy.actor.CompositeActor.fire(CompositeActor.java:455)
	at ptolemy.actor.Manager.iterate(Manager.java:851)
	at ptolemy.actor.Manager.execute(Manager.java:369)
	at ptolemy.actor.Manager.run(Manager.java:1263)
	at ptolemy.actor.Manager$PtolemyRunThread.run(Manager.java:1915)
java.lang.reflect.InvocationTargetException
	at sun.reflect.NativeConstructorAccessorImpl.newInstance0(Native Method)
	at sun.reflect.NativeConstructorAccessorImpl.newInstance(NativeConstructorAccessorImpl.java:62)
	at sun.reflect.DelegatingConstructorAccessorImpl.newInstance(DelegatingConstructorAccessorImpl.java:45)
	at java.lang.reflect.Constructor.newInstance(Constructor.java:423)
	at ptolemy.util.test.junit.AutoKnownFailedTests.RunModel(AutoKnownFailedTests.java:105)
	at sun.reflect.NativeMethodAccessorImpl.invoke0(Native Method)
	at sun.reflect.NativeMethodAccessorImpl.invoke(NativeMethodAccessorImpl.java:62)
	at sun.reflect.DelegatingMethodAccessorImpl.invoke(DelegatingMethodAccessorImpl.java:43)
	at java.lang.reflect.Method.invoke(Method.java:498)
	at org.junit.runners.model.FrameworkMethod$1.runReflectiveCall(FrameworkMethod.java:44)
	at org.junit.internal.runners.model.ReflectiveCallable.run(ReflectiveCallable.java:15)
	at org.junit.runners.model.FrameworkMethod.invokeExplosively(FrameworkMethod.java:41)
	at junitparams.internal.InvokeParameterisedMethod.evaluate(InvokeParameterisedMethod.java:102)
	at org.junit.internal.runners.statements.FailOnTimeout$1.run(FailOnTimeout.java:28)
Caused by: ptolemy.kernel.util.IllegalActionException: Test fails in iteration 1.
Value was: 1.0. Should have been: 2.0
  in .DirectFeedback.Test
	at ptolemy.actor.lib.Test.fire(Test.java:268)
	at ptolemy.domains.de.kernel.DEDirector._fire(DEDirector.java:1949)
	at ptolemy.domains.de.kernel.DEDirector.fire(DEDirector.java:502)
	at ptolemy.actor.CompositeActor.fire(CompositeActor.java:455)
	at ptolemy.actor.Manager.iterate(Manager.java:851)
	at ptolemy.actor.Manager.execute(Manager.java:369)
	at ptolemy.actor.Manager.run(Manager.java:1263)
	at ptolemy.actor.Manager$PtolemyRunThread.run(Manager.java:1915)
java.lang.RuntimeException: Execution failed
	at ptolemy.moml.MoMLSimpleApplication$UnloadThread.run(MoMLSimpleApplication.java:402)
Caused by: ptolemy.kernel.util.IllegalActionException: Found a zero delay loop containing .HierarchicalModel.A
  in .HierarchicalModel and .HierarchicalModel.A
	at ptolemy.actor.util.CausalityInterfaceForComposites._computeOutputPortDepth(CausalityInterfaceForComposites.java:759)
	at ptolemy.actor.util.CausalityInterfaceForComposites._computeInputDepth(CausalityInterfaceForComposites.java:696)
	at ptolemy.actor.util.CausalityInterfaceForComposites._computeOutputPortDepth(CausalityInterfaceForComposites.java:765)
	at ptolemy.actor.util.CausalityInterfaceForComposites._computeInputDepth(CausalityInterfaceForComposites.java:696)
	at ptolemy.actor.util.CausalityInterfaceForComposites._computeOutputPortDepth(CausalityInterfaceForComposites.java:765)
	at ptolemy.actor.util.CausalityInterfaceForComposites._computeInputDepth(CausalityInterfaceForComposites.java:696)
	at ptolemy.actor.util.CausalityInterfaceForComposites._computeActorDepth(CausalityInterfaceForComposites.java:532)
	at ptolemy.actor.util.CausalityInterfaceForComposites.checkForCycles(CausalityInterfaceForComposites.java:96)
	at ptolemy.domains.de.kernel.DEDirector.preinitialize(DEDirector.java:1338)
	at ptolemy.actor.CompositeActor.preinitialize(CompositeActor.java:1828)
	at ptolemy.actor.Manager.preinitializeAndResolveTypes(Manager.java:1040)
	at ptolemy.actor.Manager.initialize(Manager.java:710)
	at ptolemy.actor.Manager.execute(Manager.java:356)
	at ptolemy.actor.Manager.run(Manager.java:1263)
	at ptolemy.actor.Manager$PtolemyRunThread.run(Manager.java:1915)
java.lang.reflect.InvocationTargetException
	at sun.reflect.NativeConstructorAccessorImpl.newInstance0(Native Method)
	at sun.reflect.NativeConstructorAccessorImpl.newInstance(NativeConstructorAccessorImpl.java:62)
	at sun.reflect.DelegatingConstructorAccessorImpl.newInstance(DelegatingConstructorAccessorImpl.java:45)
	at java.lang.reflect.Constructor.newInstance(Constructor.java:423)
	at ptolemy.util.test.junit.AutoKnownFailedTests.RunModel(AutoKnownFailedTests.java:105)
	at sun.reflect.NativeMethodAccessorImpl.invoke0(Native Method)
	at sun.reflect.NativeMethodAccessorImpl.invoke(NativeMethodAccessorImpl.java:62)
	at sun.reflect.DelegatingMethodAccessorImpl.invoke(DelegatingMethodAccessorImpl.java:43)
	at java.lang.reflect.Method.invoke(Method.java:498)
	at org.junit.runners.model.FrameworkMethod$1.runReflectiveCall(FrameworkMethod.java:44)
	at org.junit.internal.runners.model.ReflectiveCallable.run(ReflectiveCallable.java:15)
	at org.junit.runners.model.FrameworkMethod.invokeExplosively(FrameworkMethod.java:41)
	at junitparams.internal.InvokeParameterisedMethod.evaluate(InvokeParameterisedMethod.java:102)
	at org.junit.internal.runners.statements.FailOnTimeout$1.run(FailOnTimeout.java:28)
Caused by: ptolemy.kernel.util.IllegalActionException: Found a zero delay loop containing .HierarchicalModel.A
  in .HierarchicalModel and .HierarchicalModel.A
	at ptolemy.actor.util.CausalityInterfaceForComposites._computeOutputPortDepth(CausalityInterfaceForComposites.java:759)
	at ptolemy.actor.util.CausalityInterfaceForComposites._computeInputDepth(CausalityInterfaceForComposites.java:696)
	at ptolemy.actor.util.CausalityInterfaceForComposites._computeOutputPortDepth(CausalityInterfaceForComposites.java:765)
	at ptolemy.actor.util.CausalityInterfaceForComposites._computeInputDepth(CausalityInterfaceForComposites.java:696)
	at ptolemy.actor.util.CausalityInterfaceForComposites._computeOutputPortDepth(CausalityInterfaceForComposites.java:765)
	at ptolemy.actor.util.CausalityInterfaceForComposites._computeInputDepth(CausalityInterfaceForComposites.java:696)
	at ptolemy.actor.util.CausalityInterfaceForComposites._computeActorDepth(CausalityInterfaceForComposites.java:532)
	at ptolemy.actor.util.CausalityInterfaceForComposites.checkForCycles(CausalityInterfaceForComposites.java:96)
	at ptolemy.domains.de.kernel.DEDirector.preinitialize(DEDirector.java:1338)
	at ptolemy.actor.CompositeActor.preinitialize(CompositeActor.java:1828)
	at ptolemy.actor.Manager.preinitializeAndResolveTypes(Manager.java:1040)
	at ptolemy.actor.Manager.initialize(Manager.java:710)
	at ptolemy.actor.Manager.execute(Manager.java:356)
	at ptolemy.actor.Manager.run(Manager.java:1263)
	at ptolemy.actor.Manager$PtolemyRunThread.run(Manager.java:1915)
java.lang.RuntimeException: Execution failed
	at ptolemy.moml.MoMLSimpleApplication$UnloadThread.run(MoMLSimpleApplication.java:402)
Caused by: ptolemy.kernel.util.IllegalActionException: Found a zero delay loop containing .dependencyLoop.original
  in .dependencyLoop and .dependencyLoop.original
	at ptolemy.actor.util.CausalityInterfaceForComposites._computeOutputPortDepth(CausalityInterfaceForComposites.java:759)
	at ptolemy.actor.util.CausalityInterfaceForComposites._computeInputDepth(CausalityInterfaceForComposites.java:696)
	at ptolemy.actor.util.CausalityInterfaceForComposites._computeOutputPortDepth(CausalityInterfaceForComposites.java:765)
	at ptolemy.actor.util.CausalityInterfaceForComposites._computeInputDepth(CausalityInterfaceForComposites.java:696)
	at ptolemy.actor.util.CausalityInterfaceForComposites._computeOutputPortDepth(CausalityInterfaceForComposites.java:765)
	at ptolemy.actor.util.CausalityInterfaceForComposites._computeInputDepth(CausalityInterfaceForComposites.java:696)
	at ptolemy.actor.util.CausalityInterfaceForComposites._computeActorDepth(CausalityInterfaceForComposites.java:532)
	at ptolemy.actor.util.CausalityInterfaceForComposites.checkForCycles(CausalityInterfaceForComposites.java:96)
	at ptolemy.domains.de.kernel.DEDirector.preinitialize(DEDirector.java:1338)
	at ptolemy.actor.CompositeActor.preinitialize(CompositeActor.java:1828)
	at ptolemy.actor.Manager.preinitializeAndResolveTypes(Manager.java:1040)
	at ptolemy.actor.Manager.initialize(Manager.java:710)
	at ptolemy.actor.Manager.execute(Manager.java:356)
	at ptolemy.actor.Manager.run(Manager.java:1263)
	at ptolemy.actor.Manager$PtolemyRunThread.run(Manager.java:1915)
java.lang.reflect.InvocationTargetException
	at sun.reflect.NativeConstructorAccessorImpl.newInstance0(Native Method)
	at sun.reflect.NativeConstructorAccessorImpl.newInstance(NativeConstructorAccessorImpl.java:62)
	at sun.reflect.DelegatingConstructorAccessorImpl.newInstance(DelegatingConstructorAccessorImpl.java:45)
	at java.lang.reflect.Constructor.newInstance(Constructor.java:423)
	at ptolemy.util.test.junit.AutoKnownFailedTests.RunModel(AutoKnownFailedTests.java:105)
	at sun.reflect.NativeMethodAccessorImpl.invoke0(Native Method)
	at sun.reflect.NativeMethodAccessorImpl.invoke(NativeMethodAccessorImpl.java:62)
	at sun.reflect.DelegatingMethodAccessorImpl.invoke(DelegatingMethodAccessorImpl.java:43)
	at java.lang.reflect.Method.invoke(Method.java:498)
	at org.junit.runners.model.FrameworkMethod$1.runReflectiveCall(FrameworkMethod.java:44)
	at org.junit.internal.runners.model.ReflectiveCallable.run(ReflectiveCallable.java:15)
	at org.junit.runners.model.FrameworkMethod.invokeExplosively(FrameworkMethod.java:41)
	at junitparams.internal.InvokeParameterisedMethod.evaluate(InvokeParameterisedMethod.java:102)
	at org.junit.internal.runners.statements.FailOnTimeout$1.run(FailOnTimeout.java:28)
Caused by: ptolemy.kernel.util.IllegalActionException: Found a zero delay loop containing .dependencyLoop.original
  in .dependencyLoop and .dependencyLoop.original
	at ptolemy.actor.util.CausalityInterfaceForComposites._computeOutputPortDepth(CausalityInterfaceForComposites.java:759)
	at ptolemy.actor.util.CausalityInterfaceForComposites._computeInputDepth(CausalityInterfaceForComposites.java:696)
	at ptolemy.actor.util.CausalityInterfaceForComposites._computeOutputPortDepth(CausalityInterfaceForComposites.java:765)
	at ptolemy.actor.util.CausalityInterfaceForComposites._computeInputDepth(CausalityInterfaceForComposites.java:696)
	at ptolemy.actor.util.CausalityInterfaceForComposites._computeOutputPortDepth(CausalityInterfaceForComposites.java:765)
	at ptolemy.actor.util.CausalityInterfaceForComposites._computeInputDepth(CausalityInterfaceForComposites.java:696)
	at ptolemy.actor.util.CausalityInterfaceForComposites._computeActorDepth(CausalityInterfaceForComposites.java:532)
	at ptolemy.actor.util.CausalityInterfaceForComposites.checkForCycles(CausalityInterfaceForComposites.java:96)
	at ptolemy.domains.de.kernel.DEDirector.preinitialize(DEDirector.java:1338)
	at ptolemy.actor.CompositeActor.preinitialize(CompositeActor.java:1828)
	at ptolemy.actor.Manager.preinitializeAndResolveTypes(Manager.java:1040)
	at ptolemy.actor.Manager.initialize(Manager.java:710)
	at ptolemy.actor.Manager.execute(Manager.java:356)
	at ptolemy.actor.Manager.run(Manager.java:1263)
	at ptolemy.actor.Manager$PtolemyRunThread.run(Manager.java:1915)
java.lang.RuntimeException: Execution failed
	at ptolemy.moml.MoMLSimpleApplication$UnloadThread.run(MoMLSimpleApplication.java:402)
Caused by: ptolemy.kernel.util.IllegalActionException: Found a zero delay loop containing .dependencyLoop2.original
  in .dependencyLoop2 and .dependencyLoop2.original
	at ptolemy.actor.util.CausalityInterfaceForComposites._computeOutputPortDepth(CausalityInterfaceForComposites.java:759)
	at ptolemy.actor.util.CausalityInterfaceForComposites._computeInputDepth(CausalityInterfaceForComposites.java:696)
	at ptolemy.actor.util.CausalityInterfaceForComposites._computeOutputPortDepth(CausalityInterfaceForComposites.java:765)
	at ptolemy.actor.util.CausalityInterfaceForComposites._computeInputDepth(CausalityInterfaceForComposites.java:696)
	at ptolemy.actor.util.CausalityInterfaceForComposites._computeOutputPortDepth(CausalityInterfaceForComposites.java:765)
	at ptolemy.actor.util.CausalityInterfaceForComposites._computeInputDepth(CausalityInterfaceForComposites.java:696)
	at ptolemy.actor.util.CausalityInterfaceForComposites._computeActorDepth(CausalityInterfaceForComposites.java:532)
	at ptolemy.actor.util.CausalityInterfaceForComposites.checkForCycles(CausalityInterfaceForComposites.java:96)
	at ptolemy.domains.de.kernel.DEDirector.preinitialize(DEDirector.java:1338)
	at ptolemy.actor.CompositeActor.preinitialize(CompositeActor.java:1828)
	at ptolemy.actor.Manager.preinitializeAndResolveTypes(Manager.java:1040)
	at ptolemy.actor.Manager.initialize(Manager.java:710)
	at ptolemy.actor.Manager.execute(Manager.java:356)
	at ptolemy.actor.Manager.run(Manager.java:1263)
	at ptolemy.actor.Manager$PtolemyRunThread.run(Manager.java:1915)
java.lang.reflect.InvocationTargetException
	at sun.reflect.NativeConstructorAccessorImpl.newInstance0(Native Method)
	at sun.reflect.NativeConstructorAccessorImpl.newInstance(NativeConstructorAccessorImpl.java:62)
	at sun.reflect.DelegatingConstructorAccessorImpl.newInstance(DelegatingConstructorAccessorImpl.java:45)
	at java.lang.reflect.Constructor.newInstance(Constructor.java:423)
	at ptolemy.util.test.junit.AutoKnownFailedTests.RunModel(AutoKnownFailedTests.java:105)
	at sun.reflect.NativeMethodAccessorImpl.invoke0(Native Method)
	at sun.reflect.NativeMethodAccessorImpl.invoke(NativeMethodAccessorImpl.java:62)
	at sun.reflect.DelegatingMethodAccessorImpl.invoke(DelegatingMethodAccessorImpl.java:43)
	at java.lang.reflect.Method.invoke(Method.java:498)
	at org.junit.runners.model.FrameworkMethod$1.runReflectiveCall(FrameworkMethod.java:44)
	at org.junit.internal.runners.model.ReflectiveCallable.run(ReflectiveCallable.java:15)
	at org.junit.runners.model.FrameworkMethod.invokeExplosively(FrameworkMethod.java:41)
	at junitparams.internal.InvokeParameterisedMethod.evaluate(InvokeParameterisedMethod.java:102)
	at org.junit.internal.runners.statements.FailOnTimeout$1.run(FailOnTimeout.java:28)
Caused by: ptolemy.kernel.util.IllegalActionException: Found a zero delay loop containing .dependencyLoop2.original
  in .dependencyLoop2 and .dependencyLoop2.original
	at ptolemy.actor.util.CausalityInterfaceForComposites._computeOutputPortDepth(CausalityInterfaceForComposites.java:759)
	at ptolemy.actor.util.CausalityInterfaceForComposites._computeInputDepth(CausalityInterfaceForComposites.java:696)
	at ptolemy.actor.util.CausalityInterfaceForComposites._computeOutputPortDepth(CausalityInterfaceForComposites.java:765)
	at ptolemy.actor.util.CausalityInterfaceForComposites._computeInputDepth(CausalityInterfaceForComposites.java:696)
	at ptolemy.actor.util.CausalityInterfaceForComposites._computeOutputPortDepth(CausalityInterfaceForComposites.java:765)
	at ptolemy.actor.util.CausalityInterfaceForComposites._computeInputDepth(CausalityInterfaceForComposites.java:696)
	at ptolemy.actor.util.CausalityInterfaceForComposites._computeActorDepth(CausalityInterfaceForComposites.java:532)
	at ptolemy.actor.util.CausalityInterfaceForComposites.checkForCycles(CausalityInterfaceForComposites.java:96)
	at ptolemy.domains.de.kernel.DEDirector.preinitialize(DEDirector.java:1338)
	at ptolemy.actor.CompositeActor.preinitialize(CompositeActor.java:1828)
	at ptolemy.actor.Manager.preinitializeAndResolveTypes(Manager.java:1040)
	at ptolemy.actor.Manager.initialize(Manager.java:710)
	at ptolemy.actor.Manager.execute(Manager.java:356)
	at ptolemy.actor.Manager.run(Manager.java:1263)
	at ptolemy.actor.Manager$PtolemyRunThread.run(Manager.java:1915)
]]></system-err>
</testsuite>
