<?xml version="1.0" encoding="UTF-8" ?>
<testsuite errors="0" failures="0" hostname="travis-job-69ec3a18-5395-4de8-8c8f-de5c82997665" name="ptolemy.domains.de.test.junit.JUnitTclTest" skipped="0" tests="101" time="122.029" timestamp="2019-04-28T00:21:31">
  <properties>
[...]
</properties>
  <testcase classname="ptolemy.util.test.junit.TclTests" name="[0] /home/travis/build/icyphy/ptII/ptolemy/domains/de/test/DependencyLoop.tcl (RunTclFile)" time="0.678" />
  <testcase classname="ptolemy.util.test.junit.TclTests" name="[1] /home/travis/build/icyphy/ptII/ptolemy/domains/de/test/RunDETestsAsQSS.tcl (RunTclFile)" time="83.827" />
  <testcase classname="ptolemy.util.test.junit.AutoKnownFailedTests" name="[0] /home/travis/build/icyphy/ptII/ptolemy/domains/de/test/auto/knownFailedTests/DESDFClockTest.xml (RunModel)" time="2.031" />
  <testcase classname="ptolemy.util.test.junit.AutoKnownFailedTests" name="[1] /home/travis/build/icyphy/ptII/ptolemy/domains/de/test/auto/knownFailedTests/DirectFeedback.xml (RunModel)" time="0.01" />
  <testcase classname="ptolemy.util.test.junit.AutoKnownFailedTests" name="[2] /home/travis/build/icyphy/ptII/ptolemy/domains/de/test/auto/knownFailedTests/FSMSource.xml (RunModel)" time="0.024" />
  <testcase classname="ptolemy.util.test.junit.AutoKnownFailedTests" name="[3] /home/travis/build/icyphy/ptII/ptolemy/domains/de/test/auto/knownFailedTests/HierarchicalModel.xml (RunModel)" time="0.024" />
  <testcase classname="ptolemy.util.test.junit.AutoKnownFailedTests" name="[4] /home/travis/build/icyphy/ptII/ptolemy/domains/de/test/auto/knownFailedTests/dependencyLoop.xml (RunModel)" time="0.024" />
  <testcase classname="ptolemy.util.test.junit.AutoKnownFailedTests" name="[5] /home/travis/build/icyphy/ptII/ptolemy/domains/de/test/auto/knownFailedTests/dependencyLoop2.xml (RunModel)" time="0.029" />
  <testcase classname="ptolemy.util.test.junit.AutoNameArchTests" name="[0] ThereAreNoAutoArchTests (RunModel)" time="0.0" />
  <testcase classname="ptolemy.util.test.junit.AutoTests" name="[0] /home/travis/build/icyphy/ptII/ptolemy/domains/de/test/auto/ActorDepthCalculation_actorWithoutPorts.xml (RunModel)" time="0.013" />
  <testcase classname="ptolemy.util.test.junit.AutoTests" name="[1] /home/travis/build/icyphy/ptII/ptolemy/domains/de/test/auto/AssemblyLine.xml (RunModel)" time="0.015" />
  <testcase classname="ptolemy.util.test.junit.AutoTests" name="[2] /home/travis/build/icyphy/ptII/ptolemy/domains/de/test/auto/CQBug1.xml (RunModel)" time="0.009" />
  <testcase classname="ptolemy.util.test.junit.AutoTests" name="[3] /home/travis/build/icyphy/ptII/ptolemy/domains/de/test/auto/CancelFireAt.xml (RunModel)" time="0.006" />
  <testcase classname="ptolemy.util.test.junit.AutoTests" name="[4] /home/travis/build/icyphy/ptII/ptolemy/domains/de/test/auto/CausalityAndComposabilityAnalysis.xml (RunModel)" time="0.007" />
  <testcase classname="ptolemy.util.test.junit.AutoTests" name="[5] /home/travis/build/icyphy/ptII/ptolemy/domains/de/test/auto/CausalityInterface1.xml (RunModel)" time="0.008" />
  <testcase classname="ptolemy.util.test.junit.AutoTests" name="[6] /home/travis/build/icyphy/ptII/ptolemy/domains/de/test/auto/CausalityInterface15.xml (RunModel)" time="0.008" />
  <testcase classname="ptolemy.util.test.junit.AutoTests" name="[7] /home/travis/build/icyphy/ptII/ptolemy/domains/de/test/auto/CausalityInterface2.xml (RunModel)" time="0.007" />
  <testcase classname="ptolemy.util.test.junit.AutoTests" name="[8] /home/travis/build/icyphy/ptII/ptolemy/domains/de/test/auto/CausalityInterface3.xml (RunModel)" time="0.007" />
  <testcase classname="ptolemy.util.test.junit.AutoTests" name="[9] /home/travis/build/icyphy/ptII/ptolemy/domains/de/test/auto/ClockDrift.xml (RunModel)" time="0.028" />
  <testcase classname="ptolemy.util.test.junit.AutoTests" name="[10] /home/travis/build/icyphy/ptII/ptolemy/domains/de/test/auto/ClockDriftAndValueChange.xml (RunModel)" time="0.019" />
  <testcase classname="ptolemy.util.test.junit.AutoTests" name="[11] /home/travis/build/icyphy/ptII/ptolemy/domains/de/test/auto/ClockDriftChange.xml (RunModel)" time="0.02" />
  <testcase classname="ptolemy.util.test.junit.AutoTests" name="[12] /home/travis/build/icyphy/ptII/ptolemy/domains/de/test/auto/ComposableCausalityAnalysis.xml (RunModel)" time="0.011" />
  <testcase classname="ptolemy.util.test.junit.AutoTests" name="[13] /home/travis/build/icyphy/ptII/ptolemy/domains/de/test/auto/DEFixedPointLimitation.xml (RunModel)" time="0.006" />
  <testcase classname="ptolemy.util.test.junit.AutoTests" name="[14] /home/travis/build/icyphy/ptII/ptolemy/domains/de/test/auto/DEScheduleTest.xml (RunModel)" time="0.007" />
  <testcase classname="ptolemy.util.test.junit.AutoTests" name="[15] /home/travis/build/icyphy/ptII/ptolemy/domains/de/test/auto/DEinDEwithStartTimes.xml (RunModel)" time="0.009" />
  <testcase classname="ptolemy.util.test.junit.AutoTests" name="[16] /home/travis/build/icyphy/ptII/ptolemy/domains/de/test/auto/DEinDEwithStartTimes2.xml (RunModel)" time="0.017" />
  <testcase classname="ptolemy.util.test.junit.AutoTests" name="[17] /home/travis/build/icyphy/ptII/ptolemy/domains/de/test/auto/DateDemo.xml (RunModel)" time="0.023" />
  <testcase classname="ptolemy.util.test.junit.AutoTests" name="[18] /home/travis/build/icyphy/ptII/ptolemy/domains/de/test/auto/DateToEvent.xml (RunModel)" time="2.028" />
  <testcase classname="ptolemy.util.test.junit.AutoTests" name="[19] /home/travis/build/icyphy/ptII/ptolemy/domains/de/test/auto/DepthTest1.xml (RunModel)" time="0.006" />
  <testcase classname="ptolemy.util.test.junit.AutoTests" name="[20] /home/travis/build/icyphy/ptII/ptolemy/domains/de/test/auto/DepthTest2.xml (RunModel)" time="0.011" />
  <testcase classname="ptolemy.util.test.junit.AutoTests" name="[21] /home/travis/build/icyphy/ptII/ptolemy/domains/de/test/auto/DepthTest3.xml (RunModel)" time="0.005" />
  <testcase classname="ptolemy.util.test.junit.AutoTests" name="[22] /home/travis/build/icyphy/ptII/ptolemy/domains/de/test/auto/DepthTest4.xml (RunModel)" time="0.008" />
  <testcase classname="ptolemy.util.test.junit.AutoTests" name="[23] /home/travis/build/icyphy/ptII/ptolemy/domains/de/test/auto/DepthTest5.xml (RunModel)" time="0.009" />
  <testcase classname="ptolemy.util.test.junit.AutoTests" name="[24] /home/travis/build/icyphy/ptII/ptolemy/domains/de/test/auto/DepthTest6.xml (RunModel)" time="0.008" />
  <testcase classname="ptolemy.util.test.junit.AutoTests" name="[25] /home/travis/build/icyphy/ptII/ptolemy/domains/de/test/auto/DepthTest7.xml (RunModel)" time="0.007" />
  <testcase classname="ptolemy.util.test.junit.AutoTests" name="[26] /home/travis/build/icyphy/ptII/ptolemy/domains/de/test/auto/EventToDate.xml (RunModel)" time="3.023" />
  <testcase classname="ptolemy.util.test.junit.AutoTests" name="[27] /home/travis/build/icyphy/ptII/ptolemy/domains/de/test/auto/FSM1.xml (RunModel)" time="0.02" />
  <testcase classname="ptolemy.util.test.junit.AutoTests" name="[28] /home/travis/build/icyphy/ptII/ptolemy/domains/de/test/auto/FSM7.xml (RunModel)" time="0.03" />
  <testcase classname="ptolemy.util.test.junit.AutoTests" name="[29] /home/travis/build/icyphy/ptII/ptolemy/domains/de/test/auto/Inspection.xml (RunModel)" time="0.026" />
  <testcase classname="ptolemy.util.test.junit.AutoTests" name="[30] /home/travis/build/icyphy/ptII/ptolemy/domains/de/test/auto/Iteration.xml (RunModel)" time="0.014" />
  <testcase classname="ptolemy.util.test.junit.AutoTests" name="[31] /home/travis/build/icyphy/ptII/ptolemy/domains/de/test/auto/LineFault.xml (RunModel)" time="0.419" />
  <testcase classname="ptolemy.util.test.junit.AutoTests" name="[32] /home/travis/build/icyphy/ptII/ptolemy/domains/de/test/auto/MergeModel1Add.xml (RunModel)" time="0.029" />
  <testcase classname="ptolemy.util.test.junit.AutoTests" name="[33] /home/travis/build/icyphy/ptII/ptolemy/domains/de/test/auto/MergeModel2Add.xml (RunModel)" time="0.026" />
  <testcase classname="ptolemy.util.test.junit.AutoTests" name="[34] /home/travis/build/icyphy/ptII/ptolemy/domains/de/test/auto/MergeModel3Add.xml (RunModel)" time="0.027" />
  <testcase classname="ptolemy.util.test.junit.AutoTests" name="[35] /home/travis/build/icyphy/ptII/ptolemy/domains/de/test/auto/MergeWithoutDiscard.xml (RunModel)" time="0.011" />
  <testcase classname="ptolemy.util.test.junit.AutoTests" name="[36] /home/travis/build/icyphy/ptII/ptolemy/domains/de/test/auto/Modal1.xml (RunModel)" time="0.019" />
  <testcase classname="ptolemy.util.test.junit.AutoTests" name="[37] /home/travis/build/icyphy/ptII/ptolemy/domains/de/test/auto/Modal2.xml (RunModel)" time="0.021" />
  <testcase classname="ptolemy.util.test.junit.AutoTests" name="[38] /home/travis/build/icyphy/ptII/ptolemy/domains/de/test/auto/Modal3.xml (RunModel)" time="0.028" />
  <testcase classname="ptolemy.util.test.junit.AutoTests" name="[39] /home/travis/build/icyphy/ptII/ptolemy/domains/de/test/auto/Modal4.xml (RunModel)" time="0.027" />
  <testcase classname="ptolemy.util.test.junit.AutoTests" name="[40] /home/travis/build/icyphy/ptII/ptolemy/domains/de/test/auto/Modal5.xml (RunModel)" time="0.028" />
  <testcase classname="ptolemy.util.test.junit.AutoTests" name="[41] /home/travis/build/icyphy/ptII/ptolemy/domains/de/test/auto/Modal6.xml (RunModel)" time="0.021" />
  <testcase classname="ptolemy.util.test.junit.AutoTests" name="[42] /home/travis/build/icyphy/ptII/ptolemy/domains/de/test/auto/Modal7.xml (RunModel)" time="0.034" />
  <testcase classname="ptolemy.util.test.junit.AutoTests" name="[43] /home/travis/build/icyphy/ptII/ptolemy/domains/de/test/auto/ModalModel.xml (RunModel)" time="0.123" />
  <testcase classname="ptolemy.util.test.junit.AutoTests" name="[44] /home/travis/build/icyphy/ptII/ptolemy/domains/de/test/auto/ModalSource.xml (RunModel)" time="0.014" />
  <testcase classname="ptolemy.util.test.junit.AutoTests" name="[45] /home/travis/build/icyphy/ptII/ptolemy/domains/de/test/auto/NonInterruptibleTimerZeroDelay.xml (RunModel)" time="0.006" />
  <testcase classname="ptolemy.util.test.junit.AutoTests" name="[46] /home/travis/build/icyphy/ptII/ptolemy/domains/de/test/auto/OpenQueueingNetwork.xml (RunModel)" time="1.691" />
  <testcase classname="ptolemy.util.test.junit.AutoTests" name="[47] /home/travis/build/icyphy/ptII/ptolemy/domains/de/test/auto/OpenQueuingNetwork.xml (RunModel)" time="0.263" />
  <testcase classname="ptolemy.util.test.junit.AutoTests" name="[48] /home/travis/build/icyphy/ptII/ptolemy/domains/de/test/auto/PeriodicSampler.xml (RunModel)" time="0.007" />
  <testcase classname="ptolemy.util.test.junit.AutoTests" name="[49] /home/travis/build/icyphy/ptII/ptolemy/domains/de/test/auto/PersistentIO.xml (RunModel)" time="0.016" />
  <testcase classname="ptolemy.util.test.junit.AutoTests" name="[50] /home/travis/build/icyphy/ptII/ptolemy/domains/de/test/auto/PortParameterResetOnInitialize.xml (RunModel)" time="0.008" />
  <testcase classname="ptolemy.util.test.junit.AutoTests" name="[51] /home/travis/build/icyphy/ptII/ptolemy/domains/de/test/auto/PortParameterUpdates.xml (RunModel)" time="0.011" />
  <testcase classname="ptolemy.util.test.junit.AutoTests" name="[52] /home/travis/build/icyphy/ptII/ptolemy/domains/de/test/auto/QueueAndServer.xml (RunModel)" time="0.016" />
  <testcase classname="ptolemy.util.test.junit.AutoTests" name="[53] /home/travis/build/icyphy/ptII/ptolemy/domains/de/test/auto/Records.xml (RunModel)" time="0.011" />
  <testcase classname="ptolemy.util.test.junit.AutoTests" name="[54] /home/travis/build/icyphy/ptII/ptolemy/domains/de/test/auto/ResetTransitionWithStartTime1.xml (RunModel)" time="0.015" />
  <testcase classname="ptolemy.util.test.junit.AutoTests" name="[55] /home/travis/build/icyphy/ptII/ptolemy/domains/de/test/auto/ResetTransitionWithStartTime2.xml (RunModel)" time="0.016" />
  <testcase classname="ptolemy.util.test.junit.AutoTests" name="[56] /home/travis/build/icyphy/ptII/ptolemy/domains/de/test/auto/ResetTransitionWithStartTime3.xml (RunModel)" time="0.02" />
  <testcase classname="ptolemy.util.test.junit.AutoTests" name="[57] /home/travis/build/icyphy/ptII/ptolemy/domains/de/test/auto/ResetTransitionWithStartTime4.xml (RunModel)" time="0.022" />
  <testcase classname="ptolemy.util.test.junit.AutoTests" name="[58] /home/travis/build/icyphy/ptII/ptolemy/domains/de/test/auto/ResettableTimer1.xml (RunModel)" time="0.012" />
  <testcase classname="ptolemy.util.test.junit.AutoTests" name="[59] /home/travis/build/icyphy/ptII/ptolemy/domains/de/test/auto/ResettableTimer2.xml (RunModel)" time="0.009" />
  <testcase classname="ptolemy.util.test.junit.AutoTests" name="[60] /home/travis/build/icyphy/ptII/ptolemy/domains/de/test/auto/ResettableTimer3.xml (RunModel)" time="0.007" />
  <testcase classname="ptolemy.util.test.junit.AutoTests" name="[61] /home/travis/build/icyphy/ptII/ptolemy/domains/de/test/auto/ResettableTimer4.xml (RunModel)" time="0.008" />
  <testcase classname="ptolemy.util.test.junit.AutoTests" name="[62] /home/travis/build/icyphy/ptII/ptolemy/domains/de/test/auto/ResettableTimer5.xml (RunModel)" time="0.008" />
  <testcase classname="ptolemy.util.test.junit.AutoTests" name="[63] /home/travis/build/icyphy/ptII/ptolemy/domains/de/test/auto/ResettableTimer6.xml (RunModel)" time="0.016" />
  <testcase classname="ptolemy.util.test.junit.AutoTests" name="[64] /home/travis/build/icyphy/ptII/ptolemy/domains/de/test/auto/ServerZeroDelay.xml (RunModel)" time="0.009" />
  <testcase classname="ptolemy.util.test.junit.AutoTests" name="[65] /home/travis/build/icyphy/ptII/ptolemy/domains/de/test/auto/SmartSender.xml (RunModel)" time="3.008" />
  <testcase classname="ptolemy.util.test.junit.AutoTests" name="[66] /home/travis/build/icyphy/ptII/ptolemy/domains/de/test/auto/ThreadedComposite.xml (RunModel)" time="0.305" />
  <testcase classname="ptolemy.util.test.junit.AutoTests" name="[67] /home/travis/build/icyphy/ptII/ptolemy/domains/de/test/auto/Time.xml (RunModel)" time="0.377" />
  <testcase classname="ptolemy.util.test.junit.AutoTests" name="[68] /home/travis/build/icyphy/ptII/ptolemy/domains/de/test/auto/TimeDelayZeroDelay.xml (RunModel)" time="0.012" />
  <testcase classname="ptolemy.util.test.junit.AutoTests" name="[69] /home/travis/build/icyphy/ptII/ptolemy/domains/de/test/auto/TimerZeroDelay.xml (RunModel)" time="0.009" />
  <testcase classname="ptolemy.util.test.junit.AutoTests" name="[70] /home/travis/build/icyphy/ptII/ptolemy/domains/de/test/auto/TimingParadox.xml (RunModel)" time="0.338" />
  <testcase classname="ptolemy.util.test.junit.AutoTests" name="[71] /home/travis/build/icyphy/ptII/ptolemy/domains/de/test/auto/TransferInputs.xml (RunModel)" time="0.008" />
  <testcase classname="ptolemy.util.test.junit.AutoTests" name="[72] /home/travis/build/icyphy/ptII/ptolemy/domains/de/test/auto/TransferOutputs2.xml (RunModel)" time="0.011" />
  <testcase classname="ptolemy.util.test.junit.AutoTests" name="[73] /home/travis/build/icyphy/ptII/ptolemy/domains/de/test/auto/Trilateration.xml (RunModel)" time="10.562" />
  <testcase classname="ptolemy.util.test.junit.AutoTests" name="[74] /home/travis/build/icyphy/ptII/ptolemy/domains/de/test/auto/TwoSigmaDelta.xml (RunModel)" time="1.863" />
  <testcase classname="ptolemy.util.test.junit.AutoTests" name="[75] /home/travis/build/icyphy/ptII/ptolemy/domains/de/test/auto/VariableDelay.xml (RunModel)" time="0.008" />
  <testcase classname="ptolemy.util.test.junit.AutoTests" name="[76] /home/travis/build/icyphy/ptII/ptolemy/domains/de/test/auto/VariableDelay2.xml (RunModel)" time="0.006" />
  <testcase classname="ptolemy.util.test.junit.AutoTests" name="[77] /home/travis/build/icyphy/ptII/ptolemy/domains/de/test/auto/VariableDelayZeroDelay.xml (RunModel)" time="0.007" />
  <testcase classname="ptolemy.util.test.junit.AutoTests" name="[78] /home/travis/build/icyphy/ptII/ptolemy/domains/de/test/auto/VariableDelayZeroDelay2.xml (RunModel)" time="0.012" />
  <testcase classname="ptolemy.util.test.junit.AutoTests" name="[79] /home/travis/build/icyphy/ptII/ptolemy/domains/de/test/auto/deInCt.xml (RunModel)" time="0.013" />
  <testcase classname="ptolemy.util.test.junit.AutoTests" name="[80] /home/travis/build/icyphy/ptII/ptolemy/domains/de/test/auto/deInCt2.xml (RunModel)" time="0.019" />
  <testcase classname="ptolemy.util.test.junit.AutoTests" name="[81] /home/travis/build/icyphy/ptII/ptolemy/domains/de/test/auto/dynamicCausalityInterface1.xml (RunModel)" time="0.017" />
  <testcase classname="ptolemy.util.test.junit.AutoTests" name="[82] /home/travis/build/icyphy/ptII/ptolemy/domains/de/test/auto/fsm_de_test.xml (RunModel)" time="0.028" />
  <testcase classname="ptolemy.util.test.junit.AutoTests" name="[83] /home/travis/build/icyphy/ptII/ptolemy/domains/de/test/auto/functionDependencyReconstruction.xml (RunModel)" time="0.033" />
  <testcase classname="ptolemy.util.test.junit.AutoTests" name="[84] /home/travis/build/icyphy/ptII/ptolemy/domains/de/test/auto/multirate.xml (RunModel)" time="0.024" />
  <testcase classname="ptolemy.util.test.junit.AutoTests" name="[85] /home/travis/build/icyphy/ptII/ptolemy/domains/de/test/auto/multirate2.xml (RunModel)" time="0.016" />
  <testcase classname="ptolemy.util.test.junit.AutoTests" name="[86] /home/travis/build/icyphy/ptII/ptolemy/domains/de/test/auto/realtime.xml (RunModel)" time="10.012" />
  <testcase classname="ptolemy.util.test.junit.AutoTests" name="[87] /home/travis/build/icyphy/ptII/ptolemy/domains/de/test/auto/relationGroup.xml (RunModel)" time="0.007" />
  <testcase classname="ptolemy.util.test.junit.AutoTests" name="[88] /home/travis/build/icyphy/ptII/ptolemy/domains/de/test/auto/relationGroup2.xml (RunModel)" time="0.005" />
  <testcase classname="ptolemy.util.test.junit.AutoTests" name="[89] /home/travis/build/icyphy/ptII/ptolemy/domains/de/test/auto/sortWithOpaquePorts.xml (RunModel)" time="0.006" />
  <testcase classname="ptolemy.util.test.junit.AutoTests" name="[90] /home/travis/build/icyphy/ptII/ptolemy/domains/de/test/auto/transferInputsandOutputs.xml (RunModel)" time="0.012" />
  <testcase classname="ptolemy.util.test.junit.AutoTests" name="[91] /home/travis/build/icyphy/ptII/ptolemy/domains/de/test/auto/triggerType.xml (RunModel)" time="0.006" />
  <system-out><![CDATA[/home/travis/build/icyphy/ptII/ptolemy/domains/de/test/DependencyLoop.tcl
testDefs.tcl: setting time out to 9000 seconds at Sun Apr 28 00:21:31 UTC 2019
22 ms. Memory: 116224K Free: 97595K (84%)
24 ms. Memory: 146944K Free: 141166K (96%)
/home/travis/build/icyphy/ptII/ptolemy/domains/de/test/RunDETestsAsQSS.tcl
Run the DE tests using ptolemy.domains.qss.test.QSSDirectorTest, which extends QSSDirector and prints a message in the constructors.
------------------ testing $PTII/ptolemy/domains/de/test/auto/knownFailedTests/dependencyLoop.xml (Known Failure) 
7 ms. Memory: 146944K Free: 136519K (93%)


==== $PTIIhome/travis/build/icyphy/ptII/ptolemy/domains/de/test/../../../../: Auto Automatic test in file $PTII/ptolemy/domains/de/test/auto/knownFailedTests/dependencyLoop.xml
==== Contents of test case:

	    # FIXME: we should use $relativeFilename here, but it
	    # might have backslashes under Windows, which causes no end
	    # of trouble.
	    createAndExecute $file
	    list {}
	
.... Test generated KNOWN error:
    while executing
ptolemy.kernel.util.IllegalActionException: Found a zero delay loop containing .dependencyLoop.original
  in .dependencyLoop and .dependencyLoop.original
	at ptolemy.actor.util.CausalityInterfaceForComposites._computeOutputPortDepth(CausalityInterfaceForComposites.java:759)
	at ptolemy.actor.util.CausalityInterfaceForComposites._computeInputDepth(CausalityInterfaceForComposites.java:696)
	at ptolemy.actor.util.CausalityInterfaceForComposites._computeOutputPortDepth(CausalityInterfaceForComposites.java:765)
	at ptolemy.actor.util.CausalityInterfaceForComposites._computeInputDepth(CausalityInterfaceForComposites.java:696)
	at ptolemy.actor.util.CausalityInterfaceForComposites._computeOutputPortDepth(CausalityInterfaceForComposites.java:765)
	at ptolemy.actor.util.CausalityInterfaceForComposites._computeInputDepth(CausalityInterfaceForComposites.java:696)
	at ptolemy.actor.util.CausalityInterfaceForComposites._computeActorDepth(CausalityInterfaceForComposites.java:532)
	at ptolemy.actor.util.CausalityInterfaceForComposites.checkForCycles(CausalityInterfaceForComposites.java:96)
	at ptolemy.domains.de.kernel.DEDirector.preinitialize(DEDirector.java:1338)
	at ptolemy.actor.CompositeActor.preinitialize(CompositeActor.java:1828)
	at ptolemy.actor.Manager.preinitializeAndResolveTypes(Manager.java:1040)
	at ptolemy.actor.Manager.initialize(Manager.java:710)
	at ptolemy.actor.Manager.execute(Manager.java:356)
	at ptolemy.actor.Manager.run(Manager.java:1263)
	at ptolemy.actor.Manager$PtolemyRunThread.run(Manager.java:1915)

    while executing
ptolemy.kernel.util.IllegalActionException: Found a zero delay loop containing .dependencyLoop.original
  in .dependencyLoop and .dependencyLoop.original
    while executing
"java::new ptolemy.moml.MoMLSimpleApplication $file
"
    (procedure "createAndExecute" line 2)
    invoked from within
"createAndExecute $file"
    ("uplevel" body line 5)
    invoked from within
"uplevel $contents_of_test"
------------------ testing $PTII/ptolemy/domains/de/test/auto/knownFailedTests/DESDFClockTest.xml (Known Failure) 
2074 ms. Memory: 146944K Free: 121327K (83%)


==== $PTIIhome/travis/build/icyphy/ptII/ptolemy/domains/de/test/../../../../: Auto Automatic test in file $PTII/ptolemy/domains/de/test/auto/knownFailedTests/DESDFClockTest.xml
==== Contents of test case:

	    # FIXME: we should use $relativeFilename here, but it
	    # might have backslashes under Windows, which causes no end
	    # of trouble.
	    createAndExecute $file
	    list {}
	
.... Test generated KNOWN error:
    while executing
ptolemy.kernel.util.IllegalActionException: Actor is not ready to fire.  Perhaps UpSample.prefire() returned false? Try debugging the actor by selecting "Listen to Actor".  Also, for SDF check moml for tokenConsumptionRate on input.
  in .DESDFClockTest.Play Bell.Copy1:SDF Director and .DESDFClockTest.Play Bell.UpSample
	at ptolemy.actor.sched.StaticSchedulingDirector.fire(StaticSchedulingDirector.java:227)
	at ptolemy.domains.sdf.kernel.SDFDirector.fire(SDFDirector.java:500)
	at ptolemy.actor.CompositeActor.fire(CompositeActor.java:455)
	at ptolemy.domains.de.kernel.DEDirector._fire(DEDirector.java:1949)
	at ptolemy.domains.de.kernel.DEDirector.fire(DEDirector.java:502)
	at ptolemy.actor.CompositeActor.fire(CompositeActor.java:455)
	at ptolemy.actor.Manager.iterate(Manager.java:851)
	at ptolemy.actor.Manager.execute(Manager.java:369)
	at ptolemy.actor.Manager.run(Manager.java:1263)
	at ptolemy.actor.Manager$PtolemyRunThread.run(Manager.java:1915)

    while executing
ptolemy.kernel.util.IllegalActionException: Actor is not ready to fire.  Perhaps UpSample.prefire() returned false? Try debugging the actor by selecting "Listen to Actor".  Also, for SDF check moml for tokenConsumptionRate on input.
  in .DESDFClockTest.Play Bell.Copy1:SDF Director and .DESDFClockTest.Play Bell.UpSample
    while executing
"java::new ptolemy.moml.MoMLSimpleApplication $file
"
    (procedure "createAndExecute" line 2)
    invoked from within
"createAndExecute $file"
    ("uplevel" body line 5)
    invoked from within
"uplevel $contents_of_test"
------------------ testing $PTII/ptolemy/domains/de/test/auto/knownFailedTests/FSMSource.xml (Known Failure) 
22 ms. Memory: 146944K Free: 112453K (77%)
!!!! Auto was marked as failing, but now passes
------------------ testing $PTII/ptolemy/domains/de/test/auto/knownFailedTests/dependencyLoop2.xml (Known Failure) 
5 ms. Memory: 146944K Free: 110569K (75%)


==== $PTIIhome/travis/build/icyphy/ptII/ptolemy/domains/de/test/../../../../: Auto Automatic test in file $PTII/ptolemy/domains/de/test/auto/knownFailedTests/dependencyLoop2.xml
==== Contents of test case:

	    # FIXME: we should use $relativeFilename here, but it
	    # might have backslashes under Windows, which causes no end
	    # of trouble.
	    createAndExecute $file
	    list {}
	
.... Test generated KNOWN error:
    while executing
ptolemy.kernel.util.IllegalActionException: Found a zero delay loop containing .dependencyLoop2.original
  in .dependencyLoop2 and .dependencyLoop2.original
	at ptolemy.actor.util.CausalityInterfaceForComposites._computeOutputPortDepth(CausalityInterfaceForComposites.java:759)
	at ptolemy.actor.util.CausalityInterfaceForComposites._computeInputDepth(CausalityInterfaceForComposites.java:696)
	at ptolemy.actor.util.CausalityInterfaceForComposites._computeOutputPortDepth(CausalityInterfaceForComposites.java:765)
	at ptolemy.actor.util.CausalityInterfaceForComposites._computeInputDepth(CausalityInterfaceForComposites.java:696)
	at ptolemy.actor.util.CausalityInterfaceForComposites._computeOutputPortDepth(CausalityInterfaceForComposites.java:765)
	at ptolemy.actor.util.CausalityInterfaceForComposites._computeInputDepth(CausalityInterfaceForComposites.java:696)
	at ptolemy.actor.util.CausalityInterfaceForComposites._computeActorDepth(CausalityInterfaceForComposites.java:532)
	at ptolemy.actor.util.CausalityInterfaceForComposites.checkForCycles(CausalityInterfaceForComposites.java:96)
	at ptolemy.domains.de.kernel.DEDirector.preinitialize(DEDirector.java:1338)
	at ptolemy.actor.CompositeActor.preinitialize(CompositeActor.java:1828)
	at ptolemy.actor.Manager.preinitializeAndResolveTypes(Manager.java:1040)
	at ptolemy.actor.Manager.initialize(Manager.java:710)
	at ptolemy.actor.Manager.execute(Manager.java:356)
	at ptolemy.actor.Manager.run(Manager.java:1263)
	at ptolemy.actor.Manager$PtolemyRunThread.run(Manager.java:1915)

    while executing
ptolemy.kernel.util.IllegalActionException: Found a zero delay loop containing .dependencyLoop2.original
  in .dependencyLoop2 and .dependencyLoop2.original
    while executing
"java::new ptolemy.moml.MoMLSimpleApplication $file
"
    (procedure "createAndExecute" line 2)
    invoked from within
"createAndExecute $file"
    ("uplevel" body line 5)
    invoked from within
"uplevel $contents_of_test"
------------------ testing $PTII/ptolemy/domains/de/test/auto/knownFailedTests/HierarchicalModel.xml (Known Failure) 
5 ms. Memory: 146944K Free: 90459K (62%)


==== $PTIIhome/travis/build/icyphy/ptII/ptolemy/domains/de/test/../../../../: Auto Automatic test in file $PTII/ptolemy/domains/de/test/auto/knownFailedTests/HierarchicalModel.xml
==== Contents of test case:

	    # FIXME: we should use $relativeFilename here, but it
	    # might have backslashes under Windows, which causes no end
	    # of trouble.
	    createAndExecute $file
	    list {}
	
.... Test generated KNOWN error:
    while executing
ptolemy.kernel.util.IllegalActionException: Found a zero delay loop containing .HierarchicalModel.A
  in .HierarchicalModel and .HierarchicalModel.A
	at ptolemy.actor.util.CausalityInterfaceForComposites._computeOutputPortDepth(CausalityInterfaceForComposites.java:759)
	at ptolemy.actor.util.CausalityInterfaceForComposites._computeInputDepth(CausalityInterfaceForComposites.java:696)
	at ptolemy.actor.util.CausalityInterfaceForComposites._computeOutputPortDepth(CausalityInterfaceForComposites.java:765)
	at ptolemy.actor.util.CausalityInterfaceForComposites._computeInputDepth(CausalityInterfaceForComposites.java:696)
	at ptolemy.actor.util.CausalityInterfaceForComposites._computeOutputPortDepth(CausalityInterfaceForComposites.java:765)
	at ptolemy.actor.util.CausalityInterfaceForComposites._computeInputDepth(CausalityInterfaceForComposites.java:696)
	at ptolemy.actor.util.CausalityInterfaceForComposites._computeActorDepth(CausalityInterfaceForComposites.java:532)
	at ptolemy.actor.util.CausalityInterfaceForComposites.checkForCycles(CausalityInterfaceForComposites.java:96)
	at ptolemy.domains.de.kernel.DEDirector.preinitialize(DEDirector.java:1338)
	at ptolemy.actor.CompositeActor.preinitialize(CompositeActor.java:1828)
	at ptolemy.actor.Manager.preinitializeAndResolveTypes(Manager.java:1040)
	at ptolemy.actor.Manager.initialize(Manager.java:710)
	at ptolemy.actor.Manager.execute(Manager.java:356)
	at ptolemy.actor.Manager.run(Manager.java:1263)
	at ptolemy.actor.Manager$PtolemyRunThread.run(Manager.java:1915)

    while executing
ptolemy.kernel.util.IllegalActionException: Found a zero delay loop containing .HierarchicalModel.A
  in .HierarchicalModel and .HierarchicalModel.A
    while executing
"java::new ptolemy.moml.MoMLSimpleApplication $file
"
    (procedure "createAndExecute" line 2)
    invoked from within
"createAndExecute $file"
    ("uplevel" body line 5)
    invoked from within
"uplevel $contents_of_test"
------------------ testing $PTII/ptolemy/domains/de/test/auto/knownFailedTests/DirectFeedback.xml (Known Failure) 
7 ms. Memory: 146944K Free: 86346K (59%)


==== $PTIIhome/travis/build/icyphy/ptII/ptolemy/domains/de/test/../../../../: Auto Automatic test in file $PTII/ptolemy/domains/de/test/auto/knownFailedTests/DirectFeedback.xml
==== Contents of test case:

	    # FIXME: we should use $relativeFilename here, but it
	    # might have backslashes under Windows, which causes no end
	    # of trouble.
	    createAndExecute $file
	    list {}
	
.... Test generated KNOWN error:
    while executing
ptolemy.kernel.util.IllegalActionException: Test fails in iteration 1.
Value was: 1.0. Should have been: 2.0
  in .DirectFeedback.Test
	at ptolemy.actor.lib.Test.fire(Test.java:268)
	at ptolemy.domains.de.kernel.DEDirector._fire(DEDirector.java:1949)
	at ptolemy.domains.de.kernel.DEDirector.fire(DEDirector.java:502)
	at ptolemy.actor.CompositeActor.fire(CompositeActor.java:455)
	at ptolemy.actor.Manager.iterate(Manager.java:851)
	at ptolemy.actor.Manager.execute(Manager.java:369)
	at ptolemy.actor.Manager.run(Manager.java:1263)
	at ptolemy.actor.Manager$PtolemyRunThread.run(Manager.java:1915)

    while executing
ptolemy.kernel.util.IllegalActionException: Test fails in iteration 1.
Value was: 1.0. Should have been: 2.0
  in .DirectFeedback.Test
    while executing
"java::new ptolemy.moml.MoMLSimpleApplication $file
"
    (procedure "createAndExecute" line 2)
    invoked from within
"createAndExecute $file"
    ("uplevel" body line 5)
    invoked from within
"uplevel $contents_of_test"
------------------ testing $PTII/ptolemy/domains/de/test/auto/ActorDepthCalculation_actorWithoutPorts.xml
auto.tcl: Setting watchdog for 200 seconds at Sun Apr 28 00:21:34 UTC 2019
3 ms. Memory: 146944K Free: 138677K (94%)
ptolemy.util.test.WatchDog.cancel(): canceling Sun Apr 28 00:21:34 UTC 2019
auto.tcl: Setting watchdog for 200 seconds at Sun Apr 28 00:21:34 UTC 2019
4 ms. Memory: 146944K Free: 137657K (94%)
ptolemy.util.test.WatchDog.cancel(): canceling Sun Apr 28 00:21:34 UTC 2019
------------------ testing $PTII/ptolemy/domains/de/test/auto/AssemblyLine.xml
auto.tcl: Setting watchdog for 200 seconds at Sun Apr 28 00:21:34 UTC 2019
12 ms. Memory: 208384K Free: 183411K (88%)
ptolemy.util.test.WatchDog.cancel(): canceling Sun Apr 28 00:21:34 UTC 2019
auto.tcl: Setting watchdog for 200 seconds at Sun Apr 28 00:21:34 UTC 2019
10 ms. Memory: 208384K Free: 183411K (88%)
ptolemy.util.test.WatchDog.cancel(): canceling Sun Apr 28 00:21:34 UTC 2019
------------------ testing $PTII/ptolemy/domains/de/test/auto/CQBug1.xml
auto.tcl: Setting watchdog for 200 seconds at Sun Apr 28 00:21:34 UTC 2019
7 ms. Memory: 208384K Free: 197917K (95%)
ptolemy.util.test.WatchDog.cancel(): canceling Sun Apr 28 00:21:34 UTC 2019
auto.tcl: Setting watchdog for 200 seconds at Sun Apr 28 00:21:34 UTC 2019
2 ms. Memory: 208384K Free: 197917K (95%)
ptolemy.util.test.WatchDog.cancel(): canceling Sun Apr 28 00:21:34 UTC 2019
------------------ testing $PTII/ptolemy/domains/de/test/auto/CancelFireAt.xml
auto.tcl: Setting watchdog for 200 seconds at Sun Apr 28 00:21:35 UTC 2019
6 ms. Memory: 208384K Free: 201578K (97%)
ptolemy.util.test.WatchDog.cancel(): canceling Sun Apr 28 00:21:35 UTC 2019
auto.tcl: Setting watchdog for 200 seconds at Sun Apr 28 00:21:35 UTC 2019
6 ms. Memory: 208384K Free: 199537K (96%)
ptolemy.util.test.WatchDog.cancel(): canceling Sun Apr 28 00:21:35 UTC 2019
------------------ testing $PTII/ptolemy/domains/de/test/auto/CausalityAndComposabilityAnalysis.xml
auto.tcl: Setting watchdog for 200 seconds at Sun Apr 28 00:21:35 UTC 2019
16 ms. Memory: 208384K Free: 198616K (95%)
ptolemy.util.test.WatchDog.cancel(): canceling Sun Apr 28 00:21:35 UTC 2019
auto.tcl: Setting watchdog for 200 seconds at Sun Apr 28 00:21:35 UTC 2019
5 ms. Memory: 208384K Free: 196575K (94%)
ptolemy.util.test.WatchDog.cancel(): canceling Sun Apr 28 00:21:35 UTC 2019
------------------ testing $PTII/ptolemy/domains/de/test/auto/CausalityInterface1.xml
auto.tcl: Setting watchdog for 200 seconds at Sun Apr 28 00:21:35 UTC 2019
15 ms. Memory: 208384K Free: 196511K (94%)
ptolemy.util.test.WatchDog.cancel(): canceling Sun Apr 28 00:21:35 UTC 2019
auto.tcl: Setting watchdog for 200 seconds at Sun Apr 28 00:21:35 UTC 2019
3 ms. Memory: 208384K Free: 196511K (94%)
ptolemy.util.test.WatchDog.cancel(): canceling Sun Apr 28 00:21:35 UTC 2019
------------------ testing $PTII/ptolemy/domains/de/test/auto/CausalityInterface15.xml
auto.tcl: Setting watchdog for 200 seconds at Sun Apr 28 00:21:35 UTC 2019
4 ms. Memory: 208384K Free: 196470K (94%)
ptolemy.util.test.WatchDog.cancel(): canceling Sun Apr 28 00:21:35 UTC 2019
auto.tcl: Setting watchdog for 200 seconds at Sun Apr 28 00:21:35 UTC 2019
8 ms. Memory: 208384K Free: 196470K (94%)
ptolemy.util.test.WatchDog.cancel(): canceling Sun Apr 28 00:21:35 UTC 2019
------------------ testing $PTII/ptolemy/domains/de/test/auto/CausalityInterface2.xml
auto.tcl: Setting watchdog for 200 seconds at Sun Apr 28 00:21:35 UTC 2019
9 ms. Memory: 208384K Free: 196485K (94%)
ptolemy.util.test.WatchDog.cancel(): canceling Sun Apr 28 00:21:35 UTC 2019
auto.tcl: Setting watchdog for 200 seconds at Sun Apr 28 00:21:35 UTC 2019
7 ms. Memory: 208384K Free: 196485K (94%)
ptolemy.util.test.WatchDog.cancel(): canceling Sun Apr 28 00:21:35 UTC 2019
------------------ testing $PTII/ptolemy/domains/de/test/auto/CausalityInterface3.xml
auto.tcl: Setting watchdog for 200 seconds at Sun Apr 28 00:21:35 UTC 2019
4 ms. Memory: 208384K Free: 196497K (94%)
ptolemy.util.test.WatchDog.cancel(): canceling Sun Apr 28 00:21:35 UTC 2019
auto.tcl: Setting watchdog for 200 seconds at Sun Apr 28 00:21:35 UTC 2019
6 ms. Memory: 208384K Free: 196497K (94%)
ptolemy.util.test.WatchDog.cancel(): canceling Sun Apr 28 00:21:35 UTC 2019
------------------ testing $PTII/ptolemy/domains/de/test/auto/ClockDrift.xml
auto.tcl: Setting watchdog for 200 seconds at Sun Apr 28 00:21:35 UTC 2019
82 ms. Memory: 208384K Free: 187907K (90%)
ptolemy.util.test.WatchDog.cancel(): canceling Sun Apr 28 00:21:35 UTC 2019
auto.tcl: Setting watchdog for 200 seconds at Sun Apr 28 00:21:35 UTC 2019
53 ms. Memory: 208384K Free: 185866K (89%)
ptolemy.util.test.WatchDog.cancel(): canceling Sun Apr 28 00:21:35 UTC 2019
------------------ testing $PTII/ptolemy/domains/de/test/auto/ClockDriftAndValueChange.xml
auto.tcl: Setting watchdog for 200 seconds at Sun Apr 28 00:21:35 UTC 2019
24 ms. Memory: 208384K Free: 187740K (90%)
ptolemy.util.test.WatchDog.cancel(): canceling Sun Apr 28 00:21:35 UTC 2019
auto.tcl: Setting watchdog for 200 seconds at Sun Apr 28 00:21:35 UTC 2019
21 ms. Memory: 208384K Free: 185699K (89%)
ptolemy.util.test.WatchDog.cancel(): canceling Sun Apr 28 00:21:35 UTC 2019
------------------ testing $PTII/ptolemy/domains/de/test/auto/ClockDriftChange.xml
auto.tcl: Setting watchdog for 200 seconds at Sun Apr 28 00:21:36 UTC 2019
36 ms. Memory: 208384K Free: 191003K (92%)
ptolemy.util.test.WatchDog.cancel(): canceling Sun Apr 28 00:21:36 UTC 2019
auto.tcl: Setting watchdog for 200 seconds at Sun Apr 28 00:21:36 UTC 2019
23 ms. Memory: 208384K Free: 188963K (91%)
ptolemy.util.test.WatchDog.cancel(): canceling Sun Apr 28 00:21:36 UTC 2019
------------------ testing $PTII/ptolemy/domains/de/test/auto/ComposableCausalityAnalysis.xml
auto.tcl: Setting watchdog for 200 seconds at Sun Apr 28 00:21:36 UTC 2019
3 ms. Memory: 208384K Free: 196345K (94%)
ptolemy.util.test.WatchDog.cancel(): canceling Sun Apr 28 00:21:36 UTC 2019
auto.tcl: Setting watchdog for 200 seconds at Sun Apr 28 00:21:36 UTC 2019
5 ms. Memory: 208384K Free: 194305K (93%)
ptolemy.util.test.WatchDog.cancel(): canceling Sun Apr 28 00:21:36 UTC 2019
------------------ testing $PTII/ptolemy/domains/de/test/auto/DEFixedPointLimitation.xml
auto.tcl: Setting watchdog for 200 seconds at Sun Apr 28 00:21:36 UTC 2019
7 ms. Memory: 208384K Free: 198467K (95%)
ptolemy.util.test.WatchDog.cancel(): canceling Sun Apr 28 00:21:36 UTC 2019
auto.tcl: Setting watchdog for 200 seconds at Sun Apr 28 00:21:36 UTC 2019
1 ms. Memory: 208384K Free: 196426K (94%)
ptolemy.util.test.WatchDog.cancel(): canceling Sun Apr 28 00:21:36 UTC 2019
------------------ testing $PTII/ptolemy/domains/de/test/auto/DEScheduleTest.xml
auto.tcl: Setting watchdog for 200 seconds at Sun Apr 28 00:21:36 UTC 2019
4 ms. Memory: 208384K Free: 198502K (95%)
ptolemy.util.test.WatchDog.cancel(): canceling Sun Apr 28 00:21:36 UTC 2019
auto.tcl: Setting watchdog for 200 seconds at Sun Apr 28 00:21:36 UTC 2019
7 ms. Memory: 208384K Free: 196462K (94%)
ptolemy.util.test.WatchDog.cancel(): canceling Sun Apr 28 00:21:36 UTC 2019
------------------ testing $PTII/ptolemy/domains/de/test/auto/DEinDEwithStartTimes.xml
auto.tcl: Setting watchdog for 200 seconds at Sun Apr 28 00:21:36 UTC 2019
5 ms. Memory: 208384K Free: 196949K (95%)
ptolemy.util.test.WatchDog.cancel(): canceling Sun Apr 28 00:21:36 UTC 2019
auto.tcl: Setting watchdog for 200 seconds at Sun Apr 28 00:21:36 UTC 2019
7 ms. Memory: 208384K Free: 196949K (95%)
ptolemy.util.test.WatchDog.cancel(): canceling Sun Apr 28 00:21:36 UTC 2019
------------------ testing $PTII/ptolemy/domains/de/test/auto/DEinDEwithStartTimes2.xml
auto.tcl: Setting watchdog for 200 seconds at Sun Apr 28 00:21:36 UTC 2019
4 ms. Memory: 208384K Free: 196410K (94%)
ptolemy.util.test.WatchDog.cancel(): canceling Sun Apr 28 00:21:36 UTC 2019
auto.tcl: Setting watchdog for 200 seconds at Sun Apr 28 00:21:36 UTC 2019
3 ms. Memory: 208384K Free: 194369K (93%)
ptolemy.util.test.WatchDog.cancel(): canceling Sun Apr 28 00:21:36 UTC 2019
------------------ testing $PTII/ptolemy/domains/de/test/auto/DateDemo.xml
auto.tcl: Setting watchdog for 200 seconds at Sun Apr 28 00:21:36 UTC 2019
20 ms. Memory: 208384K Free: 189017K (91%)
ptolemy.util.test.WatchDog.cancel(): canceling Sun Apr 28 00:21:36 UTC 2019
auto.tcl: Setting watchdog for 200 seconds at Sun Apr 28 00:21:36 UTC 2019
6 ms. Memory: 208384K Free: 186976K (90%)
ptolemy.util.test.WatchDog.cancel(): canceling Sun Apr 28 00:21:36 UTC 2019
------------------ testing $PTII/ptolemy/domains/de/test/auto/DateToEvent.xml
auto.tcl: Setting watchdog for 200 seconds at Sun Apr 28 00:21:36 UTC 2019
2009 ms. Memory: 208384K Free: 181444K (87%)
ptolemy.util.test.WatchDog.cancel(): canceling Sun Apr 28 00:21:38 UTC 2019
auto.tcl: Setting watchdog for 200 seconds at Sun Apr 28 00:21:38 UTC 2019
2006 ms. Memory: 208384K Free: 181444K (87%)
ptolemy.util.test.WatchDog.cancel(): canceling Sun Apr 28 00:21:40 UTC 2019
------------------ testing $PTII/ptolemy/domains/de/test/auto/DepthTest1.xml
auto.tcl: Setting watchdog for 200 seconds at Sun Apr 28 00:21:40 UTC 2019
2 ms. Memory: 208384K Free: 197705K (95%)
ptolemy.util.test.WatchDog.cancel(): canceling Sun Apr 28 00:21:40 UTC 2019
auto.tcl: Setting watchdog for 200 seconds at Sun Apr 28 00:21:40 UTC 2019
2 ms. Memory: 208384K Free: 197705K (95%)
ptolemy.util.test.WatchDog.cancel(): canceling Sun Apr 28 00:21:40 UTC 2019
------------------ testing $PTII/ptolemy/domains/de/test/auto/DepthTest2.xml
auto.tcl: Setting watchdog for 200 seconds at Sun Apr 28 00:21:40 UTC 2019
3 ms. Memory: 208384K Free: 194054K (93%)
ptolemy.util.test.WatchDog.cancel(): canceling Sun Apr 28 00:21:40 UTC 2019
auto.tcl: Setting watchdog for 200 seconds at Sun Apr 28 00:21:40 UTC 2019
6 ms. Memory: 208384K Free: 194054K (93%)
ptolemy.util.test.WatchDog.cancel(): canceling Sun Apr 28 00:21:40 UTC 2019
------------------ testing $PTII/ptolemy/domains/de/test/auto/DepthTest3.xml
auto.tcl: Setting watchdog for 200 seconds at Sun Apr 28 00:21:40 UTC 2019
7 ms. Memory: 208384K Free: 198036K (95%)
ptolemy.util.test.WatchDog.cancel(): canceling Sun Apr 28 00:21:40 UTC 2019
auto.tcl: Setting watchdog for 200 seconds at Sun Apr 28 00:21:40 UTC 2019
4 ms. Memory: 208384K Free: 198036K (95%)
ptolemy.util.test.WatchDog.cancel(): canceling Sun Apr 28 00:21:40 UTC 2019
------------------ testing $PTII/ptolemy/domains/de/test/auto/DepthTest4.xml
auto.tcl: Setting watchdog for 200 seconds at Sun Apr 28 00:21:40 UTC 2019
3 ms. Memory: 208384K Free: 196083K (94%)
ptolemy.util.test.WatchDog.cancel(): canceling Sun Apr 28 00:21:41 UTC 2019
auto.tcl: Setting watchdog for 200 seconds at Sun Apr 28 00:21:41 UTC 2019
2 ms. Memory: 208384K Free: 196083K (94%)
ptolemy.util.test.WatchDog.cancel(): canceling Sun Apr 28 00:21:41 UTC 2019
------------------ testing $PTII/ptolemy/domains/de/test/auto/DepthTest5.xml
auto.tcl: Setting watchdog for 200 seconds at Sun Apr 28 00:21:41 UTC 2019
3 ms. Memory: 208384K Free: 196029K (94%)
ptolemy.util.test.WatchDog.cancel(): canceling Sun Apr 28 00:21:41 UTC 2019
auto.tcl: Setting watchdog for 200 seconds at Sun Apr 28 00:21:41 UTC 2019
2 ms. Memory: 208384K Free: 196029K (94%)
ptolemy.util.test.WatchDog.cancel(): canceling Sun Apr 28 00:21:41 UTC 2019
------------------ testing $PTII/ptolemy/domains/de/test/auto/DepthTest6.xml
auto.tcl: Setting watchdog for 200 seconds at Sun Apr 28 00:21:41 UTC 2019
5 ms. Memory: 208384K Free: 196004K (94%)
ptolemy.util.test.WatchDog.cancel(): canceling Sun Apr 28 00:21:41 UTC 2019
auto.tcl: Setting watchdog for 200 seconds at Sun Apr 28 00:21:41 UTC 2019
2 ms. Memory: 208384K Free: 196004K (94%)
ptolemy.util.test.WatchDog.cancel(): canceling Sun Apr 28 00:21:41 UTC 2019
------------------ testing $PTII/ptolemy/domains/de/test/auto/DepthTest7.xml
auto.tcl: Setting watchdog for 200 seconds at Sun Apr 28 00:21:41 UTC 2019
2 ms. Memory: 208384K Free: 195986K (94%)
ptolemy.util.test.WatchDog.cancel(): canceling Sun Apr 28 00:21:41 UTC 2019
auto.tcl: Setting watchdog for 200 seconds at Sun Apr 28 00:21:41 UTC 2019
1 ms. Memory: 208384K Free: 195986K (94%)
ptolemy.util.test.WatchDog.cancel(): canceling Sun Apr 28 00:21:41 UTC 2019
------------------ testing $PTII/ptolemy/domains/de/test/auto/EventToDate.xml
auto.tcl: Setting watchdog for 200 seconds at Sun Apr 28 00:21:41 UTC 2019
3009 ms. Memory: 208384K Free: 185797K (89%)
ptolemy.util.test.WatchDog.cancel(): canceling Sun Apr 28 00:21:44 UTC 2019
auto.tcl: Setting watchdog for 200 seconds at Sun Apr 28 00:21:44 UTC 2019
3003 ms. Memory: 208384K Free: 185797K (89%)
ptolemy.util.test.WatchDog.cancel(): canceling Sun Apr 28 00:21:47 UTC 2019
------------------ testing $PTII/ptolemy/domains/de/test/auto/FSM1.xml
auto.tcl: Setting watchdog for 200 seconds at Sun Apr 28 00:21:47 UTC 2019
38 ms. Memory: 208384K Free: 189157K (91%)
ptolemy.util.test.WatchDog.cancel(): canceling Sun Apr 28 00:21:47 UTC 2019
auto.tcl: Setting watchdog for 200 seconds at Sun Apr 28 00:21:47 UTC 2019
19 ms. Memory: 208384K Free: 185076K (89%)
ptolemy.util.test.WatchDog.cancel(): canceling Sun Apr 28 00:21:47 UTC 2019
------------------ testing $PTII/ptolemy/domains/de/test/auto/FSM7.xml
auto.tcl: Setting watchdog for 200 seconds at Sun Apr 28 00:21:47 UTC 2019
16 ms. Memory: 208384K Free: 189361K (91%)
ptolemy.util.test.WatchDog.cancel(): canceling Sun Apr 28 00:21:47 UTC 2019
auto.tcl: Setting watchdog for 200 seconds at Sun Apr 28 00:21:47 UTC 2019
13 ms. Memory: 208384K Free: 185279K (89%)
ptolemy.util.test.WatchDog.cancel(): canceling Sun Apr 28 00:21:47 UTC 2019
------------------ testing $PTII/ptolemy/domains/de/test/auto/Inspection.xml
auto.tcl: Setting watchdog for 200 seconds at Sun Apr 28 00:21:47 UTC 2019
27 ms. Memory: 208384K Free: 188527K (90%)
ptolemy.util.test.WatchDog.cancel(): canceling Sun Apr 28 00:21:47 UTC 2019
auto.tcl: Setting watchdog for 200 seconds at Sun Apr 28 00:21:47 UTC 2019
23 ms. Memory: 208384K Free: 186486K (89%)
ptolemy.util.test.WatchDog.cancel(): canceling Sun Apr 28 00:21:47 UTC 2019
------------------ testing $PTII/ptolemy/domains/de/test/auto/Iteration.xml
auto.tcl: Setting watchdog for 200 seconds at Sun Apr 28 00:21:47 UTC 2019
9 ms. Memory: 208384K Free: 195794K (94%)
ptolemy.util.test.WatchDog.cancel(): canceling Sun Apr 28 00:21:47 UTC 2019
auto.tcl: Setting watchdog for 200 seconds at Sun Apr 28 00:21:47 UTC 2019
6 ms. Memory: 208384K Free: 193753K (93%)
ptolemy.util.test.WatchDog.cancel(): canceling Sun Apr 28 00:21:47 UTC 2019
------------------ testing $PTII/ptolemy/domains/de/test/auto/LineFault.xml
auto.tcl: Setting watchdog for 200 seconds at Sun Apr 28 00:21:47 UTC 2019
483 ms. Memory: 208384K Free: 196939K (95%)
ptolemy.util.test.WatchDog.cancel(): canceling Sun Apr 28 00:21:48 UTC 2019
auto.tcl: Setting watchdog for 200 seconds at Sun Apr 28 00:21:48 UTC 2019
385 ms. Memory: 208384K Free: 139885K (67%)
ptolemy.util.test.WatchDog.cancel(): canceling Sun Apr 28 00:21:49 UTC 2019
------------------ testing $PTII/ptolemy/domains/de/test/auto/MergeModel1Add.xml
auto.tcl: Setting watchdog for 200 seconds at Sun Apr 28 00:21:49 UTC 2019
17 ms. Memory: 331264K Free: 302760K (91%)
ptolemy.util.test.WatchDog.cancel(): canceling Sun Apr 28 00:21:49 UTC 2019
auto.tcl: Setting watchdog for 200 seconds at Sun Apr 28 00:21:49 UTC 2019
11 ms. Memory: 331264K Free: 298885K (90%)
ptolemy.util.test.WatchDog.cancel(): canceling Sun Apr 28 00:21:49 UTC 2019
------------------ testing $PTII/ptolemy/domains/de/test/auto/MergeModel2Add.xml
auto.tcl: Setting watchdog for 200 seconds at Sun Apr 28 00:21:49 UTC 2019
15 ms. Memory: 331264K Free: 304100K (92%)
ptolemy.util.test.WatchDog.cancel(): canceling Sun Apr 28 00:21:49 UTC 2019
auto.tcl: Setting watchdog for 200 seconds at Sun Apr 28 00:21:49 UTC 2019
10 ms. Memory: 331264K Free: 304100K (92%)
ptolemy.util.test.WatchDog.cancel(): canceling Sun Apr 28 00:21:49 UTC 2019
------------------ testing $PTII/ptolemy/domains/de/test/auto/MergeModel3Add.xml
auto.tcl: Setting watchdog for 200 seconds at Sun Apr 28 00:21:49 UTC 2019
11 ms. Memory: 331264K Free: 304109K (92%)
ptolemy.util.test.WatchDog.cancel(): canceling Sun Apr 28 00:21:49 UTC 2019
auto.tcl: Setting watchdog for 200 seconds at Sun Apr 28 00:21:49 UTC 2019
9 ms. Memory: 331264K Free: 304109K (92%)
ptolemy.util.test.WatchDog.cancel(): canceling Sun Apr 28 00:21:49 UTC 2019
------------------ testing $PTII/ptolemy/domains/de/test/auto/MergeWithoutDiscard.xml
auto.tcl: Setting watchdog for 200 seconds at Sun Apr 28 00:21:49 UTC 2019
4 ms. Memory: 331264K Free: 319609K (96%)
ptolemy.util.test.WatchDog.cancel(): canceling Sun Apr 28 00:21:49 UTC 2019
auto.tcl: Setting watchdog for 200 seconds at Sun Apr 28 00:21:49 UTC 2019
1 ms. Memory: 331264K Free: 315733K (95%)
ptolemy.util.test.WatchDog.cancel(): canceling Sun Apr 28 00:21:49 UTC 2019
------------------ testing $PTII/ptolemy/domains/de/test/auto/Modal1.xml
auto.tcl: Setting watchdog for 200 seconds at Sun Apr 28 00:21:49 UTC 2019
21 ms. Memory: 331264K Free: 309713K (93%)
ptolemy.util.test.WatchDog.cancel(): canceling Sun Apr 28 00:21:49 UTC 2019
auto.tcl: Setting watchdog for 200 seconds at Sun Apr 28 00:21:49 UTC 2019
12 ms. Memory: 331264K Free: 305837K (92%)
ptolemy.util.test.WatchDog.cancel(): canceling Sun Apr 28 00:21:49 UTC 2019
------------------ testing $PTII/ptolemy/domains/de/test/auto/Modal2.xml
auto.tcl: Setting watchdog for 200 seconds at Sun Apr 28 00:21:49 UTC 2019
15 ms. Memory: 331264K Free: 309587K (93%)
ptolemy.util.test.WatchDog.cancel(): canceling Sun Apr 28 00:21:49 UTC 2019
auto.tcl: Setting watchdog for 200 seconds at Sun Apr 28 00:21:49 UTC 2019
16 ms. Memory: 331264K Free: 305711K (92%)
ptolemy.util.test.WatchDog.cancel(): canceling Sun Apr 28 00:21:49 UTC 2019
------------------ testing $PTII/ptolemy/domains/de/test/auto/Modal3.xml
auto.tcl: Setting watchdog for 200 seconds at Sun Apr 28 00:21:49 UTC 2019
10 ms. Memory: 331264K Free: 309586K (93%)
ptolemy.util.test.WatchDog.cancel(): canceling Sun Apr 28 00:21:49 UTC 2019
auto.tcl: Setting watchdog for 200 seconds at Sun Apr 28 00:21:49 UTC 2019
9 ms. Memory: 331264K Free: 305710K (92%)
ptolemy.util.test.WatchDog.cancel(): canceling Sun Apr 28 00:21:49 UTC 2019
------------------ testing $PTII/ptolemy/domains/de/test/auto/Modal4.xml
auto.tcl: Setting watchdog for 200 seconds at Sun Apr 28 00:21:49 UTC 2019
13 ms. Memory: 331264K Free: 309583K (93%)
ptolemy.util.test.WatchDog.cancel(): canceling Sun Apr 28 00:21:49 UTC 2019
auto.tcl: Setting watchdog for 200 seconds at Sun Apr 28 00:21:49 UTC 2019
13 ms. Memory: 331264K Free: 305707K (92%)
ptolemy.util.test.WatchDog.cancel(): canceling Sun Apr 28 00:21:49 UTC 2019
------------------ testing $PTII/ptolemy/domains/de/test/auto/Modal5.xml
auto.tcl: Setting watchdog for 200 seconds at Sun Apr 28 00:21:50 UTC 2019
20 ms. Memory: 331264K Free: 309572K (93%)
ptolemy.util.test.WatchDog.cancel(): canceling Sun Apr 28 00:21:50 UTC 2019
auto.tcl: Setting watchdog for 200 seconds at Sun Apr 28 00:21:50 UTC 2019
15 ms. Memory: 331264K Free: 305696K (92%)
ptolemy.util.test.WatchDog.cancel(): canceling Sun Apr 28 00:21:50 UTC 2019
------------------ testing $PTII/ptolemy/domains/de/test/auto/Modal6.xml
auto.tcl: Setting watchdog for 200 seconds at Sun Apr 28 00:21:50 UTC 2019
16 ms. Memory: 331264K Free: 309568K (93%)
ptolemy.util.test.WatchDog.cancel(): canceling Sun Apr 28 00:21:50 UTC 2019
auto.tcl: Setting watchdog for 200 seconds at Sun Apr 28 00:21:50 UTC 2019
19 ms. Memory: 331264K Free: 305692K (92%)
ptolemy.util.test.WatchDog.cancel(): canceling Sun Apr 28 00:21:50 UTC 2019
------------------ testing $PTII/ptolemy/domains/de/test/auto/Modal7.xml
auto.tcl: Setting watchdog for 200 seconds at Sun Apr 28 00:21:50 UTC 2019
18 ms. Memory: 331264K Free: 309535K (93%)
ptolemy.util.test.WatchDog.cancel(): canceling Sun Apr 28 00:21:50 UTC 2019
auto.tcl: Setting watchdog for 200 seconds at Sun Apr 28 00:21:50 UTC 2019
11 ms. Memory: 331264K Free: 305660K (92%)
ptolemy.util.test.WatchDog.cancel(): canceling Sun Apr 28 00:21:50 UTC 2019
------------------ testing $PTII/ptolemy/domains/de/test/auto/ModalModel.xml
auto.tcl: Setting watchdog for 200 seconds at Sun Apr 28 00:21:50 UTC 2019
161 ms. Memory: 331264K Free: 249955K (75%)
ptolemy.util.test.WatchDog.cancel(): canceling Sun Apr 28 00:21:50 UTC 2019
auto.tcl: Setting watchdog for 200 seconds at Sun Apr 28 00:21:50 UTC 2019
168 ms. Memory: 331264K Free: 191817K (58%)
ptolemy.util.test.WatchDog.cancel(): canceling Sun Apr 28 00:21:50 UTC 2019
------------------ testing $PTII/ptolemy/domains/de/test/auto/ModalSource.xml
auto.tcl: Setting watchdog for 200 seconds at Sun Apr 28 00:21:50 UTC 2019
5 ms. Memory: 331264K Free: 316083K (95%)
ptolemy.util.test.WatchDog.cancel(): canceling Sun Apr 28 00:21:50 UTC 2019
auto.tcl: Setting watchdog for 200 seconds at Sun Apr 28 00:21:50 UTC 2019
6 ms. Memory: 331264K Free: 312623K (94%)
ptolemy.util.test.WatchDog.cancel(): canceling Sun Apr 28 00:21:50 UTC 2019
------------------ testing $PTII/ptolemy/domains/de/test/auto/NonInterruptibleTimerZeroDelay.xml
auto.tcl: Setting watchdog for 200 seconds at Sun Apr 28 00:21:50 UTC 2019
4 ms. Memory: 331264K Free: 320481K (97%)
ptolemy.util.test.WatchDog.cancel(): canceling Sun Apr 28 00:21:50 UTC 2019
auto.tcl: Setting watchdog for 200 seconds at Sun Apr 28 00:21:50 UTC 2019
2 ms. Memory: 331264K Free: 317021K (96%)
ptolemy.util.test.WatchDog.cancel(): canceling Sun Apr 28 00:21:50 UTC 2019
------------------ testing $PTII/ptolemy/domains/de/test/auto/OpenQueueingNetwork.xml
auto.tcl: Setting watchdog for 200 seconds at Sun Apr 28 00:21:50 UTC 2019
2757 ms. Memory: 573952K Free: 412476K (72%)
ptolemy.util.test.WatchDog.cancel(): canceling Sun Apr 28 00:21:53 UTC 2019
auto.tcl: Setting watchdog for 200 seconds at Sun Apr 28 00:21:53 UTC 2019
2310 ms. Memory: 550912K Free: 313751K (57%)
ptolemy.util.test.WatchDog.cancel(): canceling Sun Apr 28 00:21:56 UTC 2019
------------------ testing $PTII/ptolemy/domains/de/test/auto/OpenQueuingNetwork.xml
auto.tcl: Setting watchdog for 200 seconds at Sun Apr 28 00:21:56 UTC 2019
250 ms. Memory: 549888K Free: 445330K (81%)
ptolemy.util.test.WatchDog.cancel(): canceling Sun Apr 28 00:21:56 UTC 2019
auto.tcl: Setting watchdog for 200 seconds at Sun Apr 28 00:21:56 UTC 2019
230 ms. Memory: 549888K Free: 386384K (70%)
ptolemy.util.test.WatchDog.cancel(): canceling Sun Apr 28 00:21:56 UTC 2019
------------------ testing $PTII/ptolemy/domains/de/test/auto/PeriodicSampler.xml
auto.tcl: Setting watchdog for 200 seconds at Sun Apr 28 00:21:56 UTC 2019
2 ms. Memory: 551936K Free: 536416K (97%)
ptolemy.util.test.WatchDog.cancel(): canceling Sun Apr 28 00:21:56 UTC 2019
auto.tcl: Setting watchdog for 200 seconds at Sun Apr 28 00:21:56 UTC 2019
2 ms. Memory: 551936K Free: 536416K (97%)
ptolemy.util.test.WatchDog.cancel(): canceling Sun Apr 28 00:21:56 UTC 2019
------------------ testing $PTII/ptolemy/domains/de/test/auto/PersistentIO.xml
auto.tcl: Setting watchdog for 200 seconds at Sun Apr 28 00:21:56 UTC 2019
4 ms. Memory: 549376K Free: 524417K (95%)
ptolemy.util.test.WatchDog.cancel(): canceling Sun Apr 28 00:21:56 UTC 2019
auto.tcl: Setting watchdog for 200 seconds at Sun Apr 28 00:21:56 UTC 2019
4 ms. Memory: 549376K Free: 524417K (95%)
ptolemy.util.test.WatchDog.cancel(): canceling Sun Apr 28 00:21:56 UTC 2019
------------------ testing $PTII/ptolemy/domains/de/test/auto/PortParameterResetOnInitialize.xml
auto.tcl: Setting watchdog for 200 seconds at Sun Apr 28 00:21:56 UTC 2019
5 ms. Memory: 551424K Free: 531686K (96%)
ptolemy.util.test.WatchDog.cancel(): canceling Sun Apr 28 00:21:56 UTC 2019
auto.tcl: Setting watchdog for 200 seconds at Sun Apr 28 00:21:56 UTC 2019
1 ms. Memory: 551424K Free: 531686K (96%)
ptolemy.util.test.WatchDog.cancel(): canceling Sun Apr 28 00:21:57 UTC 2019
------------------ testing $PTII/ptolemy/domains/de/test/auto/PortParameterUpdates.xml
auto.tcl: Setting watchdog for 200 seconds at Sun Apr 28 00:21:57 UTC 2019
3 ms. Memory: 549376K Free: 534097K (97%)
ptolemy.util.test.WatchDog.cancel(): canceling Sun Apr 28 00:21:57 UTC 2019
auto.tcl: Setting watchdog for 200 seconds at Sun Apr 28 00:21:57 UTC 2019
4 ms. Memory: 549376K Free: 528738K (96%)
ptolemy.util.test.WatchDog.cancel(): canceling Sun Apr 28 00:21:57 UTC 2019
------------------ testing $PTII/ptolemy/domains/de/test/auto/QueueAndServer.xml
auto.tcl: Setting watchdog for 200 seconds at Sun Apr 28 00:21:57 UTC 2019
10 ms. Memory: 551424K Free: 530750K (96%)
ptolemy.util.test.WatchDog.cancel(): canceling Sun Apr 28 00:21:57 UTC 2019
auto.tcl: Setting watchdog for 200 seconds at Sun Apr 28 00:21:57 UTC 2019
6 ms. Memory: 551424K Free: 530750K (96%)
ptolemy.util.test.WatchDog.cancel(): canceling Sun Apr 28 00:21:57 UTC 2019
------------------ testing $PTII/ptolemy/domains/de/test/auto/Records.xml
auto.tcl: Setting watchdog for 200 seconds at Sun Apr 28 00:21:57 UTC 2019
7 ms. Memory: 549376K Free: 534001K (97%)
ptolemy.util.test.WatchDog.cancel(): canceling Sun Apr 28 00:21:57 UTC 2019
auto.tcl: Setting watchdog for 200 seconds at Sun Apr 28 00:21:57 UTC 2019
1 ms. Memory: 549376K Free: 534001K (97%)
ptolemy.util.test.WatchDog.cancel(): canceling Sun Apr 28 00:21:57 UTC 2019
------------------ testing $PTII/ptolemy/domains/de/test/auto/ResetTransitionWithStartTime1.xml
auto.tcl: Setting watchdog for 200 seconds at Sun Apr 28 00:21:57 UTC 2019
16 ms. Memory: 551424K Free: 530716K (96%)
ptolemy.util.test.WatchDog.cancel(): canceling Sun Apr 28 00:21:57 UTC 2019
auto.tcl: Setting watchdog for 200 seconds at Sun Apr 28 00:21:57 UTC 2019
6 ms. Memory: 551424K Free: 530716K (96%)
ptolemy.util.test.WatchDog.cancel(): canceling Sun Apr 28 00:21:57 UTC 2019
------------------ testing $PTII/ptolemy/domains/de/test/auto/ResetTransitionWithStartTime2.xml
auto.tcl: Setting watchdog for 200 seconds at Sun Apr 28 00:21:57 UTC 2019
5 ms. Memory: 549376K Free: 528996K (96%)
ptolemy.util.test.WatchDog.cancel(): canceling Sun Apr 28 00:21:57 UTC 2019
auto.tcl: Setting watchdog for 200 seconds at Sun Apr 28 00:21:57 UTC 2019
7 ms. Memory: 549376K Free: 528996K (96%)
ptolemy.util.test.WatchDog.cancel(): canceling Sun Apr 28 00:21:57 UTC 2019
------------------ testing $PTII/ptolemy/domains/de/test/auto/ResetTransitionWithStartTime3.xml
auto.tcl: Setting watchdog for 200 seconds at Sun Apr 28 00:21:57 UTC 2019
8 ms. Memory: 550912K Free: 530531K (96%)
ptolemy.util.test.WatchDog.cancel(): canceling Sun Apr 28 00:21:57 UTC 2019
auto.tcl: Setting watchdog for 200 seconds at Sun Apr 28 00:21:57 UTC 2019
5 ms. Memory: 550912K Free: 530531K (96%)
ptolemy.util.test.WatchDog.cancel(): canceling Sun Apr 28 00:21:57 UTC 2019
------------------ testing $PTII/ptolemy/domains/de/test/auto/ResetTransitionWithStartTime4.xml
auto.tcl: Setting watchdog for 200 seconds at Sun Apr 28 00:21:57 UTC 2019
4 ms. Memory: 549376K Free: 523969K (95%)
ptolemy.util.test.WatchDog.cancel(): canceling Sun Apr 28 00:21:57 UTC 2019
auto.tcl: Setting watchdog for 200 seconds at Sun Apr 28 00:21:57 UTC 2019
3 ms. Memory: 549376K Free: 523969K (95%)
ptolemy.util.test.WatchDog.cancel(): canceling Sun Apr 28 00:21:57 UTC 2019
------------------ testing $PTII/ptolemy/domains/de/test/auto/ResettableTimer1.xml
auto.tcl: Setting watchdog for 200 seconds at Sun Apr 28 00:21:57 UTC 2019
4 ms. Memory: 550912K Free: 535547K (97%)
ptolemy.util.test.WatchDog.cancel(): canceling Sun Apr 28 00:21:57 UTC 2019
auto.tcl: Setting watchdog for 200 seconds at Sun Apr 28 00:21:57 UTC 2019
2 ms. Memory: 550912K Free: 535547K (97%)
ptolemy.util.test.WatchDog.cancel(): canceling Sun Apr 28 00:21:57 UTC 2019
------------------ testing $PTII/ptolemy/domains/de/test/auto/ResettableTimer2.xml
auto.tcl: Setting watchdog for 200 seconds at Sun Apr 28 00:21:57 UTC 2019
2 ms. Memory: 549376K Free: 534422K (97%)
ptolemy.util.test.WatchDog.cancel(): canceling Sun Apr 28 00:21:57 UTC 2019
auto.tcl: Setting watchdog for 200 seconds at Sun Apr 28 00:21:57 UTC 2019
2 ms. Memory: 549376K Free: 534422K (97%)
ptolemy.util.test.WatchDog.cancel(): canceling Sun Apr 28 00:21:57 UTC 2019
------------------ testing $PTII/ptolemy/domains/de/test/auto/ResettableTimer3.xml
auto.tcl: Setting watchdog for 200 seconds at Sun Apr 28 00:21:57 UTC 2019
5 ms. Memory: 550912K Free: 530925K (96%)
ptolemy.util.test.WatchDog.cancel(): canceling Sun Apr 28 00:21:57 UTC 2019
auto.tcl: Setting watchdog for 200 seconds at Sun Apr 28 00:21:57 UTC 2019
1 ms. Memory: 550912K Free: 530925K (96%)
ptolemy.util.test.WatchDog.cancel(): canceling Sun Apr 28 00:21:57 UTC 2019
------------------ testing $PTII/ptolemy/domains/de/test/auto/ResettableTimer4.xml
auto.tcl: Setting watchdog for 200 seconds at Sun Apr 28 00:21:57 UTC 2019
1 ms. Memory: 549376K Free: 534434K (97%)
ptolemy.util.test.WatchDog.cancel(): canceling Sun Apr 28 00:21:57 UTC 2019
auto.tcl: Setting watchdog for 200 seconds at Sun Apr 28 00:21:57 UTC 2019
1 ms. Memory: 549376K Free: 534434K (97%)
ptolemy.util.test.WatchDog.cancel(): canceling Sun Apr 28 00:21:57 UTC 2019
------------------ testing $PTII/ptolemy/domains/de/test/auto/ResettableTimer5.xml
auto.tcl: Setting watchdog for 200 seconds at Sun Apr 28 00:21:57 UTC 2019
4 ms. Memory: 550400K Free: 530776K (96%)
ptolemy.util.test.WatchDog.cancel(): canceling Sun Apr 28 00:21:57 UTC 2019
auto.tcl: Setting watchdog for 200 seconds at Sun Apr 28 00:21:57 UTC 2019
1 ms. Memory: 550400K Free: 530776K (96%)
ptolemy.util.test.WatchDog.cancel(): canceling Sun Apr 28 00:21:57 UTC 2019
------------------ testing $PTII/ptolemy/domains/de/test/auto/ResettableTimer6.xml
auto.tcl: Setting watchdog for 200 seconds at Sun Apr 28 00:21:57 UTC 2019
1 ms. Memory: 549376K Free: 529349K (96%)
ptolemy.util.test.WatchDog.cancel(): canceling Sun Apr 28 00:21:57 UTC 2019
auto.tcl: Setting watchdog for 200 seconds at Sun Apr 28 00:21:57 UTC 2019
2 ms. Memory: 549376K Free: 529349K (96%)
ptolemy.util.test.WatchDog.cancel(): canceling Sun Apr 28 00:21:57 UTC 2019
------------------ testing $PTII/ptolemy/domains/de/test/auto/ServerZeroDelay.xml
auto.tcl: Setting watchdog for 200 seconds at Sun Apr 28 00:21:57 UTC 2019
4 ms. Memory: 550400K Free: 535396K (97%)
ptolemy.util.test.WatchDog.cancel(): canceling Sun Apr 28 00:21:57 UTC 2019
auto.tcl: Setting watchdog for 200 seconds at Sun Apr 28 00:21:57 UTC 2019
2 ms. Memory: 550400K Free: 535396K (97%)
ptolemy.util.test.WatchDog.cancel(): canceling Sun Apr 28 00:21:57 UTC 2019
------------------ testing $PTII/ptolemy/domains/de/test/auto/SmartSender.xml
auto.tcl: Setting watchdog for 200 seconds at Sun Apr 28 00:21:57 UTC 2019
3000 ms. Memory: 549376K Free: 529688K (96%)
ptolemy.util.test.WatchDog.cancel(): canceling Sun Apr 28 00:22:01 UTC 2019
auto.tcl: Setting watchdog for 200 seconds at Sun Apr 28 00:22:01 UTC 2019
3002 ms. Memory: 549376K Free: 529688K (96%)
ptolemy.util.test.WatchDog.cancel(): canceling Sun Apr 28 00:22:04 UTC 2019
------------------ testing $PTII/ptolemy/domains/de/test/auto/ThreadedComposite.xml
auto.tcl: Setting watchdog for 200 seconds at Sun Apr 28 00:22:04 UTC 2019
246 ms. Memory: 550400K Free: 510280K (93%)
ptolemy.util.test.WatchDog.cancel(): canceling Sun Apr 28 00:22:04 UTC 2019
auto.tcl: Setting watchdog for 200 seconds at Sun Apr 28 00:22:04 UTC 2019
201 ms. Memory: 550400K Free: 486202K (88%)
ptolemy.util.test.WatchDog.cancel(): canceling Sun Apr 28 00:22:04 UTC 2019
------------------ testing $PTII/ptolemy/domains/de/test/auto/Time.xml
auto.tcl: Setting watchdog for 200 seconds at Sun Apr 28 00:22:04 UTC 2019
476 ms. Memory: 549376K Free: 486942K (89%)
ptolemy.util.test.WatchDog.cancel(): canceling Sun Apr 28 00:22:05 UTC 2019
auto.tcl: Setting watchdog for 200 seconds at Sun Apr 28 00:22:05 UTC 2019
449 ms. Memory: 549376K Free: 433355K (79%)
ptolemy.util.test.WatchDog.cancel(): canceling Sun Apr 28 00:22:05 UTC 2019
------------------ testing $PTII/ptolemy/domains/de/test/auto/TimeDelayZeroDelay.xml
auto.tcl: Setting watchdog for 200 seconds at Sun Apr 28 00:22:05 UTC 2019
2 ms. Memory: 550400K Free: 534961K (97%)
ptolemy.util.test.WatchDog.cancel(): canceling Sun Apr 28 00:22:05 UTC 2019
auto.tcl: Setting watchdog for 200 seconds at Sun Apr 28 00:22:05 UTC 2019
2 ms. Memory: 550400K Free: 534961K (97%)
ptolemy.util.test.WatchDog.cancel(): canceling Sun Apr 28 00:22:05 UTC 2019
------------------ testing $PTII/ptolemy/domains/de/test/auto/TimerZeroDelay.xml
auto.tcl: Setting watchdog for 200 seconds at Sun Apr 28 00:22:05 UTC 2019
4 ms. Memory: 549376K Free: 534333K (97%)
ptolemy.util.test.WatchDog.cancel(): canceling Sun Apr 28 00:22:05 UTC 2019
auto.tcl: Setting watchdog for 200 seconds at Sun Apr 28 00:22:05 UTC 2019
2 ms. Memory: 549376K Free: 534333K (97%)
ptolemy.util.test.WatchDog.cancel(): canceling Sun Apr 28 00:22:05 UTC 2019
------------------ testing $PTII/ptolemy/domains/de/test/auto/TimingParadox.xml
auto.tcl: Setting watchdog for 200 seconds at Sun Apr 28 00:22:05 UTC 2019
336 ms. Memory: 549888K Free: 469550K (85%)
ptolemy.util.test.WatchDog.cancel(): canceling Sun Apr 28 00:22:06 UTC 2019
auto.tcl: Setting watchdog for 200 seconds at Sun Apr 28 00:22:06 UTC 2019
346 ms. Memory: 549888K Free: 437398K (80%)
ptolemy.util.test.WatchDog.cancel(): canceling Sun Apr 28 00:22:06 UTC 2019
------------------ testing $PTII/ptolemy/domains/de/test/auto/TransferInputs.xml
auto.tcl: Setting watchdog for 200 seconds at Sun Apr 28 00:22:06 UTC 2019
2 ms. Memory: 549888K Free: 533806K (97%)
ptolemy.util.test.WatchDog.cancel(): canceling Sun Apr 28 00:22:06 UTC 2019
auto.tcl: Setting watchdog for 200 seconds at Sun Apr 28 00:22:06 UTC 2019
2 ms. Memory: 549888K Free: 533806K (97%)
ptolemy.util.test.WatchDog.cancel(): canceling Sun Apr 28 00:22:06 UTC 2019
------------------ testing $PTII/ptolemy/domains/de/test/auto/TransferOutputs2.xml
auto.tcl: Setting watchdog for 200 seconds at Sun Apr 28 00:22:06 UTC 2019
4 ms. Memory: 549376K Free: 523171K (95%)
ptolemy.util.test.WatchDog.cancel(): canceling Sun Apr 28 00:22:06 UTC 2019
auto.tcl: Setting watchdog for 200 seconds at Sun Apr 28 00:22:06 UTC 2019
3 ms. Memory: 549376K Free: 523171K (95%)
ptolemy.util.test.WatchDog.cancel(): canceling Sun Apr 28 00:22:06 UTC 2019
------------------ testing $PTII/ptolemy/domains/de/test/auto/Trilateration.xml
auto.tcl: Setting watchdog for 200 seconds at Sun Apr 28 00:22:06 UTC 2019
11804 ms. Memory: 766976K Free: 284526K (37%)
ptolemy.util.test.WatchDog.cancel(): canceling Sun Apr 28 00:22:19 UTC 2019
auto.tcl: Setting watchdog for 200 seconds at Sun Apr 28 00:22:19 UTC 2019
10086 ms. Memory: 646144K Free: 154759K (24%)
ptolemy.util.test.WatchDog.cancel(): canceling Sun Apr 28 00:22:29 UTC 2019
------------------ testing $PTII/ptolemy/domains/de/test/auto/TwoSigmaDelta.xml
auto.tcl: Setting watchdog for 200 seconds at Sun Apr 28 00:22:29 UTC 2019
2568 ms. Memory: 649728K Free: 362433K (56%)
ptolemy.util.test.WatchDog.cancel(): canceling Sun Apr 28 00:22:32 UTC 2019
auto.tcl: Setting watchdog for 200 seconds at Sun Apr 28 00:22:32 UTC 2019
2117 ms. Memory: 649728K Free: 126253K (19%)
ptolemy.util.test.WatchDog.cancel(): canceling Sun Apr 28 00:22:34 UTC 2019
------------------ testing $PTII/ptolemy/domains/de/test/auto/VariableDelay.xml
auto.tcl: Setting watchdog for 200 seconds at Sun Apr 28 00:22:34 UTC 2019
6 ms. Memory: 646656K Free: 625703K (97%)
ptolemy.util.test.WatchDog.cancel(): canceling Sun Apr 28 00:22:34 UTC 2019
auto.tcl: Setting watchdog for 200 seconds at Sun Apr 28 00:22:34 UTC 2019
2 ms. Memory: 646656K Free: 625703K (97%)
ptolemy.util.test.WatchDog.cancel(): canceling Sun Apr 28 00:22:34 UTC 2019
------------------ testing $PTII/ptolemy/domains/de/test/auto/VariableDelay2.xml
auto.tcl: Setting watchdog for 200 seconds at Sun Apr 28 00:22:34 UTC 2019
6 ms. Memory: 646144K Free: 625654K (97%)
ptolemy.util.test.WatchDog.cancel(): canceling Sun Apr 28 00:22:34 UTC 2019
auto.tcl: Setting watchdog for 200 seconds at Sun Apr 28 00:22:34 UTC 2019
2 ms. Memory: 646144K Free: 625654K (97%)
ptolemy.util.test.WatchDog.cancel(): canceling Sun Apr 28 00:22:34 UTC 2019
------------------ testing $PTII/ptolemy/domains/de/test/auto/VariableDelayZeroDelay.xml
auto.tcl: Setting watchdog for 200 seconds at Sun Apr 28 00:22:34 UTC 2019
2 ms. Memory: 646144K Free: 620005K (96%)
ptolemy.util.test.WatchDog.cancel(): canceling Sun Apr 28 00:22:34 UTC 2019
auto.tcl: Setting watchdog for 200 seconds at Sun Apr 28 00:22:34 UTC 2019
2 ms. Memory: 646144K Free: 619956K (96%)
ptolemy.util.test.WatchDog.cancel(): canceling Sun Apr 28 00:22:34 UTC 2019
------------------ testing $PTII/ptolemy/domains/de/test/auto/VariableDelayZeroDelay2.xml
auto.tcl: Setting watchdog for 200 seconds at Sun Apr 28 00:22:34 UTC 2019
4 ms. Memory: 649216K Free: 628723K (97%)
ptolemy.util.test.WatchDog.cancel(): canceling Sun Apr 28 00:22:34 UTC 2019
auto.tcl: Setting watchdog for 200 seconds at Sun Apr 28 00:22:34 UTC 2019
2 ms. Memory: 649216K Free: 628723K (97%)
ptolemy.util.test.WatchDog.cancel(): canceling Sun Apr 28 00:22:34 UTC 2019
------------------ testing $PTII/ptolemy/domains/de/test/auto/deInCt.xml
auto.tcl: Setting watchdog for 200 seconds at Sun Apr 28 00:22:34 UTC 2019
0
1
1
1
0
0
0
1
1
1
1
0
0
0
1
1
1
1
1
1
1
0
0
0
0
1
1
1
9 ms. Memory: 646144K Free: 620000K (96%)
ptolemy.util.test.WatchDog.cancel(): canceling Sun Apr 28 00:22:34 UTC 2019
auto.tcl: Setting watchdog for 200 seconds at Sun Apr 28 00:22:34 UTC 2019
0
1
1
1
0
0
0
1
1
1
0
0
0
1
1
1
1
0
0
0
1
1
1
0
0
1
1
1
1
0
0
0
1
1
1
1
0
0
0
1
1
1
1
0
0
0
0
6 ms. Memory: 646144K Free: 620000K (96%)
ptolemy.util.test.WatchDog.cancel(): canceling Sun Apr 28 00:22:34 UTC 2019
------------------ testing $PTII/ptolemy/domains/de/test/auto/deInCt2.xml
auto.tcl: Setting watchdog for 200 seconds at Sun Apr 28 00:22:34 UTC 2019
0
1
1
1
0
0
1
1
1
0
0
1
1
1
0
0
1
1
1
0
0
1
1
1
0
0
1
1
1
0
0
1
1
1
0
0
1
1
1
0
0
0
15 ms. Memory: 648704K Free: 622510K (96%)
ptolemy.util.test.WatchDog.cancel(): canceling Sun Apr 28 00:22:34 UTC 2019
auto.tcl: Setting watchdog for 200 seconds at Sun Apr 28 00:22:34 UTC 2019
0
1
1
1
0
0
1
1
1
0
0
1
1
1
0
0
1
1
1
0
0
1
1
1
0
0
1
1
1
0
0
1
1
1
0
0
1
1
1
0
0
0
6 ms. Memory: 648704K Free: 622510K (96%)
ptolemy.util.test.WatchDog.cancel(): canceling Sun Apr 28 00:22:34 UTC 2019
------------------ testing $PTII/ptolemy/domains/de/test/auto/dynamicCausalityInterface1.xml
auto.tcl: Setting watchdog for 200 seconds at Sun Apr 28 00:22:34 UTC 2019
1 ms. Memory: 646144K Free: 617040K (95%)
ptolemy.util.test.WatchDog.cancel(): canceling Sun Apr 28 00:22:34 UTC 2019
auto.tcl: Setting watchdog for 200 seconds at Sun Apr 28 00:22:34 UTC 2019
1 ms. Memory: 646144K Free: 617040K (95%)
ptolemy.util.test.WatchDog.cancel(): canceling Sun Apr 28 00:22:34 UTC 2019
------------------ testing $PTII/ptolemy/domains/de/test/auto/fsm_de_test.xml
auto.tcl: Setting watchdog for 200 seconds at Sun Apr 28 00:22:34 UTC 2019
5 ms. Memory: 648192K Free: 621938K (96%)
ptolemy.util.test.WatchDog.cancel(): canceling Sun Apr 28 00:22:35 UTC 2019
auto.tcl: Setting watchdog for 200 seconds at Sun Apr 28 00:22:35 UTC 2019
4 ms. Memory: 648192K Free: 613320K (95%)
ptolemy.util.test.WatchDog.cancel(): canceling Sun Apr 28 00:22:35 UTC 2019
------------------ testing $PTII/ptolemy/domains/de/test/auto/functionDependencyReconstruction.xml
auto.tcl: Setting watchdog for 200 seconds at Sun Apr 28 00:22:35 UTC 2019
2 ms. Memory: 646144K Free: 611263K (95%)
ptolemy.util.test.WatchDog.cancel(): canceling Sun Apr 28 00:22:35 UTC 2019
auto.tcl: Setting watchdog for 200 seconds at Sun Apr 28 00:22:35 UTC 2019
3 ms. Memory: 646144K Free: 611263K (95%)
ptolemy.util.test.WatchDog.cancel(): canceling Sun Apr 28 00:22:35 UTC 2019
------------------ testing $PTII/ptolemy/domains/de/test/auto/multirate.xml
auto.tcl: Setting watchdog for 200 seconds at Sun Apr 28 00:22:35 UTC 2019
3 ms. Memory: 648192K Free: 621804K (96%)
ptolemy.util.test.WatchDog.cancel(): canceling Sun Apr 28 00:22:35 UTC 2019
auto.tcl: Setting watchdog for 200 seconds at Sun Apr 28 00:22:35 UTC 2019
3 ms. Memory: 648192K Free: 621754K (96%)
ptolemy.util.test.WatchDog.cancel(): canceling Sun Apr 28 00:22:35 UTC 2019
------------------ testing $PTII/ptolemy/domains/de/test/auto/multirate2.xml
auto.tcl: Setting watchdog for 200 seconds at Sun Apr 28 00:22:35 UTC 2019
3 ms. Memory: 646144K Free: 619944K (96%)
ptolemy.util.test.WatchDog.cancel(): canceling Sun Apr 28 00:22:35 UTC 2019
auto.tcl: Setting watchdog for 200 seconds at Sun Apr 28 00:22:35 UTC 2019
3 ms. Memory: 646144K Free: 619944K (96%)
ptolemy.util.test.WatchDog.cancel(): canceling Sun Apr 28 00:22:35 UTC 2019
------------------ testing $PTII/ptolemy/domains/de/test/auto/realtime.xml
auto.tcl: Setting watchdog for 200 seconds at Sun Apr 28 00:22:35 UTC 2019
10001 ms. Memory: 647680K Free: 621429K (96%)
ptolemy.util.test.WatchDog.cancel(): canceling Sun Apr 28 00:22:45 UTC 2019
auto.tcl: Setting watchdog for 200 seconds at Sun Apr 28 00:22:45 UTC 2019
10001 ms. Memory: 647680K Free: 621429K (96%)
ptolemy.util.test.WatchDog.cancel(): canceling Sun Apr 28 00:22:55 UTC 2019
------------------ testing $PTII/ptolemy/domains/de/test/auto/relationGroup.xml
auto.tcl: Setting watchdog for 200 seconds at Sun Apr 28 00:22:55 UTC 2019
3 ms. Memory: 646144K Free: 625616K (97%)
ptolemy.util.test.WatchDog.cancel(): canceling Sun Apr 28 00:22:55 UTC 2019
auto.tcl: Setting watchdog for 200 seconds at Sun Apr 28 00:22:55 UTC 2019
1 ms. Memory: 646144K Free: 625616K (97%)
ptolemy.util.test.WatchDog.cancel(): canceling Sun Apr 28 00:22:55 UTC 2019
------------------ testing $PTII/ptolemy/domains/de/test/auto/relationGroup2.xml
auto.tcl: Setting watchdog for 200 seconds at Sun Apr 28 00:22:55 UTC 2019
1 ms. Memory: 647680K Free: 621531K (96%)
ptolemy.util.test.WatchDog.cancel(): canceling Sun Apr 28 00:22:55 UTC 2019
auto.tcl: Setting watchdog for 200 seconds at Sun Apr 28 00:22:55 UTC 2019
1 ms. Memory: 647680K Free: 621531K (96%)
ptolemy.util.test.WatchDog.cancel(): canceling Sun Apr 28 00:22:55 UTC 2019
------------------ testing $PTII/ptolemy/domains/de/test/auto/sortWithOpaquePorts.xml
auto.tcl: Setting watchdog for 200 seconds at Sun Apr 28 00:22:55 UTC 2019
1 ms. Memory: 646144K Free: 619996K (96%)
ptolemy.util.test.WatchDog.cancel(): canceling Sun Apr 28 00:22:55 UTC 2019
auto.tcl: Setting watchdog for 200 seconds at Sun Apr 28 00:22:55 UTC 2019
1 ms. Memory: 646144K Free: 619996K (96%)
ptolemy.util.test.WatchDog.cancel(): canceling Sun Apr 28 00:22:55 UTC 2019
------------------ testing $PTII/ptolemy/domains/de/test/auto/transferInputsandOutputs.xml
auto.tcl: Setting watchdog for 200 seconds at Sun Apr 28 00:22:55 UTC 2019
2 ms. Memory: 647168K Free: 621006K (96%)
ptolemy.util.test.WatchDog.cancel(): canceling Sun Apr 28 00:22:55 UTC 2019
auto.tcl: Setting watchdog for 200 seconds at Sun Apr 28 00:22:55 UTC 2019
2 ms. Memory: 647168K Free: 621006K (96%)
ptolemy.util.test.WatchDog.cancel(): canceling Sun Apr 28 00:22:55 UTC 2019
------------------ testing $PTII/ptolemy/domains/de/test/auto/triggerType.xml
auto.tcl: Setting watchdog for 200 seconds at Sun Apr 28 00:22:55 UTC 2019
1 ms. Memory: 646144K Free: 619932K (96%)
ptolemy.util.test.WatchDog.cancel(): canceling Sun Apr 28 00:22:55 UTC 2019
auto.tcl: Setting watchdog for 200 seconds at Sun Apr 28 00:22:55 UTC 2019
1 ms. Memory: 646144K Free: 619932K (96%)
ptolemy.util.test.WatchDog.cancel(): canceling Sun Apr 28 00:22:55 UTC 2019
04/28/19 12:22:55
Failed: 0  Total Tests: 192  ((Passed: 187, Newly Passed: 1)  Known Failed: 5) /home/travis/build/icyphy/ptII/ptolemy/domains/de/test
04/28/19 12:22:55
Failed: 0  Total Tests: 192  ((Passed: 187, Newly Passed: 1)  Known Failed: 5) /home/travis/build/icyphy/ptII/ptolemy/domains/de/test
----------------- testing (KnownFailure) /home/travis/build/icyphy/ptII/ptolemy/domains/de/test/auto/knownFailedTests/DESDFClockTest.xml
2013 ms. Memory: 647168K Free: 609666K (94%)
Known Failure: java.lang.reflect.InvocationTargetException
----------------- testing (KnownFailure) /home/travis/build/icyphy/ptII/ptolemy/domains/de/test/auto/knownFailedTests/DirectFeedback.xml
1 ms. Memory: 647168K Free: 564487K (87%)
Known Failure: java.lang.reflect.InvocationTargetException
----------------- testing (KnownFailure) /home/travis/build/icyphy/ptII/ptolemy/domains/de/test/auto/knownFailedTests/FSMSource.xml
10 ms. Memory: 647168K Free: 519307K (80%)
----------------- testing (KnownFailure) /home/travis/build/icyphy/ptII/ptolemy/domains/de/test/auto/knownFailedTests/HierarchicalModel.xml
2 ms. Memory: 647168K Free: 485407K (75%)
Known Failure: java.lang.reflect.InvocationTargetException
----------------- testing (KnownFailure) /home/travis/build/icyphy/ptII/ptolemy/domains/de/test/auto/knownFailedTests/dependencyLoop.xml
2 ms. Memory: 647168K Free: 428917K (66%)
Known Failure: java.lang.reflect.InvocationTargetException
----------------- testing (KnownFailure) /home/travis/build/icyphy/ptII/ptolemy/domains/de/test/auto/knownFailedTests/dependencyLoop2.xml
3 ms. Memory: 647168K Free: 372427K (58%)
Known Failure: java.lang.reflect.InvocationTargetException
No auto/linux-amd64/*.xml tests in /home/travis/build/icyphy/ptII/ptolemy/domains/de/test
AutoTests.java: About to close Vertx.
AutoTests.java: Vertx closed.

===========================================================================================
----------------- testing Sun Apr 28 00:22:57 UTC 2019 /home/travis/build/icyphy/ptII/ptolemy/domains/de/test/auto/ActorDepthCalculation_actorWithoutPorts.xml
----------------- Instantiating /home/travis/build/icyphy/ptII/ptolemy/domains/de/test/auto/ActorDepthCalculation_actorWithoutPorts.xml
2 ms. Memory: 647168K Free: 315954K (49%)
----------------- Invoking toplevel() on ptolemy.moml.MoMLSimpleApplication@2ab12d59
----------------- Done invoking toplevel() on ptolemy.moml.MoMLSimpleApplication@2ab12d59
reloadAllAccessors: .ActorDepthCalculation_actorWithoutPorts

===========================================================================================
----------------- testing Sun Apr 28 00:22:57 UTC 2019 /home/travis/build/icyphy/ptII/ptolemy/domains/de/test/auto/AssemblyLine.xml
----------------- Instantiating /home/travis/build/icyphy/ptII/ptolemy/domains/de/test/auto/AssemblyLine.xml
2 ms. Memory: 647168K Free: 293364K (45%)
----------------- Invoking toplevel() on ptolemy.moml.MoMLSimpleApplication@41f7040c
----------------- Done invoking toplevel() on ptolemy.moml.MoMLSimpleApplication@41f7040c
reloadAllAccessors: .AssemblyLine

===========================================================================================
----------------- testing Sun Apr 28 00:22:57 UTC 2019 /home/travis/build/icyphy/ptII/ptolemy/domains/de/test/auto/CQBug1.xml
----------------- Instantiating /home/travis/build/icyphy/ptII/ptolemy/domains/de/test/auto/CQBug1.xml
1 ms. Memory: 647168K Free: 270775K (42%)
----------------- Invoking toplevel() on ptolemy.moml.MoMLSimpleApplication@3b403f0e
----------------- Done invoking toplevel() on ptolemy.moml.MoMLSimpleApplication@3b403f0e
reloadAllAccessors: .CQBug1

===========================================================================================
----------------- testing Sun Apr 28 00:22:57 UTC 2019 /home/travis/build/icyphy/ptII/ptolemy/domains/de/test/auto/CancelFireAt.xml
----------------- Instantiating /home/travis/build/icyphy/ptII/ptolemy/domains/de/test/auto/CancelFireAt.xml
1 ms. Memory: 647168K Free: 248185K (38%)
----------------- Invoking toplevel() on ptolemy.moml.MoMLSimpleApplication@fd949cf
----------------- Done invoking toplevel() on ptolemy.moml.MoMLSimpleApplication@fd949cf
reloadAllAccessors: .CancelFireAt

===========================================================================================
----------------- testing Sun Apr 28 00:22:57 UTC 2019 /home/travis/build/icyphy/ptII/ptolemy/domains/de/test/auto/CausalityAndComposabilityAnalysis.xml
----------------- Instantiating /home/travis/build/icyphy/ptII/ptolemy/domains/de/test/auto/CausalityAndComposabilityAnalysis.xml
1 ms. Memory: 647168K Free: 225596K (35%)
----------------- Invoking toplevel() on ptolemy.moml.MoMLSimpleApplication@180385a7
----------------- Done invoking toplevel() on ptolemy.moml.MoMLSimpleApplication@180385a7
reloadAllAccessors: .CausalityAndComposabilityAnalysis

===========================================================================================
----------------- testing Sun Apr 28 00:22:57 UTC 2019 /home/travis/build/icyphy/ptII/ptolemy/domains/de/test/auto/CausalityInterface1.xml
----------------- Instantiating /home/travis/build/icyphy/ptII/ptolemy/domains/de/test/auto/CausalityInterface1.xml
4 ms. Memory: 647168K Free: 203006K (31%)
----------------- Invoking toplevel() on ptolemy.moml.MoMLSimpleApplication@23db37e0
----------------- Done invoking toplevel() on ptolemy.moml.MoMLSimpleApplication@23db37e0
reloadAllAccessors: .CausalityInterface1

===========================================================================================
----------------- testing Sun Apr 28 00:22:57 UTC 2019 /home/travis/build/icyphy/ptII/ptolemy/domains/de/test/auto/CausalityInterface15.xml
----------------- Instantiating /home/travis/build/icyphy/ptII/ptolemy/domains/de/test/auto/CausalityInterface15.xml
1 ms. Memory: 647168K Free: 180417K (28%)
----------------- Invoking toplevel() on ptolemy.moml.MoMLSimpleApplication@69eaa83b
----------------- Done invoking toplevel() on ptolemy.moml.MoMLSimpleApplication@69eaa83b
reloadAllAccessors: .CausalityInterface15

[...]
java.lang.RuntimeException: Execution failed
	at ptolemy.moml.MoMLSimpleApplication$UnloadThread.run(MoMLSimpleApplication.java:402)
Caused by: ptolemy.kernel.util.IllegalActionException: Test fails in iteration 1.
Value was: 1.0. Should have been: 2.0
  in .DirectFeedback.Test
	at ptolemy.actor.lib.Test.fire(Test.java:268)
	at ptolemy.domains.de.kernel.DEDirector._fire(DEDirector.java:1949)
	at ptolemy.domains.de.kernel.DEDirector.fire(DEDirector.java:502)
	at ptolemy.actor.CompositeActor.fire(CompositeActor.java:455)
	at ptolemy.actor.Manager.iterate(Manager.java:851)
	at ptolemy.actor.Manager.execute(Manager.java:369)
	at ptolemy.actor.Manager.run(Manager.java:1263)
	at ptolemy.actor.Manager$PtolemyRunThread.run(Manager.java:1915)
java.lang.RuntimeException: Execution failed
	at ptolemy.moml.MoMLSimpleApplication$UnloadThread.run(MoMLSimpleApplication.java:402)
Caused by: ptolemy.kernel.util.IllegalActionException: Actor is not ready to fire.  Perhaps UpSample.prefire() returned false? Try debugging the actor by selecting "Listen to Actor".  Also, for SDF check moml for tokenConsumptionRate on input.
  in .DESDFClockTest.Play Bell.Copy1:SDF Director and .DESDFClockTest.Play Bell.UpSample
	at ptolemy.actor.sched.StaticSchedulingDirector.fire(StaticSchedulingDirector.java:227)
	at ptolemy.domains.sdf.kernel.SDFDirector.fire(SDFDirector.java:500)
	at ptolemy.actor.CompositeActor.fire(CompositeActor.java:455)
	at ptolemy.domains.de.kernel.DEDirector._fire(DEDirector.java:1949)
	at ptolemy.domains.de.kernel.DEDirector.fire(DEDirector.java:502)
	at ptolemy.actor.CompositeActor.fire(CompositeActor.java:455)
	at ptolemy.actor.Manager.iterate(Manager.java:851)
	at ptolemy.actor.Manager.execute(Manager.java:369)
	at ptolemy.actor.Manager.run(Manager.java:1263)
	at ptolemy.actor.Manager$PtolemyRunThread.run(Manager.java:1915)
java.lang.reflect.InvocationTargetException
	at sun.reflect.NativeConstructorAccessorImpl.newInstance0(Native Method)
	at sun.reflect.NativeConstructorAccessorImpl.newInstance(NativeConstructorAccessorImpl.java:62)
	at sun.reflect.DelegatingConstructorAccessorImpl.newInstance(DelegatingConstructorAccessorImpl.java:45)
	at java.lang.reflect.Constructor.newInstance(Constructor.java:423)
	at ptolemy.util.test.junit.AutoKnownFailedTests.RunModel(AutoKnownFailedTests.java:105)
	at sun.reflect.NativeMethodAccessorImpl.invoke0(Native Method)
	at sun.reflect.NativeMethodAccessorImpl.invoke(NativeMethodAccessorImpl.java:62)
	at sun.reflect.DelegatingMethodAccessorImpl.invoke(DelegatingMethodAccessorImpl.java:43)
	at java.lang.reflect.Method.invoke(Method.java:498)
	at org.junit.runners.model.FrameworkMethod$1.runReflectiveCall(FrameworkMethod.java:44)
	at org.junit.internal.runners.model.ReflectiveCallable.run(ReflectiveCallable.java:15)
	at org.junit.runners.model.FrameworkMethod.invokeExplosively(FrameworkMethod.java:41)
	at junitparams.internal.InvokeParameterisedMethod.evaluate(InvokeParameterisedMethod.java:102)
	at org.junit.internal.runners.statements.FailOnTimeout$1.run(FailOnTimeout.java:28)
Caused by: ptolemy.kernel.util.IllegalActionException: Actor is not ready to fire.  Perhaps UpSample.prefire() returned false? Try debugging the actor by selecting "Listen to Actor".  Also, for SDF check moml for tokenConsumptionRate on input.
  in .DESDFClockTest.Play Bell.Copy1:SDF Director and .DESDFClockTest.Play Bell.UpSample
	at ptolemy.actor.sched.StaticSchedulingDirector.fire(StaticSchedulingDirector.java:227)
	at ptolemy.domains.sdf.kernel.SDFDirector.fire(SDFDirector.java:500)
	at ptolemy.actor.CompositeActor.fire(CompositeActor.java:455)
	at ptolemy.domains.de.kernel.DEDirector._fire(DEDirector.java:1949)
	at ptolemy.domains.de.kernel.DEDirector.fire(DEDirector.java:502)
	at ptolemy.actor.CompositeActor.fire(CompositeActor.java:455)
	at ptolemy.actor.Manager.iterate(Manager.java:851)
	at ptolemy.actor.Manager.execute(Manager.java:369)
	at ptolemy.actor.Manager.run(Manager.java:1263)
	at ptolemy.actor.Manager$PtolemyRunThread.run(Manager.java:1915)
java.lang.RuntimeException: Execution failed
	at ptolemy.moml.MoMLSimpleApplication$UnloadThread.run(MoMLSimpleApplication.java:402)
Caused by: ptolemy.kernel.util.IllegalActionException: Test fails in iteration 1.
Value was: 1.0. Should have been: 2.0
  in .DirectFeedback.Test
	at ptolemy.actor.lib.Test.fire(Test.java:268)
	at ptolemy.domains.de.kernel.DEDirector._fire(DEDirector.java:1949)
	at ptolemy.domains.de.kernel.DEDirector.fire(DEDirector.java:502)
	at ptolemy.actor.CompositeActor.fire(CompositeActor.java:455)
	at ptolemy.actor.Manager.iterate(Manager.java:851)
	at ptolemy.actor.Manager.execute(Manager.java:369)
	at ptolemy.actor.Manager.run(Manager.java:1263)
	at ptolemy.actor.Manager$PtolemyRunThread.run(Manager.java:1915)
java.lang.reflect.InvocationTargetException
	at sun.reflect.NativeConstructorAccessorImpl.newInstance0(Native Method)
	at sun.reflect.NativeConstructorAccessorImpl.newInstance(NativeConstructorAccessorImpl.java:62)
	at sun.reflect.DelegatingConstructorAccessorImpl.newInstance(DelegatingConstructorAccessorImpl.java:45)
	at java.lang.reflect.Constructor.newInstance(Constructor.java:423)
	at ptolemy.util.test.junit.AutoKnownFailedTests.RunModel(AutoKnownFailedTests.java:105)
	at sun.reflect.NativeMethodAccessorImpl.invoke0(Native Method)
	at sun.reflect.NativeMethodAccessorImpl.invoke(NativeMethodAccessorImpl.java:62)
	at sun.reflect.DelegatingMethodAccessorImpl.invoke(DelegatingMethodAccessorImpl.java:43)
	at java.lang.reflect.Method.invoke(Method.java:498)
	at org.junit.runners.model.FrameworkMethod$1.runReflectiveCall(FrameworkMethod.java:44)
	at org.junit.internal.runners.model.ReflectiveCallable.run(ReflectiveCallable.java:15)
	at org.junit.runners.model.FrameworkMethod.invokeExplosively(FrameworkMethod.java:41)
	at junitparams.internal.InvokeParameterisedMethod.evaluate(InvokeParameterisedMethod.java:102)
	at org.junit.internal.runners.statements.FailOnTimeout$1.run(FailOnTimeout.java:28)
Caused by: ptolemy.kernel.util.IllegalActionException: Test fails in iteration 1.
Value was: 1.0. Should have been: 2.0
  in .DirectFeedback.Test
	at ptolemy.actor.lib.Test.fire(Test.java:268)
	at ptolemy.domains.de.kernel.DEDirector._fire(DEDirector.java:1949)
	at ptolemy.domains.de.kernel.DEDirector.fire(DEDirector.java:502)
	at ptolemy.actor.CompositeActor.fire(CompositeActor.java:455)
	at ptolemy.actor.Manager.iterate(Manager.java:851)
	at ptolemy.actor.Manager.execute(Manager.java:369)
	at ptolemy.actor.Manager.run(Manager.java:1263)
	at ptolemy.actor.Manager$PtolemyRunThread.run(Manager.java:1915)
java.lang.RuntimeException: Execution failed
	at ptolemy.moml.MoMLSimpleApplication$UnloadThread.run(MoMLSimpleApplication.java:402)
Caused by: ptolemy.kernel.util.IllegalActionException: Found a zero delay loop containing .HierarchicalModel.A
  in .HierarchicalModel and .HierarchicalModel.A
	at ptolemy.actor.util.CausalityInterfaceForComposites._computeOutputPortDepth(CausalityInterfaceForComposites.java:759)
	at ptolemy.actor.util.CausalityInterfaceForComposites._computeInputDepth(CausalityInterfaceForComposites.java:696)
	at ptolemy.actor.util.CausalityInterfaceForComposites._computeOutputPortDepth(CausalityInterfaceForComposites.java:765)
	at ptolemy.actor.util.CausalityInterfaceForComposites._computeInputDepth(CausalityInterfaceForComposites.java:696)
	at ptolemy.actor.util.CausalityInterfaceForComposites._computeOutputPortDepth(CausalityInterfaceForComposites.java:765)
	at ptolemy.actor.util.CausalityInterfaceForComposites._computeInputDepth(CausalityInterfaceForComposites.java:696)
	at ptolemy.actor.util.CausalityInterfaceForComposites._computeActorDepth(CausalityInterfaceForComposites.java:532)
	at ptolemy.actor.util.CausalityInterfaceForComposites.checkForCycles(CausalityInterfaceForComposites.java:96)
	at ptolemy.domains.de.kernel.DEDirector.preinitialize(DEDirector.java:1338)
	at ptolemy.actor.CompositeActor.preinitialize(CompositeActor.java:1828)
	at ptolemy.actor.Manager.preinitializeAndResolveTypes(Manager.java:1040)
	at ptolemy.actor.Manager.initialize(Manager.java:710)
	at ptolemy.actor.Manager.execute(Manager.java:356)
	at ptolemy.actor.Manager.run(Manager.java:1263)
	at ptolemy.actor.Manager$PtolemyRunThread.run(Manager.java:1915)
java.lang.reflect.InvocationTargetException
	at sun.reflect.NativeConstructorAccessorImpl.newInstance0(Native Method)
	at sun.reflect.NativeConstructorAccessorImpl.newInstance(NativeConstructorAccessorImpl.java:62)
	at sun.reflect.DelegatingConstructorAccessorImpl.newInstance(DelegatingConstructorAccessorImpl.java:45)
	at java.lang.reflect.Constructor.newInstance(Constructor.java:423)
	at ptolemy.util.test.junit.AutoKnownFailedTests.RunModel(AutoKnownFailedTests.java:105)
	at sun.reflect.NativeMethodAccessorImpl.invoke0(Native Method)
	at sun.reflect.NativeMethodAccessorImpl.invoke(NativeMethodAccessorImpl.java:62)
	at sun.reflect.DelegatingMethodAccessorImpl.invoke(DelegatingMethodAccessorImpl.java:43)
	at java.lang.reflect.Method.invoke(Method.java:498)
	at org.junit.runners.model.FrameworkMethod$1.runReflectiveCall(FrameworkMethod.java:44)
	at org.junit.internal.runners.model.ReflectiveCallable.run(ReflectiveCallable.java:15)
	at org.junit.runners.model.FrameworkMethod.invokeExplosively(FrameworkMethod.java:41)
	at junitparams.internal.InvokeParameterisedMethod.evaluate(InvokeParameterisedMethod.java:102)
	at org.junit.internal.runners.statements.FailOnTimeout$1.run(FailOnTimeout.java:28)
Caused by: ptolemy.kernel.util.IllegalActionException: Found a zero delay loop containing .HierarchicalModel.A
  in .HierarchicalModel and .HierarchicalModel.A
	at ptolemy.actor.util.CausalityInterfaceForComposites._computeOutputPortDepth(CausalityInterfaceForComposites.java:759)
	at ptolemy.actor.util.CausalityInterfaceForComposites._computeInputDepth(CausalityInterfaceForComposites.java:696)
	at ptolemy.actor.util.CausalityInterfaceForComposites._computeOutputPortDepth(CausalityInterfaceForComposites.java:765)
	at ptolemy.actor.util.CausalityInterfaceForComposites._computeInputDepth(CausalityInterfaceForComposites.java:696)
	at ptolemy.actor.util.CausalityInterfaceForComposites._computeOutputPortDepth(CausalityInterfaceForComposites.java:765)
	at ptolemy.actor.util.CausalityInterfaceForComposites._computeInputDepth(CausalityInterfaceForComposites.java:696)
	at ptolemy.actor.util.CausalityInterfaceForComposites._computeActorDepth(CausalityInterfaceForComposites.java:532)
	at ptolemy.actor.util.CausalityInterfaceForComposites.checkForCycles(CausalityInterfaceForComposites.java:96)
	at ptolemy.domains.de.kernel.DEDirector.preinitialize(DEDirector.java:1338)
	at ptolemy.actor.CompositeActor.preinitialize(CompositeActor.java:1828)
	at ptolemy.actor.Manager.preinitializeAndResolveTypes(Manager.java:1040)
	at ptolemy.actor.Manager.initialize(Manager.java:710)
	at ptolemy.actor.Manager.execute(Manager.java:356)
	at ptolemy.actor.Manager.run(Manager.java:1263)
	at ptolemy.actor.Manager$PtolemyRunThread.run(Manager.java:1915)
java.lang.RuntimeException: Execution failed
	at ptolemy.moml.MoMLSimpleApplication$UnloadThread.run(MoMLSimpleApplication.java:402)
Caused by: ptolemy.kernel.util.IllegalActionException: Found a zero delay loop containing .dependencyLoop.original
  in .dependencyLoop and .dependencyLoop.original
	at ptolemy.actor.util.CausalityInterfaceForComposites._computeOutputPortDepth(CausalityInterfaceForComposites.java:759)
	at ptolemy.actor.util.CausalityInterfaceForComposites._computeInputDepth(CausalityInterfaceForComposites.java:696)
	at ptolemy.actor.util.CausalityInterfaceForComposites._computeOutputPortDepth(CausalityInterfaceForComposites.java:765)
	at ptolemy.actor.util.CausalityInterfaceForComposites._computeInputDepth(CausalityInterfaceForComposites.java:696)
	at ptolemy.actor.util.CausalityInterfaceForComposites._computeOutputPortDepth(CausalityInterfaceForComposites.java:765)
	at ptolemy.actor.util.CausalityInterfaceForComposites._computeInputDepth(CausalityInterfaceForComposites.java:696)
	at ptolemy.actor.util.CausalityInterfaceForComposites._computeActorDepth(CausalityInterfaceForComposites.java:532)
	at ptolemy.actor.util.CausalityInterfaceForComposites.checkForCycles(CausalityInterfaceForComposites.java:96)
	at ptolemy.domains.de.kernel.DEDirector.preinitialize(DEDirector.java:1338)
	at ptolemy.actor.CompositeActor.preinitialize(CompositeActor.java:1828)
	at ptolemy.actor.Manager.preinitializeAndResolveTypes(Manager.java:1040)
	at ptolemy.actor.Manager.initialize(Manager.java:710)
	at ptolemy.actor.Manager.execute(Manager.java:356)
	at ptolemy.actor.Manager.run(Manager.java:1263)
	at ptolemy.actor.Manager$PtolemyRunThread.run(Manager.java:1915)
java.lang.reflect.InvocationTargetException
	at sun.reflect.NativeConstructorAccessorImpl.newInstance0(Native Method)
	at sun.reflect.NativeConstructorAccessorImpl.newInstance(NativeConstructorAccessorImpl.java:62)
	at sun.reflect.DelegatingConstructorAccessorImpl.newInstance(DelegatingConstructorAccessorImpl.java:45)
	at java.lang.reflect.Constructor.newInstance(Constructor.java:423)
	at ptolemy.util.test.junit.AutoKnownFailedTests.RunModel(AutoKnownFailedTests.java:105)
	at sun.reflect.NativeMethodAccessorImpl.invoke0(Native Method)
	at sun.reflect.NativeMethodAccessorImpl.invoke(NativeMethodAccessorImpl.java:62)
	at sun.reflect.DelegatingMethodAccessorImpl.invoke(DelegatingMethodAccessorImpl.java:43)
	at java.lang.reflect.Method.invoke(Method.java:498)
	at org.junit.runners.model.FrameworkMethod$1.runReflectiveCall(FrameworkMethod.java:44)
	at org.junit.internal.runners.model.ReflectiveCallable.run(ReflectiveCallable.java:15)
	at org.junit.runners.model.FrameworkMethod.invokeExplosively(FrameworkMethod.java:41)
	at junitparams.internal.InvokeParameterisedMethod.evaluate(InvokeParameterisedMethod.java:102)
	at org.junit.internal.runners.statements.FailOnTimeout$1.run(FailOnTimeout.java:28)
Caused by: ptolemy.kernel.util.IllegalActionException: Found a zero delay loop containing .dependencyLoop.original
  in .dependencyLoop and .dependencyLoop.original
	at ptolemy.actor.util.CausalityInterfaceForComposites._computeOutputPortDepth(CausalityInterfaceForComposites.java:759)
	at ptolemy.actor.util.CausalityInterfaceForComposites._computeInputDepth(CausalityInterfaceForComposites.java:696)
	at ptolemy.actor.util.CausalityInterfaceForComposites._computeOutputPortDepth(CausalityInterfaceForComposites.java:765)
	at ptolemy.actor.util.CausalityInterfaceForComposites._computeInputDepth(CausalityInterfaceForComposites.java:696)
	at ptolemy.actor.util.CausalityInterfaceForComposites._computeOutputPortDepth(CausalityInterfaceForComposites.java:765)
	at ptolemy.actor.util.CausalityInterfaceForComposites._computeInputDepth(CausalityInterfaceForComposites.java:696)
	at ptolemy.actor.util.CausalityInterfaceForComposites._computeActorDepth(CausalityInterfaceForComposites.java:532)
	at ptolemy.actor.util.CausalityInterfaceForComposites.checkForCycles(CausalityInterfaceForComposites.java:96)
	at ptolemy.domains.de.kernel.DEDirector.preinitialize(DEDirector.java:1338)
	at ptolemy.actor.CompositeActor.preinitialize(CompositeActor.java:1828)
	at ptolemy.actor.Manager.preinitializeAndResolveTypes(Manager.java:1040)
	at ptolemy.actor.Manager.initialize(Manager.java:710)
	at ptolemy.actor.Manager.execute(Manager.java:356)
	at ptolemy.actor.Manager.run(Manager.java:1263)
	at ptolemy.actor.Manager$PtolemyRunThread.run(Manager.java:1915)
java.lang.RuntimeException: Execution failed
	at ptolemy.moml.MoMLSimpleApplication$UnloadThread.run(MoMLSimpleApplication.java:402)
Caused by: ptolemy.kernel.util.IllegalActionException: Found a zero delay loop containing .dependencyLoop2.original
  in .dependencyLoop2 and .dependencyLoop2.original
	at ptolemy.actor.util.CausalityInterfaceForComposites._computeOutputPortDepth(CausalityInterfaceForComposites.java:759)
	at ptolemy.actor.util.CausalityInterfaceForComposites._computeInputDepth(CausalityInterfaceForComposites.java:696)
	at ptolemy.actor.util.CausalityInterfaceForComposites._computeOutputPortDepth(CausalityInterfaceForComposites.java:765)
	at ptolemy.actor.util.CausalityInterfaceForComposites._computeInputDepth(CausalityInterfaceForComposites.java:696)
	at ptolemy.actor.util.CausalityInterfaceForComposites._computeOutputPortDepth(CausalityInterfaceForComposites.java:765)
	at ptolemy.actor.util.CausalityInterfaceForComposites._computeInputDepth(CausalityInterfaceForComposites.java:696)
	at ptolemy.actor.util.CausalityInterfaceForComposites._computeActorDepth(CausalityInterfaceForComposites.java:532)
	at ptolemy.actor.util.CausalityInterfaceForComposites.checkForCycles(CausalityInterfaceForComposites.java:96)
	at ptolemy.domains.de.kernel.DEDirector.preinitialize(DEDirector.java:1338)
	at ptolemy.actor.CompositeActor.preinitialize(CompositeActor.java:1828)
	at ptolemy.actor.Manager.preinitializeAndResolveTypes(Manager.java:1040)
	at ptolemy.actor.Manager.initialize(Manager.java:710)
	at ptolemy.actor.Manager.execute(Manager.java:356)
	at ptolemy.actor.Manager.run(Manager.java:1263)
	at ptolemy.actor.Manager$PtolemyRunThread.run(Manager.java:1915)
java.lang.reflect.InvocationTargetException
	at sun.reflect.NativeConstructorAccessorImpl.newInstance0(Native Method)
	at sun.reflect.NativeConstructorAccessorImpl.newInstance(NativeConstructorAccessorImpl.java:62)
	at sun.reflect.DelegatingConstructorAccessorImpl.newInstance(DelegatingConstructorAccessorImpl.java:45)
	at java.lang.reflect.Constructor.newInstance(Constructor.java:423)
	at ptolemy.util.test.junit.AutoKnownFailedTests.RunModel(AutoKnownFailedTests.java:105)
	at sun.reflect.NativeMethodAccessorImpl.invoke0(Native Method)
	at sun.reflect.NativeMethodAccessorImpl.invoke(NativeMethodAccessorImpl.java:62)
	at sun.reflect.DelegatingMethodAccessorImpl.invoke(DelegatingMethodAccessorImpl.java:43)
	at java.lang.reflect.Method.invoke(Method.java:498)
	at org.junit.runners.model.FrameworkMethod$1.runReflectiveCall(FrameworkMethod.java:44)
	at org.junit.internal.runners.model.ReflectiveCallable.run(ReflectiveCallable.java:15)
	at org.junit.runners.model.FrameworkMethod.invokeExplosively(FrameworkMethod.java:41)
	at junitparams.internal.InvokeParameterisedMethod.evaluate(InvokeParameterisedMethod.java:102)
	at org.junit.internal.runners.statements.FailOnTimeout$1.run(FailOnTimeout.java:28)
Caused by: ptolemy.kernel.util.IllegalActionException: Found a zero delay loop containing .dependencyLoop2.original
  in .dependencyLoop2 and .dependencyLoop2.original
	at ptolemy.actor.util.CausalityInterfaceForComposites._computeOutputPortDepth(CausalityInterfaceForComposites.java:759)
	at ptolemy.actor.util.CausalityInterfaceForComposites._computeInputDepth(CausalityInterfaceForComposites.java:696)
	at ptolemy.actor.util.CausalityInterfaceForComposites._computeOutputPortDepth(CausalityInterfaceForComposites.java:765)
	at ptolemy.actor.util.CausalityInterfaceForComposites._computeInputDepth(CausalityInterfaceForComposites.java:696)
	at ptolemy.actor.util.CausalityInterfaceForComposites._computeOutputPortDepth(CausalityInterfaceForComposites.java:765)
	at ptolemy.actor.util.CausalityInterfaceForComposites._computeInputDepth(CausalityInterfaceForComposites.java:696)
	at ptolemy.actor.util.CausalityInterfaceForComposites._computeActorDepth(CausalityInterfaceForComposites.java:532)
	at ptolemy.actor.util.CausalityInterfaceForComposites.checkForCycles(CausalityInterfaceForComposites.java:96)
	at ptolemy.domains.de.kernel.DEDirector.preinitialize(DEDirector.java:1338)
	at ptolemy.actor.CompositeActor.preinitialize(CompositeActor.java:1828)
	at ptolemy.actor.Manager.preinitializeAndResolveTypes(Manager.java:1040)
	at ptolemy.actor.Manager.initialize(Manager.java:710)
	at ptolemy.actor.Manager.execute(Manager.java:356)
	at ptolemy.actor.Manager.run(Manager.java:1263)
	at ptolemy.actor.Manager$PtolemyRunThread.run(Manager.java:1915)
]]></system-err>
</testsuite>
