<?xml version="1.0" encoding="UTF-8" ?>
<testsuite errors="0" failures="0" hostname="travis-job-89efc875-fa79-4e6d-bf15-ba2abf65f3e8" name="ptolemy.actor.lib.hoc.test.junit.JUnitTclTest" skipped="0" tests="58" time="33.806" timestamp="2020-02-05T17:02:09">
  <properties>
[...]
</properties>
  <testcase classname="ptolemy.util.test.junit.TclTests" name="[0] /home/travis/build/icyphy/ptII/ptolemy/actor/lib/hoc/test/IterateOverArray.tcl (RunTclFile)" time="0.39" />
  <testcase classname="ptolemy.util.test.junit.AutoKnownFailedTests" name="[0] /home/travis/build/icyphy/ptII/ptolemy/actor/lib/hoc/test/auto/knownFailedTests/PreinitializeMustBeInvokedRunComposite.xml (RunModel)" time="0.409" />
  <testcase classname="ptolemy.util.test.junit.AutoNameArchTests" name="[0] ThereAreNoAutoArchTests (RunModel)" time="0.005" />
  <testcase classname="ptolemy.util.test.junit.AutoTests" name="[0] /home/travis/build/icyphy/ptII/ptolemy/actor/lib/hoc/test/auto/AllToAllMultiInstanceComposite.xml (RunModel)" time="0.517" />
  <testcase classname="ptolemy.util.test.junit.AutoTests" name="[1] /home/travis/build/icyphy/ptII/ptolemy/actor/lib/hoc/test/auto/ApplyFFTTest.xml (RunModel)" time="0.394" />
  <testcase classname="ptolemy.util.test.junit.AutoTests" name="[2] /home/travis/build/icyphy/ptII/ptolemy/actor/lib/hoc/test/auto/ApplyFunction.xml (RunModel)" time="0.04" />
  <testcase classname="ptolemy.util.test.junit.AutoTests" name="[3] /home/travis/build/icyphy/ptII/ptolemy/actor/lib/hoc/test/auto/BackgroundExecution.xml (RunModel)" time="0.715" />
  <testcase classname="ptolemy.util.test.junit.AutoTests" name="[4] /home/travis/build/icyphy/ptII/ptolemy/actor/lib/hoc/test/auto/Case.xml (RunModel)" time="0.114" />
  <testcase classname="ptolemy.util.test.junit.AutoTests" name="[5] /home/travis/build/icyphy/ptII/ptolemy/actor/lib/hoc/test/auto/Case1.xml (RunModel)" time="0.05" />
  <testcase classname="ptolemy.util.test.junit.AutoTests" name="[6] /home/travis/build/icyphy/ptII/ptolemy/actor/lib/hoc/test/auto/Case2.xml (RunModel)" time="0.064" />
  <testcase classname="ptolemy.util.test.junit.AutoTests" name="[7] /home/travis/build/icyphy/ptII/ptolemy/actor/lib/hoc/test/auto/Case3.xml (RunModel)" time="0.036" />
  <testcase classname="ptolemy.util.test.junit.AutoTests" name="[8] /home/travis/build/icyphy/ptII/ptolemy/actor/lib/hoc/test/auto/Case4.xml (RunModel)" time="0.043" />
  <testcase classname="ptolemy.util.test.junit.AutoTests" name="[9] /home/travis/build/icyphy/ptII/ptolemy/actor/lib/hoc/test/auto/Case5.xml (RunModel)" time="0.078" />
  <testcase classname="ptolemy.util.test.junit.AutoTests" name="[10] /home/travis/build/icyphy/ptII/ptolemy/actor/lib/hoc/test/auto/Case6.xml (RunModel)" time="0.105" />
  <testcase classname="ptolemy.util.test.junit.AutoTests" name="[11] /home/travis/build/icyphy/ptII/ptolemy/actor/lib/hoc/test/auto/CaseString2.xml (RunModel)" time="0.034" />
  <testcase classname="ptolemy.util.test.junit.AutoTests" name="[12] /home/travis/build/icyphy/ptII/ptolemy/actor/lib/hoc/test/auto/CatchUpComposite1.xml (RunModel)" time="0.065" />
  <testcase classname="ptolemy.util.test.junit.AutoTests" name="[13] /home/travis/build/icyphy/ptII/ptolemy/actor/lib/hoc/test/auto/CatchUpComposite2.xml (RunModel)" time="0.04" />
  <testcase classname="ptolemy.util.test.junit.AutoTests" name="[14] /home/travis/build/icyphy/ptII/ptolemy/actor/lib/hoc/test/auto/CatchUpComposite3.xml (RunModel)" time="0.069" />
  <testcase classname="ptolemy.util.test.junit.AutoTests" name="[15] /home/travis/build/icyphy/ptII/ptolemy/actor/lib/hoc/test/auto/CatchUpComposite4.xml (RunModel)" time="0.091" />
  <testcase classname="ptolemy.util.test.junit.AutoTests" name="[16] /home/travis/build/icyphy/ptII/ptolemy/actor/lib/hoc/test/auto/CatchUpComposite5.xml (RunModel)" time="0.068" />
  <testcase classname="ptolemy.util.test.junit.AutoTests" name="[17] /home/travis/build/icyphy/ptII/ptolemy/actor/lib/hoc/test/auto/CatchUpComposite6.xml (RunModel)" time="0.152" />
  <testcase classname="ptolemy.util.test.junit.AutoTests" name="[18] /home/travis/build/icyphy/ptII/ptolemy/actor/lib/hoc/test/auto/CatchUpComposite7.xml (RunModel)" time="0.095" />
  <testcase classname="ptolemy.util.test.junit.AutoTests" name="[19] /home/travis/build/icyphy/ptII/ptolemy/actor/lib/hoc/test/auto/ConcurrentExecutionTimeSDF.xml (RunModel)" time="1.269" />
  <testcase classname="ptolemy.util.test.junit.AutoTests" name="[20] /home/travis/build/icyphy/ptII/ptolemy/actor/lib/hoc/test/auto/ConcurrentSleep.xml (RunModel)" time="0.796" />
  <testcase classname="ptolemy.util.test.junit.AutoTests" name="[21] /home/travis/build/icyphy/ptII/ptolemy/actor/lib/hoc/test/auto/DEInPNInRunCompositeActor.xml (RunModel)" time="0.059" />
  <testcase classname="ptolemy.util.test.junit.AutoTests" name="[22] /home/travis/build/icyphy/ptII/ptolemy/actor/lib/hoc/test/auto/DFTSubSetTest.xml (RunModel)" time="0.365" />
  <testcase classname="ptolemy.util.test.junit.AutoTests" name="[23] /home/travis/build/icyphy/ptII/ptolemy/actor/lib/hoc/test/auto/HocDE.xml (RunModel)" time="0.169" />
  <testcase classname="ptolemy.util.test.junit.AutoTests" name="[24] /home/travis/build/icyphy/ptII/ptolemy/actor/lib/hoc/test/auto/IterateOverArray.xml (RunModel)" time="0.029" />
  <testcase classname="ptolemy.util.test.junit.AutoTests" name="[25] /home/travis/build/icyphy/ptII/ptolemy/actor/lib/hoc/test/auto/IterateOverArray10.xml (RunModel)" time="0.016" />
  <testcase classname="ptolemy.util.test.junit.AutoTests" name="[26] /home/travis/build/icyphy/ptII/ptolemy/actor/lib/hoc/test/auto/IterateOverArray11.xml (RunModel)" time="0.031" />
  <testcase classname="ptolemy.util.test.junit.AutoTests" name="[27] /home/travis/build/icyphy/ptII/ptolemy/actor/lib/hoc/test/auto/IterateOverArray12.xml (RunModel)" time="0.05" />
  <testcase classname="ptolemy.util.test.junit.AutoTests" name="[28] /home/travis/build/icyphy/ptII/ptolemy/actor/lib/hoc/test/auto/IterateOverArray13.xml (RunModel)" time="0.128" />
  <testcase classname="ptolemy.util.test.junit.AutoTests" name="[29] /home/travis/build/icyphy/ptII/ptolemy/actor/lib/hoc/test/auto/IterateOverArray14.xml (RunModel)" time="0.141" />
  <testcase classname="ptolemy.util.test.junit.AutoTests" name="[30] /home/travis/build/icyphy/ptII/ptolemy/actor/lib/hoc/test/auto/IterateOverArray2.xml (RunModel)" time="0.026" />
  <testcase classname="ptolemy.util.test.junit.AutoTests" name="[31] /home/travis/build/icyphy/ptII/ptolemy/actor/lib/hoc/test/auto/IterateOverArray3.xml (RunModel)" time="0.032" />
  <testcase classname="ptolemy.util.test.junit.AutoTests" name="[32] /home/travis/build/icyphy/ptII/ptolemy/actor/lib/hoc/test/auto/IterateOverArray4.xml (RunModel)" time="0.033" />
  <testcase classname="ptolemy.util.test.junit.AutoTests" name="[33] /home/travis/build/icyphy/ptII/ptolemy/actor/lib/hoc/test/auto/IterateOverArray5.xml (RunModel)" time="0.025" />
  <testcase classname="ptolemy.util.test.junit.AutoTests" name="[34] /home/travis/build/icyphy/ptII/ptolemy/actor/lib/hoc/test/auto/IterateOverArray6.xml (RunModel)" time="0.016" />
  <testcase classname="ptolemy.util.test.junit.AutoTests" name="[35] /home/travis/build/icyphy/ptII/ptolemy/actor/lib/hoc/test/auto/IterateOverArray7.xml (RunModel)" time="0.031" />
  <testcase classname="ptolemy.util.test.junit.AutoTests" name="[36] /home/travis/build/icyphy/ptII/ptolemy/actor/lib/hoc/test/auto/IterateOverArray8.xml (RunModel)" time="0.022" />
  <testcase classname="ptolemy.util.test.junit.AutoTests" name="[37] /home/travis/build/icyphy/ptII/ptolemy/actor/lib/hoc/test/auto/IterateOverArray9.xml (RunModel)" time="0.035" />
  <testcase classname="ptolemy.util.test.junit.AutoTests" name="[38] /home/travis/build/icyphy/ptII/ptolemy/actor/lib/hoc/test/auto/IterateOverArrayCoercedOutputType.xml (RunModel)" time="0.039" />
  <testcase classname="ptolemy.util.test.junit.AutoTests" name="[39] /home/travis/build/icyphy/ptII/ptolemy/actor/lib/hoc/test/auto/IterateOverArrayInferredOutputType.xml (RunModel)" time="0.034" />
  <testcase classname="ptolemy.util.test.junit.AutoTests" name="[40] /home/travis/build/icyphy/ptII/ptolemy/actor/lib/hoc/test/auto/MobileFunctionTest.xml (RunModel)" time="0.03" />
  <testcase classname="ptolemy.util.test.junit.AutoTests" name="[41] /home/travis/build/icyphy/ptII/ptolemy/actor/lib/hoc/test/auto/MobileModelTest.xml (RunModel)" time="0.237" />
  <testcase classname="ptolemy.util.test.junit.AutoTests" name="[42] /home/travis/build/icyphy/ptII/ptolemy/actor/lib/hoc/test/auto/ModelReference.xml (RunModel)" time="0.068" />
  <testcase classname="ptolemy.util.test.junit.AutoTests" name="[43] /home/travis/build/icyphy/ptII/ptolemy/actor/lib/hoc/test/auto/ModelReference3.xml (RunModel)" time="0.056" />
  <testcase classname="ptolemy.util.test.junit.AutoTests" name="[44] /home/travis/build/icyphy/ptII/ptolemy/actor/lib/hoc/test/auto/ModelReference4.xml (RunModel)" time="10.03" />
  <testcase classname="ptolemy.util.test.junit.AutoTests" name="[45] /home/travis/build/icyphy/ptII/ptolemy/actor/lib/hoc/test/auto/MultiInstanceComposite.xml (RunModel)" time="0.071" />
  <testcase classname="ptolemy.util.test.junit.AutoTests" name="[46] /home/travis/build/icyphy/ptII/ptolemy/actor/lib/hoc/test/auto/MultiInstanceComposite2.xml (RunModel)" time="0.032" />
  <testcase classname="ptolemy.util.test.junit.AutoTests" name="[47] /home/travis/build/icyphy/ptII/ptolemy/actor/lib/hoc/test/auto/MulticoreExecution.xml (RunModel)" time="1.082" />
  <testcase classname="ptolemy.util.test.junit.AutoTests" name="[48] /home/travis/build/icyphy/ptII/ptolemy/actor/lib/hoc/test/auto/ParallelExecution.xml (RunModel)" time="0.973" />
  <testcase classname="ptolemy.util.test.junit.AutoTests" name="[49] /home/travis/build/icyphy/ptII/ptolemy/actor/lib/hoc/test/auto/RunCompositeActor.xml (RunModel)" time="0.022" />
  <testcase classname="ptolemy.util.test.junit.AutoTests" name="[50] /home/travis/build/icyphy/ptII/ptolemy/actor/lib/hoc/test/auto/RunCompositeActor2.xml (RunModel)" time="0.026" />
  <testcase classname="ptolemy.util.test.junit.AutoTests" name="[51] /home/travis/build/icyphy/ptII/ptolemy/actor/lib/hoc/test/auto/RunCompositeActor3.xml (RunModel)" time="0.02" />
  <testcase classname="ptolemy.util.test.junit.AutoTests" name="[52] /home/travis/build/icyphy/ptII/ptolemy/actor/lib/hoc/test/auto/RunCompositeActor4.xml (RunModel)" time="0.056" />
  <testcase classname="ptolemy.util.test.junit.AutoTests" name="[53] /home/travis/build/icyphy/ptII/ptolemy/actor/lib/hoc/test/auto/RunCompositeIterateOverArray.xml (RunModel)" time="0.027" />
  <testcase classname="ptolemy.util.test.junit.AutoTests" name="[54] /home/travis/build/icyphy/ptII/ptolemy/actor/lib/hoc/test/auto/ThreadedJS.xml (RunModel)" time="13.431" />
  <system-out><![CDATA[/home/travis/build/icyphy/ptII/ptolemy/actor/lib/hoc/test/IterateOverArray.tcl
testDefs.tcl: setting time out to 9000 seconds at Wed Feb 05 17:02:09 UTC 2020
02/05/20 05:02:09
Failed: 0  Total Tests: 2  ((Passed: 2, Newly Passed: 0)  Known Failed: 0) /home/travis/build/icyphy/ptII/ptolemy/actor/lib/hoc/test
----------------- testing (KnownFailure) /home/travis/build/icyphy/ptII/ptolemy/actor/lib/hoc/test/auto/knownFailedTests/PreinitializeMustBeInvokedRunComposite.xml
133 ms. Memory: 129024K Free: 86465K (67%)
Known Failure: java.lang.reflect.InvocationTargetException
No auto/linux-amd64/*.xml tests in /home/travis/build/icyphy/ptII/ptolemy/actor/lib/hoc/test
AutoTests.java: About to close Vertx.
AutoTests.java: Vertx closed.

===========================================================================================
----------------- testing Wed Feb 05 17:02:10 UTC 2020 /home/travis/build/icyphy/ptII/ptolemy/actor/lib/hoc/test/auto/AllToAllMultiInstanceComposite.xml
----------------- Instantiating /home/travis/build/icyphy/ptII/ptolemy/actor/lib/hoc/test/auto/AllToAllMultiInstanceComposite.xml
228 ms. Memory: 129024K Free: 100688K (78%)
----------------- Invoking toplevel() on ptolemy.moml.MoMLSimpleApplication@4a2b48c6
----------------- Done invoking toplevel() on ptolemy.moml.MoMLSimpleApplication@4a2b48c6
reloadAllAccessors: .AllToAllMultiInstanceComposite

===========================================================================================
----------------- testing Wed Feb 05 17:02:11 UTC 2020 /home/travis/build/icyphy/ptII/ptolemy/actor/lib/hoc/test/auto/ApplyFFTTest.xml
----------------- Instantiating /home/travis/build/icyphy/ptII/ptolemy/actor/lib/hoc/test/auto/ApplyFFTTest.xml
154 ms. Memory: 129024K Free: 81639K (63%)
----------------- Invoking toplevel() on ptolemy.moml.MoMLSimpleApplication@7fe899a2
----------------- Done invoking toplevel() on ptolemy.moml.MoMLSimpleApplication@7fe899a2
reloadAllAccessors: .ApplyFFTTest

===========================================================================================
----------------- testing Wed Feb 05 17:02:11 UTC 2020 /home/travis/build/icyphy/ptII/ptolemy/actor/lib/hoc/test/auto/ApplyFunction.xml
----------------- Instantiating /home/travis/build/icyphy/ptII/ptolemy/actor/lib/hoc/test/auto/ApplyFunction.xml
6 ms. Memory: 129024K Free: 78551K (61%)
----------------- Invoking toplevel() on ptolemy.moml.MoMLSimpleApplication@35cf2224
----------------- Done invoking toplevel() on ptolemy.moml.MoMLSimpleApplication@35cf2224
reloadAllAccessors: .ApplyFunction

===========================================================================================
----------------- testing Wed Feb 05 17:02:11 UTC 2020 /home/travis/build/icyphy/ptII/ptolemy/actor/lib/hoc/test/auto/BackgroundExecution.xml
----------------- Instantiating /home/travis/build/icyphy/ptII/ptolemy/actor/lib/hoc/test/auto/BackgroundExecution.xml
642 ms. Memory: 129024K Free: 71090K (55%)
----------------- Invoking toplevel() on ptolemy.moml.MoMLSimpleApplication@73a1cfdd
----------------- Done invoking toplevel() on ptolemy.moml.MoMLSimpleApplication@73a1cfdd
reloadAllAccessors: .BackgroundExecution

===========================================================================================
----------------- testing Wed Feb 05 17:02:12 UTC 2020 /home/travis/build/icyphy/ptII/ptolemy/actor/lib/hoc/test/auto/Case.xml
----------------- Instantiating /home/travis/build/icyphy/ptII/ptolemy/actor/lib/hoc/test/auto/Case.xml
28 ms. Memory: 129024K Free: 107882K (84%)
----------------- Invoking toplevel() on ptolemy.moml.MoMLSimpleApplication@ed5c88
----------------- Done invoking toplevel() on ptolemy.moml.MoMLSimpleApplication@ed5c88
reloadAllAccessors: .Case

===========================================================================================
----------------- testing Wed Feb 05 17:02:12 UTC 2020 /home/travis/build/icyphy/ptII/ptolemy/actor/lib/hoc/test/auto/Case1.xml
----------------- Instantiating /home/travis/build/icyphy/ptII/ptolemy/actor/lib/hoc/test/auto/Case1.xml
12 ms. Memory: 129024K Free: 101079K (78%)
----------------- Invoking toplevel() on ptolemy.moml.MoMLSimpleApplication@543627ee
----------------- Done invoking toplevel() on ptolemy.moml.MoMLSimpleApplication@543627ee
reloadAllAccessors: .Case1

===========================================================================================
----------------- testing Wed Feb 05 17:02:12 UTC 2020 /home/travis/build/icyphy/ptII/ptolemy/actor/lib/hoc/test/auto/Case2.xml
----------------- Instantiating /home/travis/build/icyphy/ptII/ptolemy/actor/lib/hoc/test/auto/Case2.xml
26 ms. Memory: 129024K Free: 91140K (71%)
----------------- Invoking toplevel() on ptolemy.moml.MoMLSimpleApplication@5ae3f8d1
----------------- Done invoking toplevel() on ptolemy.moml.MoMLSimpleApplication@5ae3f8d1
reloadAllAccessors: .Case2

===========================================================================================
----------------- testing Wed Feb 05 17:02:12 UTC 2020 /home/travis/build/icyphy/ptII/ptolemy/actor/lib/hoc/test/auto/Case3.xml
----------------- Instantiating /home/travis/build/icyphy/ptII/ptolemy/actor/lib/hoc/test/auto/Case3.xml
8 ms. Memory: 129024K Free: 84695K (66%)
----------------- Invoking toplevel() on ptolemy.moml.MoMLSimpleApplication@4b071a23
----------------- Done invoking toplevel() on ptolemy.moml.MoMLSimpleApplication@4b071a23
reloadAllAccessors: .Case3

===========================================================================================
----------------- testing Wed Feb 05 17:02:12 UTC 2020 /home/travis/build/icyphy/ptII/ptolemy/actor/lib/hoc/test/auto/Case4.xml
----------------- Instantiating /home/travis/build/icyphy/ptII/ptolemy/actor/lib/hoc/test/auto/Case4.xml
10 ms. Memory: 129024K Free: 77184K (60%)
----------------- Invoking toplevel() on ptolemy.moml.MoMLSimpleApplication@25edf48f
----------------- Done invoking toplevel() on ptolemy.moml.MoMLSimpleApplication@25edf48f
reloadAllAccessors: .Case4

===========================================================================================
----------------- testing Wed Feb 05 17:02:12 UTC 2020 /home/travis/build/icyphy/ptII/ptolemy/actor/lib/hoc/test/auto/Case5.xml
----------------- Instantiating /home/travis/build/icyphy/ptII/ptolemy/actor/lib/hoc/test/auto/Case5.xml
39 ms. Memory: 129024K Free: 70359K (55%)
----------------- Invoking toplevel() on ptolemy.moml.MoMLSimpleApplication@4b587a9e
----------------- Done invoking toplevel() on ptolemy.moml.MoMLSimpleApplication@4b587a9e
reloadAllAccessors: .junk

===========================================================================================
----------------- testing Wed Feb 05 17:02:12 UTC 2020 /home/travis/build/icyphy/ptII/ptolemy/actor/lib/hoc/test/auto/Case6.xml
----------------- Instantiating /home/travis/build/icyphy/ptII/ptolemy/actor/lib/hoc/test/auto/Case6.xml
34 ms. Memory: 129024K Free: 109608K (85%)
----------------- Invoking toplevel() on ptolemy.moml.MoMLSimpleApplication@7a820af4
----------------- Done invoking toplevel() on ptolemy.moml.MoMLSimpleApplication@7a820af4
reloadAllAccessors: .Case6

===========================================================================================
----------------- testing Wed Feb 05 17:02:12 UTC 2020 /home/travis/build/icyphy/ptII/ptolemy/actor/lib/hoc/test/auto/CaseString2.xml
----------------- Instantiating /home/travis/build/icyphy/ptII/ptolemy/actor/lib/hoc/test/auto/CaseString2.xml
9 ms. Memory: 129024K Free: 101973K (79%)
----------------- Invoking toplevel() on ptolemy.moml.MoMLSimpleApplication@e123ea2
----------------- Done invoking toplevel() on ptolemy.moml.MoMLSimpleApplication@e123ea2
reloadAllAccessors: .CaseString2

===========================================================================================
----------------- testing Wed Feb 05 17:02:13 UTC 2020 /home/travis/build/icyphy/ptII/ptolemy/actor/lib/hoc/test/auto/CatchUpComposite1.xml
----------------- Instantiating /home/travis/build/icyphy/ptII/ptolemy/actor/lib/hoc/test/auto/CatchUpComposite1.xml
30 ms. Memory: 129024K Free: 92787K (72%)
----------------- Invoking toplevel() on ptolemy.moml.MoMLSimpleApplication@5ad91e6b
----------------- Done invoking toplevel() on ptolemy.moml.MoMLSimpleApplication@5ad91e6b
reloadAllAccessors: .CatchUpComposite1

===========================================================================================
----------------- testing Wed Feb 05 17:02:13 UTC 2020 /home/travis/build/icyphy/ptII/ptolemy/actor/lib/hoc/test/auto/CatchUpComposite2.xml
----------------- Instantiating /home/travis/build/icyphy/ptII/ptolemy/actor/lib/hoc/test/auto/CatchUpComposite2.xml
11 ms. Memory: 129024K Free: 84447K (65%)
----------------- Invoking toplevel() on ptolemy.moml.MoMLSimpleApplication@750d7644
----------------- Done invoking toplevel() on ptolemy.moml.MoMLSimpleApplication@750d7644
reloadAllAccessors: .CatchUpComposite2

===========================================================================================
----------------- testing Wed Feb 05 17:02:13 UTC 2020 /home/travis/build/icyphy/ptII/ptolemy/actor/lib/hoc/test/auto/CatchUpComposite3.xml
----------------- Instantiating /home/travis/build/icyphy/ptII/ptolemy/actor/lib/hoc/test/auto/CatchUpComposite3.xml
27 ms. Memory: 129024K Free: 75816K (59%)
----------------- Invoking toplevel() on ptolemy.moml.MoMLSimpleApplication@1909e70c
----------------- Done invoking toplevel() on ptolemy.moml.MoMLSimpleApplication@1909e70c
reloadAllAccessors: .CatchUpComposite3

===========================================================================================
----------------- testing Wed Feb 05 17:02:13 UTC 2020 /home/travis/build/icyphy/ptII/ptolemy/actor/lib/hoc/test/auto/CatchUpComposite4.xml
----------------- Instantiating /home/travis/build/icyphy/ptII/ptolemy/actor/lib/hoc/test/auto/CatchUpComposite4.xml
29 ms. Memory: 129024K Free: 68181K (53%)
----------------- Invoking toplevel() on ptolemy.moml.MoMLSimpleApplication@2cf01f5c
----------------- Done invoking toplevel() on ptolemy.moml.MoMLSimpleApplication@2cf01f5c
reloadAllAccessors: .CatchUpComposite4

===========================================================================================
----------------- testing Wed Feb 05 17:02:13 UTC 2020 /home/travis/build/icyphy/ptII/ptolemy/actor/lib/hoc/test/auto/CatchUpComposite5.xml
----------------- Instantiating /home/travis/build/icyphy/ptII/ptolemy/actor/lib/hoc/test/auto/CatchUpComposite5.xml
20 ms. Memory: 129024K Free: 59965K (46%)
----------------- Invoking toplevel() on ptolemy.moml.MoMLSimpleApplication@1625e6cd
----------------- Done invoking toplevel() on ptolemy.moml.MoMLSimpleApplication@1625e6cd
reloadAllAccessors: .CatchUpComposite5

===========================================================================================
----------------- testing Wed Feb 05 17:02:13 UTC 2020 /home/travis/build/icyphy/ptII/ptolemy/actor/lib/hoc/test/auto/CatchUpComposite6.xml
----------------- Instantiating /home/travis/build/icyphy/ptII/ptolemy/actor/lib/hoc/test/auto/CatchUpComposite6.xml
WARNING: The execution aspects in this model can influence the timing of actors by delaying the 
execution, potentially changing the behavior. There is no guarantee that actors fire at the 
time they request to be fired. 
Use Ptides for deterministic DE behavior that is not influenced by execution aspects. 

69 ms. Memory: 155648K Free: 136597K (88%)
----------------- Invoking toplevel() on ptolemy.moml.MoMLSimpleApplication@2ef80adc
----------------- Done invoking toplevel() on ptolemy.moml.MoMLSimpleApplication@2ef80adc
reloadAllAccessors: .CatchUpComposite6

===========================================================================================
----------------- testing Wed Feb 05 17:02:13 UTC 2020 /home/travis/build/icyphy/ptII/ptolemy/actor/lib/hoc/test/auto/CatchUpComposite7.xml
----------------- Instantiating /home/travis/build/icyphy/ptII/ptolemy/actor/lib/hoc/test/auto/CatchUpComposite7.xml
WARNING: The execution aspects in this model can influence the timing of actors by delaying the 
execution, potentially changing the behavior. There is no guarantee that actors fire at the 
time they request to be fired. 
Use Ptides for deterministic DE behavior that is not influenced by execution aspects. 

38 ms. Memory: 155648K Free: 122261K (79%)
----------------- Invoking toplevel() on ptolemy.moml.MoMLSimpleApplication@5db68188
----------------- Done invoking toplevel() on ptolemy.moml.MoMLSimpleApplication@5db68188
reloadAllAccessors: .CatchUpComposite7

===========================================================================================
----------------- testing Wed Feb 05 17:02:13 UTC 2020 /home/travis/build/icyphy/ptII/ptolemy/actor/lib/hoc/test/auto/ConcurrentExecutionTimeSDF.xml
----------------- Instantiating /home/travis/build/icyphy/ptII/ptolemy/actor/lib/hoc/test/auto/ConcurrentExecutionTimeSDF.xml
Fired ExecutionTime: 40400000
Fired ExecutionTime: 40400000
Fired ExecutionTime: 40400000
Fired ExecutionTime: 40400000
Fired ExecutionTime: 40400000
Fired ExecutionTime: 40400000
Fired ExecutionTime: 40400000
Fired ExecutionTime: 40400000
Fired ExecutionTime: 40400000
Fired ExecutionTime: 40400000
Fired ExecutionTime: 40400000
Fired ExecutionTime: 40400000
Fired ExecutionTime: 40400000
Fired ExecutionTime: 40400000
Fired ExecutionTime: 40400000
Fired ExecutionTime: 40400000
Fired ExecutionTime: 40400000
Fired ExecutionTime: 40400000
Fired ExecutionTime: 40400000
Fired ExecutionTime: 40400000
1230 ms. Memory: 155648K Free: 115093K (74%)
----------------- Invoking toplevel() on ptolemy.moml.MoMLSimpleApplication@b47296d
----------------- Done invoking toplevel() on ptolemy.moml.MoMLSimpleApplication@b47296d
reloadAllAccessors: .ConcurrentExecutionTimeSDF

===========================================================================================
----------------- testing Wed Feb 05 17:02:14 UTC 2020 /home/travis/build/icyphy/ptII/ptolemy/actor/lib/hoc/test/auto/ConcurrentSleep.xml
----------------- Instantiating /home/travis/build/icyphy/ptII/ptolemy/actor/lib/hoc/test/auto/ConcurrentSleep.xml
732 ms. Memory: 155648K Free: 103829K (67%)
----------------- Invoking toplevel() on ptolemy.moml.MoMLSimpleApplication@3ecd603e
----------------- Done invoking toplevel() on ptolemy.moml.MoMLSimpleApplication@3ecd603e
reloadAllAccessors: .ConcurrentSleep

===========================================================================================
----------------- testing Wed Feb 05 17:02:15 UTC 2020 /home/travis/build/icyphy/ptII/ptolemy/actor/lib/hoc/test/auto/DEInPNInRunCompositeActor.xml
----------------- Instantiating /home/travis/build/icyphy/ptII/ptolemy/actor/lib/hoc/test/auto/DEInPNInRunCompositeActor.xml
35 ms. Memory: 155648K Free: 97685K (63%)
----------------- Invoking toplevel() on ptolemy.moml.MoMLSimpleApplication@2b5f6ecf
----------------- Done invoking toplevel() on ptolemy.moml.MoMLSimpleApplication@2b5f6ecf
reloadAllAccessors: .DEInPNInRunCompositeActor

===========================================================================================
----------------- testing Wed Feb 05 17:02:15 UTC 2020 /home/travis/build/icyphy/ptII/ptolemy/actor/lib/hoc/test/auto/DFTSubSetTest.xml
----------------- Instantiating /home/travis/build/icyphy/ptII/ptolemy/actor/lib/hoc/test/auto/DFTSubSetTest.xml
228 ms. Memory: 155648K Free: 131971K (85%)
----------------- Invoking toplevel() on ptolemy.moml.MoMLSimpleApplication@78cb62fc
----------------- Done invoking toplevel() on ptolemy.moml.MoMLSimpleApplication@78cb62fc
reloadAllAccessors: .DFTSubSetTest

===========================================================================================
----------------- testing Wed Feb 05 17:02:16 UTC 2020 /home/travis/build/icyphy/ptII/ptolemy/actor/lib/hoc/test/auto/HocDE.xml
----------------- Instantiating /home/travis/build/icyphy/ptII/ptolemy/actor/lib/hoc/test/auto/HocDE.xml
114 ms. Memory: 155648K Free: 106371K (68%)
----------------- Invoking toplevel() on ptolemy.moml.MoMLSimpleApplication@3998add8
----------------- Done invoking toplevel() on ptolemy.moml.MoMLSimpleApplication@3998add8
reloadAllAccessors: .HocDE

===========================================================================================
----------------- testing Wed Feb 05 17:02:16 UTC 2020 /home/travis/build/icyphy/ptII/ptolemy/actor/lib/hoc/test/auto/IterateOverArray.xml
----------------- Instantiating /home/travis/build/icyphy/ptII/ptolemy/actor/lib/hoc/test/auto/IterateOverArray.xml
6 ms. Memory: 155648K Free: 101765K (65%)
----------------- Invoking toplevel() on ptolemy.moml.MoMLSimpleApplication@155e94e3
----------------- Done invoking toplevel() on ptolemy.moml.MoMLSimpleApplication@155e94e3
reloadAllAccessors: .IterateOverArray

===========================================================================================
----------------- testing Wed Feb 05 17:02:16 UTC 2020 /home/travis/build/icyphy/ptII/ptolemy/actor/lib/hoc/test/auto/IterateOverArray10.xml
----------------- Instantiating /home/travis/build/icyphy/ptII/ptolemy/actor/lib/hoc/test/auto/IterateOverArray10.xml
3 ms. Memory: 155648K Free: 98693K (63%)
----------------- Invoking toplevel() on ptolemy.moml.MoMLSimpleApplication@5ecef12a
----------------- Done invoking toplevel() on ptolemy.moml.MoMLSimpleApplication@5ecef12a
reloadAllAccessors: .IterateOverArray10

===========================================================================================
----------------- testing Wed Feb 05 17:02:16 UTC 2020 /home/travis/build/icyphy/ptII/ptolemy/actor/lib/hoc/test/auto/IterateOverArray11.xml
----------------- Instantiating /home/travis/build/icyphy/ptII/ptolemy/actor/lib/hoc/test/auto/IterateOverArray11.xml
8 ms. Memory: 155648K Free: 95107K (61%)
----------------- Invoking toplevel() on ptolemy.moml.MoMLSimpleApplication@1a8409ed
----------------- Done invoking toplevel() on ptolemy.moml.MoMLSimpleApplication@1a8409ed
reloadAllAccessors: .IterateOverArray11

===========================================================================================
----------------- testing Wed Feb 05 17:02:16 UTC 2020 /home/travis/build/icyphy/ptII/ptolemy/actor/lib/hoc/test/auto/IterateOverArray12.xml
----------------- Instantiating /home/travis/build/icyphy/ptII/ptolemy/actor/lib/hoc/test/auto/IterateOverArray12.xml
19 ms. Memory: 155648K Free: 88963K (57%)
----------------- Invoking toplevel() on ptolemy.moml.MoMLSimpleApplication@4891b2bd
----------------- Done invoking toplevel() on ptolemy.moml.MoMLSimpleApplication@4891b2bd
reloadAllAccessors: .IterateOverArray12

===========================================================================================
----------------- testing Wed Feb 05 17:02:16 UTC 2020 /home/travis/build/icyphy/ptII/ptolemy/actor/lib/hoc/test/auto/IterateOverArray13.xml
----------------- Instantiating /home/travis/build/icyphy/ptII/ptolemy/actor/lib/hoc/test/auto/IterateOverArray13.xml
61 ms. Memory: 155648K Free: 62853K (40%)
----------------- Invoking toplevel() on ptolemy.moml.MoMLSimpleApplication@69ada175
----------------- Done invoking toplevel() on ptolemy.moml.MoMLSimpleApplication@69ada175
reloadAllAccessors: .IterateOverArray13

===========================================================================================
----------------- testing Wed Feb 05 17:02:16 UTC 2020 /home/travis/build/icyphy/ptII/ptolemy/actor/lib/hoc/test/auto/IterateOverArray14.xml
----------------- Instantiating /home/travis/build/icyphy/ptII/ptolemy/actor/lib/hoc/test/auto/IterateOverArray14.xml
59 ms. Memory: 155648K Free: 115427K (74%)
----------------- Invoking toplevel() on ptolemy.moml.MoMLSimpleApplication@57ec219a
----------------- Done invoking toplevel() on ptolemy.moml.MoMLSimpleApplication@57ec219a
reloadAllAccessors: .IterateOverArray14

===========================================================================================
----------------- testing Wed Feb 05 17:02:16 UTC 2020 /home/travis/build/icyphy/ptII/ptolemy/actor/lib/hoc/test/auto/IterateOverArray2.xml
----------------- Instantiating /home/travis/build/icyphy/ptII/ptolemy/actor/lib/hoc/test/auto/IterateOverArray2.xml
6 ms. Memory: 155648K Free: 110821K (71%)
----------------- Invoking toplevel() on ptolemy.moml.MoMLSimpleApplication@75537ceb
----------------- Done invoking toplevel() on ptolemy.moml.MoMLSimpleApplication@75537ceb
reloadAllAccessors: .IterateOverArray2

===========================================================================================
----------------- testing Wed Feb 05 17:02:16 UTC 2020 /home/travis/build/icyphy/ptII/ptolemy/actor/lib/hoc/test/auto/IterateOverArray3.xml
----------------- Instantiating /home/travis/build/icyphy/ptII/ptolemy/actor/lib/hoc/test/auto/IterateOverArray3.xml
8 ms. Memory: 155648K Free: 105187K (68%)
----------------- Invoking toplevel() on ptolemy.moml.MoMLSimpleApplication@38c075d2
----------------- Done invoking toplevel() on ptolemy.moml.MoMLSimpleApplication@38c075d2
reloadAllAccessors: .IterateOverArray3

===========================================================================================
----------------- testing Wed Feb 05 17:02:16 UTC 2020 /home/travis/build/icyphy/ptII/ptolemy/actor/lib/hoc/test/auto/IterateOverArray4.xml
----------------- Instantiating /home/travis/build/icyphy/ptII/ptolemy/actor/lib/hoc/test/auto/IterateOverArray4.xml
7 ms. Memory: 155648K Free: 101091K (65%)
----------------- Invoking toplevel() on ptolemy.moml.MoMLSimpleApplication@739d7cb4
----------------- Done invoking toplevel() on ptolemy.moml.MoMLSimpleApplication@739d7cb4
reloadAllAccessors: .IterateOverArray4

===========================================================================================
----------------- testing Wed Feb 05 17:02:16 UTC 2020 /home/travis/build/icyphy/ptII/ptolemy/actor/lib/hoc/test/auto/IterateOverArray5.xml
----------------- Instantiating /home/travis/build/icyphy/ptII/ptolemy/actor/lib/hoc/test/auto/IterateOverArray5.xml
4 ms. Memory: 155648K Free: 96995K (62%)
----------------- Invoking toplevel() on ptolemy.moml.MoMLSimpleApplication@5cd6d280
----------------- Done invoking toplevel() on ptolemy.moml.MoMLSimpleApplication@5cd6d280
reloadAllAccessors: .IterateOverArray5

===========================================================================================
----------------- testing Wed Feb 05 17:02:16 UTC 2020 /home/travis/build/icyphy/ptII/ptolemy/actor/lib/hoc/test/auto/IterateOverArray6.xml
----------------- Instantiating /home/travis/build/icyphy/ptII/ptolemy/actor/lib/hoc/test/auto/IterateOverArray6.xml
3 ms. Memory: 155648K Free: 93413K (60%)
----------------- Invoking toplevel() on ptolemy.moml.MoMLSimpleApplication@5f528118
----------------- Done invoking toplevel() on ptolemy.moml.MoMLSimpleApplication@5f528118
reloadAllAccessors: .IterateOverArray6

===========================================================================================
----------------- testing Wed Feb 05 17:02:16 UTC 2020 /home/travis/build/icyphy/ptII/ptolemy/actor/lib/hoc/test/auto/IterateOverArray7.xml
----------------- Instantiating /home/travis/build/icyphy/ptII/ptolemy/actor/lib/hoc/test/auto/IterateOverArray7.xml
8 ms. Memory: 155648K Free: 88803K (57%)
----------------- Invoking toplevel() on ptolemy.moml.MoMLSimpleApplication@7852b761
----------------- Done invoking toplevel() on ptolemy.moml.MoMLSimpleApplication@7852b761
reloadAllAccessors: .IterateOverArray7

===========================================================================================
----------------- testing Wed Feb 05 17:02:16 UTC 2020 /home/travis/build/icyphy/ptII/ptolemy/actor/lib/hoc/test/auto/IterateOverArray8.xml
----------------- Instantiating /home/travis/build/icyphy/ptII/ptolemy/actor/lib/hoc/test/auto/IterateOverArray8.xml
4 ms. Memory: 155648K Free: 84707K (54%)
----------------- Invoking toplevel() on ptolemy.moml.MoMLSimpleApplication@3c50f911
----------------- Done invoking toplevel() on ptolemy.moml.MoMLSimpleApplication@3c50f911
reloadAllAccessors: .IterateOverArray8

===========================================================================================
----------------- testing Wed Feb 05 17:02:16 UTC 2020 /home/travis/build/icyphy/ptII/ptolemy/actor/lib/hoc/test/auto/IterateOverArray9.xml
----------------- Instantiating /home/travis/build/icyphy/ptII/ptolemy/actor/lib/hoc/test/auto/IterateOverArray9.xml
8 ms. Memory: 155648K Free: 80611K (52%)
----------------- Invoking toplevel() on ptolemy.moml.MoMLSimpleApplication@54540448
----------------- Done invoking toplevel() on ptolemy.moml.MoMLSimpleApplication@54540448
reloadAllAccessors: .IterateOverArray9

===========================================================================================
----------------- testing Wed Feb 05 17:02:16 UTC 2020 /home/travis/build/icyphy/ptII/ptolemy/actor/lib/hoc/test/auto/IterateOverArrayCoercedOutputType.xml
----------------- Instantiating /home/travis/build/icyphy/ptII/ptolemy/actor/lib/hoc/test/auto/IterateOverArrayCoercedOutputType.xml
7 ms. Memory: 155648K Free: 75491K (49%)
----------------- Invoking toplevel() on ptolemy.moml.MoMLSimpleApplication@5257edae
----------------- Done invoking toplevel() on ptolemy.moml.MoMLSimpleApplication@5257edae
reloadAllAccessors: .IterateOverArrayCoercedOutputType

===========================================================================================
----------------- testing Wed Feb 05 17:02:16 UTC 2020 /home/travis/build/icyphy/ptII/ptolemy/actor/lib/hoc/test/auto/IterateOverArrayInferredOutputType.xml
----------------- Instantiating /home/travis/build/icyphy/ptII/ptolemy/actor/lib/hoc/test/auto/IterateOverArrayInferredOutputType.xml
14 ms. Memory: 155648K Free: 70885K (46%)
----------------- Invoking toplevel() on ptolemy.moml.MoMLSimpleApplication@52e3dadd
----------------- Done invoking toplevel() on ptolemy.moml.MoMLSimpleApplication@52e3dadd
reloadAllAccessors: .IterateOverArrayInferredOutputType

===========================================================================================
----------------- testing Wed Feb 05 17:02:16 UTC 2020 /home/travis/build/icyphy/ptII/ptolemy/actor/lib/hoc/test/auto/MobileFunctionTest.xml
----------------- Instantiating /home/travis/build/icyphy/ptII/ptolemy/actor/lib/hoc/test/auto/MobileFunctionTest.xml
6 ms. Memory: 155648K Free: 66789K (43%)
----------------- Invoking toplevel() on ptolemy.moml.MoMLSimpleApplication@21c36bf4
----------------- Done invoking toplevel() on ptolemy.moml.MoMLSimpleApplication@21c36bf4
reloadAllAccessors: .MobileFunctionTest

===========================================================================================
----------------- testing Wed Feb 05 17:02:17 UTC 2020 /home/travis/build/icyphy/ptII/ptolemy/actor/lib/hoc/test/auto/MobileModelTest.xml
----------------- Instantiating /home/travis/build/icyphy/ptII/ptolemy/actor/lib/hoc/test/auto/MobileModelTest.xml
202 ms. Memory: 155648K Free: 136343K (88%)
----------------- Invoking toplevel() on ptolemy.moml.MoMLSimpleApplication@6a082b11
----------------- Done invoking toplevel() on ptolemy.moml.MoMLSimpleApplication@6a082b11
reloadAllAccessors: .MobileModelTest

===========================================================================================
----------------- testing Wed Feb 05 17:02:17 UTC 2020 /home/travis/build/icyphy/ptII/ptolemy/actor/lib/hoc/test/auto/ModelReference.xml
----------------- Instantiating /home/travis/build/icyphy/ptII/ptolemy/actor/lib/hoc/test/auto/ModelReference.xml
3 ms. Memory: 155648K Free: 129645K (83%)
2 ms. Memory: 155648K Free: 129072K (83%)
2 ms. Memory: 155648K Free: 128040K (82%)
2 ms. Memory: 155648K Free: 127024K (82%)
6 ms. Memory: 155648K Free: 126549K (81%)
2 ms. Memory: 155648K Free: 125555K (81%)
2 ms. Memory: 155648K Free: 124976K (80%)
2 ms. Memory: 155648K Free: 123944K (80%)
3 ms. Memory: 155648K Free: 122928K (79%)
3 ms. Memory: 155648K Free: 122424K (79%)
39 ms. Memory: 155648K Free: 122424K (79%)
----------------- Invoking toplevel() on ptolemy.moml.MoMLSimpleApplication@70271251
----------------- Done invoking toplevel() on ptolemy.moml.MoMLSimpleApplication@70271251
reloadAllAccessors: .ModelReference

===========================================================================================
----------------- testing Wed Feb 05 17:02:17 UTC 2020 /home/travis/build/icyphy/ptII/ptolemy/actor/lib/hoc/test/auto/ModelReference3.xml
----------------- Instantiating /home/travis/build/icyphy/ptII/ptolemy/actor/lib/hoc/test/auto/ModelReference3.xml
3 ms. Memory: 155648K Free: 117365K (75%)
5 ms. Memory: 155648K Free: 116792K (75%)
3 ms. Memory: 155648K Free: 115768K (74%)
4 ms. Memory: 155648K Free: 115317K (74%)
2 ms. Memory: 155648K Free: 114269K (73%)
1 ms. Memory: 155648K Free: 113664K (73%)
3 ms. Memory: 155648K Free: 112698K (72%)
4 ms. Memory: 155648K Free: 111672K (72%)
3 ms. Memory: 155648K Free: 111221K (71%)
2 ms. Memory: 155648K Free: 110173K (71%)
39 ms. Memory: 155648K Free: 110173K (71%)
----------------- Invoking toplevel() on ptolemy.moml.MoMLSimpleApplication@54f86fe6
----------------- Done invoking toplevel() on ptolemy.moml.MoMLSimpleApplication@54f86fe6
reloadAllAccessors: .ModelReference3

===========================================================================================
----------------- testing Wed Feb 05 17:02:17 UTC 2020 /home/travis/build/icyphy/ptII/ptolemy/actor/lib/hoc/test/auto/ModelReference4.xml
----------------- Instantiating /home/travis/build/icyphy/ptII/ptolemy/actor/lib/hoc/test/auto/ModelReference4.xml
3 ms. Memory: 155648K Free: 105520K (68%)
3 ms. Memory: 155648K Free: 104027K (67%)
2 ms. Memory: 155648K Free: 102981K (66%)
2 ms. Memory: 155648K Free: 101424K (65%)
2 ms. Memory: 155648K Free: 100408K (65%)
2 ms. Memory: 155648K Free: 99376K (64%)
2 ms. Memory: 155648K Free: 97883K (63%)
2 ms. Memory: 155648K Free: 96837K (62%)
3 ms. Memory: 155648K Free: 95296K (61%)
2 ms. Memory: 155648K Free: 94256K (61%)
10017 ms. Memory: 155648K Free: 94256K (61%)
----------------- Invoking toplevel() on ptolemy.moml.MoMLSimpleApplication@1592411e
----------------- Done invoking toplevel() on ptolemy.moml.MoMLSimpleApplication@1592411e
reloadAllAccessors: .ModelReference4

===========================================================================================
----------------- testing Wed Feb 05 17:02:27 UTC 2020 /home/travis/build/icyphy/ptII/ptolemy/actor/lib/hoc/test/auto/MultiInstanceComposite.xml
----------------- Instantiating /home/travis/build/icyphy/ptII/ptolemy/actor/lib/hoc/test/auto/MultiInstanceComposite.xml
32 ms. Memory: 155648K Free: 75403K (48%)
----------------- Invoking toplevel() on ptolemy.moml.MoMLSimpleApplication@7b114d7b
----------------- Done invoking toplevel() on ptolemy.moml.MoMLSimpleApplication@7b114d7b
reloadAllAccessors: .MultiInstanceComposite

===========================================================================================
----------------- testing Wed Feb 05 17:02:27 UTC 2020 /home/travis/build/icyphy/ptII/ptolemy/actor/lib/hoc/test/auto/MultiInstanceComposite2.xml
----------------- Instantiating /home/travis/build/icyphy/ptII/ptolemy/actor/lib/hoc/test/auto/MultiInstanceComposite2.xml
15 ms. Memory: 155648K Free: 64139K (41%)
----------------- Invoking toplevel() on ptolemy.moml.MoMLSimpleApplication@55ac1610
----------------- Done invoking toplevel() on ptolemy.moml.MoMLSimpleApplication@55ac1610
reloadAllAccessors: .MultiInstanceComposite2

===========================================================================================
----------------- testing Wed Feb 05 17:02:27 UTC 2020 /home/travis/build/icyphy/ptII/ptolemy/actor/lib/hoc/test/auto/MulticoreExecution.xml
----------------- Instantiating /home/travis/build/icyphy/ptII/ptolemy/actor/lib/hoc/test/auto/MulticoreExecution.xml
Fired ExecutionTime: 13200000
Fired ExecutionTime: 8000000
Fired ExecutionTime: 44000000
Fired ExecutionTime: 46400000
Fired ExecutionTime: 108400000
Fired ExecutionTime: 108400000
Fired ExecutionTime: 105600000
Fired ExecutionTime: 103200000
Fired ExecutionTime: 110000000
Fired ExecutionTime: 110400000
Fired ExecutionTime: 108400000
Fired ExecutionTime: 108000000
Fired ExecutionTime: 108000000
Fired ExecutionTime: 108400000
Fired ExecutionTime: 107600000
Fired ExecutionTime: 107600000
Fired ExecutionTime: 111200000
Fired ExecutionTime: 109600000
Fired ExecutionTime: 107600000
Fired ExecutionTime: 95600000
1054 ms. Memory: 155648K Free: 55826K (36%)
----------------- Invoking toplevel() on ptolemy.moml.MoMLSimpleApplication@55b50364
----------------- Done invoking toplevel() on ptolemy.moml.MoMLSimpleApplication@55b50364
reloadAllAccessors: .MulticoreExecution

===========================================================================================
----------------- testing Wed Feb 05 17:02:28 UTC 2020 /home/travis/build/icyphy/ptII/ptolemy/actor/lib/hoc/test/auto/ParallelExecution.xml
----------------- Instantiating /home/travis/build/icyphy/ptII/ptolemy/actor/lib/hoc/test/auto/ParallelExecution.xml
927 ms. Memory: 155648K Free: 138944K (89%)
----------------- Invoking toplevel() on ptolemy.moml.MoMLSimpleApplication@36b9cf3c
----------------- Done invoking toplevel() on ptolemy.moml.MoMLSimpleApplication@36b9cf3c
reloadAllAccessors: .ParallelExecution

===========================================================================================
----------------- testing Wed Feb 05 17:02:29 UTC 2020 /home/travis/build/icyphy/ptII/ptolemy/actor/lib/hoc/test/auto/RunCompositeActor.xml
----------------- Instantiating /home/travis/build/icyphy/ptII/ptolemy/actor/lib/hoc/test/auto/RunCompositeActor.xml
10 ms. Memory: 155648K Free: 131562K (85%)
----------------- Invoking toplevel() on ptolemy.moml.MoMLSimpleApplication@25ee6c98
----------------- Done invoking toplevel() on ptolemy.moml.MoMLSimpleApplication@25ee6c98
reloadAllAccessors: .RunCompositeActor

===========================================================================================
----------------- testing Wed Feb 05 17:02:29 UTC 2020 /home/travis/build/icyphy/ptII/ptolemy/actor/lib/hoc/test/auto/RunCompositeActor2.xml
----------------- Instantiating /home/travis/build/icyphy/ptII/ptolemy/actor/lib/hoc/test/auto/RunCompositeActor2.xml
9 ms. Memory: 155648K Free: 125388K (81%)
----------------- Invoking toplevel() on ptolemy.moml.MoMLSimpleApplication@4f8a45b3
----------------- Done invoking toplevel() on ptolemy.moml.MoMLSimpleApplication@4f8a45b3
reloadAllAccessors: .RunCompositeActor2

===========================================================================================
----------------- testing Wed Feb 05 17:02:29 UTC 2020 /home/travis/build/icyphy/ptII/ptolemy/actor/lib/hoc/test/auto/RunCompositeActor3.xml
----------------- Instantiating /home/travis/build/icyphy/ptII/ptolemy/actor/lib/hoc/test/auto/RunCompositeActor3.xml
4 ms. Memory: 155648K Free: 119807K (77%)
----------------- Invoking toplevel() on ptolemy.moml.MoMLSimpleApplication@37d88eff
----------------- Done invoking toplevel() on ptolemy.moml.MoMLSimpleApplication@37d88eff
reloadAllAccessors: .RunCompositeActor3

===========================================================================================
----------------- testing Wed Feb 05 17:02:29 UTC 2020 /home/travis/build/icyphy/ptII/ptolemy/actor/lib/hoc/test/auto/RunCompositeActor4.xml
----------------- Instantiating /home/travis/build/icyphy/ptII/ptolemy/actor/lib/hoc/test/auto/RunCompositeActor4.xml
15 ms. Memory: 155648K Free: 111618K (72%)
----------------- Invoking toplevel() on ptolemy.moml.MoMLSimpleApplication@3f24d370
----------------- Done invoking toplevel() on ptolemy.moml.MoMLSimpleApplication@3f24d370
reloadAllAccessors: .RunCompositeActor4

===========================================================================================
----------------- testing Wed Feb 05 17:02:29 UTC 2020 /home/travis/build/icyphy/ptII/ptolemy/actor/lib/hoc/test/auto/RunCompositeIterateOverArray.xml
----------------- Instantiating /home/travis/build/icyphy/ptII/ptolemy/actor/lib/hoc/test/auto/RunCompositeIterateOverArray.xml
7 ms. Memory: 155648K Free: 105511K (68%)
----------------- Invoking toplevel() on ptolemy.moml.MoMLSimpleApplication@6b398ed1
----------------- Done invoking toplevel() on ptolemy.moml.MoMLSimpleApplication@6b398ed1
reloadAllAccessors: .RunCompositeIterateOverArray

===========================================================================================
----------------- testing Wed Feb 05 17:02:29 UTC 2020 /home/travis/build/icyphy/ptII/ptolemy/actor/lib/hoc/test/auto/ThreadedJS.xml
----------------- Instantiating /home/travis/build/icyphy/ptII/ptolemy/actor/lib/hoc/test/auto/ThreadedJS.xml
6209 ms. Memory: 187392K Free: 67173K (36%)
----------------- Invoking toplevel() on ptolemy.moml.MoMLSimpleApplication@78e6fb0a
----------------- Done invoking toplevel() on ptolemy.moml.MoMLSimpleApplication@78e6fb0a
reloadAllAccessors: .ThreadedJS
AutoTests.java: About to close Vertx.
AutoTests.java: Vertx closed.
]]></system-out>
  <system-err><![CDATA[java.lang.RuntimeException: Execution failed
	at ptolemy.moml.MoMLSimpleApplication$UnloadThread.run(MoMLSimpleApplication.java:402)
Caused by: ptolemy.kernel.util.IllegalActionException: initialize() was called after wrapup() was called but preinitialize() was not called after wrapup().
	at ptolemy.actor.lib.hoc.test.PreinitializeMustBeInvoked.initialize(PreinitializeMustBeInvoked.java:78)
	at ptolemy.actor.Director.initialize(Director.java:938)
	at ptolemy.actor.Director.initialize(Director.java:907)
	at ptolemy.actor.sched.StaticSchedulingDirector.initialize(StaticSchedulingDirector.java:159)
	at ptolemy.domains.sdf.kernel.SDFDirector.initialize(SDFDirector.java:544)
	at ptolemy.actor.CompositeActor.initialize(CompositeActor.java:935)
	at ptolemy.actor.lib.hoc.LifeCycleManager._executeInsideModel(LifeCycleManager.java:339)
	at ptolemy.actor.lib.hoc.RunCompositeActor.fire(RunCompositeActor.java:205)
	at ptolemy.actor.CompositeActor.iterate(CompositeActor.java:1146)
	at ptolemy.actor.sched.StaticSchedulingDirector.fire(StaticSchedulingDirector.java:216)
	at ptolemy.domains.sdf.kernel.SDFDirector.fire(SDFDirector.java:500)
	at ptolemy.actor.CompositeActor.fire(CompositeActor.java:455)
	at ptolemy.actor.Manager.iterate(Manager.java:851)
	at ptolemy.actor.Manager.execute(Manager.java:369)
	at ptolemy.actor.Manager.run(Manager.java:1263)
	at ptolemy.actor.Manager$PtolemyRunThread.run(Manager.java:1933)
java.lang.reflect.InvocationTargetException
	at java.base/jdk.internal.reflect.NativeConstructorAccessorImpl.newInstance0(Native Method)
	at java.base/jdk.internal.reflect.NativeConstructorAccessorImpl.newInstance(NativeConstructorAccessorImpl.java:62)
	at java.base/jdk.internal.reflect.DelegatingConstructorAccessorImpl.newInstance(DelegatingConstructorAccessorImpl.java:45)
	at java.base/java.lang.reflect.Constructor.newInstance(Constructor.java:490)
	at ptolemy.util.test.junit.AutoKnownFailedTests.RunModel(AutoKnownFailedTests.java:105)
	at java.base/jdk.internal.reflect.NativeMethodAccessorImpl.invoke0(Native Method)
	at java.base/jdk.internal.reflect.NativeMethodAccessorImpl.invoke(NativeMethodAccessorImpl.java:62)
	at java.base/jdk.internal.reflect.DelegatingMethodAccessorImpl.invoke(DelegatingMethodAccessorImpl.java:43)
	at java.base/java.lang.reflect.Method.invoke(Method.java:566)
	at org.junit.runners.model.FrameworkMethod$1.runReflectiveCall(FrameworkMethod.java:44)
	at org.junit.internal.runners.model.ReflectiveCallable.run(ReflectiveCallable.java:15)
	at org.junit.runners.model.FrameworkMethod.invokeExplosively(FrameworkMethod.java:41)
	at junitparams.internal.InvokeParameterisedMethod.evaluate(InvokeParameterisedMethod.java:102)
	at org.junit.internal.runners.statements.FailOnTimeout$1.run(FailOnTimeout.java:28)
Caused by: ptolemy.kernel.util.IllegalActionException: initialize() was called after wrapup() was called but preinitialize() was not called after wrapup().
	at ptolemy.actor.lib.hoc.test.PreinitializeMustBeInvoked.initialize(PreinitializeMustBeInvoked.java:78)
	at ptolemy.actor.Director.initialize(Director.java:938)
	at ptolemy.actor.Director.initialize(Director.java:907)
	at ptolemy.actor.sched.StaticSchedulingDirector.initialize(StaticSchedulingDirector.java:159)
	at ptolemy.domains.sdf.kernel.SDFDirector.initialize(SDFDirector.java:544)
	at ptolemy.actor.CompositeActor.initialize(CompositeActor.java:935)
	at ptolemy.actor.lib.hoc.LifeCycleManager._executeInsideModel(LifeCycleManager.java:339)
	at ptolemy.actor.lib.hoc.RunCompositeActor.fire(RunCompositeActor.java:205)
	at ptolemy.actor.CompositeActor.iterate(CompositeActor.java:1146)
	at ptolemy.actor.sched.StaticSchedulingDirector.fire(StaticSchedulingDirector.java:216)
	at ptolemy.domains.sdf.kernel.SDFDirector.fire(SDFDirector.java:500)
	at ptolemy.actor.CompositeActor.fire(CompositeActor.java:455)
	at ptolemy.actor.Manager.iterate(Manager.java:851)
	at ptolemy.actor.Manager.execute(Manager.java:369)
	at ptolemy.actor.Manager.run(Manager.java:1263)
	at ptolemy.actor.Manager$PtolemyRunThread.run(Manager.java:1933)
Warning: Nashorn engine is planned to be removed from a future JDK release
Warning: Nashorn engine is planned to be removed from a future JDK release
Warning: Nashorn engine is planned to be removed from a future JDK release
Warning: Nashorn engine is planned to be removed from a future JDK release
Warning: Nashorn engine is planned to be removed from a future JDK release
Warning: Nashorn engine is planned to be removed from a future JDK release
Warning: Nashorn engine is planned to be removed from a future JDK release
Warning: Nashorn engine is planned to be removed from a future JDK release
]]></system-err>
</testsuite>
