<?xml version="1.0" encoding="UTF-8" ?>
<testsuite errors="0" failures="0" hostname="travis-job-7b02c39a-533f-428a-a55f-8947efd7ec80" name="ptolemy.domains.de.test.junit.JUnitTclTest" skipped="0" tests="101" time="126.907" timestamp="2019-05-19T04:24:48">
  <properties>
[...]
</properties>
  <testcase classname="ptolemy.util.test.junit.TclTests" name="[0] /home/travis/build/icyphy/ptII/ptolemy/domains/de/test/DependencyLoop.tcl (RunTclFile)" time="0.739" />
  <testcase classname="ptolemy.util.test.junit.TclTests" name="[1] /home/travis/build/icyphy/ptII/ptolemy/domains/de/test/RunDETestsAsQSS.tcl (RunTclFile)" time="87.487" />
  <testcase classname="ptolemy.util.test.junit.AutoKnownFailedTests" name="[0] /home/travis/build/icyphy/ptII/ptolemy/domains/de/test/auto/knownFailedTests/DESDFClockTest.xml (RunModel)" time="2.05" />
  <testcase classname="ptolemy.util.test.junit.AutoKnownFailedTests" name="[1] /home/travis/build/icyphy/ptII/ptolemy/domains/de/test/auto/knownFailedTests/DirectFeedback.xml (RunModel)" time="0.018" />
  <testcase classname="ptolemy.util.test.junit.AutoKnownFailedTests" name="[2] /home/travis/build/icyphy/ptII/ptolemy/domains/de/test/auto/knownFailedTests/FSMSource.xml (RunModel)" time="0.027" />
  <testcase classname="ptolemy.util.test.junit.AutoKnownFailedTests" name="[3] /home/travis/build/icyphy/ptII/ptolemy/domains/de/test/auto/knownFailedTests/HierarchicalModel.xml (RunModel)" time="0.04" />
  <testcase classname="ptolemy.util.test.junit.AutoKnownFailedTests" name="[4] /home/travis/build/icyphy/ptII/ptolemy/domains/de/test/auto/knownFailedTests/dependencyLoop.xml (RunModel)" time="0.031" />
  <testcase classname="ptolemy.util.test.junit.AutoKnownFailedTests" name="[5] /home/travis/build/icyphy/ptII/ptolemy/domains/de/test/auto/knownFailedTests/dependencyLoop2.xml (RunModel)" time="0.035" />
  <testcase classname="ptolemy.util.test.junit.AutoNameArchTests" name="[0] ThereAreNoAutoArchTests (RunModel)" time="0.005" />
  <testcase classname="ptolemy.util.test.junit.AutoTests" name="[0] /home/travis/build/icyphy/ptII/ptolemy/domains/de/test/auto/ActorDepthCalculation_actorWithoutPorts.xml (RunModel)" time="0.012" />
  <testcase classname="ptolemy.util.test.junit.AutoTests" name="[1] /home/travis/build/icyphy/ptII/ptolemy/domains/de/test/auto/AssemblyLine.xml (RunModel)" time="0.016" />
  <testcase classname="ptolemy.util.test.junit.AutoTests" name="[2] /home/travis/build/icyphy/ptII/ptolemy/domains/de/test/auto/CQBug1.xml (RunModel)" time="0.007" />
  <testcase classname="ptolemy.util.test.junit.AutoTests" name="[3] /home/travis/build/icyphy/ptII/ptolemy/domains/de/test/auto/CancelFireAt.xml (RunModel)" time="0.005" />
  <testcase classname="ptolemy.util.test.junit.AutoTests" name="[4] /home/travis/build/icyphy/ptII/ptolemy/domains/de/test/auto/CausalityAndComposabilityAnalysis.xml (RunModel)" time="0.01" />
  <testcase classname="ptolemy.util.test.junit.AutoTests" name="[5] /home/travis/build/icyphy/ptII/ptolemy/domains/de/test/auto/CausalityInterface1.xml (RunModel)" time="0.015" />
  <testcase classname="ptolemy.util.test.junit.AutoTests" name="[6] /home/travis/build/icyphy/ptII/ptolemy/domains/de/test/auto/CausalityInterface15.xml (RunModel)" time="0.012" />
  <testcase classname="ptolemy.util.test.junit.AutoTests" name="[7] /home/travis/build/icyphy/ptII/ptolemy/domains/de/test/auto/CausalityInterface2.xml (RunModel)" time="0.01" />
  <testcase classname="ptolemy.util.test.junit.AutoTests" name="[8] /home/travis/build/icyphy/ptII/ptolemy/domains/de/test/auto/CausalityInterface3.xml (RunModel)" time="0.011" />
  <testcase classname="ptolemy.util.test.junit.AutoTests" name="[9] /home/travis/build/icyphy/ptII/ptolemy/domains/de/test/auto/ClockDrift.xml (RunModel)" time="0.033" />
  <testcase classname="ptolemy.util.test.junit.AutoTests" name="[10] /home/travis/build/icyphy/ptII/ptolemy/domains/de/test/auto/ClockDriftAndValueChange.xml (RunModel)" time="0.03" />
  <testcase classname="ptolemy.util.test.junit.AutoTests" name="[11] /home/travis/build/icyphy/ptII/ptolemy/domains/de/test/auto/ClockDriftChange.xml (RunModel)" time="0.042" />
  <testcase classname="ptolemy.util.test.junit.AutoTests" name="[12] /home/travis/build/icyphy/ptII/ptolemy/domains/de/test/auto/ComposableCausalityAnalysis.xml (RunModel)" time="0.016" />
  <testcase classname="ptolemy.util.test.junit.AutoTests" name="[13] /home/travis/build/icyphy/ptII/ptolemy/domains/de/test/auto/DEFixedPointLimitation.xml (RunModel)" time="0.008" />
  <testcase classname="ptolemy.util.test.junit.AutoTests" name="[14] /home/travis/build/icyphy/ptII/ptolemy/domains/de/test/auto/DEScheduleTest.xml (RunModel)" time="0.032" />
  <testcase classname="ptolemy.util.test.junit.AutoTests" name="[15] /home/travis/build/icyphy/ptII/ptolemy/domains/de/test/auto/DEinDEwithStartTimes.xml (RunModel)" time="0.016" />
  <testcase classname="ptolemy.util.test.junit.AutoTests" name="[16] /home/travis/build/icyphy/ptII/ptolemy/domains/de/test/auto/DEinDEwithStartTimes2.xml (RunModel)" time="0.017" />
  <testcase classname="ptolemy.util.test.junit.AutoTests" name="[17] /home/travis/build/icyphy/ptII/ptolemy/domains/de/test/auto/DateDemo.xml (RunModel)" time="0.036" />
  <testcase classname="ptolemy.util.test.junit.AutoTests" name="[18] /home/travis/build/icyphy/ptII/ptolemy/domains/de/test/auto/DateToEvent.xml (RunModel)" time="2.046" />
  <testcase classname="ptolemy.util.test.junit.AutoTests" name="[19] /home/travis/build/icyphy/ptII/ptolemy/domains/de/test/auto/DepthTest1.xml (RunModel)" time="0.007" />
  <testcase classname="ptolemy.util.test.junit.AutoTests" name="[20] /home/travis/build/icyphy/ptII/ptolemy/domains/de/test/auto/DepthTest2.xml (RunModel)" time="0.017" />
  <testcase classname="ptolemy.util.test.junit.AutoTests" name="[21] /home/travis/build/icyphy/ptII/ptolemy/domains/de/test/auto/DepthTest3.xml (RunModel)" time="0.006" />
  <testcase classname="ptolemy.util.test.junit.AutoTests" name="[22] /home/travis/build/icyphy/ptII/ptolemy/domains/de/test/auto/DepthTest4.xml (RunModel)" time="0.011" />
  <testcase classname="ptolemy.util.test.junit.AutoTests" name="[23] /home/travis/build/icyphy/ptII/ptolemy/domains/de/test/auto/DepthTest5.xml (RunModel)" time="0.012" />
  <testcase classname="ptolemy.util.test.junit.AutoTests" name="[24] /home/travis/build/icyphy/ptII/ptolemy/domains/de/test/auto/DepthTest6.xml (RunModel)" time="0.012" />
  <testcase classname="ptolemy.util.test.junit.AutoTests" name="[25] /home/travis/build/icyphy/ptII/ptolemy/domains/de/test/auto/DepthTest7.xml (RunModel)" time="0.011" />
  <testcase classname="ptolemy.util.test.junit.AutoTests" name="[26] /home/travis/build/icyphy/ptII/ptolemy/domains/de/test/auto/EventToDate.xml (RunModel)" time="3.032" />
  <testcase classname="ptolemy.util.test.junit.AutoTests" name="[27] /home/travis/build/icyphy/ptII/ptolemy/domains/de/test/auto/FSM1.xml (RunModel)" time="0.03" />
  <testcase classname="ptolemy.util.test.junit.AutoTests" name="[28] /home/travis/build/icyphy/ptII/ptolemy/domains/de/test/auto/FSM7.xml (RunModel)" time="0.031" />
  <testcase classname="ptolemy.util.test.junit.AutoTests" name="[29] /home/travis/build/icyphy/ptII/ptolemy/domains/de/test/auto/Inspection.xml (RunModel)" time="0.035" />
  <testcase classname="ptolemy.util.test.junit.AutoTests" name="[30] /home/travis/build/icyphy/ptII/ptolemy/domains/de/test/auto/Iteration.xml (RunModel)" time="0.016" />
  <testcase classname="ptolemy.util.test.junit.AutoTests" name="[31] /home/travis/build/icyphy/ptII/ptolemy/domains/de/test/auto/LineFault.xml (RunModel)" time="0.51" />
  <testcase classname="ptolemy.util.test.junit.AutoTests" name="[32] /home/travis/build/icyphy/ptII/ptolemy/domains/de/test/auto/MergeModel1Add.xml (RunModel)" time="0.046" />
  <testcase classname="ptolemy.util.test.junit.AutoTests" name="[33] /home/travis/build/icyphy/ptII/ptolemy/domains/de/test/auto/MergeModel2Add.xml (RunModel)" time="0.037" />
  <testcase classname="ptolemy.util.test.junit.AutoTests" name="[34] /home/travis/build/icyphy/ptII/ptolemy/domains/de/test/auto/MergeModel3Add.xml (RunModel)" time="0.038" />
  <testcase classname="ptolemy.util.test.junit.AutoTests" name="[35] /home/travis/build/icyphy/ptII/ptolemy/domains/de/test/auto/MergeWithoutDiscard.xml (RunModel)" time="0.009" />
  <testcase classname="ptolemy.util.test.junit.AutoTests" name="[36] /home/travis/build/icyphy/ptII/ptolemy/domains/de/test/auto/Modal1.xml (RunModel)" time="0.025" />
  <testcase classname="ptolemy.util.test.junit.AutoTests" name="[37] /home/travis/build/icyphy/ptII/ptolemy/domains/de/test/auto/Modal2.xml (RunModel)" time="0.032" />
  <testcase classname="ptolemy.util.test.junit.AutoTests" name="[38] /home/travis/build/icyphy/ptII/ptolemy/domains/de/test/auto/Modal3.xml (RunModel)" time="0.024" />
  <testcase classname="ptolemy.util.test.junit.AutoTests" name="[39] /home/travis/build/icyphy/ptII/ptolemy/domains/de/test/auto/Modal4.xml (RunModel)" time="0.026" />
  <testcase classname="ptolemy.util.test.junit.AutoTests" name="[40] /home/travis/build/icyphy/ptII/ptolemy/domains/de/test/auto/Modal5.xml (RunModel)" time="0.025" />
  <testcase classname="ptolemy.util.test.junit.AutoTests" name="[41] /home/travis/build/icyphy/ptII/ptolemy/domains/de/test/auto/Modal6.xml (RunModel)" time="0.027" />
  <testcase classname="ptolemy.util.test.junit.AutoTests" name="[42] /home/travis/build/icyphy/ptII/ptolemy/domains/de/test/auto/Modal7.xml (RunModel)" time="0.025" />
  <testcase classname="ptolemy.util.test.junit.AutoTests" name="[43] /home/travis/build/icyphy/ptII/ptolemy/domains/de/test/auto/ModalModel.xml (RunModel)" time="0.139" />
  <testcase classname="ptolemy.util.test.junit.AutoTests" name="[44] /home/travis/build/icyphy/ptII/ptolemy/domains/de/test/auto/ModalSource.xml (RunModel)" time="0.017" />
  <testcase classname="ptolemy.util.test.junit.AutoTests" name="[45] /home/travis/build/icyphy/ptII/ptolemy/domains/de/test/auto/NonInterruptibleTimerZeroDelay.xml (RunModel)" time="0.008" />
  <testcase classname="ptolemy.util.test.junit.AutoTests" name="[46] /home/travis/build/icyphy/ptII/ptolemy/domains/de/test/auto/OpenQueueingNetwork.xml (RunModel)" time="2.117" />
  <testcase classname="ptolemy.util.test.junit.AutoTests" name="[47] /home/travis/build/icyphy/ptII/ptolemy/domains/de/test/auto/OpenQueuingNetwork.xml (RunModel)" time="0.257" />
  <testcase classname="ptolemy.util.test.junit.AutoTests" name="[48] /home/travis/build/icyphy/ptII/ptolemy/domains/de/test/auto/PeriodicSampler.xml (RunModel)" time="0.008" />
  <testcase classname="ptolemy.util.test.junit.AutoTests" name="[49] /home/travis/build/icyphy/ptII/ptolemy/domains/de/test/auto/PersistentIO.xml (RunModel)" time="0.017" />
  <testcase classname="ptolemy.util.test.junit.AutoTests" name="[50] /home/travis/build/icyphy/ptII/ptolemy/domains/de/test/auto/PortParameterResetOnInitialize.xml (RunModel)" time="0.01" />
  <testcase classname="ptolemy.util.test.junit.AutoTests" name="[51] /home/travis/build/icyphy/ptII/ptolemy/domains/de/test/auto/PortParameterUpdates.xml (RunModel)" time="0.013" />
  <testcase classname="ptolemy.util.test.junit.AutoTests" name="[52] /home/travis/build/icyphy/ptII/ptolemy/domains/de/test/auto/QueueAndServer.xml (RunModel)" time="0.02" />
  <testcase classname="ptolemy.util.test.junit.AutoTests" name="[53] /home/travis/build/icyphy/ptII/ptolemy/domains/de/test/auto/Records.xml (RunModel)" time="0.018" />
  <testcase classname="ptolemy.util.test.junit.AutoTests" name="[54] /home/travis/build/icyphy/ptII/ptolemy/domains/de/test/auto/ResetTransitionWithStartTime1.xml (RunModel)" time="0.017" />
  <testcase classname="ptolemy.util.test.junit.AutoTests" name="[55] /home/travis/build/icyphy/ptII/ptolemy/domains/de/test/auto/ResetTransitionWithStartTime2.xml (RunModel)" time="0.017" />
  <testcase classname="ptolemy.util.test.junit.AutoTests" name="[56] /home/travis/build/icyphy/ptII/ptolemy/domains/de/test/auto/ResetTransitionWithStartTime3.xml (RunModel)" time="0.02" />
  <testcase classname="ptolemy.util.test.junit.AutoTests" name="[57] /home/travis/build/icyphy/ptII/ptolemy/domains/de/test/auto/ResetTransitionWithStartTime4.xml (RunModel)" time="0.018" />
  <testcase classname="ptolemy.util.test.junit.AutoTests" name="[58] /home/travis/build/icyphy/ptII/ptolemy/domains/de/test/auto/ResettableTimer1.xml (RunModel)" time="0.009" />
  <testcase classname="ptolemy.util.test.junit.AutoTests" name="[59] /home/travis/build/icyphy/ptII/ptolemy/domains/de/test/auto/ResettableTimer2.xml (RunModel)" time="0.009" />
  <testcase classname="ptolemy.util.test.junit.AutoTests" name="[60] /home/travis/build/icyphy/ptII/ptolemy/domains/de/test/auto/ResettableTimer3.xml (RunModel)" time="0.009" />
  <testcase classname="ptolemy.util.test.junit.AutoTests" name="[61] /home/travis/build/icyphy/ptII/ptolemy/domains/de/test/auto/ResettableTimer4.xml (RunModel)" time="0.011" />
  <testcase classname="ptolemy.util.test.junit.AutoTests" name="[62] /home/travis/build/icyphy/ptII/ptolemy/domains/de/test/auto/ResettableTimer5.xml (RunModel)" time="0.013" />
  <testcase classname="ptolemy.util.test.junit.AutoTests" name="[63] /home/travis/build/icyphy/ptII/ptolemy/domains/de/test/auto/ResettableTimer6.xml (RunModel)" time="0.019" />
  <testcase classname="ptolemy.util.test.junit.AutoTests" name="[64] /home/travis/build/icyphy/ptII/ptolemy/domains/de/test/auto/ServerZeroDelay.xml (RunModel)" time="0.01" />
  <testcase classname="ptolemy.util.test.junit.AutoTests" name="[65] /home/travis/build/icyphy/ptII/ptolemy/domains/de/test/auto/SmartSender.xml (RunModel)" time="3.007" />
  <testcase classname="ptolemy.util.test.junit.AutoTests" name="[66] /home/travis/build/icyphy/ptII/ptolemy/domains/de/test/auto/ThreadedComposite.xml (RunModel)" time="0.108" />
  <testcase classname="ptolemy.util.test.junit.AutoTests" name="[67] /home/travis/build/icyphy/ptII/ptolemy/domains/de/test/auto/Time.xml (RunModel)" time="0.41" />
  <testcase classname="ptolemy.util.test.junit.AutoTests" name="[68] /home/travis/build/icyphy/ptII/ptolemy/domains/de/test/auto/TimeDelayZeroDelay.xml (RunModel)" time="0.01" />
  <testcase classname="ptolemy.util.test.junit.AutoTests" name="[69] /home/travis/build/icyphy/ptII/ptolemy/domains/de/test/auto/TimerZeroDelay.xml (RunModel)" time="0.008" />
  <testcase classname="ptolemy.util.test.junit.AutoTests" name="[70] /home/travis/build/icyphy/ptII/ptolemy/domains/de/test/auto/TimingParadox.xml (RunModel)" time="0.328" />
  <testcase classname="ptolemy.util.test.junit.AutoTests" name="[71] /home/travis/build/icyphy/ptII/ptolemy/domains/de/test/auto/TransferInputs.xml (RunModel)" time="0.008" />
  <testcase classname="ptolemy.util.test.junit.AutoTests" name="[72] /home/travis/build/icyphy/ptII/ptolemy/domains/de/test/auto/TransferOutputs2.xml (RunModel)" time="0.013" />
  <testcase classname="ptolemy.util.test.junit.AutoTests" name="[73] /home/travis/build/icyphy/ptII/ptolemy/domains/de/test/auto/Trilateration.xml (RunModel)" time="10.702" />
  <testcase classname="ptolemy.util.test.junit.AutoTests" name="[74] /home/travis/build/icyphy/ptII/ptolemy/domains/de/test/auto/TwoSigmaDelta.xml (RunModel)" time="2.129" />
  <testcase classname="ptolemy.util.test.junit.AutoTests" name="[75] /home/travis/build/icyphy/ptII/ptolemy/domains/de/test/auto/VariableDelay.xml (RunModel)" time="0.018" />
  <testcase classname="ptolemy.util.test.junit.AutoTests" name="[76] /home/travis/build/icyphy/ptII/ptolemy/domains/de/test/auto/VariableDelay2.xml (RunModel)" time="0.012" />
  <testcase classname="ptolemy.util.test.junit.AutoTests" name="[77] /home/travis/build/icyphy/ptII/ptolemy/domains/de/test/auto/VariableDelayZeroDelay.xml (RunModel)" time="0.012" />
  <testcase classname="ptolemy.util.test.junit.AutoTests" name="[78] /home/travis/build/icyphy/ptII/ptolemy/domains/de/test/auto/VariableDelayZeroDelay2.xml (RunModel)" time="0.009" />
  <testcase classname="ptolemy.util.test.junit.AutoTests" name="[79] /home/travis/build/icyphy/ptII/ptolemy/domains/de/test/auto/deInCt.xml (RunModel)" time="0.012" />
  <testcase classname="ptolemy.util.test.junit.AutoTests" name="[80] /home/travis/build/icyphy/ptII/ptolemy/domains/de/test/auto/deInCt2.xml (RunModel)" time="0.014" />
  <testcase classname="ptolemy.util.test.junit.AutoTests" name="[81] /home/travis/build/icyphy/ptII/ptolemy/domains/de/test/auto/dynamicCausalityInterface1.xml (RunModel)" time="0.018" />
  <testcase classname="ptolemy.util.test.junit.AutoTests" name="[82] /home/travis/build/icyphy/ptII/ptolemy/domains/de/test/auto/fsm_de_test.xml (RunModel)" time="0.028" />
  <testcase classname="ptolemy.util.test.junit.AutoTests" name="[83] /home/travis/build/icyphy/ptII/ptolemy/domains/de/test/auto/functionDependencyReconstruction.xml (RunModel)" time="0.033" />
  <testcase classname="ptolemy.util.test.junit.AutoTests" name="[84] /home/travis/build/icyphy/ptII/ptolemy/domains/de/test/auto/multirate.xml (RunModel)" time="0.014" />
  <testcase classname="ptolemy.util.test.junit.AutoTests" name="[85] /home/travis/build/icyphy/ptII/ptolemy/domains/de/test/auto/multirate2.xml (RunModel)" time="0.016" />
  <testcase classname="ptolemy.util.test.junit.AutoTests" name="[86] /home/travis/build/icyphy/ptII/ptolemy/domains/de/test/auto/realtime.xml (RunModel)" time="10.015" />
  <testcase classname="ptolemy.util.test.junit.AutoTests" name="[87] /home/travis/build/icyphy/ptII/ptolemy/domains/de/test/auto/relationGroup.xml (RunModel)" time="0.008" />
  <testcase classname="ptolemy.util.test.junit.AutoTests" name="[88] /home/travis/build/icyphy/ptII/ptolemy/domains/de/test/auto/relationGroup2.xml (RunModel)" time="0.007" />
  <testcase classname="ptolemy.util.test.junit.AutoTests" name="[89] /home/travis/build/icyphy/ptII/ptolemy/domains/de/test/auto/sortWithOpaquePorts.xml (RunModel)" time="0.008" />
  <testcase classname="ptolemy.util.test.junit.AutoTests" name="[90] /home/travis/build/icyphy/ptII/ptolemy/domains/de/test/auto/transferInputsandOutputs.xml (RunModel)" time="0.017" />
  <testcase classname="ptolemy.util.test.junit.AutoTests" name="[91] /home/travis/build/icyphy/ptII/ptolemy/domains/de/test/auto/triggerType.xml (RunModel)" time="0.008" />
  <system-out><![CDATA[/home/travis/build/icyphy/ptII/ptolemy/domains/de/test/DependencyLoop.tcl
testDefs.tcl: setting time out to 9000 seconds at Sun May 19 04:24:48 UTC 2019
16 ms. Memory: 116224K Free: 97431K (84%)
26 ms. Memory: 146944K Free: 141198K (96%)
/home/travis/build/icyphy/ptII/ptolemy/domains/de/test/RunDETestsAsQSS.tcl
Run the DE tests using ptolemy.domains.qss.test.QSSDirectorTest, which extends QSSDirector and prints a message in the constructors.
------------------ testing $PTII/ptolemy/domains/de/test/auto/knownFailedTests/dependencyLoop.xml (Known Failure) 
7 ms. Memory: 146944K Free: 136948K (93%)


==== $PTIIhome/travis/build/icyphy/ptII/ptolemy/domains/de/test/../../../../: Auto Automatic test in file $PTII/ptolemy/domains/de/test/auto/knownFailedTests/dependencyLoop.xml
==== Contents of test case:

	    # FIXME: we should use $relativeFilename here, but it
	    # might have backslashes under Windows, which causes no end
	    # of trouble.
	    createAndExecute $file
	    list {}
	
.... Test generated KNOWN error:
    while executing
ptolemy.kernel.util.IllegalActionException: Found a zero delay loop containing .dependencyLoop.original
  in .dependencyLoop and .dependencyLoop.original
	at ptolemy.actor.util.CausalityInterfaceForComposites._computeOutputPortDepth(CausalityInterfaceForComposites.java:759)
	at ptolemy.actor.util.CausalityInterfaceForComposites._computeInputDepth(CausalityInterfaceForComposites.java:696)
	at ptolemy.actor.util.CausalityInterfaceForComposites._computeOutputPortDepth(CausalityInterfaceForComposites.java:765)
	at ptolemy.actor.util.CausalityInterfaceForComposites._computeInputDepth(CausalityInterfaceForComposites.java:696)
	at ptolemy.actor.util.CausalityInterfaceForComposites._computeOutputPortDepth(CausalityInterfaceForComposites.java:765)
	at ptolemy.actor.util.CausalityInterfaceForComposites._computeInputDepth(CausalityInterfaceForComposites.java:696)
	at ptolemy.actor.util.CausalityInterfaceForComposites._computeActorDepth(CausalityInterfaceForComposites.java:532)
	at ptolemy.actor.util.CausalityInterfaceForComposites.checkForCycles(CausalityInterfaceForComposites.java:96)
	at ptolemy.domains.de.kernel.DEDirector.preinitialize(DEDirector.java:1338)
	at ptolemy.actor.CompositeActor.preinitialize(CompositeActor.java:1828)
	at ptolemy.actor.Manager.preinitializeAndResolveTypes(Manager.java:1040)
	at ptolemy.actor.Manager.initialize(Manager.java:710)
	at ptolemy.actor.Manager.execute(Manager.java:356)
	at ptolemy.actor.Manager.run(Manager.java:1263)
	at ptolemy.actor.Manager$PtolemyRunThread.run(Manager.java:1915)

    while executing
ptolemy.kernel.util.IllegalActionException: Found a zero delay loop containing .dependencyLoop.original
  in .dependencyLoop and .dependencyLoop.original
    while executing
"java::new ptolemy.moml.MoMLSimpleApplication $file
"
    (procedure "createAndExecute" line 2)
    invoked from within
"createAndExecute $file"
    ("uplevel" body line 5)
    invoked from within
"uplevel $contents_of_test"
------------------ testing $PTII/ptolemy/domains/de/test/auto/knownFailedTests/DESDFClockTest.xml (Known Failure) 
2067 ms. Memory: 146944K Free: 121325K (83%)


==== $PTIIhome/travis/build/icyphy/ptII/ptolemy/domains/de/test/../../../../: Auto Automatic test in file $PTII/ptolemy/domains/de/test/auto/knownFailedTests/DESDFClockTest.xml
==== Contents of test case:

	    # FIXME: we should use $relativeFilename here, but it
	    # might have backslashes under Windows, which causes no end
	    # of trouble.
	    createAndExecute $file
	    list {}
	
.... Test generated KNOWN error:
    while executing
ptolemy.kernel.util.IllegalActionException: Actor is not ready to fire.  Perhaps UpSample.prefire() returned false? Try debugging the actor by selecting "Listen to Actor".  Also, for SDF check moml for tokenConsumptionRate on input.
  in .DESDFClockTest.Play Bell.Copy1:SDF Director and .DESDFClockTest.Play Bell.UpSample
	at ptolemy.actor.sched.StaticSchedulingDirector.fire(StaticSchedulingDirector.java:227)
	at ptolemy.domains.sdf.kernel.SDFDirector.fire(SDFDirector.java:500)
	at ptolemy.actor.CompositeActor.fire(CompositeActor.java:455)
	at ptolemy.domains.de.kernel.DEDirector._fire(DEDirector.java:1949)
	at ptolemy.domains.de.kernel.DEDirector.fire(DEDirector.java:502)
	at ptolemy.actor.CompositeActor.fire(CompositeActor.java:455)
	at ptolemy.actor.Manager.iterate(Manager.java:851)
	at ptolemy.actor.Manager.execute(Manager.java:369)
	at ptolemy.actor.Manager.run(Manager.java:1263)
	at ptolemy.actor.Manager$PtolemyRunThread.run(Manager.java:1915)

    while executing
ptolemy.kernel.util.IllegalActionException: Actor is not ready to fire.  Perhaps UpSample.prefire() returned false? Try debugging the actor by selecting "Listen to Actor".  Also, for SDF check moml for tokenConsumptionRate on input.
  in .DESDFClockTest.Play Bell.Copy1:SDF Director and .DESDFClockTest.Play Bell.UpSample
    while executing
"java::new ptolemy.moml.MoMLSimpleApplication $file
"
    (procedure "createAndExecute" line 2)
    invoked from within
"createAndExecute $file"
    ("uplevel" body line 5)
    invoked from within
"uplevel $contents_of_test"
------------------ testing $PTII/ptolemy/domains/de/test/auto/knownFailedTests/FSMSource.xml (Known Failure) 
31 ms. Memory: 146944K Free: 111868K (76%)
!!!! Auto was marked as failing, but now passes
------------------ testing $PTII/ptolemy/domains/de/test/auto/knownFailedTests/dependencyLoop2.xml (Known Failure) 
6 ms. Memory: 146944K Free: 109977K (75%)


==== $PTIIhome/travis/build/icyphy/ptII/ptolemy/domains/de/test/../../../../: Auto Automatic test in file $PTII/ptolemy/domains/de/test/auto/knownFailedTests/dependencyLoop2.xml
==== Contents of test case:

	    # FIXME: we should use $relativeFilename here, but it
	    # might have backslashes under Windows, which causes no end
	    # of trouble.
	    createAndExecute $file
	    list {}
	
.... Test generated KNOWN error:
    while executing
ptolemy.kernel.util.IllegalActionException: Found a zero delay loop containing .dependencyLoop2.original
  in .dependencyLoop2 and .dependencyLoop2.original
	at ptolemy.actor.util.CausalityInterfaceForComposites._computeOutputPortDepth(CausalityInterfaceForComposites.java:759)
	at ptolemy.actor.util.CausalityInterfaceForComposites._computeInputDepth(CausalityInterfaceForComposites.java:696)
	at ptolemy.actor.util.CausalityInterfaceForComposites._computeOutputPortDepth(CausalityInterfaceForComposites.java:765)
	at ptolemy.actor.util.CausalityInterfaceForComposites._computeInputDepth(CausalityInterfaceForComposites.java:696)
	at ptolemy.actor.util.CausalityInterfaceForComposites._computeOutputPortDepth(CausalityInterfaceForComposites.java:765)
	at ptolemy.actor.util.CausalityInterfaceForComposites._computeInputDepth(CausalityInterfaceForComposites.java:696)
	at ptolemy.actor.util.CausalityInterfaceForComposites._computeActorDepth(CausalityInterfaceForComposites.java:532)
	at ptolemy.actor.util.CausalityInterfaceForComposites.checkForCycles(CausalityInterfaceForComposites.java:96)
	at ptolemy.domains.de.kernel.DEDirector.preinitialize(DEDirector.java:1338)
	at ptolemy.actor.CompositeActor.preinitialize(CompositeActor.java:1828)
	at ptolemy.actor.Manager.preinitializeAndResolveTypes(Manager.java:1040)
	at ptolemy.actor.Manager.initialize(Manager.java:710)
	at ptolemy.actor.Manager.execute(Manager.java:356)
	at ptolemy.actor.Manager.run(Manager.java:1263)
	at ptolemy.actor.Manager$PtolemyRunThread.run(Manager.java:1915)

    while executing
ptolemy.kernel.util.IllegalActionException: Found a zero delay loop containing .dependencyLoop2.original
  in .dependencyLoop2 and .dependencyLoop2.original
    while executing
"java::new ptolemy.moml.MoMLSimpleApplication $file
"
    (procedure "createAndExecute" line 2)
    invoked from within
"createAndExecute $file"
    ("uplevel" body line 5)
    invoked from within
"uplevel $contents_of_test"
------------------ testing $PTII/ptolemy/domains/de/test/auto/knownFailedTests/HierarchicalModel.xml (Known Failure) 
6 ms. Memory: 146944K Free: 89800K (61%)


==== $PTIIhome/travis/build/icyphy/ptII/ptolemy/domains/de/test/../../../../: Auto Automatic test in file $PTII/ptolemy/domains/de/test/auto/knownFailedTests/HierarchicalModel.xml
==== Contents of test case:

	    # FIXME: we should use $relativeFilename here, but it
	    # might have backslashes under Windows, which causes no end
	    # of trouble.
	    createAndExecute $file
	    list {}
	
.... Test generated KNOWN error:
    while executing
ptolemy.kernel.util.IllegalActionException: Found a zero delay loop containing .HierarchicalModel.A
  in .HierarchicalModel and .HierarchicalModel.A
	at ptolemy.actor.util.CausalityInterfaceForComposites._computeOutputPortDepth(CausalityInterfaceForComposites.java:759)
	at ptolemy.actor.util.CausalityInterfaceForComposites._computeInputDepth(CausalityInterfaceForComposites.java:696)
	at ptolemy.actor.util.CausalityInterfaceForComposites._computeOutputPortDepth(CausalityInterfaceForComposites.java:765)
	at ptolemy.actor.util.CausalityInterfaceForComposites._computeInputDepth(CausalityInterfaceForComposites.java:696)
	at ptolemy.actor.util.CausalityInterfaceForComposites._computeOutputPortDepth(CausalityInterfaceForComposites.java:765)
	at ptolemy.actor.util.CausalityInterfaceForComposites._computeInputDepth(CausalityInterfaceForComposites.java:696)
	at ptolemy.actor.util.CausalityInterfaceForComposites._computeActorDepth(CausalityInterfaceForComposites.java:532)
	at ptolemy.actor.util.CausalityInterfaceForComposites.checkForCycles(CausalityInterfaceForComposites.java:96)
	at ptolemy.domains.de.kernel.DEDirector.preinitialize(DEDirector.java:1338)
	at ptolemy.actor.CompositeActor.preinitialize(CompositeActor.java:1828)
	at ptolemy.actor.Manager.preinitializeAndResolveTypes(Manager.java:1040)
	at ptolemy.actor.Manager.initialize(Manager.java:710)
	at ptolemy.actor.Manager.execute(Manager.java:356)
	at ptolemy.actor.Manager.run(Manager.java:1263)
	at ptolemy.actor.Manager$PtolemyRunThread.run(Manager.java:1915)

    while executing
ptolemy.kernel.util.IllegalActionException: Found a zero delay loop containing .HierarchicalModel.A
  in .HierarchicalModel and .HierarchicalModel.A
    while executing
"java::new ptolemy.moml.MoMLSimpleApplication $file
"
    (procedure "createAndExecute" line 2)
    invoked from within
"createAndExecute $file"
    ("uplevel" body line 5)
    invoked from within
"uplevel $contents_of_test"
------------------ testing $PTII/ptolemy/domains/de/test/auto/knownFailedTests/DirectFeedback.xml (Known Failure) 
6 ms. Memory: 146944K Free: 85664K (58%)


==== $PTIIhome/travis/build/icyphy/ptII/ptolemy/domains/de/test/../../../../: Auto Automatic test in file $PTII/ptolemy/domains/de/test/auto/knownFailedTests/DirectFeedback.xml
==== Contents of test case:

	    # FIXME: we should use $relativeFilename here, but it
	    # might have backslashes under Windows, which causes no end
	    # of trouble.
	    createAndExecute $file
	    list {}
	
.... Test generated KNOWN error:
    while executing
ptolemy.kernel.util.IllegalActionException: Test fails in iteration 1.
Value was: 1.0. Should have been: 2.0
  in .DirectFeedback.Test
	at ptolemy.actor.lib.Test.fire(Test.java:268)
	at ptolemy.domains.de.kernel.DEDirector._fire(DEDirector.java:1949)
	at ptolemy.domains.de.kernel.DEDirector.fire(DEDirector.java:502)
	at ptolemy.actor.CompositeActor.fire(CompositeActor.java:455)
	at ptolemy.actor.Manager.iterate(Manager.java:851)
	at ptolemy.actor.Manager.execute(Manager.java:369)
	at ptolemy.actor.Manager.run(Manager.java:1263)
	at ptolemy.actor.Manager$PtolemyRunThread.run(Manager.java:1915)

    while executing
ptolemy.kernel.util.IllegalActionException: Test fails in iteration 1.
Value was: 1.0. Should have been: 2.0
  in .DirectFeedback.Test
    while executing
"java::new ptolemy.moml.MoMLSimpleApplication $file
"
    (procedure "createAndExecute" line 2)
    invoked from within
"createAndExecute $file"
    ("uplevel" body line 5)
    invoked from within
"uplevel $contents_of_test"
------------------ testing $PTII/ptolemy/domains/de/test/auto/ActorDepthCalculation_actorWithoutPorts.xml
auto.tcl: Setting watchdog for 200 seconds at Sun May 19 04:24:52 UTC 2019
8 ms. Memory: 146944K Free: 138940K (95%)
ptolemy.util.test.WatchDog.cancel(): canceling Sun May 19 04:24:52 UTC 2019
auto.tcl: Setting watchdog for 200 seconds at Sun May 19 04:24:52 UTC 2019
4 ms. Memory: 146944K Free: 137925K (94%)
ptolemy.util.test.WatchDog.cancel(): canceling Sun May 19 04:24:52 UTC 2019
------------------ testing $PTII/ptolemy/domains/de/test/auto/AssemblyLine.xml
auto.tcl: Setting watchdog for 200 seconds at Sun May 19 04:24:52 UTC 2019
24 ms. Memory: 208384K Free: 186311K (89%)
ptolemy.util.test.WatchDog.cancel(): canceling Sun May 19 04:24:52 UTC 2019
auto.tcl: Setting watchdog for 200 seconds at Sun May 19 04:24:52 UTC 2019
15 ms. Memory: 208384K Free: 186311K (89%)
ptolemy.util.test.WatchDog.cancel(): canceling Sun May 19 04:24:52 UTC 2019
------------------ testing $PTII/ptolemy/domains/de/test/auto/CQBug1.xml
auto.tcl: Setting watchdog for 200 seconds at Sun May 19 04:24:53 UTC 2019
4 ms. Memory: 208384K Free: 197930K (95%)
ptolemy.util.test.WatchDog.cancel(): canceling Sun May 19 04:24:53 UTC 2019
auto.tcl: Setting watchdog for 200 seconds at Sun May 19 04:24:53 UTC 2019
2 ms. Memory: 208384K Free: 197930K (95%)
ptolemy.util.test.WatchDog.cancel(): canceling Sun May 19 04:24:53 UTC 2019
------------------ testing $PTII/ptolemy/domains/de/test/auto/CancelFireAt.xml
auto.tcl: Setting watchdog for 200 seconds at Sun May 19 04:24:53 UTC 2019
8 ms. Memory: 208384K Free: 201562K (97%)
ptolemy.util.test.WatchDog.cancel(): canceling Sun May 19 04:24:53 UTC 2019
auto.tcl: Setting watchdog for 200 seconds at Sun May 19 04:24:53 UTC 2019
2 ms. Memory: 208384K Free: 199531K (96%)
ptolemy.util.test.WatchDog.cancel(): canceling Sun May 19 04:24:53 UTC 2019
------------------ testing $PTII/ptolemy/domains/de/test/auto/CausalityAndComposabilityAnalysis.xml
auto.tcl: Setting watchdog for 200 seconds at Sun May 19 04:24:53 UTC 2019
17 ms. Memory: 208384K Free: 198621K (95%)
ptolemy.util.test.WatchDog.cancel(): canceling Sun May 19 04:24:53 UTC 2019
auto.tcl: Setting watchdog for 200 seconds at Sun May 19 04:24:53 UTC 2019
4 ms. Memory: 208384K Free: 196591K (94%)
ptolemy.util.test.WatchDog.cancel(): canceling Sun May 19 04:24:53 UTC 2019
------------------ testing $PTII/ptolemy/domains/de/test/auto/CausalityInterface1.xml
auto.tcl: Setting watchdog for 200 seconds at Sun May 19 04:24:53 UTC 2019
17 ms. Memory: 208384K Free: 196527K (94%)
ptolemy.util.test.WatchDog.cancel(): canceling Sun May 19 04:24:53 UTC 2019
auto.tcl: Setting watchdog for 200 seconds at Sun May 19 04:24:53 UTC 2019
4 ms. Memory: 208384K Free: 196527K (94%)
ptolemy.util.test.WatchDog.cancel(): canceling Sun May 19 04:24:53 UTC 2019
------------------ testing $PTII/ptolemy/domains/de/test/auto/CausalityInterface15.xml
auto.tcl: Setting watchdog for 200 seconds at Sun May 19 04:24:53 UTC 2019
4 ms. Memory: 208384K Free: 196485K (94%)
ptolemy.util.test.WatchDog.cancel(): canceling Sun May 19 04:24:53 UTC 2019
auto.tcl: Setting watchdog for 200 seconds at Sun May 19 04:24:53 UTC 2019
5 ms. Memory: 208384K Free: 196485K (94%)
ptolemy.util.test.WatchDog.cancel(): canceling Sun May 19 04:24:53 UTC 2019
------------------ testing $PTII/ptolemy/domains/de/test/auto/CausalityInterface2.xml
auto.tcl: Setting watchdog for 200 seconds at Sun May 19 04:24:53 UTC 2019
4 ms. Memory: 208384K Free: 197021K (95%)
ptolemy.util.test.WatchDog.cancel(): canceling Sun May 19 04:24:53 UTC 2019
auto.tcl: Setting watchdog for 200 seconds at Sun May 19 04:24:53 UTC 2019
3 ms. Memory: 208384K Free: 197021K (95%)
ptolemy.util.test.WatchDog.cancel(): canceling Sun May 19 04:24:53 UTC 2019
------------------ testing $PTII/ptolemy/domains/de/test/auto/CausalityInterface3.xml
auto.tcl: Setting watchdog for 200 seconds at Sun May 19 04:24:53 UTC 2019
4 ms. Memory: 208384K Free: 197033K (95%)
ptolemy.util.test.WatchDog.cancel(): canceling Sun May 19 04:24:53 UTC 2019
auto.tcl: Setting watchdog for 200 seconds at Sun May 19 04:24:53 UTC 2019
3 ms. Memory: 208384K Free: 196514K (94%)
ptolemy.util.test.WatchDog.cancel(): canceling Sun May 19 04:24:53 UTC 2019
------------------ testing $PTII/ptolemy/domains/de/test/auto/ClockDrift.xml
auto.tcl: Setting watchdog for 200 seconds at Sun May 19 04:24:53 UTC 2019
102 ms. Memory: 208384K Free: 187953K (90%)
ptolemy.util.test.WatchDog.cancel(): canceling Sun May 19 04:24:53 UTC 2019
auto.tcl: Setting watchdog for 200 seconds at Sun May 19 04:24:53 UTC 2019
68 ms. Memory: 208384K Free: 185923K (89%)
ptolemy.util.test.WatchDog.cancel(): canceling Sun May 19 04:24:54 UTC 2019
------------------ testing $PTII/ptolemy/domains/de/test/auto/ClockDriftAndValueChange.xml
auto.tcl: Setting watchdog for 200 seconds at Sun May 19 04:24:54 UTC 2019
44 ms. Memory: 208384K Free: 187781K (90%)
ptolemy.util.test.WatchDog.cancel(): canceling Sun May 19 04:24:54 UTC 2019
auto.tcl: Setting watchdog for 200 seconds at Sun May 19 04:24:54 UTC 2019
35 ms. Memory: 208384K Free: 185750K (89%)
ptolemy.util.test.WatchDog.cancel(): canceling Sun May 19 04:24:54 UTC 2019
------------------ testing $PTII/ptolemy/domains/de/test/auto/ClockDriftChange.xml
auto.tcl: Setting watchdog for 200 seconds at Sun May 19 04:24:54 UTC 2019
32 ms. Memory: 208384K Free: 191040K (92%)
ptolemy.util.test.WatchDog.cancel(): canceling Sun May 19 04:24:54 UTC 2019
auto.tcl: Setting watchdog for 200 seconds at Sun May 19 04:24:54 UTC 2019
26 ms. Memory: 208384K Free: 189009K (91%)
ptolemy.util.test.WatchDog.cancel(): canceling Sun May 19 04:24:54 UTC 2019
------------------ testing $PTII/ptolemy/domains/de/test/auto/ComposableCausalityAnalysis.xml
auto.tcl: Setting watchdog for 200 seconds at Sun May 19 04:24:54 UTC 2019
3 ms. Memory: 208384K Free: 196369K (94%)
ptolemy.util.test.WatchDog.cancel(): canceling Sun May 19 04:24:54 UTC 2019
auto.tcl: Setting watchdog for 200 seconds at Sun May 19 04:24:54 UTC 2019
2 ms. Memory: 208384K Free: 194338K (93%)
ptolemy.util.test.WatchDog.cancel(): canceling Sun May 19 04:24:54 UTC 2019
------------------ testing $PTII/ptolemy/domains/de/test/auto/DEFixedPointLimitation.xml
auto.tcl: Setting watchdog for 200 seconds at Sun May 19 04:24:54 UTC 2019
1 ms. Memory: 208384K Free: 196449K (94%)
ptolemy.util.test.WatchDog.cancel(): canceling Sun May 19 04:24:54 UTC 2019
auto.tcl: Setting watchdog for 200 seconds at Sun May 19 04:24:54 UTC 2019
1 ms. Memory: 208384K Free: 196449K (94%)
ptolemy.util.test.WatchDog.cancel(): canceling Sun May 19 04:24:54 UTC 2019
------------------ testing $PTII/ptolemy/domains/de/test/auto/DEScheduleTest.xml
auto.tcl: Setting watchdog for 200 seconds at Sun May 19 04:24:54 UTC 2019
3 ms. Memory: 208384K Free: 198515K (95%)
ptolemy.util.test.WatchDog.cancel(): canceling Sun May 19 04:24:54 UTC 2019
auto.tcl: Setting watchdog for 200 seconds at Sun May 19 04:24:54 UTC 2019
6 ms. Memory: 208384K Free: 196485K (94%)
ptolemy.util.test.WatchDog.cancel(): canceling Sun May 19 04:24:54 UTC 2019
------------------ testing $PTII/ptolemy/domains/de/test/auto/DEinDEwithStartTimes.xml
auto.tcl: Setting watchdog for 200 seconds at Sun May 19 04:24:54 UTC 2019
4 ms. Memory: 208384K Free: 196973K (95%)
ptolemy.util.test.WatchDog.cancel(): canceling Sun May 19 04:24:54 UTC 2019
auto.tcl: Setting watchdog for 200 seconds at Sun May 19 04:24:54 UTC 2019
4 ms. Memory: 208384K Free: 194943K (94%)
ptolemy.util.test.WatchDog.cancel(): canceling Sun May 19 04:24:54 UTC 2019
------------------ testing $PTII/ptolemy/domains/de/test/auto/DEinDEwithStartTimes2.xml
auto.tcl: Setting watchdog for 200 seconds at Sun May 19 04:24:54 UTC 2019
6 ms. Memory: 208384K Free: 196953K (95%)
ptolemy.util.test.WatchDog.cancel(): canceling Sun May 19 04:24:54 UTC 2019
auto.tcl: Setting watchdog for 200 seconds at Sun May 19 04:24:54 UTC 2019
3 ms. Memory: 208384K Free: 194403K (93%)
ptolemy.util.test.WatchDog.cancel(): canceling Sun May 19 04:24:54 UTC 2019
------------------ testing $PTII/ptolemy/domains/de/test/auto/DateDemo.xml
auto.tcl: Setting watchdog for 200 seconds at Sun May 19 04:24:54 UTC 2019
7 ms. Memory: 208384K Free: 189072K (91%)
ptolemy.util.test.WatchDog.cancel(): canceling Sun May 19 04:24:54 UTC 2019
auto.tcl: Setting watchdog for 200 seconds at Sun May 19 04:24:54 UTC 2019
13 ms. Memory: 208384K Free: 187042K (90%)
ptolemy.util.test.WatchDog.cancel(): canceling Sun May 19 04:24:54 UTC 2019
------------------ testing $PTII/ptolemy/domains/de/test/auto/DateToEvent.xml
auto.tcl: Setting watchdog for 200 seconds at Sun May 19 04:24:55 UTC 2019
2010 ms. Memory: 208384K Free: 183987K (88%)
ptolemy.util.test.WatchDog.cancel(): canceling Sun May 19 04:24:57 UTC 2019
auto.tcl: Setting watchdog for 200 seconds at Sun May 19 04:24:57 UTC 2019
2004 ms. Memory: 208384K Free: 181529K (87%)
ptolemy.util.test.WatchDog.cancel(): canceling Sun May 19 04:24:59 UTC 2019
------------------ testing $PTII/ptolemy/domains/de/test/auto/DepthTest1.xml
auto.tcl: Setting watchdog for 200 seconds at Sun May 19 04:24:59 UTC 2019
3 ms. Memory: 208384K Free: 198045K (95%)
ptolemy.util.test.WatchDog.cancel(): canceling Sun May 19 04:24:59 UTC 2019
auto.tcl: Setting watchdog for 200 seconds at Sun May 19 04:24:59 UTC 2019
2 ms. Memory: 208384K Free: 198045K (95%)
ptolemy.util.test.WatchDog.cancel(): canceling Sun May 19 04:24:59 UTC 2019
------------------ testing $PTII/ptolemy/domains/de/test/auto/DepthTest2.xml
auto.tcl: Setting watchdog for 200 seconds at Sun May 19 04:24:59 UTC 2019
10 ms. Memory: 208384K Free: 194385K (93%)
ptolemy.util.test.WatchDog.cancel(): canceling Sun May 19 04:24:59 UTC 2019
auto.tcl: Setting watchdog for 200 seconds at Sun May 19 04:24:59 UTC 2019
7 ms. Memory: 208384K Free: 194385K (93%)
ptolemy.util.test.WatchDog.cancel(): canceling Sun May 19 04:24:59 UTC 2019
------------------ testing $PTII/ptolemy/domains/de/test/auto/DepthTest3.xml
auto.tcl: Setting watchdog for 200 seconds at Sun May 19 04:24:59 UTC 2019
7 ms. Memory: 208384K Free: 198899K (95%)
ptolemy.util.test.WatchDog.cancel(): canceling Sun May 19 04:24:59 UTC 2019
auto.tcl: Setting watchdog for 200 seconds at Sun May 19 04:24:59 UTC 2019
1 ms. Memory: 208384K Free: 198899K (95%)
ptolemy.util.test.WatchDog.cancel(): canceling Sun May 19 04:24:59 UTC 2019
------------------ testing $PTII/ptolemy/domains/de/test/auto/DepthTest4.xml
auto.tcl: Setting watchdog for 200 seconds at Sun May 19 04:24:59 UTC 2019
3 ms. Memory: 208384K Free: 196437K (94%)
ptolemy.util.test.WatchDog.cancel(): canceling Sun May 19 04:24:59 UTC 2019
auto.tcl: Setting watchdog for 200 seconds at Sun May 19 04:24:59 UTC 2019
2 ms. Memory: 208384K Free: 196437K (94%)
ptolemy.util.test.WatchDog.cancel(): canceling Sun May 19 04:24:59 UTC 2019
------------------ testing $PTII/ptolemy/domains/de/test/auto/DepthTest5.xml
auto.tcl: Setting watchdog for 200 seconds at Sun May 19 04:24:59 UTC 2019
5 ms. Memory: 208384K Free: 196902K (94%)
ptolemy.util.test.WatchDog.cancel(): canceling Sun May 19 04:24:59 UTC 2019
auto.tcl: Setting watchdog for 200 seconds at Sun May 19 04:24:59 UTC 2019
2 ms. Memory: 208384K Free: 196902K (94%)
ptolemy.util.test.WatchDog.cancel(): canceling Sun May 19 04:24:59 UTC 2019
------------------ testing $PTII/ptolemy/domains/de/test/auto/DepthTest6.xml
auto.tcl: Setting watchdog for 200 seconds at Sun May 19 04:24:59 UTC 2019
6 ms. Memory: 208384K Free: 196358K (94%)
ptolemy.util.test.WatchDog.cancel(): canceling Sun May 19 04:24:59 UTC 2019
auto.tcl: Setting watchdog for 200 seconds at Sun May 19 04:24:59 UTC 2019
3 ms. Memory: 208384K Free: 196358K (94%)
ptolemy.util.test.WatchDog.cancel(): canceling Sun May 19 04:24:59 UTC 2019
------------------ testing $PTII/ptolemy/domains/de/test/auto/DepthTest7.xml
auto.tcl: Setting watchdog for 200 seconds at Sun May 19 04:24:59 UTC 2019
4 ms. Memory: 208384K Free: 196340K (94%)
ptolemy.util.test.WatchDog.cancel(): canceling Sun May 19 04:24:59 UTC 2019
auto.tcl: Setting watchdog for 200 seconds at Sun May 19 04:24:59 UTC 2019
2 ms. Memory: 208384K Free: 196340K (94%)
ptolemy.util.test.WatchDog.cancel(): canceling Sun May 19 04:24:59 UTC 2019
------------------ testing $PTII/ptolemy/domains/de/test/auto/EventToDate.xml
auto.tcl: Setting watchdog for 200 seconds at Sun May 19 04:24:59 UTC 2019
3007 ms. Memory: 208384K Free: 186192K (89%)
ptolemy.util.test.WatchDog.cancel(): canceling Sun May 19 04:25:02 UTC 2019
auto.tcl: Setting watchdog for 200 seconds at Sun May 19 04:25:02 UTC 2019
3005 ms. Memory: 208384K Free: 186192K (89%)
ptolemy.util.test.WatchDog.cancel(): canceling Sun May 19 04:25:05 UTC 2019
------------------ testing $PTII/ptolemy/domains/de/test/auto/FSM1.xml
auto.tcl: Setting watchdog for 200 seconds at Sun May 19 04:25:05 UTC 2019
30 ms. Memory: 208384K Free: 189530K (91%)
ptolemy.util.test.WatchDog.cancel(): canceling Sun May 19 04:25:05 UTC 2019
auto.tcl: Setting watchdog for 200 seconds at Sun May 19 04:25:05 UTC 2019
23 ms. Memory: 208384K Free: 185469K (89%)
ptolemy.util.test.WatchDog.cancel(): canceling Sun May 19 04:25:05 UTC 2019
------------------ testing $PTII/ptolemy/domains/de/test/auto/FSM7.xml
auto.tcl: Setting watchdog for 200 seconds at Sun May 19 04:25:05 UTC 2019
33 ms. Memory: 208384K Free: 189733K (91%)
ptolemy.util.test.WatchDog.cancel(): canceling Sun May 19 04:25:05 UTC 2019
auto.tcl: Setting watchdog for 200 seconds at Sun May 19 04:25:05 UTC 2019
16 ms. Memory: 208384K Free: 185671K (89%)
ptolemy.util.test.WatchDog.cancel(): canceling Sun May 19 04:25:05 UTC 2019
------------------ testing $PTII/ptolemy/domains/de/test/auto/Inspection.xml
auto.tcl: Setting watchdog for 200 seconds at Sun May 19 04:25:06 UTC 2019
43 ms. Memory: 208384K Free: 189434K (91%)
ptolemy.util.test.WatchDog.cancel(): canceling Sun May 19 04:25:06 UTC 2019
auto.tcl: Setting watchdog for 200 seconds at Sun May 19 04:25:06 UTC 2019
28 ms. Memory: 208384K Free: 187403K (90%)
ptolemy.util.test.WatchDog.cancel(): canceling Sun May 19 04:25:06 UTC 2019
------------------ testing $PTII/ptolemy/domains/de/test/auto/Iteration.xml
auto.tcl: Setting watchdog for 200 seconds at Sun May 19 04:25:06 UTC 2019
14 ms. Memory: 208384K Free: 196144K (94%)
ptolemy.util.test.WatchDog.cancel(): canceling Sun May 19 04:25:06 UTC 2019
auto.tcl: Setting watchdog for 200 seconds at Sun May 19 04:25:06 UTC 2019
6 ms. Memory: 208384K Free: 194113K (93%)
ptolemy.util.test.WatchDog.cancel(): canceling Sun May 19 04:25:06 UTC 2019
------------------ testing $PTII/ptolemy/domains/de/test/auto/LineFault.xml
auto.tcl: Setting watchdog for 200 seconds at Sun May 19 04:25:06 UTC 2019
736 ms. Memory: 208384K Free: 201026K (96%)
ptolemy.util.test.WatchDog.cancel(): canceling Sun May 19 04:25:07 UTC 2019
auto.tcl: Setting watchdog for 200 seconds at Sun May 19 04:25:07 UTC 2019
564 ms. Memory: 208384K Free: 143902K (69%)
ptolemy.util.test.WatchDog.cancel(): canceling Sun May 19 04:25:07 UTC 2019
------------------ testing $PTII/ptolemy/domains/de/test/auto/MergeModel1Add.xml
auto.tcl: Setting watchdog for 200 seconds at Sun May 19 04:25:07 UTC 2019
31 ms. Memory: 331264K Free: 300900K (91%)
ptolemy.util.test.WatchDog.cancel(): canceling Sun May 19 04:25:08 UTC 2019
auto.tcl: Setting watchdog for 200 seconds at Sun May 19 04:25:08 UTC 2019
10 ms. Memory: 331264K Free: 300900K (91%)
ptolemy.util.test.WatchDog.cancel(): canceling Sun May 19 04:25:08 UTC 2019
------------------ testing $PTII/ptolemy/domains/de/test/auto/MergeModel2Add.xml
auto.tcl: Setting watchdog for 200 seconds at Sun May 19 04:25:08 UTC 2019
12 ms. Memory: 331264K Free: 305787K (92%)
ptolemy.util.test.WatchDog.cancel(): canceling Sun May 19 04:25:08 UTC 2019
auto.tcl: Setting watchdog for 200 seconds at Sun May 19 04:25:08 UTC 2019
10 ms. Memory: 331264K Free: 302238K (91%)
ptolemy.util.test.WatchDog.cancel(): canceling Sun May 19 04:25:08 UTC 2019
------------------ testing $PTII/ptolemy/domains/de/test/auto/MergeModel3Add.xml
auto.tcl: Setting watchdog for 200 seconds at Sun May 19 04:25:08 UTC 2019
11 ms. Memory: 331264K Free: 305782K (92%)
ptolemy.util.test.WatchDog.cancel(): canceling Sun May 19 04:25:08 UTC 2019
auto.tcl: Setting watchdog for 200 seconds at Sun May 19 04:25:08 UTC 2019
8 ms. Memory: 331264K Free: 302217K (91%)
ptolemy.util.test.WatchDog.cancel(): canceling Sun May 19 04:25:08 UTC 2019
------------------ testing $PTII/ptolemy/domains/de/test/auto/MergeWithoutDiscard.xml
auto.tcl: Setting watchdog for 200 seconds at Sun May 19 04:25:08 UTC 2019
2 ms. Memory: 331264K Free: 317134K (96%)
ptolemy.util.test.WatchDog.cancel(): canceling Sun May 19 04:25:08 UTC 2019
auto.tcl: Setting watchdog for 200 seconds at Sun May 19 04:25:08 UTC 2019
1 ms. Memory: 331264K Free: 317134K (96%)
ptolemy.util.test.WatchDog.cancel(): canceling Sun May 19 04:25:08 UTC 2019
------------------ testing $PTII/ptolemy/domains/de/test/auto/Modal1.xml
auto.tcl: Setting watchdog for 200 seconds at Sun May 19 04:25:08 UTC 2019
14 ms. Memory: 331264K Free: 310735K (94%)
ptolemy.util.test.WatchDog.cancel(): canceling Sun May 19 04:25:08 UTC 2019
auto.tcl: Setting watchdog for 200 seconds at Sun May 19 04:25:08 UTC 2019
12 ms. Memory: 331264K Free: 307170K (93%)
ptolemy.util.test.WatchDog.cancel(): canceling Sun May 19 04:25:08 UTC 2019
------------------ testing $PTII/ptolemy/domains/de/test/auto/Modal2.xml
auto.tcl: Setting watchdog for 200 seconds at Sun May 19 04:25:08 UTC 2019
13 ms. Memory: 331264K Free: 310608K (94%)
ptolemy.util.test.WatchDog.cancel(): canceling Sun May 19 04:25:08 UTC 2019
auto.tcl: Setting watchdog for 200 seconds at Sun May 19 04:25:08 UTC 2019
11 ms. Memory: 331264K Free: 307043K (93%)
ptolemy.util.test.WatchDog.cancel(): canceling Sun May 19 04:25:08 UTC 2019
------------------ testing $PTII/ptolemy/domains/de/test/auto/Modal3.xml
auto.tcl: Setting watchdog for 200 seconds at Sun May 19 04:25:08 UTC 2019
10 ms. Memory: 331264K Free: 305707K (92%)
ptolemy.util.test.WatchDog.cancel(): canceling Sun May 19 04:25:08 UTC 2019
auto.tcl: Setting watchdog for 200 seconds at Sun May 19 04:25:08 UTC 2019
12 ms. Memory: 331264K Free: 302158K (91%)
ptolemy.util.test.WatchDog.cancel(): canceling Sun May 19 04:25:08 UTC 2019
------------------ testing $PTII/ptolemy/domains/de/test/auto/Modal4.xml
auto.tcl: Setting watchdog for 200 seconds at Sun May 19 04:25:08 UTC 2019
26 ms. Memory: 331264K Free: 310628K (94%)
ptolemy.util.test.WatchDog.cancel(): canceling Sun May 19 04:25:08 UTC 2019
auto.tcl: Setting watchdog for 200 seconds at Sun May 19 04:25:08 UTC 2019
14 ms. Memory: 331264K Free: 307063K (93%)
ptolemy.util.test.WatchDog.cancel(): canceling Sun May 19 04:25:08 UTC 2019
------------------ testing $PTII/ptolemy/domains/de/test/auto/Modal5.xml
auto.tcl: Setting watchdog for 200 seconds at Sun May 19 04:25:08 UTC 2019
25 ms. Memory: 331264K Free: 310623K (94%)
ptolemy.util.test.WatchDog.cancel(): canceling Sun May 19 04:25:08 UTC 2019
auto.tcl: Setting watchdog for 200 seconds at Sun May 19 04:25:08 UTC 2019
14 ms. Memory: 331264K Free: 307058K (93%)
ptolemy.util.test.WatchDog.cancel(): canceling Sun May 19 04:25:08 UTC 2019
------------------ testing $PTII/ptolemy/domains/de/test/auto/Modal6.xml
auto.tcl: Setting watchdog for 200 seconds at Sun May 19 04:25:08 UTC 2019
14 ms. Memory: 331264K Free: 310636K (94%)
ptolemy.util.test.WatchDog.cancel(): canceling Sun May 19 04:25:09 UTC 2019
auto.tcl: Setting watchdog for 200 seconds at Sun May 19 04:25:09 UTC 2019
14 ms. Memory: 331264K Free: 307087K (93%)
ptolemy.util.test.WatchDog.cancel(): canceling Sun May 19 04:25:09 UTC 2019
------------------ testing $PTII/ptolemy/domains/de/test/auto/Modal7.xml
auto.tcl: Setting watchdog for 200 seconds at Sun May 19 04:25:09 UTC 2019
21 ms. Memory: 331264K Free: 307039K (93%)
ptolemy.util.test.WatchDog.cancel(): canceling Sun May 19 04:25:09 UTC 2019
auto.tcl: Setting watchdog for 200 seconds at Sun May 19 04:25:09 UTC 2019
12 ms. Memory: 331264K Free: 303490K (92%)
ptolemy.util.test.WatchDog.cancel(): canceling Sun May 19 04:25:09 UTC 2019
------------------ testing $PTII/ptolemy/domains/de/test/auto/ModalModel.xml
auto.tcl: Setting watchdog for 200 seconds at Sun May 19 04:25:09 UTC 2019
206 ms. Memory: 331264K Free: 250564K (76%)
ptolemy.util.test.WatchDog.cancel(): canceling Sun May 19 04:25:09 UTC 2019
auto.tcl: Setting watchdog for 200 seconds at Sun May 19 04:25:09 UTC 2019
187 ms. Memory: 331264K Free: 193594K (58%)
ptolemy.util.test.WatchDog.cancel(): canceling Sun May 19 04:25:09 UTC 2019
------------------ testing $PTII/ptolemy/domains/de/test/auto/ModalSource.xml
auto.tcl: Setting watchdog for 200 seconds at Sun May 19 04:25:09 UTC 2019
6 ms. Memory: 331264K Free: 316838K (96%)
ptolemy.util.test.WatchDog.cancel(): canceling Sun May 19 04:25:09 UTC 2019
auto.tcl: Setting watchdog for 200 seconds at Sun May 19 04:25:09 UTC 2019
5 ms. Memory: 331264K Free: 313552K (95%)
ptolemy.util.test.WatchDog.cancel(): canceling Sun May 19 04:25:09 UTC 2019
------------------ testing $PTII/ptolemy/domains/de/test/auto/NonInterruptibleTimerZeroDelay.xml
auto.tcl: Setting watchdog for 200 seconds at Sun May 19 04:25:09 UTC 2019
4 ms. Memory: 331264K Free: 321216K (97%)
ptolemy.util.test.WatchDog.cancel(): canceling Sun May 19 04:25:09 UTC 2019
auto.tcl: Setting watchdog for 200 seconds at Sun May 19 04:25:09 UTC 2019
2 ms. Memory: 331264K Free: 317930K (96%)
ptolemy.util.test.WatchDog.cancel(): canceling Sun May 19 04:25:09 UTC 2019
------------------ testing $PTII/ptolemy/domains/de/test/auto/OpenQueueingNetwork.xml
auto.tcl: Setting watchdog for 200 seconds at Sun May 19 04:25:09 UTC 2019
2744 ms. Memory: 573952K Free: 405402K (71%)
ptolemy.util.test.WatchDog.cancel(): canceling Sun May 19 04:25:12 UTC 2019
auto.tcl: Setting watchdog for 200 seconds at Sun May 19 04:25:12 UTC 2019
2388 ms. Memory: 550912K Free: 297981K (54%)
ptolemy.util.test.WatchDog.cancel(): canceling Sun May 19 04:25:15 UTC 2019
------------------ testing $PTII/ptolemy/domains/de/test/auto/OpenQueuingNetwork.xml
auto.tcl: Setting watchdog for 200 seconds at Sun May 19 04:25:15 UTC 2019
211 ms. Memory: 549888K Free: 445049K (81%)
ptolemy.util.test.WatchDog.cancel(): canceling Sun May 19 04:25:15 UTC 2019
auto.tcl: Setting watchdog for 200 seconds at Sun May 19 04:25:15 UTC 2019
205 ms. Memory: 549888K Free: 386110K (70%)
ptolemy.util.test.WatchDog.cancel(): canceling Sun May 19 04:25:15 UTC 2019
------------------ testing $PTII/ptolemy/domains/de/test/auto/PeriodicSampler.xml
auto.tcl: Setting watchdog for 200 seconds at Sun May 19 04:25:15 UTC 2019
2 ms. Memory: 551936K Free: 535774K (97%)
ptolemy.util.test.WatchDog.cancel(): canceling Sun May 19 04:25:15 UTC 2019
auto.tcl: Setting watchdog for 200 seconds at Sun May 19 04:25:15 UTC 2019
2 ms. Memory: 551936K Free: 535774K (97%)
ptolemy.util.test.WatchDog.cancel(): canceling Sun May 19 04:25:15 UTC 2019
------------------ testing $PTII/ptolemy/domains/de/test/auto/PersistentIO.xml
auto.tcl: Setting watchdog for 200 seconds at Sun May 19 04:25:15 UTC 2019
4 ms. Memory: 549376K Free: 522570K (95%)
ptolemy.util.test.WatchDog.cancel(): canceling Sun May 19 04:25:15 UTC 2019
auto.tcl: Setting watchdog for 200 seconds at Sun May 19 04:25:15 UTC 2019
3 ms. Memory: 549376K Free: 522570K (95%)
ptolemy.util.test.WatchDog.cancel(): canceling Sun May 19 04:25:15 UTC 2019
------------------ testing $PTII/ptolemy/domains/de/test/auto/PortParameterResetOnInitialize.xml
auto.tcl: Setting watchdog for 200 seconds at Sun May 19 04:25:15 UTC 2019
3 ms. Memory: 551424K Free: 531045K (96%)
ptolemy.util.test.WatchDog.cancel(): canceling Sun May 19 04:25:15 UTC 2019
auto.tcl: Setting watchdog for 200 seconds at Sun May 19 04:25:15 UTC 2019
2 ms. Memory: 551424K Free: 530501K (96%)
ptolemy.util.test.WatchDog.cancel(): canceling Sun May 19 04:25:15 UTC 2019
------------------ testing $PTII/ptolemy/domains/de/test/auto/PortParameterUpdates.xml
auto.tcl: Setting watchdog for 200 seconds at Sun May 19 04:25:15 UTC 2019
5 ms. Memory: 549376K Free: 533267K (97%)
ptolemy.util.test.WatchDog.cancel(): canceling Sun May 19 04:25:15 UTC 2019
auto.tcl: Setting watchdog for 200 seconds at Sun May 19 04:25:15 UTC 2019
3 ms. Memory: 549376K Free: 533267K (97%)
ptolemy.util.test.WatchDog.cancel(): canceling Sun May 19 04:25:15 UTC 2019
------------------ testing $PTII/ptolemy/domains/de/test/auto/QueueAndServer.xml
auto.tcl: Setting watchdog for 200 seconds at Sun May 19 04:25:15 UTC 2019
14 ms. Memory: 551424K Free: 535278K (97%)
ptolemy.util.test.WatchDog.cancel(): canceling Sun May 19 04:25:16 UTC 2019
auto.tcl: Setting watchdog for 200 seconds at Sun May 19 04:25:16 UTC 2019
9 ms. Memory: 551424K Free: 528713K (96%)
ptolemy.util.test.WatchDog.cancel(): canceling Sun May 19 04:25:16 UTC 2019
------------------ testing $PTII/ptolemy/domains/de/test/auto/Records.xml
auto.tcl: Setting watchdog for 200 seconds at Sun May 19 04:25:16 UTC 2019
8 ms. Memory: 549376K Free: 533170K (97%)
ptolemy.util.test.WatchDog.cancel(): canceling Sun May 19 04:25:16 UTC 2019
auto.tcl: Setting watchdog for 200 seconds at Sun May 19 04:25:16 UTC 2019
2 ms. Memory: 549376K Free: 533170K (97%)
ptolemy.util.test.WatchDog.cancel(): canceling Sun May 19 04:25:16 UTC 2019
------------------ testing $PTII/ptolemy/domains/de/test/auto/ResetTransitionWithStartTime1.xml
auto.tcl: Setting watchdog for 200 seconds at Sun May 19 04:25:16 UTC 2019
11 ms. Memory: 551424K Free: 535786K (97%)
ptolemy.util.test.WatchDog.cancel(): canceling Sun May 19 04:25:16 UTC 2019
auto.tcl: Setting watchdog for 200 seconds at Sun May 19 04:25:16 UTC 2019
5 ms. Memory: 551424K Free: 528695K (96%)
ptolemy.util.test.WatchDog.cancel(): canceling Sun May 19 04:25:16 UTC 2019
------------------ testing $PTII/ptolemy/domains/de/test/auto/ResetTransitionWithStartTime2.xml
auto.tcl: Setting watchdog for 200 seconds at Sun May 19 04:25:16 UTC 2019
4 ms. Memory: 549376K Free: 533730K (97%)
ptolemy.util.test.WatchDog.cancel(): canceling Sun May 19 04:25:16 UTC 2019
auto.tcl: Setting watchdog for 200 seconds at Sun May 19 04:25:16 UTC 2019
5 ms. Memory: 549376K Free: 527181K (96%)
ptolemy.util.test.WatchDog.cancel(): canceling Sun May 19 04:25:16 UTC 2019
------------------ testing $PTII/ptolemy/domains/de/test/auto/ResetTransitionWithStartTime3.xml
auto.tcl: Setting watchdog for 200 seconds at Sun May 19 04:25:16 UTC 2019
6 ms. Memory: 550912K Free: 534583K (97%)
ptolemy.util.test.WatchDog.cancel(): canceling Sun May 19 04:25:16 UTC 2019
auto.tcl: Setting watchdog for 200 seconds at Sun May 19 04:25:16 UTC 2019
6 ms. Memory: 550912K Free: 528034K (96%)
ptolemy.util.test.WatchDog.cancel(): canceling Sun May 19 04:25:16 UTC 2019
------------------ testing $PTII/ptolemy/domains/de/test/auto/ResetTransitionWithStartTime4.xml
auto.tcl: Setting watchdog for 200 seconds at Sun May 19 04:25:16 UTC 2019
4 ms. Memory: 549376K Free: 533045K (97%)
ptolemy.util.test.WatchDog.cancel(): canceling Sun May 19 04:25:16 UTC 2019
auto.tcl: Setting watchdog for 200 seconds at Sun May 19 04:25:16 UTC 2019
4 ms. Memory: 549376K Free: 526480K (96%)
ptolemy.util.test.WatchDog.cancel(): canceling Sun May 19 04:25:16 UTC 2019
------------------ testing $PTII/ptolemy/domains/de/test/auto/ResettableTimer1.xml
auto.tcl: Setting watchdog for 200 seconds at Sun May 19 04:25:16 UTC 2019
3 ms. Memory: 550912K Free: 534576K (97%)
ptolemy.util.test.WatchDog.cancel(): canceling Sun May 19 04:25:16 UTC 2019
auto.tcl: Setting watchdog for 200 seconds at Sun May 19 04:25:16 UTC 2019
3 ms. Memory: 550912K Free: 534576K (97%)
ptolemy.util.test.WatchDog.cancel(): canceling Sun May 19 04:25:16 UTC 2019
------------------ testing $PTII/ptolemy/domains/de/test/auto/ResettableTimer2.xml
auto.tcl: Setting watchdog for 200 seconds at Sun May 19 04:25:16 UTC 2019
2 ms. Memory: 549376K Free: 533641K (97%)
ptolemy.util.test.WatchDog.cancel(): canceling Sun May 19 04:25:16 UTC 2019
auto.tcl: Setting watchdog for 200 seconds at Sun May 19 04:25:16 UTC 2019
2 ms. Memory: 549376K Free: 533641K (97%)
ptolemy.util.test.WatchDog.cancel(): canceling Sun May 19 04:25:16 UTC 2019
------------------ testing $PTII/ptolemy/domains/de/test/auto/ResettableTimer3.xml
auto.tcl: Setting watchdog for 200 seconds at Sun May 19 04:25:16 UTC 2019
2 ms. Memory: 550912K Free: 534634K (97%)
ptolemy.util.test.WatchDog.cancel(): canceling Sun May 19 04:25:16 UTC 2019
auto.tcl: Setting watchdog for 200 seconds at Sun May 19 04:25:16 UTC 2019
1 ms. Memory: 550912K Free: 534634K (97%)
ptolemy.util.test.WatchDog.cancel(): canceling Sun May 19 04:25:16 UTC 2019
------------------ testing $PTII/ptolemy/domains/de/test/auto/ResettableTimer4.xml
auto.tcl: Setting watchdog for 200 seconds at Sun May 19 04:25:16 UTC 2019
1 ms. Memory: 549376K Free: 533654K (97%)
ptolemy.util.test.WatchDog.cancel(): canceling Sun May 19 04:25:16 UTC 2019
auto.tcl: Setting watchdog for 200 seconds at Sun May 19 04:25:16 UTC 2019
2 ms. Memory: 549376K Free: 533654K (97%)
ptolemy.util.test.WatchDog.cancel(): canceling Sun May 19 04:25:16 UTC 2019
------------------ testing $PTII/ptolemy/domains/de/test/auto/ResettableTimer5.xml
auto.tcl: Setting watchdog for 200 seconds at Sun May 19 04:25:16 UTC 2019
1 ms. Memory: 550400K Free: 529996K (96%)
ptolemy.util.test.WatchDog.cancel(): canceling Sun May 19 04:25:16 UTC 2019
auto.tcl: Setting watchdog for 200 seconds at Sun May 19 04:25:16 UTC 2019
1 ms. Memory: 550400K Free: 529996K (96%)
ptolemy.util.test.WatchDog.cancel(): canceling Sun May 19 04:25:16 UTC 2019
------------------ testing $PTII/ptolemy/domains/de/test/auto/ResettableTimer6.xml
auto.tcl: Setting watchdog for 200 seconds at Sun May 19 04:25:16 UTC 2019
2 ms. Memory: 549376K Free: 528378K (96%)
ptolemy.util.test.WatchDog.cancel(): canceling Sun May 19 04:25:16 UTC 2019
auto.tcl: Setting watchdog for 200 seconds at Sun May 19 04:25:16 UTC 2019
1 ms. Memory: 549376K Free: 528378K (96%)
ptolemy.util.test.WatchDog.cancel(): canceling Sun May 19 04:25:16 UTC 2019
------------------ testing $PTII/ptolemy/domains/de/test/auto/ServerZeroDelay.xml
auto.tcl: Setting watchdog for 200 seconds at Sun May 19 04:25:16 UTC 2019
5 ms. Memory: 550400K Free: 534616K (97%)
ptolemy.util.test.WatchDog.cancel(): canceling Sun May 19 04:25:16 UTC 2019
auto.tcl: Setting watchdog for 200 seconds at Sun May 19 04:25:16 UTC 2019
3 ms. Memory: 550400K Free: 534616K (97%)
ptolemy.util.test.WatchDog.cancel(): canceling Sun May 19 04:25:16 UTC 2019
------------------ testing $PTII/ptolemy/domains/de/test/auto/SmartSender.xml
auto.tcl: Setting watchdog for 200 seconds at Sun May 19 04:25:16 UTC 2019
3001 ms. Memory: 549376K Free: 528907K (96%)
ptolemy.util.test.WatchDog.cancel(): canceling Sun May 19 04:25:19 UTC 2019
auto.tcl: Setting watchdog for 200 seconds at Sun May 19 04:25:19 UTC 2019
3002 ms. Memory: 549376K Free: 528907K (96%)
ptolemy.util.test.WatchDog.cancel(): canceling Sun May 19 04:25:22 UTC 2019
------------------ testing $PTII/ptolemy/domains/de/test/auto/ThreadedComposite.xml
auto.tcl: Setting watchdog for 200 seconds at Sun May 19 04:25:22 UTC 2019
198 ms. Memory: 550400K Free: 513494K (93%)
ptolemy.util.test.WatchDog.cancel(): canceling Sun May 19 04:25:23 UTC 2019
auto.tcl: Setting watchdog for 200 seconds at Sun May 19 04:25:23 UTC 2019
139 ms. Memory: 550400K Free: 497586K (90%)
ptolemy.util.test.WatchDog.cancel(): canceling Sun May 19 04:25:23 UTC 2019
------------------ testing $PTII/ptolemy/domains/de/test/auto/Time.xml
auto.tcl: Setting watchdog for 200 seconds at Sun May 19 04:25:23 UTC 2019
488 ms. Memory: 549376K Free: 481293K (88%)
ptolemy.util.test.WatchDog.cancel(): canceling Sun May 19 04:25:23 UTC 2019
auto.tcl: Setting watchdog for 200 seconds at Sun May 19 04:25:23 UTC 2019
419 ms. Memory: 549376K Free: 428903K (78%)
ptolemy.util.test.WatchDog.cancel(): canceling Sun May 19 04:25:24 UTC 2019
------------------ testing $PTII/ptolemy/domains/de/test/auto/TimeDelayZeroDelay.xml
auto.tcl: Setting watchdog for 200 seconds at Sun May 19 04:25:24 UTC 2019
2 ms. Memory: 550400K Free: 533989K (97%)
ptolemy.util.test.WatchDog.cancel(): canceling Sun May 19 04:25:24 UTC 2019
auto.tcl: Setting watchdog for 200 seconds at Sun May 19 04:25:24 UTC 2019
2 ms. Memory: 550400K Free: 533989K (97%)
ptolemy.util.test.WatchDog.cancel(): canceling Sun May 19 04:25:24 UTC 2019
------------------ testing $PTII/ptolemy/domains/de/test/auto/TimerZeroDelay.xml
auto.tcl: Setting watchdog for 200 seconds at Sun May 19 04:25:24 UTC 2019
3 ms. Memory: 549376K Free: 533552K (97%)
ptolemy.util.test.WatchDog.cancel(): canceling Sun May 19 04:25:24 UTC 2019
auto.tcl: Setting watchdog for 200 seconds at Sun May 19 04:25:24 UTC 2019
2 ms. Memory: 549376K Free: 533552K (97%)
ptolemy.util.test.WatchDog.cancel(): canceling Sun May 19 04:25:24 UTC 2019
------------------ testing $PTII/ptolemy/domains/de/test/auto/TimingParadox.xml
auto.tcl: Setting watchdog for 200 seconds at Sun May 19 04:25:24 UTC 2019
335 ms. Memory: 549888K Free: 467986K (85%)
ptolemy.util.test.WatchDog.cancel(): canceling Sun May 19 04:25:24 UTC 2019
auto.tcl: Setting watchdog for 200 seconds at Sun May 19 04:25:24 UTC 2019
322 ms. Memory: 549888K Free: 435242K (79%)
ptolemy.util.test.WatchDog.cancel(): canceling Sun May 19 04:25:25 UTC 2019
------------------ testing $PTII/ptolemy/domains/de/test/auto/TransferInputs.xml
auto.tcl: Setting watchdog for 200 seconds at Sun May 19 04:25:25 UTC 2019
2 ms. Memory: 549888K Free: 533026K (97%)
ptolemy.util.test.WatchDog.cancel(): canceling Sun May 19 04:25:25 UTC 2019
auto.tcl: Setting watchdog for 200 seconds at Sun May 19 04:25:25 UTC 2019
2 ms. Memory: 549888K Free: 533026K (97%)
ptolemy.util.test.WatchDog.cancel(): canceling Sun May 19 04:25:25 UTC 2019
------------------ testing $PTII/ptolemy/domains/de/test/auto/TransferOutputs2.xml
auto.tcl: Setting watchdog for 200 seconds at Sun May 19 04:25:25 UTC 2019
3 ms. Memory: 549376K Free: 522371K (95%)
ptolemy.util.test.WatchDog.cancel(): canceling Sun May 19 04:25:25 UTC 2019
auto.tcl: Setting watchdog for 200 seconds at Sun May 19 04:25:25 UTC 2019
3 ms. Memory: 549376K Free: 522371K (95%)
ptolemy.util.test.WatchDog.cancel(): canceling Sun May 19 04:25:25 UTC 2019
------------------ testing $PTII/ptolemy/domains/de/test/auto/Trilateration.xml
auto.tcl: Setting watchdog for 200 seconds at Sun May 19 04:25:25 UTC 2019
14061 ms. Memory: 766976K Free: 212611K (28%)
ptolemy.util.test.WatchDog.cancel(): canceling Sun May 19 04:25:40 UTC 2019
auto.tcl: Setting watchdog for 200 seconds at Sun May 19 04:25:40 UTC 2019
10438 ms. Memory: 623104K Free: 566309K (91%)
ptolemy.util.test.WatchDog.cancel(): canceling Sun May 19 04:25:50 UTC 2019
------------------ testing $PTII/ptolemy/domains/de/test/auto/TwoSigmaDelta.xml
auto.tcl: Setting watchdog for 200 seconds at Sun May 19 04:25:51 UTC 2019
2655 ms. Memory: 619520K Free: 314790K (51%)
ptolemy.util.test.WatchDog.cancel(): canceling Sun May 19 04:25:53 UTC 2019
auto.tcl: Setting watchdog for 200 seconds at Sun May 19 04:25:53 UTC 2019
2088 ms. Memory: 619520K Free: 87232K (14%)
ptolemy.util.test.WatchDog.cancel(): canceling Sun May 19 04:25:55 UTC 2019
------------------ testing $PTII/ptolemy/domains/de/test/auto/VariableDelay.xml
auto.tcl: Setting watchdog for 200 seconds at Sun May 19 04:25:56 UTC 2019
4 ms. Memory: 623104K Free: 598957K (96%)
ptolemy.util.test.WatchDog.cancel(): canceling Sun May 19 04:25:56 UTC 2019
auto.tcl: Setting watchdog for 200 seconds at Sun May 19 04:25:56 UTC 2019
1 ms. Memory: 623104K Free: 598957K (96%)
ptolemy.util.test.WatchDog.cancel(): canceling Sun May 19 04:25:56 UTC 2019
------------------ testing $PTII/ptolemy/domains/de/test/auto/VariableDelay2.xml
auto.tcl: Setting watchdog for 200 seconds at Sun May 19 04:25:56 UTC 2019
7 ms. Memory: 619520K Free: 601240K (97%)
ptolemy.util.test.WatchDog.cancel(): canceling Sun May 19 04:25:56 UTC 2019
auto.tcl: Setting watchdog for 200 seconds at Sun May 19 04:25:56 UTC 2019
2 ms. Memory: 619520K Free: 601240K (97%)
ptolemy.util.test.WatchDog.cancel(): canceling Sun May 19 04:25:56 UTC 2019
------------------ testing $PTII/ptolemy/domains/de/test/auto/VariableDelayZeroDelay.xml
auto.tcl: Setting watchdog for 200 seconds at Sun May 19 04:25:56 UTC 2019
2 ms. Memory: 622592K Free: 598930K (96%)
ptolemy.util.test.WatchDog.cancel(): canceling Sun May 19 04:25:56 UTC 2019
auto.tcl: Setting watchdog for 200 seconds at Sun May 19 04:25:56 UTC 2019
2 ms. Memory: 622592K Free: 598930K (96%)
ptolemy.util.test.WatchDog.cancel(): canceling Sun May 19 04:25:56 UTC 2019
------------------ testing $PTII/ptolemy/domains/de/test/auto/VariableDelayZeroDelay2.xml
auto.tcl: Setting watchdog for 200 seconds at Sun May 19 04:25:56 UTC 2019
2 ms. Memory: 619520K Free: 595856K (96%)
ptolemy.util.test.WatchDog.cancel(): canceling Sun May 19 04:25:56 UTC 2019
auto.tcl: Setting watchdog for 200 seconds at Sun May 19 04:25:56 UTC 2019
3 ms. Memory: 619520K Free: 595856K (96%)
ptolemy.util.test.WatchDog.cancel(): canceling Sun May 19 04:25:56 UTC 2019
------------------ testing $PTII/ptolemy/domains/de/test/auto/deInCt.xml
auto.tcl: Setting watchdog for 200 seconds at Sun May 19 04:25:56 UTC 2019
0
1
1
1
1
1
0
0
1
1
1
0
0
0
1
1
1
1
1
0
0
0
1
1
1
1
0
0
0
1
1
1
1
19 ms. Memory: 622080K Free: 598413K (96%)
ptolemy.util.test.WatchDog.cancel(): canceling Sun May 19 04:25:56 UTC 2019
auto.tcl: Setting watchdog for 200 seconds at Sun May 19 04:25:56 UTC 2019
0
1
1
1
1
0
0
0
1
1
1
0
0
0
1
1
1
1
0
0
0
1
1
1
0
0
0
0
1
1
1
1
1
1
0
0
0
0
6 ms. Memory: 622080K Free: 598413K (96%)
ptolemy.util.test.WatchDog.cancel(): canceling Sun May 19 04:25:56 UTC 2019
------------------ testing $PTII/ptolemy/domains/de/test/auto/deInCt2.xml
auto.tcl: Setting watchdog for 200 seconds at Sun May 19 04:25:56 UTC 2019
0
1
1
1
0
0
1
1
1
0
0
1
1
1
0
0
1
1
1
0
0
1
1
1
0
0
1
1
1
0
0
1
1
1
0
0
1
1
1
0
0
0
17 ms. Memory: 619520K Free: 595780K (96%)
ptolemy.util.test.WatchDog.cancel(): canceling Sun May 19 04:25:56 UTC 2019
auto.tcl: Setting watchdog for 200 seconds at Sun May 19 04:25:56 UTC 2019
0
1
1
1
0
0
1
1
1
0
0
1
1
1
0
0
1
1
1
0
0
1
1
1
0
0
1
1
1
0
0
1
1
1
0
0
1
1
1
0
0
0
10 ms. Memory: 619520K Free: 595780K (96%)
ptolemy.util.test.WatchDog.cancel(): canceling Sun May 19 04:25:56 UTC 2019
------------------ testing $PTII/ptolemy/domains/de/test/auto/dynamicCausalityInterface1.xml
auto.tcl: Setting watchdog for 200 seconds at Sun May 19 04:25:56 UTC 2019
1 ms. Memory: 621568K Free: 589658K (95%)
ptolemy.util.test.WatchDog.cancel(): canceling Sun May 19 04:25:56 UTC 2019
auto.tcl: Setting watchdog for 200 seconds at Sun May 19 04:25:56 UTC 2019
1 ms. Memory: 621568K Free: 589658K (95%)
ptolemy.util.test.WatchDog.cancel(): canceling Sun May 19 04:25:56 UTC 2019
------------------ testing $PTII/ptolemy/domains/de/test/auto/fsm_de_test.xml
auto.tcl: Setting watchdog for 200 seconds at Sun May 19 04:25:56 UTC 2019
6 ms. Memory: 619520K Free: 595742K (96%)
ptolemy.util.test.WatchDog.cancel(): canceling Sun May 19 04:25:56 UTC 2019
auto.tcl: Setting watchdog for 200 seconds at Sun May 19 04:25:56 UTC 2019
5 ms. Memory: 619520K Free: 587489K (95%)
ptolemy.util.test.WatchDog.cancel(): canceling Sun May 19 04:25:56 UTC 2019
------------------ testing $PTII/ptolemy/domains/de/test/auto/functionDependencyReconstruction.xml
auto.tcl: Setting watchdog for 200 seconds at Sun May 19 04:25:56 UTC 2019
2 ms. Memory: 621568K Free: 589528K (95%)
ptolemy.util.test.WatchDog.cancel(): canceling Sun May 19 04:25:56 UTC 2019
auto.tcl: Setting watchdog for 200 seconds at Sun May 19 04:25:56 UTC 2019
2 ms. Memory: 621568K Free: 589528K (95%)
ptolemy.util.test.WatchDog.cancel(): canceling Sun May 19 04:25:56 UTC 2019
------------------ testing $PTII/ptolemy/domains/de/test/auto/multirate.xml
auto.tcl: Setting watchdog for 200 seconds at Sun May 19 04:25:56 UTC 2019
6 ms. Memory: 619520K Free: 595610K (96%)
ptolemy.util.test.WatchDog.cancel(): canceling Sun May 19 04:25:56 UTC 2019
auto.tcl: Setting watchdog for 200 seconds at Sun May 19 04:25:56 UTC 2019
3 ms. Memory: 619520K Free: 595537K (96%)
ptolemy.util.test.WatchDog.cancel(): canceling Sun May 19 04:25:56 UTC 2019
------------------ testing $PTII/ptolemy/domains/de/test/auto/multirate2.xml
auto.tcl: Setting watchdog for 200 seconds at Sun May 19 04:25:56 UTC 2019
5 ms. Memory: 621056K Free: 597333K (96%)
ptolemy.util.test.WatchDog.cancel(): canceling Sun May 19 04:25:56 UTC 2019
auto.tcl: Setting watchdog for 200 seconds at Sun May 19 04:25:56 UTC 2019
2 ms. Memory: 621056K Free: 597333K (96%)
ptolemy.util.test.WatchDog.cancel(): canceling Sun May 19 04:25:56 UTC 2019
------------------ testing $PTII/ptolemy/domains/de/test/auto/realtime.xml
auto.tcl: Setting watchdog for 200 seconds at Sun May 19 04:25:56 UTC 2019
10002 ms. Memory: 619520K Free: 595723K (96%)
ptolemy.util.test.WatchDog.cancel(): canceling Sun May 19 04:26:06 UTC 2019
auto.tcl: Setting watchdog for 200 seconds at Sun May 19 04:26:06 UTC 2019
10002 ms. Memory: 619520K Free: 595723K (96%)
ptolemy.util.test.WatchDog.cancel(): canceling Sun May 19 04:26:16 UTC 2019
------------------ testing $PTII/ptolemy/domains/de/test/auto/relationGroup.xml
auto.tcl: Setting watchdog for 200 seconds at Sun May 19 04:26:16 UTC 2019
1 ms. Memory: 621056K Free: 602738K (97%)
ptolemy.util.test.WatchDog.cancel(): canceling Sun May 19 04:26:16 UTC 2019
auto.tcl: Setting watchdog for 200 seconds at Sun May 19 04:26:16 UTC 2019
1 ms. Memory: 621056K Free: 602738K (97%)
ptolemy.util.test.WatchDog.cancel(): canceling Sun May 19 04:26:16 UTC 2019
------------------ testing $PTII/ptolemy/domains/de/test/auto/relationGroup2.xml
auto.tcl: Setting watchdog for 200 seconds at Sun May 19 04:26:16 UTC 2019
1 ms. Memory: 619520K Free: 595848K (96%)
ptolemy.util.test.WatchDog.cancel(): canceling Sun May 19 04:26:16 UTC 2019
auto.tcl: Setting watchdog for 200 seconds at Sun May 19 04:26:16 UTC 2019
1 ms. Memory: 619520K Free: 595848K (96%)
ptolemy.util.test.WatchDog.cancel(): canceling Sun May 19 04:26:16 UTC 2019
------------------ testing $PTII/ptolemy/domains/de/test/auto/sortWithOpaquePorts.xml
auto.tcl: Setting watchdog for 200 seconds at Sun May 19 04:26:16 UTC 2019
1 ms. Memory: 620544K Free: 596872K (96%)
ptolemy.util.test.WatchDog.cancel(): canceling Sun May 19 04:26:17 UTC 2019
auto.tcl: Setting watchdog for 200 seconds at Sun May 19 04:26:17 UTC 2019
2 ms. Memory: 620544K Free: 596872K (96%)
ptolemy.util.test.WatchDog.cancel(): canceling Sun May 19 04:26:17 UTC 2019
------------------ testing $PTII/ptolemy/domains/de/test/auto/transferInputsandOutputs.xml
auto.tcl: Setting watchdog for 200 seconds at Sun May 19 04:26:17 UTC 2019
5 ms. Memory: 619520K Free: 595836K (96%)
ptolemy.util.test.WatchDog.cancel(): canceling Sun May 19 04:26:17 UTC 2019
auto.tcl: Setting watchdog for 200 seconds at Sun May 19 04:26:17 UTC 2019
2 ms. Memory: 619520K Free: 595836K (96%)
ptolemy.util.test.WatchDog.cancel(): canceling Sun May 19 04:26:17 UTC 2019
------------------ testing $PTII/ptolemy/domains/de/test/auto/triggerType.xml
auto.tcl: Setting watchdog for 200 seconds at Sun May 19 04:26:17 UTC 2019
1 ms. Memory: 620544K Free: 596810K (96%)
ptolemy.util.test.WatchDog.cancel(): canceling Sun May 19 04:26:17 UTC 2019
auto.tcl: Setting watchdog for 200 seconds at Sun May 19 04:26:17 UTC 2019
1 ms. Memory: 620544K Free: 596810K (96%)
ptolemy.util.test.WatchDog.cancel(): canceling Sun May 19 04:26:17 UTC 2019
05/19/19 04:26:17
Failed: 0  Total Tests: 192  ((Passed: 187, Newly Passed: 1)  Known Failed: 5) /home/travis/build/icyphy/ptII/ptolemy/domains/de/test
05/19/19 04:26:17
Failed: 0  Total Tests: 192  ((Passed: 187, Newly Passed: 1)  Known Failed: 5) /home/travis/build/icyphy/ptII/ptolemy/domains/de/test
----------------- testing (KnownFailure) /home/travis/build/icyphy/ptII/ptolemy/domains/de/test/auto/knownFailedTests/DESDFClockTest.xml
2021 ms. Memory: 619520K Free: 585004K (94%)
Known Failure: java.lang.reflect.InvocationTargetException
----------------- testing (KnownFailure) /home/travis/build/icyphy/ptII/ptolemy/domains/de/test/auto/knownFailedTests/DirectFeedback.xml
1 ms. Memory: 619520K Free: 541955K (87%)
Known Failure: java.lang.reflect.InvocationTargetException
----------------- testing (KnownFailure) /home/travis/build/icyphy/ptII/ptolemy/domains/de/test/auto/knownFailedTests/FSMSource.xml
11 ms. Memory: 619520K Free: 498906K (81%)
----------------- testing (KnownFailure) /home/travis/build/icyphy/ptII/ptolemy/domains/de/test/auto/knownFailedTests/HierarchicalModel.xml
2 ms. Memory: 619520K Free: 466603K (75%)
Known Failure: java.lang.reflect.InvocationTargetException
----------------- testing (KnownFailure) /home/travis/build/icyphy/ptII/ptolemy/domains/de/test/auto/knownFailedTests/dependencyLoop.xml
2 ms. Memory: 619520K Free: 412776K (67%)
Known Failure: java.lang.reflect.InvocationTargetException
----------------- testing (KnownFailure) /home/travis/build/icyphy/ptII/ptolemy/domains/de/test/auto/knownFailedTests/dependencyLoop2.xml
2 ms. Memory: 619520K Free: 358948K (58%)
Known Failure: java.lang.reflect.InvocationTargetException
No auto/linux-amd64/*.xml tests in /home/travis/build/icyphy/ptII/ptolemy/domains/de/test
AutoTests.java: About to close Vertx.
AutoTests.java: Vertx closed.

===========================================================================================
----------------- testing Sun May 19 04:26:19 UTC 2019 /home/travis/build/icyphy/ptII/ptolemy/domains/de/test/auto/ActorDepthCalculation_actorWithoutPorts.xml
----------------- Instantiating /home/travis/build/icyphy/ptII/ptolemy/domains/de/test/auto/ActorDepthCalculation_actorWithoutPorts.xml
1 ms. Memory: 619520K Free: 305137K (49%)
----------------- Invoking toplevel() on ptolemy.moml.MoMLSimpleApplication@fbb3ea4
----------------- Done invoking toplevel() on ptolemy.moml.MoMLSimpleApplication@fbb3ea4
reloadAllAccessors: .ActorDepthCalculation_actorWithoutPorts

===========================================================================================
----------------- testing Sun May 19 04:26:19 UTC 2019 /home/travis/build/icyphy/ptII/ptolemy/domains/de/test/auto/AssemblyLine.xml
----------------- Instantiating /home/travis/build/icyphy/ptII/ptolemy/domains/de/test/auto/AssemblyLine.xml
1 ms. Memory: 619520K Free: 283612K (46%)
----------------- Invoking toplevel() on ptolemy.moml.MoMLSimpleApplication@3e5483d7
----------------- Done invoking toplevel() on ptolemy.moml.MoMLSimpleApplication@3e5483d7
reloadAllAccessors: .AssemblyLine

===========================================================================================
----------------- testing Sun May 19 04:26:19 UTC 2019 /home/travis/build/icyphy/ptII/ptolemy/domains/de/test/auto/CQBug1.xml
----------------- Instantiating /home/travis/build/icyphy/ptII/ptolemy/domains/de/test/auto/CQBug1.xml
1 ms. Memory: 619520K Free: 262088K (42%)
----------------- Invoking toplevel() on ptolemy.moml.MoMLSimpleApplication@3f395c57
----------------- Done invoking toplevel() on ptolemy.moml.MoMLSimpleApplication@3f395c57
reloadAllAccessors: .CQBug1

===========================================================================================
----------------- testing Sun May 19 04:26:19 UTC 2019 /home/travis/build/icyphy/ptII/ptolemy/domains/de/test/auto/CancelFireAt.xml
----------------- Instantiating /home/travis/build/icyphy/ptII/ptolemy/domains/de/test/auto/CancelFireAt.xml
1 ms. Memory: 619520K Free: 240563K (39%)
----------------- Invoking toplevel() on ptolemy.moml.MoMLSimpleApplication@1fd8d774
----------------- Done invoking toplevel() on ptolemy.moml.MoMLSimpleApplication@1fd8d774
reloadAllAccessors: .CancelFireAt

===========================================================================================
----------------- testing Sun May 19 04:26:19 UTC 2019 /home/travis/build/icyphy/ptII/ptolemy/domains/de/test/auto/CausalityAndComposabilityAnalysis.xml
----------------- Instantiating /home/travis/build/icyphy/ptII/ptolemy/domains/de/test/auto/CausalityAndComposabilityAnalysis.xml
2 ms. Memory: 619520K Free: 219039K (35%)
----------------- Invoking toplevel() on ptolemy.moml.MoMLSimpleApplication@188beded
----------------- Done invoking toplevel() on ptolemy.moml.MoMLSimpleApplication@188beded
reloadAllAccessors: .CausalityAndComposabilityAnalysis

===========================================================================================
----------------- testing Sun May 19 04:26:19 UTC 2019 /home/travis/build/icyphy/ptII/ptolemy/domains/de/test/auto/CausalityInterface1.xml
----------------- Instantiating /home/travis/build/icyphy/ptII/ptolemy/domains/de/test/auto/CausalityInterface1.xml
4 ms. Memory: 619520K Free: 197514K (32%)
----------------- Invoking toplevel() on ptolemy.moml.MoMLSimpleApplication@668c885
----------------- Done invoking toplevel() on ptolemy.moml.MoMLSimpleApplication@668c885
reloadAllAccessors: .CausalityInterface1

===========================================================================================
----------------- testing Sun May 19 04:26:19 UTC 2019 /home/travis/build/icyphy/ptII/ptolemy/domains/de/test/auto/CausalityInterface15.xml
----------------- Instantiating /home/travis/build/icyphy/ptII/ptolemy/domains/de/test/auto/CausalityInterface15.xml
1 ms. Memory: 619520K Free: 175990K (28%)
----------------- Invoking toplevel() on ptolemy.moml.MoMLSimpleApplication@4a04409b
----------------- Done invoking toplevel() on ptolemy.moml.MoMLSimpleApplication@4a04409b
reloadAllAccessors: .CausalityInterface15

[...]
java.lang.RuntimeException: Execution failed
	at ptolemy.moml.MoMLSimpleApplication$UnloadThread.run(MoMLSimpleApplication.java:402)
Caused by: ptolemy.kernel.util.IllegalActionException: Test fails in iteration 1.
Value was: 1.0. Should have been: 2.0
  in .DirectFeedback.Test
	at ptolemy.actor.lib.Test.fire(Test.java:268)
	at ptolemy.domains.de.kernel.DEDirector._fire(DEDirector.java:1949)
	at ptolemy.domains.de.kernel.DEDirector.fire(DEDirector.java:502)
	at ptolemy.actor.CompositeActor.fire(CompositeActor.java:455)
	at ptolemy.actor.Manager.iterate(Manager.java:851)
	at ptolemy.actor.Manager.execute(Manager.java:369)
	at ptolemy.actor.Manager.run(Manager.java:1263)
	at ptolemy.actor.Manager$PtolemyRunThread.run(Manager.java:1915)
java.lang.RuntimeException: Execution failed
	at ptolemy.moml.MoMLSimpleApplication$UnloadThread.run(MoMLSimpleApplication.java:402)
Caused by: ptolemy.kernel.util.IllegalActionException: Actor is not ready to fire.  Perhaps UpSample.prefire() returned false? Try debugging the actor by selecting "Listen to Actor".  Also, for SDF check moml for tokenConsumptionRate on input.
  in .DESDFClockTest.Play Bell.Copy1:SDF Director and .DESDFClockTest.Play Bell.UpSample
	at ptolemy.actor.sched.StaticSchedulingDirector.fire(StaticSchedulingDirector.java:227)
	at ptolemy.domains.sdf.kernel.SDFDirector.fire(SDFDirector.java:500)
	at ptolemy.actor.CompositeActor.fire(CompositeActor.java:455)
	at ptolemy.domains.de.kernel.DEDirector._fire(DEDirector.java:1949)
	at ptolemy.domains.de.kernel.DEDirector.fire(DEDirector.java:502)
	at ptolemy.actor.CompositeActor.fire(CompositeActor.java:455)
	at ptolemy.actor.Manager.iterate(Manager.java:851)
	at ptolemy.actor.Manager.execute(Manager.java:369)
	at ptolemy.actor.Manager.run(Manager.java:1263)
	at ptolemy.actor.Manager$PtolemyRunThread.run(Manager.java:1915)
java.lang.reflect.InvocationTargetException
	at sun.reflect.NativeConstructorAccessorImpl.newInstance0(Native Method)
	at sun.reflect.NativeConstructorAccessorImpl.newInstance(NativeConstructorAccessorImpl.java:62)
	at sun.reflect.DelegatingConstructorAccessorImpl.newInstance(DelegatingConstructorAccessorImpl.java:45)
	at java.lang.reflect.Constructor.newInstance(Constructor.java:423)
	at ptolemy.util.test.junit.AutoKnownFailedTests.RunModel(AutoKnownFailedTests.java:105)
	at sun.reflect.NativeMethodAccessorImpl.invoke0(Native Method)
	at sun.reflect.NativeMethodAccessorImpl.invoke(NativeMethodAccessorImpl.java:62)
	at sun.reflect.DelegatingMethodAccessorImpl.invoke(DelegatingMethodAccessorImpl.java:43)
	at java.lang.reflect.Method.invoke(Method.java:498)
	at org.junit.runners.model.FrameworkMethod$1.runReflectiveCall(FrameworkMethod.java:44)
	at org.junit.internal.runners.model.ReflectiveCallable.run(ReflectiveCallable.java:15)
	at org.junit.runners.model.FrameworkMethod.invokeExplosively(FrameworkMethod.java:41)
	at junitparams.internal.InvokeParameterisedMethod.evaluate(InvokeParameterisedMethod.java:102)
	at org.junit.internal.runners.statements.FailOnTimeout$1.run(FailOnTimeout.java:28)
Caused by: ptolemy.kernel.util.IllegalActionException: Actor is not ready to fire.  Perhaps UpSample.prefire() returned false? Try debugging the actor by selecting "Listen to Actor".  Also, for SDF check moml for tokenConsumptionRate on input.
  in .DESDFClockTest.Play Bell.Copy1:SDF Director and .DESDFClockTest.Play Bell.UpSample
	at ptolemy.actor.sched.StaticSchedulingDirector.fire(StaticSchedulingDirector.java:227)
	at ptolemy.domains.sdf.kernel.SDFDirector.fire(SDFDirector.java:500)
	at ptolemy.actor.CompositeActor.fire(CompositeActor.java:455)
	at ptolemy.domains.de.kernel.DEDirector._fire(DEDirector.java:1949)
	at ptolemy.domains.de.kernel.DEDirector.fire(DEDirector.java:502)
	at ptolemy.actor.CompositeActor.fire(CompositeActor.java:455)
	at ptolemy.actor.Manager.iterate(Manager.java:851)
	at ptolemy.actor.Manager.execute(Manager.java:369)
	at ptolemy.actor.Manager.run(Manager.java:1263)
	at ptolemy.actor.Manager$PtolemyRunThread.run(Manager.java:1915)
java.lang.RuntimeException: Execution failed
	at ptolemy.moml.MoMLSimpleApplication$UnloadThread.run(MoMLSimpleApplication.java:402)
Caused by: ptolemy.kernel.util.IllegalActionException: Test fails in iteration 1.
Value was: 1.0. Should have been: 2.0
  in .DirectFeedback.Test
	at ptolemy.actor.lib.Test.fire(Test.java:268)
	at ptolemy.domains.de.kernel.DEDirector._fire(DEDirector.java:1949)
	at ptolemy.domains.de.kernel.DEDirector.fire(DEDirector.java:502)
	at ptolemy.actor.CompositeActor.fire(CompositeActor.java:455)
	at ptolemy.actor.Manager.iterate(Manager.java:851)
	at ptolemy.actor.Manager.execute(Manager.java:369)
	at ptolemy.actor.Manager.run(Manager.java:1263)
	at ptolemy.actor.Manager$PtolemyRunThread.run(Manager.java:1915)
java.lang.reflect.InvocationTargetException
	at sun.reflect.NativeConstructorAccessorImpl.newInstance0(Native Method)
	at sun.reflect.NativeConstructorAccessorImpl.newInstance(NativeConstructorAccessorImpl.java:62)
	at sun.reflect.DelegatingConstructorAccessorImpl.newInstance(DelegatingConstructorAccessorImpl.java:45)
	at java.lang.reflect.Constructor.newInstance(Constructor.java:423)
	at ptolemy.util.test.junit.AutoKnownFailedTests.RunModel(AutoKnownFailedTests.java:105)
	at sun.reflect.NativeMethodAccessorImpl.invoke0(Native Method)
	at sun.reflect.NativeMethodAccessorImpl.invoke(NativeMethodAccessorImpl.java:62)
	at sun.reflect.DelegatingMethodAccessorImpl.invoke(DelegatingMethodAccessorImpl.java:43)
	at java.lang.reflect.Method.invoke(Method.java:498)
	at org.junit.runners.model.FrameworkMethod$1.runReflectiveCall(FrameworkMethod.java:44)
	at org.junit.internal.runners.model.ReflectiveCallable.run(ReflectiveCallable.java:15)
	at org.junit.runners.model.FrameworkMethod.invokeExplosively(FrameworkMethod.java:41)
	at junitparams.internal.InvokeParameterisedMethod.evaluate(InvokeParameterisedMethod.java:102)
	at org.junit.internal.runners.statements.FailOnTimeout$1.run(FailOnTimeout.java:28)
Caused by: ptolemy.kernel.util.IllegalActionException: Test fails in iteration 1.
Value was: 1.0. Should have been: 2.0
  in .DirectFeedback.Test
	at ptolemy.actor.lib.Test.fire(Test.java:268)
	at ptolemy.domains.de.kernel.DEDirector._fire(DEDirector.java:1949)
	at ptolemy.domains.de.kernel.DEDirector.fire(DEDirector.java:502)
	at ptolemy.actor.CompositeActor.fire(CompositeActor.java:455)
	at ptolemy.actor.Manager.iterate(Manager.java:851)
	at ptolemy.actor.Manager.execute(Manager.java:369)
	at ptolemy.actor.Manager.run(Manager.java:1263)
	at ptolemy.actor.Manager$PtolemyRunThread.run(Manager.java:1915)
java.lang.RuntimeException: Execution failed
	at ptolemy.moml.MoMLSimpleApplication$UnloadThread.run(MoMLSimpleApplication.java:402)
Caused by: ptolemy.kernel.util.IllegalActionException: Found a zero delay loop containing .HierarchicalModel.A
  in .HierarchicalModel and .HierarchicalModel.A
	at ptolemy.actor.util.CausalityInterfaceForComposites._computeOutputPortDepth(CausalityInterfaceForComposites.java:759)
	at ptolemy.actor.util.CausalityInterfaceForComposites._computeInputDepth(CausalityInterfaceForComposites.java:696)
	at ptolemy.actor.util.CausalityInterfaceForComposites._computeOutputPortDepth(CausalityInterfaceForComposites.java:765)
	at ptolemy.actor.util.CausalityInterfaceForComposites._computeInputDepth(CausalityInterfaceForComposites.java:696)
	at ptolemy.actor.util.CausalityInterfaceForComposites._computeOutputPortDepth(CausalityInterfaceForComposites.java:765)
	at ptolemy.actor.util.CausalityInterfaceForComposites._computeInputDepth(CausalityInterfaceForComposites.java:696)
	at ptolemy.actor.util.CausalityInterfaceForComposites._computeActorDepth(CausalityInterfaceForComposites.java:532)
	at ptolemy.actor.util.CausalityInterfaceForComposites.checkForCycles(CausalityInterfaceForComposites.java:96)
	at ptolemy.domains.de.kernel.DEDirector.preinitialize(DEDirector.java:1338)
	at ptolemy.actor.CompositeActor.preinitialize(CompositeActor.java:1828)
	at ptolemy.actor.Manager.preinitializeAndResolveTypes(Manager.java:1040)
	at ptolemy.actor.Manager.initialize(Manager.java:710)
	at ptolemy.actor.Manager.execute(Manager.java:356)
	at ptolemy.actor.Manager.run(Manager.java:1263)
	at ptolemy.actor.Manager$PtolemyRunThread.run(Manager.java:1915)
java.lang.reflect.InvocationTargetException
	at sun.reflect.NativeConstructorAccessorImpl.newInstance0(Native Method)
	at sun.reflect.NativeConstructorAccessorImpl.newInstance(NativeConstructorAccessorImpl.java:62)
	at sun.reflect.DelegatingConstructorAccessorImpl.newInstance(DelegatingConstructorAccessorImpl.java:45)
	at java.lang.reflect.Constructor.newInstance(Constructor.java:423)
	at ptolemy.util.test.junit.AutoKnownFailedTests.RunModel(AutoKnownFailedTests.java:105)
	at sun.reflect.NativeMethodAccessorImpl.invoke0(Native Method)
	at sun.reflect.NativeMethodAccessorImpl.invoke(NativeMethodAccessorImpl.java:62)
	at sun.reflect.DelegatingMethodAccessorImpl.invoke(DelegatingMethodAccessorImpl.java:43)
	at java.lang.reflect.Method.invoke(Method.java:498)
	at org.junit.runners.model.FrameworkMethod$1.runReflectiveCall(FrameworkMethod.java:44)
	at org.junit.internal.runners.model.ReflectiveCallable.run(ReflectiveCallable.java:15)
	at org.junit.runners.model.FrameworkMethod.invokeExplosively(FrameworkMethod.java:41)
	at junitparams.internal.InvokeParameterisedMethod.evaluate(InvokeParameterisedMethod.java:102)
	at org.junit.internal.runners.statements.FailOnTimeout$1.run(FailOnTimeout.java:28)
Caused by: ptolemy.kernel.util.IllegalActionException: Found a zero delay loop containing .HierarchicalModel.A
  in .HierarchicalModel and .HierarchicalModel.A
	at ptolemy.actor.util.CausalityInterfaceForComposites._computeOutputPortDepth(CausalityInterfaceForComposites.java:759)
	at ptolemy.actor.util.CausalityInterfaceForComposites._computeInputDepth(CausalityInterfaceForComposites.java:696)
	at ptolemy.actor.util.CausalityInterfaceForComposites._computeOutputPortDepth(CausalityInterfaceForComposites.java:765)
	at ptolemy.actor.util.CausalityInterfaceForComposites._computeInputDepth(CausalityInterfaceForComposites.java:696)
	at ptolemy.actor.util.CausalityInterfaceForComposites._computeOutputPortDepth(CausalityInterfaceForComposites.java:765)
	at ptolemy.actor.util.CausalityInterfaceForComposites._computeInputDepth(CausalityInterfaceForComposites.java:696)
	at ptolemy.actor.util.CausalityInterfaceForComposites._computeActorDepth(CausalityInterfaceForComposites.java:532)
	at ptolemy.actor.util.CausalityInterfaceForComposites.checkForCycles(CausalityInterfaceForComposites.java:96)
	at ptolemy.domains.de.kernel.DEDirector.preinitialize(DEDirector.java:1338)
	at ptolemy.actor.CompositeActor.preinitialize(CompositeActor.java:1828)
	at ptolemy.actor.Manager.preinitializeAndResolveTypes(Manager.java:1040)
	at ptolemy.actor.Manager.initialize(Manager.java:710)
	at ptolemy.actor.Manager.execute(Manager.java:356)
	at ptolemy.actor.Manager.run(Manager.java:1263)
	at ptolemy.actor.Manager$PtolemyRunThread.run(Manager.java:1915)
java.lang.RuntimeException: Execution failed
	at ptolemy.moml.MoMLSimpleApplication$UnloadThread.run(MoMLSimpleApplication.java:402)
Caused by: ptolemy.kernel.util.IllegalActionException: Found a zero delay loop containing .dependencyLoop.original
  in .dependencyLoop and .dependencyLoop.original
	at ptolemy.actor.util.CausalityInterfaceForComposites._computeOutputPortDepth(CausalityInterfaceForComposites.java:759)
	at ptolemy.actor.util.CausalityInterfaceForComposites._computeInputDepth(CausalityInterfaceForComposites.java:696)
	at ptolemy.actor.util.CausalityInterfaceForComposites._computeOutputPortDepth(CausalityInterfaceForComposites.java:765)
	at ptolemy.actor.util.CausalityInterfaceForComposites._computeInputDepth(CausalityInterfaceForComposites.java:696)
	at ptolemy.actor.util.CausalityInterfaceForComposites._computeOutputPortDepth(CausalityInterfaceForComposites.java:765)
	at ptolemy.actor.util.CausalityInterfaceForComposites._computeInputDepth(CausalityInterfaceForComposites.java:696)
	at ptolemy.actor.util.CausalityInterfaceForComposites._computeActorDepth(CausalityInterfaceForComposites.java:532)
	at ptolemy.actor.util.CausalityInterfaceForComposites.checkForCycles(CausalityInterfaceForComposites.java:96)
	at ptolemy.domains.de.kernel.DEDirector.preinitialize(DEDirector.java:1338)
	at ptolemy.actor.CompositeActor.preinitialize(CompositeActor.java:1828)
	at ptolemy.actor.Manager.preinitializeAndResolveTypes(Manager.java:1040)
	at ptolemy.actor.Manager.initialize(Manager.java:710)
	at ptolemy.actor.Manager.execute(Manager.java:356)
	at ptolemy.actor.Manager.run(Manager.java:1263)
	at ptolemy.actor.Manager$PtolemyRunThread.run(Manager.java:1915)
java.lang.reflect.InvocationTargetException
	at sun.reflect.NativeConstructorAccessorImpl.newInstance0(Native Method)
	at sun.reflect.NativeConstructorAccessorImpl.newInstance(NativeConstructorAccessorImpl.java:62)
	at sun.reflect.DelegatingConstructorAccessorImpl.newInstance(DelegatingConstructorAccessorImpl.java:45)
	at java.lang.reflect.Constructor.newInstance(Constructor.java:423)
	at ptolemy.util.test.junit.AutoKnownFailedTests.RunModel(AutoKnownFailedTests.java:105)
	at sun.reflect.NativeMethodAccessorImpl.invoke0(Native Method)
	at sun.reflect.NativeMethodAccessorImpl.invoke(NativeMethodAccessorImpl.java:62)
	at sun.reflect.DelegatingMethodAccessorImpl.invoke(DelegatingMethodAccessorImpl.java:43)
	at java.lang.reflect.Method.invoke(Method.java:498)
	at org.junit.runners.model.FrameworkMethod$1.runReflectiveCall(FrameworkMethod.java:44)
	at org.junit.internal.runners.model.ReflectiveCallable.run(ReflectiveCallable.java:15)
	at org.junit.runners.model.FrameworkMethod.invokeExplosively(FrameworkMethod.java:41)
	at junitparams.internal.InvokeParameterisedMethod.evaluate(InvokeParameterisedMethod.java:102)
	at org.junit.internal.runners.statements.FailOnTimeout$1.run(FailOnTimeout.java:28)
Caused by: ptolemy.kernel.util.IllegalActionException: Found a zero delay loop containing .dependencyLoop.original
  in .dependencyLoop and .dependencyLoop.original
	at ptolemy.actor.util.CausalityInterfaceForComposites._computeOutputPortDepth(CausalityInterfaceForComposites.java:759)
	at ptolemy.actor.util.CausalityInterfaceForComposites._computeInputDepth(CausalityInterfaceForComposites.java:696)
	at ptolemy.actor.util.CausalityInterfaceForComposites._computeOutputPortDepth(CausalityInterfaceForComposites.java:765)
	at ptolemy.actor.util.CausalityInterfaceForComposites._computeInputDepth(CausalityInterfaceForComposites.java:696)
	at ptolemy.actor.util.CausalityInterfaceForComposites._computeOutputPortDepth(CausalityInterfaceForComposites.java:765)
	at ptolemy.actor.util.CausalityInterfaceForComposites._computeInputDepth(CausalityInterfaceForComposites.java:696)
	at ptolemy.actor.util.CausalityInterfaceForComposites._computeActorDepth(CausalityInterfaceForComposites.java:532)
	at ptolemy.actor.util.CausalityInterfaceForComposites.checkForCycles(CausalityInterfaceForComposites.java:96)
	at ptolemy.domains.de.kernel.DEDirector.preinitialize(DEDirector.java:1338)
	at ptolemy.actor.CompositeActor.preinitialize(CompositeActor.java:1828)
	at ptolemy.actor.Manager.preinitializeAndResolveTypes(Manager.java:1040)
	at ptolemy.actor.Manager.initialize(Manager.java:710)
	at ptolemy.actor.Manager.execute(Manager.java:356)
	at ptolemy.actor.Manager.run(Manager.java:1263)
	at ptolemy.actor.Manager$PtolemyRunThread.run(Manager.java:1915)
java.lang.RuntimeException: Execution failed
	at ptolemy.moml.MoMLSimpleApplication$UnloadThread.run(MoMLSimpleApplication.java:402)
Caused by: ptolemy.kernel.util.IllegalActionException: Found a zero delay loop containing .dependencyLoop2.original
  in .dependencyLoop2 and .dependencyLoop2.original
	at ptolemy.actor.util.CausalityInterfaceForComposites._computeOutputPortDepth(CausalityInterfaceForComposites.java:759)
	at ptolemy.actor.util.CausalityInterfaceForComposites._computeInputDepth(CausalityInterfaceForComposites.java:696)
	at ptolemy.actor.util.CausalityInterfaceForComposites._computeOutputPortDepth(CausalityInterfaceForComposites.java:765)
	at ptolemy.actor.util.CausalityInterfaceForComposites._computeInputDepth(CausalityInterfaceForComposites.java:696)
	at ptolemy.actor.util.CausalityInterfaceForComposites._computeOutputPortDepth(CausalityInterfaceForComposites.java:765)
	at ptolemy.actor.util.CausalityInterfaceForComposites._computeInputDepth(CausalityInterfaceForComposites.java:696)
	at ptolemy.actor.util.CausalityInterfaceForComposites._computeActorDepth(CausalityInterfaceForComposites.java:532)
	at ptolemy.actor.util.CausalityInterfaceForComposites.checkForCycles(CausalityInterfaceForComposites.java:96)
	at ptolemy.domains.de.kernel.DEDirector.preinitialize(DEDirector.java:1338)
	at ptolemy.actor.CompositeActor.preinitialize(CompositeActor.java:1828)
	at ptolemy.actor.Manager.preinitializeAndResolveTypes(Manager.java:1040)
	at ptolemy.actor.Manager.initialize(Manager.java:710)
	at ptolemy.actor.Manager.execute(Manager.java:356)
	at ptolemy.actor.Manager.run(Manager.java:1263)
	at ptolemy.actor.Manager$PtolemyRunThread.run(Manager.java:1915)
java.lang.reflect.InvocationTargetException
	at sun.reflect.NativeConstructorAccessorImpl.newInstance0(Native Method)
	at sun.reflect.NativeConstructorAccessorImpl.newInstance(NativeConstructorAccessorImpl.java:62)
	at sun.reflect.DelegatingConstructorAccessorImpl.newInstance(DelegatingConstructorAccessorImpl.java:45)
	at java.lang.reflect.Constructor.newInstance(Constructor.java:423)
	at ptolemy.util.test.junit.AutoKnownFailedTests.RunModel(AutoKnownFailedTests.java:105)
	at sun.reflect.NativeMethodAccessorImpl.invoke0(Native Method)
	at sun.reflect.NativeMethodAccessorImpl.invoke(NativeMethodAccessorImpl.java:62)
	at sun.reflect.DelegatingMethodAccessorImpl.invoke(DelegatingMethodAccessorImpl.java:43)
	at java.lang.reflect.Method.invoke(Method.java:498)
	at org.junit.runners.model.FrameworkMethod$1.runReflectiveCall(FrameworkMethod.java:44)
	at org.junit.internal.runners.model.ReflectiveCallable.run(ReflectiveCallable.java:15)
	at org.junit.runners.model.FrameworkMethod.invokeExplosively(FrameworkMethod.java:41)
	at junitparams.internal.InvokeParameterisedMethod.evaluate(InvokeParameterisedMethod.java:102)
	at org.junit.internal.runners.statements.FailOnTimeout$1.run(FailOnTimeout.java:28)
Caused by: ptolemy.kernel.util.IllegalActionException: Found a zero delay loop containing .dependencyLoop2.original
  in .dependencyLoop2 and .dependencyLoop2.original
	at ptolemy.actor.util.CausalityInterfaceForComposites._computeOutputPortDepth(CausalityInterfaceForComposites.java:759)
	at ptolemy.actor.util.CausalityInterfaceForComposites._computeInputDepth(CausalityInterfaceForComposites.java:696)
	at ptolemy.actor.util.CausalityInterfaceForComposites._computeOutputPortDepth(CausalityInterfaceForComposites.java:765)
	at ptolemy.actor.util.CausalityInterfaceForComposites._computeInputDepth(CausalityInterfaceForComposites.java:696)
	at ptolemy.actor.util.CausalityInterfaceForComposites._computeOutputPortDepth(CausalityInterfaceForComposites.java:765)
	at ptolemy.actor.util.CausalityInterfaceForComposites._computeInputDepth(CausalityInterfaceForComposites.java:696)
	at ptolemy.actor.util.CausalityInterfaceForComposites._computeActorDepth(CausalityInterfaceForComposites.java:532)
	at ptolemy.actor.util.CausalityInterfaceForComposites.checkForCycles(CausalityInterfaceForComposites.java:96)
	at ptolemy.domains.de.kernel.DEDirector.preinitialize(DEDirector.java:1338)
	at ptolemy.actor.CompositeActor.preinitialize(CompositeActor.java:1828)
	at ptolemy.actor.Manager.preinitializeAndResolveTypes(Manager.java:1040)
	at ptolemy.actor.Manager.initialize(Manager.java:710)
	at ptolemy.actor.Manager.execute(Manager.java:356)
	at ptolemy.actor.Manager.run(Manager.java:1263)
	at ptolemy.actor.Manager$PtolemyRunThread.run(Manager.java:1915)
]]></system-err>
</testsuite>
