<?xml version="1.0" encoding="UTF-8" ?>
<testsuite errors="0" failures="0" hostname="travis-job-302e8c2f-1137-427e-a739-6fec547731eb" name="ptolemy.domains.de.test.junit.JUnitTclTest" skipped="0" tests="101" time="122.801" timestamp="2020-01-30T06:50:17">
  <properties>
[...]
</properties>
  <testcase classname="ptolemy.util.test.junit.TclTests" name="[0] /home/travis/build/icyphy/ptII/ptolemy/domains/de/test/DependencyLoop.tcl (RunTclFile)" time="1.025" />
  <testcase classname="ptolemy.util.test.junit.TclTests" name="[1] /home/travis/build/icyphy/ptII/ptolemy/domains/de/test/RunDETestsAsQSS.tcl (RunTclFile)" time="83.427" />
  <testcase classname="ptolemy.util.test.junit.AutoKnownFailedTests" name="[0] /home/travis/build/icyphy/ptII/ptolemy/domains/de/test/auto/knownFailedTests/DESDFClockTest.xml (RunModel)" time="2.042" />
  <testcase classname="ptolemy.util.test.junit.AutoKnownFailedTests" name="[1] /home/travis/build/icyphy/ptII/ptolemy/domains/de/test/auto/knownFailedTests/DirectFeedback.xml (RunModel)" time="0.023" />
  <testcase classname="ptolemy.util.test.junit.AutoKnownFailedTests" name="[2] /home/travis/build/icyphy/ptII/ptolemy/domains/de/test/auto/knownFailedTests/FSMSource.xml (RunModel)" time="0.032" />
  <testcase classname="ptolemy.util.test.junit.AutoKnownFailedTests" name="[3] /home/travis/build/icyphy/ptII/ptolemy/domains/de/test/auto/knownFailedTests/HierarchicalModel.xml (RunModel)" time="0.046" />
  <testcase classname="ptolemy.util.test.junit.AutoKnownFailedTests" name="[4] /home/travis/build/icyphy/ptII/ptolemy/domains/de/test/auto/knownFailedTests/dependencyLoop.xml (RunModel)" time="0.043" />
  <testcase classname="ptolemy.util.test.junit.AutoKnownFailedTests" name="[5] /home/travis/build/icyphy/ptII/ptolemy/domains/de/test/auto/knownFailedTests/dependencyLoop2.xml (RunModel)" time="0.051" />
  <testcase classname="ptolemy.util.test.junit.AutoNameArchTests" name="[0] ThereAreNoAutoArchTests (RunModel)" time="0.001" />
  <testcase classname="ptolemy.util.test.junit.AutoTests" name="[0] /home/travis/build/icyphy/ptII/ptolemy/domains/de/test/auto/ActorDepthCalculation_actorWithoutPorts.xml (RunModel)" time="0.029" />
  <testcase classname="ptolemy.util.test.junit.AutoTests" name="[1] /home/travis/build/icyphy/ptII/ptolemy/domains/de/test/auto/AssemblyLine.xml (RunModel)" time="0.032" />
  <testcase classname="ptolemy.util.test.junit.AutoTests" name="[2] /home/travis/build/icyphy/ptII/ptolemy/domains/de/test/auto/CQBug1.xml (RunModel)" time="0.017" />
  <testcase classname="ptolemy.util.test.junit.AutoTests" name="[3] /home/travis/build/icyphy/ptII/ptolemy/domains/de/test/auto/CancelFireAt.xml (RunModel)" time="0.009" />
  <testcase classname="ptolemy.util.test.junit.AutoTests" name="[4] /home/travis/build/icyphy/ptII/ptolemy/domains/de/test/auto/CausalityAndComposabilityAnalysis.xml (RunModel)" time="0.014" />
  <testcase classname="ptolemy.util.test.junit.AutoTests" name="[5] /home/travis/build/icyphy/ptII/ptolemy/domains/de/test/auto/CausalityInterface1.xml (RunModel)" time="0.016" />
  <testcase classname="ptolemy.util.test.junit.AutoTests" name="[6] /home/travis/build/icyphy/ptII/ptolemy/domains/de/test/auto/CausalityInterface15.xml (RunModel)" time="0.016" />
  <testcase classname="ptolemy.util.test.junit.AutoTests" name="[7] /home/travis/build/icyphy/ptII/ptolemy/domains/de/test/auto/CausalityInterface2.xml (RunModel)" time="0.015" />
  <testcase classname="ptolemy.util.test.junit.AutoTests" name="[8] /home/travis/build/icyphy/ptII/ptolemy/domains/de/test/auto/CausalityInterface3.xml (RunModel)" time="0.017" />
  <testcase classname="ptolemy.util.test.junit.AutoTests" name="[9] /home/travis/build/icyphy/ptII/ptolemy/domains/de/test/auto/ClockDrift.xml (RunModel)" time="0.043" />
  <testcase classname="ptolemy.util.test.junit.AutoTests" name="[10] /home/travis/build/icyphy/ptII/ptolemy/domains/de/test/auto/ClockDriftAndValueChange.xml (RunModel)" time="0.032" />
  <testcase classname="ptolemy.util.test.junit.AutoTests" name="[11] /home/travis/build/icyphy/ptII/ptolemy/domains/de/test/auto/ClockDriftChange.xml (RunModel)" time="0.032" />
  <testcase classname="ptolemy.util.test.junit.AutoTests" name="[12] /home/travis/build/icyphy/ptII/ptolemy/domains/de/test/auto/ComposableCausalityAnalysis.xml (RunModel)" time="0.013" />
  <testcase classname="ptolemy.util.test.junit.AutoTests" name="[13] /home/travis/build/icyphy/ptII/ptolemy/domains/de/test/auto/DEFixedPointLimitation.xml (RunModel)" time="0.009" />
  <testcase classname="ptolemy.util.test.junit.AutoTests" name="[14] /home/travis/build/icyphy/ptII/ptolemy/domains/de/test/auto/DEScheduleTest.xml (RunModel)" time="0.011" />
  <testcase classname="ptolemy.util.test.junit.AutoTests" name="[15] /home/travis/build/icyphy/ptII/ptolemy/domains/de/test/auto/DEinDEwithStartTimes.xml (RunModel)" time="0.015" />
  <testcase classname="ptolemy.util.test.junit.AutoTests" name="[16] /home/travis/build/icyphy/ptII/ptolemy/domains/de/test/auto/DEinDEwithStartTimes2.xml (RunModel)" time="0.021" />
  <testcase classname="ptolemy.util.test.junit.AutoTests" name="[17] /home/travis/build/icyphy/ptII/ptolemy/domains/de/test/auto/DateDemo.xml (RunModel)" time="0.03" />
  <testcase classname="ptolemy.util.test.junit.AutoTests" name="[18] /home/travis/build/icyphy/ptII/ptolemy/domains/de/test/auto/DateToEvent.xml (RunModel)" time="2.041" />
  <testcase classname="ptolemy.util.test.junit.AutoTests" name="[19] /home/travis/build/icyphy/ptII/ptolemy/domains/de/test/auto/DepthTest1.xml (RunModel)" time="0.011" />
  <testcase classname="ptolemy.util.test.junit.AutoTests" name="[20] /home/travis/build/icyphy/ptII/ptolemy/domains/de/test/auto/DepthTest2.xml (RunModel)" time="0.019" />
  <testcase classname="ptolemy.util.test.junit.AutoTests" name="[21] /home/travis/build/icyphy/ptII/ptolemy/domains/de/test/auto/DepthTest3.xml (RunModel)" time="0.008" />
  <testcase classname="ptolemy.util.test.junit.AutoTests" name="[22] /home/travis/build/icyphy/ptII/ptolemy/domains/de/test/auto/DepthTest4.xml (RunModel)" time="0.019" />
  <testcase classname="ptolemy.util.test.junit.AutoTests" name="[23] /home/travis/build/icyphy/ptII/ptolemy/domains/de/test/auto/DepthTest5.xml (RunModel)" time="0.024" />
  <testcase classname="ptolemy.util.test.junit.AutoTests" name="[24] /home/travis/build/icyphy/ptII/ptolemy/domains/de/test/auto/DepthTest6.xml (RunModel)" time="0.018" />
  <testcase classname="ptolemy.util.test.junit.AutoTests" name="[25] /home/travis/build/icyphy/ptII/ptolemy/domains/de/test/auto/DepthTest7.xml (RunModel)" time="0.012" />
  <testcase classname="ptolemy.util.test.junit.AutoTests" name="[26] /home/travis/build/icyphy/ptII/ptolemy/domains/de/test/auto/EventToDate.xml (RunModel)" time="3.045" />
  <testcase classname="ptolemy.util.test.junit.AutoTests" name="[27] /home/travis/build/icyphy/ptII/ptolemy/domains/de/test/auto/FSM1.xml (RunModel)" time="0.063" />
  <testcase classname="ptolemy.util.test.junit.AutoTests" name="[28] /home/travis/build/icyphy/ptII/ptolemy/domains/de/test/auto/FSM7.xml (RunModel)" time="0.039" />
  <testcase classname="ptolemy.util.test.junit.AutoTests" name="[29] /home/travis/build/icyphy/ptII/ptolemy/domains/de/test/auto/Inspection.xml (RunModel)" time="0.043" />
  <testcase classname="ptolemy.util.test.junit.AutoTests" name="[30] /home/travis/build/icyphy/ptII/ptolemy/domains/de/test/auto/Iteration.xml (RunModel)" time="0.026" />
  <testcase classname="ptolemy.util.test.junit.AutoTests" name="[31] /home/travis/build/icyphy/ptII/ptolemy/domains/de/test/auto/LineFault.xml (RunModel)" time="0.548" />
  <testcase classname="ptolemy.util.test.junit.AutoTests" name="[32] /home/travis/build/icyphy/ptII/ptolemy/domains/de/test/auto/MergeModel1Add.xml (RunModel)" time="0.049" />
  <testcase classname="ptolemy.util.test.junit.AutoTests" name="[33] /home/travis/build/icyphy/ptII/ptolemy/domains/de/test/auto/MergeModel2Add.xml (RunModel)" time="0.04" />
  <testcase classname="ptolemy.util.test.junit.AutoTests" name="[34] /home/travis/build/icyphy/ptII/ptolemy/domains/de/test/auto/MergeModel3Add.xml (RunModel)" time="0.046" />
  <testcase classname="ptolemy.util.test.junit.AutoTests" name="[35] /home/travis/build/icyphy/ptII/ptolemy/domains/de/test/auto/MergeWithoutDiscard.xml (RunModel)" time="0.011" />
  <testcase classname="ptolemy.util.test.junit.AutoTests" name="[36] /home/travis/build/icyphy/ptII/ptolemy/domains/de/test/auto/Modal1.xml (RunModel)" time="0.025" />
  <testcase classname="ptolemy.util.test.junit.AutoTests" name="[37] /home/travis/build/icyphy/ptII/ptolemy/domains/de/test/auto/Modal2.xml (RunModel)" time="0.031" />
  <testcase classname="ptolemy.util.test.junit.AutoTests" name="[38] /home/travis/build/icyphy/ptII/ptolemy/domains/de/test/auto/Modal3.xml (RunModel)" time="0.029" />
  <testcase classname="ptolemy.util.test.junit.AutoTests" name="[39] /home/travis/build/icyphy/ptII/ptolemy/domains/de/test/auto/Modal4.xml (RunModel)" time="0.032" />
  <testcase classname="ptolemy.util.test.junit.AutoTests" name="[40] /home/travis/build/icyphy/ptII/ptolemy/domains/de/test/auto/Modal5.xml (RunModel)" time="0.025" />
  <testcase classname="ptolemy.util.test.junit.AutoTests" name="[41] /home/travis/build/icyphy/ptII/ptolemy/domains/de/test/auto/Modal6.xml (RunModel)" time="0.031" />
  <testcase classname="ptolemy.util.test.junit.AutoTests" name="[42] /home/travis/build/icyphy/ptII/ptolemy/domains/de/test/auto/Modal7.xml (RunModel)" time="0.027" />
  <testcase classname="ptolemy.util.test.junit.AutoTests" name="[43] /home/travis/build/icyphy/ptII/ptolemy/domains/de/test/auto/ModalModel.xml (RunModel)" time="0.171" />
  <testcase classname="ptolemy.util.test.junit.AutoTests" name="[44] /home/travis/build/icyphy/ptII/ptolemy/domains/de/test/auto/ModalSource.xml (RunModel)" time="0.015" />
  <testcase classname="ptolemy.util.test.junit.AutoTests" name="[45] /home/travis/build/icyphy/ptII/ptolemy/domains/de/test/auto/NonInterruptibleTimerZeroDelay.xml (RunModel)" time="0.012" />
  <testcase classname="ptolemy.util.test.junit.AutoTests" name="[46] /home/travis/build/icyphy/ptII/ptolemy/domains/de/test/auto/OpenQueueingNetwork.xml (RunModel)" time="2.121" />
  <testcase classname="ptolemy.util.test.junit.AutoTests" name="[47] /home/travis/build/icyphy/ptII/ptolemy/domains/de/test/auto/OpenQueuingNetwork.xml (RunModel)" time="0.242" />
  <testcase classname="ptolemy.util.test.junit.AutoTests" name="[48] /home/travis/build/icyphy/ptII/ptolemy/domains/de/test/auto/PeriodicSampler.xml (RunModel)" time="0.014" />
  <testcase classname="ptolemy.util.test.junit.AutoTests" name="[49] /home/travis/build/icyphy/ptII/ptolemy/domains/de/test/auto/PersistentIO.xml (RunModel)" time="0.017" />
  <testcase classname="ptolemy.util.test.junit.AutoTests" name="[50] /home/travis/build/icyphy/ptII/ptolemy/domains/de/test/auto/PortParameterResetOnInitialize.xml (RunModel)" time="0.009" />
  <testcase classname="ptolemy.util.test.junit.AutoTests" name="[51] /home/travis/build/icyphy/ptII/ptolemy/domains/de/test/auto/PortParameterUpdates.xml (RunModel)" time="0.013" />
  <testcase classname="ptolemy.util.test.junit.AutoTests" name="[52] /home/travis/build/icyphy/ptII/ptolemy/domains/de/test/auto/QueueAndServer.xml (RunModel)" time="0.019" />
  <testcase classname="ptolemy.util.test.junit.AutoTests" name="[53] /home/travis/build/icyphy/ptII/ptolemy/domains/de/test/auto/Records.xml (RunModel)" time="0.014" />
  <testcase classname="ptolemy.util.test.junit.AutoTests" name="[54] /home/travis/build/icyphy/ptII/ptolemy/domains/de/test/auto/ResetTransitionWithStartTime1.xml (RunModel)" time="0.017" />
  <testcase classname="ptolemy.util.test.junit.AutoTests" name="[55] /home/travis/build/icyphy/ptII/ptolemy/domains/de/test/auto/ResetTransitionWithStartTime2.xml (RunModel)" time="0.02" />
  <testcase classname="ptolemy.util.test.junit.AutoTests" name="[56] /home/travis/build/icyphy/ptII/ptolemy/domains/de/test/auto/ResetTransitionWithStartTime3.xml (RunModel)" time="0.017" />
  <testcase classname="ptolemy.util.test.junit.AutoTests" name="[57] /home/travis/build/icyphy/ptII/ptolemy/domains/de/test/auto/ResetTransitionWithStartTime4.xml (RunModel)" time="0.02" />
  <testcase classname="ptolemy.util.test.junit.AutoTests" name="[58] /home/travis/build/icyphy/ptII/ptolemy/domains/de/test/auto/ResettableTimer1.xml (RunModel)" time="0.009" />
  <testcase classname="ptolemy.util.test.junit.AutoTests" name="[59] /home/travis/build/icyphy/ptII/ptolemy/domains/de/test/auto/ResettableTimer2.xml (RunModel)" time="0.009" />
  <testcase classname="ptolemy.util.test.junit.AutoTests" name="[60] /home/travis/build/icyphy/ptII/ptolemy/domains/de/test/auto/ResettableTimer3.xml (RunModel)" time="0.008" />
  <testcase classname="ptolemy.util.test.junit.AutoTests" name="[61] /home/travis/build/icyphy/ptII/ptolemy/domains/de/test/auto/ResettableTimer4.xml (RunModel)" time="0.008" />
  <testcase classname="ptolemy.util.test.junit.AutoTests" name="[62] /home/travis/build/icyphy/ptII/ptolemy/domains/de/test/auto/ResettableTimer5.xml (RunModel)" time="0.009" />
  <testcase classname="ptolemy.util.test.junit.AutoTests" name="[63] /home/travis/build/icyphy/ptII/ptolemy/domains/de/test/auto/ResettableTimer6.xml (RunModel)" time="0.015" />
  <testcase classname="ptolemy.util.test.junit.AutoTests" name="[64] /home/travis/build/icyphy/ptII/ptolemy/domains/de/test/auto/ServerZeroDelay.xml (RunModel)" time="0.009" />
  <testcase classname="ptolemy.util.test.junit.AutoTests" name="[65] /home/travis/build/icyphy/ptII/ptolemy/domains/de/test/auto/SmartSender.xml (RunModel)" time="3.009" />
  <testcase classname="ptolemy.util.test.junit.AutoTests" name="[66] /home/travis/build/icyphy/ptII/ptolemy/domains/de/test/auto/ThreadedComposite.xml (RunModel)" time="0.192" />
  <testcase classname="ptolemy.util.test.junit.AutoTests" name="[67] /home/travis/build/icyphy/ptII/ptolemy/domains/de/test/auto/Time.xml (RunModel)" time="0.448" />
  <testcase classname="ptolemy.util.test.junit.AutoTests" name="[68] /home/travis/build/icyphy/ptII/ptolemy/domains/de/test/auto/TimeDelayZeroDelay.xml (RunModel)" time="0.011" />
  <testcase classname="ptolemy.util.test.junit.AutoTests" name="[69] /home/travis/build/icyphy/ptII/ptolemy/domains/de/test/auto/TimerZeroDelay.xml (RunModel)" time="0.01" />
  <testcase classname="ptolemy.util.test.junit.AutoTests" name="[70] /home/travis/build/icyphy/ptII/ptolemy/domains/de/test/auto/TimingParadox.xml (RunModel)" time="0.364" />
  <testcase classname="ptolemy.util.test.junit.AutoTests" name="[71] /home/travis/build/icyphy/ptII/ptolemy/domains/de/test/auto/TransferInputs.xml (RunModel)" time="0.013" />
  <testcase classname="ptolemy.util.test.junit.AutoTests" name="[72] /home/travis/build/icyphy/ptII/ptolemy/domains/de/test/auto/TransferOutputs2.xml (RunModel)" time="0.014" />
  <testcase classname="ptolemy.util.test.junit.AutoTests" name="[73] /home/travis/build/icyphy/ptII/ptolemy/domains/de/test/auto/Trilateration.xml (RunModel)" time="10.377" />
  <testcase classname="ptolemy.util.test.junit.AutoTests" name="[74] /home/travis/build/icyphy/ptII/ptolemy/domains/de/test/auto/TwoSigmaDelta.xml (RunModel)" time="1.7" />
  <testcase classname="ptolemy.util.test.junit.AutoTests" name="[75] /home/travis/build/icyphy/ptII/ptolemy/domains/de/test/auto/VariableDelay.xml (RunModel)" time="0.011" />
  <testcase classname="ptolemy.util.test.junit.AutoTests" name="[76] /home/travis/build/icyphy/ptII/ptolemy/domains/de/test/auto/VariableDelay2.xml (RunModel)" time="0.01" />
  <testcase classname="ptolemy.util.test.junit.AutoTests" name="[77] /home/travis/build/icyphy/ptII/ptolemy/domains/de/test/auto/VariableDelayZeroDelay.xml (RunModel)" time="0.011" />
  <testcase classname="ptolemy.util.test.junit.AutoTests" name="[78] /home/travis/build/icyphy/ptII/ptolemy/domains/de/test/auto/VariableDelayZeroDelay2.xml (RunModel)" time="0.01" />
  <testcase classname="ptolemy.util.test.junit.AutoTests" name="[79] /home/travis/build/icyphy/ptII/ptolemy/domains/de/test/auto/deInCt.xml (RunModel)" time="0.014" />
  <testcase classname="ptolemy.util.test.junit.AutoTests" name="[80] /home/travis/build/icyphy/ptII/ptolemy/domains/de/test/auto/deInCt2.xml (RunModel)" time="0.013" />
  <testcase classname="ptolemy.util.test.junit.AutoTests" name="[81] /home/travis/build/icyphy/ptII/ptolemy/domains/de/test/auto/dynamicCausalityInterface1.xml (RunModel)" time="0.015" />
  <testcase classname="ptolemy.util.test.junit.AutoTests" name="[82] /home/travis/build/icyphy/ptII/ptolemy/domains/de/test/auto/fsm_de_test.xml (RunModel)" time="0.02" />
  <testcase classname="ptolemy.util.test.junit.AutoTests" name="[83] /home/travis/build/icyphy/ptII/ptolemy/domains/de/test/auto/functionDependencyReconstruction.xml (RunModel)" time="0.026" />
  <testcase classname="ptolemy.util.test.junit.AutoTests" name="[84] /home/travis/build/icyphy/ptII/ptolemy/domains/de/test/auto/multirate.xml (RunModel)" time="0.013" />
  <testcase classname="ptolemy.util.test.junit.AutoTests" name="[85] /home/travis/build/icyphy/ptII/ptolemy/domains/de/test/auto/multirate2.xml (RunModel)" time="0.012" />
  <testcase classname="ptolemy.util.test.junit.AutoTests" name="[86] /home/travis/build/icyphy/ptII/ptolemy/domains/de/test/auto/realtime.xml (RunModel)" time="10.014" />
  <testcase classname="ptolemy.util.test.junit.AutoTests" name="[87] /home/travis/build/icyphy/ptII/ptolemy/domains/de/test/auto/relationGroup.xml (RunModel)" time="0.023" />
  <testcase classname="ptolemy.util.test.junit.AutoTests" name="[88] /home/travis/build/icyphy/ptII/ptolemy/domains/de/test/auto/relationGroup2.xml (RunModel)" time="0.006" />
  <testcase classname="ptolemy.util.test.junit.AutoTests" name="[89] /home/travis/build/icyphy/ptII/ptolemy/domains/de/test/auto/sortWithOpaquePorts.xml (RunModel)" time="0.009" />
  <testcase classname="ptolemy.util.test.junit.AutoTests" name="[90] /home/travis/build/icyphy/ptII/ptolemy/domains/de/test/auto/transferInputsandOutputs.xml (RunModel)" time="0.013" />
  <testcase classname="ptolemy.util.test.junit.AutoTests" name="[91] /home/travis/build/icyphy/ptII/ptolemy/domains/de/test/auto/triggerType.xml (RunModel)" time="0.007" />
  <system-out><![CDATA[/home/travis/build/icyphy/ptII/ptolemy/domains/de/test/DependencyLoop.tcl
testDefs.tcl: setting time out to 9000 seconds at Thu Jan 30 06:50:17 UTC 2020
88 ms. Memory: 129024K Free: 78667K (61%)
17 ms. Memory: 129024K Free: 61259K (47%)
/home/travis/build/icyphy/ptII/ptolemy/domains/de/test/RunDETestsAsQSS.tcl
Run the DE tests using ptolemy.domains.qss.test.QSSDirectorTest, which extends QSSDirector and prints a message in the constructors.
------------------ testing $PTII/ptolemy/domains/de/test/auto/knownFailedTests/DirectFeedback.xml (Known Failure) 
56 ms. Memory: 129024K Free: 56139K (44%)


==== $PTIIhome/travis/build/icyphy/ptII/ptolemy/domains/de/test/../../../../: Auto Automatic test in file $PTII/ptolemy/domains/de/test/auto/knownFailedTests/DirectFeedback.xml
==== Contents of test case:

	    # FIXME: we should use $relativeFilename here, but it
	    # might have backslashes under Windows, which causes no end
	    # of trouble.
	    createAndExecute $file
	    list {}
	
.... Test generated KNOWN error:
    while executing
ptolemy.kernel.util.IllegalActionException: Test fails in iteration 1.
Value was: 1.0. Should have been: 2.0
  in .DirectFeedback.Test
	at ptolemy.actor.lib.Test.fire(Test.java:268)
	at ptolemy.domains.de.kernel.DEDirector._fire(DEDirector.java:1949)
	at ptolemy.domains.de.kernel.DEDirector.fire(DEDirector.java:502)
	at ptolemy.actor.CompositeActor.fire(CompositeActor.java:455)
	at ptolemy.actor.Manager.iterate(Manager.java:851)
	at ptolemy.actor.Manager.execute(Manager.java:369)
	at ptolemy.actor.Manager.run(Manager.java:1263)
	at ptolemy.actor.Manager$PtolemyRunThread.run(Manager.java:1933)

    while executing
ptolemy.kernel.util.IllegalActionException: Test fails in iteration 1.
Value was: 1.0. Should have been: 2.0
  in .DirectFeedback.Test
    while executing
"java::new ptolemy.moml.MoMLSimpleApplication $file
"
    (procedure "createAndExecute" line 2)
    invoked from within
"createAndExecute $file"
    ("uplevel" body line 5)
    invoked from within
"uplevel $contents_of_test"
------------------ testing $PTII/ptolemy/domains/de/test/auto/knownFailedTests/dependencyLoop.xml (Known Failure) 
8 ms. Memory: 129024K Free: 53067K (41%)


==== $PTIIhome/travis/build/icyphy/ptII/ptolemy/domains/de/test/../../../../: Auto Automatic test in file $PTII/ptolemy/domains/de/test/auto/knownFailedTests/dependencyLoop.xml
==== Contents of test case:

	    # FIXME: we should use $relativeFilename here, but it
	    # might have backslashes under Windows, which causes no end
	    # of trouble.
	    createAndExecute $file
	    list {}
	
.... Test generated KNOWN error:
    while executing
ptolemy.kernel.util.IllegalActionException: Found a zero delay loop containing .dependencyLoop.original
  in .dependencyLoop and .dependencyLoop.original
	at ptolemy.actor.util.CausalityInterfaceForComposites._computeOutputPortDepth(CausalityInterfaceForComposites.java:759)
	at ptolemy.actor.util.CausalityInterfaceForComposites._computeInputDepth(CausalityInterfaceForComposites.java:696)
	at ptolemy.actor.util.CausalityInterfaceForComposites._computeOutputPortDepth(CausalityInterfaceForComposites.java:765)
	at ptolemy.actor.util.CausalityInterfaceForComposites._computeInputDepth(CausalityInterfaceForComposites.java:696)
	at ptolemy.actor.util.CausalityInterfaceForComposites._computeOutputPortDepth(CausalityInterfaceForComposites.java:765)
	at ptolemy.actor.util.CausalityInterfaceForComposites._computeInputDepth(CausalityInterfaceForComposites.java:696)
	at ptolemy.actor.util.CausalityInterfaceForComposites._computeActorDepth(CausalityInterfaceForComposites.java:532)
	at ptolemy.actor.util.CausalityInterfaceForComposites.checkForCycles(CausalityInterfaceForComposites.java:96)
	at ptolemy.domains.de.kernel.DEDirector.preinitialize(DEDirector.java:1338)
	at ptolemy.actor.CompositeActor.preinitialize(CompositeActor.java:1828)
	at ptolemy.actor.Manager.preinitializeAndResolveTypes(Manager.java:1040)
	at ptolemy.actor.Manager.initialize(Manager.java:710)
	at ptolemy.actor.Manager.execute(Manager.java:356)
	at ptolemy.actor.Manager.run(Manager.java:1263)
	at ptolemy.actor.Manager$PtolemyRunThread.run(Manager.java:1933)

    while executing
ptolemy.kernel.util.IllegalActionException: Found a zero delay loop containing .dependencyLoop.original
  in .dependencyLoop and .dependencyLoop.original
    while executing
"java::new ptolemy.moml.MoMLSimpleApplication $file
"
    (procedure "createAndExecute" line 2)
    invoked from within
"createAndExecute $file"
    ("uplevel" body line 5)
    invoked from within
"uplevel $contents_of_test"
------------------ testing $PTII/ptolemy/domains/de/test/auto/knownFailedTests/FSMSource.xml (Known Failure) 
72 ms. Memory: 129024K Free: 111615K (87%)
!!!! Auto was marked as failing, but now passes
------------------ testing $PTII/ptolemy/domains/de/test/auto/knownFailedTests/HierarchicalModel.xml (Known Failure) 
16 ms. Memory: 129024K Free: 94629K (73%)


==== $PTIIhome/travis/build/icyphy/ptII/ptolemy/domains/de/test/../../../../: Auto Automatic test in file $PTII/ptolemy/domains/de/test/auto/knownFailedTests/HierarchicalModel.xml
==== Contents of test case:

	    # FIXME: we should use $relativeFilename here, but it
	    # might have backslashes under Windows, which causes no end
	    # of trouble.
	    createAndExecute $file
	    list {}
	
.... Test generated KNOWN error:
    while executing
ptolemy.kernel.util.IllegalActionException: Found a zero delay loop containing .HierarchicalModel.A
  in .HierarchicalModel and .HierarchicalModel.A
	at ptolemy.actor.util.CausalityInterfaceForComposites._computeOutputPortDepth(CausalityInterfaceForComposites.java:759)
	at ptolemy.actor.util.CausalityInterfaceForComposites._computeInputDepth(CausalityInterfaceForComposites.java:696)
	at ptolemy.actor.util.CausalityInterfaceForComposites._computeOutputPortDepth(CausalityInterfaceForComposites.java:765)
	at ptolemy.actor.util.CausalityInterfaceForComposites._computeInputDepth(CausalityInterfaceForComposites.java:696)
	at ptolemy.actor.util.CausalityInterfaceForComposites._computeOutputPortDepth(CausalityInterfaceForComposites.java:765)
	at ptolemy.actor.util.CausalityInterfaceForComposites._computeInputDepth(CausalityInterfaceForComposites.java:696)
	at ptolemy.actor.util.CausalityInterfaceForComposites._computeActorDepth(CausalityInterfaceForComposites.java:532)
	at ptolemy.actor.util.CausalityInterfaceForComposites.checkForCycles(CausalityInterfaceForComposites.java:96)
	at ptolemy.domains.de.kernel.DEDirector.preinitialize(DEDirector.java:1338)
	at ptolemy.actor.CompositeActor.preinitialize(CompositeActor.java:1828)
	at ptolemy.actor.Manager.preinitializeAndResolveTypes(Manager.java:1040)
	at ptolemy.actor.Manager.initialize(Manager.java:710)
	at ptolemy.actor.Manager.execute(Manager.java:356)
	at ptolemy.actor.Manager.run(Manager.java:1263)
	at ptolemy.actor.Manager$PtolemyRunThread.run(Manager.java:1933)

    while executing
ptolemy.kernel.util.IllegalActionException: Found a zero delay loop containing .HierarchicalModel.A
  in .HierarchicalModel and .HierarchicalModel.A
    while executing
"java::new ptolemy.moml.MoMLSimpleApplication $file
"
    (procedure "createAndExecute" line 2)
    invoked from within
"createAndExecute $file"
    ("uplevel" body line 5)
    invoked from within
"uplevel $contents_of_test"
------------------ testing $PTII/ptolemy/domains/de/test/auto/knownFailedTests/dependencyLoop2.xml (Known Failure) 
9 ms. Memory: 129024K Free: 78837K (61%)


==== $PTIIhome/travis/build/icyphy/ptII/ptolemy/domains/de/test/../../../../: Auto Automatic test in file $PTII/ptolemy/domains/de/test/auto/knownFailedTests/dependencyLoop2.xml
==== Contents of test case:

	    # FIXME: we should use $relativeFilename here, but it
	    # might have backslashes under Windows, which causes no end
	    # of trouble.
	    createAndExecute $file
	    list {}
	
.... Test generated KNOWN error:
    while executing
ptolemy.kernel.util.IllegalActionException: Found a zero delay loop containing .dependencyLoop2.original
  in .dependencyLoop2 and .dependencyLoop2.original
	at ptolemy.actor.util.CausalityInterfaceForComposites._computeOutputPortDepth(CausalityInterfaceForComposites.java:759)
	at ptolemy.actor.util.CausalityInterfaceForComposites._computeInputDepth(CausalityInterfaceForComposites.java:696)
	at ptolemy.actor.util.CausalityInterfaceForComposites._computeOutputPortDepth(CausalityInterfaceForComposites.java:765)
	at ptolemy.actor.util.CausalityInterfaceForComposites._computeInputDepth(CausalityInterfaceForComposites.java:696)
	at ptolemy.actor.util.CausalityInterfaceForComposites._computeOutputPortDepth(CausalityInterfaceForComposites.java:765)
	at ptolemy.actor.util.CausalityInterfaceForComposites._computeInputDepth(CausalityInterfaceForComposites.java:696)
	at ptolemy.actor.util.CausalityInterfaceForComposites._computeActorDepth(CausalityInterfaceForComposites.java:532)
	at ptolemy.actor.util.CausalityInterfaceForComposites.checkForCycles(CausalityInterfaceForComposites.java:96)
	at ptolemy.domains.de.kernel.DEDirector.preinitialize(DEDirector.java:1338)
	at ptolemy.actor.CompositeActor.preinitialize(CompositeActor.java:1828)
	at ptolemy.actor.Manager.preinitializeAndResolveTypes(Manager.java:1040)
	at ptolemy.actor.Manager.initialize(Manager.java:710)
	at ptolemy.actor.Manager.execute(Manager.java:356)
	at ptolemy.actor.Manager.run(Manager.java:1263)
	at ptolemy.actor.Manager$PtolemyRunThread.run(Manager.java:1933)

    while executing
ptolemy.kernel.util.IllegalActionException: Found a zero delay loop containing .dependencyLoop2.original
  in .dependencyLoop2 and .dependencyLoop2.original
    while executing
"java::new ptolemy.moml.MoMLSimpleApplication $file
"
    (procedure "createAndExecute" line 2)
    invoked from within
"createAndExecute $file"
    ("uplevel" body line 5)
    invoked from within
"uplevel $contents_of_test"
------------------ testing $PTII/ptolemy/domains/de/test/auto/knownFailedTests/DESDFClockTest.xml (Known Failure) 
2039 ms. Memory: 129024K Free: 107332K (83%)


==== $PTIIhome/travis/build/icyphy/ptII/ptolemy/domains/de/test/../../../../: Auto Automatic test in file $PTII/ptolemy/domains/de/test/auto/knownFailedTests/DESDFClockTest.xml
==== Contents of test case:

	    # FIXME: we should use $relativeFilename here, but it
	    # might have backslashes under Windows, which causes no end
	    # of trouble.
	    createAndExecute $file
	    list {}
	
.... Test generated KNOWN error:
    while executing
ptolemy.kernel.util.IllegalActionException: Actor is not ready to fire.  Perhaps UpSample.prefire() returned false? Try debugging the actor by selecting "Listen to Actor".  Also, for SDF check moml for tokenConsumptionRate on input.
  in .DESDFClockTest.Play Bell.Copy1:SDF Director and .DESDFClockTest.Play Bell.UpSample
	at ptolemy.actor.sched.StaticSchedulingDirector.fire(StaticSchedulingDirector.java:227)
	at ptolemy.domains.sdf.kernel.SDFDirector.fire(SDFDirector.java:500)
	at ptolemy.actor.CompositeActor.fire(CompositeActor.java:455)
	at ptolemy.domains.de.kernel.DEDirector._fire(DEDirector.java:1949)
	at ptolemy.domains.de.kernel.DEDirector.fire(DEDirector.java:502)
	at ptolemy.actor.CompositeActor.fire(CompositeActor.java:455)
	at ptolemy.actor.Manager.iterate(Manager.java:851)
	at ptolemy.actor.Manager.execute(Manager.java:369)
	at ptolemy.actor.Manager.run(Manager.java:1263)
	at ptolemy.actor.Manager$PtolemyRunThread.run(Manager.java:1933)

    while executing
ptolemy.kernel.util.IllegalActionException: Actor is not ready to fire.  Perhaps UpSample.prefire() returned false? Try debugging the actor by selecting "Listen to Actor".  Also, for SDF check moml for tokenConsumptionRate on input.
  in .DESDFClockTest.Play Bell.Copy1:SDF Director and .DESDFClockTest.Play Bell.UpSample
    while executing
"java::new ptolemy.moml.MoMLSimpleApplication $file
"
    (procedure "createAndExecute" line 2)
    invoked from within
"createAndExecute $file"
    ("uplevel" body line 5)
    invoked from within
"uplevel $contents_of_test"
------------------ testing $PTII/ptolemy/domains/de/test/auto/ActorDepthCalculation_actorWithoutPorts.xml
auto.tcl: Setting watchdog for 200 seconds at Thu Jan 30 06:50:21 UTC 2020
14 ms. Memory: 129024K Free: 100162K (78%)
ptolemy.util.test.WatchDog.cancel(): canceling Thu Jan 30 06:50:21 UTC 2020
auto.tcl: Setting watchdog for 200 seconds at Thu Jan 30 06:50:21 UTC 2020
8 ms. Memory: 129024K Free: 98626K (76%)
ptolemy.util.test.WatchDog.cancel(): canceling Thu Jan 30 06:50:21 UTC 2020
------------------ testing $PTII/ptolemy/domains/de/test/auto/AssemblyLine.xml
auto.tcl: Setting watchdog for 200 seconds at Thu Jan 30 06:50:21 UTC 2020
15 ms. Memory: 51200K Free: 27926K (55%)
ptolemy.util.test.WatchDog.cancel(): canceling Thu Jan 30 06:50:22 UTC 2020
auto.tcl: Setting watchdog for 200 seconds at Thu Jan 30 06:50:22 UTC 2020
6 ms. Memory: 51200K Free: 27270K (53%)
ptolemy.util.test.WatchDog.cancel(): canceling Thu Jan 30 06:50:22 UTC 2020
------------------ testing $PTII/ptolemy/domains/de/test/auto/CQBug1.xml
auto.tcl: Setting watchdog for 200 seconds at Thu Jan 30 06:50:22 UTC 2020
2 ms. Memory: 51200K Free: 33257K (65%)
ptolemy.util.test.WatchDog.cancel(): canceling Thu Jan 30 06:50:22 UTC 2020
auto.tcl: Setting watchdog for 200 seconds at Thu Jan 30 06:50:22 UTC 2020
2 ms. Memory: 51200K Free: 32805K (64%)
ptolemy.util.test.WatchDog.cancel(): canceling Thu Jan 30 06:50:22 UTC 2020
------------------ testing $PTII/ptolemy/domains/de/test/auto/CancelFireAt.xml
auto.tcl: Setting watchdog for 200 seconds at Thu Jan 30 06:50:22 UTC 2020
6 ms. Memory: 51200K Free: 34473K (67%)
ptolemy.util.test.WatchDog.cancel(): canceling Thu Jan 30 06:50:22 UTC 2020
auto.tcl: Setting watchdog for 200 seconds at Thu Jan 30 06:50:22 UTC 2020
1 ms. Memory: 51200K Free: 34006K (66%)
ptolemy.util.test.WatchDog.cancel(): canceling Thu Jan 30 06:50:22 UTC 2020
------------------ testing $PTII/ptolemy/domains/de/test/auto/CausalityAndComposabilityAnalysis.xml
auto.tcl: Setting watchdog for 200 seconds at Thu Jan 30 06:50:22 UTC 2020
6 ms. Memory: 51200K Free: 32376K (63%)
ptolemy.util.test.WatchDog.cancel(): canceling Thu Jan 30 06:50:22 UTC 2020
auto.tcl: Setting watchdog for 200 seconds at Thu Jan 30 06:50:22 UTC 2020
5 ms. Memory: 51200K Free: 31965K (62%)
ptolemy.util.test.WatchDog.cancel(): canceling Thu Jan 30 06:50:22 UTC 2020
------------------ testing $PTII/ptolemy/domains/de/test/auto/CausalityInterface1.xml
auto.tcl: Setting watchdog for 200 seconds at Thu Jan 30 06:50:22 UTC 2020
28 ms. Memory: 51200K Free: 31080K (61%)
ptolemy.util.test.WatchDog.cancel(): canceling Thu Jan 30 06:50:22 UTC 2020
auto.tcl: Setting watchdog for 200 seconds at Thu Jan 30 06:50:22 UTC 2020
4 ms. Memory: 51200K Free: 30367K (59%)
ptolemy.util.test.WatchDog.cancel(): canceling Thu Jan 30 06:50:22 UTC 2020
------------------ testing $PTII/ptolemy/domains/de/test/auto/CausalityInterface15.xml
auto.tcl: Setting watchdog for 200 seconds at Thu Jan 30 06:50:22 UTC 2020
5 ms. Memory: 51200K Free: 31302K (61%)
ptolemy.util.test.WatchDog.cancel(): canceling Thu Jan 30 06:50:22 UTC 2020
auto.tcl: Setting watchdog for 200 seconds at Thu Jan 30 06:50:22 UTC 2020
7 ms. Memory: 51200K Free: 30336K (59%)
ptolemy.util.test.WatchDog.cancel(): canceling Thu Jan 30 06:50:22 UTC 2020
------------------ testing $PTII/ptolemy/domains/de/test/auto/CausalityInterface2.xml
auto.tcl: Setting watchdog for 200 seconds at Thu Jan 30 06:50:22 UTC 2020
4 ms. Memory: 51200K Free: 31975K (62%)
ptolemy.util.test.WatchDog.cancel(): canceling Thu Jan 30 06:50:22 UTC 2020
auto.tcl: Setting watchdog for 200 seconds at Thu Jan 30 06:50:22 UTC 2020
3 ms. Memory: 51200K Free: 31327K (61%)
ptolemy.util.test.WatchDog.cancel(): canceling Thu Jan 30 06:50:22 UTC 2020
------------------ testing $PTII/ptolemy/domains/de/test/auto/CausalityInterface3.xml
auto.tcl: Setting watchdog for 200 seconds at Thu Jan 30 06:50:22 UTC 2020
4 ms. Memory: 48128K Free: 28521K (59%)
ptolemy.util.test.WatchDog.cancel(): canceling Thu Jan 30 06:50:22 UTC 2020
auto.tcl: Setting watchdog for 200 seconds at Thu Jan 30 06:50:22 UTC 2020
2 ms. Memory: 48128K Free: 27745K (58%)
ptolemy.util.test.WatchDog.cancel(): canceling Thu Jan 30 06:50:22 UTC 2020
------------------ testing $PTII/ptolemy/domains/de/test/auto/ClockDrift.xml
auto.tcl: Setting watchdog for 200 seconds at Thu Jan 30 06:50:22 UTC 2020
83 ms. Memory: 48128K Free: 20849K (43%)
ptolemy.util.test.WatchDog.cancel(): canceling Thu Jan 30 06:50:22 UTC 2020
auto.tcl: Setting watchdog for 200 seconds at Thu Jan 30 06:50:22 UTC 2020
58 ms. Memory: 48128K Free: 17642K (37%)
ptolemy.util.test.WatchDog.cancel(): canceling Thu Jan 30 06:50:22 UTC 2020
------------------ testing $PTII/ptolemy/domains/de/test/auto/ClockDriftAndValueChange.xml
auto.tcl: Setting watchdog for 200 seconds at Thu Jan 30 06:50:22 UTC 2020
38 ms. Memory: 48128K Free: 21517K (45%)
ptolemy.util.test.WatchDog.cancel(): canceling Thu Jan 30 06:50:22 UTC 2020
auto.tcl: Setting watchdog for 200 seconds at Thu Jan 30 06:50:22 UTC 2020
21 ms. Memory: 48128K Free: 18593K (39%)
ptolemy.util.test.WatchDog.cancel(): canceling Thu Jan 30 06:50:23 UTC 2020
------------------ testing $PTII/ptolemy/domains/de/test/auto/ClockDriftChange.xml
auto.tcl: Setting watchdog for 200 seconds at Thu Jan 30 06:50:23 UTC 2020
23 ms. Memory: 48128K Free: 23245K (48%)
ptolemy.util.test.WatchDog.cancel(): canceling Thu Jan 30 06:50:23 UTC 2020
auto.tcl: Setting watchdog for 200 seconds at Thu Jan 30 06:50:23 UTC 2020
21 ms. Memory: 48128K Free: 20652K (43%)
ptolemy.util.test.WatchDog.cancel(): canceling Thu Jan 30 06:50:23 UTC 2020
------------------ testing $PTII/ptolemy/domains/de/test/auto/ComposableCausalityAnalysis.xml
auto.tcl: Setting watchdog for 200 seconds at Thu Jan 30 06:50:23 UTC 2020
2 ms. Memory: 48128K Free: 27918K (58%)
ptolemy.util.test.WatchDog.cancel(): canceling Thu Jan 30 06:50:23 UTC 2020
auto.tcl: Setting watchdog for 200 seconds at Thu Jan 30 06:50:23 UTC 2020
3 ms. Memory: 48128K Free: 26785K (56%)
ptolemy.util.test.WatchDog.cancel(): canceling Thu Jan 30 06:50:23 UTC 2020
------------------ testing $PTII/ptolemy/domains/de/test/auto/DEFixedPointLimitation.xml
auto.tcl: Setting watchdog for 200 seconds at Thu Jan 30 06:50:23 UTC 2020
2 ms. Memory: 48128K Free: 29210K (61%)
ptolemy.util.test.WatchDog.cancel(): canceling Thu Jan 30 06:50:23 UTC 2020
auto.tcl: Setting watchdog for 200 seconds at Thu Jan 30 06:50:23 UTC 2020
1 ms. Memory: 48128K Free: 28309K (59%)
ptolemy.util.test.WatchDog.cancel(): canceling Thu Jan 30 06:50:23 UTC 2020
------------------ testing $PTII/ptolemy/domains/de/test/auto/DEScheduleTest.xml
auto.tcl: Setting watchdog for 200 seconds at Thu Jan 30 06:50:23 UTC 2020
4 ms. Memory: 48128K Free: 29543K (61%)
ptolemy.util.test.WatchDog.cancel(): canceling Thu Jan 30 06:50:23 UTC 2020
auto.tcl: Setting watchdog for 200 seconds at Thu Jan 30 06:50:23 UTC 2020
2 ms. Memory: 48128K Free: 28756K (60%)
ptolemy.util.test.WatchDog.cancel(): canceling Thu Jan 30 06:50:23 UTC 2020
------------------ testing $PTII/ptolemy/domains/de/test/auto/DEinDEwithStartTimes.xml
auto.tcl: Setting watchdog for 200 seconds at Thu Jan 30 06:50:23 UTC 2020
4 ms. Memory: 48128K Free: 27685K (58%)
ptolemy.util.test.WatchDog.cancel(): canceling Thu Jan 30 06:50:23 UTC 2020
auto.tcl: Setting watchdog for 200 seconds at Thu Jan 30 06:50:23 UTC 2020
3 ms. Memory: 48128K Free: 26659K (55%)
ptolemy.util.test.WatchDog.cancel(): canceling Thu Jan 30 06:50:23 UTC 2020
------------------ testing $PTII/ptolemy/domains/de/test/auto/DEinDEwithStartTimes2.xml
auto.tcl: Setting watchdog for 200 seconds at Thu Jan 30 06:50:23 UTC 2020
4 ms. Memory: 48128K Free: 26924K (56%)
ptolemy.util.test.WatchDog.cancel(): canceling Thu Jan 30 06:50:23 UTC 2020
auto.tcl: Setting watchdog for 200 seconds at Thu Jan 30 06:50:23 UTC 2020
3 ms. Memory: 48128K Free: 25822K (54%)
ptolemy.util.test.WatchDog.cancel(): canceling Thu Jan 30 06:50:23 UTC 2020
------------------ testing $PTII/ptolemy/domains/de/test/auto/DateDemo.xml
auto.tcl: Setting watchdog for 200 seconds at Thu Jan 30 06:50:23 UTC 2020
18 ms. Memory: 48128K Free: 21779K (45%)
ptolemy.util.test.WatchDog.cancel(): canceling Thu Jan 30 06:50:23 UTC 2020
auto.tcl: Setting watchdog for 200 seconds at Thu Jan 30 06:50:23 UTC 2020
9 ms. Memory: 48128K Free: 20058K (42%)
ptolemy.util.test.WatchDog.cancel(): canceling Thu Jan 30 06:50:23 UTC 2020
------------------ testing $PTII/ptolemy/domains/de/test/auto/DateToEvent.xml
auto.tcl: Setting watchdog for 200 seconds at Thu Jan 30 06:50:23 UTC 2020
2010 ms. Memory: 48128K Free: 17177K (36%)
ptolemy.util.test.WatchDog.cancel(): canceling Thu Jan 30 06:50:25 UTC 2020
auto.tcl: Setting watchdog for 200 seconds at Thu Jan 30 06:50:25 UTC 2020
2005 ms. Memory: 48128K Free: 16174K (34%)
ptolemy.util.test.WatchDog.cancel(): canceling Thu Jan 30 06:50:27 UTC 2020
------------------ testing $PTII/ptolemy/domains/de/test/auto/DepthTest1.xml
auto.tcl: Setting watchdog for 200 seconds at Thu Jan 30 06:50:27 UTC 2020
3 ms. Memory: 48128K Free: 30323K (63%)
ptolemy.util.test.WatchDog.cancel(): canceling Thu Jan 30 06:50:27 UTC 2020
auto.tcl: Setting watchdog for 200 seconds at Thu Jan 30 06:50:27 UTC 2020
2 ms. Memory: 48128K Free: 29944K (62%)
ptolemy.util.test.WatchDog.cancel(): canceling Thu Jan 30 06:50:27 UTC 2020
------------------ testing $PTII/ptolemy/domains/de/test/auto/DepthTest2.xml
auto.tcl: Setting watchdog for 200 seconds at Thu Jan 30 06:50:27 UTC 2020
11 ms. Memory: 48128K Free: 26700K (55%)
ptolemy.util.test.WatchDog.cancel(): canceling Thu Jan 30 06:50:27 UTC 2020
auto.tcl: Setting watchdog for 200 seconds at Thu Jan 30 06:50:27 UTC 2020
2 ms. Memory: 48128K Free: 26175K (54%)
ptolemy.util.test.WatchDog.cancel(): canceling Thu Jan 30 06:50:27 UTC 2020
------------------ testing $PTII/ptolemy/domains/de/test/auto/DepthTest3.xml
auto.tcl: Setting watchdog for 200 seconds at Thu Jan 30 06:50:27 UTC 2020
2 ms. Memory: 48128K Free: 30176K (63%)
ptolemy.util.test.WatchDog.cancel(): canceling Thu Jan 30 06:50:27 UTC 2020
auto.tcl: Setting watchdog for 200 seconds at Thu Jan 30 06:50:27 UTC 2020
2 ms. Memory: 48128K Free: 29780K (62%)
ptolemy.util.test.WatchDog.cancel(): canceling Thu Jan 30 06:50:27 UTC 2020
------------------ testing $PTII/ptolemy/domains/de/test/auto/DepthTest4.xml
auto.tcl: Setting watchdog for 200 seconds at Thu Jan 30 06:50:27 UTC 2020
6 ms. Memory: 48128K Free: 28533K (59%)
ptolemy.util.test.WatchDog.cancel(): canceling Thu Jan 30 06:50:27 UTC 2020
auto.tcl: Setting watchdog for 200 seconds at Thu Jan 30 06:50:27 UTC 2020
2 ms. Memory: 48128K Free: 27832K (58%)
ptolemy.util.test.WatchDog.cancel(): canceling Thu Jan 30 06:50:27 UTC 2020
------------------ testing $PTII/ptolemy/domains/de/test/auto/DepthTest5.xml
auto.tcl: Setting watchdog for 200 seconds at Thu Jan 30 06:50:27 UTC 2020
4 ms. Memory: 48128K Free: 27934K (58%)
ptolemy.util.test.WatchDog.cancel(): canceling Thu Jan 30 06:50:28 UTC 2020
auto.tcl: Setting watchdog for 200 seconds at Thu Jan 30 06:50:28 UTC 2020
2 ms. Memory: 48128K Free: 27180K (56%)
ptolemy.util.test.WatchDog.cancel(): canceling Thu Jan 30 06:50:28 UTC 2020
------------------ testing $PTII/ptolemy/domains/de/test/auto/DepthTest6.xml
auto.tcl: Setting watchdog for 200 seconds at Thu Jan 30 06:50:28 UTC 2020
5 ms. Memory: 48128K Free: 27430K (57%)
ptolemy.util.test.WatchDog.cancel(): canceling Thu Jan 30 06:50:28 UTC 2020
auto.tcl: Setting watchdog for 200 seconds at Thu Jan 30 06:50:28 UTC 2020
2 ms. Memory: 48128K Free: 26719K (56%)
ptolemy.util.test.WatchDog.cancel(): canceling Thu Jan 30 06:50:28 UTC 2020
------------------ testing $PTII/ptolemy/domains/de/test/auto/DepthTest7.xml
auto.tcl: Setting watchdog for 200 seconds at Thu Jan 30 06:50:28 UTC 2020
3 ms. Memory: 48128K Free: 28135K (58%)
ptolemy.util.test.WatchDog.cancel(): canceling Thu Jan 30 06:50:28 UTC 2020
auto.tcl: Setting watchdog for 200 seconds at Thu Jan 30 06:50:28 UTC 2020
3 ms. Memory: 48128K Free: 27757K (58%)
ptolemy.util.test.WatchDog.cancel(): canceling Thu Jan 30 06:50:28 UTC 2020
------------------ testing $PTII/ptolemy/domains/de/test/auto/EventToDate.xml
auto.tcl: Setting watchdog for 200 seconds at Thu Jan 30 06:50:28 UTC 2020
3008 ms. Memory: 48128K Free: 19102K (40%)
ptolemy.util.test.WatchDog.cancel(): canceling Thu Jan 30 06:50:31 UTC 2020
auto.tcl: Setting watchdog for 200 seconds at Thu Jan 30 06:50:31 UTC 2020
3005 ms. Memory: 48128K Free: 18522K (38%)
ptolemy.util.test.WatchDog.cancel(): canceling Thu Jan 30 06:50:34 UTC 2020
------------------ testing $PTII/ptolemy/domains/de/test/auto/FSM1.xml
auto.tcl: Setting watchdog for 200 seconds at Thu Jan 30 06:50:34 UTC 2020
22 ms. Memory: 48128K Free: 20452K (42%)
ptolemy.util.test.WatchDog.cancel(): canceling Thu Jan 30 06:50:34 UTC 2020
auto.tcl: Setting watchdog for 200 seconds at Thu Jan 30 06:50:34 UTC 2020
23 ms. Memory: 48128K Free: 17221K (36%)
ptolemy.util.test.WatchDog.cancel(): canceling Thu Jan 30 06:50:34 UTC 2020
------------------ testing $PTII/ptolemy/domains/de/test/auto/FSM7.xml
auto.tcl: Setting watchdog for 200 seconds at Thu Jan 30 06:50:34 UTC 2020
19 ms. Memory: 48128K Free: 20614K (43%)
ptolemy.util.test.WatchDog.cancel(): canceling Thu Jan 30 06:50:34 UTC 2020
auto.tcl: Setting watchdog for 200 seconds at Thu Jan 30 06:50:34 UTC 2020
22 ms. Memory: 48128K Free: 17027K (35%)
ptolemy.util.test.WatchDog.cancel(): canceling Thu Jan 30 06:50:34 UTC 2020
------------------ testing $PTII/ptolemy/domains/de/test/auto/Inspection.xml
auto.tcl: Setting watchdog for 200 seconds at Thu Jan 30 06:50:34 UTC 2020
32 ms. Memory: 48128K Free: 19962K (41%)
ptolemy.util.test.WatchDog.cancel(): canceling Thu Jan 30 06:50:34 UTC 2020
auto.tcl: Setting watchdog for 200 seconds at Thu Jan 30 06:50:34 UTC 2020
14 ms. Memory: 48128K Free: 18092K (38%)
ptolemy.util.test.WatchDog.cancel(): canceling Thu Jan 30 06:50:34 UTC 2020
------------------ testing $PTII/ptolemy/domains/de/test/auto/Iteration.xml
auto.tcl: Setting watchdog for 200 seconds at Thu Jan 30 06:50:34 UTC 2020
8 ms. Memory: 48128K Free: 25901K (54%)
ptolemy.util.test.WatchDog.cancel(): canceling Thu Jan 30 06:50:34 UTC 2020
auto.tcl: Setting watchdog for 200 seconds at Thu Jan 30 06:50:34 UTC 2020
6 ms. Memory: 48128K Free: 24877K (52%)
ptolemy.util.test.WatchDog.cancel(): canceling Thu Jan 30 06:50:34 UTC 2020
------------------ testing $PTII/ptolemy/domains/de/test/auto/LineFault.xml
auto.tcl: Setting watchdog for 200 seconds at Thu Jan 30 06:50:34 UTC 2020
725 ms. Memory: 58368K Free: 32328K (55%)
ptolemy.util.test.WatchDog.cancel(): canceling Thu Jan 30 06:50:35 UTC 2020
auto.tcl: Setting watchdog for 200 seconds at Thu Jan 30 06:50:35 UTC 2020
548 ms. Memory: 58368K Free: 26270K (45%)
ptolemy.util.test.WatchDog.cancel(): canceling Thu Jan 30 06:50:36 UTC 2020
------------------ testing $PTII/ptolemy/domains/de/test/auto/MergeModel1Add.xml
auto.tcl: Setting watchdog for 200 seconds at Thu Jan 30 06:50:36 UTC 2020
34 ms. Memory: 58368K Free: 21573K (37%)
ptolemy.util.test.WatchDog.cancel(): canceling Thu Jan 30 06:50:36 UTC 2020
auto.tcl: Setting watchdog for 200 seconds at Thu Jan 30 06:50:36 UTC 2020
11 ms. Memory: 58368K Free: 20334K (35%)
ptolemy.util.test.WatchDog.cancel(): canceling Thu Jan 30 06:50:36 UTC 2020
------------------ testing $PTII/ptolemy/domains/de/test/auto/MergeModel2Add.xml
auto.tcl: Setting watchdog for 200 seconds at Thu Jan 30 06:50:36 UTC 2020
11 ms. Memory: 55296K Free: 21361K (39%)
ptolemy.util.test.WatchDog.cancel(): canceling Thu Jan 30 06:50:36 UTC 2020
auto.tcl: Setting watchdog for 200 seconds at Thu Jan 30 06:50:36 UTC 2020
10 ms. Memory: 55296K Free: 19659K (36%)
ptolemy.util.test.WatchDog.cancel(): canceling Thu Jan 30 06:50:36 UTC 2020
------------------ testing $PTII/ptolemy/domains/de/test/auto/MergeModel3Add.xml
auto.tcl: Setting watchdog for 200 seconds at Thu Jan 30 06:50:36 UTC 2020
12 ms. Memory: 55296K Free: 21369K (39%)
ptolemy.util.test.WatchDog.cancel(): canceling Thu Jan 30 06:50:36 UTC 2020
auto.tcl: Setting watchdog for 200 seconds at Thu Jan 30 06:50:36 UTC 2020
7 ms. Memory: 55296K Free: 19650K (36%)
ptolemy.util.test.WatchDog.cancel(): canceling Thu Jan 30 06:50:36 UTC 2020
------------------ testing $PTII/ptolemy/domains/de/test/auto/MergeWithoutDiscard.xml
auto.tcl: Setting watchdog for 200 seconds at Thu Jan 30 06:50:36 UTC 2020
2 ms. Memory: 51200K Free: 31876K (62%)
ptolemy.util.test.WatchDog.cancel(): canceling Thu Jan 30 06:50:36 UTC 2020
auto.tcl: Setting watchdog for 200 seconds at Thu Jan 30 06:50:36 UTC 2020
2 ms. Memory: 51200K Free: 31421K (61%)
ptolemy.util.test.WatchDog.cancel(): canceling Thu Jan 30 06:50:36 UTC 2020
------------------ testing $PTII/ptolemy/domains/de/test/auto/Modal1.xml
auto.tcl: Setting watchdog for 200 seconds at Thu Jan 30 06:50:36 UTC 2020
14 ms. Memory: 51200K Free: 23480K (46%)
ptolemy.util.test.WatchDog.cancel(): canceling Thu Jan 30 06:50:36 UTC 2020
auto.tcl: Setting watchdog for 200 seconds at Thu Jan 30 06:50:36 UTC 2020
21 ms. Memory: 51200K Free: 20015K (39%)
ptolemy.util.test.WatchDog.cancel(): canceling Thu Jan 30 06:50:36 UTC 2020
------------------ testing $PTII/ptolemy/domains/de/test/auto/Modal2.xml
auto.tcl: Setting watchdog for 200 seconds at Thu Jan 30 06:50:37 UTC 2020
21 ms. Memory: 51200K Free: 23599K (46%)
ptolemy.util.test.WatchDog.cancel(): canceling Thu Jan 30 06:50:37 UTC 2020
auto.tcl: Setting watchdog for 200 seconds at Thu Jan 30 06:50:37 UTC 2020
22 ms. Memory: 51200K Free: 20355K (40%)
ptolemy.util.test.WatchDog.cancel(): canceling Thu Jan 30 06:50:37 UTC 2020
------------------ testing $PTII/ptolemy/domains/de/test/auto/Modal3.xml
auto.tcl: Setting watchdog for 200 seconds at Thu Jan 30 06:50:37 UTC 2020
17 ms. Memory: 51200K Free: 23302K (46%)
ptolemy.util.test.WatchDog.cancel(): canceling Thu Jan 30 06:50:37 UTC 2020
auto.tcl: Setting watchdog for 200 seconds at Thu Jan 30 06:50:37 UTC 2020
14 ms. Memory: 51200K Free: 20349K (40%)
ptolemy.util.test.WatchDog.cancel(): canceling Thu Jan 30 06:50:37 UTC 2020
------------------ testing $PTII/ptolemy/domains/de/test/auto/Modal4.xml
auto.tcl: Setting watchdog for 200 seconds at Thu Jan 30 06:50:37 UTC 2020
36 ms. Memory: 51200K Free: 22335K (44%)
ptolemy.util.test.WatchDog.cancel(): canceling Thu Jan 30 06:50:37 UTC 2020
auto.tcl: Setting watchdog for 200 seconds at Thu Jan 30 06:50:37 UTC 2020
21 ms. Memory: 51200K Free: 18352K (36%)
ptolemy.util.test.WatchDog.cancel(): canceling Thu Jan 30 06:50:37 UTC 2020
------------------ testing $PTII/ptolemy/domains/de/test/auto/Modal5.xml
auto.tcl: Setting watchdog for 200 seconds at Thu Jan 30 06:50:37 UTC 2020
13 ms. Memory: 51200K Free: 22543K (44%)
ptolemy.util.test.WatchDog.cancel(): canceling Thu Jan 30 06:50:37 UTC 2020
auto.tcl: Setting watchdog for 200 seconds at Thu Jan 30 06:50:37 UTC 2020
13 ms. Memory: 51200K Free: 18733K (37%)
ptolemy.util.test.WatchDog.cancel(): canceling Thu Jan 30 06:50:37 UTC 2020
------------------ testing $PTII/ptolemy/domains/de/test/auto/Modal6.xml
auto.tcl: Setting watchdog for 200 seconds at Thu Jan 30 06:50:37 UTC 2020
17 ms. Memory: 51200K Free: 23337K (46%)
ptolemy.util.test.WatchDog.cancel(): canceling Thu Jan 30 06:50:37 UTC 2020
auto.tcl: Setting watchdog for 200 seconds at Thu Jan 30 06:50:37 UTC 2020
18 ms. Memory: 51200K Free: 19755K (39%)
ptolemy.util.test.WatchDog.cancel(): canceling Thu Jan 30 06:50:37 UTC 2020
------------------ testing $PTII/ptolemy/domains/de/test/auto/Modal7.xml
auto.tcl: Setting watchdog for 200 seconds at Thu Jan 30 06:50:37 UTC 2020
15 ms. Memory: 51200K Free: 22315K (44%)
ptolemy.util.test.WatchDog.cancel(): canceling Thu Jan 30 06:50:37 UTC 2020
auto.tcl: Setting watchdog for 200 seconds at Thu Jan 30 06:50:37 UTC 2020
11 ms. Memory: 51200K Free: 18965K (37%)
ptolemy.util.test.WatchDog.cancel(): canceling Thu Jan 30 06:50:37 UTC 2020
------------------ testing $PTII/ptolemy/domains/de/test/auto/ModalModel.xml
auto.tcl: Setting watchdog for 200 seconds at Thu Jan 30 06:50:37 UTC 2020
200 ms. Memory: 51200K Free: 14502K (28%)
ptolemy.util.test.WatchDog.cancel(): canceling Thu Jan 30 06:50:38 UTC 2020
auto.tcl: Setting watchdog for 200 seconds at Thu Jan 30 06:50:38 UTC 2020
202 ms. Memory: 62464K Free: 21094K (34%)
ptolemy.util.test.WatchDog.cancel(): canceling Thu Jan 30 06:50:38 UTC 2020
------------------ testing $PTII/ptolemy/domains/de/test/auto/ModalSource.xml
auto.tcl: Setting watchdog for 200 seconds at Thu Jan 30 06:50:38 UTC 2020
9 ms. Memory: 55296K Free: 31502K (57%)
ptolemy.util.test.WatchDog.cancel(): canceling Thu Jan 30 06:50:38 UTC 2020
auto.tcl: Setting watchdog for 200 seconds at Thu Jan 30 06:50:38 UTC 2020
6 ms. Memory: 55296K Free: 29454K (53%)
ptolemy.util.test.WatchDog.cancel(): canceling Thu Jan 30 06:50:38 UTC 2020
------------------ testing $PTII/ptolemy/domains/de/test/auto/NonInterruptibleTimerZeroDelay.xml
auto.tcl: Setting watchdog for 200 seconds at Thu Jan 30 06:50:38 UTC 2020
3 ms. Memory: 55296K Free: 36416K (66%)
ptolemy.util.test.WatchDog.cancel(): canceling Thu Jan 30 06:50:38 UTC 2020
auto.tcl: Setting watchdog for 200 seconds at Thu Jan 30 06:50:38 UTC 2020
2 ms. Memory: 55296K Free: 35760K (65%)
ptolemy.util.test.WatchDog.cancel(): canceling Thu Jan 30 06:50:38 UTC 2020
------------------ testing $PTII/ptolemy/domains/de/test/auto/OpenQueueingNetwork.xml
auto.tcl: Setting watchdog for 200 seconds at Thu Jan 30 06:50:38 UTC 2020
2979 ms. Memory: 118784K Free: 39714K (33%)
ptolemy.util.test.WatchDog.cancel(): canceling Thu Jan 30 06:50:41 UTC 2020
auto.tcl: Setting watchdog for 200 seconds at Thu Jan 30 06:50:41 UTC 2020
2599 ms. Memory: 143360K Free: 75529K (53%)
ptolemy.util.test.WatchDog.cancel(): canceling Thu Jan 30 06:50:44 UTC 2020
------------------ testing $PTII/ptolemy/domains/de/test/auto/OpenQueuingNetwork.xml
auto.tcl: Setting watchdog for 200 seconds at Thu Jan 30 06:50:44 UTC 2020
260 ms. Memory: 61440K Free: 36037K (59%)
ptolemy.util.test.WatchDog.cancel(): canceling Thu Jan 30 06:50:44 UTC 2020
auto.tcl: Setting watchdog for 200 seconds at Thu Jan 30 06:50:44 UTC 2020
242 ms. Memory: 61440K Free: 18106K (29%)
ptolemy.util.test.WatchDog.cancel(): canceling Thu Jan 30 06:50:44 UTC 2020
------------------ testing $PTII/ptolemy/domains/de/test/auto/PeriodicSampler.xml
auto.tcl: Setting watchdog for 200 seconds at Thu Jan 30 06:50:44 UTC 2020
3 ms. Memory: 55296K Free: 36124K (65%)
ptolemy.util.test.WatchDog.cancel(): canceling Thu Jan 30 06:50:44 UTC 2020
auto.tcl: Setting watchdog for 200 seconds at Thu Jan 30 06:50:44 UTC 2020
2 ms. Memory: 55296K Free: 35130K (64%)
ptolemy.util.test.WatchDog.cancel(): canceling Thu Jan 30 06:50:44 UTC 2020
------------------ testing $PTII/ptolemy/domains/de/test/auto/PersistentIO.xml
auto.tcl: Setting watchdog for 200 seconds at Thu Jan 30 06:50:44 UTC 2020
5 ms. Memory: 55296K Free: 30569K (55%)
ptolemy.util.test.WatchDog.cancel(): canceling Thu Jan 30 06:50:44 UTC 2020
auto.tcl: Setting watchdog for 200 seconds at Thu Jan 30 06:50:44 UTC 2020
5 ms. Memory: 55296K Free: 29049K (53%)
ptolemy.util.test.WatchDog.cancel(): canceling Thu Jan 30 06:50:44 UTC 2020
------------------ testing $PTII/ptolemy/domains/de/test/auto/PortParameterResetOnInitialize.xml
auto.tcl: Setting watchdog for 200 seconds at Thu Jan 30 06:50:44 UTC 2020
2 ms. Memory: 55296K Free: 35561K (64%)
ptolemy.util.test.WatchDog.cancel(): canceling Thu Jan 30 06:50:44 UTC 2020
auto.tcl: Setting watchdog for 200 seconds at Thu Jan 30 06:50:44 UTC 2020
1 ms. Memory: 55296K Free: 35057K (63%)
ptolemy.util.test.WatchDog.cancel(): canceling Thu Jan 30 06:50:44 UTC 2020
------------------ testing $PTII/ptolemy/domains/de/test/auto/PortParameterUpdates.xml
auto.tcl: Setting watchdog for 200 seconds at Thu Jan 30 06:50:44 UTC 2020
4 ms. Memory: 55296K Free: 34165K (62%)
ptolemy.util.test.WatchDog.cancel(): canceling Thu Jan 30 06:50:45 UTC 2020
auto.tcl: Setting watchdog for 200 seconds at Thu Jan 30 06:50:45 UTC 2020
4 ms. Memory: 55296K Free: 32594K (59%)
ptolemy.util.test.WatchDog.cancel(): canceling Thu Jan 30 06:50:45 UTC 2020
------------------ testing $PTII/ptolemy/domains/de/test/auto/QueueAndServer.xml
auto.tcl: Setting watchdog for 200 seconds at Thu Jan 30 06:50:45 UTC 2020
5 ms. Memory: 51200K Free: 28495K (56%)
ptolemy.util.test.WatchDog.cancel(): canceling Thu Jan 30 06:50:45 UTC 2020
auto.tcl: Setting watchdog for 200 seconds at Thu Jan 30 06:50:45 UTC 2020
6 ms. Memory: 51200K Free: 26961K (53%)
ptolemy.util.test.WatchDog.cancel(): canceling Thu Jan 30 06:50:45 UTC 2020
------------------ testing $PTII/ptolemy/domains/de/test/auto/Records.xml
auto.tcl: Setting watchdog for 200 seconds at Thu Jan 30 06:50:45 UTC 2020
6 ms. Memory: 51200K Free: 30710K (60%)
ptolemy.util.test.WatchDog.cancel(): canceling Thu Jan 30 06:50:45 UTC 2020
auto.tcl: Setting watchdog for 200 seconds at Thu Jan 30 06:50:45 UTC 2020
2 ms. Memory: 51200K Free: 30198K (59%)
ptolemy.util.test.WatchDog.cancel(): canceling Thu Jan 30 06:50:45 UTC 2020
------------------ testing $PTII/ptolemy/domains/de/test/auto/ResetTransitionWithStartTime1.xml
auto.tcl: Setting watchdog for 200 seconds at Thu Jan 30 06:50:45 UTC 2020
12 ms. Memory: 51200K Free: 27956K (55%)
ptolemy.util.test.WatchDog.cancel(): canceling Thu Jan 30 06:50:45 UTC 2020
auto.tcl: Setting watchdog for 200 seconds at Thu Jan 30 06:50:45 UTC 2020
6 ms. Memory: 51200K Free: 25395K (50%)
ptolemy.util.test.WatchDog.cancel(): canceling Thu Jan 30 06:50:45 UTC 2020
------------------ testing $PTII/ptolemy/domains/de/test/auto/ResetTransitionWithStartTime2.xml
auto.tcl: Setting watchdog for 200 seconds at Thu Jan 30 06:50:45 UTC 2020
5 ms. Memory: 51200K Free: 27912K (55%)
ptolemy.util.test.WatchDog.cancel(): canceling Thu Jan 30 06:50:45 UTC 2020
auto.tcl: Setting watchdog for 200 seconds at Thu Jan 30 06:50:45 UTC 2020
6 ms. Memory: 51200K Free: 25864K (51%)
ptolemy.util.test.WatchDog.cancel(): canceling Thu Jan 30 06:50:45 UTC 2020
------------------ testing $PTII/ptolemy/domains/de/test/auto/ResetTransitionWithStartTime3.xml
auto.tcl: Setting watchdog for 200 seconds at Thu Jan 30 06:50:45 UTC 2020
7 ms. Memory: 51200K Free: 27910K (55%)
ptolemy.util.test.WatchDog.cancel(): canceling Thu Jan 30 06:50:45 UTC 2020
auto.tcl: Setting watchdog for 200 seconds at Thu Jan 30 06:50:45 UTC 2020
5 ms. Memory: 51200K Free: 25350K (50%)
ptolemy.util.test.WatchDog.cancel(): canceling Thu Jan 30 06:50:45 UTC 2020
------------------ testing $PTII/ptolemy/domains/de/test/auto/ResetTransitionWithStartTime4.xml
auto.tcl: Setting watchdog for 200 seconds at Thu Jan 30 06:50:45 UTC 2020
11 ms. Memory: 51200K Free: 28357K (55%)
ptolemy.util.test.WatchDog.cancel(): canceling Thu Jan 30 06:50:45 UTC 2020
auto.tcl: Setting watchdog for 200 seconds at Thu Jan 30 06:50:45 UTC 2020
7 ms. Memory: 51200K Free: 26885K (53%)
ptolemy.util.test.WatchDog.cancel(): canceling Thu Jan 30 06:50:45 UTC 2020
------------------ testing $PTII/ptolemy/domains/de/test/auto/ResettableTimer1.xml
auto.tcl: Setting watchdog for 200 seconds at Thu Jan 30 06:50:45 UTC 2020
3 ms. Memory: 51200K Free: 31988K (62%)
ptolemy.util.test.WatchDog.cancel(): canceling Thu Jan 30 06:50:45 UTC 2020
auto.tcl: Setting watchdog for 200 seconds at Thu Jan 30 06:50:45 UTC 2020
2 ms. Memory: 51200K Free: 30964K (60%)
ptolemy.util.test.WatchDog.cancel(): canceling Thu Jan 30 06:50:45 UTC 2020
------------------ testing $PTII/ptolemy/domains/de/test/auto/ResettableTimer2.xml
auto.tcl: Setting watchdog for 200 seconds at Thu Jan 30 06:50:45 UTC 2020
2 ms. Memory: 51200K Free: 32044K (63%)
ptolemy.util.test.WatchDog.cancel(): canceling Thu Jan 30 06:50:45 UTC 2020
auto.tcl: Setting watchdog for 200 seconds at Thu Jan 30 06:50:45 UTC 2020
2 ms. Memory: 51200K Free: 31020K (61%)
ptolemy.util.test.WatchDog.cancel(): canceling Thu Jan 30 06:50:45 UTC 2020
------------------ testing $PTII/ptolemy/domains/de/test/auto/ResettableTimer3.xml
auto.tcl: Setting watchdog for 200 seconds at Thu Jan 30 06:50:45 UTC 2020
2 ms. Memory: 51200K Free: 32553K (64%)
ptolemy.util.test.WatchDog.cancel(): canceling Thu Jan 30 06:50:45 UTC 2020
auto.tcl: Setting watchdog for 200 seconds at Thu Jan 30 06:50:45 UTC 2020
2 ms. Memory: 51200K Free: 32043K (63%)
ptolemy.util.test.WatchDog.cancel(): canceling Thu Jan 30 06:50:45 UTC 2020
------------------ testing $PTII/ptolemy/domains/de/test/auto/ResettableTimer4.xml
auto.tcl: Setting watchdog for 200 seconds at Thu Jan 30 06:50:45 UTC 2020
2 ms. Memory: 51200K Free: 32056K (63%)
ptolemy.util.test.WatchDog.cancel(): canceling Thu Jan 30 06:50:45 UTC 2020
auto.tcl: Setting watchdog for 200 seconds at Thu Jan 30 06:50:45 UTC 2020
1 ms. Memory: 51200K Free: 32056K (63%)
ptolemy.util.test.WatchDog.cancel(): canceling Thu Jan 30 06:50:45 UTC 2020
------------------ testing $PTII/ptolemy/domains/de/test/auto/ResettableTimer5.xml
auto.tcl: Setting watchdog for 200 seconds at Thu Jan 30 06:50:45 UTC 2020
1 ms. Memory: 51200K Free: 32055K (63%)
ptolemy.util.test.WatchDog.cancel(): canceling Thu Jan 30 06:50:45 UTC 2020
auto.tcl: Setting watchdog for 200 seconds at Thu Jan 30 06:50:45 UTC 2020
2 ms. Memory: 51200K Free: 31542K (62%)
ptolemy.util.test.WatchDog.cancel(): canceling Thu Jan 30 06:50:45 UTC 2020
------------------ testing $PTII/ptolemy/domains/de/test/auto/ResettableTimer6.xml
auto.tcl: Setting watchdog for 200 seconds at Thu Jan 30 06:50:45 UTC 2020
2 ms. Memory: 51200K Free: 31531K (62%)
ptolemy.util.test.WatchDog.cancel(): canceling Thu Jan 30 06:50:45 UTC 2020
auto.tcl: Setting watchdog for 200 seconds at Thu Jan 30 06:50:45 UTC 2020
1 ms. Memory: 51200K Free: 31021K (61%)
ptolemy.util.test.WatchDog.cancel(): canceling Thu Jan 30 06:50:45 UTC 2020
------------------ testing $PTII/ptolemy/domains/de/test/auto/ServerZeroDelay.xml
auto.tcl: Setting watchdog for 200 seconds at Thu Jan 30 06:50:45 UTC 2020
3 ms. Memory: 51200K Free: 32036K (63%)
ptolemy.util.test.WatchDog.cancel(): canceling Thu Jan 30 06:50:45 UTC 2020
auto.tcl: Setting watchdog for 200 seconds at Thu Jan 30 06:50:45 UTC 2020
2 ms. Memory: 51200K Free: 31012K (61%)
ptolemy.util.test.WatchDog.cancel(): canceling Thu Jan 30 06:50:45 UTC 2020
------------------ testing $PTII/ptolemy/domains/de/test/auto/SmartSender.xml
auto.tcl: Setting watchdog for 200 seconds at Thu Jan 30 06:50:45 UTC 2020
3002 ms. Memory: 51200K Free: 32031K (63%)
ptolemy.util.test.WatchDog.cancel(): canceling Thu Jan 30 06:50:48 UTC 2020
auto.tcl: Setting watchdog for 200 seconds at Thu Jan 30 06:50:48 UTC 2020
3002 ms. Memory: 51200K Free: 31518K (62%)
ptolemy.util.test.WatchDog.cancel(): canceling Thu Jan 30 06:50:51 UTC 2020
------------------ testing $PTII/ptolemy/domains/de/test/auto/ThreadedComposite.xml
auto.tcl: Setting watchdog for 200 seconds at Thu Jan 30 06:50:52 UTC 2020
173 ms. Memory: 51200K Free: 13099K (26%)
ptolemy.util.test.WatchDog.cancel(): canceling Thu Jan 30 06:50:52 UTC 2020
auto.tcl: Setting watchdog for 200 seconds at Thu Jan 30 06:50:52 UTC 2020
138 ms. Memory: 51200K Free: 27474K (54%)
ptolemy.util.test.WatchDog.cancel(): canceling Thu Jan 30 06:50:52 UTC 2020
------------------ testing $PTII/ptolemy/domains/de/test/auto/Time.xml
auto.tcl: Setting watchdog for 200 seconds at Thu Jan 30 06:50:52 UTC 2020
479 ms. Memory: 51200K Free: 8653K (17%)
ptolemy.util.test.WatchDog.cancel(): canceling Thu Jan 30 06:50:52 UTC 2020
auto.tcl: Setting watchdog for 200 seconds at Thu Jan 30 06:50:52 UTC 2020
453 ms. Memory: 51200K Free: 12207K (24%)
ptolemy.util.test.WatchDog.cancel(): canceling Thu Jan 30 06:50:53 UTC 2020
------------------ testing $PTII/ptolemy/domains/de/test/auto/TimeDelayZeroDelay.xml
auto.tcl: Setting watchdog for 200 seconds at Thu Jan 30 06:50:53 UTC 2020
2 ms. Memory: 51200K Free: 31960K (62%)
ptolemy.util.test.WatchDog.cancel(): canceling Thu Jan 30 06:50:53 UTC 2020
auto.tcl: Setting watchdog for 200 seconds at Thu Jan 30 06:50:53 UTC 2020
2 ms. Memory: 51200K Free: 31111K (61%)
ptolemy.util.test.WatchDog.cancel(): canceling Thu Jan 30 06:50:53 UTC 2020
------------------ testing $PTII/ptolemy/domains/de/test/auto/TimerZeroDelay.xml
auto.tcl: Setting watchdog for 200 seconds at Thu Jan 30 06:50:53 UTC 2020
2 ms. Memory: 51200K Free: 32421K (63%)
ptolemy.util.test.WatchDog.cancel(): canceling Thu Jan 30 06:50:53 UTC 2020
auto.tcl: Setting watchdog for 200 seconds at Thu Jan 30 06:50:53 UTC 2020
2 ms. Memory: 51200K Free: 31592K (62%)
ptolemy.util.test.WatchDog.cancel(): canceling Thu Jan 30 06:50:53 UTC 2020
------------------ testing $PTII/ptolemy/domains/de/test/auto/TimingParadox.xml
auto.tcl: Setting watchdog for 200 seconds at Thu Jan 30 06:50:53 UTC 2020
285 ms. Memory: 51200K Free: 20134K (39%)
ptolemy.util.test.WatchDog.cancel(): canceling Thu Jan 30 06:50:53 UTC 2020
auto.tcl: Setting watchdog for 200 seconds at Thu Jan 30 06:50:53 UTC 2020
266 ms. Memory: 61440K Free: 21836K (36%)
ptolemy.util.test.WatchDog.cancel(): canceling Thu Jan 30 06:50:54 UTC 2020
------------------ testing $PTII/ptolemy/domains/de/test/auto/TransferInputs.xml
auto.tcl: Setting watchdog for 200 seconds at Thu Jan 30 06:50:54 UTC 2020
1 ms. Memory: 55296K Free: 34566K (63%)
ptolemy.util.test.WatchDog.cancel(): canceling Thu Jan 30 06:50:54 UTC 2020
auto.tcl: Setting watchdog for 200 seconds at Thu Jan 30 06:50:54 UTC 2020
2 ms. Memory: 55296K Free: 33601K (61%)
ptolemy.util.test.WatchDog.cancel(): canceling Thu Jan 30 06:50:54 UTC 2020
------------------ testing $PTII/ptolemy/domains/de/test/auto/TransferOutputs2.xml
auto.tcl: Setting watchdog for 200 seconds at Thu Jan 30 06:50:54 UTC 2020
2 ms. Memory: 55296K Free: 32009K (58%)
ptolemy.util.test.WatchDog.cancel(): canceling Thu Jan 30 06:50:54 UTC 2020
auto.tcl: Setting watchdog for 200 seconds at Thu Jan 30 06:50:54 UTC 2020
3 ms. Memory: 55296K Free: 30554K (55%)
ptolemy.util.test.WatchDog.cancel(): canceling Thu Jan 30 06:50:54 UTC 2020
------------------ testing $PTII/ptolemy/domains/de/test/auto/Trilateration.xml
auto.tcl: Setting watchdog for 200 seconds at Thu Jan 30 06:50:54 UTC 2020
12126 ms. Memory: 582656K Free: 546423K (94%)
ptolemy.util.test.WatchDog.cancel(): canceling Thu Jan 30 06:51:07 UTC 2020
auto.tcl: Setting watchdog for 200 seconds at Thu Jan 30 06:51:07 UTC 2020
9065 ms. Memory: 582656K Free: 326939K (56%)
ptolemy.util.test.WatchDog.cancel(): canceling Thu Jan 30 06:51:16 UTC 2020
------------------ testing $PTII/ptolemy/domains/de/test/auto/TwoSigmaDelta.xml
auto.tcl: Setting watchdog for 200 seconds at Thu Jan 30 06:51:16 UTC 2020
2364 ms. Memory: 92160K Free: 19932K (22%)
ptolemy.util.test.WatchDog.cancel(): canceling Thu Jan 30 06:51:19 UTC 2020
auto.tcl: Setting watchdog for 200 seconds at Thu Jan 30 06:51:19 UTC 2020
1766 ms. Memory: 92160K Free: 16841K (18%)
ptolemy.util.test.WatchDog.cancel(): canceling Thu Jan 30 06:51:20 UTC 2020
------------------ testing $PTII/ptolemy/domains/de/test/auto/VariableDelay.xml
auto.tcl: Setting watchdog for 200 seconds at Thu Jan 30 06:51:20 UTC 2020
2 ms. Memory: 55296K Free: 35053K (63%)
ptolemy.util.test.WatchDog.cancel(): canceling Thu Jan 30 06:51:20 UTC 2020
auto.tcl: Setting watchdog for 200 seconds at Thu Jan 30 06:51:20 UTC 2020
2 ms. Memory: 55296K Free: 34037K (62%)
ptolemy.util.test.WatchDog.cancel(): canceling Thu Jan 30 06:51:20 UTC 2020
------------------ testing $PTII/ptolemy/domains/de/test/auto/VariableDelay2.xml
auto.tcl: Setting watchdog for 200 seconds at Thu Jan 30 06:51:20 UTC 2020
1 ms. Memory: 55296K Free: 35992K (65%)
ptolemy.util.test.WatchDog.cancel(): canceling Thu Jan 30 06:51:21 UTC 2020
auto.tcl: Setting watchdog for 200 seconds at Thu Jan 30 06:51:21 UTC 2020
1 ms. Memory: 55296K Free: 34955K (63%)
ptolemy.util.test.WatchDog.cancel(): canceling Thu Jan 30 06:51:21 UTC 2020
------------------ testing $PTII/ptolemy/domains/de/test/auto/VariableDelayZeroDelay.xml
auto.tcl: Setting watchdog for 200 seconds at Thu Jan 30 06:51:21 UTC 2020
2 ms. Memory: 51200K Free: 31882K (62%)
ptolemy.util.test.WatchDog.cancel(): canceling Thu Jan 30 06:51:21 UTC 2020
auto.tcl: Setting watchdog for 200 seconds at Thu Jan 30 06:51:21 UTC 2020
2 ms. Memory: 51200K Free: 31368K (61%)
ptolemy.util.test.WatchDog.cancel(): canceling Thu Jan 30 06:51:21 UTC 2020
------------------ testing $PTII/ptolemy/domains/de/test/auto/VariableDelayZeroDelay2.xml
auto.tcl: Setting watchdog for 200 seconds at Thu Jan 30 06:51:21 UTC 2020
2 ms. Memory: 51200K Free: 32035K (63%)
ptolemy.util.test.WatchDog.cancel(): canceling Thu Jan 30 06:51:21 UTC 2020
auto.tcl: Setting watchdog for 200 seconds at Thu Jan 30 06:51:21 UTC 2020
2 ms. Memory: 51200K Free: 30857K (60%)
ptolemy.util.test.WatchDog.cancel(): canceling Thu Jan 30 06:51:21 UTC 2020
------------------ testing $PTII/ptolemy/domains/de/test/auto/deInCt.xml
auto.tcl: Setting watchdog for 200 seconds at Thu Jan 30 06:51:21 UTC 2020
0
1
1
1
0
0
0
1
1
1
1
0
0
0
0
1
1
1
1
0
0
0
0
1
1
1
0
0
0
1
1
1
0
0
0
1
1
1
1
0
0
0
0
8 ms. Memory: 51200K Free: 30855K (60%)
ptolemy.util.test.WatchDog.cancel(): canceling Thu Jan 30 06:51:21 UTC 2020
auto.tcl: Setting watchdog for 200 seconds at Thu Jan 30 06:51:21 UTC 2020
0
1
1
1
0
0
0
0
0
0
1
1
1
0
0
1
1
1
0
0
0
0
1
1
1
1
1
0
0
0
0
7 ms. Memory: 51200K Free: 29332K (57%)
ptolemy.util.test.WatchDog.cancel(): canceling Thu Jan 30 06:51:21 UTC 2020
------------------ testing $PTII/ptolemy/domains/de/test/auto/deInCt2.xml
auto.tcl: Setting watchdog for 200 seconds at Thu Jan 30 06:51:21 UTC 2020
0
1
1
1
0
0
1
1
1
0
0
1
1
1
0
0
1
1
1
0
0
1
1
1
0
0
1
1
1
0
0
1
1
1
0
0
1
1
1
0
0
0
10 ms. Memory: 51200K Free: 30855K (60%)
ptolemy.util.test.WatchDog.cancel(): canceling Thu Jan 30 06:51:21 UTC 2020
auto.tcl: Setting watchdog for 200 seconds at Thu Jan 30 06:51:21 UTC 2020
0
1
1
1
0
0
1
1
1
0
0
1
1
1
0
0
1
1
1
0
0
1
1
1
0
0
1
1
1
0
0
1
1
1
0
0
1
1
1
0
0
0
7 ms. Memory: 51200K Free: 29311K (57%)
ptolemy.util.test.WatchDog.cancel(): canceling Thu Jan 30 06:51:21 UTC 2020
------------------ testing $PTII/ptolemy/domains/de/test/auto/dynamicCausalityInterface1.xml
auto.tcl: Setting watchdog for 200 seconds at Thu Jan 30 06:51:21 UTC 2020
1 ms. Memory: 51200K Free: 26754K (52%)
ptolemy.util.test.WatchDog.cancel(): canceling Thu Jan 30 06:51:21 UTC 2020
auto.tcl: Setting watchdog for 200 seconds at Thu Jan 30 06:51:21 UTC 2020
1 ms. Memory: 51200K Free: 26240K (51%)
ptolemy.util.test.WatchDog.cancel(): canceling Thu Jan 30 06:51:21 UTC 2020
------------------ testing $PTII/ptolemy/domains/de/test/auto/fsm_de_test.xml
auto.tcl: Setting watchdog for 200 seconds at Thu Jan 30 06:51:21 UTC 2020
11 ms. Memory: 51200K Free: 26652K (52%)
ptolemy.util.test.WatchDog.cancel(): canceling Thu Jan 30 06:51:21 UTC 2020
auto.tcl: Setting watchdog for 200 seconds at Thu Jan 30 06:51:21 UTC 2020
5 ms. Memory: 51200K Free: 24618K (48%)
ptolemy.util.test.WatchDog.cancel(): canceling Thu Jan 30 06:51:21 UTC 2020
------------------ testing $PTII/ptolemy/domains/de/test/auto/functionDependencyReconstruction.xml
auto.tcl: Setting watchdog for 200 seconds at Thu Jan 30 06:51:21 UTC 2020
3 ms. Memory: 51200K Free: 20587K (40%)
ptolemy.util.test.WatchDog.cancel(): canceling Thu Jan 30 06:51:21 UTC 2020
auto.tcl: Setting watchdog for 200 seconds at Thu Jan 30 06:51:21 UTC 2020
3 ms. Memory: 51200K Free: 18450K (36%)
ptolemy.util.test.WatchDog.cancel(): canceling Thu Jan 30 06:51:21 UTC 2020
------------------ testing $PTII/ptolemy/domains/de/test/auto/multirate.xml
auto.tcl: Setting watchdog for 200 seconds at Thu Jan 30 06:51:21 UTC 2020
5 ms. Memory: 51200K Free: 29293K (57%)
ptolemy.util.test.WatchDog.cancel(): canceling Thu Jan 30 06:51:21 UTC 2020
auto.tcl: Setting watchdog for 200 seconds at Thu Jan 30 06:51:21 UTC 2020
2 ms. Memory: 51200K Free: 27551K (54%)
ptolemy.util.test.WatchDog.cancel(): canceling Thu Jan 30 06:51:21 UTC 2020
------------------ testing $PTII/ptolemy/domains/de/test/auto/multirate2.xml
auto.tcl: Setting watchdog for 200 seconds at Thu Jan 30 06:51:21 UTC 2020
3 ms. Memory: 51200K Free: 29459K (58%)
ptolemy.util.test.WatchDog.cancel(): canceling Thu Jan 30 06:51:21 UTC 2020
auto.tcl: Setting watchdog for 200 seconds at Thu Jan 30 06:51:21 UTC 2020
3 ms. Memory: 51200K Free: 28233K (55%)
ptolemy.util.test.WatchDog.cancel(): canceling Thu Jan 30 06:51:21 UTC 2020
------------------ testing $PTII/ptolemy/domains/de/test/auto/realtime.xml
auto.tcl: Setting watchdog for 200 seconds at Thu Jan 30 06:51:21 UTC 2020
10003 ms. Memory: 51200K Free: 31484K (61%)
ptolemy.util.test.WatchDog.cancel(): canceling Thu Jan 30 06:51:31 UTC 2020
auto.tcl: Setting watchdog for 200 seconds at Thu Jan 30 06:51:31 UTC 2020
10001 ms. Memory: 51200K Free: 30800K (60%)
ptolemy.util.test.WatchDog.cancel(): canceling Thu Jan 30 06:51:41 UTC 2020
------------------ testing $PTII/ptolemy/domains/de/test/auto/relationGroup.xml
auto.tcl: Setting watchdog for 200 seconds at Thu Jan 30 06:51:41 UTC 2020
3 ms. Memory: 51200K Free: 32585K (64%)
ptolemy.util.test.WatchDog.cancel(): canceling Thu Jan 30 06:51:41 UTC 2020
auto.tcl: Setting watchdog for 200 seconds at Thu Jan 30 06:51:41 UTC 2020
2 ms. Memory: 51200K Free: 31849K (62%)
ptolemy.util.test.WatchDog.cancel(): canceling Thu Jan 30 06:51:41 UTC 2020
------------------ testing $PTII/ptolemy/domains/de/test/auto/relationGroup2.xml
auto.tcl: Setting watchdog for 200 seconds at Thu Jan 30 06:51:41 UTC 2020
1 ms. Memory: 51200K Free: 32640K (64%)
ptolemy.util.test.WatchDog.cancel(): canceling Thu Jan 30 06:51:41 UTC 2020
auto.tcl: Setting watchdog for 200 seconds at Thu Jan 30 06:51:41 UTC 2020
2 ms. Memory: 51200K Free: 32100K (63%)
ptolemy.util.test.WatchDog.cancel(): canceling Thu Jan 30 06:51:41 UTC 2020
------------------ testing $PTII/ptolemy/domains/de/test/auto/sortWithOpaquePorts.xml
auto.tcl: Setting watchdog for 200 seconds at Thu Jan 30 06:51:41 UTC 2020
1 ms. Memory: 51200K Free: 31316K (61%)
ptolemy.util.test.WatchDog.cancel(): canceling Thu Jan 30 06:51:41 UTC 2020
auto.tcl: Setting watchdog for 200 seconds at Thu Jan 30 06:51:41 UTC 2020
2 ms. Memory: 51200K Free: 30380K (59%)
ptolemy.util.test.WatchDog.cancel(): canceling Thu Jan 30 06:51:41 UTC 2020
------------------ testing $PTII/ptolemy/domains/de/test/auto/transferInputsandOutputs.xml
auto.tcl: Setting watchdog for 200 seconds at Thu Jan 30 06:51:41 UTC 2020
2 ms. Memory: 51200K Free: 28821K (56%)
ptolemy.util.test.WatchDog.cancel(): canceling Thu Jan 30 06:51:41 UTC 2020
auto.tcl: Setting watchdog for 200 seconds at Thu Jan 30 06:51:41 UTC 2020
2 ms. Memory: 51200K Free: 27797K (54%)
ptolemy.util.test.WatchDog.cancel(): canceling Thu Jan 30 06:51:41 UTC 2020
------------------ testing $PTII/ptolemy/domains/de/test/auto/triggerType.xml
auto.tcl: Setting watchdog for 200 seconds at Thu Jan 30 06:51:42 UTC 2020
1 ms. Memory: 51200K Free: 31847K (62%)
ptolemy.util.test.WatchDog.cancel(): canceling Thu Jan 30 06:51:42 UTC 2020
auto.tcl: Setting watchdog for 200 seconds at Thu Jan 30 06:51:42 UTC 2020
1 ms. Memory: 51200K Free: 30823K (60%)
ptolemy.util.test.WatchDog.cancel(): canceling Thu Jan 30 06:51:42 UTC 2020
01/30/20 06:51:42
Failed: 0  Total Tests: 192  ((Passed: 187, Newly Passed: 1)  Known Failed: 5) /home/travis/build/icyphy/ptII/ptolemy/domains/de/test
01/30/20 06:51:42
Failed: 0  Total Tests: 192  ((Passed: 187, Newly Passed: 1)  Known Failed: 5) /home/travis/build/icyphy/ptII/ptolemy/domains/de/test
----------------- testing (KnownFailure) /home/travis/build/icyphy/ptII/ptolemy/domains/de/test/auto/knownFailedTests/DESDFClockTest.xml
2012 ms. Memory: 51200K Free: 25241K (49%)
Known Failure: java.lang.reflect.InvocationTargetException
----------------- testing (KnownFailure) /home/travis/build/icyphy/ptII/ptolemy/domains/de/test/auto/knownFailedTests/DirectFeedback.xml
3 ms. Memory: 51200K Free: 21145K (41%)
Known Failure: java.lang.reflect.InvocationTargetException
----------------- testing (KnownFailure) /home/travis/build/icyphy/ptII/ptolemy/domains/de/test/auto/knownFailedTests/FSMSource.xml
13 ms. Memory: 51200K Free: 12939K (25%)
----------------- testing (KnownFailure) /home/travis/build/icyphy/ptII/ptolemy/domains/de/test/auto/knownFailedTests/HierarchicalModel.xml
3 ms. Memory: 51200K Free: 25214K (49%)
Known Failure: java.lang.reflect.InvocationTargetException
----------------- testing (KnownFailure) /home/travis/build/icyphy/ptII/ptolemy/domains/de/test/auto/knownFailedTests/dependencyLoop.xml
2 ms. Memory: 51200K Free: 9854K (19%)
Known Failure: java.lang.reflect.InvocationTargetException
----------------- testing (KnownFailure) /home/travis/build/icyphy/ptII/ptolemy/domains/de/test/auto/knownFailedTests/dependencyLoop2.xml
7 ms. Memory: 51200K Free: 22682K (44%)
Known Failure: java.lang.reflect.InvocationTargetException
No auto/linux-amd64/*.xml tests in /home/travis/build/icyphy/ptII/ptolemy/domains/de/test
AutoTests.java: About to close Vertx.
AutoTests.java: Vertx closed.

===========================================================================================
----------------- testing Thu Jan 30 06:51:44 UTC 2020 /home/travis/build/icyphy/ptII/ptolemy/domains/de/test/auto/ActorDepthCalculation_actorWithoutPorts.xml
----------------- Instantiating /home/travis/build/icyphy/ptII/ptolemy/domains/de/test/auto/ActorDepthCalculation_actorWithoutPorts.xml
1 ms. Memory: 51200K Free: 15798K (31%)
----------------- Invoking toplevel() on ptolemy.moml.MoMLSimpleApplication@6f8eb189
----------------- Done invoking toplevel() on ptolemy.moml.MoMLSimpleApplication@6f8eb189
reloadAllAccessors: .ActorDepthCalculation_actorWithoutPorts

===========================================================================================
----------------- testing Thu Jan 30 06:51:44 UTC 2020 /home/travis/build/icyphy/ptII/ptolemy/domains/de/test/auto/AssemblyLine.xml
----------------- Instantiating /home/travis/build/icyphy/ptII/ptolemy/domains/de/test/auto/AssemblyLine.xml
5 ms. Memory: 51200K Free: 8660K (17%)
----------------- Invoking toplevel() on ptolemy.moml.MoMLSimpleApplication@2ac44f7f
----------------- Done invoking toplevel() on ptolemy.moml.MoMLSimpleApplication@2ac44f7f
reloadAllAccessors: .AssemblyLine

===========================================================================================
----------------- testing Thu Jan 30 06:51:44 UTC 2020 /home/travis/build/icyphy/ptII/ptolemy/domains/de/test/auto/CQBug1.xml
----------------- Instantiating /home/travis/build/icyphy/ptII/ptolemy/domains/de/test/auto/CQBug1.xml
1 ms. Memory: 51200K Free: 33347K (65%)
----------------- Invoking toplevel() on ptolemy.moml.MoMLSimpleApplication@129e28c6
----------------- Done invoking toplevel() on ptolemy.moml.MoMLSimpleApplication@129e28c6
reloadAllAccessors: .CQBug1

===========================================================================================
----------------- testing Thu Jan 30 06:51:44 UTC 2020 /home/travis/build/icyphy/ptII/ptolemy/domains/de/test/auto/CancelFireAt.xml
----------------- Instantiating /home/travis/build/icyphy/ptII/ptolemy/domains/de/test/auto/CancelFireAt.xml
2 ms. Memory: 51200K Free: 30730K (60%)
----------------- Invoking toplevel() on ptolemy.moml.MoMLSimpleApplication@66b15d0f
----------------- Done invoking toplevel() on ptolemy.moml.MoMLSimpleApplication@66b15d0f
reloadAllAccessors: .CancelFireAt

===========================================================================================
----------------- testing Thu Jan 30 06:51:44 UTC 2020 /home/travis/build/icyphy/ptII/ptolemy/domains/de/test/auto/CausalityAndComposabilityAnalysis.xml
----------------- Instantiating /home/travis/build/icyphy/ptII/ptolemy/domains/de/test/auto/CausalityAndComposabilityAnalysis.xml
1 ms. Memory: 51200K Free: 26564K (52%)
----------------- Invoking toplevel() on ptolemy.moml.MoMLSimpleApplication@5dfdbcd9
----------------- Done invoking toplevel() on ptolemy.moml.MoMLSimpleApplication@5dfdbcd9
reloadAllAccessors: .CausalityAndComposabilityAnalysis

===========================================================================================
----------------- testing Thu Jan 30 06:51:44 UTC 2020 /home/travis/build/icyphy/ptII/ptolemy/domains/de/test/auto/CausalityInterface1.xml
----------------- Instantiating /home/travis/build/icyphy/ptII/ptolemy/domains/de/test/auto/CausalityInterface1.xml
5 ms. Memory: 51200K Free: 21492K (42%)
----------------- Invoking toplevel() on ptolemy.moml.MoMLSimpleApplication@15db2bbd
----------------- Done invoking toplevel() on ptolemy.moml.MoMLSimpleApplication@15db2bbd
reloadAllAccessors: .CausalityInterface1

===========================================================================================
----------------- testing Thu Jan 30 06:51:44 UTC 2020 /home/travis/build/icyphy/ptII/ptolemy/domains/de/test/auto/CausalityInterface15.xml
----------------- Instantiating /home/travis/build/icyphy/ptII/ptolemy/domains/de/test/auto/CausalityInterface15.xml
2 ms. Memory: 51200K Free: 15909K (31%)
----------------- Invoking toplevel() on ptolemy.moml.MoMLSimpleApplication@231e7d8e
----------------- Done invoking toplevel() on ptolemy.moml.MoMLSimpleApplication@231e7d8e
reloadAllAccessors: .CausalityInterface15

===========================================================================================
----------------- testing Thu Jan 30 06:51:44 UTC 2020 /home/travis/build/icyphy/ptII/ptolemy/domains/de/test/auto/CausalityInterface2.xml
----------------- Instantiating /home/travis/build/icyphy/ptII/ptolemy/domains/de/test/auto/CausalityInterface2.xml
2 ms. Memory: 51200K Free: 11266K (22%)
[...]
	at ptolemy.actor.Manager.run(Manager.java:1263)
	at ptolemy.actor.Manager$PtolemyRunThread.run(Manager.java:1933)
java.lang.RuntimeException: Execution failed
	at ptolemy.moml.MoMLSimpleApplication$UnloadThread.run(MoMLSimpleApplication.java:402)
Caused by: ptolemy.kernel.util.IllegalActionException: Actor is not ready to fire.  Perhaps UpSample.prefire() returned false? Try debugging the actor by selecting "Listen to Actor".  Also, for SDF check moml for tokenConsumptionRate on input.
  in .DESDFClockTest.Play Bell.Copy1:SDF Director and .DESDFClockTest.Play Bell.UpSample
	at ptolemy.actor.sched.StaticSchedulingDirector.fire(StaticSchedulingDirector.java:227)
	at ptolemy.domains.sdf.kernel.SDFDirector.fire(SDFDirector.java:500)
	at ptolemy.actor.CompositeActor.fire(CompositeActor.java:455)
	at ptolemy.domains.de.kernel.DEDirector._fire(DEDirector.java:1949)
	at ptolemy.domains.de.kernel.DEDirector.fire(DEDirector.java:502)
	at ptolemy.actor.CompositeActor.fire(CompositeActor.java:455)
	at ptolemy.actor.Manager.iterate(Manager.java:851)
	at ptolemy.actor.Manager.execute(Manager.java:369)
	at ptolemy.actor.Manager.run(Manager.java:1263)
	at ptolemy.actor.Manager$PtolemyRunThread.run(Manager.java:1933)
java.lang.reflect.InvocationTargetException
	at java.base/jdk.internal.reflect.NativeConstructorAccessorImpl.newInstance0(Native Method)
	at java.base/jdk.internal.reflect.NativeConstructorAccessorImpl.newInstance(NativeConstructorAccessorImpl.java:62)
	at java.base/jdk.internal.reflect.DelegatingConstructorAccessorImpl.newInstance(DelegatingConstructorAccessorImpl.java:45)
	at java.base/java.lang.reflect.Constructor.newInstance(Constructor.java:490)
	at ptolemy.util.test.junit.AutoKnownFailedTests.RunModel(AutoKnownFailedTests.java:105)
	at java.base/jdk.internal.reflect.NativeMethodAccessorImpl.invoke0(Native Method)
	at java.base/jdk.internal.reflect.NativeMethodAccessorImpl.invoke(NativeMethodAccessorImpl.java:62)
	at java.base/jdk.internal.reflect.DelegatingMethodAccessorImpl.invoke(DelegatingMethodAccessorImpl.java:43)
	at java.base/java.lang.reflect.Method.invoke(Method.java:566)
	at org.junit.runners.model.FrameworkMethod$1.runReflectiveCall(FrameworkMethod.java:44)
	at org.junit.internal.runners.model.ReflectiveCallable.run(ReflectiveCallable.java:15)
	at org.junit.runners.model.FrameworkMethod.invokeExplosively(FrameworkMethod.java:41)
	at junitparams.internal.InvokeParameterisedMethod.evaluate(InvokeParameterisedMethod.java:102)
	at org.junit.internal.runners.statements.FailOnTimeout$1.run(FailOnTimeout.java:28)
Caused by: ptolemy.kernel.util.IllegalActionException: Actor is not ready to fire.  Perhaps UpSample.prefire() returned false? Try debugging the actor by selecting "Listen to Actor".  Also, for SDF check moml for tokenConsumptionRate on input.
  in .DESDFClockTest.Play Bell.Copy1:SDF Director and .DESDFClockTest.Play Bell.UpSample
	at ptolemy.actor.sched.StaticSchedulingDirector.fire(StaticSchedulingDirector.java:227)
	at ptolemy.domains.sdf.kernel.SDFDirector.fire(SDFDirector.java:500)
	at ptolemy.actor.CompositeActor.fire(CompositeActor.java:455)
	at ptolemy.domains.de.kernel.DEDirector._fire(DEDirector.java:1949)
	at ptolemy.domains.de.kernel.DEDirector.fire(DEDirector.java:502)
	at ptolemy.actor.CompositeActor.fire(CompositeActor.java:455)
	at ptolemy.actor.Manager.iterate(Manager.java:851)
	at ptolemy.actor.Manager.execute(Manager.java:369)
	at ptolemy.actor.Manager.run(Manager.java:1263)
	at ptolemy.actor.Manager$PtolemyRunThread.run(Manager.java:1933)
java.lang.RuntimeException: Execution failed
	at ptolemy.moml.MoMLSimpleApplication$UnloadThread.run(MoMLSimpleApplication.java:402)
Caused by: ptolemy.kernel.util.IllegalActionException: Test fails in iteration 1.
Value was: 1.0. Should have been: 2.0
  in .DirectFeedback.Test
	at ptolemy.actor.lib.Test.fire(Test.java:268)
	at ptolemy.domains.de.kernel.DEDirector._fire(DEDirector.java:1949)
	at ptolemy.domains.de.kernel.DEDirector.fire(DEDirector.java:502)
	at ptolemy.actor.CompositeActor.fire(CompositeActor.java:455)
	at ptolemy.actor.Manager.iterate(Manager.java:851)
	at ptolemy.actor.Manager.execute(Manager.java:369)
	at ptolemy.actor.Manager.run(Manager.java:1263)
	at ptolemy.actor.Manager$PtolemyRunThread.run(Manager.java:1933)
java.lang.reflect.InvocationTargetException
	at java.base/jdk.internal.reflect.NativeConstructorAccessorImpl.newInstance0(Native Method)
	at java.base/jdk.internal.reflect.NativeConstructorAccessorImpl.newInstance(NativeConstructorAccessorImpl.java:62)
	at java.base/jdk.internal.reflect.DelegatingConstructorAccessorImpl.newInstance(DelegatingConstructorAccessorImpl.java:45)
	at java.base/java.lang.reflect.Constructor.newInstance(Constructor.java:490)
	at ptolemy.util.test.junit.AutoKnownFailedTests.RunModel(AutoKnownFailedTests.java:105)
	at java.base/jdk.internal.reflect.NativeMethodAccessorImpl.invoke0(Native Method)
	at java.base/jdk.internal.reflect.NativeMethodAccessorImpl.invoke(NativeMethodAccessorImpl.java:62)
	at java.base/jdk.internal.reflect.DelegatingMethodAccessorImpl.invoke(DelegatingMethodAccessorImpl.java:43)
	at java.base/java.lang.reflect.Method.invoke(Method.java:566)
	at org.junit.runners.model.FrameworkMethod$1.runReflectiveCall(FrameworkMethod.java:44)
	at org.junit.internal.runners.model.ReflectiveCallable.run(ReflectiveCallable.java:15)
	at org.junit.runners.model.FrameworkMethod.invokeExplosively(FrameworkMethod.java:41)
	at junitparams.internal.InvokeParameterisedMethod.evaluate(InvokeParameterisedMethod.java:102)
	at org.junit.internal.runners.statements.FailOnTimeout$1.run(FailOnTimeout.java:28)
Caused by: ptolemy.kernel.util.IllegalActionException: Test fails in iteration 1.
Value was: 1.0. Should have been: 2.0
  in .DirectFeedback.Test
	at ptolemy.actor.lib.Test.fire(Test.java:268)
	at ptolemy.domains.de.kernel.DEDirector._fire(DEDirector.java:1949)
	at ptolemy.domains.de.kernel.DEDirector.fire(DEDirector.java:502)
	at ptolemy.actor.CompositeActor.fire(CompositeActor.java:455)
	at ptolemy.actor.Manager.iterate(Manager.java:851)
	at ptolemy.actor.Manager.execute(Manager.java:369)
	at ptolemy.actor.Manager.run(Manager.java:1263)
	at ptolemy.actor.Manager$PtolemyRunThread.run(Manager.java:1933)
java.lang.RuntimeException: Execution failed
	at ptolemy.moml.MoMLSimpleApplication$UnloadThread.run(MoMLSimpleApplication.java:402)
Caused by: ptolemy.kernel.util.IllegalActionException: Found a zero delay loop containing .HierarchicalModel.A
  in .HierarchicalModel and .HierarchicalModel.A
	at ptolemy.actor.util.CausalityInterfaceForComposites._computeOutputPortDepth(CausalityInterfaceForComposites.java:759)
	at ptolemy.actor.util.CausalityInterfaceForComposites._computeInputDepth(CausalityInterfaceForComposites.java:696)
	at ptolemy.actor.util.CausalityInterfaceForComposites._computeOutputPortDepth(CausalityInterfaceForComposites.java:765)
	at ptolemy.actor.util.CausalityInterfaceForComposites._computeInputDepth(CausalityInterfaceForComposites.java:696)
	at ptolemy.actor.util.CausalityInterfaceForComposites._computeOutputPortDepth(CausalityInterfaceForComposites.java:765)
	at ptolemy.actor.util.CausalityInterfaceForComposites._computeInputDepth(CausalityInterfaceForComposites.java:696)
	at ptolemy.actor.util.CausalityInterfaceForComposites._computeActorDepth(CausalityInterfaceForComposites.java:532)
	at ptolemy.actor.util.CausalityInterfaceForComposites.checkForCycles(CausalityInterfaceForComposites.java:96)
	at ptolemy.domains.de.kernel.DEDirector.preinitialize(DEDirector.java:1338)
	at ptolemy.actor.CompositeActor.preinitialize(CompositeActor.java:1828)
	at ptolemy.actor.Manager.preinitializeAndResolveTypes(Manager.java:1040)
	at ptolemy.actor.Manager.initialize(Manager.java:710)
	at ptolemy.actor.Manager.execute(Manager.java:356)
	at ptolemy.actor.Manager.run(Manager.java:1263)
	at ptolemy.actor.Manager$PtolemyRunThread.run(Manager.java:1933)
java.lang.reflect.InvocationTargetException
	at java.base/jdk.internal.reflect.NativeConstructorAccessorImpl.newInstance0(Native Method)
	at java.base/jdk.internal.reflect.NativeConstructorAccessorImpl.newInstance(NativeConstructorAccessorImpl.java:62)
	at java.base/jdk.internal.reflect.DelegatingConstructorAccessorImpl.newInstance(DelegatingConstructorAccessorImpl.java:45)
	at java.base/java.lang.reflect.Constructor.newInstance(Constructor.java:490)
	at ptolemy.util.test.junit.AutoKnownFailedTests.RunModel(AutoKnownFailedTests.java:105)
	at java.base/jdk.internal.reflect.NativeMethodAccessorImpl.invoke0(Native Method)
	at java.base/jdk.internal.reflect.NativeMethodAccessorImpl.invoke(NativeMethodAccessorImpl.java:62)
	at java.base/jdk.internal.reflect.DelegatingMethodAccessorImpl.invoke(DelegatingMethodAccessorImpl.java:43)
	at java.base/java.lang.reflect.Method.invoke(Method.java:566)
	at org.junit.runners.model.FrameworkMethod$1.runReflectiveCall(FrameworkMethod.java:44)
	at org.junit.internal.runners.model.ReflectiveCallable.run(ReflectiveCallable.java:15)
	at org.junit.runners.model.FrameworkMethod.invokeExplosively(FrameworkMethod.java:41)
	at junitparams.internal.InvokeParameterisedMethod.evaluate(InvokeParameterisedMethod.java:102)
	at org.junit.internal.runners.statements.FailOnTimeout$1.run(FailOnTimeout.java:28)
Caused by: ptolemy.kernel.util.IllegalActionException: Found a zero delay loop containing .HierarchicalModel.A
  in .HierarchicalModel and .HierarchicalModel.A
	at ptolemy.actor.util.CausalityInterfaceForComposites._computeOutputPortDepth(CausalityInterfaceForComposites.java:759)
	at ptolemy.actor.util.CausalityInterfaceForComposites._computeInputDepth(CausalityInterfaceForComposites.java:696)
	at ptolemy.actor.util.CausalityInterfaceForComposites._computeOutputPortDepth(CausalityInterfaceForComposites.java:765)
	at ptolemy.actor.util.CausalityInterfaceForComposites._computeInputDepth(CausalityInterfaceForComposites.java:696)
	at ptolemy.actor.util.CausalityInterfaceForComposites._computeOutputPortDepth(CausalityInterfaceForComposites.java:765)
	at ptolemy.actor.util.CausalityInterfaceForComposites._computeInputDepth(CausalityInterfaceForComposites.java:696)
	at ptolemy.actor.util.CausalityInterfaceForComposites._computeActorDepth(CausalityInterfaceForComposites.java:532)
	at ptolemy.actor.util.CausalityInterfaceForComposites.checkForCycles(CausalityInterfaceForComposites.java:96)
	at ptolemy.domains.de.kernel.DEDirector.preinitialize(DEDirector.java:1338)
	at ptolemy.actor.CompositeActor.preinitialize(CompositeActor.java:1828)
	at ptolemy.actor.Manager.preinitializeAndResolveTypes(Manager.java:1040)
	at ptolemy.actor.Manager.initialize(Manager.java:710)
	at ptolemy.actor.Manager.execute(Manager.java:356)
	at ptolemy.actor.Manager.run(Manager.java:1263)
	at ptolemy.actor.Manager$PtolemyRunThread.run(Manager.java:1933)
java.lang.RuntimeException: Execution failed
	at ptolemy.moml.MoMLSimpleApplication$UnloadThread.run(MoMLSimpleApplication.java:402)
Caused by: ptolemy.kernel.util.IllegalActionException: Found a zero delay loop containing .dependencyLoop.original
  in .dependencyLoop and .dependencyLoop.original
	at ptolemy.actor.util.CausalityInterfaceForComposites._computeOutputPortDepth(CausalityInterfaceForComposites.java:759)
	at ptolemy.actor.util.CausalityInterfaceForComposites._computeInputDepth(CausalityInterfaceForComposites.java:696)
	at ptolemy.actor.util.CausalityInterfaceForComposites._computeOutputPortDepth(CausalityInterfaceForComposites.java:765)
	at ptolemy.actor.util.CausalityInterfaceForComposites._computeInputDepth(CausalityInterfaceForComposites.java:696)
	at ptolemy.actor.util.CausalityInterfaceForComposites._computeOutputPortDepth(CausalityInterfaceForComposites.java:765)
	at ptolemy.actor.util.CausalityInterfaceForComposites._computeInputDepth(CausalityInterfaceForComposites.java:696)
	at ptolemy.actor.util.CausalityInterfaceForComposites._computeActorDepth(CausalityInterfaceForComposites.java:532)
	at ptolemy.actor.util.CausalityInterfaceForComposites.checkForCycles(CausalityInterfaceForComposites.java:96)
	at ptolemy.domains.de.kernel.DEDirector.preinitialize(DEDirector.java:1338)
	at ptolemy.actor.CompositeActor.preinitialize(CompositeActor.java:1828)
	at ptolemy.actor.Manager.preinitializeAndResolveTypes(Manager.java:1040)
	at ptolemy.actor.Manager.initialize(Manager.java:710)
	at ptolemy.actor.Manager.execute(Manager.java:356)
	at ptolemy.actor.Manager.run(Manager.java:1263)
	at ptolemy.actor.Manager$PtolemyRunThread.run(Manager.java:1933)
java.lang.reflect.InvocationTargetException
	at java.base/jdk.internal.reflect.NativeConstructorAccessorImpl.newInstance0(Native Method)
	at java.base/jdk.internal.reflect.NativeConstructorAccessorImpl.newInstance(NativeConstructorAccessorImpl.java:62)
	at java.base/jdk.internal.reflect.DelegatingConstructorAccessorImpl.newInstance(DelegatingConstructorAccessorImpl.java:45)
	at java.base/java.lang.reflect.Constructor.newInstance(Constructor.java:490)
	at ptolemy.util.test.junit.AutoKnownFailedTests.RunModel(AutoKnownFailedTests.java:105)
	at java.base/jdk.internal.reflect.NativeMethodAccessorImpl.invoke0(Native Method)
	at java.base/jdk.internal.reflect.NativeMethodAccessorImpl.invoke(NativeMethodAccessorImpl.java:62)
	at java.base/jdk.internal.reflect.DelegatingMethodAccessorImpl.invoke(DelegatingMethodAccessorImpl.java:43)
	at java.base/java.lang.reflect.Method.invoke(Method.java:566)
	at org.junit.runners.model.FrameworkMethod$1.runReflectiveCall(FrameworkMethod.java:44)
	at org.junit.internal.runners.model.ReflectiveCallable.run(ReflectiveCallable.java:15)
	at org.junit.runners.model.FrameworkMethod.invokeExplosively(FrameworkMethod.java:41)
	at junitparams.internal.InvokeParameterisedMethod.evaluate(InvokeParameterisedMethod.java:102)
	at org.junit.internal.runners.statements.FailOnTimeout$1.run(FailOnTimeout.java:28)
Caused by: ptolemy.kernel.util.IllegalActionException: Found a zero delay loop containing .dependencyLoop.original
  in .dependencyLoop and .dependencyLoop.original
	at ptolemy.actor.util.CausalityInterfaceForComposites._computeOutputPortDepth(CausalityInterfaceForComposites.java:759)
	at ptolemy.actor.util.CausalityInterfaceForComposites._computeInputDepth(CausalityInterfaceForComposites.java:696)
	at ptolemy.actor.util.CausalityInterfaceForComposites._computeOutputPortDepth(CausalityInterfaceForComposites.java:765)
	at ptolemy.actor.util.CausalityInterfaceForComposites._computeInputDepth(CausalityInterfaceForComposites.java:696)
	at ptolemy.actor.util.CausalityInterfaceForComposites._computeOutputPortDepth(CausalityInterfaceForComposites.java:765)
	at ptolemy.actor.util.CausalityInterfaceForComposites._computeInputDepth(CausalityInterfaceForComposites.java:696)
	at ptolemy.actor.util.CausalityInterfaceForComposites._computeActorDepth(CausalityInterfaceForComposites.java:532)
	at ptolemy.actor.util.CausalityInterfaceForComposites.checkForCycles(CausalityInterfaceForComposites.java:96)
	at ptolemy.domains.de.kernel.DEDirector.preinitialize(DEDirector.java:1338)
	at ptolemy.actor.CompositeActor.preinitialize(CompositeActor.java:1828)
	at ptolemy.actor.Manager.preinitializeAndResolveTypes(Manager.java:1040)
	at ptolemy.actor.Manager.initialize(Manager.java:710)
	at ptolemy.actor.Manager.execute(Manager.java:356)
	at ptolemy.actor.Manager.run(Manager.java:1263)
	at ptolemy.actor.Manager$PtolemyRunThread.run(Manager.java:1933)
java.lang.RuntimeException: Execution failed
	at ptolemy.moml.MoMLSimpleApplication$UnloadThread.run(MoMLSimpleApplication.java:402)
Caused by: ptolemy.kernel.util.IllegalActionException: Found a zero delay loop containing .dependencyLoop2.original
  in .dependencyLoop2 and .dependencyLoop2.original
	at ptolemy.actor.util.CausalityInterfaceForComposites._computeOutputPortDepth(CausalityInterfaceForComposites.java:759)
	at ptolemy.actor.util.CausalityInterfaceForComposites._computeInputDepth(CausalityInterfaceForComposites.java:696)
	at ptolemy.actor.util.CausalityInterfaceForComposites._computeOutputPortDepth(CausalityInterfaceForComposites.java:765)
	at ptolemy.actor.util.CausalityInterfaceForComposites._computeInputDepth(CausalityInterfaceForComposites.java:696)
	at ptolemy.actor.util.CausalityInterfaceForComposites._computeOutputPortDepth(CausalityInterfaceForComposites.java:765)
	at ptolemy.actor.util.CausalityInterfaceForComposites._computeInputDepth(CausalityInterfaceForComposites.java:696)
	at ptolemy.actor.util.CausalityInterfaceForComposites._computeActorDepth(CausalityInterfaceForComposites.java:532)
	at ptolemy.actor.util.CausalityInterfaceForComposites.checkForCycles(CausalityInterfaceForComposites.java:96)
	at ptolemy.domains.de.kernel.DEDirector.preinitialize(DEDirector.java:1338)
	at ptolemy.actor.CompositeActor.preinitialize(CompositeActor.java:1828)
	at ptolemy.actor.Manager.preinitializeAndResolveTypes(Manager.java:1040)
	at ptolemy.actor.Manager.initialize(Manager.java:710)
	at ptolemy.actor.Manager.execute(Manager.java:356)
	at ptolemy.actor.Manager.run(Manager.java:1263)
	at ptolemy.actor.Manager$PtolemyRunThread.run(Manager.java:1933)
java.lang.reflect.InvocationTargetException
	at java.base/jdk.internal.reflect.NativeConstructorAccessorImpl.newInstance0(Native Method)
	at java.base/jdk.internal.reflect.NativeConstructorAccessorImpl.newInstance(NativeConstructorAccessorImpl.java:62)
	at java.base/jdk.internal.reflect.DelegatingConstructorAccessorImpl.newInstance(DelegatingConstructorAccessorImpl.java:45)
	at java.base/java.lang.reflect.Constructor.newInstance(Constructor.java:490)
	at ptolemy.util.test.junit.AutoKnownFailedTests.RunModel(AutoKnownFailedTests.java:105)
	at java.base/jdk.internal.reflect.NativeMethodAccessorImpl.invoke0(Native Method)
	at java.base/jdk.internal.reflect.NativeMethodAccessorImpl.invoke(NativeMethodAccessorImpl.java:62)
	at java.base/jdk.internal.reflect.DelegatingMethodAccessorImpl.invoke(DelegatingMethodAccessorImpl.java:43)
	at java.base/java.lang.reflect.Method.invoke(Method.java:566)
	at org.junit.runners.model.FrameworkMethod$1.runReflectiveCall(FrameworkMethod.java:44)
	at org.junit.internal.runners.model.ReflectiveCallable.run(ReflectiveCallable.java:15)
	at org.junit.runners.model.FrameworkMethod.invokeExplosively(FrameworkMethod.java:41)
	at junitparams.internal.InvokeParameterisedMethod.evaluate(InvokeParameterisedMethod.java:102)
	at org.junit.internal.runners.statements.FailOnTimeout$1.run(FailOnTimeout.java:28)
Caused by: ptolemy.kernel.util.IllegalActionException: Found a zero delay loop containing .dependencyLoop2.original
  in .dependencyLoop2 and .dependencyLoop2.original
	at ptolemy.actor.util.CausalityInterfaceForComposites._computeOutputPortDepth(CausalityInterfaceForComposites.java:759)
	at ptolemy.actor.util.CausalityInterfaceForComposites._computeInputDepth(CausalityInterfaceForComposites.java:696)
	at ptolemy.actor.util.CausalityInterfaceForComposites._computeOutputPortDepth(CausalityInterfaceForComposites.java:765)
	at ptolemy.actor.util.CausalityInterfaceForComposites._computeInputDepth(CausalityInterfaceForComposites.java:696)
	at ptolemy.actor.util.CausalityInterfaceForComposites._computeOutputPortDepth(CausalityInterfaceForComposites.java:765)
	at ptolemy.actor.util.CausalityInterfaceForComposites._computeInputDepth(CausalityInterfaceForComposites.java:696)
	at ptolemy.actor.util.CausalityInterfaceForComposites._computeActorDepth(CausalityInterfaceForComposites.java:532)
	at ptolemy.actor.util.CausalityInterfaceForComposites.checkForCycles(CausalityInterfaceForComposites.java:96)
	at ptolemy.domains.de.kernel.DEDirector.preinitialize(DEDirector.java:1338)
	at ptolemy.actor.CompositeActor.preinitialize(CompositeActor.java:1828)
	at ptolemy.actor.Manager.preinitializeAndResolveTypes(Manager.java:1040)
	at ptolemy.actor.Manager.initialize(Manager.java:710)
	at ptolemy.actor.Manager.execute(Manager.java:356)
	at ptolemy.actor.Manager.run(Manager.java:1263)
	at ptolemy.actor.Manager$PtolemyRunThread.run(Manager.java:1933)
]]></system-err>
</testsuite>
