<?xml version="1.0" encoding="UTF-8" ?>
<testsuite errors="0" failures="0" hostname="travis-job-a353539d-1233-4eb8-9433-dc102d6c75b8" name="ptolemy.domains.sdf.test.junit.JUnitTclTest" skipped="0" tests="66" time="20.376" timestamp="2019-10-21T15:31:14">
  <properties>
[...]
</properties>
  <testcase classname="ptolemy.util.test.junit.TclTests" name="[0] /home/travis/build/icyphy/ptII/ptolemy/domains/sdf/test/SDFSchedulerErrors.tcl (RunTclFile)" time="0.92" />
  <testcase classname="ptolemy.util.test.junit.TclTests" name="[1] /home/travis/build/icyphy/ptII/ptolemy/domains/sdf/test/composition.tcl (RunTclFile)" time="0.223" />
  <testcase classname="ptolemy.util.test.junit.TclTests" name="[2] /home/travis/build/icyphy/ptII/ptolemy/domains/sdf/test/cycle.tcl (RunTclFile)" time="0.085" />
  <testcase classname="ptolemy.util.test.junit.AutoKnownFailedTests" name="[0] ThereAreNoKnowFailedTests (RunModel)" time="0.009" />
  <testcase classname="ptolemy.util.test.junit.AutoNameArchTests" name="[0] ThereAreNoAutoArchTests (RunModel)" time="0.003" />
  <testcase classname="ptolemy.util.test.junit.AutoTests" name="[0] /home/travis/build/icyphy/ptII/ptolemy/domains/sdf/test/auto/Array.xml (RunModel)" time="0.292" />
  <testcase classname="ptolemy.util.test.junit.AutoTests" name="[1] /home/travis/build/icyphy/ptII/ptolemy/domains/sdf/test/auto/Butterfly.xml (RunModel)" time="0.202" />
  <testcase classname="ptolemy.util.test.junit.AutoTests" name="[2] /home/travis/build/icyphy/ptII/ptolemy/domains/sdf/test/auto/Expression.xml (RunModel)" time="0.099" />
  <testcase classname="ptolemy.util.test.junit.AutoTests" name="[3] /home/travis/build/icyphy/ptII/ptolemy/domains/sdf/test/auto/Eye.xml (RunModel)" time="0.324" />
  <testcase classname="ptolemy.util.test.junit.AutoTests" name="[4] /home/travis/build/icyphy/ptII/ptolemy/domains/sdf/test/auto/FixFIR.xml (RunModel)" time="0.354" />
  <testcase classname="ptolemy.util.test.junit.AutoTests" name="[5] /home/travis/build/icyphy/ptII/ptolemy/domains/sdf/test/auto/FixPoint.xml (RunModel)" time="0.035" />
  <testcase classname="ptolemy.util.test.junit.AutoTests" name="[6] /home/travis/build/icyphy/ptII/ptolemy/domains/sdf/test/auto/Gravitation.xml (RunModel)" time="3.312" />
  <testcase classname="ptolemy.util.test.junit.AutoTests" name="[7] /home/travis/build/icyphy/ptII/ptolemy/domains/sdf/test/auto/GravitationWithCollisionDetection.xml (RunModel)" time="6.125" />
  <testcase classname="ptolemy.util.test.junit.AutoTests" name="[8] /home/travis/build/icyphy/ptII/ptolemy/domains/sdf/test/auto/HDF.xml (RunModel)" time="0.122" />
  <testcase classname="ptolemy.util.test.junit.AutoTests" name="[9] /home/travis/build/icyphy/ptII/ptolemy/domains/sdf/test/auto/HDFwithTransientStates.xml (RunModel)" time="0.109" />
  <testcase classname="ptolemy.util.test.junit.AutoTests" name="[10] /home/travis/build/icyphy/ptII/ptolemy/domains/sdf/test/auto/HTVQ.xml (RunModel)" time="0.83" />
  <testcase classname="ptolemy.util.test.junit.AutoTests" name="[11] /home/travis/build/icyphy/ptII/ptolemy/domains/sdf/test/auto/InferInitProduction.xml (RunModel)" time="0.029" />
  <testcase classname="ptolemy.util.test.junit.AutoTests" name="[12] /home/travis/build/icyphy/ptII/ptolemy/domains/sdf/test/auto/InferInitProductionDeeper.xml (RunModel)" time="0.023" />
  <testcase classname="ptolemy.util.test.junit.AutoTests" name="[13] /home/travis/build/icyphy/ptII/ptolemy/domains/sdf/test/auto/LMSAdaptive.xml (RunModel)" time="0.061" />
  <testcase classname="ptolemy.util.test.junit.AutoTests" name="[14] /home/travis/build/icyphy/ptII/ptolemy/domains/sdf/test/auto/LogisticMap.xml (RunModel)" time="0.462" />
  <testcase classname="ptolemy.util.test.junit.AutoTests" name="[15] /home/travis/build/icyphy/ptII/ptolemy/domains/sdf/test/auto/MaximumEntropySpectrum.xml (RunModel)" time="0.277" />
  <testcase classname="ptolemy.util.test.junit.AutoTests" name="[16] /home/travis/build/icyphy/ptII/ptolemy/domains/sdf/test/auto/MultirateSDF.xml (RunModel)" time="0.076" />
  <testcase classname="ptolemy.util.test.junit.AutoTests" name="[17] /home/travis/build/icyphy/ptII/ptolemy/domains/sdf/test/auto/MultirateSDFwithTransientStates.xml (RunModel)" time="0.082" />
  <testcase classname="ptolemy.util.test.junit.AutoTests" name="[18] /home/travis/build/icyphy/ptII/ptolemy/domains/sdf/test/auto/NoisySinewave.xml (RunModel)" time="0.084" />
  <testcase classname="ptolemy.util.test.junit.AutoTests" name="[19] /home/travis/build/icyphy/ptII/ptolemy/domains/sdf/test/auto/Objects.xml (RunModel)" time="0.043" />
  <testcase classname="ptolemy.util.test.junit.AutoTests" name="[20] /home/travis/build/icyphy/ptII/ptolemy/domains/sdf/test/auto/OrthogonalCom.xml (RunModel)" time="0.047" />
  <testcase classname="ptolemy.util.test.junit.AutoTests" name="[21] /home/travis/build/icyphy/ptII/ptolemy/domains/sdf/test/auto/RijndaelEncryption.xml (RunModel)" time="0.608" />
  <testcase classname="ptolemy.util.test.junit.AutoTests" name="[22] /home/travis/build/icyphy/ptII/ptolemy/domains/sdf/test/auto/SDFEmptyIterations.xml (RunModel)" time="0.022" />
  <testcase classname="ptolemy.util.test.junit.AutoTests" name="[23] /home/travis/build/icyphy/ptII/ptolemy/domains/sdf/test/auto/Spectrum.xml (RunModel)" time="0.069" />
  <testcase classname="ptolemy.util.test.junit.AutoTests" name="[24] /home/travis/build/icyphy/ptII/ptolemy/domains/sdf/test/auto/de_inside_sdf.xml (RunModel)" time="0.031" />
  <testcase classname="ptolemy.util.test.junit.AutoTests" name="[25] /home/travis/build/icyphy/ptII/ptolemy/domains/sdf/test/auto/disconnectedHierarchicalSDF.xml (RunModel)" time="0.039" />
  <testcase classname="ptolemy.util.test.junit.AutoTests" name="[26] /home/travis/build/icyphy/ptII/ptolemy/domains/sdf/test/auto/disconnectedSDF.xml (RunModel)" time="0.02" />
  <testcase classname="ptolemy.util.test.junit.AutoTests" name="[27] /home/travis/build/icyphy/ptII/ptolemy/domains/sdf/test/auto/emptyRefinement.xml (RunModel)" time="0.024" />
  <testcase classname="ptolemy.util.test.junit.AutoTests" name="[28] /home/travis/build/icyphy/ptII/ptolemy/domains/sdf/test/auto/filePortParameter.xml (RunModel)" time="0.058" />
  <testcase classname="ptolemy.util.test.junit.AutoTests" name="[29] /home/travis/build/icyphy/ptII/ptolemy/domains/sdf/test/auto/inferRelationWidth1.xml (RunModel)" time="0.014" />
  <testcase classname="ptolemy.util.test.junit.AutoTests" name="[30] /home/travis/build/icyphy/ptII/ptolemy/domains/sdf/test/auto/initProductionInference.xml (RunModel)" time="0.023" />
  <testcase classname="ptolemy.util.test.junit.AutoTests" name="[31] /home/travis/build/icyphy/ptII/ptolemy/domains/sdf/test/auto/relationGroup.xml (RunModel)" time="0.02" />
  <testcase classname="ptolemy.util.test.junit.AutoTests" name="[32] /home/travis/build/icyphy/ptII/ptolemy/domains/sdf/test/auto/relationGroup10.xml (RunModel)" time="0.014" />
  <testcase classname="ptolemy.util.test.junit.AutoTests" name="[33] /home/travis/build/icyphy/ptII/ptolemy/domains/sdf/test/auto/relationGroup11.xml (RunModel)" time="0.013" />
  <testcase classname="ptolemy.util.test.junit.AutoTests" name="[34] /home/travis/build/icyphy/ptII/ptolemy/domains/sdf/test/auto/relationGroup12.xml (RunModel)" time="0.014" />
  <testcase classname="ptolemy.util.test.junit.AutoTests" name="[35] /home/travis/build/icyphy/ptII/ptolemy/domains/sdf/test/auto/relationGroup13.xml (RunModel)" time="0.021" />
  <testcase classname="ptolemy.util.test.junit.AutoTests" name="[36] /home/travis/build/icyphy/ptII/ptolemy/domains/sdf/test/auto/relationGroup14.xml (RunModel)" time="0.017" />
  <testcase classname="ptolemy.util.test.junit.AutoTests" name="[37] /home/travis/build/icyphy/ptII/ptolemy/domains/sdf/test/auto/relationGroup15.xml (RunModel)" time="0.014" />
  <testcase classname="ptolemy.util.test.junit.AutoTests" name="[38] /home/travis/build/icyphy/ptII/ptolemy/domains/sdf/test/auto/relationGroup2.xml (RunModel)" time="0.009" />
  <testcase classname="ptolemy.util.test.junit.AutoTests" name="[39] /home/travis/build/icyphy/ptII/ptolemy/domains/sdf/test/auto/relationGroup3.xml (RunModel)" time="0.017" />
  <testcase classname="ptolemy.util.test.junit.AutoTests" name="[40] /home/travis/build/icyphy/ptII/ptolemy/domains/sdf/test/auto/relationGroup4.xml (RunModel)" time="0.017" />
  <testcase classname="ptolemy.util.test.junit.AutoTests" name="[41] /home/travis/build/icyphy/ptII/ptolemy/domains/sdf/test/auto/relationGroup5.xml (RunModel)" time="0.011" />
  <testcase classname="ptolemy.util.test.junit.AutoTests" name="[42] /home/travis/build/icyphy/ptII/ptolemy/domains/sdf/test/auto/relationGroup6.xml (RunModel)" time="0.019" />
  <testcase classname="ptolemy.util.test.junit.AutoTests" name="[43] /home/travis/build/icyphy/ptII/ptolemy/domains/sdf/test/auto/relationGroup7.xml (RunModel)" time="0.013" />
  <testcase classname="ptolemy.util.test.junit.AutoTests" name="[44] /home/travis/build/icyphy/ptII/ptolemy/domains/sdf/test/auto/relationGroup8.xml (RunModel)" time="0.007" />
  <testcase classname="ptolemy.util.test.junit.AutoTests" name="[45] /home/travis/build/icyphy/ptII/ptolemy/domains/sdf/test/auto/relationGroup9.xml (RunModel)" time="0.012" />
  <testcase classname="ptolemy.util.test.junit.AutoTests" name="[46] /home/travis/build/icyphy/ptII/ptolemy/domains/sdf/test/auto/sdf_inside_de.xml (RunModel)" time="0.044" />
  <testcase classname="ptolemy.util.test.junit.AutoTests" name="[47] /home/travis/build/icyphy/ptII/ptolemy/domains/sdf/test/auto/sdf_inside_pn.xml (RunModel)" time="0.065" />
  <testcase classname="ptolemy.util.test.junit.AutoTests" name="[48] /home/travis/build/icyphy/ptII/ptolemy/domains/sdf/test/auto/sdf_sdf1.xml (RunModel)" time="0.02" />
  <testcase classname="ptolemy.util.test.junit.AutoTests" name="[49] /home/travis/build/icyphy/ptII/ptolemy/domains/sdf/test/auto/test1.xml (RunModel)" time="0.016" />
  <testcase classname="ptolemy.util.test.junit.AutoTests" name="[50] /home/travis/build/icyphy/ptII/ptolemy/domains/sdf/test/auto/time1.xml (RunModel)" time="0.009" />
  <testcase classname="ptolemy.util.test.junit.AutoTests" name="[51] /home/travis/build/icyphy/ptII/ptolemy/domains/sdf/test/auto/time2.xml (RunModel)" time="0.009" />
  <testcase classname="ptolemy.util.test.junit.AutoTests" name="[52] /home/travis/build/icyphy/ptII/ptolemy/domains/sdf/test/auto/time3.xml (RunModel)" time="0.02" />
  <testcase classname="ptolemy.util.test.junit.AutoTests" name="[53] /home/travis/build/icyphy/ptII/ptolemy/domains/sdf/test/auto/time4.xml (RunModel)" time="0.02" />
  <testcase classname="ptolemy.util.test.junit.AutoTests" name="[54] /home/travis/build/icyphy/ptII/ptolemy/domains/sdf/test/auto/time5.xml (RunModel)" time="4.011" />
  <testcase classname="ptolemy.util.test.junit.AutoTests" name="[55] /home/travis/build/icyphy/ptII/ptolemy/domains/sdf/test/auto/typeSystem_Const_Integer_smallest_Type.xml (RunModel)" time="0.026" />
  <testcase classname="ptolemy.util.test.junit.AutoTests" name="[56] /home/travis/build/icyphy/ptII/ptolemy/domains/sdf/test/auto/typeSystem_declared_Inports_OutportTypeException.xml (RunModel)" time="0.017" />
  <testcase classname="ptolemy.util.test.junit.AutoTests" name="[57] /home/travis/build/icyphy/ptII/ptolemy/domains/sdf/test/auto/typeSystem_oneDeclaredInportType_wrongTypeOutport.xml (RunModel)" time="0.016" />
  <testcase classname="ptolemy.util.test.junit.AutoTests" name="[58] /home/travis/build/icyphy/ptII/ptolemy/domains/sdf/test/auto/width.xml (RunModel)" time="0.01" />
  <testcase classname="ptolemy.util.test.junit.AutoTests" name="[59] /home/travis/build/icyphy/ptII/ptolemy/domains/sdf/test/auto/width2.xml (RunModel)" time="0.045" />
  <testcase classname="ptolemy.util.test.junit.AutoTests" name="[60] /home/travis/build/icyphy/ptII/ptolemy/domains/sdf/test/auto/width3.xml (RunModel)" time="0.039" />
  <system-out><![CDATA[/home/travis/build/icyphy/ptII/ptolemy/domains/sdf/test/SDFSchedulerErrors.tcl
testDefs.tcl: setting time out to 9000 seconds at Mon Oct 21 15:31:14 UTC 2019
79 ms. Memory: 120832K Free: 82369K (68%)
14 ms. Memory: 120832K Free: 74691K (62%)
6 ms. Memory: 120832K Free: 68019K (56%)
17 ms. Memory: 120832K Free: 65475K (54%)
/home/travis/build/icyphy/ptII/ptolemy/domains/sdf/test/composition.tcl
51 ms. Memory: 120832K Free: 61379K (51%)
11 ms. Memory: 120832K Free: 59331K (49%)
/home/travis/build/icyphy/ptII/ptolemy/domains/sdf/test/cycle.tcl
.Toplevel.Director Preinitializing ...
Invoking preinitialize():  .Toplevel.Actor1
Invoking preinitialize():  .Toplevel.Actor2
Invoking preinitialize():  .Toplevel.Delay
.Toplevel.Director Finished preinitialize().
### Schedule:
Execute Schedule{
Fire Actor ptolemy.domains.sdf.kernel.test.SDFTestDelay {.Toplevel.Actor1}
Fire Actor ptolemy.domains.sdf.kernel.test.SDFTestDelay {.Toplevel.Actor2}
Fire Actor ptolemy.domains.sdf.lib.SampleDelay {.Toplevel.Delay}
}
### End schedule
Called initialize().
Invoking initialize():  .Toplevel.Actor1
Initializing actor: .Toplevel.Actor1.
Invoking initialize():  .Toplevel.Actor2
Initializing actor: .Toplevel.Actor2.
Invoking initialize():  .Toplevel.Delay
Initializing actor: .Toplevel.Delay.
Director: Called prefire().
-- Setting current time to 0.0
Director prefire returns true.
The actor .Toplevel.Actor1 will be iterated.
The actor .Toplevel.Actor1 was iterated.
The actor .Toplevel.Actor2 will be iterated.
The actor .Toplevel.Actor2 was iterated.
The actor .Toplevel.Delay will be iterated.
The actor .Toplevel.Delay was iterated.
Director: Called postfire().
Postfire returns: true
Director: Called prefire().
-- Setting current time to 0.0
Director prefire returns true.
The actor .Toplevel.Actor1 will be iterated.
The actor .Toplevel.Actor1 was iterated.
The actor .Toplevel.Actor2 will be iterated.
The actor .Toplevel.Actor2 was iterated.
The actor .Toplevel.Delay will be iterated.
The actor .Toplevel.Delay was iterated.
Director: Called postfire().
Postfire returns: true
Director: Called prefire().
-- Setting current time to 0.0
Director prefire returns true.
The actor .Toplevel.Actor1 will be iterated.
The actor .Toplevel.Actor1 was iterated.
The actor .Toplevel.Actor2 will be iterated.
The actor .Toplevel.Actor2 was iterated.
The actor .Toplevel.Delay will be iterated.
The actor .Toplevel.Delay was iterated.
Director: Called postfire().
Postfire returns: true
Director: Called prefire().
-- Setting current time to 0.0
Director prefire returns true.
The actor .Toplevel.Actor1 will be iterated.
The actor .Toplevel.Actor1 was iterated.
The actor .Toplevel.Actor2 will be iterated.
The actor .Toplevel.Actor2 was iterated.
The actor .Toplevel.Delay will be iterated.
The actor .Toplevel.Delay was iterated.
Director: Called postfire().
Postfire returns: true
Director: Called prefire().
-- Setting current time to 0.0
Director prefire returns true.
The actor .Toplevel.Actor1 will be iterated.
The actor .Toplevel.Actor1 was iterated.
The actor .Toplevel.Actor2 will be iterated.
The actor .Toplevel.Actor2 was iterated.
The actor .Toplevel.Delay will be iterated.
The actor .Toplevel.Delay was iterated.
Director: Called postfire().
Postfire returns: true
Director: Called prefire().
-- Setting current time to 0.0
Director prefire returns true.
The actor .Toplevel.Actor1 will be iterated.
The actor .Toplevel.Actor1 was iterated.
The actor .Toplevel.Actor2 will be iterated.
The actor .Toplevel.Actor2 was iterated.
The actor .Toplevel.Delay will be iterated.
The actor .Toplevel.Delay was iterated.
Reached specified number of iterations: 6
Director: Called wrapup().
39 ms. Memory: 120832K Free: 56259K (47%)
10/21/19 03:31:15
Failed: 0  Total Tests: 8  ((Passed: 8, Newly Passed: 0)  Known Failed: 0) /home/travis/build/icyphy/ptII/ptolemy/domains/sdf/test
No auto/knownFailedTests/*.xml tests in /home/travis/build/icyphy/ptII/ptolemy/domains/sdf/test
No auto/linux-amd64/*.xml tests in /home/travis/build/icyphy/ptII/ptolemy/domains/sdf/test
AutoTests.java: About to close Vertx.
AutoTests.java: Vertx closed.

===========================================================================================
----------------- testing Mon Oct 21 15:31:16 UTC 2019 /home/travis/build/icyphy/ptII/ptolemy/domains/sdf/test/auto/Array.xml
----------------- Instantiating /home/travis/build/icyphy/ptII/ptolemy/domains/sdf/test/auto/Array.xml
52 ms. Memory: 120832K Free: 92876K (77%)
----------------- Invoking toplevel() on ptolemy.moml.MoMLSimpleApplication@73e34913
----------------- Done invoking toplevel() on ptolemy.moml.MoMLSimpleApplication@73e34913
reloadAllAccessors: .Array

===========================================================================================
----------------- testing Mon Oct 21 15:31:16 UTC 2019 /home/travis/build/icyphy/ptII/ptolemy/domains/sdf/test/auto/Butterfly.xml
----------------- Instantiating /home/travis/build/icyphy/ptII/ptolemy/domains/sdf/test/auto/Butterfly.xml
126 ms. Memory: 120832K Free: 104746K (87%)
----------------- Invoking toplevel() on ptolemy.moml.MoMLSimpleApplication@5ba9b6bc
----------------- Done invoking toplevel() on ptolemy.moml.MoMLSimpleApplication@5ba9b6bc
reloadAllAccessors: .Butterfly

===========================================================================================
----------------- testing Mon Oct 21 15:31:16 UTC 2019 /home/travis/build/icyphy/ptII/ptolemy/domains/sdf/test/auto/Expression.xml
----------------- Instantiating /home/travis/build/icyphy/ptII/ptolemy/domains/sdf/test/auto/Expression.xml
51 ms. Memory: 120832K Free: 99831K (83%)
----------------- Invoking toplevel() on ptolemy.moml.MoMLSimpleApplication@36cc9960
----------------- Done invoking toplevel() on ptolemy.moml.MoMLSimpleApplication@36cc9960
reloadAllAccessors: .Expression

===========================================================================================
----------------- testing Mon Oct 21 15:31:16 UTC 2019 /home/travis/build/icyphy/ptII/ptolemy/domains/sdf/test/auto/Eye.xml
----------------- Instantiating /home/travis/build/icyphy/ptII/ptolemy/domains/sdf/test/auto/Eye.xml
201 ms. Memory: 120832K Free: 105307K (87%)
----------------- Invoking toplevel() on ptolemy.moml.MoMLSimpleApplication@30e8ee63
----------------- Done invoking toplevel() on ptolemy.moml.MoMLSimpleApplication@30e8ee63
reloadAllAccessors: .Eye

===========================================================================================
----------------- testing Mon Oct 21 15:31:17 UTC 2019 /home/travis/build/icyphy/ptII/ptolemy/domains/sdf/test/auto/FixFIR.xml
----------------- Instantiating /home/travis/build/icyphy/ptII/ptolemy/domains/sdf/test/auto/FixFIR.xml
153 ms. Memory: 120832K Free: 72662K (60%)
----------------- Invoking toplevel() on ptolemy.moml.MoMLSimpleApplication@29135b2a
----------------- Done invoking toplevel() on ptolemy.moml.MoMLSimpleApplication@29135b2a
reloadAllAccessors: .FixFIR

===========================================================================================
----------------- testing Mon Oct 21 15:31:17 UTC 2019 /home/travis/build/icyphy/ptII/ptolemy/domains/sdf/test/auto/FixPoint.xml
----------------- Instantiating /home/travis/build/icyphy/ptII/ptolemy/domains/sdf/test/auto/FixPoint.xml
11 ms. Memory: 120832K Free: 68852K (57%)
----------------- Invoking toplevel() on ptolemy.moml.MoMLSimpleApplication@495bbb4
----------------- Done invoking toplevel() on ptolemy.moml.MoMLSimpleApplication@495bbb4
reloadAllAccessors: .FixPoint

===========================================================================================
----------------- testing Mon Oct 21 15:31:17 UTC 2019 /home/travis/build/icyphy/ptII/ptolemy/domains/sdf/test/auto/Gravitation.xml
----------------- Instantiating /home/travis/build/icyphy/ptII/ptolemy/domains/sdf/test/auto/Gravitation.xml
3188 ms. Memory: 145408K Free: 81748K (56%)
----------------- Invoking toplevel() on ptolemy.moml.MoMLSimpleApplication@6d85e5c3
----------------- Done invoking toplevel() on ptolemy.moml.MoMLSimpleApplication@6d85e5c3
reloadAllAccessors: .Gravitation

===========================================================================================
----------------- testing Mon Oct 21 15:31:20 UTC 2019 /home/travis/build/icyphy/ptII/ptolemy/domains/sdf/test/auto/GravitationWithCollisionDetection.xml
----------------- Instantiating /home/travis/build/icyphy/ptII/ptolemy/domains/sdf/test/auto/GravitationWithCollisionDetection.xml
5920 ms. Memory: 286720K Free: 221663K (77%)
----------------- Invoking toplevel() on ptolemy.moml.MoMLSimpleApplication@6f85fbb6
----------------- Done invoking toplevel() on ptolemy.moml.MoMLSimpleApplication@6f85fbb6
reloadAllAccessors: .GravitationWithCollisionDetection

===========================================================================================
----------------- testing Mon Oct 21 15:31:26 UTC 2019 /home/travis/build/icyphy/ptII/ptolemy/domains/sdf/test/auto/HDF.xml
----------------- Instantiating /home/travis/build/icyphy/ptII/ptolemy/domains/sdf/test/auto/HDF.xml
43 ms. Memory: 286720K Free: 205759K (72%)
----------------- Invoking toplevel() on ptolemy.moml.MoMLSimpleApplication@48ae8324
----------------- Done invoking toplevel() on ptolemy.moml.MoMLSimpleApplication@48ae8324
reloadAllAccessors: .HDF

===========================================================================================
----------------- testing Mon Oct 21 15:31:27 UTC 2019 /home/travis/build/icyphy/ptII/ptolemy/domains/sdf/test/auto/HDFwithTransientStates.xml
----------------- Instantiating /home/travis/build/icyphy/ptII/ptolemy/domains/sdf/test/auto/HDFwithTransientStates.xml
31 ms. Memory: 286720K Free: 187327K (65%)
----------------- Invoking toplevel() on ptolemy.moml.MoMLSimpleApplication@413fbf1b
----------------- Done invoking toplevel() on ptolemy.moml.MoMLSimpleApplication@413fbf1b
reloadAllAccessors: .HDFwithTransientStates

===========================================================================================
----------------- testing Mon Oct 21 15:31:27 UTC 2019 /home/travis/build/icyphy/ptII/ptolemy/domains/sdf/test/auto/HTVQ.xml
----------------- Instantiating /home/travis/build/icyphy/ptII/ptolemy/domains/sdf/test/auto/HTVQ.xml
785 ms. Memory: 344064K Free: 246347K (72%)
----------------- Invoking toplevel() on ptolemy.moml.MoMLSimpleApplication@15247091
----------------- Done invoking toplevel() on ptolemy.moml.MoMLSimpleApplication@15247091
reloadAllAccessors: .HTVQ

===========================================================================================
----------------- testing Mon Oct 21 15:31:27 UTC 2019 /home/travis/build/icyphy/ptII/ptolemy/domains/sdf/test/auto/InferInitProduction.xml
----------------- Instantiating /home/travis/build/icyphy/ptII/ptolemy/domains/sdf/test/auto/InferInitProduction.xml
6 ms. Memory: 344064K Free: 240288K (70%)
----------------- Invoking toplevel() on ptolemy.moml.MoMLSimpleApplication@75af0552
----------------- Done invoking toplevel() on ptolemy.moml.MoMLSimpleApplication@75af0552
reloadAllAccessors: .InferInitProduction

===========================================================================================
----------------- testing Mon Oct 21 15:31:27 UTC 2019 /home/travis/build/icyphy/ptII/ptolemy/domains/sdf/test/auto/InferInitProductionDeeper.xml
----------------- Instantiating /home/travis/build/icyphy/ptII/ptolemy/domains/sdf/test/auto/InferInitProductionDeeper.xml
4 ms. Memory: 344064K Free: 234672K (68%)
----------------- Invoking toplevel() on ptolemy.moml.MoMLSimpleApplication@647fab05
----------------- Done invoking toplevel() on ptolemy.moml.MoMLSimpleApplication@647fab05
reloadAllAccessors: .InferInitProductionDeeper

===========================================================================================
----------------- testing Mon Oct 21 15:31:27 UTC 2019 /home/travis/build/icyphy/ptII/ptolemy/domains/sdf/test/auto/LMSAdaptive.xml
----------------- Instantiating /home/travis/build/icyphy/ptII/ptolemy/domains/sdf/test/auto/LMSAdaptive.xml
9 ms. Memory: 344064K Free: 224942K (65%)
----------------- Invoking toplevel() on ptolemy.moml.MoMLSimpleApplication@629170df
----------------- Done invoking toplevel() on ptolemy.moml.MoMLSimpleApplication@629170df
reloadAllAccessors: .LMSAdaptive

===========================================================================================
----------------- testing Mon Oct 21 15:31:28 UTC 2019 /home/travis/build/icyphy/ptII/ptolemy/domains/sdf/test/auto/LogisticMap.xml
----------------- Instantiating /home/travis/build/icyphy/ptII/ptolemy/domains/sdf/test/auto/LogisticMap.xml
429 ms. Memory: 344064K Free: 219312K (64%)
----------------- Invoking toplevel() on ptolemy.moml.MoMLSimpleApplication@5e755bb6
----------------- Done invoking toplevel() on ptolemy.moml.MoMLSimpleApplication@5e755bb6
reloadAllAccessors: .LogisticMap

===========================================================================================
----------------- testing Mon Oct 21 15:31:28 UTC 2019 /home/travis/build/icyphy/ptII/ptolemy/domains/sdf/test/auto/MaximumEntropySpectrum.xml
----------------- Instantiating /home/travis/build/icyphy/ptII/ptolemy/domains/sdf/test/auto/MaximumEntropySpectrum.xml
71 ms. Memory: 344064K Free: 158382K (46%)
----------------- Invoking toplevel() on ptolemy.moml.MoMLSimpleApplication@5694c455
----------------- Done invoking toplevel() on ptolemy.moml.MoMLSimpleApplication@5694c455
reloadAllAccessors: .MaximumEntropySpectrum

===========================================================================================
----------------- testing Mon Oct 21 15:31:28 UTC 2019 /home/travis/build/icyphy/ptII/ptolemy/domains/sdf/test/auto/MultirateSDF.xml
----------------- Instantiating /home/travis/build/icyphy/ptII/ptolemy/domains/sdf/test/auto/MultirateSDF.xml
30 ms. Memory: 344064K Free: 143536K (42%)
----------------- Invoking toplevel() on ptolemy.moml.MoMLSimpleApplication@cb96247
----------------- Done invoking toplevel() on ptolemy.moml.MoMLSimpleApplication@cb96247
reloadAllAccessors: .MultirateSDF

===========================================================================================
----------------- testing Mon Oct 21 15:31:28 UTC 2019 /home/travis/build/icyphy/ptII/ptolemy/domains/sdf/test/auto/MultirateSDFwithTransientStates.xml
----------------- Instantiating /home/travis/build/icyphy/ptII/ptolemy/domains/sdf/test/auto/MultirateSDFwithTransientStates.xml
22 ms. Memory: 344064K Free: 125104K (36%)
----------------- Invoking toplevel() on ptolemy.moml.MoMLSimpleApplication@424c99bd
----------------- Done invoking toplevel() on ptolemy.moml.MoMLSimpleApplication@424c99bd
reloadAllAccessors: .MultirateSDFwithTransientStates

===========================================================================================
----------------- testing Mon Oct 21 15:31:28 UTC 2019 /home/travis/build/icyphy/ptII/ptolemy/domains/sdf/test/auto/NoisySinewave.xml
----------------- Instantiating /home/travis/build/icyphy/ptII/ptolemy/domains/sdf/test/auto/NoisySinewave.xml
14 ms. Memory: 344064K Free: 310043K (90%)
----------------- Invoking toplevel() on ptolemy.moml.MoMLSimpleApplication@580f81a3
----------------- Done invoking toplevel() on ptolemy.moml.MoMLSimpleApplication@580f81a3
reloadAllAccessors: .NoisySinewave

===========================================================================================
----------------- testing Mon Oct 21 15:31:29 UTC 2019 /home/travis/build/icyphy/ptII/ptolemy/domains/sdf/test/auto/Objects.xml
----------------- Instantiating /home/travis/build/icyphy/ptII/ptolemy/domains/sdf/test/auto/Objects.xml
4 ms. Memory: 344064K Free: 301337K (88%)
----------------- Invoking toplevel() on ptolemy.moml.MoMLSimpleApplication@20525313
----------------- Done invoking toplevel() on ptolemy.moml.MoMLSimpleApplication@20525313
reloadAllAccessors: .Objects

===========================================================================================
----------------- testing Mon Oct 21 15:31:29 UTC 2019 /home/travis/build/icyphy/ptII/ptolemy/domains/sdf/test/auto/OrthogonalCom.xml
----------------- Instantiating /home/travis/build/icyphy/ptII/ptolemy/domains/sdf/test/auto/OrthogonalCom.xml
6 ms. Memory: 344064K Free: 293659K (85%)
----------------- Invoking toplevel() on ptolemy.moml.MoMLSimpleApplication@6470a113
----------------- Done invoking toplevel() on ptolemy.moml.MoMLSimpleApplication@6470a113
reloadAllAccessors: .OrthogonalCom

===========================================================================================
----------------- testing Mon Oct 21 15:31:29 UTC 2019 /home/travis/build/icyphy/ptII/ptolemy/domains/sdf/test/auto/RijndaelEncryption.xml
----------------- Instantiating /home/travis/build/icyphy/ptII/ptolemy/domains/sdf/test/auto/RijndaelEncryption.xml
337 ms. Memory: 344064K Free: 149785K (44%)
----------------- Invoking toplevel() on ptolemy.moml.MoMLSimpleApplication@5d5be2c0
----------------- Done invoking toplevel() on ptolemy.moml.MoMLSimpleApplication@5d5be2c0
reloadAllAccessors: .RijndaelEncryption

===========================================================================================
----------------- testing Mon Oct 21 15:31:29 UTC 2019 /home/travis/build/icyphy/ptII/ptolemy/domains/sdf/test/auto/SDFEmptyIterations.xml
----------------- Instantiating /home/travis/build/icyphy/ptII/ptolemy/domains/sdf/test/auto/SDFEmptyIterations.xml
7 ms. Memory: 344064K Free: 145179K (42%)
----------------- Invoking toplevel() on ptolemy.moml.MoMLSimpleApplication@736d1898
----------------- Done invoking toplevel() on ptolemy.moml.MoMLSimpleApplication@736d1898
reloadAllAccessors: .SDFEmptyIterations

===========================================================================================
----------------- testing Mon Oct 21 15:31:29 UTC 2019 /home/travis/build/icyphy/ptII/ptolemy/domains/sdf/test/auto/Spectrum.xml
----------------- Instantiating /home/travis/build/icyphy/ptII/ptolemy/domains/sdf/test/auto/Spectrum.xml
27 ms. Memory: 344064K Free: 127257K (37%)
----------------- Invoking toplevel() on ptolemy.moml.MoMLSimpleApplication@49bc95eb
----------------- Done invoking toplevel() on ptolemy.moml.MoMLSimpleApplication@49bc95eb
reloadAllAccessors: .Spectrum

===========================================================================================
----------------- testing Mon Oct 21 15:31:29 UTC 2019 /home/travis/build/icyphy/ptII/ptolemy/domains/sdf/test/auto/de_inside_sdf.xml
----------------- Instantiating /home/travis/build/icyphy/ptII/ptolemy/domains/sdf/test/auto/de_inside_sdf.xml
10 ms. Memory: 344064K Free: 122107K (35%)
----------------- Invoking toplevel() on ptolemy.moml.MoMLSimpleApplication@1809cc89
----------------- Done invoking toplevel() on ptolemy.moml.MoMLSimpleApplication@1809cc89
reloadAllAccessors: .de_inside_sdf

===========================================================================================
----------------- testing Mon Oct 21 15:31:29 UTC 2019 /home/travis/build/icyphy/ptII/ptolemy/domains/sdf/test/auto/disconnectedHierarchicalSDF.xml
----------------- Instantiating /home/travis/build/icyphy/ptII/ptolemy/domains/sdf/test/auto/disconnectedHierarchicalSDF.xml
5 ms. Memory: 344064K Free: 320384K (93%)
----------------- Invoking toplevel() on ptolemy.moml.MoMLSimpleApplication@62678cea
----------------- Done invoking toplevel() on ptolemy.moml.MoMLSimpleApplication@62678cea
reloadAllAccessors: .disconnectedHierarchicalSDF

===========================================================================================
----------------- testing Mon Oct 21 15:31:29 UTC 2019 /home/travis/build/icyphy/ptII/ptolemy/domains/sdf/test/auto/disconnectedSDF.xml
----------------- Instantiating /home/travis/build/icyphy/ptII/ptolemy/domains/sdf/test/auto/disconnectedSDF.xml
2 ms. Memory: 344064K Free: 316302K (92%)
----------------- Invoking toplevel() on ptolemy.moml.MoMLSimpleApplication@46d611f8
----------------- Done invoking toplevel() on ptolemy.moml.MoMLSimpleApplication@46d611f8
reloadAllAccessors: .disconnectedSDF

===========================================================================================
----------------- testing Mon Oct 21 15:31:29 UTC 2019 /home/travis/build/icyphy/ptII/ptolemy/domains/sdf/test/auto/emptyRefinement.xml
----------------- Instantiating /home/travis/build/icyphy/ptII/ptolemy/domains/sdf/test/auto/emptyRefinement.xml
4 ms. Memory: 344064K Free: 311696K (91%)
----------------- Invoking toplevel() on ptolemy.moml.MoMLSimpleApplication@4566fa01
----------------- Done invoking toplevel() on ptolemy.moml.MoMLSimpleApplication@4566fa01
reloadAllAccessors: .emptyRefinement

===========================================================================================
----------------- testing Mon Oct 21 15:31:29 UTC 2019 /home/travis/build/icyphy/ptII/ptolemy/domains/sdf/test/auto/filePortParameter.xml
----------------- Instantiating /home/travis/build/icyphy/ptII/ptolemy/domains/sdf/test/auto/filePortParameter.xml
8 ms. Memory: 344064K Free: 304528K (89%)
----------------- Invoking toplevel() on ptolemy.moml.MoMLSimpleApplication@2e483326
----------------- Done invoking toplevel() on ptolemy.moml.MoMLSimpleApplication@2e483326
reloadAllAccessors: .filePortParameter

===========================================================================================
----------------- testing Mon Oct 21 15:31:30 UTC 2019 /home/travis/build/icyphy/ptII/ptolemy/domains/sdf/test/auto/inferRelationWidth1.xml
----------------- Instantiating /home/travis/build/icyphy/ptII/ptolemy/domains/sdf/test/auto/inferRelationWidth1.xml
3 ms. Memory: 344064K Free: 301456K (88%)
----------------- Invoking toplevel() on ptolemy.moml.MoMLSimpleApplication@742e5036
----------------- Done invoking toplevel() on ptolemy.moml.MoMLSimpleApplication@742e5036
reloadAllAccessors: .inferRelationWidth1

===========================================================================================
----------------- testing Mon Oct 21 15:31:30 UTC 2019 /home/travis/build/icyphy/ptII/ptolemy/domains/sdf/test/auto/initProductionInference.xml
----------------- Instantiating /home/travis/build/icyphy/ptII/ptolemy/domains/sdf/test/auto/initProductionInference.xml
10 ms. Memory: 344064K Free: 297360K (86%)
----------------- Invoking toplevel() on ptolemy.moml.MoMLSimpleApplication@5d21ca23
----------------- Done invoking toplevel() on ptolemy.moml.MoMLSimpleApplication@5d21ca23
reloadAllAccessors: .initProductionInference

===========================================================================================
----------------- testing Mon Oct 21 15:31:30 UTC 2019 /home/travis/build/icyphy/ptII/ptolemy/domains/sdf/test/auto/relationGroup.xml
----------------- Instantiating /home/travis/build/icyphy/ptII/ptolemy/domains/sdf/test/auto/relationGroup.xml
2 ms. Memory: 344064K Free: 293774K (85%)
----------------- Invoking toplevel() on ptolemy.moml.MoMLSimpleApplication@12432afd
----------------- Done invoking toplevel() on ptolemy.moml.MoMLSimpleApplication@12432afd
reloadAllAccessors: .relationGroup

===========================================================================================
----------------- testing Mon Oct 21 15:31:30 UTC 2019 /home/travis/build/icyphy/ptII/ptolemy/domains/sdf/test/auto/relationGroup10.xml
----------------- Instantiating /home/travis/build/icyphy/ptII/ptolemy/domains/sdf/test/auto/relationGroup10.xml
2 ms. Memory: 344064K Free: 290192K (84%)
----------------- Invoking toplevel() on ptolemy.moml.MoMLSimpleApplication@23dc04b6
----------------- Done invoking toplevel() on ptolemy.moml.MoMLSimpleApplication@23dc04b6
reloadAllAccessors: .relationGroup10

===========================================================================================
----------------- testing Mon Oct 21 15:31:30 UTC 2019 /home/travis/build/icyphy/ptII/ptolemy/domains/sdf/test/auto/relationGroup11.xml
----------------- Instantiating /home/travis/build/icyphy/ptII/ptolemy/domains/sdf/test/auto/relationGroup11.xml
2 ms. Memory: 344064K Free: 286606K (83%)
----------------- Invoking toplevel() on ptolemy.moml.MoMLSimpleApplication@72ee14d
----------------- Done invoking toplevel() on ptolemy.moml.MoMLSimpleApplication@72ee14d
reloadAllAccessors: .relationGroup11

===========================================================================================
----------------- testing Mon Oct 21 15:31:30 UTC 2019 /home/travis/build/icyphy/ptII/ptolemy/domains/sdf/test/auto/relationGroup12.xml
----------------- Instantiating /home/travis/build/icyphy/ptII/ptolemy/domains/sdf/test/auto/relationGroup12.xml
2 ms. Memory: 344064K Free: 283024K (82%)
----------------- Invoking toplevel() on ptolemy.moml.MoMLSimpleApplication@25b4bcfd
----------------- Done invoking toplevel() on ptolemy.moml.MoMLSimpleApplication@25b4bcfd
reloadAllAccessors: .relationGroup12

===========================================================================================
----------------- testing Mon Oct 21 15:31:30 UTC 2019 /home/travis/build/icyphy/ptII/ptolemy/domains/sdf/test/auto/relationGroup13.xml
----------------- Instantiating /home/travis/build/icyphy/ptII/ptolemy/domains/sdf/test/auto/relationGroup13.xml
9 ms. Memory: 344064K Free: 278414K (81%)
----------------- Invoking toplevel() on ptolemy.moml.MoMLSimpleApplication@335f52c3
----------------- Done invoking toplevel() on ptolemy.moml.MoMLSimpleApplication@335f52c3
reloadAllAccessors: .relationGroup13

===========================================================================================
----------------- testing Mon Oct 21 15:31:30 UTC 2019 /home/travis/build/icyphy/ptII/ptolemy/domains/sdf/test/auto/relationGroup14.xml
----------------- Instantiating /home/travis/build/icyphy/ptII/ptolemy/domains/sdf/test/auto/relationGroup14.xml
4 ms. Memory: 344064K Free: 273808K (80%)
----------------- Invoking toplevel() on ptolemy.moml.MoMLSimpleApplication@29e9c905
----------------- Done invoking toplevel() on ptolemy.moml.MoMLSimpleApplication@29e9c905
reloadAllAccessors: .relationGroup14

===========================================================================================
----------------- testing Mon Oct 21 15:31:30 UTC 2019 /home/travis/build/icyphy/ptII/ptolemy/domains/sdf/test/auto/relationGroup15.xml
----------------- Instantiating /home/travis/build/icyphy/ptII/ptolemy/domains/sdf/test/auto/relationGroup15.xml
1 ms. Memory: 344064K Free: 270222K (79%)
----------------- Invoking toplevel() on ptolemy.moml.MoMLSimpleApplication@5b519f23
----------------- Done invoking toplevel() on ptolemy.moml.MoMLSimpleApplication@5b519f23
reloadAllAccessors: .relationGroup15

===========================================================================================
----------------- testing Mon Oct 21 15:31:30 UTC 2019 /home/travis/build/icyphy/ptII/ptolemy/domains/sdf/test/auto/relationGroup2.xml
----------------- Instantiating /home/travis/build/icyphy/ptII/ptolemy/domains/sdf/test/auto/relationGroup2.xml
2 ms. Memory: 344064K Free: 267150K (78%)
----------------- Invoking toplevel() on ptolemy.moml.MoMLSimpleApplication@41c8fc0
----------------- Done invoking toplevel() on ptolemy.moml.MoMLSimpleApplication@41c8fc0
reloadAllAccessors: .relationGroup2

===========================================================================================
----------------- testing Mon Oct 21 15:31:30 UTC 2019 /home/travis/build/icyphy/ptII/ptolemy/domains/sdf/test/auto/relationGroup3.xml
----------------- Instantiating /home/travis/build/icyphy/ptII/ptolemy/domains/sdf/test/auto/relationGroup3.xml
1 ms. Memory: 344064K Free: 264078K (77%)
----------------- Invoking toplevel() on ptolemy.moml.MoMLSimpleApplication@3dd0a377
----------------- Done invoking toplevel() on ptolemy.moml.MoMLSimpleApplication@3dd0a377
reloadAllAccessors: .relationGroup3

===========================================================================================
----------------- testing Mon Oct 21 15:31:30 UTC 2019 /home/travis/build/icyphy/ptII/ptolemy/domains/sdf/test/auto/relationGroup4.xml
----------------- Instantiating /home/travis/build/icyphy/ptII/ptolemy/domains/sdf/test/auto/relationGroup4.xml
7 ms. Memory: 344064K Free: 259472K (75%)
----------------- Invoking toplevel() on ptolemy.moml.MoMLSimpleApplication@17ea7509
----------------- Done invoking toplevel() on ptolemy.moml.MoMLSimpleApplication@17ea7509
reloadAllAccessors: .relationGroup4

===========================================================================================
----------------- testing Mon Oct 21 15:31:30 UTC 2019 /home/travis/build/icyphy/ptII/ptolemy/domains/sdf/test/auto/relationGroup5.xml
----------------- Instantiating /home/travis/build/icyphy/ptII/ptolemy/domains/sdf/test/auto/relationGroup5.xml
3 ms. Memory: 344064K Free: 254862K (74%)
----------------- Invoking toplevel() on ptolemy.moml.MoMLSimpleApplication@3b75d133
----------------- Done invoking toplevel() on ptolemy.moml.MoMLSimpleApplication@3b75d133
reloadAllAccessors: .relationGroup5

===========================================================================================
----------------- testing Mon Oct 21 15:31:30 UTC 2019 /home/travis/build/icyphy/ptII/ptolemy/domains/sdf/test/auto/relationGroup6.xml
----------------- Instantiating /home/travis/build/icyphy/ptII/ptolemy/domains/sdf/test/auto/relationGroup6.xml
8 ms. Memory: 344064K Free: 250256K (73%)
----------------- Invoking toplevel() on ptolemy.moml.MoMLSimpleApplication@3954d9e7
----------------- Done invoking toplevel() on ptolemy.moml.MoMLSimpleApplication@3954d9e7
reloadAllAccessors: .relationGroup6

===========================================================================================
----------------- testing Mon Oct 21 15:31:30 UTC 2019 /home/travis/build/icyphy/ptII/ptolemy/domains/sdf/test/auto/relationGroup7.xml
----------------- Instantiating /home/travis/build/icyphy/ptII/ptolemy/domains/sdf/test/auto/relationGroup7.xml
3 ms. Memory: 344064K Free: 247184K (72%)
----------------- Invoking toplevel() on ptolemy.moml.MoMLSimpleApplication@57119a62
----------------- Done invoking toplevel() on ptolemy.moml.MoMLSimpleApplication@57119a62
reloadAllAccessors: .relationGroup7

===========================================================================================
----------------- testing Mon Oct 21 15:31:30 UTC 2019 /home/travis/build/icyphy/ptII/ptolemy/domains/sdf/test/auto/relationGroup8.xml
----------------- Instantiating /home/travis/build/icyphy/ptII/ptolemy/domains/sdf/test/auto/relationGroup8.xml
2 ms. Memory: 344064K Free: 244112K (71%)
----------------- Invoking toplevel() on ptolemy.moml.MoMLSimpleApplication@60b33a78
----------------- Done invoking toplevel() on ptolemy.moml.MoMLSimpleApplication@60b33a78
reloadAllAccessors: .relationGroup8

===========================================================================================
----------------- testing Mon Oct 21 15:31:30 UTC 2019 /home/travis/build/icyphy/ptII/ptolemy/domains/sdf/test/auto/relationGroup9.xml
----------------- Instantiating /home/travis/build/icyphy/ptII/ptolemy/domains/sdf/test/auto/relationGroup9.xml
4 ms. Memory: 344064K Free: 239502K (70%)
----------------- Invoking toplevel() on ptolemy.moml.MoMLSimpleApplication@3190da5
----------------- Done invoking toplevel() on ptolemy.moml.MoMLSimpleApplication@3190da5
reloadAllAccessors: .relationGroup9

===========================================================================================
----------------- testing Mon Oct 21 15:31:30 UTC 2019 /home/travis/build/icyphy/ptII/ptolemy/domains/sdf/test/auto/sdf_inside_de.xml
----------------- Instantiating /home/travis/build/icyphy/ptII/ptolemy/domains/sdf/test/auto/sdf_inside_de.xml
14 ms. Memory: 344064K Free: 230800K (67%)
----------------- Invoking toplevel() on ptolemy.moml.MoMLSimpleApplication@7a1c9a1f
----------------- Done invoking toplevel() on ptolemy.moml.MoMLSimpleApplication@7a1c9a1f
reloadAllAccessors: .sdf_inside_de

===========================================================================================
----------------- testing Mon Oct 21 15:31:30 UTC 2019 /home/travis/build/icyphy/ptII/ptolemy/domains/sdf/test/auto/sdf_inside_pn.xml
----------------- Instantiating /home/travis/build/icyphy/ptII/ptolemy/domains/sdf/test/auto/sdf_inside_pn.xml
43 ms. Memory: 344064K Free: 221582K (64%)
----------------- Invoking toplevel() on ptolemy.moml.MoMLSimpleApplication@2ae253dd
----------------- Done invoking toplevel() on ptolemy.moml.MoMLSimpleApplication@2ae253dd
reloadAllAccessors: .sdf_inside_pn

===========================================================================================
----------------- testing Mon Oct 21 15:31:30 UTC 2019 /home/travis/build/icyphy/ptII/ptolemy/domains/sdf/test/auto/sdf_sdf1.xml
----------------- Instantiating /home/travis/build/icyphy/ptII/ptolemy/domains/sdf/test/auto/sdf_sdf1.xml
3 ms. Memory: 344064K Free: 215936K (63%)
----------------- Invoking toplevel() on ptolemy.moml.MoMLSimpleApplication@77b2887
----------------- Done invoking toplevel() on ptolemy.moml.MoMLSimpleApplication@77b2887
reloadAllAccessors: .sdf_sdf1

===========================================================================================
----------------- testing Mon Oct 21 15:31:30 UTC 2019 /home/travis/build/icyphy/ptII/ptolemy/domains/sdf/test/auto/test1.xml
----------------- Instantiating /home/travis/build/icyphy/ptII/ptolemy/domains/sdf/test/auto/test1.xml
3 ms. Memory: 344064K Free: 210830K (61%)
----------------- Invoking toplevel() on ptolemy.moml.MoMLSimpleApplication@1bdbd10d
----------------- Done invoking toplevel() on ptolemy.moml.MoMLSimpleApplication@1bdbd10d
reloadAllAccessors: .test1

===========================================================================================
----------------- testing Mon Oct 21 15:31:30 UTC 2019 /home/travis/build/icyphy/ptII/ptolemy/domains/sdf/test/auto/time1.xml
----------------- Instantiating /home/travis/build/icyphy/ptII/ptolemy/domains/sdf/test/auto/time1.xml
2 ms. Memory: 344064K Free: 207248K (60%)
----------------- Invoking toplevel() on ptolemy.moml.MoMLSimpleApplication@73ab59cb
----------------- Done invoking toplevel() on ptolemy.moml.MoMLSimpleApplication@73ab59cb
reloadAllAccessors: .time1

===========================================================================================
----------------- testing Mon Oct 21 15:31:30 UTC 2019 /home/travis/build/icyphy/ptII/ptolemy/domains/sdf/test/auto/time2.xml
----------------- Instantiating /home/travis/build/icyphy/ptII/ptolemy/domains/sdf/test/auto/time2.xml
1 ms. Memory: 344064K Free: 203662K (59%)
----------------- Invoking toplevel() on ptolemy.moml.MoMLSimpleApplication@1410cab7
----------------- Done invoking toplevel() on ptolemy.moml.MoMLSimpleApplication@1410cab7
reloadAllAccessors: .time2

===========================================================================================
----------------- testing Mon Oct 21 15:31:30 UTC 2019 /home/travis/build/icyphy/ptII/ptolemy/domains/sdf/test/auto/time3.xml
----------------- Instantiating /home/travis/build/icyphy/ptII/ptolemy/domains/sdf/test/auto/time3.xml
6 ms. Memory: 344064K Free: 198542K (58%)
----------------- Invoking toplevel() on ptolemy.moml.MoMLSimpleApplication@307e3609
----------------- Done invoking toplevel() on ptolemy.moml.MoMLSimpleApplication@307e3609
reloadAllAccessors: .time3

===========================================================================================
----------------- testing Mon Oct 21 15:31:30 UTC 2019 /home/travis/build/icyphy/ptII/ptolemy/domains/sdf/test/auto/time4.xml
----------------- Instantiating /home/travis/build/icyphy/ptII/ptolemy/domains/sdf/test/auto/time4.xml
6 ms. Memory: 344064K Free: 192912K (56%)
----------------- Invoking toplevel() on ptolemy.moml.MoMLSimpleApplication@42c8af60
----------------- Done invoking toplevel() on ptolemy.moml.MoMLSimpleApplication@42c8af60
reloadAllAccessors: .time4

===========================================================================================
----------------- testing Mon Oct 21 15:31:30 UTC 2019 /home/travis/build/icyphy/ptII/ptolemy/domains/sdf/test/auto/time5.xml
----------------- Instantiating /home/travis/build/icyphy/ptII/ptolemy/domains/sdf/test/auto/time5.xml
4003 ms. Memory: 344064K Free: 189326K (55%)
----------------- Invoking toplevel() on ptolemy.moml.MoMLSimpleApplication@16b17e0e
----------------- Done invoking toplevel() on ptolemy.moml.MoMLSimpleApplication@16b17e0e
reloadAllAccessors: .time5

===========================================================================================
----------------- testing Mon Oct 21 15:31:34 UTC 2019 /home/travis/build/icyphy/ptII/ptolemy/domains/sdf/test/auto/typeSystem_Const_Integer_smallest_Type.xml
----------------- Instantiating /home/travis/build/icyphy/ptII/ptolemy/domains/sdf/test/auto/typeSystem_Const_Integer_smallest_Type.xml
8 ms. Memory: 344064K Free: 184720K (54%)
----------------- Invoking toplevel() on ptolemy.moml.MoMLSimpleApplication@58419fdb
----------------- Done invoking toplevel() on ptolemy.moml.MoMLSimpleApplication@58419fdb
reloadAllAccessors: .typeSystem_Const_Integer_smallest_Type

===========================================================================================
----------------- testing Mon Oct 21 15:31:34 UTC 2019 /home/travis/build/icyphy/ptII/ptolemy/domains/sdf/test/auto/typeSystem_declared_Inports_OutportTypeException.xml
----------------- Instantiating /home/travis/build/icyphy/ptII/ptolemy/domains/sdf/test/auto/typeSystem_declared_Inports_OutportTypeException.xml
.typeSystem_declared_Inports_OutportTypeException.TestExceptionAttribute: initialize() was not invoked, but wrapup() was.  This is unusual, but not always a problem.  For example, exporting JNLP will do this.
5 ms. Memory: 344064K Free: 180110K (52%)
----------------- Invoking toplevel() on ptolemy.moml.MoMLSimpleApplication@796fd1a4
----------------- Done invoking toplevel() on ptolemy.moml.MoMLSimpleApplication@796fd1a4
reloadAllAccessors: .typeSystem_declared_Inports_OutportTypeException

===========================================================================================
----------------- testing Mon Oct 21 15:31:34 UTC 2019 /home/travis/build/icyphy/ptII/ptolemy/domains/sdf/test/auto/typeSystem_oneDeclaredInportType_wrongTypeOutport.xml
----------------- Instantiating /home/travis/build/icyphy/ptII/ptolemy/domains/sdf/test/auto/typeSystem_oneDeclaredInportType_wrongTypeOutport.xml
3 ms. Memory: 344064K Free: 176014K (51%)
----------------- Invoking toplevel() on ptolemy.moml.MoMLSimpleApplication@6466aa28
----------------- Done invoking toplevel() on ptolemy.moml.MoMLSimpleApplication@6466aa28
reloadAllAccessors: .typeSystem_oneDeclaredInportType_wrongTypeOutport

===========================================================================================
----------------- testing Mon Oct 21 15:31:34 UTC 2019 /home/travis/build/icyphy/ptII/ptolemy/domains/sdf/test/auto/width.xml
----------------- Instantiating /home/travis/build/icyphy/ptII/ptolemy/domains/sdf/test/auto/width.xml
2 ms. Memory: 344064K Free: 172432K (50%)
----------------- Invoking toplevel() on ptolemy.moml.MoMLSimpleApplication@21e27cf6
----------------- Done invoking toplevel() on ptolemy.moml.MoMLSimpleApplication@21e27cf6
reloadAllAccessors: .width

===========================================================================================
----------------- testing Mon Oct 21 15:31:34 UTC 2019 /home/travis/build/icyphy/ptII/ptolemy/domains/sdf/test/auto/width2.xml
----------------- Instantiating /home/travis/build/icyphy/ptII/ptolemy/domains/sdf/test/auto/width2.xml
36 ms. Memory: 344064K Free: 167822K (49%)
----------------- Invoking toplevel() on ptolemy.moml.MoMLSimpleApplication@2a7efe3b
----------------- Done invoking toplevel() on ptolemy.moml.MoMLSimpleApplication@2a7efe3b
reloadAllAccessors: .width2

===========================================================================================
----------------- testing Mon Oct 21 15:31:34 UTC 2019 /home/travis/build/icyphy/ptII/ptolemy/domains/sdf/test/auto/width3.xml
----------------- Instantiating /home/travis/build/icyphy/ptII/ptolemy/domains/sdf/test/auto/width3.xml
29 ms. Memory: 344064K Free: 162702K (47%)
----------------- Invoking toplevel() on ptolemy.moml.MoMLSimpleApplication@3d5069c
----------------- Done invoking toplevel() on ptolemy.moml.MoMLSimpleApplication@3d5069c
reloadAllAccessors: .width3
AutoTests.java: About to close Vertx.
AutoTests.java: Vertx closed.
]]></system-out>
  <system-err><![CDATA[java.lang.RuntimeException: Execution failed
	at ptolemy.moml.MoMLSimpleApplication$UnloadThread.run(MoMLSimpleApplication.java:402)
Caused by: ptolemy.actor.sched.NotSchedulableException: No solution exists for the balance equations.
Graph is not consistent under the SDF domain detected on external port .rateConsistency.actor.port2
  in .rateConsistency.SDF Director.Scheduler
	at ptolemy.domains.sdf.kernel.SDFScheduler._propagatePort(SDFScheduler.java:1425)
	at ptolemy.domains.sdf.kernel.SDFScheduler._solveBalanceEquations(SDFScheduler.java:710)
	at ptolemy.domains.sdf.kernel.SDFScheduler._getSchedule(SDFScheduler.java:566)
	at ptolemy.actor.sched.Scheduler.getSchedule(Scheduler.java:189)
	at ptolemy.domains.sdf.kernel.SDFDirector.createSchedule(SDFDirector.java:408)
	at ptolemy.domains.sdf.kernel.SDFDirector.preinitialize(SDFDirector.java:764)
	at ptolemy.actor.CompositeActor.preinitialize(CompositeActor.java:1828)
	at ptolemy.actor.Manager.preinitializeAndResolveTypes(Manager.java:1040)
	at ptolemy.actor.Manager.initialize(Manager.java:710)
	at ptolemy.actor.Manager.execute(Manager.java:356)
	at ptolemy.actor.Manager.run(Manager.java:1263)
	at ptolemy.actor.Manager$PtolemyRunThread.run(Manager.java:1933)
java.lang.RuntimeException: Execution failed
	at ptolemy.moml.MoMLSimpleApplication$UnloadThread.run(MoMLSimpleApplication.java:402)
Caused by: ptolemy.kernel.util.IllegalActionException: Failed to compute schedule:
  in .badRateChanges.typed composite actor.SDF Director
Because:
The SDF rate parameter may change. This is not allowed in SDF models that will be run through the code generator.  If you don't care about code generation, then you might consider setting the allowRateChanges parameter of the SDF director to false.
  in .badRateChanges.typed composite actor.Repeat.output.tokenProductionRate
	at ptolemy.domains.sdf.kernel.SDFDirector.createSchedule(SDFDirector.java:418)
	at ptolemy.domains.sdf.kernel.SDFDirector.preinitialize(SDFDirector.java:764)
	at ptolemy.actor.CompositeActor.preinitialize(CompositeActor.java:1828)
	at ptolemy.actor.Director.preinitialize(Director.java:1302)
	at ptolemy.actor.Director.preinitialize(Director.java:1257)
	at ptolemy.domains.sdf.kernel.SDFDirector.preinitialize(SDFDirector.java:763)
	at ptolemy.actor.CompositeActor.preinitialize(CompositeActor.java:1828)
	at ptolemy.actor.Manager.preinitializeAndResolveTypes(Manager.java:1040)
	at ptolemy.actor.Manager.initialize(Manager.java:710)
	at ptolemy.actor.Manager.execute(Manager.java:356)
	at ptolemy.actor.Manager.run(Manager.java:1263)
	at ptolemy.actor.Manager$PtolemyRunThread.run(Manager.java:1933)
Caused by: ptolemy.kernel.util.IllegalActionException: The SDF rate parameter may change. This is not allowed in SDF models that will be run through the code generator.  If you don't care about code generation, then you might consider setting the allowRateChanges parameter of the SDF director to false.
  in .badRateChanges.typed composite actor.Repeat.output.tokenProductionRate
	at ptolemy.domains.sdf.kernel.SDFScheduler._assertDynamicRateVariable(SDFScheduler.java:931)
	at ptolemy.domains.sdf.kernel.SDFScheduler._checkDynamicRateVariables(SDFScheduler.java:339)
	at ptolemy.domains.sdf.kernel.SDFScheduler._getSchedule(SDFScheduler.java:527)
	at ptolemy.actor.sched.Scheduler.getSchedule(Scheduler.java:189)
	at ptolemy.domains.sdf.kernel.SDFDirector.createSchedule(SDFDirector.java:408)
	... 11 more
java.lang.RuntimeException: Execution failed
	at ptolemy.moml.MoMLSimpleApplication$UnloadThread.run(MoMLSimpleApplication.java:402)
Caused by: ptolemy.kernel.util.IllegalActionException: Failed to compute schedule:
  in .badRateChanges2.typed composite actor.SDF Director
Because:
The SDF rate parameter may change. This is not allowed in SDF models that will be run through the code generator.  If you don't care about code generation, then you might consider setting the allowRateChanges parameter of the SDF director to false.
  in .badRateChanges2.typed composite actor.Repeat.output.tokenProductionRate
	at ptolemy.domains.sdf.kernel.SDFDirector.createSchedule(SDFDirector.java:418)
	at ptolemy.domains.sdf.kernel.SDFDirector.preinitialize(SDFDirector.java:764)
	at ptolemy.actor.CompositeActor.preinitialize(CompositeActor.java:1828)
	at ptolemy.actor.Director.preinitialize(Director.java:1302)
	at ptolemy.actor.Director.preinitialize(Director.java:1257)
	at ptolemy.domains.sdf.kernel.SDFDirector.preinitialize(SDFDirector.java:763)
	at ptolemy.actor.CompositeActor.preinitialize(CompositeActor.java:1828)
	at ptolemy.actor.Manager.preinitializeAndResolveTypes(Manager.java:1040)
	at ptolemy.actor.Manager.initialize(Manager.java:710)
	at ptolemy.actor.Manager.execute(Manager.java:356)
	at ptolemy.actor.Manager.run(Manager.java:1263)
	at ptolemy.actor.Manager$PtolemyRunThread.run(Manager.java:1933)
Caused by: ptolemy.kernel.util.IllegalActionException: The SDF rate parameter may change. This is not allowed in SDF models that will be run through the code generator.  If you don't care about code generation, then you might consider setting the allowRateChanges parameter of the SDF director to false.
  in .badRateChanges2.typed composite actor.Repeat.output.tokenProductionRate
	at ptolemy.domains.sdf.kernel.SDFScheduler._assertDynamicRateVariable(SDFScheduler.java:931)
	at ptolemy.domains.sdf.kernel.SDFScheduler._checkDynamicRateVariables(SDFScheduler.java:339)
	at ptolemy.domains.sdf.kernel.SDFScheduler._getSchedule(SDFScheduler.java:527)
	at ptolemy.actor.sched.Scheduler.getSchedule(Scheduler.java:189)
	at ptolemy.domains.sdf.kernel.SDFDirector.createSchedule(SDFDirector.java:408)
	... 11 more
java.lang.RuntimeException: Execution failed
	at ptolemy.moml.MoMLSimpleApplication$UnloadThread.run(MoMLSimpleApplication.java:402)
Caused by: ptolemy.actor.sched.NotSchedulableException: Actors remain that cannot be scheduled!

There are several possible reasons:
* SDF Graphs with feedback loops should have an actor with a delay in the loop, such as a SampleDelay.
* The SDF director has an "allowDisconnectedGraphs"parameter, which, when true, permits disconnected SDF graphs.
* The token consumption rate and production rates might be mismatched.
Usually, actors produce one token or consume one token on a port.  To produce or consume multiple tokens per firing, add a "tokenConsumptionRate" or "tokenProductionRate" parameter to the appropriate port.
Unscheduled actors:
.partiallyConnected.Const2 
Scheduled actors:
.partiallyConnected.Const 
  in .partiallyConnected.SDF Director.Scheduler
	at ptolemy.domains.sdf.kernel.SDFScheduler._scheduleConnectedActors(SDFScheduler.java:1828)
	at ptolemy.domains.sdf.kernel.SDFScheduler._getSchedule(SDFScheduler.java:587)
	at ptolemy.actor.sched.Scheduler.getSchedule(Scheduler.java:189)
	at ptolemy.domains.sdf.kernel.SDFDirector.createSchedule(SDFDirector.java:408)
	at ptolemy.domains.sdf.kernel.SDFDirector.preinitialize(SDFDirector.java:764)
	at ptolemy.actor.CompositeActor.preinitialize(CompositeActor.java:1828)
	at ptolemy.actor.Manager.preinitializeAndResolveTypes(Manager.java:1040)
	at ptolemy.actor.Manager.initialize(Manager.java:710)
	at ptolemy.actor.Manager.execute(Manager.java:356)
	at ptolemy.actor.Manager.run(Manager.java:1263)
	at ptolemy.actor.Manager$PtolemyRunThread.run(Manager.java:1933)
]]></system-err>
</testsuite>
