<?xml version="1.0" encoding="UTF-8" ?>
<testsuite errors="0" failures="0" hostname="travis-job-409a2925-8446-4c99-8562-261f8a9fc98e" name="ptolemy.domains.continuous.test.junit.JUnitTclTest" skipped="0" tests="156" time="66.814" timestamp="2020-05-21T14:21:18">
  <properties>
[...]
</properties>
  <testcase classname="ptolemy.util.test.junit.TclTests" name="[0] ThereAreNoTclTests (RunTclFile)" time="0.007" />
  <testcase classname="ptolemy.util.test.junit.AutoKnownFailedTests" name="[0] ThereAreNoKnowFailedTests (RunModel)" time="0.001" />
  <testcase classname="ptolemy.util.test.junit.AutoNameArchTests" name="[0] ThereAreNoAutoArchTests (RunModel)" time="0.014" />
  <testcase classname="ptolemy.util.test.junit.AutoTests" name="[0] /home/travis/build/icyphy/ptII/ptolemy/domains/continuous/test/auto/BouncingBall.xml (RunModel)" time="2.856" />
  <testcase classname="ptolemy.util.test.junit.AutoTests" name="[1] /home/travis/build/icyphy/ptII/ptolemy/domains/continuous/test/auto/BouncingBallWithoutGR.xml (RunModel)" time="0.854" />
  <testcase classname="ptolemy.util.test.junit.AutoTests" name="[2] /home/travis/build/icyphy/ptII/ptolemy/domains/continuous/test/auto/Brownian.xml (RunModel)" time="0.09" />
  <testcase classname="ptolemy.util.test.junit.AutoTests" name="[3] /home/travis/build/icyphy/ptII/ptolemy/domains/continuous/test/auto/CarTracking.xml (RunModel)" time="3.696" />
  <testcase classname="ptolemy.util.test.junit.AutoTests" name="[4] /home/travis/build/icyphy/ptII/ptolemy/domains/continuous/test/auto/CartPendulum.xml (RunModel)" time="0.498" />
  <testcase classname="ptolemy.util.test.junit.AutoTests" name="[5] /home/travis/build/icyphy/ptII/ptolemy/domains/continuous/test/auto/CausalityInterface10.xml (RunModel)" time="0.056" />
  <testcase classname="ptolemy.util.test.junit.AutoTests" name="[6] /home/travis/build/icyphy/ptII/ptolemy/domains/continuous/test/auto/CausalityInterface11.xml (RunModel)" time="0.03" />
  <testcase classname="ptolemy.util.test.junit.AutoTests" name="[7] /home/travis/build/icyphy/ptII/ptolemy/domains/continuous/test/auto/CausalityInterface12.xml (RunModel)" time="0.02" />
  <testcase classname="ptolemy.util.test.junit.AutoTests" name="[8] /home/travis/build/icyphy/ptII/ptolemy/domains/continuous/test/auto/CausalityInterface13.xml (RunModel)" time="0.032" />
  <testcase classname="ptolemy.util.test.junit.AutoTests" name="[9] /home/travis/build/icyphy/ptII/ptolemy/domains/continuous/test/auto/CausalityInterface14.xml (RunModel)" time="0.022" />
  <testcase classname="ptolemy.util.test.junit.AutoTests" name="[10] /home/travis/build/icyphy/ptII/ptolemy/domains/continuous/test/auto/CausalityInterface4.xml (RunModel)" time="0.028" />
  <testcase classname="ptolemy.util.test.junit.AutoTests" name="[11] /home/travis/build/icyphy/ptII/ptolemy/domains/continuous/test/auto/CausalityInterface5.xml (RunModel)" time="0.034" />
  <testcase classname="ptolemy.util.test.junit.AutoTests" name="[12] /home/travis/build/icyphy/ptII/ptolemy/domains/continuous/test/auto/CausalityInterface6.xml (RunModel)" time="0.024" />
  <testcase classname="ptolemy.util.test.junit.AutoTests" name="[13] /home/travis/build/icyphy/ptII/ptolemy/domains/continuous/test/auto/CausalityInterface7.xml (RunModel)" time="0.037" />
  <testcase classname="ptolemy.util.test.junit.AutoTests" name="[14] /home/travis/build/icyphy/ptII/ptolemy/domains/continuous/test/auto/CausalityInterface8.xml (RunModel)" time="0.038" />
  <testcase classname="ptolemy.util.test.junit.AutoTests" name="[15] /home/travis/build/icyphy/ptII/ptolemy/domains/continuous/test/auto/CausalityInterface9.xml (RunModel)" time="0.034" />
  <testcase classname="ptolemy.util.test.junit.AutoTests" name="[16] /home/travis/build/icyphy/ptII/ptolemy/domains/continuous/test/auto/CausalityInterfaceFeedback1.xml (RunModel)" time="0.024" />
  <testcase classname="ptolemy.util.test.junit.AutoTests" name="[17] /home/travis/build/icyphy/ptII/ptolemy/domains/continuous/test/auto/CausalityInterfaceFeedback2.xml (RunModel)" time="0.022" />
  <testcase classname="ptolemy.util.test.junit.AutoTests" name="[18] /home/travis/build/icyphy/ptII/ptolemy/domains/continuous/test/auto/CompareWithCurrentTime.xml (RunModel)" time="0.021" />
  <testcase classname="ptolemy.util.test.junit.AutoTests" name="[19] /home/travis/build/icyphy/ptII/ptolemy/domains/continuous/test/auto/ComparedClocks.xml (RunModel)" time="0.063" />
  <testcase classname="ptolemy.util.test.junit.AutoTests" name="[20] /home/travis/build/icyphy/ptII/ptolemy/domains/continuous/test/auto/ContinuousAOCClone.xml (RunModel)" time="2.372" />
  <testcase classname="ptolemy.util.test.junit.AutoTests" name="[21] /home/travis/build/icyphy/ptII/ptolemy/domains/continuous/test/auto/ContinuousClock.xml (RunModel)" time="0.088" />
  <testcase classname="ptolemy.util.test.junit.AutoTests" name="[22] /home/travis/build/icyphy/ptII/ptolemy/domains/continuous/test/auto/ContinuousInContinuous.xml (RunModel)" time="0.08" />
  <testcase classname="ptolemy.util.test.junit.AutoTests" name="[23] /home/travis/build/icyphy/ptII/ptolemy/domains/continuous/test/auto/ContinuousInContinuousInContinuous.xml (RunModel)" time="0.029" />
  <testcase classname="ptolemy.util.test.junit.AutoTests" name="[24] /home/travis/build/icyphy/ptII/ptolemy/domains/continuous/test/auto/ContinuousInDE.xml (RunModel)" time="0.122" />
  <testcase classname="ptolemy.util.test.junit.AutoTests" name="[25] /home/travis/build/icyphy/ptII/ptolemy/domains/continuous/test/auto/ContinuousInDE2.xml (RunModel)" time="0.046" />
  <testcase classname="ptolemy.util.test.junit.AutoTests" name="[26] /home/travis/build/icyphy/ptII/ptolemy/domains/continuous/test/auto/ContinuousInDE3.xml (RunModel)" time="0.054" />
  <testcase classname="ptolemy.util.test.junit.AutoTests" name="[27] /home/travis/build/icyphy/ptII/ptolemy/domains/continuous/test/auto/ContinuousInDE4.xml (RunModel)" time="0.028" />
  <testcase classname="ptolemy.util.test.junit.AutoTests" name="[28] /home/travis/build/icyphy/ptII/ptolemy/domains/continuous/test/auto/ContinuousInDEDifferentRefinements.xml (RunModel)" time="0.095" />
  <testcase classname="ptolemy.util.test.junit.AutoTests" name="[29] /home/travis/build/icyphy/ptII/ptolemy/domains/continuous/test/auto/ContinuousInDEDifferentRefinementsPreemptive.xml (RunModel)" time="0.069" />
  <testcase classname="ptolemy.util.test.junit.AutoTests" name="[30] /home/travis/build/icyphy/ptII/ptolemy/domains/continuous/test/auto/ContinuousInDEInContinuous2.xml (RunModel)" time="0.043" />
  <testcase classname="ptolemy.util.test.junit.AutoTests" name="[31] /home/travis/build/icyphy/ptII/ptolemy/domains/continuous/test/auto/ContinuousInDEInContinuous3.xml (RunModel)" time="0.047" />
  <testcase classname="ptolemy.util.test.junit.AutoTests" name="[32] /home/travis/build/icyphy/ptII/ptolemy/domains/continuous/test/auto/ContinuousInDEInput.xml (RunModel)" time="0.026" />
  <testcase classname="ptolemy.util.test.junit.AutoTests" name="[33] /home/travis/build/icyphy/ptII/ptolemy/domains/continuous/test/auto/ContinuousInDEInput2.xml (RunModel)" time="0.028" />
  <testcase classname="ptolemy.util.test.junit.AutoTests" name="[34] /home/travis/build/icyphy/ptII/ptolemy/domains/continuous/test/auto/ContinuousInDEInput3.xml (RunModel)" time="0.03" />
  <testcase classname="ptolemy.util.test.junit.AutoTests" name="[35] /home/travis/build/icyphy/ptII/ptolemy/domains/continuous/test/auto/ContinuousInDESharingRefinement.xml (RunModel)" time="0.171" />
  <testcase classname="ptolemy.util.test.junit.AutoTests" name="[36] /home/travis/build/icyphy/ptII/ptolemy/domains/continuous/test/auto/ContinuousInDEwithNoPorts.xml (RunModel)" time="0.018" />
  <testcase classname="ptolemy.util.test.junit.AutoTests" name="[37] /home/travis/build/icyphy/ptII/ptolemy/domains/continuous/test/auto/ContinuousInsideDE.xml (RunModel)" time="0.075" />
  <testcase classname="ptolemy.util.test.junit.AutoTests" name="[38] /home/travis/build/icyphy/ptII/ptolemy/domains/continuous/test/auto/ContinuousMerge1.xml (RunModel)" time="0.018" />
  <testcase classname="ptolemy.util.test.junit.AutoTests" name="[39] /home/travis/build/icyphy/ptII/ptolemy/domains/continuous/test/auto/ContinuousMerge2.xml (RunModel)" time="0.047" />
  <testcase classname="ptolemy.util.test.junit.AutoTests" name="[40] /home/travis/build/icyphy/ptII/ptolemy/domains/continuous/test/auto/ContinuousMerge3.xml (RunModel)" time="0.057" />
  <testcase classname="ptolemy.util.test.junit.AutoTests" name="[41] /home/travis/build/icyphy/ptII/ptolemy/domains/continuous/test/auto/ContinuousWithinContinuous.xml (RunModel)" time="0.044" />
  <testcase classname="ptolemy.util.test.junit.AutoTests" name="[42] /home/travis/build/icyphy/ptII/ptolemy/domains/continuous/test/auto/ContinuousWithinContinuous2.xml (RunModel)" time="0.06" />
  <testcase classname="ptolemy.util.test.junit.AutoTests" name="[43] /home/travis/build/icyphy/ptII/ptolemy/domains/continuous/test/auto/ContinuousWithinContinuous3.xml (RunModel)" time="0.025" />
  <testcase classname="ptolemy.util.test.junit.AutoTests" name="[44] /home/travis/build/icyphy/ptII/ptolemy/domains/continuous/test/auto/ContinuousWithinContinuous4.xml (RunModel)" time="0.064" />
  <testcase classname="ptolemy.util.test.junit.AutoTests" name="[45] /home/travis/build/icyphy/ptII/ptolemy/domains/continuous/test/auto/ContinuousWithinContinuous5.xml (RunModel)" time="0.026" />
  <testcase classname="ptolemy.util.test.junit.AutoTests" name="[46] /home/travis/build/icyphy/ptII/ptolemy/domains/continuous/test/auto/ContinuousWithinContinuous6.xml (RunModel)" time="0.036" />
  <testcase classname="ptolemy.util.test.junit.AutoTests" name="[47] /home/travis/build/icyphy/ptII/ptolemy/domains/continuous/test/auto/ContinuousWithinContinuous7.xml (RunModel)" time="0.055" />
  <testcase classname="ptolemy.util.test.junit.AutoTests" name="[48] /home/travis/build/icyphy/ptII/ptolemy/domains/continuous/test/auto/DCMotor.xml (RunModel)" time="12.264" />
  <testcase classname="ptolemy.util.test.junit.AutoTests" name="[49] /home/travis/build/icyphy/ptII/ptolemy/domains/continuous/test/auto/DEInContinuous.xml (RunModel)" time="0.036" />
  <testcase classname="ptolemy.util.test.junit.AutoTests" name="[50] /home/travis/build/icyphy/ptII/ptolemy/domains/continuous/test/auto/DEinContinuous2.xml (RunModel)" time="0.035" />
  <testcase classname="ptolemy.util.test.junit.AutoTests" name="[51] /home/travis/build/icyphy/ptII/ptolemy/domains/continuous/test/auto/Derivative.xml (RunModel)" time="0.188" />
  <testcase classname="ptolemy.util.test.junit.AutoTests" name="[52] /home/travis/build/icyphy/ptII/ptolemy/domains/continuous/test/auto/Derivative1.xml (RunModel)" time="0.057" />
  <testcase classname="ptolemy.util.test.junit.AutoTests" name="[53] /home/travis/build/icyphy/ptII/ptolemy/domains/continuous/test/auto/DiscreteClock.xml (RunModel)" time="0.013" />
  <testcase classname="ptolemy.util.test.junit.AutoTests" name="[54] /home/travis/build/icyphy/ptII/ptolemy/domains/continuous/test/auto/EfficiencyCurve.xml (RunModel)" time="0.098" />
  <testcase classname="ptolemy.util.test.junit.AutoTests" name="[55] /home/travis/build/icyphy/ptII/ptolemy/domains/continuous/test/auto/ExponentialResponse.xml (RunModel)" time="0.104" />
  <testcase classname="ptolemy.util.test.junit.AutoTests" name="[56] /home/travis/build/icyphy/ptII/ptolemy/domains/continuous/test/auto/ExponentialResponseRK45.xml (RunModel)" time="0.029" />
  <testcase classname="ptolemy.util.test.junit.AutoTests" name="[57] /home/travis/build/icyphy/ptII/ptolemy/domains/continuous/test/auto/Friction.xml (RunModel)" time="1.498" />
  <testcase classname="ptolemy.util.test.junit.AutoTests" name="[58] /home/travis/build/icyphy/ptII/ptolemy/domains/continuous/test/auto/FurutaPendulum.xml (RunModel)" time="2.882" />
  <testcase classname="ptolemy.util.test.junit.AutoTests" name="[59] /home/travis/build/icyphy/ptII/ptolemy/domains/continuous/test/auto/HierarchicalExecution.xml (RunModel)" time="1.661" />
  <testcase classname="ptolemy.util.test.junit.AutoTests" name="[60] /home/travis/build/icyphy/ptII/ptolemy/domains/continuous/test/auto/HybridPlant.xml (RunModel)" time="0.544" />
  <testcase classname="ptolemy.util.test.junit.AutoTests" name="[61] /home/travis/build/icyphy/ptII/ptolemy/domains/continuous/test/auto/Hysteresis.xml (RunModel)" time="0.18" />
  <testcase classname="ptolemy.util.test.junit.AutoTests" name="[62] /home/travis/build/icyphy/ptII/ptolemy/domains/continuous/test/auto/HysteresisWithRandomDelay.xml (RunModel)" time="0.211" />
  <testcase classname="ptolemy.util.test.junit.AutoTests" name="[63] /home/travis/build/icyphy/ptII/ptolemy/domains/continuous/test/auto/HysteresisWithRandomLosses.xml (RunModel)" time="2.318" />
  <testcase classname="ptolemy.util.test.junit.AutoTests" name="[64] /home/travis/build/icyphy/ptII/ptolemy/domains/continuous/test/auto/ImmediateTransitions.xml (RunModel)" time="0.035" />
  <testcase classname="ptolemy.util.test.junit.AutoTests" name="[65] /home/travis/build/icyphy/ptII/ptolemy/domains/continuous/test/auto/ImpulseFeedback.xml (RunModel)" time="0.017" />
  <testcase classname="ptolemy.util.test.junit.AutoTests" name="[66] /home/travis/build/icyphy/ptII/ptolemy/domains/continuous/test/auto/ImpulseFeedback2.xml (RunModel)" time="0.019" />
  <testcase classname="ptolemy.util.test.junit.AutoTests" name="[67] /home/travis/build/icyphy/ptII/ptolemy/domains/continuous/test/auto/IncreasingRatePoisson.xml (RunModel)" time="0.711" />
  <testcase classname="ptolemy.util.test.junit.AutoTests" name="[68] /home/travis/build/icyphy/ptII/ptolemy/domains/continuous/test/auto/InitialStateFeedback.xml (RunModel)" time="0.011" />
  <testcase classname="ptolemy.util.test.junit.AutoTests" name="[69] /home/travis/build/icyphy/ptII/ptolemy/domains/continuous/test/auto/Integration.xml (RunModel)" time="0.017" />
  <testcase classname="ptolemy.util.test.junit.AutoTests" name="[70] /home/travis/build/icyphy/ptII/ptolemy/domains/continuous/test/auto/Integration2.xml (RunModel)" time="0.076" />
  <testcase classname="ptolemy.util.test.junit.AutoTests" name="[71] /home/travis/build/icyphy/ptII/ptolemy/domains/continuous/test/auto/Integration3.xml (RunModel)" time="0.012" />
  <testcase classname="ptolemy.util.test.junit.AutoTests" name="[72] /home/travis/build/icyphy/ptII/ptolemy/domains/continuous/test/auto/Integration5.xml (RunModel)" time="0.014" />
  <testcase classname="ptolemy.util.test.junit.AutoTests" name="[73] /home/travis/build/icyphy/ptII/ptolemy/domains/continuous/test/auto/IntegratorImpulse.xml (RunModel)" time="0.008" />
  <testcase classname="ptolemy.util.test.junit.AutoTests" name="[74] /home/travis/build/icyphy/ptII/ptolemy/domains/continuous/test/auto/IntegratorImpulse2.xml (RunModel)" time="0.01" />
  <testcase classname="ptolemy.util.test.junit.AutoTests" name="[75] /home/travis/build/icyphy/ptII/ptolemy/domains/continuous/test/auto/LevelCrossing1.xml (RunModel)" time="0.01" />
  <testcase classname="ptolemy.util.test.junit.AutoTests" name="[76] /home/travis/build/icyphy/ptII/ptolemy/domains/continuous/test/auto/LevelCrossing2.xml (RunModel)" time="0.011" />
  <testcase classname="ptolemy.util.test.junit.AutoTests" name="[77] /home/travis/build/icyphy/ptII/ptolemy/domains/continuous/test/auto/LevelCrossing3.xml (RunModel)" time="0.019" />
  <testcase classname="ptolemy.util.test.junit.AutoTests" name="[78] /home/travis/build/icyphy/ptII/ptolemy/domains/continuous/test/auto/LevelCrossing4.xml (RunModel)" time="0.012" />
  <testcase classname="ptolemy.util.test.junit.AutoTests" name="[79] /home/travis/build/icyphy/ptII/ptolemy/domains/continuous/test/auto/LevelCrossing5.xml (RunModel)" time="0.011" />
  <testcase classname="ptolemy.util.test.junit.AutoTests" name="[80] /home/travis/build/icyphy/ptII/ptolemy/domains/continuous/test/auto/LevelCrossing6.xml (RunModel)" time="0.011" />
  <testcase classname="ptolemy.util.test.junit.AutoTests" name="[81] /home/travis/build/icyphy/ptII/ptolemy/domains/continuous/test/auto/LevelCrossingDetector.xml (RunModel)" time="0.032" />
  <testcase classname="ptolemy.util.test.junit.AutoTests" name="[82] /home/travis/build/icyphy/ptII/ptolemy/domains/continuous/test/auto/LevelCrossingDetectorDetectingDirections.xml (RunModel)" time="0.085" />
  <testcase classname="ptolemy.util.test.junit.AutoTests" name="[83] /home/travis/build/icyphy/ptII/ptolemy/domains/continuous/test/auto/LevelCrossingDetectorDetectsGlitches.xml (RunModel)" time="0.053" />
  <testcase classname="ptolemy.util.test.junit.AutoTests" name="[84] /home/travis/build/icyphy/ptII/ptolemy/domains/continuous/test/auto/LevelCrossingNoInitialOuput.xml (RunModel)" time="0.014" />
  <testcase classname="ptolemy.util.test.junit.AutoTests" name="[85] /home/travis/build/icyphy/ptII/ptolemy/domains/continuous/test/auto/LinearStateSpaceExample.xml (RunModel)" time="0.057" />
  <testcase classname="ptolemy.util.test.junit.AutoTests" name="[86] /home/travis/build/icyphy/ptII/ptolemy/domains/continuous/test/auto/Lorenz.xml (RunModel)" time="3.273" />
  <testcase classname="ptolemy.util.test.junit.AutoTests" name="[87] /home/travis/build/icyphy/ptII/ptolemy/domains/continuous/test/auto/LorenzDifferentialSystem.xml (RunModel)" time="0.965" />
  <testcase classname="ptolemy.util.test.junit.AutoTests" name="[88] /home/travis/build/icyphy/ptII/ptolemy/domains/continuous/test/auto/LorenzDifferentialSystemWithInput.xml (RunModel)" time="1.213" />
  <testcase classname="ptolemy.util.test.junit.AutoTests" name="[89] /home/travis/build/icyphy/ptII/ptolemy/domains/continuous/test/auto/LorenzDifferentialSystemWithTime.xml (RunModel)" time="0.668" />
  <testcase classname="ptolemy.util.test.junit.AutoTests" name="[90] /home/travis/build/icyphy/ptII/ptolemy/domains/continuous/test/auto/Microsteps.xml (RunModel)" time="0.027" />
  <testcase classname="ptolemy.util.test.junit.AutoTests" name="[91] /home/travis/build/icyphy/ptII/ptolemy/domains/continuous/test/auto/Modal1.xml (RunModel)" time="0.049" />
  <testcase classname="ptolemy.util.test.junit.AutoTests" name="[92] /home/travis/build/icyphy/ptII/ptolemy/domains/continuous/test/auto/Modal2.xml (RunModel)" time="0.039" />
  <testcase classname="ptolemy.util.test.junit.AutoTests" name="[93] /home/travis/build/icyphy/ptII/ptolemy/domains/continuous/test/auto/ModalTransitionGuardWithReset.xml (RunModel)" time="0.02" />
  <testcase classname="ptolemy.util.test.junit.AutoTests" name="[94] /home/travis/build/icyphy/ptII/ptolemy/domains/continuous/test/auto/ModalTransitionGuardWithResetUsingPreemptiveTransition.xml (RunModel)" time="0.024" />
  <testcase classname="ptolemy.util.test.junit.AutoTests" name="[95] /home/travis/build/icyphy/ptII/ptolemy/domains/continuous/test/auto/ModalTransitionGuardWithResetUsingPreemptiveTransition2.xml (RunModel)" time="0.025" />
  <testcase classname="ptolemy.util.test.junit.AutoTests" name="[96] /home/travis/build/icyphy/ptII/ptolemy/domains/continuous/test/auto/ModalTransitionGuardWithResetUsingPreemptiveTransition3.xml (RunModel)" time="0.023" />
  <testcase classname="ptolemy.util.test.junit.AutoTests" name="[97] /home/travis/build/icyphy/ptII/ptolemy/domains/continuous/test/auto/NewtonsCradle.xml (RunModel)" time="0.745" />
  <testcase classname="ptolemy.util.test.junit.AutoTests" name="[98] /home/travis/build/icyphy/ptII/ptolemy/domains/continuous/test/auto/NewtonsCradleAnimated.xml (RunModel)" time="1.229" />
  <testcase classname="ptolemy.util.test.junit.AutoTests" name="[99] /home/travis/build/icyphy/ptII/ptolemy/domains/continuous/test/auto/NewtonsCradleComplicated.xml (RunModel)" time="0.923" />
  <testcase classname="ptolemy.util.test.junit.AutoTests" name="[100] /home/travis/build/icyphy/ptII/ptolemy/domains/continuous/test/auto/NewtonsCradleNondeterministic.xml (RunModel)" time="0.602" />
  <testcase classname="ptolemy.util.test.junit.AutoTests" name="[101] /home/travis/build/icyphy/ptII/ptolemy/domains/continuous/test/auto/NewtonsCradlePerfectlyInelastic1.xml (RunModel)" time="1.229" />
  <testcase classname="ptolemy.util.test.junit.AutoTests" name="[102] /home/travis/build/icyphy/ptII/ptolemy/domains/continuous/test/auto/Noise.xml (RunModel)" time="0.185" />
  <testcase classname="ptolemy.util.test.junit.AutoTests" name="[103] /home/travis/build/icyphy/ptII/ptolemy/domains/continuous/test/auto/NoiseSpectrum.xml (RunModel)" time="0.678" />
  <testcase classname="ptolemy.util.test.junit.AutoTests" name="[104] /home/travis/build/icyphy/ptII/ptolemy/domains/continuous/test/auto/ParameterizedNewtonsCradleAnimated.xml (RunModel)" time="0.339" />
  <testcase classname="ptolemy.util.test.junit.AutoTests" name="[105] /home/travis/build/icyphy/ptII/ptolemy/domains/continuous/test/auto/ParameterizedNewtonsCradleAnimatedNondeterministic.xml (RunModel)" time="1.079" />
  <testcase classname="ptolemy.util.test.junit.AutoTests" name="[106] /home/travis/build/icyphy/ptII/ptolemy/domains/continuous/test/auto/Pendulum3D.xml (RunModel)" time="0.152" />
  <testcase classname="ptolemy.util.test.junit.AutoTests" name="[107] /home/travis/build/icyphy/ptII/ptolemy/domains/continuous/test/auto/PeriodicSampler.xml (RunModel)" time="0.011" />
  <testcase classname="ptolemy.util.test.junit.AutoTests" name="[108] /home/travis/build/icyphy/ptII/ptolemy/domains/continuous/test/auto/PeriodicSampler1.xml (RunModel)" time="0.039" />
  <testcase classname="ptolemy.util.test.junit.AutoTests" name="[109] /home/travis/build/icyphy/ptII/ptolemy/domains/continuous/test/auto/PeriodicSampler2.xml (RunModel)" time="0.074" />
  <testcase classname="ptolemy.util.test.junit.AutoTests" name="[110] /home/travis/build/icyphy/ptII/ptolemy/domains/continuous/test/auto/Poisson.xml (RunModel)" time="0.388" />
  <testcase classname="ptolemy.util.test.junit.AutoTests" name="[111] /home/travis/build/icyphy/ptII/ptolemy/domains/continuous/test/auto/PoissonClock.xml (RunModel)" time="0.013" />
  <testcase classname="ptolemy.util.test.junit.AutoTests" name="[112] /home/travis/build/icyphy/ptII/ptolemy/domains/continuous/test/auto/PoissonClock2.xml (RunModel)" time="0.009" />
  <testcase classname="ptolemy.util.test.junit.AutoTests" name="[113] /home/travis/build/icyphy/ptII/ptolemy/domains/continuous/test/auto/PortParameterHierarchy.xml (RunModel)" time="0.019" />
  <testcase classname="ptolemy.util.test.junit.AutoTests" name="[114] /home/travis/build/icyphy/ptII/ptolemy/domains/continuous/test/auto/RandomHybridPlant.xml (RunModel)" time="0.533" />
  <testcase classname="ptolemy.util.test.junit.AutoTests" name="[115] /home/travis/build/icyphy/ptII/ptolemy/domains/continuous/test/auto/ResetTransitionWithStartTime1.xml (RunModel)" time="0.025" />
  <testcase classname="ptolemy.util.test.junit.AutoTests" name="[116] /home/travis/build/icyphy/ptII/ptolemy/domains/continuous/test/auto/ResetTransitionWithStartTime2.xml (RunModel)" time="0.029" />
  <testcase classname="ptolemy.util.test.junit.AutoTests" name="[117] /home/travis/build/icyphy/ptII/ptolemy/domains/continuous/test/auto/ResetTransitionWithStartTime3.xml (RunModel)" time="0.032" />
  <testcase classname="ptolemy.util.test.junit.AutoTests" name="[118] /home/travis/build/icyphy/ptII/ptolemy/domains/continuous/test/auto/ResetTransitionWithStartTime4.xml (RunModel)" time="0.024" />
  <testcase classname="ptolemy.util.test.junit.AutoTests" name="[119] /home/travis/build/icyphy/ptII/ptolemy/domains/continuous/test/auto/ResetTransitionWithStartTime5.xml (RunModel)" time="0.028" />
  <testcase classname="ptolemy.util.test.junit.AutoTests" name="[120] /home/travis/build/icyphy/ptII/ptolemy/domains/continuous/test/auto/ResetTransitionWithStartTime6.xml (RunModel)" time="0.024" />
  <testcase classname="ptolemy.util.test.junit.AutoTests" name="[121] /home/travis/build/icyphy/ptII/ptolemy/domains/continuous/test/auto/SRinContinuous.xml (RunModel)" time="0.024" />
  <testcase classname="ptolemy.util.test.junit.AutoTests" name="[122] /home/travis/build/icyphy/ptII/ptolemy/domains/continuous/test/auto/SampledClocks.xml (RunModel)" time="0.028" />
  <testcase classname="ptolemy.util.test.junit.AutoTests" name="[123] /home/travis/build/icyphy/ptII/ptolemy/domains/continuous/test/auto/Satellite.xml (RunModel)" time="0.625" />
  <testcase classname="ptolemy.util.test.junit.AutoTests" name="[124] /home/travis/build/icyphy/ptII/ptolemy/domains/continuous/test/auto/SigmaDelta.xml (RunModel)" time="1.963" />
  <testcase classname="ptolemy.util.test.junit.AutoTests" name="[125] /home/travis/build/icyphy/ptII/ptolemy/domains/continuous/test/auto/SingleRefinement.xml (RunModel)" time="0.397" />
  <testcase classname="ptolemy.util.test.junit.AutoTests" name="[126] /home/travis/build/icyphy/ptII/ptolemy/domains/continuous/test/auto/SinuBouncingBall.xml (RunModel)" time="0.886" />
  <testcase classname="ptolemy.util.test.junit.AutoTests" name="[127] /home/travis/build/icyphy/ptII/ptolemy/domains/continuous/test/auto/Sinusoid.xml (RunModel)" time="0.018" />
  <testcase classname="ptolemy.util.test.junit.AutoTests" name="[128] /home/travis/build/icyphy/ptII/ptolemy/domains/continuous/test/auto/SinusoidInNoise.xml (RunModel)" time="0.856" />
  <testcase classname="ptolemy.util.test.junit.AutoTests" name="[129] /home/travis/build/icyphy/ptII/ptolemy/domains/continuous/test/auto/SinusoidRK45.xml (RunModel)" time="0.011" />
  <testcase classname="ptolemy.util.test.junit.AutoTests" name="[130] /home/travis/build/icyphy/ptII/ptolemy/domains/continuous/test/auto/SinusoidWithMultipleImpulses.xml (RunModel)" time="0.009" />
  <testcase classname="ptolemy.util.test.junit.AutoTests" name="[131] /home/travis/build/icyphy/ptII/ptolemy/domains/continuous/test/auto/SquareWave.xml (RunModel)" time="0.167" />
  <testcase classname="ptolemy.util.test.junit.AutoTests" name="[132] /home/travis/build/icyphy/ptII/ptolemy/domains/continuous/test/auto/Starmac.xml (RunModel)" time="3.359" />
  <testcase classname="ptolemy.util.test.junit.AutoTests" name="[133] /home/travis/build/icyphy/ptII/ptolemy/domains/continuous/test/auto/StaticUnits.xml (RunModel)" time="2.251" />
  <testcase classname="ptolemy.util.test.junit.AutoTests" name="[134] /home/travis/build/icyphy/ptII/ptolemy/domains/continuous/test/auto/StickyMasses.xml (RunModel)" time="0.176" />
  <testcase classname="ptolemy.util.test.junit.AutoTests" name="[135] /home/travis/build/icyphy/ptII/ptolemy/domains/continuous/test/auto/StopTime.xml (RunModel)" time="0.059" />
  <testcase classname="ptolemy.util.test.junit.AutoTests" name="[136] /home/travis/build/icyphy/ptII/ptolemy/domains/continuous/test/auto/StopTime2.xml (RunModel)" time="0.071" />
  <testcase classname="ptolemy.util.test.junit.AutoTests" name="[137] /home/travis/build/icyphy/ptII/ptolemy/domains/continuous/test/auto/Switch.xml (RunModel)" time="0.057" />
  <testcase classname="ptolemy.util.test.junit.AutoTests" name="[138] /home/travis/build/icyphy/ptII/ptolemy/domains/continuous/test/auto/Thermostat.xml (RunModel)" time="0.192" />
  <testcase classname="ptolemy.util.test.junit.AutoTests" name="[139] /home/travis/build/icyphy/ptII/ptolemy/domains/continuous/test/auto/TimeDelay.xml (RunModel)" time="0.015" />
  <testcase classname="ptolemy.util.test.junit.AutoTests" name="[140] /home/travis/build/icyphy/ptII/ptolemy/domains/continuous/test/auto/TimeDelay2.xml (RunModel)" time="0.026" />
  <testcase classname="ptolemy.util.test.junit.AutoTests" name="[141] /home/travis/build/icyphy/ptII/ptolemy/domains/continuous/test/auto/TimeDelay3.xml (RunModel)" time="0.01" />
  <testcase classname="ptolemy.util.test.junit.AutoTests" name="[142] /home/travis/build/icyphy/ptII/ptolemy/domains/continuous/test/auto/TransferAbsentToInside.xml (RunModel)" time="0.086" />
  <testcase classname="ptolemy.util.test.junit.AutoTests" name="[143] /home/travis/build/icyphy/ptII/ptolemy/domains/continuous/test/auto/Transmission.xml (RunModel)" time="0.761" />
  <testcase classname="ptolemy.util.test.junit.AutoTests" name="[144] /home/travis/build/icyphy/ptII/ptolemy/domains/continuous/test/auto/TriggeredContinuousClock.xml (RunModel)" time="0.082" />
  <testcase classname="ptolemy.util.test.junit.AutoTests" name="[145] /home/travis/build/icyphy/ptII/ptolemy/domains/continuous/test/auto/TwoMachineInfiniteBusControl.xml (RunModel)" time="2.292" />
  <testcase classname="ptolemy.util.test.junit.AutoTests" name="[146] /home/travis/build/icyphy/ptII/ptolemy/domains/continuous/test/auto/V2V.xml (RunModel)" time="0.767" />
  <testcase classname="ptolemy.util.test.junit.AutoTests" name="[147] /home/travis/build/icyphy/ptII/ptolemy/domains/continuous/test/auto/hierarchicalModalModel.xml (RunModel)" time="0.028" />
  <testcase classname="ptolemy.util.test.junit.AutoTests" name="[148] /home/travis/build/icyphy/ptII/ptolemy/domains/continuous/test/auto/hierarchicalModalModel1.xml (RunModel)" time="0.025" />
  <testcase classname="ptolemy.util.test.junit.AutoTests" name="[149] /home/travis/build/icyphy/ptII/ptolemy/domains/continuous/test/auto/hierarchicalModalModel2.xml (RunModel)" time="0.022" />
  <testcase classname="ptolemy.util.test.junit.AutoTests" name="[150] /home/travis/build/icyphy/ptII/ptolemy/domains/continuous/test/auto/hierarchicalModalModel3.xml (RunModel)" time="0.019" />
  <testcase classname="ptolemy.util.test.junit.AutoTests" name="[151] /home/travis/build/icyphy/ptII/ptolemy/domains/continuous/test/auto/hierarchicalModalModel4.xml (RunModel)" time="0.027" />
  <testcase classname="ptolemy.util.test.junit.AutoTests" name="[152] /home/travis/build/icyphy/ptII/ptolemy/domains/continuous/test/auto/junk.xml (RunModel)" time="0.122" />
  <system-out><![CDATA[No tcl tests in /home/travis/build/icyphy/ptII/ptolemy/domains/continuous/test
No auto/knownFailedTests/*.xml tests in /home/travis/build/icyphy/ptII/ptolemy/domains/continuous/test
No auto/linux-amd64/*.xml tests in /home/travis/build/icyphy/ptII/ptolemy/domains/continuous/test
AutoTests.java: About to close Vertx.
AutoTests.java: Vertx closed.

===========================================================================================
----------------- testing Thu May 21 14:21:19 UTC 2020 /home/travis/build/icyphy/ptII/ptolemy/domains/continuous/test/auto/BouncingBall.xml
----------------- Instantiating /home/travis/build/icyphy/ptII/ptolemy/domains/continuous/test/auto/BouncingBall.xml
2271 ms. Memory: 155648K Free: 74311K (48%)
----------------- Invoking toplevel() on ptolemy.moml.MoMLSimpleApplication@72ab407b
----------------- Done invoking toplevel() on ptolemy.moml.MoMLSimpleApplication@72ab407b
reloadAllAccessors: .BouncingBall

===========================================================================================
----------------- testing Thu May 21 14:21:21 UTC 2020 /home/travis/build/icyphy/ptII/ptolemy/domains/continuous/test/auto/BouncingBallWithoutGR.xml
----------------- Instantiating /home/travis/build/icyphy/ptII/ptolemy/domains/continuous/test/auto/BouncingBallWithoutGR.xml
738 ms. Memory: 155648K Free: 77877K (50%)
----------------- Invoking toplevel() on ptolemy.moml.MoMLSimpleApplication@ba520cd
----------------- Done invoking toplevel() on ptolemy.moml.MoMLSimpleApplication@ba520cd
reloadAllAccessors: .BouncingBallWithoutGR

===========================================================================================
----------------- testing Thu May 21 14:21:22 UTC 2020 /home/travis/build/icyphy/ptII/ptolemy/domains/continuous/test/auto/Brownian.xml
----------------- Instantiating /home/travis/build/icyphy/ptII/ptolemy/domains/continuous/test/auto/Brownian.xml
16 ms. Memory: 155648K Free: 69175K (44%)
----------------- Invoking toplevel() on ptolemy.moml.MoMLSimpleApplication@4359a2f4
----------------- Done invoking toplevel() on ptolemy.moml.MoMLSimpleApplication@4359a2f4
reloadAllAccessors: .Brownian

===========================================================================================
----------------- testing Thu May 21 14:21:22 UTC 2020 /home/travis/build/icyphy/ptII/ptolemy/domains/continuous/test/auto/CarTracking.xml
----------------- Instantiating /home/travis/build/icyphy/ptII/ptolemy/domains/continuous/test/auto/CarTracking.xml
3369 ms. Memory: 225280K Free: 155287K (69%)
----------------- Invoking toplevel() on ptolemy.moml.MoMLSimpleApplication@2c12cd24
----------------- Done invoking toplevel() on ptolemy.moml.MoMLSimpleApplication@2c12cd24
reloadAllAccessors: .CarTracking

===========================================================================================
----------------- testing Thu May 21 14:21:26 UTC 2020 /home/travis/build/icyphy/ptII/ptolemy/domains/continuous/test/auto/CartPendulum.xml
----------------- Instantiating /home/travis/build/icyphy/ptII/ptolemy/domains/continuous/test/auto/CartPendulum.xml
350 ms. Memory: 225280K Free: 197295K (88%)
----------------- Invoking toplevel() on ptolemy.moml.MoMLSimpleApplication@7de9958
----------------- Done invoking toplevel() on ptolemy.moml.MoMLSimpleApplication@7de9958
reloadAllAccessors: .CartPendulum

===========================================================================================
----------------- testing Thu May 21 14:21:26 UTC 2020 /home/travis/build/icyphy/ptII/ptolemy/domains/continuous/test/auto/CausalityInterface10.xml
----------------- Instantiating /home/travis/build/icyphy/ptII/ptolemy/domains/continuous/test/auto/CausalityInterface10.xml
13 ms. Memory: 225280K Free: 186545K (83%)
----------------- Invoking toplevel() on ptolemy.moml.MoMLSimpleApplication@3600f916
----------------- Done invoking toplevel() on ptolemy.moml.MoMLSimpleApplication@3600f916
reloadAllAccessors: .CausalityInterface10

===========================================================================================
----------------- testing Thu May 21 14:21:27 UTC 2020 /home/travis/build/icyphy/ptII/ptolemy/domains/continuous/test/auto/CausalityInterface11.xml
----------------- Instantiating /home/travis/build/icyphy/ptII/ptolemy/domains/continuous/test/auto/CausalityInterface11.xml
7 ms. Memory: 225280K Free: 180401K (80%)
----------------- Invoking toplevel() on ptolemy.moml.MoMLSimpleApplication@186362b8
----------------- Done invoking toplevel() on ptolemy.moml.MoMLSimpleApplication@186362b8
reloadAllAccessors: .CausalityInterface11

===========================================================================================
----------------- testing Thu May 21 14:21:27 UTC 2020 /home/travis/build/icyphy/ptII/ptolemy/domains/continuous/test/auto/CausalityInterface12.xml
----------------- Instantiating /home/travis/build/icyphy/ptII/ptolemy/domains/continuous/test/auto/CausalityInterface12.xml
4 ms. Memory: 225280K Free: 174257K (77%)
----------------- Invoking toplevel() on ptolemy.moml.MoMLSimpleApplication@31ae7b19
----------------- Done invoking toplevel() on ptolemy.moml.MoMLSimpleApplication@31ae7b19
reloadAllAccessors: .CausalityInterface12

===========================================================================================
----------------- testing Thu May 21 14:21:27 UTC 2020 /home/travis/build/icyphy/ptII/ptolemy/domains/continuous/test/auto/CausalityInterface13.xml
----------------- Instantiating /home/travis/build/icyphy/ptII/ptolemy/domains/continuous/test/auto/CausalityInterface13.xml
7 ms. Memory: 225280K Free: 168113K (75%)
----------------- Invoking toplevel() on ptolemy.moml.MoMLSimpleApplication@3c5defe7
----------------- Done invoking toplevel() on ptolemy.moml.MoMLSimpleApplication@3c5defe7
reloadAllAccessors: .CausalityInterface13

===========================================================================================
----------------- testing Thu May 21 14:21:27 UTC 2020 /home/travis/build/icyphy/ptII/ptolemy/domains/continuous/test/auto/CausalityInterface14.xml
----------------- Instantiating /home/travis/build/icyphy/ptII/ptolemy/domains/continuous/test/auto/CausalityInterface14.xml
5 ms. Memory: 225280K Free: 162479K (72%)
----------------- Invoking toplevel() on ptolemy.moml.MoMLSimpleApplication@3d97bcc1
----------------- Done invoking toplevel() on ptolemy.moml.MoMLSimpleApplication@3d97bcc1
reloadAllAccessors: .CausalityInterface14

===========================================================================================
----------------- testing Thu May 21 14:21:27 UTC 2020 /home/travis/build/icyphy/ptII/ptolemy/domains/continuous/test/auto/CausalityInterface4.xml
----------------- Instantiating /home/travis/build/icyphy/ptII/ptolemy/domains/continuous/test/auto/CausalityInterface4.xml
5 ms. Memory: 225280K Free: 155296K (69%)
----------------- Invoking toplevel() on ptolemy.moml.MoMLSimpleApplication@d0884f7
----------------- Done invoking toplevel() on ptolemy.moml.MoMLSimpleApplication@d0884f7
reloadAllAccessors: .CausalityInterface4

===========================================================================================
----------------- testing Thu May 21 14:21:27 UTC 2020 /home/travis/build/icyphy/ptII/ptolemy/domains/continuous/test/auto/CausalityInterface5.xml
----------------- Instantiating /home/travis/build/icyphy/ptII/ptolemy/domains/continuous/test/auto/CausalityInterface5.xml
7 ms. Memory: 225280K Free: 147119K (65%)
----------------- Invoking toplevel() on ptolemy.moml.MoMLSimpleApplication@28127085
----------------- Done invoking toplevel() on ptolemy.moml.MoMLSimpleApplication@28127085
reloadAllAccessors: .CausalityInterface5

===========================================================================================
----------------- testing Thu May 21 14:21:27 UTC 2020 /home/travis/build/icyphy/ptII/ptolemy/domains/continuous/test/auto/CausalityInterface6.xml
----------------- Instantiating /home/travis/build/icyphy/ptII/ptolemy/domains/continuous/test/auto/CausalityInterface6.xml
7 ms. Memory: 225280K Free: 141984K (63%)
----------------- Invoking toplevel() on ptolemy.moml.MoMLSimpleApplication@3c6c3d1d
----------------- Done invoking toplevel() on ptolemy.moml.MoMLSimpleApplication@3c6c3d1d
reloadAllAccessors: .CausalityInterface6

===========================================================================================
----------------- testing Thu May 21 14:21:27 UTC 2020 /home/travis/build/icyphy/ptII/ptolemy/domains/continuous/test/auto/CausalityInterface7.xml
----------------- Instantiating /home/travis/build/icyphy/ptII/ptolemy/domains/continuous/test/auto/CausalityInterface7.xml
12 ms. Memory: 225280K Free: 133297K (59%)
----------------- Invoking toplevel() on ptolemy.moml.MoMLSimpleApplication@54382467
----------------- Done invoking toplevel() on ptolemy.moml.MoMLSimpleApplication@54382467
reloadAllAccessors: .CausalityInterface7

===========================================================================================
----------------- testing Thu May 21 14:21:27 UTC 2020 /home/travis/build/icyphy/ptII/ptolemy/domains/continuous/test/auto/CausalityInterface8.xml
----------------- Instantiating /home/travis/build/icyphy/ptII/ptolemy/domains/continuous/test/auto/CausalityInterface8.xml
4 ms. Memory: 225280K Free: 124081K (55%)
----------------- Invoking toplevel() on ptolemy.moml.MoMLSimpleApplication@3cf1e0f1
----------------- Done invoking toplevel() on ptolemy.moml.MoMLSimpleApplication@3cf1e0f1
reloadAllAccessors: .CausalityInterface8

===========================================================================================
----------------- testing Thu May 21 14:21:27 UTC 2020 /home/travis/build/icyphy/ptII/ptolemy/domains/continuous/test/auto/CausalityInterface9.xml
----------------- Instantiating /home/travis/build/icyphy/ptII/ptolemy/domains/continuous/test/auto/CausalityInterface9.xml
5 ms. Memory: 225280K Free: 113327K (50%)
----------------- Invoking toplevel() on ptolemy.moml.MoMLSimpleApplication@55ae7262
----------------- Done invoking toplevel() on ptolemy.moml.MoMLSimpleApplication@55ae7262
reloadAllAccessors: .CausalityInterface9

===========================================================================================
----------------- testing Thu May 21 14:21:27 UTC 2020 /home/travis/build/icyphy/ptII/ptolemy/domains/continuous/test/auto/CausalityInterfaceFeedback1.xml
----------------- Instantiating /home/travis/build/icyphy/ptII/ptolemy/domains/continuous/test/auto/CausalityInterfaceFeedback1.xml
3 ms. Memory: 225280K Free: 106673K (47%)
----------------- Invoking toplevel() on ptolemy.moml.MoMLSimpleApplication@4160606c
----------------- Done invoking toplevel() on ptolemy.moml.MoMLSimpleApplication@4160606c
reloadAllAccessors: .CausalityInterfaceFeedback1

===========================================================================================
----------------- testing Thu May 21 14:21:27 UTC 2020 /home/travis/build/icyphy/ptII/ptolemy/domains/continuous/test/auto/CausalityInterfaceFeedback2.xml
----------------- Instantiating /home/travis/build/icyphy/ptII/ptolemy/domains/continuous/test/auto/CausalityInterfaceFeedback2.xml
3 ms. Memory: 225280K Free: 100015K (44%)
----------------- Invoking toplevel() on ptolemy.moml.MoMLSimpleApplication@1937305e
----------------- Done invoking toplevel() on ptolemy.moml.MoMLSimpleApplication@1937305e
reloadAllAccessors: .CausalityInterfaceFeedback2

===========================================================================================
----------------- testing Thu May 21 14:21:27 UTC 2020 /home/travis/build/icyphy/ptII/ptolemy/domains/continuous/test/auto/CompareWithCurrentTime.xml
----------------- Instantiating /home/travis/build/icyphy/ptII/ptolemy/domains/continuous/test/auto/CompareWithCurrentTime.xml
9 ms. Memory: 225280K Free: 95919K (43%)
----------------- Invoking toplevel() on ptolemy.moml.MoMLSimpleApplication@6985bf45
----------------- Done invoking toplevel() on ptolemy.moml.MoMLSimpleApplication@6985bf45
reloadAllAccessors: .CompareWithCurrentTime

===========================================================================================
----------------- testing Thu May 21 14:21:27 UTC 2020 /home/travis/build/icyphy/ptII/ptolemy/domains/continuous/test/auto/ComparedClocks.xml
----------------- Instantiating /home/travis/build/icyphy/ptII/ptolemy/domains/continuous/test/auto/ComparedClocks.xml
6 ms. Memory: 225280K Free: 80544K (36%)
----------------- Invoking toplevel() on ptolemy.moml.MoMLSimpleApplication@960491c
----------------- Done invoking toplevel() on ptolemy.moml.MoMLSimpleApplication@960491c
reloadAllAccessors: .ComparedClocks

===========================================================================================
----------------- testing Thu May 21 14:21:27 UTC 2020 /home/travis/build/icyphy/ptII/ptolemy/domains/continuous/test/auto/ContinuousAOCClone.xml
----------------- Instantiating /home/travis/build/icyphy/ptII/ptolemy/domains/continuous/test/auto/ContinuousAOCClone.xml
2174 ms. Memory: 270336K Free: 171614K (63%)
----------------- Invoking toplevel() on ptolemy.moml.MoMLSimpleApplication@24d4b849
----------------- Done invoking toplevel() on ptolemy.moml.MoMLSimpleApplication@24d4b849
reloadAllAccessors: .ContinuousAOCClone

===========================================================================================
----------------- testing Thu May 21 14:21:29 UTC 2020 /home/travis/build/icyphy/ptII/ptolemy/domains/continuous/test/auto/ContinuousClock.xml
----------------- Instantiating /home/travis/build/icyphy/ptII/ptolemy/domains/continuous/test/auto/ContinuousClock.xml
32 ms. Memory: 270336K Free: 149582K (55%)
----------------- Invoking toplevel() on ptolemy.moml.MoMLSimpleApplication@28651060
----------------- Done invoking toplevel() on ptolemy.moml.MoMLSimpleApplication@28651060
reloadAllAccessors: .ContinuousClock

===========================================================================================
----------------- testing Thu May 21 14:21:29 UTC 2020 /home/travis/build/icyphy/ptII/ptolemy/domains/continuous/test/auto/ContinuousInContinuous.xml
----------------- Instantiating /home/travis/build/icyphy/ptII/ptolemy/domains/continuous/test/auto/ContinuousInContinuous.xml
39 ms. Memory: 270336K Free: 126030K (47%)
----------------- Invoking toplevel() on ptolemy.moml.MoMLSimpleApplication@49eb9964
----------------- Done invoking toplevel() on ptolemy.moml.MoMLSimpleApplication@49eb9964
reloadAllAccessors: .ContinuousInContinuous

===========================================================================================
----------------- testing Thu May 21 14:21:30 UTC 2020 /home/travis/build/icyphy/ptII/ptolemy/domains/continuous/test/auto/ContinuousInContinuousInContinuous.xml
----------------- Instantiating /home/travis/build/icyphy/ptII/ptolemy/domains/continuous/test/auto/ContinuousInContinuousInContinuous.xml
7 ms. Memory: 270336K Free: 117852K (44%)
----------------- Invoking toplevel() on ptolemy.moml.MoMLSimpleApplication@4050edac
----------------- Done invoking toplevel() on ptolemy.moml.MoMLSimpleApplication@4050edac
reloadAllAccessors: .ContinuousInContinuousInContinuous

===========================================================================================
----------------- testing Thu May 21 14:21:30 UTC 2020 /home/travis/build/icyphy/ptII/ptolemy/domains/continuous/test/auto/ContinuousInDE.xml
----------------- Instantiating /home/travis/build/icyphy/ptII/ptolemy/domains/continuous/test/auto/ContinuousInDE.xml
88 ms. Memory: 270336K Free: 107102K (40%)
----------------- Invoking toplevel() on ptolemy.moml.MoMLSimpleApplication@1d701827
----------------- Done invoking toplevel() on ptolemy.moml.MoMLSimpleApplication@1d701827
reloadAllAccessors: .ContinuousInDE

===========================================================================================
----------------- testing Thu May 21 14:21:30 UTC 2020 /home/travis/build/icyphy/ptII/ptolemy/domains/continuous/test/auto/ContinuousInDE2.xml
----------------- Instantiating /home/travis/build/icyphy/ptII/ptolemy/domains/continuous/test/auto/ContinuousInDE2.xml
31 ms. Memory: 270336K Free: 97372K (36%)
----------------- Invoking toplevel() on ptolemy.moml.MoMLSimpleApplication@41dc9b83
----------------- Done invoking toplevel() on ptolemy.moml.MoMLSimpleApplication@41dc9b83
reloadAllAccessors: .ContinuousInDE2

===========================================================================================
----------------- testing Thu May 21 14:21:30 UTC 2020 /home/travis/build/icyphy/ptII/ptolemy/domains/continuous/test/auto/ContinuousInDE3.xml
----------------- Instantiating /home/travis/build/icyphy/ptII/ptolemy/domains/continuous/test/auto/ContinuousInDE3.xml
30 ms. Memory: 270336K Free: 248400K (92%)
----------------- Invoking toplevel() on ptolemy.moml.MoMLSimpleApplication@3662d4b
----------------- Done invoking toplevel() on ptolemy.moml.MoMLSimpleApplication@3662d4b
reloadAllAccessors: .ContinuousInDE3

===========================================================================================
----------------- testing Thu May 21 14:21:30 UTC 2020 /home/travis/build/icyphy/ptII/ptolemy/domains/continuous/test/auto/ContinuousInDE4.xml
----------------- Instantiating /home/travis/build/icyphy/ptII/ptolemy/domains/continuous/test/auto/ContinuousInDE4.xml
12 ms. Memory: 270336K Free: 242256K (90%)
----------------- Invoking toplevel() on ptolemy.moml.MoMLSimpleApplication@2d02ca21
----------------- Done invoking toplevel() on ptolemy.moml.MoMLSimpleApplication@2d02ca21
reloadAllAccessors: .ContinuousInDE4

===========================================================================================
----------------- testing Thu May 21 14:21:30 UTC 2020 /home/travis/build/icyphy/ptII/ptolemy/domains/continuous/test/auto/ContinuousInDEDifferentRefinements.xml
----------------- Instantiating /home/travis/build/icyphy/ptII/ptolemy/domains/continuous/test/auto/ContinuousInDEDifferentRefinements.xml
49 ms. Memory: 270336K Free: 211026K (78%)
----------------- Invoking toplevel() on ptolemy.moml.MoMLSimpleApplication@f65e378
----------------- Done invoking toplevel() on ptolemy.moml.MoMLSimpleApplication@f65e378
reloadAllAccessors: .ContinuousInDEDifferentRefinements

===========================================================================================
----------------- testing Thu May 21 14:21:30 UTC 2020 /home/travis/build/icyphy/ptII/ptolemy/domains/continuous/test/auto/ContinuousInDEDifferentRefinementsPreemptive.xml
----------------- Instantiating /home/travis/build/icyphy/ptII/ptolemy/domains/continuous/test/auto/ContinuousInDEDifferentRefinementsPreemptive.xml
36 ms. Memory: 270336K Free: 180306K (67%)
----------------- Invoking toplevel() on ptolemy.moml.MoMLSimpleApplication@720f0566
----------------- Done invoking toplevel() on ptolemy.moml.MoMLSimpleApplication@720f0566
reloadAllAccessors: .ContinuousInDEDifferentRefinementsPreemptive

===========================================================================================
----------------- testing Thu May 21 14:21:30 UTC 2020 /home/travis/build/icyphy/ptII/ptolemy/domains/continuous/test/auto/ContinuousInDEInContinuous2.xml
----------------- Instantiating /home/travis/build/icyphy/ptII/ptolemy/domains/continuous/test/auto/ContinuousInDEInContinuous2.xml
26 ms. Memory: 270336K Free: 168528K (62%)
----------------- Invoking toplevel() on ptolemy.moml.MoMLSimpleApplication@47162047
----------------- Done invoking toplevel() on ptolemy.moml.MoMLSimpleApplication@47162047
reloadAllAccessors: .ContinuousInDEInContinuous2

===========================================================================================
----------------- testing Thu May 21 14:21:30 UTC 2020 /home/travis/build/icyphy/ptII/ptolemy/domains/continuous/test/auto/ContinuousInDEInContinuous3.xml
----------------- Instantiating /home/travis/build/icyphy/ptII/ptolemy/domains/continuous/test/auto/ContinuousInDEInContinuous3.xml
26 ms. Memory: 270336K Free: 156754K (58%)
----------------- Invoking toplevel() on ptolemy.moml.MoMLSimpleApplication@78667ef2
----------------- Done invoking toplevel() on ptolemy.moml.MoMLSimpleApplication@78667ef2
reloadAllAccessors: .ContinuousInDEInContinuous3

===========================================================================================
----------------- testing Thu May 21 14:21:30 UTC 2020 /home/travis/build/icyphy/ptII/ptolemy/domains/continuous/test/auto/ContinuousInDEInput.xml
----------------- Instantiating /home/travis/build/icyphy/ptII/ptolemy/domains/continuous/test/auto/ContinuousInDEInput.xml
10 ms. Memory: 270336K Free: 149586K (55%)
----------------- Invoking toplevel() on ptolemy.moml.MoMLSimpleApplication@182aade3
----------------- Done invoking toplevel() on ptolemy.moml.MoMLSimpleApplication@182aade3
reloadAllAccessors: .ContinuousInDEInput

===========================================================================================
----------------- testing Thu May 21 14:21:30 UTC 2020 /home/travis/build/icyphy/ptII/ptolemy/domains/continuous/test/auto/ContinuousInDEInput2.xml
----------------- Instantiating /home/travis/build/icyphy/ptII/ptolemy/domains/continuous/test/auto/ContinuousInDEInput2.xml
9 ms. Memory: 270336K Free: 142418K (53%)
----------------- Invoking toplevel() on ptolemy.moml.MoMLSimpleApplication@7b796dc7
----------------- Done invoking toplevel() on ptolemy.moml.MoMLSimpleApplication@7b796dc7
reloadAllAccessors: .ContinuousInDEInput2

===========================================================================================
----------------- testing Thu May 21 14:21:30 UTC 2020 /home/travis/build/icyphy/ptII/ptolemy/domains/continuous/test/auto/ContinuousInDEInput3.xml
----------------- Instantiating /home/travis/build/icyphy/ptII/ptolemy/domains/continuous/test/auto/ContinuousInDEInput3.xml
9 ms. Memory: 270336K Free: 135250K (50%)
----------------- Invoking toplevel() on ptolemy.moml.MoMLSimpleApplication@541c41d8
----------------- Done invoking toplevel() on ptolemy.moml.MoMLSimpleApplication@541c41d8
reloadAllAccessors: .ContinuousInDEInput3

===========================================================================================
----------------- testing Thu May 21 14:21:30 UTC 2020 /home/travis/build/icyphy/ptII/ptolemy/domains/continuous/test/auto/ContinuousInDESharingRefinement.xml
----------------- Instantiating /home/travis/build/icyphy/ptII/ptolemy/domains/continuous/test/auto/ContinuousInDESharingRefinement.xml
146 ms. Memory: 270336K Free: 202006K (75%)
----------------- Invoking toplevel() on ptolemy.moml.MoMLSimpleApplication@364def06
----------------- Done invoking toplevel() on ptolemy.moml.MoMLSimpleApplication@364def06
reloadAllAccessors: .ContinuousInDESharingRefinement

===========================================================================================
----------------- testing Thu May 21 14:21:30 UTC 2020 /home/travis/build/icyphy/ptII/ptolemy/domains/continuous/test/auto/ContinuousInDEwithNoPorts.xml
----------------- Instantiating /home/travis/build/icyphy/ptII/ptolemy/domains/continuous/test/auto/ContinuousInDEwithNoPorts.xml
5 ms. Memory: 270336K Free: 197382K (73%)
----------------- Invoking toplevel() on ptolemy.moml.MoMLSimpleApplication@32c27576
----------------- Done invoking toplevel() on ptolemy.moml.MoMLSimpleApplication@32c27576
reloadAllAccessors: .ContinuousInDEwithNoPorts

===========================================================================================
----------------- testing Thu May 21 14:21:30 UTC 2020 /home/travis/build/icyphy/ptII/ptolemy/domains/continuous/test/auto/ContinuousInsideDE.xml
----------------- Instantiating /home/travis/build/icyphy/ptII/ptolemy/domains/continuous/test/auto/ContinuousInsideDE.xml
34 ms. Memory: 270336K Free: 185622K (69%)
----------------- Invoking toplevel() on ptolemy.moml.MoMLSimpleApplication@d5421e0
----------------- Done invoking toplevel() on ptolemy.moml.MoMLSimpleApplication@d5421e0
reloadAllAccessors: .ContinuousInsideDE

===========================================================================================
----------------- testing Thu May 21 14:21:31 UTC 2020 /home/travis/build/icyphy/ptII/ptolemy/domains/continuous/test/auto/ContinuousMerge1.xml
----------------- Instantiating /home/travis/build/icyphy/ptII/ptolemy/domains/continuous/test/auto/ContinuousMerge1.xml
5 ms. Memory: 270336K Free: 180998K (67%)
----------------- Invoking toplevel() on ptolemy.moml.MoMLSimpleApplication@2e31b103
----------------- Done invoking toplevel() on ptolemy.moml.MoMLSimpleApplication@2e31b103
reloadAllAccessors: .ContinuousMerge1

===========================================================================================
----------------- testing Thu May 21 14:21:31 UTC 2020 /home/travis/build/icyphy/ptII/ptolemy/domains/continuous/test/auto/ContinuousMerge2.xml
----------------- Instantiating /home/travis/build/icyphy/ptII/ptolemy/domains/continuous/test/auto/ContinuousMerge2.xml
12 ms. Memory: 270336K Free: 170772K (63%)
----------------- Invoking toplevel() on ptolemy.moml.MoMLSimpleApplication@6f3a1266
----------------- Done invoking toplevel() on ptolemy.moml.MoMLSimpleApplication@6f3a1266
reloadAllAccessors: .ContinuousMerge2

===========================================================================================
----------------- testing Thu May 21 14:21:31 UTC 2020 /home/travis/build/icyphy/ptII/ptolemy/domains/continuous/test/auto/ContinuousMerge3.xml
----------------- Instantiating /home/travis/build/icyphy/ptII/ptolemy/domains/continuous/test/auto/ContinuousMerge3.xml
33 ms. Memory: 270336K Free: 160022K (59%)
----------------- Invoking toplevel() on ptolemy.moml.MoMLSimpleApplication@684d0935
----------------- Done invoking toplevel() on ptolemy.moml.MoMLSimpleApplication@684d0935
reloadAllAccessors: .ContinuousMerge3

===========================================================================================
----------------- testing Thu May 21 14:21:31 UTC 2020 /home/travis/build/icyphy/ptII/ptolemy/domains/continuous/test/auto/ContinuousWithinContinuous.xml
----------------- Instantiating /home/travis/build/icyphy/ptII/ptolemy/domains/continuous/test/auto/ContinuousWithinContinuous.xml
27 ms. Memory: 270336K Free: 150806K (56%)
----------------- Invoking toplevel() on ptolemy.moml.MoMLSimpleApplication@8aeada9
----------------- Done invoking toplevel() on ptolemy.moml.MoMLSimpleApplication@8aeada9
reloadAllAccessors: .ContinuousWithinContinuous

===========================================================================================
----------------- testing Thu May 21 14:21:31 UTC 2020 /home/travis/build/icyphy/ptII/ptolemy/domains/continuous/test/auto/ContinuousWithinContinuous2.xml
----------------- Instantiating /home/travis/build/icyphy/ptII/ptolemy/domains/continuous/test/auto/ContinuousWithinContinuous2.xml
51 ms. Memory: 270336K Free: 140052K (52%)
----------------- Invoking toplevel() on ptolemy.moml.MoMLSimpleApplication@5e2fafcf
----------------- Done invoking toplevel() on ptolemy.moml.MoMLSimpleApplication@5e2fafcf
reloadAllAccessors: .ContinuousWithinContinuous2

===========================================================================================
----------------- testing Thu May 21 14:21:31 UTC 2020 /home/travis/build/icyphy/ptII/ptolemy/domains/continuous/test/auto/ContinuousWithinContinuous3.xml
----------------- Instantiating /home/travis/build/icyphy/ptII/ptolemy/domains/continuous/test/auto/ContinuousWithinContinuous3.xml
9 ms. Memory: 270336K Free: 133398K (49%)
----------------- Invoking toplevel() on ptolemy.moml.MoMLSimpleApplication@5d1dc0b4
----------------- Done invoking toplevel() on ptolemy.moml.MoMLSimpleApplication@5d1dc0b4
reloadAllAccessors: .ContinuousWithinContinuous3

===========================================================================================
----------------- testing Thu May 21 14:21:31 UTC 2020 /home/travis/build/icyphy/ptII/ptolemy/domains/continuous/test/auto/ContinuousWithinContinuous4.xml
----------------- Instantiating /home/travis/build/icyphy/ptII/ptolemy/domains/continuous/test/auto/ContinuousWithinContinuous4.xml
53 ms. Memory: 270336K Free: 121620K (45%)
----------------- Invoking toplevel() on ptolemy.moml.MoMLSimpleApplication@78c3bd25
----------------- Done invoking toplevel() on ptolemy.moml.MoMLSimpleApplication@78c3bd25
reloadAllAccessors: .ContinuousWithinContinuous4

===========================================================================================
----------------- testing Thu May 21 14:21:31 UTC 2020 /home/travis/build/icyphy/ptII/ptolemy/domains/continuous/test/auto/ContinuousWithinContinuous5.xml
----------------- Instantiating /home/travis/build/icyphy/ptII/ptolemy/domains/continuous/test/auto/ContinuousWithinContinuous5.xml
9 ms. Memory: 270336K Free: 114452K (42%)
----------------- Invoking toplevel() on ptolemy.moml.MoMLSimpleApplication@71d60d40
----------------- Done invoking toplevel() on ptolemy.moml.MoMLSimpleApplication@71d60d40
reloadAllAccessors: .ContinuousWithinContinuous5

===========================================================================================
----------------- testing Thu May 21 14:21:31 UTC 2020 /home/travis/build/icyphy/ptII/ptolemy/domains/continuous/test/auto/ContinuousWithinContinuous6.xml
----------------- Instantiating /home/travis/build/icyphy/ptII/ptolemy/domains/continuous/test/auto/ContinuousWithinContinuous6.xml
9 ms. Memory: 270336K Free: 107284K (40%)
----------------- Invoking toplevel() on ptolemy.moml.MoMLSimpleApplication@605b2d23
----------------- Done invoking toplevel() on ptolemy.moml.MoMLSimpleApplication@605b2d23
reloadAllAccessors: .ContinuousWithinContinuous6

===========================================================================================
----------------- testing Thu May 21 14:21:31 UTC 2020 /home/travis/build/icyphy/ptII/ptolemy/domains/continuous/test/auto/ContinuousWithinContinuous7.xml
----------------- Instantiating /home/travis/build/icyphy/ptII/ptolemy/domains/continuous/test/auto/ContinuousWithinContinuous7.xml
42 ms. Memory: 270336K Free: 96534K (36%)
----------------- Invoking toplevel() on ptolemy.moml.MoMLSimpleApplication@1515d0e2
----------------- Done invoking toplevel() on ptolemy.moml.MoMLSimpleApplication@1515d0e2
reloadAllAccessors: .ContinuousWithinContinuous7

===========================================================================================
----------------- testing Thu May 21 14:21:31 UTC 2020 /home/travis/build/icyphy/ptII/ptolemy/domains/continuous/test/auto/DCMotor.xml
----------------- Instantiating /home/travis/build/icyphy/ptII/ptolemy/domains/continuous/test/auto/DCMotor.xml
12178 ms. Memory: 270336K Free: 244469K (90%)
----------------- Invoking toplevel() on ptolemy.moml.MoMLSimpleApplication@38f49c10
----------------- Done invoking toplevel() on ptolemy.moml.MoMLSimpleApplication@38f49c10
reloadAllAccessors: .DCMotor

===========================================================================================
----------------- testing Thu May 21 14:21:43 UTC 2020 /home/travis/build/icyphy/ptII/ptolemy/domains/continuous/test/auto/DEInContinuous.xml
----------------- Instantiating /home/travis/build/icyphy/ptII/ptolemy/domains/continuous/test/auto/DEInContinuous.xml
18 ms. Memory: 270336K Free: 238325K (88%)
----------------- Invoking toplevel() on ptolemy.moml.MoMLSimpleApplication@670c09a4
----------------- Done invoking toplevel() on ptolemy.moml.MoMLSimpleApplication@670c09a4
reloadAllAccessors: .DEInContinuous

===========================================================================================
----------------- testing Thu May 21 14:21:43 UTC 2020 /home/travis/build/icyphy/ptII/ptolemy/domains/continuous/test/auto/DEinContinuous2.xml
----------------- Instantiating /home/travis/build/icyphy/ptII/ptolemy/domains/continuous/test/auto/DEinContinuous2.xml
8 ms. Memory: 270336K Free: 230133K (85%)
----------------- Invoking toplevel() on ptolemy.moml.MoMLSimpleApplication@45f26a6f
----------------- Done invoking toplevel() on ptolemy.moml.MoMLSimpleApplication@45f26a6f
reloadAllAccessors: .DEinContinuous2

===========================================================================================
----------------- testing Thu May 21 14:21:43 UTC 2020 /home/travis/build/icyphy/ptII/ptolemy/domains/continuous/test/auto/Derivative.xml
----------------- Instantiating /home/travis/build/icyphy/ptII/ptolemy/domains/continuous/test/auto/Derivative.xml
147 ms. Memory: 270336K Free: 200947K (74%)
----------------- Invoking toplevel() on ptolemy.moml.MoMLSimpleApplication@7fff60b3
----------------- Done invoking toplevel() on ptolemy.moml.MoMLSimpleApplication@7fff60b3
reloadAllAccessors: .Derivative2

===========================================================================================
----------------- testing Thu May 21 14:21:44 UTC 2020 /home/travis/build/icyphy/ptII/ptolemy/domains/continuous/test/auto/Derivative1.xml
----------------- Instantiating /home/travis/build/icyphy/ptII/ptolemy/domains/continuous/test/auto/Derivative1.xml
27 ms. Memory: 270336K Free: 186611K (69%)
----------------- Invoking toplevel() on ptolemy.moml.MoMLSimpleApplication@6fca696c
----------------- Done invoking toplevel() on ptolemy.moml.MoMLSimpleApplication@6fca696c
reloadAllAccessors: .Derivative1

===========================================================================================
----------------- testing Thu May 21 14:21:44 UTC 2020 /home/travis/build/icyphy/ptII/ptolemy/domains/continuous/test/auto/DiscreteClock.xml
----------------- Instantiating /home/travis/build/icyphy/ptII/ptolemy/domains/continuous/test/auto/DiscreteClock.xml
5 ms. Memory: 270336K Free: 181491K (67%)
----------------- Invoking toplevel() on ptolemy.moml.MoMLSimpleApplication@419f13a0
----------------- Done invoking toplevel() on ptolemy.moml.MoMLSimpleApplication@419f13a0
reloadAllAccessors: .DiscreteClock

===========================================================================================
----------------- testing Thu May 21 14:21:44 UTC 2020 /home/travis/build/icyphy/ptII/ptolemy/domains/continuous/test/auto/EfficiencyCurve.xml
----------------- Instantiating /home/travis/build/icyphy/ptII/ptolemy/domains/continuous/test/auto/EfficiencyCurve.xml
62 ms. Memory: 270336K Free: 172789K (64%)
----------------- Invoking toplevel() on ptolemy.moml.MoMLSimpleApplication@36c98e06
----------------- Done invoking toplevel() on ptolemy.moml.MoMLSimpleApplication@36c98e06
reloadAllAccessors: .EfficiencyCurve

===========================================================================================
----------------- testing Thu May 21 14:21:44 UTC 2020 /home/travis/build/icyphy/ptII/ptolemy/domains/continuous/test/auto/ExponentialResponse.xml
----------------- Instantiating /home/travis/build/icyphy/ptII/ptolemy/domains/continuous/test/auto/ExponentialResponse.xml
91 ms. Memory: 270336K Free: 156915K (58%)
----------------- Invoking toplevel() on ptolemy.moml.MoMLSimpleApplication@5f8ce203
----------------- Done invoking toplevel() on ptolemy.moml.MoMLSimpleApplication@5f8ce203
reloadAllAccessors: .ExponentialResponse

===========================================================================================
----------------- testing Thu May 21 14:21:44 UTC 2020 /home/travis/build/icyphy/ptII/ptolemy/domains/continuous/test/auto/ExponentialResponseRK45.xml
----------------- Instantiating /home/travis/build/icyphy/ptII/ptolemy/domains/continuous/test/auto/ExponentialResponseRK45.xml
20 ms. Memory: 270336K Free: 150261K (56%)
----------------- Invoking toplevel() on ptolemy.moml.MoMLSimpleApplication@5fe0dfcb
----------------- Done invoking toplevel() on ptolemy.moml.MoMLSimpleApplication@5fe0dfcb
reloadAllAccessors: .ExponentialResponseRK45

===========================================================================================
----------------- testing Thu May 21 14:21:44 UTC 2020 /home/travis/build/icyphy/ptII/ptolemy/domains/continuous/test/auto/Friction.xml
----------------- Instantiating /home/travis/build/icyphy/ptII/ptolemy/domains/continuous/test/auto/Friction.xml
1388 ms. Memory: 270336K Free: 207393K (77%)
----------------- Invoking toplevel() on ptolemy.moml.MoMLSimpleApplication@686f4ef0
----------------- Done invoking toplevel() on ptolemy.moml.MoMLSimpleApplication@686f4ef0
reloadAllAccessors: .Friction

===========================================================================================
----------------- testing Thu May 21 14:21:45 UTC 2020 /home/travis/build/icyphy/ptII/ptolemy/domains/continuous/test/auto/FurutaPendulum.xml
----------------- Instantiating /home/travis/build/icyphy/ptII/ptolemy/domains/continuous/test/auto/FurutaPendulum.xml
2737 ms. Memory: 270336K Free: 198261K (73%)
----------------- Invoking toplevel() on ptolemy.moml.MoMLSimpleApplication@2960956f
----------------- Done invoking toplevel() on ptolemy.moml.MoMLSimpleApplication@2960956f
reloadAllAccessors: .FurutaPendulum

===========================================================================================
----------------- testing Thu May 21 14:21:48 UTC 2020 /home/travis/build/icyphy/ptII/ptolemy/domains/continuous/test/auto/HierarchicalExecution.xml
----------------- Instantiating /home/travis/build/icyphy/ptII/ptolemy/domains/continuous/test/auto/HierarchicalExecution.xml
1405 ms. Memory: 270336K Free: 232681K (86%)
----------------- Invoking toplevel() on ptolemy.moml.MoMLSimpleApplication@387e5397
----------------- Done invoking toplevel() on ptolemy.moml.MoMLSimpleApplication@387e5397
reloadAllAccessors: .HierarchicalExecution

===========================================================================================
----------------- testing Thu May 21 14:21:50 UTC 2020 /home/travis/build/icyphy/ptII/ptolemy/domains/continuous/test/auto/HybridPlant.xml
----------------- Instantiating /home/travis/build/icyphy/ptII/ptolemy/domains/continuous/test/auto/HybridPlant.xml
478 ms. Memory: 270336K Free: 129263K (48%)
----------------- Invoking toplevel() on ptolemy.moml.MoMLSimpleApplication@49d001bd
----------------- Done invoking toplevel() on ptolemy.moml.MoMLSimpleApplication@49d001bd
reloadAllAccessors: .HybridPlant

===========================================================================================
----------------- testing Thu May 21 14:21:50 UTC 2020 /home/travis/build/icyphy/ptII/ptolemy/domains/continuous/test/auto/Hysteresis.xml
----------------- Instantiating /home/travis/build/icyphy/ptII/ptolemy/domains/continuous/test/auto/Hysteresis.xml
138 ms. Memory: 270336K Free: 227841K (84%)
----------------- Invoking toplevel() on ptolemy.moml.MoMLSimpleApplication@3bbb7841
----------------- Done invoking toplevel() on ptolemy.moml.MoMLSimpleApplication@3bbb7841
reloadAllAccessors: .Hysteresis

===========================================================================================
----------------- testing Thu May 21 14:21:51 UTC 2020 /home/travis/build/icyphy/ptII/ptolemy/domains/continuous/test/auto/HysteresisWithRandomDelay.xml
----------------- Instantiating /home/travis/build/icyphy/ptII/ptolemy/domains/continuous/test/auto/HysteresisWithRandomDelay.xml
165 ms. Memory: 270336K Free: 156612K (58%)
----------------- Invoking toplevel() on ptolemy.moml.MoMLSimpleApplication@6b9e013e
----------------- Done invoking toplevel() on ptolemy.moml.MoMLSimpleApplication@6b9e013e
reloadAllAccessors: .HysteresisWithRandomDelay

===========================================================================================
----------------- testing Thu May 21 14:21:51 UTC 2020 /home/travis/build/icyphy/ptII/ptolemy/domains/continuous/test/auto/HysteresisWithRandomLosses.xml
----------------- Instantiating /home/travis/build/icyphy/ptII/ptolemy/domains/continuous/test/auto/HysteresisWithRandomLosses.xml
2240 ms. Memory: 324608K Free: 303008K (93%)
----------------- Invoking toplevel() on ptolemy.moml.MoMLSimpleApplication@5b7fe18c
----------------- Done invoking toplevel() on ptolemy.moml.MoMLSimpleApplication@5b7fe18c
reloadAllAccessors: .HysteresisWithRandomLosses

===========================================================================================
----------------- testing Thu May 21 14:21:53 UTC 2020 /home/travis/build/icyphy/ptII/ptolemy/domains/continuous/test/auto/ImmediateTransitions.xml
----------------- Instantiating /home/travis/build/icyphy/ptII/ptolemy/domains/continuous/test/auto/ImmediateTransitions.xml
9 ms. Memory: 324608K Free: 291736K (90%)
----------------- Invoking toplevel() on ptolemy.moml.MoMLSimpleApplication@3dd84b5b
----------------- Done invoking toplevel() on ptolemy.moml.MoMLSimpleApplication@3dd84b5b
reloadAllAccessors: .ImmediateTransitions

===========================================================================================
----------------- testing Thu May 21 14:21:53 UTC 2020 /home/travis/build/icyphy/ptII/ptolemy/domains/continuous/test/auto/ImpulseFeedback.xml
----------------- Instantiating /home/travis/build/icyphy/ptII/ptolemy/domains/continuous/test/auto/ImpulseFeedback.xml
8 ms. Memory: 324608K Free: 286120K (88%)
----------------- Invoking toplevel() on ptolemy.moml.MoMLSimpleApplication@5ef5da0a
----------------- Done invoking toplevel() on ptolemy.moml.MoMLSimpleApplication@5ef5da0a
reloadAllAccessors: .ImpulseFeedback

===========================================================================================
----------------- testing Thu May 21 14:21:53 UTC 2020 /home/travis/build/icyphy/ptII/ptolemy/domains/continuous/test/auto/ImpulseFeedback2.xml
----------------- Instantiating /home/travis/build/icyphy/ptII/ptolemy/domains/continuous/test/auto/ImpulseFeedback2.xml
5 ms. Memory: 324608K Free: 280486K (86%)
----------------- Invoking toplevel() on ptolemy.moml.MoMLSimpleApplication@6938d18e
----------------- Done invoking toplevel() on ptolemy.moml.MoMLSimpleApplication@6938d18e
reloadAllAccessors: .ImpulseFeedback2

===========================================================================================
----------------- testing Thu May 21 14:21:53 UTC 2020 /home/travis/build/icyphy/ptII/ptolemy/domains/continuous/test/auto/IncreasingRatePoisson.xml
----------------- Instantiating /home/travis/build/icyphy/ptII/ptolemy/domains/continuous/test/auto/IncreasingRatePoisson.xml
691 ms. Memory: 324608K Free: 145422K (45%)
----------------- Invoking toplevel() on ptolemy.moml.MoMLSimpleApplication@4d0e2e2c
----------------- Done invoking toplevel() on ptolemy.moml.MoMLSimpleApplication@4d0e2e2c
reloadAllAccessors: .IncreasingRatePoisson

===========================================================================================
----------------- testing Thu May 21 14:21:54 UTC 2020 /home/travis/build/icyphy/ptII/ptolemy/domains/continuous/test/auto/InitialStateFeedback.xml
----------------- Instantiating /home/travis/build/icyphy/ptII/ptolemy/domains/continuous/test/auto/InitialStateFeedback.xml
4 ms. Memory: 324608K Free: 140812K (43%)
----------------- Invoking toplevel() on ptolemy.moml.MoMLSimpleApplication@2ecb2544
----------------- Done invoking toplevel() on ptolemy.moml.MoMLSimpleApplication@2ecb2544
reloadAllAccessors: .InitialStateFeedback

===========================================================================================
----------------- testing Thu May 21 14:21:54 UTC 2020 /home/travis/build/icyphy/ptII/ptolemy/domains/continuous/test/auto/Integration.xml
----------------- Instantiating /home/travis/build/icyphy/ptII/ptolemy/domains/continuous/test/auto/Integration.xml
4 ms. Memory: 324608K Free: 136716K (42%)
----------------- Invoking toplevel() on ptolemy.moml.MoMLSimpleApplication@7c7f5ca6
----------------- Done invoking toplevel() on ptolemy.moml.MoMLSimpleApplication@7c7f5ca6
reloadAllAccessors: .Integration

===========================================================================================
----------------- testing Thu May 21 14:21:54 UTC 2020 /home/travis/build/icyphy/ptII/ptolemy/domains/continuous/test/auto/Integration2.xml
----------------- Instantiating /home/travis/build/icyphy/ptII/ptolemy/domains/continuous/test/auto/Integration2.xml
67 ms. Memory: 324608K Free: 122894K (38%)
----------------- Invoking toplevel() on ptolemy.moml.MoMLSimpleApplication@12b94833
----------------- Done invoking toplevel() on ptolemy.moml.MoMLSimpleApplication@12b94833
reloadAllAccessors: .Integration2

===========================================================================================
----------------- testing Thu May 21 14:21:54 UTC 2020 /home/travis/build/icyphy/ptII/ptolemy/domains/continuous/test/auto/Integration3.xml
----------------- Instantiating /home/travis/build/icyphy/ptII/ptolemy/domains/continuous/test/auto/Integration3.xml
2 ms. Memory: 324608K Free: 118270K (36%)
----------------- Invoking toplevel() on ptolemy.moml.MoMLSimpleApplication@2714b632
----------------- Done invoking toplevel() on ptolemy.moml.MoMLSimpleApplication@2714b632
reloadAllAccessors: .Integration3

===========================================================================================
----------------- testing Thu May 21 14:21:54 UTC 2020 /home/travis/build/icyphy/ptII/ptolemy/domains/continuous/test/auto/Integration5.xml
----------------- Instantiating /home/travis/build/icyphy/ptII/ptolemy/domains/continuous/test/auto/Integration5.xml
8 ms. Memory: 324608K Free: 308146K (95%)
----------------- Invoking toplevel() on ptolemy.moml.MoMLSimpleApplication@327f332d
----------------- Done invoking toplevel() on ptolemy.moml.MoMLSimpleApplication@327f332d
reloadAllAccessors: .Integration5

===========================================================================================
----------------- testing Thu May 21 14:21:54 UTC 2020 /home/travis/build/icyphy/ptII/ptolemy/domains/continuous/test/auto/IntegratorImpulse.xml
----------------- Instantiating /home/travis/build/icyphy/ptII/ptolemy/domains/continuous/test/auto/IntegratorImpulse.xml
2 ms. Memory: 324608K Free: 303769K (94%)
----------------- Invoking toplevel() on ptolemy.moml.MoMLSimpleApplication@4d1ba1e4
----------------- Done invoking toplevel() on ptolemy.moml.MoMLSimpleApplication@4d1ba1e4
reloadAllAccessors: .IntegratorImpulse

===========================================================================================
----------------- testing Thu May 21 14:21:54 UTC 2020 /home/travis/build/icyphy/ptII/ptolemy/domains/continuous/test/auto/IntegratorImpulse2.xml
----------------- Instantiating /home/travis/build/icyphy/ptII/ptolemy/domains/continuous/test/auto/IntegratorImpulse2.xml
3 ms. Memory: 324608K Free: 299193K (92%)
----------------- Invoking toplevel() on ptolemy.moml.MoMLSimpleApplication@3a8cb4d0
----------------- Done invoking toplevel() on ptolemy.moml.MoMLSimpleApplication@3a8cb4d0
reloadAllAccessors: .IntegratorImpulse2

===========================================================================================
----------------- testing Thu May 21 14:21:54 UTC 2020 /home/travis/build/icyphy/ptII/ptolemy/domains/continuous/test/auto/LevelCrossing1.xml
----------------- Instantiating /home/travis/build/icyphy/ptII/ptolemy/domains/continuous/test/auto/LevelCrossing1.xml
2 ms. Memory: 324608K Free: 294073K (91%)
----------------- Invoking toplevel() on ptolemy.moml.MoMLSimpleApplication@394e1bf
----------------- Done invoking toplevel() on ptolemy.moml.MoMLSimpleApplication@394e1bf
reloadAllAccessors: .LevelCrossing1

===========================================================================================
----------------- testing Thu May 21 14:21:54 UTC 2020 /home/travis/build/icyphy/ptII/ptolemy/domains/continuous/test/auto/LevelCrossing2.xml
----------------- Instantiating /home/travis/build/icyphy/ptII/ptolemy/domains/continuous/test/auto/LevelCrossing2.xml
2 ms. Memory: 324608K Free: 288953K (89%)
----------------- Invoking toplevel() on ptolemy.moml.MoMLSimpleApplication@35d6929a
----------------- Done invoking toplevel() on ptolemy.moml.MoMLSimpleApplication@35d6929a
reloadAllAccessors: .LevelCrossing2

===========================================================================================
----------------- testing Thu May 21 14:21:54 UTC 2020 /home/travis/build/icyphy/ptII/ptolemy/domains/continuous/test/auto/LevelCrossing3.xml
----------------- Instantiating /home/travis/build/icyphy/ptII/ptolemy/domains/continuous/test/auto/LevelCrossing3.xml
2 ms. Memory: 324608K Free: 283833K (87%)
----------------- Invoking toplevel() on ptolemy.moml.MoMLSimpleApplication@468a1a52
----------------- Done invoking toplevel() on ptolemy.moml.MoMLSimpleApplication@468a1a52
reloadAllAccessors: .LevelCrossing3

===========================================================================================
----------------- testing Thu May 21 14:21:54 UTC 2020 /home/travis/build/icyphy/ptII/ptolemy/domains/continuous/test/auto/LevelCrossing4.xml
----------------- Instantiating /home/travis/build/icyphy/ptII/ptolemy/domains/continuous/test/auto/LevelCrossing4.xml
3 ms. Memory: 324608K Free: 278713K (86%)
----------------- Invoking toplevel() on ptolemy.moml.MoMLSimpleApplication@60d59fd9
----------------- Done invoking toplevel() on ptolemy.moml.MoMLSimpleApplication@60d59fd9
reloadAllAccessors: .LevelCrossing4

===========================================================================================
----------------- testing Thu May 21 14:21:54 UTC 2020 /home/travis/build/icyphy/ptII/ptolemy/domains/continuous/test/auto/LevelCrossing5.xml
----------------- Instantiating /home/travis/build/icyphy/ptII/ptolemy/domains/continuous/test/auto/LevelCrossing5.xml
3 ms. Memory: 324608K Free: 273593K (84%)
----------------- Invoking toplevel() on ptolemy.moml.MoMLSimpleApplication@db740e
----------------- Done invoking toplevel() on ptolemy.moml.MoMLSimpleApplication@db740e
reloadAllAccessors: .LevelCrossing5

===========================================================================================
[...]
----------------- Instantiating /home/travis/build/icyphy/ptII/ptolemy/domains/continuous/test/auto/SRinContinuous.xml
4 ms. Memory: 324608K Free: 289977K (89%)
----------------- Invoking toplevel() on ptolemy.moml.MoMLSimpleApplication@19c55ca1
----------------- Done invoking toplevel() on ptolemy.moml.MoMLSimpleApplication@19c55ca1
reloadAllAccessors: .SRinContinuous

===========================================================================================
----------------- testing Thu May 21 14:22:09 UTC 2020 /home/travis/build/icyphy/ptII/ptolemy/domains/continuous/test/auto/SampledClocks.xml
----------------- Instantiating /home/travis/build/icyphy/ptII/ptolemy/domains/continuous/test/auto/SampledClocks.xml
6 ms. Memory: 324608K Free: 277179K (85%)
----------------- Invoking toplevel() on ptolemy.moml.MoMLSimpleApplication@16e35aa7
----------------- Done invoking toplevel() on ptolemy.moml.MoMLSimpleApplication@16e35aa7
reloadAllAccessors: .SampledClocks

===========================================================================================
----------------- testing Thu May 21 14:22:09 UTC 2020 /home/travis/build/icyphy/ptII/ptolemy/domains/continuous/test/auto/Satellite.xml
----------------- Instantiating /home/travis/build/icyphy/ptII/ptolemy/domains/continuous/test/auto/Satellite.xml
609 ms. Memory: 324608K Free: 276921K (85%)
----------------- Invoking toplevel() on ptolemy.moml.MoMLSimpleApplication@44e33579
----------------- Done invoking toplevel() on ptolemy.moml.MoMLSimpleApplication@44e33579
reloadAllAccessors: .Satellite

===========================================================================================
----------------- testing Thu May 21 14:22:10 UTC 2020 /home/travis/build/icyphy/ptII/ptolemy/domains/continuous/test/auto/SigmaDelta.xml
----------------- Instantiating /home/travis/build/icyphy/ptII/ptolemy/domains/continuous/test/auto/SigmaDelta.xml
1814 ms. Memory: 324608K Free: 207970K (64%)
----------------- Invoking toplevel() on ptolemy.moml.MoMLSimpleApplication@34071ecd
----------------- Done invoking toplevel() on ptolemy.moml.MoMLSimpleApplication@34071ecd
reloadAllAccessors: .SigmaDelta

===========================================================================================
----------------- testing Thu May 21 14:22:12 UTC 2020 /home/travis/build/icyphy/ptII/ptolemy/domains/continuous/test/auto/SingleRefinement.xml
----------------- Instantiating /home/travis/build/icyphy/ptII/ptolemy/domains/continuous/test/auto/SingleRefinement.xml
286 ms. Memory: 324608K Free: 217678K (67%)
----------------- Invoking toplevel() on ptolemy.moml.MoMLSimpleApplication@3ab23a93
----------------- Done invoking toplevel() on ptolemy.moml.MoMLSimpleApplication@3ab23a93
reloadAllAccessors: .SingleRefinement

===========================================================================================
----------------- testing Thu May 21 14:22:12 UTC 2020 /home/travis/build/icyphy/ptII/ptolemy/domains/continuous/test/auto/SinuBouncingBall.xml
----------------- Instantiating /home/travis/build/icyphy/ptII/ptolemy/domains/continuous/test/auto/SinuBouncingBall.xml
819 ms. Memory: 324608K Free: 195269K (60%)
----------------- Invoking toplevel() on ptolemy.moml.MoMLSimpleApplication@3cf41703
----------------- Done invoking toplevel() on ptolemy.moml.MoMLSimpleApplication@3cf41703
reloadAllAccessors: .SinuBouncingBall

===========================================================================================
----------------- testing Thu May 21 14:22:13 UTC 2020 /home/travis/build/icyphy/ptII/ptolemy/domains/continuous/test/auto/Sinusoid.xml
----------------- Instantiating /home/travis/build/icyphy/ptII/ptolemy/domains/continuous/test/auto/Sinusoid.xml
5 ms. Memory: 324608K Free: 190663K (59%)
----------------- Invoking toplevel() on ptolemy.moml.MoMLSimpleApplication@50c54cf4
----------------- Done invoking toplevel() on ptolemy.moml.MoMLSimpleApplication@50c54cf4
reloadAllAccessors: .Sinusoid

===========================================================================================
----------------- testing Thu May 21 14:22:13 UTC 2020 /home/travis/build/icyphy/ptII/ptolemy/domains/continuous/test/auto/SinusoidInNoise.xml
----------------- Instantiating /home/travis/build/icyphy/ptII/ptolemy/domains/continuous/test/auto/SinusoidInNoise.xml
820 ms. Memory: 324608K Free: 247222K (76%)
----------------- Invoking toplevel() on ptolemy.moml.MoMLSimpleApplication@4888c6e8
----------------- Done invoking toplevel() on ptolemy.moml.MoMLSimpleApplication@4888c6e8
reloadAllAccessors: .SinusoidInNoise

===========================================================================================
----------------- testing Thu May 21 14:22:14 UTC 2020 /home/travis/build/icyphy/ptII/ptolemy/domains/continuous/test/auto/SinusoidRK45.xml
----------------- Instantiating /home/travis/build/icyphy/ptII/ptolemy/domains/continuous/test/auto/SinusoidRK45.xml
2 ms. Memory: 324608K Free: 242616K (75%)
----------------- Invoking toplevel() on ptolemy.moml.MoMLSimpleApplication@356eaf79
----------------- Done invoking toplevel() on ptolemy.moml.MoMLSimpleApplication@356eaf79
reloadAllAccessors: .SinusoidRK45

===========================================================================================
----------------- testing Thu May 21 14:22:14 UTC 2020 /home/travis/build/icyphy/ptII/ptolemy/domains/continuous/test/auto/SinusoidWithMultipleImpulses.xml
----------------- Instantiating /home/travis/build/icyphy/ptII/ptolemy/domains/continuous/test/auto/SinusoidWithMultipleImpulses.xml
2 ms. Memory: 324608K Free: 238006K (73%)
----------------- Invoking toplevel() on ptolemy.moml.MoMLSimpleApplication@1c87486
----------------- Done invoking toplevel() on ptolemy.moml.MoMLSimpleApplication@1c87486
reloadAllAccessors: .SinusoidWithMultipleImpulses

===========================================================================================
----------------- testing Thu May 21 14:22:14 UTC 2020 /home/travis/build/icyphy/ptII/ptolemy/domains/continuous/test/auto/SquareWave.xml
----------------- Instantiating /home/travis/build/icyphy/ptII/ptolemy/domains/continuous/test/auto/SquareWave.xml
140 ms. Memory: 324608K Free: 210872K (65%)
----------------- Invoking toplevel() on ptolemy.moml.MoMLSimpleApplication@334268f3
----------------- Done invoking toplevel() on ptolemy.moml.MoMLSimpleApplication@334268f3
reloadAllAccessors: .SquareWave

===========================================================================================
----------------- testing Thu May 21 14:22:14 UTC 2020 /home/travis/build/icyphy/ptII/ptolemy/domains/continuous/test/auto/Starmac.xml
----------------- Instantiating /home/travis/build/icyphy/ptII/ptolemy/domains/continuous/test/auto/Starmac.xml
3061 ms. Memory: 324608K Free: 278731K (86%)
----------------- Invoking toplevel() on ptolemy.moml.MoMLSimpleApplication@80f23e9
----------------- Done invoking toplevel() on ptolemy.moml.MoMLSimpleApplication@80f23e9
reloadAllAccessors: .Starmac

===========================================================================================
----------------- testing Thu May 21 14:22:18 UTC 2020 /home/travis/build/icyphy/ptII/ptolemy/domains/continuous/test/auto/StaticUnits.xml
----------------- Instantiating /home/travis/build/icyphy/ptII/ptolemy/domains/continuous/test/auto/StaticUnits.xml
1724 ms. Memory: 324608K Free: 197520K (61%)
----------------- Invoking toplevel() on ptolemy.moml.MoMLSimpleApplication@31fe7e80
----------------- Done invoking toplevel() on ptolemy.moml.MoMLSimpleApplication@31fe7e80
reloadAllAccessors: .StaticUnits

===========================================================================================
----------------- testing Thu May 21 14:22:20 UTC 2020 /home/travis/build/icyphy/ptII/ptolemy/domains/continuous/test/auto/StickyMasses.xml
----------------- Instantiating /home/travis/build/icyphy/ptII/ptolemy/domains/continuous/test/auto/StickyMasses.xml
126 ms. Memory: 324608K Free: 147858K (46%)
----------------- Invoking toplevel() on ptolemy.moml.MoMLSimpleApplication@4b31b7d
----------------- Done invoking toplevel() on ptolemy.moml.MoMLSimpleApplication@4b31b7d
reloadAllAccessors: .StickyMasses

===========================================================================================
----------------- testing Thu May 21 14:22:20 UTC 2020 /home/travis/build/icyphy/ptII/ptolemy/domains/continuous/test/auto/StopTime.xml
----------------- Instantiating /home/travis/build/icyphy/ptII/ptolemy/domains/continuous/test/auto/StopTime.xml
41 ms. Memory: 324608K Free: 122258K (38%)
----------------- Invoking toplevel() on ptolemy.moml.MoMLSimpleApplication@429487ca
----------------- Done invoking toplevel() on ptolemy.moml.MoMLSimpleApplication@429487ca
reloadAllAccessors: .StopTime

===========================================================================================
----------------- testing Thu May 21 14:22:20 UTC 2020 /home/travis/build/icyphy/ptII/ptolemy/domains/continuous/test/auto/StopTime2.xml
----------------- Instantiating /home/travis/build/icyphy/ptII/ptolemy/domains/continuous/test/auto/StopTime2.xml
52 ms. Memory: 324608K Free: 289757K (89%)
----------------- Invoking toplevel() on ptolemy.moml.MoMLSimpleApplication@25d87bd5
----------------- Done invoking toplevel() on ptolemy.moml.MoMLSimpleApplication@25d87bd5
reloadAllAccessors: .StopTime2

===========================================================================================
----------------- testing Thu May 21 14:22:20 UTC 2020 /home/travis/build/icyphy/ptII/ptolemy/domains/continuous/test/auto/Switch.xml
----------------- Instantiating /home/travis/build/icyphy/ptII/ptolemy/domains/continuous/test/auto/Switch.xml
37 ms. Memory: 324608K Free: 264685K (82%)
----------------- Invoking toplevel() on ptolemy.moml.MoMLSimpleApplication@5dfddd42
----------------- Done invoking toplevel() on ptolemy.moml.MoMLSimpleApplication@5dfddd42
reloadAllAccessors: .Switch

===========================================================================================
----------------- testing Thu May 21 14:22:20 UTC 2020 /home/travis/build/icyphy/ptII/ptolemy/domains/continuous/test/auto/Thermostat.xml
----------------- Instantiating /home/travis/build/icyphy/ptII/ptolemy/domains/continuous/test/auto/Thermostat.xml
170 ms. Memory: 324608K Free: 192461K (59%)
----------------- Invoking toplevel() on ptolemy.moml.MoMLSimpleApplication@55e78005
----------------- Done invoking toplevel() on ptolemy.moml.MoMLSimpleApplication@55e78005
reloadAllAccessors: .Thermostat

===========================================================================================
----------------- testing Thu May 21 14:22:20 UTC 2020 /home/travis/build/icyphy/ptII/ptolemy/domains/continuous/test/auto/TimeDelay.xml
----------------- Instantiating /home/travis/build/icyphy/ptII/ptolemy/domains/continuous/test/auto/TimeDelay.xml
4 ms. Memory: 324608K Free: 187885K (58%)
----------------- Invoking toplevel() on ptolemy.moml.MoMLSimpleApplication@3b1caf4
----------------- Done invoking toplevel() on ptolemy.moml.MoMLSimpleApplication@3b1caf4
reloadAllAccessors: .TimeDelay

===========================================================================================
----------------- testing Thu May 21 14:22:20 UTC 2020 /home/travis/build/icyphy/ptII/ptolemy/domains/continuous/test/auto/TimeDelay2.xml
----------------- Instantiating /home/travis/build/icyphy/ptII/ptolemy/domains/continuous/test/auto/TimeDelay2.xml
9 ms. Memory: 324608K Free: 178155K (55%)
----------------- Invoking toplevel() on ptolemy.moml.MoMLSimpleApplication@75aaf8a2
----------------- Done invoking toplevel() on ptolemy.moml.MoMLSimpleApplication@75aaf8a2
reloadAllAccessors: .TimeDelay2

===========================================================================================
----------------- testing Thu May 21 14:22:20 UTC 2020 /home/travis/build/icyphy/ptII/ptolemy/domains/continuous/test/auto/TimeDelay3.xml
----------------- Instantiating /home/travis/build/icyphy/ptII/ptolemy/domains/continuous/test/auto/TimeDelay3.xml
4 ms. Memory: 324608K Free: 173547K (53%)
----------------- Invoking toplevel() on ptolemy.moml.MoMLSimpleApplication@137fa92b
----------------- Done invoking toplevel() on ptolemy.moml.MoMLSimpleApplication@137fa92b
reloadAllAccessors: .TimeDelay3

===========================================================================================
----------------- testing Thu May 21 14:22:20 UTC 2020 /home/travis/build/icyphy/ptII/ptolemy/domains/continuous/test/auto/TransferAbsentToInside.xml
----------------- Instantiating /home/travis/build/icyphy/ptII/ptolemy/domains/continuous/test/auto/TransferAbsentToInside.xml
23 ms. Memory: 324608K Free: 120301K (37%)
----------------- Invoking toplevel() on ptolemy.moml.MoMLSimpleApplication@783cf9fc
----------------- Done invoking toplevel() on ptolemy.moml.MoMLSimpleApplication@783cf9fc
reloadAllAccessors: .TransferAbsentToInside

===========================================================================================
----------------- testing Thu May 21 14:22:21 UTC 2020 /home/travis/build/icyphy/ptII/ptolemy/domains/continuous/test/auto/Transmission.xml
----------------- Instantiating /home/travis/build/icyphy/ptII/ptolemy/domains/continuous/test/auto/Transmission.xml
720 ms. Memory: 390144K Free: 332094K (85%)
----------------- Invoking toplevel() on ptolemy.moml.MoMLSimpleApplication@3ac0a928
----------------- Done invoking toplevel() on ptolemy.moml.MoMLSimpleApplication@3ac0a928
reloadAllAccessors: .Transmission

===========================================================================================
----------------- testing Thu May 21 14:22:21 UTC 2020 /home/travis/build/icyphy/ptII/ptolemy/domains/continuous/test/auto/TriggeredContinuousClock.xml
----------------- Instantiating /home/travis/build/icyphy/ptII/ptolemy/domains/continuous/test/auto/TriggeredContinuousClock.xml
44 ms. Memory: 390144K Free: 302398K (78%)
----------------- Invoking toplevel() on ptolemy.moml.MoMLSimpleApplication@12905567
----------------- Done invoking toplevel() on ptolemy.moml.MoMLSimpleApplication@12905567
reloadAllAccessors: .TriggeredContinuousClock

===========================================================================================
----------------- testing Thu May 21 14:22:21 UTC 2020 /home/travis/build/icyphy/ptII/ptolemy/domains/continuous/test/auto/TwoMachineInfiniteBusControl.xml
----------------- Instantiating /home/travis/build/icyphy/ptII/ptolemy/domains/continuous/test/auto/TwoMachineInfiniteBusControl.xml
2174 ms. Memory: 390144K Free: 189887K (49%)
----------------- Invoking toplevel() on ptolemy.moml.MoMLSimpleApplication@147844f3
----------------- Done invoking toplevel() on ptolemy.moml.MoMLSimpleApplication@147844f3
reloadAllAccessors: .TwoMachineInfiniteBusControl

===========================================================================================
----------------- testing Thu May 21 14:22:24 UTC 2020 /home/travis/build/icyphy/ptII/ptolemy/domains/continuous/test/auto/V2V.xml
----------------- Instantiating /home/travis/build/icyphy/ptII/ptolemy/domains/continuous/test/auto/V2V.xml
696 ms. Memory: 390144K Free: 230323K (59%)
----------------- Invoking toplevel() on ptolemy.moml.MoMLSimpleApplication@b768110
----------------- Done invoking toplevel() on ptolemy.moml.MoMLSimpleApplication@b768110
reloadAllAccessors: .V2V

===========================================================================================
----------------- testing Thu May 21 14:22:24 UTC 2020 /home/travis/build/icyphy/ptII/ptolemy/domains/continuous/test/auto/hierarchicalModalModel.xml
----------------- Instantiating /home/travis/build/icyphy/ptII/ptolemy/domains/continuous/test/auto/hierarchicalModalModel.xml
7 ms. Memory: 390144K Free: 215987K (55%)
----------------- Invoking toplevel() on ptolemy.moml.MoMLSimpleApplication@2f11ee63
----------------- Done invoking toplevel() on ptolemy.moml.MoMLSimpleApplication@2f11ee63
reloadAllAccessors: .hierarchicalModalModel

===========================================================================================
----------------- testing Thu May 21 14:22:25 UTC 2020 /home/travis/build/icyphy/ptII/ptolemy/domains/continuous/test/auto/hierarchicalModalModel1.xml
----------------- Instantiating /home/travis/build/icyphy/ptII/ptolemy/domains/continuous/test/auto/hierarchicalModalModel1.xml
6 ms. Memory: 390144K Free: 201651K (52%)
----------------- Invoking toplevel() on ptolemy.moml.MoMLSimpleApplication@736eba2e
----------------- Done invoking toplevel() on ptolemy.moml.MoMLSimpleApplication@736eba2e
reloadAllAccessors: .hierarchicalModalModel1

===========================================================================================
----------------- testing Thu May 21 14:22:25 UTC 2020 /home/travis/build/icyphy/ptII/ptolemy/domains/continuous/test/auto/hierarchicalModalModel2.xml
----------------- Instantiating /home/travis/build/icyphy/ptII/ptolemy/domains/continuous/test/auto/hierarchicalModalModel2.xml
5 ms. Memory: 390144K Free: 189363K (49%)
----------------- Invoking toplevel() on ptolemy.moml.MoMLSimpleApplication@c1409f7
----------------- Done invoking toplevel() on ptolemy.moml.MoMLSimpleApplication@c1409f7
reloadAllAccessors: .hierarchicalModalModel2

===========================================================================================
----------------- testing Thu May 21 14:22:25 UTC 2020 /home/travis/build/icyphy/ptII/ptolemy/domains/continuous/test/auto/hierarchicalModalModel3.xml
----------------- Instantiating /home/travis/build/icyphy/ptII/ptolemy/domains/continuous/test/auto/hierarchicalModalModel3.xml
5 ms. Memory: 390144K Free: 178609K (46%)
----------------- Invoking toplevel() on ptolemy.moml.MoMLSimpleApplication@1bffa744
----------------- Done invoking toplevel() on ptolemy.moml.MoMLSimpleApplication@1bffa744
reloadAllAccessors: .hierarchicalModalModel3

===========================================================================================
----------------- testing Thu May 21 14:22:25 UTC 2020 /home/travis/build/icyphy/ptII/ptolemy/domains/continuous/test/auto/hierarchicalModalModel4.xml
----------------- Instantiating /home/travis/build/icyphy/ptII/ptolemy/domains/continuous/test/auto/hierarchicalModalModel4.xml
11 ms. Memory: 390144K Free: 166835K (43%)
----------------- Invoking toplevel() on ptolemy.moml.MoMLSimpleApplication@24a0db3b
----------------- Done invoking toplevel() on ptolemy.moml.MoMLSimpleApplication@24a0db3b
reloadAllAccessors: .hierarchicalModalModel4

===========================================================================================
----------------- testing Thu May 21 14:22:25 UTC 2020 /home/travis/build/icyphy/ptII/ptolemy/domains/continuous/test/auto/junk.xml
----------------- Instantiating /home/travis/build/icyphy/ptII/ptolemy/domains/continuous/test/auto/junk.xml
109 ms. Memory: 390144K Free: 141235K (36%)
----------------- Invoking toplevel() on ptolemy.moml.MoMLSimpleApplication@7d7b6aed
----------------- Done invoking toplevel() on ptolemy.moml.MoMLSimpleApplication@7d7b6aed
reloadAllAccessors: .junk
AutoTests.java: About to close Vertx.
AutoTests.java: Vertx closed.
]]></system-out>
  <system-err><![CDATA[Warning: '.HysteresisWithRandomDelay.NonStrictTest' The test produced only 221 tokens, yet the correctValues parameter was expecting 222 tokens.
Warning: '.HysteresisWithRandomDelay.NonStrictTest2' The test produced only 220 tokens, yet the correctValues parameter was expecting 221 tokens.
Warning: '.HysteresisWithRandomDelay.NonStrictTest3' The test produced only 17 tokens, yet the correctValues parameter was expecting 30 tokens.
Warning: '.Poisson.NonStrictTest' The test produced only 381 tokens, yet the correctValues parameter was expecting 430 tokens.
]]></system-err>
</testsuite>
