<?xml version="1.0" encoding="UTF-8" ?>
<testsuite errors="0" failures="0" hostname="travis-job-408ebfcf-e453-4623-8761-b0ab40f29891" name="ptolemy.domains.de.test.junit.JUnitTclTest" skipped="0" tests="101" time="118.546" timestamp="2020-03-04T07:05:03">
  <properties>
[...]
</properties>
  <testcase classname="ptolemy.util.test.junit.TclTests" name="[0] /home/travis/build/icyphy/ptII/ptolemy/domains/de/test/DependencyLoop.tcl (RunTclFile)" time="0.944" />
  <testcase classname="ptolemy.util.test.junit.TclTests" name="[1] /home/travis/build/icyphy/ptII/ptolemy/domains/de/test/RunDETestsAsQSS.tcl (RunTclFile)" time="79.888" />
  <testcase classname="ptolemy.util.test.junit.AutoKnownFailedTests" name="[0] /home/travis/build/icyphy/ptII/ptolemy/domains/de/test/auto/knownFailedTests/DESDFClockTest.xml (RunModel)" time="2.057" />
  <testcase classname="ptolemy.util.test.junit.AutoKnownFailedTests" name="[1] /home/travis/build/icyphy/ptII/ptolemy/domains/de/test/auto/knownFailedTests/DirectFeedback.xml (RunModel)" time="0.014" />
  <testcase classname="ptolemy.util.test.junit.AutoKnownFailedTests" name="[2] /home/travis/build/icyphy/ptII/ptolemy/domains/de/test/auto/knownFailedTests/FSMSource.xml (RunModel)" time="0.024" />
  <testcase classname="ptolemy.util.test.junit.AutoKnownFailedTests" name="[3] /home/travis/build/icyphy/ptII/ptolemy/domains/de/test/auto/knownFailedTests/HierarchicalModel.xml (RunModel)" time="0.037" />
  <testcase classname="ptolemy.util.test.junit.AutoKnownFailedTests" name="[4] /home/travis/build/icyphy/ptII/ptolemy/domains/de/test/auto/knownFailedTests/dependencyLoop.xml (RunModel)" time="0.035" />
  <testcase classname="ptolemy.util.test.junit.AutoKnownFailedTests" name="[5] /home/travis/build/icyphy/ptII/ptolemy/domains/de/test/auto/knownFailedTests/dependencyLoop2.xml (RunModel)" time="0.04" />
  <testcase classname="ptolemy.util.test.junit.AutoNameArchTests" name="[0] ThereAreNoAutoArchTests (RunModel)" time="0.002" />
  <testcase classname="ptolemy.util.test.junit.AutoTests" name="[0] /home/travis/build/icyphy/ptII/ptolemy/domains/de/test/auto/ActorDepthCalculation_actorWithoutPorts.xml (RunModel)" time="0.019" />
  <testcase classname="ptolemy.util.test.junit.AutoTests" name="[1] /home/travis/build/icyphy/ptII/ptolemy/domains/de/test/auto/AssemblyLine.xml (RunModel)" time="0.016" />
  <testcase classname="ptolemy.util.test.junit.AutoTests" name="[2] /home/travis/build/icyphy/ptII/ptolemy/domains/de/test/auto/CQBug1.xml (RunModel)" time="0.011" />
  <testcase classname="ptolemy.util.test.junit.AutoTests" name="[3] /home/travis/build/icyphy/ptII/ptolemy/domains/de/test/auto/CancelFireAt.xml (RunModel)" time="0.01" />
  <testcase classname="ptolemy.util.test.junit.AutoTests" name="[4] /home/travis/build/icyphy/ptII/ptolemy/domains/de/test/auto/CausalityAndComposabilityAnalysis.xml (RunModel)" time="0.009" />
  <testcase classname="ptolemy.util.test.junit.AutoTests" name="[5] /home/travis/build/icyphy/ptII/ptolemy/domains/de/test/auto/CausalityInterface1.xml (RunModel)" time="0.013" />
  <testcase classname="ptolemy.util.test.junit.AutoTests" name="[6] /home/travis/build/icyphy/ptII/ptolemy/domains/de/test/auto/CausalityInterface15.xml (RunModel)" time="0.013" />
  <testcase classname="ptolemy.util.test.junit.AutoTests" name="[7] /home/travis/build/icyphy/ptII/ptolemy/domains/de/test/auto/CausalityInterface2.xml (RunModel)" time="0.01" />
  <testcase classname="ptolemy.util.test.junit.AutoTests" name="[8] /home/travis/build/icyphy/ptII/ptolemy/domains/de/test/auto/CausalityInterface3.xml (RunModel)" time="0.014" />
  <testcase classname="ptolemy.util.test.junit.AutoTests" name="[9] /home/travis/build/icyphy/ptII/ptolemy/domains/de/test/auto/ClockDrift.xml (RunModel)" time="0.032" />
  <testcase classname="ptolemy.util.test.junit.AutoTests" name="[10] /home/travis/build/icyphy/ptII/ptolemy/domains/de/test/auto/ClockDriftAndValueChange.xml (RunModel)" time="0.027" />
  <testcase classname="ptolemy.util.test.junit.AutoTests" name="[11] /home/travis/build/icyphy/ptII/ptolemy/domains/de/test/auto/ClockDriftChange.xml (RunModel)" time="0.027" />
  <testcase classname="ptolemy.util.test.junit.AutoTests" name="[12] /home/travis/build/icyphy/ptII/ptolemy/domains/de/test/auto/ComposableCausalityAnalysis.xml (RunModel)" time="0.012" />
  <testcase classname="ptolemy.util.test.junit.AutoTests" name="[13] /home/travis/build/icyphy/ptII/ptolemy/domains/de/test/auto/DEFixedPointLimitation.xml (RunModel)" time="0.008" />
  <testcase classname="ptolemy.util.test.junit.AutoTests" name="[14] /home/travis/build/icyphy/ptII/ptolemy/domains/de/test/auto/DEScheduleTest.xml (RunModel)" time="0.013" />
  <testcase classname="ptolemy.util.test.junit.AutoTests" name="[15] /home/travis/build/icyphy/ptII/ptolemy/domains/de/test/auto/DEinDEwithStartTimes.xml (RunModel)" time="0.012" />
  <testcase classname="ptolemy.util.test.junit.AutoTests" name="[16] /home/travis/build/icyphy/ptII/ptolemy/domains/de/test/auto/DEinDEwithStartTimes2.xml (RunModel)" time="0.018" />
  <testcase classname="ptolemy.util.test.junit.AutoTests" name="[17] /home/travis/build/icyphy/ptII/ptolemy/domains/de/test/auto/DateDemo.xml (RunModel)" time="0.036" />
  <testcase classname="ptolemy.util.test.junit.AutoTests" name="[18] /home/travis/build/icyphy/ptII/ptolemy/domains/de/test/auto/DateToEvent.xml (RunModel)" time="2.039" />
  <testcase classname="ptolemy.util.test.junit.AutoTests" name="[19] /home/travis/build/icyphy/ptII/ptolemy/domains/de/test/auto/DepthTest1.xml (RunModel)" time="0.01" />
  <testcase classname="ptolemy.util.test.junit.AutoTests" name="[20] /home/travis/build/icyphy/ptII/ptolemy/domains/de/test/auto/DepthTest2.xml (RunModel)" time="0.016" />
  <testcase classname="ptolemy.util.test.junit.AutoTests" name="[21] /home/travis/build/icyphy/ptII/ptolemy/domains/de/test/auto/DepthTest3.xml (RunModel)" time="0.007" />
  <testcase classname="ptolemy.util.test.junit.AutoTests" name="[22] /home/travis/build/icyphy/ptII/ptolemy/domains/de/test/auto/DepthTest4.xml (RunModel)" time="0.016" />
  <testcase classname="ptolemy.util.test.junit.AutoTests" name="[23] /home/travis/build/icyphy/ptII/ptolemy/domains/de/test/auto/DepthTest5.xml (RunModel)" time="0.013" />
  <testcase classname="ptolemy.util.test.junit.AutoTests" name="[24] /home/travis/build/icyphy/ptII/ptolemy/domains/de/test/auto/DepthTest6.xml (RunModel)" time="0.012" />
  <testcase classname="ptolemy.util.test.junit.AutoTests" name="[25] /home/travis/build/icyphy/ptII/ptolemy/domains/de/test/auto/DepthTest7.xml (RunModel)" time="0.009" />
  <testcase classname="ptolemy.util.test.junit.AutoTests" name="[26] /home/travis/build/icyphy/ptII/ptolemy/domains/de/test/auto/EventToDate.xml (RunModel)" time="3.043" />
  <testcase classname="ptolemy.util.test.junit.AutoTests" name="[27] /home/travis/build/icyphy/ptII/ptolemy/domains/de/test/auto/FSM1.xml (RunModel)" time="0.057" />
  <testcase classname="ptolemy.util.test.junit.AutoTests" name="[28] /home/travis/build/icyphy/ptII/ptolemy/domains/de/test/auto/FSM7.xml (RunModel)" time="0.029" />
  <testcase classname="ptolemy.util.test.junit.AutoTests" name="[29] /home/travis/build/icyphy/ptII/ptolemy/domains/de/test/auto/Inspection.xml (RunModel)" time="0.037" />
  <testcase classname="ptolemy.util.test.junit.AutoTests" name="[30] /home/travis/build/icyphy/ptII/ptolemy/domains/de/test/auto/Iteration.xml (RunModel)" time="0.02" />
  <testcase classname="ptolemy.util.test.junit.AutoTests" name="[31] /home/travis/build/icyphy/ptII/ptolemy/domains/de/test/auto/LineFault.xml (RunModel)" time="0.5" />
  <testcase classname="ptolemy.util.test.junit.AutoTests" name="[32] /home/travis/build/icyphy/ptII/ptolemy/domains/de/test/auto/MergeModel1Add.xml (RunModel)" time="0.042" />
  <testcase classname="ptolemy.util.test.junit.AutoTests" name="[33] /home/travis/build/icyphy/ptII/ptolemy/domains/de/test/auto/MergeModel2Add.xml (RunModel)" time="0.035" />
  <testcase classname="ptolemy.util.test.junit.AutoTests" name="[34] /home/travis/build/icyphy/ptII/ptolemy/domains/de/test/auto/MergeModel3Add.xml (RunModel)" time="0.041" />
  <testcase classname="ptolemy.util.test.junit.AutoTests" name="[35] /home/travis/build/icyphy/ptII/ptolemy/domains/de/test/auto/MergeWithoutDiscard.xml (RunModel)" time="0.012" />
  <testcase classname="ptolemy.util.test.junit.AutoTests" name="[36] /home/travis/build/icyphy/ptII/ptolemy/domains/de/test/auto/Modal1.xml (RunModel)" time="0.026" />
  <testcase classname="ptolemy.util.test.junit.AutoTests" name="[37] /home/travis/build/icyphy/ptII/ptolemy/domains/de/test/auto/Modal2.xml (RunModel)" time="0.032" />
  <testcase classname="ptolemy.util.test.junit.AutoTests" name="[38] /home/travis/build/icyphy/ptII/ptolemy/domains/de/test/auto/Modal3.xml (RunModel)" time="0.024" />
  <testcase classname="ptolemy.util.test.junit.AutoTests" name="[39] /home/travis/build/icyphy/ptII/ptolemy/domains/de/test/auto/Modal4.xml (RunModel)" time="0.025" />
  <testcase classname="ptolemy.util.test.junit.AutoTests" name="[40] /home/travis/build/icyphy/ptII/ptolemy/domains/de/test/auto/Modal5.xml (RunModel)" time="0.024" />
  <testcase classname="ptolemy.util.test.junit.AutoTests" name="[41] /home/travis/build/icyphy/ptII/ptolemy/domains/de/test/auto/Modal6.xml (RunModel)" time="0.027" />
  <testcase classname="ptolemy.util.test.junit.AutoTests" name="[42] /home/travis/build/icyphy/ptII/ptolemy/domains/de/test/auto/Modal7.xml (RunModel)" time="0.025" />
  <testcase classname="ptolemy.util.test.junit.AutoTests" name="[43] /home/travis/build/icyphy/ptII/ptolemy/domains/de/test/auto/ModalModel.xml (RunModel)" time="0.166" />
  <testcase classname="ptolemy.util.test.junit.AutoTests" name="[44] /home/travis/build/icyphy/ptII/ptolemy/domains/de/test/auto/ModalSource.xml (RunModel)" time="0.016" />
  <testcase classname="ptolemy.util.test.junit.AutoTests" name="[45] /home/travis/build/icyphy/ptII/ptolemy/domains/de/test/auto/NonInterruptibleTimerZeroDelay.xml (RunModel)" time="0.007" />
  <testcase classname="ptolemy.util.test.junit.AutoTests" name="[46] /home/travis/build/icyphy/ptII/ptolemy/domains/de/test/auto/OpenQueueingNetwork.xml (RunModel)" time="2.195" />
  <testcase classname="ptolemy.util.test.junit.AutoTests" name="[47] /home/travis/build/icyphy/ptII/ptolemy/domains/de/test/auto/OpenQueuingNetwork.xml (RunModel)" time="0.239" />
  <testcase classname="ptolemy.util.test.junit.AutoTests" name="[48] /home/travis/build/icyphy/ptII/ptolemy/domains/de/test/auto/PeriodicSampler.xml (RunModel)" time="0.01" />
  <testcase classname="ptolemy.util.test.junit.AutoTests" name="[49] /home/travis/build/icyphy/ptII/ptolemy/domains/de/test/auto/PersistentIO.xml (RunModel)" time="0.017" />
  <testcase classname="ptolemy.util.test.junit.AutoTests" name="[50] /home/travis/build/icyphy/ptII/ptolemy/domains/de/test/auto/PortParameterResetOnInitialize.xml (RunModel)" time="0.007" />
  <testcase classname="ptolemy.util.test.junit.AutoTests" name="[51] /home/travis/build/icyphy/ptII/ptolemy/domains/de/test/auto/PortParameterUpdates.xml (RunModel)" time="0.01" />
  <testcase classname="ptolemy.util.test.junit.AutoTests" name="[52] /home/travis/build/icyphy/ptII/ptolemy/domains/de/test/auto/QueueAndServer.xml (RunModel)" time="0.016" />
  <testcase classname="ptolemy.util.test.junit.AutoTests" name="[53] /home/travis/build/icyphy/ptII/ptolemy/domains/de/test/auto/Records.xml (RunModel)" time="0.018" />
  <testcase classname="ptolemy.util.test.junit.AutoTests" name="[54] /home/travis/build/icyphy/ptII/ptolemy/domains/de/test/auto/ResetTransitionWithStartTime1.xml (RunModel)" time="0.016" />
  <testcase classname="ptolemy.util.test.junit.AutoTests" name="[55] /home/travis/build/icyphy/ptII/ptolemy/domains/de/test/auto/ResetTransitionWithStartTime2.xml (RunModel)" time="0.02" />
  <testcase classname="ptolemy.util.test.junit.AutoTests" name="[56] /home/travis/build/icyphy/ptII/ptolemy/domains/de/test/auto/ResetTransitionWithStartTime3.xml (RunModel)" time="0.019" />
  <testcase classname="ptolemy.util.test.junit.AutoTests" name="[57] /home/travis/build/icyphy/ptII/ptolemy/domains/de/test/auto/ResetTransitionWithStartTime4.xml (RunModel)" time="0.023" />
  <testcase classname="ptolemy.util.test.junit.AutoTests" name="[58] /home/travis/build/icyphy/ptII/ptolemy/domains/de/test/auto/ResettableTimer1.xml (RunModel)" time="0.011" />
  <testcase classname="ptolemy.util.test.junit.AutoTests" name="[59] /home/travis/build/icyphy/ptII/ptolemy/domains/de/test/auto/ResettableTimer2.xml (RunModel)" time="0.011" />
  <testcase classname="ptolemy.util.test.junit.AutoTests" name="[60] /home/travis/build/icyphy/ptII/ptolemy/domains/de/test/auto/ResettableTimer3.xml (RunModel)" time="0.01" />
  <testcase classname="ptolemy.util.test.junit.AutoTests" name="[61] /home/travis/build/icyphy/ptII/ptolemy/domains/de/test/auto/ResettableTimer4.xml (RunModel)" time="0.009" />
  <testcase classname="ptolemy.util.test.junit.AutoTests" name="[62] /home/travis/build/icyphy/ptII/ptolemy/domains/de/test/auto/ResettableTimer5.xml (RunModel)" time="0.01" />
  <testcase classname="ptolemy.util.test.junit.AutoTests" name="[63] /home/travis/build/icyphy/ptII/ptolemy/domains/de/test/auto/ResettableTimer6.xml (RunModel)" time="0.015" />
  <testcase classname="ptolemy.util.test.junit.AutoTests" name="[64] /home/travis/build/icyphy/ptII/ptolemy/domains/de/test/auto/ServerZeroDelay.xml (RunModel)" time="0.008" />
  <testcase classname="ptolemy.util.test.junit.AutoTests" name="[65] /home/travis/build/icyphy/ptII/ptolemy/domains/de/test/auto/SmartSender.xml (RunModel)" time="3.007" />
  <testcase classname="ptolemy.util.test.junit.AutoTests" name="[66] /home/travis/build/icyphy/ptII/ptolemy/domains/de/test/auto/ThreadedComposite.xml (RunModel)" time="0.118" />
  <testcase classname="ptolemy.util.test.junit.AutoTests" name="[67] /home/travis/build/icyphy/ptII/ptolemy/domains/de/test/auto/Time.xml (RunModel)" time="0.362" />
  <testcase classname="ptolemy.util.test.junit.AutoTests" name="[68] /home/travis/build/icyphy/ptII/ptolemy/domains/de/test/auto/TimeDelayZeroDelay.xml (RunModel)" time="0.013" />
  <testcase classname="ptolemy.util.test.junit.AutoTests" name="[69] /home/travis/build/icyphy/ptII/ptolemy/domains/de/test/auto/TimerZeroDelay.xml (RunModel)" time="0.008" />
  <testcase classname="ptolemy.util.test.junit.AutoTests" name="[70] /home/travis/build/icyphy/ptII/ptolemy/domains/de/test/auto/TimingParadox.xml (RunModel)" time="0.283" />
  <testcase classname="ptolemy.util.test.junit.AutoTests" name="[71] /home/travis/build/icyphy/ptII/ptolemy/domains/de/test/auto/TransferInputs.xml (RunModel)" time="0.008" />
  <testcase classname="ptolemy.util.test.junit.AutoTests" name="[72] /home/travis/build/icyphy/ptII/ptolemy/domains/de/test/auto/TransferOutputs2.xml (RunModel)" time="0.012" />
  <testcase classname="ptolemy.util.test.junit.AutoTests" name="[73] /home/travis/build/icyphy/ptII/ptolemy/domains/de/test/auto/Trilateration.xml (RunModel)" time="10.077" />
  <testcase classname="ptolemy.util.test.junit.AutoTests" name="[74] /home/travis/build/icyphy/ptII/ptolemy/domains/de/test/auto/TwoSigmaDelta.xml (RunModel)" time="1.763" />
  <testcase classname="ptolemy.util.test.junit.AutoTests" name="[75] /home/travis/build/icyphy/ptII/ptolemy/domains/de/test/auto/VariableDelay.xml (RunModel)" time="0.018" />
  <testcase classname="ptolemy.util.test.junit.AutoTests" name="[76] /home/travis/build/icyphy/ptII/ptolemy/domains/de/test/auto/VariableDelay2.xml (RunModel)" time="0.008" />
  <testcase classname="ptolemy.util.test.junit.AutoTests" name="[77] /home/travis/build/icyphy/ptII/ptolemy/domains/de/test/auto/VariableDelayZeroDelay.xml (RunModel)" time="0.013" />
  <testcase classname="ptolemy.util.test.junit.AutoTests" name="[78] /home/travis/build/icyphy/ptII/ptolemy/domains/de/test/auto/VariableDelayZeroDelay2.xml (RunModel)" time="0.008" />
  <testcase classname="ptolemy.util.test.junit.AutoTests" name="[79] /home/travis/build/icyphy/ptII/ptolemy/domains/de/test/auto/deInCt.xml (RunModel)" time="0.012" />
  <testcase classname="ptolemy.util.test.junit.AutoTests" name="[80] /home/travis/build/icyphy/ptII/ptolemy/domains/de/test/auto/deInCt2.xml (RunModel)" time="0.012" />
  <testcase classname="ptolemy.util.test.junit.AutoTests" name="[81] /home/travis/build/icyphy/ptII/ptolemy/domains/de/test/auto/dynamicCausalityInterface1.xml (RunModel)" time="0.013" />
  <testcase classname="ptolemy.util.test.junit.AutoTests" name="[82] /home/travis/build/icyphy/ptII/ptolemy/domains/de/test/auto/fsm_de_test.xml (RunModel)" time="0.022" />
  <testcase classname="ptolemy.util.test.junit.AutoTests" name="[83] /home/travis/build/icyphy/ptII/ptolemy/domains/de/test/auto/functionDependencyReconstruction.xml (RunModel)" time="0.024" />
  <testcase classname="ptolemy.util.test.junit.AutoTests" name="[84] /home/travis/build/icyphy/ptII/ptolemy/domains/de/test/auto/multirate.xml (RunModel)" time="0.021" />
  <testcase classname="ptolemy.util.test.junit.AutoTests" name="[85] /home/travis/build/icyphy/ptII/ptolemy/domains/de/test/auto/multirate2.xml (RunModel)" time="0.011" />
  <testcase classname="ptolemy.util.test.junit.AutoTests" name="[86] /home/travis/build/icyphy/ptII/ptolemy/domains/de/test/auto/realtime.xml (RunModel)" time="10.016" />
  <testcase classname="ptolemy.util.test.junit.AutoTests" name="[87] /home/travis/build/icyphy/ptII/ptolemy/domains/de/test/auto/relationGroup.xml (RunModel)" time="0.014" />
  <testcase classname="ptolemy.util.test.junit.AutoTests" name="[88] /home/travis/build/icyphy/ptII/ptolemy/domains/de/test/auto/relationGroup2.xml (RunModel)" time="0.011" />
  <testcase classname="ptolemy.util.test.junit.AutoTests" name="[89] /home/travis/build/icyphy/ptII/ptolemy/domains/de/test/auto/sortWithOpaquePorts.xml (RunModel)" time="0.01" />
  <testcase classname="ptolemy.util.test.junit.AutoTests" name="[90] /home/travis/build/icyphy/ptII/ptolemy/domains/de/test/auto/transferInputsandOutputs.xml (RunModel)" time="0.019" />
  <testcase classname="ptolemy.util.test.junit.AutoTests" name="[91] /home/travis/build/icyphy/ptII/ptolemy/domains/de/test/auto/triggerType.xml (RunModel)" time="0.01" />
  <system-out><![CDATA[/home/travis/build/icyphy/ptII/ptolemy/domains/de/test/DependencyLoop.tcl
testDefs.tcl: setting time out to 9000 seconds at Wed Mar 04 07:05:03 UTC 2020
91 ms. Memory: 129024K Free: 78792K (61%)
25 ms. Memory: 129024K Free: 61384K (48%)
/home/travis/build/icyphy/ptII/ptolemy/domains/de/test/RunDETestsAsQSS.tcl
Run the DE tests using ptolemy.domains.qss.test.QSSDirectorTest, which extends QSSDirector and prints a message in the constructors.
------------------ testing $PTII/ptolemy/domains/de/test/auto/knownFailedTests/DirectFeedback.xml (Known Failure) 
29 ms. Memory: 129024K Free: 56264K (44%)


==== $PTIIhome/travis/build/icyphy/ptII/ptolemy/domains/de/test/../../../../: Auto Automatic test in file $PTII/ptolemy/domains/de/test/auto/knownFailedTests/DirectFeedback.xml
==== Contents of test case:

	    # FIXME: we should use $relativeFilename here, but it
	    # might have backslashes under Windows, which causes no end
	    # of trouble.
	    createAndExecute $file
	    list {}
	
.... Test generated KNOWN error:
    while executing
ptolemy.kernel.util.IllegalActionException: Test fails in iteration 1.
Value was: 1.0. Should have been: 2.0
  in .DirectFeedback.Test
	at ptolemy.actor.lib.Test.fire(Test.java:268)
	at ptolemy.domains.de.kernel.DEDirector._fire(DEDirector.java:1949)
	at ptolemy.domains.de.kernel.DEDirector.fire(DEDirector.java:502)
	at ptolemy.actor.CompositeActor.fire(CompositeActor.java:455)
	at ptolemy.actor.Manager.iterate(Manager.java:851)
	at ptolemy.actor.Manager.execute(Manager.java:369)
	at ptolemy.actor.Manager.run(Manager.java:1263)
	at ptolemy.actor.Manager$PtolemyRunThread.run(Manager.java:1933)

    while executing
ptolemy.kernel.util.IllegalActionException: Test fails in iteration 1.
Value was: 1.0. Should have been: 2.0
  in .DirectFeedback.Test
    while executing
"java::new ptolemy.moml.MoMLSimpleApplication $file
"
    (procedure "createAndExecute" line 2)
    invoked from within
"createAndExecute $file"
    ("uplevel" body line 5)
    invoked from within
"uplevel $contents_of_test"
------------------ testing $PTII/ptolemy/domains/de/test/auto/knownFailedTests/dependencyLoop.xml (Known Failure) 
16 ms. Memory: 129024K Free: 53192K (41%)


==== $PTIIhome/travis/build/icyphy/ptII/ptolemy/domains/de/test/../../../../: Auto Automatic test in file $PTII/ptolemy/domains/de/test/auto/knownFailedTests/dependencyLoop.xml
==== Contents of test case:

	    # FIXME: we should use $relativeFilename here, but it
	    # might have backslashes under Windows, which causes no end
	    # of trouble.
	    createAndExecute $file
	    list {}
	
.... Test generated KNOWN error:
    while executing
ptolemy.kernel.util.IllegalActionException: Found a zero delay loop containing .dependencyLoop.original
  in .dependencyLoop and .dependencyLoop.original
	at ptolemy.actor.util.CausalityInterfaceForComposites._computeOutputPortDepth(CausalityInterfaceForComposites.java:759)
	at ptolemy.actor.util.CausalityInterfaceForComposites._computeInputDepth(CausalityInterfaceForComposites.java:696)
	at ptolemy.actor.util.CausalityInterfaceForComposites._computeOutputPortDepth(CausalityInterfaceForComposites.java:765)
	at ptolemy.actor.util.CausalityInterfaceForComposites._computeInputDepth(CausalityInterfaceForComposites.java:696)
	at ptolemy.actor.util.CausalityInterfaceForComposites._computeOutputPortDepth(CausalityInterfaceForComposites.java:765)
	at ptolemy.actor.util.CausalityInterfaceForComposites._computeInputDepth(CausalityInterfaceForComposites.java:696)
	at ptolemy.actor.util.CausalityInterfaceForComposites._computeActorDepth(CausalityInterfaceForComposites.java:532)
	at ptolemy.actor.util.CausalityInterfaceForComposites.checkForCycles(CausalityInterfaceForComposites.java:96)
	at ptolemy.domains.de.kernel.DEDirector.preinitialize(DEDirector.java:1338)
	at ptolemy.actor.CompositeActor.preinitialize(CompositeActor.java:1828)
	at ptolemy.actor.Manager.preinitializeAndResolveTypes(Manager.java:1040)
	at ptolemy.actor.Manager.initialize(Manager.java:710)
	at ptolemy.actor.Manager.execute(Manager.java:356)
	at ptolemy.actor.Manager.run(Manager.java:1263)
	at ptolemy.actor.Manager$PtolemyRunThread.run(Manager.java:1933)

    while executing
ptolemy.kernel.util.IllegalActionException: Found a zero delay loop containing .dependencyLoop.original
  in .dependencyLoop and .dependencyLoop.original
    while executing
"java::new ptolemy.moml.MoMLSimpleApplication $file
"
    (procedure "createAndExecute" line 2)
    invoked from within
"createAndExecute $file"
    ("uplevel" body line 5)
    invoked from within
"uplevel $contents_of_test"
------------------ testing $PTII/ptolemy/domains/de/test/auto/knownFailedTests/FSMSource.xml (Known Failure) 
41 ms. Memory: 129024K Free: 112117K (87%)
!!!! Auto was marked as failing, but now passes
------------------ testing $PTII/ptolemy/domains/de/test/auto/knownFailedTests/HierarchicalModel.xml (Known Failure) 
10 ms. Memory: 129024K Free: 94693K (73%)


==== $PTIIhome/travis/build/icyphy/ptII/ptolemy/domains/de/test/../../../../: Auto Automatic test in file $PTII/ptolemy/domains/de/test/auto/knownFailedTests/HierarchicalModel.xml
==== Contents of test case:

	    # FIXME: we should use $relativeFilename here, but it
	    # might have backslashes under Windows, which causes no end
	    # of trouble.
	    createAndExecute $file
	    list {}
	
.... Test generated KNOWN error:
    while executing
ptolemy.kernel.util.IllegalActionException: Found a zero delay loop containing .HierarchicalModel.A
  in .HierarchicalModel and .HierarchicalModel.A
	at ptolemy.actor.util.CausalityInterfaceForComposites._computeOutputPortDepth(CausalityInterfaceForComposites.java:759)
	at ptolemy.actor.util.CausalityInterfaceForComposites._computeInputDepth(CausalityInterfaceForComposites.java:696)
	at ptolemy.actor.util.CausalityInterfaceForComposites._computeOutputPortDepth(CausalityInterfaceForComposites.java:765)
	at ptolemy.actor.util.CausalityInterfaceForComposites._computeInputDepth(CausalityInterfaceForComposites.java:696)
	at ptolemy.actor.util.CausalityInterfaceForComposites._computeOutputPortDepth(CausalityInterfaceForComposites.java:765)
	at ptolemy.actor.util.CausalityInterfaceForComposites._computeInputDepth(CausalityInterfaceForComposites.java:696)
	at ptolemy.actor.util.CausalityInterfaceForComposites._computeActorDepth(CausalityInterfaceForComposites.java:532)
	at ptolemy.actor.util.CausalityInterfaceForComposites.checkForCycles(CausalityInterfaceForComposites.java:96)
	at ptolemy.domains.de.kernel.DEDirector.preinitialize(DEDirector.java:1338)
	at ptolemy.actor.CompositeActor.preinitialize(CompositeActor.java:1828)
	at ptolemy.actor.Manager.preinitializeAndResolveTypes(Manager.java:1040)
	at ptolemy.actor.Manager.initialize(Manager.java:710)
	at ptolemy.actor.Manager.execute(Manager.java:356)
	at ptolemy.actor.Manager.run(Manager.java:1263)
	at ptolemy.actor.Manager$PtolemyRunThread.run(Manager.java:1933)

    while executing
ptolemy.kernel.util.IllegalActionException: Found a zero delay loop containing .HierarchicalModel.A
  in .HierarchicalModel and .HierarchicalModel.A
    while executing
"java::new ptolemy.moml.MoMLSimpleApplication $file
"
    (procedure "createAndExecute" line 2)
    invoked from within
"createAndExecute $file"
    ("uplevel" body line 5)
    invoked from within
"uplevel $contents_of_test"
------------------ testing $PTII/ptolemy/domains/de/test/auto/knownFailedTests/dependencyLoop2.xml (Known Failure) 
9 ms. Memory: 129024K Free: 78261K (61%)


==== $PTIIhome/travis/build/icyphy/ptII/ptolemy/domains/de/test/../../../../: Auto Automatic test in file $PTII/ptolemy/domains/de/test/auto/knownFailedTests/dependencyLoop2.xml
==== Contents of test case:

	    # FIXME: we should use $relativeFilename here, but it
	    # might have backslashes under Windows, which causes no end
	    # of trouble.
	    createAndExecute $file
	    list {}
	
.... Test generated KNOWN error:
    while executing
ptolemy.kernel.util.IllegalActionException: Found a zero delay loop containing .dependencyLoop2.original
  in .dependencyLoop2 and .dependencyLoop2.original
	at ptolemy.actor.util.CausalityInterfaceForComposites._computeOutputPortDepth(CausalityInterfaceForComposites.java:759)
	at ptolemy.actor.util.CausalityInterfaceForComposites._computeInputDepth(CausalityInterfaceForComposites.java:696)
	at ptolemy.actor.util.CausalityInterfaceForComposites._computeOutputPortDepth(CausalityInterfaceForComposites.java:765)
	at ptolemy.actor.util.CausalityInterfaceForComposites._computeInputDepth(CausalityInterfaceForComposites.java:696)
	at ptolemy.actor.util.CausalityInterfaceForComposites._computeOutputPortDepth(CausalityInterfaceForComposites.java:765)
	at ptolemy.actor.util.CausalityInterfaceForComposites._computeInputDepth(CausalityInterfaceForComposites.java:696)
	at ptolemy.actor.util.CausalityInterfaceForComposites._computeActorDepth(CausalityInterfaceForComposites.java:532)
	at ptolemy.actor.util.CausalityInterfaceForComposites.checkForCycles(CausalityInterfaceForComposites.java:96)
	at ptolemy.domains.de.kernel.DEDirector.preinitialize(DEDirector.java:1338)
	at ptolemy.actor.CompositeActor.preinitialize(CompositeActor.java:1828)
	at ptolemy.actor.Manager.preinitializeAndResolveTypes(Manager.java:1040)
	at ptolemy.actor.Manager.initialize(Manager.java:710)
	at ptolemy.actor.Manager.execute(Manager.java:356)
	at ptolemy.actor.Manager.run(Manager.java:1263)
	at ptolemy.actor.Manager$PtolemyRunThread.run(Manager.java:1933)

    while executing
ptolemy.kernel.util.IllegalActionException: Found a zero delay loop containing .dependencyLoop2.original
  in .dependencyLoop2 and .dependencyLoop2.original
    while executing
"java::new ptolemy.moml.MoMLSimpleApplication $file
"
    (procedure "createAndExecute" line 2)
    invoked from within
"createAndExecute $file"
    ("uplevel" body line 5)
    invoked from within
"uplevel $contents_of_test"
------------------ testing $PTII/ptolemy/domains/de/test/auto/knownFailedTests/DESDFClockTest.xml (Known Failure) 
2045 ms. Memory: 129024K Free: 109200K (85%)


==== $PTIIhome/travis/build/icyphy/ptII/ptolemy/domains/de/test/../../../../: Auto Automatic test in file $PTII/ptolemy/domains/de/test/auto/knownFailedTests/DESDFClockTest.xml
==== Contents of test case:

	    # FIXME: we should use $relativeFilename here, but it
	    # might have backslashes under Windows, which causes no end
	    # of trouble.
	    createAndExecute $file
	    list {}
	
.... Test generated KNOWN error:
    while executing
ptolemy.kernel.util.IllegalActionException: Actor is not ready to fire.  Perhaps UpSample.prefire() returned false? Try debugging the actor by selecting "Listen to Actor".  Also, for SDF check moml for tokenConsumptionRate on input.
  in .DESDFClockTest.Play Bell.Copy1:SDF Director and .DESDFClockTest.Play Bell.UpSample
	at ptolemy.actor.sched.StaticSchedulingDirector.fire(StaticSchedulingDirector.java:227)
	at ptolemy.domains.sdf.kernel.SDFDirector.fire(SDFDirector.java:500)
	at ptolemy.actor.CompositeActor.fire(CompositeActor.java:455)
	at ptolemy.domains.de.kernel.DEDirector._fire(DEDirector.java:1949)
	at ptolemy.domains.de.kernel.DEDirector.fire(DEDirector.java:502)
	at ptolemy.actor.CompositeActor.fire(CompositeActor.java:455)
	at ptolemy.actor.Manager.iterate(Manager.java:851)
	at ptolemy.actor.Manager.execute(Manager.java:369)
	at ptolemy.actor.Manager.run(Manager.java:1263)
	at ptolemy.actor.Manager$PtolemyRunThread.run(Manager.java:1933)

    while executing
ptolemy.kernel.util.IllegalActionException: Actor is not ready to fire.  Perhaps UpSample.prefire() returned false? Try debugging the actor by selecting "Listen to Actor".  Also, for SDF check moml for tokenConsumptionRate on input.
  in .DESDFClockTest.Play Bell.Copy1:SDF Director and .DESDFClockTest.Play Bell.UpSample
    while executing
"java::new ptolemy.moml.MoMLSimpleApplication $file
"
    (procedure "createAndExecute" line 2)
    invoked from within
"createAndExecute $file"
    ("uplevel" body line 5)
    invoked from within
"uplevel $contents_of_test"
------------------ testing $PTII/ptolemy/domains/de/test/auto/ActorDepthCalculation_actorWithoutPorts.xml
auto.tcl: Setting watchdog for 200 seconds at Wed Mar 04 07:05:06 UTC 2020
5 ms. Memory: 129024K Free: 101504K (79%)
ptolemy.util.test.WatchDog.cancel(): canceling Wed Mar 04 07:05:06 UTC 2020
auto.tcl: Setting watchdog for 200 seconds at Wed Mar 04 07:05:06 UTC 2020
4 ms. Memory: 129024K Free: 99984K (77%)
ptolemy.util.test.WatchDog.cancel(): canceling Wed Mar 04 07:05:06 UTC 2020
------------------ testing $PTII/ptolemy/domains/de/test/auto/AssemblyLine.xml
auto.tcl: Setting watchdog for 200 seconds at Wed Mar 04 07:05:07 UTC 2020
7 ms. Memory: 51200K Free: 27490K (54%)
ptolemy.util.test.WatchDog.cancel(): canceling Wed Mar 04 07:05:07 UTC 2020
auto.tcl: Setting watchdog for 200 seconds at Wed Mar 04 07:05:07 UTC 2020
6 ms. Memory: 51200K Free: 27005K (53%)
ptolemy.util.test.WatchDog.cancel(): canceling Wed Mar 04 07:05:07 UTC 2020
------------------ testing $PTII/ptolemy/domains/de/test/auto/CQBug1.xml
auto.tcl: Setting watchdog for 200 seconds at Wed Mar 04 07:05:07 UTC 2020
3 ms. Memory: 51200K Free: 33272K (65%)
ptolemy.util.test.WatchDog.cancel(): canceling Wed Mar 04 07:05:07 UTC 2020
auto.tcl: Setting watchdog for 200 seconds at Wed Mar 04 07:05:07 UTC 2020
3 ms. Memory: 51200K Free: 33272K (65%)
ptolemy.util.test.WatchDog.cancel(): canceling Wed Mar 04 07:05:07 UTC 2020
------------------ testing $PTII/ptolemy/domains/de/test/auto/CancelFireAt.xml
auto.tcl: Setting watchdog for 200 seconds at Wed Mar 04 07:05:07 UTC 2020
8 ms. Memory: 48128K Free: 31655K (66%)
ptolemy.util.test.WatchDog.cancel(): canceling Wed Mar 04 07:05:07 UTC 2020
auto.tcl: Setting watchdog for 200 seconds at Wed Mar 04 07:05:07 UTC 2020
2 ms. Memory: 48128K Free: 31214K (65%)
ptolemy.util.test.WatchDog.cancel(): canceling Wed Mar 04 07:05:07 UTC 2020
------------------ testing $PTII/ptolemy/domains/de/test/auto/CausalityAndComposabilityAnalysis.xml
auto.tcl: Setting watchdog for 200 seconds at Wed Mar 04 07:05:07 UTC 2020
8 ms. Memory: 48128K Free: 29429K (61%)
ptolemy.util.test.WatchDog.cancel(): canceling Wed Mar 04 07:05:07 UTC 2020
auto.tcl: Setting watchdog for 200 seconds at Wed Mar 04 07:05:07 UTC 2020
10 ms. Memory: 48128K Free: 28998K (60%)
ptolemy.util.test.WatchDog.cancel(): canceling Wed Mar 04 07:05:07 UTC 2020
------------------ testing $PTII/ptolemy/domains/de/test/auto/CausalityInterface1.xml
auto.tcl: Setting watchdog for 200 seconds at Wed Mar 04 07:05:07 UTC 2020
26 ms. Memory: 48128K Free: 28377K (59%)
ptolemy.util.test.WatchDog.cancel(): canceling Wed Mar 04 07:05:07 UTC 2020
auto.tcl: Setting watchdog for 200 seconds at Wed Mar 04 07:05:07 UTC 2020
4 ms. Memory: 48128K Free: 27377K (57%)
ptolemy.util.test.WatchDog.cancel(): canceling Wed Mar 04 07:05:07 UTC 2020
------------------ testing $PTII/ptolemy/domains/de/test/auto/CausalityInterface15.xml
auto.tcl: Setting watchdog for 200 seconds at Wed Mar 04 07:05:07 UTC 2020
8 ms. Memory: 48128K Free: 28553K (59%)
ptolemy.util.test.WatchDog.cancel(): canceling Wed Mar 04 07:05:07 UTC 2020
auto.tcl: Setting watchdog for 200 seconds at Wed Mar 04 07:05:07 UTC 2020
6 ms. Memory: 48128K Free: 27343K (57%)
ptolemy.util.test.WatchDog.cancel(): canceling Wed Mar 04 07:05:07 UTC 2020
------------------ testing $PTII/ptolemy/domains/de/test/auto/CausalityInterface2.xml
auto.tcl: Setting watchdog for 200 seconds at Wed Mar 04 07:05:07 UTC 2020
4 ms. Memory: 48128K Free: 29199K (61%)
ptolemy.util.test.WatchDog.cancel(): canceling Wed Mar 04 07:05:07 UTC 2020
auto.tcl: Setting watchdog for 200 seconds at Wed Mar 04 07:05:07 UTC 2020
2 ms. Memory: 48128K Free: 28335K (59%)
ptolemy.util.test.WatchDog.cancel(): canceling Wed Mar 04 07:05:07 UTC 2020
------------------ testing $PTII/ptolemy/domains/de/test/auto/CausalityInterface3.xml
auto.tcl: Setting watchdog for 200 seconds at Wed Mar 04 07:05:07 UTC 2020
4 ms. Memory: 48128K Free: 28540K (59%)
ptolemy.util.test.WatchDog.cancel(): canceling Wed Mar 04 07:05:07 UTC 2020
auto.tcl: Setting watchdog for 200 seconds at Wed Mar 04 07:05:07 UTC 2020
3 ms. Memory: 48128K Free: 28009K (58%)
ptolemy.util.test.WatchDog.cancel(): canceling Wed Mar 04 07:05:07 UTC 2020
------------------ testing $PTII/ptolemy/domains/de/test/auto/ClockDrift.xml
auto.tcl: Setting watchdog for 200 seconds at Wed Mar 04 07:05:07 UTC 2020
55 ms. Memory: 48128K Free: 20889K (43%)
ptolemy.util.test.WatchDog.cancel(): canceling Wed Mar 04 07:05:08 UTC 2020
auto.tcl: Setting watchdog for 200 seconds at Wed Mar 04 07:05:08 UTC 2020
33 ms. Memory: 48128K Free: 17693K (37%)
ptolemy.util.test.WatchDog.cancel(): canceling Wed Mar 04 07:05:08 UTC 2020
------------------ testing $PTII/ptolemy/domains/de/test/auto/ClockDriftAndValueChange.xml
auto.tcl: Setting watchdog for 200 seconds at Wed Mar 04 07:05:08 UTC 2020
39 ms. Memory: 48128K Free: 21523K (45%)
ptolemy.util.test.WatchDog.cancel(): canceling Wed Mar 04 07:05:08 UTC 2020
auto.tcl: Setting watchdog for 200 seconds at Wed Mar 04 07:05:08 UTC 2020
26 ms. Memory: 48128K Free: 18372K (38%)
ptolemy.util.test.WatchDog.cancel(): canceling Wed Mar 04 07:05:08 UTC 2020
------------------ testing $PTII/ptolemy/domains/de/test/auto/ClockDriftChange.xml
auto.tcl: Setting watchdog for 200 seconds at Wed Mar 04 07:05:08 UTC 2020
20 ms. Memory: 48128K Free: 23259K (48%)
ptolemy.util.test.WatchDog.cancel(): canceling Wed Mar 04 07:05:08 UTC 2020
auto.tcl: Setting watchdog for 200 seconds at Wed Mar 04 07:05:08 UTC 2020
26 ms. Memory: 48128K Free: 20705K (43%)
ptolemy.util.test.WatchDog.cancel(): canceling Wed Mar 04 07:05:08 UTC 2020
------------------ testing $PTII/ptolemy/domains/de/test/auto/ComposableCausalityAnalysis.xml
auto.tcl: Setting watchdog for 200 seconds at Wed Mar 04 07:05:08 UTC 2020
1 ms. Memory: 48128K Free: 27662K (57%)
ptolemy.util.test.WatchDog.cancel(): canceling Wed Mar 04 07:05:08 UTC 2020
auto.tcl: Setting watchdog for 200 seconds at Wed Mar 04 07:05:08 UTC 2020
4 ms. Memory: 48128K Free: 26630K (55%)
ptolemy.util.test.WatchDog.cancel(): canceling Wed Mar 04 07:05:08 UTC 2020
------------------ testing $PTII/ptolemy/domains/de/test/auto/DEFixedPointLimitation.xml
auto.tcl: Setting watchdog for 200 seconds at Wed Mar 04 07:05:08 UTC 2020
2 ms. Memory: 48128K Free: 28997K (60%)
ptolemy.util.test.WatchDog.cancel(): canceling Wed Mar 04 07:05:08 UTC 2020
auto.tcl: Setting watchdog for 200 seconds at Wed Mar 04 07:05:08 UTC 2020
2 ms. Memory: 48128K Free: 28086K (58%)
ptolemy.util.test.WatchDog.cancel(): canceling Wed Mar 04 07:05:08 UTC 2020
------------------ testing $PTII/ptolemy/domains/de/test/auto/DEScheduleTest.xml
auto.tcl: Setting watchdog for 200 seconds at Wed Mar 04 07:05:08 UTC 2020
6 ms. Memory: 48128K Free: 29280K (61%)
ptolemy.util.test.WatchDog.cancel(): canceling Wed Mar 04 07:05:08 UTC 2020
auto.tcl: Setting watchdog for 200 seconds at Wed Mar 04 07:05:08 UTC 2020
3 ms. Memory: 48128K Free: 28523K (59%)
ptolemy.util.test.WatchDog.cancel(): canceling Wed Mar 04 07:05:08 UTC 2020
------------------ testing $PTII/ptolemy/domains/de/test/auto/DEinDEwithStartTimes.xml
auto.tcl: Setting watchdog for 200 seconds at Wed Mar 04 07:05:08 UTC 2020
4 ms. Memory: 48128K Free: 27442K (57%)
ptolemy.util.test.WatchDog.cancel(): canceling Wed Mar 04 07:05:08 UTC 2020
auto.tcl: Setting watchdog for 200 seconds at Wed Mar 04 07:05:08 UTC 2020
5 ms. Memory: 48128K Free: 26418K (55%)
ptolemy.util.test.WatchDog.cancel(): canceling Wed Mar 04 07:05:08 UTC 2020
------------------ testing $PTII/ptolemy/domains/de/test/auto/DEinDEwithStartTimes2.xml
auto.tcl: Setting watchdog for 200 seconds at Wed Mar 04 07:05:08 UTC 2020
8 ms. Memory: 48128K Free: 26687K (55%)
ptolemy.util.test.WatchDog.cancel(): canceling Wed Mar 04 07:05:08 UTC 2020
auto.tcl: Setting watchdog for 200 seconds at Wed Mar 04 07:05:08 UTC 2020
3 ms. Memory: 48128K Free: 25618K (53%)
ptolemy.util.test.WatchDog.cancel(): canceling Wed Mar 04 07:05:08 UTC 2020
------------------ testing $PTII/ptolemy/domains/de/test/auto/DateDemo.xml
auto.tcl: Setting watchdog for 200 seconds at Wed Mar 04 07:05:08 UTC 2020
11 ms. Memory: 48128K Free: 21025K (44%)
ptolemy.util.test.WatchDog.cancel(): canceling Wed Mar 04 07:05:08 UTC 2020
auto.tcl: Setting watchdog for 200 seconds at Wed Mar 04 07:05:08 UTC 2020
8 ms. Memory: 48128K Free: 19503K (41%)
ptolemy.util.test.WatchDog.cancel(): canceling Wed Mar 04 07:05:08 UTC 2020
------------------ testing $PTII/ptolemy/domains/de/test/auto/DateToEvent.xml
auto.tcl: Setting watchdog for 200 seconds at Wed Mar 04 07:05:08 UTC 2020
2012 ms. Memory: 48128K Free: 16937K (35%)
ptolemy.util.test.WatchDog.cancel(): canceling Wed Mar 04 07:05:10 UTC 2020
auto.tcl: Setting watchdog for 200 seconds at Wed Mar 04 07:05:10 UTC 2020
2004 ms. Memory: 48128K Free: 16196K (34%)
ptolemy.util.test.WatchDog.cancel(): canceling Wed Mar 04 07:05:12 UTC 2020
------------------ testing $PTII/ptolemy/domains/de/test/auto/DepthTest1.xml
auto.tcl: Setting watchdog for 200 seconds at Wed Mar 04 07:05:12 UTC 2020
11 ms. Memory: 48128K Free: 30085K (63%)
ptolemy.util.test.WatchDog.cancel(): canceling Wed Mar 04 07:05:12 UTC 2020
auto.tcl: Setting watchdog for 200 seconds at Wed Mar 04 07:05:12 UTC 2020
1 ms. Memory: 48128K Free: 29697K (62%)
ptolemy.util.test.WatchDog.cancel(): canceling Wed Mar 04 07:05:12 UTC 2020
------------------ testing $PTII/ptolemy/domains/de/test/auto/DepthTest2.xml
auto.tcl: Setting watchdog for 200 seconds at Wed Mar 04 07:05:13 UTC 2020
3 ms. Memory: 48128K Free: 26954K (56%)
ptolemy.util.test.WatchDog.cancel(): canceling Wed Mar 04 07:05:13 UTC 2020
auto.tcl: Setting watchdog for 200 seconds at Wed Mar 04 07:05:13 UTC 2020
2 ms. Memory: 48128K Free: 26561K (55%)
ptolemy.util.test.WatchDog.cancel(): canceling Wed Mar 04 07:05:13 UTC 2020
------------------ testing $PTII/ptolemy/domains/de/test/auto/DepthTest3.xml
auto.tcl: Setting watchdog for 200 seconds at Wed Mar 04 07:05:13 UTC 2020
3 ms. Memory: 48128K Free: 30415K (63%)
ptolemy.util.test.WatchDog.cancel(): canceling Wed Mar 04 07:05:13 UTC 2020
auto.tcl: Setting watchdog for 200 seconds at Wed Mar 04 07:05:13 UTC 2020
1 ms. Memory: 48128K Free: 30009K (62%)
ptolemy.util.test.WatchDog.cancel(): canceling Wed Mar 04 07:05:13 UTC 2020
------------------ testing $PTII/ptolemy/domains/de/test/auto/DepthTest4.xml
auto.tcl: Setting watchdog for 200 seconds at Wed Mar 04 07:05:13 UTC 2020
7 ms. Memory: 48128K Free: 28766K (60%)
ptolemy.util.test.WatchDog.cancel(): canceling Wed Mar 04 07:05:13 UTC 2020
auto.tcl: Setting watchdog for 200 seconds at Wed Mar 04 07:05:13 UTC 2020
2 ms. Memory: 48128K Free: 28031K (58%)
ptolemy.util.test.WatchDog.cancel(): canceling Wed Mar 04 07:05:13 UTC 2020
------------------ testing $PTII/ptolemy/domains/de/test/auto/DepthTest5.xml
auto.tcl: Setting watchdog for 200 seconds at Wed Mar 04 07:05:13 UTC 2020
3 ms. Memory: 48128K Free: 28173K (59%)
ptolemy.util.test.WatchDog.cancel(): canceling Wed Mar 04 07:05:13 UTC 2020
auto.tcl: Setting watchdog for 200 seconds at Wed Mar 04 07:05:13 UTC 2020
3 ms. Memory: 48128K Free: 27377K (57%)
ptolemy.util.test.WatchDog.cancel(): canceling Wed Mar 04 07:05:13 UTC 2020
------------------ testing $PTII/ptolemy/domains/de/test/auto/DepthTest6.xml
auto.tcl: Setting watchdog for 200 seconds at Wed Mar 04 07:05:13 UTC 2020
3 ms. Memory: 48128K Free: 27856K (58%)
ptolemy.util.test.WatchDog.cancel(): canceling Wed Mar 04 07:05:13 UTC 2020
auto.tcl: Setting watchdog for 200 seconds at Wed Mar 04 07:05:13 UTC 2020
3 ms. Memory: 48128K Free: 27438K (57%)
ptolemy.util.test.WatchDog.cancel(): canceling Wed Mar 04 07:05:13 UTC 2020
------------------ testing $PTII/ptolemy/domains/de/test/auto/DepthTest7.xml
auto.tcl: Setting watchdog for 200 seconds at Wed Mar 04 07:05:13 UTC 2020
3 ms. Memory: 48128K Free: 28456K (59%)
ptolemy.util.test.WatchDog.cancel(): canceling Wed Mar 04 07:05:13 UTC 2020
auto.tcl: Setting watchdog for 200 seconds at Wed Mar 04 07:05:13 UTC 2020
3 ms. Memory: 48128K Free: 27551K (57%)
ptolemy.util.test.WatchDog.cancel(): canceling Wed Mar 04 07:05:13 UTC 2020
------------------ testing $PTII/ptolemy/domains/de/test/auto/EventToDate.xml
auto.tcl: Setting watchdog for 200 seconds at Wed Mar 04 07:05:13 UTC 2020
3011 ms. Memory: 48128K Free: 19699K (41%)
ptolemy.util.test.WatchDog.cancel(): canceling Wed Mar 04 07:05:16 UTC 2020
auto.tcl: Setting watchdog for 200 seconds at Wed Mar 04 07:05:16 UTC 2020
3003 ms. Memory: 48128K Free: 18775K (39%)
ptolemy.util.test.WatchDog.cancel(): canceling Wed Mar 04 07:05:19 UTC 2020
------------------ testing $PTII/ptolemy/domains/de/test/auto/FSM1.xml
auto.tcl: Setting watchdog for 200 seconds at Wed Mar 04 07:05:19 UTC 2020
32 ms. Memory: 48128K Free: 20920K (43%)
ptolemy.util.test.WatchDog.cancel(): canceling Wed Mar 04 07:05:19 UTC 2020
auto.tcl: Setting watchdog for 200 seconds at Wed Mar 04 07:05:19 UTC 2020
14 ms. Memory: 48128K Free: 17453K (36%)
ptolemy.util.test.WatchDog.cancel(): canceling Wed Mar 04 07:05:19 UTC 2020
------------------ testing $PTII/ptolemy/domains/de/test/auto/FSM7.xml
auto.tcl: Setting watchdog for 200 seconds at Wed Mar 04 07:05:19 UTC 2020
24 ms. Memory: 48128K Free: 20412K (42%)
ptolemy.util.test.WatchDog.cancel(): canceling Wed Mar 04 07:05:19 UTC 2020
auto.tcl: Setting watchdog for 200 seconds at Wed Mar 04 07:05:19 UTC 2020
14 ms. Memory: 48128K Free: 17286K (36%)
ptolemy.util.test.WatchDog.cancel(): canceling Wed Mar 04 07:05:19 UTC 2020
------------------ testing $PTII/ptolemy/domains/de/test/auto/Inspection.xml
auto.tcl: Setting watchdog for 200 seconds at Wed Mar 04 07:05:19 UTC 2020
29 ms. Memory: 48128K Free: 20225K (42%)
ptolemy.util.test.WatchDog.cancel(): canceling Wed Mar 04 07:05:19 UTC 2020
auto.tcl: Setting watchdog for 200 seconds at Wed Mar 04 07:05:19 UTC 2020
22 ms. Memory: 48128K Free: 18485K (38%)
ptolemy.util.test.WatchDog.cancel(): canceling Wed Mar 04 07:05:19 UTC 2020
------------------ testing $PTII/ptolemy/domains/de/test/auto/Iteration.xml
auto.tcl: Setting watchdog for 200 seconds at Wed Mar 04 07:05:19 UTC 2020
7 ms. Memory: 48128K Free: 25935K (54%)
ptolemy.util.test.WatchDog.cancel(): canceling Wed Mar 04 07:05:19 UTC 2020
auto.tcl: Setting watchdog for 200 seconds at Wed Mar 04 07:05:19 UTC 2020
6 ms. Memory: 48128K Free: 24543K (51%)
ptolemy.util.test.WatchDog.cancel(): canceling Wed Mar 04 07:05:19 UTC 2020
------------------ testing $PTII/ptolemy/domains/de/test/auto/LineFault.xml
auto.tcl: Setting watchdog for 200 seconds at Wed Mar 04 07:05:19 UTC 2020
609 ms. Memory: 48128K Free: 23198K (48%)
ptolemy.util.test.WatchDog.cancel(): canceling Wed Mar 04 07:05:20 UTC 2020
auto.tcl: Setting watchdog for 200 seconds at Wed Mar 04 07:05:20 UTC 2020
510 ms. Memory: 59392K Free: 20712K (35%)
ptolemy.util.test.WatchDog.cancel(): canceling Wed Mar 04 07:05:21 UTC 2020
------------------ testing $PTII/ptolemy/domains/de/test/auto/MergeModel1Add.xml
auto.tcl: Setting watchdog for 200 seconds at Wed Mar 04 07:05:21 UTC 2020
14 ms. Memory: 58368K Free: 22159K (38%)
ptolemy.util.test.WatchDog.cancel(): canceling Wed Mar 04 07:05:21 UTC 2020
auto.tcl: Setting watchdog for 200 seconds at Wed Mar 04 07:05:21 UTC 2020
9 ms. Memory: 58368K Free: 20482K (35%)
ptolemy.util.test.WatchDog.cancel(): canceling Wed Mar 04 07:05:21 UTC 2020
------------------ testing $PTII/ptolemy/domains/de/test/auto/MergeModel2Add.xml
auto.tcl: Setting watchdog for 200 seconds at Wed Mar 04 07:05:21 UTC 2020
9 ms. Memory: 51200K Free: 17080K (33%)
ptolemy.util.test.WatchDog.cancel(): canceling Wed Mar 04 07:05:21 UTC 2020
auto.tcl: Setting watchdog for 200 seconds at Wed Mar 04 07:05:21 UTC 2020
8 ms. Memory: 51200K Free: 15520K (30%)
ptolemy.util.test.WatchDog.cancel(): canceling Wed Mar 04 07:05:21 UTC 2020
------------------ testing $PTII/ptolemy/domains/de/test/auto/MergeModel3Add.xml
auto.tcl: Setting watchdog for 200 seconds at Wed Mar 04 07:05:21 UTC 2020
7 ms. Memory: 51200K Free: 17073K (33%)
ptolemy.util.test.WatchDog.cancel(): canceling Wed Mar 04 07:05:21 UTC 2020
auto.tcl: Setting watchdog for 200 seconds at Wed Mar 04 07:05:21 UTC 2020
6 ms. Memory: 51200K Free: 15710K (31%)
ptolemy.util.test.WatchDog.cancel(): canceling Wed Mar 04 07:05:21 UTC 2020
------------------ testing $PTII/ptolemy/domains/de/test/auto/MergeWithoutDiscard.xml
auto.tcl: Setting watchdog for 200 seconds at Wed Mar 04 07:05:21 UTC 2020
2 ms. Memory: 51200K Free: 31627K (62%)
ptolemy.util.test.WatchDog.cancel(): canceling Wed Mar 04 07:05:21 UTC 2020
auto.tcl: Setting watchdog for 200 seconds at Wed Mar 04 07:05:21 UTC 2020
2 ms. Memory: 51200K Free: 31193K (61%)
ptolemy.util.test.WatchDog.cancel(): canceling Wed Mar 04 07:05:21 UTC 2020
------------------ testing $PTII/ptolemy/domains/de/test/auto/Modal1.xml
auto.tcl: Setting watchdog for 200 seconds at Wed Mar 04 07:05:21 UTC 2020
16 ms. Memory: 51200K Free: 24028K (47%)
ptolemy.util.test.WatchDog.cancel(): canceling Wed Mar 04 07:05:21 UTC 2020
auto.tcl: Setting watchdog for 200 seconds at Wed Mar 04 07:05:21 UTC 2020
16 ms. Memory: 51200K Free: 20536K (40%)
ptolemy.util.test.WatchDog.cancel(): canceling Wed Mar 04 07:05:21 UTC 2020
------------------ testing $PTII/ptolemy/domains/de/test/auto/Modal2.xml
auto.tcl: Setting watchdog for 200 seconds at Wed Mar 04 07:05:21 UTC 2020
10 ms. Memory: 51200K Free: 23654K (46%)
ptolemy.util.test.WatchDog.cancel(): canceling Wed Mar 04 07:05:21 UTC 2020
auto.tcl: Setting watchdog for 200 seconds at Wed Mar 04 07:05:21 UTC 2020
11 ms. Memory: 51200K Free: 20436K (40%)
ptolemy.util.test.WatchDog.cancel(): canceling Wed Mar 04 07:05:21 UTC 2020
------------------ testing $PTII/ptolemy/domains/de/test/auto/Modal3.xml
auto.tcl: Setting watchdog for 200 seconds at Wed Mar 04 07:05:21 UTC 2020
10 ms. Memory: 51200K Free: 23667K (46%)
ptolemy.util.test.WatchDog.cancel(): canceling Wed Mar 04 07:05:22 UTC 2020
auto.tcl: Setting watchdog for 200 seconds at Wed Mar 04 07:05:22 UTC 2020
10 ms. Memory: 51200K Free: 20448K (40%)
ptolemy.util.test.WatchDog.cancel(): canceling Wed Mar 04 07:05:22 UTC 2020
------------------ testing $PTII/ptolemy/domains/de/test/auto/Modal4.xml
auto.tcl: Setting watchdog for 200 seconds at Wed Mar 04 07:05:22 UTC 2020
23 ms. Memory: 51200K Free: 22609K (44%)
ptolemy.util.test.WatchDog.cancel(): canceling Wed Mar 04 07:05:22 UTC 2020
auto.tcl: Setting watchdog for 200 seconds at Wed Mar 04 07:05:22 UTC 2020
24 ms. Memory: 51200K Free: 18781K (37%)
ptolemy.util.test.WatchDog.cancel(): canceling Wed Mar 04 07:05:22 UTC 2020
------------------ testing $PTII/ptolemy/domains/de/test/auto/Modal5.xml
auto.tcl: Setting watchdog for 200 seconds at Wed Mar 04 07:05:22 UTC 2020
11 ms. Memory: 51200K Free: 22612K (44%)
ptolemy.util.test.WatchDog.cancel(): canceling Wed Mar 04 07:05:22 UTC 2020
auto.tcl: Setting watchdog for 200 seconds at Wed Mar 04 07:05:22 UTC 2020
13 ms. Memory: 51200K Free: 18768K (37%)
ptolemy.util.test.WatchDog.cancel(): canceling Wed Mar 04 07:05:22 UTC 2020
------------------ testing $PTII/ptolemy/domains/de/test/auto/Modal6.xml
auto.tcl: Setting watchdog for 200 seconds at Wed Mar 04 07:05:22 UTC 2020
11 ms. Memory: 51200K Free: 23382K (46%)
ptolemy.util.test.WatchDog.cancel(): canceling Wed Mar 04 07:05:22 UTC 2020
auto.tcl: Setting watchdog for 200 seconds at Wed Mar 04 07:05:22 UTC 2020
13 ms. Memory: 51200K Free: 19790K (39%)
ptolemy.util.test.WatchDog.cancel(): canceling Wed Mar 04 07:05:22 UTC 2020
------------------ testing $PTII/ptolemy/domains/de/test/auto/Modal7.xml
auto.tcl: Setting watchdog for 200 seconds at Wed Mar 04 07:05:22 UTC 2020
8 ms. Memory: 51200K Free: 22360K (44%)
ptolemy.util.test.WatchDog.cancel(): canceling Wed Mar 04 07:05:22 UTC 2020
auto.tcl: Setting watchdog for 200 seconds at Wed Mar 04 07:05:22 UTC 2020
8 ms. Memory: 51200K Free: 19026K (37%)
ptolemy.util.test.WatchDog.cancel(): canceling Wed Mar 04 07:05:22 UTC 2020
------------------ testing $PTII/ptolemy/domains/de/test/auto/ModalModel.xml
auto.tcl: Setting watchdog for 200 seconds at Wed Mar 04 07:05:22 UTC 2020
168 ms. Memory: 51200K Free: 12917K (25%)
ptolemy.util.test.WatchDog.cancel(): canceling Wed Mar 04 07:05:22 UTC 2020
auto.tcl: Setting watchdog for 200 seconds at Wed Mar 04 07:05:22 UTC 2020
190 ms. Memory: 61440K Free: 40390K (66%)
ptolemy.util.test.WatchDog.cancel(): canceling Wed Mar 04 07:05:22 UTC 2020
------------------ testing $PTII/ptolemy/domains/de/test/auto/ModalSource.xml
auto.tcl: Setting watchdog for 200 seconds at Wed Mar 04 07:05:22 UTC 2020
5 ms. Memory: 55296K Free: 31536K (57%)
ptolemy.util.test.WatchDog.cancel(): canceling Wed Mar 04 07:05:22 UTC 2020
auto.tcl: Setting watchdog for 200 seconds at Wed Mar 04 07:05:22 UTC 2020
6 ms. Memory: 55296K Free: 29488K (53%)
ptolemy.util.test.WatchDog.cancel(): canceling Wed Mar 04 07:05:22 UTC 2020
------------------ testing $PTII/ptolemy/domains/de/test/auto/NonInterruptibleTimerZeroDelay.xml
auto.tcl: Setting watchdog for 200 seconds at Wed Mar 04 07:05:22 UTC 2020
3 ms. Memory: 51200K Free: 32393K (63%)
ptolemy.util.test.WatchDog.cancel(): canceling Wed Mar 04 07:05:22 UTC 2020
auto.tcl: Setting watchdog for 200 seconds at Wed Mar 04 07:05:22 UTC 2020
2 ms. Memory: 51200K Free: 31748K (62%)
ptolemy.util.test.WatchDog.cancel(): canceling Wed Mar 04 07:05:22 UTC 2020
------------------ testing $PTII/ptolemy/domains/de/test/auto/OpenQueueingNetwork.xml
auto.tcl: Setting watchdog for 200 seconds at Wed Mar 04 07:05:23 UTC 2020
2650 ms. Memory: 107520K Free: 57684K (54%)
ptolemy.util.test.WatchDog.cancel(): canceling Wed Mar 04 07:05:25 UTC 2020
auto.tcl: Setting watchdog for 200 seconds at Wed Mar 04 07:05:25 UTC 2020
2051 ms. Memory: 133120K Free: 109777K (82%)
ptolemy.util.test.WatchDog.cancel(): canceling Wed Mar 04 07:05:27 UTC 2020
------------------ testing $PTII/ptolemy/domains/de/test/auto/OpenQueuingNetwork.xml
auto.tcl: Setting watchdog for 200 seconds at Wed Mar 04 07:05:27 UTC 2020
225 ms. Memory: 73728K Free: 51989K (71%)
ptolemy.util.test.WatchDog.cancel(): canceling Wed Mar 04 07:05:28 UTC 2020
auto.tcl: Setting watchdog for 200 seconds at Wed Mar 04 07:05:28 UTC 2020
207 ms. Memory: 73728K Free: 42201K (57%)
ptolemy.util.test.WatchDog.cancel(): canceling Wed Mar 04 07:05:28 UTC 2020
------------------ testing $PTII/ptolemy/domains/de/test/auto/PeriodicSampler.xml
auto.tcl: Setting watchdog for 200 seconds at Wed Mar 04 07:05:28 UTC 2020
3 ms. Memory: 55296K Free: 35667K (65%)
ptolemy.util.test.WatchDog.cancel(): canceling Wed Mar 04 07:05:28 UTC 2020
auto.tcl: Setting watchdog for 200 seconds at Wed Mar 04 07:05:28 UTC 2020
2 ms. Memory: 55296K Free: 35139K (64%)
ptolemy.util.test.WatchDog.cancel(): canceling Wed Mar 04 07:05:28 UTC 2020
------------------ testing $PTII/ptolemy/domains/de/test/auto/PersistentIO.xml
auto.tcl: Setting watchdog for 200 seconds at Wed Mar 04 07:05:28 UTC 2020
10 ms. Memory: 51200K Free: 26496K (52%)
ptolemy.util.test.WatchDog.cancel(): canceling Wed Mar 04 07:05:28 UTC 2020
auto.tcl: Setting watchdog for 200 seconds at Wed Mar 04 07:05:28 UTC 2020
3 ms. Memory: 51200K Free: 24976K (49%)
ptolemy.util.test.WatchDog.cancel(): canceling Wed Mar 04 07:05:28 UTC 2020
------------------ testing $PTII/ptolemy/domains/de/test/auto/PortParameterResetOnInitialize.xml
auto.tcl: Setting watchdog for 200 seconds at Wed Mar 04 07:05:28 UTC 2020
2 ms. Memory: 51200K Free: 31671K (62%)
ptolemy.util.test.WatchDog.cancel(): canceling Wed Mar 04 07:05:28 UTC 2020
auto.tcl: Setting watchdog for 200 seconds at Wed Mar 04 07:05:28 UTC 2020
2 ms. Memory: 51200K Free: 31156K (61%)
ptolemy.util.test.WatchDog.cancel(): canceling Wed Mar 04 07:05:28 UTC 2020
------------------ testing $PTII/ptolemy/domains/de/test/auto/PortParameterUpdates.xml
auto.tcl: Setting watchdog for 200 seconds at Wed Mar 04 07:05:28 UTC 2020
3 ms. Memory: 51200K Free: 29789K (58%)
ptolemy.util.test.WatchDog.cancel(): canceling Wed Mar 04 07:05:28 UTC 2020
auto.tcl: Setting watchdog for 200 seconds at Wed Mar 04 07:05:28 UTC 2020
4 ms. Memory: 51200K Free: 28548K (56%)
ptolemy.util.test.WatchDog.cancel(): canceling Wed Mar 04 07:05:28 UTC 2020
------------------ testing $PTII/ptolemy/domains/de/test/auto/QueueAndServer.xml
auto.tcl: Setting watchdog for 200 seconds at Wed Mar 04 07:05:28 UTC 2020
5 ms. Memory: 51200K Free: 28744K (56%)
ptolemy.util.test.WatchDog.cancel(): canceling Wed Mar 04 07:05:28 UTC 2020
auto.tcl: Setting watchdog for 200 seconds at Wed Mar 04 07:05:28 UTC 2020
5 ms. Memory: 51200K Free: 26985K (53%)
ptolemy.util.test.WatchDog.cancel(): canceling Wed Mar 04 07:05:28 UTC 2020
------------------ testing $PTII/ptolemy/domains/de/test/auto/Records.xml
auto.tcl: Setting watchdog for 200 seconds at Wed Mar 04 07:05:28 UTC 2020
2 ms. Memory: 51200K Free: 30735K (60%)
ptolemy.util.test.WatchDog.cancel(): canceling Wed Mar 04 07:05:28 UTC 2020
auto.tcl: Setting watchdog for 200 seconds at Wed Mar 04 07:05:28 UTC 2020
2 ms. Memory: 51200K Free: 30223K (59%)
ptolemy.util.test.WatchDog.cancel(): canceling Wed Mar 04 07:05:28 UTC 2020
------------------ testing $PTII/ptolemy/domains/de/test/auto/ResetTransitionWithStartTime1.xml
auto.tcl: Setting watchdog for 200 seconds at Wed Mar 04 07:05:28 UTC 2020
8 ms. Memory: 51200K Free: 27981K (55%)
ptolemy.util.test.WatchDog.cancel(): canceling Wed Mar 04 07:05:28 UTC 2020
auto.tcl: Setting watchdog for 200 seconds at Wed Mar 04 07:05:28 UTC 2020
5 ms. Memory: 51200K Free: 25933K (51%)
ptolemy.util.test.WatchDog.cancel(): canceling Wed Mar 04 07:05:28 UTC 2020
------------------ testing $PTII/ptolemy/domains/de/test/auto/ResetTransitionWithStartTime2.xml
auto.tcl: Setting watchdog for 200 seconds at Wed Mar 04 07:05:28 UTC 2020
8 ms. Memory: 51200K Free: 27936K (55%)
ptolemy.util.test.WatchDog.cancel(): canceling Wed Mar 04 07:05:28 UTC 2020
auto.tcl: Setting watchdog for 200 seconds at Wed Mar 04 07:05:28 UTC 2020
5 ms. Memory: 51200K Free: 25888K (51%)
ptolemy.util.test.WatchDog.cancel(): canceling Wed Mar 04 07:05:28 UTC 2020
------------------ testing $PTII/ptolemy/domains/de/test/auto/ResetTransitionWithStartTime3.xml
auto.tcl: Setting watchdog for 200 seconds at Wed Mar 04 07:05:28 UTC 2020
9 ms. Memory: 51200K Free: 27934K (55%)
ptolemy.util.test.WatchDog.cancel(): canceling Wed Mar 04 07:05:28 UTC 2020
auto.tcl: Setting watchdog for 200 seconds at Wed Mar 04 07:05:28 UTC 2020
6 ms. Memory: 51200K Free: 25891K (51%)
ptolemy.util.test.WatchDog.cancel(): canceling Wed Mar 04 07:05:28 UTC 2020
------------------ testing $PTII/ptolemy/domains/de/test/auto/ResetTransitionWithStartTime4.xml
auto.tcl: Setting watchdog for 200 seconds at Wed Mar 04 07:05:28 UTC 2020
7 ms. Memory: 51200K Free: 28370K (55%)
ptolemy.util.test.WatchDog.cancel(): canceling Wed Mar 04 07:05:29 UTC 2020
auto.tcl: Setting watchdog for 200 seconds at Wed Mar 04 07:05:29 UTC 2020
3 ms. Memory: 51200K Free: 26909K (53%)
ptolemy.util.test.WatchDog.cancel(): canceling Wed Mar 04 07:05:29 UTC 2020
------------------ testing $PTII/ptolemy/domains/de/test/auto/ResettableTimer1.xml
auto.tcl: Setting watchdog for 200 seconds at Wed Mar 04 07:05:29 UTC 2020
3 ms. Memory: 51200K Free: 32146K (63%)
ptolemy.util.test.WatchDog.cancel(): canceling Wed Mar 04 07:05:29 UTC 2020
auto.tcl: Setting watchdog for 200 seconds at Wed Mar 04 07:05:29 UTC 2020
2 ms. Memory: 51200K Free: 31502K (62%)
ptolemy.util.test.WatchDog.cancel(): canceling Wed Mar 04 07:05:29 UTC 2020
------------------ testing $PTII/ptolemy/domains/de/test/auto/ResettableTimer2.xml
auto.tcl: Setting watchdog for 200 seconds at Wed Mar 04 07:05:29 UTC 2020
4 ms. Memory: 51200K Free: 32160K (63%)
ptolemy.util.test.WatchDog.cancel(): canceling Wed Mar 04 07:05:29 UTC 2020
auto.tcl: Setting watchdog for 200 seconds at Wed Mar 04 07:05:29 UTC 2020
2 ms. Memory: 51200K Free: 31540K (62%)
ptolemy.util.test.WatchDog.cancel(): canceling Wed Mar 04 07:05:29 UTC 2020
------------------ testing $PTII/ptolemy/domains/de/test/auto/ResettableTimer3.xml
auto.tcl: Setting watchdog for 200 seconds at Wed Mar 04 07:05:29 UTC 2020
1 ms. Memory: 51200K Free: 32507K (63%)
ptolemy.util.test.WatchDog.cancel(): canceling Wed Mar 04 07:05:29 UTC 2020
auto.tcl: Setting watchdog for 200 seconds at Wed Mar 04 07:05:29 UTC 2020
1 ms. Memory: 51200K Free: 31560K (62%)
ptolemy.util.test.WatchDog.cancel(): canceling Wed Mar 04 07:05:29 UTC 2020
------------------ testing $PTII/ptolemy/domains/de/test/auto/ResettableTimer4.xml
auto.tcl: Setting watchdog for 200 seconds at Wed Mar 04 07:05:29 UTC 2020
1 ms. Memory: 51200K Free: 32080K (63%)
ptolemy.util.test.WatchDog.cancel(): canceling Wed Mar 04 07:05:29 UTC 2020
auto.tcl: Setting watchdog for 200 seconds at Wed Mar 04 07:05:29 UTC 2020
1 ms. Memory: 51200K Free: 31573K (62%)
ptolemy.util.test.WatchDog.cancel(): canceling Wed Mar 04 07:05:29 UTC 2020
------------------ testing $PTII/ptolemy/domains/de/test/auto/ResettableTimer5.xml
auto.tcl: Setting watchdog for 200 seconds at Wed Mar 04 07:05:29 UTC 2020
1 ms. Memory: 51200K Free: 31495K (62%)
ptolemy.util.test.WatchDog.cancel(): canceling Wed Mar 04 07:05:29 UTC 2020
auto.tcl: Setting watchdog for 200 seconds at Wed Mar 04 07:05:29 UTC 2020
1 ms. Memory: 51200K Free: 31495K (62%)
ptolemy.util.test.WatchDog.cancel(): canceling Wed Mar 04 07:05:29 UTC 2020
------------------ testing $PTII/ptolemy/domains/de/test/auto/ResettableTimer6.xml
auto.tcl: Setting watchdog for 200 seconds at Wed Mar 04 07:05:29 UTC 2020
2 ms. Memory: 51200K Free: 31555K (62%)
ptolemy.util.test.WatchDog.cancel(): canceling Wed Mar 04 07:05:29 UTC 2020
auto.tcl: Setting watchdog for 200 seconds at Wed Mar 04 07:05:29 UTC 2020
2 ms. Memory: 51200K Free: 31050K (61%)
ptolemy.util.test.WatchDog.cancel(): canceling Wed Mar 04 07:05:29 UTC 2020
------------------ testing $PTII/ptolemy/domains/de/test/auto/ServerZeroDelay.xml
auto.tcl: Setting watchdog for 200 seconds at Wed Mar 04 07:05:29 UTC 2020
4 ms. Memory: 51200K Free: 32060K (63%)
ptolemy.util.test.WatchDog.cancel(): canceling Wed Mar 04 07:05:29 UTC 2020
auto.tcl: Setting watchdog for 200 seconds at Wed Mar 04 07:05:29 UTC 2020
2 ms. Memory: 51200K Free: 31036K (61%)
ptolemy.util.test.WatchDog.cancel(): canceling Wed Mar 04 07:05:29 UTC 2020
------------------ testing $PTII/ptolemy/domains/de/test/auto/SmartSender.xml
auto.tcl: Setting watchdog for 200 seconds at Wed Mar 04 07:05:29 UTC 2020
3002 ms. Memory: 51200K Free: 32059K (63%)
ptolemy.util.test.WatchDog.cancel(): canceling Wed Mar 04 07:05:32 UTC 2020
auto.tcl: Setting watchdog for 200 seconds at Wed Mar 04 07:05:32 UTC 2020
3002 ms. Memory: 51200K Free: 31502K (62%)
ptolemy.util.test.WatchDog.cancel(): canceling Wed Mar 04 07:05:35 UTC 2020
------------------ testing $PTII/ptolemy/domains/de/test/auto/ThreadedComposite.xml
auto.tcl: Setting watchdog for 200 seconds at Wed Mar 04 07:05:35 UTC 2020
197 ms. Memory: 51200K Free: 12099K (24%)
ptolemy.util.test.WatchDog.cancel(): canceling Wed Mar 04 07:05:35 UTC 2020
auto.tcl: Setting watchdog for 200 seconds at Wed Mar 04 07:05:35 UTC 2020
125 ms. Memory: 51200K Free: 25949K (51%)
ptolemy.util.test.WatchDog.cancel(): canceling Wed Mar 04 07:05:35 UTC 2020
------------------ testing $PTII/ptolemy/domains/de/test/auto/Time.xml
auto.tcl: Setting watchdog for 200 seconds at Wed Mar 04 07:05:35 UTC 2020
408 ms. Memory: 51200K Free: 34278K (67%)
ptolemy.util.test.WatchDog.cancel(): canceling Wed Mar 04 07:05:36 UTC 2020
auto.tcl: Setting watchdog for 200 seconds at Wed Mar 04 07:05:36 UTC 2020
363 ms. Memory: 51200K Free: 10779K (21%)
ptolemy.util.test.WatchDog.cancel(): canceling Wed Mar 04 07:05:36 UTC 2020
------------------ testing $PTII/ptolemy/domains/de/test/auto/TimeDelayZeroDelay.xml
auto.tcl: Setting watchdog for 200 seconds at Wed Mar 04 07:05:36 UTC 2020
2 ms. Memory: 51200K Free: 31985K (62%)
ptolemy.util.test.WatchDog.cancel(): canceling Wed Mar 04 07:05:36 UTC 2020
auto.tcl: Setting watchdog for 200 seconds at Wed Mar 04 07:05:36 UTC 2020
2 ms. Memory: 51200K Free: 31503K (62%)
ptolemy.util.test.WatchDog.cancel(): canceling Wed Mar 04 07:05:36 UTC 2020
------------------ testing $PTII/ptolemy/domains/de/test/auto/TimerZeroDelay.xml
auto.tcl: Setting watchdog for 200 seconds at Wed Mar 04 07:05:36 UTC 2020
2 ms. Memory: 51200K Free: 32438K (63%)
ptolemy.util.test.WatchDog.cancel(): canceling Wed Mar 04 07:05:36 UTC 2020
auto.tcl: Setting watchdog for 200 seconds at Wed Mar 04 07:05:36 UTC 2020
2 ms. Memory: 51200K Free: 32027K (63%)
ptolemy.util.test.WatchDog.cancel(): canceling Wed Mar 04 07:05:36 UTC 2020
------------------ testing $PTII/ptolemy/domains/de/test/auto/TimingParadox.xml
auto.tcl: Setting watchdog for 200 seconds at Wed Mar 04 07:05:36 UTC 2020
273 ms. Memory: 51200K Free: 19694K (38%)
ptolemy.util.test.WatchDog.cancel(): canceling Wed Mar 04 07:05:37 UTC 2020
auto.tcl: Setting watchdog for 200 seconds at Wed Mar 04 07:05:37 UTC 2020
263 ms. Memory: 51200K Free: 10038K (20%)
ptolemy.util.test.WatchDog.cancel(): canceling Wed Mar 04 07:05:37 UTC 2020
------------------ testing $PTII/ptolemy/domains/de/test/auto/TransferInputs.xml
auto.tcl: Setting watchdog for 200 seconds at Wed Mar 04 07:05:37 UTC 2020
1 ms. Memory: 51200K Free: 30495K (60%)
ptolemy.util.test.WatchDog.cancel(): canceling Wed Mar 04 07:05:37 UTC 2020
auto.tcl: Setting watchdog for 200 seconds at Wed Mar 04 07:05:37 UTC 2020
2 ms. Memory: 51200K Free: 29614K (58%)
ptolemy.util.test.WatchDog.cancel(): canceling Wed Mar 04 07:05:37 UTC 2020
------------------ testing $PTII/ptolemy/domains/de/test/auto/TransferOutputs2.xml
auto.tcl: Setting watchdog for 200 seconds at Wed Mar 04 07:05:37 UTC 2020
9 ms. Memory: 51200K Free: 27938K (55%)
ptolemy.util.test.WatchDog.cancel(): canceling Wed Mar 04 07:05:37 UTC 2020
auto.tcl: Setting watchdog for 200 seconds at Wed Mar 04 07:05:37 UTC 2020
3 ms. Memory: 51200K Free: 26528K (52%)
ptolemy.util.test.WatchDog.cancel(): canceling Wed Mar 04 07:05:37 UTC 2020
------------------ testing $PTII/ptolemy/domains/de/test/auto/Trilateration.xml
auto.tcl: Setting watchdog for 200 seconds at Wed Mar 04 07:05:37 UTC 2020
11358 ms. Memory: 587776K Free: 380561K (65%)
ptolemy.util.test.WatchDog.cancel(): canceling Wed Mar 04 07:05:50 UTC 2020
auto.tcl: Setting watchdog for 200 seconds at Wed Mar 04 07:05:50 UTC 2020
8703 ms. Memory: 587776K Free: 543491K (92%)
ptolemy.util.test.WatchDog.cancel(): canceling Wed Mar 04 07:05:58 UTC 2020
------------------ testing $PTII/ptolemy/domains/de/test/auto/TwoSigmaDelta.xml
auto.tcl: Setting watchdog for 200 seconds at Wed Mar 04 07:05:58 UTC 2020
2248 ms. Memory: 92160K Free: 29692K (32%)
ptolemy.util.test.WatchDog.cancel(): canceling Wed Mar 04 07:06:01 UTC 2020
auto.tcl: Setting watchdog for 200 seconds at Wed Mar 04 07:06:01 UTC 2020
1660 ms. Memory: 92160K Free: 32229K (35%)
ptolemy.util.test.WatchDog.cancel(): canceling Wed Mar 04 07:06:02 UTC 2020
------------------ testing $PTII/ptolemy/domains/de/test/auto/VariableDelay.xml
auto.tcl: Setting watchdog for 200 seconds at Wed Mar 04 07:06:02 UTC 2020
2 ms. Memory: 55296K Free: 35072K (63%)
ptolemy.util.test.WatchDog.cancel(): canceling Wed Mar 04 07:06:02 UTC 2020
auto.tcl: Setting watchdog for 200 seconds at Wed Mar 04 07:06:02 UTC 2020
1 ms. Memory: 55296K Free: 34048K (62%)
ptolemy.util.test.WatchDog.cancel(): canceling Wed Mar 04 07:06:02 UTC 2020
------------------ testing $PTII/ptolemy/domains/de/test/auto/VariableDelay2.xml
auto.tcl: Setting watchdog for 200 seconds at Wed Mar 04 07:06:02 UTC 2020
1 ms. Memory: 55296K Free: 35665K (64%)
ptolemy.util.test.WatchDog.cancel(): canceling Wed Mar 04 07:06:02 UTC 2020
auto.tcl: Setting watchdog for 200 seconds at Wed Mar 04 07:06:02 UTC 2020
2 ms. Memory: 55296K Free: 35153K (64%)
ptolemy.util.test.WatchDog.cancel(): canceling Wed Mar 04 07:06:02 UTC 2020
------------------ testing $PTII/ptolemy/domains/de/test/auto/VariableDelayZeroDelay.xml
auto.tcl: Setting watchdog for 200 seconds at Wed Mar 04 07:06:03 UTC 2020
2 ms. Memory: 55296K Free: 36013K (65%)
ptolemy.util.test.WatchDog.cancel(): canceling Wed Mar 04 07:06:03 UTC 2020
auto.tcl: Setting watchdog for 200 seconds at Wed Mar 04 07:06:03 UTC 2020
2 ms. Memory: 55296K Free: 35485K (64%)
ptolemy.util.test.WatchDog.cancel(): canceling Wed Mar 04 07:06:03 UTC 2020
------------------ testing $PTII/ptolemy/domains/de/test/auto/VariableDelayZeroDelay2.xml
auto.tcl: Setting watchdog for 200 seconds at Wed Mar 04 07:06:03 UTC 2020
2 ms. Memory: 55296K Free: 36012K (65%)
ptolemy.util.test.WatchDog.cancel(): canceling Wed Mar 04 07:06:03 UTC 2020
auto.tcl: Setting watchdog for 200 seconds at Wed Mar 04 07:06:03 UTC 2020
1 ms. Memory: 55296K Free: 34988K (63%)
ptolemy.util.test.WatchDog.cancel(): canceling Wed Mar 04 07:06:03 UTC 2020
------------------ testing $PTII/ptolemy/domains/de/test/auto/deInCt.xml
auto.tcl: Setting watchdog for 200 seconds at Wed Mar 04 07:06:03 UTC 2020
0
1
1
1
0
0
0
0
1
1
1
0
0
0
0
1
1
1
1
0
0
0
1
1
1
1
0
0
0
0
0
1
1
1
17 ms. Memory: 55296K Free: 34985K (63%)
ptolemy.util.test.WatchDog.cancel(): canceling Wed Mar 04 07:06:03 UTC 2020
auto.tcl: Setting watchdog for 200 seconds at Wed Mar 04 07:06:03 UTC 2020
0
1
1
1
0
0
0
0
0
0
1
1
1
0
0
0
0
1
1
1
0
0
0
1
1
1
1
0
0
0
1
1
0
0
0
0
0
8 ms. Memory: 55296K Free: 33447K (60%)
ptolemy.util.test.WatchDog.cancel(): canceling Wed Mar 04 07:06:03 UTC 2020
------------------ testing $PTII/ptolemy/domains/de/test/auto/deInCt2.xml
auto.tcl: Setting watchdog for 200 seconds at Wed Mar 04 07:06:03 UTC 2020
0
1
1
1
0
0
1
1
1
0
0
1
1
1
0
0
1
1
1
0
0
1
1
1
0
0
1
1
1
0
0
1
1
1
0
0
1
1
1
0
0
0
11 ms. Memory: 55296K Free: 34988K (63%)
ptolemy.util.test.WatchDog.cancel(): canceling Wed Mar 04 07:06:03 UTC 2020
auto.tcl: Setting watchdog for 200 seconds at Wed Mar 04 07:06:03 UTC 2020
0
1
1
1
0
0
1
1
1
0
0
1
1
1
0
0
1
1
1
0
0
1
1
1
0
0
1
1
1
0
0
1
1
1
0
0
1
1
1
0
0
0
4 ms. Memory: 55296K Free: 33450K (60%)
ptolemy.util.test.WatchDog.cancel(): canceling Wed Mar 04 07:06:03 UTC 2020
------------------ testing $PTII/ptolemy/domains/de/test/auto/dynamicCausalityInterface1.xml
auto.tcl: Setting watchdog for 200 seconds at Wed Mar 04 07:06:03 UTC 2020
1 ms. Memory: 55296K Free: 30887K (56%)
ptolemy.util.test.WatchDog.cancel(): canceling Wed Mar 04 07:06:03 UTC 2020
auto.tcl: Setting watchdog for 200 seconds at Wed Mar 04 07:06:03 UTC 2020
1 ms. Memory: 55296K Free: 30343K (55%)
ptolemy.util.test.WatchDog.cancel(): canceling Wed Mar 04 07:06:03 UTC 2020
------------------ testing $PTII/ptolemy/domains/de/test/auto/fsm_de_test.xml
auto.tcl: Setting watchdog for 200 seconds at Wed Mar 04 07:06:03 UTC 2020
12 ms. Memory: 55296K Free: 30785K (56%)
ptolemy.util.test.WatchDog.cancel(): canceling Wed Mar 04 07:06:03 UTC 2020
auto.tcl: Setting watchdog for 200 seconds at Wed Mar 04 07:06:03 UTC 2020
9 ms. Memory: 55296K Free: 28737K (52%)
ptolemy.util.test.WatchDog.cancel(): canceling Wed Mar 04 07:06:03 UTC 2020
------------------ testing $PTII/ptolemy/domains/de/test/auto/functionDependencyReconstruction.xml
auto.tcl: Setting watchdog for 200 seconds at Wed Mar 04 07:06:03 UTC 2020
2 ms. Memory: 55296K Free: 24631K (45%)
ptolemy.util.test.WatchDog.cancel(): canceling Wed Mar 04 07:06:03 UTC 2020
auto.tcl: Setting watchdog for 200 seconds at Wed Mar 04 07:06:03 UTC 2020
3 ms. Memory: 55296K Free: 22583K (41%)
ptolemy.util.test.WatchDog.cancel(): canceling Wed Mar 04 07:06:03 UTC 2020
------------------ testing $PTII/ptolemy/domains/de/test/auto/multirate.xml
auto.tcl: Setting watchdog for 200 seconds at Wed Mar 04 07:06:03 UTC 2020
3 ms. Memory: 55296K Free: 33395K (60%)
ptolemy.util.test.WatchDog.cancel(): canceling Wed Mar 04 07:06:03 UTC 2020
auto.tcl: Setting watchdog for 200 seconds at Wed Mar 04 07:06:03 UTC 2020
3 ms. Memory: 55296K Free: 31681K (57%)
ptolemy.util.test.WatchDog.cancel(): canceling Wed Mar 04 07:06:03 UTC 2020
------------------ testing $PTII/ptolemy/domains/de/test/auto/multirate2.xml
auto.tcl: Setting watchdog for 200 seconds at Wed Mar 04 07:06:03 UTC 2020
3 ms. Memory: 55296K Free: 33382K (60%)
ptolemy.util.test.WatchDog.cancel(): canceling Wed Mar 04 07:06:03 UTC 2020
auto.tcl: Setting watchdog for 200 seconds at Wed Mar 04 07:06:03 UTC 2020
2 ms. Memory: 55296K Free: 31862K (58%)
ptolemy.util.test.WatchDog.cancel(): canceling Wed Mar 04 07:06:03 UTC 2020
------------------ testing $PTII/ptolemy/domains/de/test/auto/realtime.xml
auto.tcl: Setting watchdog for 200 seconds at Wed Mar 04 07:06:03 UTC 2020
10001 ms. Memory: 55296K Free: 35637K (64%)
ptolemy.util.test.WatchDog.cancel(): canceling Wed Mar 04 07:06:13 UTC 2020
auto.tcl: Setting watchdog for 200 seconds at Wed Mar 04 07:06:13 UTC 2020
10003 ms. Memory: 55296K Free: 35125K (64%)
ptolemy.util.test.WatchDog.cancel(): canceling Wed Mar 04 07:06:23 UTC 2020
------------------ testing $PTII/ptolemy/domains/de/test/auto/relationGroup.xml
auto.tcl: Setting watchdog for 200 seconds at Wed Mar 04 07:06:23 UTC 2020
2 ms. Memory: 55296K Free: 36686K (66%)
ptolemy.util.test.WatchDog.cancel(): canceling Wed Mar 04 07:06:23 UTC 2020
auto.tcl: Setting watchdog for 200 seconds at Wed Mar 04 07:06:23 UTC 2020
1 ms. Memory: 55296K Free: 36174K (65%)
ptolemy.util.test.WatchDog.cancel(): canceling Wed Mar 04 07:06:23 UTC 2020
------------------ testing $PTII/ptolemy/domains/de/test/auto/relationGroup2.xml
auto.tcl: Setting watchdog for 200 seconds at Wed Mar 04 07:06:23 UTC 2020
1 ms. Memory: 55296K Free: 36549K (66%)
ptolemy.util.test.WatchDog.cancel(): canceling Wed Mar 04 07:06:23 UTC 2020
auto.tcl: Setting watchdog for 200 seconds at Wed Mar 04 07:06:23 UTC 2020
2 ms. Memory: 55296K Free: 36039K (65%)
ptolemy.util.test.WatchDog.cancel(): canceling Wed Mar 04 07:06:23 UTC 2020
------------------ testing $PTII/ptolemy/domains/de/test/auto/sortWithOpaquePorts.xml
auto.tcl: Setting watchdog for 200 seconds at Wed Mar 04 07:06:23 UTC 2020
1 ms. Memory: 55296K Free: 36039K (65%)
ptolemy.util.test.WatchDog.cancel(): canceling Wed Mar 04 07:06:23 UTC 2020
auto.tcl: Setting watchdog for 200 seconds at Wed Mar 04 07:06:23 UTC 2020
2 ms. Memory: 55296K Free: 34501K (62%)
ptolemy.util.test.WatchDog.cancel(): canceling Wed Mar 04 07:06:23 UTC 2020
------------------ testing $PTII/ptolemy/domains/de/test/auto/transferInputsandOutputs.xml
auto.tcl: Setting watchdog for 200 seconds at Wed Mar 04 07:06:23 UTC 2020
4 ms. Memory: 55296K Free: 32955K (60%)
ptolemy.util.test.WatchDog.cancel(): canceling Wed Mar 04 07:06:23 UTC 2020
auto.tcl: Setting watchdog for 200 seconds at Wed Mar 04 07:06:23 UTC 2020
2 ms. Memory: 55296K Free: 31931K (58%)
ptolemy.util.test.WatchDog.cancel(): canceling Wed Mar 04 07:06:23 UTC 2020
------------------ testing $PTII/ptolemy/domains/de/test/auto/triggerType.xml
auto.tcl: Setting watchdog for 200 seconds at Wed Mar 04 07:06:23 UTC 2020
2 ms. Memory: 51200K Free: 31884K (62%)
ptolemy.util.test.WatchDog.cancel(): canceling Wed Mar 04 07:06:23 UTC 2020
auto.tcl: Setting watchdog for 200 seconds at Wed Mar 04 07:06:23 UTC 2020
2 ms. Memory: 51200K Free: 30860K (60%)
ptolemy.util.test.WatchDog.cancel(): canceling Wed Mar 04 07:06:23 UTC 2020
03/04/20 07:06:23
Failed: 0  Total Tests: 192  ((Passed: 187, Newly Passed: 1)  Known Failed: 5) /home/travis/build/icyphy/ptII/ptolemy/domains/de/test
03/04/20 07:06:23
Failed: 0  Total Tests: 192  ((Passed: 187, Newly Passed: 1)  Known Failed: 5) /home/travis/build/icyphy/ptII/ptolemy/domains/de/test
----------------- testing (KnownFailure) /home/travis/build/icyphy/ptII/ptolemy/domains/de/test/auto/knownFailedTests/DESDFClockTest.xml
2015 ms. Memory: 51200K Free: 25278K (49%)
Known Failure: java.lang.reflect.InvocationTargetException
----------------- testing (KnownFailure) /home/travis/build/icyphy/ptII/ptolemy/domains/de/test/auto/knownFailedTests/DirectFeedback.xml
2 ms. Memory: 51200K Free: 21182K (41%)
Known Failure: java.lang.reflect.InvocationTargetException
----------------- testing (KnownFailure) /home/travis/build/icyphy/ptII/ptolemy/domains/de/test/auto/knownFailedTests/FSMSource.xml
10 ms. Memory: 51200K Free: 12984K (25%)
----------------- testing (KnownFailure) /home/travis/build/icyphy/ptII/ptolemy/domains/de/test/auto/knownFailedTests/HierarchicalModel.xml
2 ms. Memory: 51200K Free: 25192K (49%)
Known Failure: java.lang.reflect.InvocationTargetException
----------------- testing (KnownFailure) /home/travis/build/icyphy/ptII/ptolemy/domains/de/test/auto/knownFailedTests/dependencyLoop.xml
2 ms. Memory: 51200K Free: 10263K (20%)
Known Failure: java.lang.reflect.InvocationTargetException
----------------- testing (KnownFailure) /home/travis/build/icyphy/ptII/ptolemy/domains/de/test/auto/knownFailedTests/dependencyLoop2.xml
4 ms. Memory: 51200K Free: 23349K (46%)
Known Failure: java.lang.reflect.InvocationTargetException
No auto/linux-amd64/*.xml tests in /home/travis/build/icyphy/ptII/ptolemy/domains/de/test
AutoTests.java: About to close Vertx.
AutoTests.java: Vertx closed.

===========================================================================================
----------------- testing Wed Mar 04 07:06:26 UTC 2020 /home/travis/build/icyphy/ptII/ptolemy/domains/de/test/auto/ActorDepthCalculation_actorWithoutPorts.xml
----------------- Instantiating /home/travis/build/icyphy/ptII/ptolemy/domains/de/test/auto/ActorDepthCalculation_actorWithoutPorts.xml
2 ms. Memory: 51200K Free: 16530K (32%)
----------------- Invoking toplevel() on ptolemy.moml.MoMLSimpleApplication@27646adf
----------------- Done invoking toplevel() on ptolemy.moml.MoMLSimpleApplication@27646adf
reloadAllAccessors: .ActorDepthCalculation_actorWithoutPorts

===========================================================================================
----------------- testing Wed Mar 04 07:06:26 UTC 2020 /home/travis/build/icyphy/ptII/ptolemy/domains/de/test/auto/AssemblyLine.xml
----------------- Instantiating /home/travis/build/icyphy/ptII/ptolemy/domains/de/test/auto/AssemblyLine.xml
2 ms. Memory: 51200K Free: 9362K (18%)
----------------- Invoking toplevel() on ptolemy.moml.MoMLSimpleApplication@a6d8337
----------------- Done invoking toplevel() on ptolemy.moml.MoMLSimpleApplication@a6d8337
reloadAllAccessors: .AssemblyLine

===========================================================================================
----------------- testing Wed Mar 04 07:06:26 UTC 2020 /home/travis/build/icyphy/ptII/ptolemy/domains/de/test/auto/CQBug1.xml
----------------- Instantiating /home/travis/build/icyphy/ptII/ptolemy/domains/de/test/auto/CQBug1.xml
1 ms. Memory: 51200K Free: 34094K (67%)
----------------- Invoking toplevel() on ptolemy.moml.MoMLSimpleApplication@4253d7d
----------------- Done invoking toplevel() on ptolemy.moml.MoMLSimpleApplication@4253d7d
reloadAllAccessors: .CQBug1

===========================================================================================
----------------- testing Wed Mar 04 07:06:26 UTC 2020 /home/travis/build/icyphy/ptII/ptolemy/domains/de/test/auto/CancelFireAt.xml
----------------- Instantiating /home/travis/build/icyphy/ptII/ptolemy/domains/de/test/auto/CancelFireAt.xml
1 ms. Memory: 51200K Free: 31633K (62%)
----------------- Invoking toplevel() on ptolemy.moml.MoMLSimpleApplication@343d0e1e
----------------- Done invoking toplevel() on ptolemy.moml.MoMLSimpleApplication@343d0e1e
reloadAllAccessors: .CancelFireAt

===========================================================================================
----------------- testing Wed Mar 04 07:06:26 UTC 2020 /home/travis/build/icyphy/ptII/ptolemy/domains/de/test/auto/CausalityAndComposabilityAnalysis.xml
----------------- Instantiating /home/travis/build/icyphy/ptII/ptolemy/domains/de/test/auto/CausalityAndComposabilityAnalysis.xml
1 ms. Memory: 51200K Free: 27258K (53%)
----------------- Invoking toplevel() on ptolemy.moml.MoMLSimpleApplication@3a494473
----------------- Done invoking toplevel() on ptolemy.moml.MoMLSimpleApplication@3a494473
reloadAllAccessors: .CausalityAndComposabilityAnalysis

===========================================================================================
----------------- testing Wed Mar 04 07:06:26 UTC 2020 /home/travis/build/icyphy/ptII/ptolemy/domains/de/test/auto/CausalityInterface1.xml
----------------- Instantiating /home/travis/build/icyphy/ptII/ptolemy/domains/de/test/auto/CausalityInterface1.xml
5 ms. Memory: 51200K Free: 22417K (44%)
----------------- Invoking toplevel() on ptolemy.moml.MoMLSimpleApplication@4d3b21f2
----------------- Done invoking toplevel() on ptolemy.moml.MoMLSimpleApplication@4d3b21f2
reloadAllAccessors: .CausalityInterface1

===========================================================================================
----------------- testing Wed Mar 04 07:06:26 UTC 2020 /home/travis/build/icyphy/ptII/ptolemy/domains/de/test/auto/CausalityInterface15.xml
----------------- Instantiating /home/travis/build/icyphy/ptII/ptolemy/domains/de/test/auto/CausalityInterface15.xml
2 ms. Memory: 51200K Free: 17018K (33%)
----------------- Invoking toplevel() on ptolemy.moml.MoMLSimpleApplication@212627fc
----------------- Done invoking toplevel() on ptolemy.moml.MoMLSimpleApplication@212627fc
reloadAllAccessors: .CausalityInterface15

===========================================================================================
----------------- testing Wed Mar 04 07:06:26 UTC 2020 /home/travis/build/icyphy/ptII/ptolemy/domains/de/test/auto/CausalityInterface2.xml
----------------- Instantiating /home/travis/build/icyphy/ptII/ptolemy/domains/de/test/auto/CausalityInterface2.xml
1 ms. Memory: 51200K Free: 12536K (24%)
[...]
	at ptolemy.actor.Manager.run(Manager.java:1263)
	at ptolemy.actor.Manager$PtolemyRunThread.run(Manager.java:1933)
java.lang.RuntimeException: Execution failed
	at ptolemy.moml.MoMLSimpleApplication$UnloadThread.run(MoMLSimpleApplication.java:402)
Caused by: ptolemy.kernel.util.IllegalActionException: Actor is not ready to fire.  Perhaps UpSample.prefire() returned false? Try debugging the actor by selecting "Listen to Actor".  Also, for SDF check moml for tokenConsumptionRate on input.
  in .DESDFClockTest.Play Bell.Copy1:SDF Director and .DESDFClockTest.Play Bell.UpSample
	at ptolemy.actor.sched.StaticSchedulingDirector.fire(StaticSchedulingDirector.java:227)
	at ptolemy.domains.sdf.kernel.SDFDirector.fire(SDFDirector.java:500)
	at ptolemy.actor.CompositeActor.fire(CompositeActor.java:455)
	at ptolemy.domains.de.kernel.DEDirector._fire(DEDirector.java:1949)
	at ptolemy.domains.de.kernel.DEDirector.fire(DEDirector.java:502)
	at ptolemy.actor.CompositeActor.fire(CompositeActor.java:455)
	at ptolemy.actor.Manager.iterate(Manager.java:851)
	at ptolemy.actor.Manager.execute(Manager.java:369)
	at ptolemy.actor.Manager.run(Manager.java:1263)
	at ptolemy.actor.Manager$PtolemyRunThread.run(Manager.java:1933)
java.lang.reflect.InvocationTargetException
	at java.base/jdk.internal.reflect.NativeConstructorAccessorImpl.newInstance0(Native Method)
	at java.base/jdk.internal.reflect.NativeConstructorAccessorImpl.newInstance(NativeConstructorAccessorImpl.java:62)
	at java.base/jdk.internal.reflect.DelegatingConstructorAccessorImpl.newInstance(DelegatingConstructorAccessorImpl.java:45)
	at java.base/java.lang.reflect.Constructor.newInstance(Constructor.java:490)
	at ptolemy.util.test.junit.AutoKnownFailedTests.RunModel(AutoKnownFailedTests.java:105)
	at java.base/jdk.internal.reflect.NativeMethodAccessorImpl.invoke0(Native Method)
	at java.base/jdk.internal.reflect.NativeMethodAccessorImpl.invoke(NativeMethodAccessorImpl.java:62)
	at java.base/jdk.internal.reflect.DelegatingMethodAccessorImpl.invoke(DelegatingMethodAccessorImpl.java:43)
	at java.base/java.lang.reflect.Method.invoke(Method.java:566)
	at org.junit.runners.model.FrameworkMethod$1.runReflectiveCall(FrameworkMethod.java:44)
	at org.junit.internal.runners.model.ReflectiveCallable.run(ReflectiveCallable.java:15)
	at org.junit.runners.model.FrameworkMethod.invokeExplosively(FrameworkMethod.java:41)
	at junitparams.internal.InvokeParameterisedMethod.evaluate(InvokeParameterisedMethod.java:102)
	at org.junit.internal.runners.statements.FailOnTimeout$1.run(FailOnTimeout.java:28)
Caused by: ptolemy.kernel.util.IllegalActionException: Actor is not ready to fire.  Perhaps UpSample.prefire() returned false? Try debugging the actor by selecting "Listen to Actor".  Also, for SDF check moml for tokenConsumptionRate on input.
  in .DESDFClockTest.Play Bell.Copy1:SDF Director and .DESDFClockTest.Play Bell.UpSample
	at ptolemy.actor.sched.StaticSchedulingDirector.fire(StaticSchedulingDirector.java:227)
	at ptolemy.domains.sdf.kernel.SDFDirector.fire(SDFDirector.java:500)
	at ptolemy.actor.CompositeActor.fire(CompositeActor.java:455)
	at ptolemy.domains.de.kernel.DEDirector._fire(DEDirector.java:1949)
	at ptolemy.domains.de.kernel.DEDirector.fire(DEDirector.java:502)
	at ptolemy.actor.CompositeActor.fire(CompositeActor.java:455)
	at ptolemy.actor.Manager.iterate(Manager.java:851)
	at ptolemy.actor.Manager.execute(Manager.java:369)
	at ptolemy.actor.Manager.run(Manager.java:1263)
	at ptolemy.actor.Manager$PtolemyRunThread.run(Manager.java:1933)
java.lang.RuntimeException: Execution failed
	at ptolemy.moml.MoMLSimpleApplication$UnloadThread.run(MoMLSimpleApplication.java:402)
Caused by: ptolemy.kernel.util.IllegalActionException: Test fails in iteration 1.
Value was: 1.0. Should have been: 2.0
  in .DirectFeedback.Test
	at ptolemy.actor.lib.Test.fire(Test.java:268)
	at ptolemy.domains.de.kernel.DEDirector._fire(DEDirector.java:1949)
	at ptolemy.domains.de.kernel.DEDirector.fire(DEDirector.java:502)
	at ptolemy.actor.CompositeActor.fire(CompositeActor.java:455)
	at ptolemy.actor.Manager.iterate(Manager.java:851)
	at ptolemy.actor.Manager.execute(Manager.java:369)
	at ptolemy.actor.Manager.run(Manager.java:1263)
	at ptolemy.actor.Manager$PtolemyRunThread.run(Manager.java:1933)
java.lang.reflect.InvocationTargetException
	at java.base/jdk.internal.reflect.NativeConstructorAccessorImpl.newInstance0(Native Method)
	at java.base/jdk.internal.reflect.NativeConstructorAccessorImpl.newInstance(NativeConstructorAccessorImpl.java:62)
	at java.base/jdk.internal.reflect.DelegatingConstructorAccessorImpl.newInstance(DelegatingConstructorAccessorImpl.java:45)
	at java.base/java.lang.reflect.Constructor.newInstance(Constructor.java:490)
	at ptolemy.util.test.junit.AutoKnownFailedTests.RunModel(AutoKnownFailedTests.java:105)
	at java.base/jdk.internal.reflect.NativeMethodAccessorImpl.invoke0(Native Method)
	at java.base/jdk.internal.reflect.NativeMethodAccessorImpl.invoke(NativeMethodAccessorImpl.java:62)
	at java.base/jdk.internal.reflect.DelegatingMethodAccessorImpl.invoke(DelegatingMethodAccessorImpl.java:43)
	at java.base/java.lang.reflect.Method.invoke(Method.java:566)
	at org.junit.runners.model.FrameworkMethod$1.runReflectiveCall(FrameworkMethod.java:44)
	at org.junit.internal.runners.model.ReflectiveCallable.run(ReflectiveCallable.java:15)
	at org.junit.runners.model.FrameworkMethod.invokeExplosively(FrameworkMethod.java:41)
	at junitparams.internal.InvokeParameterisedMethod.evaluate(InvokeParameterisedMethod.java:102)
	at org.junit.internal.runners.statements.FailOnTimeout$1.run(FailOnTimeout.java:28)
Caused by: ptolemy.kernel.util.IllegalActionException: Test fails in iteration 1.
Value was: 1.0. Should have been: 2.0
  in .DirectFeedback.Test
	at ptolemy.actor.lib.Test.fire(Test.java:268)
	at ptolemy.domains.de.kernel.DEDirector._fire(DEDirector.java:1949)
	at ptolemy.domains.de.kernel.DEDirector.fire(DEDirector.java:502)
	at ptolemy.actor.CompositeActor.fire(CompositeActor.java:455)
	at ptolemy.actor.Manager.iterate(Manager.java:851)
	at ptolemy.actor.Manager.execute(Manager.java:369)
	at ptolemy.actor.Manager.run(Manager.java:1263)
	at ptolemy.actor.Manager$PtolemyRunThread.run(Manager.java:1933)
java.lang.RuntimeException: Execution failed
	at ptolemy.moml.MoMLSimpleApplication$UnloadThread.run(MoMLSimpleApplication.java:402)
Caused by: ptolemy.kernel.util.IllegalActionException: Found a zero delay loop containing .HierarchicalModel.A
  in .HierarchicalModel and .HierarchicalModel.A
	at ptolemy.actor.util.CausalityInterfaceForComposites._computeOutputPortDepth(CausalityInterfaceForComposites.java:759)
	at ptolemy.actor.util.CausalityInterfaceForComposites._computeInputDepth(CausalityInterfaceForComposites.java:696)
	at ptolemy.actor.util.CausalityInterfaceForComposites._computeOutputPortDepth(CausalityInterfaceForComposites.java:765)
	at ptolemy.actor.util.CausalityInterfaceForComposites._computeInputDepth(CausalityInterfaceForComposites.java:696)
	at ptolemy.actor.util.CausalityInterfaceForComposites._computeOutputPortDepth(CausalityInterfaceForComposites.java:765)
	at ptolemy.actor.util.CausalityInterfaceForComposites._computeInputDepth(CausalityInterfaceForComposites.java:696)
	at ptolemy.actor.util.CausalityInterfaceForComposites._computeActorDepth(CausalityInterfaceForComposites.java:532)
	at ptolemy.actor.util.CausalityInterfaceForComposites.checkForCycles(CausalityInterfaceForComposites.java:96)
	at ptolemy.domains.de.kernel.DEDirector.preinitialize(DEDirector.java:1338)
	at ptolemy.actor.CompositeActor.preinitialize(CompositeActor.java:1828)
	at ptolemy.actor.Manager.preinitializeAndResolveTypes(Manager.java:1040)
	at ptolemy.actor.Manager.initialize(Manager.java:710)
	at ptolemy.actor.Manager.execute(Manager.java:356)
	at ptolemy.actor.Manager.run(Manager.java:1263)
	at ptolemy.actor.Manager$PtolemyRunThread.run(Manager.java:1933)
java.lang.reflect.InvocationTargetException
	at java.base/jdk.internal.reflect.NativeConstructorAccessorImpl.newInstance0(Native Method)
	at java.base/jdk.internal.reflect.NativeConstructorAccessorImpl.newInstance(NativeConstructorAccessorImpl.java:62)
	at java.base/jdk.internal.reflect.DelegatingConstructorAccessorImpl.newInstance(DelegatingConstructorAccessorImpl.java:45)
	at java.base/java.lang.reflect.Constructor.newInstance(Constructor.java:490)
	at ptolemy.util.test.junit.AutoKnownFailedTests.RunModel(AutoKnownFailedTests.java:105)
	at java.base/jdk.internal.reflect.NativeMethodAccessorImpl.invoke0(Native Method)
	at java.base/jdk.internal.reflect.NativeMethodAccessorImpl.invoke(NativeMethodAccessorImpl.java:62)
	at java.base/jdk.internal.reflect.DelegatingMethodAccessorImpl.invoke(DelegatingMethodAccessorImpl.java:43)
	at java.base/java.lang.reflect.Method.invoke(Method.java:566)
	at org.junit.runners.model.FrameworkMethod$1.runReflectiveCall(FrameworkMethod.java:44)
	at org.junit.internal.runners.model.ReflectiveCallable.run(ReflectiveCallable.java:15)
	at org.junit.runners.model.FrameworkMethod.invokeExplosively(FrameworkMethod.java:41)
	at junitparams.internal.InvokeParameterisedMethod.evaluate(InvokeParameterisedMethod.java:102)
	at org.junit.internal.runners.statements.FailOnTimeout$1.run(FailOnTimeout.java:28)
Caused by: ptolemy.kernel.util.IllegalActionException: Found a zero delay loop containing .HierarchicalModel.A
  in .HierarchicalModel and .HierarchicalModel.A
	at ptolemy.actor.util.CausalityInterfaceForComposites._computeOutputPortDepth(CausalityInterfaceForComposites.java:759)
	at ptolemy.actor.util.CausalityInterfaceForComposites._computeInputDepth(CausalityInterfaceForComposites.java:696)
	at ptolemy.actor.util.CausalityInterfaceForComposites._computeOutputPortDepth(CausalityInterfaceForComposites.java:765)
	at ptolemy.actor.util.CausalityInterfaceForComposites._computeInputDepth(CausalityInterfaceForComposites.java:696)
	at ptolemy.actor.util.CausalityInterfaceForComposites._computeOutputPortDepth(CausalityInterfaceForComposites.java:765)
	at ptolemy.actor.util.CausalityInterfaceForComposites._computeInputDepth(CausalityInterfaceForComposites.java:696)
	at ptolemy.actor.util.CausalityInterfaceForComposites._computeActorDepth(CausalityInterfaceForComposites.java:532)
	at ptolemy.actor.util.CausalityInterfaceForComposites.checkForCycles(CausalityInterfaceForComposites.java:96)
	at ptolemy.domains.de.kernel.DEDirector.preinitialize(DEDirector.java:1338)
	at ptolemy.actor.CompositeActor.preinitialize(CompositeActor.java:1828)
	at ptolemy.actor.Manager.preinitializeAndResolveTypes(Manager.java:1040)
	at ptolemy.actor.Manager.initialize(Manager.java:710)
	at ptolemy.actor.Manager.execute(Manager.java:356)
	at ptolemy.actor.Manager.run(Manager.java:1263)
	at ptolemy.actor.Manager$PtolemyRunThread.run(Manager.java:1933)
java.lang.RuntimeException: Execution failed
	at ptolemy.moml.MoMLSimpleApplication$UnloadThread.run(MoMLSimpleApplication.java:402)
Caused by: ptolemy.kernel.util.IllegalActionException: Found a zero delay loop containing .dependencyLoop.original
  in .dependencyLoop and .dependencyLoop.original
	at ptolemy.actor.util.CausalityInterfaceForComposites._computeOutputPortDepth(CausalityInterfaceForComposites.java:759)
	at ptolemy.actor.util.CausalityInterfaceForComposites._computeInputDepth(CausalityInterfaceForComposites.java:696)
	at ptolemy.actor.util.CausalityInterfaceForComposites._computeOutputPortDepth(CausalityInterfaceForComposites.java:765)
	at ptolemy.actor.util.CausalityInterfaceForComposites._computeInputDepth(CausalityInterfaceForComposites.java:696)
	at ptolemy.actor.util.CausalityInterfaceForComposites._computeOutputPortDepth(CausalityInterfaceForComposites.java:765)
	at ptolemy.actor.util.CausalityInterfaceForComposites._computeInputDepth(CausalityInterfaceForComposites.java:696)
	at ptolemy.actor.util.CausalityInterfaceForComposites._computeActorDepth(CausalityInterfaceForComposites.java:532)
	at ptolemy.actor.util.CausalityInterfaceForComposites.checkForCycles(CausalityInterfaceForComposites.java:96)
	at ptolemy.domains.de.kernel.DEDirector.preinitialize(DEDirector.java:1338)
	at ptolemy.actor.CompositeActor.preinitialize(CompositeActor.java:1828)
	at ptolemy.actor.Manager.preinitializeAndResolveTypes(Manager.java:1040)
	at ptolemy.actor.Manager.initialize(Manager.java:710)
	at ptolemy.actor.Manager.execute(Manager.java:356)
	at ptolemy.actor.Manager.run(Manager.java:1263)
	at ptolemy.actor.Manager$PtolemyRunThread.run(Manager.java:1933)
java.lang.reflect.InvocationTargetException
	at java.base/jdk.internal.reflect.NativeConstructorAccessorImpl.newInstance0(Native Method)
	at java.base/jdk.internal.reflect.NativeConstructorAccessorImpl.newInstance(NativeConstructorAccessorImpl.java:62)
	at java.base/jdk.internal.reflect.DelegatingConstructorAccessorImpl.newInstance(DelegatingConstructorAccessorImpl.java:45)
	at java.base/java.lang.reflect.Constructor.newInstance(Constructor.java:490)
	at ptolemy.util.test.junit.AutoKnownFailedTests.RunModel(AutoKnownFailedTests.java:105)
	at java.base/jdk.internal.reflect.NativeMethodAccessorImpl.invoke0(Native Method)
	at java.base/jdk.internal.reflect.NativeMethodAccessorImpl.invoke(NativeMethodAccessorImpl.java:62)
	at java.base/jdk.internal.reflect.DelegatingMethodAccessorImpl.invoke(DelegatingMethodAccessorImpl.java:43)
	at java.base/java.lang.reflect.Method.invoke(Method.java:566)
	at org.junit.runners.model.FrameworkMethod$1.runReflectiveCall(FrameworkMethod.java:44)
	at org.junit.internal.runners.model.ReflectiveCallable.run(ReflectiveCallable.java:15)
	at org.junit.runners.model.FrameworkMethod.invokeExplosively(FrameworkMethod.java:41)
	at junitparams.internal.InvokeParameterisedMethod.evaluate(InvokeParameterisedMethod.java:102)
	at org.junit.internal.runners.statements.FailOnTimeout$1.run(FailOnTimeout.java:28)
Caused by: ptolemy.kernel.util.IllegalActionException: Found a zero delay loop containing .dependencyLoop.original
  in .dependencyLoop and .dependencyLoop.original
	at ptolemy.actor.util.CausalityInterfaceForComposites._computeOutputPortDepth(CausalityInterfaceForComposites.java:759)
	at ptolemy.actor.util.CausalityInterfaceForComposites._computeInputDepth(CausalityInterfaceForComposites.java:696)
	at ptolemy.actor.util.CausalityInterfaceForComposites._computeOutputPortDepth(CausalityInterfaceForComposites.java:765)
	at ptolemy.actor.util.CausalityInterfaceForComposites._computeInputDepth(CausalityInterfaceForComposites.java:696)
	at ptolemy.actor.util.CausalityInterfaceForComposites._computeOutputPortDepth(CausalityInterfaceForComposites.java:765)
	at ptolemy.actor.util.CausalityInterfaceForComposites._computeInputDepth(CausalityInterfaceForComposites.java:696)
	at ptolemy.actor.util.CausalityInterfaceForComposites._computeActorDepth(CausalityInterfaceForComposites.java:532)
	at ptolemy.actor.util.CausalityInterfaceForComposites.checkForCycles(CausalityInterfaceForComposites.java:96)
	at ptolemy.domains.de.kernel.DEDirector.preinitialize(DEDirector.java:1338)
	at ptolemy.actor.CompositeActor.preinitialize(CompositeActor.java:1828)
	at ptolemy.actor.Manager.preinitializeAndResolveTypes(Manager.java:1040)
	at ptolemy.actor.Manager.initialize(Manager.java:710)
	at ptolemy.actor.Manager.execute(Manager.java:356)
	at ptolemy.actor.Manager.run(Manager.java:1263)
	at ptolemy.actor.Manager$PtolemyRunThread.run(Manager.java:1933)
java.lang.RuntimeException: Execution failed
	at ptolemy.moml.MoMLSimpleApplication$UnloadThread.run(MoMLSimpleApplication.java:402)
Caused by: ptolemy.kernel.util.IllegalActionException: Found a zero delay loop containing .dependencyLoop2.original
  in .dependencyLoop2 and .dependencyLoop2.original
	at ptolemy.actor.util.CausalityInterfaceForComposites._computeOutputPortDepth(CausalityInterfaceForComposites.java:759)
	at ptolemy.actor.util.CausalityInterfaceForComposites._computeInputDepth(CausalityInterfaceForComposites.java:696)
	at ptolemy.actor.util.CausalityInterfaceForComposites._computeOutputPortDepth(CausalityInterfaceForComposites.java:765)
	at ptolemy.actor.util.CausalityInterfaceForComposites._computeInputDepth(CausalityInterfaceForComposites.java:696)
	at ptolemy.actor.util.CausalityInterfaceForComposites._computeOutputPortDepth(CausalityInterfaceForComposites.java:765)
	at ptolemy.actor.util.CausalityInterfaceForComposites._computeInputDepth(CausalityInterfaceForComposites.java:696)
	at ptolemy.actor.util.CausalityInterfaceForComposites._computeActorDepth(CausalityInterfaceForComposites.java:532)
	at ptolemy.actor.util.CausalityInterfaceForComposites.checkForCycles(CausalityInterfaceForComposites.java:96)
	at ptolemy.domains.de.kernel.DEDirector.preinitialize(DEDirector.java:1338)
	at ptolemy.actor.CompositeActor.preinitialize(CompositeActor.java:1828)
	at ptolemy.actor.Manager.preinitializeAndResolveTypes(Manager.java:1040)
	at ptolemy.actor.Manager.initialize(Manager.java:710)
	at ptolemy.actor.Manager.execute(Manager.java:356)
	at ptolemy.actor.Manager.run(Manager.java:1263)
	at ptolemy.actor.Manager$PtolemyRunThread.run(Manager.java:1933)
java.lang.reflect.InvocationTargetException
	at java.base/jdk.internal.reflect.NativeConstructorAccessorImpl.newInstance0(Native Method)
	at java.base/jdk.internal.reflect.NativeConstructorAccessorImpl.newInstance(NativeConstructorAccessorImpl.java:62)
	at java.base/jdk.internal.reflect.DelegatingConstructorAccessorImpl.newInstance(DelegatingConstructorAccessorImpl.java:45)
	at java.base/java.lang.reflect.Constructor.newInstance(Constructor.java:490)
	at ptolemy.util.test.junit.AutoKnownFailedTests.RunModel(AutoKnownFailedTests.java:105)
	at java.base/jdk.internal.reflect.NativeMethodAccessorImpl.invoke0(Native Method)
	at java.base/jdk.internal.reflect.NativeMethodAccessorImpl.invoke(NativeMethodAccessorImpl.java:62)
	at java.base/jdk.internal.reflect.DelegatingMethodAccessorImpl.invoke(DelegatingMethodAccessorImpl.java:43)
	at java.base/java.lang.reflect.Method.invoke(Method.java:566)
	at org.junit.runners.model.FrameworkMethod$1.runReflectiveCall(FrameworkMethod.java:44)
	at org.junit.internal.runners.model.ReflectiveCallable.run(ReflectiveCallable.java:15)
	at org.junit.runners.model.FrameworkMethod.invokeExplosively(FrameworkMethod.java:41)
	at junitparams.internal.InvokeParameterisedMethod.evaluate(InvokeParameterisedMethod.java:102)
	at org.junit.internal.runners.statements.FailOnTimeout$1.run(FailOnTimeout.java:28)
Caused by: ptolemy.kernel.util.IllegalActionException: Found a zero delay loop containing .dependencyLoop2.original
  in .dependencyLoop2 and .dependencyLoop2.original
	at ptolemy.actor.util.CausalityInterfaceForComposites._computeOutputPortDepth(CausalityInterfaceForComposites.java:759)
	at ptolemy.actor.util.CausalityInterfaceForComposites._computeInputDepth(CausalityInterfaceForComposites.java:696)
	at ptolemy.actor.util.CausalityInterfaceForComposites._computeOutputPortDepth(CausalityInterfaceForComposites.java:765)
	at ptolemy.actor.util.CausalityInterfaceForComposites._computeInputDepth(CausalityInterfaceForComposites.java:696)
	at ptolemy.actor.util.CausalityInterfaceForComposites._computeOutputPortDepth(CausalityInterfaceForComposites.java:765)
	at ptolemy.actor.util.CausalityInterfaceForComposites._computeInputDepth(CausalityInterfaceForComposites.java:696)
	at ptolemy.actor.util.CausalityInterfaceForComposites._computeActorDepth(CausalityInterfaceForComposites.java:532)
	at ptolemy.actor.util.CausalityInterfaceForComposites.checkForCycles(CausalityInterfaceForComposites.java:96)
	at ptolemy.domains.de.kernel.DEDirector.preinitialize(DEDirector.java:1338)
	at ptolemy.actor.CompositeActor.preinitialize(CompositeActor.java:1828)
	at ptolemy.actor.Manager.preinitializeAndResolveTypes(Manager.java:1040)
	at ptolemy.actor.Manager.initialize(Manager.java:710)
	at ptolemy.actor.Manager.execute(Manager.java:356)
	at ptolemy.actor.Manager.run(Manager.java:1263)
	at ptolemy.actor.Manager$PtolemyRunThread.run(Manager.java:1933)
]]></system-err>
</testsuite>
