<?xml version="1.0" encoding="UTF-8" ?>
<testsuite errors="0" failures="0" hostname="travis-job-7427ff5d-c6bb-4a46-963f-036eb783bc5c" name="ptolemy.domains.modal.test.junit.JUnitTclTest" skipped="0" tests="148" time="9.996" timestamp="2019-02-23T21:49:28">
  <properties>
[...]
</properties>
  <testcase classname="ptolemy.util.test.junit.TclTests" name="[0] /home/travis/build/icyphy/ptII/ptolemy/domains/modal/test/SystemLevelType.tcl (RunTclFile)" time="1.839" />
  <testcase classname="ptolemy.util.test.junit.AutoKnownFailedTests" name="[0] /home/travis/build/icyphy/ptII/ptolemy/domains/modal/test/auto/knownFailedTests/CannotAnalysisWithPreemption.xml (RunModel)" time="0.182" />
  <testcase classname="ptolemy.util.test.junit.AutoNameArchTests" name="[0] ThereAreNoAutoArchTests (RunModel)" time="0.006" />
  <testcase classname="ptolemy.util.test.junit.AutoTests" name="[0] /home/travis/build/icyphy/ptII/ptolemy/domains/modal/test/auto/ABPTest.xml (RunModel)" time="0.668" />
  <testcase classname="ptolemy.util.test.junit.AutoTests" name="[1] /home/travis/build/icyphy/ptII/ptolemy/domains/modal/test/auto/ABROFlat.xml (RunModel)" time="0.082" />
  <testcase classname="ptolemy.util.test.junit.AutoTests" name="[2] /home/travis/build/icyphy/ptII/ptolemy/domains/modal/test/auto/ABROFlat2.xml (RunModel)" time="0.081" />
  <testcase classname="ptolemy.util.test.junit.AutoTests" name="[3] /home/travis/build/icyphy/ptII/ptolemy/domains/modal/test/auto/ABRO_present_hmm.xml (RunModel)" time="0.142" />
  <testcase classname="ptolemy.util.test.junit.AutoTests" name="[4] /home/travis/build/icyphy/ptII/ptolemy/domains/modal/test/auto/AMICoderExample.xml (RunModel)" time="0.059" />
  <testcase classname="ptolemy.util.test.junit.AutoTests" name="[5] /home/travis/build/icyphy/ptII/ptolemy/domains/modal/test/auto/AbsentToPresent.xml (RunModel)" time="0.021" />
  <testcase classname="ptolemy.util.test.junit.AutoTests" name="[6] /home/travis/build/icyphy/ptII/ptolemy/domains/modal/test/auto/Blending.xml (RunModel)" time="0.263" />
  <testcase classname="ptolemy.util.test.junit.AutoTests" name="[7] /home/travis/build/icyphy/ptII/ptolemy/domains/modal/test/auto/Broadcast.xml (RunModel)" time="0.038" />
  <testcase classname="ptolemy.util.test.junit.AutoTests" name="[8] /home/travis/build/icyphy/ptII/ptolemy/domains/modal/test/auto/BroadcastHierarchy.xml (RunModel)" time="0.054" />
  <testcase classname="ptolemy.util.test.junit.AutoTests" name="[9] /home/travis/build/icyphy/ptII/ptolemy/domains/modal/test/auto/BroadcastHierarchy2.xml (RunModel)" time="0.092" />
  <testcase classname="ptolemy.util.test.junit.AutoTests" name="[10] /home/travis/build/icyphy/ptII/ptolemy/domains/modal/test/auto/BroadcastHierarchy3.xml (RunModel)" time="0.088" />
  <testcase classname="ptolemy.util.test.junit.AutoTests" name="[11] /home/travis/build/icyphy/ptII/ptolemy/domains/modal/test/auto/BroadcastHierarchy4.xml (RunModel)" time="0.115" />
  <testcase classname="ptolemy.util.test.junit.AutoTests" name="[12] /home/travis/build/icyphy/ptII/ptolemy/domains/modal/test/auto/CannotAnalysisWithPreemption2.xml (RunModel)" time="0.032" />
  <testcase classname="ptolemy.util.test.junit.AutoTests" name="[13] /home/travis/build/icyphy/ptII/ptolemy/domains/modal/test/auto/CannotAnalysisWithPreemption3.xml (RunModel)" time="0.04" />
  <testcase classname="ptolemy.util.test.junit.AutoTests" name="[14] /home/travis/build/icyphy/ptII/ptolemy/domains/modal/test/auto/CannotProduce.xml (RunModel)" time="0.037" />
  <testcase classname="ptolemy.util.test.junit.AutoTests" name="[15] /home/travis/build/icyphy/ptII/ptolemy/domains/modal/test/auto/CannotProduceModal.xml (RunModel)" time="0.03" />
  <testcase classname="ptolemy.util.test.junit.AutoTests" name="[16] /home/travis/build/icyphy/ptII/ptolemy/domains/modal/test/auto/Case.xml (RunModel)" time="0.062" />
  <testcase classname="ptolemy.util.test.junit.AutoTests" name="[17] /home/travis/build/icyphy/ptII/ptolemy/domains/modal/test/auto/Case1.xml (RunModel)" time="0.041" />
  <testcase classname="ptolemy.util.test.junit.AutoTests" name="[18] /home/travis/build/icyphy/ptII/ptolemy/domains/modal/test/auto/Case2.xml (RunModel)" time="0.068" />
  <testcase classname="ptolemy.util.test.junit.AutoTests" name="[19] /home/travis/build/icyphy/ptII/ptolemy/domains/modal/test/auto/CausalityInterface1.xml (RunModel)" time="0.044" />
  <testcase classname="ptolemy.util.test.junit.AutoTests" name="[20] /home/travis/build/icyphy/ptII/ptolemy/domains/modal/test/auto/CausalityInterface10.xml (RunModel)" time="0.069" />
  <testcase classname="ptolemy.util.test.junit.AutoTests" name="[21] /home/travis/build/icyphy/ptII/ptolemy/domains/modal/test/auto/CausalityInterface11.xml (RunModel)" time="0.051" />
  <testcase classname="ptolemy.util.test.junit.AutoTests" name="[22] /home/travis/build/icyphy/ptII/ptolemy/domains/modal/test/auto/CausalityInterface12.xml (RunModel)" time="0.043" />
  <testcase classname="ptolemy.util.test.junit.AutoTests" name="[23] /home/travis/build/icyphy/ptII/ptolemy/domains/modal/test/auto/CausalityInterface13.xml (RunModel)" time="0.05" />
  <testcase classname="ptolemy.util.test.junit.AutoTests" name="[24] /home/travis/build/icyphy/ptII/ptolemy/domains/modal/test/auto/CausalityInterface14.xml (RunModel)" time="0.049" />
  <testcase classname="ptolemy.util.test.junit.AutoTests" name="[25] /home/travis/build/icyphy/ptII/ptolemy/domains/modal/test/auto/CausalityInterface2.xml (RunModel)" time="0.021" />
  <testcase classname="ptolemy.util.test.junit.AutoTests" name="[26] /home/travis/build/icyphy/ptII/ptolemy/domains/modal/test/auto/CausalityInterface3.xml (RunModel)" time="0.024" />
  <testcase classname="ptolemy.util.test.junit.AutoTests" name="[27] /home/travis/build/icyphy/ptII/ptolemy/domains/modal/test/auto/CausalityInterface4.xml (RunModel)" time="0.02" />
  <testcase classname="ptolemy.util.test.junit.AutoTests" name="[28] /home/travis/build/icyphy/ptII/ptolemy/domains/modal/test/auto/CausalityInterface5.xml (RunModel)" time="0.043" />
  <testcase classname="ptolemy.util.test.junit.AutoTests" name="[29] /home/travis/build/icyphy/ptII/ptolemy/domains/modal/test/auto/CausalityInterface6.xml (RunModel)" time="0.027" />
  <testcase classname="ptolemy.util.test.junit.AutoTests" name="[30] /home/travis/build/icyphy/ptII/ptolemy/domains/modal/test/auto/CausalityInterface7.xml (RunModel)" time="0.068" />
  <testcase classname="ptolemy.util.test.junit.AutoTests" name="[31] /home/travis/build/icyphy/ptII/ptolemy/domains/modal/test/auto/CausalityInterface8.xml (RunModel)" time="0.041" />
  <testcase classname="ptolemy.util.test.junit.AutoTests" name="[32] /home/travis/build/icyphy/ptII/ptolemy/domains/modal/test/auto/CausalityInterface9.xml (RunModel)" time="0.039" />
  <testcase classname="ptolemy.util.test.junit.AutoTests" name="[33] /home/travis/build/icyphy/ptII/ptolemy/domains/modal/test/auto/ChainedTransitions.xml (RunModel)" time="0.14" />
  <testcase classname="ptolemy.util.test.junit.AutoTests" name="[34] /home/travis/build/icyphy/ptII/ptolemy/domains/modal/test/auto/CycleOfImmediateTransitionsFSM.xml (RunModel)" time="0.018" />
  <testcase classname="ptolemy.util.test.junit.AutoTests" name="[35] /home/travis/build/icyphy/ptII/ptolemy/domains/modal/test/auto/CycleOfImmediateTransitionsModal.xml (RunModel)" time="0.019" />
  <testcase classname="ptolemy.util.test.junit.AutoTests" name="[36] /home/travis/build/icyphy/ptII/ptolemy/domains/modal/test/auto/CycleOfImmediateTransitionsModal2.xml (RunModel)" time="0.034" />
  <testcase classname="ptolemy.util.test.junit.AutoTests" name="[37] /home/travis/build/icyphy/ptII/ptolemy/domains/modal/test/auto/CycleOfImmediateTransitionsModal3.xml (RunModel)" time="0.073" />
  <testcase classname="ptolemy.util.test.junit.AutoTests" name="[38] /home/travis/build/icyphy/ptII/ptolemy/domains/modal/test/auto/DeepModal1.xml (RunModel)" time="0.042" />
  <testcase classname="ptolemy.util.test.junit.AutoTests" name="[39] /home/travis/build/icyphy/ptII/ptolemy/domains/modal/test/auto/DeepModal2.xml (RunModel)" time="0.046" />
  <testcase classname="ptolemy.util.test.junit.AutoTests" name="[40] /home/travis/build/icyphy/ptII/ptolemy/domains/modal/test/auto/DeepModal3.xml (RunModel)" time="0.052" />
  <testcase classname="ptolemy.util.test.junit.AutoTests" name="[41] /home/travis/build/icyphy/ptII/ptolemy/domains/modal/test/auto/DeepModal4.xml (RunModel)" time="0.08" />
  <testcase classname="ptolemy.util.test.junit.AutoTests" name="[42] /home/travis/build/icyphy/ptII/ptolemy/domains/modal/test/auto/Default1.xml (RunModel)" time="0.024" />
  <testcase classname="ptolemy.util.test.junit.AutoTests" name="[43] /home/travis/build/icyphy/ptII/ptolemy/domains/modal/test/auto/Default2.xml (RunModel)" time="0.023" />
  <testcase classname="ptolemy.util.test.junit.AutoTests" name="[44] /home/travis/build/icyphy/ptII/ptolemy/domains/modal/test/auto/Default3.xml (RunModel)" time="0.021" />
  <testcase classname="ptolemy.util.test.junit.AutoTests" name="[45] /home/travis/build/icyphy/ptII/ptolemy/domains/modal/test/auto/Default4.xml (RunModel)" time="0.035" />
  <testcase classname="ptolemy.util.test.junit.AutoTests" name="[46] /home/travis/build/icyphy/ptII/ptolemy/domains/modal/test/auto/Default5.xml (RunModel)" time="0.03" />
  <testcase classname="ptolemy.util.test.junit.AutoTests" name="[47] /home/travis/build/icyphy/ptII/ptolemy/domains/modal/test/auto/EmptyGuard.xml (RunModel)" time="0.054" />
  <testcase classname="ptolemy.util.test.junit.AutoTests" name="[48] /home/travis/build/icyphy/ptII/ptolemy/domains/modal/test/auto/ErrorTransition1.xml (RunModel)" time="0.057" />
  <testcase classname="ptolemy.util.test.junit.AutoTests" name="[49] /home/travis/build/icyphy/ptII/ptolemy/domains/modal/test/auto/ErrorTransition10.xml (RunModel)" time="0.041" />
  <testcase classname="ptolemy.util.test.junit.AutoTests" name="[50] /home/travis/build/icyphy/ptII/ptolemy/domains/modal/test/auto/ErrorTransition11.xml (RunModel)" time="0.037" />
  <testcase classname="ptolemy.util.test.junit.AutoTests" name="[51] /home/travis/build/icyphy/ptII/ptolemy/domains/modal/test/auto/ErrorTransition2.xml (RunModel)" time="0.026" />
  <testcase classname="ptolemy.util.test.junit.AutoTests" name="[52] /home/travis/build/icyphy/ptII/ptolemy/domains/modal/test/auto/ErrorTransition3.xml (RunModel)" time="0.033" />
  <testcase classname="ptolemy.util.test.junit.AutoTests" name="[53] /home/travis/build/icyphy/ptII/ptolemy/domains/modal/test/auto/ErrorTransition4.xml (RunModel)" time="0.038" />
  <testcase classname="ptolemy.util.test.junit.AutoTests" name="[54] /home/travis/build/icyphy/ptII/ptolemy/domains/modal/test/auto/ErrorTransition5.xml (RunModel)" time="0.03" />
  <testcase classname="ptolemy.util.test.junit.AutoTests" name="[55] /home/travis/build/icyphy/ptII/ptolemy/domains/modal/test/auto/ErrorTransition6.xml (RunModel)" time="0.031" />
  <testcase classname="ptolemy.util.test.junit.AutoTests" name="[56] /home/travis/build/icyphy/ptII/ptolemy/domains/modal/test/auto/ErrorTransition7.xml (RunModel)" time="0.037" />
  <testcase classname="ptolemy.util.test.junit.AutoTests" name="[57] /home/travis/build/icyphy/ptII/ptolemy/domains/modal/test/auto/ErrorTransition8.xml (RunModel)" time="0.051" />
  <testcase classname="ptolemy.util.test.junit.AutoTests" name="[58] /home/travis/build/icyphy/ptII/ptolemy/domains/modal/test/auto/ErrorTransition9.xml (RunModel)" time="0.04" />
  <testcase classname="ptolemy.util.test.junit.AutoTests" name="[59] /home/travis/build/icyphy/ptII/ptolemy/domains/modal/test/auto/ExtendedFSM.xml (RunModel)" time="0.021" />
  <testcase classname="ptolemy.util.test.junit.AutoTests" name="[60] /home/travis/build/icyphy/ptII/ptolemy/domains/modal/test/auto/FinalStates.xml (RunModel)" time="0.025" />
  <testcase classname="ptolemy.util.test.junit.AutoTests" name="[61] /home/travis/build/icyphy/ptII/ptolemy/domains/modal/test/auto/FixedPointFSM.xml (RunModel)" time="0.057" />
  <testcase classname="ptolemy.util.test.junit.AutoTests" name="[62] /home/travis/build/icyphy/ptII/ptolemy/domains/modal/test/auto/FixedPointIterationFSMActor.xml (RunModel)" time="0.034" />
  <testcase classname="ptolemy.util.test.junit.AutoTests" name="[63] /home/travis/build/icyphy/ptII/ptolemy/domains/modal/test/auto/FixedPointIterationFSMActor2.xml (RunModel)" time="0.033" />
  <testcase classname="ptolemy.util.test.junit.AutoTests" name="[64] /home/travis/build/icyphy/ptII/ptolemy/domains/modal/test/auto/ForbiddenInstantanousLoop.xml (RunModel)" time="0.029" />
  <testcase classname="ptolemy.util.test.junit.AutoTests" name="[65] /home/travis/build/icyphy/ptII/ptolemy/domains/modal/test/auto/FunctionDependencyOfFSMActorTest.xml (RunModel)" time="0.027" />
  <testcase classname="ptolemy.util.test.junit.AutoTests" name="[66] /home/travis/build/icyphy/ptII/ptolemy/domains/modal/test/auto/GuardExpression.xml (RunModel)" time="0.016" />
  <testcase classname="ptolemy.util.test.junit.AutoTests" name="[67] /home/travis/build/icyphy/ptII/ptolemy/domains/modal/test/auto/GuardNotEvaluated.xml (RunModel)" time="0.035" />
  <testcase classname="ptolemy.util.test.junit.AutoTests" name="[68] /home/travis/build/icyphy/ptII/ptolemy/domains/modal/test/auto/GuardNotEvaluated2.xml (RunModel)" time="0.026" />
  <testcase classname="ptolemy.util.test.junit.AutoTests" name="[69] /home/travis/build/icyphy/ptII/ptolemy/domains/modal/test/auto/GuardOnAbsent.xml (RunModel)" time="0.023" />
  <testcase classname="ptolemy.util.test.junit.AutoTests" name="[70] /home/travis/build/icyphy/ptII/ptolemy/domains/modal/test/auto/HierarchicalFSMTypeInference.xml (RunModel)" time="0.029" />
  <testcase classname="ptolemy.util.test.junit.AutoTests" name="[71] /home/travis/build/icyphy/ptII/ptolemy/domains/modal/test/auto/Hysteresis.xml (RunModel)" time="0.04" />
  <testcase classname="ptolemy.util.test.junit.AutoTests" name="[72] /home/travis/build/icyphy/ptII/ptolemy/domains/modal/test/auto/HysteresisWithDefault.xml (RunModel)" time="0.066" />
  <testcase classname="ptolemy.util.test.junit.AutoTests" name="[73] /home/travis/build/icyphy/ptII/ptolemy/domains/modal/test/auto/HysteresisWithDefault2.xml (RunModel)" time="0.072" />
  <testcase classname="ptolemy.util.test.junit.AutoTests" name="[74] /home/travis/build/icyphy/ptII/ptolemy/domains/modal/test/auto/ImmediateNonConstructiveness.xml (RunModel)" time="0.023" />
  <testcase classname="ptolemy.util.test.junit.AutoTests" name="[75] /home/travis/build/icyphy/ptII/ptolemy/domains/modal/test/auto/ImmediateNonConstructiveness2.xml (RunModel)" time="0.017" />
  <testcase classname="ptolemy.util.test.junit.AutoTests" name="[76] /home/travis/build/icyphy/ptII/ptolemy/domains/modal/test/auto/ImmediateTransitionReset.xml (RunModel)" time="0.039" />
  <testcase classname="ptolemy.util.test.junit.AutoTests" name="[77] /home/travis/build/icyphy/ptII/ptolemy/domains/modal/test/auto/ImmediateTransitions1.xml (RunModel)" time="0.013" />
  <testcase classname="ptolemy.util.test.junit.AutoTests" name="[78] /home/travis/build/icyphy/ptII/ptolemy/domains/modal/test/auto/ImmediateTransitionsInstantaneousCommunication.xml (RunModel)" time="0.041" />
  <testcase classname="ptolemy.util.test.junit.AutoTests" name="[79] /home/travis/build/icyphy/ptII/ptolemy/domains/modal/test/auto/InitialImmediateTransition.xml (RunModel)" time="0.023" />
  <testcase classname="ptolemy.util.test.junit.AutoTests" name="[80] /home/travis/build/icyphy/ptII/ptolemy/domains/modal/test/auto/InitialOutputs.xml (RunModel)" time="0.014" />
  <testcase classname="ptolemy.util.test.junit.AutoTests" name="[81] /home/travis/build/icyphy/ptII/ptolemy/domains/modal/test/auto/InitialStateTransition1.xml (RunModel)" time="0.018" />
  <testcase classname="ptolemy.util.test.junit.AutoTests" name="[82] /home/travis/build/icyphy/ptII/ptolemy/domains/modal/test/auto/InitialStateTransition2.xml (RunModel)" time="0.019" />
  <testcase classname="ptolemy.util.test.junit.AutoTests" name="[83] /home/travis/build/icyphy/ptII/ptolemy/domains/modal/test/auto/InitialStateTransition3.xml (RunModel)" time="0.023" />
  <testcase classname="ptolemy.util.test.junit.AutoTests" name="[84] /home/travis/build/icyphy/ptII/ptolemy/domains/modal/test/auto/InitialStateTransition4.xml (RunModel)" time="0.025" />
  <testcase classname="ptolemy.util.test.junit.AutoTests" name="[85] /home/travis/build/icyphy/ptII/ptolemy/domains/modal/test/auto/MalformedGuardExpressionNotCaught.xml (RunModel)" time="0.024" />
  <testcase classname="ptolemy.util.test.junit.AutoTests" name="[86] /home/travis/build/icyphy/ptII/ptolemy/domains/modal/test/auto/ModalBSC.xml (RunModel)" time="0.09" />
  <testcase classname="ptolemy.util.test.junit.AutoTests" name="[87] /home/travis/build/icyphy/ptII/ptolemy/domains/modal/test/auto/ModalClocks.xml (RunModel)" time="0.083" />
  <testcase classname="ptolemy.util.test.junit.AutoTests" name="[88] /home/travis/build/icyphy/ptII/ptolemy/domains/modal/test/auto/ModalDelay.xml (RunModel)" time="0.052" />
  <testcase classname="ptolemy.util.test.junit.AutoTests" name="[89] /home/travis/build/icyphy/ptII/ptolemy/domains/modal/test/auto/ModalDelay2.xml (RunModel)" time="0.041" />
  <testcase classname="ptolemy.util.test.junit.AutoTests" name="[90] /home/travis/build/icyphy/ptII/ptolemy/domains/modal/test/auto/ModalModelFromMemo.xml (RunModel)" time="0.057" />
  <testcase classname="ptolemy.util.test.junit.AutoTests" name="[91] /home/travis/build/icyphy/ptII/ptolemy/domains/modal/test/auto/ModalModelWithMultirateTransient.xml (RunModel)" time="0.056" />
  <testcase classname="ptolemy.util.test.junit.AutoTests" name="[92] /home/travis/build/icyphy/ptII/ptolemy/domains/modal/test/auto/ModalModelWithReset.xml (RunModel)" time="0.051" />
  <testcase classname="ptolemy.util.test.junit.AutoTests" name="[93] /home/travis/build/icyphy/ptII/ptolemy/domains/modal/test/auto/MouseClickFSM.xml (RunModel)" time="0.051" />
  <testcase classname="ptolemy.util.test.junit.AutoTests" name="[94] /home/travis/build/icyphy/ptII/ptolemy/domains/modal/test/auto/MouseClickFSMModal.xml (RunModel)" time="0.034" />
  <testcase classname="ptolemy.util.test.junit.AutoTests" name="[95] /home/travis/build/icyphy/ptII/ptolemy/domains/modal/test/auto/NonStrictFSM_FeedbackLoop.xml (RunModel)" time="0.046" />
  <testcase classname="ptolemy.util.test.junit.AutoTests" name="[96] /home/travis/build/icyphy/ptII/ptolemy/domains/modal/test/auto/NonStrictFSM_FeedbackLoop_Refinement.xml (RunModel)" time="0.071" />
  <testcase classname="ptolemy.util.test.junit.AutoTests" name="[97] /home/travis/build/icyphy/ptII/ptolemy/domains/modal/test/auto/NonStrictFSM_FeedbackLoop_preemptive.xml (RunModel)" time="0.041" />
  <testcase classname="ptolemy.util.test.junit.AutoTests" name="[98] /home/travis/build/icyphy/ptII/ptolemy/domains/modal/test/auto/NormalTermination.xml (RunModel)" time="0.05" />
  <testcase classname="ptolemy.util.test.junit.AutoTests" name="[99] /home/travis/build/icyphy/ptII/ptolemy/domains/modal/test/auto/Pong.xml (RunModel)" time="0.077" />
  <testcase classname="ptolemy.util.test.junit.AutoTests" name="[100] /home/travis/build/icyphy/ptII/ptolemy/domains/modal/test/auto/Pong_test.xml (RunModel)" time="0.1" />
  <testcase classname="ptolemy.util.test.junit.AutoTests" name="[101] /home/travis/build/icyphy/ptII/ptolemy/domains/modal/test/auto/PreemptionHierarchy.xml (RunModel)" time="0.022" />
  <testcase classname="ptolemy.util.test.junit.AutoTests" name="[102] /home/travis/build/icyphy/ptII/ptolemy/domains/modal/test/auto/PreemptionHierarchy2.xml (RunModel)" time="0.027" />
  <testcase classname="ptolemy.util.test.junit.AutoTests" name="[103] /home/travis/build/icyphy/ptII/ptolemy/domains/modal/test/auto/PreemptiveTransition.xml (RunModel)" time="0.019" />
  <testcase classname="ptolemy.util.test.junit.AutoTests" name="[104] /home/travis/build/icyphy/ptII/ptolemy/domains/modal/test/auto/Priorities.xml (RunModel)" time="0.062" />
  <testcase classname="ptolemy.util.test.junit.AutoTests" name="[105] /home/travis/build/icyphy/ptII/ptolemy/domains/modal/test/auto/ResetFinal.xml (RunModel)" time="0.033" />
  <testcase classname="ptolemy.util.test.junit.AutoTests" name="[106] /home/travis/build/icyphy/ptII/ptolemy/domains/modal/test/auto/ResetFinal2.xml (RunModel)" time="0.025" />
  <testcase classname="ptolemy.util.test.junit.AutoTests" name="[107] /home/travis/build/icyphy/ptII/ptolemy/domains/modal/test/auto/ResetTransitionWithStartTime.xml (RunModel)" time="0.028" />
  <testcase classname="ptolemy.util.test.junit.AutoTests" name="[108] /home/travis/build/icyphy/ptII/ptolemy/domains/modal/test/auto/SDF-FSMComposite.xml (RunModel)" time="0.019" />
  <testcase classname="ptolemy.util.test.junit.AutoTests" name="[109] /home/travis/build/icyphy/ptII/ptolemy/domains/modal/test/auto/SeeminglyNondeterminate.xml (RunModel)" time="0.069" />
  <testcase classname="ptolemy.util.test.junit.AutoTests" name="[110] /home/travis/build/icyphy/ptII/ptolemy/domains/modal/test/auto/SeeminglyNondeterminate2.xml (RunModel)" time="0.062" />
  <testcase classname="ptolemy.util.test.junit.AutoTests" name="[111] /home/travis/build/icyphy/ptII/ptolemy/domains/modal/test/auto/SpontaneousFSM.xml (RunModel)" time="0.052" />
  <testcase classname="ptolemy.util.test.junit.AutoTests" name="[112] /home/travis/build/icyphy/ptII/ptolemy/domains/modal/test/auto/SpontaneousFSM2.xml (RunModel)" time="0.03" />
  <testcase classname="ptolemy.util.test.junit.AutoTests" name="[113] /home/travis/build/icyphy/ptII/ptolemy/domains/modal/test/auto/SpontaneousFSM3.xml (RunModel)" time="0.054" />
  <testcase classname="ptolemy.util.test.junit.AutoTests" name="[114] /home/travis/build/icyphy/ptII/ptolemy/domains/modal/test/auto/SpontaneousFSM4.xml (RunModel)" time="0.04" />
  <testcase classname="ptolemy.util.test.junit.AutoTests" name="[115] /home/travis/build/icyphy/ptII/ptolemy/domains/modal/test/auto/StateTrackerTest.xml (RunModel)" time="0.046" />
  <testcase classname="ptolemy.util.test.junit.AutoTests" name="[116] /home/travis/build/icyphy/ptII/ptolemy/domains/modal/test/auto/StrongImmediateTransition.xml (RunModel)" time="0.025" />
  <testcase classname="ptolemy.util.test.junit.AutoTests" name="[117] /home/travis/build/icyphy/ptII/ptolemy/domains/modal/test/auto/SustainHierarchy.xml (RunModel)" time="0.029" />
  <testcase classname="ptolemy.util.test.junit.AutoTests" name="[118] /home/travis/build/icyphy/ptII/ptolemy/domains/modal/test/auto/TerminationTransition1.xml (RunModel)" time="0.022" />
  <testcase classname="ptolemy.util.test.junit.AutoTests" name="[119] /home/travis/build/icyphy/ptII/ptolemy/domains/modal/test/auto/TerminationTransition2.xml (RunModel)" time="0.024" />
  <testcase classname="ptolemy.util.test.junit.AutoTests" name="[120] /home/travis/build/icyphy/ptII/ptolemy/domains/modal/test/auto/TerminationTransition3.xml (RunModel)" time="0.03" />
  <testcase classname="ptolemy.util.test.junit.AutoTests" name="[121] /home/travis/build/icyphy/ptII/ptolemy/domains/modal/test/auto/TerminationTransition4.xml (RunModel)" time="0.036" />
  <testcase classname="ptolemy.util.test.junit.AutoTests" name="[122] /home/travis/build/icyphy/ptII/ptolemy/domains/modal/test/auto/TerminationTransition5.xml (RunModel)" time="0.034" />
  <testcase classname="ptolemy.util.test.junit.AutoTests" name="[123] /home/travis/build/icyphy/ptII/ptolemy/domains/modal/test/auto/TerminationTransition6.xml (RunModel)" time="0.022" />
  <testcase classname="ptolemy.util.test.junit.AutoTests" name="[124] /home/travis/build/icyphy/ptII/ptolemy/domains/modal/test/auto/TerminationTransition7.xml (RunModel)" time="0.023" />
  <testcase classname="ptolemy.util.test.junit.AutoTests" name="[125] /home/travis/build/icyphy/ptII/ptolemy/domains/modal/test/auto/TerminationTransition8.xml (RunModel)" time="0.021" />
  <testcase classname="ptolemy.util.test.junit.AutoTests" name="[126] /home/travis/build/icyphy/ptII/ptolemy/domains/modal/test/auto/Thermostat_NoHysteresis.xml (RunModel)" time="0.053" />
  <testcase classname="ptolemy.util.test.junit.AutoTests" name="[127] /home/travis/build/icyphy/ptII/ptolemy/domains/modal/test/auto/TimedFSM.xml (RunModel)" time="0.038" />
  <testcase classname="ptolemy.util.test.junit.AutoTests" name="[128] /home/travis/build/icyphy/ptII/ptolemy/domains/modal/test/auto/Timeout1.xml (RunModel)" time="0.011" />
  <testcase classname="ptolemy.util.test.junit.AutoTests" name="[129] /home/travis/build/icyphy/ptII/ptolemy/domains/modal/test/auto/Timeout2.xml (RunModel)" time="0.016" />
  <testcase classname="ptolemy.util.test.junit.AutoTests" name="[130] /home/travis/build/icyphy/ptII/ptolemy/domains/modal/test/auto/Timeout3.xml (RunModel)" time="0.017" />
  <testcase classname="ptolemy.util.test.junit.AutoTests" name="[131] /home/travis/build/icyphy/ptII/ptolemy/domains/modal/test/auto/Timeout4.xml (RunModel)" time="0.01" />
  <testcase classname="ptolemy.util.test.junit.AutoTests" name="[132] /home/travis/build/icyphy/ptII/ptolemy/domains/modal/test/auto/TransientstateModelAdvanced.xml (RunModel)" time="0.025" />
  <testcase classname="ptolemy.util.test.junit.AutoTests" name="[133] /home/travis/build/icyphy/ptII/ptolemy/domains/modal/test/auto/TransientstateModelAdvanced2.xml (RunModel)" time="0.027" />
  <testcase classname="ptolemy.util.test.junit.AutoTests" name="[134] /home/travis/build/icyphy/ptII/ptolemy/domains/modal/test/auto/TransitionRefinements.xml (RunModel)" time="0.026" />
  <testcase classname="ptolemy.util.test.junit.AutoTests" name="[135] /home/travis/build/icyphy/ptII/ptolemy/domains/modal/test/auto/TwoRefinements1.xml (RunModel)" time="0.021" />
  <testcase classname="ptolemy.util.test.junit.AutoTests" name="[136] /home/travis/build/icyphy/ptII/ptolemy/domains/modal/test/auto/TwoRefinements2.xml (RunModel)" time="0.031" />
  <testcase classname="ptolemy.util.test.junit.AutoTests" name="[137] /home/travis/build/icyphy/ptII/ptolemy/domains/modal/test/auto/WeakImmediateTransition.xml (RunModel)" time="0.019" />
  <testcase classname="ptolemy.util.test.junit.AutoTests" name="[138] /home/travis/build/icyphy/ptII/ptolemy/domains/modal/test/auto/booleanSelect.xml (RunModel)" time="0.061" />
  <testcase classname="ptolemy.util.test.junit.AutoTests" name="[139] /home/travis/build/icyphy/ptII/ptolemy/domains/modal/test/auto/modalChangingParams.xml (RunModel)" time="0.233" />
  <testcase classname="ptolemy.util.test.junit.AutoTests" name="[140] /home/travis/build/icyphy/ptII/ptolemy/domains/modal/test/auto/modalModel.xml (RunModel)" time="0.029" />
  <testcase classname="ptolemy.util.test.junit.AutoTests" name="[141] /home/travis/build/icyphy/ptII/ptolemy/domains/modal/test/auto/modalModel2.xml (RunModel)" time="0.039" />
  <testcase classname="ptolemy.util.test.junit.AutoTests" name="[142] /home/travis/build/icyphy/ptII/ptolemy/domains/modal/test/auto/modalModel3.xml (RunModel)" time="0.034" />
  <testcase classname="ptolemy.util.test.junit.AutoTests" name="[143] /home/travis/build/icyphy/ptII/ptolemy/domains/modal/test/auto/model1.xml (RunModel)" time="0.019" />
  <testcase classname="ptolemy.util.test.junit.AutoTests" name="[144] /home/travis/build/icyphy/ptII/ptolemy/domains/modal/test/auto/test-direct-in-out.xml (RunModel)" time="0.02" />
  <system-out><![CDATA[/home/travis/build/icyphy/ptII/ptolemy/domains/modal/test/SystemLevelType.tcl
testDefs.tcl: setting time out to 9000 seconds at Sat Feb 23 21:49:28 UTC 2019
02/23/19 09:49:30
Failed: 0  Total Tests: 1  ((Passed: 1, Newly Passed: 0)  Known Failed: 0) /home/travis/build/icyphy/ptII/ptolemy/domains/modal/test
----------------- testing (KnownFailure) /home/travis/build/icyphy/ptII/ptolemy/domains/modal/test/auto/knownFailedTests/CannotAnalysisWithPreemption.xml
37 ms. Memory: 208384K Free: 79836K (38%)
Known Failure: java.lang.reflect.InvocationTargetException
No auto/linux-amd64/*.xml tests in /home/travis/build/icyphy/ptII/ptolemy/domains/modal/test
AutoTests.java: About to close Vertx.
AutoTests.java: Vertx closed.

===========================================================================================
----------------- testing Sat Feb 23 21:49:30 UTC 2019 /home/travis/build/icyphy/ptII/ptolemy/domains/modal/test/auto/ABPTest.xml
----------------- Instantiating /home/travis/build/icyphy/ptII/ptolemy/domains/modal/test/auto/ABPTest.xml
341 ms. Memory: 332288K Free: 308934K (93%)
----------------- Invoking toplevel() on ptolemy.moml.MoMLSimpleApplication@2f0f74e0
----------------- Done invoking toplevel() on ptolemy.moml.MoMLSimpleApplication@2f0f74e0
reloadAllAccessors: .ABPTest

===========================================================================================
----------------- testing Sat Feb 23 21:49:31 UTC 2019 /home/travis/build/icyphy/ptII/ptolemy/domains/modal/test/auto/ABROFlat.xml
----------------- Instantiating /home/travis/build/icyphy/ptII/ptolemy/domains/modal/test/auto/ABROFlat.xml
18 ms. Memory: 332288K Free: 286940K (86%)
----------------- Invoking toplevel() on ptolemy.moml.MoMLSimpleApplication@5ef5029a
----------------- Done invoking toplevel() on ptolemy.moml.MoMLSimpleApplication@5ef5029a
reloadAllAccessors: .ABROFlat

===========================================================================================
----------------- testing Sat Feb 23 21:49:31 UTC 2019 /home/travis/build/icyphy/ptII/ptolemy/domains/modal/test/auto/ABROFlat2.xml
----------------- Instantiating /home/travis/build/icyphy/ptII/ptolemy/domains/modal/test/auto/ABROFlat2.xml
16 ms. Memory: 332288K Free: 268942K (81%)
----------------- Invoking toplevel() on ptolemy.moml.MoMLSimpleApplication@58f3a531
----------------- Done invoking toplevel() on ptolemy.moml.MoMLSimpleApplication@58f3a531
reloadAllAccessors: .ABROFlat2

===========================================================================================
----------------- testing Sat Feb 23 21:49:31 UTC 2019 /home/travis/build/icyphy/ptII/ptolemy/domains/modal/test/auto/ABRO_present_hmm.xml
----------------- Instantiating /home/travis/build/icyphy/ptII/ptolemy/domains/modal/test/auto/ABRO_present_hmm.xml
28 ms. Memory: 332288K Free: 237862K (72%)
----------------- Invoking toplevel() on ptolemy.moml.MoMLSimpleApplication@1ae92f00
----------------- Done invoking toplevel() on ptolemy.moml.MoMLSimpleApplication@1ae92f00
reloadAllAccessors: .ABRO_present_hmm

===========================================================================================
----------------- testing Sat Feb 23 21:49:31 UTC 2019 /home/travis/build/icyphy/ptII/ptolemy/domains/modal/test/auto/AMICoderExample.xml
----------------- Instantiating /home/travis/build/icyphy/ptII/ptolemy/domains/modal/test/auto/AMICoderExample.xml
21 ms. Memory: 332288K Free: 226440K (68%)
----------------- Invoking toplevel() on ptolemy.moml.MoMLSimpleApplication@4bbc5201
----------------- Done invoking toplevel() on ptolemy.moml.MoMLSimpleApplication@4bbc5201
reloadAllAccessors: .AMICoderExample

===========================================================================================
----------------- testing Sat Feb 23 21:49:31 UTC 2019 /home/travis/build/icyphy/ptII/ptolemy/domains/modal/test/auto/AbsentToPresent.xml
----------------- Instantiating /home/travis/build/icyphy/ptII/ptolemy/domains/modal/test/auto/AbsentToPresent.xml
6 ms. Memory: 332288K Free: 218255K (66%)
----------------- Invoking toplevel() on ptolemy.moml.MoMLSimpleApplication@522f95bf
----------------- Done invoking toplevel() on ptolemy.moml.MoMLSimpleApplication@522f95bf
reloadAllAccessors: .AbsentToPresent

===========================================================================================
----------------- testing Sat Feb 23 21:49:31 UTC 2019 /home/travis/build/icyphy/ptII/ptolemy/domains/modal/test/auto/Blending.xml
----------------- Instantiating /home/travis/build/icyphy/ptII/ptolemy/domains/modal/test/auto/Blending.xml
148 ms. Memory: 332288K Free: 169098K (51%)
----------------- Invoking toplevel() on ptolemy.moml.MoMLSimpleApplication@3ad1988e
----------------- Done invoking toplevel() on ptolemy.moml.MoMLSimpleApplication@3ad1988e
reloadAllAccessors: .Blending

===========================================================================================
----------------- testing Sat Feb 23 21:49:32 UTC 2019 /home/travis/build/icyphy/ptII/ptolemy/domains/modal/test/auto/Broadcast.xml
----------------- Instantiating /home/travis/build/icyphy/ptII/ptolemy/domains/modal/test/auto/Broadcast.xml
8 ms. Memory: 332288K Free: 157669K (47%)
----------------- Invoking toplevel() on ptolemy.moml.MoMLSimpleApplication@34797d42
----------------- Done invoking toplevel() on ptolemy.moml.MoMLSimpleApplication@34797d42
reloadAllAccessors: .Broadcast

===========================================================================================
----------------- testing Sat Feb 23 21:49:32 UTC 2019 /home/travis/build/icyphy/ptII/ptolemy/domains/modal/test/auto/BroadcastHierarchy.xml
----------------- Instantiating /home/travis/build/icyphy/ptII/ptolemy/domains/modal/test/auto/BroadcastHierarchy.xml
10 ms. Memory: 332288K Free: 141323K (43%)
----------------- Invoking toplevel() on ptolemy.moml.MoMLSimpleApplication@6a2b28dd
----------------- Done invoking toplevel() on ptolemy.moml.MoMLSimpleApplication@6a2b28dd
reloadAllAccessors: .BroadcastHierarchy

===========================================================================================
----------------- testing Sat Feb 23 21:49:32 UTC 2019 /home/travis/build/icyphy/ptII/ptolemy/domains/modal/test/auto/BroadcastHierarchy2.xml
----------------- Instantiating /home/travis/build/icyphy/ptII/ptolemy/domains/modal/test/auto/BroadcastHierarchy2.xml
13 ms. Memory: 332288K Free: 107002K (32%)
----------------- Invoking toplevel() on ptolemy.moml.MoMLSimpleApplication@4ad6908f
----------------- Done invoking toplevel() on ptolemy.moml.MoMLSimpleApplication@4ad6908f
reloadAllAccessors: .BroadcastHierarchy2

===========================================================================================
----------------- testing Sat Feb 23 21:49:32 UTC 2019 /home/travis/build/icyphy/ptII/ptolemy/domains/modal/test/auto/BroadcastHierarchy3.xml
----------------- Instantiating /home/travis/build/icyphy/ptII/ptolemy/domains/modal/test/auto/BroadcastHierarchy3.xml
20 ms. Memory: 332288K Free: 79191K (24%)
----------------- Invoking toplevel() on ptolemy.moml.MoMLSimpleApplication@53c478cb
----------------- Done invoking toplevel() on ptolemy.moml.MoMLSimpleApplication@53c478cb
reloadAllAccessors: .BroadcastHierarchy3

===========================================================================================
----------------- testing Sat Feb 23 21:49:32 UTC 2019 /home/travis/build/icyphy/ptII/ptolemy/domains/modal/test/auto/BroadcastHierarchy4.xml
----------------- Instantiating /home/travis/build/icyphy/ptII/ptolemy/domains/modal/test/auto/BroadcastHierarchy4.xml
14 ms. Memory: 333824K Free: 296479K (89%)
----------------- Invoking toplevel() on ptolemy.moml.MoMLSimpleApplication@1f53795
----------------- Done invoking toplevel() on ptolemy.moml.MoMLSimpleApplication@1f53795
reloadAllAccessors: .BroadcastHierarchy4

===========================================================================================
----------------- testing Sat Feb 23 21:49:32 UTC 2019 /home/travis/build/icyphy/ptII/ptolemy/domains/modal/test/auto/CannotAnalysisWithPreemption2.xml
----------------- Instantiating /home/travis/build/icyphy/ptII/ptolemy/domains/modal/test/auto/CannotAnalysisWithPreemption2.xml
3 ms. Memory: 333824K Free: 285709K (86%)
----------------- Invoking toplevel() on ptolemy.moml.MoMLSimpleApplication@3cc2278a
----------------- Done invoking toplevel() on ptolemy.moml.MoMLSimpleApplication@3cc2278a
reloadAllAccessors: .CannotAnalysisWithPreemption2

===========================================================================================
----------------- testing Sat Feb 23 21:49:32 UTC 2019 /home/travis/build/icyphy/ptII/ptolemy/domains/modal/test/auto/CannotAnalysisWithPreemption3.xml
----------------- Instantiating /home/travis/build/icyphy/ptII/ptolemy/domains/modal/test/auto/CannotAnalysisWithPreemption3.xml
4 ms. Memory: 333824K Free: 273450K (82%)
----------------- Invoking toplevel() on ptolemy.moml.MoMLSimpleApplication@7fa85074
----------------- Done invoking toplevel() on ptolemy.moml.MoMLSimpleApplication@7fa85074
reloadAllAccessors: .CannotAnalysisWithPreemption3

===========================================================================================
----------------- testing Sat Feb 23 21:49:32 UTC 2019 /home/travis/build/icyphy/ptII/ptolemy/domains/modal/test/auto/CannotProduce.xml
----------------- Instantiating /home/travis/build/icyphy/ptII/ptolemy/domains/modal/test/auto/CannotProduce.xml
14 ms. Memory: 333824K Free: 266075K (80%)
----------------- Invoking toplevel() on ptolemy.moml.MoMLSimpleApplication@1c129f11
----------------- Done invoking toplevel() on ptolemy.moml.MoMLSimpleApplication@1c129f11
reloadAllAccessors: .CannotProduce

===========================================================================================
----------------- testing Sat Feb 23 21:49:32 UTC 2019 /home/travis/build/icyphy/ptII/ptolemy/domains/modal/test/auto/CannotProduceModal.xml
----------------- Instantiating /home/travis/build/icyphy/ptII/ptolemy/domains/modal/test/auto/CannotProduceModal.xml
5 ms. Memory: 333824K Free: 255264K (76%)
----------------- Invoking toplevel() on ptolemy.moml.MoMLSimpleApplication@309d0a35
----------------- Done invoking toplevel() on ptolemy.moml.MoMLSimpleApplication@309d0a35
reloadAllAccessors: .CannotProduceModal

===========================================================================================
----------------- testing Sat Feb 23 21:49:32 UTC 2019 /home/travis/build/icyphy/ptII/ptolemy/domains/modal/test/auto/Case.xml
----------------- Instantiating /home/travis/build/icyphy/ptII/ptolemy/domains/modal/test/auto/Case.xml
27 ms. Memory: 333824K Free: 242997K (73%)
----------------- Invoking toplevel() on ptolemy.moml.MoMLSimpleApplication@74e0645e
----------------- Done invoking toplevel() on ptolemy.moml.MoMLSimpleApplication@74e0645e
reloadAllAccessors: .Case

===========================================================================================
----------------- testing Sat Feb 23 21:49:32 UTC 2019 /home/travis/build/icyphy/ptII/ptolemy/domains/modal/test/auto/Case1.xml
----------------- Instantiating /home/travis/build/icyphy/ptII/ptolemy/domains/modal/test/auto/Case1.xml
12 ms. Memory: 333824K Free: 234416K (70%)
----------------- Invoking toplevel() on ptolemy.moml.MoMLSimpleApplication@6c6fafc6
----------------- Done invoking toplevel() on ptolemy.moml.MoMLSimpleApplication@6c6fafc6
reloadAllAccessors: .Case1

===========================================================================================
----------------- testing Sat Feb 23 21:49:32 UTC 2019 /home/travis/build/icyphy/ptII/ptolemy/domains/modal/test/auto/Case2.xml
----------------- Instantiating /home/travis/build/icyphy/ptII/ptolemy/domains/modal/test/auto/Case2.xml
31 ms. Memory: 333824K Free: 219878K (66%)
----------------- Invoking toplevel() on ptolemy.moml.MoMLSimpleApplication@102f2cf8
----------------- Done invoking toplevel() on ptolemy.moml.MoMLSimpleApplication@102f2cf8
reloadAllAccessors: .Case2

===========================================================================================
----------------- testing Sat Feb 23 21:49:32 UTC 2019 /home/travis/build/icyphy/ptII/ptolemy/domains/modal/test/auto/CausalityInterface1.xml
----------------- Instantiating /home/travis/build/icyphy/ptII/ptolemy/domains/modal/test/auto/CausalityInterface1.xml
5 ms. Memory: 333824K Free: 213756K (64%)
----------------- Invoking toplevel() on ptolemy.moml.MoMLSimpleApplication@56c88586
----------------- Done invoking toplevel() on ptolemy.moml.MoMLSimpleApplication@56c88586
reloadAllAccessors: .CausalityInterface1

===========================================================================================
----------------- testing Sat Feb 23 21:49:32 UTC 2019 /home/travis/build/icyphy/ptII/ptolemy/domains/modal/test/auto/CausalityInterface10.xml
----------------- Instantiating /home/travis/build/icyphy/ptII/ptolemy/domains/modal/test/auto/CausalityInterface10.xml
9 ms. Memory: 333824K Free: 197721K (59%)
----------------- Invoking toplevel() on ptolemy.moml.MoMLSimpleApplication@1e88ee4d
----------------- Done invoking toplevel() on ptolemy.moml.MoMLSimpleApplication@1e88ee4d
reloadAllAccessors: .CausalityInterface10

===========================================================================================
----------------- testing Sat Feb 23 21:49:32 UTC 2019 /home/travis/build/icyphy/ptII/ptolemy/domains/modal/test/auto/CausalityInterface11.xml
----------------- Instantiating /home/travis/build/icyphy/ptII/ptolemy/domains/modal/test/auto/CausalityInterface11.xml
8 ms. Memory: 333824K Free: 180821K (54%)
----------------- Invoking toplevel() on ptolemy.moml.MoMLSimpleApplication@36b129a4
----------------- Done invoking toplevel() on ptolemy.moml.MoMLSimpleApplication@36b129a4
reloadAllAccessors: .CausalityInterface11

===========================================================================================
----------------- testing Sat Feb 23 21:49:33 UTC 2019 /home/travis/build/icyphy/ptII/ptolemy/domains/modal/test/auto/CausalityInterface12.xml
----------------- Instantiating /home/travis/build/icyphy/ptII/ptolemy/domains/modal/test/auto/CausalityInterface12.xml
5 ms. Memory: 333824K Free: 166103K (50%)
----------------- Invoking toplevel() on ptolemy.moml.MoMLSimpleApplication@4e2521f
----------------- Done invoking toplevel() on ptolemy.moml.MoMLSimpleApplication@4e2521f
reloadAllAccessors: .CausalityInterface12

===========================================================================================
----------------- testing Sat Feb 23 21:49:33 UTC 2019 /home/travis/build/icyphy/ptII/ptolemy/domains/modal/test/auto/CausalityInterface13.xml
----------------- Instantiating /home/travis/build/icyphy/ptII/ptolemy/domains/modal/test/auto/CausalityInterface13.xml
5 ms. Memory: 333824K Free: 150148K (45%)
----------------- Invoking toplevel() on ptolemy.moml.MoMLSimpleApplication@4bdac07c
----------------- Done invoking toplevel() on ptolemy.moml.MoMLSimpleApplication@4bdac07c
reloadAllAccessors: .CausalityInterface13

===========================================================================================
----------------- testing Sat Feb 23 21:49:33 UTC 2019 /home/travis/build/icyphy/ptII/ptolemy/domains/modal/test/auto/CausalityInterface14.xml
----------------- Instantiating /home/travis/build/icyphy/ptII/ptolemy/domains/modal/test/auto/CausalityInterface14.xml
5 ms. Memory: 333824K Free: 131995K (40%)
----------------- Invoking toplevel() on ptolemy.moml.MoMLSimpleApplication@5bb079b7
----------------- Done invoking toplevel() on ptolemy.moml.MoMLSimpleApplication@5bb079b7
reloadAllAccessors: .CausalityInterface14

===========================================================================================
----------------- testing Sat Feb 23 21:49:33 UTC 2019 /home/travis/build/icyphy/ptII/ptolemy/domains/modal/test/auto/CausalityInterface2.xml
----------------- Instantiating /home/travis/build/icyphy/ptII/ptolemy/domains/modal/test/auto/CausalityInterface2.xml
3 ms. Memory: 333824K Free: 124644K (37%)
----------------- Invoking toplevel() on ptolemy.moml.MoMLSimpleApplication@11fc7e04
----------------- Done invoking toplevel() on ptolemy.moml.MoMLSimpleApplication@11fc7e04
reloadAllAccessors: .CausalityInterface2

===========================================================================================
----------------- testing Sat Feb 23 21:49:33 UTC 2019 /home/travis/build/icyphy/ptII/ptolemy/domains/modal/test/auto/CausalityInterface3.xml
----------------- Instantiating /home/travis/build/icyphy/ptII/ptolemy/domains/modal/test/auto/CausalityInterface3.xml
3 ms. Memory: 333824K Free: 117309K (35%)
----------------- Invoking toplevel() on ptolemy.moml.MoMLSimpleApplication@2b0fefd0
----------------- Done invoking toplevel() on ptolemy.moml.MoMLSimpleApplication@2b0fefd0
reloadAllAccessors: .CausalityInterface3

===========================================================================================
----------------- testing Sat Feb 23 21:49:33 UTC 2019 /home/travis/build/icyphy/ptII/ptolemy/domains/modal/test/auto/CausalityInterface4.xml
----------------- Instantiating /home/travis/build/icyphy/ptII/ptolemy/domains/modal/test/auto/CausalityInterface4.xml
2 ms. Memory: 333824K Free: 107783K (32%)
----------------- Invoking toplevel() on ptolemy.moml.MoMLSimpleApplication@71513e93
----------------- Done invoking toplevel() on ptolemy.moml.MoMLSimpleApplication@71513e93
reloadAllAccessors: .CausalityInterface4

===========================================================================================
----------------- testing Sat Feb 23 21:49:33 UTC 2019 /home/travis/build/icyphy/ptII/ptolemy/domains/modal/test/auto/CausalityInterface5.xml
----------------- Instantiating /home/travis/build/icyphy/ptII/ptolemy/domains/modal/test/auto/CausalityInterface5.xml
4 ms. Memory: 333824K Free: 97966K (29%)
----------------- Invoking toplevel() on ptolemy.moml.MoMLSimpleApplication@447a7bca
----------------- Done invoking toplevel() on ptolemy.moml.MoMLSimpleApplication@447a7bca
reloadAllAccessors: .CausalityInterface5

===========================================================================================
----------------- testing Sat Feb 23 21:49:33 UTC 2019 /home/travis/build/icyphy/ptII/ptolemy/domains/modal/test/auto/CausalityInterface6.xml
----------------- Instantiating /home/travis/build/icyphy/ptII/ptolemy/domains/modal/test/auto/CausalityInterface6.xml
3 ms. Memory: 333824K Free: 88157K (26%)
----------------- Invoking toplevel() on ptolemy.moml.MoMLSimpleApplication@231dcac5
----------------- Done invoking toplevel() on ptolemy.moml.MoMLSimpleApplication@231dcac5
reloadAllAccessors: .CausalityInterface6

===========================================================================================
----------------- testing Sat Feb 23 21:49:33 UTC 2019 /home/travis/build/icyphy/ptII/ptolemy/domains/modal/test/auto/CausalityInterface7.xml
----------------- Instantiating /home/travis/build/icyphy/ptII/ptolemy/domains/modal/test/auto/CausalityInterface7.xml
6 ms. Memory: 578048K Free: 563350K (97%)
----------------- Invoking toplevel() on ptolemy.moml.MoMLSimpleApplication@60798ee4
----------------- Done invoking toplevel() on ptolemy.moml.MoMLSimpleApplication@60798ee4
reloadAllAccessors: .CausalityInterface7

===========================================================================================
----------------- testing Sat Feb 23 21:49:33 UTC 2019 /home/travis/build/icyphy/ptII/ptolemy/domains/modal/test/auto/CausalityInterface8.xml
----------------- Instantiating /home/travis/build/icyphy/ptII/ptolemy/domains/modal/test/auto/CausalityInterface8.xml
7 ms. Memory: 578048K Free: 547272K (95%)
----------------- Invoking toplevel() on ptolemy.moml.MoMLSimpleApplication@28439a0d
----------------- Done invoking toplevel() on ptolemy.moml.MoMLSimpleApplication@28439a0d
reloadAllAccessors: .CausalityInterface8

===========================================================================================
----------------- testing Sat Feb 23 21:49:33 UTC 2019 /home/travis/build/icyphy/ptII/ptolemy/domains/modal/test/auto/CausalityInterface9.xml
----------------- Instantiating /home/travis/build/icyphy/ptII/ptolemy/domains/modal/test/auto/CausalityInterface9.xml
5 ms. Memory: 578048K Free: 533999K (92%)
----------------- Invoking toplevel() on ptolemy.moml.MoMLSimpleApplication@45de9158
----------------- Done invoking toplevel() on ptolemy.moml.MoMLSimpleApplication@45de9158
reloadAllAccessors: .CausalityInterface9

===========================================================================================
----------------- testing Sat Feb 23 21:49:33 UTC 2019 /home/travis/build/icyphy/ptII/ptolemy/domains/modal/test/auto/ChainedTransitions.xml
----------------- Instantiating /home/travis/build/icyphy/ptII/ptolemy/domains/modal/test/auto/ChainedTransitions.xml
87 ms. Memory: 578048K Free: 504628K (87%)
----------------- Invoking toplevel() on ptolemy.moml.MoMLSimpleApplication@4b7c53cc
----------------- Done invoking toplevel() on ptolemy.moml.MoMLSimpleApplication@4b7c53cc
reloadAllAccessors: .ChainedTransitions

===========================================================================================
----------------- testing Sat Feb 23 21:49:33 UTC 2019 /home/travis/build/icyphy/ptII/ptolemy/domains/modal/test/auto/CycleOfImmediateTransitionsFSM.xml
----------------- Instantiating /home/travis/build/icyphy/ptII/ptolemy/domains/modal/test/auto/CycleOfImmediateTransitionsFSM.xml
3 ms. Memory: 578048K Free: 494843K (86%)
----------------- Invoking toplevel() on ptolemy.moml.MoMLSimpleApplication@4b2efbdb
----------------- Done invoking toplevel() on ptolemy.moml.MoMLSimpleApplication@4b2efbdb
reloadAllAccessors: .CycleOfImmediateTransitionsFSM

===========================================================================================
----------------- testing Sat Feb 23 21:49:33 UTC 2019 /home/travis/build/icyphy/ptII/ptolemy/domains/modal/test/auto/CycleOfImmediateTransitionsModal.xml
----------------- Instantiating /home/travis/build/icyphy/ptII/ptolemy/domains/modal/test/auto/CycleOfImmediateTransitionsModal.xml
2 ms. Memory: 578048K Free: 482020K (83%)
----------------- Invoking toplevel() on ptolemy.moml.MoMLSimpleApplication@50e7a146
----------------- Done invoking toplevel() on ptolemy.moml.MoMLSimpleApplication@50e7a146
reloadAllAccessors: .CycleOfImmediateTransitionsModal

===========================================================================================
----------------- testing Sat Feb 23 21:49:33 UTC 2019 /home/travis/build/icyphy/ptII/ptolemy/domains/modal/test/auto/CycleOfImmediateTransitionsModal2.xml
----------------- Instantiating /home/travis/build/icyphy/ptII/ptolemy/domains/modal/test/auto/CycleOfImmediateTransitionsModal2.xml
5 ms. Memory: 578048K Free: 472243K (82%)
----------------- Invoking toplevel() on ptolemy.moml.MoMLSimpleApplication@72c78860
----------------- Done invoking toplevel() on ptolemy.moml.MoMLSimpleApplication@72c78860
reloadAllAccessors: .CycleOfImmediateTransitionsModal2

===========================================================================================
----------------- testing Sat Feb 23 21:49:33 UTC 2019 /home/travis/build/icyphy/ptII/ptolemy/domains/modal/test/auto/CycleOfImmediateTransitionsModal3.xml
----------------- Instantiating /home/travis/build/icyphy/ptII/ptolemy/domains/modal/test/auto/CycleOfImmediateTransitionsModal3.xml
11 ms. Memory: 578048K Free: 442872K (77%)
----------------- Invoking toplevel() on ptolemy.moml.MoMLSimpleApplication@4d1fd062
----------------- Done invoking toplevel() on ptolemy.moml.MoMLSimpleApplication@4d1fd062
reloadAllAccessors: .CycleOfImmediateTransitionsModal3

===========================================================================================
----------------- testing Sat Feb 23 21:49:33 UTC 2019 /home/travis/build/icyphy/ptII/ptolemy/domains/modal/test/auto/DeepModal1.xml
----------------- Instantiating /home/travis/build/icyphy/ptII/ptolemy/domains/modal/test/auto/DeepModal1.xml
12 ms. Memory: 578048K Free: 426567K (74%)
----------------- Invoking toplevel() on ptolemy.moml.MoMLSimpleApplication@7510b7c9
----------------- Done invoking toplevel() on ptolemy.moml.MoMLSimpleApplication@7510b7c9
reloadAllAccessors: .DeepModal1

===========================================================================================
----------------- testing Sat Feb 23 21:49:33 UTC 2019 /home/travis/build/icyphy/ptII/ptolemy/domains/modal/test/auto/DeepModal2.xml
----------------- Instantiating /home/travis/build/icyphy/ptII/ptolemy/domains/modal/test/auto/DeepModal2.xml
15 ms. Memory: 578048K Free: 400679K (69%)
----------------- Invoking toplevel() on ptolemy.moml.MoMLSimpleApplication@636b5333
----------------- Done invoking toplevel() on ptolemy.moml.MoMLSimpleApplication@636b5333
reloadAllAccessors: .DeepModal2

===========================================================================================
----------------- testing Sat Feb 23 21:49:33 UTC 2019 /home/travis/build/icyphy/ptII/ptolemy/domains/modal/test/auto/DeepModal3.xml
----------------- Instantiating /home/travis/build/icyphy/ptII/ptolemy/domains/modal/test/auto/DeepModal3.xml
17 ms. Memory: 578048K Free: 377821K (65%)
----------------- Invoking toplevel() on ptolemy.moml.MoMLSimpleApplication@2f3cc717
----------------- Done invoking toplevel() on ptolemy.moml.MoMLSimpleApplication@2f3cc717
reloadAllAccessors: .DeepModal3

===========================================================================================
----------------- testing Sat Feb 23 21:49:33 UTC 2019 /home/travis/build/icyphy/ptII/ptolemy/domains/modal/test/auto/DeepModal4.xml
----------------- Instantiating /home/travis/build/icyphy/ptII/ptolemy/domains/modal/test/auto/DeepModal4.xml
29 ms. Memory: 578048K Free: 354979K (61%)
----------------- Invoking toplevel() on ptolemy.moml.MoMLSimpleApplication@513d0e2b
----------------- Done invoking toplevel() on ptolemy.moml.MoMLSimpleApplication@513d0e2b
reloadAllAccessors: .DeepModal4

===========================================================================================
----------------- testing Sat Feb 23 21:49:34 UTC 2019 /home/travis/build/icyphy/ptII/ptolemy/domains/modal/test/auto/Default1.xml
----------------- Instantiating /home/travis/build/icyphy/ptII/ptolemy/domains/modal/test/auto/Default1.xml
2 ms. Memory: 578048K Free: 345194K (60%)
----------------- Invoking toplevel() on ptolemy.moml.MoMLSimpleApplication@2103a99e
----------------- Done invoking toplevel() on ptolemy.moml.MoMLSimpleApplication@2103a99e
reloadAllAccessors: .Default1

===========================================================================================
----------------- testing Sat Feb 23 21:49:34 UTC 2019 /home/travis/build/icyphy/ptII/ptolemy/domains/modal/test/auto/Default2.xml
----------------- Instantiating /home/travis/build/icyphy/ptII/ptolemy/domains/modal/test/auto/Default2.xml
3 ms. Memory: 578048K Free: 332372K (57%)
----------------- Invoking toplevel() on ptolemy.moml.MoMLSimpleApplication@778a1654
----------------- Done invoking toplevel() on ptolemy.moml.MoMLSimpleApplication@778a1654
reloadAllAccessors: .Default2

===========================================================================================
----------------- testing Sat Feb 23 21:49:34 UTC 2019 /home/travis/build/icyphy/ptII/ptolemy/domains/modal/test/auto/Default3.xml
----------------- Instantiating /home/travis/build/icyphy/ptII/ptolemy/domains/modal/test/auto/Default3.xml
4 ms. Memory: 578048K Free: 322603K (56%)
----------------- Invoking toplevel() on ptolemy.moml.MoMLSimpleApplication@ff7feb6
----------------- Done invoking toplevel() on ptolemy.moml.MoMLSimpleApplication@ff7feb6
reloadAllAccessors: .Default3

===========================================================================================
----------------- testing Sat Feb 23 21:49:34 UTC 2019 /home/travis/build/icyphy/ptII/ptolemy/domains/modal/test/auto/Default4.xml
----------------- Instantiating /home/travis/build/icyphy/ptII/ptolemy/domains/modal/test/auto/Default4.xml
4 ms. Memory: 578048K Free: 312818K (54%)
----------------- Invoking toplevel() on ptolemy.moml.MoMLSimpleApplication@1b4e1d9
----------------- Done invoking toplevel() on ptolemy.moml.MoMLSimpleApplication@1b4e1d9
reloadAllAccessors: .Default4

===========================================================================================
----------------- testing Sat Feb 23 21:49:34 UTC 2019 /home/travis/build/icyphy/ptII/ptolemy/domains/modal/test/auto/Default5.xml
----------------- Instantiating /home/travis/build/icyphy/ptII/ptolemy/domains/modal/test/auto/Default5.xml
6 ms. Memory: 578048K Free: 299760K (52%)
----------------- Invoking toplevel() on ptolemy.moml.MoMLSimpleApplication@68a242c8
----------------- Done invoking toplevel() on ptolemy.moml.MoMLSimpleApplication@68a242c8
reloadAllAccessors: .Default5

===========================================================================================
----------------- testing Sat Feb 23 21:49:34 UTC 2019 /home/travis/build/icyphy/ptII/ptolemy/domains/modal/test/auto/EmptyGuard.xml
----------------- Instantiating /home/travis/build/icyphy/ptII/ptolemy/domains/modal/test/auto/EmptyGuard.xml
7 ms. Memory: 578048K Free: 286938K (50%)
----------------- Invoking toplevel() on ptolemy.moml.MoMLSimpleApplication@1670598f
----------------- Done invoking toplevel() on ptolemy.moml.MoMLSimpleApplication@1670598f
reloadAllAccessors: .EmptyGuard

===========================================================================================
----------------- testing Sat Feb 23 21:49:34 UTC 2019 /home/travis/build/icyphy/ptII/ptolemy/domains/modal/test/auto/ErrorTransition1.xml
----------------- Instantiating /home/travis/build/icyphy/ptII/ptolemy/domains/modal/test/auto/ErrorTransition1.xml
8 ms. Memory: 578048K Free: 273889K (47%)
----------------- Invoking toplevel() on ptolemy.moml.MoMLSimpleApplication@463512d4
----------------- Done invoking toplevel() on ptolemy.moml.MoMLSimpleApplication@463512d4
reloadAllAccessors: .ErrorTransition1

===========================================================================================
----------------- testing Sat Feb 23 21:49:34 UTC 2019 /home/travis/build/icyphy/ptII/ptolemy/domains/modal/test/auto/ErrorTransition10.xml
----------------- Instantiating /home/travis/build/icyphy/ptII/ptolemy/domains/modal/test/auto/ErrorTransition10.xml
13 ms. Memory: 578048K Free: 247806K (43%)
----------------- Invoking toplevel() on ptolemy.moml.MoMLSimpleApplication@67fbe065
----------------- Done invoking toplevel() on ptolemy.moml.MoMLSimpleApplication@67fbe065
reloadAllAccessors: .ErrorTransition10

===========================================================================================
----------------- testing Sat Feb 23 21:49:34 UTC 2019 /home/travis/build/icyphy/ptII/ptolemy/domains/modal/test/auto/ErrorTransition11.xml
----------------- Instantiating /home/travis/build/icyphy/ptII/ptolemy/domains/modal/test/auto/ErrorTransition11.xml
4 ms. Memory: 578048K Free: 231517K (40%)
----------------- Invoking toplevel() on ptolemy.moml.MoMLSimpleApplication@6ebc21c1
----------------- Done invoking toplevel() on ptolemy.moml.MoMLSimpleApplication@6ebc21c1
reloadAllAccessors: .ErrorTransition11

===========================================================================================
----------------- testing Sat Feb 23 21:49:34 UTC 2019 /home/travis/build/icyphy/ptII/ptolemy/domains/modal/test/auto/ErrorTransition2.xml
----------------- Instantiating /home/travis/build/icyphy/ptII/ptolemy/domains/modal/test/auto/ErrorTransition2.xml
6 ms. Memory: 578048K Free: 215438K (37%)
----------------- Invoking toplevel() on ptolemy.moml.MoMLSimpleApplication@381d4a8e
----------------- Done invoking toplevel() on ptolemy.moml.MoMLSimpleApplication@381d4a8e
reloadAllAccessors: .ErrorTransition2

===========================================================================================
----------------- testing Sat Feb 23 21:49:34 UTC 2019 /home/travis/build/icyphy/ptII/ptolemy/domains/modal/test/auto/ErrorTransition3.xml
----------------- Instantiating /home/travis/build/icyphy/ptII/ptolemy/domains/modal/test/auto/ErrorTransition3.xml
11 ms. Memory: 578048K Free: 202381K (35%)
----------------- Invoking toplevel() on ptolemy.moml.MoMLSimpleApplication@1a112d85
----------------- Done invoking toplevel() on ptolemy.moml.MoMLSimpleApplication@1a112d85
reloadAllAccessors: .ErrorTransition3

===========================================================================================
----------------- testing Sat Feb 23 21:49:34 UTC 2019 /home/travis/build/icyphy/ptII/ptolemy/domains/modal/test/auto/ErrorTransition4.xml
----------------- Instantiating /home/travis/build/icyphy/ptII/ptolemy/domains/modal/test/auto/ErrorTransition4.xml
10 ms. Memory: 578048K Free: 189356K (33%)
----------------- Invoking toplevel() on ptolemy.moml.MoMLSimpleApplication@181e1aa3
----------------- Done invoking toplevel() on ptolemy.moml.MoMLSimpleApplication@181e1aa3
reloadAllAccessors: .ErrorTransition4

===========================================================================================
----------------- testing Sat Feb 23 21:49:34 UTC 2019 /home/travis/build/icyphy/ptII/ptolemy/domains/modal/test/auto/ErrorTransition5.xml
----------------- Instantiating /home/travis/build/icyphy/ptII/ptolemy/domains/modal/test/auto/ErrorTransition5.xml
5 ms. Memory: 578048K Free: 176314K (31%)
----------------- Invoking toplevel() on ptolemy.moml.MoMLSimpleApplication@53f64e3d
----------------- Done invoking toplevel() on ptolemy.moml.MoMLSimpleApplication@53f64e3d
reloadAllAccessors: .ErrorTransition5

===========================================================================================
----------------- testing Sat Feb 23 21:49:34 UTC 2019 /home/travis/build/icyphy/ptII/ptolemy/domains/modal/test/auto/ErrorTransition6.xml
----------------- Instantiating /home/travis/build/icyphy/ptII/ptolemy/domains/modal/test/auto/ErrorTransition6.xml
8 ms. Memory: 578048K Free: 160244K (28%)
----------------- Invoking toplevel() on ptolemy.moml.MoMLSimpleApplication@33b51c61
----------------- Done invoking toplevel() on ptolemy.moml.MoMLSimpleApplication@33b51c61
reloadAllAccessors: .ErrorTransition6

===========================================================================================
----------------- testing Sat Feb 23 21:49:34 UTC 2019 /home/travis/build/icyphy/ptII/ptolemy/domains/modal/test/auto/ErrorTransition7.xml
----------------- Instantiating /home/travis/build/icyphy/ptII/ptolemy/domains/modal/test/auto/ErrorTransition7.xml
11 ms. Memory: 578048K Free: 143938K (25%)
----------------- Invoking toplevel() on ptolemy.moml.MoMLSimpleApplication@4bcacce5
----------------- Done invoking toplevel() on ptolemy.moml.MoMLSimpleApplication@4bcacce5
reloadAllAccessors: .ErrorTransition7

===========================================================================================
----------------- testing Sat Feb 23 21:49:34 UTC 2019 /home/travis/build/icyphy/ptII/ptolemy/domains/modal/test/auto/ErrorTransition8.xml
----------------- Instantiating /home/travis/build/icyphy/ptII/ptolemy/domains/modal/test/auto/ErrorTransition8.xml
23 ms. Memory: 578048K Free: 127624K (22%)
----------------- Invoking toplevel() on ptolemy.moml.MoMLSimpleApplication@6cd80015
----------------- Done invoking toplevel() on ptolemy.moml.MoMLSimpleApplication@6cd80015
reloadAllAccessors: .ErrorTransition8

===========================================================================================
----------------- testing Sat Feb 23 21:49:34 UTC 2019 /home/travis/build/icyphy/ptII/ptolemy/domains/modal/test/auto/ErrorTransition9.xml
----------------- Instantiating /home/travis/build/icyphy/ptII/ptolemy/domains/modal/test/auto/ErrorTransition9.xml
15 ms. Memory: 578048K Free: 111327K (19%)
----------------- Invoking toplevel() on ptolemy.moml.MoMLSimpleApplication@593d4a8f
----------------- Done invoking toplevel() on ptolemy.moml.MoMLSimpleApplication@593d4a8f
reloadAllAccessors: .ErrorTransition9

===========================================================================================
----------------- testing Sat Feb 23 21:49:34 UTC 2019 /home/travis/build/icyphy/ptII/ptolemy/domains/modal/test/auto/ExtendedFSM.xml
----------------- Instantiating /home/travis/build/icyphy/ptII/ptolemy/domains/modal/test/auto/ExtendedFSM.xml
5 ms. Memory: 578048K Free: 98505K (17%)
----------------- Invoking toplevel() on ptolemy.moml.MoMLSimpleApplication@404dc7d2
----------------- Done invoking toplevel() on ptolemy.moml.MoMLSimpleApplication@404dc7d2
reloadAllAccessors: .ExtendedFSM

===========================================================================================
----------------- testing Sat Feb 23 21:49:34 UTC 2019 /home/travis/build/icyphy/ptII/ptolemy/domains/modal/test/auto/FinalStates.xml
----------------- Instantiating /home/travis/build/icyphy/ptII/ptolemy/domains/modal/test/auto/FinalStates.xml
9 ms. Memory: 578048K Free: 88720K (15%)
----------------- Invoking toplevel() on ptolemy.moml.MoMLSimpleApplication@35a82b34
----------------- Done invoking toplevel() on ptolemy.moml.MoMLSimpleApplication@35a82b34
reloadAllAccessors: .FinalStates

===========================================================================================
----------------- testing Sat Feb 23 21:49:34 UTC 2019 /home/travis/build/icyphy/ptII/ptolemy/domains/modal/test/auto/FixedPointFSM.xml
----------------- Instantiating /home/travis/build/icyphy/ptII/ptolemy/domains/modal/test/auto/FixedPointFSM.xml
16 ms. Memory: 578048K Free: 560505K (97%)
----------------- Invoking toplevel() on ptolemy.moml.MoMLSimpleApplication@41acf2c4
----------------- Done invoking toplevel() on ptolemy.moml.MoMLSimpleApplication@41acf2c4
reloadAllAccessors: .FixedPointFSM

===========================================================================================
----------------- testing Sat Feb 23 21:49:34 UTC 2019 /home/travis/build/icyphy/ptII/ptolemy/domains/modal/test/auto/FixedPointIterationFSMActor.xml
----------------- Instantiating /home/travis/build/icyphy/ptII/ptolemy/domains/modal/test/auto/FixedPointIterationFSMActor.xml
7 ms. Memory: 578048K Free: 546134K (94%)
----------------- Invoking toplevel() on ptolemy.moml.MoMLSimpleApplication@69186361
----------------- Done invoking toplevel() on ptolemy.moml.MoMLSimpleApplication@69186361
reloadAllAccessors: .FixedPointIterationFSMActor

===========================================================================================
----------------- testing Sat Feb 23 21:49:34 UTC 2019 /home/travis/build/icyphy/ptII/ptolemy/domains/modal/test/auto/FixedPointIterationFSMActor2.xml
----------------- Instantiating /home/travis/build/icyphy/ptII/ptolemy/domains/modal/test/auto/FixedPointIterationFSMActor2.xml
11 ms. Memory: 578048K Free: 531463K (92%)
----------------- Invoking toplevel() on ptolemy.moml.MoMLSimpleApplication@13060de4
----------------- Done invoking toplevel() on ptolemy.moml.MoMLSimpleApplication@13060de4
reloadAllAccessors: .FixedPointIterationFSMActor2

===========================================================================================
----------------- testing Sat Feb 23 21:49:34 UTC 2019 /home/travis/build/icyphy/ptII/ptolemy/domains/modal/test/auto/ForbiddenInstantanousLoop.xml
----------------- Instantiating /home/travis/build/icyphy/ptII/ptolemy/domains/modal/test/auto/ForbiddenInstantanousLoop.xml
4 ms. Memory: 578048K Free: 514642K (89%)
----------------- Invoking toplevel() on ptolemy.moml.MoMLSimpleApplication@1a9f0f35
----------------- Done invoking toplevel() on ptolemy.moml.MoMLSimpleApplication@1a9f0f35
reloadAllAccessors: .ForbiddenInstantanousLoop

===========================================================================================
----------------- testing Sat Feb 23 21:49:34 UTC 2019 /home/travis/build/icyphy/ptII/ptolemy/domains/modal/test/auto/FunctionDependencyOfFSMActorTest.xml
----------------- Instantiating /home/travis/build/icyphy/ptII/ptolemy/domains/modal/test/auto/FunctionDependencyOfFSMActorTest.xml
12 ms. Memory: 578048K Free: 507307K (88%)
----------------- Invoking toplevel() on ptolemy.moml.MoMLSimpleApplication@4e1264f3
----------------- Done invoking toplevel() on ptolemy.moml.MoMLSimpleApplication@4e1264f3
reloadAllAccessors: .FunctionDependencyOfFSMActorTest

===========================================================================================
----------------- testing Sat Feb 23 21:49:34 UTC 2019 /home/travis/build/icyphy/ptII/ptolemy/domains/modal/test/auto/GuardExpression.xml
----------------- Instantiating /home/travis/build/icyphy/ptII/ptolemy/domains/modal/test/auto/GuardExpression.xml
2 ms. Memory: 578048K Free: 499964K (86%)
----------------- Invoking toplevel() on ptolemy.moml.MoMLSimpleApplication@52a2f8ee
----------------- Done invoking toplevel() on ptolemy.moml.MoMLSimpleApplication@52a2f8ee
reloadAllAccessors: .GuardExpression

===========================================================================================
----------------- testing Sat Feb 23 21:49:34 UTC 2019 /home/travis/build/icyphy/ptII/ptolemy/domains/modal/test/auto/GuardNotEvaluated.xml
----------------- Instantiating /home/travis/build/icyphy/ptII/ptolemy/domains/modal/test/auto/GuardNotEvaluated.xml
5 ms. Memory: 578048K Free: 488059K (84%)
----------------- Invoking toplevel() on ptolemy.moml.MoMLSimpleApplication@8746f61
----------------- Done invoking toplevel() on ptolemy.moml.MoMLSimpleApplication@8746f61
reloadAllAccessors: .GuardNotEvaluated

===========================================================================================
----------------- testing Sat Feb 23 21:49:34 UTC 2019 /home/travis/build/icyphy/ptII/ptolemy/domains/modal/test/auto/GuardNotEvaluated2.xml
----------------- Instantiating /home/travis/build/icyphy/ptII/ptolemy/domains/modal/test/auto/GuardNotEvaluated2.xml
8 ms. Memory: 578048K Free: 478290K (83%)
----------------- Invoking toplevel() on ptolemy.moml.MoMLSimpleApplication@4183145
----------------- Done invoking toplevel() on ptolemy.moml.MoMLSimpleApplication@4183145
reloadAllAccessors: .GuardNotEvaluated2

===========================================================================================
----------------- testing Sat Feb 23 21:49:34 UTC 2019 /home/travis/build/icyphy/ptII/ptolemy/domains/modal/test/auto/GuardOnAbsent.xml
----------------- Instantiating /home/travis/build/icyphy/ptII/ptolemy/domains/modal/test/auto/GuardOnAbsent.xml
9 ms. Memory: 578048K Free: 468512K (81%)
----------------- Invoking toplevel() on ptolemy.moml.MoMLSimpleApplication@6fea553
----------------- Done invoking toplevel() on ptolemy.moml.MoMLSimpleApplication@6fea553
reloadAllAccessors: .GuardOnAbsent

===========================================================================================
----------------- testing Sat Feb 23 21:49:35 UTC 2019 /home/travis/build/icyphy/ptII/ptolemy/domains/modal/test/auto/HierarchicalFSMTypeInference.xml
----------------- Instantiating /home/travis/build/icyphy/ptII/ptolemy/domains/modal/test/auto/HierarchicalFSMTypeInference.xml
6 ms. Memory: 578048K Free: 451699K (78%)
----------------- Invoking toplevel() on ptolemy.moml.MoMLSimpleApplication@3e1a10cb
----------------- Done invoking toplevel() on ptolemy.moml.MoMLSimpleApplication@3e1a10cb
reloadAllAccessors: .HierarchicalFSMTypeInference

===========================================================================================
----------------- testing Sat Feb 23 21:49:35 UTC 2019 /home/travis/build/icyphy/ptII/ptolemy/domains/modal/test/auto/Hysteresis.xml
----------------- Instantiating /home/travis/build/icyphy/ptII/ptolemy/domains/modal/test/auto/Hysteresis.xml
11 ms. Memory: 578048K Free: 434571K (75%)
----------------- Invoking toplevel() on ptolemy.moml.MoMLSimpleApplication@4210b818
----------------- Done invoking toplevel() on ptolemy.moml.MoMLSimpleApplication@4210b818
reloadAllAccessors: .Hysteresis

===========================================================================================
----------------- testing Sat Feb 23 21:49:35 UTC 2019 /home/travis/build/icyphy/ptII/ptolemy/domains/modal/test/auto/HysteresisWithDefault.xml
----------------- Instantiating /home/travis/build/icyphy/ptII/ptolemy/domains/modal/test/auto/HysteresisWithDefault.xml
37 ms. Memory: 578048K Free: 405498K (70%)
----------------- Invoking toplevel() on ptolemy.moml.MoMLSimpleApplication@47920ccd
----------------- Done invoking toplevel() on ptolemy.moml.MoMLSimpleApplication@47920ccd
reloadAllAccessors: .HysteresisWithDefault

===========================================================================================
----------------- testing Sat Feb 23 21:49:35 UTC 2019 /home/travis/build/icyphy/ptII/ptolemy/domains/modal/test/auto/HysteresisWithDefault2.xml
----------------- Instantiating /home/travis/build/icyphy/ptII/ptolemy/domains/modal/test/auto/HysteresisWithDefault2.xml
42 ms. Memory: 578048K Free: 373652K (65%)
----------------- Invoking toplevel() on ptolemy.moml.MoMLSimpleApplication@63f08df1
----------------- Done invoking toplevel() on ptolemy.moml.MoMLSimpleApplication@63f08df1
reloadAllAccessors: .HysteresisWithDefault2

===========================================================================================
----------------- testing Sat Feb 23 21:49:35 UTC 2019 /home/travis/build/icyphy/ptII/ptolemy/domains/modal/test/auto/ImmediateNonConstructiveness.xml
----------------- Instantiating /home/travis/build/icyphy/ptII/ptolemy/domains/modal/test/auto/ImmediateNonConstructiveness.xml
5 ms. Memory: 578048K Free: 363859K (63%)
----------------- Invoking toplevel() on ptolemy.moml.MoMLSimpleApplication@7c9d7607
----------------- Done invoking toplevel() on ptolemy.moml.MoMLSimpleApplication@7c9d7607
reloadAllAccessors: .ImmediateNonConstructiveness

===========================================================================================
----------------- testing Sat Feb 23 21:49:35 UTC 2019 /home/travis/build/icyphy/ptII/ptolemy/domains/modal/test/auto/ImmediateNonConstructiveness2.xml
----------------- Instantiating /home/travis/build/icyphy/ptII/ptolemy/domains/modal/test/auto/ImmediateNonConstructiveness2.xml
1 ms. Memory: 578048K Free: 351945K (61%)
----------------- Invoking toplevel() on ptolemy.moml.MoMLSimpleApplication@d1af12e
----------------- Done invoking toplevel() on ptolemy.moml.MoMLSimpleApplication@d1af12e
reloadAllAccessors: .ImmediateNonConstructiveness2

===========================================================================================
----------------- testing Sat Feb 23 21:49:35 UTC 2019 /home/travis/build/icyphy/ptII/ptolemy/domains/modal/test/auto/ImmediateTransitionReset.xml
----------------- Instantiating /home/travis/build/icyphy/ptII/ptolemy/domains/modal/test/auto/ImmediateTransitionReset.xml
5 ms. Memory: 578048K Free: 337267K (58%)
----------------- Invoking toplevel() on ptolemy.moml.MoMLSimpleApplication@37c0921d
----------------- Done invoking toplevel() on ptolemy.moml.MoMLSimpleApplication@37c0921d
reloadAllAccessors: .ImmediateTransitionReset

===========================================================================================
----------------- testing Sat Feb 23 21:49:35 UTC 2019 /home/travis/build/icyphy/ptII/ptolemy/domains/modal/test/auto/ImmediateTransitions1.xml
----------------- Instantiating /home/travis/build/icyphy/ptII/ptolemy/domains/modal/test/auto/ImmediateTransitions1.xml
2 ms. Memory: 578048K Free: 329925K (57%)
----------------- Invoking toplevel() on ptolemy.moml.MoMLSimpleApplication@3cd14137
----------------- Done invoking toplevel() on ptolemy.moml.MoMLSimpleApplication@3cd14137
reloadAllAccessors: .ImmediateTransitions1

===========================================================================================
----------------- testing Sat Feb 23 21:49:35 UTC 2019 /home/travis/build/icyphy/ptII/ptolemy/domains/modal/test/auto/ImmediateTransitionsInstantaneousCommunication.xml
----------------- Instantiating /home/travis/build/icyphy/ptII/ptolemy/domains/modal/test/auto/ImmediateTransitionsInstantaneousCommunication.xml
8 ms. Memory: 578048K Free: 313103K (54%)
----------------- Invoking toplevel() on ptolemy.moml.MoMLSimpleApplication@20cc39bd
----------------- Done invoking toplevel() on ptolemy.moml.MoMLSimpleApplication@20cc39bd
reloadAllAccessors: .ImmediateTransitionsInstantaneousCommunication

===========================================================================================
----------------- testing Sat Feb 23 21:49:35 UTC 2019 /home/travis/build/icyphy/ptII/ptolemy/domains/modal/test/auto/InitialImmediateTransition.xml
----------------- Instantiating /home/travis/build/icyphy/ptII/ptolemy/domains/modal/test/auto/InitialImmediateTransition.xml
5 ms. Memory: 578048K Free: 303318K (52%)
----------------- Invoking toplevel() on ptolemy.moml.MoMLSimpleApplication@346ca810
----------------- Done invoking toplevel() on ptolemy.moml.MoMLSimpleApplication@346ca810
reloadAllAccessors: .InitialImmediateTransition

===========================================================================================
----------------- testing Sat Feb 23 21:49:35 UTC 2019 /home/travis/build/icyphy/ptII/ptolemy/domains/modal/test/auto/InitialOutputs.xml
----------------- Instantiating /home/travis/build/icyphy/ptII/ptolemy/domains/modal/test/auto/InitialOutputs.xml
2 ms. Memory: 578048K Free: 293848K (51%)
----------------- Invoking toplevel() on ptolemy.moml.MoMLSimpleApplication@3d6156a6
----------------- Done invoking toplevel() on ptolemy.moml.MoMLSimpleApplication@3d6156a6
reloadAllAccessors: .InitialOutputs

===========================================================================================
----------------- testing Sat Feb 23 21:49:35 UTC 2019 /home/travis/build/icyphy/ptII/ptolemy/domains/modal/test/auto/InitialStateTransition1.xml
----------------- Instantiating /home/travis/build/icyphy/ptII/ptolemy/domains/modal/test/auto/InitialStateTransition1.xml
2 ms. Memory: 578048K Free: 284079K (49%)
----------------- Invoking toplevel() on ptolemy.moml.MoMLSimpleApplication@6d1ef110
----------------- Done invoking toplevel() on ptolemy.moml.MoMLSimpleApplication@6d1ef110
reloadAllAccessors: .InitialStateTransition1

===========================================================================================
----------------- testing Sat Feb 23 21:49:35 UTC 2019 /home/travis/build/icyphy/ptII/ptolemy/domains/modal/test/auto/InitialStateTransition2.xml
----------------- Instantiating /home/travis/build/icyphy/ptII/ptolemy/domains/modal/test/auto/InitialStateTransition2.xml
.InitialStateTransition2.TestExceptionAttributeNonConstructive: initialize() was not invoked, but wrapup() was.  This is unusual, but not always a problem.  For example, exporting JNLP will do this.
0 ms. Memory: 578048K Free: 274294K (47%)
----------------- Invoking toplevel() on ptolemy.moml.MoMLSimpleApplication@1b79bd2f
----------------- Done invoking toplevel() on ptolemy.moml.MoMLSimpleApplication@1b79bd2f
reloadAllAccessors: .InitialStateTransition2

===========================================================================================
----------------- testing Sat Feb 23 21:49:35 UTC 2019 /home/travis/build/icyphy/ptII/ptolemy/domains/modal/test/auto/InitialStateTransition3.xml
----------------- Instantiating /home/travis/build/icyphy/ptII/ptolemy/domains/modal/test/auto/InitialStateTransition3.xml
5 ms. Memory: 578048K Free: 259937K (45%)
----------------- Invoking toplevel() on ptolemy.moml.MoMLSimpleApplication@6ecbdd7f
----------------- Done invoking toplevel() on ptolemy.moml.MoMLSimpleApplication@6ecbdd7f
reloadAllAccessors: .InitialStateTransition3

===========================================================================================
----------------- testing Sat Feb 23 21:49:35 UTC 2019 /home/travis/build/icyphy/ptII/ptolemy/domains/modal/test/auto/InitialStateTransition4.xml
----------------- Instantiating /home/travis/build/icyphy/ptII/ptolemy/domains/modal/test/auto/InitialStateTransition4.xml
3 ms. Memory: 578048K Free: 247717K (43%)
----------------- Invoking toplevel() on ptolemy.moml.MoMLSimpleApplication@25b25a02
----------------- Done invoking toplevel() on ptolemy.moml.MoMLSimpleApplication@25b25a02
[...]
----------------- Done invoking toplevel() on ptolemy.moml.MoMLSimpleApplication@78a80684
reloadAllAccessors: .TerminationTransition3

===========================================================================================
----------------- testing Sat Feb 23 21:49:37 UTC 2019 /home/travis/build/icyphy/ptII/ptolemy/domains/modal/test/auto/TerminationTransition4.xml
----------------- Instantiating /home/travis/build/icyphy/ptII/ptolemy/domains/modal/test/auto/TerminationTransition4.xml
3 ms. Memory: 871936K Free: 184506K (21%)
----------------- Invoking toplevel() on ptolemy.moml.MoMLSimpleApplication@473597ce
----------------- Done invoking toplevel() on ptolemy.moml.MoMLSimpleApplication@473597ce
reloadAllAccessors: .TerminationTransition4

===========================================================================================
----------------- testing Sat Feb 23 21:49:37 UTC 2019 /home/travis/build/icyphy/ptII/ptolemy/domains/modal/test/auto/TerminationTransition5.xml
----------------- Instantiating /home/travis/build/icyphy/ptII/ptolemy/domains/modal/test/auto/TerminationTransition5.xml
3 ms. Memory: 871936K Free: 163641K (19%)
----------------- Invoking toplevel() on ptolemy.moml.MoMLSimpleApplication@22d36d29
----------------- Done invoking toplevel() on ptolemy.moml.MoMLSimpleApplication@22d36d29
reloadAllAccessors: .TerminationTransition5

===========================================================================================
----------------- testing Sat Feb 23 21:49:37 UTC 2019 /home/travis/build/icyphy/ptII/ptolemy/domains/modal/test/auto/TerminationTransition6.xml
----------------- Instantiating /home/travis/build/icyphy/ptII/ptolemy/domains/modal/test/auto/TerminationTransition6.xml
2 ms. Memory: 871936K Free: 145462K (17%)
----------------- Invoking toplevel() on ptolemy.moml.MoMLSimpleApplication@4fcc72ba
----------------- Done invoking toplevel() on ptolemy.moml.MoMLSimpleApplication@4fcc72ba
reloadAllAccessors: .TerminationTransition6

===========================================================================================
----------------- testing Sat Feb 23 21:49:37 UTC 2019 /home/travis/build/icyphy/ptII/ptolemy/domains/modal/test/auto/TerminationTransition7.xml
----------------- Instantiating /home/travis/build/icyphy/ptII/ptolemy/domains/modal/test/auto/TerminationTransition7.xml
2 ms. Memory: 871936K Free: 129810K (15%)
----------------- Invoking toplevel() on ptolemy.moml.MoMLSimpleApplication@55bf212
----------------- Done invoking toplevel() on ptolemy.moml.MoMLSimpleApplication@55bf212
reloadAllAccessors: .TerminationTransition7

===========================================================================================
----------------- testing Sat Feb 23 21:49:37 UTC 2019 /home/travis/build/icyphy/ptII/ptolemy/domains/modal/test/auto/TerminationTransition8.xml
----------------- Instantiating /home/travis/build/icyphy/ptII/ptolemy/domains/modal/test/auto/TerminationTransition8.xml
3 ms. Memory: 871936K Free: 114173K (13%)
----------------- Invoking toplevel() on ptolemy.moml.MoMLSimpleApplication@c371113
----------------- Done invoking toplevel() on ptolemy.moml.MoMLSimpleApplication@c371113
reloadAllAccessors: .TerminationTransition8

===========================================================================================
----------------- testing Sat Feb 23 21:49:37 UTC 2019 /home/travis/build/icyphy/ptII/ptolemy/domains/modal/test/auto/Thermostat_NoHysteresis.xml
----------------- Instantiating /home/travis/build/icyphy/ptII/ptolemy/domains/modal/test/auto/Thermostat_NoHysteresis.xml
23 ms. Memory: 871936K Free: 80342K (9%)
----------------- Invoking toplevel() on ptolemy.moml.MoMLSimpleApplication@3bdf310c
----------------- Done invoking toplevel() on ptolemy.moml.MoMLSimpleApplication@3bdf310c
reloadAllAccessors: .Thermostat_NoHysteresis

===========================================================================================
----------------- testing Sat Feb 23 21:49:37 UTC 2019 /home/travis/build/icyphy/ptII/ptolemy/domains/modal/test/auto/TimedFSM.xml
----------------- Instantiating /home/travis/build/icyphy/ptII/ptolemy/domains/modal/test/auto/TimedFSM.xml
6 ms. Memory: 871936K Free: 847521K (97%)
----------------- Invoking toplevel() on ptolemy.moml.MoMLSimpleApplication@7b639f54
----------------- Done invoking toplevel() on ptolemy.moml.MoMLSimpleApplication@7b639f54
reloadAllAccessors: .TimedFSM

===========================================================================================
----------------- testing Sat Feb 23 21:49:37 UTC 2019 /home/travis/build/icyphy/ptII/ptolemy/domains/modal/test/auto/Timeout1.xml
----------------- Instantiating /home/travis/build/icyphy/ptII/ptolemy/domains/modal/test/auto/Timeout1.xml
2 ms. Memory: 871936K Free: 835153K (96%)
----------------- Invoking toplevel() on ptolemy.moml.MoMLSimpleApplication@16549979
----------------- Done invoking toplevel() on ptolemy.moml.MoMLSimpleApplication@16549979
reloadAllAccessors: .Timeout1

===========================================================================================
----------------- testing Sat Feb 23 21:49:37 UTC 2019 /home/travis/build/icyphy/ptII/ptolemy/domains/modal/test/auto/Timeout2.xml
----------------- Instantiating /home/travis/build/icyphy/ptII/ptolemy/domains/modal/test/auto/Timeout2.xml
4 ms. Memory: 871936K Free: 819501K (94%)
----------------- Invoking toplevel() on ptolemy.moml.MoMLSimpleApplication@49da43a9
----------------- Done invoking toplevel() on ptolemy.moml.MoMLSimpleApplication@49da43a9
reloadAllAccessors: .Timeout2

===========================================================================================
----------------- testing Sat Feb 23 21:49:37 UTC 2019 /home/travis/build/icyphy/ptII/ptolemy/domains/modal/test/auto/Timeout3.xml
----------------- Instantiating /home/travis/build/icyphy/ptII/ptolemy/domains/modal/test/auto/Timeout3.xml
6 ms. Memory: 871936K Free: 807238K (93%)
----------------- Invoking toplevel() on ptolemy.moml.MoMLSimpleApplication@4ee41a83
----------------- Done invoking toplevel() on ptolemy.moml.MoMLSimpleApplication@4ee41a83
reloadAllAccessors: .Timeout3

===========================================================================================
----------------- testing Sat Feb 23 21:49:37 UTC 2019 /home/travis/build/icyphy/ptII/ptolemy/domains/modal/test/auto/Timeout4.xml
----------------- Instantiating /home/travis/build/icyphy/ptII/ptolemy/domains/modal/test/auto/Timeout4.xml
1 ms. Memory: 871936K Free: 796814K (91%)
----------------- Invoking toplevel() on ptolemy.moml.MoMLSimpleApplication@57c97b10
----------------- Done invoking toplevel() on ptolemy.moml.MoMLSimpleApplication@57c97b10
reloadAllAccessors: .Timeout4

===========================================================================================
----------------- testing Sat Feb 23 21:49:37 UTC 2019 /home/travis/build/icyphy/ptII/ptolemy/domains/modal/test/auto/TransientstateModelAdvanced.xml
----------------- Instantiating /home/travis/build/icyphy/ptII/ptolemy/domains/modal/test/auto/TransientstateModelAdvanced.xml
2 ms. Memory: 871936K Free: 774119K (89%)
----------------- Invoking toplevel() on ptolemy.moml.MoMLSimpleApplication@c939082
----------------- Done invoking toplevel() on ptolemy.moml.MoMLSimpleApplication@c939082
reloadAllAccessors: .TransientstateModelAdvanced

===========================================================================================
----------------- testing Sat Feb 23 21:49:37 UTC 2019 /home/travis/build/icyphy/ptII/ptolemy/domains/modal/test/auto/TransientstateModelAdvanced2.xml
----------------- Instantiating /home/travis/build/icyphy/ptII/ptolemy/domains/modal/test/auto/TransientstateModelAdvanced2.xml
3 ms. Memory: 871936K Free: 753271K (86%)
----------------- Invoking toplevel() on ptolemy.moml.MoMLSimpleApplication@758bf883
----------------- Done invoking toplevel() on ptolemy.moml.MoMLSimpleApplication@758bf883
reloadAllAccessors: .transientstatemodelAdvanced

===========================================================================================
----------------- testing Sat Feb 23 21:49:37 UTC 2019 /home/travis/build/icyphy/ptII/ptolemy/domains/modal/test/auto/TransitionRefinements.xml
----------------- Instantiating /home/travis/build/icyphy/ptII/ptolemy/domains/modal/test/auto/TransitionRefinements.xml
9 ms. Memory: 871936K Free: 735796K (84%)
----------------- Invoking toplevel() on ptolemy.moml.MoMLSimpleApplication@37a1005f
----------------- Done invoking toplevel() on ptolemy.moml.MoMLSimpleApplication@37a1005f
reloadAllAccessors: .TransitionRefinements

===========================================================================================
----------------- testing Sat Feb 23 21:49:37 UTC 2019 /home/travis/build/icyphy/ptII/ptolemy/domains/modal/test/auto/TwoRefinements1.xml
----------------- Instantiating /home/travis/build/icyphy/ptII/ptolemy/domains/modal/test/auto/TwoRefinements1.xml
2 ms. Memory: 871936K Free: 720144K (83%)
----------------- Invoking toplevel() on ptolemy.moml.MoMLSimpleApplication@13c67c00
----------------- Done invoking toplevel() on ptolemy.moml.MoMLSimpleApplication@13c67c00
reloadAllAccessors: .TwoRefinements1

===========================================================================================
----------------- testing Sat Feb 23 21:49:37 UTC 2019 /home/travis/build/icyphy/ptII/ptolemy/domains/modal/test/auto/TwoRefinements2.xml
----------------- Instantiating /home/travis/build/icyphy/ptII/ptolemy/domains/modal/test/auto/TwoRefinements2.xml
6 ms. Memory: 871936K Free: 702653K (81%)
----------------- Invoking toplevel() on ptolemy.moml.MoMLSimpleApplication@2b89963f
----------------- Done invoking toplevel() on ptolemy.moml.MoMLSimpleApplication@2b89963f
reloadAllAccessors: .TwoRefinements2

===========================================================================================
----------------- testing Sat Feb 23 21:49:37 UTC 2019 /home/travis/build/icyphy/ptII/ptolemy/domains/modal/test/auto/WeakImmediateTransition.xml
----------------- Instantiating /home/travis/build/icyphy/ptII/ptolemy/domains/modal/test/auto/WeakImmediateTransition.xml
2 ms. Memory: 871936K Free: 687001K (79%)
----------------- Invoking toplevel() on ptolemy.moml.MoMLSimpleApplication@2ad487c
----------------- Done invoking toplevel() on ptolemy.moml.MoMLSimpleApplication@2ad487c
reloadAllAccessors: .WeakImmediateTransition

===========================================================================================
----------------- testing Sat Feb 23 21:49:37 UTC 2019 /home/travis/build/icyphy/ptII/ptolemy/domains/modal/test/auto/booleanSelect.xml
----------------- Instantiating /home/travis/build/icyphy/ptII/ptolemy/domains/modal/test/auto/booleanSelect.xml
39 ms. Memory: 871936K Free: 659054K (76%)
----------------- Invoking toplevel() on ptolemy.moml.MoMLSimpleApplication@44752518
----------------- Done invoking toplevel() on ptolemy.moml.MoMLSimpleApplication@44752518
reloadAllAccessors: .booleanSelect

===========================================================================================
----------------- testing Sat Feb 23 21:49:37 UTC 2019 /home/travis/build/icyphy/ptII/ptolemy/domains/modal/test/auto/modalChangingParams.xml
----------------- Instantiating /home/travis/build/icyphy/ptII/ptolemy/domains/modal/test/auto/modalChangingParams.xml
0
1
0
2
4
6
8
7
0
2
4
6
8
13
0
2
4
6
8
19
0
2
4
6
8
25
0
2
4
6
8
31
0
2
4
6
8
37
0
2
4
6
8
43
0
2
4
6
8
49
0
2
4
6
8
55
0
2
4
6
8
61
0
2
4
6
8
67
0
2
4
6
8
73
0
2
4
6
8
79
0
2
4
6
8
85
0
2
4
6
8
91
0
2
4
6
8
97
0
2
4
6
8
103
0
2
4
6
8
109
0
2
4
6
8
115
0
2
4
6
8
121
0
2
4
6
8
127
0
2
4
6
8
133
0
2
4
6
8
139
0
2
4
6
8
145
0
2
4
6
8
151
0
2
4
6
8
157
0
2
4
6
8
163
0
2
4
6
8
169
0
2
4
6
8
175
0
2
4
6
8
181
0
2
4
6
8
187
0
2
4
6
8
193
0
2
4
6
8
199
0
2
4
6
8
205
0
2
4
6
8
211
0
2
4
6
8
217
0
2
4
6
8
223
0
2
4
6
8
229
0
2
4
6
8
235
0
2
4
6
8
241
0
2
4
6
8
247
0
2
4
6
8
253
0
2
4
6
8
259
0
2
4
6
8
265
0
2
4
6
8
271
0
2
4
6
8
277
0
2
4
6
8
283
0
2
4
6
8
289
0
2
4
6
8
295
0
2
4
6
8
301
0
2
4
6
8
307
0
2
4
6
8
313
0
2
4
6
8
319
0
2
4
6
8
325
0
2
4
6
8
331
0
2
4
6
8
337
0
2
4
6
8
343
0
2
4
6
8
349
0
2
4
6
8
355
0
2
4
6
8
361
0
2
4
6
8
367
0
2
4
6
8
373
0
2
4
6
8
379
0
2
4
6
8
385
0
2
4
6
8
391
0
2
4
6
8
397
0
2
4
6
8
403
0
2
4
6
8
409
0
2
4
6
8
415
0
2
4
6
8
421
0
2
4
6
8
427
0
2
4
6
8
433
0
2
4
6
8
439
0
2
4
6
8
445
0
2
4
6
8
451
0
2
4
6
8
457
0
2
4
6
8
463
0
2
4
6
8
469
0
2
4
6
8
475
0
2
4
6
8
481
0
2
4
6
8
487
0
2
4
6
8
493
0
2
4
6
8
499
0
2
4
6
8
505
0
2
4
6
8
511
0
2
4
6
8
517
0
2
4
6
8
523
0
2
4
6
8
529
0
2
4
6
8
535
0
2
4
6
8
541
0
2
4
6
8
547
0
2
4
6
8
553
0
2
4
6
8
559
0
2
4
6
8
565
0
2
4
6
8
571
0
2
4
6
8
577
0
2
4
6
8
583
0
2
4
6
8
589
0
2
4
6
8
595
0
2
4
6
8
601
0
2
4
6
8
607
0
2
4
6
8
613
0
2
4
6
8
619
0
2
4
6
8
625
0
2
4
6
8
631
0
2
4
6
8
637
0
2
4
6
8
643
0
2
4
6
8
649
0
2
4
6
8
655
0
2
4
6
8
661
0
2
4
6
8
667
0
2
4
6
8
673
0
2
4
6
8
679
0
2
4
6
8
685
0
2
4
6
8
691
0
2
4
6
8
697
0
2
4
6
8
703
0
2
4
6
8
709
0
2
4
6
8
715
0
2
4
6
8
721
0
2
4
6
8
727
0
2
4
6
8
733
0
2
4
6
8
739
0
2
4
6
8
745
0
2
4
6
8
751
0
2
4
6
8
757
0
2
4
6
8
763
0
2
4
6
8
769
0
2
4
6
8
775
0
2
4
6
8
781
0
2
4
6
8
787
0
2
4
6
8
793
0
2
4
6
8
799
0
2
4
6
8
805
0
2
4
6
8
811
0
2
4
6
8
817
0
2
4
6
8
823
0
2
4
6
8
829
0
2
4
6
8
835
0
2
4
6
8
841
0
2
4
6
8
847
0
2
4
6
8
853
0
2
4
6
8
859
0
2
4
6
8
865
0
2
4
6
8
871
0
2
4
6
8
877
0
2
4
6
8
883
0
2
4
6
8
889
0
2
4
6
8
895
0
2
4
6
8
901
0
2
4
6
8
907
0
2
4
6
8
913
0
2
4
6
8
919
0
2
4
6
8
925
0
2
4
6
8
931
0
2
4
6
8
937
0
2
4
6
8
943
0
2
4
6
8
949
0
2
4
6
8
955
0
2
4
6
8
961
0
2
4
6
8
967
0
2
4
6
8
973
0
2
4
6
8
979
0
2
4
6
8
985
0
2
4
6
8
991
0
2
4
6
8
997
0
2
207 ms. Memory: 871936K Free: 544242K (62%)
----------------- Invoking toplevel() on ptolemy.moml.MoMLSimpleApplication@1757192e
----------------- Done invoking toplevel() on ptolemy.moml.MoMLSimpleApplication@1757192e
reloadAllAccessors: .modalChangingParams

===========================================================================================
----------------- testing Sat Feb 23 21:49:38 UTC 2019 /home/travis/build/icyphy/ptII/ptolemy/domains/modal/test/auto/modalModel.xml
----------------- Instantiating /home/travis/build/icyphy/ptII/ptolemy/domains/modal/test/auto/modalModel.xml
9 ms. Memory: 871936K Free: 526751K (60%)
----------------- Invoking toplevel() on ptolemy.moml.MoMLSimpleApplication@4adc519d
----------------- Done invoking toplevel() on ptolemy.moml.MoMLSimpleApplication@4adc519d
reloadAllAccessors: .modalModel

===========================================================================================
----------------- testing Sat Feb 23 21:49:38 UTC 2019 /home/travis/build/icyphy/ptII/ptolemy/domains/modal/test/auto/modalModel2.xml
----------------- Instantiating /home/travis/build/icyphy/ptII/ptolemy/domains/modal/test/auto/modalModel2.xml
11 ms. Memory: 871936K Free: 511107K (59%)
----------------- Invoking toplevel() on ptolemy.moml.MoMLSimpleApplication@634ebc2
----------------- Done invoking toplevel() on ptolemy.moml.MoMLSimpleApplication@634ebc2
reloadAllAccessors: .modalModel2

===========================================================================================
----------------- testing Sat Feb 23 21:49:38 UTC 2019 /home/travis/build/icyphy/ptII/ptolemy/domains/modal/test/auto/modalModel3.xml
----------------- Instantiating /home/travis/build/icyphy/ptII/ptolemy/domains/modal/test/auto/modalModel3.xml
0	0	0
3	2	1
6	4	2
9	6	3
4	0	4
7	2	5
10	4	6
13	6	7
8	0	8
11	2	9
14	4	10
17	6	11
12	0	12
15	2	13
18	4	14
12 ms. Memory: 871936K Free: 493632K (57%)
----------------- Invoking toplevel() on ptolemy.moml.MoMLSimpleApplication@6752f3be
----------------- Done invoking toplevel() on ptolemy.moml.MoMLSimpleApplication@6752f3be
reloadAllAccessors: .modalModel3

===========================================================================================
----------------- testing Sat Feb 23 21:49:38 UTC 2019 /home/travis/build/icyphy/ptII/ptolemy/domains/modal/test/auto/model1.xml
----------------- Instantiating /home/travis/build/icyphy/ptII/ptolemy/domains/modal/test/auto/model1.xml
10 ms. Memory: 871936K Free: 483208K (55%)
----------------- Invoking toplevel() on ptolemy.moml.MoMLSimpleApplication@299c3548
----------------- Done invoking toplevel() on ptolemy.moml.MoMLSimpleApplication@299c3548
reloadAllAccessors: .model1

===========================================================================================
----------------- testing Sat Feb 23 21:49:38 UTC 2019 /home/travis/build/icyphy/ptII/ptolemy/domains/modal/test/auto/test-direct-in-out.xml
----------------- Instantiating /home/travis/build/icyphy/ptII/ptolemy/domains/modal/test/auto/test-direct-in-out.xml
4 ms. Memory: 871936K Free: 465725K (53%)
----------------- Invoking toplevel() on ptolemy.moml.MoMLSimpleApplication@b04d2ad
----------------- Done invoking toplevel() on ptolemy.moml.MoMLSimpleApplication@b04d2ad
reloadAllAccessors: .test-direct-in-out
AutoTests.java: About to close Vertx.
AutoTests.java: Vertx closed.
]]></system-out>
  <system-err><![CDATA[java.lang.RuntimeException: Execution failed
	at ptolemy.moml.MoMLSimpleApplication$UnloadThread.run(MoMLSimpleApplication.java:402)
Caused by: ptolemy.kernel.util.IllegalActionException: Unknown inputs remain. Possible causality loop:
L_model_1893289564i

  in .CannotAnalysisWithPreemption.model_1893289564_region_1 and .CannotAnalysisWithPreemption.model_1893289564_region_1.L_model_1893289564i
	at ptolemy.actor.sched.FixedPointDirector.postfire(FixedPointDirector.java:515)
	at ptolemy.domains.sr.kernel.SRDirector.postfire(SRDirector.java:417)
	at ptolemy.actor.CompositeActor.postfire(CompositeActor.java:1668)
	at ptolemy.actor.Manager.iterate(Manager.java:852)
	at ptolemy.actor.Manager.execute(Manager.java:369)
	at ptolemy.actor.Manager.run(Manager.java:1263)
	at ptolemy.actor.Manager$PtolemyRunThread.run(Manager.java:1915)
java.lang.reflect.InvocationTargetException
	at sun.reflect.NativeConstructorAccessorImpl.newInstance0(Native Method)
	at sun.reflect.NativeConstructorAccessorImpl.newInstance(NativeConstructorAccessorImpl.java:62)
	at sun.reflect.DelegatingConstructorAccessorImpl.newInstance(DelegatingConstructorAccessorImpl.java:45)
	at java.lang.reflect.Constructor.newInstance(Constructor.java:423)
	at ptolemy.util.test.junit.AutoKnownFailedTests.RunModel(AutoKnownFailedTests.java:105)
	at sun.reflect.NativeMethodAccessorImpl.invoke0(Native Method)
	at sun.reflect.NativeMethodAccessorImpl.invoke(NativeMethodAccessorImpl.java:62)
	at sun.reflect.DelegatingMethodAccessorImpl.invoke(DelegatingMethodAccessorImpl.java:43)
	at java.lang.reflect.Method.invoke(Method.java:498)
	at org.junit.runners.model.FrameworkMethod$1.runReflectiveCall(FrameworkMethod.java:44)
	at org.junit.internal.runners.model.ReflectiveCallable.run(ReflectiveCallable.java:15)
	at org.junit.runners.model.FrameworkMethod.invokeExplosively(FrameworkMethod.java:41)
	at junitparams.internal.InvokeParameterisedMethod.evaluate(InvokeParameterisedMethod.java:102)
	at org.junit.internal.runners.statements.FailOnTimeout$1.run(FailOnTimeout.java:28)
Caused by: ptolemy.kernel.util.IllegalActionException: Unknown inputs remain. Possible causality loop:
L_model_1893289564i

  in .CannotAnalysisWithPreemption.model_1893289564_region_1 and .CannotAnalysisWithPreemption.model_1893289564_region_1.L_model_1893289564i
	at ptolemy.actor.sched.FixedPointDirector.postfire(FixedPointDirector.java:515)
	at ptolemy.domains.sr.kernel.SRDirector.postfire(SRDirector.java:417)
	at ptolemy.actor.CompositeActor.postfire(CompositeActor.java:1668)
	at ptolemy.actor.Manager.iterate(Manager.java:852)
	at ptolemy.actor.Manager.execute(Manager.java:369)
	at ptolemy.actor.Manager.run(Manager.java:1263)
	at ptolemy.actor.Manager$PtolemyRunThread.run(Manager.java:1915)
]]></system-err>
</testsuite>
