<?xml version="1.0" encoding="UTF-8" ?>
<testsuite errors="0" failures="0" hostname="travis-job-7280917e-a85d-40b4-bcde-0ea990e35277" name="ptolemy.domains.continuous.test.junit.JUnitTclTest" skipped="0" tests="155" time="73.153" timestamp="2018-06-18T12:12:43">
  <properties>
[...]
</properties>
  <testcase classname="ptolemy.util.test.junit.TclTests" name="[0] ThereAreNoTclTests (RunTclFile)" time="0.001" />
  <testcase classname="ptolemy.util.test.junit.AutoKnownFailedTests" name="[0] ThereAreNoKnowFailedTests (RunModel)" time="0.001" />
  <testcase classname="ptolemy.util.test.junit.AutoNameArchTests" name="[0] ThereAreNoAutoArchTests (RunModel)" time="0.003" />
  <testcase classname="ptolemy.util.test.junit.AutoTests" name="[0] /home/travis/build/icyphy/ptII/ptolemy/domains/continuous/test/auto/BouncingBall.xml (RunModel)" time="2.82" />
  <testcase classname="ptolemy.util.test.junit.AutoTests" name="[1] /home/travis/build/icyphy/ptII/ptolemy/domains/continuous/test/auto/BouncingBallWithoutGR.xml (RunModel)" time="0.928" />
  <testcase classname="ptolemy.util.test.junit.AutoTests" name="[2] /home/travis/build/icyphy/ptII/ptolemy/domains/continuous/test/auto/Brownian.xml (RunModel)" time="0.119" />
  <testcase classname="ptolemy.util.test.junit.AutoTests" name="[3] /home/travis/build/icyphy/ptII/ptolemy/domains/continuous/test/auto/CarTracking.xml (RunModel)" time="3.78" />
  <testcase classname="ptolemy.util.test.junit.AutoTests" name="[4] /home/travis/build/icyphy/ptII/ptolemy/domains/continuous/test/auto/CartPendulum.xml (RunModel)" time="0.532" />
  <testcase classname="ptolemy.util.test.junit.AutoTests" name="[5] /home/travis/build/icyphy/ptII/ptolemy/domains/continuous/test/auto/CausalityInterface10.xml (RunModel)" time="0.043" />
  <testcase classname="ptolemy.util.test.junit.AutoTests" name="[6] /home/travis/build/icyphy/ptII/ptolemy/domains/continuous/test/auto/CausalityInterface11.xml (RunModel)" time="0.035" />
  <testcase classname="ptolemy.util.test.junit.AutoTests" name="[7] /home/travis/build/icyphy/ptII/ptolemy/domains/continuous/test/auto/CausalityInterface12.xml (RunModel)" time="0.033" />
  <testcase classname="ptolemy.util.test.junit.AutoTests" name="[8] /home/travis/build/icyphy/ptII/ptolemy/domains/continuous/test/auto/CausalityInterface13.xml (RunModel)" time="0.041" />
  <testcase classname="ptolemy.util.test.junit.AutoTests" name="[9] /home/travis/build/icyphy/ptII/ptolemy/domains/continuous/test/auto/CausalityInterface14.xml (RunModel)" time="0.027" />
  <testcase classname="ptolemy.util.test.junit.AutoTests" name="[10] /home/travis/build/icyphy/ptII/ptolemy/domains/continuous/test/auto/CausalityInterface4.xml (RunModel)" time="0.041" />
  <testcase classname="ptolemy.util.test.junit.AutoTests" name="[11] /home/travis/build/icyphy/ptII/ptolemy/domains/continuous/test/auto/CausalityInterface5.xml (RunModel)" time="0.051" />
  <testcase classname="ptolemy.util.test.junit.AutoTests" name="[12] /home/travis/build/icyphy/ptII/ptolemy/domains/continuous/test/auto/CausalityInterface6.xml (RunModel)" time="0.028" />
  <testcase classname="ptolemy.util.test.junit.AutoTests" name="[13] /home/travis/build/icyphy/ptII/ptolemy/domains/continuous/test/auto/CausalityInterface7.xml (RunModel)" time="0.041" />
  <testcase classname="ptolemy.util.test.junit.AutoTests" name="[14] /home/travis/build/icyphy/ptII/ptolemy/domains/continuous/test/auto/CausalityInterface8.xml (RunModel)" time="0.041" />
  <testcase classname="ptolemy.util.test.junit.AutoTests" name="[15] /home/travis/build/icyphy/ptII/ptolemy/domains/continuous/test/auto/CausalityInterface9.xml (RunModel)" time="0.044" />
  <testcase classname="ptolemy.util.test.junit.AutoTests" name="[16] /home/travis/build/icyphy/ptII/ptolemy/domains/continuous/test/auto/CausalityInterfaceFeedback1.xml (RunModel)" time="0.037" />
  <testcase classname="ptolemy.util.test.junit.AutoTests" name="[17] /home/travis/build/icyphy/ptII/ptolemy/domains/continuous/test/auto/CausalityInterfaceFeedback2.xml (RunModel)" time="0.044" />
  <testcase classname="ptolemy.util.test.junit.AutoTests" name="[18] /home/travis/build/icyphy/ptII/ptolemy/domains/continuous/test/auto/CompareWithCurrentTime.xml (RunModel)" time="0.027" />
  <testcase classname="ptolemy.util.test.junit.AutoTests" name="[19] /home/travis/build/icyphy/ptII/ptolemy/domains/continuous/test/auto/ComparedClocks.xml (RunModel)" time="0.077" />
  <testcase classname="ptolemy.util.test.junit.AutoTests" name="[20] /home/travis/build/icyphy/ptII/ptolemy/domains/continuous/test/auto/ContinuousAOCClone.xml (RunModel)" time="2.781" />
  <testcase classname="ptolemy.util.test.junit.AutoTests" name="[21] /home/travis/build/icyphy/ptII/ptolemy/domains/continuous/test/auto/ContinuousClock.xml (RunModel)" time="0.074" />
  <testcase classname="ptolemy.util.test.junit.AutoTests" name="[22] /home/travis/build/icyphy/ptII/ptolemy/domains/continuous/test/auto/ContinuousInContinuous.xml (RunModel)" time="0.075" />
  <testcase classname="ptolemy.util.test.junit.AutoTests" name="[23] /home/travis/build/icyphy/ptII/ptolemy/domains/continuous/test/auto/ContinuousInContinuousInContinuous.xml (RunModel)" time="0.025" />
  <testcase classname="ptolemy.util.test.junit.AutoTests" name="[24] /home/travis/build/icyphy/ptII/ptolemy/domains/continuous/test/auto/ContinuousInDE.xml (RunModel)" time="0.151" />
  <testcase classname="ptolemy.util.test.junit.AutoTests" name="[25] /home/travis/build/icyphy/ptII/ptolemy/domains/continuous/test/auto/ContinuousInDE2.xml (RunModel)" time="0.067" />
  <testcase classname="ptolemy.util.test.junit.AutoTests" name="[26] /home/travis/build/icyphy/ptII/ptolemy/domains/continuous/test/auto/ContinuousInDE3.xml (RunModel)" time="0.053" />
  <testcase classname="ptolemy.util.test.junit.AutoTests" name="[27] /home/travis/build/icyphy/ptII/ptolemy/domains/continuous/test/auto/ContinuousInDE4.xml (RunModel)" time="0.029" />
  <testcase classname="ptolemy.util.test.junit.AutoTests" name="[28] /home/travis/build/icyphy/ptII/ptolemy/domains/continuous/test/auto/ContinuousInDEDifferentRefinements.xml (RunModel)" time="0.102" />
  <testcase classname="ptolemy.util.test.junit.AutoTests" name="[29] /home/travis/build/icyphy/ptII/ptolemy/domains/continuous/test/auto/ContinuousInDEDifferentRefinementsPreemptive.xml (RunModel)" time="0.085" />
  <testcase classname="ptolemy.util.test.junit.AutoTests" name="[30] /home/travis/build/icyphy/ptII/ptolemy/domains/continuous/test/auto/ContinuousInDEInContinuous2.xml (RunModel)" time="0.061" />
  <testcase classname="ptolemy.util.test.junit.AutoTests" name="[31] /home/travis/build/icyphy/ptII/ptolemy/domains/continuous/test/auto/ContinuousInDEInContinuous3.xml (RunModel)" time="0.064" />
  <testcase classname="ptolemy.util.test.junit.AutoTests" name="[32] /home/travis/build/icyphy/ptII/ptolemy/domains/continuous/test/auto/ContinuousInDEInput.xml (RunModel)" time="0.041" />
  <testcase classname="ptolemy.util.test.junit.AutoTests" name="[33] /home/travis/build/icyphy/ptII/ptolemy/domains/continuous/test/auto/ContinuousInDEInput2.xml (RunModel)" time="0.043" />
  <testcase classname="ptolemy.util.test.junit.AutoTests" name="[34] /home/travis/build/icyphy/ptII/ptolemy/domains/continuous/test/auto/ContinuousInDEInput3.xml (RunModel)" time="0.033" />
  <testcase classname="ptolemy.util.test.junit.AutoTests" name="[35] /home/travis/build/icyphy/ptII/ptolemy/domains/continuous/test/auto/ContinuousInDESharingRefinement.xml (RunModel)" time="0.175" />
  <testcase classname="ptolemy.util.test.junit.AutoTests" name="[36] /home/travis/build/icyphy/ptII/ptolemy/domains/continuous/test/auto/ContinuousInDEwithNoPorts.xml (RunModel)" time="0.016" />
  <testcase classname="ptolemy.util.test.junit.AutoTests" name="[37] /home/travis/build/icyphy/ptII/ptolemy/domains/continuous/test/auto/ContinuousInsideDE.xml (RunModel)" time="0.085" />
  <testcase classname="ptolemy.util.test.junit.AutoTests" name="[38] /home/travis/build/icyphy/ptII/ptolemy/domains/continuous/test/auto/ContinuousMerge1.xml (RunModel)" time="0.02" />
  <testcase classname="ptolemy.util.test.junit.AutoTests" name="[39] /home/travis/build/icyphy/ptII/ptolemy/domains/continuous/test/auto/ContinuousMerge2.xml (RunModel)" time="0.042" />
  <testcase classname="ptolemy.util.test.junit.AutoTests" name="[40] /home/travis/build/icyphy/ptII/ptolemy/domains/continuous/test/auto/ContinuousMerge3.xml (RunModel)" time="0.069" />
  <testcase classname="ptolemy.util.test.junit.AutoTests" name="[41] /home/travis/build/icyphy/ptII/ptolemy/domains/continuous/test/auto/ContinuousWithinContinuous.xml (RunModel)" time="0.054" />
  <testcase classname="ptolemy.util.test.junit.AutoTests" name="[42] /home/travis/build/icyphy/ptII/ptolemy/domains/continuous/test/auto/ContinuousWithinContinuous2.xml (RunModel)" time="0.078" />
  <testcase classname="ptolemy.util.test.junit.AutoTests" name="[43] /home/travis/build/icyphy/ptII/ptolemy/domains/continuous/test/auto/ContinuousWithinContinuous3.xml (RunModel)" time="0.04" />
  <testcase classname="ptolemy.util.test.junit.AutoTests" name="[44] /home/travis/build/icyphy/ptII/ptolemy/domains/continuous/test/auto/ContinuousWithinContinuous4.xml (RunModel)" time="0.078" />
  <testcase classname="ptolemy.util.test.junit.AutoTests" name="[45] /home/travis/build/icyphy/ptII/ptolemy/domains/continuous/test/auto/ContinuousWithinContinuous5.xml (RunModel)" time="0.03" />
  <testcase classname="ptolemy.util.test.junit.AutoTests" name="[46] /home/travis/build/icyphy/ptII/ptolemy/domains/continuous/test/auto/ContinuousWithinContinuous6.xml (RunModel)" time="0.037" />
  <testcase classname="ptolemy.util.test.junit.AutoTests" name="[47] /home/travis/build/icyphy/ptII/ptolemy/domains/continuous/test/auto/ContinuousWithinContinuous7.xml (RunModel)" time="0.059" />
  <testcase classname="ptolemy.util.test.junit.AutoTests" name="[48] /home/travis/build/icyphy/ptII/ptolemy/domains/continuous/test/auto/DCMotor.xml (RunModel)" time="12.59" />
  <testcase classname="ptolemy.util.test.junit.AutoTests" name="[49] /home/travis/build/icyphy/ptII/ptolemy/domains/continuous/test/auto/DEInContinuous.xml (RunModel)" time="0.056" />
  <testcase classname="ptolemy.util.test.junit.AutoTests" name="[50] /home/travis/build/icyphy/ptII/ptolemy/domains/continuous/test/auto/DEinContinuous2.xml (RunModel)" time="0.031" />
  <testcase classname="ptolemy.util.test.junit.AutoTests" name="[51] /home/travis/build/icyphy/ptII/ptolemy/domains/continuous/test/auto/Derivative.xml (RunModel)" time="0.181" />
  <testcase classname="ptolemy.util.test.junit.AutoTests" name="[52] /home/travis/build/icyphy/ptII/ptolemy/domains/continuous/test/auto/Derivative1.xml (RunModel)" time="0.04" />
  <testcase classname="ptolemy.util.test.junit.AutoTests" name="[53] /home/travis/build/icyphy/ptII/ptolemy/domains/continuous/test/auto/DiscreteClock.xml (RunModel)" time="0.024" />
  <testcase classname="ptolemy.util.test.junit.AutoTests" name="[54] /home/travis/build/icyphy/ptII/ptolemy/domains/continuous/test/auto/EfficiencyCurve.xml (RunModel)" time="0.099" />
  <testcase classname="ptolemy.util.test.junit.AutoTests" name="[55] /home/travis/build/icyphy/ptII/ptolemy/domains/continuous/test/auto/ExponentialResponse.xml (RunModel)" time="0.13" />
  <testcase classname="ptolemy.util.test.junit.AutoTests" name="[56] /home/travis/build/icyphy/ptII/ptolemy/domains/continuous/test/auto/ExponentialResponseRK45.xml (RunModel)" time="0.034" />
  <testcase classname="ptolemy.util.test.junit.AutoTests" name="[57] /home/travis/build/icyphy/ptII/ptolemy/domains/continuous/test/auto/Friction.xml (RunModel)" time="1.433" />
  <testcase classname="ptolemy.util.test.junit.AutoTests" name="[58] /home/travis/build/icyphy/ptII/ptolemy/domains/continuous/test/auto/FurutaPendulum.xml (RunModel)" time="3.563" />
  <testcase classname="ptolemy.util.test.junit.AutoTests" name="[59] /home/travis/build/icyphy/ptII/ptolemy/domains/continuous/test/auto/HierarchicalExecution.xml (RunModel)" time="2.184" />
  <testcase classname="ptolemy.util.test.junit.AutoTests" name="[60] /home/travis/build/icyphy/ptII/ptolemy/domains/continuous/test/auto/HybridPlant.xml (RunModel)" time="0.543" />
  <testcase classname="ptolemy.util.test.junit.AutoTests" name="[61] /home/travis/build/icyphy/ptII/ptolemy/domains/continuous/test/auto/Hysteresis.xml (RunModel)" time="0.156" />
  <testcase classname="ptolemy.util.test.junit.AutoTests" name="[62] /home/travis/build/icyphy/ptII/ptolemy/domains/continuous/test/auto/HysteresisWithRandomDelay.xml (RunModel)" time="0.203" />
  <testcase classname="ptolemy.util.test.junit.AutoTests" name="[63] /home/travis/build/icyphy/ptII/ptolemy/domains/continuous/test/auto/HysteresisWithRandomLosses.xml (RunModel)" time="2.292" />
  <testcase classname="ptolemy.util.test.junit.AutoTests" name="[64] /home/travis/build/icyphy/ptII/ptolemy/domains/continuous/test/auto/ImmediateTransitions.xml (RunModel)" time="0.027" />
  <testcase classname="ptolemy.util.test.junit.AutoTests" name="[65] /home/travis/build/icyphy/ptII/ptolemy/domains/continuous/test/auto/ImpulseFeedback.xml (RunModel)" time="0.03" />
  <testcase classname="ptolemy.util.test.junit.AutoTests" name="[66] /home/travis/build/icyphy/ptII/ptolemy/domains/continuous/test/auto/ImpulseFeedback2.xml (RunModel)" time="0.02" />
  <testcase classname="ptolemy.util.test.junit.AutoTests" name="[67] /home/travis/build/icyphy/ptII/ptolemy/domains/continuous/test/auto/IncreasingRatePoisson.xml (RunModel)" time="0.662" />
  <testcase classname="ptolemy.util.test.junit.AutoTests" name="[68] /home/travis/build/icyphy/ptII/ptolemy/domains/continuous/test/auto/InitialStateFeedback.xml (RunModel)" time="0.013" />
  <testcase classname="ptolemy.util.test.junit.AutoTests" name="[69] /home/travis/build/icyphy/ptII/ptolemy/domains/continuous/test/auto/Integration.xml (RunModel)" time="0.015" />
  <testcase classname="ptolemy.util.test.junit.AutoTests" name="[70] /home/travis/build/icyphy/ptII/ptolemy/domains/continuous/test/auto/Integration2.xml (RunModel)" time="0.093" />
  <testcase classname="ptolemy.util.test.junit.AutoTests" name="[71] /home/travis/build/icyphy/ptII/ptolemy/domains/continuous/test/auto/Integration3.xml (RunModel)" time="0.016" />
  <testcase classname="ptolemy.util.test.junit.AutoTests" name="[72] /home/travis/build/icyphy/ptII/ptolemy/domains/continuous/test/auto/Integration5.xml (RunModel)" time="0.027" />
  <testcase classname="ptolemy.util.test.junit.AutoTests" name="[73] /home/travis/build/icyphy/ptII/ptolemy/domains/continuous/test/auto/IntegratorImpulse.xml (RunModel)" time="0.012" />
  <testcase classname="ptolemy.util.test.junit.AutoTests" name="[74] /home/travis/build/icyphy/ptII/ptolemy/domains/continuous/test/auto/IntegratorImpulse2.xml (RunModel)" time="0.012" />
  <testcase classname="ptolemy.util.test.junit.AutoTests" name="[75] /home/travis/build/icyphy/ptII/ptolemy/domains/continuous/test/auto/LevelCrossing1.xml (RunModel)" time="0.013" />
  <testcase classname="ptolemy.util.test.junit.AutoTests" name="[76] /home/travis/build/icyphy/ptII/ptolemy/domains/continuous/test/auto/LevelCrossing2.xml (RunModel)" time="0.017" />
  <testcase classname="ptolemy.util.test.junit.AutoTests" name="[77] /home/travis/build/icyphy/ptII/ptolemy/domains/continuous/test/auto/LevelCrossing3.xml (RunModel)" time="0.013" />
  <testcase classname="ptolemy.util.test.junit.AutoTests" name="[78] /home/travis/build/icyphy/ptII/ptolemy/domains/continuous/test/auto/LevelCrossing4.xml (RunModel)" time="0.019" />
  <testcase classname="ptolemy.util.test.junit.AutoTests" name="[79] /home/travis/build/icyphy/ptII/ptolemy/domains/continuous/test/auto/LevelCrossing5.xml (RunModel)" time="0.015" />
  <testcase classname="ptolemy.util.test.junit.AutoTests" name="[80] /home/travis/build/icyphy/ptII/ptolemy/domains/continuous/test/auto/LevelCrossing6.xml (RunModel)" time="0.014" />
  <testcase classname="ptolemy.util.test.junit.AutoTests" name="[81] /home/travis/build/icyphy/ptII/ptolemy/domains/continuous/test/auto/LevelCrossingDetector.xml (RunModel)" time="0.04" />
  <testcase classname="ptolemy.util.test.junit.AutoTests" name="[82] /home/travis/build/icyphy/ptII/ptolemy/domains/continuous/test/auto/LevelCrossingDetectorDetectingDirections.xml (RunModel)" time="0.082" />
  <testcase classname="ptolemy.util.test.junit.AutoTests" name="[83] /home/travis/build/icyphy/ptII/ptolemy/domains/continuous/test/auto/LevelCrossingDetectorDetectsGlitches.xml (RunModel)" time="0.068" />
  <testcase classname="ptolemy.util.test.junit.AutoTests" name="[84] /home/travis/build/icyphy/ptII/ptolemy/domains/continuous/test/auto/LevelCrossingNoInitialOuput.xml (RunModel)" time="0.013" />
  <testcase classname="ptolemy.util.test.junit.AutoTests" name="[85] /home/travis/build/icyphy/ptII/ptolemy/domains/continuous/test/auto/LinearStateSpaceExample.xml (RunModel)" time="0.053" />
  <testcase classname="ptolemy.util.test.junit.AutoTests" name="[86] /home/travis/build/icyphy/ptII/ptolemy/domains/continuous/test/auto/Lorenz.xml (RunModel)" time="4.201" />
  <testcase classname="ptolemy.util.test.junit.AutoTests" name="[87] /home/travis/build/icyphy/ptII/ptolemy/domains/continuous/test/auto/LorenzDifferentialSystem.xml (RunModel)" time="1.083" />
  <testcase classname="ptolemy.util.test.junit.AutoTests" name="[88] /home/travis/build/icyphy/ptII/ptolemy/domains/continuous/test/auto/LorenzDifferentialSystemWithInput.xml (RunModel)" time="1.477" />
  <testcase classname="ptolemy.util.test.junit.AutoTests" name="[89] /home/travis/build/icyphy/ptII/ptolemy/domains/continuous/test/auto/LorenzDifferentialSystemWithTime.xml (RunModel)" time="0.81" />
  <testcase classname="ptolemy.util.test.junit.AutoTests" name="[90] /home/travis/build/icyphy/ptII/ptolemy/domains/continuous/test/auto/Microsteps.xml (RunModel)" time="0.023" />
  <testcase classname="ptolemy.util.test.junit.AutoTests" name="[91] /home/travis/build/icyphy/ptII/ptolemy/domains/continuous/test/auto/Modal1.xml (RunModel)" time="0.082" />
  <testcase classname="ptolemy.util.test.junit.AutoTests" name="[92] /home/travis/build/icyphy/ptII/ptolemy/domains/continuous/test/auto/Modal2.xml (RunModel)" time="0.081" />
  <testcase classname="ptolemy.util.test.junit.AutoTests" name="[93] /home/travis/build/icyphy/ptII/ptolemy/domains/continuous/test/auto/ModalTransitionGuardWithReset.xml (RunModel)" time="0.05" />
  <testcase classname="ptolemy.util.test.junit.AutoTests" name="[94] /home/travis/build/icyphy/ptII/ptolemy/domains/continuous/test/auto/ModalTransitionGuardWithResetUsingPreemptiveTransition.xml (RunModel)" time="0.035" />
  <testcase classname="ptolemy.util.test.junit.AutoTests" name="[95] /home/travis/build/icyphy/ptII/ptolemy/domains/continuous/test/auto/ModalTransitionGuardWithResetUsingPreemptiveTransition2.xml (RunModel)" time="0.027" />
  <testcase classname="ptolemy.util.test.junit.AutoTests" name="[96] /home/travis/build/icyphy/ptII/ptolemy/domains/continuous/test/auto/ModalTransitionGuardWithResetUsingPreemptiveTransition3.xml (RunModel)" time="0.039" />
  <testcase classname="ptolemy.util.test.junit.AutoTests" name="[97] /home/travis/build/icyphy/ptII/ptolemy/domains/continuous/test/auto/NewtonsCradle.xml (RunModel)" time="0.782" />
  <testcase classname="ptolemy.util.test.junit.AutoTests" name="[98] /home/travis/build/icyphy/ptII/ptolemy/domains/continuous/test/auto/NewtonsCradleAnimated.xml (RunModel)" time="1.284" />
  <testcase classname="ptolemy.util.test.junit.AutoTests" name="[99] /home/travis/build/icyphy/ptII/ptolemy/domains/continuous/test/auto/NewtonsCradleComplicated.xml (RunModel)" time="0.944" />
  <testcase classname="ptolemy.util.test.junit.AutoTests" name="[100] /home/travis/build/icyphy/ptII/ptolemy/domains/continuous/test/auto/NewtonsCradleNondeterministic.xml (RunModel)" time="0.689" />
  <testcase classname="ptolemy.util.test.junit.AutoTests" name="[101] /home/travis/build/icyphy/ptII/ptolemy/domains/continuous/test/auto/NewtonsCradlePerfectlyInelastic1.xml (RunModel)" time="1.22" />
  <testcase classname="ptolemy.util.test.junit.AutoTests" name="[102] /home/travis/build/icyphy/ptII/ptolemy/domains/continuous/test/auto/Noise.xml (RunModel)" time="0.175" />
  <testcase classname="ptolemy.util.test.junit.AutoTests" name="[103] /home/travis/build/icyphy/ptII/ptolemy/domains/continuous/test/auto/NoiseSpectrum.xml (RunModel)" time="0.73" />
  <testcase classname="ptolemy.util.test.junit.AutoTests" name="[104] /home/travis/build/icyphy/ptII/ptolemy/domains/continuous/test/auto/ParameterizedNewtonsCradleAnimated.xml (RunModel)" time="0.381" />
  <testcase classname="ptolemy.util.test.junit.AutoTests" name="[105] /home/travis/build/icyphy/ptII/ptolemy/domains/continuous/test/auto/ParameterizedNewtonsCradleAnimatedNondeterministic.xml (RunModel)" time="1.137" />
  <testcase classname="ptolemy.util.test.junit.AutoTests" name="[106] /home/travis/build/icyphy/ptII/ptolemy/domains/continuous/test/auto/Pendulum3D.xml (RunModel)" time="0.184" />
  <testcase classname="ptolemy.util.test.junit.AutoTests" name="[107] /home/travis/build/icyphy/ptII/ptolemy/domains/continuous/test/auto/PeriodicSampler.xml (RunModel)" time="0.011" />
  <testcase classname="ptolemy.util.test.junit.AutoTests" name="[108] /home/travis/build/icyphy/ptII/ptolemy/domains/continuous/test/auto/PeriodicSampler1.xml (RunModel)" time="0.048" />
  <testcase classname="ptolemy.util.test.junit.AutoTests" name="[109] /home/travis/build/icyphy/ptII/ptolemy/domains/continuous/test/auto/PeriodicSampler2.xml (RunModel)" time="0.075" />
  <testcase classname="ptolemy.util.test.junit.AutoTests" name="[110] /home/travis/build/icyphy/ptII/ptolemy/domains/continuous/test/auto/Poisson.xml (RunModel)" time="0.445" />
  <testcase classname="ptolemy.util.test.junit.AutoTests" name="[111] /home/travis/build/icyphy/ptII/ptolemy/domains/continuous/test/auto/PoissonClock.xml (RunModel)" time="0.012" />
  <testcase classname="ptolemy.util.test.junit.AutoTests" name="[112] /home/travis/build/icyphy/ptII/ptolemy/domains/continuous/test/auto/PoissonClock2.xml (RunModel)" time="0.013" />
  <testcase classname="ptolemy.util.test.junit.AutoTests" name="[113] /home/travis/build/icyphy/ptII/ptolemy/domains/continuous/test/auto/PortParameterHierarchy.xml (RunModel)" time="0.016" />
  <testcase classname="ptolemy.util.test.junit.AutoTests" name="[114] /home/travis/build/icyphy/ptII/ptolemy/domains/continuous/test/auto/RandomHybridPlant.xml (RunModel)" time="0.655" />
  <testcase classname="ptolemy.util.test.junit.AutoTests" name="[115] /home/travis/build/icyphy/ptII/ptolemy/domains/continuous/test/auto/ResetTransitionWithStartTime1.xml (RunModel)" time="0.036" />
  <testcase classname="ptolemy.util.test.junit.AutoTests" name="[116] /home/travis/build/icyphy/ptII/ptolemy/domains/continuous/test/auto/ResetTransitionWithStartTime2.xml (RunModel)" time="0.053" />
  <testcase classname="ptolemy.util.test.junit.AutoTests" name="[117] /home/travis/build/icyphy/ptII/ptolemy/domains/continuous/test/auto/ResetTransitionWithStartTime3.xml (RunModel)" time="0.036" />
  <testcase classname="ptolemy.util.test.junit.AutoTests" name="[118] /home/travis/build/icyphy/ptII/ptolemy/domains/continuous/test/auto/ResetTransitionWithStartTime4.xml (RunModel)" time="0.025" />
  <testcase classname="ptolemy.util.test.junit.AutoTests" name="[119] /home/travis/build/icyphy/ptII/ptolemy/domains/continuous/test/auto/ResetTransitionWithStartTime5.xml (RunModel)" time="0.034" />
  <testcase classname="ptolemy.util.test.junit.AutoTests" name="[120] /home/travis/build/icyphy/ptII/ptolemy/domains/continuous/test/auto/ResetTransitionWithStartTime6.xml (RunModel)" time="0.042" />
  <testcase classname="ptolemy.util.test.junit.AutoTests" name="[121] /home/travis/build/icyphy/ptII/ptolemy/domains/continuous/test/auto/SRinContinuous.xml (RunModel)" time="0.026" />
  <testcase classname="ptolemy.util.test.junit.AutoTests" name="[122] /home/travis/build/icyphy/ptII/ptolemy/domains/continuous/test/auto/SampledClocks.xml (RunModel)" time="0.032" />
  <testcase classname="ptolemy.util.test.junit.AutoTests" name="[123] /home/travis/build/icyphy/ptII/ptolemy/domains/continuous/test/auto/Satellite.xml (RunModel)" time="0.871" />
  <testcase classname="ptolemy.util.test.junit.AutoTests" name="[124] /home/travis/build/icyphy/ptII/ptolemy/domains/continuous/test/auto/SigmaDelta.xml (RunModel)" time="2.548" />
  <testcase classname="ptolemy.util.test.junit.AutoTests" name="[125] /home/travis/build/icyphy/ptII/ptolemy/domains/continuous/test/auto/SinuBouncingBall.xml (RunModel)" time="0.936" />
  <testcase classname="ptolemy.util.test.junit.AutoTests" name="[126] /home/travis/build/icyphy/ptII/ptolemy/domains/continuous/test/auto/Sinusoid.xml (RunModel)" time="0.015" />
  <testcase classname="ptolemy.util.test.junit.AutoTests" name="[127] /home/travis/build/icyphy/ptII/ptolemy/domains/continuous/test/auto/SinusoidInNoise.xml (RunModel)" time="0.991" />
  <testcase classname="ptolemy.util.test.junit.AutoTests" name="[128] /home/travis/build/icyphy/ptII/ptolemy/domains/continuous/test/auto/SinusoidRK45.xml (RunModel)" time="0.011" />
  <testcase classname="ptolemy.util.test.junit.AutoTests" name="[129] /home/travis/build/icyphy/ptII/ptolemy/domains/continuous/test/auto/SinusoidWithMultipleImpulses.xml (RunModel)" time="0.013" />
  <testcase classname="ptolemy.util.test.junit.AutoTests" name="[130] /home/travis/build/icyphy/ptII/ptolemy/domains/continuous/test/auto/SquareWave.xml (RunModel)" time="0.186" />
  <testcase classname="ptolemy.util.test.junit.AutoTests" name="[131] /home/travis/build/icyphy/ptII/ptolemy/domains/continuous/test/auto/Starmac.xml (RunModel)" time="3.383" />
  <testcase classname="ptolemy.util.test.junit.AutoTests" name="[132] /home/travis/build/icyphy/ptII/ptolemy/domains/continuous/test/auto/StaticUnits.xml (RunModel)" time="2.565" />
  <testcase classname="ptolemy.util.test.junit.AutoTests" name="[133] /home/travis/build/icyphy/ptII/ptolemy/domains/continuous/test/auto/StickyMasses.xml (RunModel)" time="0.182" />
  <testcase classname="ptolemy.util.test.junit.AutoTests" name="[134] /home/travis/build/icyphy/ptII/ptolemy/domains/continuous/test/auto/StopTime.xml (RunModel)" time="0.061" />
  <testcase classname="ptolemy.util.test.junit.AutoTests" name="[135] /home/travis/build/icyphy/ptII/ptolemy/domains/continuous/test/auto/StopTime2.xml (RunModel)" time="0.052" />
  <testcase classname="ptolemy.util.test.junit.AutoTests" name="[136] /home/travis/build/icyphy/ptII/ptolemy/domains/continuous/test/auto/Switch.xml (RunModel)" time="0.062" />
  <testcase classname="ptolemy.util.test.junit.AutoTests" name="[137] /home/travis/build/icyphy/ptII/ptolemy/domains/continuous/test/auto/Thermostat.xml (RunModel)" time="0.205" />
  <testcase classname="ptolemy.util.test.junit.AutoTests" name="[138] /home/travis/build/icyphy/ptII/ptolemy/domains/continuous/test/auto/TimeDelay.xml (RunModel)" time="0.013" />
  <testcase classname="ptolemy.util.test.junit.AutoTests" name="[139] /home/travis/build/icyphy/ptII/ptolemy/domains/continuous/test/auto/TimeDelay2.xml (RunModel)" time="0.027" />
  <testcase classname="ptolemy.util.test.junit.AutoTests" name="[140] /home/travis/build/icyphy/ptII/ptolemy/domains/continuous/test/auto/TimeDelay3.xml (RunModel)" time="0.01" />
  <testcase classname="ptolemy.util.test.junit.AutoTests" name="[141] /home/travis/build/icyphy/ptII/ptolemy/domains/continuous/test/auto/TransferAbsentToInside.xml (RunModel)" time="0.101" />
  <testcase classname="ptolemy.util.test.junit.AutoTests" name="[142] /home/travis/build/icyphy/ptII/ptolemy/domains/continuous/test/auto/Transmission.xml (RunModel)" time="0.746" />
  <testcase classname="ptolemy.util.test.junit.AutoTests" name="[143] /home/travis/build/icyphy/ptII/ptolemy/domains/continuous/test/auto/TriggeredContinuousClock.xml (RunModel)" time="0.067" />
  <testcase classname="ptolemy.util.test.junit.AutoTests" name="[144] /home/travis/build/icyphy/ptII/ptolemy/domains/continuous/test/auto/TwoMachineInfiniteBusControl.xml (RunModel)" time="2.997" />
  <testcase classname="ptolemy.util.test.junit.AutoTests" name="[145] /home/travis/build/icyphy/ptII/ptolemy/domains/continuous/test/auto/V2V.xml (RunModel)" time="0.846" />
  <testcase classname="ptolemy.util.test.junit.AutoTests" name="[146] /home/travis/build/icyphy/ptII/ptolemy/domains/continuous/test/auto/hierarchicalModalModel.xml (RunModel)" time="0.035" />
  <testcase classname="ptolemy.util.test.junit.AutoTests" name="[147] /home/travis/build/icyphy/ptII/ptolemy/domains/continuous/test/auto/hierarchicalModalModel1.xml (RunModel)" time="0.038" />
  <testcase classname="ptolemy.util.test.junit.AutoTests" name="[148] /home/travis/build/icyphy/ptII/ptolemy/domains/continuous/test/auto/hierarchicalModalModel2.xml (RunModel)" time="0.034" />
  <testcase classname="ptolemy.util.test.junit.AutoTests" name="[149] /home/travis/build/icyphy/ptII/ptolemy/domains/continuous/test/auto/hierarchicalModalModel3.xml (RunModel)" time="0.025" />
  <testcase classname="ptolemy.util.test.junit.AutoTests" name="[150] /home/travis/build/icyphy/ptII/ptolemy/domains/continuous/test/auto/hierarchicalModalModel4.xml (RunModel)" time="0.032" />
  <testcase classname="ptolemy.util.test.junit.AutoTests" name="[151] /home/travis/build/icyphy/ptII/ptolemy/domains/continuous/test/auto/junk.xml (RunModel)" time="0.158" />
  <system-out><![CDATA[No tcl tests in /home/travis/build/icyphy/ptII/ptolemy/domains/continuous/test
No auto/knownFailedTests/*.xml tests in /home/travis/build/icyphy/ptII/ptolemy/domains/continuous/test
No auto/linux-amd64/*.xml tests in /home/travis/build/icyphy/ptII/ptolemy/domains/continuous/test
AutoTests.java: About to close Vertx.
AutoTests.java: Vertx closed.

===========================================================================================
----------------- testing Mon Jun 18 12:12:44 UTC 2018 /home/travis/build/icyphy/ptII/ptolemy/domains/continuous/test/auto/BouncingBall.xml
----------------- Instantiating /home/travis/build/icyphy/ptII/ptolemy/domains/continuous/test/auto/BouncingBall.xml
2324 ms. Memory: 331776K Free: 254936K (77%)
----------------- Invoking toplevel() on ptolemy.moml.MoMLSimpleApplication@335256c
----------------- Done invoking toplevel() on ptolemy.moml.MoMLSimpleApplication@335256c
reloadAllAccessors: .BouncingBall

===========================================================================================
----------------- testing Mon Jun 18 12:12:46 UTC 2018 /home/travis/build/icyphy/ptII/ptolemy/domains/continuous/test/auto/BouncingBallWithoutGR.xml
----------------- Instantiating /home/travis/build/icyphy/ptII/ptolemy/domains/continuous/test/auto/BouncingBallWithoutGR.xml
825 ms. Memory: 331776K Free: 310101K (93%)
----------------- Invoking toplevel() on ptolemy.moml.MoMLSimpleApplication@c737008
----------------- Done invoking toplevel() on ptolemy.moml.MoMLSimpleApplication@c737008
reloadAllAccessors: .BouncingBallWithoutGR

===========================================================================================
----------------- testing Mon Jun 18 12:12:47 UTC 2018 /home/travis/build/icyphy/ptII/ptolemy/domains/continuous/test/auto/Brownian.xml
----------------- Instantiating /home/travis/build/icyphy/ptII/ptolemy/domains/continuous/test/auto/Brownian.xml
43 ms. Memory: 331776K Free: 296166K (89%)
----------------- Invoking toplevel() on ptolemy.moml.MoMLSimpleApplication@7e668719
----------------- Done invoking toplevel() on ptolemy.moml.MoMLSimpleApplication@7e668719
reloadAllAccessors: .Brownian

===========================================================================================
----------------- testing Mon Jun 18 12:12:47 UTC 2018 /home/travis/build/icyphy/ptII/ptolemy/domains/continuous/test/auto/CarTracking.xml
----------------- Instantiating /home/travis/build/icyphy/ptII/ptolemy/domains/continuous/test/auto/CarTracking.xml
3342 ms. Memory: 578048K Free: 455202K (79%)
----------------- Invoking toplevel() on ptolemy.moml.MoMLSimpleApplication@1577a3b3
----------------- Done invoking toplevel() on ptolemy.moml.MoMLSimpleApplication@1577a3b3
reloadAllAccessors: .CarTracking

===========================================================================================
----------------- testing Mon Jun 18 12:12:51 UTC 2018 /home/travis/build/icyphy/ptII/ptolemy/domains/continuous/test/auto/CartPendulum.xml
----------------- Instantiating /home/travis/build/icyphy/ptII/ptolemy/domains/continuous/test/auto/CartPendulum.xml
409 ms. Memory: 578048K Free: 350521K (61%)
----------------- Invoking toplevel() on ptolemy.moml.MoMLSimpleApplication@76328736
----------------- Done invoking toplevel() on ptolemy.moml.MoMLSimpleApplication@76328736
reloadAllAccessors: .CartPendulum

===========================================================================================
----------------- testing Mon Jun 18 12:12:52 UTC 2018 /home/travis/build/icyphy/ptII/ptolemy/domains/continuous/test/auto/CausalityInterface10.xml
----------------- Instantiating /home/travis/build/icyphy/ptII/ptolemy/domains/continuous/test/auto/CausalityInterface10.xml
7 ms. Memory: 578048K Free: 337397K (58%)
----------------- Invoking toplevel() on ptolemy.moml.MoMLSimpleApplication@64fb0ab8
----------------- Done invoking toplevel() on ptolemy.moml.MoMLSimpleApplication@64fb0ab8
reloadAllAccessors: .CausalityInterface10

===========================================================================================
----------------- testing Mon Jun 18 12:12:52 UTC 2018 /home/travis/build/icyphy/ptII/ptolemy/domains/continuous/test/auto/CausalityInterface11.xml
----------------- Instantiating /home/travis/build/icyphy/ptII/ptolemy/domains/continuous/test/auto/CausalityInterface11.xml
3 ms. Memory: 578048K Free: 327566K (57%)
----------------- Invoking toplevel() on ptolemy.moml.MoMLSimpleApplication@72717d55
----------------- Done invoking toplevel() on ptolemy.moml.MoMLSimpleApplication@72717d55
reloadAllAccessors: .CausalityInterface11

===========================================================================================
----------------- testing Mon Jun 18 12:12:52 UTC 2018 /home/travis/build/icyphy/ptII/ptolemy/domains/continuous/test/auto/CausalityInterface12.xml
----------------- Instantiating /home/travis/build/icyphy/ptII/ptolemy/domains/continuous/test/auto/CausalityInterface12.xml
4 ms. Memory: 578048K Free: 317719K (55%)
----------------- Invoking toplevel() on ptolemy.moml.MoMLSimpleApplication@58c97a98
----------------- Done invoking toplevel() on ptolemy.moml.MoMLSimpleApplication@58c97a98
reloadAllAccessors: .CausalityInterface12

===========================================================================================
----------------- testing Mon Jun 18 12:12:52 UTC 2018 /home/travis/build/icyphy/ptII/ptolemy/domains/continuous/test/auto/CausalityInterface13.xml
----------------- Instantiating /home/travis/build/icyphy/ptII/ptolemy/domains/continuous/test/auto/CausalityInterface13.xml
10 ms. Memory: 578048K Free: 304693K (53%)
----------------- Invoking toplevel() on ptolemy.moml.MoMLSimpleApplication@56b36d4a
----------------- Done invoking toplevel() on ptolemy.moml.MoMLSimpleApplication@56b36d4a
reloadAllAccessors: .CausalityInterface13

===========================================================================================
----------------- testing Mon Jun 18 12:12:52 UTC 2018 /home/travis/build/icyphy/ptII/ptolemy/domains/continuous/test/auto/CausalityInterface14.xml
----------------- Instantiating /home/travis/build/icyphy/ptII/ptolemy/domains/continuous/test/auto/CausalityInterface14.xml
3 ms. Memory: 578048K Free: 294863K (51%)
----------------- Invoking toplevel() on ptolemy.moml.MoMLSimpleApplication@230e255
----------------- Done invoking toplevel() on ptolemy.moml.MoMLSimpleApplication@230e255
reloadAllAccessors: .CausalityInterface14

===========================================================================================
----------------- testing Mon Jun 18 12:12:52 UTC 2018 /home/travis/build/icyphy/ptII/ptolemy/domains/continuous/test/auto/CausalityInterface4.xml
----------------- Instantiating /home/travis/build/icyphy/ptII/ptolemy/domains/continuous/test/auto/CausalityInterface4.xml
10 ms. Memory: 578048K Free: 285016K (49%)
----------------- Invoking toplevel() on ptolemy.moml.MoMLSimpleApplication@557e4109
----------------- Done invoking toplevel() on ptolemy.moml.MoMLSimpleApplication@557e4109
reloadAllAccessors: .CausalityInterface4

===========================================================================================
----------------- testing Mon Jun 18 12:12:52 UTC 2018 /home/travis/build/icyphy/ptII/ptolemy/domains/continuous/test/auto/CausalityInterface5.xml
----------------- Instantiating /home/travis/build/icyphy/ptII/ptolemy/domains/continuous/test/auto/CausalityInterface5.xml
11 ms. Memory: 578048K Free: 271893K (47%)
----------------- Invoking toplevel() on ptolemy.moml.MoMLSimpleApplication@5f2973dd
----------------- Done invoking toplevel() on ptolemy.moml.MoMLSimpleApplication@5f2973dd
reloadAllAccessors: .CausalityInterface5

===========================================================================================
----------------- testing Mon Jun 18 12:12:52 UTC 2018 /home/travis/build/icyphy/ptII/ptolemy/domains/continuous/test/auto/CausalityInterface6.xml
----------------- Instantiating /home/travis/build/icyphy/ptII/ptolemy/domains/continuous/test/auto/CausalityInterface6.xml
6 ms. Memory: 578048K Free: 258851K (45%)
----------------- Invoking toplevel() on ptolemy.moml.MoMLSimpleApplication@73507097
----------------- Done invoking toplevel() on ptolemy.moml.MoMLSimpleApplication@73507097
reloadAllAccessors: .CausalityInterface6

===========================================================================================
----------------- testing Mon Jun 18 12:12:52 UTC 2018 /home/travis/build/icyphy/ptII/ptolemy/domains/continuous/test/auto/CausalityInterface7.xml
----------------- Instantiating /home/travis/build/icyphy/ptII/ptolemy/domains/continuous/test/auto/CausalityInterface7.xml
7 ms. Memory: 578048K Free: 245735K (43%)
----------------- Invoking toplevel() on ptolemy.moml.MoMLSimpleApplication@52b81b68
----------------- Done invoking toplevel() on ptolemy.moml.MoMLSimpleApplication@52b81b68
reloadAllAccessors: .CausalityInterface7

===========================================================================================
----------------- testing Mon Jun 18 12:12:52 UTC 2018 /home/travis/build/icyphy/ptII/ptolemy/domains/continuous/test/auto/CausalityInterface8.xml
----------------- Instantiating /home/travis/build/icyphy/ptII/ptolemy/domains/continuous/test/auto/CausalityInterface8.xml
8 ms. Memory: 578048K Free: 232612K (40%)
----------------- Invoking toplevel() on ptolemy.moml.MoMLSimpleApplication@35e0132
----------------- Done invoking toplevel() on ptolemy.moml.MoMLSimpleApplication@35e0132
reloadAllAccessors: .CausalityInterface8

===========================================================================================
----------------- testing Mon Jun 18 12:12:52 UTC 2018 /home/travis/build/icyphy/ptII/ptolemy/domains/continuous/test/auto/CausalityInterface9.xml
----------------- Instantiating /home/travis/build/icyphy/ptII/ptolemy/domains/continuous/test/auto/CausalityInterface9.xml
4 ms. Memory: 578048K Free: 216204K (37%)
----------------- Invoking toplevel() on ptolemy.moml.MoMLSimpleApplication@29aad6a4
----------------- Done invoking toplevel() on ptolemy.moml.MoMLSimpleApplication@29aad6a4
reloadAllAccessors: .CausalityInterface9

===========================================================================================
----------------- testing Mon Jun 18 12:12:52 UTC 2018 /home/travis/build/icyphy/ptII/ptolemy/domains/continuous/test/auto/CausalityInterfaceFeedback1.xml
----------------- Instantiating /home/travis/build/icyphy/ptII/ptolemy/domains/continuous/test/auto/CausalityInterfaceFeedback1.xml
7 ms. Memory: 578048K Free: 203177K (35%)
----------------- Invoking toplevel() on ptolemy.moml.MoMLSimpleApplication@3e272a8b
----------------- Done invoking toplevel() on ptolemy.moml.MoMLSimpleApplication@3e272a8b
reloadAllAccessors: .CausalityInterfaceFeedback1

===========================================================================================
----------------- testing Mon Jun 18 12:12:52 UTC 2018 /home/travis/build/icyphy/ptII/ptolemy/domains/continuous/test/auto/CausalityInterfaceFeedback2.xml
----------------- Instantiating /home/travis/build/icyphy/ptII/ptolemy/domains/continuous/test/auto/CausalityInterfaceFeedback2.xml
5 ms. Memory: 578048K Free: 193346K (33%)
----------------- Invoking toplevel() on ptolemy.moml.MoMLSimpleApplication@652a8228
----------------- Done invoking toplevel() on ptolemy.moml.MoMLSimpleApplication@652a8228
reloadAllAccessors: .CausalityInterfaceFeedback2

===========================================================================================
----------------- testing Mon Jun 18 12:12:52 UTC 2018 /home/travis/build/icyphy/ptII/ptolemy/domains/continuous/test/auto/CompareWithCurrentTime.xml
----------------- Instantiating /home/travis/build/icyphy/ptII/ptolemy/domains/continuous/test/auto/CompareWithCurrentTime.xml
4 ms. Memory: 578048K Free: 186793K (32%)
----------------- Invoking toplevel() on ptolemy.moml.MoMLSimpleApplication@f84662
----------------- Done invoking toplevel() on ptolemy.moml.MoMLSimpleApplication@f84662
reloadAllAccessors: .CompareWithCurrentTime

===========================================================================================
----------------- testing Mon Jun 18 12:12:52 UTC 2018 /home/travis/build/icyphy/ptII/ptolemy/domains/continuous/test/auto/ComparedClocks.xml
----------------- Instantiating /home/travis/build/icyphy/ptII/ptolemy/domains/continuous/test/auto/ComparedClocks.xml
6 ms. Memory: 578048K Free: 167108K (29%)
----------------- Invoking toplevel() on ptolemy.moml.MoMLSimpleApplication@4be66fd
----------------- Done invoking toplevel() on ptolemy.moml.MoMLSimpleApplication@4be66fd
reloadAllAccessors: .ComparedClocks

===========================================================================================
----------------- testing Mon Jun 18 12:12:52 UTC 2018 /home/travis/build/icyphy/ptII/ptolemy/domains/continuous/test/auto/ContinuousAOCClone.xml
----------------- Instantiating /home/travis/build/icyphy/ptII/ptolemy/domains/continuous/test/auto/ContinuousAOCClone.xml
2570 ms. Memory: 872448K Free: 426241K (49%)
----------------- Invoking toplevel() on ptolemy.moml.MoMLSimpleApplication@5e51eef2
----------------- Done invoking toplevel() on ptolemy.moml.MoMLSimpleApplication@5e51eef2
reloadAllAccessors: .ContinuousAOCClone

===========================================================================================
----------------- testing Mon Jun 18 12:12:55 UTC 2018 /home/travis/build/icyphy/ptII/ptolemy/domains/continuous/test/auto/ContinuousClock.xml
----------------- Instantiating /home/travis/build/icyphy/ptII/ptolemy/domains/continuous/test/auto/ContinuousClock.xml
30 ms. Memory: 872448K Free: 391681K (45%)
----------------- Invoking toplevel() on ptolemy.moml.MoMLSimpleApplication@59796fa
----------------- Done invoking toplevel() on ptolemy.moml.MoMLSimpleApplication@59796fa
reloadAllAccessors: .ContinuousClock

===========================================================================================
----------------- testing Mon Jun 18 12:12:55 UTC 2018 /home/travis/build/icyphy/ptII/ptolemy/domains/continuous/test/auto/ContinuousInContinuous.xml
----------------- Instantiating /home/travis/build/icyphy/ptII/ptolemy/domains/continuous/test/auto/ContinuousInContinuous.xml
33 ms. Memory: 872448K Free: 364126K (42%)
----------------- Invoking toplevel() on ptolemy.moml.MoMLSimpleApplication@3d357eb9
----------------- Done invoking toplevel() on ptolemy.moml.MoMLSimpleApplication@3d357eb9
reloadAllAccessors: .ContinuousInContinuous

===========================================================================================
----------------- testing Mon Jun 18 12:12:55 UTC 2018 /home/travis/build/icyphy/ptII/ptolemy/domains/continuous/test/auto/ContinuousInContinuousInContinuous.xml
----------------- Instantiating /home/travis/build/icyphy/ptII/ptolemy/domains/continuous/test/auto/ContinuousInContinuousInContinuous.xml
6 ms. Memory: 872448K Free: 352321K (40%)
----------------- Invoking toplevel() on ptolemy.moml.MoMLSimpleApplication@4d1c70b4
----------------- Done invoking toplevel() on ptolemy.moml.MoMLSimpleApplication@4d1c70b4
reloadAllAccessors: .ContinuousInContinuousInContinuous

===========================================================================================
----------------- testing Mon Jun 18 12:12:55 UTC 2018 /home/travis/build/icyphy/ptII/ptolemy/domains/continuous/test/auto/ContinuousInDE.xml
----------------- Instantiating /home/travis/build/icyphy/ptII/ptolemy/domains/continuous/test/auto/ContinuousInDE.xml
120 ms. Memory: 872448K Free: 336587K (39%)
----------------- Invoking toplevel() on ptolemy.moml.MoMLSimpleApplication@137dacba
----------------- Done invoking toplevel() on ptolemy.moml.MoMLSimpleApplication@137dacba
reloadAllAccessors: .ContinuousInDE

===========================================================================================
----------------- testing Mon Jun 18 12:12:55 UTC 2018 /home/travis/build/icyphy/ptII/ptolemy/domains/continuous/test/auto/ContinuousInDE2.xml
----------------- Instantiating /home/travis/build/icyphy/ptII/ptolemy/domains/continuous/test/auto/ContinuousInDE2.xml
40 ms. Memory: 872448K Free: 317404K (36%)
----------------- Invoking toplevel() on ptolemy.moml.MoMLSimpleApplication@674eb65e
----------------- Done invoking toplevel() on ptolemy.moml.MoMLSimpleApplication@674eb65e
reloadAllAccessors: .ContinuousInDE2

===========================================================================================
----------------- testing Mon Jun 18 12:12:56 UTC 2018 /home/travis/build/icyphy/ptII/ptolemy/domains/continuous/test/auto/ContinuousInDE3.xml
----------------- Instantiating /home/travis/build/icyphy/ptII/ptolemy/domains/continuous/test/auto/ContinuousInDE3.xml
33 ms. Memory: 872448K Free: 301677K (35%)
----------------- Invoking toplevel() on ptolemy.moml.MoMLSimpleApplication@7bbbb271
----------------- Done invoking toplevel() on ptolemy.moml.MoMLSimpleApplication@7bbbb271
reloadAllAccessors: .ContinuousInDE3

===========================================================================================
----------------- testing Mon Jun 18 12:12:56 UTC 2018 /home/travis/build/icyphy/ptII/ptolemy/domains/continuous/test/auto/ContinuousInDE4.xml
----------------- Instantiating /home/travis/build/icyphy/ptII/ptolemy/domains/continuous/test/auto/ContinuousInDE4.xml
15 ms. Memory: 872448K Free: 289873K (33%)
----------------- Invoking toplevel() on ptolemy.moml.MoMLSimpleApplication@48a5a8e0
----------------- Done invoking toplevel() on ptolemy.moml.MoMLSimpleApplication@48a5a8e0
reloadAllAccessors: .ContinuousInDE4

===========================================================================================
----------------- testing Mon Jun 18 12:12:56 UTC 2018 /home/travis/build/icyphy/ptII/ptolemy/domains/continuous/test/auto/ContinuousInDEDifferentRefinements.xml
----------------- Instantiating /home/travis/build/icyphy/ptII/ptolemy/domains/continuous/test/auto/ContinuousInDEDifferentRefinements.xml
58 ms. Memory: 872448K Free: 254386K (29%)
----------------- Invoking toplevel() on ptolemy.moml.MoMLSimpleApplication@683450f6
----------------- Done invoking toplevel() on ptolemy.moml.MoMLSimpleApplication@683450f6
reloadAllAccessors: .ContinuousInDEDifferentRefinements

===========================================================================================
----------------- testing Mon Jun 18 12:12:56 UTC 2018 /home/travis/build/icyphy/ptII/ptolemy/domains/continuous/test/auto/ContinuousInDEDifferentRefinementsPreemptive.xml
----------------- Instantiating /home/travis/build/icyphy/ptII/ptolemy/domains/continuous/test/auto/ContinuousInDEDifferentRefinementsPreemptive.xml
37 ms. Memory: 872448K Free: 215502K (25%)
----------------- Invoking toplevel() on ptolemy.moml.MoMLSimpleApplication@6ebdd50a
----------------- Done invoking toplevel() on ptolemy.moml.MoMLSimpleApplication@6ebdd50a
reloadAllAccessors: .ContinuousInDEDifferentRefinementsPreemptive

===========================================================================================
----------------- testing Mon Jun 18 12:12:56 UTC 2018 /home/travis/build/icyphy/ptII/ptolemy/domains/continuous/test/auto/ContinuousInDEInContinuous2.xml
----------------- Instantiating /home/travis/build/icyphy/ptII/ptolemy/domains/continuous/test/auto/ContinuousInDEInContinuous2.xml
35 ms. Memory: 872448K Free: 195822K (22%)
----------------- Invoking toplevel() on ptolemy.moml.MoMLSimpleApplication@23f76ec7
----------------- Done invoking toplevel() on ptolemy.moml.MoMLSimpleApplication@23f76ec7
reloadAllAccessors: .ContinuousInDEInContinuous2

===========================================================================================
----------------- testing Mon Jun 18 12:12:56 UTC 2018 /home/travis/build/icyphy/ptII/ptolemy/domains/continuous/test/auto/ContinuousInDEInContinuous3.xml
----------------- Instantiating /home/travis/build/icyphy/ptII/ptolemy/domains/continuous/test/auto/ContinuousInDEInContinuous3.xml
40 ms. Memory: 872448K Free: 176142K (20%)
----------------- Invoking toplevel() on ptolemy.moml.MoMLSimpleApplication@62896e39
----------------- Done invoking toplevel() on ptolemy.moml.MoMLSimpleApplication@62896e39
reloadAllAccessors: .ContinuousInDEInContinuous3

===========================================================================================
----------------- testing Mon Jun 18 12:12:56 UTC 2018 /home/travis/build/icyphy/ptII/ptolemy/domains/continuous/test/auto/ContinuousInDEInput.xml
----------------- Instantiating /home/travis/build/icyphy/ptII/ptolemy/domains/continuous/test/auto/ContinuousInDEInput.xml
18 ms. Memory: 872448K Free: 164337K (19%)
----------------- Invoking toplevel() on ptolemy.moml.MoMLSimpleApplication@488e7008
----------------- Done invoking toplevel() on ptolemy.moml.MoMLSimpleApplication@488e7008
reloadAllAccessors: .ContinuousInDEInput

===========================================================================================
----------------- testing Mon Jun 18 12:12:56 UTC 2018 /home/travis/build/icyphy/ptII/ptolemy/domains/continuous/test/auto/ContinuousInDEInput2.xml
----------------- Instantiating /home/travis/build/icyphy/ptII/ptolemy/domains/continuous/test/auto/ContinuousInDEInput2.xml
18 ms. Memory: 872448K Free: 152548K (17%)
----------------- Invoking toplevel() on ptolemy.moml.MoMLSimpleApplication@30656433
----------------- Done invoking toplevel() on ptolemy.moml.MoMLSimpleApplication@30656433
reloadAllAccessors: .ContinuousInDEInput2

===========================================================================================
----------------- testing Mon Jun 18 12:12:56 UTC 2018 /home/travis/build/icyphy/ptII/ptolemy/domains/continuous/test/auto/ContinuousInDEInput3.xml
----------------- Instantiating /home/travis/build/icyphy/ptII/ptolemy/domains/continuous/test/auto/ContinuousInDEInput3.xml
14 ms. Memory: 872448K Free: 137279K (16%)
----------------- Invoking toplevel() on ptolemy.moml.MoMLSimpleApplication@1ec0bb05
----------------- Done invoking toplevel() on ptolemy.moml.MoMLSimpleApplication@1ec0bb05
reloadAllAccessors: .ContinuousInDEInput3

===========================================================================================
----------------- testing Mon Jun 18 12:12:56 UTC 2018 /home/travis/build/icyphy/ptII/ptolemy/domains/continuous/test/auto/ContinuousInDESharingRefinement.xml
----------------- Instantiating /home/travis/build/icyphy/ptII/ptolemy/domains/continuous/test/auto/ContinuousInDESharingRefinement.xml
146 ms. Memory: 829952K Free: 781700K (94%)
----------------- Invoking toplevel() on ptolemy.moml.MoMLSimpleApplication@6873a74c
----------------- Done invoking toplevel() on ptolemy.moml.MoMLSimpleApplication@6873a74c
reloadAllAccessors: .ContinuousInDESharingRefinement

===========================================================================================
----------------- testing Mon Jun 18 12:12:56 UTC 2018 /home/travis/build/icyphy/ptII/ptolemy/domains/continuous/test/auto/ContinuousInDEwithNoPorts.xml
----------------- Instantiating /home/travis/build/icyphy/ptII/ptolemy/domains/continuous/test/auto/ContinuousInDEwithNoPorts.xml
5 ms. Memory: 829952K Free: 770052K (93%)
----------------- Invoking toplevel() on ptolemy.moml.MoMLSimpleApplication@55c22698
----------------- Done invoking toplevel() on ptolemy.moml.MoMLSimpleApplication@55c22698
reloadAllAccessors: .ContinuousInDEwithNoPorts

===========================================================================================
----------------- testing Mon Jun 18 12:12:56 UTC 2018 /home/travis/build/icyphy/ptII/ptolemy/domains/continuous/test/auto/ContinuousInsideDE.xml
----------------- Instantiating /home/travis/build/icyphy/ptII/ptolemy/domains/continuous/test/auto/ContinuousInsideDE.xml
34 ms. Memory: 829952K Free: 751183K (91%)
----------------- Invoking toplevel() on ptolemy.moml.MoMLSimpleApplication@2e5ef71f
----------------- Done invoking toplevel() on ptolemy.moml.MoMLSimpleApplication@2e5ef71f
reloadAllAccessors: .ContinuousInsideDE

===========================================================================================
----------------- testing Mon Jun 18 12:12:56 UTC 2018 /home/travis/build/icyphy/ptII/ptolemy/domains/continuous/test/auto/ContinuousMerge1.xml
----------------- Instantiating /home/travis/build/icyphy/ptII/ptolemy/domains/continuous/test/auto/ContinuousMerge1.xml
2 ms. Memory: 829952K Free: 741481K (89%)
----------------- Invoking toplevel() on ptolemy.moml.MoMLSimpleApplication@44bd38e8
----------------- Done invoking toplevel() on ptolemy.moml.MoMLSimpleApplication@44bd38e8
reloadAllAccessors: .ContinuousMerge1

===========================================================================================
----------------- testing Mon Jun 18 12:12:56 UTC 2018 /home/travis/build/icyphy/ptII/ptolemy/domains/continuous/test/auto/ContinuousMerge2.xml
----------------- Instantiating /home/travis/build/icyphy/ptII/ptolemy/domains/continuous/test/auto/ContinuousMerge2.xml
13 ms. Memory: 829952K Free: 726486K (88%)
----------------- Invoking toplevel() on ptolemy.moml.MoMLSimpleApplication@4051ec46
----------------- Done invoking toplevel() on ptolemy.moml.MoMLSimpleApplication@4051ec46
reloadAllAccessors: .ContinuousMerge2

===========================================================================================
----------------- testing Mon Jun 18 12:12:56 UTC 2018 /home/travis/build/icyphy/ptII/ptolemy/domains/continuous/test/auto/ContinuousMerge3.xml
----------------- Instantiating /home/travis/build/icyphy/ptII/ptolemy/domains/continuous/test/auto/ContinuousMerge3.xml
42 ms. Memory: 829952K Free: 711515K (86%)
----------------- Invoking toplevel() on ptolemy.moml.MoMLSimpleApplication@1a260571
----------------- Done invoking toplevel() on ptolemy.moml.MoMLSimpleApplication@1a260571
reloadAllAccessors: .ContinuousMerge3

===========================================================================================
----------------- testing Mon Jun 18 12:12:56 UTC 2018 /home/travis/build/icyphy/ptII/ptolemy/domains/continuous/test/auto/ContinuousWithinContinuous.xml
----------------- Instantiating /home/travis/build/icyphy/ptII/ptolemy/domains/continuous/test/auto/ContinuousWithinContinuous.xml
31 ms. Memory: 829952K Free: 694327K (84%)
----------------- Invoking toplevel() on ptolemy.moml.MoMLSimpleApplication@472c88ef
----------------- Done invoking toplevel() on ptolemy.moml.MoMLSimpleApplication@472c88ef
reloadAllAccessors: .ContinuousWithinContinuous

===========================================================================================
----------------- testing Mon Jun 18 12:12:57 UTC 2018 /home/travis/build/icyphy/ptII/ptolemy/domains/continuous/test/auto/ContinuousWithinContinuous2.xml
----------------- Instantiating /home/travis/build/icyphy/ptII/ptolemy/domains/continuous/test/auto/ContinuousWithinContinuous2.xml
66 ms. Memory: 829952K Free: 683099K (82%)
----------------- Invoking toplevel() on ptolemy.moml.MoMLSimpleApplication@205659df
----------------- Done invoking toplevel() on ptolemy.moml.MoMLSimpleApplication@205659df
reloadAllAccessors: .ContinuousWithinContinuous2

===========================================================================================
----------------- testing Mon Jun 18 12:12:57 UTC 2018 /home/travis/build/icyphy/ptII/ptolemy/domains/continuous/test/auto/ContinuousWithinContinuous3.xml
----------------- Instantiating /home/travis/build/icyphy/ptII/ptolemy/domains/continuous/test/auto/ContinuousWithinContinuous3.xml
14 ms. Memory: 829952K Free: 671855K (81%)
----------------- Invoking toplevel() on ptolemy.moml.MoMLSimpleApplication@5c86f2
----------------- Done invoking toplevel() on ptolemy.moml.MoMLSimpleApplication@5c86f2
reloadAllAccessors: .ContinuousWithinContinuous3

===========================================================================================
----------------- testing Mon Jun 18 12:12:57 UTC 2018 /home/travis/build/icyphy/ptII/ptolemy/domains/continuous/test/auto/ContinuousWithinContinuous4.xml
----------------- Instantiating /home/travis/build/icyphy/ptII/ptolemy/domains/continuous/test/auto/ContinuousWithinContinuous4.xml
56 ms. Memory: 829952K Free: 650909K (78%)
----------------- Invoking toplevel() on ptolemy.moml.MoMLSimpleApplication@44651386
----------------- Done invoking toplevel() on ptolemy.moml.MoMLSimpleApplication@44651386
reloadAllAccessors: .ContinuousWithinContinuous4

===========================================================================================
----------------- testing Mon Jun 18 12:12:57 UTC 2018 /home/travis/build/icyphy/ptII/ptolemy/domains/continuous/test/auto/ContinuousWithinContinuous5.xml
----------------- Instantiating /home/travis/build/icyphy/ptII/ptolemy/domains/continuous/test/auto/ContinuousWithinContinuous5.xml
13 ms. Memory: 829952K Free: 639664K (77%)
----------------- Invoking toplevel() on ptolemy.moml.MoMLSimpleApplication@34ae2f7d
----------------- Done invoking toplevel() on ptolemy.moml.MoMLSimpleApplication@34ae2f7d
reloadAllAccessors: .ContinuousWithinContinuous5

===========================================================================================
----------------- testing Mon Jun 18 12:12:57 UTC 2018 /home/travis/build/icyphy/ptII/ptolemy/domains/continuous/test/auto/ContinuousWithinContinuous6.xml
----------------- Instantiating /home/travis/build/icyphy/ptII/ptolemy/domains/continuous/test/auto/ContinuousWithinContinuous6.xml
9 ms. Memory: 829952K Free: 626220K (75%)
----------------- Invoking toplevel() on ptolemy.moml.MoMLSimpleApplication@1ab94077
----------------- Done invoking toplevel() on ptolemy.moml.MoMLSimpleApplication@1ab94077
reloadAllAccessors: .ContinuousWithinContinuous6

===========================================================================================
----------------- testing Mon Jun 18 12:12:57 UTC 2018 /home/travis/build/icyphy/ptII/ptolemy/domains/continuous/test/auto/ContinuousWithinContinuous7.xml
----------------- Instantiating /home/travis/build/icyphy/ptII/ptolemy/domains/continuous/test/auto/ContinuousWithinContinuous7.xml
47 ms. Memory: 829952K Free: 611233K (74%)
----------------- Invoking toplevel() on ptolemy.moml.MoMLSimpleApplication@1c46e241
----------------- Done invoking toplevel() on ptolemy.moml.MoMLSimpleApplication@1c46e241
reloadAllAccessors: .ContinuousWithinContinuous7

===========================================================================================
----------------- testing Mon Jun 18 12:12:57 UTC 2018 /home/travis/build/icyphy/ptII/ptolemy/domains/continuous/test/auto/DCMotor.xml
----------------- Instantiating /home/travis/build/icyphy/ptII/ptolemy/domains/continuous/test/auto/DCMotor.xml
12496 ms. Memory: 668160K Free: 612259K (92%)
----------------- Invoking toplevel() on ptolemy.moml.MoMLSimpleApplication@4d1745f
----------------- Done invoking toplevel() on ptolemy.moml.MoMLSimpleApplication@4d1745f
reloadAllAccessors: .DCMotor

===========================================================================================
----------------- testing Mon Jun 18 12:13:09 UTC 2018 /home/travis/build/icyphy/ptII/ptolemy/domains/continuous/test/auto/DEInContinuous.xml
----------------- Instantiating /home/travis/build/icyphy/ptII/ptolemy/domains/continuous/test/auto/DEInContinuous.xml
18 ms. Memory: 668160K Free: 597636K (89%)
----------------- Invoking toplevel() on ptolemy.moml.MoMLSimpleApplication@36709aea
----------------- Done invoking toplevel() on ptolemy.moml.MoMLSimpleApplication@36709aea
reloadAllAccessors: .DEInContinuous

===========================================================================================
----------------- testing Mon Jun 18 12:13:10 UTC 2018 /home/travis/build/icyphy/ptII/ptolemy/domains/continuous/test/auto/DEinContinuous2.xml
----------------- Instantiating /home/travis/build/icyphy/ptII/ptolemy/domains/continuous/test/auto/DEinContinuous2.xml
7 ms. Memory: 668160K Free: 578840K (87%)
----------------- Invoking toplevel() on ptolemy.moml.MoMLSimpleApplication@6e4b59d9
----------------- Done invoking toplevel() on ptolemy.moml.MoMLSimpleApplication@6e4b59d9
reloadAllAccessors: .DEinContinuous2

===========================================================================================
----------------- testing Mon Jun 18 12:13:10 UTC 2018 /home/travis/build/icyphy/ptII/ptolemy/domains/continuous/test/auto/Derivative.xml
----------------- Instantiating /home/travis/build/icyphy/ptII/ptolemy/domains/continuous/test/auto/Derivative.xml
131 ms. Memory: 668160K Free: 536521K (80%)
----------------- Invoking toplevel() on ptolemy.moml.MoMLSimpleApplication@73fe3d8a
----------------- Done invoking toplevel() on ptolemy.moml.MoMLSimpleApplication@73fe3d8a
reloadAllAccessors: .Derivative2

===========================================================================================
----------------- testing Mon Jun 18 12:13:10 UTC 2018 /home/travis/build/icyphy/ptII/ptolemy/domains/continuous/test/auto/Derivative1.xml
----------------- Instantiating /home/travis/build/icyphy/ptII/ptolemy/domains/continuous/test/auto/Derivative1.xml
14 ms. Memory: 668160K Free: 518902K (78%)
----------------- Invoking toplevel() on ptolemy.moml.MoMLSimpleApplication@3e3496b0
----------------- Done invoking toplevel() on ptolemy.moml.MoMLSimpleApplication@3e3496b0
reloadAllAccessors: .Derivative1

===========================================================================================
----------------- testing Mon Jun 18 12:13:10 UTC 2018 /home/travis/build/icyphy/ptII/ptolemy/domains/continuous/test/auto/DiscreteClock.xml
----------------- Instantiating /home/travis/build/icyphy/ptII/ptolemy/domains/continuous/test/auto/DiscreteClock.xml
7 ms. Memory: 668160K Free: 505981K (76%)
----------------- Invoking toplevel() on ptolemy.moml.MoMLSimpleApplication@33896f8e
----------------- Done invoking toplevel() on ptolemy.moml.MoMLSimpleApplication@33896f8e
reloadAllAccessors: .DiscreteClock

===========================================================================================
----------------- testing Mon Jun 18 12:13:10 UTC 2018 /home/travis/build/icyphy/ptII/ptolemy/domains/continuous/test/auto/EfficiencyCurve.xml
----------------- Instantiating /home/travis/build/icyphy/ptII/ptolemy/domains/continuous/test/auto/EfficiencyCurve.xml
71 ms. Memory: 668160K Free: 493059K (74%)
----------------- Invoking toplevel() on ptolemy.moml.MoMLSimpleApplication@5784ac27
----------------- Done invoking toplevel() on ptolemy.moml.MoMLSimpleApplication@5784ac27
reloadAllAccessors: .EfficiencyCurve

===========================================================================================
----------------- testing Mon Jun 18 12:13:10 UTC 2018 /home/travis/build/icyphy/ptII/ptolemy/domains/continuous/test/auto/ExponentialResponse.xml
----------------- Instantiating /home/travis/build/icyphy/ptII/ptolemy/domains/continuous/test/auto/ExponentialResponse.xml
98 ms. Memory: 668160K Free: 469589K (70%)
----------------- Invoking toplevel() on ptolemy.moml.MoMLSimpleApplication@7b853939
----------------- Done invoking toplevel() on ptolemy.moml.MoMLSimpleApplication@7b853939
reloadAllAccessors: .ExponentialResponse

===========================================================================================
----------------- testing Mon Jun 18 12:13:10 UTC 2018 /home/travis/build/icyphy/ptII/ptolemy/domains/continuous/test/auto/ExponentialResponseRK45.xml
----------------- Instantiating /home/travis/build/icyphy/ptII/ptolemy/domains/continuous/test/auto/ExponentialResponseRK45.xml
23 ms. Memory: 668160K Free: 456667K (68%)
----------------- Invoking toplevel() on ptolemy.moml.MoMLSimpleApplication@1f852031
----------------- Done invoking toplevel() on ptolemy.moml.MoMLSimpleApplication@1f852031
reloadAllAccessors: .ExponentialResponseRK45

===========================================================================================
----------------- testing Mon Jun 18 12:13:10 UTC 2018 /home/travis/build/icyphy/ptII/ptolemy/domains/continuous/test/auto/Friction.xml
----------------- Instantiating /home/travis/build/icyphy/ptII/ptolemy/domains/continuous/test/auto/Friction.xml
1338 ms. Memory: 647168K Free: 577431K (89%)
----------------- Invoking toplevel() on ptolemy.moml.MoMLSimpleApplication@7ef26909
----------------- Done invoking toplevel() on ptolemy.moml.MoMLSimpleApplication@7ef26909
reloadAllAccessors: .Friction

===========================================================================================
----------------- testing Mon Jun 18 12:13:12 UTC 2018 /home/travis/build/icyphy/ptII/ptolemy/domains/continuous/test/auto/FurutaPendulum.xml
----------------- Instantiating /home/travis/build/icyphy/ptII/ptolemy/domains/continuous/test/auto/FurutaPendulum.xml
3398 ms. Memory: 647168K Free: 95371K (15%)
----------------- Invoking toplevel() on ptolemy.moml.MoMLSimpleApplication@1bf9cfc1
----------------- Done invoking toplevel() on ptolemy.moml.MoMLSimpleApplication@1bf9cfc1
reloadAllAccessors: .FurutaPendulum

===========================================================================================
----------------- testing Mon Jun 18 12:13:15 UTC 2018 /home/travis/build/icyphy/ptII/ptolemy/domains/continuous/test/auto/HierarchicalExecution.xml
----------------- Instantiating /home/travis/build/icyphy/ptII/ptolemy/domains/continuous/test/auto/HierarchicalExecution.xml
1890 ms. Memory: 620544K Free: 330807K (53%)
----------------- Invoking toplevel() on ptolemy.moml.MoMLSimpleApplication@123bb5b
----------------- Done invoking toplevel() on ptolemy.moml.MoMLSimpleApplication@123bb5b
reloadAllAccessors: .HierarchicalExecution

===========================================================================================
----------------- testing Mon Jun 18 12:13:17 UTC 2018 /home/travis/build/icyphy/ptII/ptolemy/domains/continuous/test/auto/HybridPlant.xml
----------------- Instantiating /home/travis/build/icyphy/ptII/ptolemy/domains/continuous/test/auto/HybridPlant.xml
463 ms. Memory: 594432K Free: 559447K (94%)
----------------- Invoking toplevel() on ptolemy.moml.MoMLSimpleApplication@7b82764c
----------------- Done invoking toplevel() on ptolemy.moml.MoMLSimpleApplication@7b82764c
reloadAllAccessors: .HybridPlant

===========================================================================================
----------------- testing Mon Jun 18 12:13:18 UTC 2018 /home/travis/build/icyphy/ptII/ptolemy/domains/continuous/test/auto/Hysteresis.xml
----------------- Instantiating /home/travis/build/icyphy/ptII/ptolemy/domains/continuous/test/auto/Hysteresis.xml
123 ms. Memory: 594432K Free: 492142K (83%)
----------------- Invoking toplevel() on ptolemy.moml.MoMLSimpleApplication@4139055e
----------------- Done invoking toplevel() on ptolemy.moml.MoMLSimpleApplication@4139055e
reloadAllAccessors: .Hysteresis

===========================================================================================
----------------- testing Mon Jun 18 12:13:18 UTC 2018 /home/travis/build/icyphy/ptII/ptolemy/domains/continuous/test/auto/HysteresisWithRandomDelay.xml
----------------- Instantiating /home/travis/build/icyphy/ptII/ptolemy/domains/continuous/test/auto/HysteresisWithRandomDelay.xml
150 ms. Memory: 594432K Free: 413129K (69%)
----------------- Invoking toplevel() on ptolemy.moml.MoMLSimpleApplication@57d77108
----------------- Done invoking toplevel() on ptolemy.moml.MoMLSimpleApplication@57d77108
reloadAllAccessors: .HysteresisWithRandomDelay

===========================================================================================
----------------- testing Mon Jun 18 12:13:18 UTC 2018 /home/travis/build/icyphy/ptII/ptolemy/domains/continuous/test/auto/HysteresisWithRandomLosses.xml
----------------- Instantiating /home/travis/build/icyphy/ptII/ptolemy/domains/continuous/test/auto/HysteresisWithRandomLosses.xml
2213 ms. Memory: 568320K Free: 134693K (24%)
----------------- Invoking toplevel() on ptolemy.moml.MoMLSimpleApplication@3fd0e4df
----------------- Done invoking toplevel() on ptolemy.moml.MoMLSimpleApplication@3fd0e4df
reloadAllAccessors: .HysteresisWithRandomLosses

===========================================================================================
----------------- testing Mon Jun 18 12:13:20 UTC 2018 /home/travis/build/icyphy/ptII/ptolemy/domains/continuous/test/auto/ImmediateTransitions.xml
----------------- Instantiating /home/travis/build/icyphy/ptII/ptolemy/domains/continuous/test/auto/ImmediateTransitions.xml
9 ms. Memory: 568320K Free: 119862K (21%)
----------------- Invoking toplevel() on ptolemy.moml.MoMLSimpleApplication@2756189c
----------------- Done invoking toplevel() on ptolemy.moml.MoMLSimpleApplication@2756189c
reloadAllAccessors: .ImmediateTransitions

===========================================================================================
----------------- testing Mon Jun 18 12:13:20 UTC 2018 /home/travis/build/icyphy/ptII/ptolemy/domains/continuous/test/auto/ImpulseFeedback.xml
----------------- Instantiating /home/travis/build/icyphy/ptII/ptolemy/domains/continuous/test/auto/ImpulseFeedback.xml
10 ms. Memory: 568320K Free: 111747K (20%)
----------------- Invoking toplevel() on ptolemy.moml.MoMLSimpleApplication@4f71bdc
----------------- Done invoking toplevel() on ptolemy.moml.MoMLSimpleApplication@4f71bdc
reloadAllAccessors: .ImpulseFeedback

===========================================================================================
----------------- testing Mon Jun 18 12:13:21 UTC 2018 /home/travis/build/icyphy/ptII/ptolemy/domains/continuous/test/auto/ImpulseFeedback2.xml
----------------- Instantiating /home/travis/build/icyphy/ptII/ptolemy/domains/continuous/test/auto/ImpulseFeedback2.xml
6 ms. Memory: 568320K Free: 103616K (18%)
----------------- Invoking toplevel() on ptolemy.moml.MoMLSimpleApplication@c02aa88
----------------- Done invoking toplevel() on ptolemy.moml.MoMLSimpleApplication@c02aa88
reloadAllAccessors: .ImpulseFeedback2

===========================================================================================
----------------- testing Mon Jun 18 12:13:21 UTC 2018 /home/travis/build/icyphy/ptII/ptolemy/domains/continuous/test/auto/IncreasingRatePoisson.xml
----------------- Instantiating /home/travis/build/icyphy/ptII/ptolemy/domains/continuous/test/auto/IncreasingRatePoisson.xml
633 ms. Memory: 543232K Free: 254548K (47%)
----------------- Invoking toplevel() on ptolemy.moml.MoMLSimpleApplication@7f191a2b
----------------- Done invoking toplevel() on ptolemy.moml.MoMLSimpleApplication@7f191a2b
reloadAllAccessors: .IncreasingRatePoisson

===========================================================================================
----------------- testing Mon Jun 18 12:13:21 UTC 2018 /home/travis/build/icyphy/ptII/ptolemy/domains/continuous/test/auto/InitialStateFeedback.xml
----------------- Instantiating /home/travis/build/icyphy/ptII/ptolemy/domains/continuous/test/auto/InitialStateFeedback.xml
3 ms. Memory: 543232K Free: 245462K (45%)
----------------- Invoking toplevel() on ptolemy.moml.MoMLSimpleApplication@27200786
----------------- Done invoking toplevel() on ptolemy.moml.MoMLSimpleApplication@27200786
reloadAllAccessors: .InitialStateFeedback

===========================================================================================
----------------- testing Mon Jun 18 12:13:21 UTC 2018 /home/travis/build/icyphy/ptII/ptolemy/domains/continuous/test/auto/Integration.xml
----------------- Instantiating /home/travis/build/icyphy/ptII/ptolemy/domains/continuous/test/auto/Integration.xml
6 ms. Memory: 543232K Free: 237599K (44%)
----------------- Invoking toplevel() on ptolemy.moml.MoMLSimpleApplication@fb5af43
----------------- Done invoking toplevel() on ptolemy.moml.MoMLSimpleApplication@fb5af43
reloadAllAccessors: .Integration

===========================================================================================
----------------- testing Mon Jun 18 12:13:21 UTC 2018 /home/travis/build/icyphy/ptII/ptolemy/domains/continuous/test/auto/Integration2.xml
----------------- Instantiating /home/travis/build/icyphy/ptII/ptolemy/domains/continuous/test/auto/Integration2.xml
77 ms. Memory: 543232K Free: 220649K (41%)
----------------- Invoking toplevel() on ptolemy.moml.MoMLSimpleApplication@43fee9c1
----------------- Done invoking toplevel() on ptolemy.moml.MoMLSimpleApplication@43fee9c1
reloadAllAccessors: .Integration2

===========================================================================================
----------------- testing Mon Jun 18 12:13:21 UTC 2018 /home/travis/build/icyphy/ptII/ptolemy/domains/continuous/test/auto/Integration3.xml
----------------- Instantiating /home/travis/build/icyphy/ptII/ptolemy/domains/continuous/test/auto/Integration3.xml
2 ms. Memory: 543232K Free: 212802K (39%)
----------------- Invoking toplevel() on ptolemy.moml.MoMLSimpleApplication@2a8504df
----------------- Done invoking toplevel() on ptolemy.moml.MoMLSimpleApplication@2a8504df
reloadAllAccessors: .Integration3

===========================================================================================
----------------- testing Mon Jun 18 12:13:21 UTC 2018 /home/travis/build/icyphy/ptII/ptolemy/domains/continuous/test/auto/Integration5.xml
----------------- Instantiating /home/travis/build/icyphy/ptII/ptolemy/domains/continuous/test/auto/Integration5.xml
3 ms. Memory: 543232K Free: 205101K (38%)
----------------- Invoking toplevel() on ptolemy.moml.MoMLSimpleApplication@3e55e440
----------------- Done invoking toplevel() on ptolemy.moml.MoMLSimpleApplication@3e55e440
reloadAllAccessors: .Integration5

===========================================================================================
----------------- testing Mon Jun 18 12:13:21 UTC 2018 /home/travis/build/icyphy/ptII/ptolemy/domains/continuous/test/auto/IntegratorImpulse.xml
----------------- Instantiating /home/travis/build/icyphy/ptII/ptolemy/domains/continuous/test/auto/IntegratorImpulse.xml
2 ms. Memory: 543232K Free: 197254K (36%)
----------------- Invoking toplevel() on ptolemy.moml.MoMLSimpleApplication@79a01de5
----------------- Done invoking toplevel() on ptolemy.moml.MoMLSimpleApplication@79a01de5
reloadAllAccessors: .IntegratorImpulse

===========================================================================================
----------------- testing Mon Jun 18 12:13:21 UTC 2018 /home/travis/build/icyphy/ptII/ptolemy/domains/continuous/test/auto/IntegratorImpulse2.xml
----------------- Instantiating /home/travis/build/icyphy/ptII/ptolemy/domains/continuous/test/auto/IntegratorImpulse2.xml
4 ms. Memory: 543232K Free: 189545K (35%)
----------------- Invoking toplevel() on ptolemy.moml.MoMLSimpleApplication@e31e63
----------------- Done invoking toplevel() on ptolemy.moml.MoMLSimpleApplication@e31e63
reloadAllAccessors: .IntegratorImpulse2

===========================================================================================
----------------- testing Mon Jun 18 12:13:21 UTC 2018 /home/travis/build/icyphy/ptII/ptolemy/domains/continuous/test/auto/LevelCrossing1.xml
----------------- Instantiating /home/travis/build/icyphy/ptII/ptolemy/domains/continuous/test/auto/LevelCrossing1.xml
2 ms. Memory: 543232K Free: 181683K (33%)
----------------- Invoking toplevel() on ptolemy.moml.MoMLSimpleApplication@3d2e83ee
----------------- Done invoking toplevel() on ptolemy.moml.MoMLSimpleApplication@3d2e83ee
reloadAllAccessors: .LevelCrossing1

===========================================================================================
----------------- testing Mon Jun 18 12:13:21 UTC 2018 /home/travis/build/icyphy/ptII/ptolemy/domains/continuous/test/auto/LevelCrossing2.xml
----------------- Instantiating /home/travis/build/icyphy/ptII/ptolemy/domains/continuous/test/auto/LevelCrossing2.xml
3 ms. Memory: 543232K Free: 173820K (32%)
----------------- Invoking toplevel() on ptolemy.moml.MoMLSimpleApplication@2f29b216
----------------- Done invoking toplevel() on ptolemy.moml.MoMLSimpleApplication@2f29b216
reloadAllAccessors: .LevelCrossing2

===========================================================================================
----------------- testing Mon Jun 18 12:13:21 UTC 2018 /home/travis/build/icyphy/ptII/ptolemy/domains/continuous/test/auto/LevelCrossing3.xml
----------------- Instantiating /home/travis/build/icyphy/ptII/ptolemy/domains/continuous/test/auto/LevelCrossing3.xml
2 ms. Memory: 543232K Free: 166112K (31%)
----------------- Invoking toplevel() on ptolemy.moml.MoMLSimpleApplication@78768549
----------------- Done invoking toplevel() on ptolemy.moml.MoMLSimpleApplication@78768549
reloadAllAccessors: .LevelCrossing3

===========================================================================================
----------------- testing Mon Jun 18 12:13:21 UTC 2018 /home/travis/build/icyphy/ptII/ptolemy/domains/continuous/test/auto/LevelCrossing4.xml
----------------- Instantiating /home/travis/build/icyphy/ptII/ptolemy/domains/continuous/test/auto/LevelCrossing4.xml
3 ms. Memory: 543232K Free: 158249K (29%)
----------------- Invoking toplevel() on ptolemy.moml.MoMLSimpleApplication@1b394400
----------------- Done invoking toplevel() on ptolemy.moml.MoMLSimpleApplication@1b394400
reloadAllAccessors: .LevelCrossing4

===========================================================================================
----------------- testing Mon Jun 18 12:13:21 UTC 2018 /home/travis/build/icyphy/ptII/ptolemy/domains/continuous/test/auto/LevelCrossing5.xml
----------------- Instantiating /home/travis/build/icyphy/ptII/ptolemy/domains/continuous/test/auto/LevelCrossing5.xml
3 ms. Memory: 543232K Free: 150387K (28%)
----------------- Invoking toplevel() on ptolemy.moml.MoMLSimpleApplication@5d04a7da
----------------- Done invoking toplevel() on ptolemy.moml.MoMLSimpleApplication@5d04a7da
reloadAllAccessors: .LevelCrossing5

===========================================================================================
----------------- testing Mon Jun 18 12:13:21 UTC 2018 /home/travis/build/icyphy/ptII/ptolemy/domains/continuous/test/auto/LevelCrossing6.xml
----------------- Instantiating /home/travis/build/icyphy/ptII/ptolemy/domains/continuous/test/auto/LevelCrossing6.xml
2 ms. Memory: 543232K Free: 142677K (26%)
[...]
19 ms. Memory: 353280K Free: 228918K (65%)
----------------- Invoking toplevel() on ptolemy.moml.MoMLSimpleApplication@35d022b
----------------- Done invoking toplevel() on ptolemy.moml.MoMLSimpleApplication@35d022b
reloadAllAccessors: .ResetTransitionWithStartTime6

===========================================================================================
----------------- testing Mon Jun 18 12:13:39 UTC 2018 /home/travis/build/icyphy/ptII/ptolemy/domains/continuous/test/auto/SRinContinuous.xml
----------------- Instantiating /home/travis/build/icyphy/ptII/ptolemy/domains/continuous/test/auto/SRinContinuous.xml
6 ms. Memory: 353280K Free: 219142K (62%)
----------------- Invoking toplevel() on ptolemy.moml.MoMLSimpleApplication@6453c16b
----------------- Done invoking toplevel() on ptolemy.moml.MoMLSimpleApplication@6453c16b
reloadAllAccessors: .SRinContinuous

===========================================================================================
----------------- testing Mon Jun 18 12:13:39 UTC 2018 /home/travis/build/icyphy/ptII/ptolemy/domains/continuous/test/auto/SampledClocks.xml
----------------- Instantiating /home/travis/build/icyphy/ptII/ptolemy/domains/continuous/test/auto/SampledClocks.xml
8 ms. Memory: 353280K Free: 207561K (59%)
----------------- Invoking toplevel() on ptolemy.moml.MoMLSimpleApplication@4f996319
----------------- Done invoking toplevel() on ptolemy.moml.MoMLSimpleApplication@4f996319
reloadAllAccessors: .SampledClocks

===========================================================================================
----------------- testing Mon Jun 18 12:13:39 UTC 2018 /home/travis/build/icyphy/ptII/ptolemy/domains/continuous/test/auto/Satellite.xml
----------------- Instantiating /home/travis/build/icyphy/ptII/ptolemy/domains/continuous/test/auto/Satellite.xml
849 ms. Memory: 334848K Free: 276187K (82%)
----------------- Invoking toplevel() on ptolemy.moml.MoMLSimpleApplication@2a86f1f2
----------------- Done invoking toplevel() on ptolemy.moml.MoMLSimpleApplication@2a86f1f2
reloadAllAccessors: .Satellite

===========================================================================================
----------------- testing Mon Jun 18 12:13:40 UTC 2018 /home/travis/build/icyphy/ptII/ptolemy/domains/continuous/test/auto/SigmaDelta.xml
----------------- Instantiating /home/travis/build/icyphy/ptII/ptolemy/domains/continuous/test/auto/SigmaDelta.xml
2415 ms. Memory: 329728K Free: 139465K (42%)
----------------- Invoking toplevel() on ptolemy.moml.MoMLSimpleApplication@13201b3d
----------------- Done invoking toplevel() on ptolemy.moml.MoMLSimpleApplication@13201b3d
reloadAllAccessors: .SigmaDelta

===========================================================================================
----------------- testing Mon Jun 18 12:13:42 UTC 2018 /home/travis/build/icyphy/ptII/ptolemy/domains/continuous/test/auto/SinuBouncingBall.xml
----------------- Instantiating /home/travis/build/icyphy/ptII/ptolemy/domains/continuous/test/auto/SinuBouncingBall.xml
829 ms. Memory: 385024K Free: 208462K (54%)
----------------- Invoking toplevel() on ptolemy.moml.MoMLSimpleApplication@523f3489
----------------- Done invoking toplevel() on ptolemy.moml.MoMLSimpleApplication@523f3489
reloadAllAccessors: .SinuBouncingBall

===========================================================================================
----------------- testing Mon Jun 18 12:13:43 UTC 2018 /home/travis/build/icyphy/ptII/ptolemy/domains/continuous/test/auto/Sinusoid.xml
----------------- Instantiating /home/travis/build/icyphy/ptII/ptolemy/domains/continuous/test/auto/Sinusoid.xml
5 ms. Memory: 385024K Free: 200245K (52%)
----------------- Invoking toplevel() on ptolemy.moml.MoMLSimpleApplication@2bb3a732
----------------- Done invoking toplevel() on ptolemy.moml.MoMLSimpleApplication@2bb3a732
reloadAllAccessors: .Sinusoid

===========================================================================================
----------------- testing Mon Jun 18 12:13:43 UTC 2018 /home/travis/build/icyphy/ptII/ptolemy/domains/continuous/test/auto/SinusoidInNoise.xml
----------------- Instantiating /home/travis/build/icyphy/ptII/ptolemy/domains/continuous/test/auto/SinusoidInNoise.xml
950 ms. Memory: 371712K Free: 286574K (77%)
----------------- Invoking toplevel() on ptolemy.moml.MoMLSimpleApplication@44afafab
----------------- Done invoking toplevel() on ptolemy.moml.MoMLSimpleApplication@44afafab
reloadAllAccessors: .SinusoidInNoise

===========================================================================================
----------------- testing Mon Jun 18 12:13:44 UTC 2018 /home/travis/build/icyphy/ptII/ptolemy/domains/continuous/test/auto/SinusoidRK45.xml
----------------- Instantiating /home/travis/build/icyphy/ptII/ptolemy/domains/continuous/test/auto/SinusoidRK45.xml
2 ms. Memory: 371712K Free: 278764K (75%)
----------------- Invoking toplevel() on ptolemy.moml.MoMLSimpleApplication@465ee465
----------------- Done invoking toplevel() on ptolemy.moml.MoMLSimpleApplication@465ee465
reloadAllAccessors: .SinusoidRK45

===========================================================================================
----------------- testing Mon Jun 18 12:13:44 UTC 2018 /home/travis/build/icyphy/ptII/ptolemy/domains/continuous/test/auto/SinusoidWithMultipleImpulses.xml
----------------- Instantiating /home/travis/build/icyphy/ptII/ptolemy/domains/continuous/test/auto/SinusoidWithMultipleImpulses.xml
5 ms. Memory: 371712K Free: 272076K (73%)
----------------- Invoking toplevel() on ptolemy.moml.MoMLSimpleApplication@2765a6b2
----------------- Done invoking toplevel() on ptolemy.moml.MoMLSimpleApplication@2765a6b2
reloadAllAccessors: .SinusoidWithMultipleImpulses

===========================================================================================
----------------- testing Mon Jun 18 12:13:44 UTC 2018 /home/travis/build/icyphy/ptII/ptolemy/domains/continuous/test/auto/SquareWave.xml
----------------- Instantiating /home/travis/build/icyphy/ptII/ptolemy/domains/continuous/test/auto/SquareWave.xml
162 ms. Memory: 371712K Free: 244147K (66%)
----------------- Invoking toplevel() on ptolemy.moml.MoMLSimpleApplication@7817f491
----------------- Done invoking toplevel() on ptolemy.moml.MoMLSimpleApplication@7817f491
reloadAllAccessors: .SquareWave

===========================================================================================
----------------- testing Mon Jun 18 12:13:44 UTC 2018 /home/travis/build/icyphy/ptII/ptolemy/domains/continuous/test/auto/Starmac.xml
----------------- Instantiating /home/travis/build/icyphy/ptII/ptolemy/domains/continuous/test/auto/Starmac.xml
3049 ms. Memory: 361984K Free: 158583K (44%)
----------------- Invoking toplevel() on ptolemy.moml.MoMLSimpleApplication@3134f6a4
----------------- Done invoking toplevel() on ptolemy.moml.MoMLSimpleApplication@3134f6a4
reloadAllAccessors: .Starmac

===========================================================================================
----------------- testing Mon Jun 18 12:13:48 UTC 2018 /home/travis/build/icyphy/ptII/ptolemy/domains/continuous/test/auto/StaticUnits.xml
----------------- Instantiating /home/travis/build/icyphy/ptII/ptolemy/domains/continuous/test/auto/StaticUnits.xml
2144 ms. Memory: 305152K Free: 248205K (81%)
----------------- Invoking toplevel() on ptolemy.moml.MoMLSimpleApplication@61da103
----------------- Done invoking toplevel() on ptolemy.moml.MoMLSimpleApplication@61da103
reloadAllAccessors: .StaticUnits

===========================================================================================
----------------- testing Mon Jun 18 12:13:50 UTC 2018 /home/travis/build/icyphy/ptII/ptolemy/domains/continuous/test/auto/StickyMasses.xml
----------------- Instantiating /home/travis/build/icyphy/ptII/ptolemy/domains/continuous/test/auto/StickyMasses.xml
132 ms. Memory: 305152K Free: 188635K (62%)
----------------- Invoking toplevel() on ptolemy.moml.MoMLSimpleApplication@29e51e5d
----------------- Done invoking toplevel() on ptolemy.moml.MoMLSimpleApplication@29e51e5d
reloadAllAccessors: .StickyMasses

===========================================================================================
----------------- testing Mon Jun 18 12:13:51 UTC 2018 /home/travis/build/icyphy/ptII/ptolemy/domains/continuous/test/auto/StopTime.xml
----------------- Instantiating /home/travis/build/icyphy/ptII/ptolemy/domains/continuous/test/auto/StopTime.xml
39 ms. Memory: 305152K Free: 159008K (52%)
----------------- Invoking toplevel() on ptolemy.moml.MoMLSimpleApplication@2e5b4e21
----------------- Done invoking toplevel() on ptolemy.moml.MoMLSimpleApplication@2e5b4e21
reloadAllAccessors: .StopTime

===========================================================================================
----------------- testing Mon Jun 18 12:13:51 UTC 2018 /home/travis/build/icyphy/ptII/ptolemy/domains/continuous/test/auto/StopTime2.xml
----------------- Instantiating /home/travis/build/icyphy/ptII/ptolemy/domains/continuous/test/auto/StopTime2.xml
31 ms. Memory: 305152K Free: 132759K (44%)
----------------- Invoking toplevel() on ptolemy.moml.MoMLSimpleApplication@50f156c6
----------------- Done invoking toplevel() on ptolemy.moml.MoMLSimpleApplication@50f156c6
reloadAllAccessors: .StopTime2

===========================================================================================
----------------- testing Mon Jun 18 12:13:51 UTC 2018 /home/travis/build/icyphy/ptII/ptolemy/domains/continuous/test/auto/Switch.xml
----------------- Instantiating /home/travis/build/icyphy/ptII/ptolemy/domains/continuous/test/auto/Switch.xml
36 ms. Memory: 305152K Free: 103178K (34%)
----------------- Invoking toplevel() on ptolemy.moml.MoMLSimpleApplication@1bdb9621
----------------- Done invoking toplevel() on ptolemy.moml.MoMLSimpleApplication@1bdb9621
reloadAllAccessors: .Switch

===========================================================================================
----------------- testing Mon Jun 18 12:13:51 UTC 2018 /home/travis/build/icyphy/ptII/ptolemy/domains/continuous/test/auto/Thermostat.xml
----------------- Instantiating /home/travis/build/icyphy/ptII/ptolemy/domains/continuous/test/auto/Thermostat.xml
181 ms. Memory: 302592K Free: 274931K (91%)
----------------- Invoking toplevel() on ptolemy.moml.MoMLSimpleApplication@71560207
----------------- Done invoking toplevel() on ptolemy.moml.MoMLSimpleApplication@71560207
reloadAllAccessors: .Thermostat

===========================================================================================
----------------- testing Mon Jun 18 12:13:51 UTC 2018 /home/travis/build/icyphy/ptII/ptolemy/domains/continuous/test/auto/TimeDelay.xml
----------------- Instantiating /home/travis/build/icyphy/ptII/ptolemy/domains/continuous/test/auto/TimeDelay.xml
5 ms. Memory: 302592K Free: 266592K (88%)
----------------- Invoking toplevel() on ptolemy.moml.MoMLSimpleApplication@32ffafa
----------------- Done invoking toplevel() on ptolemy.moml.MoMLSimpleApplication@32ffafa
reloadAllAccessors: .TimeDelay

===========================================================================================
----------------- testing Mon Jun 18 12:13:51 UTC 2018 /home/travis/build/icyphy/ptII/ptolemy/domains/continuous/test/auto/TimeDelay2.xml
----------------- Instantiating /home/travis/build/icyphy/ptII/ptolemy/domains/continuous/test/auto/TimeDelay2.xml
8 ms. Memory: 302592K Free: 252766K (84%)
----------------- Invoking toplevel() on ptolemy.moml.MoMLSimpleApplication@711d52e6
----------------- Done invoking toplevel() on ptolemy.moml.MoMLSimpleApplication@711d52e6
reloadAllAccessors: .TimeDelay2

===========================================================================================
----------------- testing Mon Jun 18 12:13:51 UTC 2018 /home/travis/build/icyphy/ptII/ptolemy/domains/continuous/test/auto/TimeDelay3.xml
----------------- Instantiating /home/travis/build/icyphy/ptII/ptolemy/domains/continuous/test/auto/TimeDelay3.xml
3 ms. Memory: 302592K Free: 247034K (82%)
----------------- Invoking toplevel() on ptolemy.moml.MoMLSimpleApplication@407ab83c
----------------- Done invoking toplevel() on ptolemy.moml.MoMLSimpleApplication@407ab83c
reloadAllAccessors: .TimeDelay3

===========================================================================================
----------------- testing Mon Jun 18 12:13:51 UTC 2018 /home/travis/build/icyphy/ptII/ptolemy/domains/continuous/test/auto/TransferAbsentToInside.xml
----------------- Instantiating /home/travis/build/icyphy/ptII/ptolemy/domains/continuous/test/auto/TransferAbsentToInside.xml
26 ms. Memory: 302592K Free: 187983K (62%)
----------------- Invoking toplevel() on ptolemy.moml.MoMLSimpleApplication@4e07443d
----------------- Done invoking toplevel() on ptolemy.moml.MoMLSimpleApplication@4e07443d
reloadAllAccessors: .TransferAbsentToInside

===========================================================================================
----------------- testing Mon Jun 18 12:13:51 UTC 2018 /home/travis/build/icyphy/ptII/ptolemy/domains/continuous/test/auto/Transmission.xml
----------------- Instantiating /home/travis/build/icyphy/ptII/ptolemy/domains/continuous/test/auto/Transmission.xml
712 ms. Memory: 284672K Free: 170602K (60%)
----------------- Invoking toplevel() on ptolemy.moml.MoMLSimpleApplication@5e261192
----------------- Done invoking toplevel() on ptolemy.moml.MoMLSimpleApplication@5e261192
reloadAllAccessors: .Transmission

===========================================================================================
----------------- testing Mon Jun 18 12:13:52 UTC 2018 /home/travis/build/icyphy/ptII/ptolemy/domains/continuous/test/auto/TriggeredContinuousClock.xml
----------------- Instantiating /home/travis/build/icyphy/ptII/ptolemy/domains/continuous/test/auto/TriggeredContinuousClock.xml
35 ms. Memory: 284672K Free: 136253K (48%)
----------------- Invoking toplevel() on ptolemy.moml.MoMLSimpleApplication@1b72ba63
----------------- Done invoking toplevel() on ptolemy.moml.MoMLSimpleApplication@1b72ba63
reloadAllAccessors: .TriggeredContinuousClock

===========================================================================================
----------------- testing Mon Jun 18 12:13:52 UTC 2018 /home/travis/build/icyphy/ptII/ptolemy/domains/continuous/test/auto/TwoMachineInfiniteBusControl.xml
----------------- Instantiating /home/travis/build/icyphy/ptII/ptolemy/domains/continuous/test/auto/TwoMachineInfiniteBusControl.xml
2861 ms. Memory: 263168K Free: 218976K (83%)
----------------- Invoking toplevel() on ptolemy.moml.MoMLSimpleApplication@15269126
----------------- Done invoking toplevel() on ptolemy.moml.MoMLSimpleApplication@15269126
reloadAllAccessors: .TwoMachineInfiniteBusControl

===========================================================================================
----------------- testing Mon Jun 18 12:13:55 UTC 2018 /home/travis/build/icyphy/ptII/ptolemy/domains/continuous/test/auto/V2V.xml
----------------- Instantiating /home/travis/build/icyphy/ptII/ptolemy/domains/continuous/test/auto/V2V.xml
741 ms. Memory: 248320K Free: 205053K (83%)
----------------- Invoking toplevel() on ptolemy.moml.MoMLSimpleApplication@64f1572a
----------------- Done invoking toplevel() on ptolemy.moml.MoMLSimpleApplication@64f1572a
reloadAllAccessors: .V2V

===========================================================================================
----------------- testing Mon Jun 18 12:13:56 UTC 2018 /home/travis/build/icyphy/ptII/ptolemy/domains/continuous/test/auto/hierarchicalModalModel.xml
----------------- Instantiating /home/travis/build/icyphy/ptII/ptolemy/domains/continuous/test/auto/hierarchicalModalModel.xml
10 ms. Memory: 248320K Free: 186197K (75%)
----------------- Invoking toplevel() on ptolemy.moml.MoMLSimpleApplication@6fbc95e0
----------------- Done invoking toplevel() on ptolemy.moml.MoMLSimpleApplication@6fbc95e0
reloadAllAccessors: .hierarchicalModalModel

===========================================================================================
----------------- testing Mon Jun 18 12:13:56 UTC 2018 /home/travis/build/icyphy/ptII/ptolemy/domains/continuous/test/auto/hierarchicalModalModel1.xml
----------------- Instantiating /home/travis/build/icyphy/ptII/ptolemy/domains/continuous/test/auto/hierarchicalModalModel1.xml
10 ms. Memory: 248320K Free: 168341K (68%)
----------------- Invoking toplevel() on ptolemy.moml.MoMLSimpleApplication@55086305
----------------- Done invoking toplevel() on ptolemy.moml.MoMLSimpleApplication@55086305
reloadAllAccessors: .hierarchicalModalModel1

===========================================================================================
----------------- testing Mon Jun 18 12:13:56 UTC 2018 /home/travis/build/icyphy/ptII/ptolemy/domains/continuous/test/auto/hierarchicalModalModel2.xml
----------------- Instantiating /home/travis/build/icyphy/ptII/ptolemy/domains/continuous/test/auto/hierarchicalModalModel2.xml
9 ms. Memory: 248320K Free: 153129K (62%)
----------------- Invoking toplevel() on ptolemy.moml.MoMLSimpleApplication@61d156a5
----------------- Done invoking toplevel() on ptolemy.moml.MoMLSimpleApplication@61d156a5
reloadAllAccessors: .hierarchicalModalModel2

===========================================================================================
----------------- testing Mon Jun 18 12:13:56 UTC 2018 /home/travis/build/icyphy/ptII/ptolemy/domains/continuous/test/auto/hierarchicalModalModel3.xml
----------------- Instantiating /home/travis/build/icyphy/ptII/ptolemy/domains/continuous/test/auto/hierarchicalModalModel3.xml
5 ms. Memory: 248320K Free: 140479K (57%)
----------------- Invoking toplevel() on ptolemy.moml.MoMLSimpleApplication@2283ef33
----------------- Done invoking toplevel() on ptolemy.moml.MoMLSimpleApplication@2283ef33
reloadAllAccessors: .hierarchicalModalModel3

===========================================================================================
----------------- testing Mon Jun 18 12:13:56 UTC 2018 /home/travis/build/icyphy/ptII/ptolemy/domains/continuous/test/auto/hierarchicalModalModel4.xml
----------------- Instantiating /home/travis/build/icyphy/ptII/ptolemy/domains/continuous/test/auto/hierarchicalModalModel4.xml
5 ms. Memory: 248320K Free: 125230K (50%)
----------------- Invoking toplevel() on ptolemy.moml.MoMLSimpleApplication@21f052a0
----------------- Done invoking toplevel() on ptolemy.moml.MoMLSimpleApplication@21f052a0
reloadAllAccessors: .hierarchicalModalModel4

===========================================================================================
----------------- testing Mon Jun 18 12:13:56 UTC 2018 /home/travis/build/icyphy/ptII/ptolemy/domains/continuous/test/auto/junk.xml
----------------- Instantiating /home/travis/build/icyphy/ptII/ptolemy/domains/continuous/test/auto/junk.xml
141 ms. Memory: 248320K Free: 93181K (38%)
----------------- Invoking toplevel() on ptolemy.moml.MoMLSimpleApplication@5f07925a
----------------- Done invoking toplevel() on ptolemy.moml.MoMLSimpleApplication@5f07925a
reloadAllAccessors: .junk
AutoTests.java: About to close Vertx.
AutoTests.java: Vertx closed.
]]></system-out>
  <system-err><![CDATA[Warning: '.HysteresisWithRandomDelay.NonStrictTest' The test produced only 221 tokens, yet the correctValues parameter was expecting 222 tokens.
Warning: '.HysteresisWithRandomDelay.NonStrictTest2' The test produced only 220 tokens, yet the correctValues parameter was expecting 221 tokens.
Warning: '.HysteresisWithRandomDelay.NonStrictTest3' The test produced only 26 tokens, yet the correctValues parameter was expecting 30 tokens.
Warning: '.IncreasingRatePoisson.NonStrictTest' The test produced only 387 tokens, yet the correctValues parameter was expecting 402 tokens.
Warning: '.Poisson.NonStrictTest' The test produced only 401 tokens, yet the correctValues parameter was expecting 430 tokens.
]]></system-err>
</testsuite>
