<?xml version="1.0" encoding="UTF-8" ?>
<testsuite errors="0" failures="0" hostname="travis-job-f7253d56-2b7c-4ab6-9ff5-ff905370ef7a" name="ptolemy.actor.lib.hoc.test.junit.JUnitTclTest" skipped="0" tests="58" time="32.796" timestamp="2019-11-19T06:18:39">
  <properties>
[...]
</properties>
  <testcase classname="ptolemy.util.test.junit.TclTests" name="[0] /home/travis/build/icyphy/ptII/ptolemy/actor/lib/hoc/test/IterateOverArray.tcl (RunTclFile)" time="0.314" />
  <testcase classname="ptolemy.util.test.junit.AutoKnownFailedTests" name="[0] /home/travis/build/icyphy/ptII/ptolemy/actor/lib/hoc/test/auto/knownFailedTests/PreinitializeMustBeInvokedRunComposite.xml (RunModel)" time="0.413" />
  <testcase classname="ptolemy.util.test.junit.AutoNameArchTests" name="[0] ThereAreNoAutoArchTests (RunModel)" time="0.013" />
  <testcase classname="ptolemy.util.test.junit.AutoTests" name="[0] /home/travis/build/icyphy/ptII/ptolemy/actor/lib/hoc/test/auto/AllToAllMultiInstanceComposite.xml (RunModel)" time="0.414" />
  <testcase classname="ptolemy.util.test.junit.AutoTests" name="[1] /home/travis/build/icyphy/ptII/ptolemy/actor/lib/hoc/test/auto/ApplyFFTTest.xml (RunModel)" time="0.394" />
  <testcase classname="ptolemy.util.test.junit.AutoTests" name="[2] /home/travis/build/icyphy/ptII/ptolemy/actor/lib/hoc/test/auto/ApplyFunction.xml (RunModel)" time="0.05" />
  <testcase classname="ptolemy.util.test.junit.AutoTests" name="[3] /home/travis/build/icyphy/ptII/ptolemy/actor/lib/hoc/test/auto/BackgroundExecution.xml (RunModel)" time="0.763" />
  <testcase classname="ptolemy.util.test.junit.AutoTests" name="[4] /home/travis/build/icyphy/ptII/ptolemy/actor/lib/hoc/test/auto/Case.xml (RunModel)" time="0.104" />
  <testcase classname="ptolemy.util.test.junit.AutoTests" name="[5] /home/travis/build/icyphy/ptII/ptolemy/actor/lib/hoc/test/auto/Case1.xml (RunModel)" time="0.056" />
  <testcase classname="ptolemy.util.test.junit.AutoTests" name="[6] /home/travis/build/icyphy/ptII/ptolemy/actor/lib/hoc/test/auto/Case2.xml (RunModel)" time="0.134" />
  <testcase classname="ptolemy.util.test.junit.AutoTests" name="[7] /home/travis/build/icyphy/ptII/ptolemy/actor/lib/hoc/test/auto/Case3.xml (RunModel)" time="0.059" />
  <testcase classname="ptolemy.util.test.junit.AutoTests" name="[8] /home/travis/build/icyphy/ptII/ptolemy/actor/lib/hoc/test/auto/Case4.xml (RunModel)" time="0.063" />
  <testcase classname="ptolemy.util.test.junit.AutoTests" name="[9] /home/travis/build/icyphy/ptII/ptolemy/actor/lib/hoc/test/auto/Case5.xml (RunModel)" time="0.09" />
  <testcase classname="ptolemy.util.test.junit.AutoTests" name="[10] /home/travis/build/icyphy/ptII/ptolemy/actor/lib/hoc/test/auto/Case6.xml (RunModel)" time="0.098" />
  <testcase classname="ptolemy.util.test.junit.AutoTests" name="[11] /home/travis/build/icyphy/ptII/ptolemy/actor/lib/hoc/test/auto/CaseString2.xml (RunModel)" time="0.057" />
  <testcase classname="ptolemy.util.test.junit.AutoTests" name="[12] /home/travis/build/icyphy/ptII/ptolemy/actor/lib/hoc/test/auto/CatchUpComposite1.xml (RunModel)" time="0.075" />
  <testcase classname="ptolemy.util.test.junit.AutoTests" name="[13] /home/travis/build/icyphy/ptII/ptolemy/actor/lib/hoc/test/auto/CatchUpComposite2.xml (RunModel)" time="0.072" />
  <testcase classname="ptolemy.util.test.junit.AutoTests" name="[14] /home/travis/build/icyphy/ptII/ptolemy/actor/lib/hoc/test/auto/CatchUpComposite3.xml (RunModel)" time="0.064" />
  <testcase classname="ptolemy.util.test.junit.AutoTests" name="[15] /home/travis/build/icyphy/ptII/ptolemy/actor/lib/hoc/test/auto/CatchUpComposite4.xml (RunModel)" time="0.062" />
  <testcase classname="ptolemy.util.test.junit.AutoTests" name="[16] /home/travis/build/icyphy/ptII/ptolemy/actor/lib/hoc/test/auto/CatchUpComposite5.xml (RunModel)" time="0.038" />
  <testcase classname="ptolemy.util.test.junit.AutoTests" name="[17] /home/travis/build/icyphy/ptII/ptolemy/actor/lib/hoc/test/auto/CatchUpComposite6.xml (RunModel)" time="0.179" />
  <testcase classname="ptolemy.util.test.junit.AutoTests" name="[18] /home/travis/build/icyphy/ptII/ptolemy/actor/lib/hoc/test/auto/CatchUpComposite7.xml (RunModel)" time="0.11" />
  <testcase classname="ptolemy.util.test.junit.AutoTests" name="[19] /home/travis/build/icyphy/ptII/ptolemy/actor/lib/hoc/test/auto/ConcurrentExecutionTimeSDF.xml (RunModel)" time="1.516" />
  <testcase classname="ptolemy.util.test.junit.AutoTests" name="[20] /home/travis/build/icyphy/ptII/ptolemy/actor/lib/hoc/test/auto/ConcurrentSleep.xml (RunModel)" time="0.79" />
  <testcase classname="ptolemy.util.test.junit.AutoTests" name="[21] /home/travis/build/icyphy/ptII/ptolemy/actor/lib/hoc/test/auto/DEInPNInRunCompositeActor.xml (RunModel)" time="0.041" />
  <testcase classname="ptolemy.util.test.junit.AutoTests" name="[22] /home/travis/build/icyphy/ptII/ptolemy/actor/lib/hoc/test/auto/DFTSubSetTest.xml (RunModel)" time="0.207" />
  <testcase classname="ptolemy.util.test.junit.AutoTests" name="[23] /home/travis/build/icyphy/ptII/ptolemy/actor/lib/hoc/test/auto/HocDE.xml (RunModel)" time="0.213" />
  <testcase classname="ptolemy.util.test.junit.AutoTests" name="[24] /home/travis/build/icyphy/ptII/ptolemy/actor/lib/hoc/test/auto/IterateOverArray.xml (RunModel)" time="0.03" />
  <testcase classname="ptolemy.util.test.junit.AutoTests" name="[25] /home/travis/build/icyphy/ptII/ptolemy/actor/lib/hoc/test/auto/IterateOverArray10.xml (RunModel)" time="0.016" />
  <testcase classname="ptolemy.util.test.junit.AutoTests" name="[26] /home/travis/build/icyphy/ptII/ptolemy/actor/lib/hoc/test/auto/IterateOverArray11.xml (RunModel)" time="0.023" />
  <testcase classname="ptolemy.util.test.junit.AutoTests" name="[27] /home/travis/build/icyphy/ptII/ptolemy/actor/lib/hoc/test/auto/IterateOverArray12.xml (RunModel)" time="0.032" />
  <testcase classname="ptolemy.util.test.junit.AutoTests" name="[28] /home/travis/build/icyphy/ptII/ptolemy/actor/lib/hoc/test/auto/IterateOverArray13.xml (RunModel)" time="0.164" />
  <testcase classname="ptolemy.util.test.junit.AutoTests" name="[29] /home/travis/build/icyphy/ptII/ptolemy/actor/lib/hoc/test/auto/IterateOverArray14.xml (RunModel)" time="0.135" />
  <testcase classname="ptolemy.util.test.junit.AutoTests" name="[30] /home/travis/build/icyphy/ptII/ptolemy/actor/lib/hoc/test/auto/IterateOverArray2.xml (RunModel)" time="0.032" />
  <testcase classname="ptolemy.util.test.junit.AutoTests" name="[31] /home/travis/build/icyphy/ptII/ptolemy/actor/lib/hoc/test/auto/IterateOverArray3.xml (RunModel)" time="0.043" />
  <testcase classname="ptolemy.util.test.junit.AutoTests" name="[32] /home/travis/build/icyphy/ptII/ptolemy/actor/lib/hoc/test/auto/IterateOverArray4.xml (RunModel)" time="0.022" />
  <testcase classname="ptolemy.util.test.junit.AutoTests" name="[33] /home/travis/build/icyphy/ptII/ptolemy/actor/lib/hoc/test/auto/IterateOverArray5.xml (RunModel)" time="0.023" />
  <testcase classname="ptolemy.util.test.junit.AutoTests" name="[34] /home/travis/build/icyphy/ptII/ptolemy/actor/lib/hoc/test/auto/IterateOverArray6.xml (RunModel)" time="0.021" />
  <testcase classname="ptolemy.util.test.junit.AutoTests" name="[35] /home/travis/build/icyphy/ptII/ptolemy/actor/lib/hoc/test/auto/IterateOverArray7.xml (RunModel)" time="0.02" />
  <testcase classname="ptolemy.util.test.junit.AutoTests" name="[36] /home/travis/build/icyphy/ptII/ptolemy/actor/lib/hoc/test/auto/IterateOverArray8.xml (RunModel)" time="0.023" />
  <testcase classname="ptolemy.util.test.junit.AutoTests" name="[37] /home/travis/build/icyphy/ptII/ptolemy/actor/lib/hoc/test/auto/IterateOverArray9.xml (RunModel)" time="0.022" />
  <testcase classname="ptolemy.util.test.junit.AutoTests" name="[38] /home/travis/build/icyphy/ptII/ptolemy/actor/lib/hoc/test/auto/IterateOverArrayCoercedOutputType.xml (RunModel)" time="0.04" />
  <testcase classname="ptolemy.util.test.junit.AutoTests" name="[39] /home/travis/build/icyphy/ptII/ptolemy/actor/lib/hoc/test/auto/IterateOverArrayInferredOutputType.xml (RunModel)" time="0.028" />
  <testcase classname="ptolemy.util.test.junit.AutoTests" name="[40] /home/travis/build/icyphy/ptII/ptolemy/actor/lib/hoc/test/auto/MobileFunctionTest.xml (RunModel)" time="0.033" />
  <testcase classname="ptolemy.util.test.junit.AutoTests" name="[41] /home/travis/build/icyphy/ptII/ptolemy/actor/lib/hoc/test/auto/MobileModelTest.xml (RunModel)" time="0.193" />
  <testcase classname="ptolemy.util.test.junit.AutoTests" name="[42] /home/travis/build/icyphy/ptII/ptolemy/actor/lib/hoc/test/auto/ModelReference.xml (RunModel)" time="0.063" />
  <testcase classname="ptolemy.util.test.junit.AutoTests" name="[43] /home/travis/build/icyphy/ptII/ptolemy/actor/lib/hoc/test/auto/ModelReference3.xml (RunModel)" time="0.051" />
  <testcase classname="ptolemy.util.test.junit.AutoTests" name="[44] /home/travis/build/icyphy/ptII/ptolemy/actor/lib/hoc/test/auto/ModelReference4.xml (RunModel)" time="10.028" />
  <testcase classname="ptolemy.util.test.junit.AutoTests" name="[45] /home/travis/build/icyphy/ptII/ptolemy/actor/lib/hoc/test/auto/MultiInstanceComposite.xml (RunModel)" time="0.049" />
  <testcase classname="ptolemy.util.test.junit.AutoTests" name="[46] /home/travis/build/icyphy/ptII/ptolemy/actor/lib/hoc/test/auto/MultiInstanceComposite2.xml (RunModel)" time="0.038" />
  <testcase classname="ptolemy.util.test.junit.AutoTests" name="[47] /home/travis/build/icyphy/ptII/ptolemy/actor/lib/hoc/test/auto/MulticoreExecution.xml (RunModel)" time="1.086" />
  <testcase classname="ptolemy.util.test.junit.AutoTests" name="[48] /home/travis/build/icyphy/ptII/ptolemy/actor/lib/hoc/test/auto/ParallelExecution.xml (RunModel)" time="0.931" />
  <testcase classname="ptolemy.util.test.junit.AutoTests" name="[49] /home/travis/build/icyphy/ptII/ptolemy/actor/lib/hoc/test/auto/RunCompositeActor.xml (RunModel)" time="0.022" />
  <testcase classname="ptolemy.util.test.junit.AutoTests" name="[50] /home/travis/build/icyphy/ptII/ptolemy/actor/lib/hoc/test/auto/RunCompositeActor2.xml (RunModel)" time="0.02" />
  <testcase classname="ptolemy.util.test.junit.AutoTests" name="[51] /home/travis/build/icyphy/ptII/ptolemy/actor/lib/hoc/test/auto/RunCompositeActor3.xml (RunModel)" time="0.018" />
  <testcase classname="ptolemy.util.test.junit.AutoTests" name="[52] /home/travis/build/icyphy/ptII/ptolemy/actor/lib/hoc/test/auto/RunCompositeActor4.xml (RunModel)" time="0.024" />
  <testcase classname="ptolemy.util.test.junit.AutoTests" name="[53] /home/travis/build/icyphy/ptII/ptolemy/actor/lib/hoc/test/auto/RunCompositeIterateOverArray.xml (RunModel)" time="0.021" />
  <testcase classname="ptolemy.util.test.junit.AutoTests" name="[54] /home/travis/build/icyphy/ptII/ptolemy/actor/lib/hoc/test/auto/ThreadedJS.xml (RunModel)" time="12.481" />
  <system-out><![CDATA[/home/travis/build/icyphy/ptII/ptolemy/actor/lib/hoc/test/IterateOverArray.tcl
testDefs.tcl: setting time out to 9000 seconds at Tue Nov 19 06:18:39 UTC 2019
11/19/19 06:18:40
Failed: 0  Total Tests: 2  ((Passed: 2, Newly Passed: 0)  Known Failed: 0) /home/travis/build/icyphy/ptII/ptolemy/actor/lib/hoc/test
----------------- testing (KnownFailure) /home/travis/build/icyphy/ptII/ptolemy/actor/lib/hoc/test/auto/knownFailedTests/PreinitializeMustBeInvokedRunComposite.xml
93 ms. Memory: 120832K Free: 79746K (66%)
Known Failure: java.lang.reflect.InvocationTargetException
No auto/linux-amd64/*.xml tests in /home/travis/build/icyphy/ptII/ptolemy/actor/lib/hoc/test
AutoTests.java: About to close Vertx.
AutoTests.java: Vertx closed.

===========================================================================================
----------------- testing Tue Nov 19 06:18:40 UTC 2019 /home/travis/build/icyphy/ptII/ptolemy/actor/lib/hoc/test/auto/AllToAllMultiInstanceComposite.xml
----------------- Instantiating /home/travis/build/icyphy/ptII/ptolemy/actor/lib/hoc/test/auto/AllToAllMultiInstanceComposite.xml
222 ms. Memory: 120832K Free: 98342K (81%)
----------------- Invoking toplevel() on ptolemy.moml.MoMLSimpleApplication@493405ac
----------------- Done invoking toplevel() on ptolemy.moml.MoMLSimpleApplication@493405ac
reloadAllAccessors: .AllToAllMultiInstanceComposite

===========================================================================================
----------------- testing Tue Nov 19 06:18:41 UTC 2019 /home/travis/build/icyphy/ptII/ptolemy/actor/lib/hoc/test/auto/ApplyFFTTest.xml
----------------- Instantiating /home/travis/build/icyphy/ptII/ptolemy/actor/lib/hoc/test/auto/ApplyFFTTest.xml
198 ms. Memory: 120832K Free: 79527K (66%)
----------------- Invoking toplevel() on ptolemy.moml.MoMLSimpleApplication@34448a2e
----------------- Done invoking toplevel() on ptolemy.moml.MoMLSimpleApplication@34448a2e
reloadAllAccessors: .ApplyFFTTest

===========================================================================================
----------------- testing Tue Nov 19 06:18:41 UTC 2019 /home/travis/build/icyphy/ptII/ptolemy/actor/lib/hoc/test/auto/ApplyFunction.xml
----------------- Instantiating /home/travis/build/icyphy/ptII/ptolemy/actor/lib/hoc/test/auto/ApplyFunction.xml
20 ms. Memory: 120832K Free: 76139K (63%)
----------------- Invoking toplevel() on ptolemy.moml.MoMLSimpleApplication@3c661842
----------------- Done invoking toplevel() on ptolemy.moml.MoMLSimpleApplication@3c661842
reloadAllAccessors: .ApplyFunction

===========================================================================================
----------------- testing Tue Nov 19 06:18:41 UTC 2019 /home/travis/build/icyphy/ptII/ptolemy/actor/lib/hoc/test/auto/BackgroundExecution.xml
----------------- Instantiating /home/travis/build/icyphy/ptII/ptolemy/actor/lib/hoc/test/auto/BackgroundExecution.xml
643 ms. Memory: 120832K Free: 100174K (83%)
----------------- Invoking toplevel() on ptolemy.moml.MoMLSimpleApplication@35c63f1f
----------------- Done invoking toplevel() on ptolemy.moml.MoMLSimpleApplication@35c63f1f
reloadAllAccessors: .BackgroundExecution

===========================================================================================
----------------- testing Tue Nov 19 06:18:42 UTC 2019 /home/travis/build/icyphy/ptII/ptolemy/actor/lib/hoc/test/auto/Case.xml
----------------- Instantiating /home/travis/build/icyphy/ptII/ptolemy/actor/lib/hoc/test/auto/Case.xml
27 ms. Memory: 120832K Free: 92799K (77%)
----------------- Invoking toplevel() on ptolemy.moml.MoMLSimpleApplication@7ab07d4b
----------------- Done invoking toplevel() on ptolemy.moml.MoMLSimpleApplication@7ab07d4b
reloadAllAccessors: .Case

===========================================================================================
----------------- testing Tue Nov 19 06:18:42 UTC 2019 /home/travis/build/icyphy/ptII/ptolemy/actor/lib/hoc/test/auto/Case1.xml
----------------- Instantiating /home/travis/build/icyphy/ptII/ptolemy/actor/lib/hoc/test/auto/Case1.xml
10 ms. Memory: 120832K Free: 86436K (72%)
----------------- Invoking toplevel() on ptolemy.moml.MoMLSimpleApplication@3310c491
----------------- Done invoking toplevel() on ptolemy.moml.MoMLSimpleApplication@3310c491
reloadAllAccessors: .Case1

===========================================================================================
----------------- testing Tue Nov 19 06:18:42 UTC 2019 /home/travis/build/icyphy/ptII/ptolemy/actor/lib/hoc/test/auto/Case2.xml
----------------- Instantiating /home/travis/build/icyphy/ptII/ptolemy/actor/lib/hoc/test/auto/Case2.xml
56 ms. Memory: 120832K Free: 76221K (63%)
----------------- Invoking toplevel() on ptolemy.moml.MoMLSimpleApplication@733ff151
----------------- Done invoking toplevel() on ptolemy.moml.MoMLSimpleApplication@733ff151
reloadAllAccessors: .Case2

===========================================================================================
----------------- testing Tue Nov 19 06:18:42 UTC 2019 /home/travis/build/icyphy/ptII/ptolemy/actor/lib/hoc/test/auto/Case3.xml
----------------- Instantiating /home/travis/build/icyphy/ptII/ptolemy/actor/lib/hoc/test/auto/Case3.xml
13 ms. Memory: 120832K Free: 70478K (58%)
----------------- Invoking toplevel() on ptolemy.moml.MoMLSimpleApplication@3e2c3ebd
----------------- Done invoking toplevel() on ptolemy.moml.MoMLSimpleApplication@3e2c3ebd
reloadAllAccessors: .Case3

===========================================================================================
----------------- testing Tue Nov 19 06:18:42 UTC 2019 /home/travis/build/icyphy/ptII/ptolemy/actor/lib/hoc/test/auto/Case4.xml
----------------- Instantiating /home/travis/build/icyphy/ptII/ptolemy/actor/lib/hoc/test/auto/Case4.xml
14 ms. Memory: 120832K Free: 102200K (85%)
----------------- Invoking toplevel() on ptolemy.moml.MoMLSimpleApplication@4f54320b
----------------- Done invoking toplevel() on ptolemy.moml.MoMLSimpleApplication@4f54320b
reloadAllAccessors: .Case4

===========================================================================================
----------------- testing Tue Nov 19 06:18:43 UTC 2019 /home/travis/build/icyphy/ptII/ptolemy/actor/lib/hoc/test/auto/Case5.xml
----------------- Instantiating /home/travis/build/icyphy/ptII/ptolemy/actor/lib/hoc/test/auto/Case5.xml
56 ms. Memory: 120832K Free: 95744K (79%)
----------------- Invoking toplevel() on ptolemy.moml.MoMLSimpleApplication@1edde193
----------------- Done invoking toplevel() on ptolemy.moml.MoMLSimpleApplication@1edde193
reloadAllAccessors: .junk

===========================================================================================
----------------- testing Tue Nov 19 06:18:43 UTC 2019 /home/travis/build/icyphy/ptII/ptolemy/actor/lib/hoc/test/auto/Case6.xml
----------------- Instantiating /home/travis/build/icyphy/ptII/ptolemy/actor/lib/hoc/test/auto/Case6.xml
48 ms. Memory: 120832K Free: 83768K (69%)
----------------- Invoking toplevel() on ptolemy.moml.MoMLSimpleApplication@7cc4a715
----------------- Done invoking toplevel() on ptolemy.moml.MoMLSimpleApplication@7cc4a715
reloadAllAccessors: .Case6

===========================================================================================
----------------- testing Tue Nov 19 06:18:43 UTC 2019 /home/travis/build/icyphy/ptII/ptolemy/actor/lib/hoc/test/auto/CaseString2.xml
----------------- Instantiating /home/travis/build/icyphy/ptII/ptolemy/actor/lib/hoc/test/auto/CaseString2.xml
13 ms. Memory: 120832K Free: 76288K (63%)
----------------- Invoking toplevel() on ptolemy.moml.MoMLSimpleApplication@2393a41d
----------------- Done invoking toplevel() on ptolemy.moml.MoMLSimpleApplication@2393a41d
reloadAllAccessors: .CaseString2

===========================================================================================
----------------- testing Tue Nov 19 06:18:43 UTC 2019 /home/travis/build/icyphy/ptII/ptolemy/actor/lib/hoc/test/auto/CatchUpComposite1.xml
----------------- Instantiating /home/travis/build/icyphy/ptII/ptolemy/actor/lib/hoc/test/auto/CatchUpComposite1.xml
30 ms. Memory: 120832K Free: 67072K (56%)
----------------- Invoking toplevel() on ptolemy.moml.MoMLSimpleApplication@19822da
----------------- Done invoking toplevel() on ptolemy.moml.MoMLSimpleApplication@19822da
reloadAllAccessors: .CatchUpComposite1

===========================================================================================
----------------- testing Tue Nov 19 06:18:43 UTC 2019 /home/travis/build/icyphy/ptII/ptolemy/actor/lib/hoc/test/auto/CatchUpComposite2.xml
----------------- Instantiating /home/travis/build/icyphy/ptII/ptolemy/actor/lib/hoc/test/auto/CatchUpComposite2.xml
18 ms. Memory: 120832K Free: 58880K (49%)
----------------- Invoking toplevel() on ptolemy.moml.MoMLSimpleApplication@4777296b
----------------- Done invoking toplevel() on ptolemy.moml.MoMLSimpleApplication@4777296b
reloadAllAccessors: .CatchUpComposite2

===========================================================================================
----------------- testing Tue Nov 19 06:18:43 UTC 2019 /home/travis/build/icyphy/ptII/ptolemy/actor/lib/hoc/test/auto/CatchUpComposite3.xml
----------------- Instantiating /home/travis/build/icyphy/ptII/ptolemy/actor/lib/hoc/test/auto/CatchUpComposite3.xml
24 ms. Memory: 120832K Free: 102483K (85%)
----------------- Invoking toplevel() on ptolemy.moml.MoMLSimpleApplication@7324742f
----------------- Done invoking toplevel() on ptolemy.moml.MoMLSimpleApplication@7324742f
reloadAllAccessors: .CatchUpComposite3

===========================================================================================
----------------- testing Tue Nov 19 06:18:43 UTC 2019 /home/travis/build/icyphy/ptII/ptolemy/actor/lib/hoc/test/auto/CatchUpComposite4.xml
----------------- Instantiating /home/travis/build/icyphy/ptII/ptolemy/actor/lib/hoc/test/auto/CatchUpComposite4.xml
20 ms. Memory: 120832K Free: 94878K (79%)
----------------- Invoking toplevel() on ptolemy.moml.MoMLSimpleApplication@35f38db1
----------------- Done invoking toplevel() on ptolemy.moml.MoMLSimpleApplication@35f38db1
reloadAllAccessors: .CatchUpComposite4

===========================================================================================
----------------- testing Tue Nov 19 06:18:43 UTC 2019 /home/travis/build/icyphy/ptII/ptolemy/actor/lib/hoc/test/auto/CatchUpComposite5.xml
----------------- Instantiating /home/travis/build/icyphy/ptII/ptolemy/actor/lib/hoc/test/auto/CatchUpComposite5.xml
8 ms. Memory: 120832K Free: 87507K (72%)
----------------- Invoking toplevel() on ptolemy.moml.MoMLSimpleApplication@2d66619b
----------------- Done invoking toplevel() on ptolemy.moml.MoMLSimpleApplication@2d66619b
reloadAllAccessors: .CatchUpComposite5

===========================================================================================
----------------- testing Tue Nov 19 06:18:43 UTC 2019 /home/travis/build/icyphy/ptII/ptolemy/actor/lib/hoc/test/auto/CatchUpComposite6.xml
----------------- Instantiating /home/travis/build/icyphy/ptII/ptolemy/actor/lib/hoc/test/auto/CatchUpComposite6.xml
WARNING: The execution aspects in this model can influence the timing of actors by delaying the 
execution, potentially changing the behavior. There is no guarantee that actors fire at the 
time they request to be fired. 
Use Ptides for deterministic DE behavior that is not influenced by execution aspects. 

97 ms. Memory: 120832K Free: 72787K (60%)
----------------- Invoking toplevel() on ptolemy.moml.MoMLSimpleApplication@1e396ae5
----------------- Done invoking toplevel() on ptolemy.moml.MoMLSimpleApplication@1e396ae5
reloadAllAccessors: .CatchUpComposite6

===========================================================================================
----------------- testing Tue Nov 19 06:18:43 UTC 2019 /home/travis/build/icyphy/ptII/ptolemy/actor/lib/hoc/test/auto/CatchUpComposite7.xml
----------------- Instantiating /home/travis/build/icyphy/ptII/ptolemy/actor/lib/hoc/test/auto/CatchUpComposite7.xml
WARNING: The execution aspects in this model can influence the timing of actors by delaying the 
execution, potentially changing the behavior. There is no guarantee that actors fire at the 
time they request to be fired. 
Use Ptides for deterministic DE behavior that is not influenced by execution aspects. 

47 ms. Memory: 120832K Free: 59093K (49%)
----------------- Invoking toplevel() on ptolemy.moml.MoMLSimpleApplication@3191a6f6
----------------- Done invoking toplevel() on ptolemy.moml.MoMLSimpleApplication@3191a6f6
reloadAllAccessors: .CatchUpComposite7

===========================================================================================
----------------- testing Tue Nov 19 06:18:43 UTC 2019 /home/travis/build/icyphy/ptII/ptolemy/actor/lib/hoc/test/auto/ConcurrentExecutionTimeSDF.xml
----------------- Instantiating /home/travis/build/icyphy/ptII/ptolemy/actor/lib/hoc/test/auto/ConcurrentExecutionTimeSDF.xml
Fired ExecutionTime: 40400000
Fired ExecutionTime: 40400000
Fired ExecutionTime: 40400000
Fired ExecutionTime: 40400000
Fired ExecutionTime: 40400000
Fired ExecutionTime: 40400000
Fired ExecutionTime: 40400000
Fired ExecutionTime: 40400000
Fired ExecutionTime: 40400000
Fired ExecutionTime: 40400000
Fired ExecutionTime: 40400000
Fired ExecutionTime: 40400000
Fired ExecutionTime: 40400000
Fired ExecutionTime: 40400000
Fired ExecutionTime: 40400000
Fired ExecutionTime: 40400000
Fired ExecutionTime: 40400000
Fired ExecutionTime: 40400000
Fired ExecutionTime: 40400000
Fired ExecutionTime: 40400000
1484 ms. Memory: 120832K Free: 52307K (43%)
----------------- Invoking toplevel() on ptolemy.moml.MoMLSimpleApplication@4a435ecd
----------------- Done invoking toplevel() on ptolemy.moml.MoMLSimpleApplication@4a435ecd
reloadAllAccessors: .ConcurrentExecutionTimeSDF

===========================================================================================
----------------- testing Tue Nov 19 06:18:45 UTC 2019 /home/travis/build/icyphy/ptII/ptolemy/actor/lib/hoc/test/auto/ConcurrentSleep.xml
----------------- Instantiating /home/travis/build/icyphy/ptII/ptolemy/actor/lib/hoc/test/auto/ConcurrentSleep.xml
725 ms. Memory: 120832K Free: 99267K (82%)
----------------- Invoking toplevel() on ptolemy.moml.MoMLSimpleApplication@356834fb
----------------- Done invoking toplevel() on ptolemy.moml.MoMLSimpleApplication@356834fb
reloadAllAccessors: .ConcurrentSleep

===========================================================================================
----------------- testing Tue Nov 19 06:18:46 UTC 2019 /home/travis/build/icyphy/ptII/ptolemy/actor/lib/hoc/test/auto/DEInPNInRunCompositeActor.xml
----------------- Instantiating /home/travis/build/icyphy/ptII/ptolemy/actor/lib/hoc/test/auto/DEInPNInRunCompositeActor.xml
17 ms. Memory: 120832K Free: 93582K (77%)
----------------- Invoking toplevel() on ptolemy.moml.MoMLSimpleApplication@1e28ad62
----------------- Done invoking toplevel() on ptolemy.moml.MoMLSimpleApplication@1e28ad62
reloadAllAccessors: .DEInPNInRunCompositeActor

===========================================================================================
----------------- testing Tue Nov 19 06:18:46 UTC 2019 /home/travis/build/icyphy/ptII/ptolemy/actor/lib/hoc/test/auto/DFTSubSetTest.xml
----------------- Instantiating /home/travis/build/icyphy/ptII/ptolemy/actor/lib/hoc/test/auto/DFTSubSetTest.xml
128 ms. Memory: 120832K Free: 50776K (42%)
----------------- Invoking toplevel() on ptolemy.moml.MoMLSimpleApplication@7bab30f7
----------------- Done invoking toplevel() on ptolemy.moml.MoMLSimpleApplication@7bab30f7
reloadAllAccessors: .DFTSubSetTest

===========================================================================================
----------------- testing Tue Nov 19 06:18:46 UTC 2019 /home/travis/build/icyphy/ptII/ptolemy/actor/lib/hoc/test/auto/HocDE.xml
----------------- Instantiating /home/travis/build/icyphy/ptII/ptolemy/actor/lib/hoc/test/auto/HocDE.xml
146 ms. Memory: 145408K Free: 111838K (77%)
----------------- Invoking toplevel() on ptolemy.moml.MoMLSimpleApplication@46f94192
----------------- Done invoking toplevel() on ptolemy.moml.MoMLSimpleApplication@46f94192
reloadAllAccessors: .HocDE

===========================================================================================
----------------- testing Tue Nov 19 06:18:46 UTC 2019 /home/travis/build/icyphy/ptII/ptolemy/actor/lib/hoc/test/auto/IterateOverArray.xml
----------------- Instantiating /home/travis/build/icyphy/ptII/ptolemy/actor/lib/hoc/test/auto/IterateOverArray.xml
6 ms. Memory: 145408K Free: 107712K (74%)
----------------- Invoking toplevel() on ptolemy.moml.MoMLSimpleApplication@37036aff
----------------- Done invoking toplevel() on ptolemy.moml.MoMLSimpleApplication@37036aff
reloadAllAccessors: .IterateOverArray

===========================================================================================
----------------- testing Tue Nov 19 06:18:46 UTC 2019 /home/travis/build/icyphy/ptII/ptolemy/actor/lib/hoc/test/auto/IterateOverArray10.xml
----------------- Instantiating /home/travis/build/icyphy/ptII/ptolemy/actor/lib/hoc/test/auto/IterateOverArray10.xml
2 ms. Memory: 145408K Free: 104078K (72%)
----------------- Invoking toplevel() on ptolemy.moml.MoMLSimpleApplication@2baaa1a6
----------------- Done invoking toplevel() on ptolemy.moml.MoMLSimpleApplication@2baaa1a6
reloadAllAccessors: .IterateOverArray10

===========================================================================================
----------------- testing Tue Nov 19 06:18:46 UTC 2019 /home/travis/build/icyphy/ptII/ptolemy/actor/lib/hoc/test/auto/IterateOverArray11.xml
----------------- Instantiating /home/travis/build/icyphy/ptII/ptolemy/actor/lib/hoc/test/auto/IterateOverArray11.xml
4 ms. Memory: 145408K Free: 100028K (69%)
----------------- Invoking toplevel() on ptolemy.moml.MoMLSimpleApplication@68f39df4
----------------- Done invoking toplevel() on ptolemy.moml.MoMLSimpleApplication@68f39df4
reloadAllAccessors: .IterateOverArray11

===========================================================================================
----------------- testing Tue Nov 19 06:18:46 UTC 2019 /home/travis/build/icyphy/ptII/ptolemy/actor/lib/hoc/test/auto/IterateOverArray12.xml
----------------- Instantiating /home/travis/build/icyphy/ptII/ptolemy/actor/lib/hoc/test/auto/IterateOverArray12.xml
15 ms. Memory: 145408K Free: 93884K (65%)
----------------- Invoking toplevel() on ptolemy.moml.MoMLSimpleApplication@211d3135
----------------- Done invoking toplevel() on ptolemy.moml.MoMLSimpleApplication@211d3135
reloadAllAccessors: .IterateOverArray12

===========================================================================================
----------------- testing Tue Nov 19 06:18:46 UTC 2019 /home/travis/build/icyphy/ptII/ptolemy/actor/lib/hoc/test/auto/IterateOverArray13.xml
----------------- Instantiating /home/travis/build/icyphy/ptII/ptolemy/actor/lib/hoc/test/auto/IterateOverArray13.xml
70 ms. Memory: 145408K Free: 64734K (45%)
----------------- Invoking toplevel() on ptolemy.moml.MoMLSimpleApplication@18acc45c
----------------- Done invoking toplevel() on ptolemy.moml.MoMLSimpleApplication@18acc45c
reloadAllAccessors: .IterateOverArray13

===========================================================================================
----------------- testing Tue Nov 19 06:18:46 UTC 2019 /home/travis/build/icyphy/ptII/ptolemy/actor/lib/hoc/test/auto/IterateOverArray14.xml
----------------- Instantiating /home/travis/build/icyphy/ptII/ptolemy/actor/lib/hoc/test/auto/IterateOverArray14.xml
52 ms. Memory: 145408K Free: 103053K (71%)
----------------- Invoking toplevel() on ptolemy.moml.MoMLSimpleApplication@76fe2a0f
----------------- Done invoking toplevel() on ptolemy.moml.MoMLSimpleApplication@76fe2a0f
reloadAllAccessors: .IterateOverArray14

===========================================================================================
----------------- testing Tue Nov 19 06:18:47 UTC 2019 /home/travis/build/icyphy/ptII/ptolemy/actor/lib/hoc/test/auto/IterateOverArray2.xml
----------------- Instantiating /home/travis/build/icyphy/ptII/ptolemy/actor/lib/hoc/test/auto/IterateOverArray2.xml
9 ms. Memory: 145408K Free: 98447K (68%)
----------------- Invoking toplevel() on ptolemy.moml.MoMLSimpleApplication@4c9153b2
----------------- Done invoking toplevel() on ptolemy.moml.MoMLSimpleApplication@4c9153b2
reloadAllAccessors: .IterateOverArray2

===========================================================================================
----------------- testing Tue Nov 19 06:18:47 UTC 2019 /home/travis/build/icyphy/ptII/ptolemy/actor/lib/hoc/test/auto/IterateOverArray3.xml
----------------- Instantiating /home/travis/build/icyphy/ptII/ptolemy/actor/lib/hoc/test/auto/IterateOverArray3.xml
19 ms. Memory: 145408K Free: 92813K (64%)
----------------- Invoking toplevel() on ptolemy.moml.MoMLSimpleApplication@2b99cf20
----------------- Done invoking toplevel() on ptolemy.moml.MoMLSimpleApplication@2b99cf20
reloadAllAccessors: .IterateOverArray3

===========================================================================================
----------------- testing Tue Nov 19 06:18:47 UTC 2019 /home/travis/build/icyphy/ptII/ptolemy/actor/lib/hoc/test/auto/IterateOverArray4.xml
----------------- Instantiating /home/travis/build/icyphy/ptII/ptolemy/actor/lib/hoc/test/auto/IterateOverArray4.xml
5 ms. Memory: 145408K Free: 88207K (61%)
----------------- Invoking toplevel() on ptolemy.moml.MoMLSimpleApplication@816dc7a
----------------- Done invoking toplevel() on ptolemy.moml.MoMLSimpleApplication@816dc7a
reloadAllAccessors: .IterateOverArray4

===========================================================================================
----------------- testing Tue Nov 19 06:18:47 UTC 2019 /home/travis/build/icyphy/ptII/ptolemy/actor/lib/hoc/test/auto/IterateOverArray5.xml
----------------- Instantiating /home/travis/build/icyphy/ptII/ptolemy/actor/lib/hoc/test/auto/IterateOverArray5.xml
4 ms. Memory: 145408K Free: 84111K (58%)
----------------- Invoking toplevel() on ptolemy.moml.MoMLSimpleApplication@f68408c
----------------- Done invoking toplevel() on ptolemy.moml.MoMLSimpleApplication@f68408c
reloadAllAccessors: .IterateOverArray5

===========================================================================================
----------------- testing Tue Nov 19 06:18:47 UTC 2019 /home/travis/build/icyphy/ptII/ptolemy/actor/lib/hoc/test/auto/IterateOverArray6.xml
----------------- Instantiating /home/travis/build/icyphy/ptII/ptolemy/actor/lib/hoc/test/auto/IterateOverArray6.xml
3 ms. Memory: 145408K Free: 80525K (55%)
----------------- Invoking toplevel() on ptolemy.moml.MoMLSimpleApplication@49c6a276
----------------- Done invoking toplevel() on ptolemy.moml.MoMLSimpleApplication@49c6a276
reloadAllAccessors: .IterateOverArray6

===========================================================================================
----------------- testing Tue Nov 19 06:18:47 UTC 2019 /home/travis/build/icyphy/ptII/ptolemy/actor/lib/hoc/test/auto/IterateOverArray7.xml
----------------- Instantiating /home/travis/build/icyphy/ptII/ptolemy/actor/lib/hoc/test/auto/IterateOverArray7.xml
4 ms. Memory: 145408K Free: 75919K (52%)
----------------- Invoking toplevel() on ptolemy.moml.MoMLSimpleApplication@7b6e8827
----------------- Done invoking toplevel() on ptolemy.moml.MoMLSimpleApplication@7b6e8827
reloadAllAccessors: .IterateOverArray7

===========================================================================================
----------------- testing Tue Nov 19 06:18:47 UTC 2019 /home/travis/build/icyphy/ptII/ptolemy/actor/lib/hoc/test/auto/IterateOverArray8.xml
----------------- Instantiating /home/travis/build/icyphy/ptII/ptolemy/actor/lib/hoc/test/auto/IterateOverArray8.xml
4 ms. Memory: 145408K Free: 71823K (49%)
----------------- Invoking toplevel() on ptolemy.moml.MoMLSimpleApplication@66e2f596
----------------- Done invoking toplevel() on ptolemy.moml.MoMLSimpleApplication@66e2f596
reloadAllAccessors: .IterateOverArray8

===========================================================================================
----------------- testing Tue Nov 19 06:18:47 UTC 2019 /home/travis/build/icyphy/ptII/ptolemy/actor/lib/hoc/test/auto/IterateOverArray9.xml
----------------- Instantiating /home/travis/build/icyphy/ptII/ptolemy/actor/lib/hoc/test/auto/IterateOverArray9.xml
6 ms. Memory: 145408K Free: 67727K (47%)
----------------- Invoking toplevel() on ptolemy.moml.MoMLSimpleApplication@64c9f0c4
----------------- Done invoking toplevel() on ptolemy.moml.MoMLSimpleApplication@64c9f0c4
reloadAllAccessors: .IterateOverArray9

===========================================================================================
----------------- testing Tue Nov 19 06:18:47 UTC 2019 /home/travis/build/icyphy/ptII/ptolemy/actor/lib/hoc/test/auto/IterateOverArrayCoercedOutputType.xml
----------------- Instantiating /home/travis/build/icyphy/ptII/ptolemy/actor/lib/hoc/test/auto/IterateOverArrayCoercedOutputType.xml
7 ms. Memory: 145408K Free: 62607K (43%)
----------------- Invoking toplevel() on ptolemy.moml.MoMLSimpleApplication@700706c9
----------------- Done invoking toplevel() on ptolemy.moml.MoMLSimpleApplication@700706c9
reloadAllAccessors: .IterateOverArrayCoercedOutputType

===========================================================================================
----------------- testing Tue Nov 19 06:18:47 UTC 2019 /home/travis/build/icyphy/ptII/ptolemy/actor/lib/hoc/test/auto/IterateOverArrayInferredOutputType.xml
----------------- Instantiating /home/travis/build/icyphy/ptII/ptolemy/actor/lib/hoc/test/auto/IterateOverArrayInferredOutputType.xml
11 ms. Memory: 145408K Free: 57997K (40%)
----------------- Invoking toplevel() on ptolemy.moml.MoMLSimpleApplication@eb51508
----------------- Done invoking toplevel() on ptolemy.moml.MoMLSimpleApplication@eb51508
reloadAllAccessors: .IterateOverArrayInferredOutputType

===========================================================================================
----------------- testing Tue Nov 19 06:18:47 UTC 2019 /home/travis/build/icyphy/ptII/ptolemy/actor/lib/hoc/test/auto/MobileFunctionTest.xml
----------------- Instantiating /home/travis/build/icyphy/ptII/ptolemy/actor/lib/hoc/test/auto/MobileFunctionTest.xml
4 ms. Memory: 145408K Free: 53886K (37%)
----------------- Invoking toplevel() on ptolemy.moml.MoMLSimpleApplication@591155c4
----------------- Done invoking toplevel() on ptolemy.moml.MoMLSimpleApplication@591155c4
reloadAllAccessors: .MobileFunctionTest

===========================================================================================
----------------- testing Tue Nov 19 06:18:47 UTC 2019 /home/travis/build/icyphy/ptII/ptolemy/actor/lib/hoc/test/auto/MobileModelTest.xml
----------------- Instantiating /home/travis/build/icyphy/ptII/ptolemy/actor/lib/hoc/test/auto/MobileModelTest.xml
164 ms. Memory: 145408K Free: 113278K (78%)
----------------- Invoking toplevel() on ptolemy.moml.MoMLSimpleApplication@687c1bfd
----------------- Done invoking toplevel() on ptolemy.moml.MoMLSimpleApplication@687c1bfd
reloadAllAccessors: .MobileModelTest

===========================================================================================
----------------- testing Tue Nov 19 06:18:47 UTC 2019 /home/travis/build/icyphy/ptII/ptolemy/actor/lib/hoc/test/auto/ModelReference.xml
----------------- Instantiating /home/travis/build/icyphy/ptII/ptolemy/actor/lib/hoc/test/auto/ModelReference.xml
2 ms. Memory: 145408K Free: 106639K (73%)
8 ms. Memory: 145408K Free: 106094K (73%)
1 ms. Memory: 145408K Free: 105086K (72%)
2 ms. Memory: 145408K Free: 104062K (72%)
1 ms. Memory: 145408K Free: 103567K (71%)
1 ms. Memory: 145408K Free: 102543K (71%)
1 ms. Memory: 145408K Free: 101998K (70%)
2 ms. Memory: 145408K Free: 100990K (69%)
3 ms. Memory: 145408K Free: 99966K (69%)
2 ms. Memory: 145408K Free: 99471K (68%)
34 ms. Memory: 145408K Free: 99471K (68%)
----------------- Invoking toplevel() on ptolemy.moml.MoMLSimpleApplication@7cb7cead
----------------- Done invoking toplevel() on ptolemy.moml.MoMLSimpleApplication@7cb7cead
reloadAllAccessors: .ModelReference

===========================================================================================
----------------- testing Tue Nov 19 06:18:47 UTC 2019 /home/travis/build/icyphy/ptII/ptolemy/actor/lib/hoc/test/auto/ModelReference3.xml
----------------- Instantiating /home/travis/build/icyphy/ptII/ptolemy/actor/lib/hoc/test/auto/ModelReference3.xml
3 ms. Memory: 145408K Free: 94830K (65%)
4 ms. Memory: 145408K Free: 94351K (65%)
1 ms. Memory: 145408K Free: 93327K (64%)
3 ms. Memory: 145408K Free: 92782K (64%)
3 ms. Memory: 145408K Free: 91774K (63%)
1 ms. Memory: 145408K Free: 90750K (62%)
3 ms. Memory: 145408K Free: 90255K (62%)
4 ms. Memory: 145408K Free: 89231K (61%)
2 ms. Memory: 145408K Free: 88686K (61%)
1 ms. Memory: 145408K Free: 87678K (60%)
35 ms. Memory: 145408K Free: 87678K (60%)
----------------- Invoking toplevel() on ptolemy.moml.MoMLSimpleApplication@2fb6368
----------------- Done invoking toplevel() on ptolemy.moml.MoMLSimpleApplication@2fb6368
reloadAllAccessors: .ModelReference3

===========================================================================================
----------------- testing Tue Nov 19 06:18:47 UTC 2019 /home/travis/build/icyphy/ptII/ptolemy/actor/lib/hoc/test/auto/ModelReference4.xml
----------------- Instantiating /home/travis/build/icyphy/ptII/ptolemy/actor/lib/hoc/test/auto/ModelReference4.xml
1 ms. Memory: 145408K Free: 83087K (57%)
2 ms. Memory: 145408K Free: 81518K (56%)
3 ms. Memory: 145408K Free: 80525K (55%)
2 ms. Memory: 145408K Free: 78991K (54%)
2 ms. Memory: 145408K Free: 77967K (54%)
2 ms. Memory: 145408K Free: 76943K (53%)
2 ms. Memory: 145408K Free: 75405K (52%)
3 ms. Memory: 145408K Free: 73871K (51%)
2 ms. Memory: 145408K Free: 72302K (50%)
1 ms. Memory: 145408K Free: 71309K (49%)
10017 ms. Memory: 145408K Free: 71309K (49%)
----------------- Invoking toplevel() on ptolemy.moml.MoMLSimpleApplication@c428c69
----------------- Done invoking toplevel() on ptolemy.moml.MoMLSimpleApplication@c428c69
reloadAllAccessors: .ModelReference4

===========================================================================================
----------------- testing Tue Nov 19 06:18:57 UTC 2019 /home/travis/build/icyphy/ptII/ptolemy/actor/lib/hoc/test/auto/MultiInstanceComposite.xml
----------------- Instantiating /home/travis/build/icyphy/ptII/ptolemy/actor/lib/hoc/test/auto/MultiInstanceComposite.xml
23 ms. Memory: 145408K Free: 52367K (36%)
----------------- Invoking toplevel() on ptolemy.moml.MoMLSimpleApplication@44d544cf
----------------- Done invoking toplevel() on ptolemy.moml.MoMLSimpleApplication@44d544cf
reloadAllAccessors: .MultiInstanceComposite

===========================================================================================
----------------- testing Tue Nov 19 06:18:57 UTC 2019 /home/travis/build/icyphy/ptII/ptolemy/actor/lib/hoc/test/auto/MultiInstanceComposite2.xml
----------------- Instantiating /home/travis/build/icyphy/ptII/ptolemy/actor/lib/hoc/test/auto/MultiInstanceComposite2.xml
21 ms. Memory: 145408K Free: 126061K (87%)
----------------- Invoking toplevel() on ptolemy.moml.MoMLSimpleApplication@3c9cee19
----------------- Done invoking toplevel() on ptolemy.moml.MoMLSimpleApplication@3c9cee19
reloadAllAccessors: .MultiInstanceComposite2

===========================================================================================
----------------- testing Tue Nov 19 06:18:57 UTC 2019 /home/travis/build/icyphy/ptII/ptolemy/actor/lib/hoc/test/auto/MulticoreExecution.xml
----------------- Instantiating /home/travis/build/icyphy/ptII/ptolemy/actor/lib/hoc/test/auto/MulticoreExecution.xml
Fired ExecutionTime: 3200000
Fired ExecutionTime: 2400000
Fired ExecutionTime: 66000000
Fired ExecutionTime: 66800000
Fired ExecutionTime: 65600000
Fired ExecutionTime: 70000000
Fired ExecutionTime: 66400000
Fired ExecutionTime: 66400000
Fired ExecutionTime: 66400000
Fired ExecutionTime: 66400000
Fired ExecutionTime: 66400000
Fired ExecutionTime: 66400000
Fired ExecutionTime: 66400000
Fired ExecutionTime: 66400000
Fired ExecutionTime: 66000000
Fired ExecutionTime: 66400000
Fired ExecutionTime: 69200000
Fired ExecutionTime: 36800000
Fired ExecutionTime: 55200000
Fired ExecutionTime: 62800000
1063 ms. Memory: 145408K Free: 116817K (80%)
----------------- Invoking toplevel() on ptolemy.moml.MoMLSimpleApplication@28f1a69a
----------------- Done invoking toplevel() on ptolemy.moml.MoMLSimpleApplication@28f1a69a
reloadAllAccessors: .MulticoreExecution

===========================================================================================
----------------- testing Tue Nov 19 06:18:58 UTC 2019 /home/travis/build/icyphy/ptII/ptolemy/actor/lib/hoc/test/auto/ParallelExecution.xml
----------------- Instantiating /home/travis/build/icyphy/ptII/ptolemy/actor/lib/hoc/test/auto/ParallelExecution.xml
917 ms. Memory: 145408K Free: 109465K (75%)
----------------- Invoking toplevel() on ptolemy.moml.MoMLSimpleApplication@165d1f1e
----------------- Done invoking toplevel() on ptolemy.moml.MoMLSimpleApplication@165d1f1e
reloadAllAccessors: .ParallelExecution

===========================================================================================
----------------- testing Tue Nov 19 06:18:59 UTC 2019 /home/travis/build/icyphy/ptII/ptolemy/actor/lib/hoc/test/auto/RunCompositeActor.xml
----------------- Instantiating /home/travis/build/icyphy/ptII/ptolemy/actor/lib/hoc/test/auto/RunCompositeActor.xml
9 ms. Memory: 145408K Free: 102467K (70%)
----------------- Invoking toplevel() on ptolemy.moml.MoMLSimpleApplication@3c8f5c25
----------------- Done invoking toplevel() on ptolemy.moml.MoMLSimpleApplication@3c8f5c25
reloadAllAccessors: .RunCompositeActor

===========================================================================================
----------------- testing Tue Nov 19 06:18:59 UTC 2019 /home/travis/build/icyphy/ptII/ptolemy/actor/lib/hoc/test/auto/RunCompositeActor2.xml
----------------- Instantiating /home/travis/build/icyphy/ptII/ptolemy/actor/lib/hoc/test/auto/RunCompositeActor2.xml
3 ms. Memory: 145408K Free: 96291K (66%)
----------------- Invoking toplevel() on ptolemy.moml.MoMLSimpleApplication@2ce0de11
----------------- Done invoking toplevel() on ptolemy.moml.MoMLSimpleApplication@2ce0de11
reloadAllAccessors: .RunCompositeActor2

===========================================================================================
----------------- testing Tue Nov 19 06:18:59 UTC 2019 /home/travis/build/icyphy/ptII/ptolemy/actor/lib/hoc/test/auto/RunCompositeActor3.xml
----------------- Instantiating /home/travis/build/icyphy/ptII/ptolemy/actor/lib/hoc/test/auto/RunCompositeActor3.xml
3 ms. Memory: 145408K Free: 91035K (63%)
----------------- Invoking toplevel() on ptolemy.moml.MoMLSimpleApplication@74a2b117
----------------- Done invoking toplevel() on ptolemy.moml.MoMLSimpleApplication@74a2b117
reloadAllAccessors: .RunCompositeActor3

===========================================================================================
----------------- testing Tue Nov 19 06:18:59 UTC 2019 /home/travis/build/icyphy/ptII/ptolemy/actor/lib/hoc/test/auto/RunCompositeActor4.xml
----------------- Instantiating /home/travis/build/icyphy/ptII/ptolemy/actor/lib/hoc/test/auto/RunCompositeActor4.xml
11 ms. Memory: 145408K Free: 82971K (57%)
----------------- Invoking toplevel() on ptolemy.moml.MoMLSimpleApplication@108a3bdf
----------------- Done invoking toplevel() on ptolemy.moml.MoMLSimpleApplication@108a3bdf
reloadAllAccessors: .RunCompositeActor4

===========================================================================================
----------------- testing Tue Nov 19 06:18:59 UTC 2019 /home/travis/build/icyphy/ptII/ptolemy/actor/lib/hoc/test/auto/RunCompositeIterateOverArray.xml
----------------- Instantiating /home/travis/build/icyphy/ptII/ptolemy/actor/lib/hoc/test/auto/RunCompositeIterateOverArray.xml
4 ms. Memory: 145408K Free: 77301K (53%)
----------------- Invoking toplevel() on ptolemy.moml.MoMLSimpleApplication@29881d70
----------------- Done invoking toplevel() on ptolemy.moml.MoMLSimpleApplication@29881d70
reloadAllAccessors: .RunCompositeIterateOverArray

===========================================================================================
----------------- testing Tue Nov 19 06:18:59 UTC 2019 /home/travis/build/icyphy/ptII/ptolemy/actor/lib/hoc/test/auto/ThreadedJS.xml
----------------- Instantiating /home/travis/build/icyphy/ptII/ptolemy/actor/lib/hoc/test/auto/ThreadedJS.xml
5580 ms. Memory: 210944K Free: 83454K (40%)
----------------- Invoking toplevel() on ptolemy.moml.MoMLSimpleApplication@6ffc0b4a
----------------- Done invoking toplevel() on ptolemy.moml.MoMLSimpleApplication@6ffc0b4a
reloadAllAccessors: .ThreadedJS
AutoTests.java: About to close Vertx.
AutoTests.java: Vertx closed.
]]></system-out>
  <system-err><![CDATA[java.lang.RuntimeException: Execution failed
	at ptolemy.moml.MoMLSimpleApplication$UnloadThread.run(MoMLSimpleApplication.java:402)
Caused by: ptolemy.kernel.util.IllegalActionException: initialize() was called after wrapup() was called but preinitialize() was not called after wrapup().
	at ptolemy.actor.lib.hoc.test.PreinitializeMustBeInvoked.initialize(PreinitializeMustBeInvoked.java:78)
	at ptolemy.actor.Director.initialize(Director.java:938)
	at ptolemy.actor.Director.initialize(Director.java:907)
	at ptolemy.actor.sched.StaticSchedulingDirector.initialize(StaticSchedulingDirector.java:159)
	at ptolemy.domains.sdf.kernel.SDFDirector.initialize(SDFDirector.java:544)
	at ptolemy.actor.CompositeActor.initialize(CompositeActor.java:935)
	at ptolemy.actor.lib.hoc.LifeCycleManager._executeInsideModel(LifeCycleManager.java:339)
	at ptolemy.actor.lib.hoc.RunCompositeActor.fire(RunCompositeActor.java:205)
	at ptolemy.actor.CompositeActor.iterate(CompositeActor.java:1146)
	at ptolemy.actor.sched.StaticSchedulingDirector.fire(StaticSchedulingDirector.java:216)
	at ptolemy.domains.sdf.kernel.SDFDirector.fire(SDFDirector.java:500)
	at ptolemy.actor.CompositeActor.fire(CompositeActor.java:455)
	at ptolemy.actor.Manager.iterate(Manager.java:851)
	at ptolemy.actor.Manager.execute(Manager.java:369)
	at ptolemy.actor.Manager.run(Manager.java:1263)
	at ptolemy.actor.Manager$PtolemyRunThread.run(Manager.java:1933)
java.lang.reflect.InvocationTargetException
	at java.base/jdk.internal.reflect.NativeConstructorAccessorImpl.newInstance0(Native Method)
	at java.base/jdk.internal.reflect.NativeConstructorAccessorImpl.newInstance(NativeConstructorAccessorImpl.java:62)
	at java.base/jdk.internal.reflect.DelegatingConstructorAccessorImpl.newInstance(DelegatingConstructorAccessorImpl.java:45)
	at java.base/java.lang.reflect.Constructor.newInstance(Constructor.java:490)
	at ptolemy.util.test.junit.AutoKnownFailedTests.RunModel(AutoKnownFailedTests.java:105)
	at java.base/jdk.internal.reflect.NativeMethodAccessorImpl.invoke0(Native Method)
	at java.base/jdk.internal.reflect.NativeMethodAccessorImpl.invoke(NativeMethodAccessorImpl.java:62)
	at java.base/jdk.internal.reflect.DelegatingMethodAccessorImpl.invoke(DelegatingMethodAccessorImpl.java:43)
	at java.base/java.lang.reflect.Method.invoke(Method.java:566)
	at org.junit.runners.model.FrameworkMethod$1.runReflectiveCall(FrameworkMethod.java:44)
	at org.junit.internal.runners.model.ReflectiveCallable.run(ReflectiveCallable.java:15)
	at org.junit.runners.model.FrameworkMethod.invokeExplosively(FrameworkMethod.java:41)
	at junitparams.internal.InvokeParameterisedMethod.evaluate(InvokeParameterisedMethod.java:102)
	at org.junit.internal.runners.statements.FailOnTimeout$1.run(FailOnTimeout.java:28)
Caused by: ptolemy.kernel.util.IllegalActionException: initialize() was called after wrapup() was called but preinitialize() was not called after wrapup().
	at ptolemy.actor.lib.hoc.test.PreinitializeMustBeInvoked.initialize(PreinitializeMustBeInvoked.java:78)
	at ptolemy.actor.Director.initialize(Director.java:938)
	at ptolemy.actor.Director.initialize(Director.java:907)
	at ptolemy.actor.sched.StaticSchedulingDirector.initialize(StaticSchedulingDirector.java:159)
	at ptolemy.domains.sdf.kernel.SDFDirector.initialize(SDFDirector.java:544)
	at ptolemy.actor.CompositeActor.initialize(CompositeActor.java:935)
	at ptolemy.actor.lib.hoc.LifeCycleManager._executeInsideModel(LifeCycleManager.java:339)
	at ptolemy.actor.lib.hoc.RunCompositeActor.fire(RunCompositeActor.java:205)
	at ptolemy.actor.CompositeActor.iterate(CompositeActor.java:1146)
	at ptolemy.actor.sched.StaticSchedulingDirector.fire(StaticSchedulingDirector.java:216)
	at ptolemy.domains.sdf.kernel.SDFDirector.fire(SDFDirector.java:500)
	at ptolemy.actor.CompositeActor.fire(CompositeActor.java:455)
	at ptolemy.actor.Manager.iterate(Manager.java:851)
	at ptolemy.actor.Manager.execute(Manager.java:369)
	at ptolemy.actor.Manager.run(Manager.java:1263)
	at ptolemy.actor.Manager$PtolemyRunThread.run(Manager.java:1933)
Warning: Nashorn engine is planned to be removed from a future JDK release
Warning: Nashorn engine is planned to be removed from a future JDK release
Warning: Nashorn engine is planned to be removed from a future JDK release
Warning: Nashorn engine is planned to be removed from a future JDK release
Warning: Nashorn engine is planned to be removed from a future JDK release
Warning: Nashorn engine is planned to be removed from a future JDK release
Warning: Nashorn engine is planned to be removed from a future JDK release
Warning: Nashorn engine is planned to be removed from a future JDK release
]]></system-err>
</testsuite>
