<?xml version="1.0" encoding="UTF-8" ?>
<testsuite errors="0" failures="0" hostname="travis-job-1ae00869-85ee-4409-bcc8-ebb8ae07ae70" name="ptolemy.domains.continuous.test.junit.JUnitTclTest" skipped="0" tests="156" time="89.662" timestamp="2019-12-03T06:17:47">
  <properties>
[...]
</properties>
  <testcase classname="ptolemy.util.test.junit.TclTests" name="[0] ThereAreNoTclTests (RunTclFile)" time="0.022" />
  <testcase classname="ptolemy.util.test.junit.AutoKnownFailedTests" name="[0] ThereAreNoKnowFailedTests (RunModel)" time="0.011" />
  <testcase classname="ptolemy.util.test.junit.AutoNameArchTests" name="[0] ThereAreNoAutoArchTests (RunModel)" time="0.008" />
  <testcase classname="ptolemy.util.test.junit.AutoTests" name="[0] /home/travis/build/icyphy/ptII/ptolemy/domains/continuous/test/auto/BouncingBall.xml (RunModel)" time="3.09" />
  <testcase classname="ptolemy.util.test.junit.AutoTests" name="[1] /home/travis/build/icyphy/ptII/ptolemy/domains/continuous/test/auto/BouncingBallWithoutGR.xml (RunModel)" time="0.924" />
  <testcase classname="ptolemy.util.test.junit.AutoTests" name="[2] /home/travis/build/icyphy/ptII/ptolemy/domains/continuous/test/auto/Brownian.xml (RunModel)" time="0.118" />
  <testcase classname="ptolemy.util.test.junit.AutoTests" name="[3] /home/travis/build/icyphy/ptII/ptolemy/domains/continuous/test/auto/CarTracking.xml (RunModel)" time="4.397" />
  <testcase classname="ptolemy.util.test.junit.AutoTests" name="[4] /home/travis/build/icyphy/ptII/ptolemy/domains/continuous/test/auto/CartPendulum.xml (RunModel)" time="0.561" />
  <testcase classname="ptolemy.util.test.junit.AutoTests" name="[5] /home/travis/build/icyphy/ptII/ptolemy/domains/continuous/test/auto/CausalityInterface10.xml (RunModel)" time="0.057" />
  <testcase classname="ptolemy.util.test.junit.AutoTests" name="[6] /home/travis/build/icyphy/ptII/ptolemy/domains/continuous/test/auto/CausalityInterface11.xml (RunModel)" time="0.049" />
  <testcase classname="ptolemy.util.test.junit.AutoTests" name="[7] /home/travis/build/icyphy/ptII/ptolemy/domains/continuous/test/auto/CausalityInterface12.xml (RunModel)" time="0.061" />
  <testcase classname="ptolemy.util.test.junit.AutoTests" name="[8] /home/travis/build/icyphy/ptII/ptolemy/domains/continuous/test/auto/CausalityInterface13.xml (RunModel)" time="0.026" />
  <testcase classname="ptolemy.util.test.junit.AutoTests" name="[9] /home/travis/build/icyphy/ptII/ptolemy/domains/continuous/test/auto/CausalityInterface14.xml (RunModel)" time="0.019" />
  <testcase classname="ptolemy.util.test.junit.AutoTests" name="[10] /home/travis/build/icyphy/ptII/ptolemy/domains/continuous/test/auto/CausalityInterface4.xml (RunModel)" time="0.024" />
  <testcase classname="ptolemy.util.test.junit.AutoTests" name="[11] /home/travis/build/icyphy/ptII/ptolemy/domains/continuous/test/auto/CausalityInterface5.xml (RunModel)" time="0.038" />
  <testcase classname="ptolemy.util.test.junit.AutoTests" name="[12] /home/travis/build/icyphy/ptII/ptolemy/domains/continuous/test/auto/CausalityInterface6.xml (RunModel)" time="0.037" />
  <testcase classname="ptolemy.util.test.junit.AutoTests" name="[13] /home/travis/build/icyphy/ptII/ptolemy/domains/continuous/test/auto/CausalityInterface7.xml (RunModel)" time="0.04" />
  <testcase classname="ptolemy.util.test.junit.AutoTests" name="[14] /home/travis/build/icyphy/ptII/ptolemy/domains/continuous/test/auto/CausalityInterface8.xml (RunModel)" time="0.04" />
  <testcase classname="ptolemy.util.test.junit.AutoTests" name="[15] /home/travis/build/icyphy/ptII/ptolemy/domains/continuous/test/auto/CausalityInterface9.xml (RunModel)" time="0.05" />
  <testcase classname="ptolemy.util.test.junit.AutoTests" name="[16] /home/travis/build/icyphy/ptII/ptolemy/domains/continuous/test/auto/CausalityInterfaceFeedback1.xml (RunModel)" time="0.041" />
  <testcase classname="ptolemy.util.test.junit.AutoTests" name="[17] /home/travis/build/icyphy/ptII/ptolemy/domains/continuous/test/auto/CausalityInterfaceFeedback2.xml (RunModel)" time="0.038" />
  <testcase classname="ptolemy.util.test.junit.AutoTests" name="[18] /home/travis/build/icyphy/ptII/ptolemy/domains/continuous/test/auto/CompareWithCurrentTime.xml (RunModel)" time="0.02" />
  <testcase classname="ptolemy.util.test.junit.AutoTests" name="[19] /home/travis/build/icyphy/ptII/ptolemy/domains/continuous/test/auto/ComparedClocks.xml (RunModel)" time="0.073" />
  <testcase classname="ptolemy.util.test.junit.AutoTests" name="[20] /home/travis/build/icyphy/ptII/ptolemy/domains/continuous/test/auto/ContinuousAOCClone.xml (RunModel)" time="2.781" />
  <testcase classname="ptolemy.util.test.junit.AutoTests" name="[21] /home/travis/build/icyphy/ptII/ptolemy/domains/continuous/test/auto/ContinuousClock.xml (RunModel)" time="0.12" />
  <testcase classname="ptolemy.util.test.junit.AutoTests" name="[22] /home/travis/build/icyphy/ptII/ptolemy/domains/continuous/test/auto/ContinuousInContinuous.xml (RunModel)" time="0.085" />
  <testcase classname="ptolemy.util.test.junit.AutoTests" name="[23] /home/travis/build/icyphy/ptII/ptolemy/domains/continuous/test/auto/ContinuousInContinuousInContinuous.xml (RunModel)" time="0.029" />
  <testcase classname="ptolemy.util.test.junit.AutoTests" name="[24] /home/travis/build/icyphy/ptII/ptolemy/domains/continuous/test/auto/ContinuousInDE.xml (RunModel)" time="0.104" />
  <testcase classname="ptolemy.util.test.junit.AutoTests" name="[25] /home/travis/build/icyphy/ptII/ptolemy/domains/continuous/test/auto/ContinuousInDE2.xml (RunModel)" time="0.052" />
  <testcase classname="ptolemy.util.test.junit.AutoTests" name="[26] /home/travis/build/icyphy/ptII/ptolemy/domains/continuous/test/auto/ContinuousInDE3.xml (RunModel)" time="0.052" />
  <testcase classname="ptolemy.util.test.junit.AutoTests" name="[27] /home/travis/build/icyphy/ptII/ptolemy/domains/continuous/test/auto/ContinuousInDE4.xml (RunModel)" time="0.029" />
  <testcase classname="ptolemy.util.test.junit.AutoTests" name="[28] /home/travis/build/icyphy/ptII/ptolemy/domains/continuous/test/auto/ContinuousInDEDifferentRefinements.xml (RunModel)" time="0.087" />
  <testcase classname="ptolemy.util.test.junit.AutoTests" name="[29] /home/travis/build/icyphy/ptII/ptolemy/domains/continuous/test/auto/ContinuousInDEDifferentRefinementsPreemptive.xml (RunModel)" time="0.073" />
  <testcase classname="ptolemy.util.test.junit.AutoTests" name="[30] /home/travis/build/icyphy/ptII/ptolemy/domains/continuous/test/auto/ContinuousInDEInContinuous2.xml (RunModel)" time="0.048" />
  <testcase classname="ptolemy.util.test.junit.AutoTests" name="[31] /home/travis/build/icyphy/ptII/ptolemy/domains/continuous/test/auto/ContinuousInDEInContinuous3.xml (RunModel)" time="0.056" />
  <testcase classname="ptolemy.util.test.junit.AutoTests" name="[32] /home/travis/build/icyphy/ptII/ptolemy/domains/continuous/test/auto/ContinuousInDEInput.xml (RunModel)" time="0.034" />
  <testcase classname="ptolemy.util.test.junit.AutoTests" name="[33] /home/travis/build/icyphy/ptII/ptolemy/domains/continuous/test/auto/ContinuousInDEInput2.xml (RunModel)" time="0.03" />
  <testcase classname="ptolemy.util.test.junit.AutoTests" name="[34] /home/travis/build/icyphy/ptII/ptolemy/domains/continuous/test/auto/ContinuousInDEInput3.xml (RunModel)" time="0.032" />
  <testcase classname="ptolemy.util.test.junit.AutoTests" name="[35] /home/travis/build/icyphy/ptII/ptolemy/domains/continuous/test/auto/ContinuousInDESharingRefinement.xml (RunModel)" time="0.188" />
  <testcase classname="ptolemy.util.test.junit.AutoTests" name="[36] /home/travis/build/icyphy/ptII/ptolemy/domains/continuous/test/auto/ContinuousInDEwithNoPorts.xml (RunModel)" time="0.022" />
  <testcase classname="ptolemy.util.test.junit.AutoTests" name="[37] /home/travis/build/icyphy/ptII/ptolemy/domains/continuous/test/auto/ContinuousInsideDE.xml (RunModel)" time="0.084" />
  <testcase classname="ptolemy.util.test.junit.AutoTests" name="[38] /home/travis/build/icyphy/ptII/ptolemy/domains/continuous/test/auto/ContinuousMerge1.xml (RunModel)" time="0.019" />
  <testcase classname="ptolemy.util.test.junit.AutoTests" name="[39] /home/travis/build/icyphy/ptII/ptolemy/domains/continuous/test/auto/ContinuousMerge2.xml (RunModel)" time="0.051" />
  <testcase classname="ptolemy.util.test.junit.AutoTests" name="[40] /home/travis/build/icyphy/ptII/ptolemy/domains/continuous/test/auto/ContinuousMerge3.xml (RunModel)" time="0.086" />
  <testcase classname="ptolemy.util.test.junit.AutoTests" name="[41] /home/travis/build/icyphy/ptII/ptolemy/domains/continuous/test/auto/ContinuousWithinContinuous.xml (RunModel)" time="0.067" />
  <testcase classname="ptolemy.util.test.junit.AutoTests" name="[42] /home/travis/build/icyphy/ptII/ptolemy/domains/continuous/test/auto/ContinuousWithinContinuous2.xml (RunModel)" time="0.093" />
  <testcase classname="ptolemy.util.test.junit.AutoTests" name="[43] /home/travis/build/icyphy/ptII/ptolemy/domains/continuous/test/auto/ContinuousWithinContinuous3.xml (RunModel)" time="0.034" />
  <testcase classname="ptolemy.util.test.junit.AutoTests" name="[44] /home/travis/build/icyphy/ptII/ptolemy/domains/continuous/test/auto/ContinuousWithinContinuous4.xml (RunModel)" time="0.092" />
  <testcase classname="ptolemy.util.test.junit.AutoTests" name="[45] /home/travis/build/icyphy/ptII/ptolemy/domains/continuous/test/auto/ContinuousWithinContinuous5.xml (RunModel)" time="0.033" />
  <testcase classname="ptolemy.util.test.junit.AutoTests" name="[46] /home/travis/build/icyphy/ptII/ptolemy/domains/continuous/test/auto/ContinuousWithinContinuous6.xml (RunModel)" time="0.039" />
  <testcase classname="ptolemy.util.test.junit.AutoTests" name="[47] /home/travis/build/icyphy/ptII/ptolemy/domains/continuous/test/auto/ContinuousWithinContinuous7.xml (RunModel)" time="0.082" />
  <testcase classname="ptolemy.util.test.junit.AutoTests" name="[48] /home/travis/build/icyphy/ptII/ptolemy/domains/continuous/test/auto/DCMotor.xml (RunModel)" time="16.681" />
  <testcase classname="ptolemy.util.test.junit.AutoTests" name="[49] /home/travis/build/icyphy/ptII/ptolemy/domains/continuous/test/auto/DEInContinuous.xml (RunModel)" time="0.028" />
  <testcase classname="ptolemy.util.test.junit.AutoTests" name="[50] /home/travis/build/icyphy/ptII/ptolemy/domains/continuous/test/auto/DEinContinuous2.xml (RunModel)" time="0.035" />
  <testcase classname="ptolemy.util.test.junit.AutoTests" name="[51] /home/travis/build/icyphy/ptII/ptolemy/domains/continuous/test/auto/Derivative.xml (RunModel)" time="0.213" />
  <testcase classname="ptolemy.util.test.junit.AutoTests" name="[52] /home/travis/build/icyphy/ptII/ptolemy/domains/continuous/test/auto/Derivative1.xml (RunModel)" time="0.044" />
  <testcase classname="ptolemy.util.test.junit.AutoTests" name="[53] /home/travis/build/icyphy/ptII/ptolemy/domains/continuous/test/auto/DiscreteClock.xml (RunModel)" time="0.015" />
  <testcase classname="ptolemy.util.test.junit.AutoTests" name="[54] /home/travis/build/icyphy/ptII/ptolemy/domains/continuous/test/auto/EfficiencyCurve.xml (RunModel)" time="0.106" />
  <testcase classname="ptolemy.util.test.junit.AutoTests" name="[55] /home/travis/build/icyphy/ptII/ptolemy/domains/continuous/test/auto/ExponentialResponse.xml (RunModel)" time="0.122" />
  <testcase classname="ptolemy.util.test.junit.AutoTests" name="[56] /home/travis/build/icyphy/ptII/ptolemy/domains/continuous/test/auto/ExponentialResponseRK45.xml (RunModel)" time="0.037" />
  <testcase classname="ptolemy.util.test.junit.AutoTests" name="[57] /home/travis/build/icyphy/ptII/ptolemy/domains/continuous/test/auto/Friction.xml (RunModel)" time="1.744" />
  <testcase classname="ptolemy.util.test.junit.AutoTests" name="[58] /home/travis/build/icyphy/ptII/ptolemy/domains/continuous/test/auto/FurutaPendulum.xml (RunModel)" time="3.89" />
  <testcase classname="ptolemy.util.test.junit.AutoTests" name="[59] /home/travis/build/icyphy/ptII/ptolemy/domains/continuous/test/auto/HierarchicalExecution.xml (RunModel)" time="3.035" />
  <testcase classname="ptolemy.util.test.junit.AutoTests" name="[60] /home/travis/build/icyphy/ptII/ptolemy/domains/continuous/test/auto/HybridPlant.xml (RunModel)" time="0.601" />
  <testcase classname="ptolemy.util.test.junit.AutoTests" name="[61] /home/travis/build/icyphy/ptII/ptolemy/domains/continuous/test/auto/Hysteresis.xml (RunModel)" time="0.211" />
  <testcase classname="ptolemy.util.test.junit.AutoTests" name="[62] /home/travis/build/icyphy/ptII/ptolemy/domains/continuous/test/auto/HysteresisWithRandomDelay.xml (RunModel)" time="0.236" />
  <testcase classname="ptolemy.util.test.junit.AutoTests" name="[63] /home/travis/build/icyphy/ptII/ptolemy/domains/continuous/test/auto/HysteresisWithRandomLosses.xml (RunModel)" time="2.783" />
  <testcase classname="ptolemy.util.test.junit.AutoTests" name="[64] /home/travis/build/icyphy/ptII/ptolemy/domains/continuous/test/auto/ImmediateTransitions.xml (RunModel)" time="0.035" />
  <testcase classname="ptolemy.util.test.junit.AutoTests" name="[65] /home/travis/build/icyphy/ptII/ptolemy/domains/continuous/test/auto/ImpulseFeedback.xml (RunModel)" time="0.021" />
  <testcase classname="ptolemy.util.test.junit.AutoTests" name="[66] /home/travis/build/icyphy/ptII/ptolemy/domains/continuous/test/auto/ImpulseFeedback2.xml (RunModel)" time="0.019" />
  <testcase classname="ptolemy.util.test.junit.AutoTests" name="[67] /home/travis/build/icyphy/ptII/ptolemy/domains/continuous/test/auto/IncreasingRatePoisson.xml (RunModel)" time="0.844" />
  <testcase classname="ptolemy.util.test.junit.AutoTests" name="[68] /home/travis/build/icyphy/ptII/ptolemy/domains/continuous/test/auto/InitialStateFeedback.xml (RunModel)" time="0.018" />
  <testcase classname="ptolemy.util.test.junit.AutoTests" name="[69] /home/travis/build/icyphy/ptII/ptolemy/domains/continuous/test/auto/Integration.xml (RunModel)" time="0.008" />
  <testcase classname="ptolemy.util.test.junit.AutoTests" name="[70] /home/travis/build/icyphy/ptII/ptolemy/domains/continuous/test/auto/Integration2.xml (RunModel)" time="0.1" />
  <testcase classname="ptolemy.util.test.junit.AutoTests" name="[71] /home/travis/build/icyphy/ptII/ptolemy/domains/continuous/test/auto/Integration3.xml (RunModel)" time="0.015" />
  <testcase classname="ptolemy.util.test.junit.AutoTests" name="[72] /home/travis/build/icyphy/ptII/ptolemy/domains/continuous/test/auto/Integration5.xml (RunModel)" time="0.01" />
  <testcase classname="ptolemy.util.test.junit.AutoTests" name="[73] /home/travis/build/icyphy/ptII/ptolemy/domains/continuous/test/auto/IntegratorImpulse.xml (RunModel)" time="0.009" />
  <testcase classname="ptolemy.util.test.junit.AutoTests" name="[74] /home/travis/build/icyphy/ptII/ptolemy/domains/continuous/test/auto/IntegratorImpulse2.xml (RunModel)" time="0.028" />
  <testcase classname="ptolemy.util.test.junit.AutoTests" name="[75] /home/travis/build/icyphy/ptII/ptolemy/domains/continuous/test/auto/LevelCrossing1.xml (RunModel)" time="0.017" />
  <testcase classname="ptolemy.util.test.junit.AutoTests" name="[76] /home/travis/build/icyphy/ptII/ptolemy/domains/continuous/test/auto/LevelCrossing2.xml (RunModel)" time="0.014" />
  <testcase classname="ptolemy.util.test.junit.AutoTests" name="[77] /home/travis/build/icyphy/ptII/ptolemy/domains/continuous/test/auto/LevelCrossing3.xml (RunModel)" time="0.022" />
  <testcase classname="ptolemy.util.test.junit.AutoTests" name="[78] /home/travis/build/icyphy/ptII/ptolemy/domains/continuous/test/auto/LevelCrossing4.xml (RunModel)" time="0.014" />
  <testcase classname="ptolemy.util.test.junit.AutoTests" name="[79] /home/travis/build/icyphy/ptII/ptolemy/domains/continuous/test/auto/LevelCrossing5.xml (RunModel)" time="0.015" />
  <testcase classname="ptolemy.util.test.junit.AutoTests" name="[80] /home/travis/build/icyphy/ptII/ptolemy/domains/continuous/test/auto/LevelCrossing6.xml (RunModel)" time="0.025" />
  <testcase classname="ptolemy.util.test.junit.AutoTests" name="[81] /home/travis/build/icyphy/ptII/ptolemy/domains/continuous/test/auto/LevelCrossingDetector.xml (RunModel)" time="0.055" />
  <testcase classname="ptolemy.util.test.junit.AutoTests" name="[82] /home/travis/build/icyphy/ptII/ptolemy/domains/continuous/test/auto/LevelCrossingDetectorDetectingDirections.xml (RunModel)" time="0.115" />
  <testcase classname="ptolemy.util.test.junit.AutoTests" name="[83] /home/travis/build/icyphy/ptII/ptolemy/domains/continuous/test/auto/LevelCrossingDetectorDetectsGlitches.xml (RunModel)" time="0.067" />
  <testcase classname="ptolemy.util.test.junit.AutoTests" name="[84] /home/travis/build/icyphy/ptII/ptolemy/domains/continuous/test/auto/LevelCrossingNoInitialOuput.xml (RunModel)" time="0.018" />
  <testcase classname="ptolemy.util.test.junit.AutoTests" name="[85] /home/travis/build/icyphy/ptII/ptolemy/domains/continuous/test/auto/LinearStateSpaceExample.xml (RunModel)" time="0.075" />
  <testcase classname="ptolemy.util.test.junit.AutoTests" name="[86] /home/travis/build/icyphy/ptII/ptolemy/domains/continuous/test/auto/Lorenz.xml (RunModel)" time="6.574" />
  <testcase classname="ptolemy.util.test.junit.AutoTests" name="[87] /home/travis/build/icyphy/ptII/ptolemy/domains/continuous/test/auto/LorenzDifferentialSystem.xml (RunModel)" time="1.504" />
  <testcase classname="ptolemy.util.test.junit.AutoTests" name="[88] /home/travis/build/icyphy/ptII/ptolemy/domains/continuous/test/auto/LorenzDifferentialSystemWithInput.xml (RunModel)" time="2.041" />
  <testcase classname="ptolemy.util.test.junit.AutoTests" name="[89] /home/travis/build/icyphy/ptII/ptolemy/domains/continuous/test/auto/LorenzDifferentialSystemWithTime.xml (RunModel)" time="1.073" />
  <testcase classname="ptolemy.util.test.junit.AutoTests" name="[90] /home/travis/build/icyphy/ptII/ptolemy/domains/continuous/test/auto/Microsteps.xml (RunModel)" time="0.021" />
  <testcase classname="ptolemy.util.test.junit.AutoTests" name="[91] /home/travis/build/icyphy/ptII/ptolemy/domains/continuous/test/auto/Modal1.xml (RunModel)" time="0.04" />
  <testcase classname="ptolemy.util.test.junit.AutoTests" name="[92] /home/travis/build/icyphy/ptII/ptolemy/domains/continuous/test/auto/Modal2.xml (RunModel)" time="0.063" />
  <testcase classname="ptolemy.util.test.junit.AutoTests" name="[93] /home/travis/build/icyphy/ptII/ptolemy/domains/continuous/test/auto/ModalTransitionGuardWithReset.xml (RunModel)" time="0.031" />
  <testcase classname="ptolemy.util.test.junit.AutoTests" name="[94] /home/travis/build/icyphy/ptII/ptolemy/domains/continuous/test/auto/ModalTransitionGuardWithResetUsingPreemptiveTransition.xml (RunModel)" time="0.034" />
  <testcase classname="ptolemy.util.test.junit.AutoTests" name="[95] /home/travis/build/icyphy/ptII/ptolemy/domains/continuous/test/auto/ModalTransitionGuardWithResetUsingPreemptiveTransition2.xml (RunModel)" time="0.029" />
  <testcase classname="ptolemy.util.test.junit.AutoTests" name="[96] /home/travis/build/icyphy/ptII/ptolemy/domains/continuous/test/auto/ModalTransitionGuardWithResetUsingPreemptiveTransition3.xml (RunModel)" time="0.023" />
  <testcase classname="ptolemy.util.test.junit.AutoTests" name="[97] /home/travis/build/icyphy/ptII/ptolemy/domains/continuous/test/auto/NewtonsCradle.xml (RunModel)" time="0.909" />
  <testcase classname="ptolemy.util.test.junit.AutoTests" name="[98] /home/travis/build/icyphy/ptII/ptolemy/domains/continuous/test/auto/NewtonsCradleAnimated.xml (RunModel)" time="1.46" />
  <testcase classname="ptolemy.util.test.junit.AutoTests" name="[99] /home/travis/build/icyphy/ptII/ptolemy/domains/continuous/test/auto/NewtonsCradleComplicated.xml (RunModel)" time="1.073" />
  <testcase classname="ptolemy.util.test.junit.AutoTests" name="[100] /home/travis/build/icyphy/ptII/ptolemy/domains/continuous/test/auto/NewtonsCradleNondeterministic.xml (RunModel)" time="0.801" />
  <testcase classname="ptolemy.util.test.junit.AutoTests" name="[101] /home/travis/build/icyphy/ptII/ptolemy/domains/continuous/test/auto/NewtonsCradlePerfectlyInelastic1.xml (RunModel)" time="1.363" />
  <testcase classname="ptolemy.util.test.junit.AutoTests" name="[102] /home/travis/build/icyphy/ptII/ptolemy/domains/continuous/test/auto/Noise.xml (RunModel)" time="0.212" />
  <testcase classname="ptolemy.util.test.junit.AutoTests" name="[103] /home/travis/build/icyphy/ptII/ptolemy/domains/continuous/test/auto/NoiseSpectrum.xml (RunModel)" time="0.892" />
  <testcase classname="ptolemy.util.test.junit.AutoTests" name="[104] /home/travis/build/icyphy/ptII/ptolemy/domains/continuous/test/auto/ParameterizedNewtonsCradleAnimated.xml (RunModel)" time="0.391" />
  <testcase classname="ptolemy.util.test.junit.AutoTests" name="[105] /home/travis/build/icyphy/ptII/ptolemy/domains/continuous/test/auto/ParameterizedNewtonsCradleAnimatedNondeterministic.xml (RunModel)" time="1.287" />
  <testcase classname="ptolemy.util.test.junit.AutoTests" name="[106] /home/travis/build/icyphy/ptII/ptolemy/domains/continuous/test/auto/Pendulum3D.xml (RunModel)" time="0.186" />
  <testcase classname="ptolemy.util.test.junit.AutoTests" name="[107] /home/travis/build/icyphy/ptII/ptolemy/domains/continuous/test/auto/PeriodicSampler.xml (RunModel)" time="0.014" />
  <testcase classname="ptolemy.util.test.junit.AutoTests" name="[108] /home/travis/build/icyphy/ptII/ptolemy/domains/continuous/test/auto/PeriodicSampler1.xml (RunModel)" time="0.046" />
  <testcase classname="ptolemy.util.test.junit.AutoTests" name="[109] /home/travis/build/icyphy/ptII/ptolemy/domains/continuous/test/auto/PeriodicSampler2.xml (RunModel)" time="0.088" />
  <testcase classname="ptolemy.util.test.junit.AutoTests" name="[110] /home/travis/build/icyphy/ptII/ptolemy/domains/continuous/test/auto/Poisson.xml (RunModel)" time="0.534" />
  <testcase classname="ptolemy.util.test.junit.AutoTests" name="[111] /home/travis/build/icyphy/ptII/ptolemy/domains/continuous/test/auto/PoissonClock.xml (RunModel)" time="0.015" />
  <testcase classname="ptolemy.util.test.junit.AutoTests" name="[112] /home/travis/build/icyphy/ptII/ptolemy/domains/continuous/test/auto/PoissonClock2.xml (RunModel)" time="0.016" />
  <testcase classname="ptolemy.util.test.junit.AutoTests" name="[113] /home/travis/build/icyphy/ptII/ptolemy/domains/continuous/test/auto/PortParameterHierarchy.xml (RunModel)" time="0.023" />
  <testcase classname="ptolemy.util.test.junit.AutoTests" name="[114] /home/travis/build/icyphy/ptII/ptolemy/domains/continuous/test/auto/RandomHybridPlant.xml (RunModel)" time="0.588" />
  <testcase classname="ptolemy.util.test.junit.AutoTests" name="[115] /home/travis/build/icyphy/ptII/ptolemy/domains/continuous/test/auto/ResetTransitionWithStartTime1.xml (RunModel)" time="0.032" />
  <testcase classname="ptolemy.util.test.junit.AutoTests" name="[116] /home/travis/build/icyphy/ptII/ptolemy/domains/continuous/test/auto/ResetTransitionWithStartTime2.xml (RunModel)" time="0.041" />
  <testcase classname="ptolemy.util.test.junit.AutoTests" name="[117] /home/travis/build/icyphy/ptII/ptolemy/domains/continuous/test/auto/ResetTransitionWithStartTime3.xml (RunModel)" time="0.034" />
  <testcase classname="ptolemy.util.test.junit.AutoTests" name="[118] /home/travis/build/icyphy/ptII/ptolemy/domains/continuous/test/auto/ResetTransitionWithStartTime4.xml (RunModel)" time="0.024" />
  <testcase classname="ptolemy.util.test.junit.AutoTests" name="[119] /home/travis/build/icyphy/ptII/ptolemy/domains/continuous/test/auto/ResetTransitionWithStartTime5.xml (RunModel)" time="0.035" />
  <testcase classname="ptolemy.util.test.junit.AutoTests" name="[120] /home/travis/build/icyphy/ptII/ptolemy/domains/continuous/test/auto/ResetTransitionWithStartTime6.xml (RunModel)" time="0.025" />
  <testcase classname="ptolemy.util.test.junit.AutoTests" name="[121] /home/travis/build/icyphy/ptII/ptolemy/domains/continuous/test/auto/SRinContinuous.xml (RunModel)" time="0.023" />
  <testcase classname="ptolemy.util.test.junit.AutoTests" name="[122] /home/travis/build/icyphy/ptII/ptolemy/domains/continuous/test/auto/SampledClocks.xml (RunModel)" time="0.033" />
  <testcase classname="ptolemy.util.test.junit.AutoTests" name="[123] /home/travis/build/icyphy/ptII/ptolemy/domains/continuous/test/auto/Satellite.xml (RunModel)" time="1.071" />
  <testcase classname="ptolemy.util.test.junit.AutoTests" name="[124] /home/travis/build/icyphy/ptII/ptolemy/domains/continuous/test/auto/SigmaDelta.xml (RunModel)" time="3.064" />
  <testcase classname="ptolemy.util.test.junit.AutoTests" name="[125] /home/travis/build/icyphy/ptII/ptolemy/domains/continuous/test/auto/SingleRefinement.xml (RunModel)" time="0.438" />
  <testcase classname="ptolemy.util.test.junit.AutoTests" name="[126] /home/travis/build/icyphy/ptII/ptolemy/domains/continuous/test/auto/SinuBouncingBall.xml (RunModel)" time="0.965" />
  <testcase classname="ptolemy.util.test.junit.AutoTests" name="[127] /home/travis/build/icyphy/ptII/ptolemy/domains/continuous/test/auto/Sinusoid.xml (RunModel)" time="0.022" />
  <testcase classname="ptolemy.util.test.junit.AutoTests" name="[128] /home/travis/build/icyphy/ptII/ptolemy/domains/continuous/test/auto/SinusoidInNoise.xml (RunModel)" time="1.234" />
  <testcase classname="ptolemy.util.test.junit.AutoTests" name="[129] /home/travis/build/icyphy/ptII/ptolemy/domains/continuous/test/auto/SinusoidRK45.xml (RunModel)" time="0.009" />
  <testcase classname="ptolemy.util.test.junit.AutoTests" name="[130] /home/travis/build/icyphy/ptII/ptolemy/domains/continuous/test/auto/SinusoidWithMultipleImpulses.xml (RunModel)" time="0.011" />
  <testcase classname="ptolemy.util.test.junit.AutoTests" name="[131] /home/travis/build/icyphy/ptII/ptolemy/domains/continuous/test/auto/SquareWave.xml (RunModel)" time="0.216" />
  <testcase classname="ptolemy.util.test.junit.AutoTests" name="[132] /home/travis/build/icyphy/ptII/ptolemy/domains/continuous/test/auto/Starmac.xml (RunModel)" time="3.349" />
  <testcase classname="ptolemy.util.test.junit.AutoTests" name="[133] /home/travis/build/icyphy/ptII/ptolemy/domains/continuous/test/auto/StaticUnits.xml (RunModel)" time="3.892" />
  <testcase classname="ptolemy.util.test.junit.AutoTests" name="[134] /home/travis/build/icyphy/ptII/ptolemy/domains/continuous/test/auto/StickyMasses.xml (RunModel)" time="0.231" />
  <testcase classname="ptolemy.util.test.junit.AutoTests" name="[135] /home/travis/build/icyphy/ptII/ptolemy/domains/continuous/test/auto/StopTime.xml (RunModel)" time="0.106" />
  <testcase classname="ptolemy.util.test.junit.AutoTests" name="[136] /home/travis/build/icyphy/ptII/ptolemy/domains/continuous/test/auto/StopTime2.xml (RunModel)" time="0.07" />
  <testcase classname="ptolemy.util.test.junit.AutoTests" name="[137] /home/travis/build/icyphy/ptII/ptolemy/domains/continuous/test/auto/Switch.xml (RunModel)" time="0.075" />
  <testcase classname="ptolemy.util.test.junit.AutoTests" name="[138] /home/travis/build/icyphy/ptII/ptolemy/domains/continuous/test/auto/Thermostat.xml (RunModel)" time="0.262" />
  <testcase classname="ptolemy.util.test.junit.AutoTests" name="[139] /home/travis/build/icyphy/ptII/ptolemy/domains/continuous/test/auto/TimeDelay.xml (RunModel)" time="0.016" />
  <testcase classname="ptolemy.util.test.junit.AutoTests" name="[140] /home/travis/build/icyphy/ptII/ptolemy/domains/continuous/test/auto/TimeDelay2.xml (RunModel)" time="0.03" />
  <testcase classname="ptolemy.util.test.junit.AutoTests" name="[141] /home/travis/build/icyphy/ptII/ptolemy/domains/continuous/test/auto/TimeDelay3.xml (RunModel)" time="0.014" />
  <testcase classname="ptolemy.util.test.junit.AutoTests" name="[142] /home/travis/build/icyphy/ptII/ptolemy/domains/continuous/test/auto/TransferAbsentToInside.xml (RunModel)" time="0.116" />
  <testcase classname="ptolemy.util.test.junit.AutoTests" name="[143] /home/travis/build/icyphy/ptII/ptolemy/domains/continuous/test/auto/Transmission.xml (RunModel)" time="1.029" />
  <testcase classname="ptolemy.util.test.junit.AutoTests" name="[144] /home/travis/build/icyphy/ptII/ptolemy/domains/continuous/test/auto/TriggeredContinuousClock.xml (RunModel)" time="0.079" />
  <testcase classname="ptolemy.util.test.junit.AutoTests" name="[145] /home/travis/build/icyphy/ptII/ptolemy/domains/continuous/test/auto/TwoMachineInfiniteBusControl.xml (RunModel)" time="3.777" />
  <testcase classname="ptolemy.util.test.junit.AutoTests" name="[146] /home/travis/build/icyphy/ptII/ptolemy/domains/continuous/test/auto/V2V.xml (RunModel)" time="0.978" />
  <testcase classname="ptolemy.util.test.junit.AutoTests" name="[147] /home/travis/build/icyphy/ptII/ptolemy/domains/continuous/test/auto/hierarchicalModalModel.xml (RunModel)" time="0.036" />
  <testcase classname="ptolemy.util.test.junit.AutoTests" name="[148] /home/travis/build/icyphy/ptII/ptolemy/domains/continuous/test/auto/hierarchicalModalModel1.xml (RunModel)" time="0.038" />
  <testcase classname="ptolemy.util.test.junit.AutoTests" name="[149] /home/travis/build/icyphy/ptII/ptolemy/domains/continuous/test/auto/hierarchicalModalModel2.xml (RunModel)" time="0.048" />
  <testcase classname="ptolemy.util.test.junit.AutoTests" name="[150] /home/travis/build/icyphy/ptII/ptolemy/domains/continuous/test/auto/hierarchicalModalModel3.xml (RunModel)" time="0.035" />
  <testcase classname="ptolemy.util.test.junit.AutoTests" name="[151] /home/travis/build/icyphy/ptII/ptolemy/domains/continuous/test/auto/hierarchicalModalModel4.xml (RunModel)" time="0.028" />
  <testcase classname="ptolemy.util.test.junit.AutoTests" name="[152] /home/travis/build/icyphy/ptII/ptolemy/domains/continuous/test/auto/junk.xml (RunModel)" time="0.193" />
  <system-out><![CDATA[No tcl tests in /home/travis/build/icyphy/ptII/ptolemy/domains/continuous/test
No auto/knownFailedTests/*.xml tests in /home/travis/build/icyphy/ptII/ptolemy/domains/continuous/test
No auto/linux-amd64/*.xml tests in /home/travis/build/icyphy/ptII/ptolemy/domains/continuous/test
AutoTests.java: About to close Vertx.
AutoTests.java: Vertx closed.

===========================================================================================
----------------- testing Tue Dec 03 06:17:47 UTC 2019 /home/travis/build/icyphy/ptII/ptolemy/domains/continuous/test/auto/BouncingBall.xml
----------------- Instantiating /home/travis/build/icyphy/ptII/ptolemy/domains/continuous/test/auto/BouncingBall.xml
2491 ms. Memory: 146432K Free: 87901K (60%)
----------------- Invoking toplevel() on ptolemy.moml.MoMLSimpleApplication@1c41eff7
----------------- Done invoking toplevel() on ptolemy.moml.MoMLSimpleApplication@1c41eff7
reloadAllAccessors: .BouncingBall

===========================================================================================
----------------- testing Tue Dec 03 06:17:50 UTC 2019 /home/travis/build/icyphy/ptII/ptolemy/domains/continuous/test/auto/BouncingBallWithoutGR.xml
----------------- Instantiating /home/travis/build/icyphy/ptII/ptolemy/domains/continuous/test/auto/BouncingBallWithoutGR.xml
802 ms. Memory: 176128K Free: 126280K (72%)
----------------- Invoking toplevel() on ptolemy.moml.MoMLSimpleApplication@3f709b43
----------------- Done invoking toplevel() on ptolemy.moml.MoMLSimpleApplication@3f709b43
reloadAllAccessors: .BouncingBallWithoutGR

===========================================================================================
----------------- testing Tue Dec 03 06:17:51 UTC 2019 /home/travis/build/icyphy/ptII/ptolemy/domains/continuous/test/auto/Brownian.xml
----------------- Instantiating /home/travis/build/icyphy/ptII/ptolemy/domains/continuous/test/auto/Brownian.xml
19 ms. Memory: 176128K Free: 117064K (66%)
----------------- Invoking toplevel() on ptolemy.moml.MoMLSimpleApplication@7b51db95
----------------- Done invoking toplevel() on ptolemy.moml.MoMLSimpleApplication@7b51db95
reloadAllAccessors: .Brownian

===========================================================================================
----------------- testing Tue Dec 03 06:17:51 UTC 2019 /home/travis/build/icyphy/ptII/ptolemy/domains/continuous/test/auto/CarTracking.xml
----------------- Instantiating /home/travis/build/icyphy/ptII/ptolemy/domains/continuous/test/auto/CarTracking.xml
3855 ms. Memory: 211968K Free: 103371K (49%)
----------------- Invoking toplevel() on ptolemy.moml.MoMLSimpleApplication@860fed8
----------------- Done invoking toplevel() on ptolemy.moml.MoMLSimpleApplication@860fed8
reloadAllAccessors: .CarTracking

===========================================================================================
----------------- testing Tue Dec 03 06:17:56 UTC 2019 /home/travis/build/icyphy/ptII/ptolemy/domains/continuous/test/auto/CartPendulum.xml
----------------- Instantiating /home/travis/build/icyphy/ptII/ptolemy/domains/continuous/test/auto/CartPendulum.xml
404 ms. Memory: 254976K Free: 177722K (70%)
----------------- Invoking toplevel() on ptolemy.moml.MoMLSimpleApplication@1f97f98e
----------------- Done invoking toplevel() on ptolemy.moml.MoMLSimpleApplication@1f97f98e
reloadAllAccessors: .CartPendulum

===========================================================================================
----------------- testing Tue Dec 03 06:17:56 UTC 2019 /home/travis/build/icyphy/ptII/ptolemy/domains/continuous/test/auto/CausalityInterface10.xml
----------------- Instantiating /home/travis/build/icyphy/ptII/ptolemy/domains/continuous/test/auto/CausalityInterface10.xml
13 ms. Memory: 254976K Free: 167200K (66%)
----------------- Invoking toplevel() on ptolemy.moml.MoMLSimpleApplication@5ba5e193
----------------- Done invoking toplevel() on ptolemy.moml.MoMLSimpleApplication@5ba5e193
reloadAllAccessors: .CausalityInterface10

===========================================================================================
----------------- testing Tue Dec 03 06:17:56 UTC 2019 /home/travis/build/icyphy/ptII/ptolemy/domains/continuous/test/auto/CausalityInterface11.xml
----------------- Instantiating /home/travis/build/icyphy/ptII/ptolemy/domains/continuous/test/auto/CausalityInterface11.xml
8 ms. Memory: 254976K Free: 161056K (63%)
----------------- Invoking toplevel() on ptolemy.moml.MoMLSimpleApplication@7937bfdb
----------------- Done invoking toplevel() on ptolemy.moml.MoMLSimpleApplication@7937bfdb
reloadAllAccessors: .CausalityInterface11

===========================================================================================
----------------- testing Tue Dec 03 06:17:56 UTC 2019 /home/travis/build/icyphy/ptII/ptolemy/domains/continuous/test/auto/CausalityInterface12.xml
----------------- Instantiating /home/travis/build/icyphy/ptII/ptolemy/domains/continuous/test/auto/CausalityInterface12.xml
10 ms. Memory: 254976K Free: 154912K (61%)
----------------- Invoking toplevel() on ptolemy.moml.MoMLSimpleApplication@3a476c41
----------------- Done invoking toplevel() on ptolemy.moml.MoMLSimpleApplication@3a476c41
reloadAllAccessors: .CausalityInterface12

===========================================================================================
----------------- testing Tue Dec 03 06:17:56 UTC 2019 /home/travis/build/icyphy/ptII/ptolemy/domains/continuous/test/auto/CausalityInterface13.xml
----------------- Instantiating /home/travis/build/icyphy/ptII/ptolemy/domains/continuous/test/auto/CausalityInterface13.xml
4 ms. Memory: 254976K Free: 148768K (58%)
----------------- Invoking toplevel() on ptolemy.moml.MoMLSimpleApplication@71b279bb
----------------- Done invoking toplevel() on ptolemy.moml.MoMLSimpleApplication@71b279bb
reloadAllAccessors: .CausalityInterface13

===========================================================================================
----------------- testing Tue Dec 03 06:17:56 UTC 2019 /home/travis/build/icyphy/ptII/ptolemy/domains/continuous/test/auto/CausalityInterface14.xml
----------------- Instantiating /home/travis/build/icyphy/ptII/ptolemy/domains/continuous/test/auto/CausalityInterface14.xml
3 ms. Memory: 254976K Free: 143104K (56%)
----------------- Invoking toplevel() on ptolemy.moml.MoMLSimpleApplication@37286eaa
----------------- Done invoking toplevel() on ptolemy.moml.MoMLSimpleApplication@37286eaa
reloadAllAccessors: .CausalityInterface14

===========================================================================================
----------------- testing Tue Dec 03 06:17:56 UTC 2019 /home/travis/build/icyphy/ptII/ptolemy/domains/continuous/test/auto/CausalityInterface4.xml
----------------- Instantiating /home/travis/build/icyphy/ptII/ptolemy/domains/continuous/test/auto/CausalityInterface4.xml
3 ms. Memory: 254976K Free: 135952K (53%)
----------------- Invoking toplevel() on ptolemy.moml.MoMLSimpleApplication@fbe6565
----------------- Done invoking toplevel() on ptolemy.moml.MoMLSimpleApplication@fbe6565
reloadAllAccessors: .CausalityInterface4

===========================================================================================
----------------- testing Tue Dec 03 06:17:56 UTC 2019 /home/travis/build/icyphy/ptII/ptolemy/domains/continuous/test/auto/CausalityInterface5.xml
----------------- Instantiating /home/travis/build/icyphy/ptII/ptolemy/domains/continuous/test/auto/CausalityInterface5.xml
7 ms. Memory: 254976K Free: 127774K (50%)
----------------- Invoking toplevel() on ptolemy.moml.MoMLSimpleApplication@7faad6fe
----------------- Done invoking toplevel() on ptolemy.moml.MoMLSimpleApplication@7faad6fe
reloadAllAccessors: .CausalityInterface5

===========================================================================================
----------------- testing Tue Dec 03 06:17:57 UTC 2019 /home/travis/build/icyphy/ptII/ptolemy/domains/continuous/test/auto/CausalityInterface6.xml
----------------- Instantiating /home/travis/build/icyphy/ptII/ptolemy/domains/continuous/test/auto/CausalityInterface6.xml
5 ms. Memory: 254976K Free: 122640K (48%)
----------------- Invoking toplevel() on ptolemy.moml.MoMLSimpleApplication@72d77614
----------------- Done invoking toplevel() on ptolemy.moml.MoMLSimpleApplication@72d77614
reloadAllAccessors: .CausalityInterface6

===========================================================================================
----------------- testing Tue Dec 03 06:17:57 UTC 2019 /home/travis/build/icyphy/ptII/ptolemy/domains/continuous/test/auto/CausalityInterface7.xml
----------------- Instantiating /home/travis/build/icyphy/ptII/ptolemy/domains/continuous/test/auto/CausalityInterface7.xml
11 ms. Memory: 254976K Free: 113952K (45%)
----------------- Invoking toplevel() on ptolemy.moml.MoMLSimpleApplication@64139499
----------------- Done invoking toplevel() on ptolemy.moml.MoMLSimpleApplication@64139499
reloadAllAccessors: .CausalityInterface7

===========================================================================================
----------------- testing Tue Dec 03 06:17:57 UTC 2019 /home/travis/build/icyphy/ptII/ptolemy/domains/continuous/test/auto/CausalityInterface8.xml
----------------- Instantiating /home/travis/build/icyphy/ptII/ptolemy/domains/continuous/test/auto/CausalityInterface8.xml
6 ms. Memory: 254976K Free: 104736K (41%)
----------------- Invoking toplevel() on ptolemy.moml.MoMLSimpleApplication@28135eb5
----------------- Done invoking toplevel() on ptolemy.moml.MoMLSimpleApplication@28135eb5
reloadAllAccessors: .CausalityInterface8

===========================================================================================
----------------- testing Tue Dec 03 06:17:57 UTC 2019 /home/travis/build/icyphy/ptII/ptolemy/domains/continuous/test/auto/CausalityInterface9.xml
----------------- Instantiating /home/travis/build/icyphy/ptII/ptolemy/domains/continuous/test/auto/CausalityInterface9.xml
9 ms. Memory: 254976K Free: 93982K (37%)
----------------- Invoking toplevel() on ptolemy.moml.MoMLSimpleApplication@445ff542
----------------- Done invoking toplevel() on ptolemy.moml.MoMLSimpleApplication@445ff542
reloadAllAccessors: .CausalityInterface9

===========================================================================================
----------------- testing Tue Dec 03 06:17:57 UTC 2019 /home/travis/build/icyphy/ptII/ptolemy/domains/continuous/test/auto/CausalityInterfaceFeedback1.xml
----------------- Instantiating /home/travis/build/icyphy/ptII/ptolemy/domains/continuous/test/auto/CausalityInterfaceFeedback1.xml
5 ms. Memory: 254976K Free: 238112K (93%)
----------------- Invoking toplevel() on ptolemy.moml.MoMLSimpleApplication@2a7166f9
----------------- Done invoking toplevel() on ptolemy.moml.MoMLSimpleApplication@2a7166f9
reloadAllAccessors: .CausalityInterfaceFeedback1

===========================================================================================
----------------- testing Tue Dec 03 06:17:57 UTC 2019 /home/travis/build/icyphy/ptII/ptolemy/domains/continuous/test/auto/CausalityInterfaceFeedback2.xml
----------------- Instantiating /home/travis/build/icyphy/ptII/ptolemy/domains/continuous/test/auto/CausalityInterfaceFeedback2.xml
5 ms. Memory: 254976K Free: 231424K (91%)
----------------- Invoking toplevel() on ptolemy.moml.MoMLSimpleApplication@a22e1e0
----------------- Done invoking toplevel() on ptolemy.moml.MoMLSimpleApplication@a22e1e0
reloadAllAccessors: .CausalityInterfaceFeedback2

===========================================================================================
----------------- testing Tue Dec 03 06:17:57 UTC 2019 /home/travis/build/icyphy/ptII/ptolemy/domains/continuous/test/auto/CompareWithCurrentTime.xml
----------------- Instantiating /home/travis/build/icyphy/ptII/ptolemy/domains/continuous/test/auto/CompareWithCurrentTime.xml
3 ms. Memory: 254976K Free: 227358K (89%)
----------------- Invoking toplevel() on ptolemy.moml.MoMLSimpleApplication@2e85242f
----------------- Done invoking toplevel() on ptolemy.moml.MoMLSimpleApplication@2e85242f
reloadAllAccessors: .CompareWithCurrentTime

===========================================================================================
----------------- testing Tue Dec 03 06:17:57 UTC 2019 /home/travis/build/icyphy/ptII/ptolemy/domains/continuous/test/auto/ComparedClocks.xml
----------------- Instantiating /home/travis/build/icyphy/ptII/ptolemy/domains/continuous/test/auto/ComparedClocks.xml
6 ms. Memory: 254976K Free: 211984K (83%)
----------------- Invoking toplevel() on ptolemy.moml.MoMLSimpleApplication@70fe4d8e
----------------- Done invoking toplevel() on ptolemy.moml.MoMLSimpleApplication@70fe4d8e
reloadAllAccessors: .ComparedClocks

===========================================================================================
----------------- testing Tue Dec 03 06:17:57 UTC 2019 /home/travis/build/icyphy/ptII/ptolemy/domains/continuous/test/auto/ContinuousAOCClone.xml
----------------- Instantiating /home/travis/build/icyphy/ptII/ptolemy/domains/continuous/test/auto/ContinuousAOCClone.xml
2565 ms. Memory: 254976K Free: 141150K (55%)
----------------- Invoking toplevel() on ptolemy.moml.MoMLSimpleApplication@58c39b9d
----------------- Done invoking toplevel() on ptolemy.moml.MoMLSimpleApplication@58c39b9d
reloadAllAccessors: .ContinuousAOCClone

===========================================================================================
----------------- testing Tue Dec 03 06:18:00 UTC 2019 /home/travis/build/icyphy/ptII/ptolemy/domains/continuous/test/auto/ContinuousClock.xml
----------------- Instantiating /home/travis/build/icyphy/ptII/ptolemy/domains/continuous/test/auto/ContinuousClock.xml
31 ms. Memory: 254976K Free: 119616K (47%)
----------------- Invoking toplevel() on ptolemy.moml.MoMLSimpleApplication@4702bea9
----------------- Done invoking toplevel() on ptolemy.moml.MoMLSimpleApplication@4702bea9
reloadAllAccessors: .ContinuousClock

===========================================================================================
----------------- testing Tue Dec 03 06:18:00 UTC 2019 /home/travis/build/icyphy/ptII/ptolemy/domains/continuous/test/auto/ContinuousInContinuous.xml
----------------- Instantiating /home/travis/build/icyphy/ptII/ptolemy/domains/continuous/test/auto/ContinuousInContinuous.xml
41 ms. Memory: 254976K Free: 96094K (38%)
----------------- Invoking toplevel() on ptolemy.moml.MoMLSimpleApplication@25f7b3ce
----------------- Done invoking toplevel() on ptolemy.moml.MoMLSimpleApplication@25f7b3ce
reloadAllAccessors: .ContinuousInContinuous

===========================================================================================
----------------- testing Tue Dec 03 06:18:00 UTC 2019 /home/travis/build/icyphy/ptII/ptolemy/domains/continuous/test/auto/ContinuousInContinuousInContinuous.xml
----------------- Instantiating /home/travis/build/icyphy/ptII/ptolemy/domains/continuous/test/auto/ContinuousInContinuousInContinuous.xml
13 ms. Memory: 306176K Free: 290320K (95%)
----------------- Invoking toplevel() on ptolemy.moml.MoMLSimpleApplication@46614062
----------------- Done invoking toplevel() on ptolemy.moml.MoMLSimpleApplication@46614062
reloadAllAccessors: .ContinuousInContinuousInContinuous

===========================================================================================
----------------- testing Tue Dec 03 06:18:00 UTC 2019 /home/travis/build/icyphy/ptII/ptolemy/domains/continuous/test/auto/ContinuousInDE.xml
----------------- Instantiating /home/travis/build/icyphy/ptII/ptolemy/domains/continuous/test/auto/ContinuousInDE.xml
80 ms. Memory: 306176K Free: 279375K (91%)
----------------- Invoking toplevel() on ptolemy.moml.MoMLSimpleApplication@1d701827
----------------- Done invoking toplevel() on ptolemy.moml.MoMLSimpleApplication@1d701827
reloadAllAccessors: .ContinuousInDE

===========================================================================================
----------------- testing Tue Dec 03 06:18:00 UTC 2019 /home/travis/build/icyphy/ptII/ptolemy/domains/continuous/test/auto/ContinuousInDE2.xml
----------------- Instantiating /home/travis/build/icyphy/ptII/ptolemy/domains/continuous/test/auto/ContinuousInDE2.xml
40 ms. Memory: 306176K Free: 269645K (88%)
----------------- Invoking toplevel() on ptolemy.moml.MoMLSimpleApplication@2e9e6b2e
----------------- Done invoking toplevel() on ptolemy.moml.MoMLSimpleApplication@2e9e6b2e
reloadAllAccessors: .ContinuousInDE2

===========================================================================================
----------------- testing Tue Dec 03 06:18:00 UTC 2019 /home/travis/build/icyphy/ptII/ptolemy/domains/continuous/test/auto/ContinuousInDE3.xml
----------------- Instantiating /home/travis/build/icyphy/ptII/ptolemy/domains/continuous/test/auto/ContinuousInDE3.xml
38 ms. Memory: 306176K Free: 259919K (85%)
----------------- Invoking toplevel() on ptolemy.moml.MoMLSimpleApplication@71e4c8f1
----------------- Done invoking toplevel() on ptolemy.moml.MoMLSimpleApplication@71e4c8f1
reloadAllAccessors: .ContinuousInDE3

===========================================================================================
----------------- testing Tue Dec 03 06:18:00 UTC 2019 /home/travis/build/icyphy/ptII/ptolemy/domains/continuous/test/auto/ContinuousInDE4.xml
----------------- Instantiating /home/travis/build/icyphy/ptII/ptolemy/domains/continuous/test/auto/ContinuousInDE4.xml
14 ms. Memory: 306176K Free: 253775K (83%)
----------------- Invoking toplevel() on ptolemy.moml.MoMLSimpleApplication@51e61b7b
----------------- Done invoking toplevel() on ptolemy.moml.MoMLSimpleApplication@51e61b7b
reloadAllAccessors: .ContinuousInDE4

===========================================================================================
----------------- testing Tue Dec 03 06:18:00 UTC 2019 /home/travis/build/icyphy/ptII/ptolemy/domains/continuous/test/auto/ContinuousInDEDifferentRefinements.xml
----------------- Instantiating /home/travis/build/icyphy/ptII/ptolemy/domains/continuous/test/auto/ContinuousInDEDifferentRefinements.xml
45 ms. Memory: 306176K Free: 222527K (73%)
----------------- Invoking toplevel() on ptolemy.moml.MoMLSimpleApplication@39babc13
----------------- Done invoking toplevel() on ptolemy.moml.MoMLSimpleApplication@39babc13
reloadAllAccessors: .ContinuousInDEDifferentRefinements

===========================================================================================
----------------- testing Tue Dec 03 06:18:00 UTC 2019 /home/travis/build/icyphy/ptII/ptolemy/domains/continuous/test/auto/ContinuousInDEDifferentRefinementsPreemptive.xml
----------------- Instantiating /home/travis/build/icyphy/ptII/ptolemy/domains/continuous/test/auto/ContinuousInDEDifferentRefinementsPreemptive.xml
40 ms. Memory: 306176K Free: 191807K (63%)
----------------- Invoking toplevel() on ptolemy.moml.MoMLSimpleApplication@4eb9e445
----------------- Done invoking toplevel() on ptolemy.moml.MoMLSimpleApplication@4eb9e445
reloadAllAccessors: .ContinuousInDEDifferentRefinementsPreemptive

===========================================================================================
----------------- testing Tue Dec 03 06:18:00 UTC 2019 /home/travis/build/icyphy/ptII/ptolemy/domains/continuous/test/auto/ContinuousInDEInContinuous2.xml
----------------- Instantiating /home/travis/build/icyphy/ptII/ptolemy/domains/continuous/test/auto/ContinuousInDEInContinuous2.xml
30 ms. Memory: 306176K Free: 180557K (59%)
----------------- Invoking toplevel() on ptolemy.moml.MoMLSimpleApplication@60ae544b
----------------- Done invoking toplevel() on ptolemy.moml.MoMLSimpleApplication@60ae544b
reloadAllAccessors: .ContinuousInDEInContinuous2

===========================================================================================
----------------- testing Tue Dec 03 06:18:00 UTC 2019 /home/travis/build/icyphy/ptII/ptolemy/domains/continuous/test/auto/ContinuousInDEInContinuous3.xml
----------------- Instantiating /home/travis/build/icyphy/ptII/ptolemy/domains/continuous/test/auto/ContinuousInDEInContinuous3.xml
32 ms. Memory: 306176K Free: 168783K (55%)
----------------- Invoking toplevel() on ptolemy.moml.MoMLSimpleApplication@621bdc0c
----------------- Done invoking toplevel() on ptolemy.moml.MoMLSimpleApplication@621bdc0c
reloadAllAccessors: .ContinuousInDEInContinuous3

===========================================================================================
----------------- testing Tue Dec 03 06:18:00 UTC 2019 /home/travis/build/icyphy/ptII/ptolemy/domains/continuous/test/auto/ContinuousInDEInput.xml
----------------- Instantiating /home/travis/build/icyphy/ptII/ptolemy/domains/continuous/test/auto/ContinuousInDEInput.xml
15 ms. Memory: 306176K Free: 161615K (53%)
----------------- Invoking toplevel() on ptolemy.moml.MoMLSimpleApplication@31ce807a
----------------- Done invoking toplevel() on ptolemy.moml.MoMLSimpleApplication@31ce807a
reloadAllAccessors: .ContinuousInDEInput

===========================================================================================
----------------- testing Tue Dec 03 06:18:00 UTC 2019 /home/travis/build/icyphy/ptII/ptolemy/domains/continuous/test/auto/ContinuousInDEInput2.xml
----------------- Instantiating /home/travis/build/icyphy/ptII/ptolemy/domains/continuous/test/auto/ContinuousInDEInput2.xml
12 ms. Memory: 306176K Free: 154447K (50%)
----------------- Invoking toplevel() on ptolemy.moml.MoMLSimpleApplication@6209b2e2
----------------- Done invoking toplevel() on ptolemy.moml.MoMLSimpleApplication@6209b2e2
reloadAllAccessors: .ContinuousInDEInput2

===========================================================================================
----------------- testing Tue Dec 03 06:18:01 UTC 2019 /home/travis/build/icyphy/ptII/ptolemy/domains/continuous/test/auto/ContinuousInDEInput3.xml
----------------- Instantiating /home/travis/build/icyphy/ptII/ptolemy/domains/continuous/test/auto/ContinuousInDEInput3.xml
14 ms. Memory: 306176K Free: 147279K (48%)
----------------- Invoking toplevel() on ptolemy.moml.MoMLSimpleApplication@6230561c
----------------- Done invoking toplevel() on ptolemy.moml.MoMLSimpleApplication@6230561c
reloadAllAccessors: .ContinuousInDEInput3

===========================================================================================
----------------- testing Tue Dec 03 06:18:01 UTC 2019 /home/travis/build/icyphy/ptII/ptolemy/domains/continuous/test/auto/ContinuousInDESharingRefinement.xml
----------------- Instantiating /home/travis/build/icyphy/ptII/ptolemy/domains/continuous/test/auto/ContinuousInDESharingRefinement.xml
165 ms. Memory: 306176K Free: 234309K (77%)
----------------- Invoking toplevel() on ptolemy.moml.MoMLSimpleApplication@e9c8faf
----------------- Done invoking toplevel() on ptolemy.moml.MoMLSimpleApplication@e9c8faf
reloadAllAccessors: .ContinuousInDESharingRefinement

===========================================================================================
----------------- testing Tue Dec 03 06:18:01 UTC 2019 /home/travis/build/icyphy/ptII/ptolemy/domains/continuous/test/auto/ContinuousInDEwithNoPorts.xml
----------------- Instantiating /home/travis/build/icyphy/ptII/ptolemy/domains/continuous/test/auto/ContinuousInDEwithNoPorts.xml
5 ms. Memory: 306176K Free: 229703K (75%)
----------------- Invoking toplevel() on ptolemy.moml.MoMLSimpleApplication@4c50bb71
----------------- Done invoking toplevel() on ptolemy.moml.MoMLSimpleApplication@4c50bb71
reloadAllAccessors: .ContinuousInDEwithNoPorts

===========================================================================================
----------------- testing Tue Dec 03 06:18:01 UTC 2019 /home/travis/build/icyphy/ptII/ptolemy/domains/continuous/test/auto/ContinuousInsideDE.xml
----------------- Instantiating /home/travis/build/icyphy/ptII/ptolemy/domains/continuous/test/auto/ContinuousInsideDE.xml
38 ms. Memory: 306176K Free: 217925K (71%)
----------------- Invoking toplevel() on ptolemy.moml.MoMLSimpleApplication@72e9062f
----------------- Done invoking toplevel() on ptolemy.moml.MoMLSimpleApplication@72e9062f
reloadAllAccessors: .ContinuousInsideDE

===========================================================================================
----------------- testing Tue Dec 03 06:18:01 UTC 2019 /home/travis/build/icyphy/ptII/ptolemy/domains/continuous/test/auto/ContinuousMerge1.xml
----------------- Instantiating /home/travis/build/icyphy/ptII/ptolemy/domains/continuous/test/auto/ContinuousMerge1.xml
3 ms. Memory: 306176K Free: 213319K (70%)
----------------- Invoking toplevel() on ptolemy.moml.MoMLSimpleApplication@7a74f412
----------------- Done invoking toplevel() on ptolemy.moml.MoMLSimpleApplication@7a74f412
reloadAllAccessors: .ContinuousMerge1

===========================================================================================
----------------- testing Tue Dec 03 06:18:01 UTC 2019 /home/travis/build/icyphy/ptII/ptolemy/domains/continuous/test/auto/ContinuousMerge2.xml
----------------- Instantiating /home/travis/build/icyphy/ptII/ptolemy/domains/continuous/test/auto/ContinuousMerge2.xml
18 ms. Memory: 306176K Free: 203079K (66%)
----------------- Invoking toplevel() on ptolemy.moml.MoMLSimpleApplication@1ae11259
----------------- Done invoking toplevel() on ptolemy.moml.MoMLSimpleApplication@1ae11259
reloadAllAccessors: .ContinuousMerge2

===========================================================================================
----------------- testing Tue Dec 03 06:18:01 UTC 2019 /home/travis/build/icyphy/ptII/ptolemy/domains/continuous/test/auto/ContinuousMerge3.xml
----------------- Instantiating /home/travis/build/icyphy/ptII/ptolemy/domains/continuous/test/auto/ContinuousMerge3.xml
49 ms. Memory: 306176K Free: 192325K (63%)
----------------- Invoking toplevel() on ptolemy.moml.MoMLSimpleApplication@6105d776
----------------- Done invoking toplevel() on ptolemy.moml.MoMLSimpleApplication@6105d776
reloadAllAccessors: .ContinuousMerge3

===========================================================================================
----------------- testing Tue Dec 03 06:18:01 UTC 2019 /home/travis/build/icyphy/ptII/ptolemy/domains/continuous/test/auto/ContinuousWithinContinuous.xml
----------------- Instantiating /home/travis/build/icyphy/ptII/ptolemy/domains/continuous/test/auto/ContinuousWithinContinuous.xml
43 ms. Memory: 306176K Free: 183109K (60%)
----------------- Invoking toplevel() on ptolemy.moml.MoMLSimpleApplication@5546d6d0
----------------- Done invoking toplevel() on ptolemy.moml.MoMLSimpleApplication@5546d6d0
reloadAllAccessors: .ContinuousWithinContinuous

===========================================================================================
----------------- testing Tue Dec 03 06:18:01 UTC 2019 /home/travis/build/icyphy/ptII/ptolemy/domains/continuous/test/auto/ContinuousWithinContinuous2.xml
----------------- Instantiating /home/travis/build/icyphy/ptII/ptolemy/domains/continuous/test/auto/ContinuousWithinContinuous2.xml
79 ms. Memory: 306176K Free: 172359K (56%)
----------------- Invoking toplevel() on ptolemy.moml.MoMLSimpleApplication@783c711d
----------------- Done invoking toplevel() on ptolemy.moml.MoMLSimpleApplication@783c711d
reloadAllAccessors: .ContinuousWithinContinuous2

===========================================================================================
----------------- testing Tue Dec 03 06:18:01 UTC 2019 /home/travis/build/icyphy/ptII/ptolemy/domains/continuous/test/auto/ContinuousWithinContinuous3.xml
----------------- Instantiating /home/travis/build/icyphy/ptII/ptolemy/domains/continuous/test/auto/ContinuousWithinContinuous3.xml
15 ms. Memory: 306176K Free: 165191K (54%)
----------------- Invoking toplevel() on ptolemy.moml.MoMLSimpleApplication@8aeada9
----------------- Done invoking toplevel() on ptolemy.moml.MoMLSimpleApplication@8aeada9
reloadAllAccessors: .ContinuousWithinContinuous3

===========================================================================================
----------------- testing Tue Dec 03 06:18:01 UTC 2019 /home/travis/build/icyphy/ptII/ptolemy/domains/continuous/test/auto/ContinuousWithinContinuous4.xml
----------------- Instantiating /home/travis/build/icyphy/ptII/ptolemy/domains/continuous/test/auto/ContinuousWithinContinuous4.xml
77 ms. Memory: 306176K Free: 153413K (50%)
----------------- Invoking toplevel() on ptolemy.moml.MoMLSimpleApplication@91905a5
----------------- Done invoking toplevel() on ptolemy.moml.MoMLSimpleApplication@91905a5
reloadAllAccessors: .ContinuousWithinContinuous4

===========================================================================================
----------------- testing Tue Dec 03 06:18:01 UTC 2019 /home/travis/build/icyphy/ptII/ptolemy/domains/continuous/test/auto/ContinuousWithinContinuous5.xml
----------------- Instantiating /home/travis/build/icyphy/ptII/ptolemy/domains/continuous/test/auto/ContinuousWithinContinuous5.xml
16 ms. Memory: 306176K Free: 146245K (48%)
----------------- Invoking toplevel() on ptolemy.moml.MoMLSimpleApplication@52275baf
----------------- Done invoking toplevel() on ptolemy.moml.MoMLSimpleApplication@52275baf
reloadAllAccessors: .ContinuousWithinContinuous5

===========================================================================================
----------------- testing Tue Dec 03 06:18:01 UTC 2019 /home/travis/build/icyphy/ptII/ptolemy/domains/continuous/test/auto/ContinuousWithinContinuous6.xml
----------------- Instantiating /home/travis/build/icyphy/ptII/ptolemy/domains/continuous/test/auto/ContinuousWithinContinuous6.xml
16 ms. Memory: 306176K Free: 139077K (45%)
----------------- Invoking toplevel() on ptolemy.moml.MoMLSimpleApplication@5d8ccfa4
----------------- Done invoking toplevel() on ptolemy.moml.MoMLSimpleApplication@5d8ccfa4
reloadAllAccessors: .ContinuousWithinContinuous6

===========================================================================================
----------------- testing Tue Dec 03 06:18:01 UTC 2019 /home/travis/build/icyphy/ptII/ptolemy/domains/continuous/test/auto/ContinuousWithinContinuous7.xml
----------------- Instantiating /home/travis/build/icyphy/ptII/ptolemy/domains/continuous/test/auto/ContinuousWithinContinuous7.xml
67 ms. Memory: 306176K Free: 128327K (42%)
----------------- Invoking toplevel() on ptolemy.moml.MoMLSimpleApplication@f36cae5
----------------- Done invoking toplevel() on ptolemy.moml.MoMLSimpleApplication@f36cae5
reloadAllAccessors: .ContinuousWithinContinuous7

===========================================================================================
----------------- testing Tue Dec 03 06:18:01 UTC 2019 /home/travis/build/icyphy/ptII/ptolemy/domains/continuous/test/auto/DCMotor.xml
----------------- Instantiating /home/travis/build/icyphy/ptII/ptolemy/domains/continuous/test/auto/DCMotor.xml
16576 ms. Memory: 306176K Free: 121789K (40%)
----------------- Invoking toplevel() on ptolemy.moml.MoMLSimpleApplication@5067131
----------------- Done invoking toplevel() on ptolemy.moml.MoMLSimpleApplication@5067131
reloadAllAccessors: .DCMotor

===========================================================================================
----------------- testing Tue Dec 03 06:18:18 UTC 2019 /home/travis/build/icyphy/ptII/ptolemy/domains/continuous/test/auto/DEInContinuous.xml
----------------- Instantiating /home/travis/build/icyphy/ptII/ptolemy/domains/continuous/test/auto/DEInContinuous.xml
14 ms. Memory: 306176K Free: 115645K (38%)
----------------- Invoking toplevel() on ptolemy.moml.MoMLSimpleApplication@b16df54
----------------- Done invoking toplevel() on ptolemy.moml.MoMLSimpleApplication@b16df54
reloadAllAccessors: .DEInContinuous

===========================================================================================
----------------- testing Tue Dec 03 06:18:18 UTC 2019 /home/travis/build/icyphy/ptII/ptolemy/domains/continuous/test/auto/DEinContinuous2.xml
----------------- Instantiating /home/travis/build/icyphy/ptII/ptolemy/domains/continuous/test/auto/DEinContinuous2.xml
8 ms. Memory: 306176K Free: 289466K (95%)
----------------- Invoking toplevel() on ptolemy.moml.MoMLSimpleApplication@6c47da75
----------------- Done invoking toplevel() on ptolemy.moml.MoMLSimpleApplication@6c47da75
reloadAllAccessors: .DEinContinuous2

===========================================================================================
----------------- testing Tue Dec 03 06:18:18 UTC 2019 /home/travis/build/icyphy/ptII/ptolemy/domains/continuous/test/auto/Derivative.xml
----------------- Instantiating /home/travis/build/icyphy/ptII/ptolemy/domains/continuous/test/auto/Derivative.xml
161 ms. Memory: 306176K Free: 259256K (85%)
----------------- Invoking toplevel() on ptolemy.moml.MoMLSimpleApplication@3e71cfa5
----------------- Done invoking toplevel() on ptolemy.moml.MoMLSimpleApplication@3e71cfa5
reloadAllAccessors: .Derivative2

===========================================================================================
----------------- testing Tue Dec 03 06:18:18 UTC 2019 /home/travis/build/icyphy/ptII/ptolemy/domains/continuous/test/auto/Derivative1.xml
----------------- Instantiating /home/travis/build/icyphy/ptII/ptolemy/domains/continuous/test/auto/Derivative1.xml
14 ms. Memory: 306176K Free: 244920K (80%)
----------------- Invoking toplevel() on ptolemy.moml.MoMLSimpleApplication@f8e7a92
----------------- Done invoking toplevel() on ptolemy.moml.MoMLSimpleApplication@f8e7a92
reloadAllAccessors: .Derivative1

===========================================================================================
----------------- testing Tue Dec 03 06:18:18 UTC 2019 /home/travis/build/icyphy/ptII/ptolemy/domains/continuous/test/auto/DiscreteClock.xml
----------------- Instantiating /home/travis/build/icyphy/ptII/ptolemy/domains/continuous/test/auto/DiscreteClock.xml
5 ms. Memory: 306176K Free: 239800K (78%)
----------------- Invoking toplevel() on ptolemy.moml.MoMLSimpleApplication@4b7670e3
----------------- Done invoking toplevel() on ptolemy.moml.MoMLSimpleApplication@4b7670e3
reloadAllAccessors: .DiscreteClock

===========================================================================================
----------------- testing Tue Dec 03 06:18:19 UTC 2019 /home/travis/build/icyphy/ptII/ptolemy/domains/continuous/test/auto/EfficiencyCurve.xml
----------------- Instantiating /home/travis/build/icyphy/ptII/ptolemy/domains/continuous/test/auto/EfficiencyCurve.xml
57 ms. Memory: 306176K Free: 230584K (75%)
----------------- Invoking toplevel() on ptolemy.moml.MoMLSimpleApplication@1482d034
----------------- Done invoking toplevel() on ptolemy.moml.MoMLSimpleApplication@1482d034
reloadAllAccessors: .EfficiencyCurve

===========================================================================================
----------------- testing Tue Dec 03 06:18:19 UTC 2019 /home/travis/build/icyphy/ptII/ptolemy/domains/continuous/test/auto/ExponentialResponse.xml
----------------- Instantiating /home/travis/build/icyphy/ptII/ptolemy/domains/continuous/test/auto/ExponentialResponse.xml
110 ms. Memory: 306176K Free: 215224K (70%)
----------------- Invoking toplevel() on ptolemy.moml.MoMLSimpleApplication@4e9f5a74
----------------- Done invoking toplevel() on ptolemy.moml.MoMLSimpleApplication@4e9f5a74
reloadAllAccessors: .ExponentialResponse

===========================================================================================
----------------- testing Tue Dec 03 06:18:19 UTC 2019 /home/travis/build/icyphy/ptII/ptolemy/domains/continuous/test/auto/ExponentialResponseRK45.xml
----------------- Instantiating /home/travis/build/icyphy/ptII/ptolemy/domains/continuous/test/auto/ExponentialResponseRK45.xml
27 ms. Memory: 306176K Free: 208570K (68%)
----------------- Invoking toplevel() on ptolemy.moml.MoMLSimpleApplication@2fcdb8e
----------------- Done invoking toplevel() on ptolemy.moml.MoMLSimpleApplication@2fcdb8e
reloadAllAccessors: .ExponentialResponseRK45

===========================================================================================
----------------- testing Tue Dec 03 06:18:19 UTC 2019 /home/travis/build/icyphy/ptII/ptolemy/domains/continuous/test/auto/Friction.xml
----------------- Instantiating /home/travis/build/icyphy/ptII/ptolemy/domains/continuous/test/auto/Friction.xml
1610 ms. Memory: 306176K Free: 141086K (46%)
----------------- Invoking toplevel() on ptolemy.moml.MoMLSimpleApplication@705e4f2c
----------------- Done invoking toplevel() on ptolemy.moml.MoMLSimpleApplication@705e4f2c
reloadAllAccessors: .Friction

===========================================================================================
----------------- testing Tue Dec 03 06:18:21 UTC 2019 /home/travis/build/icyphy/ptII/ptolemy/domains/continuous/test/auto/FurutaPendulum.xml
----------------- Instantiating /home/travis/build/icyphy/ptII/ptolemy/domains/continuous/test/auto/FurutaPendulum.xml
3684 ms. Memory: 306176K Free: 179630K (59%)
----------------- Invoking toplevel() on ptolemy.moml.MoMLSimpleApplication@514c22e8
----------------- Done invoking toplevel() on ptolemy.moml.MoMLSimpleApplication@514c22e8
reloadAllAccessors: .FurutaPendulum

===========================================================================================
----------------- testing Tue Dec 03 06:18:24 UTC 2019 /home/travis/build/icyphy/ptII/ptolemy/domains/continuous/test/auto/HierarchicalExecution.xml
----------------- Instantiating /home/travis/build/icyphy/ptII/ptolemy/domains/continuous/test/auto/HierarchicalExecution.xml
2305 ms. Memory: 306176K Free: 231907K (76%)
----------------- Invoking toplevel() on ptolemy.moml.MoMLSimpleApplication@46abc045
----------------- Done invoking toplevel() on ptolemy.moml.MoMLSimpleApplication@46abc045
reloadAllAccessors: .HierarchicalExecution

===========================================================================================
----------------- testing Tue Dec 03 06:18:27 UTC 2019 /home/travis/build/icyphy/ptII/ptolemy/domains/continuous/test/auto/HybridPlant.xml
----------------- Instantiating /home/travis/build/icyphy/ptII/ptolemy/domains/continuous/test/auto/HybridPlant.xml
535 ms. Memory: 306176K Free: 147410K (48%)
----------------- Invoking toplevel() on ptolemy.moml.MoMLSimpleApplication@260397cc
----------------- Done invoking toplevel() on ptolemy.moml.MoMLSimpleApplication@260397cc
reloadAllAccessors: .HybridPlant

===========================================================================================
----------------- testing Tue Dec 03 06:18:28 UTC 2019 /home/travis/build/icyphy/ptII/ptolemy/domains/continuous/test/auto/Hysteresis.xml
----------------- Instantiating /home/travis/build/icyphy/ptII/ptolemy/domains/continuous/test/auto/Hysteresis.xml
168 ms. Memory: 306176K Free: 265360K (87%)
----------------- Invoking toplevel() on ptolemy.moml.MoMLSimpleApplication@357ce946
----------------- Done invoking toplevel() on ptolemy.moml.MoMLSimpleApplication@357ce946
reloadAllAccessors: .Hysteresis

===========================================================================================
----------------- testing Tue Dec 03 06:18:28 UTC 2019 /home/travis/build/icyphy/ptII/ptolemy/domains/continuous/test/auto/HysteresisWithRandomDelay.xml
----------------- Instantiating /home/travis/build/icyphy/ptII/ptolemy/domains/continuous/test/auto/HysteresisWithRandomDelay.xml
187 ms. Memory: 306176K Free: 191632K (63%)
----------------- Invoking toplevel() on ptolemy.moml.MoMLSimpleApplication@273bb962
----------------- Done invoking toplevel() on ptolemy.moml.MoMLSimpleApplication@273bb962
reloadAllAccessors: .HysteresisWithRandomDelay

===========================================================================================
----------------- testing Tue Dec 03 06:18:29 UTC 2019 /home/travis/build/icyphy/ptII/ptolemy/domains/continuous/test/auto/HysteresisWithRandomLosses.xml
----------------- Instantiating /home/travis/build/icyphy/ptII/ptolemy/domains/continuous/test/auto/HysteresisWithRandomLosses.xml
2720 ms. Memory: 306176K Free: 140446K (46%)
----------------- Invoking toplevel() on ptolemy.moml.MoMLSimpleApplication@1ef1367a
----------------- Done invoking toplevel() on ptolemy.moml.MoMLSimpleApplication@1ef1367a
reloadAllAccessors: .HysteresisWithRandomLosses

===========================================================================================
----------------- testing Tue Dec 03 06:18:31 UTC 2019 /home/travis/build/icyphy/ptII/ptolemy/domains/continuous/test/auto/ImmediateTransitions.xml
----------------- Instantiating /home/travis/build/icyphy/ptII/ptolemy/domains/continuous/test/auto/ImmediateTransitions.xml
10 ms. Memory: 306176K Free: 129696K (42%)
----------------- Invoking toplevel() on ptolemy.moml.MoMLSimpleApplication@392c1306
----------------- Done invoking toplevel() on ptolemy.moml.MoMLSimpleApplication@392c1306
reloadAllAccessors: .ImmediateTransitions

===========================================================================================
----------------- testing Tue Dec 03 06:18:31 UTC 2019 /home/travis/build/icyphy/ptII/ptolemy/domains/continuous/test/auto/ImpulseFeedback.xml
----------------- Instantiating /home/travis/build/icyphy/ptII/ptolemy/domains/continuous/test/auto/ImpulseFeedback.xml
7 ms. Memory: 306176K Free: 124062K (41%)
----------------- Invoking toplevel() on ptolemy.moml.MoMLSimpleApplication@48fdd185
----------------- Done invoking toplevel() on ptolemy.moml.MoMLSimpleApplication@48fdd185
reloadAllAccessors: .ImpulseFeedback

===========================================================================================
----------------- testing Tue Dec 03 06:18:31 UTC 2019 /home/travis/build/icyphy/ptII/ptolemy/domains/continuous/test/auto/ImpulseFeedback2.xml
----------------- Instantiating /home/travis/build/icyphy/ptII/ptolemy/domains/continuous/test/auto/ImpulseFeedback2.xml
5 ms. Memory: 306176K Free: 118432K (39%)
----------------- Invoking toplevel() on ptolemy.moml.MoMLSimpleApplication@21cb738c
----------------- Done invoking toplevel() on ptolemy.moml.MoMLSimpleApplication@21cb738c
reloadAllAccessors: .ImpulseFeedback2

===========================================================================================
----------------- testing Tue Dec 03 06:18:31 UTC 2019 /home/travis/build/icyphy/ptII/ptolemy/domains/continuous/test/auto/IncreasingRatePoisson.xml
----------------- Instantiating /home/travis/build/icyphy/ptII/ptolemy/domains/continuous/test/auto/IncreasingRatePoisson.xml
820 ms. Memory: 306176K Free: 161142K (53%)
----------------- Invoking toplevel() on ptolemy.moml.MoMLSimpleApplication@27a6e8c5
----------------- Done invoking toplevel() on ptolemy.moml.MoMLSimpleApplication@27a6e8c5
reloadAllAccessors: .IncreasingRatePoisson

===========================================================================================
----------------- testing Tue Dec 03 06:18:32 UTC 2019 /home/travis/build/icyphy/ptII/ptolemy/domains/continuous/test/auto/InitialStateFeedback.xml
----------------- Instantiating /home/travis/build/icyphy/ptII/ptolemy/domains/continuous/test/auto/InitialStateFeedback.xml
7 ms. Memory: 306176K Free: 156532K (51%)
----------------- Invoking toplevel() on ptolemy.moml.MoMLSimpleApplication@68c5111
----------------- Done invoking toplevel() on ptolemy.moml.MoMLSimpleApplication@68c5111
reloadAllAccessors: .InitialStateFeedback

===========================================================================================
----------------- testing Tue Dec 03 06:18:32 UTC 2019 /home/travis/build/icyphy/ptII/ptolemy/domains/continuous/test/auto/Integration.xml
----------------- Instantiating /home/travis/build/icyphy/ptII/ptolemy/domains/continuous/test/auto/Integration.xml
1 ms. Memory: 306176K Free: 152436K (50%)
----------------- Invoking toplevel() on ptolemy.moml.MoMLSimpleApplication@11daa872
----------------- Done invoking toplevel() on ptolemy.moml.MoMLSimpleApplication@11daa872
reloadAllAccessors: .Integration

===========================================================================================
----------------- testing Tue Dec 03 06:18:32 UTC 2019 /home/travis/build/icyphy/ptII/ptolemy/domains/continuous/test/auto/Integration2.xml
----------------- Instantiating /home/travis/build/icyphy/ptII/ptolemy/domains/continuous/test/auto/Integration2.xml
87 ms. Memory: 306176K Free: 138100K (45%)
----------------- Invoking toplevel() on ptolemy.moml.MoMLSimpleApplication@1d9c4357
----------------- Done invoking toplevel() on ptolemy.moml.MoMLSimpleApplication@1d9c4357
reloadAllAccessors: .Integration2

===========================================================================================
----------------- testing Tue Dec 03 06:18:32 UTC 2019 /home/travis/build/icyphy/ptII/ptolemy/domains/continuous/test/auto/Integration3.xml
----------------- Instantiating /home/travis/build/icyphy/ptII/ptolemy/domains/continuous/test/auto/Integration3.xml
2 ms. Memory: 306176K Free: 133494K (44%)
----------------- Invoking toplevel() on ptolemy.moml.MoMLSimpleApplication@2c2f66cb
----------------- Done invoking toplevel() on ptolemy.moml.MoMLSimpleApplication@2c2f66cb
reloadAllAccessors: .Integration3

===========================================================================================
----------------- testing Tue Dec 03 06:18:32 UTC 2019 /home/travis/build/icyphy/ptII/ptolemy/domains/continuous/test/auto/Integration5.xml
----------------- Instantiating /home/travis/build/icyphy/ptII/ptolemy/domains/continuous/test/auto/Integration5.xml
2 ms. Memory: 306176K Free: 128884K (42%)
----------------- Invoking toplevel() on ptolemy.moml.MoMLSimpleApplication@54c23484
----------------- Done invoking toplevel() on ptolemy.moml.MoMLSimpleApplication@54c23484
reloadAllAccessors: .Integration5

===========================================================================================
----------------- testing Tue Dec 03 06:18:32 UTC 2019 /home/travis/build/icyphy/ptII/ptolemy/domains/continuous/test/auto/IntegratorImpulse.xml
----------------- Instantiating /home/travis/build/icyphy/ptII/ptolemy/domains/continuous/test/auto/IntegratorImpulse.xml
2 ms. Memory: 306176K Free: 124774K (41%)
----------------- Invoking toplevel() on ptolemy.moml.MoMLSimpleApplication@4677b9d6
----------------- Done invoking toplevel() on ptolemy.moml.MoMLSimpleApplication@4677b9d6
reloadAllAccessors: .IntegratorImpulse

===========================================================================================
----------------- testing Tue Dec 03 06:18:32 UTC 2019 /home/travis/build/icyphy/ptII/ptolemy/domains/continuous/test/auto/IntegratorImpulse2.xml
----------------- Instantiating /home/travis/build/icyphy/ptII/ptolemy/domains/continuous/test/auto/IntegratorImpulse2.xml
3 ms. Memory: 306176K Free: 120182K (39%)
----------------- Invoking toplevel() on ptolemy.moml.MoMLSimpleApplication@5655bf6f
----------------- Done invoking toplevel() on ptolemy.moml.MoMLSimpleApplication@5655bf6f
reloadAllAccessors: .IntegratorImpulse2

===========================================================================================
----------------- testing Tue Dec 03 06:18:32 UTC 2019 /home/travis/build/icyphy/ptII/ptolemy/domains/continuous/test/auto/LevelCrossing1.xml
----------------- Instantiating /home/travis/build/icyphy/ptII/ptolemy/domains/continuous/test/auto/LevelCrossing1.xml
2 ms. Memory: 306176K Free: 115062K (38%)
----------------- Invoking toplevel() on ptolemy.moml.MoMLSimpleApplication@240d75a4
----------------- Done invoking toplevel() on ptolemy.moml.MoMLSimpleApplication@240d75a4
reloadAllAccessors: .LevelCrossing1

===========================================================================================
----------------- testing Tue Dec 03 06:18:32 UTC 2019 /home/travis/build/icyphy/ptII/ptolemy/domains/continuous/test/auto/LevelCrossing2.xml
----------------- Instantiating /home/travis/build/icyphy/ptII/ptolemy/domains/continuous/test/auto/LevelCrossing2.xml
3 ms. Memory: 306176K Free: 109942K (36%)
----------------- Invoking toplevel() on ptolemy.moml.MoMLSimpleApplication@5f50abc0
----------------- Done invoking toplevel() on ptolemy.moml.MoMLSimpleApplication@5f50abc0
reloadAllAccessors: .LevelCrossing2

===========================================================================================
----------------- testing Tue Dec 03 06:18:32 UTC 2019 /home/travis/build/icyphy/ptII/ptolemy/domains/continuous/test/auto/LevelCrossing3.xml
----------------- Instantiating /home/travis/build/icyphy/ptII/ptolemy/domains/continuous/test/auto/LevelCrossing3.xml
2 ms. Memory: 306176K Free: 286731K (94%)
----------------- Invoking toplevel() on ptolemy.moml.MoMLSimpleApplication@73bfd0b5
----------------- Done invoking toplevel() on ptolemy.moml.MoMLSimpleApplication@73bfd0b5
reloadAllAccessors: .LevelCrossing3

===========================================================================================
----------------- testing Tue Dec 03 06:18:33 UTC 2019 /home/travis/build/icyphy/ptII/ptolemy/domains/continuous/test/auto/LevelCrossing4.xml
----------------- Instantiating /home/travis/build/icyphy/ptII/ptolemy/domains/continuous/test/auto/LevelCrossing4.xml
3 ms. Memory: 306176K Free: 281611K (92%)
----------------- Invoking toplevel() on ptolemy.moml.MoMLSimpleApplication@13d60fc9
----------------- Done invoking toplevel() on ptolemy.moml.MoMLSimpleApplication@13d60fc9
reloadAllAccessors: .LevelCrossing4

===========================================================================================
----------------- testing Tue Dec 03 06:18:33 UTC 2019 /home/travis/build/icyphy/ptII/ptolemy/domains/continuous/test/auto/LevelCrossing5.xml
----------------- Instantiating /home/travis/build/icyphy/ptII/ptolemy/domains/continuous/test/auto/LevelCrossing5.xml
3 ms. Memory: 306176K Free: 276491K (90%)
----------------- Invoking toplevel() on ptolemy.moml.MoMLSimpleApplication@77d1fb44
----------------- Done invoking toplevel() on ptolemy.moml.MoMLSimpleApplication@77d1fb44
reloadAllAccessors: .LevelCrossing5

===========================================================================================
[...]
----------------- Invoking toplevel() on ptolemy.moml.MoMLSimpleApplication@775f932a
----------------- Done invoking toplevel() on ptolemy.moml.MoMLSimpleApplication@775f932a
reloadAllAccessors: .ResetTransitionWithStartTime6

===========================================================================================
----------------- testing Tue Dec 03 06:18:55 UTC 2019 /home/travis/build/icyphy/ptII/ptolemy/domains/continuous/test/auto/SRinContinuous.xml
----------------- Instantiating /home/travis/build/icyphy/ptII/ptolemy/domains/continuous/test/auto/SRinContinuous.xml
4 ms. Memory: 306176K Free: 269683K (88%)
----------------- Invoking toplevel() on ptolemy.moml.MoMLSimpleApplication@150c65a1
----------------- Done invoking toplevel() on ptolemy.moml.MoMLSimpleApplication@150c65a1
reloadAllAccessors: .SRinContinuous

===========================================================================================
----------------- testing Tue Dec 03 06:18:55 UTC 2019 /home/travis/build/icyphy/ptII/ptolemy/domains/continuous/test/auto/SampledClocks.xml
----------------- Instantiating /home/travis/build/icyphy/ptII/ptolemy/domains/continuous/test/auto/SampledClocks.xml
6 ms. Memory: 306176K Free: 256885K (84%)
----------------- Invoking toplevel() on ptolemy.moml.MoMLSimpleApplication@3648add2
----------------- Done invoking toplevel() on ptolemy.moml.MoMLSimpleApplication@3648add2
reloadAllAccessors: .SampledClocks

===========================================================================================
----------------- testing Tue Dec 03 06:18:55 UTC 2019 /home/travis/build/icyphy/ptII/ptolemy/domains/continuous/test/auto/Satellite.xml
----------------- Instantiating /home/travis/build/icyphy/ptII/ptolemy/domains/continuous/test/auto/Satellite.xml
1050 ms. Memory: 306176K Free: 239284K (78%)
----------------- Invoking toplevel() on ptolemy.moml.MoMLSimpleApplication@54fd5b3b
----------------- Done invoking toplevel() on ptolemy.moml.MoMLSimpleApplication@54fd5b3b
reloadAllAccessors: .Satellite

===========================================================================================
----------------- testing Tue Dec 03 06:18:56 UTC 2019 /home/travis/build/icyphy/ptII/ptolemy/domains/continuous/test/auto/SigmaDelta.xml
----------------- Instantiating /home/travis/build/icyphy/ptII/ptolemy/domains/continuous/test/auto/SigmaDelta.xml
2925 ms. Memory: 306176K Free: 129378K (42%)
----------------- Invoking toplevel() on ptolemy.moml.MoMLSimpleApplication@79e959e5
----------------- Done invoking toplevel() on ptolemy.moml.MoMLSimpleApplication@79e959e5
reloadAllAccessors: .SigmaDelta

===========================================================================================
----------------- testing Tue Dec 03 06:18:59 UTC 2019 /home/travis/build/icyphy/ptII/ptolemy/domains/continuous/test/auto/SingleRefinement.xml
----------------- Instantiating /home/travis/build/icyphy/ptII/ptolemy/domains/continuous/test/auto/SingleRefinement.xml
306 ms. Memory: 306176K Free: 126819K (41%)
----------------- Invoking toplevel() on ptolemy.moml.MoMLSimpleApplication@7f34485f
----------------- Done invoking toplevel() on ptolemy.moml.MoMLSimpleApplication@7f34485f
reloadAllAccessors: .SingleRefinement

===========================================================================================
----------------- testing Tue Dec 03 06:18:59 UTC 2019 /home/travis/build/icyphy/ptII/ptolemy/domains/continuous/test/auto/SinuBouncingBall.xml
----------------- Instantiating /home/travis/build/icyphy/ptII/ptolemy/domains/continuous/test/auto/SinuBouncingBall.xml
882 ms. Memory: 306176K Free: 268899K (88%)
----------------- Invoking toplevel() on ptolemy.moml.MoMLSimpleApplication@72af9dda
----------------- Done invoking toplevel() on ptolemy.moml.MoMLSimpleApplication@72af9dda
reloadAllAccessors: .SinuBouncingBall

===========================================================================================
----------------- testing Tue Dec 03 06:19:00 UTC 2019 /home/travis/build/icyphy/ptII/ptolemy/domains/continuous/test/auto/Sinusoid.xml
----------------- Instantiating /home/travis/build/icyphy/ptII/ptolemy/domains/continuous/test/auto/Sinusoid.xml
5 ms. Memory: 306176K Free: 264259K (86%)
----------------- Invoking toplevel() on ptolemy.moml.MoMLSimpleApplication@602e341a
----------------- Done invoking toplevel() on ptolemy.moml.MoMLSimpleApplication@602e341a
reloadAllAccessors: .Sinusoid

===========================================================================================
----------------- testing Tue Dec 03 06:19:00 UTC 2019 /home/travis/build/icyphy/ptII/ptolemy/domains/continuous/test/auto/SinusoidInNoise.xml
----------------- Instantiating /home/travis/build/icyphy/ptII/ptolemy/domains/continuous/test/auto/SinusoidInNoise.xml
1190 ms. Memory: 306176K Free: 288083K (94%)
----------------- Invoking toplevel() on ptolemy.moml.MoMLSimpleApplication@61a5c4d5
----------------- Done invoking toplevel() on ptolemy.moml.MoMLSimpleApplication@61a5c4d5
reloadAllAccessors: .SinusoidInNoise

===========================================================================================
----------------- testing Tue Dec 03 06:19:01 UTC 2019 /home/travis/build/icyphy/ptII/ptolemy/domains/continuous/test/auto/SinusoidRK45.xml
----------------- Instantiating /home/travis/build/icyphy/ptII/ptolemy/domains/continuous/test/auto/SinusoidRK45.xml
2 ms. Memory: 306176K Free: 283458K (93%)
----------------- Invoking toplevel() on ptolemy.moml.MoMLSimpleApplication@63d467e0
----------------- Done invoking toplevel() on ptolemy.moml.MoMLSimpleApplication@63d467e0
reloadAllAccessors: .SinusoidRK45

===========================================================================================
----------------- testing Tue Dec 03 06:19:01 UTC 2019 /home/travis/build/icyphy/ptII/ptolemy/domains/continuous/test/auto/SinusoidWithMultipleImpulses.xml
----------------- Instantiating /home/travis/build/icyphy/ptII/ptolemy/domains/continuous/test/auto/SinusoidWithMultipleImpulses.xml
3 ms. Memory: 306176K Free: 278867K (91%)
----------------- Invoking toplevel() on ptolemy.moml.MoMLSimpleApplication@7559e194
----------------- Done invoking toplevel() on ptolemy.moml.MoMLSimpleApplication@7559e194
reloadAllAccessors: .SinusoidWithMultipleImpulses

===========================================================================================
----------------- testing Tue Dec 03 06:19:01 UTC 2019 /home/travis/build/icyphy/ptII/ptolemy/domains/continuous/test/auto/SquareWave.xml
----------------- Instantiating /home/travis/build/icyphy/ptII/ptolemy/domains/continuous/test/auto/SquareWave.xml
189 ms. Memory: 306176K Free: 250705K (82%)
----------------- Invoking toplevel() on ptolemy.moml.MoMLSimpleApplication@63b48b91
----------------- Done invoking toplevel() on ptolemy.moml.MoMLSimpleApplication@63b48b91
reloadAllAccessors: .SquareWave

===========================================================================================
----------------- testing Tue Dec 03 06:19:02 UTC 2019 /home/travis/build/icyphy/ptII/ptolemy/domains/continuous/test/auto/Starmac.xml
----------------- Instantiating /home/travis/build/icyphy/ptII/ptolemy/domains/continuous/test/auto/Starmac.xml
3056 ms. Memory: 306176K Free: 276294K (90%)
----------------- Invoking toplevel() on ptolemy.moml.MoMLSimpleApplication@36cfa24f
----------------- Done invoking toplevel() on ptolemy.moml.MoMLSimpleApplication@36cfa24f
reloadAllAccessors: .Starmac

===========================================================================================
----------------- testing Tue Dec 03 06:19:05 UTC 2019 /home/travis/build/icyphy/ptII/ptolemy/domains/continuous/test/auto/StaticUnits.xml
----------------- Instantiating /home/travis/build/icyphy/ptII/ptolemy/domains/continuous/test/auto/StaticUnits.xml
3328 ms. Memory: 367616K Free: 203508K (55%)
----------------- Invoking toplevel() on ptolemy.moml.MoMLSimpleApplication@17e7550c
----------------- Done invoking toplevel() on ptolemy.moml.MoMLSimpleApplication@17e7550c
reloadAllAccessors: .StaticUnits

===========================================================================================
----------------- testing Tue Dec 03 06:19:09 UTC 2019 /home/travis/build/icyphy/ptII/ptolemy/domains/continuous/test/auto/StickyMasses.xml
----------------- Instantiating /home/travis/build/icyphy/ptII/ptolemy/domains/continuous/test/auto/StickyMasses.xml
172 ms. Memory: 367616K Free: 152308K (41%)
----------------- Invoking toplevel() on ptolemy.moml.MoMLSimpleApplication@74991998
----------------- Done invoking toplevel() on ptolemy.moml.MoMLSimpleApplication@74991998
reloadAllAccessors: .StickyMasses

===========================================================================================
----------------- testing Tue Dec 03 06:19:09 UTC 2019 /home/travis/build/icyphy/ptII/ptolemy/domains/continuous/test/auto/StopTime.xml
----------------- Instantiating /home/travis/build/icyphy/ptII/ptolemy/domains/continuous/test/auto/StopTime.xml
81 ms. Memory: 367616K Free: 341487K (93%)
----------------- Invoking toplevel() on ptolemy.moml.MoMLSimpleApplication@741b133b
----------------- Done invoking toplevel() on ptolemy.moml.MoMLSimpleApplication@741b133b
reloadAllAccessors: .StopTime

===========================================================================================
----------------- testing Tue Dec 03 06:19:09 UTC 2019 /home/travis/build/icyphy/ptII/ptolemy/domains/continuous/test/auto/StopTime2.xml
----------------- Instantiating /home/travis/build/icyphy/ptII/ptolemy/domains/continuous/test/auto/StopTime2.xml
46 ms. Memory: 367616K Free: 318708K (87%)
----------------- Invoking toplevel() on ptolemy.moml.MoMLSimpleApplication@2b3d5185
----------------- Done invoking toplevel() on ptolemy.moml.MoMLSimpleApplication@2b3d5185
reloadAllAccessors: .StopTime2

===========================================================================================
----------------- testing Tue Dec 03 06:19:09 UTC 2019 /home/travis/build/icyphy/ptII/ptolemy/domains/continuous/test/auto/Switch.xml
----------------- Instantiating /home/travis/build/icyphy/ptII/ptolemy/domains/continuous/test/auto/Switch.xml
49 ms. Memory: 367616K Free: 293108K (80%)
----------------- Invoking toplevel() on ptolemy.moml.MoMLSimpleApplication@369f002b
----------------- Done invoking toplevel() on ptolemy.moml.MoMLSimpleApplication@369f002b
reloadAllAccessors: .Switch

===========================================================================================
----------------- testing Tue Dec 03 06:19:09 UTC 2019 /home/travis/build/icyphy/ptII/ptolemy/domains/continuous/test/auto/Thermostat.xml
----------------- Instantiating /home/travis/build/icyphy/ptII/ptolemy/domains/continuous/test/auto/Thermostat.xml
231 ms. Memory: 367616K Free: 218356K (59%)
----------------- Invoking toplevel() on ptolemy.moml.MoMLSimpleApplication@e224f2e
----------------- Done invoking toplevel() on ptolemy.moml.MoMLSimpleApplication@e224f2e
reloadAllAccessors: .Thermostat

===========================================================================================
----------------- testing Tue Dec 03 06:19:10 UTC 2019 /home/travis/build/icyphy/ptII/ptolemy/domains/continuous/test/auto/TimeDelay.xml
----------------- Instantiating /home/travis/build/icyphy/ptII/ptolemy/domains/continuous/test/auto/TimeDelay.xml
7 ms. Memory: 367616K Free: 213236K (58%)
----------------- Invoking toplevel() on ptolemy.moml.MoMLSimpleApplication@7dbed0dc
----------------- Done invoking toplevel() on ptolemy.moml.MoMLSimpleApplication@7dbed0dc
reloadAllAccessors: .TimeDelay

===========================================================================================
----------------- testing Tue Dec 03 06:19:10 UTC 2019 /home/travis/build/icyphy/ptII/ptolemy/domains/continuous/test/auto/TimeDelay2.xml
----------------- Instantiating /home/travis/build/icyphy/ptII/ptolemy/domains/continuous/test/auto/TimeDelay2.xml
13 ms. Memory: 367616K Free: 203506K (55%)
----------------- Invoking toplevel() on ptolemy.moml.MoMLSimpleApplication@51b08233
----------------- Done invoking toplevel() on ptolemy.moml.MoMLSimpleApplication@51b08233
reloadAllAccessors: .TimeDelay2

===========================================================================================
----------------- testing Tue Dec 03 06:19:10 UTC 2019 /home/travis/build/icyphy/ptII/ptolemy/domains/continuous/test/auto/TimeDelay3.xml
----------------- Instantiating /home/travis/build/icyphy/ptII/ptolemy/domains/continuous/test/auto/TimeDelay3.xml
6 ms. Memory: 367616K Free: 198898K (54%)
----------------- Invoking toplevel() on ptolemy.moml.MoMLSimpleApplication@1e8ae6ee
----------------- Done invoking toplevel() on ptolemy.moml.MoMLSimpleApplication@1e8ae6ee
reloadAllAccessors: .TimeDelay3

===========================================================================================
----------------- testing Tue Dec 03 06:19:10 UTC 2019 /home/travis/build/icyphy/ptII/ptolemy/domains/continuous/test/auto/TransferAbsentToInside.xml
----------------- Instantiating /home/travis/build/icyphy/ptII/ptolemy/domains/continuous/test/auto/TransferAbsentToInside.xml
33 ms. Memory: 367616K Free: 144628K (39%)
----------------- Invoking toplevel() on ptolemy.moml.MoMLSimpleApplication@6b1d9878
----------------- Done invoking toplevel() on ptolemy.moml.MoMLSimpleApplication@6b1d9878
reloadAllAccessors: .TransferAbsentToInside

===========================================================================================
----------------- testing Tue Dec 03 06:19:10 UTC 2019 /home/travis/build/icyphy/ptII/ptolemy/domains/continuous/test/auto/Transmission.xml
----------------- Instantiating /home/travis/build/icyphy/ptII/ptolemy/domains/continuous/test/auto/Transmission.xml
978 ms. Memory: 367616K Free: 331984K (90%)
----------------- Invoking toplevel() on ptolemy.moml.MoMLSimpleApplication@fa24b67
----------------- Done invoking toplevel() on ptolemy.moml.MoMLSimpleApplication@fa24b67
reloadAllAccessors: .Transmission

===========================================================================================
----------------- testing Tue Dec 03 06:19:11 UTC 2019 /home/travis/build/icyphy/ptII/ptolemy/domains/continuous/test/auto/TriggeredContinuousClock.xml
----------------- Instantiating /home/travis/build/icyphy/ptII/ptolemy/domains/continuous/test/auto/TriggeredContinuousClock.xml
47 ms. Memory: 367616K Free: 302264K (82%)
----------------- Invoking toplevel() on ptolemy.moml.MoMLSimpleApplication@5e3a2b0e
----------------- Done invoking toplevel() on ptolemy.moml.MoMLSimpleApplication@5e3a2b0e
reloadAllAccessors: .TriggeredContinuousClock

===========================================================================================
----------------- testing Tue Dec 03 06:19:11 UTC 2019 /home/travis/build/icyphy/ptII/ptolemy/domains/continuous/test/auto/TwoMachineInfiniteBusControl.xml
----------------- Instantiating /home/travis/build/icyphy/ptII/ptolemy/domains/continuous/test/auto/TwoMachineInfiniteBusControl.xml
3643 ms. Memory: 367616K Free: 152219K (41%)
----------------- Invoking toplevel() on ptolemy.moml.MoMLSimpleApplication@e95d5e7
----------------- Done invoking toplevel() on ptolemy.moml.MoMLSimpleApplication@e95d5e7
reloadAllAccessors: .TwoMachineInfiniteBusControl

===========================================================================================
----------------- testing Tue Dec 03 06:19:15 UTC 2019 /home/travis/build/icyphy/ptII/ptolemy/domains/continuous/test/auto/V2V.xml
----------------- Instantiating /home/travis/build/icyphy/ptII/ptolemy/domains/continuous/test/auto/V2V.xml
894 ms. Memory: 367616K Free: 172197K (47%)
----------------- Invoking toplevel() on ptolemy.moml.MoMLSimpleApplication@7984f451
----------------- Done invoking toplevel() on ptolemy.moml.MoMLSimpleApplication@7984f451
reloadAllAccessors: .V2V

===========================================================================================
----------------- testing Tue Dec 03 06:19:16 UTC 2019 /home/travis/build/icyphy/ptII/ptolemy/domains/continuous/test/auto/hierarchicalModalModel.xml
----------------- Instantiating /home/travis/build/icyphy/ptII/ptolemy/domains/continuous/test/auto/hierarchicalModalModel.xml
9 ms. Memory: 367616K Free: 157853K (43%)
----------------- Invoking toplevel() on ptolemy.moml.MoMLSimpleApplication@6bdee708
----------------- Done invoking toplevel() on ptolemy.moml.MoMLSimpleApplication@6bdee708
reloadAllAccessors: .hierarchicalModalModel

===========================================================================================
----------------- testing Tue Dec 03 06:19:16 UTC 2019 /home/travis/build/icyphy/ptII/ptolemy/domains/continuous/test/auto/hierarchicalModalModel1.xml
----------------- Instantiating /home/travis/build/icyphy/ptII/ptolemy/domains/continuous/test/auto/hierarchicalModalModel1.xml
9 ms. Memory: 367616K Free: 143531K (39%)
----------------- Invoking toplevel() on ptolemy.moml.MoMLSimpleApplication@53ff4430
----------------- Done invoking toplevel() on ptolemy.moml.MoMLSimpleApplication@53ff4430
reloadAllAccessors: .hierarchicalModalModel1

===========================================================================================
----------------- testing Tue Dec 03 06:19:16 UTC 2019 /home/travis/build/icyphy/ptII/ptolemy/domains/continuous/test/auto/hierarchicalModalModel2.xml
----------------- Instantiating /home/travis/build/icyphy/ptII/ptolemy/domains/continuous/test/auto/hierarchicalModalModel2.xml
21 ms. Memory: 367616K Free: 345187K (94%)
----------------- Invoking toplevel() on ptolemy.moml.MoMLSimpleApplication@356981e9
----------------- Done invoking toplevel() on ptolemy.moml.MoMLSimpleApplication@356981e9
reloadAllAccessors: .hierarchicalModalModel2

===========================================================================================
----------------- testing Tue Dec 03 06:19:16 UTC 2019 /home/travis/build/icyphy/ptII/ptolemy/domains/continuous/test/auto/hierarchicalModalModel3.xml
----------------- Instantiating /home/travis/build/icyphy/ptII/ptolemy/domains/continuous/test/auto/hierarchicalModalModel3.xml
14 ms. Memory: 367616K Free: 333985K (91%)
----------------- Invoking toplevel() on ptolemy.moml.MoMLSimpleApplication@14eee5e9
----------------- Done invoking toplevel() on ptolemy.moml.MoMLSimpleApplication@14eee5e9
reloadAllAccessors: .hierarchicalModalModel3

===========================================================================================
----------------- testing Tue Dec 03 06:19:16 UTC 2019 /home/travis/build/icyphy/ptII/ptolemy/domains/continuous/test/auto/hierarchicalModalModel4.xml
----------------- Instantiating /home/travis/build/icyphy/ptII/ptolemy/domains/continuous/test/auto/hierarchicalModalModel4.xml
5 ms. Memory: 367616K Free: 322211K (88%)
----------------- Invoking toplevel() on ptolemy.moml.MoMLSimpleApplication@3c8961b0
----------------- Done invoking toplevel() on ptolemy.moml.MoMLSimpleApplication@3c8961b0
reloadAllAccessors: .hierarchicalModalModel4

===========================================================================================
----------------- testing Tue Dec 03 06:19:16 UTC 2019 /home/travis/build/icyphy/ptII/ptolemy/domains/continuous/test/auto/junk.xml
----------------- Instantiating /home/travis/build/icyphy/ptII/ptolemy/domains/continuous/test/auto/junk.xml
166 ms. Memory: 367616K Free: 291491K (79%)
----------------- Invoking toplevel() on ptolemy.moml.MoMLSimpleApplication@28fc3a75
----------------- Done invoking toplevel() on ptolemy.moml.MoMLSimpleApplication@28fc3a75
reloadAllAccessors: .junk
AutoTests.java: About to close Vertx.
AutoTests.java: Vertx closed.
]]></system-out>
  <system-err><![CDATA[Warning: '.Poisson.NonStrictTest' The test produced only 392 tokens, yet the correctValues parameter was expecting 430 tokens.
]]></system-err>
</testsuite>
