<?xml version="1.0" encoding="UTF-8" ?>
<testsuite errors="0" failures="0" hostname="travis-job-12fa1817-a121-44b4-917d-dc797225d507" name="ptolemy.domains.continuous.test.junit.JUnitTclTest" skipped="0" tests="156" time="73.073" timestamp="2019-02-01T15:32:39">
  <properties>
[...]
</properties>
  <testcase classname="ptolemy.util.test.junit.TclTests" name="[0] ThereAreNoTclTests (RunTclFile)" time="0.001" />
  <testcase classname="ptolemy.util.test.junit.AutoKnownFailedTests" name="[0] ThereAreNoKnowFailedTests (RunModel)" time="0.001" />
  <testcase classname="ptolemy.util.test.junit.AutoNameArchTests" name="[0] ThereAreNoAutoArchTests (RunModel)" time="0.001" />
  <testcase classname="ptolemy.util.test.junit.AutoTests" name="[0] /home/travis/build/icyphy/ptII/ptolemy/domains/continuous/test/auto/BouncingBall.xml (RunModel)" time="2.911" />
  <testcase classname="ptolemy.util.test.junit.AutoTests" name="[1] /home/travis/build/icyphy/ptII/ptolemy/domains/continuous/test/auto/BouncingBallWithoutGR.xml (RunModel)" time="0.737" />
  <testcase classname="ptolemy.util.test.junit.AutoTests" name="[2] /home/travis/build/icyphy/ptII/ptolemy/domains/continuous/test/auto/Brownian.xml (RunModel)" time="0.104" />
  <testcase classname="ptolemy.util.test.junit.AutoTests" name="[3] /home/travis/build/icyphy/ptII/ptolemy/domains/continuous/test/auto/CarTracking.xml (RunModel)" time="3.76" />
  <testcase classname="ptolemy.util.test.junit.AutoTests" name="[4] /home/travis/build/icyphy/ptII/ptolemy/domains/continuous/test/auto/CartPendulum.xml (RunModel)" time="0.615" />
  <testcase classname="ptolemy.util.test.junit.AutoTests" name="[5] /home/travis/build/icyphy/ptII/ptolemy/domains/continuous/test/auto/CausalityInterface10.xml (RunModel)" time="0.054" />
  <testcase classname="ptolemy.util.test.junit.AutoTests" name="[6] /home/travis/build/icyphy/ptII/ptolemy/domains/continuous/test/auto/CausalityInterface11.xml (RunModel)" time="0.037" />
  <testcase classname="ptolemy.util.test.junit.AutoTests" name="[7] /home/travis/build/icyphy/ptII/ptolemy/domains/continuous/test/auto/CausalityInterface12.xml (RunModel)" time="0.036" />
  <testcase classname="ptolemy.util.test.junit.AutoTests" name="[8] /home/travis/build/icyphy/ptII/ptolemy/domains/continuous/test/auto/CausalityInterface13.xml (RunModel)" time="0.032" />
  <testcase classname="ptolemy.util.test.junit.AutoTests" name="[9] /home/travis/build/icyphy/ptII/ptolemy/domains/continuous/test/auto/CausalityInterface14.xml (RunModel)" time="0.022" />
  <testcase classname="ptolemy.util.test.junit.AutoTests" name="[10] /home/travis/build/icyphy/ptII/ptolemy/domains/continuous/test/auto/CausalityInterface4.xml (RunModel)" time="0.035" />
  <testcase classname="ptolemy.util.test.junit.AutoTests" name="[11] /home/travis/build/icyphy/ptII/ptolemy/domains/continuous/test/auto/CausalityInterface5.xml (RunModel)" time="0.042" />
  <testcase classname="ptolemy.util.test.junit.AutoTests" name="[12] /home/travis/build/icyphy/ptII/ptolemy/domains/continuous/test/auto/CausalityInterface6.xml (RunModel)" time="0.027" />
  <testcase classname="ptolemy.util.test.junit.AutoTests" name="[13] /home/travis/build/icyphy/ptII/ptolemy/domains/continuous/test/auto/CausalityInterface7.xml (RunModel)" time="0.043" />
  <testcase classname="ptolemy.util.test.junit.AutoTests" name="[14] /home/travis/build/icyphy/ptII/ptolemy/domains/continuous/test/auto/CausalityInterface8.xml (RunModel)" time="0.034" />
  <testcase classname="ptolemy.util.test.junit.AutoTests" name="[15] /home/travis/build/icyphy/ptII/ptolemy/domains/continuous/test/auto/CausalityInterface9.xml (RunModel)" time="0.045" />
  <testcase classname="ptolemy.util.test.junit.AutoTests" name="[16] /home/travis/build/icyphy/ptII/ptolemy/domains/continuous/test/auto/CausalityInterfaceFeedback1.xml (RunModel)" time="0.028" />
  <testcase classname="ptolemy.util.test.junit.AutoTests" name="[17] /home/travis/build/icyphy/ptII/ptolemy/domains/continuous/test/auto/CausalityInterfaceFeedback2.xml (RunModel)" time="0.031" />
  <testcase classname="ptolemy.util.test.junit.AutoTests" name="[18] /home/travis/build/icyphy/ptII/ptolemy/domains/continuous/test/auto/CompareWithCurrentTime.xml (RunModel)" time="0.025" />
  <testcase classname="ptolemy.util.test.junit.AutoTests" name="[19] /home/travis/build/icyphy/ptII/ptolemy/domains/continuous/test/auto/ComparedClocks.xml (RunModel)" time="0.067" />
  <testcase classname="ptolemy.util.test.junit.AutoTests" name="[20] /home/travis/build/icyphy/ptII/ptolemy/domains/continuous/test/auto/ContinuousAOCClone.xml (RunModel)" time="2.654" />
  <testcase classname="ptolemy.util.test.junit.AutoTests" name="[21] /home/travis/build/icyphy/ptII/ptolemy/domains/continuous/test/auto/ContinuousClock.xml (RunModel)" time="0.089" />
  <testcase classname="ptolemy.util.test.junit.AutoTests" name="[22] /home/travis/build/icyphy/ptII/ptolemy/domains/continuous/test/auto/ContinuousInContinuous.xml (RunModel)" time="0.084" />
  <testcase classname="ptolemy.util.test.junit.AutoTests" name="[23] /home/travis/build/icyphy/ptII/ptolemy/domains/continuous/test/auto/ContinuousInContinuousInContinuous.xml (RunModel)" time="0.026" />
  <testcase classname="ptolemy.util.test.junit.AutoTests" name="[24] /home/travis/build/icyphy/ptII/ptolemy/domains/continuous/test/auto/ContinuousInDE.xml (RunModel)" time="0.113" />
  <testcase classname="ptolemy.util.test.junit.AutoTests" name="[25] /home/travis/build/icyphy/ptII/ptolemy/domains/continuous/test/auto/ContinuousInDE2.xml (RunModel)" time="0.055" />
  <testcase classname="ptolemy.util.test.junit.AutoTests" name="[26] /home/travis/build/icyphy/ptII/ptolemy/domains/continuous/test/auto/ContinuousInDE3.xml (RunModel)" time="0.052" />
  <testcase classname="ptolemy.util.test.junit.AutoTests" name="[27] /home/travis/build/icyphy/ptII/ptolemy/domains/continuous/test/auto/ContinuousInDE4.xml (RunModel)" time="0.032" />
  <testcase classname="ptolemy.util.test.junit.AutoTests" name="[28] /home/travis/build/icyphy/ptII/ptolemy/domains/continuous/test/auto/ContinuousInDEDifferentRefinements.xml (RunModel)" time="0.11" />
  <testcase classname="ptolemy.util.test.junit.AutoTests" name="[29] /home/travis/build/icyphy/ptII/ptolemy/domains/continuous/test/auto/ContinuousInDEDifferentRefinementsPreemptive.xml (RunModel)" time="0.088" />
  <testcase classname="ptolemy.util.test.junit.AutoTests" name="[30] /home/travis/build/icyphy/ptII/ptolemy/domains/continuous/test/auto/ContinuousInDEInContinuous2.xml (RunModel)" time="0.062" />
  <testcase classname="ptolemy.util.test.junit.AutoTests" name="[31] /home/travis/build/icyphy/ptII/ptolemy/domains/continuous/test/auto/ContinuousInDEInContinuous3.xml (RunModel)" time="0.056" />
  <testcase classname="ptolemy.util.test.junit.AutoTests" name="[32] /home/travis/build/icyphy/ptII/ptolemy/domains/continuous/test/auto/ContinuousInDEInput.xml (RunModel)" time="0.044" />
  <testcase classname="ptolemy.util.test.junit.AutoTests" name="[33] /home/travis/build/icyphy/ptII/ptolemy/domains/continuous/test/auto/ContinuousInDEInput2.xml (RunModel)" time="0.038" />
  <testcase classname="ptolemy.util.test.junit.AutoTests" name="[34] /home/travis/build/icyphy/ptII/ptolemy/domains/continuous/test/auto/ContinuousInDEInput3.xml (RunModel)" time="0.035" />
  <testcase classname="ptolemy.util.test.junit.AutoTests" name="[35] /home/travis/build/icyphy/ptII/ptolemy/domains/continuous/test/auto/ContinuousInDESharingRefinement.xml (RunModel)" time="0.166" />
  <testcase classname="ptolemy.util.test.junit.AutoTests" name="[36] /home/travis/build/icyphy/ptII/ptolemy/domains/continuous/test/auto/ContinuousInDEwithNoPorts.xml (RunModel)" time="0.019" />
  <testcase classname="ptolemy.util.test.junit.AutoTests" name="[37] /home/travis/build/icyphy/ptII/ptolemy/domains/continuous/test/auto/ContinuousInsideDE.xml (RunModel)" time="0.086" />
  <testcase classname="ptolemy.util.test.junit.AutoTests" name="[38] /home/travis/build/icyphy/ptII/ptolemy/domains/continuous/test/auto/ContinuousMerge1.xml (RunModel)" time="0.019" />
  <testcase classname="ptolemy.util.test.junit.AutoTests" name="[39] /home/travis/build/icyphy/ptII/ptolemy/domains/continuous/test/auto/ContinuousMerge2.xml (RunModel)" time="0.045" />
  <testcase classname="ptolemy.util.test.junit.AutoTests" name="[40] /home/travis/build/icyphy/ptII/ptolemy/domains/continuous/test/auto/ContinuousMerge3.xml (RunModel)" time="0.076" />
  <testcase classname="ptolemy.util.test.junit.AutoTests" name="[41] /home/travis/build/icyphy/ptII/ptolemy/domains/continuous/test/auto/ContinuousWithinContinuous.xml (RunModel)" time="0.071" />
  <testcase classname="ptolemy.util.test.junit.AutoTests" name="[42] /home/travis/build/icyphy/ptII/ptolemy/domains/continuous/test/auto/ContinuousWithinContinuous2.xml (RunModel)" time="0.099" />
  <testcase classname="ptolemy.util.test.junit.AutoTests" name="[43] /home/travis/build/icyphy/ptII/ptolemy/domains/continuous/test/auto/ContinuousWithinContinuous3.xml (RunModel)" time="0.032" />
  <testcase classname="ptolemy.util.test.junit.AutoTests" name="[44] /home/travis/build/icyphy/ptII/ptolemy/domains/continuous/test/auto/ContinuousWithinContinuous4.xml (RunModel)" time="0.09" />
  <testcase classname="ptolemy.util.test.junit.AutoTests" name="[45] /home/travis/build/icyphy/ptII/ptolemy/domains/continuous/test/auto/ContinuousWithinContinuous5.xml (RunModel)" time="0.044" />
  <testcase classname="ptolemy.util.test.junit.AutoTests" name="[46] /home/travis/build/icyphy/ptII/ptolemy/domains/continuous/test/auto/ContinuousWithinContinuous6.xml (RunModel)" time="0.028" />
  <testcase classname="ptolemy.util.test.junit.AutoTests" name="[47] /home/travis/build/icyphy/ptII/ptolemy/domains/continuous/test/auto/ContinuousWithinContinuous7.xml (RunModel)" time="0.083" />
  <testcase classname="ptolemy.util.test.junit.AutoTests" name="[48] /home/travis/build/icyphy/ptII/ptolemy/domains/continuous/test/auto/DCMotor.xml (RunModel)" time="14.908" />
  <testcase classname="ptolemy.util.test.junit.AutoTests" name="[49] /home/travis/build/icyphy/ptII/ptolemy/domains/continuous/test/auto/DEInContinuous.xml (RunModel)" time="0.029" />
  <testcase classname="ptolemy.util.test.junit.AutoTests" name="[50] /home/travis/build/icyphy/ptII/ptolemy/domains/continuous/test/auto/DEinContinuous2.xml (RunModel)" time="0.031" />
  <testcase classname="ptolemy.util.test.junit.AutoTests" name="[51] /home/travis/build/icyphy/ptII/ptolemy/domains/continuous/test/auto/Derivative.xml (RunModel)" time="0.188" />
  <testcase classname="ptolemy.util.test.junit.AutoTests" name="[52] /home/travis/build/icyphy/ptII/ptolemy/domains/continuous/test/auto/Derivative1.xml (RunModel)" time="0.046" />
  <testcase classname="ptolemy.util.test.junit.AutoTests" name="[53] /home/travis/build/icyphy/ptII/ptolemy/domains/continuous/test/auto/DiscreteClock.xml (RunModel)" time="0.015" />
  <testcase classname="ptolemy.util.test.junit.AutoTests" name="[54] /home/travis/build/icyphy/ptII/ptolemy/domains/continuous/test/auto/EfficiencyCurve.xml (RunModel)" time="0.123" />
  <testcase classname="ptolemy.util.test.junit.AutoTests" name="[55] /home/travis/build/icyphy/ptII/ptolemy/domains/continuous/test/auto/ExponentialResponse.xml (RunModel)" time="0.118" />
  <testcase classname="ptolemy.util.test.junit.AutoTests" name="[56] /home/travis/build/icyphy/ptII/ptolemy/domains/continuous/test/auto/ExponentialResponseRK45.xml (RunModel)" time="0.035" />
  <testcase classname="ptolemy.util.test.junit.AutoTests" name="[57] /home/travis/build/icyphy/ptII/ptolemy/domains/continuous/test/auto/Friction.xml (RunModel)" time="1.406" />
  <testcase classname="ptolemy.util.test.junit.AutoTests" name="[58] /home/travis/build/icyphy/ptII/ptolemy/domains/continuous/test/auto/FurutaPendulum.xml (RunModel)" time="3.319" />
  <testcase classname="ptolemy.util.test.junit.AutoTests" name="[59] /home/travis/build/icyphy/ptII/ptolemy/domains/continuous/test/auto/HierarchicalExecution.xml (RunModel)" time="1.896" />
  <testcase classname="ptolemy.util.test.junit.AutoTests" name="[60] /home/travis/build/icyphy/ptII/ptolemy/domains/continuous/test/auto/HybridPlant.xml (RunModel)" time="0.528" />
  <testcase classname="ptolemy.util.test.junit.AutoTests" name="[61] /home/travis/build/icyphy/ptII/ptolemy/domains/continuous/test/auto/Hysteresis.xml (RunModel)" time="0.165" />
  <testcase classname="ptolemy.util.test.junit.AutoTests" name="[62] /home/travis/build/icyphy/ptII/ptolemy/domains/continuous/test/auto/HysteresisWithRandomDelay.xml (RunModel)" time="0.19" />
  <testcase classname="ptolemy.util.test.junit.AutoTests" name="[63] /home/travis/build/icyphy/ptII/ptolemy/domains/continuous/test/auto/HysteresisWithRandomLosses.xml (RunModel)" time="2.153" />
  <testcase classname="ptolemy.util.test.junit.AutoTests" name="[64] /home/travis/build/icyphy/ptII/ptolemy/domains/continuous/test/auto/ImmediateTransitions.xml (RunModel)" time="0.025" />
  <testcase classname="ptolemy.util.test.junit.AutoTests" name="[65] /home/travis/build/icyphy/ptII/ptolemy/domains/continuous/test/auto/ImpulseFeedback.xml (RunModel)" time="0.027" />
  <testcase classname="ptolemy.util.test.junit.AutoTests" name="[66] /home/travis/build/icyphy/ptII/ptolemy/domains/continuous/test/auto/ImpulseFeedback2.xml (RunModel)" time="0.02" />
  <testcase classname="ptolemy.util.test.junit.AutoTests" name="[67] /home/travis/build/icyphy/ptII/ptolemy/domains/continuous/test/auto/IncreasingRatePoisson.xml (RunModel)" time="0.638" />
  <testcase classname="ptolemy.util.test.junit.AutoTests" name="[68] /home/travis/build/icyphy/ptII/ptolemy/domains/continuous/test/auto/InitialStateFeedback.xml (RunModel)" time="0.022" />
  <testcase classname="ptolemy.util.test.junit.AutoTests" name="[69] /home/travis/build/icyphy/ptII/ptolemy/domains/continuous/test/auto/Integration.xml (RunModel)" time="0.009" />
  <testcase classname="ptolemy.util.test.junit.AutoTests" name="[70] /home/travis/build/icyphy/ptII/ptolemy/domains/continuous/test/auto/Integration2.xml (RunModel)" time="0.098" />
  <testcase classname="ptolemy.util.test.junit.AutoTests" name="[71] /home/travis/build/icyphy/ptII/ptolemy/domains/continuous/test/auto/Integration3.xml (RunModel)" time="0.022" />
  <testcase classname="ptolemy.util.test.junit.AutoTests" name="[72] /home/travis/build/icyphy/ptII/ptolemy/domains/continuous/test/auto/Integration5.xml (RunModel)" time="0.027" />
  <testcase classname="ptolemy.util.test.junit.AutoTests" name="[73] /home/travis/build/icyphy/ptII/ptolemy/domains/continuous/test/auto/IntegratorImpulse.xml (RunModel)" time="0.013" />
  <testcase classname="ptolemy.util.test.junit.AutoTests" name="[74] /home/travis/build/icyphy/ptII/ptolemy/domains/continuous/test/auto/IntegratorImpulse2.xml (RunModel)" time="0.014" />
  <testcase classname="ptolemy.util.test.junit.AutoTests" name="[75] /home/travis/build/icyphy/ptII/ptolemy/domains/continuous/test/auto/LevelCrossing1.xml (RunModel)" time="0.01" />
  <testcase classname="ptolemy.util.test.junit.AutoTests" name="[76] /home/travis/build/icyphy/ptII/ptolemy/domains/continuous/test/auto/LevelCrossing2.xml (RunModel)" time="0.012" />
  <testcase classname="ptolemy.util.test.junit.AutoTests" name="[77] /home/travis/build/icyphy/ptII/ptolemy/domains/continuous/test/auto/LevelCrossing3.xml (RunModel)" time="0.017" />
  <testcase classname="ptolemy.util.test.junit.AutoTests" name="[78] /home/travis/build/icyphy/ptII/ptolemy/domains/continuous/test/auto/LevelCrossing4.xml (RunModel)" time="0.012" />
  <testcase classname="ptolemy.util.test.junit.AutoTests" name="[79] /home/travis/build/icyphy/ptII/ptolemy/domains/continuous/test/auto/LevelCrossing5.xml (RunModel)" time="0.014" />
  <testcase classname="ptolemy.util.test.junit.AutoTests" name="[80] /home/travis/build/icyphy/ptII/ptolemy/domains/continuous/test/auto/LevelCrossing6.xml (RunModel)" time="0.015" />
  <testcase classname="ptolemy.util.test.junit.AutoTests" name="[81] /home/travis/build/icyphy/ptII/ptolemy/domains/continuous/test/auto/LevelCrossingDetector.xml (RunModel)" time="0.043" />
  <testcase classname="ptolemy.util.test.junit.AutoTests" name="[82] /home/travis/build/icyphy/ptII/ptolemy/domains/continuous/test/auto/LevelCrossingDetectorDetectingDirections.xml (RunModel)" time="0.079" />
  <testcase classname="ptolemy.util.test.junit.AutoTests" name="[83] /home/travis/build/icyphy/ptII/ptolemy/domains/continuous/test/auto/LevelCrossingDetectorDetectsGlitches.xml (RunModel)" time="0.067" />
  <testcase classname="ptolemy.util.test.junit.AutoTests" name="[84] /home/travis/build/icyphy/ptII/ptolemy/domains/continuous/test/auto/LevelCrossingNoInitialOuput.xml (RunModel)" time="0.018" />
  <testcase classname="ptolemy.util.test.junit.AutoTests" name="[85] /home/travis/build/icyphy/ptII/ptolemy/domains/continuous/test/auto/LinearStateSpaceExample.xml (RunModel)" time="0.046" />
  <testcase classname="ptolemy.util.test.junit.AutoTests" name="[86] /home/travis/build/icyphy/ptII/ptolemy/domains/continuous/test/auto/Lorenz.xml (RunModel)" time="3.92" />
  <testcase classname="ptolemy.util.test.junit.AutoTests" name="[87] /home/travis/build/icyphy/ptII/ptolemy/domains/continuous/test/auto/LorenzDifferentialSystem.xml (RunModel)" time="1.215" />
  <testcase classname="ptolemy.util.test.junit.AutoTests" name="[88] /home/travis/build/icyphy/ptII/ptolemy/domains/continuous/test/auto/LorenzDifferentialSystemWithInput.xml (RunModel)" time="1.359" />
  <testcase classname="ptolemy.util.test.junit.AutoTests" name="[89] /home/travis/build/icyphy/ptII/ptolemy/domains/continuous/test/auto/LorenzDifferentialSystemWithTime.xml (RunModel)" time="0.707" />
  <testcase classname="ptolemy.util.test.junit.AutoTests" name="[90] /home/travis/build/icyphy/ptII/ptolemy/domains/continuous/test/auto/Microsteps.xml (RunModel)" time="0.016" />
  <testcase classname="ptolemy.util.test.junit.AutoTests" name="[91] /home/travis/build/icyphy/ptII/ptolemy/domains/continuous/test/auto/Modal1.xml (RunModel)" time="0.044" />
  <testcase classname="ptolemy.util.test.junit.AutoTests" name="[92] /home/travis/build/icyphy/ptII/ptolemy/domains/continuous/test/auto/Modal2.xml (RunModel)" time="0.032" />
  <testcase classname="ptolemy.util.test.junit.AutoTests" name="[93] /home/travis/build/icyphy/ptII/ptolemy/domains/continuous/test/auto/ModalTransitionGuardWithReset.xml (RunModel)" time="0.019" />
  <testcase classname="ptolemy.util.test.junit.AutoTests" name="[94] /home/travis/build/icyphy/ptII/ptolemy/domains/continuous/test/auto/ModalTransitionGuardWithResetUsingPreemptiveTransition.xml (RunModel)" time="0.019" />
  <testcase classname="ptolemy.util.test.junit.AutoTests" name="[95] /home/travis/build/icyphy/ptII/ptolemy/domains/continuous/test/auto/ModalTransitionGuardWithResetUsingPreemptiveTransition2.xml (RunModel)" time="0.042" />
  <testcase classname="ptolemy.util.test.junit.AutoTests" name="[96] /home/travis/build/icyphy/ptII/ptolemy/domains/continuous/test/auto/ModalTransitionGuardWithResetUsingPreemptiveTransition3.xml (RunModel)" time="0.035" />
  <testcase classname="ptolemy.util.test.junit.AutoTests" name="[97] /home/travis/build/icyphy/ptII/ptolemy/domains/continuous/test/auto/NewtonsCradle.xml (RunModel)" time="0.895" />
  <testcase classname="ptolemy.util.test.junit.AutoTests" name="[98] /home/travis/build/icyphy/ptII/ptolemy/domains/continuous/test/auto/NewtonsCradleAnimated.xml (RunModel)" time="1.182" />
  <testcase classname="ptolemy.util.test.junit.AutoTests" name="[99] /home/travis/build/icyphy/ptII/ptolemy/domains/continuous/test/auto/NewtonsCradleComplicated.xml (RunModel)" time="0.877" />
  <testcase classname="ptolemy.util.test.junit.AutoTests" name="[100] /home/travis/build/icyphy/ptII/ptolemy/domains/continuous/test/auto/NewtonsCradleNondeterministic.xml (RunModel)" time="0.625" />
  <testcase classname="ptolemy.util.test.junit.AutoTests" name="[101] /home/travis/build/icyphy/ptII/ptolemy/domains/continuous/test/auto/NewtonsCradlePerfectlyInelastic1.xml (RunModel)" time="1.151" />
  <testcase classname="ptolemy.util.test.junit.AutoTests" name="[102] /home/travis/build/icyphy/ptII/ptolemy/domains/continuous/test/auto/Noise.xml (RunModel)" time="0.176" />
  <testcase classname="ptolemy.util.test.junit.AutoTests" name="[103] /home/travis/build/icyphy/ptII/ptolemy/domains/continuous/test/auto/NoiseSpectrum.xml (RunModel)" time="0.772" />
  <testcase classname="ptolemy.util.test.junit.AutoTests" name="[104] /home/travis/build/icyphy/ptII/ptolemy/domains/continuous/test/auto/ParameterizedNewtonsCradleAnimated.xml (RunModel)" time="0.357" />
  <testcase classname="ptolemy.util.test.junit.AutoTests" name="[105] /home/travis/build/icyphy/ptII/ptolemy/domains/continuous/test/auto/ParameterizedNewtonsCradleAnimatedNondeterministic.xml (RunModel)" time="1.126" />
  <testcase classname="ptolemy.util.test.junit.AutoTests" name="[106] /home/travis/build/icyphy/ptII/ptolemy/domains/continuous/test/auto/Pendulum3D.xml (RunModel)" time="0.173" />
  <testcase classname="ptolemy.util.test.junit.AutoTests" name="[107] /home/travis/build/icyphy/ptII/ptolemy/domains/continuous/test/auto/PeriodicSampler.xml (RunModel)" time="0.009" />
  <testcase classname="ptolemy.util.test.junit.AutoTests" name="[108] /home/travis/build/icyphy/ptII/ptolemy/domains/continuous/test/auto/PeriodicSampler1.xml (RunModel)" time="0.043" />
  <testcase classname="ptolemy.util.test.junit.AutoTests" name="[109] /home/travis/build/icyphy/ptII/ptolemy/domains/continuous/test/auto/PeriodicSampler2.xml (RunModel)" time="0.066" />
  <testcase classname="ptolemy.util.test.junit.AutoTests" name="[110] /home/travis/build/icyphy/ptII/ptolemy/domains/continuous/test/auto/Poisson.xml (RunModel)" time="0.41" />
  <testcase classname="ptolemy.util.test.junit.AutoTests" name="[111] /home/travis/build/icyphy/ptII/ptolemy/domains/continuous/test/auto/PoissonClock.xml (RunModel)" time="0.017" />
  <testcase classname="ptolemy.util.test.junit.AutoTests" name="[112] /home/travis/build/icyphy/ptII/ptolemy/domains/continuous/test/auto/PoissonClock2.xml (RunModel)" time="0.016" />
  <testcase classname="ptolemy.util.test.junit.AutoTests" name="[113] /home/travis/build/icyphy/ptII/ptolemy/domains/continuous/test/auto/PortParameterHierarchy.xml (RunModel)" time="0.017" />
  <testcase classname="ptolemy.util.test.junit.AutoTests" name="[114] /home/travis/build/icyphy/ptII/ptolemy/domains/continuous/test/auto/RandomHybridPlant.xml (RunModel)" time="0.521" />
  <testcase classname="ptolemy.util.test.junit.AutoTests" name="[115] /home/travis/build/icyphy/ptII/ptolemy/domains/continuous/test/auto/ResetTransitionWithStartTime1.xml (RunModel)" time="0.023" />
  <testcase classname="ptolemy.util.test.junit.AutoTests" name="[116] /home/travis/build/icyphy/ptII/ptolemy/domains/continuous/test/auto/ResetTransitionWithStartTime2.xml (RunModel)" time="0.035" />
  <testcase classname="ptolemy.util.test.junit.AutoTests" name="[117] /home/travis/build/icyphy/ptII/ptolemy/domains/continuous/test/auto/ResetTransitionWithStartTime3.xml (RunModel)" time="0.042" />
  <testcase classname="ptolemy.util.test.junit.AutoTests" name="[118] /home/travis/build/icyphy/ptII/ptolemy/domains/continuous/test/auto/ResetTransitionWithStartTime4.xml (RunModel)" time="0.022" />
  <testcase classname="ptolemy.util.test.junit.AutoTests" name="[119] /home/travis/build/icyphy/ptII/ptolemy/domains/continuous/test/auto/ResetTransitionWithStartTime5.xml (RunModel)" time="0.031" />
  <testcase classname="ptolemy.util.test.junit.AutoTests" name="[120] /home/travis/build/icyphy/ptII/ptolemy/domains/continuous/test/auto/ResetTransitionWithStartTime6.xml (RunModel)" time="0.037" />
  <testcase classname="ptolemy.util.test.junit.AutoTests" name="[121] /home/travis/build/icyphy/ptII/ptolemy/domains/continuous/test/auto/SRinContinuous.xml (RunModel)" time="0.019" />
  <testcase classname="ptolemy.util.test.junit.AutoTests" name="[122] /home/travis/build/icyphy/ptII/ptolemy/domains/continuous/test/auto/SampledClocks.xml (RunModel)" time="0.025" />
  <testcase classname="ptolemy.util.test.junit.AutoTests" name="[123] /home/travis/build/icyphy/ptII/ptolemy/domains/continuous/test/auto/Satellite.xml (RunModel)" time="0.844" />
  <testcase classname="ptolemy.util.test.junit.AutoTests" name="[124] /home/travis/build/icyphy/ptII/ptolemy/domains/continuous/test/auto/SigmaDelta.xml (RunModel)" time="2.197" />
  <testcase classname="ptolemy.util.test.junit.AutoTests" name="[125] /home/travis/build/icyphy/ptII/ptolemy/domains/continuous/test/auto/SingleRefinement.xml (RunModel)" time="0.379" />
  <testcase classname="ptolemy.util.test.junit.AutoTests" name="[126] /home/travis/build/icyphy/ptII/ptolemy/domains/continuous/test/auto/SinuBouncingBall.xml (RunModel)" time="0.821" />
  <testcase classname="ptolemy.util.test.junit.AutoTests" name="[127] /home/travis/build/icyphy/ptII/ptolemy/domains/continuous/test/auto/Sinusoid.xml (RunModel)" time="0.021" />
  <testcase classname="ptolemy.util.test.junit.AutoTests" name="[128] /home/travis/build/icyphy/ptII/ptolemy/domains/continuous/test/auto/SinusoidInNoise.xml (RunModel)" time="0.958" />
  <testcase classname="ptolemy.util.test.junit.AutoTests" name="[129] /home/travis/build/icyphy/ptII/ptolemy/domains/continuous/test/auto/SinusoidRK45.xml (RunModel)" time="0.008" />
  <testcase classname="ptolemy.util.test.junit.AutoTests" name="[130] /home/travis/build/icyphy/ptII/ptolemy/domains/continuous/test/auto/SinusoidWithMultipleImpulses.xml (RunModel)" time="0.009" />
  <testcase classname="ptolemy.util.test.junit.AutoTests" name="[131] /home/travis/build/icyphy/ptII/ptolemy/domains/continuous/test/auto/SquareWave.xml (RunModel)" time="0.175" />
  <testcase classname="ptolemy.util.test.junit.AutoTests" name="[132] /home/travis/build/icyphy/ptII/ptolemy/domains/continuous/test/auto/Starmac.xml (RunModel)" time="3.356" />
  <testcase classname="ptolemy.util.test.junit.AutoTests" name="[133] /home/travis/build/icyphy/ptII/ptolemy/domains/continuous/test/auto/StaticUnits.xml (RunModel)" time="2.543" />
  <testcase classname="ptolemy.util.test.junit.AutoTests" name="[134] /home/travis/build/icyphy/ptII/ptolemy/domains/continuous/test/auto/StickyMasses.xml (RunModel)" time="0.17" />
  <testcase classname="ptolemy.util.test.junit.AutoTests" name="[135] /home/travis/build/icyphy/ptII/ptolemy/domains/continuous/test/auto/StopTime.xml (RunModel)" time="0.062" />
  <testcase classname="ptolemy.util.test.junit.AutoTests" name="[136] /home/travis/build/icyphy/ptII/ptolemy/domains/continuous/test/auto/StopTime2.xml (RunModel)" time="0.053" />
  <testcase classname="ptolemy.util.test.junit.AutoTests" name="[137] /home/travis/build/icyphy/ptII/ptolemy/domains/continuous/test/auto/Switch.xml (RunModel)" time="0.063" />
  <testcase classname="ptolemy.util.test.junit.AutoTests" name="[138] /home/travis/build/icyphy/ptII/ptolemy/domains/continuous/test/auto/Thermostat.xml (RunModel)" time="0.199" />
  <testcase classname="ptolemy.util.test.junit.AutoTests" name="[139] /home/travis/build/icyphy/ptII/ptolemy/domains/continuous/test/auto/TimeDelay.xml (RunModel)" time="0.012" />
  <testcase classname="ptolemy.util.test.junit.AutoTests" name="[140] /home/travis/build/icyphy/ptII/ptolemy/domains/continuous/test/auto/TimeDelay2.xml (RunModel)" time="0.022" />
  <testcase classname="ptolemy.util.test.junit.AutoTests" name="[141] /home/travis/build/icyphy/ptII/ptolemy/domains/continuous/test/auto/TimeDelay3.xml (RunModel)" time="0.009" />
  <testcase classname="ptolemy.util.test.junit.AutoTests" name="[142] /home/travis/build/icyphy/ptII/ptolemy/domains/continuous/test/auto/TransferAbsentToInside.xml (RunModel)" time="0.096" />
  <testcase classname="ptolemy.util.test.junit.AutoTests" name="[143] /home/travis/build/icyphy/ptII/ptolemy/domains/continuous/test/auto/Transmission.xml (RunModel)" time="0.707" />
  <testcase classname="ptolemy.util.test.junit.AutoTests" name="[144] /home/travis/build/icyphy/ptII/ptolemy/domains/continuous/test/auto/TriggeredContinuousClock.xml (RunModel)" time="0.059" />
  <testcase classname="ptolemy.util.test.junit.AutoTests" name="[145] /home/travis/build/icyphy/ptII/ptolemy/domains/continuous/test/auto/TwoMachineInfiniteBusControl.xml (RunModel)" time="2.757" />
  <testcase classname="ptolemy.util.test.junit.AutoTests" name="[146] /home/travis/build/icyphy/ptII/ptolemy/domains/continuous/test/auto/V2V.xml (RunModel)" time="0.836" />
  <testcase classname="ptolemy.util.test.junit.AutoTests" name="[147] /home/travis/build/icyphy/ptII/ptolemy/domains/continuous/test/auto/hierarchicalModalModel.xml (RunModel)" time="0.029" />
  <testcase classname="ptolemy.util.test.junit.AutoTests" name="[148] /home/travis/build/icyphy/ptII/ptolemy/domains/continuous/test/auto/hierarchicalModalModel1.xml (RunModel)" time="0.036" />
  <testcase classname="ptolemy.util.test.junit.AutoTests" name="[149] /home/travis/build/icyphy/ptII/ptolemy/domains/continuous/test/auto/hierarchicalModalModel2.xml (RunModel)" time="0.026" />
  <testcase classname="ptolemy.util.test.junit.AutoTests" name="[150] /home/travis/build/icyphy/ptII/ptolemy/domains/continuous/test/auto/hierarchicalModalModel3.xml (RunModel)" time="0.024" />
  <testcase classname="ptolemy.util.test.junit.AutoTests" name="[151] /home/travis/build/icyphy/ptII/ptolemy/domains/continuous/test/auto/hierarchicalModalModel4.xml (RunModel)" time="0.023" />
  <testcase classname="ptolemy.util.test.junit.AutoTests" name="[152] /home/travis/build/icyphy/ptII/ptolemy/domains/continuous/test/auto/junk.xml (RunModel)" time="0.158" />
  <system-out><![CDATA[No tcl tests in /home/travis/build/icyphy/ptII/ptolemy/domains/continuous/test
No auto/knownFailedTests/*.xml tests in /home/travis/build/icyphy/ptII/ptolemy/domains/continuous/test
No auto/linux-amd64/*.xml tests in /home/travis/build/icyphy/ptII/ptolemy/domains/continuous/test
AutoTests.java: About to close Vertx.
AutoTests.java: Vertx closed.

===========================================================================================
----------------- testing Fri Feb 01 15:32:40 UTC 2019 /home/travis/build/icyphy/ptII/ptolemy/domains/continuous/test/auto/BouncingBall.xml
----------------- Instantiating /home/travis/build/icyphy/ptII/ptolemy/domains/continuous/test/auto/BouncingBall.xml
2447 ms. Memory: 331264K Free: 262834K (79%)
----------------- Invoking toplevel() on ptolemy.moml.MoMLSimpleApplication@551a00ec
----------------- Done invoking toplevel() on ptolemy.moml.MoMLSimpleApplication@551a00ec
reloadAllAccessors: .BouncingBall

===========================================================================================
----------------- testing Fri Feb 01 15:32:42 UTC 2019 /home/travis/build/icyphy/ptII/ptolemy/domains/continuous/test/auto/BouncingBallWithoutGR.xml
----------------- Instantiating /home/travis/build/icyphy/ptII/ptolemy/domains/continuous/test/auto/BouncingBallWithoutGR.xml
673 ms. Memory: 331776K Free: 317994K (96%)
----------------- Invoking toplevel() on ptolemy.moml.MoMLSimpleApplication@1b0cea00
----------------- Done invoking toplevel() on ptolemy.moml.MoMLSimpleApplication@1b0cea00
reloadAllAccessors: .BouncingBallWithoutGR

===========================================================================================
----------------- testing Fri Feb 01 15:32:43 UTC 2019 /home/travis/build/icyphy/ptII/ptolemy/domains/continuous/test/auto/Brownian.xml
----------------- Instantiating /home/travis/build/icyphy/ptII/ptolemy/domains/continuous/test/auto/Brownian.xml
36 ms. Memory: 331776K Free: 304301K (92%)
----------------- Invoking toplevel() on ptolemy.moml.MoMLSimpleApplication@68a164ce
----------------- Done invoking toplevel() on ptolemy.moml.MoMLSimpleApplication@68a164ce
reloadAllAccessors: .Brownian

===========================================================================================
----------------- testing Fri Feb 01 15:32:43 UTC 2019 /home/travis/build/icyphy/ptII/ptolemy/domains/continuous/test/auto/CarTracking.xml
----------------- Instantiating /home/travis/build/icyphy/ptII/ptolemy/domains/continuous/test/auto/CarTracking.xml
3277 ms. Memory: 551936K Free: 424275K (77%)
----------------- Invoking toplevel() on ptolemy.moml.MoMLSimpleApplication@79f1d114
----------------- Done invoking toplevel() on ptolemy.moml.MoMLSimpleApplication@79f1d114
reloadAllAccessors: .CarTracking

===========================================================================================
----------------- testing Fri Feb 01 15:32:47 UTC 2019 /home/travis/build/icyphy/ptII/ptolemy/domains/continuous/test/auto/CartPendulum.xml
----------------- Instantiating /home/travis/build/icyphy/ptII/ptolemy/domains/continuous/test/auto/CartPendulum.xml
465 ms. Memory: 551936K Free: 317066K (57%)
----------------- Invoking toplevel() on ptolemy.moml.MoMLSimpleApplication@45b4f25
----------------- Done invoking toplevel() on ptolemy.moml.MoMLSimpleApplication@45b4f25
reloadAllAccessors: .CartPendulum

===========================================================================================
----------------- testing Fri Feb 01 15:32:48 UTC 2019 /home/travis/build/icyphy/ptII/ptolemy/domains/continuous/test/auto/CausalityInterface10.xml
----------------- Instantiating /home/travis/build/icyphy/ptII/ptolemy/domains/continuous/test/auto/CausalityInterface10.xml
11 ms. Memory: 551936K Free: 304565K (55%)
----------------- Invoking toplevel() on ptolemy.moml.MoMLSimpleApplication@53ba7881
----------------- Done invoking toplevel() on ptolemy.moml.MoMLSimpleApplication@53ba7881
reloadAllAccessors: .CausalityInterface10

===========================================================================================
----------------- testing Fri Feb 01 15:32:48 UTC 2019 /home/travis/build/icyphy/ptII/ptolemy/domains/continuous/test/auto/CausalityInterface11.xml
----------------- Instantiating /home/travis/build/icyphy/ptII/ptolemy/domains/continuous/test/auto/CausalityInterface11.xml
9 ms. Memory: 551936K Free: 295196K (53%)
----------------- Invoking toplevel() on ptolemy.moml.MoMLSimpleApplication@67c317fd
----------------- Done invoking toplevel() on ptolemy.moml.MoMLSimpleApplication@67c317fd
reloadAllAccessors: .CausalityInterface11

===========================================================================================
----------------- testing Fri Feb 01 15:32:48 UTC 2019 /home/travis/build/icyphy/ptII/ptolemy/domains/continuous/test/auto/CausalityInterface12.xml
----------------- Instantiating /home/travis/build/icyphy/ptII/ptolemy/domains/continuous/test/auto/CausalityInterface12.xml
9 ms. Memory: 551936K Free: 283062K (51%)
----------------- Invoking toplevel() on ptolemy.moml.MoMLSimpleApplication@4711b9a9
----------------- Done invoking toplevel() on ptolemy.moml.MoMLSimpleApplication@4711b9a9
reloadAllAccessors: .CausalityInterface12

===========================================================================================
----------------- testing Fri Feb 01 15:32:48 UTC 2019 /home/travis/build/icyphy/ptII/ptolemy/domains/continuous/test/auto/CausalityInterface13.xml
----------------- Instantiating /home/travis/build/icyphy/ptII/ptolemy/domains/continuous/test/auto/CausalityInterface13.xml
7 ms. Memory: 551936K Free: 273677K (50%)
----------------- Invoking toplevel() on ptolemy.moml.MoMLSimpleApplication@1bdc87d3
----------------- Done invoking toplevel() on ptolemy.moml.MoMLSimpleApplication@1bdc87d3
reloadAllAccessors: .CausalityInterface13

===========================================================================================
----------------- testing Fri Feb 01 15:32:48 UTC 2019 /home/travis/build/icyphy/ptII/ptolemy/domains/continuous/test/auto/CausalityInterface14.xml
----------------- Instantiating /home/travis/build/icyphy/ptII/ptolemy/domains/continuous/test/auto/CausalityInterface14.xml
2 ms. Memory: 551936K Free: 264299K (48%)
----------------- Invoking toplevel() on ptolemy.moml.MoMLSimpleApplication@279f8aaf
----------------- Done invoking toplevel() on ptolemy.moml.MoMLSimpleApplication@279f8aaf
reloadAllAccessors: .CausalityInterface14

===========================================================================================
----------------- testing Fri Feb 01 15:32:48 UTC 2019 /home/travis/build/icyphy/ptII/ptolemy/domains/continuous/test/auto/CausalityInterface4.xml
----------------- Instantiating /home/travis/build/icyphy/ptII/ptolemy/domains/continuous/test/auto/CausalityInterface4.xml
2 ms. Memory: 551936K Free: 254913K (46%)
----------------- Invoking toplevel() on ptolemy.moml.MoMLSimpleApplication@79a31e7b
----------------- Done invoking toplevel() on ptolemy.moml.MoMLSimpleApplication@79a31e7b
reloadAllAccessors: .CausalityInterface4

===========================================================================================
----------------- testing Fri Feb 01 15:32:48 UTC 2019 /home/travis/build/icyphy/ptII/ptolemy/domains/continuous/test/auto/CausalityInterface5.xml
----------------- Instantiating /home/travis/build/icyphy/ptII/ptolemy/domains/continuous/test/auto/CausalityInterface5.xml
7 ms. Memory: 551936K Free: 239657K (43%)
----------------- Invoking toplevel() on ptolemy.moml.MoMLSimpleApplication@2f429e6b
----------------- Done invoking toplevel() on ptolemy.moml.MoMLSimpleApplication@2f429e6b
reloadAllAccessors: .CausalityInterface5

===========================================================================================
----------------- testing Fri Feb 01 15:32:48 UTC 2019 /home/travis/build/icyphy/ptII/ptolemy/domains/continuous/test/auto/CausalityInterface6.xml
----------------- Instantiating /home/travis/build/icyphy/ptII/ptolemy/domains/continuous/test/auto/CausalityInterface6.xml
5 ms. Memory: 551936K Free: 230279K (42%)
----------------- Invoking toplevel() on ptolemy.moml.MoMLSimpleApplication@35faf9d5
----------------- Done invoking toplevel() on ptolemy.moml.MoMLSimpleApplication@35faf9d5
reloadAllAccessors: .CausalityInterface6

===========================================================================================
----------------- testing Fri Feb 01 15:32:48 UTC 2019 /home/travis/build/icyphy/ptII/ptolemy/domains/continuous/test/auto/CausalityInterface7.xml
----------------- Instantiating /home/travis/build/icyphy/ptII/ptolemy/domains/continuous/test/auto/CausalityInterface7.xml
15 ms. Memory: 551936K Free: 217770K (39%)
----------------- Invoking toplevel() on ptolemy.moml.MoMLSimpleApplication@5f330388
----------------- Done invoking toplevel() on ptolemy.moml.MoMLSimpleApplication@5f330388
reloadAllAccessors: .CausalityInterface7

===========================================================================================
----------------- testing Fri Feb 01 15:32:48 UTC 2019 /home/travis/build/icyphy/ptII/ptolemy/domains/continuous/test/auto/CausalityInterface8.xml
----------------- Instantiating /home/travis/build/icyphy/ptII/ptolemy/domains/continuous/test/auto/CausalityInterface8.xml
6 ms. Memory: 551936K Free: 202529K (37%)
----------------- Invoking toplevel() on ptolemy.moml.MoMLSimpleApplication@3e620433
----------------- Done invoking toplevel() on ptolemy.moml.MoMLSimpleApplication@3e620433
reloadAllAccessors: .CausalityInterface8

===========================================================================================
----------------- testing Fri Feb 01 15:32:48 UTC 2019 /home/travis/build/icyphy/ptII/ptolemy/domains/continuous/test/auto/CausalityInterface9.xml
----------------- Instantiating /home/travis/build/icyphy/ptII/ptolemy/domains/continuous/test/auto/CausalityInterface9.xml
10 ms. Memory: 551936K Free: 186881K (34%)
----------------- Invoking toplevel() on ptolemy.moml.MoMLSimpleApplication@33d0c486
----------------- Done invoking toplevel() on ptolemy.moml.MoMLSimpleApplication@33d0c486
reloadAllAccessors: .CausalityInterface9

===========================================================================================
----------------- testing Fri Feb 01 15:32:48 UTC 2019 /home/travis/build/icyphy/ptII/ptolemy/domains/continuous/test/auto/CausalityInterfaceFeedback1.xml
----------------- Instantiating /home/travis/build/icyphy/ptII/ptolemy/domains/continuous/test/auto/CausalityInterfaceFeedback1.xml
5 ms. Memory: 551936K Free: 177496K (32%)
----------------- Invoking toplevel() on ptolemy.moml.MoMLSimpleApplication@7e689276
----------------- Done invoking toplevel() on ptolemy.moml.MoMLSimpleApplication@7e689276
reloadAllAccessors: .CausalityInterfaceFeedback1

===========================================================================================
----------------- testing Fri Feb 01 15:32:48 UTC 2019 /home/travis/build/icyphy/ptII/ptolemy/domains/continuous/test/auto/CausalityInterfaceFeedback2.xml
----------------- Instantiating /home/travis/build/icyphy/ptII/ptolemy/domains/continuous/test/auto/CausalityInterfaceFeedback2.xml
4 ms. Memory: 551936K Free: 168110K (30%)
----------------- Invoking toplevel() on ptolemy.moml.MoMLSimpleApplication@5ffd527
----------------- Done invoking toplevel() on ptolemy.moml.MoMLSimpleApplication@5ffd527
reloadAllAccessors: .CausalityInterfaceFeedback2

===========================================================================================
----------------- testing Fri Feb 01 15:32:48 UTC 2019 /home/travis/build/icyphy/ptII/ptolemy/domains/continuous/test/auto/CompareWithCurrentTime.xml
----------------- Instantiating /home/travis/build/icyphy/ptII/ptolemy/domains/continuous/test/auto/CompareWithCurrentTime.xml
4 ms. Memory: 551936K Free: 159115K (29%)
----------------- Invoking toplevel() on ptolemy.moml.MoMLSimpleApplication@2fc89b6d
----------------- Done invoking toplevel() on ptolemy.moml.MoMLSimpleApplication@2fc89b6d
reloadAllAccessors: .CompareWithCurrentTime

===========================================================================================
----------------- testing Fri Feb 01 15:32:48 UTC 2019 /home/travis/build/icyphy/ptII/ptolemy/domains/continuous/test/auto/ComparedClocks.xml
----------------- Instantiating /home/travis/build/icyphy/ptII/ptolemy/domains/continuous/test/auto/ComparedClocks.xml
9 ms. Memory: 551936K Free: 140352K (25%)
----------------- Invoking toplevel() on ptolemy.moml.MoMLSimpleApplication@14cef83e
----------------- Done invoking toplevel() on ptolemy.moml.MoMLSimpleApplication@14cef83e
reloadAllAccessors: .ComparedClocks

===========================================================================================
----------------- testing Fri Feb 01 15:32:48 UTC 2019 /home/travis/build/icyphy/ptII/ptolemy/domains/continuous/test/auto/ContinuousAOCClone.xml
----------------- Instantiating /home/travis/build/icyphy/ptII/ptolemy/domains/continuous/test/auto/ContinuousAOCClone.xml
2466 ms. Memory: 571392K Free: 72590K (13%)
----------------- Invoking toplevel() on ptolemy.moml.MoMLSimpleApplication@2c17e46b
----------------- Done invoking toplevel() on ptolemy.moml.MoMLSimpleApplication@2c17e46b
reloadAllAccessors: .ContinuousAOCClone

===========================================================================================
----------------- testing Fri Feb 01 15:32:51 UTC 2019 /home/travis/build/icyphy/ptII/ptolemy/domains/continuous/test/auto/ContinuousClock.xml
----------------- Instantiating /home/travis/build/icyphy/ptII/ptolemy/domains/continuous/test/auto/ContinuousClock.xml
32 ms. Memory: 545280K Free: 504732K (93%)
----------------- Invoking toplevel() on ptolemy.moml.MoMLSimpleApplication@9a1ed74
----------------- Done invoking toplevel() on ptolemy.moml.MoMLSimpleApplication@9a1ed74
reloadAllAccessors: .ContinuousClock

===========================================================================================
----------------- testing Fri Feb 01 15:32:51 UTC 2019 /home/travis/build/icyphy/ptII/ptolemy/domains/continuous/test/auto/ContinuousInContinuous.xml
----------------- Instantiating /home/travis/build/icyphy/ptII/ptolemy/domains/continuous/test/auto/ContinuousInContinuous.xml
38 ms. Memory: 545280K Free: 476740K (87%)
----------------- Invoking toplevel() on ptolemy.moml.MoMLSimpleApplication@5c3bd3ce
----------------- Done invoking toplevel() on ptolemy.moml.MoMLSimpleApplication@5c3bd3ce
reloadAllAccessors: .ContinuousInContinuous

===========================================================================================
----------------- testing Fri Feb 01 15:32:51 UTC 2019 /home/travis/build/icyphy/ptII/ptolemy/domains/continuous/test/auto/ContinuousInContinuousInContinuous.xml
----------------- Instantiating /home/travis/build/icyphy/ptII/ptolemy/domains/continuous/test/auto/ContinuousInContinuousInContinuous.xml
8 ms. Memory: 545280K Free: 465617K (85%)
----------------- Invoking toplevel() on ptolemy.moml.MoMLSimpleApplication@1194d96f
----------------- Done invoking toplevel() on ptolemy.moml.MoMLSimpleApplication@1194d96f
reloadAllAccessors: .ContinuousInContinuousInContinuous

===========================================================================================
----------------- testing Fri Feb 01 15:32:51 UTC 2019 /home/travis/build/icyphy/ptII/ptolemy/domains/continuous/test/auto/ContinuousInDE.xml
----------------- Instantiating /home/travis/build/icyphy/ptII/ptolemy/domains/continuous/test/auto/ContinuousInDE.xml
91 ms. Memory: 545280K Free: 453247K (83%)
----------------- Invoking toplevel() on ptolemy.moml.MoMLSimpleApplication@7bb67c5d
----------------- Done invoking toplevel() on ptolemy.moml.MoMLSimpleApplication@7bb67c5d
reloadAllAccessors: .ContinuousInDE

===========================================================================================
----------------- testing Fri Feb 01 15:32:51 UTC 2019 /home/travis/build/icyphy/ptII/ptolemy/domains/continuous/test/auto/ContinuousInDE2.xml
----------------- Instantiating /home/travis/build/icyphy/ptII/ptolemy/domains/continuous/test/auto/ContinuousInDE2.xml
42 ms. Memory: 545280K Free: 439016K (81%)
----------------- Invoking toplevel() on ptolemy.moml.MoMLSimpleApplication@6adf2fb8
----------------- Done invoking toplevel() on ptolemy.moml.MoMLSimpleApplication@6adf2fb8
reloadAllAccessors: .ContinuousInDE2

===========================================================================================
----------------- testing Fri Feb 01 15:32:51 UTC 2019 /home/travis/build/icyphy/ptII/ptolemy/domains/continuous/test/auto/ContinuousInDE3.xml
----------------- Instantiating /home/travis/build/icyphy/ptII/ptolemy/domains/continuous/test/auto/ContinuousInDE3.xml
38 ms. Memory: 545280K Free: 426630K (78%)
----------------- Invoking toplevel() on ptolemy.moml.MoMLSimpleApplication@2b1ef288
----------------- Done invoking toplevel() on ptolemy.moml.MoMLSimpleApplication@2b1ef288
reloadAllAccessors: .ContinuousInDE3

===========================================================================================
----------------- testing Fri Feb 01 15:32:51 UTC 2019 /home/travis/build/icyphy/ptII/ptolemy/domains/continuous/test/auto/ContinuousInDE4.xml
----------------- Instantiating /home/travis/build/icyphy/ptII/ptolemy/domains/continuous/test/auto/ContinuousInDE4.xml
18 ms. Memory: 545280K Free: 415500K (76%)
----------------- Invoking toplevel() on ptolemy.moml.MoMLSimpleApplication@1335f952
----------------- Done invoking toplevel() on ptolemy.moml.MoMLSimpleApplication@1335f952
reloadAllAccessors: .ContinuousInDE4

===========================================================================================
----------------- testing Fri Feb 01 15:32:51 UTC 2019 /home/travis/build/icyphy/ptII/ptolemy/domains/continuous/test/auto/ContinuousInDEDifferentRefinements.xml
----------------- Instantiating /home/travis/build/icyphy/ptII/ptolemy/domains/continuous/test/auto/ContinuousInDEDifferentRefinements.xml
57 ms. Memory: 545280K Free: 381386K (70%)
----------------- Invoking toplevel() on ptolemy.moml.MoMLSimpleApplication@d018770
----------------- Done invoking toplevel() on ptolemy.moml.MoMLSimpleApplication@d018770
reloadAllAccessors: .ContinuousInDEDifferentRefinements

===========================================================================================
----------------- testing Fri Feb 01 15:32:52 UTC 2019 /home/travis/build/icyphy/ptII/ptolemy/domains/continuous/test/auto/ContinuousInDEDifferentRefinementsPreemptive.xml
----------------- Instantiating /home/travis/build/icyphy/ptII/ptolemy/domains/continuous/test/auto/ContinuousInDEDifferentRefinementsPreemptive.xml
44 ms. Memory: 545280K Free: 347273K (64%)
----------------- Invoking toplevel() on ptolemy.moml.MoMLSimpleApplication@25299a5e
----------------- Done invoking toplevel() on ptolemy.moml.MoMLSimpleApplication@25299a5e
reloadAllAccessors: .ContinuousInDEDifferentRefinementsPreemptive

===========================================================================================
----------------- testing Fri Feb 01 15:32:52 UTC 2019 /home/travis/build/icyphy/ptII/ptolemy/domains/continuous/test/auto/ContinuousInDEInContinuous2.xml
----------------- Instantiating /home/travis/build/icyphy/ptII/ptolemy/domains/continuous/test/auto/ContinuousInDEInContinuous2.xml
41 ms. Memory: 545280K Free: 329949K (61%)
----------------- Invoking toplevel() on ptolemy.moml.MoMLSimpleApplication@139baa19
----------------- Done invoking toplevel() on ptolemy.moml.MoMLSimpleApplication@139baa19
reloadAllAccessors: .ContinuousInDEInContinuous2

===========================================================================================
----------------- testing Fri Feb 01 15:32:52 UTC 2019 /home/travis/build/icyphy/ptII/ptolemy/domains/continuous/test/auto/ContinuousInDEInContinuous3.xml
----------------- Instantiating /home/travis/build/icyphy/ptII/ptolemy/domains/continuous/test/auto/ContinuousInDEInContinuous3.xml
38 ms. Memory: 545280K Free: 314487K (58%)
----------------- Invoking toplevel() on ptolemy.moml.MoMLSimpleApplication@1a87c52a
----------------- Done invoking toplevel() on ptolemy.moml.MoMLSimpleApplication@1a87c52a
reloadAllAccessors: .ContinuousInDEInContinuous3

===========================================================================================
----------------- testing Fri Feb 01 15:32:52 UTC 2019 /home/travis/build/icyphy/ptII/ptolemy/domains/continuous/test/auto/ContinuousInDEInput.xml
----------------- Instantiating /home/travis/build/icyphy/ptII/ptolemy/domains/continuous/test/auto/ContinuousInDEInput.xml
16 ms. Memory: 545280K Free: 303364K (56%)
----------------- Invoking toplevel() on ptolemy.moml.MoMLSimpleApplication@4bb89805
----------------- Done invoking toplevel() on ptolemy.moml.MoMLSimpleApplication@4bb89805
reloadAllAccessors: .ContinuousInDEInput

===========================================================================================
----------------- testing Fri Feb 01 15:32:52 UTC 2019 /home/travis/build/icyphy/ptII/ptolemy/domains/continuous/test/auto/ContinuousInDEInput2.xml
----------------- Instantiating /home/travis/build/icyphy/ptII/ptolemy/domains/continuous/test/auto/ContinuousInDEInput2.xml
15 ms. Memory: 545280K Free: 294087K (54%)
----------------- Invoking toplevel() on ptolemy.moml.MoMLSimpleApplication@2503da37
----------------- Done invoking toplevel() on ptolemy.moml.MoMLSimpleApplication@2503da37
reloadAllAccessors: .ContinuousInDEInput2

===========================================================================================
----------------- testing Fri Feb 01 15:32:52 UTC 2019 /home/travis/build/icyphy/ptII/ptolemy/domains/continuous/test/auto/ContinuousInDEInput3.xml
----------------- Instantiating /home/travis/build/icyphy/ptII/ptolemy/domains/continuous/test/auto/ContinuousInDEInput3.xml
13 ms. Memory: 545280K Free: 282965K (52%)
----------------- Invoking toplevel() on ptolemy.moml.MoMLSimpleApplication@5c4531aa
----------------- Done invoking toplevel() on ptolemy.moml.MoMLSimpleApplication@5c4531aa
reloadAllAccessors: .ContinuousInDEInput3

===========================================================================================
----------------- testing Fri Feb 01 15:32:52 UTC 2019 /home/travis/build/icyphy/ptII/ptolemy/domains/continuous/test/auto/ContinuousInDESharingRefinement.xml
----------------- Instantiating /home/travis/build/icyphy/ptII/ptolemy/domains/continuous/test/auto/ContinuousInDESharingRefinement.xml
138 ms. Memory: 545280K Free: 186833K (34%)
----------------- Invoking toplevel() on ptolemy.moml.MoMLSimpleApplication@19df7a1b
----------------- Done invoking toplevel() on ptolemy.moml.MoMLSimpleApplication@19df7a1b
reloadAllAccessors: .ContinuousInDESharingRefinement

===========================================================================================
----------------- testing Fri Feb 01 15:32:52 UTC 2019 /home/travis/build/icyphy/ptII/ptolemy/domains/continuous/test/auto/ContinuousInDEwithNoPorts.xml
----------------- Instantiating /home/travis/build/icyphy/ptII/ptolemy/domains/continuous/test/auto/ContinuousInDEwithNoPorts.xml
6 ms. Memory: 545280K Free: 180648K (33%)
----------------- Invoking toplevel() on ptolemy.moml.MoMLSimpleApplication@78b0a99d
----------------- Done invoking toplevel() on ptolemy.moml.MoMLSimpleApplication@78b0a99d
reloadAllAccessors: .ContinuousInDEwithNoPorts

===========================================================================================
----------------- testing Fri Feb 01 15:32:52 UTC 2019 /home/travis/build/icyphy/ptII/ptolemy/domains/continuous/test/auto/ContinuousInsideDE.xml
----------------- Instantiating /home/travis/build/icyphy/ptII/ptolemy/domains/continuous/test/auto/ContinuousInsideDE.xml
52 ms. Memory: 545280K Free: 163317K (30%)
----------------- Invoking toplevel() on ptolemy.moml.MoMLSimpleApplication@71e7f3e0
----------------- Done invoking toplevel() on ptolemy.moml.MoMLSimpleApplication@71e7f3e0
reloadAllAccessors: .ContinuousInsideDE

===========================================================================================
----------------- testing Fri Feb 01 15:32:52 UTC 2019 /home/travis/build/icyphy/ptII/ptolemy/domains/continuous/test/auto/ContinuousMerge1.xml
----------------- Instantiating /home/travis/build/icyphy/ptII/ptolemy/domains/continuous/test/auto/ContinuousMerge1.xml
7 ms. Memory: 545280K Free: 157132K (29%)
----------------- Invoking toplevel() on ptolemy.moml.MoMLSimpleApplication@5af085bc
----------------- Done invoking toplevel() on ptolemy.moml.MoMLSimpleApplication@5af085bc
reloadAllAccessors: .ContinuousMerge1

===========================================================================================
----------------- testing Fri Feb 01 15:32:52 UTC 2019 /home/travis/build/icyphy/ptII/ptolemy/domains/continuous/test/auto/ContinuousMerge2.xml
----------------- Instantiating /home/travis/build/icyphy/ptII/ptolemy/domains/continuous/test/auto/ContinuousMerge2.xml
12 ms. Memory: 545280K Free: 142885K (26%)
----------------- Invoking toplevel() on ptolemy.moml.MoMLSimpleApplication@285afb8d
----------------- Done invoking toplevel() on ptolemy.moml.MoMLSimpleApplication@285afb8d
reloadAllAccessors: .ContinuousMerge2

===========================================================================================
----------------- testing Fri Feb 01 15:32:52 UTC 2019 /home/travis/build/icyphy/ptII/ptolemy/domains/continuous/test/auto/ContinuousMerge3.xml
----------------- Instantiating /home/travis/build/icyphy/ptII/ptolemy/domains/continuous/test/auto/ContinuousMerge3.xml
51 ms. Memory: 545280K Free: 130515K (24%)
----------------- Invoking toplevel() on ptolemy.moml.MoMLSimpleApplication@2fdce310
----------------- Done invoking toplevel() on ptolemy.moml.MoMLSimpleApplication@2fdce310
reloadAllAccessors: .ContinuousMerge3

===========================================================================================
----------------- testing Fri Feb 01 15:32:52 UTC 2019 /home/travis/build/icyphy/ptII/ptolemy/domains/continuous/test/auto/ContinuousWithinContinuous.xml
----------------- Instantiating /home/travis/build/icyphy/ptII/ptolemy/domains/continuous/test/auto/ContinuousWithinContinuous.xml
44 ms. Memory: 545280K Free: 116284K (21%)
----------------- Invoking toplevel() on ptolemy.moml.MoMLSimpleApplication@5c86f2
----------------- Done invoking toplevel() on ptolemy.moml.MoMLSimpleApplication@5c86f2
reloadAllAccessors: .ContinuousWithinContinuous

===========================================================================================
----------------- testing Fri Feb 01 15:32:52 UTC 2019 /home/travis/build/icyphy/ptII/ptolemy/domains/continuous/test/auto/ContinuousWithinContinuous2.xml
----------------- Instantiating /home/travis/build/icyphy/ptII/ptolemy/domains/continuous/test/auto/ContinuousWithinContinuous2.xml
80 ms. Memory: 545280K Free: 100806K (18%)
----------------- Invoking toplevel() on ptolemy.moml.MoMLSimpleApplication@36756963
----------------- Done invoking toplevel() on ptolemy.moml.MoMLSimpleApplication@36756963
reloadAllAccessors: .ContinuousWithinContinuous2

===========================================================================================
----------------- testing Fri Feb 01 15:32:52 UTC 2019 /home/travis/build/icyphy/ptII/ptolemy/domains/continuous/test/auto/ContinuousWithinContinuous3.xml
----------------- Instantiating /home/travis/build/icyphy/ptII/ptolemy/domains/continuous/test/auto/ContinuousWithinContinuous3.xml
13 ms. Memory: 545280K Free: 89668K (16%)
----------------- Invoking toplevel() on ptolemy.moml.MoMLSimpleApplication@7e723b37
----------------- Done invoking toplevel() on ptolemy.moml.MoMLSimpleApplication@7e723b37
reloadAllAccessors: .ContinuousWithinContinuous3

===========================================================================================
----------------- testing Fri Feb 01 15:32:52 UTC 2019 /home/travis/build/icyphy/ptII/ptolemy/domains/continuous/test/auto/ContinuousWithinContinuous4.xml
----------------- Instantiating /home/travis/build/icyphy/ptII/ptolemy/domains/continuous/test/auto/ContinuousWithinContinuous4.xml
78 ms. Memory: 545280K Free: 74206K (14%)
----------------- Invoking toplevel() on ptolemy.moml.MoMLSimpleApplication@6f6d4c07
----------------- Done invoking toplevel() on ptolemy.moml.MoMLSimpleApplication@6f6d4c07
reloadAllAccessors: .ContinuousWithinContinuous4

===========================================================================================
----------------- testing Fri Feb 01 15:32:53 UTC 2019 /home/travis/build/icyphy/ptII/ptolemy/domains/continuous/test/auto/ContinuousWithinContinuous5.xml
----------------- Instantiating /home/travis/build/icyphy/ptII/ptolemy/domains/continuous/test/auto/ContinuousWithinContinuous5.xml
24 ms. Memory: 523776K Free: 507858K (97%)
----------------- Invoking toplevel() on ptolemy.moml.MoMLSimpleApplication@eb332b3
----------------- Done invoking toplevel() on ptolemy.moml.MoMLSimpleApplication@eb332b3
reloadAllAccessors: .ContinuousWithinContinuous5

===========================================================================================
----------------- testing Fri Feb 01 15:32:53 UTC 2019 /home/travis/build/icyphy/ptII/ptolemy/domains/continuous/test/auto/ContinuousWithinContinuous6.xml
----------------- Instantiating /home/travis/build/icyphy/ptII/ptolemy/domains/continuous/test/auto/ContinuousWithinContinuous6.xml
15 ms. Memory: 523776K Free: 496172K (95%)
----------------- Invoking toplevel() on ptolemy.moml.MoMLSimpleApplication@19af87cd
----------------- Done invoking toplevel() on ptolemy.moml.MoMLSimpleApplication@19af87cd
reloadAllAccessors: .ContinuousWithinContinuous6

===========================================================================================
----------------- testing Fri Feb 01 15:32:53 UTC 2019 /home/travis/build/icyphy/ptII/ptolemy/domains/continuous/test/auto/ContinuousWithinContinuous7.xml
----------------- Instantiating /home/travis/build/icyphy/ptII/ptolemy/domains/continuous/test/auto/ContinuousWithinContinuous7.xml
65 ms. Memory: 523776K Free: 480144K (92%)
----------------- Invoking toplevel() on ptolemy.moml.MoMLSimpleApplication@a126c0
----------------- Done invoking toplevel() on ptolemy.moml.MoMLSimpleApplication@a126c0
reloadAllAccessors: .ContinuousWithinContinuous7

===========================================================================================
----------------- testing Fri Feb 01 15:32:53 UTC 2019 /home/travis/build/icyphy/ptII/ptolemy/domains/continuous/test/auto/DCMotor.xml
----------------- Instantiating /home/travis/build/icyphy/ptII/ptolemy/domains/continuous/test/auto/DCMotor.xml
14823 ms. Memory: 378880K Free: 278996K (74%)
----------------- Invoking toplevel() on ptolemy.moml.MoMLSimpleApplication@56e6452c
----------------- Done invoking toplevel() on ptolemy.moml.MoMLSimpleApplication@56e6452c
reloadAllAccessors: .DCMotor

===========================================================================================
----------------- testing Fri Feb 01 15:33:08 UTC 2019 /home/travis/build/icyphy/ptII/ptolemy/domains/continuous/test/auto/DEInContinuous.xml
----------------- Instantiating /home/travis/build/icyphy/ptII/ptolemy/domains/continuous/test/auto/DEInContinuous.xml
17 ms. Memory: 378880K Free: 265090K (70%)
----------------- Invoking toplevel() on ptolemy.moml.MoMLSimpleApplication@135cd4bf
----------------- Done invoking toplevel() on ptolemy.moml.MoMLSimpleApplication@135cd4bf
reloadAllAccessors: .DEInContinuous

===========================================================================================
----------------- testing Fri Feb 01 15:33:08 UTC 2019 /home/travis/build/icyphy/ptII/ptolemy/domains/continuous/test/auto/DEinContinuous2.xml
----------------- Instantiating /home/travis/build/icyphy/ptII/ptolemy/domains/continuous/test/auto/DEinContinuous2.xml
11 ms. Memory: 378880K Free: 247070K (65%)
----------------- Invoking toplevel() on ptolemy.moml.MoMLSimpleApplication@76f79ff2
----------------- Done invoking toplevel() on ptolemy.moml.MoMLSimpleApplication@76f79ff2
reloadAllAccessors: .DEinContinuous2

===========================================================================================
----------------- testing Fri Feb 01 15:33:08 UTC 2019 /home/travis/build/icyphy/ptII/ptolemy/domains/continuous/test/auto/Derivative.xml
----------------- Instantiating /home/travis/build/icyphy/ptII/ptolemy/domains/continuous/test/auto/Derivative.xml
143 ms. Memory: 378880K Free: 211046K (56%)
----------------- Invoking toplevel() on ptolemy.moml.MoMLSimpleApplication@16970a64
----------------- Done invoking toplevel() on ptolemy.moml.MoMLSimpleApplication@16970a64
reloadAllAccessors: .Derivative2

===========================================================================================
----------------- testing Fri Feb 01 15:33:08 UTC 2019 /home/travis/build/icyphy/ptII/ptolemy/domains/continuous/test/auto/Derivative1.xml
----------------- Instantiating /home/travis/build/icyphy/ptII/ptolemy/domains/continuous/test/auto/Derivative1.xml
20 ms. Memory: 378880K Free: 193026K (51%)
----------------- Invoking toplevel() on ptolemy.moml.MoMLSimpleApplication@371d1ca0
----------------- Done invoking toplevel() on ptolemy.moml.MoMLSimpleApplication@371d1ca0
reloadAllAccessors: .Derivative1

===========================================================================================
----------------- testing Fri Feb 01 15:33:08 UTC 2019 /home/travis/build/icyphy/ptII/ptolemy/domains/continuous/test/auto/DiscreteClock.xml
----------------- Instantiating /home/travis/build/icyphy/ptII/ptolemy/domains/continuous/test/auto/DiscreteClock.xml
5 ms. Memory: 378880K Free: 180283K (48%)
----------------- Invoking toplevel() on ptolemy.moml.MoMLSimpleApplication@1a5ac94c
----------------- Done invoking toplevel() on ptolemy.moml.MoMLSimpleApplication@1a5ac94c
reloadAllAccessors: .DiscreteClock

===========================================================================================
----------------- testing Fri Feb 01 15:33:08 UTC 2019 /home/travis/build/icyphy/ptII/ptolemy/domains/continuous/test/auto/EfficiencyCurve.xml
----------------- Instantiating /home/travis/build/icyphy/ptII/ptolemy/domains/continuous/test/auto/EfficiencyCurve.xml
76 ms. Memory: 378880K Free: 168096K (44%)
----------------- Invoking toplevel() on ptolemy.moml.MoMLSimpleApplication@10918783
----------------- Done invoking toplevel() on ptolemy.moml.MoMLSimpleApplication@10918783
reloadAllAccessors: .EfficiencyCurve

===========================================================================================
----------------- testing Fri Feb 01 15:33:08 UTC 2019 /home/travis/build/icyphy/ptII/ptolemy/domains/continuous/test/auto/ExponentialResponse.xml
----------------- Instantiating /home/travis/build/icyphy/ptII/ptolemy/domains/continuous/test/auto/ExponentialResponse.xml
104 ms. Memory: 378880K Free: 143721K (38%)
----------------- Invoking toplevel() on ptolemy.moml.MoMLSimpleApplication@484ed66f
----------------- Done invoking toplevel() on ptolemy.moml.MoMLSimpleApplication@484ed66f
reloadAllAccessors: .ExponentialResponse

===========================================================================================
----------------- testing Fri Feb 01 15:33:08 UTC 2019 /home/travis/build/icyphy/ptII/ptolemy/domains/continuous/test/auto/ExponentialResponseRK45.xml
----------------- Instantiating /home/travis/build/icyphy/ptII/ptolemy/domains/continuous/test/auto/ExponentialResponseRK45.xml
25 ms. Memory: 378880K Free: 131533K (35%)
----------------- Invoking toplevel() on ptolemy.moml.MoMLSimpleApplication@409cc496
----------------- Done invoking toplevel() on ptolemy.moml.MoMLSimpleApplication@409cc496
reloadAllAccessors: .ExponentialResponseRK45

===========================================================================================
----------------- testing Fri Feb 01 15:33:08 UTC 2019 /home/travis/build/icyphy/ptII/ptolemy/domains/continuous/test/auto/Friction.xml
----------------- Instantiating /home/travis/build/icyphy/ptII/ptolemy/domains/continuous/test/auto/Friction.xml
1330 ms. Memory: 347136K Free: 213531K (62%)
----------------- Invoking toplevel() on ptolemy.moml.MoMLSimpleApplication@1a868cc7
----------------- Done invoking toplevel() on ptolemy.moml.MoMLSimpleApplication@1a868cc7
reloadAllAccessors: .Friction

===========================================================================================
----------------- testing Fri Feb 01 15:33:10 UTC 2019 /home/travis/build/icyphy/ptII/ptolemy/domains/continuous/test/auto/FurutaPendulum.xml
----------------- Instantiating /home/travis/build/icyphy/ptII/ptolemy/domains/continuous/test/auto/FurutaPendulum.xml
3173 ms. Memory: 324096K Free: 197745K (61%)
----------------- Invoking toplevel() on ptolemy.moml.MoMLSimpleApplication@59d52d69
----------------- Done invoking toplevel() on ptolemy.moml.MoMLSimpleApplication@59d52d69
reloadAllAccessors: .FurutaPendulum

===========================================================================================
----------------- testing Fri Feb 01 15:33:13 UTC 2019 /home/travis/build/icyphy/ptII/ptolemy/domains/continuous/test/auto/HierarchicalExecution.xml
----------------- Instantiating /home/travis/build/icyphy/ptII/ptolemy/domains/continuous/test/auto/HierarchicalExecution.xml
1630 ms. Memory: 318976K Free: 128729K (40%)
----------------- Invoking toplevel() on ptolemy.moml.MoMLSimpleApplication@43d93460
----------------- Done invoking toplevel() on ptolemy.moml.MoMLSimpleApplication@43d93460
reloadAllAccessors: .HierarchicalExecution

===========================================================================================
----------------- testing Fri Feb 01 15:33:15 UTC 2019 /home/travis/build/icyphy/ptII/ptolemy/domains/continuous/test/auto/HybridPlant.xml
----------------- Instantiating /home/travis/build/icyphy/ptII/ptolemy/domains/continuous/test/auto/HybridPlant.xml
476 ms. Memory: 303616K Free: 68787K (23%)
----------------- Invoking toplevel() on ptolemy.moml.MoMLSimpleApplication@741a262f
----------------- Done invoking toplevel() on ptolemy.moml.MoMLSimpleApplication@741a262f
reloadAllAccessors: .HybridPlant

===========================================================================================
----------------- testing Fri Feb 01 15:33:15 UTC 2019 /home/travis/build/icyphy/ptII/ptolemy/domains/continuous/test/auto/Hysteresis.xml
----------------- Instantiating /home/travis/build/icyphy/ptII/ptolemy/domains/continuous/test/auto/Hysteresis.xml
130 ms. Memory: 293888K Free: 216985K (74%)
----------------- Invoking toplevel() on ptolemy.moml.MoMLSimpleApplication@74605d4a
----------------- Done invoking toplevel() on ptolemy.moml.MoMLSimpleApplication@74605d4a
reloadAllAccessors: .Hysteresis

===========================================================================================
----------------- testing Fri Feb 01 15:33:16 UTC 2019 /home/travis/build/icyphy/ptII/ptolemy/domains/continuous/test/auto/HysteresisWithRandomDelay.xml
----------------- Instantiating /home/travis/build/icyphy/ptII/ptolemy/domains/continuous/test/auto/HysteresisWithRandomDelay.xml
146 ms. Memory: 293888K Free: 139428K (47%)
----------------- Invoking toplevel() on ptolemy.moml.MoMLSimpleApplication@12f4ff75
----------------- Done invoking toplevel() on ptolemy.moml.MoMLSimpleApplication@12f4ff75
reloadAllAccessors: .HysteresisWithRandomDelay

===========================================================================================
----------------- testing Fri Feb 01 15:33:16 UTC 2019 /home/travis/build/icyphy/ptII/ptolemy/domains/continuous/test/auto/HysteresisWithRandomLosses.xml
----------------- Instantiating /home/travis/build/icyphy/ptII/ptolemy/domains/continuous/test/auto/HysteresisWithRandomLosses.xml
2083 ms. Memory: 259584K Free: 128656K (50%)
----------------- Invoking toplevel() on ptolemy.moml.MoMLSimpleApplication@3fe0b4ad
----------------- Done invoking toplevel() on ptolemy.moml.MoMLSimpleApplication@3fe0b4ad
reloadAllAccessors: .HysteresisWithRandomLosses

===========================================================================================
----------------- testing Fri Feb 01 15:33:18 UTC 2019 /home/travis/build/icyphy/ptII/ptolemy/domains/continuous/test/auto/ImmediateTransitions.xml
----------------- Instantiating /home/travis/build/icyphy/ptII/ptolemy/domains/continuous/test/auto/ImmediateTransitions.xml
8 ms. Memory: 259584K Free: 116263K (45%)
----------------- Invoking toplevel() on ptolemy.moml.MoMLSimpleApplication@3bf5a34a
----------------- Done invoking toplevel() on ptolemy.moml.MoMLSimpleApplication@3bf5a34a
reloadAllAccessors: .ImmediateTransitions

===========================================================================================
----------------- testing Fri Feb 01 15:33:18 UTC 2019 /home/travis/build/icyphy/ptII/ptolemy/domains/continuous/test/auto/ImpulseFeedback.xml
----------------- Instantiating /home/travis/build/icyphy/ptII/ptolemy/domains/continuous/test/auto/ImpulseFeedback.xml
10 ms. Memory: 259584K Free: 108283K (42%)
----------------- Invoking toplevel() on ptolemy.moml.MoMLSimpleApplication@6de1d120
----------------- Done invoking toplevel() on ptolemy.moml.MoMLSimpleApplication@6de1d120
reloadAllAccessors: .ImpulseFeedback

===========================================================================================
----------------- testing Fri Feb 01 15:33:18 UTC 2019 /home/travis/build/icyphy/ptII/ptolemy/domains/continuous/test/auto/ImpulseFeedback2.xml
----------------- Instantiating /home/travis/build/icyphy/ptII/ptolemy/domains/continuous/test/auto/ImpulseFeedback2.xml
10 ms. Memory: 259584K Free: 100306K (39%)
----------------- Invoking toplevel() on ptolemy.moml.MoMLSimpleApplication@88d38c3
----------------- Done invoking toplevel() on ptolemy.moml.MoMLSimpleApplication@88d38c3
reloadAllAccessors: .ImpulseFeedback2

===========================================================================================
----------------- testing Fri Feb 01 15:33:18 UTC 2019 /home/travis/build/icyphy/ptII/ptolemy/domains/continuous/test/auto/IncreasingRatePoisson.xml
----------------- Instantiating /home/travis/build/icyphy/ptII/ptolemy/domains/continuous/test/auto/IncreasingRatePoisson.xml
614 ms. Memory: 245248K Free: 138353K (56%)
----------------- Invoking toplevel() on ptolemy.moml.MoMLSimpleApplication@29242c06
----------------- Done invoking toplevel() on ptolemy.moml.MoMLSimpleApplication@29242c06
reloadAllAccessors: .IncreasingRatePoisson

===========================================================================================
----------------- testing Fri Feb 01 15:33:19 UTC 2019 /home/travis/build/icyphy/ptII/ptolemy/domains/continuous/test/auto/InitialStateFeedback.xml
----------------- Instantiating /home/travis/build/icyphy/ptII/ptolemy/domains/continuous/test/auto/InitialStateFeedback.xml
11 ms. Memory: 245248K Free: 131646K (54%)
----------------- Invoking toplevel() on ptolemy.moml.MoMLSimpleApplication@52520949
----------------- Done invoking toplevel() on ptolemy.moml.MoMLSimpleApplication@52520949
reloadAllAccessors: .InitialStateFeedback

===========================================================================================
----------------- testing Fri Feb 01 15:33:19 UTC 2019 /home/travis/build/icyphy/ptII/ptolemy/domains/continuous/test/auto/Integration.xml
----------------- Instantiating /home/travis/build/icyphy/ptII/ptolemy/domains/continuous/test/auto/Integration.xml
2 ms. Memory: 245248K Free: 125873K (51%)
----------------- Invoking toplevel() on ptolemy.moml.MoMLSimpleApplication@6f2bea87
----------------- Done invoking toplevel() on ptolemy.moml.MoMLSimpleApplication@6f2bea87
reloadAllAccessors: .Integration

===========================================================================================
----------------- testing Fri Feb 01 15:33:19 UTC 2019 /home/travis/build/icyphy/ptII/ptolemy/domains/continuous/test/auto/Integration2.xml
----------------- Instantiating /home/travis/build/icyphy/ptII/ptolemy/domains/continuous/test/auto/Integration2.xml
88 ms. Memory: 245248K Free: 108623K (44%)
----------------- Invoking toplevel() on ptolemy.moml.MoMLSimpleApplication@1b5470e2
----------------- Done invoking toplevel() on ptolemy.moml.MoMLSimpleApplication@1b5470e2
reloadAllAccessors: .Integration2

===========================================================================================
----------------- testing Fri Feb 01 15:33:19 UTC 2019 /home/travis/build/icyphy/ptII/ptolemy/domains/continuous/test/auto/Integration3.xml
----------------- Instantiating /home/travis/build/icyphy/ptII/ptolemy/domains/continuous/test/auto/Integration3.xml
5 ms. Memory: 245248K Free: 102848K (42%)
----------------- Invoking toplevel() on ptolemy.moml.MoMLSimpleApplication@179cd812
----------------- Done invoking toplevel() on ptolemy.moml.MoMLSimpleApplication@179cd812
reloadAllAccessors: .Integration3

===========================================================================================
----------------- testing Fri Feb 01 15:33:19 UTC 2019 /home/travis/build/icyphy/ptII/ptolemy/domains/continuous/test/auto/Integration5.xml
----------------- Instantiating /home/travis/build/icyphy/ptII/ptolemy/domains/continuous/test/auto/Integration5.xml
5 ms. Memory: 245248K Free: 97041K (40%)
----------------- Invoking toplevel() on ptolemy.moml.MoMLSimpleApplication@1d7c2157
----------------- Done invoking toplevel() on ptolemy.moml.MoMLSimpleApplication@1d7c2157
reloadAllAccessors: .Integration5

===========================================================================================
----------------- testing Fri Feb 01 15:33:19 UTC 2019 /home/travis/build/icyphy/ptII/ptolemy/domains/continuous/test/auto/IntegratorImpulse.xml
----------------- Instantiating /home/travis/build/icyphy/ptII/ptolemy/domains/continuous/test/auto/IntegratorImpulse.xml
2 ms. Memory: 245248K Free: 91268K (37%)
----------------- Invoking toplevel() on ptolemy.moml.MoMLSimpleApplication@7d0116cf
----------------- Done invoking toplevel() on ptolemy.moml.MoMLSimpleApplication@7d0116cf
reloadAllAccessors: .IntegratorImpulse

===========================================================================================
----------------- testing Fri Feb 01 15:33:19 UTC 2019 /home/travis/build/icyphy/ptII/ptolemy/domains/continuous/test/auto/IntegratorImpulse2.xml
----------------- Instantiating /home/travis/build/icyphy/ptII/ptolemy/domains/continuous/test/auto/IntegratorImpulse2.xml
4 ms. Memory: 245248K Free: 85495K (35%)
----------------- Invoking toplevel() on ptolemy.moml.MoMLSimpleApplication@27f5d882
----------------- Done invoking toplevel() on ptolemy.moml.MoMLSimpleApplication@27f5d882
reloadAllAccessors: .IntegratorImpulse2

===========================================================================================
----------------- testing Fri Feb 01 15:33:19 UTC 2019 /home/travis/build/icyphy/ptII/ptolemy/domains/continuous/test/auto/LevelCrossing1.xml
----------------- Instantiating /home/travis/build/icyphy/ptII/ptolemy/domains/continuous/test/auto/LevelCrossing1.xml
2 ms. Memory: 245248K Free: 78026K (32%)
----------------- Invoking toplevel() on ptolemy.moml.MoMLSimpleApplication@7b37919
----------------- Done invoking toplevel() on ptolemy.moml.MoMLSimpleApplication@7b37919
reloadAllAccessors: .LevelCrossing1

===========================================================================================
----------------- testing Fri Feb 01 15:33:19 UTC 2019 /home/travis/build/icyphy/ptII/ptolemy/domains/continuous/test/auto/LevelCrossing2.xml
----------------- Instantiating /home/travis/build/icyphy/ptII/ptolemy/domains/continuous/test/auto/LevelCrossing2.xml
3 ms. Memory: 245248K Free: 70622K (29%)
----------------- Invoking toplevel() on ptolemy.moml.MoMLSimpleApplication@74cf04eb
----------------- Done invoking toplevel() on ptolemy.moml.MoMLSimpleApplication@74cf04eb
reloadAllAccessors: .LevelCrossing2

===========================================================================================
----------------- testing Fri Feb 01 15:33:19 UTC 2019 /home/travis/build/icyphy/ptII/ptolemy/domains/continuous/test/auto/LevelCrossing3.xml
----------------- Instantiating /home/travis/build/icyphy/ptII/ptolemy/domains/continuous/test/auto/LevelCrossing3.xml
3 ms. Memory: 245248K Free: 63145K (26%)
----------------- Invoking toplevel() on ptolemy.moml.MoMLSimpleApplication@438c9b63
----------------- Done invoking toplevel() on ptolemy.moml.MoMLSimpleApplication@438c9b63
reloadAllAccessors: .LevelCrossing3

===========================================================================================
----------------- testing Fri Feb 01 15:33:19 UTC 2019 /home/travis/build/icyphy/ptII/ptolemy/domains/continuous/test/auto/LevelCrossing4.xml
----------------- Instantiating /home/travis/build/icyphy/ptII/ptolemy/domains/continuous/test/auto/LevelCrossing4.xml
2 ms. Memory: 245248K Free: 55726K (23%)
----------------- Invoking toplevel() on ptolemy.moml.MoMLSimpleApplication@16667e
----------------- Done invoking toplevel() on ptolemy.moml.MoMLSimpleApplication@16667e
reloadAllAccessors: .LevelCrossing4

===========================================================================================
----------------- testing Fri Feb 01 15:33:19 UTC 2019 /home/travis/build/icyphy/ptII/ptolemy/domains/continuous/test/auto/LevelCrossing5.xml
----------------- Instantiating /home/travis/build/icyphy/ptII/ptolemy/domains/continuous/test/auto/LevelCrossing5.xml
6 ms. Memory: 243712K Free: 211735K (87%)
----------------- Invoking toplevel() on ptolemy.moml.MoMLSimpleApplication@9b8166f
----------------- Done invoking toplevel() on ptolemy.moml.MoMLSimpleApplication@9b8166f
reloadAllAccessors: .LevelCrossing5

===========================================================================================
[...]
5 ms. Memory: 415744K Free: 287773K (69%)
----------------- Invoking toplevel() on ptolemy.moml.MoMLSimpleApplication@6a126e62
----------------- Done invoking toplevel() on ptolemy.moml.MoMLSimpleApplication@6a126e62
reloadAllAccessors: .SRinContinuous

===========================================================================================
----------------- testing Fri Feb 01 15:33:35 UTC 2019 /home/travis/build/icyphy/ptII/ptolemy/domains/continuous/test/auto/SampledClocks.xml
----------------- Instantiating /home/travis/build/icyphy/ptII/ptolemy/domains/continuous/test/auto/SampledClocks.xml
6 ms. Memory: 415744K Free: 275838K (66%)
----------------- Invoking toplevel() on ptolemy.moml.MoMLSimpleApplication@58f38839
----------------- Done invoking toplevel() on ptolemy.moml.MoMLSimpleApplication@58f38839
reloadAllAccessors: .SampledClocks

===========================================================================================
----------------- testing Fri Feb 01 15:33:35 UTC 2019 /home/travis/build/icyphy/ptII/ptolemy/domains/continuous/test/auto/Satellite.xml
----------------- Instantiating /home/travis/build/icyphy/ptII/ptolemy/domains/continuous/test/auto/Satellite.xml
822 ms. Memory: 415744K Free: 90190K (22%)
----------------- Invoking toplevel() on ptolemy.moml.MoMLSimpleApplication@77a79946
----------------- Done invoking toplevel() on ptolemy.moml.MoMLSimpleApplication@77a79946
reloadAllAccessors: .Satellite

===========================================================================================
----------------- testing Fri Feb 01 15:33:36 UTC 2019 /home/travis/build/icyphy/ptII/ptolemy/domains/continuous/test/auto/SigmaDelta.xml
----------------- Instantiating /home/travis/build/icyphy/ptII/ptolemy/domains/continuous/test/auto/SigmaDelta.xml
2069 ms. Memory: 400896K Free: 23629K (6%)
----------------- Invoking toplevel() on ptolemy.moml.MoMLSimpleApplication@4ea41f44
----------------- Done invoking toplevel() on ptolemy.moml.MoMLSimpleApplication@4ea41f44
reloadAllAccessors: .SigmaDelta

===========================================================================================
----------------- testing Fri Feb 01 15:33:38 UTC 2019 /home/travis/build/icyphy/ptII/ptolemy/domains/continuous/test/auto/SingleRefinement.xml
----------------- Instantiating /home/travis/build/icyphy/ptII/ptolemy/domains/continuous/test/auto/SingleRefinement.xml
262 ms. Memory: 382464K Free: 132923K (35%)
----------------- Invoking toplevel() on ptolemy.moml.MoMLSimpleApplication@1b34fb56
----------------- Done invoking toplevel() on ptolemy.moml.MoMLSimpleApplication@1b34fb56
reloadAllAccessors: .SingleRefinement

===========================================================================================
----------------- testing Fri Feb 01 15:33:39 UTC 2019 /home/travis/build/icyphy/ptII/ptolemy/domains/continuous/test/auto/SinuBouncingBall.xml
----------------- Instantiating /home/travis/build/icyphy/ptII/ptolemy/domains/continuous/test/auto/SinuBouncingBall.xml
749 ms. Memory: 370688K Free: 194162K (52%)
----------------- Invoking toplevel() on ptolemy.moml.MoMLSimpleApplication@6e8ecd45
----------------- Done invoking toplevel() on ptolemy.moml.MoMLSimpleApplication@6e8ecd45
reloadAllAccessors: .SinuBouncingBall

===========================================================================================
----------------- testing Fri Feb 01 15:33:40 UTC 2019 /home/travis/build/icyphy/ptII/ptolemy/domains/continuous/test/auto/Sinusoid.xml
----------------- Instantiating /home/travis/build/icyphy/ptII/ptolemy/domains/continuous/test/auto/Sinusoid.xml
5 ms. Memory: 370688K Free: 186150K (50%)
----------------- Invoking toplevel() on ptolemy.moml.MoMLSimpleApplication@2ee495b2
----------------- Done invoking toplevel() on ptolemy.moml.MoMLSimpleApplication@2ee495b2
reloadAllAccessors: .Sinusoid

===========================================================================================
----------------- testing Fri Feb 01 15:33:40 UTC 2019 /home/travis/build/icyphy/ptII/ptolemy/domains/continuous/test/auto/SinusoidInNoise.xml
----------------- Instantiating /home/travis/build/icyphy/ptII/ptolemy/domains/continuous/test/auto/SinusoidInNoise.xml
924 ms. Memory: 357376K Free: 257510K (72%)
----------------- Invoking toplevel() on ptolemy.moml.MoMLSimpleApplication@1616e92f
----------------- Done invoking toplevel() on ptolemy.moml.MoMLSimpleApplication@1616e92f
reloadAllAccessors: .SinusoidInNoise

===========================================================================================
----------------- testing Fri Feb 01 15:33:41 UTC 2019 /home/travis/build/icyphy/ptII/ptolemy/domains/continuous/test/auto/SinusoidRK45.xml
----------------- Instantiating /home/travis/build/icyphy/ptII/ptolemy/domains/continuous/test/auto/SinusoidRK45.xml
2 ms. Memory: 357376K Free: 250046K (70%)
----------------- Invoking toplevel() on ptolemy.moml.MoMLSimpleApplication@e15d80e
----------------- Done invoking toplevel() on ptolemy.moml.MoMLSimpleApplication@e15d80e
reloadAllAccessors: .SinusoidRK45

===========================================================================================
----------------- testing Fri Feb 01 15:33:41 UTC 2019 /home/travis/build/icyphy/ptII/ptolemy/domains/continuous/test/auto/SinusoidWithMultipleImpulses.xml
----------------- Instantiating /home/travis/build/icyphy/ptII/ptolemy/domains/continuous/test/auto/SinusoidWithMultipleImpulses.xml
3 ms. Memory: 357376K Free: 243591K (68%)
----------------- Invoking toplevel() on ptolemy.moml.MoMLSimpleApplication@487bd7f6
----------------- Done invoking toplevel() on ptolemy.moml.MoMLSimpleApplication@487bd7f6
reloadAllAccessors: .SinusoidWithMultipleImpulses

===========================================================================================
----------------- testing Fri Feb 01 15:33:41 UTC 2019 /home/travis/build/icyphy/ptII/ptolemy/domains/continuous/test/auto/SquareWave.xml
----------------- Instantiating /home/travis/build/icyphy/ptII/ptolemy/domains/continuous/test/auto/SquareWave.xml
156 ms. Memory: 357376K Free: 215132K (60%)
----------------- Invoking toplevel() on ptolemy.moml.MoMLSimpleApplication@2eb6552c
----------------- Done invoking toplevel() on ptolemy.moml.MoMLSimpleApplication@2eb6552c
reloadAllAccessors: .SquareWave

===========================================================================================
----------------- testing Fri Feb 01 15:33:41 UTC 2019 /home/travis/build/icyphy/ptII/ptolemy/domains/continuous/test/auto/Starmac.xml
----------------- Instantiating /home/travis/build/icyphy/ptII/ptolemy/domains/continuous/test/auto/Starmac.xml
3073 ms. Memory: 348160K Free: 107505K (31%)
----------------- Invoking toplevel() on ptolemy.moml.MoMLSimpleApplication@13314623
----------------- Done invoking toplevel() on ptolemy.moml.MoMLSimpleApplication@13314623
reloadAllAccessors: .Starmac

===========================================================================================
----------------- testing Fri Feb 01 15:33:44 UTC 2019 /home/travis/build/icyphy/ptII/ptolemy/domains/continuous/test/auto/StaticUnits.xml
----------------- Instantiating /home/travis/build/icyphy/ptII/ptolemy/domains/continuous/test/auto/StaticUnits.xml
2175 ms. Memory: 296960K Free: 168334K (57%)
----------------- Invoking toplevel() on ptolemy.moml.MoMLSimpleApplication@128f028a
----------------- Done invoking toplevel() on ptolemy.moml.MoMLSimpleApplication@128f028a
reloadAllAccessors: .StaticUnits

===========================================================================================
----------------- testing Fri Feb 01 15:33:47 UTC 2019 /home/travis/build/icyphy/ptII/ptolemy/domains/continuous/test/auto/StickyMasses.xml
----------------- Instantiating /home/travis/build/icyphy/ptII/ptolemy/domains/continuous/test/auto/StickyMasses.xml
121 ms. Memory: 296960K Free: 113094K (38%)
----------------- Invoking toplevel() on ptolemy.moml.MoMLSimpleApplication@50e90dad
----------------- Done invoking toplevel() on ptolemy.moml.MoMLSimpleApplication@50e90dad
reloadAllAccessors: .StickyMasses

===========================================================================================
----------------- testing Fri Feb 01 15:33:47 UTC 2019 /home/travis/build/icyphy/ptII/ptolemy/domains/continuous/test/auto/StopTime.xml
----------------- Instantiating /home/travis/build/icyphy/ptII/ptolemy/domains/continuous/test/auto/StopTime.xml
40 ms. Memory: 296960K Free: 84828K (29%)
----------------- Invoking toplevel() on ptolemy.moml.MoMLSimpleApplication@39b00791
----------------- Done invoking toplevel() on ptolemy.moml.MoMLSimpleApplication@39b00791
reloadAllAccessors: .StopTime

===========================================================================================
----------------- testing Fri Feb 01 15:33:47 UTC 2019 /home/travis/build/icyphy/ptII/ptolemy/domains/continuous/test/auto/StopTime2.xml
----------------- Instantiating /home/travis/build/icyphy/ptII/ptolemy/domains/continuous/test/auto/StopTime2.xml
33 ms. Memory: 296960K Free: 59762K (20%)
----------------- Invoking toplevel() on ptolemy.moml.MoMLSimpleApplication@5bb6b375
----------------- Done invoking toplevel() on ptolemy.moml.MoMLSimpleApplication@5bb6b375
reloadAllAccessors: .StopTime2

===========================================================================================
----------------- testing Fri Feb 01 15:33:47 UTC 2019 /home/travis/build/icyphy/ptII/ptolemy/domains/continuous/test/auto/Switch.xml
----------------- Instantiating /home/travis/build/icyphy/ptII/ptolemy/domains/continuous/test/auto/Switch.xml
45 ms. Memory: 293888K Free: 268275K (91%)
----------------- Invoking toplevel() on ptolemy.moml.MoMLSimpleApplication@56da7970
----------------- Done invoking toplevel() on ptolemy.moml.MoMLSimpleApplication@56da7970
reloadAllAccessors: .Switch

===========================================================================================
----------------- testing Fri Feb 01 15:33:47 UTC 2019 /home/travis/build/icyphy/ptII/ptolemy/domains/continuous/test/auto/Thermostat.xml
----------------- Instantiating /home/travis/build/icyphy/ptII/ptolemy/domains/continuous/test/auto/Thermostat.xml
171 ms. Memory: 293888K Free: 190987K (65%)
----------------- Invoking toplevel() on ptolemy.moml.MoMLSimpleApplication@4d2b13ad
----------------- Done invoking toplevel() on ptolemy.moml.MoMLSimpleApplication@4d2b13ad
reloadAllAccessors: .Thermostat

===========================================================================================
----------------- testing Fri Feb 01 15:33:47 UTC 2019 /home/travis/build/icyphy/ptII/ptolemy/domains/continuous/test/auto/TimeDelay.xml
----------------- Instantiating /home/travis/build/icyphy/ptII/ptolemy/domains/continuous/test/auto/TimeDelay.xml
4 ms. Memory: 293888K Free: 183963K (63%)
----------------- Invoking toplevel() on ptolemy.moml.MoMLSimpleApplication@692a7c79
----------------- Done invoking toplevel() on ptolemy.moml.MoMLSimpleApplication@692a7c79
reloadAllAccessors: .TimeDelay

===========================================================================================
----------------- testing Fri Feb 01 15:33:47 UTC 2019 /home/travis/build/icyphy/ptII/ptolemy/domains/continuous/test/auto/TimeDelay2.xml
----------------- Instantiating /home/travis/build/icyphy/ptII/ptolemy/domains/continuous/test/auto/TimeDelay2.xml
7 ms. Memory: 293888K Free: 170785K (58%)
----------------- Invoking toplevel() on ptolemy.moml.MoMLSimpleApplication@5278eeef
----------------- Done invoking toplevel() on ptolemy.moml.MoMLSimpleApplication@5278eeef
reloadAllAccessors: .TimeDelay2

===========================================================================================
----------------- testing Fri Feb 01 15:33:47 UTC 2019 /home/travis/build/icyphy/ptII/ptolemy/domains/continuous/test/auto/TimeDelay3.xml
----------------- Instantiating /home/travis/build/icyphy/ptII/ptolemy/domains/continuous/test/auto/TimeDelay3.xml
2 ms. Memory: 293888K Free: 165264K (56%)
----------------- Invoking toplevel() on ptolemy.moml.MoMLSimpleApplication@5f58b00c
----------------- Done invoking toplevel() on ptolemy.moml.MoMLSimpleApplication@5f58b00c
reloadAllAccessors: .TimeDelay3

===========================================================================================
----------------- testing Fri Feb 01 15:33:47 UTC 2019 /home/travis/build/icyphy/ptII/ptolemy/domains/continuous/test/auto/TransferAbsentToInside.xml
----------------- Instantiating /home/travis/build/icyphy/ptII/ptolemy/domains/continuous/test/auto/TransferAbsentToInside.xml
24 ms. Memory: 293888K Free: 108954K (37%)
----------------- Invoking toplevel() on ptolemy.moml.MoMLSimpleApplication@6e28522f
----------------- Done invoking toplevel() on ptolemy.moml.MoMLSimpleApplication@6e28522f
reloadAllAccessors: .TransferAbsentToInside

===========================================================================================
----------------- testing Fri Feb 01 15:33:47 UTC 2019 /home/travis/build/icyphy/ptII/ptolemy/domains/continuous/test/auto/Transmission.xml
----------------- Instantiating /home/travis/build/icyphy/ptII/ptolemy/domains/continuous/test/auto/Transmission.xml
681 ms. Memory: 277504K Free: 83044K (30%)
----------------- Invoking toplevel() on ptolemy.moml.MoMLSimpleApplication@3c9533a6
----------------- Done invoking toplevel() on ptolemy.moml.MoMLSimpleApplication@3c9533a6
reloadAllAccessors: .Transmission

===========================================================================================
----------------- testing Fri Feb 01 15:33:48 UTC 2019 /home/travis/build/icyphy/ptII/ptolemy/domains/continuous/test/auto/TriggeredContinuousClock.xml
----------------- Instantiating /home/travis/build/icyphy/ptII/ptolemy/domains/continuous/test/auto/TriggeredContinuousClock.xml
31 ms. Memory: 277504K Free: 50309K (18%)
----------------- Invoking toplevel() on ptolemy.moml.MoMLSimpleApplication@6d8810db
----------------- Done invoking toplevel() on ptolemy.moml.MoMLSimpleApplication@6d8810db
reloadAllAccessors: .TriggeredContinuousClock

===========================================================================================
----------------- testing Fri Feb 01 15:33:48 UTC 2019 /home/travis/build/icyphy/ptII/ptolemy/domains/continuous/test/auto/TwoMachineInfiniteBusControl.xml
----------------- Instantiating /home/travis/build/icyphy/ptII/ptolemy/domains/continuous/test/auto/TwoMachineInfiniteBusControl.xml
2638 ms. Memory: 257024K Free: 86808K (34%)
----------------- Invoking toplevel() on ptolemy.moml.MoMLSimpleApplication@205a89a1
----------------- Done invoking toplevel() on ptolemy.moml.MoMLSimpleApplication@205a89a1
reloadAllAccessors: .TwoMachineInfiniteBusControl

===========================================================================================
----------------- testing Fri Feb 01 15:33:51 UTC 2019 /home/travis/build/icyphy/ptII/ptolemy/domains/continuous/test/auto/V2V.xml
----------------- Instantiating /home/travis/build/icyphy/ptII/ptolemy/domains/continuous/test/auto/V2V.xml
749 ms. Memory: 243200K Free: 66873K (27%)
----------------- Invoking toplevel() on ptolemy.moml.MoMLSimpleApplication@1d9de72c
----------------- Done invoking toplevel() on ptolemy.moml.MoMLSimpleApplication@1d9de72c
reloadAllAccessors: .V2V

===========================================================================================
----------------- testing Fri Feb 01 15:33:52 UTC 2019 /home/travis/build/icyphy/ptII/ptolemy/domains/continuous/test/auto/hierarchicalModalModel.xml
----------------- Instantiating /home/travis/build/icyphy/ptII/ptolemy/domains/continuous/test/auto/hierarchicalModalModel.xml
7 ms. Memory: 243200K Free: 48827K (20%)
----------------- Invoking toplevel() on ptolemy.moml.MoMLSimpleApplication@255b6c50
----------------- Done invoking toplevel() on ptolemy.moml.MoMLSimpleApplication@255b6c50
reloadAllAccessors: .hierarchicalModalModel

===========================================================================================
----------------- testing Fri Feb 01 15:33:52 UTC 2019 /home/travis/build/icyphy/ptII/ptolemy/domains/continuous/test/auto/hierarchicalModalModel1.xml
----------------- Instantiating /home/travis/build/icyphy/ptII/ptolemy/domains/continuous/test/auto/hierarchicalModalModel1.xml
12 ms. Memory: 240640K Free: 216014K (90%)
----------------- Invoking toplevel() on ptolemy.moml.MoMLSimpleApplication@795e500a
----------------- Done invoking toplevel() on ptolemy.moml.MoMLSimpleApplication@795e500a
reloadAllAccessors: .hierarchicalModalModel1

===========================================================================================
----------------- testing Fri Feb 01 15:33:52 UTC 2019 /home/travis/build/icyphy/ptII/ptolemy/domains/continuous/test/auto/hierarchicalModalModel2.xml
----------------- Instantiating /home/travis/build/icyphy/ptII/ptolemy/domains/continuous/test/auto/hierarchicalModalModel2.xml
6 ms. Memory: 240640K Free: 200721K (83%)
----------------- Invoking toplevel() on ptolemy.moml.MoMLSimpleApplication@2be9e5cb
----------------- Done invoking toplevel() on ptolemy.moml.MoMLSimpleApplication@2be9e5cb
reloadAllAccessors: .hierarchicalModalModel2

===========================================================================================
----------------- testing Fri Feb 01 15:33:52 UTC 2019 /home/travis/build/icyphy/ptII/ptolemy/domains/continuous/test/auto/hierarchicalModalModel3.xml
----------------- Instantiating /home/travis/build/icyphy/ptII/ptolemy/domains/continuous/test/auto/hierarchicalModalModel3.xml
6 ms. Memory: 240640K Free: 189091K (79%)
----------------- Invoking toplevel() on ptolemy.moml.MoMLSimpleApplication@3c96f54e
----------------- Done invoking toplevel() on ptolemy.moml.MoMLSimpleApplication@3c96f54e
reloadAllAccessors: .hierarchicalModalModel3

===========================================================================================
----------------- testing Fri Feb 01 15:33:52 UTC 2019 /home/travis/build/icyphy/ptII/ptolemy/domains/continuous/test/auto/hierarchicalModalModel4.xml
----------------- Instantiating /home/travis/build/icyphy/ptII/ptolemy/domains/continuous/test/auto/hierarchicalModalModel4.xml
4 ms. Memory: 240640K Free: 175053K (73%)
----------------- Invoking toplevel() on ptolemy.moml.MoMLSimpleApplication@67c6a04e
----------------- Done invoking toplevel() on ptolemy.moml.MoMLSimpleApplication@67c6a04e
reloadAllAccessors: .hierarchicalModalModel4

===========================================================================================
----------------- testing Fri Feb 01 15:33:52 UTC 2019 /home/travis/build/icyphy/ptII/ptolemy/domains/continuous/test/auto/junk.xml
----------------- Instantiating /home/travis/build/icyphy/ptII/ptolemy/domains/continuous/test/auto/junk.xml
143 ms. Memory: 240640K Free: 144332K (60%)
----------------- Invoking toplevel() on ptolemy.moml.MoMLSimpleApplication@126d0364
----------------- Done invoking toplevel() on ptolemy.moml.MoMLSimpleApplication@126d0364
reloadAllAccessors: .junk
AutoTests.java: About to close Vertx.
AutoTests.java: Vertx closed.
]]></system-out>
  <system-err><![CDATA[Warning: '.HysteresisWithRandomDelay.NonStrictTest' The test produced only 221 tokens, yet the correctValues parameter was expecting 222 tokens.
Warning: '.HysteresisWithRandomDelay.NonStrictTest2' The test produced only 220 tokens, yet the correctValues parameter was expecting 221 tokens.
Warning: '.HysteresisWithRandomDelay.NonStrictTest3' The test produced only 28 tokens, yet the correctValues parameter was expecting 30 tokens.
Warning: '.IncreasingRatePoisson.NonStrictTest' The test produced only 359 tokens, yet the correctValues parameter was expecting 402 tokens.
Warning: '.Poisson.NonStrictTest' The test produced only 346 tokens, yet the correctValues parameter was expecting 430 tokens.
]]></system-err>
</testsuite>
