<?xml version="1.0" encoding="UTF-8" ?>
<testsuite errors="0" failures="0" hostname="travis-job-7bf7c9c7-6b42-4052-88dd-efb3af205989" name="ptolemy.domains.de.test.junit.JUnitTclTest" skipped="0" tests="101" time="123.041" timestamp="2020-04-10T13:50:06">
  <properties>
[...]
</properties>
  <testcase classname="ptolemy.util.test.junit.TclTests" name="[0] /home/travis/build/icyphy/ptII/ptolemy/domains/de/test/DependencyLoop.tcl (RunTclFile)" time="1.04" />
  <testcase classname="ptolemy.util.test.junit.TclTests" name="[1] /home/travis/build/icyphy/ptII/ptolemy/domains/de/test/RunDETestsAsQSS.tcl (RunTclFile)" time="83.116" />
  <testcase classname="ptolemy.util.test.junit.AutoKnownFailedTests" name="[0] /home/travis/build/icyphy/ptII/ptolemy/domains/de/test/auto/knownFailedTests/DESDFClockTest.xml (RunModel)" time="2.036" />
  <testcase classname="ptolemy.util.test.junit.AutoKnownFailedTests" name="[1] /home/travis/build/icyphy/ptII/ptolemy/domains/de/test/auto/knownFailedTests/DirectFeedback.xml (RunModel)" time="0.019" />
  <testcase classname="ptolemy.util.test.junit.AutoKnownFailedTests" name="[2] /home/travis/build/icyphy/ptII/ptolemy/domains/de/test/auto/knownFailedTests/FSMSource.xml (RunModel)" time="0.03" />
  <testcase classname="ptolemy.util.test.junit.AutoKnownFailedTests" name="[3] /home/travis/build/icyphy/ptII/ptolemy/domains/de/test/auto/knownFailedTests/HierarchicalModel.xml (RunModel)" time="0.047" />
  <testcase classname="ptolemy.util.test.junit.AutoKnownFailedTests" name="[4] /home/travis/build/icyphy/ptII/ptolemy/domains/de/test/auto/knownFailedTests/dependencyLoop.xml (RunModel)" time="0.046" />
  <testcase classname="ptolemy.util.test.junit.AutoKnownFailedTests" name="[5] /home/travis/build/icyphy/ptII/ptolemy/domains/de/test/auto/knownFailedTests/dependencyLoop2.xml (RunModel)" time="0.045" />
  <testcase classname="ptolemy.util.test.junit.AutoNameArchTests" name="[0] ThereAreNoAutoArchTests (RunModel)" time="0.001" />
  <testcase classname="ptolemy.util.test.junit.AutoTests" name="[0] /home/travis/build/icyphy/ptII/ptolemy/domains/de/test/auto/ActorDepthCalculation_actorWithoutPorts.xml (RunModel)" time="0.025" />
  <testcase classname="ptolemy.util.test.junit.AutoTests" name="[1] /home/travis/build/icyphy/ptII/ptolemy/domains/de/test/auto/AssemblyLine.xml (RunModel)" time="0.029" />
  <testcase classname="ptolemy.util.test.junit.AutoTests" name="[2] /home/travis/build/icyphy/ptII/ptolemy/domains/de/test/auto/CQBug1.xml (RunModel)" time="0.009" />
  <testcase classname="ptolemy.util.test.junit.AutoTests" name="[3] /home/travis/build/icyphy/ptII/ptolemy/domains/de/test/auto/CancelFireAt.xml (RunModel)" time="0.013" />
  <testcase classname="ptolemy.util.test.junit.AutoTests" name="[4] /home/travis/build/icyphy/ptII/ptolemy/domains/de/test/auto/CausalityAndComposabilityAnalysis.xml (RunModel)" time="0.025" />
  <testcase classname="ptolemy.util.test.junit.AutoTests" name="[5] /home/travis/build/icyphy/ptII/ptolemy/domains/de/test/auto/CausalityInterface1.xml (RunModel)" time="0.025" />
  <testcase classname="ptolemy.util.test.junit.AutoTests" name="[6] /home/travis/build/icyphy/ptII/ptolemy/domains/de/test/auto/CausalityInterface15.xml (RunModel)" time="0.017" />
  <testcase classname="ptolemy.util.test.junit.AutoTests" name="[7] /home/travis/build/icyphy/ptII/ptolemy/domains/de/test/auto/CausalityInterface2.xml (RunModel)" time="0.014" />
  <testcase classname="ptolemy.util.test.junit.AutoTests" name="[8] /home/travis/build/icyphy/ptII/ptolemy/domains/de/test/auto/CausalityInterface3.xml (RunModel)" time="0.012" />
  <testcase classname="ptolemy.util.test.junit.AutoTests" name="[9] /home/travis/build/icyphy/ptII/ptolemy/domains/de/test/auto/ClockDrift.xml (RunModel)" time="0.038" />
  <testcase classname="ptolemy.util.test.junit.AutoTests" name="[10] /home/travis/build/icyphy/ptII/ptolemy/domains/de/test/auto/ClockDriftAndValueChange.xml (RunModel)" time="0.03" />
  <testcase classname="ptolemy.util.test.junit.AutoTests" name="[11] /home/travis/build/icyphy/ptII/ptolemy/domains/de/test/auto/ClockDriftChange.xml (RunModel)" time="0.035" />
  <testcase classname="ptolemy.util.test.junit.AutoTests" name="[12] /home/travis/build/icyphy/ptII/ptolemy/domains/de/test/auto/ComposableCausalityAnalysis.xml (RunModel)" time="0.015" />
  <testcase classname="ptolemy.util.test.junit.AutoTests" name="[13] /home/travis/build/icyphy/ptII/ptolemy/domains/de/test/auto/DEFixedPointLimitation.xml (RunModel)" time="0.01" />
  <testcase classname="ptolemy.util.test.junit.AutoTests" name="[14] /home/travis/build/icyphy/ptII/ptolemy/domains/de/test/auto/DEScheduleTest.xml (RunModel)" time="0.014" />
  <testcase classname="ptolemy.util.test.junit.AutoTests" name="[15] /home/travis/build/icyphy/ptII/ptolemy/domains/de/test/auto/DEinDEwithStartTimes.xml (RunModel)" time="0.015" />
  <testcase classname="ptolemy.util.test.junit.AutoTests" name="[16] /home/travis/build/icyphy/ptII/ptolemy/domains/de/test/auto/DEinDEwithStartTimes2.xml (RunModel)" time="0.017" />
  <testcase classname="ptolemy.util.test.junit.AutoTests" name="[17] /home/travis/build/icyphy/ptII/ptolemy/domains/de/test/auto/DateDemo.xml (RunModel)" time="0.032" />
  <testcase classname="ptolemy.util.test.junit.AutoTests" name="[18] /home/travis/build/icyphy/ptII/ptolemy/domains/de/test/auto/DateToEvent.xml (RunModel)" time="2.041" />
  <testcase classname="ptolemy.util.test.junit.AutoTests" name="[19] /home/travis/build/icyphy/ptII/ptolemy/domains/de/test/auto/DepthTest1.xml (RunModel)" time="0.007" />
  <testcase classname="ptolemy.util.test.junit.AutoTests" name="[20] /home/travis/build/icyphy/ptII/ptolemy/domains/de/test/auto/DepthTest2.xml (RunModel)" time="0.02" />
  <testcase classname="ptolemy.util.test.junit.AutoTests" name="[21] /home/travis/build/icyphy/ptII/ptolemy/domains/de/test/auto/DepthTest3.xml (RunModel)" time="0.008" />
  <testcase classname="ptolemy.util.test.junit.AutoTests" name="[22] /home/travis/build/icyphy/ptII/ptolemy/domains/de/test/auto/DepthTest4.xml (RunModel)" time="0.022" />
  <testcase classname="ptolemy.util.test.junit.AutoTests" name="[23] /home/travis/build/icyphy/ptII/ptolemy/domains/de/test/auto/DepthTest5.xml (RunModel)" time="0.022" />
  <testcase classname="ptolemy.util.test.junit.AutoTests" name="[24] /home/travis/build/icyphy/ptII/ptolemy/domains/de/test/auto/DepthTest6.xml (RunModel)" time="0.012" />
  <testcase classname="ptolemy.util.test.junit.AutoTests" name="[25] /home/travis/build/icyphy/ptII/ptolemy/domains/de/test/auto/DepthTest7.xml (RunModel)" time="0.01" />
  <testcase classname="ptolemy.util.test.junit.AutoTests" name="[26] /home/travis/build/icyphy/ptII/ptolemy/domains/de/test/auto/EventToDate.xml (RunModel)" time="3.042" />
  <testcase classname="ptolemy.util.test.junit.AutoTests" name="[27] /home/travis/build/icyphy/ptII/ptolemy/domains/de/test/auto/FSM1.xml (RunModel)" time="0.039" />
  <testcase classname="ptolemy.util.test.junit.AutoTests" name="[28] /home/travis/build/icyphy/ptII/ptolemy/domains/de/test/auto/FSM7.xml (RunModel)" time="0.031" />
  <testcase classname="ptolemy.util.test.junit.AutoTests" name="[29] /home/travis/build/icyphy/ptII/ptolemy/domains/de/test/auto/Inspection.xml (RunModel)" time="0.043" />
  <testcase classname="ptolemy.util.test.junit.AutoTests" name="[30] /home/travis/build/icyphy/ptII/ptolemy/domains/de/test/auto/Iteration.xml (RunModel)" time="0.024" />
  <testcase classname="ptolemy.util.test.junit.AutoTests" name="[31] /home/travis/build/icyphy/ptII/ptolemy/domains/de/test/auto/LineFault.xml (RunModel)" time="0.545" />
  <testcase classname="ptolemy.util.test.junit.AutoTests" name="[32] /home/travis/build/icyphy/ptII/ptolemy/domains/de/test/auto/MergeModel1Add.xml (RunModel)" time="0.046" />
  <testcase classname="ptolemy.util.test.junit.AutoTests" name="[33] /home/travis/build/icyphy/ptII/ptolemy/domains/de/test/auto/MergeModel2Add.xml (RunModel)" time="0.035" />
  <testcase classname="ptolemy.util.test.junit.AutoTests" name="[34] /home/travis/build/icyphy/ptII/ptolemy/domains/de/test/auto/MergeModel3Add.xml (RunModel)" time="0.047" />
  <testcase classname="ptolemy.util.test.junit.AutoTests" name="[35] /home/travis/build/icyphy/ptII/ptolemy/domains/de/test/auto/MergeWithoutDiscard.xml (RunModel)" time="0.011" />
  <testcase classname="ptolemy.util.test.junit.AutoTests" name="[36] /home/travis/build/icyphy/ptII/ptolemy/domains/de/test/auto/Modal1.xml (RunModel)" time="0.029" />
  <testcase classname="ptolemy.util.test.junit.AutoTests" name="[37] /home/travis/build/icyphy/ptII/ptolemy/domains/de/test/auto/Modal2.xml (RunModel)" time="0.028" />
  <testcase classname="ptolemy.util.test.junit.AutoTests" name="[38] /home/travis/build/icyphy/ptII/ptolemy/domains/de/test/auto/Modal3.xml (RunModel)" time="0.028" />
  <testcase classname="ptolemy.util.test.junit.AutoTests" name="[39] /home/travis/build/icyphy/ptII/ptolemy/domains/de/test/auto/Modal4.xml (RunModel)" time="0.032" />
  <testcase classname="ptolemy.util.test.junit.AutoTests" name="[40] /home/travis/build/icyphy/ptII/ptolemy/domains/de/test/auto/Modal5.xml (RunModel)" time="0.034" />
  <testcase classname="ptolemy.util.test.junit.AutoTests" name="[41] /home/travis/build/icyphy/ptII/ptolemy/domains/de/test/auto/Modal6.xml (RunModel)" time="0.028" />
  <testcase classname="ptolemy.util.test.junit.AutoTests" name="[42] /home/travis/build/icyphy/ptII/ptolemy/domains/de/test/auto/Modal7.xml (RunModel)" time="0.028" />
  <testcase classname="ptolemy.util.test.junit.AutoTests" name="[43] /home/travis/build/icyphy/ptII/ptolemy/domains/de/test/auto/ModalModel.xml (RunModel)" time="0.169" />
  <testcase classname="ptolemy.util.test.junit.AutoTests" name="[44] /home/travis/build/icyphy/ptII/ptolemy/domains/de/test/auto/ModalSource.xml (RunModel)" time="0.02" />
  <testcase classname="ptolemy.util.test.junit.AutoTests" name="[45] /home/travis/build/icyphy/ptII/ptolemy/domains/de/test/auto/NonInterruptibleTimerZeroDelay.xml (RunModel)" time="0.01" />
  <testcase classname="ptolemy.util.test.junit.AutoTests" name="[46] /home/travis/build/icyphy/ptII/ptolemy/domains/de/test/auto/OpenQueueingNetwork.xml (RunModel)" time="2.425" />
  <testcase classname="ptolemy.util.test.junit.AutoTests" name="[47] /home/travis/build/icyphy/ptII/ptolemy/domains/de/test/auto/OpenQueuingNetwork.xml (RunModel)" time="0.272" />
  <testcase classname="ptolemy.util.test.junit.AutoTests" name="[48] /home/travis/build/icyphy/ptII/ptolemy/domains/de/test/auto/PeriodicSampler.xml (RunModel)" time="0.01" />
  <testcase classname="ptolemy.util.test.junit.AutoTests" name="[49] /home/travis/build/icyphy/ptII/ptolemy/domains/de/test/auto/PersistentIO.xml (RunModel)" time="0.021" />
  <testcase classname="ptolemy.util.test.junit.AutoTests" name="[50] /home/travis/build/icyphy/ptII/ptolemy/domains/de/test/auto/PortParameterResetOnInitialize.xml (RunModel)" time="0.01" />
  <testcase classname="ptolemy.util.test.junit.AutoTests" name="[51] /home/travis/build/icyphy/ptII/ptolemy/domains/de/test/auto/PortParameterUpdates.xml (RunModel)" time="0.015" />
  <testcase classname="ptolemy.util.test.junit.AutoTests" name="[52] /home/travis/build/icyphy/ptII/ptolemy/domains/de/test/auto/QueueAndServer.xml (RunModel)" time="0.023" />
  <testcase classname="ptolemy.util.test.junit.AutoTests" name="[53] /home/travis/build/icyphy/ptII/ptolemy/domains/de/test/auto/Records.xml (RunModel)" time="0.015" />
  <testcase classname="ptolemy.util.test.junit.AutoTests" name="[54] /home/travis/build/icyphy/ptII/ptolemy/domains/de/test/auto/ResetTransitionWithStartTime1.xml (RunModel)" time="0.023" />
  <testcase classname="ptolemy.util.test.junit.AutoTests" name="[55] /home/travis/build/icyphy/ptII/ptolemy/domains/de/test/auto/ResetTransitionWithStartTime2.xml (RunModel)" time="0.02" />
  <testcase classname="ptolemy.util.test.junit.AutoTests" name="[56] /home/travis/build/icyphy/ptII/ptolemy/domains/de/test/auto/ResetTransitionWithStartTime3.xml (RunModel)" time="0.017" />
  <testcase classname="ptolemy.util.test.junit.AutoTests" name="[57] /home/travis/build/icyphy/ptII/ptolemy/domains/de/test/auto/ResetTransitionWithStartTime4.xml (RunModel)" time="0.015" />
  <testcase classname="ptolemy.util.test.junit.AutoTests" name="[58] /home/travis/build/icyphy/ptII/ptolemy/domains/de/test/auto/ResettableTimer1.xml (RunModel)" time="0.01" />
  <testcase classname="ptolemy.util.test.junit.AutoTests" name="[59] /home/travis/build/icyphy/ptII/ptolemy/domains/de/test/auto/ResettableTimer2.xml (RunModel)" time="0.009" />
  <testcase classname="ptolemy.util.test.junit.AutoTests" name="[60] /home/travis/build/icyphy/ptII/ptolemy/domains/de/test/auto/ResettableTimer3.xml (RunModel)" time="0.008" />
  <testcase classname="ptolemy.util.test.junit.AutoTests" name="[61] /home/travis/build/icyphy/ptII/ptolemy/domains/de/test/auto/ResettableTimer4.xml (RunModel)" time="0.008" />
  <testcase classname="ptolemy.util.test.junit.AutoTests" name="[62] /home/travis/build/icyphy/ptII/ptolemy/domains/de/test/auto/ResettableTimer5.xml (RunModel)" time="0.009" />
  <testcase classname="ptolemy.util.test.junit.AutoTests" name="[63] /home/travis/build/icyphy/ptII/ptolemy/domains/de/test/auto/ResettableTimer6.xml (RunModel)" time="0.016" />
  <testcase classname="ptolemy.util.test.junit.AutoTests" name="[64] /home/travis/build/icyphy/ptII/ptolemy/domains/de/test/auto/ServerZeroDelay.xml (RunModel)" time="0.009" />
  <testcase classname="ptolemy.util.test.junit.AutoTests" name="[65] /home/travis/build/icyphy/ptII/ptolemy/domains/de/test/auto/SmartSender.xml (RunModel)" time="3.008" />
  <testcase classname="ptolemy.util.test.junit.AutoTests" name="[66] /home/travis/build/icyphy/ptII/ptolemy/domains/de/test/auto/ThreadedComposite.xml (RunModel)" time="0.116" />
  <testcase classname="ptolemy.util.test.junit.AutoTests" name="[67] /home/travis/build/icyphy/ptII/ptolemy/domains/de/test/auto/Time.xml (RunModel)" time="0.354" />
  <testcase classname="ptolemy.util.test.junit.AutoTests" name="[68] /home/travis/build/icyphy/ptII/ptolemy/domains/de/test/auto/TimeDelayZeroDelay.xml (RunModel)" time="0.012" />
  <testcase classname="ptolemy.util.test.junit.AutoTests" name="[69] /home/travis/build/icyphy/ptII/ptolemy/domains/de/test/auto/TimerZeroDelay.xml (RunModel)" time="0.009" />
  <testcase classname="ptolemy.util.test.junit.AutoTests" name="[70] /home/travis/build/icyphy/ptII/ptolemy/domains/de/test/auto/TimingParadox.xml (RunModel)" time="0.305" />
  <testcase classname="ptolemy.util.test.junit.AutoTests" name="[71] /home/travis/build/icyphy/ptII/ptolemy/domains/de/test/auto/TransferInputs.xml (RunModel)" time="0.02" />
  <testcase classname="ptolemy.util.test.junit.AutoTests" name="[72] /home/travis/build/icyphy/ptII/ptolemy/domains/de/test/auto/TransferOutputs2.xml (RunModel)" time="0.015" />
  <testcase classname="ptolemy.util.test.junit.AutoTests" name="[73] /home/travis/build/icyphy/ptII/ptolemy/domains/de/test/auto/Trilateration.xml (RunModel)" time="10.733" />
  <testcase classname="ptolemy.util.test.junit.AutoTests" name="[74] /home/travis/build/icyphy/ptII/ptolemy/domains/de/test/auto/TwoSigmaDelta.xml (RunModel)" time="1.783" />
  <testcase classname="ptolemy.util.test.junit.AutoTests" name="[75] /home/travis/build/icyphy/ptII/ptolemy/domains/de/test/auto/VariableDelay.xml (RunModel)" time="0.014" />
  <testcase classname="ptolemy.util.test.junit.AutoTests" name="[76] /home/travis/build/icyphy/ptII/ptolemy/domains/de/test/auto/VariableDelay2.xml (RunModel)" time="0.008" />
  <testcase classname="ptolemy.util.test.junit.AutoTests" name="[77] /home/travis/build/icyphy/ptII/ptolemy/domains/de/test/auto/VariableDelayZeroDelay.xml (RunModel)" time="0.013" />
  <testcase classname="ptolemy.util.test.junit.AutoTests" name="[78] /home/travis/build/icyphy/ptII/ptolemy/domains/de/test/auto/VariableDelayZeroDelay2.xml (RunModel)" time="0.01" />
  <testcase classname="ptolemy.util.test.junit.AutoTests" name="[79] /home/travis/build/icyphy/ptII/ptolemy/domains/de/test/auto/deInCt.xml (RunModel)" time="0.014" />
  <testcase classname="ptolemy.util.test.junit.AutoTests" name="[80] /home/travis/build/icyphy/ptII/ptolemy/domains/de/test/auto/deInCt2.xml (RunModel)" time="0.015" />
  <testcase classname="ptolemy.util.test.junit.AutoTests" name="[81] /home/travis/build/icyphy/ptII/ptolemy/domains/de/test/auto/dynamicCausalityInterface1.xml (RunModel)" time="0.023" />
  <testcase classname="ptolemy.util.test.junit.AutoTests" name="[82] /home/travis/build/icyphy/ptII/ptolemy/domains/de/test/auto/fsm_de_test.xml (RunModel)" time="0.021" />
  <testcase classname="ptolemy.util.test.junit.AutoTests" name="[83] /home/travis/build/icyphy/ptII/ptolemy/domains/de/test/auto/functionDependencyReconstruction.xml (RunModel)" time="0.033" />
  <testcase classname="ptolemy.util.test.junit.AutoTests" name="[84] /home/travis/build/icyphy/ptII/ptolemy/domains/de/test/auto/multirate.xml (RunModel)" time="0.014" />
  <testcase classname="ptolemy.util.test.junit.AutoTests" name="[85] /home/travis/build/icyphy/ptII/ptolemy/domains/de/test/auto/multirate2.xml (RunModel)" time="0.018" />
  <testcase classname="ptolemy.util.test.junit.AutoTests" name="[86] /home/travis/build/icyphy/ptII/ptolemy/domains/de/test/auto/realtime.xml (RunModel)" time="10.009" />
  <testcase classname="ptolemy.util.test.junit.AutoTests" name="[87] /home/travis/build/icyphy/ptII/ptolemy/domains/de/test/auto/relationGroup.xml (RunModel)" time="0.009" />
  <testcase classname="ptolemy.util.test.junit.AutoTests" name="[88] /home/travis/build/icyphy/ptII/ptolemy/domains/de/test/auto/relationGroup2.xml (RunModel)" time="0.01" />
  <testcase classname="ptolemy.util.test.junit.AutoTests" name="[89] /home/travis/build/icyphy/ptII/ptolemy/domains/de/test/auto/sortWithOpaquePorts.xml (RunModel)" time="0.009" />
  <testcase classname="ptolemy.util.test.junit.AutoTests" name="[90] /home/travis/build/icyphy/ptII/ptolemy/domains/de/test/auto/transferInputsandOutputs.xml (RunModel)" time="0.02" />
  <testcase classname="ptolemy.util.test.junit.AutoTests" name="[91] /home/travis/build/icyphy/ptII/ptolemy/domains/de/test/auto/triggerType.xml (RunModel)" time="0.012" />
  <system-out><![CDATA[/home/travis/build/icyphy/ptII/ptolemy/domains/de/test/DependencyLoop.tcl
testDefs.tcl: setting time out to 9000 seconds at Fri Apr 10 13:50:06 UTC 2020
83 ms. Memory: 129024K Free: 79176K (61%)
22 ms. Memory: 129024K Free: 61754K (48%)
/home/travis/build/icyphy/ptII/ptolemy/domains/de/test/RunDETestsAsQSS.tcl
Run the DE tests using ptolemy.domains.qss.test.QSSDirectorTest, which extends QSSDirector and prints a message in the constructors.
------------------ testing $PTII/ptolemy/domains/de/test/auto/knownFailedTests/DirectFeedback.xml (Known Failure) 
72 ms. Memory: 129024K Free: 55624K (43%)


==== $PTIIhome/travis/build/icyphy/ptII/ptolemy/domains/de/test/../../../../: Auto Automatic test in file $PTII/ptolemy/domains/de/test/auto/knownFailedTests/DirectFeedback.xml
==== Contents of test case:

	    # FIXME: we should use $relativeFilename here, but it
	    # might have backslashes under Windows, which causes no end
	    # of trouble.
	    createAndExecute $file
	    list {}
	
.... Test generated KNOWN error:
    while executing
ptolemy.kernel.util.IllegalActionException: Test fails in iteration 1.
Value was: 1.0. Should have been: 2.0
  in .DirectFeedback.Test
	at ptolemy.actor.lib.Test.fire(Test.java:268)
	at ptolemy.domains.de.kernel.DEDirector._fire(DEDirector.java:1949)
	at ptolemy.domains.de.kernel.DEDirector.fire(DEDirector.java:502)
	at ptolemy.actor.CompositeActor.fire(CompositeActor.java:455)
	at ptolemy.actor.Manager.iterate(Manager.java:851)
	at ptolemy.actor.Manager.execute(Manager.java:369)
	at ptolemy.actor.Manager.run(Manager.java:1263)
	at ptolemy.actor.Manager$PtolemyRunThread.run(Manager.java:1933)

    while executing
ptolemy.kernel.util.IllegalActionException: Test fails in iteration 1.
Value was: 1.0. Should have been: 2.0
  in .DirectFeedback.Test
    while executing
"java::new ptolemy.moml.MoMLSimpleApplication $file
"
    (procedure "createAndExecute" line 2)
    invoked from within
"createAndExecute $file"
    ("uplevel" body line 5)
    invoked from within
"uplevel $contents_of_test"
------------------ testing $PTII/ptolemy/domains/de/test/auto/knownFailedTests/dependencyLoop.xml (Known Failure) 
16 ms. Memory: 129024K Free: 52552K (41%)


==== $PTIIhome/travis/build/icyphy/ptII/ptolemy/domains/de/test/../../../../: Auto Automatic test in file $PTII/ptolemy/domains/de/test/auto/knownFailedTests/dependencyLoop.xml
==== Contents of test case:

	    # FIXME: we should use $relativeFilename here, but it
	    # might have backslashes under Windows, which causes no end
	    # of trouble.
	    createAndExecute $file
	    list {}
	
.... Test generated KNOWN error:
    while executing
ptolemy.kernel.util.IllegalActionException: Found a zero delay loop containing .dependencyLoop.original
  in .dependencyLoop and .dependencyLoop.original
	at ptolemy.actor.util.CausalityInterfaceForComposites._computeOutputPortDepth(CausalityInterfaceForComposites.java:759)
	at ptolemy.actor.util.CausalityInterfaceForComposites._computeInputDepth(CausalityInterfaceForComposites.java:696)
	at ptolemy.actor.util.CausalityInterfaceForComposites._computeOutputPortDepth(CausalityInterfaceForComposites.java:765)
	at ptolemy.actor.util.CausalityInterfaceForComposites._computeInputDepth(CausalityInterfaceForComposites.java:696)
	at ptolemy.actor.util.CausalityInterfaceForComposites._computeOutputPortDepth(CausalityInterfaceForComposites.java:765)
	at ptolemy.actor.util.CausalityInterfaceForComposites._computeInputDepth(CausalityInterfaceForComposites.java:696)
	at ptolemy.actor.util.CausalityInterfaceForComposites._computeActorDepth(CausalityInterfaceForComposites.java:532)
	at ptolemy.actor.util.CausalityInterfaceForComposites.checkForCycles(CausalityInterfaceForComposites.java:96)
	at ptolemy.domains.de.kernel.DEDirector.preinitialize(DEDirector.java:1338)
	at ptolemy.actor.CompositeActor.preinitialize(CompositeActor.java:1828)
	at ptolemy.actor.Manager.preinitializeAndResolveTypes(Manager.java:1040)
	at ptolemy.actor.Manager.initialize(Manager.java:710)
	at ptolemy.actor.Manager.execute(Manager.java:356)
	at ptolemy.actor.Manager.run(Manager.java:1263)
	at ptolemy.actor.Manager$PtolemyRunThread.run(Manager.java:1933)

    while executing
ptolemy.kernel.util.IllegalActionException: Found a zero delay loop containing .dependencyLoop.original
  in .dependencyLoop and .dependencyLoop.original
    while executing
"java::new ptolemy.moml.MoMLSimpleApplication $file
"
    (procedure "createAndExecute" line 2)
    invoked from within
"createAndExecute $file"
    ("uplevel" body line 5)
    invoked from within
"uplevel $contents_of_test"
------------------ testing $PTII/ptolemy/domains/de/test/auto/knownFailedTests/FSMSource.xml (Known Failure) 
69 ms. Memory: 129024K Free: 110519K (86%)
!!!! Auto was marked as failing, but now passes
------------------ testing $PTII/ptolemy/domains/de/test/auto/knownFailedTests/HierarchicalModel.xml (Known Failure) 
14 ms. Memory: 129024K Free: 93079K (72%)


==== $PTIIhome/travis/build/icyphy/ptII/ptolemy/domains/de/test/../../../../: Auto Automatic test in file $PTII/ptolemy/domains/de/test/auto/knownFailedTests/HierarchicalModel.xml
==== Contents of test case:

	    # FIXME: we should use $relativeFilename here, but it
	    # might have backslashes under Windows, which causes no end
	    # of trouble.
	    createAndExecute $file
	    list {}
	
.... Test generated KNOWN error:
    while executing
ptolemy.kernel.util.IllegalActionException: Found a zero delay loop containing .HierarchicalModel.A
  in .HierarchicalModel and .HierarchicalModel.A
	at ptolemy.actor.util.CausalityInterfaceForComposites._computeOutputPortDepth(CausalityInterfaceForComposites.java:759)
	at ptolemy.actor.util.CausalityInterfaceForComposites._computeInputDepth(CausalityInterfaceForComposites.java:696)
	at ptolemy.actor.util.CausalityInterfaceForComposites._computeOutputPortDepth(CausalityInterfaceForComposites.java:765)
	at ptolemy.actor.util.CausalityInterfaceForComposites._computeInputDepth(CausalityInterfaceForComposites.java:696)
	at ptolemy.actor.util.CausalityInterfaceForComposites._computeOutputPortDepth(CausalityInterfaceForComposites.java:765)
	at ptolemy.actor.util.CausalityInterfaceForComposites._computeInputDepth(CausalityInterfaceForComposites.java:696)
	at ptolemy.actor.util.CausalityInterfaceForComposites._computeActorDepth(CausalityInterfaceForComposites.java:532)
	at ptolemy.actor.util.CausalityInterfaceForComposites.checkForCycles(CausalityInterfaceForComposites.java:96)
	at ptolemy.domains.de.kernel.DEDirector.preinitialize(DEDirector.java:1338)
	at ptolemy.actor.CompositeActor.preinitialize(CompositeActor.java:1828)
	at ptolemy.actor.Manager.preinitializeAndResolveTypes(Manager.java:1040)
	at ptolemy.actor.Manager.initialize(Manager.java:710)
	at ptolemy.actor.Manager.execute(Manager.java:356)
	at ptolemy.actor.Manager.run(Manager.java:1263)
	at ptolemy.actor.Manager$PtolemyRunThread.run(Manager.java:1933)

    while executing
ptolemy.kernel.util.IllegalActionException: Found a zero delay loop containing .HierarchicalModel.A
  in .HierarchicalModel and .HierarchicalModel.A
    while executing
"java::new ptolemy.moml.MoMLSimpleApplication $file
"
    (procedure "createAndExecute" line 2)
    invoked from within
"createAndExecute $file"
    ("uplevel" body line 5)
    invoked from within
"uplevel $contents_of_test"
------------------ testing $PTII/ptolemy/domains/de/test/auto/knownFailedTests/dependencyLoop2.xml (Known Failure) 
5 ms. Memory: 129024K Free: 77186K (60%)


==== $PTIIhome/travis/build/icyphy/ptII/ptolemy/domains/de/test/../../../../: Auto Automatic test in file $PTII/ptolemy/domains/de/test/auto/knownFailedTests/dependencyLoop2.xml
==== Contents of test case:

	    # FIXME: we should use $relativeFilename here, but it
	    # might have backslashes under Windows, which causes no end
	    # of trouble.
	    createAndExecute $file
	    list {}
	
.... Test generated KNOWN error:
    while executing
ptolemy.kernel.util.IllegalActionException: Found a zero delay loop containing .dependencyLoop2.original
  in .dependencyLoop2 and .dependencyLoop2.original
	at ptolemy.actor.util.CausalityInterfaceForComposites._computeOutputPortDepth(CausalityInterfaceForComposites.java:759)
	at ptolemy.actor.util.CausalityInterfaceForComposites._computeInputDepth(CausalityInterfaceForComposites.java:696)
	at ptolemy.actor.util.CausalityInterfaceForComposites._computeOutputPortDepth(CausalityInterfaceForComposites.java:765)
	at ptolemy.actor.util.CausalityInterfaceForComposites._computeInputDepth(CausalityInterfaceForComposites.java:696)
	at ptolemy.actor.util.CausalityInterfaceForComposites._computeOutputPortDepth(CausalityInterfaceForComposites.java:765)
	at ptolemy.actor.util.CausalityInterfaceForComposites._computeInputDepth(CausalityInterfaceForComposites.java:696)
	at ptolemy.actor.util.CausalityInterfaceForComposites._computeActorDepth(CausalityInterfaceForComposites.java:532)
	at ptolemy.actor.util.CausalityInterfaceForComposites.checkForCycles(CausalityInterfaceForComposites.java:96)
	at ptolemy.domains.de.kernel.DEDirector.preinitialize(DEDirector.java:1338)
	at ptolemy.actor.CompositeActor.preinitialize(CompositeActor.java:1828)
	at ptolemy.actor.Manager.preinitializeAndResolveTypes(Manager.java:1040)
	at ptolemy.actor.Manager.initialize(Manager.java:710)
	at ptolemy.actor.Manager.execute(Manager.java:356)
	at ptolemy.actor.Manager.run(Manager.java:1263)
	at ptolemy.actor.Manager$PtolemyRunThread.run(Manager.java:1933)

    while executing
ptolemy.kernel.util.IllegalActionException: Found a zero delay loop containing .dependencyLoop2.original
  in .dependencyLoop2 and .dependencyLoop2.original
    while executing
"java::new ptolemy.moml.MoMLSimpleApplication $file
"
    (procedure "createAndExecute" line 2)
    invoked from within
"createAndExecute $file"
    ("uplevel" body line 5)
    invoked from within
"uplevel $contents_of_test"
------------------ testing $PTII/ptolemy/domains/de/test/auto/knownFailedTests/DESDFClockTest.xml (Known Failure) 
2057 ms. Memory: 129024K Free: 107797K (84%)


==== $PTIIhome/travis/build/icyphy/ptII/ptolemy/domains/de/test/../../../../: Auto Automatic test in file $PTII/ptolemy/domains/de/test/auto/knownFailedTests/DESDFClockTest.xml
==== Contents of test case:

	    # FIXME: we should use $relativeFilename here, but it
	    # might have backslashes under Windows, which causes no end
	    # of trouble.
	    createAndExecute $file
	    list {}
	
.... Test generated KNOWN error:
    while executing
ptolemy.kernel.util.IllegalActionException: Actor is not ready to fire.  Perhaps UpSample.prefire() returned false? Try debugging the actor by selecting "Listen to Actor".  Also, for SDF check moml for tokenConsumptionRate on input.
  in .DESDFClockTest.Play Bell.Copy1:SDF Director and .DESDFClockTest.Play Bell.UpSample
	at ptolemy.actor.sched.StaticSchedulingDirector.fire(StaticSchedulingDirector.java:227)
	at ptolemy.domains.sdf.kernel.SDFDirector.fire(SDFDirector.java:500)
	at ptolemy.actor.CompositeActor.fire(CompositeActor.java:455)
	at ptolemy.domains.de.kernel.DEDirector._fire(DEDirector.java:1949)
	at ptolemy.domains.de.kernel.DEDirector.fire(DEDirector.java:502)
	at ptolemy.actor.CompositeActor.fire(CompositeActor.java:455)
	at ptolemy.actor.Manager.iterate(Manager.java:851)
	at ptolemy.actor.Manager.execute(Manager.java:369)
	at ptolemy.actor.Manager.run(Manager.java:1263)
	at ptolemy.actor.Manager$PtolemyRunThread.run(Manager.java:1933)

    while executing
ptolemy.kernel.util.IllegalActionException: Actor is not ready to fire.  Perhaps UpSample.prefire() returned false? Try debugging the actor by selecting "Listen to Actor".  Also, for SDF check moml for tokenConsumptionRate on input.
  in .DESDFClockTest.Play Bell.Copy1:SDF Director and .DESDFClockTest.Play Bell.UpSample
    while executing
"java::new ptolemy.moml.MoMLSimpleApplication $file
"
    (procedure "createAndExecute" line 2)
    invoked from within
"createAndExecute $file"
    ("uplevel" body line 5)
    invoked from within
"uplevel $contents_of_test"
------------------ testing $PTII/ptolemy/domains/de/test/auto/ActorDepthCalculation_actorWithoutPorts.xml
auto.tcl: Setting watchdog for 200 seconds at Fri Apr 10 13:50:10 UTC 2020
4 ms. Memory: 129024K Free: 100616K (78%)
ptolemy.util.test.WatchDog.cancel(): canceling Fri Apr 10 13:50:10 UTC 2020
auto.tcl: Setting watchdog for 200 seconds at Fri Apr 10 13:50:10 UTC 2020
7 ms. Memory: 129024K Free: 99096K (77%)
ptolemy.util.test.WatchDog.cancel(): canceling Fri Apr 10 13:50:10 UTC 2020
------------------ testing $PTII/ptolemy/domains/de/test/auto/AssemblyLine.xml
auto.tcl: Setting watchdog for 200 seconds at Fri Apr 10 13:50:10 UTC 2020
7 ms. Memory: 55296K Free: 31560K (57%)
ptolemy.util.test.WatchDog.cancel(): canceling Fri Apr 10 13:50:10 UTC 2020
auto.tcl: Setting watchdog for 200 seconds at Fri Apr 10 13:50:10 UTC 2020
6 ms. Memory: 55296K Free: 31020K (56%)
ptolemy.util.test.WatchDog.cancel(): canceling Fri Apr 10 13:50:10 UTC 2020
------------------ testing $PTII/ptolemy/domains/de/test/auto/CQBug1.xml
auto.tcl: Setting watchdog for 200 seconds at Fri Apr 10 13:50:10 UTC 2020
3 ms. Memory: 51200K Free: 33256K (65%)
ptolemy.util.test.WatchDog.cancel(): canceling Fri Apr 10 13:50:10 UTC 2020
auto.tcl: Setting watchdog for 200 seconds at Fri Apr 10 13:50:10 UTC 2020
2 ms. Memory: 51200K Free: 32797K (64%)
ptolemy.util.test.WatchDog.cancel(): canceling Fri Apr 10 13:50:10 UTC 2020
------------------ testing $PTII/ptolemy/domains/de/test/auto/CancelFireAt.xml
auto.tcl: Setting watchdog for 200 seconds at Fri Apr 10 13:50:10 UTC 2020
12 ms. Memory: 51200K Free: 34487K (67%)
ptolemy.util.test.WatchDog.cancel(): canceling Fri Apr 10 13:50:11 UTC 2020
auto.tcl: Setting watchdog for 200 seconds at Fri Apr 10 13:50:11 UTC 2020
2 ms. Memory: 51200K Free: 33997K (66%)
ptolemy.util.test.WatchDog.cancel(): canceling Fri Apr 10 13:50:11 UTC 2020
------------------ testing $PTII/ptolemy/domains/de/test/auto/CausalityAndComposabilityAnalysis.xml
auto.tcl: Setting watchdog for 200 seconds at Fri Apr 10 13:50:11 UTC 2020
9 ms. Memory: 51200K Free: 32430K (63%)
ptolemy.util.test.WatchDog.cancel(): canceling Fri Apr 10 13:50:11 UTC 2020
auto.tcl: Setting watchdog for 200 seconds at Fri Apr 10 13:50:11 UTC 2020
8 ms. Memory: 51200K Free: 31957K (62%)
ptolemy.util.test.WatchDog.cancel(): canceling Fri Apr 10 13:50:11 UTC 2020
------------------ testing $PTII/ptolemy/domains/de/test/auto/CausalityInterface1.xml
auto.tcl: Setting watchdog for 200 seconds at Fri Apr 10 13:50:11 UTC 2020
30 ms. Memory: 51200K Free: 31382K (61%)
ptolemy.util.test.WatchDog.cancel(): canceling Fri Apr 10 13:50:11 UTC 2020
auto.tcl: Setting watchdog for 200 seconds at Fri Apr 10 13:50:11 UTC 2020
4 ms. Memory: 51200K Free: 30402K (59%)
ptolemy.util.test.WatchDog.cancel(): canceling Fri Apr 10 13:50:11 UTC 2020
------------------ testing $PTII/ptolemy/domains/de/test/auto/CausalityInterface15.xml
auto.tcl: Setting watchdog for 200 seconds at Fri Apr 10 13:50:11 UTC 2020
10 ms. Memory: 51200K Free: 31542K (62%)
ptolemy.util.test.WatchDog.cancel(): canceling Fri Apr 10 13:50:11 UTC 2020
auto.tcl: Setting watchdog for 200 seconds at Fri Apr 10 13:50:11 UTC 2020
4 ms. Memory: 51200K Free: 30352K (59%)
ptolemy.util.test.WatchDog.cancel(): canceling Fri Apr 10 13:50:11 UTC 2020
------------------ testing $PTII/ptolemy/domains/de/test/auto/CausalityInterface2.xml
auto.tcl: Setting watchdog for 200 seconds at Fri Apr 10 13:50:11 UTC 2020
4 ms. Memory: 51200K Free: 32031K (63%)
ptolemy.util.test.WatchDog.cancel(): canceling Fri Apr 10 13:50:11 UTC 2020
auto.tcl: Setting watchdog for 200 seconds at Fri Apr 10 13:50:11 UTC 2020
3 ms. Memory: 51200K Free: 30899K (60%)
ptolemy.util.test.WatchDog.cancel(): canceling Fri Apr 10 13:50:11 UTC 2020
------------------ testing $PTII/ptolemy/domains/de/test/auto/CausalityInterface3.xml
auto.tcl: Setting watchdog for 200 seconds at Fri Apr 10 13:50:11 UTC 2020
4 ms. Memory: 51200K Free: 31554K (62%)
ptolemy.util.test.WatchDog.cancel(): canceling Fri Apr 10 13:50:11 UTC 2020
auto.tcl: Setting watchdog for 200 seconds at Fri Apr 10 13:50:11 UTC 2020
3 ms. Memory: 51200K Free: 31100K (61%)
ptolemy.util.test.WatchDog.cancel(): canceling Fri Apr 10 13:50:11 UTC 2020
------------------ testing $PTII/ptolemy/domains/de/test/auto/ClockDrift.xml
auto.tcl: Setting watchdog for 200 seconds at Fri Apr 10 13:50:11 UTC 2020
70 ms. Memory: 51200K Free: 24147K (47%)
ptolemy.util.test.WatchDog.cancel(): canceling Fri Apr 10 13:50:11 UTC 2020
auto.tcl: Setting watchdog for 200 seconds at Fri Apr 10 13:50:11 UTC 2020
56 ms. Memory: 51200K Free: 20679K (40%)
ptolemy.util.test.WatchDog.cancel(): canceling Fri Apr 10 13:50:11 UTC 2020
------------------ testing $PTII/ptolemy/domains/de/test/auto/ClockDriftAndValueChange.xml
auto.tcl: Setting watchdog for 200 seconds at Fri Apr 10 13:50:11 UTC 2020
21 ms. Memory: 51200K Free: 24761K (48%)
ptolemy.util.test.WatchDog.cancel(): canceling Fri Apr 10 13:50:11 UTC 2020
auto.tcl: Setting watchdog for 200 seconds at Fri Apr 10 13:50:11 UTC 2020
24 ms. Memory: 51200K Free: 21591K (42%)
ptolemy.util.test.WatchDog.cancel(): canceling Fri Apr 10 13:50:11 UTC 2020
------------------ testing $PTII/ptolemy/domains/de/test/auto/ClockDriftChange.xml
auto.tcl: Setting watchdog for 200 seconds at Fri Apr 10 13:50:11 UTC 2020
21 ms. Memory: 51200K Free: 26018K (51%)
ptolemy.util.test.WatchDog.cancel(): canceling Fri Apr 10 13:50:11 UTC 2020
auto.tcl: Setting watchdog for 200 seconds at Fri Apr 10 13:50:11 UTC 2020
25 ms. Memory: 51200K Free: 23617K (46%)
ptolemy.util.test.WatchDog.cancel(): canceling Fri Apr 10 13:50:11 UTC 2020
------------------ testing $PTII/ptolemy/domains/de/test/auto/ComposableCausalityAnalysis.xml
auto.tcl: Setting watchdog for 200 seconds at Fri Apr 10 13:50:11 UTC 2020
4 ms. Memory: 51200K Free: 30863K (60%)
ptolemy.util.test.WatchDog.cancel(): canceling Fri Apr 10 13:50:12 UTC 2020
auto.tcl: Setting watchdog for 200 seconds at Fri Apr 10 13:50:12 UTC 2020
3 ms. Memory: 51200K Free: 29833K (58%)
ptolemy.util.test.WatchDog.cancel(): canceling Fri Apr 10 13:50:12 UTC 2020
------------------ testing $PTII/ptolemy/domains/de/test/auto/DEFixedPointLimitation.xml
auto.tcl: Setting watchdog for 200 seconds at Fri Apr 10 13:50:12 UTC 2020
4 ms. Memory: 51200K Free: 31990K (62%)
ptolemy.util.test.WatchDog.cancel(): canceling Fri Apr 10 13:50:12 UTC 2020
auto.tcl: Setting watchdog for 200 seconds at Fri Apr 10 13:50:12 UTC 2020
1 ms. Memory: 51200K Free: 30936K (60%)
ptolemy.util.test.WatchDog.cancel(): canceling Fri Apr 10 13:50:12 UTC 2020
------------------ testing $PTII/ptolemy/domains/de/test/auto/DEScheduleTest.xml
auto.tcl: Setting watchdog for 200 seconds at Fri Apr 10 13:50:12 UTC 2020
4 ms. Memory: 51200K Free: 32591K (64%)
ptolemy.util.test.WatchDog.cancel(): canceling Fri Apr 10 13:50:12 UTC 2020
auto.tcl: Setting watchdog for 200 seconds at Fri Apr 10 13:50:12 UTC 2020
2 ms. Memory: 51200K Free: 31825K (62%)
ptolemy.util.test.WatchDog.cancel(): canceling Fri Apr 10 13:50:12 UTC 2020
------------------ testing $PTII/ptolemy/domains/de/test/auto/DEinDEwithStartTimes.xml
auto.tcl: Setting watchdog for 200 seconds at Fri Apr 10 13:50:12 UTC 2020
6 ms. Memory: 51200K Free: 30752K (60%)
ptolemy.util.test.WatchDog.cancel(): canceling Fri Apr 10 13:50:12 UTC 2020
auto.tcl: Setting watchdog for 200 seconds at Fri Apr 10 13:50:12 UTC 2020
6 ms. Memory: 51200K Free: 29728K (58%)
ptolemy.util.test.WatchDog.cancel(): canceling Fri Apr 10 13:50:12 UTC 2020
------------------ testing $PTII/ptolemy/domains/de/test/auto/DEinDEwithStartTimes2.xml
auto.tcl: Setting watchdog for 200 seconds at Fri Apr 10 13:50:12 UTC 2020
4 ms. Memory: 51200K Free: 29845K (58%)
ptolemy.util.test.WatchDog.cancel(): canceling Fri Apr 10 13:50:12 UTC 2020
auto.tcl: Setting watchdog for 200 seconds at Fri Apr 10 13:50:12 UTC 2020
4 ms. Memory: 51200K Free: 28683K (56%)
ptolemy.util.test.WatchDog.cancel(): canceling Fri Apr 10 13:50:12 UTC 2020
------------------ testing $PTII/ptolemy/domains/de/test/auto/DateDemo.xml
auto.tcl: Setting watchdog for 200 seconds at Fri Apr 10 13:50:12 UTC 2020
32 ms. Memory: 51200K Free: 24700K (48%)
ptolemy.util.test.WatchDog.cancel(): canceling Fri Apr 10 13:50:12 UTC 2020
auto.tcl: Setting watchdog for 200 seconds at Fri Apr 10 13:50:12 UTC 2020
10 ms. Memory: 51200K Free: 23064K (45%)
ptolemy.util.test.WatchDog.cancel(): canceling Fri Apr 10 13:50:12 UTC 2020
------------------ testing $PTII/ptolemy/domains/de/test/auto/DateToEvent.xml
auto.tcl: Setting watchdog for 200 seconds at Fri Apr 10 13:50:12 UTC 2020
2013 ms. Memory: 51200K Free: 19224K (38%)
ptolemy.util.test.WatchDog.cancel(): canceling Fri Apr 10 13:50:14 UTC 2020
auto.tcl: Setting watchdog for 200 seconds at Fri Apr 10 13:50:14 UTC 2020
2004 ms. Memory: 51200K Free: 18784K (37%)
ptolemy.util.test.WatchDog.cancel(): canceling Fri Apr 10 13:50:16 UTC 2020
------------------ testing $PTII/ptolemy/domains/de/test/auto/DepthTest1.xml
auto.tcl: Setting watchdog for 200 seconds at Fri Apr 10 13:50:16 UTC 2020
5 ms. Memory: 51200K Free: 33401K (65%)
ptolemy.util.test.WatchDog.cancel(): canceling Fri Apr 10 13:50:16 UTC 2020
auto.tcl: Setting watchdog for 200 seconds at Fri Apr 10 13:50:16 UTC 2020
2 ms. Memory: 51200K Free: 32959K (64%)
ptolemy.util.test.WatchDog.cancel(): canceling Fri Apr 10 13:50:16 UTC 2020
------------------ testing $PTII/ptolemy/domains/de/test/auto/DepthTest2.xml
auto.tcl: Setting watchdog for 200 seconds at Fri Apr 10 13:50:16 UTC 2020
3 ms. Memory: 51200K Free: 30182K (59%)
ptolemy.util.test.WatchDog.cancel(): canceling Fri Apr 10 13:50:16 UTC 2020
auto.tcl: Setting watchdog for 200 seconds at Fri Apr 10 13:50:16 UTC 2020
3 ms. Memory: 51200K Free: 29748K (58%)
ptolemy.util.test.WatchDog.cancel(): canceling Fri Apr 10 13:50:16 UTC 2020
------------------ testing $PTII/ptolemy/domains/de/test/auto/DepthTest3.xml
auto.tcl: Setting watchdog for 200 seconds at Fri Apr 10 13:50:16 UTC 2020
5 ms. Memory: 51200K Free: 33747K (66%)
ptolemy.util.test.WatchDog.cancel(): canceling Fri Apr 10 13:50:16 UTC 2020
auto.tcl: Setting watchdog for 200 seconds at Fri Apr 10 13:50:16 UTC 2020
2 ms. Memory: 51200K Free: 33225K (65%)
ptolemy.util.test.WatchDog.cancel(): canceling Fri Apr 10 13:50:16 UTC 2020
------------------ testing $PTII/ptolemy/domains/de/test/auto/DepthTest4.xml
auto.tcl: Setting watchdog for 200 seconds at Fri Apr 10 13:50:16 UTC 2020
11 ms. Memory: 51200K Free: 31486K (61%)
ptolemy.util.test.WatchDog.cancel(): canceling Fri Apr 10 13:50:16 UTC 2020
auto.tcl: Setting watchdog for 200 seconds at Fri Apr 10 13:50:16 UTC 2020
3 ms. Memory: 51200K Free: 31052K (61%)
ptolemy.util.test.WatchDog.cancel(): canceling Fri Apr 10 13:50:16 UTC 2020
------------------ testing $PTII/ptolemy/domains/de/test/auto/DepthTest5.xml
auto.tcl: Setting watchdog for 200 seconds at Fri Apr 10 13:50:16 UTC 2020
5 ms. Memory: 51200K Free: 31420K (61%)
ptolemy.util.test.WatchDog.cancel(): canceling Fri Apr 10 13:50:16 UTC 2020
auto.tcl: Setting watchdog for 200 seconds at Fri Apr 10 13:50:16 UTC 2020
3 ms. Memory: 51200K Free: 30684K (60%)
ptolemy.util.test.WatchDog.cancel(): canceling Fri Apr 10 13:50:16 UTC 2020
------------------ testing $PTII/ptolemy/domains/de/test/auto/DepthTest6.xml
auto.tcl: Setting watchdog for 200 seconds at Fri Apr 10 13:50:16 UTC 2020
3 ms. Memory: 51200K Free: 31081K (61%)
ptolemy.util.test.WatchDog.cancel(): canceling Fri Apr 10 13:50:16 UTC 2020
auto.tcl: Setting watchdog for 200 seconds at Fri Apr 10 13:50:16 UTC 2020
3 ms. Memory: 51200K Free: 30662K (60%)
ptolemy.util.test.WatchDog.cancel(): canceling Fri Apr 10 13:50:16 UTC 2020
------------------ testing $PTII/ptolemy/domains/de/test/auto/DepthTest7.xml
auto.tcl: Setting watchdog for 200 seconds at Fri Apr 10 13:50:17 UTC 2020
3 ms. Memory: 51200K Free: 31395K (61%)
ptolemy.util.test.WatchDog.cancel(): canceling Fri Apr 10 13:50:17 UTC 2020
auto.tcl: Setting watchdog for 200 seconds at Fri Apr 10 13:50:17 UTC 2020
2 ms. Memory: 51200K Free: 30953K (60%)
ptolemy.util.test.WatchDog.cancel(): canceling Fri Apr 10 13:50:17 UTC 2020
------------------ testing $PTII/ptolemy/domains/de/test/auto/EventToDate.xml
auto.tcl: Setting watchdog for 200 seconds at Fri Apr 10 13:50:17 UTC 2020
3010 ms. Memory: 51200K Free: 22702K (44%)
ptolemy.util.test.WatchDog.cancel(): canceling Fri Apr 10 13:50:20 UTC 2020
auto.tcl: Setting watchdog for 200 seconds at Fri Apr 10 13:50:20 UTC 2020
3003 ms. Memory: 51200K Free: 22004K (43%)
ptolemy.util.test.WatchDog.cancel(): canceling Fri Apr 10 13:50:23 UTC 2020
------------------ testing $PTII/ptolemy/domains/de/test/auto/FSM1.xml
auto.tcl: Setting watchdog for 200 seconds at Fri Apr 10 13:50:23 UTC 2020
46 ms. Memory: 51200K Free: 23378K (46%)
ptolemy.util.test.WatchDog.cancel(): canceling Fri Apr 10 13:50:23 UTC 2020
auto.tcl: Setting watchdog for 200 seconds at Fri Apr 10 13:50:23 UTC 2020
20 ms. Memory: 51200K Free: 20251K (40%)
ptolemy.util.test.WatchDog.cancel(): canceling Fri Apr 10 13:50:23 UTC 2020
------------------ testing $PTII/ptolemy/domains/de/test/auto/FSM7.xml
auto.tcl: Setting watchdog for 200 seconds at Fri Apr 10 13:50:23 UTC 2020
15 ms. Memory: 51200K Free: 23877K (47%)
ptolemy.util.test.WatchDog.cancel(): canceling Fri Apr 10 13:50:23 UTC 2020
auto.tcl: Setting watchdog for 200 seconds at Fri Apr 10 13:50:23 UTC 2020
16 ms. Memory: 51200K Free: 20918K (41%)
ptolemy.util.test.WatchDog.cancel(): canceling Fri Apr 10 13:50:23 UTC 2020
------------------ testing $PTII/ptolemy/domains/de/test/auto/Inspection.xml
auto.tcl: Setting watchdog for 200 seconds at Fri Apr 10 13:50:23 UTC 2020
33 ms. Memory: 51200K Free: 23645K (46%)
ptolemy.util.test.WatchDog.cancel(): canceling Fri Apr 10 13:50:23 UTC 2020
auto.tcl: Setting watchdog for 200 seconds at Fri Apr 10 13:50:23 UTC 2020
30 ms. Memory: 51200K Free: 21532K (42%)
ptolemy.util.test.WatchDog.cancel(): canceling Fri Apr 10 13:50:23 UTC 2020
------------------ testing $PTII/ptolemy/domains/de/test/auto/Iteration.xml
auto.tcl: Setting watchdog for 200 seconds at Fri Apr 10 13:50:23 UTC 2020
8 ms. Memory: 51200K Free: 29182K (57%)
ptolemy.util.test.WatchDog.cancel(): canceling Fri Apr 10 13:50:23 UTC 2020
auto.tcl: Setting watchdog for 200 seconds at Fri Apr 10 13:50:23 UTC 2020
6 ms. Memory: 51200K Free: 27988K (55%)
ptolemy.util.test.WatchDog.cancel(): canceling Fri Apr 10 13:50:23 UTC 2020
------------------ testing $PTII/ptolemy/domains/de/test/auto/LineFault.xml
auto.tcl: Setting watchdog for 200 seconds at Fri Apr 10 13:50:23 UTC 2020
549 ms. Memory: 51200K Free: 16757K (33%)
ptolemy.util.test.WatchDog.cancel(): canceling Fri Apr 10 13:50:24 UTC 2020
auto.tcl: Setting watchdog for 200 seconds at Fri Apr 10 13:50:24 UTC 2020
511 ms. Memory: 61440K Free: 23033K (37%)
ptolemy.util.test.WatchDog.cancel(): canceling Fri Apr 10 13:50:25 UTC 2020
------------------ testing $PTII/ptolemy/domains/de/test/auto/MergeModel1Add.xml
auto.tcl: Setting watchdog for 200 seconds at Fri Apr 10 13:50:25 UTC 2020
17 ms. Memory: 58368K Free: 22292K (38%)
ptolemy.util.test.WatchDog.cancel(): canceling Fri Apr 10 13:50:25 UTC 2020
auto.tcl: Setting watchdog for 200 seconds at Fri Apr 10 13:50:25 UTC 2020
17 ms. Memory: 58368K Free: 20896K (36%)
ptolemy.util.test.WatchDog.cancel(): canceling Fri Apr 10 13:50:25 UTC 2020
------------------ testing $PTII/ptolemy/domains/de/test/auto/MergeModel2Add.xml
auto.tcl: Setting watchdog for 200 seconds at Fri Apr 10 13:50:25 UTC 2020
11 ms. Memory: 55296K Free: 21839K (39%)
ptolemy.util.test.WatchDog.cancel(): canceling Fri Apr 10 13:50:25 UTC 2020
auto.tcl: Setting watchdog for 200 seconds at Fri Apr 10 13:50:25 UTC 2020
10 ms. Memory: 55296K Free: 20186K (37%)
ptolemy.util.test.WatchDog.cancel(): canceling Fri Apr 10 13:50:25 UTC 2020
------------------ testing $PTII/ptolemy/domains/de/test/auto/MergeModel3Add.xml
auto.tcl: Setting watchdog for 200 seconds at Fri Apr 10 13:50:25 UTC 2020
9 ms. Memory: 51200K Free: 17506K (34%)
ptolemy.util.test.WatchDog.cancel(): canceling Fri Apr 10 13:50:25 UTC 2020
auto.tcl: Setting watchdog for 200 seconds at Fri Apr 10 13:50:25 UTC 2020
10 ms. Memory: 51200K Free: 16125K (31%)
ptolemy.util.test.WatchDog.cancel(): canceling Fri Apr 10 13:50:25 UTC 2020
------------------ testing $PTII/ptolemy/domains/de/test/auto/MergeWithoutDiscard.xml
auto.tcl: Setting watchdog for 200 seconds at Fri Apr 10 13:50:25 UTC 2020
2 ms. Memory: 51200K Free: 32354K (63%)
ptolemy.util.test.WatchDog.cancel(): canceling Fri Apr 10 13:50:25 UTC 2020
auto.tcl: Setting watchdog for 200 seconds at Fri Apr 10 13:50:25 UTC 2020
2 ms. Memory: 51200K Free: 31455K (61%)
ptolemy.util.test.WatchDog.cancel(): canceling Fri Apr 10 13:50:25 UTC 2020
------------------ testing $PTII/ptolemy/domains/de/test/auto/Modal1.xml
auto.tcl: Setting watchdog for 200 seconds at Fri Apr 10 13:50:25 UTC 2020
12 ms. Memory: 51200K Free: 23944K (47%)
ptolemy.util.test.WatchDog.cancel(): canceling Fri Apr 10 13:50:25 UTC 2020
auto.tcl: Setting watchdog for 200 seconds at Fri Apr 10 13:50:25 UTC 2020
12 ms. Memory: 51200K Free: 20485K (40%)
ptolemy.util.test.WatchDog.cancel(): canceling Fri Apr 10 13:50:25 UTC 2020
------------------ testing $PTII/ptolemy/domains/de/test/auto/Modal2.xml
auto.tcl: Setting watchdog for 200 seconds at Fri Apr 10 13:50:25 UTC 2020
15 ms. Memory: 51200K Free: 24092K (47%)
ptolemy.util.test.WatchDog.cancel(): canceling Fri Apr 10 13:50:25 UTC 2020
auto.tcl: Setting watchdog for 200 seconds at Fri Apr 10 13:50:25 UTC 2020
20 ms. Memory: 51200K Free: 20850K (41%)
ptolemy.util.test.WatchDog.cancel(): canceling Fri Apr 10 13:50:25 UTC 2020
------------------ testing $PTII/ptolemy/domains/de/test/auto/Modal3.xml
auto.tcl: Setting watchdog for 200 seconds at Fri Apr 10 13:50:25 UTC 2020
19 ms. Memory: 51200K Free: 23820K (47%)
ptolemy.util.test.WatchDog.cancel(): canceling Fri Apr 10 13:50:25 UTC 2020
auto.tcl: Setting watchdog for 200 seconds at Fri Apr 10 13:50:25 UTC 2020
13 ms. Memory: 51200K Free: 20858K (41%)
ptolemy.util.test.WatchDog.cancel(): canceling Fri Apr 10 13:50:25 UTC 2020
------------------ testing $PTII/ptolemy/domains/de/test/auto/Modal4.xml
auto.tcl: Setting watchdog for 200 seconds at Fri Apr 10 13:50:25 UTC 2020
26 ms. Memory: 51200K Free: 23041K (45%)
ptolemy.util.test.WatchDog.cancel(): canceling Fri Apr 10 13:50:25 UTC 2020
auto.tcl: Setting watchdog for 200 seconds at Fri Apr 10 13:50:25 UTC 2020
26 ms. Memory: 51200K Free: 19225K (38%)
ptolemy.util.test.WatchDog.cancel(): canceling Fri Apr 10 13:50:25 UTC 2020
------------------ testing $PTII/ptolemy/domains/de/test/auto/Modal5.xml
auto.tcl: Setting watchdog for 200 seconds at Fri Apr 10 13:50:25 UTC 2020
11 ms. Memory: 51200K Free: 23035K (45%)
ptolemy.util.test.WatchDog.cancel(): canceling Fri Apr 10 13:50:26 UTC 2020
auto.tcl: Setting watchdog for 200 seconds at Fri Apr 10 13:50:26 UTC 2020
13 ms. Memory: 51200K Free: 19211K (38%)
ptolemy.util.test.WatchDog.cancel(): canceling Fri Apr 10 13:50:26 UTC 2020
------------------ testing $PTII/ptolemy/domains/de/test/auto/Modal6.xml
auto.tcl: Setting watchdog for 200 seconds at Fri Apr 10 13:50:26 UTC 2020
11 ms. Memory: 51200K Free: 23590K (46%)
ptolemy.util.test.WatchDog.cancel(): canceling Fri Apr 10 13:50:26 UTC 2020
auto.tcl: Setting watchdog for 200 seconds at Fri Apr 10 13:50:26 UTC 2020
13 ms. Memory: 51200K Free: 19619K (38%)
ptolemy.util.test.WatchDog.cancel(): canceling Fri Apr 10 13:50:26 UTC 2020
------------------ testing $PTII/ptolemy/domains/de/test/auto/Modal7.xml
auto.tcl: Setting watchdog for 200 seconds at Fri Apr 10 13:50:26 UTC 2020
10 ms. Memory: 51200K Free: 22575K (44%)
ptolemy.util.test.WatchDog.cancel(): canceling Fri Apr 10 13:50:26 UTC 2020
auto.tcl: Setting watchdog for 200 seconds at Fri Apr 10 13:50:26 UTC 2020
10 ms. Memory: 51200K Free: 18993K (37%)
ptolemy.util.test.WatchDog.cancel(): canceling Fri Apr 10 13:50:26 UTC 2020
------------------ testing $PTII/ptolemy/domains/de/test/auto/ModalModel.xml
auto.tcl: Setting watchdog for 200 seconds at Fri Apr 10 13:50:26 UTC 2020
199 ms. Memory: 51200K Free: 15423K (30%)
ptolemy.util.test.WatchDog.cancel(): canceling Fri Apr 10 13:50:26 UTC 2020
auto.tcl: Setting watchdog for 200 seconds at Fri Apr 10 13:50:26 UTC 2020
186 ms. Memory: 66560K Free: 28534K (43%)
ptolemy.util.test.WatchDog.cancel(): canceling Fri Apr 10 13:50:26 UTC 2020
------------------ testing $PTII/ptolemy/domains/de/test/auto/ModalSource.xml
auto.tcl: Setting watchdog for 200 seconds at Fri Apr 10 13:50:26 UTC 2020
8 ms. Memory: 55296K Free: 31730K (57%)
ptolemy.util.test.WatchDog.cancel(): canceling Fri Apr 10 13:50:26 UTC 2020
auto.tcl: Setting watchdog for 200 seconds at Fri Apr 10 13:50:26 UTC 2020
6 ms. Memory: 55296K Free: 29803K (54%)
ptolemy.util.test.WatchDog.cancel(): canceling Fri Apr 10 13:50:26 UTC 2020
------------------ testing $PTII/ptolemy/domains/de/test/auto/NonInterruptibleTimerZeroDelay.xml
auto.tcl: Setting watchdog for 200 seconds at Fri Apr 10 13:50:26 UTC 2020
3 ms. Memory: 55296K Free: 36613K (66%)
ptolemy.util.test.WatchDog.cancel(): canceling Fri Apr 10 13:50:26 UTC 2020
auto.tcl: Setting watchdog for 200 seconds at Fri Apr 10 13:50:26 UTC 2020
3 ms. Memory: 55296K Free: 36015K (65%)
ptolemy.util.test.WatchDog.cancel(): canceling Fri Apr 10 13:50:26 UTC 2020
------------------ testing $PTII/ptolemy/domains/de/test/auto/OpenQueueingNetwork.xml
auto.tcl: Setting watchdog for 200 seconds at Fri Apr 10 13:50:26 UTC 2020
2861 ms. Memory: 83968K Free: 50721K (60%)
ptolemy.util.test.WatchDog.cancel(): canceling Fri Apr 10 13:50:29 UTC 2020
auto.tcl: Setting watchdog for 200 seconds at Fri Apr 10 13:50:29 UTC 2020
2361 ms. Memory: 83968K Free: 20494K (24%)
ptolemy.util.test.WatchDog.cancel(): canceling Fri Apr 10 13:50:32 UTC 2020
------------------ testing $PTII/ptolemy/domains/de/test/auto/OpenQueuingNetwork.xml
auto.tcl: Setting watchdog for 200 seconds at Fri Apr 10 13:50:32 UTC 2020
249 ms. Memory: 61440K Free: 36933K (60%)
ptolemy.util.test.WatchDog.cancel(): canceling Fri Apr 10 13:50:32 UTC 2020
auto.tcl: Setting watchdog for 200 seconds at Fri Apr 10 13:50:32 UTC 2020
235 ms. Memory: 61440K Free: 19380K (32%)
ptolemy.util.test.WatchDog.cancel(): canceling Fri Apr 10 13:50:32 UTC 2020
------------------ testing $PTII/ptolemy/domains/de/test/auto/PeriodicSampler.xml
auto.tcl: Setting watchdog for 200 seconds at Fri Apr 10 13:50:32 UTC 2020
3 ms. Memory: 55296K Free: 35897K (65%)
ptolemy.util.test.WatchDog.cancel(): canceling Fri Apr 10 13:50:32 UTC 2020
auto.tcl: Setting watchdog for 200 seconds at Fri Apr 10 13:50:32 UTC 2020
2 ms. Memory: 55296K Free: 35377K (64%)
ptolemy.util.test.WatchDog.cancel(): canceling Fri Apr 10 13:50:32 UTC 2020
------------------ testing $PTII/ptolemy/domains/de/test/auto/PersistentIO.xml
auto.tcl: Setting watchdog for 200 seconds at Fri Apr 10 13:50:32 UTC 2020
5 ms. Memory: 51200K Free: 26726K (52%)
ptolemy.util.test.WatchDog.cancel(): canceling Fri Apr 10 13:50:32 UTC 2020
auto.tcl: Setting watchdog for 200 seconds at Fri Apr 10 13:50:32 UTC 2020
3 ms. Memory: 51200K Free: 25206K (49%)
ptolemy.util.test.WatchDog.cancel(): canceling Fri Apr 10 13:50:32 UTC 2020
------------------ testing $PTII/ptolemy/domains/de/test/auto/PortParameterResetOnInitialize.xml
auto.tcl: Setting watchdog for 200 seconds at Fri Apr 10 13:50:33 UTC 2020
2 ms. Memory: 51200K Free: 31724K (62%)
ptolemy.util.test.WatchDog.cancel(): canceling Fri Apr 10 13:50:33 UTC 2020
auto.tcl: Setting watchdog for 200 seconds at Fri Apr 10 13:50:33 UTC 2020
1 ms. Memory: 51200K Free: 31214K (61%)
ptolemy.util.test.WatchDog.cancel(): canceling Fri Apr 10 13:50:33 UTC 2020
------------------ testing $PTII/ptolemy/domains/de/test/auto/PortParameterUpdates.xml
auto.tcl: Setting watchdog for 200 seconds at Fri Apr 10 13:50:33 UTC 2020
5 ms. Memory: 51200K Free: 29794K (58%)
ptolemy.util.test.WatchDog.cancel(): canceling Fri Apr 10 13:50:33 UTC 2020
auto.tcl: Setting watchdog for 200 seconds at Fri Apr 10 13:50:33 UTC 2020
4 ms. Memory: 51200K Free: 28771K (56%)
ptolemy.util.test.WatchDog.cancel(): canceling Fri Apr 10 13:50:33 UTC 2020
------------------ testing $PTII/ptolemy/domains/de/test/auto/QueueAndServer.xml
auto.tcl: Setting watchdog for 200 seconds at Fri Apr 10 13:50:33 UTC 2020
12 ms. Memory: 51200K Free: 28748K (56%)
ptolemy.util.test.WatchDog.cancel(): canceling Fri Apr 10 13:50:33 UTC 2020
auto.tcl: Setting watchdog for 200 seconds at Fri Apr 10 13:50:33 UTC 2020
8 ms. Memory: 51200K Free: 27214K (53%)
ptolemy.util.test.WatchDog.cancel(): canceling Fri Apr 10 13:50:33 UTC 2020
------------------ testing $PTII/ptolemy/domains/de/test/auto/Records.xml
auto.tcl: Setting watchdog for 200 seconds at Fri Apr 10 13:50:33 UTC 2020
3 ms. Memory: 51200K Free: 30954K (60%)
ptolemy.util.test.WatchDog.cancel(): canceling Fri Apr 10 13:50:33 UTC 2020
auto.tcl: Setting watchdog for 200 seconds at Fri Apr 10 13:50:33 UTC 2020
2 ms. Memory: 51200K Free: 30440K (59%)
ptolemy.util.test.WatchDog.cancel(): canceling Fri Apr 10 13:50:33 UTC 2020
------------------ testing $PTII/ptolemy/domains/de/test/auto/ResetTransitionWithStartTime1.xml
auto.tcl: Setting watchdog for 200 seconds at Fri Apr 10 13:50:33 UTC 2020
6 ms. Memory: 51200K Free: 28047K (55%)
ptolemy.util.test.WatchDog.cancel(): canceling Fri Apr 10 13:50:33 UTC 2020
auto.tcl: Setting watchdog for 200 seconds at Fri Apr 10 13:50:33 UTC 2020
6 ms. Memory: 51200K Free: 25486K (50%)
ptolemy.util.test.WatchDog.cancel(): canceling Fri Apr 10 13:50:33 UTC 2020
------------------ testing $PTII/ptolemy/domains/de/test/auto/ResetTransitionWithStartTime2.xml
auto.tcl: Setting watchdog for 200 seconds at Fri Apr 10 13:50:33 UTC 2020
5 ms. Memory: 51200K Free: 28001K (55%)
ptolemy.util.test.WatchDog.cancel(): canceling Fri Apr 10 13:50:33 UTC 2020
auto.tcl: Setting watchdog for 200 seconds at Fri Apr 10 13:50:33 UTC 2020
8 ms. Memory: 51200K Free: 25440K (50%)
ptolemy.util.test.WatchDog.cancel(): canceling Fri Apr 10 13:50:33 UTC 2020
------------------ testing $PTII/ptolemy/domains/de/test/auto/ResetTransitionWithStartTime3.xml
auto.tcl: Setting watchdog for 200 seconds at Fri Apr 10 13:50:33 UTC 2020
11 ms. Memory: 51200K Free: 28000K (55%)
ptolemy.util.test.WatchDog.cancel(): canceling Fri Apr 10 13:50:33 UTC 2020
auto.tcl: Setting watchdog for 200 seconds at Fri Apr 10 13:50:33 UTC 2020
5 ms. Memory: 51200K Free: 25439K (50%)
ptolemy.util.test.WatchDog.cancel(): canceling Fri Apr 10 13:50:33 UTC 2020
------------------ testing $PTII/ptolemy/domains/de/test/auto/ResetTransitionWithStartTime4.xml
auto.tcl: Setting watchdog for 200 seconds at Fri Apr 10 13:50:33 UTC 2020
11 ms. Memory: 51200K Free: 28447K (56%)
ptolemy.util.test.WatchDog.cancel(): canceling Fri Apr 10 13:50:33 UTC 2020
auto.tcl: Setting watchdog for 200 seconds at Fri Apr 10 13:50:33 UTC 2020
5 ms. Memory: 51200K Free: 26975K (53%)
ptolemy.util.test.WatchDog.cancel(): canceling Fri Apr 10 13:50:33 UTC 2020
------------------ testing $PTII/ptolemy/domains/de/test/auto/ResettableTimer1.xml
auto.tcl: Setting watchdog for 200 seconds at Fri Apr 10 13:50:33 UTC 2020
3 ms. Memory: 51200K Free: 32212K (63%)
ptolemy.util.test.WatchDog.cancel(): canceling Fri Apr 10 13:50:33 UTC 2020
auto.tcl: Setting watchdog for 200 seconds at Fri Apr 10 13:50:33 UTC 2020
2 ms. Memory: 51200K Free: 31554K (62%)
ptolemy.util.test.WatchDog.cancel(): canceling Fri Apr 10 13:50:33 UTC 2020
------------------ testing $PTII/ptolemy/domains/de/test/auto/ResettableTimer2.xml
auto.tcl: Setting watchdog for 200 seconds at Fri Apr 10 13:50:33 UTC 2020
3 ms. Memory: 51200K Free: 32271K (63%)
ptolemy.util.test.WatchDog.cancel(): canceling Fri Apr 10 13:50:33 UTC 2020
auto.tcl: Setting watchdog for 200 seconds at Fri Apr 10 13:50:33 UTC 2020
2 ms. Memory: 51200K Free: 31606K (62%)
ptolemy.util.test.WatchDog.cancel(): canceling Fri Apr 10 13:50:33 UTC 2020
------------------ testing $PTII/ptolemy/domains/de/test/auto/ResettableTimer3.xml
auto.tcl: Setting watchdog for 200 seconds at Fri Apr 10 13:50:33 UTC 2020
1 ms. Memory: 51200K Free: 32642K (64%)
ptolemy.util.test.WatchDog.cancel(): canceling Fri Apr 10 13:50:33 UTC 2020
auto.tcl: Setting watchdog for 200 seconds at Fri Apr 10 13:50:33 UTC 2020
1 ms. Memory: 51200K Free: 32132K (63%)
ptolemy.util.test.WatchDog.cancel(): canceling Fri Apr 10 13:50:33 UTC 2020
------------------ testing $PTII/ptolemy/domains/de/test/auto/ResettableTimer4.xml
auto.tcl: Setting watchdog for 200 seconds at Fri Apr 10 13:50:33 UTC 2020
1 ms. Memory: 51200K Free: 32626K (64%)
ptolemy.util.test.WatchDog.cancel(): canceling Fri Apr 10 13:50:33 UTC 2020
auto.tcl: Setting watchdog for 200 seconds at Fri Apr 10 13:50:33 UTC 2020
1 ms. Memory: 51200K Free: 32146K (63%)
ptolemy.util.test.WatchDog.cancel(): canceling Fri Apr 10 13:50:33 UTC 2020
------------------ testing $PTII/ptolemy/domains/de/test/auto/ResettableTimer5.xml
auto.tcl: Setting watchdog for 200 seconds at Fri Apr 10 13:50:33 UTC 2020
1 ms. Memory: 51200K Free: 32144K (63%)
ptolemy.util.test.WatchDog.cancel(): canceling Fri Apr 10 13:50:33 UTC 2020
auto.tcl: Setting watchdog for 200 seconds at Fri Apr 10 13:50:33 UTC 2020
1 ms. Memory: 51200K Free: 31630K (62%)
ptolemy.util.test.WatchDog.cancel(): canceling Fri Apr 10 13:50:33 UTC 2020
------------------ testing $PTII/ptolemy/domains/de/test/auto/ResettableTimer6.xml
auto.tcl: Setting watchdog for 200 seconds at Fri Apr 10 13:50:33 UTC 2020
2 ms. Memory: 51200K Free: 31621K (62%)
ptolemy.util.test.WatchDog.cancel(): canceling Fri Apr 10 13:50:33 UTC 2020
auto.tcl: Setting watchdog for 200 seconds at Fri Apr 10 13:50:33 UTC 2020
2 ms. Memory: 51200K Free: 31111K (61%)
ptolemy.util.test.WatchDog.cancel(): canceling Fri Apr 10 13:50:33 UTC 2020
------------------ testing $PTII/ptolemy/domains/de/test/auto/ServerZeroDelay.xml
auto.tcl: Setting watchdog for 200 seconds at Fri Apr 10 13:50:34 UTC 2020
3 ms. Memory: 51200K Free: 32125K (63%)
ptolemy.util.test.WatchDog.cancel(): canceling Fri Apr 10 13:50:34 UTC 2020
auto.tcl: Setting watchdog for 200 seconds at Fri Apr 10 13:50:34 UTC 2020
2 ms. Memory: 51200K Free: 31101K (61%)
ptolemy.util.test.WatchDog.cancel(): canceling Fri Apr 10 13:50:34 UTC 2020
------------------ testing $PTII/ptolemy/domains/de/test/auto/SmartSender.xml
auto.tcl: Setting watchdog for 200 seconds at Fri Apr 10 13:50:34 UTC 2020
3002 ms. Memory: 51200K Free: 31605K (62%)
ptolemy.util.test.WatchDog.cancel(): canceling Fri Apr 10 13:50:37 UTC 2020
auto.tcl: Setting watchdog for 200 seconds at Fri Apr 10 13:50:37 UTC 2020
3002 ms. Memory: 51200K Free: 31095K (61%)
ptolemy.util.test.WatchDog.cancel(): canceling Fri Apr 10 13:50:40 UTC 2020
------------------ testing $PTII/ptolemy/domains/de/test/auto/ThreadedComposite.xml
auto.tcl: Setting watchdog for 200 seconds at Fri Apr 10 13:50:40 UTC 2020
360 ms. Memory: 51200K Free: 30737K (60%)
ptolemy.util.test.WatchDog.cancel(): canceling Fri Apr 10 13:50:40 UTC 2020
auto.tcl: Setting watchdog for 200 seconds at Fri Apr 10 13:50:40 UTC 2020
118 ms. Memory: 51200K Free: 17213K (34%)
ptolemy.util.test.WatchDog.cancel(): canceling Fri Apr 10 13:50:40 UTC 2020
------------------ testing $PTII/ptolemy/domains/de/test/auto/Time.xml
auto.tcl: Setting watchdog for 200 seconds at Fri Apr 10 13:50:40 UTC 2020
508 ms. Memory: 51200K Free: 32858K (64%)
ptolemy.util.test.WatchDog.cancel(): canceling Fri Apr 10 13:50:41 UTC 2020
auto.tcl: Setting watchdog for 200 seconds at Fri Apr 10 13:50:41 UTC 2020
498 ms. Memory: 51200K Free: 32947K (64%)
ptolemy.util.test.WatchDog.cancel(): canceling Fri Apr 10 13:50:41 UTC 2020
------------------ testing $PTII/ptolemy/domains/de/test/auto/TimeDelayZeroDelay.xml
auto.tcl: Setting watchdog for 200 seconds at Fri Apr 10 13:50:41 UTC 2020
2 ms. Memory: 51200K Free: 32048K (63%)
ptolemy.util.test.WatchDog.cancel(): canceling Fri Apr 10 13:50:41 UTC 2020
auto.tcl: Setting watchdog for 200 seconds at Fri Apr 10 13:50:41 UTC 2020
2 ms. Memory: 51200K Free: 31198K (61%)
ptolemy.util.test.WatchDog.cancel(): canceling Fri Apr 10 13:50:41 UTC 2020
------------------ testing $PTII/ptolemy/domains/de/test/auto/TimerZeroDelay.xml
auto.tcl: Setting watchdog for 200 seconds at Fri Apr 10 13:50:41 UTC 2020
3 ms. Memory: 51200K Free: 32546K (64%)
ptolemy.util.test.WatchDog.cancel(): canceling Fri Apr 10 13:50:41 UTC 2020
auto.tcl: Setting watchdog for 200 seconds at Fri Apr 10 13:50:41 UTC 2020
3 ms. Memory: 51200K Free: 31686K (62%)
ptolemy.util.test.WatchDog.cancel(): canceling Fri Apr 10 13:50:41 UTC 2020
------------------ testing $PTII/ptolemy/domains/de/test/auto/TimingParadox.xml
auto.tcl: Setting watchdog for 200 seconds at Fri Apr 10 13:50:41 UTC 2020
328 ms. Memory: 51200K Free: 17178K (34%)
ptolemy.util.test.WatchDog.cancel(): canceling Fri Apr 10 13:50:42 UTC 2020
auto.tcl: Setting watchdog for 200 seconds at Fri Apr 10 13:50:42 UTC 2020
330 ms. Memory: 51200K Free: 31528K (62%)
ptolemy.util.test.WatchDog.cancel(): canceling Fri Apr 10 13:50:42 UTC 2020
------------------ testing $PTII/ptolemy/domains/de/test/auto/TransferInputs.xml
auto.tcl: Setting watchdog for 200 seconds at Fri Apr 10 13:50:42 UTC 2020
3 ms. Memory: 51200K Free: 30559K (60%)
ptolemy.util.test.WatchDog.cancel(): canceling Fri Apr 10 13:50:42 UTC 2020
auto.tcl: Setting watchdog for 200 seconds at Fri Apr 10 13:50:42 UTC 2020
5 ms. Memory: 51200K Free: 29699K (58%)
ptolemy.util.test.WatchDog.cancel(): canceling Fri Apr 10 13:50:42 UTC 2020
------------------ testing $PTII/ptolemy/domains/de/test/auto/TransferOutputs2.xml
auto.tcl: Setting watchdog for 200 seconds at Fri Apr 10 13:50:42 UTC 2020
3 ms. Memory: 51200K Free: 28002K (55%)
ptolemy.util.test.WatchDog.cancel(): canceling Fri Apr 10 13:50:42 UTC 2020
auto.tcl: Setting watchdog for 200 seconds at Fri Apr 10 13:50:42 UTC 2020
3 ms. Memory: 51200K Free: 26600K (52%)
ptolemy.util.test.WatchDog.cancel(): canceling Fri Apr 10 13:50:42 UTC 2020
------------------ testing $PTII/ptolemy/domains/de/test/auto/Trilateration.xml
auto.tcl: Setting watchdog for 200 seconds at Fri Apr 10 13:50:42 UTC 2020
12231 ms. Memory: 477184K Free: 360329K (76%)
ptolemy.util.test.WatchDog.cancel(): canceling Fri Apr 10 13:50:56 UTC 2020
auto.tcl: Setting watchdog for 200 seconds at Fri Apr 10 13:50:56 UTC 2020
8811 ms. Memory: 477184K Free: 247071K (52%)
ptolemy.util.test.WatchDog.cancel(): canceling Fri Apr 10 13:51:04 UTC 2020
------------------ testing $PTII/ptolemy/domains/de/test/auto/TwoSigmaDelta.xml
auto.tcl: Setting watchdog for 200 seconds at Fri Apr 10 13:51:05 UTC 2020
2320 ms. Memory: 92160K Free: 25146K (27%)
ptolemy.util.test.WatchDog.cancel(): canceling Fri Apr 10 13:51:07 UTC 2020
auto.tcl: Setting watchdog for 200 seconds at Fri Apr 10 13:51:07 UTC 2020
1703 ms. Memory: 92160K Free: 26153K (28%)
ptolemy.util.test.WatchDog.cancel(): canceling Fri Apr 10 13:51:09 UTC 2020
------------------ testing $PTII/ptolemy/domains/de/test/auto/VariableDelay.xml
auto.tcl: Setting watchdog for 200 seconds at Fri Apr 10 13:51:09 UTC 2020
3 ms. Memory: 58368K Free: 38223K (65%)
ptolemy.util.test.WatchDog.cancel(): canceling Fri Apr 10 13:51:09 UTC 2020
auto.tcl: Setting watchdog for 200 seconds at Fri Apr 10 13:51:09 UTC 2020
2 ms. Memory: 58368K Free: 37213K (64%)
ptolemy.util.test.WatchDog.cancel(): canceling Fri Apr 10 13:51:09 UTC 2020
------------------ testing $PTII/ptolemy/domains/de/test/auto/VariableDelay2.xml
auto.tcl: Setting watchdog for 200 seconds at Fri Apr 10 13:51:09 UTC 2020
2 ms. Memory: 55296K Free: 36083K (65%)
ptolemy.util.test.WatchDog.cancel(): canceling Fri Apr 10 13:51:09 UTC 2020
auto.tcl: Setting watchdog for 200 seconds at Fri Apr 10 13:51:09 UTC 2020
2 ms. Memory: 55296K Free: 35054K (63%)
ptolemy.util.test.WatchDog.cancel(): canceling Fri Apr 10 13:51:09 UTC 2020
------------------ testing $PTII/ptolemy/domains/de/test/auto/VariableDelayZeroDelay.xml
auto.tcl: Setting watchdog for 200 seconds at Fri Apr 10 13:51:09 UTC 2020
2 ms. Memory: 55296K Free: 36076K (65%)
ptolemy.util.test.WatchDog.cancel(): canceling Fri Apr 10 13:51:09 UTC 2020
auto.tcl: Setting watchdog for 200 seconds at Fri Apr 10 13:51:09 UTC 2020
2 ms. Memory: 55296K Free: 35548K (64%)
ptolemy.util.test.WatchDog.cancel(): canceling Fri Apr 10 13:51:09 UTC 2020
------------------ testing $PTII/ptolemy/domains/de/test/auto/VariableDelayZeroDelay2.xml
auto.tcl: Setting watchdog for 200 seconds at Fri Apr 10 13:51:09 UTC 2020
2 ms. Memory: 55296K Free: 36076K (65%)
ptolemy.util.test.WatchDog.cancel(): canceling Fri Apr 10 13:51:09 UTC 2020
auto.tcl: Setting watchdog for 200 seconds at Fri Apr 10 13:51:09 UTC 2020
2 ms. Memory: 55296K Free: 35052K (63%)
ptolemy.util.test.WatchDog.cancel(): canceling Fri Apr 10 13:51:09 UTC 2020
------------------ testing $PTII/ptolemy/domains/de/test/auto/deInCt.xml
auto.tcl: Setting watchdog for 200 seconds at Fri Apr 10 13:51:09 UTC 2020
0
1
1
1
1
0
0
0
0
1
1
0
0
0
1
1
1
1
0
0
0
0
0
1
1
0
0
0
1
1
1
1
0
0
0
0
11 ms. Memory: 55296K Free: 35049K (63%)
ptolemy.util.test.WatchDog.cancel(): canceling Fri Apr 10 13:51:09 UTC 2020
auto.tcl: Setting watchdog for 200 seconds at Fri Apr 10 13:51:09 UTC 2020
0
1
1
1
0
0
0
1
1
1
0
0
0
1
1
0
0
0
0
1
1
1
0
0
0
1
1
1
1
0
0
0
1
1
1
0
0
0
0
1
1
1
0
0
0
1
1
1
1
11 ms. Memory: 55296K Free: 33511K (61%)
ptolemy.util.test.WatchDog.cancel(): canceling Fri Apr 10 13:51:09 UTC 2020
------------------ testing $PTII/ptolemy/domains/de/test/auto/deInCt2.xml
auto.tcl: Setting watchdog for 200 seconds at Fri Apr 10 13:51:09 UTC 2020
0
1
1
1
0
0
1
1
1
0
0
1
1
1
0
0
1
1
1
0
0
1
1
1
0
0
1
1
1
0
0
1
1
1
0
0
1
1
1
0
0
0
10 ms. Memory: 55296K Free: 35049K (63%)
ptolemy.util.test.WatchDog.cancel(): canceling Fri Apr 10 13:51:09 UTC 2020
auto.tcl: Setting watchdog for 200 seconds at Fri Apr 10 13:51:09 UTC 2020
0
1
1
1
0
0
1
1
1
0
0
1
1
1
0
0
1
1
1
0
0
1
1
1
0
0
1
1
1
0
0
1
1
1
0
0
1
1
1
0
0
0
8 ms. Memory: 55296K Free: 33505K (61%)
ptolemy.util.test.WatchDog.cancel(): canceling Fri Apr 10 13:51:09 UTC 2020
------------------ testing $PTII/ptolemy/domains/de/test/auto/dynamicCausalityInterface1.xml
auto.tcl: Setting watchdog for 200 seconds at Fri Apr 10 13:51:09 UTC 2020
2 ms. Memory: 55296K Free: 30948K (56%)
ptolemy.util.test.WatchDog.cancel(): canceling Fri Apr 10 13:51:09 UTC 2020
auto.tcl: Setting watchdog for 200 seconds at Fri Apr 10 13:51:09 UTC 2020
1 ms. Memory: 55296K Free: 30434K (55%)
ptolemy.util.test.WatchDog.cancel(): canceling Fri Apr 10 13:51:09 UTC 2020
------------------ testing $PTII/ptolemy/domains/de/test/auto/fsm_de_test.xml
auto.tcl: Setting watchdog for 200 seconds at Fri Apr 10 13:51:09 UTC 2020
9 ms. Memory: 55296K Free: 30878K (56%)
ptolemy.util.test.WatchDog.cancel(): canceling Fri Apr 10 13:51:09 UTC 2020
auto.tcl: Setting watchdog for 200 seconds at Fri Apr 10 13:51:09 UTC 2020
5 ms. Memory: 55296K Free: 28798K (52%)
ptolemy.util.test.WatchDog.cancel(): canceling Fri Apr 10 13:51:09 UTC 2020
------------------ testing $PTII/ptolemy/domains/de/test/auto/functionDependencyReconstruction.xml
auto.tcl: Setting watchdog for 200 seconds at Fri Apr 10 13:51:09 UTC 2020
2 ms. Memory: 55296K Free: 24714K (45%)
ptolemy.util.test.WatchDog.cancel(): canceling Fri Apr 10 13:51:09 UTC 2020
auto.tcl: Setting watchdog for 200 seconds at Fri Apr 10 13:51:09 UTC 2020
3 ms. Memory: 55296K Free: 22644K (41%)
ptolemy.util.test.WatchDog.cancel(): canceling Fri Apr 10 13:51:09 UTC 2020
------------------ testing $PTII/ptolemy/domains/de/test/auto/multirate.xml
auto.tcl: Setting watchdog for 200 seconds at Fri Apr 10 13:51:09 UTC 2020
3 ms. Memory: 55296K Free: 33411K (60%)
ptolemy.util.test.WatchDog.cancel(): canceling Fri Apr 10 13:51:09 UTC 2020
auto.tcl: Setting watchdog for 200 seconds at Fri Apr 10 13:51:09 UTC 2020
3 ms. Memory: 55296K Free: 31742K (57%)
ptolemy.util.test.WatchDog.cancel(): canceling Fri Apr 10 13:51:09 UTC 2020
------------------ testing $PTII/ptolemy/domains/de/test/auto/multirate2.xml
auto.tcl: Setting watchdog for 200 seconds at Fri Apr 10 13:51:09 UTC 2020
7 ms. Memory: 55296K Free: 33632K (61%)
ptolemy.util.test.WatchDog.cancel(): canceling Fri Apr 10 13:51:10 UTC 2020
auto.tcl: Setting watchdog for 200 seconds at Fri Apr 10 13:51:10 UTC 2020
3 ms. Memory: 55296K Free: 31924K (58%)
ptolemy.util.test.WatchDog.cancel(): canceling Fri Apr 10 13:51:10 UTC 2020
------------------ testing $PTII/ptolemy/domains/de/test/auto/realtime.xml
auto.tcl: Setting watchdog for 200 seconds at Fri Apr 10 13:51:10 UTC 2020
10002 ms. Memory: 55296K Free: 35698K (65%)
ptolemy.util.test.WatchDog.cancel(): canceling Fri Apr 10 13:51:20 UTC 2020
auto.tcl: Setting watchdog for 200 seconds at Fri Apr 10 13:51:20 UTC 2020
10002 ms. Memory: 55296K Free: 34994K (63%)
ptolemy.util.test.WatchDog.cancel(): canceling Fri Apr 10 13:51:30 UTC 2020
------------------ testing $PTII/ptolemy/domains/de/test/auto/relationGroup.xml
auto.tcl: Setting watchdog for 200 seconds at Fri Apr 10 13:51:30 UTC 2020
2 ms. Memory: 55296K Free: 36749K (66%)
ptolemy.util.test.WatchDog.cancel(): canceling Fri Apr 10 13:51:30 UTC 2020
auto.tcl: Setting watchdog for 200 seconds at Fri Apr 10 13:51:30 UTC 2020
2 ms. Memory: 55296K Free: 36044K (65%)
ptolemy.util.test.WatchDog.cancel(): canceling Fri Apr 10 13:51:30 UTC 2020
------------------ testing $PTII/ptolemy/domains/de/test/auto/relationGroup2.xml
auto.tcl: Setting watchdog for 200 seconds at Fri Apr 10 13:51:30 UTC 2020
2 ms. Memory: 55296K Free: 36806K (67%)
ptolemy.util.test.WatchDog.cancel(): canceling Fri Apr 10 13:51:30 UTC 2020
auto.tcl: Setting watchdog for 200 seconds at Fri Apr 10 13:51:30 UTC 2020
2 ms. Memory: 55296K Free: 36101K (65%)
ptolemy.util.test.WatchDog.cancel(): canceling Fri Apr 10 13:51:30 UTC 2020
------------------ testing $PTII/ptolemy/domains/de/test/auto/sortWithOpaquePorts.xml
auto.tcl: Setting watchdog for 200 seconds at Fri Apr 10 13:51:30 UTC 2020
2 ms. Memory: 55296K Free: 35573K (64%)
ptolemy.util.test.WatchDog.cancel(): canceling Fri Apr 10 13:51:30 UTC 2020
auto.tcl: Setting watchdog for 200 seconds at Fri Apr 10 13:51:30 UTC 2020
2 ms. Memory: 55296K Free: 34563K (63%)
ptolemy.util.test.WatchDog.cancel(): canceling Fri Apr 10 13:51:30 UTC 2020
------------------ testing $PTII/ptolemy/domains/de/test/auto/transferInputsandOutputs.xml
auto.tcl: Setting watchdog for 200 seconds at Fri Apr 10 13:51:30 UTC 2020
2 ms. Memory: 55296K Free: 33017K (60%)
ptolemy.util.test.WatchDog.cancel(): canceling Fri Apr 10 13:51:30 UTC 2020
auto.tcl: Setting watchdog for 200 seconds at Fri Apr 10 13:51:30 UTC 2020
2 ms. Memory: 55296K Free: 31993K (58%)
ptolemy.util.test.WatchDog.cancel(): canceling Fri Apr 10 13:51:30 UTC 2020
------------------ testing $PTII/ptolemy/domains/de/test/auto/triggerType.xml
auto.tcl: Setting watchdog for 200 seconds at Fri Apr 10 13:51:30 UTC 2020
2 ms. Memory: 55296K Free: 36042K (65%)
ptolemy.util.test.WatchDog.cancel(): canceling Fri Apr 10 13:51:30 UTC 2020
auto.tcl: Setting watchdog for 200 seconds at Fri Apr 10 13:51:30 UTC 2020
2 ms. Memory: 55296K Free: 35018K (63%)
ptolemy.util.test.WatchDog.cancel(): canceling Fri Apr 10 13:51:30 UTC 2020
04/10/20 01:51:30
Failed: 0  Total Tests: 192  ((Passed: 187, Newly Passed: 1)  Known Failed: 5) /home/travis/build/icyphy/ptII/ptolemy/domains/de/test
04/10/20 01:51:30
Failed: 0  Total Tests: 192  ((Passed: 187, Newly Passed: 1)  Known Failed: 5) /home/travis/build/icyphy/ptII/ptolemy/domains/de/test
----------------- testing (KnownFailure) /home/travis/build/icyphy/ptII/ptolemy/domains/de/test/auto/knownFailedTests/DESDFClockTest.xml
2010 ms. Memory: 55296K Free: 29437K (53%)
Known Failure: java.lang.reflect.InvocationTargetException
----------------- testing (KnownFailure) /home/travis/build/icyphy/ptII/ptolemy/domains/de/test/auto/knownFailedTests/DirectFeedback.xml
2 ms. Memory: 55296K Free: 24831K (45%)
Known Failure: java.lang.reflect.InvocationTargetException
----------------- testing (KnownFailure) /home/travis/build/icyphy/ptII/ptolemy/domains/de/test/auto/knownFailedTests/FSMSource.xml
14 ms. Memory: 55296K Free: 17663K (32%)
----------------- testing (KnownFailure) /home/travis/build/icyphy/ptII/ptolemy/domains/de/test/auto/knownFailedTests/HierarchicalModel.xml
3 ms. Memory: 55296K Free: 32920K (60%)
Known Failure: java.lang.reflect.InvocationTargetException
----------------- testing (KnownFailure) /home/travis/build/icyphy/ptII/ptolemy/domains/de/test/auto/knownFailedTests/dependencyLoop.xml
3 ms. Memory: 55296K Free: 17851K (32%)
Known Failure: java.lang.reflect.InvocationTargetException
----------------- testing (KnownFailure) /home/travis/build/icyphy/ptII/ptolemy/domains/de/test/auto/knownFailedTests/dependencyLoop2.xml
7 ms. Memory: 55296K Free: 33267K (60%)
Known Failure: java.lang.reflect.InvocationTargetException
No auto/linux-amd64/*.xml tests in /home/travis/build/icyphy/ptII/ptolemy/domains/de/test
AutoTests.java: About to close Vertx.
AutoTests.java: Vertx closed.

===========================================================================================
----------------- testing Fri Apr 10 13:51:32 UTC 2020 /home/travis/build/icyphy/ptII/ptolemy/domains/de/test/auto/ActorDepthCalculation_actorWithoutPorts.xml
----------------- Instantiating /home/travis/build/icyphy/ptII/ptolemy/domains/de/test/auto/ActorDepthCalculation_actorWithoutPorts.xml
3 ms. Memory: 55296K Free: 26408K (48%)
----------------- Invoking toplevel() on ptolemy.moml.MoMLSimpleApplication@417caa54
----------------- Done invoking toplevel() on ptolemy.moml.MoMLSimpleApplication@417caa54
reloadAllAccessors: .ActorDepthCalculation_actorWithoutPorts

===========================================================================================
----------------- testing Fri Apr 10 13:51:32 UTC 2020 /home/travis/build/icyphy/ptII/ptolemy/domains/de/test/auto/AssemblyLine.xml
----------------- Instantiating /home/travis/build/icyphy/ptII/ptolemy/domains/de/test/auto/AssemblyLine.xml
3 ms. Memory: 55296K Free: 19601K (35%)
----------------- Invoking toplevel() on ptolemy.moml.MoMLSimpleApplication@17190ed7
----------------- Done invoking toplevel() on ptolemy.moml.MoMLSimpleApplication@17190ed7
reloadAllAccessors: .AssemblyLine

===========================================================================================
----------------- testing Fri Apr 10 13:51:32 UTC 2020 /home/travis/build/icyphy/ptII/ptolemy/domains/de/test/auto/CQBug1.xml
----------------- Instantiating /home/travis/build/icyphy/ptII/ptolemy/domains/de/test/auto/CQBug1.xml
0 ms. Memory: 55296K Free: 16561K (30%)
----------------- Invoking toplevel() on ptolemy.moml.MoMLSimpleApplication@4829b29d
----------------- Done invoking toplevel() on ptolemy.moml.MoMLSimpleApplication@4829b29d
reloadAllAccessors: .CQBug1

===========================================================================================
----------------- testing Fri Apr 10 13:51:32 UTC 2020 /home/travis/build/icyphy/ptII/ptolemy/domains/de/test/auto/CancelFireAt.xml
----------------- Instantiating /home/travis/build/icyphy/ptII/ptolemy/domains/de/test/auto/CancelFireAt.xml
2 ms. Memory: 55296K Free: 14120K (26%)
----------------- Invoking toplevel() on ptolemy.moml.MoMLSimpleApplication@e0c0fae
----------------- Done invoking toplevel() on ptolemy.moml.MoMLSimpleApplication@e0c0fae
reloadAllAccessors: .CancelFireAt

===========================================================================================
----------------- testing Fri Apr 10 13:51:32 UTC 2020 /home/travis/build/icyphy/ptII/ptolemy/domains/de/test/auto/CausalityAndComposabilityAnalysis.xml
----------------- Instantiating /home/travis/build/icyphy/ptII/ptolemy/domains/de/test/auto/CausalityAndComposabilityAnalysis.xml
15 ms. Memory: 55296K Free: 10030K (18%)
----------------- Invoking toplevel() on ptolemy.moml.MoMLSimpleApplication@63131b37
----------------- Done invoking toplevel() on ptolemy.moml.MoMLSimpleApplication@63131b37
reloadAllAccessors: .CausalityAndComposabilityAnalysis

===========================================================================================
----------------- testing Fri Apr 10 13:51:32 UTC 2020 /home/travis/build/icyphy/ptII/ptolemy/domains/de/test/auto/CausalityInterface1.xml
----------------- Instantiating /home/travis/build/icyphy/ptII/ptolemy/domains/de/test/auto/CausalityInterface1.xml
5 ms. Memory: 55296K Free: 35836K (65%)
----------------- Invoking toplevel() on ptolemy.moml.MoMLSimpleApplication@30030bc
----------------- Done invoking toplevel() on ptolemy.moml.MoMLSimpleApplication@30030bc
reloadAllAccessors: .CausalityInterface1

===========================================================================================
----------------- testing Fri Apr 10 13:51:32 UTC 2020 /home/travis/build/icyphy/ptII/ptolemy/domains/de/test/auto/CausalityInterface15.xml
----------------- Instantiating /home/travis/build/icyphy/ptII/ptolemy/domains/de/test/auto/CausalityInterface15.xml
2 ms. Memory: 55296K Free: 30322K (55%)
----------------- Invoking toplevel() on ptolemy.moml.MoMLSimpleApplication@536d659e
----------------- Done invoking toplevel() on ptolemy.moml.MoMLSimpleApplication@536d659e
reloadAllAccessors: .CausalityInterface15

===========================================================================================
----------------- testing Fri Apr 10 13:51:32 UTC 2020 /home/travis/build/icyphy/ptII/ptolemy/domains/de/test/auto/CausalityInterface2.xml
----------------- Instantiating /home/travis/build/icyphy/ptII/ptolemy/domains/de/test/auto/CausalityInterface2.xml
1 ms. Memory: 55296K Free: 25534K (46%)
[...]
	at ptolemy.actor.Manager.run(Manager.java:1263)
	at ptolemy.actor.Manager$PtolemyRunThread.run(Manager.java:1933)
java.lang.RuntimeException: Execution failed
	at ptolemy.moml.MoMLSimpleApplication$UnloadThread.run(MoMLSimpleApplication.java:402)
Caused by: ptolemy.kernel.util.IllegalActionException: Actor is not ready to fire.  Perhaps UpSample.prefire() returned false? Try debugging the actor by selecting "Listen to Actor".  Also, for SDF check moml for tokenConsumptionRate on input.
  in .DESDFClockTest.Play Bell.Copy1:SDF Director and .DESDFClockTest.Play Bell.UpSample
	at ptolemy.actor.sched.StaticSchedulingDirector.fire(StaticSchedulingDirector.java:227)
	at ptolemy.domains.sdf.kernel.SDFDirector.fire(SDFDirector.java:500)
	at ptolemy.actor.CompositeActor.fire(CompositeActor.java:455)
	at ptolemy.domains.de.kernel.DEDirector._fire(DEDirector.java:1949)
	at ptolemy.domains.de.kernel.DEDirector.fire(DEDirector.java:502)
	at ptolemy.actor.CompositeActor.fire(CompositeActor.java:455)
	at ptolemy.actor.Manager.iterate(Manager.java:851)
	at ptolemy.actor.Manager.execute(Manager.java:369)
	at ptolemy.actor.Manager.run(Manager.java:1263)
	at ptolemy.actor.Manager$PtolemyRunThread.run(Manager.java:1933)
java.lang.reflect.InvocationTargetException
	at java.base/jdk.internal.reflect.NativeConstructorAccessorImpl.newInstance0(Native Method)
	at java.base/jdk.internal.reflect.NativeConstructorAccessorImpl.newInstance(NativeConstructorAccessorImpl.java:62)
	at java.base/jdk.internal.reflect.DelegatingConstructorAccessorImpl.newInstance(DelegatingConstructorAccessorImpl.java:45)
	at java.base/java.lang.reflect.Constructor.newInstance(Constructor.java:490)
	at ptolemy.util.test.junit.AutoKnownFailedTests.RunModel(AutoKnownFailedTests.java:105)
	at java.base/jdk.internal.reflect.NativeMethodAccessorImpl.invoke0(Native Method)
	at java.base/jdk.internal.reflect.NativeMethodAccessorImpl.invoke(NativeMethodAccessorImpl.java:62)
	at java.base/jdk.internal.reflect.DelegatingMethodAccessorImpl.invoke(DelegatingMethodAccessorImpl.java:43)
	at java.base/java.lang.reflect.Method.invoke(Method.java:566)
	at org.junit.runners.model.FrameworkMethod$1.runReflectiveCall(FrameworkMethod.java:44)
	at org.junit.internal.runners.model.ReflectiveCallable.run(ReflectiveCallable.java:15)
	at org.junit.runners.model.FrameworkMethod.invokeExplosively(FrameworkMethod.java:41)
	at junitparams.internal.InvokeParameterisedMethod.evaluate(InvokeParameterisedMethod.java:102)
	at org.junit.internal.runners.statements.FailOnTimeout$1.run(FailOnTimeout.java:28)
Caused by: ptolemy.kernel.util.IllegalActionException: Actor is not ready to fire.  Perhaps UpSample.prefire() returned false? Try debugging the actor by selecting "Listen to Actor".  Also, for SDF check moml for tokenConsumptionRate on input.
  in .DESDFClockTest.Play Bell.Copy1:SDF Director and .DESDFClockTest.Play Bell.UpSample
	at ptolemy.actor.sched.StaticSchedulingDirector.fire(StaticSchedulingDirector.java:227)
	at ptolemy.domains.sdf.kernel.SDFDirector.fire(SDFDirector.java:500)
	at ptolemy.actor.CompositeActor.fire(CompositeActor.java:455)
	at ptolemy.domains.de.kernel.DEDirector._fire(DEDirector.java:1949)
	at ptolemy.domains.de.kernel.DEDirector.fire(DEDirector.java:502)
	at ptolemy.actor.CompositeActor.fire(CompositeActor.java:455)
	at ptolemy.actor.Manager.iterate(Manager.java:851)
	at ptolemy.actor.Manager.execute(Manager.java:369)
	at ptolemy.actor.Manager.run(Manager.java:1263)
	at ptolemy.actor.Manager$PtolemyRunThread.run(Manager.java:1933)
java.lang.RuntimeException: Execution failed
	at ptolemy.moml.MoMLSimpleApplication$UnloadThread.run(MoMLSimpleApplication.java:402)
Caused by: ptolemy.kernel.util.IllegalActionException: Test fails in iteration 1.
Value was: 1.0. Should have been: 2.0
  in .DirectFeedback.Test
	at ptolemy.actor.lib.Test.fire(Test.java:268)
	at ptolemy.domains.de.kernel.DEDirector._fire(DEDirector.java:1949)
	at ptolemy.domains.de.kernel.DEDirector.fire(DEDirector.java:502)
	at ptolemy.actor.CompositeActor.fire(CompositeActor.java:455)
	at ptolemy.actor.Manager.iterate(Manager.java:851)
	at ptolemy.actor.Manager.execute(Manager.java:369)
	at ptolemy.actor.Manager.run(Manager.java:1263)
	at ptolemy.actor.Manager$PtolemyRunThread.run(Manager.java:1933)
java.lang.reflect.InvocationTargetException
	at java.base/jdk.internal.reflect.NativeConstructorAccessorImpl.newInstance0(Native Method)
	at java.base/jdk.internal.reflect.NativeConstructorAccessorImpl.newInstance(NativeConstructorAccessorImpl.java:62)
	at java.base/jdk.internal.reflect.DelegatingConstructorAccessorImpl.newInstance(DelegatingConstructorAccessorImpl.java:45)
	at java.base/java.lang.reflect.Constructor.newInstance(Constructor.java:490)
	at ptolemy.util.test.junit.AutoKnownFailedTests.RunModel(AutoKnownFailedTests.java:105)
	at java.base/jdk.internal.reflect.NativeMethodAccessorImpl.invoke0(Native Method)
	at java.base/jdk.internal.reflect.NativeMethodAccessorImpl.invoke(NativeMethodAccessorImpl.java:62)
	at java.base/jdk.internal.reflect.DelegatingMethodAccessorImpl.invoke(DelegatingMethodAccessorImpl.java:43)
	at java.base/java.lang.reflect.Method.invoke(Method.java:566)
	at org.junit.runners.model.FrameworkMethod$1.runReflectiveCall(FrameworkMethod.java:44)
	at org.junit.internal.runners.model.ReflectiveCallable.run(ReflectiveCallable.java:15)
	at org.junit.runners.model.FrameworkMethod.invokeExplosively(FrameworkMethod.java:41)
	at junitparams.internal.InvokeParameterisedMethod.evaluate(InvokeParameterisedMethod.java:102)
	at org.junit.internal.runners.statements.FailOnTimeout$1.run(FailOnTimeout.java:28)
Caused by: ptolemy.kernel.util.IllegalActionException: Test fails in iteration 1.
Value was: 1.0. Should have been: 2.0
  in .DirectFeedback.Test
	at ptolemy.actor.lib.Test.fire(Test.java:268)
	at ptolemy.domains.de.kernel.DEDirector._fire(DEDirector.java:1949)
	at ptolemy.domains.de.kernel.DEDirector.fire(DEDirector.java:502)
	at ptolemy.actor.CompositeActor.fire(CompositeActor.java:455)
	at ptolemy.actor.Manager.iterate(Manager.java:851)
	at ptolemy.actor.Manager.execute(Manager.java:369)
	at ptolemy.actor.Manager.run(Manager.java:1263)
	at ptolemy.actor.Manager$PtolemyRunThread.run(Manager.java:1933)
java.lang.RuntimeException: Execution failed
	at ptolemy.moml.MoMLSimpleApplication$UnloadThread.run(MoMLSimpleApplication.java:402)
Caused by: ptolemy.kernel.util.IllegalActionException: Found a zero delay loop containing .HierarchicalModel.A
  in .HierarchicalModel and .HierarchicalModel.A
	at ptolemy.actor.util.CausalityInterfaceForComposites._computeOutputPortDepth(CausalityInterfaceForComposites.java:759)
	at ptolemy.actor.util.CausalityInterfaceForComposites._computeInputDepth(CausalityInterfaceForComposites.java:696)
	at ptolemy.actor.util.CausalityInterfaceForComposites._computeOutputPortDepth(CausalityInterfaceForComposites.java:765)
	at ptolemy.actor.util.CausalityInterfaceForComposites._computeInputDepth(CausalityInterfaceForComposites.java:696)
	at ptolemy.actor.util.CausalityInterfaceForComposites._computeOutputPortDepth(CausalityInterfaceForComposites.java:765)
	at ptolemy.actor.util.CausalityInterfaceForComposites._computeInputDepth(CausalityInterfaceForComposites.java:696)
	at ptolemy.actor.util.CausalityInterfaceForComposites._computeActorDepth(CausalityInterfaceForComposites.java:532)
	at ptolemy.actor.util.CausalityInterfaceForComposites.checkForCycles(CausalityInterfaceForComposites.java:96)
	at ptolemy.domains.de.kernel.DEDirector.preinitialize(DEDirector.java:1338)
	at ptolemy.actor.CompositeActor.preinitialize(CompositeActor.java:1828)
	at ptolemy.actor.Manager.preinitializeAndResolveTypes(Manager.java:1040)
	at ptolemy.actor.Manager.initialize(Manager.java:710)
	at ptolemy.actor.Manager.execute(Manager.java:356)
	at ptolemy.actor.Manager.run(Manager.java:1263)
	at ptolemy.actor.Manager$PtolemyRunThread.run(Manager.java:1933)
java.lang.reflect.InvocationTargetException
	at java.base/jdk.internal.reflect.NativeConstructorAccessorImpl.newInstance0(Native Method)
	at java.base/jdk.internal.reflect.NativeConstructorAccessorImpl.newInstance(NativeConstructorAccessorImpl.java:62)
	at java.base/jdk.internal.reflect.DelegatingConstructorAccessorImpl.newInstance(DelegatingConstructorAccessorImpl.java:45)
	at java.base/java.lang.reflect.Constructor.newInstance(Constructor.java:490)
	at ptolemy.util.test.junit.AutoKnownFailedTests.RunModel(AutoKnownFailedTests.java:105)
	at java.base/jdk.internal.reflect.NativeMethodAccessorImpl.invoke0(Native Method)
	at java.base/jdk.internal.reflect.NativeMethodAccessorImpl.invoke(NativeMethodAccessorImpl.java:62)
	at java.base/jdk.internal.reflect.DelegatingMethodAccessorImpl.invoke(DelegatingMethodAccessorImpl.java:43)
	at java.base/java.lang.reflect.Method.invoke(Method.java:566)
	at org.junit.runners.model.FrameworkMethod$1.runReflectiveCall(FrameworkMethod.java:44)
	at org.junit.internal.runners.model.ReflectiveCallable.run(ReflectiveCallable.java:15)
	at org.junit.runners.model.FrameworkMethod.invokeExplosively(FrameworkMethod.java:41)
	at junitparams.internal.InvokeParameterisedMethod.evaluate(InvokeParameterisedMethod.java:102)
	at org.junit.internal.runners.statements.FailOnTimeout$1.run(FailOnTimeout.java:28)
Caused by: ptolemy.kernel.util.IllegalActionException: Found a zero delay loop containing .HierarchicalModel.A
  in .HierarchicalModel and .HierarchicalModel.A
	at ptolemy.actor.util.CausalityInterfaceForComposites._computeOutputPortDepth(CausalityInterfaceForComposites.java:759)
	at ptolemy.actor.util.CausalityInterfaceForComposites._computeInputDepth(CausalityInterfaceForComposites.java:696)
	at ptolemy.actor.util.CausalityInterfaceForComposites._computeOutputPortDepth(CausalityInterfaceForComposites.java:765)
	at ptolemy.actor.util.CausalityInterfaceForComposites._computeInputDepth(CausalityInterfaceForComposites.java:696)
	at ptolemy.actor.util.CausalityInterfaceForComposites._computeOutputPortDepth(CausalityInterfaceForComposites.java:765)
	at ptolemy.actor.util.CausalityInterfaceForComposites._computeInputDepth(CausalityInterfaceForComposites.java:696)
	at ptolemy.actor.util.CausalityInterfaceForComposites._computeActorDepth(CausalityInterfaceForComposites.java:532)
	at ptolemy.actor.util.CausalityInterfaceForComposites.checkForCycles(CausalityInterfaceForComposites.java:96)
	at ptolemy.domains.de.kernel.DEDirector.preinitialize(DEDirector.java:1338)
	at ptolemy.actor.CompositeActor.preinitialize(CompositeActor.java:1828)
	at ptolemy.actor.Manager.preinitializeAndResolveTypes(Manager.java:1040)
	at ptolemy.actor.Manager.initialize(Manager.java:710)
	at ptolemy.actor.Manager.execute(Manager.java:356)
	at ptolemy.actor.Manager.run(Manager.java:1263)
	at ptolemy.actor.Manager$PtolemyRunThread.run(Manager.java:1933)
java.lang.RuntimeException: Execution failed
	at ptolemy.moml.MoMLSimpleApplication$UnloadThread.run(MoMLSimpleApplication.java:402)
Caused by: ptolemy.kernel.util.IllegalActionException: Found a zero delay loop containing .dependencyLoop.original
  in .dependencyLoop and .dependencyLoop.original
	at ptolemy.actor.util.CausalityInterfaceForComposites._computeOutputPortDepth(CausalityInterfaceForComposites.java:759)
	at ptolemy.actor.util.CausalityInterfaceForComposites._computeInputDepth(CausalityInterfaceForComposites.java:696)
	at ptolemy.actor.util.CausalityInterfaceForComposites._computeOutputPortDepth(CausalityInterfaceForComposites.java:765)
	at ptolemy.actor.util.CausalityInterfaceForComposites._computeInputDepth(CausalityInterfaceForComposites.java:696)
	at ptolemy.actor.util.CausalityInterfaceForComposites._computeOutputPortDepth(CausalityInterfaceForComposites.java:765)
	at ptolemy.actor.util.CausalityInterfaceForComposites._computeInputDepth(CausalityInterfaceForComposites.java:696)
	at ptolemy.actor.util.CausalityInterfaceForComposites._computeActorDepth(CausalityInterfaceForComposites.java:532)
	at ptolemy.actor.util.CausalityInterfaceForComposites.checkForCycles(CausalityInterfaceForComposites.java:96)
	at ptolemy.domains.de.kernel.DEDirector.preinitialize(DEDirector.java:1338)
	at ptolemy.actor.CompositeActor.preinitialize(CompositeActor.java:1828)
	at ptolemy.actor.Manager.preinitializeAndResolveTypes(Manager.java:1040)
	at ptolemy.actor.Manager.initialize(Manager.java:710)
	at ptolemy.actor.Manager.execute(Manager.java:356)
	at ptolemy.actor.Manager.run(Manager.java:1263)
	at ptolemy.actor.Manager$PtolemyRunThread.run(Manager.java:1933)
java.lang.reflect.InvocationTargetException
	at java.base/jdk.internal.reflect.NativeConstructorAccessorImpl.newInstance0(Native Method)
	at java.base/jdk.internal.reflect.NativeConstructorAccessorImpl.newInstance(NativeConstructorAccessorImpl.java:62)
	at java.base/jdk.internal.reflect.DelegatingConstructorAccessorImpl.newInstance(DelegatingConstructorAccessorImpl.java:45)
	at java.base/java.lang.reflect.Constructor.newInstance(Constructor.java:490)
	at ptolemy.util.test.junit.AutoKnownFailedTests.RunModel(AutoKnownFailedTests.java:105)
	at java.base/jdk.internal.reflect.NativeMethodAccessorImpl.invoke0(Native Method)
	at java.base/jdk.internal.reflect.NativeMethodAccessorImpl.invoke(NativeMethodAccessorImpl.java:62)
	at java.base/jdk.internal.reflect.DelegatingMethodAccessorImpl.invoke(DelegatingMethodAccessorImpl.java:43)
	at java.base/java.lang.reflect.Method.invoke(Method.java:566)
	at org.junit.runners.model.FrameworkMethod$1.runReflectiveCall(FrameworkMethod.java:44)
	at org.junit.internal.runners.model.ReflectiveCallable.run(ReflectiveCallable.java:15)
	at org.junit.runners.model.FrameworkMethod.invokeExplosively(FrameworkMethod.java:41)
	at junitparams.internal.InvokeParameterisedMethod.evaluate(InvokeParameterisedMethod.java:102)
	at org.junit.internal.runners.statements.FailOnTimeout$1.run(FailOnTimeout.java:28)
Caused by: ptolemy.kernel.util.IllegalActionException: Found a zero delay loop containing .dependencyLoop.original
  in .dependencyLoop and .dependencyLoop.original
	at ptolemy.actor.util.CausalityInterfaceForComposites._computeOutputPortDepth(CausalityInterfaceForComposites.java:759)
	at ptolemy.actor.util.CausalityInterfaceForComposites._computeInputDepth(CausalityInterfaceForComposites.java:696)
	at ptolemy.actor.util.CausalityInterfaceForComposites._computeOutputPortDepth(CausalityInterfaceForComposites.java:765)
	at ptolemy.actor.util.CausalityInterfaceForComposites._computeInputDepth(CausalityInterfaceForComposites.java:696)
	at ptolemy.actor.util.CausalityInterfaceForComposites._computeOutputPortDepth(CausalityInterfaceForComposites.java:765)
	at ptolemy.actor.util.CausalityInterfaceForComposites._computeInputDepth(CausalityInterfaceForComposites.java:696)
	at ptolemy.actor.util.CausalityInterfaceForComposites._computeActorDepth(CausalityInterfaceForComposites.java:532)
	at ptolemy.actor.util.CausalityInterfaceForComposites.checkForCycles(CausalityInterfaceForComposites.java:96)
	at ptolemy.domains.de.kernel.DEDirector.preinitialize(DEDirector.java:1338)
	at ptolemy.actor.CompositeActor.preinitialize(CompositeActor.java:1828)
	at ptolemy.actor.Manager.preinitializeAndResolveTypes(Manager.java:1040)
	at ptolemy.actor.Manager.initialize(Manager.java:710)
	at ptolemy.actor.Manager.execute(Manager.java:356)
	at ptolemy.actor.Manager.run(Manager.java:1263)
	at ptolemy.actor.Manager$PtolemyRunThread.run(Manager.java:1933)
java.lang.RuntimeException: Execution failed
	at ptolemy.moml.MoMLSimpleApplication$UnloadThread.run(MoMLSimpleApplication.java:402)
Caused by: ptolemy.kernel.util.IllegalActionException: Found a zero delay loop containing .dependencyLoop2.original
  in .dependencyLoop2 and .dependencyLoop2.original
	at ptolemy.actor.util.CausalityInterfaceForComposites._computeOutputPortDepth(CausalityInterfaceForComposites.java:759)
	at ptolemy.actor.util.CausalityInterfaceForComposites._computeInputDepth(CausalityInterfaceForComposites.java:696)
	at ptolemy.actor.util.CausalityInterfaceForComposites._computeOutputPortDepth(CausalityInterfaceForComposites.java:765)
	at ptolemy.actor.util.CausalityInterfaceForComposites._computeInputDepth(CausalityInterfaceForComposites.java:696)
	at ptolemy.actor.util.CausalityInterfaceForComposites._computeOutputPortDepth(CausalityInterfaceForComposites.java:765)
	at ptolemy.actor.util.CausalityInterfaceForComposites._computeInputDepth(CausalityInterfaceForComposites.java:696)
	at ptolemy.actor.util.CausalityInterfaceForComposites._computeActorDepth(CausalityInterfaceForComposites.java:532)
	at ptolemy.actor.util.CausalityInterfaceForComposites.checkForCycles(CausalityInterfaceForComposites.java:96)
	at ptolemy.domains.de.kernel.DEDirector.preinitialize(DEDirector.java:1338)
	at ptolemy.actor.CompositeActor.preinitialize(CompositeActor.java:1828)
	at ptolemy.actor.Manager.preinitializeAndResolveTypes(Manager.java:1040)
	at ptolemy.actor.Manager.initialize(Manager.java:710)
	at ptolemy.actor.Manager.execute(Manager.java:356)
	at ptolemy.actor.Manager.run(Manager.java:1263)
	at ptolemy.actor.Manager$PtolemyRunThread.run(Manager.java:1933)
java.lang.reflect.InvocationTargetException
	at java.base/jdk.internal.reflect.NativeConstructorAccessorImpl.newInstance0(Native Method)
	at java.base/jdk.internal.reflect.NativeConstructorAccessorImpl.newInstance(NativeConstructorAccessorImpl.java:62)
	at java.base/jdk.internal.reflect.DelegatingConstructorAccessorImpl.newInstance(DelegatingConstructorAccessorImpl.java:45)
	at java.base/java.lang.reflect.Constructor.newInstance(Constructor.java:490)
	at ptolemy.util.test.junit.AutoKnownFailedTests.RunModel(AutoKnownFailedTests.java:105)
	at java.base/jdk.internal.reflect.NativeMethodAccessorImpl.invoke0(Native Method)
	at java.base/jdk.internal.reflect.NativeMethodAccessorImpl.invoke(NativeMethodAccessorImpl.java:62)
	at java.base/jdk.internal.reflect.DelegatingMethodAccessorImpl.invoke(DelegatingMethodAccessorImpl.java:43)
	at java.base/java.lang.reflect.Method.invoke(Method.java:566)
	at org.junit.runners.model.FrameworkMethod$1.runReflectiveCall(FrameworkMethod.java:44)
	at org.junit.internal.runners.model.ReflectiveCallable.run(ReflectiveCallable.java:15)
	at org.junit.runners.model.FrameworkMethod.invokeExplosively(FrameworkMethod.java:41)
	at junitparams.internal.InvokeParameterisedMethod.evaluate(InvokeParameterisedMethod.java:102)
	at org.junit.internal.runners.statements.FailOnTimeout$1.run(FailOnTimeout.java:28)
Caused by: ptolemy.kernel.util.IllegalActionException: Found a zero delay loop containing .dependencyLoop2.original
  in .dependencyLoop2 and .dependencyLoop2.original
	at ptolemy.actor.util.CausalityInterfaceForComposites._computeOutputPortDepth(CausalityInterfaceForComposites.java:759)
	at ptolemy.actor.util.CausalityInterfaceForComposites._computeInputDepth(CausalityInterfaceForComposites.java:696)
	at ptolemy.actor.util.CausalityInterfaceForComposites._computeOutputPortDepth(CausalityInterfaceForComposites.java:765)
	at ptolemy.actor.util.CausalityInterfaceForComposites._computeInputDepth(CausalityInterfaceForComposites.java:696)
	at ptolemy.actor.util.CausalityInterfaceForComposites._computeOutputPortDepth(CausalityInterfaceForComposites.java:765)
	at ptolemy.actor.util.CausalityInterfaceForComposites._computeInputDepth(CausalityInterfaceForComposites.java:696)
	at ptolemy.actor.util.CausalityInterfaceForComposites._computeActorDepth(CausalityInterfaceForComposites.java:532)
	at ptolemy.actor.util.CausalityInterfaceForComposites.checkForCycles(CausalityInterfaceForComposites.java:96)
	at ptolemy.domains.de.kernel.DEDirector.preinitialize(DEDirector.java:1338)
	at ptolemy.actor.CompositeActor.preinitialize(CompositeActor.java:1828)
	at ptolemy.actor.Manager.preinitializeAndResolveTypes(Manager.java:1040)
	at ptolemy.actor.Manager.initialize(Manager.java:710)
	at ptolemy.actor.Manager.execute(Manager.java:356)
	at ptolemy.actor.Manager.run(Manager.java:1263)
	at ptolemy.actor.Manager$PtolemyRunThread.run(Manager.java:1933)
]]></system-err>
</testsuite>
