<?xml version="1.0" encoding="UTF-8" ?>
<testsuite errors="0" failures="0" hostname="travis-job-bc853deb-2c8f-46cc-8498-92c272e4ed0e" name="ptolemy.domains.de.test.junit.JUnitTclTest" skipped="0" tests="101" time="130.527" timestamp="2019-02-09T03:33:03">
  <properties>
[...]
</properties>
  <testcase classname="ptolemy.util.test.junit.TclTests" name="[0] /home/travis/build/icyphy/ptII/ptolemy/domains/de/test/DependencyLoop.tcl (RunTclFile)" time="0.791" />
  <testcase classname="ptolemy.util.test.junit.TclTests" name="[1] /home/travis/build/icyphy/ptII/ptolemy/domains/de/test/RunDETestsAsQSS.tcl (RunTclFile)" time="88.695" />
  <testcase classname="ptolemy.util.test.junit.AutoKnownFailedTests" name="[0] /home/travis/build/icyphy/ptII/ptolemy/domains/de/test/auto/knownFailedTests/DESDFClockTest.xml (RunModel)" time="2.039" />
  <testcase classname="ptolemy.util.test.junit.AutoKnownFailedTests" name="[1] /home/travis/build/icyphy/ptII/ptolemy/domains/de/test/auto/knownFailedTests/DirectFeedback.xml (RunModel)" time="0.019" />
  <testcase classname="ptolemy.util.test.junit.AutoKnownFailedTests" name="[2] /home/travis/build/icyphy/ptII/ptolemy/domains/de/test/auto/knownFailedTests/FSMSource.xml (RunModel)" time="0.018" />
  <testcase classname="ptolemy.util.test.junit.AutoKnownFailedTests" name="[3] /home/travis/build/icyphy/ptII/ptolemy/domains/de/test/auto/knownFailedTests/HierarchicalModel.xml (RunModel)" time="0.035" />
  <testcase classname="ptolemy.util.test.junit.AutoKnownFailedTests" name="[4] /home/travis/build/icyphy/ptII/ptolemy/domains/de/test/auto/knownFailedTests/dependencyLoop.xml (RunModel)" time="0.043" />
  <testcase classname="ptolemy.util.test.junit.AutoKnownFailedTests" name="[5] /home/travis/build/icyphy/ptII/ptolemy/domains/de/test/auto/knownFailedTests/dependencyLoop2.xml (RunModel)" time="0.031" />
  <testcase classname="ptolemy.util.test.junit.AutoNameArchTests" name="[0] ThereAreNoAutoArchTests (RunModel)" time="0.005" />
  <testcase classname="ptolemy.util.test.junit.AutoTests" name="[0] /home/travis/build/icyphy/ptII/ptolemy/domains/de/test/auto/ActorDepthCalculation_actorWithoutPorts.xml (RunModel)" time="0.015" />
  <testcase classname="ptolemy.util.test.junit.AutoTests" name="[1] /home/travis/build/icyphy/ptII/ptolemy/domains/de/test/auto/AssemblyLine.xml (RunModel)" time="0.021" />
  <testcase classname="ptolemy.util.test.junit.AutoTests" name="[2] /home/travis/build/icyphy/ptII/ptolemy/domains/de/test/auto/CQBug1.xml (RunModel)" time="0.015" />
  <testcase classname="ptolemy.util.test.junit.AutoTests" name="[3] /home/travis/build/icyphy/ptII/ptolemy/domains/de/test/auto/CancelFireAt.xml (RunModel)" time="0.01" />
  <testcase classname="ptolemy.util.test.junit.AutoTests" name="[4] /home/travis/build/icyphy/ptII/ptolemy/domains/de/test/auto/CausalityAndComposabilityAnalysis.xml (RunModel)" time="0.011" />
  <testcase classname="ptolemy.util.test.junit.AutoTests" name="[5] /home/travis/build/icyphy/ptII/ptolemy/domains/de/test/auto/CausalityInterface1.xml (RunModel)" time="0.015" />
  <testcase classname="ptolemy.util.test.junit.AutoTests" name="[6] /home/travis/build/icyphy/ptII/ptolemy/domains/de/test/auto/CausalityInterface15.xml (RunModel)" time="0.014" />
  <testcase classname="ptolemy.util.test.junit.AutoTests" name="[7] /home/travis/build/icyphy/ptII/ptolemy/domains/de/test/auto/CausalityInterface2.xml (RunModel)" time="0.015" />
  <testcase classname="ptolemy.util.test.junit.AutoTests" name="[8] /home/travis/build/icyphy/ptII/ptolemy/domains/de/test/auto/CausalityInterface3.xml (RunModel)" time="0.012" />
  <testcase classname="ptolemy.util.test.junit.AutoTests" name="[9] /home/travis/build/icyphy/ptII/ptolemy/domains/de/test/auto/ClockDrift.xml (RunModel)" time="0.039" />
  <testcase classname="ptolemy.util.test.junit.AutoTests" name="[10] /home/travis/build/icyphy/ptII/ptolemy/domains/de/test/auto/ClockDriftAndValueChange.xml (RunModel)" time="0.029" />
  <testcase classname="ptolemy.util.test.junit.AutoTests" name="[11] /home/travis/build/icyphy/ptII/ptolemy/domains/de/test/auto/ClockDriftChange.xml (RunModel)" time="0.026" />
  <testcase classname="ptolemy.util.test.junit.AutoTests" name="[12] /home/travis/build/icyphy/ptII/ptolemy/domains/de/test/auto/ComposableCausalityAnalysis.xml (RunModel)" time="0.015" />
  <testcase classname="ptolemy.util.test.junit.AutoTests" name="[13] /home/travis/build/icyphy/ptII/ptolemy/domains/de/test/auto/DEFixedPointLimitation.xml (RunModel)" time="0.009" />
  <testcase classname="ptolemy.util.test.junit.AutoTests" name="[14] /home/travis/build/icyphy/ptII/ptolemy/domains/de/test/auto/DEScheduleTest.xml (RunModel)" time="0.034" />
  <testcase classname="ptolemy.util.test.junit.AutoTests" name="[15] /home/travis/build/icyphy/ptII/ptolemy/domains/de/test/auto/DEinDEwithStartTimes.xml (RunModel)" time="0.022" />
  <testcase classname="ptolemy.util.test.junit.AutoTests" name="[16] /home/travis/build/icyphy/ptII/ptolemy/domains/de/test/auto/DEinDEwithStartTimes2.xml (RunModel)" time="0.017" />
  <testcase classname="ptolemy.util.test.junit.AutoTests" name="[17] /home/travis/build/icyphy/ptII/ptolemy/domains/de/test/auto/DateDemo.xml (RunModel)" time="0.031" />
  <testcase classname="ptolemy.util.test.junit.AutoTests" name="[18] /home/travis/build/icyphy/ptII/ptolemy/domains/de/test/auto/DateToEvent.xml (RunModel)" time="2.035" />
  <testcase classname="ptolemy.util.test.junit.AutoTests" name="[19] /home/travis/build/icyphy/ptII/ptolemy/domains/de/test/auto/DepthTest1.xml (RunModel)" time="0.008" />
  <testcase classname="ptolemy.util.test.junit.AutoTests" name="[20] /home/travis/build/icyphy/ptII/ptolemy/domains/de/test/auto/DepthTest2.xml (RunModel)" time="0.018" />
  <testcase classname="ptolemy.util.test.junit.AutoTests" name="[21] /home/travis/build/icyphy/ptII/ptolemy/domains/de/test/auto/DepthTest3.xml (RunModel)" time="0.008" />
  <testcase classname="ptolemy.util.test.junit.AutoTests" name="[22] /home/travis/build/icyphy/ptII/ptolemy/domains/de/test/auto/DepthTest4.xml (RunModel)" time="0.013" />
  <testcase classname="ptolemy.util.test.junit.AutoTests" name="[23] /home/travis/build/icyphy/ptII/ptolemy/domains/de/test/auto/DepthTest5.xml (RunModel)" time="0.016" />
  <testcase classname="ptolemy.util.test.junit.AutoTests" name="[24] /home/travis/build/icyphy/ptII/ptolemy/domains/de/test/auto/DepthTest6.xml (RunModel)" time="0.01" />
  <testcase classname="ptolemy.util.test.junit.AutoTests" name="[25] /home/travis/build/icyphy/ptII/ptolemy/domains/de/test/auto/DepthTest7.xml (RunModel)" time="0.009" />
  <testcase classname="ptolemy.util.test.junit.AutoTests" name="[26] /home/travis/build/icyphy/ptII/ptolemy/domains/de/test/auto/EventToDate.xml (RunModel)" time="3.027" />
  <testcase classname="ptolemy.util.test.junit.AutoTests" name="[27] /home/travis/build/icyphy/ptII/ptolemy/domains/de/test/auto/FSM1.xml (RunModel)" time="0.03" />
  <testcase classname="ptolemy.util.test.junit.AutoTests" name="[28] /home/travis/build/icyphy/ptII/ptolemy/domains/de/test/auto/FSM7.xml (RunModel)" time="0.036" />
  <testcase classname="ptolemy.util.test.junit.AutoTests" name="[29] /home/travis/build/icyphy/ptII/ptolemy/domains/de/test/auto/Inspection.xml (RunModel)" time="0.031" />
  <testcase classname="ptolemy.util.test.junit.AutoTests" name="[30] /home/travis/build/icyphy/ptII/ptolemy/domains/de/test/auto/Iteration.xml (RunModel)" time="0.019" />
  <testcase classname="ptolemy.util.test.junit.AutoTests" name="[31] /home/travis/build/icyphy/ptII/ptolemy/domains/de/test/auto/LineFault.xml (RunModel)" time="0.403" />
  <testcase classname="ptolemy.util.test.junit.AutoTests" name="[32] /home/travis/build/icyphy/ptII/ptolemy/domains/de/test/auto/MergeModel1Add.xml (RunModel)" time="0.032" />
  <testcase classname="ptolemy.util.test.junit.AutoTests" name="[33] /home/travis/build/icyphy/ptII/ptolemy/domains/de/test/auto/MergeModel2Add.xml (RunModel)" time="0.026" />
  <testcase classname="ptolemy.util.test.junit.AutoTests" name="[34] /home/travis/build/icyphy/ptII/ptolemy/domains/de/test/auto/MergeModel3Add.xml (RunModel)" time="0.025" />
  <testcase classname="ptolemy.util.test.junit.AutoTests" name="[35] /home/travis/build/icyphy/ptII/ptolemy/domains/de/test/auto/MergeWithoutDiscard.xml (RunModel)" time="0.009" />
  <testcase classname="ptolemy.util.test.junit.AutoTests" name="[36] /home/travis/build/icyphy/ptII/ptolemy/domains/de/test/auto/Modal1.xml (RunModel)" time="0.019" />
  <testcase classname="ptolemy.util.test.junit.AutoTests" name="[37] /home/travis/build/icyphy/ptII/ptolemy/domains/de/test/auto/Modal2.xml (RunModel)" time="0.019" />
  <testcase classname="ptolemy.util.test.junit.AutoTests" name="[38] /home/travis/build/icyphy/ptII/ptolemy/domains/de/test/auto/Modal3.xml (RunModel)" time="0.02" />
  <testcase classname="ptolemy.util.test.junit.AutoTests" name="[39] /home/travis/build/icyphy/ptII/ptolemy/domains/de/test/auto/Modal4.xml (RunModel)" time="0.021" />
  <testcase classname="ptolemy.util.test.junit.AutoTests" name="[40] /home/travis/build/icyphy/ptII/ptolemy/domains/de/test/auto/Modal5.xml (RunModel)" time="0.02" />
  <testcase classname="ptolemy.util.test.junit.AutoTests" name="[41] /home/travis/build/icyphy/ptII/ptolemy/domains/de/test/auto/Modal6.xml (RunModel)" time="0.022" />
  <testcase classname="ptolemy.util.test.junit.AutoTests" name="[42] /home/travis/build/icyphy/ptII/ptolemy/domains/de/test/auto/Modal7.xml (RunModel)" time="0.018" />
  <testcase classname="ptolemy.util.test.junit.AutoTests" name="[43] /home/travis/build/icyphy/ptII/ptolemy/domains/de/test/auto/ModalModel.xml (RunModel)" time="0.095" />
  <testcase classname="ptolemy.util.test.junit.AutoTests" name="[44] /home/travis/build/icyphy/ptII/ptolemy/domains/de/test/auto/ModalSource.xml (RunModel)" time="0.011" />
  <testcase classname="ptolemy.util.test.junit.AutoTests" name="[45] /home/travis/build/icyphy/ptII/ptolemy/domains/de/test/auto/NonInterruptibleTimerZeroDelay.xml (RunModel)" time="0.006" />
  <testcase classname="ptolemy.util.test.junit.AutoTests" name="[46] /home/travis/build/icyphy/ptII/ptolemy/domains/de/test/auto/OpenQueueingNetwork.xml (RunModel)" time="1.884" />
  <testcase classname="ptolemy.util.test.junit.AutoTests" name="[47] /home/travis/build/icyphy/ptII/ptolemy/domains/de/test/auto/OpenQueuingNetwork.xml (RunModel)" time="0.259" />
  <testcase classname="ptolemy.util.test.junit.AutoTests" name="[48] /home/travis/build/icyphy/ptII/ptolemy/domains/de/test/auto/PeriodicSampler.xml (RunModel)" time="0.006" />
  <testcase classname="ptolemy.util.test.junit.AutoTests" name="[49] /home/travis/build/icyphy/ptII/ptolemy/domains/de/test/auto/PersistentIO.xml (RunModel)" time="0.018" />
  <testcase classname="ptolemy.util.test.junit.AutoTests" name="[50] /home/travis/build/icyphy/ptII/ptolemy/domains/de/test/auto/PortParameterResetOnInitialize.xml (RunModel)" time="0.012" />
  <testcase classname="ptolemy.util.test.junit.AutoTests" name="[51] /home/travis/build/icyphy/ptII/ptolemy/domains/de/test/auto/PortParameterUpdates.xml (RunModel)" time="0.012" />
  <testcase classname="ptolemy.util.test.junit.AutoTests" name="[52] /home/travis/build/icyphy/ptII/ptolemy/domains/de/test/auto/QueueAndServer.xml (RunModel)" time="0.017" />
  <testcase classname="ptolemy.util.test.junit.AutoTests" name="[53] /home/travis/build/icyphy/ptII/ptolemy/domains/de/test/auto/Records.xml (RunModel)" time="0.012" />
  <testcase classname="ptolemy.util.test.junit.AutoTests" name="[54] /home/travis/build/icyphy/ptII/ptolemy/domains/de/test/auto/ResetTransitionWithStartTime1.xml (RunModel)" time="0.016" />
  <testcase classname="ptolemy.util.test.junit.AutoTests" name="[55] /home/travis/build/icyphy/ptII/ptolemy/domains/de/test/auto/ResetTransitionWithStartTime2.xml (RunModel)" time="0.017" />
  <testcase classname="ptolemy.util.test.junit.AutoTests" name="[56] /home/travis/build/icyphy/ptII/ptolemy/domains/de/test/auto/ResetTransitionWithStartTime3.xml (RunModel)" time="0.017" />
  <testcase classname="ptolemy.util.test.junit.AutoTests" name="[57] /home/travis/build/icyphy/ptII/ptolemy/domains/de/test/auto/ResetTransitionWithStartTime4.xml (RunModel)" time="0.016" />
  <testcase classname="ptolemy.util.test.junit.AutoTests" name="[58] /home/travis/build/icyphy/ptII/ptolemy/domains/de/test/auto/ResettableTimer1.xml (RunModel)" time="0.009" />
  <testcase classname="ptolemy.util.test.junit.AutoTests" name="[59] /home/travis/build/icyphy/ptII/ptolemy/domains/de/test/auto/ResettableTimer2.xml (RunModel)" time="0.008" />
  <testcase classname="ptolemy.util.test.junit.AutoTests" name="[60] /home/travis/build/icyphy/ptII/ptolemy/domains/de/test/auto/ResettableTimer3.xml (RunModel)" time="0.008" />
  <testcase classname="ptolemy.util.test.junit.AutoTests" name="[61] /home/travis/build/icyphy/ptII/ptolemy/domains/de/test/auto/ResettableTimer4.xml (RunModel)" time="0.008" />
  <testcase classname="ptolemy.util.test.junit.AutoTests" name="[62] /home/travis/build/icyphy/ptII/ptolemy/domains/de/test/auto/ResettableTimer5.xml (RunModel)" time="0.009" />
  <testcase classname="ptolemy.util.test.junit.AutoTests" name="[63] /home/travis/build/icyphy/ptII/ptolemy/domains/de/test/auto/ResettableTimer6.xml (RunModel)" time="0.009" />
  <testcase classname="ptolemy.util.test.junit.AutoTests" name="[64] /home/travis/build/icyphy/ptII/ptolemy/domains/de/test/auto/ServerZeroDelay.xml (RunModel)" time="0.008" />
  <testcase classname="ptolemy.util.test.junit.AutoTests" name="[65] /home/travis/build/icyphy/ptII/ptolemy/domains/de/test/auto/SmartSender.xml (RunModel)" time="3.006" />
  <testcase classname="ptolemy.util.test.junit.AutoTests" name="[66] /home/travis/build/icyphy/ptII/ptolemy/domains/de/test/auto/ThreadedComposite.xml (RunModel)" time="0.114" />
  <testcase classname="ptolemy.util.test.junit.AutoTests" name="[67] /home/travis/build/icyphy/ptII/ptolemy/domains/de/test/auto/Time.xml (RunModel)" time="0.423" />
  <testcase classname="ptolemy.util.test.junit.AutoTests" name="[68] /home/travis/build/icyphy/ptII/ptolemy/domains/de/test/auto/TimeDelayZeroDelay.xml (RunModel)" time="0.009" />
  <testcase classname="ptolemy.util.test.junit.AutoTests" name="[69] /home/travis/build/icyphy/ptII/ptolemy/domains/de/test/auto/TimerZeroDelay.xml (RunModel)" time="0.008" />
  <testcase classname="ptolemy.util.test.junit.AutoTests" name="[70] /home/travis/build/icyphy/ptII/ptolemy/domains/de/test/auto/TimingParadox.xml (RunModel)" time="0.349" />
  <testcase classname="ptolemy.util.test.junit.AutoTests" name="[71] /home/travis/build/icyphy/ptII/ptolemy/domains/de/test/auto/TransferInputs.xml (RunModel)" time="0.008" />
  <testcase classname="ptolemy.util.test.junit.AutoTests" name="[72] /home/travis/build/icyphy/ptII/ptolemy/domains/de/test/auto/TransferOutputs2.xml (RunModel)" time="0.015" />
  <testcase classname="ptolemy.util.test.junit.AutoTests" name="[73] /home/travis/build/icyphy/ptII/ptolemy/domains/de/test/auto/Trilateration.xml (RunModel)" time="13.533" />
  <testcase classname="ptolemy.util.test.junit.AutoTests" name="[74] /home/travis/build/icyphy/ptII/ptolemy/domains/de/test/auto/TwoSigmaDelta.xml (RunModel)" time="2.205" />
  <testcase classname="ptolemy.util.test.junit.AutoTests" name="[75] /home/travis/build/icyphy/ptII/ptolemy/domains/de/test/auto/VariableDelay.xml (RunModel)" time="0.012" />
  <testcase classname="ptolemy.util.test.junit.AutoTests" name="[76] /home/travis/build/icyphy/ptII/ptolemy/domains/de/test/auto/VariableDelay2.xml (RunModel)" time="0.008" />
  <testcase classname="ptolemy.util.test.junit.AutoTests" name="[77] /home/travis/build/icyphy/ptII/ptolemy/domains/de/test/auto/VariableDelayZeroDelay.xml (RunModel)" time="0.008" />
  <testcase classname="ptolemy.util.test.junit.AutoTests" name="[78] /home/travis/build/icyphy/ptII/ptolemy/domains/de/test/auto/VariableDelayZeroDelay2.xml (RunModel)" time="0.008" />
  <testcase classname="ptolemy.util.test.junit.AutoTests" name="[79] /home/travis/build/icyphy/ptII/ptolemy/domains/de/test/auto/deInCt.xml (RunModel)" time="0.016" />
  <testcase classname="ptolemy.util.test.junit.AutoTests" name="[80] /home/travis/build/icyphy/ptII/ptolemy/domains/de/test/auto/deInCt2.xml (RunModel)" time="0.016" />
  <testcase classname="ptolemy.util.test.junit.AutoTests" name="[81] /home/travis/build/icyphy/ptII/ptolemy/domains/de/test/auto/dynamicCausalityInterface1.xml (RunModel)" time="0.016" />
  <testcase classname="ptolemy.util.test.junit.AutoTests" name="[82] /home/travis/build/icyphy/ptII/ptolemy/domains/de/test/auto/fsm_de_test.xml (RunModel)" time="0.022" />
  <testcase classname="ptolemy.util.test.junit.AutoTests" name="[83] /home/travis/build/icyphy/ptII/ptolemy/domains/de/test/auto/functionDependencyReconstruction.xml (RunModel)" time="0.027" />
  <testcase classname="ptolemy.util.test.junit.AutoTests" name="[84] /home/travis/build/icyphy/ptII/ptolemy/domains/de/test/auto/multirate.xml (RunModel)" time="0.014" />
  <testcase classname="ptolemy.util.test.junit.AutoTests" name="[85] /home/travis/build/icyphy/ptII/ptolemy/domains/de/test/auto/multirate2.xml (RunModel)" time="0.013" />
  <testcase classname="ptolemy.util.test.junit.AutoTests" name="[86] /home/travis/build/icyphy/ptII/ptolemy/domains/de/test/auto/realtime.xml (RunModel)" time="10.008" />
  <testcase classname="ptolemy.util.test.junit.AutoTests" name="[87] /home/travis/build/icyphy/ptII/ptolemy/domains/de/test/auto/relationGroup.xml (RunModel)" time="0.008" />
  <testcase classname="ptolemy.util.test.junit.AutoTests" name="[88] /home/travis/build/icyphy/ptII/ptolemy/domains/de/test/auto/relationGroup2.xml (RunModel)" time="0.006" />
  <testcase classname="ptolemy.util.test.junit.AutoTests" name="[89] /home/travis/build/icyphy/ptII/ptolemy/domains/de/test/auto/sortWithOpaquePorts.xml (RunModel)" time="0.007" />
  <testcase classname="ptolemy.util.test.junit.AutoTests" name="[90] /home/travis/build/icyphy/ptII/ptolemy/domains/de/test/auto/transferInputsandOutputs.xml (RunModel)" time="0.013" />
  <testcase classname="ptolemy.util.test.junit.AutoTests" name="[91] /home/travis/build/icyphy/ptII/ptolemy/domains/de/test/auto/triggerType.xml (RunModel)" time="0.008" />
  <system-out><![CDATA[/home/travis/build/icyphy/ptII/ptolemy/domains/de/test/DependencyLoop.tcl
testDefs.tcl: setting time out to 9000 seconds at Sat Feb 09 03:33:03 UTC 2019
23 ms. Memory: 116224K Free: 97496K (84%)
22 ms. Memory: 146944K Free: 140850K (96%)
/home/travis/build/icyphy/ptII/ptolemy/domains/de/test/RunDETestsAsQSS.tcl
Run the DE tests using ptolemy.domains.qss.test.QSSDirectorTest, which extends QSSDirector and prints a message in the constructors.
------------------ testing $PTII/ptolemy/domains/de/test/auto/knownFailedTests/dependencyLoop.xml (Known Failure) 
18 ms. Memory: 146944K Free: 136596K (93%)


==== $PTIIhome/travis/build/icyphy/ptII/ptolemy/domains/de/test/../../../../: Auto Automatic test in file $PTII/ptolemy/domains/de/test/auto/knownFailedTests/dependencyLoop.xml
==== Contents of test case:

	    # FIXME: we should use $relativeFilename here, but it
	    # might have backslashes under Windows, which causes no end
	    # of trouble.
	    createAndExecute $file
	    list {}
	
.... Test generated KNOWN error:
    while executing
ptolemy.kernel.util.IllegalActionException: Found a zero delay loop containing .dependencyLoop.original
  in .dependencyLoop and .dependencyLoop.original
	at ptolemy.actor.util.CausalityInterfaceForComposites._computeOutputPortDepth(CausalityInterfaceForComposites.java:759)
	at ptolemy.actor.util.CausalityInterfaceForComposites._computeInputDepth(CausalityInterfaceForComposites.java:696)
	at ptolemy.actor.util.CausalityInterfaceForComposites._computeOutputPortDepth(CausalityInterfaceForComposites.java:765)
	at ptolemy.actor.util.CausalityInterfaceForComposites._computeInputDepth(CausalityInterfaceForComposites.java:696)
	at ptolemy.actor.util.CausalityInterfaceForComposites._computeOutputPortDepth(CausalityInterfaceForComposites.java:765)
	at ptolemy.actor.util.CausalityInterfaceForComposites._computeInputDepth(CausalityInterfaceForComposites.java:696)
	at ptolemy.actor.util.CausalityInterfaceForComposites._computeActorDepth(CausalityInterfaceForComposites.java:532)
	at ptolemy.actor.util.CausalityInterfaceForComposites.checkForCycles(CausalityInterfaceForComposites.java:96)
	at ptolemy.domains.de.kernel.DEDirector.preinitialize(DEDirector.java:1338)
	at ptolemy.actor.CompositeActor.preinitialize(CompositeActor.java:1828)
	at ptolemy.actor.Manager.preinitializeAndResolveTypes(Manager.java:1040)
	at ptolemy.actor.Manager.initialize(Manager.java:710)
	at ptolemy.actor.Manager.execute(Manager.java:356)
	at ptolemy.actor.Manager.run(Manager.java:1263)
	at ptolemy.actor.Manager$PtolemyRunThread.run(Manager.java:1915)

    while executing
ptolemy.kernel.util.IllegalActionException: Found a zero delay loop containing .dependencyLoop.original
  in .dependencyLoop and .dependencyLoop.original
    while executing
"java::new ptolemy.moml.MoMLSimpleApplication $file
"
    (procedure "createAndExecute" line 2)
    invoked from within
"createAndExecute $file"
    ("uplevel" body line 5)
    invoked from within
"uplevel $contents_of_test"
------------------ testing $PTII/ptolemy/domains/de/test/auto/knownFailedTests/DESDFClockTest.xml (Known Failure) 
2085 ms. Memory: 146944K Free: 120955K (82%)


==== $PTIIhome/travis/build/icyphy/ptII/ptolemy/domains/de/test/../../../../: Auto Automatic test in file $PTII/ptolemy/domains/de/test/auto/knownFailedTests/DESDFClockTest.xml
==== Contents of test case:

	    # FIXME: we should use $relativeFilename here, but it
	    # might have backslashes under Windows, which causes no end
	    # of trouble.
	    createAndExecute $file
	    list {}
	
.... Test generated KNOWN error:
    while executing
ptolemy.kernel.util.IllegalActionException: Actor is not ready to fire.  Perhaps UpSample.prefire() returned false? Try debugging the actor by selecting "Listen to Actor".  Also, for SDF check moml for tokenConsumptionRate on input.
  in .DESDFClockTest.Play Bell.Copy1:SDF Director and .DESDFClockTest.Play Bell.UpSample
	at ptolemy.actor.sched.StaticSchedulingDirector.fire(StaticSchedulingDirector.java:227)
	at ptolemy.domains.sdf.kernel.SDFDirector.fire(SDFDirector.java:500)
	at ptolemy.actor.CompositeActor.fire(CompositeActor.java:455)
	at ptolemy.domains.de.kernel.DEDirector._fire(DEDirector.java:1949)
	at ptolemy.domains.de.kernel.DEDirector.fire(DEDirector.java:502)
	at ptolemy.actor.CompositeActor.fire(CompositeActor.java:455)
	at ptolemy.actor.Manager.iterate(Manager.java:851)
	at ptolemy.actor.Manager.execute(Manager.java:369)
	at ptolemy.actor.Manager.run(Manager.java:1263)
	at ptolemy.actor.Manager$PtolemyRunThread.run(Manager.java:1915)

    while executing
ptolemy.kernel.util.IllegalActionException: Actor is not ready to fire.  Perhaps UpSample.prefire() returned false? Try debugging the actor by selecting "Listen to Actor".  Also, for SDF check moml for tokenConsumptionRate on input.
  in .DESDFClockTest.Play Bell.Copy1:SDF Director and .DESDFClockTest.Play Bell.UpSample
    while executing
"java::new ptolemy.moml.MoMLSimpleApplication $file
"
    (procedure "createAndExecute" line 2)
    invoked from within
"createAndExecute $file"
    ("uplevel" body line 5)
    invoked from within
"uplevel $contents_of_test"
------------------ testing $PTII/ptolemy/domains/de/test/auto/knownFailedTests/FSMSource.xml (Known Failure) 
20 ms. Memory: 146944K Free: 111997K (76%)
!!!! Auto was marked as failing, but now passes
------------------ testing $PTII/ptolemy/domains/de/test/auto/knownFailedTests/dependencyLoop2.xml (Known Failure) 
6 ms. Memory: 146944K Free: 110114K (75%)


==== $PTIIhome/travis/build/icyphy/ptII/ptolemy/domains/de/test/../../../../: Auto Automatic test in file $PTII/ptolemy/domains/de/test/auto/knownFailedTests/dependencyLoop2.xml
==== Contents of test case:

	    # FIXME: we should use $relativeFilename here, but it
	    # might have backslashes under Windows, which causes no end
	    # of trouble.
	    createAndExecute $file
	    list {}
	
.... Test generated KNOWN error:
    while executing
ptolemy.kernel.util.IllegalActionException: Found a zero delay loop containing .dependencyLoop2.original
  in .dependencyLoop2 and .dependencyLoop2.original
	at ptolemy.actor.util.CausalityInterfaceForComposites._computeOutputPortDepth(CausalityInterfaceForComposites.java:759)
	at ptolemy.actor.util.CausalityInterfaceForComposites._computeInputDepth(CausalityInterfaceForComposites.java:696)
	at ptolemy.actor.util.CausalityInterfaceForComposites._computeOutputPortDepth(CausalityInterfaceForComposites.java:765)
	at ptolemy.actor.util.CausalityInterfaceForComposites._computeInputDepth(CausalityInterfaceForComposites.java:696)
	at ptolemy.actor.util.CausalityInterfaceForComposites._computeOutputPortDepth(CausalityInterfaceForComposites.java:765)
	at ptolemy.actor.util.CausalityInterfaceForComposites._computeInputDepth(CausalityInterfaceForComposites.java:696)
	at ptolemy.actor.util.CausalityInterfaceForComposites._computeActorDepth(CausalityInterfaceForComposites.java:532)
	at ptolemy.actor.util.CausalityInterfaceForComposites.checkForCycles(CausalityInterfaceForComposites.java:96)
	at ptolemy.domains.de.kernel.DEDirector.preinitialize(DEDirector.java:1338)
	at ptolemy.actor.CompositeActor.preinitialize(CompositeActor.java:1828)
	at ptolemy.actor.Manager.preinitializeAndResolveTypes(Manager.java:1040)
	at ptolemy.actor.Manager.initialize(Manager.java:710)
	at ptolemy.actor.Manager.execute(Manager.java:356)
	at ptolemy.actor.Manager.run(Manager.java:1263)
	at ptolemy.actor.Manager$PtolemyRunThread.run(Manager.java:1915)

    while executing
ptolemy.kernel.util.IllegalActionException: Found a zero delay loop containing .dependencyLoop2.original
  in .dependencyLoop2 and .dependencyLoop2.original
    while executing
"java::new ptolemy.moml.MoMLSimpleApplication $file
"
    (procedure "createAndExecute" line 2)
    invoked from within
"createAndExecute $file"
    ("uplevel" body line 5)
    invoked from within
"uplevel $contents_of_test"
------------------ testing $PTII/ptolemy/domains/de/test/auto/knownFailedTests/HierarchicalModel.xml (Known Failure) 
10 ms. Memory: 146944K Free: 89848K (61%)


==== $PTIIhome/travis/build/icyphy/ptII/ptolemy/domains/de/test/../../../../: Auto Automatic test in file $PTII/ptolemy/domains/de/test/auto/knownFailedTests/HierarchicalModel.xml
==== Contents of test case:

	    # FIXME: we should use $relativeFilename here, but it
	    # might have backslashes under Windows, which causes no end
	    # of trouble.
	    createAndExecute $file
	    list {}
	
.... Test generated KNOWN error:
    while executing
ptolemy.kernel.util.IllegalActionException: Found a zero delay loop containing .HierarchicalModel.A
  in .HierarchicalModel and .HierarchicalModel.A
	at ptolemy.actor.util.CausalityInterfaceForComposites._computeOutputPortDepth(CausalityInterfaceForComposites.java:759)
	at ptolemy.actor.util.CausalityInterfaceForComposites._computeInputDepth(CausalityInterfaceForComposites.java:696)
	at ptolemy.actor.util.CausalityInterfaceForComposites._computeOutputPortDepth(CausalityInterfaceForComposites.java:765)
	at ptolemy.actor.util.CausalityInterfaceForComposites._computeInputDepth(CausalityInterfaceForComposites.java:696)
	at ptolemy.actor.util.CausalityInterfaceForComposites._computeOutputPortDepth(CausalityInterfaceForComposites.java:765)
	at ptolemy.actor.util.CausalityInterfaceForComposites._computeInputDepth(CausalityInterfaceForComposites.java:696)
	at ptolemy.actor.util.CausalityInterfaceForComposites._computeActorDepth(CausalityInterfaceForComposites.java:532)
	at ptolemy.actor.util.CausalityInterfaceForComposites.checkForCycles(CausalityInterfaceForComposites.java:96)
	at ptolemy.domains.de.kernel.DEDirector.preinitialize(DEDirector.java:1338)
	at ptolemy.actor.CompositeActor.preinitialize(CompositeActor.java:1828)
	at ptolemy.actor.Manager.preinitializeAndResolveTypes(Manager.java:1040)
	at ptolemy.actor.Manager.initialize(Manager.java:710)
	at ptolemy.actor.Manager.execute(Manager.java:356)
	at ptolemy.actor.Manager.run(Manager.java:1263)
	at ptolemy.actor.Manager$PtolemyRunThread.run(Manager.java:1915)

    while executing
ptolemy.kernel.util.IllegalActionException: Found a zero delay loop containing .HierarchicalModel.A
  in .HierarchicalModel and .HierarchicalModel.A
    while executing
"java::new ptolemy.moml.MoMLSimpleApplication $file
"
    (procedure "createAndExecute" line 2)
    invoked from within
"createAndExecute $file"
    ("uplevel" body line 5)
    invoked from within
"uplevel $contents_of_test"
------------------ testing $PTII/ptolemy/domains/de/test/auto/knownFailedTests/DirectFeedback.xml (Known Failure) 
6 ms. Memory: 146944K Free: 85721K (58%)


==== $PTIIhome/travis/build/icyphy/ptII/ptolemy/domains/de/test/../../../../: Auto Automatic test in file $PTII/ptolemy/domains/de/test/auto/knownFailedTests/DirectFeedback.xml
==== Contents of test case:

	    # FIXME: we should use $relativeFilename here, but it
	    # might have backslashes under Windows, which causes no end
	    # of trouble.
	    createAndExecute $file
	    list {}
	
.... Test generated KNOWN error:
    while executing
ptolemy.kernel.util.IllegalActionException: Test fails in iteration 1.
Value was: 1.0. Should have been: 2.0
  in .DirectFeedback.Test
	at ptolemy.actor.lib.Test.fire(Test.java:268)
	at ptolemy.domains.de.kernel.DEDirector._fire(DEDirector.java:1949)
	at ptolemy.domains.de.kernel.DEDirector.fire(DEDirector.java:502)
	at ptolemy.actor.CompositeActor.fire(CompositeActor.java:455)
	at ptolemy.actor.Manager.iterate(Manager.java:851)
	at ptolemy.actor.Manager.execute(Manager.java:369)
	at ptolemy.actor.Manager.run(Manager.java:1263)
	at ptolemy.actor.Manager$PtolemyRunThread.run(Manager.java:1915)

    while executing
ptolemy.kernel.util.IllegalActionException: Test fails in iteration 1.
Value was: 1.0. Should have been: 2.0
  in .DirectFeedback.Test
    while executing
"java::new ptolemy.moml.MoMLSimpleApplication $file
"
    (procedure "createAndExecute" line 2)
    invoked from within
"createAndExecute $file"
    ("uplevel" body line 5)
    invoked from within
"uplevel $contents_of_test"
------------------ testing $PTII/ptolemy/domains/de/test/auto/ActorDepthCalculation_actorWithoutPorts.xml
auto.tcl: Setting watchdog for 200 seconds at Sat Feb 09 03:33:07 UTC 2019
9 ms. Memory: 146944K Free: 138713K (94%)
ptolemy.util.test.WatchDog.cancel(): canceling Sat Feb 09 03:33:07 UTC 2019
auto.tcl: Setting watchdog for 200 seconds at Sat Feb 09 03:33:07 UTC 2019
3 ms. Memory: 146944K Free: 137688K (94%)
ptolemy.util.test.WatchDog.cancel(): canceling Sat Feb 09 03:33:07 UTC 2019
------------------ testing $PTII/ptolemy/domains/de/test/auto/AssemblyLine.xml
auto.tcl: Setting watchdog for 200 seconds at Sat Feb 09 03:33:07 UTC 2019
17 ms. Memory: 208384K Free: 183361K (88%)
ptolemy.util.test.WatchDog.cancel(): canceling Sat Feb 09 03:33:07 UTC 2019
auto.tcl: Setting watchdog for 200 seconds at Sat Feb 09 03:33:07 UTC 2019
6 ms. Memory: 208384K Free: 183361K (88%)
ptolemy.util.test.WatchDog.cancel(): canceling Sat Feb 09 03:33:07 UTC 2019
------------------ testing $PTII/ptolemy/domains/de/test/auto/CQBug1.xml
auto.tcl: Setting watchdog for 200 seconds at Sat Feb 09 03:33:07 UTC 2019
3 ms. Memory: 208384K Free: 197886K (95%)
ptolemy.util.test.WatchDog.cancel(): canceling Sat Feb 09 03:33:08 UTC 2019
auto.tcl: Setting watchdog for 200 seconds at Sat Feb 09 03:33:08 UTC 2019
2 ms. Memory: 208384K Free: 197886K (95%)
ptolemy.util.test.WatchDog.cancel(): canceling Sat Feb 09 03:33:08 UTC 2019
------------------ testing $PTII/ptolemy/domains/de/test/auto/CancelFireAt.xml
auto.tcl: Setting watchdog for 200 seconds at Sat Feb 09 03:33:08 UTC 2019
4 ms. Memory: 208384K Free: 201556K (97%)
ptolemy.util.test.WatchDog.cancel(): canceling Sat Feb 09 03:33:08 UTC 2019
auto.tcl: Setting watchdog for 200 seconds at Sat Feb 09 03:33:08 UTC 2019
5 ms. Memory: 208384K Free: 198987K (95%)
ptolemy.util.test.WatchDog.cancel(): canceling Sat Feb 09 03:33:08 UTC 2019
------------------ testing $PTII/ptolemy/domains/de/test/auto/CausalityAndComposabilityAnalysis.xml
auto.tcl: Setting watchdog for 200 seconds at Sat Feb 09 03:33:08 UTC 2019
21 ms. Memory: 208384K Free: 198584K (95%)
ptolemy.util.test.WatchDog.cancel(): canceling Sat Feb 09 03:33:08 UTC 2019
auto.tcl: Setting watchdog for 200 seconds at Sat Feb 09 03:33:08 UTC 2019
4 ms. Memory: 208384K Free: 196534K (94%)
ptolemy.util.test.WatchDog.cancel(): canceling Sat Feb 09 03:33:08 UTC 2019
------------------ testing $PTII/ptolemy/domains/de/test/auto/CausalityInterface1.xml
auto.tcl: Setting watchdog for 200 seconds at Sat Feb 09 03:33:08 UTC 2019
10 ms. Memory: 208384K Free: 196472K (94%)
ptolemy.util.test.WatchDog.cancel(): canceling Sat Feb 09 03:33:08 UTC 2019
auto.tcl: Setting watchdog for 200 seconds at Sat Feb 09 03:33:08 UTC 2019
5 ms. Memory: 208384K Free: 196472K (94%)
ptolemy.util.test.WatchDog.cancel(): canceling Sat Feb 09 03:33:08 UTC 2019
------------------ testing $PTII/ptolemy/domains/de/test/auto/CausalityInterface15.xml
auto.tcl: Setting watchdog for 200 seconds at Sat Feb 09 03:33:08 UTC 2019
10 ms. Memory: 208384K Free: 196431K (94%)
ptolemy.util.test.WatchDog.cancel(): canceling Sat Feb 09 03:33:08 UTC 2019
auto.tcl: Setting watchdog for 200 seconds at Sat Feb 09 03:33:08 UTC 2019
4 ms. Memory: 208384K Free: 196431K (94%)
ptolemy.util.test.WatchDog.cancel(): canceling Sat Feb 09 03:33:08 UTC 2019
------------------ testing $PTII/ptolemy/domains/de/test/auto/CausalityInterface2.xml
auto.tcl: Setting watchdog for 200 seconds at Sat Feb 09 03:33:08 UTC 2019
6 ms. Memory: 208384K Free: 196445K (94%)
ptolemy.util.test.WatchDog.cancel(): canceling Sat Feb 09 03:33:08 UTC 2019
auto.tcl: Setting watchdog for 200 seconds at Sat Feb 09 03:33:08 UTC 2019
3 ms. Memory: 208384K Free: 196445K (94%)
ptolemy.util.test.WatchDog.cancel(): canceling Sat Feb 09 03:33:08 UTC 2019
------------------ testing $PTII/ptolemy/domains/de/test/auto/CausalityInterface3.xml
auto.tcl: Setting watchdog for 200 seconds at Sat Feb 09 03:33:08 UTC 2019
5 ms. Memory: 208384K Free: 196452K (94%)
ptolemy.util.test.WatchDog.cancel(): canceling Sat Feb 09 03:33:08 UTC 2019
auto.tcl: Setting watchdog for 200 seconds at Sat Feb 09 03:33:08 UTC 2019
4 ms. Memory: 208384K Free: 196452K (94%)
ptolemy.util.test.WatchDog.cancel(): canceling Sat Feb 09 03:33:08 UTC 2019
------------------ testing $PTII/ptolemy/domains/de/test/auto/ClockDrift.xml
auto.tcl: Setting watchdog for 200 seconds at Sat Feb 09 03:33:08 UTC 2019
86 ms. Memory: 208384K Free: 187832K (90%)
ptolemy.util.test.WatchDog.cancel(): canceling Sat Feb 09 03:33:08 UTC 2019
auto.tcl: Setting watchdog for 200 seconds at Sat Feb 09 03:33:08 UTC 2019
44 ms. Memory: 208384K Free: 185782K (89%)
ptolemy.util.test.WatchDog.cancel(): canceling Sat Feb 09 03:33:08 UTC 2019
------------------ testing $PTII/ptolemy/domains/de/test/auto/ClockDriftAndValueChange.xml
auto.tcl: Setting watchdog for 200 seconds at Sat Feb 09 03:33:08 UTC 2019
39 ms. Memory: 208384K Free: 189719K (91%)
ptolemy.util.test.WatchDog.cancel(): canceling Sat Feb 09 03:33:08 UTC 2019
auto.tcl: Setting watchdog for 200 seconds at Sat Feb 09 03:33:08 UTC 2019
38 ms. Memory: 208384K Free: 185619K (89%)
ptolemy.util.test.WatchDog.cancel(): canceling Sat Feb 09 03:33:08 UTC 2019
------------------ testing $PTII/ptolemy/domains/de/test/auto/ClockDriftChange.xml
auto.tcl: Setting watchdog for 200 seconds at Sat Feb 09 03:33:09 UTC 2019
32 ms. Memory: 208384K Free: 190945K (92%)
ptolemy.util.test.WatchDog.cancel(): canceling Sat Feb 09 03:33:09 UTC 2019
auto.tcl: Setting watchdog for 200 seconds at Sat Feb 09 03:33:09 UTC 2019
20 ms. Memory: 208384K Free: 188895K (91%)
ptolemy.util.test.WatchDog.cancel(): canceling Sat Feb 09 03:33:09 UTC 2019
------------------ testing $PTII/ptolemy/domains/de/test/auto/ComposableCausalityAnalysis.xml
auto.tcl: Setting watchdog for 200 seconds at Sat Feb 09 03:33:09 UTC 2019
2 ms. Memory: 208384K Free: 196312K (94%)
ptolemy.util.test.WatchDog.cancel(): canceling Sat Feb 09 03:33:09 UTC 2019
auto.tcl: Setting watchdog for 200 seconds at Sat Feb 09 03:33:09 UTC 2019
2 ms. Memory: 208384K Free: 194261K (93%)
ptolemy.util.test.WatchDog.cancel(): canceling Sat Feb 09 03:33:09 UTC 2019
------------------ testing $PTII/ptolemy/domains/de/test/auto/DEFixedPointLimitation.xml
auto.tcl: Setting watchdog for 200 seconds at Sat Feb 09 03:33:09 UTC 2019
3 ms. Memory: 208384K Free: 198443K (95%)
ptolemy.util.test.WatchDog.cancel(): canceling Sat Feb 09 03:33:09 UTC 2019
auto.tcl: Setting watchdog for 200 seconds at Sat Feb 09 03:33:09 UTC 2019
1 ms. Memory: 208384K Free: 196393K (94%)
ptolemy.util.test.WatchDog.cancel(): canceling Sat Feb 09 03:33:09 UTC 2019
------------------ testing $PTII/ptolemy/domains/de/test/auto/DEScheduleTest.xml
auto.tcl: Setting watchdog for 200 seconds at Sat Feb 09 03:33:09 UTC 2019
8 ms. Memory: 208384K Free: 198479K (95%)
ptolemy.util.test.WatchDog.cancel(): canceling Sat Feb 09 03:33:09 UTC 2019
auto.tcl: Setting watchdog for 200 seconds at Sat Feb 09 03:33:09 UTC 2019
4 ms. Memory: 208384K Free: 196429K (94%)
ptolemy.util.test.WatchDog.cancel(): canceling Sat Feb 09 03:33:09 UTC 2019
------------------ testing $PTII/ptolemy/domains/de/test/auto/DEinDEwithStartTimes.xml
auto.tcl: Setting watchdog for 200 seconds at Sat Feb 09 03:33:09 UTC 2019
3 ms. Memory: 208384K Free: 196398K (94%)
ptolemy.util.test.WatchDog.cancel(): canceling Sat Feb 09 03:33:09 UTC 2019
auto.tcl: Setting watchdog for 200 seconds at Sat Feb 09 03:33:09 UTC 2019
4 ms. Memory: 208384K Free: 196398K (94%)
ptolemy.util.test.WatchDog.cancel(): canceling Sat Feb 09 03:33:09 UTC 2019
------------------ testing $PTII/ptolemy/domains/de/test/auto/DEinDEwithStartTimes2.xml
auto.tcl: Setting watchdog for 200 seconds at Sat Feb 09 03:33:09 UTC 2019
8 ms. Memory: 208384K Free: 196377K (94%)
ptolemy.util.test.WatchDog.cancel(): canceling Sat Feb 09 03:33:09 UTC 2019
auto.tcl: Setting watchdog for 200 seconds at Sat Feb 09 03:33:09 UTC 2019
4 ms. Memory: 208384K Free: 194327K (93%)
ptolemy.util.test.WatchDog.cancel(): canceling Sat Feb 09 03:33:09 UTC 2019
------------------ testing $PTII/ptolemy/domains/de/test/auto/DateDemo.xml
auto.tcl: Setting watchdog for 200 seconds at Sat Feb 09 03:33:09 UTC 2019
13 ms. Memory: 208384K Free: 188956K (91%)
ptolemy.util.test.WatchDog.cancel(): canceling Sat Feb 09 03:33:09 UTC 2019
auto.tcl: Setting watchdog for 200 seconds at Sat Feb 09 03:33:09 UTC 2019
6 ms. Memory: 208384K Free: 186906K (90%)
ptolemy.util.test.WatchDog.cancel(): canceling Sat Feb 09 03:33:09 UTC 2019
------------------ testing $PTII/ptolemy/domains/de/test/auto/DateToEvent.xml
auto.tcl: Setting watchdog for 200 seconds at Sat Feb 09 03:33:09 UTC 2019
2015 ms. Memory: 208384K Free: 183812K (88%)
ptolemy.util.test.WatchDog.cancel(): canceling Sat Feb 09 03:33:11 UTC 2019
auto.tcl: Setting watchdog for 200 seconds at Sat Feb 09 03:33:11 UTC 2019
2005 ms. Memory: 208384K Free: 183812K (88%)
ptolemy.util.test.WatchDog.cancel(): canceling Sat Feb 09 03:33:13 UTC 2019
------------------ testing $PTII/ptolemy/domains/de/test/auto/DepthTest1.xml
auto.tcl: Setting watchdog for 200 seconds at Sat Feb 09 03:33:13 UTC 2019
3 ms. Memory: 208384K Free: 197682K (95%)
ptolemy.util.test.WatchDog.cancel(): canceling Sat Feb 09 03:33:13 UTC 2019
auto.tcl: Setting watchdog for 200 seconds at Sat Feb 09 03:33:13 UTC 2019
3 ms. Memory: 208384K Free: 197682K (95%)
ptolemy.util.test.WatchDog.cancel(): canceling Sat Feb 09 03:33:13 UTC 2019
------------------ testing $PTII/ptolemy/domains/de/test/auto/DepthTest2.xml
auto.tcl: Setting watchdog for 200 seconds at Sat Feb 09 03:33:13 UTC 2019
6 ms. Memory: 208384K Free: 194013K (93%)
ptolemy.util.test.WatchDog.cancel(): canceling Sat Feb 09 03:33:14 UTC 2019
auto.tcl: Setting watchdog for 200 seconds at Sat Feb 09 03:33:14 UTC 2019
3 ms. Memory: 208384K Free: 194013K (93%)
ptolemy.util.test.WatchDog.cancel(): canceling Sat Feb 09 03:33:14 UTC 2019
------------------ testing $PTII/ptolemy/domains/de/test/auto/DepthTest3.xml
auto.tcl: Setting watchdog for 200 seconds at Sat Feb 09 03:33:14 UTC 2019
2 ms. Memory: 208384K Free: 198015K (95%)
ptolemy.util.test.WatchDog.cancel(): canceling Sat Feb 09 03:33:14 UTC 2019
auto.tcl: Setting watchdog for 200 seconds at Sat Feb 09 03:33:14 UTC 2019
2 ms. Memory: 208384K Free: 198015K (95%)
ptolemy.util.test.WatchDog.cancel(): canceling Sat Feb 09 03:33:14 UTC 2019
------------------ testing $PTII/ptolemy/domains/de/test/auto/DepthTest4.xml
auto.tcl: Setting watchdog for 200 seconds at Sat Feb 09 03:33:14 UTC 2019
7 ms. Memory: 208384K Free: 196052K (94%)
ptolemy.util.test.WatchDog.cancel(): canceling Sat Feb 09 03:33:14 UTC 2019
auto.tcl: Setting watchdog for 200 seconds at Sat Feb 09 03:33:14 UTC 2019
1 ms. Memory: 208384K Free: 196052K (94%)
ptolemy.util.test.WatchDog.cancel(): canceling Sat Feb 09 03:33:14 UTC 2019
------------------ testing $PTII/ptolemy/domains/de/test/auto/DepthTest5.xml
auto.tcl: Setting watchdog for 200 seconds at Sat Feb 09 03:33:14 UTC 2019
5 ms. Memory: 208384K Free: 196000K (94%)
ptolemy.util.test.WatchDog.cancel(): canceling Sat Feb 09 03:33:14 UTC 2019
auto.tcl: Setting watchdog for 200 seconds at Sat Feb 09 03:33:14 UTC 2019
3 ms. Memory: 208384K Free: 196000K (94%)
ptolemy.util.test.WatchDog.cancel(): canceling Sat Feb 09 03:33:14 UTC 2019
------------------ testing $PTII/ptolemy/domains/de/test/auto/DepthTest6.xml
auto.tcl: Setting watchdog for 200 seconds at Sat Feb 09 03:33:14 UTC 2019
8 ms. Memory: 208384K Free: 196494K (94%)
ptolemy.util.test.WatchDog.cancel(): canceling Sat Feb 09 03:33:14 UTC 2019
auto.tcl: Setting watchdog for 200 seconds at Sat Feb 09 03:33:14 UTC 2019
2 ms. Memory: 208384K Free: 196494K (94%)
ptolemy.util.test.WatchDog.cancel(): canceling Sat Feb 09 03:33:14 UTC 2019
------------------ testing $PTII/ptolemy/domains/de/test/auto/DepthTest7.xml
auto.tcl: Setting watchdog for 200 seconds at Sat Feb 09 03:33:14 UTC 2019
3 ms. Memory: 208384K Free: 195956K (94%)
ptolemy.util.test.WatchDog.cancel(): canceling Sat Feb 09 03:33:14 UTC 2019
auto.tcl: Setting watchdog for 200 seconds at Sat Feb 09 03:33:14 UTC 2019
2 ms. Memory: 208384K Free: 195956K (94%)
ptolemy.util.test.WatchDog.cancel(): canceling Sat Feb 09 03:33:14 UTC 2019
------------------ testing $PTII/ptolemy/domains/de/test/auto/EventToDate.xml
auto.tcl: Setting watchdog for 200 seconds at Sat Feb 09 03:33:14 UTC 2019
3009 ms. Memory: 208384K Free: 187773K (90%)
ptolemy.util.test.WatchDog.cancel(): canceling Sat Feb 09 03:33:17 UTC 2019
auto.tcl: Setting watchdog for 200 seconds at Sat Feb 09 03:33:17 UTC 2019
3005 ms. Memory: 208384K Free: 185723K (89%)
ptolemy.util.test.WatchDog.cancel(): canceling Sat Feb 09 03:33:20 UTC 2019
------------------ testing $PTII/ptolemy/domains/de/test/auto/FSM1.xml
auto.tcl: Setting watchdog for 200 seconds at Sat Feb 09 03:33:20 UTC 2019
19 ms. Memory: 208384K Free: 186651K (90%)
ptolemy.util.test.WatchDog.cancel(): canceling Sat Feb 09 03:33:20 UTC 2019
auto.tcl: Setting watchdog for 200 seconds at Sat Feb 09 03:33:20 UTC 2019
21 ms. Memory: 208384K Free: 182551K (88%)
ptolemy.util.test.WatchDog.cancel(): canceling Sat Feb 09 03:33:20 UTC 2019
------------------ testing $PTII/ptolemy/domains/de/test/auto/FSM7.xml
auto.tcl: Setting watchdog for 200 seconds at Sat Feb 09 03:33:20 UTC 2019
23 ms. Memory: 208384K Free: 189312K (91%)
ptolemy.util.test.WatchDog.cancel(): canceling Sat Feb 09 03:33:20 UTC 2019
auto.tcl: Setting watchdog for 200 seconds at Sat Feb 09 03:33:20 UTC 2019
18 ms. Memory: 208384K Free: 185211K (89%)
ptolemy.util.test.WatchDog.cancel(): canceling Sat Feb 09 03:33:20 UTC 2019
------------------ testing $PTII/ptolemy/domains/de/test/auto/Inspection.xml
auto.tcl: Setting watchdog for 200 seconds at Sat Feb 09 03:33:20 UTC 2019
31 ms. Memory: 208384K Free: 188978K (91%)
ptolemy.util.test.WatchDog.cancel(): canceling Sat Feb 09 03:33:20 UTC 2019
auto.tcl: Setting watchdog for 200 seconds at Sat Feb 09 03:33:20 UTC 2019
22 ms. Memory: 208384K Free: 186928K (90%)
ptolemy.util.test.WatchDog.cancel(): canceling Sat Feb 09 03:33:20 UTC 2019
------------------ testing $PTII/ptolemy/domains/de/test/auto/Iteration.xml
auto.tcl: Setting watchdog for 200 seconds at Sat Feb 09 03:33:20 UTC 2019
8 ms. Memory: 208384K Free: 196062K (94%)
ptolemy.util.test.WatchDog.cancel(): canceling Sat Feb 09 03:33:21 UTC 2019
auto.tcl: Setting watchdog for 200 seconds at Sat Feb 09 03:33:21 UTC 2019
6 ms. Memory: 208384K Free: 193493K (93%)
ptolemy.util.test.WatchDog.cancel(): canceling Sat Feb 09 03:33:21 UTC 2019
------------------ testing $PTII/ptolemy/domains/de/test/auto/LineFault.xml
auto.tcl: Setting watchdog for 200 seconds at Sat Feb 09 03:33:21 UTC 2019
689 ms. Memory: 208384K Free: 198978K (95%)
ptolemy.util.test.WatchDog.cancel(): canceling Sat Feb 09 03:33:22 UTC 2019
auto.tcl: Setting watchdog for 200 seconds at Sat Feb 09 03:33:22 UTC 2019
611 ms. Memory: 208384K Free: 141656K (68%)
ptolemy.util.test.WatchDog.cancel(): canceling Sat Feb 09 03:33:22 UTC 2019
------------------ testing $PTII/ptolemy/domains/de/test/auto/MergeModel1Add.xml
auto.tcl: Setting watchdog for 200 seconds at Sat Feb 09 03:33:22 UTC 2019
26 ms. Memory: 331264K Free: 300187K (91%)
ptolemy.util.test.WatchDog.cancel(): canceling Sat Feb 09 03:33:22 UTC 2019
auto.tcl: Setting watchdog for 200 seconds at Sat Feb 09 03:33:22 UTC 2019
12 ms. Memory: 331264K Free: 300187K (91%)
ptolemy.util.test.WatchDog.cancel(): canceling Sat Feb 09 03:33:22 UTC 2019
------------------ testing $PTII/ptolemy/domains/de/test/auto/MergeModel2Add.xml
auto.tcl: Setting watchdog for 200 seconds at Sat Feb 09 03:33:22 UTC 2019
18 ms. Memory: 331264K Free: 305108K (92%)
ptolemy.util.test.WatchDog.cancel(): canceling Sat Feb 09 03:33:22 UTC 2019
auto.tcl: Setting watchdog for 200 seconds at Sat Feb 09 03:33:22 UTC 2019
13 ms. Memory: 331264K Free: 301525K (91%)
ptolemy.util.test.WatchDog.cancel(): canceling Sat Feb 09 03:33:22 UTC 2019
------------------ testing $PTII/ptolemy/domains/de/test/auto/MergeModel3Add.xml
auto.tcl: Setting watchdog for 200 seconds at Sat Feb 09 03:33:23 UTC 2019
10 ms. Memory: 331264K Free: 305118K (92%)
ptolemy.util.test.WatchDog.cancel(): canceling Sat Feb 09 03:33:23 UTC 2019
auto.tcl: Setting watchdog for 200 seconds at Sat Feb 09 03:33:23 UTC 2019
9 ms. Memory: 331264K Free: 301535K (91%)
ptolemy.util.test.WatchDog.cancel(): canceling Sat Feb 09 03:33:23 UTC 2019
------------------ testing $PTII/ptolemy/domains/de/test/auto/MergeWithoutDiscard.xml
auto.tcl: Setting watchdog for 200 seconds at Sat Feb 09 03:33:23 UTC 2019
4 ms. Memory: 331264K Free: 315863K (95%)
ptolemy.util.test.WatchDog.cancel(): canceling Sat Feb 09 03:33:23 UTC 2019
auto.tcl: Setting watchdog for 200 seconds at Sat Feb 09 03:33:23 UTC 2019
1 ms. Memory: 331264K Free: 315863K (95%)
ptolemy.util.test.WatchDog.cancel(): canceling Sat Feb 09 03:33:23 UTC 2019
------------------ testing $PTII/ptolemy/domains/de/test/auto/Modal1.xml
auto.tcl: Setting watchdog for 200 seconds at Sat Feb 09 03:33:23 UTC 2019
19 ms. Memory: 331264K Free: 310105K (94%)
ptolemy.util.test.WatchDog.cancel(): canceling Sat Feb 09 03:33:23 UTC 2019
auto.tcl: Setting watchdog for 200 seconds at Sat Feb 09 03:33:23 UTC 2019
26 ms. Memory: 331264K Free: 306522K (93%)
ptolemy.util.test.WatchDog.cancel(): canceling Sat Feb 09 03:33:23 UTC 2019
------------------ testing $PTII/ptolemy/domains/de/test/auto/Modal2.xml
auto.tcl: Setting watchdog for 200 seconds at Sat Feb 09 03:33:23 UTC 2019
18 ms. Memory: 331264K Free: 309978K (94%)
ptolemy.util.test.WatchDog.cancel(): canceling Sat Feb 09 03:33:23 UTC 2019
auto.tcl: Setting watchdog for 200 seconds at Sat Feb 09 03:33:23 UTC 2019
19 ms. Memory: 331264K Free: 306396K (92%)
ptolemy.util.test.WatchDog.cancel(): canceling Sat Feb 09 03:33:23 UTC 2019
------------------ testing $PTII/ptolemy/domains/de/test/auto/Modal3.xml
auto.tcl: Setting watchdog for 200 seconds at Sat Feb 09 03:33:23 UTC 2019
13 ms. Memory: 331264K Free: 310008K (94%)
ptolemy.util.test.WatchDog.cancel(): canceling Sat Feb 09 03:33:23 UTC 2019
auto.tcl: Setting watchdog for 200 seconds at Sat Feb 09 03:33:23 UTC 2019
13 ms. Memory: 331264K Free: 306425K (93%)
ptolemy.util.test.WatchDog.cancel(): canceling Sat Feb 09 03:33:23 UTC 2019
------------------ testing $PTII/ptolemy/domains/de/test/auto/Modal4.xml
auto.tcl: Setting watchdog for 200 seconds at Sat Feb 09 03:33:23 UTC 2019
24 ms. Memory: 331264K Free: 310005K (94%)
ptolemy.util.test.WatchDog.cancel(): canceling Sat Feb 09 03:33:23 UTC 2019
auto.tcl: Setting watchdog for 200 seconds at Sat Feb 09 03:33:23 UTC 2019
16 ms. Memory: 331264K Free: 306422K (93%)
ptolemy.util.test.WatchDog.cancel(): canceling Sat Feb 09 03:33:23 UTC 2019
------------------ testing $PTII/ptolemy/domains/de/test/auto/Modal5.xml
auto.tcl: Setting watchdog for 200 seconds at Sat Feb 09 03:33:23 UTC 2019
9 ms. Memory: 331264K Free: 310668K (94%)
ptolemy.util.test.WatchDog.cancel(): canceling Sat Feb 09 03:33:23 UTC 2019
auto.tcl: Setting watchdog for 200 seconds at Sat Feb 09 03:33:23 UTC 2019
12 ms. Memory: 331264K Free: 307085K (93%)
ptolemy.util.test.WatchDog.cancel(): canceling Sat Feb 09 03:33:23 UTC 2019
------------------ testing $PTII/ptolemy/domains/de/test/auto/Modal6.xml
auto.tcl: Setting watchdog for 200 seconds at Sat Feb 09 03:33:23 UTC 2019
10 ms. Memory: 331264K Free: 309991K (94%)
ptolemy.util.test.WatchDog.cancel(): canceling Sat Feb 09 03:33:23 UTC 2019
auto.tcl: Setting watchdog for 200 seconds at Sat Feb 09 03:33:23 UTC 2019
12 ms. Memory: 331264K Free: 306408K (92%)
ptolemy.util.test.WatchDog.cancel(): canceling Sat Feb 09 03:33:23 UTC 2019
------------------ testing $PTII/ptolemy/domains/de/test/auto/Modal7.xml
auto.tcl: Setting watchdog for 200 seconds at Sat Feb 09 03:33:23 UTC 2019
16 ms. Memory: 331264K Free: 306408K (92%)
ptolemy.util.test.WatchDog.cancel(): canceling Sat Feb 09 03:33:23 UTC 2019
auto.tcl: Setting watchdog for 200 seconds at Sat Feb 09 03:33:23 UTC 2019
10 ms. Memory: 331264K Free: 302826K (91%)
ptolemy.util.test.WatchDog.cancel(): canceling Sat Feb 09 03:33:23 UTC 2019
------------------ testing $PTII/ptolemy/domains/de/test/auto/ModalModel.xml
auto.tcl: Setting watchdog for 200 seconds at Sat Feb 09 03:33:24 UTC 2019
192 ms. Memory: 331264K Free: 247601K (75%)
ptolemy.util.test.WatchDog.cancel(): canceling Sat Feb 09 03:33:24 UTC 2019
auto.tcl: Setting watchdog for 200 seconds at Sat Feb 09 03:33:24 UTC 2019
173 ms. Memory: 331264K Free: 190279K (57%)
ptolemy.util.test.WatchDog.cancel(): canceling Sat Feb 09 03:33:24 UTC 2019
------------------ testing $PTII/ptolemy/domains/de/test/auto/ModalSource.xml
auto.tcl: Setting watchdog for 200 seconds at Sat Feb 09 03:33:24 UTC 2019
6 ms. Memory: 331264K Free: 316729K (96%)
ptolemy.util.test.WatchDog.cancel(): canceling Sat Feb 09 03:33:24 UTC 2019
auto.tcl: Setting watchdog for 200 seconds at Sat Feb 09 03:33:24 UTC 2019
4 ms. Memory: 331264K Free: 313450K (95%)
ptolemy.util.test.WatchDog.cancel(): canceling Sat Feb 09 03:33:24 UTC 2019
------------------ testing $PTII/ptolemy/domains/de/test/auto/NonInterruptibleTimerZeroDelay.xml
auto.tcl: Setting watchdog for 200 seconds at Sat Feb 09 03:33:24 UTC 2019
3 ms. Memory: 331264K Free: 320661K (97%)
ptolemy.util.test.WatchDog.cancel(): canceling Sat Feb 09 03:33:24 UTC 2019
auto.tcl: Setting watchdog for 200 seconds at Sat Feb 09 03:33:24 UTC 2019
2 ms. Memory: 331264K Free: 317382K (96%)
ptolemy.util.test.WatchDog.cancel(): canceling Sat Feb 09 03:33:24 UTC 2019
------------------ testing $PTII/ptolemy/domains/de/test/auto/OpenQueueingNetwork.xml
auto.tcl: Setting watchdog for 200 seconds at Sat Feb 09 03:33:24 UTC 2019
2801 ms. Memory: 317952K Free: 168084K (53%)
ptolemy.util.test.WatchDog.cancel(): canceling Sat Feb 09 03:33:27 UTC 2019
auto.tcl: Setting watchdog for 200 seconds at Sat Feb 09 03:33:27 UTC 2019
2439 ms. Memory: 287232K Free: 245687K (86%)
ptolemy.util.test.WatchDog.cancel(): canceling Sat Feb 09 03:33:29 UTC 2019
------------------ testing $PTII/ptolemy/domains/de/test/auto/OpenQueuingNetwork.xml
auto.tcl: Setting watchdog for 200 seconds at Sat Feb 09 03:33:30 UTC 2019
224 ms. Memory: 287232K Free: 190128K (66%)
ptolemy.util.test.WatchDog.cancel(): canceling Sat Feb 09 03:33:30 UTC 2019
auto.tcl: Setting watchdog for 200 seconds at Sat Feb 09 03:33:30 UTC 2019
212 ms. Memory: 287232K Free: 129986K (45%)
ptolemy.util.test.WatchDog.cancel(): canceling Sat Feb 09 03:33:30 UTC 2019
------------------ testing $PTII/ptolemy/domains/de/test/auto/PeriodicSampler.xml
auto.tcl: Setting watchdog for 200 seconds at Sat Feb 09 03:33:30 UTC 2019
3 ms. Memory: 289792K Free: 277170K (96%)
ptolemy.util.test.WatchDog.cancel(): canceling Sat Feb 09 03:33:30 UTC 2019
auto.tcl: Setting watchdog for 200 seconds at Sat Feb 09 03:33:30 UTC 2019
2 ms. Memory: 289792K Free: 274279K (95%)
ptolemy.util.test.WatchDog.cancel(): canceling Sat Feb 09 03:33:30 UTC 2019
------------------ testing $PTII/ptolemy/domains/de/test/auto/PersistentIO.xml
auto.tcl: Setting watchdog for 200 seconds at Sat Feb 09 03:33:30 UTC 2019
4 ms. Memory: 287232K Free: 271649K (95%)
ptolemy.util.test.WatchDog.cancel(): canceling Sat Feb 09 03:33:30 UTC 2019
auto.tcl: Setting watchdog for 200 seconds at Sat Feb 09 03:33:30 UTC 2019
3 ms. Memory: 287232K Free: 268759K (94%)
ptolemy.util.test.WatchDog.cancel(): canceling Sat Feb 09 03:33:30 UTC 2019
------------------ testing $PTII/ptolemy/domains/de/test/auto/PortParameterResetOnInitialize.xml
auto.tcl: Setting watchdog for 200 seconds at Sat Feb 09 03:33:30 UTC 2019
2 ms. Memory: 289280K Free: 274384K (95%)
ptolemy.util.test.WatchDog.cancel(): canceling Sat Feb 09 03:33:30 UTC 2019
auto.tcl: Setting watchdog for 200 seconds at Sat Feb 09 03:33:30 UTC 2019
1 ms. Memory: 289280K Free: 274384K (95%)
ptolemy.util.test.WatchDog.cancel(): canceling Sat Feb 09 03:33:30 UTC 2019
------------------ testing $PTII/ptolemy/domains/de/test/auto/PortParameterUpdates.xml
auto.tcl: Setting watchdog for 200 seconds at Sat Feb 09 03:33:30 UTC 2019
5 ms. Memory: 287232K Free: 272469K (95%)
ptolemy.util.test.WatchDog.cancel(): canceling Sat Feb 09 03:33:30 UTC 2019
auto.tcl: Setting watchdog for 200 seconds at Sat Feb 09 03:33:30 UTC 2019
4 ms. Memory: 287232K Free: 269579K (94%)
ptolemy.util.test.WatchDog.cancel(): canceling Sat Feb 09 03:33:30 UTC 2019
------------------ testing $PTII/ptolemy/domains/de/test/auto/QueueAndServer.xml
auto.tcl: Setting watchdog for 200 seconds at Sat Feb 09 03:33:30 UTC 2019
13 ms. Memory: 289280K Free: 273492K (95%)
ptolemy.util.test.WatchDog.cancel(): canceling Sat Feb 09 03:33:30 UTC 2019
auto.tcl: Setting watchdog for 200 seconds at Sat Feb 09 03:33:30 UTC 2019
6 ms. Memory: 289280K Free: 273492K (95%)
ptolemy.util.test.WatchDog.cancel(): canceling Sat Feb 09 03:33:30 UTC 2019
------------------ testing $PTII/ptolemy/domains/de/test/auto/Records.xml
auto.tcl: Setting watchdog for 200 seconds at Sat Feb 09 03:33:30 UTC 2019
5 ms. Memory: 287232K Free: 274278K (95%)
ptolemy.util.test.WatchDog.cancel(): canceling Sat Feb 09 03:33:31 UTC 2019
auto.tcl: Setting watchdog for 200 seconds at Sat Feb 09 03:33:31 UTC 2019
2 ms. Memory: 287232K Free: 274278K (95%)
ptolemy.util.test.WatchDog.cancel(): canceling Sat Feb 09 03:33:31 UTC 2019
------------------ testing $PTII/ptolemy/domains/de/test/auto/ResetTransitionWithStartTime1.xml
auto.tcl: Setting watchdog for 200 seconds at Sat Feb 09 03:33:31 UTC 2019
9 ms. Memory: 288768K Free: 272965K (95%)
ptolemy.util.test.WatchDog.cancel(): canceling Sat Feb 09 03:33:31 UTC 2019
auto.tcl: Setting watchdog for 200 seconds at Sat Feb 09 03:33:31 UTC 2019
6 ms. Memory: 288768K Free: 272965K (95%)
ptolemy.util.test.WatchDog.cancel(): canceling Sat Feb 09 03:33:31 UTC 2019
------------------ testing $PTII/ptolemy/domains/de/test/auto/ResetTransitionWithStartTime2.xml
auto.tcl: Setting watchdog for 200 seconds at Sat Feb 09 03:33:31 UTC 2019
7 ms. Memory: 287232K Free: 271575K (95%)
ptolemy.util.test.WatchDog.cancel(): canceling Sat Feb 09 03:33:31 UTC 2019
auto.tcl: Setting watchdog for 200 seconds at Sat Feb 09 03:33:31 UTC 2019
7 ms. Memory: 287232K Free: 271575K (95%)
ptolemy.util.test.WatchDog.cancel(): canceling Sat Feb 09 03:33:31 UTC 2019
------------------ testing $PTII/ptolemy/domains/de/test/auto/ResetTransitionWithStartTime3.xml
auto.tcl: Setting watchdog for 200 seconds at Sat Feb 09 03:33:31 UTC 2019
7 ms. Memory: 288768K Free: 272970K (95%)
ptolemy.util.test.WatchDog.cancel(): canceling Sat Feb 09 03:33:31 UTC 2019
auto.tcl: Setting watchdog for 200 seconds at Sat Feb 09 03:33:31 UTC 2019
5 ms. Memory: 288768K Free: 272970K (95%)
ptolemy.util.test.WatchDog.cancel(): canceling Sat Feb 09 03:33:31 UTC 2019
------------------ testing $PTII/ptolemy/domains/de/test/auto/ResetTransitionWithStartTime4.xml
auto.tcl: Setting watchdog for 200 seconds at Sat Feb 09 03:33:31 UTC 2019
4 ms. Memory: 287232K Free: 271401K (94%)
ptolemy.util.test.WatchDog.cancel(): canceling Sat Feb 09 03:33:31 UTC 2019
auto.tcl: Setting watchdog for 200 seconds at Sat Feb 09 03:33:31 UTC 2019
3 ms. Memory: 287232K Free: 271401K (94%)
ptolemy.util.test.WatchDog.cancel(): canceling Sat Feb 09 03:33:31 UTC 2019
------------------ testing $PTII/ptolemy/domains/de/test/auto/ResettableTimer1.xml
auto.tcl: Setting watchdog for 200 seconds at Sat Feb 09 03:33:31 UTC 2019
2 ms. Memory: 288768K Free: 275822K (96%)
ptolemy.util.test.WatchDog.cancel(): canceling Sat Feb 09 03:33:31 UTC 2019
auto.tcl: Setting watchdog for 200 seconds at Sat Feb 09 03:33:31 UTC 2019
2 ms. Memory: 288768K Free: 275822K (96%)
ptolemy.util.test.WatchDog.cancel(): canceling Sat Feb 09 03:33:31 UTC 2019
------------------ testing $PTII/ptolemy/domains/de/test/auto/ResettableTimer2.xml
auto.tcl: Setting watchdog for 200 seconds at Sat Feb 09 03:33:31 UTC 2019
2 ms. Memory: 287232K Free: 274516K (96%)
ptolemy.util.test.WatchDog.cancel(): canceling Sat Feb 09 03:33:31 UTC 2019
auto.tcl: Setting watchdog for 200 seconds at Sat Feb 09 03:33:31 UTC 2019
2 ms. Memory: 287232K Free: 274516K (96%)
ptolemy.util.test.WatchDog.cancel(): canceling Sat Feb 09 03:33:31 UTC 2019
------------------ testing $PTII/ptolemy/domains/de/test/auto/ResettableTimer3.xml
auto.tcl: Setting watchdog for 200 seconds at Sat Feb 09 03:33:31 UTC 2019
1 ms. Memory: 288256K Free: 275367K (96%)
ptolemy.util.test.WatchDog.cancel(): canceling Sat Feb 09 03:33:31 UTC 2019
auto.tcl: Setting watchdog for 200 seconds at Sat Feb 09 03:33:31 UTC 2019
1 ms. Memory: 288256K Free: 275367K (96%)
ptolemy.util.test.WatchDog.cancel(): canceling Sat Feb 09 03:33:31 UTC 2019
------------------ testing $PTII/ptolemy/domains/de/test/auto/ResettableTimer4.xml
auto.tcl: Setting watchdog for 200 seconds at Sat Feb 09 03:33:31 UTC 2019
1 ms. Memory: 287232K Free: 274512K (96%)
ptolemy.util.test.WatchDog.cancel(): canceling Sat Feb 09 03:33:31 UTC 2019
auto.tcl: Setting watchdog for 200 seconds at Sat Feb 09 03:33:31 UTC 2019
1 ms. Memory: 287232K Free: 274512K (96%)
ptolemy.util.test.WatchDog.cancel(): canceling Sat Feb 09 03:33:31 UTC 2019
------------------ testing $PTII/ptolemy/domains/de/test/auto/ResettableTimer5.xml
auto.tcl: Setting watchdog for 200 seconds at Sat Feb 09 03:33:31 UTC 2019
1 ms. Memory: 288256K Free: 273492K (95%)
ptolemy.util.test.WatchDog.cancel(): canceling Sat Feb 09 03:33:31 UTC 2019
auto.tcl: Setting watchdog for 200 seconds at Sat Feb 09 03:33:31 UTC 2019
2 ms. Memory: 288256K Free: 273492K (95%)
ptolemy.util.test.WatchDog.cancel(): canceling Sat Feb 09 03:33:31 UTC 2019
------------------ testing $PTII/ptolemy/domains/de/test/auto/ResettableTimer6.xml
auto.tcl: Setting watchdog for 200 seconds at Sat Feb 09 03:33:31 UTC 2019
1 ms. Memory: 287232K Free: 272246K (95%)
ptolemy.util.test.WatchDog.cancel(): canceling Sat Feb 09 03:33:31 UTC 2019
auto.tcl: Setting watchdog for 200 seconds at Sat Feb 09 03:33:31 UTC 2019
1 ms. Memory: 287232K Free: 272246K (95%)
ptolemy.util.test.WatchDog.cancel(): canceling Sat Feb 09 03:33:31 UTC 2019
------------------ testing $PTII/ptolemy/domains/de/test/auto/ServerZeroDelay.xml
auto.tcl: Setting watchdog for 200 seconds at Sat Feb 09 03:33:31 UTC 2019
6 ms. Memory: 288256K Free: 275474K (96%)
ptolemy.util.test.WatchDog.cancel(): canceling Sat Feb 09 03:33:31 UTC 2019
auto.tcl: Setting watchdog for 200 seconds at Sat Feb 09 03:33:31 UTC 2019
2 ms. Memory: 288256K Free: 275474K (96%)
ptolemy.util.test.WatchDog.cancel(): canceling Sat Feb 09 03:33:31 UTC 2019
------------------ testing $PTII/ptolemy/domains/de/test/auto/SmartSender.xml
auto.tcl: Setting watchdog for 200 seconds at Sat Feb 09 03:33:31 UTC 2019
3000 ms. Memory: 287232K Free: 272387K (95%)
ptolemy.util.test.WatchDog.cancel(): canceling Sat Feb 09 03:33:34 UTC 2019
auto.tcl: Setting watchdog for 200 seconds at Sat Feb 09 03:33:34 UTC 2019
3002 ms. Memory: 287232K Free: 272387K (95%)
ptolemy.util.test.WatchDog.cancel(): canceling Sat Feb 09 03:33:37 UTC 2019
------------------ testing $PTII/ptolemy/domains/de/test/auto/ThreadedComposite.xml
auto.tcl: Setting watchdog for 200 seconds at Sat Feb 09 03:33:37 UTC 2019
268 ms. Memory: 288256K Free: 252281K (88%)
ptolemy.util.test.WatchDog.cancel(): canceling Sat Feb 09 03:33:38 UTC 2019
auto.tcl: Setting watchdog for 200 seconds at Sat Feb 09 03:33:38 UTC 2019
197 ms. Memory: 288256K Free: 234182K (81%)
ptolemy.util.test.WatchDog.cancel(): canceling Sat Feb 09 03:33:38 UTC 2019
------------------ testing $PTII/ptolemy/domains/de/test/auto/Time.xml
auto.tcl: Setting watchdog for 200 seconds at Sat Feb 09 03:33:38 UTC 2019
506 ms. Memory: 287232K Free: 224616K (78%)
ptolemy.util.test.WatchDog.cancel(): canceling Sat Feb 09 03:33:38 UTC 2019
auto.tcl: Setting watchdog for 200 seconds at Sat Feb 09 03:33:38 UTC 2019
497 ms. Memory: 287232K Free: 175752K (61%)
ptolemy.util.test.WatchDog.cancel(): canceling Sat Feb 09 03:33:39 UTC 2019
------------------ testing $PTII/ptolemy/domains/de/test/auto/TimeDelayZeroDelay.xml
auto.tcl: Setting watchdog for 200 seconds at Sat Feb 09 03:33:39 UTC 2019
2 ms. Memory: 287744K Free: 275402K (96%)
ptolemy.util.test.WatchDog.cancel(): canceling Sat Feb 09 03:33:39 UTC 2019
auto.tcl: Setting watchdog for 200 seconds at Sat Feb 09 03:33:39 UTC 2019
2 ms. Memory: 287744K Free: 275402K (96%)
ptolemy.util.test.WatchDog.cancel(): canceling Sat Feb 09 03:33:39 UTC 2019
------------------ testing $PTII/ptolemy/domains/de/test/auto/TimerZeroDelay.xml
auto.tcl: Setting watchdog for 200 seconds at Sat Feb 09 03:33:39 UTC 2019
3 ms. Memory: 287232K Free: 275020K (96%)
ptolemy.util.test.WatchDog.cancel(): canceling Sat Feb 09 03:33:39 UTC 2019
auto.tcl: Setting watchdog for 200 seconds at Sat Feb 09 03:33:39 UTC 2019
2 ms. Memory: 287232K Free: 275020K (96%)
ptolemy.util.test.WatchDog.cancel(): canceling Sat Feb 09 03:33:39 UTC 2019
------------------ testing $PTII/ptolemy/domains/de/test/auto/TimingParadox.xml
auto.tcl: Setting watchdog for 200 seconds at Sat Feb 09 03:33:39 UTC 2019
347 ms. Memory: 287744K Free: 211534K (74%)
ptolemy.util.test.WatchDog.cancel(): canceling Sat Feb 09 03:33:40 UTC 2019
auto.tcl: Setting watchdog for 200 seconds at Sat Feb 09 03:33:40 UTC 2019
316 ms. Memory: 287744K Free: 180693K (63%)
ptolemy.util.test.WatchDog.cancel(): canceling Sat Feb 09 03:33:40 UTC 2019
------------------ testing $PTII/ptolemy/domains/de/test/auto/TransferInputs.xml
auto.tcl: Setting watchdog for 200 seconds at Sat Feb 09 03:33:40 UTC 2019
7 ms. Memory: 287744K Free: 274499K (95%)
ptolemy.util.test.WatchDog.cancel(): canceling Sat Feb 09 03:33:40 UTC 2019
auto.tcl: Setting watchdog for 200 seconds at Sat Feb 09 03:33:40 UTC 2019
2 ms. Memory: 287744K Free: 274499K (95%)
ptolemy.util.test.WatchDog.cancel(): canceling Sat Feb 09 03:33:40 UTC 2019
------------------ testing $PTII/ptolemy/domains/de/test/auto/TransferOutputs2.xml
auto.tcl: Setting watchdog for 200 seconds at Sat Feb 09 03:33:40 UTC 2019
3 ms. Memory: 287232K Free: 270452K (94%)
ptolemy.util.test.WatchDog.cancel(): canceling Sat Feb 09 03:33:40 UTC 2019
auto.tcl: Setting watchdog for 200 seconds at Sat Feb 09 03:33:40 UTC 2019
3 ms. Memory: 287232K Free: 267882K (93%)
ptolemy.util.test.WatchDog.cancel(): canceling Sat Feb 09 03:33:40 UTC 2019
------------------ testing $PTII/ptolemy/domains/de/test/auto/Trilateration.xml
auto.tcl: Setting watchdog for 200 seconds at Sat Feb 09 03:33:40 UTC 2019
14431 ms. Memory: 793088K Free: 68364K (9%)
ptolemy.util.test.WatchDog.cancel(): canceling Sat Feb 09 03:33:55 UTC 2019
auto.tcl: Setting watchdog for 200 seconds at Sat Feb 09 03:33:55 UTC 2019
11169 ms. Memory: 639488K Free: 581159K (91%)
ptolemy.util.test.WatchDog.cancel(): canceling Sat Feb 09 03:34:07 UTC 2019
------------------ testing $PTII/ptolemy/domains/de/test/auto/TwoSigmaDelta.xml
auto.tcl: Setting watchdog for 200 seconds at Sat Feb 09 03:34:07 UTC 2019
2664 ms. Memory: 643072K Free: 339236K (53%)
ptolemy.util.test.WatchDog.cancel(): canceling Sat Feb 09 03:34:10 UTC 2019
auto.tcl: Setting watchdog for 200 seconds at Sat Feb 09 03:34:10 UTC 2019
2155 ms. Memory: 643072K Free: 118645K (18%)
ptolemy.util.test.WatchDog.cancel(): canceling Sat Feb 09 03:34:12 UTC 2019
------------------ testing $PTII/ptolemy/domains/de/test/auto/VariableDelay.xml
auto.tcl: Setting watchdog for 200 seconds at Sat Feb 09 03:34:12 UTC 2019
2 ms. Memory: 640000K Free: 620538K (97%)
ptolemy.util.test.WatchDog.cancel(): canceling Sat Feb 09 03:34:12 UTC 2019
auto.tcl: Setting watchdog for 200 seconds at Sat Feb 09 03:34:12 UTC 2019
2 ms. Memory: 640000K Free: 620538K (97%)
ptolemy.util.test.WatchDog.cancel(): canceling Sat Feb 09 03:34:12 UTC 2019
------------------ testing $PTII/ptolemy/domains/de/test/auto/VariableDelay2.xml
auto.tcl: Setting watchdog for 200 seconds at Sat Feb 09 03:34:12 UTC 2019
7 ms. Memory: 639488K Free: 620460K (97%)
ptolemy.util.test.WatchDog.cancel(): canceling Sat Feb 09 03:34:12 UTC 2019
auto.tcl: Setting watchdog for 200 seconds at Sat Feb 09 03:34:12 UTC 2019
2 ms. Memory: 639488K Free: 620460K (97%)
ptolemy.util.test.WatchDog.cancel(): canceling Sat Feb 09 03:34:12 UTC 2019
------------------ testing $PTII/ptolemy/domains/de/test/auto/VariableDelayZeroDelay.xml
auto.tcl: Setting watchdog for 200 seconds at Sat Feb 09 03:34:12 UTC 2019
2 ms. Memory: 639488K Free: 614878K (96%)
ptolemy.util.test.WatchDog.cancel(): canceling Sat Feb 09 03:34:12 UTC 2019
auto.tcl: Setting watchdog for 200 seconds at Sat Feb 09 03:34:12 UTC 2019
2 ms. Memory: 639488K Free: 614878K (96%)
ptolemy.util.test.WatchDog.cancel(): canceling Sat Feb 09 03:34:12 UTC 2019
------------------ testing $PTII/ptolemy/domains/de/test/auto/VariableDelayZeroDelay2.xml
auto.tcl: Setting watchdog for 200 seconds at Sat Feb 09 03:34:12 UTC 2019
4 ms. Memory: 642048K Free: 617436K (96%)
ptolemy.util.test.WatchDog.cancel(): canceling Sat Feb 09 03:34:12 UTC 2019
auto.tcl: Setting watchdog for 200 seconds at Sat Feb 09 03:34:12 UTC 2019
2 ms. Memory: 642048K Free: 617436K (96%)
ptolemy.util.test.WatchDog.cancel(): canceling Sat Feb 09 03:34:12 UTC 2019
------------------ testing $PTII/ptolemy/domains/de/test/auto/deInCt.xml
auto.tcl: Setting watchdog for 200 seconds at Sat Feb 09 03:34:12 UTC 2019
0
1
1
1
0
0
0
1
1
1
1
0
0
0
1
1
1
1
0
0
0
1
1
1
1
0
0
0
1
1
1
1
16 ms. Memory: 639488K Free: 614851K (96%)
ptolemy.util.test.WatchDog.cancel(): canceling Sat Feb 09 03:34:12 UTC 2019
auto.tcl: Setting watchdog for 200 seconds at Sat Feb 09 03:34:12 UTC 2019
0
1
1
1
0
0
0
0
1
1
1
0
0
0
1
1
1
0
0
0
1
1
1
0
0
0
0
1
1
1
0
0
0
1
1
1
0
0
0
0
0
0
6 ms. Memory: 639488K Free: 614851K (96%)
ptolemy.util.test.WatchDog.cancel(): canceling Sat Feb 09 03:34:12 UTC 2019
------------------ testing $PTII/ptolemy/domains/de/test/auto/deInCt2.xml
auto.tcl: Setting watchdog for 200 seconds at Sat Feb 09 03:34:12 UTC 2019
0
1
1
1
0
0
1
1
1
0
0
1
1
1
0
0
1
1
1
0
0
1
1
1
0
0
1
1
1
0
0
1
1
1
0
0
1
1
1
0
0
0
10 ms. Memory: 642048K Free: 617430K (96%)
ptolemy.util.test.WatchDog.cancel(): canceling Sat Feb 09 03:34:12 UTC 2019
auto.tcl: Setting watchdog for 200 seconds at Sat Feb 09 03:34:12 UTC 2019
0
1
1
1
0
0
1
1
1
0
0
1
1
1
0
0
1
1
1
0
0
1
1
1
0
0
1
1
1
0
0
1
1
1
0
0
1
1
1
0
0
0
6 ms. Memory: 642048K Free: 617430K (96%)
ptolemy.util.test.WatchDog.cancel(): canceling Sat Feb 09 03:34:12 UTC 2019
------------------ testing $PTII/ptolemy/domains/de/test/auto/dynamicCausalityInterface1.xml
auto.tcl: Setting watchdog for 200 seconds at Sat Feb 09 03:34:12 UTC 2019
2 ms. Memory: 639488K Free: 606480K (95%)
ptolemy.util.test.WatchDog.cancel(): canceling Sat Feb 09 03:34:12 UTC 2019
auto.tcl: Setting watchdog for 200 seconds at Sat Feb 09 03:34:12 UTC 2019
1 ms. Memory: 639488K Free: 606480K (95%)
ptolemy.util.test.WatchDog.cancel(): canceling Sat Feb 09 03:34:12 UTC 2019
------------------ testing $PTII/ptolemy/domains/de/test/auto/fsm_de_test.xml
auto.tcl: Setting watchdog for 200 seconds at Sat Feb 09 03:34:12 UTC 2019
15 ms. Memory: 641536K Free: 616809K (96%)
ptolemy.util.test.WatchDog.cancel(): canceling Sat Feb 09 03:34:12 UTC 2019
auto.tcl: Setting watchdog for 200 seconds at Sat Feb 09 03:34:12 UTC 2019
5 ms. Memory: 641536K Free: 608431K (95%)
ptolemy.util.test.WatchDog.cancel(): canceling Sat Feb 09 03:34:12 UTC 2019
------------------ testing $PTII/ptolemy/domains/de/test/auto/functionDependencyReconstruction.xml
auto.tcl: Setting watchdog for 200 seconds at Sat Feb 09 03:34:12 UTC 2019
2 ms. Memory: 639488K Free: 606361K (95%)
ptolemy.util.test.WatchDog.cancel(): canceling Sat Feb 09 03:34:12 UTC 2019
auto.tcl: Setting watchdog for 200 seconds at Sat Feb 09 03:34:12 UTC 2019
3 ms. Memory: 639488K Free: 606361K (95%)
ptolemy.util.test.WatchDog.cancel(): canceling Sat Feb 09 03:34:12 UTC 2019
------------------ testing $PTII/ptolemy/domains/de/test/auto/multirate.xml
auto.tcl: Setting watchdog for 200 seconds at Sat Feb 09 03:34:12 UTC 2019
3 ms. Memory: 641536K Free: 616675K (96%)
ptolemy.util.test.WatchDog.cancel(): canceling Sat Feb 09 03:34:12 UTC 2019
auto.tcl: Setting watchdog for 200 seconds at Sat Feb 09 03:34:12 UTC 2019
3 ms. Memory: 641536K Free: 616675K (96%)
ptolemy.util.test.WatchDog.cancel(): canceling Sat Feb 09 03:34:12 UTC 2019
------------------ testing $PTII/ptolemy/domains/de/test/auto/multirate2.xml
auto.tcl: Setting watchdog for 200 seconds at Sat Feb 09 03:34:12 UTC 2019
2 ms. Memory: 639488K Free: 614816K (96%)
ptolemy.util.test.WatchDog.cancel(): canceling Sat Feb 09 03:34:13 UTC 2019
auto.tcl: Setting watchdog for 200 seconds at Sat Feb 09 03:34:13 UTC 2019
3 ms. Memory: 639488K Free: 614816K (96%)
ptolemy.util.test.WatchDog.cancel(): canceling Sat Feb 09 03:34:13 UTC 2019
------------------ testing $PTII/ptolemy/domains/de/test/auto/realtime.xml
auto.tcl: Setting watchdog for 200 seconds at Sat Feb 09 03:34:13 UTC 2019
10001 ms. Memory: 641024K Free: 616329K (96%)
ptolemy.util.test.WatchDog.cancel(): canceling Sat Feb 09 03:34:23 UTC 2019
auto.tcl: Setting watchdog for 200 seconds at Sat Feb 09 03:34:23 UTC 2019
10002 ms. Memory: 641024K Free: 616329K (96%)
ptolemy.util.test.WatchDog.cancel(): canceling Sat Feb 09 03:34:33 UTC 2019
------------------ testing $PTII/ptolemy/domains/de/test/auto/relationGroup.xml
auto.tcl: Setting watchdog for 200 seconds at Sat Feb 09 03:34:33 UTC 2019
2 ms. Memory: 639488K Free: 614839K (96%)
ptolemy.util.test.WatchDog.cancel(): canceling Sat Feb 09 03:34:33 UTC 2019
auto.tcl: Setting watchdog for 200 seconds at Sat Feb 09 03:34:33 UTC 2019
1 ms. Memory: 639488K Free: 614839K (96%)
ptolemy.util.test.WatchDog.cancel(): canceling Sat Feb 09 03:34:33 UTC 2019
------------------ testing $PTII/ptolemy/domains/de/test/auto/relationGroup2.xml
auto.tcl: Setting watchdog for 200 seconds at Sat Feb 09 03:34:33 UTC 2019
1 ms. Memory: 641024K Free: 616401K (96%)
ptolemy.util.test.WatchDog.cancel(): canceling Sat Feb 09 03:34:33 UTC 2019
auto.tcl: Setting watchdog for 200 seconds at Sat Feb 09 03:34:33 UTC 2019
1 ms. Memory: 641024K Free: 616401K (96%)
ptolemy.util.test.WatchDog.cancel(): canceling Sat Feb 09 03:34:33 UTC 2019
------------------ testing $PTII/ptolemy/domains/de/test/auto/sortWithOpaquePorts.xml
auto.tcl: Setting watchdog for 200 seconds at Sat Feb 09 03:34:33 UTC 2019
1 ms. Memory: 639488K Free: 614865K (96%)
ptolemy.util.test.WatchDog.cancel(): canceling Sat Feb 09 03:34:33 UTC 2019
auto.tcl: Setting watchdog for 200 seconds at Sat Feb 09 03:34:33 UTC 2019
2 ms. Memory: 639488K Free: 614865K (96%)
ptolemy.util.test.WatchDog.cancel(): canceling Sat Feb 09 03:34:33 UTC 2019
------------------ testing $PTII/ptolemy/domains/de/test/auto/transferInputsandOutputs.xml
auto.tcl: Setting watchdog for 200 seconds at Sat Feb 09 03:34:33 UTC 2019
2 ms. Memory: 640512K Free: 615877K (96%)
ptolemy.util.test.WatchDog.cancel(): canceling Sat Feb 09 03:34:33 UTC 2019
auto.tcl: Setting watchdog for 200 seconds at Sat Feb 09 03:34:33 UTC 2019
2 ms. Memory: 640512K Free: 615877K (96%)
ptolemy.util.test.WatchDog.cancel(): canceling Sat Feb 09 03:34:33 UTC 2019
------------------ testing $PTII/ptolemy/domains/de/test/auto/triggerType.xml
auto.tcl: Setting watchdog for 200 seconds at Sat Feb 09 03:34:33 UTC 2019
2 ms. Memory: 639488K Free: 614803K (96%)
ptolemy.util.test.WatchDog.cancel(): canceling Sat Feb 09 03:34:33 UTC 2019
auto.tcl: Setting watchdog for 200 seconds at Sat Feb 09 03:34:33 UTC 2019
2 ms. Memory: 639488K Free: 614803K (96%)
ptolemy.util.test.WatchDog.cancel(): canceling Sat Feb 09 03:34:33 UTC 2019
02/09/19 03:34:33
Failed: 0  Total Tests: 192  ((Passed: 187, Newly Passed: 1)  Known Failed: 5) /home/travis/build/icyphy/ptII/ptolemy/domains/de/test
02/09/19 03:34:33
Failed: 0  Total Tests: 192  ((Passed: 187, Newly Passed: 1)  Known Failed: 5) /home/travis/build/icyphy/ptII/ptolemy/domains/de/test
----------------- testing (KnownFailure) /home/travis/build/icyphy/ptII/ptolemy/domains/de/test/auto/knownFailedTests/DESDFClockTest.xml
2011 ms. Memory: 640512K Free: 604698K (94%)
Known Failure: java.lang.reflect.InvocationTargetException
----------------- testing (KnownFailure) /home/travis/build/icyphy/ptII/ptolemy/domains/de/test/auto/knownFailedTests/DirectFeedback.xml
2 ms. Memory: 640512K Free: 560052K (87%)
Known Failure: java.lang.reflect.InvocationTargetException
----------------- testing (KnownFailure) /home/travis/build/icyphy/ptII/ptolemy/domains/de/test/auto/knownFailedTests/FSMSource.xml
6 ms. Memory: 640512K Free: 515405K (80%)
----------------- testing (KnownFailure) /home/travis/build/icyphy/ptII/ptolemy/domains/de/test/auto/knownFailedTests/HierarchicalModel.xml
2 ms. Memory: 640512K Free: 481904K (75%)
Known Failure: java.lang.reflect.InvocationTargetException
----------------- testing (KnownFailure) /home/travis/build/icyphy/ptII/ptolemy/domains/de/test/auto/knownFailedTests/dependencyLoop.xml
2 ms. Memory: 640512K Free: 426088K (67%)
Known Failure: java.lang.reflect.InvocationTargetException
----------------- testing (KnownFailure) /home/travis/build/icyphy/ptII/ptolemy/domains/de/test/auto/knownFailedTests/dependencyLoop2.xml
2 ms. Memory: 640512K Free: 370264K (58%)
Known Failure: java.lang.reflect.InvocationTargetException
No auto/linux-amd64/*.xml tests in /home/travis/build/icyphy/ptII/ptolemy/domains/de/test
AutoTests.java: About to close Vertx.
AutoTests.java: Vertx closed.

===========================================================================================
----------------- testing Sat Feb 09 03:34:35 UTC 2019 /home/travis/build/icyphy/ptII/ptolemy/domains/de/test/auto/ActorDepthCalculation_actorWithoutPorts.xml
----------------- Instantiating /home/travis/build/icyphy/ptII/ptolemy/domains/de/test/auto/ActorDepthCalculation_actorWithoutPorts.xml
2 ms. Memory: 640512K Free: 314455K (49%)
----------------- Invoking toplevel() on ptolemy.moml.MoMLSimpleApplication@6faa2f82
----------------- Done invoking toplevel() on ptolemy.moml.MoMLSimpleApplication@6faa2f82
reloadAllAccessors: .ActorDepthCalculation_actorWithoutPorts

===========================================================================================
----------------- testing Sat Feb 09 03:34:35 UTC 2019 /home/travis/build/icyphy/ptII/ptolemy/domains/de/test/auto/AssemblyLine.xml
----------------- Instantiating /home/travis/build/icyphy/ptII/ptolemy/domains/de/test/auto/AssemblyLine.xml
4 ms. Memory: 640512K Free: 292132K (46%)
----------------- Invoking toplevel() on ptolemy.moml.MoMLSimpleApplication@1181c1c1
----------------- Done invoking toplevel() on ptolemy.moml.MoMLSimpleApplication@1181c1c1
reloadAllAccessors: .AssemblyLine

===========================================================================================
----------------- testing Sat Feb 09 03:34:35 UTC 2019 /home/travis/build/icyphy/ptII/ptolemy/domains/de/test/auto/CQBug1.xml
----------------- Instantiating /home/travis/build/icyphy/ptII/ptolemy/domains/de/test/auto/CQBug1.xml
3 ms. Memory: 640512K Free: 269809K (42%)
----------------- Invoking toplevel() on ptolemy.moml.MoMLSimpleApplication@6a1147bc
----------------- Done invoking toplevel() on ptolemy.moml.MoMLSimpleApplication@6a1147bc
reloadAllAccessors: .CQBug1

===========================================================================================
----------------- testing Sat Feb 09 03:34:35 UTC 2019 /home/travis/build/icyphy/ptII/ptolemy/domains/de/test/auto/CancelFireAt.xml
----------------- Instantiating /home/travis/build/icyphy/ptII/ptolemy/domains/de/test/auto/CancelFireAt.xml
2 ms. Memory: 640512K Free: 247486K (39%)
----------------- Invoking toplevel() on ptolemy.moml.MoMLSimpleApplication@163df84b
----------------- Done invoking toplevel() on ptolemy.moml.MoMLSimpleApplication@163df84b
reloadAllAccessors: .CancelFireAt

===========================================================================================
----------------- testing Sat Feb 09 03:34:35 UTC 2019 /home/travis/build/icyphy/ptII/ptolemy/domains/de/test/auto/CausalityAndComposabilityAnalysis.xml
----------------- Instantiating /home/travis/build/icyphy/ptII/ptolemy/domains/de/test/auto/CausalityAndComposabilityAnalysis.xml
1 ms. Memory: 640512K Free: 225162K (35%)
----------------- Invoking toplevel() on ptolemy.moml.MoMLSimpleApplication@1cb20951
----------------- Done invoking toplevel() on ptolemy.moml.MoMLSimpleApplication@1cb20951
reloadAllAccessors: .CausalityAndComposabilityAnalysis

===========================================================================================
----------------- testing Sat Feb 09 03:34:35 UTC 2019 /home/travis/build/icyphy/ptII/ptolemy/domains/de/test/auto/CausalityInterface1.xml
----------------- Instantiating /home/travis/build/icyphy/ptII/ptolemy/domains/de/test/auto/CausalityInterface1.xml
7 ms. Memory: 640512K Free: 202839K (32%)
----------------- Invoking toplevel() on ptolemy.moml.MoMLSimpleApplication@5358779e
----------------- Done invoking toplevel() on ptolemy.moml.MoMLSimpleApplication@5358779e
reloadAllAccessors: .CausalityInterface1

===========================================================================================
----------------- testing Sat Feb 09 03:34:35 UTC 2019 /home/travis/build/icyphy/ptII/ptolemy/domains/de/test/auto/CausalityInterface15.xml
----------------- Instantiating /home/travis/build/icyphy/ptII/ptolemy/domains/de/test/auto/CausalityInterface15.xml
2 ms. Memory: 640512K Free: 180516K (28%)
----------------- Invoking toplevel() on ptolemy.moml.MoMLSimpleApplication@3db702a8
----------------- Done invoking toplevel() on ptolemy.moml.MoMLSimpleApplication@3db702a8
reloadAllAccessors: .CausalityInterface15

[...]
java.lang.RuntimeException: Execution failed
	at ptolemy.moml.MoMLSimpleApplication$UnloadThread.run(MoMLSimpleApplication.java:402)
Caused by: ptolemy.kernel.util.IllegalActionException: Test fails in iteration 1.
Value was: 1.0. Should have been: 2.0
  in .DirectFeedback.Test
	at ptolemy.actor.lib.Test.fire(Test.java:268)
	at ptolemy.domains.de.kernel.DEDirector._fire(DEDirector.java:1949)
	at ptolemy.domains.de.kernel.DEDirector.fire(DEDirector.java:502)
	at ptolemy.actor.CompositeActor.fire(CompositeActor.java:455)
	at ptolemy.actor.Manager.iterate(Manager.java:851)
	at ptolemy.actor.Manager.execute(Manager.java:369)
	at ptolemy.actor.Manager.run(Manager.java:1263)
	at ptolemy.actor.Manager$PtolemyRunThread.run(Manager.java:1915)
java.lang.RuntimeException: Execution failed
	at ptolemy.moml.MoMLSimpleApplication$UnloadThread.run(MoMLSimpleApplication.java:402)
Caused by: ptolemy.kernel.util.IllegalActionException: Actor is not ready to fire.  Perhaps UpSample.prefire() returned false? Try debugging the actor by selecting "Listen to Actor".  Also, for SDF check moml for tokenConsumptionRate on input.
  in .DESDFClockTest.Play Bell.Copy1:SDF Director and .DESDFClockTest.Play Bell.UpSample
	at ptolemy.actor.sched.StaticSchedulingDirector.fire(StaticSchedulingDirector.java:227)
	at ptolemy.domains.sdf.kernel.SDFDirector.fire(SDFDirector.java:500)
	at ptolemy.actor.CompositeActor.fire(CompositeActor.java:455)
	at ptolemy.domains.de.kernel.DEDirector._fire(DEDirector.java:1949)
	at ptolemy.domains.de.kernel.DEDirector.fire(DEDirector.java:502)
	at ptolemy.actor.CompositeActor.fire(CompositeActor.java:455)
	at ptolemy.actor.Manager.iterate(Manager.java:851)
	at ptolemy.actor.Manager.execute(Manager.java:369)
	at ptolemy.actor.Manager.run(Manager.java:1263)
	at ptolemy.actor.Manager$PtolemyRunThread.run(Manager.java:1915)
java.lang.reflect.InvocationTargetException
	at sun.reflect.NativeConstructorAccessorImpl.newInstance0(Native Method)
	at sun.reflect.NativeConstructorAccessorImpl.newInstance(NativeConstructorAccessorImpl.java:62)
	at sun.reflect.DelegatingConstructorAccessorImpl.newInstance(DelegatingConstructorAccessorImpl.java:45)
	at java.lang.reflect.Constructor.newInstance(Constructor.java:423)
	at ptolemy.util.test.junit.AutoKnownFailedTests.RunModel(AutoKnownFailedTests.java:105)
	at sun.reflect.NativeMethodAccessorImpl.invoke0(Native Method)
	at sun.reflect.NativeMethodAccessorImpl.invoke(NativeMethodAccessorImpl.java:62)
	at sun.reflect.DelegatingMethodAccessorImpl.invoke(DelegatingMethodAccessorImpl.java:43)
	at java.lang.reflect.Method.invoke(Method.java:498)
	at org.junit.runners.model.FrameworkMethod$1.runReflectiveCall(FrameworkMethod.java:44)
	at org.junit.internal.runners.model.ReflectiveCallable.run(ReflectiveCallable.java:15)
	at org.junit.runners.model.FrameworkMethod.invokeExplosively(FrameworkMethod.java:41)
	at junitparams.internal.InvokeParameterisedMethod.evaluate(InvokeParameterisedMethod.java:102)
	at org.junit.internal.runners.statements.FailOnTimeout$1.run(FailOnTimeout.java:28)
Caused by: ptolemy.kernel.util.IllegalActionException: Actor is not ready to fire.  Perhaps UpSample.prefire() returned false? Try debugging the actor by selecting "Listen to Actor".  Also, for SDF check moml for tokenConsumptionRate on input.
  in .DESDFClockTest.Play Bell.Copy1:SDF Director and .DESDFClockTest.Play Bell.UpSample
	at ptolemy.actor.sched.StaticSchedulingDirector.fire(StaticSchedulingDirector.java:227)
	at ptolemy.domains.sdf.kernel.SDFDirector.fire(SDFDirector.java:500)
	at ptolemy.actor.CompositeActor.fire(CompositeActor.java:455)
	at ptolemy.domains.de.kernel.DEDirector._fire(DEDirector.java:1949)
	at ptolemy.domains.de.kernel.DEDirector.fire(DEDirector.java:502)
	at ptolemy.actor.CompositeActor.fire(CompositeActor.java:455)
	at ptolemy.actor.Manager.iterate(Manager.java:851)
	at ptolemy.actor.Manager.execute(Manager.java:369)
	at ptolemy.actor.Manager.run(Manager.java:1263)
	at ptolemy.actor.Manager$PtolemyRunThread.run(Manager.java:1915)
java.lang.RuntimeException: Execution failed
	at ptolemy.moml.MoMLSimpleApplication$UnloadThread.run(MoMLSimpleApplication.java:402)
Caused by: ptolemy.kernel.util.IllegalActionException: Test fails in iteration 1.
Value was: 1.0. Should have been: 2.0
  in .DirectFeedback.Test
	at ptolemy.actor.lib.Test.fire(Test.java:268)
	at ptolemy.domains.de.kernel.DEDirector._fire(DEDirector.java:1949)
	at ptolemy.domains.de.kernel.DEDirector.fire(DEDirector.java:502)
	at ptolemy.actor.CompositeActor.fire(CompositeActor.java:455)
	at ptolemy.actor.Manager.iterate(Manager.java:851)
	at ptolemy.actor.Manager.execute(Manager.java:369)
	at ptolemy.actor.Manager.run(Manager.java:1263)
	at ptolemy.actor.Manager$PtolemyRunThread.run(Manager.java:1915)
java.lang.reflect.InvocationTargetException
	at sun.reflect.NativeConstructorAccessorImpl.newInstance0(Native Method)
	at sun.reflect.NativeConstructorAccessorImpl.newInstance(NativeConstructorAccessorImpl.java:62)
	at sun.reflect.DelegatingConstructorAccessorImpl.newInstance(DelegatingConstructorAccessorImpl.java:45)
	at java.lang.reflect.Constructor.newInstance(Constructor.java:423)
	at ptolemy.util.test.junit.AutoKnownFailedTests.RunModel(AutoKnownFailedTests.java:105)
	at sun.reflect.NativeMethodAccessorImpl.invoke0(Native Method)
	at sun.reflect.NativeMethodAccessorImpl.invoke(NativeMethodAccessorImpl.java:62)
	at sun.reflect.DelegatingMethodAccessorImpl.invoke(DelegatingMethodAccessorImpl.java:43)
	at java.lang.reflect.Method.invoke(Method.java:498)
	at org.junit.runners.model.FrameworkMethod$1.runReflectiveCall(FrameworkMethod.java:44)
	at org.junit.internal.runners.model.ReflectiveCallable.run(ReflectiveCallable.java:15)
	at org.junit.runners.model.FrameworkMethod.invokeExplosively(FrameworkMethod.java:41)
	at junitparams.internal.InvokeParameterisedMethod.evaluate(InvokeParameterisedMethod.java:102)
	at org.junit.internal.runners.statements.FailOnTimeout$1.run(FailOnTimeout.java:28)
Caused by: ptolemy.kernel.util.IllegalActionException: Test fails in iteration 1.
Value was: 1.0. Should have been: 2.0
  in .DirectFeedback.Test
	at ptolemy.actor.lib.Test.fire(Test.java:268)
	at ptolemy.domains.de.kernel.DEDirector._fire(DEDirector.java:1949)
	at ptolemy.domains.de.kernel.DEDirector.fire(DEDirector.java:502)
	at ptolemy.actor.CompositeActor.fire(CompositeActor.java:455)
	at ptolemy.actor.Manager.iterate(Manager.java:851)
	at ptolemy.actor.Manager.execute(Manager.java:369)
	at ptolemy.actor.Manager.run(Manager.java:1263)
	at ptolemy.actor.Manager$PtolemyRunThread.run(Manager.java:1915)
java.lang.RuntimeException: Execution failed
	at ptolemy.moml.MoMLSimpleApplication$UnloadThread.run(MoMLSimpleApplication.java:402)
Caused by: ptolemy.kernel.util.IllegalActionException: Found a zero delay loop containing .HierarchicalModel.A
  in .HierarchicalModel and .HierarchicalModel.A
	at ptolemy.actor.util.CausalityInterfaceForComposites._computeOutputPortDepth(CausalityInterfaceForComposites.java:759)
	at ptolemy.actor.util.CausalityInterfaceForComposites._computeInputDepth(CausalityInterfaceForComposites.java:696)
	at ptolemy.actor.util.CausalityInterfaceForComposites._computeOutputPortDepth(CausalityInterfaceForComposites.java:765)
	at ptolemy.actor.util.CausalityInterfaceForComposites._computeInputDepth(CausalityInterfaceForComposites.java:696)
	at ptolemy.actor.util.CausalityInterfaceForComposites._computeOutputPortDepth(CausalityInterfaceForComposites.java:765)
	at ptolemy.actor.util.CausalityInterfaceForComposites._computeInputDepth(CausalityInterfaceForComposites.java:696)
	at ptolemy.actor.util.CausalityInterfaceForComposites._computeActorDepth(CausalityInterfaceForComposites.java:532)
	at ptolemy.actor.util.CausalityInterfaceForComposites.checkForCycles(CausalityInterfaceForComposites.java:96)
	at ptolemy.domains.de.kernel.DEDirector.preinitialize(DEDirector.java:1338)
	at ptolemy.actor.CompositeActor.preinitialize(CompositeActor.java:1828)
	at ptolemy.actor.Manager.preinitializeAndResolveTypes(Manager.java:1040)
	at ptolemy.actor.Manager.initialize(Manager.java:710)
	at ptolemy.actor.Manager.execute(Manager.java:356)
	at ptolemy.actor.Manager.run(Manager.java:1263)
	at ptolemy.actor.Manager$PtolemyRunThread.run(Manager.java:1915)
java.lang.reflect.InvocationTargetException
	at sun.reflect.NativeConstructorAccessorImpl.newInstance0(Native Method)
	at sun.reflect.NativeConstructorAccessorImpl.newInstance(NativeConstructorAccessorImpl.java:62)
	at sun.reflect.DelegatingConstructorAccessorImpl.newInstance(DelegatingConstructorAccessorImpl.java:45)
	at java.lang.reflect.Constructor.newInstance(Constructor.java:423)
	at ptolemy.util.test.junit.AutoKnownFailedTests.RunModel(AutoKnownFailedTests.java:105)
	at sun.reflect.NativeMethodAccessorImpl.invoke0(Native Method)
	at sun.reflect.NativeMethodAccessorImpl.invoke(NativeMethodAccessorImpl.java:62)
	at sun.reflect.DelegatingMethodAccessorImpl.invoke(DelegatingMethodAccessorImpl.java:43)
	at java.lang.reflect.Method.invoke(Method.java:498)
	at org.junit.runners.model.FrameworkMethod$1.runReflectiveCall(FrameworkMethod.java:44)
	at org.junit.internal.runners.model.ReflectiveCallable.run(ReflectiveCallable.java:15)
	at org.junit.runners.model.FrameworkMethod.invokeExplosively(FrameworkMethod.java:41)
	at junitparams.internal.InvokeParameterisedMethod.evaluate(InvokeParameterisedMethod.java:102)
	at org.junit.internal.runners.statements.FailOnTimeout$1.run(FailOnTimeout.java:28)
Caused by: ptolemy.kernel.util.IllegalActionException: Found a zero delay loop containing .HierarchicalModel.A
  in .HierarchicalModel and .HierarchicalModel.A
	at ptolemy.actor.util.CausalityInterfaceForComposites._computeOutputPortDepth(CausalityInterfaceForComposites.java:759)
	at ptolemy.actor.util.CausalityInterfaceForComposites._computeInputDepth(CausalityInterfaceForComposites.java:696)
	at ptolemy.actor.util.CausalityInterfaceForComposites._computeOutputPortDepth(CausalityInterfaceForComposites.java:765)
	at ptolemy.actor.util.CausalityInterfaceForComposites._computeInputDepth(CausalityInterfaceForComposites.java:696)
	at ptolemy.actor.util.CausalityInterfaceForComposites._computeOutputPortDepth(CausalityInterfaceForComposites.java:765)
	at ptolemy.actor.util.CausalityInterfaceForComposites._computeInputDepth(CausalityInterfaceForComposites.java:696)
	at ptolemy.actor.util.CausalityInterfaceForComposites._computeActorDepth(CausalityInterfaceForComposites.java:532)
	at ptolemy.actor.util.CausalityInterfaceForComposites.checkForCycles(CausalityInterfaceForComposites.java:96)
	at ptolemy.domains.de.kernel.DEDirector.preinitialize(DEDirector.java:1338)
	at ptolemy.actor.CompositeActor.preinitialize(CompositeActor.java:1828)
	at ptolemy.actor.Manager.preinitializeAndResolveTypes(Manager.java:1040)
	at ptolemy.actor.Manager.initialize(Manager.java:710)
	at ptolemy.actor.Manager.execute(Manager.java:356)
	at ptolemy.actor.Manager.run(Manager.java:1263)
	at ptolemy.actor.Manager$PtolemyRunThread.run(Manager.java:1915)
java.lang.RuntimeException: Execution failed
	at ptolemy.moml.MoMLSimpleApplication$UnloadThread.run(MoMLSimpleApplication.java:402)
Caused by: ptolemy.kernel.util.IllegalActionException: Found a zero delay loop containing .dependencyLoop.original
  in .dependencyLoop and .dependencyLoop.original
	at ptolemy.actor.util.CausalityInterfaceForComposites._computeOutputPortDepth(CausalityInterfaceForComposites.java:759)
	at ptolemy.actor.util.CausalityInterfaceForComposites._computeInputDepth(CausalityInterfaceForComposites.java:696)
	at ptolemy.actor.util.CausalityInterfaceForComposites._computeOutputPortDepth(CausalityInterfaceForComposites.java:765)
	at ptolemy.actor.util.CausalityInterfaceForComposites._computeInputDepth(CausalityInterfaceForComposites.java:696)
	at ptolemy.actor.util.CausalityInterfaceForComposites._computeOutputPortDepth(CausalityInterfaceForComposites.java:765)
	at ptolemy.actor.util.CausalityInterfaceForComposites._computeInputDepth(CausalityInterfaceForComposites.java:696)
	at ptolemy.actor.util.CausalityInterfaceForComposites._computeActorDepth(CausalityInterfaceForComposites.java:532)
	at ptolemy.actor.util.CausalityInterfaceForComposites.checkForCycles(CausalityInterfaceForComposites.java:96)
	at ptolemy.domains.de.kernel.DEDirector.preinitialize(DEDirector.java:1338)
	at ptolemy.actor.CompositeActor.preinitialize(CompositeActor.java:1828)
	at ptolemy.actor.Manager.preinitializeAndResolveTypes(Manager.java:1040)
	at ptolemy.actor.Manager.initialize(Manager.java:710)
	at ptolemy.actor.Manager.execute(Manager.java:356)
	at ptolemy.actor.Manager.run(Manager.java:1263)
	at ptolemy.actor.Manager$PtolemyRunThread.run(Manager.java:1915)
java.lang.reflect.InvocationTargetException
	at sun.reflect.NativeConstructorAccessorImpl.newInstance0(Native Method)
	at sun.reflect.NativeConstructorAccessorImpl.newInstance(NativeConstructorAccessorImpl.java:62)
	at sun.reflect.DelegatingConstructorAccessorImpl.newInstance(DelegatingConstructorAccessorImpl.java:45)
	at java.lang.reflect.Constructor.newInstance(Constructor.java:423)
	at ptolemy.util.test.junit.AutoKnownFailedTests.RunModel(AutoKnownFailedTests.java:105)
	at sun.reflect.NativeMethodAccessorImpl.invoke0(Native Method)
	at sun.reflect.NativeMethodAccessorImpl.invoke(NativeMethodAccessorImpl.java:62)
	at sun.reflect.DelegatingMethodAccessorImpl.invoke(DelegatingMethodAccessorImpl.java:43)
	at java.lang.reflect.Method.invoke(Method.java:498)
	at org.junit.runners.model.FrameworkMethod$1.runReflectiveCall(FrameworkMethod.java:44)
	at org.junit.internal.runners.model.ReflectiveCallable.run(ReflectiveCallable.java:15)
	at org.junit.runners.model.FrameworkMethod.invokeExplosively(FrameworkMethod.java:41)
	at junitparams.internal.InvokeParameterisedMethod.evaluate(InvokeParameterisedMethod.java:102)
	at org.junit.internal.runners.statements.FailOnTimeout$1.run(FailOnTimeout.java:28)
Caused by: ptolemy.kernel.util.IllegalActionException: Found a zero delay loop containing .dependencyLoop.original
  in .dependencyLoop and .dependencyLoop.original
	at ptolemy.actor.util.CausalityInterfaceForComposites._computeOutputPortDepth(CausalityInterfaceForComposites.java:759)
	at ptolemy.actor.util.CausalityInterfaceForComposites._computeInputDepth(CausalityInterfaceForComposites.java:696)
	at ptolemy.actor.util.CausalityInterfaceForComposites._computeOutputPortDepth(CausalityInterfaceForComposites.java:765)
	at ptolemy.actor.util.CausalityInterfaceForComposites._computeInputDepth(CausalityInterfaceForComposites.java:696)
	at ptolemy.actor.util.CausalityInterfaceForComposites._computeOutputPortDepth(CausalityInterfaceForComposites.java:765)
	at ptolemy.actor.util.CausalityInterfaceForComposites._computeInputDepth(CausalityInterfaceForComposites.java:696)
	at ptolemy.actor.util.CausalityInterfaceForComposites._computeActorDepth(CausalityInterfaceForComposites.java:532)
	at ptolemy.actor.util.CausalityInterfaceForComposites.checkForCycles(CausalityInterfaceForComposites.java:96)
	at ptolemy.domains.de.kernel.DEDirector.preinitialize(DEDirector.java:1338)
	at ptolemy.actor.CompositeActor.preinitialize(CompositeActor.java:1828)
	at ptolemy.actor.Manager.preinitializeAndResolveTypes(Manager.java:1040)
	at ptolemy.actor.Manager.initialize(Manager.java:710)
	at ptolemy.actor.Manager.execute(Manager.java:356)
	at ptolemy.actor.Manager.run(Manager.java:1263)
	at ptolemy.actor.Manager$PtolemyRunThread.run(Manager.java:1915)
java.lang.RuntimeException: Execution failed
	at ptolemy.moml.MoMLSimpleApplication$UnloadThread.run(MoMLSimpleApplication.java:402)
Caused by: ptolemy.kernel.util.IllegalActionException: Found a zero delay loop containing .dependencyLoop2.original
  in .dependencyLoop2 and .dependencyLoop2.original
	at ptolemy.actor.util.CausalityInterfaceForComposites._computeOutputPortDepth(CausalityInterfaceForComposites.java:759)
	at ptolemy.actor.util.CausalityInterfaceForComposites._computeInputDepth(CausalityInterfaceForComposites.java:696)
	at ptolemy.actor.util.CausalityInterfaceForComposites._computeOutputPortDepth(CausalityInterfaceForComposites.java:765)
	at ptolemy.actor.util.CausalityInterfaceForComposites._computeInputDepth(CausalityInterfaceForComposites.java:696)
	at ptolemy.actor.util.CausalityInterfaceForComposites._computeOutputPortDepth(CausalityInterfaceForComposites.java:765)
	at ptolemy.actor.util.CausalityInterfaceForComposites._computeInputDepth(CausalityInterfaceForComposites.java:696)
	at ptolemy.actor.util.CausalityInterfaceForComposites._computeActorDepth(CausalityInterfaceForComposites.java:532)
	at ptolemy.actor.util.CausalityInterfaceForComposites.checkForCycles(CausalityInterfaceForComposites.java:96)
	at ptolemy.domains.de.kernel.DEDirector.preinitialize(DEDirector.java:1338)
	at ptolemy.actor.CompositeActor.preinitialize(CompositeActor.java:1828)
	at ptolemy.actor.Manager.preinitializeAndResolveTypes(Manager.java:1040)
	at ptolemy.actor.Manager.initialize(Manager.java:710)
	at ptolemy.actor.Manager.execute(Manager.java:356)
	at ptolemy.actor.Manager.run(Manager.java:1263)
	at ptolemy.actor.Manager$PtolemyRunThread.run(Manager.java:1915)
java.lang.reflect.InvocationTargetException
	at sun.reflect.NativeConstructorAccessorImpl.newInstance0(Native Method)
	at sun.reflect.NativeConstructorAccessorImpl.newInstance(NativeConstructorAccessorImpl.java:62)
	at sun.reflect.DelegatingConstructorAccessorImpl.newInstance(DelegatingConstructorAccessorImpl.java:45)
	at java.lang.reflect.Constructor.newInstance(Constructor.java:423)
	at ptolemy.util.test.junit.AutoKnownFailedTests.RunModel(AutoKnownFailedTests.java:105)
	at sun.reflect.NativeMethodAccessorImpl.invoke0(Native Method)
	at sun.reflect.NativeMethodAccessorImpl.invoke(NativeMethodAccessorImpl.java:62)
	at sun.reflect.DelegatingMethodAccessorImpl.invoke(DelegatingMethodAccessorImpl.java:43)
	at java.lang.reflect.Method.invoke(Method.java:498)
	at org.junit.runners.model.FrameworkMethod$1.runReflectiveCall(FrameworkMethod.java:44)
	at org.junit.internal.runners.model.ReflectiveCallable.run(ReflectiveCallable.java:15)
	at org.junit.runners.model.FrameworkMethod.invokeExplosively(FrameworkMethod.java:41)
	at junitparams.internal.InvokeParameterisedMethod.evaluate(InvokeParameterisedMethod.java:102)
	at org.junit.internal.runners.statements.FailOnTimeout$1.run(FailOnTimeout.java:28)
Caused by: ptolemy.kernel.util.IllegalActionException: Found a zero delay loop containing .dependencyLoop2.original
  in .dependencyLoop2 and .dependencyLoop2.original
	at ptolemy.actor.util.CausalityInterfaceForComposites._computeOutputPortDepth(CausalityInterfaceForComposites.java:759)
	at ptolemy.actor.util.CausalityInterfaceForComposites._computeInputDepth(CausalityInterfaceForComposites.java:696)
	at ptolemy.actor.util.CausalityInterfaceForComposites._computeOutputPortDepth(CausalityInterfaceForComposites.java:765)
	at ptolemy.actor.util.CausalityInterfaceForComposites._computeInputDepth(CausalityInterfaceForComposites.java:696)
	at ptolemy.actor.util.CausalityInterfaceForComposites._computeOutputPortDepth(CausalityInterfaceForComposites.java:765)
	at ptolemy.actor.util.CausalityInterfaceForComposites._computeInputDepth(CausalityInterfaceForComposites.java:696)
	at ptolemy.actor.util.CausalityInterfaceForComposites._computeActorDepth(CausalityInterfaceForComposites.java:532)
	at ptolemy.actor.util.CausalityInterfaceForComposites.checkForCycles(CausalityInterfaceForComposites.java:96)
	at ptolemy.domains.de.kernel.DEDirector.preinitialize(DEDirector.java:1338)
	at ptolemy.actor.CompositeActor.preinitialize(CompositeActor.java:1828)
	at ptolemy.actor.Manager.preinitializeAndResolveTypes(Manager.java:1040)
	at ptolemy.actor.Manager.initialize(Manager.java:710)
	at ptolemy.actor.Manager.execute(Manager.java:356)
	at ptolemy.actor.Manager.run(Manager.java:1263)
	at ptolemy.actor.Manager$PtolemyRunThread.run(Manager.java:1915)
]]></system-err>
</testsuite>
