<?xml version="1.0" encoding="UTF-8" ?>
<testsuite errors="0" failures="0" hostname="travis-job-6f90deb7-377a-4f1f-94c7-5e2130cf7d79" name="ptolemy.vergil.basic.export.test.junit.ExportModelJUnitTestBatch2" skipped="0" tests="50" time="1226.829" timestamp="2018-07-24T01:57:51">
  <properties>
[...]
</properties>
  <testcase classname="ptolemy.vergil.basic.export.test.junit.ExportModelJUnitTestBatch2" name="[0] ptolemy/actor/lib/jai/demo/AdaptiveMedian/AdaptiveMedian.xml (RunExportModel)" time="8.458" />
  <testcase classname="ptolemy.vergil.basic.export.test.junit.ExportModelJUnitTestBatch2" name="[1] ptolemy/actor/lib/jai/demo/ImageReconstruction/ImageReconstruction.xml (RunExportModel)" time="4.633" />
  <testcase classname="ptolemy.vergil.basic.export.test.junit.ExportModelJUnitTestBatch2" name="[2] ptolemy/actor/lib/jai/demo/VQSequenceDisplay/VQSequenceDisplay.xml (RunExportModel)" time="5.086" />
  <testcase classname="ptolemy.vergil.basic.export.test.junit.ExportModelJUnitTestBatch2" name="[3] ptolemy/actor/lib/javasound/demo/KarplusStrong/KarplusStrong.xml (RunExportModel)" time="3.408" />
  <testcase classname="ptolemy.vergil.basic.export.test.junit.ExportModelJUnitTestBatch2" name="[4] ptolemy/actor/lib/jjs/demo/Factorial/Factorial.xml (RunExportModel)" time="14.169" />
  <testcase classname="ptolemy.vergil.basic.export.test.junit.ExportModelJUnitTestBatch2" name="[5] ptolemy/actor/lib/jjs/demo/JavaScriptShell/JavaScriptShell.xml (RunExportModel)" time="9.102" />
  <testcase classname="ptolemy.vergil.basic.export.test.junit.ExportModelJUnitTestBatch2" name="[6] ptolemy/actor/lib/jjs/demo/ModelBuilder/ModelBuilder.xml (RunExportModel)" time="13.133" />
  <testcase classname="ptolemy.vergil.basic.export.test.junit.ExportModelJUnitTestBatch2" name="[7] ptolemy/actor/lib/jjs/modules/aprilTags/demo/AprilTags/AprilTags.xml (RunExportModel)" time="44.328" />
  <testcase classname="ptolemy.vergil.basic.export.test.junit.ExportModelJUnitTestBatch2" name="[8] ptolemy/actor/lib/jjs/modules/aprilTags/demo/Kubi/Kubi.xml (RunExportModel)" time="44.031" />
  <testcase classname="ptolemy.vergil.basic.export.test.junit.ExportModelJUnitTestBatch2" name="[9] ptolemy/actor/lib/jjs/modules/audio/demo/Audio/Audio.xml (RunExportModel)" time="8.155" />
  <testcase classname="ptolemy.vergil.basic.export.test.junit.ExportModelJUnitTestBatch2" name="[10] ptolemy/actor/lib/jjs/modules/audio/demo/Audio/AudioCapture.xml (RunExportModel)" time="9.084" />
  <testcase classname="ptolemy.vergil.basic.export.test.junit.ExportModelJUnitTestBatch2" name="[11] ptolemy/actor/lib/jjs/modules/audio/demo/Audio/AudioClipPlayer.xml (RunExportModel)" time="8.918" />
  <testcase classname="ptolemy.vergil.basic.export.test.junit.ExportModelJUnitTestBatch2" name="[12] ptolemy/actor/lib/jjs/modules/audio/demo/Audio/AudioRecorder.xml (RunExportModel)" time="10.245" />
  <testcase classname="ptolemy.vergil.basic.export.test.junit.ExportModelJUnitTestBatch2" name="[13] ptolemy/actor/lib/jjs/modules/audio/demo/Audio/AudioSynthesis.xml (RunExportModel)" time="9.603" />
  <testcase classname="ptolemy.vergil.basic.export.test.junit.ExportModelJUnitTestBatch2" name="[14] ptolemy/actor/lib/jjs/modules/audio/demo/Audio/SpeechSynthesis.xml (RunExportModel)" time="42.422" />
  <testcase classname="ptolemy.vergil.basic.export.test.junit.ExportModelJUnitTestBatch2" name="[15] ptolemy/actor/lib/jjs/modules/cameras/demo/Camera/Camera.xml (RunExportModel)" time="34.73" />
  <testcase classname="ptolemy.vergil.basic.export.test.junit.ExportModelJUnitTestBatch2" name="[16] ptolemy/actor/lib/jjs/modules/cameras/demo/Camera/CaptureOpenLoop.xml (RunExportModel)" time="32.339" />
  <testcase classname="ptolemy.vergil.basic.export.test.junit.ExportModelJUnitTestBatch2" name="[17] ptolemy/actor/lib/jjs/modules/cameras/demo/CameraWebSocket/CameraWebSocket.xml (RunExportModel)" time="38.342" />
  <testcase classname="ptolemy.vergil.basic.export.test.junit.ExportModelJUnitTestBatch2" name="[18] ptolemy/actor/lib/jjs/modules/cameras/demo/Foscam/Foscam.xml (RunExportModel)" time="39.831" />
  <testcase classname="ptolemy.vergil.basic.export.test.junit.ExportModelJUnitTestBatch2" name="[19] ptolemy/actor/lib/jjs/modules/computerVision/demo/ComputerVision/ComputerVision.xml (RunExportModel)" time="35.252" />
  <testcase classname="ptolemy.vergil.basic.export.test.junit.ExportModelJUnitTestBatch2" name="[20] ptolemy/actor/lib/jjs/modules/contextAware/demo/ContextAware/ContextAware.xml (RunExportModel)" time="9.073" />
  <testcase classname="ptolemy.vergil.basic.export.test.junit.ExportModelJUnitTestBatch2" name="[21] ptolemy/actor/lib/jjs/modules/crypto/demo/AsymmetricEncrypt/AsymmetricEncrypt.xml (RunExportModel)" time="28.755" />
  <testcase classname="ptolemy.vergil.basic.export.test.junit.ExportModelJUnitTestBatch2" name="[22] ptolemy/actor/lib/jjs/modules/crypto/demo/MessageDigest/MessageDigest.xml (RunExportModel)" time="21.891" />
  <testcase classname="ptolemy.vergil.basic.export.test.junit.ExportModelJUnitTestBatch2" name="[23] ptolemy/actor/lib/jjs/modules/crypto/demo/RandomBytes/RandomBytes.xml (RunExportModel)" time="13.953" />
  <testcase classname="ptolemy.vergil.basic.export.test.junit.ExportModelJUnitTestBatch2" name="[24] ptolemy/actor/lib/jjs/modules/crypto/demo/SymmetricEncrypt/SymmetricEncrypt.xml (RunExportModel)" time="17.112" />
  <testcase classname="ptolemy.vergil.basic.export.test.junit.ExportModelJUnitTestBatch2" name="[25] ptolemy/actor/lib/jjs/modules/discovery/demo/Discovery/Discovery.xml (RunExportModel)" time="8.18" />
  <testcase classname="ptolemy.vergil.basic.export.test.junit.ExportModelJUnitTestBatch2" name="[26] ptolemy/actor/lib/jjs/modules/discovery/demo/Discovery/DiscoveryJS.xml (RunExportModel)" time="17.567" />
  <testcase classname="ptolemy.vergil.basic.export.test.junit.ExportModelJUnitTestBatch2" name="[27] ptolemy/actor/lib/jjs/modules/discovery/demo/Discovery/PopulateSwarmboxMap.xml (RunExportModel)" time="36.922" />
  <testcase classname="ptolemy.vergil.basic.export.test.junit.ExportModelJUnitTestBatch2" name="[28] ptolemy/actor/lib/jjs/modules/discovery/demo/Discovery/PostSwarmboxDevices.xml (RunExportModel)" time="40.909" />
  <testcase classname="ptolemy.vergil.basic.export.test.junit.ExportModelJUnitTestBatch2" name="[29] ptolemy/actor/lib/jjs/modules/discovery/demo/Heartbeat/Heartbeat.xml (RunExportModel)" time="24.453" />
  <testcase classname="ptolemy.vergil.basic.export.test.junit.ExportModelJUnitTestBatch2" name="[30] ptolemy/actor/lib/jjs/modules/dsp/demo/AudioFFT/AudioFFT.xml (RunExportModel)" time="9.737" />
  <testcase classname="ptolemy.vergil.basic.export.test.junit.ExportModelJUnitTestBatch2" name="[31] ptolemy/actor/lib/jjs/modules/dsp/demo/AudioFFT/SinusoidFFT.xml (RunExportModel)" time="12.748" />
  <testcase classname="ptolemy.vergil.basic.export.test.junit.ExportModelJUnitTestBatch2" name="[32] ptolemy/actor/lib/jjs/modules/eventbus/demo/VertxBus/VertxBus.xml (RunExportModel)" time="22.84" />
  <testcase classname="ptolemy.vergil.basic.export.test.junit.ExportModelJUnitTestBatch2" name="[33] ptolemy/actor/lib/jjs/modules/eventbus/demo/VertxChat/VertxChat.xml (RunExportModel)" time="11.403" />
  <testcase classname="ptolemy.vergil.basic.export.test.junit.ExportModelJUnitTestBatch2" name="[34] ptolemy/actor/lib/jjs/modules/faceDetector/demo/FaceDetector/FaceDetector.xml (RunExportModel)" time="11.352" />
  <testcase classname="ptolemy.vergil.basic.export.test.junit.ExportModelJUnitTestBatch2" name="[35] ptolemy/actor/lib/jjs/modules/faceDetector/demo/FaceDetectorCamera/FaceDetectorCamera.xml (RunExportModel)" time="40.733" />
  <testcase classname="ptolemy.vergil.basic.export.test.junit.ExportModelJUnitTestBatch2" name="[36] ptolemy/actor/lib/jjs/modules/faceDetector/demo/OccupancyCount/OccupancyCount.xml (RunExportModel)" time="41.418" />
  <testcase classname="ptolemy.vergil.basic.export.test.junit.ExportModelJUnitTestBatch2" name="[37] ptolemy/actor/lib/jjs/modules/httpClient/demo/REST/REST.xml (RunExportModel)" time="7.894" />
  <testcase classname="ptolemy.vergil.basic.export.test.junit.ExportModelJUnitTestBatch2" name="[38] ptolemy/actor/lib/jjs/modules/httpClient/demo/REST/RESTSimple.xml (RunExportModel)" time="11.748" />
  <testcase classname="ptolemy.vergil.basic.export.test.junit.ExportModelJUnitTestBatch2" name="[39] ptolemy/actor/lib/jjs/modules/httpClient/demo/REST/Weather.xml (RunExportModel)" time="9.545" />
  <testcase classname="ptolemy.vergil.basic.export.test.junit.ExportModelJUnitTestBatch2" name="[40] ptolemy/actor/lib/jjs/modules/httpServer/demo/HttpServer/HttpServer.xml (RunExportModel)" time="39.865" />
  <testcase classname="ptolemy.vergil.basic.export.test.junit.ExportModelJUnitTestBatch2" name="[41] ptolemy/actor/lib/jjs/modules/httpServer/demo/KeyValueStoreClient/KeyValueStoreClient.xml (RunExportModel)" time="41.227" />
  <testcase classname="ptolemy.vergil.basic.export.test.junit.ExportModelJUnitTestBatch2" name="[42] ptolemy/actor/lib/jjs/modules/httpServer/demo/KeyValueStoreClient/KeyValueStoreServer.xml (RunExportModel)" time="43.514" />
  <testcase classname="ptolemy.vergil.basic.export.test.junit.ExportModelJUnitTestBatch2" name="[43] ptolemy/actor/lib/jjs/modules/httpServer/demo/KeyValueStoreClient/KeyValueStoreServerTerra.xml (RunExportModel)" time="45.09" />
  <testcase classname="ptolemy.vergil.basic.export.test.junit.ExportModelJUnitTestBatch2" name="[44] ptolemy/actor/lib/jjs/modules/httpServer/demo/WebServer/WebServer.xml (RunExportModel)" time="37.696" />
  <testcase classname="ptolemy.vergil.basic.export.test.junit.ExportModelJUnitTestBatch2" name="[45] ptolemy/actor/lib/jjs/modules/imageFilters/demo/ImageAnnotate/ImageAnnotate.xml (RunExportModel)" time="41.706" />
  <testcase classname="ptolemy.vergil.basic.export.test.junit.ExportModelJUnitTestBatch2" name="[46] ptolemy/actor/lib/jjs/modules/imageFilters/demo/ImageFilters/Annotate.xml (RunExportModel)" time="40.764" />
  <testcase classname="ptolemy.vergil.basic.export.test.junit.ExportModelJUnitTestBatch2" name="[47] ptolemy/actor/lib/jjs/modules/imageFilters/demo/ImageFilters/Average.xml (RunExportModel)" time="40.888" />
  <testcase classname="ptolemy.vergil.basic.export.test.junit.ExportModelJUnitTestBatch2" name="[48] ptolemy/actor/lib/jjs/modules/imageFilters/demo/ImageFilters/BicubicScale.xml (RunExportModel)" time="41.072" />
  <testcase classname="ptolemy.vergil.basic.export.test.junit.ExportModelJUnitTestBatch2" name="[49] ptolemy/actor/lib/jjs/modules/imageFilters/demo/ImageFilters/Block.xml (RunExportModel)" time="41.331" />
  <system-out><![CDATA[ExportModeJUnitTestBatch: There are 756 demos. Exporting demos: 151 to 200.
####### 1 Tue Jul 24 01:57:52 UTC 2018 $PTII/bin/ptinvoke ptolemy.vergil.basic.export.ExportModel -force htm -run -openComposites -timeOut 30000 -whiteBackground ptolemy/actor/lib/jai/demo/AdaptiveMedian/AdaptiveMedian.xml $PTII/ptolemy/actor/lib/jai/demo/AdaptiveMedian/AdaptiveMedian
Running .AdaptiveMedian
1012 ms. Memory: 177664K Free: 144348K (81%)
Exported /home/travis/build/icyphy/ptII/ptolemy/actor/lib/jai/demo/AdaptiveMedian/AdaptiveMedian/index.html
8450 ms. Memory: 177664K Free: 109540K (62%)
####### 2 Tue Jul 24 01:58:00 UTC 2018 $PTII/bin/ptinvoke ptolemy.vergil.basic.export.ExportModel -force htm -run -openComposites -timeOut 30000 -whiteBackground ptolemy/actor/lib/jai/demo/ImageReconstruction/ImageReconstruction.xml $PTII/ptolemy/actor/lib/jai/demo/ImageReconstruction/ImageReconstruction
Running .ImageReconstruction
65 ms. Memory: 239104K Free: 168883K (71%)
Exported /home/travis/build/icyphy/ptII/ptolemy/actor/lib/jai/demo/ImageReconstruction/ImageReconstruction/index.html
4633 ms. Memory: 239104K Free: 132572K (55%)
####### 3 Tue Jul 24 01:58:05 UTC 2018 $PTII/bin/ptinvoke ptolemy.vergil.basic.export.ExportModel -force htm -run -openComposites -timeOut 30000 -whiteBackground ptolemy/actor/lib/jai/demo/VQSequenceDisplay/VQSequenceDisplay.xml $PTII/ptolemy/actor/lib/jai/demo/VQSequenceDisplay/VQSequenceDisplay
Running .VQSequenceDisplay
662 ms. Memory: 245760K Free: 146107K (59%)
Exported /home/travis/build/icyphy/ptII/ptolemy/actor/lib/jai/demo/VQSequenceDisplay/VQSequenceDisplay/index.html
5086 ms. Memory: 245760K Free: 109504K (45%)
####### 4 Tue Jul 24 01:58:10 UTC 2018 $PTII/bin/ptinvoke ptolemy.vergil.basic.export.ExportModel -force htm  -openComposites -timeOut 30000 -whiteBackground ptolemy/actor/lib/javasound/demo/KarplusStrong/KarplusStrong.xml $PTII/ptolemy/actor/lib/javasound/demo/KarplusStrong/KarplusStrong
Warning: not running ptolemy/actor/lib/javasound/demo/KarplusStrong/KarplusStrong.xml. See ptolemy/vergil/basic/export/test/junit/ExportModelJUnitTest.java
Exported /home/travis/build/icyphy/ptII/ptolemy/actor/lib/javasound/demo/KarplusStrong/KarplusStrong/index.html
3407 ms. Memory: 315392K Free: 209136K (66%)
####### 5 Tue Jul 24 01:58:13 UTC 2018 $PTII/bin/ptinvoke ptolemy.vergil.basic.export.ExportModel -force htm -run -openComposites -timeOut 30000 -whiteBackground ptolemy/actor/lib/jjs/demo/Factorial/Factorial.xml $PTII/ptolemy/actor/lib/jjs/demo/Factorial/Factorial
----------------- Tue Jul 24 01:58:13 UTC 2018 About to sleep for 5.0 seconds before running or rerunning.  Test is: /home/travis/build/icyphy/ptII/ptolemy/actor/lib/jjs/demo/Factorial/Factorial.xml
Done sleeping
Running .Factorial
1837 ms. Memory: 432128K Free: 255898K (59%)
Exported /home/travis/build/icyphy/ptII/ptolemy/actor/lib/jjs/demo/Factorial/Factorial/index.html
9169 ms. Memory: 432128K Free: 226488K (52%)
####### 6 Tue Jul 24 01:58:27 UTC 2018 $PTII/bin/ptinvoke ptolemy.vergil.basic.export.ExportModel -force htm -run -openComposites -timeOut 30000 -whiteBackground ptolemy/actor/lib/jjs/demo/JavaScriptShell/JavaScriptShell.xml $PTII/ptolemy/actor/lib/jjs/demo/JavaScriptShell/JavaScriptShell
----------------- Tue Jul 24 01:58:27 UTC 2018 About to sleep for 5.0 seconds before running or rerunning.  Test is: /home/travis/build/icyphy/ptII/ptolemy/actor/lib/jjs/demo/JavaScriptShell/JavaScriptShell.xml
Done sleeping
.JavaScriptShell.InteractiveShell invoked SwingUtilities.invokeAndWait()
Model ".JavaScriptShell" contains actors such cannot be run  as part of the export process from ExportModel or it has a WebExportParameters value that runBeforeExport set to false. To export run this model and export it, use vergil.
Exported /home/travis/build/icyphy/ptII/ptolemy/actor/lib/jjs/demo/JavaScriptShell/JavaScriptShell/index.html
4101 ms. Memory: 434688K Free: 277333K (64%)
####### 7 Tue Jul 24 01:58:36 UTC 2018 $PTII/bin/ptinvoke ptolemy.vergil.basic.export.ExportModel -force htm -run -openComposites -timeOut 30000 -whiteBackground ptolemy/actor/lib/jjs/demo/ModelBuilder/ModelBuilder.xml $PTII/ptolemy/actor/lib/jjs/demo/ModelBuilder/ModelBuilder
----------------- Tue Jul 24 01:58:36 UTC 2018 About to sleep for 5.0 seconds before running or rerunning.  Test is: /home/travis/build/icyphy/ptII/ptolemy/actor/lib/jjs/demo/ModelBuilder/ModelBuilder.xml
Done sleeping
Running .ModelBuilder
0
1
2
3
4
5
6
7
8
9
10
11
12
13
14
15
16
17
18
19
20
21
22
23
24
25
26
27
28
29
30
31
32
33
34
35
36
37
38
39
40
41
42
43
44
45
46
47
48
49
50
51
52
53
54
55
56
57
58
59
60
61
62
63
64
65
66
67
68
69
70
71
72
73
74
75
76
77
78
79
80
81
82
83
84
85
86
87
88
89
90
91
92
93
94
95
96
97
98
99
32 ms. Memory: 523776K Free: 258772K (49%)
2351 ms. Memory: 523776K Free: 249353K (48%)
Exported /home/travis/build/icyphy/ptII/ptolemy/actor/lib/jjs/demo/ModelBuilder/ModelBuilder/index.html
8133 ms. Memory: 523776K Free: 194505K (37%)
####### 8 Tue Jul 24 01:58:50 UTC 2018 $PTII/bin/ptinvoke ptolemy.vergil.basic.export.ExportModel -force htm -run -openComposites -timeOut 30000 -whiteBackground ptolemy/actor/lib/jjs/modules/aprilTags/demo/AprilTags/AprilTags.xml $PTII/ptolemy/actor/lib/jjs/modules/aprilTags/demo/AprilTags/AprilTags
----------------- Tue Jul 24 01:58:50 UTC 2018 About to sleep for 5.0 seconds before running or rerunning.  Test is: /home/travis/build/icyphy/ptII/ptolemy/actor/lib/jjs/modules/aprilTags/demo/AprilTags/AprilTags.xml
Done sleeping
JSAccessor: PT_NO_NET environment variable is set, so git pull and ptdoc are not being run.
No physical cameras found, using WebcamDummyDriver.
Running .AprilTags
ExportHTMLTimer went off after 30000 ms., calling getDirector().finish and getDirector().stopFire()
30038 ms. Memory: 1848320K Free: 319929K (17%)
Exported /home/travis/build/icyphy/ptII/ptolemy/actor/lib/jjs/modules/aprilTags/demo/AprilTags/AprilTags/index.html
39326 ms. Memory: 1848320K Free: 288996K (16%)
####### 9 Tue Jul 24 01:59:34 UTC 2018 $PTII/bin/ptinvoke ptolemy.vergil.basic.export.ExportModel -force htm -run -openComposites -timeOut 30000 -whiteBackground ptolemy/actor/lib/jjs/modules/aprilTags/demo/Kubi/Kubi.xml $PTII/ptolemy/actor/lib/jjs/modules/aprilTags/demo/Kubi/Kubi
----------------- Tue Jul 24 01:59:34 UTC 2018 About to sleep for 5.0 seconds before running or rerunning.  Test is: /home/travis/build/icyphy/ptII/ptolemy/actor/lib/jjs/modules/aprilTags/demo/Kubi/Kubi.xml
Done sleeping
Running .Kubi
Kubi: Kubi.js: Initializing... (Thread[AWT-EventQueue-0,6,main])
Kubi: Kubi.js: Handler added (Thread[AWT-EventQueue-0,6,main])
Kubi: Kubi.js: Connecting... (Thread[AWT-EventQueue-0,6,main])
Kubi2: Kubi.js: Initializing... (Thread[AWT-EventQueue-0,6,main])
Kubi2: Kubi.js: Handler added (Thread[AWT-EventQueue-0,6,main])
Kubi2: Kubi.js: Connecting... (Thread[AWT-EventQueue-0,6,main])
JavaScript: April is right by 94.5px (Thread[AWT-EventQueue-0,6,main])
JavaScript: Movement sent6.851184927493743 (Thread[AWT-EventQueue-0,6,main])
Kubi2: Kubi.js: issueCommand(): { face: [ { height: 63, width: 63, x: 54, y: 31 } ],
  pan: 6.851184927493743,
  panSpeed: '100',
  tilt: 7.4815557019095165,
  tiltSpeed: '100' } (Thread[AWT-EventQueue-0,6,main])
Kubi2: Proccessing command (Thread[AWT-EventQueue-0,6,main])
Kubi2: Got command object  (Thread[AWT-EventQueue-0,6,main])
Kubi2: Building URL... (Thread[AWT-EventQueue-0,6,main])
Kubi2: Making an HTTP request. (Thread[AWT-EventQueue-0,6,main])
ExportHTMLTimer went off after 30000 ms., calling getDirector().finish and getDirector().stopFire()
30066 ms. Memory: 1840640K Free: 1608589K (87%)
Exported /home/travis/build/icyphy/ptII/ptolemy/actor/lib/jjs/modules/aprilTags/demo/Kubi/Kubi/index.html
39030 ms. Memory: 1840640K Free: 1549017K (84%)
####### 10 Tue Jul 24 02:00:18 UTC 2018 $PTII/bin/ptinvoke ptolemy.vergil.basic.export.ExportModel -force htm  -openComposites -timeOut 30000 -whiteBackground ptolemy/actor/lib/jjs/modules/audio/demo/Audio/Audio.xml $PTII/ptolemy/actor/lib/jjs/modules/audio/demo/Audio/Audio
Warning: not running ptolemy/actor/lib/jjs/modules/audio/demo/Audio/Audio.xml. See ptolemy/vergil/basic/export/test/junit/ExportModelJUnitTest.java
----------------- Tue Jul 24 02:00:18 UTC 2018 About to sleep for 5.0 seconds before running or rerunning.  Test is: /home/travis/build/icyphy/ptII/ptolemy/actor/lib/jjs/modules/audio/demo/Audio/Audio.xml
Done sleeping
Exported /home/travis/build/icyphy/ptII/ptolemy/actor/lib/jjs/modules/audio/demo/Audio/Audio/index.html
3154 ms. Memory: 1840640K Free: 1418500K (77%)
####### 11 Tue Jul 24 02:00:26 UTC 2018 $PTII/bin/ptinvoke ptolemy.vergil.basic.export.ExportModel -force htm  -openComposites -timeOut 30000 -whiteBackground ptolemy/actor/lib/jjs/modules/audio/demo/Audio/AudioCapture.xml $PTII/ptolemy/actor/lib/jjs/modules/audio/demo/Audio/AudioCapture
Warning: not running ptolemy/actor/lib/jjs/modules/audio/demo/Audio/AudioCapture.xml. See ptolemy/vergil/basic/export/test/junit/ExportModelJUnitTest.java
----------------- Tue Jul 24 02:00:26 UTC 2018 About to sleep for 5.0 seconds before running or rerunning.  Test is: /home/travis/build/icyphy/ptII/ptolemy/actor/lib/jjs/modules/audio/demo/Audio/AudioCapture.xml
Done sleeping
Exported /home/travis/build/icyphy/ptII/ptolemy/actor/lib/jjs/modules/audio/demo/Audio/AudioCapture/index.html
4084 ms. Memory: 1840640K Free: 1058880K (58%)
####### 12 Tue Jul 24 02:00:35 UTC 2018 $PTII/bin/ptinvoke ptolemy.vergil.basic.export.ExportModel -force htm  -openComposites -timeOut 30000 -whiteBackground ptolemy/actor/lib/jjs/modules/audio/demo/Audio/AudioClipPlayer.xml $PTII/ptolemy/actor/lib/jjs/modules/audio/demo/Audio/AudioClipPlayer
Warning: not running ptolemy/actor/lib/jjs/modules/audio/demo/Audio/AudioClipPlayer.xml. See ptolemy/vergil/basic/export/test/junit/ExportModelJUnitTest.java
----------------- Tue Jul 24 02:00:35 UTC 2018 About to sleep for 5.0 seconds before running or rerunning.  Test is: /home/travis/build/icyphy/ptII/ptolemy/actor/lib/jjs/modules/audio/demo/Audio/AudioClipPlayer.xml
Done sleeping
Exported /home/travis/build/icyphy/ptII/ptolemy/actor/lib/jjs/modules/audio/demo/Audio/AudioClipPlayer/index.html
3917 ms. Memory: 1840640K Free: 777365K (42%)
####### 13 Tue Jul 24 02:00:44 UTC 2018 $PTII/bin/ptinvoke ptolemy.vergil.basic.export.ExportModel -force htm  -openComposites -timeOut 30000 -whiteBackground ptolemy/actor/lib/jjs/modules/audio/demo/Audio/AudioRecorder.xml $PTII/ptolemy/actor/lib/jjs/modules/audio/demo/Audio/AudioRecorder
Warning: not running ptolemy/actor/lib/jjs/modules/audio/demo/Audio/AudioRecorder.xml. See ptolemy/vergil/basic/export/test/junit/ExportModelJUnitTest.java
----------------- Tue Jul 24 02:00:44 UTC 2018 About to sleep for 5.0 seconds before running or rerunning.  Test is: /home/travis/build/icyphy/ptII/ptolemy/actor/lib/jjs/modules/audio/demo/Audio/AudioRecorder.xml
Done sleeping
Exported /home/travis/build/icyphy/ptII/ptolemy/actor/lib/jjs/modules/audio/demo/Audio/AudioRecorder/index.html
5244 ms. Memory: 1840640K Free: 266204K (14%)
####### 14 Tue Jul 24 02:00:54 UTC 2018 $PTII/bin/ptinvoke ptolemy.vergil.basic.export.ExportModel -force htm  -openComposites -timeOut 30000 -whiteBackground ptolemy/actor/lib/jjs/modules/audio/demo/Audio/AudioSynthesis.xml $PTII/ptolemy/actor/lib/jjs/modules/audio/demo/Audio/AudioSynthesis
Warning: not running ptolemy/actor/lib/jjs/modules/audio/demo/Audio/AudioSynthesis.xml. See ptolemy/vergil/basic/export/test/junit/ExportModelJUnitTest.java
----------------- Tue Jul 24 02:00:54 UTC 2018 About to sleep for 5.0 seconds before running or rerunning.  Test is: /home/travis/build/icyphy/ptII/ptolemy/actor/lib/jjs/modules/audio/demo/Audio/AudioSynthesis.xml
Done sleeping
Exported /home/travis/build/icyphy/ptII/ptolemy/actor/lib/jjs/modules/audio/demo/Audio/AudioSynthesis/index.html
4603 ms. Memory: 1890304K Free: 1361695K (72%)
####### 15 Tue Jul 24 02:01:04 UTC 2018 $PTII/bin/ptinvoke ptolemy.vergil.basic.export.ExportModel -force htm -run -openComposites -timeOut 30000 -whiteBackground ptolemy/actor/lib/jjs/modules/audio/demo/Audio/SpeechSynthesis.xml $PTII/ptolemy/actor/lib/jjs/modules/audio/demo/Audio/SpeechSynthesis
----------------- Tue Jul 24 02:01:04 UTC 2018 About to sleep for 5.0 seconds before running or rerunning.  Test is: /home/travis/build/icyphy/ptII/ptolemy/actor/lib/jjs/modules/audio/demo/Audio/SpeechSynthesis.xml
Done sleeping
Running .SpeechSynthesis
ExportHTMLTimer went off after 30000 ms., calling getDirector().finish and getDirector().stopFire()
30041 ms. Memory: 1838080K Free: 719199K (39%)
Exported /home/travis/build/icyphy/ptII/ptolemy/actor/lib/jjs/modules/audio/demo/Audio/SpeechSynthesis/index.html
37422 ms. Memory: 1838080K Free: 690423K (38%)
####### 16 Tue Jul 24 02:01:46 UTC 2018 $PTII/bin/ptinvoke ptolemy.vergil.basic.export.ExportModel -force htm -run -openComposites -timeOut 30000 -whiteBackground ptolemy/actor/lib/jjs/modules/cameras/demo/Camera/Camera.xml $PTII/ptolemy/actor/lib/jjs/modules/cameras/demo/Camera/Camera
----------------- Tue Jul 24 02:01:46 UTC 2018 About to sleep for 5.0 seconds before running or rerunning.  Test is: /home/travis/build/icyphy/ptII/ptolemy/actor/lib/jjs/modules/cameras/demo/Camera/Camera.xml
Done sleeping
Running .Camera
24086 ms. Memory: 1981440K Free: 496783K (25%)
Exported /home/travis/build/icyphy/ptII/ptolemy/actor/lib/jjs/modules/cameras/demo/Camera/Camera/index.html
29730 ms. Memory: 1981440K Free: 462189K (23%)
####### 17 Tue Jul 24 02:02:21 UTC 2018 $PTII/bin/ptinvoke ptolemy.vergil.basic.export.ExportModel -force htm -run -openComposites -timeOut 30000 -whiteBackground ptolemy/actor/lib/jjs/modules/cameras/demo/Camera/CaptureOpenLoop.xml $PTII/ptolemy/actor/lib/jjs/modules/cameras/demo/Camera/CaptureOpenLoop
----------------- Tue Jul 24 02:02:21 UTC 2018 About to sleep for 5.0 seconds before running or rerunning.  Test is: /home/travis/build/icyphy/ptII/ptolemy/actor/lib/jjs/modules/cameras/demo/Camera/CaptureOpenLoop.xml
Done sleeping
Running .CaptureOpenLoop
22083 ms. Memory: 2353664K Free: 1786966K (76%)
Exported /home/travis/build/icyphy/ptII/ptolemy/actor/lib/jjs/modules/cameras/demo/Camera/CaptureOpenLoop/index.html
27338 ms. Memory: 2353664K Free: 1760525K (75%)
####### 18 Tue Jul 24 02:02:53 UTC 2018 $PTII/bin/ptinvoke ptolemy.vergil.basic.export.ExportModel -force htm -run -openComposites -timeOut 30000 -whiteBackground ptolemy/actor/lib/jjs/modules/cameras/demo/CameraWebSocket/CameraWebSocket.xml $PTII/ptolemy/actor/lib/jjs/modules/cameras/demo/CameraWebSocket/CameraWebSocket
----------------- Tue Jul 24 02:02:53 UTC 2018 About to sleep for 5.0 seconds before running or rerunning.  Test is: /home/travis/build/icyphy/ptII/ptolemy/actor/lib/jjs/modules/cameras/demo/CameraWebSocket/CameraWebSocket.xml
Done sleeping
Running .CameraWebSocket
WebSocketClient: Connection failed. Will try again: Connection refused: localhost/127.0.0.1:8071
Connection refused (Thread[vert.x-eventloop-thread-2,6,main])
WebSocketClient: Connection failed. Will try again: Connection refused: localhost/127.0.0.1:8071
Connection refused (Thread[vert.x-eventloop-thread-2,6,main])
WebSocketClient: Connection failed. Will try again: Connection refused: localhost/127.0.0.1:8071
Connection refused (Thread[vert.x-eventloop-thread-2,6,main])
WebSocketClient: Connection failed. Will try again: Connection refused: localhost/127.0.0.1:8071
Connection refused (Thread[vert.x-eventloop-thread-2,6,main])
WebSocketClient: Connection failed. Will try again: Connection refused: localhost/127.0.0.1:8071
Connection refused (Thread[vert.x-eventloop-thread-2,6,main])
WebSocketClient: undefined: WebSocketClient.js: Error: Connection failed after 6 tries: Connection refused: localhost/127.0.0.1:8071
Connection refused (Thread[vert.x-eventloop-thread-2,6,main])
WebSocketClient: Connection closed because model is no longer running. (Thread[AWT-EventQueue-0,6,main])
WebSocketClient: undefined: WebSocketClient.js: Error: Unsent messages remain that were queued before the socket opened: [����JFIF��C		
 $.' ",#(7),01444'9=82<.342��C			2!!22222222222222222222222222222222222222222222222222����"��	
���}!1AQa"q2���#B��R��$3br�	
%&'()*456789:CDEFGHIJSTUVWXYZcdefghijstuvwxyz���������������������������������������������������������������������������	
���w!1AQaq"2�B����	#3R�br�
$4�%�&'()*56789:CDEFGHIJSTUVWXYZcdefghijstuvwxyz��������������������������������������������������������������������������?⨢���(��(�_����[\��B��.H���種���|�3��U�[
R�g-|\(˖I�YEz��"����g�������1Ogm�Hӄ'{7X�'�T�NrQI�E<}:�QI��w8�(���Т�(��(��(��(��(��(��(��(s��4�����S�,����6_�?�������z��f_�^��
�|}� (?������_�
��_��7�bs�?�Ψ�����
(��
(��A�,�l^K�w���;�����n��>+5?i=��v��4����ȍ�4`i������j=�<���?���_�q4Wm���Ϸ�Do��L��o����G�A����Y}���&��4����ȍ�4`i������h��?�p��/����]����>���Ə�3�}��#�����e�/�8�(��=���(s��4�����S�,����6_�?�������z��f_�^��
�|}� (?������_�
��_��7�bs�?�Ψ�����
(��
�|/� �?���V�*�|/� �?���V��Ǔ���Tm�E���EPEPEP��[�ѭ�A�-.��H'߹� 0ڌ�u�^�t�	x���n����6�T�#Č��d�Ͻt�����r�Uɴ��}9��e�ݛ"��0R�6�9���xoV�m5m�C��%6��@e}���{�Y��C�F�/�����u�xs�^#���>��J�8\��8�7��W~�u��-���ܫ�r9�v5�c�'Q4�6cJn�j/e���r�>�����Wpt}@&��s���}?�|k��WvYAm��d�~b�P#䌞~���	*�ma�ԍh�E�{QEZ���om.��E6�q���Ϊ���9$g>��Z�-��Y���Q,��a�UR�A��׶}M��Wa�	�����7��̮�i�%�B��9�lt5TxUS���RJ$������c|&K�>W'	�&�4�
�W�9��|/� �?���V��Ꮘ�������a���������ei5�̚�[��X���r?�z��*jE�y�����Z���Vn���;�k<��a:����Z�y�jv�j��h���2p3��$
��®���}����+Hh�X�h�ܦ�����9�����}s�Z"��@88=O�ӳ��m%��=���V�xwVKygk8���1׌���H���S�<Z�u`��R�I�����jaS͙>���Tl������Y � �Fde=U��A�M�b0uh$�/�o'ٜ����]?�}���6�щK�4�G��<
]�@�:���+P{�Gk��nd�D��0#��+����RIY�����Ğ������'P:䚳鼸���d�+���O�� �P��N����S77:�G�o-�6�wN3���:(�J�[��-���m��U.�k�5Y^m���	��X�-�v�L�����xf�nl�-����&�H��	�C����Oz�*+9Sn\�2��ԯ�]?��]=,m�"<��s�>�'c&�n�YP�3ՉR���j<[����K�k�4��wR��$�d�����޼�X��i��^YLa���9��q���?1S
.-6��r)�Qi�_���o���á鲫ŭ]i��6�.1�齸�p�?��C�'�:}�p�N������3T�.�5-FmCQ����`�.3���j�nkv�o��yۿy�v0��dzz֓�a9l�:�Q:}OY�4Oxr�I�m.�t������dUJU�8b�ֵoe��Z�4�:����I[��kiV@�$�"C��,a���y1�4��Ez%{O-�I�W=���7����kR�:���Q�M���_U��^!}���q�{W/�ɤk~���<A��.�Gqt�6`��0���IX�C�*�ַ���R�¨�=��<F��u�~���X?�Z��g����k�\^)����"���Ic����gv]���l�p7V�O�4�6���:��ǻ�b�wy�w�>�~s��b�(�3��:��:ppӥ����Z�xoN�W&��ֶ�Y�C�yGqyK,py �8�\o�k��s�v��æOw5�p�_t"7u��I�}�ZTQ�mW;���([Kh��m<�K�*o�:Ƶ5���M�u�y��kj��6p�{>}��>���݉,֑Os�V���Ō�����}����k\_h6~"��W�흺�,WOh�~ѽ#Dڑ�.�9�ҹ�9���"0�uq5�D�S͕��}��U�(n��{z|��mݻ��o���QEt�lQEQEQE���Gm;��趮j�_���O��͌�v���Q�$}QR�������~���/��
��_����������<����+�����~������F�Q_<~RQEQEQEy�Q]G��EPEPEP]/�?�vӿ���j櫥����w����m\���j�����G�+�kϫ�k��g��Y��_ �oE��7����
�+�������B��g���W�|���/Th�E���!EPEPEP��E�~�QEQEQE���Gm;��趮j�_���O��͌�v���Q�$}QR�������~���/��
��_��������}&x��a$��y8f��+,,�W�~���0��)E]�բ��]���E�}�>�m�?�b�cS�_�~]�j����MEC��o�����}���~"���Ƨ�>�[��ɨ�~�m�?�b�����_�أ���W�ի#��5����/��Q��o�����{������o�s<��(���
(��
(��
(��
�|�#���m?�[W5]/�?�vӿ���j���T���(�>��^�^}^�_m��??�����y�zy����C�~aEWy�QEQEQE��, ����JFIF��C		
 $.' ",#(7),01444'9=82<.342��C			2!!22222222222222222222222222222222222222222222222222����"��	
���}!1AQa"q2���#B��R��$3br�	
%&'()*456789:CDEFGHIJSTUVWXYZcdefghijstuvwxyz���������������������������������������������������������������������������	
���w!1AQaq"2�B����	#3R�br�
$4�%�&'()*56789:CDEFGHIJSTUVWXYZcdefghijstuvwxyz��������������������������������������������������������������������������?Ϣ�*�P����`��A\��V�֟���G�h������
��zQ�S���6��21���e�̿��?�#������?�#����
+Ȳ<�oS��Z�G���Z�G��Qdާr����܏�?�G���܏�?�T(��=�N���i���Ə�i���ƨQE�{z������r?������r?���P�� ��;���=�H�s��SU];�<c���U���i����QE�Q@Q@Q@���}/�����W�_��_��5B���"�^��dc�����0��+�<P��(��(��(��(wN����j�S�%m��m*M�����r�g%~c��d5(�u�,QU�7���F������̟�#_�
�΋U}�������Gҹ�IPI�{�8�XH�JW��QErpQE�������?��U����p3T+�����J*��ɓ��xxۿ��Q^/�����<og>�(���4���O�����Ĭ]��~�?����4}���'��jE�.�TT�f��xI�|>�?����4$�QR����'��h�4���O�����j�����?�IL��0A(�>��
?]���
(���*������a~��W����<��p��(��p���3���x��O�i)w�1�aq�{��K��~$�қW���P���)II1�۟z�5_��_��5F�u�2�;UԞ ��sf\����M��@�j���Z��i�oj�1)�j(���<c���}jq�A�-���#��\�ʢ�G���!f�g��RA�h��qU��~���&��p���Șp'���]kA�5����G��]55��HY�Y�1�T���Vľ� �62�����(:�s����g�i��|�O}���]�k4T�Z�qgswO�Z��M+H����rH�W�6-[P��̞k�!��n�)*A���Ϝ�]�xoB�ִ	/��U���+���"iv���{z�[/�WXo1乼���U�S�.��Ix�T��`�sb/a�eh
� �s��T�~���?ޝk=�����X�!}�#��/\|9����IW��CN�~�ui$w,F��O�_­j������<6��\���8�r@澞 ��Ͼ�Z���J��c�[+�=q������hS�I��9�)l<%��v��Y�4�L�����'�}z�����_yoE&�֚n�1j�����F���k���X����1ԁ���3Yk�GҼ��q�#���g�aR�y$��OAh��4�5��9qq��l�'�,q�٠��r��;��^���\�)I$��7h�O��"������[Xx�����kx��Ifp���nI<
�����Xt���隔�)K]Sr�H�`������)}�����u};IԿ�$��_M��D� (�Aҵ��S��w�<>!Ӯ`������Ϊ����d����N3���u_��_��5F��	���h�;E�kuj۝0�x�k�Z�P|0�*M~���Ma�Ͷ[�����Rs���xkXҬ���6�e�[jf�<�$lߓ��3���<��'��I��{t��/��$Ώ�wv��^���R�X��է�-ϙ8c��J3g��D:n����>T`ӯf[h�� f�)#9���㯥y���r�����-��wH�1H�>WP	S�2��|�yMa�J1z8���z������7v>��~�w;jW���h��1�O�����5���Z^��Aw��"p���8�i�~��7ww��]__]m�nn�K�\�PUUFO��kŝV�����N/�4�>����F{�ɍ���rI)H��xe�8 �UW�>��X�V���ZR�\��i���IvD�T���#��n�w^���׆�&���>X�}��M0�����j�8�8�Yio��^��յ�x��.o9��V�G�p#,YbF8�.pZ��)�v�u�]��J] %ޗ�Y�]B��2�˱�>�� n��������KX��$�G4�s<�ԗ�ʀ�9��ǵw4S������Rkf�ks��(���6P�����0�";��gZ�y ��g��t�/X�|�]�N�h���k��A�F�˂}�һ�(�&lI7{���b��?|C�+��$67?eK����-�e�9�v�w�sҼ���[�D�3iV�HI's���^�\���3�{����t����Wl���@_7���Acm�Cu-��~��G&ďp|���5�C<�f{ɢ1Iwq5ь�O2F}��-�ESU����p3Tj���K���f���e����
(�������9X�O����^������趯e�������~l��|AEW�Q@Q@Q@Q@yߏ$d� 
p>̿�W�W����C�ײ��M^�Y,E������Ɲ�0!b�K�ԕ����������5�ۦ�
(��51�_��_��5F��l���:2��U�������
��;O�i4��u"��e*��T�ߏ�?�G�T�ߏ�?�]�XO������[�����[K��<�#߹����������������+ǿ������
د��~���
��wk;ym������i���	N��?��	��Jt_����O���W��hX���Jt_����O��S�����B�6���@,z)�~�	���L_���������5������^�r�'w���K4ڲ=S������4�a�����A�&����;�������#�?�0���� ��G�&�����k���"�w��}r}���h?����_���/������E=��lkB�J�p=Es�V�|��	�Ż�^DT�J�yYf��Y�����������Y�ᠢ�+`��(��(��(��(��(���o��ӟ�c}M6��
<9�L(���B�(��(�6���֦�m�՟�M^'��=��AEV&�EPEPEPEPEP'�X�SM�?����m}>xs��QED�Q@Q@m�՟�MP���?Z��<O�d{?����, ����JFIF��C		
 $.' ",#(7),01444'9=82<.342��C			2!!22222222222222222222222222222222222222222222222222����"��	
���}!1AQa"q2���#B��R��$3br�	
%&'()*456789:CDEFGHIJSTUVWXYZcdefghijstuvwxyz���������������������������������������������������������������������������	
���w!1AQaq"2�B����	#3R�br�
$4�%�&'()*56789:CDEFGHIJSTUVWXYZcdefghijstuvwxyz��������������������������������������������������������������������������?��(���
(��
(��
(��
(��
(��
(��
(��
(��
(��
(��
(��
(��
(��
(��
(��
(��
(��
(��
(��
(��
(��
(��
(��
(��
(��
(��
�q�ʳ�G�QԶ�������=����cg�:��y���j��i�Ѧ�/��Ƶj�������F���Nj���"���Jm��c4�+{�fyc�����8����V_���?�XP^�[!H�ڤ�A��ս������
�t��6���=��|D��ge�͏�/������*��x����k�V��{��(�ս������
�c[��g�\W��,��ʲ��?���?�����<Ʊ��o��:?�[����������oŇ�q_���c�*��x����h�ʲ��?�����ս������
?�o��:?c[��U�?��tV���Ko���J�yR	���	��ن	u�h��_��O$v��c}8�F�q�ld.c'n}��ܒv9
*��=������l�K�b�]r'
X��� �U�?��-��v���y��/��O�ǵ�2(�����4��D���*T���Ui|�5�}]5�P�R�DdL8���ހ��9�s����ߋcH�K�LB�I��W��W��^"��?�f�Y.���FdO��S�6='ڀ�]�
*ݦ�w}iywo���^mČꪋ��Fs�MixOF����l�*�-����`32�e�x8>*���>��}�v�u���;u}uq<wRH��tq��,��keI<��k�L��ޙ�3I��gh��)$or��(�Q%��Y�Izꆭ�����F��k�Zx��L����S�P����o�k���J����:���5e��n9��`d�r+��%δ>gNKպ���h�����}c,W���cq|���nx�j�
����h�\�Z����8�9 s�]��]WC��K.���zT�b���Et$�����(�<�]b���O��{k��9���Nr��3�)�2�s�WH��JY�]��p������.r��\�!���Ew1�[�p�����ԗ�${��$�,ȡ�6��O+��t�*�	-n���m�)є�G�1)'���8��Ӽ{���\�km����yN9c�������R��Q��U�j`RH�4iMԓH���Q�������iNǧ�e�^r|���K�3n�!��.��_M�u�d����yq"2��d?�o����x|C�\��[�msp�H����T�@'�Ep�V����j���6����������x�f�;�Y�6��\3���g�%I�3�u��t�?Q�yƥe����<�bo��A�w�q�S�H�p�����5�=m
���<J�j	��CM�.���3����.u��t�=��y����rȆd�uP˸��+&�u�*x/�f0��&��
i��~b�T�W9�*4%V�Y�k翑��,|=�G��r�Ů]j>�6�.1�齎?�5�xwR�����g�;����~Y�w��ڶ�.��^Kyy(����<:���Q������ޗ�x��vZF�iyiaqp��,��IJ���V-��k;�3�v�.���6����77����"�$��IR@e���O��s��8V��JZ�g:^�욞�au�C������D1��f�m��2o�s�����v���6��m��z��)�����ǂ~�,� ��*�ɮO�Z�I�����\����������9���6��ʤT�o3����6���-�Z����y{m��ZS�*��O��s:Ǉ��.�����/S����3=��S����ď��譮z�=�F�<'��������6�Y��"��>Y��HH3�OQ�S^i�j0\�=���rK7s�n��ѿ��[:��p[�Ⱘ��T��zlz�/�q�ɫZ6��V�T�A�ߝ�o'<���+�$�[�rLK��OE*0�="�o�x����N���wR9+$H��#�X�z��˫��o�5��ח2ܔ=W�v|~�*(�F6b��`�d��[��	pGC[�ۄtl��+�����糷M�aEb˔/ok<�Ga�N+���R���A)V�����W��d�_����-�d�_����-�<�?�}�����/���)�{؞XB����ZїN��3$�wƽY�`�Ef_�$
U���A�cJR�8�%���9��nI������s��)�O"���� �+�z�ƙ^}gF��'��|\�>�QE�EPEPEPEPEP[Ճ[ս�������~�]��7�|7����W{���M�_�����I���Q�QE柞��)��n�����y^������5�)��n�����y^������5�C�L���E�_�2�(�<@��(��(��(��(��(��(�����ޏS��s�^��P����֟�i�Cwq���c6��=�rTV� ���o�����j6����I���E�������G�%:/���'�
�j+�C�<o�[��������闺%Ž���_n���gq�^{��Ǻ���[����{����ժj�GEL<_V�&�z���]��(��ώ
(��
(��
(��
(��
(��
(��
ެޭ��>��?����
(���
(��
���Ǻ���[����{�����T�Y����T�3(���>(��(��(��(��(��(����, ����JFIF��C		
 $.' ",#(7),01444'9=82<.342��C			2!!22222222222222222222222222222222222222222222222222����"��	
���}!1AQa"q2���#B��R��$3br�	
%&'()*456789:CDEFGHIJSTUVWXYZcdefghijstuvwxyz���������������������������������������������������������������������������	
���w!1AQaq"2�B����	#3R�br�
$4�%�&'()*56789:CDEFGHIJSTUVWXYZcdefghijstuvwxyz��������������������������������������������������������������������������?���K<2*������U��l����R����z�,qj�n܊���#���+S�
+�4]J�AӤ�L�w{hٙ�RX�$�`���	���d�
�B2k��x���N<�C�h�r�����c����`���	���d�
�����Xi#<6��/���6?���G���@��O��j���Xi#<6��/���6?���G���@��O��j���Xi#<6��/���6?���G���@��O��j���Xi#<6��/���6?���G���@��O��j���Xi#<6��/���6?���Tu�J�A�d�L�GKiY`PT�8 �9�%$�^�C?�)(�=O��+�=�(��U��l�����I���6_���������{)�u�������E�x'�h?�.�����+B���t����@�_W���g���/VQEfdQEQEQEQE��Ȼ��פ���
�׿�]����_�֔��TkC���G��E���EP]&�� ��+��2��O�Iw!�6��+�ܥ��OF�9�y�+z=��Q[a�Z���g�zE��
Ь��E�3��"��hW���$�Y����ՅQY�Q@Q@Q@Q@g���.���/��kB����u?����@5�/�G���,}Q�QE}��8QEV��#7�ٿn�m��'���ϧZ���ö�+�Ɲ�_�<v�>n���q�6q�ATv�H���3�]!t�mb��{_.��IIL(&"v�ԏ�)�;���իO�RkW��<F�Թ��g�M��Z��m>I�V�.�s���{ի��S��������}��ѯ������n0~�3�5��s�4�t����@�Vt�	�����l���$*q�`� ���Շе8�(���"�E,�]~`=s�ǽ|el=U6�^��S���z��O����z�V�xcZU��>_�.'���dе(o���g�v�^Tu ����-���d�Ֆ�s$�l����>=�v�1��V��=�������k?��Z_]�,Q�D��+�UPs��q]��T//��$�s��	��^l�֝e�sh�'�3�2\&xN�8���{�3���x���4c���}�Ư�Kmw�Cz�Z[�"�-�|��P�������1h�u�Q��Q��u�a��1����گ�X�XϣM��s����{(��+���c���}�Ə�{��������i�rC�S���w��k[Y.{���&}��*�Q��gO���N�mo�]���+�]G�_�fc���}�Ə�{������֜���7�"'/RsO����:h�G�2H�N�Y�<O������ױ_Q��Ϩ}�����{�������w�uo-��ۢ�
:��2�`�m�����hv쎞��i�sƲE	dl��v��]�Q��Z=���`V��>�p����@������������3�u�6�v�<�*&w@�:�j���}+{I�_�h�Q��H�?�W�;����37�G�*���&f���K�'ןCHo���SϸEA�Q�`�����8�A2�E�r9*�z�C�#���0�:�%������]0�r�~Ͽ	o��߉�=��������@���@2ǁ���Iox6�W�zM�X$l��L�hy�@0du?�x��f����Ӯ���S��n�|q��[K�ִ�T��/��Q�ʉ�Hʕ����{�S���wB־���m.�5uAut�
�:�n�F�X���v2:׃�J�ܧ��>0��S�U��ȸk�&�M��q��s�g�+��Ǎ�E��}#\���5(�ak�U�2�6���q��f���R�������V���}�߿�c��Y��)�_*��Cd\5�j���8�r��3�ޕ�?�{=F�>���n���z�i�ܮ����2�����ʹ�j��&���O�]۶��i�:0 ��){M���U��7����E]�Z��z%���W�bB��`��G��?�uV��QK���+��kZ���O�z��w�-����`{^�_��q�r�E[�J����(.X��[[�3��'N�����D�UĦ�P�6�SQ�te�8#�B$�����X�[^A�Eu+��� ���ˉ�X����QE|�UcR
RVZ�ߧR��I�}��z��=xj�j^��0��4��k�>���[��h�g��5o	�֚ƻj��j�";���/#_4��fb�.U��Fsֺ+iq撜;����iu��V-���kZt�*��G�;�'K��)�-�aiԢ!6�W��ߊŇO�������:��,�h�����)�$y@a���cں�+��m���KI�����Z�mo�>٠Xx�\�^�F�v�Kq���Dw���׃��<�9dl��;�V7�Ev��^�l�fI?�R`�뎕�Q[V�eR���9tkG��D����:\�L�|E��\Zȶ�?f[�%R�D���P��@v�wNs��[�x?D�س����$Ƶ�Eqcsb�R_j�ߢV�)�Pحq��z��jŴk�;��9��e�8��u|�c�z�ک�un��k�Z	��n�����O�ߏµh��}b�'-�wn��[����s�J(��E<�(��(��(�~�{�����z�y����ۿ�ԯ^�ϳ����/��ᠢ�+�6
(��
(��
(��
(��
(��>D��+�s�
(��
(��
(��=w�w�ǿ���jW�W���������J����<������P�
(���`��(��(��(��(��(�J(��W<���(��(��(�~�{�����z�y����ۿ�ԯ^�ϳ����/��ᠢ�+�6
(��
(��
(��
(��
(��>D��+�s�
(��
(��
(��:����Ϸ�Ļ�k��志�n��Ns�������K��;���Ȩ�:�U��Qԩ�����5gd�]����R��N���?�x�Ի�����������>��e{z��]����R��N�������I59,���ϲ.����
�c`��x=v�?�e���6��Ҫ�'O���Iʥh�[3�?�������Q���N����Z�(���-������/�Q�_���������G���;����jȢ��-�����>�G�3_�o���������������"�?����}�2�0�������w�����m�ӿ�?�֬�(�W�����������?��, ����JFIF��C		
 $.' ",#(7),01444'9=82<.342��C			2!!22222222222222222222222222222222222222222222222222����"��	
���}!1AQa"q2���#B��R��$3br�	
%&'()*456789:CDEFGHIJSTUVWXYZcdefghijstuvwxyz���������������������������������������������������������������������������	
���w!1AQaq"2�B����	#3R�br�
$4�%�&'()*56789:CDEFGHIJSTUVWXYZcdefghijstuvwxyz��������������������������������������������������������������������������?�(���:�_�O��}���?��۷{�}��?�X�c�%��:>�W������U��c����:r�V�/#hB.7g��°����K�t°����K�u�TW��3���E{8�{�
����-����
����-��סQG��3���A��y��+����gG�+����g^�E����������?�1������?�1�����zkc?��_��'��°����K�u��_�=�Gw���o�E��ٌ�s��ҽj�߉�.[�����]<�R�a9]7���*�5�dzё�L����3��ɇ�1�SW�:�.�癋��T�N�EU�EPEP��0��������Ы�~�W������H���8�|fi,l�Uޟ�6S�)�M�.㨨~���CG�����k��������C�?c��/�&���\��k����������?�0��?��2j*��������?��>�_����C�?c��/�&��+�+����"��}�����W�/�E���_����S��h�WEW؞��֝M^���9���?DQEY�QEQEz��������������5�|0�������빾�P��C_+�����~H��?�_S�Ϣ�+�?5
(��
(��6h���c��W��r^�0GPEʷ��o�Y� �����Z�2���z�X$�"	�<����zC�}����zC�}�NT}W����C3���T�ڒ��������Π�R�>#RU*� ��)��EPEo�/D���lt�Ǖ ���Аm��`�GP;V����;��%��{���N?ц�F9����O�!���h�0�������빾�P��C\ë�}J{�X���7���"�:���k����v���!��{��C:�� �dg�=k�k�O4�]�$�3�2����b���L�+I�UBe'�p0A����H�K�kr.nT�9��;����^��/����)QZM�j��)>s�����E&�}ɶ���̛K��O^h��ĭ���e*)UCY�w�5���J�*���rN*֟j��I�0��Cm��dpx8��S�ԩ(�/�E�^���k[�;��f�R,��Γ�iB�?§�j0Ǣ�_�Lڅ�V��h�)vc��I�|�ԫr�[F���?Y-V�?��w�WP�]�y�n�1�x�N��������f4�In����p�Ƃ'm�>��V�}
�Y�j�u:prQ�-�>����7�}�;������u�*���5�2��/� ,�8�r@澼��kOOyk���wy���ѿ�A]Eρ�K-���zT�bۥ+�%2y۝��*3��%�l��t�-綸c�J����,1�z�8�>�_���Y��]#x�Igqv�-��o��,T:���pst̚kp����+�u{o�j�x�t�t�ğe�Y2F�;��zz����A%���ҍ��#E"�2����7�:o����w�tۻ�mm���y"���,x��C����jz��4��`RX�4y�̓H���Q�����Q@ԒVh��jVz��4���g�\C�K�M��6G���6<d?�u����/���͔���v�$�y�V5/����l��"�{A�-燾��H�?n�5I���#��[��_���ku�F��X�v>��'
��4��~���a���,4�Z�:����i���S"<�ֲ�p���e�i%C/9���������^��/
[�;H,��BI����a��p�'��J+ns��!$�ok��%/��0t�go�Dy�+�e��36�v�J�^s�%K��=��ֺf��K[	 G���w���(�hB�G@F�?J|SMo �	LR�vȠ�����,�J2��^����{w[��m�����ݳ���s�L�mc9�2?�#������}�P��8	 '�Ĵ͒���������h���⫝����'�SV�I��c�c�[��1ۦ��v�d��Vc��F�c}kwo����Z�P�I)�(�:2�֫��S��L�l/�� �㺙��U�F�I�$lc����K/�畷����G�%�������o�6�,\�8�%ue���u?]����_y���	�Q���C�ik��u��-�q�{V-��v��K[��۵֯=��kT��<�Y�!�#vFs֩�Y�<������kw:���2D������޺i�S�}�V����O�ҖW]M9Z�y�i�-&��������F��;��o�"�0ب� �L��\��V�!���^�,yXdg��1N���~c��m��^��C�Ԕ�망�]�M�|+����/|i�ʬ�'�L�ygv�	s��8�k�5]J����㽎I`��{�t����������'��y���ѿ�AUc�kOߒ�=:=wM�����dխM��+t�*aD� ����7��z�וYlm�9&%�U=�c)s�q7��c�.|K�Z�^��)���$Eؑ�,	�r=My���j:������[�����Ϗ�uEE)]QL�����������BZ���'��&��f�Ж�<���Χ��TQEr��Q@Q@�-����Q��_�������]|��?��?�w�-����Q��_�������G(oT�Du�l�����G�-����W#E���S�5������A��h����.i9w
(��B�(��(����ro��o�	k�����������BZ��,��O�:���QE�~xQEQEx�Q]��aEPEPEPEPEPEP]G�?�97�{7�����Q�O�M�^���-D�y����OCШ���?<
(��
(��<V�(���0��(��(��(��(��(��(��j�hڌ�	##BP�'$�܏JƢ�WV2�F5��sٞ�c��Bv�(nU����@�@������rO��y�%'�q?�WU]�l���{?e8�*�UJ�h��փ��~C�h�փ��~C�k���͡�����Cܗ�e����rO��S��E�����\7��lU=1�}�s�(��O���X�0i�r�矚�6Q��N�5+�}�4�z�(��
(��
(��
(��
(��
(��?��, ����JFIF��C		
 $.' ",#(7),01444'9=82<.342��C			2!!22222222222222222222222222222222222222222222222222����"��	
���}!1AQa"q2���#B��R��$3br�	
%&'()*456789:CDEFGHIJSTUVWXYZcdefghijstuvwxyz���������������������������������������������������������������������������	
���w!1AQaq"2�B����	#3R�br�
$4�%�&'()*56789:CDEFGHIJSTUVWXYZcdefghijstuvwxyz��������������������������������������������������������������������������?�EU�aEPEPEPEPEPEPEPEPEPEPEPEPEPEPE��YZ���5�%�JI1�����b�W�ǋ��ڽ�B���g�>�߱\�ꅾ�U(��pjp��Y���FL�J� ��+��
(��
(��
(��
(��
(�fڅ�i1rj+v-W�������������z��x������-QU~��L�Z>��L�Z=�{��?�}�+��TU_��?֏��?֏k��������2�v�?����K��y��?��]��۴�F���+��&����#��ZP�h�7�?ɖk�������uo�k��Q�۩ݮΓ8��k<�J2w9xs_Vq������EU�g�3�h�g�3�k����}o�?�}�+��TU_��?֧����c�MN2������=h�m���(���
(��
(��
d����[�!�|Akap�,R��c 0��A��i��w����u{)�S6�QH�JH���\��{PV�=��R��&�u���0�����gP|ॊc9����X��5+���p降M����?�y<c��f~���%�̭����3h���G�!c�͉NIQ����A'�u���t�,YofR��]p�N8�z,�X�i��t1���G�!c�͉NIQ����A7�u�}@�KbR��32'̃�8?A�`�T�_z1��4��Y����Ey����VwWq*�{X�٥gUT^����s^��[��6� ����1 m��&@'�����˕.��q����Ӄכ�Z�7���+y�]��B5�:j��h�z��`��A���yM(^���ʸK�'�џW�y���5�B��i��D�#���&�-�3��T�V��RJ���9�+|x'�ml���c9���3��S�|/u��n+�6�����j謡#�D_y����>a]�����;���y��Z-�9�m���I}��:n��v�Gt��7��
ظ�Ƴ�i�w}b���)ۓ��G$kZ?�q�,$y]�$�Vfm���_L�ع�)����9�)l�-�j6���X�����PӃ��ϯZ�>7���V�xS]Ki�M�b�;� ��䏥cSMnWB�f���xvy��D�%�4�4:�Tl���@z��ϰ)$�������RA�R�[�~����E����V��	Ifp���nI<
���V����ĺf�-�q����7/4���du8�*�2_�O�顚Q���������{}KV�����ug�yq*8(�Aҷ4�[@����O����Sk��2�G��-�6�!�'�Ep�W/?S^>�3�{[��w�,��A�]IoV+�Q�3�m�ܳ�<�s�%Kg����5]*�U�rjv�ei�5´ʂ,����3���.��<�M'kۧh���,��A�]IoV+�Q�3�m�ܳ�<�s�%Kg��]��4��lg��XCz��F�r)�=��r���3���{;˝>�;�9�7���A*q���?1G8�Y����6��7|goi�����"�:�����x�h�������??٭�ɳ�G?Lט�-��>�y=���4�g���O���g������"���Z�|OО	FS~�3r��C!��Oh�}���ݾ��72����I)H�8��pGZ�ilf״�'O����H��gkyVAI&Ȑ���pG�jS�W��f4\T~-=;����^S\�VV����<A�گ�ƥ��-$�!G�����B����om�J�Ѵ�w����$ӭd���J���;��c�	,�rn��TMU���.�?����(f�(JKV��}�zQ�z��ޏ�����J��?�-����l�[y������-!�������}H�i�zn�}4�����t��@?1�p6�j+U��oCZ�%U%)Wo��~��};Ŷ�1�x2��ńy"������|���u�GMpw������QN�X�\�o�(����c��'�^�_�������gi��s|f���uG����[��LQF-T����͟|渭��Z{1%��d���f�~�-z4��.狉�%G���.��;x���6��,7R�����bG��>X�z����My<F).�&�h�T�$g�~��SQVd�t��?���L��S��h{��,}W�gQE�~�QEW��ː���i�l���Es����QW��r�J���I��z����*�8T�Rii��-}������Xx�G�N��[��$(��[�GJ�)bxw]%gv�s�̱���1�&wKU�_�=7������d���I�H�<�ՈW�g���f��+��P�%�h��7o�&ǝC-��ΣT��]��۳Ύ96�8�)�j�Mq�����E�C_�~�vZ���ݩ��~AEPt�Q@��֥�����R׽��O����O�(����
d����O�K����4�Ƹ���~fuQ\'�!EPy-��o�{b��?�i�U�+҆m���E����"�C�՛�:wm��-�̫�?�i�Q�?�i�U�*������/�3�Wr�������'�_ږ�?ۼ�>ݾV����Z���D���eZ���K��c���n���8�:�^p�m�X�'��0���8+$�?�-��~m�o�c�=��p�3��Z~ ������A�WBr�J3��&}��ڟ�W�QEjt�Q@��֥�����R׽��O����O�(����
d����O�����t��5.�ˢ�|�����T�_ʰ�/����5/����gQZ>T�_ʏ*?�/�G�}��f��>�ތ�+Gʏ���Q�G�����/��Կ���ѝEh�Q�q*<������������z/i��e����n�ߝ�{��W��.�������4�@�J���<�9J:�7�g-L�^N�������gP��}��;6o�˜���V���T"���FP��@��*�
(��'���KQA�֥�{�(�)��x��QE��QEQEQEQEQET��ZJW��������ϱ��/@��*K
(��
(��'���KQA�֥�{�(�)��x��QE����, ����JFIF��C		
 $.' ",#(7),01444'9=82<.342��C			2!!22222222222222222222222222222222222222222222222222����"��	
���}!1AQa"q2���#B��R��$3br�	
%&'()*456789:CDEFGHIJSTUVWXYZcdefghijstuvwxyz���������������������������������������������������������������������������	
���w!1AQaq"2�B����	#3R�br�
$4�%�&'()*56789:CDEFGHIJSTUVWXYZcdefghijstuvwxyz��������������������������������������������������������������������������?�(����(��(��(����o�<"��e���������=�k�=���o�<"��e�������H�X�"�-������}���xE�|
��-���|�ݷ�Z��ʹ��?���᭍�Fn����qT�����U�#�P��6��j�z,��p����c>c�Q��5�ϧ�D�.�&��Z}J�H��+���?���"?���֑�>���Ƴ��#����+��4=:�G�x-�J�p���,s�\}i	�+��%tQEP�]E�����<�+o�n�s�=+[������ʏ������٫��Z�$��g���W�^P����.�u�/�ZM?۷yQ�����W3^���&���?��k�+J2rN�f]^�h��w
(��=��(���+�p(�������֭eh�����kV�g0�y���G���<�_�QE�r�Q@^%��~���������ȿu����y�u��N�_QE����/�_����]]r�����g��WW\U�6|�c��/�䊚���o���&�ҽ/T��M��p�ךV�}��e?�B�(��X(����g�W��_��������/��k���{��#�騮g�W��_��������/��h��{�#��4_�o����\����_���3�f7��WQ^&2��ZR_և���=W$QEsQ@^%��~���������ȿu����y�u��N�_QE����/�_����]]a|2��P�g���Q���{�+��.�����լ���k刬��n�r?�����>{FS�)//�����o���&�ҽ7UB���b��-ԳL��c�@V?�����z���oj�1)�j(���<c�tI��ʓ�%ͦ�U�?�|R�|Lp�$��9_�^_k��Ph�i�өh�2&I�go@{�A��.��?�|R�|Lp�$��9_�^o�����t�{%גӈ̉� �A���˹�EZ���o-.��E6�q���Ϊ���9$g>��Z�-��Y��ZQ,��a�UR�A����b�]�|)c�\�\O<w2�A�ƌ�aK��x���$v6��2k��L���gh��)%K�n	8Q����F������������W�<1����-�Th��<���ۚ�#�..��Y��e��[��X�1>�����Q��rT�sv0��2�b�����[M,�N��1֦���+o���4qdŇ8�H�+�AF��4]D�}�[1�n�ۇO\g4��&�ysAl^93��(��9e�kĿ�/��?�1^}^�����r���R#��8V�u<Ҽ�������K`��4��b� ������#�>��(e��w���+��'���	�!��u�e$��[���u����X����+{x�t����9$�hh����3��?�,5K�("U���7O4��6�#�Ǿ+��_���?�����4��G���ה\o��)�e�<:��a���i\j2�vD��6o�e��x�L�<?�x��QC�:�}L��,��H�	�8�2)uO������My�kF|����Mփl�е(��a�D��c���Ç�l�%���9������ޱ�X�?RmF������y�D
Hٿ'��g�^}Eks�tѫ�jQA��ĉ5��{���6�nK���s�%I�;V����^������ym�A����9P˸��+��7�Ze�W�Snb9�@���c8 ��Qq�#��z���ʯ�u���x�h�0�G�����\���ex�O��	�����ߦj���楨M�j7�^^Ly��p:��֢�#-N�S�t�����uK�]>�����fYD��D%NX����ϦB�^��j����]����,��$�bRT�c�stQq*v���^ ү�8��}K��^\q���`Z���Rpzm��5��:σ��OY�.u����(��w�q�J�2�7daW=k��_���?�����Vҵ�e;���<S�æ�ޛ��K�Ͱ�-#��D=`Ӂ���K�Ƒh�����M4[��/w<�b����0�wV���},I���t�Gr�����!���#�����8<�Ag�䣖�Uмaq4W/�5ܶ�ኾ�Dn����ⶨ��]Z�X���↷�\�Y���o$�Lp�-c܁����k�4�[L�$�P��
���ȿu����y�mN\ɳjK���O���G�;�i����u=��EȒ4Eؑ�,	�r=MpR�=���������k��d���7b�EksH�̷e�]����7��cw�q�u��K�����CO�*\b�Dʅ);�)�CN_j�B�Iu�u*��Q�z���(�$�*� ��
(��F�`����G&6�z���{X���J�㷉m�*G�*��?����kC[��<���W����>V���T������q�QEvrQEu~����g��WW\������������_���>&QEd@QE��_�����>�A�/���_��W�W]����Q[Q@Q@Q@�?����kC[��<���V�?����kC[��<���W��������?�ӏ��+��Т�(��_���?�����<�/����f�����l��0��+"�(���ȿu����y�z��_����b����|'E/�(����(��(��(���<1�/_��Z��������B��1�/_��Z��������B���o��,w��W�����}Q]�ޅQ@f�q���BD�n3�zgЏZ����P��6����U��R��МS��?�0�?獯����U�j�����o�*��){8v${�&�����[����C�x���-��W?E���=���^_��k,p|d��x ��V=U(���K`��)�(��(��(���<1�/_��Z��������B��1�/_��Z��������B���o��,w��W�����}Q]�ޅQ@Q@Q@Q@Q@Q@��, ����JFIF��C		
 $.' ",#(7),01444'9=82<.342��C			2!!22222222222222222222222222222222222222222222222222����"��	
���}!1AQa"q2���#B��R��$3br�	
%&'()*456789:CDEFGHIJSTUVWXYZcdefghijstuvwxyz���������������������������������������������������������������������������	
���w!1AQaq"2�B����	#3R�br�
$4�%�&'()*56789:CDEFGHIJSTUVWXYZcdefghijstuvwxyz��������������������������������������������������������������������������?�
(���
(��
(��
(��
(��
(��
(��
(��
(��
(��
(��
(��
(��
(��N���y'�{	
���0=)IE]�b1�yl`�]�&��>����ؚw������5������C��?��(���N���}�Ə�M;�}����=�C�f�g���QZZլ6��	�La��<���mh���J�UV
qمQL�(��(��(��(��(��(����>��|/sy���i�K׉_Α0���`:����k���f�{q+'�ϖ,���'��ʺ���$���E��\uO��������ך�']��nm���Q��E���EP1�?�G�\��5�[�����<6�H�0	D,3��Yٗ���s�~��+�	��2_W��
�U��������M�f_�ύ���o�:��ܫEZ�̿�������G�e�����ߦ�
,Ú=ʴU��������M�f_�ύ���o��9�ܫE>H��C��㪰��2�(���~�z��~7Ӵ[�'������06��0H#��չa�����t��Ն�7ɫ��g웣?)>���K�NǟQZw>�l��u;�C�7����\��]�6�=���V��3�;3�c���_;��Yվ\c���٠wG�|��&���/���?�e���5��޺/��ּ?���[	-f��H܂�J �x�O��������l,m-��3Y�-w���$����8K۷c��=�=����讍��HX���c�� ����8�&���o�g˧�]y-8�ȟ2���5�+�|ۣQ}��tU�[��K��M��~l.pIϠ�֏�4�5�U��ZA,��`��UK(9��BM�4�&�[�m?���z�|��-o×��2\�#C�ƌ�QK������b��/�����in/b��E`�K�n	8Q�1^�	/f��P���J4Vݿ��Au���tɞܮ�9��
NO�*k�j���M����}Dں+(H��r?��돘V�H�E����_h�����I#�lm��g��g?�[�<)�iVn���`@.YNܜ�r9 sE�Y��V�xK]�J�i��e<��ԝ��s�Җ��:�iՖ���0b�$@Ӄ��9��ڎe�9_cɼG�!����+.���ϋ��u$ЮM���8U!I� ૊=z_�
+�#�/�-�[?jz���/Hmm�AH�?9<���+ίm&�����]����Ⱦ���?1H�$�:߄��zo��"���[h���O D\��e���ZZ�4�z޷��l$[��4i�̓H�*��
2'��^sEqm�3�,n�|m��WL�ִ�T���cP�ʉ�Hʕ����{�S�_�{C־ZG�].�55Aur���l둻qAbB�����^E%��s�~O��}P^܁s�k��һI�K��A�3ղ�&G�oz�K�C��m�ō������G�"H�,8
	=H5��3�D���������P��������Cz���V���rc��h�����е��a�4��c���Æ�l�%���9�����U��t�?���-s��z��� ܊f�he�+���+��7�Zm�W�Snb9�@���c8 ��V�ў�$�~���GO�h,�=*M�^-f��M���pa��M�����tC�+�}�p�N������3T��5BmCQ����`�.3���O�)��B1��'��ww��G��?c��6���u����k2ȫ��U�8b�ֳ�U>��^��j���/wu#�̲*���IR@e�G�`Z�?�T��ҊqR=zu��{Z�jZ��֭�k�K?-�ڽ�}�����6�I����O��.�k%׈'�U�6��G�?p��!�쏕A��9EW�4��Ym�=#O�G�-��"�l�[y������-#����zz��\ޡ�h�U��i����'���W�N���~c��m��U(XNw=#M����k�o|k`b�<�����Q��HX�^H�q�ן����x/�v�9�����{a %̏�w^��'�^�J�����Xٓ�V��mBmb��. ar�J/�9]���O�����Z�kx��C�?��V]r�GcҦ��/#خúߎl�!M�2��Z����Y�YbU<|���S^U�jV�5L���˩n6�����*)\���*Ņ�۵kM�<�R-�����Z�Z��Zg�}����qW�L�*���+�����gG�+�����g^�E{_S�����}^�`�7�Qz$�w�~y�-?���U\c����z���I��y���!l����x��MEe�����������\
��n�Y��/�O����G�"����������O�?����3������3���_��?��^��>���6���ƽ�~�<^�+r�6q�|$m�|������JW��ǜ��_�?��?�������כ�XƯ*�FQ��*ɞ���a�?����Ə�;�������5��S�����i������_��N��������y�{w�>��i������_��N��������y�{w�>�斿,skwD��v���w��(�[���(�0��F-3������gֆ��#��_q�b�*?=Ɗ(��=`��(��(������������C��(���0��(��(��(��(��(�G#�"��:��pA4�(C�{X�����?������Z���k>��yw+��:��}O��7���Ə�}O��7���ƩQX�I�=������A�����T���U<�����=.z{�Tu�g��Jq�;�a�ғ����c�������Y�QV����op��)(��(��(��(��(��(��(��ܢ�+�
����?��U꣨��?��UGs��'�u(�E��Q@Q@Q@Q@Q@Q@��, ����JFIF��C		
 $.' ",#(7),01444'9=82<.342��C			2!!22222222222222222222222222222222222222222222222222����"��	
���}!1AQa"q2���#B��R��$3br�	
%&'()*456789:CDEFGHIJSTUVWXYZcdefghijstuvwxyz���������������������������������������������������������������������������	
���w!1AQaq"2�B����	#3R�br�
$4�%�&'()*56789:CDEFGHIJSTUVWXYZcdefghijstuvwxyz��������������������������������������������������������������������������?�(���
(� A-�q�p���Е݁+��[�ض�ߗ��Y���Z\,q� ���kz�yӏ4��BpWeJ(��1
(��
(�_�I�+��IG��T�V~��������$tS��6�.��j^�|��QEFAEPEPEPSZ�����CSZ�����T>$8�H�kZ�����c��ݬ-k�?����k�����3h���O0(��)W�RR�ީ��ҏ�#��E�{�[�6��)��=�#�P��*�P��(��(������֏&O����"IJ4���d�G�ʚ��? �����L���jkX�]�J�$^��q�bSMӗ�ʄ�̵:j�ֿ��?��f�kX���
��,3]ؚs�X&ߖ���iS�ˢ�����֚�T���2��%�R/4��'��QEb0�_�IJ�z�[3J?ď�EW9�n��st����<�g�B�(�9B�(��(�P��Z���	��x��6M�̐O�nhH6�0� ��;V���x7�{���L?ц�F9����O�}�m*4iӕ��i+u����&��q�%��|����un}��M}Bh6Z��g.��,Sns��*��b��H�=��3+Y�5�"?��xǾ=�]�+��m�+k������_:К��/��_��5�?�|L�"|Lp�$}@9_����?_#��Μ���2�Fd@�᳷�z�2���k�-�S�Ǵ��w9z�7�֮��x�4��C���*T���Vm灼Io�2]1�����>tQ�S�G�$�S�kҩ����|���*�$��9�*햓{��^�����/:�Bꪋ��$��Z~��|G�>�p�$��Jm|�3*�P��8=9���:l��W�Ww���x�×��w7]<�m�G(̰��X$�;c��}��+���y�}��+�J�r��/L�)l�h��H�3��m>���J���p���ղ��}B��������^�b�:U��֨uSfЫ*Ƒw�9vI�"��=�8���)����{W��D�/�&���,n/��d6OU�W��&����-KI�1��C�'p���޶�Ǖ�֥���]$~�D��1���G權�IO]�ݏJ��5�k�;Jy�nC�����Nr��3�3Tsr��5Et�����esv���o��,T������1LM5�Q^���1o�Z�cPԵ4��G���ȡ�7��O+��+������{Y�l�H�H����?0iŭλᎡe�x�K������?8���D\��e��*މ���6Z����"���;Mcs$�'*�du?�p4W��{Z6^��~���]nz�ݗ�<ycy��N��욹�yq2Ȍ�C�,*���S��V����G���a�����U#.�F�N@'��^5SZ�����g������7�9#H��~��N�D���� Io�+�Q�3�m�ܳ�<�s�%Kg����5�#O��$����Y����<�lߓ��3���2�����O��?�����(9/�K������߇��a�e���Ԗ;�@؜<�e�-/�q���I�;U��M��|<���M�kMn��d²�T2�=����֛�]��7�y7P���6ӌgz��W�E��+�e�[��<�+ߏ���ւ4}*Ux����F�1��pa��M�H�r��j��'�5�m�Q�������T��=CZԥ�uK�n�%4�`p:�ު�:	J�C���wJ��<3e��V���Z�ơr��,��Y����D[���G��*�+AѵK�x'����fY$"5%I�?��W�RkCjU/Qz�ۯ<Qa��V��}���c�2��[0��`�*`[�\Z��L���M2_�V7~%���m⹏o�	,���>P	�y��9�{�g�/�4]���:�Z�S%���e?"��!���r��lt�K���-/S����;=��.d\|��ܓ�k�n���:�����q=�B�|#�x�������A�lrH�Գ��c���q�חk:�3�7�&��o,	y5źJF�j�l�A�l�q\�V1u.�z���M����T�W�m2!�-ѹ_%S�+�;@�O~���VěXI��KE&R�=J�Oj~4���ǉ��[}��w629K,H�bG��%#�ך��6��_j-��]Ks���-��5^�R�
(��!SZ�����CSZ�����T>$8�H�kZ�����c��ݬ-k�?����k�����3h���O0(���i��W�l�����m/,�L�בVÚ�����+��zW¿�.������T�G]*KI�����o��ڇ���Q���@mC�_�+�*>������>}o���6�������G5��j?�
��_BQW)+\�MT�3>{��s\��6������9��Q��W�
��~�}Yw>{��s\��6������9��Q��W�
��=��.���.�iOs�^�
�t�@ʣ'$�Z�^��/�I���l��jW����o������gR�"��4QE#��?����Ρ��?����Ϊ~$u5�����1��n�����\��5�c?�zX�ᙴQEy'�QEz�¿�.������h��U,�tG��}/E|�T�����(��F���+X����>�^�����W��Q���W��Q��П��j����F�x]����{�
ϭ�����3����EPqMi���E�uӳ�ӳ�������\��5�EuV�{H���E\O��-��(�C�(��(��*������]�W���������袊��(��(��+B��C��gօ����{�
hʿ�Y��*� ��(��(��(��(��(�W������v�_��?��Rf�~4S��*Nࢊ(��(������Z?����)�*���, ����JFIF��C		
 $.' ",#(7),01444'9=82<.342��C			2!!22222222222222222222222222222222222222222222222222����"��	
���}!1AQa"q2���#B��R��$3br�	
%&'()*456789:CDEFGHIJSTUVWXYZcdefghijstuvwxyz���������������������������������������������������������������������������	
���w!1AQaq"2�B����	#3R�br�
$4�%�&'()*56789:CDEFGHIJSTUVWXYZcdefghijstuvwxyz��������������������������������������������������������������������������?Ƣ�*� ��(��'�#�vN1�T�SP��u�{���S�\D!5t�PW�L��K�����j?����=�֪4W�d`����t{(�/i�/�{��G���2�ǿ��F�?�0����e���/�e�����2y�+��ƭk?��O��ו��p�z
t�g{n�>�Τ#tOEW��Q@Q@Q@Q@Y�p��ғ��~��p�}4�g�|�TU_9���Q�?��J,/�
]���-UMC�=����i|����P]�4@���r���SZ�s���ԧEW��QEV���z'���&�����?�^&}���/əV�I袊�#�(��(��(��(����9r@��I��Z�E;�/M���_"�����h�_���Z����>�w�|��K�w��.і H��Z5SP��u�{��˟�T=Mh`�¢�oC6�(��=���D���+N�X��H���>��EyX��n��-,�)ÙX�������}
<���B�h�/�&�����my���T���|?��?�X�Q���a�skχ�z���(������}
Ţ��3`��^|?��?�J&���I�V%I�|G���u2ʡ����$�6����Np��<-�A����N�y��h�0������<3�S:L�ŕ����I"))# f6;s�H���
*̖0�}�H�[���ng��K�s�=;�m�jWo���P�U�P|�xǾ:���U5��_�������4X��SbS��R����g�>�ƥo�Ӓ�FdPbp����ٗ�Gމ�ԑ�Q]#��H��h��c�� ����8�&�v�o�gM�2]�-8�ȟ2����}��P{M}��0�5j�O�����������+:���䑜�Mhx_G��ugӦiD�[�m��t�������^�#NN�n%��C�v>!�������u+�|q�Y�-.ӐI�v�CXq�Z�I��e3K}��+��.�$�G"���R�����;�TWAm��i�P��'{f]��P�=B����i��ּ)��kqu���m5e���9�'��b)E]�o`9z+CQеM+R]:��X��"����m�s�U�O��!�����2H-A�]Nܜ�r9 s�W�a�����*+}<�)tuգ�$k&��+�%}v�w�F���j�p^Xi�5��r	��9��\g�'Z�W�_x$�������x��gqt�<����A�9a��(?��?���*��%��cj��FУ�b���Σ����,q�٠��r��;��^���\ˣG,�8�����) ���+�N�7�yka��+�˘m���&��"-�$�*����*�W�'�5lR6K]Ss$� `du?�dQ@ԒVhܲ{}o�Mo�j�~���.���o."%G��2~���j���<���}Ž����eT�qN[$mRCN3�����*�lM���o�[Io+�Q�7n�l�,�7�R�����Eմ�?Y�����vVڑ�W�P@����~Py�q�q\�T�?������pt��h��އ	ݤK�jQA��ĩ5��{�5�6�nK���s�%I�;V����>����ӣ�ym�@Y���9P˸��+��7�Ze�W�Snb9�@���c8 ��Wռ�U��km[ѝ'U�,�&-M�^-j��M���pa��M������Q�����,���~a�f��]�jz�چ�y5����\g�<:�F�*XiF�����_p#����3C�7�,��F���O����{Y�EQ$�Q	S�V-��k+Ƴ鐝/B�5K�{In��{Y�EV�B�)*H��ֹ�+ͧ�Pq|׳����Ǫ�����T�Z�����8�6�h�m����C��9��Z��L��}��x�L����S�(��x��O�$��Ѝ�*�ɮ*��e��n2�<��P����]I�?����-N�D�d�����-!���zz��\Ϋ��z]����%�f�q<��A3=��oS�����meQ[G�Ԕ�망��={H�<)�x������V�a����,�Gw�!  �y=GMy���Au�/�-�r����۬��?��[:烂�'��Eg�F|�W��z��E�[�%��w�˪Z��	�V�-T>v���y��^k�ֶ$����RԐ����Z�
�Ŵ�Ϳ=Dև��]h�?������)$��k9��Ih�<e�1�G��5.$�{�٢1Iwq5ь�O2F|��S诙8�+���)�QEZ��Y�Y��O�S.�[��
�!��?�Z������Y�_J4�j�}�.xʰ����[�������²����H����N:d�����얻��f>c���^�,�����w`�u*ɩ�{A���úTvsȖ�e��>cp@��!{oP�E�ݎ���gFRT�w~��z<��(�E�B�(��(��(����>#�|:����>#�|:����ڢ�+���(��(n��<����5Z��<����5���}���$�XV�_�S��Yu����tU��o�";�����M��p��{�����}�?�ɿ��Q��u����4�[�2�(�p�
(��
(��
(��
��������:��������*|�Ocj�(��8�(��(������f��k����f�׷K�q�G�[���aZ��O�Ee֤_�S��Vwe��������7�5�j?����C]���x\��&�F�G�=����k����=o���(��è(��(��(��*H?��?����H?��?����?A=��(��@�
(��
(��6�?��?����U�?��?����^�/���o�KՅs���/����A\���|����uˎ�Q׀��T��������MG�=����k��x���?��QE}I�QEQEQE$������u$������T�����Q_ p��, ����JFIF��C		
 $.' ",#(7),01444'9=82<.342��C			2!!22222222222222222222222222222222222222222222222222����"��	
���}!1AQa"q2���#B��R��$3br�	
%&'()*456789:CDEFGHIJSTUVWXYZcdefghijstuvwxyz���������������������������������������������������������������������������	
���w!1AQaq"2�B����	#3R�br�
$4�%�&'()*56789:CDEFGHIJSTUVWXYZcdefghijstuvwxyz��������������������������������������������������������������������������?�(��i��j�h�t�2�85)]��n��Z+���t���ߕ�
?�t���ߕ�
�����_]�c�(�S����i�~W�(����i�~W�(�����c���+���t���ߕ�
��½J�{�Ѯ���`��+��(��(��(��(��(��(��*��!�����BN�i����n�t,�p�95P�����h���o�-?������o�-?����{���x���\���ki�������4ki�������4sǸrK�r���O�[M������_�,�?�巟�w`�\��
(���(��(��(��(��(��(��(��(��O�B�/��i�}��S)�1���F��V���]'�!Z������������K�{��m���{z}��0�Ύn���is�7+�; pc$�d��zU��E��筿����Zũ+��S�R��c����Z��z���M��-}�=m���
vb��/�0���E��筿����G�"�������o��>�K��:+s�k���o�}7�Q����������(����c����Z��z���M��-}�=m���
,��4��â�?���������cMA<���b���X�U���(���QEQ[>�-���i�O*C6����c ��Ҭ閾�+Eo�ͬY]N��i$E%$d.cc�>��rIأ���w��.͸�@�oj����?g=�������?dR�3*�2c9����Wz��I5�+�͹WxP��uL g����zו_�U���<<�.~ϕ_Њ��t��M������SN�[��1bv���{��e����]�x����&���W�0�/�F1���W�KP�uG�&[98
0A瞼���Ri7�\�y �(�ɴ����9�p.�䧲���qV����TR���e�[hP<�����z���aj��I�19�Cm��dpx8�@�Qm�ܩE]Ҡ��tE�.�u�+c`<�<��/C�O�k:K�#��������V��(�)vc��A~�V�%~=R��\Gh�"2FH�M$zm�Νk-���Kz`�k�F"g�x��U�>�J}
4U��+�[�m4,�a:����Z��H����EŹ�,�X��'<�ɠ�Wإ^}���N���?��k�ƍ�/�c�m߻p������T����Oi`�YLr	��9��^��Y߁\�w9�+y��$��崩�(3���ԁ���3X5'��{�&��G��ừ�Dk�${�4�4:�X�'q<�OQҹY#hf�$��7_FRA������<yk�������khĥ��"-�$�*-�@��/5iz��+%��)��i�02:�Ұ��N-��u�Ͷ���u=N�K��[�U��r�G"�x�.*�m��O�n{mf�kkm3Q�i��V5� �=*�'���\�����k�+ϩ�Q�-5V�3���,?#J����H�4����Q<��s�>�'c&�n�YP�3ՉR���j��/4�+���[�;K{=.�Y�,ky��f�8|�ޤ��bZ{W��G$�j��������¦F�8n���|�d�-��2�y�X�/�l��߷Z�ǅmlkK�{X��f�.Tto�Կ����Ӣ�h$�)�U��T���?1[��:�I��n{��S��'�x��+c��j���s9Ԧ�6�����~�]���&�o>p@O�<����G{s}sys{{s�KqpT�U��@UQ����U�cRw��Ѝ/la�n������v�;����ҫ�fIJD�b����I�i�F�ky��S�[J�i$�c���PT��5bε�Xqua��&�H�/����>���[8�=�,>���>��T���:���K�kd��y�Y$�C*�vFs֭�AO��~������Ew��Vr�qsl3H�F�t�n�#�xcH�(�V��uI��w�����S�A���おڢ�k�cB���4��K���吆H?�a��^R��H ������x��G4���\�n%��d~[�烆|��ϵ�	���g�ЍK;��=���:�5}2_�wڼ������Bݵ�Ah��6p���y�KiL�$�����tR;�S����$�X�}׈�-�y!���G?iG.ďpLc��k��L��\�K���f�1���HϏ�v)h��مQH��?��������������@�������>ڟ��
(����/R����p3IK�����?��������>�����aEW�`QEQEQE�ڏ�������F���Q�����v����2��������
(��
(��7�3�/_��^�^��z��Z�
���/��3���@��*�2�/��_��4����|/����J�˾)��S���FQEz�EPEPEP^}���N���?��k�kϵ�	���g�ЍL�C/��Z�(�=@��(��(�?������}���z㦼�L��������f?��}����$�����?���b(Vu�(F���9qx*X�hڵ����ۭ���:h�u�����Mp��ӧ�D��Q�	7�:�O��e�1?��������i~�u7�����㧹�W)�	7�:�O��uuۀ�R����{~��R�*t��e�(���N��(��(��(�>��'w�]��B5�5�ڏ�������F�G���L�ET��QEQEQEQEW�W�ץUD�s����(�<Т�(��(��(�>��'w�]��B5�5�ڏ�������F�G���L�ET��QE��] (Thread[vert.x-eventloop-thread-2,6,main])
26170 ms. Memory: 2150912K Free: 1320738K (61%)
Exported /home/travis/build/icyphy/ptII/ptolemy/actor/lib/jjs/modules/cameras/demo/CameraWebSocket/CameraWebSocket/index.html
33341 ms. Memory: 2150912K Free: 1290095K (60%)
####### 19 Tue Jul 24 02:03:32 UTC 2018 $PTII/bin/ptinvoke ptolemy.vergil.basic.export.ExportModel -force htm -run -openComposites -timeOut 30000 -whiteBackground ptolemy/actor/lib/jjs/modules/cameras/demo/Foscam/Foscam.xml $PTII/ptolemy/actor/lib/jjs/modules/cameras/demo/Foscam/Foscam
----------------- Tue Jul 24 02:03:32 UTC 2018 About to sleep for 5.0 seconds before running or rerunning.  Test is: /home/travis/build/icyphy/ptII/ptolemy/actor/lib/jjs/modules/cameras/demo/Foscam/Foscam.xml
Done sleeping
Running .Foscam
Foscam2: snapshot.cgi?user=admin&pwd=&undefined= (Thread[AWT-EventQueue-0,6,main])
Foscam2: Making an HTTP request. (Thread[AWT-EventQueue-0,6,main])
ExportHTMLTimer went off after 30000 ms., calling getDirector().finish and getDirector().stopFire()
Foscam2: undefined.cgi?user=admin&pwd=&undefined= (Thread[AWT-EventQueue-0,6,main])
Foscam2: Making an HTTP request. (Thread[AWT-EventQueue-0,6,main])
30015 ms. Memory: 2150912K Free: 768707K (36%)
Exported /home/travis/build/icyphy/ptII/ptolemy/actor/lib/jjs/modules/cameras/demo/Foscam/Foscam/index.html
34830 ms. Memory: 2150912K Free: 738074K (34%)
####### 20 Tue Jul 24 02:04:12 UTC 2018 $PTII/bin/ptinvoke ptolemy.vergil.basic.export.ExportModel -force htm -run -openComposites -timeOut 30000 -whiteBackground ptolemy/actor/lib/jjs/modules/computerVision/demo/ComputerVision/ComputerVision.xml $PTII/ptolemy/actor/lib/jjs/modules/computerVision/demo/ComputerVision/ComputerVision
----------------- Tue Jul 24 02:04:12 UTC 2018 About to sleep for 5.0 seconds before running or rerunning.  Test is: /home/travis/build/icyphy/ptII/ptolemy/actor/lib/jjs/modules/computerVision/demo/ComputerVision/ComputerVision.xml
Done sleeping
Running .ComputerVision
Manager.initialize() finished: 15077 ms. Memory: 2072576K Free: 1432258K (69%)
17667 ms. Memory: 2072576K Free: 1164125K (56%)
Exported /home/travis/build/icyphy/ptII/ptolemy/actor/lib/jjs/modules/computerVision/demo/ComputerVision/ComputerVision/index.html
30252 ms. Memory: 2072576K Free: 1118367K (54%)
####### 21 Tue Jul 24 02:04:47 UTC 2018 $PTII/bin/ptinvoke ptolemy.vergil.basic.export.ExportModel -force htm  -openComposites -timeOut 30000 -whiteBackground ptolemy/actor/lib/jjs/modules/contextAware/demo/ContextAware/ContextAware.xml $PTII/ptolemy/actor/lib/jjs/modules/contextAware/demo/ContextAware/ContextAware
Warning: not running ptolemy/actor/lib/jjs/modules/contextAware/demo/ContextAware/ContextAware.xml. See ptolemy/vergil/basic/export/test/junit/ExportModelJUnitTest.java
----------------- Tue Jul 24 02:04:47 UTC 2018 About to sleep for 5.0 seconds before running or rerunning.  Test is: /home/travis/build/icyphy/ptII/ptolemy/actor/lib/jjs/modules/contextAware/demo/ContextAware/ContextAware.xml
Done sleeping
Exported /home/travis/build/icyphy/ptII/ptolemy/actor/lib/jjs/modules/contextAware/demo/ContextAware/ContextAware/index.html
4073 ms. Memory: 2072576K Free: 804024K (39%)
####### 22 Tue Jul 24 02:04:56 UTC 2018 $PTII/bin/ptinvoke ptolemy.vergil.basic.export.ExportModel -force htm -run -openComposites -timeOut 30000 -whiteBackground ptolemy/actor/lib/jjs/modules/crypto/demo/AsymmetricEncrypt/AsymmetricEncrypt.xml $PTII/ptolemy/actor/lib/jjs/modules/crypto/demo/AsymmetricEncrypt/AsymmetricEncrypt
----------------- Tue Jul 24 02:04:56 UTC 2018 About to sleep for 5.0 seconds before running or rerunning.  Test is: /home/travis/build/icyphy/ptII/ptolemy/actor/lib/jjs/modules/crypto/demo/AsymmetricEncrypt/AsymmetricEncrypt.xml
Done sleeping
Running .AsymmetricEncrypt
RandomBytes: [ 32 ] (Thread[AWT-EventQueue-0,6,main])
EncryptWithHash: ### it is a string: hello world! (Thread[AWT-EventQueue-0,6,main])
RandomBytes: [ 69, -118 ] (Thread[AWT-EventQueue-0,6,main])
EncryptWithHash: ### it is a string: bye world! (Thread[AWT-EventQueue-0,6,main])
RandomBytes: [ -34, 55, 52 ] (Thread[AWT-EventQueue-0,6,main])
RandomBytes: [ 28, -58, -87, -59 ] (Thread[AWT-EventQueue-0,6,main])
12664 ms. Memory: 2057728K Free: 524725K (26%)
Exported /home/travis/build/icyphy/ptII/ptolemy/actor/lib/jjs/modules/crypto/demo/AsymmetricEncrypt/AsymmetricEncrypt/index.html
23754 ms. Memory: 2075136K Free: 1386562K (67%)
####### 23 Tue Jul 24 02:05:25 UTC 2018 $PTII/bin/ptinvoke ptolemy.vergil.basic.export.ExportModel -force htm -run -openComposites -timeOut 30000 -whiteBackground ptolemy/actor/lib/jjs/modules/crypto/demo/MessageDigest/MessageDigest.xml $PTII/ptolemy/actor/lib/jjs/modules/crypto/demo/MessageDigest/MessageDigest
----------------- Tue Jul 24 02:05:25 UTC 2018 About to sleep for 5.0 seconds before running or rerunning.  Test is: /home/travis/build/icyphy/ptII/ptolemy/actor/lib/jjs/modules/crypto/demo/MessageDigest/MessageDigest.xml
Done sleeping
Running .MessageDigest
RandomBytes: [ -101 ] (Thread[AWT-EventQueue-0,6,main])
EncryptWithHash: ### it is a string: hello world! (Thread[AWT-EventQueue-0,6,main])
EncryptWithHash: [ 104,
  101,
  108,
  108,
  111,
  32,
  119,
  111,
  114,
  108,
  100,
  33,
  117,
  9,
  -27,
  -67,
  -96,
  -57,
  98,
  -46,
  -70,
  -57,
  -7,
  13,
  117,
  -117,
  91,
  34,
  99,
  -6,
  1,
  -52,
  -68,
  84,
  42,
  -75,
  -29,
  -33,
  22,
  59,
  -32,
  -114,
  108,
  -87 ] (Thread[AWT-EventQueue-0,6,main])
DecryptWithHash: [ 104, 101, 108, 108, 111, 32, 119, 111, 114, 108, 100, 33 ] (Thread[AWT-EventQueue-0,6,main])
DecryptWithHash: [ 117,
  9,
  -27,
  -67,
  -96,
  -57,
  98,
  -46,
  -70,
  -57,
  -7,
  13,
  117,
  -117,
  91,
  34,
  99,
  -6,
  1,
  -52,
  -68,
  84,
  42,
  -75,
  -29,
  -33,
  22,
  59,
  -32,
  -114,
  108,
  -87 ] (Thread[AWT-EventQueue-0,6,main])
DecryptWithHash: [ 117,
  9,
  -27,
  -67,
  -96,
  -57,
  98,
  -46,
  -70,
  -57,
  -7,
  13,
  117,
  -117,
  91,
  34,
  99,
  -6,
  1,
  -52,
  -68,
  84,
  42,
  -75,
  -29,
  -33,
  22,
  59,
  -32,
  -114,
  108,
  -87 ] (Thread[AWT-EventQueue-0,6,main])
RandomBytes: [ -72, -90 ] (Thread[AWT-EventQueue-0,6,main])
EncryptWithHash: ### it is a string: bye world! (Thread[AWT-EventQueue-0,6,main])
EncryptWithHash: [ 98,
  121,
  101,
  32,
  119,
  111,
  114,
  108,
  100,
  33,
  87,
  -40,
  61,
  -97,
  47,
  -93,
  111,
  -126,
  41,
  -41,
  5,
  71,
  -116,
  -126,
  88,
  -110,
  -25,
  18,
  9,
  123,
  68,
  24,
  11,
  -64,
  -67,
  36,
  -65,
  21,
  -14,
  -69,
  -122,
  53 ] (Thread[AWT-EventQueue-0,6,main])
DecryptWithHash: [ 98, 121, 101, 32, 119, 111, 114, 108, 100, 33 ] (Thread[AWT-EventQueue-0,6,main])
DecryptWithHash: [ 87,
  -40,
  61,
  -97,
  47,
  -93,
  111,
  -126,
  41,
  -41,
  5,
  71,
  -116,
  -126,
  88,
  -110,
  -25,
  18,
  9,
  123,
  68,
  24,
  11,
  -64,
  -67,
  36,
  -65,
  21,
  -14,
  -69,
  -122,
  53 ] (Thread[AWT-EventQueue-0,6,main])
DecryptWithHash: [ 87,
  -40,
  61,
  -97,
  47,
  -93,
  111,
  -126,
  41,
  -41,
  5,
  71,
  -116,
  -126,
  88,
  -110,
  -25,
  18,
  9,
  123,
  68,
  24,
  11,
  -64,
  -67,
  36,
  -65,
  21,
  -14,
  -69,
  -122,
  53 ] (Thread[AWT-EventQueue-0,6,main])
RandomBytes: [ -44, 93, -82 ] (Thread[AWT-EventQueue-0,6,main])
RandomBytes: [ 69, -5, 81, -113 ] (Thread[AWT-EventQueue-0,6,main])
9366 ms. Memory: 2029056K Free: 851865K (42%)
Exported /home/travis/build/icyphy/ptII/ptolemy/actor/lib/jjs/modules/crypto/demo/MessageDigest/MessageDigest/index.html
16890 ms. Memory: 2029056K Free: 785226K (39%)
####### 24 Tue Jul 24 02:05:47 UTC 2018 $PTII/bin/ptinvoke ptolemy.vergil.basic.export.ExportModel -force htm -run -openComposites -timeOut 30000 -whiteBackground ptolemy/actor/lib/jjs/modules/crypto/demo/RandomBytes/RandomBytes.xml $PTII/ptolemy/actor/lib/jjs/modules/crypto/demo/RandomBytes/RandomBytes
----------------- Tue Jul 24 02:05:47 UTC 2018 About to sleep for 5.0 seconds before running or rerunning.  Test is: /home/travis/build/icyphy/ptII/ptolemy/actor/lib/jjs/modules/crypto/demo/RandomBytes/RandomBytes.xml
Done sleeping
Running .RandomBytes
RandomBytes: [ -44 ] (Thread[AWT-EventQueue-0,6,main])
RandomBytes: [ -49, 33 ] (Thread[AWT-EventQueue-0,6,main])
RandomBytes: [ -57, 104, 44 ] (Thread[AWT-EventQueue-0,6,main])
RandomBytes: [ -74, 110, 47, 118 ] (Thread[AWT-EventQueue-0,6,main])
4093 ms. Memory: 2061312K Free: 1392015K (68%)
Exported /home/travis/build/icyphy/ptII/ptolemy/actor/lib/jjs/modules/crypto/demo/RandomBytes/RandomBytes/index.html
8953 ms. Memory: 2061312K Free: 1366775K (66%)
####### 25 Tue Jul 24 02:06:01 UTC 2018 $PTII/bin/ptinvoke ptolemy.vergil.basic.export.ExportModel -force htm -run -openComposites -timeOut 30000 -whiteBackground ptolemy/actor/lib/jjs/modules/crypto/demo/SymmetricEncrypt/SymmetricEncrypt.xml $PTII/ptolemy/actor/lib/jjs/modules/crypto/demo/SymmetricEncrypt/SymmetricEncrypt
----------------- Tue Jul 24 02:06:01 UTC 2018 About to sleep for 5.0 seconds before running or rerunning.  Test is: /home/travis/build/icyphy/ptII/ptolemy/actor/lib/jjs/modules/crypto/demo/SymmetricEncrypt/SymmetricEncrypt.xml
Done sleeping
Running .SymmetricEncrypt
RandomBytes: [ -35 ] (Thread[AWT-EventQueue-0,6,main])
RandomBytes: [ 122, -53 ] (Thread[AWT-EventQueue-0,6,main])
RandomBytes: [ 12, -105, 113 ] (Thread[AWT-EventQueue-0,6,main])
RandomBytes: [ -79, 63, -89, -15 ] (Thread[AWT-EventQueue-0,6,main])
6183 ms. Memory: 2053632K Free: 1295493K (63%)
Exported /home/travis/build/icyphy/ptII/ptolemy/actor/lib/jjs/modules/crypto/demo/SymmetricEncrypt/SymmetricEncrypt/index.html
12111 ms. Memory: 2053632K Free: 1248259K (61%)
####### 26 Tue Jul 24 02:06:18 UTC 2018 $PTII/bin/ptinvoke ptolemy.vergil.basic.export.ExportModel -force htm  -openComposites -timeOut 30000 -whiteBackground ptolemy/actor/lib/jjs/modules/discovery/demo/Discovery/Discovery.xml $PTII/ptolemy/actor/lib/jjs/modules/discovery/demo/Discovery/Discovery
Warning: not running ptolemy/actor/lib/jjs/modules/discovery/demo/Discovery/Discovery.xml. See ptolemy/vergil/basic/export/test/junit/ExportModelJUnitTest.java
----------------- Tue Jul 24 02:06:18 UTC 2018 About to sleep for 5.0 seconds before running or rerunning.  Test is: /home/travis/build/icyphy/ptII/ptolemy/actor/lib/jjs/modules/discovery/demo/Discovery/Discovery.xml
Done sleeping
Exported /home/travis/build/icyphy/ptII/ptolemy/actor/lib/jjs/modules/discovery/demo/Discovery/Discovery/index.html
3179 ms. Memory: 2053632K Free: 1082222K (53%)
####### 27 Tue Jul 24 02:06:26 UTC 2018 $PTII/bin/ptinvoke ptolemy.vergil.basic.export.ExportModel -force htm -run -openComposites -timeOut 30000 -whiteBackground ptolemy/actor/lib/jjs/modules/discovery/demo/Discovery/DiscoveryJS.xml $PTII/ptolemy/actor/lib/jjs/modules/discovery/demo/Discovery/DiscoveryJS
----------------- Tue Jul 24 02:06:26 UTC 2018 About to sleep for 5.0 seconds before running or rerunning.  Test is: /home/travis/build/icyphy/ptII/ptolemy/actor/lib/jjs/modules/discovery/demo/Discovery/DiscoveryJS.xml
Done sleeping
Running .DiscoveryJS
7066 ms. Memory: 2080256K Free: 724852K (35%)
Exported /home/travis/build/icyphy/ptII/ptolemy/actor/lib/jjs/modules/discovery/demo/Discovery/DiscoveryJS/index.html
12566 ms. Memory: 2080256K Free: 699111K (34%)
####### 28 Tue Jul 24 02:06:43 UTC 2018 $PTII/bin/ptinvoke ptolemy.vergil.basic.export.ExportModel -force htm -run -openComposites -timeOut 30000 -whiteBackground ptolemy/actor/lib/jjs/modules/discovery/demo/Discovery/PopulateSwarmboxMap.xml $PTII/ptolemy/actor/lib/jjs/modules/discovery/demo/Discovery/PopulateSwarmboxMap
----------------- Tue Jul 24 02:06:43 UTC 2018 About to sleep for 5.0 seconds before running or rerunning.  Test is: /home/travis/build/icyphy/ptII/ptolemy/actor/lib/jjs/modules/discovery/demo/Discovery/PopulateSwarmboxMap.xml
Done sleeping
Running .PopulateSwarmboxMap
Manager.initialize() finished: 11497 ms. Memory: 2102272K Free: 1010677K (48%)
REST: Making an HTTP request. (Thread[AWT-EventQueue-0,6,main])
21574 ms. Memory: 2102272K Free: 977167K (46%)
Exported /home/travis/build/icyphy/ptII/ptolemy/actor/lib/jjs/modules/discovery/demo/Discovery/PopulateSwarmboxMap/index.html
31922 ms. Memory: 2102272K Free: 843790K (40%)
####### 29 Tue Jul 24 02:07:20 UTC 2018 $PTII/bin/ptinvoke ptolemy.vergil.basic.export.ExportModel -force htm -run -openComposites -timeOut 30000 -whiteBackground ptolemy/actor/lib/jjs/modules/discovery/demo/Discovery/PostSwarmboxDevices.xml $PTII/ptolemy/actor/lib/jjs/modules/discovery/demo/Discovery/PostSwarmboxDevices
----------------- Tue Jul 24 02:07:20 UTC 2018 About to sleep for 5.0 seconds before running or rerunning.  Test is: /home/travis/build/icyphy/ptII/ptolemy/actor/lib/jjs/modules/discovery/demo/Discovery/PostSwarmboxDevices.xml
Done sleeping
Running .PostSwarmboxDevices
REST: Making an HTTP request. (Thread[AWT-EventQueue-0,6,main])
ExportHTMLTimer went off after 30000 ms., calling getDirector().finish and getDirector().stopFire()
30026 ms. Memory: 2118656K Free: 1657404K (78%)
Exported /home/travis/build/icyphy/ptII/ptolemy/actor/lib/jjs/modules/discovery/demo/Discovery/PostSwarmboxDevices/index.html
35908 ms. Memory: 2118656K Free: 1609672K (76%)
####### 30 Tue Jul 24 02:08:01 UTC 2018 $PTII/bin/ptinvoke ptolemy.vergil.basic.export.ExportModel -force htm -run -openComposites -timeOut 30000 -whiteBackground ptolemy/actor/lib/jjs/modules/discovery/demo/Heartbeat/Heartbeat.xml $PTII/ptolemy/actor/lib/jjs/modules/discovery/demo/Heartbeat/Heartbeat
----------------- Tue Jul 24 02:08:01 UTC 2018 About to sleep for 5.0 seconds before running or rerunning.  Test is: /home/travis/build/icyphy/ptII/ptolemy/actor/lib/jjs/modules/discovery/demo/Heartbeat/Heartbeat.xml
Done sleeping
Running .Heartbeat
Heartbeat: HeartBeat: pingMothership (Thread[AWT-EventQueue-0,6,main])
Heartbeat: Making an HTTP request. (Thread[AWT-EventQueue-0,6,main])
Heartbeat: Request problem: Unable to check in with server: Error: Search domain query failed. Original hostname: 'terra.eecs.berkeley.edu' failed to resolve 'terra.eecs.berkeley.edu.google.internal' after 2 queries  (Thread[AWT-EventQueue-0,6,main])
Heartbeat: HeartBeat: pingMothership (Thread[AWT-EventQueue-0,6,main])
Heartbeat: Making an HTTP request. (Thread[AWT-EventQueue-0,6,main])
Heartbeat: Request problem: Unable to check in with server: Error: Search domain query failed. Original hostname: 'terra.eecs.berkeley.edu' failed to resolve 'terra.eecs.berkeley.edu.google.internal' after 2 queries  (Thread[AWT-EventQueue-0,6,main])
Heartbeat: HeartBeat: pingMothership (Thread[AWT-EventQueue-0,6,main])
Heartbeat: Making an HTTP request. (Thread[AWT-EventQueue-0,6,main])
Heartbeat: Request problem: Unable to check in with server: Error: Search domain query failed. Original hostname: 'terra.eecs.berkeley.edu' failed to resolve 'terra.eecs.berkeley.edu.google.internal' after 2 queries  (Thread[AWT-EventQueue-0,6,main])
Heartbeat: HeartBeat: pingMothership (Thread[AWT-EventQueue-0,6,main])
Heartbeat: Making an HTTP request. (Thread[AWT-EventQueue-0,6,main])
Heartbeat: Request problem: Unable to check in with server: Error: Search domain query failed. Original hostname: 'terra.eecs.berkeley.edu' failed to resolve 'terra.eecs.berkeley.edu.google.internal' after 2 queries  (Thread[AWT-EventQueue-0,6,main])
Heartbeat: HeartBeat: pingMothership (Thread[AWT-EventQueue-0,6,main])
Heartbeat: Making an HTTP request. (Thread[AWT-EventQueue-0,6,main])
Heartbeat: Request problem: Unable to check in with server: Error: Search domain query failed. Original hostname: 'terra.eecs.berkeley.edu' failed to resolve 'terra.eecs.berkeley.edu.google.internal' after 2 queries  (Thread[AWT-EventQueue-0,6,main])
Heartbeat: HeartBeat: pingMothership (Thread[AWT-EventQueue-0,6,main])
Heartbeat: Making an HTTP request. (Thread[AWT-EventQueue-0,6,main])
Heartbeat: Request problem: Unable to check in with server: Error: Search domain query failed. Original hostname: 'terra.eecs.berkeley.edu' failed to resolve 'terra.eecs.berkeley.edu.google.internal' after 2 queries  (Thread[AWT-EventQueue-0,6,main])
Heartbeat: HeartBeat: pingMothership (Thread[AWT-EventQueue-0,6,main])
Heartbeat: Making an HTTP request. (Thread[AWT-EventQueue-0,6,main])
Heartbeat: Request problem: Unable to check in with server: Error: Search domain query failed. Original hostname: 'terra.eecs.berkeley.edu' failed to resolve 'terra.eecs.berkeley.edu.google.internal' after 2 queries  (Thread[AWT-EventQueue-0,6,main])
Heartbeat: HeartBeat: pingMothership (Thread[AWT-EventQueue-0,6,main])
Heartbeat: Making an HTTP request. (Thread[AWT-EventQueue-0,6,main])
Heartbeat: Request problem: Unable to check in with server: Error: Search domain query failed. Original hostname: 'terra.eecs.berkeley.edu' failed to resolve 'terra.eecs.berkeley.edu.google.internal' after 2 queries  (Thread[AWT-EventQueue-0,6,main])
Heartbeat: HeartBeat: pingMothership (Thread[AWT-EventQueue-0,6,main])
Heartbeat: Making an HTTP request. (Thread[AWT-EventQueue-0,6,main])
Heartbeat: Request problem: Unable to check in with server: Error: Search domain query failed. Original hostname: 'terra.eecs.berkeley.edu' failed to resolve 'terra.eecs.berkeley.edu.google.internal' after 2 queries  (Thread[AWT-EventQueue-0,6,main])
Heartbeat: HeartBeat: pingMothership (Thread[AWT-EventQueue-0,6,main])
Heartbeat: Making an HTTP request. (Thread[AWT-EventQueue-0,6,main])
13693 ms. Memory: 2147840K Free: 1620682K (75%)
Exported /home/travis/build/icyphy/ptII/ptolemy/actor/lib/jjs/modules/discovery/demo/Heartbeat/Heartbeat/index.html
19452 ms. Memory: 2147840K Free: 1596989K (74%)
####### 31 Tue Jul 24 02:08:26 UTC 2018 $PTII/bin/ptinvoke ptolemy.vergil.basic.export.ExportModel -force htm  -openComposites -timeOut 30000 -whiteBackground ptolemy/actor/lib/jjs/modules/dsp/demo/AudioFFT/AudioFFT.xml $PTII/ptolemy/actor/lib/jjs/modules/dsp/demo/AudioFFT/AudioFFT
Warning: not running ptolemy/actor/lib/jjs/modules/dsp/demo/AudioFFT/AudioFFT.xml. See ptolemy/vergil/basic/export/test/junit/ExportModelJUnitTest.java
----------------- Tue Jul 24 02:08:26 UTC 2018 About to sleep for 5.0 seconds before running or rerunning.  Test is: /home/travis/build/icyphy/ptII/ptolemy/actor/lib/jjs/modules/dsp/demo/AudioFFT/AudioFFT.xml
Done sleeping
Exported /home/travis/build/icyphy/ptII/ptolemy/actor/lib/jjs/modules/dsp/demo/AudioFFT/AudioFFT/index.html
4737 ms. Memory: 2147840K Free: 1081526K (50%)
####### 32 Tue Jul 24 02:08:35 UTC 2018 $PTII/bin/ptinvoke ptolemy.vergil.basic.export.ExportModel -force htm -run -openComposites -timeOut 30000 -whiteBackground ptolemy/actor/lib/jjs/modules/dsp/demo/AudioFFT/SinusoidFFT.xml $PTII/ptolemy/actor/lib/jjs/modules/dsp/demo/AudioFFT/SinusoidFFT
----------------- Tue Jul 24 02:08:35 UTC 2018 About to sleep for 5.0 seconds before running or rerunning.  Test is: /home/travis/build/icyphy/ptII/ptolemy/actor/lib/jjs/modules/dsp/demo/AudioFFT/SinusoidFFT.xml
Done sleeping
Running .SinusoidFFT
2366 ms. Memory: 2144256K Free: 1555759K (73%)
Exported /home/travis/build/icyphy/ptII/ptolemy/actor/lib/jjs/modules/dsp/demo/AudioFFT/SinusoidFFT/index.html
7748 ms. Memory: 2144256K Free: 1482816K (69%)
####### 33 Tue Jul 24 02:08:48 UTC 2018 $PTII/bin/ptinvoke ptolemy.vergil.basic.export.ExportModel -force htm -run -openComposites -timeOut 30000 -whiteBackground ptolemy/actor/lib/jjs/modules/eventbus/demo/VertxBus/VertxBus.xml $PTII/ptolemy/actor/lib/jjs/modules/eventbus/demo/VertxBus/VertxBus
----------------- Tue Jul 24 02:08:48 UTC 2018 About to sleep for 5.0 seconds before running or rerunning.  Test is: /home/travis/build/icyphy/ptII/ptolemy/actor/lib/jjs/modules/eventbus/demo/VertxBus/VertxBus.xml
Done sleeping
Running .VertxBus
12170 ms. Memory: 2144256K Free: 682302K (32%)
Exported /home/travis/build/icyphy/ptII/ptolemy/actor/lib/jjs/modules/eventbus/demo/VertxBus/VertxBus/index.html
17840 ms. Memory: 2144256K Free: 657682K (31%)
####### 34 Tue Jul 24 02:09:11 UTC 2018 $PTII/bin/ptinvoke ptolemy.vergil.basic.export.ExportModel -force htm -run -openComposites -timeOut 30000 -whiteBackground ptolemy/actor/lib/jjs/modules/eventbus/demo/VertxChat/VertxChat.xml $PTII/ptolemy/actor/lib/jjs/modules/eventbus/demo/VertxChat/VertxChat
----------------- Tue Jul 24 02:09:11 UTC 2018 About to sleep for 5.0 seconds before running or rerunning.  Test is: /home/travis/build/icyphy/ptII/ptolemy/actor/lib/jjs/modules/eventbus/demo/VertxChat/VertxChat.xml
Done sleeping
.VertxChat.ThreadedComposite.InteractiveShell invoked SwingUtilities.invokeAndWait()
Model ".VertxChat" contains actors such cannot be run  as part of the export process from ExportModel or it has a WebExportParameters value that runBeforeExport set to false. To export run this model and export it, use vergil.
Exported /home/travis/build/icyphy/ptII/ptolemy/actor/lib/jjs/modules/eventbus/demo/VertxChat/VertxChat/index.html
6402 ms. Memory: 2222080K Free: 1757618K (79%)
[...]
[atomic-processor-1] INFO com.github.sarxos.webcam.ds.cgt.WebcamOpenTask - Opening webcam Dummy Webcam 0
[atomic-processor-1] INFO com.github.sarxos.webcam.ds.cgt.WebcamCloseTask - Closing Dummy Webcam 0
WARNING: REST: Model stopped before executing actions (e.g. producing outputs) scheduled for execution at times [5.465, 5.0]
HttpClientHelper.java: Received an error for request 0: io.netty.channel.AbstractChannel$AnnotatedConnectException: Connection refused: localhost/127.0.0.1:8077
io.netty.channel.AbstractChannel$AnnotatedConnectException: Connection refused: localhost/127.0.0.1:8077
	at sun.nio.ch.SocketChannelImpl.checkConnect(Native Method)
	at sun.nio.ch.SocketChannelImpl.finishConnect(SocketChannelImpl.java:717)
	at io.netty.channel.socket.nio.NioSocketChannel.doFinishConnect(NioSocketChannel.java:325)
	at io.netty.channel.nio.AbstractNioChannel$AbstractNioUnsafe.finishConnect(AbstractNioChannel.java:340)
	at io.netty.channel.nio.NioEventLoop.processSelectedKey(NioEventLoop.java:633)
	at io.netty.channel.nio.NioEventLoop.processSelectedKeysOptimized(NioEventLoop.java:580)
	at io.netty.channel.nio.NioEventLoop.processSelectedKeys(NioEventLoop.java:497)
	at io.netty.channel.nio.NioEventLoop.run(NioEventLoop.java:459)
	at io.netty.util.concurrent.SingleThreadEventExecutor$5.run(SingleThreadEventExecutor.java:886)
	at io.netty.util.concurrent.FastThreadLocalRunnable.run(FastThreadLocalRunnable.java:30)
	at java.lang.Thread.run(Thread.java:748)
Caused by: java.net.ConnectException: Connection refused
	... 11 more
HttpClientHelper.java: Received an error for request 1: io.netty.channel.AbstractChannel$AnnotatedConnectException: Connection refused: localhost/127.0.0.1:8077
io.netty.channel.AbstractChannel$AnnotatedConnectException: Connection refused: localhost/127.0.0.1:8077
	at sun.nio.ch.SocketChannelImpl.checkConnect(Native Method)
	at sun.nio.ch.SocketChannelImpl.finishConnect(SocketChannelImpl.java:717)
	at io.netty.channel.socket.nio.NioSocketChannel.doFinishConnect(NioSocketChannel.java:325)
	at io.netty.channel.nio.AbstractNioChannel$AbstractNioUnsafe.finishConnect(AbstractNioChannel.java:340)
	at io.netty.channel.nio.NioEventLoop.processSelectedKey(NioEventLoop.java:633)
	at io.netty.channel.nio.NioEventLoop.processSelectedKeysOptimized(NioEventLoop.java:580)
	at io.netty.channel.nio.NioEventLoop.processSelectedKeys(NioEventLoop.java:497)
	at io.netty.channel.nio.NioEventLoop.run(NioEventLoop.java:459)
	at io.netty.util.concurrent.SingleThreadEventExecutor$5.run(SingleThreadEventExecutor.java:886)
	at io.netty.util.concurrent.FastThreadLocalRunnable.run(FastThreadLocalRunnable.java:30)
	at java.lang.Thread.run(Thread.java:748)
Caused by: java.net.ConnectException: Connection refused
	... 11 more
HttpClientHelper.java: Received an error for request 2: io.netty.channel.AbstractChannel$AnnotatedConnectException: Connection refused: localhost/127.0.0.1:8077
io.netty.channel.AbstractChannel$AnnotatedConnectException: Connection refused: localhost/127.0.0.1:8077
	at sun.nio.ch.SocketChannelImpl.checkConnect(Native Method)
	at sun.nio.ch.SocketChannelImpl.finishConnect(SocketChannelImpl.java:717)
	at io.netty.channel.socket.nio.NioSocketChannel.doFinishConnect(NioSocketChannel.java:325)
	at io.netty.channel.nio.AbstractNioChannel$AbstractNioUnsafe.finishConnect(AbstractNioChannel.java:340)
	at io.netty.channel.nio.NioEventLoop.processSelectedKey(NioEventLoop.java:633)
	at io.netty.channel.nio.NioEventLoop.processSelectedKeysOptimized(NioEventLoop.java:580)
	at io.netty.channel.nio.NioEventLoop.processSelectedKeys(NioEventLoop.java:497)
	at io.netty.channel.nio.NioEventLoop.run(NioEventLoop.java:459)
	at io.netty.util.concurrent.SingleThreadEventExecutor$5.run(SingleThreadEventExecutor.java:886)
	at io.netty.util.concurrent.FastThreadLocalRunnable.run(FastThreadLocalRunnable.java:30)
	at java.lang.Thread.run(Thread.java:748)
Caused by: java.net.ConnectException: Connection refused
	... 11 more
HttpClientHelper.java: Received an error for request 3: io.netty.channel.AbstractChannel$AnnotatedConnectException: Connection refused: localhost/127.0.0.1:8077
io.netty.channel.AbstractChannel$AnnotatedConnectException: Connection refused: localhost/127.0.0.1:8077
	at sun.nio.ch.SocketChannelImpl.checkConnect(Native Method)
	at sun.nio.ch.SocketChannelImpl.finishConnect(SocketChannelImpl.java:717)
	at io.netty.channel.socket.nio.NioSocketChannel.doFinishConnect(NioSocketChannel.java:325)
	at io.netty.channel.nio.AbstractNioChannel$AbstractNioUnsafe.finishConnect(AbstractNioChannel.java:340)
	at io.netty.channel.nio.NioEventLoop.processSelectedKey(NioEventLoop.java:633)
	at io.netty.channel.nio.NioEventLoop.processSelectedKeysOptimized(NioEventLoop.java:580)
	at io.netty.channel.nio.NioEventLoop.processSelectedKeys(NioEventLoop.java:497)
	at io.netty.channel.nio.NioEventLoop.run(NioEventLoop.java:459)
	at io.netty.util.concurrent.SingleThreadEventExecutor$5.run(SingleThreadEventExecutor.java:886)
	at io.netty.util.concurrent.FastThreadLocalRunnable.run(FastThreadLocalRunnable.java:30)
	at java.lang.Thread.run(Thread.java:748)
Caused by: java.net.ConnectException: Connection refused
	... 11 more
HttpClientHelper.java: Received an error for request 4: io.netty.channel.AbstractChannel$AnnotatedConnectException: Connection refused: localhost/127.0.0.1:8077
io.netty.channel.AbstractChannel$AnnotatedConnectException: Connection refused: localhost/127.0.0.1:8077
	at sun.nio.ch.SocketChannelImpl.checkConnect(Native Method)
	at sun.nio.ch.SocketChannelImpl.finishConnect(SocketChannelImpl.java:717)
	at io.netty.channel.socket.nio.NioSocketChannel.doFinishConnect(NioSocketChannel.java:325)
	at io.netty.channel.nio.AbstractNioChannel$AbstractNioUnsafe.finishConnect(AbstractNioChannel.java:340)
	at io.netty.channel.nio.NioEventLoop.processSelectedKey(NioEventLoop.java:633)
	at io.netty.channel.nio.NioEventLoop.processSelectedKeysOptimized(NioEventLoop.java:580)
	at io.netty.channel.nio.NioEventLoop.processSelectedKeys(NioEventLoop.java:497)
	at io.netty.channel.nio.NioEventLoop.run(NioEventLoop.java:459)
	at io.netty.util.concurrent.SingleThreadEventExecutor$5.run(SingleThreadEventExecutor.java:886)
	at io.netty.util.concurrent.FastThreadLocalRunnable.run(FastThreadLocalRunnable.java:30)
	at java.lang.Thread.run(Thread.java:748)
Caused by: java.net.ConnectException: Connection refused
	... 11 more
HttpClientHelper.java: Received an error for request 5: io.netty.channel.AbstractChannel$AnnotatedConnectException: Connection refused: localhost/127.0.0.1:8077
io.netty.channel.AbstractChannel$AnnotatedConnectException: Connection refused: localhost/127.0.0.1:8077
	at sun.nio.ch.SocketChannelImpl.checkConnect(Native Method)
	at sun.nio.ch.SocketChannelImpl.finishConnect(SocketChannelImpl.java:717)
	at io.netty.channel.socket.nio.NioSocketChannel.doFinishConnect(NioSocketChannel.java:325)
	at io.netty.channel.nio.AbstractNioChannel$AbstractNioUnsafe.finishConnect(AbstractNioChannel.java:340)
	at io.netty.channel.nio.NioEventLoop.processSelectedKey(NioEventLoop.java:633)
	at io.netty.channel.nio.NioEventLoop.processSelectedKeysOptimized(NioEventLoop.java:580)
	at io.netty.channel.nio.NioEventLoop.processSelectedKeys(NioEventLoop.java:497)
	at io.netty.channel.nio.NioEventLoop.run(NioEventLoop.java:459)
	at io.netty.util.concurrent.SingleThreadEventExecutor$5.run(SingleThreadEventExecutor.java:886)
	at io.netty.util.concurrent.FastThreadLocalRunnable.run(FastThreadLocalRunnable.java:30)
	at java.lang.Thread.run(Thread.java:748)
Caused by: java.net.ConnectException: Connection refused
	... 11 more
HttpClientHelper.java: Received an error for request 6: io.netty.channel.AbstractChannel$AnnotatedConnectException: Connection refused: localhost/127.0.0.1:8077
io.netty.channel.AbstractChannel$AnnotatedConnectException: Connection refused: localhost/127.0.0.1:8077
	at sun.nio.ch.SocketChannelImpl.checkConnect(Native Method)
	at sun.nio.ch.SocketChannelImpl.finishConnect(SocketChannelImpl.java:717)
	at io.netty.channel.socket.nio.NioSocketChannel.doFinishConnect(NioSocketChannel.java:325)
	at io.netty.channel.nio.AbstractNioChannel$AbstractNioUnsafe.finishConnect(AbstractNioChannel.java:340)
	at io.netty.channel.nio.NioEventLoop.processSelectedKey(NioEventLoop.java:633)
	at io.netty.channel.nio.NioEventLoop.processSelectedKeysOptimized(NioEventLoop.java:580)
	at io.netty.channel.nio.NioEventLoop.processSelectedKeys(NioEventLoop.java:497)
	at io.netty.channel.nio.NioEventLoop.run(NioEventLoop.java:459)
	at io.netty.util.concurrent.SingleThreadEventExecutor$5.run(SingleThreadEventExecutor.java:886)
	at io.netty.util.concurrent.FastThreadLocalRunnable.run(FastThreadLocalRunnable.java:30)
	at java.lang.Thread.run(Thread.java:748)
Caused by: java.net.ConnectException: Connection refused
	... 11 more
HttpClientHelper.java: Received an error for request 7: io.netty.channel.AbstractChannel$AnnotatedConnectException: Connection refused: localhost/127.0.0.1:8077
io.netty.channel.AbstractChannel$AnnotatedConnectException: Connection refused: localhost/127.0.0.1:8077
	at sun.nio.ch.SocketChannelImpl.checkConnect(Native Method)
	at sun.nio.ch.SocketChannelImpl.finishConnect(SocketChannelImpl.java:717)
	at io.netty.channel.socket.nio.NioSocketChannel.doFinishConnect(NioSocketChannel.java:325)
	at io.netty.channel.nio.AbstractNioChannel$AbstractNioUnsafe.finishConnect(AbstractNioChannel.java:340)
	at io.netty.channel.nio.NioEventLoop.processSelectedKey(NioEventLoop.java:633)
	at io.netty.channel.nio.NioEventLoop.processSelectedKeysOptimized(NioEventLoop.java:580)
	at io.netty.channel.nio.NioEventLoop.processSelectedKeys(NioEventLoop.java:497)
	at io.netty.channel.nio.NioEventLoop.run(NioEventLoop.java:459)
	at io.netty.util.concurrent.SingleThreadEventExecutor$5.run(SingleThreadEventExecutor.java:886)
	at io.netty.util.concurrent.FastThreadLocalRunnable.run(FastThreadLocalRunnable.java:30)
	at java.lang.Thread.run(Thread.java:748)
Caused by: java.net.ConnectException: Connection refused
	... 11 more
HttpClientHelper.java: Received an error for request 8: io.netty.channel.AbstractChannel$AnnotatedConnectException: Connection refused: localhost/127.0.0.1:8077
io.netty.channel.AbstractChannel$AnnotatedConnectException: Connection refused: localhost/127.0.0.1:8077
	at sun.nio.ch.SocketChannelImpl.checkConnect(Native Method)
	at sun.nio.ch.SocketChannelImpl.finishConnect(SocketChannelImpl.java:717)
	at io.netty.channel.socket.nio.NioSocketChannel.doFinishConnect(NioSocketChannel.java:325)
	at io.netty.channel.nio.AbstractNioChannel$AbstractNioUnsafe.finishConnect(AbstractNioChannel.java:340)
	at io.netty.channel.nio.NioEventLoop.processSelectedKey(NioEventLoop.java:633)
	at io.netty.channel.nio.NioEventLoop.processSelectedKeysOptimized(NioEventLoop.java:580)
	at io.netty.channel.nio.NioEventLoop.processSelectedKeys(NioEventLoop.java:497)
	at io.netty.channel.nio.NioEventLoop.run(NioEventLoop.java:459)
	at io.netty.util.concurrent.SingleThreadEventExecutor$5.run(SingleThreadEventExecutor.java:886)
	at io.netty.util.concurrent.FastThreadLocalRunnable.run(FastThreadLocalRunnable.java:30)
	at java.lang.Thread.run(Thread.java:748)
Caused by: java.net.ConnectException: Connection refused
	... 11 more
HttpClientHelper.java: Received an error for request 9: io.netty.channel.AbstractChannel$AnnotatedConnectException: Connection refused: localhost/127.0.0.1:8077
io.netty.channel.AbstractChannel$AnnotatedConnectException: Connection refused: localhost/127.0.0.1:8077
	at sun.nio.ch.SocketChannelImpl.checkConnect(Native Method)
	at sun.nio.ch.SocketChannelImpl.finishConnect(SocketChannelImpl.java:717)
	at io.netty.channel.socket.nio.NioSocketChannel.doFinishConnect(NioSocketChannel.java:325)
	at io.netty.channel.nio.AbstractNioChannel$AbstractNioUnsafe.finishConnect(AbstractNioChannel.java:340)
	at io.netty.channel.nio.NioEventLoop.processSelectedKey(NioEventLoop.java:633)
	at io.netty.channel.nio.NioEventLoop.processSelectedKeysOptimized(NioEventLoop.java:580)
	at io.netty.channel.nio.NioEventLoop.processSelectedKeys(NioEventLoop.java:497)
	at io.netty.channel.nio.NioEventLoop.run(NioEventLoop.java:459)
	at io.netty.util.concurrent.SingleThreadEventExecutor$5.run(SingleThreadEventExecutor.java:886)
	at io.netty.util.concurrent.FastThreadLocalRunnable.run(FastThreadLocalRunnable.java:30)
	at java.lang.Thread.run(Thread.java:748)
Caused by: java.net.ConnectException: Connection refused
	... 11 more
HttpClientHelper.java: Received an error for request 10: io.netty.channel.AbstractChannel$AnnotatedConnectException: Connection refused: localhost/127.0.0.1:8077
io.netty.channel.AbstractChannel$AnnotatedConnectException: Connection refused: localhost/127.0.0.1:8077
	at sun.nio.ch.SocketChannelImpl.checkConnect(Native Method)
	at sun.nio.ch.SocketChannelImpl.finishConnect(SocketChannelImpl.java:717)
	at io.netty.channel.socket.nio.NioSocketChannel.doFinishConnect(NioSocketChannel.java:325)
	at io.netty.channel.nio.AbstractNioChannel$AbstractNioUnsafe.finishConnect(AbstractNioChannel.java:340)
	at io.netty.channel.nio.NioEventLoop.processSelectedKey(NioEventLoop.java:633)
	at io.netty.channel.nio.NioEventLoop.processSelectedKeysOptimized(NioEventLoop.java:580)
	at io.netty.channel.nio.NioEventLoop.processSelectedKeys(NioEventLoop.java:497)
	at io.netty.channel.nio.NioEventLoop.run(NioEventLoop.java:459)
	at io.netty.util.concurrent.SingleThreadEventExecutor$5.run(SingleThreadEventExecutor.java:886)
	at io.netty.util.concurrent.FastThreadLocalRunnable.run(FastThreadLocalRunnable.java:30)
	at java.lang.Thread.run(Thread.java:748)
Caused by: java.net.ConnectException: Connection refused
	... 11 more
HttpClientHelper.java: Received an error for request 11: io.netty.channel.AbstractChannel$AnnotatedConnectException: Connection refused: localhost/127.0.0.1:8077
io.netty.channel.AbstractChannel$AnnotatedConnectException: Connection refused: localhost/127.0.0.1:8077
	at sun.nio.ch.SocketChannelImpl.checkConnect(Native Method)
	at sun.nio.ch.SocketChannelImpl.finishConnect(SocketChannelImpl.java:717)
	at io.netty.channel.socket.nio.NioSocketChannel.doFinishConnect(NioSocketChannel.java:325)
	at io.netty.channel.nio.AbstractNioChannel$AbstractNioUnsafe.finishConnect(AbstractNioChannel.java:340)
	at io.netty.channel.nio.NioEventLoop.processSelectedKey(NioEventLoop.java:633)
	at io.netty.channel.nio.NioEventLoop.processSelectedKeysOptimized(NioEventLoop.java:580)
	at io.netty.channel.nio.NioEventLoop.processSelectedKeys(NioEventLoop.java:497)
	at io.netty.channel.nio.NioEventLoop.run(NioEventLoop.java:459)
	at io.netty.util.concurrent.SingleThreadEventExecutor$5.run(SingleThreadEventExecutor.java:886)
	at io.netty.util.concurrent.FastThreadLocalRunnable.run(FastThreadLocalRunnable.java:30)
	at java.lang.Thread.run(Thread.java:748)
Caused by: java.net.ConnectException: Connection refused
	... 11 more
HttpClientHelper.java: Received an error for request 12: io.netty.channel.AbstractChannel$AnnotatedConnectException: Connection refused: localhost/127.0.0.1:8077
io.netty.channel.AbstractChannel$AnnotatedConnectException: Connection refused: localhost/127.0.0.1:8077
	at sun.nio.ch.SocketChannelImpl.checkConnect(Native Method)
	at sun.nio.ch.SocketChannelImpl.finishConnect(SocketChannelImpl.java:717)
	at io.netty.channel.socket.nio.NioSocketChannel.doFinishConnect(NioSocketChannel.java:325)
	at io.netty.channel.nio.AbstractNioChannel$AbstractNioUnsafe.finishConnect(AbstractNioChannel.java:340)
	at io.netty.channel.nio.NioEventLoop.processSelectedKey(NioEventLoop.java:633)
	at io.netty.channel.nio.NioEventLoop.processSelectedKeysOptimized(NioEventLoop.java:580)
	at io.netty.channel.nio.NioEventLoop.processSelectedKeys(NioEventLoop.java:497)
	at io.netty.channel.nio.NioEventLoop.run(NioEventLoop.java:459)
	at io.netty.util.concurrent.SingleThreadEventExecutor$5.run(SingleThreadEventExecutor.java:886)
	at io.netty.util.concurrent.FastThreadLocalRunnable.run(FastThreadLocalRunnable.java:30)
	at java.lang.Thread.run(Thread.java:748)
Caused by: java.net.ConnectException: Connection refused
	... 11 more
HttpClientHelper.java: Received an error for request 13: io.netty.channel.AbstractChannel$AnnotatedConnectException: Connection refused: localhost/127.0.0.1:8077
io.netty.channel.AbstractChannel$AnnotatedConnectException: Connection refused: localhost/127.0.0.1:8077
	at sun.nio.ch.SocketChannelImpl.checkConnect(Native Method)
	at sun.nio.ch.SocketChannelImpl.finishConnect(SocketChannelImpl.java:717)
	at io.netty.channel.socket.nio.NioSocketChannel.doFinishConnect(NioSocketChannel.java:325)
	at io.netty.channel.nio.AbstractNioChannel$AbstractNioUnsafe.finishConnect(AbstractNioChannel.java:340)
	at io.netty.channel.nio.NioEventLoop.processSelectedKey(NioEventLoop.java:633)
	at io.netty.channel.nio.NioEventLoop.processSelectedKeysOptimized(NioEventLoop.java:580)
	at io.netty.channel.nio.NioEventLoop.processSelectedKeys(NioEventLoop.java:497)
	at io.netty.channel.nio.NioEventLoop.run(NioEventLoop.java:459)
	at io.netty.util.concurrent.SingleThreadEventExecutor$5.run(SingleThreadEventExecutor.java:886)
	at io.netty.util.concurrent.FastThreadLocalRunnable.run(FastThreadLocalRunnable.java:30)
	at java.lang.Thread.run(Thread.java:748)
Caused by: java.net.ConnectException: Connection refused
	... 11 more
WARNING: Clock: Model stopped before executing actions (e.g. producing outputs) scheduled for execution at times [28.0]
WARNING: WebServer: Model stopped before executing actions (e.g. producing outputs) scheduled for execution at times [25.007, 28.007, 22.007]
WARNING: REST: Model stopped before executing actions (e.g. producing outputs) scheduled for execution at times [23.0]
WARNING: TestSpontaneous: Model stopped before executing actions (e.g. producing outputs) scheduled for execution at times [21.0]
[atomic-processor-1] INFO com.github.sarxos.webcam.ds.cgt.WebcamOpenTask - Opening webcam Dummy Webcam 0
[atomic-processor-1] INFO com.github.sarxos.webcam.ds.cgt.WebcamCloseTask - Closing Dummy Webcam 0
[atomic-processor-1] INFO com.github.sarxos.webcam.ds.cgt.WebcamOpenTask - Opening webcam Dummy Webcam 0
WARNING: Invoking send() too late (probably in a callback), so Camera is not able to send the token {type="class ptolemy.data.AWTImageToken", width="640", height="480"} to the output image. Token is discarded.
[atomic-processor-1] INFO com.github.sarxos.webcam.ds.cgt.WebcamCloseTask - Closing Dummy Webcam 0
[atomic-processor-1] INFO com.github.sarxos.webcam.ds.cgt.WebcamOpenTask - Opening webcam Dummy Webcam 0
[atomic-processor-1] INFO com.github.sarxos.webcam.ds.cgt.WebcamCloseTask - Closing Dummy Webcam 0
[atomic-processor-1] INFO com.github.sarxos.webcam.ds.cgt.WebcamOpenTask - Opening webcam Dummy Webcam 0
[atomic-processor-1] INFO com.github.sarxos.webcam.ds.cgt.WebcamCloseTask - Closing Dummy Webcam 0
[atomic-processor-1] INFO com.github.sarxos.webcam.ds.cgt.WebcamOpenTask - Opening webcam Dummy Webcam 0
[atomic-processor-1] INFO com.github.sarxos.webcam.ds.cgt.WebcamCloseTask - Closing Dummy Webcam 0
]]></system-err>
</testsuite>
