<?xml version="1.0" encoding="UTF-8" ?>
<testsuite errors="0" failures="0" hostname="travis-job-9e521afd-20e3-4421-af78-cefad462bc65" name="ptolemy.domains.de.test.junit.JUnitTclTest" skipped="0" tests="101" time="121.189" timestamp="2020-06-09T14:36:37">
  <properties>
[...]
</properties>
  <testcase classname="ptolemy.util.test.junit.TclTests" name="[0] /home/travis/build/icyphy/ptII/ptolemy/domains/de/test/DependencyLoop.tcl (RunTclFile)" time="1.092" />
  <testcase classname="ptolemy.util.test.junit.TclTests" name="[1] /home/travis/build/icyphy/ptII/ptolemy/domains/de/test/RunDETestsAsQSS.tcl (RunTclFile)" time="82.296" />
  <testcase classname="ptolemy.util.test.junit.AutoKnownFailedTests" name="[0] /home/travis/build/icyphy/ptII/ptolemy/domains/de/test/auto/knownFailedTests/DESDFClockTest.xml (RunModel)" time="2.034" />
  <testcase classname="ptolemy.util.test.junit.AutoKnownFailedTests" name="[1] /home/travis/build/icyphy/ptII/ptolemy/domains/de/test/auto/knownFailedTests/DirectFeedback.xml (RunModel)" time="0.02" />
  <testcase classname="ptolemy.util.test.junit.AutoKnownFailedTests" name="[2] /home/travis/build/icyphy/ptII/ptolemy/domains/de/test/auto/knownFailedTests/FSMSource.xml (RunModel)" time="0.03" />
  <testcase classname="ptolemy.util.test.junit.AutoKnownFailedTests" name="[3] /home/travis/build/icyphy/ptII/ptolemy/domains/de/test/auto/knownFailedTests/HierarchicalModel.xml (RunModel)" time="0.043" />
  <testcase classname="ptolemy.util.test.junit.AutoKnownFailedTests" name="[4] /home/travis/build/icyphy/ptII/ptolemy/domains/de/test/auto/knownFailedTests/dependencyLoop.xml (RunModel)" time="0.043" />
  <testcase classname="ptolemy.util.test.junit.AutoKnownFailedTests" name="[5] /home/travis/build/icyphy/ptII/ptolemy/domains/de/test/auto/knownFailedTests/dependencyLoop2.xml (RunModel)" time="0.046" />
  <testcase classname="ptolemy.util.test.junit.AutoNameArchTests" name="[0] ThereAreNoAutoArchTests (RunModel)" time="0.002" />
  <testcase classname="ptolemy.util.test.junit.AutoTests" name="[0] /home/travis/build/icyphy/ptII/ptolemy/domains/de/test/auto/ActorDepthCalculation_actorWithoutPorts.xml (RunModel)" time="0.021" />
  <testcase classname="ptolemy.util.test.junit.AutoTests" name="[1] /home/travis/build/icyphy/ptII/ptolemy/domains/de/test/auto/AssemblyLine.xml (RunModel)" time="0.02" />
  <testcase classname="ptolemy.util.test.junit.AutoTests" name="[2] /home/travis/build/icyphy/ptII/ptolemy/domains/de/test/auto/CQBug1.xml (RunModel)" time="0.012" />
  <testcase classname="ptolemy.util.test.junit.AutoTests" name="[3] /home/travis/build/icyphy/ptII/ptolemy/domains/de/test/auto/CancelFireAt.xml (RunModel)" time="0.01" />
  <testcase classname="ptolemy.util.test.junit.AutoTests" name="[4] /home/travis/build/icyphy/ptII/ptolemy/domains/de/test/auto/CausalityAndComposabilityAnalysis.xml (RunModel)" time="0.017" />
  <testcase classname="ptolemy.util.test.junit.AutoTests" name="[5] /home/travis/build/icyphy/ptII/ptolemy/domains/de/test/auto/CausalityInterface1.xml (RunModel)" time="0.017" />
  <testcase classname="ptolemy.util.test.junit.AutoTests" name="[6] /home/travis/build/icyphy/ptII/ptolemy/domains/de/test/auto/CausalityInterface15.xml (RunModel)" time="0.016" />
  <testcase classname="ptolemy.util.test.junit.AutoTests" name="[7] /home/travis/build/icyphy/ptII/ptolemy/domains/de/test/auto/CausalityInterface2.xml (RunModel)" time="0.014" />
  <testcase classname="ptolemy.util.test.junit.AutoTests" name="[8] /home/travis/build/icyphy/ptII/ptolemy/domains/de/test/auto/CausalityInterface3.xml (RunModel)" time="0.012" />
  <testcase classname="ptolemy.util.test.junit.AutoTests" name="[9] /home/travis/build/icyphy/ptII/ptolemy/domains/de/test/auto/ClockDrift.xml (RunModel)" time="0.044" />
  <testcase classname="ptolemy.util.test.junit.AutoTests" name="[10] /home/travis/build/icyphy/ptII/ptolemy/domains/de/test/auto/ClockDriftAndValueChange.xml (RunModel)" time="0.029" />
  <testcase classname="ptolemy.util.test.junit.AutoTests" name="[11] /home/travis/build/icyphy/ptII/ptolemy/domains/de/test/auto/ClockDriftChange.xml (RunModel)" time="0.028" />
  <testcase classname="ptolemy.util.test.junit.AutoTests" name="[12] /home/travis/build/icyphy/ptII/ptolemy/domains/de/test/auto/ComposableCausalityAnalysis.xml (RunModel)" time="0.013" />
  <testcase classname="ptolemy.util.test.junit.AutoTests" name="[13] /home/travis/build/icyphy/ptII/ptolemy/domains/de/test/auto/DEFixedPointLimitation.xml (RunModel)" time="0.013" />
  <testcase classname="ptolemy.util.test.junit.AutoTests" name="[14] /home/travis/build/icyphy/ptII/ptolemy/domains/de/test/auto/DEScheduleTest.xml (RunModel)" time="0.012" />
  <testcase classname="ptolemy.util.test.junit.AutoTests" name="[15] /home/travis/build/icyphy/ptII/ptolemy/domains/de/test/auto/DEinDEwithStartTimes.xml (RunModel)" time="0.013" />
  <testcase classname="ptolemy.util.test.junit.AutoTests" name="[16] /home/travis/build/icyphy/ptII/ptolemy/domains/de/test/auto/DEinDEwithStartTimes2.xml (RunModel)" time="0.017" />
  <testcase classname="ptolemy.util.test.junit.AutoTests" name="[17] /home/travis/build/icyphy/ptII/ptolemy/domains/de/test/auto/DateDemo.xml (RunModel)" time="0.031" />
  <testcase classname="ptolemy.util.test.junit.AutoTests" name="[18] /home/travis/build/icyphy/ptII/ptolemy/domains/de/test/auto/DateToEvent.xml (RunModel)" time="2.04" />
  <testcase classname="ptolemy.util.test.junit.AutoTests" name="[19] /home/travis/build/icyphy/ptII/ptolemy/domains/de/test/auto/DepthTest1.xml (RunModel)" time="0.009" />
  <testcase classname="ptolemy.util.test.junit.AutoTests" name="[20] /home/travis/build/icyphy/ptII/ptolemy/domains/de/test/auto/DepthTest2.xml (RunModel)" time="0.018" />
  <testcase classname="ptolemy.util.test.junit.AutoTests" name="[21] /home/travis/build/icyphy/ptII/ptolemy/domains/de/test/auto/DepthTest3.xml (RunModel)" time="0.009" />
  <testcase classname="ptolemy.util.test.junit.AutoTests" name="[22] /home/travis/build/icyphy/ptII/ptolemy/domains/de/test/auto/DepthTest4.xml (RunModel)" time="0.026" />
  <testcase classname="ptolemy.util.test.junit.AutoTests" name="[23] /home/travis/build/icyphy/ptII/ptolemy/domains/de/test/auto/DepthTest5.xml (RunModel)" time="0.014" />
  <testcase classname="ptolemy.util.test.junit.AutoTests" name="[24] /home/travis/build/icyphy/ptII/ptolemy/domains/de/test/auto/DepthTest6.xml (RunModel)" time="0.011" />
  <testcase classname="ptolemy.util.test.junit.AutoTests" name="[25] /home/travis/build/icyphy/ptII/ptolemy/domains/de/test/auto/DepthTest7.xml (RunModel)" time="0.009" />
  <testcase classname="ptolemy.util.test.junit.AutoTests" name="[26] /home/travis/build/icyphy/ptII/ptolemy/domains/de/test/auto/EventToDate.xml (RunModel)" time="3.046" />
  <testcase classname="ptolemy.util.test.junit.AutoTests" name="[27] /home/travis/build/icyphy/ptII/ptolemy/domains/de/test/auto/FSM1.xml (RunModel)" time="0.036" />
  <testcase classname="ptolemy.util.test.junit.AutoTests" name="[28] /home/travis/build/icyphy/ptII/ptolemy/domains/de/test/auto/FSM7.xml (RunModel)" time="0.043" />
  <testcase classname="ptolemy.util.test.junit.AutoTests" name="[29] /home/travis/build/icyphy/ptII/ptolemy/domains/de/test/auto/Inspection.xml (RunModel)" time="0.045" />
  <testcase classname="ptolemy.util.test.junit.AutoTests" name="[30] /home/travis/build/icyphy/ptII/ptolemy/domains/de/test/auto/Iteration.xml (RunModel)" time="0.027" />
  <testcase classname="ptolemy.util.test.junit.AutoTests" name="[31] /home/travis/build/icyphy/ptII/ptolemy/domains/de/test/auto/LineFault.xml (RunModel)" time="0.62" />
  <testcase classname="ptolemy.util.test.junit.AutoTests" name="[32] /home/travis/build/icyphy/ptII/ptolemy/domains/de/test/auto/MergeModel1Add.xml (RunModel)" time="0.047" />
  <testcase classname="ptolemy.util.test.junit.AutoTests" name="[33] /home/travis/build/icyphy/ptII/ptolemy/domains/de/test/auto/MergeModel2Add.xml (RunModel)" time="0.032" />
  <testcase classname="ptolemy.util.test.junit.AutoTests" name="[34] /home/travis/build/icyphy/ptII/ptolemy/domains/de/test/auto/MergeModel3Add.xml (RunModel)" time="0.044" />
  <testcase classname="ptolemy.util.test.junit.AutoTests" name="[35] /home/travis/build/icyphy/ptII/ptolemy/domains/de/test/auto/MergeWithoutDiscard.xml (RunModel)" time="0.009" />
  <testcase classname="ptolemy.util.test.junit.AutoTests" name="[36] /home/travis/build/icyphy/ptII/ptolemy/domains/de/test/auto/Modal1.xml (RunModel)" time="0.031" />
  <testcase classname="ptolemy.util.test.junit.AutoTests" name="[37] /home/travis/build/icyphy/ptII/ptolemy/domains/de/test/auto/Modal2.xml (RunModel)" time="0.025" />
  <testcase classname="ptolemy.util.test.junit.AutoTests" name="[38] /home/travis/build/icyphy/ptII/ptolemy/domains/de/test/auto/Modal3.xml (RunModel)" time="0.023" />
  <testcase classname="ptolemy.util.test.junit.AutoTests" name="[39] /home/travis/build/icyphy/ptII/ptolemy/domains/de/test/auto/Modal4.xml (RunModel)" time="0.027" />
  <testcase classname="ptolemy.util.test.junit.AutoTests" name="[40] /home/travis/build/icyphy/ptII/ptolemy/domains/de/test/auto/Modal5.xml (RunModel)" time="0.025" />
  <testcase classname="ptolemy.util.test.junit.AutoTests" name="[41] /home/travis/build/icyphy/ptII/ptolemy/domains/de/test/auto/Modal6.xml (RunModel)" time="0.025" />
  <testcase classname="ptolemy.util.test.junit.AutoTests" name="[42] /home/travis/build/icyphy/ptII/ptolemy/domains/de/test/auto/Modal7.xml (RunModel)" time="0.026" />
  <testcase classname="ptolemy.util.test.junit.AutoTests" name="[43] /home/travis/build/icyphy/ptII/ptolemy/domains/de/test/auto/ModalModel.xml (RunModel)" time="0.171" />
  <testcase classname="ptolemy.util.test.junit.AutoTests" name="[44] /home/travis/build/icyphy/ptII/ptolemy/domains/de/test/auto/ModalSource.xml (RunModel)" time="0.017" />
  <testcase classname="ptolemy.util.test.junit.AutoTests" name="[45] /home/travis/build/icyphy/ptII/ptolemy/domains/de/test/auto/NonInterruptibleTimerZeroDelay.xml (RunModel)" time="0.008" />
  <testcase classname="ptolemy.util.test.junit.AutoTests" name="[46] /home/travis/build/icyphy/ptII/ptolemy/domains/de/test/auto/OpenQueueingNetwork.xml (RunModel)" time="2.396" />
  <testcase classname="ptolemy.util.test.junit.AutoTests" name="[47] /home/travis/build/icyphy/ptII/ptolemy/domains/de/test/auto/OpenQueuingNetwork.xml (RunModel)" time="0.26" />
  <testcase classname="ptolemy.util.test.junit.AutoTests" name="[48] /home/travis/build/icyphy/ptII/ptolemy/domains/de/test/auto/PeriodicSampler.xml (RunModel)" time="0.009" />
  <testcase classname="ptolemy.util.test.junit.AutoTests" name="[49] /home/travis/build/icyphy/ptII/ptolemy/domains/de/test/auto/PersistentIO.xml (RunModel)" time="0.022" />
  <testcase classname="ptolemy.util.test.junit.AutoTests" name="[50] /home/travis/build/icyphy/ptII/ptolemy/domains/de/test/auto/PortParameterResetOnInitialize.xml (RunModel)" time="0.012" />
  <testcase classname="ptolemy.util.test.junit.AutoTests" name="[51] /home/travis/build/icyphy/ptII/ptolemy/domains/de/test/auto/PortParameterUpdates.xml (RunModel)" time="0.014" />
  <testcase classname="ptolemy.util.test.junit.AutoTests" name="[52] /home/travis/build/icyphy/ptII/ptolemy/domains/de/test/auto/QueueAndServer.xml (RunModel)" time="0.023" />
  <testcase classname="ptolemy.util.test.junit.AutoTests" name="[53] /home/travis/build/icyphy/ptII/ptolemy/domains/de/test/auto/Records.xml (RunModel)" time="0.015" />
  <testcase classname="ptolemy.util.test.junit.AutoTests" name="[54] /home/travis/build/icyphy/ptII/ptolemy/domains/de/test/auto/ResetTransitionWithStartTime1.xml (RunModel)" time="0.018" />
  <testcase classname="ptolemy.util.test.junit.AutoTests" name="[55] /home/travis/build/icyphy/ptII/ptolemy/domains/de/test/auto/ResetTransitionWithStartTime2.xml (RunModel)" time="0.019" />
  <testcase classname="ptolemy.util.test.junit.AutoTests" name="[56] /home/travis/build/icyphy/ptII/ptolemy/domains/de/test/auto/ResetTransitionWithStartTime3.xml (RunModel)" time="0.018" />
  <testcase classname="ptolemy.util.test.junit.AutoTests" name="[57] /home/travis/build/icyphy/ptII/ptolemy/domains/de/test/auto/ResetTransitionWithStartTime4.xml (RunModel)" time="0.014" />
  <testcase classname="ptolemy.util.test.junit.AutoTests" name="[58] /home/travis/build/icyphy/ptII/ptolemy/domains/de/test/auto/ResettableTimer1.xml (RunModel)" time="0.009" />
  <testcase classname="ptolemy.util.test.junit.AutoTests" name="[59] /home/travis/build/icyphy/ptII/ptolemy/domains/de/test/auto/ResettableTimer2.xml (RunModel)" time="0.008" />
  <testcase classname="ptolemy.util.test.junit.AutoTests" name="[60] /home/travis/build/icyphy/ptII/ptolemy/domains/de/test/auto/ResettableTimer3.xml (RunModel)" time="0.009" />
  <testcase classname="ptolemy.util.test.junit.AutoTests" name="[61] /home/travis/build/icyphy/ptII/ptolemy/domains/de/test/auto/ResettableTimer4.xml (RunModel)" time="0.008" />
  <testcase classname="ptolemy.util.test.junit.AutoTests" name="[62] /home/travis/build/icyphy/ptII/ptolemy/domains/de/test/auto/ResettableTimer5.xml (RunModel)" time="0.008" />
  <testcase classname="ptolemy.util.test.junit.AutoTests" name="[63] /home/travis/build/icyphy/ptII/ptolemy/domains/de/test/auto/ResettableTimer6.xml (RunModel)" time="0.013" />
  <testcase classname="ptolemy.util.test.junit.AutoTests" name="[64] /home/travis/build/icyphy/ptII/ptolemy/domains/de/test/auto/ServerZeroDelay.xml (RunModel)" time="0.009" />
  <testcase classname="ptolemy.util.test.junit.AutoTests" name="[65] /home/travis/build/icyphy/ptII/ptolemy/domains/de/test/auto/SmartSender.xml (RunModel)" time="3.008" />
  <testcase classname="ptolemy.util.test.junit.AutoTests" name="[66] /home/travis/build/icyphy/ptII/ptolemy/domains/de/test/auto/ThreadedComposite.xml (RunModel)" time="0.099" />
  <testcase classname="ptolemy.util.test.junit.AutoTests" name="[67] /home/travis/build/icyphy/ptII/ptolemy/domains/de/test/auto/Time.xml (RunModel)" time="0.368" />
  <testcase classname="ptolemy.util.test.junit.AutoTests" name="[68] /home/travis/build/icyphy/ptII/ptolemy/domains/de/test/auto/TimeDelayZeroDelay.xml (RunModel)" time="0.01" />
  <testcase classname="ptolemy.util.test.junit.AutoTests" name="[69] /home/travis/build/icyphy/ptII/ptolemy/domains/de/test/auto/TimerZeroDelay.xml (RunModel)" time="0.01" />
  <testcase classname="ptolemy.util.test.junit.AutoTests" name="[70] /home/travis/build/icyphy/ptII/ptolemy/domains/de/test/auto/TimingParadox.xml (RunModel)" time="0.344" />
  <testcase classname="ptolemy.util.test.junit.AutoTests" name="[71] /home/travis/build/icyphy/ptII/ptolemy/domains/de/test/auto/TransferInputs.xml (RunModel)" time="0.015" />
  <testcase classname="ptolemy.util.test.junit.AutoTests" name="[72] /home/travis/build/icyphy/ptII/ptolemy/domains/de/test/auto/TransferOutputs2.xml (RunModel)" time="0.016" />
  <testcase classname="ptolemy.util.test.junit.AutoTests" name="[73] /home/travis/build/icyphy/ptII/ptolemy/domains/de/test/auto/Trilateration.xml (RunModel)" time="9.873" />
  <testcase classname="ptolemy.util.test.junit.AutoTests" name="[74] /home/travis/build/icyphy/ptII/ptolemy/domains/de/test/auto/TwoSigmaDelta.xml (RunModel)" time="1.602" />
  <testcase classname="ptolemy.util.test.junit.AutoTests" name="[75] /home/travis/build/icyphy/ptII/ptolemy/domains/de/test/auto/VariableDelay.xml (RunModel)" time="0.013" />
  <testcase classname="ptolemy.util.test.junit.AutoTests" name="[76] /home/travis/build/icyphy/ptII/ptolemy/domains/de/test/auto/VariableDelay2.xml (RunModel)" time="0.011" />
  <testcase classname="ptolemy.util.test.junit.AutoTests" name="[77] /home/travis/build/icyphy/ptII/ptolemy/domains/de/test/auto/VariableDelayZeroDelay.xml (RunModel)" time="0.01" />
  <testcase classname="ptolemy.util.test.junit.AutoTests" name="[78] /home/travis/build/icyphy/ptII/ptolemy/domains/de/test/auto/VariableDelayZeroDelay2.xml (RunModel)" time="0.008" />
  <testcase classname="ptolemy.util.test.junit.AutoTests" name="[79] /home/travis/build/icyphy/ptII/ptolemy/domains/de/test/auto/deInCt.xml (RunModel)" time="0.013" />
  <testcase classname="ptolemy.util.test.junit.AutoTests" name="[80] /home/travis/build/icyphy/ptII/ptolemy/domains/de/test/auto/deInCt2.xml (RunModel)" time="0.016" />
  <testcase classname="ptolemy.util.test.junit.AutoTests" name="[81] /home/travis/build/icyphy/ptII/ptolemy/domains/de/test/auto/dynamicCausalityInterface1.xml (RunModel)" time="0.016" />
  <testcase classname="ptolemy.util.test.junit.AutoTests" name="[82] /home/travis/build/icyphy/ptII/ptolemy/domains/de/test/auto/fsm_de_test.xml (RunModel)" time="0.03" />
  <testcase classname="ptolemy.util.test.junit.AutoTests" name="[83] /home/travis/build/icyphy/ptII/ptolemy/domains/de/test/auto/functionDependencyReconstruction.xml (RunModel)" time="0.026" />
  <testcase classname="ptolemy.util.test.junit.AutoTests" name="[84] /home/travis/build/icyphy/ptII/ptolemy/domains/de/test/auto/multirate.xml (RunModel)" time="0.013" />
  <testcase classname="ptolemy.util.test.junit.AutoTests" name="[85] /home/travis/build/icyphy/ptII/ptolemy/domains/de/test/auto/multirate2.xml (RunModel)" time="0.012" />
  <testcase classname="ptolemy.util.test.junit.AutoTests" name="[86] /home/travis/build/icyphy/ptII/ptolemy/domains/de/test/auto/realtime.xml (RunModel)" time="10.01" />
  <testcase classname="ptolemy.util.test.junit.AutoTests" name="[87] /home/travis/build/icyphy/ptII/ptolemy/domains/de/test/auto/relationGroup.xml (RunModel)" time="0.017" />
  <testcase classname="ptolemy.util.test.junit.AutoTests" name="[88] /home/travis/build/icyphy/ptII/ptolemy/domains/de/test/auto/relationGroup2.xml (RunModel)" time="0.006" />
  <testcase classname="ptolemy.util.test.junit.AutoTests" name="[89] /home/travis/build/icyphy/ptII/ptolemy/domains/de/test/auto/sortWithOpaquePorts.xml (RunModel)" time="0.007" />
  <testcase classname="ptolemy.util.test.junit.AutoTests" name="[90] /home/travis/build/icyphy/ptII/ptolemy/domains/de/test/auto/transferInputsandOutputs.xml (RunModel)" time="0.013" />
  <testcase classname="ptolemy.util.test.junit.AutoTests" name="[91] /home/travis/build/icyphy/ptII/ptolemy/domains/de/test/auto/triggerType.xml (RunModel)" time="0.009" />
  <system-out><![CDATA[/home/travis/build/icyphy/ptII/ptolemy/domains/de/test/DependencyLoop.tcl
testDefs.tcl: setting time out to 9000 seconds at Tue Jun 09 14:36:37 UTC 2020
96 ms. Memory: 129024K Free: 78791K (61%)
26 ms. Memory: 129024K Free: 61383K (48%)
/home/travis/build/icyphy/ptII/ptolemy/domains/de/test/RunDETestsAsQSS.tcl
Run the DE tests using ptolemy.domains.qss.test.QSSDirectorTest, which extends QSSDirector and prints a message in the constructors.
------------------ testing $PTII/ptolemy/domains/de/test/auto/knownFailedTests/DirectFeedback.xml (Known Failure) 
40 ms. Memory: 129024K Free: 56263K (44%)


==== $PTIIhome/travis/build/icyphy/ptII/ptolemy/domains/de/test/../../../../: Auto Automatic test in file $PTII/ptolemy/domains/de/test/auto/knownFailedTests/DirectFeedback.xml
==== Contents of test case:

	    # FIXME: we should use $relativeFilename here, but it
	    # might have backslashes under Windows, which causes no end
	    # of trouble.
	    createAndExecute $file
	    list {}
	
.... Test generated KNOWN error:
    while executing
ptolemy.kernel.util.IllegalActionException: Test fails in iteration 1.
Value was: 1.0. Should have been: 2.0
  in .DirectFeedback.Test
	at ptolemy.actor.lib.Test.fire(Test.java:268)
	at ptolemy.domains.de.kernel.DEDirector._fire(DEDirector.java:1949)
	at ptolemy.domains.de.kernel.DEDirector.fire(DEDirector.java:502)
	at ptolemy.actor.CompositeActor.fire(CompositeActor.java:455)
	at ptolemy.actor.Manager.iterate(Manager.java:851)
	at ptolemy.actor.Manager.execute(Manager.java:369)
	at ptolemy.actor.Manager.run(Manager.java:1263)
	at ptolemy.actor.Manager$PtolemyRunThread.run(Manager.java:1933)

    while executing
ptolemy.kernel.util.IllegalActionException: Test fails in iteration 1.
Value was: 1.0. Should have been: 2.0
  in .DirectFeedback.Test
    while executing
"java::new ptolemy.moml.MoMLSimpleApplication $file
"
    (procedure "createAndExecute" line 2)
    invoked from within
"createAndExecute $file"
    ("uplevel" body line 5)
    invoked from within
"uplevel $contents_of_test"
------------------ testing $PTII/ptolemy/domains/de/test/auto/knownFailedTests/dependencyLoop.xml (Known Failure) 
14 ms. Memory: 129024K Free: 53191K (41%)


==== $PTIIhome/travis/build/icyphy/ptII/ptolemy/domains/de/test/../../../../: Auto Automatic test in file $PTII/ptolemy/domains/de/test/auto/knownFailedTests/dependencyLoop.xml
==== Contents of test case:

	    # FIXME: we should use $relativeFilename here, but it
	    # might have backslashes under Windows, which causes no end
	    # of trouble.
	    createAndExecute $file
	    list {}
	
.... Test generated KNOWN error:
    while executing
ptolemy.kernel.util.IllegalActionException: Found a zero delay loop containing .dependencyLoop.original
  in .dependencyLoop and .dependencyLoop.original
	at ptolemy.actor.util.CausalityInterfaceForComposites._computeOutputPortDepth(CausalityInterfaceForComposites.java:759)
	at ptolemy.actor.util.CausalityInterfaceForComposites._computeInputDepth(CausalityInterfaceForComposites.java:696)
	at ptolemy.actor.util.CausalityInterfaceForComposites._computeOutputPortDepth(CausalityInterfaceForComposites.java:765)
	at ptolemy.actor.util.CausalityInterfaceForComposites._computeInputDepth(CausalityInterfaceForComposites.java:696)
	at ptolemy.actor.util.CausalityInterfaceForComposites._computeOutputPortDepth(CausalityInterfaceForComposites.java:765)
	at ptolemy.actor.util.CausalityInterfaceForComposites._computeInputDepth(CausalityInterfaceForComposites.java:696)
	at ptolemy.actor.util.CausalityInterfaceForComposites._computeActorDepth(CausalityInterfaceForComposites.java:532)
	at ptolemy.actor.util.CausalityInterfaceForComposites.checkForCycles(CausalityInterfaceForComposites.java:96)
	at ptolemy.domains.de.kernel.DEDirector.preinitialize(DEDirector.java:1338)
	at ptolemy.actor.CompositeActor.preinitialize(CompositeActor.java:1828)
	at ptolemy.actor.Manager.preinitializeAndResolveTypes(Manager.java:1040)
	at ptolemy.actor.Manager.initialize(Manager.java:710)
	at ptolemy.actor.Manager.execute(Manager.java:356)
	at ptolemy.actor.Manager.run(Manager.java:1263)
	at ptolemy.actor.Manager$PtolemyRunThread.run(Manager.java:1933)

    while executing
ptolemy.kernel.util.IllegalActionException: Found a zero delay loop containing .dependencyLoop.original
  in .dependencyLoop and .dependencyLoop.original
    while executing
"java::new ptolemy.moml.MoMLSimpleApplication $file
"
    (procedure "createAndExecute" line 2)
    invoked from within
"createAndExecute $file"
    ("uplevel" body line 5)
    invoked from within
"uplevel $contents_of_test"
------------------ testing $PTII/ptolemy/domains/de/test/auto/knownFailedTests/FSMSource.xml (Known Failure) 
70 ms. Memory: 129024K Free: 111580K (86%)
!!!! Auto was marked as failing, but now passes
------------------ testing $PTII/ptolemy/domains/de/test/auto/knownFailedTests/HierarchicalModel.xml (Known Failure) 
11 ms. Memory: 129024K Free: 94204K (73%)


==== $PTIIhome/travis/build/icyphy/ptII/ptolemy/domains/de/test/../../../../: Auto Automatic test in file $PTII/ptolemy/domains/de/test/auto/knownFailedTests/HierarchicalModel.xml
==== Contents of test case:

	    # FIXME: we should use $relativeFilename here, but it
	    # might have backslashes under Windows, which causes no end
	    # of trouble.
	    createAndExecute $file
	    list {}
	
.... Test generated KNOWN error:
    while executing
ptolemy.kernel.util.IllegalActionException: Found a zero delay loop containing .HierarchicalModel.A
  in .HierarchicalModel and .HierarchicalModel.A
	at ptolemy.actor.util.CausalityInterfaceForComposites._computeOutputPortDepth(CausalityInterfaceForComposites.java:759)
	at ptolemy.actor.util.CausalityInterfaceForComposites._computeInputDepth(CausalityInterfaceForComposites.java:696)
	at ptolemy.actor.util.CausalityInterfaceForComposites._computeOutputPortDepth(CausalityInterfaceForComposites.java:765)
	at ptolemy.actor.util.CausalityInterfaceForComposites._computeInputDepth(CausalityInterfaceForComposites.java:696)
	at ptolemy.actor.util.CausalityInterfaceForComposites._computeOutputPortDepth(CausalityInterfaceForComposites.java:765)
	at ptolemy.actor.util.CausalityInterfaceForComposites._computeInputDepth(CausalityInterfaceForComposites.java:696)
	at ptolemy.actor.util.CausalityInterfaceForComposites._computeActorDepth(CausalityInterfaceForComposites.java:532)
	at ptolemy.actor.util.CausalityInterfaceForComposites.checkForCycles(CausalityInterfaceForComposites.java:96)
	at ptolemy.domains.de.kernel.DEDirector.preinitialize(DEDirector.java:1338)
	at ptolemy.actor.CompositeActor.preinitialize(CompositeActor.java:1828)
	at ptolemy.actor.Manager.preinitializeAndResolveTypes(Manager.java:1040)
	at ptolemy.actor.Manager.initialize(Manager.java:710)
	at ptolemy.actor.Manager.execute(Manager.java:356)
	at ptolemy.actor.Manager.run(Manager.java:1263)
	at ptolemy.actor.Manager$PtolemyRunThread.run(Manager.java:1933)

    while executing
ptolemy.kernel.util.IllegalActionException: Found a zero delay loop containing .HierarchicalModel.A
  in .HierarchicalModel and .HierarchicalModel.A
    while executing
"java::new ptolemy.moml.MoMLSimpleApplication $file
"
    (procedure "createAndExecute" line 2)
    invoked from within
"createAndExecute $file"
    ("uplevel" body line 5)
    invoked from within
"uplevel $contents_of_test"
------------------ testing $PTII/ptolemy/domains/de/test/auto/knownFailedTests/dependencyLoop2.xml (Known Failure) 
8 ms. Memory: 129024K Free: 78098K (61%)


==== $PTIIhome/travis/build/icyphy/ptII/ptolemy/domains/de/test/../../../../: Auto Automatic test in file $PTII/ptolemy/domains/de/test/auto/knownFailedTests/dependencyLoop2.xml
==== Contents of test case:

	    # FIXME: we should use $relativeFilename here, but it
	    # might have backslashes under Windows, which causes no end
	    # of trouble.
	    createAndExecute $file
	    list {}
	
.... Test generated KNOWN error:
    while executing
ptolemy.kernel.util.IllegalActionException: Found a zero delay loop containing .dependencyLoop2.original
  in .dependencyLoop2 and .dependencyLoop2.original
	at ptolemy.actor.util.CausalityInterfaceForComposites._computeOutputPortDepth(CausalityInterfaceForComposites.java:759)
	at ptolemy.actor.util.CausalityInterfaceForComposites._computeInputDepth(CausalityInterfaceForComposites.java:696)
	at ptolemy.actor.util.CausalityInterfaceForComposites._computeOutputPortDepth(CausalityInterfaceForComposites.java:765)
	at ptolemy.actor.util.CausalityInterfaceForComposites._computeInputDepth(CausalityInterfaceForComposites.java:696)
	at ptolemy.actor.util.CausalityInterfaceForComposites._computeOutputPortDepth(CausalityInterfaceForComposites.java:765)
	at ptolemy.actor.util.CausalityInterfaceForComposites._computeInputDepth(CausalityInterfaceForComposites.java:696)
	at ptolemy.actor.util.CausalityInterfaceForComposites._computeActorDepth(CausalityInterfaceForComposites.java:532)
	at ptolemy.actor.util.CausalityInterfaceForComposites.checkForCycles(CausalityInterfaceForComposites.java:96)
	at ptolemy.domains.de.kernel.DEDirector.preinitialize(DEDirector.java:1338)
	at ptolemy.actor.CompositeActor.preinitialize(CompositeActor.java:1828)
	at ptolemy.actor.Manager.preinitializeAndResolveTypes(Manager.java:1040)
	at ptolemy.actor.Manager.initialize(Manager.java:710)
	at ptolemy.actor.Manager.execute(Manager.java:356)
	at ptolemy.actor.Manager.run(Manager.java:1263)
	at ptolemy.actor.Manager$PtolemyRunThread.run(Manager.java:1933)

    while executing
ptolemy.kernel.util.IllegalActionException: Found a zero delay loop containing .dependencyLoop2.original
  in .dependencyLoop2 and .dependencyLoop2.original
    while executing
"java::new ptolemy.moml.MoMLSimpleApplication $file
"
    (procedure "createAndExecute" line 2)
    invoked from within
"createAndExecute $file"
    ("uplevel" body line 5)
    invoked from within
"uplevel $contents_of_test"
------------------ testing $PTII/ptolemy/domains/de/test/auto/knownFailedTests/DESDFClockTest.xml (Known Failure) 
2040 ms. Memory: 129024K Free: 108295K (84%)


==== $PTIIhome/travis/build/icyphy/ptII/ptolemy/domains/de/test/../../../../: Auto Automatic test in file $PTII/ptolemy/domains/de/test/auto/knownFailedTests/DESDFClockTest.xml
==== Contents of test case:

	    # FIXME: we should use $relativeFilename here, but it
	    # might have backslashes under Windows, which causes no end
	    # of trouble.
	    createAndExecute $file
	    list {}
	
.... Test generated KNOWN error:
    while executing
ptolemy.kernel.util.IllegalActionException: Actor is not ready to fire.  Perhaps UpSample.prefire() returned false? Try debugging the actor by selecting "Listen to Actor".  Also, for SDF check moml for tokenConsumptionRate on input.
  in .DESDFClockTest.Play Bell.Copy1:SDF Director and .DESDFClockTest.Play Bell.UpSample
	at ptolemy.actor.sched.StaticSchedulingDirector.fire(StaticSchedulingDirector.java:227)
	at ptolemy.domains.sdf.kernel.SDFDirector.fire(SDFDirector.java:500)
	at ptolemy.actor.CompositeActor.fire(CompositeActor.java:455)
	at ptolemy.domains.de.kernel.DEDirector._fire(DEDirector.java:1949)
	at ptolemy.domains.de.kernel.DEDirector.fire(DEDirector.java:502)
	at ptolemy.actor.CompositeActor.fire(CompositeActor.java:455)
	at ptolemy.actor.Manager.iterate(Manager.java:851)
	at ptolemy.actor.Manager.execute(Manager.java:369)
	at ptolemy.actor.Manager.run(Manager.java:1263)
	at ptolemy.actor.Manager$PtolemyRunThread.run(Manager.java:1933)

    while executing
ptolemy.kernel.util.IllegalActionException: Actor is not ready to fire.  Perhaps UpSample.prefire() returned false? Try debugging the actor by selecting "Listen to Actor".  Also, for SDF check moml for tokenConsumptionRate on input.
  in .DESDFClockTest.Play Bell.Copy1:SDF Director and .DESDFClockTest.Play Bell.UpSample
    while executing
"java::new ptolemy.moml.MoMLSimpleApplication $file
"
    (procedure "createAndExecute" line 2)
    invoked from within
"createAndExecute $file"
    ("uplevel" body line 5)
    invoked from within
"uplevel $contents_of_test"
------------------ testing $PTII/ptolemy/domains/de/test/auto/ActorDepthCalculation_actorWithoutPorts.xml
auto.tcl: Setting watchdog for 200 seconds at Tue Jun 09 14:36:41 UTC 2020
5 ms. Memory: 129024K Free: 100599K (78%)
ptolemy.util.test.WatchDog.cancel(): canceling Tue Jun 09 14:36:41 UTC 2020
auto.tcl: Setting watchdog for 200 seconds at Tue Jun 09 14:36:41 UTC 2020
5 ms. Memory: 129024K Free: 99079K (77%)
ptolemy.util.test.WatchDog.cancel(): canceling Tue Jun 09 14:36:41 UTC 2020
------------------ testing $PTII/ptolemy/domains/de/test/auto/AssemblyLine.xml
auto.tcl: Setting watchdog for 200 seconds at Tue Jun 09 14:36:41 UTC 2020
15 ms. Memory: 51200K Free: 27924K (55%)
ptolemy.util.test.WatchDog.cancel(): canceling Tue Jun 09 14:36:41 UTC 2020
auto.tcl: Setting watchdog for 200 seconds at Tue Jun 09 14:36:41 UTC 2020
11 ms. Memory: 51200K Free: 27270K (53%)
ptolemy.util.test.WatchDog.cancel(): canceling Tue Jun 09 14:36:41 UTC 2020
------------------ testing $PTII/ptolemy/domains/de/test/auto/CQBug1.xml
auto.tcl: Setting watchdog for 200 seconds at Tue Jun 09 14:36:41 UTC 2020
2 ms. Memory: 51200K Free: 33826K (66%)
ptolemy.util.test.WatchDog.cancel(): canceling Tue Jun 09 14:36:41 UTC 2020
auto.tcl: Setting watchdog for 200 seconds at Tue Jun 09 14:36:41 UTC 2020
2 ms. Memory: 51200K Free: 33371K (65%)
ptolemy.util.test.WatchDog.cancel(): canceling Tue Jun 09 14:36:41 UTC 2020
------------------ testing $PTII/ptolemy/domains/de/test/auto/CancelFireAt.xml
auto.tcl: Setting watchdog for 200 seconds at Tue Jun 09 14:36:41 UTC 2020
3 ms. Memory: 48128K Free: 31668K (66%)
ptolemy.util.test.WatchDog.cancel(): canceling Tue Jun 09 14:36:41 UTC 2020
auto.tcl: Setting watchdog for 200 seconds at Tue Jun 09 14:36:41 UTC 2020
2 ms. Memory: 48128K Free: 31226K (65%)
ptolemy.util.test.WatchDog.cancel(): canceling Tue Jun 09 14:36:41 UTC 2020
------------------ testing $PTII/ptolemy/domains/de/test/auto/CausalityAndComposabilityAnalysis.xml
auto.tcl: Setting watchdog for 200 seconds at Tue Jun 09 14:36:41 UTC 2020
6 ms. Memory: 48128K Free: 29382K (61%)
ptolemy.util.test.WatchDog.cancel(): canceling Tue Jun 09 14:36:41 UTC 2020
auto.tcl: Setting watchdog for 200 seconds at Tue Jun 09 14:36:41 UTC 2020
4 ms. Memory: 48128K Free: 28932K (60%)
ptolemy.util.test.WatchDog.cancel(): canceling Tue Jun 09 14:36:41 UTC 2020
------------------ testing $PTII/ptolemy/domains/de/test/auto/CausalityInterface1.xml
auto.tcl: Setting watchdog for 200 seconds at Tue Jun 09 14:36:42 UTC 2020
36 ms. Memory: 48128K Free: 28335K (59%)
ptolemy.util.test.WatchDog.cancel(): canceling Tue Jun 09 14:36:42 UTC 2020
auto.tcl: Setting watchdog for 200 seconds at Tue Jun 09 14:36:42 UTC 2020
3 ms. Memory: 48128K Free: 27369K (57%)
ptolemy.util.test.WatchDog.cancel(): canceling Tue Jun 09 14:36:42 UTC 2020
------------------ testing $PTII/ptolemy/domains/de/test/auto/CausalityInterface15.xml
auto.tcl: Setting watchdog for 200 seconds at Tue Jun 09 14:36:42 UTC 2020
9 ms. Memory: 48128K Free: 28297K (59%)
ptolemy.util.test.WatchDog.cancel(): canceling Tue Jun 09 14:36:42 UTC 2020
auto.tcl: Setting watchdog for 200 seconds at Tue Jun 09 14:36:42 UTC 2020
6 ms. Memory: 48128K Free: 27306K (57%)
ptolemy.util.test.WatchDog.cancel(): canceling Tue Jun 09 14:36:42 UTC 2020
------------------ testing $PTII/ptolemy/domains/de/test/auto/CausalityInterface2.xml
auto.tcl: Setting watchdog for 200 seconds at Tue Jun 09 14:36:42 UTC 2020
3 ms. Memory: 48128K Free: 29221K (61%)
ptolemy.util.test.WatchDog.cancel(): canceling Tue Jun 09 14:36:42 UTC 2020
auto.tcl: Setting watchdog for 200 seconds at Tue Jun 09 14:36:42 UTC 2020
2 ms. Memory: 48128K Free: 28307K (59%)
ptolemy.util.test.WatchDog.cancel(): canceling Tue Jun 09 14:36:42 UTC 2020
------------------ testing $PTII/ptolemy/domains/de/test/auto/CausalityInterface3.xml
auto.tcl: Setting watchdog for 200 seconds at Tue Jun 09 14:36:42 UTC 2020
4 ms. Memory: 48128K Free: 28537K (59%)
ptolemy.util.test.WatchDog.cancel(): canceling Tue Jun 09 14:36:42 UTC 2020
auto.tcl: Setting watchdog for 200 seconds at Tue Jun 09 14:36:42 UTC 2020
3 ms. Memory: 48128K Free: 27751K (58%)
ptolemy.util.test.WatchDog.cancel(): canceling Tue Jun 09 14:36:42 UTC 2020
------------------ testing $PTII/ptolemy/domains/de/test/auto/ClockDrift.xml
auto.tcl: Setting watchdog for 200 seconds at Tue Jun 09 14:36:42 UTC 2020
57 ms. Memory: 48128K Free: 21121K (44%)
ptolemy.util.test.WatchDog.cancel(): canceling Tue Jun 09 14:36:42 UTC 2020
auto.tcl: Setting watchdog for 200 seconds at Tue Jun 09 14:36:42 UTC 2020
60 ms. Memory: 48128K Free: 17688K (37%)
ptolemy.util.test.WatchDog.cancel(): canceling Tue Jun 09 14:36:42 UTC 2020
------------------ testing $PTII/ptolemy/domains/de/test/auto/ClockDriftAndValueChange.xml
auto.tcl: Setting watchdog for 200 seconds at Tue Jun 09 14:36:42 UTC 2020
41 ms. Memory: 48128K Free: 21203K (44%)
ptolemy.util.test.WatchDog.cancel(): canceling Tue Jun 09 14:36:42 UTC 2020
auto.tcl: Setting watchdog for 200 seconds at Tue Jun 09 14:36:42 UTC 2020
23 ms. Memory: 48128K Free: 18369K (38%)
ptolemy.util.test.WatchDog.cancel(): canceling Tue Jun 09 14:36:42 UTC 2020
------------------ testing $PTII/ptolemy/domains/de/test/auto/ClockDriftChange.xml
auto.tcl: Setting watchdog for 200 seconds at Tue Jun 09 14:36:42 UTC 2020
21 ms. Memory: 48128K Free: 23245K (48%)
ptolemy.util.test.WatchDog.cancel(): canceling Tue Jun 09 14:36:42 UTC 2020
auto.tcl: Setting watchdog for 200 seconds at Tue Jun 09 14:36:42 UTC 2020
20 ms. Memory: 48128K Free: 20663K (43%)
ptolemy.util.test.WatchDog.cancel(): canceling Tue Jun 09 14:36:42 UTC 2020
------------------ testing $PTII/ptolemy/domains/de/test/auto/ComposableCausalityAnalysis.xml
auto.tcl: Setting watchdog for 200 seconds at Tue Jun 09 14:36:42 UTC 2020
2 ms. Memory: 48128K Free: 27621K (57%)
ptolemy.util.test.WatchDog.cancel(): canceling Tue Jun 09 14:36:42 UTC 2020
auto.tcl: Setting watchdog for 200 seconds at Tue Jun 09 14:36:42 UTC 2020
5 ms. Memory: 48128K Free: 26599K (55%)
ptolemy.util.test.WatchDog.cancel(): canceling Tue Jun 09 14:36:42 UTC 2020
------------------ testing $PTII/ptolemy/domains/de/test/auto/DEFixedPointLimitation.xml
auto.tcl: Setting watchdog for 200 seconds at Tue Jun 09 14:36:42 UTC 2020
4 ms. Memory: 48128K Free: 28952K (60%)
ptolemy.util.test.WatchDog.cancel(): canceling Tue Jun 09 14:36:42 UTC 2020
auto.tcl: Setting watchdog for 200 seconds at Tue Jun 09 14:36:42 UTC 2020
2 ms. Memory: 48128K Free: 28082K (58%)
ptolemy.util.test.WatchDog.cancel(): canceling Tue Jun 09 14:36:42 UTC 2020
------------------ testing $PTII/ptolemy/domains/de/test/auto/DEScheduleTest.xml
auto.tcl: Setting watchdog for 200 seconds at Tue Jun 09 14:36:42 UTC 2020
6 ms. Memory: 48128K Free: 29301K (61%)
ptolemy.util.test.WatchDog.cancel(): canceling Tue Jun 09 14:36:42 UTC 2020
auto.tcl: Setting watchdog for 200 seconds at Tue Jun 09 14:36:42 UTC 2020
3 ms. Memory: 48128K Free: 28522K (59%)
ptolemy.util.test.WatchDog.cancel(): canceling Tue Jun 09 14:36:43 UTC 2020
------------------ testing $PTII/ptolemy/domains/de/test/auto/DEinDEwithStartTimes.xml
auto.tcl: Setting watchdog for 200 seconds at Tue Jun 09 14:36:43 UTC 2020
6 ms. Memory: 48128K Free: 27441K (57%)
ptolemy.util.test.WatchDog.cancel(): canceling Tue Jun 09 14:36:43 UTC 2020
auto.tcl: Setting watchdog for 200 seconds at Tue Jun 09 14:36:43 UTC 2020
5 ms. Memory: 48128K Free: 26417K (55%)
ptolemy.util.test.WatchDog.cancel(): canceling Tue Jun 09 14:36:43 UTC 2020
------------------ testing $PTII/ptolemy/domains/de/test/auto/DEinDEwithStartTimes2.xml
auto.tcl: Setting watchdog for 200 seconds at Tue Jun 09 14:36:43 UTC 2020
7 ms. Memory: 48128K Free: 26626K (55%)
ptolemy.util.test.WatchDog.cancel(): canceling Tue Jun 09 14:36:43 UTC 2020
auto.tcl: Setting watchdog for 200 seconds at Tue Jun 09 14:36:43 UTC 2020
4 ms. Memory: 48128K Free: 25372K (53%)
ptolemy.util.test.WatchDog.cancel(): canceling Tue Jun 09 14:36:43 UTC 2020
------------------ testing $PTII/ptolemy/domains/de/test/auto/DateDemo.xml
auto.tcl: Setting watchdog for 200 seconds at Tue Jun 09 14:36:43 UTC 2020
11 ms. Memory: 48128K Free: 21022K (44%)
ptolemy.util.test.WatchDog.cancel(): canceling Tue Jun 09 14:36:43 UTC 2020
auto.tcl: Setting watchdog for 200 seconds at Tue Jun 09 14:36:43 UTC 2020
6 ms. Memory: 48128K Free: 19435K (40%)
ptolemy.util.test.WatchDog.cancel(): canceling Tue Jun 09 14:36:43 UTC 2020
------------------ testing $PTII/ptolemy/domains/de/test/auto/DateToEvent.xml
auto.tcl: Setting watchdog for 200 seconds at Tue Jun 09 14:36:43 UTC 2020
2009 ms. Memory: 48128K Free: 16707K (35%)
ptolemy.util.test.WatchDog.cancel(): canceling Tue Jun 09 14:36:45 UTC 2020
auto.tcl: Setting watchdog for 200 seconds at Tue Jun 09 14:36:45 UTC 2020
2004 ms. Memory: 48128K Free: 15960K (33%)
ptolemy.util.test.WatchDog.cancel(): canceling Tue Jun 09 14:36:47 UTC 2020
------------------ testing $PTII/ptolemy/domains/de/test/auto/DepthTest1.xml
auto.tcl: Setting watchdog for 200 seconds at Tue Jun 09 14:36:47 UTC 2020
2 ms. Memory: 48128K Free: 29760K (62%)
ptolemy.util.test.WatchDog.cancel(): canceling Tue Jun 09 14:36:47 UTC 2020
auto.tcl: Setting watchdog for 200 seconds at Tue Jun 09 14:36:47 UTC 2020
2 ms. Memory: 48128K Free: 29378K (61%)
ptolemy.util.test.WatchDog.cancel(): canceling Tue Jun 09 14:36:47 UTC 2020
------------------ testing $PTII/ptolemy/domains/de/test/auto/DepthTest2.xml
auto.tcl: Setting watchdog for 200 seconds at Tue Jun 09 14:36:47 UTC 2020
7 ms. Memory: 48128K Free: 26576K (55%)
ptolemy.util.test.WatchDog.cancel(): canceling Tue Jun 09 14:36:47 UTC 2020
auto.tcl: Setting watchdog for 200 seconds at Tue Jun 09 14:36:47 UTC 2020
2 ms. Memory: 48128K Free: 26195K (54%)
ptolemy.util.test.WatchDog.cancel(): canceling Tue Jun 09 14:36:47 UTC 2020
------------------ testing $PTII/ptolemy/domains/de/test/auto/DepthTest3.xml
auto.tcl: Setting watchdog for 200 seconds at Tue Jun 09 14:36:47 UTC 2020
3 ms. Memory: 48128K Free: 30088K (63%)
ptolemy.util.test.WatchDog.cancel(): canceling Tue Jun 09 14:36:47 UTC 2020
auto.tcl: Setting watchdog for 200 seconds at Tue Jun 09 14:36:47 UTC 2020
1 ms. Memory: 48128K Free: 29698K (62%)
ptolemy.util.test.WatchDog.cancel(): canceling Tue Jun 09 14:36:47 UTC 2020
------------------ testing $PTII/ptolemy/domains/de/test/auto/DepthTest4.xml
auto.tcl: Setting watchdog for 200 seconds at Tue Jun 09 14:36:47 UTC 2020
6 ms. Memory: 48128K Free: 28439K (59%)
ptolemy.util.test.WatchDog.cancel(): canceling Tue Jun 09 14:36:47 UTC 2020
auto.tcl: Setting watchdog for 200 seconds at Tue Jun 09 14:36:47 UTC 2020
2 ms. Memory: 48128K Free: 27702K (58%)
ptolemy.util.test.WatchDog.cancel(): canceling Tue Jun 09 14:36:47 UTC 2020
------------------ testing $PTII/ptolemy/domains/de/test/auto/DepthTest5.xml
auto.tcl: Setting watchdog for 200 seconds at Tue Jun 09 14:36:47 UTC 2020
5 ms. Memory: 48128K Free: 27846K (58%)
ptolemy.util.test.WatchDog.cancel(): canceling Tue Jun 09 14:36:47 UTC 2020
auto.tcl: Setting watchdog for 200 seconds at Tue Jun 09 14:36:47 UTC 2020
2 ms. Memory: 48128K Free: 27078K (56%)
ptolemy.util.test.WatchDog.cancel(): canceling Tue Jun 09 14:36:47 UTC 2020
------------------ testing $PTII/ptolemy/domains/de/test/auto/DepthTest6.xml
auto.tcl: Setting watchdog for 200 seconds at Tue Jun 09 14:36:47 UTC 2020
4 ms. Memory: 48128K Free: 27577K (57%)
ptolemy.util.test.WatchDog.cancel(): canceling Tue Jun 09 14:36:47 UTC 2020
auto.tcl: Setting watchdog for 200 seconds at Tue Jun 09 14:36:47 UTC 2020
2 ms. Memory: 48128K Free: 27028K (56%)
ptolemy.util.test.WatchDog.cancel(): canceling Tue Jun 09 14:36:47 UTC 2020
------------------ testing $PTII/ptolemy/domains/de/test/auto/DepthTest7.xml
auto.tcl: Setting watchdog for 200 seconds at Tue Jun 09 14:36:47 UTC 2020
2 ms. Memory: 48128K Free: 28371K (59%)
ptolemy.util.test.WatchDog.cancel(): canceling Tue Jun 09 14:36:47 UTC 2020
auto.tcl: Setting watchdog for 200 seconds at Tue Jun 09 14:36:47 UTC 2020
2 ms. Memory: 48128K Free: 27666K (57%)
ptolemy.util.test.WatchDog.cancel(): canceling Tue Jun 09 14:36:47 UTC 2020
------------------ testing $PTII/ptolemy/domains/de/test/auto/EventToDate.xml
auto.tcl: Setting watchdog for 200 seconds at Tue Jun 09 14:36:47 UTC 2020
3005 ms. Memory: 48128K Free: 19129K (40%)
ptolemy.util.test.WatchDog.cancel(): canceling Tue Jun 09 14:36:50 UTC 2020
auto.tcl: Setting watchdog for 200 seconds at Tue Jun 09 14:36:50 UTC 2020
3008 ms. Memory: 48128K Free: 18470K (38%)
ptolemy.util.test.WatchDog.cancel(): canceling Tue Jun 09 14:36:53 UTC 2020
------------------ testing $PTII/ptolemy/domains/de/test/auto/FSM1.xml
auto.tcl: Setting watchdog for 200 seconds at Tue Jun 09 14:36:54 UTC 2020
31 ms. Memory: 48128K Free: 20366K (42%)
ptolemy.util.test.WatchDog.cancel(): canceling Tue Jun 09 14:36:54 UTC 2020
auto.tcl: Setting watchdog for 200 seconds at Tue Jun 09 14:36:54 UTC 2020
16 ms. Memory: 48128K Free: 17117K (36%)
ptolemy.util.test.WatchDog.cancel(): canceling Tue Jun 09 14:36:54 UTC 2020
------------------ testing $PTII/ptolemy/domains/de/test/auto/FSM7.xml
auto.tcl: Setting watchdog for 200 seconds at Tue Jun 09 14:36:54 UTC 2020
23 ms. Memory: 48128K Free: 20051K (42%)
ptolemy.util.test.WatchDog.cancel(): canceling Tue Jun 09 14:36:54 UTC 2020
auto.tcl: Setting watchdog for 200 seconds at Tue Jun 09 14:36:54 UTC 2020
17 ms. Memory: 48128K Free: 16937K (35%)
ptolemy.util.test.WatchDog.cancel(): canceling Tue Jun 09 14:36:54 UTC 2020
------------------ testing $PTII/ptolemy/domains/de/test/auto/Inspection.xml
auto.tcl: Setting watchdog for 200 seconds at Tue Jun 09 14:36:54 UTC 2020
16 ms. Memory: 48128K Free: 20100K (42%)
ptolemy.util.test.WatchDog.cancel(): canceling Tue Jun 09 14:36:54 UTC 2020
auto.tcl: Setting watchdog for 200 seconds at Tue Jun 09 14:36:54 UTC 2020
14 ms. Memory: 48128K Free: 18362K (38%)
ptolemy.util.test.WatchDog.cancel(): canceling Tue Jun 09 14:36:54 UTC 2020
------------------ testing $PTII/ptolemy/domains/de/test/auto/Iteration.xml
auto.tcl: Setting watchdog for 200 seconds at Tue Jun 09 14:36:54 UTC 2020
5 ms. Memory: 48128K Free: 25863K (54%)
ptolemy.util.test.WatchDog.cancel(): canceling Tue Jun 09 14:36:54 UTC 2020
auto.tcl: Setting watchdog for 200 seconds at Tue Jun 09 14:36:54 UTC 2020
5 ms. Memory: 48128K Free: 24418K (51%)
ptolemy.util.test.WatchDog.cancel(): canceling Tue Jun 09 14:36:54 UTC 2020
------------------ testing $PTII/ptolemy/domains/de/test/auto/LineFault.xml
auto.tcl: Setting watchdog for 200 seconds at Tue Jun 09 14:36:54 UTC 2020
645 ms. Memory: 58368K Free: 37353K (64%)
ptolemy.util.test.WatchDog.cancel(): canceling Tue Jun 09 14:36:55 UTC 2020
auto.tcl: Setting watchdog for 200 seconds at Tue Jun 09 14:36:55 UTC 2020
522 ms. Memory: 58368K Free: 33323K (57%)
ptolemy.util.test.WatchDog.cancel(): canceling Tue Jun 09 14:36:55 UTC 2020
------------------ testing $PTII/ptolemy/domains/de/test/auto/MergeModel1Add.xml
auto.tcl: Setting watchdog for 200 seconds at Tue Jun 09 14:36:55 UTC 2020
23 ms. Memory: 58368K Free: 22018K (38%)
ptolemy.util.test.WatchDog.cancel(): canceling Tue Jun 09 14:36:56 UTC 2020
auto.tcl: Setting watchdog for 200 seconds at Tue Jun 09 14:36:56 UTC 2020
10 ms. Memory: 58368K Free: 20281K (35%)
ptolemy.util.test.WatchDog.cancel(): canceling Tue Jun 09 14:36:56 UTC 2020
------------------ testing $PTII/ptolemy/domains/de/test/auto/MergeModel2Add.xml
auto.tcl: Setting watchdog for 200 seconds at Tue Jun 09 14:36:56 UTC 2020
7 ms. Memory: 55296K Free: 20995K (38%)
ptolemy.util.test.WatchDog.cancel(): canceling Tue Jun 09 14:36:56 UTC 2020
auto.tcl: Setting watchdog for 200 seconds at Tue Jun 09 14:36:56 UTC 2020
6 ms. Memory: 55296K Free: 19014K (34%)
ptolemy.util.test.WatchDog.cancel(): canceling Tue Jun 09 14:36:56 UTC 2020
------------------ testing $PTII/ptolemy/domains/de/test/auto/MergeModel3Add.xml
auto.tcl: Setting watchdog for 200 seconds at Tue Jun 09 14:36:56 UTC 2020
7 ms. Memory: 55296K Free: 20729K (37%)
ptolemy.util.test.WatchDog.cancel(): canceling Tue Jun 09 14:36:56 UTC 2020
auto.tcl: Setting watchdog for 200 seconds at Tue Jun 09 14:36:56 UTC 2020
7 ms. Memory: 55296K Free: 19024K (34%)
ptolemy.util.test.WatchDog.cancel(): canceling Tue Jun 09 14:36:56 UTC 2020
------------------ testing $PTII/ptolemy/domains/de/test/auto/MergeWithoutDiscard.xml
auto.tcl: Setting watchdog for 200 seconds at Tue Jun 09 14:36:56 UTC 2020
1 ms. Memory: 55296K Free: 35887K (65%)
ptolemy.util.test.WatchDog.cancel(): canceling Tue Jun 09 14:36:56 UTC 2020
auto.tcl: Setting watchdog for 200 seconds at Tue Jun 09 14:36:56 UTC 2020
1 ms. Memory: 55296K Free: 35411K (64%)
ptolemy.util.test.WatchDog.cancel(): canceling Tue Jun 09 14:36:56 UTC 2020
------------------ testing $PTII/ptolemy/domains/de/test/auto/Modal1.xml
auto.tcl: Setting watchdog for 200 seconds at Tue Jun 09 14:36:56 UTC 2020
13 ms. Memory: 51200K Free: 23380K (46%)
ptolemy.util.test.WatchDog.cancel(): canceling Tue Jun 09 14:36:56 UTC 2020
auto.tcl: Setting watchdog for 200 seconds at Tue Jun 09 14:36:56 UTC 2020
19 ms. Memory: 51200K Free: 19909K (39%)
ptolemy.util.test.WatchDog.cancel(): canceling Tue Jun 09 14:36:56 UTC 2020
------------------ testing $PTII/ptolemy/domains/de/test/auto/Modal2.xml
auto.tcl: Setting watchdog for 200 seconds at Tue Jun 09 14:36:56 UTC 2020
10 ms. Memory: 51200K Free: 23785K (46%)
ptolemy.util.test.WatchDog.cancel(): canceling Tue Jun 09 14:36:56 UTC 2020
auto.tcl: Setting watchdog for 200 seconds at Tue Jun 09 14:36:56 UTC 2020
14 ms. Memory: 51200K Free: 20280K (40%)
ptolemy.util.test.WatchDog.cancel(): canceling Tue Jun 09 14:36:56 UTC 2020
------------------ testing $PTII/ptolemy/domains/de/test/auto/Modal3.xml
auto.tcl: Setting watchdog for 200 seconds at Tue Jun 09 14:36:56 UTC 2020
9 ms. Memory: 51200K Free: 23200K (45%)
ptolemy.util.test.WatchDog.cancel(): canceling Tue Jun 09 14:36:56 UTC 2020
auto.tcl: Setting watchdog for 200 seconds at Tue Jun 09 14:36:56 UTC 2020
10 ms. Memory: 51200K Free: 20280K (40%)
ptolemy.util.test.WatchDog.cancel(): canceling Tue Jun 09 14:36:56 UTC 2020
------------------ testing $PTII/ptolemy/domains/de/test/auto/Modal4.xml
auto.tcl: Setting watchdog for 200 seconds at Tue Jun 09 14:36:56 UTC 2020
20 ms. Memory: 51200K Free: 22242K (43%)
ptolemy.util.test.WatchDog.cancel(): canceling Tue Jun 09 14:36:56 UTC 2020
auto.tcl: Setting watchdog for 200 seconds at Tue Jun 09 14:36:56 UTC 2020
16 ms. Memory: 51200K Free: 18226K (36%)
ptolemy.util.test.WatchDog.cancel(): canceling Tue Jun 09 14:36:56 UTC 2020
------------------ testing $PTII/ptolemy/domains/de/test/auto/Modal5.xml
auto.tcl: Setting watchdog for 200 seconds at Tue Jun 09 14:36:56 UTC 2020
21 ms. Memory: 51200K Free: 22453K (44%)
ptolemy.util.test.WatchDog.cancel(): canceling Tue Jun 09 14:36:56 UTC 2020
auto.tcl: Setting watchdog for 200 seconds at Tue Jun 09 14:36:56 UTC 2020
12 ms. Memory: 51200K Free: 18645K (36%)
ptolemy.util.test.WatchDog.cancel(): canceling Tue Jun 09 14:36:56 UTC 2020
------------------ testing $PTII/ptolemy/domains/de/test/auto/Modal6.xml
auto.tcl: Setting watchdog for 200 seconds at Tue Jun 09 14:36:56 UTC 2020
15 ms. Memory: 51200K Free: 23234K (45%)
ptolemy.util.test.WatchDog.cancel(): canceling Tue Jun 09 14:36:56 UTC 2020
auto.tcl: Setting watchdog for 200 seconds at Tue Jun 09 14:36:56 UTC 2020
14 ms. Memory: 51200K Free: 19275K (38%)
ptolemy.util.test.WatchDog.cancel(): canceling Tue Jun 09 14:36:56 UTC 2020
------------------ testing $PTII/ptolemy/domains/de/test/auto/Modal7.xml
auto.tcl: Setting watchdog for 200 seconds at Tue Jun 09 14:36:56 UTC 2020
14 ms. Memory: 51200K Free: 22226K (43%)
ptolemy.util.test.WatchDog.cancel(): canceling Tue Jun 09 14:36:56 UTC 2020
auto.tcl: Setting watchdog for 200 seconds at Tue Jun 09 14:36:56 UTC 2020
9 ms. Memory: 51200K Free: 18644K (36%)
ptolemy.util.test.WatchDog.cancel(): canceling Tue Jun 09 14:36:56 UTC 2020
------------------ testing $PTII/ptolemy/domains/de/test/auto/ModalModel.xml
auto.tcl: Setting watchdog for 200 seconds at Tue Jun 09 14:36:56 UTC 2020
191 ms. Memory: 51200K Free: 16406K (32%)
ptolemy.util.test.WatchDog.cancel(): canceling Tue Jun 09 14:36:57 UTC 2020
auto.tcl: Setting watchdog for 200 seconds at Tue Jun 09 14:36:57 UTC 2020
182 ms. Memory: 63488K Free: 26507K (42%)
ptolemy.util.test.WatchDog.cancel(): canceling Tue Jun 09 14:36:57 UTC 2020
------------------ testing $PTII/ptolemy/domains/de/test/auto/ModalSource.xml
auto.tcl: Setting watchdog for 200 seconds at Tue Jun 09 14:36:57 UTC 2020
6 ms. Memory: 58368K Free: 33970K (58%)
ptolemy.util.test.WatchDog.cancel(): canceling Tue Jun 09 14:36:57 UTC 2020
auto.tcl: Setting watchdog for 200 seconds at Tue Jun 09 14:36:57 UTC 2020
7 ms. Memory: 58368K Free: 31971K (55%)
ptolemy.util.test.WatchDog.cancel(): canceling Tue Jun 09 14:36:57 UTC 2020
------------------ testing $PTII/ptolemy/domains/de/test/auto/NonInterruptibleTimerZeroDelay.xml
auto.tcl: Setting watchdog for 200 seconds at Tue Jun 09 14:36:57 UTC 2020
3 ms. Memory: 55296K Free: 36301K (66%)
ptolemy.util.test.WatchDog.cancel(): canceling Tue Jun 09 14:36:57 UTC 2020
auto.tcl: Setting watchdog for 200 seconds at Tue Jun 09 14:36:57 UTC 2020
2 ms. Memory: 55296K Free: 35662K (64%)
ptolemy.util.test.WatchDog.cancel(): canceling Tue Jun 09 14:36:57 UTC 2020
------------------ testing $PTII/ptolemy/domains/de/test/auto/OpenQueueingNetwork.xml
auto.tcl: Setting watchdog for 200 seconds at Tue Jun 09 14:36:57 UTC 2020
2690 ms. Memory: 125952K Free: 95957K (76%)
ptolemy.util.test.WatchDog.cancel(): canceling Tue Jun 09 14:37:00 UTC 2020
auto.tcl: Setting watchdog for 200 seconds at Tue Jun 09 14:37:00 UTC 2020
2290 ms. Memory: 151552K Free: 130129K (86%)
ptolemy.util.test.WatchDog.cancel(): canceling Tue Jun 09 14:37:02 UTC 2020
------------------ testing $PTII/ptolemy/domains/de/test/auto/OpenQueuingNetwork.xml
auto.tcl: Setting watchdog for 200 seconds at Tue Jun 09 14:37:02 UTC 2020
293 ms. Memory: 61440K Free: 37563K (61%)
ptolemy.util.test.WatchDog.cancel(): canceling Tue Jun 09 14:37:03 UTC 2020
auto.tcl: Setting watchdog for 200 seconds at Tue Jun 09 14:37:03 UTC 2020
214 ms. Memory: 73728K Free: 32345K (44%)
ptolemy.util.test.WatchDog.cancel(): canceling Tue Jun 09 14:37:03 UTC 2020
------------------ testing $PTII/ptolemy/domains/de/test/auto/PeriodicSampler.xml
auto.tcl: Setting watchdog for 200 seconds at Tue Jun 09 14:37:03 UTC 2020
8 ms. Memory: 55296K Free: 35548K (64%)
ptolemy.util.test.WatchDog.cancel(): canceling Tue Jun 09 14:37:03 UTC 2020
auto.tcl: Setting watchdog for 200 seconds at Tue Jun 09 14:37:03 UTC 2020
2 ms. Memory: 55296K Free: 35020K (63%)
ptolemy.util.test.WatchDog.cancel(): canceling Tue Jun 09 14:37:03 UTC 2020
------------------ testing $PTII/ptolemy/domains/de/test/auto/PersistentIO.xml
auto.tcl: Setting watchdog for 200 seconds at Tue Jun 09 14:37:03 UTC 2020
14 ms. Memory: 55296K Free: 30472K (55%)
ptolemy.util.test.WatchDog.cancel(): canceling Tue Jun 09 14:37:03 UTC 2020
auto.tcl: Setting watchdog for 200 seconds at Tue Jun 09 14:37:03 UTC 2020
4 ms. Memory: 55296K Free: 28952K (52%)
ptolemy.util.test.WatchDog.cancel(): canceling Tue Jun 09 14:37:03 UTC 2020
------------------ testing $PTII/ptolemy/domains/de/test/auto/PortParameterResetOnInitialize.xml
auto.tcl: Setting watchdog for 200 seconds at Tue Jun 09 14:37:03 UTC 2020
7 ms. Memory: 55296K Free: 35471K (64%)
ptolemy.util.test.WatchDog.cancel(): canceling Tue Jun 09 14:37:03 UTC 2020
auto.tcl: Setting watchdog for 200 seconds at Tue Jun 09 14:37:03 UTC 2020
2 ms. Memory: 55296K Free: 34961K (63%)
ptolemy.util.test.WatchDog.cancel(): canceling Tue Jun 09 14:37:03 UTC 2020
------------------ testing $PTII/ptolemy/domains/de/test/auto/PortParameterUpdates.xml
auto.tcl: Setting watchdog for 200 seconds at Tue Jun 09 14:37:03 UTC 2020
6 ms. Memory: 51200K Free: 29660K (58%)
ptolemy.util.test.WatchDog.cancel(): canceling Tue Jun 09 14:37:03 UTC 2020
auto.tcl: Setting watchdog for 200 seconds at Tue Jun 09 14:37:03 UTC 2020
4 ms. Memory: 51200K Free: 28429K (56%)
ptolemy.util.test.WatchDog.cancel(): canceling Tue Jun 09 14:37:03 UTC 2020
------------------ testing $PTII/ptolemy/domains/de/test/auto/QueueAndServer.xml
auto.tcl: Setting watchdog for 200 seconds at Tue Jun 09 14:37:03 UTC 2020
6 ms. Memory: 51200K Free: 28337K (55%)
ptolemy.util.test.WatchDog.cancel(): canceling Tue Jun 09 14:37:03 UTC 2020
auto.tcl: Setting watchdog for 200 seconds at Tue Jun 09 14:37:03 UTC 2020
5 ms. Memory: 51200K Free: 26864K (52%)
ptolemy.util.test.WatchDog.cancel(): canceling Tue Jun 09 14:37:03 UTC 2020
------------------ testing $PTII/ptolemy/domains/de/test/auto/Records.xml
auto.tcl: Setting watchdog for 200 seconds at Tue Jun 09 14:37:03 UTC 2020
5 ms. Memory: 51200K Free: 30392K (59%)
ptolemy.util.test.WatchDog.cancel(): canceling Tue Jun 09 14:37:03 UTC 2020
auto.tcl: Setting watchdog for 200 seconds at Tue Jun 09 14:37:03 UTC 2020
2 ms. Memory: 51200K Free: 29882K (58%)
ptolemy.util.test.WatchDog.cancel(): canceling Tue Jun 09 14:37:03 UTC 2020
------------------ testing $PTII/ptolemy/domains/de/test/auto/ResetTransitionWithStartTime1.xml
auto.tcl: Setting watchdog for 200 seconds at Tue Jun 09 14:37:03 UTC 2020
12 ms. Memory: 51200K Free: 27861K (54%)
ptolemy.util.test.WatchDog.cancel(): canceling Tue Jun 09 14:37:03 UTC 2020
auto.tcl: Setting watchdog for 200 seconds at Tue Jun 09 14:37:03 UTC 2020
6 ms. Memory: 51200K Free: 25813K (50%)
ptolemy.util.test.WatchDog.cancel(): canceling Tue Jun 09 14:37:03 UTC 2020
------------------ testing $PTII/ptolemy/domains/de/test/auto/ResetTransitionWithStartTime2.xml
auto.tcl: Setting watchdog for 200 seconds at Tue Jun 09 14:37:03 UTC 2020
5 ms. Memory: 51200K Free: 27816K (54%)
ptolemy.util.test.WatchDog.cancel(): canceling Tue Jun 09 14:37:03 UTC 2020
auto.tcl: Setting watchdog for 200 seconds at Tue Jun 09 14:37:03 UTC 2020
6 ms. Memory: 51200K Free: 25768K (50%)
ptolemy.util.test.WatchDog.cancel(): canceling Tue Jun 09 14:37:03 UTC 2020
------------------ testing $PTII/ptolemy/domains/de/test/auto/ResetTransitionWithStartTime3.xml
auto.tcl: Setting watchdog for 200 seconds at Tue Jun 09 14:37:03 UTC 2020
5 ms. Memory: 51200K Free: 27814K (54%)
ptolemy.util.test.WatchDog.cancel(): canceling Tue Jun 09 14:37:04 UTC 2020
auto.tcl: Setting watchdog for 200 seconds at Tue Jun 09 14:37:04 UTC 2020
5 ms. Memory: 51200K Free: 25766K (50%)
ptolemy.util.test.WatchDog.cancel(): canceling Tue Jun 09 14:37:04 UTC 2020
------------------ testing $PTII/ptolemy/domains/de/test/auto/ResetTransitionWithStartTime4.xml
auto.tcl: Setting watchdog for 200 seconds at Tue Jun 09 14:37:04 UTC 2020
6 ms. Memory: 51200K Free: 28262K (55%)
ptolemy.util.test.WatchDog.cancel(): canceling Tue Jun 09 14:37:04 UTC 2020
auto.tcl: Setting watchdog for 200 seconds at Tue Jun 09 14:37:04 UTC 2020
4 ms. Memory: 51200K Free: 26790K (52%)
ptolemy.util.test.WatchDog.cancel(): canceling Tue Jun 09 14:37:04 UTC 2020
------------------ testing $PTII/ptolemy/domains/de/test/auto/ResettableTimer1.xml
auto.tcl: Setting watchdog for 200 seconds at Tue Jun 09 14:37:04 UTC 2020
6 ms. Memory: 51200K Free: 31891K (62%)
ptolemy.util.test.WatchDog.cancel(): canceling Tue Jun 09 14:37:04 UTC 2020
auto.tcl: Setting watchdog for 200 seconds at Tue Jun 09 14:37:04 UTC 2020
2 ms. Memory: 51200K Free: 30867K (60%)
ptolemy.util.test.WatchDog.cancel(): canceling Tue Jun 09 14:37:04 UTC 2020
------------------ testing $PTII/ptolemy/domains/de/test/auto/ResettableTimer2.xml
auto.tcl: Setting watchdog for 200 seconds at Tue Jun 09 14:37:04 UTC 2020
3 ms. Memory: 51200K Free: 31948K (62%)
ptolemy.util.test.WatchDog.cancel(): canceling Tue Jun 09 14:37:04 UTC 2020
auto.tcl: Setting watchdog for 200 seconds at Tue Jun 09 14:37:04 UTC 2020
2 ms. Memory: 51200K Free: 30924K (60%)
ptolemy.util.test.WatchDog.cancel(): canceling Tue Jun 09 14:37:04 UTC 2020
------------------ testing $PTII/ptolemy/domains/de/test/auto/ResettableTimer3.xml
auto.tcl: Setting watchdog for 200 seconds at Tue Jun 09 14:37:04 UTC 2020
2 ms. Memory: 51200K Free: 31947K (62%)
ptolemy.util.test.WatchDog.cancel(): canceling Tue Jun 09 14:37:04 UTC 2020
auto.tcl: Setting watchdog for 200 seconds at Tue Jun 09 14:37:04 UTC 2020
1 ms. Memory: 51200K Free: 31947K (62%)
ptolemy.util.test.WatchDog.cancel(): canceling Tue Jun 09 14:37:04 UTC 2020
------------------ testing $PTII/ptolemy/domains/de/test/auto/ResettableTimer4.xml
auto.tcl: Setting watchdog for 200 seconds at Tue Jun 09 14:37:04 UTC 2020
2 ms. Memory: 51200K Free: 31961K (62%)
ptolemy.util.test.WatchDog.cancel(): canceling Tue Jun 09 14:37:04 UTC 2020
auto.tcl: Setting watchdog for 200 seconds at Tue Jun 09 14:37:04 UTC 2020
1 ms. Memory: 51200K Free: 31447K (61%)
ptolemy.util.test.WatchDog.cancel(): canceling Tue Jun 09 14:37:04 UTC 2020
------------------ testing $PTII/ptolemy/domains/de/test/auto/ResettableTimer5.xml
auto.tcl: Setting watchdog for 200 seconds at Tue Jun 09 14:37:04 UTC 2020
2 ms. Memory: 51200K Free: 31445K (61%)
ptolemy.util.test.WatchDog.cancel(): canceling Tue Jun 09 14:37:04 UTC 2020
auto.tcl: Setting watchdog for 200 seconds at Tue Jun 09 14:37:04 UTC 2020
1 ms. Memory: 51200K Free: 30936K (60%)
ptolemy.util.test.WatchDog.cancel(): canceling Tue Jun 09 14:37:04 UTC 2020
------------------ testing $PTII/ptolemy/domains/de/test/auto/ResettableTimer6.xml
auto.tcl: Setting watchdog for 200 seconds at Tue Jun 09 14:37:04 UTC 2020
2 ms. Memory: 51200K Free: 31435K (61%)
ptolemy.util.test.WatchDog.cancel(): canceling Tue Jun 09 14:37:04 UTC 2020
auto.tcl: Setting watchdog for 200 seconds at Tue Jun 09 14:37:04 UTC 2020
1 ms. Memory: 51200K Free: 30925K (60%)
ptolemy.util.test.WatchDog.cancel(): canceling Tue Jun 09 14:37:04 UTC 2020
------------------ testing $PTII/ptolemy/domains/de/test/auto/ServerZeroDelay.xml
auto.tcl: Setting watchdog for 200 seconds at Tue Jun 09 14:37:04 UTC 2020
2 ms. Memory: 51200K Free: 31941K (62%)
ptolemy.util.test.WatchDog.cancel(): canceling Tue Jun 09 14:37:04 UTC 2020
auto.tcl: Setting watchdog for 200 seconds at Tue Jun 09 14:37:04 UTC 2020
2 ms. Memory: 51200K Free: 30917K (60%)
ptolemy.util.test.WatchDog.cancel(): canceling Tue Jun 09 14:37:04 UTC 2020
------------------ testing $PTII/ptolemy/domains/de/test/auto/SmartSender.xml
auto.tcl: Setting watchdog for 200 seconds at Tue Jun 09 14:37:04 UTC 2020
3000 ms. Memory: 51200K Free: 31935K (62%)
ptolemy.util.test.WatchDog.cancel(): canceling Tue Jun 09 14:37:07 UTC 2020
auto.tcl: Setting watchdog for 200 seconds at Tue Jun 09 14:37:07 UTC 2020
3002 ms. Memory: 51200K Free: 31407K (61%)
ptolemy.util.test.WatchDog.cancel(): canceling Tue Jun 09 14:37:10 UTC 2020
------------------ testing $PTII/ptolemy/domains/de/test/auto/ThreadedComposite.xml
auto.tcl: Setting watchdog for 200 seconds at Tue Jun 09 14:37:10 UTC 2020
169 ms. Memory: 51200K Free: 12493K (24%)
ptolemy.util.test.WatchDog.cancel(): canceling Tue Jun 09 14:37:10 UTC 2020
auto.tcl: Setting watchdog for 200 seconds at Tue Jun 09 14:37:10 UTC 2020
182 ms. Memory: 51200K Free: 25739K (50%)
ptolemy.util.test.WatchDog.cancel(): canceling Tue Jun 09 14:37:10 UTC 2020
------------------ testing $PTII/ptolemy/domains/de/test/auto/Time.xml
auto.tcl: Setting watchdog for 200 seconds at Tue Jun 09 14:37:11 UTC 2020
487 ms. Memory: 51200K Free: 33551K (66%)
ptolemy.util.test.WatchDog.cancel(): canceling Tue Jun 09 14:37:11 UTC 2020
auto.tcl: Setting watchdog for 200 seconds at Tue Jun 09 14:37:11 UTC 2020
409 ms. Memory: 51200K Free: 8244K (16%)
ptolemy.util.test.WatchDog.cancel(): canceling Tue Jun 09 14:37:11 UTC 2020
------------------ testing $PTII/ptolemy/domains/de/test/auto/TimeDelayZeroDelay.xml
auto.tcl: Setting watchdog for 200 seconds at Tue Jun 09 14:37:11 UTC 2020
2 ms. Memory: 51200K Free: 31865K (62%)
ptolemy.util.test.WatchDog.cancel(): canceling Tue Jun 09 14:37:11 UTC 2020
auto.tcl: Setting watchdog for 200 seconds at Tue Jun 09 14:37:11 UTC 2020
2 ms. Memory: 51200K Free: 31381K (61%)
ptolemy.util.test.WatchDog.cancel(): canceling Tue Jun 09 14:37:11 UTC 2020
------------------ testing $PTII/ptolemy/domains/de/test/auto/TimerZeroDelay.xml
auto.tcl: Setting watchdog for 200 seconds at Tue Jun 09 14:37:12 UTC 2020
2 ms. Memory: 51200K Free: 32302K (63%)
ptolemy.util.test.WatchDog.cancel(): canceling Tue Jun 09 14:37:12 UTC 2020
auto.tcl: Setting watchdog for 200 seconds at Tue Jun 09 14:37:12 UTC 2020
2 ms. Memory: 51200K Free: 31908K (62%)
ptolemy.util.test.WatchDog.cancel(): canceling Tue Jun 09 14:37:12 UTC 2020
------------------ testing $PTII/ptolemy/domains/de/test/auto/TimingParadox.xml
auto.tcl: Setting watchdog for 200 seconds at Tue Jun 09 14:37:12 UTC 2020
304 ms. Memory: 51200K Free: 18556K (36%)
ptolemy.util.test.WatchDog.cancel(): canceling Tue Jun 09 14:37:12 UTC 2020
auto.tcl: Setting watchdog for 200 seconds at Tue Jun 09 14:37:12 UTC 2020
259 ms. Memory: 51200K Free: 33741K (66%)
ptolemy.util.test.WatchDog.cancel(): canceling Tue Jun 09 14:37:12 UTC 2020
------------------ testing $PTII/ptolemy/domains/de/test/auto/TransferInputs.xml
auto.tcl: Setting watchdog for 200 seconds at Tue Jun 09 14:37:12 UTC 2020
1 ms. Memory: 51200K Free: 30384K (59%)
ptolemy.util.test.WatchDog.cancel(): canceling Tue Jun 09 14:37:12 UTC 2020
auto.tcl: Setting watchdog for 200 seconds at Tue Jun 09 14:37:12 UTC 2020
1 ms. Memory: 51200K Free: 29463K (58%)
ptolemy.util.test.WatchDog.cancel(): canceling Tue Jun 09 14:37:12 UTC 2020
------------------ testing $PTII/ptolemy/domains/de/test/auto/TransferOutputs2.xml
auto.tcl: Setting watchdog for 200 seconds at Tue Jun 09 14:37:12 UTC 2020
2 ms. Memory: 51200K Free: 27818K (54%)
ptolemy.util.test.WatchDog.cancel(): canceling Tue Jun 09 14:37:12 UTC 2020
auto.tcl: Setting watchdog for 200 seconds at Tue Jun 09 14:37:12 UTC 2020
3 ms. Memory: 51200K Free: 26393K (52%)
ptolemy.util.test.WatchDog.cancel(): canceling Tue Jun 09 14:37:12 UTC 2020
------------------ testing $PTII/ptolemy/domains/de/test/auto/Trilateration.xml
auto.tcl: Setting watchdog for 200 seconds at Tue Jun 09 14:37:12 UTC 2020
12076 ms. Memory: 496640K Free: 363320K (73%)
ptolemy.util.test.WatchDog.cancel(): canceling Tue Jun 09 14:37:26 UTC 2020
auto.tcl: Setting watchdog for 200 seconds at Tue Jun 09 14:37:26 UTC 2020
9291 ms. Memory: 496640K Free: 358817K (72%)
ptolemy.util.test.WatchDog.cancel(): canceling Tue Jun 09 14:37:35 UTC 2020
------------------ testing $PTII/ptolemy/domains/de/test/auto/TwoSigmaDelta.xml
auto.tcl: Setting watchdog for 200 seconds at Tue Jun 09 14:37:35 UTC 2020
2325 ms. Memory: 92160K Free: 33614K (36%)
ptolemy.util.test.WatchDog.cancel(): canceling Tue Jun 09 14:37:37 UTC 2020
auto.tcl: Setting watchdog for 200 seconds at Tue Jun 09 14:37:37 UTC 2020
1712 ms. Memory: 92160K Free: 38768K (42%)
ptolemy.util.test.WatchDog.cancel(): canceling Tue Jun 09 14:37:39 UTC 2020
------------------ testing $PTII/ptolemy/domains/de/test/auto/VariableDelay.xml
auto.tcl: Setting watchdog for 200 seconds at Tue Jun 09 14:37:39 UTC 2020
3 ms. Memory: 55296K Free: 34972K (63%)
ptolemy.util.test.WatchDog.cancel(): canceling Tue Jun 09 14:37:39 UTC 2020
auto.tcl: Setting watchdog for 200 seconds at Tue Jun 09 14:37:39 UTC 2020
2 ms. Memory: 55296K Free: 33956K (61%)
ptolemy.util.test.WatchDog.cancel(): canceling Tue Jun 09 14:37:39 UTC 2020
------------------ testing $PTII/ptolemy/domains/de/test/auto/VariableDelay2.xml
auto.tcl: Setting watchdog for 200 seconds at Tue Jun 09 14:37:39 UTC 2020
3 ms. Memory: 55296K Free: 35557K (64%)
ptolemy.util.test.WatchDog.cancel(): canceling Tue Jun 09 14:37:39 UTC 2020
auto.tcl: Setting watchdog for 200 seconds at Tue Jun 09 14:37:39 UTC 2020
1 ms. Memory: 55296K Free: 35045K (63%)
ptolemy.util.test.WatchDog.cancel(): canceling Tue Jun 09 14:37:39 UTC 2020
------------------ testing $PTII/ptolemy/domains/de/test/auto/VariableDelayZeroDelay.xml
auto.tcl: Setting watchdog for 200 seconds at Tue Jun 09 14:37:39 UTC 2020
2 ms. Memory: 55296K Free: 35898K (65%)
ptolemy.util.test.WatchDog.cancel(): canceling Tue Jun 09 14:37:39 UTC 2020
auto.tcl: Setting watchdog for 200 seconds at Tue Jun 09 14:37:39 UTC 2020
2 ms. Memory: 55296K Free: 35370K (64%)
ptolemy.util.test.WatchDog.cancel(): canceling Tue Jun 09 14:37:39 UTC 2020
------------------ testing $PTII/ptolemy/domains/de/test/auto/VariableDelayZeroDelay2.xml
auto.tcl: Setting watchdog for 200 seconds at Tue Jun 09 14:37:39 UTC 2020
1 ms. Memory: 55296K Free: 35897K (65%)
ptolemy.util.test.WatchDog.cancel(): canceling Tue Jun 09 14:37:39 UTC 2020
auto.tcl: Setting watchdog for 200 seconds at Tue Jun 09 14:37:39 UTC 2020
2 ms. Memory: 55296K Free: 34873K (63%)
ptolemy.util.test.WatchDog.cancel(): canceling Tue Jun 09 14:37:39 UTC 2020
------------------ testing $PTII/ptolemy/domains/de/test/auto/deInCt.xml
auto.tcl: Setting watchdog for 200 seconds at Tue Jun 09 14:37:39 UTC 2020
0
1
1
1
0
0
0
1
1
1
1
1
0
0
0
1
1
0
0
0
1
1
1
0
0
0
1
1
1
1
0
0
0
0
1
1
1
1
7 ms. Memory: 55296K Free: 34871K (63%)
ptolemy.util.test.WatchDog.cancel(): canceling Tue Jun 09 14:37:39 UTC 2020
auto.tcl: Setting watchdog for 200 seconds at Tue Jun 09 14:37:39 UTC 2020
0
1
1
1
0
0
0
0
1
1
1
0
0
0
0
1
1
1
0
0
0
1
1
1
0
0
1
1
1
0
0
0
0
1
1
1
0
0
0
1
1
1
1
5 ms. Memory: 55296K Free: 33333K (60%)
ptolemy.util.test.WatchDog.cancel(): canceling Tue Jun 09 14:37:39 UTC 2020
------------------ testing $PTII/ptolemy/domains/de/test/auto/deInCt2.xml
auto.tcl: Setting watchdog for 200 seconds at Tue Jun 09 14:37:39 UTC 2020
0
1
1
1
0
0
1
1
1
0
0
1
1
1
0
0
1
1
1
0
0
1
1
1
0
0
1
1
1
0
0
1
1
1
0
0
1
1
1
0
0
0
5 ms. Memory: 55296K Free: 34871K (63%)
ptolemy.util.test.WatchDog.cancel(): canceling Tue Jun 09 14:37:39 UTC 2020
auto.tcl: Setting watchdog for 200 seconds at Tue Jun 09 14:37:39 UTC 2020
0
1
1
1
0
0
1
1
1
0
0
1
1
1
0
0
1
1
1
0
0
1
1
1
0
0
1
1
1
0
0
1
1
1
0
0
1
1
1
0
0
0
5 ms. Memory: 55296K Free: 33333K (60%)
ptolemy.util.test.WatchDog.cancel(): canceling Tue Jun 09 14:37:39 UTC 2020
------------------ testing $PTII/ptolemy/domains/de/test/auto/dynamicCausalityInterface1.xml
auto.tcl: Setting watchdog for 200 seconds at Tue Jun 09 14:37:39 UTC 2020
1 ms. Memory: 55296K Free: 30769K (56%)
ptolemy.util.test.WatchDog.cancel(): canceling Tue Jun 09 14:37:39 UTC 2020
auto.tcl: Setting watchdog for 200 seconds at Tue Jun 09 14:37:39 UTC 2020
1 ms. Memory: 55296K Free: 30255K (55%)
ptolemy.util.test.WatchDog.cancel(): canceling Tue Jun 09 14:37:39 UTC 2020
------------------ testing $PTII/ptolemy/domains/de/test/auto/fsm_de_test.xml
auto.tcl: Setting watchdog for 200 seconds at Tue Jun 09 14:37:40 UTC 2020
7 ms. Memory: 55296K Free: 30668K (55%)
ptolemy.util.test.WatchDog.cancel(): canceling Tue Jun 09 14:37:40 UTC 2020
auto.tcl: Setting watchdog for 200 seconds at Tue Jun 09 14:37:40 UTC 2020
5 ms. Memory: 55296K Free: 28620K (52%)
ptolemy.util.test.WatchDog.cancel(): canceling Tue Jun 09 14:37:40 UTC 2020
------------------ testing $PTII/ptolemy/domains/de/test/auto/functionDependencyReconstruction.xml
auto.tcl: Setting watchdog for 200 seconds at Tue Jun 09 14:37:40 UTC 2020
4 ms. Memory: 55296K Free: 24534K (44%)
ptolemy.util.test.WatchDog.cancel(): canceling Tue Jun 09 14:37:40 UTC 2020
auto.tcl: Setting watchdog for 200 seconds at Tue Jun 09 14:37:40 UTC 2020
2 ms. Memory: 55296K Free: 22465K (41%)
ptolemy.util.test.WatchDog.cancel(): canceling Tue Jun 09 14:37:40 UTC 2020
------------------ testing $PTII/ptolemy/domains/de/test/auto/multirate.xml
auto.tcl: Setting watchdog for 200 seconds at Tue Jun 09 14:37:40 UTC 2020
3 ms. Memory: 55296K Free: 33232K (60%)
ptolemy.util.test.WatchDog.cancel(): canceling Tue Jun 09 14:37:40 UTC 2020
auto.tcl: Setting watchdog for 200 seconds at Tue Jun 09 14:37:40 UTC 2020
1 ms. Memory: 55296K Free: 31563K (57%)
ptolemy.util.test.WatchDog.cancel(): canceling Tue Jun 09 14:37:40 UTC 2020
------------------ testing $PTII/ptolemy/domains/de/test/auto/multirate2.xml
auto.tcl: Setting watchdog for 200 seconds at Tue Jun 09 14:37:40 UTC 2020
3 ms. Memory: 55296K Free: 33265K (60%)
ptolemy.util.test.WatchDog.cancel(): canceling Tue Jun 09 14:37:40 UTC 2020
auto.tcl: Setting watchdog for 200 seconds at Tue Jun 09 14:37:40 UTC 2020
2 ms. Memory: 55296K Free: 31745K (57%)
ptolemy.util.test.WatchDog.cancel(): canceling Tue Jun 09 14:37:40 UTC 2020
------------------ testing $PTII/ptolemy/domains/de/test/auto/realtime.xml
auto.tcl: Setting watchdog for 200 seconds at Tue Jun 09 14:37:40 UTC 2020
10002 ms. Memory: 55296K Free: 35520K (64%)
ptolemy.util.test.WatchDog.cancel(): canceling Tue Jun 09 14:37:50 UTC 2020
auto.tcl: Setting watchdog for 200 seconds at Tue Jun 09 14:37:50 UTC 2020
10001 ms. Memory: 55296K Free: 34815K (63%)
ptolemy.util.test.WatchDog.cancel(): canceling Tue Jun 09 14:38:00 UTC 2020
------------------ testing $PTII/ptolemy/domains/de/test/auto/relationGroup.xml
auto.tcl: Setting watchdog for 200 seconds at Tue Jun 09 14:38:00 UTC 2020
1 ms. Memory: 55296K Free: 36569K (66%)
ptolemy.util.test.WatchDog.cancel(): canceling Tue Jun 09 14:38:00 UTC 2020
auto.tcl: Setting watchdog for 200 seconds at Tue Jun 09 14:38:00 UTC 2020
1 ms. Memory: 55296K Free: 36057K (65%)
ptolemy.util.test.WatchDog.cancel(): canceling Tue Jun 09 14:38:00 UTC 2020
------------------ testing $PTII/ptolemy/domains/de/test/auto/relationGroup2.xml
auto.tcl: Setting watchdog for 200 seconds at Tue Jun 09 14:38:00 UTC 2020
1 ms. Memory: 55296K Free: 36431K (66%)
ptolemy.util.test.WatchDog.cancel(): canceling Tue Jun 09 14:38:00 UTC 2020
auto.tcl: Setting watchdog for 200 seconds at Tue Jun 09 14:38:00 UTC 2020
2 ms. Memory: 55296K Free: 35921K (65%)
ptolemy.util.test.WatchDog.cancel(): canceling Tue Jun 09 14:38:00 UTC 2020
------------------ testing $PTII/ptolemy/domains/de/test/auto/sortWithOpaquePorts.xml
auto.tcl: Setting watchdog for 200 seconds at Tue Jun 09 14:38:00 UTC 2020
2 ms. Memory: 55296K Free: 35393K (64%)
ptolemy.util.test.WatchDog.cancel(): canceling Tue Jun 09 14:38:00 UTC 2020
auto.tcl: Setting watchdog for 200 seconds at Tue Jun 09 14:38:00 UTC 2020
2 ms. Memory: 55296K Free: 34369K (62%)
ptolemy.util.test.WatchDog.cancel(): canceling Tue Jun 09 14:38:00 UTC 2020
------------------ testing $PTII/ptolemy/domains/de/test/auto/transferInputsandOutputs.xml
auto.tcl: Setting watchdog for 200 seconds at Tue Jun 09 14:38:00 UTC 2020
4 ms. Memory: 55296K Free: 32837K (59%)
ptolemy.util.test.WatchDog.cancel(): canceling Tue Jun 09 14:38:00 UTC 2020
auto.tcl: Setting watchdog for 200 seconds at Tue Jun 09 14:38:00 UTC 2020
2 ms. Memory: 55296K Free: 31813K (58%)
ptolemy.util.test.WatchDog.cancel(): canceling Tue Jun 09 14:38:00 UTC 2020
------------------ testing $PTII/ptolemy/domains/de/test/auto/triggerType.xml
auto.tcl: Setting watchdog for 200 seconds at Tue Jun 09 14:38:00 UTC 2020
1 ms. Memory: 55296K Free: 35862K (65%)
ptolemy.util.test.WatchDog.cancel(): canceling Tue Jun 09 14:38:00 UTC 2020
auto.tcl: Setting watchdog for 200 seconds at Tue Jun 09 14:38:00 UTC 2020
2 ms. Memory: 55296K Free: 34838K (63%)
ptolemy.util.test.WatchDog.cancel(): canceling Tue Jun 09 14:38:00 UTC 2020
06/09/20 02:38:00
Failed: 0  Total Tests: 192  ((Passed: 187, Newly Passed: 1)  Known Failed: 5) /home/travis/build/icyphy/ptII/ptolemy/domains/de/test
06/09/20 02:38:00
Failed: 0  Total Tests: 192  ((Passed: 187, Newly Passed: 1)  Known Failed: 5) /home/travis/build/icyphy/ptII/ptolemy/domains/de/test
----------------- testing (KnownFailure) /home/travis/build/icyphy/ptII/ptolemy/domains/de/test/auto/knownFailedTests/DESDFClockTest.xml
2009 ms. Memory: 55296K Free: 28746K (52%)
Known Failure: java.lang.reflect.InvocationTargetException
----------------- testing (KnownFailure) /home/travis/build/icyphy/ptII/ptolemy/domains/de/test/auto/knownFailedTests/DirectFeedback.xml
2 ms. Memory: 55296K Free: 25160K (46%)
Known Failure: java.lang.reflect.InvocationTargetException
----------------- testing (KnownFailure) /home/travis/build/icyphy/ptII/ptolemy/domains/de/test/auto/knownFailedTests/FSMSource.xml
16 ms. Memory: 55296K Free: 16954K (31%)
----------------- testing (KnownFailure) /home/travis/build/icyphy/ptII/ptolemy/domains/de/test/auto/knownFailedTests/HierarchicalModel.xml
3 ms. Memory: 55296K Free: 32055K (58%)
Known Failure: java.lang.reflect.InvocationTargetException
----------------- testing (KnownFailure) /home/travis/build/icyphy/ptII/ptolemy/domains/de/test/auto/knownFailedTests/dependencyLoop.xml
2 ms. Memory: 55296K Free: 16366K (30%)
Known Failure: java.lang.reflect.InvocationTargetException
----------------- testing (KnownFailure) /home/travis/build/icyphy/ptII/ptolemy/domains/de/test/auto/knownFailedTests/dependencyLoop2.xml
8 ms. Memory: 55296K Free: 32316K (58%)
Known Failure: java.lang.reflect.InvocationTargetException
No auto/linux-amd64/*.xml tests in /home/travis/build/icyphy/ptII/ptolemy/domains/de/test
AutoTests.java: About to close Vertx.
AutoTests.java: Vertx closed.

===========================================================================================
----------------- testing Tue Jun 09 14:38:02 UTC 2020 /home/travis/build/icyphy/ptII/ptolemy/domains/de/test/auto/ActorDepthCalculation_actorWithoutPorts.xml
----------------- Instantiating /home/travis/build/icyphy/ptII/ptolemy/domains/de/test/auto/ActorDepthCalculation_actorWithoutPorts.xml
1 ms. Memory: 55296K Free: 25445K (46%)
----------------- Invoking toplevel() on ptolemy.moml.MoMLSimpleApplication@5ed952e2
----------------- Done invoking toplevel() on ptolemy.moml.MoMLSimpleApplication@5ed952e2
reloadAllAccessors: .ActorDepthCalculation_actorWithoutPorts

===========================================================================================
----------------- testing Tue Jun 09 14:38:02 UTC 2020 /home/travis/build/icyphy/ptII/ptolemy/domains/de/test/auto/AssemblyLine.xml
----------------- Instantiating /home/travis/build/icyphy/ptII/ptolemy/domains/de/test/auto/AssemblyLine.xml
3 ms. Memory: 55296K Free: 18365K (33%)
----------------- Invoking toplevel() on ptolemy.moml.MoMLSimpleApplication@7cfbe68d
----------------- Done invoking toplevel() on ptolemy.moml.MoMLSimpleApplication@7cfbe68d
reloadAllAccessors: .AssemblyLine

===========================================================================================
----------------- testing Tue Jun 09 14:38:03 UTC 2020 /home/travis/build/icyphy/ptII/ptolemy/domains/de/test/auto/CQBug1.xml
----------------- Instantiating /home/travis/build/icyphy/ptII/ptolemy/domains/de/test/auto/CQBug1.xml
1 ms. Memory: 55296K Free: 15283K (28%)
----------------- Invoking toplevel() on ptolemy.moml.MoMLSimpleApplication@477e584d
----------------- Done invoking toplevel() on ptolemy.moml.MoMLSimpleApplication@477e584d
reloadAllAccessors: .CQBug1

===========================================================================================
----------------- testing Tue Jun 09 14:38:03 UTC 2020 /home/travis/build/icyphy/ptII/ptolemy/domains/de/test/auto/CancelFireAt.xml
----------------- Instantiating /home/travis/build/icyphy/ptII/ptolemy/domains/de/test/auto/CancelFireAt.xml
1 ms. Memory: 55296K Free: 12860K (23%)
----------------- Invoking toplevel() on ptolemy.moml.MoMLSimpleApplication@690b4f85
----------------- Done invoking toplevel() on ptolemy.moml.MoMLSimpleApplication@690b4f85
reloadAllAccessors: .CancelFireAt

===========================================================================================
----------------- testing Tue Jun 09 14:38:03 UTC 2020 /home/travis/build/icyphy/ptII/ptolemy/domains/de/test/auto/CausalityAndComposabilityAnalysis.xml
----------------- Instantiating /home/travis/build/icyphy/ptII/ptolemy/domains/de/test/auto/CausalityAndComposabilityAnalysis.xml
6 ms. Memory: 55296K Free: 39413K (71%)
----------------- Invoking toplevel() on ptolemy.moml.MoMLSimpleApplication@280fe228
----------------- Done invoking toplevel() on ptolemy.moml.MoMLSimpleApplication@280fe228
reloadAllAccessors: .CausalityAndComposabilityAnalysis

===========================================================================================
----------------- testing Tue Jun 09 14:38:03 UTC 2020 /home/travis/build/icyphy/ptII/ptolemy/domains/de/test/auto/CausalityInterface1.xml
----------------- Instantiating /home/travis/build/icyphy/ptII/ptolemy/domains/de/test/auto/CausalityInterface1.xml
5 ms. Memory: 55296K Free: 34174K (62%)
----------------- Invoking toplevel() on ptolemy.moml.MoMLSimpleApplication@4c070364
----------------- Done invoking toplevel() on ptolemy.moml.MoMLSimpleApplication@4c070364
reloadAllAccessors: .CausalityInterface1

===========================================================================================
----------------- testing Tue Jun 09 14:38:03 UTC 2020 /home/travis/build/icyphy/ptII/ptolemy/domains/de/test/auto/CausalityInterface15.xml
----------------- Instantiating /home/travis/build/icyphy/ptII/ptolemy/domains/de/test/auto/CausalityInterface15.xml
2 ms. Memory: 55296K Free: 28588K (52%)
----------------- Invoking toplevel() on ptolemy.moml.MoMLSimpleApplication@23ed0ced
----------------- Done invoking toplevel() on ptolemy.moml.MoMLSimpleApplication@23ed0ced
reloadAllAccessors: .CausalityInterface15

===========================================================================================
----------------- testing Tue Jun 09 14:38:03 UTC 2020 /home/travis/build/icyphy/ptII/ptolemy/domains/de/test/auto/CausalityInterface2.xml
----------------- Instantiating /home/travis/build/icyphy/ptII/ptolemy/domains/de/test/auto/CausalityInterface2.xml
1 ms. Memory: 55296K Free: 23926K (43%)
[...]
	at ptolemy.actor.Manager.run(Manager.java:1263)
	at ptolemy.actor.Manager$PtolemyRunThread.run(Manager.java:1933)
java.lang.RuntimeException: Execution failed
	at ptolemy.moml.MoMLSimpleApplication$UnloadThread.run(MoMLSimpleApplication.java:402)
Caused by: ptolemy.kernel.util.IllegalActionException: Actor is not ready to fire.  Perhaps UpSample.prefire() returned false? Try debugging the actor by selecting "Listen to Actor".  Also, for SDF check moml for tokenConsumptionRate on input.
  in .DESDFClockTest.Play Bell.Copy1:SDF Director and .DESDFClockTest.Play Bell.UpSample
	at ptolemy.actor.sched.StaticSchedulingDirector.fire(StaticSchedulingDirector.java:227)
	at ptolemy.domains.sdf.kernel.SDFDirector.fire(SDFDirector.java:500)
	at ptolemy.actor.CompositeActor.fire(CompositeActor.java:455)
	at ptolemy.domains.de.kernel.DEDirector._fire(DEDirector.java:1949)
	at ptolemy.domains.de.kernel.DEDirector.fire(DEDirector.java:502)
	at ptolemy.actor.CompositeActor.fire(CompositeActor.java:455)
	at ptolemy.actor.Manager.iterate(Manager.java:851)
	at ptolemy.actor.Manager.execute(Manager.java:369)
	at ptolemy.actor.Manager.run(Manager.java:1263)
	at ptolemy.actor.Manager$PtolemyRunThread.run(Manager.java:1933)
java.lang.reflect.InvocationTargetException
	at java.base/jdk.internal.reflect.NativeConstructorAccessorImpl.newInstance0(Native Method)
	at java.base/jdk.internal.reflect.NativeConstructorAccessorImpl.newInstance(NativeConstructorAccessorImpl.java:62)
	at java.base/jdk.internal.reflect.DelegatingConstructorAccessorImpl.newInstance(DelegatingConstructorAccessorImpl.java:45)
	at java.base/java.lang.reflect.Constructor.newInstance(Constructor.java:490)
	at ptolemy.util.test.junit.AutoKnownFailedTests.RunModel(AutoKnownFailedTests.java:105)
	at java.base/jdk.internal.reflect.NativeMethodAccessorImpl.invoke0(Native Method)
	at java.base/jdk.internal.reflect.NativeMethodAccessorImpl.invoke(NativeMethodAccessorImpl.java:62)
	at java.base/jdk.internal.reflect.DelegatingMethodAccessorImpl.invoke(DelegatingMethodAccessorImpl.java:43)
	at java.base/java.lang.reflect.Method.invoke(Method.java:566)
	at org.junit.runners.model.FrameworkMethod$1.runReflectiveCall(FrameworkMethod.java:44)
	at org.junit.internal.runners.model.ReflectiveCallable.run(ReflectiveCallable.java:15)
	at org.junit.runners.model.FrameworkMethod.invokeExplosively(FrameworkMethod.java:41)
	at junitparams.internal.InvokeParameterisedMethod.evaluate(InvokeParameterisedMethod.java:102)
	at org.junit.internal.runners.statements.FailOnTimeout$1.run(FailOnTimeout.java:28)
Caused by: ptolemy.kernel.util.IllegalActionException: Actor is not ready to fire.  Perhaps UpSample.prefire() returned false? Try debugging the actor by selecting "Listen to Actor".  Also, for SDF check moml for tokenConsumptionRate on input.
  in .DESDFClockTest.Play Bell.Copy1:SDF Director and .DESDFClockTest.Play Bell.UpSample
	at ptolemy.actor.sched.StaticSchedulingDirector.fire(StaticSchedulingDirector.java:227)
	at ptolemy.domains.sdf.kernel.SDFDirector.fire(SDFDirector.java:500)
	at ptolemy.actor.CompositeActor.fire(CompositeActor.java:455)
	at ptolemy.domains.de.kernel.DEDirector._fire(DEDirector.java:1949)
	at ptolemy.domains.de.kernel.DEDirector.fire(DEDirector.java:502)
	at ptolemy.actor.CompositeActor.fire(CompositeActor.java:455)
	at ptolemy.actor.Manager.iterate(Manager.java:851)
	at ptolemy.actor.Manager.execute(Manager.java:369)
	at ptolemy.actor.Manager.run(Manager.java:1263)
	at ptolemy.actor.Manager$PtolemyRunThread.run(Manager.java:1933)
java.lang.RuntimeException: Execution failed
	at ptolemy.moml.MoMLSimpleApplication$UnloadThread.run(MoMLSimpleApplication.java:402)
Caused by: ptolemy.kernel.util.IllegalActionException: Test fails in iteration 1.
Value was: 1.0. Should have been: 2.0
  in .DirectFeedback.Test
	at ptolemy.actor.lib.Test.fire(Test.java:268)
	at ptolemy.domains.de.kernel.DEDirector._fire(DEDirector.java:1949)
	at ptolemy.domains.de.kernel.DEDirector.fire(DEDirector.java:502)
	at ptolemy.actor.CompositeActor.fire(CompositeActor.java:455)
	at ptolemy.actor.Manager.iterate(Manager.java:851)
	at ptolemy.actor.Manager.execute(Manager.java:369)
	at ptolemy.actor.Manager.run(Manager.java:1263)
	at ptolemy.actor.Manager$PtolemyRunThread.run(Manager.java:1933)
java.lang.reflect.InvocationTargetException
	at java.base/jdk.internal.reflect.NativeConstructorAccessorImpl.newInstance0(Native Method)
	at java.base/jdk.internal.reflect.NativeConstructorAccessorImpl.newInstance(NativeConstructorAccessorImpl.java:62)
	at java.base/jdk.internal.reflect.DelegatingConstructorAccessorImpl.newInstance(DelegatingConstructorAccessorImpl.java:45)
	at java.base/java.lang.reflect.Constructor.newInstance(Constructor.java:490)
	at ptolemy.util.test.junit.AutoKnownFailedTests.RunModel(AutoKnownFailedTests.java:105)
	at java.base/jdk.internal.reflect.NativeMethodAccessorImpl.invoke0(Native Method)
	at java.base/jdk.internal.reflect.NativeMethodAccessorImpl.invoke(NativeMethodAccessorImpl.java:62)
	at java.base/jdk.internal.reflect.DelegatingMethodAccessorImpl.invoke(DelegatingMethodAccessorImpl.java:43)
	at java.base/java.lang.reflect.Method.invoke(Method.java:566)
	at org.junit.runners.model.FrameworkMethod$1.runReflectiveCall(FrameworkMethod.java:44)
	at org.junit.internal.runners.model.ReflectiveCallable.run(ReflectiveCallable.java:15)
	at org.junit.runners.model.FrameworkMethod.invokeExplosively(FrameworkMethod.java:41)
	at junitparams.internal.InvokeParameterisedMethod.evaluate(InvokeParameterisedMethod.java:102)
	at org.junit.internal.runners.statements.FailOnTimeout$1.run(FailOnTimeout.java:28)
Caused by: ptolemy.kernel.util.IllegalActionException: Test fails in iteration 1.
Value was: 1.0. Should have been: 2.0
  in .DirectFeedback.Test
	at ptolemy.actor.lib.Test.fire(Test.java:268)
	at ptolemy.domains.de.kernel.DEDirector._fire(DEDirector.java:1949)
	at ptolemy.domains.de.kernel.DEDirector.fire(DEDirector.java:502)
	at ptolemy.actor.CompositeActor.fire(CompositeActor.java:455)
	at ptolemy.actor.Manager.iterate(Manager.java:851)
	at ptolemy.actor.Manager.execute(Manager.java:369)
	at ptolemy.actor.Manager.run(Manager.java:1263)
	at ptolemy.actor.Manager$PtolemyRunThread.run(Manager.java:1933)
java.lang.RuntimeException: Execution failed
	at ptolemy.moml.MoMLSimpleApplication$UnloadThread.run(MoMLSimpleApplication.java:402)
Caused by: ptolemy.kernel.util.IllegalActionException: Found a zero delay loop containing .HierarchicalModel.A
  in .HierarchicalModel and .HierarchicalModel.A
	at ptolemy.actor.util.CausalityInterfaceForComposites._computeOutputPortDepth(CausalityInterfaceForComposites.java:759)
	at ptolemy.actor.util.CausalityInterfaceForComposites._computeInputDepth(CausalityInterfaceForComposites.java:696)
	at ptolemy.actor.util.CausalityInterfaceForComposites._computeOutputPortDepth(CausalityInterfaceForComposites.java:765)
	at ptolemy.actor.util.CausalityInterfaceForComposites._computeInputDepth(CausalityInterfaceForComposites.java:696)
	at ptolemy.actor.util.CausalityInterfaceForComposites._computeOutputPortDepth(CausalityInterfaceForComposites.java:765)
	at ptolemy.actor.util.CausalityInterfaceForComposites._computeInputDepth(CausalityInterfaceForComposites.java:696)
	at ptolemy.actor.util.CausalityInterfaceForComposites._computeActorDepth(CausalityInterfaceForComposites.java:532)
	at ptolemy.actor.util.CausalityInterfaceForComposites.checkForCycles(CausalityInterfaceForComposites.java:96)
	at ptolemy.domains.de.kernel.DEDirector.preinitialize(DEDirector.java:1338)
	at ptolemy.actor.CompositeActor.preinitialize(CompositeActor.java:1828)
	at ptolemy.actor.Manager.preinitializeAndResolveTypes(Manager.java:1040)
	at ptolemy.actor.Manager.initialize(Manager.java:710)
	at ptolemy.actor.Manager.execute(Manager.java:356)
	at ptolemy.actor.Manager.run(Manager.java:1263)
	at ptolemy.actor.Manager$PtolemyRunThread.run(Manager.java:1933)
java.lang.reflect.InvocationTargetException
	at java.base/jdk.internal.reflect.NativeConstructorAccessorImpl.newInstance0(Native Method)
	at java.base/jdk.internal.reflect.NativeConstructorAccessorImpl.newInstance(NativeConstructorAccessorImpl.java:62)
	at java.base/jdk.internal.reflect.DelegatingConstructorAccessorImpl.newInstance(DelegatingConstructorAccessorImpl.java:45)
	at java.base/java.lang.reflect.Constructor.newInstance(Constructor.java:490)
	at ptolemy.util.test.junit.AutoKnownFailedTests.RunModel(AutoKnownFailedTests.java:105)
	at java.base/jdk.internal.reflect.NativeMethodAccessorImpl.invoke0(Native Method)
	at java.base/jdk.internal.reflect.NativeMethodAccessorImpl.invoke(NativeMethodAccessorImpl.java:62)
	at java.base/jdk.internal.reflect.DelegatingMethodAccessorImpl.invoke(DelegatingMethodAccessorImpl.java:43)
	at java.base/java.lang.reflect.Method.invoke(Method.java:566)
	at org.junit.runners.model.FrameworkMethod$1.runReflectiveCall(FrameworkMethod.java:44)
	at org.junit.internal.runners.model.ReflectiveCallable.run(ReflectiveCallable.java:15)
	at org.junit.runners.model.FrameworkMethod.invokeExplosively(FrameworkMethod.java:41)
	at junitparams.internal.InvokeParameterisedMethod.evaluate(InvokeParameterisedMethod.java:102)
	at org.junit.internal.runners.statements.FailOnTimeout$1.run(FailOnTimeout.java:28)
Caused by: ptolemy.kernel.util.IllegalActionException: Found a zero delay loop containing .HierarchicalModel.A
  in .HierarchicalModel and .HierarchicalModel.A
	at ptolemy.actor.util.CausalityInterfaceForComposites._computeOutputPortDepth(CausalityInterfaceForComposites.java:759)
	at ptolemy.actor.util.CausalityInterfaceForComposites._computeInputDepth(CausalityInterfaceForComposites.java:696)
	at ptolemy.actor.util.CausalityInterfaceForComposites._computeOutputPortDepth(CausalityInterfaceForComposites.java:765)
	at ptolemy.actor.util.CausalityInterfaceForComposites._computeInputDepth(CausalityInterfaceForComposites.java:696)
	at ptolemy.actor.util.CausalityInterfaceForComposites._computeOutputPortDepth(CausalityInterfaceForComposites.java:765)
	at ptolemy.actor.util.CausalityInterfaceForComposites._computeInputDepth(CausalityInterfaceForComposites.java:696)
	at ptolemy.actor.util.CausalityInterfaceForComposites._computeActorDepth(CausalityInterfaceForComposites.java:532)
	at ptolemy.actor.util.CausalityInterfaceForComposites.checkForCycles(CausalityInterfaceForComposites.java:96)
	at ptolemy.domains.de.kernel.DEDirector.preinitialize(DEDirector.java:1338)
	at ptolemy.actor.CompositeActor.preinitialize(CompositeActor.java:1828)
	at ptolemy.actor.Manager.preinitializeAndResolveTypes(Manager.java:1040)
	at ptolemy.actor.Manager.initialize(Manager.java:710)
	at ptolemy.actor.Manager.execute(Manager.java:356)
	at ptolemy.actor.Manager.run(Manager.java:1263)
	at ptolemy.actor.Manager$PtolemyRunThread.run(Manager.java:1933)
java.lang.RuntimeException: Execution failed
	at ptolemy.moml.MoMLSimpleApplication$UnloadThread.run(MoMLSimpleApplication.java:402)
Caused by: ptolemy.kernel.util.IllegalActionException: Found a zero delay loop containing .dependencyLoop.original
  in .dependencyLoop and .dependencyLoop.original
	at ptolemy.actor.util.CausalityInterfaceForComposites._computeOutputPortDepth(CausalityInterfaceForComposites.java:759)
	at ptolemy.actor.util.CausalityInterfaceForComposites._computeInputDepth(CausalityInterfaceForComposites.java:696)
	at ptolemy.actor.util.CausalityInterfaceForComposites._computeOutputPortDepth(CausalityInterfaceForComposites.java:765)
	at ptolemy.actor.util.CausalityInterfaceForComposites._computeInputDepth(CausalityInterfaceForComposites.java:696)
	at ptolemy.actor.util.CausalityInterfaceForComposites._computeOutputPortDepth(CausalityInterfaceForComposites.java:765)
	at ptolemy.actor.util.CausalityInterfaceForComposites._computeInputDepth(CausalityInterfaceForComposites.java:696)
	at ptolemy.actor.util.CausalityInterfaceForComposites._computeActorDepth(CausalityInterfaceForComposites.java:532)
	at ptolemy.actor.util.CausalityInterfaceForComposites.checkForCycles(CausalityInterfaceForComposites.java:96)
	at ptolemy.domains.de.kernel.DEDirector.preinitialize(DEDirector.java:1338)
	at ptolemy.actor.CompositeActor.preinitialize(CompositeActor.java:1828)
	at ptolemy.actor.Manager.preinitializeAndResolveTypes(Manager.java:1040)
	at ptolemy.actor.Manager.initialize(Manager.java:710)
	at ptolemy.actor.Manager.execute(Manager.java:356)
	at ptolemy.actor.Manager.run(Manager.java:1263)
	at ptolemy.actor.Manager$PtolemyRunThread.run(Manager.java:1933)
java.lang.reflect.InvocationTargetException
	at java.base/jdk.internal.reflect.NativeConstructorAccessorImpl.newInstance0(Native Method)
	at java.base/jdk.internal.reflect.NativeConstructorAccessorImpl.newInstance(NativeConstructorAccessorImpl.java:62)
	at java.base/jdk.internal.reflect.DelegatingConstructorAccessorImpl.newInstance(DelegatingConstructorAccessorImpl.java:45)
	at java.base/java.lang.reflect.Constructor.newInstance(Constructor.java:490)
	at ptolemy.util.test.junit.AutoKnownFailedTests.RunModel(AutoKnownFailedTests.java:105)
	at java.base/jdk.internal.reflect.NativeMethodAccessorImpl.invoke0(Native Method)
	at java.base/jdk.internal.reflect.NativeMethodAccessorImpl.invoke(NativeMethodAccessorImpl.java:62)
	at java.base/jdk.internal.reflect.DelegatingMethodAccessorImpl.invoke(DelegatingMethodAccessorImpl.java:43)
	at java.base/java.lang.reflect.Method.invoke(Method.java:566)
	at org.junit.runners.model.FrameworkMethod$1.runReflectiveCall(FrameworkMethod.java:44)
	at org.junit.internal.runners.model.ReflectiveCallable.run(ReflectiveCallable.java:15)
	at org.junit.runners.model.FrameworkMethod.invokeExplosively(FrameworkMethod.java:41)
	at junitparams.internal.InvokeParameterisedMethod.evaluate(InvokeParameterisedMethod.java:102)
	at org.junit.internal.runners.statements.FailOnTimeout$1.run(FailOnTimeout.java:28)
Caused by: ptolemy.kernel.util.IllegalActionException: Found a zero delay loop containing .dependencyLoop.original
  in .dependencyLoop and .dependencyLoop.original
	at ptolemy.actor.util.CausalityInterfaceForComposites._computeOutputPortDepth(CausalityInterfaceForComposites.java:759)
	at ptolemy.actor.util.CausalityInterfaceForComposites._computeInputDepth(CausalityInterfaceForComposites.java:696)
	at ptolemy.actor.util.CausalityInterfaceForComposites._computeOutputPortDepth(CausalityInterfaceForComposites.java:765)
	at ptolemy.actor.util.CausalityInterfaceForComposites._computeInputDepth(CausalityInterfaceForComposites.java:696)
	at ptolemy.actor.util.CausalityInterfaceForComposites._computeOutputPortDepth(CausalityInterfaceForComposites.java:765)
	at ptolemy.actor.util.CausalityInterfaceForComposites._computeInputDepth(CausalityInterfaceForComposites.java:696)
	at ptolemy.actor.util.CausalityInterfaceForComposites._computeActorDepth(CausalityInterfaceForComposites.java:532)
	at ptolemy.actor.util.CausalityInterfaceForComposites.checkForCycles(CausalityInterfaceForComposites.java:96)
	at ptolemy.domains.de.kernel.DEDirector.preinitialize(DEDirector.java:1338)
	at ptolemy.actor.CompositeActor.preinitialize(CompositeActor.java:1828)
	at ptolemy.actor.Manager.preinitializeAndResolveTypes(Manager.java:1040)
	at ptolemy.actor.Manager.initialize(Manager.java:710)
	at ptolemy.actor.Manager.execute(Manager.java:356)
	at ptolemy.actor.Manager.run(Manager.java:1263)
	at ptolemy.actor.Manager$PtolemyRunThread.run(Manager.java:1933)
java.lang.RuntimeException: Execution failed
	at ptolemy.moml.MoMLSimpleApplication$UnloadThread.run(MoMLSimpleApplication.java:402)
Caused by: ptolemy.kernel.util.IllegalActionException: Found a zero delay loop containing .dependencyLoop2.original
  in .dependencyLoop2 and .dependencyLoop2.original
	at ptolemy.actor.util.CausalityInterfaceForComposites._computeOutputPortDepth(CausalityInterfaceForComposites.java:759)
	at ptolemy.actor.util.CausalityInterfaceForComposites._computeInputDepth(CausalityInterfaceForComposites.java:696)
	at ptolemy.actor.util.CausalityInterfaceForComposites._computeOutputPortDepth(CausalityInterfaceForComposites.java:765)
	at ptolemy.actor.util.CausalityInterfaceForComposites._computeInputDepth(CausalityInterfaceForComposites.java:696)
	at ptolemy.actor.util.CausalityInterfaceForComposites._computeOutputPortDepth(CausalityInterfaceForComposites.java:765)
	at ptolemy.actor.util.CausalityInterfaceForComposites._computeInputDepth(CausalityInterfaceForComposites.java:696)
	at ptolemy.actor.util.CausalityInterfaceForComposites._computeActorDepth(CausalityInterfaceForComposites.java:532)
	at ptolemy.actor.util.CausalityInterfaceForComposites.checkForCycles(CausalityInterfaceForComposites.java:96)
	at ptolemy.domains.de.kernel.DEDirector.preinitialize(DEDirector.java:1338)
	at ptolemy.actor.CompositeActor.preinitialize(CompositeActor.java:1828)
	at ptolemy.actor.Manager.preinitializeAndResolveTypes(Manager.java:1040)
	at ptolemy.actor.Manager.initialize(Manager.java:710)
	at ptolemy.actor.Manager.execute(Manager.java:356)
	at ptolemy.actor.Manager.run(Manager.java:1263)
	at ptolemy.actor.Manager$PtolemyRunThread.run(Manager.java:1933)
java.lang.reflect.InvocationTargetException
	at java.base/jdk.internal.reflect.NativeConstructorAccessorImpl.newInstance0(Native Method)
	at java.base/jdk.internal.reflect.NativeConstructorAccessorImpl.newInstance(NativeConstructorAccessorImpl.java:62)
	at java.base/jdk.internal.reflect.DelegatingConstructorAccessorImpl.newInstance(DelegatingConstructorAccessorImpl.java:45)
	at java.base/java.lang.reflect.Constructor.newInstance(Constructor.java:490)
	at ptolemy.util.test.junit.AutoKnownFailedTests.RunModel(AutoKnownFailedTests.java:105)
	at java.base/jdk.internal.reflect.NativeMethodAccessorImpl.invoke0(Native Method)
	at java.base/jdk.internal.reflect.NativeMethodAccessorImpl.invoke(NativeMethodAccessorImpl.java:62)
	at java.base/jdk.internal.reflect.DelegatingMethodAccessorImpl.invoke(DelegatingMethodAccessorImpl.java:43)
	at java.base/java.lang.reflect.Method.invoke(Method.java:566)
	at org.junit.runners.model.FrameworkMethod$1.runReflectiveCall(FrameworkMethod.java:44)
	at org.junit.internal.runners.model.ReflectiveCallable.run(ReflectiveCallable.java:15)
	at org.junit.runners.model.FrameworkMethod.invokeExplosively(FrameworkMethod.java:41)
	at junitparams.internal.InvokeParameterisedMethod.evaluate(InvokeParameterisedMethod.java:102)
	at org.junit.internal.runners.statements.FailOnTimeout$1.run(FailOnTimeout.java:28)
Caused by: ptolemy.kernel.util.IllegalActionException: Found a zero delay loop containing .dependencyLoop2.original
  in .dependencyLoop2 and .dependencyLoop2.original
	at ptolemy.actor.util.CausalityInterfaceForComposites._computeOutputPortDepth(CausalityInterfaceForComposites.java:759)
	at ptolemy.actor.util.CausalityInterfaceForComposites._computeInputDepth(CausalityInterfaceForComposites.java:696)
	at ptolemy.actor.util.CausalityInterfaceForComposites._computeOutputPortDepth(CausalityInterfaceForComposites.java:765)
	at ptolemy.actor.util.CausalityInterfaceForComposites._computeInputDepth(CausalityInterfaceForComposites.java:696)
	at ptolemy.actor.util.CausalityInterfaceForComposites._computeOutputPortDepth(CausalityInterfaceForComposites.java:765)
	at ptolemy.actor.util.CausalityInterfaceForComposites._computeInputDepth(CausalityInterfaceForComposites.java:696)
	at ptolemy.actor.util.CausalityInterfaceForComposites._computeActorDepth(CausalityInterfaceForComposites.java:532)
	at ptolemy.actor.util.CausalityInterfaceForComposites.checkForCycles(CausalityInterfaceForComposites.java:96)
	at ptolemy.domains.de.kernel.DEDirector.preinitialize(DEDirector.java:1338)
	at ptolemy.actor.CompositeActor.preinitialize(CompositeActor.java:1828)
	at ptolemy.actor.Manager.preinitializeAndResolveTypes(Manager.java:1040)
	at ptolemy.actor.Manager.initialize(Manager.java:710)
	at ptolemy.actor.Manager.execute(Manager.java:356)
	at ptolemy.actor.Manager.run(Manager.java:1263)
	at ptolemy.actor.Manager$PtolemyRunThread.run(Manager.java:1933)
]]></system-err>
</testsuite>
