<?xml version="1.0" encoding="UTF-8" ?>
<testsuite errors="0" failures="0" hostname="travis-job-0a1434a6-8a1f-46e0-b8c9-7f998b797ff0" name="ptolemy.actor.lib.hoc.test.junit.JUnitTclTest" skipped="0" tests="58" time="26.499" timestamp="2018-06-14T22:43:07">
  <properties>
[...]
</properties>
  <testcase classname="ptolemy.util.test.junit.TclTests" name="[0] /home/travis/build/icyphy/ptII/ptolemy/actor/lib/hoc/test/IterateOverArray.tcl (RunTclFile)" time="0.333" />
  <testcase classname="ptolemy.util.test.junit.AutoKnownFailedTests" name="[0] /home/travis/build/icyphy/ptII/ptolemy/actor/lib/hoc/test/auto/knownFailedTests/PreinitializeMustBeInvokedRunComposite.xml (RunModel)" time="0.274" />
  <testcase classname="ptolemy.util.test.junit.AutoNameArchTests" name="[0] ThereAreNoAutoArchTests (RunModel)" time="0.0" />
  <testcase classname="ptolemy.util.test.junit.AutoTests" name="[0] /home/travis/build/icyphy/ptII/ptolemy/actor/lib/hoc/test/auto/AllToAllMultiInstanceComposite.xml (RunModel)" time="0.335" />
  <testcase classname="ptolemy.util.test.junit.AutoTests" name="[1] /home/travis/build/icyphy/ptII/ptolemy/actor/lib/hoc/test/auto/ApplyFFTTest.xml (RunModel)" time="0.419" />
  <testcase classname="ptolemy.util.test.junit.AutoTests" name="[2] /home/travis/build/icyphy/ptII/ptolemy/actor/lib/hoc/test/auto/ApplyFunction.xml (RunModel)" time="0.035" />
  <testcase classname="ptolemy.util.test.junit.AutoTests" name="[3] /home/travis/build/icyphy/ptII/ptolemy/actor/lib/hoc/test/auto/BackgroundExecution.xml (RunModel)" time="0.773" />
  <testcase classname="ptolemy.util.test.junit.AutoTests" name="[4] /home/travis/build/icyphy/ptII/ptolemy/actor/lib/hoc/test/auto/Case.xml (RunModel)" time="0.073" />
  <testcase classname="ptolemy.util.test.junit.AutoTests" name="[5] /home/travis/build/icyphy/ptII/ptolemy/actor/lib/hoc/test/auto/Case1.xml (RunModel)" time="0.085" />
  <testcase classname="ptolemy.util.test.junit.AutoTests" name="[6] /home/travis/build/icyphy/ptII/ptolemy/actor/lib/hoc/test/auto/Case2.xml (RunModel)" time="0.123" />
  <testcase classname="ptolemy.util.test.junit.AutoTests" name="[7] /home/travis/build/icyphy/ptII/ptolemy/actor/lib/hoc/test/auto/Case3.xml (RunModel)" time="0.06" />
  <testcase classname="ptolemy.util.test.junit.AutoTests" name="[8] /home/travis/build/icyphy/ptII/ptolemy/actor/lib/hoc/test/auto/Case4.xml (RunModel)" time="0.064" />
  <testcase classname="ptolemy.util.test.junit.AutoTests" name="[9] /home/travis/build/icyphy/ptII/ptolemy/actor/lib/hoc/test/auto/Case5.xml (RunModel)" time="0.1" />
  <testcase classname="ptolemy.util.test.junit.AutoTests" name="[10] /home/travis/build/icyphy/ptII/ptolemy/actor/lib/hoc/test/auto/Case6.xml (RunModel)" time="0.116" />
  <testcase classname="ptolemy.util.test.junit.AutoTests" name="[11] /home/travis/build/icyphy/ptII/ptolemy/actor/lib/hoc/test/auto/CaseString2.xml (RunModel)" time="0.049" />
  <testcase classname="ptolemy.util.test.junit.AutoTests" name="[12] /home/travis/build/icyphy/ptII/ptolemy/actor/lib/hoc/test/auto/CatchUpComposite1.xml (RunModel)" time="0.077" />
  <testcase classname="ptolemy.util.test.junit.AutoTests" name="[13] /home/travis/build/icyphy/ptII/ptolemy/actor/lib/hoc/test/auto/CatchUpComposite2.xml (RunModel)" time="0.052" />
  <testcase classname="ptolemy.util.test.junit.AutoTests" name="[14] /home/travis/build/icyphy/ptII/ptolemy/actor/lib/hoc/test/auto/CatchUpComposite3.xml (RunModel)" time="0.051" />
  <testcase classname="ptolemy.util.test.junit.AutoTests" name="[15] /home/travis/build/icyphy/ptII/ptolemy/actor/lib/hoc/test/auto/CatchUpComposite4.xml (RunModel)" time="0.044" />
  <testcase classname="ptolemy.util.test.junit.AutoTests" name="[16] /home/travis/build/icyphy/ptII/ptolemy/actor/lib/hoc/test/auto/CatchUpComposite5.xml (RunModel)" time="0.041" />
  <testcase classname="ptolemy.util.test.junit.AutoTests" name="[17] /home/travis/build/icyphy/ptII/ptolemy/actor/lib/hoc/test/auto/CatchUpComposite6.xml (RunModel)" time="0.214" />
  <testcase classname="ptolemy.util.test.junit.AutoTests" name="[18] /home/travis/build/icyphy/ptII/ptolemy/actor/lib/hoc/test/auto/CatchUpComposite7.xml (RunModel)" time="0.139" />
  <testcase classname="ptolemy.util.test.junit.AutoTests" name="[19] /home/travis/build/icyphy/ptII/ptolemy/actor/lib/hoc/test/auto/ConcurrentExecutionTimeSDF.xml (RunModel)" time="1.451" />
  <testcase classname="ptolemy.util.test.junit.AutoTests" name="[20] /home/travis/build/icyphy/ptII/ptolemy/actor/lib/hoc/test/auto/ConcurrentSleep.xml (RunModel)" time="0.799" />
  <testcase classname="ptolemy.util.test.junit.AutoTests" name="[21] /home/travis/build/icyphy/ptII/ptolemy/actor/lib/hoc/test/auto/DEInPNInRunCompositeActor.xml (RunModel)" time="0.073" />
  <testcase classname="ptolemy.util.test.junit.AutoTests" name="[22] /home/travis/build/icyphy/ptII/ptolemy/actor/lib/hoc/test/auto/DFTSubSetTest.xml (RunModel)" time="0.366" />
  <testcase classname="ptolemy.util.test.junit.AutoTests" name="[23] /home/travis/build/icyphy/ptII/ptolemy/actor/lib/hoc/test/auto/HocDE.xml (RunModel)" time="0.23" />
  <testcase classname="ptolemy.util.test.junit.AutoTests" name="[24] /home/travis/build/icyphy/ptII/ptolemy/actor/lib/hoc/test/auto/IterateOverArray.xml (RunModel)" time="0.043" />
  <testcase classname="ptolemy.util.test.junit.AutoTests" name="[25] /home/travis/build/icyphy/ptII/ptolemy/actor/lib/hoc/test/auto/IterateOverArray10.xml (RunModel)" time="0.026" />
  <testcase classname="ptolemy.util.test.junit.AutoTests" name="[26] /home/travis/build/icyphy/ptII/ptolemy/actor/lib/hoc/test/auto/IterateOverArray11.xml (RunModel)" time="0.032" />
  <testcase classname="ptolemy.util.test.junit.AutoTests" name="[27] /home/travis/build/icyphy/ptII/ptolemy/actor/lib/hoc/test/auto/IterateOverArray12.xml (RunModel)" time="0.053" />
  <testcase classname="ptolemy.util.test.junit.AutoTests" name="[28] /home/travis/build/icyphy/ptII/ptolemy/actor/lib/hoc/test/auto/IterateOverArray13.xml (RunModel)" time="0.195" />
  <testcase classname="ptolemy.util.test.junit.AutoTests" name="[29] /home/travis/build/icyphy/ptII/ptolemy/actor/lib/hoc/test/auto/IterateOverArray14.xml (RunModel)" time="0.173" />
  <testcase classname="ptolemy.util.test.junit.AutoTests" name="[30] /home/travis/build/icyphy/ptII/ptolemy/actor/lib/hoc/test/auto/IterateOverArray2.xml (RunModel)" time="0.03" />
  <testcase classname="ptolemy.util.test.junit.AutoTests" name="[31] /home/travis/build/icyphy/ptII/ptolemy/actor/lib/hoc/test/auto/IterateOverArray3.xml (RunModel)" time="0.044" />
  <testcase classname="ptolemy.util.test.junit.AutoTests" name="[32] /home/travis/build/icyphy/ptII/ptolemy/actor/lib/hoc/test/auto/IterateOverArray4.xml (RunModel)" time="0.037" />
  <testcase classname="ptolemy.util.test.junit.AutoTests" name="[33] /home/travis/build/icyphy/ptII/ptolemy/actor/lib/hoc/test/auto/IterateOverArray5.xml (RunModel)" time="0.025" />
  <testcase classname="ptolemy.util.test.junit.AutoTests" name="[34] /home/travis/build/icyphy/ptII/ptolemy/actor/lib/hoc/test/auto/IterateOverArray6.xml (RunModel)" time="0.019" />
  <testcase classname="ptolemy.util.test.junit.AutoTests" name="[35] /home/travis/build/icyphy/ptII/ptolemy/actor/lib/hoc/test/auto/IterateOverArray7.xml (RunModel)" time="0.027" />
  <testcase classname="ptolemy.util.test.junit.AutoTests" name="[36] /home/travis/build/icyphy/ptII/ptolemy/actor/lib/hoc/test/auto/IterateOverArray8.xml (RunModel)" time="0.027" />
  <testcase classname="ptolemy.util.test.junit.AutoTests" name="[37] /home/travis/build/icyphy/ptII/ptolemy/actor/lib/hoc/test/auto/IterateOverArray9.xml (RunModel)" time="0.03" />
  <testcase classname="ptolemy.util.test.junit.AutoTests" name="[38] /home/travis/build/icyphy/ptII/ptolemy/actor/lib/hoc/test/auto/IterateOverArrayCoercedOutputType.xml (RunModel)" time="0.042" />
  <testcase classname="ptolemy.util.test.junit.AutoTests" name="[39] /home/travis/build/icyphy/ptII/ptolemy/actor/lib/hoc/test/auto/IterateOverArrayInferredOutputType.xml (RunModel)" time="0.041" />
  <testcase classname="ptolemy.util.test.junit.AutoTests" name="[40] /home/travis/build/icyphy/ptII/ptolemy/actor/lib/hoc/test/auto/MobileFunctionTest.xml (RunModel)" time="0.026" />
  <testcase classname="ptolemy.util.test.junit.AutoTests" name="[41] /home/travis/build/icyphy/ptII/ptolemy/actor/lib/hoc/test/auto/MobileModelTest.xml (RunModel)" time="0.111" />
  <testcase classname="ptolemy.util.test.junit.AutoTests" name="[42] /home/travis/build/icyphy/ptII/ptolemy/actor/lib/hoc/test/auto/ModelReference.xml (RunModel)" time="0.089" />
  <testcase classname="ptolemy.util.test.junit.AutoTests" name="[43] /home/travis/build/icyphy/ptII/ptolemy/actor/lib/hoc/test/auto/ModelReference3.xml (RunModel)" time="0.062" />
  <testcase classname="ptolemy.util.test.junit.AutoTests" name="[44] /home/travis/build/icyphy/ptII/ptolemy/actor/lib/hoc/test/auto/ModelReference4.xml (RunModel)" time="10.062" />
  <testcase classname="ptolemy.util.test.junit.AutoTests" name="[45] /home/travis/build/icyphy/ptII/ptolemy/actor/lib/hoc/test/auto/MultiInstanceComposite.xml (RunModel)" time="0.051" />
  <testcase classname="ptolemy.util.test.junit.AutoTests" name="[46] /home/travis/build/icyphy/ptII/ptolemy/actor/lib/hoc/test/auto/MultiInstanceComposite2.xml (RunModel)" time="0.047" />
  <testcase classname="ptolemy.util.test.junit.AutoTests" name="[47] /home/travis/build/icyphy/ptII/ptolemy/actor/lib/hoc/test/auto/MulticoreExecution.xml (RunModel)" time="1.065" />
  <testcase classname="ptolemy.util.test.junit.AutoTests" name="[48] /home/travis/build/icyphy/ptII/ptolemy/actor/lib/hoc/test/auto/ParallelExecution.xml (RunModel)" time="0.931" />
  <testcase classname="ptolemy.util.test.junit.AutoTests" name="[49] /home/travis/build/icyphy/ptII/ptolemy/actor/lib/hoc/test/auto/RunCompositeActor.xml (RunModel)" time="0.034" />
  <testcase classname="ptolemy.util.test.junit.AutoTests" name="[50] /home/travis/build/icyphy/ptII/ptolemy/actor/lib/hoc/test/auto/RunCompositeActor2.xml (RunModel)" time="0.066" />
  <testcase classname="ptolemy.util.test.junit.AutoTests" name="[51] /home/travis/build/icyphy/ptII/ptolemy/actor/lib/hoc/test/auto/RunCompositeActor3.xml (RunModel)" time="0.025" />
  <testcase classname="ptolemy.util.test.junit.AutoTests" name="[52] /home/travis/build/icyphy/ptII/ptolemy/actor/lib/hoc/test/auto/RunCompositeActor4.xml (RunModel)" time="0.035" />
  <testcase classname="ptolemy.util.test.junit.AutoTests" name="[53] /home/travis/build/icyphy/ptII/ptolemy/actor/lib/hoc/test/auto/RunCompositeIterateOverArray.xml (RunModel)" time="0.038" />
  <testcase classname="ptolemy.util.test.junit.AutoTests" name="[54] /home/travis/build/icyphy/ptII/ptolemy/actor/lib/hoc/test/auto/ThreadedJS.xml (RunModel)" time="5.934" />
  <system-out><![CDATA[/home/travis/build/icyphy/ptII/ptolemy/actor/lib/hoc/test/IterateOverArray.tcl
testDefs.tcl: setting time out to 9000 seconds at Thu Jun 14 22:43:07 UTC 2018
06/14/18 10:43:07
Failed: 0  Total Tests: 2  ((Passed: 2, Newly Passed: 0)  Known Failed: 0) /home/travis/build/icyphy/ptII/ptolemy/actor/lib/hoc/test
----------------- testing (KnownFailure) /home/travis/build/icyphy/ptII/ptolemy/actor/lib/hoc/test/auto/knownFailedTests/PreinitializeMustBeInvokedRunComposite.xml
43 ms. Memory: 116224K Free: 103556K (89%)
Known Failure: java.lang.reflect.InvocationTargetException
No auto/linux-amd64/*.xml tests in /home/travis/build/icyphy/ptII/ptolemy/actor/lib/hoc/test
AutoTests.java: About to close Vertx.
AutoTests.java: Vertx closed.

===========================================================================================
----------------- testing Thu Jun 14 22:43:08 UTC 2018 /home/travis/build/icyphy/ptII/ptolemy/actor/lib/hoc/test/auto/AllToAllMultiInstanceComposite.xml
----------------- Instantiating /home/travis/build/icyphy/ptII/ptolemy/actor/lib/hoc/test/auto/AllToAllMultiInstanceComposite.xml
116 ms. Memory: 146944K Free: 107684K (73%)
----------------- Invoking toplevel() on ptolemy.moml.MoMLSimpleApplication@51ae7c2a
----------------- Done invoking toplevel() on ptolemy.moml.MoMLSimpleApplication@51ae7c2a
reloadAllAccessors: .AllToAllMultiInstanceComposite

===========================================================================================
----------------- testing Thu Jun 14 22:43:08 UTC 2018 /home/travis/build/icyphy/ptII/ptolemy/actor/lib/hoc/test/auto/ApplyFFTTest.xml
----------------- Instantiating /home/travis/build/icyphy/ptII/ptolemy/actor/lib/hoc/test/auto/ApplyFFTTest.xml
159 ms. Memory: 146944K Free: 87805K (60%)
----------------- Invoking toplevel() on ptolemy.moml.MoMLSimpleApplication@73bb8642
----------------- Done invoking toplevel() on ptolemy.moml.MoMLSimpleApplication@73bb8642
reloadAllAccessors: .ApplyFFTTest

===========================================================================================
----------------- testing Thu Jun 14 22:43:09 UTC 2018 /home/travis/build/icyphy/ptII/ptolemy/actor/lib/hoc/test/auto/ApplyFunction.xml
----------------- Instantiating /home/travis/build/icyphy/ptII/ptolemy/actor/lib/hoc/test/auto/ApplyFunction.xml
5 ms. Memory: 146944K Free: 84046K (57%)
----------------- Invoking toplevel() on ptolemy.moml.MoMLSimpleApplication@48547dfc
----------------- Done invoking toplevel() on ptolemy.moml.MoMLSimpleApplication@48547dfc
reloadAllAccessors: .ApplyFunction

===========================================================================================
----------------- testing Thu Jun 14 22:43:09 UTC 2018 /home/travis/build/icyphy/ptII/ptolemy/actor/lib/hoc/test/auto/BackgroundExecution.xml
----------------- Instantiating /home/travis/build/icyphy/ptII/ptolemy/actor/lib/hoc/test/auto/BackgroundExecution.xml
637 ms. Memory: 146944K Free: 136980K (93%)
----------------- Invoking toplevel() on ptolemy.moml.MoMLSimpleApplication@281b93d9
----------------- Done invoking toplevel() on ptolemy.moml.MoMLSimpleApplication@281b93d9
reloadAllAccessors: .BackgroundExecution

===========================================================================================
----------------- testing Thu Jun 14 22:43:09 UTC 2018 /home/travis/build/icyphy/ptII/ptolemy/actor/lib/hoc/test/auto/Case.xml
----------------- Instantiating /home/travis/build/icyphy/ptII/ptolemy/actor/lib/hoc/test/auto/Case.xml
17 ms. Memory: 146944K Free: 128630K (88%)
----------------- Invoking toplevel() on ptolemy.moml.MoMLSimpleApplication@f488632
----------------- Done invoking toplevel() on ptolemy.moml.MoMLSimpleApplication@f488632
reloadAllAccessors: .Case

===========================================================================================
----------------- testing Thu Jun 14 22:43:09 UTC 2018 /home/travis/build/icyphy/ptII/ptolemy/actor/lib/hoc/test/auto/Case1.xml
----------------- Instantiating /home/travis/build/icyphy/ptII/ptolemy/actor/lib/hoc/test/auto/Case1.xml
26 ms. Memory: 146944K Free: 121852K (83%)
----------------- Invoking toplevel() on ptolemy.moml.MoMLSimpleApplication@5c14fca9
----------------- Done invoking toplevel() on ptolemy.moml.MoMLSimpleApplication@5c14fca9
reloadAllAccessors: .Case1

===========================================================================================
----------------- testing Thu Jun 14 22:43:10 UTC 2018 /home/travis/build/icyphy/ptII/ptolemy/actor/lib/hoc/test/auto/Case2.xml
----------------- Instantiating /home/travis/build/icyphy/ptII/ptolemy/actor/lib/hoc/test/auto/Case2.xml
53 ms. Memory: 146944K Free: 110264K (75%)
----------------- Invoking toplevel() on ptolemy.moml.MoMLSimpleApplication@5d6221c0
----------------- Done invoking toplevel() on ptolemy.moml.MoMLSimpleApplication@5d6221c0
reloadAllAccessors: .Case2

===========================================================================================
----------------- testing Thu Jun 14 22:43:10 UTC 2018 /home/travis/build/icyphy/ptII/ptolemy/actor/lib/hoc/test/auto/Case3.xml
----------------- Instantiating /home/travis/build/icyphy/ptII/ptolemy/actor/lib/hoc/test/auto/Case3.xml
21 ms. Memory: 146944K Free: 103951K (71%)
----------------- Invoking toplevel() on ptolemy.moml.MoMLSimpleApplication@566e9193
----------------- Done invoking toplevel() on ptolemy.moml.MoMLSimpleApplication@566e9193
reloadAllAccessors: .Case3

===========================================================================================
----------------- testing Thu Jun 14 22:43:10 UTC 2018 /home/travis/build/icyphy/ptII/ptolemy/actor/lib/hoc/test/auto/Case4.xml
----------------- Instantiating /home/travis/build/icyphy/ptII/ptolemy/actor/lib/hoc/test/auto/Case4.xml
21 ms. Memory: 146944K Free: 94388K (64%)
----------------- Invoking toplevel() on ptolemy.moml.MoMLSimpleApplication@733e6dd8
----------------- Done invoking toplevel() on ptolemy.moml.MoMLSimpleApplication@733e6dd8
reloadAllAccessors: .Case4

===========================================================================================
----------------- testing Thu Jun 14 22:43:10 UTC 2018 /home/travis/build/icyphy/ptII/ptolemy/actor/lib/hoc/test/auto/Case5.xml
----------------- Instantiating /home/travis/build/icyphy/ptII/ptolemy/actor/lib/hoc/test/auto/Case5.xml
65 ms. Memory: 146944K Free: 87249K (59%)
----------------- Invoking toplevel() on ptolemy.moml.MoMLSimpleApplication@4efa1ef7
----------------- Done invoking toplevel() on ptolemy.moml.MoMLSimpleApplication@4efa1ef7
reloadAllAccessors: .junk

===========================================================================================
----------------- testing Thu Jun 14 22:43:10 UTC 2018 /home/travis/build/icyphy/ptII/ptolemy/actor/lib/hoc/test/auto/Case6.xml
----------------- Instantiating /home/travis/build/icyphy/ptII/ptolemy/actor/lib/hoc/test/auto/Case6.xml
47 ms. Memory: 208384K Free: 196104K (94%)
----------------- Invoking toplevel() on ptolemy.moml.MoMLSimpleApplication@8ec7e1a
----------------- Done invoking toplevel() on ptolemy.moml.MoMLSimpleApplication@8ec7e1a
reloadAllAccessors: .Case6

===========================================================================================
----------------- testing Thu Jun 14 22:43:10 UTC 2018 /home/travis/build/icyphy/ptII/ptolemy/actor/lib/hoc/test/auto/CaseString2.xml
----------------- Instantiating /home/travis/build/icyphy/ptII/ptolemy/actor/lib/hoc/test/auto/CaseString2.xml
20 ms. Memory: 208384K Free: 186149K (89%)
----------------- Invoking toplevel() on ptolemy.moml.MoMLSimpleApplication@2cd01a42
----------------- Done invoking toplevel() on ptolemy.moml.MoMLSimpleApplication@2cd01a42
reloadAllAccessors: .CaseString2

===========================================================================================
----------------- testing Thu Jun 14 22:43:10 UTC 2018 /home/travis/build/icyphy/ptII/ptolemy/actor/lib/hoc/test/auto/CatchUpComposite1.xml
----------------- Instantiating /home/travis/build/icyphy/ptII/ptolemy/actor/lib/hoc/test/auto/CatchUpComposite1.xml
19 ms. Memory: 208384K Free: 176302K (85%)
----------------- Invoking toplevel() on ptolemy.moml.MoMLSimpleApplication@3844aff5
----------------- Done invoking toplevel() on ptolemy.moml.MoMLSimpleApplication@3844aff5
reloadAllAccessors: .CatchUpComposite1

===========================================================================================
----------------- testing Thu Jun 14 22:43:10 UTC 2018 /home/travis/build/icyphy/ptII/ptolemy/actor/lib/hoc/test/auto/CatchUpComposite2.xml
----------------- Instantiating /home/travis/build/icyphy/ptII/ptolemy/actor/lib/hoc/test/auto/CatchUpComposite2.xml
20 ms. Memory: 208384K Free: 167275K (80%)
----------------- Invoking toplevel() on ptolemy.moml.MoMLSimpleApplication@75ae4314
----------------- Done invoking toplevel() on ptolemy.moml.MoMLSimpleApplication@75ae4314
reloadAllAccessors: .CatchUpComposite2

===========================================================================================
----------------- testing Thu Jun 14 22:43:10 UTC 2018 /home/travis/build/icyphy/ptII/ptolemy/actor/lib/hoc/test/auto/CatchUpComposite3.xml
----------------- Instantiating /home/travis/build/icyphy/ptII/ptolemy/actor/lib/hoc/test/auto/CatchUpComposite3.xml
7 ms. Memory: 208384K Free: 157335K (76%)
----------------- Invoking toplevel() on ptolemy.moml.MoMLSimpleApplication@403375b1
----------------- Done invoking toplevel() on ptolemy.moml.MoMLSimpleApplication@403375b1
reloadAllAccessors: .CatchUpComposite3

===========================================================================================
----------------- testing Thu Jun 14 22:43:10 UTC 2018 /home/travis/build/icyphy/ptII/ptolemy/actor/lib/hoc/test/auto/CatchUpComposite4.xml
----------------- Instantiating /home/travis/build/icyphy/ptII/ptolemy/actor/lib/hoc/test/auto/CatchUpComposite4.xml
11 ms. Memory: 208384K Free: 148323K (71%)
----------------- Invoking toplevel() on ptolemy.moml.MoMLSimpleApplication@43ddefbc
----------------- Done invoking toplevel() on ptolemy.moml.MoMLSimpleApplication@43ddefbc
reloadAllAccessors: .CatchUpComposite4

===========================================================================================
----------------- testing Thu Jun 14 22:43:10 UTC 2018 /home/travis/build/icyphy/ptII/ptolemy/actor/lib/hoc/test/auto/CatchUpComposite5.xml
----------------- Instantiating /home/travis/build/icyphy/ptII/ptolemy/actor/lib/hoc/test/auto/CatchUpComposite5.xml
12 ms. Memory: 208384K Free: 139280K (67%)
----------------- Invoking toplevel() on ptolemy.moml.MoMLSimpleApplication@41cad3c
----------------- Done invoking toplevel() on ptolemy.moml.MoMLSimpleApplication@41cad3c
reloadAllAccessors: .CatchUpComposite5

===========================================================================================
----------------- testing Thu Jun 14 22:43:10 UTC 2018 /home/travis/build/icyphy/ptII/ptolemy/actor/lib/hoc/test/auto/CatchUpComposite6.xml
----------------- Instantiating /home/travis/build/icyphy/ptII/ptolemy/actor/lib/hoc/test/auto/CatchUpComposite6.xml
WARNING: The execution aspects in this model can influence the timing of actors by delaying the 
execution, potentially changing the behavior. There is no guarantee that actors fire at the 
time they request to be fired. 
Use Ptides for deterministic DE behavior that is not influenced by execution aspects. 

117 ms. Memory: 208384K Free: 120265K (58%)
----------------- Invoking toplevel() on ptolemy.moml.MoMLSimpleApplication@6cb31289
----------------- Done invoking toplevel() on ptolemy.moml.MoMLSimpleApplication@6cb31289
reloadAllAccessors: .CatchUpComposite6

===========================================================================================
----------------- testing Thu Jun 14 22:43:11 UTC 2018 /home/travis/build/icyphy/ptII/ptolemy/actor/lib/hoc/test/auto/CatchUpComposite7.xml
----------------- Instantiating /home/travis/build/icyphy/ptII/ptolemy/actor/lib/hoc/test/auto/CatchUpComposite7.xml
WARNING: The execution aspects in this model can influence the timing of actors by delaying the 
execution, potentially changing the behavior. There is no guarantee that actors fire at the 
time they request to be fired. 
Use Ptides for deterministic DE behavior that is not influenced by execution aspects. 

51 ms. Memory: 208384K Free: 103880K (50%)
----------------- Invoking toplevel() on ptolemy.moml.MoMLSimpleApplication@41915f2b
----------------- Done invoking toplevel() on ptolemy.moml.MoMLSimpleApplication@41915f2b
reloadAllAccessors: .CatchUpComposite7

===========================================================================================
----------------- testing Thu Jun 14 22:43:11 UTC 2018 /home/travis/build/icyphy/ptII/ptolemy/actor/lib/hoc/test/auto/ConcurrentExecutionTimeSDF.xml
----------------- Instantiating /home/travis/build/icyphy/ptII/ptolemy/actor/lib/hoc/test/auto/ConcurrentExecutionTimeSDF.xml
Fired ExecutionTime: 40400000
Fired ExecutionTime: 40400000
Fired ExecutionTime: 40400000
Fired ExecutionTime: 40400000
Fired ExecutionTime: 40400000
Fired ExecutionTime: 40400000
Fired ExecutionTime: 40400000
Fired ExecutionTime: 40400000
Fired ExecutionTime: 40400000
Fired ExecutionTime: 40400000
Fired ExecutionTime: 40400000
Fired ExecutionTime: 40400000
Fired ExecutionTime: 40400000
Fired ExecutionTime: 40400000
Fired ExecutionTime: 40400000
Fired ExecutionTime: 40400000
Fired ExecutionTime: 40400000
Fired ExecutionTime: 40400000
Fired ExecutionTime: 40400000
Fired ExecutionTime: 40400000
1422 ms. Memory: 208384K Free: 94852K (46%)
----------------- Invoking toplevel() on ptolemy.moml.MoMLSimpleApplication@73318ab1
----------------- Done invoking toplevel() on ptolemy.moml.MoMLSimpleApplication@73318ab1
reloadAllAccessors: .ConcurrentExecutionTimeSDF

===========================================================================================
----------------- testing Thu Jun 14 22:43:12 UTC 2018 /home/travis/build/icyphy/ptII/ptolemy/actor/lib/hoc/test/auto/ConcurrentSleep.xml
----------------- Instantiating /home/travis/build/icyphy/ptII/ptolemy/actor/lib/hoc/test/auto/ConcurrentSleep.xml
738 ms. Memory: 208384K Free: 80488K (39%)
----------------- Invoking toplevel() on ptolemy.moml.MoMLSimpleApplication@6f819e21
----------------- Done invoking toplevel() on ptolemy.moml.MoMLSimpleApplication@6f819e21
reloadAllAccessors: .ConcurrentSleep

===========================================================================================
----------------- testing Thu Jun 14 22:43:13 UTC 2018 /home/travis/build/icyphy/ptII/ptolemy/actor/lib/hoc/test/auto/DEInPNInRunCompositeActor.xml
----------------- Instantiating /home/travis/build/icyphy/ptII/ptolemy/actor/lib/hoc/test/auto/DEInPNInRunCompositeActor.xml
21 ms. Memory: 208384K Free: 195195K (94%)
----------------- Invoking toplevel() on ptolemy.moml.MoMLSimpleApplication@5c55a6a8
----------------- Done invoking toplevel() on ptolemy.moml.MoMLSimpleApplication@5c55a6a8
reloadAllAccessors: .DEInPNInRunCompositeActor

===========================================================================================
----------------- testing Thu Jun 14 22:43:13 UTC 2018 /home/travis/build/icyphy/ptII/ptolemy/actor/lib/hoc/test/auto/DFTSubSetTest.xml
----------------- Instantiating /home/travis/build/icyphy/ptII/ptolemy/actor/lib/hoc/test/auto/DFTSubSetTest.xml
217 ms. Memory: 208384K Free: 148689K (71%)
----------------- Invoking toplevel() on ptolemy.moml.MoMLSimpleApplication@1e76eeda
----------------- Done invoking toplevel() on ptolemy.moml.MoMLSimpleApplication@1e76eeda
reloadAllAccessors: .DFTSubSetTest

===========================================================================================
----------------- testing Thu Jun 14 22:43:13 UTC 2018 /home/travis/build/icyphy/ptII/ptolemy/actor/lib/hoc/test/auto/HocDE.xml
----------------- Instantiating /home/travis/build/icyphy/ptII/ptolemy/actor/lib/hoc/test/auto/HocDE.xml
183 ms. Memory: 208384K Free: 120851K (58%)
----------------- Invoking toplevel() on ptolemy.moml.MoMLSimpleApplication@7c7ea68
----------------- Done invoking toplevel() on ptolemy.moml.MoMLSimpleApplication@7c7ea68
reloadAllAccessors: .HocDE

===========================================================================================
----------------- testing Thu Jun 14 22:43:14 UTC 2018 /home/travis/build/icyphy/ptII/ptolemy/actor/lib/hoc/test/auto/IterateOverArray.xml
----------------- Instantiating /home/travis/build/icyphy/ptII/ptolemy/actor/lib/hoc/test/auto/IterateOverArray.xml
7 ms. Memory: 208384K Free: 115935K (56%)
----------------- Invoking toplevel() on ptolemy.moml.MoMLSimpleApplication@21d08b3f
----------------- Done invoking toplevel() on ptolemy.moml.MoMLSimpleApplication@21d08b3f
reloadAllAccessors: .IterateOverArray

===========================================================================================
----------------- testing Thu Jun 14 22:43:14 UTC 2018 /home/travis/build/icyphy/ptII/ptolemy/actor/lib/hoc/test/auto/IterateOverArray10.xml
----------------- Instantiating /home/travis/build/icyphy/ptII/ptolemy/actor/lib/hoc/test/auto/IterateOverArray10.xml
3 ms. Memory: 208384K Free: 111622K (54%)
----------------- Invoking toplevel() on ptolemy.moml.MoMLSimpleApplication@36fe4fda
----------------- Done invoking toplevel() on ptolemy.moml.MoMLSimpleApplication@36fe4fda
reloadAllAccessors: .IterateOverArray10

===========================================================================================
----------------- testing Thu Jun 14 22:43:14 UTC 2018 /home/travis/build/icyphy/ptII/ptolemy/actor/lib/hoc/test/auto/IterateOverArray11.xml
----------------- Instantiating /home/travis/build/icyphy/ptII/ptolemy/actor/lib/hoc/test/auto/IterateOverArray11.xml
6 ms. Memory: 208384K Free: 106706K (51%)
----------------- Invoking toplevel() on ptolemy.moml.MoMLSimpleApplication@797d83ba
----------------- Done invoking toplevel() on ptolemy.moml.MoMLSimpleApplication@797d83ba
reloadAllAccessors: .IterateOverArray11

===========================================================================================
----------------- testing Thu Jun 14 22:43:14 UTC 2018 /home/travis/build/icyphy/ptII/ptolemy/actor/lib/hoc/test/auto/IterateOverArray12.xml
----------------- Instantiating /home/travis/build/icyphy/ptII/ptolemy/actor/lib/hoc/test/auto/IterateOverArray12.xml
23 ms. Memory: 208384K Free: 99320K (48%)
----------------- Invoking toplevel() on ptolemy.moml.MoMLSimpleApplication@6fa465a1
----------------- Done invoking toplevel() on ptolemy.moml.MoMLSimpleApplication@6fa465a1
reloadAllAccessors: .IterateOverArray12

===========================================================================================
----------------- testing Thu Jun 14 22:43:14 UTC 2018 /home/travis/build/icyphy/ptII/ptolemy/actor/lib/hoc/test/auto/IterateOverArray13.xml
----------------- Instantiating /home/travis/build/icyphy/ptII/ptolemy/actor/lib/hoc/test/auto/IterateOverArray13.xml
117 ms. Memory: 331776K Free: 315146K (95%)
----------------- Invoking toplevel() on ptolemy.moml.MoMLSimpleApplication@63de5d95
----------------- Done invoking toplevel() on ptolemy.moml.MoMLSimpleApplication@63de5d95
reloadAllAccessors: .IterateOverArray13

===========================================================================================
----------------- testing Thu Jun 14 22:43:14 UTC 2018 /home/travis/build/icyphy/ptII/ptolemy/actor/lib/hoc/test/auto/IterateOverArray14.xml
----------------- Instantiating /home/travis/build/icyphy/ptII/ptolemy/actor/lib/hoc/test/auto/IterateOverArray14.xml
80 ms. Memory: 331776K Free: 277774K (84%)
----------------- Invoking toplevel() on ptolemy.moml.MoMLSimpleApplication@ca1f884
----------------- Done invoking toplevel() on ptolemy.moml.MoMLSimpleApplication@ca1f884
reloadAllAccessors: .IterateOverArray14

===========================================================================================
----------------- testing Thu Jun 14 22:43:14 UTC 2018 /home/travis/build/icyphy/ptII/ptolemy/actor/lib/hoc/test/auto/IterateOverArray2.xml
----------------- Instantiating /home/travis/build/icyphy/ptII/ptolemy/actor/lib/hoc/test/auto/IterateOverArray2.xml
10 ms. Memory: 331776K Free: 272869K (82%)
----------------- Invoking toplevel() on ptolemy.moml.MoMLSimpleApplication@5cc5c89c
----------------- Done invoking toplevel() on ptolemy.moml.MoMLSimpleApplication@5cc5c89c
reloadAllAccessors: .IterateOverArray2

===========================================================================================
----------------- testing Thu Jun 14 22:43:14 UTC 2018 /home/travis/build/icyphy/ptII/ptolemy/actor/lib/hoc/test/auto/IterateOverArray3.xml
----------------- Instantiating /home/travis/build/icyphy/ptII/ptolemy/actor/lib/hoc/test/auto/IterateOverArray3.xml
19 ms. Memory: 331776K Free: 264669K (80%)
----------------- Invoking toplevel() on ptolemy.moml.MoMLSimpleApplication@588517a2
----------------- Done invoking toplevel() on ptolemy.moml.MoMLSimpleApplication@588517a2
reloadAllAccessors: .IterateOverArray3

===========================================================================================
----------------- testing Thu Jun 14 22:43:14 UTC 2018 /home/travis/build/icyphy/ptII/ptolemy/actor/lib/hoc/test/auto/IterateOverArray4.xml
----------------- Instantiating /home/travis/build/icyphy/ptII/ptolemy/actor/lib/hoc/test/auto/IterateOverArray4.xml
9 ms. Memory: 331776K Free: 259764K (78%)
----------------- Invoking toplevel() on ptolemy.moml.MoMLSimpleApplication@5d25a316
----------------- Done invoking toplevel() on ptolemy.moml.MoMLSimpleApplication@5d25a316
reloadAllAccessors: .IterateOverArray4

===========================================================================================
----------------- testing Thu Jun 14 22:43:14 UTC 2018 /home/travis/build/icyphy/ptII/ptolemy/actor/lib/hoc/test/auto/IterateOverArray5.xml
----------------- Instantiating /home/travis/build/icyphy/ptII/ptolemy/actor/lib/hoc/test/auto/IterateOverArray5.xml
3 ms. Memory: 331776K Free: 254858K (77%)
----------------- Invoking toplevel() on ptolemy.moml.MoMLSimpleApplication@45f2cab9
----------------- Done invoking toplevel() on ptolemy.moml.MoMLSimpleApplication@45f2cab9
reloadAllAccessors: .IterateOverArray5

===========================================================================================
----------------- testing Thu Jun 14 22:43:14 UTC 2018 /home/travis/build/icyphy/ptII/ptolemy/actor/lib/hoc/test/auto/IterateOverArray6.xml
----------------- Instantiating /home/travis/build/icyphy/ptII/ptolemy/actor/lib/hoc/test/auto/IterateOverArray6.xml
4 ms. Memory: 331776K Free: 250337K (75%)
----------------- Invoking toplevel() on ptolemy.moml.MoMLSimpleApplication@278d6964
----------------- Done invoking toplevel() on ptolemy.moml.MoMLSimpleApplication@278d6964
reloadAllAccessors: .IterateOverArray6

===========================================================================================
----------------- testing Thu Jun 14 22:43:14 UTC 2018 /home/travis/build/icyphy/ptII/ptolemy/actor/lib/hoc/test/auto/IterateOverArray7.xml
----------------- Instantiating /home/travis/build/icyphy/ptII/ptolemy/actor/lib/hoc/test/auto/IterateOverArray7.xml
6 ms. Memory: 331776K Free: 245432K (74%)
----------------- Invoking toplevel() on ptolemy.moml.MoMLSimpleApplication@8f30c6a
----------------- Done invoking toplevel() on ptolemy.moml.MoMLSimpleApplication@8f30c6a
reloadAllAccessors: .IterateOverArray7

===========================================================================================
----------------- testing Thu Jun 14 22:43:14 UTC 2018 /home/travis/build/icyphy/ptII/ptolemy/actor/lib/hoc/test/auto/IterateOverArray8.xml
----------------- Instantiating /home/travis/build/icyphy/ptII/ptolemy/actor/lib/hoc/test/auto/IterateOverArray8.xml
5 ms. Memory: 331776K Free: 239684K (72%)
----------------- Invoking toplevel() on ptolemy.moml.MoMLSimpleApplication@2e180e9f
----------------- Done invoking toplevel() on ptolemy.moml.MoMLSimpleApplication@2e180e9f
reloadAllAccessors: .IterateOverArray8

===========================================================================================
----------------- testing Thu Jun 14 22:43:14 UTC 2018 /home/travis/build/icyphy/ptII/ptolemy/actor/lib/hoc/test/auto/IterateOverArray9.xml
----------------- Instantiating /home/travis/build/icyphy/ptII/ptolemy/actor/lib/hoc/test/auto/IterateOverArray9.xml
9 ms. Memory: 331776K Free: 234779K (71%)
----------------- Invoking toplevel() on ptolemy.moml.MoMLSimpleApplication@384a4775
----------------- Done invoking toplevel() on ptolemy.moml.MoMLSimpleApplication@384a4775
reloadAllAccessors: .IterateOverArray9

===========================================================================================
----------------- testing Thu Jun 14 22:43:14 UTC 2018 /home/travis/build/icyphy/ptII/ptolemy/actor/lib/hoc/test/auto/IterateOverArrayCoercedOutputType.xml
----------------- Instantiating /home/travis/build/icyphy/ptII/ptolemy/actor/lib/hoc/test/auto/IterateOverArrayCoercedOutputType.xml
5 ms. Memory: 331776K Free: 228648K (69%)
----------------- Invoking toplevel() on ptolemy.moml.MoMLSimpleApplication@3849178f
----------------- Done invoking toplevel() on ptolemy.moml.MoMLSimpleApplication@3849178f
reloadAllAccessors: .IterateOverArrayCoercedOutputType

===========================================================================================
----------------- testing Thu Jun 14 22:43:14 UTC 2018 /home/travis/build/icyphy/ptII/ptolemy/actor/lib/hoc/test/auto/IterateOverArrayInferredOutputType.xml
----------------- Instantiating /home/travis/build/icyphy/ptII/ptolemy/actor/lib/hoc/test/auto/IterateOverArrayInferredOutputType.xml
6 ms. Memory: 331776K Free: 221674K (67%)
----------------- Invoking toplevel() on ptolemy.moml.MoMLSimpleApplication@75b899c3
----------------- Done invoking toplevel() on ptolemy.moml.MoMLSimpleApplication@75b899c3
reloadAllAccessors: .IterateOverArrayInferredOutputType

===========================================================================================
----------------- testing Thu Jun 14 22:43:15 UTC 2018 /home/travis/build/icyphy/ptII/ptolemy/actor/lib/hoc/test/auto/MobileFunctionTest.xml
----------------- Instantiating /home/travis/build/icyphy/ptII/ptolemy/actor/lib/hoc/test/auto/MobileFunctionTest.xml
5 ms. Memory: 331776K Free: 216769K (65%)
----------------- Invoking toplevel() on ptolemy.moml.MoMLSimpleApplication@5c00bd38
----------------- Done invoking toplevel() on ptolemy.moml.MoMLSimpleApplication@5c00bd38
reloadAllAccessors: .MobileFunctionTest

===========================================================================================
----------------- testing Thu Jun 14 22:43:15 UTC 2018 /home/travis/build/icyphy/ptII/ptolemy/actor/lib/hoc/test/auto/MobileModelTest.xml
----------------- Instantiating /home/travis/build/icyphy/ptII/ptolemy/actor/lib/hoc/test/auto/MobileModelTest.xml
78 ms. Memory: 331776K Free: 195064K (59%)
----------------- Invoking toplevel() on ptolemy.moml.MoMLSimpleApplication@23968587
----------------- Done invoking toplevel() on ptolemy.moml.MoMLSimpleApplication@23968587
reloadAllAccessors: .MobileModelTest

===========================================================================================
----------------- testing Thu Jun 14 22:43:15 UTC 2018 /home/travis/build/icyphy/ptII/ptolemy/actor/lib/hoc/test/auto/ModelReference.xml
----------------- Instantiating /home/travis/build/icyphy/ptII/ptolemy/actor/lib/hoc/test/auto/ModelReference.xml
3 ms. Memory: 331776K Free: 186480K (56%)
2 ms. Memory: 331776K Free: 185254K (56%)
7 ms. Memory: 331776K Free: 185254K (56%)
2 ms. Memory: 331776K Free: 184028K (55%)
1 ms. Memory: 331776K Free: 182802K (55%)
1 ms. Memory: 331776K Free: 182802K (55%)
2 ms. Memory: 331776K Free: 181575K (55%)
1 ms. Memory: 331776K Free: 180349K (54%)
2 ms. Memory: 331776K Free: 180349K (54%)
5 ms. Memory: 331776K Free: 179123K (54%)
43 ms. Memory: 331776K Free: 179123K (54%)
----------------- Invoking toplevel() on ptolemy.moml.MoMLSimpleApplication@337a69b3
----------------- Done invoking toplevel() on ptolemy.moml.MoMLSimpleApplication@337a69b3
reloadAllAccessors: .ModelReference

===========================================================================================
----------------- testing Thu Jun 14 22:43:15 UTC 2018 /home/travis/build/icyphy/ptII/ptolemy/actor/lib/hoc/test/auto/ModelReference3.xml
----------------- Instantiating /home/travis/build/icyphy/ptII/ptolemy/actor/lib/hoc/test/auto/ModelReference3.xml
2 ms. Memory: 331776K Free: 172992K (52%)
5 ms. Memory: 331776K Free: 172992K (52%)
2 ms. Memory: 331776K Free: 171765K (52%)
4 ms. Memory: 331776K Free: 170539K (51%)
3 ms. Memory: 331776K Free: 170539K (51%)
2 ms. Memory: 331776K Free: 169313K (51%)
4 ms. Memory: 331776K Free: 168087K (51%)
2 ms. Memory: 331776K Free: 168087K (51%)
4 ms. Memory: 331776K Free: 166860K (50%)
3 ms. Memory: 331776K Free: 165634K (50%)
38 ms. Memory: 331776K Free: 165634K (50%)
----------------- Invoking toplevel() on ptolemy.moml.MoMLSimpleApplication@118c47f0
----------------- Done invoking toplevel() on ptolemy.moml.MoMLSimpleApplication@118c47f0
reloadAllAccessors: .ModelReference3

===========================================================================================
----------------- testing Thu Jun 14 22:43:15 UTC 2018 /home/travis/build/icyphy/ptII/ptolemy/actor/lib/hoc/test/auto/ModelReference4.xml
----------------- Instantiating /home/travis/build/icyphy/ptII/ptolemy/actor/lib/hoc/test/auto/ModelReference4.xml
5 ms. Memory: 331776K Free: 158660K (48%)
3 ms. Memory: 331776K Free: 157434K (47%)
10 ms. Memory: 331776K Free: 154981K (47%)
2 ms. Memory: 331776K Free: 153755K (46%)
2 ms. Memory: 331776K Free: 152529K (46%)
2 ms. Memory: 331776K Free: 151303K (46%)
2 ms. Memory: 331776K Free: 150076K (45%)
10 ms. Memory: 331776K Free: 148850K (45%)
2 ms. Memory: 331776K Free: 146382K (44%)
4 ms. Memory: 331776K Free: 145155K (44%)
10041 ms. Memory: 331776K Free: 145155K (44%)
----------------- Invoking toplevel() on ptolemy.moml.MoMLSimpleApplication@66ce8758
----------------- Done invoking toplevel() on ptolemy.moml.MoMLSimpleApplication@66ce8758
reloadAllAccessors: .ModelReference4

===========================================================================================
----------------- testing Thu Jun 14 22:43:25 UTC 2018 /home/travis/build/icyphy/ptII/ptolemy/actor/lib/hoc/test/auto/MultiInstanceComposite.xml
----------------- Instantiating /home/travis/build/icyphy/ptII/ptolemy/actor/lib/hoc/test/auto/MultiInstanceComposite.xml
31 ms. Memory: 331776K Free: 127907K (39%)
----------------- Invoking toplevel() on ptolemy.moml.MoMLSimpleApplication@4fbcf284
----------------- Done invoking toplevel() on ptolemy.moml.MoMLSimpleApplication@4fbcf284
reloadAllAccessors: .MultiInstanceComposite

===========================================================================================
----------------- testing Thu Jun 14 22:43:25 UTC 2018 /home/travis/build/icyphy/ptII/ptolemy/actor/lib/hoc/test/auto/MultiInstanceComposite2.xml
----------------- Instantiating /home/travis/build/icyphy/ptII/ptolemy/actor/lib/hoc/test/auto/MultiInstanceComposite2.xml
15 ms. Memory: 331776K Free: 113472K (34%)
----------------- Invoking toplevel() on ptolemy.moml.MoMLSimpleApplication@73d60fc4
----------------- Done invoking toplevel() on ptolemy.moml.MoMLSimpleApplication@73d60fc4
reloadAllAccessors: .MultiInstanceComposite2

===========================================================================================
----------------- testing Thu Jun 14 22:43:25 UTC 2018 /home/travis/build/icyphy/ptII/ptolemy/actor/lib/hoc/test/auto/MulticoreExecution.xml
----------------- Instantiating /home/travis/build/icyphy/ptII/ptolemy/actor/lib/hoc/test/auto/MulticoreExecution.xml
Fired ExecutionTime: 3200000
Fired ExecutionTime: 2400000
Fired ExecutionTime: 7200000
Fired ExecutionTime: 11200000
Fired ExecutionTime: 69600000
Fired ExecutionTime: 68400000
Fired ExecutionTime: 68000000
Fired ExecutionTime: 69200000
Fired ExecutionTime: 69200000
Fired ExecutionTime: 68000000
Fired ExecutionTime: 68800000
Fired ExecutionTime: 69200000
Fired ExecutionTime: 69200000
Fired ExecutionTime: 67600000
Fired ExecutionTime: 67600000
Fired ExecutionTime: 69600000
Fired ExecutionTime: 70000000
Fired ExecutionTime: 68000000
Fired ExecutionTime: 107200000
Fired ExecutionTime: 105200000
1037 ms. Memory: 331776K Free: 101177K (30%)
----------------- Invoking toplevel() on ptolemy.moml.MoMLSimpleApplication@5e92ddc1
----------------- Done invoking toplevel() on ptolemy.moml.MoMLSimpleApplication@5e92ddc1
reloadAllAccessors: .MulticoreExecution

===========================================================================================
----------------- testing Thu Jun 14 22:43:26 UTC 2018 /home/travis/build/icyphy/ptII/ptolemy/actor/lib/hoc/test/auto/ParallelExecution.xml
----------------- Instantiating /home/travis/build/icyphy/ptII/ptolemy/actor/lib/hoc/test/auto/ParallelExecution.xml
916 ms. Memory: 331776K Free: 90109K (27%)
----------------- Invoking toplevel() on ptolemy.moml.MoMLSimpleApplication@2619f0b7
----------------- Done invoking toplevel() on ptolemy.moml.MoMLSimpleApplication@2619f0b7
reloadAllAccessors: .ParallelExecution

===========================================================================================
----------------- testing Thu Jun 14 22:43:27 UTC 2018 /home/travis/build/icyphy/ptII/ptolemy/actor/lib/hoc/test/auto/RunCompositeActor.xml
----------------- Instantiating /home/travis/build/icyphy/ptII/ptolemy/actor/lib/hoc/test/auto/RunCompositeActor.xml
17 ms. Memory: 331776K Free: 80619K (24%)
----------------- Invoking toplevel() on ptolemy.moml.MoMLSimpleApplication@24136fb9
----------------- Done invoking toplevel() on ptolemy.moml.MoMLSimpleApplication@24136fb9
reloadAllAccessors: .RunCompositeActor

===========================================================================================
----------------- testing Thu Jun 14 22:43:27 UTC 2018 /home/travis/build/icyphy/ptII/ptolemy/actor/lib/hoc/test/auto/RunCompositeActor2.xml
----------------- Instantiating /home/travis/build/icyphy/ptII/ptolemy/actor/lib/hoc/test/auto/RunCompositeActor2.xml
4 ms. Memory: 316928K Free: 304160K (96%)
----------------- Invoking toplevel() on ptolemy.moml.MoMLSimpleApplication@259d38d2
----------------- Done invoking toplevel() on ptolemy.moml.MoMLSimpleApplication@259d38d2
reloadAllAccessors: .RunCompositeActor2

===========================================================================================
----------------- testing Thu Jun 14 22:43:27 UTC 2018 /home/travis/build/icyphy/ptII/ptolemy/actor/lib/hoc/test/auto/RunCompositeActor3.xml
----------------- Instantiating /home/travis/build/icyphy/ptII/ptolemy/actor/lib/hoc/test/auto/RunCompositeActor3.xml
3 ms. Memory: 316928K Free: 295738K (93%)
----------------- Invoking toplevel() on ptolemy.moml.MoMLSimpleApplication@2e12015a
----------------- Done invoking toplevel() on ptolemy.moml.MoMLSimpleApplication@2e12015a
reloadAllAccessors: .RunCompositeActor3

===========================================================================================
----------------- testing Thu Jun 14 22:43:27 UTC 2018 /home/travis/build/icyphy/ptII/ptolemy/actor/lib/hoc/test/auto/RunCompositeActor4.xml
----------------- Instantiating /home/travis/build/icyphy/ptII/ptolemy/actor/lib/hoc/test/auto/RunCompositeActor4.xml
16 ms. Memory: 316928K Free: 283997K (90%)
----------------- Invoking toplevel() on ptolemy.moml.MoMLSimpleApplication@72008587
----------------- Done invoking toplevel() on ptolemy.moml.MoMLSimpleApplication@72008587
reloadAllAccessors: .RunCompositeActor4

===========================================================================================
----------------- testing Thu Jun 14 22:43:27 UTC 2018 /home/travis/build/icyphy/ptII/ptolemy/actor/lib/hoc/test/auto/RunCompositeIterateOverArray.xml
----------------- Instantiating /home/travis/build/icyphy/ptII/ptolemy/actor/lib/hoc/test/auto/RunCompositeIterateOverArray.xml
11 ms. Memory: 316928K Free: 276164K (87%)
----------------- Invoking toplevel() on ptolemy.moml.MoMLSimpleApplication@b6eee0b
----------------- Done invoking toplevel() on ptolemy.moml.MoMLSimpleApplication@b6eee0b
reloadAllAccessors: .RunCompositeIterateOverArray

===========================================================================================
----------------- testing Thu Jun 14 22:43:27 UTC 2018 /home/travis/build/icyphy/ptII/ptolemy/actor/lib/hoc/test/auto/ThreadedJS.xml
----------------- Instantiating /home/travis/build/icyphy/ptII/ptolemy/actor/lib/hoc/test/auto/ThreadedJS.xml
2141 ms. Memory: 290816K Free: 137512K (47%)
----------------- Invoking toplevel() on ptolemy.moml.MoMLSimpleApplication@702c122b
----------------- Done invoking toplevel() on ptolemy.moml.MoMLSimpleApplication@702c122b
reloadAllAccessors: .ThreadedJS
AutoTests.java: About to close Vertx.
AutoTests.java: Vertx closed.
]]></system-out>
  <system-err><![CDATA[java.lang.RuntimeException: Execution failed
	at ptolemy.moml.MoMLSimpleApplication$UnloadThread.run(MoMLSimpleApplication.java:402)
Caused by: ptolemy.kernel.util.IllegalActionException: initialize() was called after wrapup() was called but preinitialize() was not called after wrapup().
	at ptolemy.actor.lib.hoc.test.PreinitializeMustBeInvoked.initialize(PreinitializeMustBeInvoked.java:78)
	at ptolemy.actor.Director.initialize(Director.java:938)
	at ptolemy.actor.Director.initialize(Director.java:907)
	at ptolemy.actor.sched.StaticSchedulingDirector.initialize(StaticSchedulingDirector.java:159)
	at ptolemy.domains.sdf.kernel.SDFDirector.initialize(SDFDirector.java:544)
	at ptolemy.actor.CompositeActor.initialize(CompositeActor.java:935)
	at ptolemy.actor.lib.hoc.LifeCycleManager._executeInsideModel(LifeCycleManager.java:339)
	at ptolemy.actor.lib.hoc.RunCompositeActor.fire(RunCompositeActor.java:205)
	at ptolemy.actor.CompositeActor.iterate(CompositeActor.java:1146)
	at ptolemy.actor.sched.StaticSchedulingDirector.fire(StaticSchedulingDirector.java:216)
	at ptolemy.domains.sdf.kernel.SDFDirector.fire(SDFDirector.java:500)
	at ptolemy.actor.CompositeActor.fire(CompositeActor.java:455)
	at ptolemy.actor.Manager.iterate(Manager.java:851)
	at ptolemy.actor.Manager.execute(Manager.java:369)
	at ptolemy.actor.Manager.run(Manager.java:1263)
	at ptolemy.actor.Manager$PtolemyRunThread.run(Manager.java:1915)
java.lang.reflect.InvocationTargetException
	at sun.reflect.NativeConstructorAccessorImpl.newInstance0(Native Method)
	at sun.reflect.NativeConstructorAccessorImpl.newInstance(NativeConstructorAccessorImpl.java:62)
	at sun.reflect.DelegatingConstructorAccessorImpl.newInstance(DelegatingConstructorAccessorImpl.java:45)
	at java.lang.reflect.Constructor.newInstance(Constructor.java:423)
	at ptolemy.util.test.junit.AutoKnownFailedTests.RunModel(AutoKnownFailedTests.java:107)
	at sun.reflect.NativeMethodAccessorImpl.invoke0(Native Method)
	at sun.reflect.NativeMethodAccessorImpl.invoke(NativeMethodAccessorImpl.java:62)
	at sun.reflect.DelegatingMethodAccessorImpl.invoke(DelegatingMethodAccessorImpl.java:43)
	at java.lang.reflect.Method.invoke(Method.java:498)
	at org.junit.runners.model.FrameworkMethod$1.runReflectiveCall(FrameworkMethod.java:44)
	at org.junit.internal.runners.model.ReflectiveCallable.run(ReflectiveCallable.java:15)
	at org.junit.runners.model.FrameworkMethod.invokeExplosively(FrameworkMethod.java:41)
	at junitparams.internal.InvokeParameterisedMethod.evaluate(InvokeParameterisedMethod.java:102)
	at org.junit.internal.runners.statements.FailOnTimeout$1.run(FailOnTimeout.java:28)
Caused by: ptolemy.kernel.util.IllegalActionException: initialize() was called after wrapup() was called but preinitialize() was not called after wrapup().
	at ptolemy.actor.lib.hoc.test.PreinitializeMustBeInvoked.initialize(PreinitializeMustBeInvoked.java:78)
	at ptolemy.actor.Director.initialize(Director.java:938)
	at ptolemy.actor.Director.initialize(Director.java:907)
	at ptolemy.actor.sched.StaticSchedulingDirector.initialize(StaticSchedulingDirector.java:159)
	at ptolemy.domains.sdf.kernel.SDFDirector.initialize(SDFDirector.java:544)
	at ptolemy.actor.CompositeActor.initialize(CompositeActor.java:935)
	at ptolemy.actor.lib.hoc.LifeCycleManager._executeInsideModel(LifeCycleManager.java:339)
	at ptolemy.actor.lib.hoc.RunCompositeActor.fire(RunCompositeActor.java:205)
	at ptolemy.actor.CompositeActor.iterate(CompositeActor.java:1146)
	at ptolemy.actor.sched.StaticSchedulingDirector.fire(StaticSchedulingDirector.java:216)
	at ptolemy.domains.sdf.kernel.SDFDirector.fire(SDFDirector.java:500)
	at ptolemy.actor.CompositeActor.fire(CompositeActor.java:455)
	at ptolemy.actor.Manager.iterate(Manager.java:851)
	at ptolemy.actor.Manager.execute(Manager.java:369)
	at ptolemy.actor.Manager.run(Manager.java:1263)
	at ptolemy.actor.Manager$PtolemyRunThread.run(Manager.java:1915)
]]></system-err>
</testsuite>
