<?xml version="1.0" encoding="UTF-8" ?>
<testsuite errors="0" failures="0" hostname="travis-job-88cb4940-1013-4a79-94cd-c2414cd1a261" name="ptolemy.domains.continuous.test.junit.JUnitTclTest" skipped="0" tests="156" time="75.492" timestamp="2019-02-17T04:01:54">
  <properties>
[...]
</properties>
  <testcase classname="ptolemy.util.test.junit.TclTests" name="[0] ThereAreNoTclTests (RunTclFile)" time="0.002" />
  <testcase classname="ptolemy.util.test.junit.AutoKnownFailedTests" name="[0] ThereAreNoKnowFailedTests (RunModel)" time="0.001" />
  <testcase classname="ptolemy.util.test.junit.AutoNameArchTests" name="[0] ThereAreNoAutoArchTests (RunModel)" time="0.001" />
  <testcase classname="ptolemy.util.test.junit.AutoTests" name="[0] /home/travis/build/icyphy/ptII/ptolemy/domains/continuous/test/auto/BouncingBall.xml (RunModel)" time="2.969" />
  <testcase classname="ptolemy.util.test.junit.AutoTests" name="[1] /home/travis/build/icyphy/ptII/ptolemy/domains/continuous/test/auto/BouncingBallWithoutGR.xml (RunModel)" time="0.884" />
  <testcase classname="ptolemy.util.test.junit.AutoTests" name="[2] /home/travis/build/icyphy/ptII/ptolemy/domains/continuous/test/auto/Brownian.xml (RunModel)" time="0.088" />
  <testcase classname="ptolemy.util.test.junit.AutoTests" name="[3] /home/travis/build/icyphy/ptII/ptolemy/domains/continuous/test/auto/CarTracking.xml (RunModel)" time="3.709" />
  <testcase classname="ptolemy.util.test.junit.AutoTests" name="[4] /home/travis/build/icyphy/ptII/ptolemy/domains/continuous/test/auto/CartPendulum.xml (RunModel)" time="0.54" />
  <testcase classname="ptolemy.util.test.junit.AutoTests" name="[5] /home/travis/build/icyphy/ptII/ptolemy/domains/continuous/test/auto/CausalityInterface10.xml (RunModel)" time="0.074" />
  <testcase classname="ptolemy.util.test.junit.AutoTests" name="[6] /home/travis/build/icyphy/ptII/ptolemy/domains/continuous/test/auto/CausalityInterface11.xml (RunModel)" time="0.039" />
  <testcase classname="ptolemy.util.test.junit.AutoTests" name="[7] /home/travis/build/icyphy/ptII/ptolemy/domains/continuous/test/auto/CausalityInterface12.xml (RunModel)" time="0.019" />
  <testcase classname="ptolemy.util.test.junit.AutoTests" name="[8] /home/travis/build/icyphy/ptII/ptolemy/domains/continuous/test/auto/CausalityInterface13.xml (RunModel)" time="0.038" />
  <testcase classname="ptolemy.util.test.junit.AutoTests" name="[9] /home/travis/build/icyphy/ptII/ptolemy/domains/continuous/test/auto/CausalityInterface14.xml (RunModel)" time="0.034" />
  <testcase classname="ptolemy.util.test.junit.AutoTests" name="[10] /home/travis/build/icyphy/ptII/ptolemy/domains/continuous/test/auto/CausalityInterface4.xml (RunModel)" time="0.036" />
  <testcase classname="ptolemy.util.test.junit.AutoTests" name="[11] /home/travis/build/icyphy/ptII/ptolemy/domains/continuous/test/auto/CausalityInterface5.xml (RunModel)" time="0.044" />
  <testcase classname="ptolemy.util.test.junit.AutoTests" name="[12] /home/travis/build/icyphy/ptII/ptolemy/domains/continuous/test/auto/CausalityInterface6.xml (RunModel)" time="0.024" />
  <testcase classname="ptolemy.util.test.junit.AutoTests" name="[13] /home/travis/build/icyphy/ptII/ptolemy/domains/continuous/test/auto/CausalityInterface7.xml (RunModel)" time="0.045" />
  <testcase classname="ptolemy.util.test.junit.AutoTests" name="[14] /home/travis/build/icyphy/ptII/ptolemy/domains/continuous/test/auto/CausalityInterface8.xml (RunModel)" time="0.027" />
  <testcase classname="ptolemy.util.test.junit.AutoTests" name="[15] /home/travis/build/icyphy/ptII/ptolemy/domains/continuous/test/auto/CausalityInterface9.xml (RunModel)" time="0.039" />
  <testcase classname="ptolemy.util.test.junit.AutoTests" name="[16] /home/travis/build/icyphy/ptII/ptolemy/domains/continuous/test/auto/CausalityInterfaceFeedback1.xml (RunModel)" time="0.029" />
  <testcase classname="ptolemy.util.test.junit.AutoTests" name="[17] /home/travis/build/icyphy/ptII/ptolemy/domains/continuous/test/auto/CausalityInterfaceFeedback2.xml (RunModel)" time="0.042" />
  <testcase classname="ptolemy.util.test.junit.AutoTests" name="[18] /home/travis/build/icyphy/ptII/ptolemy/domains/continuous/test/auto/CompareWithCurrentTime.xml (RunModel)" time="0.021" />
  <testcase classname="ptolemy.util.test.junit.AutoTests" name="[19] /home/travis/build/icyphy/ptII/ptolemy/domains/continuous/test/auto/ComparedClocks.xml (RunModel)" time="0.082" />
  <testcase classname="ptolemy.util.test.junit.AutoTests" name="[20] /home/travis/build/icyphy/ptII/ptolemy/domains/continuous/test/auto/ContinuousAOCClone.xml (RunModel)" time="2.708" />
  <testcase classname="ptolemy.util.test.junit.AutoTests" name="[21] /home/travis/build/icyphy/ptII/ptolemy/domains/continuous/test/auto/ContinuousClock.xml (RunModel)" time="0.103" />
  <testcase classname="ptolemy.util.test.junit.AutoTests" name="[22] /home/travis/build/icyphy/ptII/ptolemy/domains/continuous/test/auto/ContinuousInContinuous.xml (RunModel)" time="0.083" />
  <testcase classname="ptolemy.util.test.junit.AutoTests" name="[23] /home/travis/build/icyphy/ptII/ptolemy/domains/continuous/test/auto/ContinuousInContinuousInContinuous.xml (RunModel)" time="0.028" />
  <testcase classname="ptolemy.util.test.junit.AutoTests" name="[24] /home/travis/build/icyphy/ptII/ptolemy/domains/continuous/test/auto/ContinuousInDE.xml (RunModel)" time="0.137" />
  <testcase classname="ptolemy.util.test.junit.AutoTests" name="[25] /home/travis/build/icyphy/ptII/ptolemy/domains/continuous/test/auto/ContinuousInDE2.xml (RunModel)" time="0.056" />
  <testcase classname="ptolemy.util.test.junit.AutoTests" name="[26] /home/travis/build/icyphy/ptII/ptolemy/domains/continuous/test/auto/ContinuousInDE3.xml (RunModel)" time="0.051" />
  <testcase classname="ptolemy.util.test.junit.AutoTests" name="[27] /home/travis/build/icyphy/ptII/ptolemy/domains/continuous/test/auto/ContinuousInDE4.xml (RunModel)" time="0.041" />
  <testcase classname="ptolemy.util.test.junit.AutoTests" name="[28] /home/travis/build/icyphy/ptII/ptolemy/domains/continuous/test/auto/ContinuousInDEDifferentRefinements.xml (RunModel)" time="0.116" />
  <testcase classname="ptolemy.util.test.junit.AutoTests" name="[29] /home/travis/build/icyphy/ptII/ptolemy/domains/continuous/test/auto/ContinuousInDEDifferentRefinementsPreemptive.xml (RunModel)" time="0.094" />
  <testcase classname="ptolemy.util.test.junit.AutoTests" name="[30] /home/travis/build/icyphy/ptII/ptolemy/domains/continuous/test/auto/ContinuousInDEInContinuous2.xml (RunModel)" time="0.063" />
  <testcase classname="ptolemy.util.test.junit.AutoTests" name="[31] /home/travis/build/icyphy/ptII/ptolemy/domains/continuous/test/auto/ContinuousInDEInContinuous3.xml (RunModel)" time="0.06" />
  <testcase classname="ptolemy.util.test.junit.AutoTests" name="[32] /home/travis/build/icyphy/ptII/ptolemy/domains/continuous/test/auto/ContinuousInDEInput.xml (RunModel)" time="0.045" />
  <testcase classname="ptolemy.util.test.junit.AutoTests" name="[33] /home/travis/build/icyphy/ptII/ptolemy/domains/continuous/test/auto/ContinuousInDEInput2.xml (RunModel)" time="0.04" />
  <testcase classname="ptolemy.util.test.junit.AutoTests" name="[34] /home/travis/build/icyphy/ptII/ptolemy/domains/continuous/test/auto/ContinuousInDEInput3.xml (RunModel)" time="0.036" />
  <testcase classname="ptolemy.util.test.junit.AutoTests" name="[35] /home/travis/build/icyphy/ptII/ptolemy/domains/continuous/test/auto/ContinuousInDESharingRefinement.xml (RunModel)" time="0.169" />
  <testcase classname="ptolemy.util.test.junit.AutoTests" name="[36] /home/travis/build/icyphy/ptII/ptolemy/domains/continuous/test/auto/ContinuousInDEwithNoPorts.xml (RunModel)" time="0.019" />
  <testcase classname="ptolemy.util.test.junit.AutoTests" name="[37] /home/travis/build/icyphy/ptII/ptolemy/domains/continuous/test/auto/ContinuousInsideDE.xml (RunModel)" time="0.087" />
  <testcase classname="ptolemy.util.test.junit.AutoTests" name="[38] /home/travis/build/icyphy/ptII/ptolemy/domains/continuous/test/auto/ContinuousMerge1.xml (RunModel)" time="0.018" />
  <testcase classname="ptolemy.util.test.junit.AutoTests" name="[39] /home/travis/build/icyphy/ptII/ptolemy/domains/continuous/test/auto/ContinuousMerge2.xml (RunModel)" time="0.044" />
  <testcase classname="ptolemy.util.test.junit.AutoTests" name="[40] /home/travis/build/icyphy/ptII/ptolemy/domains/continuous/test/auto/ContinuousMerge3.xml (RunModel)" time="0.07" />
  <testcase classname="ptolemy.util.test.junit.AutoTests" name="[41] /home/travis/build/icyphy/ptII/ptolemy/domains/continuous/test/auto/ContinuousWithinContinuous.xml (RunModel)" time="0.076" />
  <testcase classname="ptolemy.util.test.junit.AutoTests" name="[42] /home/travis/build/icyphy/ptII/ptolemy/domains/continuous/test/auto/ContinuousWithinContinuous2.xml (RunModel)" time="0.104" />
  <testcase classname="ptolemy.util.test.junit.AutoTests" name="[43] /home/travis/build/icyphy/ptII/ptolemy/domains/continuous/test/auto/ContinuousWithinContinuous3.xml (RunModel)" time="0.034" />
  <testcase classname="ptolemy.util.test.junit.AutoTests" name="[44] /home/travis/build/icyphy/ptII/ptolemy/domains/continuous/test/auto/ContinuousWithinContinuous4.xml (RunModel)" time="0.094" />
  <testcase classname="ptolemy.util.test.junit.AutoTests" name="[45] /home/travis/build/icyphy/ptII/ptolemy/domains/continuous/test/auto/ContinuousWithinContinuous5.xml (RunModel)" time="0.032" />
  <testcase classname="ptolemy.util.test.junit.AutoTests" name="[46] /home/travis/build/icyphy/ptII/ptolemy/domains/continuous/test/auto/ContinuousWithinContinuous6.xml (RunModel)" time="0.029" />
  <testcase classname="ptolemy.util.test.junit.AutoTests" name="[47] /home/travis/build/icyphy/ptII/ptolemy/domains/continuous/test/auto/ContinuousWithinContinuous7.xml (RunModel)" time="0.082" />
  <testcase classname="ptolemy.util.test.junit.AutoTests" name="[48] /home/travis/build/icyphy/ptII/ptolemy/domains/continuous/test/auto/DCMotor.xml (RunModel)" time="14.293" />
  <testcase classname="ptolemy.util.test.junit.AutoTests" name="[49] /home/travis/build/icyphy/ptII/ptolemy/domains/continuous/test/auto/DEInContinuous.xml (RunModel)" time="0.041" />
  <testcase classname="ptolemy.util.test.junit.AutoTests" name="[50] /home/travis/build/icyphy/ptII/ptolemy/domains/continuous/test/auto/DEinContinuous2.xml (RunModel)" time="0.032" />
  <testcase classname="ptolemy.util.test.junit.AutoTests" name="[51] /home/travis/build/icyphy/ptII/ptolemy/domains/continuous/test/auto/Derivative.xml (RunModel)" time="0.203" />
  <testcase classname="ptolemy.util.test.junit.AutoTests" name="[52] /home/travis/build/icyphy/ptII/ptolemy/domains/continuous/test/auto/Derivative1.xml (RunModel)" time="0.044" />
  <testcase classname="ptolemy.util.test.junit.AutoTests" name="[53] /home/travis/build/icyphy/ptII/ptolemy/domains/continuous/test/auto/DiscreteClock.xml (RunModel)" time="0.018" />
  <testcase classname="ptolemy.util.test.junit.AutoTests" name="[54] /home/travis/build/icyphy/ptII/ptolemy/domains/continuous/test/auto/EfficiencyCurve.xml (RunModel)" time="0.106" />
  <testcase classname="ptolemy.util.test.junit.AutoTests" name="[55] /home/travis/build/icyphy/ptII/ptolemy/domains/continuous/test/auto/ExponentialResponse.xml (RunModel)" time="0.116" />
  <testcase classname="ptolemy.util.test.junit.AutoTests" name="[56] /home/travis/build/icyphy/ptII/ptolemy/domains/continuous/test/auto/ExponentialResponseRK45.xml (RunModel)" time="0.035" />
  <testcase classname="ptolemy.util.test.junit.AutoTests" name="[57] /home/travis/build/icyphy/ptII/ptolemy/domains/continuous/test/auto/Friction.xml (RunModel)" time="1.463" />
  <testcase classname="ptolemy.util.test.junit.AutoTests" name="[58] /home/travis/build/icyphy/ptII/ptolemy/domains/continuous/test/auto/FurutaPendulum.xml (RunModel)" time="3.732" />
  <testcase classname="ptolemy.util.test.junit.AutoTests" name="[59] /home/travis/build/icyphy/ptII/ptolemy/domains/continuous/test/auto/HierarchicalExecution.xml (RunModel)" time="2.281" />
  <testcase classname="ptolemy.util.test.junit.AutoTests" name="[60] /home/travis/build/icyphy/ptII/ptolemy/domains/continuous/test/auto/HybridPlant.xml (RunModel)" time="0.566" />
  <testcase classname="ptolemy.util.test.junit.AutoTests" name="[61] /home/travis/build/icyphy/ptII/ptolemy/domains/continuous/test/auto/Hysteresis.xml (RunModel)" time="0.159" />
  <testcase classname="ptolemy.util.test.junit.AutoTests" name="[62] /home/travis/build/icyphy/ptII/ptolemy/domains/continuous/test/auto/HysteresisWithRandomDelay.xml (RunModel)" time="0.226" />
  <testcase classname="ptolemy.util.test.junit.AutoTests" name="[63] /home/travis/build/icyphy/ptII/ptolemy/domains/continuous/test/auto/HysteresisWithRandomLosses.xml (RunModel)" time="2.396" />
  <testcase classname="ptolemy.util.test.junit.AutoTests" name="[64] /home/travis/build/icyphy/ptII/ptolemy/domains/continuous/test/auto/ImmediateTransitions.xml (RunModel)" time="0.028" />
  <testcase classname="ptolemy.util.test.junit.AutoTests" name="[65] /home/travis/build/icyphy/ptII/ptolemy/domains/continuous/test/auto/ImpulseFeedback.xml (RunModel)" time="0.029" />
  <testcase classname="ptolemy.util.test.junit.AutoTests" name="[66] /home/travis/build/icyphy/ptII/ptolemy/domains/continuous/test/auto/ImpulseFeedback2.xml (RunModel)" time="0.02" />
  <testcase classname="ptolemy.util.test.junit.AutoTests" name="[67] /home/travis/build/icyphy/ptII/ptolemy/domains/continuous/test/auto/IncreasingRatePoisson.xml (RunModel)" time="0.696" />
  <testcase classname="ptolemy.util.test.junit.AutoTests" name="[68] /home/travis/build/icyphy/ptII/ptolemy/domains/continuous/test/auto/InitialStateFeedback.xml (RunModel)" time="0.022" />
  <testcase classname="ptolemy.util.test.junit.AutoTests" name="[69] /home/travis/build/icyphy/ptII/ptolemy/domains/continuous/test/auto/Integration.xml (RunModel)" time="0.008" />
  <testcase classname="ptolemy.util.test.junit.AutoTests" name="[70] /home/travis/build/icyphy/ptII/ptolemy/domains/continuous/test/auto/Integration2.xml (RunModel)" time="0.089" />
  <testcase classname="ptolemy.util.test.junit.AutoTests" name="[71] /home/travis/build/icyphy/ptII/ptolemy/domains/continuous/test/auto/Integration3.xml (RunModel)" time="0.012" />
  <testcase classname="ptolemy.util.test.junit.AutoTests" name="[72] /home/travis/build/icyphy/ptII/ptolemy/domains/continuous/test/auto/Integration5.xml (RunModel)" time="0.026" />
  <testcase classname="ptolemy.util.test.junit.AutoTests" name="[73] /home/travis/build/icyphy/ptII/ptolemy/domains/continuous/test/auto/IntegratorImpulse.xml (RunModel)" time="0.01" />
  <testcase classname="ptolemy.util.test.junit.AutoTests" name="[74] /home/travis/build/icyphy/ptII/ptolemy/domains/continuous/test/auto/IntegratorImpulse2.xml (RunModel)" time="0.012" />
  <testcase classname="ptolemy.util.test.junit.AutoTests" name="[75] /home/travis/build/icyphy/ptII/ptolemy/domains/continuous/test/auto/LevelCrossing1.xml (RunModel)" time="0.012" />
  <testcase classname="ptolemy.util.test.junit.AutoTests" name="[76] /home/travis/build/icyphy/ptII/ptolemy/domains/continuous/test/auto/LevelCrossing2.xml (RunModel)" time="0.012" />
  <testcase classname="ptolemy.util.test.junit.AutoTests" name="[77] /home/travis/build/icyphy/ptII/ptolemy/domains/continuous/test/auto/LevelCrossing3.xml (RunModel)" time="0.011" />
  <testcase classname="ptolemy.util.test.junit.AutoTests" name="[78] /home/travis/build/icyphy/ptII/ptolemy/domains/continuous/test/auto/LevelCrossing4.xml (RunModel)" time="0.012" />
  <testcase classname="ptolemy.util.test.junit.AutoTests" name="[79] /home/travis/build/icyphy/ptII/ptolemy/domains/continuous/test/auto/LevelCrossing5.xml (RunModel)" time="0.012" />
  <testcase classname="ptolemy.util.test.junit.AutoTests" name="[80] /home/travis/build/icyphy/ptII/ptolemy/domains/continuous/test/auto/LevelCrossing6.xml (RunModel)" time="0.012" />
  <testcase classname="ptolemy.util.test.junit.AutoTests" name="[81] /home/travis/build/icyphy/ptII/ptolemy/domains/continuous/test/auto/LevelCrossingDetector.xml (RunModel)" time="0.037" />
  <testcase classname="ptolemy.util.test.junit.AutoTests" name="[82] /home/travis/build/icyphy/ptII/ptolemy/domains/continuous/test/auto/LevelCrossingDetectorDetectingDirections.xml (RunModel)" time="0.08" />
  <testcase classname="ptolemy.util.test.junit.AutoTests" name="[83] /home/travis/build/icyphy/ptII/ptolemy/domains/continuous/test/auto/LevelCrossingDetectorDetectsGlitches.xml (RunModel)" time="0.063" />
  <testcase classname="ptolemy.util.test.junit.AutoTests" name="[84] /home/travis/build/icyphy/ptII/ptolemy/domains/continuous/test/auto/LevelCrossingNoInitialOuput.xml (RunModel)" time="0.012" />
  <testcase classname="ptolemy.util.test.junit.AutoTests" name="[85] /home/travis/build/icyphy/ptII/ptolemy/domains/continuous/test/auto/LinearStateSpaceExample.xml (RunModel)" time="0.037" />
  <testcase classname="ptolemy.util.test.junit.AutoTests" name="[86] /home/travis/build/icyphy/ptII/ptolemy/domains/continuous/test/auto/Lorenz.xml (RunModel)" time="4.211" />
  <testcase classname="ptolemy.util.test.junit.AutoTests" name="[87] /home/travis/build/icyphy/ptII/ptolemy/domains/continuous/test/auto/LorenzDifferentialSystem.xml (RunModel)" time="1.156" />
  <testcase classname="ptolemy.util.test.junit.AutoTests" name="[88] /home/travis/build/icyphy/ptII/ptolemy/domains/continuous/test/auto/LorenzDifferentialSystemWithInput.xml (RunModel)" time="1.367" />
  <testcase classname="ptolemy.util.test.junit.AutoTests" name="[89] /home/travis/build/icyphy/ptII/ptolemy/domains/continuous/test/auto/LorenzDifferentialSystemWithTime.xml (RunModel)" time="0.73" />
  <testcase classname="ptolemy.util.test.junit.AutoTests" name="[90] /home/travis/build/icyphy/ptII/ptolemy/domains/continuous/test/auto/Microsteps.xml (RunModel)" time="0.018" />
  <testcase classname="ptolemy.util.test.junit.AutoTests" name="[91] /home/travis/build/icyphy/ptII/ptolemy/domains/continuous/test/auto/Modal1.xml (RunModel)" time="0.031" />
  <testcase classname="ptolemy.util.test.junit.AutoTests" name="[92] /home/travis/build/icyphy/ptII/ptolemy/domains/continuous/test/auto/Modal2.xml (RunModel)" time="0.034" />
  <testcase classname="ptolemy.util.test.junit.AutoTests" name="[93] /home/travis/build/icyphy/ptII/ptolemy/domains/continuous/test/auto/ModalTransitionGuardWithReset.xml (RunModel)" time="0.022" />
  <testcase classname="ptolemy.util.test.junit.AutoTests" name="[94] /home/travis/build/icyphy/ptII/ptolemy/domains/continuous/test/auto/ModalTransitionGuardWithResetUsingPreemptiveTransition.xml (RunModel)" time="0.029" />
  <testcase classname="ptolemy.util.test.junit.AutoTests" name="[95] /home/travis/build/icyphy/ptII/ptolemy/domains/continuous/test/auto/ModalTransitionGuardWithResetUsingPreemptiveTransition2.xml (RunModel)" time="0.026" />
  <testcase classname="ptolemy.util.test.junit.AutoTests" name="[96] /home/travis/build/icyphy/ptII/ptolemy/domains/continuous/test/auto/ModalTransitionGuardWithResetUsingPreemptiveTransition3.xml (RunModel)" time="0.036" />
  <testcase classname="ptolemy.util.test.junit.AutoTests" name="[97] /home/travis/build/icyphy/ptII/ptolemy/domains/continuous/test/auto/NewtonsCradle.xml (RunModel)" time="0.812" />
  <testcase classname="ptolemy.util.test.junit.AutoTests" name="[98] /home/travis/build/icyphy/ptII/ptolemy/domains/continuous/test/auto/NewtonsCradleAnimated.xml (RunModel)" time="1.088" />
  <testcase classname="ptolemy.util.test.junit.AutoTests" name="[99] /home/travis/build/icyphy/ptII/ptolemy/domains/continuous/test/auto/NewtonsCradleComplicated.xml (RunModel)" time="0.905" />
  <testcase classname="ptolemy.util.test.junit.AutoTests" name="[100] /home/travis/build/icyphy/ptII/ptolemy/domains/continuous/test/auto/NewtonsCradleNondeterministic.xml (RunModel)" time="0.677" />
  <testcase classname="ptolemy.util.test.junit.AutoTests" name="[101] /home/travis/build/icyphy/ptII/ptolemy/domains/continuous/test/auto/NewtonsCradlePerfectlyInelastic1.xml (RunModel)" time="1.214" />
  <testcase classname="ptolemy.util.test.junit.AutoTests" name="[102] /home/travis/build/icyphy/ptII/ptolemy/domains/continuous/test/auto/Noise.xml (RunModel)" time="0.192" />
  <testcase classname="ptolemy.util.test.junit.AutoTests" name="[103] /home/travis/build/icyphy/ptII/ptolemy/domains/continuous/test/auto/NoiseSpectrum.xml (RunModel)" time="0.889" />
  <testcase classname="ptolemy.util.test.junit.AutoTests" name="[104] /home/travis/build/icyphy/ptII/ptolemy/domains/continuous/test/auto/ParameterizedNewtonsCradleAnimated.xml (RunModel)" time="0.382" />
  <testcase classname="ptolemy.util.test.junit.AutoTests" name="[105] /home/travis/build/icyphy/ptII/ptolemy/domains/continuous/test/auto/ParameterizedNewtonsCradleAnimatedNondeterministic.xml (RunModel)" time="1.133" />
  <testcase classname="ptolemy.util.test.junit.AutoTests" name="[106] /home/travis/build/icyphy/ptII/ptolemy/domains/continuous/test/auto/Pendulum3D.xml (RunModel)" time="0.18" />
  <testcase classname="ptolemy.util.test.junit.AutoTests" name="[107] /home/travis/build/icyphy/ptII/ptolemy/domains/continuous/test/auto/PeriodicSampler.xml (RunModel)" time="0.01" />
  <testcase classname="ptolemy.util.test.junit.AutoTests" name="[108] /home/travis/build/icyphy/ptII/ptolemy/domains/continuous/test/auto/PeriodicSampler1.xml (RunModel)" time="0.039" />
  <testcase classname="ptolemy.util.test.junit.AutoTests" name="[109] /home/travis/build/icyphy/ptII/ptolemy/domains/continuous/test/auto/PeriodicSampler2.xml (RunModel)" time="0.066" />
  <testcase classname="ptolemy.util.test.junit.AutoTests" name="[110] /home/travis/build/icyphy/ptII/ptolemy/domains/continuous/test/auto/Poisson.xml (RunModel)" time="0.466" />
  <testcase classname="ptolemy.util.test.junit.AutoTests" name="[111] /home/travis/build/icyphy/ptII/ptolemy/domains/continuous/test/auto/PoissonClock.xml (RunModel)" time="0.014" />
  <testcase classname="ptolemy.util.test.junit.AutoTests" name="[112] /home/travis/build/icyphy/ptII/ptolemy/domains/continuous/test/auto/PoissonClock2.xml (RunModel)" time="0.013" />
  <testcase classname="ptolemy.util.test.junit.AutoTests" name="[113] /home/travis/build/icyphy/ptII/ptolemy/domains/continuous/test/auto/PortParameterHierarchy.xml (RunModel)" time="0.016" />
  <testcase classname="ptolemy.util.test.junit.AutoTests" name="[114] /home/travis/build/icyphy/ptII/ptolemy/domains/continuous/test/auto/RandomHybridPlant.xml (RunModel)" time="0.531" />
  <testcase classname="ptolemy.util.test.junit.AutoTests" name="[115] /home/travis/build/icyphy/ptII/ptolemy/domains/continuous/test/auto/ResetTransitionWithStartTime1.xml (RunModel)" time="0.022" />
  <testcase classname="ptolemy.util.test.junit.AutoTests" name="[116] /home/travis/build/icyphy/ptII/ptolemy/domains/continuous/test/auto/ResetTransitionWithStartTime2.xml (RunModel)" time="0.033" />
  <testcase classname="ptolemy.util.test.junit.AutoTests" name="[117] /home/travis/build/icyphy/ptII/ptolemy/domains/continuous/test/auto/ResetTransitionWithStartTime3.xml (RunModel)" time="0.041" />
  <testcase classname="ptolemy.util.test.junit.AutoTests" name="[118] /home/travis/build/icyphy/ptII/ptolemy/domains/continuous/test/auto/ResetTransitionWithStartTime4.xml (RunModel)" time="0.022" />
  <testcase classname="ptolemy.util.test.junit.AutoTests" name="[119] /home/travis/build/icyphy/ptII/ptolemy/domains/continuous/test/auto/ResetTransitionWithStartTime5.xml (RunModel)" time="0.03" />
  <testcase classname="ptolemy.util.test.junit.AutoTests" name="[120] /home/travis/build/icyphy/ptII/ptolemy/domains/continuous/test/auto/ResetTransitionWithStartTime6.xml (RunModel)" time="0.032" />
  <testcase classname="ptolemy.util.test.junit.AutoTests" name="[121] /home/travis/build/icyphy/ptII/ptolemy/domains/continuous/test/auto/SRinContinuous.xml (RunModel)" time="0.024" />
  <testcase classname="ptolemy.util.test.junit.AutoTests" name="[122] /home/travis/build/icyphy/ptII/ptolemy/domains/continuous/test/auto/SampledClocks.xml (RunModel)" time="0.027" />
  <testcase classname="ptolemy.util.test.junit.AutoTests" name="[123] /home/travis/build/icyphy/ptII/ptolemy/domains/continuous/test/auto/Satellite.xml (RunModel)" time="0.808" />
  <testcase classname="ptolemy.util.test.junit.AutoTests" name="[124] /home/travis/build/icyphy/ptII/ptolemy/domains/continuous/test/auto/SigmaDelta.xml (RunModel)" time="2.393" />
  <testcase classname="ptolemy.util.test.junit.AutoTests" name="[125] /home/travis/build/icyphy/ptII/ptolemy/domains/continuous/test/auto/SingleRefinement.xml (RunModel)" time="0.434" />
  <testcase classname="ptolemy.util.test.junit.AutoTests" name="[126] /home/travis/build/icyphy/ptII/ptolemy/domains/continuous/test/auto/SinuBouncingBall.xml (RunModel)" time="0.826" />
  <testcase classname="ptolemy.util.test.junit.AutoTests" name="[127] /home/travis/build/icyphy/ptII/ptolemy/domains/continuous/test/auto/Sinusoid.xml (RunModel)" time="0.016" />
  <testcase classname="ptolemy.util.test.junit.AutoTests" name="[128] /home/travis/build/icyphy/ptII/ptolemy/domains/continuous/test/auto/SinusoidInNoise.xml (RunModel)" time="0.911" />
  <testcase classname="ptolemy.util.test.junit.AutoTests" name="[129] /home/travis/build/icyphy/ptII/ptolemy/domains/continuous/test/auto/SinusoidRK45.xml (RunModel)" time="0.009" />
  <testcase classname="ptolemy.util.test.junit.AutoTests" name="[130] /home/travis/build/icyphy/ptII/ptolemy/domains/continuous/test/auto/SinusoidWithMultipleImpulses.xml (RunModel)" time="0.012" />
  <testcase classname="ptolemy.util.test.junit.AutoTests" name="[131] /home/travis/build/icyphy/ptII/ptolemy/domains/continuous/test/auto/SquareWave.xml (RunModel)" time="0.197" />
  <testcase classname="ptolemy.util.test.junit.AutoTests" name="[132] /home/travis/build/icyphy/ptII/ptolemy/domains/continuous/test/auto/Starmac.xml (RunModel)" time="3.405" />
  <testcase classname="ptolemy.util.test.junit.AutoTests" name="[133] /home/travis/build/icyphy/ptII/ptolemy/domains/continuous/test/auto/StaticUnits.xml (RunModel)" time="2.699" />
  <testcase classname="ptolemy.util.test.junit.AutoTests" name="[134] /home/travis/build/icyphy/ptII/ptolemy/domains/continuous/test/auto/StickyMasses.xml (RunModel)" time="0.215" />
  <testcase classname="ptolemy.util.test.junit.AutoTests" name="[135] /home/travis/build/icyphy/ptII/ptolemy/domains/continuous/test/auto/StopTime.xml (RunModel)" time="0.083" />
  <testcase classname="ptolemy.util.test.junit.AutoTests" name="[136] /home/travis/build/icyphy/ptII/ptolemy/domains/continuous/test/auto/StopTime2.xml (RunModel)" time="0.059" />
  <testcase classname="ptolemy.util.test.junit.AutoTests" name="[137] /home/travis/build/icyphy/ptII/ptolemy/domains/continuous/test/auto/Switch.xml (RunModel)" time="0.09" />
  <testcase classname="ptolemy.util.test.junit.AutoTests" name="[138] /home/travis/build/icyphy/ptII/ptolemy/domains/continuous/test/auto/Thermostat.xml (RunModel)" time="0.212" />
  <testcase classname="ptolemy.util.test.junit.AutoTests" name="[139] /home/travis/build/icyphy/ptII/ptolemy/domains/continuous/test/auto/TimeDelay.xml (RunModel)" time="0.014" />
  <testcase classname="ptolemy.util.test.junit.AutoTests" name="[140] /home/travis/build/icyphy/ptII/ptolemy/domains/continuous/test/auto/TimeDelay2.xml (RunModel)" time="0.02" />
  <testcase classname="ptolemy.util.test.junit.AutoTests" name="[141] /home/travis/build/icyphy/ptII/ptolemy/domains/continuous/test/auto/TimeDelay3.xml (RunModel)" time="0.012" />
  <testcase classname="ptolemy.util.test.junit.AutoTests" name="[142] /home/travis/build/icyphy/ptII/ptolemy/domains/continuous/test/auto/TransferAbsentToInside.xml (RunModel)" time="0.118" />
  <testcase classname="ptolemy.util.test.junit.AutoTests" name="[143] /home/travis/build/icyphy/ptII/ptolemy/domains/continuous/test/auto/Transmission.xml (RunModel)" time="0.811" />
  <testcase classname="ptolemy.util.test.junit.AutoTests" name="[144] /home/travis/build/icyphy/ptII/ptolemy/domains/continuous/test/auto/TriggeredContinuousClock.xml (RunModel)" time="0.064" />
  <testcase classname="ptolemy.util.test.junit.AutoTests" name="[145] /home/travis/build/icyphy/ptII/ptolemy/domains/continuous/test/auto/TwoMachineInfiniteBusControl.xml (RunModel)" time="3.218" />
  <testcase classname="ptolemy.util.test.junit.AutoTests" name="[146] /home/travis/build/icyphy/ptII/ptolemy/domains/continuous/test/auto/V2V.xml (RunModel)" time="0.872" />
  <testcase classname="ptolemy.util.test.junit.AutoTests" name="[147] /home/travis/build/icyphy/ptII/ptolemy/domains/continuous/test/auto/hierarchicalModalModel.xml (RunModel)" time="0.031" />
  <testcase classname="ptolemy.util.test.junit.AutoTests" name="[148] /home/travis/build/icyphy/ptII/ptolemy/domains/continuous/test/auto/hierarchicalModalModel1.xml (RunModel)" time="0.029" />
  <testcase classname="ptolemy.util.test.junit.AutoTests" name="[149] /home/travis/build/icyphy/ptII/ptolemy/domains/continuous/test/auto/hierarchicalModalModel2.xml (RunModel)" time="0.028" />
  <testcase classname="ptolemy.util.test.junit.AutoTests" name="[150] /home/travis/build/icyphy/ptII/ptolemy/domains/continuous/test/auto/hierarchicalModalModel3.xml (RunModel)" time="0.023" />
  <testcase classname="ptolemy.util.test.junit.AutoTests" name="[151] /home/travis/build/icyphy/ptII/ptolemy/domains/continuous/test/auto/hierarchicalModalModel4.xml (RunModel)" time="0.025" />
  <testcase classname="ptolemy.util.test.junit.AutoTests" name="[152] /home/travis/build/icyphy/ptII/ptolemy/domains/continuous/test/auto/junk.xml (RunModel)" time="0.171" />
  <system-out><![CDATA[No tcl tests in /home/travis/build/icyphy/ptII/ptolemy/domains/continuous/test
No auto/knownFailedTests/*.xml tests in /home/travis/build/icyphy/ptII/ptolemy/domains/continuous/test
No auto/linux-amd64/*.xml tests in /home/travis/build/icyphy/ptII/ptolemy/domains/continuous/test
AutoTests.java: About to close Vertx.
AutoTests.java: Vertx closed.

===========================================================================================
----------------- testing Sun Feb 17 04:01:55 UTC 2019 /home/travis/build/icyphy/ptII/ptolemy/domains/continuous/test/auto/BouncingBall.xml
----------------- Instantiating /home/travis/build/icyphy/ptII/ptolemy/domains/continuous/test/auto/BouncingBall.xml
2467 ms. Memory: 331264K Free: 257596K (78%)
----------------- Invoking toplevel() on ptolemy.moml.MoMLSimpleApplication@6adf623d
----------------- Done invoking toplevel() on ptolemy.moml.MoMLSimpleApplication@6adf623d
reloadAllAccessors: .BouncingBall

===========================================================================================
----------------- testing Sun Feb 17 04:01:58 UTC 2019 /home/travis/build/icyphy/ptII/ptolemy/domains/continuous/test/auto/BouncingBallWithoutGR.xml
----------------- Instantiating /home/travis/build/icyphy/ptII/ptolemy/domains/continuous/test/auto/BouncingBallWithoutGR.xml
783 ms. Memory: 331776K Free: 315166K (95%)
----------------- Invoking toplevel() on ptolemy.moml.MoMLSimpleApplication@7f46b5a5
----------------- Done invoking toplevel() on ptolemy.moml.MoMLSimpleApplication@7f46b5a5
reloadAllAccessors: .BouncingBallWithoutGR

===========================================================================================
----------------- testing Sun Feb 17 04:01:59 UTC 2019 /home/travis/build/icyphy/ptII/ptolemy/domains/continuous/test/auto/Brownian.xml
----------------- Instantiating /home/travis/build/icyphy/ptII/ptolemy/domains/continuous/test/auto/Brownian.xml
31 ms. Memory: 331776K Free: 301488K (91%)
----------------- Invoking toplevel() on ptolemy.moml.MoMLSimpleApplication@67782cf
----------------- Done invoking toplevel() on ptolemy.moml.MoMLSimpleApplication@67782cf
reloadAllAccessors: .Brownian

===========================================================================================
----------------- testing Sun Feb 17 04:01:59 UTC 2019 /home/travis/build/icyphy/ptII/ptolemy/domains/continuous/test/auto/CarTracking.xml
----------------- Instantiating /home/travis/build/icyphy/ptII/ptolemy/domains/continuous/test/auto/CarTracking.xml
3337 ms. Memory: 578560K Free: 466417K (81%)
----------------- Invoking toplevel() on ptolemy.moml.MoMLSimpleApplication@496f8d37
----------------- Done invoking toplevel() on ptolemy.moml.MoMLSimpleApplication@496f8d37
reloadAllAccessors: .CarTracking

===========================================================================================
----------------- testing Sun Feb 17 04:02:03 UTC 2019 /home/travis/build/icyphy/ptII/ptolemy/domains/continuous/test/auto/CartPendulum.xml
----------------- Instantiating /home/travis/build/icyphy/ptII/ptolemy/domains/continuous/test/auto/CartPendulum.xml
426 ms. Memory: 578560K Free: 365435K (63%)
----------------- Invoking toplevel() on ptolemy.moml.MoMLSimpleApplication@5060d216
----------------- Done invoking toplevel() on ptolemy.moml.MoMLSimpleApplication@5060d216
reloadAllAccessors: .CartPendulum

===========================================================================================
----------------- testing Sun Feb 17 04:02:03 UTC 2019 /home/travis/build/icyphy/ptII/ptolemy/domains/continuous/test/auto/CausalityInterface10.xml
----------------- Instantiating /home/travis/build/icyphy/ptII/ptolemy/domains/continuous/test/auto/CausalityInterface10.xml
17 ms. Memory: 578560K Free: 352328K (61%)
----------------- Invoking toplevel() on ptolemy.moml.MoMLSimpleApplication@7aac5c8a
----------------- Done invoking toplevel() on ptolemy.moml.MoMLSimpleApplication@7aac5c8a
reloadAllAccessors: .CausalityInterface10

===========================================================================================
----------------- testing Sun Feb 17 04:02:03 UTC 2019 /home/travis/build/icyphy/ptII/ptolemy/domains/continuous/test/auto/CausalityInterface11.xml
----------------- Instantiating /home/travis/build/icyphy/ptII/ptolemy/domains/continuous/test/auto/CausalityInterface11.xml
10 ms. Memory: 578560K Free: 342481K (59%)
----------------- Invoking toplevel() on ptolemy.moml.MoMLSimpleApplication@4c09bb1b
----------------- Done invoking toplevel() on ptolemy.moml.MoMLSimpleApplication@4c09bb1b
reloadAllAccessors: .CausalityInterface11

===========================================================================================
----------------- testing Sun Feb 17 04:02:03 UTC 2019 /home/travis/build/icyphy/ptII/ptolemy/domains/continuous/test/auto/CausalityInterface12.xml
----------------- Instantiating /home/travis/build/icyphy/ptII/ptolemy/domains/continuous/test/auto/CausalityInterface12.xml
3 ms. Memory: 578560K Free: 329759K (57%)
----------------- Invoking toplevel() on ptolemy.moml.MoMLSimpleApplication@47b0a563
----------------- Done invoking toplevel() on ptolemy.moml.MoMLSimpleApplication@47b0a563
reloadAllAccessors: .CausalityInterface12

===========================================================================================
----------------- testing Sun Feb 17 04:02:03 UTC 2019 /home/travis/build/icyphy/ptII/ptolemy/domains/continuous/test/auto/CausalityInterface13.xml
----------------- Instantiating /home/travis/build/icyphy/ptII/ptolemy/domains/continuous/test/auto/CausalityInterface13.xml
8 ms. Memory: 578560K Free: 319921K (55%)
----------------- Invoking toplevel() on ptolemy.moml.MoMLSimpleApplication@6c7d7096
----------------- Done invoking toplevel() on ptolemy.moml.MoMLSimpleApplication@6c7d7096
reloadAllAccessors: .CausalityInterface13

===========================================================================================
----------------- testing Sun Feb 17 04:02:03 UTC 2019 /home/travis/build/icyphy/ptII/ptolemy/domains/continuous/test/auto/CausalityInterface14.xml
----------------- Instantiating /home/travis/build/icyphy/ptII/ptolemy/domains/continuous/test/auto/CausalityInterface14.xml
6 ms. Memory: 578560K Free: 310091K (54%)
----------------- Invoking toplevel() on ptolemy.moml.MoMLSimpleApplication@6adf54d3
----------------- Done invoking toplevel() on ptolemy.moml.MoMLSimpleApplication@6adf54d3
reloadAllAccessors: .CausalityInterface14

===========================================================================================
----------------- testing Sun Feb 17 04:02:03 UTC 2019 /home/travis/build/icyphy/ptII/ptolemy/domains/continuous/test/auto/CausalityInterface4.xml
----------------- Instantiating /home/travis/build/icyphy/ptII/ptolemy/domains/continuous/test/auto/CausalityInterface4.xml
5 ms. Memory: 578560K Free: 300244K (52%)
----------------- Invoking toplevel() on ptolemy.moml.MoMLSimpleApplication@2cb3a44
----------------- Done invoking toplevel() on ptolemy.moml.MoMLSimpleApplication@2cb3a44
reloadAllAccessors: .CausalityInterface4

===========================================================================================
----------------- testing Sun Feb 17 04:02:03 UTC 2019 /home/travis/build/icyphy/ptII/ptolemy/domains/continuous/test/auto/CausalityInterface5.xml
----------------- Instantiating /home/travis/build/icyphy/ptII/ptolemy/domains/continuous/test/auto/CausalityInterface5.xml
8 ms. Memory: 578560K Free: 284237K (49%)
----------------- Invoking toplevel() on ptolemy.moml.MoMLSimpleApplication@2e0894f6
----------------- Done invoking toplevel() on ptolemy.moml.MoMLSimpleApplication@2e0894f6
reloadAllAccessors: .CausalityInterface5

===========================================================================================
----------------- testing Sun Feb 17 04:02:03 UTC 2019 /home/travis/build/icyphy/ptII/ptolemy/domains/continuous/test/auto/CausalityInterface6.xml
----------------- Instantiating /home/travis/build/icyphy/ptII/ptolemy/domains/continuous/test/auto/CausalityInterface6.xml
6 ms. Memory: 578560K Free: 274391K (47%)
----------------- Invoking toplevel() on ptolemy.moml.MoMLSimpleApplication@66478ebe
----------------- Done invoking toplevel() on ptolemy.moml.MoMLSimpleApplication@66478ebe
reloadAllAccessors: .CausalityInterface6

===========================================================================================
----------------- testing Sun Feb 17 04:02:03 UTC 2019 /home/travis/build/icyphy/ptII/ptolemy/domains/continuous/test/auto/CausalityInterface7.xml
----------------- Instantiating /home/travis/build/icyphy/ptII/ptolemy/domains/continuous/test/auto/CausalityInterface7.xml
15 ms. Memory: 578560K Free: 261283K (45%)
----------------- Invoking toplevel() on ptolemy.moml.MoMLSimpleApplication@153decb3
----------------- Done invoking toplevel() on ptolemy.moml.MoMLSimpleApplication@153decb3
reloadAllAccessors: .CausalityInterface7

===========================================================================================
----------------- testing Sun Feb 17 04:02:03 UTC 2019 /home/travis/build/icyphy/ptII/ptolemy/domains/continuous/test/auto/CausalityInterface8.xml
----------------- Instantiating /home/travis/build/icyphy/ptII/ptolemy/domains/continuous/test/auto/CausalityInterface8.xml
3 ms. Memory: 578560K Free: 248168K (43%)
----------------- Invoking toplevel() on ptolemy.moml.MoMLSimpleApplication@2a35b060
----------------- Done invoking toplevel() on ptolemy.moml.MoMLSimpleApplication@2a35b060
reloadAllAccessors: .CausalityInterface8

===========================================================================================
----------------- testing Sun Feb 17 04:02:03 UTC 2019 /home/travis/build/icyphy/ptII/ptolemy/domains/continuous/test/auto/CausalityInterface9.xml
----------------- Instantiating /home/travis/build/icyphy/ptII/ptolemy/domains/continuous/test/auto/CausalityInterface9.xml
4 ms. Memory: 578560K Free: 228877K (40%)
----------------- Invoking toplevel() on ptolemy.moml.MoMLSimpleApplication@f8710a4
----------------- Done invoking toplevel() on ptolemy.moml.MoMLSimpleApplication@f8710a4
reloadAllAccessors: .CausalityInterface9

===========================================================================================
----------------- testing Sun Feb 17 04:02:04 UTC 2019 /home/travis/build/icyphy/ptII/ptolemy/domains/continuous/test/auto/CausalityInterfaceFeedback1.xml
----------------- Instantiating /home/travis/build/icyphy/ptII/ptolemy/domains/continuous/test/auto/CausalityInterfaceFeedback1.xml
6 ms. Memory: 578560K Free: 219038K (38%)
----------------- Invoking toplevel() on ptolemy.moml.MoMLSimpleApplication@4c09d4db
----------------- Done invoking toplevel() on ptolemy.moml.MoMLSimpleApplication@4c09d4db
reloadAllAccessors: .CausalityInterfaceFeedback1

===========================================================================================
----------------- testing Sun Feb 17 04:02:04 UTC 2019 /home/travis/build/icyphy/ptII/ptolemy/domains/continuous/test/auto/CausalityInterfaceFeedback2.xml
----------------- Instantiating /home/travis/build/icyphy/ptII/ptolemy/domains/continuous/test/auto/CausalityInterfaceFeedback2.xml
9 ms. Memory: 578560K Free: 209192K (36%)
----------------- Invoking toplevel() on ptolemy.moml.MoMLSimpleApplication@57c8446b
----------------- Done invoking toplevel() on ptolemy.moml.MoMLSimpleApplication@57c8446b
reloadAllAccessors: .CausalityInterfaceFeedback2

===========================================================================================
----------------- testing Sun Feb 17 04:02:04 UTC 2019 /home/travis/build/icyphy/ptII/ptolemy/domains/continuous/test/auto/CompareWithCurrentTime.xml
----------------- Instantiating /home/travis/build/icyphy/ptII/ptolemy/domains/continuous/test/auto/CompareWithCurrentTime.xml
3 ms. Memory: 578560K Free: 199755K (35%)
----------------- Invoking toplevel() on ptolemy.moml.MoMLSimpleApplication@2c5306bc
----------------- Done invoking toplevel() on ptolemy.moml.MoMLSimpleApplication@2c5306bc
reloadAllAccessors: .CompareWithCurrentTime

===========================================================================================
----------------- testing Sun Feb 17 04:02:04 UTC 2019 /home/travis/build/icyphy/ptII/ptolemy/domains/continuous/test/auto/ComparedClocks.xml
----------------- Instantiating /home/travis/build/icyphy/ptII/ptolemy/domains/continuous/test/auto/ComparedClocks.xml
9 ms. Memory: 578560K Free: 180054K (31%)
----------------- Invoking toplevel() on ptolemy.moml.MoMLSimpleApplication@5e725df3
----------------- Done invoking toplevel() on ptolemy.moml.MoMLSimpleApplication@5e725df3
reloadAllAccessors: .ComparedClocks

===========================================================================================
----------------- testing Sun Feb 17 04:02:04 UTC 2019 /home/travis/build/icyphy/ptII/ptolemy/domains/continuous/test/auto/ContinuousAOCClone.xml
----------------- Instantiating /home/travis/build/icyphy/ptII/ptolemy/domains/continuous/test/auto/ContinuousAOCClone.xml
2485 ms. Memory: 872960K Free: 440900K (51%)
----------------- Invoking toplevel() on ptolemy.moml.MoMLSimpleApplication@4c093e3e
----------------- Done invoking toplevel() on ptolemy.moml.MoMLSimpleApplication@4c093e3e
reloadAllAccessors: .ContinuousAOCClone

===========================================================================================
----------------- testing Sun Feb 17 04:02:06 UTC 2019 /home/travis/build/icyphy/ptII/ptolemy/domains/continuous/test/auto/ContinuousClock.xml
----------------- Instantiating /home/travis/build/icyphy/ptII/ptolemy/domains/continuous/test/auto/ContinuousClock.xml
29 ms. Memory: 872960K Free: 406655K (47%)
----------------- Invoking toplevel() on ptolemy.moml.MoMLSimpleApplication@500ed29e
----------------- Done invoking toplevel() on ptolemy.moml.MoMLSimpleApplication@500ed29e
reloadAllAccessors: .ContinuousClock

===========================================================================================
----------------- testing Sun Feb 17 04:02:07 UTC 2019 /home/travis/build/icyphy/ptII/ptolemy/domains/continuous/test/auto/ContinuousInContinuous.xml
----------------- Instantiating /home/travis/build/icyphy/ptII/ptolemy/domains/continuous/test/auto/ContinuousInContinuous.xml
40 ms. Memory: 872960K Free: 379107K (43%)
----------------- Invoking toplevel() on ptolemy.moml.MoMLSimpleApplication@acbb2f1
----------------- Done invoking toplevel() on ptolemy.moml.MoMLSimpleApplication@acbb2f1
reloadAllAccessors: .ContinuousInContinuous

===========================================================================================
----------------- testing Sun Feb 17 04:02:07 UTC 2019 /home/travis/build/icyphy/ptII/ptolemy/domains/continuous/test/auto/ContinuousInContinuousInContinuous.xml
----------------- Instantiating /home/travis/build/icyphy/ptII/ptolemy/domains/continuous/test/auto/ContinuousInContinuousInContinuous.xml
7 ms. Memory: 872960K Free: 367310K (42%)
----------------- Invoking toplevel() on ptolemy.moml.MoMLSimpleApplication@207c28d9
----------------- Done invoking toplevel() on ptolemy.moml.MoMLSimpleApplication@207c28d9
reloadAllAccessors: .ContinuousInContinuousInContinuous

===========================================================================================
----------------- testing Sun Feb 17 04:02:07 UTC 2019 /home/travis/build/icyphy/ptII/ptolemy/domains/continuous/test/auto/ContinuousInDE.xml
----------------- Instantiating /home/travis/build/icyphy/ptII/ptolemy/domains/continuous/test/auto/ContinuousInDE.xml
113 ms. Memory: 872960K Free: 348450K (40%)
----------------- Invoking toplevel() on ptolemy.moml.MoMLSimpleApplication@3626f774
----------------- Done invoking toplevel() on ptolemy.moml.MoMLSimpleApplication@3626f774
reloadAllAccessors: .ContinuousInDE

===========================================================================================
----------------- testing Sun Feb 17 04:02:07 UTC 2019 /home/travis/build/icyphy/ptII/ptolemy/domains/continuous/test/auto/ContinuousInDE2.xml
----------------- Instantiating /home/travis/build/icyphy/ptII/ptolemy/domains/continuous/test/auto/ContinuousInDE2.xml
44 ms. Memory: 872960K Free: 336661K (39%)
----------------- Invoking toplevel() on ptolemy.moml.MoMLSimpleApplication@71392047
----------------- Done invoking toplevel() on ptolemy.moml.MoMLSimpleApplication@71392047
reloadAllAccessors: .ContinuousInDE2

===========================================================================================
----------------- testing Sun Feb 17 04:02:07 UTC 2019 /home/travis/build/icyphy/ptII/ptolemy/domains/continuous/test/auto/ContinuousInDE3.xml
----------------- Instantiating /home/travis/build/icyphy/ptII/ptolemy/domains/continuous/test/auto/ContinuousInDE3.xml
36 ms. Memory: 872960K Free: 324872K (37%)
----------------- Invoking toplevel() on ptolemy.moml.MoMLSimpleApplication@65d8024f
----------------- Done invoking toplevel() on ptolemy.moml.MoMLSimpleApplication@65d8024f
reloadAllAccessors: .ContinuousInDE3

===========================================================================================
----------------- testing Sun Feb 17 04:02:07 UTC 2019 /home/travis/build/icyphy/ptII/ptolemy/domains/continuous/test/auto/ContinuousInDE4.xml
----------------- Instantiating /home/travis/build/icyphy/ptII/ptolemy/domains/continuous/test/auto/ContinuousInDE4.xml
18 ms. Memory: 872960K Free: 317013K (36%)
----------------- Invoking toplevel() on ptolemy.moml.MoMLSimpleApplication@459ee93a
----------------- Done invoking toplevel() on ptolemy.moml.MoMLSimpleApplication@459ee93a
reloadAllAccessors: .ContinuousInDE4

===========================================================================================
----------------- testing Sun Feb 17 04:02:07 UTC 2019 /home/travis/build/icyphy/ptII/ptolemy/domains/continuous/test/auto/ContinuousInDEDifferentRefinements.xml
----------------- Instantiating /home/travis/build/icyphy/ptII/ptolemy/domains/continuous/test/auto/ContinuousInDEDifferentRefinements.xml
61 ms. Memory: 872960K Free: 278448K (32%)
----------------- Invoking toplevel() on ptolemy.moml.MoMLSimpleApplication@34a3633c
----------------- Done invoking toplevel() on ptolemy.moml.MoMLSimpleApplication@34a3633c
reloadAllAccessors: .ContinuousInDEDifferentRefinements

===========================================================================================
----------------- testing Sun Feb 17 04:02:07 UTC 2019 /home/travis/build/icyphy/ptII/ptolemy/domains/continuous/test/auto/ContinuousInDEDifferentRefinementsPreemptive.xml
----------------- Instantiating /home/travis/build/icyphy/ptII/ptolemy/domains/continuous/test/auto/ContinuousInDEDifferentRefinementsPreemptive.xml
47 ms. Memory: 872960K Free: 243002K (28%)
----------------- Invoking toplevel() on ptolemy.moml.MoMLSimpleApplication@1af7c67a
----------------- Done invoking toplevel() on ptolemy.moml.MoMLSimpleApplication@1af7c67a
reloadAllAccessors: .ContinuousInDEDifferentRefinementsPreemptive

===========================================================================================
----------------- testing Sun Feb 17 04:02:07 UTC 2019 /home/travis/build/icyphy/ptII/ptolemy/domains/continuous/test/auto/ContinuousInDEInContinuous2.xml
----------------- Instantiating /home/travis/build/icyphy/ptII/ptolemy/domains/continuous/test/auto/ContinuousInDEInContinuous2.xml
37 ms. Memory: 872960K Free: 227267K (26%)
----------------- Invoking toplevel() on ptolemy.moml.MoMLSimpleApplication@318a230b
----------------- Done invoking toplevel() on ptolemy.moml.MoMLSimpleApplication@318a230b
reloadAllAccessors: .ContinuousInDEInContinuous2

===========================================================================================
----------------- testing Sun Feb 17 04:02:07 UTC 2019 /home/travis/build/icyphy/ptII/ptolemy/domains/continuous/test/auto/ContinuousInDEInContinuous3.xml
----------------- Instantiating /home/travis/build/icyphy/ptII/ptolemy/domains/continuous/test/auto/ContinuousInDEInContinuous3.xml
37 ms. Memory: 872960K Free: 211533K (24%)
----------------- Invoking toplevel() on ptolemy.moml.MoMLSimpleApplication@40f5fcba
----------------- Done invoking toplevel() on ptolemy.moml.MoMLSimpleApplication@40f5fcba
reloadAllAccessors: .ContinuousInDEInContinuous3

===========================================================================================
----------------- testing Sun Feb 17 04:02:07 UTC 2019 /home/travis/build/icyphy/ptII/ptolemy/domains/continuous/test/auto/ContinuousInDEInput.xml
----------------- Instantiating /home/travis/build/icyphy/ptII/ptolemy/domains/continuous/test/auto/ContinuousInDEInput.xml
24 ms. Memory: 872960K Free: 196602K (23%)
----------------- Invoking toplevel() on ptolemy.moml.MoMLSimpleApplication@20c88df5
----------------- Done invoking toplevel() on ptolemy.moml.MoMLSimpleApplication@20c88df5
reloadAllAccessors: .ContinuousInDEInput

===========================================================================================
----------------- testing Sun Feb 17 04:02:07 UTC 2019 /home/travis/build/icyphy/ptII/ptolemy/domains/continuous/test/auto/ContinuousInDEInput2.xml
----------------- Instantiating /home/travis/build/icyphy/ptII/ptolemy/domains/continuous/test/auto/ContinuousInDEInput2.xml
17 ms. Memory: 872960K Free: 184797K (21%)
----------------- Invoking toplevel() on ptolemy.moml.MoMLSimpleApplication@36a8b78b
----------------- Done invoking toplevel() on ptolemy.moml.MoMLSimpleApplication@36a8b78b
reloadAllAccessors: .ContinuousInDEInput2

===========================================================================================
----------------- testing Sun Feb 17 04:02:07 UTC 2019 /home/travis/build/icyphy/ptII/ptolemy/domains/continuous/test/auto/ContinuousInDEInput3.xml
----------------- Instantiating /home/travis/build/icyphy/ptII/ptolemy/domains/continuous/test/auto/ContinuousInDEInput3.xml
18 ms. Memory: 872960K Free: 172993K (20%)
----------------- Invoking toplevel() on ptolemy.moml.MoMLSimpleApplication@2e2fceaf
----------------- Done invoking toplevel() on ptolemy.moml.MoMLSimpleApplication@2e2fceaf
reloadAllAccessors: .ContinuousInDEInput3

===========================================================================================
----------------- testing Sun Feb 17 04:02:07 UTC 2019 /home/travis/build/icyphy/ptII/ptolemy/domains/continuous/test/auto/ContinuousInDESharingRefinement.xml
----------------- Instantiating /home/travis/build/icyphy/ptII/ptolemy/domains/continuous/test/auto/ContinuousInDESharingRefinement.xml
139 ms. Memory: 872960K Free: 74552K (9%)
----------------- Invoking toplevel() on ptolemy.moml.MoMLSimpleApplication@646b4481
----------------- Done invoking toplevel() on ptolemy.moml.MoMLSimpleApplication@646b4481
reloadAllAccessors: .ContinuousInDESharingRefinement

===========================================================================================
----------------- testing Sun Feb 17 04:02:08 UTC 2019 /home/travis/build/icyphy/ptII/ptolemy/domains/continuous/test/auto/ContinuousInDEwithNoPorts.xml
----------------- Instantiating /home/travis/build/icyphy/ptII/ptolemy/domains/continuous/test/auto/ContinuousInDEwithNoPorts.xml
5 ms. Memory: 829952K Free: 805090K (97%)
----------------- Invoking toplevel() on ptolemy.moml.MoMLSimpleApplication@5e722a2
----------------- Done invoking toplevel() on ptolemy.moml.MoMLSimpleApplication@5e722a2
reloadAllAccessors: .ContinuousInDEwithNoPorts

===========================================================================================
----------------- testing Sun Feb 17 04:02:08 UTC 2019 /home/travis/build/icyphy/ptII/ptolemy/domains/continuous/test/auto/ContinuousInsideDE.xml
----------------- Instantiating /home/travis/build/icyphy/ptII/ptolemy/domains/continuous/test/auto/ContinuousInsideDE.xml
43 ms. Memory: 829952K Free: 790103K (95%)
----------------- Invoking toplevel() on ptolemy.moml.MoMLSimpleApplication@39947c0
----------------- Done invoking toplevel() on ptolemy.moml.MoMLSimpleApplication@39947c0
reloadAllAccessors: .ContinuousInsideDE

===========================================================================================
----------------- testing Sun Feb 17 04:02:08 UTC 2019 /home/travis/build/icyphy/ptII/ptolemy/domains/continuous/test/auto/ContinuousMerge1.xml
----------------- Instantiating /home/travis/build/icyphy/ptII/ptolemy/domains/continuous/test/auto/ContinuousMerge1.xml
2 ms. Memory: 829952K Free: 780122K (94%)
----------------- Invoking toplevel() on ptolemy.moml.MoMLSimpleApplication@19b70fc8
----------------- Done invoking toplevel() on ptolemy.moml.MoMLSimpleApplication@19b70fc8
reloadAllAccessors: .ContinuousMerge1

===========================================================================================
----------------- testing Sun Feb 17 04:02:08 UTC 2019 /home/travis/build/icyphy/ptII/ptolemy/domains/continuous/test/auto/ContinuousMerge2.xml
----------------- Instantiating /home/travis/build/icyphy/ptII/ptolemy/domains/continuous/test/auto/ContinuousMerge2.xml
13 ms. Memory: 829952K Free: 762945K (92%)
----------------- Invoking toplevel() on ptolemy.moml.MoMLSimpleApplication@52e41c6a
----------------- Done invoking toplevel() on ptolemy.moml.MoMLSimpleApplication@52e41c6a
reloadAllAccessors: .ContinuousMerge2

===========================================================================================
----------------- testing Sun Feb 17 04:02:08 UTC 2019 /home/travis/build/icyphy/ptII/ptolemy/domains/continuous/test/auto/ContinuousMerge3.xml
----------------- Instantiating /home/travis/build/icyphy/ptII/ptolemy/domains/continuous/test/auto/ContinuousMerge3.xml
49 ms. Memory: 829952K Free: 742968K (90%)
----------------- Invoking toplevel() on ptolemy.moml.MoMLSimpleApplication@3a9f672e
----------------- Done invoking toplevel() on ptolemy.moml.MoMLSimpleApplication@3a9f672e
reloadAllAccessors: .ContinuousMerge3

===========================================================================================
----------------- testing Sun Feb 17 04:02:08 UTC 2019 /home/travis/build/icyphy/ptII/ptolemy/domains/continuous/test/auto/ContinuousWithinContinuous.xml
----------------- Instantiating /home/travis/build/icyphy/ptII/ptolemy/domains/continuous/test/auto/ContinuousWithinContinuous.xml
50 ms. Memory: 829952K Free: 730936K (88%)
----------------- Invoking toplevel() on ptolemy.moml.MoMLSimpleApplication@68810504
----------------- Done invoking toplevel() on ptolemy.moml.MoMLSimpleApplication@68810504
reloadAllAccessors: .ContinuousWithinContinuous

===========================================================================================
----------------- testing Sun Feb 17 04:02:08 UTC 2019 /home/travis/build/icyphy/ptII/ptolemy/domains/continuous/test/auto/ContinuousWithinContinuous2.xml
----------------- Instantiating /home/travis/build/icyphy/ptII/ptolemy/domains/continuous/test/auto/ContinuousWithinContinuous2.xml
87 ms. Memory: 829952K Free: 715966K (86%)
----------------- Invoking toplevel() on ptolemy.moml.MoMLSimpleApplication@2b57d5f8
----------------- Done invoking toplevel() on ptolemy.moml.MoMLSimpleApplication@2b57d5f8
reloadAllAccessors: .ContinuousWithinContinuous2

===========================================================================================
----------------- testing Sun Feb 17 04:02:08 UTC 2019 /home/travis/build/icyphy/ptII/ptolemy/domains/continuous/test/auto/ContinuousWithinContinuous3.xml
----------------- Instantiating /home/travis/build/icyphy/ptII/ptolemy/domains/continuous/test/auto/ContinuousWithinContinuous3.xml
17 ms. Memory: 829952K Free: 705985K (85%)
----------------- Invoking toplevel() on ptolemy.moml.MoMLSimpleApplication@6f080636
----------------- Done invoking toplevel() on ptolemy.moml.MoMLSimpleApplication@6f080636
reloadAllAccessors: .ContinuousWithinContinuous3

===========================================================================================
----------------- testing Sun Feb 17 04:02:08 UTC 2019 /home/travis/build/icyphy/ptII/ptolemy/domains/continuous/test/auto/ContinuousWithinContinuous4.xml
----------------- Instantiating /home/travis/build/icyphy/ptII/ptolemy/domains/continuous/test/auto/ContinuousWithinContinuous4.xml
81 ms. Memory: 829952K Free: 688963K (83%)
----------------- Invoking toplevel() on ptolemy.moml.MoMLSimpleApplication@4e54b9b7
----------------- Done invoking toplevel() on ptolemy.moml.MoMLSimpleApplication@4e54b9b7
reloadAllAccessors: .ContinuousWithinContinuous4

===========================================================================================
----------------- testing Sun Feb 17 04:02:08 UTC 2019 /home/travis/build/icyphy/ptII/ptolemy/domains/continuous/test/auto/ContinuousWithinContinuous5.xml
----------------- Instantiating /home/travis/build/icyphy/ptII/ptolemy/domains/continuous/test/auto/ContinuousWithinContinuous5.xml
17 ms. Memory: 829952K Free: 673976K (81%)
----------------- Invoking toplevel() on ptolemy.moml.MoMLSimpleApplication@4c25f37b
----------------- Done invoking toplevel() on ptolemy.moml.MoMLSimpleApplication@4c25f37b
reloadAllAccessors: .ContinuousWithinContinuous5

===========================================================================================
----------------- testing Sun Feb 17 04:02:08 UTC 2019 /home/travis/build/icyphy/ptII/ptolemy/domains/continuous/test/auto/ContinuousWithinContinuous6.xml
----------------- Instantiating /home/travis/build/icyphy/ptII/ptolemy/domains/continuous/test/auto/ContinuousWithinContinuous6.xml
13 ms. Memory: 829952K Free: 661944K (80%)
----------------- Invoking toplevel() on ptolemy.moml.MoMLSimpleApplication@33adb9a2
----------------- Done invoking toplevel() on ptolemy.moml.MoMLSimpleApplication@33adb9a2
reloadAllAccessors: .ContinuousWithinContinuous6

===========================================================================================
----------------- testing Sun Feb 17 04:02:08 UTC 2019 /home/travis/build/icyphy/ptII/ptolemy/domains/continuous/test/auto/ContinuousWithinContinuous7.xml
----------------- Instantiating /home/travis/build/icyphy/ptII/ptolemy/domains/continuous/test/auto/ContinuousWithinContinuous7.xml
71 ms. Memory: 829952K Free: 646973K (78%)
----------------- Invoking toplevel() on ptolemy.moml.MoMLSimpleApplication@661c7e61
----------------- Done invoking toplevel() on ptolemy.moml.MoMLSimpleApplication@661c7e61
reloadAllAccessors: .ContinuousWithinContinuous7

===========================================================================================
----------------- testing Sun Feb 17 04:02:08 UTC 2019 /home/travis/build/icyphy/ptII/ptolemy/domains/continuous/test/auto/DCMotor.xml
----------------- Instantiating /home/travis/build/icyphy/ptII/ptolemy/domains/continuous/test/auto/DCMotor.xml
14211 ms. Memory: 668160K Free: 557920K (84%)
----------------- Invoking toplevel() on ptolemy.moml.MoMLSimpleApplication@1ce6cfe6
----------------- Done invoking toplevel() on ptolemy.moml.MoMLSimpleApplication@1ce6cfe6
reloadAllAccessors: .DCMotor

===========================================================================================
----------------- testing Sun Feb 17 04:02:23 UTC 2019 /home/travis/build/icyphy/ptII/ptolemy/domains/continuous/test/auto/DEInContinuous.xml
----------------- Instantiating /home/travis/build/icyphy/ptII/ptolemy/domains/continuous/test/auto/DEInContinuous.xml
15 ms. Memory: 668160K Free: 542943K (81%)
----------------- Invoking toplevel() on ptolemy.moml.MoMLSimpleApplication@1b7dd92f
----------------- Done invoking toplevel() on ptolemy.moml.MoMLSimpleApplication@1b7dd92f
reloadAllAccessors: .DEInContinuous

===========================================================================================
----------------- testing Sun Feb 17 04:02:23 UTC 2019 /home/travis/build/icyphy/ptII/ptolemy/domains/continuous/test/auto/DEinContinuous2.xml
----------------- Instantiating /home/travis/build/icyphy/ptII/ptolemy/domains/continuous/test/auto/DEinContinuous2.xml
7 ms. Memory: 668160K Free: 524234K (78%)
----------------- Invoking toplevel() on ptolemy.moml.MoMLSimpleApplication@22c5af83
----------------- Done invoking toplevel() on ptolemy.moml.MoMLSimpleApplication@22c5af83
reloadAllAccessors: .DEinContinuous2

===========================================================================================
----------------- testing Sun Feb 17 04:02:23 UTC 2019 /home/travis/build/icyphy/ptII/ptolemy/domains/continuous/test/auto/Derivative.xml
----------------- Instantiating /home/travis/build/icyphy/ptII/ptolemy/domains/continuous/test/auto/Derivative.xml
150 ms. Memory: 668160K Free: 487863K (73%)
----------------- Invoking toplevel() on ptolemy.moml.MoMLSimpleApplication@6b92cda7
----------------- Done invoking toplevel() on ptolemy.moml.MoMLSimpleApplication@6b92cda7
reloadAllAccessors: .Derivative2

===========================================================================================
----------------- testing Sun Feb 17 04:02:23 UTC 2019 /home/travis/build/icyphy/ptII/ptolemy/domains/continuous/test/auto/Derivative1.xml
----------------- Instantiating /home/travis/build/icyphy/ptII/ptolemy/domains/continuous/test/auto/Derivative1.xml
16 ms. Memory: 668160K Free: 469170K (70%)
----------------- Invoking toplevel() on ptolemy.moml.MoMLSimpleApplication@385e3c63
----------------- Done invoking toplevel() on ptolemy.moml.MoMLSimpleApplication@385e3c63
reloadAllAccessors: .Derivative1

===========================================================================================
----------------- testing Sun Feb 17 04:02:23 UTC 2019 /home/travis/build/icyphy/ptII/ptolemy/domains/continuous/test/auto/DiscreteClock.xml
----------------- Instantiating /home/travis/build/icyphy/ptII/ptolemy/domains/continuous/test/auto/DiscreteClock.xml
5 ms. Memory: 668160K Free: 457435K (68%)
----------------- Invoking toplevel() on ptolemy.moml.MoMLSimpleApplication@55df8de
----------------- Done invoking toplevel() on ptolemy.moml.MoMLSimpleApplication@55df8de
reloadAllAccessors: .DiscreteClock

===========================================================================================
----------------- testing Sun Feb 17 04:02:23 UTC 2019 /home/travis/build/icyphy/ptII/ptolemy/domains/continuous/test/auto/EfficiencyCurve.xml
----------------- Instantiating /home/travis/build/icyphy/ptII/ptolemy/domains/continuous/test/auto/EfficiencyCurve.xml
59 ms. Memory: 668160K Free: 444610K (67%)
----------------- Invoking toplevel() on ptolemy.moml.MoMLSimpleApplication@f04de8
----------------- Done invoking toplevel() on ptolemy.moml.MoMLSimpleApplication@f04de8
reloadAllAccessors: .EfficiencyCurve

===========================================================================================
----------------- testing Sun Feb 17 04:02:23 UTC 2019 /home/travis/build/icyphy/ptII/ptolemy/domains/continuous/test/auto/ExponentialResponse.xml
----------------- Instantiating /home/travis/build/icyphy/ptII/ptolemy/domains/continuous/test/auto/ExponentialResponse.xml
106 ms. Memory: 668160K Free: 420050K (63%)
----------------- Invoking toplevel() on ptolemy.moml.MoMLSimpleApplication@1f852031
----------------- Done invoking toplevel() on ptolemy.moml.MoMLSimpleApplication@1f852031
reloadAllAccessors: .ExponentialResponse

===========================================================================================
----------------- testing Sun Feb 17 04:02:23 UTC 2019 /home/travis/build/icyphy/ptII/ptolemy/domains/continuous/test/auto/ExponentialResponseRK45.xml
----------------- Instantiating /home/travis/build/icyphy/ptII/ptolemy/domains/continuous/test/auto/ExponentialResponseRK45.xml
25 ms. Memory: 668160K Free: 407225K (61%)
----------------- Invoking toplevel() on ptolemy.moml.MoMLSimpleApplication@6ce55c25
----------------- Done invoking toplevel() on ptolemy.moml.MoMLSimpleApplication@6ce55c25
reloadAllAccessors: .ExponentialResponseRK45

===========================================================================================
----------------- testing Sun Feb 17 04:02:23 UTC 2019 /home/travis/build/icyphy/ptII/ptolemy/domains/continuous/test/auto/Friction.xml
----------------- Instantiating /home/travis/build/icyphy/ptII/ptolemy/domains/continuous/test/auto/Friction.xml
1369 ms. Memory: 647168K Free: 520375K (80%)
----------------- Invoking toplevel() on ptolemy.moml.MoMLSimpleApplication@7750ca2f
----------------- Done invoking toplevel() on ptolemy.moml.MoMLSimpleApplication@7750ca2f
reloadAllAccessors: .Friction

===========================================================================================
----------------- testing Sun Feb 17 04:02:25 UTC 2019 /home/travis/build/icyphy/ptII/ptolemy/domains/continuous/test/auto/FurutaPendulum.xml
----------------- Instantiating /home/travis/build/icyphy/ptII/ptolemy/domains/continuous/test/auto/FurutaPendulum.xml
3573 ms. Memory: 617472K Free: 549816K (89%)
----------------- Invoking toplevel() on ptolemy.moml.MoMLSimpleApplication@66b790e1
----------------- Done invoking toplevel() on ptolemy.moml.MoMLSimpleApplication@66b790e1
reloadAllAccessors: .FurutaPendulum

===========================================================================================
----------------- testing Sun Feb 17 04:02:28 UTC 2019 /home/travis/build/icyphy/ptII/ptolemy/domains/continuous/test/auto/HierarchicalExecution.xml
----------------- Instantiating /home/travis/build/icyphy/ptII/ptolemy/domains/continuous/test/auto/HierarchicalExecution.xml
1885 ms. Memory: 617472K Free: 242620K (39%)
----------------- Invoking toplevel() on ptolemy.moml.MoMLSimpleApplication@1d96a423
----------------- Done invoking toplevel() on ptolemy.moml.MoMLSimpleApplication@1d96a423
reloadAllAccessors: .HierarchicalExecution

===========================================================================================
----------------- testing Sun Feb 17 04:02:31 UTC 2019 /home/travis/build/icyphy/ptII/ptolemy/domains/continuous/test/auto/HybridPlant.xml
----------------- Instantiating /home/travis/build/icyphy/ptII/ptolemy/domains/continuous/test/auto/HybridPlant.xml
503 ms. Memory: 589824K Free: 469733K (80%)
----------------- Invoking toplevel() on ptolemy.moml.MoMLSimpleApplication@45dd4340
----------------- Done invoking toplevel() on ptolemy.moml.MoMLSimpleApplication@45dd4340
reloadAllAccessors: .HybridPlant

===========================================================================================
----------------- testing Sun Feb 17 04:02:31 UTC 2019 /home/travis/build/icyphy/ptII/ptolemy/domains/continuous/test/auto/Hysteresis.xml
----------------- Instantiating /home/travis/build/icyphy/ptII/ptolemy/domains/continuous/test/auto/Hysteresis.xml
126 ms. Memory: 589824K Free: 403669K (68%)
----------------- Invoking toplevel() on ptolemy.moml.MoMLSimpleApplication@5218e068
----------------- Done invoking toplevel() on ptolemy.moml.MoMLSimpleApplication@5218e068
reloadAllAccessors: .Hysteresis

===========================================================================================
----------------- testing Sun Feb 17 04:02:31 UTC 2019 /home/travis/build/icyphy/ptII/ptolemy/domains/continuous/test/auto/HysteresisWithRandomDelay.xml
----------------- Instantiating /home/travis/build/icyphy/ptII/ptolemy/domains/continuous/test/auto/HysteresisWithRandomDelay.xml
174 ms. Memory: 589824K Free: 323875K (55%)
----------------- Invoking toplevel() on ptolemy.moml.MoMLSimpleApplication@23cc2c51
----------------- Done invoking toplevel() on ptolemy.moml.MoMLSimpleApplication@23cc2c51
reloadAllAccessors: .HysteresisWithRandomDelay

===========================================================================================
----------------- testing Sun Feb 17 04:02:32 UTC 2019 /home/travis/build/icyphy/ptII/ptolemy/domains/continuous/test/auto/HysteresisWithRandomLosses.xml
----------------- Instantiating /home/travis/build/icyphy/ptII/ptolemy/domains/continuous/test/auto/HysteresisWithRandomLosses.xml
2327 ms. Memory: 543232K Free: 483756K (89%)
----------------- Invoking toplevel() on ptolemy.moml.MoMLSimpleApplication@4218175
----------------- Done invoking toplevel() on ptolemy.moml.MoMLSimpleApplication@4218175
reloadAllAccessors: .HysteresisWithRandomLosses

===========================================================================================
----------------- testing Sun Feb 17 04:02:34 UTC 2019 /home/travis/build/icyphy/ptII/ptolemy/domains/continuous/test/auto/ImmediateTransitions.xml
----------------- Instantiating /home/travis/build/icyphy/ptII/ptolemy/domains/continuous/test/auto/ImmediateTransitions.xml
8 ms. Memory: 543232K Free: 466025K (86%)
----------------- Invoking toplevel() on ptolemy.moml.MoMLSimpleApplication@13eb03c5
----------------- Done invoking toplevel() on ptolemy.moml.MoMLSimpleApplication@13eb03c5
reloadAllAccessors: .ImmediateTransitions

===========================================================================================
----------------- testing Sun Feb 17 04:02:34 UTC 2019 /home/travis/build/icyphy/ptII/ptolemy/domains/continuous/test/auto/ImpulseFeedback.xml
----------------- Instantiating /home/travis/build/icyphy/ptII/ptolemy/domains/continuous/test/auto/ImpulseFeedback.xml
8 ms. Memory: 543232K Free: 456013K (84%)
----------------- Invoking toplevel() on ptolemy.moml.MoMLSimpleApplication@5e08c861
----------------- Done invoking toplevel() on ptolemy.moml.MoMLSimpleApplication@5e08c861
reloadAllAccessors: .ImpulseFeedback

===========================================================================================
----------------- testing Sun Feb 17 04:02:34 UTC 2019 /home/travis/build/icyphy/ptII/ptolemy/domains/continuous/test/auto/ImpulseFeedback2.xml
----------------- Instantiating /home/travis/build/icyphy/ptII/ptolemy/domains/continuous/test/auto/ImpulseFeedback2.xml
6 ms. Memory: 543232K Free: 445826K (82%)
----------------- Invoking toplevel() on ptolemy.moml.MoMLSimpleApplication@740e21c9
----------------- Done invoking toplevel() on ptolemy.moml.MoMLSimpleApplication@740e21c9
reloadAllAccessors: .ImpulseFeedback2

===========================================================================================
----------------- testing Sun Feb 17 04:02:34 UTC 2019 /home/travis/build/icyphy/ptII/ptolemy/domains/continuous/test/auto/IncreasingRatePoisson.xml
----------------- Instantiating /home/travis/build/icyphy/ptII/ptolemy/domains/continuous/test/auto/IncreasingRatePoisson.xml
676 ms. Memory: 543232K Free: 102057K (19%)
----------------- Invoking toplevel() on ptolemy.moml.MoMLSimpleApplication@fc95090
----------------- Done invoking toplevel() on ptolemy.moml.MoMLSimpleApplication@fc95090
reloadAllAccessors: .IncreasingRatePoisson

===========================================================================================
----------------- testing Sun Feb 17 04:02:35 UTC 2019 /home/travis/build/icyphy/ptII/ptolemy/domains/continuous/test/auto/InitialStateFeedback.xml
----------------- Instantiating /home/travis/build/icyphy/ptII/ptolemy/domains/continuous/test/auto/InitialStateFeedback.xml
7 ms. Memory: 543232K Free: 94950K (17%)
----------------- Invoking toplevel() on ptolemy.moml.MoMLSimpleApplication@5962f6d7
----------------- Done invoking toplevel() on ptolemy.moml.MoMLSimpleApplication@5962f6d7
reloadAllAccessors: .InitialStateFeedback

===========================================================================================
----------------- testing Sun Feb 17 04:02:35 UTC 2019 /home/travis/build/icyphy/ptII/ptolemy/domains/continuous/test/auto/Integration.xml
----------------- Instantiating /home/travis/build/icyphy/ptII/ptolemy/domains/continuous/test/auto/Integration.xml
2 ms. Memory: 543232K Free: 88032K (16%)
----------------- Invoking toplevel() on ptolemy.moml.MoMLSimpleApplication@726bdaa3
----------------- Done invoking toplevel() on ptolemy.moml.MoMLSimpleApplication@726bdaa3
reloadAllAccessors: .Integration

===========================================================================================
----------------- testing Sun Feb 17 04:02:35 UTC 2019 /home/travis/build/icyphy/ptII/ptolemy/domains/continuous/test/auto/Integration2.xml
----------------- Instantiating /home/travis/build/icyphy/ptII/ptolemy/domains/continuous/test/auto/Integration2.xml
79 ms. Memory: 543232K Free: 68593K (13%)
----------------- Invoking toplevel() on ptolemy.moml.MoMLSimpleApplication@43fee9c1
----------------- Done invoking toplevel() on ptolemy.moml.MoMLSimpleApplication@43fee9c1
reloadAllAccessors: .Integration2

===========================================================================================
----------------- testing Sun Feb 17 04:02:35 UTC 2019 /home/travis/build/icyphy/ptII/ptolemy/domains/continuous/test/auto/Integration3.xml
----------------- Instantiating /home/travis/build/icyphy/ptII/ptolemy/domains/continuous/test/auto/Integration3.xml
2 ms. Memory: 543232K Free: 61675K (11%)
----------------- Invoking toplevel() on ptolemy.moml.MoMLSimpleApplication@35438f72
----------------- Done invoking toplevel() on ptolemy.moml.MoMLSimpleApplication@35438f72
reloadAllAccessors: .Integration3

===========================================================================================
----------------- testing Sun Feb 17 04:02:35 UTC 2019 /home/travis/build/icyphy/ptII/ptolemy/domains/continuous/test/auto/Integration5.xml
----------------- Instantiating /home/travis/build/icyphy/ptII/ptolemy/domains/continuous/test/auto/Integration5.xml
2 ms. Memory: 521728K Free: 493729K (95%)
----------------- Invoking toplevel() on ptolemy.moml.MoMLSimpleApplication@73b1f049
----------------- Done invoking toplevel() on ptolemy.moml.MoMLSimpleApplication@73b1f049
reloadAllAccessors: .Integration5

===========================================================================================
----------------- testing Sun Feb 17 04:02:35 UTC 2019 /home/travis/build/icyphy/ptII/ptolemy/domains/continuous/test/auto/IntegratorImpulse.xml
----------------- Instantiating /home/travis/build/icyphy/ptII/ptolemy/domains/continuous/test/auto/IntegratorImpulse.xml
2 ms. Memory: 521728K Free: 486847K (93%)
----------------- Invoking toplevel() on ptolemy.moml.MoMLSimpleApplication@5bd8d8a0
----------------- Done invoking toplevel() on ptolemy.moml.MoMLSimpleApplication@5bd8d8a0
reloadAllAccessors: .IntegratorImpulse

===========================================================================================
----------------- testing Sun Feb 17 04:02:35 UTC 2019 /home/travis/build/icyphy/ptII/ptolemy/domains/continuous/test/auto/IntegratorImpulse2.xml
----------------- Instantiating /home/travis/build/icyphy/ptII/ptolemy/domains/continuous/test/auto/IntegratorImpulse2.xml
4 ms. Memory: 521728K Free: 480128K (92%)
----------------- Invoking toplevel() on ptolemy.moml.MoMLSimpleApplication@eb0d7b8
----------------- Done invoking toplevel() on ptolemy.moml.MoMLSimpleApplication@eb0d7b8
reloadAllAccessors: .IntegratorImpulse2

===========================================================================================
----------------- testing Sun Feb 17 04:02:35 UTC 2019 /home/travis/build/icyphy/ptII/ptolemy/domains/continuous/test/auto/LevelCrossing1.xml
----------------- Instantiating /home/travis/build/icyphy/ptII/ptolemy/domains/continuous/test/auto/LevelCrossing1.xml
2 ms. Memory: 521728K Free: 470463K (90%)
----------------- Invoking toplevel() on ptolemy.moml.MoMLSimpleApplication@3d2e83ee
----------------- Done invoking toplevel() on ptolemy.moml.MoMLSimpleApplication@3d2e83ee
reloadAllAccessors: .LevelCrossing1

===========================================================================================
----------------- testing Sun Feb 17 04:02:35 UTC 2019 /home/travis/build/icyphy/ptII/ptolemy/domains/continuous/test/auto/LevelCrossing2.xml
----------------- Instantiating /home/travis/build/icyphy/ptII/ptolemy/domains/continuous/test/auto/LevelCrossing2.xml
3 ms. Memory: 521728K Free: 460814K (88%)
----------------- Invoking toplevel() on ptolemy.moml.MoMLSimpleApplication@2f29b216
----------------- Done invoking toplevel() on ptolemy.moml.MoMLSimpleApplication@2f29b216
reloadAllAccessors: .LevelCrossing2

===========================================================================================
----------------- testing Sun Feb 17 04:02:35 UTC 2019 /home/travis/build/icyphy/ptII/ptolemy/domains/continuous/test/auto/LevelCrossing3.xml
----------------- Instantiating /home/travis/build/icyphy/ptII/ptolemy/domains/continuous/test/auto/LevelCrossing3.xml
2 ms. Memory: 521728K Free: 451165K (86%)
----------------- Invoking toplevel() on ptolemy.moml.MoMLSimpleApplication@78768549
----------------- Done invoking toplevel() on ptolemy.moml.MoMLSimpleApplication@78768549
reloadAllAccessors: .LevelCrossing3

===========================================================================================
----------------- testing Sun Feb 17 04:02:35 UTC 2019 /home/travis/build/icyphy/ptII/ptolemy/domains/continuous/test/auto/LevelCrossing4.xml
----------------- Instantiating /home/travis/build/icyphy/ptII/ptolemy/domains/continuous/test/auto/LevelCrossing4.xml
3 ms. Memory: 521728K Free: 441500K (85%)
----------------- Invoking toplevel() on ptolemy.moml.MoMLSimpleApplication@1b394400
----------------- Done invoking toplevel() on ptolemy.moml.MoMLSimpleApplication@1b394400
reloadAllAccessors: .LevelCrossing4

===========================================================================================
----------------- testing Sun Feb 17 04:02:35 UTC 2019 /home/travis/build/icyphy/ptII/ptolemy/domains/continuous/test/auto/LevelCrossing5.xml
----------------- Instantiating /home/travis/build/icyphy/ptII/ptolemy/domains/continuous/test/auto/LevelCrossing5.xml
3 ms. Memory: 521728K Free: 431835K (83%)
----------------- Invoking toplevel() on ptolemy.moml.MoMLSimpleApplication@5d04a7da
----------------- Done invoking toplevel() on ptolemy.moml.MoMLSimpleApplication@5d04a7da
reloadAllAccessors: .LevelCrossing5

===========================================================================================
[...]
12 ms. Memory: 334336K Free: 284999K (85%)
----------------- Invoking toplevel() on ptolemy.moml.MoMLSimpleApplication@56043208
----------------- Done invoking toplevel() on ptolemy.moml.MoMLSimpleApplication@56043208
reloadAllAccessors: .ResetTransitionWithStartTime6

===========================================================================================
----------------- testing Sun Feb 17 04:02:52 UTC 2019 /home/travis/build/icyphy/ptII/ptolemy/domains/continuous/test/auto/SRinContinuous.xml
----------------- Instantiating /home/travis/build/icyphy/ptII/ptolemy/domains/continuous/test/auto/SRinContinuous.xml
5 ms. Memory: 334336K Free: 275757K (82%)
----------------- Invoking toplevel() on ptolemy.moml.MoMLSimpleApplication@ce4c528
----------------- Done invoking toplevel() on ptolemy.moml.MoMLSimpleApplication@ce4c528
reloadAllAccessors: .SRinContinuous

===========================================================================================
----------------- testing Sun Feb 17 04:02:52 UTC 2019 /home/travis/build/icyphy/ptII/ptolemy/domains/continuous/test/auto/SampledClocks.xml
----------------- Instantiating /home/travis/build/icyphy/ptII/ptolemy/domains/continuous/test/auto/SampledClocks.xml
9 ms. Memory: 334336K Free: 264666K (79%)
----------------- Invoking toplevel() on ptolemy.moml.MoMLSimpleApplication@2004129e
----------------- Done invoking toplevel() on ptolemy.moml.MoMLSimpleApplication@2004129e
reloadAllAccessors: .SampledClocks

===========================================================================================
----------------- testing Sun Feb 17 04:02:52 UTC 2019 /home/travis/build/icyphy/ptII/ptolemy/domains/continuous/test/auto/Satellite.xml
----------------- Instantiating /home/travis/build/icyphy/ptII/ptolemy/domains/continuous/test/auto/Satellite.xml
786 ms. Memory: 334336K Free: 87833K (26%)
----------------- Invoking toplevel() on ptolemy.moml.MoMLSimpleApplication@29914ded
----------------- Done invoking toplevel() on ptolemy.moml.MoMLSimpleApplication@29914ded
reloadAllAccessors: .Satellite

===========================================================================================
----------------- testing Sun Feb 17 04:02:53 UTC 2019 /home/travis/build/icyphy/ptII/ptolemy/domains/continuous/test/auto/SigmaDelta.xml
----------------- Instantiating /home/travis/build/icyphy/ptII/ptolemy/domains/continuous/test/auto/SigmaDelta.xml
2266 ms. Memory: 312832K Free: 183768K (59%)
----------------- Invoking toplevel() on ptolemy.moml.MoMLSimpleApplication@145d2ee
----------------- Done invoking toplevel() on ptolemy.moml.MoMLSimpleApplication@145d2ee
reloadAllAccessors: .SigmaDelta

===========================================================================================
----------------- testing Sun Feb 17 04:02:55 UTC 2019 /home/travis/build/icyphy/ptII/ptolemy/domains/continuous/test/auto/SingleRefinement.xml
----------------- Instantiating /home/travis/build/icyphy/ptII/ptolemy/domains/continuous/test/auto/SingleRefinement.xml
333 ms. Memory: 311296K Free: 227850K (73%)
----------------- Invoking toplevel() on ptolemy.moml.MoMLSimpleApplication@21e23625
----------------- Done invoking toplevel() on ptolemy.moml.MoMLSimpleApplication@21e23625
reloadAllAccessors: .SingleRefinement

===========================================================================================
----------------- testing Sun Feb 17 04:02:56 UTC 2019 /home/travis/build/icyphy/ptII/ptolemy/domains/continuous/test/auto/SinuBouncingBall.xml
----------------- Instantiating /home/travis/build/icyphy/ptII/ptolemy/domains/continuous/test/auto/SinuBouncingBall.xml
742 ms. Memory: 294912K Free: 209410K (71%)
----------------- Invoking toplevel() on ptolemy.moml.MoMLSimpleApplication@1af0c431
----------------- Done invoking toplevel() on ptolemy.moml.MoMLSimpleApplication@1af0c431
reloadAllAccessors: .SinuBouncingBall

===========================================================================================
----------------- testing Sun Feb 17 04:02:56 UTC 2019 /home/travis/build/icyphy/ptII/ptolemy/domains/continuous/test/auto/Sinusoid.xml
----------------- Instantiating /home/travis/build/icyphy/ptII/ptolemy/domains/continuous/test/auto/Sinusoid.xml
4 ms. Memory: 294912K Free: 203190K (69%)
----------------- Invoking toplevel() on ptolemy.moml.MoMLSimpleApplication@11eee9ff
----------------- Done invoking toplevel() on ptolemy.moml.MoMLSimpleApplication@11eee9ff
reloadAllAccessors: .Sinusoid

===========================================================================================
----------------- testing Sun Feb 17 04:02:56 UTC 2019 /home/travis/build/icyphy/ptII/ptolemy/domains/continuous/test/auto/SinusoidInNoise.xml
----------------- Instantiating /home/travis/build/icyphy/ptII/ptolemy/domains/continuous/test/auto/SinusoidInNoise.xml
877 ms. Memory: 285696K Free: 202323K (71%)
----------------- Invoking toplevel() on ptolemy.moml.MoMLSimpleApplication@5a1ab58
----------------- Done invoking toplevel() on ptolemy.moml.MoMLSimpleApplication@5a1ab58
reloadAllAccessors: .SinusoidInNoise

===========================================================================================
----------------- testing Sun Feb 17 04:02:57 UTC 2019 /home/travis/build/icyphy/ptII/ptolemy/domains/continuous/test/auto/SinusoidRK45.xml
----------------- Instantiating /home/travis/build/icyphy/ptII/ptolemy/domains/continuous/test/auto/SinusoidRK45.xml
2 ms. Memory: 285696K Free: 196526K (69%)
----------------- Invoking toplevel() on ptolemy.moml.MoMLSimpleApplication@4ef4dd97
----------------- Done invoking toplevel() on ptolemy.moml.MoMLSimpleApplication@4ef4dd97
reloadAllAccessors: .SinusoidRK45

===========================================================================================
----------------- testing Sun Feb 17 04:02:57 UTC 2019 /home/travis/build/icyphy/ptII/ptolemy/domains/continuous/test/auto/SinusoidWithMultipleImpulses.xml
----------------- Instantiating /home/travis/build/icyphy/ptII/ptolemy/domains/continuous/test/auto/SinusoidWithMultipleImpulses.xml
3 ms. Memory: 285696K Free: 190162K (67%)
----------------- Invoking toplevel() on ptolemy.moml.MoMLSimpleApplication@584bec6b
----------------- Done invoking toplevel() on ptolemy.moml.MoMLSimpleApplication@584bec6b
reloadAllAccessors: .SinusoidWithMultipleImpulses

===========================================================================================
----------------- testing Sun Feb 17 04:02:57 UTC 2019 /home/travis/build/icyphy/ptII/ptolemy/domains/continuous/test/auto/SquareWave.xml
----------------- Instantiating /home/travis/build/icyphy/ptII/ptolemy/domains/continuous/test/auto/SquareWave.xml
169 ms. Memory: 285696K Free: 162105K (57%)
----------------- Invoking toplevel() on ptolemy.moml.MoMLSimpleApplication@7270aa38
----------------- Done invoking toplevel() on ptolemy.moml.MoMLSimpleApplication@7270aa38
reloadAllAccessors: .SquareWave

===========================================================================================
----------------- testing Sun Feb 17 04:02:58 UTC 2019 /home/travis/build/icyphy/ptII/ptolemy/domains/continuous/test/auto/Starmac.xml
----------------- Instantiating /home/travis/build/icyphy/ptII/ptolemy/domains/continuous/test/auto/Starmac.xml
3068 ms. Memory: 338432K Free: 60510K (18%)
----------------- Invoking toplevel() on ptolemy.moml.MoMLSimpleApplication@9ed089c
----------------- Done invoking toplevel() on ptolemy.moml.MoMLSimpleApplication@9ed089c
reloadAllAccessors: .Starmac

===========================================================================================
----------------- testing Sun Feb 17 04:03:01 UTC 2019 /home/travis/build/icyphy/ptII/ptolemy/domains/continuous/test/auto/StaticUnits.xml
----------------- Instantiating /home/travis/build/icyphy/ptII/ptolemy/domains/continuous/test/auto/StaticUnits.xml
2267 ms. Memory: 315392K Free: 81257K (26%)
----------------- Invoking toplevel() on ptolemy.moml.MoMLSimpleApplication@148ed2ed
----------------- Done invoking toplevel() on ptolemy.moml.MoMLSimpleApplication@148ed2ed
reloadAllAccessors: .StaticUnits

===========================================================================================
----------------- testing Sun Feb 17 04:03:04 UTC 2019 /home/travis/build/icyphy/ptII/ptolemy/domains/continuous/test/auto/StickyMasses.xml
----------------- Instantiating /home/travis/build/icyphy/ptII/ptolemy/domains/continuous/test/auto/StickyMasses.xml
137 ms. Memory: 315392K Free: 26478K (8%)
----------------- Invoking toplevel() on ptolemy.moml.MoMLSimpleApplication@3f8f4320
----------------- Done invoking toplevel() on ptolemy.moml.MoMLSimpleApplication@3f8f4320
reloadAllAccessors: .StickyMasses

===========================================================================================
----------------- testing Sun Feb 17 04:03:04 UTC 2019 /home/travis/build/icyphy/ptII/ptolemy/domains/continuous/test/auto/StopTime.xml
----------------- Instantiating /home/travis/build/icyphy/ptII/ptolemy/domains/continuous/test/auto/StopTime.xml
58 ms. Memory: 303104K Free: 218321K (72%)
----------------- Invoking toplevel() on ptolemy.moml.MoMLSimpleApplication@3dade06d
----------------- Done invoking toplevel() on ptolemy.moml.MoMLSimpleApplication@3dade06d
reloadAllAccessors: .StopTime

===========================================================================================
----------------- testing Sun Feb 17 04:03:04 UTC 2019 /home/travis/build/icyphy/ptII/ptolemy/domains/continuous/test/auto/StopTime2.xml
----------------- Instantiating /home/travis/build/icyphy/ptII/ptolemy/domains/continuous/test/auto/StopTime2.xml
35 ms. Memory: 303104K Free: 192775K (64%)
----------------- Invoking toplevel() on ptolemy.moml.MoMLSimpleApplication@3e82cac0
----------------- Done invoking toplevel() on ptolemy.moml.MoMLSimpleApplication@3e82cac0
reloadAllAccessors: .StopTime2

===========================================================================================
----------------- testing Sun Feb 17 04:03:04 UTC 2019 /home/travis/build/icyphy/ptII/ptolemy/domains/continuous/test/auto/Switch.xml
----------------- Instantiating /home/travis/build/icyphy/ptII/ptolemy/domains/continuous/test/auto/Switch.xml
68 ms. Memory: 303104K Free: 165059K (54%)
----------------- Invoking toplevel() on ptolemy.moml.MoMLSimpleApplication@28cff287
----------------- Done invoking toplevel() on ptolemy.moml.MoMLSimpleApplication@28cff287
reloadAllAccessors: .Switch

===========================================================================================
----------------- testing Sun Feb 17 04:03:04 UTC 2019 /home/travis/build/icyphy/ptII/ptolemy/domains/continuous/test/auto/Thermostat.xml
----------------- Instantiating /home/travis/build/icyphy/ptII/ptolemy/domains/continuous/test/auto/Thermostat.xml
185 ms. Memory: 303104K Free: 88288K (29%)
----------------- Invoking toplevel() on ptolemy.moml.MoMLSimpleApplication@739a7fa0
----------------- Done invoking toplevel() on ptolemy.moml.MoMLSimpleApplication@739a7fa0
reloadAllAccessors: .Thermostat

===========================================================================================
----------------- testing Sun Feb 17 04:03:04 UTC 2019 /home/travis/build/icyphy/ptII/ptolemy/domains/continuous/test/auto/TimeDelay.xml
----------------- Instantiating /home/travis/build/icyphy/ptII/ptolemy/domains/continuous/test/auto/TimeDelay.xml
5 ms. Memory: 303104K Free: 81415K (27%)
----------------- Invoking toplevel() on ptolemy.moml.MoMLSimpleApplication@5f33271c
----------------- Done invoking toplevel() on ptolemy.moml.MoMLSimpleApplication@5f33271c
reloadAllAccessors: .TimeDelay

===========================================================================================
----------------- testing Sun Feb 17 04:03:04 UTC 2019 /home/travis/build/icyphy/ptII/ptolemy/domains/continuous/test/auto/TimeDelay2.xml
----------------- Instantiating /home/travis/build/icyphy/ptII/ptolemy/domains/continuous/test/auto/TimeDelay2.xml
9 ms. Memory: 303104K Free: 73079K (24%)
----------------- Invoking toplevel() on ptolemy.moml.MoMLSimpleApplication@738e9b07
----------------- Done invoking toplevel() on ptolemy.moml.MoMLSimpleApplication@738e9b07
reloadAllAccessors: .TimeDelay2

===========================================================================================
----------------- testing Sun Feb 17 04:03:04 UTC 2019 /home/travis/build/icyphy/ptII/ptolemy/domains/continuous/test/auto/TimeDelay3.xml
----------------- Instantiating /home/travis/build/icyphy/ptII/ptolemy/domains/continuous/test/auto/TimeDelay3.xml
6 ms. Memory: 303104K Free: 67659K (22%)
----------------- Invoking toplevel() on ptolemy.moml.MoMLSimpleApplication@6aa4518a
----------------- Done invoking toplevel() on ptolemy.moml.MoMLSimpleApplication@6aa4518a
reloadAllAccessors: .TimeDelay3

===========================================================================================
----------------- testing Sun Feb 17 04:03:04 UTC 2019 /home/travis/build/icyphy/ptII/ptolemy/domains/continuous/test/auto/TransferAbsentToInside.xml
----------------- Instantiating /home/travis/build/icyphy/ptII/ptolemy/domains/continuous/test/auto/TransferAbsentToInside.xml
41 ms. Memory: 293888K Free: 222144K (76%)
----------------- Invoking toplevel() on ptolemy.moml.MoMLSimpleApplication@e086e9
----------------- Done invoking toplevel() on ptolemy.moml.MoMLSimpleApplication@e086e9
reloadAllAccessors: .TransferAbsentToInside

===========================================================================================
----------------- testing Sun Feb 17 04:03:05 UTC 2019 /home/travis/build/icyphy/ptII/ptolemy/domains/continuous/test/auto/Transmission.xml
----------------- Instantiating /home/travis/build/icyphy/ptII/ptolemy/domains/continuous/test/auto/Transmission.xml
777 ms. Memory: 284672K Free: 182090K (64%)
----------------- Invoking toplevel() on ptolemy.moml.MoMLSimpleApplication@56c1e21e
----------------- Done invoking toplevel() on ptolemy.moml.MoMLSimpleApplication@56c1e21e
reloadAllAccessors: .Transmission

===========================================================================================
----------------- testing Sun Feb 17 04:03:05 UTC 2019 /home/travis/build/icyphy/ptII/ptolemy/domains/continuous/test/auto/TriggeredContinuousClock.xml
----------------- Instantiating /home/travis/build/icyphy/ptII/ptolemy/domains/continuous/test/auto/TriggeredContinuousClock.xml
35 ms. Memory: 284672K Free: 149720K (53%)
----------------- Invoking toplevel() on ptolemy.moml.MoMLSimpleApplication@14cacab4
----------------- Done invoking toplevel() on ptolemy.moml.MoMLSimpleApplication@14cacab4
reloadAllAccessors: .TriggeredContinuousClock

===========================================================================================
----------------- testing Sun Feb 17 04:03:05 UTC 2019 /home/travis/build/icyphy/ptII/ptolemy/domains/continuous/test/auto/TwoMachineInfiniteBusControl.xml
----------------- Instantiating /home/travis/build/icyphy/ptII/ptolemy/domains/continuous/test/auto/TwoMachineInfiniteBusControl.xml
3073 ms. Memory: 318464K Free: 78785K (25%)
----------------- Invoking toplevel() on ptolemy.moml.MoMLSimpleApplication@5fa69cb3
----------------- Done invoking toplevel() on ptolemy.moml.MoMLSimpleApplication@5fa69cb3
reloadAllAccessors: .TwoMachineInfiniteBusControl

===========================================================================================
----------------- testing Sun Feb 17 04:03:09 UTC 2019 /home/travis/build/icyphy/ptII/ptolemy/domains/continuous/test/auto/V2V.xml
----------------- Instantiating /home/travis/build/icyphy/ptII/ptolemy/domains/continuous/test/auto/V2V.xml
796 ms. Memory: 308736K Free: 110961K (36%)
----------------- Invoking toplevel() on ptolemy.moml.MoMLSimpleApplication@69a91d7
----------------- Done invoking toplevel() on ptolemy.moml.MoMLSimpleApplication@69a91d7
reloadAllAccessors: .V2V

===========================================================================================
----------------- testing Sun Feb 17 04:03:10 UTC 2019 /home/travis/build/icyphy/ptII/ptolemy/domains/continuous/test/auto/hierarchicalModalModel.xml
----------------- Instantiating /home/travis/build/icyphy/ptII/ptolemy/domains/continuous/test/auto/hierarchicalModalModel.xml
7 ms. Memory: 308736K Free: 94286K (31%)
----------------- Invoking toplevel() on ptolemy.moml.MoMLSimpleApplication@1b712af0
----------------- Done invoking toplevel() on ptolemy.moml.MoMLSimpleApplication@1b712af0
reloadAllAccessors: .hierarchicalModalModel

===========================================================================================
----------------- testing Sun Feb 17 04:03:10 UTC 2019 /home/travis/build/icyphy/ptII/ptolemy/domains/continuous/test/auto/hierarchicalModalModel1.xml
----------------- Instantiating /home/travis/build/icyphy/ptII/ptolemy/domains/continuous/test/auto/hierarchicalModalModel1.xml
8 ms. Memory: 308736K Free: 78437K (25%)
----------------- Invoking toplevel() on ptolemy.moml.MoMLSimpleApplication@2fdae552
----------------- Done invoking toplevel() on ptolemy.moml.MoMLSimpleApplication@2fdae552
reloadAllAccessors: .hierarchicalModalModel1

===========================================================================================
----------------- testing Sun Feb 17 04:03:10 UTC 2019 /home/travis/build/icyphy/ptII/ptolemy/domains/continuous/test/auto/hierarchicalModalModel2.xml
----------------- Instantiating /home/travis/build/icyphy/ptII/ptolemy/domains/continuous/test/auto/hierarchicalModalModel2.xml
6 ms. Memory: 308736K Free: 63809K (21%)
----------------- Invoking toplevel() on ptolemy.moml.MoMLSimpleApplication@6177f5ce
----------------- Done invoking toplevel() on ptolemy.moml.MoMLSimpleApplication@6177f5ce
reloadAllAccessors: .hierarchicalModalModel2

===========================================================================================
----------------- testing Sun Feb 17 04:03:10 UTC 2019 /home/travis/build/icyphy/ptII/ptolemy/domains/continuous/test/auto/hierarchicalModalModel3.xml
----------------- Instantiating /home/travis/build/icyphy/ptII/ptolemy/domains/continuous/test/auto/hierarchicalModalModel3.xml
5 ms. Memory: 308736K Free: 51400K (17%)
----------------- Invoking toplevel() on ptolemy.moml.MoMLSimpleApplication@38460584
----------------- Done invoking toplevel() on ptolemy.moml.MoMLSimpleApplication@38460584
reloadAllAccessors: .hierarchicalModalModel3

===========================================================================================
----------------- testing Sun Feb 17 04:03:10 UTC 2019 /home/travis/build/icyphy/ptII/ptolemy/domains/continuous/test/auto/hierarchicalModalModel4.xml
----------------- Instantiating /home/travis/build/icyphy/ptII/ptolemy/domains/continuous/test/auto/hierarchicalModalModel4.xml
5 ms. Memory: 308736K Free: 37899K (12%)
----------------- Invoking toplevel() on ptolemy.moml.MoMLSimpleApplication@68b417b0
----------------- Done invoking toplevel() on ptolemy.moml.MoMLSimpleApplication@68b417b0
reloadAllAccessors: .hierarchicalModalModel4

===========================================================================================
----------------- testing Sun Feb 17 04:03:10 UTC 2019 /home/travis/build/icyphy/ptII/ptolemy/domains/continuous/test/auto/junk.xml
----------------- Instantiating /home/travis/build/icyphy/ptII/ptolemy/domains/continuous/test/auto/junk.xml
156 ms. Memory: 304640K Free: 229673K (75%)
----------------- Invoking toplevel() on ptolemy.moml.MoMLSimpleApplication@d71a3f8
----------------- Done invoking toplevel() on ptolemy.moml.MoMLSimpleApplication@d71a3f8
reloadAllAccessors: .junk
AutoTests.java: About to close Vertx.
AutoTests.java: Vertx closed.
]]></system-out>
  <system-err><![CDATA[Warning: '.Poisson.NonStrictTest' The test produced only 382 tokens, yet the correctValues parameter was expecting 430 tokens.
]]></system-err>
</testsuite>
