<?xml version="1.0" encoding="UTF-8" ?>
<testsuite errors="0" failures="0" hostname="travis-job-a0223c48-37c9-46b5-ad97-2bb6c9e5df33" name="ptolemy.domains.modal.test.junit.JUnitTclTest" skipped="0" tests="148" time="9.526" timestamp="2020-03-08T07:10:49">
  <properties>
[...]
</properties>
  <testcase classname="ptolemy.util.test.junit.TclTests" name="[0] /home/travis/build/icyphy/ptII/ptolemy/domains/modal/test/SystemLevelType.tcl (RunTclFile)" time="1.709" />
  <testcase classname="ptolemy.util.test.junit.AutoKnownFailedTests" name="[0] /home/travis/build/icyphy/ptII/ptolemy/domains/modal/test/auto/knownFailedTests/CannotAnalysisWithPreemption.xml (RunModel)" time="0.248" />
  <testcase classname="ptolemy.util.test.junit.AutoNameArchTests" name="[0] ThereAreNoAutoArchTests (RunModel)" time="0.001" />
  <testcase classname="ptolemy.util.test.junit.AutoTests" name="[0] /home/travis/build/icyphy/ptII/ptolemy/domains/modal/test/auto/ABPTest.xml (RunModel)" time="0.712" />
  <testcase classname="ptolemy.util.test.junit.AutoTests" name="[1] /home/travis/build/icyphy/ptII/ptolemy/domains/modal/test/auto/ABROFlat.xml (RunModel)" time="0.077" />
  <testcase classname="ptolemy.util.test.junit.AutoTests" name="[2] /home/travis/build/icyphy/ptII/ptolemy/domains/modal/test/auto/ABROFlat2.xml (RunModel)" time="0.06" />
  <testcase classname="ptolemy.util.test.junit.AutoTests" name="[3] /home/travis/build/icyphy/ptII/ptolemy/domains/modal/test/auto/ABRO_present_hmm.xml (RunModel)" time="0.097" />
  <testcase classname="ptolemy.util.test.junit.AutoTests" name="[4] /home/travis/build/icyphy/ptII/ptolemy/domains/modal/test/auto/AMICoderExample.xml (RunModel)" time="0.076" />
  <testcase classname="ptolemy.util.test.junit.AutoTests" name="[5] /home/travis/build/icyphy/ptII/ptolemy/domains/modal/test/auto/AbsentToPresent.xml (RunModel)" time="0.022" />
  <testcase classname="ptolemy.util.test.junit.AutoTests" name="[6] /home/travis/build/icyphy/ptII/ptolemy/domains/modal/test/auto/Blending.xml (RunModel)" time="0.213" />
  <testcase classname="ptolemy.util.test.junit.AutoTests" name="[7] /home/travis/build/icyphy/ptII/ptolemy/domains/modal/test/auto/Broadcast.xml (RunModel)" time="0.035" />
  <testcase classname="ptolemy.util.test.junit.AutoTests" name="[8] /home/travis/build/icyphy/ptII/ptolemy/domains/modal/test/auto/BroadcastHierarchy.xml (RunModel)" time="0.077" />
  <testcase classname="ptolemy.util.test.junit.AutoTests" name="[9] /home/travis/build/icyphy/ptII/ptolemy/domains/modal/test/auto/BroadcastHierarchy2.xml (RunModel)" time="0.107" />
  <testcase classname="ptolemy.util.test.junit.AutoTests" name="[10] /home/travis/build/icyphy/ptII/ptolemy/domains/modal/test/auto/BroadcastHierarchy3.xml (RunModel)" time="0.085" />
  <testcase classname="ptolemy.util.test.junit.AutoTests" name="[11] /home/travis/build/icyphy/ptII/ptolemy/domains/modal/test/auto/BroadcastHierarchy4.xml (RunModel)" time="0.083" />
  <testcase classname="ptolemy.util.test.junit.AutoTests" name="[12] /home/travis/build/icyphy/ptII/ptolemy/domains/modal/test/auto/CannotAnalysisWithPreemption2.xml (RunModel)" time="0.033" />
  <testcase classname="ptolemy.util.test.junit.AutoTests" name="[13] /home/travis/build/icyphy/ptII/ptolemy/domains/modal/test/auto/CannotAnalysisWithPreemption3.xml (RunModel)" time="0.043" />
  <testcase classname="ptolemy.util.test.junit.AutoTests" name="[14] /home/travis/build/icyphy/ptII/ptolemy/domains/modal/test/auto/CannotProduce.xml (RunModel)" time="0.018" />
  <testcase classname="ptolemy.util.test.junit.AutoTests" name="[15] /home/travis/build/icyphy/ptII/ptolemy/domains/modal/test/auto/CannotProduceModal.xml (RunModel)" time="0.02" />
  <testcase classname="ptolemy.util.test.junit.AutoTests" name="[16] /home/travis/build/icyphy/ptII/ptolemy/domains/modal/test/auto/Case.xml (RunModel)" time="0.05" />
  <testcase classname="ptolemy.util.test.junit.AutoTests" name="[17] /home/travis/build/icyphy/ptII/ptolemy/domains/modal/test/auto/Case1.xml (RunModel)" time="0.037" />
  <testcase classname="ptolemy.util.test.junit.AutoTests" name="[18] /home/travis/build/icyphy/ptII/ptolemy/domains/modal/test/auto/Case2.xml (RunModel)" time="0.037" />
  <testcase classname="ptolemy.util.test.junit.AutoTests" name="[19] /home/travis/build/icyphy/ptII/ptolemy/domains/modal/test/auto/CausalityInterface1.xml (RunModel)" time="0.03" />
  <testcase classname="ptolemy.util.test.junit.AutoTests" name="[20] /home/travis/build/icyphy/ptII/ptolemy/domains/modal/test/auto/CausalityInterface10.xml (RunModel)" time="0.039" />
  <testcase classname="ptolemy.util.test.junit.AutoTests" name="[21] /home/travis/build/icyphy/ptII/ptolemy/domains/modal/test/auto/CausalityInterface11.xml (RunModel)" time="0.043" />
  <testcase classname="ptolemy.util.test.junit.AutoTests" name="[22] /home/travis/build/icyphy/ptII/ptolemy/domains/modal/test/auto/CausalityInterface12.xml (RunModel)" time="0.043" />
  <testcase classname="ptolemy.util.test.junit.AutoTests" name="[23] /home/travis/build/icyphy/ptII/ptolemy/domains/modal/test/auto/CausalityInterface13.xml (RunModel)" time="0.056" />
  <testcase classname="ptolemy.util.test.junit.AutoTests" name="[24] /home/travis/build/icyphy/ptII/ptolemy/domains/modal/test/auto/CausalityInterface14.xml (RunModel)" time="0.048" />
  <testcase classname="ptolemy.util.test.junit.AutoTests" name="[25] /home/travis/build/icyphy/ptII/ptolemy/domains/modal/test/auto/CausalityInterface2.xml (RunModel)" time="0.021" />
  <testcase classname="ptolemy.util.test.junit.AutoTests" name="[26] /home/travis/build/icyphy/ptII/ptolemy/domains/modal/test/auto/CausalityInterface3.xml (RunModel)" time="0.026" />
  <testcase classname="ptolemy.util.test.junit.AutoTests" name="[27] /home/travis/build/icyphy/ptII/ptolemy/domains/modal/test/auto/CausalityInterface4.xml (RunModel)" time="0.023" />
  <testcase classname="ptolemy.util.test.junit.AutoTests" name="[28] /home/travis/build/icyphy/ptII/ptolemy/domains/modal/test/auto/CausalityInterface5.xml (RunModel)" time="0.054" />
  <testcase classname="ptolemy.util.test.junit.AutoTests" name="[29] /home/travis/build/icyphy/ptII/ptolemy/domains/modal/test/auto/CausalityInterface6.xml (RunModel)" time="0.026" />
  <testcase classname="ptolemy.util.test.junit.AutoTests" name="[30] /home/travis/build/icyphy/ptII/ptolemy/domains/modal/test/auto/CausalityInterface7.xml (RunModel)" time="0.022" />
  <testcase classname="ptolemy.util.test.junit.AutoTests" name="[31] /home/travis/build/icyphy/ptII/ptolemy/domains/modal/test/auto/CausalityInterface8.xml (RunModel)" time="0.022" />
  <testcase classname="ptolemy.util.test.junit.AutoTests" name="[32] /home/travis/build/icyphy/ptII/ptolemy/domains/modal/test/auto/CausalityInterface9.xml (RunModel)" time="0.042" />
  <testcase classname="ptolemy.util.test.junit.AutoTests" name="[33] /home/travis/build/icyphy/ptII/ptolemy/domains/modal/test/auto/ChainedTransitions.xml (RunModel)" time="0.142" />
  <testcase classname="ptolemy.util.test.junit.AutoTests" name="[34] /home/travis/build/icyphy/ptII/ptolemy/domains/modal/test/auto/CycleOfImmediateTransitionsFSM.xml (RunModel)" time="0.021" />
  <testcase classname="ptolemy.util.test.junit.AutoTests" name="[35] /home/travis/build/icyphy/ptII/ptolemy/domains/modal/test/auto/CycleOfImmediateTransitionsModal.xml (RunModel)" time="0.019" />
  <testcase classname="ptolemy.util.test.junit.AutoTests" name="[36] /home/travis/build/icyphy/ptII/ptolemy/domains/modal/test/auto/CycleOfImmediateTransitionsModal2.xml (RunModel)" time="0.025" />
  <testcase classname="ptolemy.util.test.junit.AutoTests" name="[37] /home/travis/build/icyphy/ptII/ptolemy/domains/modal/test/auto/CycleOfImmediateTransitionsModal3.xml (RunModel)" time="0.061" />
  <testcase classname="ptolemy.util.test.junit.AutoTests" name="[38] /home/travis/build/icyphy/ptII/ptolemy/domains/modal/test/auto/DeepModal1.xml (RunModel)" time="0.065" />
  <testcase classname="ptolemy.util.test.junit.AutoTests" name="[39] /home/travis/build/icyphy/ptII/ptolemy/domains/modal/test/auto/DeepModal2.xml (RunModel)" time="0.054" />
  <testcase classname="ptolemy.util.test.junit.AutoTests" name="[40] /home/travis/build/icyphy/ptII/ptolemy/domains/modal/test/auto/DeepModal3.xml (RunModel)" time="0.06" />
  <testcase classname="ptolemy.util.test.junit.AutoTests" name="[41] /home/travis/build/icyphy/ptII/ptolemy/domains/modal/test/auto/DeepModal4.xml (RunModel)" time="0.067" />
  <testcase classname="ptolemy.util.test.junit.AutoTests" name="[42] /home/travis/build/icyphy/ptII/ptolemy/domains/modal/test/auto/Default1.xml (RunModel)" time="0.014" />
  <testcase classname="ptolemy.util.test.junit.AutoTests" name="[43] /home/travis/build/icyphy/ptII/ptolemy/domains/modal/test/auto/Default2.xml (RunModel)" time="0.017" />
  <testcase classname="ptolemy.util.test.junit.AutoTests" name="[44] /home/travis/build/icyphy/ptII/ptolemy/domains/modal/test/auto/Default3.xml (RunModel)" time="0.026" />
  <testcase classname="ptolemy.util.test.junit.AutoTests" name="[45] /home/travis/build/icyphy/ptII/ptolemy/domains/modal/test/auto/Default4.xml (RunModel)" time="0.013" />
  <testcase classname="ptolemy.util.test.junit.AutoTests" name="[46] /home/travis/build/icyphy/ptII/ptolemy/domains/modal/test/auto/Default5.xml (RunModel)" time="0.02" />
  <testcase classname="ptolemy.util.test.junit.AutoTests" name="[47] /home/travis/build/icyphy/ptII/ptolemy/domains/modal/test/auto/EmptyGuard.xml (RunModel)" time="0.035" />
  <testcase classname="ptolemy.util.test.junit.AutoTests" name="[48] /home/travis/build/icyphy/ptII/ptolemy/domains/modal/test/auto/ErrorTransition1.xml (RunModel)" time="0.033" />
  <testcase classname="ptolemy.util.test.junit.AutoTests" name="[49] /home/travis/build/icyphy/ptII/ptolemy/domains/modal/test/auto/ErrorTransition10.xml (RunModel)" time="0.043" />
  <testcase classname="ptolemy.util.test.junit.AutoTests" name="[50] /home/travis/build/icyphy/ptII/ptolemy/domains/modal/test/auto/ErrorTransition11.xml (RunModel)" time="0.033" />
  <testcase classname="ptolemy.util.test.junit.AutoTests" name="[51] /home/travis/build/icyphy/ptII/ptolemy/domains/modal/test/auto/ErrorTransition2.xml (RunModel)" time="0.029" />
  <testcase classname="ptolemy.util.test.junit.AutoTests" name="[52] /home/travis/build/icyphy/ptII/ptolemy/domains/modal/test/auto/ErrorTransition3.xml (RunModel)" time="0.046" />
  <testcase classname="ptolemy.util.test.junit.AutoTests" name="[53] /home/travis/build/icyphy/ptII/ptolemy/domains/modal/test/auto/ErrorTransition4.xml (RunModel)" time="0.033" />
  <testcase classname="ptolemy.util.test.junit.AutoTests" name="[54] /home/travis/build/icyphy/ptII/ptolemy/domains/modal/test/auto/ErrorTransition5.xml (RunModel)" time="0.024" />
  <testcase classname="ptolemy.util.test.junit.AutoTests" name="[55] /home/travis/build/icyphy/ptII/ptolemy/domains/modal/test/auto/ErrorTransition6.xml (RunModel)" time="0.026" />
  <testcase classname="ptolemy.util.test.junit.AutoTests" name="[56] /home/travis/build/icyphy/ptII/ptolemy/domains/modal/test/auto/ErrorTransition7.xml (RunModel)" time="0.04" />
  <testcase classname="ptolemy.util.test.junit.AutoTests" name="[57] /home/travis/build/icyphy/ptII/ptolemy/domains/modal/test/auto/ErrorTransition8.xml (RunModel)" time="0.058" />
  <testcase classname="ptolemy.util.test.junit.AutoTests" name="[58] /home/travis/build/icyphy/ptII/ptolemy/domains/modal/test/auto/ErrorTransition9.xml (RunModel)" time="0.037" />
  <testcase classname="ptolemy.util.test.junit.AutoTests" name="[59] /home/travis/build/icyphy/ptII/ptolemy/domains/modal/test/auto/ExtendedFSM.xml (RunModel)" time="0.018" />
  <testcase classname="ptolemy.util.test.junit.AutoTests" name="[60] /home/travis/build/icyphy/ptII/ptolemy/domains/modal/test/auto/FinalStates.xml (RunModel)" time="0.017" />
  <testcase classname="ptolemy.util.test.junit.AutoTests" name="[61] /home/travis/build/icyphy/ptII/ptolemy/domains/modal/test/auto/FixedPointFSM.xml (RunModel)" time="0.067" />
  <testcase classname="ptolemy.util.test.junit.AutoTests" name="[62] /home/travis/build/icyphy/ptII/ptolemy/domains/modal/test/auto/FixedPointIterationFSMActor.xml (RunModel)" time="0.027" />
  <testcase classname="ptolemy.util.test.junit.AutoTests" name="[63] /home/travis/build/icyphy/ptII/ptolemy/domains/modal/test/auto/FixedPointIterationFSMActor2.xml (RunModel)" time="0.037" />
  <testcase classname="ptolemy.util.test.junit.AutoTests" name="[64] /home/travis/build/icyphy/ptII/ptolemy/domains/modal/test/auto/ForbiddenInstantanousLoop.xml (RunModel)" time="0.031" />
  <testcase classname="ptolemy.util.test.junit.AutoTests" name="[65] /home/travis/build/icyphy/ptII/ptolemy/domains/modal/test/auto/FunctionDependencyOfFSMActorTest.xml (RunModel)" time="0.027" />
  <testcase classname="ptolemy.util.test.junit.AutoTests" name="[66] /home/travis/build/icyphy/ptII/ptolemy/domains/modal/test/auto/GuardExpression.xml (RunModel)" time="0.015" />
  <testcase classname="ptolemy.util.test.junit.AutoTests" name="[67] /home/travis/build/icyphy/ptII/ptolemy/domains/modal/test/auto/GuardNotEvaluated.xml (RunModel)" time="0.024" />
  <testcase classname="ptolemy.util.test.junit.AutoTests" name="[68] /home/travis/build/icyphy/ptII/ptolemy/domains/modal/test/auto/GuardNotEvaluated2.xml (RunModel)" time="0.023" />
  <testcase classname="ptolemy.util.test.junit.AutoTests" name="[69] /home/travis/build/icyphy/ptII/ptolemy/domains/modal/test/auto/GuardOnAbsent.xml (RunModel)" time="0.021" />
  <testcase classname="ptolemy.util.test.junit.AutoTests" name="[70] /home/travis/build/icyphy/ptII/ptolemy/domains/modal/test/auto/HierarchicalFSMTypeInference.xml (RunModel)" time="0.024" />
  <testcase classname="ptolemy.util.test.junit.AutoTests" name="[71] /home/travis/build/icyphy/ptII/ptolemy/domains/modal/test/auto/Hysteresis.xml (RunModel)" time="0.042" />
  <testcase classname="ptolemy.util.test.junit.AutoTests" name="[72] /home/travis/build/icyphy/ptII/ptolemy/domains/modal/test/auto/HysteresisWithDefault.xml (RunModel)" time="0.057" />
  <testcase classname="ptolemy.util.test.junit.AutoTests" name="[73] /home/travis/build/icyphy/ptII/ptolemy/domains/modal/test/auto/HysteresisWithDefault2.xml (RunModel)" time="0.081" />
  <testcase classname="ptolemy.util.test.junit.AutoTests" name="[74] /home/travis/build/icyphy/ptII/ptolemy/domains/modal/test/auto/ImmediateNonConstructiveness.xml (RunModel)" time="0.034" />
  <testcase classname="ptolemy.util.test.junit.AutoTests" name="[75] /home/travis/build/icyphy/ptII/ptolemy/domains/modal/test/auto/ImmediateNonConstructiveness2.xml (RunModel)" time="0.021" />
  <testcase classname="ptolemy.util.test.junit.AutoTests" name="[76] /home/travis/build/icyphy/ptII/ptolemy/domains/modal/test/auto/ImmediateTransitionReset.xml (RunModel)" time="0.029" />
  <testcase classname="ptolemy.util.test.junit.AutoTests" name="[77] /home/travis/build/icyphy/ptII/ptolemy/domains/modal/test/auto/ImmediateTransitions1.xml (RunModel)" time="0.011" />
  <testcase classname="ptolemy.util.test.junit.AutoTests" name="[78] /home/travis/build/icyphy/ptII/ptolemy/domains/modal/test/auto/ImmediateTransitionsInstantaneousCommunication.xml (RunModel)" time="0.031" />
  <testcase classname="ptolemy.util.test.junit.AutoTests" name="[79] /home/travis/build/icyphy/ptII/ptolemy/domains/modal/test/auto/InitialImmediateTransition.xml (RunModel)" time="0.013" />
  <testcase classname="ptolemy.util.test.junit.AutoTests" name="[80] /home/travis/build/icyphy/ptII/ptolemy/domains/modal/test/auto/InitialOutputs.xml (RunModel)" time="0.013" />
  <testcase classname="ptolemy.util.test.junit.AutoTests" name="[81] /home/travis/build/icyphy/ptII/ptolemy/domains/modal/test/auto/InitialStateTransition1.xml (RunModel)" time="0.019" />
  <testcase classname="ptolemy.util.test.junit.AutoTests" name="[82] /home/travis/build/icyphy/ptII/ptolemy/domains/modal/test/auto/InitialStateTransition2.xml (RunModel)" time="0.021" />
  <testcase classname="ptolemy.util.test.junit.AutoTests" name="[83] /home/travis/build/icyphy/ptII/ptolemy/domains/modal/test/auto/InitialStateTransition3.xml (RunModel)" time="0.021" />
  <testcase classname="ptolemy.util.test.junit.AutoTests" name="[84] /home/travis/build/icyphy/ptII/ptolemy/domains/modal/test/auto/InitialStateTransition4.xml (RunModel)" time="0.023" />
  <testcase classname="ptolemy.util.test.junit.AutoTests" name="[85] /home/travis/build/icyphy/ptII/ptolemy/domains/modal/test/auto/MalformedGuardExpressionNotCaught.xml (RunModel)" time="0.025" />
  <testcase classname="ptolemy.util.test.junit.AutoTests" name="[86] /home/travis/build/icyphy/ptII/ptolemy/domains/modal/test/auto/ModalBSC.xml (RunModel)" time="0.093" />
  <testcase classname="ptolemy.util.test.junit.AutoTests" name="[87] /home/travis/build/icyphy/ptII/ptolemy/domains/modal/test/auto/ModalClocks.xml (RunModel)" time="0.071" />
  <testcase classname="ptolemy.util.test.junit.AutoTests" name="[88] /home/travis/build/icyphy/ptII/ptolemy/domains/modal/test/auto/ModalDelay.xml (RunModel)" time="0.04" />
  <testcase classname="ptolemy.util.test.junit.AutoTests" name="[89] /home/travis/build/icyphy/ptII/ptolemy/domains/modal/test/auto/ModalDelay2.xml (RunModel)" time="0.036" />
  <testcase classname="ptolemy.util.test.junit.AutoTests" name="[90] /home/travis/build/icyphy/ptII/ptolemy/domains/modal/test/auto/ModalModelFromMemo.xml (RunModel)" time="0.045" />
  <testcase classname="ptolemy.util.test.junit.AutoTests" name="[91] /home/travis/build/icyphy/ptII/ptolemy/domains/modal/test/auto/ModalModelWithMultirateTransient.xml (RunModel)" time="0.043" />
  <testcase classname="ptolemy.util.test.junit.AutoTests" name="[92] /home/travis/build/icyphy/ptII/ptolemy/domains/modal/test/auto/ModalModelWithReset.xml (RunModel)" time="0.044" />
  <testcase classname="ptolemy.util.test.junit.AutoTests" name="[93] /home/travis/build/icyphy/ptII/ptolemy/domains/modal/test/auto/MouseClickFSM.xml (RunModel)" time="0.038" />
  <testcase classname="ptolemy.util.test.junit.AutoTests" name="[94] /home/travis/build/icyphy/ptII/ptolemy/domains/modal/test/auto/MouseClickFSMModal.xml (RunModel)" time="0.051" />
  <testcase classname="ptolemy.util.test.junit.AutoTests" name="[95] /home/travis/build/icyphy/ptII/ptolemy/domains/modal/test/auto/NonStrictFSM_FeedbackLoop.xml (RunModel)" time="0.05" />
  <testcase classname="ptolemy.util.test.junit.AutoTests" name="[96] /home/travis/build/icyphy/ptII/ptolemy/domains/modal/test/auto/NonStrictFSM_FeedbackLoop_Refinement.xml (RunModel)" time="0.093" />
  <testcase classname="ptolemy.util.test.junit.AutoTests" name="[97] /home/travis/build/icyphy/ptII/ptolemy/domains/modal/test/auto/NonStrictFSM_FeedbackLoop_preemptive.xml (RunModel)" time="0.054" />
  <testcase classname="ptolemy.util.test.junit.AutoTests" name="[98] /home/travis/build/icyphy/ptII/ptolemy/domains/modal/test/auto/NormalTermination.xml (RunModel)" time="0.038" />
  <testcase classname="ptolemy.util.test.junit.AutoTests" name="[99] /home/travis/build/icyphy/ptII/ptolemy/domains/modal/test/auto/Pong.xml (RunModel)" time="0.068" />
  <testcase classname="ptolemy.util.test.junit.AutoTests" name="[100] /home/travis/build/icyphy/ptII/ptolemy/domains/modal/test/auto/Pong_test.xml (RunModel)" time="0.098" />
  <testcase classname="ptolemy.util.test.junit.AutoTests" name="[101] /home/travis/build/icyphy/ptII/ptolemy/domains/modal/test/auto/PreemptionHierarchy.xml (RunModel)" time="0.029" />
  <testcase classname="ptolemy.util.test.junit.AutoTests" name="[102] /home/travis/build/icyphy/ptII/ptolemy/domains/modal/test/auto/PreemptionHierarchy2.xml (RunModel)" time="0.026" />
  <testcase classname="ptolemy.util.test.junit.AutoTests" name="[103] /home/travis/build/icyphy/ptII/ptolemy/domains/modal/test/auto/PreemptiveTransition.xml (RunModel)" time="0.02" />
  <testcase classname="ptolemy.util.test.junit.AutoTests" name="[104] /home/travis/build/icyphy/ptII/ptolemy/domains/modal/test/auto/Priorities.xml (RunModel)" time="0.088" />
  <testcase classname="ptolemy.util.test.junit.AutoTests" name="[105] /home/travis/build/icyphy/ptII/ptolemy/domains/modal/test/auto/ResetFinal.xml (RunModel)" time="0.036" />
  <testcase classname="ptolemy.util.test.junit.AutoTests" name="[106] /home/travis/build/icyphy/ptII/ptolemy/domains/modal/test/auto/ResetFinal2.xml (RunModel)" time="0.026" />
  <testcase classname="ptolemy.util.test.junit.AutoTests" name="[107] /home/travis/build/icyphy/ptII/ptolemy/domains/modal/test/auto/ResetTransitionWithStartTime.xml (RunModel)" time="0.026" />
  <testcase classname="ptolemy.util.test.junit.AutoTests" name="[108] /home/travis/build/icyphy/ptII/ptolemy/domains/modal/test/auto/SDF-FSMComposite.xml (RunModel)" time="0.021" />
  <testcase classname="ptolemy.util.test.junit.AutoTests" name="[109] /home/travis/build/icyphy/ptII/ptolemy/domains/modal/test/auto/SeeminglyNondeterminate.xml (RunModel)" time="0.061" />
  <testcase classname="ptolemy.util.test.junit.AutoTests" name="[110] /home/travis/build/icyphy/ptII/ptolemy/domains/modal/test/auto/SeeminglyNondeterminate2.xml (RunModel)" time="0.06" />
  <testcase classname="ptolemy.util.test.junit.AutoTests" name="[111] /home/travis/build/icyphy/ptII/ptolemy/domains/modal/test/auto/SpontaneousFSM.xml (RunModel)" time="0.037" />
  <testcase classname="ptolemy.util.test.junit.AutoTests" name="[112] /home/travis/build/icyphy/ptII/ptolemy/domains/modal/test/auto/SpontaneousFSM2.xml (RunModel)" time="0.023" />
  <testcase classname="ptolemy.util.test.junit.AutoTests" name="[113] /home/travis/build/icyphy/ptII/ptolemy/domains/modal/test/auto/SpontaneousFSM3.xml (RunModel)" time="0.047" />
  <testcase classname="ptolemy.util.test.junit.AutoTests" name="[114] /home/travis/build/icyphy/ptII/ptolemy/domains/modal/test/auto/SpontaneousFSM4.xml (RunModel)" time="0.041" />
  <testcase classname="ptolemy.util.test.junit.AutoTests" name="[115] /home/travis/build/icyphy/ptII/ptolemy/domains/modal/test/auto/StateTrackerTest.xml (RunModel)" time="0.057" />
  <testcase classname="ptolemy.util.test.junit.AutoTests" name="[116] /home/travis/build/icyphy/ptII/ptolemy/domains/modal/test/auto/StrongImmediateTransition.xml (RunModel)" time="0.025" />
  <testcase classname="ptolemy.util.test.junit.AutoTests" name="[117] /home/travis/build/icyphy/ptII/ptolemy/domains/modal/test/auto/SustainHierarchy.xml (RunModel)" time="0.026" />
  <testcase classname="ptolemy.util.test.junit.AutoTests" name="[118] /home/travis/build/icyphy/ptII/ptolemy/domains/modal/test/auto/TerminationTransition1.xml (RunModel)" time="0.02" />
  <testcase classname="ptolemy.util.test.junit.AutoTests" name="[119] /home/travis/build/icyphy/ptII/ptolemy/domains/modal/test/auto/TerminationTransition2.xml (RunModel)" time="0.022" />
  <testcase classname="ptolemy.util.test.junit.AutoTests" name="[120] /home/travis/build/icyphy/ptII/ptolemy/domains/modal/test/auto/TerminationTransition3.xml (RunModel)" time="0.02" />
  <testcase classname="ptolemy.util.test.junit.AutoTests" name="[121] /home/travis/build/icyphy/ptII/ptolemy/domains/modal/test/auto/TerminationTransition4.xml (RunModel)" time="0.033" />
  <testcase classname="ptolemy.util.test.junit.AutoTests" name="[122] /home/travis/build/icyphy/ptII/ptolemy/domains/modal/test/auto/TerminationTransition5.xml (RunModel)" time="0.027" />
  <testcase classname="ptolemy.util.test.junit.AutoTests" name="[123] /home/travis/build/icyphy/ptII/ptolemy/domains/modal/test/auto/TerminationTransition6.xml (RunModel)" time="0.02" />
  <testcase classname="ptolemy.util.test.junit.AutoTests" name="[124] /home/travis/build/icyphy/ptII/ptolemy/domains/modal/test/auto/TerminationTransition7.xml (RunModel)" time="0.02" />
  <testcase classname="ptolemy.util.test.junit.AutoTests" name="[125] /home/travis/build/icyphy/ptII/ptolemy/domains/modal/test/auto/TerminationTransition8.xml (RunModel)" time="0.023" />
  <testcase classname="ptolemy.util.test.junit.AutoTests" name="[126] /home/travis/build/icyphy/ptII/ptolemy/domains/modal/test/auto/Thermostat_NoHysteresis.xml (RunModel)" time="0.077" />
  <testcase classname="ptolemy.util.test.junit.AutoTests" name="[127] /home/travis/build/icyphy/ptII/ptolemy/domains/modal/test/auto/TimedFSM.xml (RunModel)" time="0.035" />
  <testcase classname="ptolemy.util.test.junit.AutoTests" name="[128] /home/travis/build/icyphy/ptII/ptolemy/domains/modal/test/auto/Timeout1.xml (RunModel)" time="0.011" />
  <testcase classname="ptolemy.util.test.junit.AutoTests" name="[129] /home/travis/build/icyphy/ptII/ptolemy/domains/modal/test/auto/Timeout2.xml (RunModel)" time="0.018" />
  <testcase classname="ptolemy.util.test.junit.AutoTests" name="[130] /home/travis/build/icyphy/ptII/ptolemy/domains/modal/test/auto/Timeout3.xml (RunModel)" time="0.01" />
  <testcase classname="ptolemy.util.test.junit.AutoTests" name="[131] /home/travis/build/icyphy/ptII/ptolemy/domains/modal/test/auto/Timeout4.xml (RunModel)" time="0.009" />
  <testcase classname="ptolemy.util.test.junit.AutoTests" name="[132] /home/travis/build/icyphy/ptII/ptolemy/domains/modal/test/auto/TransientstateModelAdvanced.xml (RunModel)" time="0.024" />
  <testcase classname="ptolemy.util.test.junit.AutoTests" name="[133] /home/travis/build/icyphy/ptII/ptolemy/domains/modal/test/auto/TransientstateModelAdvanced2.xml (RunModel)" time="0.027" />
  <testcase classname="ptolemy.util.test.junit.AutoTests" name="[134] /home/travis/build/icyphy/ptII/ptolemy/domains/modal/test/auto/TransitionRefinements.xml (RunModel)" time="0.02" />
  <testcase classname="ptolemy.util.test.junit.AutoTests" name="[135] /home/travis/build/icyphy/ptII/ptolemy/domains/modal/test/auto/TwoRefinements1.xml (RunModel)" time="0.021" />
  <testcase classname="ptolemy.util.test.junit.AutoTests" name="[136] /home/travis/build/icyphy/ptII/ptolemy/domains/modal/test/auto/TwoRefinements2.xml (RunModel)" time="0.021" />
  <testcase classname="ptolemy.util.test.junit.AutoTests" name="[137] /home/travis/build/icyphy/ptII/ptolemy/domains/modal/test/auto/WeakImmediateTransition.xml (RunModel)" time="0.022" />
  <testcase classname="ptolemy.util.test.junit.AutoTests" name="[138] /home/travis/build/icyphy/ptII/ptolemy/domains/modal/test/auto/booleanSelect.xml (RunModel)" time="0.069" />
  <testcase classname="ptolemy.util.test.junit.AutoTests" name="[139] /home/travis/build/icyphy/ptII/ptolemy/domains/modal/test/auto/modalChangingParams.xml (RunModel)" time="0.321" />
  <testcase classname="ptolemy.util.test.junit.AutoTests" name="[140] /home/travis/build/icyphy/ptII/ptolemy/domains/modal/test/auto/modalModel.xml (RunModel)" time="0.026" />
  <testcase classname="ptolemy.util.test.junit.AutoTests" name="[141] /home/travis/build/icyphy/ptII/ptolemy/domains/modal/test/auto/modalModel2.xml (RunModel)" time="0.027" />
  <testcase classname="ptolemy.util.test.junit.AutoTests" name="[142] /home/travis/build/icyphy/ptII/ptolemy/domains/modal/test/auto/modalModel3.xml (RunModel)" time="0.033" />
  <testcase classname="ptolemy.util.test.junit.AutoTests" name="[143] /home/travis/build/icyphy/ptII/ptolemy/domains/modal/test/auto/model1.xml (RunModel)" time="0.017" />
  <testcase classname="ptolemy.util.test.junit.AutoTests" name="[144] /home/travis/build/icyphy/ptII/ptolemy/domains/modal/test/auto/test-direct-in-out.xml (RunModel)" time="0.025" />
  <system-out><![CDATA[/home/travis/build/icyphy/ptII/ptolemy/domains/modal/test/SystemLevelType.tcl
testDefs.tcl: setting time out to 9000 seconds at Sun Mar 08 07:10:49 UTC 2020
03/08/20 07:10:51
Failed: 0  Total Tests: 1  ((Passed: 1, Newly Passed: 0)  Known Failed: 0) /home/travis/build/icyphy/ptII/ptolemy/domains/modal/test
----------------- testing (KnownFailure) /home/travis/build/icyphy/ptII/ptolemy/domains/modal/test/auto/knownFailedTests/CannotAnalysisWithPreemption.xml
121 ms. Memory: 155648K Free: 94945K (61%)
Known Failure: java.lang.reflect.InvocationTargetException
No auto/linux-amd64/*.xml tests in /home/travis/build/icyphy/ptII/ptolemy/domains/modal/test
AutoTests.java: About to close Vertx.
AutoTests.java: Vertx closed.

===========================================================================================
----------------- testing Sun Mar 08 07:10:52 UTC 2020 /home/travis/build/icyphy/ptII/ptolemy/domains/modal/test/auto/ABPTest.xml
----------------- Instantiating /home/travis/build/icyphy/ptII/ptolemy/domains/modal/test/auto/ABPTest.xml
341 ms. Memory: 155648K Free: 111909K (72%)
----------------- Invoking toplevel() on ptolemy.moml.MoMLSimpleApplication@5045657f
----------------- Done invoking toplevel() on ptolemy.moml.MoMLSimpleApplication@5045657f
reloadAllAccessors: .ABPTest

===========================================================================================
----------------- testing Sun Mar 08 07:10:52 UTC 2020 /home/travis/build/icyphy/ptII/ptolemy/domains/modal/test/auto/ABROFlat.xml
----------------- Instantiating /home/travis/build/icyphy/ptII/ptolemy/domains/modal/test/auto/ABROFlat.xml
21 ms. Memory: 155648K Free: 96415K (62%)
----------------- Invoking toplevel() on ptolemy.moml.MoMLSimpleApplication@18d4ce64
----------------- Done invoking toplevel() on ptolemy.moml.MoMLSimpleApplication@18d4ce64
reloadAllAccessors: .ABROFlat

===========================================================================================
----------------- testing Sun Mar 08 07:10:53 UTC 2020 /home/travis/build/icyphy/ptII/ptolemy/domains/modal/test/auto/ABROFlat2.xml
----------------- Instantiating /home/travis/build/icyphy/ptII/ptolemy/domains/modal/test/auto/ABROFlat2.xml
14 ms. Memory: 155648K Free: 79567K (51%)
----------------- Invoking toplevel() on ptolemy.moml.MoMLSimpleApplication@66ba7dc7
----------------- Done invoking toplevel() on ptolemy.moml.MoMLSimpleApplication@66ba7dc7
reloadAllAccessors: .ABROFlat2

===========================================================================================
----------------- testing Sun Mar 08 07:10:53 UTC 2020 /home/travis/build/icyphy/ptII/ptolemy/domains/modal/test/auto/ABRO_present_hmm.xml
----------------- Instantiating /home/travis/build/icyphy/ptII/ptolemy/domains/modal/test/auto/ABRO_present_hmm.xml
29 ms. Memory: 155648K Free: 52943K (34%)
----------------- Invoking toplevel() on ptolemy.moml.MoMLSimpleApplication@77305a04
----------------- Done invoking toplevel() on ptolemy.moml.MoMLSimpleApplication@77305a04
reloadAllAccessors: .ABRO_present_hmm

===========================================================================================
----------------- testing Sun Mar 08 07:10:53 UTC 2020 /home/travis/build/icyphy/ptII/ptolemy/domains/modal/test/auto/AMICoderExample.xml
----------------- Instantiating /home/travis/build/icyphy/ptII/ptolemy/domains/modal/test/auto/AMICoderExample.xml
44 ms. Memory: 155648K Free: 126249K (81%)
----------------- Invoking toplevel() on ptolemy.moml.MoMLSimpleApplication@5f2c3e99
----------------- Done invoking toplevel() on ptolemy.moml.MoMLSimpleApplication@5f2c3e99
reloadAllAccessors: .AMICoderExample

===========================================================================================
----------------- testing Sun Mar 08 07:10:53 UTC 2020 /home/travis/build/icyphy/ptII/ptolemy/domains/modal/test/auto/AbsentToPresent.xml
----------------- Instantiating /home/travis/build/icyphy/ptII/ptolemy/domains/modal/test/auto/AbsentToPresent.xml
5 ms. Memory: 155648K Free: 121624K (78%)
----------------- Invoking toplevel() on ptolemy.moml.MoMLSimpleApplication@35dceb88
----------------- Done invoking toplevel() on ptolemy.moml.MoMLSimpleApplication@35dceb88
reloadAllAccessors: .AbsentToPresent

===========================================================================================
----------------- testing Sun Mar 08 07:10:53 UTC 2020 /home/travis/build/icyphy/ptII/ptolemy/domains/modal/test/auto/Blending.xml
----------------- Instantiating /home/travis/build/icyphy/ptII/ptolemy/domains/modal/test/auto/Blending.xml
137 ms. Memory: 155648K Free: 77592K (50%)
----------------- Invoking toplevel() on ptolemy.moml.MoMLSimpleApplication@7964446e
----------------- Done invoking toplevel() on ptolemy.moml.MoMLSimpleApplication@7964446e
reloadAllAccessors: .Blending

===========================================================================================
----------------- testing Sun Mar 08 07:10:53 UTC 2020 /home/travis/build/icyphy/ptII/ptolemy/domains/modal/test/auto/Broadcast.xml
----------------- Instantiating /home/travis/build/icyphy/ptII/ptolemy/domains/modal/test/auto/Broadcast.xml
8 ms. Memory: 155648K Free: 67367K (43%)
----------------- Invoking toplevel() on ptolemy.moml.MoMLSimpleApplication@4fb573f5
----------------- Done invoking toplevel() on ptolemy.moml.MoMLSimpleApplication@4fb573f5
reloadAllAccessors: .Broadcast

===========================================================================================
----------------- testing Sun Mar 08 07:10:53 UTC 2020 /home/travis/build/icyphy/ptII/ptolemy/domains/modal/test/auto/BroadcastHierarchy.xml
----------------- Instantiating /home/travis/build/icyphy/ptII/ptolemy/domains/modal/test/auto/BroadcastHierarchy.xml
8 ms. Memory: 155648K Free: 53545K (34%)
----------------- Invoking toplevel() on ptolemy.moml.MoMLSimpleApplication@30e0e563
----------------- Done invoking toplevel() on ptolemy.moml.MoMLSimpleApplication@30e0e563
reloadAllAccessors: .BroadcastHierarchy

===========================================================================================
----------------- testing Sun Mar 08 07:10:53 UTC 2020 /home/travis/build/icyphy/ptII/ptolemy/domains/modal/test/auto/BroadcastHierarchy2.xml
----------------- Instantiating /home/travis/build/icyphy/ptII/ptolemy/domains/modal/test/auto/BroadcastHierarchy2.xml
23 ms. Memory: 194560K Free: 153383K (79%)
----------------- Invoking toplevel() on ptolemy.moml.MoMLSimpleApplication@4440e8bf
----------------- Done invoking toplevel() on ptolemy.moml.MoMLSimpleApplication@4440e8bf
reloadAllAccessors: .BroadcastHierarchy2

===========================================================================================
----------------- testing Sun Mar 08 07:10:53 UTC 2020 /home/travis/build/icyphy/ptII/ptolemy/domains/modal/test/auto/BroadcastHierarchy3.xml
----------------- Instantiating /home/travis/build/icyphy/ptII/ptolemy/domains/modal/test/auto/BroadcastHierarchy3.xml
14 ms. Memory: 194560K Free: 132903K (68%)
----------------- Invoking toplevel() on ptolemy.moml.MoMLSimpleApplication@b0cac26
----------------- Done invoking toplevel() on ptolemy.moml.MoMLSimpleApplication@b0cac26
reloadAllAccessors: .BroadcastHierarchy3

===========================================================================================
----------------- testing Sun Mar 08 07:10:53 UTC 2020 /home/travis/build/icyphy/ptII/ptolemy/domains/modal/test/auto/BroadcastHierarchy4.xml
----------------- Instantiating /home/travis/build/icyphy/ptII/ptolemy/domains/modal/test/auto/BroadcastHierarchy4.xml
16 ms. Memory: 194560K Free: 108841K (56%)
----------------- Invoking toplevel() on ptolemy.moml.MoMLSimpleApplication@857400b
----------------- Done invoking toplevel() on ptolemy.moml.MoMLSimpleApplication@857400b
reloadAllAccessors: .BroadcastHierarchy4

===========================================================================================
----------------- testing Sun Mar 08 07:10:53 UTC 2020 /home/travis/build/icyphy/ptII/ptolemy/domains/modal/test/auto/CannotAnalysisWithPreemption2.xml
----------------- Instantiating /home/travis/build/icyphy/ptII/ptolemy/domains/modal/test/auto/CannotAnalysisWithPreemption2.xml
4 ms. Memory: 194560K Free: 101673K (52%)
----------------- Invoking toplevel() on ptolemy.moml.MoMLSimpleApplication@11fe5122
----------------- Done invoking toplevel() on ptolemy.moml.MoMLSimpleApplication@11fe5122
reloadAllAccessors: .CannotAnalysisWithPreemption2

===========================================================================================
----------------- testing Sun Mar 08 07:10:53 UTC 2020 /home/travis/build/icyphy/ptII/ptolemy/domains/modal/test/auto/CannotAnalysisWithPreemption3.xml
----------------- Instantiating /home/travis/build/icyphy/ptII/ptolemy/domains/modal/test/auto/CannotAnalysisWithPreemption3.xml
6 ms. Memory: 194560K Free: 91433K (47%)
----------------- Invoking toplevel() on ptolemy.moml.MoMLSimpleApplication@5cb2f2b6
----------------- Done invoking toplevel() on ptolemy.moml.MoMLSimpleApplication@5cb2f2b6
reloadAllAccessors: .CannotAnalysisWithPreemption3

===========================================================================================
----------------- testing Sun Mar 08 07:10:53 UTC 2020 /home/travis/build/icyphy/ptII/ptolemy/domains/modal/test/auto/CannotProduce.xml
----------------- Instantiating /home/travis/build/icyphy/ptII/ptolemy/domains/modal/test/auto/CannotProduce.xml
6 ms. Memory: 194560K Free: 84760K (44%)
----------------- Invoking toplevel() on ptolemy.moml.MoMLSimpleApplication@24107a5
----------------- Done invoking toplevel() on ptolemy.moml.MoMLSimpleApplication@24107a5
reloadAllAccessors: .CannotProduce

===========================================================================================
----------------- testing Sun Mar 08 07:10:54 UTC 2020 /home/travis/build/icyphy/ptII/ptolemy/domains/modal/test/auto/CannotProduceModal.xml
----------------- Instantiating /home/travis/build/icyphy/ptII/ptolemy/domains/modal/test/auto/CannotProduceModal.xml
5 ms. Memory: 194560K Free: 78121K (40%)
----------------- Invoking toplevel() on ptolemy.moml.MoMLSimpleApplication@6e9ac19
----------------- Done invoking toplevel() on ptolemy.moml.MoMLSimpleApplication@6e9ac19
reloadAllAccessors: .CannotProduceModal

===========================================================================================
----------------- testing Sun Mar 08 07:10:54 UTC 2020 /home/travis/build/icyphy/ptII/ptolemy/domains/modal/test/auto/Case.xml
----------------- Instantiating /home/travis/build/icyphy/ptII/ptolemy/domains/modal/test/auto/Case.xml
17 ms. Memory: 194560K Free: 66857K (34%)
----------------- Invoking toplevel() on ptolemy.moml.MoMLSimpleApplication@643b789b
----------------- Done invoking toplevel() on ptolemy.moml.MoMLSimpleApplication@643b789b
reloadAllAccessors: .Case

===========================================================================================
----------------- testing Sun Mar 08 07:10:54 UTC 2020 /home/travis/build/icyphy/ptII/ptolemy/domains/modal/test/auto/Case1.xml
----------------- Instantiating /home/travis/build/icyphy/ptII/ptolemy/domains/modal/test/auto/Case1.xml
4 ms. Memory: 194560K Free: 171366K (88%)
----------------- Invoking toplevel() on ptolemy.moml.MoMLSimpleApplication@b364e03
----------------- Done invoking toplevel() on ptolemy.moml.MoMLSimpleApplication@b364e03
reloadAllAccessors: .Case1

===========================================================================================
----------------- testing Sun Mar 08 07:10:54 UTC 2020 /home/travis/build/icyphy/ptII/ptolemy/domains/modal/test/auto/Case2.xml
----------------- Instantiating /home/travis/build/icyphy/ptII/ptolemy/domains/modal/test/auto/Case2.xml
16 ms. Memory: 194560K Free: 160102K (82%)
----------------- Invoking toplevel() on ptolemy.moml.MoMLSimpleApplication@3c962c62
----------------- Done invoking toplevel() on ptolemy.moml.MoMLSimpleApplication@3c962c62
reloadAllAccessors: .Case2

===========================================================================================
----------------- testing Sun Mar 08 07:10:54 UTC 2020 /home/travis/build/icyphy/ptII/ptolemy/domains/modal/test/auto/CausalityInterface1.xml
----------------- Instantiating /home/travis/build/icyphy/ptII/ptolemy/domains/modal/test/auto/CausalityInterface1.xml
7 ms. Memory: 194560K Free: 154982K (80%)
----------------- Invoking toplevel() on ptolemy.moml.MoMLSimpleApplication@273388c8
----------------- Done invoking toplevel() on ptolemy.moml.MoMLSimpleApplication@273388c8
reloadAllAccessors: .CausalityInterface1

===========================================================================================
----------------- testing Sun Mar 08 07:10:54 UTC 2020 /home/travis/build/icyphy/ptII/ptolemy/domains/modal/test/auto/CausalityInterface10.xml
----------------- Instantiating /home/travis/build/icyphy/ptII/ptolemy/domains/modal/test/auto/CausalityInterface10.xml
6 ms. Memory: 194560K Free: 141670K (73%)
----------------- Invoking toplevel() on ptolemy.moml.MoMLSimpleApplication@3fb7c22f
----------------- Done invoking toplevel() on ptolemy.moml.MoMLSimpleApplication@3fb7c22f
reloadAllAccessors: .CausalityInterface10

===========================================================================================
----------------- testing Sun Mar 08 07:10:54 UTC 2020 /home/travis/build/icyphy/ptII/ptolemy/domains/modal/test/auto/CausalityInterface11.xml
----------------- Instantiating /home/travis/build/icyphy/ptII/ptolemy/domains/modal/test/auto/CausalityInterface11.xml
7 ms. Memory: 194560K Free: 128358K (66%)
----------------- Invoking toplevel() on ptolemy.moml.MoMLSimpleApplication@26db4736
----------------- Done invoking toplevel() on ptolemy.moml.MoMLSimpleApplication@26db4736
reloadAllAccessors: .CausalityInterface11

===========================================================================================
----------------- testing Sun Mar 08 07:10:54 UTC 2020 /home/travis/build/icyphy/ptII/ptolemy/domains/modal/test/auto/CausalityInterface12.xml
----------------- Instantiating /home/travis/build/icyphy/ptII/ptolemy/domains/modal/test/auto/CausalityInterface12.xml
8 ms. Memory: 194560K Free: 115046K (59%)
----------------- Invoking toplevel() on ptolemy.moml.MoMLSimpleApplication@360b3bc6
----------------- Done invoking toplevel() on ptolemy.moml.MoMLSimpleApplication@360b3bc6
reloadAllAccessors: .CausalityInterface12

===========================================================================================
----------------- testing Sun Mar 08 07:10:54 UTC 2020 /home/travis/build/icyphy/ptII/ptolemy/domains/modal/test/auto/CausalityInterface13.xml
----------------- Instantiating /home/travis/build/icyphy/ptII/ptolemy/domains/modal/test/auto/CausalityInterface13.xml
11 ms. Memory: 194560K Free: 101206K (52%)
----------------- Invoking toplevel() on ptolemy.moml.MoMLSimpleApplication@4ddc4e9c
----------------- Done invoking toplevel() on ptolemy.moml.MoMLSimpleApplication@4ddc4e9c
reloadAllAccessors: .CausalityInterface13

===========================================================================================
----------------- testing Sun Mar 08 07:10:54 UTC 2020 /home/travis/build/icyphy/ptII/ptolemy/domains/modal/test/auto/CausalityInterface14.xml
----------------- Instantiating /home/travis/build/icyphy/ptII/ptolemy/domains/modal/test/auto/CausalityInterface14.xml
7 ms. Memory: 194560K Free: 87398K (45%)
----------------- Invoking toplevel() on ptolemy.moml.MoMLSimpleApplication@106b3db2
----------------- Done invoking toplevel() on ptolemy.moml.MoMLSimpleApplication@106b3db2
reloadAllAccessors: .CausalityInterface14

===========================================================================================
----------------- testing Sun Mar 08 07:10:54 UTC 2020 /home/travis/build/icyphy/ptII/ptolemy/domains/modal/test/auto/CausalityInterface2.xml
----------------- Instantiating /home/travis/build/icyphy/ptII/ptolemy/domains/modal/test/auto/CausalityInterface2.xml
4 ms. Memory: 194560K Free: 81254K (42%)
----------------- Invoking toplevel() on ptolemy.moml.MoMLSimpleApplication@4310dddd
----------------- Done invoking toplevel() on ptolemy.moml.MoMLSimpleApplication@4310dddd
reloadAllAccessors: .CausalityInterface2

===========================================================================================
----------------- testing Sun Mar 08 07:10:54 UTC 2020 /home/travis/build/icyphy/ptII/ptolemy/domains/modal/test/auto/CausalityInterface3.xml
----------------- Instantiating /home/travis/build/icyphy/ptII/ptolemy/domains/modal/test/auto/CausalityInterface3.xml
4 ms. Memory: 194560K Free: 75110K (39%)
----------------- Invoking toplevel() on ptolemy.moml.MoMLSimpleApplication@5e58ecf4
----------------- Done invoking toplevel() on ptolemy.moml.MoMLSimpleApplication@5e58ecf4
reloadAllAccessors: .CausalityInterface3

===========================================================================================
----------------- testing Sun Mar 08 07:10:54 UTC 2020 /home/travis/build/icyphy/ptII/ptolemy/domains/modal/test/auto/CausalityInterface4.xml
----------------- Instantiating /home/travis/build/icyphy/ptII/ptolemy/domains/modal/test/auto/CausalityInterface4.xml
3 ms. Memory: 194560K Free: 68966K (35%)
----------------- Invoking toplevel() on ptolemy.moml.MoMLSimpleApplication@338a406c
----------------- Done invoking toplevel() on ptolemy.moml.MoMLSimpleApplication@338a406c
reloadAllAccessors: .CausalityInterface4

===========================================================================================
----------------- testing Sun Mar 08 07:10:54 UTC 2020 /home/travis/build/icyphy/ptII/ptolemy/domains/modal/test/auto/CausalityInterface5.xml
----------------- Instantiating /home/travis/build/icyphy/ptII/ptolemy/domains/modal/test/auto/CausalityInterface5.xml
5 ms. Memory: 194560K Free: 172329K (89%)
----------------- Invoking toplevel() on ptolemy.moml.MoMLSimpleApplication@26a3e02e
----------------- Done invoking toplevel() on ptolemy.moml.MoMLSimpleApplication@26a3e02e
reloadAllAccessors: .CausalityInterface5

===========================================================================================
----------------- testing Sun Mar 08 07:10:54 UTC 2020 /home/travis/build/icyphy/ptII/ptolemy/domains/modal/test/auto/CausalityInterface6.xml
----------------- Instantiating /home/travis/build/icyphy/ptII/ptolemy/domains/modal/test/auto/CausalityInterface6.xml
3 ms. Memory: 194560K Free: 163592K (84%)
----------------- Invoking toplevel() on ptolemy.moml.MoMLSimpleApplication@63918ac8
----------------- Done invoking toplevel() on ptolemy.moml.MoMLSimpleApplication@63918ac8
reloadAllAccessors: .CausalityInterface6

===========================================================================================
----------------- testing Sun Mar 08 07:10:54 UTC 2020 /home/travis/build/icyphy/ptII/ptolemy/domains/modal/test/auto/CausalityInterface7.xml
----------------- Instantiating /home/travis/build/icyphy/ptII/ptolemy/domains/modal/test/auto/CausalityInterface7.xml
3 ms. Memory: 194560K Free: 155400K (80%)
----------------- Invoking toplevel() on ptolemy.moml.MoMLSimpleApplication@6e29b3ae
----------------- Done invoking toplevel() on ptolemy.moml.MoMLSimpleApplication@6e29b3ae
reloadAllAccessors: .CausalityInterface7

===========================================================================================
----------------- testing Sun Mar 08 07:10:54 UTC 2020 /home/travis/build/icyphy/ptII/ptolemy/domains/modal/test/auto/CausalityInterface8.xml
----------------- Instantiating /home/travis/build/icyphy/ptII/ptolemy/domains/modal/test/auto/CausalityInterface8.xml
4 ms. Memory: 194560K Free: 146729K (75%)
----------------- Invoking toplevel() on ptolemy.moml.MoMLSimpleApplication@7b52fead
----------------- Done invoking toplevel() on ptolemy.moml.MoMLSimpleApplication@7b52fead
reloadAllAccessors: .CausalityInterface8

===========================================================================================
----------------- testing Sun Mar 08 07:10:54 UTC 2020 /home/travis/build/icyphy/ptII/ptolemy/domains/modal/test/auto/CausalityInterface9.xml
----------------- Instantiating /home/travis/build/icyphy/ptII/ptolemy/domains/modal/test/auto/CausalityInterface9.xml
6 ms. Memory: 194560K Free: 137513K (71%)
----------------- Invoking toplevel() on ptolemy.moml.MoMLSimpleApplication@2171b7a4
----------------- Done invoking toplevel() on ptolemy.moml.MoMLSimpleApplication@2171b7a4
reloadAllAccessors: .CausalityInterface9

===========================================================================================
----------------- testing Sun Mar 08 07:10:54 UTC 2020 /home/travis/build/icyphy/ptII/ptolemy/domains/modal/test/auto/ChainedTransitions.xml
----------------- Instantiating /home/travis/build/icyphy/ptII/ptolemy/domains/modal/test/auto/ChainedTransitions.xml
96 ms. Memory: 194560K Free: 112937K (58%)
----------------- Invoking toplevel() on ptolemy.moml.MoMLSimpleApplication@63d1512e
----------------- Done invoking toplevel() on ptolemy.moml.MoMLSimpleApplication@63d1512e
reloadAllAccessors: .ChainedTransitions

===========================================================================================
----------------- testing Sun Mar 08 07:10:54 UTC 2020 /home/travis/build/icyphy/ptII/ptolemy/domains/modal/test/auto/CycleOfImmediateTransitionsFSM.xml
----------------- Instantiating /home/travis/build/icyphy/ptII/ptolemy/domains/modal/test/auto/CycleOfImmediateTransitionsFSM.xml
5 ms. Memory: 194560K Free: 106793K (55%)
----------------- Invoking toplevel() on ptolemy.moml.MoMLSimpleApplication@561188db
----------------- Done invoking toplevel() on ptolemy.moml.MoMLSimpleApplication@561188db
reloadAllAccessors: .CycleOfImmediateTransitionsFSM

===========================================================================================
----------------- testing Sun Mar 08 07:10:54 UTC 2020 /home/travis/build/icyphy/ptII/ptolemy/domains/modal/test/auto/CycleOfImmediateTransitionsModal.xml
----------------- Instantiating /home/travis/build/icyphy/ptII/ptolemy/domains/modal/test/auto/CycleOfImmediateTransitionsModal.xml
3 ms. Memory: 194560K Free: 100649K (52%)
----------------- Invoking toplevel() on ptolemy.moml.MoMLSimpleApplication@49d84980
----------------- Done invoking toplevel() on ptolemy.moml.MoMLSimpleApplication@49d84980
reloadAllAccessors: .CycleOfImmediateTransitionsModal

===========================================================================================
----------------- testing Sun Mar 08 07:10:54 UTC 2020 /home/travis/build/icyphy/ptII/ptolemy/domains/modal/test/auto/CycleOfImmediateTransitionsModal2.xml
----------------- Instantiating /home/travis/build/icyphy/ptII/ptolemy/domains/modal/test/auto/CycleOfImmediateTransitionsModal2.xml
3 ms. Memory: 194560K Free: 93991K (48%)
----------------- Invoking toplevel() on ptolemy.moml.MoMLSimpleApplication@4f16cc08
----------------- Done invoking toplevel() on ptolemy.moml.MoMLSimpleApplication@4f16cc08
reloadAllAccessors: .CycleOfImmediateTransitionsModal2

===========================================================================================
----------------- testing Sun Mar 08 07:10:54 UTC 2020 /home/travis/build/icyphy/ptII/ptolemy/domains/modal/test/auto/CycleOfImmediateTransitionsModal3.xml
----------------- Instantiating /home/travis/build/icyphy/ptII/ptolemy/domains/modal/test/auto/CycleOfImmediateTransitionsModal3.xml
9 ms. Memory: 194560K Free: 71448K (37%)
----------------- Invoking toplevel() on ptolemy.moml.MoMLSimpleApplication@1f6428f4
----------------- Done invoking toplevel() on ptolemy.moml.MoMLSimpleApplication@1f6428f4
reloadAllAccessors: .CycleOfImmediateTransitionsModal3

===========================================================================================
----------------- testing Sun Mar 08 07:10:54 UTC 2020 /home/travis/build/icyphy/ptII/ptolemy/domains/modal/test/auto/DeepModal1.xml
----------------- Instantiating /home/travis/build/icyphy/ptII/ptolemy/domains/modal/test/auto/DeepModal1.xml
30 ms. Memory: 194560K Free: 169351K (87%)
----------------- Invoking toplevel() on ptolemy.moml.MoMLSimpleApplication@214077e3
----------------- Done invoking toplevel() on ptolemy.moml.MoMLSimpleApplication@214077e3
reloadAllAccessors: .DeepModal1

===========================================================================================
----------------- testing Sun Mar 08 07:10:55 UTC 2020 /home/travis/build/icyphy/ptII/ptolemy/domains/modal/test/auto/DeepModal2.xml
----------------- Instantiating /home/travis/build/icyphy/ptII/ptolemy/domains/modal/test/auto/DeepModal2.xml
26 ms. Memory: 194560K Free: 150405K (77%)
----------------- Invoking toplevel() on ptolemy.moml.MoMLSimpleApplication@2b57c483
----------------- Done invoking toplevel() on ptolemy.moml.MoMLSimpleApplication@2b57c483
reloadAllAccessors: .DeepModal2

===========================================================================================
----------------- testing Sun Mar 08 07:10:55 UTC 2020 /home/travis/build/icyphy/ptII/ptolemy/domains/modal/test/auto/DeepModal3.xml
----------------- Instantiating /home/travis/build/icyphy/ptII/ptolemy/domains/modal/test/auto/DeepModal3.xml
24 ms. Memory: 194560K Free: 130935K (67%)
----------------- Invoking toplevel() on ptolemy.moml.MoMLSimpleApplication@bcd7953
----------------- Done invoking toplevel() on ptolemy.moml.MoMLSimpleApplication@bcd7953
reloadAllAccessors: .DeepModal3

===========================================================================================
----------------- testing Sun Mar 08 07:10:55 UTC 2020 /home/travis/build/icyphy/ptII/ptolemy/domains/modal/test/auto/DeepModal4.xml
----------------- Instantiating /home/travis/build/icyphy/ptII/ptolemy/domains/modal/test/auto/DeepModal4.xml
30 ms. Memory: 194560K Free: 111479K (57%)
----------------- Invoking toplevel() on ptolemy.moml.MoMLSimpleApplication@b0423df
----------------- Done invoking toplevel() on ptolemy.moml.MoMLSimpleApplication@b0423df
reloadAllAccessors: .DeepModal4

===========================================================================================
----------------- testing Sun Mar 08 07:10:55 UTC 2020 /home/travis/build/icyphy/ptII/ptolemy/domains/modal/test/auto/Default1.xml
----------------- Instantiating /home/travis/build/icyphy/ptII/ptolemy/domains/modal/test/auto/Default1.xml
4 ms. Memory: 194560K Free: 105349K (54%)
----------------- Invoking toplevel() on ptolemy.moml.MoMLSimpleApplication@6a8d3464
----------------- Done invoking toplevel() on ptolemy.moml.MoMLSimpleApplication@6a8d3464
reloadAllAccessors: .Default1

===========================================================================================
----------------- testing Sun Mar 08 07:10:55 UTC 2020 /home/travis/build/icyphy/ptII/ptolemy/domains/modal/test/auto/Default2.xml
----------------- Instantiating /home/travis/build/icyphy/ptII/ptolemy/domains/modal/test/auto/Default2.xml
8 ms. Memory: 194560K Free: 99717K (51%)
----------------- Invoking toplevel() on ptolemy.moml.MoMLSimpleApplication@5f7a60fa
----------------- Done invoking toplevel() on ptolemy.moml.MoMLSimpleApplication@5f7a60fa
reloadAllAccessors: .Default2

===========================================================================================
----------------- testing Sun Mar 08 07:10:55 UTC 2020 /home/travis/build/icyphy/ptII/ptolemy/domains/modal/test/auto/Default3.xml
----------------- Instantiating /home/travis/build/icyphy/ptII/ptolemy/domains/modal/test/auto/Default3.xml
3 ms. Memory: 194560K Free: 93061K (48%)
----------------- Invoking toplevel() on ptolemy.moml.MoMLSimpleApplication@71d6ac47
----------------- Done invoking toplevel() on ptolemy.moml.MoMLSimpleApplication@71d6ac47
reloadAllAccessors: .Default3

===========================================================================================
----------------- testing Sun Mar 08 07:10:55 UTC 2020 /home/travis/build/icyphy/ptII/ptolemy/domains/modal/test/auto/Default4.xml
----------------- Instantiating /home/travis/build/icyphy/ptII/ptolemy/domains/modal/test/auto/Default4.xml
2 ms. Memory: 194560K Free: 86917K (45%)
----------------- Invoking toplevel() on ptolemy.moml.MoMLSimpleApplication@5a7d1bfc
----------------- Done invoking toplevel() on ptolemy.moml.MoMLSimpleApplication@5a7d1bfc
reloadAllAccessors: .Default4

===========================================================================================
----------------- testing Sun Mar 08 07:10:55 UTC 2020 /home/travis/build/icyphy/ptII/ptolemy/domains/modal/test/auto/Default5.xml
----------------- Instantiating /home/travis/build/icyphy/ptII/ptolemy/domains/modal/test/auto/Default5.xml
7 ms. Memory: 194560K Free: 78725K (40%)
----------------- Invoking toplevel() on ptolemy.moml.MoMLSimpleApplication@27b0753
----------------- Done invoking toplevel() on ptolemy.moml.MoMLSimpleApplication@27b0753
reloadAllAccessors: .Default5

===========================================================================================
----------------- testing Sun Mar 08 07:10:55 UTC 2020 /home/travis/build/icyphy/ptII/ptolemy/domains/modal/test/auto/EmptyGuard.xml
----------------- Instantiating /home/travis/build/icyphy/ptII/ptolemy/domains/modal/test/auto/EmptyGuard.xml
13 ms. Memory: 194560K Free: 71047K (37%)
----------------- Invoking toplevel() on ptolemy.moml.MoMLSimpleApplication@33dff8fc
----------------- Done invoking toplevel() on ptolemy.moml.MoMLSimpleApplication@33dff8fc
reloadAllAccessors: .EmptyGuard

===========================================================================================
----------------- testing Sun Mar 08 07:10:55 UTC 2020 /home/travis/build/icyphy/ptII/ptolemy/domains/modal/test/auto/ErrorTransition1.xml
----------------- Instantiating /home/travis/build/icyphy/ptII/ptolemy/domains/modal/test/auto/ErrorTransition1.xml
13 ms. Memory: 238592K Free: 217949K (91%)
----------------- Invoking toplevel() on ptolemy.moml.MoMLSimpleApplication@57c21715
----------------- Done invoking toplevel() on ptolemy.moml.MoMLSimpleApplication@57c21715
reloadAllAccessors: .ErrorTransition1

===========================================================================================
----------------- testing Sun Mar 08 07:10:55 UTC 2020 /home/travis/build/icyphy/ptII/ptolemy/domains/modal/test/auto/ErrorTransition10.xml
----------------- Instantiating /home/travis/build/icyphy/ptII/ptolemy/domains/modal/test/auto/ErrorTransition10.xml
10 ms. Memory: 238592K Free: 204139K (86%)
----------------- Invoking toplevel() on ptolemy.moml.MoMLSimpleApplication@7e2c7c75
----------------- Done invoking toplevel() on ptolemy.moml.MoMLSimpleApplication@7e2c7c75
reloadAllAccessors: .ErrorTransition10

===========================================================================================
----------------- testing Sun Mar 08 07:10:55 UTC 2020 /home/travis/build/icyphy/ptII/ptolemy/domains/modal/test/auto/ErrorTransition11.xml
----------------- Instantiating /home/travis/build/icyphy/ptII/ptolemy/domains/modal/test/auto/ErrorTransition11.xml
5 ms. Memory: 238592K Free: 192875K (81%)
----------------- Invoking toplevel() on ptolemy.moml.MoMLSimpleApplication@2cf020f7
----------------- Done invoking toplevel() on ptolemy.moml.MoMLSimpleApplication@2cf020f7
reloadAllAccessors: .ErrorTransition11

===========================================================================================
----------------- testing Sun Mar 08 07:10:55 UTC 2020 /home/travis/build/icyphy/ptII/ptolemy/domains/modal/test/auto/ErrorTransition2.xml
----------------- Instantiating /home/travis/build/icyphy/ptII/ptolemy/domains/modal/test/auto/ErrorTransition2.xml
9 ms. Memory: 238592K Free: 184169K (77%)
----------------- Invoking toplevel() on ptolemy.moml.MoMLSimpleApplication@7f87915e
----------------- Done invoking toplevel() on ptolemy.moml.MoMLSimpleApplication@7f87915e
reloadAllAccessors: .ErrorTransition2

===========================================================================================
----------------- testing Sun Mar 08 07:10:55 UTC 2020 /home/travis/build/icyphy/ptII/ptolemy/domains/modal/test/auto/ErrorTransition3.xml
----------------- Instantiating /home/travis/build/icyphy/ptII/ptolemy/domains/modal/test/auto/ErrorTransition3.xml
25 ms. Memory: 238592K Free: 174443K (73%)
----------------- Invoking toplevel() on ptolemy.moml.MoMLSimpleApplication@388f8562
----------------- Done invoking toplevel() on ptolemy.moml.MoMLSimpleApplication@388f8562
reloadAllAccessors: .ErrorTransition3

===========================================================================================
----------------- testing Sun Mar 08 07:10:55 UTC 2020 /home/travis/build/icyphy/ptII/ptolemy/domains/modal/test/auto/ErrorTransition4.xml
----------------- Instantiating /home/travis/build/icyphy/ptII/ptolemy/domains/modal/test/auto/ErrorTransition4.xml
12 ms. Memory: 238592K Free: 163179K (68%)
----------------- Invoking toplevel() on ptolemy.moml.MoMLSimpleApplication@1cba801e
----------------- Done invoking toplevel() on ptolemy.moml.MoMLSimpleApplication@1cba801e
reloadAllAccessors: .ErrorTransition4

===========================================================================================
----------------- testing Sun Mar 08 07:10:55 UTC 2020 /home/travis/build/icyphy/ptII/ptolemy/domains/modal/test/auto/ErrorTransition5.xml
----------------- Instantiating /home/travis/build/icyphy/ptII/ptolemy/domains/modal/test/auto/ErrorTransition5.xml
6 ms. Memory: 238592K Free: 152939K (64%)
----------------- Invoking toplevel() on ptolemy.moml.MoMLSimpleApplication@37b08aea
----------------- Done invoking toplevel() on ptolemy.moml.MoMLSimpleApplication@37b08aea
reloadAllAccessors: .ErrorTransition5

===========================================================================================
----------------- testing Sun Mar 08 07:10:55 UTC 2020 /home/travis/build/icyphy/ptII/ptolemy/domains/modal/test/auto/ErrorTransition6.xml
----------------- Instantiating /home/travis/build/icyphy/ptII/ptolemy/domains/modal/test/auto/ErrorTransition6.xml
8 ms. Memory: 238592K Free: 142185K (60%)
----------------- Invoking toplevel() on ptolemy.moml.MoMLSimpleApplication@7ced4fd
----------------- Done invoking toplevel() on ptolemy.moml.MoMLSimpleApplication@7ced4fd
reloadAllAccessors: .ErrorTransition6

===========================================================================================
----------------- testing Sun Mar 08 07:10:55 UTC 2020 /home/travis/build/icyphy/ptII/ptolemy/domains/modal/test/auto/ErrorTransition7.xml
----------------- Instantiating /home/travis/build/icyphy/ptII/ptolemy/domains/modal/test/auto/ErrorTransition7.xml
16 ms. Memory: 238592K Free: 129387K (54%)
----------------- Invoking toplevel() on ptolemy.moml.MoMLSimpleApplication@2ea57d0a
----------------- Done invoking toplevel() on ptolemy.moml.MoMLSimpleApplication@2ea57d0a
reloadAllAccessors: .ErrorTransition7

===========================================================================================
----------------- testing Sun Mar 08 07:10:55 UTC 2020 /home/travis/build/icyphy/ptII/ptolemy/domains/modal/test/auto/ErrorTransition8.xml
----------------- Instantiating /home/travis/build/icyphy/ptII/ptolemy/domains/modal/test/auto/ErrorTransition8.xml
35 ms. Memory: 238592K Free: 116075K (49%)
----------------- Invoking toplevel() on ptolemy.moml.MoMLSimpleApplication@53d8a7cb
----------------- Done invoking toplevel() on ptolemy.moml.MoMLSimpleApplication@53d8a7cb
reloadAllAccessors: .ErrorTransition8

===========================================================================================
----------------- testing Sun Mar 08 07:10:55 UTC 2020 /home/travis/build/icyphy/ptII/ptolemy/domains/modal/test/auto/ErrorTransition9.xml
----------------- Instantiating /home/travis/build/icyphy/ptII/ptolemy/domains/modal/test/auto/ErrorTransition9.xml
15 ms. Memory: 238592K Free: 102763K (43%)
----------------- Invoking toplevel() on ptolemy.moml.MoMLSimpleApplication@6ec9ceb8
----------------- Done invoking toplevel() on ptolemy.moml.MoMLSimpleApplication@6ec9ceb8
reloadAllAccessors: .ErrorTransition9

===========================================================================================
----------------- testing Sun Mar 08 07:10:55 UTC 2020 /home/travis/build/icyphy/ptII/ptolemy/domains/modal/test/auto/ExtendedFSM.xml
----------------- Instantiating /home/travis/build/icyphy/ptII/ptolemy/domains/modal/test/auto/ExtendedFSM.xml
6 ms. Memory: 238592K Free: 94043K (39%)
----------------- Invoking toplevel() on ptolemy.moml.MoMLSimpleApplication@77ed3644
----------------- Done invoking toplevel() on ptolemy.moml.MoMLSimpleApplication@77ed3644
reloadAllAccessors: .ExtendedFSM

===========================================================================================
----------------- testing Sun Mar 08 07:10:55 UTC 2020 /home/travis/build/icyphy/ptII/ptolemy/domains/modal/test/auto/FinalStates.xml
----------------- Instantiating /home/travis/build/icyphy/ptII/ptolemy/domains/modal/test/auto/FinalStates.xml
5 ms. Memory: 238592K Free: 85835K (36%)
----------------- Invoking toplevel() on ptolemy.moml.MoMLSimpleApplication@1bee2d3e
----------------- Done invoking toplevel() on ptolemy.moml.MoMLSimpleApplication@1bee2d3e
reloadAllAccessors: .FinalStates

===========================================================================================
----------------- testing Sun Mar 08 07:10:55 UTC 2020 /home/travis/build/icyphy/ptII/ptolemy/domains/modal/test/auto/FixedPointFSM.xml
----------------- Instantiating /home/travis/build/icyphy/ptII/ptolemy/domains/modal/test/auto/FixedPointFSM.xml
26 ms. Memory: 238592K Free: 207700K (87%)
----------------- Invoking toplevel() on ptolemy.moml.MoMLSimpleApplication@56508d98
----------------- Done invoking toplevel() on ptolemy.moml.MoMLSimpleApplication@56508d98
reloadAllAccessors: .FixedPointFSM

===========================================================================================
----------------- testing Sun Mar 08 07:10:55 UTC 2020 /home/travis/build/icyphy/ptII/ptolemy/domains/modal/test/auto/FixedPointIterationFSMActor.xml
----------------- Instantiating /home/travis/build/icyphy/ptII/ptolemy/domains/modal/test/auto/FixedPointIterationFSMActor.xml
7 ms. Memory: 238592K Free: 197460K (83%)
----------------- Invoking toplevel() on ptolemy.moml.MoMLSimpleApplication@32be848a
----------------- Done invoking toplevel() on ptolemy.moml.MoMLSimpleApplication@32be848a
reloadAllAccessors: .FixedPointIterationFSMActor

===========================================================================================
----------------- testing Sun Mar 08 07:10:55 UTC 2020 /home/travis/build/icyphy/ptII/ptolemy/domains/modal/test/auto/FixedPointIterationFSMActor2.xml
----------------- Instantiating /home/travis/build/icyphy/ptII/ptolemy/domains/modal/test/auto/FixedPointIterationFSMActor2.xml
13 ms. Memory: 238592K Free: 185172K (78%)
----------------- Invoking toplevel() on ptolemy.moml.MoMLSimpleApplication@4e2b459d
----------------- Done invoking toplevel() on ptolemy.moml.MoMLSimpleApplication@4e2b459d
reloadAllAccessors: .FixedPointIterationFSMActor2

===========================================================================================
----------------- testing Sun Mar 08 07:10:55 UTC 2020 /home/travis/build/icyphy/ptII/ptolemy/domains/modal/test/auto/ForbiddenInstantanousLoop.xml
----------------- Instantiating /home/travis/build/icyphy/ptII/ptolemy/domains/modal/test/auto/ForbiddenInstantanousLoop.xml
6 ms. Memory: 238592K Free: 172884K (72%)
----------------- Invoking toplevel() on ptolemy.moml.MoMLSimpleApplication@3133de1
----------------- Done invoking toplevel() on ptolemy.moml.MoMLSimpleApplication@3133de1
reloadAllAccessors: .ForbiddenInstantanousLoop

===========================================================================================
----------------- testing Sun Mar 08 07:10:56 UTC 2020 /home/travis/build/icyphy/ptII/ptolemy/domains/modal/test/auto/FunctionDependencyOfFSMActorTest.xml
----------------- Instantiating /home/travis/build/icyphy/ptII/ptolemy/domains/modal/test/auto/FunctionDependencyOfFSMActorTest.xml
12 ms. Memory: 238592K Free: 165716K (69%)
----------------- Invoking toplevel() on ptolemy.moml.MoMLSimpleApplication@34e46665
----------------- Done invoking toplevel() on ptolemy.moml.MoMLSimpleApplication@34e46665
reloadAllAccessors: .FunctionDependencyOfFSMActorTest

===========================================================================================
----------------- testing Sun Mar 08 07:10:56 UTC 2020 /home/travis/build/icyphy/ptII/ptolemy/domains/modal/test/auto/GuardExpression.xml
----------------- Instantiating /home/travis/build/icyphy/ptII/ptolemy/domains/modal/test/auto/GuardExpression.xml
2 ms. Memory: 238592K Free: 160596K (67%)
----------------- Invoking toplevel() on ptolemy.moml.MoMLSimpleApplication@6472a45
----------------- Done invoking toplevel() on ptolemy.moml.MoMLSimpleApplication@6472a45
reloadAllAccessors: .GuardExpression

===========================================================================================
----------------- testing Sun Mar 08 07:10:56 UTC 2020 /home/travis/build/icyphy/ptII/ptolemy/domains/modal/test/auto/GuardNotEvaluated.xml
----------------- Instantiating /home/travis/build/icyphy/ptII/ptolemy/domains/modal/test/auto/GuardNotEvaluated.xml
6 ms. Memory: 238592K Free: 151876K (64%)
----------------- Invoking toplevel() on ptolemy.moml.MoMLSimpleApplication@7268a60e
----------------- Done invoking toplevel() on ptolemy.moml.MoMLSimpleApplication@7268a60e
reloadAllAccessors: .GuardNotEvaluated

===========================================================================================
----------------- testing Sun Mar 08 07:10:56 UTC 2020 /home/travis/build/icyphy/ptII/ptolemy/domains/modal/test/auto/GuardNotEvaluated2.xml
----------------- Instantiating /home/travis/build/icyphy/ptII/ptolemy/domains/modal/test/auto/GuardNotEvaluated2.xml
7 ms. Memory: 238592K Free: 142164K (60%)
----------------- Invoking toplevel() on ptolemy.moml.MoMLSimpleApplication@617c822a
----------------- Done invoking toplevel() on ptolemy.moml.MoMLSimpleApplication@617c822a
reloadAllAccessors: .GuardNotEvaluated2

===========================================================================================
----------------- testing Sun Mar 08 07:10:56 UTC 2020 /home/travis/build/icyphy/ptII/ptolemy/domains/modal/test/auto/GuardOnAbsent.xml
----------------- Instantiating /home/travis/build/icyphy/ptII/ptolemy/domains/modal/test/auto/GuardOnAbsent.xml
9 ms. Memory: 238592K Free: 134452K (56%)
----------------- Invoking toplevel() on ptolemy.moml.MoMLSimpleApplication@2753b3bb
----------------- Done invoking toplevel() on ptolemy.moml.MoMLSimpleApplication@2753b3bb
reloadAllAccessors: .GuardOnAbsent

===========================================================================================
----------------- testing Sun Mar 08 07:10:56 UTC 2020 /home/travis/build/icyphy/ptII/ptolemy/domains/modal/test/auto/HierarchicalFSMTypeInference.xml
----------------- Instantiating /home/travis/build/icyphy/ptII/ptolemy/domains/modal/test/auto/HierarchicalFSMTypeInference.xml
4 ms. Memory: 238592K Free: 123732K (52%)
----------------- Invoking toplevel() on ptolemy.moml.MoMLSimpleApplication@53bad188
----------------- Done invoking toplevel() on ptolemy.moml.MoMLSimpleApplication@53bad188
reloadAllAccessors: .HierarchicalFSMTypeInference

===========================================================================================
----------------- testing Sun Mar 08 07:10:56 UTC 2020 /home/travis/build/icyphy/ptII/ptolemy/domains/modal/test/auto/Hysteresis.xml
----------------- Instantiating /home/travis/build/icyphy/ptII/ptolemy/domains/modal/test/auto/Hysteresis.xml
13 ms. Memory: 238592K Free: 110420K (46%)
----------------- Invoking toplevel() on ptolemy.moml.MoMLSimpleApplication@6a63d9a3
----------------- Done invoking toplevel() on ptolemy.moml.MoMLSimpleApplication@6a63d9a3
reloadAllAccessors: .Hysteresis

===========================================================================================
----------------- testing Sun Mar 08 07:10:56 UTC 2020 /home/travis/build/icyphy/ptII/ptolemy/domains/modal/test/auto/HysteresisWithDefault.xml
----------------- Instantiating /home/travis/build/icyphy/ptII/ptolemy/domains/modal/test/auto/HysteresisWithDefault.xml
34 ms. Memory: 238592K Free: 86868K (36%)
----------------- Invoking toplevel() on ptolemy.moml.MoMLSimpleApplication@21ecb83a
----------------- Done invoking toplevel() on ptolemy.moml.MoMLSimpleApplication@21ecb83a
reloadAllAccessors: .HysteresisWithDefault

===========================================================================================
----------------- testing Sun Mar 08 07:10:56 UTC 2020 /home/travis/build/icyphy/ptII/ptolemy/domains/modal/test/auto/HysteresisWithDefault2.xml
----------------- Instantiating /home/travis/build/icyphy/ptII/ptolemy/domains/modal/test/auto/HysteresisWithDefault2.xml
42 ms. Memory: 238592K Free: 193320K (81%)
----------------- Invoking toplevel() on ptolemy.moml.MoMLSimpleApplication@5c916dd6
----------------- Done invoking toplevel() on ptolemy.moml.MoMLSimpleApplication@5c916dd6
reloadAllAccessors: .HysteresisWithDefault2

===========================================================================================
----------------- testing Sun Mar 08 07:10:56 UTC 2020 /home/travis/build/icyphy/ptII/ptolemy/domains/modal/test/auto/ImmediateNonConstructiveness.xml
----------------- Instantiating /home/travis/build/icyphy/ptII/ptolemy/domains/modal/test/auto/ImmediateNonConstructiveness.xml
3 ms. Memory: 238592K Free: 186154K (78%)
----------------- Invoking toplevel() on ptolemy.moml.MoMLSimpleApplication@2f48b8dc
----------------- Done invoking toplevel() on ptolemy.moml.MoMLSimpleApplication@2f48b8dc
reloadAllAccessors: .ImmediateNonConstructiveness

===========================================================================================
----------------- testing Sun Mar 08 07:10:56 UTC 2020 /home/travis/build/icyphy/ptII/ptolemy/domains/modal/test/auto/ImmediateNonConstructiveness2.xml
----------------- Instantiating /home/travis/build/icyphy/ptII/ptolemy/domains/modal/test/auto/ImmediateNonConstructiveness2.xml
2 ms. Memory: 238592K Free: 179496K (75%)
----------------- Invoking toplevel() on ptolemy.moml.MoMLSimpleApplication@348f0f54
----------------- Done invoking toplevel() on ptolemy.moml.MoMLSimpleApplication@348f0f54
reloadAllAccessors: .ImmediateNonConstructiveness2

===========================================================================================
----------------- testing Sun Mar 08 07:10:56 UTC 2020 /home/travis/build/icyphy/ptII/ptolemy/domains/modal/test/auto/ImmediateTransitionReset.xml
----------------- Instantiating /home/travis/build/icyphy/ptII/ptolemy/domains/modal/test/auto/ImmediateTransitionReset.xml
7 ms. Memory: 238592K Free: 167722K (70%)
----------------- Invoking toplevel() on ptolemy.moml.MoMLSimpleApplication@710c0378
----------------- Done invoking toplevel() on ptolemy.moml.MoMLSimpleApplication@710c0378
reloadAllAccessors: .ImmediateTransitionReset

===========================================================================================
----------------- testing Sun Mar 08 07:10:56 UTC 2020 /home/travis/build/icyphy/ptII/ptolemy/domains/modal/test/auto/ImmediateTransitions1.xml
----------------- Instantiating /home/travis/build/icyphy/ptII/ptolemy/domains/modal/test/auto/ImmediateTransitions1.xml
1 ms. Memory: 238592K Free: 162602K (68%)
----------------- Invoking toplevel() on ptolemy.moml.MoMLSimpleApplication@477608a6
----------------- Done invoking toplevel() on ptolemy.moml.MoMLSimpleApplication@477608a6
reloadAllAccessors: .ImmediateTransitions1

===========================================================================================
----------------- testing Sun Mar 08 07:10:56 UTC 2020 /home/travis/build/icyphy/ptII/ptolemy/domains/modal/test/auto/ImmediateTransitionsInstantaneousCommunication.xml
----------------- Instantiating /home/travis/build/icyphy/ptII/ptolemy/domains/modal/test/auto/ImmediateTransitionsInstantaneousCommunication.xml
4 ms. Memory: 238592K Free: 150314K (63%)
----------------- Invoking toplevel() on ptolemy.moml.MoMLSimpleApplication@104d7b6a
----------------- Done invoking toplevel() on ptolemy.moml.MoMLSimpleApplication@104d7b6a
reloadAllAccessors: .ImmediateTransitionsInstantaneousCommunication

===========================================================================================
----------------- testing Sun Mar 08 07:10:56 UTC 2020 /home/travis/build/icyphy/ptII/ptolemy/domains/modal/test/auto/InitialImmediateTransition.xml
----------------- Instantiating /home/travis/build/icyphy/ptII/ptolemy/domains/modal/test/auto/InitialImmediateTransition.xml
3 ms. Memory: 238592K Free: 143146K (60%)
----------------- Invoking toplevel() on ptolemy.moml.MoMLSimpleApplication@611c8502
----------------- Done invoking toplevel() on ptolemy.moml.MoMLSimpleApplication@611c8502
reloadAllAccessors: .InitialImmediateTransition

===========================================================================================
----------------- testing Sun Mar 08 07:10:56 UTC 2020 /home/travis/build/icyphy/ptII/ptolemy/domains/modal/test/auto/InitialOutputs.xml
----------------- Instantiating /home/travis/build/icyphy/ptII/ptolemy/domains/modal/test/auto/InitialOutputs.xml
3 ms. Memory: 238592K Free: 136474K (57%)
----------------- Invoking toplevel() on ptolemy.moml.MoMLSimpleApplication@27720a69
----------------- Done invoking toplevel() on ptolemy.moml.MoMLSimpleApplication@27720a69
reloadAllAccessors: .InitialOutputs

===========================================================================================
----------------- testing Sun Mar 08 07:10:56 UTC 2020 /home/travis/build/icyphy/ptII/ptolemy/domains/modal/test/auto/InitialStateTransition1.xml
----------------- Instantiating /home/travis/build/icyphy/ptII/ptolemy/domains/modal/test/auto/InitialStateTransition1.xml
3 ms. Memory: 238592K Free: 129320K (54%)
----------------- Invoking toplevel() on ptolemy.moml.MoMLSimpleApplication@d471768
----------------- Done invoking toplevel() on ptolemy.moml.MoMLSimpleApplication@d471768
reloadAllAccessors: .InitialStateTransition1

===========================================================================================
----------------- testing Sun Mar 08 07:10:56 UTC 2020 /home/travis/build/icyphy/ptII/ptolemy/domains/modal/test/auto/InitialStateTransition2.xml
----------------- Instantiating /home/travis/build/icyphy/ptII/ptolemy/domains/modal/test/auto/InitialStateTransition2.xml
.InitialStateTransition2.TestExceptionAttributeNonConstructive: initialize() was not invoked, but wrapup() was.  This is unusual, but not always a problem.  For example, exporting JNLP will do this.
3 ms. Memory: 238592K Free: 121642K (51%)
----------------- Invoking toplevel() on ptolemy.moml.MoMLSimpleApplication@5dc1ecd5
----------------- Done invoking toplevel() on ptolemy.moml.MoMLSimpleApplication@5dc1ecd5
reloadAllAccessors: .InitialStateTransition2

===========================================================================================
----------------- testing Sun Mar 08 07:10:56 UTC 2020 /home/travis/build/icyphy/ptII/ptolemy/domains/modal/test/auto/InitialStateTransition3.xml
----------------- Instantiating /home/travis/build/icyphy/ptII/ptolemy/domains/modal/test/auto/InitialStateTransition3.xml
4 ms. Memory: 238592K Free: 112936K (47%)
----------------- Invoking toplevel() on ptolemy.moml.MoMLSimpleApplication@26e524d1
----------------- Done invoking toplevel() on ptolemy.moml.MoMLSimpleApplication@26e524d1
reloadAllAccessors: .InitialStateTransition3

===========================================================================================
----------------- testing Sun Mar 08 07:10:56 UTC 2020 /home/travis/build/icyphy/ptII/ptolemy/domains/modal/test/auto/InitialStateTransition4.xml
----------------- Instantiating /home/travis/build/icyphy/ptII/ptolemy/domains/modal/test/auto/InitialStateTransition4.xml
3 ms. Memory: 238592K Free: 103210K (43%)
----------------- Invoking toplevel() on ptolemy.moml.MoMLSimpleApplication@15cbce0d
----------------- Done invoking toplevel() on ptolemy.moml.MoMLSimpleApplication@15cbce0d
[...]
reloadAllAccessors: .TerminationTransition3

===========================================================================================
----------------- testing Sun Mar 08 07:10:58 UTC 2020 /home/travis/build/icyphy/ptII/ptolemy/domains/modal/test/auto/TerminationTransition4.xml
----------------- Instantiating /home/travis/build/icyphy/ptII/ptolemy/domains/modal/test/auto/TerminationTransition4.xml
6 ms. Memory: 289792K Free: 174854K (60%)
----------------- Invoking toplevel() on ptolemy.moml.MoMLSimpleApplication@43cbe218
----------------- Done invoking toplevel() on ptolemy.moml.MoMLSimpleApplication@43cbe218
reloadAllAccessors: .TerminationTransition4

===========================================================================================
----------------- testing Sun Mar 08 07:10:58 UTC 2020 /home/travis/build/icyphy/ptII/ptolemy/domains/modal/test/auto/TerminationTransition5.xml
----------------- Instantiating /home/travis/build/icyphy/ptII/ptolemy/domains/modal/test/auto/TerminationTransition5.xml
3 ms. Memory: 289792K Free: 161032K (56%)
----------------- Invoking toplevel() on ptolemy.moml.MoMLSimpleApplication@a4ef2a0
----------------- Done invoking toplevel() on ptolemy.moml.MoMLSimpleApplication@a4ef2a0
reloadAllAccessors: .TerminationTransition5

===========================================================================================
----------------- testing Sun Mar 08 07:10:58 UTC 2020 /home/travis/build/icyphy/ptII/ptolemy/domains/modal/test/auto/TerminationTransition6.xml
----------------- Instantiating /home/travis/build/icyphy/ptII/ptolemy/domains/modal/test/auto/TerminationTransition6.xml
1 ms. Memory: 289792K Free: 152840K (53%)
----------------- Invoking toplevel() on ptolemy.moml.MoMLSimpleApplication@7a87521e
----------------- Done invoking toplevel() on ptolemy.moml.MoMLSimpleApplication@7a87521e
reloadAllAccessors: .TerminationTransition6

===========================================================================================
----------------- testing Sun Mar 08 07:10:58 UTC 2020 /home/travis/build/icyphy/ptII/ptolemy/domains/modal/test/auto/TerminationTransition7.xml
----------------- Instantiating /home/travis/build/icyphy/ptII/ptolemy/domains/modal/test/auto/TerminationTransition7.xml
2 ms. Memory: 289792K Free: 143110K (49%)
----------------- Invoking toplevel() on ptolemy.moml.MoMLSimpleApplication@4c99c189
----------------- Done invoking toplevel() on ptolemy.moml.MoMLSimpleApplication@4c99c189
reloadAllAccessors: .TerminationTransition7

===========================================================================================
----------------- testing Sun Mar 08 07:10:58 UTC 2020 /home/travis/build/icyphy/ptII/ptolemy/domains/modal/test/auto/TerminationTransition8.xml
----------------- Instantiating /home/travis/build/icyphy/ptII/ptolemy/domains/modal/test/auto/TerminationTransition8.xml
2 ms. Memory: 289792K Free: 133894K (46%)
----------------- Invoking toplevel() on ptolemy.moml.MoMLSimpleApplication@1e3ea81e
----------------- Done invoking toplevel() on ptolemy.moml.MoMLSimpleApplication@1e3ea81e
reloadAllAccessors: .TerminationTransition8

===========================================================================================
----------------- testing Sun Mar 08 07:10:58 UTC 2020 /home/travis/build/icyphy/ptII/ptolemy/domains/modal/test/auto/Thermostat_NoHysteresis.xml
----------------- Instantiating /home/travis/build/icyphy/ptII/ptolemy/domains/modal/test/auto/Thermostat_NoHysteresis.xml
38 ms. Memory: 289792K Free: 109312K (38%)
----------------- Invoking toplevel() on ptolemy.moml.MoMLSimpleApplication@5a741011
----------------- Done invoking toplevel() on ptolemy.moml.MoMLSimpleApplication@5a741011
reloadAllAccessors: .Thermostat_NoHysteresis

===========================================================================================
----------------- testing Sun Mar 08 07:10:58 UTC 2020 /home/travis/build/icyphy/ptII/ptolemy/domains/modal/test/auto/TimedFSM.xml
----------------- Instantiating /home/travis/build/icyphy/ptII/ptolemy/domains/modal/test/auto/TimedFSM.xml
6 ms. Memory: 289792K Free: 266193K (92%)
----------------- Invoking toplevel() on ptolemy.moml.MoMLSimpleApplication@47bc48e0
----------------- Done invoking toplevel() on ptolemy.moml.MoMLSimpleApplication@47bc48e0
reloadAllAccessors: .TimedFSM

===========================================================================================
----------------- testing Sun Mar 08 07:10:58 UTC 2020 /home/travis/build/icyphy/ptII/ptolemy/domains/modal/test/auto/Timeout1.xml
----------------- Instantiating /home/travis/build/icyphy/ptII/ptolemy/domains/modal/test/auto/Timeout1.xml
3 ms. Memory: 289792K Free: 260035K (90%)
----------------- Invoking toplevel() on ptolemy.moml.MoMLSimpleApplication@60e681c9
----------------- Done invoking toplevel() on ptolemy.moml.MoMLSimpleApplication@60e681c9
reloadAllAccessors: .Timeout1

===========================================================================================
----------------- testing Sun Mar 08 07:10:58 UTC 2020 /home/travis/build/icyphy/ptII/ptolemy/domains/modal/test/auto/Timeout2.xml
----------------- Instantiating /home/travis/build/icyphy/ptII/ptolemy/domains/modal/test/auto/Timeout2.xml
6 ms. Memory: 289792K Free: 251347K (87%)
----------------- Invoking toplevel() on ptolemy.moml.MoMLSimpleApplication@301291d2
----------------- Done invoking toplevel() on ptolemy.moml.MoMLSimpleApplication@301291d2
reloadAllAccessors: .Timeout2

===========================================================================================
----------------- testing Sun Mar 08 07:10:58 UTC 2020 /home/travis/build/icyphy/ptII/ptolemy/domains/modal/test/auto/Timeout3.xml
----------------- Instantiating /home/travis/build/icyphy/ptII/ptolemy/domains/modal/test/auto/Timeout3.xml
1 ms. Memory: 289792K Free: 246227K (85%)
----------------- Invoking toplevel() on ptolemy.moml.MoMLSimpleApplication@681ecd15
----------------- Done invoking toplevel() on ptolemy.moml.MoMLSimpleApplication@681ecd15
reloadAllAccessors: .Timeout3

===========================================================================================
----------------- testing Sun Mar 08 07:10:58 UTC 2020 /home/travis/build/icyphy/ptII/ptolemy/domains/modal/test/auto/Timeout4.xml
----------------- Instantiating /home/travis/build/icyphy/ptII/ptolemy/domains/modal/test/auto/Timeout4.xml
2 ms. Memory: 289792K Free: 241107K (83%)
----------------- Invoking toplevel() on ptolemy.moml.MoMLSimpleApplication@418a33fa
----------------- Done invoking toplevel() on ptolemy.moml.MoMLSimpleApplication@418a33fa
reloadAllAccessors: .Timeout4

===========================================================================================
----------------- testing Sun Mar 08 07:10:58 UTC 2020 /home/travis/build/icyphy/ptII/ptolemy/domains/modal/test/auto/TransientstateModelAdvanced.xml
----------------- Instantiating /home/travis/build/icyphy/ptII/ptolemy/domains/modal/test/auto/TransientstateModelAdvanced.xml
3 ms. Memory: 289792K Free: 228819K (79%)
----------------- Invoking toplevel() on ptolemy.moml.MoMLSimpleApplication@316a83e6
----------------- Done invoking toplevel() on ptolemy.moml.MoMLSimpleApplication@316a83e6
reloadAllAccessors: .TransientstateModelAdvanced

===========================================================================================
----------------- testing Sun Mar 08 07:10:58 UTC 2020 /home/travis/build/icyphy/ptII/ptolemy/domains/modal/test/auto/TransientstateModelAdvanced2.xml
----------------- Instantiating /home/travis/build/icyphy/ptII/ptolemy/domains/modal/test/auto/TransientstateModelAdvanced2.xml
3 ms. Memory: 289792K Free: 214483K (74%)
----------------- Invoking toplevel() on ptolemy.moml.MoMLSimpleApplication@7d12f03
----------------- Done invoking toplevel() on ptolemy.moml.MoMLSimpleApplication@7d12f03
reloadAllAccessors: .transientstatemodelAdvanced

===========================================================================================
----------------- testing Sun Mar 08 07:10:58 UTC 2020 /home/travis/build/icyphy/ptII/ptolemy/domains/modal/test/auto/TransitionRefinements.xml
----------------- Instantiating /home/travis/build/icyphy/ptII/ptolemy/domains/modal/test/auto/TransitionRefinements.xml
6 ms. Memory: 289792K Free: 204739K (71%)
----------------- Invoking toplevel() on ptolemy.moml.MoMLSimpleApplication@63b1f0cd
----------------- Done invoking toplevel() on ptolemy.moml.MoMLSimpleApplication@63b1f0cd
reloadAllAccessors: .TransitionRefinements

===========================================================================================
----------------- testing Sun Mar 08 07:10:58 UTC 2020 /home/travis/build/icyphy/ptII/ptolemy/domains/modal/test/auto/TwoRefinements1.xml
----------------- Instantiating /home/travis/build/icyphy/ptII/ptolemy/domains/modal/test/auto/TwoRefinements1.xml
3 ms. Memory: 289792K Free: 195027K (67%)
----------------- Invoking toplevel() on ptolemy.moml.MoMLSimpleApplication@2a494a28
----------------- Done invoking toplevel() on ptolemy.moml.MoMLSimpleApplication@2a494a28
reloadAllAccessors: .TwoRefinements1

===========================================================================================
----------------- testing Sun Mar 08 07:10:58 UTC 2020 /home/travis/build/icyphy/ptII/ptolemy/domains/modal/test/auto/TwoRefinements2.xml
----------------- Instantiating /home/travis/build/icyphy/ptII/ptolemy/domains/modal/test/auto/TwoRefinements2.xml
2 ms. Memory: 289792K Free: 184787K (64%)
----------------- Invoking toplevel() on ptolemy.moml.MoMLSimpleApplication@72667d60
----------------- Done invoking toplevel() on ptolemy.moml.MoMLSimpleApplication@72667d60
reloadAllAccessors: .TwoRefinements2

===========================================================================================
----------------- testing Sun Mar 08 07:10:58 UTC 2020 /home/travis/build/icyphy/ptII/ptolemy/domains/modal/test/auto/WeakImmediateTransition.xml
----------------- Instantiating /home/travis/build/icyphy/ptII/ptolemy/domains/modal/test/auto/WeakImmediateTransition.xml
3 ms. Memory: 289792K Free: 176081K (61%)
----------------- Invoking toplevel() on ptolemy.moml.MoMLSimpleApplication@545c4222
----------------- Done invoking toplevel() on ptolemy.moml.MoMLSimpleApplication@545c4222
reloadAllAccessors: .WeakImmediateTransition

===========================================================================================
----------------- testing Sun Mar 08 07:10:58 UTC 2020 /home/travis/build/icyphy/ptII/ptolemy/domains/modal/test/auto/booleanSelect.xml
----------------- Instantiating /home/travis/build/icyphy/ptII/ptolemy/domains/modal/test/auto/booleanSelect.xml
32 ms. Memory: 289792K Free: 158163K (55%)
----------------- Invoking toplevel() on ptolemy.moml.MoMLSimpleApplication@6433f57d
----------------- Done invoking toplevel() on ptolemy.moml.MoMLSimpleApplication@6433f57d
reloadAllAccessors: .booleanSelect

===========================================================================================
----------------- testing Sun Mar 08 07:10:58 UTC 2020 /home/travis/build/icyphy/ptII/ptolemy/domains/modal/test/auto/modalChangingParams.xml
----------------- Instantiating /home/travis/build/icyphy/ptII/ptolemy/domains/modal/test/auto/modalChangingParams.xml
0
1
0
2
4
6
8
7
0
2
4
6
8
13
0
2
4
6
8
19
0
2
4
6
8
25
0
2
4
6
8
31
0
2
4
6
8
37
0
2
4
6
8
43
0
2
4
6
8
49
0
2
4
6
8
55
0
2
4
6
8
61
0
2
4
6
8
67
0
2
4
6
8
73
0
2
4
6
8
79
0
2
4
6
8
85
0
2
4
6
8
91
0
2
4
6
8
97
0
2
4
6
8
103
0
2
4
6
8
109
0
2
4
6
8
115
0
2
4
6
8
121
0
2
4
6
8
127
0
2
4
6
8
133
0
2
4
6
8
139
0
2
4
6
8
145
0
2
4
6
8
151
0
2
4
6
8
157
0
2
4
6
8
163
0
2
4
6
8
169
0
2
4
6
8
175
0
2
4
6
8
181
0
2
4
6
8
187
0
2
4
6
8
193
0
2
4
6
8
199
0
2
4
6
8
205
0
2
4
6
8
211
0
2
4
6
8
217
0
2
4
6
8
223
0
2
4
6
8
229
0
2
4
6
8
235
0
2
4
6
8
241
0
2
4
6
8
247
0
2
4
6
8
253
0
2
4
6
8
259
0
2
4
6
8
265
0
2
4
6
8
271
0
2
4
6
8
277
0
2
4
6
8
283
0
2
4
6
8
289
0
2
4
6
8
295
0
2
4
6
8
301
0
2
4
6
8
307
0
2
4
6
8
313
0
2
4
6
8
319
0
2
4
6
8
325
0
2
4
6
8
331
0
2
4
6
8
337
0
2
4
6
8
343
0
2
4
6
8
349
0
2
4
6
8
355
0
2
4
6
8
361
0
2
4
6
8
367
0
2
4
6
8
373
0
2
4
6
8
379
0
2
4
6
8
385
0
2
4
6
8
391
0
2
4
6
8
397
0
2
4
6
8
403
0
2
4
6
8
409
0
2
4
6
8
415
0
2
4
6
8
421
0
2
4
6
8
427
0
2
4
6
8
433
0
2
4
6
8
439
0
2
4
6
8
445
0
2
4
6
8
451
0
2
4
6
8
457
0
2
4
6
8
463
0
2
4
6
8
469
0
2
4
6
8
475
0
2
4
6
8
481
0
2
4
6
8
487
0
2
4
6
8
493
0
2
4
6
8
499
0
2
4
6
8
505
0
2
4
6
8
511
0
2
4
6
8
517
0
2
4
6
8
523
0
2
4
6
8
529
0
2
4
6
8
535
0
2
4
6
8
541
0
2
4
6
8
547
0
2
4
6
8
553
0
2
4
6
8
559
0
2
4
6
8
565
0
2
4
6
8
571
0
2
4
6
8
577
0
2
4
6
8
583
0
2
4
6
8
589
0
2
4
6
8
595
0
2
4
6
8
601
0
2
4
6
8
607
0
2
4
6
8
613
0
2
4
6
8
619
0
2
4
6
8
625
0
2
4
6
8
631
0
2
4
6
8
637
0
2
4
6
8
643
0
2
4
6
8
649
0
2
4
6
8
655
0
2
4
6
8
661
0
2
4
6
8
667
0
2
4
6
8
673
0
2
4
6
8
679
0
2
4
6
8
685
0
2
4
6
8
691
0
2
4
6
8
697
0
2
4
6
8
703
0
2
4
6
8
709
0
2
4
6
8
715
0
2
4
6
8
721
0
2
4
6
8
727
0
2
4
6
8
733
0
2
4
6
8
739
0
2
4
6
8
745
0
2
4
6
8
751
0
2
4
6
8
757
0
2
4
6
8
763
0
2
4
6
8
769
0
2
4
6
8
775
0
2
4
6
8
781
0
2
4
6
8
787
0
2
4
6
8
793
0
2
4
6
8
799
0
2
4
6
8
805
0
2
4
6
8
811
0
2
4
6
8
817
0
2
4
6
8
823
0
2
4
6
8
829
0
2
4
6
8
835
0
2
4
6
8
841
0
2
4
6
8
847
0
2
4
6
8
853
0
2
4
6
8
859
0
2
4
6
8
865
0
2
4
6
8
871
0
2
4
6
8
877
0
2
4
6
8
883
0
2
4
6
8
889
0
2
4
6
8
895
0
2
4
6
8
901
0
2
4
6
8
907
0
2
4
6
8
913
0
2
4
6
8
919
0
2
4
6
8
925
0
2
4
6
8
931
0
2
4
6
8
937
0
2
4
6
8
943
0
2
4
6
8
949
0
2
4
6
8
955
0
2
4
6
8
961
0
2
4
6
8
967
0
2
4
6
8
973
0
2
4
6
8
979
0
2
4
6
8
985
0
2
4
6
8
991
0
2
4
6
8
997
0
2
297 ms. Memory: 348160K Free: 270780K (78%)
----------------- Invoking toplevel() on ptolemy.moml.MoMLSimpleApplication@6a048ed2
----------------- Done invoking toplevel() on ptolemy.moml.MoMLSimpleApplication@6a048ed2
reloadAllAccessors: .modalChangingParams

===========================================================================================
----------------- testing Sun Mar 08 07:10:59 UTC 2020 /home/travis/build/icyphy/ptII/ptolemy/domains/modal/test/auto/modalModel.xml
----------------- Instantiating /home/travis/build/icyphy/ptII/ptolemy/domains/modal/test/auto/modalModel.xml
7 ms. Memory: 348160K Free: 261570K (75%)
----------------- Invoking toplevel() on ptolemy.moml.MoMLSimpleApplication@1bdd29c7
----------------- Done invoking toplevel() on ptolemy.moml.MoMLSimpleApplication@1bdd29c7
reloadAllAccessors: .modalModel

===========================================================================================
----------------- testing Sun Mar 08 07:10:59 UTC 2020 /home/travis/build/icyphy/ptII/ptolemy/domains/modal/test/auto/modalModel2.xml
----------------- Instantiating /home/travis/build/icyphy/ptII/ptolemy/domains/modal/test/auto/modalModel2.xml
8 ms. Memory: 348160K Free: 250820K (72%)
----------------- Invoking toplevel() on ptolemy.moml.MoMLSimpleApplication@21cb6355
----------------- Done invoking toplevel() on ptolemy.moml.MoMLSimpleApplication@21cb6355
reloadAllAccessors: .modalModel2

===========================================================================================
----------------- testing Sun Mar 08 07:10:59 UTC 2020 /home/travis/build/icyphy/ptII/ptolemy/domains/modal/test/auto/modalModel3.xml
----------------- Instantiating /home/travis/build/icyphy/ptII/ptolemy/domains/modal/test/auto/modalModel3.xml
0	0	0
3	2	1
6	4	2
9	6	3
4	0	4
7	2	5
10	4	6
13	6	7
8	0	8
11	2	9
14	4	10
17	6	11
12	0	12
15	2	13
18	4	14
15 ms. Memory: 348160K Free: 236484K (68%)
----------------- Invoking toplevel() on ptolemy.moml.MoMLSimpleApplication@180a13f2
----------------- Done invoking toplevel() on ptolemy.moml.MoMLSimpleApplication@180a13f2
reloadAllAccessors: .modalModel3

===========================================================================================
----------------- testing Sun Mar 08 07:10:59 UTC 2020 /home/travis/build/icyphy/ptII/ptolemy/domains/modal/test/auto/model1.xml
----------------- Instantiating /home/travis/build/icyphy/ptII/ptolemy/domains/modal/test/auto/model1.xml
11 ms. Memory: 348160K Free: 230340K (66%)
----------------- Invoking toplevel() on ptolemy.moml.MoMLSimpleApplication@18e427d2
----------------- Done invoking toplevel() on ptolemy.moml.MoMLSimpleApplication@18e427d2
reloadAllAccessors: .model1

===========================================================================================
----------------- testing Sun Mar 08 07:10:59 UTC 2020 /home/travis/build/icyphy/ptII/ptolemy/domains/modal/test/auto/test-direct-in-out.xml
----------------- Instantiating /home/travis/build/icyphy/ptII/ptolemy/domains/modal/test/auto/test-direct-in-out.xml
4 ms. Memory: 348160K Free: 222148K (64%)
----------------- Invoking toplevel() on ptolemy.moml.MoMLSimpleApplication@1caf8cd5
----------------- Done invoking toplevel() on ptolemy.moml.MoMLSimpleApplication@1caf8cd5
reloadAllAccessors: .test-direct-in-out
AutoTests.java: About to close Vertx.
AutoTests.java: Vertx closed.
]]></system-out>
  <system-err><![CDATA[java.lang.RuntimeException: Execution failed
	at ptolemy.moml.MoMLSimpleApplication$UnloadThread.run(MoMLSimpleApplication.java:402)
Caused by: ptolemy.kernel.util.IllegalActionException: Unknown inputs remain. Possible causality loop:
L_model_1893289564i

  in .CannotAnalysisWithPreemption.model_1893289564_region_1 and .CannotAnalysisWithPreemption.model_1893289564_region_1.L_model_1893289564i
	at ptolemy.actor.sched.FixedPointDirector.postfire(FixedPointDirector.java:515)
	at ptolemy.domains.sr.kernel.SRDirector.postfire(SRDirector.java:417)
	at ptolemy.actor.CompositeActor.postfire(CompositeActor.java:1668)
	at ptolemy.actor.Manager.iterate(Manager.java:852)
	at ptolemy.actor.Manager.execute(Manager.java:369)
	at ptolemy.actor.Manager.run(Manager.java:1263)
	at ptolemy.actor.Manager$PtolemyRunThread.run(Manager.java:1933)
java.lang.reflect.InvocationTargetException
	at java.base/jdk.internal.reflect.NativeConstructorAccessorImpl.newInstance0(Native Method)
	at java.base/jdk.internal.reflect.NativeConstructorAccessorImpl.newInstance(NativeConstructorAccessorImpl.java:62)
	at java.base/jdk.internal.reflect.DelegatingConstructorAccessorImpl.newInstance(DelegatingConstructorAccessorImpl.java:45)
	at java.base/java.lang.reflect.Constructor.newInstance(Constructor.java:490)
	at ptolemy.util.test.junit.AutoKnownFailedTests.RunModel(AutoKnownFailedTests.java:105)
	at java.base/jdk.internal.reflect.NativeMethodAccessorImpl.invoke0(Native Method)
	at java.base/jdk.internal.reflect.NativeMethodAccessorImpl.invoke(NativeMethodAccessorImpl.java:62)
	at java.base/jdk.internal.reflect.DelegatingMethodAccessorImpl.invoke(DelegatingMethodAccessorImpl.java:43)
	at java.base/java.lang.reflect.Method.invoke(Method.java:566)
	at org.junit.runners.model.FrameworkMethod$1.runReflectiveCall(FrameworkMethod.java:44)
	at org.junit.internal.runners.model.ReflectiveCallable.run(ReflectiveCallable.java:15)
	at org.junit.runners.model.FrameworkMethod.invokeExplosively(FrameworkMethod.java:41)
	at junitparams.internal.InvokeParameterisedMethod.evaluate(InvokeParameterisedMethod.java:102)
	at org.junit.internal.runners.statements.FailOnTimeout$1.run(FailOnTimeout.java:28)
Caused by: ptolemy.kernel.util.IllegalActionException: Unknown inputs remain. Possible causality loop:
L_model_1893289564i

  in .CannotAnalysisWithPreemption.model_1893289564_region_1 and .CannotAnalysisWithPreemption.model_1893289564_region_1.L_model_1893289564i
	at ptolemy.actor.sched.FixedPointDirector.postfire(FixedPointDirector.java:515)
	at ptolemy.domains.sr.kernel.SRDirector.postfire(SRDirector.java:417)
	at ptolemy.actor.CompositeActor.postfire(CompositeActor.java:1668)
	at ptolemy.actor.Manager.iterate(Manager.java:852)
	at ptolemy.actor.Manager.execute(Manager.java:369)
	at ptolemy.actor.Manager.run(Manager.java:1263)
	at ptolemy.actor.Manager$PtolemyRunThread.run(Manager.java:1933)
]]></system-err>
</testsuite>
