<?xml version="1.0" encoding="UTF-8" ?>
<testsuite errors="0" failures="0" hostname="travis-job-7a47a2a1-1e23-4016-b1c6-2eb18dc9914b" name="ptolemy.domains.sdf.test.junit.JUnitTclTest" skipped="0" tests="66" time="21.197" timestamp="2019-07-03T05:03:28">
  <properties>
[...]
</properties>
  <testcase classname="ptolemy.util.test.junit.TclTests" name="[0] /home/travis/build/icyphy/ptII/ptolemy/domains/sdf/test/SDFSchedulerErrors.tcl (RunTclFile)" time="1.052" />
  <testcase classname="ptolemy.util.test.junit.TclTests" name="[1] /home/travis/build/icyphy/ptII/ptolemy/domains/sdf/test/composition.tcl (RunTclFile)" time="0.183" />
  <testcase classname="ptolemy.util.test.junit.TclTests" name="[2] /home/travis/build/icyphy/ptII/ptolemy/domains/sdf/test/cycle.tcl (RunTclFile)" time="0.1" />
  <testcase classname="ptolemy.util.test.junit.AutoKnownFailedTests" name="[0] ThereAreNoKnowFailedTests (RunModel)" time="0.001" />
  <testcase classname="ptolemy.util.test.junit.AutoNameArchTests" name="[0] ThereAreNoAutoArchTests (RunModel)" time="0.001" />
  <testcase classname="ptolemy.util.test.junit.AutoTests" name="[0] /home/travis/build/icyphy/ptII/ptolemy/domains/sdf/test/auto/Array.xml (RunModel)" time="0.215" />
  <testcase classname="ptolemy.util.test.junit.AutoTests" name="[1] /home/travis/build/icyphy/ptII/ptolemy/domains/sdf/test/auto/Butterfly.xml (RunModel)" time="0.156" />
  <testcase classname="ptolemy.util.test.junit.AutoTests" name="[2] /home/travis/build/icyphy/ptII/ptolemy/domains/sdf/test/auto/Expression.xml (RunModel)" time="0.125" />
  <testcase classname="ptolemy.util.test.junit.AutoTests" name="[3] /home/travis/build/icyphy/ptII/ptolemy/domains/sdf/test/auto/Eye.xml (RunModel)" time="0.312" />
  <testcase classname="ptolemy.util.test.junit.AutoTests" name="[4] /home/travis/build/icyphy/ptII/ptolemy/domains/sdf/test/auto/FixFIR.xml (RunModel)" time="0.44" />
  <testcase classname="ptolemy.util.test.junit.AutoTests" name="[5] /home/travis/build/icyphy/ptII/ptolemy/domains/sdf/test/auto/FixPoint.xml (RunModel)" time="0.033" />
  <testcase classname="ptolemy.util.test.junit.AutoTests" name="[6] /home/travis/build/icyphy/ptII/ptolemy/domains/sdf/test/auto/Gravitation.xml (RunModel)" time="3.274" />
  <testcase classname="ptolemy.util.test.junit.AutoTests" name="[7] /home/travis/build/icyphy/ptII/ptolemy/domains/sdf/test/auto/GravitationWithCollisionDetection.xml (RunModel)" time="6.839" />
  <testcase classname="ptolemy.util.test.junit.AutoTests" name="[8] /home/travis/build/icyphy/ptII/ptolemy/domains/sdf/test/auto/HDF.xml (RunModel)" time="0.095" />
  <testcase classname="ptolemy.util.test.junit.AutoTests" name="[9] /home/travis/build/icyphy/ptII/ptolemy/domains/sdf/test/auto/HDFwithTransientStates.xml (RunModel)" time="0.105" />
  <testcase classname="ptolemy.util.test.junit.AutoTests" name="[10] /home/travis/build/icyphy/ptII/ptolemy/domains/sdf/test/auto/HTVQ.xml (RunModel)" time="0.958" />
  <testcase classname="ptolemy.util.test.junit.AutoTests" name="[11] /home/travis/build/icyphy/ptII/ptolemy/domains/sdf/test/auto/InferInitProduction.xml (RunModel)" time="0.04" />
  <testcase classname="ptolemy.util.test.junit.AutoTests" name="[12] /home/travis/build/icyphy/ptII/ptolemy/domains/sdf/test/auto/InferInitProductionDeeper.xml (RunModel)" time="0.026" />
  <testcase classname="ptolemy.util.test.junit.AutoTests" name="[13] /home/travis/build/icyphy/ptII/ptolemy/domains/sdf/test/auto/LMSAdaptive.xml (RunModel)" time="0.083" />
  <testcase classname="ptolemy.util.test.junit.AutoTests" name="[14] /home/travis/build/icyphy/ptII/ptolemy/domains/sdf/test/auto/LogisticMap.xml (RunModel)" time="0.481" />
  <testcase classname="ptolemy.util.test.junit.AutoTests" name="[15] /home/travis/build/icyphy/ptII/ptolemy/domains/sdf/test/auto/MaximumEntropySpectrum.xml (RunModel)" time="0.305" />
  <testcase classname="ptolemy.util.test.junit.AutoTests" name="[16] /home/travis/build/icyphy/ptII/ptolemy/domains/sdf/test/auto/MultirateSDF.xml (RunModel)" time="0.066" />
  <testcase classname="ptolemy.util.test.junit.AutoTests" name="[17] /home/travis/build/icyphy/ptII/ptolemy/domains/sdf/test/auto/MultirateSDFwithTransientStates.xml (RunModel)" time="0.06" />
  <testcase classname="ptolemy.util.test.junit.AutoTests" name="[18] /home/travis/build/icyphy/ptII/ptolemy/domains/sdf/test/auto/NoisySinewave.xml (RunModel)" time="0.048" />
  <testcase classname="ptolemy.util.test.junit.AutoTests" name="[19] /home/travis/build/icyphy/ptII/ptolemy/domains/sdf/test/auto/Objects.xml (RunModel)" time="0.036" />
  <testcase classname="ptolemy.util.test.junit.AutoTests" name="[20] /home/travis/build/icyphy/ptII/ptolemy/domains/sdf/test/auto/OrthogonalCom.xml (RunModel)" time="0.042" />
  <testcase classname="ptolemy.util.test.junit.AutoTests" name="[21] /home/travis/build/icyphy/ptII/ptolemy/domains/sdf/test/auto/RijndaelEncryption.xml (RunModel)" time="0.553" />
  <testcase classname="ptolemy.util.test.junit.AutoTests" name="[22] /home/travis/build/icyphy/ptII/ptolemy/domains/sdf/test/auto/SDFEmptyIterations.xml (RunModel)" time="0.021" />
  <testcase classname="ptolemy.util.test.junit.AutoTests" name="[23] /home/travis/build/icyphy/ptII/ptolemy/domains/sdf/test/auto/Spectrum.xml (RunModel)" time="0.087" />
  <testcase classname="ptolemy.util.test.junit.AutoTests" name="[24] /home/travis/build/icyphy/ptII/ptolemy/domains/sdf/test/auto/de_inside_sdf.xml (RunModel)" time="0.019" />
  <testcase classname="ptolemy.util.test.junit.AutoTests" name="[25] /home/travis/build/icyphy/ptII/ptolemy/domains/sdf/test/auto/disconnectedHierarchicalSDF.xml (RunModel)" time="0.022" />
  <testcase classname="ptolemy.util.test.junit.AutoTests" name="[26] /home/travis/build/icyphy/ptII/ptolemy/domains/sdf/test/auto/disconnectedSDF.xml (RunModel)" time="0.016" />
  <testcase classname="ptolemy.util.test.junit.AutoTests" name="[27] /home/travis/build/icyphy/ptII/ptolemy/domains/sdf/test/auto/emptyRefinement.xml (RunModel)" time="0.013" />
  <testcase classname="ptolemy.util.test.junit.AutoTests" name="[28] /home/travis/build/icyphy/ptII/ptolemy/domains/sdf/test/auto/filePortParameter.xml (RunModel)" time="0.037" />
  <testcase classname="ptolemy.util.test.junit.AutoTests" name="[29] /home/travis/build/icyphy/ptII/ptolemy/domains/sdf/test/auto/inferRelationWidth1.xml (RunModel)" time="0.012" />
  <testcase classname="ptolemy.util.test.junit.AutoTests" name="[30] /home/travis/build/icyphy/ptII/ptolemy/domains/sdf/test/auto/initProductionInference.xml (RunModel)" time="0.023" />
  <testcase classname="ptolemy.util.test.junit.AutoTests" name="[31] /home/travis/build/icyphy/ptII/ptolemy/domains/sdf/test/auto/relationGroup.xml (RunModel)" time="0.023" />
  <testcase classname="ptolemy.util.test.junit.AutoTests" name="[32] /home/travis/build/icyphy/ptII/ptolemy/domains/sdf/test/auto/relationGroup10.xml (RunModel)" time="0.016" />
  <testcase classname="ptolemy.util.test.junit.AutoTests" name="[33] /home/travis/build/icyphy/ptII/ptolemy/domains/sdf/test/auto/relationGroup11.xml (RunModel)" time="0.014" />
  <testcase classname="ptolemy.util.test.junit.AutoTests" name="[34] /home/travis/build/icyphy/ptII/ptolemy/domains/sdf/test/auto/relationGroup12.xml (RunModel)" time="0.015" />
  <testcase classname="ptolemy.util.test.junit.AutoTests" name="[35] /home/travis/build/icyphy/ptII/ptolemy/domains/sdf/test/auto/relationGroup13.xml (RunModel)" time="0.022" />
  <testcase classname="ptolemy.util.test.junit.AutoTests" name="[36] /home/travis/build/icyphy/ptII/ptolemy/domains/sdf/test/auto/relationGroup14.xml (RunModel)" time="0.02" />
  <testcase classname="ptolemy.util.test.junit.AutoTests" name="[37] /home/travis/build/icyphy/ptII/ptolemy/domains/sdf/test/auto/relationGroup15.xml (RunModel)" time="0.013" />
  <testcase classname="ptolemy.util.test.junit.AutoTests" name="[38] /home/travis/build/icyphy/ptII/ptolemy/domains/sdf/test/auto/relationGroup2.xml (RunModel)" time="0.014" />
  <testcase classname="ptolemy.util.test.junit.AutoTests" name="[39] /home/travis/build/icyphy/ptII/ptolemy/domains/sdf/test/auto/relationGroup3.xml (RunModel)" time="0.009" />
  <testcase classname="ptolemy.util.test.junit.AutoTests" name="[40] /home/travis/build/icyphy/ptII/ptolemy/domains/sdf/test/auto/relationGroup4.xml (RunModel)" time="0.018" />
  <testcase classname="ptolemy.util.test.junit.AutoTests" name="[41] /home/travis/build/icyphy/ptII/ptolemy/domains/sdf/test/auto/relationGroup5.xml (RunModel)" time="0.015" />
  <testcase classname="ptolemy.util.test.junit.AutoTests" name="[42] /home/travis/build/icyphy/ptII/ptolemy/domains/sdf/test/auto/relationGroup6.xml (RunModel)" time="0.011" />
  <testcase classname="ptolemy.util.test.junit.AutoTests" name="[43] /home/travis/build/icyphy/ptII/ptolemy/domains/sdf/test/auto/relationGroup7.xml (RunModel)" time="0.009" />
  <testcase classname="ptolemy.util.test.junit.AutoTests" name="[44] /home/travis/build/icyphy/ptII/ptolemy/domains/sdf/test/auto/relationGroup8.xml (RunModel)" time="0.018" />
  <testcase classname="ptolemy.util.test.junit.AutoTests" name="[45] /home/travis/build/icyphy/ptII/ptolemy/domains/sdf/test/auto/relationGroup9.xml (RunModel)" time="0.026" />
  <testcase classname="ptolemy.util.test.junit.AutoTests" name="[46] /home/travis/build/icyphy/ptII/ptolemy/domains/sdf/test/auto/sdf_inside_de.xml (RunModel)" time="0.041" />
  <testcase classname="ptolemy.util.test.junit.AutoTests" name="[47] /home/travis/build/icyphy/ptII/ptolemy/domains/sdf/test/auto/sdf_inside_pn.xml (RunModel)" time="0.068" />
  <testcase classname="ptolemy.util.test.junit.AutoTests" name="[48] /home/travis/build/icyphy/ptII/ptolemy/domains/sdf/test/auto/sdf_sdf1.xml (RunModel)" time="0.017" />
  <testcase classname="ptolemy.util.test.junit.AutoTests" name="[49] /home/travis/build/icyphy/ptII/ptolemy/domains/sdf/test/auto/test1.xml (RunModel)" time="0.016" />
  <testcase classname="ptolemy.util.test.junit.AutoTests" name="[50] /home/travis/build/icyphy/ptII/ptolemy/domains/sdf/test/auto/time1.xml (RunModel)" time="0.011" />
  <testcase classname="ptolemy.util.test.junit.AutoTests" name="[51] /home/travis/build/icyphy/ptII/ptolemy/domains/sdf/test/auto/time2.xml (RunModel)" time="0.009" />
  <testcase classname="ptolemy.util.test.junit.AutoTests" name="[52] /home/travis/build/icyphy/ptII/ptolemy/domains/sdf/test/auto/time3.xml (RunModel)" time="0.021" />
  <testcase classname="ptolemy.util.test.junit.AutoTests" name="[53] /home/travis/build/icyphy/ptII/ptolemy/domains/sdf/test/auto/time4.xml (RunModel)" time="0.018" />
  <testcase classname="ptolemy.util.test.junit.AutoTests" name="[54] /home/travis/build/icyphy/ptII/ptolemy/domains/sdf/test/auto/time5.xml (RunModel)" time="4.01" />
  <testcase classname="ptolemy.util.test.junit.AutoTests" name="[55] /home/travis/build/icyphy/ptII/ptolemy/domains/sdf/test/auto/typeSystem_Const_Integer_smallest_Type.xml (RunModel)" time="0.026" />
  <testcase classname="ptolemy.util.test.junit.AutoTests" name="[56] /home/travis/build/icyphy/ptII/ptolemy/domains/sdf/test/auto/typeSystem_declared_Inports_OutportTypeException.xml (RunModel)" time="0.017" />
  <testcase classname="ptolemy.util.test.junit.AutoTests" name="[57] /home/travis/build/icyphy/ptII/ptolemy/domains/sdf/test/auto/typeSystem_oneDeclaredInportType_wrongTypeOutport.xml (RunModel)" time="0.016" />
  <testcase classname="ptolemy.util.test.junit.AutoTests" name="[58] /home/travis/build/icyphy/ptII/ptolemy/domains/sdf/test/auto/width.xml (RunModel)" time="0.019" />
  <testcase classname="ptolemy.util.test.junit.AutoTests" name="[59] /home/travis/build/icyphy/ptII/ptolemy/domains/sdf/test/auto/width2.xml (RunModel)" time="0.043" />
  <testcase classname="ptolemy.util.test.junit.AutoTests" name="[60] /home/travis/build/icyphy/ptII/ptolemy/domains/sdf/test/auto/width3.xml (RunModel)" time="0.046" />
  <system-out><![CDATA[/home/travis/build/icyphy/ptII/ptolemy/domains/sdf/test/SDFSchedulerErrors.tcl
testDefs.tcl: setting time out to 9000 seconds at Wed Jul 03 05:03:28 UTC 2019
108 ms. Memory: 120832K Free: 96710K (80%)
8 ms. Memory: 120832K Free: 102789K (85%)
8 ms. Memory: 120832K Free: 97107K (80%)
5 ms. Memory: 120832K Free: 95107K (79%)
/home/travis/build/icyphy/ptII/ptolemy/domains/sdf/test/composition.tcl
26 ms. Memory: 120832K Free: 91562K (76%)
20 ms. Memory: 120832K Free: 89902K (74%)
/home/travis/build/icyphy/ptII/ptolemy/domains/sdf/test/cycle.tcl
.Toplevel.Director Preinitializing ...
Invoking preinitialize():  .Toplevel.Actor1
Invoking preinitialize():  .Toplevel.Actor2
Invoking preinitialize():  .Toplevel.Delay
.Toplevel.Director Finished preinitialize().
### Schedule:
Execute Schedule{
Fire Actor ptolemy.domains.sdf.kernel.test.SDFTestDelay {.Toplevel.Actor1}
Fire Actor ptolemy.domains.sdf.kernel.test.SDFTestDelay {.Toplevel.Actor2}
Fire Actor ptolemy.domains.sdf.lib.SampleDelay {.Toplevel.Delay}
}
### End schedule
Called initialize().
Invoking initialize():  .Toplevel.Actor1
Initializing actor: .Toplevel.Actor1.
Invoking initialize():  .Toplevel.Actor2
Initializing actor: .Toplevel.Actor2.
Invoking initialize():  .Toplevel.Delay
Initializing actor: .Toplevel.Delay.
Director: Called prefire().
-- Setting current time to 0.0
Director prefire returns true.
The actor .Toplevel.Actor1 will be iterated.
The actor .Toplevel.Actor1 was iterated.
The actor .Toplevel.Actor2 will be iterated.
The actor .Toplevel.Actor2 was iterated.
The actor .Toplevel.Delay will be iterated.
The actor .Toplevel.Delay was iterated.
Director: Called postfire().
Postfire returns: true
Director: Called prefire().
-- Setting current time to 0.0
Director prefire returns true.
The actor .Toplevel.Actor1 will be iterated.
The actor .Toplevel.Actor1 was iterated.
The actor .Toplevel.Actor2 will be iterated.
The actor .Toplevel.Actor2 was iterated.
The actor .Toplevel.Delay will be iterated.
The actor .Toplevel.Delay was iterated.
Director: Called postfire().
Postfire returns: true
Director: Called prefire().
-- Setting current time to 0.0
Director prefire returns true.
The actor .Toplevel.Actor1 will be iterated.
The actor .Toplevel.Actor1 was iterated.
The actor .Toplevel.Actor2 will be iterated.
The actor .Toplevel.Actor2 was iterated.
The actor .Toplevel.Delay will be iterated.
The actor .Toplevel.Delay was iterated.
Director: Called postfire().
Postfire returns: true
Director: Called prefire().
-- Setting current time to 0.0
Director prefire returns true.
The actor .Toplevel.Actor1 will be iterated.
The actor .Toplevel.Actor1 was iterated.
The actor .Toplevel.Actor2 will be iterated.
The actor .Toplevel.Actor2 was iterated.
The actor .Toplevel.Delay will be iterated.
The actor .Toplevel.Delay was iterated.
Director: Called postfire().
Postfire returns: true
Director: Called prefire().
-- Setting current time to 0.0
Director prefire returns true.
The actor .Toplevel.Actor1 will be iterated.
The actor .Toplevel.Actor1 was iterated.
The actor .Toplevel.Actor2 will be iterated.
The actor .Toplevel.Actor2 was iterated.
The actor .Toplevel.Delay will be iterated.
The actor .Toplevel.Delay was iterated.
Director: Called postfire().
Postfire returns: true
Director: Called prefire().
-- Setting current time to 0.0
Director prefire returns true.
The actor .Toplevel.Actor1 will be iterated.
The actor .Toplevel.Actor1 was iterated.
The actor .Toplevel.Actor2 will be iterated.
The actor .Toplevel.Actor2 was iterated.
The actor .Toplevel.Delay will be iterated.
The actor .Toplevel.Delay was iterated.
Reached specified number of iterations: 6
Director: Called wrapup().
39 ms. Memory: 167936K Free: 154628K (92%)
07/03/19 05:03:29
Failed: 0  Total Tests: 8  ((Passed: 8, Newly Passed: 0)  Known Failed: 0) /home/travis/build/icyphy/ptII/ptolemy/domains/sdf/test
No auto/knownFailedTests/*.xml tests in /home/travis/build/icyphy/ptII/ptolemy/domains/sdf/test
No auto/linux-amd64/*.xml tests in /home/travis/build/icyphy/ptII/ptolemy/domains/sdf/test
AutoTests.java: About to close Vertx.
AutoTests.java: Vertx closed.

===========================================================================================
----------------- testing Wed Jul 03 05:03:30 UTC 2019 /home/travis/build/icyphy/ptII/ptolemy/domains/sdf/test/auto/Array.xml
----------------- Instantiating /home/travis/build/icyphy/ptII/ptolemy/domains/sdf/test/auto/Array.xml
41 ms. Memory: 167936K Free: 138197K (82%)
----------------- Invoking toplevel() on ptolemy.moml.MoMLSimpleApplication@4ff9cd5b
----------------- Done invoking toplevel() on ptolemy.moml.MoMLSimpleApplication@4ff9cd5b
reloadAllAccessors: .Array

===========================================================================================
----------------- testing Wed Jul 03 05:03:30 UTC 2019 /home/travis/build/icyphy/ptII/ptolemy/domains/sdf/test/auto/Butterfly.xml
----------------- Instantiating /home/travis/build/icyphy/ptII/ptolemy/domains/sdf/test/auto/Butterfly.xml
92 ms. Memory: 167936K Free: 132379K (79%)
----------------- Invoking toplevel() on ptolemy.moml.MoMLSimpleApplication@7ba7a0bc
----------------- Done invoking toplevel() on ptolemy.moml.MoMLSimpleApplication@7ba7a0bc
reloadAllAccessors: .Butterfly

===========================================================================================
----------------- testing Wed Jul 03 05:03:30 UTC 2019 /home/travis/build/icyphy/ptII/ptolemy/domains/sdf/test/auto/Expression.xml
----------------- Instantiating /home/travis/build/icyphy/ptII/ptolemy/domains/sdf/test/auto/Expression.xml
51 ms. Memory: 167936K Free: 127258K (76%)
----------------- Invoking toplevel() on ptolemy.moml.MoMLSimpleApplication@2dea5039
----------------- Done invoking toplevel() on ptolemy.moml.MoMLSimpleApplication@2dea5039
reloadAllAccessors: .Expression

===========================================================================================
----------------- testing Wed Jul 03 05:03:30 UTC 2019 /home/travis/build/icyphy/ptII/ptolemy/domains/sdf/test/auto/Eye.xml
----------------- Instantiating /home/travis/build/icyphy/ptII/ptolemy/domains/sdf/test/auto/Eye.xml
158 ms. Memory: 167936K Free: 134193K (80%)
----------------- Invoking toplevel() on ptolemy.moml.MoMLSimpleApplication@585e84df
----------------- Done invoking toplevel() on ptolemy.moml.MoMLSimpleApplication@585e84df
reloadAllAccessors: .Eye

===========================================================================================
----------------- testing Wed Jul 03 05:03:30 UTC 2019 /home/travis/build/icyphy/ptII/ptolemy/domains/sdf/test/auto/FixFIR.xml
----------------- Instantiating /home/travis/build/icyphy/ptII/ptolemy/domains/sdf/test/auto/FixFIR.xml
187 ms. Memory: 167936K Free: 101425K (60%)
----------------- Invoking toplevel() on ptolemy.moml.MoMLSimpleApplication@55d7a6de
----------------- Done invoking toplevel() on ptolemy.moml.MoMLSimpleApplication@55d7a6de
reloadAllAccessors: .FixFIR

===========================================================================================
----------------- testing Wed Jul 03 05:03:31 UTC 2019 /home/travis/build/icyphy/ptII/ptolemy/domains/sdf/test/auto/FixPoint.xml
----------------- Instantiating /home/travis/build/icyphy/ptII/ptolemy/domains/sdf/test/auto/FixPoint.xml
11 ms. Memory: 167936K Free: 97329K (58%)
----------------- Invoking toplevel() on ptolemy.moml.MoMLSimpleApplication@37ee9e71
----------------- Done invoking toplevel() on ptolemy.moml.MoMLSimpleApplication@37ee9e71
reloadAllAccessors: .FixPoint

===========================================================================================
----------------- testing Wed Jul 03 05:03:31 UTC 2019 /home/travis/build/icyphy/ptII/ptolemy/domains/sdf/test/auto/Gravitation.xml
----------------- Instantiating /home/travis/build/icyphy/ptII/ptolemy/domains/sdf/test/auto/Gravitation.xml
3200 ms. Memory: 209920K Free: 153506K (73%)
----------------- Invoking toplevel() on ptolemy.moml.MoMLSimpleApplication@572704e2
----------------- Done invoking toplevel() on ptolemy.moml.MoMLSimpleApplication@572704e2
reloadAllAccessors: .Gravitation

===========================================================================================
----------------- testing Wed Jul 03 05:03:34 UTC 2019 /home/travis/build/icyphy/ptII/ptolemy/domains/sdf/test/auto/GravitationWithCollisionDetection.xml
----------------- Instantiating /home/travis/build/icyphy/ptII/ptolemy/domains/sdf/test/auto/GravitationWithCollisionDetection.xml
6617 ms. Memory: 397312K Free: 305759K (77%)
----------------- Invoking toplevel() on ptolemy.moml.MoMLSimpleApplication@6bb9ad5
----------------- Done invoking toplevel() on ptolemy.moml.MoMLSimpleApplication@6bb9ad5
reloadAllAccessors: .GravitationWithCollisionDetection

===========================================================================================
----------------- testing Wed Jul 03 05:03:41 UTC 2019 /home/travis/build/icyphy/ptII/ptolemy/domains/sdf/test/auto/HDF.xml
----------------- Instantiating /home/travis/build/icyphy/ptII/ptolemy/domains/sdf/test/auto/HDF.xml
25 ms. Memory: 397312K Free: 289885K (73%)
----------------- Invoking toplevel() on ptolemy.moml.MoMLSimpleApplication@344d25f4
----------------- Done invoking toplevel() on ptolemy.moml.MoMLSimpleApplication@344d25f4
reloadAllAccessors: .HDF

===========================================================================================
----------------- testing Wed Jul 03 05:03:41 UTC 2019 /home/travis/build/icyphy/ptII/ptolemy/domains/sdf/test/auto/HDFwithTransientStates.xml
----------------- Instantiating /home/travis/build/icyphy/ptII/ptolemy/domains/sdf/test/auto/HDFwithTransientStates.xml
31 ms. Memory: 397312K Free: 270943K (68%)
----------------- Invoking toplevel() on ptolemy.moml.MoMLSimpleApplication@1e188dd3
----------------- Done invoking toplevel() on ptolemy.moml.MoMLSimpleApplication@1e188dd3
reloadAllAccessors: .HDFwithTransientStates

===========================================================================================
----------------- testing Wed Jul 03 05:03:41 UTC 2019 /home/travis/build/icyphy/ptII/ptolemy/domains/sdf/test/auto/HTVQ.xml
----------------- Instantiating /home/travis/build/icyphy/ptII/ptolemy/domains/sdf/test/auto/HTVQ.xml
921 ms. Memory: 397312K Free: 332372K (84%)
----------------- Invoking toplevel() on ptolemy.moml.MoMLSimpleApplication@4ccd963d
----------------- Done invoking toplevel() on ptolemy.moml.MoMLSimpleApplication@4ccd963d
reloadAllAccessors: .HTVQ

===========================================================================================
----------------- testing Wed Jul 03 05:03:42 UTC 2019 /home/travis/build/icyphy/ptII/ptolemy/domains/sdf/test/auto/InferInitProduction.xml
----------------- Instantiating /home/travis/build/icyphy/ptII/ptolemy/domains/sdf/test/auto/InferInitProduction.xml
7 ms. Memory: 397312K Free: 326327K (82%)
----------------- Invoking toplevel() on ptolemy.moml.MoMLSimpleApplication@2b9ff6a0
----------------- Done invoking toplevel() on ptolemy.moml.MoMLSimpleApplication@2b9ff6a0
reloadAllAccessors: .InferInitProduction

===========================================================================================
----------------- testing Wed Jul 03 05:03:42 UTC 2019 /home/travis/build/icyphy/ptII/ptolemy/domains/sdf/test/auto/InferInitProductionDeeper.xml
----------------- Instantiating /home/travis/build/icyphy/ptII/ptolemy/domains/sdf/test/auto/InferInitProductionDeeper.xml
7 ms. Memory: 397312K Free: 320679K (81%)
----------------- Invoking toplevel() on ptolemy.moml.MoMLSimpleApplication@b727036
----------------- Done invoking toplevel() on ptolemy.moml.MoMLSimpleApplication@b727036
reloadAllAccessors: .InferInitProductionDeeper

===========================================================================================
----------------- testing Wed Jul 03 05:03:42 UTC 2019 /home/travis/build/icyphy/ptII/ptolemy/domains/sdf/test/auto/LMSAdaptive.xml
----------------- Instantiating /home/travis/build/icyphy/ptII/ptolemy/domains/sdf/test/auto/LMSAdaptive.xml
22 ms. Memory: 397312K Free: 310965K (78%)
----------------- Invoking toplevel() on ptolemy.moml.MoMLSimpleApplication@2b4a1677
----------------- Done invoking toplevel() on ptolemy.moml.MoMLSimpleApplication@2b4a1677
reloadAllAccessors: .LMSAdaptive

===========================================================================================
----------------- testing Wed Jul 03 05:03:42 UTC 2019 /home/travis/build/icyphy/ptII/ptolemy/domains/sdf/test/auto/LogisticMap.xml
----------------- Instantiating /home/travis/build/icyphy/ptII/ptolemy/domains/sdf/test/auto/LogisticMap.xml
435 ms. Memory: 397312K Free: 305333K (77%)
----------------- Invoking toplevel() on ptolemy.moml.MoMLSimpleApplication@504aa9c6
----------------- Done invoking toplevel() on ptolemy.moml.MoMLSimpleApplication@504aa9c6
reloadAllAccessors: .LogisticMap

===========================================================================================
----------------- testing Wed Jul 03 05:03:43 UTC 2019 /home/travis/build/icyphy/ptII/ptolemy/domains/sdf/test/auto/MaximumEntropySpectrum.xml
----------------- Instantiating /home/travis/build/icyphy/ptII/ptolemy/domains/sdf/test/auto/MaximumEntropySpectrum.xml
81 ms. Memory: 397312K Free: 243893K (61%)
----------------- Invoking toplevel() on ptolemy.moml.MoMLSimpleApplication@792d68da
----------------- Done invoking toplevel() on ptolemy.moml.MoMLSimpleApplication@792d68da
reloadAllAccessors: .MaximumEntropySpectrum

===========================================================================================
----------------- testing Wed Jul 03 05:03:43 UTC 2019 /home/travis/build/icyphy/ptII/ptolemy/domains/sdf/test/auto/MultirateSDF.xml
----------------- Instantiating /home/travis/build/icyphy/ptII/ptolemy/domains/sdf/test/auto/MultirateSDF.xml
19 ms. Memory: 397312K Free: 229047K (58%)
----------------- Invoking toplevel() on ptolemy.moml.MoMLSimpleApplication@ea4983c
----------------- Done invoking toplevel() on ptolemy.moml.MoMLSimpleApplication@ea4983c
reloadAllAccessors: .MultirateSDF

===========================================================================================
----------------- testing Wed Jul 03 05:03:43 UTC 2019 /home/travis/build/icyphy/ptII/ptolemy/domains/sdf/test/auto/MultirateSDFwithTransientStates.xml
----------------- Instantiating /home/travis/build/icyphy/ptII/ptolemy/domains/sdf/test/auto/MultirateSDFwithTransientStates.xml
16 ms. Memory: 397312K Free: 211119K (53%)
----------------- Invoking toplevel() on ptolemy.moml.MoMLSimpleApplication@4d915ba3
----------------- Done invoking toplevel() on ptolemy.moml.MoMLSimpleApplication@4d915ba3
reloadAllAccessors: .MultirateSDFwithTransientStates

===========================================================================================
----------------- testing Wed Jul 03 05:03:43 UTC 2019 /home/travis/build/icyphy/ptII/ptolemy/domains/sdf/test/auto/NoisySinewave.xml
----------------- Instantiating /home/travis/build/icyphy/ptII/ptolemy/domains/sdf/test/auto/NoisySinewave.xml
12 ms. Memory: 397312K Free: 194231K (49%)
----------------- Invoking toplevel() on ptolemy.moml.MoMLSimpleApplication@358479f2
----------------- Done invoking toplevel() on ptolemy.moml.MoMLSimpleApplication@358479f2
reloadAllAccessors: .NoisySinewave

===========================================================================================
----------------- testing Wed Jul 03 05:03:43 UTC 2019 /home/travis/build/icyphy/ptII/ptolemy/domains/sdf/test/auto/Objects.xml
----------------- Instantiating /home/travis/build/icyphy/ptII/ptolemy/domains/sdf/test/auto/Objects.xml
3 ms. Memory: 397312K Free: 186039K (47%)
----------------- Invoking toplevel() on ptolemy.moml.MoMLSimpleApplication@8dce1f2
----------------- Done invoking toplevel() on ptolemy.moml.MoMLSimpleApplication@8dce1f2
reloadAllAccessors: .Objects

===========================================================================================
----------------- testing Wed Jul 03 05:03:43 UTC 2019 /home/travis/build/icyphy/ptII/ptolemy/domains/sdf/test/auto/OrthogonalCom.xml
----------------- Instantiating /home/travis/build/icyphy/ptII/ptolemy/domains/sdf/test/auto/OrthogonalCom.xml
6 ms. Memory: 397312K Free: 178357K (45%)
----------------- Invoking toplevel() on ptolemy.moml.MoMLSimpleApplication@290f981c
----------------- Done invoking toplevel() on ptolemy.moml.MoMLSimpleApplication@290f981c
reloadAllAccessors: .OrthogonalCom

===========================================================================================
----------------- testing Wed Jul 03 05:03:43 UTC 2019 /home/travis/build/icyphy/ptII/ptolemy/domains/sdf/test/auto/RijndaelEncryption.xml
----------------- Instantiating /home/travis/build/icyphy/ptII/ptolemy/domains/sdf/test/auto/RijndaelEncryption.xml
277 ms. Memory: 397312K Free: 265760K (67%)
----------------- Invoking toplevel() on ptolemy.moml.MoMLSimpleApplication@5e82dac8
----------------- Done invoking toplevel() on ptolemy.moml.MoMLSimpleApplication@5e82dac8
reloadAllAccessors: .RijndaelEncryption

===========================================================================================
----------------- testing Wed Jul 03 05:03:44 UTC 2019 /home/travis/build/icyphy/ptII/ptolemy/domains/sdf/test/auto/SDFEmptyIterations.xml
----------------- Instantiating /home/travis/build/icyphy/ptII/ptolemy/domains/sdf/test/auto/SDFEmptyIterations.xml
8 ms. Memory: 397312K Free: 260640K (66%)
----------------- Invoking toplevel() on ptolemy.moml.MoMLSimpleApplication@1d5a410
----------------- Done invoking toplevel() on ptolemy.moml.MoMLSimpleApplication@1d5a410
reloadAllAccessors: .SDFEmptyIterations

===========================================================================================
----------------- testing Wed Jul 03 05:03:44 UTC 2019 /home/travis/build/icyphy/ptII/ptolemy/domains/sdf/test/auto/Spectrum.xml
----------------- Instantiating /home/travis/build/icyphy/ptII/ptolemy/domains/sdf/test/auto/Spectrum.xml
31 ms. Memory: 397312K Free: 236574K (60%)
----------------- Invoking toplevel() on ptolemy.moml.MoMLSimpleApplication@1f500924
----------------- Done invoking toplevel() on ptolemy.moml.MoMLSimpleApplication@1f500924
reloadAllAccessors: .Spectrum

===========================================================================================
----------------- testing Wed Jul 03 05:03:44 UTC 2019 /home/travis/build/icyphy/ptII/ptolemy/domains/sdf/test/auto/de_inside_sdf.xml
----------------- Instantiating /home/travis/build/icyphy/ptII/ptolemy/domains/sdf/test/auto/de_inside_sdf.xml
5 ms. Memory: 397312K Free: 230944K (58%)
----------------- Invoking toplevel() on ptolemy.moml.MoMLSimpleApplication@70507268
----------------- Done invoking toplevel() on ptolemy.moml.MoMLSimpleApplication@70507268
reloadAllAccessors: .de_inside_sdf

===========================================================================================
----------------- testing Wed Jul 03 05:03:44 UTC 2019 /home/travis/build/icyphy/ptII/ptolemy/domains/sdf/test/auto/disconnectedHierarchicalSDF.xml
----------------- Instantiating /home/travis/build/icyphy/ptII/ptolemy/domains/sdf/test/auto/disconnectedHierarchicalSDF.xml
6 ms. Memory: 397312K Free: 224800K (57%)
----------------- Invoking toplevel() on ptolemy.moml.MoMLSimpleApplication@1f893d3e
----------------- Done invoking toplevel() on ptolemy.moml.MoMLSimpleApplication@1f893d3e
reloadAllAccessors: .disconnectedHierarchicalSDF

===========================================================================================
----------------- testing Wed Jul 03 05:03:44 UTC 2019 /home/travis/build/icyphy/ptII/ptolemy/domains/sdf/test/auto/disconnectedSDF.xml
----------------- Instantiating /home/travis/build/icyphy/ptII/ptolemy/domains/sdf/test/auto/disconnectedSDF.xml
2 ms. Memory: 397312K Free: 220704K (56%)
----------------- Invoking toplevel() on ptolemy.moml.MoMLSimpleApplication@60fa4583
----------------- Done invoking toplevel() on ptolemy.moml.MoMLSimpleApplication@60fa4583
reloadAllAccessors: .disconnectedSDF

===========================================================================================
----------------- testing Wed Jul 03 05:03:44 UTC 2019 /home/travis/build/icyphy/ptII/ptolemy/domains/sdf/test/auto/emptyRefinement.xml
----------------- Instantiating /home/travis/build/icyphy/ptII/ptolemy/domains/sdf/test/auto/emptyRefinement.xml
3 ms. Memory: 397312K Free: 217088K (55%)
----------------- Invoking toplevel() on ptolemy.moml.MoMLSimpleApplication@70b03ff1
----------------- Done invoking toplevel() on ptolemy.moml.MoMLSimpleApplication@70b03ff1
reloadAllAccessors: .emptyRefinement

===========================================================================================
----------------- testing Wed Jul 03 05:03:44 UTC 2019 /home/travis/build/icyphy/ptII/ptolemy/domains/sdf/test/auto/filePortParameter.xml
----------------- Instantiating /home/travis/build/icyphy/ptII/ptolemy/domains/sdf/test/auto/filePortParameter.xml
8 ms. Memory: 397312K Free: 209950K (53%)
----------------- Invoking toplevel() on ptolemy.moml.MoMLSimpleApplication@5adfbdcc
----------------- Done invoking toplevel() on ptolemy.moml.MoMLSimpleApplication@5adfbdcc
reloadAllAccessors: .filePortParameter

===========================================================================================
----------------- testing Wed Jul 03 05:03:44 UTC 2019 /home/travis/build/icyphy/ptII/ptolemy/domains/sdf/test/auto/inferRelationWidth1.xml
----------------- Instantiating /home/travis/build/icyphy/ptII/ptolemy/domains/sdf/test/auto/inferRelationWidth1.xml
2 ms. Memory: 397312K Free: 206368K (52%)
----------------- Invoking toplevel() on ptolemy.moml.MoMLSimpleApplication@f69f732
----------------- Done invoking toplevel() on ptolemy.moml.MoMLSimpleApplication@f69f732
reloadAllAccessors: .inferRelationWidth1

===========================================================================================
----------------- testing Wed Jul 03 05:03:44 UTC 2019 /home/travis/build/icyphy/ptII/ptolemy/domains/sdf/test/auto/initProductionInference.xml
----------------- Instantiating /home/travis/build/icyphy/ptII/ptolemy/domains/sdf/test/auto/initProductionInference.xml
6 ms. Memory: 397312K Free: 202768K (51%)
----------------- Invoking toplevel() on ptolemy.moml.MoMLSimpleApplication@392ba3dc
----------------- Done invoking toplevel() on ptolemy.moml.MoMLSimpleApplication@392ba3dc
reloadAllAccessors: .initProductionInference

===========================================================================================
----------------- testing Wed Jul 03 05:03:44 UTC 2019 /home/travis/build/icyphy/ptII/ptolemy/domains/sdf/test/auto/relationGroup.xml
----------------- Instantiating /home/travis/build/icyphy/ptII/ptolemy/domains/sdf/test/auto/relationGroup.xml
3 ms. Memory: 397312K Free: 199200K (50%)
----------------- Invoking toplevel() on ptolemy.moml.MoMLSimpleApplication@566d0296
----------------- Done invoking toplevel() on ptolemy.moml.MoMLSimpleApplication@566d0296
reloadAllAccessors: .relationGroup

===========================================================================================
----------------- testing Wed Jul 03 05:03:44 UTC 2019 /home/travis/build/icyphy/ptII/ptolemy/domains/sdf/test/auto/relationGroup10.xml
----------------- Instantiating /home/travis/build/icyphy/ptII/ptolemy/domains/sdf/test/auto/relationGroup10.xml
3 ms. Memory: 397312K Free: 196128K (49%)
----------------- Invoking toplevel() on ptolemy.moml.MoMLSimpleApplication@64b84e77
----------------- Done invoking toplevel() on ptolemy.moml.MoMLSimpleApplication@64b84e77
reloadAllAccessors: .relationGroup10

===========================================================================================
----------------- testing Wed Jul 03 05:03:44 UTC 2019 /home/travis/build/icyphy/ptII/ptolemy/domains/sdf/test/auto/relationGroup11.xml
----------------- Instantiating /home/travis/build/icyphy/ptII/ptolemy/domains/sdf/test/auto/relationGroup11.xml
2 ms. Memory: 397312K Free: 192032K (48%)
----------------- Invoking toplevel() on ptolemy.moml.MoMLSimpleApplication@2a9b50f5
----------------- Done invoking toplevel() on ptolemy.moml.MoMLSimpleApplication@2a9b50f5
reloadAllAccessors: .relationGroup11

===========================================================================================
----------------- testing Wed Jul 03 05:03:44 UTC 2019 /home/travis/build/icyphy/ptII/ptolemy/domains/sdf/test/auto/relationGroup12.xml
----------------- Instantiating /home/travis/build/icyphy/ptII/ptolemy/domains/sdf/test/auto/relationGroup12.xml
2 ms. Memory: 397312K Free: 188446K (47%)
----------------- Invoking toplevel() on ptolemy.moml.MoMLSimpleApplication@7ff11906
----------------- Done invoking toplevel() on ptolemy.moml.MoMLSimpleApplication@7ff11906
reloadAllAccessors: .relationGroup12

===========================================================================================
----------------- testing Wed Jul 03 05:03:44 UTC 2019 /home/travis/build/icyphy/ptII/ptolemy/domains/sdf/test/auto/relationGroup13.xml
----------------- Instantiating /home/travis/build/icyphy/ptII/ptolemy/domains/sdf/test/auto/relationGroup13.xml
11 ms. Memory: 397312K Free: 183840K (46%)
----------------- Invoking toplevel() on ptolemy.moml.MoMLSimpleApplication@4e140817
----------------- Done invoking toplevel() on ptolemy.moml.MoMLSimpleApplication@4e140817
reloadAllAccessors: .relationGroup13

===========================================================================================
----------------- testing Wed Jul 03 05:03:44 UTC 2019 /home/travis/build/icyphy/ptII/ptolemy/domains/sdf/test/auto/relationGroup14.xml
----------------- Instantiating /home/travis/build/icyphy/ptII/ptolemy/domains/sdf/test/auto/relationGroup14.xml
3 ms. Memory: 397312K Free: 178720K (45%)
----------------- Invoking toplevel() on ptolemy.moml.MoMLSimpleApplication@5c96d37c
----------------- Done invoking toplevel() on ptolemy.moml.MoMLSimpleApplication@5c96d37c
reloadAllAccessors: .relationGroup14

===========================================================================================
----------------- testing Wed Jul 03 05:03:44 UTC 2019 /home/travis/build/icyphy/ptII/ptolemy/domains/sdf/test/auto/relationGroup15.xml
----------------- Instantiating /home/travis/build/icyphy/ptII/ptolemy/domains/sdf/test/auto/relationGroup15.xml
3 ms. Memory: 397312K Free: 175134K (44%)
----------------- Invoking toplevel() on ptolemy.moml.MoMLSimpleApplication@9d99947
----------------- Done invoking toplevel() on ptolemy.moml.MoMLSimpleApplication@9d99947
reloadAllAccessors: .relationGroup15

===========================================================================================
----------------- testing Wed Jul 03 05:03:44 UTC 2019 /home/travis/build/icyphy/ptII/ptolemy/domains/sdf/test/auto/relationGroup2.xml
----------------- Instantiating /home/travis/build/icyphy/ptII/ptolemy/domains/sdf/test/auto/relationGroup2.xml
3 ms. Memory: 397312K Free: 171552K (43%)
----------------- Invoking toplevel() on ptolemy.moml.MoMLSimpleApplication@1762bfde
----------------- Done invoking toplevel() on ptolemy.moml.MoMLSimpleApplication@1762bfde
reloadAllAccessors: .relationGroup2

===========================================================================================
----------------- testing Wed Jul 03 05:03:44 UTC 2019 /home/travis/build/icyphy/ptII/ptolemy/domains/sdf/test/auto/relationGroup3.xml
----------------- Instantiating /home/travis/build/icyphy/ptII/ptolemy/domains/sdf/test/auto/relationGroup3.xml
1 ms. Memory: 397312K Free: 168480K (42%)
----------------- Invoking toplevel() on ptolemy.moml.MoMLSimpleApplication@36bf119
----------------- Done invoking toplevel() on ptolemy.moml.MoMLSimpleApplication@36bf119
reloadAllAccessors: .relationGroup3

===========================================================================================
----------------- testing Wed Jul 03 05:03:44 UTC 2019 /home/travis/build/icyphy/ptII/ptolemy/domains/sdf/test/auto/relationGroup4.xml
----------------- Instantiating /home/travis/build/icyphy/ptII/ptolemy/domains/sdf/test/auto/relationGroup4.xml
8 ms. Memory: 397312K Free: 163870K (41%)
----------------- Invoking toplevel() on ptolemy.moml.MoMLSimpleApplication@1e783c63
----------------- Done invoking toplevel() on ptolemy.moml.MoMLSimpleApplication@1e783c63
reloadAllAccessors: .relationGroup4

===========================================================================================
----------------- testing Wed Jul 03 05:03:44 UTC 2019 /home/travis/build/icyphy/ptII/ptolemy/domains/sdf/test/auto/relationGroup5.xml
----------------- Instantiating /home/travis/build/icyphy/ptII/ptolemy/domains/sdf/test/auto/relationGroup5.xml
2 ms. Memory: 397312K Free: 159774K (40%)
----------------- Invoking toplevel() on ptolemy.moml.MoMLSimpleApplication@6ed1bb5d
----------------- Done invoking toplevel() on ptolemy.moml.MoMLSimpleApplication@6ed1bb5d
reloadAllAccessors: .relationGroup5

===========================================================================================
----------------- testing Wed Jul 03 05:03:44 UTC 2019 /home/travis/build/icyphy/ptII/ptolemy/domains/sdf/test/auto/relationGroup6.xml
----------------- Instantiating /home/travis/build/icyphy/ptII/ptolemy/domains/sdf/test/auto/relationGroup6.xml
2 ms. Memory: 397312K Free: 155678K (39%)
----------------- Invoking toplevel() on ptolemy.moml.MoMLSimpleApplication@a2d5db8
----------------- Done invoking toplevel() on ptolemy.moml.MoMLSimpleApplication@a2d5db8
reloadAllAccessors: .relationGroup6

===========================================================================================
----------------- testing Wed Jul 03 05:03:44 UTC 2019 /home/travis/build/icyphy/ptII/ptolemy/domains/sdf/test/auto/relationGroup7.xml
----------------- Instantiating /home/travis/build/icyphy/ptII/ptolemy/domains/sdf/test/auto/relationGroup7.xml
1 ms. Memory: 397312K Free: 152096K (38%)
----------------- Invoking toplevel() on ptolemy.moml.MoMLSimpleApplication@5ca32a03
----------------- Done invoking toplevel() on ptolemy.moml.MoMLSimpleApplication@5ca32a03
reloadAllAccessors: .relationGroup7

===========================================================================================
----------------- testing Wed Jul 03 05:03:44 UTC 2019 /home/travis/build/icyphy/ptII/ptolemy/domains/sdf/test/auto/relationGroup8.xml
----------------- Instantiating /home/travis/build/icyphy/ptII/ptolemy/domains/sdf/test/auto/relationGroup8.xml
2 ms. Memory: 397312K Free: 149024K (38%)
----------------- Invoking toplevel() on ptolemy.moml.MoMLSimpleApplication@17720337
----------------- Done invoking toplevel() on ptolemy.moml.MoMLSimpleApplication@17720337
reloadAllAccessors: .relationGroup8

===========================================================================================
----------------- testing Wed Jul 03 05:03:44 UTC 2019 /home/travis/build/icyphy/ptII/ptolemy/domains/sdf/test/auto/relationGroup9.xml
----------------- Instantiating /home/travis/build/icyphy/ptII/ptolemy/domains/sdf/test/auto/relationGroup9.xml
5 ms. Memory: 397312K Free: 380768K (96%)
----------------- Invoking toplevel() on ptolemy.moml.MoMLSimpleApplication@43d78ed6
----------------- Done invoking toplevel() on ptolemy.moml.MoMLSimpleApplication@43d78ed6
reloadAllAccessors: .relationGroup9

===========================================================================================
----------------- testing Wed Jul 03 05:03:44 UTC 2019 /home/travis/build/icyphy/ptII/ptolemy/domains/sdf/test/auto/sdf_inside_de.xml
----------------- Instantiating /home/travis/build/icyphy/ptII/ptolemy/domains/sdf/test/auto/sdf_inside_de.xml
11 ms. Memory: 397312K Free: 372064K (94%)
----------------- Invoking toplevel() on ptolemy.moml.MoMLSimpleApplication@3ca0b926
----------------- Done invoking toplevel() on ptolemy.moml.MoMLSimpleApplication@3ca0b926
reloadAllAccessors: .sdf_inside_de

===========================================================================================
----------------- testing Wed Jul 03 05:03:44 UTC 2019 /home/travis/build/icyphy/ptII/ptolemy/domains/sdf/test/auto/sdf_inside_pn.xml
----------------- Instantiating /home/travis/build/icyphy/ptII/ptolemy/domains/sdf/test/auto/sdf_inside_pn.xml
41 ms. Memory: 397312K Free: 362848K (91%)
----------------- Invoking toplevel() on ptolemy.moml.MoMLSimpleApplication@7c2f6b57
----------------- Done invoking toplevel() on ptolemy.moml.MoMLSimpleApplication@7c2f6b57
reloadAllAccessors: .sdf_inside_pn

===========================================================================================
----------------- testing Wed Jul 03 05:03:45 UTC 2019 /home/travis/build/icyphy/ptII/ptolemy/domains/sdf/test/auto/sdf_sdf1.xml
----------------- Instantiating /home/travis/build/icyphy/ptII/ptolemy/domains/sdf/test/auto/sdf_sdf1.xml
4 ms. Memory: 397312K Free: 357714K (90%)
----------------- Invoking toplevel() on ptolemy.moml.MoMLSimpleApplication@434da995
----------------- Done invoking toplevel() on ptolemy.moml.MoMLSimpleApplication@434da995
reloadAllAccessors: .sdf_sdf1

===========================================================================================
----------------- testing Wed Jul 03 05:03:45 UTC 2019 /home/travis/build/icyphy/ptII/ptolemy/domains/sdf/test/auto/test1.xml
----------------- Instantiating /home/travis/build/icyphy/ptII/ptolemy/domains/sdf/test/auto/test1.xml
3 ms. Memory: 397312K Free: 352608K (89%)
----------------- Invoking toplevel() on ptolemy.moml.MoMLSimpleApplication@4dea41e2
----------------- Done invoking toplevel() on ptolemy.moml.MoMLSimpleApplication@4dea41e2
reloadAllAccessors: .test1

===========================================================================================
----------------- testing Wed Jul 03 05:03:45 UTC 2019 /home/travis/build/icyphy/ptII/ptolemy/domains/sdf/test/auto/time1.xml
----------------- Instantiating /home/travis/build/icyphy/ptII/ptolemy/domains/sdf/test/auto/time1.xml
2 ms. Memory: 397312K Free: 349026K (88%)
----------------- Invoking toplevel() on ptolemy.moml.MoMLSimpleApplication@1ade1ab1
----------------- Done invoking toplevel() on ptolemy.moml.MoMLSimpleApplication@1ade1ab1
reloadAllAccessors: .time1

===========================================================================================
----------------- testing Wed Jul 03 05:03:45 UTC 2019 /home/travis/build/icyphy/ptII/ptolemy/domains/sdf/test/auto/time2.xml
----------------- Instantiating /home/travis/build/icyphy/ptII/ptolemy/domains/sdf/test/auto/time2.xml
2 ms. Memory: 397312K Free: 345954K (87%)
----------------- Invoking toplevel() on ptolemy.moml.MoMLSimpleApplication@68d3e302
----------------- Done invoking toplevel() on ptolemy.moml.MoMLSimpleApplication@68d3e302
reloadAllAccessors: .time2

===========================================================================================
----------------- testing Wed Jul 03 05:03:45 UTC 2019 /home/travis/build/icyphy/ptII/ptolemy/domains/sdf/test/auto/time3.xml
----------------- Instantiating /home/travis/build/icyphy/ptII/ptolemy/domains/sdf/test/auto/time3.xml
6 ms. Memory: 397312K Free: 340834K (86%)
----------------- Invoking toplevel() on ptolemy.moml.MoMLSimpleApplication@2023de6b
----------------- Done invoking toplevel() on ptolemy.moml.MoMLSimpleApplication@2023de6b
reloadAllAccessors: .time3

===========================================================================================
----------------- testing Wed Jul 03 05:03:45 UTC 2019 /home/travis/build/icyphy/ptII/ptolemy/domains/sdf/test/auto/time4.xml
----------------- Instantiating /home/travis/build/icyphy/ptII/ptolemy/domains/sdf/test/auto/time4.xml
6 ms. Memory: 397312K Free: 335186K (84%)
----------------- Invoking toplevel() on ptolemy.moml.MoMLSimpleApplication@7dc80568
----------------- Done invoking toplevel() on ptolemy.moml.MoMLSimpleApplication@7dc80568
reloadAllAccessors: .time4

===========================================================================================
----------------- testing Wed Jul 03 05:03:45 UTC 2019 /home/travis/build/icyphy/ptII/ptolemy/domains/sdf/test/auto/time5.xml
----------------- Instantiating /home/travis/build/icyphy/ptII/ptolemy/domains/sdf/test/auto/time5.xml
4003 ms. Memory: 397312K Free: 332128K (84%)
----------------- Invoking toplevel() on ptolemy.moml.MoMLSimpleApplication@1ef627d8
----------------- Done invoking toplevel() on ptolemy.moml.MoMLSimpleApplication@1ef627d8
reloadAllAccessors: .time5

===========================================================================================
----------------- testing Wed Jul 03 05:03:49 UTC 2019 /home/travis/build/icyphy/ptII/ptolemy/domains/sdf/test/auto/typeSystem_Const_Integer_smallest_Type.xml
----------------- Instantiating /home/travis/build/icyphy/ptII/ptolemy/domains/sdf/test/auto/typeSystem_Const_Integer_smallest_Type.xml
6 ms. Memory: 397312K Free: 327008K (82%)
----------------- Invoking toplevel() on ptolemy.moml.MoMLSimpleApplication@64d0e377
----------------- Done invoking toplevel() on ptolemy.moml.MoMLSimpleApplication@64d0e377
reloadAllAccessors: .typeSystem_Const_Integer_smallest_Type

===========================================================================================
----------------- testing Wed Jul 03 05:03:49 UTC 2019 /home/travis/build/icyphy/ptII/ptolemy/domains/sdf/test/auto/typeSystem_declared_Inports_OutportTypeException.xml
----------------- Instantiating /home/travis/build/icyphy/ptII/ptolemy/domains/sdf/test/auto/typeSystem_declared_Inports_OutportTypeException.xml
.typeSystem_declared_Inports_OutportTypeException.TestExceptionAttribute: initialize() was not invoked, but wrapup() was.  This is unusual, but not always a problem.  For example, exporting JNLP will do this.
4 ms. Memory: 397312K Free: 322912K (81%)
----------------- Invoking toplevel() on ptolemy.moml.MoMLSimpleApplication@328faa0c
----------------- Done invoking toplevel() on ptolemy.moml.MoMLSimpleApplication@328faa0c
reloadAllAccessors: .typeSystem_declared_Inports_OutportTypeException

===========================================================================================
----------------- testing Wed Jul 03 05:03:49 UTC 2019 /home/travis/build/icyphy/ptII/ptolemy/domains/sdf/test/auto/typeSystem_oneDeclaredInportType_wrongTypeOutport.xml
----------------- Instantiating /home/travis/build/icyphy/ptII/ptolemy/domains/sdf/test/auto/typeSystem_oneDeclaredInportType_wrongTypeOutport.xml
3 ms. Memory: 397312K Free: 318306K (80%)
----------------- Invoking toplevel() on ptolemy.moml.MoMLSimpleApplication@708699d6
----------------- Done invoking toplevel() on ptolemy.moml.MoMLSimpleApplication@708699d6
reloadAllAccessors: .typeSystem_oneDeclaredInportType_wrongTypeOutport

===========================================================================================
----------------- testing Wed Jul 03 05:03:49 UTC 2019 /home/travis/build/icyphy/ptII/ptolemy/domains/sdf/test/auto/width.xml
----------------- Instantiating /home/travis/build/icyphy/ptII/ptolemy/domains/sdf/test/auto/width.xml
10 ms. Memory: 397312K Free: 314720K (79%)
----------------- Invoking toplevel() on ptolemy.moml.MoMLSimpleApplication@5759c0c0
----------------- Done invoking toplevel() on ptolemy.moml.MoMLSimpleApplication@5759c0c0
reloadAllAccessors: .width

===========================================================================================
----------------- testing Wed Jul 03 05:03:49 UTC 2019 /home/travis/build/icyphy/ptII/ptolemy/domains/sdf/test/auto/width2.xml
----------------- Instantiating /home/travis/build/icyphy/ptII/ptolemy/domains/sdf/test/auto/width2.xml
35 ms. Memory: 397312K Free: 310114K (78%)
----------------- Invoking toplevel() on ptolemy.moml.MoMLSimpleApplication@6338092b
----------------- Done invoking toplevel() on ptolemy.moml.MoMLSimpleApplication@6338092b
reloadAllAccessors: .width2

===========================================================================================
----------------- testing Wed Jul 03 05:03:49 UTC 2019 /home/travis/build/icyphy/ptII/ptolemy/domains/sdf/test/auto/width3.xml
----------------- Instantiating /home/travis/build/icyphy/ptII/ptolemy/domains/sdf/test/auto/width3.xml
35 ms. Memory: 397312K Free: 304994K (77%)
----------------- Invoking toplevel() on ptolemy.moml.MoMLSimpleApplication@5d43db4b
----------------- Done invoking toplevel() on ptolemy.moml.MoMLSimpleApplication@5d43db4b
reloadAllAccessors: .width3
AutoTests.java: About to close Vertx.
AutoTests.java: Vertx closed.
]]></system-out>
  <system-err><![CDATA[java.lang.RuntimeException: Execution failed
	at ptolemy.moml.MoMLSimpleApplication$UnloadThread.run(MoMLSimpleApplication.java:402)
Caused by: ptolemy.actor.sched.NotSchedulableException: No solution exists for the balance equations.
Graph is not consistent under the SDF domain detected on external port .rateConsistency.actor.port2
  in .rateConsistency.SDF Director.Scheduler
	at ptolemy.domains.sdf.kernel.SDFScheduler._propagatePort(SDFScheduler.java:1425)
	at ptolemy.domains.sdf.kernel.SDFScheduler._solveBalanceEquations(SDFScheduler.java:710)
	at ptolemy.domains.sdf.kernel.SDFScheduler._getSchedule(SDFScheduler.java:566)
	at ptolemy.actor.sched.Scheduler.getSchedule(Scheduler.java:189)
	at ptolemy.domains.sdf.kernel.SDFDirector.createSchedule(SDFDirector.java:408)
	at ptolemy.domains.sdf.kernel.SDFDirector.preinitialize(SDFDirector.java:764)
	at ptolemy.actor.CompositeActor.preinitialize(CompositeActor.java:1828)
	at ptolemy.actor.Manager.preinitializeAndResolveTypes(Manager.java:1040)
	at ptolemy.actor.Manager.initialize(Manager.java:710)
	at ptolemy.actor.Manager.execute(Manager.java:356)
	at ptolemy.actor.Manager.run(Manager.java:1263)
	at ptolemy.actor.Manager$PtolemyRunThread.run(Manager.java:1915)
java.lang.RuntimeException: Execution failed
	at ptolemy.moml.MoMLSimpleApplication$UnloadThread.run(MoMLSimpleApplication.java:402)
Caused by: ptolemy.kernel.util.IllegalActionException: Failed to compute schedule:
  in .badRateChanges.typed composite actor.SDF Director
Because:
The SDF rate parameter may change. This is not allowed in SDF models that will be run through the code generator.  If you don't care about code generation, then you might consider setting the allowRateChanges parameter of the SDF director to false.
  in .badRateChanges.typed composite actor.Repeat.output.tokenProductionRate
	at ptolemy.domains.sdf.kernel.SDFDirector.createSchedule(SDFDirector.java:418)
	at ptolemy.domains.sdf.kernel.SDFDirector.preinitialize(SDFDirector.java:764)
	at ptolemy.actor.CompositeActor.preinitialize(CompositeActor.java:1828)
	at ptolemy.actor.Director.preinitialize(Director.java:1302)
	at ptolemy.actor.Director.preinitialize(Director.java:1257)
	at ptolemy.domains.sdf.kernel.SDFDirector.preinitialize(SDFDirector.java:763)
	at ptolemy.actor.CompositeActor.preinitialize(CompositeActor.java:1828)
	at ptolemy.actor.Manager.preinitializeAndResolveTypes(Manager.java:1040)
	at ptolemy.actor.Manager.initialize(Manager.java:710)
	at ptolemy.actor.Manager.execute(Manager.java:356)
	at ptolemy.actor.Manager.run(Manager.java:1263)
	at ptolemy.actor.Manager$PtolemyRunThread.run(Manager.java:1915)
Caused by: ptolemy.kernel.util.IllegalActionException: The SDF rate parameter may change. This is not allowed in SDF models that will be run through the code generator.  If you don't care about code generation, then you might consider setting the allowRateChanges parameter of the SDF director to false.
  in .badRateChanges.typed composite actor.Repeat.output.tokenProductionRate
	at ptolemy.domains.sdf.kernel.SDFScheduler._assertDynamicRateVariable(SDFScheduler.java:931)
	at ptolemy.domains.sdf.kernel.SDFScheduler._checkDynamicRateVariables(SDFScheduler.java:339)
	at ptolemy.domains.sdf.kernel.SDFScheduler._getSchedule(SDFScheduler.java:527)
	at ptolemy.actor.sched.Scheduler.getSchedule(Scheduler.java:189)
	at ptolemy.domains.sdf.kernel.SDFDirector.createSchedule(SDFDirector.java:408)
	... 11 more
java.lang.RuntimeException: Execution failed
	at ptolemy.moml.MoMLSimpleApplication$UnloadThread.run(MoMLSimpleApplication.java:402)
Caused by: ptolemy.kernel.util.IllegalActionException: Failed to compute schedule:
  in .badRateChanges2.typed composite actor.SDF Director
Because:
The SDF rate parameter may change. This is not allowed in SDF models that will be run through the code generator.  If you don't care about code generation, then you might consider setting the allowRateChanges parameter of the SDF director to false.
  in .badRateChanges2.typed composite actor.Repeat.output.tokenProductionRate
	at ptolemy.domains.sdf.kernel.SDFDirector.createSchedule(SDFDirector.java:418)
	at ptolemy.domains.sdf.kernel.SDFDirector.preinitialize(SDFDirector.java:764)
	at ptolemy.actor.CompositeActor.preinitialize(CompositeActor.java:1828)
	at ptolemy.actor.Director.preinitialize(Director.java:1302)
	at ptolemy.actor.Director.preinitialize(Director.java:1257)
	at ptolemy.domains.sdf.kernel.SDFDirector.preinitialize(SDFDirector.java:763)
	at ptolemy.actor.CompositeActor.preinitialize(CompositeActor.java:1828)
	at ptolemy.actor.Manager.preinitializeAndResolveTypes(Manager.java:1040)
	at ptolemy.actor.Manager.initialize(Manager.java:710)
	at ptolemy.actor.Manager.execute(Manager.java:356)
	at ptolemy.actor.Manager.run(Manager.java:1263)
	at ptolemy.actor.Manager$PtolemyRunThread.run(Manager.java:1915)
Caused by: ptolemy.kernel.util.IllegalActionException: The SDF rate parameter may change. This is not allowed in SDF models that will be run through the code generator.  If you don't care about code generation, then you might consider setting the allowRateChanges parameter of the SDF director to false.
  in .badRateChanges2.typed composite actor.Repeat.output.tokenProductionRate
	at ptolemy.domains.sdf.kernel.SDFScheduler._assertDynamicRateVariable(SDFScheduler.java:931)
	at ptolemy.domains.sdf.kernel.SDFScheduler._checkDynamicRateVariables(SDFScheduler.java:339)
	at ptolemy.domains.sdf.kernel.SDFScheduler._getSchedule(SDFScheduler.java:527)
	at ptolemy.actor.sched.Scheduler.getSchedule(Scheduler.java:189)
	at ptolemy.domains.sdf.kernel.SDFDirector.createSchedule(SDFDirector.java:408)
	... 11 more
java.lang.RuntimeException: Execution failed
	at ptolemy.moml.MoMLSimpleApplication$UnloadThread.run(MoMLSimpleApplication.java:402)
Caused by: ptolemy.actor.sched.NotSchedulableException: Actors remain that cannot be scheduled!

There are several possible reasons:
* SDF Graphs with feedback loops should have an actor with a delay in the loop, such as a SampleDelay.
* The SDF director has an "allowDisconnectedGraphs"parameter, which, when true, permits disconnected SDF graphs.
* The token consumption rate and production rates might be mismatched.
Usually, actors produce one token or consume one token on a port.  To produce or consume multiple tokens per firing, add a "tokenConsumptionRate" or "tokenProductionRate" parameter to the appropriate port.
Unscheduled actors:
.partiallyConnected.Const2 
Scheduled actors:
.partiallyConnected.Const 
  in .partiallyConnected.SDF Director.Scheduler
	at ptolemy.domains.sdf.kernel.SDFScheduler._scheduleConnectedActors(SDFScheduler.java:1828)
	at ptolemy.domains.sdf.kernel.SDFScheduler._getSchedule(SDFScheduler.java:587)
	at ptolemy.actor.sched.Scheduler.getSchedule(Scheduler.java:189)
	at ptolemy.domains.sdf.kernel.SDFDirector.createSchedule(SDFDirector.java:408)
	at ptolemy.domains.sdf.kernel.SDFDirector.preinitialize(SDFDirector.java:764)
	at ptolemy.actor.CompositeActor.preinitialize(CompositeActor.java:1828)
	at ptolemy.actor.Manager.preinitializeAndResolveTypes(Manager.java:1040)
	at ptolemy.actor.Manager.initialize(Manager.java:710)
	at ptolemy.actor.Manager.execute(Manager.java:356)
	at ptolemy.actor.Manager.run(Manager.java:1263)
	at ptolemy.actor.Manager$PtolemyRunThread.run(Manager.java:1915)
]]></system-err>
</testsuite>
