<?xml version="1.0" encoding="UTF-8" ?>
<testsuite errors="0" failures="0" hostname="travis-job-797dc051-c23d-44f8-988a-d3e82fdd6589" name="ptolemy.domains.modal.test.junit.JUnitTclTest" skipped="0" tests="148" time="9.431" timestamp="2018-12-16T03:06:02">
  <properties>
[...]
</properties>
  <testcase classname="ptolemy.util.test.junit.TclTests" name="[0] /home/travis/build/icyphy/ptII/ptolemy/domains/modal/test/SystemLevelType.tcl (RunTclFile)" time="1.648" />
  <testcase classname="ptolemy.util.test.junit.AutoKnownFailedTests" name="[0] /home/travis/build/icyphy/ptII/ptolemy/domains/modal/test/auto/knownFailedTests/CannotAnalysisWithPreemption.xml (RunModel)" time="0.108" />
  <testcase classname="ptolemy.util.test.junit.AutoNameArchTests" name="[0] ThereAreNoAutoArchTests (RunModel)" time="0.005" />
  <testcase classname="ptolemy.util.test.junit.AutoTests" name="[0] /home/travis/build/icyphy/ptII/ptolemy/domains/modal/test/auto/ABPTest.xml (RunModel)" time="0.621" />
  <testcase classname="ptolemy.util.test.junit.AutoTests" name="[1] /home/travis/build/icyphy/ptII/ptolemy/domains/modal/test/auto/ABROFlat.xml (RunModel)" time="0.07" />
  <testcase classname="ptolemy.util.test.junit.AutoTests" name="[2] /home/travis/build/icyphy/ptII/ptolemy/domains/modal/test/auto/ABROFlat2.xml (RunModel)" time="0.069" />
  <testcase classname="ptolemy.util.test.junit.AutoTests" name="[3] /home/travis/build/icyphy/ptII/ptolemy/domains/modal/test/auto/ABRO_present_hmm.xml (RunModel)" time="0.145" />
  <testcase classname="ptolemy.util.test.junit.AutoTests" name="[4] /home/travis/build/icyphy/ptII/ptolemy/domains/modal/test/auto/AMICoderExample.xml (RunModel)" time="0.051" />
  <testcase classname="ptolemy.util.test.junit.AutoTests" name="[5] /home/travis/build/icyphy/ptII/ptolemy/domains/modal/test/auto/AbsentToPresent.xml (RunModel)" time="0.02" />
  <testcase classname="ptolemy.util.test.junit.AutoTests" name="[6] /home/travis/build/icyphy/ptII/ptolemy/domains/modal/test/auto/Blending.xml (RunModel)" time="0.267" />
  <testcase classname="ptolemy.util.test.junit.AutoTests" name="[7] /home/travis/build/icyphy/ptII/ptolemy/domains/modal/test/auto/Broadcast.xml (RunModel)" time="0.046" />
  <testcase classname="ptolemy.util.test.junit.AutoTests" name="[8] /home/travis/build/icyphy/ptII/ptolemy/domains/modal/test/auto/BroadcastHierarchy.xml (RunModel)" time="0.064" />
  <testcase classname="ptolemy.util.test.junit.AutoTests" name="[9] /home/travis/build/icyphy/ptII/ptolemy/domains/modal/test/auto/BroadcastHierarchy2.xml (RunModel)" time="0.111" />
  <testcase classname="ptolemy.util.test.junit.AutoTests" name="[10] /home/travis/build/icyphy/ptII/ptolemy/domains/modal/test/auto/BroadcastHierarchy3.xml (RunModel)" time="0.118" />
  <testcase classname="ptolemy.util.test.junit.AutoTests" name="[11] /home/travis/build/icyphy/ptII/ptolemy/domains/modal/test/auto/BroadcastHierarchy4.xml (RunModel)" time="0.1" />
  <testcase classname="ptolemy.util.test.junit.AutoTests" name="[12] /home/travis/build/icyphy/ptII/ptolemy/domains/modal/test/auto/CannotAnalysisWithPreemption2.xml (RunModel)" time="0.037" />
  <testcase classname="ptolemy.util.test.junit.AutoTests" name="[13] /home/travis/build/icyphy/ptII/ptolemy/domains/modal/test/auto/CannotAnalysisWithPreemption3.xml (RunModel)" time="0.05" />
  <testcase classname="ptolemy.util.test.junit.AutoTests" name="[14] /home/travis/build/icyphy/ptII/ptolemy/domains/modal/test/auto/CannotProduce.xml (RunModel)" time="0.032" />
  <testcase classname="ptolemy.util.test.junit.AutoTests" name="[15] /home/travis/build/icyphy/ptII/ptolemy/domains/modal/test/auto/CannotProduceModal.xml (RunModel)" time="0.039" />
  <testcase classname="ptolemy.util.test.junit.AutoTests" name="[16] /home/travis/build/icyphy/ptII/ptolemy/domains/modal/test/auto/Case.xml (RunModel)" time="0.076" />
  <testcase classname="ptolemy.util.test.junit.AutoTests" name="[17] /home/travis/build/icyphy/ptII/ptolemy/domains/modal/test/auto/Case1.xml (RunModel)" time="0.027" />
  <testcase classname="ptolemy.util.test.junit.AutoTests" name="[18] /home/travis/build/icyphy/ptII/ptolemy/domains/modal/test/auto/Case2.xml (RunModel)" time="0.057" />
  <testcase classname="ptolemy.util.test.junit.AutoTests" name="[19] /home/travis/build/icyphy/ptII/ptolemy/domains/modal/test/auto/CausalityInterface1.xml (RunModel)" time="0.022" />
  <testcase classname="ptolemy.util.test.junit.AutoTests" name="[20] /home/travis/build/icyphy/ptII/ptolemy/domains/modal/test/auto/CausalityInterface10.xml (RunModel)" time="0.049" />
  <testcase classname="ptolemy.util.test.junit.AutoTests" name="[21] /home/travis/build/icyphy/ptII/ptolemy/domains/modal/test/auto/CausalityInterface11.xml (RunModel)" time="0.053" />
  <testcase classname="ptolemy.util.test.junit.AutoTests" name="[22] /home/travis/build/icyphy/ptII/ptolemy/domains/modal/test/auto/CausalityInterface12.xml (RunModel)" time="0.055" />
  <testcase classname="ptolemy.util.test.junit.AutoTests" name="[23] /home/travis/build/icyphy/ptII/ptolemy/domains/modal/test/auto/CausalityInterface13.xml (RunModel)" time="0.054" />
  <testcase classname="ptolemy.util.test.junit.AutoTests" name="[24] /home/travis/build/icyphy/ptII/ptolemy/domains/modal/test/auto/CausalityInterface14.xml (RunModel)" time="0.047" />
  <testcase classname="ptolemy.util.test.junit.AutoTests" name="[25] /home/travis/build/icyphy/ptII/ptolemy/domains/modal/test/auto/CausalityInterface2.xml (RunModel)" time="0.029" />
  <testcase classname="ptolemy.util.test.junit.AutoTests" name="[26] /home/travis/build/icyphy/ptII/ptolemy/domains/modal/test/auto/CausalityInterface3.xml (RunModel)" time="0.021" />
  <testcase classname="ptolemy.util.test.junit.AutoTests" name="[27] /home/travis/build/icyphy/ptII/ptolemy/domains/modal/test/auto/CausalityInterface4.xml (RunModel)" time="0.049" />
  <testcase classname="ptolemy.util.test.junit.AutoTests" name="[28] /home/travis/build/icyphy/ptII/ptolemy/domains/modal/test/auto/CausalityInterface5.xml (RunModel)" time="0.032" />
  <testcase classname="ptolemy.util.test.junit.AutoTests" name="[29] /home/travis/build/icyphy/ptII/ptolemy/domains/modal/test/auto/CausalityInterface6.xml (RunModel)" time="0.037" />
  <testcase classname="ptolemy.util.test.junit.AutoTests" name="[30] /home/travis/build/icyphy/ptII/ptolemy/domains/modal/test/auto/CausalityInterface7.xml (RunModel)" time="0.034" />
  <testcase classname="ptolemy.util.test.junit.AutoTests" name="[31] /home/travis/build/icyphy/ptII/ptolemy/domains/modal/test/auto/CausalityInterface8.xml (RunModel)" time="0.039" />
  <testcase classname="ptolemy.util.test.junit.AutoTests" name="[32] /home/travis/build/icyphy/ptII/ptolemy/domains/modal/test/auto/CausalityInterface9.xml (RunModel)" time="0.03" />
  <testcase classname="ptolemy.util.test.junit.AutoTests" name="[33] /home/travis/build/icyphy/ptII/ptolemy/domains/modal/test/auto/ChainedTransitions.xml (RunModel)" time="0.133" />
  <testcase classname="ptolemy.util.test.junit.AutoTests" name="[34] /home/travis/build/icyphy/ptII/ptolemy/domains/modal/test/auto/CycleOfImmediateTransitionsFSM.xml (RunModel)" time="0.021" />
  <testcase classname="ptolemy.util.test.junit.AutoTests" name="[35] /home/travis/build/icyphy/ptII/ptolemy/domains/modal/test/auto/CycleOfImmediateTransitionsModal.xml (RunModel)" time="0.026" />
  <testcase classname="ptolemy.util.test.junit.AutoTests" name="[36] /home/travis/build/icyphy/ptII/ptolemy/domains/modal/test/auto/CycleOfImmediateTransitionsModal2.xml (RunModel)" time="0.029" />
  <testcase classname="ptolemy.util.test.junit.AutoTests" name="[37] /home/travis/build/icyphy/ptII/ptolemy/domains/modal/test/auto/CycleOfImmediateTransitionsModal3.xml (RunModel)" time="0.07" />
  <testcase classname="ptolemy.util.test.junit.AutoTests" name="[38] /home/travis/build/icyphy/ptII/ptolemy/domains/modal/test/auto/DeepModal1.xml (RunModel)" time="0.04" />
  <testcase classname="ptolemy.util.test.junit.AutoTests" name="[39] /home/travis/build/icyphy/ptII/ptolemy/domains/modal/test/auto/DeepModal2.xml (RunModel)" time="0.055" />
  <testcase classname="ptolemy.util.test.junit.AutoTests" name="[40] /home/travis/build/icyphy/ptII/ptolemy/domains/modal/test/auto/DeepModal3.xml (RunModel)" time="0.058" />
  <testcase classname="ptolemy.util.test.junit.AutoTests" name="[41] /home/travis/build/icyphy/ptII/ptolemy/domains/modal/test/auto/DeepModal4.xml (RunModel)" time="0.083" />
  <testcase classname="ptolemy.util.test.junit.AutoTests" name="[42] /home/travis/build/icyphy/ptII/ptolemy/domains/modal/test/auto/Default1.xml (RunModel)" time="0.026" />
  <testcase classname="ptolemy.util.test.junit.AutoTests" name="[43] /home/travis/build/icyphy/ptII/ptolemy/domains/modal/test/auto/Default2.xml (RunModel)" time="0.018" />
  <testcase classname="ptolemy.util.test.junit.AutoTests" name="[44] /home/travis/build/icyphy/ptII/ptolemy/domains/modal/test/auto/Default3.xml (RunModel)" time="0.02" />
  <testcase classname="ptolemy.util.test.junit.AutoTests" name="[45] /home/travis/build/icyphy/ptII/ptolemy/domains/modal/test/auto/Default4.xml (RunModel)" time="0.018" />
  <testcase classname="ptolemy.util.test.junit.AutoTests" name="[46] /home/travis/build/icyphy/ptII/ptolemy/domains/modal/test/auto/Default5.xml (RunModel)" time="0.032" />
  <testcase classname="ptolemy.util.test.junit.AutoTests" name="[47] /home/travis/build/icyphy/ptII/ptolemy/domains/modal/test/auto/EmptyGuard.xml (RunModel)" time="0.035" />
  <testcase classname="ptolemy.util.test.junit.AutoTests" name="[48] /home/travis/build/icyphy/ptII/ptolemy/domains/modal/test/auto/ErrorTransition1.xml (RunModel)" time="0.034" />
  <testcase classname="ptolemy.util.test.junit.AutoTests" name="[49] /home/travis/build/icyphy/ptII/ptolemy/domains/modal/test/auto/ErrorTransition10.xml (RunModel)" time="0.043" />
  <testcase classname="ptolemy.util.test.junit.AutoTests" name="[50] /home/travis/build/icyphy/ptII/ptolemy/domains/modal/test/auto/ErrorTransition11.xml (RunModel)" time="0.04" />
  <testcase classname="ptolemy.util.test.junit.AutoTests" name="[51] /home/travis/build/icyphy/ptII/ptolemy/domains/modal/test/auto/ErrorTransition2.xml (RunModel)" time="0.022" />
  <testcase classname="ptolemy.util.test.junit.AutoTests" name="[52] /home/travis/build/icyphy/ptII/ptolemy/domains/modal/test/auto/ErrorTransition3.xml (RunModel)" time="0.029" />
  <testcase classname="ptolemy.util.test.junit.AutoTests" name="[53] /home/travis/build/icyphy/ptII/ptolemy/domains/modal/test/auto/ErrorTransition4.xml (RunModel)" time="0.034" />
  <testcase classname="ptolemy.util.test.junit.AutoTests" name="[54] /home/travis/build/icyphy/ptII/ptolemy/domains/modal/test/auto/ErrorTransition5.xml (RunModel)" time="0.026" />
  <testcase classname="ptolemy.util.test.junit.AutoTests" name="[55] /home/travis/build/icyphy/ptII/ptolemy/domains/modal/test/auto/ErrorTransition6.xml (RunModel)" time="0.032" />
  <testcase classname="ptolemy.util.test.junit.AutoTests" name="[56] /home/travis/build/icyphy/ptII/ptolemy/domains/modal/test/auto/ErrorTransition7.xml (RunModel)" time="0.044" />
  <testcase classname="ptolemy.util.test.junit.AutoTests" name="[57] /home/travis/build/icyphy/ptII/ptolemy/domains/modal/test/auto/ErrorTransition8.xml (RunModel)" time="0.049" />
  <testcase classname="ptolemy.util.test.junit.AutoTests" name="[58] /home/travis/build/icyphy/ptII/ptolemy/domains/modal/test/auto/ErrorTransition9.xml (RunModel)" time="0.06" />
  <testcase classname="ptolemy.util.test.junit.AutoTests" name="[59] /home/travis/build/icyphy/ptII/ptolemy/domains/modal/test/auto/ExtendedFSM.xml (RunModel)" time="0.02" />
  <testcase classname="ptolemy.util.test.junit.AutoTests" name="[60] /home/travis/build/icyphy/ptII/ptolemy/domains/modal/test/auto/FinalStates.xml (RunModel)" time="0.021" />
  <testcase classname="ptolemy.util.test.junit.AutoTests" name="[61] /home/travis/build/icyphy/ptII/ptolemy/domains/modal/test/auto/FixedPointFSM.xml (RunModel)" time="0.034" />
  <testcase classname="ptolemy.util.test.junit.AutoTests" name="[62] /home/travis/build/icyphy/ptII/ptolemy/domains/modal/test/auto/FixedPointIterationFSMActor.xml (RunModel)" time="0.036" />
  <testcase classname="ptolemy.util.test.junit.AutoTests" name="[63] /home/travis/build/icyphy/ptII/ptolemy/domains/modal/test/auto/FixedPointIterationFSMActor2.xml (RunModel)" time="0.036" />
  <testcase classname="ptolemy.util.test.junit.AutoTests" name="[64] /home/travis/build/icyphy/ptII/ptolemy/domains/modal/test/auto/ForbiddenInstantanousLoop.xml (RunModel)" time="0.03" />
  <testcase classname="ptolemy.util.test.junit.AutoTests" name="[65] /home/travis/build/icyphy/ptII/ptolemy/domains/modal/test/auto/FunctionDependencyOfFSMActorTest.xml (RunModel)" time="0.027" />
  <testcase classname="ptolemy.util.test.junit.AutoTests" name="[66] /home/travis/build/icyphy/ptII/ptolemy/domains/modal/test/auto/GuardExpression.xml (RunModel)" time="0.015" />
  <testcase classname="ptolemy.util.test.junit.AutoTests" name="[67] /home/travis/build/icyphy/ptII/ptolemy/domains/modal/test/auto/GuardNotEvaluated.xml (RunModel)" time="0.025" />
  <testcase classname="ptolemy.util.test.junit.AutoTests" name="[68] /home/travis/build/icyphy/ptII/ptolemy/domains/modal/test/auto/GuardNotEvaluated2.xml (RunModel)" time="0.021" />
  <testcase classname="ptolemy.util.test.junit.AutoTests" name="[69] /home/travis/build/icyphy/ptII/ptolemy/domains/modal/test/auto/GuardOnAbsent.xml (RunModel)" time="0.019" />
  <testcase classname="ptolemy.util.test.junit.AutoTests" name="[70] /home/travis/build/icyphy/ptII/ptolemy/domains/modal/test/auto/HierarchicalFSMTypeInference.xml (RunModel)" time="0.026" />
  <testcase classname="ptolemy.util.test.junit.AutoTests" name="[71] /home/travis/build/icyphy/ptII/ptolemy/domains/modal/test/auto/Hysteresis.xml (RunModel)" time="0.04" />
  <testcase classname="ptolemy.util.test.junit.AutoTests" name="[72] /home/travis/build/icyphy/ptII/ptolemy/domains/modal/test/auto/HysteresisWithDefault.xml (RunModel)" time="0.059" />
  <testcase classname="ptolemy.util.test.junit.AutoTests" name="[73] /home/travis/build/icyphy/ptII/ptolemy/domains/modal/test/auto/HysteresisWithDefault2.xml (RunModel)" time="0.068" />
  <testcase classname="ptolemy.util.test.junit.AutoTests" name="[74] /home/travis/build/icyphy/ptII/ptolemy/domains/modal/test/auto/ImmediateNonConstructiveness.xml (RunModel)" time="0.018" />
  <testcase classname="ptolemy.util.test.junit.AutoTests" name="[75] /home/travis/build/icyphy/ptII/ptolemy/domains/modal/test/auto/ImmediateNonConstructiveness2.xml (RunModel)" time="0.017" />
  <testcase classname="ptolemy.util.test.junit.AutoTests" name="[76] /home/travis/build/icyphy/ptII/ptolemy/domains/modal/test/auto/ImmediateTransitionReset.xml (RunModel)" time="0.03" />
  <testcase classname="ptolemy.util.test.junit.AutoTests" name="[77] /home/travis/build/icyphy/ptII/ptolemy/domains/modal/test/auto/ImmediateTransitions1.xml (RunModel)" time="0.012" />
  <testcase classname="ptolemy.util.test.junit.AutoTests" name="[78] /home/travis/build/icyphy/ptII/ptolemy/domains/modal/test/auto/ImmediateTransitionsInstantaneousCommunication.xml (RunModel)" time="0.043" />
  <testcase classname="ptolemy.util.test.junit.AutoTests" name="[79] /home/travis/build/icyphy/ptII/ptolemy/domains/modal/test/auto/InitialImmediateTransition.xml (RunModel)" time="0.018" />
  <testcase classname="ptolemy.util.test.junit.AutoTests" name="[80] /home/travis/build/icyphy/ptII/ptolemy/domains/modal/test/auto/InitialOutputs.xml (RunModel)" time="0.016" />
  <testcase classname="ptolemy.util.test.junit.AutoTests" name="[81] /home/travis/build/icyphy/ptII/ptolemy/domains/modal/test/auto/InitialStateTransition1.xml (RunModel)" time="0.025" />
  <testcase classname="ptolemy.util.test.junit.AutoTests" name="[82] /home/travis/build/icyphy/ptII/ptolemy/domains/modal/test/auto/InitialStateTransition2.xml (RunModel)" time="0.026" />
  <testcase classname="ptolemy.util.test.junit.AutoTests" name="[83] /home/travis/build/icyphy/ptII/ptolemy/domains/modal/test/auto/InitialStateTransition3.xml (RunModel)" time="0.023" />
  <testcase classname="ptolemy.util.test.junit.AutoTests" name="[84] /home/travis/build/icyphy/ptII/ptolemy/domains/modal/test/auto/InitialStateTransition4.xml (RunModel)" time="0.023" />
  <testcase classname="ptolemy.util.test.junit.AutoTests" name="[85] /home/travis/build/icyphy/ptII/ptolemy/domains/modal/test/auto/MalformedGuardExpressionNotCaught.xml (RunModel)" time="0.018" />
  <testcase classname="ptolemy.util.test.junit.AutoTests" name="[86] /home/travis/build/icyphy/ptII/ptolemy/domains/modal/test/auto/ModalBSC.xml (RunModel)" time="0.079" />
  <testcase classname="ptolemy.util.test.junit.AutoTests" name="[87] /home/travis/build/icyphy/ptII/ptolemy/domains/modal/test/auto/ModalClocks.xml (RunModel)" time="0.075" />
  <testcase classname="ptolemy.util.test.junit.AutoTests" name="[88] /home/travis/build/icyphy/ptII/ptolemy/domains/modal/test/auto/ModalDelay.xml (RunModel)" time="0.041" />
  <testcase classname="ptolemy.util.test.junit.AutoTests" name="[89] /home/travis/build/icyphy/ptII/ptolemy/domains/modal/test/auto/ModalDelay2.xml (RunModel)" time="0.04" />
  <testcase classname="ptolemy.util.test.junit.AutoTests" name="[90] /home/travis/build/icyphy/ptII/ptolemy/domains/modal/test/auto/ModalModelFromMemo.xml (RunModel)" time="0.062" />
  <testcase classname="ptolemy.util.test.junit.AutoTests" name="[91] /home/travis/build/icyphy/ptII/ptolemy/domains/modal/test/auto/ModalModelWithMultirateTransient.xml (RunModel)" time="0.044" />
  <testcase classname="ptolemy.util.test.junit.AutoTests" name="[92] /home/travis/build/icyphy/ptII/ptolemy/domains/modal/test/auto/ModalModelWithReset.xml (RunModel)" time="0.044" />
  <testcase classname="ptolemy.util.test.junit.AutoTests" name="[93] /home/travis/build/icyphy/ptII/ptolemy/domains/modal/test/auto/MouseClickFSM.xml (RunModel)" time="0.046" />
  <testcase classname="ptolemy.util.test.junit.AutoTests" name="[94] /home/travis/build/icyphy/ptII/ptolemy/domains/modal/test/auto/MouseClickFSMModal.xml (RunModel)" time="0.032" />
  <testcase classname="ptolemy.util.test.junit.AutoTests" name="[95] /home/travis/build/icyphy/ptII/ptolemy/domains/modal/test/auto/NonStrictFSM_FeedbackLoop.xml (RunModel)" time="0.05" />
  <testcase classname="ptolemy.util.test.junit.AutoTests" name="[96] /home/travis/build/icyphy/ptII/ptolemy/domains/modal/test/auto/NonStrictFSM_FeedbackLoop_Refinement.xml (RunModel)" time="0.073" />
  <testcase classname="ptolemy.util.test.junit.AutoTests" name="[97] /home/travis/build/icyphy/ptII/ptolemy/domains/modal/test/auto/NonStrictFSM_FeedbackLoop_preemptive.xml (RunModel)" time="0.038" />
  <testcase classname="ptolemy.util.test.junit.AutoTests" name="[98] /home/travis/build/icyphy/ptII/ptolemy/domains/modal/test/auto/NormalTermination.xml (RunModel)" time="0.05" />
  <testcase classname="ptolemy.util.test.junit.AutoTests" name="[99] /home/travis/build/icyphy/ptII/ptolemy/domains/modal/test/auto/Pong.xml (RunModel)" time="0.077" />
  <testcase classname="ptolemy.util.test.junit.AutoTests" name="[100] /home/travis/build/icyphy/ptII/ptolemy/domains/modal/test/auto/Pong_test.xml (RunModel)" time="0.106" />
  <testcase classname="ptolemy.util.test.junit.AutoTests" name="[101] /home/travis/build/icyphy/ptII/ptolemy/domains/modal/test/auto/PreemptionHierarchy.xml (RunModel)" time="0.025" />
  <testcase classname="ptolemy.util.test.junit.AutoTests" name="[102] /home/travis/build/icyphy/ptII/ptolemy/domains/modal/test/auto/PreemptionHierarchy2.xml (RunModel)" time="0.029" />
  <testcase classname="ptolemy.util.test.junit.AutoTests" name="[103] /home/travis/build/icyphy/ptII/ptolemy/domains/modal/test/auto/PreemptiveTransition.xml (RunModel)" time="0.017" />
  <testcase classname="ptolemy.util.test.junit.AutoTests" name="[104] /home/travis/build/icyphy/ptII/ptolemy/domains/modal/test/auto/Priorities.xml (RunModel)" time="0.061" />
  <testcase classname="ptolemy.util.test.junit.AutoTests" name="[105] /home/travis/build/icyphy/ptII/ptolemy/domains/modal/test/auto/ResetFinal.xml (RunModel)" time="0.038" />
  <testcase classname="ptolemy.util.test.junit.AutoTests" name="[106] /home/travis/build/icyphy/ptII/ptolemy/domains/modal/test/auto/ResetFinal2.xml (RunModel)" time="0.027" />
  <testcase classname="ptolemy.util.test.junit.AutoTests" name="[107] /home/travis/build/icyphy/ptII/ptolemy/domains/modal/test/auto/ResetTransitionWithStartTime.xml (RunModel)" time="0.028" />
  <testcase classname="ptolemy.util.test.junit.AutoTests" name="[108] /home/travis/build/icyphy/ptII/ptolemy/domains/modal/test/auto/SDF-FSMComposite.xml (RunModel)" time="0.018" />
  <testcase classname="ptolemy.util.test.junit.AutoTests" name="[109] /home/travis/build/icyphy/ptII/ptolemy/domains/modal/test/auto/SeeminglyNondeterminate.xml (RunModel)" time="0.06" />
  <testcase classname="ptolemy.util.test.junit.AutoTests" name="[110] /home/travis/build/icyphy/ptII/ptolemy/domains/modal/test/auto/SeeminglyNondeterminate2.xml (RunModel)" time="0.061" />
  <testcase classname="ptolemy.util.test.junit.AutoTests" name="[111] /home/travis/build/icyphy/ptII/ptolemy/domains/modal/test/auto/SpontaneousFSM.xml (RunModel)" time="0.041" />
  <testcase classname="ptolemy.util.test.junit.AutoTests" name="[112] /home/travis/build/icyphy/ptII/ptolemy/domains/modal/test/auto/SpontaneousFSM2.xml (RunModel)" time="0.026" />
  <testcase classname="ptolemy.util.test.junit.AutoTests" name="[113] /home/travis/build/icyphy/ptII/ptolemy/domains/modal/test/auto/SpontaneousFSM3.xml (RunModel)" time="0.037" />
  <testcase classname="ptolemy.util.test.junit.AutoTests" name="[114] /home/travis/build/icyphy/ptII/ptolemy/domains/modal/test/auto/SpontaneousFSM4.xml (RunModel)" time="0.04" />
  <testcase classname="ptolemy.util.test.junit.AutoTests" name="[115] /home/travis/build/icyphy/ptII/ptolemy/domains/modal/test/auto/StateTrackerTest.xml (RunModel)" time="0.061" />
  <testcase classname="ptolemy.util.test.junit.AutoTests" name="[116] /home/travis/build/icyphy/ptII/ptolemy/domains/modal/test/auto/StrongImmediateTransition.xml (RunModel)" time="0.023" />
  <testcase classname="ptolemy.util.test.junit.AutoTests" name="[117] /home/travis/build/icyphy/ptII/ptolemy/domains/modal/test/auto/SustainHierarchy.xml (RunModel)" time="0.035" />
  <testcase classname="ptolemy.util.test.junit.AutoTests" name="[118] /home/travis/build/icyphy/ptII/ptolemy/domains/modal/test/auto/TerminationTransition1.xml (RunModel)" time="0.02" />
  <testcase classname="ptolemy.util.test.junit.AutoTests" name="[119] /home/travis/build/icyphy/ptII/ptolemy/domains/modal/test/auto/TerminationTransition2.xml (RunModel)" time="0.028" />
  <testcase classname="ptolemy.util.test.junit.AutoTests" name="[120] /home/travis/build/icyphy/ptII/ptolemy/domains/modal/test/auto/TerminationTransition3.xml (RunModel)" time="0.025" />
  <testcase classname="ptolemy.util.test.junit.AutoTests" name="[121] /home/travis/build/icyphy/ptII/ptolemy/domains/modal/test/auto/TerminationTransition4.xml (RunModel)" time="0.043" />
  <testcase classname="ptolemy.util.test.junit.AutoTests" name="[122] /home/travis/build/icyphy/ptII/ptolemy/domains/modal/test/auto/TerminationTransition5.xml (RunModel)" time="0.031" />
  <testcase classname="ptolemy.util.test.junit.AutoTests" name="[123] /home/travis/build/icyphy/ptII/ptolemy/domains/modal/test/auto/TerminationTransition6.xml (RunModel)" time="0.02" />
  <testcase classname="ptolemy.util.test.junit.AutoTests" name="[124] /home/travis/build/icyphy/ptII/ptolemy/domains/modal/test/auto/TerminationTransition7.xml (RunModel)" time="0.022" />
  <testcase classname="ptolemy.util.test.junit.AutoTests" name="[125] /home/travis/build/icyphy/ptII/ptolemy/domains/modal/test/auto/TerminationTransition8.xml (RunModel)" time="0.022" />
  <testcase classname="ptolemy.util.test.junit.AutoTests" name="[126] /home/travis/build/icyphy/ptII/ptolemy/domains/modal/test/auto/Thermostat_NoHysteresis.xml (RunModel)" time="0.053" />
  <testcase classname="ptolemy.util.test.junit.AutoTests" name="[127] /home/travis/build/icyphy/ptII/ptolemy/domains/modal/test/auto/TimedFSM.xml (RunModel)" time="0.032" />
  <testcase classname="ptolemy.util.test.junit.AutoTests" name="[128] /home/travis/build/icyphy/ptII/ptolemy/domains/modal/test/auto/Timeout1.xml (RunModel)" time="0.02" />
  <testcase classname="ptolemy.util.test.junit.AutoTests" name="[129] /home/travis/build/icyphy/ptII/ptolemy/domains/modal/test/auto/Timeout2.xml (RunModel)" time="0.017" />
  <testcase classname="ptolemy.util.test.junit.AutoTests" name="[130] /home/travis/build/icyphy/ptII/ptolemy/domains/modal/test/auto/Timeout3.xml (RunModel)" time="0.011" />
  <testcase classname="ptolemy.util.test.junit.AutoTests" name="[131] /home/travis/build/icyphy/ptII/ptolemy/domains/modal/test/auto/Timeout4.xml (RunModel)" time="0.015" />
  <testcase classname="ptolemy.util.test.junit.AutoTests" name="[132] /home/travis/build/icyphy/ptII/ptolemy/domains/modal/test/auto/TransientstateModelAdvanced.xml (RunModel)" time="0.028" />
  <testcase classname="ptolemy.util.test.junit.AutoTests" name="[133] /home/travis/build/icyphy/ptII/ptolemy/domains/modal/test/auto/TransientstateModelAdvanced2.xml (RunModel)" time="0.029" />
  <testcase classname="ptolemy.util.test.junit.AutoTests" name="[134] /home/travis/build/icyphy/ptII/ptolemy/domains/modal/test/auto/TransitionRefinements.xml (RunModel)" time="0.022" />
  <testcase classname="ptolemy.util.test.junit.AutoTests" name="[135] /home/travis/build/icyphy/ptII/ptolemy/domains/modal/test/auto/TwoRefinements1.xml (RunModel)" time="0.025" />
  <testcase classname="ptolemy.util.test.junit.AutoTests" name="[136] /home/travis/build/icyphy/ptII/ptolemy/domains/modal/test/auto/TwoRefinements2.xml (RunModel)" time="0.021" />
  <testcase classname="ptolemy.util.test.junit.AutoTests" name="[137] /home/travis/build/icyphy/ptII/ptolemy/domains/modal/test/auto/WeakImmediateTransition.xml (RunModel)" time="0.025" />
  <testcase classname="ptolemy.util.test.junit.AutoTests" name="[138] /home/travis/build/icyphy/ptII/ptolemy/domains/modal/test/auto/booleanSelect.xml (RunModel)" time="0.072" />
  <testcase classname="ptolemy.util.test.junit.AutoTests" name="[139] /home/travis/build/icyphy/ptII/ptolemy/domains/modal/test/auto/modalChangingParams.xml (RunModel)" time="0.214" />
  <testcase classname="ptolemy.util.test.junit.AutoTests" name="[140] /home/travis/build/icyphy/ptII/ptolemy/domains/modal/test/auto/modalModel.xml (RunModel)" time="0.019" />
  <testcase classname="ptolemy.util.test.junit.AutoTests" name="[141] /home/travis/build/icyphy/ptII/ptolemy/domains/modal/test/auto/modalModel2.xml (RunModel)" time="0.022" />
  <testcase classname="ptolemy.util.test.junit.AutoTests" name="[142] /home/travis/build/icyphy/ptII/ptolemy/domains/modal/test/auto/modalModel3.xml (RunModel)" time="0.041" />
  <testcase classname="ptolemy.util.test.junit.AutoTests" name="[143] /home/travis/build/icyphy/ptII/ptolemy/domains/modal/test/auto/model1.xml (RunModel)" time="0.018" />
  <testcase classname="ptolemy.util.test.junit.AutoTests" name="[144] /home/travis/build/icyphy/ptII/ptolemy/domains/modal/test/auto/test-direct-in-out.xml (RunModel)" time="0.017" />
  <system-out><![CDATA[/home/travis/build/icyphy/ptII/ptolemy/domains/modal/test/SystemLevelType.tcl
testDefs.tcl: setting time out to 9000 seconds at Sun Dec 16 03:06:02 UTC 2018
12/16/18 03:06:03
Failed: 0  Total Tests: 1  ((Passed: 1, Newly Passed: 0)  Known Failed: 0) /home/travis/build/icyphy/ptII/ptolemy/domains/modal/test
----------------- testing (KnownFailure) /home/travis/build/icyphy/ptII/ptolemy/domains/modal/test/auto/knownFailedTests/CannotAnalysisWithPreemption.xml
46 ms. Memory: 208384K Free: 185613K (89%)
Known Failure: java.lang.reflect.InvocationTargetException
No auto/linux-amd64/*.xml tests in /home/travis/build/icyphy/ptII/ptolemy/domains/modal/test
AutoTests.java: About to close Vertx.
AutoTests.java: Vertx closed.

===========================================================================================
----------------- testing Sun Dec 16 03:06:04 UTC 2018 /home/travis/build/icyphy/ptII/ptolemy/domains/modal/test/auto/ABPTest.xml
----------------- Instantiating /home/travis/build/icyphy/ptII/ptolemy/domains/modal/test/auto/ABPTest.xml
328 ms. Memory: 332288K Free: 292544K (88%)
----------------- Invoking toplevel() on ptolemy.moml.MoMLSimpleApplication@d22348
----------------- Done invoking toplevel() on ptolemy.moml.MoMLSimpleApplication@d22348
reloadAllAccessors: .ABPTest

===========================================================================================
----------------- testing Sun Dec 16 03:06:05 UTC 2018 /home/travis/build/icyphy/ptII/ptolemy/domains/modal/test/auto/ABROFlat.xml
----------------- Instantiating /home/travis/build/icyphy/ptII/ptolemy/domains/modal/test/auto/ABROFlat.xml
22 ms. Memory: 332288K Free: 270344K (81%)
----------------- Invoking toplevel() on ptolemy.moml.MoMLSimpleApplication@24308a81
----------------- Done invoking toplevel() on ptolemy.moml.MoMLSimpleApplication@24308a81
reloadAllAccessors: .ABROFlat

===========================================================================================
----------------- testing Sun Dec 16 03:06:05 UTC 2018 /home/travis/build/icyphy/ptII/ptolemy/domains/modal/test/auto/ABROFlat2.xml
----------------- Instantiating /home/travis/build/icyphy/ptII/ptolemy/domains/modal/test/auto/ABROFlat2.xml
14 ms. Memory: 332288K Free: 252354K (76%)
----------------- Invoking toplevel() on ptolemy.moml.MoMLSimpleApplication@6ff0b6d8
----------------- Done invoking toplevel() on ptolemy.moml.MoMLSimpleApplication@6ff0b6d8
reloadAllAccessors: .ABROFlat2

===========================================================================================
----------------- testing Sun Dec 16 03:06:05 UTC 2018 /home/travis/build/icyphy/ptII/ptolemy/domains/modal/test/auto/ABRO_present_hmm.xml
----------------- Instantiating /home/travis/build/icyphy/ptII/ptolemy/domains/modal/test/auto/ABRO_present_hmm.xml
37 ms. Memory: 332288K Free: 221299K (67%)
----------------- Invoking toplevel() on ptolemy.moml.MoMLSimpleApplication@522fe431
----------------- Done invoking toplevel() on ptolemy.moml.MoMLSimpleApplication@522fe431
reloadAllAccessors: .ABRO_present_hmm

===========================================================================================
----------------- testing Sun Dec 16 03:06:05 UTC 2018 /home/travis/build/icyphy/ptII/ptolemy/domains/modal/test/auto/AMICoderExample.xml
----------------- Instantiating /home/travis/build/icyphy/ptII/ptolemy/domains/modal/test/auto/AMICoderExample.xml
21 ms. Memory: 332288K Free: 209854K (63%)
----------------- Invoking toplevel() on ptolemy.moml.MoMLSimpleApplication@61826a4a
----------------- Done invoking toplevel() on ptolemy.moml.MoMLSimpleApplication@61826a4a
reloadAllAccessors: .AMICoderExample

===========================================================================================
----------------- testing Sun Dec 16 03:06:05 UTC 2018 /home/travis/build/icyphy/ptII/ptolemy/domains/modal/test/auto/AbsentToPresent.xml
----------------- Instantiating /home/travis/build/icyphy/ptII/ptolemy/domains/modal/test/auto/AbsentToPresent.xml
5 ms. Memory: 332288K Free: 199885K (60%)
----------------- Invoking toplevel() on ptolemy.moml.MoMLSimpleApplication@2fff2d7f
----------------- Done invoking toplevel() on ptolemy.moml.MoMLSimpleApplication@2fff2d7f
reloadAllAccessors: .AbsentToPresent

===========================================================================================
----------------- testing Sun Dec 16 03:06:05 UTC 2018 /home/travis/build/icyphy/ptII/ptolemy/domains/modal/test/auto/Blending.xml
----------------- Instantiating /home/travis/build/icyphy/ptII/ptolemy/domains/modal/test/auto/Blending.xml
161 ms. Memory: 332288K Free: 149132K (45%)
----------------- Invoking toplevel() on ptolemy.moml.MoMLSimpleApplication@11c4d895
----------------- Done invoking toplevel() on ptolemy.moml.MoMLSimpleApplication@11c4d895
reloadAllAccessors: .Blending

===========================================================================================
----------------- testing Sun Dec 16 03:06:05 UTC 2018 /home/travis/build/icyphy/ptII/ptolemy/domains/modal/test/auto/Broadcast.xml
----------------- Instantiating /home/travis/build/icyphy/ptII/ptolemy/domains/modal/test/auto/Broadcast.xml
9 ms. Memory: 332288K Free: 136066K (41%)
----------------- Invoking toplevel() on ptolemy.moml.MoMLSimpleApplication@581e22dd
----------------- Done invoking toplevel() on ptolemy.moml.MoMLSimpleApplication@581e22dd
reloadAllAccessors: .Broadcast

===========================================================================================
----------------- testing Sun Dec 16 03:06:05 UTC 2018 /home/travis/build/icyphy/ptII/ptolemy/domains/modal/test/auto/BroadcastHierarchy.xml
----------------- Instantiating /home/travis/build/icyphy/ptII/ptolemy/domains/modal/test/auto/BroadcastHierarchy.xml
12 ms. Memory: 332288K Free: 118116K (36%)
----------------- Invoking toplevel() on ptolemy.moml.MoMLSimpleApplication@785153fe
----------------- Done invoking toplevel() on ptolemy.moml.MoMLSimpleApplication@785153fe
reloadAllAccessors: .BroadcastHierarchy

===========================================================================================
----------------- testing Sun Dec 16 03:06:05 UTC 2018 /home/travis/build/icyphy/ptII/ptolemy/domains/modal/test/auto/BroadcastHierarchy2.xml
----------------- Instantiating /home/travis/build/icyphy/ptII/ptolemy/domains/modal/test/auto/BroadcastHierarchy2.xml
21 ms. Memory: 332288K Free: 82191K (25%)
----------------- Invoking toplevel() on ptolemy.moml.MoMLSimpleApplication@42f711e7
----------------- Done invoking toplevel() on ptolemy.moml.MoMLSimpleApplication@42f711e7
reloadAllAccessors: .BroadcastHierarchy2

===========================================================================================
----------------- testing Sun Dec 16 03:06:05 UTC 2018 /home/travis/build/icyphy/ptII/ptolemy/domains/modal/test/auto/BroadcastHierarchy3.xml
----------------- Instantiating /home/travis/build/icyphy/ptII/ptolemy/domains/modal/test/auto/BroadcastHierarchy3.xml
20 ms. Memory: 333824K Free: 299616K (90%)
----------------- Invoking toplevel() on ptolemy.moml.MoMLSimpleApplication@73418a36
----------------- Done invoking toplevel() on ptolemy.moml.MoMLSimpleApplication@73418a36
reloadAllAccessors: .BroadcastHierarchy3

===========================================================================================
----------------- testing Sun Dec 16 03:06:06 UTC 2018 /home/travis/build/icyphy/ptII/ptolemy/domains/modal/test/auto/BroadcastHierarchy4.xml
----------------- Instantiating /home/travis/build/icyphy/ptII/ptolemy/domains/modal/test/auto/BroadcastHierarchy4.xml
19 ms. Memory: 333824K Free: 264683K (79%)
----------------- Invoking toplevel() on ptolemy.moml.MoMLSimpleApplication@42c05f6b
----------------- Done invoking toplevel() on ptolemy.moml.MoMLSimpleApplication@42c05f6b
reloadAllAccessors: .BroadcastHierarchy4

===========================================================================================
----------------- testing Sun Dec 16 03:06:06 UTC 2018 /home/travis/build/icyphy/ptII/ptolemy/domains/modal/test/auto/CannotAnalysisWithPreemption2.xml
----------------- Instantiating /home/travis/build/icyphy/ptII/ptolemy/domains/modal/test/auto/CannotAnalysisWithPreemption2.xml
4 ms. Memory: 333824K Free: 254882K (76%)
----------------- Invoking toplevel() on ptolemy.moml.MoMLSimpleApplication@53a6dc1e
----------------- Done invoking toplevel() on ptolemy.moml.MoMLSimpleApplication@53a6dc1e
reloadAllAccessors: .CannotAnalysisWithPreemption2

===========================================================================================
----------------- testing Sun Dec 16 03:06:06 UTC 2018 /home/travis/build/icyphy/ptII/ptolemy/domains/modal/test/auto/CannotAnalysisWithPreemption3.xml
----------------- Instantiating /home/travis/build/icyphy/ptII/ptolemy/domains/modal/test/auto/CannotAnalysisWithPreemption3.xml
5 ms. Memory: 333824K Free: 241809K (72%)
----------------- Invoking toplevel() on ptolemy.moml.MoMLSimpleApplication@27755eab
----------------- Done invoking toplevel() on ptolemy.moml.MoMLSimpleApplication@27755eab
reloadAllAccessors: .CannotAnalysisWithPreemption3

===========================================================================================
----------------- testing Sun Dec 16 03:06:06 UTC 2018 /home/travis/build/icyphy/ptII/ptolemy/domains/modal/test/auto/CannotProduce.xml
----------------- Instantiating /home/travis/build/icyphy/ptII/ptolemy/domains/modal/test/auto/CannotProduce.xml
9 ms. Memory: 333824K Free: 232991K (70%)
----------------- Invoking toplevel() on ptolemy.moml.MoMLSimpleApplication@45f041f8
----------------- Done invoking toplevel() on ptolemy.moml.MoMLSimpleApplication@45f041f8
reloadAllAccessors: .CannotProduce

===========================================================================================
----------------- testing Sun Dec 16 03:06:06 UTC 2018 /home/travis/build/icyphy/ptII/ptolemy/domains/modal/test/auto/CannotProduceModal.xml
----------------- Instantiating /home/travis/build/icyphy/ptII/ptolemy/domains/modal/test/auto/CannotProduceModal.xml
9 ms. Memory: 333824K Free: 224818K (67%)
----------------- Invoking toplevel() on ptolemy.moml.MoMLSimpleApplication@656e810f
----------------- Done invoking toplevel() on ptolemy.moml.MoMLSimpleApplication@656e810f
reloadAllAccessors: .CannotProduceModal

===========================================================================================
----------------- testing Sun Dec 16 03:06:06 UTC 2018 /home/travis/build/icyphy/ptII/ptolemy/domains/modal/test/auto/Case.xml
----------------- Instantiating /home/travis/build/icyphy/ptII/ptolemy/domains/modal/test/auto/Case.xml
28 ms. Memory: 333824K Free: 211745K (63%)
----------------- Invoking toplevel() on ptolemy.moml.MoMLSimpleApplication@160ffa0d
----------------- Done invoking toplevel() on ptolemy.moml.MoMLSimpleApplication@160ffa0d
reloadAllAccessors: .Case

===========================================================================================
----------------- testing Sun Dec 16 03:06:06 UTC 2018 /home/travis/build/icyphy/ptII/ptolemy/domains/modal/test/auto/Case1.xml
----------------- Instantiating /home/travis/build/icyphy/ptII/ptolemy/domains/modal/test/auto/Case1.xml
5 ms. Memory: 333824K Free: 201299K (60%)
----------------- Invoking toplevel() on ptolemy.moml.MoMLSimpleApplication@292c333d
----------------- Done invoking toplevel() on ptolemy.moml.MoMLSimpleApplication@292c333d
reloadAllAccessors: .Case1

===========================================================================================
----------------- testing Sun Dec 16 03:06:06 UTC 2018 /home/travis/build/icyphy/ptII/ptolemy/domains/modal/test/auto/Case2.xml
----------------- Instantiating /home/travis/build/icyphy/ptII/ptolemy/domains/modal/test/auto/Case2.xml
23 ms. Memory: 333824K Free: 189854K (57%)
----------------- Invoking toplevel() on ptolemy.moml.MoMLSimpleApplication@6cebeccb
----------------- Done invoking toplevel() on ptolemy.moml.MoMLSimpleApplication@6cebeccb
reloadAllAccessors: .Case2

===========================================================================================
----------------- testing Sun Dec 16 03:06:06 UTC 2018 /home/travis/build/icyphy/ptII/ptolemy/domains/modal/test/auto/CausalityInterface1.xml
----------------- Instantiating /home/travis/build/icyphy/ptII/ptolemy/domains/modal/test/auto/CausalityInterface1.xml
2 ms. Memory: 333824K Free: 183325K (55%)
----------------- Invoking toplevel() on ptolemy.moml.MoMLSimpleApplication@787f8934
----------------- Done invoking toplevel() on ptolemy.moml.MoMLSimpleApplication@787f8934
reloadAllAccessors: .CausalityInterface1

===========================================================================================
----------------- testing Sun Dec 16 03:06:06 UTC 2018 /home/travis/build/icyphy/ptII/ptolemy/domains/modal/test/auto/CausalityInterface10.xml
----------------- Instantiating /home/travis/build/icyphy/ptII/ptolemy/domains/modal/test/auto/CausalityInterface10.xml
5 ms. Memory: 333824K Free: 164706K (49%)
----------------- Invoking toplevel() on ptolemy.moml.MoMLSimpleApplication@754581a4
----------------- Done invoking toplevel() on ptolemy.moml.MoMLSimpleApplication@754581a4
reloadAllAccessors: .CausalityInterface10

===========================================================================================
----------------- testing Sun Dec 16 03:06:06 UTC 2018 /home/travis/build/icyphy/ptII/ptolemy/domains/modal/test/auto/CausalityInterface11.xml
----------------- Instantiating /home/travis/build/icyphy/ptII/ptolemy/domains/modal/test/auto/CausalityInterface11.xml
10 ms. Memory: 333824K Free: 148344K (44%)
----------------- Invoking toplevel() on ptolemy.moml.MoMLSimpleApplication@4a301a75
----------------- Done invoking toplevel() on ptolemy.moml.MoMLSimpleApplication@4a301a75
reloadAllAccessors: .CausalityInterface11

===========================================================================================
----------------- testing Sun Dec 16 03:06:06 UTC 2018 /home/travis/build/icyphy/ptII/ptolemy/domains/modal/test/auto/CausalityInterface12.xml
----------------- Instantiating /home/travis/build/icyphy/ptII/ptolemy/domains/modal/test/auto/CausalityInterface12.xml
8 ms. Memory: 333824K Free: 131999K (40%)
----------------- Invoking toplevel() on ptolemy.moml.MoMLSimpleApplication@6fbf6bef
----------------- Done invoking toplevel() on ptolemy.moml.MoMLSimpleApplication@6fbf6bef
reloadAllAccessors: .CausalityInterface12

===========================================================================================
----------------- testing Sun Dec 16 03:06:06 UTC 2018 /home/travis/build/icyphy/ptII/ptolemy/domains/modal/test/auto/CausalityInterface13.xml
----------------- Instantiating /home/travis/build/icyphy/ptII/ptolemy/domains/modal/test/auto/CausalityInterface13.xml
10 ms. Memory: 333824K Free: 113356K (34%)
----------------- Invoking toplevel() on ptolemy.moml.MoMLSimpleApplication@7671bd40
----------------- Done invoking toplevel() on ptolemy.moml.MoMLSimpleApplication@7671bd40
reloadAllAccessors: .CausalityInterface13

===========================================================================================
----------------- testing Sun Dec 16 03:06:06 UTC 2018 /home/travis/build/icyphy/ptII/ptolemy/domains/modal/test/auto/CausalityInterface14.xml
----------------- Instantiating /home/travis/build/icyphy/ptII/ptolemy/domains/modal/test/auto/CausalityInterface14.xml
9 ms. Memory: 333824K Free: 97026K (29%)
----------------- Invoking toplevel() on ptolemy.moml.MoMLSimpleApplication@2135a773
----------------- Done invoking toplevel() on ptolemy.moml.MoMLSimpleApplication@2135a773
reloadAllAccessors: .CausalityInterface14

===========================================================================================
----------------- testing Sun Dec 16 03:06:06 UTC 2018 /home/travis/build/icyphy/ptII/ptolemy/domains/modal/test/auto/CausalityInterface2.xml
----------------- Instantiating /home/travis/build/icyphy/ptII/ptolemy/domains/modal/test/auto/CausalityInterface2.xml
3 ms. Memory: 333824K Free: 88869K (27%)
----------------- Invoking toplevel() on ptolemy.moml.MoMLSimpleApplication@764f88b9
----------------- Done invoking toplevel() on ptolemy.moml.MoMLSimpleApplication@764f88b9
reloadAllAccessors: .CausalityInterface2

===========================================================================================
----------------- testing Sun Dec 16 03:06:06 UTC 2018 /home/travis/build/icyphy/ptII/ptolemy/domains/modal/test/auto/CausalityInterface3.xml
----------------- Instantiating /home/travis/build/icyphy/ptII/ptolemy/domains/modal/test/auto/CausalityInterface3.xml
3 ms. Memory: 333824K Free: 79145K (24%)
----------------- Invoking toplevel() on ptolemy.moml.MoMLSimpleApplication@243510bb
----------------- Done invoking toplevel() on ptolemy.moml.MoMLSimpleApplication@243510bb
reloadAllAccessors: .CausalityInterface3

===========================================================================================
----------------- testing Sun Dec 16 03:06:06 UTC 2018 /home/travis/build/icyphy/ptII/ptolemy/domains/modal/test/auto/CausalityInterface4.xml
----------------- Instantiating /home/travis/build/icyphy/ptII/ptolemy/domains/modal/test/auto/CausalityInterface4.xml
3 ms. Memory: 578048K Free: 557993K (97%)
----------------- Invoking toplevel() on ptolemy.moml.MoMLSimpleApplication@6688c093
----------------- Done invoking toplevel() on ptolemy.moml.MoMLSimpleApplication@6688c093
reloadAllAccessors: .CausalityInterface4

===========================================================================================
----------------- testing Sun Dec 16 03:06:06 UTC 2018 /home/travis/build/icyphy/ptII/ptolemy/domains/modal/test/auto/CausalityInterface5.xml
----------------- Instantiating /home/travis/build/icyphy/ptII/ptolemy/domains/modal/test/auto/CausalityInterface5.xml
5 ms. Memory: 578048K Free: 541821K (94%)
----------------- Invoking toplevel() on ptolemy.moml.MoMLSimpleApplication@6b04f5e6
----------------- Done invoking toplevel() on ptolemy.moml.MoMLSimpleApplication@6b04f5e6
reloadAllAccessors: .CausalityInterface5

===========================================================================================
----------------- testing Sun Dec 16 03:06:06 UTC 2018 /home/travis/build/icyphy/ptII/ptolemy/domains/modal/test/auto/CausalityInterface6.xml
----------------- Instantiating /home/travis/build/icyphy/ptII/ptolemy/domains/modal/test/auto/CausalityInterface6.xml
3 ms. Memory: 578048K Free: 528540K (91%)
----------------- Invoking toplevel() on ptolemy.moml.MoMLSimpleApplication@12eb8ad1
----------------- Done invoking toplevel() on ptolemy.moml.MoMLSimpleApplication@12eb8ad1
reloadAllAccessors: .CausalityInterface6

===========================================================================================
----------------- testing Sun Dec 16 03:06:06 UTC 2018 /home/travis/build/icyphy/ptII/ptolemy/domains/modal/test/auto/CausalityInterface7.xml
----------------- Instantiating /home/travis/build/icyphy/ptII/ptolemy/domains/modal/test/auto/CausalityInterface7.xml
6 ms. Memory: 578048K Free: 515499K (89%)
----------------- Invoking toplevel() on ptolemy.moml.MoMLSimpleApplication@7e7cf80d
----------------- Done invoking toplevel() on ptolemy.moml.MoMLSimpleApplication@7e7cf80d
reloadAllAccessors: .CausalityInterface7

===========================================================================================
----------------- testing Sun Dec 16 03:06:07 UTC 2018 /home/travis/build/icyphy/ptII/ptolemy/domains/modal/test/auto/CausalityInterface8.xml
----------------- Instantiating /home/travis/build/icyphy/ptII/ptolemy/domains/modal/test/auto/CausalityInterface8.xml
4 ms. Memory: 578048K Free: 502473K (87%)
----------------- Invoking toplevel() on ptolemy.moml.MoMLSimpleApplication@4612a420
----------------- Done invoking toplevel() on ptolemy.moml.MoMLSimpleApplication@4612a420
reloadAllAccessors: .CausalityInterface8

===========================================================================================
----------------- testing Sun Dec 16 03:06:07 UTC 2018 /home/travis/build/icyphy/ptII/ptolemy/domains/modal/test/auto/CausalityInterface9.xml
----------------- Instantiating /home/travis/build/icyphy/ptII/ptolemy/domains/modal/test/auto/CausalityInterface9.xml
5 ms. Memory: 578048K Free: 486301K (84%)
----------------- Invoking toplevel() on ptolemy.moml.MoMLSimpleApplication@501f3cc7
----------------- Done invoking toplevel() on ptolemy.moml.MoMLSimpleApplication@501f3cc7
reloadAllAccessors: .CausalityInterface9

===========================================================================================
----------------- testing Sun Dec 16 03:06:07 UTC 2018 /home/travis/build/icyphy/ptII/ptolemy/domains/modal/test/auto/ChainedTransitions.xml
----------------- Instantiating /home/travis/build/icyphy/ptII/ptolemy/domains/modal/test/auto/ChainedTransitions.xml
82 ms. Memory: 578048K Free: 456970K (79%)
----------------- Invoking toplevel() on ptolemy.moml.MoMLSimpleApplication@6c272e98
----------------- Done invoking toplevel() on ptolemy.moml.MoMLSimpleApplication@6c272e98
reloadAllAccessors: .ChainedTransitions

===========================================================================================
----------------- testing Sun Dec 16 03:06:07 UTC 2018 /home/travis/build/icyphy/ptII/ptolemy/domains/modal/test/auto/CycleOfImmediateTransitionsFSM.xml
----------------- Instantiating /home/travis/build/icyphy/ptII/ptolemy/domains/modal/test/auto/CycleOfImmediateTransitionsFSM.xml
3 ms. Memory: 578048K Free: 447185K (77%)
----------------- Invoking toplevel() on ptolemy.moml.MoMLSimpleApplication@5db2ccc5
----------------- Done invoking toplevel() on ptolemy.moml.MoMLSimpleApplication@5db2ccc5
reloadAllAccessors: .CycleOfImmediateTransitionsFSM

===========================================================================================
----------------- testing Sun Dec 16 03:06:07 UTC 2018 /home/travis/build/icyphy/ptII/ptolemy/domains/modal/test/auto/CycleOfImmediateTransitionsModal.xml
----------------- Instantiating /home/travis/build/icyphy/ptII/ptolemy/domains/modal/test/auto/CycleOfImmediateTransitionsModal.xml
4 ms. Memory: 578048K Free: 437416K (76%)
----------------- Invoking toplevel() on ptolemy.moml.MoMLSimpleApplication@44b0e7d7
----------------- Done invoking toplevel() on ptolemy.moml.MoMLSimpleApplication@44b0e7d7
reloadAllAccessors: .CycleOfImmediateTransitionsModal

===========================================================================================
----------------- testing Sun Dec 16 03:06:07 UTC 2018 /home/travis/build/icyphy/ptII/ptolemy/domains/modal/test/auto/CycleOfImmediateTransitionsModal2.xml
----------------- Instantiating /home/travis/build/icyphy/ptII/ptolemy/domains/modal/test/auto/CycleOfImmediateTransitionsModal2.xml
4 ms. Memory: 578048K Free: 424493K (73%)
----------------- Invoking toplevel() on ptolemy.moml.MoMLSimpleApplication@44d1eaa4
----------------- Done invoking toplevel() on ptolemy.moml.MoMLSimpleApplication@44d1eaa4
reloadAllAccessors: .CycleOfImmediateTransitionsModal2

===========================================================================================
----------------- testing Sun Dec 16 03:06:07 UTC 2018 /home/travis/build/icyphy/ptII/ptolemy/domains/modal/test/auto/CycleOfImmediateTransitionsModal3.xml
----------------- Instantiating /home/travis/build/icyphy/ptII/ptolemy/domains/modal/test/auto/CycleOfImmediateTransitionsModal3.xml
10 ms. Memory: 578048K Free: 395146K (68%)
----------------- Invoking toplevel() on ptolemy.moml.MoMLSimpleApplication@7e76d6f6
----------------- Done invoking toplevel() on ptolemy.moml.MoMLSimpleApplication@7e76d6f6
reloadAllAccessors: .CycleOfImmediateTransitionsModal3

===========================================================================================
----------------- testing Sun Dec 16 03:06:07 UTC 2018 /home/travis/build/icyphy/ptII/ptolemy/domains/modal/test/auto/DeepModal1.xml
----------------- Instantiating /home/travis/build/icyphy/ptII/ptolemy/domains/modal/test/auto/DeepModal1.xml
17 ms. Memory: 578048K Free: 375560K (65%)
----------------- Invoking toplevel() on ptolemy.moml.MoMLSimpleApplication@3c5a0909
----------------- Done invoking toplevel() on ptolemy.moml.MoMLSimpleApplication@3c5a0909
reloadAllAccessors: .DeepModal1

===========================================================================================
----------------- testing Sun Dec 16 03:06:07 UTC 2018 /home/travis/build/icyphy/ptII/ptolemy/domains/modal/test/auto/DeepModal2.xml
----------------- Instantiating /home/travis/build/icyphy/ptII/ptolemy/domains/modal/test/auto/DeepModal2.xml
20 ms. Memory: 578048K Free: 352733K (61%)
----------------- Invoking toplevel() on ptolemy.moml.MoMLSimpleApplication@31118ca2
----------------- Done invoking toplevel() on ptolemy.moml.MoMLSimpleApplication@31118ca2
reloadAllAccessors: .DeepModal2

===========================================================================================
----------------- testing Sun Dec 16 03:06:07 UTC 2018 /home/travis/build/icyphy/ptII/ptolemy/domains/modal/test/auto/DeepModal3.xml
----------------- Instantiating /home/travis/build/icyphy/ptII/ptolemy/domains/modal/test/auto/DeepModal3.xml
19 ms. Memory: 578048K Free: 326785K (57%)
----------------- Invoking toplevel() on ptolemy.moml.MoMLSimpleApplication@73615ba5
----------------- Done invoking toplevel() on ptolemy.moml.MoMLSimpleApplication@73615ba5
reloadAllAccessors: .DeepModal3

===========================================================================================
----------------- testing Sun Dec 16 03:06:07 UTC 2018 /home/travis/build/icyphy/ptII/ptolemy/domains/modal/test/auto/DeepModal4.xml
----------------- Instantiating /home/travis/build/icyphy/ptII/ptolemy/domains/modal/test/auto/DeepModal4.xml
31 ms. Memory: 578048K Free: 303942K (53%)
----------------- Invoking toplevel() on ptolemy.moml.MoMLSimpleApplication@4abaa40c
----------------- Done invoking toplevel() on ptolemy.moml.MoMLSimpleApplication@4abaa40c
reloadAllAccessors: .DeepModal4

===========================================================================================
----------------- testing Sun Dec 16 03:06:07 UTC 2018 /home/travis/build/icyphy/ptII/ptolemy/domains/modal/test/auto/Default1.xml
----------------- Instantiating /home/travis/build/icyphy/ptII/ptolemy/domains/modal/test/auto/Default1.xml
2 ms. Memory: 578048K Free: 294165K (51%)
----------------- Invoking toplevel() on ptolemy.moml.MoMLSimpleApplication@5e8cab47
----------------- Done invoking toplevel() on ptolemy.moml.MoMLSimpleApplication@5e8cab47
reloadAllAccessors: .Default1

===========================================================================================
----------------- testing Sun Dec 16 03:06:07 UTC 2018 /home/travis/build/icyphy/ptII/ptolemy/domains/modal/test/auto/Default2.xml
----------------- Instantiating /home/travis/build/icyphy/ptII/ptolemy/domains/modal/test/auto/Default2.xml
3 ms. Memory: 578048K Free: 284380K (49%)
----------------- Invoking toplevel() on ptolemy.moml.MoMLSimpleApplication@9d9eb15
----------------- Done invoking toplevel() on ptolemy.moml.MoMLSimpleApplication@9d9eb15
reloadAllAccessors: .Default2

===========================================================================================
----------------- testing Sun Dec 16 03:06:07 UTC 2018 /home/travis/build/icyphy/ptII/ptolemy/domains/modal/test/auto/Default3.xml
----------------- Instantiating /home/travis/build/icyphy/ptII/ptolemy/domains/modal/test/auto/Default3.xml
2 ms. Memory: 578048K Free: 271473K (47%)
----------------- Invoking toplevel() on ptolemy.moml.MoMLSimpleApplication@3e78ce94
----------------- Done invoking toplevel() on ptolemy.moml.MoMLSimpleApplication@3e78ce94
reloadAllAccessors: .Default3

===========================================================================================
----------------- testing Sun Dec 16 03:06:07 UTC 2018 /home/travis/build/icyphy/ptII/ptolemy/domains/modal/test/auto/Default4.xml
----------------- Instantiating /home/travis/build/icyphy/ptII/ptolemy/domains/modal/test/auto/Default4.xml
2 ms. Memory: 578048K Free: 261696K (45%)
----------------- Invoking toplevel() on ptolemy.moml.MoMLSimpleApplication@1fe2f3f7
----------------- Done invoking toplevel() on ptolemy.moml.MoMLSimpleApplication@1fe2f3f7
reloadAllAccessors: .Default4

===========================================================================================
----------------- testing Sun Dec 16 03:06:07 UTC 2018 /home/travis/build/icyphy/ptII/ptolemy/domains/modal/test/auto/Default5.xml
----------------- Instantiating /home/travis/build/icyphy/ptII/ptolemy/domains/modal/test/auto/Default5.xml
8 ms. Memory: 578048K Free: 248654K (43%)
----------------- Invoking toplevel() on ptolemy.moml.MoMLSimpleApplication@68704640
----------------- Done invoking toplevel() on ptolemy.moml.MoMLSimpleApplication@68704640
reloadAllAccessors: .Default5

===========================================================================================
----------------- testing Sun Dec 16 03:06:07 UTC 2018 /home/travis/build/icyphy/ptII/ptolemy/domains/modal/test/auto/EmptyGuard.xml
----------------- Instantiating /home/travis/build/icyphy/ptII/ptolemy/domains/modal/test/auto/EmptyGuard.xml
10 ms. Memory: 578048K Free: 238869K (41%)
----------------- Invoking toplevel() on ptolemy.moml.MoMLSimpleApplication@5732739b
----------------- Done invoking toplevel() on ptolemy.moml.MoMLSimpleApplication@5732739b
reloadAllAccessors: .EmptyGuard

===========================================================================================
----------------- testing Sun Dec 16 03:06:07 UTC 2018 /home/travis/build/icyphy/ptII/ptolemy/domains/modal/test/auto/ErrorTransition1.xml
----------------- Instantiating /home/travis/build/icyphy/ptII/ptolemy/domains/modal/test/auto/ErrorTransition1.xml
6 ms. Memory: 578048K Free: 222690K (39%)
----------------- Invoking toplevel() on ptolemy.moml.MoMLSimpleApplication@4b27abf1
----------------- Done invoking toplevel() on ptolemy.moml.MoMLSimpleApplication@4b27abf1
reloadAllAccessors: .ErrorTransition1

===========================================================================================
----------------- testing Sun Dec 16 03:06:07 UTC 2018 /home/travis/build/icyphy/ptII/ptolemy/domains/modal/test/auto/ErrorTransition10.xml
----------------- Instantiating /home/travis/build/icyphy/ptII/ptolemy/domains/modal/test/auto/ErrorTransition10.xml
14 ms. Memory: 578048K Free: 206376K (36%)
----------------- Invoking toplevel() on ptolemy.moml.MoMLSimpleApplication@1cbe05d6
----------------- Done invoking toplevel() on ptolemy.moml.MoMLSimpleApplication@1cbe05d6
reloadAllAccessors: .ErrorTransition10

===========================================================================================
----------------- testing Sun Dec 16 03:06:07 UTC 2018 /home/travis/build/icyphy/ptII/ptolemy/domains/modal/test/auto/ErrorTransition11.xml
----------------- Instantiating /home/travis/build/icyphy/ptII/ptolemy/domains/modal/test/auto/ErrorTransition11.xml
8 ms. Memory: 578048K Free: 190062K (33%)
----------------- Invoking toplevel() on ptolemy.moml.MoMLSimpleApplication@398b95cc
----------------- Done invoking toplevel() on ptolemy.moml.MoMLSimpleApplication@398b95cc
reloadAllAccessors: .ErrorTransition11

===========================================================================================
----------------- testing Sun Dec 16 03:06:07 UTC 2018 /home/travis/build/icyphy/ptII/ptolemy/domains/modal/test/auto/ErrorTransition2.xml
----------------- Instantiating /home/travis/build/icyphy/ptII/ptolemy/domains/modal/test/auto/ErrorTransition2.xml
5 ms. Memory: 578048K Free: 177021K (31%)
----------------- Invoking toplevel() on ptolemy.moml.MoMLSimpleApplication@2f85f183
----------------- Done invoking toplevel() on ptolemy.moml.MoMLSimpleApplication@2f85f183
reloadAllAccessors: .ErrorTransition2

===========================================================================================
----------------- testing Sun Dec 16 03:06:07 UTC 2018 /home/travis/build/icyphy/ptII/ptolemy/domains/modal/test/auto/ErrorTransition3.xml
----------------- Instantiating /home/travis/build/icyphy/ptII/ptolemy/domains/modal/test/auto/ErrorTransition3.xml
8 ms. Memory: 578048K Free: 163980K (28%)
----------------- Invoking toplevel() on ptolemy.moml.MoMLSimpleApplication@42e627df
----------------- Done invoking toplevel() on ptolemy.moml.MoMLSimpleApplication@42e627df
reloadAllAccessors: .ErrorTransition3

===========================================================================================
----------------- testing Sun Dec 16 03:06:07 UTC 2018 /home/travis/build/icyphy/ptII/ptolemy/domains/modal/test/auto/ErrorTransition4.xml
----------------- Instantiating /home/travis/build/icyphy/ptII/ptolemy/domains/modal/test/auto/ErrorTransition4.xml
9 ms. Memory: 578048K Free: 147816K (26%)
----------------- Invoking toplevel() on ptolemy.moml.MoMLSimpleApplication@2d2ff6a3
----------------- Done invoking toplevel() on ptolemy.moml.MoMLSimpleApplication@2d2ff6a3
reloadAllAccessors: .ErrorTransition4

===========================================================================================
----------------- testing Sun Dec 16 03:06:08 UTC 2018 /home/travis/build/icyphy/ptII/ptolemy/domains/modal/test/auto/ErrorTransition5.xml
----------------- Instantiating /home/travis/build/icyphy/ptII/ptolemy/domains/modal/test/auto/ErrorTransition5.xml
5 ms. Memory: 578048K Free: 134775K (23%)
----------------- Invoking toplevel() on ptolemy.moml.MoMLSimpleApplication@5b0dc872
----------------- Done invoking toplevel() on ptolemy.moml.MoMLSimpleApplication@5b0dc872
reloadAllAccessors: .ErrorTransition5

===========================================================================================
----------------- testing Sun Dec 16 03:06:08 UTC 2018 /home/travis/build/icyphy/ptII/ptolemy/domains/modal/test/auto/ErrorTransition6.xml
----------------- Instantiating /home/travis/build/icyphy/ptII/ptolemy/domains/modal/test/auto/ErrorTransition6.xml
7 ms. Memory: 578048K Free: 121749K (21%)
----------------- Invoking toplevel() on ptolemy.moml.MoMLSimpleApplication@2ef6f825
----------------- Done invoking toplevel() on ptolemy.moml.MoMLSimpleApplication@2ef6f825
reloadAllAccessors: .ErrorTransition6

===========================================================================================
----------------- testing Sun Dec 16 03:06:08 UTC 2018 /home/travis/build/icyphy/ptII/ptolemy/domains/modal/test/auto/ErrorTransition7.xml
----------------- Instantiating /home/travis/build/icyphy/ptII/ptolemy/domains/modal/test/auto/ErrorTransition7.xml
9 ms. Memory: 578048K Free: 105435K (18%)
----------------- Invoking toplevel() on ptolemy.moml.MoMLSimpleApplication@2e61e97e
----------------- Done invoking toplevel() on ptolemy.moml.MoMLSimpleApplication@2e61e97e
reloadAllAccessors: .ErrorTransition7

===========================================================================================
----------------- testing Sun Dec 16 03:06:08 UTC 2018 /home/travis/build/icyphy/ptII/ptolemy/domains/modal/test/auto/ErrorTransition8.xml
----------------- Instantiating /home/travis/build/icyphy/ptII/ptolemy/domains/modal/test/auto/ErrorTransition8.xml
24 ms. Memory: 578048K Free: 85991K (15%)
----------------- Invoking toplevel() on ptolemy.moml.MoMLSimpleApplication@727cb3d2
----------------- Done invoking toplevel() on ptolemy.moml.MoMLSimpleApplication@727cb3d2
reloadAllAccessors: .ErrorTransition8

===========================================================================================
----------------- testing Sun Dec 16 03:06:08 UTC 2018 /home/travis/build/icyphy/ptII/ptolemy/domains/modal/test/auto/ErrorTransition9.xml
----------------- Instantiating /home/travis/build/icyphy/ptII/ptolemy/domains/modal/test/auto/ErrorTransition9.xml
12 ms. Memory: 578048K Free: 558516K (97%)
----------------- Invoking toplevel() on ptolemy.moml.MoMLSimpleApplication@11f48784
----------------- Done invoking toplevel() on ptolemy.moml.MoMLSimpleApplication@11f48784
reloadAllAccessors: .ErrorTransition9

===========================================================================================
----------------- testing Sun Dec 16 03:06:08 UTC 2018 /home/travis/build/icyphy/ptII/ptolemy/domains/modal/test/auto/ExtendedFSM.xml
----------------- Instantiating /home/travis/build/icyphy/ptII/ptolemy/domains/modal/test/auto/ExtendedFSM.xml
6 ms. Memory: 578048K Free: 546539K (95%)
----------------- Invoking toplevel() on ptolemy.moml.MoMLSimpleApplication@14e0c482
----------------- Done invoking toplevel() on ptolemy.moml.MoMLSimpleApplication@14e0c482
reloadAllAccessors: .ExtendedFSM

===========================================================================================
----------------- testing Sun Dec 16 03:06:08 UTC 2018 /home/travis/build/icyphy/ptII/ptolemy/domains/modal/test/auto/FinalStates.xml
----------------- Instantiating /home/travis/build/icyphy/ptII/ptolemy/domains/modal/test/auto/FinalStates.xml
7 ms. Memory: 578048K Free: 536762K (93%)
----------------- Invoking toplevel() on ptolemy.moml.MoMLSimpleApplication@449b5728
----------------- Done invoking toplevel() on ptolemy.moml.MoMLSimpleApplication@449b5728
reloadAllAccessors: .FinalStates

===========================================================================================
----------------- testing Sun Dec 16 03:06:08 UTC 2018 /home/travis/build/icyphy/ptII/ptolemy/domains/modal/test/auto/FixedPointFSM.xml
----------------- Instantiating /home/travis/build/icyphy/ptII/ptolemy/domains/modal/test/auto/FixedPointFSM.xml
9 ms. Memory: 578048K Free: 514836K (89%)
----------------- Invoking toplevel() on ptolemy.moml.MoMLSimpleApplication@55540cdd
----------------- Done invoking toplevel() on ptolemy.moml.MoMLSimpleApplication@55540cdd
reloadAllAccessors: .FixedPointFSM

===========================================================================================
----------------- testing Sun Dec 16 03:06:08 UTC 2018 /home/travis/build/icyphy/ptII/ptolemy/domains/modal/test/auto/FixedPointIterationFSMActor.xml
----------------- Instantiating /home/travis/build/icyphy/ptII/ptolemy/domains/modal/test/auto/FixedPointIterationFSMActor.xml
5 ms. Memory: 578048K Free: 501794K (87%)
----------------- Invoking toplevel() on ptolemy.moml.MoMLSimpleApplication@32c82b4f
----------------- Done invoking toplevel() on ptolemy.moml.MoMLSimpleApplication@32c82b4f
reloadAllAccessors: .FixedPointIterationFSMActor

===========================================================================================
----------------- testing Sun Dec 16 03:06:08 UTC 2018 /home/travis/build/icyphy/ptII/ptolemy/domains/modal/test/auto/FixedPointIterationFSMActor2.xml
----------------- Instantiating /home/travis/build/icyphy/ptII/ptolemy/domains/modal/test/auto/FixedPointIterationFSMActor2.xml
12 ms. Memory: 578048K Free: 485505K (84%)
----------------- Invoking toplevel() on ptolemy.moml.MoMLSimpleApplication@13dcaaa8
----------------- Done invoking toplevel() on ptolemy.moml.MoMLSimpleApplication@13dcaaa8
reloadAllAccessors: .FixedPointIterationFSMActor2

===========================================================================================
----------------- testing Sun Dec 16 03:06:08 UTC 2018 /home/travis/build/icyphy/ptII/ptolemy/domains/modal/test/auto/ForbiddenInstantanousLoop.xml
----------------- Instantiating /home/travis/build/icyphy/ptII/ptolemy/domains/modal/test/auto/ForbiddenInstantanousLoop.xml
5 ms. Memory: 578048K Free: 466991K (81%)
----------------- Invoking toplevel() on ptolemy.moml.MoMLSimpleApplication@2b0179d0
----------------- Done invoking toplevel() on ptolemy.moml.MoMLSimpleApplication@2b0179d0
reloadAllAccessors: .ForbiddenInstantanousLoop

===========================================================================================
----------------- testing Sun Dec 16 03:06:08 UTC 2018 /home/travis/build/icyphy/ptII/ptolemy/domains/modal/test/auto/FunctionDependencyOfFSMActorTest.xml
----------------- Instantiating /home/travis/build/icyphy/ptII/ptolemy/domains/modal/test/auto/FunctionDependencyOfFSMActorTest.xml
12 ms. Memory: 578048K Free: 457214K (79%)
----------------- Invoking toplevel() on ptolemy.moml.MoMLSimpleApplication@71f2b9c3
----------------- Done invoking toplevel() on ptolemy.moml.MoMLSimpleApplication@71f2b9c3
reloadAllAccessors: .FunctionDependencyOfFSMActorTest

===========================================================================================
----------------- testing Sun Dec 16 03:06:08 UTC 2018 /home/travis/build/icyphy/ptII/ptolemy/domains/modal/test/auto/GuardExpression.xml
----------------- Instantiating /home/travis/build/icyphy/ptII/ptolemy/domains/modal/test/auto/GuardExpression.xml
1 ms. Memory: 578048K Free: 447429K (77%)
----------------- Invoking toplevel() on ptolemy.moml.MoMLSimpleApplication@17f3239
----------------- Done invoking toplevel() on ptolemy.moml.MoMLSimpleApplication@17f3239
reloadAllAccessors: .GuardExpression

===========================================================================================
----------------- testing Sun Dec 16 03:06:08 UTC 2018 /home/travis/build/icyphy/ptII/ptolemy/domains/modal/test/auto/GuardNotEvaluated.xml
----------------- Instantiating /home/travis/build/icyphy/ptII/ptolemy/domains/modal/test/auto/GuardNotEvaluated.xml
5 ms. Memory: 578048K Free: 432188K (75%)
----------------- Invoking toplevel() on ptolemy.moml.MoMLSimpleApplication@4e66e470
----------------- Done invoking toplevel() on ptolemy.moml.MoMLSimpleApplication@4e66e470
reloadAllAccessors: .GuardNotEvaluated

===========================================================================================
----------------- testing Sun Dec 16 03:06:08 UTC 2018 /home/travis/build/icyphy/ptII/ptolemy/domains/modal/test/auto/GuardNotEvaluated2.xml
----------------- Instantiating /home/travis/build/icyphy/ptII/ptolemy/domains/modal/test/auto/GuardNotEvaluated2.xml
5 ms. Memory: 578048K Free: 419147K (73%)
----------------- Invoking toplevel() on ptolemy.moml.MoMLSimpleApplication@190cad5d
----------------- Done invoking toplevel() on ptolemy.moml.MoMLSimpleApplication@190cad5d
reloadAllAccessors: .GuardNotEvaluated2

===========================================================================================
----------------- testing Sun Dec 16 03:06:08 UTC 2018 /home/travis/build/icyphy/ptII/ptolemy/domains/modal/test/auto/GuardOnAbsent.xml
----------------- Instantiating /home/travis/build/icyphy/ptII/ptolemy/domains/modal/test/auto/GuardOnAbsent.xml
7 ms. Memory: 578048K Free: 409370K (71%)
----------------- Invoking toplevel() on ptolemy.moml.MoMLSimpleApplication@4a24768b
----------------- Done invoking toplevel() on ptolemy.moml.MoMLSimpleApplication@4a24768b
reloadAllAccessors: .GuardOnAbsent

===========================================================================================
----------------- testing Sun Dec 16 03:06:08 UTC 2018 /home/travis/build/icyphy/ptII/ptolemy/domains/modal/test/auto/HierarchicalFSMTypeInference.xml
----------------- Instantiating /home/travis/build/icyphy/ptII/ptolemy/domains/modal/test/auto/HierarchicalFSMTypeInference.xml
4 ms. Memory: 578048K Free: 390873K (68%)
----------------- Invoking toplevel() on ptolemy.moml.MoMLSimpleApplication@765f094e
----------------- Done invoking toplevel() on ptolemy.moml.MoMLSimpleApplication@765f094e
reloadAllAccessors: .HierarchicalFSMTypeInference

===========================================================================================
----------------- testing Sun Dec 16 03:06:08 UTC 2018 /home/travis/build/icyphy/ptII/ptolemy/domains/modal/test/auto/Hysteresis.xml
----------------- Instantiating /home/travis/build/icyphy/ptII/ptolemy/domains/modal/test/auto/Hysteresis.xml
13 ms. Memory: 578048K Free: 371287K (64%)
----------------- Invoking toplevel() on ptolemy.moml.MoMLSimpleApplication@67a7c9d8
----------------- Done invoking toplevel() on ptolemy.moml.MoMLSimpleApplication@67a7c9d8
reloadAllAccessors: .Hysteresis

===========================================================================================
----------------- testing Sun Dec 16 03:06:08 UTC 2018 /home/travis/build/icyphy/ptII/ptolemy/domains/modal/test/auto/HysteresisWithDefault.xml
----------------- Instantiating /home/travis/build/icyphy/ptII/ptolemy/domains/modal/test/auto/HysteresisWithDefault.xml
30 ms. Memory: 578048K Free: 342972K (59%)
----------------- Invoking toplevel() on ptolemy.moml.MoMLSimpleApplication@7daa4cb6
----------------- Done invoking toplevel() on ptolemy.moml.MoMLSimpleApplication@7daa4cb6
reloadAllAccessors: .HysteresisWithDefault

===========================================================================================
----------------- testing Sun Dec 16 03:06:08 UTC 2018 /home/travis/build/icyphy/ptII/ptolemy/domains/modal/test/auto/HysteresisWithDefault2.xml
----------------- Instantiating /home/travis/build/icyphy/ptII/ptolemy/domains/modal/test/auto/HysteresisWithDefault2.xml
40 ms. Memory: 578048K Free: 310344K (54%)
----------------- Invoking toplevel() on ptolemy.moml.MoMLSimpleApplication@196806e2
----------------- Done invoking toplevel() on ptolemy.moml.MoMLSimpleApplication@196806e2
reloadAllAccessors: .HysteresisWithDefault2

===========================================================================================
----------------- testing Sun Dec 16 03:06:08 UTC 2018 /home/travis/build/icyphy/ptII/ptolemy/domains/modal/test/auto/ImmediateNonConstructiveness.xml
----------------- Instantiating /home/travis/build/icyphy/ptII/ptolemy/domains/modal/test/auto/ImmediateNonConstructiveness.xml
3 ms. Memory: 578048K Free: 300560K (52%)
----------------- Invoking toplevel() on ptolemy.moml.MoMLSimpleApplication@7d0d17d6
----------------- Done invoking toplevel() on ptolemy.moml.MoMLSimpleApplication@7d0d17d6
reloadAllAccessors: .ImmediateNonConstructiveness

===========================================================================================
----------------- testing Sun Dec 16 03:06:08 UTC 2018 /home/travis/build/icyphy/ptII/ptolemy/domains/modal/test/auto/ImmediateNonConstructiveness2.xml
----------------- Instantiating /home/travis/build/icyphy/ptII/ptolemy/domains/modal/test/auto/ImmediateNonConstructiveness2.xml
2 ms. Memory: 578048K Free: 288583K (50%)
----------------- Invoking toplevel() on ptolemy.moml.MoMLSimpleApplication@33cf5884
----------------- Done invoking toplevel() on ptolemy.moml.MoMLSimpleApplication@33cf5884
reloadAllAccessors: .ImmediateNonConstructiveness2

===========================================================================================
----------------- testing Sun Dec 16 03:06:08 UTC 2018 /home/travis/build/icyphy/ptII/ptolemy/domains/modal/test/auto/ImmediateTransitionReset.xml
----------------- Instantiating /home/travis/build/icyphy/ptII/ptolemy/domains/modal/test/auto/ImmediateTransitionReset.xml
5 ms. Memory: 578048K Free: 272269K (47%)
----------------- Invoking toplevel() on ptolemy.moml.MoMLSimpleApplication@790e287c
----------------- Done invoking toplevel() on ptolemy.moml.MoMLSimpleApplication@790e287c
reloadAllAccessors: .ImmediateTransitionReset

===========================================================================================
----------------- testing Sun Dec 16 03:06:08 UTC 2018 /home/travis/build/icyphy/ptII/ptolemy/domains/modal/test/auto/ImmediateTransitions1.xml
----------------- Instantiating /home/travis/build/icyphy/ptII/ptolemy/domains/modal/test/auto/ImmediateTransitions1.xml
1 ms. Memory: 578048K Free: 262492K (45%)
----------------- Invoking toplevel() on ptolemy.moml.MoMLSimpleApplication@3b824a07
----------------- Done invoking toplevel() on ptolemy.moml.MoMLSimpleApplication@3b824a07
reloadAllAccessors: .ImmediateTransitions1

===========================================================================================
----------------- testing Sun Dec 16 03:06:08 UTC 2018 /home/travis/build/icyphy/ptII/ptolemy/domains/modal/test/auto/ImmediateTransitionsInstantaneousCommunication.xml
----------------- Instantiating /home/travis/build/icyphy/ptII/ptolemy/domains/modal/test/auto/ImmediateTransitionsInstantaneousCommunication.xml
5 ms. Memory: 578048K Free: 243995K (42%)
----------------- Invoking toplevel() on ptolemy.moml.MoMLSimpleApplication@5acdc9bf
----------------- Done invoking toplevel() on ptolemy.moml.MoMLSimpleApplication@5acdc9bf
reloadAllAccessors: .ImmediateTransitionsInstantaneousCommunication

===========================================================================================
----------------- testing Sun Dec 16 03:06:08 UTC 2018 /home/travis/build/icyphy/ptII/ptolemy/domains/modal/test/auto/InitialImmediateTransition.xml
----------------- Instantiating /home/travis/build/icyphy/ptII/ptolemy/domains/modal/test/auto/InitialImmediateTransition.xml
4 ms. Memory: 578048K Free: 234218K (41%)
----------------- Invoking toplevel() on ptolemy.moml.MoMLSimpleApplication@5489bf9
----------------- Done invoking toplevel() on ptolemy.moml.MoMLSimpleApplication@5489bf9
reloadAllAccessors: .InitialImmediateTransition

===========================================================================================
----------------- testing Sun Dec 16 03:06:08 UTC 2018 /home/travis/build/icyphy/ptII/ptolemy/domains/modal/test/auto/InitialOutputs.xml
----------------- Instantiating /home/travis/build/icyphy/ptII/ptolemy/domains/modal/test/auto/InitialOutputs.xml
2 ms. Memory: 578048K Free: 224441K (39%)
----------------- Invoking toplevel() on ptolemy.moml.MoMLSimpleApplication@433346f7
----------------- Done invoking toplevel() on ptolemy.moml.MoMLSimpleApplication@433346f7
reloadAllAccessors: .InitialOutputs

===========================================================================================
----------------- testing Sun Dec 16 03:06:08 UTC 2018 /home/travis/build/icyphy/ptII/ptolemy/domains/modal/test/auto/InitialStateTransition1.xml
----------------- Instantiating /home/travis/build/icyphy/ptII/ptolemy/domains/modal/test/auto/InitialStateTransition1.xml
2 ms. Memory: 578048K Free: 209200K (36%)
----------------- Invoking toplevel() on ptolemy.moml.MoMLSimpleApplication@1ad9c800
----------------- Done invoking toplevel() on ptolemy.moml.MoMLSimpleApplication@1ad9c800
reloadAllAccessors: .InitialStateTransition1

===========================================================================================
----------------- testing Sun Dec 16 03:06:08 UTC 2018 /home/travis/build/icyphy/ptII/ptolemy/domains/modal/test/auto/InitialStateTransition2.xml
----------------- Instantiating /home/travis/build/icyphy/ptII/ptolemy/domains/modal/test/auto/InitialStateTransition2.xml
.InitialStateTransition2.TestExceptionAttributeNonConstructive: initialize() was not invoked, but wrapup() was.  This is unusual, but not always a problem.  For example, exporting JNLP will do this.
1 ms. Memory: 578048K Free: 196158K (34%)
----------------- Invoking toplevel() on ptolemy.moml.MoMLSimpleApplication@2f81b47a
----------------- Done invoking toplevel() on ptolemy.moml.MoMLSimpleApplication@2f81b47a
reloadAllAccessors: .InitialStateTransition2

===========================================================================================
----------------- testing Sun Dec 16 03:06:08 UTC 2018 /home/travis/build/icyphy/ptII/ptolemy/domains/modal/test/auto/InitialStateTransition3.xml
----------------- Instantiating /home/travis/build/icyphy/ptII/ptolemy/domains/modal/test/auto/InitialStateTransition3.xml
4 ms. Memory: 578048K Free: 180917K (31%)
----------------- Invoking toplevel() on ptolemy.moml.MoMLSimpleApplication@53c1e06e
----------------- Done invoking toplevel() on ptolemy.moml.MoMLSimpleApplication@53c1e06e
reloadAllAccessors: .InitialStateTransition3

===========================================================================================
----------------- testing Sun Dec 16 03:06:09 UTC 2018 /home/travis/build/icyphy/ptII/ptolemy/domains/modal/test/auto/InitialStateTransition4.xml
----------------- Instantiating /home/travis/build/icyphy/ptII/ptolemy/domains/modal/test/auto/InitialStateTransition4.xml
2 ms. Memory: 578048K Free: 167892K (29%)
----------------- Invoking toplevel() on ptolemy.moml.MoMLSimpleApplication@324da4fb
----------------- Done invoking toplevel() on ptolemy.moml.MoMLSimpleApplication@324da4fb
[...]
----------------- Done invoking toplevel() on ptolemy.moml.MoMLSimpleApplication@64fe6866
reloadAllAccessors: .TerminationTransition3

===========================================================================================
----------------- testing Sun Dec 16 03:06:10 UTC 2018 /home/travis/build/icyphy/ptII/ptolemy/domains/modal/test/auto/TerminationTransition4.xml
----------------- Instantiating /home/travis/build/icyphy/ptII/ptolemy/domains/modal/test/auto/TerminationTransition4.xml
3 ms. Memory: 871936K Free: 841612K (97%)
----------------- Invoking toplevel() on ptolemy.moml.MoMLSimpleApplication@7a7c8e1d
----------------- Done invoking toplevel() on ptolemy.moml.MoMLSimpleApplication@7a7c8e1d
reloadAllAccessors: .TerminationTransition4

===========================================================================================
----------------- testing Sun Dec 16 03:06:10 UTC 2018 /home/travis/build/icyphy/ptII/ptolemy/domains/modal/test/auto/TerminationTransition5.xml
----------------- Instantiating /home/travis/build/icyphy/ptII/ptolemy/domains/modal/test/auto/TerminationTransition5.xml
2 ms. Memory: 871936K Free: 818908K (94%)
----------------- Invoking toplevel() on ptolemy.moml.MoMLSimpleApplication@3cc0686f
----------------- Done invoking toplevel() on ptolemy.moml.MoMLSimpleApplication@3cc0686f
reloadAllAccessors: .TerminationTransition5

===========================================================================================
----------------- testing Sun Dec 16 03:06:10 UTC 2018 /home/travis/build/icyphy/ptII/ptolemy/domains/modal/test/auto/TerminationTransition6.xml
----------------- Instantiating /home/travis/build/icyphy/ptII/ptolemy/domains/modal/test/auto/TerminationTransition6.xml
2 ms. Memory: 871936K Free: 803264K (92%)
----------------- Invoking toplevel() on ptolemy.moml.MoMLSimpleApplication@374405f4
----------------- Done invoking toplevel() on ptolemy.moml.MoMLSimpleApplication@374405f4
reloadAllAccessors: .TerminationTransition6

===========================================================================================
----------------- testing Sun Dec 16 03:06:10 UTC 2018 /home/travis/build/icyphy/ptII/ptolemy/domains/modal/test/auto/TerminationTransition7.xml
----------------- Instantiating /home/travis/build/icyphy/ptII/ptolemy/domains/modal/test/auto/TerminationTransition7.xml
4 ms. Memory: 871936K Free: 785651K (90%)
----------------- Invoking toplevel() on ptolemy.moml.MoMLSimpleApplication@25b20c8c
----------------- Done invoking toplevel() on ptolemy.moml.MoMLSimpleApplication@25b20c8c
reloadAllAccessors: .TerminationTransition7

===========================================================================================
----------------- testing Sun Dec 16 03:06:10 UTC 2018 /home/travis/build/icyphy/ptII/ptolemy/domains/modal/test/auto/TerminationTransition8.xml
----------------- Instantiating /home/travis/build/icyphy/ptII/ptolemy/domains/modal/test/auto/TerminationTransition8.xml
2 ms. Memory: 871936K Free: 769998K (88%)
----------------- Invoking toplevel() on ptolemy.moml.MoMLSimpleApplication@69bf4fb8
----------------- Done invoking toplevel() on ptolemy.moml.MoMLSimpleApplication@69bf4fb8
reloadAllAccessors: .TerminationTransition8

===========================================================================================
----------------- testing Sun Dec 16 03:06:10 UTC 2018 /home/travis/build/icyphy/ptII/ptolemy/domains/modal/test/auto/Thermostat_NoHysteresis.xml
----------------- Instantiating /home/travis/build/icyphy/ptII/ptolemy/domains/modal/test/auto/Thermostat_NoHysteresis.xml
21 ms. Memory: 871936K Free: 736854K (85%)
----------------- Invoking toplevel() on ptolemy.moml.MoMLSimpleApplication@1449ad2f
----------------- Done invoking toplevel() on ptolemy.moml.MoMLSimpleApplication@1449ad2f
reloadAllAccessors: .Thermostat_NoHysteresis

===========================================================================================
----------------- testing Sun Dec 16 03:06:10 UTC 2018 /home/travis/build/icyphy/ptII/ptolemy/domains/modal/test/auto/TimedFSM.xml
----------------- Instantiating /home/travis/build/icyphy/ptII/ptolemy/domains/modal/test/auto/TimedFSM.xml
7 ms. Memory: 871936K Free: 721202K (83%)
----------------- Invoking toplevel() on ptolemy.moml.MoMLSimpleApplication@32406a9e
----------------- Done invoking toplevel() on ptolemy.moml.MoMLSimpleApplication@32406a9e
reloadAllAccessors: .TimedFSM

===========================================================================================
----------------- testing Sun Dec 16 03:06:11 UTC 2018 /home/travis/build/icyphy/ptII/ptolemy/domains/modal/test/auto/Timeout1.xml
----------------- Instantiating /home/travis/build/icyphy/ptII/ptolemy/domains/modal/test/auto/Timeout1.xml
5 ms. Memory: 871936K Free: 708922K (81%)
----------------- Invoking toplevel() on ptolemy.moml.MoMLSimpleApplication@3b4d561b
----------------- Done invoking toplevel() on ptolemy.moml.MoMLSimpleApplication@3b4d561b
reloadAllAccessors: .Timeout1

===========================================================================================
----------------- testing Sun Dec 16 03:06:11 UTC 2018 /home/travis/build/icyphy/ptII/ptolemy/domains/modal/test/auto/Timeout2.xml
----------------- Instantiating /home/travis/build/icyphy/ptII/ptolemy/domains/modal/test/auto/Timeout2.xml
4 ms. Memory: 871936K Free: 693277K (80%)
----------------- Invoking toplevel() on ptolemy.moml.MoMLSimpleApplication@77d97f20
----------------- Done invoking toplevel() on ptolemy.moml.MoMLSimpleApplication@77d97f20
reloadAllAccessors: .Timeout2

===========================================================================================
----------------- testing Sun Dec 16 03:06:11 UTC 2018 /home/travis/build/icyphy/ptII/ptolemy/domains/modal/test/auto/Timeout3.xml
----------------- Instantiating /home/travis/build/icyphy/ptII/ptolemy/domains/modal/test/auto/Timeout3.xml
2 ms. Memory: 871936K Free: 680998K (78%)
----------------- Invoking toplevel() on ptolemy.moml.MoMLSimpleApplication@10e999f0
----------------- Done invoking toplevel() on ptolemy.moml.MoMLSimpleApplication@10e999f0
reloadAllAccessors: .Timeout3

===========================================================================================
----------------- testing Sun Dec 16 03:06:11 UTC 2018 /home/travis/build/icyphy/ptII/ptolemy/domains/modal/test/auto/Timeout4.xml
----------------- Instantiating /home/travis/build/icyphy/ptII/ptolemy/domains/modal/test/auto/Timeout4.xml
2 ms. Memory: 871936K Free: 670574K (77%)
----------------- Invoking toplevel() on ptolemy.moml.MoMLSimpleApplication@45e50bc5
----------------- Done invoking toplevel() on ptolemy.moml.MoMLSimpleApplication@45e50bc5
reloadAllAccessors: .Timeout4

===========================================================================================
----------------- testing Sun Dec 16 03:06:11 UTC 2018 /home/travis/build/icyphy/ptII/ptolemy/domains/modal/test/auto/TransientstateModelAdvanced.xml
----------------- Instantiating /home/travis/build/icyphy/ptII/ptolemy/domains/modal/test/auto/TransientstateModelAdvanced.xml
3 ms. Memory: 871936K Free: 647854K (74%)
----------------- Invoking toplevel() on ptolemy.moml.MoMLSimpleApplication@32fffb4
----------------- Done invoking toplevel() on ptolemy.moml.MoMLSimpleApplication@32fffb4
reloadAllAccessors: .TransientstateModelAdvanced

===========================================================================================
----------------- testing Sun Dec 16 03:06:11 UTC 2018 /home/travis/build/icyphy/ptII/ptolemy/domains/modal/test/auto/TransientstateModelAdvanced2.xml
----------------- Instantiating /home/travis/build/icyphy/ptII/ptolemy/domains/modal/test/auto/TransientstateModelAdvanced2.xml
2 ms. Memory: 871936K Free: 626997K (72%)
----------------- Invoking toplevel() on ptolemy.moml.MoMLSimpleApplication@113b81ad
----------------- Done invoking toplevel() on ptolemy.moml.MoMLSimpleApplication@113b81ad
reloadAllAccessors: .transientstatemodelAdvanced

===========================================================================================
----------------- testing Sun Dec 16 03:06:11 UTC 2018 /home/travis/build/icyphy/ptII/ptolemy/domains/modal/test/auto/TransitionRefinements.xml
----------------- Instantiating /home/travis/build/icyphy/ptII/ptolemy/domains/modal/test/auto/TransitionRefinements.xml
5 ms. Memory: 871936K Free: 609489K (70%)
----------------- Invoking toplevel() on ptolemy.moml.MoMLSimpleApplication@2bebe11f
----------------- Done invoking toplevel() on ptolemy.moml.MoMLSimpleApplication@2bebe11f
reloadAllAccessors: .TransitionRefinements

===========================================================================================
----------------- testing Sun Dec 16 03:06:11 UTC 2018 /home/travis/build/icyphy/ptII/ptolemy/domains/modal/test/auto/TwoRefinements1.xml
----------------- Instantiating /home/travis/build/icyphy/ptII/ptolemy/domains/modal/test/auto/TwoRefinements1.xml
2 ms. Memory: 871936K Free: 593837K (68%)
----------------- Invoking toplevel() on ptolemy.moml.MoMLSimpleApplication@6dba0230
----------------- Done invoking toplevel() on ptolemy.moml.MoMLSimpleApplication@6dba0230
reloadAllAccessors: .TwoRefinements1

===========================================================================================
----------------- testing Sun Dec 16 03:06:11 UTC 2018 /home/travis/build/icyphy/ptII/ptolemy/domains/modal/test/auto/TwoRefinements2.xml
----------------- Instantiating /home/travis/build/icyphy/ptII/ptolemy/domains/modal/test/auto/TwoRefinements2.xml
2 ms. Memory: 871936K Free: 576329K (66%)
----------------- Invoking toplevel() on ptolemy.moml.MoMLSimpleApplication@44996fac
----------------- Done invoking toplevel() on ptolemy.moml.MoMLSimpleApplication@44996fac
reloadAllAccessors: .TwoRefinements2

===========================================================================================
----------------- testing Sun Dec 16 03:06:11 UTC 2018 /home/travis/build/icyphy/ptII/ptolemy/domains/modal/test/auto/WeakImmediateTransition.xml
----------------- Instantiating /home/travis/build/icyphy/ptII/ptolemy/domains/modal/test/auto/WeakImmediateTransition.xml
2 ms. Memory: 871936K Free: 560677K (64%)
----------------- Invoking toplevel() on ptolemy.moml.MoMLSimpleApplication@7b099f5a
----------------- Done invoking toplevel() on ptolemy.moml.MoMLSimpleApplication@7b099f5a
reloadAllAccessors: .WeakImmediateTransition

===========================================================================================
----------------- testing Sun Dec 16 03:06:11 UTC 2018 /home/travis/build/icyphy/ptII/ptolemy/domains/modal/test/auto/booleanSelect.xml
----------------- Instantiating /home/travis/build/icyphy/ptII/ptolemy/domains/modal/test/auto/booleanSelect.xml
30 ms. Memory: 871936K Free: 532713K (61%)
----------------- Invoking toplevel() on ptolemy.moml.MoMLSimpleApplication@6b2c538c
----------------- Done invoking toplevel() on ptolemy.moml.MoMLSimpleApplication@6b2c538c
reloadAllAccessors: .booleanSelect

===========================================================================================
----------------- testing Sun Dec 16 03:06:11 UTC 2018 /home/travis/build/icyphy/ptII/ptolemy/domains/modal/test/auto/modalChangingParams.xml
----------------- Instantiating /home/travis/build/icyphy/ptII/ptolemy/domains/modal/test/auto/modalChangingParams.xml
0
1
0
2
4
6
8
7
0
2
4
6
8
13
0
2
4
6
8
19
0
2
4
6
8
25
0
2
4
6
8
31
0
2
4
6
8
37
0
2
4
6
8
43
0
2
4
6
8
49
0
2
4
6
8
55
0
2
4
6
8
61
0
2
4
6
8
67
0
2
4
6
8
73
0
2
4
6
8
79
0
2
4
6
8
85
0
2
4
6
8
91
0
2
4
6
8
97
0
2
4
6
8
103
0
2
4
6
8
109
0
2
4
6
8
115
0
2
4
6
8
121
0
2
4
6
8
127
0
2
4
6
8
133
0
2
4
6
8
139
0
2
4
6
8
145
0
2
4
6
8
151
0
2
4
6
8
157
0
2
4
6
8
163
0
2
4
6
8
169
0
2
4
6
8
175
0
2
4
6
8
181
0
2
4
6
8
187
0
2
4
6
8
193
0
2
4
6
8
199
0
2
4
6
8
205
0
2
4
6
8
211
0
2
4
6
8
217
0
2
4
6
8
223
0
2
4
6
8
229
0
2
4
6
8
235
0
2
4
6
8
241
0
2
4
6
8
247
0
2
4
6
8
253
0
2
4
6
8
259
0
2
4
6
8
265
0
2
4
6
8
271
0
2
4
6
8
277
0
2
4
6
8
283
0
2
4
6
8
289
0
2
4
6
8
295
0
2
4
6
8
301
0
2
4
6
8
307
0
2
4
6
8
313
0
2
4
6
8
319
0
2
4
6
8
325
0
2
4
6
8
331
0
2
4
6
8
337
0
2
4
6
8
343
0
2
4
6
8
349
0
2
4
6
8
355
0
2
4
6
8
361
0
2
4
6
8
367
0
2
4
6
8
373
0
2
4
6
8
379
0
2
4
6
8
385
0
2
4
6
8
391
0
2
4
6
8
397
0
2
4
6
8
403
0
2
4
6
8
409
0
2
4
6
8
415
0
2
4
6
8
421
0
2
4
6
8
427
0
2
4
6
8
433
0
2
4
6
8
439
0
2
4
6
8
445
0
2
4
6
8
451
0
2
4
6
8
457
0
2
4
6
8
463
0
2
4
6
8
469
0
2
4
6
8
475
0
2
4
6
8
481
0
2
4
6
8
487
0
2
4
6
8
493
0
2
4
6
8
499
0
2
4
6
8
505
0
2
4
6
8
511
0
2
4
6
8
517
0
2
4
6
8
523
0
2
4
6
8
529
0
2
4
6
8
535
0
2
4
6
8
541
0
2
4
6
8
547
0
2
4
6
8
553
0
2
4
6
8
559
0
2
4
6
8
565
0
2
4
6
8
571
0
2
4
6
8
577
0
2
4
6
8
583
0
2
4
6
8
589
0
2
4
6
8
595
0
2
4
6
8
601
0
2
4
6
8
607
0
2
4
6
8
613
0
2
4
6
8
619
0
2
4
6
8
625
0
2
4
6
8
631
0
2
4
6
8
637
0
2
4
6
8
643
0
2
4
6
8
649
0
2
4
6
8
655
0
2
4
6
8
661
0
2
4
6
8
667
0
2
4
6
8
673
0
2
4
6
8
679
0
2
4
6
8
685
0
2
4
6
8
691
0
2
4
6
8
697
0
2
4
6
8
703
0
2
4
6
8
709
0
2
4
6
8
715
0
2
4
6
8
721
0
2
4
6
8
727
0
2
4
6
8
733
0
2
4
6
8
739
0
2
4
6
8
745
0
2
4
6
8
751
0
2
4
6
8
757
0
2
4
6
8
763
0
2
4
6
8
769
0
2
4
6
8
775
0
2
4
6
8
781
0
2
4
6
8
787
0
2
4
6
8
793
0
2
4
6
8
799
0
2
4
6
8
805
0
2
4
6
8
811
0
2
4
6
8
817
0
2
4
6
8
823
0
2
4
6
8
829
0
2
4
6
8
835
0
2
4
6
8
841
0
2
4
6
8
847
0
2
4
6
8
853
0
2
4
6
8
859
0
2
4
6
8
865
0
2
4
6
8
871
0
2
4
6
8
877
0
2
4
6
8
883
0
2
4
6
8
889
0
2
4
6
8
895
0
2
4
6
8
901
0
2
4
6
8
907
0
2
4
6
8
913
0
2
4
6
8
919
0
2
4
6
8
925
0
2
4
6
8
931
0
2
4
6
8
937
0
2
4
6
8
943
0
2
4
6
8
949
0
2
4
6
8
955
0
2
4
6
8
961
0
2
4
6
8
967
0
2
4
6
8
973
0
2
4
6
8
979
0
2
4
6
8
985
0
2
4
6
8
991
0
2
4
6
8
997
0
2
189 ms. Memory: 871936K Free: 417901K (48%)
----------------- Invoking toplevel() on ptolemy.moml.MoMLSimpleApplication@320907a
----------------- Done invoking toplevel() on ptolemy.moml.MoMLSimpleApplication@320907a
reloadAllAccessors: .modalChangingParams

===========================================================================================
----------------- testing Sun Dec 16 03:06:11 UTC 2018 /home/travis/build/icyphy/ptII/ptolemy/domains/modal/test/auto/modalModel.xml
----------------- Instantiating /home/travis/build/icyphy/ptII/ptolemy/domains/modal/test/auto/modalModel.xml
4 ms. Memory: 871936K Free: 402256K (46%)
----------------- Invoking toplevel() on ptolemy.moml.MoMLSimpleApplication@1ae154e6
----------------- Done invoking toplevel() on ptolemy.moml.MoMLSimpleApplication@1ae154e6
reloadAllAccessors: .modalModel

===========================================================================================
----------------- testing Sun Dec 16 03:06:11 UTC 2018 /home/travis/build/icyphy/ptII/ptolemy/domains/modal/test/auto/modalModel2.xml
----------------- Instantiating /home/travis/build/icyphy/ptII/ptolemy/domains/modal/test/auto/modalModel2.xml
6 ms. Memory: 871936K Free: 384749K (44%)
----------------- Invoking toplevel() on ptolemy.moml.MoMLSimpleApplication@5e9e59a
----------------- Done invoking toplevel() on ptolemy.moml.MoMLSimpleApplication@5e9e59a
reloadAllAccessors: .modalModel2

===========================================================================================
----------------- testing Sun Dec 16 03:06:11 UTC 2018 /home/travis/build/icyphy/ptII/ptolemy/domains/modal/test/auto/modalModel3.xml
----------------- Instantiating /home/travis/build/icyphy/ptII/ptolemy/domains/modal/test/auto/modalModel3.xml
0	0	0
1	0	1
4	2	2
7	4	3
10	6	4
5	0	5
8	2	6
11	4	7
14	6	8
9	0	9
12	2	10
15	4	11
18	6	12
13	0	13
16	2	14
15 ms. Memory: 871936K Free: 369112K (42%)
----------------- Invoking toplevel() on ptolemy.moml.MoMLSimpleApplication@71585823
----------------- Done invoking toplevel() on ptolemy.moml.MoMLSimpleApplication@71585823
reloadAllAccessors: .modalModel3

===========================================================================================
----------------- testing Sun Dec 16 03:06:11 UTC 2018 /home/travis/build/icyphy/ptII/ptolemy/domains/modal/test/auto/model1.xml
----------------- Instantiating /home/travis/build/icyphy/ptII/ptolemy/domains/modal/test/auto/model1.xml
10 ms. Memory: 871936K Free: 356833K (41%)
----------------- Invoking toplevel() on ptolemy.moml.MoMLSimpleApplication@698db6a1
----------------- Done invoking toplevel() on ptolemy.moml.MoMLSimpleApplication@698db6a1
reloadAllAccessors: .model1

===========================================================================================
----------------- testing Sun Dec 16 03:06:11 UTC 2018 /home/travis/build/icyphy/ptII/ptolemy/domains/modal/test/auto/test-direct-in-out.xml
----------------- Instantiating /home/travis/build/icyphy/ptII/ptolemy/domains/modal/test/auto/test-direct-in-out.xml
3 ms. Memory: 871936K Free: 341196K (39%)
----------------- Invoking toplevel() on ptolemy.moml.MoMLSimpleApplication@2dbc58d7
----------------- Done invoking toplevel() on ptolemy.moml.MoMLSimpleApplication@2dbc58d7
reloadAllAccessors: .test-direct-in-out
AutoTests.java: About to close Vertx.
AutoTests.java: Vertx closed.
]]></system-out>
  <system-err><![CDATA[java.lang.RuntimeException: Execution failed
	at ptolemy.moml.MoMLSimpleApplication$UnloadThread.run(MoMLSimpleApplication.java:402)
Caused by: ptolemy.kernel.util.IllegalActionException: Unknown inputs remain. Possible causality loop:
L_model_1893289564i

  in .CannotAnalysisWithPreemption.model_1893289564_region_1 and .CannotAnalysisWithPreemption.model_1893289564_region_1.L_model_1893289564i
	at ptolemy.actor.sched.FixedPointDirector.postfire(FixedPointDirector.java:515)
	at ptolemy.domains.sr.kernel.SRDirector.postfire(SRDirector.java:417)
	at ptolemy.actor.CompositeActor.postfire(CompositeActor.java:1668)
	at ptolemy.actor.Manager.iterate(Manager.java:852)
	at ptolemy.actor.Manager.execute(Manager.java:369)
	at ptolemy.actor.Manager.run(Manager.java:1263)
	at ptolemy.actor.Manager$PtolemyRunThread.run(Manager.java:1915)
java.lang.reflect.InvocationTargetException
	at sun.reflect.NativeConstructorAccessorImpl.newInstance0(Native Method)
	at sun.reflect.NativeConstructorAccessorImpl.newInstance(NativeConstructorAccessorImpl.java:62)
	at sun.reflect.DelegatingConstructorAccessorImpl.newInstance(DelegatingConstructorAccessorImpl.java:45)
	at java.lang.reflect.Constructor.newInstance(Constructor.java:423)
	at ptolemy.util.test.junit.AutoKnownFailedTests.RunModel(AutoKnownFailedTests.java:105)
	at sun.reflect.NativeMethodAccessorImpl.invoke0(Native Method)
	at sun.reflect.NativeMethodAccessorImpl.invoke(NativeMethodAccessorImpl.java:62)
	at sun.reflect.DelegatingMethodAccessorImpl.invoke(DelegatingMethodAccessorImpl.java:43)
	at java.lang.reflect.Method.invoke(Method.java:498)
	at org.junit.runners.model.FrameworkMethod$1.runReflectiveCall(FrameworkMethod.java:44)
	at org.junit.internal.runners.model.ReflectiveCallable.run(ReflectiveCallable.java:15)
	at org.junit.runners.model.FrameworkMethod.invokeExplosively(FrameworkMethod.java:41)
	at junitparams.internal.InvokeParameterisedMethod.evaluate(InvokeParameterisedMethod.java:102)
	at org.junit.internal.runners.statements.FailOnTimeout$1.run(FailOnTimeout.java:28)
Caused by: ptolemy.kernel.util.IllegalActionException: Unknown inputs remain. Possible causality loop:
L_model_1893289564i

  in .CannotAnalysisWithPreemption.model_1893289564_region_1 and .CannotAnalysisWithPreemption.model_1893289564_region_1.L_model_1893289564i
	at ptolemy.actor.sched.FixedPointDirector.postfire(FixedPointDirector.java:515)
	at ptolemy.domains.sr.kernel.SRDirector.postfire(SRDirector.java:417)
	at ptolemy.actor.CompositeActor.postfire(CompositeActor.java:1668)
	at ptolemy.actor.Manager.iterate(Manager.java:852)
	at ptolemy.actor.Manager.execute(Manager.java:369)
	at ptolemy.actor.Manager.run(Manager.java:1263)
	at ptolemy.actor.Manager$PtolemyRunThread.run(Manager.java:1915)
]]></system-err>
</testsuite>
