<?xml version="1.0" encoding="UTF-8" ?>
<testsuite errors="0" failures="0" hostname="travis-job-1ae00869-85ee-4409-bcc8-ebb8ae07ae70" name="ptolemy.domains.de.test.junit.JUnitTclTest" skipped="0" tests="101" time="133.395" timestamp="2019-12-03T06:19:47">
  <properties>
[...]
</properties>
  <testcase classname="ptolemy.util.test.junit.TclTests" name="[0] /home/travis/build/icyphy/ptII/ptolemy/domains/de/test/DependencyLoop.tcl (RunTclFile)" time="1.206" />
  <testcase classname="ptolemy.util.test.junit.TclTests" name="[1] /home/travis/build/icyphy/ptII/ptolemy/domains/de/test/RunDETestsAsQSS.tcl (RunTclFile)" time="90.011" />
  <testcase classname="ptolemy.util.test.junit.AutoKnownFailedTests" name="[0] /home/travis/build/icyphy/ptII/ptolemy/domains/de/test/auto/knownFailedTests/DESDFClockTest.xml (RunModel)" time="2.043" />
  <testcase classname="ptolemy.util.test.junit.AutoKnownFailedTests" name="[1] /home/travis/build/icyphy/ptII/ptolemy/domains/de/test/auto/knownFailedTests/DirectFeedback.xml (RunModel)" time="0.018" />
  <testcase classname="ptolemy.util.test.junit.AutoKnownFailedTests" name="[2] /home/travis/build/icyphy/ptII/ptolemy/domains/de/test/auto/knownFailedTests/FSMSource.xml (RunModel)" time="0.041" />
  <testcase classname="ptolemy.util.test.junit.AutoKnownFailedTests" name="[3] /home/travis/build/icyphy/ptII/ptolemy/domains/de/test/auto/knownFailedTests/HierarchicalModel.xml (RunModel)" time="0.052" />
  <testcase classname="ptolemy.util.test.junit.AutoKnownFailedTests" name="[4] /home/travis/build/icyphy/ptII/ptolemy/domains/de/test/auto/knownFailedTests/dependencyLoop.xml (RunModel)" time="0.055" />
  <testcase classname="ptolemy.util.test.junit.AutoKnownFailedTests" name="[5] /home/travis/build/icyphy/ptII/ptolemy/domains/de/test/auto/knownFailedTests/dependencyLoop2.xml (RunModel)" time="0.052" />
  <testcase classname="ptolemy.util.test.junit.AutoNameArchTests" name="[0] ThereAreNoAutoArchTests (RunModel)" time="0.002" />
  <testcase classname="ptolemy.util.test.junit.AutoTests" name="[0] /home/travis/build/icyphy/ptII/ptolemy/domains/de/test/auto/ActorDepthCalculation_actorWithoutPorts.xml (RunModel)" time="0.03" />
  <testcase classname="ptolemy.util.test.junit.AutoTests" name="[1] /home/travis/build/icyphy/ptII/ptolemy/domains/de/test/auto/AssemblyLine.xml (RunModel)" time="0.03" />
  <testcase classname="ptolemy.util.test.junit.AutoTests" name="[2] /home/travis/build/icyphy/ptII/ptolemy/domains/de/test/auto/CQBug1.xml (RunModel)" time="0.008" />
  <testcase classname="ptolemy.util.test.junit.AutoTests" name="[3] /home/travis/build/icyphy/ptII/ptolemy/domains/de/test/auto/CancelFireAt.xml (RunModel)" time="0.006" />
  <testcase classname="ptolemy.util.test.junit.AutoTests" name="[4] /home/travis/build/icyphy/ptII/ptolemy/domains/de/test/auto/CausalityAndComposabilityAnalysis.xml (RunModel)" time="0.012" />
  <testcase classname="ptolemy.util.test.junit.AutoTests" name="[5] /home/travis/build/icyphy/ptII/ptolemy/domains/de/test/auto/CausalityInterface1.xml (RunModel)" time="0.02" />
  <testcase classname="ptolemy.util.test.junit.AutoTests" name="[6] /home/travis/build/icyphy/ptII/ptolemy/domains/de/test/auto/CausalityInterface15.xml (RunModel)" time="0.017" />
  <testcase classname="ptolemy.util.test.junit.AutoTests" name="[7] /home/travis/build/icyphy/ptII/ptolemy/domains/de/test/auto/CausalityInterface2.xml (RunModel)" time="0.016" />
  <testcase classname="ptolemy.util.test.junit.AutoTests" name="[8] /home/travis/build/icyphy/ptII/ptolemy/domains/de/test/auto/CausalityInterface3.xml (RunModel)" time="0.013" />
  <testcase classname="ptolemy.util.test.junit.AutoTests" name="[9] /home/travis/build/icyphy/ptII/ptolemy/domains/de/test/auto/ClockDrift.xml (RunModel)" time="0.039" />
  <testcase classname="ptolemy.util.test.junit.AutoTests" name="[10] /home/travis/build/icyphy/ptII/ptolemy/domains/de/test/auto/ClockDriftAndValueChange.xml (RunModel)" time="0.038" />
  <testcase classname="ptolemy.util.test.junit.AutoTests" name="[11] /home/travis/build/icyphy/ptII/ptolemy/domains/de/test/auto/ClockDriftChange.xml (RunModel)" time="0.037" />
  <testcase classname="ptolemy.util.test.junit.AutoTests" name="[12] /home/travis/build/icyphy/ptII/ptolemy/domains/de/test/auto/ComposableCausalityAnalysis.xml (RunModel)" time="0.021" />
  <testcase classname="ptolemy.util.test.junit.AutoTests" name="[13] /home/travis/build/icyphy/ptII/ptolemy/domains/de/test/auto/DEFixedPointLimitation.xml (RunModel)" time="0.014" />
  <testcase classname="ptolemy.util.test.junit.AutoTests" name="[14] /home/travis/build/icyphy/ptII/ptolemy/domains/de/test/auto/DEScheduleTest.xml (RunModel)" time="0.016" />
  <testcase classname="ptolemy.util.test.junit.AutoTests" name="[15] /home/travis/build/icyphy/ptII/ptolemy/domains/de/test/auto/DEinDEwithStartTimes.xml (RunModel)" time="0.014" />
  <testcase classname="ptolemy.util.test.junit.AutoTests" name="[16] /home/travis/build/icyphy/ptII/ptolemy/domains/de/test/auto/DEinDEwithStartTimes2.xml (RunModel)" time="0.015" />
  <testcase classname="ptolemy.util.test.junit.AutoTests" name="[17] /home/travis/build/icyphy/ptII/ptolemy/domains/de/test/auto/DateDemo.xml (RunModel)" time="0.036" />
  <testcase classname="ptolemy.util.test.junit.AutoTests" name="[18] /home/travis/build/icyphy/ptII/ptolemy/domains/de/test/auto/DateToEvent.xml (RunModel)" time="2.057" />
  <testcase classname="ptolemy.util.test.junit.AutoTests" name="[19] /home/travis/build/icyphy/ptII/ptolemy/domains/de/test/auto/DepthTest1.xml (RunModel)" time="0.009" />
  <testcase classname="ptolemy.util.test.junit.AutoTests" name="[20] /home/travis/build/icyphy/ptII/ptolemy/domains/de/test/auto/DepthTest2.xml (RunModel)" time="0.024" />
  <testcase classname="ptolemy.util.test.junit.AutoTests" name="[21] /home/travis/build/icyphy/ptII/ptolemy/domains/de/test/auto/DepthTest3.xml (RunModel)" time="0.008" />
  <testcase classname="ptolemy.util.test.junit.AutoTests" name="[22] /home/travis/build/icyphy/ptII/ptolemy/domains/de/test/auto/DepthTest4.xml (RunModel)" time="0.019" />
  <testcase classname="ptolemy.util.test.junit.AutoTests" name="[23] /home/travis/build/icyphy/ptII/ptolemy/domains/de/test/auto/DepthTest5.xml (RunModel)" time="0.014" />
  <testcase classname="ptolemy.util.test.junit.AutoTests" name="[24] /home/travis/build/icyphy/ptII/ptolemy/domains/de/test/auto/DepthTest6.xml (RunModel)" time="0.012" />
  <testcase classname="ptolemy.util.test.junit.AutoTests" name="[25] /home/travis/build/icyphy/ptII/ptolemy/domains/de/test/auto/DepthTest7.xml (RunModel)" time="0.013" />
  <testcase classname="ptolemy.util.test.junit.AutoTests" name="[26] /home/travis/build/icyphy/ptII/ptolemy/domains/de/test/auto/EventToDate.xml (RunModel)" time="3.057" />
  <testcase classname="ptolemy.util.test.junit.AutoTests" name="[27] /home/travis/build/icyphy/ptII/ptolemy/domains/de/test/auto/FSM1.xml (RunModel)" time="0.064" />
  <testcase classname="ptolemy.util.test.junit.AutoTests" name="[28] /home/travis/build/icyphy/ptII/ptolemy/domains/de/test/auto/FSM7.xml (RunModel)" time="0.035" />
  <testcase classname="ptolemy.util.test.junit.AutoTests" name="[29] /home/travis/build/icyphy/ptII/ptolemy/domains/de/test/auto/Inspection.xml (RunModel)" time="0.055" />
  <testcase classname="ptolemy.util.test.junit.AutoTests" name="[30] /home/travis/build/icyphy/ptII/ptolemy/domains/de/test/auto/Iteration.xml (RunModel)" time="0.028" />
  <testcase classname="ptolemy.util.test.junit.AutoTests" name="[31] /home/travis/build/icyphy/ptII/ptolemy/domains/de/test/auto/LineFault.xml (RunModel)" time="0.679" />
  <testcase classname="ptolemy.util.test.junit.AutoTests" name="[32] /home/travis/build/icyphy/ptII/ptolemy/domains/de/test/auto/MergeModel1Add.xml (RunModel)" time="0.058" />
  <testcase classname="ptolemy.util.test.junit.AutoTests" name="[33] /home/travis/build/icyphy/ptII/ptolemy/domains/de/test/auto/MergeModel2Add.xml (RunModel)" time="0.047" />
  <testcase classname="ptolemy.util.test.junit.AutoTests" name="[34] /home/travis/build/icyphy/ptII/ptolemy/domains/de/test/auto/MergeModel3Add.xml (RunModel)" time="0.07" />
  <testcase classname="ptolemy.util.test.junit.AutoTests" name="[35] /home/travis/build/icyphy/ptII/ptolemy/domains/de/test/auto/MergeWithoutDiscard.xml (RunModel)" time="0.014" />
  <testcase classname="ptolemy.util.test.junit.AutoTests" name="[36] /home/travis/build/icyphy/ptII/ptolemy/domains/de/test/auto/Modal1.xml (RunModel)" time="0.041" />
  <testcase classname="ptolemy.util.test.junit.AutoTests" name="[37] /home/travis/build/icyphy/ptII/ptolemy/domains/de/test/auto/Modal2.xml (RunModel)" time="0.044" />
  <testcase classname="ptolemy.util.test.junit.AutoTests" name="[38] /home/travis/build/icyphy/ptII/ptolemy/domains/de/test/auto/Modal3.xml (RunModel)" time="0.041" />
  <testcase classname="ptolemy.util.test.junit.AutoTests" name="[39] /home/travis/build/icyphy/ptII/ptolemy/domains/de/test/auto/Modal4.xml (RunModel)" time="0.04" />
  <testcase classname="ptolemy.util.test.junit.AutoTests" name="[40] /home/travis/build/icyphy/ptII/ptolemy/domains/de/test/auto/Modal5.xml (RunModel)" time="0.037" />
  <testcase classname="ptolemy.util.test.junit.AutoTests" name="[41] /home/travis/build/icyphy/ptII/ptolemy/domains/de/test/auto/Modal6.xml (RunModel)" time="0.03" />
  <testcase classname="ptolemy.util.test.junit.AutoTests" name="[42] /home/travis/build/icyphy/ptII/ptolemy/domains/de/test/auto/Modal7.xml (RunModel)" time="0.036" />
  <testcase classname="ptolemy.util.test.junit.AutoTests" name="[43] /home/travis/build/icyphy/ptII/ptolemy/domains/de/test/auto/ModalModel.xml (RunModel)" time="0.191" />
  <testcase classname="ptolemy.util.test.junit.AutoTests" name="[44] /home/travis/build/icyphy/ptII/ptolemy/domains/de/test/auto/ModalSource.xml (RunModel)" time="0.024" />
  <testcase classname="ptolemy.util.test.junit.AutoTests" name="[45] /home/travis/build/icyphy/ptII/ptolemy/domains/de/test/auto/NonInterruptibleTimerZeroDelay.xml (RunModel)" time="0.012" />
  <testcase classname="ptolemy.util.test.junit.AutoTests" name="[46] /home/travis/build/icyphy/ptII/ptolemy/domains/de/test/auto/OpenQueueingNetwork.xml (RunModel)" time="2.469" />
  <testcase classname="ptolemy.util.test.junit.AutoTests" name="[47] /home/travis/build/icyphy/ptII/ptolemy/domains/de/test/auto/OpenQueuingNetwork.xml (RunModel)" time="0.288" />
  <testcase classname="ptolemy.util.test.junit.AutoTests" name="[48] /home/travis/build/icyphy/ptII/ptolemy/domains/de/test/auto/PeriodicSampler.xml (RunModel)" time="0.014" />
  <testcase classname="ptolemy.util.test.junit.AutoTests" name="[49] /home/travis/build/icyphy/ptII/ptolemy/domains/de/test/auto/PersistentIO.xml (RunModel)" time="0.023" />
  <testcase classname="ptolemy.util.test.junit.AutoTests" name="[50] /home/travis/build/icyphy/ptII/ptolemy/domains/de/test/auto/PortParameterResetOnInitialize.xml (RunModel)" time="0.012" />
  <testcase classname="ptolemy.util.test.junit.AutoTests" name="[51] /home/travis/build/icyphy/ptII/ptolemy/domains/de/test/auto/PortParameterUpdates.xml (RunModel)" time="0.016" />
  <testcase classname="ptolemy.util.test.junit.AutoTests" name="[52] /home/travis/build/icyphy/ptII/ptolemy/domains/de/test/auto/QueueAndServer.xml (RunModel)" time="0.022" />
  <testcase classname="ptolemy.util.test.junit.AutoTests" name="[53] /home/travis/build/icyphy/ptII/ptolemy/domains/de/test/auto/Records.xml (RunModel)" time="0.02" />
  <testcase classname="ptolemy.util.test.junit.AutoTests" name="[54] /home/travis/build/icyphy/ptII/ptolemy/domains/de/test/auto/ResetTransitionWithStartTime1.xml (RunModel)" time="0.021" />
  <testcase classname="ptolemy.util.test.junit.AutoTests" name="[55] /home/travis/build/icyphy/ptII/ptolemy/domains/de/test/auto/ResetTransitionWithStartTime2.xml (RunModel)" time="0.022" />
  <testcase classname="ptolemy.util.test.junit.AutoTests" name="[56] /home/travis/build/icyphy/ptII/ptolemy/domains/de/test/auto/ResetTransitionWithStartTime3.xml (RunModel)" time="0.024" />
  <testcase classname="ptolemy.util.test.junit.AutoTests" name="[57] /home/travis/build/icyphy/ptII/ptolemy/domains/de/test/auto/ResetTransitionWithStartTime4.xml (RunModel)" time="0.017" />
  <testcase classname="ptolemy.util.test.junit.AutoTests" name="[58] /home/travis/build/icyphy/ptII/ptolemy/domains/de/test/auto/ResettableTimer1.xml (RunModel)" time="0.011" />
  <testcase classname="ptolemy.util.test.junit.AutoTests" name="[59] /home/travis/build/icyphy/ptII/ptolemy/domains/de/test/auto/ResettableTimer2.xml (RunModel)" time="0.008" />
  <testcase classname="ptolemy.util.test.junit.AutoTests" name="[60] /home/travis/build/icyphy/ptII/ptolemy/domains/de/test/auto/ResettableTimer3.xml (RunModel)" time="0.008" />
  <testcase classname="ptolemy.util.test.junit.AutoTests" name="[61] /home/travis/build/icyphy/ptII/ptolemy/domains/de/test/auto/ResettableTimer4.xml (RunModel)" time="0.009" />
  <testcase classname="ptolemy.util.test.junit.AutoTests" name="[62] /home/travis/build/icyphy/ptII/ptolemy/domains/de/test/auto/ResettableTimer5.xml (RunModel)" time="0.009" />
  <testcase classname="ptolemy.util.test.junit.AutoTests" name="[63] /home/travis/build/icyphy/ptII/ptolemy/domains/de/test/auto/ResettableTimer6.xml (RunModel)" time="0.017" />
  <testcase classname="ptolemy.util.test.junit.AutoTests" name="[64] /home/travis/build/icyphy/ptII/ptolemy/domains/de/test/auto/ServerZeroDelay.xml (RunModel)" time="0.009" />
  <testcase classname="ptolemy.util.test.junit.AutoTests" name="[65] /home/travis/build/icyphy/ptII/ptolemy/domains/de/test/auto/SmartSender.xml (RunModel)" time="3.008" />
  <testcase classname="ptolemy.util.test.junit.AutoTests" name="[66] /home/travis/build/icyphy/ptII/ptolemy/domains/de/test/auto/ThreadedComposite.xml (RunModel)" time="0.125" />
  <testcase classname="ptolemy.util.test.junit.AutoTests" name="[67] /home/travis/build/icyphy/ptII/ptolemy/domains/de/test/auto/Time.xml (RunModel)" time="0.477" />
  <testcase classname="ptolemy.util.test.junit.AutoTests" name="[68] /home/travis/build/icyphy/ptII/ptolemy/domains/de/test/auto/TimeDelayZeroDelay.xml (RunModel)" time="0.012" />
  <testcase classname="ptolemy.util.test.junit.AutoTests" name="[69] /home/travis/build/icyphy/ptII/ptolemy/domains/de/test/auto/TimerZeroDelay.xml (RunModel)" time="0.011" />
  <testcase classname="ptolemy.util.test.junit.AutoTests" name="[70] /home/travis/build/icyphy/ptII/ptolemy/domains/de/test/auto/TimingParadox.xml (RunModel)" time="0.348" />
  <testcase classname="ptolemy.util.test.junit.AutoTests" name="[71] /home/travis/build/icyphy/ptII/ptolemy/domains/de/test/auto/TransferInputs.xml (RunModel)" time="0.008" />
  <testcase classname="ptolemy.util.test.junit.AutoTests" name="[72] /home/travis/build/icyphy/ptII/ptolemy/domains/de/test/auto/TransferOutputs2.xml (RunModel)" time="0.015" />
  <testcase classname="ptolemy.util.test.junit.AutoTests" name="[73] /home/travis/build/icyphy/ptII/ptolemy/domains/de/test/auto/Trilateration.xml (RunModel)" time="12.983" />
  <testcase classname="ptolemy.util.test.junit.AutoTests" name="[74] /home/travis/build/icyphy/ptII/ptolemy/domains/de/test/auto/TwoSigmaDelta.xml (RunModel)" time="2.108" />
  <testcase classname="ptolemy.util.test.junit.AutoTests" name="[75] /home/travis/build/icyphy/ptII/ptolemy/domains/de/test/auto/VariableDelay.xml (RunModel)" time="0.013" />
  <testcase classname="ptolemy.util.test.junit.AutoTests" name="[76] /home/travis/build/icyphy/ptII/ptolemy/domains/de/test/auto/VariableDelay2.xml (RunModel)" time="0.01" />
  <testcase classname="ptolemy.util.test.junit.AutoTests" name="[77] /home/travis/build/icyphy/ptII/ptolemy/domains/de/test/auto/VariableDelayZeroDelay.xml (RunModel)" time="0.017" />
  <testcase classname="ptolemy.util.test.junit.AutoTests" name="[78] /home/travis/build/icyphy/ptII/ptolemy/domains/de/test/auto/VariableDelayZeroDelay2.xml (RunModel)" time="0.011" />
  <testcase classname="ptolemy.util.test.junit.AutoTests" name="[79] /home/travis/build/icyphy/ptII/ptolemy/domains/de/test/auto/deInCt.xml (RunModel)" time="0.012" />
  <testcase classname="ptolemy.util.test.junit.AutoTests" name="[80] /home/travis/build/icyphy/ptII/ptolemy/domains/de/test/auto/deInCt2.xml (RunModel)" time="0.018" />
  <testcase classname="ptolemy.util.test.junit.AutoTests" name="[81] /home/travis/build/icyphy/ptII/ptolemy/domains/de/test/auto/dynamicCausalityInterface1.xml (RunModel)" time="0.017" />
  <testcase classname="ptolemy.util.test.junit.AutoTests" name="[82] /home/travis/build/icyphy/ptII/ptolemy/domains/de/test/auto/fsm_de_test.xml (RunModel)" time="0.024" />
  <testcase classname="ptolemy.util.test.junit.AutoTests" name="[83] /home/travis/build/icyphy/ptII/ptolemy/domains/de/test/auto/functionDependencyReconstruction.xml (RunModel)" time="0.033" />
  <testcase classname="ptolemy.util.test.junit.AutoTests" name="[84] /home/travis/build/icyphy/ptII/ptolemy/domains/de/test/auto/multirate.xml (RunModel)" time="0.016" />
  <testcase classname="ptolemy.util.test.junit.AutoTests" name="[85] /home/travis/build/icyphy/ptII/ptolemy/domains/de/test/auto/multirate2.xml (RunModel)" time="0.018" />
  <testcase classname="ptolemy.util.test.junit.AutoTests" name="[86] /home/travis/build/icyphy/ptII/ptolemy/domains/de/test/auto/realtime.xml (RunModel)" time="10.01" />
  <testcase classname="ptolemy.util.test.junit.AutoTests" name="[87] /home/travis/build/icyphy/ptII/ptolemy/domains/de/test/auto/relationGroup.xml (RunModel)" time="0.016" />
  <testcase classname="ptolemy.util.test.junit.AutoTests" name="[88] /home/travis/build/icyphy/ptII/ptolemy/domains/de/test/auto/relationGroup2.xml (RunModel)" time="0.012" />
  <testcase classname="ptolemy.util.test.junit.AutoTests" name="[89] /home/travis/build/icyphy/ptII/ptolemy/domains/de/test/auto/sortWithOpaquePorts.xml (RunModel)" time="0.014" />
  <testcase classname="ptolemy.util.test.junit.AutoTests" name="[90] /home/travis/build/icyphy/ptII/ptolemy/domains/de/test/auto/transferInputsandOutputs.xml (RunModel)" time="0.018" />
  <testcase classname="ptolemy.util.test.junit.AutoTests" name="[91] /home/travis/build/icyphy/ptII/ptolemy/domains/de/test/auto/triggerType.xml (RunModel)" time="0.011" />
  <system-out><![CDATA[/home/travis/build/icyphy/ptII/ptolemy/domains/de/test/DependencyLoop.tcl
testDefs.tcl: setting time out to 9000 seconds at Tue Dec 03 06:19:47 UTC 2019
106 ms. Memory: 120832K Free: 72133K (60%)
27 ms. Memory: 120832K Free: 54718K (45%)
/home/travis/build/icyphy/ptII/ptolemy/domains/de/test/RunDETestsAsQSS.tcl
Run the DE tests using ptolemy.domains.qss.test.QSSDirectorTest, which extends QSSDirector and prints a message in the constructors.
------------------ testing $PTII/ptolemy/domains/de/test/auto/knownFailedTests/DirectFeedback.xml (Known Failure) 
57 ms. Memory: 120832K Free: 48581K (40%)


==== $PTIIhome/travis/build/icyphy/ptII/ptolemy/domains/de/test/../../../../: Auto Automatic test in file $PTII/ptolemy/domains/de/test/auto/knownFailedTests/DirectFeedback.xml
==== Contents of test case:

	    # FIXME: we should use $relativeFilename here, but it
	    # might have backslashes under Windows, which causes no end
	    # of trouble.
	    createAndExecute $file
	    list {}
	
.... Test generated KNOWN error:
    while executing
ptolemy.kernel.util.IllegalActionException: Test fails in iteration 1.
Value was: 1.0. Should have been: 2.0
  in .DirectFeedback.Test
	at ptolemy.actor.lib.Test.fire(Test.java:268)
	at ptolemy.domains.de.kernel.DEDirector._fire(DEDirector.java:1949)
	at ptolemy.domains.de.kernel.DEDirector.fire(DEDirector.java:502)
	at ptolemy.actor.CompositeActor.fire(CompositeActor.java:455)
	at ptolemy.actor.Manager.iterate(Manager.java:851)
	at ptolemy.actor.Manager.execute(Manager.java:369)
	at ptolemy.actor.Manager.run(Manager.java:1263)
	at ptolemy.actor.Manager$PtolemyRunThread.run(Manager.java:1933)

    while executing
ptolemy.kernel.util.IllegalActionException: Test fails in iteration 1.
Value was: 1.0. Should have been: 2.0
  in .DirectFeedback.Test
    while executing
"java::new ptolemy.moml.MoMLSimpleApplication $file
"
    (procedure "createAndExecute" line 2)
    invoked from within
"createAndExecute $file"
    ("uplevel" body line 5)
    invoked from within
"uplevel $contents_of_test"
------------------ testing $PTII/ptolemy/domains/de/test/auto/knownFailedTests/dependencyLoop.xml (Known Failure) 
39 ms. Memory: 120832K Free: 108220K (90%)


==== $PTIIhome/travis/build/icyphy/ptII/ptolemy/domains/de/test/../../../../: Auto Automatic test in file $PTII/ptolemy/domains/de/test/auto/knownFailedTests/dependencyLoop.xml
==== Contents of test case:

	    # FIXME: we should use $relativeFilename here, but it
	    # might have backslashes under Windows, which causes no end
	    # of trouble.
	    createAndExecute $file
	    list {}
	
.... Test generated KNOWN error:
    while executing
ptolemy.kernel.util.IllegalActionException: Found a zero delay loop containing .dependencyLoop.original
  in .dependencyLoop and .dependencyLoop.original
	at ptolemy.actor.util.CausalityInterfaceForComposites._computeOutputPortDepth(CausalityInterfaceForComposites.java:759)
	at ptolemy.actor.util.CausalityInterfaceForComposites._computeInputDepth(CausalityInterfaceForComposites.java:696)
	at ptolemy.actor.util.CausalityInterfaceForComposites._computeOutputPortDepth(CausalityInterfaceForComposites.java:765)
	at ptolemy.actor.util.CausalityInterfaceForComposites._computeInputDepth(CausalityInterfaceForComposites.java:696)
	at ptolemy.actor.util.CausalityInterfaceForComposites._computeOutputPortDepth(CausalityInterfaceForComposites.java:765)
	at ptolemy.actor.util.CausalityInterfaceForComposites._computeInputDepth(CausalityInterfaceForComposites.java:696)
	at ptolemy.actor.util.CausalityInterfaceForComposites._computeActorDepth(CausalityInterfaceForComposites.java:532)
	at ptolemy.actor.util.CausalityInterfaceForComposites.checkForCycles(CausalityInterfaceForComposites.java:96)
	at ptolemy.domains.de.kernel.DEDirector.preinitialize(DEDirector.java:1338)
	at ptolemy.actor.CompositeActor.preinitialize(CompositeActor.java:1828)
	at ptolemy.actor.Manager.preinitializeAndResolveTypes(Manager.java:1040)
	at ptolemy.actor.Manager.initialize(Manager.java:710)
	at ptolemy.actor.Manager.execute(Manager.java:356)
	at ptolemy.actor.Manager.run(Manager.java:1263)
	at ptolemy.actor.Manager$PtolemyRunThread.run(Manager.java:1933)

    while executing
ptolemy.kernel.util.IllegalActionException: Found a zero delay loop containing .dependencyLoop.original
  in .dependencyLoop and .dependencyLoop.original
    while executing
"java::new ptolemy.moml.MoMLSimpleApplication $file
"
    (procedure "createAndExecute" line 2)
    invoked from within
"createAndExecute $file"
    ("uplevel" body line 5)
    invoked from within
"uplevel $contents_of_test"
------------------ testing $PTII/ptolemy/domains/de/test/auto/knownFailedTests/FSMSource.xml (Known Failure) 
73 ms. Memory: 120832K Free: 99065K (82%)
!!!! Auto was marked as failing, but now passes
------------------ testing $PTII/ptolemy/domains/de/test/auto/knownFailedTests/HierarchicalModel.xml (Known Failure) 
7 ms. Memory: 120832K Free: 81648K (68%)


==== $PTIIhome/travis/build/icyphy/ptII/ptolemy/domains/de/test/../../../../: Auto Automatic test in file $PTII/ptolemy/domains/de/test/auto/knownFailedTests/HierarchicalModel.xml
==== Contents of test case:

	    # FIXME: we should use $relativeFilename here, but it
	    # might have backslashes under Windows, which causes no end
	    # of trouble.
	    createAndExecute $file
	    list {}
	
.... Test generated KNOWN error:
    while executing
ptolemy.kernel.util.IllegalActionException: Found a zero delay loop containing .HierarchicalModel.A
  in .HierarchicalModel and .HierarchicalModel.A
	at ptolemy.actor.util.CausalityInterfaceForComposites._computeOutputPortDepth(CausalityInterfaceForComposites.java:759)
	at ptolemy.actor.util.CausalityInterfaceForComposites._computeInputDepth(CausalityInterfaceForComposites.java:696)
	at ptolemy.actor.util.CausalityInterfaceForComposites._computeOutputPortDepth(CausalityInterfaceForComposites.java:765)
	at ptolemy.actor.util.CausalityInterfaceForComposites._computeInputDepth(CausalityInterfaceForComposites.java:696)
	at ptolemy.actor.util.CausalityInterfaceForComposites._computeOutputPortDepth(CausalityInterfaceForComposites.java:765)
	at ptolemy.actor.util.CausalityInterfaceForComposites._computeInputDepth(CausalityInterfaceForComposites.java:696)
	at ptolemy.actor.util.CausalityInterfaceForComposites._computeActorDepth(CausalityInterfaceForComposites.java:532)
	at ptolemy.actor.util.CausalityInterfaceForComposites.checkForCycles(CausalityInterfaceForComposites.java:96)
	at ptolemy.domains.de.kernel.DEDirector.preinitialize(DEDirector.java:1338)
	at ptolemy.actor.CompositeActor.preinitialize(CompositeActor.java:1828)
	at ptolemy.actor.Manager.preinitializeAndResolveTypes(Manager.java:1040)
	at ptolemy.actor.Manager.initialize(Manager.java:710)
	at ptolemy.actor.Manager.execute(Manager.java:356)
	at ptolemy.actor.Manager.run(Manager.java:1263)
	at ptolemy.actor.Manager$PtolemyRunThread.run(Manager.java:1933)

    while executing
ptolemy.kernel.util.IllegalActionException: Found a zero delay loop containing .HierarchicalModel.A
  in .HierarchicalModel and .HierarchicalModel.A
    while executing
"java::new ptolemy.moml.MoMLSimpleApplication $file
"
    (procedure "createAndExecute" line 2)
    invoked from within
"createAndExecute $file"
    ("uplevel" body line 5)
    invoked from within
"uplevel $contents_of_test"
------------------ testing $PTII/ptolemy/domains/de/test/auto/knownFailedTests/dependencyLoop2.xml (Known Failure) 
29 ms. Memory: 120832K Free: 106487K (88%)


==== $PTIIhome/travis/build/icyphy/ptII/ptolemy/domains/de/test/../../../../: Auto Automatic test in file $PTII/ptolemy/domains/de/test/auto/knownFailedTests/dependencyLoop2.xml
==== Contents of test case:

	    # FIXME: we should use $relativeFilename here, but it
	    # might have backslashes under Windows, which causes no end
	    # of trouble.
	    createAndExecute $file
	    list {}
	
.... Test generated KNOWN error:
    while executing
ptolemy.kernel.util.IllegalActionException: Found a zero delay loop containing .dependencyLoop2.original
  in .dependencyLoop2 and .dependencyLoop2.original
	at ptolemy.actor.util.CausalityInterfaceForComposites._computeOutputPortDepth(CausalityInterfaceForComposites.java:759)
	at ptolemy.actor.util.CausalityInterfaceForComposites._computeInputDepth(CausalityInterfaceForComposites.java:696)
	at ptolemy.actor.util.CausalityInterfaceForComposites._computeOutputPortDepth(CausalityInterfaceForComposites.java:765)
	at ptolemy.actor.util.CausalityInterfaceForComposites._computeInputDepth(CausalityInterfaceForComposites.java:696)
	at ptolemy.actor.util.CausalityInterfaceForComposites._computeOutputPortDepth(CausalityInterfaceForComposites.java:765)
	at ptolemy.actor.util.CausalityInterfaceForComposites._computeInputDepth(CausalityInterfaceForComposites.java:696)
	at ptolemy.actor.util.CausalityInterfaceForComposites._computeActorDepth(CausalityInterfaceForComposites.java:532)
	at ptolemy.actor.util.CausalityInterfaceForComposites.checkForCycles(CausalityInterfaceForComposites.java:96)
	at ptolemy.domains.de.kernel.DEDirector.preinitialize(DEDirector.java:1338)
	at ptolemy.actor.CompositeActor.preinitialize(CompositeActor.java:1828)
	at ptolemy.actor.Manager.preinitializeAndResolveTypes(Manager.java:1040)
	at ptolemy.actor.Manager.initialize(Manager.java:710)
	at ptolemy.actor.Manager.execute(Manager.java:356)
	at ptolemy.actor.Manager.run(Manager.java:1263)
	at ptolemy.actor.Manager$PtolemyRunThread.run(Manager.java:1933)

    while executing
ptolemy.kernel.util.IllegalActionException: Found a zero delay loop containing .dependencyLoop2.original
  in .dependencyLoop2 and .dependencyLoop2.original
    while executing
"java::new ptolemy.moml.MoMLSimpleApplication $file
"
    (procedure "createAndExecute" line 2)
    invoked from within
"createAndExecute $file"
    ("uplevel" body line 5)
    invoked from within
"uplevel $contents_of_test"
------------------ testing $PTII/ptolemy/domains/de/test/auto/knownFailedTests/DESDFClockTest.xml (Known Failure) 
2054 ms. Memory: 120832K Free: 93340K (77%)


==== $PTIIhome/travis/build/icyphy/ptII/ptolemy/domains/de/test/../../../../: Auto Automatic test in file $PTII/ptolemy/domains/de/test/auto/knownFailedTests/DESDFClockTest.xml
==== Contents of test case:

	    # FIXME: we should use $relativeFilename here, but it
	    # might have backslashes under Windows, which causes no end
	    # of trouble.
	    createAndExecute $file
	    list {}
	
.... Test generated KNOWN error:
    while executing
ptolemy.kernel.util.IllegalActionException: Actor is not ready to fire.  Perhaps UpSample.prefire() returned false? Try debugging the actor by selecting "Listen to Actor".  Also, for SDF check moml for tokenConsumptionRate on input.
  in .DESDFClockTest.Play Bell.Copy1:SDF Director and .DESDFClockTest.Play Bell.UpSample
	at ptolemy.actor.sched.StaticSchedulingDirector.fire(StaticSchedulingDirector.java:227)
	at ptolemy.domains.sdf.kernel.SDFDirector.fire(SDFDirector.java:500)
	at ptolemy.actor.CompositeActor.fire(CompositeActor.java:455)
	at ptolemy.domains.de.kernel.DEDirector._fire(DEDirector.java:1949)
	at ptolemy.domains.de.kernel.DEDirector.fire(DEDirector.java:502)
	at ptolemy.actor.CompositeActor.fire(CompositeActor.java:455)
	at ptolemy.actor.Manager.iterate(Manager.java:851)
	at ptolemy.actor.Manager.execute(Manager.java:369)
	at ptolemy.actor.Manager.run(Manager.java:1263)
	at ptolemy.actor.Manager$PtolemyRunThread.run(Manager.java:1933)

    while executing
ptolemy.kernel.util.IllegalActionException: Actor is not ready to fire.  Perhaps UpSample.prefire() returned false? Try debugging the actor by selecting "Listen to Actor".  Also, for SDF check moml for tokenConsumptionRate on input.
  in .DESDFClockTest.Play Bell.Copy1:SDF Director and .DESDFClockTest.Play Bell.UpSample
    while executing
"java::new ptolemy.moml.MoMLSimpleApplication $file
"
    (procedure "createAndExecute" line 2)
    invoked from within
"createAndExecute $file"
    ("uplevel" body line 5)
    invoked from within
"uplevel $contents_of_test"
------------------ testing $PTII/ptolemy/domains/de/test/auto/ActorDepthCalculation_actorWithoutPorts.xml
auto.tcl: Setting watchdog for 200 seconds at Tue Dec 03 06:19:51 UTC 2019
9 ms. Memory: 120832K Free: 85874K (71%)
ptolemy.util.test.WatchDog.cancel(): canceling Tue Dec 03 06:19:51 UTC 2019
auto.tcl: Setting watchdog for 200 seconds at Tue Dec 03 06:19:51 UTC 2019
4 ms. Memory: 120832K Free: 84850K (70%)
ptolemy.util.test.WatchDog.cancel(): canceling Tue Dec 03 06:19:51 UTC 2019
------------------ testing $PTII/ptolemy/domains/de/test/auto/AssemblyLine.xml
auto.tcl: Setting watchdog for 200 seconds at Tue Dec 03 06:19:52 UTC 2019
8 ms. Memory: 48128K Free: 26007K (54%)
ptolemy.util.test.WatchDog.cancel(): canceling Tue Dec 03 06:19:52 UTC 2019
auto.tcl: Setting watchdog for 200 seconds at Tue Dec 03 06:19:52 UTC 2019
7 ms. Memory: 48128K Free: 25313K (53%)
ptolemy.util.test.WatchDog.cancel(): canceling Tue Dec 03 06:19:52 UTC 2019
------------------ testing $PTII/ptolemy/domains/de/test/auto/CQBug1.xml
auto.tcl: Setting watchdog for 200 seconds at Tue Dec 03 06:19:52 UTC 2019
3 ms. Memory: 48128K Free: 31574K (66%)
ptolemy.util.test.WatchDog.cancel(): canceling Tue Dec 03 06:19:52 UTC 2019
auto.tcl: Setting watchdog for 200 seconds at Tue Dec 03 06:19:52 UTC 2019
2 ms. Memory: 48128K Free: 31135K (65%)
ptolemy.util.test.WatchDog.cancel(): canceling Tue Dec 03 06:19:52 UTC 2019
------------------ testing $PTII/ptolemy/domains/de/test/auto/CancelFireAt.xml
auto.tcl: Setting watchdog for 200 seconds at Tue Dec 03 06:19:52 UTC 2019
2 ms. Memory: 45056K Free: 29683K (66%)
ptolemy.util.test.WatchDog.cancel(): canceling Tue Dec 03 06:19:52 UTC 2019
auto.tcl: Setting watchdog for 200 seconds at Tue Dec 03 06:19:52 UTC 2019
2 ms. Memory: 45056K Free: 29230K (65%)
ptolemy.util.test.WatchDog.cancel(): canceling Tue Dec 03 06:19:52 UTC 2019
------------------ testing $PTII/ptolemy/domains/de/test/auto/CausalityAndComposabilityAnalysis.xml
auto.tcl: Setting watchdog for 200 seconds at Tue Dec 03 06:19:52 UTC 2019
10 ms. Memory: 45056K Free: 27423K (61%)
ptolemy.util.test.WatchDog.cancel(): canceling Tue Dec 03 06:19:52 UTC 2019
auto.tcl: Setting watchdog for 200 seconds at Tue Dec 03 06:19:52 UTC 2019
10 ms. Memory: 45056K Free: 26994K (60%)
ptolemy.util.test.WatchDog.cancel(): canceling Tue Dec 03 06:19:52 UTC 2019
------------------ testing $PTII/ptolemy/domains/de/test/auto/CausalityInterface1.xml
auto.tcl: Setting watchdog for 200 seconds at Tue Dec 03 06:19:52 UTC 2019
22 ms. Memory: 45056K Free: 26359K (59%)
ptolemy.util.test.WatchDog.cancel(): canceling Tue Dec 03 06:19:52 UTC 2019
auto.tcl: Setting watchdog for 200 seconds at Tue Dec 03 06:19:52 UTC 2019
4 ms. Memory: 45056K Free: 25364K (56%)
ptolemy.util.test.WatchDog.cancel(): canceling Tue Dec 03 06:19:52 UTC 2019
------------------ testing $PTII/ptolemy/domains/de/test/auto/CausalityInterface15.xml
auto.tcl: Setting watchdog for 200 seconds at Tue Dec 03 06:19:52 UTC 2019
10 ms. Memory: 45056K Free: 26051K (58%)
ptolemy.util.test.WatchDog.cancel(): canceling Tue Dec 03 06:19:52 UTC 2019
auto.tcl: Setting watchdog for 200 seconds at Tue Dec 03 06:19:52 UTC 2019
4 ms. Memory: 45056K Free: 25362K (56%)
ptolemy.util.test.WatchDog.cancel(): canceling Tue Dec 03 06:19:52 UTC 2019
------------------ testing $PTII/ptolemy/domains/de/test/auto/CausalityInterface2.xml
auto.tcl: Setting watchdog for 200 seconds at Tue Dec 03 06:19:52 UTC 2019
4 ms. Memory: 45056K Free: 27069K (60%)
ptolemy.util.test.WatchDog.cancel(): canceling Tue Dec 03 06:19:52 UTC 2019
auto.tcl: Setting watchdog for 200 seconds at Tue Dec 03 06:19:52 UTC 2019
3 ms. Memory: 45056K Free: 25963K (58%)
ptolemy.util.test.WatchDog.cancel(): canceling Tue Dec 03 06:19:52 UTC 2019
------------------ testing $PTII/ptolemy/domains/de/test/auto/CausalityInterface3.xml
auto.tcl: Setting watchdog for 200 seconds at Tue Dec 03 06:19:52 UTC 2019
3 ms. Memory: 45056K Free: 26305K (58%)
ptolemy.util.test.WatchDog.cancel(): canceling Tue Dec 03 06:19:52 UTC 2019
auto.tcl: Setting watchdog for 200 seconds at Tue Dec 03 06:19:52 UTC 2019
3 ms. Memory: 45056K Free: 25756K (57%)
ptolemy.util.test.WatchDog.cancel(): canceling Tue Dec 03 06:19:52 UTC 2019
------------------ testing $PTII/ptolemy/domains/de/test/auto/ClockDrift.xml
auto.tcl: Setting watchdog for 200 seconds at Tue Dec 03 06:19:53 UTC 2019
95 ms. Memory: 45056K Free: 19147K (42%)
ptolemy.util.test.WatchDog.cancel(): canceling Tue Dec 03 06:19:53 UTC 2019
auto.tcl: Setting watchdog for 200 seconds at Tue Dec 03 06:19:53 UTC 2019
65 ms. Memory: 45056K Free: 16130K (36%)
ptolemy.util.test.WatchDog.cancel(): canceling Tue Dec 03 06:19:53 UTC 2019
------------------ testing $PTII/ptolemy/domains/de/test/auto/ClockDriftAndValueChange.xml
auto.tcl: Setting watchdog for 200 seconds at Tue Dec 03 06:19:53 UTC 2019
45 ms. Memory: 45056K Free: 19220K (43%)
ptolemy.util.test.WatchDog.cancel(): canceling Tue Dec 03 06:19:53 UTC 2019
auto.tcl: Setting watchdog for 200 seconds at Tue Dec 03 06:19:53 UTC 2019
28 ms. Memory: 45056K Free: 16375K (36%)
ptolemy.util.test.WatchDog.cancel(): canceling Tue Dec 03 06:19:53 UTC 2019
------------------ testing $PTII/ptolemy/domains/de/test/auto/ClockDriftChange.xml
auto.tcl: Setting watchdog for 200 seconds at Tue Dec 03 06:19:53 UTC 2019
25 ms. Memory: 45056K Free: 21263K (47%)
ptolemy.util.test.WatchDog.cancel(): canceling Tue Dec 03 06:19:53 UTC 2019
auto.tcl: Setting watchdog for 200 seconds at Tue Dec 03 06:19:53 UTC 2019
28 ms. Memory: 45056K Free: 18709K (42%)
ptolemy.util.test.WatchDog.cancel(): canceling Tue Dec 03 06:19:53 UTC 2019
------------------ testing $PTII/ptolemy/domains/de/test/auto/ComposableCausalityAnalysis.xml
auto.tcl: Setting watchdog for 200 seconds at Tue Dec 03 06:19:53 UTC 2019
2 ms. Memory: 45056K Free: 25909K (58%)
ptolemy.util.test.WatchDog.cancel(): canceling Tue Dec 03 06:19:53 UTC 2019
auto.tcl: Setting watchdog for 200 seconds at Tue Dec 03 06:19:53 UTC 2019
5 ms. Memory: 45056K Free: 24882K (55%)
ptolemy.util.test.WatchDog.cancel(): canceling Tue Dec 03 06:19:53 UTC 2019
------------------ testing $PTII/ptolemy/domains/de/test/auto/DEFixedPointLimitation.xml
auto.tcl: Setting watchdog for 200 seconds at Tue Dec 03 06:19:53 UTC 2019
5 ms. Memory: 45056K Free: 27256K (60%)
ptolemy.util.test.WatchDog.cancel(): canceling Tue Dec 03 06:19:53 UTC 2019
auto.tcl: Setting watchdog for 200 seconds at Tue Dec 03 06:19:53 UTC 2019
2 ms. Memory: 45056K Free: 26350K (58%)
ptolemy.util.test.WatchDog.cancel(): canceling Tue Dec 03 06:19:53 UTC 2019
------------------ testing $PTII/ptolemy/domains/de/test/auto/DEScheduleTest.xml
auto.tcl: Setting watchdog for 200 seconds at Tue Dec 03 06:19:53 UTC 2019
7 ms. Memory: 45056K Free: 27538K (61%)
ptolemy.util.test.WatchDog.cancel(): canceling Tue Dec 03 06:19:53 UTC 2019
auto.tcl: Setting watchdog for 200 seconds at Tue Dec 03 06:19:53 UTC 2019
3 ms. Memory: 45056K Free: 26782K (59%)
ptolemy.util.test.WatchDog.cancel(): canceling Tue Dec 03 06:19:53 UTC 2019
------------------ testing $PTII/ptolemy/domains/de/test/auto/DEinDEwithStartTimes.xml
auto.tcl: Setting watchdog for 200 seconds at Tue Dec 03 06:19:53 UTC 2019
5 ms. Memory: 45056K Free: 25709K (57%)
ptolemy.util.test.WatchDog.cancel(): canceling Tue Dec 03 06:19:53 UTC 2019
auto.tcl: Setting watchdog for 200 seconds at Tue Dec 03 06:19:53 UTC 2019
6 ms. Memory: 45056K Free: 24302K (54%)
ptolemy.util.test.WatchDog.cancel(): canceling Tue Dec 03 06:19:53 UTC 2019
------------------ testing $PTII/ptolemy/domains/de/test/auto/DEinDEwithStartTimes2.xml
auto.tcl: Setting watchdog for 200 seconds at Tue Dec 03 06:19:54 UTC 2019
4 ms. Memory: 45056K Free: 24946K (55%)
ptolemy.util.test.WatchDog.cancel(): canceling Tue Dec 03 06:19:54 UTC 2019
auto.tcl: Setting watchdog for 200 seconds at Tue Dec 03 06:19:54 UTC 2019
5 ms. Memory: 45056K Free: 23622K (52%)
ptolemy.util.test.WatchDog.cancel(): canceling Tue Dec 03 06:19:54 UTC 2019
------------------ testing $PTII/ptolemy/domains/de/test/auto/DateDemo.xml
auto.tcl: Setting watchdog for 200 seconds at Tue Dec 03 06:19:54 UTC 2019
26 ms. Memory: 45056K Free: 19275K (43%)
ptolemy.util.test.WatchDog.cancel(): canceling Tue Dec 03 06:19:54 UTC 2019
auto.tcl: Setting watchdog for 200 seconds at Tue Dec 03 06:19:54 UTC 2019
11 ms. Memory: 45056K Free: 17697K (39%)
ptolemy.util.test.WatchDog.cancel(): canceling Tue Dec 03 06:19:54 UTC 2019
------------------ testing $PTII/ptolemy/domains/de/test/auto/DateToEvent.xml
auto.tcl: Setting watchdog for 200 seconds at Tue Dec 03 06:19:54 UTC 2019
2016 ms. Memory: 45056K Free: 15185K (34%)
ptolemy.util.test.WatchDog.cancel(): canceling Tue Dec 03 06:19:56 UTC 2019
auto.tcl: Setting watchdog for 200 seconds at Tue Dec 03 06:19:56 UTC 2019
2006 ms. Memory: 45056K Free: 14476K (32%)
ptolemy.util.test.WatchDog.cancel(): canceling Tue Dec 03 06:19:58 UTC 2019
------------------ testing $PTII/ptolemy/domains/de/test/auto/DepthTest1.xml
auto.tcl: Setting watchdog for 200 seconds at Tue Dec 03 06:19:58 UTC 2019
2 ms. Memory: 45056K Free: 28474K (63%)
ptolemy.util.test.WatchDog.cancel(): canceling Tue Dec 03 06:19:58 UTC 2019
auto.tcl: Setting watchdog for 200 seconds at Tue Dec 03 06:19:58 UTC 2019
1 ms. Memory: 45056K Free: 27967K (62%)
ptolemy.util.test.WatchDog.cancel(): canceling Tue Dec 03 06:19:58 UTC 2019
------------------ testing $PTII/ptolemy/domains/de/test/auto/DepthTest2.xml
auto.tcl: Setting watchdog for 200 seconds at Tue Dec 03 06:19:58 UTC 2019
9 ms. Memory: 45056K Free: 25171K (56%)
ptolemy.util.test.WatchDog.cancel(): canceling Tue Dec 03 06:19:58 UTC 2019
auto.tcl: Setting watchdog for 200 seconds at Tue Dec 03 06:19:58 UTC 2019
2 ms. Memory: 45056K Free: 24660K (55%)
ptolemy.util.test.WatchDog.cancel(): canceling Tue Dec 03 06:19:58 UTC 2019
------------------ testing $PTII/ptolemy/domains/de/test/auto/DepthTest3.xml
auto.tcl: Setting watchdog for 200 seconds at Tue Dec 03 06:19:58 UTC 2019
2 ms. Memory: 45056K Free: 28662K (64%)
ptolemy.util.test.WatchDog.cancel(): canceling Tue Dec 03 06:19:58 UTC 2019
auto.tcl: Setting watchdog for 200 seconds at Tue Dec 03 06:19:58 UTC 2019
1 ms. Memory: 45056K Free: 28271K (63%)
ptolemy.util.test.WatchDog.cancel(): canceling Tue Dec 03 06:19:58 UTC 2019
------------------ testing $PTII/ptolemy/domains/de/test/auto/DepthTest4.xml
auto.tcl: Setting watchdog for 200 seconds at Tue Dec 03 06:19:58 UTC 2019
5 ms. Memory: 45056K Free: 27026K (60%)
ptolemy.util.test.WatchDog.cancel(): canceling Tue Dec 03 06:19:58 UTC 2019
auto.tcl: Setting watchdog for 200 seconds at Tue Dec 03 06:19:58 UTC 2019
2 ms. Memory: 45056K Free: 26302K (58%)
ptolemy.util.test.WatchDog.cancel(): canceling Tue Dec 03 06:19:58 UTC 2019
------------------ testing $PTII/ptolemy/domains/de/test/auto/DepthTest5.xml
auto.tcl: Setting watchdog for 200 seconds at Tue Dec 03 06:19:58 UTC 2019
4 ms. Memory: 45056K Free: 26420K (59%)
ptolemy.util.test.WatchDog.cancel(): canceling Tue Dec 03 06:19:58 UTC 2019
auto.tcl: Setting watchdog for 200 seconds at Tue Dec 03 06:19:58 UTC 2019
2 ms. Memory: 45056K Free: 25650K (57%)
ptolemy.util.test.WatchDog.cancel(): canceling Tue Dec 03 06:19:58 UTC 2019
------------------ testing $PTII/ptolemy/domains/de/test/auto/DepthTest6.xml
auto.tcl: Setting watchdog for 200 seconds at Tue Dec 03 06:19:58 UTC 2019
4 ms. Memory: 45056K Free: 26151K (58%)
ptolemy.util.test.WatchDog.cancel(): canceling Tue Dec 03 06:19:58 UTC 2019
auto.tcl: Setting watchdog for 200 seconds at Tue Dec 03 06:19:58 UTC 2019
3 ms. Memory: 45056K Free: 25601K (57%)
ptolemy.util.test.WatchDog.cancel(): canceling Tue Dec 03 06:19:58 UTC 2019
------------------ testing $PTII/ptolemy/domains/de/test/auto/DepthTest7.xml
auto.tcl: Setting watchdog for 200 seconds at Tue Dec 03 06:19:58 UTC 2019
3 ms. Memory: 45056K Free: 26743K (59%)
ptolemy.util.test.WatchDog.cancel(): canceling Tue Dec 03 06:19:58 UTC 2019
auto.tcl: Setting watchdog for 200 seconds at Tue Dec 03 06:19:58 UTC 2019
3 ms. Memory: 45056K Free: 25821K (57%)
ptolemy.util.test.WatchDog.cancel(): canceling Tue Dec 03 06:19:58 UTC 2019
------------------ testing $PTII/ptolemy/domains/de/test/auto/EventToDate.xml
auto.tcl: Setting watchdog for 200 seconds at Tue Dec 03 06:19:58 UTC 2019
3006 ms. Memory: 45056K Free: 17759K (39%)
ptolemy.util.test.WatchDog.cancel(): canceling Tue Dec 03 06:20:02 UTC 2019
auto.tcl: Setting watchdog for 200 seconds at Tue Dec 03 06:20:02 UTC 2019
3005 ms. Memory: 45056K Free: 17044K (38%)
ptolemy.util.test.WatchDog.cancel(): canceling Tue Dec 03 06:20:05 UTC 2019
------------------ testing $PTII/ptolemy/domains/de/test/auto/FSM1.xml
auto.tcl: Setting watchdog for 200 seconds at Tue Dec 03 06:20:05 UTC 2019
37 ms. Memory: 45056K Free: 18950K (42%)
ptolemy.util.test.WatchDog.cancel(): canceling Tue Dec 03 06:20:05 UTC 2019
auto.tcl: Setting watchdog for 200 seconds at Tue Dec 03 06:20:05 UTC 2019
19 ms. Memory: 45056K Free: 15720K (35%)
ptolemy.util.test.WatchDog.cancel(): canceling Tue Dec 03 06:20:05 UTC 2019
------------------ testing $PTII/ptolemy/domains/de/test/auto/FSM7.xml
auto.tcl: Setting watchdog for 200 seconds at Tue Dec 03 06:20:05 UTC 2019
31 ms. Memory: 45056K Free: 18689K (41%)
ptolemy.util.test.WatchDog.cancel(): canceling Tue Dec 03 06:20:05 UTC 2019
auto.tcl: Setting watchdog for 200 seconds at Tue Dec 03 06:20:05 UTC 2019
28 ms. Memory: 45056K Free: 15541K (34%)
ptolemy.util.test.WatchDog.cancel(): canceling Tue Dec 03 06:20:05 UTC 2019
------------------ testing $PTII/ptolemy/domains/de/test/auto/Inspection.xml
auto.tcl: Setting watchdog for 200 seconds at Tue Dec 03 06:20:05 UTC 2019
32 ms. Memory: 45056K Free: 18677K (41%)
ptolemy.util.test.WatchDog.cancel(): canceling Tue Dec 03 06:20:05 UTC 2019
auto.tcl: Setting watchdog for 200 seconds at Tue Dec 03 06:20:05 UTC 2019
24 ms. Memory: 45056K Free: 16938K (38%)
ptolemy.util.test.WatchDog.cancel(): canceling Tue Dec 03 06:20:05 UTC 2019
------------------ testing $PTII/ptolemy/domains/de/test/auto/Iteration.xml
auto.tcl: Setting watchdog for 200 seconds at Tue Dec 03 06:20:05 UTC 2019
8 ms. Memory: 45056K Free: 24392K (54%)
ptolemy.util.test.WatchDog.cancel(): canceling Tue Dec 03 06:20:05 UTC 2019
auto.tcl: Setting watchdog for 200 seconds at Tue Dec 03 06:20:05 UTC 2019
8 ms. Memory: 45056K Free: 22994K (51%)
ptolemy.util.test.WatchDog.cancel(): canceling Tue Dec 03 06:20:05 UTC 2019
------------------ testing $PTII/ptolemy/domains/de/test/auto/LineFault.xml
auto.tcl: Setting watchdog for 200 seconds at Tue Dec 03 06:20:05 UTC 2019
699 ms. Memory: 45056K Free: 14173K (31%)
ptolemy.util.test.WatchDog.cancel(): canceling Tue Dec 03 06:20:06 UTC 2019
auto.tcl: Setting watchdog for 200 seconds at Tue Dec 03 06:20:06 UTC 2019
625 ms. Memory: 54272K Free: 27738K (51%)
ptolemy.util.test.WatchDog.cancel(): canceling Tue Dec 03 06:20:07 UTC 2019
------------------ testing $PTII/ptolemy/domains/de/test/auto/MergeModel1Add.xml
auto.tcl: Setting watchdog for 200 seconds at Tue Dec 03 06:20:07 UTC 2019
37 ms. Memory: 51200K Free: 16540K (32%)
ptolemy.util.test.WatchDog.cancel(): canceling Tue Dec 03 06:20:07 UTC 2019
auto.tcl: Setting watchdog for 200 seconds at Tue Dec 03 06:20:07 UTC 2019
22 ms. Memory: 51200K Free: 14915K (29%)
ptolemy.util.test.WatchDog.cancel(): canceling Tue Dec 03 06:20:07 UTC 2019
------------------ testing $PTII/ptolemy/domains/de/test/auto/MergeModel2Add.xml
auto.tcl: Setting watchdog for 200 seconds at Tue Dec 03 06:20:07 UTC 2019
13 ms. Memory: 51200K Free: 18371K (36%)
ptolemy.util.test.WatchDog.cancel(): canceling Tue Dec 03 06:20:07 UTC 2019
auto.tcl: Setting watchdog for 200 seconds at Tue Dec 03 06:20:07 UTC 2019
12 ms. Memory: 51200K Free: 16624K (32%)
ptolemy.util.test.WatchDog.cancel(): canceling Tue Dec 03 06:20:07 UTC 2019
------------------ testing $PTII/ptolemy/domains/de/test/auto/MergeModel3Add.xml
auto.tcl: Setting watchdog for 200 seconds at Tue Dec 03 06:20:07 UTC 2019
10 ms. Memory: 48128K Free: 15542K (32%)
ptolemy.util.test.WatchDog.cancel(): canceling Tue Dec 03 06:20:07 UTC 2019
auto.tcl: Setting watchdog for 200 seconds at Tue Dec 03 06:20:07 UTC 2019
8 ms. Memory: 48128K Free: 13985K (29%)
ptolemy.util.test.WatchDog.cancel(): canceling Tue Dec 03 06:20:07 UTC 2019
------------------ testing $PTII/ptolemy/domains/de/test/auto/MergeWithoutDiscard.xml
auto.tcl: Setting watchdog for 200 seconds at Tue Dec 03 06:20:07 UTC 2019
2 ms. Memory: 48128K Free: 29914K (62%)
ptolemy.util.test.WatchDog.cancel(): canceling Tue Dec 03 06:20:07 UTC 2019
auto.tcl: Setting watchdog for 200 seconds at Tue Dec 03 06:20:07 UTC 2019
1 ms. Memory: 48128K Free: 29513K (61%)
ptolemy.util.test.WatchDog.cancel(): canceling Tue Dec 03 06:20:07 UTC 2019
------------------ testing $PTII/ptolemy/domains/de/test/auto/Modal1.xml
auto.tcl: Setting watchdog for 200 seconds at Tue Dec 03 06:20:07 UTC 2019
17 ms. Memory: 48128K Free: 22257K (46%)
ptolemy.util.test.WatchDog.cancel(): canceling Tue Dec 03 06:20:08 UTC 2019
auto.tcl: Setting watchdog for 200 seconds at Tue Dec 03 06:20:08 UTC 2019
20 ms. Memory: 48128K Free: 18988K (39%)
ptolemy.util.test.WatchDog.cancel(): canceling Tue Dec 03 06:20:08 UTC 2019
------------------ testing $PTII/ptolemy/domains/de/test/auto/Modal2.xml
auto.tcl: Setting watchdog for 200 seconds at Tue Dec 03 06:20:08 UTC 2019
19 ms. Memory: 48128K Free: 22134K (46%)
ptolemy.util.test.WatchDog.cancel(): canceling Tue Dec 03 06:20:08 UTC 2019
auto.tcl: Setting watchdog for 200 seconds at Tue Dec 03 06:20:08 UTC 2019
24 ms. Memory: 48128K Free: 18875K (39%)
ptolemy.util.test.WatchDog.cancel(): canceling Tue Dec 03 06:20:08 UTC 2019
------------------ testing $PTII/ptolemy/domains/de/test/auto/Modal3.xml
auto.tcl: Setting watchdog for 200 seconds at Tue Dec 03 06:20:08 UTC 2019
17 ms. Memory: 48128K Free: 22103K (46%)
ptolemy.util.test.WatchDog.cancel(): canceling Tue Dec 03 06:20:08 UTC 2019
auto.tcl: Setting watchdog for 200 seconds at Tue Dec 03 06:20:08 UTC 2019
20 ms. Memory: 48128K Free: 18522K (38%)
ptolemy.util.test.WatchDog.cancel(): canceling Tue Dec 03 06:20:08 UTC 2019
------------------ testing $PTII/ptolemy/domains/de/test/auto/Modal4.xml
auto.tcl: Setting watchdog for 200 seconds at Tue Dec 03 06:20:08 UTC 2019
25 ms. Memory: 48128K Free: 21105K (44%)
ptolemy.util.test.WatchDog.cancel(): canceling Tue Dec 03 06:20:08 UTC 2019
auto.tcl: Setting watchdog for 200 seconds at Tue Dec 03 06:20:08 UTC 2019
19 ms. Memory: 48128K Free: 17237K (36%)
ptolemy.util.test.WatchDog.cancel(): canceling Tue Dec 03 06:20:08 UTC 2019
------------------ testing $PTII/ptolemy/domains/de/test/auto/Modal5.xml
auto.tcl: Setting watchdog for 200 seconds at Tue Dec 03 06:20:08 UTC 2019
20 ms. Memory: 48128K Free: 21062K (44%)
ptolemy.util.test.WatchDog.cancel(): canceling Tue Dec 03 06:20:08 UTC 2019
auto.tcl: Setting watchdog for 200 seconds at Tue Dec 03 06:20:08 UTC 2019
17 ms. Memory: 48128K Free: 16871K (35%)
ptolemy.util.test.WatchDog.cancel(): canceling Tue Dec 03 06:20:08 UTC 2019
------------------ testing $PTII/ptolemy/domains/de/test/auto/Modal6.xml
auto.tcl: Setting watchdog for 200 seconds at Tue Dec 03 06:20:08 UTC 2019
13 ms. Memory: 48128K Free: 21859K (45%)
ptolemy.util.test.WatchDog.cancel(): canceling Tue Dec 03 06:20:08 UTC 2019
auto.tcl: Setting watchdog for 200 seconds at Tue Dec 03 06:20:08 UTC 2019
14 ms. Memory: 48128K Free: 17882K (37%)
ptolemy.util.test.WatchDog.cancel(): canceling Tue Dec 03 06:20:08 UTC 2019
------------------ testing $PTII/ptolemy/domains/de/test/auto/Modal7.xml
auto.tcl: Setting watchdog for 200 seconds at Tue Dec 03 06:20:08 UTC 2019
11 ms. Memory: 48128K Free: 20820K (43%)
ptolemy.util.test.WatchDog.cancel(): canceling Tue Dec 03 06:20:08 UTC 2019
auto.tcl: Setting watchdog for 200 seconds at Tue Dec 03 06:20:08 UTC 2019
12 ms. Memory: 48128K Free: 17223K (36%)
ptolemy.util.test.WatchDog.cancel(): canceling Tue Dec 03 06:20:08 UTC 2019
------------------ testing $PTII/ptolemy/domains/de/test/auto/ModalModel.xml
auto.tcl: Setting watchdog for 200 seconds at Tue Dec 03 06:20:08 UTC 2019
245 ms. Memory: 61440K Free: 42524K (69%)
ptolemy.util.test.WatchDog.cancel(): canceling Tue Dec 03 06:20:09 UTC 2019
auto.tcl: Setting watchdog for 200 seconds at Tue Dec 03 06:20:09 UTC 2019
220 ms. Memory: 61440K Free: 39343K (64%)
ptolemy.util.test.WatchDog.cancel(): canceling Tue Dec 03 06:20:09 UTC 2019
------------------ testing $PTII/ptolemy/domains/de/test/auto/ModalSource.xml
auto.tcl: Setting watchdog for 200 seconds at Tue Dec 03 06:20:09 UTC 2019
6 ms. Memory: 51200K Free: 28978K (57%)
ptolemy.util.test.WatchDog.cancel(): canceling Tue Dec 03 06:20:09 UTC 2019
auto.tcl: Setting watchdog for 200 seconds at Tue Dec 03 06:20:09 UTC 2019
7 ms. Memory: 51200K Free: 26921K (53%)
ptolemy.util.test.WatchDog.cancel(): canceling Tue Dec 03 06:20:09 UTC 2019
------------------ testing $PTII/ptolemy/domains/de/test/auto/NonInterruptibleTimerZeroDelay.xml
auto.tcl: Setting watchdog for 200 seconds at Tue Dec 03 06:20:09 UTC 2019
4 ms. Memory: 51200K Free: 33912K (66%)
ptolemy.util.test.WatchDog.cancel(): canceling Tue Dec 03 06:20:09 UTC 2019
auto.tcl: Setting watchdog for 200 seconds at Tue Dec 03 06:20:09 UTC 2019
2 ms. Memory: 51200K Free: 33257K (65%)
ptolemy.util.test.WatchDog.cancel(): canceling Tue Dec 03 06:20:09 UTC 2019
------------------ testing $PTII/ptolemy/domains/de/test/auto/OpenQueueingNetwork.xml
auto.tcl: Setting watchdog for 200 seconds at Tue Dec 03 06:20:09 UTC 2019
2782 ms. Memory: 117760K Free: 47853K (41%)
ptolemy.util.test.WatchDog.cancel(): canceling Tue Dec 03 06:20:12 UTC 2019
auto.tcl: Setting watchdog for 200 seconds at Tue Dec 03 06:20:12 UTC 2019
2772 ms. Memory: 141312K Free: 45705K (32%)
ptolemy.util.test.WatchDog.cancel(): canceling Tue Dec 03 06:20:15 UTC 2019
------------------ testing $PTII/ptolemy/domains/de/test/auto/OpenQueuingNetwork.xml
auto.tcl: Setting watchdog for 200 seconds at Tue Dec 03 06:20:15 UTC 2019
254 ms. Memory: 61440K Free: 27959K (46%)
ptolemy.util.test.WatchDog.cancel(): canceling Tue Dec 03 06:20:15 UTC 2019
auto.tcl: Setting watchdog for 200 seconds at Tue Dec 03 06:20:15 UTC 2019
234 ms. Memory: 61440K Free: 44784K (73%)
ptolemy.util.test.WatchDog.cancel(): canceling Tue Dec 03 06:20:15 UTC 2019
------------------ testing $PTII/ptolemy/domains/de/test/auto/PeriodicSampler.xml
auto.tcl: Setting watchdog for 200 seconds at Tue Dec 03 06:20:16 UTC 2019
3 ms. Memory: 48128K Free: 30031K (62%)
ptolemy.util.test.WatchDog.cancel(): canceling Tue Dec 03 06:20:16 UTC 2019
auto.tcl: Setting watchdog for 200 seconds at Tue Dec 03 06:20:16 UTC 2019
1 ms. Memory: 48128K Free: 29078K (60%)
ptolemy.util.test.WatchDog.cancel(): canceling Tue Dec 03 06:20:16 UTC 2019
------------------ testing $PTII/ptolemy/domains/de/test/auto/PersistentIO.xml
auto.tcl: Setting watchdog for 200 seconds at Tue Dec 03 06:20:16 UTC 2019
11 ms. Memory: 48128K Free: 24939K (52%)
ptolemy.util.test.WatchDog.cancel(): canceling Tue Dec 03 06:20:16 UTC 2019
auto.tcl: Setting watchdog for 200 seconds at Tue Dec 03 06:20:16 UTC 2019
4 ms. Memory: 48128K Free: 23474K (49%)
ptolemy.util.test.WatchDog.cancel(): canceling Tue Dec 03 06:20:16 UTC 2019
------------------ testing $PTII/ptolemy/domains/de/test/auto/PortParameterResetOnInitialize.xml
auto.tcl: Setting watchdog for 200 seconds at Tue Dec 03 06:20:16 UTC 2019
8 ms. Memory: 48128K Free: 30188K (63%)
ptolemy.util.test.WatchDog.cancel(): canceling Tue Dec 03 06:20:16 UTC 2019
auto.tcl: Setting watchdog for 200 seconds at Tue Dec 03 06:20:16 UTC 2019
2 ms. Memory: 48128K Free: 29703K (62%)
ptolemy.util.test.WatchDog.cancel(): canceling Tue Dec 03 06:20:16 UTC 2019
------------------ testing $PTII/ptolemy/domains/de/test/auto/PortParameterUpdates.xml
auto.tcl: Setting watchdog for 200 seconds at Tue Dec 03 06:20:16 UTC 2019
5 ms. Memory: 48128K Free: 28258K (59%)
ptolemy.util.test.WatchDog.cancel(): canceling Tue Dec 03 06:20:16 UTC 2019
auto.tcl: Setting watchdog for 200 seconds at Tue Dec 03 06:20:16 UTC 2019
5 ms. Memory: 48128K Free: 27024K (56%)
ptolemy.util.test.WatchDog.cancel(): canceling Tue Dec 03 06:20:16 UTC 2019
------------------ testing $PTII/ptolemy/domains/de/test/auto/QueueAndServer.xml
auto.tcl: Setting watchdog for 200 seconds at Tue Dec 03 06:20:16 UTC 2019
6 ms. Memory: 48128K Free: 26956K (56%)
ptolemy.util.test.WatchDog.cancel(): canceling Tue Dec 03 06:20:16 UTC 2019
auto.tcl: Setting watchdog for 200 seconds at Tue Dec 03 06:20:16 UTC 2019
5 ms. Memory: 48128K Free: 25549K (53%)
ptolemy.util.test.WatchDog.cancel(): canceling Tue Dec 03 06:20:16 UTC 2019
------------------ testing $PTII/ptolemy/domains/de/test/auto/Records.xml
auto.tcl: Setting watchdog for 200 seconds at Tue Dec 03 06:20:16 UTC 2019
3 ms. Memory: 48128K Free: 29505K (61%)
ptolemy.util.test.WatchDog.cancel(): canceling Tue Dec 03 06:20:16 UTC 2019
auto.tcl: Setting watchdog for 200 seconds at Tue Dec 03 06:20:16 UTC 2019
3 ms. Memory: 48128K Free: 29016K (60%)
ptolemy.util.test.WatchDog.cancel(): canceling Tue Dec 03 06:20:16 UTC 2019
------------------ testing $PTII/ptolemy/domains/de/test/auto/ResetTransitionWithStartTime1.xml
auto.tcl: Setting watchdog for 200 seconds at Tue Dec 03 06:20:16 UTC 2019
6 ms. Memory: 48128K Free: 26439K (55%)
ptolemy.util.test.WatchDog.cancel(): canceling Tue Dec 03 06:20:16 UTC 2019
auto.tcl: Setting watchdog for 200 seconds at Tue Dec 03 06:20:16 UTC 2019
6 ms. Memory: 48128K Free: 23938K (50%)
ptolemy.util.test.WatchDog.cancel(): canceling Tue Dec 03 06:20:16 UTC 2019
------------------ testing $PTII/ptolemy/domains/de/test/auto/ResetTransitionWithStartTime2.xml
auto.tcl: Setting watchdog for 200 seconds at Tue Dec 03 06:20:16 UTC 2019
6 ms. Memory: 48128K Free: 26394K (55%)
ptolemy.util.test.WatchDog.cancel(): canceling Tue Dec 03 06:20:16 UTC 2019
auto.tcl: Setting watchdog for 200 seconds at Tue Dec 03 06:20:16 UTC 2019
7 ms. Memory: 48128K Free: 23875K (50%)
ptolemy.util.test.WatchDog.cancel(): canceling Tue Dec 03 06:20:16 UTC 2019
------------------ testing $PTII/ptolemy/domains/de/test/auto/ResetTransitionWithStartTime3.xml
auto.tcl: Setting watchdog for 200 seconds at Tue Dec 03 06:20:16 UTC 2019
10 ms. Memory: 48128K Free: 26393K (55%)
ptolemy.util.test.WatchDog.cancel(): canceling Tue Dec 03 06:20:16 UTC 2019
auto.tcl: Setting watchdog for 200 seconds at Tue Dec 03 06:20:16 UTC 2019
5 ms. Memory: 48128K Free: 23862K (50%)
ptolemy.util.test.WatchDog.cancel(): canceling Tue Dec 03 06:20:16 UTC 2019
------------------ testing $PTII/ptolemy/domains/de/test/auto/ResetTransitionWithStartTime4.xml
auto.tcl: Setting watchdog for 200 seconds at Tue Dec 03 06:20:16 UTC 2019
10 ms. Memory: 48128K Free: 26838K (56%)
ptolemy.util.test.WatchDog.cancel(): canceling Tue Dec 03 06:20:16 UTC 2019
auto.tcl: Setting watchdog for 200 seconds at Tue Dec 03 06:20:16 UTC 2019
4 ms. Memory: 48128K Free: 25423K (53%)
ptolemy.util.test.WatchDog.cancel(): canceling Tue Dec 03 06:20:16 UTC 2019
------------------ testing $PTII/ptolemy/domains/de/test/auto/ResettableTimer1.xml
auto.tcl: Setting watchdog for 200 seconds at Tue Dec 03 06:20:16 UTC 2019
3 ms. Memory: 48128K Free: 30621K (64%)
ptolemy.util.test.WatchDog.cancel(): canceling Tue Dec 03 06:20:16 UTC 2019
auto.tcl: Setting watchdog for 200 seconds at Tue Dec 03 06:20:16 UTC 2019
2 ms. Memory: 48128K Free: 29542K (61%)
ptolemy.util.test.WatchDog.cancel(): canceling Tue Dec 03 06:20:16 UTC 2019
------------------ testing $PTII/ptolemy/domains/de/test/auto/ResettableTimer2.xml
auto.tcl: Setting watchdog for 200 seconds at Tue Dec 03 06:20:16 UTC 2019
2 ms. Memory: 48128K Free: 30656K (64%)
ptolemy.util.test.WatchDog.cancel(): canceling Tue Dec 03 06:20:16 UTC 2019
auto.tcl: Setting watchdog for 200 seconds at Tue Dec 03 06:20:16 UTC 2019
2 ms. Memory: 48128K Free: 29587K (61%)
ptolemy.util.test.WatchDog.cancel(): canceling Tue Dec 03 06:20:16 UTC 2019
------------------ testing $PTII/ptolemy/domains/de/test/auto/ResettableTimer3.xml
auto.tcl: Setting watchdog for 200 seconds at Tue Dec 03 06:20:16 UTC 2019
2 ms. Memory: 48128K Free: 30525K (63%)
ptolemy.util.test.WatchDog.cancel(): canceling Tue Dec 03 06:20:16 UTC 2019
auto.tcl: Setting watchdog for 200 seconds at Tue Dec 03 06:20:16 UTC 2019
1 ms. Memory: 48128K Free: 30055K (62%)
ptolemy.util.test.WatchDog.cancel(): canceling Tue Dec 03 06:20:16 UTC 2019
------------------ testing $PTII/ptolemy/domains/de/test/auto/ResettableTimer4.xml
auto.tcl: Setting watchdog for 200 seconds at Tue Dec 03 06:20:16 UTC 2019
1 ms. Memory: 48128K Free: 30567K (64%)
ptolemy.util.test.WatchDog.cancel(): canceling Tue Dec 03 06:20:17 UTC 2019
auto.tcl: Setting watchdog for 200 seconds at Tue Dec 03 06:20:17 UTC 2019
1 ms. Memory: 48128K Free: 30072K (62%)
ptolemy.util.test.WatchDog.cancel(): canceling Tue Dec 03 06:20:17 UTC 2019
------------------ testing $PTII/ptolemy/domains/de/test/auto/ResettableTimer5.xml
auto.tcl: Setting watchdog for 200 seconds at Tue Dec 03 06:20:17 UTC 2019
1 ms. Memory: 48128K Free: 29939K (62%)
ptolemy.util.test.WatchDog.cancel(): canceling Tue Dec 03 06:20:17 UTC 2019
auto.tcl: Setting watchdog for 200 seconds at Tue Dec 03 06:20:17 UTC 2019
1 ms. Memory: 48128K Free: 29512K (61%)
ptolemy.util.test.WatchDog.cancel(): canceling Tue Dec 03 06:20:17 UTC 2019
------------------ testing $PTII/ptolemy/domains/de/test/auto/ResettableTimer6.xml
auto.tcl: Setting watchdog for 200 seconds at Tue Dec 03 06:20:17 UTC 2019
2 ms. Memory: 48128K Free: 29998K (62%)
ptolemy.util.test.WatchDog.cancel(): canceling Tue Dec 03 06:20:17 UTC 2019
auto.tcl: Setting watchdog for 200 seconds at Tue Dec 03 06:20:17 UTC 2019
1 ms. Memory: 48128K Free: 29502K (61%)
ptolemy.util.test.WatchDog.cancel(): canceling Tue Dec 03 06:20:17 UTC 2019
------------------ testing $PTII/ptolemy/domains/de/test/auto/ServerZeroDelay.xml
auto.tcl: Setting watchdog for 200 seconds at Tue Dec 03 06:20:17 UTC 2019
3 ms. Memory: 48128K Free: 30622K (64%)
ptolemy.util.test.WatchDog.cancel(): canceling Tue Dec 03 06:20:17 UTC 2019
auto.tcl: Setting watchdog for 200 seconds at Tue Dec 03 06:20:17 UTC 2019
3 ms. Memory: 48128K Free: 29599K (62%)
ptolemy.util.test.WatchDog.cancel(): canceling Tue Dec 03 06:20:17 UTC 2019
------------------ testing $PTII/ptolemy/domains/de/test/auto/SmartSender.xml
auto.tcl: Setting watchdog for 200 seconds at Tue Dec 03 06:20:17 UTC 2019
3002 ms. Memory: 48128K Free: 30533K (63%)
ptolemy.util.test.WatchDog.cancel(): canceling Tue Dec 03 06:20:20 UTC 2019
auto.tcl: Setting watchdog for 200 seconds at Tue Dec 03 06:20:20 UTC 2019
3002 ms. Memory: 48128K Free: 30059K (62%)
ptolemy.util.test.WatchDog.cancel(): canceling Tue Dec 03 06:20:23 UTC 2019
------------------ testing $PTII/ptolemy/domains/de/test/auto/ThreadedComposite.xml
auto.tcl: Setting watchdog for 200 seconds at Tue Dec 03 06:20:23 UTC 2019
387 ms. Memory: 48128K Free: 27110K (56%)
ptolemy.util.test.WatchDog.cancel(): canceling Tue Dec 03 06:20:23 UTC 2019
auto.tcl: Setting watchdog for 200 seconds at Tue Dec 03 06:20:23 UTC 2019
203 ms. Memory: 48128K Free: 33654K (70%)
ptolemy.util.test.WatchDog.cancel(): canceling Tue Dec 03 06:20:23 UTC 2019
------------------ testing $PTII/ptolemy/domains/de/test/auto/Time.xml
auto.tcl: Setting watchdog for 200 seconds at Tue Dec 03 06:20:24 UTC 2019
532 ms. Memory: 48128K Free: 30272K (63%)
ptolemy.util.test.WatchDog.cancel(): canceling Tue Dec 03 06:20:24 UTC 2019
auto.tcl: Setting watchdog for 200 seconds at Tue Dec 03 06:20:24 UTC 2019
489 ms. Memory: 48128K Free: 30733K (64%)
ptolemy.util.test.WatchDog.cancel(): canceling Tue Dec 03 06:20:25 UTC 2019
------------------ testing $PTII/ptolemy/domains/de/test/auto/TimeDelayZeroDelay.xml
auto.tcl: Setting watchdog for 200 seconds at Tue Dec 03 06:20:25 UTC 2019
3 ms. Memory: 48128K Free: 30937K (64%)
ptolemy.util.test.WatchDog.cancel(): canceling Tue Dec 03 06:20:25 UTC 2019
auto.tcl: Setting watchdog for 200 seconds at Tue Dec 03 06:20:25 UTC 2019
2 ms. Memory: 48128K Free: 30030K (62%)
ptolemy.util.test.WatchDog.cancel(): canceling Tue Dec 03 06:20:25 UTC 2019
------------------ testing $PTII/ptolemy/domains/de/test/auto/TimerZeroDelay.xml
auto.tcl: Setting watchdog for 200 seconds at Tue Dec 03 06:20:25 UTC 2019
4 ms. Memory: 48128K Free: 30895K (64%)
ptolemy.util.test.WatchDog.cancel(): canceling Tue Dec 03 06:20:25 UTC 2019
auto.tcl: Setting watchdog for 200 seconds at Tue Dec 03 06:20:25 UTC 2019
2 ms. Memory: 48128K Free: 30072K (62%)
ptolemy.util.test.WatchDog.cancel(): canceling Tue Dec 03 06:20:25 UTC 2019
------------------ testing $PTII/ptolemy/domains/de/test/auto/TimingParadox.xml
auto.tcl: Setting watchdog for 200 seconds at Tue Dec 03 06:20:25 UTC 2019
403 ms. Memory: 58368K Free: 22140K (38%)
ptolemy.util.test.WatchDog.cancel(): canceling Tue Dec 03 06:20:25 UTC 2019
auto.tcl: Setting watchdog for 200 seconds at Tue Dec 03 06:20:25 UTC 2019
371 ms. Memory: 58368K Free: 16989K (29%)
ptolemy.util.test.WatchDog.cancel(): canceling Tue Dec 03 06:20:26 UTC 2019
------------------ testing $PTII/ptolemy/domains/de/test/auto/TransferInputs.xml
auto.tcl: Setting watchdog for 200 seconds at Tue Dec 03 06:20:26 UTC 2019
2 ms. Memory: 51200K Free: 32023K (63%)
ptolemy.util.test.WatchDog.cancel(): canceling Tue Dec 03 06:20:26 UTC 2019
auto.tcl: Setting watchdog for 200 seconds at Tue Dec 03 06:20:26 UTC 2019
2 ms. Memory: 51200K Free: 31120K (61%)
ptolemy.util.test.WatchDog.cancel(): canceling Tue Dec 03 06:20:26 UTC 2019
------------------ testing $PTII/ptolemy/domains/de/test/auto/TransferOutputs2.xml
auto.tcl: Setting watchdog for 200 seconds at Tue Dec 03 06:20:26 UTC 2019
3 ms. Memory: 51200K Free: 29466K (58%)
ptolemy.util.test.WatchDog.cancel(): canceling Tue Dec 03 06:20:26 UTC 2019
auto.tcl: Setting watchdog for 200 seconds at Tue Dec 03 06:20:26 UTC 2019
3 ms. Memory: 51200K Free: 28034K (55%)
ptolemy.util.test.WatchDog.cancel(): canceling Tue Dec 03 06:20:26 UTC 2019
------------------ testing $PTII/ptolemy/domains/de/test/auto/Trilateration.xml
auto.tcl: Setting watchdog for 200 seconds at Tue Dec 03 06:20:26 UTC 2019
13890 ms. Memory: 428032K Free: 218235K (51%)
ptolemy.util.test.WatchDog.cancel(): canceling Tue Dec 03 06:20:41 UTC 2019
auto.tcl: Setting watchdog for 200 seconds at Tue Dec 03 06:20:41 UTC 2019
11304 ms. Memory: 428032K Free: 332392K (78%)
ptolemy.util.test.WatchDog.cancel(): canceling Tue Dec 03 06:20:52 UTC 2019
------------------ testing $PTII/ptolemy/domains/de/test/auto/TwoSigmaDelta.xml
auto.tcl: Setting watchdog for 200 seconds at Tue Dec 03 06:20:52 UTC 2019
2610 ms. Memory: 86016K Free: 23485K (27%)
ptolemy.util.test.WatchDog.cancel(): canceling Tue Dec 03 06:20:55 UTC 2019
auto.tcl: Setting watchdog for 200 seconds at Tue Dec 03 06:20:55 UTC 2019
2080 ms. Memory: 86016K Free: 16854K (20%)
ptolemy.util.test.WatchDog.cancel(): canceling Tue Dec 03 06:20:57 UTC 2019
------------------ testing $PTII/ptolemy/domains/de/test/auto/VariableDelay.xml
auto.tcl: Setting watchdog for 200 seconds at Tue Dec 03 06:20:57 UTC 2019
3 ms. Memory: 51200K Free: 32514K (64%)
ptolemy.util.test.WatchDog.cancel(): canceling Tue Dec 03 06:20:57 UTC 2019
auto.tcl: Setting watchdog for 200 seconds at Tue Dec 03 06:20:57 UTC 2019
1 ms. Memory: 51200K Free: 31498K (62%)
ptolemy.util.test.WatchDog.cancel(): canceling Tue Dec 03 06:20:57 UTC 2019
------------------ testing $PTII/ptolemy/domains/de/test/auto/VariableDelay2.xml
auto.tcl: Setting watchdog for 200 seconds at Tue Dec 03 06:20:57 UTC 2019
8 ms. Memory: 51200K Free: 32823K (64%)
ptolemy.util.test.WatchDog.cancel(): canceling Tue Dec 03 06:20:57 UTC 2019
auto.tcl: Setting watchdog for 200 seconds at Tue Dec 03 06:20:57 UTC 2019
2 ms. Memory: 51200K Free: 31873K (62%)
ptolemy.util.test.WatchDog.cancel(): canceling Tue Dec 03 06:20:57 UTC 2019
------------------ testing $PTII/ptolemy/domains/de/test/auto/VariableDelayZeroDelay.xml
auto.tcl: Setting watchdog for 200 seconds at Tue Dec 03 06:20:57 UTC 2019
2 ms. Memory: 51200K Free: 33440K (65%)
ptolemy.util.test.WatchDog.cancel(): canceling Tue Dec 03 06:20:57 UTC 2019
auto.tcl: Setting watchdog for 200 seconds at Tue Dec 03 06:20:57 UTC 2019
2 ms. Memory: 51200K Free: 32910K (64%)
ptolemy.util.test.WatchDog.cancel(): canceling Tue Dec 03 06:20:57 UTC 2019
------------------ testing $PTII/ptolemy/domains/de/test/auto/VariableDelayZeroDelay2.xml
auto.tcl: Setting watchdog for 200 seconds at Tue Dec 03 06:20:57 UTC 2019
2 ms. Memory: 51200K Free: 33514K (65%)
ptolemy.util.test.WatchDog.cancel(): canceling Tue Dec 03 06:20:57 UTC 2019
auto.tcl: Setting watchdog for 200 seconds at Tue Dec 03 06:20:57 UTC 2019
2 ms. Memory: 51200K Free: 32415K (63%)
ptolemy.util.test.WatchDog.cancel(): canceling Tue Dec 03 06:20:57 UTC 2019
------------------ testing $PTII/ptolemy/domains/de/test/auto/deInCt.xml
auto.tcl: Setting watchdog for 200 seconds at Tue Dec 03 06:20:57 UTC 2019
0
1
1
1
0
0
0
1
1
1
1
0
0
0
0
1
1
1
0
0
0
1
1
1
0
0
0
1
1
1
0
0
0
0
0
1
1
0
0
0
0
10 ms. Memory: 51200K Free: 32413K (63%)
ptolemy.util.test.WatchDog.cancel(): canceling Tue Dec 03 06:20:57 UTC 2019
auto.tcl: Setting watchdog for 200 seconds at Tue Dec 03 06:20:57 UTC 2019
0
1
1
1
0
0
0
0
0
0
1
1
1
1
0
0
0
1
1
1
1
0
0
1
1
1
0
0
0
0
1
1
1
0
0
0
0
5 ms. Memory: 51200K Free: 30875K (60%)
ptolemy.util.test.WatchDog.cancel(): canceling Tue Dec 03 06:20:57 UTC 2019
------------------ testing $PTII/ptolemy/domains/de/test/auto/deInCt2.xml
auto.tcl: Setting watchdog for 200 seconds at Tue Dec 03 06:20:57 UTC 2019
0
1
1
1
0
0
1
1
1
0
0
1
1
1
0
0
1
1
1
0
0
1
1
1
0
0
1
1
1
0
0
1
1
1
0
0
1
1
1
0
0
0
11 ms. Memory: 51200K Free: 32459K (63%)
ptolemy.util.test.WatchDog.cancel(): canceling Tue Dec 03 06:20:57 UTC 2019
auto.tcl: Setting watchdog for 200 seconds at Tue Dec 03 06:20:57 UTC 2019
0
1
1
1
0
0
1
1
1
0
0
1
1
1
0
0
1
1
1
0
0
1
1
1
0
0
1
1
1
0
0
1
1
1
0
0
1
1
1
0
0
0
5 ms. Memory: 51200K Free: 30847K (60%)
ptolemy.util.test.WatchDog.cancel(): canceling Tue Dec 03 06:20:57 UTC 2019
------------------ testing $PTII/ptolemy/domains/de/test/auto/dynamicCausalityInterface1.xml
auto.tcl: Setting watchdog for 200 seconds at Tue Dec 03 06:20:57 UTC 2019
1 ms. Memory: 51200K Free: 28313K (55%)
ptolemy.util.test.WatchDog.cancel(): canceling Tue Dec 03 06:20:58 UTC 2019
auto.tcl: Setting watchdog for 200 seconds at Tue Dec 03 06:20:58 UTC 2019
1 ms. Memory: 51200K Free: 27799K (54%)
ptolemy.util.test.WatchDog.cancel(): canceling Tue Dec 03 06:20:58 UTC 2019
------------------ testing $PTII/ptolemy/domains/de/test/auto/fsm_de_test.xml
auto.tcl: Setting watchdog for 200 seconds at Tue Dec 03 06:20:58 UTC 2019
12 ms. Memory: 51200K Free: 28212K (55%)
ptolemy.util.test.WatchDog.cancel(): canceling Tue Dec 03 06:20:58 UTC 2019
auto.tcl: Setting watchdog for 200 seconds at Tue Dec 03 06:20:58 UTC 2019
8 ms. Memory: 51200K Free: 26164K (51%)
ptolemy.util.test.WatchDog.cancel(): canceling Tue Dec 03 06:20:58 UTC 2019
------------------ testing $PTII/ptolemy/domains/de/test/auto/functionDependencyReconstruction.xml
auto.tcl: Setting watchdog for 200 seconds at Tue Dec 03 06:20:58 UTC 2019
9 ms. Memory: 51200K Free: 22057K (43%)
ptolemy.util.test.WatchDog.cancel(): canceling Tue Dec 03 06:20:58 UTC 2019
auto.tcl: Setting watchdog for 200 seconds at Tue Dec 03 06:20:58 UTC 2019
3 ms. Memory: 51200K Free: 20009K (39%)
ptolemy.util.test.WatchDog.cancel(): canceling Tue Dec 03 06:20:58 UTC 2019
------------------ testing $PTII/ptolemy/domains/de/test/auto/multirate.xml
auto.tcl: Setting watchdog for 200 seconds at Tue Dec 03 06:20:58 UTC 2019
5 ms. Memory: 51200K Free: 30787K (60%)
ptolemy.util.test.WatchDog.cancel(): canceling Tue Dec 03 06:20:58 UTC 2019
auto.tcl: Setting watchdog for 200 seconds at Tue Dec 03 06:20:58 UTC 2019
3 ms. Memory: 51200K Free: 29108K (57%)
ptolemy.util.test.WatchDog.cancel(): canceling Tue Dec 03 06:20:58 UTC 2019
------------------ testing $PTII/ptolemy/domains/de/test/auto/multirate2.xml
auto.tcl: Setting watchdog for 200 seconds at Tue Dec 03 06:20:58 UTC 2019
2 ms. Memory: 48128K Free: 27736K (58%)
ptolemy.util.test.WatchDog.cancel(): canceling Tue Dec 03 06:20:58 UTC 2019
auto.tcl: Setting watchdog for 200 seconds at Tue Dec 03 06:20:58 UTC 2019
3 ms. Memory: 48128K Free: 26234K (55%)
ptolemy.util.test.WatchDog.cancel(): canceling Tue Dec 03 06:20:58 UTC 2019
------------------ testing $PTII/ptolemy/domains/de/test/auto/realtime.xml
auto.tcl: Setting watchdog for 200 seconds at Tue Dec 03 06:20:58 UTC 2019
10001 ms. Memory: 48128K Free: 30010K (62%)
ptolemy.util.test.WatchDog.cancel(): canceling Tue Dec 03 06:21:08 UTC 2019
auto.tcl: Setting watchdog for 200 seconds at Tue Dec 03 06:21:08 UTC 2019
10001 ms. Memory: 48128K Free: 29287K (61%)
ptolemy.util.test.WatchDog.cancel(): canceling Tue Dec 03 06:21:18 UTC 2019
------------------ testing $PTII/ptolemy/domains/de/test/auto/relationGroup.xml
auto.tcl: Setting watchdog for 200 seconds at Tue Dec 03 06:21:18 UTC 2019
2 ms. Memory: 48128K Free: 31094K (65%)
ptolemy.util.test.WatchDog.cancel(): canceling Tue Dec 03 06:21:18 UTC 2019
auto.tcl: Setting watchdog for 200 seconds at Tue Dec 03 06:21:18 UTC 2019
2 ms. Memory: 48128K Free: 30368K (63%)
ptolemy.util.test.WatchDog.cancel(): canceling Tue Dec 03 06:21:18 UTC 2019
------------------ testing $PTII/ptolemy/domains/de/test/auto/relationGroup2.xml
auto.tcl: Setting watchdog for 200 seconds at Tue Dec 03 06:21:18 UTC 2019
1 ms. Memory: 48128K Free: 30903K (64%)
ptolemy.util.test.WatchDog.cancel(): canceling Tue Dec 03 06:21:18 UTC 2019
auto.tcl: Setting watchdog for 200 seconds at Tue Dec 03 06:21:18 UTC 2019
1 ms. Memory: 48128K Free: 30393K (63%)
ptolemy.util.test.WatchDog.cancel(): canceling Tue Dec 03 06:21:18 UTC 2019
------------------ testing $PTII/ptolemy/domains/de/test/auto/sortWithOpaquePorts.xml
auto.tcl: Setting watchdog for 200 seconds at Tue Dec 03 06:21:18 UTC 2019
2 ms. Memory: 48128K Free: 29867K (62%)
ptolemy.util.test.WatchDog.cancel(): canceling Tue Dec 03 06:21:18 UTC 2019
auto.tcl: Setting watchdog for 200 seconds at Tue Dec 03 06:21:18 UTC 2019
1 ms. Memory: 48128K Free: 28870K (60%)
ptolemy.util.test.WatchDog.cancel(): canceling Tue Dec 03 06:21:18 UTC 2019
------------------ testing $PTII/ptolemy/domains/de/test/auto/transferInputsandOutputs.xml
auto.tcl: Setting watchdog for 200 seconds at Tue Dec 03 06:21:18 UTC 2019
5 ms. Memory: 48128K Free: 27311K (57%)
ptolemy.util.test.WatchDog.cancel(): canceling Tue Dec 03 06:21:18 UTC 2019
auto.tcl: Setting watchdog for 200 seconds at Tue Dec 03 06:21:18 UTC 2019
3 ms. Memory: 48128K Free: 26341K (55%)
ptolemy.util.test.WatchDog.cancel(): canceling Tue Dec 03 06:21:18 UTC 2019
------------------ testing $PTII/ptolemy/domains/de/test/auto/triggerType.xml
auto.tcl: Setting watchdog for 200 seconds at Tue Dec 03 06:21:18 UTC 2019
2 ms. Memory: 48128K Free: 30335K (63%)
ptolemy.util.test.WatchDog.cancel(): canceling Tue Dec 03 06:21:18 UTC 2019
auto.tcl: Setting watchdog for 200 seconds at Tue Dec 03 06:21:18 UTC 2019
2 ms. Memory: 48128K Free: 29365K (61%)
ptolemy.util.test.WatchDog.cancel(): canceling Tue Dec 03 06:21:18 UTC 2019
12/03/19 06:21:18
Failed: 0  Total Tests: 192  ((Passed: 187, Newly Passed: 1)  Known Failed: 5) /home/travis/build/icyphy/ptII/ptolemy/domains/de/test
12/03/19 06:21:18
Failed: 0  Total Tests: 192  ((Passed: 187, Newly Passed: 1)  Known Failed: 5) /home/travis/build/icyphy/ptII/ptolemy/domains/de/test
----------------- testing (KnownFailure) /home/travis/build/icyphy/ptII/ptolemy/domains/de/test/auto/knownFailedTests/DESDFClockTest.xml
2013 ms. Memory: 48128K Free: 23730K (49%)
Known Failure: java.lang.reflect.InvocationTargetException
----------------- testing (KnownFailure) /home/travis/build/icyphy/ptII/ptolemy/domains/de/test/auto/knownFailedTests/DirectFeedback.xml
2 ms. Memory: 48128K Free: 20148K (42%)
Known Failure: java.lang.reflect.InvocationTargetException
----------------- testing (KnownFailure) /home/travis/build/icyphy/ptII/ptolemy/domains/de/test/auto/knownFailedTests/FSMSource.xml
13 ms. Memory: 48128K Free: 12980K (27%)
----------------- testing (KnownFailure) /home/travis/build/icyphy/ptII/ptolemy/domains/de/test/auto/knownFailedTests/HierarchicalModel.xml
3 ms. Memory: 48128K Free: 22935K (48%)
Known Failure: java.lang.reflect.InvocationTargetException
----------------- testing (KnownFailure) /home/travis/build/icyphy/ptII/ptolemy/domains/de/test/auto/knownFailedTests/dependencyLoop.xml
8 ms. Memory: 48128K Free: 33314K (69%)
Known Failure: java.lang.reflect.InvocationTargetException
----------------- testing (KnownFailure) /home/travis/build/icyphy/ptII/ptolemy/domains/de/test/auto/knownFailedTests/dependencyLoop2.xml
9 ms. Memory: 48128K Free: 18260K (38%)
Known Failure: java.lang.reflect.InvocationTargetException
No auto/linux-amd64/*.xml tests in /home/travis/build/icyphy/ptII/ptolemy/domains/de/test
AutoTests.java: About to close Vertx.
AutoTests.java: Vertx closed.

===========================================================================================
----------------- testing Tue Dec 03 06:21:21 UTC 2019 /home/travis/build/icyphy/ptII/ptolemy/domains/de/test/auto/ActorDepthCalculation_actorWithoutPorts.xml
----------------- Instantiating /home/travis/build/icyphy/ptII/ptolemy/domains/de/test/auto/ActorDepthCalculation_actorWithoutPorts.xml
3 ms. Memory: 48128K Free: 11943K (25%)
----------------- Invoking toplevel() on ptolemy.moml.MoMLSimpleApplication@a7b390d
----------------- Done invoking toplevel() on ptolemy.moml.MoMLSimpleApplication@a7b390d
reloadAllAccessors: .ActorDepthCalculation_actorWithoutPorts

===========================================================================================
----------------- testing Tue Dec 03 06:21:21 UTC 2019 /home/travis/build/icyphy/ptII/ptolemy/domains/de/test/auto/AssemblyLine.xml
----------------- Instantiating /home/travis/build/icyphy/ptII/ptolemy/domains/de/test/auto/AssemblyLine.xml
3 ms. Memory: 48128K Free: 30477K (63%)
----------------- Invoking toplevel() on ptolemy.moml.MoMLSimpleApplication@40dceb48
----------------- Done invoking toplevel() on ptolemy.moml.MoMLSimpleApplication@40dceb48
reloadAllAccessors: .AssemblyLine

===========================================================================================
----------------- testing Tue Dec 03 06:21:21 UTC 2019 /home/travis/build/icyphy/ptII/ptolemy/domains/de/test/auto/CQBug1.xml
----------------- Instantiating /home/travis/build/icyphy/ptII/ptolemy/domains/de/test/auto/CQBug1.xml
1 ms. Memory: 48128K Free: 27544K (57%)
----------------- Invoking toplevel() on ptolemy.moml.MoMLSimpleApplication@2417459e
----------------- Done invoking toplevel() on ptolemy.moml.MoMLSimpleApplication@2417459e
reloadAllAccessors: .CQBug1

===========================================================================================
----------------- testing Tue Dec 03 06:21:21 UTC 2019 /home/travis/build/icyphy/ptII/ptolemy/domains/de/test/auto/CancelFireAt.xml
----------------- Instantiating /home/travis/build/icyphy/ptII/ptolemy/domains/de/test/auto/CancelFireAt.xml
1 ms. Memory: 48128K Free: 25146K (52%)
----------------- Invoking toplevel() on ptolemy.moml.MoMLSimpleApplication@236c5345
----------------- Done invoking toplevel() on ptolemy.moml.MoMLSimpleApplication@236c5345
reloadAllAccessors: .CancelFireAt

===========================================================================================
----------------- testing Tue Dec 03 06:21:21 UTC 2019 /home/travis/build/icyphy/ptII/ptolemy/domains/de/test/auto/CausalityAndComposabilityAnalysis.xml
----------------- Instantiating /home/travis/build/icyphy/ptII/ptolemy/domains/de/test/auto/CausalityAndComposabilityAnalysis.xml
1 ms. Memory: 48128K Free: 21034K (44%)
----------------- Invoking toplevel() on ptolemy.moml.MoMLSimpleApplication@2e457d4f
----------------- Done invoking toplevel() on ptolemy.moml.MoMLSimpleApplication@2e457d4f
reloadAllAccessors: .CausalityAndComposabilityAnalysis

===========================================================================================
----------------- testing Tue Dec 03 06:21:21 UTC 2019 /home/travis/build/icyphy/ptII/ptolemy/domains/de/test/auto/CausalityInterface1.xml
----------------- Instantiating /home/travis/build/icyphy/ptII/ptolemy/domains/de/test/auto/CausalityInterface1.xml
6 ms. Memory: 48128K Free: 16109K (33%)
----------------- Invoking toplevel() on ptolemy.moml.MoMLSimpleApplication@64922493
----------------- Done invoking toplevel() on ptolemy.moml.MoMLSimpleApplication@64922493
reloadAllAccessors: .CausalityInterface1

===========================================================================================
----------------- testing Tue Dec 03 06:21:21 UTC 2019 /home/travis/build/icyphy/ptII/ptolemy/domains/de/test/auto/CausalityInterface15.xml
----------------- Instantiating /home/travis/build/icyphy/ptII/ptolemy/domains/de/test/auto/CausalityInterface15.xml
2 ms. Memory: 48128K Free: 10621K (22%)
----------------- Invoking toplevel() on ptolemy.moml.MoMLSimpleApplication@227521d4
----------------- Done invoking toplevel() on ptolemy.moml.MoMLSimpleApplication@227521d4
reloadAllAccessors: .CausalityInterface15

===========================================================================================
----------------- testing Tue Dec 03 06:21:21 UTC 2019 /home/travis/build/icyphy/ptII/ptolemy/domains/de/test/auto/CausalityInterface2.xml
----------------- Instantiating /home/travis/build/icyphy/ptII/ptolemy/domains/de/test/auto/CausalityInterface2.xml
1 ms. Memory: 48128K Free: 31704K (66%)
[...]
	at ptolemy.actor.Manager.run(Manager.java:1263)
	at ptolemy.actor.Manager$PtolemyRunThread.run(Manager.java:1933)
java.lang.RuntimeException: Execution failed
	at ptolemy.moml.MoMLSimpleApplication$UnloadThread.run(MoMLSimpleApplication.java:402)
Caused by: ptolemy.kernel.util.IllegalActionException: Actor is not ready to fire.  Perhaps UpSample.prefire() returned false? Try debugging the actor by selecting "Listen to Actor".  Also, for SDF check moml for tokenConsumptionRate on input.
  in .DESDFClockTest.Play Bell.Copy1:SDF Director and .DESDFClockTest.Play Bell.UpSample
	at ptolemy.actor.sched.StaticSchedulingDirector.fire(StaticSchedulingDirector.java:227)
	at ptolemy.domains.sdf.kernel.SDFDirector.fire(SDFDirector.java:500)
	at ptolemy.actor.CompositeActor.fire(CompositeActor.java:455)
	at ptolemy.domains.de.kernel.DEDirector._fire(DEDirector.java:1949)
	at ptolemy.domains.de.kernel.DEDirector.fire(DEDirector.java:502)
	at ptolemy.actor.CompositeActor.fire(CompositeActor.java:455)
	at ptolemy.actor.Manager.iterate(Manager.java:851)
	at ptolemy.actor.Manager.execute(Manager.java:369)
	at ptolemy.actor.Manager.run(Manager.java:1263)
	at ptolemy.actor.Manager$PtolemyRunThread.run(Manager.java:1933)
java.lang.reflect.InvocationTargetException
	at java.base/jdk.internal.reflect.NativeConstructorAccessorImpl.newInstance0(Native Method)
	at java.base/jdk.internal.reflect.NativeConstructorAccessorImpl.newInstance(NativeConstructorAccessorImpl.java:62)
	at java.base/jdk.internal.reflect.DelegatingConstructorAccessorImpl.newInstance(DelegatingConstructorAccessorImpl.java:45)
	at java.base/java.lang.reflect.Constructor.newInstance(Constructor.java:490)
	at ptolemy.util.test.junit.AutoKnownFailedTests.RunModel(AutoKnownFailedTests.java:105)
	at java.base/jdk.internal.reflect.NativeMethodAccessorImpl.invoke0(Native Method)
	at java.base/jdk.internal.reflect.NativeMethodAccessorImpl.invoke(NativeMethodAccessorImpl.java:62)
	at java.base/jdk.internal.reflect.DelegatingMethodAccessorImpl.invoke(DelegatingMethodAccessorImpl.java:43)
	at java.base/java.lang.reflect.Method.invoke(Method.java:566)
	at org.junit.runners.model.FrameworkMethod$1.runReflectiveCall(FrameworkMethod.java:44)
	at org.junit.internal.runners.model.ReflectiveCallable.run(ReflectiveCallable.java:15)
	at org.junit.runners.model.FrameworkMethod.invokeExplosively(FrameworkMethod.java:41)
	at junitparams.internal.InvokeParameterisedMethod.evaluate(InvokeParameterisedMethod.java:102)
	at org.junit.internal.runners.statements.FailOnTimeout$1.run(FailOnTimeout.java:28)
Caused by: ptolemy.kernel.util.IllegalActionException: Actor is not ready to fire.  Perhaps UpSample.prefire() returned false? Try debugging the actor by selecting "Listen to Actor".  Also, for SDF check moml for tokenConsumptionRate on input.
  in .DESDFClockTest.Play Bell.Copy1:SDF Director and .DESDFClockTest.Play Bell.UpSample
	at ptolemy.actor.sched.StaticSchedulingDirector.fire(StaticSchedulingDirector.java:227)
	at ptolemy.domains.sdf.kernel.SDFDirector.fire(SDFDirector.java:500)
	at ptolemy.actor.CompositeActor.fire(CompositeActor.java:455)
	at ptolemy.domains.de.kernel.DEDirector._fire(DEDirector.java:1949)
	at ptolemy.domains.de.kernel.DEDirector.fire(DEDirector.java:502)
	at ptolemy.actor.CompositeActor.fire(CompositeActor.java:455)
	at ptolemy.actor.Manager.iterate(Manager.java:851)
	at ptolemy.actor.Manager.execute(Manager.java:369)
	at ptolemy.actor.Manager.run(Manager.java:1263)
	at ptolemy.actor.Manager$PtolemyRunThread.run(Manager.java:1933)
java.lang.RuntimeException: Execution failed
	at ptolemy.moml.MoMLSimpleApplication$UnloadThread.run(MoMLSimpleApplication.java:402)
Caused by: ptolemy.kernel.util.IllegalActionException: Test fails in iteration 1.
Value was: 1.0. Should have been: 2.0
  in .DirectFeedback.Test
	at ptolemy.actor.lib.Test.fire(Test.java:268)
	at ptolemy.domains.de.kernel.DEDirector._fire(DEDirector.java:1949)
	at ptolemy.domains.de.kernel.DEDirector.fire(DEDirector.java:502)
	at ptolemy.actor.CompositeActor.fire(CompositeActor.java:455)
	at ptolemy.actor.Manager.iterate(Manager.java:851)
	at ptolemy.actor.Manager.execute(Manager.java:369)
	at ptolemy.actor.Manager.run(Manager.java:1263)
	at ptolemy.actor.Manager$PtolemyRunThread.run(Manager.java:1933)
java.lang.reflect.InvocationTargetException
	at java.base/jdk.internal.reflect.NativeConstructorAccessorImpl.newInstance0(Native Method)
	at java.base/jdk.internal.reflect.NativeConstructorAccessorImpl.newInstance(NativeConstructorAccessorImpl.java:62)
	at java.base/jdk.internal.reflect.DelegatingConstructorAccessorImpl.newInstance(DelegatingConstructorAccessorImpl.java:45)
	at java.base/java.lang.reflect.Constructor.newInstance(Constructor.java:490)
	at ptolemy.util.test.junit.AutoKnownFailedTests.RunModel(AutoKnownFailedTests.java:105)
	at java.base/jdk.internal.reflect.NativeMethodAccessorImpl.invoke0(Native Method)
	at java.base/jdk.internal.reflect.NativeMethodAccessorImpl.invoke(NativeMethodAccessorImpl.java:62)
	at java.base/jdk.internal.reflect.DelegatingMethodAccessorImpl.invoke(DelegatingMethodAccessorImpl.java:43)
	at java.base/java.lang.reflect.Method.invoke(Method.java:566)
	at org.junit.runners.model.FrameworkMethod$1.runReflectiveCall(FrameworkMethod.java:44)
	at org.junit.internal.runners.model.ReflectiveCallable.run(ReflectiveCallable.java:15)
	at org.junit.runners.model.FrameworkMethod.invokeExplosively(FrameworkMethod.java:41)
	at junitparams.internal.InvokeParameterisedMethod.evaluate(InvokeParameterisedMethod.java:102)
	at org.junit.internal.runners.statements.FailOnTimeout$1.run(FailOnTimeout.java:28)
Caused by: ptolemy.kernel.util.IllegalActionException: Test fails in iteration 1.
Value was: 1.0. Should have been: 2.0
  in .DirectFeedback.Test
	at ptolemy.actor.lib.Test.fire(Test.java:268)
	at ptolemy.domains.de.kernel.DEDirector._fire(DEDirector.java:1949)
	at ptolemy.domains.de.kernel.DEDirector.fire(DEDirector.java:502)
	at ptolemy.actor.CompositeActor.fire(CompositeActor.java:455)
	at ptolemy.actor.Manager.iterate(Manager.java:851)
	at ptolemy.actor.Manager.execute(Manager.java:369)
	at ptolemy.actor.Manager.run(Manager.java:1263)
	at ptolemy.actor.Manager$PtolemyRunThread.run(Manager.java:1933)
java.lang.RuntimeException: Execution failed
	at ptolemy.moml.MoMLSimpleApplication$UnloadThread.run(MoMLSimpleApplication.java:402)
Caused by: ptolemy.kernel.util.IllegalActionException: Found a zero delay loop containing .HierarchicalModel.A
  in .HierarchicalModel and .HierarchicalModel.A
	at ptolemy.actor.util.CausalityInterfaceForComposites._computeOutputPortDepth(CausalityInterfaceForComposites.java:759)
	at ptolemy.actor.util.CausalityInterfaceForComposites._computeInputDepth(CausalityInterfaceForComposites.java:696)
	at ptolemy.actor.util.CausalityInterfaceForComposites._computeOutputPortDepth(CausalityInterfaceForComposites.java:765)
	at ptolemy.actor.util.CausalityInterfaceForComposites._computeInputDepth(CausalityInterfaceForComposites.java:696)
	at ptolemy.actor.util.CausalityInterfaceForComposites._computeOutputPortDepth(CausalityInterfaceForComposites.java:765)
	at ptolemy.actor.util.CausalityInterfaceForComposites._computeInputDepth(CausalityInterfaceForComposites.java:696)
	at ptolemy.actor.util.CausalityInterfaceForComposites._computeActorDepth(CausalityInterfaceForComposites.java:532)
	at ptolemy.actor.util.CausalityInterfaceForComposites.checkForCycles(CausalityInterfaceForComposites.java:96)
	at ptolemy.domains.de.kernel.DEDirector.preinitialize(DEDirector.java:1338)
	at ptolemy.actor.CompositeActor.preinitialize(CompositeActor.java:1828)
	at ptolemy.actor.Manager.preinitializeAndResolveTypes(Manager.java:1040)
	at ptolemy.actor.Manager.initialize(Manager.java:710)
	at ptolemy.actor.Manager.execute(Manager.java:356)
	at ptolemy.actor.Manager.run(Manager.java:1263)
	at ptolemy.actor.Manager$PtolemyRunThread.run(Manager.java:1933)
java.lang.reflect.InvocationTargetException
	at java.base/jdk.internal.reflect.NativeConstructorAccessorImpl.newInstance0(Native Method)
	at java.base/jdk.internal.reflect.NativeConstructorAccessorImpl.newInstance(NativeConstructorAccessorImpl.java:62)
	at java.base/jdk.internal.reflect.DelegatingConstructorAccessorImpl.newInstance(DelegatingConstructorAccessorImpl.java:45)
	at java.base/java.lang.reflect.Constructor.newInstance(Constructor.java:490)
	at ptolemy.util.test.junit.AutoKnownFailedTests.RunModel(AutoKnownFailedTests.java:105)
	at java.base/jdk.internal.reflect.NativeMethodAccessorImpl.invoke0(Native Method)
	at java.base/jdk.internal.reflect.NativeMethodAccessorImpl.invoke(NativeMethodAccessorImpl.java:62)
	at java.base/jdk.internal.reflect.DelegatingMethodAccessorImpl.invoke(DelegatingMethodAccessorImpl.java:43)
	at java.base/java.lang.reflect.Method.invoke(Method.java:566)
	at org.junit.runners.model.FrameworkMethod$1.runReflectiveCall(FrameworkMethod.java:44)
	at org.junit.internal.runners.model.ReflectiveCallable.run(ReflectiveCallable.java:15)
	at org.junit.runners.model.FrameworkMethod.invokeExplosively(FrameworkMethod.java:41)
	at junitparams.internal.InvokeParameterisedMethod.evaluate(InvokeParameterisedMethod.java:102)
	at org.junit.internal.runners.statements.FailOnTimeout$1.run(FailOnTimeout.java:28)
Caused by: ptolemy.kernel.util.IllegalActionException: Found a zero delay loop containing .HierarchicalModel.A
  in .HierarchicalModel and .HierarchicalModel.A
	at ptolemy.actor.util.CausalityInterfaceForComposites._computeOutputPortDepth(CausalityInterfaceForComposites.java:759)
	at ptolemy.actor.util.CausalityInterfaceForComposites._computeInputDepth(CausalityInterfaceForComposites.java:696)
	at ptolemy.actor.util.CausalityInterfaceForComposites._computeOutputPortDepth(CausalityInterfaceForComposites.java:765)
	at ptolemy.actor.util.CausalityInterfaceForComposites._computeInputDepth(CausalityInterfaceForComposites.java:696)
	at ptolemy.actor.util.CausalityInterfaceForComposites._computeOutputPortDepth(CausalityInterfaceForComposites.java:765)
	at ptolemy.actor.util.CausalityInterfaceForComposites._computeInputDepth(CausalityInterfaceForComposites.java:696)
	at ptolemy.actor.util.CausalityInterfaceForComposites._computeActorDepth(CausalityInterfaceForComposites.java:532)
	at ptolemy.actor.util.CausalityInterfaceForComposites.checkForCycles(CausalityInterfaceForComposites.java:96)
	at ptolemy.domains.de.kernel.DEDirector.preinitialize(DEDirector.java:1338)
	at ptolemy.actor.CompositeActor.preinitialize(CompositeActor.java:1828)
	at ptolemy.actor.Manager.preinitializeAndResolveTypes(Manager.java:1040)
	at ptolemy.actor.Manager.initialize(Manager.java:710)
	at ptolemy.actor.Manager.execute(Manager.java:356)
	at ptolemy.actor.Manager.run(Manager.java:1263)
	at ptolemy.actor.Manager$PtolemyRunThread.run(Manager.java:1933)
java.lang.RuntimeException: Execution failed
	at ptolemy.moml.MoMLSimpleApplication$UnloadThread.run(MoMLSimpleApplication.java:402)
Caused by: ptolemy.kernel.util.IllegalActionException: Found a zero delay loop containing .dependencyLoop.original
  in .dependencyLoop and .dependencyLoop.original
	at ptolemy.actor.util.CausalityInterfaceForComposites._computeOutputPortDepth(CausalityInterfaceForComposites.java:759)
	at ptolemy.actor.util.CausalityInterfaceForComposites._computeInputDepth(CausalityInterfaceForComposites.java:696)
	at ptolemy.actor.util.CausalityInterfaceForComposites._computeOutputPortDepth(CausalityInterfaceForComposites.java:765)
	at ptolemy.actor.util.CausalityInterfaceForComposites._computeInputDepth(CausalityInterfaceForComposites.java:696)
	at ptolemy.actor.util.CausalityInterfaceForComposites._computeOutputPortDepth(CausalityInterfaceForComposites.java:765)
	at ptolemy.actor.util.CausalityInterfaceForComposites._computeInputDepth(CausalityInterfaceForComposites.java:696)
	at ptolemy.actor.util.CausalityInterfaceForComposites._computeActorDepth(CausalityInterfaceForComposites.java:532)
	at ptolemy.actor.util.CausalityInterfaceForComposites.checkForCycles(CausalityInterfaceForComposites.java:96)
	at ptolemy.domains.de.kernel.DEDirector.preinitialize(DEDirector.java:1338)
	at ptolemy.actor.CompositeActor.preinitialize(CompositeActor.java:1828)
	at ptolemy.actor.Manager.preinitializeAndResolveTypes(Manager.java:1040)
	at ptolemy.actor.Manager.initialize(Manager.java:710)
	at ptolemy.actor.Manager.execute(Manager.java:356)
	at ptolemy.actor.Manager.run(Manager.java:1263)
	at ptolemy.actor.Manager$PtolemyRunThread.run(Manager.java:1933)
java.lang.reflect.InvocationTargetException
	at java.base/jdk.internal.reflect.NativeConstructorAccessorImpl.newInstance0(Native Method)
	at java.base/jdk.internal.reflect.NativeConstructorAccessorImpl.newInstance(NativeConstructorAccessorImpl.java:62)
	at java.base/jdk.internal.reflect.DelegatingConstructorAccessorImpl.newInstance(DelegatingConstructorAccessorImpl.java:45)
	at java.base/java.lang.reflect.Constructor.newInstance(Constructor.java:490)
	at ptolemy.util.test.junit.AutoKnownFailedTests.RunModel(AutoKnownFailedTests.java:105)
	at java.base/jdk.internal.reflect.NativeMethodAccessorImpl.invoke0(Native Method)
	at java.base/jdk.internal.reflect.NativeMethodAccessorImpl.invoke(NativeMethodAccessorImpl.java:62)
	at java.base/jdk.internal.reflect.DelegatingMethodAccessorImpl.invoke(DelegatingMethodAccessorImpl.java:43)
	at java.base/java.lang.reflect.Method.invoke(Method.java:566)
	at org.junit.runners.model.FrameworkMethod$1.runReflectiveCall(FrameworkMethod.java:44)
	at org.junit.internal.runners.model.ReflectiveCallable.run(ReflectiveCallable.java:15)
	at org.junit.runners.model.FrameworkMethod.invokeExplosively(FrameworkMethod.java:41)
	at junitparams.internal.InvokeParameterisedMethod.evaluate(InvokeParameterisedMethod.java:102)
	at org.junit.internal.runners.statements.FailOnTimeout$1.run(FailOnTimeout.java:28)
Caused by: ptolemy.kernel.util.IllegalActionException: Found a zero delay loop containing .dependencyLoop.original
  in .dependencyLoop and .dependencyLoop.original
	at ptolemy.actor.util.CausalityInterfaceForComposites._computeOutputPortDepth(CausalityInterfaceForComposites.java:759)
	at ptolemy.actor.util.CausalityInterfaceForComposites._computeInputDepth(CausalityInterfaceForComposites.java:696)
	at ptolemy.actor.util.CausalityInterfaceForComposites._computeOutputPortDepth(CausalityInterfaceForComposites.java:765)
	at ptolemy.actor.util.CausalityInterfaceForComposites._computeInputDepth(CausalityInterfaceForComposites.java:696)
	at ptolemy.actor.util.CausalityInterfaceForComposites._computeOutputPortDepth(CausalityInterfaceForComposites.java:765)
	at ptolemy.actor.util.CausalityInterfaceForComposites._computeInputDepth(CausalityInterfaceForComposites.java:696)
	at ptolemy.actor.util.CausalityInterfaceForComposites._computeActorDepth(CausalityInterfaceForComposites.java:532)
	at ptolemy.actor.util.CausalityInterfaceForComposites.checkForCycles(CausalityInterfaceForComposites.java:96)
	at ptolemy.domains.de.kernel.DEDirector.preinitialize(DEDirector.java:1338)
	at ptolemy.actor.CompositeActor.preinitialize(CompositeActor.java:1828)
	at ptolemy.actor.Manager.preinitializeAndResolveTypes(Manager.java:1040)
	at ptolemy.actor.Manager.initialize(Manager.java:710)
	at ptolemy.actor.Manager.execute(Manager.java:356)
	at ptolemy.actor.Manager.run(Manager.java:1263)
	at ptolemy.actor.Manager$PtolemyRunThread.run(Manager.java:1933)
java.lang.RuntimeException: Execution failed
	at ptolemy.moml.MoMLSimpleApplication$UnloadThread.run(MoMLSimpleApplication.java:402)
Caused by: ptolemy.kernel.util.IllegalActionException: Found a zero delay loop containing .dependencyLoop2.original
  in .dependencyLoop2 and .dependencyLoop2.original
	at ptolemy.actor.util.CausalityInterfaceForComposites._computeOutputPortDepth(CausalityInterfaceForComposites.java:759)
	at ptolemy.actor.util.CausalityInterfaceForComposites._computeInputDepth(CausalityInterfaceForComposites.java:696)
	at ptolemy.actor.util.CausalityInterfaceForComposites._computeOutputPortDepth(CausalityInterfaceForComposites.java:765)
	at ptolemy.actor.util.CausalityInterfaceForComposites._computeInputDepth(CausalityInterfaceForComposites.java:696)
	at ptolemy.actor.util.CausalityInterfaceForComposites._computeOutputPortDepth(CausalityInterfaceForComposites.java:765)
	at ptolemy.actor.util.CausalityInterfaceForComposites._computeInputDepth(CausalityInterfaceForComposites.java:696)
	at ptolemy.actor.util.CausalityInterfaceForComposites._computeActorDepth(CausalityInterfaceForComposites.java:532)
	at ptolemy.actor.util.CausalityInterfaceForComposites.checkForCycles(CausalityInterfaceForComposites.java:96)
	at ptolemy.domains.de.kernel.DEDirector.preinitialize(DEDirector.java:1338)
	at ptolemy.actor.CompositeActor.preinitialize(CompositeActor.java:1828)
	at ptolemy.actor.Manager.preinitializeAndResolveTypes(Manager.java:1040)
	at ptolemy.actor.Manager.initialize(Manager.java:710)
	at ptolemy.actor.Manager.execute(Manager.java:356)
	at ptolemy.actor.Manager.run(Manager.java:1263)
	at ptolemy.actor.Manager$PtolemyRunThread.run(Manager.java:1933)
java.lang.reflect.InvocationTargetException
	at java.base/jdk.internal.reflect.NativeConstructorAccessorImpl.newInstance0(Native Method)
	at java.base/jdk.internal.reflect.NativeConstructorAccessorImpl.newInstance(NativeConstructorAccessorImpl.java:62)
	at java.base/jdk.internal.reflect.DelegatingConstructorAccessorImpl.newInstance(DelegatingConstructorAccessorImpl.java:45)
	at java.base/java.lang.reflect.Constructor.newInstance(Constructor.java:490)
	at ptolemy.util.test.junit.AutoKnownFailedTests.RunModel(AutoKnownFailedTests.java:105)
	at java.base/jdk.internal.reflect.NativeMethodAccessorImpl.invoke0(Native Method)
	at java.base/jdk.internal.reflect.NativeMethodAccessorImpl.invoke(NativeMethodAccessorImpl.java:62)
	at java.base/jdk.internal.reflect.DelegatingMethodAccessorImpl.invoke(DelegatingMethodAccessorImpl.java:43)
	at java.base/java.lang.reflect.Method.invoke(Method.java:566)
	at org.junit.runners.model.FrameworkMethod$1.runReflectiveCall(FrameworkMethod.java:44)
	at org.junit.internal.runners.model.ReflectiveCallable.run(ReflectiveCallable.java:15)
	at org.junit.runners.model.FrameworkMethod.invokeExplosively(FrameworkMethod.java:41)
	at junitparams.internal.InvokeParameterisedMethod.evaluate(InvokeParameterisedMethod.java:102)
	at org.junit.internal.runners.statements.FailOnTimeout$1.run(FailOnTimeout.java:28)
Caused by: ptolemy.kernel.util.IllegalActionException: Found a zero delay loop containing .dependencyLoop2.original
  in .dependencyLoop2 and .dependencyLoop2.original
	at ptolemy.actor.util.CausalityInterfaceForComposites._computeOutputPortDepth(CausalityInterfaceForComposites.java:759)
	at ptolemy.actor.util.CausalityInterfaceForComposites._computeInputDepth(CausalityInterfaceForComposites.java:696)
	at ptolemy.actor.util.CausalityInterfaceForComposites._computeOutputPortDepth(CausalityInterfaceForComposites.java:765)
	at ptolemy.actor.util.CausalityInterfaceForComposites._computeInputDepth(CausalityInterfaceForComposites.java:696)
	at ptolemy.actor.util.CausalityInterfaceForComposites._computeOutputPortDepth(CausalityInterfaceForComposites.java:765)
	at ptolemy.actor.util.CausalityInterfaceForComposites._computeInputDepth(CausalityInterfaceForComposites.java:696)
	at ptolemy.actor.util.CausalityInterfaceForComposites._computeActorDepth(CausalityInterfaceForComposites.java:532)
	at ptolemy.actor.util.CausalityInterfaceForComposites.checkForCycles(CausalityInterfaceForComposites.java:96)
	at ptolemy.domains.de.kernel.DEDirector.preinitialize(DEDirector.java:1338)
	at ptolemy.actor.CompositeActor.preinitialize(CompositeActor.java:1828)
	at ptolemy.actor.Manager.preinitializeAndResolveTypes(Manager.java:1040)
	at ptolemy.actor.Manager.initialize(Manager.java:710)
	at ptolemy.actor.Manager.execute(Manager.java:356)
	at ptolemy.actor.Manager.run(Manager.java:1263)
	at ptolemy.actor.Manager$PtolemyRunThread.run(Manager.java:1933)
]]></system-err>
</testsuite>
