<?xml version="1.0" encoding="UTF-8" ?>
<testsuite errors="0" failures="0" hostname="travis-job-b8df4eb5-8ef6-452f-939b-21db51680e6d" name="ptolemy.actor.lib.hoc.test.junit.JUnitTclTest" skipped="0" tests="58" time="33.999" timestamp="2019-08-20T05:27:38">
  <properties>
[...]
</properties>
  <testcase classname="ptolemy.util.test.junit.TclTests" name="[0] /home/travis/build/icyphy/ptII/ptolemy/actor/lib/hoc/test/IterateOverArray.tcl (RunTclFile)" time="0.318" />
  <testcase classname="ptolemy.util.test.junit.AutoKnownFailedTests" name="[0] /home/travis/build/icyphy/ptII/ptolemy/actor/lib/hoc/test/auto/knownFailedTests/PreinitializeMustBeInvokedRunComposite.xml (RunModel)" time="0.421" />
  <testcase classname="ptolemy.util.test.junit.AutoNameArchTests" name="[0] ThereAreNoAutoArchTests (RunModel)" time="0.006" />
  <testcase classname="ptolemy.util.test.junit.AutoTests" name="[0] /home/travis/build/icyphy/ptII/ptolemy/actor/lib/hoc/test/auto/AllToAllMultiInstanceComposite.xml (RunModel)" time="0.577" />
  <testcase classname="ptolemy.util.test.junit.AutoTests" name="[1] /home/travis/build/icyphy/ptII/ptolemy/actor/lib/hoc/test/auto/ApplyFFTTest.xml (RunModel)" time="0.472" />
  <testcase classname="ptolemy.util.test.junit.AutoTests" name="[2] /home/travis/build/icyphy/ptII/ptolemy/actor/lib/hoc/test/auto/ApplyFunction.xml (RunModel)" time="0.055" />
  <testcase classname="ptolemy.util.test.junit.AutoTests" name="[3] /home/travis/build/icyphy/ptII/ptolemy/actor/lib/hoc/test/auto/BackgroundExecution.xml (RunModel)" time="0.752" />
  <testcase classname="ptolemy.util.test.junit.AutoTests" name="[4] /home/travis/build/icyphy/ptII/ptolemy/actor/lib/hoc/test/auto/Case.xml (RunModel)" time="0.082" />
  <testcase classname="ptolemy.util.test.junit.AutoTests" name="[5] /home/travis/build/icyphy/ptII/ptolemy/actor/lib/hoc/test/auto/Case1.xml (RunModel)" time="0.07" />
  <testcase classname="ptolemy.util.test.junit.AutoTests" name="[6] /home/travis/build/icyphy/ptII/ptolemy/actor/lib/hoc/test/auto/Case2.xml (RunModel)" time="0.13" />
  <testcase classname="ptolemy.util.test.junit.AutoTests" name="[7] /home/travis/build/icyphy/ptII/ptolemy/actor/lib/hoc/test/auto/Case3.xml (RunModel)" time="0.081" />
  <testcase classname="ptolemy.util.test.junit.AutoTests" name="[8] /home/travis/build/icyphy/ptII/ptolemy/actor/lib/hoc/test/auto/Case4.xml (RunModel)" time="0.077" />
  <testcase classname="ptolemy.util.test.junit.AutoTests" name="[9] /home/travis/build/icyphy/ptII/ptolemy/actor/lib/hoc/test/auto/Case5.xml (RunModel)" time="0.085" />
  <testcase classname="ptolemy.util.test.junit.AutoTests" name="[10] /home/travis/build/icyphy/ptII/ptolemy/actor/lib/hoc/test/auto/Case6.xml (RunModel)" time="0.1" />
  <testcase classname="ptolemy.util.test.junit.AutoTests" name="[11] /home/travis/build/icyphy/ptII/ptolemy/actor/lib/hoc/test/auto/CaseString2.xml (RunModel)" time="0.056" />
  <testcase classname="ptolemy.util.test.junit.AutoTests" name="[12] /home/travis/build/icyphy/ptII/ptolemy/actor/lib/hoc/test/auto/CatchUpComposite1.xml (RunModel)" time="0.088" />
  <testcase classname="ptolemy.util.test.junit.AutoTests" name="[13] /home/travis/build/icyphy/ptII/ptolemy/actor/lib/hoc/test/auto/CatchUpComposite2.xml (RunModel)" time="0.06" />
  <testcase classname="ptolemy.util.test.junit.AutoTests" name="[14] /home/travis/build/icyphy/ptII/ptolemy/actor/lib/hoc/test/auto/CatchUpComposite3.xml (RunModel)" time="0.064" />
  <testcase classname="ptolemy.util.test.junit.AutoTests" name="[15] /home/travis/build/icyphy/ptII/ptolemy/actor/lib/hoc/test/auto/CatchUpComposite4.xml (RunModel)" time="0.063" />
  <testcase classname="ptolemy.util.test.junit.AutoTests" name="[16] /home/travis/build/icyphy/ptII/ptolemy/actor/lib/hoc/test/auto/CatchUpComposite5.xml (RunModel)" time="0.053" />
  <testcase classname="ptolemy.util.test.junit.AutoTests" name="[17] /home/travis/build/icyphy/ptII/ptolemy/actor/lib/hoc/test/auto/CatchUpComposite6.xml (RunModel)" time="0.175" />
  <testcase classname="ptolemy.util.test.junit.AutoTests" name="[18] /home/travis/build/icyphy/ptII/ptolemy/actor/lib/hoc/test/auto/CatchUpComposite7.xml (RunModel)" time="0.11" />
  <testcase classname="ptolemy.util.test.junit.AutoTests" name="[19] /home/travis/build/icyphy/ptII/ptolemy/actor/lib/hoc/test/auto/ConcurrentExecutionTimeSDF.xml (RunModel)" time="1.233" />
  <testcase classname="ptolemy.util.test.junit.AutoTests" name="[20] /home/travis/build/icyphy/ptII/ptolemy/actor/lib/hoc/test/auto/ConcurrentSleep.xml (RunModel)" time="0.778" />
  <testcase classname="ptolemy.util.test.junit.AutoTests" name="[21] /home/travis/build/icyphy/ptII/ptolemy/actor/lib/hoc/test/auto/DEInPNInRunCompositeActor.xml (RunModel)" time="0.04" />
  <testcase classname="ptolemy.util.test.junit.AutoTests" name="[22] /home/travis/build/icyphy/ptII/ptolemy/actor/lib/hoc/test/auto/DFTSubSetTest.xml (RunModel)" time="0.35" />
  <testcase classname="ptolemy.util.test.junit.AutoTests" name="[23] /home/travis/build/icyphy/ptII/ptolemy/actor/lib/hoc/test/auto/HocDE.xml (RunModel)" time="0.202" />
  <testcase classname="ptolemy.util.test.junit.AutoTests" name="[24] /home/travis/build/icyphy/ptII/ptolemy/actor/lib/hoc/test/auto/IterateOverArray.xml (RunModel)" time="0.049" />
  <testcase classname="ptolemy.util.test.junit.AutoTests" name="[25] /home/travis/build/icyphy/ptII/ptolemy/actor/lib/hoc/test/auto/IterateOverArray10.xml (RunModel)" time="0.023" />
  <testcase classname="ptolemy.util.test.junit.AutoTests" name="[26] /home/travis/build/icyphy/ptII/ptolemy/actor/lib/hoc/test/auto/IterateOverArray11.xml (RunModel)" time="0.032" />
  <testcase classname="ptolemy.util.test.junit.AutoTests" name="[27] /home/travis/build/icyphy/ptII/ptolemy/actor/lib/hoc/test/auto/IterateOverArray12.xml (RunModel)" time="0.046" />
  <testcase classname="ptolemy.util.test.junit.AutoTests" name="[28] /home/travis/build/icyphy/ptII/ptolemy/actor/lib/hoc/test/auto/IterateOverArray13.xml (RunModel)" time="0.177" />
  <testcase classname="ptolemy.util.test.junit.AutoTests" name="[29] /home/travis/build/icyphy/ptII/ptolemy/actor/lib/hoc/test/auto/IterateOverArray14.xml (RunModel)" time="0.185" />
  <testcase classname="ptolemy.util.test.junit.AutoTests" name="[30] /home/travis/build/icyphy/ptII/ptolemy/actor/lib/hoc/test/auto/IterateOverArray2.xml (RunModel)" time="0.037" />
  <testcase classname="ptolemy.util.test.junit.AutoTests" name="[31] /home/travis/build/icyphy/ptII/ptolemy/actor/lib/hoc/test/auto/IterateOverArray3.xml (RunModel)" time="0.042" />
  <testcase classname="ptolemy.util.test.junit.AutoTests" name="[32] /home/travis/build/icyphy/ptII/ptolemy/actor/lib/hoc/test/auto/IterateOverArray4.xml (RunModel)" time="0.031" />
  <testcase classname="ptolemy.util.test.junit.AutoTests" name="[33] /home/travis/build/icyphy/ptII/ptolemy/actor/lib/hoc/test/auto/IterateOverArray5.xml (RunModel)" time="0.029" />
  <testcase classname="ptolemy.util.test.junit.AutoTests" name="[34] /home/travis/build/icyphy/ptII/ptolemy/actor/lib/hoc/test/auto/IterateOverArray6.xml (RunModel)" time="0.017" />
  <testcase classname="ptolemy.util.test.junit.AutoTests" name="[35] /home/travis/build/icyphy/ptII/ptolemy/actor/lib/hoc/test/auto/IterateOverArray7.xml (RunModel)" time="0.026" />
  <testcase classname="ptolemy.util.test.junit.AutoTests" name="[36] /home/travis/build/icyphy/ptII/ptolemy/actor/lib/hoc/test/auto/IterateOverArray8.xml (RunModel)" time="0.024" />
  <testcase classname="ptolemy.util.test.junit.AutoTests" name="[37] /home/travis/build/icyphy/ptII/ptolemy/actor/lib/hoc/test/auto/IterateOverArray9.xml (RunModel)" time="0.03" />
  <testcase classname="ptolemy.util.test.junit.AutoTests" name="[38] /home/travis/build/icyphy/ptII/ptolemy/actor/lib/hoc/test/auto/IterateOverArrayCoercedOutputType.xml (RunModel)" time="0.038" />
  <testcase classname="ptolemy.util.test.junit.AutoTests" name="[39] /home/travis/build/icyphy/ptII/ptolemy/actor/lib/hoc/test/auto/IterateOverArrayInferredOutputType.xml (RunModel)" time="0.027" />
  <testcase classname="ptolemy.util.test.junit.AutoTests" name="[40] /home/travis/build/icyphy/ptII/ptolemy/actor/lib/hoc/test/auto/MobileFunctionTest.xml (RunModel)" time="0.025" />
  <testcase classname="ptolemy.util.test.junit.AutoTests" name="[41] /home/travis/build/icyphy/ptII/ptolemy/actor/lib/hoc/test/auto/MobileModelTest.xml (RunModel)" time="0.193" />
  <testcase classname="ptolemy.util.test.junit.AutoTests" name="[42] /home/travis/build/icyphy/ptII/ptolemy/actor/lib/hoc/test/auto/ModelReference.xml (RunModel)" time="0.093" />
  <testcase classname="ptolemy.util.test.junit.AutoTests" name="[43] /home/travis/build/icyphy/ptII/ptolemy/actor/lib/hoc/test/auto/ModelReference3.xml (RunModel)" time="0.049" />
  <testcase classname="ptolemy.util.test.junit.AutoTests" name="[44] /home/travis/build/icyphy/ptII/ptolemy/actor/lib/hoc/test/auto/ModelReference4.xml (RunModel)" time="10.031" />
  <testcase classname="ptolemy.util.test.junit.AutoTests" name="[45] /home/travis/build/icyphy/ptII/ptolemy/actor/lib/hoc/test/auto/MultiInstanceComposite.xml (RunModel)" time="0.059" />
  <testcase classname="ptolemy.util.test.junit.AutoTests" name="[46] /home/travis/build/icyphy/ptII/ptolemy/actor/lib/hoc/test/auto/MultiInstanceComposite2.xml (RunModel)" time="0.045" />
  <testcase classname="ptolemy.util.test.junit.AutoTests" name="[47] /home/travis/build/icyphy/ptII/ptolemy/actor/lib/hoc/test/auto/MulticoreExecution.xml (RunModel)" time="1.148" />
  <testcase classname="ptolemy.util.test.junit.AutoTests" name="[48] /home/travis/build/icyphy/ptII/ptolemy/actor/lib/hoc/test/auto/ParallelExecution.xml (RunModel)" time="0.938" />
  <testcase classname="ptolemy.util.test.junit.AutoTests" name="[49] /home/travis/build/icyphy/ptII/ptolemy/actor/lib/hoc/test/auto/RunCompositeActor.xml (RunModel)" time="0.039" />
  <testcase classname="ptolemy.util.test.junit.AutoTests" name="[50] /home/travis/build/icyphy/ptII/ptolemy/actor/lib/hoc/test/auto/RunCompositeActor2.xml (RunModel)" time="0.026" />
  <testcase classname="ptolemy.util.test.junit.AutoTests" name="[51] /home/travis/build/icyphy/ptII/ptolemy/actor/lib/hoc/test/auto/RunCompositeActor3.xml (RunModel)" time="0.02" />
  <testcase classname="ptolemy.util.test.junit.AutoTests" name="[52] /home/travis/build/icyphy/ptII/ptolemy/actor/lib/hoc/test/auto/RunCompositeActor4.xml (RunModel)" time="0.03" />
  <testcase classname="ptolemy.util.test.junit.AutoTests" name="[53] /home/travis/build/icyphy/ptII/ptolemy/actor/lib/hoc/test/auto/RunCompositeIterateOverArray.xml (RunModel)" time="0.025" />
  <testcase classname="ptolemy.util.test.junit.AutoTests" name="[54] /home/travis/build/icyphy/ptII/ptolemy/actor/lib/hoc/test/auto/ThreadedJS.xml (RunModel)" time="13.256" />
  <system-out><![CDATA[/home/travis/build/icyphy/ptII/ptolemy/actor/lib/hoc/test/IterateOverArray.tcl
testDefs.tcl: setting time out to 9000 seconds at Tue Aug 20 05:27:39 UTC 2019
08/20/19 05:27:39
Failed: 0  Total Tests: 2  ((Passed: 2, Newly Passed: 0)  Known Failed: 0) /home/travis/build/icyphy/ptII/ptolemy/actor/lib/hoc/test
----------------- testing (KnownFailure) /home/travis/build/icyphy/ptII/ptolemy/actor/lib/hoc/test/auto/knownFailedTests/PreinitializeMustBeInvokedRunComposite.xml
107 ms. Memory: 120832K Free: 79811K (66%)
Known Failure: java.lang.reflect.InvocationTargetException
No auto/linux-amd64/*.xml tests in /home/travis/build/icyphy/ptII/ptolemy/actor/lib/hoc/test
AutoTests.java: About to close Vertx.
AutoTests.java: Vertx closed.

===========================================================================================
----------------- testing Tue Aug 20 05:27:40 UTC 2019 /home/travis/build/icyphy/ptII/ptolemy/actor/lib/hoc/test/auto/AllToAllMultiInstanceComposite.xml
----------------- Instantiating /home/travis/build/icyphy/ptII/ptolemy/actor/lib/hoc/test/auto/AllToAllMultiInstanceComposite.xml
260 ms. Memory: 120832K Free: 96287K (80%)
----------------- Invoking toplevel() on ptolemy.moml.MoMLSimpleApplication@3a362bf9
----------------- Done invoking toplevel() on ptolemy.moml.MoMLSimpleApplication@3a362bf9
reloadAllAccessors: .AllToAllMultiInstanceComposite

===========================================================================================
----------------- testing Tue Aug 20 05:27:40 UTC 2019 /home/travis/build/icyphy/ptII/ptolemy/actor/lib/hoc/test/auto/ApplyFFTTest.xml
----------------- Instantiating /home/travis/build/icyphy/ptII/ptolemy/actor/lib/hoc/test/auto/ApplyFFTTest.xml
193 ms. Memory: 120832K Free: 103732K (86%)
----------------- Invoking toplevel() on ptolemy.moml.MoMLSimpleApplication@d22e4c2
----------------- Done invoking toplevel() on ptolemy.moml.MoMLSimpleApplication@d22e4c2
reloadAllAccessors: .ApplyFFTTest

===========================================================================================
----------------- testing Tue Aug 20 05:27:41 UTC 2019 /home/travis/build/icyphy/ptII/ptolemy/actor/lib/hoc/test/auto/ApplyFunction.xml
----------------- Instantiating /home/travis/build/icyphy/ptII/ptolemy/actor/lib/hoc/test/auto/ApplyFunction.xml
8 ms. Memory: 120832K Free: 100259K (83%)
----------------- Invoking toplevel() on ptolemy.moml.MoMLSimpleApplication@77467360
----------------- Done invoking toplevel() on ptolemy.moml.MoMLSimpleApplication@77467360
reloadAllAccessors: .ApplyFunction

===========================================================================================
----------------- testing Tue Aug 20 05:27:41 UTC 2019 /home/travis/build/icyphy/ptII/ptolemy/actor/lib/hoc/test/auto/BackgroundExecution.xml
----------------- Instantiating /home/travis/build/icyphy/ptII/ptolemy/actor/lib/hoc/test/auto/BackgroundExecution.xml
637 ms. Memory: 120832K Free: 93088K (77%)
----------------- Invoking toplevel() on ptolemy.moml.MoMLSimpleApplication@53b60b3
----------------- Done invoking toplevel() on ptolemy.moml.MoMLSimpleApplication@53b60b3
reloadAllAccessors: .BackgroundExecution

===========================================================================================
----------------- testing Tue Aug 20 05:27:42 UTC 2019 /home/travis/build/icyphy/ptII/ptolemy/actor/lib/hoc/test/auto/Case.xml
----------------- Instantiating /home/travis/build/icyphy/ptII/ptolemy/actor/lib/hoc/test/auto/Case.xml
38 ms. Memory: 120832K Free: 85867K (71%)
----------------- Invoking toplevel() on ptolemy.moml.MoMLSimpleApplication@23da77c1
----------------- Done invoking toplevel() on ptolemy.moml.MoMLSimpleApplication@23da77c1
reloadAllAccessors: .Case

===========================================================================================
----------------- testing Tue Aug 20 05:27:42 UTC 2019 /home/travis/build/icyphy/ptII/ptolemy/actor/lib/hoc/test/auto/Case1.xml
----------------- Instantiating /home/travis/build/icyphy/ptII/ptolemy/actor/lib/hoc/test/auto/Case1.xml
19 ms. Memory: 120832K Free: 79394K (66%)
----------------- Invoking toplevel() on ptolemy.moml.MoMLSimpleApplication@44fc38be
----------------- Done invoking toplevel() on ptolemy.moml.MoMLSimpleApplication@44fc38be
reloadAllAccessors: .Case1

===========================================================================================
----------------- testing Tue Aug 20 05:27:42 UTC 2019 /home/travis/build/icyphy/ptII/ptolemy/actor/lib/hoc/test/auto/Case2.xml
----------------- Instantiating /home/travis/build/icyphy/ptII/ptolemy/actor/lib/hoc/test/auto/Case2.xml
52 ms. Memory: 120832K Free: 69393K (57%)
----------------- Invoking toplevel() on ptolemy.moml.MoMLSimpleApplication@4ab36913
----------------- Done invoking toplevel() on ptolemy.moml.MoMLSimpleApplication@4ab36913
reloadAllAccessors: .Case2

===========================================================================================
----------------- testing Tue Aug 20 05:27:42 UTC 2019 /home/travis/build/icyphy/ptII/ptolemy/actor/lib/hoc/test/auto/Case3.xml
----------------- Instantiating /home/travis/build/icyphy/ptII/ptolemy/actor/lib/hoc/test/auto/Case3.xml
14 ms. Memory: 120832K Free: 101651K (84%)
----------------- Invoking toplevel() on ptolemy.moml.MoMLSimpleApplication@7dfdd7
----------------- Done invoking toplevel() on ptolemy.moml.MoMLSimpleApplication@7dfdd7
reloadAllAccessors: .Case3

===========================================================================================
----------------- testing Tue Aug 20 05:27:42 UTC 2019 /home/travis/build/icyphy/ptII/ptolemy/actor/lib/hoc/test/auto/Case4.xml
----------------- Instantiating /home/travis/build/icyphy/ptII/ptolemy/actor/lib/hoc/test/auto/Case4.xml
26 ms. Memory: 120832K Free: 93751K (78%)
----------------- Invoking toplevel() on ptolemy.moml.MoMLSimpleApplication@3cbbef3a
----------------- Done invoking toplevel() on ptolemy.moml.MoMLSimpleApplication@3cbbef3a
reloadAllAccessors: .Case4

===========================================================================================
----------------- testing Tue Aug 20 05:27:42 UTC 2019 /home/travis/build/icyphy/ptII/ptolemy/actor/lib/hoc/test/auto/Case5.xml
----------------- Instantiating /home/travis/build/icyphy/ptII/ptolemy/actor/lib/hoc/test/auto/Case5.xml
50 ms. Memory: 120832K Free: 87035K (72%)
----------------- Invoking toplevel() on ptolemy.moml.MoMLSimpleApplication@5de6eaea
----------------- Done invoking toplevel() on ptolemy.moml.MoMLSimpleApplication@5de6eaea
reloadAllAccessors: .junk

===========================================================================================
----------------- testing Tue Aug 20 05:27:42 UTC 2019 /home/travis/build/icyphy/ptII/ptolemy/actor/lib/hoc/test/auto/Case6.xml
----------------- Instantiating /home/travis/build/icyphy/ptII/ptolemy/actor/lib/hoc/test/auto/Case6.xml
41 ms. Memory: 120832K Free: 75771K (63%)
----------------- Invoking toplevel() on ptolemy.moml.MoMLSimpleApplication@2b520bb
----------------- Done invoking toplevel() on ptolemy.moml.MoMLSimpleApplication@2b520bb
reloadAllAccessors: .Case6

===========================================================================================
----------------- testing Tue Aug 20 05:27:42 UTC 2019 /home/travis/build/icyphy/ptII/ptolemy/actor/lib/hoc/test/auto/CaseString2.xml
----------------- Instantiating /home/travis/build/icyphy/ptII/ptolemy/actor/lib/hoc/test/auto/CaseString2.xml
15 ms. Memory: 120832K Free: 67867K (56%)
----------------- Invoking toplevel() on ptolemy.moml.MoMLSimpleApplication@1d7cfdeb
----------------- Done invoking toplevel() on ptolemy.moml.MoMLSimpleApplication@1d7cfdeb
reloadAllAccessors: .CaseString2

===========================================================================================
----------------- testing Tue Aug 20 05:27:42 UTC 2019 /home/travis/build/icyphy/ptII/ptolemy/actor/lib/hoc/test/auto/CatchUpComposite1.xml
----------------- Instantiating /home/travis/build/icyphy/ptII/ptolemy/actor/lib/hoc/test/auto/CatchUpComposite1.xml
32 ms. Memory: 120832K Free: 59037K (49%)
----------------- Invoking toplevel() on ptolemy.moml.MoMLSimpleApplication@1131767
----------------- Done invoking toplevel() on ptolemy.moml.MoMLSimpleApplication@1131767
reloadAllAccessors: .CatchUpComposite1

===========================================================================================
----------------- testing Tue Aug 20 05:27:42 UTC 2019 /home/travis/build/icyphy/ptII/ptolemy/actor/lib/hoc/test/auto/CatchUpComposite2.xml
----------------- Instantiating /home/travis/build/icyphy/ptII/ptolemy/actor/lib/hoc/test/auto/CatchUpComposite2.xml
12 ms. Memory: 120832K Free: 102760K (85%)
----------------- Invoking toplevel() on ptolemy.moml.MoMLSimpleApplication@9feae29
----------------- Done invoking toplevel() on ptolemy.moml.MoMLSimpleApplication@9feae29
reloadAllAccessors: .CatchUpComposite2

===========================================================================================
----------------- testing Tue Aug 20 05:27:42 UTC 2019 /home/travis/build/icyphy/ptII/ptolemy/actor/lib/hoc/test/auto/CatchUpComposite3.xml
----------------- Instantiating /home/travis/build/icyphy/ptII/ptolemy/actor/lib/hoc/test/auto/CatchUpComposite3.xml
27 ms. Memory: 120832K Free: 94192K (78%)
----------------- Invoking toplevel() on ptolemy.moml.MoMLSimpleApplication@70da16d8
----------------- Done invoking toplevel() on ptolemy.moml.MoMLSimpleApplication@70da16d8
reloadAllAccessors: .CatchUpComposite3

===========================================================================================
----------------- testing Tue Aug 20 05:27:42 UTC 2019 /home/travis/build/icyphy/ptII/ptolemy/actor/lib/hoc/test/auto/CatchUpComposite4.xml
----------------- Instantiating /home/travis/build/icyphy/ptII/ptolemy/actor/lib/hoc/test/auto/CatchUpComposite4.xml
16 ms. Memory: 120832K Free: 86346K (71%)
----------------- Invoking toplevel() on ptolemy.moml.MoMLSimpleApplication@76cb94c0
----------------- Done invoking toplevel() on ptolemy.moml.MoMLSimpleApplication@76cb94c0
reloadAllAccessors: .CatchUpComposite4

===========================================================================================
----------------- testing Tue Aug 20 05:27:43 UTC 2019 /home/travis/build/icyphy/ptII/ptolemy/actor/lib/hoc/test/auto/CatchUpComposite5.xml
----------------- Instantiating /home/travis/build/icyphy/ptII/ptolemy/actor/lib/hoc/test/auto/CatchUpComposite5.xml
17 ms. Memory: 120832K Free: 78803K (65%)
----------------- Invoking toplevel() on ptolemy.moml.MoMLSimpleApplication@18efe49d
----------------- Done invoking toplevel() on ptolemy.moml.MoMLSimpleApplication@18efe49d
reloadAllAccessors: .CatchUpComposite5

===========================================================================================
----------------- testing Tue Aug 20 05:27:43 UTC 2019 /home/travis/build/icyphy/ptII/ptolemy/actor/lib/hoc/test/auto/CatchUpComposite6.xml
----------------- Instantiating /home/travis/build/icyphy/ptII/ptolemy/actor/lib/hoc/test/auto/CatchUpComposite6.xml
WARNING: The execution aspects in this model can influence the timing of actors by delaying the 
execution, potentially changing the behavior. There is no guarantee that actors fire at the 
time they request to be fired. 
Use Ptides for deterministic DE behavior that is not influenced by execution aspects. 

94 ms. Memory: 120832K Free: 63856K (53%)
----------------- Invoking toplevel() on ptolemy.moml.MoMLSimpleApplication@5cdb091d
----------------- Done invoking toplevel() on ptolemy.moml.MoMLSimpleApplication@5cdb091d
reloadAllAccessors: .CatchUpComposite6

===========================================================================================
----------------- testing Tue Aug 20 05:27:43 UTC 2019 /home/travis/build/icyphy/ptII/ptolemy/actor/lib/hoc/test/auto/CatchUpComposite7.xml
----------------- Instantiating /home/travis/build/icyphy/ptII/ptolemy/actor/lib/hoc/test/auto/CatchUpComposite7.xml
WARNING: The execution aspects in this model can influence the timing of actors by delaying the 
execution, potentially changing the behavior. There is no guarantee that actors fire at the 
time they request to be fired. 
Use Ptides for deterministic DE behavior that is not influenced by execution aspects. 

54 ms. Memory: 162816K Free: 148432K (91%)
----------------- Invoking toplevel() on ptolemy.moml.MoMLSimpleApplication@5e788669
----------------- Done invoking toplevel() on ptolemy.moml.MoMLSimpleApplication@5e788669
reloadAllAccessors: .CatchUpComposite7

===========================================================================================
----------------- testing Tue Aug 20 05:27:43 UTC 2019 /home/travis/build/icyphy/ptII/ptolemy/actor/lib/hoc/test/auto/ConcurrentExecutionTimeSDF.xml
----------------- Instantiating /home/travis/build/icyphy/ptII/ptolemy/actor/lib/hoc/test/auto/ConcurrentExecutionTimeSDF.xml
Fired ExecutionTime: 40400000
Fired ExecutionTime: 40400000
Fired ExecutionTime: 40400000
Fired ExecutionTime: 40400000
Fired ExecutionTime: 40400000
Fired ExecutionTime: 40400000
Fired ExecutionTime: 40400000
Fired ExecutionTime: 40400000
Fired ExecutionTime: 40400000
Fired ExecutionTime: 40400000
Fired ExecutionTime: 40400000
Fired ExecutionTime: 40400000
Fired ExecutionTime: 40400000
Fired ExecutionTime: 40400000
Fired ExecutionTime: 40400000
Fired ExecutionTime: 40400000
Fired ExecutionTime: 40400000
Fired ExecutionTime: 40400000
Fired ExecutionTime: 40400000
Fired ExecutionTime: 40400000
1204 ms. Memory: 162816K Free: 141100K (87%)
----------------- Invoking toplevel() on ptolemy.moml.MoMLSimpleApplication@309dc37a
----------------- Done invoking toplevel() on ptolemy.moml.MoMLSimpleApplication@309dc37a
reloadAllAccessors: .ConcurrentExecutionTimeSDF

===========================================================================================
----------------- testing Tue Aug 20 05:27:44 UTC 2019 /home/travis/build/icyphy/ptII/ptolemy/actor/lib/hoc/test/auto/ConcurrentSleep.xml
----------------- Instantiating /home/travis/build/icyphy/ptII/ptolemy/actor/lib/hoc/test/auto/ConcurrentSleep.xml
731 ms. Memory: 162816K Free: 130759K (80%)
----------------- Invoking toplevel() on ptolemy.moml.MoMLSimpleApplication@16eadc88
----------------- Done invoking toplevel() on ptolemy.moml.MoMLSimpleApplication@16eadc88
reloadAllAccessors: .ConcurrentSleep

===========================================================================================
----------------- testing Tue Aug 20 05:27:45 UTC 2019 /home/travis/build/icyphy/ptII/ptolemy/actor/lib/hoc/test/auto/DEInPNInRunCompositeActor.xml
----------------- Instantiating /home/travis/build/icyphy/ptII/ptolemy/actor/lib/hoc/test/auto/DEInPNInRunCompositeActor.xml
15 ms. Memory: 162816K Free: 125639K (77%)
----------------- Invoking toplevel() on ptolemy.moml.MoMLSimpleApplication@4a91410f
----------------- Done invoking toplevel() on ptolemy.moml.MoMLSimpleApplication@4a91410f
reloadAllAccessors: .DEInPNInRunCompositeActor

===========================================================================================
----------------- testing Tue Aug 20 05:27:45 UTC 2019 /home/travis/build/icyphy/ptII/ptolemy/actor/lib/hoc/test/auto/DFTSubSetTest.xml
----------------- Instantiating /home/travis/build/icyphy/ptII/ptolemy/actor/lib/hoc/test/auto/DFTSubSetTest.xml
206 ms. Memory: 162816K Free: 82732K (51%)
----------------- Invoking toplevel() on ptolemy.moml.MoMLSimpleApplication@320954a0
----------------- Done invoking toplevel() on ptolemy.moml.MoMLSimpleApplication@320954a0
reloadAllAccessors: .DFTSubSetTest

===========================================================================================
----------------- testing Tue Aug 20 05:27:45 UTC 2019 /home/travis/build/icyphy/ptII/ptolemy/actor/lib/hoc/test/auto/HocDE.xml
----------------- Instantiating /home/travis/build/icyphy/ptII/ptolemy/actor/lib/hoc/test/auto/HocDE.xml
150 ms. Memory: 162816K Free: 57132K (35%)
----------------- Invoking toplevel() on ptolemy.moml.MoMLSimpleApplication@41cbed62
----------------- Done invoking toplevel() on ptolemy.moml.MoMLSimpleApplication@41cbed62
reloadAllAccessors: .HocDE

===========================================================================================
----------------- testing Tue Aug 20 05:27:45 UTC 2019 /home/travis/build/icyphy/ptII/ptolemy/actor/lib/hoc/test/auto/IterateOverArray.xml
----------------- Instantiating /home/travis/build/icyphy/ptII/ptolemy/actor/lib/hoc/test/auto/IterateOverArray.xml
7 ms. Memory: 162816K Free: 145167K (89%)
----------------- Invoking toplevel() on ptolemy.moml.MoMLSimpleApplication@75f35030
----------------- Done invoking toplevel() on ptolemy.moml.MoMLSimpleApplication@75f35030
reloadAllAccessors: .IterateOverArray

===========================================================================================
----------------- testing Tue Aug 20 05:27:46 UTC 2019 /home/travis/build/icyphy/ptII/ptolemy/actor/lib/hoc/test/auto/IterateOverArray10.xml
----------------- Instantiating /home/travis/build/icyphy/ptII/ptolemy/actor/lib/hoc/test/auto/IterateOverArray10.xml
6 ms. Memory: 162816K Free: 141581K (87%)
----------------- Invoking toplevel() on ptolemy.moml.MoMLSimpleApplication@53f75415
----------------- Done invoking toplevel() on ptolemy.moml.MoMLSimpleApplication@53f75415
reloadAllAccessors: .IterateOverArray10

===========================================================================================
----------------- testing Tue Aug 20 05:27:46 UTC 2019 /home/travis/build/icyphy/ptII/ptolemy/actor/lib/hoc/test/auto/IterateOverArray11.xml
----------------- Instantiating /home/travis/build/icyphy/ptII/ptolemy/actor/lib/hoc/test/auto/IterateOverArray11.xml
10 ms. Memory: 162816K Free: 137438K (84%)
----------------- Invoking toplevel() on ptolemy.moml.MoMLSimpleApplication@6d3536c5
----------------- Done invoking toplevel() on ptolemy.moml.MoMLSimpleApplication@6d3536c5
reloadAllAccessors: .IterateOverArray11

===========================================================================================
----------------- testing Tue Aug 20 05:27:46 UTC 2019 /home/travis/build/icyphy/ptII/ptolemy/actor/lib/hoc/test/auto/IterateOverArray12.xml
----------------- Instantiating /home/travis/build/icyphy/ptII/ptolemy/actor/lib/hoc/test/auto/IterateOverArray12.xml
19 ms. Memory: 162816K Free: 131341K (81%)
----------------- Invoking toplevel() on ptolemy.moml.MoMLSimpleApplication@4478f4f4
----------------- Done invoking toplevel() on ptolemy.moml.MoMLSimpleApplication@4478f4f4
reloadAllAccessors: .IterateOverArray12

===========================================================================================
----------------- testing Tue Aug 20 05:27:46 UTC 2019 /home/travis/build/icyphy/ptII/ptolemy/actor/lib/hoc/test/auto/IterateOverArray13.xml
----------------- Instantiating /home/travis/build/icyphy/ptII/ptolemy/actor/lib/hoc/test/auto/IterateOverArray13.xml
79 ms. Memory: 162816K Free: 102159K (63%)
----------------- Invoking toplevel() on ptolemy.moml.MoMLSimpleApplication@7d80ce07
----------------- Done invoking toplevel() on ptolemy.moml.MoMLSimpleApplication@7d80ce07
reloadAllAccessors: .IterateOverArray13

===========================================================================================
----------------- testing Tue Aug 20 05:27:46 UTC 2019 /home/travis/build/icyphy/ptII/ptolemy/actor/lib/hoc/test/auto/IterateOverArray14.xml
----------------- Instantiating /home/travis/build/icyphy/ptII/ptolemy/actor/lib/hoc/test/auto/IterateOverArray14.xml
92 ms. Memory: 162816K Free: 69901K (43%)
----------------- Invoking toplevel() on ptolemy.moml.MoMLSimpleApplication@4b72b945
----------------- Done invoking toplevel() on ptolemy.moml.MoMLSimpleApplication@4b72b945
reloadAllAccessors: .IterateOverArray14

===========================================================================================
----------------- testing Tue Aug 20 05:27:46 UTC 2019 /home/travis/build/icyphy/ptII/ptolemy/actor/lib/hoc/test/auto/IterateOverArray2.xml
----------------- Instantiating /home/travis/build/icyphy/ptII/ptolemy/actor/lib/hoc/test/auto/IterateOverArray2.xml
10 ms. Memory: 162816K Free: 65295K (40%)
----------------- Invoking toplevel() on ptolemy.moml.MoMLSimpleApplication@64b444a3
----------------- Done invoking toplevel() on ptolemy.moml.MoMLSimpleApplication@64b444a3
reloadAllAccessors: .IterateOverArray2

===========================================================================================
----------------- testing Tue Aug 20 05:27:46 UTC 2019 /home/travis/build/icyphy/ptII/ptolemy/actor/lib/hoc/test/auto/IterateOverArray3.xml
----------------- Instantiating /home/travis/build/icyphy/ptII/ptolemy/actor/lib/hoc/test/auto/IterateOverArray3.xml
12 ms. Memory: 162816K Free: 59151K (36%)
----------------- Invoking toplevel() on ptolemy.moml.MoMLSimpleApplication@3994460c
----------------- Done invoking toplevel() on ptolemy.moml.MoMLSimpleApplication@3994460c
reloadAllAccessors: .IterateOverArray3

===========================================================================================
----------------- testing Tue Aug 20 05:27:46 UTC 2019 /home/travis/build/icyphy/ptII/ptolemy/actor/lib/hoc/test/auto/IterateOverArray4.xml
----------------- Instantiating /home/travis/build/icyphy/ptII/ptolemy/actor/lib/hoc/test/auto/IterateOverArray4.xml
5 ms. Memory: 162816K Free: 55055K (34%)
----------------- Invoking toplevel() on ptolemy.moml.MoMLSimpleApplication@6518e374
----------------- Done invoking toplevel() on ptolemy.moml.MoMLSimpleApplication@6518e374
reloadAllAccessors: .IterateOverArray4

===========================================================================================
----------------- testing Tue Aug 20 05:27:46 UTC 2019 /home/travis/build/icyphy/ptII/ptolemy/actor/lib/hoc/test/auto/IterateOverArray5.xml
----------------- Instantiating /home/travis/build/icyphy/ptII/ptolemy/actor/lib/hoc/test/auto/IterateOverArray5.xml
4 ms. Memory: 162816K Free: 145986K (90%)
----------------- Invoking toplevel() on ptolemy.moml.MoMLSimpleApplication@564339e4
----------------- Done invoking toplevel() on ptolemy.moml.MoMLSimpleApplication@564339e4
reloadAllAccessors: .IterateOverArray5

===========================================================================================
----------------- testing Tue Aug 20 05:27:46 UTC 2019 /home/travis/build/icyphy/ptII/ptolemy/actor/lib/hoc/test/auto/IterateOverArray6.xml
----------------- Instantiating /home/travis/build/icyphy/ptII/ptolemy/actor/lib/hoc/test/auto/IterateOverArray6.xml
3 ms. Memory: 162816K Free: 142400K (87%)
----------------- Invoking toplevel() on ptolemy.moml.MoMLSimpleApplication@5f2fac0a
----------------- Done invoking toplevel() on ptolemy.moml.MoMLSimpleApplication@5f2fac0a
reloadAllAccessors: .IterateOverArray6

===========================================================================================
----------------- testing Tue Aug 20 05:27:46 UTC 2019 /home/travis/build/icyphy/ptII/ptolemy/actor/lib/hoc/test/auto/IterateOverArray7.xml
----------------- Instantiating /home/travis/build/icyphy/ptII/ptolemy/actor/lib/hoc/test/auto/IterateOverArray7.xml
5 ms. Memory: 162816K Free: 137794K (85%)
----------------- Invoking toplevel() on ptolemy.moml.MoMLSimpleApplication@30692475
----------------- Done invoking toplevel() on ptolemy.moml.MoMLSimpleApplication@30692475
reloadAllAccessors: .IterateOverArray7

===========================================================================================
----------------- testing Tue Aug 20 05:27:46 UTC 2019 /home/travis/build/icyphy/ptII/ptolemy/actor/lib/hoc/test/auto/IterateOverArray8.xml
----------------- Instantiating /home/travis/build/icyphy/ptII/ptolemy/actor/lib/hoc/test/auto/IterateOverArray8.xml
5 ms. Memory: 162816K Free: 133698K (82%)
----------------- Invoking toplevel() on ptolemy.moml.MoMLSimpleApplication@33b86f8a
----------------- Done invoking toplevel() on ptolemy.moml.MoMLSimpleApplication@33b86f8a
reloadAllAccessors: .IterateOverArray8

===========================================================================================
----------------- testing Tue Aug 20 05:27:46 UTC 2019 /home/travis/build/icyphy/ptII/ptolemy/actor/lib/hoc/test/auto/IterateOverArray9.xml
----------------- Instantiating /home/travis/build/icyphy/ptII/ptolemy/actor/lib/hoc/test/auto/IterateOverArray9.xml
6 ms. Memory: 162816K Free: 129600K (80%)
----------------- Invoking toplevel() on ptolemy.moml.MoMLSimpleApplication@13e8d36d
----------------- Done invoking toplevel() on ptolemy.moml.MoMLSimpleApplication@13e8d36d
reloadAllAccessors: .IterateOverArray9

===========================================================================================
----------------- testing Tue Aug 20 05:27:46 UTC 2019 /home/travis/build/icyphy/ptII/ptolemy/actor/lib/hoc/test/auto/IterateOverArrayCoercedOutputType.xml
----------------- Instantiating /home/travis/build/icyphy/ptII/ptolemy/actor/lib/hoc/test/auto/IterateOverArrayCoercedOutputType.xml
7 ms. Memory: 162816K Free: 124482K (76%)
----------------- Invoking toplevel() on ptolemy.moml.MoMLSimpleApplication@70cc8a0d
----------------- Done invoking toplevel() on ptolemy.moml.MoMLSimpleApplication@70cc8a0d
reloadAllAccessors: .IterateOverArrayCoercedOutputType

===========================================================================================
----------------- testing Tue Aug 20 05:27:46 UTC 2019 /home/travis/build/icyphy/ptII/ptolemy/actor/lib/hoc/test/auto/IterateOverArrayInferredOutputType.xml
----------------- Instantiating /home/travis/build/icyphy/ptII/ptolemy/actor/lib/hoc/test/auto/IterateOverArrayInferredOutputType.xml
9 ms. Memory: 162816K Free: 119872K (74%)
----------------- Invoking toplevel() on ptolemy.moml.MoMLSimpleApplication@752c126e
----------------- Done invoking toplevel() on ptolemy.moml.MoMLSimpleApplication@752c126e
reloadAllAccessors: .IterateOverArrayInferredOutputType

===========================================================================================
----------------- testing Tue Aug 20 05:27:46 UTC 2019 /home/travis/build/icyphy/ptII/ptolemy/actor/lib/hoc/test/auto/MobileFunctionTest.xml
----------------- Instantiating /home/travis/build/icyphy/ptII/ptolemy/actor/lib/hoc/test/auto/MobileFunctionTest.xml
4 ms. Memory: 162816K Free: 115770K (71%)
----------------- Invoking toplevel() on ptolemy.moml.MoMLSimpleApplication@3bc874d9
----------------- Done invoking toplevel() on ptolemy.moml.MoMLSimpleApplication@3bc874d9
reloadAllAccessors: .MobileFunctionTest

===========================================================================================
----------------- testing Tue Aug 20 05:27:46 UTC 2019 /home/travis/build/icyphy/ptII/ptolemy/actor/lib/hoc/test/auto/MobileModelTest.xml
----------------- Instantiating /home/travis/build/icyphy/ptII/ptolemy/actor/lib/hoc/test/auto/MobileModelTest.xml
154 ms. Memory: 162816K Free: 94786K (58%)
----------------- Invoking toplevel() on ptolemy.moml.MoMLSimpleApplication@7ee604e8
----------------- Done invoking toplevel() on ptolemy.moml.MoMLSimpleApplication@7ee604e8
reloadAllAccessors: .MobileModelTest

===========================================================================================
----------------- testing Tue Aug 20 05:27:47 UTC 2019 /home/travis/build/icyphy/ptII/ptolemy/actor/lib/hoc/test/auto/ModelReference.xml
----------------- Instantiating /home/travis/build/icyphy/ptII/ptolemy/actor/lib/hoc/test/auto/ModelReference.xml
5 ms. Memory: 162816K Free: 88128K (54%)
3 ms. Memory: 162816K Free: 87618K (54%)
2 ms. Memory: 162816K Free: 86594K (53%)
2 ms. Memory: 162816K Free: 85570K (53%)
2 ms. Memory: 162816K Free: 85042K (52%)
2 ms. Memory: 162816K Free: 84032K (52%)
2 ms. Memory: 162816K Free: 83522K (51%)
2 ms. Memory: 162816K Free: 82498K (51%)
3 ms. Memory: 162816K Free: 81474K (50%)
5 ms. Memory: 162816K Free: 80946K (50%)
45 ms. Memory: 162816K Free: 80946K (50%)
----------------- Invoking toplevel() on ptolemy.moml.MoMLSimpleApplication@32969c12
----------------- Done invoking toplevel() on ptolemy.moml.MoMLSimpleApplication@32969c12
reloadAllAccessors: .ModelReference

===========================================================================================
----------------- testing Tue Aug 20 05:27:47 UTC 2019 /home/travis/build/icyphy/ptII/ptolemy/actor/lib/hoc/test/auto/ModelReference3.xml
----------------- Instantiating /home/travis/build/icyphy/ptII/ptolemy/actor/lib/hoc/test/auto/ModelReference3.xml
2 ms. Memory: 162816K Free: 76354K (47%)
5 ms. Memory: 162816K Free: 75826K (47%)
2 ms. Memory: 162816K Free: 74802K (46%)
4 ms. Memory: 162816K Free: 74306K (46%)
2 ms. Memory: 162816K Free: 73282K (45%)
2 ms. Memory: 162816K Free: 72258K (44%)
3 ms. Memory: 162816K Free: 71744K (44%)
4 ms. Memory: 162816K Free: 70720K (43%)
4 ms. Memory: 162816K Free: 70210K (43%)
2 ms. Memory: 162816K Free: 69186K (42%)
35 ms. Memory: 162816K Free: 69186K (42%)
----------------- Invoking toplevel() on ptolemy.moml.MoMLSimpleApplication@49538d37
----------------- Done invoking toplevel() on ptolemy.moml.MoMLSimpleApplication@49538d37
reloadAllAccessors: .ModelReference3

===========================================================================================
----------------- testing Tue Aug 20 05:27:47 UTC 2019 /home/travis/build/icyphy/ptII/ptolemy/actor/lib/hoc/test/auto/ModelReference4.xml
----------------- Instantiating /home/travis/build/icyphy/ptII/ptolemy/actor/lib/hoc/test/auto/ModelReference4.xml
2 ms. Memory: 162816K Free: 64562K (40%)
3 ms. Memory: 162816K Free: 63042K (39%)
3 ms. Memory: 162816K Free: 62018K (38%)
4 ms. Memory: 162816K Free: 60450K (37%)
2 ms. Memory: 162816K Free: 59456K (37%)
8 ms. Memory: 162816K Free: 58402K (36%)
3 ms. Memory: 162816K Free: 56898K (35%)
2 ms. Memory: 162816K Free: 55874K (34%)
2 ms. Memory: 162816K Free: 54336K (33%)
16 ms. Memory: 162816K Free: 148473K (91%)
10019 ms. Memory: 162816K Free: 148192K (91%)
----------------- Invoking toplevel() on ptolemy.moml.MoMLSimpleApplication@7dbe506f
----------------- Done invoking toplevel() on ptolemy.moml.MoMLSimpleApplication@7dbe506f
reloadAllAccessors: .ModelReference4

===========================================================================================
----------------- testing Tue Aug 20 05:27:57 UTC 2019 /home/travis/build/icyphy/ptII/ptolemy/actor/lib/hoc/test/auto/MultiInstanceComposite.xml
----------------- Instantiating /home/travis/build/icyphy/ptII/ptolemy/actor/lib/hoc/test/auto/MultiInstanceComposite.xml
26 ms. Memory: 162816K Free: 128827K (79%)
----------------- Invoking toplevel() on ptolemy.moml.MoMLSimpleApplication@64ac9f07
----------------- Done invoking toplevel() on ptolemy.moml.MoMLSimpleApplication@64ac9f07
reloadAllAccessors: .MultiInstanceComposite

===========================================================================================
----------------- testing Tue Aug 20 05:27:57 UTC 2019 /home/travis/build/icyphy/ptII/ptolemy/actor/lib/hoc/test/auto/MultiInstanceComposite2.xml
----------------- Instantiating /home/travis/build/icyphy/ptII/ptolemy/actor/lib/hoc/test/auto/MultiInstanceComposite2.xml
19 ms. Memory: 162816K Free: 117533K (72%)
----------------- Invoking toplevel() on ptolemy.moml.MoMLSimpleApplication@7fc3da14
----------------- Done invoking toplevel() on ptolemy.moml.MoMLSimpleApplication@7fc3da14
reloadAllAccessors: .MultiInstanceComposite2

===========================================================================================
----------------- testing Tue Aug 20 05:27:57 UTC 2019 /home/travis/build/icyphy/ptII/ptolemy/actor/lib/hoc/test/auto/MulticoreExecution.xml
----------------- Instantiating /home/travis/build/icyphy/ptII/ptolemy/actor/lib/hoc/test/auto/MulticoreExecution.xml
Fired ExecutionTime: 3600000
Fired ExecutionTime: 2000000
Fired ExecutionTime: 2400000
Fired ExecutionTime: 2800000
Fired ExecutionTime: 2800000
Fired ExecutionTime: 2400000
Fired ExecutionTime: 4000000
Fired ExecutionTime: 2400000
Fired ExecutionTime: 59200000
Fired ExecutionTime: 37600000
Fired ExecutionTime: 38000000
Fired ExecutionTime: 40000000
Fired ExecutionTime: 38800000
Fired ExecutionTime: 60800000
Fired ExecutionTime: 39600000
Fired ExecutionTime: 40800000
Fired ExecutionTime: 40400000
Fired ExecutionTime: 38800000
Fired ExecutionTime: 51200000
Fired ExecutionTime: 61600000
1128 ms. Memory: 162816K Free: 108825K (67%)
----------------- Invoking toplevel() on ptolemy.moml.MoMLSimpleApplication@5b94a016
----------------- Done invoking toplevel() on ptolemy.moml.MoMLSimpleApplication@5b94a016
reloadAllAccessors: .MulticoreExecution

===========================================================================================
----------------- testing Tue Aug 20 05:27:58 UTC 2019 /home/travis/build/icyphy/ptII/ptolemy/actor/lib/hoc/test/auto/ParallelExecution.xml
----------------- Instantiating /home/travis/build/icyphy/ptII/ptolemy/actor/lib/hoc/test/auto/ParallelExecution.xml
920 ms. Memory: 162816K Free: 101657K (62%)
----------------- Invoking toplevel() on ptolemy.moml.MoMLSimpleApplication@429a5c3
----------------- Done invoking toplevel() on ptolemy.moml.MoMLSimpleApplication@429a5c3
reloadAllAccessors: .ParallelExecution

===========================================================================================
----------------- testing Tue Aug 20 05:27:59 UTC 2019 /home/travis/build/icyphy/ptII/ptolemy/actor/lib/hoc/test/auto/RunCompositeActor.xml
----------------- Instantiating /home/travis/build/icyphy/ptII/ptolemy/actor/lib/hoc/test/auto/RunCompositeActor.xml
12 ms. Memory: 162816K Free: 94528K (58%)
----------------- Invoking toplevel() on ptolemy.moml.MoMLSimpleApplication@4ae195e2
----------------- Done invoking toplevel() on ptolemy.moml.MoMLSimpleApplication@4ae195e2
reloadAllAccessors: .RunCompositeActor

===========================================================================================
----------------- testing Tue Aug 20 05:27:59 UTC 2019 /home/travis/build/icyphy/ptII/ptolemy/actor/lib/hoc/test/auto/RunCompositeActor2.xml
----------------- Instantiating /home/travis/build/icyphy/ptII/ptolemy/actor/lib/hoc/test/auto/RunCompositeActor2.xml
8 ms. Memory: 162816K Free: 88376K (54%)
----------------- Invoking toplevel() on ptolemy.moml.MoMLSimpleApplication@251de57c
----------------- Done invoking toplevel() on ptolemy.moml.MoMLSimpleApplication@251de57c
reloadAllAccessors: .RunCompositeActor2

===========================================================================================
----------------- testing Tue Aug 20 05:27:59 UTC 2019 /home/travis/build/icyphy/ptII/ptolemy/actor/lib/hoc/test/auto/RunCompositeActor3.xml
----------------- Instantiating /home/travis/build/icyphy/ptII/ptolemy/actor/lib/hoc/test/auto/RunCompositeActor3.xml
4 ms. Memory: 162816K Free: 83225K (51%)
----------------- Invoking toplevel() on ptolemy.moml.MoMLSimpleApplication@3719b261
----------------- Done invoking toplevel() on ptolemy.moml.MoMLSimpleApplication@3719b261
reloadAllAccessors: .RunCompositeActor3

===========================================================================================
----------------- testing Tue Aug 20 05:27:59 UTC 2019 /home/travis/build/icyphy/ptII/ptolemy/actor/lib/hoc/test/auto/RunCompositeActor4.xml
----------------- Instantiating /home/travis/build/icyphy/ptII/ptolemy/actor/lib/hoc/test/auto/RunCompositeActor4.xml
11 ms. Memory: 162816K Free: 75103K (46%)
----------------- Invoking toplevel() on ptolemy.moml.MoMLSimpleApplication@528e1bc4
----------------- Done invoking toplevel() on ptolemy.moml.MoMLSimpleApplication@528e1bc4
reloadAllAccessors: .RunCompositeActor4

===========================================================================================
----------------- testing Tue Aug 20 05:27:59 UTC 2019 /home/travis/build/icyphy/ptII/ptolemy/actor/lib/hoc/test/auto/RunCompositeIterateOverArray.xml
----------------- Instantiating /home/travis/build/icyphy/ptII/ptolemy/actor/lib/hoc/test/auto/RunCompositeIterateOverArray.xml
5 ms. Memory: 162816K Free: 68920K (42%)
----------------- Invoking toplevel() on ptolemy.moml.MoMLSimpleApplication@57c048bd
----------------- Done invoking toplevel() on ptolemy.moml.MoMLSimpleApplication@57c048bd
reloadAllAccessors: .RunCompositeIterateOverArray

===========================================================================================
----------------- testing Tue Aug 20 05:27:59 UTC 2019 /home/travis/build/icyphy/ptII/ptolemy/actor/lib/hoc/test/auto/ThreadedJS.xml
----------------- Instantiating /home/travis/build/icyphy/ptII/ptolemy/actor/lib/hoc/test/auto/ThreadedJS.xml
5936 ms. Memory: 235520K Free: 174452K (74%)
----------------- Invoking toplevel() on ptolemy.moml.MoMLSimpleApplication@34033a21
----------------- Done invoking toplevel() on ptolemy.moml.MoMLSimpleApplication@34033a21
reloadAllAccessors: .ThreadedJS
AutoTests.java: About to close Vertx.
AutoTests.java: Vertx closed.
]]></system-out>
  <system-err><![CDATA[java.lang.RuntimeException: Execution failed
	at ptolemy.moml.MoMLSimpleApplication$UnloadThread.run(MoMLSimpleApplication.java:402)
Caused by: ptolemy.kernel.util.IllegalActionException: initialize() was called after wrapup() was called but preinitialize() was not called after wrapup().
	at ptolemy.actor.lib.hoc.test.PreinitializeMustBeInvoked.initialize(PreinitializeMustBeInvoked.java:78)
	at ptolemy.actor.Director.initialize(Director.java:938)
	at ptolemy.actor.Director.initialize(Director.java:907)
	at ptolemy.actor.sched.StaticSchedulingDirector.initialize(StaticSchedulingDirector.java:159)
	at ptolemy.domains.sdf.kernel.SDFDirector.initialize(SDFDirector.java:544)
	at ptolemy.actor.CompositeActor.initialize(CompositeActor.java:935)
	at ptolemy.actor.lib.hoc.LifeCycleManager._executeInsideModel(LifeCycleManager.java:339)
	at ptolemy.actor.lib.hoc.RunCompositeActor.fire(RunCompositeActor.java:205)
	at ptolemy.actor.CompositeActor.iterate(CompositeActor.java:1146)
	at ptolemy.actor.sched.StaticSchedulingDirector.fire(StaticSchedulingDirector.java:216)
	at ptolemy.domains.sdf.kernel.SDFDirector.fire(SDFDirector.java:500)
	at ptolemy.actor.CompositeActor.fire(CompositeActor.java:455)
	at ptolemy.actor.Manager.iterate(Manager.java:851)
	at ptolemy.actor.Manager.execute(Manager.java:369)
	at ptolemy.actor.Manager.run(Manager.java:1263)
	at ptolemy.actor.Manager$PtolemyRunThread.run(Manager.java:1933)
java.lang.reflect.InvocationTargetException
	at java.base/jdk.internal.reflect.NativeConstructorAccessorImpl.newInstance0(Native Method)
	at java.base/jdk.internal.reflect.NativeConstructorAccessorImpl.newInstance(NativeConstructorAccessorImpl.java:62)
	at java.base/jdk.internal.reflect.DelegatingConstructorAccessorImpl.newInstance(DelegatingConstructorAccessorImpl.java:45)
	at java.base/java.lang.reflect.Constructor.newInstance(Constructor.java:490)
	at ptolemy.util.test.junit.AutoKnownFailedTests.RunModel(AutoKnownFailedTests.java:105)
	at java.base/jdk.internal.reflect.NativeMethodAccessorImpl.invoke0(Native Method)
	at java.base/jdk.internal.reflect.NativeMethodAccessorImpl.invoke(NativeMethodAccessorImpl.java:62)
	at java.base/jdk.internal.reflect.DelegatingMethodAccessorImpl.invoke(DelegatingMethodAccessorImpl.java:43)
	at java.base/java.lang.reflect.Method.invoke(Method.java:566)
	at org.junit.runners.model.FrameworkMethod$1.runReflectiveCall(FrameworkMethod.java:44)
	at org.junit.internal.runners.model.ReflectiveCallable.run(ReflectiveCallable.java:15)
	at org.junit.runners.model.FrameworkMethod.invokeExplosively(FrameworkMethod.java:41)
	at junitparams.internal.InvokeParameterisedMethod.evaluate(InvokeParameterisedMethod.java:102)
	at org.junit.internal.runners.statements.FailOnTimeout$1.run(FailOnTimeout.java:28)
Caused by: ptolemy.kernel.util.IllegalActionException: initialize() was called after wrapup() was called but preinitialize() was not called after wrapup().
	at ptolemy.actor.lib.hoc.test.PreinitializeMustBeInvoked.initialize(PreinitializeMustBeInvoked.java:78)
	at ptolemy.actor.Director.initialize(Director.java:938)
	at ptolemy.actor.Director.initialize(Director.java:907)
	at ptolemy.actor.sched.StaticSchedulingDirector.initialize(StaticSchedulingDirector.java:159)
	at ptolemy.domains.sdf.kernel.SDFDirector.initialize(SDFDirector.java:544)
	at ptolemy.actor.CompositeActor.initialize(CompositeActor.java:935)
	at ptolemy.actor.lib.hoc.LifeCycleManager._executeInsideModel(LifeCycleManager.java:339)
	at ptolemy.actor.lib.hoc.RunCompositeActor.fire(RunCompositeActor.java:205)
	at ptolemy.actor.CompositeActor.iterate(CompositeActor.java:1146)
	at ptolemy.actor.sched.StaticSchedulingDirector.fire(StaticSchedulingDirector.java:216)
	at ptolemy.domains.sdf.kernel.SDFDirector.fire(SDFDirector.java:500)
	at ptolemy.actor.CompositeActor.fire(CompositeActor.java:455)
	at ptolemy.actor.Manager.iterate(Manager.java:851)
	at ptolemy.actor.Manager.execute(Manager.java:369)
	at ptolemy.actor.Manager.run(Manager.java:1263)
	at ptolemy.actor.Manager$PtolemyRunThread.run(Manager.java:1933)
Warning: Nashorn engine is planned to be removed from a future JDK release
Warning: Nashorn engine is planned to be removed from a future JDK release
Warning: Nashorn engine is planned to be removed from a future JDK release
Warning: Nashorn engine is planned to be removed from a future JDK release
Warning: Nashorn engine is planned to be removed from a future JDK release
Warning: Nashorn engine is planned to be removed from a future JDK release
Warning: Nashorn engine is planned to be removed from a future JDK release
Warning: Nashorn engine is planned to be removed from a future JDK release
]]></system-err>
</testsuite>
