<?xml version="1.0" encoding="UTF-8" ?>
<testsuite errors="0" failures="0" hostname="travis-job-c22360ec-1749-4c5b-9ccb-8090ef566abc" name="ptolemy.domains.modal.test.junit.JUnitTclTest" skipped="0" tests="148" time="10.138" timestamp="2018-06-02T17:51:56">
  <properties>
[...]
</properties>
  <testcase classname="ptolemy.util.test.junit.TclTests" name="[0] /home/travis/build/icyphy/ptII/ptolemy/domains/modal/test/SystemLevelType.tcl (RunTclFile)" time="1.898" />
  <testcase classname="ptolemy.util.test.junit.AutoKnownFailedTests" name="[0] /home/travis/build/icyphy/ptII/ptolemy/domains/modal/test/auto/knownFailedTests/CannotAnalysisWithPreemption.xml (RunModel)" time="0.197" />
  <testcase classname="ptolemy.util.test.junit.AutoNameArchTests" name="[0] ThereAreNoAutoArchTests (RunModel)" time="0.011" />
  <testcase classname="ptolemy.util.test.junit.AutoTests" name="[0] /home/travis/build/icyphy/ptII/ptolemy/domains/modal/test/auto/ABPTest.xml (RunModel)" time="0.69" />
  <testcase classname="ptolemy.util.test.junit.AutoTests" name="[1] /home/travis/build/icyphy/ptII/ptolemy/domains/modal/test/auto/ABROFlat.xml (RunModel)" time="0.094" />
  <testcase classname="ptolemy.util.test.junit.AutoTests" name="[2] /home/travis/build/icyphy/ptII/ptolemy/domains/modal/test/auto/ABROFlat2.xml (RunModel)" time="0.073" />
  <testcase classname="ptolemy.util.test.junit.AutoTests" name="[3] /home/travis/build/icyphy/ptII/ptolemy/domains/modal/test/auto/ABRO_present_hmm.xml (RunModel)" time="0.142" />
  <testcase classname="ptolemy.util.test.junit.AutoTests" name="[4] /home/travis/build/icyphy/ptII/ptolemy/domains/modal/test/auto/AMICoderExample.xml (RunModel)" time="0.07" />
  <testcase classname="ptolemy.util.test.junit.AutoTests" name="[5] /home/travis/build/icyphy/ptII/ptolemy/domains/modal/test/auto/AbsentToPresent.xml (RunModel)" time="0.028" />
  <testcase classname="ptolemy.util.test.junit.AutoTests" name="[6] /home/travis/build/icyphy/ptII/ptolemy/domains/modal/test/auto/Blending.xml (RunModel)" time="0.273" />
  <testcase classname="ptolemy.util.test.junit.AutoTests" name="[7] /home/travis/build/icyphy/ptII/ptolemy/domains/modal/test/auto/Broadcast.xml (RunModel)" time="0.05" />
  <testcase classname="ptolemy.util.test.junit.AutoTests" name="[8] /home/travis/build/icyphy/ptII/ptolemy/domains/modal/test/auto/BroadcastHierarchy.xml (RunModel)" time="0.067" />
  <testcase classname="ptolemy.util.test.junit.AutoTests" name="[9] /home/travis/build/icyphy/ptII/ptolemy/domains/modal/test/auto/BroadcastHierarchy2.xml (RunModel)" time="0.102" />
  <testcase classname="ptolemy.util.test.junit.AutoTests" name="[10] /home/travis/build/icyphy/ptII/ptolemy/domains/modal/test/auto/BroadcastHierarchy3.xml (RunModel)" time="0.106" />
  <testcase classname="ptolemy.util.test.junit.AutoTests" name="[11] /home/travis/build/icyphy/ptII/ptolemy/domains/modal/test/auto/BroadcastHierarchy4.xml (RunModel)" time="0.086" />
  <testcase classname="ptolemy.util.test.junit.AutoTests" name="[12] /home/travis/build/icyphy/ptII/ptolemy/domains/modal/test/auto/CannotAnalysisWithPreemption2.xml (RunModel)" time="0.038" />
  <testcase classname="ptolemy.util.test.junit.AutoTests" name="[13] /home/travis/build/icyphy/ptII/ptolemy/domains/modal/test/auto/CannotAnalysisWithPreemption3.xml (RunModel)" time="0.05" />
  <testcase classname="ptolemy.util.test.junit.AutoTests" name="[14] /home/travis/build/icyphy/ptII/ptolemy/domains/modal/test/auto/CannotProduce.xml (RunModel)" time="0.034" />
  <testcase classname="ptolemy.util.test.junit.AutoTests" name="[15] /home/travis/build/icyphy/ptII/ptolemy/domains/modal/test/auto/CannotProduceModal.xml (RunModel)" time="0.035" />
  <testcase classname="ptolemy.util.test.junit.AutoTests" name="[16] /home/travis/build/icyphy/ptII/ptolemy/domains/modal/test/auto/Case.xml (RunModel)" time="0.075" />
  <testcase classname="ptolemy.util.test.junit.AutoTests" name="[17] /home/travis/build/icyphy/ptII/ptolemy/domains/modal/test/auto/Case1.xml (RunModel)" time="0.034" />
  <testcase classname="ptolemy.util.test.junit.AutoTests" name="[18] /home/travis/build/icyphy/ptII/ptolemy/domains/modal/test/auto/Case2.xml (RunModel)" time="0.057" />
  <testcase classname="ptolemy.util.test.junit.AutoTests" name="[19] /home/travis/build/icyphy/ptII/ptolemy/domains/modal/test/auto/CausalityInterface1.xml (RunModel)" time="0.032" />
  <testcase classname="ptolemy.util.test.junit.AutoTests" name="[20] /home/travis/build/icyphy/ptII/ptolemy/domains/modal/test/auto/CausalityInterface10.xml (RunModel)" time="0.04" />
  <testcase classname="ptolemy.util.test.junit.AutoTests" name="[21] /home/travis/build/icyphy/ptII/ptolemy/domains/modal/test/auto/CausalityInterface11.xml (RunModel)" time="0.051" />
  <testcase classname="ptolemy.util.test.junit.AutoTests" name="[22] /home/travis/build/icyphy/ptII/ptolemy/domains/modal/test/auto/CausalityInterface12.xml (RunModel)" time="0.055" />
  <testcase classname="ptolemy.util.test.junit.AutoTests" name="[23] /home/travis/build/icyphy/ptII/ptolemy/domains/modal/test/auto/CausalityInterface13.xml (RunModel)" time="0.057" />
  <testcase classname="ptolemy.util.test.junit.AutoTests" name="[24] /home/travis/build/icyphy/ptII/ptolemy/domains/modal/test/auto/CausalityInterface14.xml (RunModel)" time="0.052" />
  <testcase classname="ptolemy.util.test.junit.AutoTests" name="[25] /home/travis/build/icyphy/ptII/ptolemy/domains/modal/test/auto/CausalityInterface2.xml (RunModel)" time="0.031" />
  <testcase classname="ptolemy.util.test.junit.AutoTests" name="[26] /home/travis/build/icyphy/ptII/ptolemy/domains/modal/test/auto/CausalityInterface3.xml (RunModel)" time="0.02" />
  <testcase classname="ptolemy.util.test.junit.AutoTests" name="[27] /home/travis/build/icyphy/ptII/ptolemy/domains/modal/test/auto/CausalityInterface4.xml (RunModel)" time="0.029" />
  <testcase classname="ptolemy.util.test.junit.AutoTests" name="[28] /home/travis/build/icyphy/ptII/ptolemy/domains/modal/test/auto/CausalityInterface5.xml (RunModel)" time="0.056" />
  <testcase classname="ptolemy.util.test.junit.AutoTests" name="[29] /home/travis/build/icyphy/ptII/ptolemy/domains/modal/test/auto/CausalityInterface6.xml (RunModel)" time="0.033" />
  <testcase classname="ptolemy.util.test.junit.AutoTests" name="[30] /home/travis/build/icyphy/ptII/ptolemy/domains/modal/test/auto/CausalityInterface7.xml (RunModel)" time="0.029" />
  <testcase classname="ptolemy.util.test.junit.AutoTests" name="[31] /home/travis/build/icyphy/ptII/ptolemy/domains/modal/test/auto/CausalityInterface8.xml (RunModel)" time="0.035" />
  <testcase classname="ptolemy.util.test.junit.AutoTests" name="[32] /home/travis/build/icyphy/ptII/ptolemy/domains/modal/test/auto/CausalityInterface9.xml (RunModel)" time="0.04" />
  <testcase classname="ptolemy.util.test.junit.AutoTests" name="[33] /home/travis/build/icyphy/ptII/ptolemy/domains/modal/test/auto/ChainedTransitions.xml (RunModel)" time="0.151" />
  <testcase classname="ptolemy.util.test.junit.AutoTests" name="[34] /home/travis/build/icyphy/ptII/ptolemy/domains/modal/test/auto/CycleOfImmediateTransitionsFSM.xml (RunModel)" time="0.015" />
  <testcase classname="ptolemy.util.test.junit.AutoTests" name="[35] /home/travis/build/icyphy/ptII/ptolemy/domains/modal/test/auto/CycleOfImmediateTransitionsModal.xml (RunModel)" time="0.016" />
  <testcase classname="ptolemy.util.test.junit.AutoTests" name="[36] /home/travis/build/icyphy/ptII/ptolemy/domains/modal/test/auto/CycleOfImmediateTransitionsModal2.xml (RunModel)" time="0.022" />
  <testcase classname="ptolemy.util.test.junit.AutoTests" name="[37] /home/travis/build/icyphy/ptII/ptolemy/domains/modal/test/auto/CycleOfImmediateTransitionsModal3.xml (RunModel)" time="0.076" />
  <testcase classname="ptolemy.util.test.junit.AutoTests" name="[38] /home/travis/build/icyphy/ptII/ptolemy/domains/modal/test/auto/DeepModal1.xml (RunModel)" time="0.073" />
  <testcase classname="ptolemy.util.test.junit.AutoTests" name="[39] /home/travis/build/icyphy/ptII/ptolemy/domains/modal/test/auto/DeepModal2.xml (RunModel)" time="0.073" />
  <testcase classname="ptolemy.util.test.junit.AutoTests" name="[40] /home/travis/build/icyphy/ptII/ptolemy/domains/modal/test/auto/DeepModal3.xml (RunModel)" time="0.075" />
  <testcase classname="ptolemy.util.test.junit.AutoTests" name="[41] /home/travis/build/icyphy/ptII/ptolemy/domains/modal/test/auto/DeepModal4.xml (RunModel)" time="0.085" />
  <testcase classname="ptolemy.util.test.junit.AutoTests" name="[42] /home/travis/build/icyphy/ptII/ptolemy/domains/modal/test/auto/Default1.xml (RunModel)" time="0.022" />
  <testcase classname="ptolemy.util.test.junit.AutoTests" name="[43] /home/travis/build/icyphy/ptII/ptolemy/domains/modal/test/auto/Default2.xml (RunModel)" time="0.019" />
  <testcase classname="ptolemy.util.test.junit.AutoTests" name="[44] /home/travis/build/icyphy/ptII/ptolemy/domains/modal/test/auto/Default3.xml (RunModel)" time="0.024" />
  <testcase classname="ptolemy.util.test.junit.AutoTests" name="[45] /home/travis/build/icyphy/ptII/ptolemy/domains/modal/test/auto/Default4.xml (RunModel)" time="0.023" />
  <testcase classname="ptolemy.util.test.junit.AutoTests" name="[46] /home/travis/build/icyphy/ptII/ptolemy/domains/modal/test/auto/Default5.xml (RunModel)" time="0.038" />
  <testcase classname="ptolemy.util.test.junit.AutoTests" name="[47] /home/travis/build/icyphy/ptII/ptolemy/domains/modal/test/auto/EmptyGuard.xml (RunModel)" time="0.033" />
  <testcase classname="ptolemy.util.test.junit.AutoTests" name="[48] /home/travis/build/icyphy/ptII/ptolemy/domains/modal/test/auto/ErrorTransition1.xml (RunModel)" time="0.029" />
  <testcase classname="ptolemy.util.test.junit.AutoTests" name="[49] /home/travis/build/icyphy/ptII/ptolemy/domains/modal/test/auto/ErrorTransition10.xml (RunModel)" time="0.041" />
  <testcase classname="ptolemy.util.test.junit.AutoTests" name="[50] /home/travis/build/icyphy/ptII/ptolemy/domains/modal/test/auto/ErrorTransition11.xml (RunModel)" time="0.037" />
  <testcase classname="ptolemy.util.test.junit.AutoTests" name="[51] /home/travis/build/icyphy/ptII/ptolemy/domains/modal/test/auto/ErrorTransition2.xml (RunModel)" time="0.032" />
  <testcase classname="ptolemy.util.test.junit.AutoTests" name="[52] /home/travis/build/icyphy/ptII/ptolemy/domains/modal/test/auto/ErrorTransition3.xml (RunModel)" time="0.034" />
  <testcase classname="ptolemy.util.test.junit.AutoTests" name="[53] /home/travis/build/icyphy/ptII/ptolemy/domains/modal/test/auto/ErrorTransition4.xml (RunModel)" time="0.036" />
  <testcase classname="ptolemy.util.test.junit.AutoTests" name="[54] /home/travis/build/icyphy/ptII/ptolemy/domains/modal/test/auto/ErrorTransition5.xml (RunModel)" time="0.026" />
  <testcase classname="ptolemy.util.test.junit.AutoTests" name="[55] /home/travis/build/icyphy/ptII/ptolemy/domains/modal/test/auto/ErrorTransition6.xml (RunModel)" time="0.031" />
  <testcase classname="ptolemy.util.test.junit.AutoTests" name="[56] /home/travis/build/icyphy/ptII/ptolemy/domains/modal/test/auto/ErrorTransition7.xml (RunModel)" time="0.045" />
  <testcase classname="ptolemy.util.test.junit.AutoTests" name="[57] /home/travis/build/icyphy/ptII/ptolemy/domains/modal/test/auto/ErrorTransition8.xml (RunModel)" time="0.082" />
  <testcase classname="ptolemy.util.test.junit.AutoTests" name="[58] /home/travis/build/icyphy/ptII/ptolemy/domains/modal/test/auto/ErrorTransition9.xml (RunModel)" time="0.046" />
  <testcase classname="ptolemy.util.test.junit.AutoTests" name="[59] /home/travis/build/icyphy/ptII/ptolemy/domains/modal/test/auto/ExtendedFSM.xml (RunModel)" time="0.025" />
  <testcase classname="ptolemy.util.test.junit.AutoTests" name="[60] /home/travis/build/icyphy/ptII/ptolemy/domains/modal/test/auto/FinalStates.xml (RunModel)" time="0.023" />
  <testcase classname="ptolemy.util.test.junit.AutoTests" name="[61] /home/travis/build/icyphy/ptII/ptolemy/domains/modal/test/auto/FixedPointFSM.xml (RunModel)" time="0.057" />
  <testcase classname="ptolemy.util.test.junit.AutoTests" name="[62] /home/travis/build/icyphy/ptII/ptolemy/domains/modal/test/auto/FixedPointIterationFSMActor.xml (RunModel)" time="0.028" />
  <testcase classname="ptolemy.util.test.junit.AutoTests" name="[63] /home/travis/build/icyphy/ptII/ptolemy/domains/modal/test/auto/FixedPointIterationFSMActor2.xml (RunModel)" time="0.038" />
  <testcase classname="ptolemy.util.test.junit.AutoTests" name="[64] /home/travis/build/icyphy/ptII/ptolemy/domains/modal/test/auto/ForbiddenInstantanousLoop.xml (RunModel)" time="0.034" />
  <testcase classname="ptolemy.util.test.junit.AutoTests" name="[65] /home/travis/build/icyphy/ptII/ptolemy/domains/modal/test/auto/FunctionDependencyOfFSMActorTest.xml (RunModel)" time="0.036" />
  <testcase classname="ptolemy.util.test.junit.AutoTests" name="[66] /home/travis/build/icyphy/ptII/ptolemy/domains/modal/test/auto/GuardExpression.xml (RunModel)" time="0.019" />
  <testcase classname="ptolemy.util.test.junit.AutoTests" name="[67] /home/travis/build/icyphy/ptII/ptolemy/domains/modal/test/auto/GuardNotEvaluated.xml (RunModel)" time="0.033" />
  <testcase classname="ptolemy.util.test.junit.AutoTests" name="[68] /home/travis/build/icyphy/ptII/ptolemy/domains/modal/test/auto/GuardNotEvaluated2.xml (RunModel)" time="0.024" />
  <testcase classname="ptolemy.util.test.junit.AutoTests" name="[69] /home/travis/build/icyphy/ptII/ptolemy/domains/modal/test/auto/GuardOnAbsent.xml (RunModel)" time="0.024" />
  <testcase classname="ptolemy.util.test.junit.AutoTests" name="[70] /home/travis/build/icyphy/ptII/ptolemy/domains/modal/test/auto/HierarchicalFSMTypeInference.xml (RunModel)" time="0.029" />
  <testcase classname="ptolemy.util.test.junit.AutoTests" name="[71] /home/travis/build/icyphy/ptII/ptolemy/domains/modal/test/auto/Hysteresis.xml (RunModel)" time="0.04" />
  <testcase classname="ptolemy.util.test.junit.AutoTests" name="[72] /home/travis/build/icyphy/ptII/ptolemy/domains/modal/test/auto/HysteresisWithDefault.xml (RunModel)" time="0.064" />
  <testcase classname="ptolemy.util.test.junit.AutoTests" name="[73] /home/travis/build/icyphy/ptII/ptolemy/domains/modal/test/auto/HysteresisWithDefault2.xml (RunModel)" time="0.07" />
  <testcase classname="ptolemy.util.test.junit.AutoTests" name="[74] /home/travis/build/icyphy/ptII/ptolemy/domains/modal/test/auto/ImmediateNonConstructiveness.xml (RunModel)" time="0.018" />
  <testcase classname="ptolemy.util.test.junit.AutoTests" name="[75] /home/travis/build/icyphy/ptII/ptolemy/domains/modal/test/auto/ImmediateNonConstructiveness2.xml (RunModel)" time="0.018" />
  <testcase classname="ptolemy.util.test.junit.AutoTests" name="[76] /home/travis/build/icyphy/ptII/ptolemy/domains/modal/test/auto/ImmediateTransitionReset.xml (RunModel)" time="0.037" />
  <testcase classname="ptolemy.util.test.junit.AutoTests" name="[77] /home/travis/build/icyphy/ptII/ptolemy/domains/modal/test/auto/ImmediateTransitions1.xml (RunModel)" time="0.018" />
  <testcase classname="ptolemy.util.test.junit.AutoTests" name="[78] /home/travis/build/icyphy/ptII/ptolemy/domains/modal/test/auto/ImmediateTransitionsInstantaneousCommunication.xml (RunModel)" time="0.031" />
  <testcase classname="ptolemy.util.test.junit.AutoTests" name="[79] /home/travis/build/icyphy/ptII/ptolemy/domains/modal/test/auto/InitialImmediateTransition.xml (RunModel)" time="0.014" />
  <testcase classname="ptolemy.util.test.junit.AutoTests" name="[80] /home/travis/build/icyphy/ptII/ptolemy/domains/modal/test/auto/InitialOutputs.xml (RunModel)" time="0.014" />
  <testcase classname="ptolemy.util.test.junit.AutoTests" name="[81] /home/travis/build/icyphy/ptII/ptolemy/domains/modal/test/auto/InitialStateTransition1.xml (RunModel)" time="0.02" />
  <testcase classname="ptolemy.util.test.junit.AutoTests" name="[82] /home/travis/build/icyphy/ptII/ptolemy/domains/modal/test/auto/InitialStateTransition2.xml (RunModel)" time="0.019" />
  <testcase classname="ptolemy.util.test.junit.AutoTests" name="[83] /home/travis/build/icyphy/ptII/ptolemy/domains/modal/test/auto/InitialStateTransition3.xml (RunModel)" time="0.022" />
  <testcase classname="ptolemy.util.test.junit.AutoTests" name="[84] /home/travis/build/icyphy/ptII/ptolemy/domains/modal/test/auto/InitialStateTransition4.xml (RunModel)" time="0.026" />
  <testcase classname="ptolemy.util.test.junit.AutoTests" name="[85] /home/travis/build/icyphy/ptII/ptolemy/domains/modal/test/auto/MalformedGuardExpressionNotCaught.xml (RunModel)" time="0.021" />
  <testcase classname="ptolemy.util.test.junit.AutoTests" name="[86] /home/travis/build/icyphy/ptII/ptolemy/domains/modal/test/auto/ModalBSC.xml (RunModel)" time="0.072" />
  <testcase classname="ptolemy.util.test.junit.AutoTests" name="[87] /home/travis/build/icyphy/ptII/ptolemy/domains/modal/test/auto/ModalClocks.xml (RunModel)" time="0.055" />
  <testcase classname="ptolemy.util.test.junit.AutoTests" name="[88] /home/travis/build/icyphy/ptII/ptolemy/domains/modal/test/auto/ModalDelay.xml (RunModel)" time="0.035" />
  <testcase classname="ptolemy.util.test.junit.AutoTests" name="[89] /home/travis/build/icyphy/ptII/ptolemy/domains/modal/test/auto/ModalDelay2.xml (RunModel)" time="0.033" />
  <testcase classname="ptolemy.util.test.junit.AutoTests" name="[90] /home/travis/build/icyphy/ptII/ptolemy/domains/modal/test/auto/ModalModelFromMemo.xml (RunModel)" time="0.055" />
  <testcase classname="ptolemy.util.test.junit.AutoTests" name="[91] /home/travis/build/icyphy/ptII/ptolemy/domains/modal/test/auto/ModalModelWithMultirateTransient.xml (RunModel)" time="0.05" />
  <testcase classname="ptolemy.util.test.junit.AutoTests" name="[92] /home/travis/build/icyphy/ptII/ptolemy/domains/modal/test/auto/ModalModelWithReset.xml (RunModel)" time="0.049" />
  <testcase classname="ptolemy.util.test.junit.AutoTests" name="[93] /home/travis/build/icyphy/ptII/ptolemy/domains/modal/test/auto/MouseClickFSM.xml (RunModel)" time="0.045" />
  <testcase classname="ptolemy.util.test.junit.AutoTests" name="[94] /home/travis/build/icyphy/ptII/ptolemy/domains/modal/test/auto/MouseClickFSMModal.xml (RunModel)" time="0.033" />
  <testcase classname="ptolemy.util.test.junit.AutoTests" name="[95] /home/travis/build/icyphy/ptII/ptolemy/domains/modal/test/auto/NonStrictFSM_FeedbackLoop.xml (RunModel)" time="0.051" />
  <testcase classname="ptolemy.util.test.junit.AutoTests" name="[96] /home/travis/build/icyphy/ptII/ptolemy/domains/modal/test/auto/NonStrictFSM_FeedbackLoop_Refinement.xml (RunModel)" time="0.085" />
  <testcase classname="ptolemy.util.test.junit.AutoTests" name="[97] /home/travis/build/icyphy/ptII/ptolemy/domains/modal/test/auto/NonStrictFSM_FeedbackLoop_preemptive.xml (RunModel)" time="0.05" />
  <testcase classname="ptolemy.util.test.junit.AutoTests" name="[98] /home/travis/build/icyphy/ptII/ptolemy/domains/modal/test/auto/NormalTermination.xml (RunModel)" time="0.045" />
  <testcase classname="ptolemy.util.test.junit.AutoTests" name="[99] /home/travis/build/icyphy/ptII/ptolemy/domains/modal/test/auto/Pong.xml (RunModel)" time="0.078" />
  <testcase classname="ptolemy.util.test.junit.AutoTests" name="[100] /home/travis/build/icyphy/ptII/ptolemy/domains/modal/test/auto/Pong_test.xml (RunModel)" time="0.078" />
  <testcase classname="ptolemy.util.test.junit.AutoTests" name="[101] /home/travis/build/icyphy/ptII/ptolemy/domains/modal/test/auto/PreemptionHierarchy.xml (RunModel)" time="0.026" />
  <testcase classname="ptolemy.util.test.junit.AutoTests" name="[102] /home/travis/build/icyphy/ptII/ptolemy/domains/modal/test/auto/PreemptionHierarchy2.xml (RunModel)" time="0.033" />
  <testcase classname="ptolemy.util.test.junit.AutoTests" name="[103] /home/travis/build/icyphy/ptII/ptolemy/domains/modal/test/auto/PreemptiveTransition.xml (RunModel)" time="0.023" />
  <testcase classname="ptolemy.util.test.junit.AutoTests" name="[104] /home/travis/build/icyphy/ptII/ptolemy/domains/modal/test/auto/Priorities.xml (RunModel)" time="0.084" />
  <testcase classname="ptolemy.util.test.junit.AutoTests" name="[105] /home/travis/build/icyphy/ptII/ptolemy/domains/modal/test/auto/ResetFinal.xml (RunModel)" time="0.04" />
  <testcase classname="ptolemy.util.test.junit.AutoTests" name="[106] /home/travis/build/icyphy/ptII/ptolemy/domains/modal/test/auto/ResetFinal2.xml (RunModel)" time="0.029" />
  <testcase classname="ptolemy.util.test.junit.AutoTests" name="[107] /home/travis/build/icyphy/ptII/ptolemy/domains/modal/test/auto/ResetTransitionWithStartTime.xml (RunModel)" time="0.032" />
  <testcase classname="ptolemy.util.test.junit.AutoTests" name="[108] /home/travis/build/icyphy/ptII/ptolemy/domains/modal/test/auto/SDF-FSMComposite.xml (RunModel)" time="0.023" />
  <testcase classname="ptolemy.util.test.junit.AutoTests" name="[109] /home/travis/build/icyphy/ptII/ptolemy/domains/modal/test/auto/SeeminglyNondeterminate.xml (RunModel)" time="0.066" />
  <testcase classname="ptolemy.util.test.junit.AutoTests" name="[110] /home/travis/build/icyphy/ptII/ptolemy/domains/modal/test/auto/SeeminglyNondeterminate2.xml (RunModel)" time="0.071" />
  <testcase classname="ptolemy.util.test.junit.AutoTests" name="[111] /home/travis/build/icyphy/ptII/ptolemy/domains/modal/test/auto/SpontaneousFSM.xml (RunModel)" time="0.043" />
  <testcase classname="ptolemy.util.test.junit.AutoTests" name="[112] /home/travis/build/icyphy/ptII/ptolemy/domains/modal/test/auto/SpontaneousFSM2.xml (RunModel)" time="0.031" />
  <testcase classname="ptolemy.util.test.junit.AutoTests" name="[113] /home/travis/build/icyphy/ptII/ptolemy/domains/modal/test/auto/SpontaneousFSM3.xml (RunModel)" time="0.043" />
  <testcase classname="ptolemy.util.test.junit.AutoTests" name="[114] /home/travis/build/icyphy/ptII/ptolemy/domains/modal/test/auto/SpontaneousFSM4.xml (RunModel)" time="0.045" />
  <testcase classname="ptolemy.util.test.junit.AutoTests" name="[115] /home/travis/build/icyphy/ptII/ptolemy/domains/modal/test/auto/StateTrackerTest.xml (RunModel)" time="0.054" />
  <testcase classname="ptolemy.util.test.junit.AutoTests" name="[116] /home/travis/build/icyphy/ptII/ptolemy/domains/modal/test/auto/StrongImmediateTransition.xml (RunModel)" time="0.025" />
  <testcase classname="ptolemy.util.test.junit.AutoTests" name="[117] /home/travis/build/icyphy/ptII/ptolemy/domains/modal/test/auto/SustainHierarchy.xml (RunModel)" time="0.032" />
  <testcase classname="ptolemy.util.test.junit.AutoTests" name="[118] /home/travis/build/icyphy/ptII/ptolemy/domains/modal/test/auto/TerminationTransition1.xml (RunModel)" time="0.02" />
  <testcase classname="ptolemy.util.test.junit.AutoTests" name="[119] /home/travis/build/icyphy/ptII/ptolemy/domains/modal/test/auto/TerminationTransition2.xml (RunModel)" time="0.027" />
  <testcase classname="ptolemy.util.test.junit.AutoTests" name="[120] /home/travis/build/icyphy/ptII/ptolemy/domains/modal/test/auto/TerminationTransition3.xml (RunModel)" time="0.024" />
  <testcase classname="ptolemy.util.test.junit.AutoTests" name="[121] /home/travis/build/icyphy/ptII/ptolemy/domains/modal/test/auto/TerminationTransition4.xml (RunModel)" time="0.037" />
  <testcase classname="ptolemy.util.test.junit.AutoTests" name="[122] /home/travis/build/icyphy/ptII/ptolemy/domains/modal/test/auto/TerminationTransition5.xml (RunModel)" time="0.036" />
  <testcase classname="ptolemy.util.test.junit.AutoTests" name="[123] /home/travis/build/icyphy/ptII/ptolemy/domains/modal/test/auto/TerminationTransition6.xml (RunModel)" time="0.041" />
  <testcase classname="ptolemy.util.test.junit.AutoTests" name="[124] /home/travis/build/icyphy/ptII/ptolemy/domains/modal/test/auto/TerminationTransition7.xml (RunModel)" time="0.022" />
  <testcase classname="ptolemy.util.test.junit.AutoTests" name="[125] /home/travis/build/icyphy/ptII/ptolemy/domains/modal/test/auto/TerminationTransition8.xml (RunModel)" time="0.023" />
  <testcase classname="ptolemy.util.test.junit.AutoTests" name="[126] /home/travis/build/icyphy/ptII/ptolemy/domains/modal/test/auto/Thermostat_NoHysteresis.xml (RunModel)" time="0.081" />
  <testcase classname="ptolemy.util.test.junit.AutoTests" name="[127] /home/travis/build/icyphy/ptII/ptolemy/domains/modal/test/auto/TimedFSM.xml (RunModel)" time="0.046" />
  <testcase classname="ptolemy.util.test.junit.AutoTests" name="[128] /home/travis/build/icyphy/ptII/ptolemy/domains/modal/test/auto/Timeout1.xml (RunModel)" time="0.02" />
  <testcase classname="ptolemy.util.test.junit.AutoTests" name="[129] /home/travis/build/icyphy/ptII/ptolemy/domains/modal/test/auto/Timeout2.xml (RunModel)" time="0.027" />
  <testcase classname="ptolemy.util.test.junit.AutoTests" name="[130] /home/travis/build/icyphy/ptII/ptolemy/domains/modal/test/auto/Timeout3.xml (RunModel)" time="0.011" />
  <testcase classname="ptolemy.util.test.junit.AutoTests" name="[131] /home/travis/build/icyphy/ptII/ptolemy/domains/modal/test/auto/Timeout4.xml (RunModel)" time="0.012" />
  <testcase classname="ptolemy.util.test.junit.AutoTests" name="[132] /home/travis/build/icyphy/ptII/ptolemy/domains/modal/test/auto/TransientstateModelAdvanced.xml (RunModel)" time="0.028" />
  <testcase classname="ptolemy.util.test.junit.AutoTests" name="[133] /home/travis/build/icyphy/ptII/ptolemy/domains/modal/test/auto/TransientstateModelAdvanced2.xml (RunModel)" time="0.03" />
  <testcase classname="ptolemy.util.test.junit.AutoTests" name="[134] /home/travis/build/icyphy/ptII/ptolemy/domains/modal/test/auto/TransitionRefinements.xml (RunModel)" time="0.032" />
  <testcase classname="ptolemy.util.test.junit.AutoTests" name="[135] /home/travis/build/icyphy/ptII/ptolemy/domains/modal/test/auto/TwoRefinements1.xml (RunModel)" time="0.023" />
  <testcase classname="ptolemy.util.test.junit.AutoTests" name="[136] /home/travis/build/icyphy/ptII/ptolemy/domains/modal/test/auto/TwoRefinements2.xml (RunModel)" time="0.023" />
  <testcase classname="ptolemy.util.test.junit.AutoTests" name="[137] /home/travis/build/icyphy/ptII/ptolemy/domains/modal/test/auto/WeakImmediateTransition.xml (RunModel)" time="0.029" />
  <testcase classname="ptolemy.util.test.junit.AutoTests" name="[138] /home/travis/build/icyphy/ptII/ptolemy/domains/modal/test/auto/booleanSelect.xml (RunModel)" time="0.053" />
  <testcase classname="ptolemy.util.test.junit.AutoTests" name="[139] /home/travis/build/icyphy/ptII/ptolemy/domains/modal/test/auto/modalChangingParams.xml (RunModel)" time="0.206" />
  <testcase classname="ptolemy.util.test.junit.AutoTests" name="[140] /home/travis/build/icyphy/ptII/ptolemy/domains/modal/test/auto/modalModel.xml (RunModel)" time="0.02" />
  <testcase classname="ptolemy.util.test.junit.AutoTests" name="[141] /home/travis/build/icyphy/ptII/ptolemy/domains/modal/test/auto/modalModel2.xml (RunModel)" time="0.026" />
  <testcase classname="ptolemy.util.test.junit.AutoTests" name="[142] /home/travis/build/icyphy/ptII/ptolemy/domains/modal/test/auto/modalModel3.xml (RunModel)" time="0.032" />
  <testcase classname="ptolemy.util.test.junit.AutoTests" name="[143] /home/travis/build/icyphy/ptII/ptolemy/domains/modal/test/auto/model1.xml (RunModel)" time="0.017" />
  <testcase classname="ptolemy.util.test.junit.AutoTests" name="[144] /home/travis/build/icyphy/ptII/ptolemy/domains/modal/test/auto/test-direct-in-out.xml (RunModel)" time="0.017" />
  <system-out><![CDATA[/home/travis/build/icyphy/ptII/ptolemy/domains/modal/test/SystemLevelType.tcl
testDefs.tcl: setting time out to 9000 seconds at Sat Jun 02 17:51:56 UTC 2018
06/02/18 05:51:58
Failed: 0  Total Tests: 1  ((Passed: 1, Newly Passed: 0)  Known Failed: 0) /home/travis/build/icyphy/ptII/ptolemy/domains/modal/test
----------------- testing (KnownFailure) /home/travis/build/icyphy/ptII/ptolemy/domains/modal/test/auto/knownFailedTests/CannotAnalysisWithPreemption.xml
58 ms. Memory: 208384K Free: 190457K (91%)
Known Failure: java.lang.reflect.InvocationTargetException
No auto/linux-amd64/*.xml tests in /home/travis/build/icyphy/ptII/ptolemy/domains/modal/test
AutoTests.java: About to close Vertx.
AutoTests.java: Vertx closed.

===========================================================================================
----------------- testing Sat Jun 02 17:51:58 UTC 2018 /home/travis/build/icyphy/ptII/ptolemy/domains/modal/test/auto/ABPTest.xml
----------------- Instantiating /home/travis/build/icyphy/ptII/ptolemy/domains/modal/test/auto/ABPTest.xml
308 ms. Memory: 332288K Free: 293737K (88%)
----------------- Invoking toplevel() on ptolemy.moml.MoMLSimpleApplication@56a51ee0
----------------- Done invoking toplevel() on ptolemy.moml.MoMLSimpleApplication@56a51ee0
reloadAllAccessors: .ABPTest

===========================================================================================
----------------- testing Sat Jun 02 17:51:59 UTC 2018 /home/travis/build/icyphy/ptII/ptolemy/domains/modal/test/auto/ABROFlat.xml
----------------- Instantiating /home/travis/build/icyphy/ptII/ptolemy/domains/modal/test/auto/ABROFlat.xml
25 ms. Memory: 332288K Free: 271596K (82%)
----------------- Invoking toplevel() on ptolemy.moml.MoMLSimpleApplication@11fb2a54
----------------- Done invoking toplevel() on ptolemy.moml.MoMLSimpleApplication@11fb2a54
reloadAllAccessors: .ABROFlat

===========================================================================================
----------------- testing Sat Jun 02 17:51:59 UTC 2018 /home/travis/build/icyphy/ptII/ptolemy/domains/modal/test/auto/ABROFlat2.xml
----------------- Instantiating /home/travis/build/icyphy/ptII/ptolemy/domains/modal/test/auto/ABROFlat2.xml
21 ms. Memory: 332288K Free: 253622K (76%)
----------------- Invoking toplevel() on ptolemy.moml.MoMLSimpleApplication@6bcfbd75
----------------- Done invoking toplevel() on ptolemy.moml.MoMLSimpleApplication@6bcfbd75
reloadAllAccessors: .ABROFlat2

===========================================================================================
----------------- testing Sat Jun 02 17:51:59 UTC 2018 /home/travis/build/icyphy/ptII/ptolemy/domains/modal/test/auto/ABRO_present_hmm.xml
----------------- Instantiating /home/travis/build/icyphy/ptII/ptolemy/domains/modal/test/auto/ABRO_present_hmm.xml
37 ms. Memory: 332288K Free: 222558K (67%)
----------------- Invoking toplevel() on ptolemy.moml.MoMLSimpleApplication@5b4a8a40
----------------- Done invoking toplevel() on ptolemy.moml.MoMLSimpleApplication@5b4a8a40
reloadAllAccessors: .ABRO_present_hmm

===========================================================================================
----------------- testing Sat Jun 02 17:51:59 UTC 2018 /home/travis/build/icyphy/ptII/ptolemy/domains/modal/test/auto/AMICoderExample.xml
----------------- Instantiating /home/travis/build/icyphy/ptII/ptolemy/domains/modal/test/auto/AMICoderExample.xml
23 ms. Memory: 332288K Free: 211121K (64%)
----------------- Invoking toplevel() on ptolemy.moml.MoMLSimpleApplication@11150d32
----------------- Done invoking toplevel() on ptolemy.moml.MoMLSimpleApplication@11150d32
reloadAllAccessors: .AMICoderExample

===========================================================================================
----------------- testing Sat Jun 02 17:52:00 UTC 2018 /home/travis/build/icyphy/ptII/ptolemy/domains/modal/test/auto/AbsentToPresent.xml
----------------- Instantiating /home/travis/build/icyphy/ptII/ptolemy/domains/modal/test/auto/AbsentToPresent.xml
8 ms. Memory: 332288K Free: 202805K (61%)
----------------- Invoking toplevel() on ptolemy.moml.MoMLSimpleApplication@569d7eb2
----------------- Done invoking toplevel() on ptolemy.moml.MoMLSimpleApplication@569d7eb2
reloadAllAccessors: .AbsentToPresent

===========================================================================================
----------------- testing Sat Jun 02 17:52:00 UTC 2018 /home/travis/build/icyphy/ptII/ptolemy/domains/modal/test/auto/Blending.xml
----------------- Instantiating /home/travis/build/icyphy/ptII/ptolemy/domains/modal/test/auto/Blending.xml
153 ms. Memory: 332288K Free: 153775K (46%)
----------------- Invoking toplevel() on ptolemy.moml.MoMLSimpleApplication@1f8b00b8
----------------- Done invoking toplevel() on ptolemy.moml.MoMLSimpleApplication@1f8b00b8
reloadAllAccessors: .Blending

===========================================================================================
----------------- testing Sat Jun 02 17:52:00 UTC 2018 /home/travis/build/icyphy/ptII/ptolemy/domains/modal/test/auto/Broadcast.xml
----------------- Instantiating /home/travis/build/icyphy/ptII/ptolemy/domains/modal/test/auto/Broadcast.xml
14 ms. Memory: 332288K Free: 140701K (42%)
----------------- Invoking toplevel() on ptolemy.moml.MoMLSimpleApplication@57bc6855
----------------- Done invoking toplevel() on ptolemy.moml.MoMLSimpleApplication@57bc6855
reloadAllAccessors: .Broadcast

===========================================================================================
----------------- testing Sat Jun 02 17:52:00 UTC 2018 /home/travis/build/icyphy/ptII/ptolemy/domains/modal/test/auto/BroadcastHierarchy.xml
----------------- Instantiating /home/travis/build/icyphy/ptII/ptolemy/domains/modal/test/auto/BroadcastHierarchy.xml
10 ms. Memory: 332288K Free: 124371K (37%)
----------------- Invoking toplevel() on ptolemy.moml.MoMLSimpleApplication@40f676fd
----------------- Done invoking toplevel() on ptolemy.moml.MoMLSimpleApplication@40f676fd
reloadAllAccessors: .BroadcastHierarchy

===========================================================================================
----------------- testing Sat Jun 02 17:52:00 UTC 2018 /home/travis/build/icyphy/ptII/ptolemy/domains/modal/test/auto/BroadcastHierarchy2.xml
----------------- Instantiating /home/travis/build/icyphy/ptII/ptolemy/domains/modal/test/auto/BroadcastHierarchy2.xml
19 ms. Memory: 332288K Free: 90042K (27%)
----------------- Invoking toplevel() on ptolemy.moml.MoMLSimpleApplication@71b5e3cb
----------------- Done invoking toplevel() on ptolemy.moml.MoMLSimpleApplication@71b5e3cb
reloadAllAccessors: .BroadcastHierarchy2

===========================================================================================
----------------- testing Sat Jun 02 17:52:00 UTC 2018 /home/travis/build/icyphy/ptII/ptolemy/domains/modal/test/auto/BroadcastHierarchy3.xml
----------------- Instantiating /home/travis/build/icyphy/ptII/ptolemy/domains/modal/test/auto/BroadcastHierarchy3.xml
17 ms. Memory: 333824K Free: 305253K (91%)
----------------- Invoking toplevel() on ptolemy.moml.MoMLSimpleApplication@660d8fc9
----------------- Done invoking toplevel() on ptolemy.moml.MoMLSimpleApplication@660d8fc9
reloadAllAccessors: .BroadcastHierarchy3

===========================================================================================
----------------- testing Sat Jun 02 17:52:00 UTC 2018 /home/travis/build/icyphy/ptII/ptolemy/domains/modal/test/auto/BroadcastHierarchy4.xml
----------------- Instantiating /home/travis/build/icyphy/ptII/ptolemy/domains/modal/test/auto/BroadcastHierarchy4.xml
23 ms. Memory: 333824K Free: 272301K (82%)
----------------- Invoking toplevel() on ptolemy.moml.MoMLSimpleApplication@5e8cfe0b
----------------- Done invoking toplevel() on ptolemy.moml.MoMLSimpleApplication@5e8cfe0b
reloadAllAccessors: .BroadcastHierarchy4

===========================================================================================
----------------- testing Sat Jun 02 17:52:00 UTC 2018 /home/travis/build/icyphy/ptII/ptolemy/domains/modal/test/auto/CannotAnalysisWithPreemption2.xml
----------------- Instantiating /home/travis/build/icyphy/ptII/ptolemy/domains/modal/test/auto/CannotAnalysisWithPreemption2.xml
6 ms. Memory: 333824K Free: 263736K (79%)
----------------- Invoking toplevel() on ptolemy.moml.MoMLSimpleApplication@4bd7712b
----------------- Done invoking toplevel() on ptolemy.moml.MoMLSimpleApplication@4bd7712b
reloadAllAccessors: .CannotAnalysisWithPreemption2

===========================================================================================
----------------- testing Sat Jun 02 17:52:00 UTC 2018 /home/travis/build/icyphy/ptII/ptolemy/domains/modal/test/auto/CannotAnalysisWithPreemption3.xml
----------------- Instantiating /home/travis/build/icyphy/ptII/ptolemy/domains/modal/test/auto/CannotAnalysisWithPreemption3.xml
7 ms. Memory: 333824K Free: 251469K (75%)
----------------- Invoking toplevel() on ptolemy.moml.MoMLSimpleApplication@1c38df69
----------------- Done invoking toplevel() on ptolemy.moml.MoMLSimpleApplication@1c38df69
reloadAllAccessors: .CannotAnalysisWithPreemption3

===========================================================================================
----------------- testing Sat Jun 02 17:52:00 UTC 2018 /home/travis/build/icyphy/ptII/ptolemy/domains/modal/test/auto/CannotProduce.xml
----------------- Instantiating /home/travis/build/icyphy/ptII/ptolemy/domains/modal/test/auto/CannotProduce.xml
12 ms. Memory: 333824K Free: 241815K (72%)
----------------- Invoking toplevel() on ptolemy.moml.MoMLSimpleApplication@74966ac4
----------------- Done invoking toplevel() on ptolemy.moml.MoMLSimpleApplication@74966ac4
reloadAllAccessors: .CannotProduce

===========================================================================================
----------------- testing Sat Jun 02 17:52:00 UTC 2018 /home/travis/build/icyphy/ptII/ptolemy/domains/modal/test/auto/CannotProduceModal.xml
----------------- Instantiating /home/travis/build/icyphy/ptII/ptolemy/domains/modal/test/auto/CannotProduceModal.xml
14 ms. Memory: 333824K Free: 233211K (70%)
----------------- Invoking toplevel() on ptolemy.moml.MoMLSimpleApplication@4da33a91
----------------- Done invoking toplevel() on ptolemy.moml.MoMLSimpleApplication@4da33a91
reloadAllAccessors: .CannotProduceModal

===========================================================================================
----------------- testing Sat Jun 02 17:52:00 UTC 2018 /home/travis/build/icyphy/ptII/ptolemy/domains/modal/test/auto/Case.xml
----------------- Instantiating /home/travis/build/icyphy/ptII/ptolemy/domains/modal/test/auto/Case.xml
31 ms. Memory: 333824K Free: 220919K (66%)
----------------- Invoking toplevel() on ptolemy.moml.MoMLSimpleApplication@e71ec21
----------------- Done invoking toplevel() on ptolemy.moml.MoMLSimpleApplication@e71ec21
reloadAllAccessors: .Case

===========================================================================================
----------------- testing Sat Jun 02 17:52:01 UTC 2018 /home/travis/build/icyphy/ptII/ptolemy/domains/modal/test/auto/Case1.xml
----------------- Instantiating /home/travis/build/icyphy/ptII/ptolemy/domains/modal/test/auto/Case1.xml
9 ms. Memory: 333824K Free: 210068K (63%)
----------------- Invoking toplevel() on ptolemy.moml.MoMLSimpleApplication@61a1334b
----------------- Done invoking toplevel() on ptolemy.moml.MoMLSimpleApplication@61a1334b
reloadAllAccessors: .Case1

===========================================================================================
----------------- testing Sat Jun 02 17:52:01 UTC 2018 /home/travis/build/icyphy/ptII/ptolemy/domains/modal/test/auto/Case2.xml
----------------- Instantiating /home/travis/build/icyphy/ptII/ptolemy/domains/modal/test/auto/Case2.xml
26 ms. Memory: 333824K Free: 197761K (59%)
----------------- Invoking toplevel() on ptolemy.moml.MoMLSimpleApplication@7e4967e0
----------------- Done invoking toplevel() on ptolemy.moml.MoMLSimpleApplication@7e4967e0
reloadAllAccessors: .Case2

===========================================================================================
----------------- testing Sat Jun 02 17:52:01 UTC 2018 /home/travis/build/icyphy/ptII/ptolemy/domains/modal/test/auto/CausalityInterface1.xml
----------------- Instantiating /home/travis/build/icyphy/ptII/ptolemy/domains/modal/test/auto/CausalityInterface1.xml
3 ms. Memory: 333824K Free: 191655K (57%)
----------------- Invoking toplevel() on ptolemy.moml.MoMLSimpleApplication@73f3f9c3
----------------- Done invoking toplevel() on ptolemy.moml.MoMLSimpleApplication@73f3f9c3
reloadAllAccessors: .CausalityInterface1

===========================================================================================
----------------- testing Sat Jun 02 17:52:01 UTC 2018 /home/travis/build/icyphy/ptII/ptolemy/domains/modal/test/auto/CausalityInterface10.xml
----------------- Instantiating /home/travis/build/icyphy/ptII/ptolemy/domains/modal/test/auto/CausalityInterface10.xml
5 ms. Memory: 333824K Free: 173413K (52%)
----------------- Invoking toplevel() on ptolemy.moml.MoMLSimpleApplication@43faaab9
----------------- Done invoking toplevel() on ptolemy.moml.MoMLSimpleApplication@43faaab9
reloadAllAccessors: .CausalityInterface10

===========================================================================================
----------------- testing Sat Jun 02 17:52:01 UTC 2018 /home/travis/build/icyphy/ptII/ptolemy/domains/modal/test/auto/CausalityInterface11.xml
----------------- Instantiating /home/travis/build/icyphy/ptII/ptolemy/domains/modal/test/auto/CausalityInterface11.xml
11 ms. Memory: 333824K Free: 158679K (48%)
----------------- Invoking toplevel() on ptolemy.moml.MoMLSimpleApplication@5aaf6f8b
----------------- Done invoking toplevel() on ptolemy.moml.MoMLSimpleApplication@5aaf6f8b
reloadAllAccessors: .CausalityInterface11

===========================================================================================
----------------- testing Sat Jun 02 17:52:01 UTC 2018 /home/travis/build/icyphy/ptII/ptolemy/domains/modal/test/auto/CausalityInterface12.xml
----------------- Instantiating /home/travis/build/icyphy/ptII/ptolemy/domains/modal/test/auto/CausalityInterface12.xml
7 ms. Memory: 333824K Free: 142692K (43%)
----------------- Invoking toplevel() on ptolemy.moml.MoMLSimpleApplication@47014633
----------------- Done invoking toplevel() on ptolemy.moml.MoMLSimpleApplication@47014633
reloadAllAccessors: .CausalityInterface12

===========================================================================================
----------------- testing Sat Jun 02 17:52:01 UTC 2018 /home/travis/build/icyphy/ptII/ptolemy/domains/modal/test/auto/CausalityInterface13.xml
----------------- Instantiating /home/travis/build/icyphy/ptII/ptolemy/domains/modal/test/auto/CausalityInterface13.xml
10 ms. Memory: 333824K Free: 123180K (37%)
----------------- Invoking toplevel() on ptolemy.moml.MoMLSimpleApplication@5fc51ab8
----------------- Done invoking toplevel() on ptolemy.moml.MoMLSimpleApplication@5fc51ab8
reloadAllAccessors: .CausalityInterface13

===========================================================================================
----------------- testing Sat Jun 02 17:52:01 UTC 2018 /home/travis/build/icyphy/ptII/ptolemy/domains/modal/test/auto/CausalityInterface14.xml
----------------- Instantiating /home/travis/build/icyphy/ptII/ptolemy/domains/modal/test/auto/CausalityInterface14.xml
13 ms. Memory: 333824K Free: 105980K (32%)
----------------- Invoking toplevel() on ptolemy.moml.MoMLSimpleApplication@7d9ea5e9
----------------- Done invoking toplevel() on ptolemy.moml.MoMLSimpleApplication@7d9ea5e9
reloadAllAccessors: .CausalityInterface14

===========================================================================================
----------------- testing Sat Jun 02 17:52:01 UTC 2018 /home/travis/build/icyphy/ptII/ptolemy/domains/modal/test/auto/CausalityInterface2.xml
----------------- Instantiating /home/travis/build/icyphy/ptII/ptolemy/domains/modal/test/auto/CausalityInterface2.xml
4 ms. Memory: 333824K Free: 98638K (30%)
----------------- Invoking toplevel() on ptolemy.moml.MoMLSimpleApplication@3cf58e47
----------------- Done invoking toplevel() on ptolemy.moml.MoMLSimpleApplication@3cf58e47
reloadAllAccessors: .CausalityInterface2

===========================================================================================
----------------- testing Sat Jun 02 17:52:01 UTC 2018 /home/travis/build/icyphy/ptII/ptolemy/domains/modal/test/auto/CausalityInterface3.xml
----------------- Instantiating /home/travis/build/icyphy/ptII/ptolemy/domains/modal/test/auto/CausalityInterface3.xml
2 ms. Memory: 333824K Free: 89008K (27%)
----------------- Invoking toplevel() on ptolemy.moml.MoMLSimpleApplication@3ada8c84
----------------- Done invoking toplevel() on ptolemy.moml.MoMLSimpleApplication@3ada8c84
reloadAllAccessors: .CausalityInterface3

===========================================================================================
----------------- testing Sat Jun 02 17:52:01 UTC 2018 /home/travis/build/icyphy/ptII/ptolemy/domains/modal/test/auto/CausalityInterface4.xml
----------------- Instantiating /home/travis/build/icyphy/ptII/ptolemy/domains/modal/test/auto/CausalityInterface4.xml
3 ms. Memory: 333824K Free: 81681K (24%)
----------------- Invoking toplevel() on ptolemy.moml.MoMLSimpleApplication@787c5516
----------------- Done invoking toplevel() on ptolemy.moml.MoMLSimpleApplication@787c5516
reloadAllAccessors: .CausalityInterface4

===========================================================================================
----------------- testing Sat Jun 02 17:52:01 UTC 2018 /home/travis/build/icyphy/ptII/ptolemy/domains/modal/test/auto/CausalityInterface5.xml
----------------- Instantiating /home/travis/build/icyphy/ptII/ptolemy/domains/modal/test/auto/CausalityInterface5.xml
5 ms. Memory: 578048K Free: 559133K (97%)
----------------- Invoking toplevel() on ptolemy.moml.MoMLSimpleApplication@512d7da9
----------------- Done invoking toplevel() on ptolemy.moml.MoMLSimpleApplication@512d7da9
reloadAllAccessors: .CausalityInterface5

===========================================================================================
----------------- testing Sat Jun 02 17:52:01 UTC 2018 /home/travis/build/icyphy/ptII/ptolemy/domains/modal/test/auto/CausalityInterface6.xml
----------------- Instantiating /home/travis/build/icyphy/ptII/ptolemy/domains/modal/test/auto/CausalityInterface6.xml
5 ms. Memory: 578048K Free: 543522K (94%)
----------------- Invoking toplevel() on ptolemy.moml.MoMLSimpleApplication@1fad509e
----------------- Done invoking toplevel() on ptolemy.moml.MoMLSimpleApplication@1fad509e
reloadAllAccessors: .CausalityInterface6

===========================================================================================
----------------- testing Sat Jun 02 17:52:01 UTC 2018 /home/travis/build/icyphy/ptII/ptolemy/domains/modal/test/auto/CausalityInterface7.xml
----------------- Instantiating /home/travis/build/icyphy/ptII/ptolemy/domains/modal/test/auto/CausalityInterface7.xml
2 ms. Memory: 578048K Free: 531294K (92%)
----------------- Invoking toplevel() on ptolemy.moml.MoMLSimpleApplication@419edd51
----------------- Done invoking toplevel() on ptolemy.moml.MoMLSimpleApplication@419edd51
reloadAllAccessors: .CausalityInterface7

===========================================================================================
----------------- testing Sat Jun 02 17:52:01 UTC 2018 /home/travis/build/icyphy/ptII/ptolemy/domains/modal/test/auto/CausalityInterface8.xml
----------------- Instantiating /home/travis/build/icyphy/ptII/ptolemy/domains/modal/test/auto/CausalityInterface8.xml
5 ms. Memory: 578048K Free: 519051K (90%)
----------------- Invoking toplevel() on ptolemy.moml.MoMLSimpleApplication@1f1615a4
----------------- Done invoking toplevel() on ptolemy.moml.MoMLSimpleApplication@1f1615a4
reloadAllAccessors: .CausalityInterface8

===========================================================================================
----------------- testing Sat Jun 02 17:52:01 UTC 2018 /home/travis/build/icyphy/ptII/ptolemy/domains/modal/test/auto/CausalityInterface9.xml
----------------- Instantiating /home/travis/build/icyphy/ptII/ptolemy/domains/modal/test/auto/CausalityInterface9.xml
11 ms. Memory: 578048K Free: 506824K (88%)
----------------- Invoking toplevel() on ptolemy.moml.MoMLSimpleApplication@2e67e4b3
----------------- Done invoking toplevel() on ptolemy.moml.MoMLSimpleApplication@2e67e4b3
reloadAllAccessors: .CausalityInterface9

===========================================================================================
----------------- testing Sat Jun 02 17:52:01 UTC 2018 /home/travis/build/icyphy/ptII/ptolemy/domains/modal/test/auto/ChainedTransitions.xml
----------------- Instantiating /home/travis/build/icyphy/ptII/ptolemy/domains/modal/test/auto/ChainedTransitions.xml
91 ms. Memory: 578048K Free: 474325K (82%)
----------------- Invoking toplevel() on ptolemy.moml.MoMLSimpleApplication@e34611a
----------------- Done invoking toplevel() on ptolemy.moml.MoMLSimpleApplication@e34611a
reloadAllAccessors: .ChainedTransitions

===========================================================================================
----------------- testing Sat Jun 02 17:52:01 UTC 2018 /home/travis/build/icyphy/ptII/ptolemy/domains/modal/test/auto/CycleOfImmediateTransitionsFSM.xml
----------------- Instantiating /home/travis/build/icyphy/ptII/ptolemy/domains/modal/test/auto/CycleOfImmediateTransitionsFSM.xml
2 ms. Memory: 578048K Free: 464556K (80%)
----------------- Invoking toplevel() on ptolemy.moml.MoMLSimpleApplication@60790eba
----------------- Done invoking toplevel() on ptolemy.moml.MoMLSimpleApplication@60790eba
reloadAllAccessors: .CycleOfImmediateTransitionsFSM

===========================================================================================
----------------- testing Sat Jun 02 17:52:01 UTC 2018 /home/travis/build/icyphy/ptII/ptolemy/domains/modal/test/auto/CycleOfImmediateTransitionsModal.xml
----------------- Instantiating /home/travis/build/icyphy/ptII/ptolemy/domains/modal/test/auto/CycleOfImmediateTransitionsModal.xml
2 ms. Memory: 578048K Free: 454778K (79%)
----------------- Invoking toplevel() on ptolemy.moml.MoMLSimpleApplication@3ddbcdc
----------------- Done invoking toplevel() on ptolemy.moml.MoMLSimpleApplication@3ddbcdc
reloadAllAccessors: .CycleOfImmediateTransitionsModal

===========================================================================================
----------------- testing Sat Jun 02 17:52:01 UTC 2018 /home/travis/build/icyphy/ptII/ptolemy/domains/modal/test/auto/CycleOfImmediateTransitionsModal2.xml
----------------- Instantiating /home/travis/build/icyphy/ptII/ptolemy/domains/modal/test/auto/CycleOfImmediateTransitionsModal2.xml
4 ms. Memory: 578048K Free: 444993K (77%)
----------------- Invoking toplevel() on ptolemy.moml.MoMLSimpleApplication@2b722226
----------------- Done invoking toplevel() on ptolemy.moml.MoMLSimpleApplication@2b722226
reloadAllAccessors: .CycleOfImmediateTransitionsModal2

===========================================================================================
----------------- testing Sat Jun 02 17:52:01 UTC 2018 /home/travis/build/icyphy/ptII/ptolemy/domains/modal/test/auto/CycleOfImmediateTransitionsModal3.xml
----------------- Instantiating /home/travis/build/icyphy/ptII/ptolemy/domains/modal/test/auto/CycleOfImmediateTransitionsModal3.xml
9 ms. Memory: 578048K Free: 412470K (71%)
----------------- Invoking toplevel() on ptolemy.moml.MoMLSimpleApplication@6dbd7551
----------------- Done invoking toplevel() on ptolemy.moml.MoMLSimpleApplication@6dbd7551
reloadAllAccessors: .CycleOfImmediateTransitionsModal3

===========================================================================================
----------------- testing Sat Jun 02 17:52:01 UTC 2018 /home/travis/build/icyphy/ptII/ptolemy/domains/modal/test/auto/DeepModal1.xml
----------------- Instantiating /home/travis/build/icyphy/ptII/ptolemy/domains/modal/test/auto/DeepModal1.xml
22 ms. Memory: 578048K Free: 395341K (68%)
----------------- Invoking toplevel() on ptolemy.moml.MoMLSimpleApplication@5206d202
----------------- Done invoking toplevel() on ptolemy.moml.MoMLSimpleApplication@5206d202
reloadAllAccessors: .DeepModal1

===========================================================================================
----------------- testing Sat Jun 02 17:52:02 UTC 2018 /home/travis/build/icyphy/ptII/ptolemy/domains/modal/test/auto/DeepModal2.xml
----------------- Instantiating /home/travis/build/icyphy/ptII/ptolemy/domains/modal/test/auto/DeepModal2.xml
31 ms. Memory: 578048K Free: 373281K (65%)
----------------- Invoking toplevel() on ptolemy.moml.MoMLSimpleApplication@4fadb181
----------------- Done invoking toplevel() on ptolemy.moml.MoMLSimpleApplication@4fadb181
reloadAllAccessors: .DeepModal2

===========================================================================================
----------------- testing Sat Jun 02 17:52:02 UTC 2018 /home/travis/build/icyphy/ptII/ptolemy/domains/modal/test/auto/DeepModal3.xml
----------------- Instantiating /home/travis/build/icyphy/ptII/ptolemy/domains/modal/test/auto/DeepModal3.xml
27 ms. Memory: 578048K Free: 351244K (61%)
----------------- Invoking toplevel() on ptolemy.moml.MoMLSimpleApplication@464d5023
----------------- Done invoking toplevel() on ptolemy.moml.MoMLSimpleApplication@464d5023
reloadAllAccessors: .DeepModal3

===========================================================================================
----------------- testing Sat Jun 02 17:52:02 UTC 2018 /home/travis/build/icyphy/ptII/ptolemy/domains/modal/test/auto/DeepModal4.xml
----------------- Instantiating /home/travis/build/icyphy/ptII/ptolemy/domains/modal/test/auto/DeepModal4.xml
34 ms. Memory: 578048K Free: 326056K (56%)
----------------- Invoking toplevel() on ptolemy.moml.MoMLSimpleApplication@35794df3
----------------- Done invoking toplevel() on ptolemy.moml.MoMLSimpleApplication@35794df3
reloadAllAccessors: .DeepModal4

===========================================================================================
----------------- testing Sat Jun 02 17:52:02 UTC 2018 /home/travis/build/icyphy/ptII/ptolemy/domains/modal/test/auto/Default1.xml
----------------- Instantiating /home/travis/build/icyphy/ptII/ptolemy/domains/modal/test/auto/Default1.xml
5 ms. Memory: 578048K Free: 316255K (55%)
----------------- Invoking toplevel() on ptolemy.moml.MoMLSimpleApplication@5cf3f310
----------------- Done invoking toplevel() on ptolemy.moml.MoMLSimpleApplication@5cf3f310
reloadAllAccessors: .Default1

===========================================================================================
----------------- testing Sat Jun 02 17:52:02 UTC 2018 /home/travis/build/icyphy/ptII/ptolemy/domains/modal/test/auto/Default2.xml
----------------- Instantiating /home/travis/build/icyphy/ptII/ptolemy/domains/modal/test/auto/Default2.xml
3 ms. Memory: 578048K Free: 306485K (53%)
----------------- Invoking toplevel() on ptolemy.moml.MoMLSimpleApplication@33713d32
----------------- Done invoking toplevel() on ptolemy.moml.MoMLSimpleApplication@33713d32
reloadAllAccessors: .Default2

===========================================================================================
----------------- testing Sat Jun 02 17:52:02 UTC 2018 /home/travis/build/icyphy/ptII/ptolemy/domains/modal/test/auto/Default3.xml
----------------- Instantiating /home/travis/build/icyphy/ptII/ptolemy/domains/modal/test/auto/Default3.xml
8 ms. Memory: 578048K Free: 296701K (51%)
----------------- Invoking toplevel() on ptolemy.moml.MoMLSimpleApplication@3a470e9e
----------------- Done invoking toplevel() on ptolemy.moml.MoMLSimpleApplication@3a470e9e
reloadAllAccessors: .Default3

===========================================================================================
----------------- testing Sat Jun 02 17:52:02 UTC 2018 /home/travis/build/icyphy/ptII/ptolemy/domains/modal/test/auto/Default4.xml
----------------- Instantiating /home/travis/build/icyphy/ptII/ptolemy/domains/modal/test/auto/Default4.xml
8 ms. Memory: 578048K Free: 283763K (49%)
----------------- Invoking toplevel() on ptolemy.moml.MoMLSimpleApplication@55eddce8
----------------- Done invoking toplevel() on ptolemy.moml.MoMLSimpleApplication@55eddce8
reloadAllAccessors: .Default4

===========================================================================================
----------------- testing Sat Jun 02 17:52:02 UTC 2018 /home/travis/build/icyphy/ptII/ptolemy/domains/modal/test/auto/Default5.xml
----------------- Instantiating /home/travis/build/icyphy/ptII/ptolemy/domains/modal/test/auto/Default5.xml
7 ms. Memory: 578048K Free: 273994K (47%)
----------------- Invoking toplevel() on ptolemy.moml.MoMLSimpleApplication@674b846b
----------------- Done invoking toplevel() on ptolemy.moml.MoMLSimpleApplication@674b846b
reloadAllAccessors: .Default5

===========================================================================================
----------------- testing Sat Jun 02 17:52:02 UTC 2018 /home/travis/build/icyphy/ptII/ptolemy/domains/modal/test/auto/EmptyGuard.xml
----------------- Instantiating /home/travis/build/icyphy/ptII/ptolemy/domains/modal/test/auto/EmptyGuard.xml
11 ms. Memory: 578048K Free: 264225K (46%)
----------------- Invoking toplevel() on ptolemy.moml.MoMLSimpleApplication@326bda63
----------------- Done invoking toplevel() on ptolemy.moml.MoMLSimpleApplication@326bda63
reloadAllAccessors: .EmptyGuard

===========================================================================================
----------------- testing Sat Jun 02 17:52:02 UTC 2018 /home/travis/build/icyphy/ptII/ptolemy/domains/modal/test/auto/ErrorTransition1.xml
----------------- Instantiating /home/travis/build/icyphy/ptII/ptolemy/domains/modal/test/auto/ErrorTransition1.xml
5 ms. Memory: 578048K Free: 254440K (44%)
----------------- Invoking toplevel() on ptolemy.moml.MoMLSimpleApplication@44e0bca2
----------------- Done invoking toplevel() on ptolemy.moml.MoMLSimpleApplication@44e0bca2
reloadAllAccessors: .ErrorTransition1

===========================================================================================
----------------- testing Sat Jun 02 17:52:02 UTC 2018 /home/travis/build/icyphy/ptII/ptolemy/domains/modal/test/auto/ErrorTransition10.xml
----------------- Instantiating /home/travis/build/icyphy/ptII/ptolemy/domains/modal/test/auto/ErrorTransition10.xml
10 ms. Memory: 578048K Free: 231734K (40%)
----------------- Invoking toplevel() on ptolemy.moml.MoMLSimpleApplication@328db112
----------------- Done invoking toplevel() on ptolemy.moml.MoMLSimpleApplication@328db112
reloadAllAccessors: .ErrorTransition10

===========================================================================================
----------------- testing Sat Jun 02 17:52:02 UTC 2018 /home/travis/build/icyphy/ptII/ptolemy/domains/modal/test/auto/ErrorTransition11.xml
----------------- Instantiating /home/travis/build/icyphy/ptII/ptolemy/domains/modal/test/auto/ErrorTransition11.xml
4 ms. Memory: 578048K Free: 217064K (38%)
----------------- Invoking toplevel() on ptolemy.moml.MoMLSimpleApplication@7cf0c02b
----------------- Done invoking toplevel() on ptolemy.moml.MoMLSimpleApplication@7cf0c02b
reloadAllAccessors: .ErrorTransition11

===========================================================================================
----------------- testing Sat Jun 02 17:52:02 UTC 2018 /home/travis/build/icyphy/ptII/ptolemy/domains/modal/test/auto/ErrorTransition2.xml
----------------- Instantiating /home/travis/build/icyphy/ptII/ptolemy/domains/modal/test/auto/ErrorTransition2.xml
6 ms. Memory: 578048K Free: 207287K (36%)
----------------- Invoking toplevel() on ptolemy.moml.MoMLSimpleApplication@430d395d
----------------- Done invoking toplevel() on ptolemy.moml.MoMLSimpleApplication@430d395d
reloadAllAccessors: .ErrorTransition2

===========================================================================================
----------------- testing Sat Jun 02 17:52:02 UTC 2018 /home/travis/build/icyphy/ptII/ptolemy/domains/modal/test/auto/ErrorTransition3.xml
----------------- Instantiating /home/travis/build/icyphy/ptII/ptolemy/domains/modal/test/auto/ErrorTransition3.xml
13 ms. Memory: 578048K Free: 195044K (34%)
----------------- Invoking toplevel() on ptolemy.moml.MoMLSimpleApplication@77ede5c9
----------------- Done invoking toplevel() on ptolemy.moml.MoMLSimpleApplication@77ede5c9
reloadAllAccessors: .ErrorTransition3

===========================================================================================
----------------- testing Sat Jun 02 17:52:02 UTC 2018 /home/travis/build/icyphy/ptII/ptolemy/domains/modal/test/auto/ErrorTransition4.xml
----------------- Instantiating /home/travis/build/icyphy/ptII/ptolemy/domains/modal/test/auto/ErrorTransition4.xml
10 ms. Memory: 578048K Free: 179672K (31%)
----------------- Invoking toplevel() on ptolemy.moml.MoMLSimpleApplication@149087f7
----------------- Done invoking toplevel() on ptolemy.moml.MoMLSimpleApplication@149087f7
reloadAllAccessors: .ErrorTransition4

===========================================================================================
----------------- testing Sat Jun 02 17:52:02 UTC 2018 /home/travis/build/icyphy/ptII/ptolemy/domains/modal/test/auto/ErrorTransition5.xml
----------------- Instantiating /home/travis/build/icyphy/ptII/ptolemy/domains/modal/test/auto/ErrorTransition5.xml
6 ms. Memory: 578048K Free: 167437K (29%)
----------------- Invoking toplevel() on ptolemy.moml.MoMLSimpleApplication@407b007e
----------------- Done invoking toplevel() on ptolemy.moml.MoMLSimpleApplication@407b007e
reloadAllAccessors: .ErrorTransition5

===========================================================================================
----------------- testing Sat Jun 02 17:52:02 UTC 2018 /home/travis/build/icyphy/ptII/ptolemy/domains/modal/test/auto/ErrorTransition6.xml
----------------- Instantiating /home/travis/build/icyphy/ptII/ptolemy/domains/modal/test/auto/ErrorTransition6.xml
8 ms. Memory: 578048K Free: 155194K (27%)
----------------- Invoking toplevel() on ptolemy.moml.MoMLSimpleApplication@24c1b8d6
----------------- Done invoking toplevel() on ptolemy.moml.MoMLSimpleApplication@24c1b8d6
reloadAllAccessors: .ErrorTransition6

===========================================================================================
----------------- testing Sat Jun 02 17:52:02 UTC 2018 /home/travis/build/icyphy/ptII/ptolemy/domains/modal/test/auto/ErrorTransition7.xml
----------------- Instantiating /home/travis/build/icyphy/ptII/ptolemy/domains/modal/test/auto/ErrorTransition7.xml
14 ms. Memory: 578048K Free: 138050K (24%)
----------------- Invoking toplevel() on ptolemy.moml.MoMLSimpleApplication@4afa1052
----------------- Done invoking toplevel() on ptolemy.moml.MoMLSimpleApplication@4afa1052
reloadAllAccessors: .ErrorTransition7

===========================================================================================
----------------- testing Sat Jun 02 17:52:02 UTC 2018 /home/travis/build/icyphy/ptII/ptolemy/domains/modal/test/auto/ErrorTransition8.xml
----------------- Instantiating /home/travis/build/icyphy/ptII/ptolemy/domains/modal/test/auto/ErrorTransition8.xml
49 ms. Memory: 578048K Free: 120937K (21%)
----------------- Invoking toplevel() on ptolemy.moml.MoMLSimpleApplication@79bf2042
----------------- Done invoking toplevel() on ptolemy.moml.MoMLSimpleApplication@79bf2042
reloadAllAccessors: .ErrorTransition8

===========================================================================================
----------------- testing Sat Jun 02 17:52:02 UTC 2018 /home/travis/build/icyphy/ptII/ptolemy/domains/modal/test/auto/ErrorTransition9.xml
----------------- Instantiating /home/travis/build/icyphy/ptII/ptolemy/domains/modal/test/auto/ErrorTransition9.xml
16 ms. Memory: 578048K Free: 100658K (17%)
----------------- Invoking toplevel() on ptolemy.moml.MoMLSimpleApplication@6af36c2d
----------------- Done invoking toplevel() on ptolemy.moml.MoMLSimpleApplication@6af36c2d
reloadAllAccessors: .ErrorTransition9

===========================================================================================
----------------- testing Sat Jun 02 17:52:02 UTC 2018 /home/travis/build/icyphy/ptII/ptolemy/domains/modal/test/auto/ExtendedFSM.xml
----------------- Instantiating /home/travis/build/icyphy/ptII/ptolemy/domains/modal/test/auto/ExtendedFSM.xml
5 ms. Memory: 578048K Free: 90873K (16%)
----------------- Invoking toplevel() on ptolemy.moml.MoMLSimpleApplication@4b1eddb6
----------------- Done invoking toplevel() on ptolemy.moml.MoMLSimpleApplication@4b1eddb6
reloadAllAccessors: .ExtendedFSM

===========================================================================================
----------------- testing Sat Jun 02 17:52:02 UTC 2018 /home/travis/build/icyphy/ptII/ptolemy/domains/modal/test/auto/FinalStates.xml
----------------- Instantiating /home/travis/build/icyphy/ptII/ptolemy/domains/modal/test/auto/FinalStates.xml
7 ms. Memory: 578048K Free: 81096K (14%)
----------------- Invoking toplevel() on ptolemy.moml.MoMLSimpleApplication@66b542b
----------------- Done invoking toplevel() on ptolemy.moml.MoMLSimpleApplication@66b542b
reloadAllAccessors: .FinalStates

===========================================================================================
----------------- testing Sat Jun 02 17:52:03 UTC 2018 /home/travis/build/icyphy/ptII/ptolemy/domains/modal/test/auto/FixedPointFSM.xml
----------------- Instantiating /home/travis/build/icyphy/ptII/ptolemy/domains/modal/test/auto/FixedPointFSM.xml
16 ms. Memory: 578048K Free: 550668K (95%)
----------------- Invoking toplevel() on ptolemy.moml.MoMLSimpleApplication@22b8f413
----------------- Done invoking toplevel() on ptolemy.moml.MoMLSimpleApplication@22b8f413
reloadAllAccessors: .FixedPointFSM

===========================================================================================
----------------- testing Sat Jun 02 17:52:03 UTC 2018 /home/travis/build/icyphy/ptII/ptolemy/domains/modal/test/auto/FixedPointIterationFSMActor.xml
----------------- Instantiating /home/travis/build/icyphy/ptII/ptolemy/domains/modal/test/auto/FixedPointIterationFSMActor.xml
5 ms. Memory: 578048K Free: 535423K (93%)
----------------- Invoking toplevel() on ptolemy.moml.MoMLSimpleApplication@19f665e5
----------------- Done invoking toplevel() on ptolemy.moml.MoMLSimpleApplication@19f665e5
reloadAllAccessors: .FixedPointIterationFSMActor

===========================================================================================
----------------- testing Sat Jun 02 17:52:03 UTC 2018 /home/travis/build/icyphy/ptII/ptolemy/domains/modal/test/auto/FixedPointIterationFSMActor2.xml
----------------- Instantiating /home/travis/build/icyphy/ptII/ptolemy/domains/modal/test/auto/FixedPointIterationFSMActor2.xml
12 ms. Memory: 578048K Free: 519125K (90%)
----------------- Invoking toplevel() on ptolemy.moml.MoMLSimpleApplication@5208718c
----------------- Done invoking toplevel() on ptolemy.moml.MoMLSimpleApplication@5208718c
reloadAllAccessors: .FixedPointIterationFSMActor2

===========================================================================================
----------------- testing Sat Jun 02 17:52:03 UTC 2018 /home/travis/build/icyphy/ptII/ptolemy/domains/modal/test/auto/ForbiddenInstantanousLoop.xml
----------------- Instantiating /home/travis/build/icyphy/ptII/ptolemy/domains/modal/test/auto/ForbiddenInstantanousLoop.xml
6 ms. Memory: 578048K Free: 500632K (87%)
----------------- Invoking toplevel() on ptolemy.moml.MoMLSimpleApplication@58425625
----------------- Done invoking toplevel() on ptolemy.moml.MoMLSimpleApplication@58425625
reloadAllAccessors: .ForbiddenInstantanousLoop

===========================================================================================
----------------- testing Sat Jun 02 17:52:03 UTC 2018 /home/travis/build/icyphy/ptII/ptolemy/domains/modal/test/auto/FunctionDependencyOfFSMActorTest.xml
----------------- Instantiating /home/travis/build/icyphy/ptII/ptolemy/domains/modal/test/auto/FunctionDependencyOfFSMActorTest.xml
12 ms. Memory: 578048K Free: 490863K (85%)
----------------- Invoking toplevel() on ptolemy.moml.MoMLSimpleApplication@67804ff9
----------------- Done invoking toplevel() on ptolemy.moml.MoMLSimpleApplication@67804ff9
reloadAllAccessors: .FunctionDependencyOfFSMActorTest

===========================================================================================
----------------- testing Sat Jun 02 17:52:03 UTC 2018 /home/travis/build/icyphy/ptII/ptolemy/domains/modal/test/auto/GuardExpression.xml
----------------- Instantiating /home/travis/build/icyphy/ptII/ptolemy/domains/modal/test/auto/GuardExpression.xml
2 ms. Memory: 578048K Free: 481086K (83%)
----------------- Invoking toplevel() on ptolemy.moml.MoMLSimpleApplication@55ff8909
----------------- Done invoking toplevel() on ptolemy.moml.MoMLSimpleApplication@55ff8909
reloadAllAccessors: .GuardExpression

===========================================================================================
----------------- testing Sat Jun 02 17:52:03 UTC 2018 /home/travis/build/icyphy/ptII/ptolemy/domains/modal/test/auto/GuardNotEvaluated.xml
----------------- Instantiating /home/travis/build/icyphy/ptII/ptolemy/domains/modal/test/auto/GuardNotEvaluated.xml
9 ms. Memory: 578048K Free: 465841K (81%)
----------------- Invoking toplevel() on ptolemy.moml.MoMLSimpleApplication@5602382f
----------------- Done invoking toplevel() on ptolemy.moml.MoMLSimpleApplication@5602382f
reloadAllAccessors: .GuardNotEvaluated

===========================================================================================
----------------- testing Sat Jun 02 17:52:03 UTC 2018 /home/travis/build/icyphy/ptII/ptolemy/domains/modal/test/auto/GuardNotEvaluated2.xml
----------------- Instantiating /home/travis/build/icyphy/ptII/ptolemy/domains/modal/test/auto/GuardNotEvaluated2.xml
7 ms. Memory: 578048K Free: 452816K (78%)
----------------- Invoking toplevel() on ptolemy.moml.MoMLSimpleApplication@4dbd294
----------------- Done invoking toplevel() on ptolemy.moml.MoMLSimpleApplication@4dbd294
reloadAllAccessors: .GuardNotEvaluated2

===========================================================================================
----------------- testing Sat Jun 02 17:52:03 UTC 2018 /home/travis/build/icyphy/ptII/ptolemy/domains/modal/test/auto/GuardOnAbsent.xml
----------------- Instantiating /home/travis/build/icyphy/ptII/ptolemy/domains/modal/test/auto/GuardOnAbsent.xml
9 ms. Memory: 578048K Free: 443039K (77%)
----------------- Invoking toplevel() on ptolemy.moml.MoMLSimpleApplication@33a01868
----------------- Done invoking toplevel() on ptolemy.moml.MoMLSimpleApplication@33a01868
reloadAllAccessors: .GuardOnAbsent

===========================================================================================
----------------- testing Sat Jun 02 17:52:03 UTC 2018 /home/travis/build/icyphy/ptII/ptolemy/domains/modal/test/auto/HierarchicalFSMTypeInference.xml
----------------- Instantiating /home/travis/build/icyphy/ptII/ptolemy/domains/modal/test/auto/HierarchicalFSMTypeInference.xml
5 ms. Memory: 578048K Free: 424522K (73%)
----------------- Invoking toplevel() on ptolemy.moml.MoMLSimpleApplication@5129b8ab
----------------- Done invoking toplevel() on ptolemy.moml.MoMLSimpleApplication@5129b8ab
reloadAllAccessors: .HierarchicalFSMTypeInference

===========================================================================================
----------------- testing Sat Jun 02 17:52:03 UTC 2018 /home/travis/build/icyphy/ptII/ptolemy/domains/modal/test/auto/Hysteresis.xml
----------------- Instantiating /home/travis/build/icyphy/ptII/ptolemy/domains/modal/test/auto/Hysteresis.xml
11 ms. Memory: 578048K Free: 404952K (70%)
----------------- Invoking toplevel() on ptolemy.moml.MoMLSimpleApplication@142c9e6b
----------------- Done invoking toplevel() on ptolemy.moml.MoMLSimpleApplication@142c9e6b
reloadAllAccessors: .Hysteresis

===========================================================================================
----------------- testing Sat Jun 02 17:52:03 UTC 2018 /home/travis/build/icyphy/ptII/ptolemy/domains/modal/test/auto/HysteresisWithDefault.xml
----------------- Instantiating /home/travis/build/icyphy/ptII/ptolemy/domains/modal/test/auto/HysteresisWithDefault.xml
35 ms. Memory: 578048K Free: 378853K (66%)
----------------- Invoking toplevel() on ptolemy.moml.MoMLSimpleApplication@bbb7cc0
----------------- Done invoking toplevel() on ptolemy.moml.MoMLSimpleApplication@bbb7cc0
reloadAllAccessors: .HysteresisWithDefault

===========================================================================================
----------------- testing Sat Jun 02 17:52:03 UTC 2018 /home/travis/build/icyphy/ptII/ptolemy/domains/modal/test/auto/HysteresisWithDefault2.xml
----------------- Instantiating /home/travis/build/icyphy/ptII/ptolemy/domains/modal/test/auto/HysteresisWithDefault2.xml
39 ms. Memory: 578048K Free: 344021K (60%)
----------------- Invoking toplevel() on ptolemy.moml.MoMLSimpleApplication@68b1609d
----------------- Done invoking toplevel() on ptolemy.moml.MoMLSimpleApplication@68b1609d
reloadAllAccessors: .HysteresisWithDefault2

===========================================================================================
----------------- testing Sat Jun 02 17:52:03 UTC 2018 /home/travis/build/icyphy/ptII/ptolemy/domains/modal/test/auto/ImmediateNonConstructiveness.xml
----------------- Instantiating /home/travis/build/icyphy/ptII/ptolemy/domains/modal/test/auto/ImmediateNonConstructiveness.xml
3 ms. Memory: 578048K Free: 334236K (58%)
----------------- Invoking toplevel() on ptolemy.moml.MoMLSimpleApplication@5575f2e6
----------------- Done invoking toplevel() on ptolemy.moml.MoMLSimpleApplication@5575f2e6
reloadAllAccessors: .ImmediateNonConstructiveness

===========================================================================================
----------------- testing Sat Jun 02 17:52:03 UTC 2018 /home/travis/build/icyphy/ptII/ptolemy/domains/modal/test/auto/ImmediateNonConstructiveness2.xml
----------------- Instantiating /home/travis/build/icyphy/ptII/ptolemy/domains/modal/test/auto/ImmediateNonConstructiveness2.xml
2 ms. Memory: 578048K Free: 322248K (56%)
----------------- Invoking toplevel() on ptolemy.moml.MoMLSimpleApplication@54adc0b9
----------------- Done invoking toplevel() on ptolemy.moml.MoMLSimpleApplication@54adc0b9
reloadAllAccessors: .ImmediateNonConstructiveness2

===========================================================================================
----------------- testing Sat Jun 02 17:52:03 UTC 2018 /home/travis/build/icyphy/ptII/ptolemy/domains/modal/test/auto/ImmediateTransitionReset.xml
----------------- Instantiating /home/travis/build/icyphy/ptII/ptolemy/domains/modal/test/auto/ImmediateTransitionReset.xml
5 ms. Memory: 578048K Free: 305958K (53%)
----------------- Invoking toplevel() on ptolemy.moml.MoMLSimpleApplication@c2ce09f
----------------- Done invoking toplevel() on ptolemy.moml.MoMLSimpleApplication@c2ce09f
reloadAllAccessors: .ImmediateTransitionReset

===========================================================================================
----------------- testing Sat Jun 02 17:52:03 UTC 2018 /home/travis/build/icyphy/ptII/ptolemy/domains/modal/test/auto/ImmediateTransitions1.xml
----------------- Instantiating /home/travis/build/icyphy/ptII/ptolemy/domains/modal/test/auto/ImmediateTransitions1.xml
1 ms. Memory: 578048K Free: 296173K (51%)
----------------- Invoking toplevel() on ptolemy.moml.MoMLSimpleApplication@7999f9d
----------------- Done invoking toplevel() on ptolemy.moml.MoMLSimpleApplication@7999f9d
reloadAllAccessors: .ImmediateTransitions1

===========================================================================================
----------------- testing Sat Jun 02 17:52:03 UTC 2018 /home/travis/build/icyphy/ptII/ptolemy/domains/modal/test/auto/ImmediateTransitionsInstantaneousCommunication.xml
----------------- Instantiating /home/travis/build/icyphy/ptII/ptolemy/domains/modal/test/auto/ImmediateTransitionsInstantaneousCommunication.xml
4 ms. Memory: 578048K Free: 277672K (48%)
----------------- Invoking toplevel() on ptolemy.moml.MoMLSimpleApplication@7473b26a
----------------- Done invoking toplevel() on ptolemy.moml.MoMLSimpleApplication@7473b26a
reloadAllAccessors: .ImmediateTransitionsInstantaneousCommunication

===========================================================================================
----------------- testing Sat Jun 02 17:52:03 UTC 2018 /home/travis/build/icyphy/ptII/ptolemy/domains/modal/test/auto/InitialImmediateTransition.xml
----------------- Instantiating /home/travis/build/icyphy/ptII/ptolemy/domains/modal/test/auto/InitialImmediateTransition.xml
3 ms. Memory: 578048K Free: 267887K (46%)
----------------- Invoking toplevel() on ptolemy.moml.MoMLSimpleApplication@67ddeaf6
----------------- Done invoking toplevel() on ptolemy.moml.MoMLSimpleApplication@67ddeaf6
reloadAllAccessors: .InitialImmediateTransition

===========================================================================================
----------------- testing Sat Jun 02 17:52:03 UTC 2018 /home/travis/build/icyphy/ptII/ptolemy/domains/modal/test/auto/InitialOutputs.xml
----------------- Instantiating /home/travis/build/icyphy/ptII/ptolemy/domains/modal/test/auto/InitialOutputs.xml
2 ms. Memory: 578048K Free: 258110K (45%)
----------------- Invoking toplevel() on ptolemy.moml.MoMLSimpleApplication@2a58bfa6
----------------- Done invoking toplevel() on ptolemy.moml.MoMLSimpleApplication@2a58bfa6
reloadAllAccessors: .InitialOutputs

===========================================================================================
----------------- testing Sat Jun 02 17:52:03 UTC 2018 /home/travis/build/icyphy/ptII/ptolemy/domains/modal/test/auto/InitialStateTransition1.xml
----------------- Instantiating /home/travis/build/icyphy/ptII/ptolemy/domains/modal/test/auto/InitialStateTransition1.xml
2 ms. Memory: 578048K Free: 242881K (42%)
----------------- Invoking toplevel() on ptolemy.moml.MoMLSimpleApplication@77d7b256
----------------- Done invoking toplevel() on ptolemy.moml.MoMLSimpleApplication@77d7b256
reloadAllAccessors: .InitialStateTransition1

===========================================================================================
----------------- testing Sat Jun 02 17:52:03 UTC 2018 /home/travis/build/icyphy/ptII/ptolemy/domains/modal/test/auto/InitialStateTransition2.xml
----------------- Instantiating /home/travis/build/icyphy/ptII/ptolemy/domains/modal/test/auto/InitialStateTransition2.xml
.InitialStateTransition2.TestExceptionAttributeNonConstructive: initialize() was not invoked, but wrapup() was.  This is unusual, but not always a problem.  For example, exporting JNLP will do this.
0 ms. Memory: 578048K Free: 229848K (40%)
----------------- Invoking toplevel() on ptolemy.moml.MoMLSimpleApplication@5223b881
----------------- Done invoking toplevel() on ptolemy.moml.MoMLSimpleApplication@5223b881
reloadAllAccessors: .InitialStateTransition2

===========================================================================================
----------------- testing Sat Jun 02 17:52:03 UTC 2018 /home/travis/build/icyphy/ptII/ptolemy/domains/modal/test/auto/InitialStateTransition3.xml
----------------- Instantiating /home/travis/build/icyphy/ptII/ptolemy/domains/modal/test/auto/InitialStateTransition3.xml
2 ms. Memory: 578048K Free: 216806K (38%)
----------------- Invoking toplevel() on ptolemy.moml.MoMLSimpleApplication@7f6cee52
----------------- Done invoking toplevel() on ptolemy.moml.MoMLSimpleApplication@7f6cee52
reloadAllAccessors: .InitialStateTransition3

===========================================================================================
----------------- testing Sat Jun 02 17:52:03 UTC 2018 /home/travis/build/icyphy/ptII/ptolemy/domains/modal/test/auto/InitialStateTransition4.xml
----------------- Instantiating /home/travis/build/icyphy/ptII/ptolemy/domains/modal/test/auto/InitialStateTransition4.xml
3 ms. Memory: 578048K Free: 201577K (35%)
----------------- Invoking toplevel() on ptolemy.moml.MoMLSimpleApplication@48babbc
----------------- Done invoking toplevel() on ptolemy.moml.MoMLSimpleApplication@48babbc
[...]
----------------- Done invoking toplevel() on ptolemy.moml.MoMLSimpleApplication@71875fdb
reloadAllAccessors: .TerminationTransition3

===========================================================================================
----------------- testing Sat Jun 02 17:52:05 UTC 2018 /home/travis/build/icyphy/ptII/ptolemy/domains/modal/test/auto/TerminationTransition4.xml
----------------- Instantiating /home/travis/build/icyphy/ptII/ptolemy/domains/modal/test/auto/TerminationTransition4.xml
6 ms. Memory: 871936K Free: 106869K (12%)
----------------- Invoking toplevel() on ptolemy.moml.MoMLSimpleApplication@64dab4a9
----------------- Done invoking toplevel() on ptolemy.moml.MoMLSimpleApplication@64dab4a9
reloadAllAccessors: .TerminationTransition4

===========================================================================================
----------------- testing Sat Jun 02 17:52:05 UTC 2018 /home/travis/build/icyphy/ptII/ptolemy/domains/modal/test/auto/TerminationTransition5.xml
----------------- Instantiating /home/travis/build/icyphy/ptII/ptolemy/domains/modal/test/auto/TerminationTransition5.xml
3 ms. Memory: 871936K Free: 86020K (10%)
----------------- Invoking toplevel() on ptolemy.moml.MoMLSimpleApplication@43369b95
----------------- Done invoking toplevel() on ptolemy.moml.MoMLSimpleApplication@43369b95
reloadAllAccessors: .TerminationTransition5

===========================================================================================
----------------- testing Sat Jun 02 17:52:05 UTC 2018 /home/travis/build/icyphy/ptII/ptolemy/domains/modal/test/auto/TerminationTransition6.xml
----------------- Instantiating /home/travis/build/icyphy/ptII/ptolemy/domains/modal/test/auto/TerminationTransition6.xml
1 ms. Memory: 871936K Free: 852411K (98%)
----------------- Invoking toplevel() on ptolemy.moml.MoMLSimpleApplication@5b7b2aa7
----------------- Done invoking toplevel() on ptolemy.moml.MoMLSimpleApplication@5b7b2aa7
reloadAllAccessors: .TerminationTransition6

===========================================================================================
----------------- testing Sat Jun 02 17:52:05 UTC 2018 /home/travis/build/icyphy/ptII/ptolemy/domains/modal/test/auto/TerminationTransition7.xml
----------------- Instantiating /home/travis/build/icyphy/ptII/ptolemy/domains/modal/test/auto/TerminationTransition7.xml
4 ms. Memory: 871936K Free: 834799K (96%)
----------------- Invoking toplevel() on ptolemy.moml.MoMLSimpleApplication@4f057826
----------------- Done invoking toplevel() on ptolemy.moml.MoMLSimpleApplication@4f057826
reloadAllAccessors: .TerminationTransition7

===========================================================================================
----------------- testing Sat Jun 02 17:52:05 UTC 2018 /home/travis/build/icyphy/ptII/ptolemy/domains/modal/test/auto/TerminationTransition8.xml
----------------- Instantiating /home/travis/build/icyphy/ptII/ptolemy/domains/modal/test/auto/TerminationTransition8.xml
2 ms. Memory: 871936K Free: 819147K (94%)
----------------- Invoking toplevel() on ptolemy.moml.MoMLSimpleApplication@49f7fdc8
----------------- Done invoking toplevel() on ptolemy.moml.MoMLSimpleApplication@49f7fdc8
reloadAllAccessors: .TerminationTransition8

===========================================================================================
----------------- testing Sat Jun 02 17:52:05 UTC 2018 /home/travis/build/icyphy/ptII/ptolemy/domains/modal/test/auto/Thermostat_NoHysteresis.xml
----------------- Instantiating /home/travis/build/icyphy/ptII/ptolemy/domains/modal/test/auto/Thermostat_NoHysteresis.xml
38 ms. Memory: 871936K Free: 785995K (90%)
----------------- Invoking toplevel() on ptolemy.moml.MoMLSimpleApplication@6822144b
----------------- Done invoking toplevel() on ptolemy.moml.MoMLSimpleApplication@6822144b
reloadAllAccessors: .Thermostat_NoHysteresis

===========================================================================================
----------------- testing Sat Jun 02 17:52:05 UTC 2018 /home/travis/build/icyphy/ptII/ptolemy/domains/modal/test/auto/TimedFSM.xml
----------------- Instantiating /home/travis/build/icyphy/ptII/ptolemy/domains/modal/test/auto/TimedFSM.xml
13 ms. Memory: 871936K Free: 770358K (88%)
----------------- Invoking toplevel() on ptolemy.moml.MoMLSimpleApplication@31686449
----------------- Done invoking toplevel() on ptolemy.moml.MoMLSimpleApplication@31686449
reloadAllAccessors: .TimedFSM

===========================================================================================
----------------- testing Sat Jun 02 17:52:05 UTC 2018 /home/travis/build/icyphy/ptII/ptolemy/domains/modal/test/auto/Timeout1.xml
----------------- Instantiating /home/travis/build/icyphy/ptII/ptolemy/domains/modal/test/auto/Timeout1.xml
5 ms. Memory: 871936K Free: 758072K (87%)
----------------- Invoking toplevel() on ptolemy.moml.MoMLSimpleApplication@7e1fc517
----------------- Done invoking toplevel() on ptolemy.moml.MoMLSimpleApplication@7e1fc517
reloadAllAccessors: .Timeout1

===========================================================================================
----------------- testing Sat Jun 02 17:52:05 UTC 2018 /home/travis/build/icyphy/ptII/ptolemy/domains/modal/test/auto/Timeout2.xml
----------------- Instantiating /home/travis/build/icyphy/ptII/ptolemy/domains/modal/test/auto/Timeout2.xml
4 ms. Memory: 871936K Free: 726783K (83%)
----------------- Invoking toplevel() on ptolemy.moml.MoMLSimpleApplication@17cec80
----------------- Done invoking toplevel() on ptolemy.moml.MoMLSimpleApplication@17cec80
reloadAllAccessors: .Timeout2

===========================================================================================
----------------- testing Sat Jun 02 17:52:05 UTC 2018 /home/travis/build/icyphy/ptII/ptolemy/domains/modal/test/auto/Timeout3.xml
----------------- Instantiating /home/travis/build/icyphy/ptII/ptolemy/domains/modal/test/auto/Timeout3.xml
2 ms. Memory: 871936K Free: 714496K (82%)
----------------- Invoking toplevel() on ptolemy.moml.MoMLSimpleApplication@cc6b538
----------------- Done invoking toplevel() on ptolemy.moml.MoMLSimpleApplication@cc6b538
reloadAllAccessors: .Timeout3

===========================================================================================
----------------- testing Sat Jun 02 17:52:05 UTC 2018 /home/travis/build/icyphy/ptII/ptolemy/domains/modal/test/auto/Timeout4.xml
----------------- Instantiating /home/travis/build/icyphy/ptII/ptolemy/domains/modal/test/auto/Timeout4.xml
2 ms. Memory: 871936K Free: 704072K (81%)
----------------- Invoking toplevel() on ptolemy.moml.MoMLSimpleApplication@8ae2948
----------------- Done invoking toplevel() on ptolemy.moml.MoMLSimpleApplication@8ae2948
reloadAllAccessors: .Timeout4

===========================================================================================
----------------- testing Sat Jun 02 17:52:05 UTC 2018 /home/travis/build/icyphy/ptII/ptolemy/domains/modal/test/auto/TransientstateModelAdvanced.xml
----------------- Instantiating /home/travis/build/icyphy/ptII/ptolemy/domains/modal/test/auto/TransientstateModelAdvanced.xml
3 ms. Memory: 871936K Free: 681353K (78%)
----------------- Invoking toplevel() on ptolemy.moml.MoMLSimpleApplication@7ddc7465
----------------- Done invoking toplevel() on ptolemy.moml.MoMLSimpleApplication@7ddc7465
reloadAllAccessors: .TransientstateModelAdvanced

===========================================================================================
----------------- testing Sat Jun 02 17:52:05 UTC 2018 /home/travis/build/icyphy/ptII/ptolemy/domains/modal/test/auto/TransientstateModelAdvanced2.xml
----------------- Instantiating /home/travis/build/icyphy/ptII/ptolemy/domains/modal/test/auto/TransientstateModelAdvanced2.xml
3 ms. Memory: 871936K Free: 660488K (76%)
----------------- Invoking toplevel() on ptolemy.moml.MoMLSimpleApplication@687b06c8
----------------- Done invoking toplevel() on ptolemy.moml.MoMLSimpleApplication@687b06c8
reloadAllAccessors: .transientstatemodelAdvanced

===========================================================================================
----------------- testing Sat Jun 02 17:52:05 UTC 2018 /home/travis/build/icyphy/ptII/ptolemy/domains/modal/test/auto/TransitionRefinements.xml
----------------- Instantiating /home/travis/build/icyphy/ptII/ptolemy/domains/modal/test/auto/TransitionRefinements.xml
12 ms. Memory: 871936K Free: 642974K (74%)
----------------- Invoking toplevel() on ptolemy.moml.MoMLSimpleApplication@510dcdc
----------------- Done invoking toplevel() on ptolemy.moml.MoMLSimpleApplication@510dcdc
reloadAllAccessors: .TransitionRefinements

===========================================================================================
----------------- testing Sat Jun 02 17:52:06 UTC 2018 /home/travis/build/icyphy/ptII/ptolemy/domains/modal/test/auto/TwoRefinements1.xml
----------------- Instantiating /home/travis/build/icyphy/ptII/ptolemy/domains/modal/test/auto/TwoRefinements1.xml
2 ms. Memory: 871936K Free: 627321K (72%)
----------------- Invoking toplevel() on ptolemy.moml.MoMLSimpleApplication@2ee48bf6
----------------- Done invoking toplevel() on ptolemy.moml.MoMLSimpleApplication@2ee48bf6
reloadAllAccessors: .TwoRefinements1

===========================================================================================
----------------- testing Sat Jun 02 17:52:06 UTC 2018 /home/travis/build/icyphy/ptII/ptolemy/domains/modal/test/auto/TwoRefinements2.xml
----------------- Instantiating /home/travis/build/icyphy/ptII/ptolemy/domains/modal/test/auto/TwoRefinements2.xml
2 ms. Memory: 871936K Free: 609807K (70%)
----------------- Invoking toplevel() on ptolemy.moml.MoMLSimpleApplication@6dba0230
----------------- Done invoking toplevel() on ptolemy.moml.MoMLSimpleApplication@6dba0230
reloadAllAccessors: .TwoRefinements2

===========================================================================================
----------------- testing Sat Jun 02 17:52:06 UTC 2018 /home/travis/build/icyphy/ptII/ptolemy/domains/modal/test/auto/WeakImmediateTransition.xml
----------------- Instantiating /home/travis/build/icyphy/ptII/ptolemy/domains/modal/test/auto/WeakImmediateTransition.xml
3 ms. Memory: 871936K Free: 594155K (68%)
----------------- Invoking toplevel() on ptolemy.moml.MoMLSimpleApplication@1d589df
----------------- Done invoking toplevel() on ptolemy.moml.MoMLSimpleApplication@1d589df
reloadAllAccessors: .WeakImmediateTransition

===========================================================================================
----------------- testing Sat Jun 02 17:52:06 UTC 2018 /home/travis/build/icyphy/ptII/ptolemy/domains/modal/test/auto/booleanSelect.xml
----------------- Instantiating /home/travis/build/icyphy/ptII/ptolemy/domains/modal/test/auto/booleanSelect.xml
30 ms. Memory: 871936K Free: 566184K (65%)
----------------- Invoking toplevel() on ptolemy.moml.MoMLSimpleApplication@6b240c71
----------------- Done invoking toplevel() on ptolemy.moml.MoMLSimpleApplication@6b240c71
reloadAllAccessors: .booleanSelect

===========================================================================================
----------------- testing Sat Jun 02 17:52:06 UTC 2018 /home/travis/build/icyphy/ptII/ptolemy/domains/modal/test/auto/modalChangingParams.xml
----------------- Instantiating /home/travis/build/icyphy/ptII/ptolemy/domains/modal/test/auto/modalChangingParams.xml
0
1
0
2
4
6
8
7
0
2
4
6
8
13
0
2
4
6
8
19
0
2
4
6
8
25
0
2
4
6
8
31
0
2
4
6
8
37
0
2
4
6
8
43
0
2
4
6
8
49
0
2
4
6
8
55
0
2
4
6
8
61
0
2
4
6
8
67
0
2
4
6
8
73
0
2
4
6
8
79
0
2
4
6
8
85
0
2
4
6
8
91
0
2
4
6
8
97
0
2
4
6
8
103
0
2
4
6
8
109
0
2
4
6
8
115
0
2
4
6
8
121
0
2
4
6
8
127
0
2
4
6
8
133
0
2
4
6
8
139
0
2
4
6
8
145
0
2
4
6
8
151
0
2
4
6
8
157
0
2
4
6
8
163
0
2
4
6
8
169
0
2
4
6
8
175
0
2
4
6
8
181
0
2
4
6
8
187
0
2
4
6
8
193
0
2
4
6
8
199
0
2
4
6
8
205
0
2
4
6
8
211
0
2
4
6
8
217
0
2
4
6
8
223
0
2
4
6
8
229
0
2
4
6
8
235
0
2
4
6
8
241
0
2
4
6
8
247
0
2
4
6
8
253
0
2
4
6
8
259
0
2
4
6
8
265
0
2
4
6
8
271
0
2
4
6
8
277
0
2
4
6
8
283
0
2
4
6
8
289
0
2
4
6
8
295
0
2
4
6
8
301
0
2
4
6
8
307
0
2
4
6
8
313
0
2
4
6
8
319
0
2
4
6
8
325
0
2
4
6
8
331
0
2
4
6
8
337
0
2
4
6
8
343
0
2
4
6
8
349
0
2
4
6
8
355
0
2
4
6
8
361
0
2
4
6
8
367
0
2
4
6
8
373
0
2
4
6
8
379
0
2
4
6
8
385
0
2
4
6
8
391
0
2
4
6
8
397
0
2
4
6
8
403
0
2
4
6
8
409
0
2
4
6
8
415
0
2
4
6
8
421
0
2
4
6
8
427
0
2
4
6
8
433
0
2
4
6
8
439
0
2
4
6
8
445
0
2
4
6
8
451
0
2
4
6
8
457
0
2
4
6
8
463
0
2
4
6
8
469
0
2
4
6
8
475
0
2
4
6
8
481
0
2
4
6
8
487
0
2
4
6
8
493
0
2
4
6
8
499
0
2
4
6
8
505
0
2
4
6
8
511
0
2
4
6
8
517
0
2
4
6
8
523
0
2
4
6
8
529
0
2
4
6
8
535
0
2
4
6
8
541
0
2
4
6
8
547
0
2
4
6
8
553
0
2
4
6
8
559
0
2
4
6
8
565
0
2
4
6
8
571
0
2
4
6
8
577
0
2
4
6
8
583
0
2
4
6
8
589
0
2
4
6
8
595
0
2
4
6
8
601
0
2
4
6
8
607
0
2
4
6
8
613
0
2
4
6
8
619
0
2
4
6
8
625
0
2
4
6
8
631
0
2
4
6
8
637
0
2
4
6
8
643
0
2
4
6
8
649
0
2
4
6
8
655
0
2
4
6
8
661
0
2
4
6
8
667
0
2
4
6
8
673
0
2
4
6
8
679
0
2
4
6
8
685
0
2
4
6
8
691
0
2
4
6
8
697
0
2
4
6
8
703
0
2
4
6
8
709
0
2
4
6
8
715
0
2
4
6
8
721
0
2
4
6
8
727
0
2
4
6
8
733
0
2
4
6
8
739
0
2
4
6
8
745
0
2
4
6
8
751
0
2
4
6
8
757
0
2
4
6
8
763
0
2
4
6
8
769
0
2
4
6
8
775
0
2
4
6
8
781
0
2
4
6
8
787
0
2
4
6
8
793
0
2
4
6
8
799
0
2
4
6
8
805
0
2
4
6
8
811
0
2
4
6
8
817
0
2
4
6
8
823
0
2
4
6
8
829
0
2
4
6
8
835
0
2
4
6
8
841
0
2
4
6
8
847
0
2
4
6
8
853
0
2
4
6
8
859
0
2
4
6
8
865
0
2
4
6
8
871
0
2
4
6
8
877
0
2
4
6
8
883
0
2
4
6
8
889
0
2
4
6
8
895
0
2
4
6
8
901
0
2
4
6
8
907
0
2
4
6
8
913
0
2
4
6
8
919
0
2
4
6
8
925
0
2
4
6
8
931
0
2
4
6
8
937
0
2
4
6
8
943
0
2
4
6
8
949
0
2
4
6
8
955
0
2
4
6
8
961
0
2
4
6
8
967
0
2
4
6
8
973
0
2
4
6
8
979
0
2
4
6
8
985
0
2
4
6
8
991
0
2
4
6
8
997
0
2
180 ms. Memory: 871936K Free: 451380K (52%)
----------------- Invoking toplevel() on ptolemy.moml.MoMLSimpleApplication@184a7f26
----------------- Done invoking toplevel() on ptolemy.moml.MoMLSimpleApplication@184a7f26
reloadAllAccessors: .modalChangingParams

===========================================================================================
----------------- testing Sat Jun 02 17:52:06 UTC 2018 /home/travis/build/icyphy/ptII/ptolemy/domains/modal/test/auto/modalModel.xml
----------------- Instantiating /home/travis/build/icyphy/ptII/ptolemy/domains/modal/test/auto/modalModel.xml
5 ms. Memory: 871936K Free: 433865K (50%)
----------------- Invoking toplevel() on ptolemy.moml.MoMLSimpleApplication@505a4f75
----------------- Done invoking toplevel() on ptolemy.moml.MoMLSimpleApplication@505a4f75
reloadAllAccessors: .modalModel

===========================================================================================
----------------- testing Sat Jun 02 17:52:06 UTC 2018 /home/travis/build/icyphy/ptII/ptolemy/domains/modal/test/auto/modalModel2.xml
----------------- Instantiating /home/travis/build/icyphy/ptII/ptolemy/domains/modal/test/auto/modalModel2.xml
6 ms. Memory: 871936K Free: 418213K (48%)
----------------- Invoking toplevel() on ptolemy.moml.MoMLSimpleApplication@164099c7
----------------- Done invoking toplevel() on ptolemy.moml.MoMLSimpleApplication@164099c7
reloadAllAccessors: .modalModel2

===========================================================================================
----------------- testing Sat Jun 02 17:52:06 UTC 2018 /home/travis/build/icyphy/ptII/ptolemy/domains/modal/test/auto/modalModel3.xml
----------------- Instantiating /home/travis/build/icyphy/ptII/ptolemy/domains/modal/test/auto/modalModel3.xml
0	0	0
3	2	1
6	4	2
9	6	3
4	0	4
7	2	5
10	4	6
13	6	7
8	0	8
11	2	9
14	4	10
17	6	11
12	0	12
15	2	13
18	4	14
10 ms. Memory: 871936K Free: 402568K (46%)
----------------- Invoking toplevel() on ptolemy.moml.MoMLSimpleApplication@2304301c
----------------- Done invoking toplevel() on ptolemy.moml.MoMLSimpleApplication@2304301c
reloadAllAccessors: .modalModel3

===========================================================================================
----------------- testing Sat Jun 02 17:52:06 UTC 2018 /home/travis/build/icyphy/ptII/ptolemy/domains/modal/test/auto/model1.xml
----------------- Instantiating /home/travis/build/icyphy/ptII/ptolemy/domains/modal/test/auto/model1.xml
8 ms. Memory: 871936K Free: 390282K (45%)
----------------- Invoking toplevel() on ptolemy.moml.MoMLSimpleApplication@49c99439
----------------- Done invoking toplevel() on ptolemy.moml.MoMLSimpleApplication@49c99439
reloadAllAccessors: .model1

===========================================================================================
----------------- testing Sat Jun 02 17:52:06 UTC 2018 /home/travis/build/icyphy/ptII/ptolemy/domains/modal/test/auto/test-direct-in-out.xml
----------------- Instantiating /home/travis/build/icyphy/ptII/ptolemy/domains/modal/test/auto/test-direct-in-out.xml
4 ms. Memory: 871936K Free: 374637K (43%)
----------------- Invoking toplevel() on ptolemy.moml.MoMLSimpleApplication@11446a1
----------------- Done invoking toplevel() on ptolemy.moml.MoMLSimpleApplication@11446a1
reloadAllAccessors: .test-direct-in-out
AutoTests.java: About to close Vertx.
AutoTests.java: Vertx closed.
]]></system-out>
  <system-err><![CDATA[java.lang.RuntimeException: Execution failed
	at ptolemy.moml.MoMLSimpleApplication$UnloadThread.run(MoMLSimpleApplication.java:402)
Caused by: ptolemy.kernel.util.IllegalActionException: Unknown inputs remain. Possible causality loop:
L_model_1893289564i

  in .CannotAnalysisWithPreemption.model_1893289564_region_1 and .CannotAnalysisWithPreemption.model_1893289564_region_1.L_model_1893289564i
	at ptolemy.actor.sched.FixedPointDirector.postfire(FixedPointDirector.java:515)
	at ptolemy.domains.sr.kernel.SRDirector.postfire(SRDirector.java:417)
	at ptolemy.actor.CompositeActor.postfire(CompositeActor.java:1668)
	at ptolemy.actor.Manager.iterate(Manager.java:852)
	at ptolemy.actor.Manager.execute(Manager.java:369)
	at ptolemy.actor.Manager.run(Manager.java:1263)
	at ptolemy.actor.Manager$PtolemyRunThread.run(Manager.java:1915)
java.lang.reflect.InvocationTargetException
	at sun.reflect.NativeConstructorAccessorImpl.newInstance0(Native Method)
	at sun.reflect.NativeConstructorAccessorImpl.newInstance(NativeConstructorAccessorImpl.java:62)
	at sun.reflect.DelegatingConstructorAccessorImpl.newInstance(DelegatingConstructorAccessorImpl.java:45)
	at java.lang.reflect.Constructor.newInstance(Constructor.java:423)
	at ptolemy.util.test.junit.AutoKnownFailedTests.RunModel(AutoKnownFailedTests.java:107)
	at sun.reflect.NativeMethodAccessorImpl.invoke0(Native Method)
	at sun.reflect.NativeMethodAccessorImpl.invoke(NativeMethodAccessorImpl.java:62)
	at sun.reflect.DelegatingMethodAccessorImpl.invoke(DelegatingMethodAccessorImpl.java:43)
	at java.lang.reflect.Method.invoke(Method.java:498)
	at org.junit.runners.model.FrameworkMethod$1.runReflectiveCall(FrameworkMethod.java:44)
	at org.junit.internal.runners.model.ReflectiveCallable.run(ReflectiveCallable.java:15)
	at org.junit.runners.model.FrameworkMethod.invokeExplosively(FrameworkMethod.java:41)
	at junitparams.internal.InvokeParameterisedMethod.evaluate(InvokeParameterisedMethod.java:102)
	at org.junit.internal.runners.statements.FailOnTimeout$1.run(FailOnTimeout.java:28)
Caused by: ptolemy.kernel.util.IllegalActionException: Unknown inputs remain. Possible causality loop:
L_model_1893289564i

  in .CannotAnalysisWithPreemption.model_1893289564_region_1 and .CannotAnalysisWithPreemption.model_1893289564_region_1.L_model_1893289564i
	at ptolemy.actor.sched.FixedPointDirector.postfire(FixedPointDirector.java:515)
	at ptolemy.domains.sr.kernel.SRDirector.postfire(SRDirector.java:417)
	at ptolemy.actor.CompositeActor.postfire(CompositeActor.java:1668)
	at ptolemy.actor.Manager.iterate(Manager.java:852)
	at ptolemy.actor.Manager.execute(Manager.java:369)
	at ptolemy.actor.Manager.run(Manager.java:1263)
	at ptolemy.actor.Manager$PtolemyRunThread.run(Manager.java:1915)
]]></system-err>
</testsuite>
