<?xml version="1.0" encoding="UTF-8" ?>
<testsuite errors="0" failures="0" hostname="travis-job-88cb4940-1013-4a79-94cd-c2414cd1a261" name="ptolemy.domains.de.test.junit.JUnitTclTest" skipped="0" tests="101" time="127.443" timestamp="2019-02-17T04:03:33">
  <properties>
[...]
</properties>
  <testcase classname="ptolemy.util.test.junit.TclTests" name="[0] /home/travis/build/icyphy/ptII/ptolemy/domains/de/test/DependencyLoop.tcl (RunTclFile)" time="0.744" />
  <testcase classname="ptolemy.util.test.junit.TclTests" name="[1] /home/travis/build/icyphy/ptII/ptolemy/domains/de/test/RunDETestsAsQSS.tcl (RunTclFile)" time="87.333" />
  <testcase classname="ptolemy.util.test.junit.AutoKnownFailedTests" name="[0] /home/travis/build/icyphy/ptII/ptolemy/domains/de/test/auto/knownFailedTests/DESDFClockTest.xml (RunModel)" time="2.03" />
  <testcase classname="ptolemy.util.test.junit.AutoKnownFailedTests" name="[1] /home/travis/build/icyphy/ptII/ptolemy/domains/de/test/auto/knownFailedTests/DirectFeedback.xml (RunModel)" time="0.012" />
  <testcase classname="ptolemy.util.test.junit.AutoKnownFailedTests" name="[2] /home/travis/build/icyphy/ptII/ptolemy/domains/de/test/auto/knownFailedTests/FSMSource.xml (RunModel)" time="0.024" />
  <testcase classname="ptolemy.util.test.junit.AutoKnownFailedTests" name="[3] /home/travis/build/icyphy/ptII/ptolemy/domains/de/test/auto/knownFailedTests/HierarchicalModel.xml (RunModel)" time="0.025" />
  <testcase classname="ptolemy.util.test.junit.AutoKnownFailedTests" name="[4] /home/travis/build/icyphy/ptII/ptolemy/domains/de/test/auto/knownFailedTests/dependencyLoop.xml (RunModel)" time="0.022" />
  <testcase classname="ptolemy.util.test.junit.AutoKnownFailedTests" name="[5] /home/travis/build/icyphy/ptII/ptolemy/domains/de/test/auto/knownFailedTests/dependencyLoop2.xml (RunModel)" time="0.027" />
  <testcase classname="ptolemy.util.test.junit.AutoNameArchTests" name="[0] ThereAreNoAutoArchTests (RunModel)" time="0.005" />
  <testcase classname="ptolemy.util.test.junit.AutoTests" name="[0] /home/travis/build/icyphy/ptII/ptolemy/domains/de/test/auto/ActorDepthCalculation_actorWithoutPorts.xml (RunModel)" time="0.014" />
  <testcase classname="ptolemy.util.test.junit.AutoTests" name="[1] /home/travis/build/icyphy/ptII/ptolemy/domains/de/test/auto/AssemblyLine.xml (RunModel)" time="0.018" />
  <testcase classname="ptolemy.util.test.junit.AutoTests" name="[2] /home/travis/build/icyphy/ptII/ptolemy/domains/de/test/auto/CQBug1.xml (RunModel)" time="0.008" />
  <testcase classname="ptolemy.util.test.junit.AutoTests" name="[3] /home/travis/build/icyphy/ptII/ptolemy/domains/de/test/auto/CancelFireAt.xml (RunModel)" time="0.007" />
  <testcase classname="ptolemy.util.test.junit.AutoTests" name="[4] /home/travis/build/icyphy/ptII/ptolemy/domains/de/test/auto/CausalityAndComposabilityAnalysis.xml (RunModel)" time="0.008" />
  <testcase classname="ptolemy.util.test.junit.AutoTests" name="[5] /home/travis/build/icyphy/ptII/ptolemy/domains/de/test/auto/CausalityInterface1.xml (RunModel)" time="0.01" />
  <testcase classname="ptolemy.util.test.junit.AutoTests" name="[6] /home/travis/build/icyphy/ptII/ptolemy/domains/de/test/auto/CausalityInterface15.xml (RunModel)" time="0.011" />
  <testcase classname="ptolemy.util.test.junit.AutoTests" name="[7] /home/travis/build/icyphy/ptII/ptolemy/domains/de/test/auto/CausalityInterface2.xml (RunModel)" time="0.009" />
  <testcase classname="ptolemy.util.test.junit.AutoTests" name="[8] /home/travis/build/icyphy/ptII/ptolemy/domains/de/test/auto/CausalityInterface3.xml (RunModel)" time="0.012" />
  <testcase classname="ptolemy.util.test.junit.AutoTests" name="[9] /home/travis/build/icyphy/ptII/ptolemy/domains/de/test/auto/ClockDrift.xml (RunModel)" time="0.026" />
  <testcase classname="ptolemy.util.test.junit.AutoTests" name="[10] /home/travis/build/icyphy/ptII/ptolemy/domains/de/test/auto/ClockDriftAndValueChange.xml (RunModel)" time="0.03" />
  <testcase classname="ptolemy.util.test.junit.AutoTests" name="[11] /home/travis/build/icyphy/ptII/ptolemy/domains/de/test/auto/ClockDriftChange.xml (RunModel)" time="0.021" />
  <testcase classname="ptolemy.util.test.junit.AutoTests" name="[12] /home/travis/build/icyphy/ptII/ptolemy/domains/de/test/auto/ComposableCausalityAnalysis.xml (RunModel)" time="0.015" />
  <testcase classname="ptolemy.util.test.junit.AutoTests" name="[13] /home/travis/build/icyphy/ptII/ptolemy/domains/de/test/auto/DEFixedPointLimitation.xml (RunModel)" time="0.007" />
  <testcase classname="ptolemy.util.test.junit.AutoTests" name="[14] /home/travis/build/icyphy/ptII/ptolemy/domains/de/test/auto/DEScheduleTest.xml (RunModel)" time="0.009" />
  <testcase classname="ptolemy.util.test.junit.AutoTests" name="[15] /home/travis/build/icyphy/ptII/ptolemy/domains/de/test/auto/DEinDEwithStartTimes.xml (RunModel)" time="0.01" />
  <testcase classname="ptolemy.util.test.junit.AutoTests" name="[16] /home/travis/build/icyphy/ptII/ptolemy/domains/de/test/auto/DEinDEwithStartTimes2.xml (RunModel)" time="0.012" />
  <testcase classname="ptolemy.util.test.junit.AutoTests" name="[17] /home/travis/build/icyphy/ptII/ptolemy/domains/de/test/auto/DateDemo.xml (RunModel)" time="0.021" />
  <testcase classname="ptolemy.util.test.junit.AutoTests" name="[18] /home/travis/build/icyphy/ptII/ptolemy/domains/de/test/auto/DateToEvent.xml (RunModel)" time="2.031" />
  <testcase classname="ptolemy.util.test.junit.AutoTests" name="[19] /home/travis/build/icyphy/ptII/ptolemy/domains/de/test/auto/DepthTest1.xml (RunModel)" time="0.01" />
  <testcase classname="ptolemy.util.test.junit.AutoTests" name="[20] /home/travis/build/icyphy/ptII/ptolemy/domains/de/test/auto/DepthTest2.xml (RunModel)" time="0.014" />
  <testcase classname="ptolemy.util.test.junit.AutoTests" name="[21] /home/travis/build/icyphy/ptII/ptolemy/domains/de/test/auto/DepthTest3.xml (RunModel)" time="0.006" />
  <testcase classname="ptolemy.util.test.junit.AutoTests" name="[22] /home/travis/build/icyphy/ptII/ptolemy/domains/de/test/auto/DepthTest4.xml (RunModel)" time="0.007" />
  <testcase classname="ptolemy.util.test.junit.AutoTests" name="[23] /home/travis/build/icyphy/ptII/ptolemy/domains/de/test/auto/DepthTest5.xml (RunModel)" time="0.018" />
  <testcase classname="ptolemy.util.test.junit.AutoTests" name="[24] /home/travis/build/icyphy/ptII/ptolemy/domains/de/test/auto/DepthTest6.xml (RunModel)" time="0.009" />
  <testcase classname="ptolemy.util.test.junit.AutoTests" name="[25] /home/travis/build/icyphy/ptII/ptolemy/domains/de/test/auto/DepthTest7.xml (RunModel)" time="0.012" />
  <testcase classname="ptolemy.util.test.junit.AutoTests" name="[26] /home/travis/build/icyphy/ptII/ptolemy/domains/de/test/auto/EventToDate.xml (RunModel)" time="3.024" />
  <testcase classname="ptolemy.util.test.junit.AutoTests" name="[27] /home/travis/build/icyphy/ptII/ptolemy/domains/de/test/auto/FSM1.xml (RunModel)" time="0.028" />
  <testcase classname="ptolemy.util.test.junit.AutoTests" name="[28] /home/travis/build/icyphy/ptII/ptolemy/domains/de/test/auto/FSM7.xml (RunModel)" time="0.033" />
  <testcase classname="ptolemy.util.test.junit.AutoTests" name="[29] /home/travis/build/icyphy/ptII/ptolemy/domains/de/test/auto/Inspection.xml (RunModel)" time="0.035" />
  <testcase classname="ptolemy.util.test.junit.AutoTests" name="[30] /home/travis/build/icyphy/ptII/ptolemy/domains/de/test/auto/Iteration.xml (RunModel)" time="0.036" />
  <testcase classname="ptolemy.util.test.junit.AutoTests" name="[31] /home/travis/build/icyphy/ptII/ptolemy/domains/de/test/auto/LineFault.xml (RunModel)" time="0.429" />
  <testcase classname="ptolemy.util.test.junit.AutoTests" name="[32] /home/travis/build/icyphy/ptII/ptolemy/domains/de/test/auto/MergeModel1Add.xml (RunModel)" time="0.034" />
  <testcase classname="ptolemy.util.test.junit.AutoTests" name="[33] /home/travis/build/icyphy/ptII/ptolemy/domains/de/test/auto/MergeModel2Add.xml (RunModel)" time="0.027" />
  <testcase classname="ptolemy.util.test.junit.AutoTests" name="[34] /home/travis/build/icyphy/ptII/ptolemy/domains/de/test/auto/MergeModel3Add.xml (RunModel)" time="0.033" />
  <testcase classname="ptolemy.util.test.junit.AutoTests" name="[35] /home/travis/build/icyphy/ptII/ptolemy/domains/de/test/auto/MergeWithoutDiscard.xml (RunModel)" time="0.008" />
  <testcase classname="ptolemy.util.test.junit.AutoTests" name="[36] /home/travis/build/icyphy/ptII/ptolemy/domains/de/test/auto/Modal1.xml (RunModel)" time="0.025" />
  <testcase classname="ptolemy.util.test.junit.AutoTests" name="[37] /home/travis/build/icyphy/ptII/ptolemy/domains/de/test/auto/Modal2.xml (RunModel)" time="0.024" />
  <testcase classname="ptolemy.util.test.junit.AutoTests" name="[38] /home/travis/build/icyphy/ptII/ptolemy/domains/de/test/auto/Modal3.xml (RunModel)" time="0.034" />
  <testcase classname="ptolemy.util.test.junit.AutoTests" name="[39] /home/travis/build/icyphy/ptII/ptolemy/domains/de/test/auto/Modal4.xml (RunModel)" time="0.021" />
  <testcase classname="ptolemy.util.test.junit.AutoTests" name="[40] /home/travis/build/icyphy/ptII/ptolemy/domains/de/test/auto/Modal5.xml (RunModel)" time="0.02" />
  <testcase classname="ptolemy.util.test.junit.AutoTests" name="[41] /home/travis/build/icyphy/ptII/ptolemy/domains/de/test/auto/Modal6.xml (RunModel)" time="0.016" />
  <testcase classname="ptolemy.util.test.junit.AutoTests" name="[42] /home/travis/build/icyphy/ptII/ptolemy/domains/de/test/auto/Modal7.xml (RunModel)" time="0.022" />
  <testcase classname="ptolemy.util.test.junit.AutoTests" name="[43] /home/travis/build/icyphy/ptII/ptolemy/domains/de/test/auto/ModalModel.xml (RunModel)" time="0.125" />
  <testcase classname="ptolemy.util.test.junit.AutoTests" name="[44] /home/travis/build/icyphy/ptII/ptolemy/domains/de/test/auto/ModalSource.xml (RunModel)" time="0.013" />
  <testcase classname="ptolemy.util.test.junit.AutoTests" name="[45] /home/travis/build/icyphy/ptII/ptolemy/domains/de/test/auto/NonInterruptibleTimerZeroDelay.xml (RunModel)" time="0.006" />
  <testcase classname="ptolemy.util.test.junit.AutoTests" name="[46] /home/travis/build/icyphy/ptII/ptolemy/domains/de/test/auto/OpenQueueingNetwork.xml (RunModel)" time="1.681" />
  <testcase classname="ptolemy.util.test.junit.AutoTests" name="[47] /home/travis/build/icyphy/ptII/ptolemy/domains/de/test/auto/OpenQueuingNetwork.xml (RunModel)" time="0.258" />
  <testcase classname="ptolemy.util.test.junit.AutoTests" name="[48] /home/travis/build/icyphy/ptII/ptolemy/domains/de/test/auto/PeriodicSampler.xml (RunModel)" time="0.011" />
  <testcase classname="ptolemy.util.test.junit.AutoTests" name="[49] /home/travis/build/icyphy/ptII/ptolemy/domains/de/test/auto/PersistentIO.xml (RunModel)" time="0.017" />
  <testcase classname="ptolemy.util.test.junit.AutoTests" name="[50] /home/travis/build/icyphy/ptII/ptolemy/domains/de/test/auto/PortParameterResetOnInitialize.xml (RunModel)" time="0.008" />
  <testcase classname="ptolemy.util.test.junit.AutoTests" name="[51] /home/travis/build/icyphy/ptII/ptolemy/domains/de/test/auto/PortParameterUpdates.xml (RunModel)" time="0.013" />
  <testcase classname="ptolemy.util.test.junit.AutoTests" name="[52] /home/travis/build/icyphy/ptII/ptolemy/domains/de/test/auto/QueueAndServer.xml (RunModel)" time="0.021" />
  <testcase classname="ptolemy.util.test.junit.AutoTests" name="[53] /home/travis/build/icyphy/ptII/ptolemy/domains/de/test/auto/Records.xml (RunModel)" time="0.017" />
  <testcase classname="ptolemy.util.test.junit.AutoTests" name="[54] /home/travis/build/icyphy/ptII/ptolemy/domains/de/test/auto/ResetTransitionWithStartTime1.xml (RunModel)" time="0.02" />
  <testcase classname="ptolemy.util.test.junit.AutoTests" name="[55] /home/travis/build/icyphy/ptII/ptolemy/domains/de/test/auto/ResetTransitionWithStartTime2.xml (RunModel)" time="0.017" />
  <testcase classname="ptolemy.util.test.junit.AutoTests" name="[56] /home/travis/build/icyphy/ptII/ptolemy/domains/de/test/auto/ResetTransitionWithStartTime3.xml (RunModel)" time="0.02" />
  <testcase classname="ptolemy.util.test.junit.AutoTests" name="[57] /home/travis/build/icyphy/ptII/ptolemy/domains/de/test/auto/ResetTransitionWithStartTime4.xml (RunModel)" time="0.015" />
  <testcase classname="ptolemy.util.test.junit.AutoTests" name="[58] /home/travis/build/icyphy/ptII/ptolemy/domains/de/test/auto/ResettableTimer1.xml (RunModel)" time="0.01" />
  <testcase classname="ptolemy.util.test.junit.AutoTests" name="[59] /home/travis/build/icyphy/ptII/ptolemy/domains/de/test/auto/ResettableTimer2.xml (RunModel)" time="0.008" />
  <testcase classname="ptolemy.util.test.junit.AutoTests" name="[60] /home/travis/build/icyphy/ptII/ptolemy/domains/de/test/auto/ResettableTimer3.xml (RunModel)" time="0.008" />
  <testcase classname="ptolemy.util.test.junit.AutoTests" name="[61] /home/travis/build/icyphy/ptII/ptolemy/domains/de/test/auto/ResettableTimer4.xml (RunModel)" time="0.01" />
  <testcase classname="ptolemy.util.test.junit.AutoTests" name="[62] /home/travis/build/icyphy/ptII/ptolemy/domains/de/test/auto/ResettableTimer5.xml (RunModel)" time="0.008" />
  <testcase classname="ptolemy.util.test.junit.AutoTests" name="[63] /home/travis/build/icyphy/ptII/ptolemy/domains/de/test/auto/ResettableTimer6.xml (RunModel)" time="0.018" />
  <testcase classname="ptolemy.util.test.junit.AutoTests" name="[64] /home/travis/build/icyphy/ptII/ptolemy/domains/de/test/auto/ServerZeroDelay.xml (RunModel)" time="0.011" />
  <testcase classname="ptolemy.util.test.junit.AutoTests" name="[65] /home/travis/build/icyphy/ptII/ptolemy/domains/de/test/auto/SmartSender.xml (RunModel)" time="3.007" />
  <testcase classname="ptolemy.util.test.junit.AutoTests" name="[66] /home/travis/build/icyphy/ptII/ptolemy/domains/de/test/auto/ThreadedComposite.xml (RunModel)" time="0.686" />
  <testcase classname="ptolemy.util.test.junit.AutoTests" name="[67] /home/travis/build/icyphy/ptII/ptolemy/domains/de/test/auto/Time.xml (RunModel)" time="0.429" />
  <testcase classname="ptolemy.util.test.junit.AutoTests" name="[68] /home/travis/build/icyphy/ptII/ptolemy/domains/de/test/auto/TimeDelayZeroDelay.xml (RunModel)" time="0.012" />
  <testcase classname="ptolemy.util.test.junit.AutoTests" name="[69] /home/travis/build/icyphy/ptII/ptolemy/domains/de/test/auto/TimerZeroDelay.xml (RunModel)" time="0.009" />
  <testcase classname="ptolemy.util.test.junit.AutoTests" name="[70] /home/travis/build/icyphy/ptII/ptolemy/domains/de/test/auto/TimingParadox.xml (RunModel)" time="0.347" />
  <testcase classname="ptolemy.util.test.junit.AutoTests" name="[71] /home/travis/build/icyphy/ptII/ptolemy/domains/de/test/auto/TransferInputs.xml (RunModel)" time="0.008" />
  <testcase classname="ptolemy.util.test.junit.AutoTests" name="[72] /home/travis/build/icyphy/ptII/ptolemy/domains/de/test/auto/TransferOutputs2.xml (RunModel)" time="0.012" />
  <testcase classname="ptolemy.util.test.junit.AutoTests" name="[73] /home/travis/build/icyphy/ptII/ptolemy/domains/de/test/auto/Trilateration.xml (RunModel)" time="11.544" />
  <testcase classname="ptolemy.util.test.junit.AutoTests" name="[74] /home/travis/build/icyphy/ptII/ptolemy/domains/de/test/auto/TwoSigmaDelta.xml (RunModel)" time="2.165" />
  <testcase classname="ptolemy.util.test.junit.AutoTests" name="[75] /home/travis/build/icyphy/ptII/ptolemy/domains/de/test/auto/VariableDelay.xml (RunModel)" time="0.013" />
  <testcase classname="ptolemy.util.test.junit.AutoTests" name="[76] /home/travis/build/icyphy/ptII/ptolemy/domains/de/test/auto/VariableDelay2.xml (RunModel)" time="0.008" />
  <testcase classname="ptolemy.util.test.junit.AutoTests" name="[77] /home/travis/build/icyphy/ptII/ptolemy/domains/de/test/auto/VariableDelayZeroDelay.xml (RunModel)" time="0.013" />
  <testcase classname="ptolemy.util.test.junit.AutoTests" name="[78] /home/travis/build/icyphy/ptII/ptolemy/domains/de/test/auto/VariableDelayZeroDelay2.xml (RunModel)" time="0.009" />
  <testcase classname="ptolemy.util.test.junit.AutoTests" name="[79] /home/travis/build/icyphy/ptII/ptolemy/domains/de/test/auto/deInCt.xml (RunModel)" time="0.014" />
  <testcase classname="ptolemy.util.test.junit.AutoTests" name="[80] /home/travis/build/icyphy/ptII/ptolemy/domains/de/test/auto/deInCt2.xml (RunModel)" time="0.013" />
  <testcase classname="ptolemy.util.test.junit.AutoTests" name="[81] /home/travis/build/icyphy/ptII/ptolemy/domains/de/test/auto/dynamicCausalityInterface1.xml (RunModel)" time="0.016" />
  <testcase classname="ptolemy.util.test.junit.AutoTests" name="[82] /home/travis/build/icyphy/ptII/ptolemy/domains/de/test/auto/fsm_de_test.xml (RunModel)" time="0.022" />
  <testcase classname="ptolemy.util.test.junit.AutoTests" name="[83] /home/travis/build/icyphy/ptII/ptolemy/domains/de/test/auto/functionDependencyReconstruction.xml (RunModel)" time="0.031" />
  <testcase classname="ptolemy.util.test.junit.AutoTests" name="[84] /home/travis/build/icyphy/ptII/ptolemy/domains/de/test/auto/multirate.xml (RunModel)" time="0.016" />
  <testcase classname="ptolemy.util.test.junit.AutoTests" name="[85] /home/travis/build/icyphy/ptII/ptolemy/domains/de/test/auto/multirate2.xml (RunModel)" time="0.012" />
  <testcase classname="ptolemy.util.test.junit.AutoTests" name="[86] /home/travis/build/icyphy/ptII/ptolemy/domains/de/test/auto/realtime.xml (RunModel)" time="10.017" />
  <testcase classname="ptolemy.util.test.junit.AutoTests" name="[87] /home/travis/build/icyphy/ptII/ptolemy/domains/de/test/auto/relationGroup.xml (RunModel)" time="0.007" />
  <testcase classname="ptolemy.util.test.junit.AutoTests" name="[88] /home/travis/build/icyphy/ptII/ptolemy/domains/de/test/auto/relationGroup2.xml (RunModel)" time="0.006" />
  <testcase classname="ptolemy.util.test.junit.AutoTests" name="[89] /home/travis/build/icyphy/ptII/ptolemy/domains/de/test/auto/sortWithOpaquePorts.xml (RunModel)" time="0.008" />
  <testcase classname="ptolemy.util.test.junit.AutoTests" name="[90] /home/travis/build/icyphy/ptII/ptolemy/domains/de/test/auto/transferInputsandOutputs.xml (RunModel)" time="0.014" />
  <testcase classname="ptolemy.util.test.junit.AutoTests" name="[91] /home/travis/build/icyphy/ptII/ptolemy/domains/de/test/auto/triggerType.xml (RunModel)" time="0.006" />
  <system-out><![CDATA[/home/travis/build/icyphy/ptII/ptolemy/domains/de/test/DependencyLoop.tcl
testDefs.tcl: setting time out to 9000 seconds at Sun Feb 17 04:03:34 UTC 2019
16 ms. Memory: 116224K Free: 97626K (84%)
14 ms. Memory: 146944K Free: 141150K (96%)
/home/travis/build/icyphy/ptII/ptolemy/domains/de/test/RunDETestsAsQSS.tcl
Run the DE tests using ptolemy.domains.qss.test.QSSDirectorTest, which extends QSSDirector and prints a message in the constructors.
------------------ testing $PTII/ptolemy/domains/de/test/auto/knownFailedTests/dependencyLoop.xml (Known Failure) 
8 ms. Memory: 146944K Free: 136904K (93%)


==== $PTIIhome/travis/build/icyphy/ptII/ptolemy/domains/de/test/../../../../: Auto Automatic test in file $PTII/ptolemy/domains/de/test/auto/knownFailedTests/dependencyLoop.xml
==== Contents of test case:

	    # FIXME: we should use $relativeFilename here, but it
	    # might have backslashes under Windows, which causes no end
	    # of trouble.
	    createAndExecute $file
	    list {}
	
.... Test generated KNOWN error:
    while executing
ptolemy.kernel.util.IllegalActionException: Found a zero delay loop containing .dependencyLoop.original
  in .dependencyLoop and .dependencyLoop.original
	at ptolemy.actor.util.CausalityInterfaceForComposites._computeOutputPortDepth(CausalityInterfaceForComposites.java:759)
	at ptolemy.actor.util.CausalityInterfaceForComposites._computeInputDepth(CausalityInterfaceForComposites.java:696)
	at ptolemy.actor.util.CausalityInterfaceForComposites._computeOutputPortDepth(CausalityInterfaceForComposites.java:765)
	at ptolemy.actor.util.CausalityInterfaceForComposites._computeInputDepth(CausalityInterfaceForComposites.java:696)
	at ptolemy.actor.util.CausalityInterfaceForComposites._computeOutputPortDepth(CausalityInterfaceForComposites.java:765)
	at ptolemy.actor.util.CausalityInterfaceForComposites._computeInputDepth(CausalityInterfaceForComposites.java:696)
	at ptolemy.actor.util.CausalityInterfaceForComposites._computeActorDepth(CausalityInterfaceForComposites.java:532)
	at ptolemy.actor.util.CausalityInterfaceForComposites.checkForCycles(CausalityInterfaceForComposites.java:96)
	at ptolemy.domains.de.kernel.DEDirector.preinitialize(DEDirector.java:1338)
	at ptolemy.actor.CompositeActor.preinitialize(CompositeActor.java:1828)
	at ptolemy.actor.Manager.preinitializeAndResolveTypes(Manager.java:1040)
	at ptolemy.actor.Manager.initialize(Manager.java:710)
	at ptolemy.actor.Manager.execute(Manager.java:356)
	at ptolemy.actor.Manager.run(Manager.java:1263)
	at ptolemy.actor.Manager$PtolemyRunThread.run(Manager.java:1915)

    while executing
ptolemy.kernel.util.IllegalActionException: Found a zero delay loop containing .dependencyLoop.original
  in .dependencyLoop and .dependencyLoop.original
    while executing
"java::new ptolemy.moml.MoMLSimpleApplication $file
"
    (procedure "createAndExecute" line 2)
    invoked from within
"createAndExecute $file"
    ("uplevel" body line 5)
    invoked from within
"uplevel $contents_of_test"
------------------ testing $PTII/ptolemy/domains/de/test/auto/knownFailedTests/DESDFClockTest.xml (Known Failure) 
2089 ms. Memory: 146944K Free: 121326K (83%)


==== $PTIIhome/travis/build/icyphy/ptII/ptolemy/domains/de/test/../../../../: Auto Automatic test in file $PTII/ptolemy/domains/de/test/auto/knownFailedTests/DESDFClockTest.xml
==== Contents of test case:

	    # FIXME: we should use $relativeFilename here, but it
	    # might have backslashes under Windows, which causes no end
	    # of trouble.
	    createAndExecute $file
	    list {}
	
.... Test generated KNOWN error:
    while executing
ptolemy.kernel.util.IllegalActionException: Actor is not ready to fire.  Perhaps UpSample.prefire() returned false? Try debugging the actor by selecting "Listen to Actor".  Also, for SDF check moml for tokenConsumptionRate on input.
  in .DESDFClockTest.Play Bell.Copy1:SDF Director and .DESDFClockTest.Play Bell.UpSample
	at ptolemy.actor.sched.StaticSchedulingDirector.fire(StaticSchedulingDirector.java:227)
	at ptolemy.domains.sdf.kernel.SDFDirector.fire(SDFDirector.java:500)
	at ptolemy.actor.CompositeActor.fire(CompositeActor.java:455)
	at ptolemy.domains.de.kernel.DEDirector._fire(DEDirector.java:1949)
	at ptolemy.domains.de.kernel.DEDirector.fire(DEDirector.java:502)
	at ptolemy.actor.CompositeActor.fire(CompositeActor.java:455)
	at ptolemy.actor.Manager.iterate(Manager.java:851)
	at ptolemy.actor.Manager.execute(Manager.java:369)
	at ptolemy.actor.Manager.run(Manager.java:1263)
	at ptolemy.actor.Manager$PtolemyRunThread.run(Manager.java:1915)

    while executing
ptolemy.kernel.util.IllegalActionException: Actor is not ready to fire.  Perhaps UpSample.prefire() returned false? Try debugging the actor by selecting "Listen to Actor".  Also, for SDF check moml for tokenConsumptionRate on input.
  in .DESDFClockTest.Play Bell.Copy1:SDF Director and .DESDFClockTest.Play Bell.UpSample
    while executing
"java::new ptolemy.moml.MoMLSimpleApplication $file
"
    (procedure "createAndExecute" line 2)
    invoked from within
"createAndExecute $file"
    ("uplevel" body line 5)
    invoked from within
"uplevel $contents_of_test"
------------------ testing $PTII/ptolemy/domains/de/test/auto/knownFailedTests/FSMSource.xml (Known Failure) 
38 ms. Memory: 146944K Free: 112475K (77%)
!!!! Auto was marked as failing, but now passes
------------------ testing $PTII/ptolemy/domains/de/test/auto/knownFailedTests/dependencyLoop2.xml (Known Failure) 
14 ms. Memory: 146944K Free: 110592K (75%)


==== $PTIIhome/travis/build/icyphy/ptII/ptolemy/domains/de/test/../../../../: Auto Automatic test in file $PTII/ptolemy/domains/de/test/auto/knownFailedTests/dependencyLoop2.xml
==== Contents of test case:

	    # FIXME: we should use $relativeFilename here, but it
	    # might have backslashes under Windows, which causes no end
	    # of trouble.
	    createAndExecute $file
	    list {}
	
.... Test generated KNOWN error:
    while executing
ptolemy.kernel.util.IllegalActionException: Found a zero delay loop containing .dependencyLoop2.original
  in .dependencyLoop2 and .dependencyLoop2.original
	at ptolemy.actor.util.CausalityInterfaceForComposites._computeOutputPortDepth(CausalityInterfaceForComposites.java:759)
	at ptolemy.actor.util.CausalityInterfaceForComposites._computeInputDepth(CausalityInterfaceForComposites.java:696)
	at ptolemy.actor.util.CausalityInterfaceForComposites._computeOutputPortDepth(CausalityInterfaceForComposites.java:765)
	at ptolemy.actor.util.CausalityInterfaceForComposites._computeInputDepth(CausalityInterfaceForComposites.java:696)
	at ptolemy.actor.util.CausalityInterfaceForComposites._computeOutputPortDepth(CausalityInterfaceForComposites.java:765)
	at ptolemy.actor.util.CausalityInterfaceForComposites._computeInputDepth(CausalityInterfaceForComposites.java:696)
	at ptolemy.actor.util.CausalityInterfaceForComposites._computeActorDepth(CausalityInterfaceForComposites.java:532)
	at ptolemy.actor.util.CausalityInterfaceForComposites.checkForCycles(CausalityInterfaceForComposites.java:96)
	at ptolemy.domains.de.kernel.DEDirector.preinitialize(DEDirector.java:1338)
	at ptolemy.actor.CompositeActor.preinitialize(CompositeActor.java:1828)
	at ptolemy.actor.Manager.preinitializeAndResolveTypes(Manager.java:1040)
	at ptolemy.actor.Manager.initialize(Manager.java:710)
	at ptolemy.actor.Manager.execute(Manager.java:356)
	at ptolemy.actor.Manager.run(Manager.java:1263)
	at ptolemy.actor.Manager$PtolemyRunThread.run(Manager.java:1915)

    while executing
ptolemy.kernel.util.IllegalActionException: Found a zero delay loop containing .dependencyLoop2.original
  in .dependencyLoop2 and .dependencyLoop2.original
    while executing
"java::new ptolemy.moml.MoMLSimpleApplication $file
"
    (procedure "createAndExecute" line 2)
    invoked from within
"createAndExecute $file"
    ("uplevel" body line 5)
    invoked from within
"uplevel $contents_of_test"
------------------ testing $PTII/ptolemy/domains/de/test/auto/knownFailedTests/HierarchicalModel.xml (Known Failure) 
5 ms. Memory: 146944K Free: 90344K (61%)


==== $PTIIhome/travis/build/icyphy/ptII/ptolemy/domains/de/test/../../../../: Auto Automatic test in file $PTII/ptolemy/domains/de/test/auto/knownFailedTests/HierarchicalModel.xml
==== Contents of test case:

	    # FIXME: we should use $relativeFilename here, but it
	    # might have backslashes under Windows, which causes no end
	    # of trouble.
	    createAndExecute $file
	    list {}
	
.... Test generated KNOWN error:
    while executing
ptolemy.kernel.util.IllegalActionException: Found a zero delay loop containing .HierarchicalModel.A
  in .HierarchicalModel and .HierarchicalModel.A
	at ptolemy.actor.util.CausalityInterfaceForComposites._computeOutputPortDepth(CausalityInterfaceForComposites.java:759)
	at ptolemy.actor.util.CausalityInterfaceForComposites._computeInputDepth(CausalityInterfaceForComposites.java:696)
	at ptolemy.actor.util.CausalityInterfaceForComposites._computeOutputPortDepth(CausalityInterfaceForComposites.java:765)
	at ptolemy.actor.util.CausalityInterfaceForComposites._computeInputDepth(CausalityInterfaceForComposites.java:696)
	at ptolemy.actor.util.CausalityInterfaceForComposites._computeOutputPortDepth(CausalityInterfaceForComposites.java:765)
	at ptolemy.actor.util.CausalityInterfaceForComposites._computeInputDepth(CausalityInterfaceForComposites.java:696)
	at ptolemy.actor.util.CausalityInterfaceForComposites._computeActorDepth(CausalityInterfaceForComposites.java:532)
	at ptolemy.actor.util.CausalityInterfaceForComposites.checkForCycles(CausalityInterfaceForComposites.java:96)
	at ptolemy.domains.de.kernel.DEDirector.preinitialize(DEDirector.java:1338)
	at ptolemy.actor.CompositeActor.preinitialize(CompositeActor.java:1828)
	at ptolemy.actor.Manager.preinitializeAndResolveTypes(Manager.java:1040)
	at ptolemy.actor.Manager.initialize(Manager.java:710)
	at ptolemy.actor.Manager.execute(Manager.java:356)
	at ptolemy.actor.Manager.run(Manager.java:1263)
	at ptolemy.actor.Manager$PtolemyRunThread.run(Manager.java:1915)

    while executing
ptolemy.kernel.util.IllegalActionException: Found a zero delay loop containing .HierarchicalModel.A
  in .HierarchicalModel and .HierarchicalModel.A
    while executing
"java::new ptolemy.moml.MoMLSimpleApplication $file
"
    (procedure "createAndExecute" line 2)
    invoked from within
"createAndExecute $file"
    ("uplevel" body line 5)
    invoked from within
"uplevel $contents_of_test"
------------------ testing $PTII/ptolemy/domains/de/test/auto/knownFailedTests/DirectFeedback.xml (Known Failure) 
7 ms. Memory: 146944K Free: 86226K (59%)


==== $PTIIhome/travis/build/icyphy/ptII/ptolemy/domains/de/test/../../../../: Auto Automatic test in file $PTII/ptolemy/domains/de/test/auto/knownFailedTests/DirectFeedback.xml
==== Contents of test case:

	    # FIXME: we should use $relativeFilename here, but it
	    # might have backslashes under Windows, which causes no end
	    # of trouble.
	    createAndExecute $file
	    list {}
	
.... Test generated KNOWN error:
    while executing
ptolemy.kernel.util.IllegalActionException: Test fails in iteration 1.
Value was: 1.0. Should have been: 2.0
  in .DirectFeedback.Test
	at ptolemy.actor.lib.Test.fire(Test.java:268)
	at ptolemy.domains.de.kernel.DEDirector._fire(DEDirector.java:1949)
	at ptolemy.domains.de.kernel.DEDirector.fire(DEDirector.java:502)
	at ptolemy.actor.CompositeActor.fire(CompositeActor.java:455)
	at ptolemy.actor.Manager.iterate(Manager.java:851)
	at ptolemy.actor.Manager.execute(Manager.java:369)
	at ptolemy.actor.Manager.run(Manager.java:1263)
	at ptolemy.actor.Manager$PtolemyRunThread.run(Manager.java:1915)

    while executing
ptolemy.kernel.util.IllegalActionException: Test fails in iteration 1.
Value was: 1.0. Should have been: 2.0
  in .DirectFeedback.Test
    while executing
"java::new ptolemy.moml.MoMLSimpleApplication $file
"
    (procedure "createAndExecute" line 2)
    invoked from within
"createAndExecute $file"
    ("uplevel" body line 5)
    invoked from within
"uplevel $contents_of_test"
------------------ testing $PTII/ptolemy/domains/de/test/auto/ActorDepthCalculation_actorWithoutPorts.xml
auto.tcl: Setting watchdog for 200 seconds at Sun Feb 17 04:03:37 UTC 2019
4 ms. Memory: 146944K Free: 138710K (94%)
ptolemy.util.test.WatchDog.cancel(): canceling Sun Feb 17 04:03:37 UTC 2019
auto.tcl: Setting watchdog for 200 seconds at Sun Feb 17 04:03:37 UTC 2019
7 ms. Memory: 146944K Free: 137691K (94%)
ptolemy.util.test.WatchDog.cancel(): canceling Sun Feb 17 04:03:37 UTC 2019
------------------ testing $PTII/ptolemy/domains/de/test/auto/AssemblyLine.xml
auto.tcl: Setting watchdog for 200 seconds at Sun Feb 17 04:03:37 UTC 2019
14 ms. Memory: 208384K Free: 183408K (88%)
ptolemy.util.test.WatchDog.cancel(): canceling Sun Feb 17 04:03:37 UTC 2019
auto.tcl: Setting watchdog for 200 seconds at Sun Feb 17 04:03:37 UTC 2019
15 ms. Memory: 208384K Free: 183408K (88%)
ptolemy.util.test.WatchDog.cancel(): canceling Sun Feb 17 04:03:37 UTC 2019
------------------ testing $PTII/ptolemy/domains/de/test/auto/CQBug1.xml
auto.tcl: Setting watchdog for 200 seconds at Sun Feb 17 04:03:37 UTC 2019
4 ms. Memory: 208384K Free: 197905K (95%)
ptolemy.util.test.WatchDog.cancel(): canceling Sun Feb 17 04:03:37 UTC 2019
auto.tcl: Setting watchdog for 200 seconds at Sun Feb 17 04:03:37 UTC 2019
2 ms. Memory: 208384K Free: 197905K (95%)
ptolemy.util.test.WatchDog.cancel(): canceling Sun Feb 17 04:03:37 UTC 2019
------------------ testing $PTII/ptolemy/domains/de/test/auto/CancelFireAt.xml
auto.tcl: Setting watchdog for 200 seconds at Sun Feb 17 04:03:38 UTC 2019
4 ms. Memory: 208384K Free: 201564K (97%)
ptolemy.util.test.WatchDog.cancel(): canceling Sun Feb 17 04:03:38 UTC 2019
auto.tcl: Setting watchdog for 200 seconds at Sun Feb 17 04:03:38 UTC 2019
4 ms. Memory: 208384K Free: 199526K (96%)
ptolemy.util.test.WatchDog.cancel(): canceling Sun Feb 17 04:03:38 UTC 2019
------------------ testing $PTII/ptolemy/domains/de/test/auto/CausalityAndComposabilityAnalysis.xml
auto.tcl: Setting watchdog for 200 seconds at Sun Feb 17 04:03:38 UTC 2019
8 ms. Memory: 208384K Free: 199124K (96%)
ptolemy.util.test.WatchDog.cancel(): canceling Sun Feb 17 04:03:38 UTC 2019
auto.tcl: Setting watchdog for 200 seconds at Sun Feb 17 04:03:38 UTC 2019
8 ms. Memory: 208384K Free: 196567K (94%)
ptolemy.util.test.WatchDog.cancel(): canceling Sun Feb 17 04:03:38 UTC 2019
------------------ testing $PTII/ptolemy/domains/de/test/auto/CausalityInterface1.xml
auto.tcl: Setting watchdog for 200 seconds at Sun Feb 17 04:03:38 UTC 2019
15 ms. Memory: 208384K Free: 196504K (94%)
ptolemy.util.test.WatchDog.cancel(): canceling Sun Feb 17 04:03:38 UTC 2019
auto.tcl: Setting watchdog for 200 seconds at Sun Feb 17 04:03:38 UTC 2019
3 ms. Memory: 208384K Free: 196504K (94%)
ptolemy.util.test.WatchDog.cancel(): canceling Sun Feb 17 04:03:38 UTC 2019
------------------ testing $PTII/ptolemy/domains/de/test/auto/CausalityInterface15.xml
auto.tcl: Setting watchdog for 200 seconds at Sun Feb 17 04:03:38 UTC 2019
9 ms. Memory: 208384K Free: 196464K (94%)
ptolemy.util.test.WatchDog.cancel(): canceling Sun Feb 17 04:03:38 UTC 2019
auto.tcl: Setting watchdog for 200 seconds at Sun Feb 17 04:03:38 UTC 2019
12 ms. Memory: 208384K Free: 196464K (94%)
ptolemy.util.test.WatchDog.cancel(): canceling Sun Feb 17 04:03:38 UTC 2019
------------------ testing $PTII/ptolemy/domains/de/test/auto/CausalityInterface2.xml
auto.tcl: Setting watchdog for 200 seconds at Sun Feb 17 04:03:38 UTC 2019
8 ms. Memory: 208384K Free: 196480K (94%)
ptolemy.util.test.WatchDog.cancel(): canceling Sun Feb 17 04:03:38 UTC 2019
auto.tcl: Setting watchdog for 200 seconds at Sun Feb 17 04:03:38 UTC 2019
3 ms. Memory: 208384K Free: 196480K (94%)
ptolemy.util.test.WatchDog.cancel(): canceling Sun Feb 17 04:03:38 UTC 2019
------------------ testing $PTII/ptolemy/domains/de/test/auto/CausalityInterface3.xml
auto.tcl: Setting watchdog for 200 seconds at Sun Feb 17 04:03:38 UTC 2019
7 ms. Memory: 208384K Free: 196492K (94%)
ptolemy.util.test.WatchDog.cancel(): canceling Sun Feb 17 04:03:38 UTC 2019
auto.tcl: Setting watchdog for 200 seconds at Sun Feb 17 04:03:38 UTC 2019
3 ms. Memory: 208384K Free: 196492K (94%)
ptolemy.util.test.WatchDog.cancel(): canceling Sun Feb 17 04:03:38 UTC 2019
------------------ testing $PTII/ptolemy/domains/de/test/auto/ClockDrift.xml
auto.tcl: Setting watchdog for 200 seconds at Sun Feb 17 04:03:38 UTC 2019
94 ms. Memory: 208384K Free: 187910K (90%)
ptolemy.util.test.WatchDog.cancel(): canceling Sun Feb 17 04:03:38 UTC 2019
auto.tcl: Setting watchdog for 200 seconds at Sun Feb 17 04:03:38 UTC 2019
34 ms. Memory: 208384K Free: 185872K (89%)
ptolemy.util.test.WatchDog.cancel(): canceling Sun Feb 17 04:03:38 UTC 2019
------------------ testing $PTII/ptolemy/domains/de/test/auto/ClockDriftAndValueChange.xml
auto.tcl: Setting watchdog for 200 seconds at Sun Feb 17 04:03:38 UTC 2019
53 ms. Memory: 208384K Free: 187746K (90%)
ptolemy.util.test.WatchDog.cancel(): canceling Sun Feb 17 04:03:39 UTC 2019
auto.tcl: Setting watchdog for 200 seconds at Sun Feb 17 04:03:39 UTC 2019
28 ms. Memory: 208384K Free: 185708K (89%)
ptolemy.util.test.WatchDog.cancel(): canceling Sun Feb 17 04:03:39 UTC 2019
------------------ testing $PTII/ptolemy/domains/de/test/auto/ClockDriftChange.xml
auto.tcl: Setting watchdog for 200 seconds at Sun Feb 17 04:03:39 UTC 2019
36 ms. Memory: 208384K Free: 191007K (92%)
ptolemy.util.test.WatchDog.cancel(): canceling Sun Feb 17 04:03:39 UTC 2019
auto.tcl: Setting watchdog for 200 seconds at Sun Feb 17 04:03:39 UTC 2019
32 ms. Memory: 208384K Free: 188969K (91%)
ptolemy.util.test.WatchDog.cancel(): canceling Sun Feb 17 04:03:39 UTC 2019
------------------ testing $PTII/ptolemy/domains/de/test/auto/ComposableCausalityAnalysis.xml
auto.tcl: Setting watchdog for 200 seconds at Sun Feb 17 04:03:39 UTC 2019
2 ms. Memory: 208384K Free: 196345K (94%)
ptolemy.util.test.WatchDog.cancel(): canceling Sun Feb 17 04:03:39 UTC 2019
auto.tcl: Setting watchdog for 200 seconds at Sun Feb 17 04:03:39 UTC 2019
2 ms. Memory: 208384K Free: 194308K (93%)
ptolemy.util.test.WatchDog.cancel(): canceling Sun Feb 17 04:03:39 UTC 2019
------------------ testing $PTII/ptolemy/domains/de/test/auto/DEFixedPointLimitation.xml
auto.tcl: Setting watchdog for 200 seconds at Sun Feb 17 04:03:39 UTC 2019
3 ms. Memory: 208384K Free: 198464K (95%)
ptolemy.util.test.WatchDog.cancel(): canceling Sun Feb 17 04:03:39 UTC 2019
auto.tcl: Setting watchdog for 200 seconds at Sun Feb 17 04:03:39 UTC 2019
1 ms. Memory: 208384K Free: 196426K (94%)
ptolemy.util.test.WatchDog.cancel(): canceling Sun Feb 17 04:03:39 UTC 2019
------------------ testing $PTII/ptolemy/domains/de/test/auto/DEScheduleTest.xml
auto.tcl: Setting watchdog for 200 seconds at Sun Feb 17 04:03:39 UTC 2019
3 ms. Memory: 208384K Free: 199018K (96%)
ptolemy.util.test.WatchDog.cancel(): canceling Sun Feb 17 04:03:39 UTC 2019
auto.tcl: Setting watchdog for 200 seconds at Sun Feb 17 04:03:39 UTC 2019
13 ms. Memory: 208384K Free: 196461K (94%)
ptolemy.util.test.WatchDog.cancel(): canceling Sun Feb 17 04:03:39 UTC 2019
------------------ testing $PTII/ptolemy/domains/de/test/auto/DEinDEwithStartTimes.xml
auto.tcl: Setting watchdog for 200 seconds at Sun Feb 17 04:03:39 UTC 2019
9 ms. Memory: 208384K Free: 196432K (94%)
ptolemy.util.test.WatchDog.cancel(): canceling Sun Feb 17 04:03:39 UTC 2019
auto.tcl: Setting watchdog for 200 seconds at Sun Feb 17 04:03:39 UTC 2019
4 ms. Memory: 208384K Free: 194394K (93%)
ptolemy.util.test.WatchDog.cancel(): canceling Sun Feb 17 04:03:39 UTC 2019
------------------ testing $PTII/ptolemy/domains/de/test/auto/DEinDEwithStartTimes2.xml
auto.tcl: Setting watchdog for 200 seconds at Sun Feb 17 04:03:39 UTC 2019
4 ms. Memory: 208384K Free: 196412K (94%)
ptolemy.util.test.WatchDog.cancel(): canceling Sun Feb 17 04:03:39 UTC 2019
auto.tcl: Setting watchdog for 200 seconds at Sun Feb 17 04:03:39 UTC 2019
4 ms. Memory: 208384K Free: 194374K (93%)
ptolemy.util.test.WatchDog.cancel(): canceling Sun Feb 17 04:03:39 UTC 2019
------------------ testing $PTII/ptolemy/domains/de/test/auto/DateDemo.xml
auto.tcl: Setting watchdog for 200 seconds at Sun Feb 17 04:03:39 UTC 2019
17 ms. Memory: 208384K Free: 189028K (91%)
ptolemy.util.test.WatchDog.cancel(): canceling Sun Feb 17 04:03:39 UTC 2019
auto.tcl: Setting watchdog for 200 seconds at Sun Feb 17 04:03:39 UTC 2019
6 ms. Memory: 208384K Free: 186990K (90%)
ptolemy.util.test.WatchDog.cancel(): canceling Sun Feb 17 04:03:39 UTC 2019
------------------ testing $PTII/ptolemy/domains/de/test/auto/DateToEvent.xml
auto.tcl: Setting watchdog for 200 seconds at Sun Feb 17 04:03:39 UTC 2019
2013 ms. Memory: 208384K Free: 183920K (88%)
ptolemy.util.test.WatchDog.cancel(): canceling Sun Feb 17 04:03:41 UTC 2019
auto.tcl: Setting watchdog for 200 seconds at Sun Feb 17 04:03:41 UTC 2019
2004 ms. Memory: 208384K Free: 183920K (88%)
ptolemy.util.test.WatchDog.cancel(): canceling Sun Feb 17 04:03:43 UTC 2019
------------------ testing $PTII/ptolemy/domains/de/test/auto/DepthTest1.xml
auto.tcl: Setting watchdog for 200 seconds at Sun Feb 17 04:03:44 UTC 2019
2 ms. Memory: 208384K Free: 198222K (95%)
ptolemy.util.test.WatchDog.cancel(): canceling Sun Feb 17 04:03:44 UTC 2019
auto.tcl: Setting watchdog for 200 seconds at Sun Feb 17 04:03:44 UTC 2019
2 ms. Memory: 208384K Free: 198222K (95%)
ptolemy.util.test.WatchDog.cancel(): canceling Sun Feb 17 04:03:44 UTC 2019
------------------ testing $PTII/ptolemy/domains/de/test/auto/DepthTest2.xml
auto.tcl: Setting watchdog for 200 seconds at Sun Feb 17 04:03:44 UTC 2019
10 ms. Memory: 208384K Free: 194059K (93%)
ptolemy.util.test.WatchDog.cancel(): canceling Sun Feb 17 04:03:44 UTC 2019
auto.tcl: Setting watchdog for 200 seconds at Sun Feb 17 04:03:44 UTC 2019
3 ms. Memory: 208384K Free: 194059K (93%)
ptolemy.util.test.WatchDog.cancel(): canceling Sun Feb 17 04:03:44 UTC 2019
------------------ testing $PTII/ptolemy/domains/de/test/auto/DepthTest3.xml
auto.tcl: Setting watchdog for 200 seconds at Sun Feb 17 04:03:44 UTC 2019
7 ms. Memory: 208384K Free: 198555K (95%)
ptolemy.util.test.WatchDog.cancel(): canceling Sun Feb 17 04:03:44 UTC 2019
auto.tcl: Setting watchdog for 200 seconds at Sun Feb 17 04:03:44 UTC 2019
2 ms. Memory: 208384K Free: 198555K (95%)
ptolemy.util.test.WatchDog.cancel(): canceling Sun Feb 17 04:03:44 UTC 2019
------------------ testing $PTII/ptolemy/domains/de/test/auto/DepthTest4.xml
auto.tcl: Setting watchdog for 200 seconds at Sun Feb 17 04:03:44 UTC 2019
8 ms. Memory: 208384K Free: 196086K (94%)
ptolemy.util.test.WatchDog.cancel(): canceling Sun Feb 17 04:03:44 UTC 2019
auto.tcl: Setting watchdog for 200 seconds at Sun Feb 17 04:03:44 UTC 2019
2 ms. Memory: 208384K Free: 196086K (94%)
ptolemy.util.test.WatchDog.cancel(): canceling Sun Feb 17 04:03:44 UTC 2019
------------------ testing $PTII/ptolemy/domains/de/test/auto/DepthTest5.xml
auto.tcl: Setting watchdog for 200 seconds at Sun Feb 17 04:03:44 UTC 2019
3 ms. Memory: 208384K Free: 196033K (94%)
ptolemy.util.test.WatchDog.cancel(): canceling Sun Feb 17 04:03:44 UTC 2019
auto.tcl: Setting watchdog for 200 seconds at Sun Feb 17 04:03:44 UTC 2019
2 ms. Memory: 208384K Free: 196033K (94%)
ptolemy.util.test.WatchDog.cancel(): canceling Sun Feb 17 04:03:44 UTC 2019
------------------ testing $PTII/ptolemy/domains/de/test/auto/DepthTest6.xml
auto.tcl: Setting watchdog for 200 seconds at Sun Feb 17 04:03:44 UTC 2019
8 ms. Memory: 208384K Free: 196529K (94%)
ptolemy.util.test.WatchDog.cancel(): canceling Sun Feb 17 04:03:44 UTC 2019
auto.tcl: Setting watchdog for 200 seconds at Sun Feb 17 04:03:44 UTC 2019
2 ms. Memory: 208384K Free: 196529K (94%)
ptolemy.util.test.WatchDog.cancel(): canceling Sun Feb 17 04:03:44 UTC 2019
------------------ testing $PTII/ptolemy/domains/de/test/auto/DepthTest7.xml
auto.tcl: Setting watchdog for 200 seconds at Sun Feb 17 04:03:44 UTC 2019
5 ms. Memory: 208384K Free: 195991K (94%)
ptolemy.util.test.WatchDog.cancel(): canceling Sun Feb 17 04:03:44 UTC 2019
auto.tcl: Setting watchdog for 200 seconds at Sun Feb 17 04:03:44 UTC 2019
2 ms. Memory: 208384K Free: 195991K (94%)
ptolemy.util.test.WatchDog.cancel(): canceling Sun Feb 17 04:03:44 UTC 2019
------------------ testing $PTII/ptolemy/domains/de/test/auto/EventToDate.xml
auto.tcl: Setting watchdog for 200 seconds at Sun Feb 17 04:03:44 UTC 2019
3005 ms. Memory: 208384K Free: 187845K (90%)
ptolemy.util.test.WatchDog.cancel(): canceling Sun Feb 17 04:03:47 UTC 2019
auto.tcl: Setting watchdog for 200 seconds at Sun Feb 17 04:03:47 UTC 2019
3005 ms. Memory: 208384K Free: 185806K (89%)
ptolemy.util.test.WatchDog.cancel(): canceling Sun Feb 17 04:03:50 UTC 2019
------------------ testing $PTII/ptolemy/domains/de/test/auto/FSM1.xml
auto.tcl: Setting watchdog for 200 seconds at Sun Feb 17 04:03:50 UTC 2019
16 ms. Memory: 208384K Free: 189167K (91%)
ptolemy.util.test.WatchDog.cancel(): canceling Sun Feb 17 04:03:50 UTC 2019
auto.tcl: Setting watchdog for 200 seconds at Sun Feb 17 04:03:50 UTC 2019
14 ms. Memory: 208384K Free: 185092K (89%)
ptolemy.util.test.WatchDog.cancel(): canceling Sun Feb 17 04:03:50 UTC 2019
------------------ testing $PTII/ptolemy/domains/de/test/auto/FSM7.xml
auto.tcl: Setting watchdog for 200 seconds at Sun Feb 17 04:03:50 UTC 2019
23 ms. Memory: 208384K Free: 189371K (91%)
ptolemy.util.test.WatchDog.cancel(): canceling Sun Feb 17 04:03:50 UTC 2019
auto.tcl: Setting watchdog for 200 seconds at Sun Feb 17 04:03:50 UTC 2019
18 ms. Memory: 208384K Free: 185295K (89%)
ptolemy.util.test.WatchDog.cancel(): canceling Sun Feb 17 04:03:50 UTC 2019
------------------ testing $PTII/ptolemy/domains/de/test/auto/Inspection.xml
auto.tcl: Setting watchdog for 200 seconds at Sun Feb 17 04:03:50 UTC 2019
44 ms. Memory: 208384K Free: 189058K (91%)
ptolemy.util.test.WatchDog.cancel(): canceling Sun Feb 17 04:03:50 UTC 2019
auto.tcl: Setting watchdog for 200 seconds at Sun Feb 17 04:03:50 UTC 2019
19 ms. Memory: 208384K Free: 187020K (90%)
ptolemy.util.test.WatchDog.cancel(): canceling Sun Feb 17 04:03:50 UTC 2019
------------------ testing $PTII/ptolemy/domains/de/test/auto/Iteration.xml
auto.tcl: Setting watchdog for 200 seconds at Sun Feb 17 04:03:51 UTC 2019
7 ms. Memory: 208384K Free: 195797K (94%)
ptolemy.util.test.WatchDog.cancel(): canceling Sun Feb 17 04:03:51 UTC 2019
auto.tcl: Setting watchdog for 200 seconds at Sun Feb 17 04:03:51 UTC 2019
6 ms. Memory: 208384K Free: 193760K (93%)
ptolemy.util.test.WatchDog.cancel(): canceling Sun Feb 17 04:03:51 UTC 2019
------------------ testing $PTII/ptolemy/domains/de/test/auto/LineFault.xml
auto.tcl: Setting watchdog for 200 seconds at Sun Feb 17 04:03:51 UTC 2019
778 ms. Memory: 208384K Free: 199525K (96%)
ptolemy.util.test.WatchDog.cancel(): canceling Sun Feb 17 04:03:52 UTC 2019
auto.tcl: Setting watchdog for 200 seconds at Sun Feb 17 04:03:52 UTC 2019
611 ms. Memory: 208384K Free: 142217K (68%)
ptolemy.util.test.WatchDog.cancel(): canceling Sun Feb 17 04:03:52 UTC 2019
------------------ testing $PTII/ptolemy/domains/de/test/auto/MergeModel1Add.xml
auto.tcl: Setting watchdog for 200 seconds at Sun Feb 17 04:03:52 UTC 2019
34 ms. Memory: 331264K Free: 300506K (91%)
ptolemy.util.test.WatchDog.cancel(): canceling Sun Feb 17 04:03:52 UTC 2019
auto.tcl: Setting watchdog for 200 seconds at Sun Feb 17 04:03:52 UTC 2019
12 ms. Memory: 331264K Free: 300506K (91%)
ptolemy.util.test.WatchDog.cancel(): canceling Sun Feb 17 04:03:52 UTC 2019
------------------ testing $PTII/ptolemy/domains/de/test/auto/MergeModel2Add.xml
auto.tcl: Setting watchdog for 200 seconds at Sun Feb 17 04:03:52 UTC 2019
12 ms. Memory: 331264K Free: 305436K (92%)
ptolemy.util.test.WatchDog.cancel(): canceling Sun Feb 17 04:03:53 UTC 2019
auto.tcl: Setting watchdog for 200 seconds at Sun Feb 17 04:03:53 UTC 2019
12 ms. Memory: 331264K Free: 301876K (91%)
ptolemy.util.test.WatchDog.cancel(): canceling Sun Feb 17 04:03:53 UTC 2019
------------------ testing $PTII/ptolemy/domains/de/test/auto/MergeModel3Add.xml
auto.tcl: Setting watchdog for 200 seconds at Sun Feb 17 04:03:53 UTC 2019
11 ms. Memory: 331264K Free: 305446K (92%)
ptolemy.util.test.WatchDog.cancel(): canceling Sun Feb 17 04:03:53 UTC 2019
auto.tcl: Setting watchdog for 200 seconds at Sun Feb 17 04:03:53 UTC 2019
11 ms. Memory: 331264K Free: 301886K (91%)
ptolemy.util.test.WatchDog.cancel(): canceling Sun Feb 17 04:03:53 UTC 2019
------------------ testing $PTII/ptolemy/domains/de/test/auto/MergeWithoutDiscard.xml
auto.tcl: Setting watchdog for 200 seconds at Sun Feb 17 04:03:53 UTC 2019
2 ms. Memory: 331264K Free: 316800K (96%)
ptolemy.util.test.WatchDog.cancel(): canceling Sun Feb 17 04:03:53 UTC 2019
auto.tcl: Setting watchdog for 200 seconds at Sun Feb 17 04:03:53 UTC 2019
1 ms. Memory: 331264K Free: 316800K (96%)
ptolemy.util.test.WatchDog.cancel(): canceling Sun Feb 17 04:03:53 UTC 2019
------------------ testing $PTII/ptolemy/domains/de/test/auto/Modal1.xml
auto.tcl: Setting watchdog for 200 seconds at Sun Feb 17 04:03:53 UTC 2019
14 ms. Memory: 331264K Free: 310389K (94%)
ptolemy.util.test.WatchDog.cancel(): canceling Sun Feb 17 04:03:53 UTC 2019
auto.tcl: Setting watchdog for 200 seconds at Sun Feb 17 04:03:53 UTC 2019
19 ms. Memory: 331264K Free: 306829K (93%)
ptolemy.util.test.WatchDog.cancel(): canceling Sun Feb 17 04:03:53 UTC 2019
------------------ testing $PTII/ptolemy/domains/de/test/auto/Modal2.xml
auto.tcl: Setting watchdog for 200 seconds at Sun Feb 17 04:03:53 UTC 2019
18 ms. Memory: 331264K Free: 310263K (94%)
ptolemy.util.test.WatchDog.cancel(): canceling Sun Feb 17 04:03:53 UTC 2019
auto.tcl: Setting watchdog for 200 seconds at Sun Feb 17 04:03:53 UTC 2019
15 ms. Memory: 331264K Free: 306702K (93%)
ptolemy.util.test.WatchDog.cancel(): canceling Sun Feb 17 04:03:53 UTC 2019
------------------ testing $PTII/ptolemy/domains/de/test/auto/Modal3.xml
auto.tcl: Setting watchdog for 200 seconds at Sun Feb 17 04:03:53 UTC 2019
15 ms. Memory: 331264K Free: 310261K (94%)
ptolemy.util.test.WatchDog.cancel(): canceling Sun Feb 17 04:03:53 UTC 2019
auto.tcl: Setting watchdog for 200 seconds at Sun Feb 17 04:03:53 UTC 2019
13 ms. Memory: 331264K Free: 306700K (93%)
ptolemy.util.test.WatchDog.cancel(): canceling Sun Feb 17 04:03:53 UTC 2019
------------------ testing $PTII/ptolemy/domains/de/test/auto/Modal4.xml
auto.tcl: Setting watchdog for 200 seconds at Sun Feb 17 04:03:53 UTC 2019
20 ms. Memory: 331264K Free: 310081K (94%)
ptolemy.util.test.WatchDog.cancel(): canceling Sun Feb 17 04:03:53 UTC 2019
auto.tcl: Setting watchdog for 200 seconds at Sun Feb 17 04:03:53 UTC 2019
21 ms. Memory: 331264K Free: 306520K (93%)
ptolemy.util.test.WatchDog.cancel(): canceling Sun Feb 17 04:03:53 UTC 2019
------------------ testing $PTII/ptolemy/domains/de/test/auto/Modal5.xml
auto.tcl: Setting watchdog for 200 seconds at Sun Feb 17 04:03:53 UTC 2019
16 ms. Memory: 331264K Free: 310734K (94%)
ptolemy.util.test.WatchDog.cancel(): canceling Sun Feb 17 04:03:53 UTC 2019
auto.tcl: Setting watchdog for 200 seconds at Sun Feb 17 04:03:53 UTC 2019
14 ms. Memory: 331264K Free: 307174K (93%)
ptolemy.util.test.WatchDog.cancel(): canceling Sun Feb 17 04:03:53 UTC 2019
------------------ testing $PTII/ptolemy/domains/de/test/auto/Modal6.xml
auto.tcl: Setting watchdog for 200 seconds at Sun Feb 17 04:03:53 UTC 2019
10 ms. Memory: 331264K Free: 305150K (92%)
ptolemy.util.test.WatchDog.cancel(): canceling Sun Feb 17 04:03:53 UTC 2019
auto.tcl: Setting watchdog for 200 seconds at Sun Feb 17 04:03:53 UTC 2019
13 ms. Memory: 331264K Free: 301589K (91%)
ptolemy.util.test.WatchDog.cancel(): canceling Sun Feb 17 04:03:53 UTC 2019
------------------ testing $PTII/ptolemy/domains/de/test/auto/Modal7.xml
auto.tcl: Setting watchdog for 200 seconds at Sun Feb 17 04:03:53 UTC 2019
17 ms. Memory: 331264K Free: 306505K (93%)
ptolemy.util.test.WatchDog.cancel(): canceling Sun Feb 17 04:03:53 UTC 2019
auto.tcl: Setting watchdog for 200 seconds at Sun Feb 17 04:03:53 UTC 2019
13 ms. Memory: 331264K Free: 302944K (91%)
ptolemy.util.test.WatchDog.cancel(): canceling Sun Feb 17 04:03:54 UTC 2019
------------------ testing $PTII/ptolemy/domains/de/test/auto/ModalModel.xml
auto.tcl: Setting watchdog for 200 seconds at Sun Feb 17 04:03:54 UTC 2019
169 ms. Memory: 331264K Free: 247741K (75%)
ptolemy.util.test.WatchDog.cancel(): canceling Sun Feb 17 04:03:54 UTC 2019
auto.tcl: Setting watchdog for 200 seconds at Sun Feb 17 04:03:54 UTC 2019
181 ms. Memory: 331264K Free: 190771K (58%)
ptolemy.util.test.WatchDog.cancel(): canceling Sun Feb 17 04:03:54 UTC 2019
------------------ testing $PTII/ptolemy/domains/de/test/auto/ModalSource.xml
auto.tcl: Setting watchdog for 200 seconds at Sun Feb 17 04:03:54 UTC 2019
9 ms. Memory: 331264K Free: 316333K (95%)
ptolemy.util.test.WatchDog.cancel(): canceling Sun Feb 17 04:03:54 UTC 2019
auto.tcl: Setting watchdog for 200 seconds at Sun Feb 17 04:03:54 UTC 2019
5 ms. Memory: 331264K Free: 313070K (95%)
ptolemy.util.test.WatchDog.cancel(): canceling Sun Feb 17 04:03:54 UTC 2019
------------------ testing $PTII/ptolemy/domains/de/test/auto/NonInterruptibleTimerZeroDelay.xml
auto.tcl: Setting watchdog for 200 seconds at Sun Feb 17 04:03:54 UTC 2019
3 ms. Memory: 331264K Free: 320687K (97%)
ptolemy.util.test.WatchDog.cancel(): canceling Sun Feb 17 04:03:54 UTC 2019
auto.tcl: Setting watchdog for 200 seconds at Sun Feb 17 04:03:54 UTC 2019
3 ms. Memory: 331264K Free: 317424K (96%)
ptolemy.util.test.WatchDog.cancel(): canceling Sun Feb 17 04:03:54 UTC 2019
------------------ testing $PTII/ptolemy/domains/de/test/auto/OpenQueueingNetwork.xml
auto.tcl: Setting watchdog for 200 seconds at Sun Feb 17 04:03:54 UTC 2019
2622 ms. Memory: 317952K Free: 164448K (52%)
ptolemy.util.test.WatchDog.cancel(): canceling Sun Feb 17 04:03:57 UTC 2019
auto.tcl: Setting watchdog for 200 seconds at Sun Feb 17 04:03:57 UTC 2019
2195 ms. Memory: 287232K Free: 242558K (84%)
ptolemy.util.test.WatchDog.cancel(): canceling Sun Feb 17 04:03:59 UTC 2019
------------------ testing $PTII/ptolemy/domains/de/test/auto/OpenQueuingNetwork.xml
auto.tcl: Setting watchdog for 200 seconds at Sun Feb 17 04:03:59 UTC 2019
253 ms. Memory: 287232K Free: 186074K (65%)
ptolemy.util.test.WatchDog.cancel(): canceling Sun Feb 17 04:04:00 UTC 2019
auto.tcl: Setting watchdog for 200 seconds at Sun Feb 17 04:04:00 UTC 2019
224 ms. Memory: 287232K Free: 122808K (43%)
ptolemy.util.test.WatchDog.cancel(): canceling Sun Feb 17 04:04:00 UTC 2019
------------------ testing $PTII/ptolemy/domains/de/test/auto/PeriodicSampler.xml
auto.tcl: Setting watchdog for 200 seconds at Sun Feb 17 04:04:00 UTC 2019
3 ms. Memory: 289792K Free: 279399K (96%)
ptolemy.util.test.WatchDog.cancel(): canceling Sun Feb 17 04:04:00 UTC 2019
auto.tcl: Setting watchdog for 200 seconds at Sun Feb 17 04:04:00 UTC 2019
2 ms. Memory: 289792K Free: 276519K (95%)
ptolemy.util.test.WatchDog.cancel(): canceling Sun Feb 17 04:04:00 UTC 2019
------------------ testing $PTII/ptolemy/domains/de/test/auto/PersistentIO.xml
auto.tcl: Setting watchdog for 200 seconds at Sun Feb 17 04:04:00 UTC 2019
10 ms. Memory: 287232K Free: 271694K (95%)
ptolemy.util.test.WatchDog.cancel(): canceling Sun Feb 17 04:04:00 UTC 2019
auto.tcl: Setting watchdog for 200 seconds at Sun Feb 17 04:04:00 UTC 2019
3 ms. Memory: 287232K Free: 268822K (94%)
ptolemy.util.test.WatchDog.cancel(): canceling Sun Feb 17 04:04:00 UTC 2019
------------------ testing $PTII/ptolemy/domains/de/test/auto/PortParameterResetOnInitialize.xml
auto.tcl: Setting watchdog for 200 seconds at Sun Feb 17 04:04:00 UTC 2019
2 ms. Memory: 289280K Free: 274410K (95%)
ptolemy.util.test.WatchDog.cancel(): canceling Sun Feb 17 04:04:00 UTC 2019
auto.tcl: Setting watchdog for 200 seconds at Sun Feb 17 04:04:00 UTC 2019
1 ms. Memory: 289280K Free: 274410K (95%)
ptolemy.util.test.WatchDog.cancel(): canceling Sun Feb 17 04:04:00 UTC 2019
------------------ testing $PTII/ptolemy/domains/de/test/auto/PortParameterUpdates.xml
auto.tcl: Setting watchdog for 200 seconds at Sun Feb 17 04:04:00 UTC 2019
3 ms. Memory: 287232K Free: 272503K (95%)
ptolemy.util.test.WatchDog.cancel(): canceling Sun Feb 17 04:04:00 UTC 2019
auto.tcl: Setting watchdog for 200 seconds at Sun Feb 17 04:04:00 UTC 2019
3 ms. Memory: 287232K Free: 269631K (94%)
ptolemy.util.test.WatchDog.cancel(): canceling Sun Feb 17 04:04:00 UTC 2019
------------------ testing $PTII/ptolemy/domains/de/test/auto/QueueAndServer.xml
auto.tcl: Setting watchdog for 200 seconds at Sun Feb 17 04:04:00 UTC 2019
19 ms. Memory: 289280K Free: 271488K (94%)
ptolemy.util.test.WatchDog.cancel(): canceling Sun Feb 17 04:04:00 UTC 2019
auto.tcl: Setting watchdog for 200 seconds at Sun Feb 17 04:04:00 UTC 2019
6 ms. Memory: 289280K Free: 271488K (94%)
ptolemy.util.test.WatchDog.cancel(): canceling Sun Feb 17 04:04:00 UTC 2019
------------------ testing $PTII/ptolemy/domains/de/test/auto/Records.xml
auto.tcl: Setting watchdog for 200 seconds at Sun Feb 17 04:04:00 UTC 2019
12 ms. Memory: 287232K Free: 274319K (96%)
ptolemy.util.test.WatchDog.cancel(): canceling Sun Feb 17 04:04:00 UTC 2019
auto.tcl: Setting watchdog for 200 seconds at Sun Feb 17 04:04:00 UTC 2019
2 ms. Memory: 287232K Free: 274319K (96%)
ptolemy.util.test.WatchDog.cancel(): canceling Sun Feb 17 04:04:00 UTC 2019
------------------ testing $PTII/ptolemy/domains/de/test/auto/ResetTransitionWithStartTime1.xml
auto.tcl: Setting watchdog for 200 seconds at Sun Feb 17 04:04:00 UTC 2019
10 ms. Memory: 288768K Free: 273139K (95%)
ptolemy.util.test.WatchDog.cancel(): canceling Sun Feb 17 04:04:00 UTC 2019
auto.tcl: Setting watchdog for 200 seconds at Sun Feb 17 04:04:00 UTC 2019
6 ms. Memory: 288768K Free: 272984K (95%)
ptolemy.util.test.WatchDog.cancel(): canceling Sun Feb 17 04:04:00 UTC 2019
------------------ testing $PTII/ptolemy/domains/de/test/auto/ResetTransitionWithStartTime2.xml
auto.tcl: Setting watchdog for 200 seconds at Sun Feb 17 04:04:00 UTC 2019
10 ms. Memory: 287232K Free: 271595K (95%)
ptolemy.util.test.WatchDog.cancel(): canceling Sun Feb 17 04:04:00 UTC 2019
auto.tcl: Setting watchdog for 200 seconds at Sun Feb 17 04:04:00 UTC 2019
7 ms. Memory: 287232K Free: 271595K (95%)
ptolemy.util.test.WatchDog.cancel(): canceling Sun Feb 17 04:04:00 UTC 2019
------------------ testing $PTII/ptolemy/domains/de/test/auto/ResetTransitionWithStartTime3.xml
auto.tcl: Setting watchdog for 200 seconds at Sun Feb 17 04:04:00 UTC 2019
8 ms. Memory: 288768K Free: 272974K (95%)
ptolemy.util.test.WatchDog.cancel(): canceling Sun Feb 17 04:04:00 UTC 2019
auto.tcl: Setting watchdog for 200 seconds at Sun Feb 17 04:04:00 UTC 2019
6 ms. Memory: 288768K Free: 272974K (95%)
ptolemy.util.test.WatchDog.cancel(): canceling Sun Feb 17 04:04:00 UTC 2019
------------------ testing $PTII/ptolemy/domains/de/test/auto/ResetTransitionWithStartTime4.xml
auto.tcl: Setting watchdog for 200 seconds at Sun Feb 17 04:04:01 UTC 2019
4 ms. Memory: 287232K Free: 271437K (95%)
ptolemy.util.test.WatchDog.cancel(): canceling Sun Feb 17 04:04:01 UTC 2019
auto.tcl: Setting watchdog for 200 seconds at Sun Feb 17 04:04:01 UTC 2019
3 ms. Memory: 287232K Free: 271437K (95%)
ptolemy.util.test.WatchDog.cancel(): canceling Sun Feb 17 04:04:01 UTC 2019
------------------ testing $PTII/ptolemy/domains/de/test/auto/ResettableTimer1.xml
auto.tcl: Setting watchdog for 200 seconds at Sun Feb 17 04:04:01 UTC 2019
5 ms. Memory: 288768K Free: 275848K (96%)
ptolemy.util.test.WatchDog.cancel(): canceling Sun Feb 17 04:04:01 UTC 2019
auto.tcl: Setting watchdog for 200 seconds at Sun Feb 17 04:04:01 UTC 2019
3 ms. Memory: 288768K Free: 275848K (96%)
ptolemy.util.test.WatchDog.cancel(): canceling Sun Feb 17 04:04:01 UTC 2019
------------------ testing $PTII/ptolemy/domains/de/test/auto/ResettableTimer2.xml
auto.tcl: Setting watchdog for 200 seconds at Sun Feb 17 04:04:01 UTC 2019
2 ms. Memory: 287232K Free: 274526K (96%)
ptolemy.util.test.WatchDog.cancel(): canceling Sun Feb 17 04:04:01 UTC 2019
auto.tcl: Setting watchdog for 200 seconds at Sun Feb 17 04:04:01 UTC 2019
2 ms. Memory: 287232K Free: 274526K (96%)
ptolemy.util.test.WatchDog.cancel(): canceling Sun Feb 17 04:04:01 UTC 2019
------------------ testing $PTII/ptolemy/domains/de/test/auto/ResettableTimer3.xml
auto.tcl: Setting watchdog for 200 seconds at Sun Feb 17 04:04:01 UTC 2019
3 ms. Memory: 288256K Free: 275394K (96%)
ptolemy.util.test.WatchDog.cancel(): canceling Sun Feb 17 04:04:01 UTC 2019
auto.tcl: Setting watchdog for 200 seconds at Sun Feb 17 04:04:01 UTC 2019
1 ms. Memory: 288256K Free: 275394K (96%)
ptolemy.util.test.WatchDog.cancel(): canceling Sun Feb 17 04:04:01 UTC 2019
------------------ testing $PTII/ptolemy/domains/de/test/auto/ResettableTimer4.xml
auto.tcl: Setting watchdog for 200 seconds at Sun Feb 17 04:04:01 UTC 2019
4 ms. Memory: 287232K Free: 274538K (96%)
ptolemy.util.test.WatchDog.cancel(): canceling Sun Feb 17 04:04:01 UTC 2019
auto.tcl: Setting watchdog for 200 seconds at Sun Feb 17 04:04:01 UTC 2019
1 ms. Memory: 287232K Free: 274538K (96%)
ptolemy.util.test.WatchDog.cancel(): canceling Sun Feb 17 04:04:01 UTC 2019
------------------ testing $PTII/ptolemy/domains/de/test/auto/ResettableTimer5.xml
auto.tcl: Setting watchdog for 200 seconds at Sun Feb 17 04:04:01 UTC 2019
1 ms. Memory: 288256K Free: 273502K (95%)
ptolemy.util.test.WatchDog.cancel(): canceling Sun Feb 17 04:04:01 UTC 2019
auto.tcl: Setting watchdog for 200 seconds at Sun Feb 17 04:04:01 UTC 2019
2 ms. Memory: 288256K Free: 273502K (95%)
ptolemy.util.test.WatchDog.cancel(): canceling Sun Feb 17 04:04:01 UTC 2019
------------------ testing $PTII/ptolemy/domains/de/test/auto/ResettableTimer6.xml
auto.tcl: Setting watchdog for 200 seconds at Sun Feb 17 04:04:01 UTC 2019
1 ms. Memory: 287232K Free: 272288K (95%)
ptolemy.util.test.WatchDog.cancel(): canceling Sun Feb 17 04:04:01 UTC 2019
auto.tcl: Setting watchdog for 200 seconds at Sun Feb 17 04:04:01 UTC 2019
2 ms. Memory: 287232K Free: 272288K (95%)
ptolemy.util.test.WatchDog.cancel(): canceling Sun Feb 17 04:04:01 UTC 2019
------------------ testing $PTII/ptolemy/domains/de/test/auto/ServerZeroDelay.xml
auto.tcl: Setting watchdog for 200 seconds at Sun Feb 17 04:04:01 UTC 2019
4 ms. Memory: 288256K Free: 275500K (96%)
ptolemy.util.test.WatchDog.cancel(): canceling Sun Feb 17 04:04:01 UTC 2019
auto.tcl: Setting watchdog for 200 seconds at Sun Feb 17 04:04:01 UTC 2019
2 ms. Memory: 288256K Free: 275500K (96%)
ptolemy.util.test.WatchDog.cancel(): canceling Sun Feb 17 04:04:01 UTC 2019
------------------ testing $PTII/ptolemy/domains/de/test/auto/SmartSender.xml
auto.tcl: Setting watchdog for 200 seconds at Sun Feb 17 04:04:01 UTC 2019
3001 ms. Memory: 287232K Free: 272421K (95%)
ptolemy.util.test.WatchDog.cancel(): canceling Sun Feb 17 04:04:04 UTC 2019
auto.tcl: Setting watchdog for 200 seconds at Sun Feb 17 04:04:04 UTC 2019
3001 ms. Memory: 287232K Free: 272421K (95%)
ptolemy.util.test.WatchDog.cancel(): canceling Sun Feb 17 04:04:07 UTC 2019
------------------ testing $PTII/ptolemy/domains/de/test/auto/ThreadedComposite.xml
auto.tcl: Setting watchdog for 200 seconds at Sun Feb 17 04:04:07 UTC 2019
185 ms. Memory: 288256K Free: 252346K (88%)
ptolemy.util.test.WatchDog.cancel(): canceling Sun Feb 17 04:04:07 UTC 2019
auto.tcl: Setting watchdog for 200 seconds at Sun Feb 17 04:04:07 UTC 2019
95 ms. Memory: 288256K Free: 237132K (82%)
ptolemy.util.test.WatchDog.cancel(): canceling Sun Feb 17 04:04:07 UTC 2019
------------------ testing $PTII/ptolemy/domains/de/test/auto/Time.xml
auto.tcl: Setting watchdog for 200 seconds at Sun Feb 17 04:04:07 UTC 2019
498 ms. Memory: 287232K Free: 218475K (76%)
ptolemy.util.test.WatchDog.cancel(): canceling Sun Feb 17 04:04:08 UTC 2019
auto.tcl: Setting watchdog for 200 seconds at Sun Feb 17 04:04:08 UTC 2019
445 ms. Memory: 287232K Free: 164057K (57%)
ptolemy.util.test.WatchDog.cancel(): canceling Sun Feb 17 04:04:08 UTC 2019
------------------ testing $PTII/ptolemy/domains/de/test/auto/TimeDelayZeroDelay.xml
auto.tcl: Setting watchdog for 200 seconds at Sun Feb 17 04:04:08 UTC 2019
2 ms. Memory: 287744K Free: 275409K (96%)
ptolemy.util.test.WatchDog.cancel(): canceling Sun Feb 17 04:04:08 UTC 2019
auto.tcl: Setting watchdog for 200 seconds at Sun Feb 17 04:04:08 UTC 2019
1 ms. Memory: 287744K Free: 275409K (96%)
ptolemy.util.test.WatchDog.cancel(): canceling Sun Feb 17 04:04:08 UTC 2019
------------------ testing $PTII/ptolemy/domains/de/test/auto/TimerZeroDelay.xml
auto.tcl: Setting watchdog for 200 seconds at Sun Feb 17 04:04:09 UTC 2019
2 ms. Memory: 287232K Free: 275050K (96%)
ptolemy.util.test.WatchDog.cancel(): canceling Sun Feb 17 04:04:09 UTC 2019
auto.tcl: Setting watchdog for 200 seconds at Sun Feb 17 04:04:09 UTC 2019
2 ms. Memory: 287232K Free: 275050K (96%)
ptolemy.util.test.WatchDog.cancel(): canceling Sun Feb 17 04:04:09 UTC 2019
------------------ testing $PTII/ptolemy/domains/de/test/auto/TimingParadox.xml
auto.tcl: Setting watchdog for 200 seconds at Sun Feb 17 04:04:09 UTC 2019
299 ms. Memory: 287744K Free: 209612K (73%)
ptolemy.util.test.WatchDog.cancel(): canceling Sun Feb 17 04:04:09 UTC 2019
auto.tcl: Setting watchdog for 200 seconds at Sun Feb 17 04:04:09 UTC 2019
291 ms. Memory: 287744K Free: 173752K (60%)
ptolemy.util.test.WatchDog.cancel(): canceling Sun Feb 17 04:04:09 UTC 2019
------------------ testing $PTII/ptolemy/domains/de/test/auto/TransferInputs.xml
auto.tcl: Setting watchdog for 200 seconds at Sun Feb 17 04:04:09 UTC 2019
2 ms. Memory: 287744K Free: 274478K (95%)
ptolemy.util.test.WatchDog.cancel(): canceling Sun Feb 17 04:04:09 UTC 2019
auto.tcl: Setting watchdog for 200 seconds at Sun Feb 17 04:04:09 UTC 2019
1 ms. Memory: 287744K Free: 274478K (95%)
ptolemy.util.test.WatchDog.cancel(): canceling Sun Feb 17 04:04:09 UTC 2019
------------------ testing $PTII/ptolemy/domains/de/test/auto/TransferOutputs2.xml
auto.tcl: Setting watchdog for 200 seconds at Sun Feb 17 04:04:09 UTC 2019
4 ms. Memory: 287232K Free: 270445K (94%)
ptolemy.util.test.WatchDog.cancel(): canceling Sun Feb 17 04:04:09 UTC 2019
auto.tcl: Setting watchdog for 200 seconds at Sun Feb 17 04:04:09 UTC 2019
3 ms. Memory: 287232K Free: 267849K (93%)
ptolemy.util.test.WatchDog.cancel(): canceling Sun Feb 17 04:04:09 UTC 2019
------------------ testing $PTII/ptolemy/domains/de/test/auto/Trilateration.xml
auto.tcl: Setting watchdog for 200 seconds at Sun Feb 17 04:04:09 UTC 2019
13994 ms. Memory: 473088K Free: 251109K (53%)
ptolemy.util.test.WatchDog.cancel(): canceling Sun Feb 17 04:04:24 UTC 2019
auto.tcl: Setting watchdog for 200 seconds at Sun Feb 17 04:04:24 UTC 2019
10964 ms. Memory: 352256K Free: 187141K (53%)
ptolemy.util.test.WatchDog.cancel(): canceling Sun Feb 17 04:04:35 UTC 2019
------------------ testing $PTII/ptolemy/domains/de/test/auto/TwoSigmaDelta.xml
auto.tcl: Setting watchdog for 200 seconds at Sun Feb 17 04:04:36 UTC 2019
2741 ms. Memory: 339968K Free: 297777K (88%)
ptolemy.util.test.WatchDog.cancel(): canceling Sun Feb 17 04:04:38 UTC 2019
auto.tcl: Setting watchdog for 200 seconds at Sun Feb 17 04:04:38 UTC 2019
2150 ms. Memory: 339968K Free: 66756K (20%)
ptolemy.util.test.WatchDog.cancel(): canceling Sun Feb 17 04:04:41 UTC 2019
------------------ testing $PTII/ptolemy/domains/de/test/auto/VariableDelay.xml
auto.tcl: Setting watchdog for 200 seconds at Sun Feb 17 04:04:41 UTC 2019
2 ms. Memory: 337408K Free: 325575K (96%)
ptolemy.util.test.WatchDog.cancel(): canceling Sun Feb 17 04:04:41 UTC 2019
auto.tcl: Setting watchdog for 200 seconds at Sun Feb 17 04:04:41 UTC 2019
2 ms. Memory: 337408K Free: 321754K (95%)
ptolemy.util.test.WatchDog.cancel(): canceling Sun Feb 17 04:04:41 UTC 2019
------------------ testing $PTII/ptolemy/domains/de/test/auto/VariableDelay2.xml
auto.tcl: Setting watchdog for 200 seconds at Sun Feb 17 04:04:41 UTC 2019
7 ms. Memory: 339456K Free: 328035K (97%)
ptolemy.util.test.WatchDog.cancel(): canceling Sun Feb 17 04:04:41 UTC 2019
auto.tcl: Setting watchdog for 200 seconds at Sun Feb 17 04:04:41 UTC 2019
1 ms. Memory: 339456K Free: 324214K (96%)
ptolemy.util.test.WatchDog.cancel(): canceling Sun Feb 17 04:04:41 UTC 2019
------------------ testing $PTII/ptolemy/domains/de/test/auto/VariableDelayZeroDelay.xml
auto.tcl: Setting watchdog for 200 seconds at Sun Feb 17 04:04:41 UTC 2019
1 ms. Memory: 337408K Free: 323426K (96%)
ptolemy.util.test.WatchDog.cancel(): canceling Sun Feb 17 04:04:41 UTC 2019
auto.tcl: Setting watchdog for 200 seconds at Sun Feb 17 04:04:41 UTC 2019
1 ms. Memory: 337408K Free: 323426K (96%)
ptolemy.util.test.WatchDog.cancel(): canceling Sun Feb 17 04:04:41 UTC 2019
------------------ testing $PTII/ptolemy/domains/de/test/auto/VariableDelayZeroDelay2.xml
auto.tcl: Setting watchdog for 200 seconds at Sun Feb 17 04:04:41 UTC 2019
2 ms. Memory: 339456K Free: 325472K (96%)
ptolemy.util.test.WatchDog.cancel(): canceling Sun Feb 17 04:04:41 UTC 2019
auto.tcl: Setting watchdog for 200 seconds at Sun Feb 17 04:04:41 UTC 2019
1 ms. Memory: 339456K Free: 321667K (95%)
ptolemy.util.test.WatchDog.cancel(): canceling Sun Feb 17 04:04:41 UTC 2019
------------------ testing $PTII/ptolemy/domains/de/test/auto/deInCt.xml
auto.tcl: Setting watchdog for 200 seconds at Sun Feb 17 04:04:41 UTC 2019
0
1
1
1
1
0
0
0
0
1
1
1
0
0
1
1
1
0
0
0
1
1
1
0
0
0
1
1
1
0
0
0
0
0
1
1
1
0
0
0
1
1
1
1
6 ms. Memory: 337408K Free: 323415K (96%)
ptolemy.util.test.WatchDog.cancel(): canceling Sun Feb 17 04:04:41 UTC 2019
auto.tcl: Setting watchdog for 200 seconds at Sun Feb 17 04:04:41 UTC 2019
0
1
1
1
1
0
0
0
0
0
1
1
1
0
0
0
0
0
1
1
1
1
1
0
0
0
0
6 ms. Memory: 337408K Free: 319609K (95%)
ptolemy.util.test.WatchDog.cancel(): canceling Sun Feb 17 04:04:41 UTC 2019
------------------ testing $PTII/ptolemy/domains/de/test/auto/deInCt2.xml
auto.tcl: Setting watchdog for 200 seconds at Sun Feb 17 04:04:41 UTC 2019
0
1
1
1
0
0
1
1
1
0
0
1
1
1
0
0
1
1
1
0
0
1
1
1
0
0
1
1
1
0
0
1
1
1
0
0
1
1
1
0
0
0
13 ms. Memory: 338944K Free: 324950K (96%)
ptolemy.util.test.WatchDog.cancel(): canceling Sun Feb 17 04:04:41 UTC 2019
auto.tcl: Setting watchdog for 200 seconds at Sun Feb 17 04:04:41 UTC 2019
0
1
1
1
0
0
1
1
1
0
0
1
1
1
0
0
1
1
1
0
0
1
1
1
0
0
1
1
1
0
0
1
1
1
0
0
1
1
1
0
0
0
9 ms. Memory: 338944K Free: 321145K (95%)
ptolemy.util.test.WatchDog.cancel(): canceling Sun Feb 17 04:04:41 UTC 2019
------------------ testing $PTII/ptolemy/domains/de/test/auto/dynamicCausalityInterface1.xml
auto.tcl: Setting watchdog for 200 seconds at Sun Feb 17 04:04:41 UTC 2019
1 ms. Memory: 337408K Free: 318355K (94%)
ptolemy.util.test.WatchDog.cancel(): canceling Sun Feb 17 04:04:41 UTC 2019
auto.tcl: Setting watchdog for 200 seconds at Sun Feb 17 04:04:41 UTC 2019
0 ms. Memory: 337408K Free: 318355K (94%)
ptolemy.util.test.WatchDog.cancel(): canceling Sun Feb 17 04:04:41 UTC 2019
------------------ testing $PTII/ptolemy/domains/de/test/auto/fsm_de_test.xml
auto.tcl: Setting watchdog for 200 seconds at Sun Feb 17 04:04:41 UTC 2019
5 ms. Memory: 338944K Free: 317226K (94%)
ptolemy.util.test.WatchDog.cancel(): canceling Sun Feb 17 04:04:41 UTC 2019
auto.tcl: Setting watchdog for 200 seconds at Sun Feb 17 04:04:41 UTC 2019
5 ms. Memory: 338944K Free: 317226K (94%)
ptolemy.util.test.WatchDog.cancel(): canceling Sun Feb 17 04:04:41 UTC 2019
------------------ testing $PTII/ptolemy/domains/de/test/auto/functionDependencyReconstruction.xml
auto.tcl: Setting watchdog for 200 seconds at Sun Feb 17 04:04:41 UTC 2019
2 ms. Memory: 337408K Free: 311868K (92%)
ptolemy.util.test.WatchDog.cancel(): canceling Sun Feb 17 04:04:41 UTC 2019
auto.tcl: Setting watchdog for 200 seconds at Sun Feb 17 04:04:41 UTC 2019
3 ms. Memory: 337408K Free: 308047K (91%)
ptolemy.util.test.WatchDog.cancel(): canceling Sun Feb 17 04:04:41 UTC 2019
------------------ testing $PTII/ptolemy/domains/de/test/auto/multirate.xml
auto.tcl: Setting watchdog for 200 seconds at Sun Feb 17 04:04:41 UTC 2019
5 ms. Memory: 338432K Free: 320373K (95%)
ptolemy.util.test.WatchDog.cancel(): canceling Sun Feb 17 04:04:41 UTC 2019
auto.tcl: Setting watchdog for 200 seconds at Sun Feb 17 04:04:41 UTC 2019
7 ms. Memory: 338432K Free: 320373K (95%)
ptolemy.util.test.WatchDog.cancel(): canceling Sun Feb 17 04:04:41 UTC 2019
------------------ testing $PTII/ptolemy/domains/de/test/auto/multirate2.xml
auto.tcl: Setting watchdog for 200 seconds at Sun Feb 17 04:04:41 UTC 2019
3 ms. Memory: 337408K Free: 319551K (95%)
ptolemy.util.test.WatchDog.cancel(): canceling Sun Feb 17 04:04:41 UTC 2019
auto.tcl: Setting watchdog for 200 seconds at Sun Feb 17 04:04:41 UTC 2019
2 ms. Memory: 337408K Free: 319551K (95%)
ptolemy.util.test.WatchDog.cancel(): canceling Sun Feb 17 04:04:41 UTC 2019
------------------ testing $PTII/ptolemy/domains/de/test/auto/realtime.xml
auto.tcl: Setting watchdog for 200 seconds at Sun Feb 17 04:04:41 UTC 2019
10002 ms. Memory: 338432K Free: 324380K (96%)
ptolemy.util.test.WatchDog.cancel(): canceling Sun Feb 17 04:04:51 UTC 2019
auto.tcl: Setting watchdog for 200 seconds at Sun Feb 17 04:04:51 UTC 2019
10001 ms. Memory: 338432K Free: 320575K (95%)
ptolemy.util.test.WatchDog.cancel(): canceling Sun Feb 17 04:05:01 UTC 2019
------------------ testing $PTII/ptolemy/domains/de/test/auto/relationGroup.xml
auto.tcl: Setting watchdog for 200 seconds at Sun Feb 17 04:05:01 UTC 2019
1 ms. Memory: 337408K Free: 325948K (97%)
ptolemy.util.test.WatchDog.cancel(): canceling Sun Feb 17 04:05:01 UTC 2019
auto.tcl: Setting watchdog for 200 seconds at Sun Feb 17 04:05:01 UTC 2019
1 ms. Memory: 337408K Free: 325948K (97%)
ptolemy.util.test.WatchDog.cancel(): canceling Sun Feb 17 04:05:01 UTC 2019
------------------ testing $PTII/ptolemy/domains/de/test/auto/relationGroup2.xml
auto.tcl: Setting watchdog for 200 seconds at Sun Feb 17 04:05:01 UTC 2019
1 ms. Memory: 338432K Free: 324438K (96%)
ptolemy.util.test.WatchDog.cancel(): canceling Sun Feb 17 04:05:01 UTC 2019
auto.tcl: Setting watchdog for 200 seconds at Sun Feb 17 04:05:01 UTC 2019
2 ms. Memory: 338432K Free: 324438K (96%)
ptolemy.util.test.WatchDog.cancel(): canceling Sun Feb 17 04:05:01 UTC 2019
------------------ testing $PTII/ptolemy/domains/de/test/auto/sortWithOpaquePorts.xml
auto.tcl: Setting watchdog for 200 seconds at Sun Feb 17 04:05:01 UTC 2019
1 ms. Memory: 337408K Free: 323415K (96%)
ptolemy.util.test.WatchDog.cancel(): canceling Sun Feb 17 04:05:01 UTC 2019
auto.tcl: Setting watchdog for 200 seconds at Sun Feb 17 04:05:01 UTC 2019
1 ms. Memory: 337408K Free: 319609K (95%)
ptolemy.util.test.WatchDog.cancel(): canceling Sun Feb 17 04:05:01 UTC 2019
------------------ testing $PTII/ptolemy/domains/de/test/auto/transferInputsandOutputs.xml
auto.tcl: Setting watchdog for 200 seconds at Sun Feb 17 04:05:01 UTC 2019
2 ms. Memory: 337920K Free: 320093K (95%)
ptolemy.util.test.WatchDog.cancel(): canceling Sun Feb 17 04:05:02 UTC 2019
auto.tcl: Setting watchdog for 200 seconds at Sun Feb 17 04:05:02 UTC 2019
2 ms. Memory: 337920K Free: 320093K (95%)
ptolemy.util.test.WatchDog.cancel(): canceling Sun Feb 17 04:05:02 UTC 2019
------------------ testing $PTII/ptolemy/domains/de/test/auto/triggerType.xml
auto.tcl: Setting watchdog for 200 seconds at Sun Feb 17 04:05:02 UTC 2019
2 ms. Memory: 337408K Free: 323353K (96%)
ptolemy.util.test.WatchDog.cancel(): canceling Sun Feb 17 04:05:02 UTC 2019
auto.tcl: Setting watchdog for 200 seconds at Sun Feb 17 04:05:02 UTC 2019
1 ms. Memory: 337408K Free: 319532K (95%)
ptolemy.util.test.WatchDog.cancel(): canceling Sun Feb 17 04:05:02 UTC 2019
02/17/19 04:05:02
Failed: 0  Total Tests: 192  ((Passed: 187, Newly Passed: 1)  Known Failed: 5) /home/travis/build/icyphy/ptII/ptolemy/domains/de/test
02/17/19 04:05:02
Failed: 0  Total Tests: 192  ((Passed: 187, Newly Passed: 1)  Known Failed: 5) /home/travis/build/icyphy/ptII/ptolemy/domains/de/test
----------------- testing (KnownFailure) /home/travis/build/icyphy/ptII/ptolemy/domains/de/test/auto/knownFailedTests/DESDFClockTest.xml
2009 ms. Memory: 337920K Free: 313655K (93%)
Known Failure: java.lang.reflect.InvocationTargetException
----------------- testing (KnownFailure) /home/travis/build/icyphy/ptII/ptolemy/domains/de/test/auto/knownFailedTests/DirectFeedback.xml
1 ms. Memory: 337920K Free: 293175K (87%)
Known Failure: java.lang.reflect.InvocationTargetException
----------------- testing (KnownFailure) /home/travis/build/icyphy/ptII/ptolemy/domains/de/test/auto/knownFailedTests/FSMSource.xml
15 ms. Memory: 337920K Free: 272695K (81%)
----------------- testing (KnownFailure) /home/travis/build/icyphy/ptII/ptolemy/domains/de/test/auto/knownFailedTests/HierarchicalModel.xml
1 ms. Memory: 337920K Free: 247079K (73%)
Known Failure: java.lang.reflect.InvocationTargetException
----------------- testing (KnownFailure) /home/travis/build/icyphy/ptII/ptolemy/domains/de/test/auto/knownFailedTests/dependencyLoop.xml
1 ms. Memory: 337920K Free: 216342K (64%)
Known Failure: java.lang.reflect.InvocationTargetException
----------------- testing (KnownFailure) /home/travis/build/icyphy/ptII/ptolemy/domains/de/test/auto/knownFailedTests/dependencyLoop2.xml
2 ms. Memory: 337920K Free: 185614K (55%)
Known Failure: java.lang.reflect.InvocationTargetException
No auto/linux-amd64/*.xml tests in /home/travis/build/icyphy/ptII/ptolemy/domains/de/test
AutoTests.java: About to close Vertx.
AutoTests.java: Vertx closed.

===========================================================================================
----------------- testing Sun Feb 17 04:05:04 UTC 2019 /home/travis/build/icyphy/ptII/ptolemy/domains/de/test/auto/ActorDepthCalculation_actorWithoutPorts.xml
----------------- Instantiating /home/travis/build/icyphy/ptII/ptolemy/domains/de/test/auto/ActorDepthCalculation_actorWithoutPorts.xml
1 ms. Memory: 337920K Free: 160014K (47%)
----------------- Invoking toplevel() on ptolemy.moml.MoMLSimpleApplication@7d41a8ec
----------------- Done invoking toplevel() on ptolemy.moml.MoMLSimpleApplication@7d41a8ec
reloadAllAccessors: .ActorDepthCalculation_actorWithoutPorts

===========================================================================================
----------------- testing Sun Feb 17 04:05:04 UTC 2019 /home/travis/build/icyphy/ptII/ptolemy/domains/de/test/auto/AssemblyLine.xml
----------------- Instantiating /home/travis/build/icyphy/ptII/ptolemy/domains/de/test/auto/AssemblyLine.xml
1 ms. Memory: 337920K Free: 144645K (43%)
----------------- Invoking toplevel() on ptolemy.moml.MoMLSimpleApplication@6ad557fc
----------------- Done invoking toplevel() on ptolemy.moml.MoMLSimpleApplication@6ad557fc
reloadAllAccessors: .AssemblyLine

===========================================================================================
----------------- testing Sun Feb 17 04:05:04 UTC 2019 /home/travis/build/icyphy/ptII/ptolemy/domains/de/test/auto/CQBug1.xml
----------------- Instantiating /home/travis/build/icyphy/ptII/ptolemy/domains/de/test/auto/CQBug1.xml
0 ms. Memory: 337920K Free: 134405K (40%)
----------------- Invoking toplevel() on ptolemy.moml.MoMLSimpleApplication@5cca4c0c
----------------- Done invoking toplevel() on ptolemy.moml.MoMLSimpleApplication@5cca4c0c
reloadAllAccessors: .CQBug1

===========================================================================================
----------------- testing Sun Feb 17 04:05:04 UTC 2019 /home/travis/build/icyphy/ptII/ptolemy/domains/de/test/auto/CancelFireAt.xml
----------------- Instantiating /home/travis/build/icyphy/ptII/ptolemy/domains/de/test/auto/CancelFireAt.xml
1 ms. Memory: 337920K Free: 124165K (37%)
----------------- Invoking toplevel() on ptolemy.moml.MoMLSimpleApplication@6b50ecfd
----------------- Done invoking toplevel() on ptolemy.moml.MoMLSimpleApplication@6b50ecfd
reloadAllAccessors: .CancelFireAt

===========================================================================================
----------------- testing Sun Feb 17 04:05:04 UTC 2019 /home/travis/build/icyphy/ptII/ptolemy/domains/de/test/auto/CausalityAndComposabilityAnalysis.xml
----------------- Instantiating /home/travis/build/icyphy/ptII/ptolemy/domains/de/test/auto/CausalityAndComposabilityAnalysis.xml
1 ms. Memory: 337920K Free: 113925K (34%)
----------------- Invoking toplevel() on ptolemy.moml.MoMLSimpleApplication@16d9ea61
----------------- Done invoking toplevel() on ptolemy.moml.MoMLSimpleApplication@16d9ea61
reloadAllAccessors: .CausalityAndComposabilityAnalysis

===========================================================================================
----------------- testing Sun Feb 17 04:05:04 UTC 2019 /home/travis/build/icyphy/ptII/ptolemy/domains/de/test/auto/CausalityInterface1.xml
----------------- Instantiating /home/travis/build/icyphy/ptII/ptolemy/domains/de/test/auto/CausalityInterface1.xml
3 ms. Memory: 337920K Free: 103685K (31%)
----------------- Invoking toplevel() on ptolemy.moml.MoMLSimpleApplication@7492ae80
----------------- Done invoking toplevel() on ptolemy.moml.MoMLSimpleApplication@7492ae80
reloadAllAccessors: .CausalityInterface1

===========================================================================================
----------------- testing Sun Feb 17 04:05:04 UTC 2019 /home/travis/build/icyphy/ptII/ptolemy/domains/de/test/auto/CausalityInterface15.xml
----------------- Instantiating /home/travis/build/icyphy/ptII/ptolemy/domains/de/test/auto/CausalityInterface15.xml
1 ms. Memory: 337920K Free: 89640K (27%)
----------------- Invoking toplevel() on ptolemy.moml.MoMLSimpleApplication@1b24a727
----------------- Done invoking toplevel() on ptolemy.moml.MoMLSimpleApplication@1b24a727
reloadAllAccessors: .CausalityInterface15

[...]
java.lang.RuntimeException: Execution failed
	at ptolemy.moml.MoMLSimpleApplication$UnloadThread.run(MoMLSimpleApplication.java:402)
Caused by: ptolemy.kernel.util.IllegalActionException: Test fails in iteration 1.
Value was: 1.0. Should have been: 2.0
  in .DirectFeedback.Test
	at ptolemy.actor.lib.Test.fire(Test.java:268)
	at ptolemy.domains.de.kernel.DEDirector._fire(DEDirector.java:1949)
	at ptolemy.domains.de.kernel.DEDirector.fire(DEDirector.java:502)
	at ptolemy.actor.CompositeActor.fire(CompositeActor.java:455)
	at ptolemy.actor.Manager.iterate(Manager.java:851)
	at ptolemy.actor.Manager.execute(Manager.java:369)
	at ptolemy.actor.Manager.run(Manager.java:1263)
	at ptolemy.actor.Manager$PtolemyRunThread.run(Manager.java:1915)
java.lang.RuntimeException: Execution failed
	at ptolemy.moml.MoMLSimpleApplication$UnloadThread.run(MoMLSimpleApplication.java:402)
Caused by: ptolemy.kernel.util.IllegalActionException: Actor is not ready to fire.  Perhaps UpSample.prefire() returned false? Try debugging the actor by selecting "Listen to Actor".  Also, for SDF check moml for tokenConsumptionRate on input.
  in .DESDFClockTest.Play Bell.Copy1:SDF Director and .DESDFClockTest.Play Bell.UpSample
	at ptolemy.actor.sched.StaticSchedulingDirector.fire(StaticSchedulingDirector.java:227)
	at ptolemy.domains.sdf.kernel.SDFDirector.fire(SDFDirector.java:500)
	at ptolemy.actor.CompositeActor.fire(CompositeActor.java:455)
	at ptolemy.domains.de.kernel.DEDirector._fire(DEDirector.java:1949)
	at ptolemy.domains.de.kernel.DEDirector.fire(DEDirector.java:502)
	at ptolemy.actor.CompositeActor.fire(CompositeActor.java:455)
	at ptolemy.actor.Manager.iterate(Manager.java:851)
	at ptolemy.actor.Manager.execute(Manager.java:369)
	at ptolemy.actor.Manager.run(Manager.java:1263)
	at ptolemy.actor.Manager$PtolemyRunThread.run(Manager.java:1915)
java.lang.reflect.InvocationTargetException
	at sun.reflect.NativeConstructorAccessorImpl.newInstance0(Native Method)
	at sun.reflect.NativeConstructorAccessorImpl.newInstance(NativeConstructorAccessorImpl.java:62)
	at sun.reflect.DelegatingConstructorAccessorImpl.newInstance(DelegatingConstructorAccessorImpl.java:45)
	at java.lang.reflect.Constructor.newInstance(Constructor.java:423)
	at ptolemy.util.test.junit.AutoKnownFailedTests.RunModel(AutoKnownFailedTests.java:105)
	at sun.reflect.NativeMethodAccessorImpl.invoke0(Native Method)
	at sun.reflect.NativeMethodAccessorImpl.invoke(NativeMethodAccessorImpl.java:62)
	at sun.reflect.DelegatingMethodAccessorImpl.invoke(DelegatingMethodAccessorImpl.java:43)
	at java.lang.reflect.Method.invoke(Method.java:498)
	at org.junit.runners.model.FrameworkMethod$1.runReflectiveCall(FrameworkMethod.java:44)
	at org.junit.internal.runners.model.ReflectiveCallable.run(ReflectiveCallable.java:15)
	at org.junit.runners.model.FrameworkMethod.invokeExplosively(FrameworkMethod.java:41)
	at junitparams.internal.InvokeParameterisedMethod.evaluate(InvokeParameterisedMethod.java:102)
	at org.junit.internal.runners.statements.FailOnTimeout$1.run(FailOnTimeout.java:28)
Caused by: ptolemy.kernel.util.IllegalActionException: Actor is not ready to fire.  Perhaps UpSample.prefire() returned false? Try debugging the actor by selecting "Listen to Actor".  Also, for SDF check moml for tokenConsumptionRate on input.
  in .DESDFClockTest.Play Bell.Copy1:SDF Director and .DESDFClockTest.Play Bell.UpSample
	at ptolemy.actor.sched.StaticSchedulingDirector.fire(StaticSchedulingDirector.java:227)
	at ptolemy.domains.sdf.kernel.SDFDirector.fire(SDFDirector.java:500)
	at ptolemy.actor.CompositeActor.fire(CompositeActor.java:455)
	at ptolemy.domains.de.kernel.DEDirector._fire(DEDirector.java:1949)
	at ptolemy.domains.de.kernel.DEDirector.fire(DEDirector.java:502)
	at ptolemy.actor.CompositeActor.fire(CompositeActor.java:455)
	at ptolemy.actor.Manager.iterate(Manager.java:851)
	at ptolemy.actor.Manager.execute(Manager.java:369)
	at ptolemy.actor.Manager.run(Manager.java:1263)
	at ptolemy.actor.Manager$PtolemyRunThread.run(Manager.java:1915)
java.lang.RuntimeException: Execution failed
	at ptolemy.moml.MoMLSimpleApplication$UnloadThread.run(MoMLSimpleApplication.java:402)
Caused by: ptolemy.kernel.util.IllegalActionException: Test fails in iteration 1.
Value was: 1.0. Should have been: 2.0
  in .DirectFeedback.Test
	at ptolemy.actor.lib.Test.fire(Test.java:268)
	at ptolemy.domains.de.kernel.DEDirector._fire(DEDirector.java:1949)
	at ptolemy.domains.de.kernel.DEDirector.fire(DEDirector.java:502)
	at ptolemy.actor.CompositeActor.fire(CompositeActor.java:455)
	at ptolemy.actor.Manager.iterate(Manager.java:851)
	at ptolemy.actor.Manager.execute(Manager.java:369)
	at ptolemy.actor.Manager.run(Manager.java:1263)
	at ptolemy.actor.Manager$PtolemyRunThread.run(Manager.java:1915)
java.lang.reflect.InvocationTargetException
	at sun.reflect.NativeConstructorAccessorImpl.newInstance0(Native Method)
	at sun.reflect.NativeConstructorAccessorImpl.newInstance(NativeConstructorAccessorImpl.java:62)
	at sun.reflect.DelegatingConstructorAccessorImpl.newInstance(DelegatingConstructorAccessorImpl.java:45)
	at java.lang.reflect.Constructor.newInstance(Constructor.java:423)
	at ptolemy.util.test.junit.AutoKnownFailedTests.RunModel(AutoKnownFailedTests.java:105)
	at sun.reflect.NativeMethodAccessorImpl.invoke0(Native Method)
	at sun.reflect.NativeMethodAccessorImpl.invoke(NativeMethodAccessorImpl.java:62)
	at sun.reflect.DelegatingMethodAccessorImpl.invoke(DelegatingMethodAccessorImpl.java:43)
	at java.lang.reflect.Method.invoke(Method.java:498)
	at org.junit.runners.model.FrameworkMethod$1.runReflectiveCall(FrameworkMethod.java:44)
	at org.junit.internal.runners.model.ReflectiveCallable.run(ReflectiveCallable.java:15)
	at org.junit.runners.model.FrameworkMethod.invokeExplosively(FrameworkMethod.java:41)
	at junitparams.internal.InvokeParameterisedMethod.evaluate(InvokeParameterisedMethod.java:102)
	at org.junit.internal.runners.statements.FailOnTimeout$1.run(FailOnTimeout.java:28)
Caused by: ptolemy.kernel.util.IllegalActionException: Test fails in iteration 1.
Value was: 1.0. Should have been: 2.0
  in .DirectFeedback.Test
	at ptolemy.actor.lib.Test.fire(Test.java:268)
	at ptolemy.domains.de.kernel.DEDirector._fire(DEDirector.java:1949)
	at ptolemy.domains.de.kernel.DEDirector.fire(DEDirector.java:502)
	at ptolemy.actor.CompositeActor.fire(CompositeActor.java:455)
	at ptolemy.actor.Manager.iterate(Manager.java:851)
	at ptolemy.actor.Manager.execute(Manager.java:369)
	at ptolemy.actor.Manager.run(Manager.java:1263)
	at ptolemy.actor.Manager$PtolemyRunThread.run(Manager.java:1915)
java.lang.RuntimeException: Execution failed
	at ptolemy.moml.MoMLSimpleApplication$UnloadThread.run(MoMLSimpleApplication.java:402)
Caused by: ptolemy.kernel.util.IllegalActionException: Found a zero delay loop containing .HierarchicalModel.A
  in .HierarchicalModel and .HierarchicalModel.A
	at ptolemy.actor.util.CausalityInterfaceForComposites._computeOutputPortDepth(CausalityInterfaceForComposites.java:759)
	at ptolemy.actor.util.CausalityInterfaceForComposites._computeInputDepth(CausalityInterfaceForComposites.java:696)
	at ptolemy.actor.util.CausalityInterfaceForComposites._computeOutputPortDepth(CausalityInterfaceForComposites.java:765)
	at ptolemy.actor.util.CausalityInterfaceForComposites._computeInputDepth(CausalityInterfaceForComposites.java:696)
	at ptolemy.actor.util.CausalityInterfaceForComposites._computeOutputPortDepth(CausalityInterfaceForComposites.java:765)
	at ptolemy.actor.util.CausalityInterfaceForComposites._computeInputDepth(CausalityInterfaceForComposites.java:696)
	at ptolemy.actor.util.CausalityInterfaceForComposites._computeActorDepth(CausalityInterfaceForComposites.java:532)
	at ptolemy.actor.util.CausalityInterfaceForComposites.checkForCycles(CausalityInterfaceForComposites.java:96)
	at ptolemy.domains.de.kernel.DEDirector.preinitialize(DEDirector.java:1338)
	at ptolemy.actor.CompositeActor.preinitialize(CompositeActor.java:1828)
	at ptolemy.actor.Manager.preinitializeAndResolveTypes(Manager.java:1040)
	at ptolemy.actor.Manager.initialize(Manager.java:710)
	at ptolemy.actor.Manager.execute(Manager.java:356)
	at ptolemy.actor.Manager.run(Manager.java:1263)
	at ptolemy.actor.Manager$PtolemyRunThread.run(Manager.java:1915)
java.lang.reflect.InvocationTargetException
	at sun.reflect.NativeConstructorAccessorImpl.newInstance0(Native Method)
	at sun.reflect.NativeConstructorAccessorImpl.newInstance(NativeConstructorAccessorImpl.java:62)
	at sun.reflect.DelegatingConstructorAccessorImpl.newInstance(DelegatingConstructorAccessorImpl.java:45)
	at java.lang.reflect.Constructor.newInstance(Constructor.java:423)
	at ptolemy.util.test.junit.AutoKnownFailedTests.RunModel(AutoKnownFailedTests.java:105)
	at sun.reflect.NativeMethodAccessorImpl.invoke0(Native Method)
	at sun.reflect.NativeMethodAccessorImpl.invoke(NativeMethodAccessorImpl.java:62)
	at sun.reflect.DelegatingMethodAccessorImpl.invoke(DelegatingMethodAccessorImpl.java:43)
	at java.lang.reflect.Method.invoke(Method.java:498)
	at org.junit.runners.model.FrameworkMethod$1.runReflectiveCall(FrameworkMethod.java:44)
	at org.junit.internal.runners.model.ReflectiveCallable.run(ReflectiveCallable.java:15)
	at org.junit.runners.model.FrameworkMethod.invokeExplosively(FrameworkMethod.java:41)
	at junitparams.internal.InvokeParameterisedMethod.evaluate(InvokeParameterisedMethod.java:102)
	at org.junit.internal.runners.statements.FailOnTimeout$1.run(FailOnTimeout.java:28)
Caused by: ptolemy.kernel.util.IllegalActionException: Found a zero delay loop containing .HierarchicalModel.A
  in .HierarchicalModel and .HierarchicalModel.A
	at ptolemy.actor.util.CausalityInterfaceForComposites._computeOutputPortDepth(CausalityInterfaceForComposites.java:759)
	at ptolemy.actor.util.CausalityInterfaceForComposites._computeInputDepth(CausalityInterfaceForComposites.java:696)
	at ptolemy.actor.util.CausalityInterfaceForComposites._computeOutputPortDepth(CausalityInterfaceForComposites.java:765)
	at ptolemy.actor.util.CausalityInterfaceForComposites._computeInputDepth(CausalityInterfaceForComposites.java:696)
	at ptolemy.actor.util.CausalityInterfaceForComposites._computeOutputPortDepth(CausalityInterfaceForComposites.java:765)
	at ptolemy.actor.util.CausalityInterfaceForComposites._computeInputDepth(CausalityInterfaceForComposites.java:696)
	at ptolemy.actor.util.CausalityInterfaceForComposites._computeActorDepth(CausalityInterfaceForComposites.java:532)
	at ptolemy.actor.util.CausalityInterfaceForComposites.checkForCycles(CausalityInterfaceForComposites.java:96)
	at ptolemy.domains.de.kernel.DEDirector.preinitialize(DEDirector.java:1338)
	at ptolemy.actor.CompositeActor.preinitialize(CompositeActor.java:1828)
	at ptolemy.actor.Manager.preinitializeAndResolveTypes(Manager.java:1040)
	at ptolemy.actor.Manager.initialize(Manager.java:710)
	at ptolemy.actor.Manager.execute(Manager.java:356)
	at ptolemy.actor.Manager.run(Manager.java:1263)
	at ptolemy.actor.Manager$PtolemyRunThread.run(Manager.java:1915)
java.lang.RuntimeException: Execution failed
	at ptolemy.moml.MoMLSimpleApplication$UnloadThread.run(MoMLSimpleApplication.java:402)
Caused by: ptolemy.kernel.util.IllegalActionException: Found a zero delay loop containing .dependencyLoop.original
  in .dependencyLoop and .dependencyLoop.original
	at ptolemy.actor.util.CausalityInterfaceForComposites._computeOutputPortDepth(CausalityInterfaceForComposites.java:759)
	at ptolemy.actor.util.CausalityInterfaceForComposites._computeInputDepth(CausalityInterfaceForComposites.java:696)
	at ptolemy.actor.util.CausalityInterfaceForComposites._computeOutputPortDepth(CausalityInterfaceForComposites.java:765)
	at ptolemy.actor.util.CausalityInterfaceForComposites._computeInputDepth(CausalityInterfaceForComposites.java:696)
	at ptolemy.actor.util.CausalityInterfaceForComposites._computeOutputPortDepth(CausalityInterfaceForComposites.java:765)
	at ptolemy.actor.util.CausalityInterfaceForComposites._computeInputDepth(CausalityInterfaceForComposites.java:696)
	at ptolemy.actor.util.CausalityInterfaceForComposites._computeActorDepth(CausalityInterfaceForComposites.java:532)
	at ptolemy.actor.util.CausalityInterfaceForComposites.checkForCycles(CausalityInterfaceForComposites.java:96)
	at ptolemy.domains.de.kernel.DEDirector.preinitialize(DEDirector.java:1338)
	at ptolemy.actor.CompositeActor.preinitialize(CompositeActor.java:1828)
	at ptolemy.actor.Manager.preinitializeAndResolveTypes(Manager.java:1040)
	at ptolemy.actor.Manager.initialize(Manager.java:710)
	at ptolemy.actor.Manager.execute(Manager.java:356)
	at ptolemy.actor.Manager.run(Manager.java:1263)
	at ptolemy.actor.Manager$PtolemyRunThread.run(Manager.java:1915)
java.lang.reflect.InvocationTargetException
	at sun.reflect.NativeConstructorAccessorImpl.newInstance0(Native Method)
	at sun.reflect.NativeConstructorAccessorImpl.newInstance(NativeConstructorAccessorImpl.java:62)
	at sun.reflect.DelegatingConstructorAccessorImpl.newInstance(DelegatingConstructorAccessorImpl.java:45)
	at java.lang.reflect.Constructor.newInstance(Constructor.java:423)
	at ptolemy.util.test.junit.AutoKnownFailedTests.RunModel(AutoKnownFailedTests.java:105)
	at sun.reflect.NativeMethodAccessorImpl.invoke0(Native Method)
	at sun.reflect.NativeMethodAccessorImpl.invoke(NativeMethodAccessorImpl.java:62)
	at sun.reflect.DelegatingMethodAccessorImpl.invoke(DelegatingMethodAccessorImpl.java:43)
	at java.lang.reflect.Method.invoke(Method.java:498)
	at org.junit.runners.model.FrameworkMethod$1.runReflectiveCall(FrameworkMethod.java:44)
	at org.junit.internal.runners.model.ReflectiveCallable.run(ReflectiveCallable.java:15)
	at org.junit.runners.model.FrameworkMethod.invokeExplosively(FrameworkMethod.java:41)
	at junitparams.internal.InvokeParameterisedMethod.evaluate(InvokeParameterisedMethod.java:102)
	at org.junit.internal.runners.statements.FailOnTimeout$1.run(FailOnTimeout.java:28)
Caused by: ptolemy.kernel.util.IllegalActionException: Found a zero delay loop containing .dependencyLoop.original
  in .dependencyLoop and .dependencyLoop.original
	at ptolemy.actor.util.CausalityInterfaceForComposites._computeOutputPortDepth(CausalityInterfaceForComposites.java:759)
	at ptolemy.actor.util.CausalityInterfaceForComposites._computeInputDepth(CausalityInterfaceForComposites.java:696)
	at ptolemy.actor.util.CausalityInterfaceForComposites._computeOutputPortDepth(CausalityInterfaceForComposites.java:765)
	at ptolemy.actor.util.CausalityInterfaceForComposites._computeInputDepth(CausalityInterfaceForComposites.java:696)
	at ptolemy.actor.util.CausalityInterfaceForComposites._computeOutputPortDepth(CausalityInterfaceForComposites.java:765)
	at ptolemy.actor.util.CausalityInterfaceForComposites._computeInputDepth(CausalityInterfaceForComposites.java:696)
	at ptolemy.actor.util.CausalityInterfaceForComposites._computeActorDepth(CausalityInterfaceForComposites.java:532)
	at ptolemy.actor.util.CausalityInterfaceForComposites.checkForCycles(CausalityInterfaceForComposites.java:96)
	at ptolemy.domains.de.kernel.DEDirector.preinitialize(DEDirector.java:1338)
	at ptolemy.actor.CompositeActor.preinitialize(CompositeActor.java:1828)
	at ptolemy.actor.Manager.preinitializeAndResolveTypes(Manager.java:1040)
	at ptolemy.actor.Manager.initialize(Manager.java:710)
	at ptolemy.actor.Manager.execute(Manager.java:356)
	at ptolemy.actor.Manager.run(Manager.java:1263)
	at ptolemy.actor.Manager$PtolemyRunThread.run(Manager.java:1915)
java.lang.RuntimeException: Execution failed
	at ptolemy.moml.MoMLSimpleApplication$UnloadThread.run(MoMLSimpleApplication.java:402)
Caused by: ptolemy.kernel.util.IllegalActionException: Found a zero delay loop containing .dependencyLoop2.original
  in .dependencyLoop2 and .dependencyLoop2.original
	at ptolemy.actor.util.CausalityInterfaceForComposites._computeOutputPortDepth(CausalityInterfaceForComposites.java:759)
	at ptolemy.actor.util.CausalityInterfaceForComposites._computeInputDepth(CausalityInterfaceForComposites.java:696)
	at ptolemy.actor.util.CausalityInterfaceForComposites._computeOutputPortDepth(CausalityInterfaceForComposites.java:765)
	at ptolemy.actor.util.CausalityInterfaceForComposites._computeInputDepth(CausalityInterfaceForComposites.java:696)
	at ptolemy.actor.util.CausalityInterfaceForComposites._computeOutputPortDepth(CausalityInterfaceForComposites.java:765)
	at ptolemy.actor.util.CausalityInterfaceForComposites._computeInputDepth(CausalityInterfaceForComposites.java:696)
	at ptolemy.actor.util.CausalityInterfaceForComposites._computeActorDepth(CausalityInterfaceForComposites.java:532)
	at ptolemy.actor.util.CausalityInterfaceForComposites.checkForCycles(CausalityInterfaceForComposites.java:96)
	at ptolemy.domains.de.kernel.DEDirector.preinitialize(DEDirector.java:1338)
	at ptolemy.actor.CompositeActor.preinitialize(CompositeActor.java:1828)
	at ptolemy.actor.Manager.preinitializeAndResolveTypes(Manager.java:1040)
	at ptolemy.actor.Manager.initialize(Manager.java:710)
	at ptolemy.actor.Manager.execute(Manager.java:356)
	at ptolemy.actor.Manager.run(Manager.java:1263)
	at ptolemy.actor.Manager$PtolemyRunThread.run(Manager.java:1915)
java.lang.reflect.InvocationTargetException
	at sun.reflect.NativeConstructorAccessorImpl.newInstance0(Native Method)
	at sun.reflect.NativeConstructorAccessorImpl.newInstance(NativeConstructorAccessorImpl.java:62)
	at sun.reflect.DelegatingConstructorAccessorImpl.newInstance(DelegatingConstructorAccessorImpl.java:45)
	at java.lang.reflect.Constructor.newInstance(Constructor.java:423)
	at ptolemy.util.test.junit.AutoKnownFailedTests.RunModel(AutoKnownFailedTests.java:105)
	at sun.reflect.NativeMethodAccessorImpl.invoke0(Native Method)
	at sun.reflect.NativeMethodAccessorImpl.invoke(NativeMethodAccessorImpl.java:62)
	at sun.reflect.DelegatingMethodAccessorImpl.invoke(DelegatingMethodAccessorImpl.java:43)
	at java.lang.reflect.Method.invoke(Method.java:498)
	at org.junit.runners.model.FrameworkMethod$1.runReflectiveCall(FrameworkMethod.java:44)
	at org.junit.internal.runners.model.ReflectiveCallable.run(ReflectiveCallable.java:15)
	at org.junit.runners.model.FrameworkMethod.invokeExplosively(FrameworkMethod.java:41)
	at junitparams.internal.InvokeParameterisedMethod.evaluate(InvokeParameterisedMethod.java:102)
	at org.junit.internal.runners.statements.FailOnTimeout$1.run(FailOnTimeout.java:28)
Caused by: ptolemy.kernel.util.IllegalActionException: Found a zero delay loop containing .dependencyLoop2.original
  in .dependencyLoop2 and .dependencyLoop2.original
	at ptolemy.actor.util.CausalityInterfaceForComposites._computeOutputPortDepth(CausalityInterfaceForComposites.java:759)
	at ptolemy.actor.util.CausalityInterfaceForComposites._computeInputDepth(CausalityInterfaceForComposites.java:696)
	at ptolemy.actor.util.CausalityInterfaceForComposites._computeOutputPortDepth(CausalityInterfaceForComposites.java:765)
	at ptolemy.actor.util.CausalityInterfaceForComposites._computeInputDepth(CausalityInterfaceForComposites.java:696)
	at ptolemy.actor.util.CausalityInterfaceForComposites._computeOutputPortDepth(CausalityInterfaceForComposites.java:765)
	at ptolemy.actor.util.CausalityInterfaceForComposites._computeInputDepth(CausalityInterfaceForComposites.java:696)
	at ptolemy.actor.util.CausalityInterfaceForComposites._computeActorDepth(CausalityInterfaceForComposites.java:532)
	at ptolemy.actor.util.CausalityInterfaceForComposites.checkForCycles(CausalityInterfaceForComposites.java:96)
	at ptolemy.domains.de.kernel.DEDirector.preinitialize(DEDirector.java:1338)
	at ptolemy.actor.CompositeActor.preinitialize(CompositeActor.java:1828)
	at ptolemy.actor.Manager.preinitializeAndResolveTypes(Manager.java:1040)
	at ptolemy.actor.Manager.initialize(Manager.java:710)
	at ptolemy.actor.Manager.execute(Manager.java:356)
	at ptolemy.actor.Manager.run(Manager.java:1263)
	at ptolemy.actor.Manager$PtolemyRunThread.run(Manager.java:1915)
]]></system-err>
</testsuite>
