<?xml version="1.0" encoding="UTF-8" ?>
<testsuite errors="0" failures="0" hostname="travis-job-d4c35bbd-e82d-4f4f-9be5-7e6df3b52ba1" name="ptolemy.domains.de.test.junit.JUnitTclTest" skipped="0" tests="101" time="124.329" timestamp="2020-09-04T15:37:24">
  <properties>
[...]
</properties>
  <testcase classname="ptolemy.util.test.junit.TclTests" name="[0] /home/travis/build/icyphy/ptII/ptolemy/domains/de/test/DependencyLoop.tcl (RunTclFile)" time="1.086" />
  <testcase classname="ptolemy.util.test.junit.TclTests" name="[1] /home/travis/build/icyphy/ptII/ptolemy/domains/de/test/RunDETestsAsQSS.tcl (RunTclFile)" time="83.98" />
  <testcase classname="ptolemy.util.test.junit.AutoKnownFailedTests" name="[0] /home/travis/build/icyphy/ptII/ptolemy/domains/de/test/auto/knownFailedTests/DESDFClockTest.xml (RunModel)" time="2.052" />
  <testcase classname="ptolemy.util.test.junit.AutoKnownFailedTests" name="[1] /home/travis/build/icyphy/ptII/ptolemy/domains/de/test/auto/knownFailedTests/DirectFeedback.xml (RunModel)" time="0.011" />
  <testcase classname="ptolemy.util.test.junit.AutoKnownFailedTests" name="[2] /home/travis/build/icyphy/ptII/ptolemy/domains/de/test/auto/knownFailedTests/FSMSource.xml (RunModel)" time="0.021" />
  <testcase classname="ptolemy.util.test.junit.AutoKnownFailedTests" name="[3] /home/travis/build/icyphy/ptII/ptolemy/domains/de/test/auto/knownFailedTests/HierarchicalModel.xml (RunModel)" time="0.048" />
  <testcase classname="ptolemy.util.test.junit.AutoKnownFailedTests" name="[4] /home/travis/build/icyphy/ptII/ptolemy/domains/de/test/auto/knownFailedTests/dependencyLoop.xml (RunModel)" time="0.035" />
  <testcase classname="ptolemy.util.test.junit.AutoKnownFailedTests" name="[5] /home/travis/build/icyphy/ptII/ptolemy/domains/de/test/auto/knownFailedTests/dependencyLoop2.xml (RunModel)" time="0.038" />
  <testcase classname="ptolemy.util.test.junit.AutoNameArchTests" name="[0] ThereAreNoAutoArchTests (RunModel)" time="0.001" />
  <testcase classname="ptolemy.util.test.junit.AutoTests" name="[0] /home/travis/build/icyphy/ptII/ptolemy/domains/de/test/auto/ActorDepthCalculation_actorWithoutPorts.xml (RunModel)" time="0.023" />
  <testcase classname="ptolemy.util.test.junit.AutoTests" name="[1] /home/travis/build/icyphy/ptII/ptolemy/domains/de/test/auto/AssemblyLine.xml (RunModel)" time="0.027" />
  <testcase classname="ptolemy.util.test.junit.AutoTests" name="[2] /home/travis/build/icyphy/ptII/ptolemy/domains/de/test/auto/CQBug1.xml (RunModel)" time="0.008" />
  <testcase classname="ptolemy.util.test.junit.AutoTests" name="[3] /home/travis/build/icyphy/ptII/ptolemy/domains/de/test/auto/CancelFireAt.xml (RunModel)" time="0.021" />
  <testcase classname="ptolemy.util.test.junit.AutoTests" name="[4] /home/travis/build/icyphy/ptII/ptolemy/domains/de/test/auto/CausalityAndComposabilityAnalysis.xml (RunModel)" time="0.02" />
  <testcase classname="ptolemy.util.test.junit.AutoTests" name="[5] /home/travis/build/icyphy/ptII/ptolemy/domains/de/test/auto/CausalityInterface1.xml (RunModel)" time="0.013" />
  <testcase classname="ptolemy.util.test.junit.AutoTests" name="[6] /home/travis/build/icyphy/ptII/ptolemy/domains/de/test/auto/CausalityInterface15.xml (RunModel)" time="0.015" />
  <testcase classname="ptolemy.util.test.junit.AutoTests" name="[7] /home/travis/build/icyphy/ptII/ptolemy/domains/de/test/auto/CausalityInterface2.xml (RunModel)" time="0.014" />
  <testcase classname="ptolemy.util.test.junit.AutoTests" name="[8] /home/travis/build/icyphy/ptII/ptolemy/domains/de/test/auto/CausalityInterface3.xml (RunModel)" time="0.012" />
  <testcase classname="ptolemy.util.test.junit.AutoTests" name="[9] /home/travis/build/icyphy/ptII/ptolemy/domains/de/test/auto/ClockDrift.xml (RunModel)" time="0.043" />
  <testcase classname="ptolemy.util.test.junit.AutoTests" name="[10] /home/travis/build/icyphy/ptII/ptolemy/domains/de/test/auto/ClockDriftAndValueChange.xml (RunModel)" time="0.031" />
  <testcase classname="ptolemy.util.test.junit.AutoTests" name="[11] /home/travis/build/icyphy/ptII/ptolemy/domains/de/test/auto/ClockDriftChange.xml (RunModel)" time="0.035" />
  <testcase classname="ptolemy.util.test.junit.AutoTests" name="[12] /home/travis/build/icyphy/ptII/ptolemy/domains/de/test/auto/ComposableCausalityAnalysis.xml (RunModel)" time="0.015" />
  <testcase classname="ptolemy.util.test.junit.AutoTests" name="[13] /home/travis/build/icyphy/ptII/ptolemy/domains/de/test/auto/DEFixedPointLimitation.xml (RunModel)" time="0.009" />
  <testcase classname="ptolemy.util.test.junit.AutoTests" name="[14] /home/travis/build/icyphy/ptII/ptolemy/domains/de/test/auto/DEScheduleTest.xml (RunModel)" time="0.014" />
  <testcase classname="ptolemy.util.test.junit.AutoTests" name="[15] /home/travis/build/icyphy/ptII/ptolemy/domains/de/test/auto/DEinDEwithStartTimes.xml (RunModel)" time="0.015" />
  <testcase classname="ptolemy.util.test.junit.AutoTests" name="[16] /home/travis/build/icyphy/ptII/ptolemy/domains/de/test/auto/DEinDEwithStartTimes2.xml (RunModel)" time="0.022" />
  <testcase classname="ptolemy.util.test.junit.AutoTests" name="[17] /home/travis/build/icyphy/ptII/ptolemy/domains/de/test/auto/DateDemo.xml (RunModel)" time="0.029" />
  <testcase classname="ptolemy.util.test.junit.AutoTests" name="[18] /home/travis/build/icyphy/ptII/ptolemy/domains/de/test/auto/DateToEvent.xml (RunModel)" time="2.046" />
  <testcase classname="ptolemy.util.test.junit.AutoTests" name="[19] /home/travis/build/icyphy/ptII/ptolemy/domains/de/test/auto/DepthTest1.xml (RunModel)" time="0.009" />
  <testcase classname="ptolemy.util.test.junit.AutoTests" name="[20] /home/travis/build/icyphy/ptII/ptolemy/domains/de/test/auto/DepthTest2.xml (RunModel)" time="0.02" />
  <testcase classname="ptolemy.util.test.junit.AutoTests" name="[21] /home/travis/build/icyphy/ptII/ptolemy/domains/de/test/auto/DepthTest3.xml (RunModel)" time="0.009" />
  <testcase classname="ptolemy.util.test.junit.AutoTests" name="[22] /home/travis/build/icyphy/ptII/ptolemy/domains/de/test/auto/DepthTest4.xml (RunModel)" time="0.012" />
  <testcase classname="ptolemy.util.test.junit.AutoTests" name="[23] /home/travis/build/icyphy/ptII/ptolemy/domains/de/test/auto/DepthTest5.xml (RunModel)" time="0.014" />
  <testcase classname="ptolemy.util.test.junit.AutoTests" name="[24] /home/travis/build/icyphy/ptII/ptolemy/domains/de/test/auto/DepthTest6.xml (RunModel)" time="0.015" />
  <testcase classname="ptolemy.util.test.junit.AutoTests" name="[25] /home/travis/build/icyphy/ptII/ptolemy/domains/de/test/auto/DepthTest7.xml (RunModel)" time="0.013" />
  <testcase classname="ptolemy.util.test.junit.AutoTests" name="[26] /home/travis/build/icyphy/ptII/ptolemy/domains/de/test/auto/EventToDate.xml (RunModel)" time="3.041" />
  <testcase classname="ptolemy.util.test.junit.AutoTests" name="[27] /home/travis/build/icyphy/ptII/ptolemy/domains/de/test/auto/FSM1.xml (RunModel)" time="0.055" />
  <testcase classname="ptolemy.util.test.junit.AutoTests" name="[28] /home/travis/build/icyphy/ptII/ptolemy/domains/de/test/auto/FSM7.xml (RunModel)" time="0.043" />
  <testcase classname="ptolemy.util.test.junit.AutoTests" name="[29] /home/travis/build/icyphy/ptII/ptolemy/domains/de/test/auto/Inspection.xml (RunModel)" time="0.044" />
  <testcase classname="ptolemy.util.test.junit.AutoTests" name="[30] /home/travis/build/icyphy/ptII/ptolemy/domains/de/test/auto/Iteration.xml (RunModel)" time="0.023" />
  <testcase classname="ptolemy.util.test.junit.AutoTests" name="[31] /home/travis/build/icyphy/ptII/ptolemy/domains/de/test/auto/LineFault.xml (RunModel)" time="0.574" />
  <testcase classname="ptolemy.util.test.junit.AutoTests" name="[32] /home/travis/build/icyphy/ptII/ptolemy/domains/de/test/auto/MergeModel1Add.xml (RunModel)" time="0.053" />
  <testcase classname="ptolemy.util.test.junit.AutoTests" name="[33] /home/travis/build/icyphy/ptII/ptolemy/domains/de/test/auto/MergeModel2Add.xml (RunModel)" time="0.038" />
  <testcase classname="ptolemy.util.test.junit.AutoTests" name="[34] /home/travis/build/icyphy/ptII/ptolemy/domains/de/test/auto/MergeModel3Add.xml (RunModel)" time="0.047" />
  <testcase classname="ptolemy.util.test.junit.AutoTests" name="[35] /home/travis/build/icyphy/ptII/ptolemy/domains/de/test/auto/MergeWithoutDiscard.xml (RunModel)" time="0.012" />
  <testcase classname="ptolemy.util.test.junit.AutoTests" name="[36] /home/travis/build/icyphy/ptII/ptolemy/domains/de/test/auto/Modal1.xml (RunModel)" time="0.032" />
  <testcase classname="ptolemy.util.test.junit.AutoTests" name="[37] /home/travis/build/icyphy/ptII/ptolemy/domains/de/test/auto/Modal2.xml (RunModel)" time="0.028" />
  <testcase classname="ptolemy.util.test.junit.AutoTests" name="[38] /home/travis/build/icyphy/ptII/ptolemy/domains/de/test/auto/Modal3.xml (RunModel)" time="0.029" />
  <testcase classname="ptolemy.util.test.junit.AutoTests" name="[39] /home/travis/build/icyphy/ptII/ptolemy/domains/de/test/auto/Modal4.xml (RunModel)" time="0.031" />
  <testcase classname="ptolemy.util.test.junit.AutoTests" name="[40] /home/travis/build/icyphy/ptII/ptolemy/domains/de/test/auto/Modal5.xml (RunModel)" time="0.03" />
  <testcase classname="ptolemy.util.test.junit.AutoTests" name="[41] /home/travis/build/icyphy/ptII/ptolemy/domains/de/test/auto/Modal6.xml (RunModel)" time="0.03" />
  <testcase classname="ptolemy.util.test.junit.AutoTests" name="[42] /home/travis/build/icyphy/ptII/ptolemy/domains/de/test/auto/Modal7.xml (RunModel)" time="0.031" />
  <testcase classname="ptolemy.util.test.junit.AutoTests" name="[43] /home/travis/build/icyphy/ptII/ptolemy/domains/de/test/auto/ModalModel.xml (RunModel)" time="0.18" />
  <testcase classname="ptolemy.util.test.junit.AutoTests" name="[44] /home/travis/build/icyphy/ptII/ptolemy/domains/de/test/auto/ModalSource.xml (RunModel)" time="0.019" />
  <testcase classname="ptolemy.util.test.junit.AutoTests" name="[45] /home/travis/build/icyphy/ptII/ptolemy/domains/de/test/auto/NonInterruptibleTimerZeroDelay.xml (RunModel)" time="0.009" />
  <testcase classname="ptolemy.util.test.junit.AutoTests" name="[46] /home/travis/build/icyphy/ptII/ptolemy/domains/de/test/auto/OpenQueueingNetwork.xml (RunModel)" time="2.428" />
  <testcase classname="ptolemy.util.test.junit.AutoTests" name="[47] /home/travis/build/icyphy/ptII/ptolemy/domains/de/test/auto/OpenQueuingNetwork.xml (RunModel)" time="0.274" />
  <testcase classname="ptolemy.util.test.junit.AutoTests" name="[48] /home/travis/build/icyphy/ptII/ptolemy/domains/de/test/auto/PeriodicSampler.xml (RunModel)" time="0.01" />
  <testcase classname="ptolemy.util.test.junit.AutoTests" name="[49] /home/travis/build/icyphy/ptII/ptolemy/domains/de/test/auto/PersistentIO.xml (RunModel)" time="0.023" />
  <testcase classname="ptolemy.util.test.junit.AutoTests" name="[50] /home/travis/build/icyphy/ptII/ptolemy/domains/de/test/auto/PortParameterResetOnInitialize.xml (RunModel)" time="0.012" />
  <testcase classname="ptolemy.util.test.junit.AutoTests" name="[51] /home/travis/build/icyphy/ptII/ptolemy/domains/de/test/auto/PortParameterUpdates.xml (RunModel)" time="0.013" />
  <testcase classname="ptolemy.util.test.junit.AutoTests" name="[52] /home/travis/build/icyphy/ptII/ptolemy/domains/de/test/auto/QueueAndServer.xml (RunModel)" time="0.02" />
  <testcase classname="ptolemy.util.test.junit.AutoTests" name="[53] /home/travis/build/icyphy/ptII/ptolemy/domains/de/test/auto/Records.xml (RunModel)" time="0.013" />
  <testcase classname="ptolemy.util.test.junit.AutoTests" name="[54] /home/travis/build/icyphy/ptII/ptolemy/domains/de/test/auto/ResetTransitionWithStartTime1.xml (RunModel)" time="0.02" />
  <testcase classname="ptolemy.util.test.junit.AutoTests" name="[55] /home/travis/build/icyphy/ptII/ptolemy/domains/de/test/auto/ResetTransitionWithStartTime2.xml (RunModel)" time="0.025" />
  <testcase classname="ptolemy.util.test.junit.AutoTests" name="[56] /home/travis/build/icyphy/ptII/ptolemy/domains/de/test/auto/ResetTransitionWithStartTime3.xml (RunModel)" time="0.022" />
  <testcase classname="ptolemy.util.test.junit.AutoTests" name="[57] /home/travis/build/icyphy/ptII/ptolemy/domains/de/test/auto/ResetTransitionWithStartTime4.xml (RunModel)" time="0.019" />
  <testcase classname="ptolemy.util.test.junit.AutoTests" name="[58] /home/travis/build/icyphy/ptII/ptolemy/domains/de/test/auto/ResettableTimer1.xml (RunModel)" time="0.015" />
  <testcase classname="ptolemy.util.test.junit.AutoTests" name="[59] /home/travis/build/icyphy/ptII/ptolemy/domains/de/test/auto/ResettableTimer2.xml (RunModel)" time="0.01" />
  <testcase classname="ptolemy.util.test.junit.AutoTests" name="[60] /home/travis/build/icyphy/ptII/ptolemy/domains/de/test/auto/ResettableTimer3.xml (RunModel)" time="0.009" />
  <testcase classname="ptolemy.util.test.junit.AutoTests" name="[61] /home/travis/build/icyphy/ptII/ptolemy/domains/de/test/auto/ResettableTimer4.xml (RunModel)" time="0.01" />
  <testcase classname="ptolemy.util.test.junit.AutoTests" name="[62] /home/travis/build/icyphy/ptII/ptolemy/domains/de/test/auto/ResettableTimer5.xml (RunModel)" time="0.009" />
  <testcase classname="ptolemy.util.test.junit.AutoTests" name="[63] /home/travis/build/icyphy/ptII/ptolemy/domains/de/test/auto/ResettableTimer6.xml (RunModel)" time="0.016" />
  <testcase classname="ptolemy.util.test.junit.AutoTests" name="[64] /home/travis/build/icyphy/ptII/ptolemy/domains/de/test/auto/ServerZeroDelay.xml (RunModel)" time="0.01" />
  <testcase classname="ptolemy.util.test.junit.AutoTests" name="[65] /home/travis/build/icyphy/ptII/ptolemy/domains/de/test/auto/SmartSender.xml (RunModel)" time="3.01" />
  <testcase classname="ptolemy.util.test.junit.AutoTests" name="[66] /home/travis/build/icyphy/ptII/ptolemy/domains/de/test/auto/ThreadedComposite.xml (RunModel)" time="0.221" />
  <testcase classname="ptolemy.util.test.junit.AutoTests" name="[67] /home/travis/build/icyphy/ptII/ptolemy/domains/de/test/auto/Time.xml (RunModel)" time="0.36" />
  <testcase classname="ptolemy.util.test.junit.AutoTests" name="[68] /home/travis/build/icyphy/ptII/ptolemy/domains/de/test/auto/TimeDelayZeroDelay.xml (RunModel)" time="0.018" />
  <testcase classname="ptolemy.util.test.junit.AutoTests" name="[69] /home/travis/build/icyphy/ptII/ptolemy/domains/de/test/auto/TimerZeroDelay.xml (RunModel)" time="0.011" />
  <testcase classname="ptolemy.util.test.junit.AutoTests" name="[70] /home/travis/build/icyphy/ptII/ptolemy/domains/de/test/auto/TimingParadox.xml (RunModel)" time="0.319" />
  <testcase classname="ptolemy.util.test.junit.AutoTests" name="[71] /home/travis/build/icyphy/ptII/ptolemy/domains/de/test/auto/TransferInputs.xml (RunModel)" time="0.015" />
  <testcase classname="ptolemy.util.test.junit.AutoTests" name="[72] /home/travis/build/icyphy/ptII/ptolemy/domains/de/test/auto/TransferOutputs2.xml (RunModel)" time="0.014" />
  <testcase classname="ptolemy.util.test.junit.AutoTests" name="[73] /home/travis/build/icyphy/ptII/ptolemy/domains/de/test/auto/Trilateration.xml (RunModel)" time="10.686" />
  <testcase classname="ptolemy.util.test.junit.AutoTests" name="[74] /home/travis/build/icyphy/ptII/ptolemy/domains/de/test/auto/TwoSigmaDelta.xml (RunModel)" time="1.82" />
  <testcase classname="ptolemy.util.test.junit.AutoTests" name="[75] /home/travis/build/icyphy/ptII/ptolemy/domains/de/test/auto/VariableDelay.xml (RunModel)" time="0.021" />
  <testcase classname="ptolemy.util.test.junit.AutoTests" name="[76] /home/travis/build/icyphy/ptII/ptolemy/domains/de/test/auto/VariableDelay2.xml (RunModel)" time="0.012" />
  <testcase classname="ptolemy.util.test.junit.AutoTests" name="[77] /home/travis/build/icyphy/ptII/ptolemy/domains/de/test/auto/VariableDelayZeroDelay.xml (RunModel)" time="0.019" />
  <testcase classname="ptolemy.util.test.junit.AutoTests" name="[78] /home/travis/build/icyphy/ptII/ptolemy/domains/de/test/auto/VariableDelayZeroDelay2.xml (RunModel)" time="0.024" />
  <testcase classname="ptolemy.util.test.junit.AutoTests" name="[79] /home/travis/build/icyphy/ptII/ptolemy/domains/de/test/auto/deInCt.xml (RunModel)" time="0.036" />
  <testcase classname="ptolemy.util.test.junit.AutoTests" name="[80] /home/travis/build/icyphy/ptII/ptolemy/domains/de/test/auto/deInCt2.xml (RunModel)" time="0.034" />
  <testcase classname="ptolemy.util.test.junit.AutoTests" name="[81] /home/travis/build/icyphy/ptII/ptolemy/domains/de/test/auto/dynamicCausalityInterface1.xml (RunModel)" time="0.042" />
  <testcase classname="ptolemy.util.test.junit.AutoTests" name="[82] /home/travis/build/icyphy/ptII/ptolemy/domains/de/test/auto/fsm_de_test.xml (RunModel)" time="0.031" />
  <testcase classname="ptolemy.util.test.junit.AutoTests" name="[83] /home/travis/build/icyphy/ptII/ptolemy/domains/de/test/auto/functionDependencyReconstruction.xml (RunModel)" time="0.073" />
  <testcase classname="ptolemy.util.test.junit.AutoTests" name="[84] /home/travis/build/icyphy/ptII/ptolemy/domains/de/test/auto/multirate.xml (RunModel)" time="0.039" />
  <testcase classname="ptolemy.util.test.junit.AutoTests" name="[85] /home/travis/build/icyphy/ptII/ptolemy/domains/de/test/auto/multirate2.xml (RunModel)" time="0.03" />
  <testcase classname="ptolemy.util.test.junit.AutoTests" name="[86] /home/travis/build/icyphy/ptII/ptolemy/domains/de/test/auto/realtime.xml (RunModel)" time="10.011" />
  <testcase classname="ptolemy.util.test.junit.AutoTests" name="[87] /home/travis/build/icyphy/ptII/ptolemy/domains/de/test/auto/relationGroup.xml (RunModel)" time="0.015" />
  <testcase classname="ptolemy.util.test.junit.AutoTests" name="[88] /home/travis/build/icyphy/ptII/ptolemy/domains/de/test/auto/relationGroup2.xml (RunModel)" time="0.013" />
  <testcase classname="ptolemy.util.test.junit.AutoTests" name="[89] /home/travis/build/icyphy/ptII/ptolemy/domains/de/test/auto/sortWithOpaquePorts.xml (RunModel)" time="0.013" />
  <testcase classname="ptolemy.util.test.junit.AutoTests" name="[90] /home/travis/build/icyphy/ptII/ptolemy/domains/de/test/auto/transferInputsandOutputs.xml (RunModel)" time="0.016" />
  <testcase classname="ptolemy.util.test.junit.AutoTests" name="[91] /home/travis/build/icyphy/ptII/ptolemy/domains/de/test/auto/triggerType.xml (RunModel)" time="0.009" />
  <system-out><![CDATA[/home/travis/build/icyphy/ptII/ptolemy/domains/de/test/DependencyLoop.tcl
testDefs.tcl: setting time out to 9000 seconds at Fri Sep 04 15:37:24 UTC 2020
76 ms. Memory: 129024K Free: 78278K (61%)
24 ms. Memory: 129024K Free: 60870K (47%)
/home/travis/build/icyphy/ptII/ptolemy/domains/de/test/RunDETestsAsQSS.tcl
Run the DE tests using ptolemy.domains.qss.test.QSSDirectorTest, which extends QSSDirector and prints a message in the constructors.
------------------ testing $PTII/ptolemy/domains/de/test/auto/knownFailedTests/DirectFeedback.xml (Known Failure) 
57 ms. Memory: 129024K Free: 55240K (43%)


==== $PTIIhome/travis/build/icyphy/ptII/ptolemy/domains/de/test/../../../../: Auto Automatic test in file $PTII/ptolemy/domains/de/test/auto/knownFailedTests/DirectFeedback.xml
==== Contents of test case:

	    # FIXME: we should use $relativeFilename here, but it
	    # might have backslashes under Windows, which causes no end
	    # of trouble.
	    createAndExecute $file
	    list {}
	
.... Test generated KNOWN error:
    while executing
ptolemy.kernel.util.IllegalActionException: Test fails in iteration 1.
Value was: 1.0. Should have been: 2.0
  in .DirectFeedback.Test
	at ptolemy.actor.lib.Test.fire(Test.java:268)
	at ptolemy.domains.de.kernel.DEDirector._fire(DEDirector.java:1949)
	at ptolemy.domains.de.kernel.DEDirector.fire(DEDirector.java:502)
	at ptolemy.actor.CompositeActor.fire(CompositeActor.java:455)
	at ptolemy.actor.Manager.iterate(Manager.java:851)
	at ptolemy.actor.Manager.execute(Manager.java:369)
	at ptolemy.actor.Manager.run(Manager.java:1263)
	at ptolemy.actor.Manager$PtolemyRunThread.run(Manager.java:1933)

    while executing
ptolemy.kernel.util.IllegalActionException: Test fails in iteration 1.
Value was: 1.0. Should have been: 2.0
  in .DirectFeedback.Test
    while executing
"java::new ptolemy.moml.MoMLSimpleApplication $file
"
    (procedure "createAndExecute" line 2)
    invoked from within
"createAndExecute $file"
    ("uplevel" body line 5)
    invoked from within
"uplevel $contents_of_test"
------------------ testing $PTII/ptolemy/domains/de/test/auto/knownFailedTests/dependencyLoop.xml (Known Failure) 
25 ms. Memory: 129024K Free: 52168K (40%)


==== $PTIIhome/travis/build/icyphy/ptII/ptolemy/domains/de/test/../../../../: Auto Automatic test in file $PTII/ptolemy/domains/de/test/auto/knownFailedTests/dependencyLoop.xml
==== Contents of test case:

	    # FIXME: we should use $relativeFilename here, but it
	    # might have backslashes under Windows, which causes no end
	    # of trouble.
	    createAndExecute $file
	    list {}
	
.... Test generated KNOWN error:
    while executing
ptolemy.kernel.util.IllegalActionException: Found a zero delay loop containing .dependencyLoop.original
  in .dependencyLoop and .dependencyLoop.original
	at ptolemy.actor.util.CausalityInterfaceForComposites._computeOutputPortDepth(CausalityInterfaceForComposites.java:759)
	at ptolemy.actor.util.CausalityInterfaceForComposites._computeInputDepth(CausalityInterfaceForComposites.java:696)
	at ptolemy.actor.util.CausalityInterfaceForComposites._computeOutputPortDepth(CausalityInterfaceForComposites.java:765)
	at ptolemy.actor.util.CausalityInterfaceForComposites._computeInputDepth(CausalityInterfaceForComposites.java:696)
	at ptolemy.actor.util.CausalityInterfaceForComposites._computeOutputPortDepth(CausalityInterfaceForComposites.java:765)
	at ptolemy.actor.util.CausalityInterfaceForComposites._computeInputDepth(CausalityInterfaceForComposites.java:696)
	at ptolemy.actor.util.CausalityInterfaceForComposites._computeActorDepth(CausalityInterfaceForComposites.java:532)
	at ptolemy.actor.util.CausalityInterfaceForComposites.checkForCycles(CausalityInterfaceForComposites.java:96)
	at ptolemy.domains.de.kernel.DEDirector.preinitialize(DEDirector.java:1338)
	at ptolemy.actor.CompositeActor.preinitialize(CompositeActor.java:1828)
	at ptolemy.actor.Manager.preinitializeAndResolveTypes(Manager.java:1040)
	at ptolemy.actor.Manager.initialize(Manager.java:710)
	at ptolemy.actor.Manager.execute(Manager.java:356)
	at ptolemy.actor.Manager.run(Manager.java:1263)
	at ptolemy.actor.Manager$PtolemyRunThread.run(Manager.java:1933)

    while executing
ptolemy.kernel.util.IllegalActionException: Found a zero delay loop containing .dependencyLoop.original
  in .dependencyLoop and .dependencyLoop.original
    while executing
"java::new ptolemy.moml.MoMLSimpleApplication $file
"
    (procedure "createAndExecute" line 2)
    invoked from within
"createAndExecute $file"
    ("uplevel" body line 5)
    invoked from within
"uplevel $contents_of_test"
------------------ testing $PTII/ptolemy/domains/de/test/auto/knownFailedTests/FSMSource.xml (Known Failure) 
58 ms. Memory: 129024K Free: 111337K (86%)
!!!! Auto was marked as failing, but now passes
------------------ testing $PTII/ptolemy/domains/de/test/auto/knownFailedTests/HierarchicalModel.xml (Known Failure) 
15 ms. Memory: 129024K Free: 93891K (73%)


==== $PTIIhome/travis/build/icyphy/ptII/ptolemy/domains/de/test/../../../../: Auto Automatic test in file $PTII/ptolemy/domains/de/test/auto/knownFailedTests/HierarchicalModel.xml
==== Contents of test case:

	    # FIXME: we should use $relativeFilename here, but it
	    # might have backslashes under Windows, which causes no end
	    # of trouble.
	    createAndExecute $file
	    list {}
	
.... Test generated KNOWN error:
    while executing
ptolemy.kernel.util.IllegalActionException: Found a zero delay loop containing .HierarchicalModel.A
  in .HierarchicalModel and .HierarchicalModel.A
	at ptolemy.actor.util.CausalityInterfaceForComposites._computeOutputPortDepth(CausalityInterfaceForComposites.java:759)
	at ptolemy.actor.util.CausalityInterfaceForComposites._computeInputDepth(CausalityInterfaceForComposites.java:696)
	at ptolemy.actor.util.CausalityInterfaceForComposites._computeOutputPortDepth(CausalityInterfaceForComposites.java:765)
	at ptolemy.actor.util.CausalityInterfaceForComposites._computeInputDepth(CausalityInterfaceForComposites.java:696)
	at ptolemy.actor.util.CausalityInterfaceForComposites._computeOutputPortDepth(CausalityInterfaceForComposites.java:765)
	at ptolemy.actor.util.CausalityInterfaceForComposites._computeInputDepth(CausalityInterfaceForComposites.java:696)
	at ptolemy.actor.util.CausalityInterfaceForComposites._computeActorDepth(CausalityInterfaceForComposites.java:532)
	at ptolemy.actor.util.CausalityInterfaceForComposites.checkForCycles(CausalityInterfaceForComposites.java:96)
	at ptolemy.domains.de.kernel.DEDirector.preinitialize(DEDirector.java:1338)
	at ptolemy.actor.CompositeActor.preinitialize(CompositeActor.java:1828)
	at ptolemy.actor.Manager.preinitializeAndResolveTypes(Manager.java:1040)
	at ptolemy.actor.Manager.initialize(Manager.java:710)
	at ptolemy.actor.Manager.execute(Manager.java:356)
	at ptolemy.actor.Manager.run(Manager.java:1263)
	at ptolemy.actor.Manager$PtolemyRunThread.run(Manager.java:1933)

    while executing
ptolemy.kernel.util.IllegalActionException: Found a zero delay loop containing .HierarchicalModel.A
  in .HierarchicalModel and .HierarchicalModel.A
    while executing
"java::new ptolemy.moml.MoMLSimpleApplication $file
"
    (procedure "createAndExecute" line 2)
    invoked from within
"createAndExecute $file"
    ("uplevel" body line 5)
    invoked from within
"uplevel $contents_of_test"
------------------ testing $PTII/ptolemy/domains/de/test/auto/knownFailedTests/dependencyLoop2.xml (Known Failure) 
12 ms. Memory: 129024K Free: 77523K (60%)


==== $PTIIhome/travis/build/icyphy/ptII/ptolemy/domains/de/test/../../../../: Auto Automatic test in file $PTII/ptolemy/domains/de/test/auto/knownFailedTests/dependencyLoop2.xml
==== Contents of test case:

	    # FIXME: we should use $relativeFilename here, but it
	    # might have backslashes under Windows, which causes no end
	    # of trouble.
	    createAndExecute $file
	    list {}
	
.... Test generated KNOWN error:
    while executing
ptolemy.kernel.util.IllegalActionException: Found a zero delay loop containing .dependencyLoop2.original
  in .dependencyLoop2 and .dependencyLoop2.original
	at ptolemy.actor.util.CausalityInterfaceForComposites._computeOutputPortDepth(CausalityInterfaceForComposites.java:759)
	at ptolemy.actor.util.CausalityInterfaceForComposites._computeInputDepth(CausalityInterfaceForComposites.java:696)
	at ptolemy.actor.util.CausalityInterfaceForComposites._computeOutputPortDepth(CausalityInterfaceForComposites.java:765)
	at ptolemy.actor.util.CausalityInterfaceForComposites._computeInputDepth(CausalityInterfaceForComposites.java:696)
	at ptolemy.actor.util.CausalityInterfaceForComposites._computeOutputPortDepth(CausalityInterfaceForComposites.java:765)
	at ptolemy.actor.util.CausalityInterfaceForComposites._computeInputDepth(CausalityInterfaceForComposites.java:696)
	at ptolemy.actor.util.CausalityInterfaceForComposites._computeActorDepth(CausalityInterfaceForComposites.java:532)
	at ptolemy.actor.util.CausalityInterfaceForComposites.checkForCycles(CausalityInterfaceForComposites.java:96)
	at ptolemy.domains.de.kernel.DEDirector.preinitialize(DEDirector.java:1338)
	at ptolemy.actor.CompositeActor.preinitialize(CompositeActor.java:1828)
	at ptolemy.actor.Manager.preinitializeAndResolveTypes(Manager.java:1040)
	at ptolemy.actor.Manager.initialize(Manager.java:710)
	at ptolemy.actor.Manager.execute(Manager.java:356)
	at ptolemy.actor.Manager.run(Manager.java:1263)
	at ptolemy.actor.Manager$PtolemyRunThread.run(Manager.java:1933)

    while executing
ptolemy.kernel.util.IllegalActionException: Found a zero delay loop containing .dependencyLoop2.original
  in .dependencyLoop2 and .dependencyLoop2.original
    while executing
"java::new ptolemy.moml.MoMLSimpleApplication $file
"
    (procedure "createAndExecute" line 2)
    invoked from within
"createAndExecute $file"
    ("uplevel" body line 5)
    invoked from within
"uplevel $contents_of_test"
------------------ testing $PTII/ptolemy/domains/de/test/auto/knownFailedTests/DESDFClockTest.xml (Known Failure) 
2039 ms. Memory: 129024K Free: 106331K (82%)


==== $PTIIhome/travis/build/icyphy/ptII/ptolemy/domains/de/test/../../../../: Auto Automatic test in file $PTII/ptolemy/domains/de/test/auto/knownFailedTests/DESDFClockTest.xml
==== Contents of test case:

	    # FIXME: we should use $relativeFilename here, but it
	    # might have backslashes under Windows, which causes no end
	    # of trouble.
	    createAndExecute $file
	    list {}
	
.... Test generated KNOWN error:
    while executing
ptolemy.kernel.util.IllegalActionException: Actor is not ready to fire.  Perhaps UpSample.prefire() returned false? Try debugging the actor by selecting "Listen to Actor".  Also, for SDF check moml for tokenConsumptionRate on input.
  in .DESDFClockTest.Play Bell.Copy1:SDF Director and .DESDFClockTest.Play Bell.UpSample
	at ptolemy.actor.sched.StaticSchedulingDirector.fire(StaticSchedulingDirector.java:227)
	at ptolemy.domains.sdf.kernel.SDFDirector.fire(SDFDirector.java:500)
	at ptolemy.actor.CompositeActor.fire(CompositeActor.java:455)
	at ptolemy.domains.de.kernel.DEDirector._fire(DEDirector.java:1949)
	at ptolemy.domains.de.kernel.DEDirector.fire(DEDirector.java:502)
	at ptolemy.actor.CompositeActor.fire(CompositeActor.java:455)
	at ptolemy.actor.Manager.iterate(Manager.java:851)
	at ptolemy.actor.Manager.execute(Manager.java:369)
	at ptolemy.actor.Manager.run(Manager.java:1263)
	at ptolemy.actor.Manager$PtolemyRunThread.run(Manager.java:1933)

    while executing
ptolemy.kernel.util.IllegalActionException: Actor is not ready to fire.  Perhaps UpSample.prefire() returned false? Try debugging the actor by selecting "Listen to Actor".  Also, for SDF check moml for tokenConsumptionRate on input.
  in .DESDFClockTest.Play Bell.Copy1:SDF Director and .DESDFClockTest.Play Bell.UpSample
    while executing
"java::new ptolemy.moml.MoMLSimpleApplication $file
"
    (procedure "createAndExecute" line 2)
    invoked from within
"createAndExecute $file"
    ("uplevel" body line 5)
    invoked from within
"uplevel $contents_of_test"
------------------ testing $PTII/ptolemy/domains/de/test/auto/ActorDepthCalculation_actorWithoutPorts.xml
auto.tcl: Setting watchdog for 200 seconds at Fri Sep 04 15:37:28 UTC 2020
8 ms. Memory: 129024K Free: 98635K (76%)
ptolemy.util.test.WatchDog.cancel(): canceling Fri Sep 04 15:37:28 UTC 2020
auto.tcl: Setting watchdog for 200 seconds at Fri Sep 04 15:37:28 UTC 2020
5 ms. Memory: 129024K Free: 97115K (75%)
ptolemy.util.test.WatchDog.cancel(): canceling Fri Sep 04 15:37:28 UTC 2020
------------------ testing $PTII/ptolemy/domains/de/test/auto/AssemblyLine.xml
auto.tcl: Setting watchdog for 200 seconds at Fri Sep 04 15:37:29 UTC 2020
7 ms. Memory: 55296K Free: 31560K (57%)
ptolemy.util.test.WatchDog.cancel(): canceling Fri Sep 04 15:37:29 UTC 2020
auto.tcl: Setting watchdog for 200 seconds at Fri Sep 04 15:37:29 UTC 2020
15 ms. Memory: 55296K Free: 31048K (56%)
ptolemy.util.test.WatchDog.cancel(): canceling Fri Sep 04 15:37:29 UTC 2020
------------------ testing $PTII/ptolemy/domains/de/test/auto/CQBug1.xml
auto.tcl: Setting watchdog for 200 seconds at Fri Sep 04 15:37:29 UTC 2020
11 ms. Memory: 55296K Free: 37918K (69%)
ptolemy.util.test.WatchDog.cancel(): canceling Fri Sep 04 15:37:29 UTC 2020
auto.tcl: Setting watchdog for 200 seconds at Fri Sep 04 15:37:29 UTC 2020
2 ms. Memory: 55296K Free: 37411K (68%)
ptolemy.util.test.WatchDog.cancel(): canceling Fri Sep 04 15:37:29 UTC 2020
------------------ testing $PTII/ptolemy/domains/de/test/auto/CancelFireAt.xml
auto.tcl: Setting watchdog for 200 seconds at Fri Sep 04 15:37:29 UTC 2020
2 ms. Memory: 51200K Free: 34727K (68%)
ptolemy.util.test.WatchDog.cancel(): canceling Fri Sep 04 15:37:29 UTC 2020
auto.tcl: Setting watchdog for 200 seconds at Fri Sep 04 15:37:29 UTC 2020
2 ms. Memory: 51200K Free: 34226K (67%)
ptolemy.util.test.WatchDog.cancel(): canceling Fri Sep 04 15:37:29 UTC 2020
------------------ testing $PTII/ptolemy/domains/de/test/auto/CausalityAndComposabilityAnalysis.xml
auto.tcl: Setting watchdog for 200 seconds at Fri Sep 04 15:37:29 UTC 2020
9 ms. Memory: 51200K Free: 32416K (63%)
ptolemy.util.test.WatchDog.cancel(): canceling Fri Sep 04 15:37:29 UTC 2020
auto.tcl: Setting watchdog for 200 seconds at Fri Sep 04 15:37:29 UTC 2020
4 ms. Memory: 51200K Free: 31952K (62%)
ptolemy.util.test.WatchDog.cancel(): canceling Fri Sep 04 15:37:29 UTC 2020
------------------ testing $PTII/ptolemy/domains/de/test/auto/CausalityInterface1.xml
auto.tcl: Setting watchdog for 200 seconds at Fri Sep 04 15:37:29 UTC 2020
23 ms. Memory: 51200K Free: 31377K (61%)
ptolemy.util.test.WatchDog.cancel(): canceling Fri Sep 04 15:37:29 UTC 2020
auto.tcl: Setting watchdog for 200 seconds at Fri Sep 04 15:37:29 UTC 2020
4 ms. Memory: 51200K Free: 30414K (59%)
ptolemy.util.test.WatchDog.cancel(): canceling Fri Sep 04 15:37:29 UTC 2020
------------------ testing $PTII/ptolemy/domains/de/test/auto/CausalityInterface15.xml
auto.tcl: Setting watchdog for 200 seconds at Fri Sep 04 15:37:29 UTC 2020
11 ms. Memory: 51200K Free: 31555K (62%)
ptolemy.util.test.WatchDog.cancel(): canceling Fri Sep 04 15:37:29 UTC 2020
auto.tcl: Setting watchdog for 200 seconds at Fri Sep 04 15:37:29 UTC 2020
7 ms. Memory: 51200K Free: 30364K (59%)
ptolemy.util.test.WatchDog.cancel(): canceling Fri Sep 04 15:37:29 UTC 2020
------------------ testing $PTII/ptolemy/domains/de/test/auto/CausalityInterface2.xml
auto.tcl: Setting watchdog for 200 seconds at Fri Sep 04 15:37:29 UTC 2020
4 ms. Memory: 51200K Free: 32004K (63%)
ptolemy.util.test.WatchDog.cancel(): canceling Fri Sep 04 15:37:29 UTC 2020
auto.tcl: Setting watchdog for 200 seconds at Fri Sep 04 15:37:29 UTC 2020
3 ms. Memory: 51200K Free: 31334K (61%)
ptolemy.util.test.WatchDog.cancel(): canceling Fri Sep 04 15:37:29 UTC 2020
------------------ testing $PTII/ptolemy/domains/de/test/auto/CausalityInterface3.xml
auto.tcl: Setting watchdog for 200 seconds at Fri Sep 04 15:37:29 UTC 2020
6 ms. Memory: 51200K Free: 31441K (61%)
ptolemy.util.test.WatchDog.cancel(): canceling Fri Sep 04 15:37:29 UTC 2020
auto.tcl: Setting watchdog for 200 seconds at Fri Sep 04 15:37:29 UTC 2020
3 ms. Memory: 51200K Free: 30958K (60%)
ptolemy.util.test.WatchDog.cancel(): canceling Fri Sep 04 15:37:29 UTC 2020
------------------ testing $PTII/ptolemy/domains/de/test/auto/ClockDrift.xml
auto.tcl: Setting watchdog for 200 seconds at Fri Sep 04 15:37:29 UTC 2020
84 ms. Memory: 51200K Free: 24143K (47%)
ptolemy.util.test.WatchDog.cancel(): canceling Fri Sep 04 15:37:29 UTC 2020
auto.tcl: Setting watchdog for 200 seconds at Fri Sep 04 15:37:29 UTC 2020
51 ms. Memory: 51200K Free: 21132K (41%)
ptolemy.util.test.WatchDog.cancel(): canceling Fri Sep 04 15:37:29 UTC 2020
------------------ testing $PTII/ptolemy/domains/de/test/auto/ClockDriftAndValueChange.xml
auto.tcl: Setting watchdog for 200 seconds at Fri Sep 04 15:37:30 UTC 2020
22 ms. Memory: 51200K Free: 24500K (48%)
ptolemy.util.test.WatchDog.cancel(): canceling Fri Sep 04 15:37:30 UTC 2020
auto.tcl: Setting watchdog for 200 seconds at Fri Sep 04 15:37:30 UTC 2020
19 ms. Memory: 51200K Free: 21428K (42%)
ptolemy.util.test.WatchDog.cancel(): canceling Fri Sep 04 15:37:30 UTC 2020
------------------ testing $PTII/ptolemy/domains/de/test/auto/ClockDriftChange.xml
auto.tcl: Setting watchdog for 200 seconds at Fri Sep 04 15:37:30 UTC 2020
20 ms. Memory: 51200K Free: 26036K (51%)
ptolemy.util.test.WatchDog.cancel(): canceling Fri Sep 04 15:37:30 UTC 2020
auto.tcl: Setting watchdog for 200 seconds at Fri Sep 04 15:37:30 UTC 2020
18 ms. Memory: 51200K Free: 23478K (46%)
ptolemy.util.test.WatchDog.cancel(): canceling Fri Sep 04 15:37:30 UTC 2020
------------------ testing $PTII/ptolemy/domains/de/test/auto/ComposableCausalityAnalysis.xml
auto.tcl: Setting watchdog for 200 seconds at Fri Sep 04 15:37:30 UTC 2020
2 ms. Memory: 51200K Free: 30804K (60%)
ptolemy.util.test.WatchDog.cancel(): canceling Fri Sep 04 15:37:30 UTC 2020
auto.tcl: Setting watchdog for 200 seconds at Fri Sep 04 15:37:30 UTC 2020
4 ms. Memory: 51200K Free: 29834K (58%)
ptolemy.util.test.WatchDog.cancel(): canceling Fri Sep 04 15:37:30 UTC 2020
------------------ testing $PTII/ptolemy/domains/de/test/auto/DEFixedPointLimitation.xml
auto.tcl: Setting watchdog for 200 seconds at Fri Sep 04 15:37:30 UTC 2020
2 ms. Memory: 51200K Free: 32220K (63%)
ptolemy.util.test.WatchDog.cancel(): canceling Fri Sep 04 15:37:30 UTC 2020
auto.tcl: Setting watchdog for 200 seconds at Fri Sep 04 15:37:30 UTC 2020
1 ms. Memory: 51200K Free: 31360K (61%)
ptolemy.util.test.WatchDog.cancel(): canceling Fri Sep 04 15:37:30 UTC 2020
------------------ testing $PTII/ptolemy/domains/de/test/auto/DEScheduleTest.xml
auto.tcl: Setting watchdog for 200 seconds at Fri Sep 04 15:37:30 UTC 2020
4 ms. Memory: 51200K Free: 32579K (64%)
ptolemy.util.test.WatchDog.cancel(): canceling Fri Sep 04 15:37:30 UTC 2020
auto.tcl: Setting watchdog for 200 seconds at Fri Sep 04 15:37:30 UTC 2020
3 ms. Memory: 51200K Free: 31823K (62%)
ptolemy.util.test.WatchDog.cancel(): canceling Fri Sep 04 15:37:30 UTC 2020
------------------ testing $PTII/ptolemy/domains/de/test/auto/DEinDEwithStartTimes.xml
auto.tcl: Setting watchdog for 200 seconds at Fri Sep 04 15:37:30 UTC 2020
7 ms. Memory: 51200K Free: 30749K (60%)
ptolemy.util.test.WatchDog.cancel(): canceling Fri Sep 04 15:37:30 UTC 2020
auto.tcl: Setting watchdog for 200 seconds at Fri Sep 04 15:37:30 UTC 2020
5 ms. Memory: 51200K Free: 29725K (58%)
ptolemy.util.test.WatchDog.cancel(): canceling Fri Sep 04 15:37:30 UTC 2020
------------------ testing $PTII/ptolemy/domains/de/test/auto/DEinDEwithStartTimes2.xml
auto.tcl: Setting watchdog for 200 seconds at Fri Sep 04 15:37:30 UTC 2020
7 ms. Memory: 51200K Free: 29912K (58%)
ptolemy.util.test.WatchDog.cancel(): canceling Fri Sep 04 15:37:30 UTC 2020
auto.tcl: Setting watchdog for 200 seconds at Fri Sep 04 15:37:30 UTC 2020
3 ms. Memory: 51200K Free: 28832K (56%)
ptolemy.util.test.WatchDog.cancel(): canceling Fri Sep 04 15:37:30 UTC 2020
------------------ testing $PTII/ptolemy/domains/de/test/auto/DateDemo.xml
auto.tcl: Setting watchdog for 200 seconds at Fri Sep 04 15:37:30 UTC 2020
19 ms. Memory: 51200K Free: 24025K (47%)
ptolemy.util.test.WatchDog.cancel(): canceling Fri Sep 04 15:37:30 UTC 2020
auto.tcl: Setting watchdog for 200 seconds at Fri Sep 04 15:37:30 UTC 2020
8 ms. Memory: 51200K Free: 22647K (44%)
ptolemy.util.test.WatchDog.cancel(): canceling Fri Sep 04 15:37:30 UTC 2020
------------------ testing $PTII/ptolemy/domains/de/test/auto/DateToEvent.xml
auto.tcl: Setting watchdog for 200 seconds at Fri Sep 04 15:37:30 UTC 2020
2014 ms. Memory: 51200K Free: 20244K (40%)
ptolemy.util.test.WatchDog.cancel(): canceling Fri Sep 04 15:37:32 UTC 2020
auto.tcl: Setting watchdog for 200 seconds at Fri Sep 04 15:37:32 UTC 2020
2004 ms. Memory: 51200K Free: 19399K (38%)
ptolemy.util.test.WatchDog.cancel(): canceling Fri Sep 04 15:37:34 UTC 2020
------------------ testing $PTII/ptolemy/domains/de/test/auto/DepthTest1.xml
auto.tcl: Setting watchdog for 200 seconds at Fri Sep 04 15:37:34 UTC 2020
3 ms. Memory: 51200K Free: 33834K (66%)
ptolemy.util.test.WatchDog.cancel(): canceling Fri Sep 04 15:37:34 UTC 2020
auto.tcl: Setting watchdog for 200 seconds at Fri Sep 04 15:37:34 UTC 2020
2 ms. Memory: 51200K Free: 32908K (64%)
ptolemy.util.test.WatchDog.cancel(): canceling Fri Sep 04 15:37:34 UTC 2020
------------------ testing $PTII/ptolemy/domains/de/test/auto/DepthTest2.xml
auto.tcl: Setting watchdog for 200 seconds at Fri Sep 04 15:37:35 UTC 2020
4 ms. Memory: 51200K Free: 30201K (59%)
ptolemy.util.test.WatchDog.cancel(): canceling Fri Sep 04 15:37:35 UTC 2020
auto.tcl: Setting watchdog for 200 seconds at Fri Sep 04 15:37:35 UTC 2020
2 ms. Memory: 51200K Free: 29768K (58%)
ptolemy.util.test.WatchDog.cancel(): canceling Fri Sep 04 15:37:35 UTC 2020
------------------ testing $PTII/ptolemy/domains/de/test/auto/DepthTest3.xml
auto.tcl: Setting watchdog for 200 seconds at Fri Sep 04 15:37:35 UTC 2020
7 ms. Memory: 51200K Free: 33757K (66%)
ptolemy.util.test.WatchDog.cancel(): canceling Fri Sep 04 15:37:35 UTC 2020
auto.tcl: Setting watchdog for 200 seconds at Fri Sep 04 15:37:35 UTC 2020
2 ms. Memory: 51200K Free: 33271K (65%)
ptolemy.util.test.WatchDog.cancel(): canceling Fri Sep 04 15:37:35 UTC 2020
------------------ testing $PTII/ptolemy/domains/de/test/auto/DepthTest4.xml
auto.tcl: Setting watchdog for 200 seconds at Fri Sep 04 15:37:35 UTC 2020
3 ms. Memory: 51200K Free: 31968K (62%)
ptolemy.util.test.WatchDog.cancel(): canceling Fri Sep 04 15:37:35 UTC 2020
auto.tcl: Setting watchdog for 200 seconds at Fri Sep 04 15:37:35 UTC 2020
2 ms. Memory: 51200K Free: 31290K (61%)
ptolemy.util.test.WatchDog.cancel(): canceling Fri Sep 04 15:37:35 UTC 2020
------------------ testing $PTII/ptolemy/domains/de/test/auto/DepthTest5.xml
auto.tcl: Setting watchdog for 200 seconds at Fri Sep 04 15:37:35 UTC 2020
4 ms. Memory: 51200K Free: 31417K (61%)
ptolemy.util.test.WatchDog.cancel(): canceling Fri Sep 04 15:37:35 UTC 2020
auto.tcl: Setting watchdog for 200 seconds at Fri Sep 04 15:37:35 UTC 2020
2 ms. Memory: 51200K Free: 30681K (60%)
ptolemy.util.test.WatchDog.cancel(): canceling Fri Sep 04 15:37:35 UTC 2020
------------------ testing $PTII/ptolemy/domains/de/test/auto/DepthTest6.xml
auto.tcl: Setting watchdog for 200 seconds at Fri Sep 04 15:37:35 UTC 2020
3 ms. Memory: 51200K Free: 30860K (60%)
ptolemy.util.test.WatchDog.cancel(): canceling Fri Sep 04 15:37:35 UTC 2020
auto.tcl: Setting watchdog for 200 seconds at Fri Sep 04 15:37:35 UTC 2020
2 ms. Memory: 51200K Free: 30193K (59%)
ptolemy.util.test.WatchDog.cancel(): canceling Fri Sep 04 15:37:35 UTC 2020
------------------ testing $PTII/ptolemy/domains/de/test/auto/DepthTest7.xml
auto.tcl: Setting watchdog for 200 seconds at Fri Sep 04 15:37:35 UTC 2020
3 ms. Memory: 51200K Free: 31887K (62%)
ptolemy.util.test.WatchDog.cancel(): canceling Fri Sep 04 15:37:35 UTC 2020
auto.tcl: Setting watchdog for 200 seconds at Fri Sep 04 15:37:35 UTC 2020
2 ms. Memory: 51200K Free: 31228K (61%)
ptolemy.util.test.WatchDog.cancel(): canceling Fri Sep 04 15:37:35 UTC 2020
------------------ testing $PTII/ptolemy/domains/de/test/auto/EventToDate.xml
auto.tcl: Setting watchdog for 200 seconds at Fri Sep 04 15:37:35 UTC 2020
3009 ms. Memory: 51200K Free: 22708K (44%)
ptolemy.util.test.WatchDog.cancel(): canceling Fri Sep 04 15:37:38 UTC 2020
auto.tcl: Setting watchdog for 200 seconds at Fri Sep 04 15:37:38 UTC 2020
3004 ms. Memory: 51200K Free: 22050K (43%)
ptolemy.util.test.WatchDog.cancel(): canceling Fri Sep 04 15:37:41 UTC 2020
------------------ testing $PTII/ptolemy/domains/de/test/auto/FSM1.xml
auto.tcl: Setting watchdog for 200 seconds at Fri Sep 04 15:37:41 UTC 2020
20 ms. Memory: 51200K Free: 23382K (46%)
ptolemy.util.test.WatchDog.cancel(): canceling Fri Sep 04 15:37:41 UTC 2020
auto.tcl: Setting watchdog for 200 seconds at Fri Sep 04 15:37:41 UTC 2020
26 ms. Memory: 51200K Free: 20262K (40%)
ptolemy.util.test.WatchDog.cancel(): canceling Fri Sep 04 15:37:41 UTC 2020
------------------ testing $PTII/ptolemy/domains/de/test/auto/FSM7.xml
auto.tcl: Setting watchdog for 200 seconds at Fri Sep 04 15:37:41 UTC 2020
16 ms. Memory: 51200K Free: 23874K (47%)
ptolemy.util.test.WatchDog.cancel(): canceling Fri Sep 04 15:37:41 UTC 2020
auto.tcl: Setting watchdog for 200 seconds at Fri Sep 04 15:37:41 UTC 2020
13 ms. Memory: 51200K Free: 20466K (40%)
ptolemy.util.test.WatchDog.cancel(): canceling Fri Sep 04 15:37:41 UTC 2020
------------------ testing $PTII/ptolemy/domains/de/test/auto/Inspection.xml
auto.tcl: Setting watchdog for 200 seconds at Fri Sep 04 15:37:41 UTC 2020
37 ms. Memory: 51200K Free: 23643K (46%)
ptolemy.util.test.WatchDog.cancel(): canceling Fri Sep 04 15:37:41 UTC 2020
auto.tcl: Setting watchdog for 200 seconds at Fri Sep 04 15:37:41 UTC 2020
30 ms. Memory: 51200K Free: 21949K (43%)
ptolemy.util.test.WatchDog.cancel(): canceling Fri Sep 04 15:37:41 UTC 2020
------------------ testing $PTII/ptolemy/domains/de/test/auto/Iteration.xml
auto.tcl: Setting watchdog for 200 seconds at Fri Sep 04 15:37:41 UTC 2020
11 ms. Memory: 51200K Free: 29190K (57%)
ptolemy.util.test.WatchDog.cancel(): canceling Fri Sep 04 15:37:41 UTC 2020
auto.tcl: Setting watchdog for 200 seconds at Fri Sep 04 15:37:41 UTC 2020
6 ms. Memory: 51200K Free: 28007K (55%)
ptolemy.util.test.WatchDog.cancel(): canceling Fri Sep 04 15:37:41 UTC 2020
------------------ testing $PTII/ptolemy/domains/de/test/auto/LineFault.xml
auto.tcl: Setting watchdog for 200 seconds at Fri Sep 04 15:37:42 UTC 2020
622 ms. Memory: 62464K Free: 43136K (69%)
ptolemy.util.test.WatchDog.cancel(): canceling Fri Sep 04 15:37:42 UTC 2020
auto.tcl: Setting watchdog for 200 seconds at Fri Sep 04 15:37:42 UTC 2020
501 ms. Memory: 62464K Free: 17485K (28%)
ptolemy.util.test.WatchDog.cancel(): canceling Fri Sep 04 15:37:43 UTC 2020
------------------ testing $PTII/ptolemy/domains/de/test/auto/MergeModel1Add.xml
auto.tcl: Setting watchdog for 200 seconds at Fri Sep 04 15:37:43 UTC 2020
33 ms. Memory: 58368K Free: 22550K (39%)
ptolemy.util.test.WatchDog.cancel(): canceling Fri Sep 04 15:37:43 UTC 2020
auto.tcl: Setting watchdog for 200 seconds at Fri Sep 04 15:37:43 UTC 2020
11 ms. Memory: 58368K Free: 20812K (36%)
ptolemy.util.test.WatchDog.cancel(): canceling Fri Sep 04 15:37:43 UTC 2020
------------------ testing $PTII/ptolemy/domains/de/test/auto/MergeModel2Add.xml
auto.tcl: Setting watchdog for 200 seconds at Fri Sep 04 15:37:43 UTC 2020
11 ms. Memory: 51200K Free: 17424K (34%)
ptolemy.util.test.WatchDog.cancel(): canceling Fri Sep 04 15:37:43 UTC 2020
auto.tcl: Setting watchdog for 200 seconds at Fri Sep 04 15:37:43 UTC 2020
10 ms. Memory: 51200K Free: 15971K (31%)
ptolemy.util.test.WatchDog.cancel(): canceling Fri Sep 04 15:37:43 UTC 2020
------------------ testing $PTII/ptolemy/domains/de/test/auto/MergeModel3Add.xml
auto.tcl: Setting watchdog for 200 seconds at Fri Sep 04 15:37:43 UTC 2020
7 ms. Memory: 51200K Free: 17453K (34%)
ptolemy.util.test.WatchDog.cancel(): canceling Fri Sep 04 15:37:43 UTC 2020
auto.tcl: Setting watchdog for 200 seconds at Fri Sep 04 15:37:43 UTC 2020
8 ms. Memory: 51200K Free: 16060K (31%)
ptolemy.util.test.WatchDog.cancel(): canceling Fri Sep 04 15:37:43 UTC 2020
------------------ testing $PTII/ptolemy/domains/de/test/auto/MergeWithoutDiscard.xml
auto.tcl: Setting watchdog for 200 seconds at Fri Sep 04 15:37:43 UTC 2020
2 ms. Memory: 51200K Free: 32352K (63%)
ptolemy.util.test.WatchDog.cancel(): canceling Fri Sep 04 15:37:43 UTC 2020
auto.tcl: Setting watchdog for 200 seconds at Fri Sep 04 15:37:43 UTC 2020
2 ms. Memory: 51200K Free: 31868K (62%)
ptolemy.util.test.WatchDog.cancel(): canceling Fri Sep 04 15:37:43 UTC 2020
------------------ testing $PTII/ptolemy/domains/de/test/auto/Modal1.xml
auto.tcl: Setting watchdog for 200 seconds at Fri Sep 04 15:37:43 UTC 2020
17 ms. Memory: 51200K Free: 23942K (47%)
ptolemy.util.test.WatchDog.cancel(): canceling Fri Sep 04 15:37:43 UTC 2020
auto.tcl: Setting watchdog for 200 seconds at Fri Sep 04 15:37:43 UTC 2020
16 ms. Memory: 51200K Free: 20466K (40%)
ptolemy.util.test.WatchDog.cancel(): canceling Fri Sep 04 15:37:44 UTC 2020
------------------ testing $PTII/ptolemy/domains/de/test/auto/Modal2.xml
auto.tcl: Setting watchdog for 200 seconds at Fri Sep 04 15:37:44 UTC 2020
12 ms. Memory: 51200K Free: 24348K (48%)
ptolemy.util.test.WatchDog.cancel(): canceling Fri Sep 04 15:37:44 UTC 2020
auto.tcl: Setting watchdog for 200 seconds at Fri Sep 04 15:37:44 UTC 2020
11 ms. Memory: 51200K Free: 20818K (41%)
ptolemy.util.test.WatchDog.cancel(): canceling Fri Sep 04 15:37:44 UTC 2020
------------------ testing $PTII/ptolemy/domains/de/test/auto/Modal3.xml
auto.tcl: Setting watchdog for 200 seconds at Fri Sep 04 15:37:44 UTC 2020
21 ms. Memory: 51200K Free: 23743K (46%)
ptolemy.util.test.WatchDog.cancel(): canceling Fri Sep 04 15:37:44 UTC 2020
auto.tcl: Setting watchdog for 200 seconds at Fri Sep 04 15:37:44 UTC 2020
15 ms. Memory: 51200K Free: 20815K (41%)
ptolemy.util.test.WatchDog.cancel(): canceling Fri Sep 04 15:37:44 UTC 2020
------------------ testing $PTII/ptolemy/domains/de/test/auto/Modal4.xml
auto.tcl: Setting watchdog for 200 seconds at Fri Sep 04 15:37:44 UTC 2020
24 ms. Memory: 51200K Free: 23040K (45%)
ptolemy.util.test.WatchDog.cancel(): canceling Fri Sep 04 15:37:44 UTC 2020
auto.tcl: Setting watchdog for 200 seconds at Fri Sep 04 15:37:44 UTC 2020
21 ms. Memory: 51200K Free: 19308K (38%)
ptolemy.util.test.WatchDog.cancel(): canceling Fri Sep 04 15:37:44 UTC 2020
------------------ testing $PTII/ptolemy/domains/de/test/auto/Modal5.xml
auto.tcl: Setting watchdog for 200 seconds at Fri Sep 04 15:37:44 UTC 2020
26 ms. Memory: 51200K Free: 23027K (45%)
ptolemy.util.test.WatchDog.cancel(): canceling Fri Sep 04 15:37:44 UTC 2020
auto.tcl: Setting watchdog for 200 seconds at Fri Sep 04 15:37:44 UTC 2020
14 ms. Memory: 51200K Free: 19348K (38%)
ptolemy.util.test.WatchDog.cancel(): canceling Fri Sep 04 15:37:44 UTC 2020
------------------ testing $PTII/ptolemy/domains/de/test/auto/Modal6.xml
auto.tcl: Setting watchdog for 200 seconds at Fri Sep 04 15:37:44 UTC 2020
14 ms. Memory: 51200K Free: 24049K (47%)
ptolemy.util.test.WatchDog.cancel(): canceling Fri Sep 04 15:37:44 UTC 2020
auto.tcl: Setting watchdog for 200 seconds at Fri Sep 04 15:37:44 UTC 2020
14 ms. Memory: 51200K Free: 19796K (39%)
ptolemy.util.test.WatchDog.cancel(): canceling Fri Sep 04 15:37:44 UTC 2020
------------------ testing $PTII/ptolemy/domains/de/test/auto/Modal7.xml
auto.tcl: Setting watchdog for 200 seconds at Fri Sep 04 15:37:44 UTC 2020
15 ms. Memory: 51200K Free: 22996K (45%)
ptolemy.util.test.WatchDog.cancel(): canceling Fri Sep 04 15:37:44 UTC 2020
auto.tcl: Setting watchdog for 200 seconds at Fri Sep 04 15:37:44 UTC 2020
13 ms. Memory: 51200K Free: 19333K (38%)
ptolemy.util.test.WatchDog.cancel(): canceling Fri Sep 04 15:37:44 UTC 2020
------------------ testing $PTII/ptolemy/domains/de/test/auto/ModalModel.xml
auto.tcl: Setting watchdog for 200 seconds at Fri Sep 04 15:37:44 UTC 2020
210 ms. Memory: 51200K Free: 18379K (36%)
ptolemy.util.test.WatchDog.cancel(): canceling Fri Sep 04 15:37:44 UTC 2020
auto.tcl: Setting watchdog for 200 seconds at Fri Sep 04 15:37:44 UTC 2020
190 ms. Memory: 51200K Free: 12191K (24%)
ptolemy.util.test.WatchDog.cancel(): canceling Fri Sep 04 15:37:45 UTC 2020
------------------ testing $PTII/ptolemy/domains/de/test/auto/ModalSource.xml
auto.tcl: Setting watchdog for 200 seconds at Fri Sep 04 15:37:45 UTC 2020
10 ms. Memory: 51200K Free: 27882K (54%)
ptolemy.util.test.WatchDog.cancel(): canceling Fri Sep 04 15:37:45 UTC 2020
auto.tcl: Setting watchdog for 200 seconds at Fri Sep 04 15:37:45 UTC 2020
7 ms. Memory: 51200K Free: 25834K (50%)
ptolemy.util.test.WatchDog.cancel(): canceling Fri Sep 04 15:37:45 UTC 2020
------------------ testing $PTII/ptolemy/domains/de/test/auto/NonInterruptibleTimerZeroDelay.xml
auto.tcl: Setting watchdog for 200 seconds at Fri Sep 04 15:37:45 UTC 2020
4 ms. Memory: 51200K Free: 33022K (64%)
ptolemy.util.test.WatchDog.cancel(): canceling Fri Sep 04 15:37:45 UTC 2020
auto.tcl: Setting watchdog for 200 seconds at Fri Sep 04 15:37:45 UTC 2020
3 ms. Memory: 51200K Free: 32158K (63%)
ptolemy.util.test.WatchDog.cancel(): canceling Fri Sep 04 15:37:45 UTC 2020
------------------ testing $PTII/ptolemy/domains/de/test/auto/OpenQueueingNetwork.xml
auto.tcl: Setting watchdog for 200 seconds at Fri Sep 04 15:37:45 UTC 2020
2962 ms. Memory: 103424K Free: 58494K (57%)
ptolemy.util.test.WatchDog.cancel(): canceling Fri Sep 04 15:37:48 UTC 2020
auto.tcl: Setting watchdog for 200 seconds at Fri Sep 04 15:37:48 UTC 2020
2410 ms. Memory: 150528K Free: 60085K (40%)
ptolemy.util.test.WatchDog.cancel(): canceling Fri Sep 04 15:37:50 UTC 2020
------------------ testing $PTII/ptolemy/domains/de/test/auto/OpenQueuingNetwork.xml
auto.tcl: Setting watchdog for 200 seconds at Fri Sep 04 15:37:51 UTC 2020
265 ms. Memory: 55296K Free: 24868K (45%)
ptolemy.util.test.WatchDog.cancel(): canceling Fri Sep 04 15:37:51 UTC 2020
auto.tcl: Setting watchdog for 200 seconds at Fri Sep 04 15:37:51 UTC 2020
228 ms. Memory: 55296K Free: 33957K (61%)
ptolemy.util.test.WatchDog.cancel(): canceling Fri Sep 04 15:37:51 UTC 2020
------------------ testing $PTII/ptolemy/domains/de/test/auto/PeriodicSampler.xml
auto.tcl: Setting watchdog for 200 seconds at Fri Sep 04 15:37:51 UTC 2020
2 ms. Memory: 55296K Free: 36112K (65%)
ptolemy.util.test.WatchDog.cancel(): canceling Fri Sep 04 15:37:51 UTC 2020
auto.tcl: Setting watchdog for 200 seconds at Fri Sep 04 15:37:51 UTC 2020
2 ms. Memory: 55296K Free: 35584K (64%)
ptolemy.util.test.WatchDog.cancel(): canceling Fri Sep 04 15:37:51 UTC 2020
------------------ testing $PTII/ptolemy/domains/de/test/auto/PersistentIO.xml
auto.tcl: Setting watchdog for 200 seconds at Fri Sep 04 15:37:51 UTC 2020
10 ms. Memory: 51200K Free: 26940K (53%)
ptolemy.util.test.WatchDog.cancel(): canceling Fri Sep 04 15:37:51 UTC 2020
auto.tcl: Setting watchdog for 200 seconds at Fri Sep 04 15:37:51 UTC 2020
4 ms. Memory: 51200K Free: 25440K (50%)
ptolemy.util.test.WatchDog.cancel(): canceling Fri Sep 04 15:37:51 UTC 2020
------------------ testing $PTII/ptolemy/domains/de/test/auto/PortParameterResetOnInitialize.xml
auto.tcl: Setting watchdog for 200 seconds at Fri Sep 04 15:37:51 UTC 2020
7 ms. Memory: 51200K Free: 31924K (62%)
ptolemy.util.test.WatchDog.cancel(): canceling Fri Sep 04 15:37:51 UTC 2020
auto.tcl: Setting watchdog for 200 seconds at Fri Sep 04 15:37:51 UTC 2020
2 ms. Memory: 51200K Free: 31434K (61%)
ptolemy.util.test.WatchDog.cancel(): canceling Fri Sep 04 15:37:51 UTC 2020
------------------ testing $PTII/ptolemy/domains/de/test/auto/PortParameterUpdates.xml
auto.tcl: Setting watchdog for 200 seconds at Fri Sep 04 15:37:51 UTC 2020
4 ms. Memory: 51200K Free: 30008K (59%)
ptolemy.util.test.WatchDog.cancel(): canceling Fri Sep 04 15:37:51 UTC 2020
auto.tcl: Setting watchdog for 200 seconds at Fri Sep 04 15:37:51 UTC 2020
5 ms. Memory: 51200K Free: 28990K (57%)
ptolemy.util.test.WatchDog.cancel(): canceling Fri Sep 04 15:37:51 UTC 2020
------------------ testing $PTII/ptolemy/domains/de/test/auto/QueueAndServer.xml
auto.tcl: Setting watchdog for 200 seconds at Fri Sep 04 15:37:51 UTC 2020
14 ms. Memory: 51200K Free: 29187K (57%)
ptolemy.util.test.WatchDog.cancel(): canceling Fri Sep 04 15:37:51 UTC 2020
auto.tcl: Setting watchdog for 200 seconds at Fri Sep 04 15:37:51 UTC 2020
8 ms. Memory: 51200K Free: 27447K (54%)
ptolemy.util.test.WatchDog.cancel(): canceling Fri Sep 04 15:37:51 UTC 2020
------------------ testing $PTII/ptolemy/domains/de/test/auto/Records.xml
auto.tcl: Setting watchdog for 200 seconds at Fri Sep 04 15:37:52 UTC 2020
3 ms. Memory: 51200K Free: 31179K (61%)
ptolemy.util.test.WatchDog.cancel(): canceling Fri Sep 04 15:37:52 UTC 2020
auto.tcl: Setting watchdog for 200 seconds at Fri Sep 04 15:37:52 UTC 2020
1 ms. Memory: 51200K Free: 30678K (60%)
ptolemy.util.test.WatchDog.cancel(): canceling Fri Sep 04 15:37:52 UTC 2020
------------------ testing $PTII/ptolemy/domains/de/test/auto/ResetTransitionWithStartTime1.xml
auto.tcl: Setting watchdog for 200 seconds at Fri Sep 04 15:37:52 UTC 2020
8 ms. Memory: 51200K Free: 28424K (56%)
ptolemy.util.test.WatchDog.cancel(): canceling Fri Sep 04 15:37:52 UTC 2020
auto.tcl: Setting watchdog for 200 seconds at Fri Sep 04 15:37:52 UTC 2020
6 ms. Memory: 51200K Free: 26376K (52%)
ptolemy.util.test.WatchDog.cancel(): canceling Fri Sep 04 15:37:52 UTC 2020
------------------ testing $PTII/ptolemy/domains/de/test/auto/ResetTransitionWithStartTime2.xml
auto.tcl: Setting watchdog for 200 seconds at Fri Sep 04 15:37:52 UTC 2020
6 ms. Memory: 51200K Free: 28379K (55%)
ptolemy.util.test.WatchDog.cancel(): canceling Fri Sep 04 15:37:52 UTC 2020
auto.tcl: Setting watchdog for 200 seconds at Fri Sep 04 15:37:52 UTC 2020
6 ms. Memory: 51200K Free: 26358K (51%)
ptolemy.util.test.WatchDog.cancel(): canceling Fri Sep 04 15:37:52 UTC 2020
------------------ testing $PTII/ptolemy/domains/de/test/auto/ResetTransitionWithStartTime3.xml
auto.tcl: Setting watchdog for 200 seconds at Fri Sep 04 15:37:52 UTC 2020
9 ms. Memory: 51200K Free: 28378K (55%)
ptolemy.util.test.WatchDog.cancel(): canceling Fri Sep 04 15:37:52 UTC 2020
auto.tcl: Setting watchdog for 200 seconds at Fri Sep 04 15:37:52 UTC 2020
7 ms. Memory: 51200K Free: 26357K (51%)
ptolemy.util.test.WatchDog.cancel(): canceling Fri Sep 04 15:37:52 UTC 2020
------------------ testing $PTII/ptolemy/domains/de/test/auto/ResetTransitionWithStartTime4.xml
auto.tcl: Setting watchdog for 200 seconds at Fri Sep 04 15:37:52 UTC 2020
11 ms. Memory: 51200K Free: 29042K (57%)
ptolemy.util.test.WatchDog.cancel(): canceling Fri Sep 04 15:37:52 UTC 2020
auto.tcl: Setting watchdog for 200 seconds at Fri Sep 04 15:37:52 UTC 2020
5 ms. Memory: 51200K Free: 27353K (53%)
ptolemy.util.test.WatchDog.cancel(): canceling Fri Sep 04 15:37:52 UTC 2020
------------------ testing $PTII/ptolemy/domains/de/test/auto/ResettableTimer1.xml
auto.tcl: Setting watchdog for 200 seconds at Fri Sep 04 15:37:52 UTC 2020
2 ms. Memory: 51200K Free: 32553K (64%)
ptolemy.util.test.WatchDog.cancel(): canceling Fri Sep 04 15:37:52 UTC 2020
auto.tcl: Setting watchdog for 200 seconds at Fri Sep 04 15:37:52 UTC 2020
2 ms. Memory: 51200K Free: 31961K (62%)
ptolemy.util.test.WatchDog.cancel(): canceling Fri Sep 04 15:37:52 UTC 2020
------------------ testing $PTII/ptolemy/domains/de/test/auto/ResettableTimer2.xml
auto.tcl: Setting watchdog for 200 seconds at Fri Sep 04 15:37:52 UTC 2020
2 ms. Memory: 51200K Free: 32580K (64%)
ptolemy.util.test.WatchDog.cancel(): canceling Fri Sep 04 15:37:52 UTC 2020
auto.tcl: Setting watchdog for 200 seconds at Fri Sep 04 15:37:52 UTC 2020
2 ms. Memory: 51200K Free: 31499K (62%)
ptolemy.util.test.WatchDog.cancel(): canceling Fri Sep 04 15:37:52 UTC 2020
------------------ testing $PTII/ptolemy/domains/de/test/auto/ResettableTimer3.xml
auto.tcl: Setting watchdog for 200 seconds at Fri Sep 04 15:37:52 UTC 2020
1 ms. Memory: 51200K Free: 33021K (64%)
ptolemy.util.test.WatchDog.cancel(): canceling Fri Sep 04 15:37:52 UTC 2020
auto.tcl: Setting watchdog for 200 seconds at Fri Sep 04 15:37:52 UTC 2020
1 ms. Memory: 51200K Free: 32530K (64%)
ptolemy.util.test.WatchDog.cancel(): canceling Fri Sep 04 15:37:52 UTC 2020
------------------ testing $PTII/ptolemy/domains/de/test/auto/ResettableTimer4.xml
auto.tcl: Setting watchdog for 200 seconds at Fri Sep 04 15:37:52 UTC 2020
1 ms. Memory: 51200K Free: 32544K (64%)
ptolemy.util.test.WatchDog.cancel(): canceling Fri Sep 04 15:37:52 UTC 2020
auto.tcl: Setting watchdog for 200 seconds at Fri Sep 04 15:37:52 UTC 2020
2 ms. Memory: 51200K Free: 32032K (63%)
ptolemy.util.test.WatchDog.cancel(): canceling Fri Sep 04 15:37:52 UTC 2020
------------------ testing $PTII/ptolemy/domains/de/test/auto/ResettableTimer5.xml
auto.tcl: Setting watchdog for 200 seconds at Fri Sep 04 15:37:52 UTC 2020
3 ms. Memory: 51200K Free: 32009K (63%)
ptolemy.util.test.WatchDog.cancel(): canceling Fri Sep 04 15:37:52 UTC 2020
auto.tcl: Setting watchdog for 200 seconds at Fri Sep 04 15:37:52 UTC 2020
1 ms. Memory: 51200K Free: 31518K (62%)
ptolemy.util.test.WatchDog.cancel(): canceling Fri Sep 04 15:37:52 UTC 2020
------------------ testing $PTII/ptolemy/domains/de/test/auto/ResettableTimer6.xml
auto.tcl: Setting watchdog for 200 seconds at Fri Sep 04 15:37:52 UTC 2020
2 ms. Memory: 51200K Free: 31985K (62%)
ptolemy.util.test.WatchDog.cancel(): canceling Fri Sep 04 15:37:52 UTC 2020
auto.tcl: Setting watchdog for 200 seconds at Fri Sep 04 15:37:52 UTC 2020
2 ms. Memory: 51200K Free: 31489K (62%)
ptolemy.util.test.WatchDog.cancel(): canceling Fri Sep 04 15:37:52 UTC 2020
------------------ testing $PTII/ptolemy/domains/de/test/auto/ServerZeroDelay.xml
auto.tcl: Setting watchdog for 200 seconds at Fri Sep 04 15:37:52 UTC 2020
6 ms. Memory: 51200K Free: 32505K (63%)
ptolemy.util.test.WatchDog.cancel(): canceling Fri Sep 04 15:37:52 UTC 2020
auto.tcl: Setting watchdog for 200 seconds at Fri Sep 04 15:37:52 UTC 2020
3 ms. Memory: 51200K Free: 31490K (62%)
ptolemy.util.test.WatchDog.cancel(): canceling Fri Sep 04 15:37:52 UTC 2020
------------------ testing $PTII/ptolemy/domains/de/test/auto/SmartSender.xml
auto.tcl: Setting watchdog for 200 seconds at Fri Sep 04 15:37:52 UTC 2020
3001 ms. Memory: 51200K Free: 32505K (63%)
ptolemy.util.test.WatchDog.cancel(): canceling Fri Sep 04 15:37:55 UTC 2020
auto.tcl: Setting watchdog for 200 seconds at Fri Sep 04 15:37:55 UTC 2020
3002 ms. Memory: 51200K Free: 32006K (63%)
ptolemy.util.test.WatchDog.cancel(): canceling Fri Sep 04 15:37:58 UTC 2020
------------------ testing $PTII/ptolemy/domains/de/test/auto/ThreadedComposite.xml
auto.tcl: Setting watchdog for 200 seconds at Fri Sep 04 15:37:58 UTC 2020
224 ms. Memory: 51200K Free: 13056K (26%)
ptolemy.util.test.WatchDog.cancel(): canceling Fri Sep 04 15:37:59 UTC 2020
auto.tcl: Setting watchdog for 200 seconds at Fri Sep 04 15:37:59 UTC 2020
184 ms. Memory: 61440K Free: 37386K (61%)
ptolemy.util.test.WatchDog.cancel(): canceling Fri Sep 04 15:37:59 UTC 2020
------------------ testing $PTII/ptolemy/domains/de/test/auto/Time.xml
auto.tcl: Setting watchdog for 200 seconds at Fri Sep 04 15:37:59 UTC 2020
415 ms. Memory: 55296K Free: 12827K (23%)
ptolemy.util.test.WatchDog.cancel(): canceling Fri Sep 04 15:37:59 UTC 2020
auto.tcl: Setting watchdog for 200 seconds at Fri Sep 04 15:37:59 UTC 2020
384 ms. Memory: 55296K Free: 19096K (35%)
ptolemy.util.test.WatchDog.cancel(): canceling Fri Sep 04 15:38:00 UTC 2020
------------------ testing $PTII/ptolemy/domains/de/test/auto/TimeDelayZeroDelay.xml
auto.tcl: Setting watchdog for 200 seconds at Fri Sep 04 15:38:00 UTC 2020
2 ms. Memory: 51200K Free: 32428K (63%)
ptolemy.util.test.WatchDog.cancel(): canceling Fri Sep 04 15:38:00 UTC 2020
auto.tcl: Setting watchdog for 200 seconds at Fri Sep 04 15:38:00 UTC 2020
2 ms. Memory: 51200K Free: 31550K (62%)
ptolemy.util.test.WatchDog.cancel(): canceling Fri Sep 04 15:38:00 UTC 2020
------------------ testing $PTII/ptolemy/domains/de/test/auto/TimerZeroDelay.xml
auto.tcl: Setting watchdog for 200 seconds at Fri Sep 04 15:38:00 UTC 2020
3 ms. Memory: 51200K Free: 32897K (64%)
ptolemy.util.test.WatchDog.cancel(): canceling Fri Sep 04 15:38:00 UTC 2020
auto.tcl: Setting watchdog for 200 seconds at Fri Sep 04 15:38:00 UTC 2020
2 ms. Memory: 51200K Free: 32471K (63%)
ptolemy.util.test.WatchDog.cancel(): canceling Fri Sep 04 15:38:00 UTC 2020
------------------ testing $PTII/ptolemy/domains/de/test/auto/TimingParadox.xml
auto.tcl: Setting watchdog for 200 seconds at Fri Sep 04 15:38:00 UTC 2020
270 ms. Memory: 51200K Free: 20578K (40%)
ptolemy.util.test.WatchDog.cancel(): canceling Fri Sep 04 15:38:00 UTC 2020
auto.tcl: Setting watchdog for 200 seconds at Fri Sep 04 15:38:00 UTC 2020
269 ms. Memory: 51200K Free: 10934K (21%)
ptolemy.util.test.WatchDog.cancel(): canceling Fri Sep 04 15:38:01 UTC 2020
------------------ testing $PTII/ptolemy/domains/de/test/auto/TransferInputs.xml
auto.tcl: Setting watchdog for 200 seconds at Fri Sep 04 15:38:01 UTC 2020
1 ms. Memory: 51200K Free: 30947K (60%)
ptolemy.util.test.WatchDog.cancel(): canceling Fri Sep 04 15:38:01 UTC 2020
auto.tcl: Setting watchdog for 200 seconds at Fri Sep 04 15:38:01 UTC 2020
1 ms. Memory: 51200K Free: 30033K (59%)
ptolemy.util.test.WatchDog.cancel(): canceling Fri Sep 04 15:38:01 UTC 2020
------------------ testing $PTII/ptolemy/domains/de/test/auto/TransferOutputs2.xml
auto.tcl: Setting watchdog for 200 seconds at Fri Sep 04 15:38:01 UTC 2020
3 ms. Memory: 51200K Free: 28381K (55%)
ptolemy.util.test.WatchDog.cancel(): canceling Fri Sep 04 15:38:01 UTC 2020
auto.tcl: Setting watchdog for 200 seconds at Fri Sep 04 15:38:01 UTC 2020
3 ms. Memory: 51200K Free: 26963K (53%)
ptolemy.util.test.WatchDog.cancel(): canceling Fri Sep 04 15:38:01 UTC 2020
------------------ testing $PTII/ptolemy/domains/de/test/auto/Trilateration.xml
auto.tcl: Setting watchdog for 200 seconds at Fri Sep 04 15:38:01 UTC 2020
12691 ms. Memory: 527360K Free: 404652K (77%)
ptolemy.util.test.WatchDog.cancel(): canceling Fri Sep 04 15:38:15 UTC 2020
auto.tcl: Setting watchdog for 200 seconds at Fri Sep 04 15:38:15 UTC 2020
9185 ms. Memory: 527360K Free: 267944K (51%)
ptolemy.util.test.WatchDog.cancel(): canceling Fri Sep 04 15:38:24 UTC 2020
------------------ testing $PTII/ptolemy/domains/de/test/auto/TwoSigmaDelta.xml
auto.tcl: Setting watchdog for 200 seconds at Fri Sep 04 15:38:24 UTC 2020
2208 ms. Memory: 89088K Free: 21945K (25%)
ptolemy.util.test.WatchDog.cancel(): canceling Fri Sep 04 15:38:26 UTC 2020
auto.tcl: Setting watchdog for 200 seconds at Fri Sep 04 15:38:26 UTC 2020
1736 ms. Memory: 89088K Free: 18388K (21%)
ptolemy.util.test.WatchDog.cancel(): canceling Fri Sep 04 15:38:28 UTC 2020
------------------ testing $PTII/ptolemy/domains/de/test/auto/VariableDelay.xml
auto.tcl: Setting watchdog for 200 seconds at Fri Sep 04 15:38:28 UTC 2020
3 ms. Memory: 55296K Free: 35516K (64%)
ptolemy.util.test.WatchDog.cancel(): canceling Fri Sep 04 15:38:28 UTC 2020
auto.tcl: Setting watchdog for 200 seconds at Fri Sep 04 15:38:28 UTC 2020
2 ms. Memory: 55296K Free: 34492K (62%)
ptolemy.util.test.WatchDog.cancel(): canceling Fri Sep 04 15:38:28 UTC 2020
------------------ testing $PTII/ptolemy/domains/de/test/auto/VariableDelay2.xml
auto.tcl: Setting watchdog for 200 seconds at Fri Sep 04 15:38:28 UTC 2020
7 ms. Memory: 51200K Free: 32033K (63%)
ptolemy.util.test.WatchDog.cancel(): canceling Fri Sep 04 15:38:28 UTC 2020
auto.tcl: Setting watchdog for 200 seconds at Fri Sep 04 15:38:28 UTC 2020
2 ms. Memory: 51200K Free: 31521K (62%)
ptolemy.util.test.WatchDog.cancel(): canceling Fri Sep 04 15:38:28 UTC 2020
------------------ testing $PTII/ptolemy/domains/de/test/auto/VariableDelayZeroDelay.xml
auto.tcl: Setting watchdog for 200 seconds at Fri Sep 04 15:38:28 UTC 2020
2 ms. Memory: 51200K Free: 32363K (63%)
ptolemy.util.test.WatchDog.cancel(): canceling Fri Sep 04 15:38:28 UTC 2020
auto.tcl: Setting watchdog for 200 seconds at Fri Sep 04 15:38:28 UTC 2020
2 ms. Memory: 51200K Free: 31861K (62%)
ptolemy.util.test.WatchDog.cancel(): canceling Fri Sep 04 15:38:28 UTC 2020
------------------ testing $PTII/ptolemy/domains/de/test/auto/VariableDelayZeroDelay2.xml
auto.tcl: Setting watchdog for 200 seconds at Fri Sep 04 15:38:28 UTC 2020
3 ms. Memory: 51200K Free: 32361K (63%)
ptolemy.util.test.WatchDog.cancel(): canceling Fri Sep 04 15:38:28 UTC 2020
auto.tcl: Setting watchdog for 200 seconds at Fri Sep 04 15:38:28 UTC 2020
2 ms. Memory: 51200K Free: 31337K (61%)
ptolemy.util.test.WatchDog.cancel(): canceling Fri Sep 04 15:38:28 UTC 2020
------------------ testing $PTII/ptolemy/domains/de/test/auto/deInCt.xml
auto.tcl: Setting watchdog for 200 seconds at Fri Sep 04 15:38:28 UTC 2020
0
1
1
1
0
0
0
1
1
1
0
0
1
1
1
0
0
1
1
1
0
0
0
1
1
1
0
0
0
0
1
1
1
1
1
1
1
1
15 ms. Memory: 51200K Free: 31334K (61%)
ptolemy.util.test.WatchDog.cancel(): canceling Fri Sep 04 15:38:28 UTC 2020
auto.tcl: Setting watchdog for 200 seconds at Fri Sep 04 15:38:28 UTC 2020
0
1
1
1
0
0
1
1
1
0
0
0
0
0
0
0
1
1
1
0
0
1
1
1
0
0
1
1
1
1
0
0
0
0
9 ms. Memory: 51200K Free: 29807K (58%)
ptolemy.util.test.WatchDog.cancel(): canceling Fri Sep 04 15:38:28 UTC 2020
------------------ testing $PTII/ptolemy/domains/de/test/auto/deInCt2.xml
auto.tcl: Setting watchdog for 200 seconds at Fri Sep 04 15:38:28 UTC 2020
0
1
1
1
0
0
1
1
1
0
0
1
1
1
0
0
1
1
1
0
0
1
1
1
0
0
1
1
1
0
0
1
1
1
0
0
1
1
1
0
0
0
15 ms. Memory: 51200K Free: 31336K (61%)
ptolemy.util.test.WatchDog.cancel(): canceling Fri Sep 04 15:38:28 UTC 2020
auto.tcl: Setting watchdog for 200 seconds at Fri Sep 04 15:38:28 UTC 2020
0
1
1
1
0
0
1
1
1
0
0
1
1
1
0
0
1
1
1
0
0
1
1
1
0
0
1
1
1
0
0
1
1
1
0
0
1
1
1
0
0
0
6 ms. Memory: 51200K Free: 29802K (58%)
ptolemy.util.test.WatchDog.cancel(): canceling Fri Sep 04 15:38:28 UTC 2020
------------------ testing $PTII/ptolemy/domains/de/test/auto/dynamicCausalityInterface1.xml
auto.tcl: Setting watchdog for 200 seconds at Fri Sep 04 15:38:28 UTC 2020
1 ms. Memory: 51200K Free: 27235K (53%)
ptolemy.util.test.WatchDog.cancel(): canceling Fri Sep 04 15:38:28 UTC 2020
auto.tcl: Setting watchdog for 200 seconds at Fri Sep 04 15:38:28 UTC 2020
1 ms. Memory: 51200K Free: 26718K (52%)
ptolemy.util.test.WatchDog.cancel(): canceling Fri Sep 04 15:38:28 UTC 2020
------------------ testing $PTII/ptolemy/domains/de/test/auto/fsm_de_test.xml
auto.tcl: Setting watchdog for 200 seconds at Fri Sep 04 15:38:28 UTC 2020
6 ms. Memory: 51200K Free: 27133K (53%)
ptolemy.util.test.WatchDog.cancel(): canceling Fri Sep 04 15:38:28 UTC 2020
auto.tcl: Setting watchdog for 200 seconds at Fri Sep 04 15:38:28 UTC 2020
7 ms. Memory: 51200K Free: 25085K (49%)
ptolemy.util.test.WatchDog.cancel(): canceling Fri Sep 04 15:38:28 UTC 2020
------------------ testing $PTII/ptolemy/domains/de/test/auto/functionDependencyReconstruction.xml
auto.tcl: Setting watchdog for 200 seconds at Fri Sep 04 15:38:28 UTC 2020
3 ms. Memory: 51200K Free: 21124K (41%)
ptolemy.util.test.WatchDog.cancel(): canceling Fri Sep 04 15:38:29 UTC 2020
auto.tcl: Setting watchdog for 200 seconds at Fri Sep 04 15:38:29 UTC 2020
3 ms. Memory: 51200K Free: 19435K (38%)
ptolemy.util.test.WatchDog.cancel(): canceling Fri Sep 04 15:38:29 UTC 2020
------------------ testing $PTII/ptolemy/domains/de/test/auto/multirate.xml
auto.tcl: Setting watchdog for 200 seconds at Fri Sep 04 15:38:29 UTC 2020
4 ms. Memory: 51200K Free: 29774K (58%)
ptolemy.util.test.WatchDog.cancel(): canceling Fri Sep 04 15:38:29 UTC 2020
auto.tcl: Setting watchdog for 200 seconds at Fri Sep 04 15:38:29 UTC 2020
3 ms. Memory: 51200K Free: 28032K (55%)
ptolemy.util.test.WatchDog.cancel(): canceling Fri Sep 04 15:38:29 UTC 2020
------------------ testing $PTII/ptolemy/domains/de/test/auto/multirate2.xml
auto.tcl: Setting watchdog for 200 seconds at Fri Sep 04 15:38:29 UTC 2020
7 ms. Memory: 51200K Free: 29730K (58%)
ptolemy.util.test.WatchDog.cancel(): canceling Fri Sep 04 15:38:29 UTC 2020
auto.tcl: Setting watchdog for 200 seconds at Fri Sep 04 15:38:29 UTC 2020
3 ms. Memory: 51200K Free: 28210K (55%)
ptolemy.util.test.WatchDog.cancel(): canceling Fri Sep 04 15:38:29 UTC 2020
------------------ testing $PTII/ptolemy/domains/de/test/auto/realtime.xml
auto.tcl: Setting watchdog for 200 seconds at Fri Sep 04 15:38:29 UTC 2020
10001 ms. Memory: 51200K Free: 32016K (63%)
ptolemy.util.test.WatchDog.cancel(): canceling Fri Sep 04 15:38:39 UTC 2020
auto.tcl: Setting watchdog for 200 seconds at Fri Sep 04 15:38:39 UTC 2020
10001 ms. Memory: 51200K Free: 31281K (61%)
ptolemy.util.test.WatchDog.cancel(): canceling Fri Sep 04 15:38:49 UTC 2020
------------------ testing $PTII/ptolemy/domains/de/test/auto/relationGroup.xml
auto.tcl: Setting watchdog for 200 seconds at Fri Sep 04 15:38:49 UTC 2020
2 ms. Memory: 51200K Free: 33095K (65%)
ptolemy.util.test.WatchDog.cancel(): canceling Fri Sep 04 15:38:49 UTC 2020
auto.tcl: Setting watchdog for 200 seconds at Fri Sep 04 15:38:49 UTC 2020
2 ms. Memory: 51200K Free: 32592K (64%)
ptolemy.util.test.WatchDog.cancel(): canceling Fri Sep 04 15:38:49 UTC 2020
------------------ testing $PTII/ptolemy/domains/de/test/auto/relationGroup2.xml
auto.tcl: Setting watchdog for 200 seconds at Fri Sep 04 15:38:49 UTC 2020
1 ms. Memory: 51200K Free: 33120K (65%)
ptolemy.util.test.WatchDog.cancel(): canceling Fri Sep 04 15:38:49 UTC 2020
auto.tcl: Setting watchdog for 200 seconds at Fri Sep 04 15:38:49 UTC 2020
1 ms. Memory: 51200K Free: 32601K (64%)
ptolemy.util.test.WatchDog.cancel(): canceling Fri Sep 04 15:38:49 UTC 2020
------------------ testing $PTII/ptolemy/domains/de/test/auto/sortWithOpaquePorts.xml
auto.tcl: Setting watchdog for 200 seconds at Fri Sep 04 15:38:49 UTC 2020
1 ms. Memory: 51200K Free: 32386K (63%)
ptolemy.util.test.WatchDog.cancel(): canceling Fri Sep 04 15:38:49 UTC 2020
auto.tcl: Setting watchdog for 200 seconds at Fri Sep 04 15:38:49 UTC 2020
1 ms. Memory: 51200K Free: 30858K (60%)
ptolemy.util.test.WatchDog.cancel(): canceling Fri Sep 04 15:38:49 UTC 2020
------------------ testing $PTII/ptolemy/domains/de/test/auto/transferInputsandOutputs.xml
auto.tcl: Setting watchdog for 200 seconds at Fri Sep 04 15:38:49 UTC 2020
2 ms. Memory: 51200K Free: 29301K (57%)
ptolemy.util.test.WatchDog.cancel(): canceling Fri Sep 04 15:38:49 UTC 2020
auto.tcl: Setting watchdog for 200 seconds at Fri Sep 04 15:38:49 UTC 2020
2 ms. Memory: 51200K Free: 28277K (55%)
ptolemy.util.test.WatchDog.cancel(): canceling Fri Sep 04 15:38:49 UTC 2020
------------------ testing $PTII/ptolemy/domains/de/test/auto/triggerType.xml
auto.tcl: Setting watchdog for 200 seconds at Fri Sep 04 15:38:49 UTC 2020
1 ms. Memory: 51200K Free: 32326K (63%)
ptolemy.util.test.WatchDog.cancel(): canceling Fri Sep 04 15:38:49 UTC 2020
auto.tcl: Setting watchdog for 200 seconds at Fri Sep 04 15:38:49 UTC 2020
2 ms. Memory: 51200K Free: 31309K (61%)
ptolemy.util.test.WatchDog.cancel(): canceling Fri Sep 04 15:38:49 UTC 2020
09/04/20 03:38:49
Failed: 0  Total Tests: 192  ((Passed: 187, Newly Passed: 1)  Known Failed: 5) /home/travis/build/icyphy/ptII/ptolemy/domains/de/test
09/04/20 03:38:49
Failed: 0  Total Tests: 192  ((Passed: 187, Newly Passed: 1)  Known Failed: 5) /home/travis/build/icyphy/ptII/ptolemy/domains/de/test
----------------- testing (KnownFailure) /home/travis/build/icyphy/ptII/ptolemy/domains/de/test/auto/knownFailedTests/DESDFClockTest.xml
2012 ms. Memory: 51200K Free: 25721K (50%)
Known Failure: java.lang.reflect.InvocationTargetException
----------------- testing (KnownFailure) /home/travis/build/icyphy/ptII/ptolemy/domains/de/test/auto/knownFailedTests/DirectFeedback.xml
1 ms. Memory: 51200K Free: 22139K (43%)
Known Failure: java.lang.reflect.InvocationTargetException
----------------- testing (KnownFailure) /home/travis/build/icyphy/ptII/ptolemy/domains/de/test/auto/knownFailedTests/FSMSource.xml
6 ms. Memory: 51200K Free: 14971K (29%)
----------------- testing (KnownFailure) /home/travis/build/icyphy/ptII/ptolemy/domains/de/test/auto/knownFailedTests/HierarchicalModel.xml
3 ms. Memory: 51200K Free: 27184K (53%)
Known Failure: java.lang.reflect.InvocationTargetException
----------------- testing (KnownFailure) /home/travis/build/icyphy/ptII/ptolemy/domains/de/test/auto/knownFailedTests/dependencyLoop.xml
2 ms. Memory: 51200K Free: 12187K (24%)
Known Failure: java.lang.reflect.InvocationTargetException
----------------- testing (KnownFailure) /home/travis/build/icyphy/ptII/ptolemy/domains/de/test/auto/knownFailedTests/dependencyLoop2.xml
2 ms. Memory: 51200K Free: 25088K (49%)
Known Failure: java.lang.reflect.InvocationTargetException
No auto/linux-amd64/*.xml tests in /home/travis/build/icyphy/ptII/ptolemy/domains/de/test
AutoTests.java: About to close Vertx.
AutoTests.java: Vertx closed.

===========================================================================================
----------------- testing Fri Sep 04 15:38:51 UTC 2020 /home/travis/build/icyphy/ptII/ptolemy/domains/de/test/auto/ActorDepthCalculation_actorWithoutPorts.xml
----------------- Instantiating /home/travis/build/icyphy/ptII/ptolemy/domains/de/test/auto/ActorDepthCalculation_actorWithoutPorts.xml
2 ms. Memory: 51200K Free: 18268K (36%)
----------------- Invoking toplevel() on ptolemy.moml.MoMLSimpleApplication@2e401e17
----------------- Done invoking toplevel() on ptolemy.moml.MoMLSimpleApplication@2e401e17
reloadAllAccessors: .ActorDepthCalculation_actorWithoutPorts

===========================================================================================
----------------- testing Fri Sep 04 15:38:51 UTC 2020 /home/travis/build/icyphy/ptII/ptolemy/domains/de/test/auto/AssemblyLine.xml
----------------- Instantiating /home/travis/build/icyphy/ptII/ptolemy/domains/de/test/auto/AssemblyLine.xml
3 ms. Memory: 51200K Free: 11122K (22%)
----------------- Invoking toplevel() on ptolemy.moml.MoMLSimpleApplication@2d117adf
----------------- Done invoking toplevel() on ptolemy.moml.MoMLSimpleApplication@2d117adf
reloadAllAccessors: .AssemblyLine

===========================================================================================
----------------- testing Fri Sep 04 15:38:51 UTC 2020 /home/travis/build/icyphy/ptII/ptolemy/domains/de/test/auto/CQBug1.xml
----------------- Instantiating /home/travis/build/icyphy/ptII/ptolemy/domains/de/test/auto/CQBug1.xml
1 ms. Memory: 51200K Free: 8329K (16%)
----------------- Invoking toplevel() on ptolemy.moml.MoMLSimpleApplication@28fefdd2
----------------- Done invoking toplevel() on ptolemy.moml.MoMLSimpleApplication@28fefdd2
reloadAllAccessors: .CQBug1

===========================================================================================
----------------- testing Fri Sep 04 15:38:51 UTC 2020 /home/travis/build/icyphy/ptII/ptolemy/domains/de/test/auto/CancelFireAt.xml
----------------- Instantiating /home/travis/build/icyphy/ptII/ptolemy/domains/de/test/auto/CancelFireAt.xml
8 ms. Memory: 51200K Free: 33892K (66%)
----------------- Invoking toplevel() on ptolemy.moml.MoMLSimpleApplication@17efb48a
----------------- Done invoking toplevel() on ptolemy.moml.MoMLSimpleApplication@17efb48a
reloadAllAccessors: .CancelFireAt

===========================================================================================
----------------- testing Fri Sep 04 15:38:51 UTC 2020 /home/travis/build/icyphy/ptII/ptolemy/domains/de/test/auto/CausalityAndComposabilityAnalysis.xml
----------------- Instantiating /home/travis/build/icyphy/ptII/ptolemy/domains/de/test/auto/CausalityAndComposabilityAnalysis.xml
2 ms. Memory: 51200K Free: 29565K (58%)
----------------- Invoking toplevel() on ptolemy.moml.MoMLSimpleApplication@4534517d
----------------- Done invoking toplevel() on ptolemy.moml.MoMLSimpleApplication@4534517d
reloadAllAccessors: .CausalityAndComposabilityAnalysis

===========================================================================================
----------------- testing Fri Sep 04 15:38:51 UTC 2020 /home/travis/build/icyphy/ptII/ptolemy/domains/de/test/auto/CausalityInterface1.xml
----------------- Instantiating /home/travis/build/icyphy/ptII/ptolemy/domains/de/test/auto/CausalityInterface1.xml
6 ms. Memory: 51200K Free: 24722K (48%)
----------------- Invoking toplevel() on ptolemy.moml.MoMLSimpleApplication@3fa16604
----------------- Done invoking toplevel() on ptolemy.moml.MoMLSimpleApplication@3fa16604
reloadAllAccessors: .CausalityInterface1

===========================================================================================
----------------- testing Fri Sep 04 15:38:51 UTC 2020 /home/travis/build/icyphy/ptII/ptolemy/domains/de/test/auto/CausalityInterface15.xml
----------------- Instantiating /home/travis/build/icyphy/ptII/ptolemy/domains/de/test/auto/CausalityInterface15.xml
2 ms. Memory: 51200K Free: 19295K (38%)
----------------- Invoking toplevel() on ptolemy.moml.MoMLSimpleApplication@437dee55
----------------- Done invoking toplevel() on ptolemy.moml.MoMLSimpleApplication@437dee55
reloadAllAccessors: .CausalityInterface15

===========================================================================================
----------------- testing Fri Sep 04 15:38:51 UTC 2020 /home/travis/build/icyphy/ptII/ptolemy/domains/de/test/auto/CausalityInterface2.xml
----------------- Instantiating /home/travis/build/icyphy/ptII/ptolemy/domains/de/test/auto/CausalityInterface2.xml
2 ms. Memory: 51200K Free: 14760K (29%)
[...]
	at ptolemy.actor.Manager.run(Manager.java:1263)
	at ptolemy.actor.Manager$PtolemyRunThread.run(Manager.java:1933)
java.lang.RuntimeException: Execution failed
	at ptolemy.moml.MoMLSimpleApplication$UnloadThread.run(MoMLSimpleApplication.java:402)
Caused by: ptolemy.kernel.util.IllegalActionException: Actor is not ready to fire.  Perhaps UpSample.prefire() returned false? Try debugging the actor by selecting "Listen to Actor".  Also, for SDF check moml for tokenConsumptionRate on input.
  in .DESDFClockTest.Play Bell.Copy1:SDF Director and .DESDFClockTest.Play Bell.UpSample
	at ptolemy.actor.sched.StaticSchedulingDirector.fire(StaticSchedulingDirector.java:227)
	at ptolemy.domains.sdf.kernel.SDFDirector.fire(SDFDirector.java:500)
	at ptolemy.actor.CompositeActor.fire(CompositeActor.java:455)
	at ptolemy.domains.de.kernel.DEDirector._fire(DEDirector.java:1949)
	at ptolemy.domains.de.kernel.DEDirector.fire(DEDirector.java:502)
	at ptolemy.actor.CompositeActor.fire(CompositeActor.java:455)
	at ptolemy.actor.Manager.iterate(Manager.java:851)
	at ptolemy.actor.Manager.execute(Manager.java:369)
	at ptolemy.actor.Manager.run(Manager.java:1263)
	at ptolemy.actor.Manager$PtolemyRunThread.run(Manager.java:1933)
java.lang.reflect.InvocationTargetException
	at java.base/jdk.internal.reflect.NativeConstructorAccessorImpl.newInstance0(Native Method)
	at java.base/jdk.internal.reflect.NativeConstructorAccessorImpl.newInstance(NativeConstructorAccessorImpl.java:62)
	at java.base/jdk.internal.reflect.DelegatingConstructorAccessorImpl.newInstance(DelegatingConstructorAccessorImpl.java:45)
	at java.base/java.lang.reflect.Constructor.newInstance(Constructor.java:490)
	at ptolemy.util.test.junit.AutoKnownFailedTests.RunModel(AutoKnownFailedTests.java:105)
	at java.base/jdk.internal.reflect.NativeMethodAccessorImpl.invoke0(Native Method)
	at java.base/jdk.internal.reflect.NativeMethodAccessorImpl.invoke(NativeMethodAccessorImpl.java:62)
	at java.base/jdk.internal.reflect.DelegatingMethodAccessorImpl.invoke(DelegatingMethodAccessorImpl.java:43)
	at java.base/java.lang.reflect.Method.invoke(Method.java:566)
	at org.junit.runners.model.FrameworkMethod$1.runReflectiveCall(FrameworkMethod.java:44)
	at org.junit.internal.runners.model.ReflectiveCallable.run(ReflectiveCallable.java:15)
	at org.junit.runners.model.FrameworkMethod.invokeExplosively(FrameworkMethod.java:41)
	at junitparams.internal.InvokeParameterisedMethod.evaluate(InvokeParameterisedMethod.java:102)
	at org.junit.internal.runners.statements.FailOnTimeout$1.run(FailOnTimeout.java:28)
Caused by: ptolemy.kernel.util.IllegalActionException: Actor is not ready to fire.  Perhaps UpSample.prefire() returned false? Try debugging the actor by selecting "Listen to Actor".  Also, for SDF check moml for tokenConsumptionRate on input.
  in .DESDFClockTest.Play Bell.Copy1:SDF Director and .DESDFClockTest.Play Bell.UpSample
	at ptolemy.actor.sched.StaticSchedulingDirector.fire(StaticSchedulingDirector.java:227)
	at ptolemy.domains.sdf.kernel.SDFDirector.fire(SDFDirector.java:500)
	at ptolemy.actor.CompositeActor.fire(CompositeActor.java:455)
	at ptolemy.domains.de.kernel.DEDirector._fire(DEDirector.java:1949)
	at ptolemy.domains.de.kernel.DEDirector.fire(DEDirector.java:502)
	at ptolemy.actor.CompositeActor.fire(CompositeActor.java:455)
	at ptolemy.actor.Manager.iterate(Manager.java:851)
	at ptolemy.actor.Manager.execute(Manager.java:369)
	at ptolemy.actor.Manager.run(Manager.java:1263)
	at ptolemy.actor.Manager$PtolemyRunThread.run(Manager.java:1933)
java.lang.RuntimeException: Execution failed
	at ptolemy.moml.MoMLSimpleApplication$UnloadThread.run(MoMLSimpleApplication.java:402)
Caused by: ptolemy.kernel.util.IllegalActionException: Test fails in iteration 1.
Value was: 1.0. Should have been: 2.0
  in .DirectFeedback.Test
	at ptolemy.actor.lib.Test.fire(Test.java:268)
	at ptolemy.domains.de.kernel.DEDirector._fire(DEDirector.java:1949)
	at ptolemy.domains.de.kernel.DEDirector.fire(DEDirector.java:502)
	at ptolemy.actor.CompositeActor.fire(CompositeActor.java:455)
	at ptolemy.actor.Manager.iterate(Manager.java:851)
	at ptolemy.actor.Manager.execute(Manager.java:369)
	at ptolemy.actor.Manager.run(Manager.java:1263)
	at ptolemy.actor.Manager$PtolemyRunThread.run(Manager.java:1933)
java.lang.reflect.InvocationTargetException
	at java.base/jdk.internal.reflect.NativeConstructorAccessorImpl.newInstance0(Native Method)
	at java.base/jdk.internal.reflect.NativeConstructorAccessorImpl.newInstance(NativeConstructorAccessorImpl.java:62)
	at java.base/jdk.internal.reflect.DelegatingConstructorAccessorImpl.newInstance(DelegatingConstructorAccessorImpl.java:45)
	at java.base/java.lang.reflect.Constructor.newInstance(Constructor.java:490)
	at ptolemy.util.test.junit.AutoKnownFailedTests.RunModel(AutoKnownFailedTests.java:105)
	at java.base/jdk.internal.reflect.NativeMethodAccessorImpl.invoke0(Native Method)
	at java.base/jdk.internal.reflect.NativeMethodAccessorImpl.invoke(NativeMethodAccessorImpl.java:62)
	at java.base/jdk.internal.reflect.DelegatingMethodAccessorImpl.invoke(DelegatingMethodAccessorImpl.java:43)
	at java.base/java.lang.reflect.Method.invoke(Method.java:566)
	at org.junit.runners.model.FrameworkMethod$1.runReflectiveCall(FrameworkMethod.java:44)
	at org.junit.internal.runners.model.ReflectiveCallable.run(ReflectiveCallable.java:15)
	at org.junit.runners.model.FrameworkMethod.invokeExplosively(FrameworkMethod.java:41)
	at junitparams.internal.InvokeParameterisedMethod.evaluate(InvokeParameterisedMethod.java:102)
	at org.junit.internal.runners.statements.FailOnTimeout$1.run(FailOnTimeout.java:28)
Caused by: ptolemy.kernel.util.IllegalActionException: Test fails in iteration 1.
Value was: 1.0. Should have been: 2.0
  in .DirectFeedback.Test
	at ptolemy.actor.lib.Test.fire(Test.java:268)
	at ptolemy.domains.de.kernel.DEDirector._fire(DEDirector.java:1949)
	at ptolemy.domains.de.kernel.DEDirector.fire(DEDirector.java:502)
	at ptolemy.actor.CompositeActor.fire(CompositeActor.java:455)
	at ptolemy.actor.Manager.iterate(Manager.java:851)
	at ptolemy.actor.Manager.execute(Manager.java:369)
	at ptolemy.actor.Manager.run(Manager.java:1263)
	at ptolemy.actor.Manager$PtolemyRunThread.run(Manager.java:1933)
java.lang.RuntimeException: Execution failed
	at ptolemy.moml.MoMLSimpleApplication$UnloadThread.run(MoMLSimpleApplication.java:402)
Caused by: ptolemy.kernel.util.IllegalActionException: Found a zero delay loop containing .HierarchicalModel.A
  in .HierarchicalModel and .HierarchicalModel.A
	at ptolemy.actor.util.CausalityInterfaceForComposites._computeOutputPortDepth(CausalityInterfaceForComposites.java:759)
	at ptolemy.actor.util.CausalityInterfaceForComposites._computeInputDepth(CausalityInterfaceForComposites.java:696)
	at ptolemy.actor.util.CausalityInterfaceForComposites._computeOutputPortDepth(CausalityInterfaceForComposites.java:765)
	at ptolemy.actor.util.CausalityInterfaceForComposites._computeInputDepth(CausalityInterfaceForComposites.java:696)
	at ptolemy.actor.util.CausalityInterfaceForComposites._computeOutputPortDepth(CausalityInterfaceForComposites.java:765)
	at ptolemy.actor.util.CausalityInterfaceForComposites._computeInputDepth(CausalityInterfaceForComposites.java:696)
	at ptolemy.actor.util.CausalityInterfaceForComposites._computeActorDepth(CausalityInterfaceForComposites.java:532)
	at ptolemy.actor.util.CausalityInterfaceForComposites.checkForCycles(CausalityInterfaceForComposites.java:96)
	at ptolemy.domains.de.kernel.DEDirector.preinitialize(DEDirector.java:1338)
	at ptolemy.actor.CompositeActor.preinitialize(CompositeActor.java:1828)
	at ptolemy.actor.Manager.preinitializeAndResolveTypes(Manager.java:1040)
	at ptolemy.actor.Manager.initialize(Manager.java:710)
	at ptolemy.actor.Manager.execute(Manager.java:356)
	at ptolemy.actor.Manager.run(Manager.java:1263)
	at ptolemy.actor.Manager$PtolemyRunThread.run(Manager.java:1933)
java.lang.reflect.InvocationTargetException
	at java.base/jdk.internal.reflect.NativeConstructorAccessorImpl.newInstance0(Native Method)
	at java.base/jdk.internal.reflect.NativeConstructorAccessorImpl.newInstance(NativeConstructorAccessorImpl.java:62)
	at java.base/jdk.internal.reflect.DelegatingConstructorAccessorImpl.newInstance(DelegatingConstructorAccessorImpl.java:45)
	at java.base/java.lang.reflect.Constructor.newInstance(Constructor.java:490)
	at ptolemy.util.test.junit.AutoKnownFailedTests.RunModel(AutoKnownFailedTests.java:105)
	at java.base/jdk.internal.reflect.NativeMethodAccessorImpl.invoke0(Native Method)
	at java.base/jdk.internal.reflect.NativeMethodAccessorImpl.invoke(NativeMethodAccessorImpl.java:62)
	at java.base/jdk.internal.reflect.DelegatingMethodAccessorImpl.invoke(DelegatingMethodAccessorImpl.java:43)
	at java.base/java.lang.reflect.Method.invoke(Method.java:566)
	at org.junit.runners.model.FrameworkMethod$1.runReflectiveCall(FrameworkMethod.java:44)
	at org.junit.internal.runners.model.ReflectiveCallable.run(ReflectiveCallable.java:15)
	at org.junit.runners.model.FrameworkMethod.invokeExplosively(FrameworkMethod.java:41)
	at junitparams.internal.InvokeParameterisedMethod.evaluate(InvokeParameterisedMethod.java:102)
	at org.junit.internal.runners.statements.FailOnTimeout$1.run(FailOnTimeout.java:28)
Caused by: ptolemy.kernel.util.IllegalActionException: Found a zero delay loop containing .HierarchicalModel.A
  in .HierarchicalModel and .HierarchicalModel.A
	at ptolemy.actor.util.CausalityInterfaceForComposites._computeOutputPortDepth(CausalityInterfaceForComposites.java:759)
	at ptolemy.actor.util.CausalityInterfaceForComposites._computeInputDepth(CausalityInterfaceForComposites.java:696)
	at ptolemy.actor.util.CausalityInterfaceForComposites._computeOutputPortDepth(CausalityInterfaceForComposites.java:765)
	at ptolemy.actor.util.CausalityInterfaceForComposites._computeInputDepth(CausalityInterfaceForComposites.java:696)
	at ptolemy.actor.util.CausalityInterfaceForComposites._computeOutputPortDepth(CausalityInterfaceForComposites.java:765)
	at ptolemy.actor.util.CausalityInterfaceForComposites._computeInputDepth(CausalityInterfaceForComposites.java:696)
	at ptolemy.actor.util.CausalityInterfaceForComposites._computeActorDepth(CausalityInterfaceForComposites.java:532)
	at ptolemy.actor.util.CausalityInterfaceForComposites.checkForCycles(CausalityInterfaceForComposites.java:96)
	at ptolemy.domains.de.kernel.DEDirector.preinitialize(DEDirector.java:1338)
	at ptolemy.actor.CompositeActor.preinitialize(CompositeActor.java:1828)
	at ptolemy.actor.Manager.preinitializeAndResolveTypes(Manager.java:1040)
	at ptolemy.actor.Manager.initialize(Manager.java:710)
	at ptolemy.actor.Manager.execute(Manager.java:356)
	at ptolemy.actor.Manager.run(Manager.java:1263)
	at ptolemy.actor.Manager$PtolemyRunThread.run(Manager.java:1933)
java.lang.RuntimeException: Execution failed
	at ptolemy.moml.MoMLSimpleApplication$UnloadThread.run(MoMLSimpleApplication.java:402)
Caused by: ptolemy.kernel.util.IllegalActionException: Found a zero delay loop containing .dependencyLoop.original
  in .dependencyLoop and .dependencyLoop.original
	at ptolemy.actor.util.CausalityInterfaceForComposites._computeOutputPortDepth(CausalityInterfaceForComposites.java:759)
	at ptolemy.actor.util.CausalityInterfaceForComposites._computeInputDepth(CausalityInterfaceForComposites.java:696)
	at ptolemy.actor.util.CausalityInterfaceForComposites._computeOutputPortDepth(CausalityInterfaceForComposites.java:765)
	at ptolemy.actor.util.CausalityInterfaceForComposites._computeInputDepth(CausalityInterfaceForComposites.java:696)
	at ptolemy.actor.util.CausalityInterfaceForComposites._computeOutputPortDepth(CausalityInterfaceForComposites.java:765)
	at ptolemy.actor.util.CausalityInterfaceForComposites._computeInputDepth(CausalityInterfaceForComposites.java:696)
	at ptolemy.actor.util.CausalityInterfaceForComposites._computeActorDepth(CausalityInterfaceForComposites.java:532)
	at ptolemy.actor.util.CausalityInterfaceForComposites.checkForCycles(CausalityInterfaceForComposites.java:96)
	at ptolemy.domains.de.kernel.DEDirector.preinitialize(DEDirector.java:1338)
	at ptolemy.actor.CompositeActor.preinitialize(CompositeActor.java:1828)
	at ptolemy.actor.Manager.preinitializeAndResolveTypes(Manager.java:1040)
	at ptolemy.actor.Manager.initialize(Manager.java:710)
	at ptolemy.actor.Manager.execute(Manager.java:356)
	at ptolemy.actor.Manager.run(Manager.java:1263)
	at ptolemy.actor.Manager$PtolemyRunThread.run(Manager.java:1933)
java.lang.reflect.InvocationTargetException
	at java.base/jdk.internal.reflect.NativeConstructorAccessorImpl.newInstance0(Native Method)
	at java.base/jdk.internal.reflect.NativeConstructorAccessorImpl.newInstance(NativeConstructorAccessorImpl.java:62)
	at java.base/jdk.internal.reflect.DelegatingConstructorAccessorImpl.newInstance(DelegatingConstructorAccessorImpl.java:45)
	at java.base/java.lang.reflect.Constructor.newInstance(Constructor.java:490)
	at ptolemy.util.test.junit.AutoKnownFailedTests.RunModel(AutoKnownFailedTests.java:105)
	at java.base/jdk.internal.reflect.NativeMethodAccessorImpl.invoke0(Native Method)
	at java.base/jdk.internal.reflect.NativeMethodAccessorImpl.invoke(NativeMethodAccessorImpl.java:62)
	at java.base/jdk.internal.reflect.DelegatingMethodAccessorImpl.invoke(DelegatingMethodAccessorImpl.java:43)
	at java.base/java.lang.reflect.Method.invoke(Method.java:566)
	at org.junit.runners.model.FrameworkMethod$1.runReflectiveCall(FrameworkMethod.java:44)
	at org.junit.internal.runners.model.ReflectiveCallable.run(ReflectiveCallable.java:15)
	at org.junit.runners.model.FrameworkMethod.invokeExplosively(FrameworkMethod.java:41)
	at junitparams.internal.InvokeParameterisedMethod.evaluate(InvokeParameterisedMethod.java:102)
	at org.junit.internal.runners.statements.FailOnTimeout$1.run(FailOnTimeout.java:28)
Caused by: ptolemy.kernel.util.IllegalActionException: Found a zero delay loop containing .dependencyLoop.original
  in .dependencyLoop and .dependencyLoop.original
	at ptolemy.actor.util.CausalityInterfaceForComposites._computeOutputPortDepth(CausalityInterfaceForComposites.java:759)
	at ptolemy.actor.util.CausalityInterfaceForComposites._computeInputDepth(CausalityInterfaceForComposites.java:696)
	at ptolemy.actor.util.CausalityInterfaceForComposites._computeOutputPortDepth(CausalityInterfaceForComposites.java:765)
	at ptolemy.actor.util.CausalityInterfaceForComposites._computeInputDepth(CausalityInterfaceForComposites.java:696)
	at ptolemy.actor.util.CausalityInterfaceForComposites._computeOutputPortDepth(CausalityInterfaceForComposites.java:765)
	at ptolemy.actor.util.CausalityInterfaceForComposites._computeInputDepth(CausalityInterfaceForComposites.java:696)
	at ptolemy.actor.util.CausalityInterfaceForComposites._computeActorDepth(CausalityInterfaceForComposites.java:532)
	at ptolemy.actor.util.CausalityInterfaceForComposites.checkForCycles(CausalityInterfaceForComposites.java:96)
	at ptolemy.domains.de.kernel.DEDirector.preinitialize(DEDirector.java:1338)
	at ptolemy.actor.CompositeActor.preinitialize(CompositeActor.java:1828)
	at ptolemy.actor.Manager.preinitializeAndResolveTypes(Manager.java:1040)
	at ptolemy.actor.Manager.initialize(Manager.java:710)
	at ptolemy.actor.Manager.execute(Manager.java:356)
	at ptolemy.actor.Manager.run(Manager.java:1263)
	at ptolemy.actor.Manager$PtolemyRunThread.run(Manager.java:1933)
java.lang.RuntimeException: Execution failed
	at ptolemy.moml.MoMLSimpleApplication$UnloadThread.run(MoMLSimpleApplication.java:402)
Caused by: ptolemy.kernel.util.IllegalActionException: Found a zero delay loop containing .dependencyLoop2.original
  in .dependencyLoop2 and .dependencyLoop2.original
	at ptolemy.actor.util.CausalityInterfaceForComposites._computeOutputPortDepth(CausalityInterfaceForComposites.java:759)
	at ptolemy.actor.util.CausalityInterfaceForComposites._computeInputDepth(CausalityInterfaceForComposites.java:696)
	at ptolemy.actor.util.CausalityInterfaceForComposites._computeOutputPortDepth(CausalityInterfaceForComposites.java:765)
	at ptolemy.actor.util.CausalityInterfaceForComposites._computeInputDepth(CausalityInterfaceForComposites.java:696)
	at ptolemy.actor.util.CausalityInterfaceForComposites._computeOutputPortDepth(CausalityInterfaceForComposites.java:765)
	at ptolemy.actor.util.CausalityInterfaceForComposites._computeInputDepth(CausalityInterfaceForComposites.java:696)
	at ptolemy.actor.util.CausalityInterfaceForComposites._computeActorDepth(CausalityInterfaceForComposites.java:532)
	at ptolemy.actor.util.CausalityInterfaceForComposites.checkForCycles(CausalityInterfaceForComposites.java:96)
	at ptolemy.domains.de.kernel.DEDirector.preinitialize(DEDirector.java:1338)
	at ptolemy.actor.CompositeActor.preinitialize(CompositeActor.java:1828)
	at ptolemy.actor.Manager.preinitializeAndResolveTypes(Manager.java:1040)
	at ptolemy.actor.Manager.initialize(Manager.java:710)
	at ptolemy.actor.Manager.execute(Manager.java:356)
	at ptolemy.actor.Manager.run(Manager.java:1263)
	at ptolemy.actor.Manager$PtolemyRunThread.run(Manager.java:1933)
java.lang.reflect.InvocationTargetException
	at java.base/jdk.internal.reflect.NativeConstructorAccessorImpl.newInstance0(Native Method)
	at java.base/jdk.internal.reflect.NativeConstructorAccessorImpl.newInstance(NativeConstructorAccessorImpl.java:62)
	at java.base/jdk.internal.reflect.DelegatingConstructorAccessorImpl.newInstance(DelegatingConstructorAccessorImpl.java:45)
	at java.base/java.lang.reflect.Constructor.newInstance(Constructor.java:490)
	at ptolemy.util.test.junit.AutoKnownFailedTests.RunModel(AutoKnownFailedTests.java:105)
	at java.base/jdk.internal.reflect.NativeMethodAccessorImpl.invoke0(Native Method)
	at java.base/jdk.internal.reflect.NativeMethodAccessorImpl.invoke(NativeMethodAccessorImpl.java:62)
	at java.base/jdk.internal.reflect.DelegatingMethodAccessorImpl.invoke(DelegatingMethodAccessorImpl.java:43)
	at java.base/java.lang.reflect.Method.invoke(Method.java:566)
	at org.junit.runners.model.FrameworkMethod$1.runReflectiveCall(FrameworkMethod.java:44)
	at org.junit.internal.runners.model.ReflectiveCallable.run(ReflectiveCallable.java:15)
	at org.junit.runners.model.FrameworkMethod.invokeExplosively(FrameworkMethod.java:41)
	at junitparams.internal.InvokeParameterisedMethod.evaluate(InvokeParameterisedMethod.java:102)
	at org.junit.internal.runners.statements.FailOnTimeout$1.run(FailOnTimeout.java:28)
Caused by: ptolemy.kernel.util.IllegalActionException: Found a zero delay loop containing .dependencyLoop2.original
  in .dependencyLoop2 and .dependencyLoop2.original
	at ptolemy.actor.util.CausalityInterfaceForComposites._computeOutputPortDepth(CausalityInterfaceForComposites.java:759)
	at ptolemy.actor.util.CausalityInterfaceForComposites._computeInputDepth(CausalityInterfaceForComposites.java:696)
	at ptolemy.actor.util.CausalityInterfaceForComposites._computeOutputPortDepth(CausalityInterfaceForComposites.java:765)
	at ptolemy.actor.util.CausalityInterfaceForComposites._computeInputDepth(CausalityInterfaceForComposites.java:696)
	at ptolemy.actor.util.CausalityInterfaceForComposites._computeOutputPortDepth(CausalityInterfaceForComposites.java:765)
	at ptolemy.actor.util.CausalityInterfaceForComposites._computeInputDepth(CausalityInterfaceForComposites.java:696)
	at ptolemy.actor.util.CausalityInterfaceForComposites._computeActorDepth(CausalityInterfaceForComposites.java:532)
	at ptolemy.actor.util.CausalityInterfaceForComposites.checkForCycles(CausalityInterfaceForComposites.java:96)
	at ptolemy.domains.de.kernel.DEDirector.preinitialize(DEDirector.java:1338)
	at ptolemy.actor.CompositeActor.preinitialize(CompositeActor.java:1828)
	at ptolemy.actor.Manager.preinitializeAndResolveTypes(Manager.java:1040)
	at ptolemy.actor.Manager.initialize(Manager.java:710)
	at ptolemy.actor.Manager.execute(Manager.java:356)
	at ptolemy.actor.Manager.run(Manager.java:1263)
	at ptolemy.actor.Manager$PtolemyRunThread.run(Manager.java:1933)
]]></system-err>
</testsuite>
