<?xml version="1.0" encoding="UTF-8" ?>
<testsuite errors="0" failures="0" hostname="travis-job-99dd9717-ee07-46ba-a890-5eb848467cb7" name="ptolemy.domains.continuous.test.junit.JUnitTclTest" skipped="0" tests="155" time="68.861" timestamp="2018-07-23T01:43:40">
  <properties>
[...]
</properties>
  <testcase classname="ptolemy.util.test.junit.TclTests" name="[0] ThereAreNoTclTests (RunTclFile)" time="0.001" />
  <testcase classname="ptolemy.util.test.junit.AutoKnownFailedTests" name="[0] ThereAreNoKnowFailedTests (RunModel)" time="0.001" />
  <testcase classname="ptolemy.util.test.junit.AutoNameArchTests" name="[0] ThereAreNoAutoArchTests (RunModel)" time="0.0" />
  <testcase classname="ptolemy.util.test.junit.AutoTests" name="[0] /home/travis/build/icyphy/ptII/ptolemy/domains/continuous/test/auto/BouncingBall.xml (RunModel)" time="2.667" />
  <testcase classname="ptolemy.util.test.junit.AutoTests" name="[1] /home/travis/build/icyphy/ptII/ptolemy/domains/continuous/test/auto/BouncingBallWithoutGR.xml (RunModel)" time="0.892" />
  <testcase classname="ptolemy.util.test.junit.AutoTests" name="[2] /home/travis/build/icyphy/ptII/ptolemy/domains/continuous/test/auto/Brownian.xml (RunModel)" time="0.111" />
  <testcase classname="ptolemy.util.test.junit.AutoTests" name="[3] /home/travis/build/icyphy/ptII/ptolemy/domains/continuous/test/auto/CarTracking.xml (RunModel)" time="3.618" />
  <testcase classname="ptolemy.util.test.junit.AutoTests" name="[4] /home/travis/build/icyphy/ptII/ptolemy/domains/continuous/test/auto/CartPendulum.xml (RunModel)" time="0.549" />
  <testcase classname="ptolemy.util.test.junit.AutoTests" name="[5] /home/travis/build/icyphy/ptII/ptolemy/domains/continuous/test/auto/CausalityInterface10.xml (RunModel)" time="0.055" />
  <testcase classname="ptolemy.util.test.junit.AutoTests" name="[6] /home/travis/build/icyphy/ptII/ptolemy/domains/continuous/test/auto/CausalityInterface11.xml (RunModel)" time="0.032" />
  <testcase classname="ptolemy.util.test.junit.AutoTests" name="[7] /home/travis/build/icyphy/ptII/ptolemy/domains/continuous/test/auto/CausalityInterface12.xml (RunModel)" time="0.041" />
  <testcase classname="ptolemy.util.test.junit.AutoTests" name="[8] /home/travis/build/icyphy/ptII/ptolemy/domains/continuous/test/auto/CausalityInterface13.xml (RunModel)" time="0.043" />
  <testcase classname="ptolemy.util.test.junit.AutoTests" name="[9] /home/travis/build/icyphy/ptII/ptolemy/domains/continuous/test/auto/CausalityInterface14.xml (RunModel)" time="0.033" />
  <testcase classname="ptolemy.util.test.junit.AutoTests" name="[10] /home/travis/build/icyphy/ptII/ptolemy/domains/continuous/test/auto/CausalityInterface4.xml (RunModel)" time="0.035" />
  <testcase classname="ptolemy.util.test.junit.AutoTests" name="[11] /home/travis/build/icyphy/ptII/ptolemy/domains/continuous/test/auto/CausalityInterface5.xml (RunModel)" time="0.039" />
  <testcase classname="ptolemy.util.test.junit.AutoTests" name="[12] /home/travis/build/icyphy/ptII/ptolemy/domains/continuous/test/auto/CausalityInterface6.xml (RunModel)" time="0.033" />
  <testcase classname="ptolemy.util.test.junit.AutoTests" name="[13] /home/travis/build/icyphy/ptII/ptolemy/domains/continuous/test/auto/CausalityInterface7.xml (RunModel)" time="0.045" />
  <testcase classname="ptolemy.util.test.junit.AutoTests" name="[14] /home/travis/build/icyphy/ptII/ptolemy/domains/continuous/test/auto/CausalityInterface8.xml (RunModel)" time="0.036" />
  <testcase classname="ptolemy.util.test.junit.AutoTests" name="[15] /home/travis/build/icyphy/ptII/ptolemy/domains/continuous/test/auto/CausalityInterface9.xml (RunModel)" time="0.044" />
  <testcase classname="ptolemy.util.test.junit.AutoTests" name="[16] /home/travis/build/icyphy/ptII/ptolemy/domains/continuous/test/auto/CausalityInterfaceFeedback1.xml (RunModel)" time="0.032" />
  <testcase classname="ptolemy.util.test.junit.AutoTests" name="[17] /home/travis/build/icyphy/ptII/ptolemy/domains/continuous/test/auto/CausalityInterfaceFeedback2.xml (RunModel)" time="0.036" />
  <testcase classname="ptolemy.util.test.junit.AutoTests" name="[18] /home/travis/build/icyphy/ptII/ptolemy/domains/continuous/test/auto/CompareWithCurrentTime.xml (RunModel)" time="0.029" />
  <testcase classname="ptolemy.util.test.junit.AutoTests" name="[19] /home/travis/build/icyphy/ptII/ptolemy/domains/continuous/test/auto/ComparedClocks.xml (RunModel)" time="0.07" />
  <testcase classname="ptolemy.util.test.junit.AutoTests" name="[20] /home/travis/build/icyphy/ptII/ptolemy/domains/continuous/test/auto/ContinuousAOCClone.xml (RunModel)" time="2.725" />
  <testcase classname="ptolemy.util.test.junit.AutoTests" name="[21] /home/travis/build/icyphy/ptII/ptolemy/domains/continuous/test/auto/ContinuousClock.xml (RunModel)" time="0.103" />
  <testcase classname="ptolemy.util.test.junit.AutoTests" name="[22] /home/travis/build/icyphy/ptII/ptolemy/domains/continuous/test/auto/ContinuousInContinuous.xml (RunModel)" time="0.094" />
  <testcase classname="ptolemy.util.test.junit.AutoTests" name="[23] /home/travis/build/icyphy/ptII/ptolemy/domains/continuous/test/auto/ContinuousInContinuousInContinuous.xml (RunModel)" time="0.033" />
  <testcase classname="ptolemy.util.test.junit.AutoTests" name="[24] /home/travis/build/icyphy/ptII/ptolemy/domains/continuous/test/auto/ContinuousInDE.xml (RunModel)" time="0.093" />
  <testcase classname="ptolemy.util.test.junit.AutoTests" name="[25] /home/travis/build/icyphy/ptII/ptolemy/domains/continuous/test/auto/ContinuousInDE2.xml (RunModel)" time="0.081" />
  <testcase classname="ptolemy.util.test.junit.AutoTests" name="[26] /home/travis/build/icyphy/ptII/ptolemy/domains/continuous/test/auto/ContinuousInDE3.xml (RunModel)" time="0.055" />
  <testcase classname="ptolemy.util.test.junit.AutoTests" name="[27] /home/travis/build/icyphy/ptII/ptolemy/domains/continuous/test/auto/ContinuousInDE4.xml (RunModel)" time="0.03" />
  <testcase classname="ptolemy.util.test.junit.AutoTests" name="[28] /home/travis/build/icyphy/ptII/ptolemy/domains/continuous/test/auto/ContinuousInDEDifferentRefinements.xml (RunModel)" time="0.123" />
  <testcase classname="ptolemy.util.test.junit.AutoTests" name="[29] /home/travis/build/icyphy/ptII/ptolemy/domains/continuous/test/auto/ContinuousInDEDifferentRefinementsPreemptive.xml (RunModel)" time="0.077" />
  <testcase classname="ptolemy.util.test.junit.AutoTests" name="[30] /home/travis/build/icyphy/ptII/ptolemy/domains/continuous/test/auto/ContinuousInDEInContinuous2.xml (RunModel)" time="0.067" />
  <testcase classname="ptolemy.util.test.junit.AutoTests" name="[31] /home/travis/build/icyphy/ptII/ptolemy/domains/continuous/test/auto/ContinuousInDEInContinuous3.xml (RunModel)" time="0.073" />
  <testcase classname="ptolemy.util.test.junit.AutoTests" name="[32] /home/travis/build/icyphy/ptII/ptolemy/domains/continuous/test/auto/ContinuousInDEInput.xml (RunModel)" time="0.041" />
  <testcase classname="ptolemy.util.test.junit.AutoTests" name="[33] /home/travis/build/icyphy/ptII/ptolemy/domains/continuous/test/auto/ContinuousInDEInput2.xml (RunModel)" time="0.041" />
  <testcase classname="ptolemy.util.test.junit.AutoTests" name="[34] /home/travis/build/icyphy/ptII/ptolemy/domains/continuous/test/auto/ContinuousInDEInput3.xml (RunModel)" time="0.031" />
  <testcase classname="ptolemy.util.test.junit.AutoTests" name="[35] /home/travis/build/icyphy/ptII/ptolemy/domains/continuous/test/auto/ContinuousInDESharingRefinement.xml (RunModel)" time="0.17" />
  <testcase classname="ptolemy.util.test.junit.AutoTests" name="[36] /home/travis/build/icyphy/ptII/ptolemy/domains/continuous/test/auto/ContinuousInDEwithNoPorts.xml (RunModel)" time="0.024" />
  <testcase classname="ptolemy.util.test.junit.AutoTests" name="[37] /home/travis/build/icyphy/ptII/ptolemy/domains/continuous/test/auto/ContinuousInsideDE.xml (RunModel)" time="0.091" />
  <testcase classname="ptolemy.util.test.junit.AutoTests" name="[38] /home/travis/build/icyphy/ptII/ptolemy/domains/continuous/test/auto/ContinuousMerge1.xml (RunModel)" time="0.018" />
  <testcase classname="ptolemy.util.test.junit.AutoTests" name="[39] /home/travis/build/icyphy/ptII/ptolemy/domains/continuous/test/auto/ContinuousMerge2.xml (RunModel)" time="0.043" />
  <testcase classname="ptolemy.util.test.junit.AutoTests" name="[40] /home/travis/build/icyphy/ptII/ptolemy/domains/continuous/test/auto/ContinuousMerge3.xml (RunModel)" time="0.07" />
  <testcase classname="ptolemy.util.test.junit.AutoTests" name="[41] /home/travis/build/icyphy/ptII/ptolemy/domains/continuous/test/auto/ContinuousWithinContinuous.xml (RunModel)" time="0.057" />
  <testcase classname="ptolemy.util.test.junit.AutoTests" name="[42] /home/travis/build/icyphy/ptII/ptolemy/domains/continuous/test/auto/ContinuousWithinContinuous2.xml (RunModel)" time="0.078" />
  <testcase classname="ptolemy.util.test.junit.AutoTests" name="[43] /home/travis/build/icyphy/ptII/ptolemy/domains/continuous/test/auto/ContinuousWithinContinuous3.xml (RunModel)" time="0.038" />
  <testcase classname="ptolemy.util.test.junit.AutoTests" name="[44] /home/travis/build/icyphy/ptII/ptolemy/domains/continuous/test/auto/ContinuousWithinContinuous4.xml (RunModel)" time="0.077" />
  <testcase classname="ptolemy.util.test.junit.AutoTests" name="[45] /home/travis/build/icyphy/ptII/ptolemy/domains/continuous/test/auto/ContinuousWithinContinuous5.xml (RunModel)" time="0.029" />
  <testcase classname="ptolemy.util.test.junit.AutoTests" name="[46] /home/travis/build/icyphy/ptII/ptolemy/domains/continuous/test/auto/ContinuousWithinContinuous6.xml (RunModel)" time="0.029" />
  <testcase classname="ptolemy.util.test.junit.AutoTests" name="[47] /home/travis/build/icyphy/ptII/ptolemy/domains/continuous/test/auto/ContinuousWithinContinuous7.xml (RunModel)" time="0.07" />
  <testcase classname="ptolemy.util.test.junit.AutoTests" name="[48] /home/travis/build/icyphy/ptII/ptolemy/domains/continuous/test/auto/DCMotor.xml (RunModel)" time="12.029" />
  <testcase classname="ptolemy.util.test.junit.AutoTests" name="[49] /home/travis/build/icyphy/ptII/ptolemy/domains/continuous/test/auto/DEInContinuous.xml (RunModel)" time="0.021" />
  <testcase classname="ptolemy.util.test.junit.AutoTests" name="[50] /home/travis/build/icyphy/ptII/ptolemy/domains/continuous/test/auto/DEinContinuous2.xml (RunModel)" time="0.036" />
  <testcase classname="ptolemy.util.test.junit.AutoTests" name="[51] /home/travis/build/icyphy/ptII/ptolemy/domains/continuous/test/auto/Derivative.xml (RunModel)" time="0.212" />
  <testcase classname="ptolemy.util.test.junit.AutoTests" name="[52] /home/travis/build/icyphy/ptII/ptolemy/domains/continuous/test/auto/Derivative1.xml (RunModel)" time="0.062" />
  <testcase classname="ptolemy.util.test.junit.AutoTests" name="[53] /home/travis/build/icyphy/ptII/ptolemy/domains/continuous/test/auto/DiscreteClock.xml (RunModel)" time="0.015" />
  <testcase classname="ptolemy.util.test.junit.AutoTests" name="[54] /home/travis/build/icyphy/ptII/ptolemy/domains/continuous/test/auto/EfficiencyCurve.xml (RunModel)" time="0.096" />
  <testcase classname="ptolemy.util.test.junit.AutoTests" name="[55] /home/travis/build/icyphy/ptII/ptolemy/domains/continuous/test/auto/ExponentialResponse.xml (RunModel)" time="0.105" />
  <testcase classname="ptolemy.util.test.junit.AutoTests" name="[56] /home/travis/build/icyphy/ptII/ptolemy/domains/continuous/test/auto/ExponentialResponseRK45.xml (RunModel)" time="0.035" />
  <testcase classname="ptolemy.util.test.junit.AutoTests" name="[57] /home/travis/build/icyphy/ptII/ptolemy/domains/continuous/test/auto/Friction.xml (RunModel)" time="1.342" />
  <testcase classname="ptolemy.util.test.junit.AutoTests" name="[58] /home/travis/build/icyphy/ptII/ptolemy/domains/continuous/test/auto/FurutaPendulum.xml (RunModel)" time="3.319" />
  <testcase classname="ptolemy.util.test.junit.AutoTests" name="[59] /home/travis/build/icyphy/ptII/ptolemy/domains/continuous/test/auto/HierarchicalExecution.xml (RunModel)" time="1.988" />
  <testcase classname="ptolemy.util.test.junit.AutoTests" name="[60] /home/travis/build/icyphy/ptII/ptolemy/domains/continuous/test/auto/HybridPlant.xml (RunModel)" time="0.494" />
  <testcase classname="ptolemy.util.test.junit.AutoTests" name="[61] /home/travis/build/icyphy/ptII/ptolemy/domains/continuous/test/auto/Hysteresis.xml (RunModel)" time="0.142" />
  <testcase classname="ptolemy.util.test.junit.AutoTests" name="[62] /home/travis/build/icyphy/ptII/ptolemy/domains/continuous/test/auto/HysteresisWithRandomDelay.xml (RunModel)" time="0.206" />
  <testcase classname="ptolemy.util.test.junit.AutoTests" name="[63] /home/travis/build/icyphy/ptII/ptolemy/domains/continuous/test/auto/HysteresisWithRandomLosses.xml (RunModel)" time="2.202" />
  <testcase classname="ptolemy.util.test.junit.AutoTests" name="[64] /home/travis/build/icyphy/ptII/ptolemy/domains/continuous/test/auto/ImmediateTransitions.xml (RunModel)" time="0.026" />
  <testcase classname="ptolemy.util.test.junit.AutoTests" name="[65] /home/travis/build/icyphy/ptII/ptolemy/domains/continuous/test/auto/ImpulseFeedback.xml (RunModel)" time="0.029" />
  <testcase classname="ptolemy.util.test.junit.AutoTests" name="[66] /home/travis/build/icyphy/ptII/ptolemy/domains/continuous/test/auto/ImpulseFeedback2.xml (RunModel)" time="0.024" />
  <testcase classname="ptolemy.util.test.junit.AutoTests" name="[67] /home/travis/build/icyphy/ptII/ptolemy/domains/continuous/test/auto/IncreasingRatePoisson.xml (RunModel)" time="0.655" />
  <testcase classname="ptolemy.util.test.junit.AutoTests" name="[68] /home/travis/build/icyphy/ptII/ptolemy/domains/continuous/test/auto/InitialStateFeedback.xml (RunModel)" time="0.012" />
  <testcase classname="ptolemy.util.test.junit.AutoTests" name="[69] /home/travis/build/icyphy/ptII/ptolemy/domains/continuous/test/auto/Integration.xml (RunModel)" time="0.013" />
  <testcase classname="ptolemy.util.test.junit.AutoTests" name="[70] /home/travis/build/icyphy/ptII/ptolemy/domains/continuous/test/auto/Integration2.xml (RunModel)" time="0.084" />
  <testcase classname="ptolemy.util.test.junit.AutoTests" name="[71] /home/travis/build/icyphy/ptII/ptolemy/domains/continuous/test/auto/Integration3.xml (RunModel)" time="0.012" />
  <testcase classname="ptolemy.util.test.junit.AutoTests" name="[72] /home/travis/build/icyphy/ptII/ptolemy/domains/continuous/test/auto/Integration5.xml (RunModel)" time="0.021" />
  <testcase classname="ptolemy.util.test.junit.AutoTests" name="[73] /home/travis/build/icyphy/ptII/ptolemy/domains/continuous/test/auto/IntegratorImpulse.xml (RunModel)" time="0.013" />
  <testcase classname="ptolemy.util.test.junit.AutoTests" name="[74] /home/travis/build/icyphy/ptII/ptolemy/domains/continuous/test/auto/IntegratorImpulse2.xml (RunModel)" time="0.01" />
  <testcase classname="ptolemy.util.test.junit.AutoTests" name="[75] /home/travis/build/icyphy/ptII/ptolemy/domains/continuous/test/auto/LevelCrossing1.xml (RunModel)" time="0.011" />
  <testcase classname="ptolemy.util.test.junit.AutoTests" name="[76] /home/travis/build/icyphy/ptII/ptolemy/domains/continuous/test/auto/LevelCrossing2.xml (RunModel)" time="0.01" />
  <testcase classname="ptolemy.util.test.junit.AutoTests" name="[77] /home/travis/build/icyphy/ptII/ptolemy/domains/continuous/test/auto/LevelCrossing3.xml (RunModel)" time="0.01" />
  <testcase classname="ptolemy.util.test.junit.AutoTests" name="[78] /home/travis/build/icyphy/ptII/ptolemy/domains/continuous/test/auto/LevelCrossing4.xml (RunModel)" time="0.011" />
  <testcase classname="ptolemy.util.test.junit.AutoTests" name="[79] /home/travis/build/icyphy/ptII/ptolemy/domains/continuous/test/auto/LevelCrossing5.xml (RunModel)" time="0.012" />
  <testcase classname="ptolemy.util.test.junit.AutoTests" name="[80] /home/travis/build/icyphy/ptII/ptolemy/domains/continuous/test/auto/LevelCrossing6.xml (RunModel)" time="0.011" />
  <testcase classname="ptolemy.util.test.junit.AutoTests" name="[81] /home/travis/build/icyphy/ptII/ptolemy/domains/continuous/test/auto/LevelCrossingDetector.xml (RunModel)" time="0.037" />
  <testcase classname="ptolemy.util.test.junit.AutoTests" name="[82] /home/travis/build/icyphy/ptII/ptolemy/domains/continuous/test/auto/LevelCrossingDetectorDetectingDirections.xml (RunModel)" time="0.085" />
  <testcase classname="ptolemy.util.test.junit.AutoTests" name="[83] /home/travis/build/icyphy/ptII/ptolemy/domains/continuous/test/auto/LevelCrossingDetectorDetectsGlitches.xml (RunModel)" time="0.056" />
  <testcase classname="ptolemy.util.test.junit.AutoTests" name="[84] /home/travis/build/icyphy/ptII/ptolemy/domains/continuous/test/auto/LevelCrossingNoInitialOuput.xml (RunModel)" time="0.014" />
  <testcase classname="ptolemy.util.test.junit.AutoTests" name="[85] /home/travis/build/icyphy/ptII/ptolemy/domains/continuous/test/auto/LinearStateSpaceExample.xml (RunModel)" time="0.038" />
  <testcase classname="ptolemy.util.test.junit.AutoTests" name="[86] /home/travis/build/icyphy/ptII/ptolemy/domains/continuous/test/auto/Lorenz.xml (RunModel)" time="3.998" />
  <testcase classname="ptolemy.util.test.junit.AutoTests" name="[87] /home/travis/build/icyphy/ptII/ptolemy/domains/continuous/test/auto/LorenzDifferentialSystem.xml (RunModel)" time="1.035" />
  <testcase classname="ptolemy.util.test.junit.AutoTests" name="[88] /home/travis/build/icyphy/ptII/ptolemy/domains/continuous/test/auto/LorenzDifferentialSystemWithInput.xml (RunModel)" time="1.371" />
  <testcase classname="ptolemy.util.test.junit.AutoTests" name="[89] /home/travis/build/icyphy/ptII/ptolemy/domains/continuous/test/auto/LorenzDifferentialSystemWithTime.xml (RunModel)" time="0.691" />
  <testcase classname="ptolemy.util.test.junit.AutoTests" name="[90] /home/travis/build/icyphy/ptII/ptolemy/domains/continuous/test/auto/Microsteps.xml (RunModel)" time="0.022" />
  <testcase classname="ptolemy.util.test.junit.AutoTests" name="[91] /home/travis/build/icyphy/ptII/ptolemy/domains/continuous/test/auto/Modal1.xml (RunModel)" time="0.053" />
  <testcase classname="ptolemy.util.test.junit.AutoTests" name="[92] /home/travis/build/icyphy/ptII/ptolemy/domains/continuous/test/auto/Modal2.xml (RunModel)" time="0.048" />
  <testcase classname="ptolemy.util.test.junit.AutoTests" name="[93] /home/travis/build/icyphy/ptII/ptolemy/domains/continuous/test/auto/ModalTransitionGuardWithReset.xml (RunModel)" time="0.024" />
  <testcase classname="ptolemy.util.test.junit.AutoTests" name="[94] /home/travis/build/icyphy/ptII/ptolemy/domains/continuous/test/auto/ModalTransitionGuardWithResetUsingPreemptiveTransition.xml (RunModel)" time="0.029" />
  <testcase classname="ptolemy.util.test.junit.AutoTests" name="[95] /home/travis/build/icyphy/ptII/ptolemy/domains/continuous/test/auto/ModalTransitionGuardWithResetUsingPreemptiveTransition2.xml (RunModel)" time="0.023" />
  <testcase classname="ptolemy.util.test.junit.AutoTests" name="[96] /home/travis/build/icyphy/ptII/ptolemy/domains/continuous/test/auto/ModalTransitionGuardWithResetUsingPreemptiveTransition3.xml (RunModel)" time="0.041" />
  <testcase classname="ptolemy.util.test.junit.AutoTests" name="[97] /home/travis/build/icyphy/ptII/ptolemy/domains/continuous/test/auto/NewtonsCradle.xml (RunModel)" time="0.7" />
  <testcase classname="ptolemy.util.test.junit.AutoTests" name="[98] /home/travis/build/icyphy/ptII/ptolemy/domains/continuous/test/auto/NewtonsCradleAnimated.xml (RunModel)" time="1.051" />
  <testcase classname="ptolemy.util.test.junit.AutoTests" name="[99] /home/travis/build/icyphy/ptII/ptolemy/domains/continuous/test/auto/NewtonsCradleComplicated.xml (RunModel)" time="0.822" />
  <testcase classname="ptolemy.util.test.junit.AutoTests" name="[100] /home/travis/build/icyphy/ptII/ptolemy/domains/continuous/test/auto/NewtonsCradleNondeterministic.xml (RunModel)" time="0.622" />
  <testcase classname="ptolemy.util.test.junit.AutoTests" name="[101] /home/travis/build/icyphy/ptII/ptolemy/domains/continuous/test/auto/NewtonsCradlePerfectlyInelastic1.xml (RunModel)" time="1.071" />
  <testcase classname="ptolemy.util.test.junit.AutoTests" name="[102] /home/travis/build/icyphy/ptII/ptolemy/domains/continuous/test/auto/Noise.xml (RunModel)" time="0.167" />
  <testcase classname="ptolemy.util.test.junit.AutoTests" name="[103] /home/travis/build/icyphy/ptII/ptolemy/domains/continuous/test/auto/NoiseSpectrum.xml (RunModel)" time="0.748" />
  <testcase classname="ptolemy.util.test.junit.AutoTests" name="[104] /home/travis/build/icyphy/ptII/ptolemy/domains/continuous/test/auto/ParameterizedNewtonsCradleAnimated.xml (RunModel)" time="0.359" />
  <testcase classname="ptolemy.util.test.junit.AutoTests" name="[105] /home/travis/build/icyphy/ptII/ptolemy/domains/continuous/test/auto/ParameterizedNewtonsCradleAnimatedNondeterministic.xml (RunModel)" time="1.154" />
  <testcase classname="ptolemy.util.test.junit.AutoTests" name="[106] /home/travis/build/icyphy/ptII/ptolemy/domains/continuous/test/auto/Pendulum3D.xml (RunModel)" time="0.182" />
  <testcase classname="ptolemy.util.test.junit.AutoTests" name="[107] /home/travis/build/icyphy/ptII/ptolemy/domains/continuous/test/auto/PeriodicSampler.xml (RunModel)" time="0.01" />
  <testcase classname="ptolemy.util.test.junit.AutoTests" name="[108] /home/travis/build/icyphy/ptII/ptolemy/domains/continuous/test/auto/PeriodicSampler1.xml (RunModel)" time="0.033" />
  <testcase classname="ptolemy.util.test.junit.AutoTests" name="[109] /home/travis/build/icyphy/ptII/ptolemy/domains/continuous/test/auto/PeriodicSampler2.xml (RunModel)" time="0.068" />
  <testcase classname="ptolemy.util.test.junit.AutoTests" name="[110] /home/travis/build/icyphy/ptII/ptolemy/domains/continuous/test/auto/Poisson.xml (RunModel)" time="0.45" />
  <testcase classname="ptolemy.util.test.junit.AutoTests" name="[111] /home/travis/build/icyphy/ptII/ptolemy/domains/continuous/test/auto/PoissonClock.xml (RunModel)" time="0.014" />
  <testcase classname="ptolemy.util.test.junit.AutoTests" name="[112] /home/travis/build/icyphy/ptII/ptolemy/domains/continuous/test/auto/PoissonClock2.xml (RunModel)" time="0.019" />
  <testcase classname="ptolemy.util.test.junit.AutoTests" name="[113] /home/travis/build/icyphy/ptII/ptolemy/domains/continuous/test/auto/PortParameterHierarchy.xml (RunModel)" time="0.021" />
  <testcase classname="ptolemy.util.test.junit.AutoTests" name="[114] /home/travis/build/icyphy/ptII/ptolemy/domains/continuous/test/auto/RandomHybridPlant.xml (RunModel)" time="0.501" />
  <testcase classname="ptolemy.util.test.junit.AutoTests" name="[115] /home/travis/build/icyphy/ptII/ptolemy/domains/continuous/test/auto/ResetTransitionWithStartTime1.xml (RunModel)" time="0.032" />
  <testcase classname="ptolemy.util.test.junit.AutoTests" name="[116] /home/travis/build/icyphy/ptII/ptolemy/domains/continuous/test/auto/ResetTransitionWithStartTime2.xml (RunModel)" time="0.037" />
  <testcase classname="ptolemy.util.test.junit.AutoTests" name="[117] /home/travis/build/icyphy/ptII/ptolemy/domains/continuous/test/auto/ResetTransitionWithStartTime3.xml (RunModel)" time="0.035" />
  <testcase classname="ptolemy.util.test.junit.AutoTests" name="[118] /home/travis/build/icyphy/ptII/ptolemy/domains/continuous/test/auto/ResetTransitionWithStartTime4.xml (RunModel)" time="0.022" />
  <testcase classname="ptolemy.util.test.junit.AutoTests" name="[119] /home/travis/build/icyphy/ptII/ptolemy/domains/continuous/test/auto/ResetTransitionWithStartTime5.xml (RunModel)" time="0.033" />
  <testcase classname="ptolemy.util.test.junit.AutoTests" name="[120] /home/travis/build/icyphy/ptII/ptolemy/domains/continuous/test/auto/ResetTransitionWithStartTime6.xml (RunModel)" time="0.024" />
  <testcase classname="ptolemy.util.test.junit.AutoTests" name="[121] /home/travis/build/icyphy/ptII/ptolemy/domains/continuous/test/auto/SRinContinuous.xml (RunModel)" time="0.028" />
  <testcase classname="ptolemy.util.test.junit.AutoTests" name="[122] /home/travis/build/icyphy/ptII/ptolemy/domains/continuous/test/auto/SampledClocks.xml (RunModel)" time="0.027" />
  <testcase classname="ptolemy.util.test.junit.AutoTests" name="[123] /home/travis/build/icyphy/ptII/ptolemy/domains/continuous/test/auto/Satellite.xml (RunModel)" time="0.838" />
  <testcase classname="ptolemy.util.test.junit.AutoTests" name="[124] /home/travis/build/icyphy/ptII/ptolemy/domains/continuous/test/auto/SigmaDelta.xml (RunModel)" time="2.113" />
  <testcase classname="ptolemy.util.test.junit.AutoTests" name="[125] /home/travis/build/icyphy/ptII/ptolemy/domains/continuous/test/auto/SinuBouncingBall.xml (RunModel)" time="0.745" />
  <testcase classname="ptolemy.util.test.junit.AutoTests" name="[126] /home/travis/build/icyphy/ptII/ptolemy/domains/continuous/test/auto/Sinusoid.xml (RunModel)" time="0.016" />
  <testcase classname="ptolemy.util.test.junit.AutoTests" name="[127] /home/travis/build/icyphy/ptII/ptolemy/domains/continuous/test/auto/SinusoidInNoise.xml (RunModel)" time="0.918" />
  <testcase classname="ptolemy.util.test.junit.AutoTests" name="[128] /home/travis/build/icyphy/ptII/ptolemy/domains/continuous/test/auto/SinusoidRK45.xml (RunModel)" time="0.01" />
  <testcase classname="ptolemy.util.test.junit.AutoTests" name="[129] /home/travis/build/icyphy/ptII/ptolemy/domains/continuous/test/auto/SinusoidWithMultipleImpulses.xml (RunModel)" time="0.011" />
  <testcase classname="ptolemy.util.test.junit.AutoTests" name="[130] /home/travis/build/icyphy/ptII/ptolemy/domains/continuous/test/auto/SquareWave.xml (RunModel)" time="0.175" />
  <testcase classname="ptolemy.util.test.junit.AutoTests" name="[131] /home/travis/build/icyphy/ptII/ptolemy/domains/continuous/test/auto/Starmac.xml (RunModel)" time="3.352" />
  <testcase classname="ptolemy.util.test.junit.AutoTests" name="[132] /home/travis/build/icyphy/ptII/ptolemy/domains/continuous/test/auto/StaticUnits.xml (RunModel)" time="2.501" />
  <testcase classname="ptolemy.util.test.junit.AutoTests" name="[133] /home/travis/build/icyphy/ptII/ptolemy/domains/continuous/test/auto/StickyMasses.xml (RunModel)" time="0.194" />
  <testcase classname="ptolemy.util.test.junit.AutoTests" name="[134] /home/travis/build/icyphy/ptII/ptolemy/domains/continuous/test/auto/StopTime.xml (RunModel)" time="0.058" />
  <testcase classname="ptolemy.util.test.junit.AutoTests" name="[135] /home/travis/build/icyphy/ptII/ptolemy/domains/continuous/test/auto/StopTime2.xml (RunModel)" time="0.056" />
  <testcase classname="ptolemy.util.test.junit.AutoTests" name="[136] /home/travis/build/icyphy/ptII/ptolemy/domains/continuous/test/auto/Switch.xml (RunModel)" time="0.057" />
  <testcase classname="ptolemy.util.test.junit.AutoTests" name="[137] /home/travis/build/icyphy/ptII/ptolemy/domains/continuous/test/auto/Thermostat.xml (RunModel)" time="0.185" />
  <testcase classname="ptolemy.util.test.junit.AutoTests" name="[138] /home/travis/build/icyphy/ptII/ptolemy/domains/continuous/test/auto/TimeDelay.xml (RunModel)" time="0.016" />
  <testcase classname="ptolemy.util.test.junit.AutoTests" name="[139] /home/travis/build/icyphy/ptII/ptolemy/domains/continuous/test/auto/TimeDelay2.xml (RunModel)" time="0.016" />
  <testcase classname="ptolemy.util.test.junit.AutoTests" name="[140] /home/travis/build/icyphy/ptII/ptolemy/domains/continuous/test/auto/TimeDelay3.xml (RunModel)" time="0.014" />
  <testcase classname="ptolemy.util.test.junit.AutoTests" name="[141] /home/travis/build/icyphy/ptII/ptolemy/domains/continuous/test/auto/TransferAbsentToInside.xml (RunModel)" time="0.169" />
  <testcase classname="ptolemy.util.test.junit.AutoTests" name="[142] /home/travis/build/icyphy/ptII/ptolemy/domains/continuous/test/auto/Transmission.xml (RunModel)" time="0.815" />
  <testcase classname="ptolemy.util.test.junit.AutoTests" name="[143] /home/travis/build/icyphy/ptII/ptolemy/domains/continuous/test/auto/TriggeredContinuousClock.xml (RunModel)" time="0.082" />
  <testcase classname="ptolemy.util.test.junit.AutoTests" name="[144] /home/travis/build/icyphy/ptII/ptolemy/domains/continuous/test/auto/TwoMachineInfiniteBusControl.xml (RunModel)" time="2.716" />
  <testcase classname="ptolemy.util.test.junit.AutoTests" name="[145] /home/travis/build/icyphy/ptII/ptolemy/domains/continuous/test/auto/V2V.xml (RunModel)" time="0.733" />
  <testcase classname="ptolemy.util.test.junit.AutoTests" name="[146] /home/travis/build/icyphy/ptII/ptolemy/domains/continuous/test/auto/hierarchicalModalModel.xml (RunModel)" time="0.029" />
  <testcase classname="ptolemy.util.test.junit.AutoTests" name="[147] /home/travis/build/icyphy/ptII/ptolemy/domains/continuous/test/auto/hierarchicalModalModel1.xml (RunModel)" time="0.033" />
  <testcase classname="ptolemy.util.test.junit.AutoTests" name="[148] /home/travis/build/icyphy/ptII/ptolemy/domains/continuous/test/auto/hierarchicalModalModel2.xml (RunModel)" time="0.046" />
  <testcase classname="ptolemy.util.test.junit.AutoTests" name="[149] /home/travis/build/icyphy/ptII/ptolemy/domains/continuous/test/auto/hierarchicalModalModel3.xml (RunModel)" time="0.025" />
  <testcase classname="ptolemy.util.test.junit.AutoTests" name="[150] /home/travis/build/icyphy/ptII/ptolemy/domains/continuous/test/auto/hierarchicalModalModel4.xml (RunModel)" time="0.033" />
  <testcase classname="ptolemy.util.test.junit.AutoTests" name="[151] /home/travis/build/icyphy/ptII/ptolemy/domains/continuous/test/auto/junk.xml (RunModel)" time="0.151" />
  <system-out><![CDATA[No tcl tests in /home/travis/build/icyphy/ptII/ptolemy/domains/continuous/test
No auto/knownFailedTests/*.xml tests in /home/travis/build/icyphy/ptII/ptolemy/domains/continuous/test
No auto/linux-amd64/*.xml tests in /home/travis/build/icyphy/ptII/ptolemy/domains/continuous/test
AutoTests.java: About to close Vertx.
AutoTests.java: Vertx closed.

===========================================================================================
----------------- testing Mon Jul 23 01:43:40 UTC 2018 /home/travis/build/icyphy/ptII/ptolemy/domains/continuous/test/auto/BouncingBall.xml
----------------- Instantiating /home/travis/build/icyphy/ptII/ptolemy/domains/continuous/test/auto/BouncingBall.xml
2211 ms. Memory: 331776K Free: 254939K (77%)
----------------- Invoking toplevel() on ptolemy.moml.MoMLSimpleApplication@3cbbf36b
----------------- Done invoking toplevel() on ptolemy.moml.MoMLSimpleApplication@3cbbf36b
reloadAllAccessors: .BouncingBall

===========================================================================================
----------------- testing Mon Jul 23 01:43:43 UTC 2018 /home/travis/build/icyphy/ptII/ptolemy/domains/continuous/test/auto/BouncingBallWithoutGR.xml
----------------- Instantiating /home/travis/build/icyphy/ptII/ptolemy/domains/continuous/test/auto/BouncingBallWithoutGR.xml
773 ms. Memory: 331776K Free: 312739K (94%)
----------------- Invoking toplevel() on ptolemy.moml.MoMLSimpleApplication@7cbdc616
----------------- Done invoking toplevel() on ptolemy.moml.MoMLSimpleApplication@7cbdc616
reloadAllAccessors: .BouncingBallWithoutGR

===========================================================================================
----------------- testing Mon Jul 23 01:43:44 UTC 2018 /home/travis/build/icyphy/ptII/ptolemy/domains/continuous/test/auto/Brownian.xml
----------------- Instantiating /home/travis/build/icyphy/ptII/ptolemy/domains/continuous/test/auto/Brownian.xml
42 ms. Memory: 331776K Free: 298816K (90%)
----------------- Invoking toplevel() on ptolemy.moml.MoMLSimpleApplication@f06fbe1
----------------- Done invoking toplevel() on ptolemy.moml.MoMLSimpleApplication@f06fbe1
reloadAllAccessors: .Brownian

===========================================================================================
----------------- testing Mon Jul 23 01:43:44 UTC 2018 /home/travis/build/icyphy/ptII/ptolemy/domains/continuous/test/auto/CarTracking.xml
----------------- Instantiating /home/travis/build/icyphy/ptII/ptolemy/domains/continuous/test/auto/CarTracking.xml
3219 ms. Memory: 578048K Free: 453313K (78%)
----------------- Invoking toplevel() on ptolemy.moml.MoMLSimpleApplication@fa96862
----------------- Done invoking toplevel() on ptolemy.moml.MoMLSimpleApplication@fa96862
reloadAllAccessors: .CarTracking

===========================================================================================
----------------- testing Mon Jul 23 01:43:47 UTC 2018 /home/travis/build/icyphy/ptII/ptolemy/domains/continuous/test/auto/CartPendulum.xml
----------------- Instantiating /home/travis/build/icyphy/ptII/ptolemy/domains/continuous/test/auto/CartPendulum.xml
418 ms. Memory: 578048K Free: 345367K (60%)
----------------- Invoking toplevel() on ptolemy.moml.MoMLSimpleApplication@a078b41
----------------- Done invoking toplevel() on ptolemy.moml.MoMLSimpleApplication@a078b41
reloadAllAccessors: .CartPendulum

===========================================================================================
----------------- testing Mon Jul 23 01:43:48 UTC 2018 /home/travis/build/icyphy/ptII/ptolemy/domains/continuous/test/auto/CausalityInterface10.xml
----------------- Instantiating /home/travis/build/icyphy/ptII/ptolemy/domains/continuous/test/auto/CausalityInterface10.xml
17 ms. Memory: 578048K Free: 332259K (57%)
----------------- Invoking toplevel() on ptolemy.moml.MoMLSimpleApplication@14188646
----------------- Done invoking toplevel() on ptolemy.moml.MoMLSimpleApplication@14188646
reloadAllAccessors: .CausalityInterface10

===========================================================================================
----------------- testing Mon Jul 23 01:43:48 UTC 2018 /home/travis/build/icyphy/ptII/ptolemy/domains/continuous/test/auto/CausalityInterface11.xml
----------------- Instantiating /home/travis/build/icyphy/ptII/ptolemy/domains/continuous/test/auto/CausalityInterface11.xml
4 ms. Memory: 578048K Free: 322413K (56%)
----------------- Invoking toplevel() on ptolemy.moml.MoMLSimpleApplication@614003b3
----------------- Done invoking toplevel() on ptolemy.moml.MoMLSimpleApplication@614003b3
reloadAllAccessors: .CausalityInterface11

===========================================================================================
----------------- testing Mon Jul 23 01:43:48 UTC 2018 /home/travis/build/icyphy/ptII/ptolemy/domains/continuous/test/auto/CausalityInterface12.xml
----------------- Instantiating /home/travis/build/icyphy/ptII/ptolemy/domains/continuous/test/auto/CausalityInterface12.xml
10 ms. Memory: 578048K Free: 312575K (54%)
----------------- Invoking toplevel() on ptolemy.moml.MoMLSimpleApplication@4e57f59b
----------------- Done invoking toplevel() on ptolemy.moml.MoMLSimpleApplication@4e57f59b
reloadAllAccessors: .CausalityInterface12

===========================================================================================
----------------- testing Mon Jul 23 01:43:48 UTC 2018 /home/travis/build/icyphy/ptII/ptolemy/domains/continuous/test/auto/CausalityInterface13.xml
----------------- Instantiating /home/travis/build/icyphy/ptII/ptolemy/domains/continuous/test/auto/CausalityInterface13.xml
16 ms. Memory: 578048K Free: 299548K (52%)
----------------- Invoking toplevel() on ptolemy.moml.MoMLSimpleApplication@56b36d4a
----------------- Done invoking toplevel() on ptolemy.moml.MoMLSimpleApplication@56b36d4a
reloadAllAccessors: .CausalityInterface13

===========================================================================================
----------------- testing Mon Jul 23 01:43:48 UTC 2018 /home/travis/build/icyphy/ptII/ptolemy/domains/continuous/test/auto/CausalityInterface14.xml
----------------- Instantiating /home/travis/build/icyphy/ptII/ptolemy/domains/continuous/test/auto/CausalityInterface14.xml
8 ms. Memory: 578048K Free: 289702K (50%)
----------------- Invoking toplevel() on ptolemy.moml.MoMLSimpleApplication@61613ed7
----------------- Done invoking toplevel() on ptolemy.moml.MoMLSimpleApplication@61613ed7
reloadAllAccessors: .CausalityInterface14

===========================================================================================
----------------- testing Mon Jul 23 01:43:48 UTC 2018 /home/travis/build/icyphy/ptII/ptolemy/domains/continuous/test/auto/CausalityInterface4.xml
----------------- Instantiating /home/travis/build/icyphy/ptII/ptolemy/domains/continuous/test/auto/CausalityInterface4.xml
3 ms. Memory: 578048K Free: 279855K (48%)
----------------- Invoking toplevel() on ptolemy.moml.MoMLSimpleApplication@2f25d3ea
----------------- Done invoking toplevel() on ptolemy.moml.MoMLSimpleApplication@2f25d3ea
reloadAllAccessors: .CausalityInterface4

===========================================================================================
----------------- testing Mon Jul 23 01:43:48 UTC 2018 /home/travis/build/icyphy/ptII/ptolemy/domains/continuous/test/auto/CausalityInterface5.xml
----------------- Instantiating /home/travis/build/icyphy/ptII/ptolemy/domains/continuous/test/auto/CausalityInterface5.xml
7 ms. Memory: 578048K Free: 266732K (46%)
----------------- Invoking toplevel() on ptolemy.moml.MoMLSimpleApplication@9736578
----------------- Done invoking toplevel() on ptolemy.moml.MoMLSimpleApplication@9736578
reloadAllAccessors: .CausalityInterface5

===========================================================================================
----------------- testing Mon Jul 23 01:43:48 UTC 2018 /home/travis/build/icyphy/ptII/ptolemy/domains/continuous/test/auto/CausalityInterface6.xml
----------------- Instantiating /home/travis/build/icyphy/ptII/ptolemy/domains/continuous/test/auto/CausalityInterface6.xml
3 ms. Memory: 578048K Free: 253690K (44%)
----------------- Invoking toplevel() on ptolemy.moml.MoMLSimpleApplication@68aa12f3
----------------- Done invoking toplevel() on ptolemy.moml.MoMLSimpleApplication@68aa12f3
reloadAllAccessors: .CausalityInterface6

===========================================================================================
----------------- testing Mon Jul 23 01:43:48 UTC 2018 /home/travis/build/icyphy/ptII/ptolemy/domains/continuous/test/auto/CausalityInterface7.xml
----------------- Instantiating /home/travis/build/icyphy/ptII/ptolemy/domains/continuous/test/auto/CausalityInterface7.xml
14 ms. Memory: 578048K Free: 240583K (42%)
----------------- Invoking toplevel() on ptolemy.moml.MoMLSimpleApplication@73202b69
----------------- Done invoking toplevel() on ptolemy.moml.MoMLSimpleApplication@73202b69
reloadAllAccessors: .CausalityInterface7

===========================================================================================
----------------- testing Mon Jul 23 01:43:48 UTC 2018 /home/travis/build/icyphy/ptII/ptolemy/domains/continuous/test/auto/CausalityInterface8.xml
----------------- Instantiating /home/travis/build/icyphy/ptII/ptolemy/domains/continuous/test/auto/CausalityInterface8.xml
7 ms. Memory: 578048K Free: 227475K (39%)
----------------- Invoking toplevel() on ptolemy.moml.MoMLSimpleApplication@50aad29a
----------------- Done invoking toplevel() on ptolemy.moml.MoMLSimpleApplication@50aad29a
reloadAllAccessors: .CausalityInterface8

===========================================================================================
----------------- testing Mon Jul 23 01:43:48 UTC 2018 /home/travis/build/icyphy/ptII/ptolemy/domains/continuous/test/auto/CausalityInterface9.xml
----------------- Instantiating /home/travis/build/icyphy/ptII/ptolemy/domains/continuous/test/auto/CausalityInterface9.xml
7 ms. Memory: 578048K Free: 211059K (37%)
----------------- Invoking toplevel() on ptolemy.moml.MoMLSimpleApplication@5f184f55
----------------- Done invoking toplevel() on ptolemy.moml.MoMLSimpleApplication@5f184f55
reloadAllAccessors: .CausalityInterface9

===========================================================================================
----------------- testing Mon Jul 23 01:43:48 UTC 2018 /home/travis/build/icyphy/ptII/ptolemy/domains/continuous/test/auto/CausalityInterfaceFeedback1.xml
----------------- Instantiating /home/travis/build/icyphy/ptII/ptolemy/domains/continuous/test/auto/CausalityInterfaceFeedback1.xml
6 ms. Memory: 578048K Free: 198017K (34%)
----------------- Invoking toplevel() on ptolemy.moml.MoMLSimpleApplication@54b2eb47
----------------- Done invoking toplevel() on ptolemy.moml.MoMLSimpleApplication@54b2eb47
reloadAllAccessors: .CausalityInterfaceFeedback1

===========================================================================================
----------------- testing Mon Jul 23 01:43:49 UTC 2018 /home/travis/build/icyphy/ptII/ptolemy/domains/continuous/test/auto/CausalityInterfaceFeedback2.xml
----------------- Instantiating /home/travis/build/icyphy/ptII/ptolemy/domains/continuous/test/auto/CausalityInterfaceFeedback2.xml
5 ms. Memory: 578048K Free: 188170K (33%)
----------------- Invoking toplevel() on ptolemy.moml.MoMLSimpleApplication@4b7fdf78
----------------- Done invoking toplevel() on ptolemy.moml.MoMLSimpleApplication@4b7fdf78
reloadAllAccessors: .CausalityInterfaceFeedback2

===========================================================================================
----------------- testing Mon Jul 23 01:43:49 UTC 2018 /home/travis/build/icyphy/ptII/ptolemy/domains/continuous/test/auto/CompareWithCurrentTime.xml
----------------- Instantiating /home/travis/build/icyphy/ptII/ptolemy/domains/continuous/test/auto/CompareWithCurrentTime.xml
2 ms. Memory: 578048K Free: 181617K (31%)
----------------- Invoking toplevel() on ptolemy.moml.MoMLSimpleApplication@2b41cff2
----------------- Done invoking toplevel() on ptolemy.moml.MoMLSimpleApplication@2b41cff2
reloadAllAccessors: .CompareWithCurrentTime

===========================================================================================
----------------- testing Mon Jul 23 01:43:49 UTC 2018 /home/travis/build/icyphy/ptII/ptolemy/domains/continuous/test/auto/ComparedClocks.xml
----------------- Instantiating /home/travis/build/icyphy/ptII/ptolemy/domains/continuous/test/auto/ComparedClocks.xml
9 ms. Memory: 578048K Free: 161940K (28%)
----------------- Invoking toplevel() on ptolemy.moml.MoMLSimpleApplication@3e260bf1
----------------- Done invoking toplevel() on ptolemy.moml.MoMLSimpleApplication@3e260bf1
reloadAllAccessors: .ComparedClocks

===========================================================================================
----------------- testing Mon Jul 23 01:43:49 UTC 2018 /home/travis/build/icyphy/ptII/ptolemy/domains/continuous/test/auto/ContinuousAOCClone.xml
----------------- Instantiating /home/travis/build/icyphy/ptII/ptolemy/domains/continuous/test/auto/ContinuousAOCClone.xml
2498 ms. Memory: 871424K Free: 407193K (47%)
----------------- Invoking toplevel() on ptolemy.moml.MoMLSimpleApplication@2c100f65
----------------- Done invoking toplevel() on ptolemy.moml.MoMLSimpleApplication@2c100f65
reloadAllAccessors: .ContinuousAOCClone

===========================================================================================
----------------- testing Mon Jul 23 01:43:51 UTC 2018 /home/travis/build/icyphy/ptII/ptolemy/domains/continuous/test/auto/ContinuousClock.xml
----------------- Instantiating /home/travis/build/icyphy/ptII/ptolemy/domains/continuous/test/auto/ContinuousClock.xml
34 ms. Memory: 871424K Free: 373995K (43%)
----------------- Invoking toplevel() on ptolemy.moml.MoMLSimpleApplication@653ea1af
----------------- Done invoking toplevel() on ptolemy.moml.MoMLSimpleApplication@653ea1af
reloadAllAccessors: .ContinuousClock

===========================================================================================
----------------- testing Mon Jul 23 01:43:51 UTC 2018 /home/travis/build/icyphy/ptII/ptolemy/domains/continuous/test/auto/ContinuousInContinuous.xml
----------------- Instantiating /home/travis/build/icyphy/ptII/ptolemy/domains/continuous/test/auto/ContinuousInContinuous.xml
42 ms. Memory: 871424K Free: 342583K (39%)
----------------- Invoking toplevel() on ptolemy.moml.MoMLSimpleApplication@3d357eb9
----------------- Done invoking toplevel() on ptolemy.moml.MoMLSimpleApplication@3d357eb9
reloadAllAccessors: .ContinuousInContinuous

===========================================================================================
----------------- testing Mon Jul 23 01:43:52 UTC 2018 /home/travis/build/icyphy/ptII/ptolemy/domains/continuous/test/auto/ContinuousInContinuousInContinuous.xml
----------------- Instantiating /home/travis/build/icyphy/ptII/ptolemy/domains/continuous/test/auto/ContinuousInContinuousInContinuous.xml
9 ms. Memory: 871424K Free: 326869K (38%)
----------------- Invoking toplevel() on ptolemy.moml.MoMLSimpleApplication@15a9b55a
----------------- Done invoking toplevel() on ptolemy.moml.MoMLSimpleApplication@15a9b55a
reloadAllAccessors: .ContinuousInContinuousInContinuous

===========================================================================================
----------------- testing Mon Jul 23 01:43:52 UTC 2018 /home/travis/build/icyphy/ptII/ptolemy/domains/continuous/test/auto/ContinuousInDE.xml
----------------- Instantiating /home/travis/build/icyphy/ptII/ptolemy/domains/continuous/test/auto/ContinuousInDE.xml
69 ms. Memory: 871424K Free: 311171K (36%)
----------------- Invoking toplevel() on ptolemy.moml.MoMLSimpleApplication@4b3777a3
----------------- Done invoking toplevel() on ptolemy.moml.MoMLSimpleApplication@4b3777a3
reloadAllAccessors: .ContinuousInDE

===========================================================================================
----------------- testing Mon Jul 23 01:43:52 UTC 2018 /home/travis/build/icyphy/ptII/ptolemy/domains/continuous/test/auto/ContinuousInDE2.xml
----------------- Instantiating /home/travis/build/icyphy/ptII/ptolemy/domains/continuous/test/auto/ContinuousInDE2.xml
65 ms. Memory: 871424K Free: 292013K (34%)
----------------- Invoking toplevel() on ptolemy.moml.MoMLSimpleApplication@5aa0a07e
----------------- Done invoking toplevel() on ptolemy.moml.MoMLSimpleApplication@5aa0a07e
reloadAllAccessors: .ContinuousInDE2

===========================================================================================
----------------- testing Mon Jul 23 01:43:52 UTC 2018 /home/travis/build/icyphy/ptII/ptolemy/domains/continuous/test/auto/ContinuousInDE3.xml
----------------- Instantiating /home/travis/build/icyphy/ptII/ptolemy/domains/continuous/test/auto/ContinuousInDE3.xml
37 ms. Memory: 871424K Free: 276315K (32%)
----------------- Invoking toplevel() on ptolemy.moml.MoMLSimpleApplication@fa31f10
----------------- Done invoking toplevel() on ptolemy.moml.MoMLSimpleApplication@fa31f10
reloadAllAccessors: .ContinuousInDE3

===========================================================================================
----------------- testing Mon Jul 23 01:43:52 UTC 2018 /home/travis/build/icyphy/ptII/ptolemy/domains/continuous/test/auto/ContinuousInDE4.xml
----------------- Instantiating /home/travis/build/icyphy/ptII/ptolemy/domains/continuous/test/auto/ContinuousInDE4.xml
12 ms. Memory: 871424K Free: 265850K (31%)
----------------- Invoking toplevel() on ptolemy.moml.MoMLSimpleApplication@72b98b00
----------------- Done invoking toplevel() on ptolemy.moml.MoMLSimpleApplication@72b98b00
reloadAllAccessors: .ContinuousInDE4

===========================================================================================
----------------- testing Mon Jul 23 01:43:52 UTC 2018 /home/travis/build/icyphy/ptII/ptolemy/domains/continuous/test/auto/ContinuousInDEDifferentRefinements.xml
----------------- Instantiating /home/travis/build/icyphy/ptII/ptolemy/domains/continuous/test/auto/ContinuousInDEDifferentRefinements.xml
65 ms. Memory: 871424K Free: 229189K (26%)
----------------- Invoking toplevel() on ptolemy.moml.MoMLSimpleApplication@15781165
----------------- Done invoking toplevel() on ptolemy.moml.MoMLSimpleApplication@15781165
reloadAllAccessors: .ContinuousInDEDifferentRefinements

===========================================================================================
----------------- testing Mon Jul 23 01:43:52 UTC 2018 /home/travis/build/icyphy/ptII/ptolemy/domains/continuous/test/auto/ContinuousInDEDifferentRefinementsPreemptive.xml
----------------- Instantiating /home/travis/build/icyphy/ptII/ptolemy/domains/continuous/test/auto/ContinuousInDEDifferentRefinementsPreemptive.xml
38 ms. Memory: 871424K Free: 189092K (22%)
----------------- Invoking toplevel() on ptolemy.moml.MoMLSimpleApplication@718e0fe1
----------------- Done invoking toplevel() on ptolemy.moml.MoMLSimpleApplication@718e0fe1
reloadAllAccessors: .ContinuousInDEDifferentRefinementsPreemptive

===========================================================================================
----------------- testing Mon Jul 23 01:43:52 UTC 2018 /home/travis/build/icyphy/ptII/ptolemy/domains/continuous/test/auto/ContinuousInDEInContinuous2.xml
----------------- Instantiating /home/travis/build/icyphy/ptII/ptolemy/domains/continuous/test/auto/ContinuousInDEInContinuous2.xml
42 ms. Memory: 871424K Free: 173378K (20%)
----------------- Invoking toplevel() on ptolemy.moml.MoMLSimpleApplication@57a47101
----------------- Done invoking toplevel() on ptolemy.moml.MoMLSimpleApplication@57a47101
reloadAllAccessors: .ContinuousInDEInContinuous2

===========================================================================================
----------------- testing Mon Jul 23 01:43:52 UTC 2018 /home/travis/build/icyphy/ptII/ptolemy/domains/continuous/test/auto/ContinuousInDEInContinuous3.xml
----------------- Instantiating /home/travis/build/icyphy/ptII/ptolemy/domains/continuous/test/auto/ContinuousInDEInContinuous3.xml
35 ms. Memory: 871424K Free: 152432K (17%)
----------------- Invoking toplevel() on ptolemy.moml.MoMLSimpleApplication@2db234a
----------------- Done invoking toplevel() on ptolemy.moml.MoMLSimpleApplication@2db234a
reloadAllAccessors: .ContinuousInDEInContinuous3

===========================================================================================
----------------- testing Mon Jul 23 01:43:52 UTC 2018 /home/travis/build/icyphy/ptII/ptolemy/domains/continuous/test/auto/ContinuousInDEInput.xml
----------------- Instantiating /home/travis/build/icyphy/ptII/ptolemy/domains/continuous/test/auto/ContinuousInDEInput.xml
18 ms. Memory: 871424K Free: 141966K (16%)
----------------- Invoking toplevel() on ptolemy.moml.MoMLSimpleApplication@a568d63
----------------- Done invoking toplevel() on ptolemy.moml.MoMLSimpleApplication@a568d63
reloadAllAccessors: .ContinuousInDEInput

===========================================================================================
----------------- testing Mon Jul 23 01:43:52 UTC 2018 /home/travis/build/icyphy/ptII/ptolemy/domains/continuous/test/auto/ContinuousInDEInput2.xml
----------------- Instantiating /home/travis/build/icyphy/ptII/ptolemy/domains/continuous/test/auto/ContinuousInDEInput2.xml
13 ms. Memory: 871424K Free: 131501K (15%)
----------------- Invoking toplevel() on ptolemy.moml.MoMLSimpleApplication@27efbb0a
----------------- Done invoking toplevel() on ptolemy.moml.MoMLSimpleApplication@27efbb0a
reloadAllAccessors: .ContinuousInDEInput2

===========================================================================================
----------------- testing Mon Jul 23 01:43:52 UTC 2018 /home/travis/build/icyphy/ptII/ptolemy/domains/continuous/test/auto/ContinuousInDEInput3.xml
----------------- Instantiating /home/travis/build/icyphy/ptII/ptolemy/domains/continuous/test/auto/ContinuousInDEInput3.xml
14 ms. Memory: 871424K Free: 117576K (13%)
----------------- Invoking toplevel() on ptolemy.moml.MoMLSimpleApplication@67f04b50
----------------- Done invoking toplevel() on ptolemy.moml.MoMLSimpleApplication@67f04b50
reloadAllAccessors: .ContinuousInDEInput3

===========================================================================================
----------------- testing Mon Jul 23 01:43:52 UTC 2018 /home/travis/build/icyphy/ptII/ptolemy/domains/continuous/test/auto/ContinuousInDESharingRefinement.xml
----------------- Instantiating /home/travis/build/icyphy/ptII/ptolemy/domains/continuous/test/auto/ContinuousInDESharingRefinement.xml
143 ms. Memory: 872960K Free: 806992K (92%)
----------------- Invoking toplevel() on ptolemy.moml.MoMLSimpleApplication@c9fa1dd
----------------- Done invoking toplevel() on ptolemy.moml.MoMLSimpleApplication@c9fa1dd
reloadAllAccessors: .ContinuousInDESharingRefinement

===========================================================================================
----------------- testing Mon Jul 23 01:43:53 UTC 2018 /home/travis/build/icyphy/ptII/ptolemy/domains/continuous/test/auto/ContinuousInDEwithNoPorts.xml
----------------- Instantiating /home/travis/build/icyphy/ptII/ptolemy/domains/continuous/test/auto/ContinuousInDEwithNoPorts.xml
5 ms. Memory: 872960K Free: 794150K (91%)
----------------- Invoking toplevel() on ptolemy.moml.MoMLSimpleApplication@6f02219
----------------- Done invoking toplevel() on ptolemy.moml.MoMLSimpleApplication@6f02219
reloadAllAccessors: .ContinuousInDEwithNoPorts

===========================================================================================
----------------- testing Mon Jul 23 01:43:53 UTC 2018 /home/travis/build/icyphy/ptII/ptolemy/domains/continuous/test/auto/ContinuousInsideDE.xml
----------------- Instantiating /home/travis/build/icyphy/ptII/ptolemy/domains/continuous/test/auto/ContinuousInsideDE.xml
44 ms. Memory: 872960K Free: 774512K (89%)
----------------- Invoking toplevel() on ptolemy.moml.MoMLSimpleApplication@72c94622
----------------- Done invoking toplevel() on ptolemy.moml.MoMLSimpleApplication@72c94622
reloadAllAccessors: .ContinuousInsideDE

===========================================================================================
----------------- testing Mon Jul 23 01:43:53 UTC 2018 /home/travis/build/icyphy/ptII/ptolemy/domains/continuous/test/auto/ContinuousMerge1.xml
----------------- Instantiating /home/travis/build/icyphy/ptII/ptolemy/domains/continuous/test/auto/ContinuousMerge1.xml
2 ms. Memory: 872960K Free: 764339K (88%)
----------------- Invoking toplevel() on ptolemy.moml.MoMLSimpleApplication@7c84ff3d
----------------- Done invoking toplevel() on ptolemy.moml.MoMLSimpleApplication@7c84ff3d
reloadAllAccessors: .ContinuousMerge1

===========================================================================================
----------------- testing Mon Jul 23 01:43:53 UTC 2018 /home/travis/build/icyphy/ptII/ptolemy/domains/continuous/test/auto/ContinuousMerge2.xml
----------------- Instantiating /home/travis/build/icyphy/ptII/ptolemy/domains/continuous/test/auto/ContinuousMerge2.xml
19 ms. Memory: 872960K Free: 748477K (86%)
----------------- Invoking toplevel() on ptolemy.moml.MoMLSimpleApplication@6ed2020d
----------------- Done invoking toplevel() on ptolemy.moml.MoMLSimpleApplication@6ed2020d
reloadAllAccessors: .ContinuousMerge2

===========================================================================================
----------------- testing Mon Jul 23 01:43:53 UTC 2018 /home/travis/build/icyphy/ptII/ptolemy/domains/continuous/test/auto/ContinuousMerge3.xml
----------------- Instantiating /home/travis/build/icyphy/ptII/ptolemy/domains/continuous/test/auto/ContinuousMerge3.xml
43 ms. Memory: 872960K Free: 732763K (84%)
----------------- Invoking toplevel() on ptolemy.moml.MoMLSimpleApplication@2a69af3b
----------------- Done invoking toplevel() on ptolemy.moml.MoMLSimpleApplication@2a69af3b
reloadAllAccessors: .ContinuousMerge3

===========================================================================================
----------------- testing Mon Jul 23 01:43:53 UTC 2018 /home/travis/build/icyphy/ptII/ptolemy/domains/continuous/test/auto/ContinuousWithinContinuous.xml
----------------- Instantiating /home/travis/build/icyphy/ptII/ptolemy/domains/continuous/test/auto/ContinuousWithinContinuous.xml
37 ms. Memory: 872960K Free: 714741K (82%)
----------------- Invoking toplevel() on ptolemy.moml.MoMLSimpleApplication@dcd504d
----------------- Done invoking toplevel() on ptolemy.moml.MoMLSimpleApplication@dcd504d
reloadAllAccessors: .ContinuousWithinContinuous

===========================================================================================
----------------- testing Mon Jul 23 01:43:53 UTC 2018 /home/travis/build/icyphy/ptII/ptolemy/domains/continuous/test/auto/ContinuousWithinContinuous2.xml
----------------- Instantiating /home/travis/build/icyphy/ptII/ptolemy/domains/continuous/test/auto/ContinuousWithinContinuous2.xml
66 ms. Memory: 872960K Free: 702967K (81%)
----------------- Invoking toplevel() on ptolemy.moml.MoMLSimpleApplication@7cf458e
----------------- Done invoking toplevel() on ptolemy.moml.MoMLSimpleApplication@7cf458e
reloadAllAccessors: .ContinuousWithinContinuous2

===========================================================================================
----------------- testing Mon Jul 23 01:43:53 UTC 2018 /home/travis/build/icyphy/ptII/ptolemy/domains/continuous/test/auto/ContinuousWithinContinuous3.xml
----------------- Instantiating /home/travis/build/icyphy/ptII/ptolemy/domains/continuous/test/auto/ContinuousWithinContinuous3.xml
16 ms. Memory: 872960K Free: 691178K (79%)
----------------- Invoking toplevel() on ptolemy.moml.MoMLSimpleApplication@6af3f862
----------------- Done invoking toplevel() on ptolemy.moml.MoMLSimpleApplication@6af3f862
reloadAllAccessors: .ContinuousWithinContinuous3

===========================================================================================
----------------- testing Mon Jul 23 01:43:53 UTC 2018 /home/travis/build/icyphy/ptII/ptolemy/domains/continuous/test/auto/ContinuousWithinContinuous4.xml
----------------- Instantiating /home/travis/build/icyphy/ptII/ptolemy/domains/continuous/test/auto/ContinuousWithinContinuous4.xml
63 ms. Memory: 872960K Free: 669215K (77%)
----------------- Invoking toplevel() on ptolemy.moml.MoMLSimpleApplication@69a47745
----------------- Done invoking toplevel() on ptolemy.moml.MoMLSimpleApplication@69a47745
reloadAllAccessors: .ContinuousWithinContinuous4

===========================================================================================
----------------- testing Mon Jul 23 01:43:53 UTC 2018 /home/travis/build/icyphy/ptII/ptolemy/domains/continuous/test/auto/ContinuousWithinContinuous5.xml
----------------- Instantiating /home/travis/build/icyphy/ptII/ptolemy/domains/continuous/test/auto/ContinuousWithinContinuous5.xml
11 ms. Memory: 872960K Free: 657426K (75%)
----------------- Invoking toplevel() on ptolemy.moml.MoMLSimpleApplication@5fcb4e2c
----------------- Done invoking toplevel() on ptolemy.moml.MoMLSimpleApplication@5fcb4e2c
reloadAllAccessors: .ContinuousWithinContinuous5

===========================================================================================
----------------- testing Mon Jul 23 01:43:53 UTC 2018 /home/travis/build/icyphy/ptII/ptolemy/domains/continuous/test/auto/ContinuousWithinContinuous6.xml
----------------- Instantiating /home/travis/build/icyphy/ptII/ptolemy/domains/continuous/test/auto/ContinuousWithinContinuous6.xml
10 ms. Memory: 872960K Free: 645637K (74%)
----------------- Invoking toplevel() on ptolemy.moml.MoMLSimpleApplication@34d5e05b
----------------- Done invoking toplevel() on ptolemy.moml.MoMLSimpleApplication@34d5e05b
reloadAllAccessors: .ContinuousWithinContinuous6

===========================================================================================
----------------- testing Mon Jul 23 01:43:53 UTC 2018 /home/travis/build/icyphy/ptII/ptolemy/domains/continuous/test/auto/ContinuousWithinContinuous7.xml
----------------- Instantiating /home/travis/build/icyphy/ptII/ptolemy/domains/continuous/test/auto/ContinuousWithinContinuous7.xml
55 ms. Memory: 872960K Free: 631539K (72%)
----------------- Invoking toplevel() on ptolemy.moml.MoMLSimpleApplication@5dff5675
----------------- Done invoking toplevel() on ptolemy.moml.MoMLSimpleApplication@5dff5675
reloadAllAccessors: .ContinuousWithinContinuous7

===========================================================================================
----------------- testing Mon Jul 23 01:43:53 UTC 2018 /home/travis/build/icyphy/ptII/ptolemy/domains/continuous/test/auto/DCMotor.xml
----------------- Instantiating /home/travis/build/icyphy/ptII/ptolemy/domains/continuous/test/auto/DCMotor.xml
11946 ms. Memory: 734208K Free: 138432K (19%)
----------------- Invoking toplevel() on ptolemy.moml.MoMLSimpleApplication@434da128
----------------- Done invoking toplevel() on ptolemy.moml.MoMLSimpleApplication@434da128
reloadAllAccessors: .DCMotor

===========================================================================================
----------------- testing Mon Jul 23 01:44:05 UTC 2018 /home/travis/build/icyphy/ptII/ptolemy/domains/continuous/test/auto/DEInContinuous.xml
----------------- Instantiating /home/travis/build/icyphy/ptII/ptolemy/domains/continuous/test/auto/DEInContinuous.xml
9 ms. Memory: 734208K Free: 122342K (17%)
----------------- Invoking toplevel() on ptolemy.moml.MoMLSimpleApplication@352ef281
----------------- Done invoking toplevel() on ptolemy.moml.MoMLSimpleApplication@352ef281
reloadAllAccessors: .DEInContinuous

===========================================================================================
----------------- testing Mon Jul 23 01:44:05 UTC 2018 /home/travis/build/icyphy/ptII/ptolemy/domains/continuous/test/auto/DEinContinuous2.xml
----------------- Instantiating /home/travis/build/icyphy/ptII/ptolemy/domains/continuous/test/auto/DEinContinuous2.xml
8 ms. Memory: 734208K Free: 108124K (15%)
----------------- Invoking toplevel() on ptolemy.moml.MoMLSimpleApplication@1faf65be
----------------- Done invoking toplevel() on ptolemy.moml.MoMLSimpleApplication@1faf65be
reloadAllAccessors: .DEinContinuous2

===========================================================================================
----------------- testing Mon Jul 23 01:44:05 UTC 2018 /home/travis/build/icyphy/ptII/ptolemy/domains/continuous/test/auto/Derivative.xml
----------------- Instantiating /home/travis/build/icyphy/ptII/ptolemy/domains/continuous/test/auto/Derivative.xml
163 ms. Memory: 696832K Free: 679612K (98%)
----------------- Invoking toplevel() on ptolemy.moml.MoMLSimpleApplication@6016b9fd
----------------- Done invoking toplevel() on ptolemy.moml.MoMLSimpleApplication@6016b9fd
reloadAllAccessors: .Derivative2

===========================================================================================
----------------- testing Mon Jul 23 01:44:05 UTC 2018 /home/travis/build/icyphy/ptII/ptolemy/domains/continuous/test/auto/Derivative1.xml
----------------- Instantiating /home/travis/build/icyphy/ptII/ptolemy/domains/continuous/test/auto/Derivative1.xml
31 ms. Memory: 696832K Free: 654268K (94%)
----------------- Invoking toplevel() on ptolemy.moml.MoMLSimpleApplication@30d7b479
----------------- Done invoking toplevel() on ptolemy.moml.MoMLSimpleApplication@30d7b479
reloadAllAccessors: .Derivative1

===========================================================================================
----------------- testing Mon Jul 23 01:44:06 UTC 2018 /home/travis/build/icyphy/ptII/ptolemy/domains/continuous/test/auto/DiscreteClock.xml
----------------- Instantiating /home/travis/build/icyphy/ptII/ptolemy/domains/continuous/test/auto/DiscreteClock.xml
3 ms. Memory: 696832K Free: 645253K (93%)
----------------- Invoking toplevel() on ptolemy.moml.MoMLSimpleApplication@7a214eea
----------------- Done invoking toplevel() on ptolemy.moml.MoMLSimpleApplication@7a214eea
reloadAllAccessors: .DiscreteClock

===========================================================================================
----------------- testing Mon Jul 23 01:44:06 UTC 2018 /home/travis/build/icyphy/ptII/ptolemy/domains/continuous/test/auto/EfficiencyCurve.xml
----------------- Instantiating /home/travis/build/icyphy/ptII/ptolemy/domains/continuous/test/auto/EfficiencyCurve.xml
49 ms. Memory: 696832K Free: 627988K (90%)
----------------- Invoking toplevel() on ptolemy.moml.MoMLSimpleApplication@27a56f9f
----------------- Done invoking toplevel() on ptolemy.moml.MoMLSimpleApplication@27a56f9f
reloadAllAccessors: .EfficiencyCurve

===========================================================================================
----------------- testing Mon Jul 23 01:44:06 UTC 2018 /home/travis/build/icyphy/ptII/ptolemy/domains/continuous/test/auto/ExponentialResponse.xml
----------------- Instantiating /home/travis/build/icyphy/ptII/ptolemy/domains/continuous/test/auto/ExponentialResponse.xml
97 ms. Memory: 696832K Free: 606674K (87%)
----------------- Invoking toplevel() on ptolemy.moml.MoMLSimpleApplication@127fd0a1
----------------- Done invoking toplevel() on ptolemy.moml.MoMLSimpleApplication@127fd0a1
reloadAllAccessors: .ExponentialResponse

===========================================================================================
----------------- testing Mon Jul 23 01:44:06 UTC 2018 /home/travis/build/icyphy/ptII/ptolemy/domains/continuous/test/auto/ExponentialResponseRK45.xml
----------------- Instantiating /home/travis/build/icyphy/ptII/ptolemy/domains/continuous/test/auto/ExponentialResponseRK45.xml
26 ms. Memory: 696832K Free: 591509K (85%)
----------------- Invoking toplevel() on ptolemy.moml.MoMLSimpleApplication@77d47632
----------------- Done invoking toplevel() on ptolemy.moml.MoMLSimpleApplication@77d47632
reloadAllAccessors: .ExponentialResponseRK45

===========================================================================================
----------------- testing Mon Jul 23 01:44:06 UTC 2018 /home/travis/build/icyphy/ptII/ptolemy/domains/continuous/test/auto/Friction.xml
----------------- Instantiating /home/travis/build/icyphy/ptII/ptolemy/domains/continuous/test/auto/Friction.xml
1256 ms. Memory: 696832K Free: 155470K (22%)
----------------- Invoking toplevel() on ptolemy.moml.MoMLSimpleApplication@2e65b582
----------------- Done invoking toplevel() on ptolemy.moml.MoMLSimpleApplication@2e65b582
reloadAllAccessors: .Friction

===========================================================================================
----------------- testing Mon Jul 23 01:44:07 UTC 2018 /home/travis/build/icyphy/ptII/ptolemy/domains/continuous/test/auto/FurutaPendulum.xml
----------------- Instantiating /home/travis/build/icyphy/ptII/ptolemy/domains/continuous/test/auto/FurutaPendulum.xml
3162 ms. Memory: 670208K Free: 243460K (36%)
----------------- Invoking toplevel() on ptolemy.moml.MoMLSimpleApplication@61e3667
----------------- Done invoking toplevel() on ptolemy.moml.MoMLSimpleApplication@61e3667
reloadAllAccessors: .FurutaPendulum

===========================================================================================
----------------- testing Mon Jul 23 01:44:10 UTC 2018 /home/travis/build/icyphy/ptII/ptolemy/domains/continuous/test/auto/HierarchicalExecution.xml
----------------- Instantiating /home/travis/build/icyphy/ptII/ptolemy/domains/continuous/test/auto/HierarchicalExecution.xml
1726 ms. Memory: 646656K Free: 494597K (76%)
----------------- Invoking toplevel() on ptolemy.moml.MoMLSimpleApplication@3d4b4bcb
----------------- Done invoking toplevel() on ptolemy.moml.MoMLSimpleApplication@3d4b4bcb
reloadAllAccessors: .HierarchicalExecution

===========================================================================================
----------------- testing Mon Jul 23 01:44:12 UTC 2018 /home/travis/build/icyphy/ptII/ptolemy/domains/continuous/test/auto/HybridPlant.xml
----------------- Instantiating /home/travis/build/icyphy/ptII/ptolemy/domains/continuous/test/auto/HybridPlant.xml
435 ms. Memory: 646656K Free: 217013K (34%)
----------------- Invoking toplevel() on ptolemy.moml.MoMLSimpleApplication@75aa2729
----------------- Done invoking toplevel() on ptolemy.moml.MoMLSimpleApplication@75aa2729
reloadAllAccessors: .HybridPlant

===========================================================================================
----------------- testing Mon Jul 23 01:44:13 UTC 2018 /home/travis/build/icyphy/ptII/ptolemy/domains/continuous/test/auto/Hysteresis.xml
----------------- Instantiating /home/travis/build/icyphy/ptII/ptolemy/domains/continuous/test/auto/Hysteresis.xml
112 ms. Memory: 646656K Free: 151989K (24%)
----------------- Invoking toplevel() on ptolemy.moml.MoMLSimpleApplication@575b46c7
----------------- Done invoking toplevel() on ptolemy.moml.MoMLSimpleApplication@575b46c7
reloadAllAccessors: .Hysteresis

===========================================================================================
----------------- testing Mon Jul 23 01:44:13 UTC 2018 /home/travis/build/icyphy/ptII/ptolemy/domains/continuous/test/auto/HysteresisWithRandomDelay.xml
----------------- Instantiating /home/travis/build/icyphy/ptII/ptolemy/domains/continuous/test/auto/HysteresisWithRandomDelay.xml
159 ms. Memory: 646656K Free: 72636K (11%)
----------------- Invoking toplevel() on ptolemy.moml.MoMLSimpleApplication@54b80a95
----------------- Done invoking toplevel() on ptolemy.moml.MoMLSimpleApplication@54b80a95
reloadAllAccessors: .HysteresisWithRandomDelay

===========================================================================================
----------------- testing Mon Jul 23 01:44:13 UTC 2018 /home/travis/build/icyphy/ptII/ptolemy/domains/continuous/test/auto/HysteresisWithRandomLosses.xml
----------------- Instantiating /home/travis/build/icyphy/ptII/ptolemy/domains/continuous/test/auto/HysteresisWithRandomLosses.xml
2105 ms. Memory: 589824K Free: 341137K (58%)
----------------- Invoking toplevel() on ptolemy.moml.MoMLSimpleApplication@3ea87815
----------------- Done invoking toplevel() on ptolemy.moml.MoMLSimpleApplication@3ea87815
reloadAllAccessors: .HysteresisWithRandomLosses

===========================================================================================
----------------- testing Mon Jul 23 01:44:16 UTC 2018 /home/travis/build/icyphy/ptII/ptolemy/domains/continuous/test/auto/ImmediateTransitions.xml
----------------- Instantiating /home/travis/build/icyphy/ptII/ptolemy/domains/continuous/test/auto/ImmediateTransitions.xml
9 ms. Memory: 589824K Free: 325707K (55%)
----------------- Invoking toplevel() on ptolemy.moml.MoMLSimpleApplication@6f31efdb
----------------- Done invoking toplevel() on ptolemy.moml.MoMLSimpleApplication@6f31efdb
reloadAllAccessors: .ImmediateTransitions

===========================================================================================
----------------- testing Mon Jul 23 01:44:16 UTC 2018 /home/travis/build/icyphy/ptII/ptolemy/domains/continuous/test/auto/ImpulseFeedback.xml
----------------- Instantiating /home/travis/build/icyphy/ptII/ptolemy/domains/continuous/test/auto/ImpulseFeedback.xml
7 ms. Memory: 589824K Free: 314650K (53%)
----------------- Invoking toplevel() on ptolemy.moml.MoMLSimpleApplication@1cbf092
----------------- Done invoking toplevel() on ptolemy.moml.MoMLSimpleApplication@1cbf092
reloadAllAccessors: .ImpulseFeedback

===========================================================================================
----------------- testing Mon Jul 23 01:44:16 UTC 2018 /home/travis/build/icyphy/ptII/ptolemy/domains/continuous/test/auto/ImpulseFeedback2.xml
----------------- Instantiating /home/travis/build/icyphy/ptII/ptolemy/domains/continuous/test/auto/ImpulseFeedback2.xml
8 ms. Memory: 589824K Free: 303592K (51%)
----------------- Invoking toplevel() on ptolemy.moml.MoMLSimpleApplication@6a8bde6d
----------------- Done invoking toplevel() on ptolemy.moml.MoMLSimpleApplication@6a8bde6d
reloadAllAccessors: .ImpulseFeedback2

===========================================================================================
----------------- testing Mon Jul 23 01:44:16 UTC 2018 /home/travis/build/icyphy/ptII/ptolemy/domains/continuous/test/auto/IncreasingRatePoisson.xml
----------------- Instantiating /home/travis/build/icyphy/ptII/ptolemy/domains/continuous/test/auto/IncreasingRatePoisson.xml
628 ms. Memory: 564736K Free: 467346K (83%)
----------------- Invoking toplevel() on ptolemy.moml.MoMLSimpleApplication@2cc12b8b
----------------- Done invoking toplevel() on ptolemy.moml.MoMLSimpleApplication@2cc12b8b
reloadAllAccessors: .IncreasingRatePoisson

===========================================================================================
----------------- testing Mon Jul 23 01:44:16 UTC 2018 /home/travis/build/icyphy/ptII/ptolemy/domains/continuous/test/auto/InitialStateFeedback.xml
----------------- Instantiating /home/travis/build/icyphy/ptII/ptolemy/domains/continuous/test/auto/InitialStateFeedback.xml
4 ms. Memory: 564736K Free: 458260K (81%)
----------------- Invoking toplevel() on ptolemy.moml.MoMLSimpleApplication@3d067c42
----------------- Done invoking toplevel() on ptolemy.moml.MoMLSimpleApplication@3d067c42
reloadAllAccessors: .InitialStateFeedback

===========================================================================================
----------------- testing Mon Jul 23 01:44:16 UTC 2018 /home/travis/build/icyphy/ptII/ptolemy/domains/continuous/test/auto/Integration.xml
----------------- Instantiating /home/travis/build/icyphy/ptII/ptolemy/domains/continuous/test/auto/Integration.xml
2 ms. Memory: 564736K Free: 451005K (80%)
----------------- Invoking toplevel() on ptolemy.moml.MoMLSimpleApplication@67480063
----------------- Done invoking toplevel() on ptolemy.moml.MoMLSimpleApplication@67480063
reloadAllAccessors: .Integration

===========================================================================================
----------------- testing Mon Jul 23 01:44:16 UTC 2018 /home/travis/build/icyphy/ptII/ptolemy/domains/continuous/test/auto/Integration2.xml
----------------- Instantiating /home/travis/build/icyphy/ptII/ptolemy/domains/continuous/test/auto/Integration2.xml
75 ms. Memory: 564736K Free: 430866K (76%)
----------------- Invoking toplevel() on ptolemy.moml.MoMLSimpleApplication@69fa1b2f
----------------- Done invoking toplevel() on ptolemy.moml.MoMLSimpleApplication@69fa1b2f
reloadAllAccessors: .Integration2

===========================================================================================
----------------- testing Mon Jul 23 01:44:16 UTC 2018 /home/travis/build/icyphy/ptII/ptolemy/domains/continuous/test/auto/Integration3.xml
----------------- Instantiating /home/travis/build/icyphy/ptII/ptolemy/domains/continuous/test/auto/Integration3.xml
2 ms. Memory: 564736K Free: 423454K (75%)
----------------- Invoking toplevel() on ptolemy.moml.MoMLSimpleApplication@74915cc7
----------------- Done invoking toplevel() on ptolemy.moml.MoMLSimpleApplication@74915cc7
reloadAllAccessors: .Integration3

===========================================================================================
----------------- testing Mon Jul 23 01:44:16 UTC 2018 /home/travis/build/icyphy/ptII/ptolemy/domains/continuous/test/auto/Integration5.xml
----------------- Instantiating /home/travis/build/icyphy/ptII/ptolemy/domains/continuous/test/auto/Integration5.xml
2 ms. Memory: 564736K Free: 416205K (74%)
----------------- Invoking toplevel() on ptolemy.moml.MoMLSimpleApplication@3d620277
----------------- Done invoking toplevel() on ptolemy.moml.MoMLSimpleApplication@3d620277
reloadAllAccessors: .Integration5

===========================================================================================
----------------- testing Mon Jul 23 01:44:16 UTC 2018 /home/travis/build/icyphy/ptII/ptolemy/domains/continuous/test/auto/IntegratorImpulse.xml
----------------- Instantiating /home/travis/build/icyphy/ptII/ptolemy/domains/continuous/test/auto/IntegratorImpulse.xml
2 ms. Memory: 564736K Free: 408955K (72%)
----------------- Invoking toplevel() on ptolemy.moml.MoMLSimpleApplication@6ea3f5d4
----------------- Done invoking toplevel() on ptolemy.moml.MoMLSimpleApplication@6ea3f5d4
reloadAllAccessors: .IntegratorImpulse

===========================================================================================
----------------- testing Mon Jul 23 01:44:16 UTC 2018 /home/travis/build/icyphy/ptII/ptolemy/domains/continuous/test/auto/IntegratorImpulse2.xml
----------------- Instantiating /home/travis/build/icyphy/ptII/ptolemy/domains/continuous/test/auto/IntegratorImpulse2.xml
3 ms. Memory: 564736K Free: 401544K (71%)
----------------- Invoking toplevel() on ptolemy.moml.MoMLSimpleApplication@1e4a2b33
----------------- Done invoking toplevel() on ptolemy.moml.MoMLSimpleApplication@1e4a2b33
reloadAllAccessors: .IntegratorImpulse2

===========================================================================================
----------------- testing Mon Jul 23 01:44:16 UTC 2018 /home/travis/build/icyphy/ptII/ptolemy/domains/continuous/test/auto/LevelCrossing1.xml
----------------- Instantiating /home/travis/build/icyphy/ptII/ptolemy/domains/continuous/test/auto/LevelCrossing1.xml
1 ms. Memory: 564736K Free: 391071K (69%)
----------------- Invoking toplevel() on ptolemy.moml.MoMLSimpleApplication@3723099
----------------- Done invoking toplevel() on ptolemy.moml.MoMLSimpleApplication@3723099
reloadAllAccessors: .LevelCrossing1

===========================================================================================
----------------- testing Mon Jul 23 01:44:16 UTC 2018 /home/travis/build/icyphy/ptII/ptolemy/domains/continuous/test/auto/LevelCrossing2.xml
----------------- Instantiating /home/travis/build/icyphy/ptII/ptolemy/domains/continuous/test/auto/LevelCrossing2.xml
2 ms. Memory: 564736K Free: 380599K (67%)
----------------- Invoking toplevel() on ptolemy.moml.MoMLSimpleApplication@36ac29b9
----------------- Done invoking toplevel() on ptolemy.moml.MoMLSimpleApplication@36ac29b9
reloadAllAccessors: .LevelCrossing2

===========================================================================================
----------------- testing Mon Jul 23 01:44:16 UTC 2018 /home/travis/build/icyphy/ptII/ptolemy/domains/continuous/test/auto/LevelCrossing3.xml
----------------- Instantiating /home/travis/build/icyphy/ptII/ptolemy/domains/continuous/test/auto/LevelCrossing3.xml
2 ms. Memory: 564736K Free: 370126K (66%)
----------------- Invoking toplevel() on ptolemy.moml.MoMLSimpleApplication@7eb46f44
----------------- Done invoking toplevel() on ptolemy.moml.MoMLSimpleApplication@7eb46f44
reloadAllAccessors: .LevelCrossing3

===========================================================================================
----------------- testing Mon Jul 23 01:44:16 UTC 2018 /home/travis/build/icyphy/ptII/ptolemy/domains/continuous/test/auto/LevelCrossing4.xml
----------------- Instantiating /home/travis/build/icyphy/ptII/ptolemy/domains/continuous/test/auto/LevelCrossing4.xml
3 ms. Memory: 564736K Free: 359476K (64%)
----------------- Invoking toplevel() on ptolemy.moml.MoMLSimpleApplication@3f369f2d
----------------- Done invoking toplevel() on ptolemy.moml.MoMLSimpleApplication@3f369f2d
reloadAllAccessors: .LevelCrossing4

===========================================================================================
----------------- testing Mon Jul 23 01:44:16 UTC 2018 /home/travis/build/icyphy/ptII/ptolemy/domains/continuous/test/auto/LevelCrossing5.xml
----------------- Instantiating /home/travis/build/icyphy/ptII/ptolemy/domains/continuous/test/auto/LevelCrossing5.xml
4 ms. Memory: 564736K Free: 348988K (62%)
----------------- Invoking toplevel() on ptolemy.moml.MoMLSimpleApplication@30e30ab4
----------------- Done invoking toplevel() on ptolemy.moml.MoMLSimpleApplication@30e30ab4
reloadAllAccessors: .LevelCrossing5

===========================================================================================
----------------- testing Mon Jul 23 01:44:16 UTC 2018 /home/travis/build/icyphy/ptII/ptolemy/domains/continuous/test/auto/LevelCrossing6.xml
----------------- Instantiating /home/travis/build/icyphy/ptII/ptolemy/domains/continuous/test/auto/LevelCrossing6.xml
2 ms. Memory: 564736K Free: 338507K (60%)
[...]
----------------- Invoking toplevel() on ptolemy.moml.MoMLSimpleApplication@7a2b2360
----------------- Done invoking toplevel() on ptolemy.moml.MoMLSimpleApplication@7a2b2360
reloadAllAccessors: .ResetTransitionWithStartTime5

===========================================================================================
----------------- testing Mon Jul 23 01:44:32 UTC 2018 /home/travis/build/icyphy/ptII/ptolemy/domains/continuous/test/auto/ResetTransitionWithStartTime6.xml
----------------- Instantiating /home/travis/build/icyphy/ptII/ptolemy/domains/continuous/test/auto/ResetTransitionWithStartTime6.xml
9 ms. Memory: 370688K Free: 223895K (60%)
----------------- Invoking toplevel() on ptolemy.moml.MoMLSimpleApplication@7c2f7d8
----------------- Done invoking toplevel() on ptolemy.moml.MoMLSimpleApplication@7c2f7d8
reloadAllAccessors: .ResetTransitionWithStartTime6

===========================================================================================
----------------- testing Mon Jul 23 01:44:32 UTC 2018 /home/travis/build/icyphy/ptII/ptolemy/domains/continuous/test/auto/SRinContinuous.xml
----------------- Instantiating /home/travis/build/icyphy/ptII/ptolemy/domains/continuous/test/auto/SRinContinuous.xml
5 ms. Memory: 370688K Free: 213347K (58%)
----------------- Invoking toplevel() on ptolemy.moml.MoMLSimpleApplication@77566149
----------------- Done invoking toplevel() on ptolemy.moml.MoMLSimpleApplication@77566149
reloadAllAccessors: .SRinContinuous

===========================================================================================
----------------- testing Mon Jul 23 01:44:32 UTC 2018 /home/travis/build/icyphy/ptII/ptolemy/domains/continuous/test/auto/SampledClocks.xml
----------------- Instantiating /home/travis/build/icyphy/ptII/ptolemy/domains/continuous/test/auto/SampledClocks.xml
9 ms. Memory: 370688K Free: 202783K (55%)
----------------- Invoking toplevel() on ptolemy.moml.MoMLSimpleApplication@1f035ab
----------------- Done invoking toplevel() on ptolemy.moml.MoMLSimpleApplication@1f035ab
reloadAllAccessors: .SampledClocks

===========================================================================================
----------------- testing Mon Jul 23 01:44:32 UTC 2018 /home/travis/build/icyphy/ptII/ptolemy/domains/continuous/test/auto/Satellite.xml
----------------- Instantiating /home/travis/build/icyphy/ptII/ptolemy/domains/continuous/test/auto/Satellite.xml
815 ms. Memory: 364032K Free: 301579K (83%)
----------------- Invoking toplevel() on ptolemy.moml.MoMLSimpleApplication@7576d1ab
----------------- Done invoking toplevel() on ptolemy.moml.MoMLSimpleApplication@7576d1ab
reloadAllAccessors: .Satellite

===========================================================================================
----------------- testing Mon Jul 23 01:44:33 UTC 2018 /home/travis/build/icyphy/ptII/ptolemy/domains/continuous/test/auto/SigmaDelta.xml
----------------- Instantiating /home/travis/build/icyphy/ptII/ptolemy/domains/continuous/test/auto/SigmaDelta.xml
1999 ms. Memory: 351232K Free: 183244K (52%)
----------------- Invoking toplevel() on ptolemy.moml.MoMLSimpleApplication@485cd5da
----------------- Done invoking toplevel() on ptolemy.moml.MoMLSimpleApplication@485cd5da
reloadAllAccessors: .SigmaDelta

===========================================================================================
----------------- testing Mon Jul 23 01:44:35 UTC 2018 /home/travis/build/icyphy/ptII/ptolemy/domains/continuous/test/auto/SinuBouncingBall.xml
----------------- Instantiating /home/travis/build/icyphy/ptII/ptolemy/domains/continuous/test/auto/SinuBouncingBall.xml
664 ms. Memory: 334848K Free: 206541K (62%)
----------------- Invoking toplevel() on ptolemy.moml.MoMLSimpleApplication@5735cfb1
----------------- Done invoking toplevel() on ptolemy.moml.MoMLSimpleApplication@5735cfb1
reloadAllAccessors: .SinuBouncingBall

===========================================================================================
----------------- testing Mon Jul 23 01:44:36 UTC 2018 /home/travis/build/icyphy/ptII/ptolemy/domains/continuous/test/auto/Sinusoid.xml
----------------- Instantiating /home/travis/build/icyphy/ptII/ptolemy/domains/continuous/test/auto/Sinusoid.xml
5 ms. Memory: 334848K Free: 200834K (60%)
----------------- Invoking toplevel() on ptolemy.moml.MoMLSimpleApplication@3d9ac232
----------------- Done invoking toplevel() on ptolemy.moml.MoMLSimpleApplication@3d9ac232
reloadAllAccessors: .Sinusoid

===========================================================================================
----------------- testing Mon Jul 23 01:44:36 UTC 2018 /home/travis/build/icyphy/ptII/ptolemy/domains/continuous/test/auto/SinusoidInNoise.xml
----------------- Instantiating /home/travis/build/icyphy/ptII/ptolemy/domains/continuous/test/auto/SinusoidInNoise.xml
881 ms. Memory: 324096K Free: 239226K (74%)
----------------- Invoking toplevel() on ptolemy.moml.MoMLSimpleApplication@72d5f2c1
----------------- Done invoking toplevel() on ptolemy.moml.MoMLSimpleApplication@72d5f2c1
reloadAllAccessors: .SinusoidInNoise

===========================================================================================
----------------- testing Mon Jul 23 01:44:37 UTC 2018 /home/travis/build/icyphy/ptII/ptolemy/domains/continuous/test/auto/SinusoidRK45.xml
----------------- Instantiating /home/travis/build/icyphy/ptII/ptolemy/domains/continuous/test/auto/SinusoidRK45.xml
2 ms. Memory: 324096K Free: 232719K (72%)
----------------- Invoking toplevel() on ptolemy.moml.MoMLSimpleApplication@21c192de
----------------- Done invoking toplevel() on ptolemy.moml.MoMLSimpleApplication@21c192de
reloadAllAccessors: .SinusoidRK45

===========================================================================================
----------------- testing Mon Jul 23 01:44:37 UTC 2018 /home/travis/build/icyphy/ptII/ptolemy/domains/continuous/test/auto/SinusoidWithMultipleImpulses.xml
----------------- Instantiating /home/travis/build/icyphy/ptII/ptolemy/domains/continuous/test/auto/SinusoidWithMultipleImpulses.xml
2 ms. Memory: 324096K Free: 226974K (70%)
----------------- Invoking toplevel() on ptolemy.moml.MoMLSimpleApplication@3250a7a4
----------------- Done invoking toplevel() on ptolemy.moml.MoMLSimpleApplication@3250a7a4
reloadAllAccessors: .SinusoidWithMultipleImpulses

===========================================================================================
----------------- testing Mon Jul 23 01:44:37 UTC 2018 /home/travis/build/icyphy/ptII/ptolemy/domains/continuous/test/auto/SquareWave.xml
----------------- Instantiating /home/travis/build/icyphy/ptII/ptolemy/domains/continuous/test/auto/SquareWave.xml
156 ms. Memory: 324096K Free: 198660K (61%)
----------------- Invoking toplevel() on ptolemy.moml.MoMLSimpleApplication@6ea579c0
----------------- Done invoking toplevel() on ptolemy.moml.MoMLSimpleApplication@6ea579c0
reloadAllAccessors: .SquareWave

===========================================================================================
----------------- testing Mon Jul 23 01:44:37 UTC 2018 /home/travis/build/icyphy/ptII/ptolemy/domains/continuous/test/auto/Starmac.xml
----------------- Instantiating /home/travis/build/icyphy/ptII/ptolemy/domains/continuous/test/auto/Starmac.xml
3052 ms. Memory: 387584K Free: 131002K (34%)
----------------- Invoking toplevel() on ptolemy.moml.MoMLSimpleApplication@74b4c0d
----------------- Done invoking toplevel() on ptolemy.moml.MoMLSimpleApplication@74b4c0d
reloadAllAccessors: .Starmac

===========================================================================================
----------------- testing Mon Jul 23 01:44:41 UTC 2018 /home/travis/build/icyphy/ptII/ptolemy/domains/continuous/test/auto/StaticUnits.xml
----------------- Instantiating /home/travis/build/icyphy/ptII/ptolemy/domains/continuous/test/auto/StaticUnits.xml
2128 ms. Memory: 463360K Free: 33711K (7%)
----------------- Invoking toplevel() on ptolemy.moml.MoMLSimpleApplication@67014354
----------------- Done invoking toplevel() on ptolemy.moml.MoMLSimpleApplication@67014354
reloadAllAccessors: .StaticUnits

===========================================================================================
----------------- testing Mon Jul 23 01:44:43 UTC 2018 /home/travis/build/icyphy/ptII/ptolemy/domains/continuous/test/auto/StickyMasses.xml
----------------- Instantiating /home/travis/build/icyphy/ptII/ptolemy/domains/continuous/test/auto/StickyMasses.xml
119 ms. Memory: 553984K Free: 444877K (80%)
----------------- Invoking toplevel() on ptolemy.moml.MoMLSimpleApplication@5f8dab29
----------------- Done invoking toplevel() on ptolemy.moml.MoMLSimpleApplication@5f8dab29
reloadAllAccessors: .StickyMasses

===========================================================================================
----------------- testing Mon Jul 23 01:44:43 UTC 2018 /home/travis/build/icyphy/ptII/ptolemy/domains/continuous/test/auto/StopTime.xml
----------------- Instantiating /home/travis/build/icyphy/ptII/ptolemy/domains/continuous/test/auto/StopTime.xml
35 ms. Memory: 553984K Free: 415510K (75%)
----------------- Invoking toplevel() on ptolemy.moml.MoMLSimpleApplication@671c117b
----------------- Done invoking toplevel() on ptolemy.moml.MoMLSimpleApplication@671c117b
reloadAllAccessors: .StopTime

===========================================================================================
----------------- testing Mon Jul 23 01:44:43 UTC 2018 /home/travis/build/icyphy/ptII/ptolemy/domains/continuous/test/auto/StopTime2.xml
----------------- Instantiating /home/travis/build/icyphy/ptII/ptolemy/domains/continuous/test/auto/StopTime2.xml
34 ms. Memory: 553984K Free: 389460K (70%)
----------------- Invoking toplevel() on ptolemy.moml.MoMLSimpleApplication@2606ba29
----------------- Done invoking toplevel() on ptolemy.moml.MoMLSimpleApplication@2606ba29
reloadAllAccessors: .StopTime2

===========================================================================================
----------------- testing Mon Jul 23 01:44:43 UTC 2018 /home/travis/build/icyphy/ptII/ptolemy/domains/continuous/test/auto/Switch.xml
----------------- Instantiating /home/travis/build/icyphy/ptII/ptolemy/domains/continuous/test/auto/Switch.xml
35 ms. Memory: 553984K Free: 360214K (65%)
----------------- Invoking toplevel() on ptolemy.moml.MoMLSimpleApplication@1773a7be
----------------- Done invoking toplevel() on ptolemy.moml.MoMLSimpleApplication@1773a7be
reloadAllAccessors: .Switch

===========================================================================================
----------------- testing Mon Jul 23 01:44:43 UTC 2018 /home/travis/build/icyphy/ptII/ptolemy/domains/continuous/test/auto/Thermostat.xml
----------------- Instantiating /home/travis/build/icyphy/ptII/ptolemy/domains/continuous/test/auto/Thermostat.xml
161 ms. Memory: 553984K Free: 283623K (51%)
----------------- Invoking toplevel() on ptolemy.moml.MoMLSimpleApplication@1950959
----------------- Done invoking toplevel() on ptolemy.moml.MoMLSimpleApplication@1950959
reloadAllAccessors: .Thermostat

===========================================================================================
----------------- testing Mon Jul 23 01:44:44 UTC 2018 /home/travis/build/icyphy/ptII/ptolemy/domains/continuous/test/auto/TimeDelay.xml
----------------- Instantiating /home/travis/build/icyphy/ptII/ptolemy/domains/continuous/test/auto/TimeDelay.xml
5 ms. Memory: 553984K Free: 273309K (49%)
----------------- Invoking toplevel() on ptolemy.moml.MoMLSimpleApplication@5380969d
----------------- Done invoking toplevel() on ptolemy.moml.MoMLSimpleApplication@5380969d
reloadAllAccessors: .TimeDelay

===========================================================================================
----------------- testing Mon Jul 23 01:44:44 UTC 2018 /home/travis/build/icyphy/ptII/ptolemy/domains/continuous/test/auto/TimeDelay2.xml
----------------- Instantiating /home/travis/build/icyphy/ptII/ptolemy/domains/continuous/test/auto/TimeDelay2.xml
6 ms. Memory: 553984K Free: 263010K (47%)
----------------- Invoking toplevel() on ptolemy.moml.MoMLSimpleApplication@337978f4
----------------- Done invoking toplevel() on ptolemy.moml.MoMLSimpleApplication@337978f4
reloadAllAccessors: .TimeDelay2

===========================================================================================
----------------- testing Mon Jul 23 01:44:44 UTC 2018 /home/travis/build/icyphy/ptII/ptolemy/domains/continuous/test/auto/TimeDelay3.xml
----------------- Instantiating /home/travis/build/icyphy/ptII/ptolemy/domains/continuous/test/auto/TimeDelay3.xml
6 ms. Memory: 553984K Free: 255800K (46%)
----------------- Invoking toplevel() on ptolemy.moml.MoMLSimpleApplication@28b5d4b8
----------------- Done invoking toplevel() on ptolemy.moml.MoMLSimpleApplication@28b5d4b8
reloadAllAccessors: .TimeDelay3

===========================================================================================
----------------- testing Mon Jul 23 01:44:44 UTC 2018 /home/travis/build/icyphy/ptII/ptolemy/domains/continuous/test/auto/TransferAbsentToInside.xml
----------------- Instantiating /home/travis/build/icyphy/ptII/ptolemy/domains/continuous/test/auto/TransferAbsentToInside.xml
53 ms. Memory: 553984K Free: 195018K (35%)
----------------- Invoking toplevel() on ptolemy.moml.MoMLSimpleApplication@192cb5d7
----------------- Done invoking toplevel() on ptolemy.moml.MoMLSimpleApplication@192cb5d7
reloadAllAccessors: .TransferAbsentToInside

===========================================================================================
----------------- testing Mon Jul 23 01:44:44 UTC 2018 /home/travis/build/icyphy/ptII/ptolemy/domains/continuous/test/auto/Transmission.xml
----------------- Instantiating /home/travis/build/icyphy/ptII/ptolemy/domains/continuous/test/auto/Transmission.xml
742 ms. Memory: 531968K Free: 404550K (76%)
----------------- Invoking toplevel() on ptolemy.moml.MoMLSimpleApplication@4ced2a31
----------------- Done invoking toplevel() on ptolemy.moml.MoMLSimpleApplication@4ced2a31
reloadAllAccessors: .Transmission

===========================================================================================
----------------- testing Mon Jul 23 01:44:45 UTC 2018 /home/travis/build/icyphy/ptII/ptolemy/domains/continuous/test/auto/TriggeredContinuousClock.xml
----------------- Instantiating /home/travis/build/icyphy/ptII/ptolemy/domains/continuous/test/auto/TriggeredContinuousClock.xml
35 ms. Memory: 531968K Free: 368883K (69%)
----------------- Invoking toplevel() on ptolemy.moml.MoMLSimpleApplication@11a7cc97
----------------- Done invoking toplevel() on ptolemy.moml.MoMLSimpleApplication@11a7cc97
reloadAllAccessors: .TriggeredContinuousClock

===========================================================================================
----------------- testing Mon Jul 23 01:44:45 UTC 2018 /home/travis/build/icyphy/ptII/ptolemy/domains/continuous/test/auto/TwoMachineInfiniteBusControl.xml
----------------- Instantiating /home/travis/build/icyphy/ptII/ptolemy/domains/continuous/test/auto/TwoMachineInfiniteBusControl.xml
2571 ms. Memory: 512000K Free: 245314K (48%)
----------------- Invoking toplevel() on ptolemy.moml.MoMLSimpleApplication@3c7d8d73
----------------- Done invoking toplevel() on ptolemy.moml.MoMLSimpleApplication@3c7d8d73
reloadAllAccessors: .TwoMachineInfiniteBusControl

===========================================================================================
----------------- testing Mon Jul 23 01:44:47 UTC 2018 /home/travis/build/icyphy/ptII/ptolemy/domains/continuous/test/auto/V2V.xml
----------------- Instantiating /home/travis/build/icyphy/ptII/ptolemy/domains/continuous/test/auto/V2V.xml
656 ms. Memory: 512000K Free: 48737K (10%)
----------------- Invoking toplevel() on ptolemy.moml.MoMLSimpleApplication@12652601
----------------- Done invoking toplevel() on ptolemy.moml.MoMLSimpleApplication@12652601
reloadAllAccessors: .V2V

===========================================================================================
----------------- testing Mon Jul 23 01:44:48 UTC 2018 /home/travis/build/icyphy/ptII/ptolemy/domains/continuous/test/auto/hierarchicalModalModel.xml
----------------- Instantiating /home/travis/build/icyphy/ptII/ptolemy/domains/continuous/test/auto/hierarchicalModalModel.xml
7 ms. Memory: 512000K Free: 30649K (6%)
----------------- Invoking toplevel() on ptolemy.moml.MoMLSimpleApplication@17da9c4b
----------------- Done invoking toplevel() on ptolemy.moml.MoMLSimpleApplication@17da9c4b
reloadAllAccessors: .hierarchicalModalModel

===========================================================================================
----------------- testing Mon Jul 23 01:44:48 UTC 2018 /home/travis/build/icyphy/ptII/ptolemy/domains/continuous/test/auto/hierarchicalModalModel1.xml
----------------- Instantiating /home/travis/build/icyphy/ptII/ptolemy/domains/continuous/test/auto/hierarchicalModalModel1.xml
12 ms. Memory: 512000K Free: 12568K (2%)
----------------- Invoking toplevel() on ptolemy.moml.MoMLSimpleApplication@33f5b863
----------------- Done invoking toplevel() on ptolemy.moml.MoMLSimpleApplication@33f5b863
reloadAllAccessors: .hierarchicalModalModel1

===========================================================================================
----------------- testing Mon Jul 23 01:44:48 UTC 2018 /home/travis/build/icyphy/ptII/ptolemy/domains/continuous/test/auto/hierarchicalModalModel2.xml
----------------- Instantiating /home/travis/build/icyphy/ptII/ptolemy/domains/continuous/test/auto/hierarchicalModalModel2.xml
9 ms. Memory: 491008K Free: 402185K (82%)
----------------- Invoking toplevel() on ptolemy.moml.MoMLSimpleApplication@44619dfa
----------------- Done invoking toplevel() on ptolemy.moml.MoMLSimpleApplication@44619dfa
reloadAllAccessors: .hierarchicalModalModel2

===========================================================================================
----------------- testing Mon Jul 23 01:44:48 UTC 2018 /home/travis/build/icyphy/ptII/ptolemy/domains/continuous/test/auto/hierarchicalModalModel3.xml
----------------- Instantiating /home/travis/build/icyphy/ptII/ptolemy/domains/continuous/test/auto/hierarchicalModalModel3.xml
6 ms. Memory: 491008K Free: 386927K (79%)
----------------- Invoking toplevel() on ptolemy.moml.MoMLSimpleApplication@765d12e8
----------------- Done invoking toplevel() on ptolemy.moml.MoMLSimpleApplication@765d12e8
reloadAllAccessors: .hierarchicalModalModel3

===========================================================================================
----------------- testing Mon Jul 23 01:44:48 UTC 2018 /home/travis/build/icyphy/ptII/ptolemy/domains/continuous/test/auto/hierarchicalModalModel4.xml
----------------- Instantiating /home/travis/build/icyphy/ptII/ptolemy/domains/continuous/test/auto/hierarchicalModalModel4.xml
6 ms. Memory: 491008K Free: 371670K (76%)
----------------- Invoking toplevel() on ptolemy.moml.MoMLSimpleApplication@7263a8d
----------------- Done invoking toplevel() on ptolemy.moml.MoMLSimpleApplication@7263a8d
reloadAllAccessors: .hierarchicalModalModel4

===========================================================================================
----------------- testing Mon Jul 23 01:44:48 UTC 2018 /home/travis/build/icyphy/ptII/ptolemy/domains/continuous/test/auto/junk.xml
----------------- Instantiating /home/travis/build/icyphy/ptII/ptolemy/domains/continuous/test/auto/junk.xml
132 ms. Memory: 491008K Free: 340081K (69%)
----------------- Invoking toplevel() on ptolemy.moml.MoMLSimpleApplication@54a31b22
----------------- Done invoking toplevel() on ptolemy.moml.MoMLSimpleApplication@54a31b22
reloadAllAccessors: .junk
AutoTests.java: About to close Vertx.
AutoTests.java: Vertx closed.
]]></system-out>
  <system-err><![CDATA[Warning: '.IncreasingRatePoisson.NonStrictTest' The test produced only 392 tokens, yet the correctValues parameter was expecting 402 tokens.
]]></system-err>
</testsuite>
