<?xml version="1.0" encoding="UTF-8" ?>
<testsuite errors="0" failures="0" hostname="travis-job-40ca9f2c-1476-4c80-81fa-4027e7d308e6" name="ptolemy.domains.continuous.test.junit.JUnitTclTest" skipped="0" tests="156" time="81.324" timestamp="2019-11-10T06:11:04">
  <properties>
[...]
</properties>
  <testcase classname="ptolemy.util.test.junit.TclTests" name="[0] ThereAreNoTclTests (RunTclFile)" time="0.022" />
  <testcase classname="ptolemy.util.test.junit.AutoKnownFailedTests" name="[0] ThereAreNoKnowFailedTests (RunModel)" time="0.006" />
  <testcase classname="ptolemy.util.test.junit.AutoNameArchTests" name="[0] ThereAreNoAutoArchTests (RunModel)" time="0.017" />
  <testcase classname="ptolemy.util.test.junit.AutoTests" name="[0] /home/travis/build/icyphy/ptII/ptolemy/domains/continuous/test/auto/BouncingBall.xml (RunModel)" time="3.114" />
  <testcase classname="ptolemy.util.test.junit.AutoTests" name="[1] /home/travis/build/icyphy/ptII/ptolemy/domains/continuous/test/auto/BouncingBallWithoutGR.xml (RunModel)" time="0.912" />
  <testcase classname="ptolemy.util.test.junit.AutoTests" name="[2] /home/travis/build/icyphy/ptII/ptolemy/domains/continuous/test/auto/Brownian.xml (RunModel)" time="0.127" />
  <testcase classname="ptolemy.util.test.junit.AutoTests" name="[3] /home/travis/build/icyphy/ptII/ptolemy/domains/continuous/test/auto/CarTracking.xml (RunModel)" time="4.532" />
  <testcase classname="ptolemy.util.test.junit.AutoTests" name="[4] /home/travis/build/icyphy/ptII/ptolemy/domains/continuous/test/auto/CartPendulum.xml (RunModel)" time="0.605" />
  <testcase classname="ptolemy.util.test.junit.AutoTests" name="[5] /home/travis/build/icyphy/ptII/ptolemy/domains/continuous/test/auto/CausalityInterface10.xml (RunModel)" time="0.054" />
  <testcase classname="ptolemy.util.test.junit.AutoTests" name="[6] /home/travis/build/icyphy/ptII/ptolemy/domains/continuous/test/auto/CausalityInterface11.xml (RunModel)" time="0.042" />
  <testcase classname="ptolemy.util.test.junit.AutoTests" name="[7] /home/travis/build/icyphy/ptII/ptolemy/domains/continuous/test/auto/CausalityInterface12.xml (RunModel)" time="0.041" />
  <testcase classname="ptolemy.util.test.junit.AutoTests" name="[8] /home/travis/build/icyphy/ptII/ptolemy/domains/continuous/test/auto/CausalityInterface13.xml (RunModel)" time="0.039" />
  <testcase classname="ptolemy.util.test.junit.AutoTests" name="[9] /home/travis/build/icyphy/ptII/ptolemy/domains/continuous/test/auto/CausalityInterface14.xml (RunModel)" time="0.033" />
  <testcase classname="ptolemy.util.test.junit.AutoTests" name="[10] /home/travis/build/icyphy/ptII/ptolemy/domains/continuous/test/auto/CausalityInterface4.xml (RunModel)" time="0.03" />
  <testcase classname="ptolemy.util.test.junit.AutoTests" name="[11] /home/travis/build/icyphy/ptII/ptolemy/domains/continuous/test/auto/CausalityInterface5.xml (RunModel)" time="0.034" />
  <testcase classname="ptolemy.util.test.junit.AutoTests" name="[12] /home/travis/build/icyphy/ptII/ptolemy/domains/continuous/test/auto/CausalityInterface6.xml (RunModel)" time="0.028" />
  <testcase classname="ptolemy.util.test.junit.AutoTests" name="[13] /home/travis/build/icyphy/ptII/ptolemy/domains/continuous/test/auto/CausalityInterface7.xml (RunModel)" time="0.042" />
  <testcase classname="ptolemy.util.test.junit.AutoTests" name="[14] /home/travis/build/icyphy/ptII/ptolemy/domains/continuous/test/auto/CausalityInterface8.xml (RunModel)" time="0.036" />
  <testcase classname="ptolemy.util.test.junit.AutoTests" name="[15] /home/travis/build/icyphy/ptII/ptolemy/domains/continuous/test/auto/CausalityInterface9.xml (RunModel)" time="0.057" />
  <testcase classname="ptolemy.util.test.junit.AutoTests" name="[16] /home/travis/build/icyphy/ptII/ptolemy/domains/continuous/test/auto/CausalityInterfaceFeedback1.xml (RunModel)" time="0.027" />
  <testcase classname="ptolemy.util.test.junit.AutoTests" name="[17] /home/travis/build/icyphy/ptII/ptolemy/domains/continuous/test/auto/CausalityInterfaceFeedback2.xml (RunModel)" time="0.035" />
  <testcase classname="ptolemy.util.test.junit.AutoTests" name="[18] /home/travis/build/icyphy/ptII/ptolemy/domains/continuous/test/auto/CompareWithCurrentTime.xml (RunModel)" time="0.02" />
  <testcase classname="ptolemy.util.test.junit.AutoTests" name="[19] /home/travis/build/icyphy/ptII/ptolemy/domains/continuous/test/auto/ComparedClocks.xml (RunModel)" time="0.075" />
  <testcase classname="ptolemy.util.test.junit.AutoTests" name="[20] /home/travis/build/icyphy/ptII/ptolemy/domains/continuous/test/auto/ContinuousAOCClone.xml (RunModel)" time="3.194" />
  <testcase classname="ptolemy.util.test.junit.AutoTests" name="[21] /home/travis/build/icyphy/ptII/ptolemy/domains/continuous/test/auto/ContinuousClock.xml (RunModel)" time="0.069" />
  <testcase classname="ptolemy.util.test.junit.AutoTests" name="[22] /home/travis/build/icyphy/ptII/ptolemy/domains/continuous/test/auto/ContinuousInContinuous.xml (RunModel)" time="0.081" />
  <testcase classname="ptolemy.util.test.junit.AutoTests" name="[23] /home/travis/build/icyphy/ptII/ptolemy/domains/continuous/test/auto/ContinuousInContinuousInContinuous.xml (RunModel)" time="0.025" />
  <testcase classname="ptolemy.util.test.junit.AutoTests" name="[24] /home/travis/build/icyphy/ptII/ptolemy/domains/continuous/test/auto/ContinuousInDE.xml (RunModel)" time="0.126" />
  <testcase classname="ptolemy.util.test.junit.AutoTests" name="[25] /home/travis/build/icyphy/ptII/ptolemy/domains/continuous/test/auto/ContinuousInDE2.xml (RunModel)" time="0.057" />
  <testcase classname="ptolemy.util.test.junit.AutoTests" name="[26] /home/travis/build/icyphy/ptII/ptolemy/domains/continuous/test/auto/ContinuousInDE3.xml (RunModel)" time="0.064" />
  <testcase classname="ptolemy.util.test.junit.AutoTests" name="[27] /home/travis/build/icyphy/ptII/ptolemy/domains/continuous/test/auto/ContinuousInDE4.xml (RunModel)" time="0.034" />
  <testcase classname="ptolemy.util.test.junit.AutoTests" name="[28] /home/travis/build/icyphy/ptII/ptolemy/domains/continuous/test/auto/ContinuousInDEDifferentRefinements.xml (RunModel)" time="0.11" />
  <testcase classname="ptolemy.util.test.junit.AutoTests" name="[29] /home/travis/build/icyphy/ptII/ptolemy/domains/continuous/test/auto/ContinuousInDEDifferentRefinementsPreemptive.xml (RunModel)" time="0.094" />
  <testcase classname="ptolemy.util.test.junit.AutoTests" name="[30] /home/travis/build/icyphy/ptII/ptolemy/domains/continuous/test/auto/ContinuousInDEInContinuous2.xml (RunModel)" time="0.063" />
  <testcase classname="ptolemy.util.test.junit.AutoTests" name="[31] /home/travis/build/icyphy/ptII/ptolemy/domains/continuous/test/auto/ContinuousInDEInContinuous3.xml (RunModel)" time="0.06" />
  <testcase classname="ptolemy.util.test.junit.AutoTests" name="[32] /home/travis/build/icyphy/ptII/ptolemy/domains/continuous/test/auto/ContinuousInDEInput.xml (RunModel)" time="0.034" />
  <testcase classname="ptolemy.util.test.junit.AutoTests" name="[33] /home/travis/build/icyphy/ptII/ptolemy/domains/continuous/test/auto/ContinuousInDEInput2.xml (RunModel)" time="0.032" />
  <testcase classname="ptolemy.util.test.junit.AutoTests" name="[34] /home/travis/build/icyphy/ptII/ptolemy/domains/continuous/test/auto/ContinuousInDEInput3.xml (RunModel)" time="0.033" />
  <testcase classname="ptolemy.util.test.junit.AutoTests" name="[35] /home/travis/build/icyphy/ptII/ptolemy/domains/continuous/test/auto/ContinuousInDESharingRefinement.xml (RunModel)" time="0.193" />
  <testcase classname="ptolemy.util.test.junit.AutoTests" name="[36] /home/travis/build/icyphy/ptII/ptolemy/domains/continuous/test/auto/ContinuousInDEwithNoPorts.xml (RunModel)" time="0.02" />
  <testcase classname="ptolemy.util.test.junit.AutoTests" name="[37] /home/travis/build/icyphy/ptII/ptolemy/domains/continuous/test/auto/ContinuousInsideDE.xml (RunModel)" time="0.092" />
  <testcase classname="ptolemy.util.test.junit.AutoTests" name="[38] /home/travis/build/icyphy/ptII/ptolemy/domains/continuous/test/auto/ContinuousMerge1.xml (RunModel)" time="0.023" />
  <testcase classname="ptolemy.util.test.junit.AutoTests" name="[39] /home/travis/build/icyphy/ptII/ptolemy/domains/continuous/test/auto/ContinuousMerge2.xml (RunModel)" time="0.048" />
  <testcase classname="ptolemy.util.test.junit.AutoTests" name="[40] /home/travis/build/icyphy/ptII/ptolemy/domains/continuous/test/auto/ContinuousMerge3.xml (RunModel)" time="0.079" />
  <testcase classname="ptolemy.util.test.junit.AutoTests" name="[41] /home/travis/build/icyphy/ptII/ptolemy/domains/continuous/test/auto/ContinuousWithinContinuous.xml (RunModel)" time="0.068" />
  <testcase classname="ptolemy.util.test.junit.AutoTests" name="[42] /home/travis/build/icyphy/ptII/ptolemy/domains/continuous/test/auto/ContinuousWithinContinuous2.xml (RunModel)" time="0.106" />
  <testcase classname="ptolemy.util.test.junit.AutoTests" name="[43] /home/travis/build/icyphy/ptII/ptolemy/domains/continuous/test/auto/ContinuousWithinContinuous3.xml (RunModel)" time="0.034" />
  <testcase classname="ptolemy.util.test.junit.AutoTests" name="[44] /home/travis/build/icyphy/ptII/ptolemy/domains/continuous/test/auto/ContinuousWithinContinuous4.xml (RunModel)" time="0.099" />
  <testcase classname="ptolemy.util.test.junit.AutoTests" name="[45] /home/travis/build/icyphy/ptII/ptolemy/domains/continuous/test/auto/ContinuousWithinContinuous5.xml (RunModel)" time="0.033" />
  <testcase classname="ptolemy.util.test.junit.AutoTests" name="[46] /home/travis/build/icyphy/ptII/ptolemy/domains/continuous/test/auto/ContinuousWithinContinuous6.xml (RunModel)" time="0.031" />
  <testcase classname="ptolemy.util.test.junit.AutoTests" name="[47] /home/travis/build/icyphy/ptII/ptolemy/domains/continuous/test/auto/ContinuousWithinContinuous7.xml (RunModel)" time="0.087" />
  <testcase classname="ptolemy.util.test.junit.AutoTests" name="[48] /home/travis/build/icyphy/ptII/ptolemy/domains/continuous/test/auto/DCMotor.xml (RunModel)" time="16.683" />
  <testcase classname="ptolemy.util.test.junit.AutoTests" name="[49] /home/travis/build/icyphy/ptII/ptolemy/domains/continuous/test/auto/DEInContinuous.xml (RunModel)" time="0.024" />
  <testcase classname="ptolemy.util.test.junit.AutoTests" name="[50] /home/travis/build/icyphy/ptII/ptolemy/domains/continuous/test/auto/DEinContinuous2.xml (RunModel)" time="0.022" />
  <testcase classname="ptolemy.util.test.junit.AutoTests" name="[51] /home/travis/build/icyphy/ptII/ptolemy/domains/continuous/test/auto/Derivative.xml (RunModel)" time="0.182" />
  <testcase classname="ptolemy.util.test.junit.AutoTests" name="[52] /home/travis/build/icyphy/ptII/ptolemy/domains/continuous/test/auto/Derivative1.xml (RunModel)" time="0.039" />
  <testcase classname="ptolemy.util.test.junit.AutoTests" name="[53] /home/travis/build/icyphy/ptII/ptolemy/domains/continuous/test/auto/DiscreteClock.xml (RunModel)" time="0.013" />
  <testcase classname="ptolemy.util.test.junit.AutoTests" name="[54] /home/travis/build/icyphy/ptII/ptolemy/domains/continuous/test/auto/EfficiencyCurve.xml (RunModel)" time="0.074" />
  <testcase classname="ptolemy.util.test.junit.AutoTests" name="[55] /home/travis/build/icyphy/ptII/ptolemy/domains/continuous/test/auto/ExponentialResponse.xml (RunModel)" time="0.122" />
  <testcase classname="ptolemy.util.test.junit.AutoTests" name="[56] /home/travis/build/icyphy/ptII/ptolemy/domains/continuous/test/auto/ExponentialResponseRK45.xml (RunModel)" time="0.035" />
  <testcase classname="ptolemy.util.test.junit.AutoTests" name="[57] /home/travis/build/icyphy/ptII/ptolemy/domains/continuous/test/auto/Friction.xml (RunModel)" time="1.531" />
  <testcase classname="ptolemy.util.test.junit.AutoTests" name="[58] /home/travis/build/icyphy/ptII/ptolemy/domains/continuous/test/auto/FurutaPendulum.xml (RunModel)" time="3.687" />
  <testcase classname="ptolemy.util.test.junit.AutoTests" name="[59] /home/travis/build/icyphy/ptII/ptolemy/domains/continuous/test/auto/HierarchicalExecution.xml (RunModel)" time="2.782" />
  <testcase classname="ptolemy.util.test.junit.AutoTests" name="[60] /home/travis/build/icyphy/ptII/ptolemy/domains/continuous/test/auto/HybridPlant.xml (RunModel)" time="0.559" />
  <testcase classname="ptolemy.util.test.junit.AutoTests" name="[61] /home/travis/build/icyphy/ptII/ptolemy/domains/continuous/test/auto/Hysteresis.xml (RunModel)" time="0.195" />
  <testcase classname="ptolemy.util.test.junit.AutoTests" name="[62] /home/travis/build/icyphy/ptII/ptolemy/domains/continuous/test/auto/HysteresisWithRandomDelay.xml (RunModel)" time="0.246" />
  <testcase classname="ptolemy.util.test.junit.AutoTests" name="[63] /home/travis/build/icyphy/ptII/ptolemy/domains/continuous/test/auto/HysteresisWithRandomLosses.xml (RunModel)" time="2.676" />
  <testcase classname="ptolemy.util.test.junit.AutoTests" name="[64] /home/travis/build/icyphy/ptII/ptolemy/domains/continuous/test/auto/ImmediateTransitions.xml (RunModel)" time="0.036" />
  <testcase classname="ptolemy.util.test.junit.AutoTests" name="[65] /home/travis/build/icyphy/ptII/ptolemy/domains/continuous/test/auto/ImpulseFeedback.xml (RunModel)" time="0.022" />
  <testcase classname="ptolemy.util.test.junit.AutoTests" name="[66] /home/travis/build/icyphy/ptII/ptolemy/domains/continuous/test/auto/ImpulseFeedback2.xml (RunModel)" time="0.017" />
  <testcase classname="ptolemy.util.test.junit.AutoTests" name="[67] /home/travis/build/icyphy/ptII/ptolemy/domains/continuous/test/auto/IncreasingRatePoisson.xml (RunModel)" time="0.787" />
  <testcase classname="ptolemy.util.test.junit.AutoTests" name="[68] /home/travis/build/icyphy/ptII/ptolemy/domains/continuous/test/auto/InitialStateFeedback.xml (RunModel)" time="0.022" />
  <testcase classname="ptolemy.util.test.junit.AutoTests" name="[69] /home/travis/build/icyphy/ptII/ptolemy/domains/continuous/test/auto/Integration.xml (RunModel)" time="0.008" />
  <testcase classname="ptolemy.util.test.junit.AutoTests" name="[70] /home/travis/build/icyphy/ptII/ptolemy/domains/continuous/test/auto/Integration2.xml (RunModel)" time="0.089" />
  <testcase classname="ptolemy.util.test.junit.AutoTests" name="[71] /home/travis/build/icyphy/ptII/ptolemy/domains/continuous/test/auto/Integration3.xml (RunModel)" time="0.027" />
  <testcase classname="ptolemy.util.test.junit.AutoTests" name="[72] /home/travis/build/icyphy/ptII/ptolemy/domains/continuous/test/auto/Integration5.xml (RunModel)" time="0.01" />
  <testcase classname="ptolemy.util.test.junit.AutoTests" name="[73] /home/travis/build/icyphy/ptII/ptolemy/domains/continuous/test/auto/IntegratorImpulse.xml (RunModel)" time="0.01" />
  <testcase classname="ptolemy.util.test.junit.AutoTests" name="[74] /home/travis/build/icyphy/ptII/ptolemy/domains/continuous/test/auto/IntegratorImpulse2.xml (RunModel)" time="0.01" />
  <testcase classname="ptolemy.util.test.junit.AutoTests" name="[75] /home/travis/build/icyphy/ptII/ptolemy/domains/continuous/test/auto/LevelCrossing1.xml (RunModel)" time="0.011" />
  <testcase classname="ptolemy.util.test.junit.AutoTests" name="[76] /home/travis/build/icyphy/ptII/ptolemy/domains/continuous/test/auto/LevelCrossing2.xml (RunModel)" time="0.012" />
  <testcase classname="ptolemy.util.test.junit.AutoTests" name="[77] /home/travis/build/icyphy/ptII/ptolemy/domains/continuous/test/auto/LevelCrossing3.xml (RunModel)" time="0.015" />
  <testcase classname="ptolemy.util.test.junit.AutoTests" name="[78] /home/travis/build/icyphy/ptII/ptolemy/domains/continuous/test/auto/LevelCrossing4.xml (RunModel)" time="0.014" />
  <testcase classname="ptolemy.util.test.junit.AutoTests" name="[79] /home/travis/build/icyphy/ptII/ptolemy/domains/continuous/test/auto/LevelCrossing5.xml (RunModel)" time="0.014" />
  <testcase classname="ptolemy.util.test.junit.AutoTests" name="[80] /home/travis/build/icyphy/ptII/ptolemy/domains/continuous/test/auto/LevelCrossing6.xml (RunModel)" time="0.011" />
  <testcase classname="ptolemy.util.test.junit.AutoTests" name="[81] /home/travis/build/icyphy/ptII/ptolemy/domains/continuous/test/auto/LevelCrossingDetector.xml (RunModel)" time="0.038" />
  <testcase classname="ptolemy.util.test.junit.AutoTests" name="[82] /home/travis/build/icyphy/ptII/ptolemy/domains/continuous/test/auto/LevelCrossingDetectorDetectingDirections.xml (RunModel)" time="0.085" />
  <testcase classname="ptolemy.util.test.junit.AutoTests" name="[83] /home/travis/build/icyphy/ptII/ptolemy/domains/continuous/test/auto/LevelCrossingDetectorDetectsGlitches.xml (RunModel)" time="0.061" />
  <testcase classname="ptolemy.util.test.junit.AutoTests" name="[84] /home/travis/build/icyphy/ptII/ptolemy/domains/continuous/test/auto/LevelCrossingNoInitialOuput.xml (RunModel)" time="0.012" />
  <testcase classname="ptolemy.util.test.junit.AutoTests" name="[85] /home/travis/build/icyphy/ptII/ptolemy/domains/continuous/test/auto/LinearStateSpaceExample.xml (RunModel)" time="0.068" />
  <testcase classname="ptolemy.util.test.junit.AutoTests" name="[86] /home/travis/build/icyphy/ptII/ptolemy/domains/continuous/test/auto/Lorenz.xml (RunModel)" time="4.173" />
  <testcase classname="ptolemy.util.test.junit.AutoTests" name="[87] /home/travis/build/icyphy/ptII/ptolemy/domains/continuous/test/auto/LorenzDifferentialSystem.xml (RunModel)" time="1.228" />
  <testcase classname="ptolemy.util.test.junit.AutoTests" name="[88] /home/travis/build/icyphy/ptII/ptolemy/domains/continuous/test/auto/LorenzDifferentialSystemWithInput.xml (RunModel)" time="1.411" />
  <testcase classname="ptolemy.util.test.junit.AutoTests" name="[89] /home/travis/build/icyphy/ptII/ptolemy/domains/continuous/test/auto/LorenzDifferentialSystemWithTime.xml (RunModel)" time="0.754" />
  <testcase classname="ptolemy.util.test.junit.AutoTests" name="[90] /home/travis/build/icyphy/ptII/ptolemy/domains/continuous/test/auto/Microsteps.xml (RunModel)" time="0.018" />
  <testcase classname="ptolemy.util.test.junit.AutoTests" name="[91] /home/travis/build/icyphy/ptII/ptolemy/domains/continuous/test/auto/Modal1.xml (RunModel)" time="0.042" />
  <testcase classname="ptolemy.util.test.junit.AutoTests" name="[92] /home/travis/build/icyphy/ptII/ptolemy/domains/continuous/test/auto/Modal2.xml (RunModel)" time="0.044" />
  <testcase classname="ptolemy.util.test.junit.AutoTests" name="[93] /home/travis/build/icyphy/ptII/ptolemy/domains/continuous/test/auto/ModalTransitionGuardWithReset.xml (RunModel)" time="0.031" />
  <testcase classname="ptolemy.util.test.junit.AutoTests" name="[94] /home/travis/build/icyphy/ptII/ptolemy/domains/continuous/test/auto/ModalTransitionGuardWithResetUsingPreemptiveTransition.xml (RunModel)" time="0.028" />
  <testcase classname="ptolemy.util.test.junit.AutoTests" name="[95] /home/travis/build/icyphy/ptII/ptolemy/domains/continuous/test/auto/ModalTransitionGuardWithResetUsingPreemptiveTransition2.xml (RunModel)" time="0.032" />
  <testcase classname="ptolemy.util.test.junit.AutoTests" name="[96] /home/travis/build/icyphy/ptII/ptolemy/domains/continuous/test/auto/ModalTransitionGuardWithResetUsingPreemptiveTransition3.xml (RunModel)" time="0.03" />
  <testcase classname="ptolemy.util.test.junit.AutoTests" name="[97] /home/travis/build/icyphy/ptII/ptolemy/domains/continuous/test/auto/NewtonsCradle.xml (RunModel)" time="0.815" />
  <testcase classname="ptolemy.util.test.junit.AutoTests" name="[98] /home/travis/build/icyphy/ptII/ptolemy/domains/continuous/test/auto/NewtonsCradleAnimated.xml (RunModel)" time="1.401" />
  <testcase classname="ptolemy.util.test.junit.AutoTests" name="[99] /home/travis/build/icyphy/ptII/ptolemy/domains/continuous/test/auto/NewtonsCradleComplicated.xml (RunModel)" time="0.986" />
  <testcase classname="ptolemy.util.test.junit.AutoTests" name="[100] /home/travis/build/icyphy/ptII/ptolemy/domains/continuous/test/auto/NewtonsCradleNondeterministic.xml (RunModel)" time="0.695" />
  <testcase classname="ptolemy.util.test.junit.AutoTests" name="[101] /home/travis/build/icyphy/ptII/ptolemy/domains/continuous/test/auto/NewtonsCradlePerfectlyInelastic1.xml (RunModel)" time="1.283" />
  <testcase classname="ptolemy.util.test.junit.AutoTests" name="[102] /home/travis/build/icyphy/ptII/ptolemy/domains/continuous/test/auto/Noise.xml (RunModel)" time="0.219" />
  <testcase classname="ptolemy.util.test.junit.AutoTests" name="[103] /home/travis/build/icyphy/ptII/ptolemy/domains/continuous/test/auto/NoiseSpectrum.xml (RunModel)" time="0.823" />
  <testcase classname="ptolemy.util.test.junit.AutoTests" name="[104] /home/travis/build/icyphy/ptII/ptolemy/domains/continuous/test/auto/ParameterizedNewtonsCradleAnimated.xml (RunModel)" time="0.374" />
  <testcase classname="ptolemy.util.test.junit.AutoTests" name="[105] /home/travis/build/icyphy/ptII/ptolemy/domains/continuous/test/auto/ParameterizedNewtonsCradleAnimatedNondeterministic.xml (RunModel)" time="1.176" />
  <testcase classname="ptolemy.util.test.junit.AutoTests" name="[106] /home/travis/build/icyphy/ptII/ptolemy/domains/continuous/test/auto/Pendulum3D.xml (RunModel)" time="0.163" />
  <testcase classname="ptolemy.util.test.junit.AutoTests" name="[107] /home/travis/build/icyphy/ptII/ptolemy/domains/continuous/test/auto/PeriodicSampler.xml (RunModel)" time="0.013" />
  <testcase classname="ptolemy.util.test.junit.AutoTests" name="[108] /home/travis/build/icyphy/ptII/ptolemy/domains/continuous/test/auto/PeriodicSampler1.xml (RunModel)" time="0.041" />
  <testcase classname="ptolemy.util.test.junit.AutoTests" name="[109] /home/travis/build/icyphy/ptII/ptolemy/domains/continuous/test/auto/PeriodicSampler2.xml (RunModel)" time="0.077" />
  <testcase classname="ptolemy.util.test.junit.AutoTests" name="[110] /home/travis/build/icyphy/ptII/ptolemy/domains/continuous/test/auto/Poisson.xml (RunModel)" time="0.536" />
  <testcase classname="ptolemy.util.test.junit.AutoTests" name="[111] /home/travis/build/icyphy/ptII/ptolemy/domains/continuous/test/auto/PoissonClock.xml (RunModel)" time="0.023" />
  <testcase classname="ptolemy.util.test.junit.AutoTests" name="[112] /home/travis/build/icyphy/ptII/ptolemy/domains/continuous/test/auto/PoissonClock2.xml (RunModel)" time="0.013" />
  <testcase classname="ptolemy.util.test.junit.AutoTests" name="[113] /home/travis/build/icyphy/ptII/ptolemy/domains/continuous/test/auto/PortParameterHierarchy.xml (RunModel)" time="0.02" />
  <testcase classname="ptolemy.util.test.junit.AutoTests" name="[114] /home/travis/build/icyphy/ptII/ptolemy/domains/continuous/test/auto/RandomHybridPlant.xml (RunModel)" time="0.53" />
  <testcase classname="ptolemy.util.test.junit.AutoTests" name="[115] /home/travis/build/icyphy/ptII/ptolemy/domains/continuous/test/auto/ResetTransitionWithStartTime1.xml (RunModel)" time="0.031" />
  <testcase classname="ptolemy.util.test.junit.AutoTests" name="[116] /home/travis/build/icyphy/ptII/ptolemy/domains/continuous/test/auto/ResetTransitionWithStartTime2.xml (RunModel)" time="0.037" />
  <testcase classname="ptolemy.util.test.junit.AutoTests" name="[117] /home/travis/build/icyphy/ptII/ptolemy/domains/continuous/test/auto/ResetTransitionWithStartTime3.xml (RunModel)" time="0.036" />
  <testcase classname="ptolemy.util.test.junit.AutoTests" name="[118] /home/travis/build/icyphy/ptII/ptolemy/domains/continuous/test/auto/ResetTransitionWithStartTime4.xml (RunModel)" time="0.024" />
  <testcase classname="ptolemy.util.test.junit.AutoTests" name="[119] /home/travis/build/icyphy/ptII/ptolemy/domains/continuous/test/auto/ResetTransitionWithStartTime5.xml (RunModel)" time="0.034" />
  <testcase classname="ptolemy.util.test.junit.AutoTests" name="[120] /home/travis/build/icyphy/ptII/ptolemy/domains/continuous/test/auto/ResetTransitionWithStartTime6.xml (RunModel)" time="0.028" />
  <testcase classname="ptolemy.util.test.junit.AutoTests" name="[121] /home/travis/build/icyphy/ptII/ptolemy/domains/continuous/test/auto/SRinContinuous.xml (RunModel)" time="0.019" />
  <testcase classname="ptolemy.util.test.junit.AutoTests" name="[122] /home/travis/build/icyphy/ptII/ptolemy/domains/continuous/test/auto/SampledClocks.xml (RunModel)" time="0.034" />
  <testcase classname="ptolemy.util.test.junit.AutoTests" name="[123] /home/travis/build/icyphy/ptII/ptolemy/domains/continuous/test/auto/Satellite.xml (RunModel)" time="0.797" />
  <testcase classname="ptolemy.util.test.junit.AutoTests" name="[124] /home/travis/build/icyphy/ptII/ptolemy/domains/continuous/test/auto/SigmaDelta.xml (RunModel)" time="2.401" />
  <testcase classname="ptolemy.util.test.junit.AutoTests" name="[125] /home/travis/build/icyphy/ptII/ptolemy/domains/continuous/test/auto/SingleRefinement.xml (RunModel)" time="0.426" />
  <testcase classname="ptolemy.util.test.junit.AutoTests" name="[126] /home/travis/build/icyphy/ptII/ptolemy/domains/continuous/test/auto/SinuBouncingBall.xml (RunModel)" time="0.862" />
  <testcase classname="ptolemy.util.test.junit.AutoTests" name="[127] /home/travis/build/icyphy/ptII/ptolemy/domains/continuous/test/auto/Sinusoid.xml (RunModel)" time="0.016" />
  <testcase classname="ptolemy.util.test.junit.AutoTests" name="[128] /home/travis/build/icyphy/ptII/ptolemy/domains/continuous/test/auto/SinusoidInNoise.xml (RunModel)" time="0.942" />
  <testcase classname="ptolemy.util.test.junit.AutoTests" name="[129] /home/travis/build/icyphy/ptII/ptolemy/domains/continuous/test/auto/SinusoidRK45.xml (RunModel)" time="0.015" />
  <testcase classname="ptolemy.util.test.junit.AutoTests" name="[130] /home/travis/build/icyphy/ptII/ptolemy/domains/continuous/test/auto/SinusoidWithMultipleImpulses.xml (RunModel)" time="0.012" />
  <testcase classname="ptolemy.util.test.junit.AutoTests" name="[131] /home/travis/build/icyphy/ptII/ptolemy/domains/continuous/test/auto/SquareWave.xml (RunModel)" time="0.216" />
  <testcase classname="ptolemy.util.test.junit.AutoTests" name="[132] /home/travis/build/icyphy/ptII/ptolemy/domains/continuous/test/auto/Starmac.xml (RunModel)" time="3.407" />
  <testcase classname="ptolemy.util.test.junit.AutoTests" name="[133] /home/travis/build/icyphy/ptII/ptolemy/domains/continuous/test/auto/StaticUnits.xml (RunModel)" time="2.862" />
  <testcase classname="ptolemy.util.test.junit.AutoTests" name="[134] /home/travis/build/icyphy/ptII/ptolemy/domains/continuous/test/auto/StickyMasses.xml (RunModel)" time="0.209" />
  <testcase classname="ptolemy.util.test.junit.AutoTests" name="[135] /home/travis/build/icyphy/ptII/ptolemy/domains/continuous/test/auto/StopTime.xml (RunModel)" time="0.064" />
  <testcase classname="ptolemy.util.test.junit.AutoTests" name="[136] /home/travis/build/icyphy/ptII/ptolemy/domains/continuous/test/auto/StopTime2.xml (RunModel)" time="0.054" />
  <testcase classname="ptolemy.util.test.junit.AutoTests" name="[137] /home/travis/build/icyphy/ptII/ptolemy/domains/continuous/test/auto/Switch.xml (RunModel)" time="0.058" />
  <testcase classname="ptolemy.util.test.junit.AutoTests" name="[138] /home/travis/build/icyphy/ptII/ptolemy/domains/continuous/test/auto/Thermostat.xml (RunModel)" time="0.219" />
  <testcase classname="ptolemy.util.test.junit.AutoTests" name="[139] /home/travis/build/icyphy/ptII/ptolemy/domains/continuous/test/auto/TimeDelay.xml (RunModel)" time="0.022" />
  <testcase classname="ptolemy.util.test.junit.AutoTests" name="[140] /home/travis/build/icyphy/ptII/ptolemy/domains/continuous/test/auto/TimeDelay2.xml (RunModel)" time="0.027" />
  <testcase classname="ptolemy.util.test.junit.AutoTests" name="[141] /home/travis/build/icyphy/ptII/ptolemy/domains/continuous/test/auto/TimeDelay3.xml (RunModel)" time="0.013" />
  <testcase classname="ptolemy.util.test.junit.AutoTests" name="[142] /home/travis/build/icyphy/ptII/ptolemy/domains/continuous/test/auto/TransferAbsentToInside.xml (RunModel)" time="0.114" />
  <testcase classname="ptolemy.util.test.junit.AutoTests" name="[143] /home/travis/build/icyphy/ptII/ptolemy/domains/continuous/test/auto/Transmission.xml (RunModel)" time="0.8" />
  <testcase classname="ptolemy.util.test.junit.AutoTests" name="[144] /home/travis/build/icyphy/ptII/ptolemy/domains/continuous/test/auto/TriggeredContinuousClock.xml (RunModel)" time="0.101" />
  <testcase classname="ptolemy.util.test.junit.AutoTests" name="[145] /home/travis/build/icyphy/ptII/ptolemy/domains/continuous/test/auto/TwoMachineInfiniteBusControl.xml (RunModel)" time="3.082" />
  <testcase classname="ptolemy.util.test.junit.AutoTests" name="[146] /home/travis/build/icyphy/ptII/ptolemy/domains/continuous/test/auto/V2V.xml (RunModel)" time="0.912" />
  <testcase classname="ptolemy.util.test.junit.AutoTests" name="[147] /home/travis/build/icyphy/ptII/ptolemy/domains/continuous/test/auto/hierarchicalModalModel.xml (RunModel)" time="0.032" />
  <testcase classname="ptolemy.util.test.junit.AutoTests" name="[148] /home/travis/build/icyphy/ptII/ptolemy/domains/continuous/test/auto/hierarchicalModalModel1.xml (RunModel)" time="0.031" />
  <testcase classname="ptolemy.util.test.junit.AutoTests" name="[149] /home/travis/build/icyphy/ptII/ptolemy/domains/continuous/test/auto/hierarchicalModalModel2.xml (RunModel)" time="0.025" />
  <testcase classname="ptolemy.util.test.junit.AutoTests" name="[150] /home/travis/build/icyphy/ptII/ptolemy/domains/continuous/test/auto/hierarchicalModalModel3.xml (RunModel)" time="0.023" />
  <testcase classname="ptolemy.util.test.junit.AutoTests" name="[151] /home/travis/build/icyphy/ptII/ptolemy/domains/continuous/test/auto/hierarchicalModalModel4.xml (RunModel)" time="0.026" />
  <testcase classname="ptolemy.util.test.junit.AutoTests" name="[152] /home/travis/build/icyphy/ptII/ptolemy/domains/continuous/test/auto/junk.xml (RunModel)" time="0.165" />
  <system-out><![CDATA[No tcl tests in /home/travis/build/icyphy/ptII/ptolemy/domains/continuous/test
No auto/knownFailedTests/*.xml tests in /home/travis/build/icyphy/ptII/ptolemy/domains/continuous/test
No auto/linux-amd64/*.xml tests in /home/travis/build/icyphy/ptII/ptolemy/domains/continuous/test
AutoTests.java: About to close Vertx.
AutoTests.java: Vertx closed.

===========================================================================================
----------------- testing Sun Nov 10 06:11:05 UTC 2019 /home/travis/build/icyphy/ptII/ptolemy/domains/continuous/test/auto/BouncingBall.xml
----------------- Instantiating /home/travis/build/icyphy/ptII/ptolemy/domains/continuous/test/auto/BouncingBall.xml
2413 ms. Memory: 150528K Free: 53034K (35%)
----------------- Invoking toplevel() on ptolemy.moml.MoMLSimpleApplication@def6e1a
----------------- Done invoking toplevel() on ptolemy.moml.MoMLSimpleApplication@def6e1a
reloadAllAccessors: .BouncingBall

===========================================================================================
----------------- testing Sun Nov 10 06:11:08 UTC 2019 /home/travis/build/icyphy/ptII/ptolemy/domains/continuous/test/auto/BouncingBallWithoutGR.xml
----------------- Instantiating /home/travis/build/icyphy/ptII/ptolemy/domains/continuous/test/auto/BouncingBallWithoutGR.xml
776 ms. Memory: 150528K Free: 49819K (33%)
----------------- Invoking toplevel() on ptolemy.moml.MoMLSimpleApplication@3b5fb688
----------------- Done invoking toplevel() on ptolemy.moml.MoMLSimpleApplication@3b5fb688
reloadAllAccessors: .BouncingBallWithoutGR

===========================================================================================
----------------- testing Sun Nov 10 06:11:09 UTC 2019 /home/travis/build/icyphy/ptII/ptolemy/domains/continuous/test/auto/Brownian.xml
----------------- Instantiating /home/travis/build/icyphy/ptII/ptolemy/domains/continuous/test/auto/Brownian.xml
42 ms. Memory: 150528K Free: 129433K (86%)
----------------- Invoking toplevel() on ptolemy.moml.MoMLSimpleApplication@3ba00a01
----------------- Done invoking toplevel() on ptolemy.moml.MoMLSimpleApplication@3ba00a01
reloadAllAccessors: .Brownian

===========================================================================================
----------------- testing Sun Nov 10 06:11:09 UTC 2019 /home/travis/build/icyphy/ptII/ptolemy/domains/continuous/test/auto/CarTracking.xml
----------------- Instantiating /home/travis/build/icyphy/ptII/ptolemy/domains/continuous/test/auto/CarTracking.xml
4087 ms. Memory: 218112K Free: 194895K (89%)
----------------- Invoking toplevel() on ptolemy.moml.MoMLSimpleApplication@7c36fc46
----------------- Done invoking toplevel() on ptolemy.moml.MoMLSimpleApplication@7c36fc46
reloadAllAccessors: .CarTracking

===========================================================================================
----------------- testing Sun Nov 10 06:11:14 UTC 2019 /home/travis/build/icyphy/ptII/ptolemy/domains/continuous/test/auto/CartPendulum.xml
----------------- Instantiating /home/travis/build/icyphy/ptII/ptolemy/domains/continuous/test/auto/CartPendulum.xml
464 ms. Memory: 218112K Free: 104783K (48%)
----------------- Invoking toplevel() on ptolemy.moml.MoMLSimpleApplication@5323065
----------------- Done invoking toplevel() on ptolemy.moml.MoMLSimpleApplication@5323065
reloadAllAccessors: .CartPendulum

===========================================================================================
----------------- testing Sun Nov 10 06:11:14 UTC 2019 /home/travis/build/icyphy/ptII/ptolemy/domains/continuous/test/auto/CausalityInterface10.xml
----------------- Instantiating /home/travis/build/icyphy/ptII/ptolemy/domains/continuous/test/auto/CausalityInterface10.xml
12 ms. Memory: 218112K Free: 94543K (43%)
----------------- Invoking toplevel() on ptolemy.moml.MoMLSimpleApplication@3acd91b0
----------------- Done invoking toplevel() on ptolemy.moml.MoMLSimpleApplication@3acd91b0
reloadAllAccessors: .CausalityInterface10

===========================================================================================
----------------- testing Sun Nov 10 06:11:14 UTC 2019 /home/travis/build/icyphy/ptII/ptolemy/domains/continuous/test/auto/CausalityInterface11.xml
----------------- Instantiating /home/travis/build/icyphy/ptII/ptolemy/domains/continuous/test/auto/CausalityInterface11.xml
8 ms. Memory: 218112K Free: 88385K (41%)
----------------- Invoking toplevel() on ptolemy.moml.MoMLSimpleApplication@3c8677b3
----------------- Done invoking toplevel() on ptolemy.moml.MoMLSimpleApplication@3c8677b3
reloadAllAccessors: .CausalityInterface11

===========================================================================================
----------------- testing Sun Nov 10 06:11:14 UTC 2019 /home/travis/build/icyphy/ptII/ptolemy/domains/continuous/test/auto/CausalityInterface12.xml
----------------- Instantiating /home/travis/build/icyphy/ptII/ptolemy/domains/continuous/test/auto/CausalityInterface12.xml
9 ms. Memory: 218112K Free: 82241K (38%)
----------------- Invoking toplevel() on ptolemy.moml.MoMLSimpleApplication@61f2e7b2
----------------- Done invoking toplevel() on ptolemy.moml.MoMLSimpleApplication@61f2e7b2
reloadAllAccessors: .CausalityInterface12

===========================================================================================
----------------- testing Sun Nov 10 06:11:15 UTC 2019 /home/travis/build/icyphy/ptII/ptolemy/domains/continuous/test/auto/CausalityInterface13.xml
----------------- Instantiating /home/travis/build/icyphy/ptII/ptolemy/domains/continuous/test/auto/CausalityInterface13.xml
7 ms. Memory: 218112K Free: 76097K (35%)
----------------- Invoking toplevel() on ptolemy.moml.MoMLSimpleApplication@fc6e10f
----------------- Done invoking toplevel() on ptolemy.moml.MoMLSimpleApplication@fc6e10f
reloadAllAccessors: .CausalityInterface13

===========================================================================================
----------------- testing Sun Nov 10 06:11:15 UTC 2019 /home/travis/build/icyphy/ptII/ptolemy/domains/continuous/test/auto/CausalityInterface14.xml
----------------- Instantiating /home/travis/build/icyphy/ptII/ptolemy/domains/continuous/test/auto/CausalityInterface14.xml
10 ms. Memory: 218112K Free: 199277K (91%)
----------------- Invoking toplevel() on ptolemy.moml.MoMLSimpleApplication@1b8f0c60
----------------- Done invoking toplevel() on ptolemy.moml.MoMLSimpleApplication@1b8f0c60
reloadAllAccessors: .CausalityInterface14

===========================================================================================
----------------- testing Sun Nov 10 06:11:15 UTC 2019 /home/travis/build/icyphy/ptII/ptolemy/domains/continuous/test/auto/CausalityInterface4.xml
----------------- Instantiating /home/travis/build/icyphy/ptII/ptolemy/domains/continuous/test/auto/CausalityInterface4.xml
5 ms. Memory: 218112K Free: 192109K (88%)
----------------- Invoking toplevel() on ptolemy.moml.MoMLSimpleApplication@6c7ff5c8
----------------- Done invoking toplevel() on ptolemy.moml.MoMLSimpleApplication@6c7ff5c8
reloadAllAccessors: .CausalityInterface4

===========================================================================================
----------------- testing Sun Nov 10 06:11:15 UTC 2019 /home/travis/build/icyphy/ptII/ptolemy/domains/continuous/test/auto/CausalityInterface5.xml
----------------- Instantiating /home/travis/build/icyphy/ptII/ptolemy/domains/continuous/test/auto/CausalityInterface5.xml
4 ms. Memory: 218112K Free: 183917K (84%)
----------------- Invoking toplevel() on ptolemy.moml.MoMLSimpleApplication@77405b65
----------------- Done invoking toplevel() on ptolemy.moml.MoMLSimpleApplication@77405b65
reloadAllAccessors: .CausalityInterface5

===========================================================================================
----------------- testing Sun Nov 10 06:11:15 UTC 2019 /home/travis/build/icyphy/ptII/ptolemy/domains/continuous/test/auto/CausalityInterface6.xml
----------------- Instantiating /home/travis/build/icyphy/ptII/ptolemy/domains/continuous/test/auto/CausalityInterface6.xml
5 ms. Memory: 218112K Free: 178269K (82%)
----------------- Invoking toplevel() on ptolemy.moml.MoMLSimpleApplication@45a6bc43
----------------- Done invoking toplevel() on ptolemy.moml.MoMLSimpleApplication@45a6bc43
reloadAllAccessors: .CausalityInterface6

===========================================================================================
----------------- testing Sun Nov 10 06:11:15 UTC 2019 /home/travis/build/icyphy/ptII/ptolemy/domains/continuous/test/auto/CausalityInterface7.xml
----------------- Instantiating /home/travis/build/icyphy/ptII/ptolemy/domains/continuous/test/auto/CausalityInterface7.xml
12 ms. Memory: 218112K Free: 169581K (78%)
----------------- Invoking toplevel() on ptolemy.moml.MoMLSimpleApplication@64876b1d
----------------- Done invoking toplevel() on ptolemy.moml.MoMLSimpleApplication@64876b1d
reloadAllAccessors: .CausalityInterface7

===========================================================================================
----------------- testing Sun Nov 10 06:11:15 UTC 2019 /home/travis/build/icyphy/ptII/ptolemy/domains/continuous/test/auto/CausalityInterface8.xml
----------------- Instantiating /home/travis/build/icyphy/ptII/ptolemy/domains/continuous/test/auto/CausalityInterface8.xml
7 ms. Memory: 218112K Free: 160365K (74%)
----------------- Invoking toplevel() on ptolemy.moml.MoMLSimpleApplication@6650a03b
----------------- Done invoking toplevel() on ptolemy.moml.MoMLSimpleApplication@6650a03b
reloadAllAccessors: .CausalityInterface8

===========================================================================================
----------------- testing Sun Nov 10 06:11:15 UTC 2019 /home/travis/build/icyphy/ptII/ptolemy/domains/continuous/test/auto/CausalityInterface9.xml
----------------- Instantiating /home/travis/build/icyphy/ptII/ptolemy/domains/continuous/test/auto/CausalityInterface9.xml
9 ms. Memory: 218112K Free: 149611K (69%)
----------------- Invoking toplevel() on ptolemy.moml.MoMLSimpleApplication@40146422
----------------- Done invoking toplevel() on ptolemy.moml.MoMLSimpleApplication@40146422
reloadAllAccessors: .CausalityInterface9

===========================================================================================
----------------- testing Sun Nov 10 06:11:15 UTC 2019 /home/travis/build/icyphy/ptII/ptolemy/domains/continuous/test/auto/CausalityInterfaceFeedback1.xml
----------------- Instantiating /home/travis/build/icyphy/ptII/ptolemy/domains/continuous/test/auto/CausalityInterfaceFeedback1.xml
6 ms. Memory: 218112K Free: 142957K (66%)
----------------- Invoking toplevel() on ptolemy.moml.MoMLSimpleApplication@5d15cfb
----------------- Done invoking toplevel() on ptolemy.moml.MoMLSimpleApplication@5d15cfb
reloadAllAccessors: .CausalityInterfaceFeedback1

===========================================================================================
----------------- testing Sun Nov 10 06:11:15 UTC 2019 /home/travis/build/icyphy/ptII/ptolemy/domains/continuous/test/auto/CausalityInterfaceFeedback2.xml
----------------- Instantiating /home/travis/build/icyphy/ptII/ptolemy/domains/continuous/test/auto/CausalityInterfaceFeedback2.xml
4 ms. Memory: 218112K Free: 136285K (62%)
----------------- Invoking toplevel() on ptolemy.moml.MoMLSimpleApplication@33a87711
----------------- Done invoking toplevel() on ptolemy.moml.MoMLSimpleApplication@33a87711
reloadAllAccessors: .CausalityInterfaceFeedback2

===========================================================================================
----------------- testing Sun Nov 10 06:11:15 UTC 2019 /home/travis/build/icyphy/ptII/ptolemy/domains/continuous/test/auto/CompareWithCurrentTime.xml
----------------- Instantiating /home/travis/build/icyphy/ptII/ptolemy/domains/continuous/test/auto/CompareWithCurrentTime.xml
3 ms. Memory: 218112K Free: 132203K (61%)
----------------- Invoking toplevel() on ptolemy.moml.MoMLSimpleApplication@63494b39
----------------- Done invoking toplevel() on ptolemy.moml.MoMLSimpleApplication@63494b39
reloadAllAccessors: .CompareWithCurrentTime

===========================================================================================
----------------- testing Sun Nov 10 06:11:15 UTC 2019 /home/travis/build/icyphy/ptII/ptolemy/domains/continuous/test/auto/ComparedClocks.xml
----------------- Instantiating /home/travis/build/icyphy/ptII/ptolemy/domains/continuous/test/auto/ComparedClocks.xml
9 ms. Memory: 218112K Free: 116829K (54%)
----------------- Invoking toplevel() on ptolemy.moml.MoMLSimpleApplication@3eb2ec67
----------------- Done invoking toplevel() on ptolemy.moml.MoMLSimpleApplication@3eb2ec67
reloadAllAccessors: .ComparedClocks

===========================================================================================
----------------- testing Sun Nov 10 06:11:15 UTC 2019 /home/travis/build/icyphy/ptII/ptolemy/domains/continuous/test/auto/ContinuousAOCClone.xml
----------------- Instantiating /home/travis/build/icyphy/ptII/ptolemy/domains/continuous/test/auto/ContinuousAOCClone.xml
2862 ms. Memory: 262144K Free: 172809K (66%)
----------------- Invoking toplevel() on ptolemy.moml.MoMLSimpleApplication@46026180
----------------- Done invoking toplevel() on ptolemy.moml.MoMLSimpleApplication@46026180
reloadAllAccessors: .ContinuousAOCClone

===========================================================================================
----------------- testing Sun Nov 10 06:11:18 UTC 2019 /home/travis/build/icyphy/ptII/ptolemy/domains/continuous/test/auto/ContinuousClock.xml
----------------- Instantiating /home/travis/build/icyphy/ptII/ptolemy/domains/continuous/test/auto/ContinuousClock.xml
27 ms. Memory: 262144K Free: 150785K (58%)
----------------- Invoking toplevel() on ptolemy.moml.MoMLSimpleApplication@74d0a87c
----------------- Done invoking toplevel() on ptolemy.moml.MoMLSimpleApplication@74d0a87c
reloadAllAccessors: .ContinuousClock

===========================================================================================
----------------- testing Sun Nov 10 06:11:18 UTC 2019 /home/travis/build/icyphy/ptII/ptolemy/domains/continuous/test/auto/ContinuousInContinuous.xml
----------------- Instantiating /home/travis/build/icyphy/ptII/ptolemy/domains/continuous/test/auto/ContinuousInContinuous.xml
40 ms. Memory: 262144K Free: 127225K (49%)
----------------- Invoking toplevel() on ptolemy.moml.MoMLSimpleApplication@2d512e37
----------------- Done invoking toplevel() on ptolemy.moml.MoMLSimpleApplication@2d512e37
reloadAllAccessors: .ContinuousInContinuous

===========================================================================================
----------------- testing Sun Nov 10 06:11:18 UTC 2019 /home/travis/build/icyphy/ptII/ptolemy/domains/continuous/test/auto/ContinuousInContinuousInContinuous.xml
----------------- Instantiating /home/travis/build/icyphy/ptII/ptolemy/domains/continuous/test/auto/ContinuousInContinuousInContinuous.xml
7 ms. Memory: 262144K Free: 119047K (45%)
----------------- Invoking toplevel() on ptolemy.moml.MoMLSimpleApplication@9d8106a
----------------- Done invoking toplevel() on ptolemy.moml.MoMLSimpleApplication@9d8106a
reloadAllAccessors: .ContinuousInContinuousInContinuous

===========================================================================================
----------------- testing Sun Nov 10 06:11:18 UTC 2019 /home/travis/build/icyphy/ptII/ptolemy/domains/continuous/test/auto/ContinuousInDE.xml
----------------- Instantiating /home/travis/build/icyphy/ptII/ptolemy/domains/continuous/test/auto/ContinuousInDE.xml
102 ms. Memory: 262144K Free: 108807K (42%)
----------------- Invoking toplevel() on ptolemy.moml.MoMLSimpleApplication@8a4c6ea
----------------- Done invoking toplevel() on ptolemy.moml.MoMLSimpleApplication@8a4c6ea
reloadAllAccessors: .ContinuousInDE

===========================================================================================
----------------- testing Sun Nov 10 06:11:19 UTC 2019 /home/travis/build/icyphy/ptII/ptolemy/domains/continuous/test/auto/ContinuousInDE2.xml
----------------- Instantiating /home/travis/build/icyphy/ptII/ptolemy/domains/continuous/test/auto/ContinuousInDE2.xml
41 ms. Memory: 262144K Free: 99081K (38%)
----------------- Invoking toplevel() on ptolemy.moml.MoMLSimpleApplication@7448f4a1
----------------- Done invoking toplevel() on ptolemy.moml.MoMLSimpleApplication@7448f4a1
reloadAllAccessors: .ContinuousInDE2

===========================================================================================
----------------- testing Sun Nov 10 06:11:19 UTC 2019 /home/travis/build/icyphy/ptII/ptolemy/domains/continuous/test/auto/ContinuousInDE3.xml
----------------- Instantiating /home/travis/build/icyphy/ptII/ptolemy/domains/continuous/test/auto/ContinuousInDE3.xml
44 ms. Memory: 262144K Free: 243880K (93%)
----------------- Invoking toplevel() on ptolemy.moml.MoMLSimpleApplication@10f082bd
----------------- Done invoking toplevel() on ptolemy.moml.MoMLSimpleApplication@10f082bd
reloadAllAccessors: .ContinuousInDE3

===========================================================================================
----------------- testing Sun Nov 10 06:11:19 UTC 2019 /home/travis/build/icyphy/ptII/ptolemy/domains/continuous/test/auto/ContinuousInDE4.xml
----------------- Instantiating /home/travis/build/icyphy/ptII/ptolemy/domains/continuous/test/auto/ContinuousInDE4.xml
15 ms. Memory: 262144K Free: 237222K (90%)
----------------- Invoking toplevel() on ptolemy.moml.MoMLSimpleApplication@3c3d4a1e
----------------- Done invoking toplevel() on ptolemy.moml.MoMLSimpleApplication@3c3d4a1e
reloadAllAccessors: .ContinuousInDE4

===========================================================================================
----------------- testing Sun Nov 10 06:11:19 UTC 2019 /home/travis/build/icyphy/ptII/ptolemy/domains/continuous/test/auto/ContinuousInDEDifferentRefinements.xml
----------------- Instantiating /home/travis/build/icyphy/ptII/ptolemy/domains/continuous/test/auto/ContinuousInDEDifferentRefinements.xml
58 ms. Memory: 262144K Free: 205992K (79%)
----------------- Invoking toplevel() on ptolemy.moml.MoMLSimpleApplication@680af81a
----------------- Done invoking toplevel() on ptolemy.moml.MoMLSimpleApplication@680af81a
reloadAllAccessors: .ContinuousInDEDifferentRefinements

===========================================================================================
----------------- testing Sun Nov 10 06:11:19 UTC 2019 /home/travis/build/icyphy/ptII/ptolemy/domains/continuous/test/auto/ContinuousInDEDifferentRefinementsPreemptive.xml
----------------- Instantiating /home/travis/build/icyphy/ptII/ptolemy/domains/continuous/test/auto/ContinuousInDEDifferentRefinementsPreemptive.xml
48 ms. Memory: 262144K Free: 175272K (67%)
----------------- Invoking toplevel() on ptolemy.moml.MoMLSimpleApplication@110d69b9
----------------- Done invoking toplevel() on ptolemy.moml.MoMLSimpleApplication@110d69b9
reloadAllAccessors: .ContinuousInDEDifferentRefinementsPreemptive

===========================================================================================
----------------- testing Sun Nov 10 06:11:19 UTC 2019 /home/travis/build/icyphy/ptII/ptolemy/domains/continuous/test/auto/ContinuousInDEInContinuous2.xml
----------------- Instantiating /home/travis/build/icyphy/ptII/ptolemy/domains/continuous/test/auto/ContinuousInDEInContinuous2.xml
39 ms. Memory: 262144K Free: 164008K (63%)
----------------- Invoking toplevel() on ptolemy.moml.MoMLSimpleApplication@17f4977e
----------------- Done invoking toplevel() on ptolemy.moml.MoMLSimpleApplication@17f4977e
reloadAllAccessors: .ContinuousInDEInContinuous2

===========================================================================================
----------------- testing Sun Nov 10 06:11:19 UTC 2019 /home/travis/build/icyphy/ptII/ptolemy/domains/continuous/test/auto/ContinuousInDEInContinuous3.xml
----------------- Instantiating /home/travis/build/icyphy/ptII/ptolemy/domains/continuous/test/auto/ContinuousInDEInContinuous3.xml
37 ms. Memory: 262144K Free: 152230K (58%)
----------------- Invoking toplevel() on ptolemy.moml.MoMLSimpleApplication@6071322b
----------------- Done invoking toplevel() on ptolemy.moml.MoMLSimpleApplication@6071322b
reloadAllAccessors: .ContinuousInDEInContinuous3

===========================================================================================
----------------- testing Sun Nov 10 06:11:19 UTC 2019 /home/travis/build/icyphy/ptII/ptolemy/domains/continuous/test/auto/ContinuousInDEInput.xml
----------------- Instantiating /home/travis/build/icyphy/ptII/ptolemy/domains/continuous/test/auto/ContinuousInDEInput.xml
16 ms. Memory: 262144K Free: 145062K (55%)
----------------- Invoking toplevel() on ptolemy.moml.MoMLSimpleApplication@2e58d4a3
----------------- Done invoking toplevel() on ptolemy.moml.MoMLSimpleApplication@2e58d4a3
reloadAllAccessors: .ContinuousInDEInput

===========================================================================================
----------------- testing Sun Nov 10 06:11:19 UTC 2019 /home/travis/build/icyphy/ptII/ptolemy/domains/continuous/test/auto/ContinuousInDEInput2.xml
----------------- Instantiating /home/travis/build/icyphy/ptII/ptolemy/domains/continuous/test/auto/ContinuousInDEInput2.xml
13 ms. Memory: 262144K Free: 137894K (53%)
----------------- Invoking toplevel() on ptolemy.moml.MoMLSimpleApplication@7691b8c5
----------------- Done invoking toplevel() on ptolemy.moml.MoMLSimpleApplication@7691b8c5
reloadAllAccessors: .ContinuousInDEInput2

===========================================================================================
----------------- testing Sun Nov 10 06:11:19 UTC 2019 /home/travis/build/icyphy/ptII/ptolemy/domains/continuous/test/auto/ContinuousInDEInput3.xml
----------------- Instantiating /home/travis/build/icyphy/ptII/ptolemy/domains/continuous/test/auto/ContinuousInDEInput3.xml
16 ms. Memory: 262144K Free: 130726K (50%)
----------------- Invoking toplevel() on ptolemy.moml.MoMLSimpleApplication@3308dc90
----------------- Done invoking toplevel() on ptolemy.moml.MoMLSimpleApplication@3308dc90
reloadAllAccessors: .ContinuousInDEInput3

===========================================================================================
----------------- testing Sun Nov 10 06:11:19 UTC 2019 /home/travis/build/icyphy/ptII/ptolemy/domains/continuous/test/auto/ContinuousInDESharingRefinement.xml
----------------- Instantiating /home/travis/build/icyphy/ptII/ptolemy/domains/continuous/test/auto/ContinuousInDESharingRefinement.xml
160 ms. Memory: 262144K Free: 191836K (73%)
----------------- Invoking toplevel() on ptolemy.moml.MoMLSimpleApplication@5a80cbc7
----------------- Done invoking toplevel() on ptolemy.moml.MoMLSimpleApplication@5a80cbc7
reloadAllAccessors: .ContinuousInDESharingRefinement

===========================================================================================
----------------- testing Sun Nov 10 06:11:19 UTC 2019 /home/travis/build/icyphy/ptII/ptolemy/domains/continuous/test/auto/ContinuousInDEwithNoPorts.xml
----------------- Instantiating /home/travis/build/icyphy/ptII/ptolemy/domains/continuous/test/auto/ContinuousInDEwithNoPorts.xml
5 ms. Memory: 262144K Free: 187212K (71%)
----------------- Invoking toplevel() on ptolemy.moml.MoMLSimpleApplication@196b9e54
----------------- Done invoking toplevel() on ptolemy.moml.MoMLSimpleApplication@196b9e54
reloadAllAccessors: .ContinuousInDEwithNoPorts

===========================================================================================
----------------- testing Sun Nov 10 06:11:19 UTC 2019 /home/travis/build/icyphy/ptII/ptolemy/domains/continuous/test/auto/ContinuousInsideDE.xml
----------------- Instantiating /home/travis/build/icyphy/ptII/ptolemy/domains/continuous/test/auto/ContinuousInsideDE.xml
43 ms. Memory: 262144K Free: 175962K (67%)
----------------- Invoking toplevel() on ptolemy.moml.MoMLSimpleApplication@3b92d911
----------------- Done invoking toplevel() on ptolemy.moml.MoMLSimpleApplication@3b92d911
reloadAllAccessors: .ContinuousInsideDE

===========================================================================================
----------------- testing Sun Nov 10 06:11:19 UTC 2019 /home/travis/build/icyphy/ptII/ptolemy/domains/continuous/test/auto/ContinuousMerge1.xml
----------------- Instantiating /home/travis/build/icyphy/ptII/ptolemy/domains/continuous/test/auto/ContinuousMerge1.xml
2 ms. Memory: 262144K Free: 171356K (65%)
----------------- Invoking toplevel() on ptolemy.moml.MoMLSimpleApplication@de1203f
----------------- Done invoking toplevel() on ptolemy.moml.MoMLSimpleApplication@de1203f
reloadAllAccessors: .ContinuousMerge1

===========================================================================================
----------------- testing Sun Nov 10 06:11:19 UTC 2019 /home/travis/build/icyphy/ptII/ptolemy/domains/continuous/test/auto/ContinuousMerge2.xml
----------------- Instantiating /home/travis/build/icyphy/ptII/ptolemy/domains/continuous/test/auto/ContinuousMerge2.xml
15 ms. Memory: 262144K Free: 161116K (61%)
----------------- Invoking toplevel() on ptolemy.moml.MoMLSimpleApplication@2bfbfd6d
----------------- Done invoking toplevel() on ptolemy.moml.MoMLSimpleApplication@2bfbfd6d
reloadAllAccessors: .ContinuousMerge2

===========================================================================================
----------------- testing Sun Nov 10 06:11:20 UTC 2019 /home/travis/build/icyphy/ptII/ptolemy/domains/continuous/test/auto/ContinuousMerge3.xml
----------------- Instantiating /home/travis/build/icyphy/ptII/ptolemy/domains/continuous/test/auto/ContinuousMerge3.xml
52 ms. Memory: 262144K Free: 150362K (57%)
----------------- Invoking toplevel() on ptolemy.moml.MoMLSimpleApplication@29a0cdfd
----------------- Done invoking toplevel() on ptolemy.moml.MoMLSimpleApplication@29a0cdfd
reloadAllAccessors: .ContinuousMerge3

===========================================================================================
----------------- testing Sun Nov 10 06:11:20 UTC 2019 /home/travis/build/icyphy/ptII/ptolemy/domains/continuous/test/auto/ContinuousWithinContinuous.xml
----------------- Instantiating /home/travis/build/icyphy/ptII/ptolemy/domains/continuous/test/auto/ContinuousWithinContinuous.xml
46 ms. Memory: 262144K Free: 141146K (54%)
----------------- Invoking toplevel() on ptolemy.moml.MoMLSimpleApplication@74f89ba
----------------- Done invoking toplevel() on ptolemy.moml.MoMLSimpleApplication@74f89ba
reloadAllAccessors: .ContinuousWithinContinuous

===========================================================================================
----------------- testing Sun Nov 10 06:11:20 UTC 2019 /home/travis/build/icyphy/ptII/ptolemy/domains/continuous/test/auto/ContinuousWithinContinuous2.xml
----------------- Instantiating /home/travis/build/icyphy/ptII/ptolemy/domains/continuous/test/auto/ContinuousWithinContinuous2.xml
91 ms. Memory: 262144K Free: 129882K (50%)
----------------- Invoking toplevel() on ptolemy.moml.MoMLSimpleApplication@765e72cf
----------------- Done invoking toplevel() on ptolemy.moml.MoMLSimpleApplication@765e72cf
reloadAllAccessors: .ContinuousWithinContinuous2

===========================================================================================
----------------- testing Sun Nov 10 06:11:20 UTC 2019 /home/travis/build/icyphy/ptII/ptolemy/domains/continuous/test/auto/ContinuousWithinContinuous3.xml
----------------- Instantiating /home/travis/build/icyphy/ptII/ptolemy/domains/continuous/test/auto/ContinuousWithinContinuous3.xml
15 ms. Memory: 262144K Free: 122714K (47%)
----------------- Invoking toplevel() on ptolemy.moml.MoMLSimpleApplication@2a335fa1
----------------- Done invoking toplevel() on ptolemy.moml.MoMLSimpleApplication@2a335fa1
reloadAllAccessors: .ContinuousWithinContinuous3

===========================================================================================
----------------- testing Sun Nov 10 06:11:20 UTC 2019 /home/travis/build/icyphy/ptII/ptolemy/domains/continuous/test/auto/ContinuousWithinContinuous4.xml
----------------- Instantiating /home/travis/build/icyphy/ptII/ptolemy/domains/continuous/test/auto/ContinuousWithinContinuous4.xml
84 ms. Memory: 262144K Free: 110426K (42%)
----------------- Invoking toplevel() on ptolemy.moml.MoMLSimpleApplication@1e4df226
----------------- Done invoking toplevel() on ptolemy.moml.MoMLSimpleApplication@1e4df226
reloadAllAccessors: .ContinuousWithinContinuous4

===========================================================================================
----------------- testing Sun Nov 10 06:11:20 UTC 2019 /home/travis/build/icyphy/ptII/ptolemy/domains/continuous/test/auto/ContinuousWithinContinuous5.xml
----------------- Instantiating /home/travis/build/icyphy/ptII/ptolemy/domains/continuous/test/auto/ContinuousWithinContinuous5.xml
14 ms. Memory: 262144K Free: 102748K (39%)
----------------- Invoking toplevel() on ptolemy.moml.MoMLSimpleApplication@2ab3102
----------------- Done invoking toplevel() on ptolemy.moml.MoMLSimpleApplication@2ab3102
reloadAllAccessors: .ContinuousWithinContinuous5

===========================================================================================
----------------- testing Sun Nov 10 06:11:20 UTC 2019 /home/travis/build/icyphy/ptII/ptolemy/domains/continuous/test/auto/ContinuousWithinContinuous6.xml
----------------- Instantiating /home/travis/build/icyphy/ptII/ptolemy/domains/continuous/test/auto/ContinuousWithinContinuous6.xml
13 ms. Memory: 262144K Free: 95580K (36%)
----------------- Invoking toplevel() on ptolemy.moml.MoMLSimpleApplication@664b629
----------------- Done invoking toplevel() on ptolemy.moml.MoMLSimpleApplication@664b629
reloadAllAccessors: .ContinuousWithinContinuous6

===========================================================================================
----------------- testing Sun Nov 10 06:11:20 UTC 2019 /home/travis/build/icyphy/ptII/ptolemy/domains/continuous/test/auto/ContinuousWithinContinuous7.xml
----------------- Instantiating /home/travis/build/icyphy/ptII/ptolemy/domains/continuous/test/auto/ContinuousWithinContinuous7.xml
70 ms. Memory: 262144K Free: 240520K (92%)
----------------- Invoking toplevel() on ptolemy.moml.MoMLSimpleApplication@73b3e299
----------------- Done invoking toplevel() on ptolemy.moml.MoMLSimpleApplication@73b3e299
reloadAllAccessors: .ContinuousWithinContinuous7

===========================================================================================
----------------- testing Sun Nov 10 06:11:20 UTC 2019 /home/travis/build/icyphy/ptII/ptolemy/domains/continuous/test/auto/DCMotor.xml
----------------- Instantiating /home/travis/build/icyphy/ptII/ptolemy/domains/continuous/test/auto/DCMotor.xml
16589 ms. Memory: 262144K Free: 246696K (94%)
----------------- Invoking toplevel() on ptolemy.moml.MoMLSimpleApplication@5966b0a9
----------------- Done invoking toplevel() on ptolemy.moml.MoMLSimpleApplication@5966b0a9
reloadAllAccessors: .DCMotor

===========================================================================================
----------------- testing Sun Nov 10 06:11:37 UTC 2019 /home/travis/build/icyphy/ptII/ptolemy/domains/continuous/test/auto/DEInContinuous.xml
----------------- Instantiating /home/travis/build/icyphy/ptII/ptolemy/domains/continuous/test/auto/DEInContinuous.xml
8 ms. Memory: 262144K Free: 240552K (92%)
----------------- Invoking toplevel() on ptolemy.moml.MoMLSimpleApplication@45796288
----------------- Done invoking toplevel() on ptolemy.moml.MoMLSimpleApplication@45796288
reloadAllAccessors: .DEInContinuous

===========================================================================================
----------------- testing Sun Nov 10 06:11:37 UTC 2019 /home/travis/build/icyphy/ptII/ptolemy/domains/continuous/test/auto/DEinContinuous2.xml
----------------- Instantiating /home/travis/build/icyphy/ptII/ptolemy/domains/continuous/test/auto/DEinContinuous2.xml
6 ms. Memory: 262144K Free: 232360K (89%)
----------------- Invoking toplevel() on ptolemy.moml.MoMLSimpleApplication@58ab2170
----------------- Done invoking toplevel() on ptolemy.moml.MoMLSimpleApplication@58ab2170
reloadAllAccessors: .DEinContinuous2

===========================================================================================
----------------- testing Sun Nov 10 06:11:37 UTC 2019 /home/travis/build/icyphy/ptII/ptolemy/domains/continuous/test/auto/Derivative.xml
----------------- Instantiating /home/travis/build/icyphy/ptII/ptolemy/domains/continuous/test/auto/Derivative.xml
141 ms. Memory: 262144K Free: 202664K (77%)
----------------- Invoking toplevel() on ptolemy.moml.MoMLSimpleApplication@1526e3a2
----------------- Done invoking toplevel() on ptolemy.moml.MoMLSimpleApplication@1526e3a2
reloadAllAccessors: .Derivative2

===========================================================================================
----------------- testing Sun Nov 10 06:11:37 UTC 2019 /home/travis/build/icyphy/ptII/ptolemy/domains/continuous/test/auto/Derivative1.xml
----------------- Instantiating /home/travis/build/icyphy/ptII/ptolemy/domains/continuous/test/auto/Derivative1.xml
15 ms. Memory: 262144K Free: 188328K (72%)
----------------- Invoking toplevel() on ptolemy.moml.MoMLSimpleApplication@37f9204d
----------------- Done invoking toplevel() on ptolemy.moml.MoMLSimpleApplication@37f9204d
reloadAllAccessors: .Derivative1

===========================================================================================
----------------- testing Sun Nov 10 06:11:37 UTC 2019 /home/travis/build/icyphy/ptII/ptolemy/domains/continuous/test/auto/DiscreteClock.xml
----------------- Instantiating /home/travis/build/icyphy/ptII/ptolemy/domains/continuous/test/auto/DiscreteClock.xml
3 ms. Memory: 262144K Free: 183208K (70%)
----------------- Invoking toplevel() on ptolemy.moml.MoMLSimpleApplication@589deda4
----------------- Done invoking toplevel() on ptolemy.moml.MoMLSimpleApplication@589deda4
reloadAllAccessors: .DiscreteClock

===========================================================================================
----------------- testing Sun Nov 10 06:11:37 UTC 2019 /home/travis/build/icyphy/ptII/ptolemy/domains/continuous/test/auto/EfficiencyCurve.xml
----------------- Instantiating /home/travis/build/icyphy/ptII/ptolemy/domains/continuous/test/auto/EfficiencyCurve.xml
51 ms. Memory: 262144K Free: 173992K (66%)
----------------- Invoking toplevel() on ptolemy.moml.MoMLSimpleApplication@744345ee
----------------- Done invoking toplevel() on ptolemy.moml.MoMLSimpleApplication@744345ee
reloadAllAccessors: .EfficiencyCurve

===========================================================================================
----------------- testing Sun Nov 10 06:11:37 UTC 2019 /home/travis/build/icyphy/ptII/ptolemy/domains/continuous/test/auto/ExponentialResponse.xml
----------------- Instantiating /home/travis/build/icyphy/ptII/ptolemy/domains/continuous/test/auto/ExponentialResponse.xml
109 ms. Memory: 262144K Free: 158632K (61%)
----------------- Invoking toplevel() on ptolemy.moml.MoMLSimpleApplication@114f59f6
----------------- Done invoking toplevel() on ptolemy.moml.MoMLSimpleApplication@114f59f6
reloadAllAccessors: .ExponentialResponse

===========================================================================================
----------------- testing Sun Nov 10 06:11:37 UTC 2019 /home/travis/build/icyphy/ptII/ptolemy/domains/continuous/test/auto/ExponentialResponseRK45.xml
----------------- Instantiating /home/travis/build/icyphy/ptII/ptolemy/domains/continuous/test/auto/ExponentialResponseRK45.xml
27 ms. Memory: 262144K Free: 151974K (58%)
----------------- Invoking toplevel() on ptolemy.moml.MoMLSimpleApplication@358489f9
----------------- Done invoking toplevel() on ptolemy.moml.MoMLSimpleApplication@358489f9
reloadAllAccessors: .ExponentialResponseRK45

===========================================================================================
----------------- testing Sun Nov 10 06:11:37 UTC 2019 /home/travis/build/icyphy/ptII/ptolemy/domains/continuous/test/auto/Friction.xml
----------------- Instantiating /home/travis/build/icyphy/ptII/ptolemy/domains/continuous/test/auto/Friction.xml
1427 ms. Memory: 262144K Free: 195988K (75%)
----------------- Invoking toplevel() on ptolemy.moml.MoMLSimpleApplication@7eac21a7
----------------- Done invoking toplevel() on ptolemy.moml.MoMLSimpleApplication@7eac21a7
reloadAllAccessors: .Friction

===========================================================================================
----------------- testing Sun Nov 10 06:11:39 UTC 2019 /home/travis/build/icyphy/ptII/ptolemy/domains/continuous/test/auto/FurutaPendulum.xml
----------------- Instantiating /home/travis/build/icyphy/ptII/ptolemy/domains/continuous/test/auto/FurutaPendulum.xml
3529 ms. Memory: 262144K Free: 161427K (62%)
----------------- Invoking toplevel() on ptolemy.moml.MoMLSimpleApplication@62ae4da4
----------------- Done invoking toplevel() on ptolemy.moml.MoMLSimpleApplication@62ae4da4
reloadAllAccessors: .FurutaPendulum

===========================================================================================
----------------- testing Sun Nov 10 06:11:43 UTC 2019 /home/travis/build/icyphy/ptII/ptolemy/domains/continuous/test/auto/HierarchicalExecution.xml
----------------- Instantiating /home/travis/build/icyphy/ptII/ptolemy/domains/continuous/test/auto/HierarchicalExecution.xml
2173 ms. Memory: 262144K Free: 181708K (69%)
----------------- Invoking toplevel() on ptolemy.moml.MoMLSimpleApplication@32285428
----------------- Done invoking toplevel() on ptolemy.moml.MoMLSimpleApplication@32285428
reloadAllAccessors: .HierarchicalExecution

===========================================================================================
----------------- testing Sun Nov 10 06:11:45 UTC 2019 /home/travis/build/icyphy/ptII/ptolemy/domains/continuous/test/auto/HybridPlant.xml
----------------- Instantiating /home/travis/build/icyphy/ptII/ptolemy/domains/continuous/test/auto/HybridPlant.xml
496 ms. Memory: 262144K Free: 229801K (88%)
----------------- Invoking toplevel() on ptolemy.moml.MoMLSimpleApplication@3f671324
----------------- Done invoking toplevel() on ptolemy.moml.MoMLSimpleApplication@3f671324
reloadAllAccessors: .HybridPlant

===========================================================================================
----------------- testing Sun Nov 10 06:11:46 UTC 2019 /home/travis/build/icyphy/ptII/ptolemy/domains/continuous/test/auto/Hysteresis.xml
----------------- Instantiating /home/travis/build/icyphy/ptII/ptolemy/domains/continuous/test/auto/Hysteresis.xml
149 ms. Memory: 262144K Free: 167367K (64%)
----------------- Invoking toplevel() on ptolemy.moml.MoMLSimpleApplication@3bbb7841
----------------- Done invoking toplevel() on ptolemy.moml.MoMLSimpleApplication@3bbb7841
reloadAllAccessors: .Hysteresis

===========================================================================================
----------------- testing Sun Nov 10 06:11:46 UTC 2019 /home/travis/build/icyphy/ptII/ptolemy/domains/continuous/test/auto/HysteresisWithRandomDelay.xml
----------------- Instantiating /home/travis/build/icyphy/ptII/ptolemy/domains/continuous/test/auto/HysteresisWithRandomDelay.xml
199 ms. Memory: 262144K Free: 95687K (37%)
----------------- Invoking toplevel() on ptolemy.moml.MoMLSimpleApplication@bb788b9
----------------- Done invoking toplevel() on ptolemy.moml.MoMLSimpleApplication@bb788b9
reloadAllAccessors: .HysteresisWithRandomDelay

===========================================================================================
----------------- testing Sun Nov 10 06:11:46 UTC 2019 /home/travis/build/icyphy/ptII/ptolemy/domains/continuous/test/auto/HysteresisWithRandomLosses.xml
----------------- Instantiating /home/travis/build/icyphy/ptII/ptolemy/domains/continuous/test/auto/HysteresisWithRandomLosses.xml
2585 ms. Memory: 262144K Free: 131719K (50%)
----------------- Invoking toplevel() on ptolemy.moml.MoMLSimpleApplication@5b7fe18c
----------------- Done invoking toplevel() on ptolemy.moml.MoMLSimpleApplication@5b7fe18c
reloadAllAccessors: .HysteresisWithRandomLosses

===========================================================================================
----------------- testing Sun Nov 10 06:11:49 UTC 2019 /home/travis/build/icyphy/ptII/ptolemy/domains/continuous/test/auto/ImmediateTransitions.xml
----------------- Instantiating /home/travis/build/icyphy/ptII/ptolemy/domains/continuous/test/auto/ImmediateTransitions.xml
14 ms. Memory: 262144K Free: 120935K (46%)
----------------- Invoking toplevel() on ptolemy.moml.MoMLSimpleApplication@3a322cfe
----------------- Done invoking toplevel() on ptolemy.moml.MoMLSimpleApplication@3a322cfe
reloadAllAccessors: .ImmediateTransitions

===========================================================================================
----------------- testing Sun Nov 10 06:11:49 UTC 2019 /home/travis/build/icyphy/ptII/ptolemy/domains/continuous/test/auto/ImpulseFeedback.xml
----------------- Instantiating /home/travis/build/icyphy/ptII/ptolemy/domains/continuous/test/auto/ImpulseFeedback.xml
7 ms. Memory: 262144K Free: 115335K (44%)
----------------- Invoking toplevel() on ptolemy.moml.MoMLSimpleApplication@700056fe
----------------- Done invoking toplevel() on ptolemy.moml.MoMLSimpleApplication@700056fe
reloadAllAccessors: .ImpulseFeedback

===========================================================================================
----------------- testing Sun Nov 10 06:11:49 UTC 2019 /home/travis/build/icyphy/ptII/ptolemy/domains/continuous/test/auto/ImpulseFeedback2.xml
----------------- Instantiating /home/travis/build/icyphy/ptII/ptolemy/domains/continuous/test/auto/ImpulseFeedback2.xml
5 ms. Memory: 262144K Free: 109701K (42%)
----------------- Invoking toplevel() on ptolemy.moml.MoMLSimpleApplication@6bdccfe9
----------------- Done invoking toplevel() on ptolemy.moml.MoMLSimpleApplication@6bdccfe9
reloadAllAccessors: .ImpulseFeedback2

===========================================================================================
----------------- testing Sun Nov 10 06:11:49 UTC 2019 /home/travis/build/icyphy/ptII/ptolemy/domains/continuous/test/auto/IncreasingRatePoisson.xml
----------------- Instantiating /home/travis/build/icyphy/ptII/ptolemy/domains/continuous/test/auto/IncreasingRatePoisson.xml
768 ms. Memory: 262144K Free: 112404K (43%)
----------------- Invoking toplevel() on ptolemy.moml.MoMLSimpleApplication@6d0aa25b
----------------- Done invoking toplevel() on ptolemy.moml.MoMLSimpleApplication@6d0aa25b
reloadAllAccessors: .IncreasingRatePoisson

===========================================================================================
----------------- testing Sun Nov 10 06:11:50 UTC 2019 /home/travis/build/icyphy/ptII/ptolemy/domains/continuous/test/auto/InitialStateFeedback.xml
----------------- Instantiating /home/travis/build/icyphy/ptII/ptolemy/domains/continuous/test/auto/InitialStateFeedback.xml
6 ms. Memory: 262144K Free: 107828K (41%)
----------------- Invoking toplevel() on ptolemy.moml.MoMLSimpleApplication@2b2a3a8d
----------------- Done invoking toplevel() on ptolemy.moml.MoMLSimpleApplication@2b2a3a8d
reloadAllAccessors: .InitialStateFeedback

===========================================================================================
----------------- testing Sun Nov 10 06:11:50 UTC 2019 /home/travis/build/icyphy/ptII/ptolemy/domains/continuous/test/auto/Integration.xml
----------------- Instantiating /home/travis/build/icyphy/ptII/ptolemy/domains/continuous/test/auto/Integration.xml
2 ms. Memory: 262144K Free: 103732K (40%)
----------------- Invoking toplevel() on ptolemy.moml.MoMLSimpleApplication@c573931
----------------- Done invoking toplevel() on ptolemy.moml.MoMLSimpleApplication@c573931
reloadAllAccessors: .Integration

===========================================================================================
----------------- testing Sun Nov 10 06:11:50 UTC 2019 /home/travis/build/icyphy/ptII/ptolemy/domains/continuous/test/auto/Integration2.xml
----------------- Instantiating /home/travis/build/icyphy/ptII/ptolemy/domains/continuous/test/auto/Integration2.xml
81 ms. Memory: 262144K Free: 245141K (94%)
----------------- Invoking toplevel() on ptolemy.moml.MoMLSimpleApplication@57da4844
----------------- Done invoking toplevel() on ptolemy.moml.MoMLSimpleApplication@57da4844
reloadAllAccessors: .Integration2

===========================================================================================
----------------- testing Sun Nov 10 06:11:50 UTC 2019 /home/travis/build/icyphy/ptII/ptolemy/domains/continuous/test/auto/Integration3.xml
----------------- Instantiating /home/travis/build/icyphy/ptII/ptolemy/domains/continuous/test/auto/Integration3.xml
2 ms. Memory: 262144K Free: 240517K (92%)
----------------- Invoking toplevel() on ptolemy.moml.MoMLSimpleApplication@296a5ff6
----------------- Done invoking toplevel() on ptolemy.moml.MoMLSimpleApplication@296a5ff6
reloadAllAccessors: .Integration3

===========================================================================================
----------------- testing Sun Nov 10 06:11:50 UTC 2019 /home/travis/build/icyphy/ptII/ptolemy/domains/continuous/test/auto/Integration5.xml
----------------- Instantiating /home/travis/build/icyphy/ptII/ptolemy/domains/continuous/test/auto/Integration5.xml
2 ms. Memory: 262144K Free: 236435K (90%)
----------------- Invoking toplevel() on ptolemy.moml.MoMLSimpleApplication@72dbc851
----------------- Done invoking toplevel() on ptolemy.moml.MoMLSimpleApplication@72dbc851
reloadAllAccessors: .Integration5

===========================================================================================
----------------- testing Sun Nov 10 06:11:50 UTC 2019 /home/travis/build/icyphy/ptII/ptolemy/domains/continuous/test/auto/IntegratorImpulse.xml
----------------- Instantiating /home/travis/build/icyphy/ptII/ptolemy/domains/continuous/test/auto/IntegratorImpulse.xml
2 ms. Memory: 262144K Free: 232325K (89%)
----------------- Invoking toplevel() on ptolemy.moml.MoMLSimpleApplication@4d49d3ff
----------------- Done invoking toplevel() on ptolemy.moml.MoMLSimpleApplication@4d49d3ff
reloadAllAccessors: .IntegratorImpulse

===========================================================================================
----------------- testing Sun Nov 10 06:11:50 UTC 2019 /home/travis/build/icyphy/ptII/ptolemy/domains/continuous/test/auto/IntegratorImpulse2.xml
----------------- Instantiating /home/travis/build/icyphy/ptII/ptolemy/domains/continuous/test/auto/IntegratorImpulse2.xml
4 ms. Memory: 262144K Free: 227733K (87%)
----------------- Invoking toplevel() on ptolemy.moml.MoMLSimpleApplication@6a50cc3a
----------------- Done invoking toplevel() on ptolemy.moml.MoMLSimpleApplication@6a50cc3a
reloadAllAccessors: .IntegratorImpulse2

===========================================================================================
----------------- testing Sun Nov 10 06:11:50 UTC 2019 /home/travis/build/icyphy/ptII/ptolemy/domains/continuous/test/auto/LevelCrossing1.xml
----------------- Instantiating /home/travis/build/icyphy/ptII/ptolemy/domains/continuous/test/auto/LevelCrossing1.xml
2 ms. Memory: 262144K Free: 222613K (85%)
----------------- Invoking toplevel() on ptolemy.moml.MoMLSimpleApplication@393d8585
----------------- Done invoking toplevel() on ptolemy.moml.MoMLSimpleApplication@393d8585
reloadAllAccessors: .LevelCrossing1

===========================================================================================
----------------- testing Sun Nov 10 06:11:50 UTC 2019 /home/travis/build/icyphy/ptII/ptolemy/domains/continuous/test/auto/LevelCrossing2.xml
----------------- Instantiating /home/travis/build/icyphy/ptII/ptolemy/domains/continuous/test/auto/LevelCrossing2.xml
4 ms. Memory: 262144K Free: 217493K (83%)
----------------- Invoking toplevel() on ptolemy.moml.MoMLSimpleApplication@db740e
----------------- Done invoking toplevel() on ptolemy.moml.MoMLSimpleApplication@db740e
reloadAllAccessors: .LevelCrossing2

===========================================================================================
----------------- testing Sun Nov 10 06:11:50 UTC 2019 /home/travis/build/icyphy/ptII/ptolemy/domains/continuous/test/auto/LevelCrossing3.xml
----------------- Instantiating /home/travis/build/icyphy/ptII/ptolemy/domains/continuous/test/auto/LevelCrossing3.xml
3 ms. Memory: 262144K Free: 212373K (81%)
----------------- Invoking toplevel() on ptolemy.moml.MoMLSimpleApplication@20c2d427
----------------- Done invoking toplevel() on ptolemy.moml.MoMLSimpleApplication@20c2d427
reloadAllAccessors: .LevelCrossing3

===========================================================================================
----------------- testing Sun Nov 10 06:11:50 UTC 2019 /home/travis/build/icyphy/ptII/ptolemy/domains/continuous/test/auto/LevelCrossing4.xml
----------------- Instantiating /home/travis/build/icyphy/ptII/ptolemy/domains/continuous/test/auto/LevelCrossing4.xml
5 ms. Memory: 262144K Free: 207253K (79%)
----------------- Invoking toplevel() on ptolemy.moml.MoMLSimpleApplication@16982ef8
----------------- Done invoking toplevel() on ptolemy.moml.MoMLSimpleApplication@16982ef8
reloadAllAccessors: .LevelCrossing4

===========================================================================================
----------------- testing Sun Nov 10 06:11:50 UTC 2019 /home/travis/build/icyphy/ptII/ptolemy/domains/continuous/test/auto/LevelCrossing5.xml
----------------- Instantiating /home/travis/build/icyphy/ptII/ptolemy/domains/continuous/test/auto/LevelCrossing5.xml
3 ms. Memory: 262144K Free: 202133K (77%)
----------------- Invoking toplevel() on ptolemy.moml.MoMLSimpleApplication@2246e0b1
----------------- Done invoking toplevel() on ptolemy.moml.MoMLSimpleApplication@2246e0b1
reloadAllAccessors: .LevelCrossing5

===========================================================================================
[...]

===========================================================================================
----------------- testing Sun Nov 10 06:12:08 UTC 2019 /home/travis/build/icyphy/ptII/ptolemy/domains/continuous/test/auto/SRinContinuous.xml
----------------- Instantiating /home/travis/build/icyphy/ptII/ptolemy/domains/continuous/test/auto/SRinContinuous.xml
5 ms. Memory: 262144K Free: 173477K (66%)
----------------- Invoking toplevel() on ptolemy.moml.MoMLSimpleApplication@9085fe6
----------------- Done invoking toplevel() on ptolemy.moml.MoMLSimpleApplication@9085fe6
reloadAllAccessors: .SRinContinuous

===========================================================================================
----------------- testing Sun Nov 10 06:12:08 UTC 2019 /home/travis/build/icyphy/ptII/ptolemy/domains/continuous/test/auto/SampledClocks.xml
----------------- Instantiating /home/travis/build/icyphy/ptII/ptolemy/domains/continuous/test/auto/SampledClocks.xml
11 ms. Memory: 262144K Free: 160679K (61%)
----------------- Invoking toplevel() on ptolemy.moml.MoMLSimpleApplication@2d648df6
----------------- Done invoking toplevel() on ptolemy.moml.MoMLSimpleApplication@2d648df6
reloadAllAccessors: .SampledClocks

===========================================================================================
----------------- testing Sun Nov 10 06:12:08 UTC 2019 /home/travis/build/icyphy/ptII/ptolemy/domains/continuous/test/auto/Satellite.xml
----------------- Instantiating /home/travis/build/icyphy/ptII/ptolemy/domains/continuous/test/auto/Satellite.xml
780 ms. Memory: 262144K Free: 120967K (46%)
----------------- Invoking toplevel() on ptolemy.moml.MoMLSimpleApplication@6539fbfd
----------------- Done invoking toplevel() on ptolemy.moml.MoMLSimpleApplication@6539fbfd
reloadAllAccessors: .Satellite

===========================================================================================
----------------- testing Sun Nov 10 06:12:09 UTC 2019 /home/travis/build/icyphy/ptII/ptolemy/domains/continuous/test/auto/SigmaDelta.xml
----------------- Instantiating /home/travis/build/icyphy/ptII/ptolemy/domains/continuous/test/auto/SigmaDelta.xml
2253 ms. Memory: 262144K Free: 164743K (63%)
----------------- Invoking toplevel() on ptolemy.moml.MoMLSimpleApplication@18511
----------------- Done invoking toplevel() on ptolemy.moml.MoMLSimpleApplication@18511
reloadAllAccessors: .SigmaDelta

===========================================================================================
----------------- testing Sun Nov 10 06:12:11 UTC 2019 /home/travis/build/icyphy/ptII/ptolemy/domains/continuous/test/auto/SingleRefinement.xml
----------------- Instantiating /home/travis/build/icyphy/ptII/ptolemy/domains/continuous/test/auto/SingleRefinement.xml
306 ms. Memory: 262144K Free: 137490K (52%)
----------------- Invoking toplevel() on ptolemy.moml.MoMLSimpleApplication@3ed02a65
----------------- Done invoking toplevel() on ptolemy.moml.MoMLSimpleApplication@3ed02a65
reloadAllAccessors: .SingleRefinement

===========================================================================================
----------------- testing Sun Nov 10 06:12:11 UTC 2019 /home/travis/build/icyphy/ptII/ptolemy/domains/continuous/test/auto/SinuBouncingBall.xml
----------------- Instantiating /home/travis/build/icyphy/ptII/ptolemy/domains/continuous/test/auto/SinuBouncingBall.xml
794 ms. Memory: 262144K Free: 233494K (89%)
----------------- Invoking toplevel() on ptolemy.moml.MoMLSimpleApplication@e44979c
----------------- Done invoking toplevel() on ptolemy.moml.MoMLSimpleApplication@e44979c
reloadAllAccessors: .SinuBouncingBall

===========================================================================================
----------------- testing Sun Nov 10 06:12:12 UTC 2019 /home/travis/build/icyphy/ptII/ptolemy/domains/continuous/test/auto/Sinusoid.xml
----------------- Instantiating /home/travis/build/icyphy/ptII/ptolemy/domains/continuous/test/auto/Sinusoid.xml
4 ms. Memory: 262144K Free: 228902K (87%)
----------------- Invoking toplevel() on ptolemy.moml.MoMLSimpleApplication@4a9daa51
----------------- Done invoking toplevel() on ptolemy.moml.MoMLSimpleApplication@4a9daa51
reloadAllAccessors: .Sinusoid

===========================================================================================
----------------- testing Sun Nov 10 06:12:12 UTC 2019 /home/travis/build/icyphy/ptII/ptolemy/domains/continuous/test/auto/SinusoidInNoise.xml
----------------- Instantiating /home/travis/build/icyphy/ptII/ptolemy/domains/continuous/test/auto/SinusoidInNoise.xml
906 ms. Memory: 262144K Free: 94758K (36%)
----------------- Invoking toplevel() on ptolemy.moml.MoMLSimpleApplication@37ca58d
----------------- Done invoking toplevel() on ptolemy.moml.MoMLSimpleApplication@37ca58d
reloadAllAccessors: .SinusoidInNoise

===========================================================================================
----------------- testing Sun Nov 10 06:12:13 UTC 2019 /home/travis/build/icyphy/ptII/ptolemy/domains/continuous/test/auto/SinusoidRK45.xml
----------------- Instantiating /home/travis/build/icyphy/ptII/ptolemy/domains/continuous/test/auto/SinusoidRK45.xml
2 ms. Memory: 262144K Free: 90662K (35%)
----------------- Invoking toplevel() on ptolemy.moml.MoMLSimpleApplication@5244c3f6
----------------- Done invoking toplevel() on ptolemy.moml.MoMLSimpleApplication@5244c3f6
reloadAllAccessors: .SinusoidRK45

===========================================================================================
----------------- testing Sun Nov 10 06:12:13 UTC 2019 /home/travis/build/icyphy/ptII/ptolemy/domains/continuous/test/auto/SinusoidWithMultipleImpulses.xml
----------------- Instantiating /home/travis/build/icyphy/ptII/ptolemy/domains/continuous/test/auto/SinusoidWithMultipleImpulses.xml
3 ms. Memory: 262144K Free: 241947K (92%)
----------------- Invoking toplevel() on ptolemy.moml.MoMLSimpleApplication@64a04330
----------------- Done invoking toplevel() on ptolemy.moml.MoMLSimpleApplication@64a04330
reloadAllAccessors: .SinusoidWithMultipleImpulses

===========================================================================================
----------------- testing Sun Nov 10 06:12:13 UTC 2019 /home/travis/build/icyphy/ptII/ptolemy/domains/continuous/test/auto/SquareWave.xml
----------------- Instantiating /home/travis/build/icyphy/ptII/ptolemy/domains/continuous/test/auto/SquareWave.xml
180 ms. Memory: 262144K Free: 214813K (82%)
----------------- Invoking toplevel() on ptolemy.moml.MoMLSimpleApplication@9d87a30
----------------- Done invoking toplevel() on ptolemy.moml.MoMLSimpleApplication@9d87a30
reloadAllAccessors: .SquareWave

===========================================================================================
----------------- testing Sun Nov 10 06:12:13 UTC 2019 /home/travis/build/icyphy/ptII/ptolemy/domains/continuous/test/auto/Starmac.xml
----------------- Instantiating /home/travis/build/icyphy/ptII/ptolemy/domains/continuous/test/auto/Starmac.xml
3087 ms. Memory: 262144K Free: 207540K (79%)
----------------- Invoking toplevel() on ptolemy.moml.MoMLSimpleApplication@7a5772c3
----------------- Done invoking toplevel() on ptolemy.moml.MoMLSimpleApplication@7a5772c3
reloadAllAccessors: .Starmac

===========================================================================================
----------------- testing Sun Nov 10 06:12:17 UTC 2019 /home/travis/build/icyphy/ptII/ptolemy/domains/continuous/test/auto/StaticUnits.xml
----------------- Instantiating /home/travis/build/icyphy/ptII/ptolemy/domains/continuous/test/auto/StaticUnits.xml
2212 ms. Memory: 315392K Free: 253088K (80%)
----------------- Invoking toplevel() on ptolemy.moml.MoMLSimpleApplication@57f59a45
----------------- Done invoking toplevel() on ptolemy.moml.MoMLSimpleApplication@57f59a45
reloadAllAccessors: .StaticUnits

===========================================================================================
----------------- testing Sun Nov 10 06:12:20 UTC 2019 /home/travis/build/icyphy/ptII/ptolemy/domains/continuous/test/auto/StickyMasses.xml
----------------- Instantiating /home/travis/build/icyphy/ptII/ptolemy/domains/continuous/test/auto/StickyMasses.xml
146 ms. Memory: 315392K Free: 203426K (64%)
----------------- Invoking toplevel() on ptolemy.moml.MoMLSimpleApplication@73ea05be
----------------- Done invoking toplevel() on ptolemy.moml.MoMLSimpleApplication@73ea05be
reloadAllAccessors: .StickyMasses

===========================================================================================
----------------- testing Sun Nov 10 06:12:20 UTC 2019 /home/travis/build/icyphy/ptII/ptolemy/domains/continuous/test/auto/StopTime.xml
----------------- Instantiating /home/travis/build/icyphy/ptII/ptolemy/domains/continuous/test/auto/StopTime.xml
44 ms. Memory: 315392K Free: 178322K (57%)
----------------- Invoking toplevel() on ptolemy.moml.MoMLSimpleApplication@689fec2d
----------------- Done invoking toplevel() on ptolemy.moml.MoMLSimpleApplication@689fec2d
reloadAllAccessors: .StopTime

===========================================================================================
----------------- testing Sun Nov 10 06:12:20 UTC 2019 /home/travis/build/icyphy/ptII/ptolemy/domains/continuous/test/auto/StopTime2.xml
----------------- Instantiating /home/travis/build/icyphy/ptII/ptolemy/domains/continuous/test/auto/StopTime2.xml
34 ms. Memory: 315392K Free: 156322K (50%)
----------------- Invoking toplevel() on ptolemy.moml.MoMLSimpleApplication@25d87bd5
----------------- Done invoking toplevel() on ptolemy.moml.MoMLSimpleApplication@25d87bd5
reloadAllAccessors: .StopTime2

===========================================================================================
----------------- testing Sun Nov 10 06:12:20 UTC 2019 /home/travis/build/icyphy/ptII/ptolemy/domains/continuous/test/auto/Switch.xml
----------------- Instantiating /home/travis/build/icyphy/ptII/ptolemy/domains/continuous/test/auto/Switch.xml
38 ms. Memory: 315392K Free: 131746K (42%)
----------------- Invoking toplevel() on ptolemy.moml.MoMLSimpleApplication@29b73e1d
----------------- Done invoking toplevel() on ptolemy.moml.MoMLSimpleApplication@29b73e1d
reloadAllAccessors: .Switch

===========================================================================================
----------------- testing Sun Nov 10 06:12:20 UTC 2019 /home/travis/build/icyphy/ptII/ptolemy/domains/continuous/test/auto/Thermostat.xml
----------------- Instantiating /home/travis/build/icyphy/ptII/ptolemy/domains/continuous/test/auto/Thermostat.xml
195 ms. Memory: 315392K Free: 242463K (77%)
----------------- Invoking toplevel() on ptolemy.moml.MoMLSimpleApplication@e190826
----------------- Done invoking toplevel() on ptolemy.moml.MoMLSimpleApplication@e190826
reloadAllAccessors: .Thermostat

===========================================================================================
----------------- testing Sun Nov 10 06:12:20 UTC 2019 /home/travis/build/icyphy/ptII/ptolemy/domains/continuous/test/auto/TimeDelay.xml
----------------- Instantiating /home/travis/build/icyphy/ptII/ptolemy/domains/continuous/test/auto/TimeDelay.xml
7 ms. Memory: 315392K Free: 237212K (75%)
----------------- Invoking toplevel() on ptolemy.moml.MoMLSimpleApplication@c849e0e
----------------- Done invoking toplevel() on ptolemy.moml.MoMLSimpleApplication@c849e0e
reloadAllAccessors: .TimeDelay

===========================================================================================
----------------- testing Sun Nov 10 06:12:20 UTC 2019 /home/travis/build/icyphy/ptII/ptolemy/domains/continuous/test/auto/TimeDelay2.xml
----------------- Instantiating /home/travis/build/icyphy/ptII/ptolemy/domains/continuous/test/auto/TimeDelay2.xml
9 ms. Memory: 315392K Free: 226972K (72%)
----------------- Invoking toplevel() on ptolemy.moml.MoMLSimpleApplication@485d5085
----------------- Done invoking toplevel() on ptolemy.moml.MoMLSimpleApplication@485d5085
reloadAllAccessors: .TimeDelay2

===========================================================================================
----------------- testing Sun Nov 10 06:12:20 UTC 2019 /home/travis/build/icyphy/ptII/ptolemy/domains/continuous/test/auto/TimeDelay3.xml
----------------- Instantiating /home/travis/build/icyphy/ptII/ptolemy/domains/continuous/test/auto/TimeDelay3.xml
5 ms. Memory: 315392K Free: 222364K (71%)
----------------- Invoking toplevel() on ptolemy.moml.MoMLSimpleApplication@31b5a0c0
----------------- Done invoking toplevel() on ptolemy.moml.MoMLSimpleApplication@31b5a0c0
reloadAllAccessors: .TimeDelay3

===========================================================================================
----------------- testing Sun Nov 10 06:12:20 UTC 2019 /home/travis/build/icyphy/ptII/ptolemy/domains/continuous/test/auto/TransferAbsentToInside.xml
----------------- Instantiating /home/travis/build/icyphy/ptII/ptolemy/domains/continuous/test/auto/TransferAbsentToInside.xml
34 ms. Memory: 315392K Free: 169597K (54%)
----------------- Invoking toplevel() on ptolemy.moml.MoMLSimpleApplication@25cba074
----------------- Done invoking toplevel() on ptolemy.moml.MoMLSimpleApplication@25cba074
reloadAllAccessors: .TransferAbsentToInside

===========================================================================================
----------------- testing Sun Nov 10 06:12:21 UTC 2019 /home/travis/build/icyphy/ptII/ptolemy/domains/continuous/test/auto/Transmission.xml
----------------- Instantiating /home/travis/build/icyphy/ptII/ptolemy/domains/continuous/test/auto/Transmission.xml
769 ms. Memory: 315392K Free: 120977K (38%)
----------------- Invoking toplevel() on ptolemy.moml.MoMLSimpleApplication@6dbc7b0f
----------------- Done invoking toplevel() on ptolemy.moml.MoMLSimpleApplication@6dbc7b0f
reloadAllAccessors: .Transmission

===========================================================================================
----------------- testing Sun Nov 10 06:12:21 UTC 2019 /home/travis/build/icyphy/ptII/ptolemy/domains/continuous/test/auto/TriggeredContinuousClock.xml
----------------- Instantiating /home/travis/build/icyphy/ptII/ptolemy/domains/continuous/test/auto/TriggeredContinuousClock.xml
66 ms. Memory: 315392K Free: 274055K (87%)
----------------- Invoking toplevel() on ptolemy.moml.MoMLSimpleApplication@6eac6f14
----------------- Done invoking toplevel() on ptolemy.moml.MoMLSimpleApplication@6eac6f14
reloadAllAccessors: .TriggeredContinuousClock

===========================================================================================
----------------- testing Sun Nov 10 06:12:21 UTC 2019 /home/travis/build/icyphy/ptII/ptolemy/domains/continuous/test/auto/TwoMachineInfiniteBusControl.xml
----------------- Instantiating /home/travis/build/icyphy/ptII/ptolemy/domains/continuous/test/auto/TwoMachineInfiniteBusControl.xml
2939 ms. Memory: 315392K Free: 258625K (82%)
----------------- Invoking toplevel() on ptolemy.moml.MoMLSimpleApplication@510baa5b
----------------- Done invoking toplevel() on ptolemy.moml.MoMLSimpleApplication@510baa5b
reloadAllAccessors: .TwoMachineInfiniteBusControl

===========================================================================================
----------------- testing Sun Nov 10 06:12:24 UTC 2019 /home/travis/build/icyphy/ptII/ptolemy/domains/continuous/test/auto/V2V.xml
----------------- Instantiating /home/travis/build/icyphy/ptII/ptolemy/domains/continuous/test/auto/V2V.xml
799 ms. Memory: 315392K Free: 253017K (80%)
----------------- Invoking toplevel() on ptolemy.moml.MoMLSimpleApplication@58036648
----------------- Done invoking toplevel() on ptolemy.moml.MoMLSimpleApplication@58036648
reloadAllAccessors: .V2V

===========================================================================================
----------------- testing Sun Nov 10 06:12:25 UTC 2019 /home/travis/build/icyphy/ptII/ptolemy/domains/continuous/test/auto/hierarchicalModalModel.xml
----------------- Instantiating /home/travis/build/icyphy/ptII/ptolemy/domains/continuous/test/auto/hierarchicalModalModel.xml
8 ms. Memory: 315392K Free: 238152K (76%)
----------------- Invoking toplevel() on ptolemy.moml.MoMLSimpleApplication@2faf70b0
----------------- Done invoking toplevel() on ptolemy.moml.MoMLSimpleApplication@2faf70b0
reloadAllAccessors: .hierarchicalModalModel

===========================================================================================
----------------- testing Sun Nov 10 06:12:25 UTC 2019 /home/travis/build/icyphy/ptII/ptolemy/domains/continuous/test/auto/hierarchicalModalModel1.xml
----------------- Instantiating /home/travis/build/icyphy/ptII/ptolemy/domains/continuous/test/auto/hierarchicalModalModel1.xml
8 ms. Memory: 315392K Free: 223831K (71%)
----------------- Invoking toplevel() on ptolemy.moml.MoMLSimpleApplication@6dcc4303
----------------- Done invoking toplevel() on ptolemy.moml.MoMLSimpleApplication@6dcc4303
reloadAllAccessors: .hierarchicalModalModel1

===========================================================================================
----------------- testing Sun Nov 10 06:12:25 UTC 2019 /home/travis/build/icyphy/ptII/ptolemy/domains/continuous/test/auto/hierarchicalModalModel2.xml
----------------- Instantiating /home/travis/build/icyphy/ptII/ptolemy/domains/continuous/test/auto/hierarchicalModalModel2.xml
6 ms. Memory: 315392K Free: 211033K (67%)
----------------- Invoking toplevel() on ptolemy.moml.MoMLSimpleApplication@23488af4
----------------- Done invoking toplevel() on ptolemy.moml.MoMLSimpleApplication@23488af4
reloadAllAccessors: .hierarchicalModalModel2

===========================================================================================
----------------- testing Sun Nov 10 06:12:26 UTC 2019 /home/travis/build/icyphy/ptII/ptolemy/domains/continuous/test/auto/hierarchicalModalModel3.xml
----------------- Instantiating /home/travis/build/icyphy/ptII/ptolemy/domains/continuous/test/auto/hierarchicalModalModel3.xml
6 ms. Memory: 315392K Free: 200279K (64%)
----------------- Invoking toplevel() on ptolemy.moml.MoMLSimpleApplication@1bffa744
----------------- Done invoking toplevel() on ptolemy.moml.MoMLSimpleApplication@1bffa744
reloadAllAccessors: .hierarchicalModalModel3

===========================================================================================
----------------- testing Sun Nov 10 06:12:26 UTC 2019 /home/travis/build/icyphy/ptII/ptolemy/domains/continuous/test/auto/hierarchicalModalModel4.xml
----------------- Instantiating /home/travis/build/icyphy/ptII/ptolemy/domains/continuous/test/auto/hierarchicalModalModel4.xml
5 ms. Memory: 315392K Free: 188505K (60%)
----------------- Invoking toplevel() on ptolemy.moml.MoMLSimpleApplication@2025918b
----------------- Done invoking toplevel() on ptolemy.moml.MoMLSimpleApplication@2025918b
reloadAllAccessors: .hierarchicalModalModel4

===========================================================================================
----------------- testing Sun Nov 10 06:12:26 UTC 2019 /home/travis/build/icyphy/ptII/ptolemy/domains/continuous/test/auto/junk.xml
----------------- Instantiating /home/travis/build/icyphy/ptII/ptolemy/domains/continuous/test/auto/junk.xml
151 ms. Memory: 315392K Free: 163929K (52%)
----------------- Invoking toplevel() on ptolemy.moml.MoMLSimpleApplication@5719af10
----------------- Done invoking toplevel() on ptolemy.moml.MoMLSimpleApplication@5719af10
reloadAllAccessors: .junk
AutoTests.java: About to close Vertx.
AutoTests.java: Vertx closed.
]]></system-out>
  <system-err><![CDATA[Warning: '.HysteresisWithRandomDelay.NonStrictTest3' The test produced only 25 tokens, yet the correctValues parameter was expecting 30 tokens.
Warning: '.IncreasingRatePoisson.NonStrictTest' The test produced only 397 tokens, yet the correctValues parameter was expecting 402 tokens.
Warning: '.Poisson.NonStrictTest' The test produced only 425 tokens, yet the correctValues parameter was expecting 430 tokens.
]]></system-err>
</testsuite>
