<?xml version="1.0" encoding="UTF-8" ?>
<testsuite errors="0" failures="0" hostname="travis-job-0b06d2dd-882c-4d6f-bda0-8e6a6cf4abd2" name="ptolemy.domains.de.test.junit.JUnitTclTest" skipped="0" tests="101" time="121.829" timestamp="2020-04-23T14:08:03">
  <properties>
[...]
</properties>
  <testcase classname="ptolemy.util.test.junit.TclTests" name="[0] /home/travis/build/icyphy/ptII/ptolemy/domains/de/test/DependencyLoop.tcl (RunTclFile)" time="0.785" />
  <testcase classname="ptolemy.util.test.junit.TclTests" name="[1] /home/travis/build/icyphy/ptII/ptolemy/domains/de/test/RunDETestsAsQSS.tcl (RunTclFile)" time="81.429" />
  <testcase classname="ptolemy.util.test.junit.AutoKnownFailedTests" name="[0] /home/travis/build/icyphy/ptII/ptolemy/domains/de/test/auto/knownFailedTests/DESDFClockTest.xml (RunModel)" time="2.081" />
  <testcase classname="ptolemy.util.test.junit.AutoKnownFailedTests" name="[1] /home/travis/build/icyphy/ptII/ptolemy/domains/de/test/auto/knownFailedTests/DirectFeedback.xml (RunModel)" time="0.016" />
  <testcase classname="ptolemy.util.test.junit.AutoKnownFailedTests" name="[2] /home/travis/build/icyphy/ptII/ptolemy/domains/de/test/auto/knownFailedTests/FSMSource.xml (RunModel)" time="0.038" />
  <testcase classname="ptolemy.util.test.junit.AutoKnownFailedTests" name="[3] /home/travis/build/icyphy/ptII/ptolemy/domains/de/test/auto/knownFailedTests/HierarchicalModel.xml (RunModel)" time="0.05" />
  <testcase classname="ptolemy.util.test.junit.AutoKnownFailedTests" name="[4] /home/travis/build/icyphy/ptII/ptolemy/domains/de/test/auto/knownFailedTests/dependencyLoop.xml (RunModel)" time="0.039" />
  <testcase classname="ptolemy.util.test.junit.AutoKnownFailedTests" name="[5] /home/travis/build/icyphy/ptII/ptolemy/domains/de/test/auto/knownFailedTests/dependencyLoop2.xml (RunModel)" time="0.044" />
  <testcase classname="ptolemy.util.test.junit.AutoNameArchTests" name="[0] ThereAreNoAutoArchTests (RunModel)" time="0.003" />
  <testcase classname="ptolemy.util.test.junit.AutoTests" name="[0] /home/travis/build/icyphy/ptII/ptolemy/domains/de/test/auto/ActorDepthCalculation_actorWithoutPorts.xml (RunModel)" time="0.018" />
  <testcase classname="ptolemy.util.test.junit.AutoTests" name="[1] /home/travis/build/icyphy/ptII/ptolemy/domains/de/test/auto/AssemblyLine.xml (RunModel)" time="0.019" />
  <testcase classname="ptolemy.util.test.junit.AutoTests" name="[2] /home/travis/build/icyphy/ptII/ptolemy/domains/de/test/auto/CQBug1.xml (RunModel)" time="0.012" />
  <testcase classname="ptolemy.util.test.junit.AutoTests" name="[3] /home/travis/build/icyphy/ptII/ptolemy/domains/de/test/auto/CancelFireAt.xml (RunModel)" time="0.023" />
  <testcase classname="ptolemy.util.test.junit.AutoTests" name="[4] /home/travis/build/icyphy/ptII/ptolemy/domains/de/test/auto/CausalityAndComposabilityAnalysis.xml (RunModel)" time="0.02" />
  <testcase classname="ptolemy.util.test.junit.AutoTests" name="[5] /home/travis/build/icyphy/ptII/ptolemy/domains/de/test/auto/CausalityInterface1.xml (RunModel)" time="0.016" />
  <testcase classname="ptolemy.util.test.junit.AutoTests" name="[6] /home/travis/build/icyphy/ptII/ptolemy/domains/de/test/auto/CausalityInterface15.xml (RunModel)" time="0.016" />
  <testcase classname="ptolemy.util.test.junit.AutoTests" name="[7] /home/travis/build/icyphy/ptII/ptolemy/domains/de/test/auto/CausalityInterface2.xml (RunModel)" time="0.013" />
  <testcase classname="ptolemy.util.test.junit.AutoTests" name="[8] /home/travis/build/icyphy/ptII/ptolemy/domains/de/test/auto/CausalityInterface3.xml (RunModel)" time="0.02" />
  <testcase classname="ptolemy.util.test.junit.AutoTests" name="[9] /home/travis/build/icyphy/ptII/ptolemy/domains/de/test/auto/ClockDrift.xml (RunModel)" time="0.039" />
  <testcase classname="ptolemy.util.test.junit.AutoTests" name="[10] /home/travis/build/icyphy/ptII/ptolemy/domains/de/test/auto/ClockDriftAndValueChange.xml (RunModel)" time="0.031" />
  <testcase classname="ptolemy.util.test.junit.AutoTests" name="[11] /home/travis/build/icyphy/ptII/ptolemy/domains/de/test/auto/ClockDriftChange.xml (RunModel)" time="0.035" />
  <testcase classname="ptolemy.util.test.junit.AutoTests" name="[12] /home/travis/build/icyphy/ptII/ptolemy/domains/de/test/auto/ComposableCausalityAnalysis.xml (RunModel)" time="0.011" />
  <testcase classname="ptolemy.util.test.junit.AutoTests" name="[13] /home/travis/build/icyphy/ptII/ptolemy/domains/de/test/auto/DEFixedPointLimitation.xml (RunModel)" time="0.008" />
  <testcase classname="ptolemy.util.test.junit.AutoTests" name="[14] /home/travis/build/icyphy/ptII/ptolemy/domains/de/test/auto/DEScheduleTest.xml (RunModel)" time="0.017" />
  <testcase classname="ptolemy.util.test.junit.AutoTests" name="[15] /home/travis/build/icyphy/ptII/ptolemy/domains/de/test/auto/DEinDEwithStartTimes.xml (RunModel)" time="0.015" />
  <testcase classname="ptolemy.util.test.junit.AutoTests" name="[16] /home/travis/build/icyphy/ptII/ptolemy/domains/de/test/auto/DEinDEwithStartTimes2.xml (RunModel)" time="0.023" />
  <testcase classname="ptolemy.util.test.junit.AutoTests" name="[17] /home/travis/build/icyphy/ptII/ptolemy/domains/de/test/auto/DateDemo.xml (RunModel)" time="0.03" />
  <testcase classname="ptolemy.util.test.junit.AutoTests" name="[18] /home/travis/build/icyphy/ptII/ptolemy/domains/de/test/auto/DateToEvent.xml (RunModel)" time="2.052" />
  <testcase classname="ptolemy.util.test.junit.AutoTests" name="[19] /home/travis/build/icyphy/ptII/ptolemy/domains/de/test/auto/DepthTest1.xml (RunModel)" time="0.01" />
  <testcase classname="ptolemy.util.test.junit.AutoTests" name="[20] /home/travis/build/icyphy/ptII/ptolemy/domains/de/test/auto/DepthTest2.xml (RunModel)" time="0.02" />
  <testcase classname="ptolemy.util.test.junit.AutoTests" name="[21] /home/travis/build/icyphy/ptII/ptolemy/domains/de/test/auto/DepthTest3.xml (RunModel)" time="0.009" />
  <testcase classname="ptolemy.util.test.junit.AutoTests" name="[22] /home/travis/build/icyphy/ptII/ptolemy/domains/de/test/auto/DepthTest4.xml (RunModel)" time="0.014" />
  <testcase classname="ptolemy.util.test.junit.AutoTests" name="[23] /home/travis/build/icyphy/ptII/ptolemy/domains/de/test/auto/DepthTest5.xml (RunModel)" time="0.014" />
  <testcase classname="ptolemy.util.test.junit.AutoTests" name="[24] /home/travis/build/icyphy/ptII/ptolemy/domains/de/test/auto/DepthTest6.xml (RunModel)" time="0.016" />
  <testcase classname="ptolemy.util.test.junit.AutoTests" name="[25] /home/travis/build/icyphy/ptII/ptolemy/domains/de/test/auto/DepthTest7.xml (RunModel)" time="0.013" />
  <testcase classname="ptolemy.util.test.junit.AutoTests" name="[26] /home/travis/build/icyphy/ptII/ptolemy/domains/de/test/auto/EventToDate.xml (RunModel)" time="3.038" />
  <testcase classname="ptolemy.util.test.junit.AutoTests" name="[27] /home/travis/build/icyphy/ptII/ptolemy/domains/de/test/auto/FSM1.xml (RunModel)" time="0.063" />
  <testcase classname="ptolemy.util.test.junit.AutoTests" name="[28] /home/travis/build/icyphy/ptII/ptolemy/domains/de/test/auto/FSM7.xml (RunModel)" time="0.035" />
  <testcase classname="ptolemy.util.test.junit.AutoTests" name="[29] /home/travis/build/icyphy/ptII/ptolemy/domains/de/test/auto/Inspection.xml (RunModel)" time="0.039" />
  <testcase classname="ptolemy.util.test.junit.AutoTests" name="[30] /home/travis/build/icyphy/ptII/ptolemy/domains/de/test/auto/Iteration.xml (RunModel)" time="0.028" />
  <testcase classname="ptolemy.util.test.junit.AutoTests" name="[31] /home/travis/build/icyphy/ptII/ptolemy/domains/de/test/auto/LineFault.xml (RunModel)" time="0.529" />
  <testcase classname="ptolemy.util.test.junit.AutoTests" name="[32] /home/travis/build/icyphy/ptII/ptolemy/domains/de/test/auto/MergeModel1Add.xml (RunModel)" time="0.04" />
  <testcase classname="ptolemy.util.test.junit.AutoTests" name="[33] /home/travis/build/icyphy/ptII/ptolemy/domains/de/test/auto/MergeModel2Add.xml (RunModel)" time="0.036" />
  <testcase classname="ptolemy.util.test.junit.AutoTests" name="[34] /home/travis/build/icyphy/ptII/ptolemy/domains/de/test/auto/MergeModel3Add.xml (RunModel)" time="0.048" />
  <testcase classname="ptolemy.util.test.junit.AutoTests" name="[35] /home/travis/build/icyphy/ptII/ptolemy/domains/de/test/auto/MergeWithoutDiscard.xml (RunModel)" time="0.01" />
  <testcase classname="ptolemy.util.test.junit.AutoTests" name="[36] /home/travis/build/icyphy/ptII/ptolemy/domains/de/test/auto/Modal1.xml (RunModel)" time="0.024" />
  <testcase classname="ptolemy.util.test.junit.AutoTests" name="[37] /home/travis/build/icyphy/ptII/ptolemy/domains/de/test/auto/Modal2.xml (RunModel)" time="0.026" />
  <testcase classname="ptolemy.util.test.junit.AutoTests" name="[38] /home/travis/build/icyphy/ptII/ptolemy/domains/de/test/auto/Modal3.xml (RunModel)" time="0.028" />
  <testcase classname="ptolemy.util.test.junit.AutoTests" name="[39] /home/travis/build/icyphy/ptII/ptolemy/domains/de/test/auto/Modal4.xml (RunModel)" time="0.029" />
  <testcase classname="ptolemy.util.test.junit.AutoTests" name="[40] /home/travis/build/icyphy/ptII/ptolemy/domains/de/test/auto/Modal5.xml (RunModel)" time="0.031" />
  <testcase classname="ptolemy.util.test.junit.AutoTests" name="[41] /home/travis/build/icyphy/ptII/ptolemy/domains/de/test/auto/Modal6.xml (RunModel)" time="0.033" />
  <testcase classname="ptolemy.util.test.junit.AutoTests" name="[42] /home/travis/build/icyphy/ptII/ptolemy/domains/de/test/auto/Modal7.xml (RunModel)" time="0.029" />
  <testcase classname="ptolemy.util.test.junit.AutoTests" name="[43] /home/travis/build/icyphy/ptII/ptolemy/domains/de/test/auto/ModalModel.xml (RunModel)" time="0.16" />
  <testcase classname="ptolemy.util.test.junit.AutoTests" name="[44] /home/travis/build/icyphy/ptII/ptolemy/domains/de/test/auto/ModalSource.xml (RunModel)" time="0.027" />
  <testcase classname="ptolemy.util.test.junit.AutoTests" name="[45] /home/travis/build/icyphy/ptII/ptolemy/domains/de/test/auto/NonInterruptibleTimerZeroDelay.xml (RunModel)" time="0.01" />
  <testcase classname="ptolemy.util.test.junit.AutoTests" name="[46] /home/travis/build/icyphy/ptII/ptolemy/domains/de/test/auto/OpenQueueingNetwork.xml (RunModel)" time="2.239" />
  <testcase classname="ptolemy.util.test.junit.AutoTests" name="[47] /home/travis/build/icyphy/ptII/ptolemy/domains/de/test/auto/OpenQueuingNetwork.xml (RunModel)" time="0.268" />
  <testcase classname="ptolemy.util.test.junit.AutoTests" name="[48] /home/travis/build/icyphy/ptII/ptolemy/domains/de/test/auto/PeriodicSampler.xml (RunModel)" time="0.008" />
  <testcase classname="ptolemy.util.test.junit.AutoTests" name="[49] /home/travis/build/icyphy/ptII/ptolemy/domains/de/test/auto/PersistentIO.xml (RunModel)" time="0.019" />
  <testcase classname="ptolemy.util.test.junit.AutoTests" name="[50] /home/travis/build/icyphy/ptII/ptolemy/domains/de/test/auto/PortParameterResetOnInitialize.xml (RunModel)" time="0.012" />
  <testcase classname="ptolemy.util.test.junit.AutoTests" name="[51] /home/travis/build/icyphy/ptII/ptolemy/domains/de/test/auto/PortParameterUpdates.xml (RunModel)" time="0.017" />
  <testcase classname="ptolemy.util.test.junit.AutoTests" name="[52] /home/travis/build/icyphy/ptII/ptolemy/domains/de/test/auto/QueueAndServer.xml (RunModel)" time="0.025" />
  <testcase classname="ptolemy.util.test.junit.AutoTests" name="[53] /home/travis/build/icyphy/ptII/ptolemy/domains/de/test/auto/Records.xml (RunModel)" time="0.016" />
  <testcase classname="ptolemy.util.test.junit.AutoTests" name="[54] /home/travis/build/icyphy/ptII/ptolemy/domains/de/test/auto/ResetTransitionWithStartTime1.xml (RunModel)" time="0.019" />
  <testcase classname="ptolemy.util.test.junit.AutoTests" name="[55] /home/travis/build/icyphy/ptII/ptolemy/domains/de/test/auto/ResetTransitionWithStartTime2.xml (RunModel)" time="0.019" />
  <testcase classname="ptolemy.util.test.junit.AutoTests" name="[56] /home/travis/build/icyphy/ptII/ptolemy/domains/de/test/auto/ResetTransitionWithStartTime3.xml (RunModel)" time="0.019" />
  <testcase classname="ptolemy.util.test.junit.AutoTests" name="[57] /home/travis/build/icyphy/ptII/ptolemy/domains/de/test/auto/ResetTransitionWithStartTime4.xml (RunModel)" time="0.017" />
  <testcase classname="ptolemy.util.test.junit.AutoTests" name="[58] /home/travis/build/icyphy/ptII/ptolemy/domains/de/test/auto/ResettableTimer1.xml (RunModel)" time="0.009" />
  <testcase classname="ptolemy.util.test.junit.AutoTests" name="[59] /home/travis/build/icyphy/ptII/ptolemy/domains/de/test/auto/ResettableTimer2.xml (RunModel)" time="0.009" />
  <testcase classname="ptolemy.util.test.junit.AutoTests" name="[60] /home/travis/build/icyphy/ptII/ptolemy/domains/de/test/auto/ResettableTimer3.xml (RunModel)" time="0.008" />
  <testcase classname="ptolemy.util.test.junit.AutoTests" name="[61] /home/travis/build/icyphy/ptII/ptolemy/domains/de/test/auto/ResettableTimer4.xml (RunModel)" time="0.009" />
  <testcase classname="ptolemy.util.test.junit.AutoTests" name="[62] /home/travis/build/icyphy/ptII/ptolemy/domains/de/test/auto/ResettableTimer5.xml (RunModel)" time="0.009" />
  <testcase classname="ptolemy.util.test.junit.AutoTests" name="[63] /home/travis/build/icyphy/ptII/ptolemy/domains/de/test/auto/ResettableTimer6.xml (RunModel)" time="0.017" />
  <testcase classname="ptolemy.util.test.junit.AutoTests" name="[64] /home/travis/build/icyphy/ptII/ptolemy/domains/de/test/auto/ServerZeroDelay.xml (RunModel)" time="0.014" />
  <testcase classname="ptolemy.util.test.junit.AutoTests" name="[65] /home/travis/build/icyphy/ptII/ptolemy/domains/de/test/auto/SmartSender.xml (RunModel)" time="3.006" />
  <testcase classname="ptolemy.util.test.junit.AutoTests" name="[66] /home/travis/build/icyphy/ptII/ptolemy/domains/de/test/auto/ThreadedComposite.xml (RunModel)" time="0.117" />
  <testcase classname="ptolemy.util.test.junit.AutoTests" name="[67] /home/travis/build/icyphy/ptII/ptolemy/domains/de/test/auto/Time.xml (RunModel)" time="0.358" />
  <testcase classname="ptolemy.util.test.junit.AutoTests" name="[68] /home/travis/build/icyphy/ptII/ptolemy/domains/de/test/auto/TimeDelayZeroDelay.xml (RunModel)" time="0.01" />
  <testcase classname="ptolemy.util.test.junit.AutoTests" name="[69] /home/travis/build/icyphy/ptII/ptolemy/domains/de/test/auto/TimerZeroDelay.xml (RunModel)" time="0.01" />
  <testcase classname="ptolemy.util.test.junit.AutoTests" name="[70] /home/travis/build/icyphy/ptII/ptolemy/domains/de/test/auto/TimingParadox.xml (RunModel)" time="0.318" />
  <testcase classname="ptolemy.util.test.junit.AutoTests" name="[71] /home/travis/build/icyphy/ptII/ptolemy/domains/de/test/auto/TransferInputs.xml (RunModel)" time="0.014" />
  <testcase classname="ptolemy.util.test.junit.AutoTests" name="[72] /home/travis/build/icyphy/ptII/ptolemy/domains/de/test/auto/TransferOutputs2.xml (RunModel)" time="0.015" />
  <testcase classname="ptolemy.util.test.junit.AutoTests" name="[73] /home/travis/build/icyphy/ptII/ptolemy/domains/de/test/auto/Trilateration.xml (RunModel)" time="11.636" />
  <testcase classname="ptolemy.util.test.junit.AutoTests" name="[74] /home/travis/build/icyphy/ptII/ptolemy/domains/de/test/auto/TwoSigmaDelta.xml (RunModel)" time="1.77" />
  <testcase classname="ptolemy.util.test.junit.AutoTests" name="[75] /home/travis/build/icyphy/ptII/ptolemy/domains/de/test/auto/VariableDelay.xml (RunModel)" time="0.01" />
  <testcase classname="ptolemy.util.test.junit.AutoTests" name="[76] /home/travis/build/icyphy/ptII/ptolemy/domains/de/test/auto/VariableDelay2.xml (RunModel)" time="0.015" />
  <testcase classname="ptolemy.util.test.junit.AutoTests" name="[77] /home/travis/build/icyphy/ptII/ptolemy/domains/de/test/auto/VariableDelayZeroDelay.xml (RunModel)" time="0.011" />
  <testcase classname="ptolemy.util.test.junit.AutoTests" name="[78] /home/travis/build/icyphy/ptII/ptolemy/domains/de/test/auto/VariableDelayZeroDelay2.xml (RunModel)" time="0.008" />
  <testcase classname="ptolemy.util.test.junit.AutoTests" name="[79] /home/travis/build/icyphy/ptII/ptolemy/domains/de/test/auto/deInCt.xml (RunModel)" time="0.014" />
  <testcase classname="ptolemy.util.test.junit.AutoTests" name="[80] /home/travis/build/icyphy/ptII/ptolemy/domains/de/test/auto/deInCt2.xml (RunModel)" time="0.022" />
  <testcase classname="ptolemy.util.test.junit.AutoTests" name="[81] /home/travis/build/icyphy/ptII/ptolemy/domains/de/test/auto/dynamicCausalityInterface1.xml (RunModel)" time="0.015" />
  <testcase classname="ptolemy.util.test.junit.AutoTests" name="[82] /home/travis/build/icyphy/ptII/ptolemy/domains/de/test/auto/fsm_de_test.xml (RunModel)" time="0.02" />
  <testcase classname="ptolemy.util.test.junit.AutoTests" name="[83] /home/travis/build/icyphy/ptII/ptolemy/domains/de/test/auto/functionDependencyReconstruction.xml (RunModel)" time="0.027" />
  <testcase classname="ptolemy.util.test.junit.AutoTests" name="[84] /home/travis/build/icyphy/ptII/ptolemy/domains/de/test/auto/multirate.xml (RunModel)" time="0.014" />
  <testcase classname="ptolemy.util.test.junit.AutoTests" name="[85] /home/travis/build/icyphy/ptII/ptolemy/domains/de/test/auto/multirate2.xml (RunModel)" time="0.013" />
  <testcase classname="ptolemy.util.test.junit.AutoTests" name="[86] /home/travis/build/icyphy/ptII/ptolemy/domains/de/test/auto/realtime.xml (RunModel)" time="10.011" />
  <testcase classname="ptolemy.util.test.junit.AutoTests" name="[87] /home/travis/build/icyphy/ptII/ptolemy/domains/de/test/auto/relationGroup.xml (RunModel)" time="0.012" />
  <testcase classname="ptolemy.util.test.junit.AutoTests" name="[88] /home/travis/build/icyphy/ptII/ptolemy/domains/de/test/auto/relationGroup2.xml (RunModel)" time="0.01" />
  <testcase classname="ptolemy.util.test.junit.AutoTests" name="[89] /home/travis/build/icyphy/ptII/ptolemy/domains/de/test/auto/sortWithOpaquePorts.xml (RunModel)" time="0.008" />
  <testcase classname="ptolemy.util.test.junit.AutoTests" name="[90] /home/travis/build/icyphy/ptII/ptolemy/domains/de/test/auto/transferInputsandOutputs.xml (RunModel)" time="0.016" />
  <testcase classname="ptolemy.util.test.junit.AutoTests" name="[91] /home/travis/build/icyphy/ptII/ptolemy/domains/de/test/auto/triggerType.xml (RunModel)" time="0.008" />
  <system-out><![CDATA[/home/travis/build/icyphy/ptII/ptolemy/domains/de/test/DependencyLoop.tcl
testDefs.tcl: setting time out to 9000 seconds at Thu Apr 23 14:08:03 UTC 2020
59 ms. Memory: 129024K Free: 78278K (61%)
20 ms. Memory: 129024K Free: 60870K (47%)
/home/travis/build/icyphy/ptII/ptolemy/domains/de/test/RunDETestsAsQSS.tcl
Run the DE tests using ptolemy.domains.qss.test.QSSDirectorTest, which extends QSSDirector and prints a message in the constructors.
------------------ testing $PTII/ptolemy/domains/de/test/auto/knownFailedTests/DirectFeedback.xml (Known Failure) 
33 ms. Memory: 129024K Free: 55240K (43%)


==== $PTIIhome/travis/build/icyphy/ptII/ptolemy/domains/de/test/../../../../: Auto Automatic test in file $PTII/ptolemy/domains/de/test/auto/knownFailedTests/DirectFeedback.xml
==== Contents of test case:

	    # FIXME: we should use $relativeFilename here, but it
	    # might have backslashes under Windows, which causes no end
	    # of trouble.
	    createAndExecute $file
	    list {}
	
.... Test generated KNOWN error:
    while executing
ptolemy.kernel.util.IllegalActionException: Test fails in iteration 1.
Value was: 1.0. Should have been: 2.0
  in .DirectFeedback.Test
	at ptolemy.actor.lib.Test.fire(Test.java:268)
	at ptolemy.domains.de.kernel.DEDirector._fire(DEDirector.java:1949)
	at ptolemy.domains.de.kernel.DEDirector.fire(DEDirector.java:502)
	at ptolemy.actor.CompositeActor.fire(CompositeActor.java:455)
	at ptolemy.actor.Manager.iterate(Manager.java:851)
	at ptolemy.actor.Manager.execute(Manager.java:369)
	at ptolemy.actor.Manager.run(Manager.java:1263)
	at ptolemy.actor.Manager$PtolemyRunThread.run(Manager.java:1933)

    while executing
ptolemy.kernel.util.IllegalActionException: Test fails in iteration 1.
Value was: 1.0. Should have been: 2.0
  in .DirectFeedback.Test
    while executing
"java::new ptolemy.moml.MoMLSimpleApplication $file
"
    (procedure "createAndExecute" line 2)
    invoked from within
"createAndExecute $file"
    ("uplevel" body line 5)
    invoked from within
"uplevel $contents_of_test"
------------------ testing $PTII/ptolemy/domains/de/test/auto/knownFailedTests/dependencyLoop.xml (Known Failure) 
15 ms. Memory: 129024K Free: 52168K (40%)


==== $PTIIhome/travis/build/icyphy/ptII/ptolemy/domains/de/test/../../../../: Auto Automatic test in file $PTII/ptolemy/domains/de/test/auto/knownFailedTests/dependencyLoop.xml
==== Contents of test case:

	    # FIXME: we should use $relativeFilename here, but it
	    # might have backslashes under Windows, which causes no end
	    # of trouble.
	    createAndExecute $file
	    list {}
	
.... Test generated KNOWN error:
    while executing
ptolemy.kernel.util.IllegalActionException: Found a zero delay loop containing .dependencyLoop.original
  in .dependencyLoop and .dependencyLoop.original
	at ptolemy.actor.util.CausalityInterfaceForComposites._computeOutputPortDepth(CausalityInterfaceForComposites.java:759)
	at ptolemy.actor.util.CausalityInterfaceForComposites._computeInputDepth(CausalityInterfaceForComposites.java:696)
	at ptolemy.actor.util.CausalityInterfaceForComposites._computeOutputPortDepth(CausalityInterfaceForComposites.java:765)
	at ptolemy.actor.util.CausalityInterfaceForComposites._computeInputDepth(CausalityInterfaceForComposites.java:696)
	at ptolemy.actor.util.CausalityInterfaceForComposites._computeOutputPortDepth(CausalityInterfaceForComposites.java:765)
	at ptolemy.actor.util.CausalityInterfaceForComposites._computeInputDepth(CausalityInterfaceForComposites.java:696)
	at ptolemy.actor.util.CausalityInterfaceForComposites._computeActorDepth(CausalityInterfaceForComposites.java:532)
	at ptolemy.actor.util.CausalityInterfaceForComposites.checkForCycles(CausalityInterfaceForComposites.java:96)
	at ptolemy.domains.de.kernel.DEDirector.preinitialize(DEDirector.java:1338)
	at ptolemy.actor.CompositeActor.preinitialize(CompositeActor.java:1828)
	at ptolemy.actor.Manager.preinitializeAndResolveTypes(Manager.java:1040)
	at ptolemy.actor.Manager.initialize(Manager.java:710)
	at ptolemy.actor.Manager.execute(Manager.java:356)
	at ptolemy.actor.Manager.run(Manager.java:1263)
	at ptolemy.actor.Manager$PtolemyRunThread.run(Manager.java:1933)

    while executing
ptolemy.kernel.util.IllegalActionException: Found a zero delay loop containing .dependencyLoop.original
  in .dependencyLoop and .dependencyLoop.original
    while executing
"java::new ptolemy.moml.MoMLSimpleApplication $file
"
    (procedure "createAndExecute" line 2)
    invoked from within
"createAndExecute $file"
    ("uplevel" body line 5)
    invoked from within
"uplevel $contents_of_test"
------------------ testing $PTII/ptolemy/domains/de/test/auto/knownFailedTests/FSMSource.xml (Known Failure) 
68 ms. Memory: 129024K Free: 110468K (86%)
!!!! Auto was marked as failing, but now passes
------------------ testing $PTII/ptolemy/domains/de/test/auto/knownFailedTests/HierarchicalModel.xml (Known Failure) 
8 ms. Memory: 129024K Free: 93362K (72%)


==== $PTIIhome/travis/build/icyphy/ptII/ptolemy/domains/de/test/../../../../: Auto Automatic test in file $PTII/ptolemy/domains/de/test/auto/knownFailedTests/HierarchicalModel.xml
==== Contents of test case:

	    # FIXME: we should use $relativeFilename here, but it
	    # might have backslashes under Windows, which causes no end
	    # of trouble.
	    createAndExecute $file
	    list {}
	
.... Test generated KNOWN error:
    while executing
ptolemy.kernel.util.IllegalActionException: Found a zero delay loop containing .HierarchicalModel.A
  in .HierarchicalModel and .HierarchicalModel.A
	at ptolemy.actor.util.CausalityInterfaceForComposites._computeOutputPortDepth(CausalityInterfaceForComposites.java:759)
	at ptolemy.actor.util.CausalityInterfaceForComposites._computeInputDepth(CausalityInterfaceForComposites.java:696)
	at ptolemy.actor.util.CausalityInterfaceForComposites._computeOutputPortDepth(CausalityInterfaceForComposites.java:765)
	at ptolemy.actor.util.CausalityInterfaceForComposites._computeInputDepth(CausalityInterfaceForComposites.java:696)
	at ptolemy.actor.util.CausalityInterfaceForComposites._computeOutputPortDepth(CausalityInterfaceForComposites.java:765)
	at ptolemy.actor.util.CausalityInterfaceForComposites._computeInputDepth(CausalityInterfaceForComposites.java:696)
	at ptolemy.actor.util.CausalityInterfaceForComposites._computeActorDepth(CausalityInterfaceForComposites.java:532)
	at ptolemy.actor.util.CausalityInterfaceForComposites.checkForCycles(CausalityInterfaceForComposites.java:96)
	at ptolemy.domains.de.kernel.DEDirector.preinitialize(DEDirector.java:1338)
	at ptolemy.actor.CompositeActor.preinitialize(CompositeActor.java:1828)
	at ptolemy.actor.Manager.preinitializeAndResolveTypes(Manager.java:1040)
	at ptolemy.actor.Manager.initialize(Manager.java:710)
	at ptolemy.actor.Manager.execute(Manager.java:356)
	at ptolemy.actor.Manager.run(Manager.java:1263)
	at ptolemy.actor.Manager$PtolemyRunThread.run(Manager.java:1933)

    while executing
ptolemy.kernel.util.IllegalActionException: Found a zero delay loop containing .HierarchicalModel.A
  in .HierarchicalModel and .HierarchicalModel.A
    while executing
"java::new ptolemy.moml.MoMLSimpleApplication $file
"
    (procedure "createAndExecute" line 2)
    invoked from within
"createAndExecute $file"
    ("uplevel" body line 5)
    invoked from within
"uplevel $contents_of_test"
------------------ testing $PTII/ptolemy/domains/de/test/auto/knownFailedTests/dependencyLoop2.xml (Known Failure) 
4 ms. Memory: 129024K Free: 77411K (60%)


==== $PTIIhome/travis/build/icyphy/ptII/ptolemy/domains/de/test/../../../../: Auto Automatic test in file $PTII/ptolemy/domains/de/test/auto/knownFailedTests/dependencyLoop2.xml
==== Contents of test case:

	    # FIXME: we should use $relativeFilename here, but it
	    # might have backslashes under Windows, which causes no end
	    # of trouble.
	    createAndExecute $file
	    list {}
	
.... Test generated KNOWN error:
    while executing
ptolemy.kernel.util.IllegalActionException: Found a zero delay loop containing .dependencyLoop2.original
  in .dependencyLoop2 and .dependencyLoop2.original
	at ptolemy.actor.util.CausalityInterfaceForComposites._computeOutputPortDepth(CausalityInterfaceForComposites.java:759)
	at ptolemy.actor.util.CausalityInterfaceForComposites._computeInputDepth(CausalityInterfaceForComposites.java:696)
	at ptolemy.actor.util.CausalityInterfaceForComposites._computeOutputPortDepth(CausalityInterfaceForComposites.java:765)
	at ptolemy.actor.util.CausalityInterfaceForComposites._computeInputDepth(CausalityInterfaceForComposites.java:696)
	at ptolemy.actor.util.CausalityInterfaceForComposites._computeOutputPortDepth(CausalityInterfaceForComposites.java:765)
	at ptolemy.actor.util.CausalityInterfaceForComposites._computeInputDepth(CausalityInterfaceForComposites.java:696)
	at ptolemy.actor.util.CausalityInterfaceForComposites._computeActorDepth(CausalityInterfaceForComposites.java:532)
	at ptolemy.actor.util.CausalityInterfaceForComposites.checkForCycles(CausalityInterfaceForComposites.java:96)
	at ptolemy.domains.de.kernel.DEDirector.preinitialize(DEDirector.java:1338)
	at ptolemy.actor.CompositeActor.preinitialize(CompositeActor.java:1828)
	at ptolemy.actor.Manager.preinitializeAndResolveTypes(Manager.java:1040)
	at ptolemy.actor.Manager.initialize(Manager.java:710)
	at ptolemy.actor.Manager.execute(Manager.java:356)
	at ptolemy.actor.Manager.run(Manager.java:1263)
	at ptolemy.actor.Manager$PtolemyRunThread.run(Manager.java:1933)

    while executing
ptolemy.kernel.util.IllegalActionException: Found a zero delay loop containing .dependencyLoop2.original
  in .dependencyLoop2 and .dependencyLoop2.original
    while executing
"java::new ptolemy.moml.MoMLSimpleApplication $file
"
    (procedure "createAndExecute" line 2)
    invoked from within
"createAndExecute $file"
    ("uplevel" body line 5)
    invoked from within
"uplevel $contents_of_test"
------------------ testing $PTII/ptolemy/domains/de/test/auto/knownFailedTests/DESDFClockTest.xml (Known Failure) 
2057 ms. Memory: 129024K Free: 106233K (82%)


==== $PTIIhome/travis/build/icyphy/ptII/ptolemy/domains/de/test/../../../../: Auto Automatic test in file $PTII/ptolemy/domains/de/test/auto/knownFailedTests/DESDFClockTest.xml
==== Contents of test case:

	    # FIXME: we should use $relativeFilename here, but it
	    # might have backslashes under Windows, which causes no end
	    # of trouble.
	    createAndExecute $file
	    list {}
	
.... Test generated KNOWN error:
    while executing
ptolemy.kernel.util.IllegalActionException: Actor is not ready to fire.  Perhaps UpSample.prefire() returned false? Try debugging the actor by selecting "Listen to Actor".  Also, for SDF check moml for tokenConsumptionRate on input.
  in .DESDFClockTest.Play Bell.Copy1:SDF Director and .DESDFClockTest.Play Bell.UpSample
	at ptolemy.actor.sched.StaticSchedulingDirector.fire(StaticSchedulingDirector.java:227)
	at ptolemy.domains.sdf.kernel.SDFDirector.fire(SDFDirector.java:500)
	at ptolemy.actor.CompositeActor.fire(CompositeActor.java:455)
	at ptolemy.domains.de.kernel.DEDirector._fire(DEDirector.java:1949)
	at ptolemy.domains.de.kernel.DEDirector.fire(DEDirector.java:502)
	at ptolemy.actor.CompositeActor.fire(CompositeActor.java:455)
	at ptolemy.actor.Manager.iterate(Manager.java:851)
	at ptolemy.actor.Manager.execute(Manager.java:369)
	at ptolemy.actor.Manager.run(Manager.java:1263)
	at ptolemy.actor.Manager$PtolemyRunThread.run(Manager.java:1933)

    while executing
ptolemy.kernel.util.IllegalActionException: Actor is not ready to fire.  Perhaps UpSample.prefire() returned false? Try debugging the actor by selecting "Listen to Actor".  Also, for SDF check moml for tokenConsumptionRate on input.
  in .DESDFClockTest.Play Bell.Copy1:SDF Director and .DESDFClockTest.Play Bell.UpSample
    while executing
"java::new ptolemy.moml.MoMLSimpleApplication $file
"
    (procedure "createAndExecute" line 2)
    invoked from within
"createAndExecute $file"
    ("uplevel" body line 5)
    invoked from within
"uplevel $contents_of_test"
------------------ testing $PTII/ptolemy/domains/de/test/auto/ActorDepthCalculation_actorWithoutPorts.xml
auto.tcl: Setting watchdog for 200 seconds at Thu Apr 23 14:08:07 UTC 2020
4 ms. Memory: 129024K Free: 98537K (76%)
ptolemy.util.test.WatchDog.cancel(): canceling Thu Apr 23 14:08:07 UTC 2020
auto.tcl: Setting watchdog for 200 seconds at Thu Apr 23 14:08:07 UTC 2020
7 ms. Memory: 129024K Free: 97017K (75%)
ptolemy.util.test.WatchDog.cancel(): canceling Thu Apr 23 14:08:07 UTC 2020
------------------ testing $PTII/ptolemy/domains/de/test/auto/AssemblyLine.xml
auto.tcl: Setting watchdog for 200 seconds at Thu Apr 23 14:08:07 UTC 2020
16 ms. Memory: 51200K Free: 27988K (55%)
ptolemy.util.test.WatchDog.cancel(): canceling Thu Apr 23 14:08:07 UTC 2020
auto.tcl: Setting watchdog for 200 seconds at Thu Apr 23 14:08:07 UTC 2020
9 ms. Memory: 51200K Free: 27276K (53%)
ptolemy.util.test.WatchDog.cancel(): canceling Thu Apr 23 14:08:07 UTC 2020
------------------ testing $PTII/ptolemy/domains/de/test/auto/CQBug1.xml
auto.tcl: Setting watchdog for 200 seconds at Thu Apr 23 14:08:08 UTC 2020
2 ms. Memory: 51200K Free: 33826K (66%)
ptolemy.util.test.WatchDog.cancel(): canceling Thu Apr 23 14:08:08 UTC 2020
auto.tcl: Setting watchdog for 200 seconds at Thu Apr 23 14:08:08 UTC 2020
3 ms. Memory: 51200K Free: 32923K (64%)
ptolemy.util.test.WatchDog.cancel(): canceling Thu Apr 23 14:08:08 UTC 2020
------------------ testing $PTII/ptolemy/domains/de/test/auto/CancelFireAt.xml
auto.tcl: Setting watchdog for 200 seconds at Thu Apr 23 14:08:08 UTC 2020
2 ms. Memory: 48128K Free: 31647K (66%)
ptolemy.util.test.WatchDog.cancel(): canceling Thu Apr 23 14:08:08 UTC 2020
auto.tcl: Setting watchdog for 200 seconds at Thu Apr 23 14:08:08 UTC 2020
2 ms. Memory: 48128K Free: 31214K (65%)
ptolemy.util.test.WatchDog.cancel(): canceling Thu Apr 23 14:08:08 UTC 2020
------------------ testing $PTII/ptolemy/domains/de/test/auto/CausalityAndComposabilityAnalysis.xml
auto.tcl: Setting watchdog for 200 seconds at Thu Apr 23 14:08:08 UTC 2020
7 ms. Memory: 48128K Free: 29660K (62%)
ptolemy.util.test.WatchDog.cancel(): canceling Thu Apr 23 14:08:08 UTC 2020
auto.tcl: Setting watchdog for 200 seconds at Thu Apr 23 14:08:08 UTC 2020
5 ms. Memory: 48128K Free: 28884K (60%)
ptolemy.util.test.WatchDog.cancel(): canceling Thu Apr 23 14:08:08 UTC 2020
------------------ testing $PTII/ptolemy/domains/de/test/auto/CausalityInterface1.xml
auto.tcl: Setting watchdog for 200 seconds at Thu Apr 23 14:08:08 UTC 2020
30 ms. Memory: 48128K Free: 28329K (59%)
ptolemy.util.test.WatchDog.cancel(): canceling Thu Apr 23 14:08:08 UTC 2020
auto.tcl: Setting watchdog for 200 seconds at Thu Apr 23 14:08:08 UTC 2020
4 ms. Memory: 48128K Free: 27335K (57%)
ptolemy.util.test.WatchDog.cancel(): canceling Thu Apr 23 14:08:08 UTC 2020
------------------ testing $PTII/ptolemy/domains/de/test/auto/CausalityInterface15.xml
auto.tcl: Setting watchdog for 200 seconds at Thu Apr 23 14:08:08 UTC 2020
15 ms. Memory: 48128K Free: 28503K (59%)
ptolemy.util.test.WatchDog.cancel(): canceling Thu Apr 23 14:08:08 UTC 2020
auto.tcl: Setting watchdog for 200 seconds at Thu Apr 23 14:08:08 UTC 2020
5 ms. Memory: 48128K Free: 27309K (57%)
ptolemy.util.test.WatchDog.cancel(): canceling Thu Apr 23 14:08:08 UTC 2020
------------------ testing $PTII/ptolemy/domains/de/test/auto/CausalityInterface2.xml
auto.tcl: Setting watchdog for 200 seconds at Thu Apr 23 14:08:08 UTC 2020
8 ms. Memory: 48128K Free: 29010K (60%)
ptolemy.util.test.WatchDog.cancel(): canceling Thu Apr 23 14:08:08 UTC 2020
auto.tcl: Setting watchdog for 200 seconds at Thu Apr 23 14:08:08 UTC 2020
3 ms. Memory: 48128K Free: 28311K (59%)
ptolemy.util.test.WatchDog.cancel(): canceling Thu Apr 23 14:08:08 UTC 2020
------------------ testing $PTII/ptolemy/domains/de/test/auto/CausalityInterface3.xml
auto.tcl: Setting watchdog for 200 seconds at Thu Apr 23 14:08:08 UTC 2020
3 ms. Memory: 48128K Free: 28531K (59%)
ptolemy.util.test.WatchDog.cancel(): canceling Thu Apr 23 14:08:08 UTC 2020
auto.tcl: Setting watchdog for 200 seconds at Thu Apr 23 14:08:08 UTC 2020
3 ms. Memory: 48128K Free: 27744K (58%)
ptolemy.util.test.WatchDog.cancel(): canceling Thu Apr 23 14:08:08 UTC 2020
------------------ testing $PTII/ptolemy/domains/de/test/auto/ClockDrift.xml
auto.tcl: Setting watchdog for 200 seconds at Thu Apr 23 14:08:08 UTC 2020
83 ms. Memory: 48128K Free: 20877K (43%)
ptolemy.util.test.WatchDog.cancel(): canceling Thu Apr 23 14:08:08 UTC 2020
auto.tcl: Setting watchdog for 200 seconds at Thu Apr 23 14:08:08 UTC 2020
52 ms. Memory: 48128K Free: 17683K (37%)
ptolemy.util.test.WatchDog.cancel(): canceling Thu Apr 23 14:08:08 UTC 2020
------------------ testing $PTII/ptolemy/domains/de/test/auto/ClockDriftAndValueChange.xml
auto.tcl: Setting watchdog for 200 seconds at Thu Apr 23 14:08:08 UTC 2020
47 ms. Memory: 48128K Free: 21512K (45%)
ptolemy.util.test.WatchDog.cancel(): canceling Thu Apr 23 14:08:08 UTC 2020
auto.tcl: Setting watchdog for 200 seconds at Thu Apr 23 14:08:08 UTC 2020
28 ms. Memory: 48128K Free: 18360K (38%)
ptolemy.util.test.WatchDog.cancel(): canceling Thu Apr 23 14:08:09 UTC 2020
------------------ testing $PTII/ptolemy/domains/de/test/auto/ClockDriftChange.xml
auto.tcl: Setting watchdog for 200 seconds at Thu Apr 23 14:08:09 UTC 2020
21 ms. Memory: 48128K Free: 23252K (48%)
ptolemy.util.test.WatchDog.cancel(): canceling Thu Apr 23 14:08:09 UTC 2020
auto.tcl: Setting watchdog for 200 seconds at Thu Apr 23 14:08:09 UTC 2020
20 ms. Memory: 48128K Free: 20698K (43%)
ptolemy.util.test.WatchDog.cancel(): canceling Thu Apr 23 14:08:09 UTC 2020
------------------ testing $PTII/ptolemy/domains/de/test/auto/ComposableCausalityAnalysis.xml
auto.tcl: Setting watchdog for 200 seconds at Thu Apr 23 14:08:09 UTC 2020
6 ms. Memory: 48128K Free: 27914K (58%)
ptolemy.util.test.WatchDog.cancel(): canceling Thu Apr 23 14:08:09 UTC 2020
auto.tcl: Setting watchdog for 200 seconds at Thu Apr 23 14:08:09 UTC 2020
4 ms. Memory: 48128K Free: 26851K (56%)
ptolemy.util.test.WatchDog.cancel(): canceling Thu Apr 23 14:08:09 UTC 2020
------------------ testing $PTII/ptolemy/domains/de/test/auto/DEFixedPointLimitation.xml
auto.tcl: Setting watchdog for 200 seconds at Thu Apr 23 14:08:09 UTC 2020
2 ms. Memory: 48128K Free: 29222K (61%)
ptolemy.util.test.WatchDog.cancel(): canceling Thu Apr 23 14:08:09 UTC 2020
auto.tcl: Setting watchdog for 200 seconds at Thu Apr 23 14:08:09 UTC 2020
2 ms. Memory: 48128K Free: 28307K (59%)
ptolemy.util.test.WatchDog.cancel(): canceling Thu Apr 23 14:08:09 UTC 2020
------------------ testing $PTII/ptolemy/domains/de/test/auto/DEScheduleTest.xml
auto.tcl: Setting watchdog for 200 seconds at Thu Apr 23 14:08:09 UTC 2020
8 ms. Memory: 48128K Free: 29519K (61%)
ptolemy.util.test.WatchDog.cancel(): canceling Thu Apr 23 14:08:09 UTC 2020
auto.tcl: Setting watchdog for 200 seconds at Thu Apr 23 14:08:09 UTC 2020
3 ms. Memory: 48128K Free: 28763K (60%)
ptolemy.util.test.WatchDog.cancel(): canceling Thu Apr 23 14:08:09 UTC 2020
------------------ testing $PTII/ptolemy/domains/de/test/auto/DEinDEwithStartTimes.xml
auto.tcl: Setting watchdog for 200 seconds at Thu Apr 23 14:08:09 UTC 2020
9 ms. Memory: 48128K Free: 27729K (58%)
ptolemy.util.test.WatchDog.cancel(): canceling Thu Apr 23 14:08:09 UTC 2020
auto.tcl: Setting watchdog for 200 seconds at Thu Apr 23 14:08:09 UTC 2020
3 ms. Memory: 48128K Free: 26655K (55%)
ptolemy.util.test.WatchDog.cancel(): canceling Thu Apr 23 14:08:09 UTC 2020
------------------ testing $PTII/ptolemy/domains/de/test/auto/DEinDEwithStartTimes2.xml
auto.tcl: Setting watchdog for 200 seconds at Thu Apr 23 14:08:09 UTC 2020
5 ms. Memory: 48128K Free: 26903K (56%)
ptolemy.util.test.WatchDog.cancel(): canceling Thu Apr 23 14:08:09 UTC 2020
auto.tcl: Setting watchdog for 200 seconds at Thu Apr 23 14:08:09 UTC 2020
2 ms. Memory: 48128K Free: 25610K (53%)
ptolemy.util.test.WatchDog.cancel(): canceling Thu Apr 23 14:08:09 UTC 2020
------------------ testing $PTII/ptolemy/domains/de/test/auto/DateDemo.xml
auto.tcl: Setting watchdog for 200 seconds at Thu Apr 23 14:08:09 UTC 2020
20 ms. Memory: 48128K Free: 21552K (45%)
ptolemy.util.test.WatchDog.cancel(): canceling Thu Apr 23 14:08:09 UTC 2020
auto.tcl: Setting watchdog for 200 seconds at Thu Apr 23 14:08:09 UTC 2020
6 ms. Memory: 48128K Free: 19676K (41%)
ptolemy.util.test.WatchDog.cancel(): canceling Thu Apr 23 14:08:09 UTC 2020
------------------ testing $PTII/ptolemy/domains/de/test/auto/DateToEvent.xml
auto.tcl: Setting watchdog for 200 seconds at Thu Apr 23 14:08:09 UTC 2020
2013 ms. Memory: 48128K Free: 17173K (36%)
ptolemy.util.test.WatchDog.cancel(): canceling Thu Apr 23 14:08:11 UTC 2020
auto.tcl: Setting watchdog for 200 seconds at Thu Apr 23 14:08:11 UTC 2020
2005 ms. Memory: 48128K Free: 16368K (34%)
ptolemy.util.test.WatchDog.cancel(): canceling Thu Apr 23 14:08:13 UTC 2020
------------------ testing $PTII/ptolemy/domains/de/test/auto/DepthTest1.xml
auto.tcl: Setting watchdog for 200 seconds at Thu Apr 23 14:08:13 UTC 2020
4 ms. Memory: 48128K Free: 30320K (63%)
ptolemy.util.test.WatchDog.cancel(): canceling Thu Apr 23 14:08:13 UTC 2020
auto.tcl: Setting watchdog for 200 seconds at Thu Apr 23 14:08:13 UTC 2020
2 ms. Memory: 48128K Free: 29900K (62%)
ptolemy.util.test.WatchDog.cancel(): canceling Thu Apr 23 14:08:13 UTC 2020
------------------ testing $PTII/ptolemy/domains/de/test/auto/DepthTest2.xml
auto.tcl: Setting watchdog for 200 seconds at Thu Apr 23 14:08:13 UTC 2020
3 ms. Memory: 48128K Free: 27169K (56%)
ptolemy.util.test.WatchDog.cancel(): canceling Thu Apr 23 14:08:13 UTC 2020
auto.tcl: Setting watchdog for 200 seconds at Thu Apr 23 14:08:13 UTC 2020
2 ms. Memory: 48128K Free: 26750K (56%)
ptolemy.util.test.WatchDog.cancel(): canceling Thu Apr 23 14:08:13 UTC 2020
------------------ testing $PTII/ptolemy/domains/de/test/auto/DepthTest3.xml
auto.tcl: Setting watchdog for 200 seconds at Thu Apr 23 14:08:13 UTC 2020
2 ms. Memory: 48128K Free: 30651K (64%)
ptolemy.util.test.WatchDog.cancel(): canceling Thu Apr 23 14:08:13 UTC 2020
auto.tcl: Setting watchdog for 200 seconds at Thu Apr 23 14:08:13 UTC 2020
1 ms. Memory: 48128K Free: 30215K (63%)
ptolemy.util.test.WatchDog.cancel(): canceling Thu Apr 23 14:08:13 UTC 2020
------------------ testing $PTII/ptolemy/domains/de/test/auto/DepthTest4.xml
auto.tcl: Setting watchdog for 200 seconds at Thu Apr 23 14:08:13 UTC 2020
3 ms. Memory: 48128K Free: 29008K (60%)
ptolemy.util.test.WatchDog.cancel(): canceling Thu Apr 23 14:08:13 UTC 2020
auto.tcl: Setting watchdog for 200 seconds at Thu Apr 23 14:08:13 UTC 2020
2 ms. Memory: 48128K Free: 28298K (59%)
ptolemy.util.test.WatchDog.cancel(): canceling Thu Apr 23 14:08:13 UTC 2020
------------------ testing $PTII/ptolemy/domains/de/test/auto/DepthTest5.xml
auto.tcl: Setting watchdog for 200 seconds at Thu Apr 23 14:08:14 UTC 2020
4 ms. Memory: 48128K Free: 28409K (59%)
ptolemy.util.test.WatchDog.cancel(): canceling Thu Apr 23 14:08:14 UTC 2020
auto.tcl: Setting watchdog for 200 seconds at Thu Apr 23 14:08:14 UTC 2020
2 ms. Memory: 48128K Free: 27620K (57%)
ptolemy.util.test.WatchDog.cancel(): canceling Thu Apr 23 14:08:14 UTC 2020
------------------ testing $PTII/ptolemy/domains/de/test/auto/DepthTest6.xml
auto.tcl: Setting watchdog for 200 seconds at Thu Apr 23 14:08:14 UTC 2020
4 ms. Memory: 48128K Free: 28079K (58%)
ptolemy.util.test.WatchDog.cancel(): canceling Thu Apr 23 14:08:14 UTC 2020
auto.tcl: Setting watchdog for 200 seconds at Thu Apr 23 14:08:14 UTC 2020
2 ms. Memory: 48128K Free: 27675K (58%)
ptolemy.util.test.WatchDog.cancel(): canceling Thu Apr 23 14:08:14 UTC 2020
------------------ testing $PTII/ptolemy/domains/de/test/auto/DepthTest7.xml
auto.tcl: Setting watchdog for 200 seconds at Thu Apr 23 14:08:14 UTC 2020
3 ms. Memory: 48128K Free: 28933K (60%)
ptolemy.util.test.WatchDog.cancel(): canceling Thu Apr 23 14:08:14 UTC 2020
auto.tcl: Setting watchdog for 200 seconds at Thu Apr 23 14:08:14 UTC 2020
2 ms. Memory: 48128K Free: 28201K (59%)
ptolemy.util.test.WatchDog.cancel(): canceling Thu Apr 23 14:08:14 UTC 2020
------------------ testing $PTII/ptolemy/domains/de/test/auto/EventToDate.xml
auto.tcl: Setting watchdog for 200 seconds at Thu Apr 23 14:08:14 UTC 2020
3011 ms. Memory: 48128K Free: 19732K (41%)
ptolemy.util.test.WatchDog.cancel(): canceling Thu Apr 23 14:08:17 UTC 2020
auto.tcl: Setting watchdog for 200 seconds at Thu Apr 23 14:08:17 UTC 2020
3004 ms. Memory: 48128K Free: 19416K (40%)
ptolemy.util.test.WatchDog.cancel(): canceling Thu Apr 23 14:08:20 UTC 2020
------------------ testing $PTII/ptolemy/domains/de/test/auto/FSM1.xml
auto.tcl: Setting watchdog for 200 seconds at Thu Apr 23 14:08:20 UTC 2020
41 ms. Memory: 48128K Free: 20915K (43%)
ptolemy.util.test.WatchDog.cancel(): canceling Thu Apr 23 14:08:20 UTC 2020
auto.tcl: Setting watchdog for 200 seconds at Thu Apr 23 14:08:20 UTC 2020
18 ms. Memory: 48128K Free: 17690K (37%)
ptolemy.util.test.WatchDog.cancel(): canceling Thu Apr 23 14:08:20 UTC 2020
------------------ testing $PTII/ptolemy/domains/de/test/auto/FSM7.xml
auto.tcl: Setting watchdog for 200 seconds at Thu Apr 23 14:08:20 UTC 2020
18 ms. Memory: 48128K Free: 20619K (43%)
ptolemy.util.test.WatchDog.cancel(): canceling Thu Apr 23 14:08:20 UTC 2020
auto.tcl: Setting watchdog for 200 seconds at Thu Apr 23 14:08:20 UTC 2020
18 ms. Memory: 48128K Free: 17510K (36%)
ptolemy.util.test.WatchDog.cancel(): canceling Thu Apr 23 14:08:20 UTC 2020
------------------ testing $PTII/ptolemy/domains/de/test/auto/Inspection.xml
auto.tcl: Setting watchdog for 200 seconds at Thu Apr 23 14:08:20 UTC 2020
31 ms. Memory: 48128K Free: 20462K (43%)
ptolemy.util.test.WatchDog.cancel(): canceling Thu Apr 23 14:08:20 UTC 2020
auto.tcl: Setting watchdog for 200 seconds at Thu Apr 23 14:08:20 UTC 2020
26 ms. Memory: 48128K Free: 18724K (39%)
ptolemy.util.test.WatchDog.cancel(): canceling Thu Apr 23 14:08:20 UTC 2020
------------------ testing $PTII/ptolemy/domains/de/test/auto/Iteration.xml
auto.tcl: Setting watchdog for 200 seconds at Thu Apr 23 14:08:20 UTC 2020
7 ms. Memory: 48128K Free: 26173K (54%)
ptolemy.util.test.WatchDog.cancel(): canceling Thu Apr 23 14:08:20 UTC 2020
auto.tcl: Setting watchdog for 200 seconds at Thu Apr 23 14:08:20 UTC 2020
8 ms. Memory: 48128K Free: 24782K (51%)
ptolemy.util.test.WatchDog.cancel(): canceling Thu Apr 23 14:08:20 UTC 2020
------------------ testing $PTII/ptolemy/domains/de/test/auto/LineFault.xml
auto.tcl: Setting watchdog for 200 seconds at Thu Apr 23 14:08:20 UTC 2020
493 ms. Memory: 61440K Free: 33623K (55%)
ptolemy.util.test.WatchDog.cancel(): canceling Thu Apr 23 14:08:21 UTC 2020
auto.tcl: Setting watchdog for 200 seconds at Thu Apr 23 14:08:21 UTC 2020
450 ms. Memory: 61440K Free: 30543K (50%)
ptolemy.util.test.WatchDog.cancel(): canceling Thu Apr 23 14:08:21 UTC 2020
------------------ testing $PTII/ptolemy/domains/de/test/auto/MergeModel1Add.xml
auto.tcl: Setting watchdog for 200 seconds at Thu Apr 23 14:08:22 UTC 2020
27 ms. Memory: 58368K Free: 22387K (38%)
ptolemy.util.test.WatchDog.cancel(): canceling Thu Apr 23 14:08:22 UTC 2020
auto.tcl: Setting watchdog for 200 seconds at Thu Apr 23 14:08:22 UTC 2020
22 ms. Memory: 58368K Free: 20684K (35%)
ptolemy.util.test.WatchDog.cancel(): canceling Thu Apr 23 14:08:22 UTC 2020
------------------ testing $PTII/ptolemy/domains/de/test/auto/MergeModel2Add.xml
auto.tcl: Setting watchdog for 200 seconds at Thu Apr 23 14:08:22 UTC 2020
18 ms. Memory: 55296K Free: 21380K (39%)
ptolemy.util.test.WatchDog.cancel(): canceling Thu Apr 23 14:08:22 UTC 2020
auto.tcl: Setting watchdog for 200 seconds at Thu Apr 23 14:08:22 UTC 2020
11 ms. Memory: 55296K Free: 19854K (36%)
ptolemy.util.test.WatchDog.cancel(): canceling Thu Apr 23 14:08:22 UTC 2020
------------------ testing $PTII/ptolemy/domains/de/test/auto/MergeModel3Add.xml
auto.tcl: Setting watchdog for 200 seconds at Thu Apr 23 14:08:22 UTC 2020
8 ms. Memory: 55296K Free: 21396K (39%)
ptolemy.util.test.WatchDog.cancel(): canceling Thu Apr 23 14:08:22 UTC 2020
auto.tcl: Setting watchdog for 200 seconds at Thu Apr 23 14:08:22 UTC 2020
10 ms. Memory: 55296K Free: 19957K (36%)
ptolemy.util.test.WatchDog.cancel(): canceling Thu Apr 23 14:08:22 UTC 2020
------------------ testing $PTII/ptolemy/domains/de/test/auto/MergeWithoutDiscard.xml
auto.tcl: Setting watchdog for 200 seconds at Thu Apr 23 14:08:22 UTC 2020
1 ms. Memory: 51200K Free: 31633K (62%)
ptolemy.util.test.WatchDog.cancel(): canceling Thu Apr 23 14:08:22 UTC 2020
auto.tcl: Setting watchdog for 200 seconds at Thu Apr 23 14:08:22 UTC 2020
1 ms. Memory: 51200K Free: 31197K (61%)
ptolemy.util.test.WatchDog.cancel(): canceling Thu Apr 23 14:08:22 UTC 2020
------------------ testing $PTII/ptolemy/domains/de/test/auto/Modal1.xml
auto.tcl: Setting watchdog for 200 seconds at Thu Apr 23 14:08:22 UTC 2020
19 ms. Memory: 51200K Free: 23750K (46%)
ptolemy.util.test.WatchDog.cancel(): canceling Thu Apr 23 14:08:22 UTC 2020
auto.tcl: Setting watchdog for 200 seconds at Thu Apr 23 14:08:22 UTC 2020
23 ms. Memory: 51200K Free: 20319K (40%)
ptolemy.util.test.WatchDog.cancel(): canceling Thu Apr 23 14:08:22 UTC 2020
------------------ testing $PTII/ptolemy/domains/de/test/auto/Modal2.xml
auto.tcl: Setting watchdog for 200 seconds at Thu Apr 23 14:08:22 UTC 2020
10 ms. Memory: 51200K Free: 24143K (47%)
ptolemy.util.test.WatchDog.cancel(): canceling Thu Apr 23 14:08:22 UTC 2020
auto.tcl: Setting watchdog for 200 seconds at Thu Apr 23 14:08:22 UTC 2020
11 ms. Memory: 51200K Free: 20626K (40%)
ptolemy.util.test.WatchDog.cancel(): canceling Thu Apr 23 14:08:22 UTC 2020
------------------ testing $PTII/ptolemy/domains/de/test/auto/Modal3.xml
auto.tcl: Setting watchdog for 200 seconds at Thu Apr 23 14:08:22 UTC 2020
10 ms. Memory: 51200K Free: 23894K (47%)
ptolemy.util.test.WatchDog.cancel(): canceling Thu Apr 23 14:08:22 UTC 2020
auto.tcl: Setting watchdog for 200 seconds at Thu Apr 23 14:08:22 UTC 2020
10 ms. Memory: 51200K Free: 20656K (40%)
ptolemy.util.test.WatchDog.cancel(): canceling Thu Apr 23 14:08:22 UTC 2020
------------------ testing $PTII/ptolemy/domains/de/test/auto/Modal4.xml
auto.tcl: Setting watchdog for 200 seconds at Thu Apr 23 14:08:22 UTC 2020
12 ms. Memory: 51200K Free: 22607K (44%)
ptolemy.util.test.WatchDog.cancel(): canceling Thu Apr 23 14:08:22 UTC 2020
auto.tcl: Setting watchdog for 200 seconds at Thu Apr 23 14:08:22 UTC 2020
13 ms. Memory: 51200K Free: 18625K (36%)
ptolemy.util.test.WatchDog.cancel(): canceling Thu Apr 23 14:08:22 UTC 2020
------------------ testing $PTII/ptolemy/domains/de/test/auto/Modal5.xml
auto.tcl: Setting watchdog for 200 seconds at Thu Apr 23 14:08:22 UTC 2020
12 ms. Memory: 51200K Free: 22839K (45%)
ptolemy.util.test.WatchDog.cancel(): canceling Thu Apr 23 14:08:22 UTC 2020
auto.tcl: Setting watchdog for 200 seconds at Thu Apr 23 14:08:22 UTC 2020
13 ms. Memory: 51200K Free: 19225K (38%)
ptolemy.util.test.WatchDog.cancel(): canceling Thu Apr 23 14:08:22 UTC 2020
------------------ testing $PTII/ptolemy/domains/de/test/auto/Modal6.xml
auto.tcl: Setting watchdog for 200 seconds at Thu Apr 23 14:08:22 UTC 2020
17 ms. Memory: 51200K Free: 23590K (46%)
ptolemy.util.test.WatchDog.cancel(): canceling Thu Apr 23 14:08:22 UTC 2020
auto.tcl: Setting watchdog for 200 seconds at Thu Apr 23 14:08:22 UTC 2020
15 ms. Memory: 51200K Free: 20027K (39%)
ptolemy.util.test.WatchDog.cancel(): canceling Thu Apr 23 14:08:22 UTC 2020
------------------ testing $PTII/ptolemy/domains/de/test/auto/Modal7.xml
auto.tcl: Setting watchdog for 200 seconds at Thu Apr 23 14:08:23 UTC 2020
17 ms. Memory: 51200K Free: 22815K (45%)
ptolemy.util.test.WatchDog.cancel(): canceling Thu Apr 23 14:08:23 UTC 2020
auto.tcl: Setting watchdog for 200 seconds at Thu Apr 23 14:08:23 UTC 2020
11 ms. Memory: 51200K Free: 19255K (38%)
ptolemy.util.test.WatchDog.cancel(): canceling Thu Apr 23 14:08:23 UTC 2020
------------------ testing $PTII/ptolemy/domains/de/test/auto/ModalModel.xml
auto.tcl: Setting watchdog for 200 seconds at Thu Apr 23 14:08:23 UTC 2020
166 ms. Memory: 51200K Free: 15041K (29%)
ptolemy.util.test.WatchDog.cancel(): canceling Thu Apr 23 14:08:23 UTC 2020
auto.tcl: Setting watchdog for 200 seconds at Thu Apr 23 14:08:23 UTC 2020
186 ms. Memory: 62464K Free: 22214K (36%)
ptolemy.util.test.WatchDog.cancel(): canceling Thu Apr 23 14:08:23 UTC 2020
------------------ testing $PTII/ptolemy/domains/de/test/auto/ModalSource.xml
auto.tcl: Setting watchdog for 200 seconds at Thu Apr 23 14:08:23 UTC 2020
6 ms. Memory: 58368K Free: 34815K (60%)
ptolemy.util.test.WatchDog.cancel(): canceling Thu Apr 23 14:08:23 UTC 2020
auto.tcl: Setting watchdog for 200 seconds at Thu Apr 23 14:08:23 UTC 2020
5 ms. Memory: 58368K Free: 32928K (56%)
ptolemy.util.test.WatchDog.cancel(): canceling Thu Apr 23 14:08:23 UTC 2020
------------------ testing $PTII/ptolemy/domains/de/test/auto/NonInterruptibleTimerZeroDelay.xml
auto.tcl: Setting watchdog for 200 seconds at Thu Apr 23 14:08:23 UTC 2020
3 ms. Memory: 55296K Free: 36939K (67%)
ptolemy.util.test.WatchDog.cancel(): canceling Thu Apr 23 14:08:23 UTC 2020
auto.tcl: Setting watchdog for 200 seconds at Thu Apr 23 14:08:23 UTC 2020
2 ms. Memory: 55296K Free: 36066K (65%)
ptolemy.util.test.WatchDog.cancel(): canceling Thu Apr 23 14:08:23 UTC 2020
------------------ testing $PTII/ptolemy/domains/de/test/auto/OpenQueueingNetwork.xml
auto.tcl: Setting watchdog for 200 seconds at Thu Apr 23 14:08:23 UTC 2020
2723 ms. Memory: 92160K Free: 52139K (57%)
ptolemy.util.test.WatchDog.cancel(): canceling Thu Apr 23 14:08:26 UTC 2020
auto.tcl: Setting watchdog for 200 seconds at Thu Apr 23 14:08:26 UTC 2020
2268 ms. Memory: 110592K Free: 32242K (29%)
ptolemy.util.test.WatchDog.cancel(): canceling Thu Apr 23 14:08:28 UTC 2020
------------------ testing $PTII/ptolemy/domains/de/test/auto/OpenQueuingNetwork.xml
auto.tcl: Setting watchdog for 200 seconds at Thu Apr 23 14:08:28 UTC 2020
215 ms. Memory: 55296K Free: 25712K (46%)
ptolemy.util.test.WatchDog.cancel(): canceling Thu Apr 23 14:08:29 UTC 2020
auto.tcl: Setting watchdog for 200 seconds at Thu Apr 23 14:08:29 UTC 2020
209 ms. Memory: 66560K Free: 46559K (70%)
ptolemy.util.test.WatchDog.cancel(): canceling Thu Apr 23 14:08:29 UTC 2020
------------------ testing $PTII/ptolemy/domains/de/test/auto/PeriodicSampler.xml
auto.tcl: Setting watchdog for 200 seconds at Thu Apr 23 14:08:29 UTC 2020
3 ms. Memory: 55296K Free: 35906K (65%)
ptolemy.util.test.WatchDog.cancel(): canceling Thu Apr 23 14:08:29 UTC 2020
auto.tcl: Setting watchdog for 200 seconds at Thu Apr 23 14:08:29 UTC 2020
2 ms. Memory: 55296K Free: 35378K (64%)
ptolemy.util.test.WatchDog.cancel(): canceling Thu Apr 23 14:08:29 UTC 2020
------------------ testing $PTII/ptolemy/domains/de/test/auto/PersistentIO.xml
auto.tcl: Setting watchdog for 200 seconds at Thu Apr 23 14:08:29 UTC 2020
16 ms. Memory: 51200K Free: 26743K (52%)
ptolemy.util.test.WatchDog.cancel(): canceling Thu Apr 23 14:08:29 UTC 2020
auto.tcl: Setting watchdog for 200 seconds at Thu Apr 23 14:08:29 UTC 2020
4 ms. Memory: 51200K Free: 25230K (49%)
ptolemy.util.test.WatchDog.cancel(): canceling Thu Apr 23 14:08:29 UTC 2020
------------------ testing $PTII/ptolemy/domains/de/test/auto/PortParameterResetOnInitialize.xml
auto.tcl: Setting watchdog for 200 seconds at Thu Apr 23 14:08:29 UTC 2020
2 ms. Memory: 51200K Free: 31717K (62%)
ptolemy.util.test.WatchDog.cancel(): canceling Thu Apr 23 14:08:29 UTC 2020
auto.tcl: Setting watchdog for 200 seconds at Thu Apr 23 14:08:29 UTC 2020
2 ms. Memory: 51200K Free: 31221K (61%)
ptolemy.util.test.WatchDog.cancel(): canceling Thu Apr 23 14:08:29 UTC 2020
------------------ testing $PTII/ptolemy/domains/de/test/auto/PortParameterUpdates.xml
auto.tcl: Setting watchdog for 200 seconds at Thu Apr 23 14:08:29 UTC 2020
6 ms. Memory: 51200K Free: 29801K (58%)
ptolemy.util.test.WatchDog.cancel(): canceling Thu Apr 23 14:08:29 UTC 2020
auto.tcl: Setting watchdog for 200 seconds at Thu Apr 23 14:08:29 UTC 2020
5 ms. Memory: 51200K Free: 28774K (56%)
ptolemy.util.test.WatchDog.cancel(): canceling Thu Apr 23 14:08:29 UTC 2020
------------------ testing $PTII/ptolemy/domains/de/test/auto/QueueAndServer.xml
auto.tcl: Setting watchdog for 200 seconds at Thu Apr 23 14:08:29 UTC 2020
17 ms. Memory: 51200K Free: 28754K (56%)
ptolemy.util.test.WatchDog.cancel(): canceling Thu Apr 23 14:08:29 UTC 2020
auto.tcl: Setting watchdog for 200 seconds at Thu Apr 23 14:08:29 UTC 2020
5 ms. Memory: 51200K Free: 27220K (53%)
ptolemy.util.test.WatchDog.cancel(): canceling Thu Apr 23 14:08:29 UTC 2020
------------------ testing $PTII/ptolemy/domains/de/test/auto/Records.xml
auto.tcl: Setting watchdog for 200 seconds at Thu Apr 23 14:08:29 UTC 2020
4 ms. Memory: 51200K Free: 30969K (60%)
ptolemy.util.test.WatchDog.cancel(): canceling Thu Apr 23 14:08:29 UTC 2020
auto.tcl: Setting watchdog for 200 seconds at Thu Apr 23 14:08:29 UTC 2020
2 ms. Memory: 51200K Free: 30472K (60%)
ptolemy.util.test.WatchDog.cancel(): canceling Thu Apr 23 14:08:29 UTC 2020
------------------ testing $PTII/ptolemy/domains/de/test/auto/ResetTransitionWithStartTime1.xml
auto.tcl: Setting watchdog for 200 seconds at Thu Apr 23 14:08:29 UTC 2020
10 ms. Memory: 51200K Free: 28216K (55%)
ptolemy.util.test.WatchDog.cancel(): canceling Thu Apr 23 14:08:29 UTC 2020
auto.tcl: Setting watchdog for 200 seconds at Thu Apr 23 14:08:29 UTC 2020
7 ms. Memory: 51200K Free: 26190K (51%)
ptolemy.util.test.WatchDog.cancel(): canceling Thu Apr 23 14:08:29 UTC 2020
------------------ testing $PTII/ptolemy/domains/de/test/auto/ResetTransitionWithStartTime2.xml
auto.tcl: Setting watchdog for 200 seconds at Thu Apr 23 14:08:30 UTC 2020
9 ms. Memory: 51200K Free: 28172K (55%)
ptolemy.util.test.WatchDog.cancel(): canceling Thu Apr 23 14:08:30 UTC 2020
auto.tcl: Setting watchdog for 200 seconds at Thu Apr 23 14:08:30 UTC 2020
6 ms. Memory: 51200K Free: 26145K (51%)
ptolemy.util.test.WatchDog.cancel(): canceling Thu Apr 23 14:08:30 UTC 2020
------------------ testing $PTII/ptolemy/domains/de/test/auto/ResetTransitionWithStartTime3.xml
auto.tcl: Setting watchdog for 200 seconds at Thu Apr 23 14:08:30 UTC 2020
8 ms. Memory: 51200K Free: 28171K (55%)
ptolemy.util.test.WatchDog.cancel(): canceling Thu Apr 23 14:08:30 UTC 2020
auto.tcl: Setting watchdog for 200 seconds at Thu Apr 23 14:08:30 UTC 2020
6 ms. Memory: 51200K Free: 26138K (51%)
ptolemy.util.test.WatchDog.cancel(): canceling Thu Apr 23 14:08:30 UTC 2020
------------------ testing $PTII/ptolemy/domains/de/test/auto/ResetTransitionWithStartTime4.xml
auto.tcl: Setting watchdog for 200 seconds at Thu Apr 23 14:08:30 UTC 2020
10 ms. Memory: 51200K Free: 28588K (56%)
ptolemy.util.test.WatchDog.cancel(): canceling Thu Apr 23 14:08:30 UTC 2020
auto.tcl: Setting watchdog for 200 seconds at Thu Apr 23 14:08:30 UTC 2020
3 ms. Memory: 51200K Free: 27146K (53%)
ptolemy.util.test.WatchDog.cancel(): canceling Thu Apr 23 14:08:30 UTC 2020
------------------ testing $PTII/ptolemy/domains/de/test/auto/ResettableTimer1.xml
auto.tcl: Setting watchdog for 200 seconds at Thu Apr 23 14:08:30 UTC 2020
3 ms. Memory: 51200K Free: 32383K (63%)
ptolemy.util.test.WatchDog.cancel(): canceling Thu Apr 23 14:08:30 UTC 2020
auto.tcl: Setting watchdog for 200 seconds at Thu Apr 23 14:08:30 UTC 2020
2 ms. Memory: 51200K Free: 31733K (62%)
ptolemy.util.test.WatchDog.cancel(): canceling Thu Apr 23 14:08:30 UTC 2020
------------------ testing $PTII/ptolemy/domains/de/test/auto/ResettableTimer2.xml
auto.tcl: Setting watchdog for 200 seconds at Thu Apr 23 14:08:30 UTC 2020
2 ms. Memory: 51200K Free: 32412K (63%)
ptolemy.util.test.WatchDog.cancel(): canceling Thu Apr 23 14:08:30 UTC 2020
auto.tcl: Setting watchdog for 200 seconds at Thu Apr 23 14:08:30 UTC 2020
2 ms. Memory: 51200K Free: 31776K (62%)
ptolemy.util.test.WatchDog.cancel(): canceling Thu Apr 23 14:08:30 UTC 2020
------------------ testing $PTII/ptolemy/domains/de/test/auto/ResettableTimer3.xml
auto.tcl: Setting watchdog for 200 seconds at Thu Apr 23 14:08:30 UTC 2020
1 ms. Memory: 51200K Free: 32317K (63%)
ptolemy.util.test.WatchDog.cancel(): canceling Thu Apr 23 14:08:30 UTC 2020
auto.tcl: Setting watchdog for 200 seconds at Thu Apr 23 14:08:30 UTC 2020
2 ms. Memory: 51200K Free: 32317K (63%)
ptolemy.util.test.WatchDog.cancel(): canceling Thu Apr 23 14:08:30 UTC 2020
------------------ testing $PTII/ptolemy/domains/de/test/auto/ResettableTimer4.xml
auto.tcl: Setting watchdog for 200 seconds at Thu Apr 23 14:08:30 UTC 2020
3 ms. Memory: 51200K Free: 32330K (63%)
ptolemy.util.test.WatchDog.cancel(): canceling Thu Apr 23 14:08:30 UTC 2020
auto.tcl: Setting watchdog for 200 seconds at Thu Apr 23 14:08:30 UTC 2020
2 ms. Memory: 51200K Free: 31818K (62%)
ptolemy.util.test.WatchDog.cancel(): canceling Thu Apr 23 14:08:30 UTC 2020
------------------ testing $PTII/ptolemy/domains/de/test/auto/ResettableTimer5.xml
auto.tcl: Setting watchdog for 200 seconds at Thu Apr 23 14:08:30 UTC 2020
2 ms. Memory: 51200K Free: 31801K (62%)
ptolemy.util.test.WatchDog.cancel(): canceling Thu Apr 23 14:08:30 UTC 2020
auto.tcl: Setting watchdog for 200 seconds at Thu Apr 23 14:08:30 UTC 2020
1 ms. Memory: 51200K Free: 31305K (61%)
ptolemy.util.test.WatchDog.cancel(): canceling Thu Apr 23 14:08:30 UTC 2020
------------------ testing $PTII/ptolemy/domains/de/test/auto/ResettableTimer6.xml
auto.tcl: Setting watchdog for 200 seconds at Thu Apr 23 14:08:30 UTC 2020
2 ms. Memory: 51200K Free: 31792K (62%)
ptolemy.util.test.WatchDog.cancel(): canceling Thu Apr 23 14:08:30 UTC 2020
auto.tcl: Setting watchdog for 200 seconds at Thu Apr 23 14:08:30 UTC 2020
2 ms. Memory: 51200K Free: 31282K (61%)
ptolemy.util.test.WatchDog.cancel(): canceling Thu Apr 23 14:08:30 UTC 2020
------------------ testing $PTII/ptolemy/domains/de/test/auto/ServerZeroDelay.xml
auto.tcl: Setting watchdog for 200 seconds at Thu Apr 23 14:08:30 UTC 2020
5 ms. Memory: 51200K Free: 32297K (63%)
ptolemy.util.test.WatchDog.cancel(): canceling Thu Apr 23 14:08:30 UTC 2020
auto.tcl: Setting watchdog for 200 seconds at Thu Apr 23 14:08:30 UTC 2020
2 ms. Memory: 51200K Free: 31273K (61%)
ptolemy.util.test.WatchDog.cancel(): canceling Thu Apr 23 14:08:30 UTC 2020
------------------ testing $PTII/ptolemy/domains/de/test/auto/SmartSender.xml
auto.tcl: Setting watchdog for 200 seconds at Thu Apr 23 14:08:30 UTC 2020
3002 ms. Memory: 51200K Free: 32292K (63%)
ptolemy.util.test.WatchDog.cancel(): canceling Thu Apr 23 14:08:33 UTC 2020
auto.tcl: Setting watchdog for 200 seconds at Thu Apr 23 14:08:33 UTC 2020
3001 ms. Memory: 51200K Free: 31763K (62%)
ptolemy.util.test.WatchDog.cancel(): canceling Thu Apr 23 14:08:36 UTC 2020
------------------ testing $PTII/ptolemy/domains/de/test/auto/ThreadedComposite.xml
auto.tcl: Setting watchdog for 200 seconds at Thu Apr 23 14:08:36 UTC 2020
162 ms. Memory: 51200K Free: 13359K (26%)
ptolemy.util.test.WatchDog.cancel(): canceling Thu Apr 23 14:08:36 UTC 2020
auto.tcl: Setting watchdog for 200 seconds at Thu Apr 23 14:08:36 UTC 2020
113 ms. Memory: 51200K Free: 28550K (56%)
ptolemy.util.test.WatchDog.cancel(): canceling Thu Apr 23 14:08:37 UTC 2020
------------------ testing $PTII/ptolemy/domains/de/test/auto/Time.xml
auto.tcl: Setting watchdog for 200 seconds at Thu Apr 23 14:08:37 UTC 2020
415 ms. Memory: 51200K Free: 9967K (19%)
ptolemy.util.test.WatchDog.cancel(): canceling Thu Apr 23 14:08:37 UTC 2020
auto.tcl: Setting watchdog for 200 seconds at Thu Apr 23 14:08:37 UTC 2020
370 ms. Memory: 51200K Free: 16856K (33%)
ptolemy.util.test.WatchDog.cancel(): canceling Thu Apr 23 14:08:37 UTC 2020
------------------ testing $PTII/ptolemy/domains/de/test/auto/TimeDelayZeroDelay.xml
auto.tcl: Setting watchdog for 200 seconds at Thu Apr 23 14:08:37 UTC 2020
2 ms. Memory: 51200K Free: 32701K (64%)
ptolemy.util.test.WatchDog.cancel(): canceling Thu Apr 23 14:08:37 UTC 2020
auto.tcl: Setting watchdog for 200 seconds at Thu Apr 23 14:08:37 UTC 2020
2 ms. Memory: 51200K Free: 32221K (63%)
ptolemy.util.test.WatchDog.cancel(): canceling Thu Apr 23 14:08:37 UTC 2020
------------------ testing $PTII/ptolemy/domains/de/test/auto/TimerZeroDelay.xml
auto.tcl: Setting watchdog for 200 seconds at Thu Apr 23 14:08:37 UTC 2020
3 ms. Memory: 51200K Free: 32626K (64%)
ptolemy.util.test.WatchDog.cancel(): canceling Thu Apr 23 14:08:37 UTC 2020
auto.tcl: Setting watchdog for 200 seconds at Thu Apr 23 14:08:37 UTC 2020
1 ms. Memory: 51200K Free: 31830K (62%)
ptolemy.util.test.WatchDog.cancel(): canceling Thu Apr 23 14:08:37 UTC 2020
------------------ testing $PTII/ptolemy/domains/de/test/auto/TimingParadox.xml
auto.tcl: Setting watchdog for 200 seconds at Thu Apr 23 14:08:38 UTC 2020
252 ms. Memory: 51200K Free: 20937K (41%)
ptolemy.util.test.WatchDog.cancel(): canceling Thu Apr 23 14:08:38 UTC 2020
auto.tcl: Setting watchdog for 200 seconds at Thu Apr 23 14:08:38 UTC 2020
261 ms. Memory: 51200K Free: 12745K (25%)
ptolemy.util.test.WatchDog.cancel(): canceling Thu Apr 23 14:08:38 UTC 2020
------------------ testing $PTII/ptolemy/domains/de/test/auto/TransferInputs.xml
auto.tcl: Setting watchdog for 200 seconds at Thu Apr 23 14:08:38 UTC 2020
2 ms. Memory: 51200K Free: 30731K (60%)
ptolemy.util.test.WatchDog.cancel(): canceling Thu Apr 23 14:08:38 UTC 2020
auto.tcl: Setting watchdog for 200 seconds at Thu Apr 23 14:08:38 UTC 2020
1 ms. Memory: 51200K Free: 29849K (58%)
ptolemy.util.test.WatchDog.cancel(): canceling Thu Apr 23 14:08:38 UTC 2020
------------------ testing $PTII/ptolemy/domains/de/test/auto/TransferOutputs2.xml
auto.tcl: Setting watchdog for 200 seconds at Thu Apr 23 14:08:38 UTC 2020
3 ms. Memory: 51200K Free: 28173K (55%)
ptolemy.util.test.WatchDog.cancel(): canceling Thu Apr 23 14:08:38 UTC 2020
auto.tcl: Setting watchdog for 200 seconds at Thu Apr 23 14:08:38 UTC 2020
2 ms. Memory: 51200K Free: 26763K (52%)
ptolemy.util.test.WatchDog.cancel(): canceling Thu Apr 23 14:08:38 UTC 2020
------------------ testing $PTII/ptolemy/domains/de/test/auto/Trilateration.xml
auto.tcl: Setting watchdog for 200 seconds at Thu Apr 23 14:08:38 UTC 2020
11980 ms. Memory: 507904K Free: 265627K (52%)
ptolemy.util.test.WatchDog.cancel(): canceling Thu Apr 23 14:08:51 UTC 2020
auto.tcl: Setting watchdog for 200 seconds at Thu Apr 23 14:08:51 UTC 2020
8666 ms. Memory: 507904K Free: 326650K (64%)
ptolemy.util.test.WatchDog.cancel(): canceling Thu Apr 23 14:09:00 UTC 2020
------------------ testing $PTII/ptolemy/domains/de/test/auto/TwoSigmaDelta.xml
auto.tcl: Setting watchdog for 200 seconds at Thu Apr 23 14:09:00 UTC 2020
2440 ms. Memory: 92160K Free: 22244K (24%)
ptolemy.util.test.WatchDog.cancel(): canceling Thu Apr 23 14:09:03 UTC 2020
auto.tcl: Setting watchdog for 200 seconds at Thu Apr 23 14:09:03 UTC 2020
1646 ms. Memory: 92160K Free: 20682K (22%)
ptolemy.util.test.WatchDog.cancel(): canceling Thu Apr 23 14:09:04 UTC 2020
------------------ testing $PTII/ptolemy/domains/de/test/auto/VariableDelay.xml
auto.tcl: Setting watchdog for 200 seconds at Thu Apr 23 14:09:04 UTC 2020
2 ms. Memory: 55296K Free: 35306K (64%)
ptolemy.util.test.WatchDog.cancel(): canceling Thu Apr 23 14:09:04 UTC 2020
auto.tcl: Setting watchdog for 200 seconds at Thu Apr 23 14:09:04 UTC 2020
2 ms. Memory: 55296K Free: 34298K (62%)
ptolemy.util.test.WatchDog.cancel(): canceling Thu Apr 23 14:09:04 UTC 2020
------------------ testing $PTII/ptolemy/domains/de/test/auto/VariableDelay2.xml
auto.tcl: Setting watchdog for 200 seconds at Thu Apr 23 14:09:04 UTC 2020
2 ms. Memory: 55296K Free: 35729K (65%)
ptolemy.util.test.WatchDog.cancel(): canceling Thu Apr 23 14:09:04 UTC 2020
auto.tcl: Setting watchdog for 200 seconds at Thu Apr 23 14:09:04 UTC 2020
2 ms. Memory: 55296K Free: 35225K (64%)
ptolemy.util.test.WatchDog.cancel(): canceling Thu Apr 23 14:09:05 UTC 2020
------------------ testing $PTII/ptolemy/domains/de/test/auto/VariableDelayZeroDelay.xml
auto.tcl: Setting watchdog for 200 seconds at Thu Apr 23 14:09:05 UTC 2020
2 ms. Memory: 55296K Free: 36248K (66%)
ptolemy.util.test.WatchDog.cancel(): canceling Thu Apr 23 14:09:05 UTC 2020
auto.tcl: Setting watchdog for 200 seconds at Thu Apr 23 14:09:05 UTC 2020
2 ms. Memory: 55296K Free: 35734K (65%)
ptolemy.util.test.WatchDog.cancel(): canceling Thu Apr 23 14:09:05 UTC 2020
------------------ testing $PTII/ptolemy/domains/de/test/auto/VariableDelayZeroDelay2.xml
auto.tcl: Setting watchdog for 200 seconds at Thu Apr 23 14:09:05 UTC 2020
2 ms. Memory: 55296K Free: 36247K (66%)
ptolemy.util.test.WatchDog.cancel(): canceling Thu Apr 23 14:09:05 UTC 2020
auto.tcl: Setting watchdog for 200 seconds at Thu Apr 23 14:09:05 UTC 2020
2 ms. Memory: 55296K Free: 35223K (64%)
ptolemy.util.test.WatchDog.cancel(): canceling Thu Apr 23 14:09:05 UTC 2020
------------------ testing $PTII/ptolemy/domains/de/test/auto/deInCt.xml
auto.tcl: Setting watchdog for 200 seconds at Thu Apr 23 14:09:05 UTC 2020
0
1
1
1
0
0
0
0
1
1
1
1
0
0
0
1
1
1
1
0
0
0
1
1
0
0
0
0
0
1
1
1
0
0
0
0
1
1
1
1
9 ms. Memory: 55296K Free: 35221K (64%)
ptolemy.util.test.WatchDog.cancel(): canceling Thu Apr 23 14:09:05 UTC 2020
auto.tcl: Setting watchdog for 200 seconds at Thu Apr 23 14:09:05 UTC 2020
0
1
1
1
0
0
0
1
1
1
0
0
0
0
1
1
1
1
0
0
0
0
0
1
1
1
1
0
0
0
1
1
1
0
0
0
0
6 ms. Memory: 55296K Free: 33683K (61%)
ptolemy.util.test.WatchDog.cancel(): canceling Thu Apr 23 14:09:05 UTC 2020
------------------ testing $PTII/ptolemy/domains/de/test/auto/deInCt2.xml
auto.tcl: Setting watchdog for 200 seconds at Thu Apr 23 14:09:05 UTC 2020
0
1
1
1
0
0
1
1
1
0
0
1
1
1
0
0
1
1
1
0
0
1
1
1
0
0
1
1
1
0
0
1
1
1
0
0
1
1
1
0
0
0
6 ms. Memory: 55296K Free: 35220K (64%)
ptolemy.util.test.WatchDog.cancel(): canceling Thu Apr 23 14:09:05 UTC 2020
auto.tcl: Setting watchdog for 200 seconds at Thu Apr 23 14:09:05 UTC 2020
0
1
1
1
0
0
1
1
1
0
0
1
1
1
0
0
1
1
1
0
0
1
1
1
0
0
1
1
1
0
0
1
1
1
0
0
1
1
1
0
0
0
5 ms. Memory: 55296K Free: 33682K (61%)
ptolemy.util.test.WatchDog.cancel(): canceling Thu Apr 23 14:09:05 UTC 2020
------------------ testing $PTII/ptolemy/domains/de/test/auto/dynamicCausalityInterface1.xml
auto.tcl: Setting watchdog for 200 seconds at Thu Apr 23 14:09:05 UTC 2020
1 ms. Memory: 55296K Free: 31118K (56%)
ptolemy.util.test.WatchDog.cancel(): canceling Thu Apr 23 14:09:05 UTC 2020
auto.tcl: Setting watchdog for 200 seconds at Thu Apr 23 14:09:05 UTC 2020
1 ms. Memory: 55296K Free: 30590K (55%)
ptolemy.util.test.WatchDog.cancel(): canceling Thu Apr 23 14:09:05 UTC 2020
------------------ testing $PTII/ptolemy/domains/de/test/auto/fsm_de_test.xml
auto.tcl: Setting watchdog for 200 seconds at Thu Apr 23 14:09:05 UTC 2020
7 ms. Memory: 55296K Free: 31017K (56%)
ptolemy.util.test.WatchDog.cancel(): canceling Thu Apr 23 14:09:05 UTC 2020
auto.tcl: Setting watchdog for 200 seconds at Thu Apr 23 14:09:05 UTC 2020
4 ms. Memory: 55296K Free: 28969K (52%)
ptolemy.util.test.WatchDog.cancel(): canceling Thu Apr 23 14:09:05 UTC 2020
------------------ testing $PTII/ptolemy/domains/de/test/auto/functionDependencyReconstruction.xml
auto.tcl: Setting watchdog for 200 seconds at Thu Apr 23 14:09:05 UTC 2020
3 ms. Memory: 55296K Free: 24884K (45%)
ptolemy.util.test.WatchDog.cancel(): canceling Thu Apr 23 14:09:05 UTC 2020
auto.tcl: Setting watchdog for 200 seconds at Thu Apr 23 14:09:05 UTC 2020
3 ms. Memory: 55296K Free: 22814K (41%)
ptolemy.util.test.WatchDog.cancel(): canceling Thu Apr 23 14:09:05 UTC 2020
------------------ testing $PTII/ptolemy/domains/de/test/auto/multirate.xml
auto.tcl: Setting watchdog for 200 seconds at Thu Apr 23 14:09:05 UTC 2020
7 ms. Memory: 55296K Free: 33627K (61%)
ptolemy.util.test.WatchDog.cancel(): canceling Thu Apr 23 14:09:05 UTC 2020
auto.tcl: Setting watchdog for 200 seconds at Thu Apr 23 14:09:05 UTC 2020
3 ms. Memory: 55296K Free: 31912K (58%)
ptolemy.util.test.WatchDog.cancel(): canceling Thu Apr 23 14:09:05 UTC 2020
------------------ testing $PTII/ptolemy/domains/de/test/auto/multirate2.xml
auto.tcl: Setting watchdog for 200 seconds at Thu Apr 23 14:09:05 UTC 2020
3 ms. Memory: 51200K Free: 29716K (58%)
ptolemy.util.test.WatchDog.cancel(): canceling Thu Apr 23 14:09:05 UTC 2020
auto.tcl: Setting watchdog for 200 seconds at Thu Apr 23 14:09:05 UTC 2020
3 ms. Memory: 51200K Free: 27997K (55%)
ptolemy.util.test.WatchDog.cancel(): canceling Thu Apr 23 14:09:05 UTC 2020
------------------ testing $PTII/ptolemy/domains/de/test/auto/realtime.xml
auto.tcl: Setting watchdog for 200 seconds at Thu Apr 23 14:09:05 UTC 2020
10001 ms. Memory: 51200K Free: 31792K (62%)
ptolemy.util.test.WatchDog.cancel(): canceling Thu Apr 23 14:09:15 UTC 2020
auto.tcl: Setting watchdog for 200 seconds at Thu Apr 23 14:09:15 UTC 2020
10003 ms. Memory: 51200K Free: 31067K (61%)
ptolemy.util.test.WatchDog.cancel(): canceling Thu Apr 23 14:09:25 UTC 2020
------------------ testing $PTII/ptolemy/domains/de/test/auto/relationGroup.xml
auto.tcl: Setting watchdog for 200 seconds at Thu Apr 23 14:09:25 UTC 2020
2 ms. Memory: 51200K Free: 32852K (64%)
ptolemy.util.test.WatchDog.cancel(): canceling Thu Apr 23 14:09:25 UTC 2020
auto.tcl: Setting watchdog for 200 seconds at Thu Apr 23 14:09:25 UTC 2020
1 ms. Memory: 51200K Free: 32352K (63%)
ptolemy.util.test.WatchDog.cancel(): canceling Thu Apr 23 14:09:25 UTC 2020
------------------ testing $PTII/ptolemy/domains/de/test/auto/relationGroup2.xml
auto.tcl: Setting watchdog for 200 seconds at Thu Apr 23 14:09:25 UTC 2020
1 ms. Memory: 51200K Free: 32898K (64%)
ptolemy.util.test.WatchDog.cancel(): canceling Thu Apr 23 14:09:25 UTC 2020
auto.tcl: Setting watchdog for 200 seconds at Thu Apr 23 14:09:25 UTC 2020
1 ms. Memory: 51200K Free: 32386K (63%)
ptolemy.util.test.WatchDog.cancel(): canceling Thu Apr 23 14:09:25 UTC 2020
------------------ testing $PTII/ptolemy/domains/de/test/auto/sortWithOpaquePorts.xml
auto.tcl: Setting watchdog for 200 seconds at Thu Apr 23 14:09:25 UTC 2020
1 ms. Memory: 51200K Free: 32174K (63%)
ptolemy.util.test.WatchDog.cancel(): canceling Thu Apr 23 14:09:25 UTC 2020
auto.tcl: Setting watchdog for 200 seconds at Thu Apr 23 14:09:25 UTC 2020
2 ms. Memory: 51200K Free: 30648K (60%)
ptolemy.util.test.WatchDog.cancel(): canceling Thu Apr 23 14:09:25 UTC 2020
------------------ testing $PTII/ptolemy/domains/de/test/auto/transferInputsandOutputs.xml
auto.tcl: Setting watchdog for 200 seconds at Thu Apr 23 14:09:25 UTC 2020
4 ms. Memory: 51200K Free: 29090K (57%)
ptolemy.util.test.WatchDog.cancel(): canceling Thu Apr 23 14:09:25 UTC 2020
auto.tcl: Setting watchdog for 200 seconds at Thu Apr 23 14:09:25 UTC 2020
2 ms. Memory: 51200K Free: 28066K (55%)
ptolemy.util.test.WatchDog.cancel(): canceling Thu Apr 23 14:09:25 UTC 2020
------------------ testing $PTII/ptolemy/domains/de/test/auto/triggerType.xml
auto.tcl: Setting watchdog for 200 seconds at Thu Apr 23 14:09:26 UTC 2020
1 ms. Memory: 51200K Free: 32115K (63%)
ptolemy.util.test.WatchDog.cancel(): canceling Thu Apr 23 14:09:26 UTC 2020
auto.tcl: Setting watchdog for 200 seconds at Thu Apr 23 14:09:26 UTC 2020
2 ms. Memory: 51200K Free: 31091K (61%)
ptolemy.util.test.WatchDog.cancel(): canceling Thu Apr 23 14:09:26 UTC 2020
04/23/20 02:09:26
Failed: 0  Total Tests: 192  ((Passed: 187, Newly Passed: 1)  Known Failed: 5) /home/travis/build/icyphy/ptII/ptolemy/domains/de/test
04/23/20 02:09:26
Failed: 0  Total Tests: 192  ((Passed: 187, Newly Passed: 1)  Known Failed: 5) /home/travis/build/icyphy/ptII/ptolemy/domains/de/test
----------------- testing (KnownFailure) /home/travis/build/icyphy/ptII/ptolemy/domains/de/test/auto/knownFailedTests/DESDFClockTest.xml
2019 ms. Memory: 51200K Free: 25000K (49%)
Known Failure: java.lang.reflect.InvocationTargetException
----------------- testing (KnownFailure) /home/travis/build/icyphy/ptII/ptolemy/domains/de/test/auto/knownFailedTests/DirectFeedback.xml
1 ms. Memory: 51200K Free: 21414K (42%)
Known Failure: java.lang.reflect.InvocationTargetException
----------------- testing (KnownFailure) /home/travis/build/icyphy/ptII/ptolemy/domains/de/test/auto/knownFailedTests/FSMSource.xml
9 ms. Memory: 51200K Free: 13222K (26%)
----------------- testing (KnownFailure) /home/travis/build/icyphy/ptII/ptolemy/domains/de/test/auto/knownFailedTests/HierarchicalModel.xml
2 ms. Memory: 51200K Free: 26232K (51%)
Known Failure: java.lang.reflect.InvocationTargetException
----------------- testing (KnownFailure) /home/travis/build/icyphy/ptII/ptolemy/domains/de/test/auto/knownFailedTests/dependencyLoop.xml
2 ms. Memory: 51200K Free: 11273K (22%)
Known Failure: java.lang.reflect.InvocationTargetException
----------------- testing (KnownFailure) /home/travis/build/icyphy/ptII/ptolemy/domains/de/test/auto/knownFailedTests/dependencyLoop2.xml
2 ms. Memory: 51200K Free: 25229K (49%)
Known Failure: java.lang.reflect.InvocationTargetException
No auto/linux-amd64/*.xml tests in /home/travis/build/icyphy/ptII/ptolemy/domains/de/test
AutoTests.java: About to close Vertx.
AutoTests.java: Vertx closed.

===========================================================================================
----------------- testing Thu Apr 23 14:09:28 UTC 2020 /home/travis/build/icyphy/ptII/ptolemy/domains/de/test/auto/ActorDepthCalculation_actorWithoutPorts.xml
----------------- Instantiating /home/travis/build/icyphy/ptII/ptolemy/domains/de/test/auto/ActorDepthCalculation_actorWithoutPorts.xml
2 ms. Memory: 51200K Free: 18479K (36%)
----------------- Invoking toplevel() on ptolemy.moml.MoMLSimpleApplication@1e98a506
----------------- Done invoking toplevel() on ptolemy.moml.MoMLSimpleApplication@1e98a506
reloadAllAccessors: .ActorDepthCalculation_actorWithoutPorts

===========================================================================================
----------------- testing Thu Apr 23 14:09:28 UTC 2020 /home/travis/build/icyphy/ptII/ptolemy/domains/de/test/auto/AssemblyLine.xml
----------------- Instantiating /home/travis/build/icyphy/ptII/ptolemy/domains/de/test/auto/AssemblyLine.xml
3 ms. Memory: 51200K Free: 11219K (22%)
----------------- Invoking toplevel() on ptolemy.moml.MoMLSimpleApplication@596a6e5d
----------------- Done invoking toplevel() on ptolemy.moml.MoMLSimpleApplication@596a6e5d
reloadAllAccessors: .AssemblyLine

===========================================================================================
----------------- testing Thu Apr 23 14:09:28 UTC 2020 /home/travis/build/icyphy/ptII/ptolemy/domains/de/test/auto/CQBug1.xml
----------------- Instantiating /home/travis/build/icyphy/ptII/ptolemy/domains/de/test/auto/CQBug1.xml
2 ms. Memory: 51200K Free: 8309K (16%)
----------------- Invoking toplevel() on ptolemy.moml.MoMLSimpleApplication@2cbf3ab6
----------------- Done invoking toplevel() on ptolemy.moml.MoMLSimpleApplication@2cbf3ab6
reloadAllAccessors: .CQBug1

===========================================================================================
----------------- testing Thu Apr 23 14:09:28 UTC 2020 /home/travis/build/icyphy/ptII/ptolemy/domains/de/test/auto/CancelFireAt.xml
----------------- Instantiating /home/travis/build/icyphy/ptII/ptolemy/domains/de/test/auto/CancelFireAt.xml
9 ms. Memory: 51200K Free: 34938K (68%)
----------------- Invoking toplevel() on ptolemy.moml.MoMLSimpleApplication@3010f60c
----------------- Done invoking toplevel() on ptolemy.moml.MoMLSimpleApplication@3010f60c
reloadAllAccessors: .CancelFireAt

===========================================================================================
----------------- testing Thu Apr 23 14:09:28 UTC 2020 /home/travis/build/icyphy/ptII/ptolemy/domains/de/test/auto/CausalityAndComposabilityAnalysis.xml
----------------- Instantiating /home/travis/build/icyphy/ptII/ptolemy/domains/de/test/auto/CausalityAndComposabilityAnalysis.xml
2 ms. Memory: 51200K Free: 30651K (60%)
----------------- Invoking toplevel() on ptolemy.moml.MoMLSimpleApplication@59e6df0a
----------------- Done invoking toplevel() on ptolemy.moml.MoMLSimpleApplication@59e6df0a
reloadAllAccessors: .CausalityAndComposabilityAnalysis

===========================================================================================
----------------- testing Thu Apr 23 14:09:28 UTC 2020 /home/travis/build/icyphy/ptII/ptolemy/domains/de/test/auto/CausalityInterface1.xml
----------------- Instantiating /home/travis/build/icyphy/ptII/ptolemy/domains/de/test/auto/CausalityInterface1.xml
5 ms. Memory: 51200K Free: 25531K (50%)
----------------- Invoking toplevel() on ptolemy.moml.MoMLSimpleApplication@c434f4c
----------------- Done invoking toplevel() on ptolemy.moml.MoMLSimpleApplication@c434f4c
reloadAllAccessors: .CausalityInterface1

===========================================================================================
----------------- testing Thu Apr 23 14:09:28 UTC 2020 /home/travis/build/icyphy/ptII/ptolemy/domains/de/test/auto/CausalityInterface15.xml
----------------- Instantiating /home/travis/build/icyphy/ptII/ptolemy/domains/de/test/auto/CausalityInterface15.xml
2 ms. Memory: 51200K Free: 19991K (39%)
----------------- Invoking toplevel() on ptolemy.moml.MoMLSimpleApplication@abe70
----------------- Done invoking toplevel() on ptolemy.moml.MoMLSimpleApplication@abe70
reloadAllAccessors: .CausalityInterface15

===========================================================================================
----------------- testing Thu Apr 23 14:09:28 UTC 2020 /home/travis/build/icyphy/ptII/ptolemy/domains/de/test/auto/CausalityInterface2.xml
----------------- Instantiating /home/travis/build/icyphy/ptII/ptolemy/domains/de/test/auto/CausalityInterface2.xml
1 ms. Memory: 51200K Free: 15550K (30%)
[...]
	at ptolemy.actor.Manager.run(Manager.java:1263)
	at ptolemy.actor.Manager$PtolemyRunThread.run(Manager.java:1933)
java.lang.RuntimeException: Execution failed
	at ptolemy.moml.MoMLSimpleApplication$UnloadThread.run(MoMLSimpleApplication.java:402)
Caused by: ptolemy.kernel.util.IllegalActionException: Actor is not ready to fire.  Perhaps UpSample.prefire() returned false? Try debugging the actor by selecting "Listen to Actor".  Also, for SDF check moml for tokenConsumptionRate on input.
  in .DESDFClockTest.Play Bell.Copy1:SDF Director and .DESDFClockTest.Play Bell.UpSample
	at ptolemy.actor.sched.StaticSchedulingDirector.fire(StaticSchedulingDirector.java:227)
	at ptolemy.domains.sdf.kernel.SDFDirector.fire(SDFDirector.java:500)
	at ptolemy.actor.CompositeActor.fire(CompositeActor.java:455)
	at ptolemy.domains.de.kernel.DEDirector._fire(DEDirector.java:1949)
	at ptolemy.domains.de.kernel.DEDirector.fire(DEDirector.java:502)
	at ptolemy.actor.CompositeActor.fire(CompositeActor.java:455)
	at ptolemy.actor.Manager.iterate(Manager.java:851)
	at ptolemy.actor.Manager.execute(Manager.java:369)
	at ptolemy.actor.Manager.run(Manager.java:1263)
	at ptolemy.actor.Manager$PtolemyRunThread.run(Manager.java:1933)
java.lang.reflect.InvocationTargetException
	at java.base/jdk.internal.reflect.NativeConstructorAccessorImpl.newInstance0(Native Method)
	at java.base/jdk.internal.reflect.NativeConstructorAccessorImpl.newInstance(NativeConstructorAccessorImpl.java:62)
	at java.base/jdk.internal.reflect.DelegatingConstructorAccessorImpl.newInstance(DelegatingConstructorAccessorImpl.java:45)
	at java.base/java.lang.reflect.Constructor.newInstance(Constructor.java:490)
	at ptolemy.util.test.junit.AutoKnownFailedTests.RunModel(AutoKnownFailedTests.java:105)
	at java.base/jdk.internal.reflect.NativeMethodAccessorImpl.invoke0(Native Method)
	at java.base/jdk.internal.reflect.NativeMethodAccessorImpl.invoke(NativeMethodAccessorImpl.java:62)
	at java.base/jdk.internal.reflect.DelegatingMethodAccessorImpl.invoke(DelegatingMethodAccessorImpl.java:43)
	at java.base/java.lang.reflect.Method.invoke(Method.java:566)
	at org.junit.runners.model.FrameworkMethod$1.runReflectiveCall(FrameworkMethod.java:44)
	at org.junit.internal.runners.model.ReflectiveCallable.run(ReflectiveCallable.java:15)
	at org.junit.runners.model.FrameworkMethod.invokeExplosively(FrameworkMethod.java:41)
	at junitparams.internal.InvokeParameterisedMethod.evaluate(InvokeParameterisedMethod.java:102)
	at org.junit.internal.runners.statements.FailOnTimeout$1.run(FailOnTimeout.java:28)
Caused by: ptolemy.kernel.util.IllegalActionException: Actor is not ready to fire.  Perhaps UpSample.prefire() returned false? Try debugging the actor by selecting "Listen to Actor".  Also, for SDF check moml for tokenConsumptionRate on input.
  in .DESDFClockTest.Play Bell.Copy1:SDF Director and .DESDFClockTest.Play Bell.UpSample
	at ptolemy.actor.sched.StaticSchedulingDirector.fire(StaticSchedulingDirector.java:227)
	at ptolemy.domains.sdf.kernel.SDFDirector.fire(SDFDirector.java:500)
	at ptolemy.actor.CompositeActor.fire(CompositeActor.java:455)
	at ptolemy.domains.de.kernel.DEDirector._fire(DEDirector.java:1949)
	at ptolemy.domains.de.kernel.DEDirector.fire(DEDirector.java:502)
	at ptolemy.actor.CompositeActor.fire(CompositeActor.java:455)
	at ptolemy.actor.Manager.iterate(Manager.java:851)
	at ptolemy.actor.Manager.execute(Manager.java:369)
	at ptolemy.actor.Manager.run(Manager.java:1263)
	at ptolemy.actor.Manager$PtolemyRunThread.run(Manager.java:1933)
java.lang.RuntimeException: Execution failed
	at ptolemy.moml.MoMLSimpleApplication$UnloadThread.run(MoMLSimpleApplication.java:402)
Caused by: ptolemy.kernel.util.IllegalActionException: Test fails in iteration 1.
Value was: 1.0. Should have been: 2.0
  in .DirectFeedback.Test
	at ptolemy.actor.lib.Test.fire(Test.java:268)
	at ptolemy.domains.de.kernel.DEDirector._fire(DEDirector.java:1949)
	at ptolemy.domains.de.kernel.DEDirector.fire(DEDirector.java:502)
	at ptolemy.actor.CompositeActor.fire(CompositeActor.java:455)
	at ptolemy.actor.Manager.iterate(Manager.java:851)
	at ptolemy.actor.Manager.execute(Manager.java:369)
	at ptolemy.actor.Manager.run(Manager.java:1263)
	at ptolemy.actor.Manager$PtolemyRunThread.run(Manager.java:1933)
java.lang.reflect.InvocationTargetException
	at java.base/jdk.internal.reflect.NativeConstructorAccessorImpl.newInstance0(Native Method)
	at java.base/jdk.internal.reflect.NativeConstructorAccessorImpl.newInstance(NativeConstructorAccessorImpl.java:62)
	at java.base/jdk.internal.reflect.DelegatingConstructorAccessorImpl.newInstance(DelegatingConstructorAccessorImpl.java:45)
	at java.base/java.lang.reflect.Constructor.newInstance(Constructor.java:490)
	at ptolemy.util.test.junit.AutoKnownFailedTests.RunModel(AutoKnownFailedTests.java:105)
	at java.base/jdk.internal.reflect.NativeMethodAccessorImpl.invoke0(Native Method)
	at java.base/jdk.internal.reflect.NativeMethodAccessorImpl.invoke(NativeMethodAccessorImpl.java:62)
	at java.base/jdk.internal.reflect.DelegatingMethodAccessorImpl.invoke(DelegatingMethodAccessorImpl.java:43)
	at java.base/java.lang.reflect.Method.invoke(Method.java:566)
	at org.junit.runners.model.FrameworkMethod$1.runReflectiveCall(FrameworkMethod.java:44)
	at org.junit.internal.runners.model.ReflectiveCallable.run(ReflectiveCallable.java:15)
	at org.junit.runners.model.FrameworkMethod.invokeExplosively(FrameworkMethod.java:41)
	at junitparams.internal.InvokeParameterisedMethod.evaluate(InvokeParameterisedMethod.java:102)
	at org.junit.internal.runners.statements.FailOnTimeout$1.run(FailOnTimeout.java:28)
Caused by: ptolemy.kernel.util.IllegalActionException: Test fails in iteration 1.
Value was: 1.0. Should have been: 2.0
  in .DirectFeedback.Test
	at ptolemy.actor.lib.Test.fire(Test.java:268)
	at ptolemy.domains.de.kernel.DEDirector._fire(DEDirector.java:1949)
	at ptolemy.domains.de.kernel.DEDirector.fire(DEDirector.java:502)
	at ptolemy.actor.CompositeActor.fire(CompositeActor.java:455)
	at ptolemy.actor.Manager.iterate(Manager.java:851)
	at ptolemy.actor.Manager.execute(Manager.java:369)
	at ptolemy.actor.Manager.run(Manager.java:1263)
	at ptolemy.actor.Manager$PtolemyRunThread.run(Manager.java:1933)
java.lang.RuntimeException: Execution failed
	at ptolemy.moml.MoMLSimpleApplication$UnloadThread.run(MoMLSimpleApplication.java:402)
Caused by: ptolemy.kernel.util.IllegalActionException: Found a zero delay loop containing .HierarchicalModel.A
  in .HierarchicalModel and .HierarchicalModel.A
	at ptolemy.actor.util.CausalityInterfaceForComposites._computeOutputPortDepth(CausalityInterfaceForComposites.java:759)
	at ptolemy.actor.util.CausalityInterfaceForComposites._computeInputDepth(CausalityInterfaceForComposites.java:696)
	at ptolemy.actor.util.CausalityInterfaceForComposites._computeOutputPortDepth(CausalityInterfaceForComposites.java:765)
	at ptolemy.actor.util.CausalityInterfaceForComposites._computeInputDepth(CausalityInterfaceForComposites.java:696)
	at ptolemy.actor.util.CausalityInterfaceForComposites._computeOutputPortDepth(CausalityInterfaceForComposites.java:765)
	at ptolemy.actor.util.CausalityInterfaceForComposites._computeInputDepth(CausalityInterfaceForComposites.java:696)
	at ptolemy.actor.util.CausalityInterfaceForComposites._computeActorDepth(CausalityInterfaceForComposites.java:532)
	at ptolemy.actor.util.CausalityInterfaceForComposites.checkForCycles(CausalityInterfaceForComposites.java:96)
	at ptolemy.domains.de.kernel.DEDirector.preinitialize(DEDirector.java:1338)
	at ptolemy.actor.CompositeActor.preinitialize(CompositeActor.java:1828)
	at ptolemy.actor.Manager.preinitializeAndResolveTypes(Manager.java:1040)
	at ptolemy.actor.Manager.initialize(Manager.java:710)
	at ptolemy.actor.Manager.execute(Manager.java:356)
	at ptolemy.actor.Manager.run(Manager.java:1263)
	at ptolemy.actor.Manager$PtolemyRunThread.run(Manager.java:1933)
java.lang.reflect.InvocationTargetException
	at java.base/jdk.internal.reflect.NativeConstructorAccessorImpl.newInstance0(Native Method)
	at java.base/jdk.internal.reflect.NativeConstructorAccessorImpl.newInstance(NativeConstructorAccessorImpl.java:62)
	at java.base/jdk.internal.reflect.DelegatingConstructorAccessorImpl.newInstance(DelegatingConstructorAccessorImpl.java:45)
	at java.base/java.lang.reflect.Constructor.newInstance(Constructor.java:490)
	at ptolemy.util.test.junit.AutoKnownFailedTests.RunModel(AutoKnownFailedTests.java:105)
	at java.base/jdk.internal.reflect.NativeMethodAccessorImpl.invoke0(Native Method)
	at java.base/jdk.internal.reflect.NativeMethodAccessorImpl.invoke(NativeMethodAccessorImpl.java:62)
	at java.base/jdk.internal.reflect.DelegatingMethodAccessorImpl.invoke(DelegatingMethodAccessorImpl.java:43)
	at java.base/java.lang.reflect.Method.invoke(Method.java:566)
	at org.junit.runners.model.FrameworkMethod$1.runReflectiveCall(FrameworkMethod.java:44)
	at org.junit.internal.runners.model.ReflectiveCallable.run(ReflectiveCallable.java:15)
	at org.junit.runners.model.FrameworkMethod.invokeExplosively(FrameworkMethod.java:41)
	at junitparams.internal.InvokeParameterisedMethod.evaluate(InvokeParameterisedMethod.java:102)
	at org.junit.internal.runners.statements.FailOnTimeout$1.run(FailOnTimeout.java:28)
Caused by: ptolemy.kernel.util.IllegalActionException: Found a zero delay loop containing .HierarchicalModel.A
  in .HierarchicalModel and .HierarchicalModel.A
	at ptolemy.actor.util.CausalityInterfaceForComposites._computeOutputPortDepth(CausalityInterfaceForComposites.java:759)
	at ptolemy.actor.util.CausalityInterfaceForComposites._computeInputDepth(CausalityInterfaceForComposites.java:696)
	at ptolemy.actor.util.CausalityInterfaceForComposites._computeOutputPortDepth(CausalityInterfaceForComposites.java:765)
	at ptolemy.actor.util.CausalityInterfaceForComposites._computeInputDepth(CausalityInterfaceForComposites.java:696)
	at ptolemy.actor.util.CausalityInterfaceForComposites._computeOutputPortDepth(CausalityInterfaceForComposites.java:765)
	at ptolemy.actor.util.CausalityInterfaceForComposites._computeInputDepth(CausalityInterfaceForComposites.java:696)
	at ptolemy.actor.util.CausalityInterfaceForComposites._computeActorDepth(CausalityInterfaceForComposites.java:532)
	at ptolemy.actor.util.CausalityInterfaceForComposites.checkForCycles(CausalityInterfaceForComposites.java:96)
	at ptolemy.domains.de.kernel.DEDirector.preinitialize(DEDirector.java:1338)
	at ptolemy.actor.CompositeActor.preinitialize(CompositeActor.java:1828)
	at ptolemy.actor.Manager.preinitializeAndResolveTypes(Manager.java:1040)
	at ptolemy.actor.Manager.initialize(Manager.java:710)
	at ptolemy.actor.Manager.execute(Manager.java:356)
	at ptolemy.actor.Manager.run(Manager.java:1263)
	at ptolemy.actor.Manager$PtolemyRunThread.run(Manager.java:1933)
java.lang.RuntimeException: Execution failed
	at ptolemy.moml.MoMLSimpleApplication$UnloadThread.run(MoMLSimpleApplication.java:402)
Caused by: ptolemy.kernel.util.IllegalActionException: Found a zero delay loop containing .dependencyLoop.original
  in .dependencyLoop and .dependencyLoop.original
	at ptolemy.actor.util.CausalityInterfaceForComposites._computeOutputPortDepth(CausalityInterfaceForComposites.java:759)
	at ptolemy.actor.util.CausalityInterfaceForComposites._computeInputDepth(CausalityInterfaceForComposites.java:696)
	at ptolemy.actor.util.CausalityInterfaceForComposites._computeOutputPortDepth(CausalityInterfaceForComposites.java:765)
	at ptolemy.actor.util.CausalityInterfaceForComposites._computeInputDepth(CausalityInterfaceForComposites.java:696)
	at ptolemy.actor.util.CausalityInterfaceForComposites._computeOutputPortDepth(CausalityInterfaceForComposites.java:765)
	at ptolemy.actor.util.CausalityInterfaceForComposites._computeInputDepth(CausalityInterfaceForComposites.java:696)
	at ptolemy.actor.util.CausalityInterfaceForComposites._computeActorDepth(CausalityInterfaceForComposites.java:532)
	at ptolemy.actor.util.CausalityInterfaceForComposites.checkForCycles(CausalityInterfaceForComposites.java:96)
	at ptolemy.domains.de.kernel.DEDirector.preinitialize(DEDirector.java:1338)
	at ptolemy.actor.CompositeActor.preinitialize(CompositeActor.java:1828)
	at ptolemy.actor.Manager.preinitializeAndResolveTypes(Manager.java:1040)
	at ptolemy.actor.Manager.initialize(Manager.java:710)
	at ptolemy.actor.Manager.execute(Manager.java:356)
	at ptolemy.actor.Manager.run(Manager.java:1263)
	at ptolemy.actor.Manager$PtolemyRunThread.run(Manager.java:1933)
java.lang.reflect.InvocationTargetException
	at java.base/jdk.internal.reflect.NativeConstructorAccessorImpl.newInstance0(Native Method)
	at java.base/jdk.internal.reflect.NativeConstructorAccessorImpl.newInstance(NativeConstructorAccessorImpl.java:62)
	at java.base/jdk.internal.reflect.DelegatingConstructorAccessorImpl.newInstance(DelegatingConstructorAccessorImpl.java:45)
	at java.base/java.lang.reflect.Constructor.newInstance(Constructor.java:490)
	at ptolemy.util.test.junit.AutoKnownFailedTests.RunModel(AutoKnownFailedTests.java:105)
	at java.base/jdk.internal.reflect.NativeMethodAccessorImpl.invoke0(Native Method)
	at java.base/jdk.internal.reflect.NativeMethodAccessorImpl.invoke(NativeMethodAccessorImpl.java:62)
	at java.base/jdk.internal.reflect.DelegatingMethodAccessorImpl.invoke(DelegatingMethodAccessorImpl.java:43)
	at java.base/java.lang.reflect.Method.invoke(Method.java:566)
	at org.junit.runners.model.FrameworkMethod$1.runReflectiveCall(FrameworkMethod.java:44)
	at org.junit.internal.runners.model.ReflectiveCallable.run(ReflectiveCallable.java:15)
	at org.junit.runners.model.FrameworkMethod.invokeExplosively(FrameworkMethod.java:41)
	at junitparams.internal.InvokeParameterisedMethod.evaluate(InvokeParameterisedMethod.java:102)
	at org.junit.internal.runners.statements.FailOnTimeout$1.run(FailOnTimeout.java:28)
Caused by: ptolemy.kernel.util.IllegalActionException: Found a zero delay loop containing .dependencyLoop.original
  in .dependencyLoop and .dependencyLoop.original
	at ptolemy.actor.util.CausalityInterfaceForComposites._computeOutputPortDepth(CausalityInterfaceForComposites.java:759)
	at ptolemy.actor.util.CausalityInterfaceForComposites._computeInputDepth(CausalityInterfaceForComposites.java:696)
	at ptolemy.actor.util.CausalityInterfaceForComposites._computeOutputPortDepth(CausalityInterfaceForComposites.java:765)
	at ptolemy.actor.util.CausalityInterfaceForComposites._computeInputDepth(CausalityInterfaceForComposites.java:696)
	at ptolemy.actor.util.CausalityInterfaceForComposites._computeOutputPortDepth(CausalityInterfaceForComposites.java:765)
	at ptolemy.actor.util.CausalityInterfaceForComposites._computeInputDepth(CausalityInterfaceForComposites.java:696)
	at ptolemy.actor.util.CausalityInterfaceForComposites._computeActorDepth(CausalityInterfaceForComposites.java:532)
	at ptolemy.actor.util.CausalityInterfaceForComposites.checkForCycles(CausalityInterfaceForComposites.java:96)
	at ptolemy.domains.de.kernel.DEDirector.preinitialize(DEDirector.java:1338)
	at ptolemy.actor.CompositeActor.preinitialize(CompositeActor.java:1828)
	at ptolemy.actor.Manager.preinitializeAndResolveTypes(Manager.java:1040)
	at ptolemy.actor.Manager.initialize(Manager.java:710)
	at ptolemy.actor.Manager.execute(Manager.java:356)
	at ptolemy.actor.Manager.run(Manager.java:1263)
	at ptolemy.actor.Manager$PtolemyRunThread.run(Manager.java:1933)
java.lang.RuntimeException: Execution failed
	at ptolemy.moml.MoMLSimpleApplication$UnloadThread.run(MoMLSimpleApplication.java:402)
Caused by: ptolemy.kernel.util.IllegalActionException: Found a zero delay loop containing .dependencyLoop2.original
  in .dependencyLoop2 and .dependencyLoop2.original
	at ptolemy.actor.util.CausalityInterfaceForComposites._computeOutputPortDepth(CausalityInterfaceForComposites.java:759)
	at ptolemy.actor.util.CausalityInterfaceForComposites._computeInputDepth(CausalityInterfaceForComposites.java:696)
	at ptolemy.actor.util.CausalityInterfaceForComposites._computeOutputPortDepth(CausalityInterfaceForComposites.java:765)
	at ptolemy.actor.util.CausalityInterfaceForComposites._computeInputDepth(CausalityInterfaceForComposites.java:696)
	at ptolemy.actor.util.CausalityInterfaceForComposites._computeOutputPortDepth(CausalityInterfaceForComposites.java:765)
	at ptolemy.actor.util.CausalityInterfaceForComposites._computeInputDepth(CausalityInterfaceForComposites.java:696)
	at ptolemy.actor.util.CausalityInterfaceForComposites._computeActorDepth(CausalityInterfaceForComposites.java:532)
	at ptolemy.actor.util.CausalityInterfaceForComposites.checkForCycles(CausalityInterfaceForComposites.java:96)
	at ptolemy.domains.de.kernel.DEDirector.preinitialize(DEDirector.java:1338)
	at ptolemy.actor.CompositeActor.preinitialize(CompositeActor.java:1828)
	at ptolemy.actor.Manager.preinitializeAndResolveTypes(Manager.java:1040)
	at ptolemy.actor.Manager.initialize(Manager.java:710)
	at ptolemy.actor.Manager.execute(Manager.java:356)
	at ptolemy.actor.Manager.run(Manager.java:1263)
	at ptolemy.actor.Manager$PtolemyRunThread.run(Manager.java:1933)
java.lang.reflect.InvocationTargetException
	at java.base/jdk.internal.reflect.NativeConstructorAccessorImpl.newInstance0(Native Method)
	at java.base/jdk.internal.reflect.NativeConstructorAccessorImpl.newInstance(NativeConstructorAccessorImpl.java:62)
	at java.base/jdk.internal.reflect.DelegatingConstructorAccessorImpl.newInstance(DelegatingConstructorAccessorImpl.java:45)
	at java.base/java.lang.reflect.Constructor.newInstance(Constructor.java:490)
	at ptolemy.util.test.junit.AutoKnownFailedTests.RunModel(AutoKnownFailedTests.java:105)
	at java.base/jdk.internal.reflect.NativeMethodAccessorImpl.invoke0(Native Method)
	at java.base/jdk.internal.reflect.NativeMethodAccessorImpl.invoke(NativeMethodAccessorImpl.java:62)
	at java.base/jdk.internal.reflect.DelegatingMethodAccessorImpl.invoke(DelegatingMethodAccessorImpl.java:43)
	at java.base/java.lang.reflect.Method.invoke(Method.java:566)
	at org.junit.runners.model.FrameworkMethod$1.runReflectiveCall(FrameworkMethod.java:44)
	at org.junit.internal.runners.model.ReflectiveCallable.run(ReflectiveCallable.java:15)
	at org.junit.runners.model.FrameworkMethod.invokeExplosively(FrameworkMethod.java:41)
	at junitparams.internal.InvokeParameterisedMethod.evaluate(InvokeParameterisedMethod.java:102)
	at org.junit.internal.runners.statements.FailOnTimeout$1.run(FailOnTimeout.java:28)
Caused by: ptolemy.kernel.util.IllegalActionException: Found a zero delay loop containing .dependencyLoop2.original
  in .dependencyLoop2 and .dependencyLoop2.original
	at ptolemy.actor.util.CausalityInterfaceForComposites._computeOutputPortDepth(CausalityInterfaceForComposites.java:759)
	at ptolemy.actor.util.CausalityInterfaceForComposites._computeInputDepth(CausalityInterfaceForComposites.java:696)
	at ptolemy.actor.util.CausalityInterfaceForComposites._computeOutputPortDepth(CausalityInterfaceForComposites.java:765)
	at ptolemy.actor.util.CausalityInterfaceForComposites._computeInputDepth(CausalityInterfaceForComposites.java:696)
	at ptolemy.actor.util.CausalityInterfaceForComposites._computeOutputPortDepth(CausalityInterfaceForComposites.java:765)
	at ptolemy.actor.util.CausalityInterfaceForComposites._computeInputDepth(CausalityInterfaceForComposites.java:696)
	at ptolemy.actor.util.CausalityInterfaceForComposites._computeActorDepth(CausalityInterfaceForComposites.java:532)
	at ptolemy.actor.util.CausalityInterfaceForComposites.checkForCycles(CausalityInterfaceForComposites.java:96)
	at ptolemy.domains.de.kernel.DEDirector.preinitialize(DEDirector.java:1338)
	at ptolemy.actor.CompositeActor.preinitialize(CompositeActor.java:1828)
	at ptolemy.actor.Manager.preinitializeAndResolveTypes(Manager.java:1040)
	at ptolemy.actor.Manager.initialize(Manager.java:710)
	at ptolemy.actor.Manager.execute(Manager.java:356)
	at ptolemy.actor.Manager.run(Manager.java:1263)
	at ptolemy.actor.Manager$PtolemyRunThread.run(Manager.java:1933)
]]></system-err>
</testsuite>
