<?xml version="1.0" encoding="UTF-8" ?>
<testsuite errors="0" failures="0" hostname="travis-job-dc87bdd0-ac3c-4092-aac3-f1599c1d2116" name="ptolemy.domains.sdf.test.junit.JUnitTclTest" skipped="0" tests="66" time="19.593" timestamp="2019-03-26T03:56:26">
  <properties>
[...]
</properties>
  <testcase classname="ptolemy.util.test.junit.TclTests" name="[0] /home/travis/build/icyphy/ptII/ptolemy/domains/sdf/test/SDFSchedulerErrors.tcl (RunTclFile)" time="0.667" />
  <testcase classname="ptolemy.util.test.junit.TclTests" name="[1] /home/travis/build/icyphy/ptII/ptolemy/domains/sdf/test/composition.tcl (RunTclFile)" time="0.116" />
  <testcase classname="ptolemy.util.test.junit.TclTests" name="[2] /home/travis/build/icyphy/ptII/ptolemy/domains/sdf/test/cycle.tcl (RunTclFile)" time="0.024" />
  <testcase classname="ptolemy.util.test.junit.AutoKnownFailedTests" name="[0] ThereAreNoKnowFailedTests (RunModel)" time="0.001" />
  <testcase classname="ptolemy.util.test.junit.AutoNameArchTests" name="[0] ThereAreNoAutoArchTests (RunModel)" time="0.001" />
  <testcase classname="ptolemy.util.test.junit.AutoTests" name="[0] /home/travis/build/icyphy/ptII/ptolemy/domains/sdf/test/auto/Array.xml (RunModel)" time="0.138" />
  <testcase classname="ptolemy.util.test.junit.AutoTests" name="[1] /home/travis/build/icyphy/ptII/ptolemy/domains/sdf/test/auto/Butterfly.xml (RunModel)" time="0.143" />
  <testcase classname="ptolemy.util.test.junit.AutoTests" name="[2] /home/travis/build/icyphy/ptII/ptolemy/domains/sdf/test/auto/Expression.xml (RunModel)" time="0.08" />
  <testcase classname="ptolemy.util.test.junit.AutoTests" name="[3] /home/travis/build/icyphy/ptII/ptolemy/domains/sdf/test/auto/Eye.xml (RunModel)" time="0.369" />
  <testcase classname="ptolemy.util.test.junit.AutoTests" name="[4] /home/travis/build/icyphy/ptII/ptolemy/domains/sdf/test/auto/FixFIR.xml (RunModel)" time="0.321" />
  <testcase classname="ptolemy.util.test.junit.AutoTests" name="[5] /home/travis/build/icyphy/ptII/ptolemy/domains/sdf/test/auto/FixPoint.xml (RunModel)" time="0.043" />
  <testcase classname="ptolemy.util.test.junit.AutoTests" name="[6] /home/travis/build/icyphy/ptII/ptolemy/domains/sdf/test/auto/Gravitation.xml (RunModel)" time="3.263" />
  <testcase classname="ptolemy.util.test.junit.AutoTests" name="[7] /home/travis/build/icyphy/ptII/ptolemy/domains/sdf/test/auto/GravitationWithCollisionDetection.xml (RunModel)" time="6.209" />
  <testcase classname="ptolemy.util.test.junit.AutoTests" name="[8] /home/travis/build/icyphy/ptII/ptolemy/domains/sdf/test/auto/HDF.xml (RunModel)" time="0.092" />
  <testcase classname="ptolemy.util.test.junit.AutoTests" name="[9] /home/travis/build/icyphy/ptII/ptolemy/domains/sdf/test/auto/HDFwithTransientStates.xml (RunModel)" time="0.109" />
  <testcase classname="ptolemy.util.test.junit.AutoTests" name="[10] /home/travis/build/icyphy/ptII/ptolemy/domains/sdf/test/auto/HTVQ.xml (RunModel)" time="0.887" />
  <testcase classname="ptolemy.util.test.junit.AutoTests" name="[11] /home/travis/build/icyphy/ptII/ptolemy/domains/sdf/test/auto/InferInitProduction.xml (RunModel)" time="0.027" />
  <testcase classname="ptolemy.util.test.junit.AutoTests" name="[12] /home/travis/build/icyphy/ptII/ptolemy/domains/sdf/test/auto/InferInitProductionDeeper.xml (RunModel)" time="0.028" />
  <testcase classname="ptolemy.util.test.junit.AutoTests" name="[13] /home/travis/build/icyphy/ptII/ptolemy/domains/sdf/test/auto/LMSAdaptive.xml (RunModel)" time="0.061" />
  <testcase classname="ptolemy.util.test.junit.AutoTests" name="[14] /home/travis/build/icyphy/ptII/ptolemy/domains/sdf/test/auto/LogisticMap.xml (RunModel)" time="0.472" />
  <testcase classname="ptolemy.util.test.junit.AutoTests" name="[15] /home/travis/build/icyphy/ptII/ptolemy/domains/sdf/test/auto/MaximumEntropySpectrum.xml (RunModel)" time="0.268" />
  <testcase classname="ptolemy.util.test.junit.AutoTests" name="[16] /home/travis/build/icyphy/ptII/ptolemy/domains/sdf/test/auto/MultirateSDF.xml (RunModel)" time="0.061" />
  <testcase classname="ptolemy.util.test.junit.AutoTests" name="[17] /home/travis/build/icyphy/ptII/ptolemy/domains/sdf/test/auto/MultirateSDFwithTransientStates.xml (RunModel)" time="0.077" />
  <testcase classname="ptolemy.util.test.junit.AutoTests" name="[18] /home/travis/build/icyphy/ptII/ptolemy/domains/sdf/test/auto/NoisySinewave.xml (RunModel)" time="0.066" />
  <testcase classname="ptolemy.util.test.junit.AutoTests" name="[19] /home/travis/build/icyphy/ptII/ptolemy/domains/sdf/test/auto/Objects.xml (RunModel)" time="0.052" />
  <testcase classname="ptolemy.util.test.junit.AutoTests" name="[20] /home/travis/build/icyphy/ptII/ptolemy/domains/sdf/test/auto/OrthogonalCom.xml (RunModel)" time="0.038" />
  <testcase classname="ptolemy.util.test.junit.AutoTests" name="[21] /home/travis/build/icyphy/ptII/ptolemy/domains/sdf/test/auto/RijndaelEncryption.xml (RunModel)" time="0.538" />
  <testcase classname="ptolemy.util.test.junit.AutoTests" name="[22] /home/travis/build/icyphy/ptII/ptolemy/domains/sdf/test/auto/SDFEmptyIterations.xml (RunModel)" time="0.042" />
  <testcase classname="ptolemy.util.test.junit.AutoTests" name="[23] /home/travis/build/icyphy/ptII/ptolemy/domains/sdf/test/auto/Spectrum.xml (RunModel)" time="0.1" />
  <testcase classname="ptolemy.util.test.junit.AutoTests" name="[24] /home/travis/build/icyphy/ptII/ptolemy/domains/sdf/test/auto/de_inside_sdf.xml (RunModel)" time="0.041" />
  <testcase classname="ptolemy.util.test.junit.AutoTests" name="[25] /home/travis/build/icyphy/ptII/ptolemy/domains/sdf/test/auto/disconnectedHierarchicalSDF.xml (RunModel)" time="0.026" />
  <testcase classname="ptolemy.util.test.junit.AutoTests" name="[26] /home/travis/build/icyphy/ptII/ptolemy/domains/sdf/test/auto/disconnectedSDF.xml (RunModel)" time="0.021" />
  <testcase classname="ptolemy.util.test.junit.AutoTests" name="[27] /home/travis/build/icyphy/ptII/ptolemy/domains/sdf/test/auto/emptyRefinement.xml (RunModel)" time="0.021" />
  <testcase classname="ptolemy.util.test.junit.AutoTests" name="[28] /home/travis/build/icyphy/ptII/ptolemy/domains/sdf/test/auto/filePortParameter.xml (RunModel)" time="0.047" />
  <testcase classname="ptolemy.util.test.junit.AutoTests" name="[29] /home/travis/build/icyphy/ptII/ptolemy/domains/sdf/test/auto/inferRelationWidth1.xml (RunModel)" time="0.017" />
  <testcase classname="ptolemy.util.test.junit.AutoTests" name="[30] /home/travis/build/icyphy/ptII/ptolemy/domains/sdf/test/auto/initProductionInference.xml (RunModel)" time="0.021" />
  <testcase classname="ptolemy.util.test.junit.AutoTests" name="[31] /home/travis/build/icyphy/ptII/ptolemy/domains/sdf/test/auto/relationGroup.xml (RunModel)" time="0.016" />
  <testcase classname="ptolemy.util.test.junit.AutoTests" name="[32] /home/travis/build/icyphy/ptII/ptolemy/domains/sdf/test/auto/relationGroup10.xml (RunModel)" time="0.016" />
  <testcase classname="ptolemy.util.test.junit.AutoTests" name="[33] /home/travis/build/icyphy/ptII/ptolemy/domains/sdf/test/auto/relationGroup11.xml (RunModel)" time="0.018" />
  <testcase classname="ptolemy.util.test.junit.AutoTests" name="[34] /home/travis/build/icyphy/ptII/ptolemy/domains/sdf/test/auto/relationGroup12.xml (RunModel)" time="0.02" />
  <testcase classname="ptolemy.util.test.junit.AutoTests" name="[35] /home/travis/build/icyphy/ptII/ptolemy/domains/sdf/test/auto/relationGroup13.xml (RunModel)" time="0.017" />
  <testcase classname="ptolemy.util.test.junit.AutoTests" name="[36] /home/travis/build/icyphy/ptII/ptolemy/domains/sdf/test/auto/relationGroup14.xml (RunModel)" time="0.024" />
  <testcase classname="ptolemy.util.test.junit.AutoTests" name="[37] /home/travis/build/icyphy/ptII/ptolemy/domains/sdf/test/auto/relationGroup15.xml (RunModel)" time="0.016" />
  <testcase classname="ptolemy.util.test.junit.AutoTests" name="[38] /home/travis/build/icyphy/ptII/ptolemy/domains/sdf/test/auto/relationGroup2.xml (RunModel)" time="0.017" />
  <testcase classname="ptolemy.util.test.junit.AutoTests" name="[39] /home/travis/build/icyphy/ptII/ptolemy/domains/sdf/test/auto/relationGroup3.xml (RunModel)" time="0.015" />
  <testcase classname="ptolemy.util.test.junit.AutoTests" name="[40] /home/travis/build/icyphy/ptII/ptolemy/domains/sdf/test/auto/relationGroup4.xml (RunModel)" time="0.017" />
  <testcase classname="ptolemy.util.test.junit.AutoTests" name="[41] /home/travis/build/icyphy/ptII/ptolemy/domains/sdf/test/auto/relationGroup5.xml (RunModel)" time="0.015" />
  <testcase classname="ptolemy.util.test.junit.AutoTests" name="[42] /home/travis/build/icyphy/ptII/ptolemy/domains/sdf/test/auto/relationGroup6.xml (RunModel)" time="0.011" />
  <testcase classname="ptolemy.util.test.junit.AutoTests" name="[43] /home/travis/build/icyphy/ptII/ptolemy/domains/sdf/test/auto/relationGroup7.xml (RunModel)" time="0.015" />
  <testcase classname="ptolemy.util.test.junit.AutoTests" name="[44] /home/travis/build/icyphy/ptII/ptolemy/domains/sdf/test/auto/relationGroup8.xml (RunModel)" time="0.022" />
  <testcase classname="ptolemy.util.test.junit.AutoTests" name="[45] /home/travis/build/icyphy/ptII/ptolemy/domains/sdf/test/auto/relationGroup9.xml (RunModel)" time="0.014" />
  <testcase classname="ptolemy.util.test.junit.AutoTests" name="[46] /home/travis/build/icyphy/ptII/ptolemy/domains/sdf/test/auto/sdf_inside_de.xml (RunModel)" time="0.044" />
  <testcase classname="ptolemy.util.test.junit.AutoTests" name="[47] /home/travis/build/icyphy/ptII/ptolemy/domains/sdf/test/auto/sdf_inside_pn.xml (RunModel)" time="0.042" />
  <testcase classname="ptolemy.util.test.junit.AutoTests" name="[48] /home/travis/build/icyphy/ptII/ptolemy/domains/sdf/test/auto/sdf_sdf1.xml (RunModel)" time="0.017" />
  <testcase classname="ptolemy.util.test.junit.AutoTests" name="[49] /home/travis/build/icyphy/ptII/ptolemy/domains/sdf/test/auto/test1.xml (RunModel)" time="0.015" />
  <testcase classname="ptolemy.util.test.junit.AutoTests" name="[50] /home/travis/build/icyphy/ptII/ptolemy/domains/sdf/test/auto/time1.xml (RunModel)" time="0.01" />
  <testcase classname="ptolemy.util.test.junit.AutoTests" name="[51] /home/travis/build/icyphy/ptII/ptolemy/domains/sdf/test/auto/time2.xml (RunModel)" time="0.01" />
  <testcase classname="ptolemy.util.test.junit.AutoTests" name="[52] /home/travis/build/icyphy/ptII/ptolemy/domains/sdf/test/auto/time3.xml (RunModel)" time="0.02" />
  <testcase classname="ptolemy.util.test.junit.AutoTests" name="[53] /home/travis/build/icyphy/ptII/ptolemy/domains/sdf/test/auto/time4.xml (RunModel)" time="0.016" />
  <testcase classname="ptolemy.util.test.junit.AutoTests" name="[54] /home/travis/build/icyphy/ptII/ptolemy/domains/sdf/test/auto/time5.xml (RunModel)" time="4.008" />
  <testcase classname="ptolemy.util.test.junit.AutoTests" name="[55] /home/travis/build/icyphy/ptII/ptolemy/domains/sdf/test/auto/typeSystem_Const_Integer_smallest_Type.xml (RunModel)" time="0.028" />
  <testcase classname="ptolemy.util.test.junit.AutoTests" name="[56] /home/travis/build/icyphy/ptII/ptolemy/domains/sdf/test/auto/typeSystem_declared_Inports_OutportTypeException.xml (RunModel)" time="0.016" />
  <testcase classname="ptolemy.util.test.junit.AutoTests" name="[57] /home/travis/build/icyphy/ptII/ptolemy/domains/sdf/test/auto/typeSystem_oneDeclaredInportType_wrongTypeOutport.xml (RunModel)" time="0.016" />
  <testcase classname="ptolemy.util.test.junit.AutoTests" name="[58] /home/travis/build/icyphy/ptII/ptolemy/domains/sdf/test/auto/width.xml (RunModel)" time="0.011" />
  <testcase classname="ptolemy.util.test.junit.AutoTests" name="[59] /home/travis/build/icyphy/ptII/ptolemy/domains/sdf/test/auto/width2.xml (RunModel)" time="0.035" />
  <testcase classname="ptolemy.util.test.junit.AutoTests" name="[60] /home/travis/build/icyphy/ptII/ptolemy/domains/sdf/test/auto/width3.xml (RunModel)" time="0.039" />
  <system-out><![CDATA[/home/travis/build/icyphy/ptII/ptolemy/domains/sdf/test/SDFSchedulerErrors.tcl
testDefs.tcl: setting time out to 9000 seconds at Tue Mar 26 03:56:26 UTC 2019
18 ms. Memory: 116224K Free: 109141K (94%)
5 ms. Memory: 116224K Free: 101874K (88%)
5 ms. Memory: 116224K Free: 95520K (82%)
6 ms. Memory: 116224K Free: 92456K (80%)
/home/travis/build/icyphy/ptII/ptolemy/domains/sdf/test/composition.tcl
24 ms. Memory: 116224K Free: 88859K (76%)
6 ms. Memory: 116224K Free: 87065K (75%)
/home/travis/build/icyphy/ptII/ptolemy/domains/sdf/test/cycle.tcl
.Toplevel.Director Preinitializing ...
Invoking preinitialize():  .Toplevel.Actor1
Invoking preinitialize():  .Toplevel.Actor2
Invoking preinitialize():  .Toplevel.Delay
.Toplevel.Director Finished preinitialize().
### Schedule:
Execute Schedule{
Fire Actor ptolemy.domains.sdf.kernel.test.SDFTestDelay {.Toplevel.Actor1}
Fire Actor ptolemy.domains.sdf.kernel.test.SDFTestDelay {.Toplevel.Actor2}
Fire Actor ptolemy.domains.sdf.lib.SampleDelay {.Toplevel.Delay}
}
### End schedule
Called initialize().
Invoking initialize():  .Toplevel.Actor1
Initializing actor: .Toplevel.Actor1.
Invoking initialize():  .Toplevel.Actor2
Initializing actor: .Toplevel.Actor2.
Invoking initialize():  .Toplevel.Delay
Initializing actor: .Toplevel.Delay.
Director: Called prefire().
-- Setting current time to 0.0
Director prefire returns true.
The actor .Toplevel.Actor1 will be iterated.
The actor .Toplevel.Actor1 was iterated.
The actor .Toplevel.Actor2 will be iterated.
The actor .Toplevel.Actor2 was iterated.
The actor .Toplevel.Delay will be iterated.
The actor .Toplevel.Delay was iterated.
Director: Called postfire().
Postfire returns: true
Director: Called prefire().
-- Setting current time to 0.0
Director prefire returns true.
The actor .Toplevel.Actor1 will be iterated.
The actor .Toplevel.Actor1 was iterated.
The actor .Toplevel.Actor2 will be iterated.
The actor .Toplevel.Actor2 was iterated.
The actor .Toplevel.Delay will be iterated.
The actor .Toplevel.Delay was iterated.
Director: Called postfire().
Postfire returns: true
Director: Called prefire().
-- Setting current time to 0.0
Director prefire returns true.
The actor .Toplevel.Actor1 will be iterated.
The actor .Toplevel.Actor1 was iterated.
The actor .Toplevel.Actor2 will be iterated.
The actor .Toplevel.Actor2 was iterated.
The actor .Toplevel.Delay will be iterated.
The actor .Toplevel.Delay was iterated.
Director: Called postfire().
Postfire returns: true
Director: Called prefire().
-- Setting current time to 0.0
Director prefire returns true.
The actor .Toplevel.Actor1 will be iterated.
The actor .Toplevel.Actor1 was iterated.
The actor .Toplevel.Actor2 will be iterated.
The actor .Toplevel.Actor2 was iterated.
The actor .Toplevel.Delay will be iterated.
The actor .Toplevel.Delay was iterated.
Director: Called postfire().
Postfire returns: true
Director: Called prefire().
-- Setting current time to 0.0
Director prefire returns true.
The actor .Toplevel.Actor1 will be iterated.
The actor .Toplevel.Actor1 was iterated.
The actor .Toplevel.Actor2 will be iterated.
The actor .Toplevel.Actor2 was iterated.
The actor .Toplevel.Delay will be iterated.
The actor .Toplevel.Delay was iterated.
Director: Called postfire().
Postfire returns: true
Director: Called prefire().
-- Setting current time to 0.0
Director prefire returns true.
The actor .Toplevel.Actor1 will be iterated.
The actor .Toplevel.Actor1 was iterated.
The actor .Toplevel.Actor2 will be iterated.
The actor .Toplevel.Actor2 was iterated.
The actor .Toplevel.Delay will be iterated.
The actor .Toplevel.Delay was iterated.
Reached specified number of iterations: 6
Director: Called wrapup().
6 ms. Memory: 116224K Free: 84665K (73%)
03/26/19 03:56:27
Failed: 0  Total Tests: 8  ((Passed: 8, Newly Passed: 0)  Known Failed: 0) /home/travis/build/icyphy/ptII/ptolemy/domains/sdf/test
No auto/knownFailedTests/*.xml tests in /home/travis/build/icyphy/ptII/ptolemy/domains/sdf/test
No auto/linux-amd64/*.xml tests in /home/travis/build/icyphy/ptII/ptolemy/domains/sdf/test
AutoTests.java: About to close Vertx.
AutoTests.java: Vertx closed.

===========================================================================================
----------------- testing Tue Mar 26 03:56:27 UTC 2019 /home/travis/build/icyphy/ptII/ptolemy/domains/sdf/test/auto/Array.xml
----------------- Instantiating /home/travis/build/icyphy/ptII/ptolemy/domains/sdf/test/auto/Array.xml
26 ms. Memory: 116224K Free: 82244K (71%)
----------------- Invoking toplevel() on ptolemy.moml.MoMLSimpleApplication@2c8bae00
----------------- Done invoking toplevel() on ptolemy.moml.MoMLSimpleApplication@2c8bae00
reloadAllAccessors: .Array

===========================================================================================
----------------- testing Tue Mar 26 03:56:27 UTC 2019 /home/travis/build/icyphy/ptII/ptolemy/domains/sdf/test/auto/Butterfly.xml
----------------- Instantiating /home/travis/build/icyphy/ptII/ptolemy/domains/sdf/test/auto/Butterfly.xml
87 ms. Memory: 116224K Free: 105213K (91%)
----------------- Invoking toplevel() on ptolemy.moml.MoMLSimpleApplication@f33859f
----------------- Done invoking toplevel() on ptolemy.moml.MoMLSimpleApplication@f33859f
reloadAllAccessors: .Butterfly

===========================================================================================
----------------- testing Tue Mar 26 03:56:28 UTC 2019 /home/travis/build/icyphy/ptII/ptolemy/domains/sdf/test/auto/Expression.xml
----------------- Instantiating /home/travis/build/icyphy/ptII/ptolemy/domains/sdf/test/auto/Expression.xml
37 ms. Memory: 116224K Free: 99965K (86%)
----------------- Invoking toplevel() on ptolemy.moml.MoMLSimpleApplication@200aabd
----------------- Done invoking toplevel() on ptolemy.moml.MoMLSimpleApplication@200aabd
reloadAllAccessors: .Expression

===========================================================================================
----------------- testing Tue Mar 26 03:56:28 UTC 2019 /home/travis/build/icyphy/ptII/ptolemy/domains/sdf/test/auto/Eye.xml
----------------- Instantiating /home/travis/build/icyphy/ptII/ptolemy/domains/sdf/test/auto/Eye.xml
266 ms. Memory: 146944K Free: 134874K (92%)
----------------- Invoking toplevel() on ptolemy.moml.MoMLSimpleApplication@7c2c80c7
----------------- Done invoking toplevel() on ptolemy.moml.MoMLSimpleApplication@7c2c80c7
reloadAllAccessors: .Eye

===========================================================================================
----------------- testing Tue Mar 26 03:56:28 UTC 2019 /home/travis/build/icyphy/ptII/ptolemy/domains/sdf/test/auto/FixFIR.xml
----------------- Instantiating /home/travis/build/icyphy/ptII/ptolemy/domains/sdf/test/auto/FixFIR.xml
144 ms. Memory: 146944K Free: 98628K (67%)
----------------- Invoking toplevel() on ptolemy.moml.MoMLSimpleApplication@4d4949a6
----------------- Done invoking toplevel() on ptolemy.moml.MoMLSimpleApplication@4d4949a6
reloadAllAccessors: .FixFIR

===========================================================================================
----------------- testing Tue Mar 26 03:56:28 UTC 2019 /home/travis/build/icyphy/ptII/ptolemy/domains/sdf/test/auto/FixPoint.xml
----------------- Instantiating /home/travis/build/icyphy/ptII/ptolemy/domains/sdf/test/auto/FixPoint.xml
15 ms. Memory: 146944K Free: 94458K (64%)
----------------- Invoking toplevel() on ptolemy.moml.MoMLSimpleApplication@f43ff84
----------------- Done invoking toplevel() on ptolemy.moml.MoMLSimpleApplication@f43ff84
reloadAllAccessors: .FixPoint

===========================================================================================
----------------- testing Tue Mar 26 03:56:28 UTC 2019 /home/travis/build/icyphy/ptII/ptolemy/domains/sdf/test/auto/Gravitation.xml
----------------- Instantiating /home/travis/build/icyphy/ptII/ptolemy/domains/sdf/test/auto/Gravitation.xml
3149 ms. Memory: 209408K Free: 188520K (90%)
----------------- Invoking toplevel() on ptolemy.moml.MoMLSimpleApplication@741abcc7
----------------- Done invoking toplevel() on ptolemy.moml.MoMLSimpleApplication@741abcc7
reloadAllAccessors: .Gravitation

===========================================================================================
----------------- testing Tue Mar 26 03:56:32 UTC 2019 /home/travis/build/icyphy/ptII/ptolemy/domains/sdf/test/auto/GravitationWithCollisionDetection.xml
----------------- Instantiating /home/travis/build/icyphy/ptII/ptolemy/domains/sdf/test/auto/GravitationWithCollisionDetection.xml
5982 ms. Memory: 714752K Free: 694297K (97%)
----------------- Invoking toplevel() on ptolemy.moml.MoMLSimpleApplication@5e41bc1f
----------------- Done invoking toplevel() on ptolemy.moml.MoMLSimpleApplication@5e41bc1f
reloadAllAccessors: .GravitationWithCollisionDetection

===========================================================================================
----------------- testing Tue Mar 26 03:56:38 UTC 2019 /home/travis/build/icyphy/ptII/ptolemy/domains/sdf/test/auto/HDF.xml
----------------- Instantiating /home/travis/build/icyphy/ptII/ptolemy/domains/sdf/test/auto/HDF.xml
41 ms. Memory: 714752K Free: 669515K (94%)
----------------- Invoking toplevel() on ptolemy.moml.MoMLSimpleApplication@4ab5782f
----------------- Done invoking toplevel() on ptolemy.moml.MoMLSimpleApplication@4ab5782f
reloadAllAccessors: .HDF

===========================================================================================
----------------- testing Tue Mar 26 03:56:38 UTC 2019 /home/travis/build/icyphy/ptII/ptolemy/domains/sdf/test/auto/HDFwithTransientStates.xml
----------------- Instantiating /home/travis/build/icyphy/ptII/ptolemy/domains/sdf/test/auto/HDFwithTransientStates.xml
32 ms. Memory: 714752K Free: 644285K (90%)
----------------- Invoking toplevel() on ptolemy.moml.MoMLSimpleApplication@4eab130d
----------------- Done invoking toplevel() on ptolemy.moml.MoMLSimpleApplication@4eab130d
reloadAllAccessors: .HDFwithTransientStates

===========================================================================================
----------------- testing Tue Mar 26 03:56:38 UTC 2019 /home/travis/build/icyphy/ptII/ptolemy/domains/sdf/test/auto/HTVQ.xml
----------------- Instantiating /home/travis/build/icyphy/ptII/ptolemy/domains/sdf/test/auto/HTVQ.xml
847 ms. Memory: 714752K Free: 475077K (66%)
----------------- Invoking toplevel() on ptolemy.moml.MoMLSimpleApplication@13b4031d
----------------- Done invoking toplevel() on ptolemy.moml.MoMLSimpleApplication@13b4031d
reloadAllAccessors: .HTVQ

===========================================================================================
----------------- testing Tue Mar 26 03:56:39 UTC 2019 /home/travis/build/icyphy/ptII/ptolemy/domains/sdf/test/auto/InferInitProduction.xml
----------------- Instantiating /home/travis/build/icyphy/ptII/ptolemy/domains/sdf/test/auto/InferInitProduction.xml
10 ms. Memory: 714752K Free: 462543K (65%)
----------------- Invoking toplevel() on ptolemy.moml.MoMLSimpleApplication@306cf70b
----------------- Done invoking toplevel() on ptolemy.moml.MoMLSimpleApplication@306cf70b
reloadAllAccessors: .InferInitProduction

===========================================================================================
----------------- testing Tue Mar 26 03:56:39 UTC 2019 /home/travis/build/icyphy/ptII/ptolemy/domains/sdf/test/auto/InferInitProductionDeeper.xml
----------------- Instantiating /home/travis/build/icyphy/ptII/ptolemy/domains/sdf/test/auto/InferInitProductionDeeper.xml
5 ms. Memory: 714752K Free: 450009K (63%)
----------------- Invoking toplevel() on ptolemy.moml.MoMLSimpleApplication@7fa5bb05
----------------- Done invoking toplevel() on ptolemy.moml.MoMLSimpleApplication@7fa5bb05
reloadAllAccessors: .InferInitProductionDeeper

===========================================================================================
----------------- testing Tue Mar 26 03:56:39 UTC 2019 /home/travis/build/icyphy/ptII/ptolemy/domains/sdf/test/auto/LMSAdaptive.xml
----------------- Instantiating /home/travis/build/icyphy/ptII/ptolemy/domains/sdf/test/auto/LMSAdaptive.xml
7 ms. Memory: 714752K Free: 431209K (60%)
----------------- Invoking toplevel() on ptolemy.moml.MoMLSimpleApplication@3af70c01
----------------- Done invoking toplevel() on ptolemy.moml.MoMLSimpleApplication@3af70c01
reloadAllAccessors: .LMSAdaptive

===========================================================================================
----------------- testing Tue Mar 26 03:56:39 UTC 2019 /home/travis/build/icyphy/ptII/ptolemy/domains/sdf/test/auto/LogisticMap.xml
----------------- Instantiating /home/travis/build/icyphy/ptII/ptolemy/domains/sdf/test/auto/LogisticMap.xml
441 ms. Memory: 714752K Free: 418675K (59%)
----------------- Invoking toplevel() on ptolemy.moml.MoMLSimpleApplication@2a76dc25
----------------- Done invoking toplevel() on ptolemy.moml.MoMLSimpleApplication@2a76dc25
reloadAllAccessors: .LogisticMap

===========================================================================================
----------------- testing Tue Mar 26 03:56:40 UTC 2019 /home/travis/build/icyphy/ptII/ptolemy/domains/sdf/test/auto/MaximumEntropySpectrum.xml
----------------- Instantiating /home/travis/build/icyphy/ptII/ptolemy/domains/sdf/test/auto/MaximumEntropySpectrum.xml
66 ms. Memory: 714752K Free: 349659K (49%)
----------------- Invoking toplevel() on ptolemy.moml.MoMLSimpleApplication@15b8bb44
----------------- Done invoking toplevel() on ptolemy.moml.MoMLSimpleApplication@15b8bb44
reloadAllAccessors: .MaximumEntropySpectrum

===========================================================================================
----------------- testing Tue Mar 26 03:56:40 UTC 2019 /home/travis/build/icyphy/ptII/ptolemy/domains/sdf/test/auto/MultirateSDF.xml
----------------- Instantiating /home/travis/build/icyphy/ptII/ptolemy/domains/sdf/test/auto/MultirateSDF.xml
17 ms. Memory: 714752K Free: 328176K (46%)
----------------- Invoking toplevel() on ptolemy.moml.MoMLSimpleApplication@1d7a284
----------------- Done invoking toplevel() on ptolemy.moml.MoMLSimpleApplication@1d7a284
reloadAllAccessors: .MultirateSDF

===========================================================================================
----------------- testing Tue Mar 26 03:56:40 UTC 2019 /home/travis/build/icyphy/ptII/ptolemy/domains/sdf/test/auto/MultirateSDFwithTransientStates.xml
----------------- Instantiating /home/travis/build/icyphy/ptII/ptolemy/domains/sdf/test/auto/MultirateSDFwithTransientStates.xml
24 ms. Memory: 714752K Free: 303093K (42%)
----------------- Invoking toplevel() on ptolemy.moml.MoMLSimpleApplication@28db1ca9
----------------- Done invoking toplevel() on ptolemy.moml.MoMLSimpleApplication@28db1ca9
reloadAllAccessors: .MultirateSDFwithTransientStates

===========================================================================================
----------------- testing Tue Mar 26 03:56:40 UTC 2019 /home/travis/build/icyphy/ptII/ptolemy/domains/sdf/test/auto/NoisySinewave.xml
----------------- Instantiating /home/travis/build/icyphy/ptII/ptolemy/domains/sdf/test/auto/NoisySinewave.xml
16 ms. Memory: 714752K Free: 278025K (39%)
----------------- Invoking toplevel() on ptolemy.moml.MoMLSimpleApplication@42117ba8
----------------- Done invoking toplevel() on ptolemy.moml.MoMLSimpleApplication@42117ba8
reloadAllAccessors: .NoisySinewave

===========================================================================================
----------------- testing Tue Mar 26 03:56:40 UTC 2019 /home/travis/build/icyphy/ptII/ptolemy/domains/sdf/test/auto/Objects.xml
----------------- Instantiating /home/travis/build/icyphy/ptII/ptolemy/domains/sdf/test/auto/Objects.xml
2 ms. Memory: 714752K Free: 259208K (36%)
----------------- Invoking toplevel() on ptolemy.moml.MoMLSimpleApplication@5c4ef3ca
----------------- Done invoking toplevel() on ptolemy.moml.MoMLSimpleApplication@5c4ef3ca
reloadAllAccessors: .Objects

===========================================================================================
----------------- testing Tue Mar 26 03:56:40 UTC 2019 /home/travis/build/icyphy/ptII/ptolemy/domains/sdf/test/auto/OrthogonalCom.xml
----------------- Instantiating /home/travis/build/icyphy/ptII/ptolemy/domains/sdf/test/auto/OrthogonalCom.xml
5 ms. Memory: 714752K Free: 240392K (34%)
----------------- Invoking toplevel() on ptolemy.moml.MoMLSimpleApplication@876c9eb
----------------- Done invoking toplevel() on ptolemy.moml.MoMLSimpleApplication@876c9eb
reloadAllAccessors: .OrthogonalCom

===========================================================================================
----------------- testing Tue Mar 26 03:56:40 UTC 2019 /home/travis/build/icyphy/ptII/ptolemy/domains/sdf/test/auto/RijndaelEncryption.xml
----------------- Instantiating /home/travis/build/icyphy/ptII/ptolemy/domains/sdf/test/auto/RijndaelEncryption.xml
290 ms. Memory: 714752K Free: 79371K (11%)
----------------- Invoking toplevel() on ptolemy.moml.MoMLSimpleApplication@326c5530
----------------- Done invoking toplevel() on ptolemy.moml.MoMLSimpleApplication@326c5530
reloadAllAccessors: .RijndaelEncryption

===========================================================================================
----------------- testing Tue Mar 26 03:56:41 UTC 2019 /home/travis/build/icyphy/ptII/ptolemy/domains/sdf/test/auto/SDFEmptyIterations.xml
----------------- Instantiating /home/travis/build/icyphy/ptII/ptolemy/domains/sdf/test/auto/SDFEmptyIterations.xml
16 ms. Memory: 678912K Free: 657723K (97%)
----------------- Invoking toplevel() on ptolemy.moml.MoMLSimpleApplication@188a4afd
----------------- Done invoking toplevel() on ptolemy.moml.MoMLSimpleApplication@188a4afd
reloadAllAccessors: .SDFEmptyIterations

===========================================================================================
----------------- testing Tue Mar 26 03:56:41 UTC 2019 /home/travis/build/icyphy/ptII/ptolemy/domains/sdf/test/auto/Spectrum.xml
----------------- Instantiating /home/travis/build/icyphy/ptII/ptolemy/domains/sdf/test/auto/Spectrum.xml
32 ms. Memory: 678912K Free: 626181K (92%)
----------------- Invoking toplevel() on ptolemy.moml.MoMLSimpleApplication@5a0a9a36
----------------- Done invoking toplevel() on ptolemy.moml.MoMLSimpleApplication@5a0a9a36
reloadAllAccessors: .Spectrum

===========================================================================================
----------------- testing Tue Mar 26 03:56:41 UTC 2019 /home/travis/build/icyphy/ptII/ptolemy/domains/sdf/test/auto/de_inside_sdf.xml
----------------- Instantiating /home/travis/build/icyphy/ptII/ptolemy/domains/sdf/test/auto/de_inside_sdf.xml
6 ms. Memory: 678912K Free: 614241K (90%)
----------------- Invoking toplevel() on ptolemy.moml.MoMLSimpleApplication@451288cf
----------------- Done invoking toplevel() on ptolemy.moml.MoMLSimpleApplication@451288cf
reloadAllAccessors: .de_inside_sdf

===========================================================================================
----------------- testing Tue Mar 26 03:56:41 UTC 2019 /home/travis/build/icyphy/ptII/ptolemy/domains/sdf/test/auto/disconnectedHierarchicalSDF.xml
----------------- Instantiating /home/travis/build/icyphy/ptII/ptolemy/domains/sdf/test/auto/disconnectedHierarchicalSDF.xml
7 ms. Memory: 678912K Free: 602302K (89%)
----------------- Invoking toplevel() on ptolemy.moml.MoMLSimpleApplication@699338e
----------------- Done invoking toplevel() on ptolemy.moml.MoMLSimpleApplication@699338e
reloadAllAccessors: .disconnectedHierarchicalSDF

===========================================================================================
----------------- testing Tue Mar 26 03:56:41 UTC 2019 /home/travis/build/icyphy/ptII/ptolemy/domains/sdf/test/auto/disconnectedSDF.xml
----------------- Instantiating /home/travis/build/icyphy/ptII/ptolemy/domains/sdf/test/auto/disconnectedSDF.xml
3 ms. Memory: 678912K Free: 590281K (87%)
----------------- Invoking toplevel() on ptolemy.moml.MoMLSimpleApplication@63aed27e
----------------- Done invoking toplevel() on ptolemy.moml.MoMLSimpleApplication@63aed27e
reloadAllAccessors: .disconnectedSDF

===========================================================================================
----------------- testing Tue Mar 26 03:56:41 UTC 2019 /home/travis/build/icyphy/ptII/ptolemy/domains/sdf/test/auto/emptyRefinement.xml
----------------- Instantiating /home/travis/build/icyphy/ptII/ptolemy/domains/sdf/test/auto/emptyRefinement.xml
3 ms. Memory: 678912K Free: 578341K (85%)
----------------- Invoking toplevel() on ptolemy.moml.MoMLSimpleApplication@4d9f024c
----------------- Done invoking toplevel() on ptolemy.moml.MoMLSimpleApplication@4d9f024c
reloadAllAccessors: .emptyRefinement

===========================================================================================
----------------- testing Tue Mar 26 03:56:41 UTC 2019 /home/travis/build/icyphy/ptII/ptolemy/domains/sdf/test/auto/filePortParameter.xml
----------------- Instantiating /home/travis/build/icyphy/ptII/ptolemy/domains/sdf/test/auto/filePortParameter.xml
15 ms. Memory: 678912K Free: 564733K (83%)
----------------- Invoking toplevel() on ptolemy.moml.MoMLSimpleApplication@1040527f
----------------- Done invoking toplevel() on ptolemy.moml.MoMLSimpleApplication@1040527f
reloadAllAccessors: .filePortParameter

===========================================================================================
----------------- testing Tue Mar 26 03:56:41 UTC 2019 /home/travis/build/icyphy/ptII/ptolemy/domains/sdf/test/auto/inferRelationWidth1.xml
----------------- Instantiating /home/travis/build/icyphy/ptII/ptolemy/domains/sdf/test/auto/inferRelationWidth1.xml
3 ms. Memory: 678912K Free: 552793K (81%)
----------------- Invoking toplevel() on ptolemy.moml.MoMLSimpleApplication@24f3fa8b
----------------- Done invoking toplevel() on ptolemy.moml.MoMLSimpleApplication@24f3fa8b
reloadAllAccessors: .inferRelationWidth1

===========================================================================================
----------------- testing Tue Mar 26 03:56:41 UTC 2019 /home/travis/build/icyphy/ptII/ptolemy/domains/sdf/test/auto/initProductionInference.xml
----------------- Instantiating /home/travis/build/icyphy/ptII/ptolemy/domains/sdf/test/auto/initProductionInference.xml
7 ms. Memory: 678912K Free: 540853K (80%)
----------------- Invoking toplevel() on ptolemy.moml.MoMLSimpleApplication@4e98d58d
----------------- Done invoking toplevel() on ptolemy.moml.MoMLSimpleApplication@4e98d58d
reloadAllAccessors: .initProductionInference

===========================================================================================
----------------- testing Tue Mar 26 03:56:41 UTC 2019 /home/travis/build/icyphy/ptII/ptolemy/domains/sdf/test/auto/relationGroup.xml
----------------- Instantiating /home/travis/build/icyphy/ptII/ptolemy/domains/sdf/test/auto/relationGroup.xml
2 ms. Memory: 678912K Free: 528913K (78%)
----------------- Invoking toplevel() on ptolemy.moml.MoMLSimpleApplication@38acf322
----------------- Done invoking toplevel() on ptolemy.moml.MoMLSimpleApplication@38acf322
reloadAllAccessors: .relationGroup

===========================================================================================
----------------- testing Tue Mar 26 03:56:41 UTC 2019 /home/travis/build/icyphy/ptII/ptolemy/domains/sdf/test/auto/relationGroup10.xml
----------------- Instantiating /home/travis/build/icyphy/ptII/ptolemy/domains/sdf/test/auto/relationGroup10.xml
2 ms. Memory: 678912K Free: 515305K (76%)
----------------- Invoking toplevel() on ptolemy.moml.MoMLSimpleApplication@7dabcf0e
----------------- Done invoking toplevel() on ptolemy.moml.MoMLSimpleApplication@7dabcf0e
reloadAllAccessors: .relationGroup10

===========================================================================================
----------------- testing Tue Mar 26 03:56:41 UTC 2019 /home/travis/build/icyphy/ptII/ptolemy/domains/sdf/test/auto/relationGroup11.xml
----------------- Instantiating /home/travis/build/icyphy/ptII/ptolemy/domains/sdf/test/auto/relationGroup11.xml
5 ms. Memory: 678912K Free: 503365K (74%)
----------------- Invoking toplevel() on ptolemy.moml.MoMLSimpleApplication@376474fc
----------------- Done invoking toplevel() on ptolemy.moml.MoMLSimpleApplication@376474fc
reloadAllAccessors: .relationGroup11

===========================================================================================
----------------- testing Tue Mar 26 03:56:41 UTC 2019 /home/travis/build/icyphy/ptII/ptolemy/domains/sdf/test/auto/relationGroup12.xml
----------------- Instantiating /home/travis/build/icyphy/ptII/ptolemy/domains/sdf/test/auto/relationGroup12.xml
4 ms. Memory: 678912K Free: 491425K (72%)
----------------- Invoking toplevel() on ptolemy.moml.MoMLSimpleApplication@1dede754
----------------- Done invoking toplevel() on ptolemy.moml.MoMLSimpleApplication@1dede754
reloadAllAccessors: .relationGroup12

===========================================================================================
----------------- testing Tue Mar 26 03:56:41 UTC 2019 /home/travis/build/icyphy/ptII/ptolemy/domains/sdf/test/auto/relationGroup13.xml
----------------- Instantiating /home/travis/build/icyphy/ptII/ptolemy/domains/sdf/test/auto/relationGroup13.xml
7 ms. Memory: 678912K Free: 479485K (71%)
----------------- Invoking toplevel() on ptolemy.moml.MoMLSimpleApplication@2013d0be
----------------- Done invoking toplevel() on ptolemy.moml.MoMLSimpleApplication@2013d0be
reloadAllAccessors: .relationGroup13

===========================================================================================
----------------- testing Tue Mar 26 03:56:41 UTC 2019 /home/travis/build/icyphy/ptII/ptolemy/domains/sdf/test/auto/relationGroup14.xml
----------------- Instantiating /home/travis/build/icyphy/ptII/ptolemy/domains/sdf/test/auto/relationGroup14.xml
3 ms. Memory: 678912K Free: 467545K (69%)
----------------- Invoking toplevel() on ptolemy.moml.MoMLSimpleApplication@915c519
----------------- Done invoking toplevel() on ptolemy.moml.MoMLSimpleApplication@915c519
reloadAllAccessors: .relationGroup14

===========================================================================================
----------------- testing Tue Mar 26 03:56:41 UTC 2019 /home/travis/build/icyphy/ptII/ptolemy/domains/sdf/test/auto/relationGroup15.xml
----------------- Instantiating /home/travis/build/icyphy/ptII/ptolemy/domains/sdf/test/auto/relationGroup15.xml
2 ms. Memory: 678912K Free: 453937K (67%)
----------------- Invoking toplevel() on ptolemy.moml.MoMLSimpleApplication@42313532
----------------- Done invoking toplevel() on ptolemy.moml.MoMLSimpleApplication@42313532
reloadAllAccessors: .relationGroup15

===========================================================================================
----------------- testing Tue Mar 26 03:56:41 UTC 2019 /home/travis/build/icyphy/ptII/ptolemy/domains/sdf/test/auto/relationGroup2.xml
----------------- Instantiating /home/travis/build/icyphy/ptII/ptolemy/domains/sdf/test/auto/relationGroup2.xml
2 ms. Memory: 678912K Free: 441997K (65%)
----------------- Invoking toplevel() on ptolemy.moml.MoMLSimpleApplication@49012da3
----------------- Done invoking toplevel() on ptolemy.moml.MoMLSimpleApplication@49012da3
reloadAllAccessors: .relationGroup2

===========================================================================================
----------------- testing Tue Mar 26 03:56:41 UTC 2019 /home/travis/build/icyphy/ptII/ptolemy/domains/sdf/test/auto/relationGroup3.xml
----------------- Instantiating /home/travis/build/icyphy/ptII/ptolemy/domains/sdf/test/auto/relationGroup3.xml
1 ms. Memory: 678912K Free: 430057K (63%)
----------------- Invoking toplevel() on ptolemy.moml.MoMLSimpleApplication@7ff31197
----------------- Done invoking toplevel() on ptolemy.moml.MoMLSimpleApplication@7ff31197
reloadAllAccessors: .relationGroup3

===========================================================================================
----------------- testing Tue Mar 26 03:56:41 UTC 2019 /home/travis/build/icyphy/ptII/ptolemy/domains/sdf/test/auto/relationGroup4.xml
----------------- Instantiating /home/travis/build/icyphy/ptII/ptolemy/domains/sdf/test/auto/relationGroup4.xml
2 ms. Memory: 678912K Free: 418117K (62%)
----------------- Invoking toplevel() on ptolemy.moml.MoMLSimpleApplication@54f2e1f0
----------------- Done invoking toplevel() on ptolemy.moml.MoMLSimpleApplication@54f2e1f0
reloadAllAccessors: .relationGroup4

===========================================================================================
----------------- testing Tue Mar 26 03:56:41 UTC 2019 /home/travis/build/icyphy/ptII/ptolemy/domains/sdf/test/auto/relationGroup5.xml
----------------- Instantiating /home/travis/build/icyphy/ptII/ptolemy/domains/sdf/test/auto/relationGroup5.xml
4 ms. Memory: 678912K Free: 406178K (60%)
----------------- Invoking toplevel() on ptolemy.moml.MoMLSimpleApplication@66aaf2a4
----------------- Done invoking toplevel() on ptolemy.moml.MoMLSimpleApplication@66aaf2a4
reloadAllAccessors: .relationGroup5

===========================================================================================
----------------- testing Tue Mar 26 03:56:41 UTC 2019 /home/travis/build/icyphy/ptII/ptolemy/domains/sdf/test/auto/relationGroup6.xml
----------------- Instantiating /home/travis/build/icyphy/ptII/ptolemy/domains/sdf/test/auto/relationGroup6.xml
3 ms. Memory: 678912K Free: 392569K (58%)
----------------- Invoking toplevel() on ptolemy.moml.MoMLSimpleApplication@3b9118b5
----------------- Done invoking toplevel() on ptolemy.moml.MoMLSimpleApplication@3b9118b5
reloadAllAccessors: .relationGroup6

===========================================================================================
----------------- testing Tue Mar 26 03:56:41 UTC 2019 /home/travis/build/icyphy/ptII/ptolemy/domains/sdf/test/auto/relationGroup7.xml
----------------- Instantiating /home/travis/build/icyphy/ptII/ptolemy/domains/sdf/test/auto/relationGroup7.xml
5 ms. Memory: 678912K Free: 380629K (56%)
----------------- Invoking toplevel() on ptolemy.moml.MoMLSimpleApplication@6ca0100f
----------------- Done invoking toplevel() on ptolemy.moml.MoMLSimpleApplication@6ca0100f
reloadAllAccessors: .relationGroup7

===========================================================================================
----------------- testing Tue Mar 26 03:56:41 UTC 2019 /home/travis/build/icyphy/ptII/ptolemy/domains/sdf/test/auto/relationGroup8.xml
----------------- Instantiating /home/travis/build/icyphy/ptII/ptolemy/domains/sdf/test/auto/relationGroup8.xml
2 ms. Memory: 678912K Free: 368689K (54%)
----------------- Invoking toplevel() on ptolemy.moml.MoMLSimpleApplication@124074e5
----------------- Done invoking toplevel() on ptolemy.moml.MoMLSimpleApplication@124074e5
reloadAllAccessors: .relationGroup8

===========================================================================================
----------------- testing Tue Mar 26 03:56:41 UTC 2019 /home/travis/build/icyphy/ptII/ptolemy/domains/sdf/test/auto/relationGroup9.xml
----------------- Instantiating /home/travis/build/icyphy/ptII/ptolemy/domains/sdf/test/auto/relationGroup9.xml
2 ms. Memory: 678912K Free: 356749K (53%)
----------------- Invoking toplevel() on ptolemy.moml.MoMLSimpleApplication@4cc96e5b
----------------- Done invoking toplevel() on ptolemy.moml.MoMLSimpleApplication@4cc96e5b
reloadAllAccessors: .relationGroup9

===========================================================================================
----------------- testing Tue Mar 26 03:56:41 UTC 2019 /home/travis/build/icyphy/ptII/ptolemy/domains/sdf/test/auto/sdf_inside_de.xml
----------------- Instantiating /home/travis/build/icyphy/ptII/ptolemy/domains/sdf/test/auto/sdf_inside_de.xml
18 ms. Memory: 678912K Free: 338840K (50%)
----------------- Invoking toplevel() on ptolemy.moml.MoMLSimpleApplication@2ebc383a
----------------- Done invoking toplevel() on ptolemy.moml.MoMLSimpleApplication@2ebc383a
reloadAllAccessors: .sdf_inside_de

===========================================================================================
----------------- testing Tue Mar 26 03:56:41 UTC 2019 /home/travis/build/icyphy/ptII/ptolemy/domains/sdf/test/auto/sdf_inside_pn.xml
----------------- Instantiating /home/travis/build/icyphy/ptII/ptolemy/domains/sdf/test/auto/sdf_inside_pn.xml
19 ms. Memory: 678912K Free: 295382K (44%)
----------------- Invoking toplevel() on ptolemy.moml.MoMLSimpleApplication@19216a31
----------------- Done invoking toplevel() on ptolemy.moml.MoMLSimpleApplication@19216a31
reloadAllAccessors: .sdf_inside_pn

===========================================================================================
----------------- testing Tue Mar 26 03:56:41 UTC 2019 /home/travis/build/icyphy/ptII/ptolemy/domains/sdf/test/auto/sdf_sdf1.xml
----------------- Instantiating /home/travis/build/icyphy/ptII/ptolemy/domains/sdf/test/auto/sdf_sdf1.xml
3 ms. Memory: 678912K Free: 283442K (42%)
----------------- Invoking toplevel() on ptolemy.moml.MoMLSimpleApplication@6d2a33ad
----------------- Done invoking toplevel() on ptolemy.moml.MoMLSimpleApplication@6d2a33ad
reloadAllAccessors: .sdf_sdf1

===========================================================================================
----------------- testing Tue Mar 26 03:56:41 UTC 2019 /home/travis/build/icyphy/ptII/ptolemy/domains/sdf/test/auto/test1.xml
----------------- Instantiating /home/travis/build/icyphy/ptII/ptolemy/domains/sdf/test/auto/test1.xml
3 ms. Memory: 678912K Free: 271502K (40%)
----------------- Invoking toplevel() on ptolemy.moml.MoMLSimpleApplication@5685bdbc
----------------- Done invoking toplevel() on ptolemy.moml.MoMLSimpleApplication@5685bdbc
reloadAllAccessors: .test1

===========================================================================================
----------------- testing Tue Mar 26 03:56:41 UTC 2019 /home/travis/build/icyphy/ptII/ptolemy/domains/sdf/test/auto/time1.xml
----------------- Instantiating /home/travis/build/icyphy/ptII/ptolemy/domains/sdf/test/auto/time1.xml
2 ms. Memory: 678912K Free: 259562K (38%)
----------------- Invoking toplevel() on ptolemy.moml.MoMLSimpleApplication@121dad
----------------- Done invoking toplevel() on ptolemy.moml.MoMLSimpleApplication@121dad
reloadAllAccessors: .time1

===========================================================================================
----------------- testing Tue Mar 26 03:56:41 UTC 2019 /home/travis/build/icyphy/ptII/ptolemy/domains/sdf/test/auto/time2.xml
----------------- Instantiating /home/travis/build/icyphy/ptII/ptolemy/domains/sdf/test/auto/time2.xml
2 ms. Memory: 678912K Free: 245953K (36%)
----------------- Invoking toplevel() on ptolemy.moml.MoMLSimpleApplication@73487d8c
----------------- Done invoking toplevel() on ptolemy.moml.MoMLSimpleApplication@73487d8c
reloadAllAccessors: .time2

===========================================================================================
----------------- testing Tue Mar 26 03:56:41 UTC 2019 /home/travis/build/icyphy/ptII/ptolemy/domains/sdf/test/auto/time3.xml
----------------- Instantiating /home/travis/build/icyphy/ptII/ptolemy/domains/sdf/test/auto/time3.xml
7 ms. Memory: 678912K Free: 234013K (34%)
----------------- Invoking toplevel() on ptolemy.moml.MoMLSimpleApplication@297920a4
----------------- Done invoking toplevel() on ptolemy.moml.MoMLSimpleApplication@297920a4
reloadAllAccessors: .time3

===========================================================================================
----------------- testing Tue Mar 26 03:56:41 UTC 2019 /home/travis/build/icyphy/ptII/ptolemy/domains/sdf/test/auto/time4.xml
----------------- Instantiating /home/travis/build/icyphy/ptII/ptolemy/domains/sdf/test/auto/time4.xml
5 ms. Memory: 678912K Free: 222074K (33%)
----------------- Invoking toplevel() on ptolemy.moml.MoMLSimpleApplication@635b8ae5
----------------- Done invoking toplevel() on ptolemy.moml.MoMLSimpleApplication@635b8ae5
reloadAllAccessors: .time4

===========================================================================================
----------------- testing Tue Mar 26 03:56:41 UTC 2019 /home/travis/build/icyphy/ptII/ptolemy/domains/sdf/test/auto/time5.xml
----------------- Instantiating /home/travis/build/icyphy/ptII/ptolemy/domains/sdf/test/auto/time5.xml
4002 ms. Memory: 678912K Free: 210134K (31%)
----------------- Invoking toplevel() on ptolemy.moml.MoMLSimpleApplication@510962c8
----------------- Done invoking toplevel() on ptolemy.moml.MoMLSimpleApplication@510962c8
reloadAllAccessors: .time5

===========================================================================================
----------------- testing Tue Mar 26 03:56:46 UTC 2019 /home/travis/build/icyphy/ptII/ptolemy/domains/sdf/test/auto/typeSystem_Const_Integer_smallest_Type.xml
----------------- Instantiating /home/travis/build/icyphy/ptII/ptolemy/domains/sdf/test/auto/typeSystem_Const_Integer_smallest_Type.xml
6 ms. Memory: 678912K Free: 198194K (29%)
----------------- Invoking toplevel() on ptolemy.moml.MoMLSimpleApplication@687e358e
----------------- Done invoking toplevel() on ptolemy.moml.MoMLSimpleApplication@687e358e
reloadAllAccessors: .typeSystem_Const_Integer_smallest_Type

===========================================================================================
----------------- testing Tue Mar 26 03:56:46 UTC 2019 /home/travis/build/icyphy/ptII/ptolemy/domains/sdf/test/auto/typeSystem_declared_Inports_OutportTypeException.xml
----------------- Instantiating /home/travis/build/icyphy/ptII/ptolemy/domains/sdf/test/auto/typeSystem_declared_Inports_OutportTypeException.xml
.typeSystem_declared_Inports_OutportTypeException.TestExceptionAttribute: initialize() was not invoked, but wrapup() was.  This is unusual, but not always a problem.  For example, exporting JNLP will do this.
2 ms. Memory: 678912K Free: 184586K (27%)
----------------- Invoking toplevel() on ptolemy.moml.MoMLSimpleApplication@8d420af
----------------- Done invoking toplevel() on ptolemy.moml.MoMLSimpleApplication@8d420af
reloadAllAccessors: .typeSystem_declared_Inports_OutportTypeException

===========================================================================================
----------------- testing Tue Mar 26 03:56:46 UTC 2019 /home/travis/build/icyphy/ptII/ptolemy/domains/sdf/test/auto/typeSystem_oneDeclaredInportType_wrongTypeOutport.xml
----------------- Instantiating /home/travis/build/icyphy/ptII/ptolemy/domains/sdf/test/auto/typeSystem_oneDeclaredInportType_wrongTypeOutport.xml
4 ms. Memory: 678912K Free: 172646K (25%)
----------------- Invoking toplevel() on ptolemy.moml.MoMLSimpleApplication@2eca24c9
----------------- Done invoking toplevel() on ptolemy.moml.MoMLSimpleApplication@2eca24c9
reloadAllAccessors: .typeSystem_oneDeclaredInportType_wrongTypeOutport

===========================================================================================
----------------- testing Tue Mar 26 03:56:46 UTC 2019 /home/travis/build/icyphy/ptII/ptolemy/domains/sdf/test/auto/width.xml
----------------- Instantiating /home/travis/build/icyphy/ptII/ptolemy/domains/sdf/test/auto/width.xml
1 ms. Memory: 678912K Free: 160706K (24%)
----------------- Invoking toplevel() on ptolemy.moml.MoMLSimpleApplication@51f25a8e
----------------- Done invoking toplevel() on ptolemy.moml.MoMLSimpleApplication@51f25a8e
reloadAllAccessors: .width

===========================================================================================
----------------- testing Tue Mar 26 03:56:46 UTC 2019 /home/travis/build/icyphy/ptII/ptolemy/domains/sdf/test/auto/width2.xml
----------------- Instantiating /home/travis/build/icyphy/ptII/ptolemy/domains/sdf/test/auto/width2.xml
27 ms. Memory: 678912K Free: 148766K (22%)
----------------- Invoking toplevel() on ptolemy.moml.MoMLSimpleApplication@2a70c24b
----------------- Done invoking toplevel() on ptolemy.moml.MoMLSimpleApplication@2a70c24b
reloadAllAccessors: .width2

===========================================================================================
----------------- testing Tue Mar 26 03:56:46 UTC 2019 /home/travis/build/icyphy/ptII/ptolemy/domains/sdf/test/auto/width3.xml
----------------- Instantiating /home/travis/build/icyphy/ptII/ptolemy/domains/sdf/test/auto/width3.xml
27 ms. Memory: 678912K Free: 135158K (20%)
----------------- Invoking toplevel() on ptolemy.moml.MoMLSimpleApplication@114ba987
----------------- Done invoking toplevel() on ptolemy.moml.MoMLSimpleApplication@114ba987
reloadAllAccessors: .width3
AutoTests.java: About to close Vertx.
AutoTests.java: Vertx closed.
]]></system-out>
  <system-err><![CDATA[java.lang.RuntimeException: Execution failed
	at ptolemy.moml.MoMLSimpleApplication$UnloadThread.run(MoMLSimpleApplication.java:402)
Caused by: ptolemy.actor.sched.NotSchedulableException: No solution exists for the balance equations.
Graph is not consistent under the SDF domain detected on external port .rateConsistency.actor.port2
  in .rateConsistency.SDF Director.Scheduler
	at ptolemy.domains.sdf.kernel.SDFScheduler._propagatePort(SDFScheduler.java:1425)
	at ptolemy.domains.sdf.kernel.SDFScheduler._solveBalanceEquations(SDFScheduler.java:710)
	at ptolemy.domains.sdf.kernel.SDFScheduler._getSchedule(SDFScheduler.java:566)
	at ptolemy.actor.sched.Scheduler.getSchedule(Scheduler.java:189)
	at ptolemy.domains.sdf.kernel.SDFDirector.createSchedule(SDFDirector.java:408)
	at ptolemy.domains.sdf.kernel.SDFDirector.preinitialize(SDFDirector.java:764)
	at ptolemy.actor.CompositeActor.preinitialize(CompositeActor.java:1828)
	at ptolemy.actor.Manager.preinitializeAndResolveTypes(Manager.java:1040)
	at ptolemy.actor.Manager.initialize(Manager.java:710)
	at ptolemy.actor.Manager.execute(Manager.java:356)
	at ptolemy.actor.Manager.run(Manager.java:1263)
	at ptolemy.actor.Manager$PtolemyRunThread.run(Manager.java:1915)
java.lang.RuntimeException: Execution failed
	at ptolemy.moml.MoMLSimpleApplication$UnloadThread.run(MoMLSimpleApplication.java:402)
Caused by: ptolemy.kernel.util.IllegalActionException: Failed to compute schedule:
  in .badRateChanges.typed composite actor.SDF Director
Because:
The SDF rate parameter may change. This is not allowed in SDF models that will be run through the code generator.  If you don't care about code generation, then you might consider setting the allowRateChanges parameter of the SDF director to false.
  in .badRateChanges.typed composite actor.Repeat.output.tokenProductionRate
	at ptolemy.domains.sdf.kernel.SDFDirector.createSchedule(SDFDirector.java:418)
	at ptolemy.domains.sdf.kernel.SDFDirector.preinitialize(SDFDirector.java:764)
	at ptolemy.actor.CompositeActor.preinitialize(CompositeActor.java:1828)
	at ptolemy.actor.Director.preinitialize(Director.java:1302)
	at ptolemy.actor.Director.preinitialize(Director.java:1257)
	at ptolemy.domains.sdf.kernel.SDFDirector.preinitialize(SDFDirector.java:763)
	at ptolemy.actor.CompositeActor.preinitialize(CompositeActor.java:1828)
	at ptolemy.actor.Manager.preinitializeAndResolveTypes(Manager.java:1040)
	at ptolemy.actor.Manager.initialize(Manager.java:710)
	at ptolemy.actor.Manager.execute(Manager.java:356)
	at ptolemy.actor.Manager.run(Manager.java:1263)
	at ptolemy.actor.Manager$PtolemyRunThread.run(Manager.java:1915)
Caused by: ptolemy.kernel.util.IllegalActionException: The SDF rate parameter may change. This is not allowed in SDF models that will be run through the code generator.  If you don't care about code generation, then you might consider setting the allowRateChanges parameter of the SDF director to false.
  in .badRateChanges.typed composite actor.Repeat.output.tokenProductionRate
	at ptolemy.domains.sdf.kernel.SDFScheduler._assertDynamicRateVariable(SDFScheduler.java:931)
	at ptolemy.domains.sdf.kernel.SDFScheduler._checkDynamicRateVariables(SDFScheduler.java:339)
	at ptolemy.domains.sdf.kernel.SDFScheduler._getSchedule(SDFScheduler.java:527)
	at ptolemy.actor.sched.Scheduler.getSchedule(Scheduler.java:189)
	at ptolemy.domains.sdf.kernel.SDFDirector.createSchedule(SDFDirector.java:408)
	... 11 more
java.lang.RuntimeException: Execution failed
	at ptolemy.moml.MoMLSimpleApplication$UnloadThread.run(MoMLSimpleApplication.java:402)
Caused by: ptolemy.kernel.util.IllegalActionException: Failed to compute schedule:
  in .badRateChanges2.typed composite actor.SDF Director
Because:
The SDF rate parameter may change. This is not allowed in SDF models that will be run through the code generator.  If you don't care about code generation, then you might consider setting the allowRateChanges parameter of the SDF director to false.
  in .badRateChanges2.typed composite actor.Repeat.output.tokenProductionRate
	at ptolemy.domains.sdf.kernel.SDFDirector.createSchedule(SDFDirector.java:418)
	at ptolemy.domains.sdf.kernel.SDFDirector.preinitialize(SDFDirector.java:764)
	at ptolemy.actor.CompositeActor.preinitialize(CompositeActor.java:1828)
	at ptolemy.actor.Director.preinitialize(Director.java:1302)
	at ptolemy.actor.Director.preinitialize(Director.java:1257)
	at ptolemy.domains.sdf.kernel.SDFDirector.preinitialize(SDFDirector.java:763)
	at ptolemy.actor.CompositeActor.preinitialize(CompositeActor.java:1828)
	at ptolemy.actor.Manager.preinitializeAndResolveTypes(Manager.java:1040)
	at ptolemy.actor.Manager.initialize(Manager.java:710)
	at ptolemy.actor.Manager.execute(Manager.java:356)
	at ptolemy.actor.Manager.run(Manager.java:1263)
	at ptolemy.actor.Manager$PtolemyRunThread.run(Manager.java:1915)
Caused by: ptolemy.kernel.util.IllegalActionException: The SDF rate parameter may change. This is not allowed in SDF models that will be run through the code generator.  If you don't care about code generation, then you might consider setting the allowRateChanges parameter of the SDF director to false.
  in .badRateChanges2.typed composite actor.Repeat.output.tokenProductionRate
	at ptolemy.domains.sdf.kernel.SDFScheduler._assertDynamicRateVariable(SDFScheduler.java:931)
	at ptolemy.domains.sdf.kernel.SDFScheduler._checkDynamicRateVariables(SDFScheduler.java:339)
	at ptolemy.domains.sdf.kernel.SDFScheduler._getSchedule(SDFScheduler.java:527)
	at ptolemy.actor.sched.Scheduler.getSchedule(Scheduler.java:189)
	at ptolemy.domains.sdf.kernel.SDFDirector.createSchedule(SDFDirector.java:408)
	... 11 more
java.lang.RuntimeException: Execution failed
	at ptolemy.moml.MoMLSimpleApplication$UnloadThread.run(MoMLSimpleApplication.java:402)
Caused by: ptolemy.actor.sched.NotSchedulableException: Actors remain that cannot be scheduled!

There are several possible reasons:
* SDF Graphs with feedback loops should have an actor with a delay in the loop, such as a SampleDelay.
* The SDF director has an "allowDisconnectedGraphs"parameter, which, when true, permits disconnected SDF graphs.
* The token consumption rate and production rates might be mismatched.
Usually, actors produce one token or consume one token on a port.  To produce or consume multiple tokens per firing, add a "tokenConsumptionRate" or "tokenProductionRate" parameter to the appropriate port.
Unscheduled actors:
.partiallyConnected.Const2 
Scheduled actors:
.partiallyConnected.Const 
  in .partiallyConnected.SDF Director.Scheduler
	at ptolemy.domains.sdf.kernel.SDFScheduler._scheduleConnectedActors(SDFScheduler.java:1828)
	at ptolemy.domains.sdf.kernel.SDFScheduler._getSchedule(SDFScheduler.java:587)
	at ptolemy.actor.sched.Scheduler.getSchedule(Scheduler.java:189)
	at ptolemy.domains.sdf.kernel.SDFDirector.createSchedule(SDFDirector.java:408)
	at ptolemy.domains.sdf.kernel.SDFDirector.preinitialize(SDFDirector.java:764)
	at ptolemy.actor.CompositeActor.preinitialize(CompositeActor.java:1828)
	at ptolemy.actor.Manager.preinitializeAndResolveTypes(Manager.java:1040)
	at ptolemy.actor.Manager.initialize(Manager.java:710)
	at ptolemy.actor.Manager.execute(Manager.java:356)
	at ptolemy.actor.Manager.run(Manager.java:1263)
	at ptolemy.actor.Manager$PtolemyRunThread.run(Manager.java:1915)
]]></system-err>
</testsuite>
