<?xml version="1.0" encoding="UTF-8" ?>
<testsuite errors="0" failures="0" hostname="travis-job-acc3e5d7-7758-41b3-a203-0598d40850d2" name="ptolemy.domains.de.test.junit.JUnitTclTest" skipped="0" tests="101" time="121.021" timestamp="2020-04-13T13:53:38">
  <properties>
[...]
</properties>
  <testcase classname="ptolemy.util.test.junit.TclTests" name="[0] /home/travis/build/icyphy/ptII/ptolemy/domains/de/test/DependencyLoop.tcl (RunTclFile)" time="0.991" />
  <testcase classname="ptolemy.util.test.junit.TclTests" name="[1] /home/travis/build/icyphy/ptII/ptolemy/domains/de/test/RunDETestsAsQSS.tcl (RunTclFile)" time="82.15" />
  <testcase classname="ptolemy.util.test.junit.AutoKnownFailedTests" name="[0] /home/travis/build/icyphy/ptII/ptolemy/domains/de/test/auto/knownFailedTests/DESDFClockTest.xml (RunModel)" time="2.039" />
  <testcase classname="ptolemy.util.test.junit.AutoKnownFailedTests" name="[1] /home/travis/build/icyphy/ptII/ptolemy/domains/de/test/auto/knownFailedTests/DirectFeedback.xml (RunModel)" time="0.015" />
  <testcase classname="ptolemy.util.test.junit.AutoKnownFailedTests" name="[2] /home/travis/build/icyphy/ptII/ptolemy/domains/de/test/auto/knownFailedTests/FSMSource.xml (RunModel)" time="0.025" />
  <testcase classname="ptolemy.util.test.junit.AutoKnownFailedTests" name="[3] /home/travis/build/icyphy/ptII/ptolemy/domains/de/test/auto/knownFailedTests/HierarchicalModel.xml (RunModel)" time="0.058" />
  <testcase classname="ptolemy.util.test.junit.AutoKnownFailedTests" name="[4] /home/travis/build/icyphy/ptII/ptolemy/domains/de/test/auto/knownFailedTests/dependencyLoop.xml (RunModel)" time="0.04" />
  <testcase classname="ptolemy.util.test.junit.AutoKnownFailedTests" name="[5] /home/travis/build/icyphy/ptII/ptolemy/domains/de/test/auto/knownFailedTests/dependencyLoop2.xml (RunModel)" time="0.038" />
  <testcase classname="ptolemy.util.test.junit.AutoNameArchTests" name="[0] ThereAreNoAutoArchTests (RunModel)" time="0.001" />
  <testcase classname="ptolemy.util.test.junit.AutoTests" name="[0] /home/travis/build/icyphy/ptII/ptolemy/domains/de/test/auto/ActorDepthCalculation_actorWithoutPorts.xml (RunModel)" time="0.024" />
  <testcase classname="ptolemy.util.test.junit.AutoTests" name="[1] /home/travis/build/icyphy/ptII/ptolemy/domains/de/test/auto/AssemblyLine.xml (RunModel)" time="0.023" />
  <testcase classname="ptolemy.util.test.junit.AutoTests" name="[2] /home/travis/build/icyphy/ptII/ptolemy/domains/de/test/auto/CQBug1.xml (RunModel)" time="0.011" />
  <testcase classname="ptolemy.util.test.junit.AutoTests" name="[3] /home/travis/build/icyphy/ptII/ptolemy/domains/de/test/auto/CancelFireAt.xml (RunModel)" time="0.01" />
  <testcase classname="ptolemy.util.test.junit.AutoTests" name="[4] /home/travis/build/icyphy/ptII/ptolemy/domains/de/test/auto/CausalityAndComposabilityAnalysis.xml (RunModel)" time="0.012" />
  <testcase classname="ptolemy.util.test.junit.AutoTests" name="[5] /home/travis/build/icyphy/ptII/ptolemy/domains/de/test/auto/CausalityInterface1.xml (RunModel)" time="0.014" />
  <testcase classname="ptolemy.util.test.junit.AutoTests" name="[6] /home/travis/build/icyphy/ptII/ptolemy/domains/de/test/auto/CausalityInterface15.xml (RunModel)" time="0.014" />
  <testcase classname="ptolemy.util.test.junit.AutoTests" name="[7] /home/travis/build/icyphy/ptII/ptolemy/domains/de/test/auto/CausalityInterface2.xml (RunModel)" time="0.012" />
  <testcase classname="ptolemy.util.test.junit.AutoTests" name="[8] /home/travis/build/icyphy/ptII/ptolemy/domains/de/test/auto/CausalityInterface3.xml (RunModel)" time="0.015" />
  <testcase classname="ptolemy.util.test.junit.AutoTests" name="[9] /home/travis/build/icyphy/ptII/ptolemy/domains/de/test/auto/ClockDrift.xml (RunModel)" time="0.03" />
  <testcase classname="ptolemy.util.test.junit.AutoTests" name="[10] /home/travis/build/icyphy/ptII/ptolemy/domains/de/test/auto/ClockDriftAndValueChange.xml (RunModel)" time="0.027" />
  <testcase classname="ptolemy.util.test.junit.AutoTests" name="[11] /home/travis/build/icyphy/ptII/ptolemy/domains/de/test/auto/ClockDriftChange.xml (RunModel)" time="0.031" />
  <testcase classname="ptolemy.util.test.junit.AutoTests" name="[12] /home/travis/build/icyphy/ptII/ptolemy/domains/de/test/auto/ComposableCausalityAnalysis.xml (RunModel)" time="0.013" />
  <testcase classname="ptolemy.util.test.junit.AutoTests" name="[13] /home/travis/build/icyphy/ptII/ptolemy/domains/de/test/auto/DEFixedPointLimitation.xml (RunModel)" time="0.008" />
  <testcase classname="ptolemy.util.test.junit.AutoTests" name="[14] /home/travis/build/icyphy/ptII/ptolemy/domains/de/test/auto/DEScheduleTest.xml (RunModel)" time="0.012" />
  <testcase classname="ptolemy.util.test.junit.AutoTests" name="[15] /home/travis/build/icyphy/ptII/ptolemy/domains/de/test/auto/DEinDEwithStartTimes.xml (RunModel)" time="0.013" />
  <testcase classname="ptolemy.util.test.junit.AutoTests" name="[16] /home/travis/build/icyphy/ptII/ptolemy/domains/de/test/auto/DEinDEwithStartTimes2.xml (RunModel)" time="0.019" />
  <testcase classname="ptolemy.util.test.junit.AutoTests" name="[17] /home/travis/build/icyphy/ptII/ptolemy/domains/de/test/auto/DateDemo.xml (RunModel)" time="0.039" />
  <testcase classname="ptolemy.util.test.junit.AutoTests" name="[18] /home/travis/build/icyphy/ptII/ptolemy/domains/de/test/auto/DateToEvent.xml (RunModel)" time="2.05" />
  <testcase classname="ptolemy.util.test.junit.AutoTests" name="[19] /home/travis/build/icyphy/ptII/ptolemy/domains/de/test/auto/DepthTest1.xml (RunModel)" time="0.013" />
  <testcase classname="ptolemy.util.test.junit.AutoTests" name="[20] /home/travis/build/icyphy/ptII/ptolemy/domains/de/test/auto/DepthTest2.xml (RunModel)" time="0.019" />
  <testcase classname="ptolemy.util.test.junit.AutoTests" name="[21] /home/travis/build/icyphy/ptII/ptolemy/domains/de/test/auto/DepthTest3.xml (RunModel)" time="0.01" />
  <testcase classname="ptolemy.util.test.junit.AutoTests" name="[22] /home/travis/build/icyphy/ptII/ptolemy/domains/de/test/auto/DepthTest4.xml (RunModel)" time="0.018" />
  <testcase classname="ptolemy.util.test.junit.AutoTests" name="[23] /home/travis/build/icyphy/ptII/ptolemy/domains/de/test/auto/DepthTest5.xml (RunModel)" time="0.019" />
  <testcase classname="ptolemy.util.test.junit.AutoTests" name="[24] /home/travis/build/icyphy/ptII/ptolemy/domains/de/test/auto/DepthTest6.xml (RunModel)" time="0.011" />
  <testcase classname="ptolemy.util.test.junit.AutoTests" name="[25] /home/travis/build/icyphy/ptII/ptolemy/domains/de/test/auto/DepthTest7.xml (RunModel)" time="0.01" />
  <testcase classname="ptolemy.util.test.junit.AutoTests" name="[26] /home/travis/build/icyphy/ptII/ptolemy/domains/de/test/auto/EventToDate.xml (RunModel)" time="3.038" />
  <testcase classname="ptolemy.util.test.junit.AutoTests" name="[27] /home/travis/build/icyphy/ptII/ptolemy/domains/de/test/auto/FSM1.xml (RunModel)" time="0.037" />
  <testcase classname="ptolemy.util.test.junit.AutoTests" name="[28] /home/travis/build/icyphy/ptII/ptolemy/domains/de/test/auto/FSM7.xml (RunModel)" time="0.042" />
  <testcase classname="ptolemy.util.test.junit.AutoTests" name="[29] /home/travis/build/icyphy/ptII/ptolemy/domains/de/test/auto/Inspection.xml (RunModel)" time="0.042" />
  <testcase classname="ptolemy.util.test.junit.AutoTests" name="[30] /home/travis/build/icyphy/ptII/ptolemy/domains/de/test/auto/Iteration.xml (RunModel)" time="0.023" />
  <testcase classname="ptolemy.util.test.junit.AutoTests" name="[31] /home/travis/build/icyphy/ptII/ptolemy/domains/de/test/auto/LineFault.xml (RunModel)" time="0.524" />
  <testcase classname="ptolemy.util.test.junit.AutoTests" name="[32] /home/travis/build/icyphy/ptII/ptolemy/domains/de/test/auto/MergeModel1Add.xml (RunModel)" time="0.039" />
  <testcase classname="ptolemy.util.test.junit.AutoTests" name="[33] /home/travis/build/icyphy/ptII/ptolemy/domains/de/test/auto/MergeModel2Add.xml (RunModel)" time="0.034" />
  <testcase classname="ptolemy.util.test.junit.AutoTests" name="[34] /home/travis/build/icyphy/ptII/ptolemy/domains/de/test/auto/MergeModel3Add.xml (RunModel)" time="0.048" />
  <testcase classname="ptolemy.util.test.junit.AutoTests" name="[35] /home/travis/build/icyphy/ptII/ptolemy/domains/de/test/auto/MergeWithoutDiscard.xml (RunModel)" time="0.009" />
  <testcase classname="ptolemy.util.test.junit.AutoTests" name="[36] /home/travis/build/icyphy/ptII/ptolemy/domains/de/test/auto/Modal1.xml (RunModel)" time="0.024" />
  <testcase classname="ptolemy.util.test.junit.AutoTests" name="[37] /home/travis/build/icyphy/ptII/ptolemy/domains/de/test/auto/Modal2.xml (RunModel)" time="0.028" />
  <testcase classname="ptolemy.util.test.junit.AutoTests" name="[38] /home/travis/build/icyphy/ptII/ptolemy/domains/de/test/auto/Modal3.xml (RunModel)" time="0.026" />
  <testcase classname="ptolemy.util.test.junit.AutoTests" name="[39] /home/travis/build/icyphy/ptII/ptolemy/domains/de/test/auto/Modal4.xml (RunModel)" time="0.033" />
  <testcase classname="ptolemy.util.test.junit.AutoTests" name="[40] /home/travis/build/icyphy/ptII/ptolemy/domains/de/test/auto/Modal5.xml (RunModel)" time="0.027" />
  <testcase classname="ptolemy.util.test.junit.AutoTests" name="[41] /home/travis/build/icyphy/ptII/ptolemy/domains/de/test/auto/Modal6.xml (RunModel)" time="0.026" />
  <testcase classname="ptolemy.util.test.junit.AutoTests" name="[42] /home/travis/build/icyphy/ptII/ptolemy/domains/de/test/auto/Modal7.xml (RunModel)" time="0.028" />
  <testcase classname="ptolemy.util.test.junit.AutoTests" name="[43] /home/travis/build/icyphy/ptII/ptolemy/domains/de/test/auto/ModalModel.xml (RunModel)" time="0.165" />
  <testcase classname="ptolemy.util.test.junit.AutoTests" name="[44] /home/travis/build/icyphy/ptII/ptolemy/domains/de/test/auto/ModalSource.xml (RunModel)" time="0.018" />
  <testcase classname="ptolemy.util.test.junit.AutoTests" name="[45] /home/travis/build/icyphy/ptII/ptolemy/domains/de/test/auto/NonInterruptibleTimerZeroDelay.xml (RunModel)" time="0.009" />
  <testcase classname="ptolemy.util.test.junit.AutoTests" name="[46] /home/travis/build/icyphy/ptII/ptolemy/domains/de/test/auto/OpenQueueingNetwork.xml (RunModel)" time="2.11" />
  <testcase classname="ptolemy.util.test.junit.AutoTests" name="[47] /home/travis/build/icyphy/ptII/ptolemy/domains/de/test/auto/OpenQueuingNetwork.xml (RunModel)" time="0.269" />
  <testcase classname="ptolemy.util.test.junit.AutoTests" name="[48] /home/travis/build/icyphy/ptII/ptolemy/domains/de/test/auto/PeriodicSampler.xml (RunModel)" time="0.009" />
  <testcase classname="ptolemy.util.test.junit.AutoTests" name="[49] /home/travis/build/icyphy/ptII/ptolemy/domains/de/test/auto/PersistentIO.xml (RunModel)" time="0.017" />
  <testcase classname="ptolemy.util.test.junit.AutoTests" name="[50] /home/travis/build/icyphy/ptII/ptolemy/domains/de/test/auto/PortParameterResetOnInitialize.xml (RunModel)" time="0.008" />
  <testcase classname="ptolemy.util.test.junit.AutoTests" name="[51] /home/travis/build/icyphy/ptII/ptolemy/domains/de/test/auto/PortParameterUpdates.xml (RunModel)" time="0.018" />
  <testcase classname="ptolemy.util.test.junit.AutoTests" name="[52] /home/travis/build/icyphy/ptII/ptolemy/domains/de/test/auto/QueueAndServer.xml (RunModel)" time="0.023" />
  <testcase classname="ptolemy.util.test.junit.AutoTests" name="[53] /home/travis/build/icyphy/ptII/ptolemy/domains/de/test/auto/Records.xml (RunModel)" time="0.013" />
  <testcase classname="ptolemy.util.test.junit.AutoTests" name="[54] /home/travis/build/icyphy/ptII/ptolemy/domains/de/test/auto/ResetTransitionWithStartTime1.xml (RunModel)" time="0.015" />
  <testcase classname="ptolemy.util.test.junit.AutoTests" name="[55] /home/travis/build/icyphy/ptII/ptolemy/domains/de/test/auto/ResetTransitionWithStartTime2.xml (RunModel)" time="0.023" />
  <testcase classname="ptolemy.util.test.junit.AutoTests" name="[56] /home/travis/build/icyphy/ptII/ptolemy/domains/de/test/auto/ResetTransitionWithStartTime3.xml (RunModel)" time="0.019" />
  <testcase classname="ptolemy.util.test.junit.AutoTests" name="[57] /home/travis/build/icyphy/ptII/ptolemy/domains/de/test/auto/ResetTransitionWithStartTime4.xml (RunModel)" time="0.017" />
  <testcase classname="ptolemy.util.test.junit.AutoTests" name="[58] /home/travis/build/icyphy/ptII/ptolemy/domains/de/test/auto/ResettableTimer1.xml (RunModel)" time="0.01" />
  <testcase classname="ptolemy.util.test.junit.AutoTests" name="[59] /home/travis/build/icyphy/ptII/ptolemy/domains/de/test/auto/ResettableTimer2.xml (RunModel)" time="0.009" />
  <testcase classname="ptolemy.util.test.junit.AutoTests" name="[60] /home/travis/build/icyphy/ptII/ptolemy/domains/de/test/auto/ResettableTimer3.xml (RunModel)" time="0.008" />
  <testcase classname="ptolemy.util.test.junit.AutoTests" name="[61] /home/travis/build/icyphy/ptII/ptolemy/domains/de/test/auto/ResettableTimer4.xml (RunModel)" time="0.008" />
  <testcase classname="ptolemy.util.test.junit.AutoTests" name="[62] /home/travis/build/icyphy/ptII/ptolemy/domains/de/test/auto/ResettableTimer5.xml (RunModel)" time="0.009" />
  <testcase classname="ptolemy.util.test.junit.AutoTests" name="[63] /home/travis/build/icyphy/ptII/ptolemy/domains/de/test/auto/ResettableTimer6.xml (RunModel)" time="0.013" />
  <testcase classname="ptolemy.util.test.junit.AutoTests" name="[64] /home/travis/build/icyphy/ptII/ptolemy/domains/de/test/auto/ServerZeroDelay.xml (RunModel)" time="0.008" />
  <testcase classname="ptolemy.util.test.junit.AutoTests" name="[65] /home/travis/build/icyphy/ptII/ptolemy/domains/de/test/auto/SmartSender.xml (RunModel)" time="3.008" />
  <testcase classname="ptolemy.util.test.junit.AutoTests" name="[66] /home/travis/build/icyphy/ptII/ptolemy/domains/de/test/auto/ThreadedComposite.xml (RunModel)" time="0.138" />
  <testcase classname="ptolemy.util.test.junit.AutoTests" name="[67] /home/travis/build/icyphy/ptII/ptolemy/domains/de/test/auto/Time.xml (RunModel)" time="0.356" />
  <testcase classname="ptolemy.util.test.junit.AutoTests" name="[68] /home/travis/build/icyphy/ptII/ptolemy/domains/de/test/auto/TimeDelayZeroDelay.xml (RunModel)" time="0.012" />
  <testcase classname="ptolemy.util.test.junit.AutoTests" name="[69] /home/travis/build/icyphy/ptII/ptolemy/domains/de/test/auto/TimerZeroDelay.xml (RunModel)" time="0.008" />
  <testcase classname="ptolemy.util.test.junit.AutoTests" name="[70] /home/travis/build/icyphy/ptII/ptolemy/domains/de/test/auto/TimingParadox.xml (RunModel)" time="0.273" />
  <testcase classname="ptolemy.util.test.junit.AutoTests" name="[71] /home/travis/build/icyphy/ptII/ptolemy/domains/de/test/auto/TransferInputs.xml (RunModel)" time="0.016" />
  <testcase classname="ptolemy.util.test.junit.AutoTests" name="[72] /home/travis/build/icyphy/ptII/ptolemy/domains/de/test/auto/TransferOutputs2.xml (RunModel)" time="0.021" />
  <testcase classname="ptolemy.util.test.junit.AutoTests" name="[73] /home/travis/build/icyphy/ptII/ptolemy/domains/de/test/auto/Trilateration.xml (RunModel)" time="10.331" />
  <testcase classname="ptolemy.util.test.junit.AutoTests" name="[74] /home/travis/build/icyphy/ptII/ptolemy/domains/de/test/auto/TwoSigmaDelta.xml (RunModel)" time="1.672" />
  <testcase classname="ptolemy.util.test.junit.AutoTests" name="[75] /home/travis/build/icyphy/ptII/ptolemy/domains/de/test/auto/VariableDelay.xml (RunModel)" time="0.01" />
  <testcase classname="ptolemy.util.test.junit.AutoTests" name="[76] /home/travis/build/icyphy/ptII/ptolemy/domains/de/test/auto/VariableDelay2.xml (RunModel)" time="0.01" />
  <testcase classname="ptolemy.util.test.junit.AutoTests" name="[77] /home/travis/build/icyphy/ptII/ptolemy/domains/de/test/auto/VariableDelayZeroDelay.xml (RunModel)" time="0.016" />
  <testcase classname="ptolemy.util.test.junit.AutoTests" name="[78] /home/travis/build/icyphy/ptII/ptolemy/domains/de/test/auto/VariableDelayZeroDelay2.xml (RunModel)" time="0.008" />
  <testcase classname="ptolemy.util.test.junit.AutoTests" name="[79] /home/travis/build/icyphy/ptII/ptolemy/domains/de/test/auto/deInCt.xml (RunModel)" time="0.014" />
  <testcase classname="ptolemy.util.test.junit.AutoTests" name="[80] /home/travis/build/icyphy/ptII/ptolemy/domains/de/test/auto/deInCt2.xml (RunModel)" time="0.011" />
  <testcase classname="ptolemy.util.test.junit.AutoTests" name="[81] /home/travis/build/icyphy/ptII/ptolemy/domains/de/test/auto/dynamicCausalityInterface1.xml (RunModel)" time="0.018" />
  <testcase classname="ptolemy.util.test.junit.AutoTests" name="[82] /home/travis/build/icyphy/ptII/ptolemy/domains/de/test/auto/fsm_de_test.xml (RunModel)" time="0.021" />
  <testcase classname="ptolemy.util.test.junit.AutoTests" name="[83] /home/travis/build/icyphy/ptII/ptolemy/domains/de/test/auto/functionDependencyReconstruction.xml (RunModel)" time="0.036" />
  <testcase classname="ptolemy.util.test.junit.AutoTests" name="[84] /home/travis/build/icyphy/ptII/ptolemy/domains/de/test/auto/multirate.xml (RunModel)" time="0.014" />
  <testcase classname="ptolemy.util.test.junit.AutoTests" name="[85] /home/travis/build/icyphy/ptII/ptolemy/domains/de/test/auto/multirate2.xml (RunModel)" time="0.013" />
  <testcase classname="ptolemy.util.test.junit.AutoTests" name="[86] /home/travis/build/icyphy/ptII/ptolemy/domains/de/test/auto/realtime.xml (RunModel)" time="10.019" />
  <testcase classname="ptolemy.util.test.junit.AutoTests" name="[87] /home/travis/build/icyphy/ptII/ptolemy/domains/de/test/auto/relationGroup.xml (RunModel)" time="0.007" />
  <testcase classname="ptolemy.util.test.junit.AutoTests" name="[88] /home/travis/build/icyphy/ptII/ptolemy/domains/de/test/auto/relationGroup2.xml (RunModel)" time="0.01" />
  <testcase classname="ptolemy.util.test.junit.AutoTests" name="[89] /home/travis/build/icyphy/ptII/ptolemy/domains/de/test/auto/sortWithOpaquePorts.xml (RunModel)" time="0.009" />
  <testcase classname="ptolemy.util.test.junit.AutoTests" name="[90] /home/travis/build/icyphy/ptII/ptolemy/domains/de/test/auto/transferInputsandOutputs.xml (RunModel)" time="0.015" />
  <testcase classname="ptolemy.util.test.junit.AutoTests" name="[91] /home/travis/build/icyphy/ptII/ptolemy/domains/de/test/auto/triggerType.xml (RunModel)" time="0.009" />
  <system-out><![CDATA[/home/travis/build/icyphy/ptII/ptolemy/domains/de/test/DependencyLoop.tcl
testDefs.tcl: setting time out to 9000 seconds at Mon Apr 13 13:53:38 UTC 2020
89 ms. Memory: 129024K Free: 79180K (61%)
14 ms. Memory: 129024K Free: 61758K (48%)
/home/travis/build/icyphy/ptII/ptolemy/domains/de/test/RunDETestsAsQSS.tcl
Run the DE tests using ptolemy.domains.qss.test.QSSDirectorTest, which extends QSSDirector and prints a message in the constructors.
------------------ testing $PTII/ptolemy/domains/de/test/auto/knownFailedTests/DirectFeedback.xml (Known Failure) 
48 ms. Memory: 129024K Free: 56142K (44%)


==== $PTIIhome/travis/build/icyphy/ptII/ptolemy/domains/de/test/../../../../: Auto Automatic test in file $PTII/ptolemy/domains/de/test/auto/knownFailedTests/DirectFeedback.xml
==== Contents of test case:

	    # FIXME: we should use $relativeFilename here, but it
	    # might have backslashes under Windows, which causes no end
	    # of trouble.
	    createAndExecute $file
	    list {}
	
.... Test generated KNOWN error:
    while executing
ptolemy.kernel.util.IllegalActionException: Test fails in iteration 1.
Value was: 1.0. Should have been: 2.0
  in .DirectFeedback.Test
	at ptolemy.actor.lib.Test.fire(Test.java:268)
	at ptolemy.domains.de.kernel.DEDirector._fire(DEDirector.java:1949)
	at ptolemy.domains.de.kernel.DEDirector.fire(DEDirector.java:502)
	at ptolemy.actor.CompositeActor.fire(CompositeActor.java:455)
	at ptolemy.actor.Manager.iterate(Manager.java:851)
	at ptolemy.actor.Manager.execute(Manager.java:369)
	at ptolemy.actor.Manager.run(Manager.java:1263)
	at ptolemy.actor.Manager$PtolemyRunThread.run(Manager.java:1933)

    while executing
ptolemy.kernel.util.IllegalActionException: Test fails in iteration 1.
Value was: 1.0. Should have been: 2.0
  in .DirectFeedback.Test
    while executing
"java::new ptolemy.moml.MoMLSimpleApplication $file
"
    (procedure "createAndExecute" line 2)
    invoked from within
"createAndExecute $file"
    ("uplevel" body line 5)
    invoked from within
"uplevel $contents_of_test"
------------------ testing $PTII/ptolemy/domains/de/test/auto/knownFailedTests/dependencyLoop.xml (Known Failure) 
15 ms. Memory: 129024K Free: 53070K (41%)


==== $PTIIhome/travis/build/icyphy/ptII/ptolemy/domains/de/test/../../../../: Auto Automatic test in file $PTII/ptolemy/domains/de/test/auto/knownFailedTests/dependencyLoop.xml
==== Contents of test case:

	    # FIXME: we should use $relativeFilename here, but it
	    # might have backslashes under Windows, which causes no end
	    # of trouble.
	    createAndExecute $file
	    list {}
	
.... Test generated KNOWN error:
    while executing
ptolemy.kernel.util.IllegalActionException: Found a zero delay loop containing .dependencyLoop.original
  in .dependencyLoop and .dependencyLoop.original
	at ptolemy.actor.util.CausalityInterfaceForComposites._computeOutputPortDepth(CausalityInterfaceForComposites.java:759)
	at ptolemy.actor.util.CausalityInterfaceForComposites._computeInputDepth(CausalityInterfaceForComposites.java:696)
	at ptolemy.actor.util.CausalityInterfaceForComposites._computeOutputPortDepth(CausalityInterfaceForComposites.java:765)
	at ptolemy.actor.util.CausalityInterfaceForComposites._computeInputDepth(CausalityInterfaceForComposites.java:696)
	at ptolemy.actor.util.CausalityInterfaceForComposites._computeOutputPortDepth(CausalityInterfaceForComposites.java:765)
	at ptolemy.actor.util.CausalityInterfaceForComposites._computeInputDepth(CausalityInterfaceForComposites.java:696)
	at ptolemy.actor.util.CausalityInterfaceForComposites._computeActorDepth(CausalityInterfaceForComposites.java:532)
	at ptolemy.actor.util.CausalityInterfaceForComposites.checkForCycles(CausalityInterfaceForComposites.java:96)
	at ptolemy.domains.de.kernel.DEDirector.preinitialize(DEDirector.java:1338)
	at ptolemy.actor.CompositeActor.preinitialize(CompositeActor.java:1828)
	at ptolemy.actor.Manager.preinitializeAndResolveTypes(Manager.java:1040)
	at ptolemy.actor.Manager.initialize(Manager.java:710)
	at ptolemy.actor.Manager.execute(Manager.java:356)
	at ptolemy.actor.Manager.run(Manager.java:1263)
	at ptolemy.actor.Manager$PtolemyRunThread.run(Manager.java:1933)

    while executing
ptolemy.kernel.util.IllegalActionException: Found a zero delay loop containing .dependencyLoop.original
  in .dependencyLoop and .dependencyLoop.original
    while executing
"java::new ptolemy.moml.MoMLSimpleApplication $file
"
    (procedure "createAndExecute" line 2)
    invoked from within
"createAndExecute $file"
    ("uplevel" body line 5)
    invoked from within
"uplevel $contents_of_test"
------------------ testing $PTII/ptolemy/domains/de/test/auto/knownFailedTests/FSMSource.xml (Known Failure) 
65 ms. Memory: 129024K Free: 111833K (87%)
!!!! Auto was marked as failing, but now passes
------------------ testing $PTII/ptolemy/domains/de/test/auto/knownFailedTests/HierarchicalModel.xml (Known Failure) 
7 ms. Memory: 129024K Free: 93396K (72%)


==== $PTIIhome/travis/build/icyphy/ptII/ptolemy/domains/de/test/../../../../: Auto Automatic test in file $PTII/ptolemy/domains/de/test/auto/knownFailedTests/HierarchicalModel.xml
==== Contents of test case:

	    # FIXME: we should use $relativeFilename here, but it
	    # might have backslashes under Windows, which causes no end
	    # of trouble.
	    createAndExecute $file
	    list {}
	
.... Test generated KNOWN error:
    while executing
ptolemy.kernel.util.IllegalActionException: Found a zero delay loop containing .HierarchicalModel.A
  in .HierarchicalModel and .HierarchicalModel.A
	at ptolemy.actor.util.CausalityInterfaceForComposites._computeOutputPortDepth(CausalityInterfaceForComposites.java:759)
	at ptolemy.actor.util.CausalityInterfaceForComposites._computeInputDepth(CausalityInterfaceForComposites.java:696)
	at ptolemy.actor.util.CausalityInterfaceForComposites._computeOutputPortDepth(CausalityInterfaceForComposites.java:765)
	at ptolemy.actor.util.CausalityInterfaceForComposites._computeInputDepth(CausalityInterfaceForComposites.java:696)
	at ptolemy.actor.util.CausalityInterfaceForComposites._computeOutputPortDepth(CausalityInterfaceForComposites.java:765)
	at ptolemy.actor.util.CausalityInterfaceForComposites._computeInputDepth(CausalityInterfaceForComposites.java:696)
	at ptolemy.actor.util.CausalityInterfaceForComposites._computeActorDepth(CausalityInterfaceForComposites.java:532)
	at ptolemy.actor.util.CausalityInterfaceForComposites.checkForCycles(CausalityInterfaceForComposites.java:96)
	at ptolemy.domains.de.kernel.DEDirector.preinitialize(DEDirector.java:1338)
	at ptolemy.actor.CompositeActor.preinitialize(CompositeActor.java:1828)
	at ptolemy.actor.Manager.preinitializeAndResolveTypes(Manager.java:1040)
	at ptolemy.actor.Manager.initialize(Manager.java:710)
	at ptolemy.actor.Manager.execute(Manager.java:356)
	at ptolemy.actor.Manager.run(Manager.java:1263)
	at ptolemy.actor.Manager$PtolemyRunThread.run(Manager.java:1933)

    while executing
ptolemy.kernel.util.IllegalActionException: Found a zero delay loop containing .HierarchicalModel.A
  in .HierarchicalModel and .HierarchicalModel.A
    while executing
"java::new ptolemy.moml.MoMLSimpleApplication $file
"
    (procedure "createAndExecute" line 2)
    invoked from within
"createAndExecute $file"
    ("uplevel" body line 5)
    invoked from within
"uplevel $contents_of_test"
------------------ testing $PTII/ptolemy/domains/de/test/auto/knownFailedTests/dependencyLoop2.xml (Known Failure) 
5 ms. Memory: 129024K Free: 77548K (60%)


==== $PTIIhome/travis/build/icyphy/ptII/ptolemy/domains/de/test/../../../../: Auto Automatic test in file $PTII/ptolemy/domains/de/test/auto/knownFailedTests/dependencyLoop2.xml
==== Contents of test case:

	    # FIXME: we should use $relativeFilename here, but it
	    # might have backslashes under Windows, which causes no end
	    # of trouble.
	    createAndExecute $file
	    list {}
	
.... Test generated KNOWN error:
    while executing
ptolemy.kernel.util.IllegalActionException: Found a zero delay loop containing .dependencyLoop2.original
  in .dependencyLoop2 and .dependencyLoop2.original
	at ptolemy.actor.util.CausalityInterfaceForComposites._computeOutputPortDepth(CausalityInterfaceForComposites.java:759)
	at ptolemy.actor.util.CausalityInterfaceForComposites._computeInputDepth(CausalityInterfaceForComposites.java:696)
	at ptolemy.actor.util.CausalityInterfaceForComposites._computeOutputPortDepth(CausalityInterfaceForComposites.java:765)
	at ptolemy.actor.util.CausalityInterfaceForComposites._computeInputDepth(CausalityInterfaceForComposites.java:696)
	at ptolemy.actor.util.CausalityInterfaceForComposites._computeOutputPortDepth(CausalityInterfaceForComposites.java:765)
	at ptolemy.actor.util.CausalityInterfaceForComposites._computeInputDepth(CausalityInterfaceForComposites.java:696)
	at ptolemy.actor.util.CausalityInterfaceForComposites._computeActorDepth(CausalityInterfaceForComposites.java:532)
	at ptolemy.actor.util.CausalityInterfaceForComposites.checkForCycles(CausalityInterfaceForComposites.java:96)
	at ptolemy.domains.de.kernel.DEDirector.preinitialize(DEDirector.java:1338)
	at ptolemy.actor.CompositeActor.preinitialize(CompositeActor.java:1828)
	at ptolemy.actor.Manager.preinitializeAndResolveTypes(Manager.java:1040)
	at ptolemy.actor.Manager.initialize(Manager.java:710)
	at ptolemy.actor.Manager.execute(Manager.java:356)
	at ptolemy.actor.Manager.run(Manager.java:1263)
	at ptolemy.actor.Manager$PtolemyRunThread.run(Manager.java:1933)

    while executing
ptolemy.kernel.util.IllegalActionException: Found a zero delay loop containing .dependencyLoop2.original
  in .dependencyLoop2 and .dependencyLoop2.original
    while executing
"java::new ptolemy.moml.MoMLSimpleApplication $file
"
    (procedure "createAndExecute" line 2)
    invoked from within
"createAndExecute $file"
    ("uplevel" body line 5)
    invoked from within
"uplevel $contents_of_test"
------------------ testing $PTII/ptolemy/domains/de/test/auto/knownFailedTests/DESDFClockTest.xml (Known Failure) 
2042 ms. Memory: 129024K Free: 108840K (84%)


==== $PTIIhome/travis/build/icyphy/ptII/ptolemy/domains/de/test/../../../../: Auto Automatic test in file $PTII/ptolemy/domains/de/test/auto/knownFailedTests/DESDFClockTest.xml
==== Contents of test case:

	    # FIXME: we should use $relativeFilename here, but it
	    # might have backslashes under Windows, which causes no end
	    # of trouble.
	    createAndExecute $file
	    list {}
	
.... Test generated KNOWN error:
    while executing
ptolemy.kernel.util.IllegalActionException: Actor is not ready to fire.  Perhaps UpSample.prefire() returned false? Try debugging the actor by selecting "Listen to Actor".  Also, for SDF check moml for tokenConsumptionRate on input.
  in .DESDFClockTest.Play Bell.Copy1:SDF Director and .DESDFClockTest.Play Bell.UpSample
	at ptolemy.actor.sched.StaticSchedulingDirector.fire(StaticSchedulingDirector.java:227)
	at ptolemy.domains.sdf.kernel.SDFDirector.fire(SDFDirector.java:500)
	at ptolemy.actor.CompositeActor.fire(CompositeActor.java:455)
	at ptolemy.domains.de.kernel.DEDirector._fire(DEDirector.java:1949)
	at ptolemy.domains.de.kernel.DEDirector.fire(DEDirector.java:502)
	at ptolemy.actor.CompositeActor.fire(CompositeActor.java:455)
	at ptolemy.actor.Manager.iterate(Manager.java:851)
	at ptolemy.actor.Manager.execute(Manager.java:369)
	at ptolemy.actor.Manager.run(Manager.java:1263)
	at ptolemy.actor.Manager$PtolemyRunThread.run(Manager.java:1933)

    while executing
ptolemy.kernel.util.IllegalActionException: Actor is not ready to fire.  Perhaps UpSample.prefire() returned false? Try debugging the actor by selecting "Listen to Actor".  Also, for SDF check moml for tokenConsumptionRate on input.
  in .DESDFClockTest.Play Bell.Copy1:SDF Director and .DESDFClockTest.Play Bell.UpSample
    while executing
"java::new ptolemy.moml.MoMLSimpleApplication $file
"
    (procedure "createAndExecute" line 2)
    invoked from within
"createAndExecute $file"
    ("uplevel" body line 5)
    invoked from within
"uplevel $contents_of_test"
------------------ testing $PTII/ptolemy/domains/de/test/auto/ActorDepthCalculation_actorWithoutPorts.xml
auto.tcl: Setting watchdog for 200 seconds at Mon Apr 13 13:53:42 UTC 2020
4 ms. Memory: 129024K Free: 101162K (78%)
ptolemy.util.test.WatchDog.cancel(): canceling Mon Apr 13 13:53:42 UTC 2020
auto.tcl: Setting watchdog for 200 seconds at Mon Apr 13 13:53:42 UTC 2020
4 ms. Memory: 129024K Free: 99610K (77%)
ptolemy.util.test.WatchDog.cancel(): canceling Mon Apr 13 13:53:42 UTC 2020
------------------ testing $PTII/ptolemy/domains/de/test/auto/AssemblyLine.xml
auto.tcl: Setting watchdog for 200 seconds at Mon Apr 13 13:53:42 UTC 2020
7 ms. Memory: 51200K Free: 27484K (54%)
ptolemy.util.test.WatchDog.cancel(): canceling Mon Apr 13 13:53:42 UTC 2020
auto.tcl: Setting watchdog for 200 seconds at Mon Apr 13 13:53:42 UTC 2020
7 ms. Memory: 51200K Free: 26728K (52%)
ptolemy.util.test.WatchDog.cancel(): canceling Mon Apr 13 13:53:42 UTC 2020
------------------ testing $PTII/ptolemy/domains/de/test/auto/CQBug1.xml
auto.tcl: Setting watchdog for 200 seconds at Mon Apr 13 13:53:42 UTC 2020
2 ms. Memory: 51200K Free: 33248K (65%)
ptolemy.util.test.WatchDog.cancel(): canceling Mon Apr 13 13:53:42 UTC 2020
auto.tcl: Setting watchdog for 200 seconds at Mon Apr 13 13:53:42 UTC 2020
2 ms. Memory: 51200K Free: 32797K (64%)
ptolemy.util.test.WatchDog.cancel(): canceling Mon Apr 13 13:53:42 UTC 2020
------------------ testing $PTII/ptolemy/domains/de/test/auto/CancelFireAt.xml
auto.tcl: Setting watchdog for 200 seconds at Mon Apr 13 13:53:43 UTC 2020
2 ms. Memory: 48128K Free: 31664K (66%)
ptolemy.util.test.WatchDog.cancel(): canceling Mon Apr 13 13:53:43 UTC 2020
auto.tcl: Setting watchdog for 200 seconds at Mon Apr 13 13:53:43 UTC 2020
3 ms. Memory: 48128K Free: 31227K (65%)
ptolemy.util.test.WatchDog.cancel(): canceling Mon Apr 13 13:53:43 UTC 2020
------------------ testing $PTII/ptolemy/domains/de/test/auto/CausalityAndComposabilityAnalysis.xml
auto.tcl: Setting watchdog for 200 seconds at Mon Apr 13 13:53:43 UTC 2020
8 ms. Memory: 48128K Free: 29390K (61%)
ptolemy.util.test.WatchDog.cancel(): canceling Mon Apr 13 13:53:43 UTC 2020
auto.tcl: Setting watchdog for 200 seconds at Mon Apr 13 13:53:43 UTC 2020
4 ms. Memory: 48128K Free: 28885K (60%)
ptolemy.util.test.WatchDog.cancel(): canceling Mon Apr 13 13:53:43 UTC 2020
------------------ testing $PTII/ptolemy/domains/de/test/auto/CausalityInterface1.xml
auto.tcl: Setting watchdog for 200 seconds at Mon Apr 13 13:53:43 UTC 2020
28 ms. Memory: 48128K Free: 28331K (59%)
ptolemy.util.test.WatchDog.cancel(): canceling Mon Apr 13 13:53:43 UTC 2020
auto.tcl: Setting watchdog for 200 seconds at Mon Apr 13 13:53:43 UTC 2020
9 ms. Memory: 48128K Free: 27340K (57%)
ptolemy.util.test.WatchDog.cancel(): canceling Mon Apr 13 13:53:43 UTC 2020
------------------ testing $PTII/ptolemy/domains/de/test/auto/CausalityInterface15.xml
auto.tcl: Setting watchdog for 200 seconds at Mon Apr 13 13:53:43 UTC 2020
8 ms. Memory: 48128K Free: 28477K (59%)
ptolemy.util.test.WatchDog.cancel(): canceling Mon Apr 13 13:53:43 UTC 2020
auto.tcl: Setting watchdog for 200 seconds at Mon Apr 13 13:53:43 UTC 2020
4 ms. Memory: 48128K Free: 27310K (57%)
ptolemy.util.test.WatchDog.cancel(): canceling Mon Apr 13 13:53:43 UTC 2020
------------------ testing $PTII/ptolemy/domains/de/test/auto/CausalityInterface2.xml
auto.tcl: Setting watchdog for 200 seconds at Mon Apr 13 13:53:43 UTC 2020
7 ms. Memory: 48128K Free: 29220K (61%)
ptolemy.util.test.WatchDog.cancel(): canceling Mon Apr 13 13:53:43 UTC 2020
auto.tcl: Setting watchdog for 200 seconds at Mon Apr 13 13:53:43 UTC 2020
3 ms. Memory: 48128K Free: 28304K (59%)
ptolemy.util.test.WatchDog.cancel(): canceling Mon Apr 13 13:53:43 UTC 2020
------------------ testing $PTII/ptolemy/domains/de/test/auto/CausalityInterface3.xml
auto.tcl: Setting watchdog for 200 seconds at Mon Apr 13 13:53:43 UTC 2020
3 ms. Memory: 48128K Free: 28517K (59%)
ptolemy.util.test.WatchDog.cancel(): canceling Mon Apr 13 13:53:43 UTC 2020
auto.tcl: Setting watchdog for 200 seconds at Mon Apr 13 13:53:43 UTC 2020
5 ms. Memory: 48128K Free: 27960K (58%)
ptolemy.util.test.WatchDog.cancel(): canceling Mon Apr 13 13:53:43 UTC 2020
------------------ testing $PTII/ptolemy/domains/de/test/auto/ClockDrift.xml
auto.tcl: Setting watchdog for 200 seconds at Mon Apr 13 13:53:43 UTC 2020
83 ms. Memory: 48128K Free: 20640K (43%)
ptolemy.util.test.WatchDog.cancel(): canceling Mon Apr 13 13:53:43 UTC 2020
auto.tcl: Setting watchdog for 200 seconds at Mon Apr 13 13:53:43 UTC 2020
29 ms. Memory: 48128K Free: 17672K (37%)
ptolemy.util.test.WatchDog.cancel(): canceling Mon Apr 13 13:53:43 UTC 2020
------------------ testing $PTII/ptolemy/domains/de/test/auto/ClockDriftAndValueChange.xml
auto.tcl: Setting watchdog for 200 seconds at Mon Apr 13 13:53:43 UTC 2020
46 ms. Memory: 48128K Free: 21511K (45%)
ptolemy.util.test.WatchDog.cancel(): canceling Mon Apr 13 13:53:43 UTC 2020
auto.tcl: Setting watchdog for 200 seconds at Mon Apr 13 13:53:43 UTC 2020
27 ms. Memory: 48128K Free: 18580K (39%)
ptolemy.util.test.WatchDog.cancel(): canceling Mon Apr 13 13:53:43 UTC 2020
------------------ testing $PTII/ptolemy/domains/de/test/auto/ClockDriftChange.xml
auto.tcl: Setting watchdog for 200 seconds at Mon Apr 13 13:53:43 UTC 2020
22 ms. Memory: 48128K Free: 23006K (48%)
ptolemy.util.test.WatchDog.cancel(): canceling Mon Apr 13 13:53:44 UTC 2020
auto.tcl: Setting watchdog for 200 seconds at Mon Apr 13 13:53:44 UTC 2020
26 ms. Memory: 48128K Free: 20407K (42%)
ptolemy.util.test.WatchDog.cancel(): canceling Mon Apr 13 13:53:44 UTC 2020
------------------ testing $PTII/ptolemy/domains/de/test/auto/ComposableCausalityAnalysis.xml
auto.tcl: Setting watchdog for 200 seconds at Mon Apr 13 13:53:44 UTC 2020
2 ms. Memory: 48128K Free: 27873K (58%)
ptolemy.util.test.WatchDog.cancel(): canceling Mon Apr 13 13:53:44 UTC 2020
auto.tcl: Setting watchdog for 200 seconds at Mon Apr 13 13:53:44 UTC 2020
4 ms. Memory: 48128K Free: 26815K (56%)
ptolemy.util.test.WatchDog.cancel(): canceling Mon Apr 13 13:53:44 UTC 2020
------------------ testing $PTII/ptolemy/domains/de/test/auto/DEFixedPointLimitation.xml
auto.tcl: Setting watchdog for 200 seconds at Mon Apr 13 13:53:44 UTC 2020
1 ms. Memory: 48128K Free: 29222K (61%)
ptolemy.util.test.WatchDog.cancel(): canceling Mon Apr 13 13:53:44 UTC 2020
auto.tcl: Setting watchdog for 200 seconds at Mon Apr 13 13:53:44 UTC 2020
1 ms. Memory: 48128K Free: 28294K (59%)
ptolemy.util.test.WatchDog.cancel(): canceling Mon Apr 13 13:53:44 UTC 2020
------------------ testing $PTII/ptolemy/domains/de/test/auto/DEScheduleTest.xml
auto.tcl: Setting watchdog for 200 seconds at Mon Apr 13 13:53:44 UTC 2020
5 ms. Memory: 48128K Free: 29539K (61%)
ptolemy.util.test.WatchDog.cancel(): canceling Mon Apr 13 13:53:44 UTC 2020
auto.tcl: Setting watchdog for 200 seconds at Mon Apr 13 13:53:44 UTC 2020
3 ms. Memory: 48128K Free: 28752K (60%)
ptolemy.util.test.WatchDog.cancel(): canceling Mon Apr 13 13:53:44 UTC 2020
------------------ testing $PTII/ptolemy/domains/de/test/auto/DEinDEwithStartTimes.xml
auto.tcl: Setting watchdog for 200 seconds at Mon Apr 13 13:53:44 UTC 2020
5 ms. Memory: 48128K Free: 27679K (58%)
ptolemy.util.test.WatchDog.cancel(): canceling Mon Apr 13 13:53:44 UTC 2020
auto.tcl: Setting watchdog for 200 seconds at Mon Apr 13 13:53:44 UTC 2020
4 ms. Memory: 48128K Free: 26286K (55%)
ptolemy.util.test.WatchDog.cancel(): canceling Mon Apr 13 13:53:44 UTC 2020
------------------ testing $PTII/ptolemy/domains/de/test/auto/DEinDEwithStartTimes2.xml
auto.tcl: Setting watchdog for 200 seconds at Mon Apr 13 13:53:44 UTC 2020
4 ms. Memory: 48128K Free: 26888K (56%)
ptolemy.util.test.WatchDog.cancel(): canceling Mon Apr 13 13:53:44 UTC 2020
auto.tcl: Setting watchdog for 200 seconds at Mon Apr 13 13:53:44 UTC 2020
3 ms. Memory: 48128K Free: 25610K (53%)
ptolemy.util.test.WatchDog.cancel(): canceling Mon Apr 13 13:53:44 UTC 2020
------------------ testing $PTII/ptolemy/domains/de/test/auto/DateDemo.xml
auto.tcl: Setting watchdog for 200 seconds at Mon Apr 13 13:53:44 UTC 2020
17 ms. Memory: 48128K Free: 21805K (45%)
ptolemy.util.test.WatchDog.cancel(): canceling Mon Apr 13 13:53:44 UTC 2020
auto.tcl: Setting watchdog for 200 seconds at Mon Apr 13 13:53:44 UTC 2020
7 ms. Memory: 48128K Free: 20067K (42%)
ptolemy.util.test.WatchDog.cancel(): canceling Mon Apr 13 13:53:44 UTC 2020
------------------ testing $PTII/ptolemy/domains/de/test/auto/DateToEvent.xml
auto.tcl: Setting watchdog for 200 seconds at Mon Apr 13 13:53:44 UTC 2020
2010 ms. Memory: 48128K Free: 16722K (35%)
ptolemy.util.test.WatchDog.cancel(): canceling Mon Apr 13 13:53:46 UTC 2020
auto.tcl: Setting watchdog for 200 seconds at Mon Apr 13 13:53:46 UTC 2020
2005 ms. Memory: 48128K Free: 16337K (34%)
ptolemy.util.test.WatchDog.cancel(): canceling Mon Apr 13 13:53:48 UTC 2020
------------------ testing $PTII/ptolemy/domains/de/test/auto/DepthTest1.xml
auto.tcl: Setting watchdog for 200 seconds at Mon Apr 13 13:53:48 UTC 2020
5 ms. Memory: 48128K Free: 30323K (63%)
ptolemy.util.test.WatchDog.cancel(): canceling Mon Apr 13 13:53:48 UTC 2020
auto.tcl: Setting watchdog for 200 seconds at Mon Apr 13 13:53:48 UTC 2020
2 ms. Memory: 48128K Free: 29910K (62%)
ptolemy.util.test.WatchDog.cancel(): canceling Mon Apr 13 13:53:48 UTC 2020
------------------ testing $PTII/ptolemy/domains/de/test/auto/DepthTest2.xml
auto.tcl: Setting watchdog for 200 seconds at Mon Apr 13 13:53:48 UTC 2020
9 ms. Memory: 48128K Free: 27136K (56%)
ptolemy.util.test.WatchDog.cancel(): canceling Mon Apr 13 13:53:48 UTC 2020
auto.tcl: Setting watchdog for 200 seconds at Mon Apr 13 13:53:48 UTC 2020
3 ms. Memory: 48128K Free: 26651K (55%)
ptolemy.util.test.WatchDog.cancel(): canceling Mon Apr 13 13:53:48 UTC 2020
------------------ testing $PTII/ptolemy/domains/de/test/auto/DepthTest3.xml
auto.tcl: Setting watchdog for 200 seconds at Mon Apr 13 13:53:48 UTC 2020
4 ms. Memory: 48128K Free: 30653K (64%)
ptolemy.util.test.WatchDog.cancel(): canceling Mon Apr 13 13:53:48 UTC 2020
auto.tcl: Setting watchdog for 200 seconds at Mon Apr 13 13:53:48 UTC 2020
2 ms. Memory: 48128K Free: 30270K (63%)
ptolemy.util.test.WatchDog.cancel(): canceling Mon Apr 13 13:53:48 UTC 2020
------------------ testing $PTII/ptolemy/domains/de/test/auto/DepthTest4.xml
auto.tcl: Setting watchdog for 200 seconds at Mon Apr 13 13:53:48 UTC 2020
4 ms. Memory: 48128K Free: 29004K (60%)
ptolemy.util.test.WatchDog.cancel(): canceling Mon Apr 13 13:53:48 UTC 2020
auto.tcl: Setting watchdog for 200 seconds at Mon Apr 13 13:53:48 UTC 2020
2 ms. Memory: 48128K Free: 28258K (59%)
ptolemy.util.test.WatchDog.cancel(): canceling Mon Apr 13 13:53:48 UTC 2020
------------------ testing $PTII/ptolemy/domains/de/test/auto/DepthTest5.xml
auto.tcl: Setting watchdog for 200 seconds at Mon Apr 13 13:53:48 UTC 2020
4 ms. Memory: 48128K Free: 28370K (59%)
ptolemy.util.test.WatchDog.cancel(): canceling Mon Apr 13 13:53:49 UTC 2020
auto.tcl: Setting watchdog for 200 seconds at Mon Apr 13 13:53:49 UTC 2020
2 ms. Memory: 48128K Free: 27615K (57%)
ptolemy.util.test.WatchDog.cancel(): canceling Mon Apr 13 13:53:49 UTC 2020
------------------ testing $PTII/ptolemy/domains/de/test/auto/DepthTest6.xml
auto.tcl: Setting watchdog for 200 seconds at Mon Apr 13 13:53:49 UTC 2020
4 ms. Memory: 48128K Free: 28105K (58%)
ptolemy.util.test.WatchDog.cancel(): canceling Mon Apr 13 13:53:49 UTC 2020
auto.tcl: Setting watchdog for 200 seconds at Mon Apr 13 13:53:49 UTC 2020
3 ms. Memory: 48128K Free: 27707K (58%)
ptolemy.util.test.WatchDog.cancel(): canceling Mon Apr 13 13:53:49 UTC 2020
------------------ testing $PTII/ptolemy/domains/de/test/auto/DepthTest7.xml
auto.tcl: Setting watchdog for 200 seconds at Mon Apr 13 13:53:49 UTC 2020
7 ms. Memory: 48128K Free: 28613K (59%)
ptolemy.util.test.WatchDog.cancel(): canceling Mon Apr 13 13:53:49 UTC 2020
auto.tcl: Setting watchdog for 200 seconds at Mon Apr 13 13:53:49 UTC 2020
2 ms. Memory: 48128K Free: 28184K (59%)
ptolemy.util.test.WatchDog.cancel(): canceling Mon Apr 13 13:53:49 UTC 2020
------------------ testing $PTII/ptolemy/domains/de/test/auto/EventToDate.xml
auto.tcl: Setting watchdog for 200 seconds at Mon Apr 13 13:53:49 UTC 2020
3009 ms. Memory: 48128K Free: 19695K (41%)
ptolemy.util.test.WatchDog.cancel(): canceling Mon Apr 13 13:53:52 UTC 2020
auto.tcl: Setting watchdog for 200 seconds at Mon Apr 13 13:53:52 UTC 2020
3004 ms. Memory: 48128K Free: 18996K (39%)
ptolemy.util.test.WatchDog.cancel(): canceling Mon Apr 13 13:53:55 UTC 2020
------------------ testing $PTII/ptolemy/domains/de/test/auto/FSM1.xml
auto.tcl: Setting watchdog for 200 seconds at Mon Apr 13 13:53:55 UTC 2020
23 ms. Memory: 48128K Free: 20930K (43%)
ptolemy.util.test.WatchDog.cancel(): canceling Mon Apr 13 13:53:55 UTC 2020
auto.tcl: Setting watchdog for 200 seconds at Mon Apr 13 13:53:55 UTC 2020
22 ms. Memory: 48128K Free: 17695K (37%)
ptolemy.util.test.WatchDog.cancel(): canceling Mon Apr 13 13:53:55 UTC 2020
------------------ testing $PTII/ptolemy/domains/de/test/auto/FSM7.xml
auto.tcl: Setting watchdog for 200 seconds at Mon Apr 13 13:53:55 UTC 2020
14 ms. Memory: 48128K Free: 20239K (42%)
ptolemy.util.test.WatchDog.cancel(): canceling Mon Apr 13 13:53:55 UTC 2020
auto.tcl: Setting watchdog for 200 seconds at Mon Apr 13 13:53:55 UTC 2020
21 ms. Memory: 48128K Free: 17093K (36%)
ptolemy.util.test.WatchDog.cancel(): canceling Mon Apr 13 13:53:55 UTC 2020
------------------ testing $PTII/ptolemy/domains/de/test/auto/Inspection.xml
auto.tcl: Setting watchdog for 200 seconds at Mon Apr 13 13:53:55 UTC 2020
46 ms. Memory: 48128K Free: 19988K (42%)
ptolemy.util.test.WatchDog.cancel(): canceling Mon Apr 13 13:53:55 UTC 2020
auto.tcl: Setting watchdog for 200 seconds at Mon Apr 13 13:53:55 UTC 2020
17 ms. Memory: 48128K Free: 18123K (38%)
ptolemy.util.test.WatchDog.cancel(): canceling Mon Apr 13 13:53:55 UTC 2020
------------------ testing $PTII/ptolemy/domains/de/test/auto/Iteration.xml
auto.tcl: Setting watchdog for 200 seconds at Mon Apr 13 13:53:55 UTC 2020
8 ms. Memory: 48128K Free: 25966K (54%)
ptolemy.util.test.WatchDog.cancel(): canceling Mon Apr 13 13:53:55 UTC 2020
auto.tcl: Setting watchdog for 200 seconds at Mon Apr 13 13:53:55 UTC 2020
5 ms. Memory: 48128K Free: 24942K (52%)
ptolemy.util.test.WatchDog.cancel(): canceling Mon Apr 13 13:53:55 UTC 2020
------------------ testing $PTII/ptolemy/domains/de/test/auto/LineFault.xml
auto.tcl: Setting watchdog for 200 seconds at Mon Apr 13 13:53:55 UTC 2020
527 ms. Memory: 48128K Free: 17489K (36%)
ptolemy.util.test.WatchDog.cancel(): canceling Mon Apr 13 13:53:56 UTC 2020
auto.tcl: Setting watchdog for 200 seconds at Mon Apr 13 13:53:56 UTC 2020
500 ms. Memory: 60416K Free: 39627K (66%)
ptolemy.util.test.WatchDog.cancel(): canceling Mon Apr 13 13:53:57 UTC 2020
------------------ testing $PTII/ptolemy/domains/de/test/auto/MergeModel1Add.xml
auto.tcl: Setting watchdog for 200 seconds at Mon Apr 13 13:53:57 UTC 2020
34 ms. Memory: 58368K Free: 21663K (37%)
ptolemy.util.test.WatchDog.cancel(): canceling Mon Apr 13 13:53:57 UTC 2020
auto.tcl: Setting watchdog for 200 seconds at Mon Apr 13 13:53:57 UTC 2020
15 ms. Memory: 58368K Free: 19952K (34%)
ptolemy.util.test.WatchDog.cancel(): canceling Mon Apr 13 13:53:57 UTC 2020
------------------ testing $PTII/ptolemy/domains/de/test/auto/MergeModel2Add.xml
auto.tcl: Setting watchdog for 200 seconds at Mon Apr 13 13:53:57 UTC 2020
7 ms. Memory: 55296K Free: 21446K (39%)
ptolemy.util.test.WatchDog.cancel(): canceling Mon Apr 13 13:53:57 UTC 2020
auto.tcl: Setting watchdog for 200 seconds at Mon Apr 13 13:53:57 UTC 2020
7 ms. Memory: 55296K Free: 19812K (36%)
ptolemy.util.test.WatchDog.cancel(): canceling Mon Apr 13 13:53:57 UTC 2020
------------------ testing $PTII/ptolemy/domains/de/test/auto/MergeModel3Add.xml
auto.tcl: Setting watchdog for 200 seconds at Mon Apr 13 13:53:57 UTC 2020
8 ms. Memory: 55296K Free: 21179K (38%)
ptolemy.util.test.WatchDog.cancel(): canceling Mon Apr 13 13:53:57 UTC 2020
auto.tcl: Setting watchdog for 200 seconds at Mon Apr 13 13:53:57 UTC 2020
9 ms. Memory: 55296K Free: 19811K (36%)
ptolemy.util.test.WatchDog.cancel(): canceling Mon Apr 13 13:53:57 UTC 2020
------------------ testing $PTII/ptolemy/domains/de/test/auto/MergeWithoutDiscard.xml
auto.tcl: Setting watchdog for 200 seconds at Mon Apr 13 13:53:57 UTC 2020
1 ms. Memory: 55296K Free: 36057K (65%)
ptolemy.util.test.WatchDog.cancel(): canceling Mon Apr 13 13:53:57 UTC 2020
auto.tcl: Setting watchdog for 200 seconds at Mon Apr 13 13:53:57 UTC 2020
1 ms. Memory: 55296K Free: 35153K (64%)
ptolemy.util.test.WatchDog.cancel(): canceling Mon Apr 13 13:53:57 UTC 2020
------------------ testing $PTII/ptolemy/domains/de/test/auto/Modal1.xml
auto.tcl: Setting watchdog for 200 seconds at Mon Apr 13 13:53:57 UTC 2020
15 ms. Memory: 51200K Free: 23543K (46%)
ptolemy.util.test.WatchDog.cancel(): canceling Mon Apr 13 13:53:57 UTC 2020
auto.tcl: Setting watchdog for 200 seconds at Mon Apr 13 13:53:57 UTC 2020
19 ms. Memory: 51200K Free: 20088K (39%)
ptolemy.util.test.WatchDog.cancel(): canceling Mon Apr 13 13:53:57 UTC 2020
------------------ testing $PTII/ptolemy/domains/de/test/auto/Modal2.xml
auto.tcl: Setting watchdog for 200 seconds at Mon Apr 13 13:53:57 UTC 2020
11 ms. Memory: 51200K Free: 23698K (46%)
ptolemy.util.test.WatchDog.cancel(): canceling Mon Apr 13 13:53:57 UTC 2020
auto.tcl: Setting watchdog for 200 seconds at Mon Apr 13 13:53:57 UTC 2020
14 ms. Memory: 51200K Free: 20450K (40%)
ptolemy.util.test.WatchDog.cancel(): canceling Mon Apr 13 13:53:57 UTC 2020
------------------ testing $PTII/ptolemy/domains/de/test/auto/Modal3.xml
auto.tcl: Setting watchdog for 200 seconds at Mon Apr 13 13:53:57 UTC 2020
12 ms. Memory: 51200K Free: 23226K (45%)
ptolemy.util.test.WatchDog.cancel(): canceling Mon Apr 13 13:53:57 UTC 2020
auto.tcl: Setting watchdog for 200 seconds at Mon Apr 13 13:53:57 UTC 2020
13 ms. Memory: 51200K Free: 20030K (39%)
ptolemy.util.test.WatchDog.cancel(): canceling Mon Apr 13 13:53:57 UTC 2020
------------------ testing $PTII/ptolemy/domains/de/test/auto/Modal4.xml
auto.tcl: Setting watchdog for 200 seconds at Mon Apr 13 13:53:57 UTC 2020
12 ms. Memory: 51200K Free: 22670K (44%)
ptolemy.util.test.WatchDog.cancel(): canceling Mon Apr 13 13:53:57 UTC 2020
auto.tcl: Setting watchdog for 200 seconds at Mon Apr 13 13:53:57 UTC 2020
14 ms. Memory: 51200K Free: 18811K (37%)
ptolemy.util.test.WatchDog.cancel(): canceling Mon Apr 13 13:53:57 UTC 2020
------------------ testing $PTII/ptolemy/domains/de/test/auto/Modal5.xml
auto.tcl: Setting watchdog for 200 seconds at Mon Apr 13 13:53:57 UTC 2020
13 ms. Memory: 51200K Free: 22646K (44%)
ptolemy.util.test.WatchDog.cancel(): canceling Mon Apr 13 13:53:57 UTC 2020
auto.tcl: Setting watchdog for 200 seconds at Mon Apr 13 13:53:57 UTC 2020
13 ms. Memory: 51200K Free: 18798K (37%)
ptolemy.util.test.WatchDog.cancel(): canceling Mon Apr 13 13:53:57 UTC 2020
------------------ testing $PTII/ptolemy/domains/de/test/auto/Modal6.xml
auto.tcl: Setting watchdog for 200 seconds at Mon Apr 13 13:53:58 UTC 2020
18 ms. Memory: 51200K Free: 23389K (46%)
ptolemy.util.test.WatchDog.cancel(): canceling Mon Apr 13 13:53:58 UTC 2020
auto.tcl: Setting watchdog for 200 seconds at Mon Apr 13 13:53:58 UTC 2020
15 ms. Memory: 51200K Free: 19454K (38%)
ptolemy.util.test.WatchDog.cancel(): canceling Mon Apr 13 13:53:58 UTC 2020
------------------ testing $PTII/ptolemy/domains/de/test/auto/Modal7.xml
auto.tcl: Setting watchdog for 200 seconds at Mon Apr 13 13:53:58 UTC 2020
14 ms. Memory: 51200K Free: 22610K (44%)
ptolemy.util.test.WatchDog.cancel(): canceling Mon Apr 13 13:53:58 UTC 2020
auto.tcl: Setting watchdog for 200 seconds at Mon Apr 13 13:53:58 UTC 2020
11 ms. Memory: 51200K Free: 19077K (37%)
ptolemy.util.test.WatchDog.cancel(): canceling Mon Apr 13 13:53:58 UTC 2020
------------------ testing $PTII/ptolemy/domains/de/test/auto/ModalModel.xml
auto.tcl: Setting watchdog for 200 seconds at Mon Apr 13 13:53:58 UTC 2020
200 ms. Memory: 51200K Free: 12161K (24%)
ptolemy.util.test.WatchDog.cancel(): canceling Mon Apr 13 13:53:58 UTC 2020
auto.tcl: Setting watchdog for 200 seconds at Mon Apr 13 13:53:58 UTC 2020
208 ms. Memory: 62464K Free: 44622K (71%)
ptolemy.util.test.WatchDog.cancel(): canceling Mon Apr 13 13:53:58 UTC 2020
------------------ testing $PTII/ptolemy/domains/de/test/auto/ModalSource.xml
auto.tcl: Setting watchdog for 200 seconds at Mon Apr 13 13:53:58 UTC 2020
7 ms. Memory: 55296K Free: 31567K (57%)
ptolemy.util.test.WatchDog.cancel(): canceling Mon Apr 13 13:53:58 UTC 2020
auto.tcl: Setting watchdog for 200 seconds at Mon Apr 13 13:53:58 UTC 2020
6 ms. Memory: 55296K Free: 29519K (53%)
ptolemy.util.test.WatchDog.cancel(): canceling Mon Apr 13 13:53:58 UTC 2020
------------------ testing $PTII/ptolemy/domains/de/test/auto/NonInterruptibleTimerZeroDelay.xml
auto.tcl: Setting watchdog for 200 seconds at Mon Apr 13 13:53:58 UTC 2020
3 ms. Memory: 55296K Free: 36449K (66%)
ptolemy.util.test.WatchDog.cancel(): canceling Mon Apr 13 13:53:58 UTC 2020
auto.tcl: Setting watchdog for 200 seconds at Mon Apr 13 13:53:58 UTC 2020
2 ms. Memory: 55296K Free: 35838K (65%)
ptolemy.util.test.WatchDog.cancel(): canceling Mon Apr 13 13:53:58 UTC 2020
------------------ testing $PTII/ptolemy/domains/de/test/auto/OpenQueueingNetwork.xml
auto.tcl: Setting watchdog for 200 seconds at Mon Apr 13 13:53:58 UTC 2020
2752 ms. Memory: 82944K Free: 35653K (43%)
ptolemy.util.test.WatchDog.cancel(): canceling Mon Apr 13 13:54:01 UTC 2020
auto.tcl: Setting watchdog for 200 seconds at Mon Apr 13 13:54:01 UTC 2020
2457 ms. Memory: 82944K Free: 43313K (52%)
ptolemy.util.test.WatchDog.cancel(): canceling Mon Apr 13 13:54:04 UTC 2020
------------------ testing $PTII/ptolemy/domains/de/test/auto/OpenQueuingNetwork.xml
auto.tcl: Setting watchdog for 200 seconds at Mon Apr 13 13:54:04 UTC 2020
250 ms. Memory: 61440K Free: 37191K (61%)
ptolemy.util.test.WatchDog.cancel(): canceling Mon Apr 13 13:54:04 UTC 2020
auto.tcl: Setting watchdog for 200 seconds at Mon Apr 13 13:54:04 UTC 2020
222 ms. Memory: 61440K Free: 20281K (33%)
ptolemy.util.test.WatchDog.cancel(): canceling Mon Apr 13 13:54:04 UTC 2020
------------------ testing $PTII/ptolemy/domains/de/test/auto/PeriodicSampler.xml
auto.tcl: Setting watchdog for 200 seconds at Mon Apr 13 13:54:04 UTC 2020
3 ms. Memory: 55296K Free: 35703K (65%)
ptolemy.util.test.WatchDog.cancel(): canceling Mon Apr 13 13:54:04 UTC 2020
auto.tcl: Setting watchdog for 200 seconds at Mon Apr 13 13:54:04 UTC 2020
2 ms. Memory: 55296K Free: 35183K (64%)
ptolemy.util.test.WatchDog.cancel(): canceling Mon Apr 13 13:54:04 UTC 2020
------------------ testing $PTII/ptolemy/domains/de/test/auto/PersistentIO.xml
auto.tcl: Setting watchdog for 200 seconds at Mon Apr 13 13:54:04 UTC 2020
4 ms. Memory: 55296K Free: 30627K (55%)
ptolemy.util.test.WatchDog.cancel(): canceling Mon Apr 13 13:54:04 UTC 2020
auto.tcl: Setting watchdog for 200 seconds at Mon Apr 13 13:54:04 UTC 2020
4 ms. Memory: 55296K Free: 29107K (53%)
ptolemy.util.test.WatchDog.cancel(): canceling Mon Apr 13 13:54:04 UTC 2020
------------------ testing $PTII/ptolemy/domains/de/test/auto/PortParameterResetOnInitialize.xml
auto.tcl: Setting watchdog for 200 seconds at Mon Apr 13 13:54:04 UTC 2020
7 ms. Memory: 55296K Free: 35625K (64%)
ptolemy.util.test.WatchDog.cancel(): canceling Mon Apr 13 13:54:04 UTC 2020
auto.tcl: Setting watchdog for 200 seconds at Mon Apr 13 13:54:04 UTC 2020
2 ms. Memory: 55296K Free: 35115K (64%)
ptolemy.util.test.WatchDog.cancel(): canceling Mon Apr 13 13:54:04 UTC 2020
------------------ testing $PTII/ptolemy/domains/de/test/auto/PortParameterUpdates.xml
auto.tcl: Setting watchdog for 200 seconds at Mon Apr 13 13:54:05 UTC 2020
4 ms. Memory: 51200K Free: 29599K (58%)
ptolemy.util.test.WatchDog.cancel(): canceling Mon Apr 13 13:54:05 UTC 2020
auto.tcl: Setting watchdog for 200 seconds at Mon Apr 13 13:54:05 UTC 2020
3 ms. Memory: 51200K Free: 28589K (56%)
ptolemy.util.test.WatchDog.cancel(): canceling Mon Apr 13 13:54:05 UTC 2020
------------------ testing $PTII/ptolemy/domains/de/test/auto/QueueAndServer.xml
auto.tcl: Setting watchdog for 200 seconds at Mon Apr 13 13:54:05 UTC 2020
20 ms. Memory: 51200K Free: 28553K (56%)
ptolemy.util.test.WatchDog.cancel(): canceling Mon Apr 13 13:54:05 UTC 2020
auto.tcl: Setting watchdog for 200 seconds at Mon Apr 13 13:54:05 UTC 2020
7 ms. Memory: 51200K Free: 27019K (53%)
ptolemy.util.test.WatchDog.cancel(): canceling Mon Apr 13 13:54:05 UTC 2020
------------------ testing $PTII/ptolemy/domains/de/test/auto/Records.xml
auto.tcl: Setting watchdog for 200 seconds at Mon Apr 13 13:54:05 UTC 2020
4 ms. Memory: 51200K Free: 30768K (60%)
ptolemy.util.test.WatchDog.cancel(): canceling Mon Apr 13 13:54:05 UTC 2020
auto.tcl: Setting watchdog for 200 seconds at Mon Apr 13 13:54:05 UTC 2020
2 ms. Memory: 51200K Free: 30256K (59%)
ptolemy.util.test.WatchDog.cancel(): canceling Mon Apr 13 13:54:05 UTC 2020
------------------ testing $PTII/ptolemy/domains/de/test/auto/ResetTransitionWithStartTime1.xml
auto.tcl: Setting watchdog for 200 seconds at Mon Apr 13 13:54:05 UTC 2020
5 ms. Memory: 51200K Free: 28016K (55%)
ptolemy.util.test.WatchDog.cancel(): canceling Mon Apr 13 13:54:05 UTC 2020
auto.tcl: Setting watchdog for 200 seconds at Mon Apr 13 13:54:05 UTC 2020
5 ms. Memory: 51200K Free: 25448K (50%)
ptolemy.util.test.WatchDog.cancel(): canceling Mon Apr 13 13:54:05 UTC 2020
------------------ testing $PTII/ptolemy/domains/de/test/auto/ResetTransitionWithStartTime2.xml
auto.tcl: Setting watchdog for 200 seconds at Mon Apr 13 13:54:05 UTC 2020
5 ms. Memory: 51200K Free: 27970K (55%)
ptolemy.util.test.WatchDog.cancel(): canceling Mon Apr 13 13:54:05 UTC 2020
auto.tcl: Setting watchdog for 200 seconds at Mon Apr 13 13:54:05 UTC 2020
5 ms. Memory: 51200K Free: 25922K (51%)
ptolemy.util.test.WatchDog.cancel(): canceling Mon Apr 13 13:54:05 UTC 2020
------------------ testing $PTII/ptolemy/domains/de/test/auto/ResetTransitionWithStartTime3.xml
auto.tcl: Setting watchdog for 200 seconds at Mon Apr 13 13:54:05 UTC 2020
8 ms. Memory: 51200K Free: 27969K (55%)
ptolemy.util.test.WatchDog.cancel(): canceling Mon Apr 13 13:54:05 UTC 2020
auto.tcl: Setting watchdog for 200 seconds at Mon Apr 13 13:54:05 UTC 2020
7 ms. Memory: 51200K Free: 25407K (50%)
ptolemy.util.test.WatchDog.cancel(): canceling Mon Apr 13 13:54:05 UTC 2020
------------------ testing $PTII/ptolemy/domains/de/test/auto/ResetTransitionWithStartTime4.xml
auto.tcl: Setting watchdog for 200 seconds at Mon Apr 13 13:54:05 UTC 2020
7 ms. Memory: 51200K Free: 28417K (56%)
ptolemy.util.test.WatchDog.cancel(): canceling Mon Apr 13 13:54:05 UTC 2020
auto.tcl: Setting watchdog for 200 seconds at Mon Apr 13 13:54:05 UTC 2020
3 ms. Memory: 51200K Free: 26945K (53%)
ptolemy.util.test.WatchDog.cancel(): canceling Mon Apr 13 13:54:05 UTC 2020
------------------ testing $PTII/ptolemy/domains/de/test/auto/ResettableTimer1.xml
auto.tcl: Setting watchdog for 200 seconds at Mon Apr 13 13:54:05 UTC 2020
3 ms. Memory: 51200K Free: 32047K (63%)
ptolemy.util.test.WatchDog.cancel(): canceling Mon Apr 13 13:54:05 UTC 2020
auto.tcl: Setting watchdog for 200 seconds at Mon Apr 13 13:54:05 UTC 2020
2 ms. Memory: 51200K Free: 31023K (61%)
ptolemy.util.test.WatchDog.cancel(): canceling Mon Apr 13 13:54:05 UTC 2020
------------------ testing $PTII/ptolemy/domains/de/test/auto/ResettableTimer2.xml
auto.tcl: Setting watchdog for 200 seconds at Mon Apr 13 13:54:05 UTC 2020
3 ms. Memory: 51200K Free: 32103K (63%)
ptolemy.util.test.WatchDog.cancel(): canceling Mon Apr 13 13:54:05 UTC 2020
auto.tcl: Setting watchdog for 200 seconds at Mon Apr 13 13:54:05 UTC 2020
1 ms. Memory: 51200K Free: 31079K (61%)
ptolemy.util.test.WatchDog.cancel(): canceling Mon Apr 13 13:54:05 UTC 2020
------------------ testing $PTII/ptolemy/domains/de/test/auto/ResettableTimer3.xml
auto.tcl: Setting watchdog for 200 seconds at Mon Apr 13 13:54:05 UTC 2020
1 ms. Memory: 51200K Free: 32102K (63%)
ptolemy.util.test.WatchDog.cancel(): canceling Mon Apr 13 13:54:05 UTC 2020
auto.tcl: Setting watchdog for 200 seconds at Mon Apr 13 13:54:05 UTC 2020
1 ms. Memory: 51200K Free: 31574K (62%)
ptolemy.util.test.WatchDog.cancel(): canceling Mon Apr 13 13:54:05 UTC 2020
------------------ testing $PTII/ptolemy/domains/de/test/auto/ResettableTimer4.xml
auto.tcl: Setting watchdog for 200 seconds at Mon Apr 13 13:54:05 UTC 2020
1 ms. Memory: 51200K Free: 32116K (63%)
ptolemy.util.test.WatchDog.cancel(): canceling Mon Apr 13 13:54:05 UTC 2020
auto.tcl: Setting watchdog for 200 seconds at Mon Apr 13 13:54:05 UTC 2020
1 ms. Memory: 51200K Free: 32116K (63%)
ptolemy.util.test.WatchDog.cancel(): canceling Mon Apr 13 13:54:05 UTC 2020
------------------ testing $PTII/ptolemy/domains/de/test/auto/ResettableTimer5.xml
auto.tcl: Setting watchdog for 200 seconds at Mon Apr 13 13:54:05 UTC 2020
1 ms. Memory: 51200K Free: 32114K (63%)
ptolemy.util.test.WatchDog.cancel(): canceling Mon Apr 13 13:54:05 UTC 2020
auto.tcl: Setting watchdog for 200 seconds at Mon Apr 13 13:54:05 UTC 2020
2 ms. Memory: 51200K Free: 31600K (62%)
ptolemy.util.test.WatchDog.cancel(): canceling Mon Apr 13 13:54:05 UTC 2020
------------------ testing $PTII/ptolemy/domains/de/test/auto/ResettableTimer6.xml
auto.tcl: Setting watchdog for 200 seconds at Mon Apr 13 13:54:05 UTC 2020
2 ms. Memory: 51200K Free: 31590K (62%)
ptolemy.util.test.WatchDog.cancel(): canceling Mon Apr 13 13:54:05 UTC 2020
auto.tcl: Setting watchdog for 200 seconds at Mon Apr 13 13:54:05 UTC 2020
1 ms. Memory: 51200K Free: 31080K (61%)
ptolemy.util.test.WatchDog.cancel(): canceling Mon Apr 13 13:54:05 UTC 2020
------------------ testing $PTII/ptolemy/domains/de/test/auto/ServerZeroDelay.xml
auto.tcl: Setting watchdog for 200 seconds at Mon Apr 13 13:54:05 UTC 2020
1 ms. Memory: 51200K Free: 32096K (63%)
ptolemy.util.test.WatchDog.cancel(): canceling Mon Apr 13 13:54:05 UTC 2020
auto.tcl: Setting watchdog for 200 seconds at Mon Apr 13 13:54:05 UTC 2020
2 ms. Memory: 51200K Free: 31072K (61%)
ptolemy.util.test.WatchDog.cancel(): canceling Mon Apr 13 13:54:05 UTC 2020
------------------ testing $PTII/ptolemy/domains/de/test/auto/SmartSender.xml
auto.tcl: Setting watchdog for 200 seconds at Mon Apr 13 13:54:05 UTC 2020
3001 ms. Memory: 51200K Free: 32090K (63%)
ptolemy.util.test.WatchDog.cancel(): canceling Mon Apr 13 13:54:08 UTC 2020
auto.tcl: Setting watchdog for 200 seconds at Mon Apr 13 13:54:08 UTC 2020
3001 ms. Memory: 51200K Free: 31576K (62%)
ptolemy.util.test.WatchDog.cancel(): canceling Mon Apr 13 13:54:11 UTC 2020
------------------ testing $PTII/ptolemy/domains/de/test/auto/ThreadedComposite.xml
auto.tcl: Setting watchdog for 200 seconds at Mon Apr 13 13:54:11 UTC 2020
178 ms. Memory: 51200K Free: 13158K (26%)
ptolemy.util.test.WatchDog.cancel(): canceling Mon Apr 13 13:54:12 UTC 2020
auto.tcl: Setting watchdog for 200 seconds at Mon Apr 13 13:54:12 UTC 2020
108 ms. Memory: 51200K Free: 27610K (54%)
ptolemy.util.test.WatchDog.cancel(): canceling Mon Apr 13 13:54:12 UTC 2020
------------------ testing $PTII/ptolemy/domains/de/test/auto/Time.xml
auto.tcl: Setting watchdog for 200 seconds at Mon Apr 13 13:54:12 UTC 2020
450 ms. Memory: 51200K Free: 33266K (65%)
ptolemy.util.test.WatchDog.cancel(): canceling Mon Apr 13 13:54:12 UTC 2020
auto.tcl: Setting watchdog for 200 seconds at Mon Apr 13 13:54:12 UTC 2020
445 ms. Memory: 51200K Free: 33883K (66%)
ptolemy.util.test.WatchDog.cancel(): canceling Mon Apr 13 13:54:13 UTC 2020
------------------ testing $PTII/ptolemy/domains/de/test/auto/TimeDelayZeroDelay.xml
auto.tcl: Setting watchdog for 200 seconds at Mon Apr 13 13:54:13 UTC 2020
2 ms. Memory: 51200K Free: 32020K (63%)
ptolemy.util.test.WatchDog.cancel(): canceling Mon Apr 13 13:54:13 UTC 2020
auto.tcl: Setting watchdog for 200 seconds at Mon Apr 13 13:54:13 UTC 2020
2 ms. Memory: 51200K Free: 31531K (62%)
ptolemy.util.test.WatchDog.cancel(): canceling Mon Apr 13 13:54:13 UTC 2020
------------------ testing $PTII/ptolemy/domains/de/test/auto/TimerZeroDelay.xml
auto.tcl: Setting watchdog for 200 seconds at Mon Apr 13 13:54:13 UTC 2020
3 ms. Memory: 51200K Free: 32062K (63%)
ptolemy.util.test.WatchDog.cancel(): canceling Mon Apr 13 13:54:13 UTC 2020
auto.tcl: Setting watchdog for 200 seconds at Mon Apr 13 13:54:13 UTC 2020
1 ms. Memory: 51200K Free: 31581K (62%)
ptolemy.util.test.WatchDog.cancel(): canceling Mon Apr 13 13:54:13 UTC 2020
------------------ testing $PTII/ptolemy/domains/de/test/auto/TimingParadox.xml
auto.tcl: Setting watchdog for 200 seconds at Mon Apr 13 13:54:13 UTC 2020
349 ms. Memory: 61440K Free: 26298K (43%)
ptolemy.util.test.WatchDog.cancel(): canceling Mon Apr 13 13:54:13 UTC 2020
auto.tcl: Setting watchdog for 200 seconds at Mon Apr 13 13:54:13 UTC 2020
310 ms. Memory: 61440K Free: 22266K (36%)
ptolemy.util.test.WatchDog.cancel(): canceling Mon Apr 13 13:54:14 UTC 2020
------------------ testing $PTII/ptolemy/domains/de/test/auto/TransferInputs.xml
auto.tcl: Setting watchdog for 200 seconds at Mon Apr 13 13:54:14 UTC 2020
1 ms. Memory: 58368K Free: 37699K (65%)
ptolemy.util.test.WatchDog.cancel(): canceling Mon Apr 13 13:54:14 UTC 2020
auto.tcl: Setting watchdog for 200 seconds at Mon Apr 13 13:54:14 UTC 2020
2 ms. Memory: 58368K Free: 36717K (63%)
ptolemy.util.test.WatchDog.cancel(): canceling Mon Apr 13 13:54:14 UTC 2020
------------------ testing $PTII/ptolemy/domains/de/test/auto/TransferOutputs2.xml
auto.tcl: Setting watchdog for 200 seconds at Mon Apr 13 13:54:14 UTC 2020
3 ms. Memory: 51200K Free: 27973K (55%)
ptolemy.util.test.WatchDog.cancel(): canceling Mon Apr 13 13:54:14 UTC 2020
auto.tcl: Setting watchdog for 200 seconds at Mon Apr 13 13:54:14 UTC 2020
2 ms. Memory: 51200K Free: 26543K (52%)
ptolemy.util.test.WatchDog.cancel(): canceling Mon Apr 13 13:54:14 UTC 2020
------------------ testing $PTII/ptolemy/domains/de/test/auto/Trilateration.xml
auto.tcl: Setting watchdog for 200 seconds at Mon Apr 13 13:54:14 UTC 2020
12204 ms. Memory: 434176K Free: 363580K (84%)
ptolemy.util.test.WatchDog.cancel(): canceling Mon Apr 13 13:54:27 UTC 2020
auto.tcl: Setting watchdog for 200 seconds at Mon Apr 13 13:54:27 UTC 2020
8663 ms. Memory: 434176K Free: 299955K (69%)
ptolemy.util.test.WatchDog.cancel(): canceling Mon Apr 13 13:54:36 UTC 2020
------------------ testing $PTII/ptolemy/domains/de/test/auto/TwoSigmaDelta.xml
auto.tcl: Setting watchdog for 200 seconds at Mon Apr 13 13:54:36 UTC 2020
2233 ms. Memory: 92160K Free: 31771K (34%)
ptolemy.util.test.WatchDog.cancel(): canceling Mon Apr 13 13:54:38 UTC 2020
auto.tcl: Setting watchdog for 200 seconds at Mon Apr 13 13:54:38 UTC 2020
1816 ms. Memory: 92160K Free: 31747K (34%)
ptolemy.util.test.WatchDog.cancel(): canceling Mon Apr 13 13:54:40 UTC 2020
------------------ testing $PTII/ptolemy/domains/de/test/auto/VariableDelay.xml
auto.tcl: Setting watchdog for 200 seconds at Mon Apr 13 13:54:40 UTC 2020
2 ms. Memory: 55296K Free: 35101K (63%)
ptolemy.util.test.WatchDog.cancel(): canceling Mon Apr 13 13:54:40 UTC 2020
auto.tcl: Setting watchdog for 200 seconds at Mon Apr 13 13:54:40 UTC 2020
2 ms. Memory: 55296K Free: 34107K (62%)
ptolemy.util.test.WatchDog.cancel(): canceling Mon Apr 13 13:54:40 UTC 2020
------------------ testing $PTII/ptolemy/domains/de/test/auto/VariableDelay2.xml
auto.tcl: Setting watchdog for 200 seconds at Mon Apr 13 13:54:40 UTC 2020
2 ms. Memory: 55296K Free: 36080K (65%)
ptolemy.util.test.WatchDog.cancel(): canceling Mon Apr 13 13:54:40 UTC 2020
auto.tcl: Setting watchdog for 200 seconds at Mon Apr 13 13:54:40 UTC 2020
2 ms. Memory: 55296K Free: 35019K (63%)
ptolemy.util.test.WatchDog.cancel(): canceling Mon Apr 13 13:54:40 UTC 2020
------------------ testing $PTII/ptolemy/domains/de/test/auto/VariableDelayZeroDelay.xml
auto.tcl: Setting watchdog for 200 seconds at Mon Apr 13 13:54:40 UTC 2020
2 ms. Memory: 55296K Free: 36055K (65%)
ptolemy.util.test.WatchDog.cancel(): canceling Mon Apr 13 13:54:40 UTC 2020
auto.tcl: Setting watchdog for 200 seconds at Mon Apr 13 13:54:40 UTC 2020
2 ms. Memory: 55296K Free: 35514K (64%)
ptolemy.util.test.WatchDog.cancel(): canceling Mon Apr 13 13:54:40 UTC 2020
------------------ testing $PTII/ptolemy/domains/de/test/auto/VariableDelayZeroDelay2.xml
auto.tcl: Setting watchdog for 200 seconds at Mon Apr 13 13:54:40 UTC 2020
2 ms. Memory: 55296K Free: 36041K (65%)
ptolemy.util.test.WatchDog.cancel(): canceling Mon Apr 13 13:54:40 UTC 2020
auto.tcl: Setting watchdog for 200 seconds at Mon Apr 13 13:54:40 UTC 2020
2 ms. Memory: 55296K Free: 35017K (63%)
ptolemy.util.test.WatchDog.cancel(): canceling Mon Apr 13 13:54:40 UTC 2020
------------------ testing $PTII/ptolemy/domains/de/test/auto/deInCt.xml
auto.tcl: Setting watchdog for 200 seconds at Mon Apr 13 13:54:40 UTC 2020
0
1
1
1
0
0
0
0
1
1
1
0
0
0
1
1
1
1
0
0
0
0
1
1
1
1
1
0
0
1
1
1
0
0
0
1
1
0
0
0
0
13 ms. Memory: 55296K Free: 35015K (63%)
ptolemy.util.test.WatchDog.cancel(): canceling Mon Apr 13 13:54:40 UTC 2020
auto.tcl: Setting watchdog for 200 seconds at Mon Apr 13 13:54:40 UTC 2020
0
1
1
1
0
0
0
1
1
0
0
0
1
1
1
1
1
1
1
0
0
0
1
1
1
1
0
0
0
1
1
1
0
0
0
0
10 ms. Memory: 55296K Free: 33477K (61%)
ptolemy.util.test.WatchDog.cancel(): canceling Mon Apr 13 13:54:40 UTC 2020
------------------ testing $PTII/ptolemy/domains/de/test/auto/deInCt2.xml
auto.tcl: Setting watchdog for 200 seconds at Mon Apr 13 13:54:40 UTC 2020
0
1
1
1
0
0
1
1
1
0
0
1
1
1
0
0
1
1
1
0
0
1
1
1
0
0
1
1
1
0
0
1
1
1
0
0
1
1
1
0
0
0
7 ms. Memory: 55296K Free: 35023K (63%)
ptolemy.util.test.WatchDog.cancel(): canceling Mon Apr 13 13:54:40 UTC 2020
auto.tcl: Setting watchdog for 200 seconds at Mon Apr 13 13:54:40 UTC 2020
0
1
1
1
0
0
1
1
1
0
0
1
1
1
0
0
1
1
1
0
0
1
1
1
0
0
1
1
1
0
0
1
1
1
0
0
1
1
1
0
0
0
7 ms. Memory: 55296K Free: 33477K (61%)
ptolemy.util.test.WatchDog.cancel(): canceling Mon Apr 13 13:54:40 UTC 2020
------------------ testing $PTII/ptolemy/domains/de/test/auto/dynamicCausalityInterface1.xml
auto.tcl: Setting watchdog for 200 seconds at Mon Apr 13 13:54:41 UTC 2020
1 ms. Memory: 55296K Free: 30914K (56%)
ptolemy.util.test.WatchDog.cancel(): canceling Mon Apr 13 13:54:41 UTC 2020
auto.tcl: Setting watchdog for 200 seconds at Mon Apr 13 13:54:41 UTC 2020
1 ms. Memory: 55296K Free: 30400K (55%)
ptolemy.util.test.WatchDog.cancel(): canceling Mon Apr 13 13:54:41 UTC 2020
------------------ testing $PTII/ptolemy/domains/de/test/auto/fsm_de_test.xml
auto.tcl: Setting watchdog for 200 seconds at Mon Apr 13 13:54:41 UTC 2020
7 ms. Memory: 55296K Free: 30812K (56%)
ptolemy.util.test.WatchDog.cancel(): canceling Mon Apr 13 13:54:41 UTC 2020
auto.tcl: Setting watchdog for 200 seconds at Mon Apr 13 13:54:41 UTC 2020
4 ms. Memory: 55296K Free: 28764K (52%)
ptolemy.util.test.WatchDog.cancel(): canceling Mon Apr 13 13:54:41 UTC 2020
------------------ testing $PTII/ptolemy/domains/de/test/auto/functionDependencyReconstruction.xml
auto.tcl: Setting watchdog for 200 seconds at Mon Apr 13 13:54:41 UTC 2020
3 ms. Memory: 55296K Free: 24658K (45%)
ptolemy.util.test.WatchDog.cancel(): canceling Mon Apr 13 13:54:41 UTC 2020
auto.tcl: Setting watchdog for 200 seconds at Mon Apr 13 13:54:41 UTC 2020
3 ms. Memory: 55296K Free: 22610K (41%)
ptolemy.util.test.WatchDog.cancel(): canceling Mon Apr 13 13:54:41 UTC 2020
------------------ testing $PTII/ptolemy/domains/de/test/auto/multirate.xml
auto.tcl: Setting watchdog for 200 seconds at Mon Apr 13 13:54:41 UTC 2020
7 ms. Memory: 55296K Free: 33421K (60%)
ptolemy.util.test.WatchDog.cancel(): canceling Mon Apr 13 13:54:41 UTC 2020
auto.tcl: Setting watchdog for 200 seconds at Mon Apr 13 13:54:41 UTC 2020
2 ms. Memory: 55296K Free: 31707K (57%)
ptolemy.util.test.WatchDog.cancel(): canceling Mon Apr 13 13:54:41 UTC 2020
------------------ testing $PTII/ptolemy/domains/de/test/auto/multirate2.xml
auto.tcl: Setting watchdog for 200 seconds at Mon Apr 13 13:54:41 UTC 2020
4 ms. Memory: 55296K Free: 33592K (61%)
ptolemy.util.test.WatchDog.cancel(): canceling Mon Apr 13 13:54:41 UTC 2020
auto.tcl: Setting watchdog for 200 seconds at Mon Apr 13 13:54:41 UTC 2020
3 ms. Memory: 55296K Free: 31888K (58%)
ptolemy.util.test.WatchDog.cancel(): canceling Mon Apr 13 13:54:41 UTC 2020
------------------ testing $PTII/ptolemy/domains/de/test/auto/realtime.xml
auto.tcl: Setting watchdog for 200 seconds at Mon Apr 13 13:54:41 UTC 2020
10001 ms. Memory: 51200K Free: 31587K (62%)
ptolemy.util.test.WatchDog.cancel(): canceling Mon Apr 13 13:54:51 UTC 2020
auto.tcl: Setting watchdog for 200 seconds at Mon Apr 13 13:54:51 UTC 2020
10001 ms. Memory: 51200K Free: 30862K (60%)
ptolemy.util.test.WatchDog.cancel(): canceling Mon Apr 13 13:55:01 UTC 2020
------------------ testing $PTII/ptolemy/domains/de/test/auto/relationGroup.xml
auto.tcl: Setting watchdog for 200 seconds at Mon Apr 13 13:55:01 UTC 2020
2 ms. Memory: 51200K Free: 32648K (64%)
ptolemy.util.test.WatchDog.cancel(): canceling Mon Apr 13 13:55:01 UTC 2020
auto.tcl: Setting watchdog for 200 seconds at Mon Apr 13 13:55:01 UTC 2020
1 ms. Memory: 51200K Free: 31913K (62%)
ptolemy.util.test.WatchDog.cancel(): canceling Mon Apr 13 13:55:01 UTC 2020
------------------ testing $PTII/ptolemy/domains/de/test/auto/relationGroup2.xml
auto.tcl: Setting watchdog for 200 seconds at Mon Apr 13 13:55:01 UTC 2020
1 ms. Memory: 51200K Free: 32704K (64%)
ptolemy.util.test.WatchDog.cancel(): canceling Mon Apr 13 13:55:01 UTC 2020
auto.tcl: Setting watchdog for 200 seconds at Mon Apr 13 13:55:01 UTC 2020
1 ms. Memory: 51200K Free: 31969K (62%)
ptolemy.util.test.WatchDog.cancel(): canceling Mon Apr 13 13:55:01 UTC 2020
------------------ testing $PTII/ptolemy/domains/de/test/auto/sortWithOpaquePorts.xml
auto.tcl: Setting watchdog for 200 seconds at Mon Apr 13 13:55:01 UTC 2020
2 ms. Memory: 51200K Free: 31443K (61%)
ptolemy.util.test.WatchDog.cancel(): canceling Mon Apr 13 13:55:01 UTC 2020
auto.tcl: Setting watchdog for 200 seconds at Mon Apr 13 13:55:01 UTC 2020
1 ms. Memory: 51200K Free: 30422K (59%)
ptolemy.util.test.WatchDog.cancel(): canceling Mon Apr 13 13:55:01 UTC 2020
------------------ testing $PTII/ptolemy/domains/de/test/auto/transferInputsandOutputs.xml
auto.tcl: Setting watchdog for 200 seconds at Mon Apr 13 13:55:01 UTC 2020
2 ms. Memory: 51200K Free: 28886K (56%)
ptolemy.util.test.WatchDog.cancel(): canceling Mon Apr 13 13:55:01 UTC 2020
auto.tcl: Setting watchdog for 200 seconds at Mon Apr 13 13:55:01 UTC 2020
2 ms. Memory: 51200K Free: 27862K (54%)
ptolemy.util.test.WatchDog.cancel(): canceling Mon Apr 13 13:55:01 UTC 2020
------------------ testing $PTII/ptolemy/domains/de/test/auto/triggerType.xml
auto.tcl: Setting watchdog for 200 seconds at Mon Apr 13 13:55:01 UTC 2020
2 ms. Memory: 51200K Free: 31911K (62%)
ptolemy.util.test.WatchDog.cancel(): canceling Mon Apr 13 13:55:01 UTC 2020
auto.tcl: Setting watchdog for 200 seconds at Mon Apr 13 13:55:01 UTC 2020
2 ms. Memory: 51200K Free: 30887K (60%)
ptolemy.util.test.WatchDog.cancel(): canceling Mon Apr 13 13:55:01 UTC 2020
04/13/20 01:55:01
Failed: 0  Total Tests: 192  ((Passed: 187, Newly Passed: 1)  Known Failed: 5) /home/travis/build/icyphy/ptII/ptolemy/domains/de/test
04/13/20 01:55:01
Failed: 0  Total Tests: 192  ((Passed: 187, Newly Passed: 1)  Known Failed: 5) /home/travis/build/icyphy/ptII/ptolemy/domains/de/test
----------------- testing (KnownFailure) /home/travis/build/icyphy/ptII/ptolemy/domains/de/test/auto/knownFailedTests/DESDFClockTest.xml
2012 ms. Memory: 51200K Free: 24796K (48%)
Known Failure: java.lang.reflect.InvocationTargetException
----------------- testing (KnownFailure) /home/travis/build/icyphy/ptII/ptolemy/domains/de/test/auto/knownFailedTests/DirectFeedback.xml
1 ms. Memory: 51200K Free: 20700K (40%)
Known Failure: java.lang.reflect.InvocationTargetException
----------------- testing (KnownFailure) /home/travis/build/icyphy/ptII/ptolemy/domains/de/test/auto/knownFailedTests/FSMSource.xml
15 ms. Memory: 51200K Free: 13532K (26%)
----------------- testing (KnownFailure) /home/travis/build/icyphy/ptII/ptolemy/domains/de/test/auto/knownFailedTests/HierarchicalModel.xml
3 ms. Memory: 51200K Free: 25705K (50%)
Known Failure: java.lang.reflect.InvocationTargetException
----------------- testing (KnownFailure) /home/travis/build/icyphy/ptII/ptolemy/domains/de/test/auto/knownFailedTests/dependencyLoop.xml
3 ms. Memory: 51200K Free: 10702K (21%)
Known Failure: java.lang.reflect.InvocationTargetException
----------------- testing (KnownFailure) /home/travis/build/icyphy/ptII/ptolemy/domains/de/test/auto/knownFailedTests/dependencyLoop2.xml
3 ms. Memory: 51200K Free: 23284K (45%)
Known Failure: java.lang.reflect.InvocationTargetException
No auto/linux-amd64/*.xml tests in /home/travis/build/icyphy/ptII/ptolemy/domains/de/test
AutoTests.java: About to close Vertx.
AutoTests.java: Vertx closed.

===========================================================================================
----------------- testing Mon Apr 13 13:55:04 UTC 2020 /home/travis/build/icyphy/ptII/ptolemy/domains/de/test/auto/ActorDepthCalculation_actorWithoutPorts.xml
----------------- Instantiating /home/travis/build/icyphy/ptII/ptolemy/domains/de/test/auto/ActorDepthCalculation_actorWithoutPorts.xml
2 ms. Memory: 51200K Free: 16831K (33%)
----------------- Invoking toplevel() on ptolemy.moml.MoMLSimpleApplication@67b43e09
----------------- Done invoking toplevel() on ptolemy.moml.MoMLSimpleApplication@67b43e09
reloadAllAccessors: .ActorDepthCalculation_actorWithoutPorts

===========================================================================================
----------------- testing Mon Apr 13 13:55:04 UTC 2020 /home/travis/build/icyphy/ptII/ptolemy/domains/de/test/auto/AssemblyLine.xml
----------------- Instantiating /home/travis/build/icyphy/ptII/ptolemy/domains/de/test/auto/AssemblyLine.xml
3 ms. Memory: 51200K Free: 9362K (18%)
----------------- Invoking toplevel() on ptolemy.moml.MoMLSimpleApplication@2b8da6d9
----------------- Done invoking toplevel() on ptolemy.moml.MoMLSimpleApplication@2b8da6d9
reloadAllAccessors: .AssemblyLine

===========================================================================================
----------------- testing Mon Apr 13 13:55:04 UTC 2020 /home/travis/build/icyphy/ptII/ptolemy/domains/de/test/auto/CQBug1.xml
----------------- Instantiating /home/travis/build/icyphy/ptII/ptolemy/domains/de/test/auto/CQBug1.xml
0 ms. Memory: 51200K Free: 34123K (67%)
----------------- Invoking toplevel() on ptolemy.moml.MoMLSimpleApplication@41d729d5
----------------- Done invoking toplevel() on ptolemy.moml.MoMLSimpleApplication@41d729d5
reloadAllAccessors: .CQBug1

===========================================================================================
----------------- testing Mon Apr 13 13:55:04 UTC 2020 /home/travis/build/icyphy/ptII/ptolemy/domains/de/test/auto/CancelFireAt.xml
----------------- Instantiating /home/travis/build/icyphy/ptII/ptolemy/domains/de/test/auto/CancelFireAt.xml
1 ms. Memory: 51200K Free: 31636K (62%)
----------------- Invoking toplevel() on ptolemy.moml.MoMLSimpleApplication@55b178b3
----------------- Done invoking toplevel() on ptolemy.moml.MoMLSimpleApplication@55b178b3
reloadAllAccessors: .CancelFireAt

===========================================================================================
----------------- testing Mon Apr 13 13:55:04 UTC 2020 /home/travis/build/icyphy/ptII/ptolemy/domains/de/test/auto/CausalityAndComposabilityAnalysis.xml
----------------- Instantiating /home/travis/build/icyphy/ptII/ptolemy/domains/de/test/auto/CausalityAndComposabilityAnalysis.xml
3 ms. Memory: 51200K Free: 27248K (53%)
----------------- Invoking toplevel() on ptolemy.moml.MoMLSimpleApplication@494de932
----------------- Done invoking toplevel() on ptolemy.moml.MoMLSimpleApplication@494de932
reloadAllAccessors: .CausalityAndComposabilityAnalysis

===========================================================================================
----------------- testing Mon Apr 13 13:55:04 UTC 2020 /home/travis/build/icyphy/ptII/ptolemy/domains/de/test/auto/CausalityInterface1.xml
----------------- Instantiating /home/travis/build/icyphy/ptII/ptolemy/domains/de/test/auto/CausalityInterface1.xml
4 ms. Memory: 51200K Free: 22420K (44%)
----------------- Invoking toplevel() on ptolemy.moml.MoMLSimpleApplication@1914d67
----------------- Done invoking toplevel() on ptolemy.moml.MoMLSimpleApplication@1914d67
reloadAllAccessors: .CausalityInterface1

===========================================================================================
----------------- testing Mon Apr 13 13:55:04 UTC 2020 /home/travis/build/icyphy/ptII/ptolemy/domains/de/test/auto/CausalityInterface15.xml
----------------- Instantiating /home/travis/build/icyphy/ptII/ptolemy/domains/de/test/auto/CausalityInterface15.xml
2 ms. Memory: 51200K Free: 17008K (33%)
----------------- Invoking toplevel() on ptolemy.moml.MoMLSimpleApplication@2c5af8a5
----------------- Done invoking toplevel() on ptolemy.moml.MoMLSimpleApplication@2c5af8a5
reloadAllAccessors: .CausalityInterface15

===========================================================================================
----------------- testing Mon Apr 13 13:55:04 UTC 2020 /home/travis/build/icyphy/ptII/ptolemy/domains/de/test/auto/CausalityInterface2.xml
----------------- Instantiating /home/travis/build/icyphy/ptII/ptolemy/domains/de/test/auto/CausalityInterface2.xml
1 ms. Memory: 51200K Free: 12571K (25%)
[...]
	at ptolemy.actor.Manager.run(Manager.java:1263)
	at ptolemy.actor.Manager$PtolemyRunThread.run(Manager.java:1933)
java.lang.RuntimeException: Execution failed
	at ptolemy.moml.MoMLSimpleApplication$UnloadThread.run(MoMLSimpleApplication.java:402)
Caused by: ptolemy.kernel.util.IllegalActionException: Actor is not ready to fire.  Perhaps UpSample.prefire() returned false? Try debugging the actor by selecting "Listen to Actor".  Also, for SDF check moml for tokenConsumptionRate on input.
  in .DESDFClockTest.Play Bell.Copy1:SDF Director and .DESDFClockTest.Play Bell.UpSample
	at ptolemy.actor.sched.StaticSchedulingDirector.fire(StaticSchedulingDirector.java:227)
	at ptolemy.domains.sdf.kernel.SDFDirector.fire(SDFDirector.java:500)
	at ptolemy.actor.CompositeActor.fire(CompositeActor.java:455)
	at ptolemy.domains.de.kernel.DEDirector._fire(DEDirector.java:1949)
	at ptolemy.domains.de.kernel.DEDirector.fire(DEDirector.java:502)
	at ptolemy.actor.CompositeActor.fire(CompositeActor.java:455)
	at ptolemy.actor.Manager.iterate(Manager.java:851)
	at ptolemy.actor.Manager.execute(Manager.java:369)
	at ptolemy.actor.Manager.run(Manager.java:1263)
	at ptolemy.actor.Manager$PtolemyRunThread.run(Manager.java:1933)
java.lang.reflect.InvocationTargetException
	at java.base/jdk.internal.reflect.NativeConstructorAccessorImpl.newInstance0(Native Method)
	at java.base/jdk.internal.reflect.NativeConstructorAccessorImpl.newInstance(NativeConstructorAccessorImpl.java:62)
	at java.base/jdk.internal.reflect.DelegatingConstructorAccessorImpl.newInstance(DelegatingConstructorAccessorImpl.java:45)
	at java.base/java.lang.reflect.Constructor.newInstance(Constructor.java:490)
	at ptolemy.util.test.junit.AutoKnownFailedTests.RunModel(AutoKnownFailedTests.java:105)
	at java.base/jdk.internal.reflect.NativeMethodAccessorImpl.invoke0(Native Method)
	at java.base/jdk.internal.reflect.NativeMethodAccessorImpl.invoke(NativeMethodAccessorImpl.java:62)
	at java.base/jdk.internal.reflect.DelegatingMethodAccessorImpl.invoke(DelegatingMethodAccessorImpl.java:43)
	at java.base/java.lang.reflect.Method.invoke(Method.java:566)
	at org.junit.runners.model.FrameworkMethod$1.runReflectiveCall(FrameworkMethod.java:44)
	at org.junit.internal.runners.model.ReflectiveCallable.run(ReflectiveCallable.java:15)
	at org.junit.runners.model.FrameworkMethod.invokeExplosively(FrameworkMethod.java:41)
	at junitparams.internal.InvokeParameterisedMethod.evaluate(InvokeParameterisedMethod.java:102)
	at org.junit.internal.runners.statements.FailOnTimeout$1.run(FailOnTimeout.java:28)
Caused by: ptolemy.kernel.util.IllegalActionException: Actor is not ready to fire.  Perhaps UpSample.prefire() returned false? Try debugging the actor by selecting "Listen to Actor".  Also, for SDF check moml for tokenConsumptionRate on input.
  in .DESDFClockTest.Play Bell.Copy1:SDF Director and .DESDFClockTest.Play Bell.UpSample
	at ptolemy.actor.sched.StaticSchedulingDirector.fire(StaticSchedulingDirector.java:227)
	at ptolemy.domains.sdf.kernel.SDFDirector.fire(SDFDirector.java:500)
	at ptolemy.actor.CompositeActor.fire(CompositeActor.java:455)
	at ptolemy.domains.de.kernel.DEDirector._fire(DEDirector.java:1949)
	at ptolemy.domains.de.kernel.DEDirector.fire(DEDirector.java:502)
	at ptolemy.actor.CompositeActor.fire(CompositeActor.java:455)
	at ptolemy.actor.Manager.iterate(Manager.java:851)
	at ptolemy.actor.Manager.execute(Manager.java:369)
	at ptolemy.actor.Manager.run(Manager.java:1263)
	at ptolemy.actor.Manager$PtolemyRunThread.run(Manager.java:1933)
java.lang.RuntimeException: Execution failed
	at ptolemy.moml.MoMLSimpleApplication$UnloadThread.run(MoMLSimpleApplication.java:402)
Caused by: ptolemy.kernel.util.IllegalActionException: Test fails in iteration 1.
Value was: 1.0. Should have been: 2.0
  in .DirectFeedback.Test
	at ptolemy.actor.lib.Test.fire(Test.java:268)
	at ptolemy.domains.de.kernel.DEDirector._fire(DEDirector.java:1949)
	at ptolemy.domains.de.kernel.DEDirector.fire(DEDirector.java:502)
	at ptolemy.actor.CompositeActor.fire(CompositeActor.java:455)
	at ptolemy.actor.Manager.iterate(Manager.java:851)
	at ptolemy.actor.Manager.execute(Manager.java:369)
	at ptolemy.actor.Manager.run(Manager.java:1263)
	at ptolemy.actor.Manager$PtolemyRunThread.run(Manager.java:1933)
java.lang.reflect.InvocationTargetException
	at java.base/jdk.internal.reflect.NativeConstructorAccessorImpl.newInstance0(Native Method)
	at java.base/jdk.internal.reflect.NativeConstructorAccessorImpl.newInstance(NativeConstructorAccessorImpl.java:62)
	at java.base/jdk.internal.reflect.DelegatingConstructorAccessorImpl.newInstance(DelegatingConstructorAccessorImpl.java:45)
	at java.base/java.lang.reflect.Constructor.newInstance(Constructor.java:490)
	at ptolemy.util.test.junit.AutoKnownFailedTests.RunModel(AutoKnownFailedTests.java:105)
	at java.base/jdk.internal.reflect.NativeMethodAccessorImpl.invoke0(Native Method)
	at java.base/jdk.internal.reflect.NativeMethodAccessorImpl.invoke(NativeMethodAccessorImpl.java:62)
	at java.base/jdk.internal.reflect.DelegatingMethodAccessorImpl.invoke(DelegatingMethodAccessorImpl.java:43)
	at java.base/java.lang.reflect.Method.invoke(Method.java:566)
	at org.junit.runners.model.FrameworkMethod$1.runReflectiveCall(FrameworkMethod.java:44)
	at org.junit.internal.runners.model.ReflectiveCallable.run(ReflectiveCallable.java:15)
	at org.junit.runners.model.FrameworkMethod.invokeExplosively(FrameworkMethod.java:41)
	at junitparams.internal.InvokeParameterisedMethod.evaluate(InvokeParameterisedMethod.java:102)
	at org.junit.internal.runners.statements.FailOnTimeout$1.run(FailOnTimeout.java:28)
Caused by: ptolemy.kernel.util.IllegalActionException: Test fails in iteration 1.
Value was: 1.0. Should have been: 2.0
  in .DirectFeedback.Test
	at ptolemy.actor.lib.Test.fire(Test.java:268)
	at ptolemy.domains.de.kernel.DEDirector._fire(DEDirector.java:1949)
	at ptolemy.domains.de.kernel.DEDirector.fire(DEDirector.java:502)
	at ptolemy.actor.CompositeActor.fire(CompositeActor.java:455)
	at ptolemy.actor.Manager.iterate(Manager.java:851)
	at ptolemy.actor.Manager.execute(Manager.java:369)
	at ptolemy.actor.Manager.run(Manager.java:1263)
	at ptolemy.actor.Manager$PtolemyRunThread.run(Manager.java:1933)
java.lang.RuntimeException: Execution failed
	at ptolemy.moml.MoMLSimpleApplication$UnloadThread.run(MoMLSimpleApplication.java:402)
Caused by: ptolemy.kernel.util.IllegalActionException: Found a zero delay loop containing .HierarchicalModel.A
  in .HierarchicalModel and .HierarchicalModel.A
	at ptolemy.actor.util.CausalityInterfaceForComposites._computeOutputPortDepth(CausalityInterfaceForComposites.java:759)
	at ptolemy.actor.util.CausalityInterfaceForComposites._computeInputDepth(CausalityInterfaceForComposites.java:696)
	at ptolemy.actor.util.CausalityInterfaceForComposites._computeOutputPortDepth(CausalityInterfaceForComposites.java:765)
	at ptolemy.actor.util.CausalityInterfaceForComposites._computeInputDepth(CausalityInterfaceForComposites.java:696)
	at ptolemy.actor.util.CausalityInterfaceForComposites._computeOutputPortDepth(CausalityInterfaceForComposites.java:765)
	at ptolemy.actor.util.CausalityInterfaceForComposites._computeInputDepth(CausalityInterfaceForComposites.java:696)
	at ptolemy.actor.util.CausalityInterfaceForComposites._computeActorDepth(CausalityInterfaceForComposites.java:532)
	at ptolemy.actor.util.CausalityInterfaceForComposites.checkForCycles(CausalityInterfaceForComposites.java:96)
	at ptolemy.domains.de.kernel.DEDirector.preinitialize(DEDirector.java:1338)
	at ptolemy.actor.CompositeActor.preinitialize(CompositeActor.java:1828)
	at ptolemy.actor.Manager.preinitializeAndResolveTypes(Manager.java:1040)
	at ptolemy.actor.Manager.initialize(Manager.java:710)
	at ptolemy.actor.Manager.execute(Manager.java:356)
	at ptolemy.actor.Manager.run(Manager.java:1263)
	at ptolemy.actor.Manager$PtolemyRunThread.run(Manager.java:1933)
java.lang.reflect.InvocationTargetException
	at java.base/jdk.internal.reflect.NativeConstructorAccessorImpl.newInstance0(Native Method)
	at java.base/jdk.internal.reflect.NativeConstructorAccessorImpl.newInstance(NativeConstructorAccessorImpl.java:62)
	at java.base/jdk.internal.reflect.DelegatingConstructorAccessorImpl.newInstance(DelegatingConstructorAccessorImpl.java:45)
	at java.base/java.lang.reflect.Constructor.newInstance(Constructor.java:490)
	at ptolemy.util.test.junit.AutoKnownFailedTests.RunModel(AutoKnownFailedTests.java:105)
	at java.base/jdk.internal.reflect.NativeMethodAccessorImpl.invoke0(Native Method)
	at java.base/jdk.internal.reflect.NativeMethodAccessorImpl.invoke(NativeMethodAccessorImpl.java:62)
	at java.base/jdk.internal.reflect.DelegatingMethodAccessorImpl.invoke(DelegatingMethodAccessorImpl.java:43)
	at java.base/java.lang.reflect.Method.invoke(Method.java:566)
	at org.junit.runners.model.FrameworkMethod$1.runReflectiveCall(FrameworkMethod.java:44)
	at org.junit.internal.runners.model.ReflectiveCallable.run(ReflectiveCallable.java:15)
	at org.junit.runners.model.FrameworkMethod.invokeExplosively(FrameworkMethod.java:41)
	at junitparams.internal.InvokeParameterisedMethod.evaluate(InvokeParameterisedMethod.java:102)
	at org.junit.internal.runners.statements.FailOnTimeout$1.run(FailOnTimeout.java:28)
Caused by: ptolemy.kernel.util.IllegalActionException: Found a zero delay loop containing .HierarchicalModel.A
  in .HierarchicalModel and .HierarchicalModel.A
	at ptolemy.actor.util.CausalityInterfaceForComposites._computeOutputPortDepth(CausalityInterfaceForComposites.java:759)
	at ptolemy.actor.util.CausalityInterfaceForComposites._computeInputDepth(CausalityInterfaceForComposites.java:696)
	at ptolemy.actor.util.CausalityInterfaceForComposites._computeOutputPortDepth(CausalityInterfaceForComposites.java:765)
	at ptolemy.actor.util.CausalityInterfaceForComposites._computeInputDepth(CausalityInterfaceForComposites.java:696)
	at ptolemy.actor.util.CausalityInterfaceForComposites._computeOutputPortDepth(CausalityInterfaceForComposites.java:765)
	at ptolemy.actor.util.CausalityInterfaceForComposites._computeInputDepth(CausalityInterfaceForComposites.java:696)
	at ptolemy.actor.util.CausalityInterfaceForComposites._computeActorDepth(CausalityInterfaceForComposites.java:532)
	at ptolemy.actor.util.CausalityInterfaceForComposites.checkForCycles(CausalityInterfaceForComposites.java:96)
	at ptolemy.domains.de.kernel.DEDirector.preinitialize(DEDirector.java:1338)
	at ptolemy.actor.CompositeActor.preinitialize(CompositeActor.java:1828)
	at ptolemy.actor.Manager.preinitializeAndResolveTypes(Manager.java:1040)
	at ptolemy.actor.Manager.initialize(Manager.java:710)
	at ptolemy.actor.Manager.execute(Manager.java:356)
	at ptolemy.actor.Manager.run(Manager.java:1263)
	at ptolemy.actor.Manager$PtolemyRunThread.run(Manager.java:1933)
java.lang.RuntimeException: Execution failed
	at ptolemy.moml.MoMLSimpleApplication$UnloadThread.run(MoMLSimpleApplication.java:402)
Caused by: ptolemy.kernel.util.IllegalActionException: Found a zero delay loop containing .dependencyLoop.original
  in .dependencyLoop and .dependencyLoop.original
	at ptolemy.actor.util.CausalityInterfaceForComposites._computeOutputPortDepth(CausalityInterfaceForComposites.java:759)
	at ptolemy.actor.util.CausalityInterfaceForComposites._computeInputDepth(CausalityInterfaceForComposites.java:696)
	at ptolemy.actor.util.CausalityInterfaceForComposites._computeOutputPortDepth(CausalityInterfaceForComposites.java:765)
	at ptolemy.actor.util.CausalityInterfaceForComposites._computeInputDepth(CausalityInterfaceForComposites.java:696)
	at ptolemy.actor.util.CausalityInterfaceForComposites._computeOutputPortDepth(CausalityInterfaceForComposites.java:765)
	at ptolemy.actor.util.CausalityInterfaceForComposites._computeInputDepth(CausalityInterfaceForComposites.java:696)
	at ptolemy.actor.util.CausalityInterfaceForComposites._computeActorDepth(CausalityInterfaceForComposites.java:532)
	at ptolemy.actor.util.CausalityInterfaceForComposites.checkForCycles(CausalityInterfaceForComposites.java:96)
	at ptolemy.domains.de.kernel.DEDirector.preinitialize(DEDirector.java:1338)
	at ptolemy.actor.CompositeActor.preinitialize(CompositeActor.java:1828)
	at ptolemy.actor.Manager.preinitializeAndResolveTypes(Manager.java:1040)
	at ptolemy.actor.Manager.initialize(Manager.java:710)
	at ptolemy.actor.Manager.execute(Manager.java:356)
	at ptolemy.actor.Manager.run(Manager.java:1263)
	at ptolemy.actor.Manager$PtolemyRunThread.run(Manager.java:1933)
java.lang.reflect.InvocationTargetException
	at java.base/jdk.internal.reflect.NativeConstructorAccessorImpl.newInstance0(Native Method)
	at java.base/jdk.internal.reflect.NativeConstructorAccessorImpl.newInstance(NativeConstructorAccessorImpl.java:62)
	at java.base/jdk.internal.reflect.DelegatingConstructorAccessorImpl.newInstance(DelegatingConstructorAccessorImpl.java:45)
	at java.base/java.lang.reflect.Constructor.newInstance(Constructor.java:490)
	at ptolemy.util.test.junit.AutoKnownFailedTests.RunModel(AutoKnownFailedTests.java:105)
	at java.base/jdk.internal.reflect.NativeMethodAccessorImpl.invoke0(Native Method)
	at java.base/jdk.internal.reflect.NativeMethodAccessorImpl.invoke(NativeMethodAccessorImpl.java:62)
	at java.base/jdk.internal.reflect.DelegatingMethodAccessorImpl.invoke(DelegatingMethodAccessorImpl.java:43)
	at java.base/java.lang.reflect.Method.invoke(Method.java:566)
	at org.junit.runners.model.FrameworkMethod$1.runReflectiveCall(FrameworkMethod.java:44)
	at org.junit.internal.runners.model.ReflectiveCallable.run(ReflectiveCallable.java:15)
	at org.junit.runners.model.FrameworkMethod.invokeExplosively(FrameworkMethod.java:41)
	at junitparams.internal.InvokeParameterisedMethod.evaluate(InvokeParameterisedMethod.java:102)
	at org.junit.internal.runners.statements.FailOnTimeout$1.run(FailOnTimeout.java:28)
Caused by: ptolemy.kernel.util.IllegalActionException: Found a zero delay loop containing .dependencyLoop.original
  in .dependencyLoop and .dependencyLoop.original
	at ptolemy.actor.util.CausalityInterfaceForComposites._computeOutputPortDepth(CausalityInterfaceForComposites.java:759)
	at ptolemy.actor.util.CausalityInterfaceForComposites._computeInputDepth(CausalityInterfaceForComposites.java:696)
	at ptolemy.actor.util.CausalityInterfaceForComposites._computeOutputPortDepth(CausalityInterfaceForComposites.java:765)
	at ptolemy.actor.util.CausalityInterfaceForComposites._computeInputDepth(CausalityInterfaceForComposites.java:696)
	at ptolemy.actor.util.CausalityInterfaceForComposites._computeOutputPortDepth(CausalityInterfaceForComposites.java:765)
	at ptolemy.actor.util.CausalityInterfaceForComposites._computeInputDepth(CausalityInterfaceForComposites.java:696)
	at ptolemy.actor.util.CausalityInterfaceForComposites._computeActorDepth(CausalityInterfaceForComposites.java:532)
	at ptolemy.actor.util.CausalityInterfaceForComposites.checkForCycles(CausalityInterfaceForComposites.java:96)
	at ptolemy.domains.de.kernel.DEDirector.preinitialize(DEDirector.java:1338)
	at ptolemy.actor.CompositeActor.preinitialize(CompositeActor.java:1828)
	at ptolemy.actor.Manager.preinitializeAndResolveTypes(Manager.java:1040)
	at ptolemy.actor.Manager.initialize(Manager.java:710)
	at ptolemy.actor.Manager.execute(Manager.java:356)
	at ptolemy.actor.Manager.run(Manager.java:1263)
	at ptolemy.actor.Manager$PtolemyRunThread.run(Manager.java:1933)
java.lang.RuntimeException: Execution failed
	at ptolemy.moml.MoMLSimpleApplication$UnloadThread.run(MoMLSimpleApplication.java:402)
Caused by: ptolemy.kernel.util.IllegalActionException: Found a zero delay loop containing .dependencyLoop2.original
  in .dependencyLoop2 and .dependencyLoop2.original
	at ptolemy.actor.util.CausalityInterfaceForComposites._computeOutputPortDepth(CausalityInterfaceForComposites.java:759)
	at ptolemy.actor.util.CausalityInterfaceForComposites._computeInputDepth(CausalityInterfaceForComposites.java:696)
	at ptolemy.actor.util.CausalityInterfaceForComposites._computeOutputPortDepth(CausalityInterfaceForComposites.java:765)
	at ptolemy.actor.util.CausalityInterfaceForComposites._computeInputDepth(CausalityInterfaceForComposites.java:696)
	at ptolemy.actor.util.CausalityInterfaceForComposites._computeOutputPortDepth(CausalityInterfaceForComposites.java:765)
	at ptolemy.actor.util.CausalityInterfaceForComposites._computeInputDepth(CausalityInterfaceForComposites.java:696)
	at ptolemy.actor.util.CausalityInterfaceForComposites._computeActorDepth(CausalityInterfaceForComposites.java:532)
	at ptolemy.actor.util.CausalityInterfaceForComposites.checkForCycles(CausalityInterfaceForComposites.java:96)
	at ptolemy.domains.de.kernel.DEDirector.preinitialize(DEDirector.java:1338)
	at ptolemy.actor.CompositeActor.preinitialize(CompositeActor.java:1828)
	at ptolemy.actor.Manager.preinitializeAndResolveTypes(Manager.java:1040)
	at ptolemy.actor.Manager.initialize(Manager.java:710)
	at ptolemy.actor.Manager.execute(Manager.java:356)
	at ptolemy.actor.Manager.run(Manager.java:1263)
	at ptolemy.actor.Manager$PtolemyRunThread.run(Manager.java:1933)
java.lang.reflect.InvocationTargetException
	at java.base/jdk.internal.reflect.NativeConstructorAccessorImpl.newInstance0(Native Method)
	at java.base/jdk.internal.reflect.NativeConstructorAccessorImpl.newInstance(NativeConstructorAccessorImpl.java:62)
	at java.base/jdk.internal.reflect.DelegatingConstructorAccessorImpl.newInstance(DelegatingConstructorAccessorImpl.java:45)
	at java.base/java.lang.reflect.Constructor.newInstance(Constructor.java:490)
	at ptolemy.util.test.junit.AutoKnownFailedTests.RunModel(AutoKnownFailedTests.java:105)
	at java.base/jdk.internal.reflect.NativeMethodAccessorImpl.invoke0(Native Method)
	at java.base/jdk.internal.reflect.NativeMethodAccessorImpl.invoke(NativeMethodAccessorImpl.java:62)
	at java.base/jdk.internal.reflect.DelegatingMethodAccessorImpl.invoke(DelegatingMethodAccessorImpl.java:43)
	at java.base/java.lang.reflect.Method.invoke(Method.java:566)
	at org.junit.runners.model.FrameworkMethod$1.runReflectiveCall(FrameworkMethod.java:44)
	at org.junit.internal.runners.model.ReflectiveCallable.run(ReflectiveCallable.java:15)
	at org.junit.runners.model.FrameworkMethod.invokeExplosively(FrameworkMethod.java:41)
	at junitparams.internal.InvokeParameterisedMethod.evaluate(InvokeParameterisedMethod.java:102)
	at org.junit.internal.runners.statements.FailOnTimeout$1.run(FailOnTimeout.java:28)
Caused by: ptolemy.kernel.util.IllegalActionException: Found a zero delay loop containing .dependencyLoop2.original
  in .dependencyLoop2 and .dependencyLoop2.original
	at ptolemy.actor.util.CausalityInterfaceForComposites._computeOutputPortDepth(CausalityInterfaceForComposites.java:759)
	at ptolemy.actor.util.CausalityInterfaceForComposites._computeInputDepth(CausalityInterfaceForComposites.java:696)
	at ptolemy.actor.util.CausalityInterfaceForComposites._computeOutputPortDepth(CausalityInterfaceForComposites.java:765)
	at ptolemy.actor.util.CausalityInterfaceForComposites._computeInputDepth(CausalityInterfaceForComposites.java:696)
	at ptolemy.actor.util.CausalityInterfaceForComposites._computeOutputPortDepth(CausalityInterfaceForComposites.java:765)
	at ptolemy.actor.util.CausalityInterfaceForComposites._computeInputDepth(CausalityInterfaceForComposites.java:696)
	at ptolemy.actor.util.CausalityInterfaceForComposites._computeActorDepth(CausalityInterfaceForComposites.java:532)
	at ptolemy.actor.util.CausalityInterfaceForComposites.checkForCycles(CausalityInterfaceForComposites.java:96)
	at ptolemy.domains.de.kernel.DEDirector.preinitialize(DEDirector.java:1338)
	at ptolemy.actor.CompositeActor.preinitialize(CompositeActor.java:1828)
	at ptolemy.actor.Manager.preinitializeAndResolveTypes(Manager.java:1040)
	at ptolemy.actor.Manager.initialize(Manager.java:710)
	at ptolemy.actor.Manager.execute(Manager.java:356)
	at ptolemy.actor.Manager.run(Manager.java:1263)
	at ptolemy.actor.Manager$PtolemyRunThread.run(Manager.java:1933)
]]></system-err>
</testsuite>
