<?xml version="1.0" encoding="UTF-8" ?>
<testsuite errors="0" failures="0" hostname="travis-job-17a2dfc6-e1b1-4200-be0d-69cd2e7a3c2c" name="org.hlacerti.test.junit.JUnitTclTest" skipped="0" tests="12" time="11.184" timestamp="2019-01-17T03:25:10">
  <properties>
[...]
</properties>
  <testcase classname="ptolemy.util.test.junit.TclTests" name="[0] ThereAreNoTclTests (RunTclFile)" time="0.001" />
  <testcase classname="ptolemy.util.test.junit.AutoKnownFailedTests" name="[0] /home/travis/build/icyphy/ptII/org/hlacerti/test/auto/knownFailedTests/1Value2Instances.xml (RunModel)" time="4.782" />
  <testcase classname="ptolemy.util.test.junit.AutoKnownFailedTests" name="[1] /home/travis/build/icyphy/ptII/org/hlacerti/test/auto/knownFailedTests/2Classes2Values2Instances.xml (RunModel)" time="1.324" />
  <testcase classname="ptolemy.util.test.junit.AutoKnownFailedTests" name="[2] /home/travis/build/icyphy/ptII/org/hlacerti/test/auto/knownFailedTests/2Values1Instance.xml (RunModel)" time="1.201" />
  <testcase classname="ptolemy.util.test.junit.AutoKnownFailedTests" name="[3] /home/travis/build/icyphy/ptII/org/hlacerti/test/auto/knownFailedTests/2Values2Instances.xml (RunModel)" time="1.148" />
  <testcase classname="ptolemy.util.test.junit.AutoKnownFailedTests" name="[4] /home/travis/build/icyphy/ptII/org/hlacerti/test/auto/knownFailedTests/3MultiDataTypes.xml (RunModel)" time="1.169" />
  <testcase classname="ptolemy.util.test.junit.AutoKnownFailedTests" name="[5] /home/travis/build/icyphy/ptII/org/hlacerti/test/auto/knownFailedTests/MultiDataTypes.xml (RunModel)" time="1.055" />
  <testcase classname="ptolemy.util.test.junit.AutoNameArchTests" name="[0] ThereAreNoAutoArchTests (RunModel)" time="0.007" />
  <testcase classname="ptolemy.util.test.junit.AutoTests" name="[0] /home/travis/build/icyphy/ptII/org/hlacerti/test/auto/1PublisherBadAttributeN.xml (RunModel)" time="0.042" />
  <testcase classname="ptolemy.util.test.junit.AutoTests" name="[1] /home/travis/build/icyphy/ptII/org/hlacerti/test/auto/1PublisherBadClassN.xml (RunModel)" time="0.002" />
  <testcase classname="ptolemy.util.test.junit.AutoTests" name="[2] /home/travis/build/icyphy/ptII/org/hlacerti/test/auto/1SubscriberBadAttributeN.xml (RunModel)" time="0.001" />
  <testcase classname="ptolemy.util.test.junit.AutoTests" name="[3] /home/travis/build/icyphy/ptII/org/hlacerti/test/auto/1SubscriberBadClassN.xml (RunModel)" time="0.001" />
  <system-out><![CDATA[No tcl tests in /home/travis/build/icyphy/ptII/org/hlacerti/test
----------------- testing (KnownFailure) /home/travis/build/icyphy/ptII/org/hlacerti/test/auto/knownFailedTests/1Value2Instances.xml
Federate: Receiver12 - Federation: StaticMultiInstance12 - preinitialize() - CERTI_FOM_PATH = /home/travis/pthla/certi-tools/share/federations
CertiRtig: the os.name property is: Linux
CertiRtig: .DistributedReceiver1.HlaManager: About to invoke rtig: 
command: [/bin/sh, -c, /home/travis/pthla/certi-tools/bin/rtig]
environment: [LD_LIBRARY_PATH=/home/travis/pthla/certi-tools/lib:/home/travis/pthla/certi-tools/lib:/usr/lib/jni:/usr/local/share/OpenCV/java/:/usr/share/OpenCV/java:, CERTI_FOM_PATH=/home/travis/pthla/certi-tools/share/federations]
directory: /home/travis/build/icyphy/ptII/org/hlacerti/test/auto/knownFailedTests/StaticMultiInstance/1Value2Instances
Federate: Sender12 - Federation: StaticMultiInstance12 - preinitialize() - CERTI_FOM_PATH = /home/travis/pthla/certi-tools/share/federations
Federate: Sender12 - Federation: StaticMultiInstance12 - Creating RTI Ambassador
Federate: Receiver12 - Federation: StaticMultiInstance12 - Creating RTI Ambassador
Federate: Sender12 - Federation: StaticMultiInstance12 - RTI Ambassador created.
Federate: Sender12 - Federation: StaticMultiInstance12 - Creating Federation execution.
Federate: Receiver12 - Federation: StaticMultiInstance12 - RTI Ambassador created.
Federate: Receiver12 - Federation: StaticMultiInstance12 - Creating Federation execution.
Federate: Sender12 - Federation: StaticMultiInstance12 - createFederationExecution: FED file on RTIG machine = StaticMultiInstance12.fed
Federate: Sender12 - Federation: StaticMultiInstance12 - Joining the federation.
Federate: Receiver12 - Federation: StaticMultiInstance12 - Joining the federation.
Federate: Sender12 - Federation: StaticMultiInstance12 - Initializing the RTI Ambassador
Federate: Receiver12 - Federation: StaticMultiInstance12 - Initializing the RTI Ambassador
Federate: Sender12 - Federation: StaticMultiInstance12 - wrapup() - Resigned Federation execution
Federate: Sender12 - Federation: StaticMultiInstance12 - wrapup() - Federates are still joined to the federation. Wait some time and try again to destroy the federation.
Federate: Receiver12 - Federation: StaticMultiInstance12 - wrapup() - Resigned Federation execution
Federate: Receiver12 - Federation: StaticMultiInstance12 - Killing the RTIG process (if authorized by the system)
*********** Sending kill message to RTIG.
CertiRtig: .DistributedReceiver1.HlaManager: About to terminate RTIG by sending it SIGINT.
1248 ms. Memory: 116224K Free: 108573K (93%)
Federate: Sender12 - Federation: StaticMultiInstance12 - wrapup() - Federation destroyed by this federate.
2233 ms. Memory: 116224K Free: 108573K (93%)
4280 ms. Memory: 116224K Free: 108573K (93%)
----------------- testing (KnownFailure) /home/travis/build/icyphy/ptII/org/hlacerti/test/auto/knownFailedTests/2Classes2Values2Instances.xml
Federate: ReceiverTAR222 - Federation: StaticMultiInstance222 - preinitialize() - CERTI_FOM_PATH = /home/travis/pthla/certi-tools/share/federations
CertiRtig: the os.name property is: Linux
CertiRtig: .DistributedReceiver1.HlaManager: About to invoke rtig: 
command: [/bin/sh, -c, /home/travis/pthla/certi-tools/bin/rtig]
environment: [LD_LIBRARY_PATH=/home/travis/pthla/certi-tools/lib:/home/travis/pthla/certi-tools/lib:/usr/lib/jni:/usr/local/share/OpenCV/java/:/usr/share/OpenCV/java:, CERTI_FOM_PATH=/home/travis/pthla/certi-tools/share/federations]
directory: /home/travis/build/icyphy/ptII/org/hlacerti/test/auto/knownFailedTests/StaticMultiInstance/2Classes2Values2Instances
Federate: SenderTAR222 - Federation: StaticMultiInstance222 - preinitialize() - CERTI_FOM_PATH = /home/travis/pthla/certi-tools/share/federations
Federate: ReceiverTAR222 - Federation: StaticMultiInstance222 - Creating RTI Ambassador
Federate: SenderTAR222 - Federation: StaticMultiInstance222 - Creating RTI Ambassador
Federate: ReceiverTAR222 - Federation: StaticMultiInstance222 - RTI Ambassador created.
Federate: ReceiverTAR222 - Federation: StaticMultiInstance222 - Creating Federation execution.
Federate: ReceiverTAR222 - Federation: StaticMultiInstance222 - createFederationExecution: RTIG failed to open FED file: StaticMultiInstance222.fed
Federate: ReceiverTAR222 - Federation: StaticMultiInstance222 - Killing the RTIG process (if authorized by the system)
*********** Sending kill message to RTIG.
CertiRtig: .DistributedReceiver1.HlaManager: About to terminate RTIG by sending it SIGINT.
1030 ms. Memory: 116224K Free: 108118K (93%)
Federate: SenderTAR222 - Federation: StaticMultiInstance222 - RTI Ambassador created.
Federate: SenderTAR222 - Federation: StaticMultiInstance222 - Creating Federation execution.
Federate: SenderTAR222 - Federation: StaticMultiInstance222 - createFederationExecution: RTIG failed to open FED file: StaticMultiInstance222.fed
34 ms. Memory: 116224K Free: 108031K (93%)
1066 ms. Memory: 116224K Free: 108031K (93%)
Known Failure: java.lang.reflect.InvocationTargetException
----------------- testing (KnownFailure) /home/travis/build/icyphy/ptII/org/hlacerti/test/auto/knownFailedTests/2Values1Instance.xml
Federate: ReceiverNER21 - Federation: StaticMultiInstance21 - preinitialize() - CERTI_FOM_PATH = /home/travis/pthla/certi-tools/share/federations
CertiRtig: the os.name property is: Linux
CertiRtig: .DistributedReceiver1.HlaManager: About to invoke rtig: 
command: [/bin/sh, -c, /home/travis/pthla/certi-tools/bin/rtig]
environment: [LD_LIBRARY_PATH=/home/travis/pthla/certi-tools/lib:/home/travis/pthla/certi-tools/lib:/usr/lib/jni:/usr/local/share/OpenCV/java/:/usr/share/OpenCV/java:, CERTI_FOM_PATH=/home/travis/pthla/certi-tools/share/federations]
directory: /home/travis/build/icyphy/ptII/org/hlacerti/test/auto/knownFailedTests/StaticMultiInstance/2Values1Instance
Federate: SenderNER21 - Federation: StaticMultiInstance21 - preinitialize() - CERTI_FOM_PATH = /home/travis/pthla/certi-tools/share/federations
Federate: SenderNER21 - Federation: StaticMultiInstance21 - Creating RTI Ambassador
Federate: ReceiverNER21 - Federation: StaticMultiInstance21 - Creating RTI Ambassador
Federate: ReceiverNER21 - Federation: StaticMultiInstance21 - RTI Ambassador created.
Federate: ReceiverNER21 - Federation: StaticMultiInstance21 - Creating Federation execution.
Federate: SenderNER21 - Federation: StaticMultiInstance21 - RTI Ambassador created.
Federate: SenderNER21 - Federation: StaticMultiInstance21 - Creating Federation execution.
Federate: ReceiverNER21 - Federation: StaticMultiInstance21 - createFederationExecution: RTIG failed to open FED file: StaticMultiInstance21.fed
Federate: SenderNER21 - Federation: StaticMultiInstance21 - createFederationExecution: RTIG failed to open FED file: StaticMultiInstance21.fed
Federate: ReceiverNER21 - Federation: StaticMultiInstance21 - Killing the RTIG process (if authorized by the system)
*********** Sending kill message to RTIG.
CertiRtig: .DistributedReceiver1.HlaManager: About to terminate RTIG by sending it SIGINT.
1044 ms. Memory: 116224K Free: 108956K (94%)
27 ms. Memory: 116224K Free: 108956K (94%)
1060 ms. Memory: 116224K Free: 108956K (94%)
Known Failure: java.lang.reflect.InvocationTargetException
----------------- testing (KnownFailure) /home/travis/build/icyphy/ptII/org/hlacerti/test/auto/knownFailedTests/2Values2Instances.xml
Federate: ReceiverTAR22 - Federation: StaticMultiInstance22 - preinitialize() - CERTI_FOM_PATH = /home/travis/pthla/certi-tools/share/federations
CertiRtig: the os.name property is: Linux
CertiRtig: .DistributedReceiver1.HlaManager: About to invoke rtig: 
command: [/bin/sh, -c, /home/travis/pthla/certi-tools/bin/rtig]
environment: [LD_LIBRARY_PATH=/home/travis/pthla/certi-tools/lib:/home/travis/pthla/certi-tools/lib:/usr/lib/jni:/usr/local/share/OpenCV/java/:/usr/share/OpenCV/java:, CERTI_FOM_PATH=/home/travis/pthla/certi-tools/share/federations]
directory: /home/travis/build/icyphy/ptII/org/hlacerti/test/auto/knownFailedTests/StaticMultiInstance/2Values2Instances
Federate: ReceiverTAR22 - Federation: StaticMultiInstance22 - Creating RTI Ambassador
Federate: SenderTAR22 - Federation: StaticMultiInstance22 - preinitialize() - CERTI_FOM_PATH = /home/travis/pthla/certi-tools/share/federations
Federate: SenderTAR22 - Federation: StaticMultiInstance22 - Creating RTI Ambassador
Federate: ReceiverTAR22 - Federation: StaticMultiInstance22 - RTI Ambassador created.
Federate: ReceiverTAR22 - Federation: StaticMultiInstance22 - Creating Federation execution.
Federate: ReceiverTAR22 - Federation: StaticMultiInstance22 - createFederationExecution: RTIG failed to open FED file: StaticMultiInstance22.fed
Federate: ReceiverTAR22 - Federation: StaticMultiInstance22 - Killing the RTIG process (if authorized by the system)
*********** Sending kill message to RTIG.
CertiRtig: .DistributedReceiver1.HlaManager: About to terminate RTIG by sending it SIGINT.
1036 ms. Memory: 115712K Free: 108937K (94%)
Federate: SenderTAR22 - Federation: StaticMultiInstance22 - RTI Ambassador created.
Federate: SenderTAR22 - Federation: StaticMultiInstance22 - Creating Federation execution.
Federate: SenderTAR22 - Federation: StaticMultiInstance22 - createFederationExecution: RTIG failed to open FED file: StaticMultiInstance22.fed
27 ms. Memory: 115712K Free: 108727K (94%)
1059 ms. Memory: 115712K Free: 108640K (94%)
Known Failure: java.lang.reflect.InvocationTargetException
----------------- testing (KnownFailure) /home/travis/build/icyphy/ptII/org/hlacerti/test/auto/knownFailedTests/3MultiDataTypes.xml
Federate: Consumer - Federation: MultiDataTypes - preinitialize() - CERTI_FOM_PATH = /home/travis/pthla/certi-tools/share/federations
CertiRtig: the os.name property is: Linux
CertiRtig: .MultiDataTypesConsumer.HlaManager: About to invoke rtig: 
command: [/bin/sh, -c, /home/travis/pthla/certi-tools/bin/rtig]
environment: [LD_LIBRARY_PATH=/home/travis/pthla/certi-tools/lib:/home/travis/pthla/certi-tools/lib:/usr/lib/jni:/usr/local/share/OpenCV/java/:/usr/share/OpenCV/java:, CERTI_FOM_PATH=/home/travis/pthla/certi-tools/share/federations]
directory: /home/travis/build/icyphy/ptII/org/hlacerti/test/auto/knownFailedTests/StaticMultiInstance/MultiDataTypes
Federate: Consumer - Federation: MultiDataTypes - Creating RTI Ambassador
Federate: Producer - Federation: MultiDataTypes - preinitialize() - CERTI_FOM_PATH = /home/travis/pthla/certi-tools/share/federations
Federate: Producer - Federation: MultiDataTypes - Creating RTI Ambassador
Federate: Consumer - Federation: MultiDataTypes - RTI Ambassador created.
Federate: Consumer - Federation: MultiDataTypes - Creating Federation execution.
Federate: Consumer - Federation: MultiDataTypes - createFederationExecution: RTIG failed to open FED file: MultiDataTypes.fed
Federate: Consumer - Federation: MultiDataTypes - Killing the RTIG process (if authorized by the system)
*********** Sending kill message to RTIG.
CertiRtig: .MultiDataTypesConsumer.HlaManager: About to terminate RTIG by sending it SIGINT.
1025 ms. Memory: 114688K Free: 106395K (93%)
Federate: Producer - Federation: MultiDataTypes - RTI Ambassador created.
Federate: Producer - Federation: MultiDataTypes - Creating Federation execution.
Federate: Producer - Federation: MultiDataTypes - createFederationExecution: RTIG failed to open FED file: MultiDataTypes.fed
24 ms. Memory: 114688K Free: 106160K (93%)
1054 ms. Memory: 114688K Free: 106160K (93%)
Known Failure: java.lang.reflect.InvocationTargetException
----------------- testing (KnownFailure) /home/travis/build/icyphy/ptII/org/hlacerti/test/auto/knownFailedTests/MultiDataTypes.xml
Federate: Consumer - Federation: MultiDataTypes - preinitialize() - CERTI_FOM_PATH = /home/travis/pthla/certi-tools/share/federations
CertiRtig: the os.name property is: Linux
CertiRtig: .MultiDataTypesConsumer.HlaManager: About to invoke rtig: 
command: [/bin/sh, -c, /home/travis/pthla/certi-tools/bin/rtig]
environment: [LD_LIBRARY_PATH=/home/travis/pthla/certi-tools/lib:/home/travis/pthla/certi-tools/lib:/usr/lib/jni:/usr/local/share/OpenCV/java/:/usr/share/OpenCV/java:, CERTI_FOM_PATH=/home/travis/pthla/certi-tools/share/federations]
directory: /home/travis/build/icyphy/ptII/org/hlacerti/test/auto/knownFailedTests/StaticMultiInstance/MultiDataTypes
Federate: Producer - Federation: MultiDataTypes - preinitialize() - CERTI_FOM_PATH = /home/travis/pthla/certi-tools/share/federations
Federate: Producer - Federation: MultiDataTypes - Creating RTI Ambassador
Federate: Producer - Federation: MultiDataTypes - RTI Ambassador created.
Federate: Producer - Federation: MultiDataTypes - Creating Federation execution.
Federate: Producer - Federation: MultiDataTypes - createFederationExecution: RTIG failed to open FED file: MultiDataTypes.fed
9 ms. Memory: 114688K Free: 96734K (84%)
1022 ms. Memory: 114688K Free: 96734K (84%)
Federate: Consumer - Federation: MultiDataTypes - Creating RTI Ambassador
Federate: Consumer - Federation: MultiDataTypes - RTI Ambassador created.
Federate: Consumer - Federation: MultiDataTypes - Creating Federation execution.
Federate: Consumer - Federation: MultiDataTypes - createFederationExecution: RTIG failed to open FED file: MultiDataTypes.fed
Known Failure: java.lang.reflect.InvocationTargetException
Federate: Consumer - Federation: MultiDataTypes - Killing the RTIG process (if authorized by the system)
*********** Sending kill message to RTIG.
CertiRtig: .MultiDataTypesConsumer.HlaManager: About to terminate RTIG by sending it SIGINT.
1032 ms. Memory: 114688K Free: 95944K (84%)
No auto/linux-amd64/*.xml tests in /home/travis/build/icyphy/ptII/org/hlacerti/test
AutoTests.java: About to close Vertx.
AutoTests.java: Vertx closed.

===========================================================================================
----------------- *** Skipping testing of /home/travis/build/icyphy/ptII/org/hlacerti/test/auto/1PublisherBadAttributeN.xml because it does fails under Travis.  To updated this list, edit ptolemy/util/test/junit/AutoTests.java

===========================================================================================
----------------- *** Skipping testing of /home/travis/build/icyphy/ptII/org/hlacerti/test/auto/1PublisherBadClassN.xml because it does fails under Travis.  To updated this list, edit ptolemy/util/test/junit/AutoTests.java

===========================================================================================
----------------- *** Skipping testing of /home/travis/build/icyphy/ptII/org/hlacerti/test/auto/1SubscriberBadAttributeN.xml because it does fails under Travis.  To updated this list, edit ptolemy/util/test/junit/AutoTests.java

===========================================================================================
----------------- *** Skipping testing of /home/travis/build/icyphy/ptII/org/hlacerti/test/auto/1SubscriberBadClassN.xml because it does fails under Travis.  To updated this list, edit ptolemy/util/test/junit/AutoTests.java
AutoTests.java: About to close Vertx.
AutoTests.java: Vertx closed.
]]></system-out>
  <system-err><![CDATA[ptolemy.kernel.util.InternalErrorException: Stdout-0 IOExeception throwed.
  in .DistributedReceiver1.HlaManager
Because:
Stream closed
	at org.hlacerti.lib.CertiRtig$_StreamReaderThread._read(CertiRtig.java:405)
	at org.hlacerti.lib.CertiRtig$_StreamReaderThread.run(CertiRtig.java:374)
Caused by: java.io.IOException: Stream closed
	at java.io.BufferedInputStream.getBufIfOpen(BufferedInputStream.java:170)
	at java.io.BufferedInputStream.read1(BufferedInputStream.java:283)
	at java.io.BufferedInputStream.read(BufferedInputStream.java:345)
	at sun.nio.cs.StreamDecoder.readBytes(StreamDecoder.java:284)
	at sun.nio.cs.StreamDecoder.implRead(StreamDecoder.java:326)
	at sun.nio.cs.StreamDecoder.read(StreamDecoder.java:178)
	at java.io.InputStreamReader.read(InputStreamReader.java:184)
	at org.hlacerti.lib.CertiRtig$_StreamReaderThread._read(CertiRtig.java:394)
	... 1 more
Caused by: java.io.IOException: Stream closed
	at java.io.BufferedInputStream.getBufIfOpen(BufferedInputStream.java:170)
	at java.io.BufferedInputStream.read1(BufferedInputStream.java:283)
	at java.io.BufferedInputStream.read(BufferedInputStream.java:345)
	at sun.nio.cs.StreamDecoder.readBytes(StreamDecoder.java:284)
	at sun.nio.cs.StreamDecoder.implRead(StreamDecoder.java:326)
	at sun.nio.cs.StreamDecoder.read(StreamDecoder.java:178)
	at java.io.InputStreamReader.read(InputStreamReader.java:184)
	at org.hlacerti.lib.CertiRtig$_StreamReaderThread._read(CertiRtig.java:394)
	at org.hlacerti.lib.CertiRtig$_StreamReaderThread.run(CertiRtig.java:374)
ptolemy.kernel.util.IllegalActionException: RTIG could not open FED file: StaticMultiInstance222.fed
  in .DistributedReceiver1.HlaManager
Because:
Module not found
	at org.hlacerti.lib.HlaManager.initialize(HlaManager.java:747)
	at ptolemy.actor.CompositeActor.initialize(CompositeActor.java:912)
	at ptolemy.actor.Manager.initialize(Manager.java:724)
	at ptolemy.actor.Manager.execute(Manager.java:356)
	at ptolemy.actor.lib.hoc.ModelReference$1.run(ModelReference.java:626)
Caused by: hla.rti.CouldNotOpenFED: Module not found serial:0
	at certi.rti.impl.CertiRtiAmbassador.translateException(Unknown Source)
	at certi.rti.impl.CertiRtiAmbassador.processRequest(Unknown Source)
	at certi.rti.impl.CertiRtiAmbassador.createFederationExecution(Unknown Source)
	at org.hlacerti.lib.HlaManager.initialize(HlaManager.java:734)
	... 4 more
Caused by: hla.rti.CouldNotOpenFED: Module not found serial:0
	at certi.rti.impl.CertiRtiAmbassador.translateException(Unknown Source)
	at certi.rti.impl.CertiRtiAmbassador.processRequest(Unknown Source)
	at certi.rti.impl.CertiRtiAmbassador.createFederationExecution(Unknown Source)
	at org.hlacerti.lib.HlaManager.initialize(HlaManager.java:734)
	at ptolemy.actor.CompositeActor.initialize(CompositeActor.java:912)
	at ptolemy.actor.Manager.initialize(Manager.java:724)
	at ptolemy.actor.Manager.execute(Manager.java:356)
	at ptolemy.actor.lib.hoc.ModelReference$1.run(ModelReference.java:626)
java.lang.RuntimeException: ptolemy.kernel.util.IllegalActionException: RTIG could not open FED file: StaticMultiInstance222.fed
  in .DistributedReceiver1.HlaManager
Because:
Module not found
	at ptolemy.util.MessageHandler.error(MessageHandler.java:115)
	at ptolemy.actor.lib.hoc.ModelReference.executionError(ModelReference.java:450)
	at ptolemy.actor.Manager$ErrorReportingThread.run(Manager.java:1890)
Caused by: ptolemy.kernel.util.IllegalActionException: RTIG could not open FED file: StaticMultiInstance222.fed
  in .DistributedReceiver1.HlaManager
Because:
Module not found
	at org.hlacerti.lib.HlaManager.initialize(HlaManager.java:747)
	at ptolemy.actor.CompositeActor.initialize(CompositeActor.java:912)
	at ptolemy.actor.Manager.initialize(Manager.java:724)
	at ptolemy.actor.Manager.execute(Manager.java:356)
	at ptolemy.actor.lib.hoc.ModelReference$1.run(ModelReference.java:626)
Caused by: hla.rti.CouldNotOpenFED: Module not found serial:0
	at certi.rti.impl.CertiRtiAmbassador.translateException(Unknown Source)
	at certi.rti.impl.CertiRtiAmbassador.processRequest(Unknown Source)
	at certi.rti.impl.CertiRtiAmbassador.createFederationExecution(Unknown Source)
	at org.hlacerti.lib.HlaManager.initialize(HlaManager.java:734)
	... 4 more
java.lang.RuntimeException: Execution failed
	at ptolemy.moml.MoMLSimpleApplication$UnloadThread.run(MoMLSimpleApplication.java:402)
Caused by: ptolemy.kernel.util.IllegalActionException: Execution failed.
  in .2Classes2Values2Instances.DistributedSender1
Because:
RTIG could not open FED file: StaticMultiInstance222.fed
  in .DistributedSender1.HlaManager
Because:
Module not found
	at ptolemy.actor.lib.hoc.ModelReference.fire(ModelReference.java:588)
	at ptolemy.vergil.actor.lib.VisualModelReference.fire(VisualModelReference.java:414)
	at ptolemy.actor.AtomicActor.iterate(AtomicActor.java:512)
	at ptolemy.actor.Director.fire(Director.java:360)
	at ptolemy.actor.CompositeActor.fire(CompositeActor.java:455)
	at ptolemy.actor.Manager.iterate(Manager.java:851)
	at ptolemy.actor.Manager.execute(Manager.java:369)
	at ptolemy.actor.Manager.run(Manager.java:1263)
	at ptolemy.actor.Manager$PtolemyRunThread.run(Manager.java:1915)
Caused by: ptolemy.kernel.util.IllegalActionException: RTIG could not open FED file: StaticMultiInstance222.fed
  in .DistributedSender1.HlaManager
Because:
Module not found
	at org.hlacerti.lib.HlaManager.initialize(HlaManager.java:747)
	at ptolemy.actor.CompositeActor.initialize(CompositeActor.java:912)
	at ptolemy.actor.Manager.initialize(Manager.java:724)
	at ptolemy.actor.Manager.execute(Manager.java:356)
	at ptolemy.actor.lib.hoc.ModelReference.fire(ModelReference.java:586)
	... 8 more
Caused by: hla.rti.CouldNotOpenFED: Module not found serial:0
	at certi.rti.impl.CertiRtiAmbassador.translateException(Unknown Source)
	at certi.rti.impl.CertiRtiAmbassador.processRequest(Unknown Source)
	at certi.rti.impl.CertiRtiAmbassador.createFederationExecution(Unknown Source)
	at org.hlacerti.lib.HlaManager.initialize(HlaManager.java:734)
	... 12 more
java.lang.reflect.InvocationTargetException
	at sun.reflect.NativeConstructorAccessorImpl.newInstance0(Native Method)
	at sun.reflect.NativeConstructorAccessorImpl.newInstance(NativeConstructorAccessorImpl.java:62)
	at sun.reflect.DelegatingConstructorAccessorImpl.newInstance(DelegatingConstructorAccessorImpl.java:45)
	at java.lang.reflect.Constructor.newInstance(Constructor.java:423)
	at ptolemy.util.test.junit.AutoKnownFailedTests.RunModel(AutoKnownFailedTests.java:105)
	at sun.reflect.NativeMethodAccessorImpl.invoke0(Native Method)
	at sun.reflect.NativeMethodAccessorImpl.invoke(NativeMethodAccessorImpl.java:62)
	at sun.reflect.DelegatingMethodAccessorImpl.invoke(DelegatingMethodAccessorImpl.java:43)
	at java.lang.reflect.Method.invoke(Method.java:498)
	at org.junit.runners.model.FrameworkMethod$1.runReflectiveCall(FrameworkMethod.java:44)
	at org.junit.internal.runners.model.ReflectiveCallable.run(ReflectiveCallable.java:15)
	at org.junit.runners.model.FrameworkMethod.invokeExplosively(FrameworkMethod.java:41)
	at junitparams.internal.InvokeParameterisedMethod.evaluate(InvokeParameterisedMethod.java:102)
	at org.junit.internal.runners.statements.FailOnTimeout$1.run(FailOnTimeout.java:28)
Caused by: ptolemy.kernel.util.IllegalActionException: Execution failed.
  in .2Classes2Values2Instances.DistributedSender1
Because:
RTIG could not open FED file: StaticMultiInstance222.fed
  in .DistributedSender1.HlaManager
Because:
Module not found
	at ptolemy.actor.lib.hoc.ModelReference.fire(ModelReference.java:588)
	at ptolemy.vergil.actor.lib.VisualModelReference.fire(VisualModelReference.java:414)
	at ptolemy.actor.AtomicActor.iterate(AtomicActor.java:512)
	at ptolemy.actor.Director.fire(Director.java:360)
	at ptolemy.actor.CompositeActor.fire(CompositeActor.java:455)
	at ptolemy.actor.Manager.iterate(Manager.java:851)
	at ptolemy.actor.Manager.execute(Manager.java:369)
	at ptolemy.actor.Manager.run(Manager.java:1263)
	at ptolemy.actor.Manager$PtolemyRunThread.run(Manager.java:1915)
Caused by: ptolemy.kernel.util.IllegalActionException: RTIG could not open FED file: StaticMultiInstance222.fed
  in .DistributedSender1.HlaManager
Because:
Module not found
	at org.hlacerti.lib.HlaManager.initialize(HlaManager.java:747)
	at ptolemy.actor.CompositeActor.initialize(CompositeActor.java:912)
	at ptolemy.actor.Manager.initialize(Manager.java:724)
	at ptolemy.actor.Manager.execute(Manager.java:356)
	at ptolemy.actor.lib.hoc.ModelReference.fire(ModelReference.java:586)
	... 8 more
Caused by: hla.rti.CouldNotOpenFED: Module not found serial:0
	at certi.rti.impl.CertiRtiAmbassador.translateException(Unknown Source)
	at certi.rti.impl.CertiRtiAmbassador.processRequest(Unknown Source)
	at certi.rti.impl.CertiRtiAmbassador.createFederationExecution(Unknown Source)
	at org.hlacerti.lib.HlaManager.initialize(HlaManager.java:734)
	... 12 more
java.lang.RuntimeException: Execution failed
	at ptolemy.moml.MoMLSimpleApplication$UnloadThread.run(MoMLSimpleApplication.java:402)
Caused by: ptolemy.kernel.util.IllegalActionException: Execution failed.
  in .2Values1Instance.DistributedSender1
Because:
RTIG could not open FED file: StaticMultiInstance21.fed
  in .DistributedSender1.HlaManager
Because:
Module not found
	at ptolemy.actor.lib.hoc.ModelReference.fire(ModelReference.java:588)
	at ptolemy.vergil.actor.lib.VisualModelReference.fire(VisualModelReference.java:414)
	at ptolemy.actor.AtomicActor.iterate(AtomicActor.java:512)
	at ptolemy.actor.Director.fire(Director.java:360)
	at ptolemy.actor.CompositeActor.fire(CompositeActor.java:455)
	at ptolemy.actor.Manager.iterate(Manager.java:851)
	at ptolemy.actor.Manager.execute(Manager.java:369)
	at ptolemy.actor.Manager.run(Manager.java:1263)
	at ptolemy.actor.Manager$PtolemyRunThread.run(Manager.java:1915)
Caused by: ptolemy.kernel.util.IllegalActionException: RTIG could not open FED file: StaticMultiInstance21.fed
  in .DistributedSender1.HlaManager
Because:
Module not found
	at org.hlacerti.lib.HlaManager.initialize(HlaManager.java:747)
	at ptolemy.actor.CompositeActor.initialize(CompositeActor.java:912)
	at ptolemy.actor.Manager.initialize(Manager.java:724)
	at ptolemy.actor.Manager.execute(Manager.java:356)
	at ptolemy.actor.lib.hoc.ModelReference.fire(ModelReference.java:586)
	... 8 more
Caused by: hla.rti.CouldNotOpenFED: Module not found serial:0
	at certi.rti.impl.CertiRtiAmbassador.translateException(Unknown Source)
	at certi.rti.impl.CertiRtiAmbassador.processRequest(Unknown Source)
	at certi.rti.impl.CertiRtiAmbassador.createFederationExecution(Unknown Source)
	at org.hlacerti.lib.HlaManager.initialize(HlaManager.java:734)
	... 12 more
java.lang.reflect.InvocationTargetException
	at sun.reflect.NativeConstructorAccessorImpl.newInstance0(Native Method)
	at sun.reflect.NativeConstructorAccessorImpl.newInstance(NativeConstructorAccessorImpl.java:62)
	at sun.reflect.DelegatingConstructorAccessorImpl.newInstance(DelegatingConstructorAccessorImpl.java:45)
	at java.lang.reflect.Constructor.newInstance(Constructor.java:423)
	at ptolemy.util.test.junit.AutoKnownFailedTests.RunModel(AutoKnownFailedTests.java:105)
	at sun.reflect.NativeMethodAccessorImpl.invoke0(Native Method)
	at sun.reflect.NativeMethodAccessorImpl.invoke(NativeMethodAccessorImpl.java:62)
	at sun.reflect.DelegatingMethodAccessorImpl.invoke(DelegatingMethodAccessorImpl.java:43)
	at java.lang.reflect.Method.invoke(Method.java:498)
	at org.junit.runners.model.FrameworkMethod$1.runReflectiveCall(FrameworkMethod.java:44)
	at org.junit.internal.runners.model.ReflectiveCallable.run(ReflectiveCallable.java:15)
	at org.junit.runners.model.FrameworkMethod.invokeExplosively(FrameworkMethod.java:41)
	at junitparams.internal.InvokeParameterisedMethod.evaluate(InvokeParameterisedMethod.java:102)
	at org.junit.internal.runners.statements.FailOnTimeout$1.run(FailOnTimeout.java:28)
Caused by: ptolemy.kernel.util.IllegalActionException: Execution failed.
  in .2Values1Instance.DistributedSender1
Because:
RTIG could not open FED file: StaticMultiInstance21.fed
  in .DistributedSender1.HlaManager
Because:
Module not found
	at ptolemy.actor.lib.hoc.ModelReference.fire(ModelReference.java:588)
	at ptolemy.vergil.actor.lib.VisualModelReference.fire(VisualModelReference.java:414)
	at ptolemy.actor.AtomicActor.iterate(AtomicActor.java:512)
	at ptolemy.actor.Director.fire(Director.java:360)
	at ptolemy.actor.CompositeActor.fire(CompositeActor.java:455)
	at ptolemy.actor.Manager.iterate(Manager.java:851)
	at ptolemy.actor.Manager.execute(Manager.java:369)
	at ptolemy.actor.Manager.run(Manager.java:1263)
	at ptolemy.actor.Manager$PtolemyRunThread.run(Manager.java:1915)
Caused by: ptolemy.kernel.util.IllegalActionException: RTIG could not open FED file: StaticMultiInstance21.fed
  in .DistributedSender1.HlaManager
Because:
Module not found
	at org.hlacerti.lib.HlaManager.initialize(HlaManager.java:747)
	at ptolemy.actor.CompositeActor.initialize(CompositeActor.java:912)
	at ptolemy.actor.Manager.initialize(Manager.java:724)
	at ptolemy.actor.Manager.execute(Manager.java:356)
	at ptolemy.actor.lib.hoc.ModelReference.fire(ModelReference.java:586)
	... 8 more
Caused by: hla.rti.CouldNotOpenFED: Module not found serial:0
	at certi.rti.impl.CertiRtiAmbassador.translateException(Unknown Source)
	at certi.rti.impl.CertiRtiAmbassador.processRequest(Unknown Source)
	at certi.rti.impl.CertiRtiAmbassador.createFederationExecution(Unknown Source)
	at org.hlacerti.lib.HlaManager.initialize(HlaManager.java:734)
	... 12 more
ptolemy.kernel.util.IllegalActionException: RTIG could not open FED file: StaticMultiInstance21.fed
  in .DistributedReceiver1.HlaManager
Because:
Module not found
	at org.hlacerti.lib.HlaManager.initialize(HlaManager.java:747)
	at ptolemy.actor.CompositeActor.initialize(CompositeActor.java:912)
	at ptolemy.actor.Manager.initialize(Manager.java:724)
	at ptolemy.actor.Manager.execute(Manager.java:356)
	at ptolemy.actor.lib.hoc.ModelReference$1.run(ModelReference.java:626)
Caused by: hla.rti.CouldNotOpenFED: Module not found serial:0
	at certi.rti.impl.CertiRtiAmbassador.translateException(Unknown Source)
	at certi.rti.impl.CertiRtiAmbassador.processRequest(Unknown Source)
	at certi.rti.impl.CertiRtiAmbassador.createFederationExecution(Unknown Source)
	at org.hlacerti.lib.HlaManager.initialize(HlaManager.java:734)
	... 4 more
Caused by: hla.rti.CouldNotOpenFED: Module not found serial:0
	at certi.rti.impl.CertiRtiAmbassador.translateException(Unknown Source)
	at certi.rti.impl.CertiRtiAmbassador.processRequest(Unknown Source)
	at certi.rti.impl.CertiRtiAmbassador.createFederationExecution(Unknown Source)
	at org.hlacerti.lib.HlaManager.initialize(HlaManager.java:734)
	at ptolemy.actor.CompositeActor.initialize(CompositeActor.java:912)
	at ptolemy.actor.Manager.initialize(Manager.java:724)
	at ptolemy.actor.Manager.execute(Manager.java:356)
	at ptolemy.actor.lib.hoc.ModelReference$1.run(ModelReference.java:626)
java.lang.RuntimeException: ptolemy.kernel.util.IllegalActionException: RTIG could not open FED file: StaticMultiInstance21.fed
  in .DistributedReceiver1.HlaManager
Because:
Module not found
	at ptolemy.util.MessageHandler.error(MessageHandler.java:115)
	at ptolemy.actor.lib.hoc.ModelReference.executionError(ModelReference.java:450)
	at ptolemy.actor.Manager$ErrorReportingThread.run(Manager.java:1890)
Caused by: ptolemy.kernel.util.IllegalActionException: RTIG could not open FED file: StaticMultiInstance21.fed
  in .DistributedReceiver1.HlaManager
Because:
Module not found
	at org.hlacerti.lib.HlaManager.initialize(HlaManager.java:747)
	at ptolemy.actor.CompositeActor.initialize(CompositeActor.java:912)
	at ptolemy.actor.Manager.initialize(Manager.java:724)
	at ptolemy.actor.Manager.execute(Manager.java:356)
	at ptolemy.actor.lib.hoc.ModelReference$1.run(ModelReference.java:626)
Caused by: hla.rti.CouldNotOpenFED: Module not found serial:0
	at certi.rti.impl.CertiRtiAmbassador.translateException(Unknown Source)
	at certi.rti.impl.CertiRtiAmbassador.processRequest(Unknown Source)
	at certi.rti.impl.CertiRtiAmbassador.createFederationExecution(Unknown Source)
	at org.hlacerti.lib.HlaManager.initialize(HlaManager.java:734)
	... 4 more
ptolemy.kernel.util.IllegalActionException: RTIG could not open FED file: StaticMultiInstance22.fed
  in .DistributedReceiver1.HlaManager
Because:
Module not found
	at org.hlacerti.lib.HlaManager.initialize(HlaManager.java:747)
	at ptolemy.actor.CompositeActor.initialize(CompositeActor.java:912)
	at ptolemy.actor.Manager.initialize(Manager.java:724)
	at ptolemy.actor.Manager.execute(Manager.java:356)
	at ptolemy.actor.lib.hoc.ModelReference$1.run(ModelReference.java:626)
Caused by: hla.rti.CouldNotOpenFED: Module not found serial:0
	at certi.rti.impl.CertiRtiAmbassador.translateException(Unknown Source)
	at certi.rti.impl.CertiRtiAmbassador.processRequest(Unknown Source)
	at certi.rti.impl.CertiRtiAmbassador.createFederationExecution(Unknown Source)
	at org.hlacerti.lib.HlaManager.initialize(HlaManager.java:734)
	... 4 more
Caused by: hla.rti.CouldNotOpenFED: Module not found serial:0
	at certi.rti.impl.CertiRtiAmbassador.translateException(Unknown Source)
	at certi.rti.impl.CertiRtiAmbassador.processRequest(Unknown Source)
	at certi.rti.impl.CertiRtiAmbassador.createFederationExecution(Unknown Source)
	at org.hlacerti.lib.HlaManager.initialize(HlaManager.java:734)
	at ptolemy.actor.CompositeActor.initialize(CompositeActor.java:912)
	at ptolemy.actor.Manager.initialize(Manager.java:724)
	at ptolemy.actor.Manager.execute(Manager.java:356)
	at ptolemy.actor.lib.hoc.ModelReference$1.run(ModelReference.java:626)
java.lang.RuntimeException: ptolemy.kernel.util.IllegalActionException: RTIG could not open FED file: StaticMultiInstance22.fed
  in .DistributedReceiver1.HlaManager
Because:
Module not found
	at ptolemy.util.MessageHandler.error(MessageHandler.java:115)
	at ptolemy.actor.lib.hoc.ModelReference.executionError(ModelReference.java:450)
	at ptolemy.actor.Manager$ErrorReportingThread.run(Manager.java:1890)
Caused by: ptolemy.kernel.util.IllegalActionException: RTIG could not open FED file: StaticMultiInstance22.fed
  in .DistributedReceiver1.HlaManager
Because:
Module not found
	at org.hlacerti.lib.HlaManager.initialize(HlaManager.java:747)
	at ptolemy.actor.CompositeActor.initialize(CompositeActor.java:912)
	at ptolemy.actor.Manager.initialize(Manager.java:724)
	at ptolemy.actor.Manager.execute(Manager.java:356)
	at ptolemy.actor.lib.hoc.ModelReference$1.run(ModelReference.java:626)
Caused by: hla.rti.CouldNotOpenFED: Module not found serial:0
	at certi.rti.impl.CertiRtiAmbassador.translateException(Unknown Source)
	at certi.rti.impl.CertiRtiAmbassador.processRequest(Unknown Source)
	at certi.rti.impl.CertiRtiAmbassador.createFederationExecution(Unknown Source)
	at org.hlacerti.lib.HlaManager.initialize(HlaManager.java:734)
	... 4 more
java.lang.RuntimeException: Execution failed
	at ptolemy.moml.MoMLSimpleApplication$UnloadThread.run(MoMLSimpleApplication.java:402)
Caused by: ptolemy.kernel.util.IllegalActionException: Execution failed.
  in .2Values2Instances.DistributedSender1
Because:
RTIG could not open FED file: StaticMultiInstance22.fed
  in .DistributedSender1.HlaManager
Because:
Module not found
	at ptolemy.actor.lib.hoc.ModelReference.fire(ModelReference.java:588)
	at ptolemy.vergil.actor.lib.VisualModelReference.fire(VisualModelReference.java:414)
	at ptolemy.actor.AtomicActor.iterate(AtomicActor.java:512)
	at ptolemy.actor.Director.fire(Director.java:360)
	at ptolemy.actor.CompositeActor.fire(CompositeActor.java:455)
	at ptolemy.actor.Manager.iterate(Manager.java:851)
	at ptolemy.actor.Manager.execute(Manager.java:369)
	at ptolemy.actor.Manager.run(Manager.java:1263)
	at ptolemy.actor.Manager$PtolemyRunThread.run(Manager.java:1915)
Caused by: ptolemy.kernel.util.IllegalActionException: RTIG could not open FED file: StaticMultiInstance22.fed
  in .DistributedSender1.HlaManager
Because:
Module not found
	at org.hlacerti.lib.HlaManager.initialize(HlaManager.java:747)
	at ptolemy.actor.CompositeActor.initialize(CompositeActor.java:912)
	at ptolemy.actor.Manager.initialize(Manager.java:724)
	at ptolemy.actor.Manager.execute(Manager.java:356)
	at ptolemy.actor.lib.hoc.ModelReference.fire(ModelReference.java:586)
	... 8 more
Caused by: hla.rti.CouldNotOpenFED: Module not found serial:0
	at certi.rti.impl.CertiRtiAmbassador.translateException(Unknown Source)
	at certi.rti.impl.CertiRtiAmbassador.processRequest(Unknown Source)
	at certi.rti.impl.CertiRtiAmbassador.createFederationExecution(Unknown Source)
	at org.hlacerti.lib.HlaManager.initialize(HlaManager.java:734)
	... 12 more
java.lang.reflect.InvocationTargetException
	at sun.reflect.NativeConstructorAccessorImpl.newInstance0(Native Method)
	at sun.reflect.NativeConstructorAccessorImpl.newInstance(NativeConstructorAccessorImpl.java:62)
	at sun.reflect.DelegatingConstructorAccessorImpl.newInstance(DelegatingConstructorAccessorImpl.java:45)
	at java.lang.reflect.Constructor.newInstance(Constructor.java:423)
	at ptolemy.util.test.junit.AutoKnownFailedTests.RunModel(AutoKnownFailedTests.java:105)
	at sun.reflect.NativeMethodAccessorImpl.invoke0(Native Method)
	at sun.reflect.NativeMethodAccessorImpl.invoke(NativeMethodAccessorImpl.java:62)
	at sun.reflect.DelegatingMethodAccessorImpl.invoke(DelegatingMethodAccessorImpl.java:43)
	at java.lang.reflect.Method.invoke(Method.java:498)
	at org.junit.runners.model.FrameworkMethod$1.runReflectiveCall(FrameworkMethod.java:44)
	at org.junit.internal.runners.model.ReflectiveCallable.run(ReflectiveCallable.java:15)
	at org.junit.runners.model.FrameworkMethod.invokeExplosively(FrameworkMethod.java:41)
	at junitparams.internal.InvokeParameterisedMethod.evaluate(InvokeParameterisedMethod.java:102)
	at org.junit.internal.runners.statements.FailOnTimeout$1.run(FailOnTimeout.java:28)
Caused by: ptolemy.kernel.util.IllegalActionException: Execution failed.
  in .2Values2Instances.DistributedSender1
Because:
RTIG could not open FED file: StaticMultiInstance22.fed
  in .DistributedSender1.HlaManager
Because:
Module not found
	at ptolemy.actor.lib.hoc.ModelReference.fire(ModelReference.java:588)
	at ptolemy.vergil.actor.lib.VisualModelReference.fire(VisualModelReference.java:414)
	at ptolemy.actor.AtomicActor.iterate(AtomicActor.java:512)
	at ptolemy.actor.Director.fire(Director.java:360)
	at ptolemy.actor.CompositeActor.fire(CompositeActor.java:455)
	at ptolemy.actor.Manager.iterate(Manager.java:851)
	at ptolemy.actor.Manager.execute(Manager.java:369)
	at ptolemy.actor.Manager.run(Manager.java:1263)
	at ptolemy.actor.Manager$PtolemyRunThread.run(Manager.java:1915)
Caused by: ptolemy.kernel.util.IllegalActionException: RTIG could not open FED file: StaticMultiInstance22.fed
  in .DistributedSender1.HlaManager
Because:
Module not found
	at org.hlacerti.lib.HlaManager.initialize(HlaManager.java:747)
	at ptolemy.actor.CompositeActor.initialize(CompositeActor.java:912)
	at ptolemy.actor.Manager.initialize(Manager.java:724)
	at ptolemy.actor.Manager.execute(Manager.java:356)
	at ptolemy.actor.lib.hoc.ModelReference.fire(ModelReference.java:586)
	... 8 more
Caused by: hla.rti.CouldNotOpenFED: Module not found serial:0
	at certi.rti.impl.CertiRtiAmbassador.translateException(Unknown Source)
	at certi.rti.impl.CertiRtiAmbassador.processRequest(Unknown Source)
	at certi.rti.impl.CertiRtiAmbassador.createFederationExecution(Unknown Source)
	at org.hlacerti.lib.HlaManager.initialize(HlaManager.java:734)
	... 12 more
ptolemy.kernel.util.IllegalActionException: RTIG could not open FED file: MultiDataTypes.fed
  in .MultiDataTypesConsumer.HlaManager
Because:
Module not found
	at org.hlacerti.lib.HlaManager.initialize(HlaManager.java:747)
	at ptolemy.actor.CompositeActor.initialize(CompositeActor.java:912)
	at ptolemy.actor.Manager.initialize(Manager.java:724)
	at ptolemy.actor.Manager.execute(Manager.java:356)
	at ptolemy.actor.lib.hoc.ModelReference$1.run(ModelReference.java:626)
Caused by: hla.rti.CouldNotOpenFED: Module not found serial:0
	at certi.rti.impl.CertiRtiAmbassador.translateException(Unknown Source)
	at certi.rti.impl.CertiRtiAmbassador.processRequest(Unknown Source)
	at certi.rti.impl.CertiRtiAmbassador.createFederationExecution(Unknown Source)
	at org.hlacerti.lib.HlaManager.initialize(HlaManager.java:734)
	... 4 more
Caused by: hla.rti.CouldNotOpenFED: Module not found serial:0
	at certi.rti.impl.CertiRtiAmbassador.translateException(Unknown Source)
	at certi.rti.impl.CertiRtiAmbassador.processRequest(Unknown Source)
	at certi.rti.impl.CertiRtiAmbassador.createFederationExecution(Unknown Source)
	at org.hlacerti.lib.HlaManager.initialize(HlaManager.java:734)
	at ptolemy.actor.CompositeActor.initialize(CompositeActor.java:912)
	at ptolemy.actor.Manager.initialize(Manager.java:724)
	at ptolemy.actor.Manager.execute(Manager.java:356)
	at ptolemy.actor.lib.hoc.ModelReference$1.run(ModelReference.java:626)
java.lang.RuntimeException: ptolemy.kernel.util.IllegalActionException: RTIG could not open FED file: MultiDataTypes.fed
  in .MultiDataTypesConsumer.HlaManager
Because:
Module not found
	at ptolemy.util.MessageHandler.error(MessageHandler.java:115)
	at ptolemy.actor.lib.hoc.ModelReference.executionError(ModelReference.java:450)
	at ptolemy.actor.Manager$ErrorReportingThread.run(Manager.java:1890)
Caused by: ptolemy.kernel.util.IllegalActionException: RTIG could not open FED file: MultiDataTypes.fed
  in .MultiDataTypesConsumer.HlaManager
Because:
Module not found
	at org.hlacerti.lib.HlaManager.initialize(HlaManager.java:747)
	at ptolemy.actor.CompositeActor.initialize(CompositeActor.java:912)
	at ptolemy.actor.Manager.initialize(Manager.java:724)
	at ptolemy.actor.Manager.execute(Manager.java:356)
	at ptolemy.actor.lib.hoc.ModelReference$1.run(ModelReference.java:626)
Caused by: hla.rti.CouldNotOpenFED: Module not found serial:0
	at certi.rti.impl.CertiRtiAmbassador.translateException(Unknown Source)
	at certi.rti.impl.CertiRtiAmbassador.processRequest(Unknown Source)
	at certi.rti.impl.CertiRtiAmbassador.createFederationExecution(Unknown Source)
	at org.hlacerti.lib.HlaManager.initialize(HlaManager.java:734)
	... 4 more
java.lang.RuntimeException: Execution failed
	at ptolemy.moml.MoMLSimpleApplication$UnloadThread.run(MoMLSimpleApplication.java:402)
Caused by: ptolemy.kernel.util.IllegalActionException: Execution failed.
  in .3MultiDataTypes.Producer
Because:
RTIG could not open FED file: MultiDataTypes.fed
  in .MultiDataTypesProducer.HlaManager
Because:
Module not found
	at ptolemy.actor.lib.hoc.ModelReference.fire(ModelReference.java:588)
	at ptolemy.vergil.actor.lib.VisualModelReference.fire(VisualModelReference.java:414)
	at ptolemy.actor.AtomicActor.iterate(AtomicActor.java:512)
	at ptolemy.actor.Director.fire(Director.java:360)
	at ptolemy.actor.CompositeActor.fire(CompositeActor.java:455)
	at ptolemy.actor.Manager.iterate(Manager.java:851)
	at ptolemy.actor.Manager.execute(Manager.java:369)
	at ptolemy.actor.Manager.run(Manager.java:1263)
	at ptolemy.actor.Manager$PtolemyRunThread.run(Manager.java:1915)
Caused by: ptolemy.kernel.util.IllegalActionException: RTIG could not open FED file: MultiDataTypes.fed
  in .MultiDataTypesProducer.HlaManager
Because:
Module not found
	at org.hlacerti.lib.HlaManager.initialize(HlaManager.java:747)
	at ptolemy.actor.CompositeActor.initialize(CompositeActor.java:912)
	at ptolemy.actor.Manager.initialize(Manager.java:724)
	at ptolemy.actor.Manager.execute(Manager.java:356)
	at ptolemy.actor.lib.hoc.ModelReference.fire(ModelReference.java:586)
	... 8 more
Caused by: hla.rti.CouldNotOpenFED: Module not found serial:0
	at certi.rti.impl.CertiRtiAmbassador.translateException(Unknown Source)
	at certi.rti.impl.CertiRtiAmbassador.processRequest(Unknown Source)
	at certi.rti.impl.CertiRtiAmbassador.createFederationExecution(Unknown Source)
	at org.hlacerti.lib.HlaManager.initialize(HlaManager.java:734)
	... 12 more
java.lang.reflect.InvocationTargetException
	at sun.reflect.NativeConstructorAccessorImpl.newInstance0(Native Method)
	at sun.reflect.NativeConstructorAccessorImpl.newInstance(NativeConstructorAccessorImpl.java:62)
	at sun.reflect.DelegatingConstructorAccessorImpl.newInstance(DelegatingConstructorAccessorImpl.java:45)
	at java.lang.reflect.Constructor.newInstance(Constructor.java:423)
	at ptolemy.util.test.junit.AutoKnownFailedTests.RunModel(AutoKnownFailedTests.java:105)
	at sun.reflect.NativeMethodAccessorImpl.invoke0(Native Method)
	at sun.reflect.NativeMethodAccessorImpl.invoke(NativeMethodAccessorImpl.java:62)
	at sun.reflect.DelegatingMethodAccessorImpl.invoke(DelegatingMethodAccessorImpl.java:43)
	at java.lang.reflect.Method.invoke(Method.java:498)
	at org.junit.runners.model.FrameworkMethod$1.runReflectiveCall(FrameworkMethod.java:44)
	at org.junit.internal.runners.model.ReflectiveCallable.run(ReflectiveCallable.java:15)
	at org.junit.runners.model.FrameworkMethod.invokeExplosively(FrameworkMethod.java:41)
	at junitparams.internal.InvokeParameterisedMethod.evaluate(InvokeParameterisedMethod.java:102)
	at org.junit.internal.runners.statements.FailOnTimeout$1.run(FailOnTimeout.java:28)
Caused by: ptolemy.kernel.util.IllegalActionException: Execution failed.
  in .3MultiDataTypes.Producer
Because:
RTIG could not open FED file: MultiDataTypes.fed
  in .MultiDataTypesProducer.HlaManager
Because:
Module not found
	at ptolemy.actor.lib.hoc.ModelReference.fire(ModelReference.java:588)
	at ptolemy.vergil.actor.lib.VisualModelReference.fire(VisualModelReference.java:414)
	at ptolemy.actor.AtomicActor.iterate(AtomicActor.java:512)
	at ptolemy.actor.Director.fire(Director.java:360)
	at ptolemy.actor.CompositeActor.fire(CompositeActor.java:455)
	at ptolemy.actor.Manager.iterate(Manager.java:851)
	at ptolemy.actor.Manager.execute(Manager.java:369)
	at ptolemy.actor.Manager.run(Manager.java:1263)
	at ptolemy.actor.Manager$PtolemyRunThread.run(Manager.java:1915)
Caused by: ptolemy.kernel.util.IllegalActionException: RTIG could not open FED file: MultiDataTypes.fed
  in .MultiDataTypesProducer.HlaManager
Because:
Module not found
	at org.hlacerti.lib.HlaManager.initialize(HlaManager.java:747)
	at ptolemy.actor.CompositeActor.initialize(CompositeActor.java:912)
	at ptolemy.actor.Manager.initialize(Manager.java:724)
	at ptolemy.actor.Manager.execute(Manager.java:356)
	at ptolemy.actor.lib.hoc.ModelReference.fire(ModelReference.java:586)
	... 8 more
Caused by: hla.rti.CouldNotOpenFED: Module not found serial:0
	at certi.rti.impl.CertiRtiAmbassador.translateException(Unknown Source)
	at certi.rti.impl.CertiRtiAmbassador.processRequest(Unknown Source)
	at certi.rti.impl.CertiRtiAmbassador.createFederationExecution(Unknown Source)
	at org.hlacerti.lib.HlaManager.initialize(HlaManager.java:734)
	... 12 more
java.lang.RuntimeException: Execution failed
	at ptolemy.moml.MoMLSimpleApplication$UnloadThread.run(MoMLSimpleApplication.java:402)
Caused by: ptolemy.kernel.util.IllegalActionException: Execution failed.
  in .MultiDataTypes.producer
Because:
RTIG could not open FED file: MultiDataTypes.fed
  in .MultiDataTypesProducer.HlaManager
Because:
Module not found
	at ptolemy.actor.lib.hoc.ModelReference.fire(ModelReference.java:588)
	at ptolemy.vergil.actor.lib.VisualModelReference.fire(VisualModelReference.java:414)
	at ptolemy.actor.AtomicActor.iterate(AtomicActor.java:512)
	at ptolemy.actor.Director.fire(Director.java:360)
	at ptolemy.actor.CompositeActor.fire(CompositeActor.java:455)
	at ptolemy.actor.Manager.iterate(Manager.java:851)
	at ptolemy.actor.Manager.execute(Manager.java:369)
	at ptolemy.actor.Manager.run(Manager.java:1263)
	at ptolemy.actor.Manager$PtolemyRunThread.run(Manager.java:1915)
Caused by: ptolemy.kernel.util.IllegalActionException: RTIG could not open FED file: MultiDataTypes.fed
  in .MultiDataTypesProducer.HlaManager
Because:
Module not found
	at org.hlacerti.lib.HlaManager.initialize(HlaManager.java:747)
	at ptolemy.actor.CompositeActor.initialize(CompositeActor.java:912)
	at ptolemy.actor.Manager.initialize(Manager.java:724)
	at ptolemy.actor.Manager.execute(Manager.java:356)
	at ptolemy.actor.lib.hoc.ModelReference.fire(ModelReference.java:586)
	... 8 more
Caused by: hla.rti.CouldNotOpenFED: Module not found serial:0
	at certi.rti.impl.CertiRtiAmbassador.translateException(Unknown Source)
	at certi.rti.impl.CertiRtiAmbassador.processRequest(Unknown Source)
	at certi.rti.impl.CertiRtiAmbassador.createFederationExecution(Unknown Source)
	at org.hlacerti.lib.HlaManager.initialize(HlaManager.java:734)
	... 12 more
java.lang.reflect.InvocationTargetException
	at sun.reflect.NativeConstructorAccessorImpl.newInstance0(Native Method)
	at sun.reflect.NativeConstructorAccessorImpl.newInstance(NativeConstructorAccessorImpl.java:62)
	at sun.reflect.DelegatingConstructorAccessorImpl.newInstance(DelegatingConstructorAccessorImpl.java:45)
	at java.lang.reflect.Constructor.newInstance(Constructor.java:423)
	at ptolemy.util.test.junit.AutoKnownFailedTests.RunModel(AutoKnownFailedTests.java:105)
	at sun.reflect.NativeMethodAccessorImpl.invoke0(Native Method)
	at sun.reflect.NativeMethodAccessorImpl.invoke(NativeMethodAccessorImpl.java:62)
	at sun.reflect.DelegatingMethodAccessorImpl.invoke(DelegatingMethodAccessorImpl.java:43)
	at java.lang.reflect.Method.invoke(Method.java:498)
	at org.junit.runners.model.FrameworkMethod$1.runReflectiveCall(FrameworkMethod.java:44)
	at org.junit.internal.runners.model.ReflectiveCallable.run(ReflectiveCallable.java:15)
	at org.junit.runners.model.FrameworkMethod.invokeExplosively(FrameworkMethod.java:41)
	at junitparams.internal.InvokeParameterisedMethod.evaluate(InvokeParameterisedMethod.java:102)
	at org.junit.internal.runners.statements.FailOnTimeout$1.run(FailOnTimeout.java:28)
Caused by: ptolemy.kernel.util.IllegalActionException: Execution failed.
  in .MultiDataTypes.producer
Because:
RTIG could not open FED file: MultiDataTypes.fed
  in .MultiDataTypesProducer.HlaManager
Because:
Module not found
	at ptolemy.actor.lib.hoc.ModelReference.fire(ModelReference.java:588)
	at ptolemy.vergil.actor.lib.VisualModelReference.fire(VisualModelReference.java:414)
	at ptolemy.actor.AtomicActor.iterate(AtomicActor.java:512)
	at ptolemy.actor.Director.fire(Director.java:360)
	at ptolemy.actor.CompositeActor.fire(CompositeActor.java:455)
	at ptolemy.actor.Manager.iterate(Manager.java:851)
	at ptolemy.actor.Manager.execute(Manager.java:369)
	at ptolemy.actor.Manager.run(Manager.java:1263)
	at ptolemy.actor.Manager$PtolemyRunThread.run(Manager.java:1915)
Caused by: ptolemy.kernel.util.IllegalActionException: RTIG could not open FED file: MultiDataTypes.fed
  in .MultiDataTypesProducer.HlaManager
Because:
Module not found
	at org.hlacerti.lib.HlaManager.initialize(HlaManager.java:747)
	at ptolemy.actor.CompositeActor.initialize(CompositeActor.java:912)
	at ptolemy.actor.Manager.initialize(Manager.java:724)
	at ptolemy.actor.Manager.execute(Manager.java:356)
	at ptolemy.actor.lib.hoc.ModelReference.fire(ModelReference.java:586)
	... 8 more
Caused by: hla.rti.CouldNotOpenFED: Module not found serial:0
	at certi.rti.impl.CertiRtiAmbassador.translateException(Unknown Source)
	at certi.rti.impl.CertiRtiAmbassador.processRequest(Unknown Source)
	at certi.rti.impl.CertiRtiAmbassador.createFederationExecution(Unknown Source)
	at org.hlacerti.lib.HlaManager.initialize(HlaManager.java:734)
	... 12 more
ptolemy.kernel.util.IllegalActionException: RTIG could not open FED file: MultiDataTypes.fed
  in .MultiDataTypesConsumer.HlaManager
Because:
Module not found
	at org.hlacerti.lib.HlaManager.initialize(HlaManager.java:747)
	at ptolemy.actor.CompositeActor.initialize(CompositeActor.java:912)
	at ptolemy.actor.Manager.initialize(Manager.java:724)
	at ptolemy.actor.Manager.execute(Manager.java:356)
	at ptolemy.actor.lib.hoc.ModelReference$1.run(ModelReference.java:626)
Caused by: hla.rti.CouldNotOpenFED: Module not found serial:0
	at certi.rti.impl.CertiRtiAmbassador.translateException(Unknown Source)
	at certi.rti.impl.CertiRtiAmbassador.processRequest(Unknown Source)
	at certi.rti.impl.CertiRtiAmbassador.createFederationExecution(Unknown Source)
	at org.hlacerti.lib.HlaManager.initialize(HlaManager.java:734)
	... 4 more
Caused by: hla.rti.CouldNotOpenFED: Module not found serial:0
	at certi.rti.impl.CertiRtiAmbassador.translateException(Unknown Source)
	at certi.rti.impl.CertiRtiAmbassador.processRequest(Unknown Source)
	at certi.rti.impl.CertiRtiAmbassador.createFederationExecution(Unknown Source)
	at org.hlacerti.lib.HlaManager.initialize(HlaManager.java:734)
	at ptolemy.actor.CompositeActor.initialize(CompositeActor.java:912)
	at ptolemy.actor.Manager.initialize(Manager.java:724)
	at ptolemy.actor.Manager.execute(Manager.java:356)
	at ptolemy.actor.lib.hoc.ModelReference$1.run(ModelReference.java:626)
java.lang.RuntimeException: ptolemy.kernel.util.IllegalActionException: RTIG could not open FED file: MultiDataTypes.fed
  in .MultiDataTypesConsumer.HlaManager
Because:
Module not found
	at ptolemy.util.MessageHandler.error(MessageHandler.java:115)
	at ptolemy.actor.lib.hoc.ModelReference.executionError(ModelReference.java:450)
	at ptolemy.actor.Manager$ErrorReportingThread.run(Manager.java:1890)
Caused by: ptolemy.kernel.util.IllegalActionException: RTIG could not open FED file: MultiDataTypes.fed
  in .MultiDataTypesConsumer.HlaManager
Because:
Module not found
	at org.hlacerti.lib.HlaManager.initialize(HlaManager.java:747)
	at ptolemy.actor.CompositeActor.initialize(CompositeActor.java:912)
	at ptolemy.actor.Manager.initialize(Manager.java:724)
	at ptolemy.actor.Manager.execute(Manager.java:356)
	at ptolemy.actor.lib.hoc.ModelReference$1.run(ModelReference.java:626)
Caused by: hla.rti.CouldNotOpenFED: Module not found serial:0
	at certi.rti.impl.CertiRtiAmbassador.translateException(Unknown Source)
	at certi.rti.impl.CertiRtiAmbassador.processRequest(Unknown Source)
	at certi.rti.impl.CertiRtiAmbassador.createFederationExecution(Unknown Source)
	at org.hlacerti.lib.HlaManager.initialize(HlaManager.java:734)
	... 4 more
]]></system-err>
</testsuite>
