<?xml version="1.0" encoding="UTF-8" ?>
<testsuite errors="0" failures="0" hostname="travis-job-327cd0c3-9ddf-46a6-8ded-60b5414e16a4" name="ptolemy.domains.de.test.junit.JUnitTclTest" skipped="0" tests="101" time="136.831" timestamp="2019-07-20T00:19:32">
  <properties>
[...]
</properties>
  <testcase classname="ptolemy.util.test.junit.TclTests" name="[0] /home/travis/build/icyphy/ptII/ptolemy/domains/de/test/DependencyLoop.tcl (RunTclFile)" time="1.124" />
  <testcase classname="ptolemy.util.test.junit.TclTests" name="[1] /home/travis/build/icyphy/ptII/ptolemy/domains/de/test/RunDETestsAsQSS.tcl (RunTclFile)" time="93.274" />
  <testcase classname="ptolemy.util.test.junit.AutoKnownFailedTests" name="[0] /home/travis/build/icyphy/ptII/ptolemy/domains/de/test/auto/knownFailedTests/DESDFClockTest.xml (RunModel)" time="2.042" />
  <testcase classname="ptolemy.util.test.junit.AutoKnownFailedTests" name="[1] /home/travis/build/icyphy/ptII/ptolemy/domains/de/test/auto/knownFailedTests/DirectFeedback.xml (RunModel)" time="0.011" />
  <testcase classname="ptolemy.util.test.junit.AutoKnownFailedTests" name="[2] /home/travis/build/icyphy/ptII/ptolemy/domains/de/test/auto/knownFailedTests/FSMSource.xml (RunModel)" time="0.03" />
  <testcase classname="ptolemy.util.test.junit.AutoKnownFailedTests" name="[3] /home/travis/build/icyphy/ptII/ptolemy/domains/de/test/auto/knownFailedTests/HierarchicalModel.xml (RunModel)" time="0.05" />
  <testcase classname="ptolemy.util.test.junit.AutoKnownFailedTests" name="[4] /home/travis/build/icyphy/ptII/ptolemy/domains/de/test/auto/knownFailedTests/dependencyLoop.xml (RunModel)" time="0.054" />
  <testcase classname="ptolemy.util.test.junit.AutoKnownFailedTests" name="[5] /home/travis/build/icyphy/ptII/ptolemy/domains/de/test/auto/knownFailedTests/dependencyLoop2.xml (RunModel)" time="0.044" />
  <testcase classname="ptolemy.util.test.junit.AutoNameArchTests" name="[0] ThereAreNoAutoArchTests (RunModel)" time="0.002" />
  <testcase classname="ptolemy.util.test.junit.AutoTests" name="[0] /home/travis/build/icyphy/ptII/ptolemy/domains/de/test/auto/ActorDepthCalculation_actorWithoutPorts.xml (RunModel)" time="0.021" />
  <testcase classname="ptolemy.util.test.junit.AutoTests" name="[1] /home/travis/build/icyphy/ptII/ptolemy/domains/de/test/auto/AssemblyLine.xml (RunModel)" time="0.029" />
  <testcase classname="ptolemy.util.test.junit.AutoTests" name="[2] /home/travis/build/icyphy/ptII/ptolemy/domains/de/test/auto/CQBug1.xml (RunModel)" time="0.01" />
  <testcase classname="ptolemy.util.test.junit.AutoTests" name="[3] /home/travis/build/icyphy/ptII/ptolemy/domains/de/test/auto/CancelFireAt.xml (RunModel)" time="0.023" />
  <testcase classname="ptolemy.util.test.junit.AutoTests" name="[4] /home/travis/build/icyphy/ptII/ptolemy/domains/de/test/auto/CausalityAndComposabilityAnalysis.xml (RunModel)" time="0.024" />
  <testcase classname="ptolemy.util.test.junit.AutoTests" name="[5] /home/travis/build/icyphy/ptII/ptolemy/domains/de/test/auto/CausalityInterface1.xml (RunModel)" time="0.018" />
  <testcase classname="ptolemy.util.test.junit.AutoTests" name="[6] /home/travis/build/icyphy/ptII/ptolemy/domains/de/test/auto/CausalityInterface15.xml (RunModel)" time="0.016" />
  <testcase classname="ptolemy.util.test.junit.AutoTests" name="[7] /home/travis/build/icyphy/ptII/ptolemy/domains/de/test/auto/CausalityInterface2.xml (RunModel)" time="0.019" />
  <testcase classname="ptolemy.util.test.junit.AutoTests" name="[8] /home/travis/build/icyphy/ptII/ptolemy/domains/de/test/auto/CausalityInterface3.xml (RunModel)" time="0.015" />
  <testcase classname="ptolemy.util.test.junit.AutoTests" name="[9] /home/travis/build/icyphy/ptII/ptolemy/domains/de/test/auto/ClockDrift.xml (RunModel)" time="0.039" />
  <testcase classname="ptolemy.util.test.junit.AutoTests" name="[10] /home/travis/build/icyphy/ptII/ptolemy/domains/de/test/auto/ClockDriftAndValueChange.xml (RunModel)" time="0.038" />
  <testcase classname="ptolemy.util.test.junit.AutoTests" name="[11] /home/travis/build/icyphy/ptII/ptolemy/domains/de/test/auto/ClockDriftChange.xml (RunModel)" time="0.022" />
  <testcase classname="ptolemy.util.test.junit.AutoTests" name="[12] /home/travis/build/icyphy/ptII/ptolemy/domains/de/test/auto/ComposableCausalityAnalysis.xml (RunModel)" time="0.015" />
  <testcase classname="ptolemy.util.test.junit.AutoTests" name="[13] /home/travis/build/icyphy/ptII/ptolemy/domains/de/test/auto/DEFixedPointLimitation.xml (RunModel)" time="0.011" />
  <testcase classname="ptolemy.util.test.junit.AutoTests" name="[14] /home/travis/build/icyphy/ptII/ptolemy/domains/de/test/auto/DEScheduleTest.xml (RunModel)" time="0.022" />
  <testcase classname="ptolemy.util.test.junit.AutoTests" name="[15] /home/travis/build/icyphy/ptII/ptolemy/domains/de/test/auto/DEinDEwithStartTimes.xml (RunModel)" time="0.016" />
  <testcase classname="ptolemy.util.test.junit.AutoTests" name="[16] /home/travis/build/icyphy/ptII/ptolemy/domains/de/test/auto/DEinDEwithStartTimes2.xml (RunModel)" time="0.018" />
  <testcase classname="ptolemy.util.test.junit.AutoTests" name="[17] /home/travis/build/icyphy/ptII/ptolemy/domains/de/test/auto/DateDemo.xml (RunModel)" time="0.031" />
  <testcase classname="ptolemy.util.test.junit.AutoTests" name="[18] /home/travis/build/icyphy/ptII/ptolemy/domains/de/test/auto/DateToEvent.xml (RunModel)" time="2.042" />
  <testcase classname="ptolemy.util.test.junit.AutoTests" name="[19] /home/travis/build/icyphy/ptII/ptolemy/domains/de/test/auto/DepthTest1.xml (RunModel)" time="0.013" />
  <testcase classname="ptolemy.util.test.junit.AutoTests" name="[20] /home/travis/build/icyphy/ptII/ptolemy/domains/de/test/auto/DepthTest2.xml (RunModel)" time="0.029" />
  <testcase classname="ptolemy.util.test.junit.AutoTests" name="[21] /home/travis/build/icyphy/ptII/ptolemy/domains/de/test/auto/DepthTest3.xml (RunModel)" time="0.012" />
  <testcase classname="ptolemy.util.test.junit.AutoTests" name="[22] /home/travis/build/icyphy/ptII/ptolemy/domains/de/test/auto/DepthTest4.xml (RunModel)" time="0.021" />
  <testcase classname="ptolemy.util.test.junit.AutoTests" name="[23] /home/travis/build/icyphy/ptII/ptolemy/domains/de/test/auto/DepthTest5.xml (RunModel)" time="0.016" />
  <testcase classname="ptolemy.util.test.junit.AutoTests" name="[24] /home/travis/build/icyphy/ptII/ptolemy/domains/de/test/auto/DepthTest6.xml (RunModel)" time="0.015" />
  <testcase classname="ptolemy.util.test.junit.AutoTests" name="[25] /home/travis/build/icyphy/ptII/ptolemy/domains/de/test/auto/DepthTest7.xml (RunModel)" time="0.016" />
  <testcase classname="ptolemy.util.test.junit.AutoTests" name="[26] /home/travis/build/icyphy/ptII/ptolemy/domains/de/test/auto/EventToDate.xml (RunModel)" time="3.045" />
  <testcase classname="ptolemy.util.test.junit.AutoTests" name="[27] /home/travis/build/icyphy/ptII/ptolemy/domains/de/test/auto/FSM1.xml (RunModel)" time="0.063" />
  <testcase classname="ptolemy.util.test.junit.AutoTests" name="[28] /home/travis/build/icyphy/ptII/ptolemy/domains/de/test/auto/FSM7.xml (RunModel)" time="0.045" />
  <testcase classname="ptolemy.util.test.junit.AutoTests" name="[29] /home/travis/build/icyphy/ptII/ptolemy/domains/de/test/auto/Inspection.xml (RunModel)" time="0.049" />
  <testcase classname="ptolemy.util.test.junit.AutoTests" name="[30] /home/travis/build/icyphy/ptII/ptolemy/domains/de/test/auto/Iteration.xml (RunModel)" time="0.026" />
  <testcase classname="ptolemy.util.test.junit.AutoTests" name="[31] /home/travis/build/icyphy/ptII/ptolemy/domains/de/test/auto/LineFault.xml (RunModel)" time="0.647" />
  <testcase classname="ptolemy.util.test.junit.AutoTests" name="[32] /home/travis/build/icyphy/ptII/ptolemy/domains/de/test/auto/MergeModel1Add.xml (RunModel)" time="0.065" />
  <testcase classname="ptolemy.util.test.junit.AutoTests" name="[33] /home/travis/build/icyphy/ptII/ptolemy/domains/de/test/auto/MergeModel2Add.xml (RunModel)" time="0.049" />
  <testcase classname="ptolemy.util.test.junit.AutoTests" name="[34] /home/travis/build/icyphy/ptII/ptolemy/domains/de/test/auto/MergeModel3Add.xml (RunModel)" time="0.042" />
  <testcase classname="ptolemy.util.test.junit.AutoTests" name="[35] /home/travis/build/icyphy/ptII/ptolemy/domains/de/test/auto/MergeWithoutDiscard.xml (RunModel)" time="0.027" />
  <testcase classname="ptolemy.util.test.junit.AutoTests" name="[36] /home/travis/build/icyphy/ptII/ptolemy/domains/de/test/auto/Modal1.xml (RunModel)" time="0.028" />
  <testcase classname="ptolemy.util.test.junit.AutoTests" name="[37] /home/travis/build/icyphy/ptII/ptolemy/domains/de/test/auto/Modal2.xml (RunModel)" time="0.047" />
  <testcase classname="ptolemy.util.test.junit.AutoTests" name="[38] /home/travis/build/icyphy/ptII/ptolemy/domains/de/test/auto/Modal3.xml (RunModel)" time="0.03" />
  <testcase classname="ptolemy.util.test.junit.AutoTests" name="[39] /home/travis/build/icyphy/ptII/ptolemy/domains/de/test/auto/Modal4.xml (RunModel)" time="0.038" />
  <testcase classname="ptolemy.util.test.junit.AutoTests" name="[40] /home/travis/build/icyphy/ptII/ptolemy/domains/de/test/auto/Modal5.xml (RunModel)" time="0.032" />
  <testcase classname="ptolemy.util.test.junit.AutoTests" name="[41] /home/travis/build/icyphy/ptII/ptolemy/domains/de/test/auto/Modal6.xml (RunModel)" time="0.041" />
  <testcase classname="ptolemy.util.test.junit.AutoTests" name="[42] /home/travis/build/icyphy/ptII/ptolemy/domains/de/test/auto/Modal7.xml (RunModel)" time="0.035" />
  <testcase classname="ptolemy.util.test.junit.AutoTests" name="[43] /home/travis/build/icyphy/ptII/ptolemy/domains/de/test/auto/ModalModel.xml (RunModel)" time="0.2" />
  <testcase classname="ptolemy.util.test.junit.AutoTests" name="[44] /home/travis/build/icyphy/ptII/ptolemy/domains/de/test/auto/ModalSource.xml (RunModel)" time="0.024" />
  <testcase classname="ptolemy.util.test.junit.AutoTests" name="[45] /home/travis/build/icyphy/ptII/ptolemy/domains/de/test/auto/NonInterruptibleTimerZeroDelay.xml (RunModel)" time="0.011" />
  <testcase classname="ptolemy.util.test.junit.AutoTests" name="[46] /home/travis/build/icyphy/ptII/ptolemy/domains/de/test/auto/OpenQueueingNetwork.xml (RunModel)" time="2.544" />
  <testcase classname="ptolemy.util.test.junit.AutoTests" name="[47] /home/travis/build/icyphy/ptII/ptolemy/domains/de/test/auto/OpenQueuingNetwork.xml (RunModel)" time="0.306" />
  <testcase classname="ptolemy.util.test.junit.AutoTests" name="[48] /home/travis/build/icyphy/ptII/ptolemy/domains/de/test/auto/PeriodicSampler.xml (RunModel)" time="0.012" />
  <testcase classname="ptolemy.util.test.junit.AutoTests" name="[49] /home/travis/build/icyphy/ptII/ptolemy/domains/de/test/auto/PersistentIO.xml (RunModel)" time="0.019" />
  <testcase classname="ptolemy.util.test.junit.AutoTests" name="[50] /home/travis/build/icyphy/ptII/ptolemy/domains/de/test/auto/PortParameterResetOnInitialize.xml (RunModel)" time="0.011" />
  <testcase classname="ptolemy.util.test.junit.AutoTests" name="[51] /home/travis/build/icyphy/ptII/ptolemy/domains/de/test/auto/PortParameterUpdates.xml (RunModel)" time="0.018" />
  <testcase classname="ptolemy.util.test.junit.AutoTests" name="[52] /home/travis/build/icyphy/ptII/ptolemy/domains/de/test/auto/QueueAndServer.xml (RunModel)" time="0.022" />
  <testcase classname="ptolemy.util.test.junit.AutoTests" name="[53] /home/travis/build/icyphy/ptII/ptolemy/domains/de/test/auto/Records.xml (RunModel)" time="0.016" />
  <testcase classname="ptolemy.util.test.junit.AutoTests" name="[54] /home/travis/build/icyphy/ptII/ptolemy/domains/de/test/auto/ResetTransitionWithStartTime1.xml (RunModel)" time="0.018" />
  <testcase classname="ptolemy.util.test.junit.AutoTests" name="[55] /home/travis/build/icyphy/ptII/ptolemy/domains/de/test/auto/ResetTransitionWithStartTime2.xml (RunModel)" time="0.022" />
  <testcase classname="ptolemy.util.test.junit.AutoTests" name="[56] /home/travis/build/icyphy/ptII/ptolemy/domains/de/test/auto/ResetTransitionWithStartTime3.xml (RunModel)" time="0.026" />
  <testcase classname="ptolemy.util.test.junit.AutoTests" name="[57] /home/travis/build/icyphy/ptII/ptolemy/domains/de/test/auto/ResetTransitionWithStartTime4.xml (RunModel)" time="0.02" />
  <testcase classname="ptolemy.util.test.junit.AutoTests" name="[58] /home/travis/build/icyphy/ptII/ptolemy/domains/de/test/auto/ResettableTimer1.xml (RunModel)" time="0.012" />
  <testcase classname="ptolemy.util.test.junit.AutoTests" name="[59] /home/travis/build/icyphy/ptII/ptolemy/domains/de/test/auto/ResettableTimer2.xml (RunModel)" time="0.012" />
  <testcase classname="ptolemy.util.test.junit.AutoTests" name="[60] /home/travis/build/icyphy/ptII/ptolemy/domains/de/test/auto/ResettableTimer3.xml (RunModel)" time="0.01" />
  <testcase classname="ptolemy.util.test.junit.AutoTests" name="[61] /home/travis/build/icyphy/ptII/ptolemy/domains/de/test/auto/ResettableTimer4.xml (RunModel)" time="0.012" />
  <testcase classname="ptolemy.util.test.junit.AutoTests" name="[62] /home/travis/build/icyphy/ptII/ptolemy/domains/de/test/auto/ResettableTimer5.xml (RunModel)" time="0.012" />
  <testcase classname="ptolemy.util.test.junit.AutoTests" name="[63] /home/travis/build/icyphy/ptII/ptolemy/domains/de/test/auto/ResettableTimer6.xml (RunModel)" time="0.021" />
  <testcase classname="ptolemy.util.test.junit.AutoTests" name="[64] /home/travis/build/icyphy/ptII/ptolemy/domains/de/test/auto/ServerZeroDelay.xml (RunModel)" time="0.014" />
  <testcase classname="ptolemy.util.test.junit.AutoTests" name="[65] /home/travis/build/icyphy/ptII/ptolemy/domains/de/test/auto/SmartSender.xml (RunModel)" time="3.009" />
  <testcase classname="ptolemy.util.test.junit.AutoTests" name="[66] /home/travis/build/icyphy/ptII/ptolemy/domains/de/test/auto/ThreadedComposite.xml (RunModel)" time="0.233" />
  <testcase classname="ptolemy.util.test.junit.AutoTests" name="[67] /home/travis/build/icyphy/ptII/ptolemy/domains/de/test/auto/Time.xml (RunModel)" time="0.475" />
  <testcase classname="ptolemy.util.test.junit.AutoTests" name="[68] /home/travis/build/icyphy/ptII/ptolemy/domains/de/test/auto/TimeDelayZeroDelay.xml (RunModel)" time="0.014" />
  <testcase classname="ptolemy.util.test.junit.AutoTests" name="[69] /home/travis/build/icyphy/ptII/ptolemy/domains/de/test/auto/TimerZeroDelay.xml (RunModel)" time="0.012" />
  <testcase classname="ptolemy.util.test.junit.AutoTests" name="[70] /home/travis/build/icyphy/ptII/ptolemy/domains/de/test/auto/TimingParadox.xml (RunModel)" time="0.359" />
  <testcase classname="ptolemy.util.test.junit.AutoTests" name="[71] /home/travis/build/icyphy/ptII/ptolemy/domains/de/test/auto/TransferInputs.xml (RunModel)" time="0.015" />
  <testcase classname="ptolemy.util.test.junit.AutoTests" name="[72] /home/travis/build/icyphy/ptII/ptolemy/domains/de/test/auto/TransferOutputs2.xml (RunModel)" time="0.017" />
  <testcase classname="ptolemy.util.test.junit.AutoTests" name="[73] /home/travis/build/icyphy/ptII/ptolemy/domains/de/test/auto/Trilateration.xml (RunModel)" time="13.066" />
  <testcase classname="ptolemy.util.test.junit.AutoTests" name="[74] /home/travis/build/icyphy/ptII/ptolemy/domains/de/test/auto/TwoSigmaDelta.xml (RunModel)" time="2.175" />
  <testcase classname="ptolemy.util.test.junit.AutoTests" name="[75] /home/travis/build/icyphy/ptII/ptolemy/domains/de/test/auto/VariableDelay.xml (RunModel)" time="0.015" />
  <testcase classname="ptolemy.util.test.junit.AutoTests" name="[76] /home/travis/build/icyphy/ptII/ptolemy/domains/de/test/auto/VariableDelay2.xml (RunModel)" time="0.009" />
  <testcase classname="ptolemy.util.test.junit.AutoTests" name="[77] /home/travis/build/icyphy/ptII/ptolemy/domains/de/test/auto/VariableDelayZeroDelay.xml (RunModel)" time="0.012" />
  <testcase classname="ptolemy.util.test.junit.AutoTests" name="[78] /home/travis/build/icyphy/ptII/ptolemy/domains/de/test/auto/VariableDelayZeroDelay2.xml (RunModel)" time="0.016" />
  <testcase classname="ptolemy.util.test.junit.AutoTests" name="[79] /home/travis/build/icyphy/ptII/ptolemy/domains/de/test/auto/deInCt.xml (RunModel)" time="0.018" />
  <testcase classname="ptolemy.util.test.junit.AutoTests" name="[80] /home/travis/build/icyphy/ptII/ptolemy/domains/de/test/auto/deInCt2.xml (RunModel)" time="0.017" />
  <testcase classname="ptolemy.util.test.junit.AutoTests" name="[81] /home/travis/build/icyphy/ptII/ptolemy/domains/de/test/auto/dynamicCausalityInterface1.xml (RunModel)" time="0.02" />
  <testcase classname="ptolemy.util.test.junit.AutoTests" name="[82] /home/travis/build/icyphy/ptII/ptolemy/domains/de/test/auto/fsm_de_test.xml (RunModel)" time="0.025" />
  <testcase classname="ptolemy.util.test.junit.AutoTests" name="[83] /home/travis/build/icyphy/ptII/ptolemy/domains/de/test/auto/functionDependencyReconstruction.xml (RunModel)" time="0.031" />
  <testcase classname="ptolemy.util.test.junit.AutoTests" name="[84] /home/travis/build/icyphy/ptII/ptolemy/domains/de/test/auto/multirate.xml (RunModel)" time="0.018" />
  <testcase classname="ptolemy.util.test.junit.AutoTests" name="[85] /home/travis/build/icyphy/ptII/ptolemy/domains/de/test/auto/multirate2.xml (RunModel)" time="0.016" />
  <testcase classname="ptolemy.util.test.junit.AutoTests" name="[86] /home/travis/build/icyphy/ptII/ptolemy/domains/de/test/auto/realtime.xml (RunModel)" time="10.011" />
  <testcase classname="ptolemy.util.test.junit.AutoTests" name="[87] /home/travis/build/icyphy/ptII/ptolemy/domains/de/test/auto/relationGroup.xml (RunModel)" time="0.011" />
  <testcase classname="ptolemy.util.test.junit.AutoTests" name="[88] /home/travis/build/icyphy/ptII/ptolemy/domains/de/test/auto/relationGroup2.xml (RunModel)" time="0.016" />
  <testcase classname="ptolemy.util.test.junit.AutoTests" name="[89] /home/travis/build/icyphy/ptII/ptolemy/domains/de/test/auto/sortWithOpaquePorts.xml (RunModel)" time="0.009" />
  <testcase classname="ptolemy.util.test.junit.AutoTests" name="[90] /home/travis/build/icyphy/ptII/ptolemy/domains/de/test/auto/transferInputsandOutputs.xml (RunModel)" time="0.018" />
  <testcase classname="ptolemy.util.test.junit.AutoTests" name="[91] /home/travis/build/icyphy/ptII/ptolemy/domains/de/test/auto/triggerType.xml (RunModel)" time="0.012" />
  <system-out><![CDATA[/home/travis/build/icyphy/ptII/ptolemy/domains/de/test/DependencyLoop.tcl
testDefs.tcl: setting time out to 9000 seconds at Sat Jul 20 00:19:32 UTC 2019
87 ms. Memory: 120832K Free: 71620K (59%)
33 ms. Memory: 120832K Free: 54212K (45%)
/home/travis/build/icyphy/ptII/ptolemy/domains/de/test/RunDETestsAsQSS.tcl
Run the DE tests using ptolemy.domains.qss.test.QSSDirectorTest, which extends QSSDirector and prints a message in the constructors.
------------------ testing $PTII/ptolemy/domains/de/test/auto/knownFailedTests/DirectFeedback.xml (Known Failure) 
33 ms. Memory: 120832K Free: 48578K (40%)


==== $PTIIhome/travis/build/icyphy/ptII/ptolemy/domains/de/test/../../../../: Auto Automatic test in file $PTII/ptolemy/domains/de/test/auto/knownFailedTests/DirectFeedback.xml
==== Contents of test case:

	    # FIXME: we should use $relativeFilename here, but it
	    # might have backslashes under Windows, which causes no end
	    # of trouble.
	    createAndExecute $file
	    list {}
	
.... Test generated KNOWN error:
    while executing
ptolemy.kernel.util.IllegalActionException: Test fails in iteration 1.
Value was: 1.0. Should have been: 2.0
  in .DirectFeedback.Test
	at ptolemy.actor.lib.Test.fire(Test.java:268)
	at ptolemy.domains.de.kernel.DEDirector._fire(DEDirector.java:1949)
	at ptolemy.domains.de.kernel.DEDirector.fire(DEDirector.java:502)
	at ptolemy.actor.CompositeActor.fire(CompositeActor.java:455)
	at ptolemy.actor.Manager.iterate(Manager.java:851)
	at ptolemy.actor.Manager.execute(Manager.java:369)
	at ptolemy.actor.Manager.run(Manager.java:1263)
	at ptolemy.actor.Manager$PtolemyRunThread.run(Manager.java:1933)

    while executing
ptolemy.kernel.util.IllegalActionException: Test fails in iteration 1.
Value was: 1.0. Should have been: 2.0
  in .DirectFeedback.Test
    while executing
"java::new ptolemy.moml.MoMLSimpleApplication $file
"
    (procedure "createAndExecute" line 2)
    invoked from within
"createAndExecute $file"
    ("uplevel" body line 5)
    invoked from within
"uplevel $contents_of_test"
------------------ testing $PTII/ptolemy/domains/de/test/auto/knownFailedTests/dependencyLoop.xml (Known Failure) 
30 ms. Memory: 120832K Free: 108215K (90%)


==== $PTIIhome/travis/build/icyphy/ptII/ptolemy/domains/de/test/../../../../: Auto Automatic test in file $PTII/ptolemy/domains/de/test/auto/knownFailedTests/dependencyLoop.xml
==== Contents of test case:

	    # FIXME: we should use $relativeFilename here, but it
	    # might have backslashes under Windows, which causes no end
	    # of trouble.
	    createAndExecute $file
	    list {}
	
.... Test generated KNOWN error:
    while executing
ptolemy.kernel.util.IllegalActionException: Found a zero delay loop containing .dependencyLoop.original
  in .dependencyLoop and .dependencyLoop.original
	at ptolemy.actor.util.CausalityInterfaceForComposites._computeOutputPortDepth(CausalityInterfaceForComposites.java:759)
	at ptolemy.actor.util.CausalityInterfaceForComposites._computeInputDepth(CausalityInterfaceForComposites.java:696)
	at ptolemy.actor.util.CausalityInterfaceForComposites._computeOutputPortDepth(CausalityInterfaceForComposites.java:765)
	at ptolemy.actor.util.CausalityInterfaceForComposites._computeInputDepth(CausalityInterfaceForComposites.java:696)
	at ptolemy.actor.util.CausalityInterfaceForComposites._computeOutputPortDepth(CausalityInterfaceForComposites.java:765)
	at ptolemy.actor.util.CausalityInterfaceForComposites._computeInputDepth(CausalityInterfaceForComposites.java:696)
	at ptolemy.actor.util.CausalityInterfaceForComposites._computeActorDepth(CausalityInterfaceForComposites.java:532)
	at ptolemy.actor.util.CausalityInterfaceForComposites.checkForCycles(CausalityInterfaceForComposites.java:96)
	at ptolemy.domains.de.kernel.DEDirector.preinitialize(DEDirector.java:1338)
	at ptolemy.actor.CompositeActor.preinitialize(CompositeActor.java:1828)
	at ptolemy.actor.Manager.preinitializeAndResolveTypes(Manager.java:1040)
	at ptolemy.actor.Manager.initialize(Manager.java:710)
	at ptolemy.actor.Manager.execute(Manager.java:356)
	at ptolemy.actor.Manager.run(Manager.java:1263)
	at ptolemy.actor.Manager$PtolemyRunThread.run(Manager.java:1933)

    while executing
ptolemy.kernel.util.IllegalActionException: Found a zero delay loop containing .dependencyLoop.original
  in .dependencyLoop and .dependencyLoop.original
    while executing
"java::new ptolemy.moml.MoMLSimpleApplication $file
"
    (procedure "createAndExecute" line 2)
    invoked from within
"createAndExecute $file"
    ("uplevel" body line 5)
    invoked from within
"uplevel $contents_of_test"
------------------ testing $PTII/ptolemy/domains/de/test/auto/knownFailedTests/FSMSource.xml (Known Failure) 
75 ms. Memory: 120832K Free: 99074K (82%)
!!!! Auto was marked as failing, but now passes
------------------ testing $PTII/ptolemy/domains/de/test/auto/knownFailedTests/HierarchicalModel.xml (Known Failure) 
9 ms. Memory: 120832K Free: 81643K (68%)


==== $PTIIhome/travis/build/icyphy/ptII/ptolemy/domains/de/test/../../../../: Auto Automatic test in file $PTII/ptolemy/domains/de/test/auto/knownFailedTests/HierarchicalModel.xml
==== Contents of test case:

	    # FIXME: we should use $relativeFilename here, but it
	    # might have backslashes under Windows, which causes no end
	    # of trouble.
	    createAndExecute $file
	    list {}
	
.... Test generated KNOWN error:
    while executing
ptolemy.kernel.util.IllegalActionException: Found a zero delay loop containing .HierarchicalModel.A
  in .HierarchicalModel and .HierarchicalModel.A
	at ptolemy.actor.util.CausalityInterfaceForComposites._computeOutputPortDepth(CausalityInterfaceForComposites.java:759)
	at ptolemy.actor.util.CausalityInterfaceForComposites._computeInputDepth(CausalityInterfaceForComposites.java:696)
	at ptolemy.actor.util.CausalityInterfaceForComposites._computeOutputPortDepth(CausalityInterfaceForComposites.java:765)
	at ptolemy.actor.util.CausalityInterfaceForComposites._computeInputDepth(CausalityInterfaceForComposites.java:696)
	at ptolemy.actor.util.CausalityInterfaceForComposites._computeOutputPortDepth(CausalityInterfaceForComposites.java:765)
	at ptolemy.actor.util.CausalityInterfaceForComposites._computeInputDepth(CausalityInterfaceForComposites.java:696)
	at ptolemy.actor.util.CausalityInterfaceForComposites._computeActorDepth(CausalityInterfaceForComposites.java:532)
	at ptolemy.actor.util.CausalityInterfaceForComposites.checkForCycles(CausalityInterfaceForComposites.java:96)
	at ptolemy.domains.de.kernel.DEDirector.preinitialize(DEDirector.java:1338)
	at ptolemy.actor.CompositeActor.preinitialize(CompositeActor.java:1828)
	at ptolemy.actor.Manager.preinitializeAndResolveTypes(Manager.java:1040)
	at ptolemy.actor.Manager.initialize(Manager.java:710)
	at ptolemy.actor.Manager.execute(Manager.java:356)
	at ptolemy.actor.Manager.run(Manager.java:1263)
	at ptolemy.actor.Manager$PtolemyRunThread.run(Manager.java:1933)

    while executing
ptolemy.kernel.util.IllegalActionException: Found a zero delay loop containing .HierarchicalModel.A
  in .HierarchicalModel and .HierarchicalModel.A
    while executing
"java::new ptolemy.moml.MoMLSimpleApplication $file
"
    (procedure "createAndExecute" line 2)
    invoked from within
"createAndExecute $file"
    ("uplevel" body line 5)
    invoked from within
"uplevel $contents_of_test"
------------------ testing $PTII/ptolemy/domains/de/test/auto/knownFailedTests/dependencyLoop2.xml (Known Failure) 
28 ms. Memory: 120832K Free: 105705K (87%)


==== $PTIIhome/travis/build/icyphy/ptII/ptolemy/domains/de/test/../../../../: Auto Automatic test in file $PTII/ptolemy/domains/de/test/auto/knownFailedTests/dependencyLoop2.xml
==== Contents of test case:

	    # FIXME: we should use $relativeFilename here, but it
	    # might have backslashes under Windows, which causes no end
	    # of trouble.
	    createAndExecute $file
	    list {}
	
.... Test generated KNOWN error:
    while executing
ptolemy.kernel.util.IllegalActionException: Found a zero delay loop containing .dependencyLoop2.original
  in .dependencyLoop2 and .dependencyLoop2.original
	at ptolemy.actor.util.CausalityInterfaceForComposites._computeOutputPortDepth(CausalityInterfaceForComposites.java:759)
	at ptolemy.actor.util.CausalityInterfaceForComposites._computeInputDepth(CausalityInterfaceForComposites.java:696)
	at ptolemy.actor.util.CausalityInterfaceForComposites._computeOutputPortDepth(CausalityInterfaceForComposites.java:765)
	at ptolemy.actor.util.CausalityInterfaceForComposites._computeInputDepth(CausalityInterfaceForComposites.java:696)
	at ptolemy.actor.util.CausalityInterfaceForComposites._computeOutputPortDepth(CausalityInterfaceForComposites.java:765)
	at ptolemy.actor.util.CausalityInterfaceForComposites._computeInputDepth(CausalityInterfaceForComposites.java:696)
	at ptolemy.actor.util.CausalityInterfaceForComposites._computeActorDepth(CausalityInterfaceForComposites.java:532)
	at ptolemy.actor.util.CausalityInterfaceForComposites.checkForCycles(CausalityInterfaceForComposites.java:96)
	at ptolemy.domains.de.kernel.DEDirector.preinitialize(DEDirector.java:1338)
	at ptolemy.actor.CompositeActor.preinitialize(CompositeActor.java:1828)
	at ptolemy.actor.Manager.preinitializeAndResolveTypes(Manager.java:1040)
	at ptolemy.actor.Manager.initialize(Manager.java:710)
	at ptolemy.actor.Manager.execute(Manager.java:356)
	at ptolemy.actor.Manager.run(Manager.java:1263)
	at ptolemy.actor.Manager$PtolemyRunThread.run(Manager.java:1933)

    while executing
ptolemy.kernel.util.IllegalActionException: Found a zero delay loop containing .dependencyLoop2.original
  in .dependencyLoop2 and .dependencyLoop2.original
    while executing
"java::new ptolemy.moml.MoMLSimpleApplication $file
"
    (procedure "createAndExecute" line 2)
    invoked from within
"createAndExecute $file"
    ("uplevel" body line 5)
    invoked from within
"uplevel $contents_of_test"
------------------ testing $PTII/ptolemy/domains/de/test/auto/knownFailedTests/DESDFClockTest.xml (Known Failure) 
2078 ms. Memory: 120832K Free: 92636K (77%)


==== $PTIIhome/travis/build/icyphy/ptII/ptolemy/domains/de/test/../../../../: Auto Automatic test in file $PTII/ptolemy/domains/de/test/auto/knownFailedTests/DESDFClockTest.xml
==== Contents of test case:

	    # FIXME: we should use $relativeFilename here, but it
	    # might have backslashes under Windows, which causes no end
	    # of trouble.
	    createAndExecute $file
	    list {}
	
.... Test generated KNOWN error:
    while executing
ptolemy.kernel.util.IllegalActionException: Actor is not ready to fire.  Perhaps UpSample.prefire() returned false? Try debugging the actor by selecting "Listen to Actor".  Also, for SDF check moml for tokenConsumptionRate on input.
  in .DESDFClockTest.Play Bell.Copy1:SDF Director and .DESDFClockTest.Play Bell.UpSample
	at ptolemy.actor.sched.StaticSchedulingDirector.fire(StaticSchedulingDirector.java:227)
	at ptolemy.domains.sdf.kernel.SDFDirector.fire(SDFDirector.java:500)
	at ptolemy.actor.CompositeActor.fire(CompositeActor.java:455)
	at ptolemy.domains.de.kernel.DEDirector._fire(DEDirector.java:1949)
	at ptolemy.domains.de.kernel.DEDirector.fire(DEDirector.java:502)
	at ptolemy.actor.CompositeActor.fire(CompositeActor.java:455)
	at ptolemy.actor.Manager.iterate(Manager.java:851)
	at ptolemy.actor.Manager.execute(Manager.java:369)
	at ptolemy.actor.Manager.run(Manager.java:1263)
	at ptolemy.actor.Manager$PtolemyRunThread.run(Manager.java:1933)

    while executing
ptolemy.kernel.util.IllegalActionException: Actor is not ready to fire.  Perhaps UpSample.prefire() returned false? Try debugging the actor by selecting "Listen to Actor".  Also, for SDF check moml for tokenConsumptionRate on input.
  in .DESDFClockTest.Play Bell.Copy1:SDF Director and .DESDFClockTest.Play Bell.UpSample
    while executing
"java::new ptolemy.moml.MoMLSimpleApplication $file
"
    (procedure "createAndExecute" line 2)
    invoked from within
"createAndExecute $file"
    ("uplevel" body line 5)
    invoked from within
"uplevel $contents_of_test"
------------------ testing $PTII/ptolemy/domains/de/test/auto/ActorDepthCalculation_actorWithoutPorts.xml
auto.tcl: Setting watchdog for 200 seconds at Sat Jul 20 00:19:36 UTC 2019
10 ms. Memory: 120832K Free: 85438K (71%)
ptolemy.util.test.WatchDog.cancel(): canceling Sat Jul 20 00:19:36 UTC 2019
auto.tcl: Setting watchdog for 200 seconds at Sat Jul 20 00:19:36 UTC 2019
6 ms. Memory: 120832K Free: 84300K (70%)
ptolemy.util.test.WatchDog.cancel(): canceling Sat Jul 20 00:19:36 UTC 2019
------------------ testing $PTII/ptolemy/domains/de/test/auto/AssemblyLine.xml
auto.tcl: Setting watchdog for 200 seconds at Sat Jul 20 00:19:37 UTC 2019
9 ms. Memory: 48128K Free: 26006K (54%)
ptolemy.util.test.WatchDog.cancel(): canceling Sat Jul 20 00:19:37 UTC 2019
auto.tcl: Setting watchdog for 200 seconds at Sat Jul 20 00:19:37 UTC 2019
7 ms. Memory: 48128K Free: 25325K (53%)
ptolemy.util.test.WatchDog.cancel(): canceling Sat Jul 20 00:19:37 UTC 2019
------------------ testing $PTII/ptolemy/domains/de/test/auto/CQBug1.xml
auto.tcl: Setting watchdog for 200 seconds at Sat Jul 20 00:19:37 UTC 2019
3 ms. Memory: 48128K Free: 31456K (65%)
ptolemy.util.test.WatchDog.cancel(): canceling Sat Jul 20 00:19:37 UTC 2019
auto.tcl: Setting watchdog for 200 seconds at Sat Jul 20 00:19:37 UTC 2019
2 ms. Memory: 48128K Free: 31022K (64%)
ptolemy.util.test.WatchDog.cancel(): canceling Sat Jul 20 00:19:37 UTC 2019
------------------ testing $PTII/ptolemy/domains/de/test/auto/CancelFireAt.xml
auto.tcl: Setting watchdog for 200 seconds at Sat Jul 20 00:19:37 UTC 2019
3 ms. Memory: 45056K Free: 29661K (66%)
ptolemy.util.test.WatchDog.cancel(): canceling Sat Jul 20 00:19:37 UTC 2019
auto.tcl: Setting watchdog for 200 seconds at Sat Jul 20 00:19:37 UTC 2019
2 ms. Memory: 45056K Free: 29229K (65%)
ptolemy.util.test.WatchDog.cancel(): canceling Sat Jul 20 00:19:37 UTC 2019
------------------ testing $PTII/ptolemy/domains/de/test/auto/CausalityAndComposabilityAnalysis.xml
auto.tcl: Setting watchdog for 200 seconds at Sat Jul 20 00:19:37 UTC 2019
7 ms. Memory: 45056K Free: 27920K (62%)
ptolemy.util.test.WatchDog.cancel(): canceling Sat Jul 20 00:19:37 UTC 2019
auto.tcl: Setting watchdog for 200 seconds at Sat Jul 20 00:19:37 UTC 2019
6 ms. Memory: 45056K Free: 27087K (60%)
ptolemy.util.test.WatchDog.cancel(): canceling Sat Jul 20 00:19:37 UTC 2019
------------------ testing $PTII/ptolemy/domains/de/test/auto/CausalityInterface1.xml
auto.tcl: Setting watchdog for 200 seconds at Sat Jul 20 00:19:37 UTC 2019
27 ms. Memory: 45056K Free: 26263K (58%)
ptolemy.util.test.WatchDog.cancel(): canceling Sat Jul 20 00:19:37 UTC 2019
auto.tcl: Setting watchdog for 200 seconds at Sat Jul 20 00:19:37 UTC 2019
5 ms. Memory: 45056K Free: 25394K (56%)
ptolemy.util.test.WatchDog.cancel(): canceling Sat Jul 20 00:19:37 UTC 2019
------------------ testing $PTII/ptolemy/domains/de/test/auto/CausalityInterface15.xml
auto.tcl: Setting watchdog for 200 seconds at Sat Jul 20 00:19:37 UTC 2019
5 ms. Memory: 45056K Free: 26310K (58%)
ptolemy.util.test.WatchDog.cancel(): canceling Sat Jul 20 00:19:37 UTC 2019
auto.tcl: Setting watchdog for 200 seconds at Sat Jul 20 00:19:37 UTC 2019
8 ms. Memory: 45056K Free: 25332K (56%)
ptolemy.util.test.WatchDog.cancel(): canceling Sat Jul 20 00:19:37 UTC 2019
------------------ testing $PTII/ptolemy/domains/de/test/auto/CausalityInterface2.xml
auto.tcl: Setting watchdog for 200 seconds at Sat Jul 20 00:19:37 UTC 2019
5 ms. Memory: 45056K Free: 27093K (60%)
ptolemy.util.test.WatchDog.cancel(): canceling Sat Jul 20 00:19:37 UTC 2019
auto.tcl: Setting watchdog for 200 seconds at Sat Jul 20 00:19:37 UTC 2019
7 ms. Memory: 45056K Free: 26350K (58%)
ptolemy.util.test.WatchDog.cancel(): canceling Sat Jul 20 00:19:37 UTC 2019
------------------ testing $PTII/ptolemy/domains/de/test/auto/CausalityInterface3.xml
auto.tcl: Setting watchdog for 200 seconds at Sat Jul 20 00:19:37 UTC 2019
9 ms. Memory: 45056K Free: 26555K (59%)
ptolemy.util.test.WatchDog.cancel(): canceling Sat Jul 20 00:19:38 UTC 2019
auto.tcl: Setting watchdog for 200 seconds at Sat Jul 20 00:19:38 UTC 2019
4 ms. Memory: 45056K Free: 25758K (57%)
ptolemy.util.test.WatchDog.cancel(): canceling Sat Jul 20 00:19:38 UTC 2019
------------------ testing $PTII/ptolemy/domains/de/test/auto/ClockDrift.xml
auto.tcl: Setting watchdog for 200 seconds at Sat Jul 20 00:19:38 UTC 2019
75 ms. Memory: 45056K Free: 19149K (43%)
ptolemy.util.test.WatchDog.cancel(): canceling Sat Jul 20 00:19:38 UTC 2019
auto.tcl: Setting watchdog for 200 seconds at Sat Jul 20 00:19:38 UTC 2019
82 ms. Memory: 45056K Free: 16130K (36%)
ptolemy.util.test.WatchDog.cancel(): canceling Sat Jul 20 00:19:38 UTC 2019
------------------ testing $PTII/ptolemy/domains/de/test/auto/ClockDriftAndValueChange.xml
auto.tcl: Setting watchdog for 200 seconds at Sat Jul 20 00:19:38 UTC 2019
56 ms. Memory: 45056K Free: 19216K (43%)
ptolemy.util.test.WatchDog.cancel(): canceling Sat Jul 20 00:19:38 UTC 2019
auto.tcl: Setting watchdog for 200 seconds at Sat Jul 20 00:19:38 UTC 2019
46 ms. Memory: 45056K Free: 16372K (36%)
ptolemy.util.test.WatchDog.cancel(): canceling Sat Jul 20 00:19:38 UTC 2019
------------------ testing $PTII/ptolemy/domains/de/test/auto/ClockDriftChange.xml
auto.tcl: Setting watchdog for 200 seconds at Sat Jul 20 00:19:38 UTC 2019
32 ms. Memory: 45056K Free: 21265K (47%)
ptolemy.util.test.WatchDog.cancel(): canceling Sat Jul 20 00:19:38 UTC 2019
auto.tcl: Setting watchdog for 200 seconds at Sat Jul 20 00:19:38 UTC 2019
28 ms. Memory: 45056K Free: 18710K (42%)
ptolemy.util.test.WatchDog.cancel(): canceling Sat Jul 20 00:19:38 UTC 2019
------------------ testing $PTII/ptolemy/domains/de/test/auto/ComposableCausalityAnalysis.xml
auto.tcl: Setting watchdog for 200 seconds at Sat Jul 20 00:19:38 UTC 2019
6 ms. Memory: 45056K Free: 25911K (58%)
ptolemy.util.test.WatchDog.cancel(): canceling Sat Jul 20 00:19:38 UTC 2019
auto.tcl: Setting watchdog for 200 seconds at Sat Jul 20 00:19:38 UTC 2019
2 ms. Memory: 45056K Free: 24876K (55%)
ptolemy.util.test.WatchDog.cancel(): canceling Sat Jul 20 00:19:38 UTC 2019
------------------ testing $PTII/ptolemy/domains/de/test/auto/DEFixedPointLimitation.xml
auto.tcl: Setting watchdog for 200 seconds at Sat Jul 20 00:19:38 UTC 2019
4 ms. Memory: 45056K Free: 27272K (61%)
ptolemy.util.test.WatchDog.cancel(): canceling Sat Jul 20 00:19:38 UTC 2019
auto.tcl: Setting watchdog for 200 seconds at Sat Jul 20 00:19:38 UTC 2019
1 ms. Memory: 45056K Free: 26352K (58%)
ptolemy.util.test.WatchDog.cancel(): canceling Sat Jul 20 00:19:38 UTC 2019
------------------ testing $PTII/ptolemy/domains/de/test/auto/DEScheduleTest.xml
auto.tcl: Setting watchdog for 200 seconds at Sat Jul 20 00:19:38 UTC 2019
4 ms. Memory: 45056K Free: 27552K (61%)
ptolemy.util.test.WatchDog.cancel(): canceling Sat Jul 20 00:19:38 UTC 2019
auto.tcl: Setting watchdog for 200 seconds at Sat Jul 20 00:19:38 UTC 2019
3 ms. Memory: 45056K Free: 26766K (59%)
ptolemy.util.test.WatchDog.cancel(): canceling Sat Jul 20 00:19:38 UTC 2019
------------------ testing $PTII/ptolemy/domains/de/test/auto/DEinDEwithStartTimes.xml
auto.tcl: Setting watchdog for 200 seconds at Sat Jul 20 00:19:39 UTC 2019
4 ms. Memory: 45056K Free: 25693K (57%)
ptolemy.util.test.WatchDog.cancel(): canceling Sat Jul 20 00:19:39 UTC 2019
auto.tcl: Setting watchdog for 200 seconds at Sat Jul 20 00:19:39 UTC 2019
4 ms. Memory: 45056K Free: 24669K (55%)
ptolemy.util.test.WatchDog.cancel(): canceling Sat Jul 20 00:19:39 UTC 2019
------------------ testing $PTII/ptolemy/domains/de/test/auto/DEinDEwithStartTimes2.xml
auto.tcl: Setting watchdog for 200 seconds at Sat Jul 20 00:19:39 UTC 2019
8 ms. Memory: 45056K Free: 24953K (55%)
ptolemy.util.test.WatchDog.cancel(): canceling Sat Jul 20 00:19:39 UTC 2019
auto.tcl: Setting watchdog for 200 seconds at Sat Jul 20 00:19:39 UTC 2019
8 ms. Memory: 45056K Free: 23621K (52%)
ptolemy.util.test.WatchDog.cancel(): canceling Sat Jul 20 00:19:39 UTC 2019
------------------ testing $PTII/ptolemy/domains/de/test/auto/DateDemo.xml
auto.tcl: Setting watchdog for 200 seconds at Sat Jul 20 00:19:39 UTC 2019
24 ms. Memory: 45056K Free: 19284K (43%)
ptolemy.util.test.WatchDog.cancel(): canceling Sat Jul 20 00:19:39 UTC 2019
auto.tcl: Setting watchdog for 200 seconds at Sat Jul 20 00:19:39 UTC 2019
7 ms. Memory: 45056K Free: 17737K (39%)
ptolemy.util.test.WatchDog.cancel(): canceling Sat Jul 20 00:19:39 UTC 2019
------------------ testing $PTII/ptolemy/domains/de/test/auto/DateToEvent.xml
auto.tcl: Setting watchdog for 200 seconds at Sat Jul 20 00:19:39 UTC 2019
2020 ms. Memory: 45056K Free: 15184K (34%)
ptolemy.util.test.WatchDog.cancel(): canceling Sat Jul 20 00:19:41 UTC 2019
auto.tcl: Setting watchdog for 200 seconds at Sat Jul 20 00:19:41 UTC 2019
2006 ms. Memory: 45056K Free: 14461K (32%)
ptolemy.util.test.WatchDog.cancel(): canceling Sat Jul 20 00:19:43 UTC 2019
------------------ testing $PTII/ptolemy/domains/de/test/auto/DepthTest1.xml
auto.tcl: Setting watchdog for 200 seconds at Sat Jul 20 00:19:43 UTC 2019
4 ms. Memory: 45056K Free: 28467K (63%)
ptolemy.util.test.WatchDog.cancel(): canceling Sat Jul 20 00:19:43 UTC 2019
auto.tcl: Setting watchdog for 200 seconds at Sat Jul 20 00:19:43 UTC 2019
2 ms. Memory: 45056K Free: 27937K (62%)
ptolemy.util.test.WatchDog.cancel(): canceling Sat Jul 20 00:19:43 UTC 2019
------------------ testing $PTII/ptolemy/domains/de/test/auto/DepthTest2.xml
auto.tcl: Setting watchdog for 200 seconds at Sat Jul 20 00:19:43 UTC 2019
5 ms. Memory: 45056K Free: 25151K (56%)
ptolemy.util.test.WatchDog.cancel(): canceling Sat Jul 20 00:19:43 UTC 2019
auto.tcl: Setting watchdog for 200 seconds at Sat Jul 20 00:19:43 UTC 2019
3 ms. Memory: 45056K Free: 24769K (55%)
ptolemy.util.test.WatchDog.cancel(): canceling Sat Jul 20 00:19:43 UTC 2019
------------------ testing $PTII/ptolemy/domains/de/test/auto/DepthTest3.xml
auto.tcl: Setting watchdog for 200 seconds at Sat Jul 20 00:19:43 UTC 2019
6 ms. Memory: 45056K Free: 28805K (64%)
ptolemy.util.test.WatchDog.cancel(): canceling Sat Jul 20 00:19:43 UTC 2019
auto.tcl: Setting watchdog for 200 seconds at Sat Jul 20 00:19:43 UTC 2019
2 ms. Memory: 45056K Free: 28267K (63%)
ptolemy.util.test.WatchDog.cancel(): canceling Sat Jul 20 00:19:43 UTC 2019
------------------ testing $PTII/ptolemy/domains/de/test/auto/DepthTest4.xml
auto.tcl: Setting watchdog for 200 seconds at Sat Jul 20 00:19:43 UTC 2019
4 ms. Memory: 45056K Free: 27020K (60%)
ptolemy.util.test.WatchDog.cancel(): canceling Sat Jul 20 00:19:43 UTC 2019
auto.tcl: Setting watchdog for 200 seconds at Sat Jul 20 00:19:43 UTC 2019
4 ms. Memory: 45056K Free: 26293K (58%)
ptolemy.util.test.WatchDog.cancel(): canceling Sat Jul 20 00:19:43 UTC 2019
------------------ testing $PTII/ptolemy/domains/de/test/auto/DepthTest5.xml
auto.tcl: Setting watchdog for 200 seconds at Sat Jul 20 00:19:43 UTC 2019
4 ms. Memory: 45056K Free: 26185K (58%)
ptolemy.util.test.WatchDog.cancel(): canceling Sat Jul 20 00:19:43 UTC 2019
auto.tcl: Setting watchdog for 200 seconds at Sat Jul 20 00:19:43 UTC 2019
3 ms. Memory: 45056K Free: 25788K (57%)
ptolemy.util.test.WatchDog.cancel(): canceling Sat Jul 20 00:19:43 UTC 2019
------------------ testing $PTII/ptolemy/domains/de/test/auto/DepthTest6.xml
auto.tcl: Setting watchdog for 200 seconds at Sat Jul 20 00:19:43 UTC 2019
3 ms. Memory: 45056K Free: 26150K (58%)
ptolemy.util.test.WatchDog.cancel(): canceling Sat Jul 20 00:19:43 UTC 2019
auto.tcl: Setting watchdog for 200 seconds at Sat Jul 20 00:19:43 UTC 2019
2 ms. Memory: 45056K Free: 25600K (57%)
ptolemy.util.test.WatchDog.cancel(): canceling Sat Jul 20 00:19:43 UTC 2019
------------------ testing $PTII/ptolemy/domains/de/test/auto/DepthTest7.xml
auto.tcl: Setting watchdog for 200 seconds at Sat Jul 20 00:19:44 UTC 2019
3 ms. Memory: 45056K Free: 26943K (60%)
ptolemy.util.test.WatchDog.cancel(): canceling Sat Jul 20 00:19:44 UTC 2019
auto.tcl: Setting watchdog for 200 seconds at Sat Jul 20 00:19:44 UTC 2019
2 ms. Memory: 45056K Free: 26216K (58%)
ptolemy.util.test.WatchDog.cancel(): canceling Sat Jul 20 00:19:44 UTC 2019
------------------ testing $PTII/ptolemy/domains/de/test/auto/EventToDate.xml
auto.tcl: Setting watchdog for 200 seconds at Sat Jul 20 00:19:44 UTC 2019
3005 ms. Memory: 45056K Free: 17750K (39%)
ptolemy.util.test.WatchDog.cancel(): canceling Sat Jul 20 00:19:47 UTC 2019
auto.tcl: Setting watchdog for 200 seconds at Sat Jul 20 00:19:47 UTC 2019
3004 ms. Memory: 45056K Free: 17042K (38%)
ptolemy.util.test.WatchDog.cancel(): canceling Sat Jul 20 00:19:50 UTC 2019
------------------ testing $PTII/ptolemy/domains/de/test/auto/FSM1.xml
auto.tcl: Setting watchdog for 200 seconds at Sat Jul 20 00:19:50 UTC 2019
26 ms. Memory: 45056K Free: 18948K (42%)
ptolemy.util.test.WatchDog.cancel(): canceling Sat Jul 20 00:19:50 UTC 2019
auto.tcl: Setting watchdog for 200 seconds at Sat Jul 20 00:19:50 UTC 2019
17 ms. Memory: 45056K Free: 15720K (35%)
ptolemy.util.test.WatchDog.cancel(): canceling Sat Jul 20 00:19:50 UTC 2019
------------------ testing $PTII/ptolemy/domains/de/test/auto/FSM7.xml
auto.tcl: Setting watchdog for 200 seconds at Sat Jul 20 00:19:50 UTC 2019
26 ms. Memory: 45056K Free: 18890K (42%)
ptolemy.util.test.WatchDog.cancel(): canceling Sat Jul 20 00:19:50 UTC 2019
auto.tcl: Setting watchdog for 200 seconds at Sat Jul 20 00:19:50 UTC 2019
16 ms. Memory: 45056K Free: 15525K (34%)
ptolemy.util.test.WatchDog.cancel(): canceling Sat Jul 20 00:19:50 UTC 2019
------------------ testing $PTII/ptolemy/domains/de/test/auto/Inspection.xml
auto.tcl: Setting watchdog for 200 seconds at Sat Jul 20 00:19:50 UTC 2019
22 ms. Memory: 45056K Free: 18676K (41%)
ptolemy.util.test.WatchDog.cancel(): canceling Sat Jul 20 00:19:50 UTC 2019
auto.tcl: Setting watchdog for 200 seconds at Sat Jul 20 00:19:50 UTC 2019
31 ms. Memory: 45056K Free: 16940K (38%)
ptolemy.util.test.WatchDog.cancel(): canceling Sat Jul 20 00:19:50 UTC 2019
------------------ testing $PTII/ptolemy/domains/de/test/auto/Iteration.xml
auto.tcl: Setting watchdog for 200 seconds at Sat Jul 20 00:19:50 UTC 2019
8 ms. Memory: 45056K Free: 24393K (54%)
ptolemy.util.test.WatchDog.cancel(): canceling Sat Jul 20 00:19:50 UTC 2019
auto.tcl: Setting watchdog for 200 seconds at Sat Jul 20 00:19:50 UTC 2019
6 ms. Memory: 45056K Free: 23010K (51%)
ptolemy.util.test.WatchDog.cancel(): canceling Sat Jul 20 00:19:50 UTC 2019
------------------ testing $PTII/ptolemy/domains/de/test/auto/LineFault.xml
auto.tcl: Setting watchdog for 200 seconds at Sat Jul 20 00:19:50 UTC 2019
787 ms. Memory: 45056K Free: 12444K (28%)
ptolemy.util.test.WatchDog.cancel(): canceling Sat Jul 20 00:19:51 UTC 2019
auto.tcl: Setting watchdog for 200 seconds at Sat Jul 20 00:19:51 UTC 2019
667 ms. Memory: 54272K Free: 26946K (50%)
ptolemy.util.test.WatchDog.cancel(): canceling Sat Jul 20 00:19:52 UTC 2019
------------------ testing $PTII/ptolemy/domains/de/test/auto/MergeModel1Add.xml
auto.tcl: Setting watchdog for 200 seconds at Sat Jul 20 00:19:52 UTC 2019
33 ms. Memory: 51200K Free: 16539K (32%)
ptolemy.util.test.WatchDog.cancel(): canceling Sat Jul 20 00:19:52 UTC 2019
auto.tcl: Setting watchdog for 200 seconds at Sat Jul 20 00:19:52 UTC 2019
12 ms. Memory: 51200K Free: 14930K (29%)
ptolemy.util.test.WatchDog.cancel(): canceling Sat Jul 20 00:19:52 UTC 2019
------------------ testing $PTII/ptolemy/domains/de/test/auto/MergeModel2Add.xml
auto.tcl: Setting watchdog for 200 seconds at Sat Jul 20 00:19:52 UTC 2019
11 ms. Memory: 51200K Free: 18370K (36%)
ptolemy.util.test.WatchDog.cancel(): canceling Sat Jul 20 00:19:52 UTC 2019
auto.tcl: Setting watchdog for 200 seconds at Sat Jul 20 00:19:52 UTC 2019
11 ms. Memory: 51200K Free: 16628K (32%)
ptolemy.util.test.WatchDog.cancel(): canceling Sat Jul 20 00:19:52 UTC 2019
------------------ testing $PTII/ptolemy/domains/de/test/auto/MergeModel3Add.xml
auto.tcl: Setting watchdog for 200 seconds at Sat Jul 20 00:19:52 UTC 2019
9 ms. Memory: 48128K Free: 15571K (32%)
ptolemy.util.test.WatchDog.cancel(): canceling Sat Jul 20 00:19:52 UTC 2019
auto.tcl: Setting watchdog for 200 seconds at Sat Jul 20 00:19:52 UTC 2019
7 ms. Memory: 48128K Free: 13984K (29%)
ptolemy.util.test.WatchDog.cancel(): canceling Sat Jul 20 00:19:52 UTC 2019
------------------ testing $PTII/ptolemy/domains/de/test/auto/MergeWithoutDiscard.xml
auto.tcl: Setting watchdog for 200 seconds at Sat Jul 20 00:19:53 UTC 2019
1 ms. Memory: 48128K Free: 30109K (63%)
ptolemy.util.test.WatchDog.cancel(): canceling Sat Jul 20 00:19:53 UTC 2019
auto.tcl: Setting watchdog for 200 seconds at Sat Jul 20 00:19:53 UTC 2019
1 ms. Memory: 48128K Free: 29695K (62%)
ptolemy.util.test.WatchDog.cancel(): canceling Sat Jul 20 00:19:53 UTC 2019
------------------ testing $PTII/ptolemy/domains/de/test/auto/Modal1.xml
auto.tcl: Setting watchdog for 200 seconds at Sat Jul 20 00:19:53 UTC 2019
17 ms. Memory: 48128K Free: 22032K (46%)
ptolemy.util.test.WatchDog.cancel(): canceling Sat Jul 20 00:19:53 UTC 2019
auto.tcl: Setting watchdog for 200 seconds at Sat Jul 20 00:19:53 UTC 2019
19 ms. Memory: 48128K Free: 18614K (39%)
ptolemy.util.test.WatchDog.cancel(): canceling Sat Jul 20 00:19:53 UTC 2019
------------------ testing $PTII/ptolemy/domains/de/test/auto/Modal2.xml
auto.tcl: Setting watchdog for 200 seconds at Sat Jul 20 00:19:53 UTC 2019
12 ms. Memory: 48128K Free: 22134K (46%)
ptolemy.util.test.WatchDog.cancel(): canceling Sat Jul 20 00:19:53 UTC 2019
auto.tcl: Setting watchdog for 200 seconds at Sat Jul 20 00:19:53 UTC 2019
14 ms. Memory: 48128K Free: 18878K (39%)
ptolemy.util.test.WatchDog.cancel(): canceling Sat Jul 20 00:19:53 UTC 2019
------------------ testing $PTII/ptolemy/domains/de/test/auto/Modal3.xml
auto.tcl: Setting watchdog for 200 seconds at Sat Jul 20 00:19:53 UTC 2019
15 ms. Memory: 48128K Free: 22102K (46%)
ptolemy.util.test.WatchDog.cancel(): canceling Sat Jul 20 00:19:53 UTC 2019
auto.tcl: Setting watchdog for 200 seconds at Sat Jul 20 00:19:53 UTC 2019
16 ms. Memory: 48128K Free: 18524K (38%)
ptolemy.util.test.WatchDog.cancel(): canceling Sat Jul 20 00:19:53 UTC 2019
------------------ testing $PTII/ptolemy/domains/de/test/auto/Modal4.xml
auto.tcl: Setting watchdog for 200 seconds at Sat Jul 20 00:19:53 UTC 2019
14 ms. Memory: 48128K Free: 20880K (43%)
ptolemy.util.test.WatchDog.cancel(): canceling Sat Jul 20 00:19:53 UTC 2019
auto.tcl: Setting watchdog for 200 seconds at Sat Jul 20 00:19:53 UTC 2019
14 ms. Memory: 48128K Free: 16844K (35%)
ptolemy.util.test.WatchDog.cancel(): canceling Sat Jul 20 00:19:53 UTC 2019
------------------ testing $PTII/ptolemy/domains/de/test/auto/Modal5.xml
auto.tcl: Setting watchdog for 200 seconds at Sat Jul 20 00:19:53 UTC 2019
17 ms. Memory: 48128K Free: 21062K (44%)
ptolemy.util.test.WatchDog.cancel(): canceling Sat Jul 20 00:19:53 UTC 2019
auto.tcl: Setting watchdog for 200 seconds at Sat Jul 20 00:19:53 UTC 2019
15 ms. Memory: 48128K Free: 17223K (36%)
ptolemy.util.test.WatchDog.cancel(): canceling Sat Jul 20 00:19:53 UTC 2019
------------------ testing $PTII/ptolemy/domains/de/test/auto/Modal6.xml
auto.tcl: Setting watchdog for 200 seconds at Sat Jul 20 00:19:53 UTC 2019
22 ms. Memory: 48128K Free: 21859K (45%)
ptolemy.util.test.WatchDog.cancel(): canceling Sat Jul 20 00:19:53 UTC 2019
auto.tcl: Setting watchdog for 200 seconds at Sat Jul 20 00:19:53 UTC 2019
20 ms. Memory: 48128K Free: 17892K (37%)
ptolemy.util.test.WatchDog.cancel(): canceling Sat Jul 20 00:19:53 UTC 2019
------------------ testing $PTII/ptolemy/domains/de/test/auto/Modal7.xml
auto.tcl: Setting watchdog for 200 seconds at Sat Jul 20 00:19:53 UTC 2019
17 ms. Memory: 48128K Free: 20812K (43%)
ptolemy.util.test.WatchDog.cancel(): canceling Sat Jul 20 00:19:53 UTC 2019
auto.tcl: Setting watchdog for 200 seconds at Sat Jul 20 00:19:53 UTC 2019
12 ms. Memory: 48128K Free: 17222K (36%)
ptolemy.util.test.WatchDog.cancel(): canceling Sat Jul 20 00:19:53 UTC 2019
------------------ testing $PTII/ptolemy/domains/de/test/auto/ModalModel.xml
auto.tcl: Setting watchdog for 200 seconds at Sat Jul 20 00:19:53 UTC 2019
256 ms. Memory: 60416K Free: 43552K (72%)
ptolemy.util.test.WatchDog.cancel(): canceling Sat Jul 20 00:19:54 UTC 2019
auto.tcl: Setting watchdog for 200 seconds at Sat Jul 20 00:19:54 UTC 2019
218 ms. Memory: 60416K Free: 41364K (68%)
ptolemy.util.test.WatchDog.cancel(): canceling Sat Jul 20 00:19:54 UTC 2019
------------------ testing $PTII/ptolemy/domains/de/test/auto/ModalSource.xml
auto.tcl: Setting watchdog for 200 seconds at Sat Jul 20 00:19:54 UTC 2019
7 ms. Memory: 51200K Free: 28455K (56%)
ptolemy.util.test.WatchDog.cancel(): canceling Sat Jul 20 00:19:54 UTC 2019
auto.tcl: Setting watchdog for 200 seconds at Sat Jul 20 00:19:54 UTC 2019
7 ms. Memory: 51200K Free: 26441K (52%)
ptolemy.util.test.WatchDog.cancel(): canceling Sat Jul 20 00:19:54 UTC 2019
------------------ testing $PTII/ptolemy/domains/de/test/auto/NonInterruptibleTimerZeroDelay.xml
auto.tcl: Setting watchdog for 200 seconds at Sat Jul 20 00:19:54 UTC 2019
4 ms. Memory: 48128K Free: 30878K (64%)
ptolemy.util.test.WatchDog.cancel(): canceling Sat Jul 20 00:19:54 UTC 2019
auto.tcl: Setting watchdog for 200 seconds at Sat Jul 20 00:19:54 UTC 2019
2 ms. Memory: 48128K Free: 30155K (63%)
ptolemy.util.test.WatchDog.cancel(): canceling Sat Jul 20 00:19:54 UTC 2019
------------------ testing $PTII/ptolemy/domains/de/test/auto/OpenQueueingNetwork.xml
auto.tcl: Setting watchdog for 200 seconds at Sat Jul 20 00:19:54 UTC 2019
2958 ms. Memory: 118784K Free: 85287K (72%)
ptolemy.util.test.WatchDog.cancel(): canceling Sat Jul 20 00:19:57 UTC 2019
auto.tcl: Setting watchdog for 200 seconds at Sat Jul 20 00:19:57 UTC 2019
2561 ms. Memory: 178176K Free: 157896K (89%)
ptolemy.util.test.WatchDog.cancel(): canceling Sat Jul 20 00:20:00 UTC 2019
------------------ testing $PTII/ptolemy/domains/de/test/auto/OpenQueuingNetwork.xml
auto.tcl: Setting watchdog for 200 seconds at Sat Jul 20 00:20:00 UTC 2019
246 ms. Memory: 51200K Free: 18453K (36%)
ptolemy.util.test.WatchDog.cancel(): canceling Sat Jul 20 00:20:00 UTC 2019
auto.tcl: Setting watchdog for 200 seconds at Sat Jul 20 00:20:00 UTC 2019
240 ms. Memory: 51200K Free: 23840K (47%)
ptolemy.util.test.WatchDog.cancel(): canceling Sat Jul 20 00:20:01 UTC 2019
------------------ testing $PTII/ptolemy/domains/de/test/auto/PeriodicSampler.xml
auto.tcl: Setting watchdog for 200 seconds at Sat Jul 20 00:20:01 UTC 2019
3 ms. Memory: 51200K Free: 33104K (65%)
ptolemy.util.test.WatchDog.cancel(): canceling Sat Jul 20 00:20:01 UTC 2019
auto.tcl: Setting watchdog for 200 seconds at Sat Jul 20 00:20:01 UTC 2019
2 ms. Memory: 51200K Free: 32148K (63%)
ptolemy.util.test.WatchDog.cancel(): canceling Sat Jul 20 00:20:01 UTC 2019
------------------ testing $PTII/ptolemy/domains/de/test/auto/PersistentIO.xml
auto.tcl: Setting watchdog for 200 seconds at Sat Jul 20 00:20:01 UTC 2019
6 ms. Memory: 48128K Free: 24970K (52%)
ptolemy.util.test.WatchDog.cancel(): canceling Sat Jul 20 00:20:01 UTC 2019
auto.tcl: Setting watchdog for 200 seconds at Sat Jul 20 00:20:01 UTC 2019
5 ms. Memory: 48128K Free: 23562K (49%)
ptolemy.util.test.WatchDog.cancel(): canceling Sat Jul 20 00:20:01 UTC 2019
------------------ testing $PTII/ptolemy/domains/de/test/auto/PortParameterResetOnInitialize.xml
auto.tcl: Setting watchdog for 200 seconds at Sat Jul 20 00:20:01 UTC 2019
9 ms. Memory: 48128K Free: 29940K (62%)
ptolemy.util.test.WatchDog.cancel(): canceling Sat Jul 20 00:20:01 UTC 2019
auto.tcl: Setting watchdog for 200 seconds at Sat Jul 20 00:20:01 UTC 2019
2 ms. Memory: 48128K Free: 29467K (61%)
ptolemy.util.test.WatchDog.cancel(): canceling Sat Jul 20 00:20:01 UTC 2019
------------------ testing $PTII/ptolemy/domains/de/test/auto/PortParameterUpdates.xml
auto.tcl: Setting watchdog for 200 seconds at Sat Jul 20 00:20:01 UTC 2019
4 ms. Memory: 48128K Free: 28284K (59%)
ptolemy.util.test.WatchDog.cancel(): canceling Sat Jul 20 00:20:01 UTC 2019
auto.tcl: Setting watchdog for 200 seconds at Sat Jul 20 00:20:01 UTC 2019
6 ms. Memory: 48128K Free: 27085K (56%)
ptolemy.util.test.WatchDog.cancel(): canceling Sat Jul 20 00:20:01 UTC 2019
------------------ testing $PTII/ptolemy/domains/de/test/auto/QueueAndServer.xml
auto.tcl: Setting watchdog for 200 seconds at Sat Jul 20 00:20:01 UTC 2019
17 ms. Memory: 48128K Free: 26976K (56%)
ptolemy.util.test.WatchDog.cancel(): canceling Sat Jul 20 00:20:01 UTC 2019
auto.tcl: Setting watchdog for 200 seconds at Sat Jul 20 00:20:01 UTC 2019
6 ms. Memory: 48128K Free: 25551K (53%)
ptolemy.util.test.WatchDog.cancel(): canceling Sat Jul 20 00:20:01 UTC 2019
------------------ testing $PTII/ptolemy/domains/de/test/auto/Records.xml
auto.tcl: Setting watchdog for 200 seconds at Sat Jul 20 00:20:01 UTC 2019
3 ms. Memory: 48128K Free: 29513K (61%)
ptolemy.util.test.WatchDog.cancel(): canceling Sat Jul 20 00:20:01 UTC 2019
auto.tcl: Setting watchdog for 200 seconds at Sat Jul 20 00:20:01 UTC 2019
2 ms. Memory: 48128K Free: 29024K (60%)
ptolemy.util.test.WatchDog.cancel(): canceling Sat Jul 20 00:20:01 UTC 2019
------------------ testing $PTII/ptolemy/domains/de/test/auto/ResetTransitionWithStartTime1.xml
auto.tcl: Setting watchdog for 200 seconds at Sat Jul 20 00:20:01 UTC 2019
19 ms. Memory: 48128K Free: 26437K (55%)
ptolemy.util.test.WatchDog.cancel(): canceling Sat Jul 20 00:20:01 UTC 2019
auto.tcl: Setting watchdog for 200 seconds at Sat Jul 20 00:20:01 UTC 2019
9 ms. Memory: 48128K Free: 23946K (50%)
ptolemy.util.test.WatchDog.cancel(): canceling Sat Jul 20 00:20:01 UTC 2019
------------------ testing $PTII/ptolemy/domains/de/test/auto/ResetTransitionWithStartTime2.xml
auto.tcl: Setting watchdog for 200 seconds at Sat Jul 20 00:20:01 UTC 2019
8 ms. Memory: 48128K Free: 26575K (55%)
ptolemy.util.test.WatchDog.cancel(): canceling Sat Jul 20 00:20:01 UTC 2019
auto.tcl: Setting watchdog for 200 seconds at Sat Jul 20 00:20:01 UTC 2019
7 ms. Memory: 48128K Free: 24344K (51%)
ptolemy.util.test.WatchDog.cancel(): canceling Sat Jul 20 00:20:01 UTC 2019
------------------ testing $PTII/ptolemy/domains/de/test/auto/ResetTransitionWithStartTime3.xml
auto.tcl: Setting watchdog for 200 seconds at Sat Jul 20 00:20:01 UTC 2019
12 ms. Memory: 48128K Free: 26574K (55%)
ptolemy.util.test.WatchDog.cancel(): canceling Sat Jul 20 00:20:01 UTC 2019
auto.tcl: Setting watchdog for 200 seconds at Sat Jul 20 00:20:01 UTC 2019
6 ms. Memory: 48128K Free: 24343K (51%)
ptolemy.util.test.WatchDog.cancel(): canceling Sat Jul 20 00:20:01 UTC 2019
------------------ testing $PTII/ptolemy/domains/de/test/auto/ResetTransitionWithStartTime4.xml
auto.tcl: Setting watchdog for 200 seconds at Sat Jul 20 00:20:01 UTC 2019
8 ms. Memory: 48128K Free: 26876K (56%)
ptolemy.util.test.WatchDog.cancel(): canceling Sat Jul 20 00:20:01 UTC 2019
auto.tcl: Setting watchdog for 200 seconds at Sat Jul 20 00:20:01 UTC 2019
4 ms. Memory: 48128K Free: 25475K (53%)
ptolemy.util.test.WatchDog.cancel(): canceling Sat Jul 20 00:20:01 UTC 2019
------------------ testing $PTII/ptolemy/domains/de/test/auto/ResettableTimer1.xml
auto.tcl: Setting watchdog for 200 seconds at Sat Jul 20 00:20:02 UTC 2019
3 ms. Memory: 48128K Free: 30920K (64%)
ptolemy.util.test.WatchDog.cancel(): canceling Sat Jul 20 00:20:02 UTC 2019
auto.tcl: Setting watchdog for 200 seconds at Sat Jul 20 00:20:02 UTC 2019
2 ms. Memory: 48128K Free: 30011K (62%)
ptolemy.util.test.WatchDog.cancel(): canceling Sat Jul 20 00:20:02 UTC 2019
------------------ testing $PTII/ptolemy/domains/de/test/auto/ResettableTimer2.xml
auto.tcl: Setting watchdog for 200 seconds at Sat Jul 20 00:20:02 UTC 2019
2 ms. Memory: 48128K Free: 30919K (64%)
ptolemy.util.test.WatchDog.cancel(): canceling Sat Jul 20 00:20:02 UTC 2019
auto.tcl: Setting watchdog for 200 seconds at Sat Jul 20 00:20:02 UTC 2019
2 ms. Memory: 48128K Free: 30067K (62%)
ptolemy.util.test.WatchDog.cancel(): canceling Sat Jul 20 00:20:02 UTC 2019
------------------ testing $PTII/ptolemy/domains/de/test/auto/ResettableTimer3.xml
auto.tcl: Setting watchdog for 200 seconds at Sat Jul 20 00:20:02 UTC 2019
1 ms. Memory: 48128K Free: 30526K (63%)
ptolemy.util.test.WatchDog.cancel(): canceling Sat Jul 20 00:20:02 UTC 2019
auto.tcl: Setting watchdog for 200 seconds at Sat Jul 20 00:20:02 UTC 2019
1 ms. Memory: 48128K Free: 30081K (63%)
ptolemy.util.test.WatchDog.cancel(): canceling Sat Jul 20 00:20:02 UTC 2019
------------------ testing $PTII/ptolemy/domains/de/test/auto/ResettableTimer4.xml
auto.tcl: Setting watchdog for 200 seconds at Sat Jul 20 00:20:02 UTC 2019
1 ms. Memory: 48128K Free: 30592K (64%)
ptolemy.util.test.WatchDog.cancel(): canceling Sat Jul 20 00:20:02 UTC 2019
auto.tcl: Setting watchdog for 200 seconds at Sat Jul 20 00:20:02 UTC 2019
1 ms. Memory: 48128K Free: 30094K (63%)
ptolemy.util.test.WatchDog.cancel(): canceling Sat Jul 20 00:20:02 UTC 2019
------------------ testing $PTII/ptolemy/domains/de/test/auto/ResettableTimer5.xml
auto.tcl: Setting watchdog for 200 seconds at Sat Jul 20 00:20:02 UTC 2019
1 ms. Memory: 48128K Free: 30008K (62%)
ptolemy.util.test.WatchDog.cancel(): canceling Sat Jul 20 00:20:02 UTC 2019
auto.tcl: Setting watchdog for 200 seconds at Sat Jul 20 00:20:02 UTC 2019
1 ms. Memory: 48128K Free: 29558K (61%)
ptolemy.util.test.WatchDog.cancel(): canceling Sat Jul 20 00:20:02 UTC 2019
------------------ testing $PTII/ptolemy/domains/de/test/auto/ResettableTimer6.xml
auto.tcl: Setting watchdog for 200 seconds at Sat Jul 20 00:20:02 UTC 2019
1 ms. Memory: 48128K Free: 30006K (62%)
ptolemy.util.test.WatchDog.cancel(): canceling Sat Jul 20 00:20:02 UTC 2019
auto.tcl: Setting watchdog for 200 seconds at Sat Jul 20 00:20:02 UTC 2019
2 ms. Memory: 48128K Free: 29502K (61%)
ptolemy.util.test.WatchDog.cancel(): canceling Sat Jul 20 00:20:02 UTC 2019
------------------ testing $PTII/ptolemy/domains/de/test/auto/ServerZeroDelay.xml
auto.tcl: Setting watchdog for 200 seconds at Sat Jul 20 00:20:02 UTC 2019
3 ms. Memory: 48128K Free: 30517K (63%)
ptolemy.util.test.WatchDog.cancel(): canceling Sat Jul 20 00:20:02 UTC 2019
auto.tcl: Setting watchdog for 200 seconds at Sat Jul 20 00:20:02 UTC 2019
2 ms. Memory: 48128K Free: 29611K (62%)
ptolemy.util.test.WatchDog.cancel(): canceling Sat Jul 20 00:20:02 UTC 2019
------------------ testing $PTII/ptolemy/domains/de/test/auto/SmartSender.xml
auto.tcl: Setting watchdog for 200 seconds at Sat Jul 20 00:20:02 UTC 2019
3001 ms. Memory: 48128K Free: 30550K (63%)
ptolemy.util.test.WatchDog.cancel(): canceling Sat Jul 20 00:20:05 UTC 2019
auto.tcl: Setting watchdog for 200 seconds at Sat Jul 20 00:20:05 UTC 2019
3002 ms. Memory: 48128K Free: 30054K (62%)
ptolemy.util.test.WatchDog.cancel(): canceling Sat Jul 20 00:20:08 UTC 2019
------------------ testing $PTII/ptolemy/domains/de/test/auto/ThreadedComposite.xml
auto.tcl: Setting watchdog for 200 seconds at Sat Jul 20 00:20:08 UTC 2019
224 ms. Memory: 48128K Free: 11579K (24%)
ptolemy.util.test.WatchDog.cancel(): canceling Sat Jul 20 00:20:08 UTC 2019
auto.tcl: Setting watchdog for 200 seconds at Sat Jul 20 00:20:08 UTC 2019
152 ms. Memory: 48128K Free: 24050K (50%)
ptolemy.util.test.WatchDog.cancel(): canceling Sat Jul 20 00:20:08 UTC 2019
------------------ testing $PTII/ptolemy/domains/de/test/auto/Time.xml
auto.tcl: Setting watchdog for 200 seconds at Sat Jul 20 00:20:09 UTC 2019
534 ms. Memory: 48128K Free: 29291K (61%)
ptolemy.util.test.WatchDog.cancel(): canceling Sat Jul 20 00:20:09 UTC 2019
auto.tcl: Setting watchdog for 200 seconds at Sat Jul 20 00:20:09 UTC 2019
477 ms. Memory: 48128K Free: 27274K (57%)
ptolemy.util.test.WatchDog.cancel(): canceling Sat Jul 20 00:20:10 UTC 2019
------------------ testing $PTII/ptolemy/domains/de/test/auto/TimeDelayZeroDelay.xml
auto.tcl: Setting watchdog for 200 seconds at Sat Jul 20 00:20:10 UTC 2019
3 ms. Memory: 48128K Free: 30922K (64%)
ptolemy.util.test.WatchDog.cancel(): canceling Sat Jul 20 00:20:10 UTC 2019
auto.tcl: Setting watchdog for 200 seconds at Sat Jul 20 00:20:10 UTC 2019
2 ms. Memory: 48128K Free: 30027K (62%)
ptolemy.util.test.WatchDog.cancel(): canceling Sat Jul 20 00:20:10 UTC 2019
------------------ testing $PTII/ptolemy/domains/de/test/auto/TimerZeroDelay.xml
auto.tcl: Setting watchdog for 200 seconds at Sat Jul 20 00:20:10 UTC 2019
3 ms. Memory: 48128K Free: 30981K (64%)
ptolemy.util.test.WatchDog.cancel(): canceling Sat Jul 20 00:20:10 UTC 2019
auto.tcl: Setting watchdog for 200 seconds at Sat Jul 20 00:20:10 UTC 2019
2 ms. Memory: 48128K Free: 30084K (63%)
ptolemy.util.test.WatchDog.cancel(): canceling Sat Jul 20 00:20:10 UTC 2019
------------------ testing $PTII/ptolemy/domains/de/test/auto/TimingParadox.xml
auto.tcl: Setting watchdog for 200 seconds at Sat Jul 20 00:20:10 UTC 2019
339 ms. Memory: 48128K Free: 12137K (25%)
ptolemy.util.test.WatchDog.cancel(): canceling Sat Jul 20 00:20:10 UTC 2019
auto.tcl: Setting watchdog for 200 seconds at Sat Jul 20 00:20:10 UTC 2019
337 ms. Memory: 48128K Free: 22185K (46%)
ptolemy.util.test.WatchDog.cancel(): canceling Sat Jul 20 00:20:11 UTC 2019
------------------ testing $PTII/ptolemy/domains/de/test/auto/TransferInputs.xml
auto.tcl: Setting watchdog for 200 seconds at Sat Jul 20 00:20:11 UTC 2019
1 ms. Memory: 48128K Free: 28965K (60%)
ptolemy.util.test.WatchDog.cancel(): canceling Sat Jul 20 00:20:11 UTC 2019
auto.tcl: Setting watchdog for 200 seconds at Sat Jul 20 00:20:11 UTC 2019
2 ms. Memory: 48128K Free: 28060K (58%)
ptolemy.util.test.WatchDog.cancel(): canceling Sat Jul 20 00:20:11 UTC 2019
------------------ testing $PTII/ptolemy/domains/de/test/auto/TransferOutputs2.xml
auto.tcl: Setting watchdog for 200 seconds at Sat Jul 20 00:20:11 UTC 2019
2 ms. Memory: 48128K Free: 26395K (55%)
ptolemy.util.test.WatchDog.cancel(): canceling Sat Jul 20 00:20:11 UTC 2019
auto.tcl: Setting watchdog for 200 seconds at Sat Jul 20 00:20:11 UTC 2019
4 ms. Memory: 48128K Free: 24974K (52%)
ptolemy.util.test.WatchDog.cancel(): canceling Sat Jul 20 00:20:11 UTC 2019
------------------ testing $PTII/ptolemy/domains/de/test/auto/Trilateration.xml
auto.tcl: Setting watchdog for 200 seconds at Sat Jul 20 00:20:11 UTC 2019
16036 ms. Memory: 553984K Free: 304281K (55%)
ptolemy.util.test.WatchDog.cancel(): canceling Sat Jul 20 00:20:28 UTC 2019
auto.tcl: Setting watchdog for 200 seconds at Sat Jul 20 00:20:28 UTC 2019
11720 ms. Memory: 553984K Free: 277685K (50%)
ptolemy.util.test.WatchDog.cancel(): canceling Sat Jul 20 00:20:40 UTC 2019
------------------ testing $PTII/ptolemy/domains/de/test/auto/TwoSigmaDelta.xml
auto.tcl: Setting watchdog for 200 seconds at Sat Jul 20 00:20:40 UTC 2019
2837 ms. Memory: 86016K Free: 50150K (58%)
ptolemy.util.test.WatchDog.cancel(): canceling Sat Jul 20 00:20:43 UTC 2019
auto.tcl: Setting watchdog for 200 seconds at Sat Jul 20 00:20:43 UTC 2019
2236 ms. Memory: 86016K Free: 39384K (46%)
ptolemy.util.test.WatchDog.cancel(): canceling Sat Jul 20 00:20:45 UTC 2019
------------------ testing $PTII/ptolemy/domains/de/test/auto/VariableDelay.xml
auto.tcl: Setting watchdog for 200 seconds at Sat Jul 20 00:20:45 UTC 2019
4 ms. Memory: 51200K Free: 32498K (63%)
ptolemy.util.test.WatchDog.cancel(): canceling Sat Jul 20 00:20:45 UTC 2019
auto.tcl: Setting watchdog for 200 seconds at Sat Jul 20 00:20:45 UTC 2019
2 ms. Memory: 51200K Free: 31504K (62%)
ptolemy.util.test.WatchDog.cancel(): canceling Sat Jul 20 00:20:45 UTC 2019
------------------ testing $PTII/ptolemy/domains/de/test/auto/VariableDelay2.xml
auto.tcl: Setting watchdog for 200 seconds at Sat Jul 20 00:20:45 UTC 2019
3 ms. Memory: 48128K Free: 29825K (62%)
ptolemy.util.test.WatchDog.cancel(): canceling Sat Jul 20 00:20:45 UTC 2019
auto.tcl: Setting watchdog for 200 seconds at Sat Jul 20 00:20:45 UTC 2019
2 ms. Memory: 48128K Free: 29343K (61%)
ptolemy.util.test.WatchDog.cancel(): canceling Sat Jul 20 00:20:45 UTC 2019
------------------ testing $PTII/ptolemy/domains/de/test/auto/VariableDelayZeroDelay.xml
auto.tcl: Setting watchdog for 200 seconds at Sat Jul 20 00:20:45 UTC 2019
2 ms. Memory: 48128K Free: 30368K (63%)
ptolemy.util.test.WatchDog.cancel(): canceling Sat Jul 20 00:20:45 UTC 2019
auto.tcl: Setting watchdog for 200 seconds at Sat Jul 20 00:20:45 UTC 2019
2 ms. Memory: 48128K Free: 29884K (62%)
ptolemy.util.test.WatchDog.cancel(): canceling Sat Jul 20 00:20:45 UTC 2019
------------------ testing $PTII/ptolemy/domains/de/test/auto/VariableDelayZeroDelay2.xml
auto.tcl: Setting watchdog for 200 seconds at Sat Jul 20 00:20:45 UTC 2019
4 ms. Memory: 48128K Free: 30367K (63%)
ptolemy.util.test.WatchDog.cancel(): canceling Sat Jul 20 00:20:45 UTC 2019
auto.tcl: Setting watchdog for 200 seconds at Sat Jul 20 00:20:45 UTC 2019
2 ms. Memory: 48128K Free: 29347K (61%)
ptolemy.util.test.WatchDog.cancel(): canceling Sat Jul 20 00:20:45 UTC 2019
------------------ testing $PTII/ptolemy/domains/de/test/auto/deInCt.xml
auto.tcl: Setting watchdog for 200 seconds at Sat Jul 20 00:20:45 UTC 2019
0
1
1
1
0
0
0
1
1
1
0
0
0
1
1
0
0
1
1
1
0
0
0
1
1
1
0
0
0
1
1
1
0
0
0
0
0
1
1
1
0
0
0
0
1
1
1
0
0
0
0
0
17 ms. Memory: 48128K Free: 29340K (61%)
ptolemy.util.test.WatchDog.cancel(): canceling Sat Jul 20 00:20:45 UTC 2019
auto.tcl: Setting watchdog for 200 seconds at Sat Jul 20 00:20:45 UTC 2019
0
1
1
1
0
0
0
1
1
1
1
1
0
0
0
1
1
0
0
0
1
1
1
0
0
0
1
1
1
0
0
0
1
1
1
1
1
1
10 ms. Memory: 48128K Free: 27800K (58%)
ptolemy.util.test.WatchDog.cancel(): canceling Sat Jul 20 00:20:45 UTC 2019
------------------ testing $PTII/ptolemy/domains/de/test/auto/deInCt2.xml
auto.tcl: Setting watchdog for 200 seconds at Sat Jul 20 00:20:46 UTC 2019
0
1
1
1
0
0
1
1
1
0
0
1
1
1
0
0
1
1
1
0
0
1
1
1
0
0
1
1
1
0
0
1
1
1
0
0
1
1
1
0
0
0
11 ms. Memory: 48128K Free: 29343K (61%)
ptolemy.util.test.WatchDog.cancel(): canceling Sat Jul 20 00:20:46 UTC 2019
auto.tcl: Setting watchdog for 200 seconds at Sat Jul 20 00:20:46 UTC 2019
0
1
1
1
0
0
1
1
1
0
0
1
1
1
0
0
1
1
1
0
0
1
1
1
0
0
1
1
1
0
0
1
1
1
0
0
1
1
1
0
0
0
9 ms. Memory: 48128K Free: 27817K (58%)
ptolemy.util.test.WatchDog.cancel(): canceling Sat Jul 20 00:20:46 UTC 2019
------------------ testing $PTII/ptolemy/domains/de/test/auto/dynamicCausalityInterface1.xml
auto.tcl: Setting watchdog for 200 seconds at Sat Jul 20 00:20:46 UTC 2019
1 ms. Memory: 48128K Free: 25241K (52%)
ptolemy.util.test.WatchDog.cancel(): canceling Sat Jul 20 00:20:46 UTC 2019
auto.tcl: Setting watchdog for 200 seconds at Sat Jul 20 00:20:46 UTC 2019
0 ms. Memory: 48128K Free: 24739K (51%)
ptolemy.util.test.WatchDog.cancel(): canceling Sat Jul 20 00:20:46 UTC 2019
------------------ testing $PTII/ptolemy/domains/de/test/auto/fsm_de_test.xml
auto.tcl: Setting watchdog for 200 seconds at Sat Jul 20 00:20:46 UTC 2019
7 ms. Memory: 48128K Free: 25139K (52%)
ptolemy.util.test.WatchDog.cancel(): canceling Sat Jul 20 00:20:46 UTC 2019
auto.tcl: Setting watchdog for 200 seconds at Sat Jul 20 00:20:46 UTC 2019
6 ms. Memory: 48128K Free: 23150K (48%)
ptolemy.util.test.WatchDog.cancel(): canceling Sat Jul 20 00:20:46 UTC 2019
------------------ testing $PTII/ptolemy/domains/de/test/auto/functionDependencyReconstruction.xml
auto.tcl: Setting watchdog for 200 seconds at Sat Jul 20 00:20:46 UTC 2019
3 ms. Memory: 48128K Free: 18985K (39%)
ptolemy.util.test.WatchDog.cancel(): canceling Sat Jul 20 00:20:46 UTC 2019
auto.tcl: Setting watchdog for 200 seconds at Sat Jul 20 00:20:46 UTC 2019
3 ms. Memory: 48128K Free: 16950K (35%)
ptolemy.util.test.WatchDog.cancel(): canceling Sat Jul 20 00:20:46 UTC 2019
------------------ testing $PTII/ptolemy/domains/de/test/auto/multirate.xml
auto.tcl: Setting watchdog for 200 seconds at Sat Jul 20 00:20:46 UTC 2019
3 ms. Memory: 48128K Free: 27790K (58%)
ptolemy.util.test.WatchDog.cancel(): canceling Sat Jul 20 00:20:46 UTC 2019
auto.tcl: Setting watchdog for 200 seconds at Sat Jul 20 00:20:46 UTC 2019
3 ms. Memory: 48128K Free: 26073K (54%)
ptolemy.util.test.WatchDog.cancel(): canceling Sat Jul 20 00:20:46 UTC 2019
------------------ testing $PTII/ptolemy/domains/de/test/auto/multirate2.xml
auto.tcl: Setting watchdog for 200 seconds at Sat Jul 20 00:20:46 UTC 2019
6 ms. Memory: 48128K Free: 27736K (58%)
ptolemy.util.test.WatchDog.cancel(): canceling Sat Jul 20 00:20:46 UTC 2019
auto.tcl: Setting watchdog for 200 seconds at Sat Jul 20 00:20:46 UTC 2019
4 ms. Memory: 48128K Free: 26274K (55%)
ptolemy.util.test.WatchDog.cancel(): canceling Sat Jul 20 00:20:46 UTC 2019
------------------ testing $PTII/ptolemy/domains/de/test/auto/realtime.xml
auto.tcl: Setting watchdog for 200 seconds at Sat Jul 20 00:20:46 UTC 2019
10001 ms. Memory: 48128K Free: 30032K (62%)
ptolemy.util.test.WatchDog.cancel(): canceling Sat Jul 20 00:20:56 UTC 2019
auto.tcl: Setting watchdog for 200 seconds at Sat Jul 20 00:20:56 UTC 2019
10002 ms. Memory: 48128K Free: 29286K (61%)
ptolemy.util.test.WatchDog.cancel(): canceling Sat Jul 20 00:21:06 UTC 2019
------------------ testing $PTII/ptolemy/domains/de/test/auto/relationGroup.xml
auto.tcl: Setting watchdog for 200 seconds at Sat Jul 20 00:21:06 UTC 2019
2 ms. Memory: 48128K Free: 31082K (65%)
ptolemy.util.test.WatchDog.cancel(): canceling Sat Jul 20 00:21:06 UTC 2019
auto.tcl: Setting watchdog for 200 seconds at Sat Jul 20 00:21:06 UTC 2019
2 ms. Memory: 48128K Free: 30367K (63%)
ptolemy.util.test.WatchDog.cancel(): canceling Sat Jul 20 00:21:06 UTC 2019
------------------ testing $PTII/ptolemy/domains/de/test/auto/relationGroup2.xml
auto.tcl: Setting watchdog for 200 seconds at Sat Jul 20 00:21:06 UTC 2019
2 ms. Memory: 48128K Free: 30873K (64%)
ptolemy.util.test.WatchDog.cancel(): canceling Sat Jul 20 00:21:06 UTC 2019
auto.tcl: Setting watchdog for 200 seconds at Sat Jul 20 00:21:06 UTC 2019
1 ms. Memory: 48128K Free: 29924K (62%)
ptolemy.util.test.WatchDog.cancel(): canceling Sat Jul 20 00:21:06 UTC 2019
------------------ testing $PTII/ptolemy/domains/de/test/auto/sortWithOpaquePorts.xml
auto.tcl: Setting watchdog for 200 seconds at Sat Jul 20 00:21:06 UTC 2019
2 ms. Memory: 48128K Free: 29866K (62%)
ptolemy.util.test.WatchDog.cancel(): canceling Sat Jul 20 00:21:06 UTC 2019
auto.tcl: Setting watchdog for 200 seconds at Sat Jul 20 00:21:06 UTC 2019
1 ms. Memory: 48128K Free: 28861K (60%)
ptolemy.util.test.WatchDog.cancel(): canceling Sat Jul 20 00:21:06 UTC 2019
------------------ testing $PTII/ptolemy/domains/de/test/auto/transferInputsandOutputs.xml
auto.tcl: Setting watchdog for 200 seconds at Sat Jul 20 00:21:06 UTC 2019
4 ms. Memory: 48128K Free: 27310K (57%)
ptolemy.util.test.WatchDog.cancel(): canceling Sat Jul 20 00:21:06 UTC 2019
auto.tcl: Setting watchdog for 200 seconds at Sat Jul 20 00:21:06 UTC 2019
2 ms. Memory: 48128K Free: 26300K (55%)
ptolemy.util.test.WatchDog.cancel(): canceling Sat Jul 20 00:21:06 UTC 2019
------------------ testing $PTII/ptolemy/domains/de/test/auto/triggerType.xml
auto.tcl: Setting watchdog for 200 seconds at Sat Jul 20 00:21:06 UTC 2019
1 ms. Memory: 48128K Free: 30334K (63%)
ptolemy.util.test.WatchDog.cancel(): canceling Sat Jul 20 00:21:06 UTC 2019
auto.tcl: Setting watchdog for 200 seconds at Sat Jul 20 00:21:06 UTC 2019
1 ms. Memory: 48128K Free: 29361K (61%)
ptolemy.util.test.WatchDog.cancel(): canceling Sat Jul 20 00:21:06 UTC 2019
07/20/19 12:21:06
Failed: 0  Total Tests: 192  ((Passed: 187, Newly Passed: 1)  Known Failed: 5) /home/travis/build/icyphy/ptII/ptolemy/domains/de/test
07/20/19 12:21:06
Failed: 0  Total Tests: 192  ((Passed: 187, Newly Passed: 1)  Known Failed: 5) /home/travis/build/icyphy/ptII/ptolemy/domains/de/test
----------------- testing (KnownFailure) /home/travis/build/icyphy/ptII/ptolemy/domains/de/test/auto/knownFailedTests/DESDFClockTest.xml
2016 ms. Memory: 48128K Free: 23729K (49%)
Known Failure: java.lang.reflect.InvocationTargetException
----------------- testing (KnownFailure) /home/travis/build/icyphy/ptII/ptolemy/domains/de/test/auto/knownFailedTests/DirectFeedback.xml
1 ms. Memory: 48128K Free: 19633K (41%)
Known Failure: java.lang.reflect.InvocationTargetException
----------------- testing (KnownFailure) /home/travis/build/icyphy/ptII/ptolemy/domains/de/test/auto/knownFailedTests/FSMSource.xml
14 ms. Memory: 48128K Free: 11955K (25%)
----------------- testing (KnownFailure) /home/travis/build/icyphy/ptII/ptolemy/domains/de/test/auto/knownFailedTests/HierarchicalModel.xml
2 ms. Memory: 48128K Free: 21780K (45%)
Known Failure: java.lang.reflect.InvocationTargetException
----------------- testing (KnownFailure) /home/travis/build/icyphy/ptII/ptolemy/domains/de/test/auto/knownFailedTests/dependencyLoop.xml
7 ms. Memory: 48128K Free: 32368K (67%)
Known Failure: java.lang.reflect.InvocationTargetException
----------------- testing (KnownFailure) /home/travis/build/icyphy/ptII/ptolemy/domains/de/test/auto/knownFailedTests/dependencyLoop2.xml
2 ms. Memory: 48128K Free: 17253K (36%)
Known Failure: java.lang.reflect.InvocationTargetException
No auto/linux-amd64/*.xml tests in /home/travis/build/icyphy/ptII/ptolemy/domains/de/test
AutoTests.java: About to close Vertx.
AutoTests.java: Vertx closed.

===========================================================================================
----------------- testing Sat Jul 20 00:21:09 UTC 2019 /home/travis/build/icyphy/ptII/ptolemy/domains/de/test/auto/ActorDepthCalculation_actorWithoutPorts.xml
----------------- Instantiating /home/travis/build/icyphy/ptII/ptolemy/domains/de/test/auto/ActorDepthCalculation_actorWithoutPorts.xml
2 ms. Memory: 48128K Free: 10954K (23%)
----------------- Invoking toplevel() on ptolemy.moml.MoMLSimpleApplication@72fbec0d
----------------- Done invoking toplevel() on ptolemy.moml.MoMLSimpleApplication@72fbec0d
reloadAllAccessors: .ActorDepthCalculation_actorWithoutPorts

===========================================================================================
----------------- testing Sat Jul 20 00:21:09 UTC 2019 /home/travis/build/icyphy/ptII/ptolemy/domains/de/test/auto/AssemblyLine.xml
----------------- Instantiating /home/travis/build/icyphy/ptII/ptolemy/domains/de/test/auto/AssemblyLine.xml
3 ms. Memory: 48128K Free: 29598K (61%)
----------------- Invoking toplevel() on ptolemy.moml.MoMLSimpleApplication@56cc2937
----------------- Done invoking toplevel() on ptolemy.moml.MoMLSimpleApplication@56cc2937
reloadAllAccessors: .AssemblyLine

===========================================================================================
----------------- testing Sat Jul 20 00:21:09 UTC 2019 /home/travis/build/icyphy/ptII/ptolemy/domains/de/test/auto/CQBug1.xml
----------------- Instantiating /home/travis/build/icyphy/ptII/ptolemy/domains/de/test/auto/CQBug1.xml
1 ms. Memory: 48128K Free: 26526K (55%)
----------------- Invoking toplevel() on ptolemy.moml.MoMLSimpleApplication@4e487204
----------------- Done invoking toplevel() on ptolemy.moml.MoMLSimpleApplication@4e487204
reloadAllAccessors: .CQBug1

===========================================================================================
----------------- testing Sat Jul 20 00:21:09 UTC 2019 /home/travis/build/icyphy/ptII/ptolemy/domains/de/test/auto/CancelFireAt.xml
----------------- Instantiating /home/travis/build/icyphy/ptII/ptolemy/domains/de/test/auto/CancelFireAt.xml
8 ms. Memory: 48128K Free: 24235K (50%)
----------------- Invoking toplevel() on ptolemy.moml.MoMLSimpleApplication@5ff15fc9
----------------- Done invoking toplevel() on ptolemy.moml.MoMLSimpleApplication@5ff15fc9
reloadAllAccessors: .CancelFireAt

===========================================================================================
----------------- testing Sat Jul 20 00:21:09 UTC 2019 /home/travis/build/icyphy/ptII/ptolemy/domains/de/test/auto/CausalityAndComposabilityAnalysis.xml
----------------- Instantiating /home/travis/build/icyphy/ptII/ptolemy/domains/de/test/auto/CausalityAndComposabilityAnalysis.xml
2 ms. Memory: 48128K Free: 20185K (42%)
----------------- Invoking toplevel() on ptolemy.moml.MoMLSimpleApplication@302509b0
----------------- Done invoking toplevel() on ptolemy.moml.MoMLSimpleApplication@302509b0
reloadAllAccessors: .CausalityAndComposabilityAnalysis

===========================================================================================
----------------- testing Sat Jul 20 00:21:09 UTC 2019 /home/travis/build/icyphy/ptII/ptolemy/domains/de/test/auto/CausalityInterface1.xml
----------------- Instantiating /home/travis/build/icyphy/ptII/ptolemy/domains/de/test/auto/CausalityInterface1.xml
6 ms. Memory: 48128K Free: 15252K (32%)
----------------- Invoking toplevel() on ptolemy.moml.MoMLSimpleApplication@2c7111f4
----------------- Done invoking toplevel() on ptolemy.moml.MoMLSimpleApplication@2c7111f4
reloadAllAccessors: .CausalityInterface1

===========================================================================================
----------------- testing Sat Jul 20 00:21:09 UTC 2019 /home/travis/build/icyphy/ptII/ptolemy/domains/de/test/auto/CausalityInterface15.xml
----------------- Instantiating /home/travis/build/icyphy/ptII/ptolemy/domains/de/test/auto/CausalityInterface15.xml
2 ms. Memory: 48128K Free: 9907K (21%)
----------------- Invoking toplevel() on ptolemy.moml.MoMLSimpleApplication@6ddf15ac
----------------- Done invoking toplevel() on ptolemy.moml.MoMLSimpleApplication@6ddf15ac
reloadAllAccessors: .CausalityInterface15

===========================================================================================
----------------- testing Sat Jul 20 00:21:09 UTC 2019 /home/travis/build/icyphy/ptII/ptolemy/domains/de/test/auto/CausalityInterface2.xml
----------------- Instantiating /home/travis/build/icyphy/ptII/ptolemy/domains/de/test/auto/CausalityInterface2.xml
3 ms. Memory: 48128K Free: 30994K (64%)
[...]
	at ptolemy.actor.Manager.run(Manager.java:1263)
	at ptolemy.actor.Manager$PtolemyRunThread.run(Manager.java:1933)
java.lang.RuntimeException: Execution failed
	at ptolemy.moml.MoMLSimpleApplication$UnloadThread.run(MoMLSimpleApplication.java:402)
Caused by: ptolemy.kernel.util.IllegalActionException: Actor is not ready to fire.  Perhaps UpSample.prefire() returned false? Try debugging the actor by selecting "Listen to Actor".  Also, for SDF check moml for tokenConsumptionRate on input.
  in .DESDFClockTest.Play Bell.Copy1:SDF Director and .DESDFClockTest.Play Bell.UpSample
	at ptolemy.actor.sched.StaticSchedulingDirector.fire(StaticSchedulingDirector.java:227)
	at ptolemy.domains.sdf.kernel.SDFDirector.fire(SDFDirector.java:500)
	at ptolemy.actor.CompositeActor.fire(CompositeActor.java:455)
	at ptolemy.domains.de.kernel.DEDirector._fire(DEDirector.java:1949)
	at ptolemy.domains.de.kernel.DEDirector.fire(DEDirector.java:502)
	at ptolemy.actor.CompositeActor.fire(CompositeActor.java:455)
	at ptolemy.actor.Manager.iterate(Manager.java:851)
	at ptolemy.actor.Manager.execute(Manager.java:369)
	at ptolemy.actor.Manager.run(Manager.java:1263)
	at ptolemy.actor.Manager$PtolemyRunThread.run(Manager.java:1933)
java.lang.reflect.InvocationTargetException
	at java.base/jdk.internal.reflect.NativeConstructorAccessorImpl.newInstance0(Native Method)
	at java.base/jdk.internal.reflect.NativeConstructorAccessorImpl.newInstance(NativeConstructorAccessorImpl.java:62)
	at java.base/jdk.internal.reflect.DelegatingConstructorAccessorImpl.newInstance(DelegatingConstructorAccessorImpl.java:45)
	at java.base/java.lang.reflect.Constructor.newInstance(Constructor.java:490)
	at ptolemy.util.test.junit.AutoKnownFailedTests.RunModel(AutoKnownFailedTests.java:105)
	at java.base/jdk.internal.reflect.NativeMethodAccessorImpl.invoke0(Native Method)
	at java.base/jdk.internal.reflect.NativeMethodAccessorImpl.invoke(NativeMethodAccessorImpl.java:62)
	at java.base/jdk.internal.reflect.DelegatingMethodAccessorImpl.invoke(DelegatingMethodAccessorImpl.java:43)
	at java.base/java.lang.reflect.Method.invoke(Method.java:566)
	at org.junit.runners.model.FrameworkMethod$1.runReflectiveCall(FrameworkMethod.java:44)
	at org.junit.internal.runners.model.ReflectiveCallable.run(ReflectiveCallable.java:15)
	at org.junit.runners.model.FrameworkMethod.invokeExplosively(FrameworkMethod.java:41)
	at junitparams.internal.InvokeParameterisedMethod.evaluate(InvokeParameterisedMethod.java:102)
	at org.junit.internal.runners.statements.FailOnTimeout$1.run(FailOnTimeout.java:28)
Caused by: ptolemy.kernel.util.IllegalActionException: Actor is not ready to fire.  Perhaps UpSample.prefire() returned false? Try debugging the actor by selecting "Listen to Actor".  Also, for SDF check moml for tokenConsumptionRate on input.
  in .DESDFClockTest.Play Bell.Copy1:SDF Director and .DESDFClockTest.Play Bell.UpSample
	at ptolemy.actor.sched.StaticSchedulingDirector.fire(StaticSchedulingDirector.java:227)
	at ptolemy.domains.sdf.kernel.SDFDirector.fire(SDFDirector.java:500)
	at ptolemy.actor.CompositeActor.fire(CompositeActor.java:455)
	at ptolemy.domains.de.kernel.DEDirector._fire(DEDirector.java:1949)
	at ptolemy.domains.de.kernel.DEDirector.fire(DEDirector.java:502)
	at ptolemy.actor.CompositeActor.fire(CompositeActor.java:455)
	at ptolemy.actor.Manager.iterate(Manager.java:851)
	at ptolemy.actor.Manager.execute(Manager.java:369)
	at ptolemy.actor.Manager.run(Manager.java:1263)
	at ptolemy.actor.Manager$PtolemyRunThread.run(Manager.java:1933)
java.lang.RuntimeException: Execution failed
	at ptolemy.moml.MoMLSimpleApplication$UnloadThread.run(MoMLSimpleApplication.java:402)
Caused by: ptolemy.kernel.util.IllegalActionException: Test fails in iteration 1.
Value was: 1.0. Should have been: 2.0
  in .DirectFeedback.Test
	at ptolemy.actor.lib.Test.fire(Test.java:268)
	at ptolemy.domains.de.kernel.DEDirector._fire(DEDirector.java:1949)
	at ptolemy.domains.de.kernel.DEDirector.fire(DEDirector.java:502)
	at ptolemy.actor.CompositeActor.fire(CompositeActor.java:455)
	at ptolemy.actor.Manager.iterate(Manager.java:851)
	at ptolemy.actor.Manager.execute(Manager.java:369)
	at ptolemy.actor.Manager.run(Manager.java:1263)
	at ptolemy.actor.Manager$PtolemyRunThread.run(Manager.java:1933)
java.lang.reflect.InvocationTargetException
	at java.base/jdk.internal.reflect.NativeConstructorAccessorImpl.newInstance0(Native Method)
	at java.base/jdk.internal.reflect.NativeConstructorAccessorImpl.newInstance(NativeConstructorAccessorImpl.java:62)
	at java.base/jdk.internal.reflect.DelegatingConstructorAccessorImpl.newInstance(DelegatingConstructorAccessorImpl.java:45)
	at java.base/java.lang.reflect.Constructor.newInstance(Constructor.java:490)
	at ptolemy.util.test.junit.AutoKnownFailedTests.RunModel(AutoKnownFailedTests.java:105)
	at java.base/jdk.internal.reflect.NativeMethodAccessorImpl.invoke0(Native Method)
	at java.base/jdk.internal.reflect.NativeMethodAccessorImpl.invoke(NativeMethodAccessorImpl.java:62)
	at java.base/jdk.internal.reflect.DelegatingMethodAccessorImpl.invoke(DelegatingMethodAccessorImpl.java:43)
	at java.base/java.lang.reflect.Method.invoke(Method.java:566)
	at org.junit.runners.model.FrameworkMethod$1.runReflectiveCall(FrameworkMethod.java:44)
	at org.junit.internal.runners.model.ReflectiveCallable.run(ReflectiveCallable.java:15)
	at org.junit.runners.model.FrameworkMethod.invokeExplosively(FrameworkMethod.java:41)
	at junitparams.internal.InvokeParameterisedMethod.evaluate(InvokeParameterisedMethod.java:102)
	at org.junit.internal.runners.statements.FailOnTimeout$1.run(FailOnTimeout.java:28)
Caused by: ptolemy.kernel.util.IllegalActionException: Test fails in iteration 1.
Value was: 1.0. Should have been: 2.0
  in .DirectFeedback.Test
	at ptolemy.actor.lib.Test.fire(Test.java:268)
	at ptolemy.domains.de.kernel.DEDirector._fire(DEDirector.java:1949)
	at ptolemy.domains.de.kernel.DEDirector.fire(DEDirector.java:502)
	at ptolemy.actor.CompositeActor.fire(CompositeActor.java:455)
	at ptolemy.actor.Manager.iterate(Manager.java:851)
	at ptolemy.actor.Manager.execute(Manager.java:369)
	at ptolemy.actor.Manager.run(Manager.java:1263)
	at ptolemy.actor.Manager$PtolemyRunThread.run(Manager.java:1933)
java.lang.RuntimeException: Execution failed
	at ptolemy.moml.MoMLSimpleApplication$UnloadThread.run(MoMLSimpleApplication.java:402)
Caused by: ptolemy.kernel.util.IllegalActionException: Found a zero delay loop containing .HierarchicalModel.A
  in .HierarchicalModel and .HierarchicalModel.A
	at ptolemy.actor.util.CausalityInterfaceForComposites._computeOutputPortDepth(CausalityInterfaceForComposites.java:759)
	at ptolemy.actor.util.CausalityInterfaceForComposites._computeInputDepth(CausalityInterfaceForComposites.java:696)
	at ptolemy.actor.util.CausalityInterfaceForComposites._computeOutputPortDepth(CausalityInterfaceForComposites.java:765)
	at ptolemy.actor.util.CausalityInterfaceForComposites._computeInputDepth(CausalityInterfaceForComposites.java:696)
	at ptolemy.actor.util.CausalityInterfaceForComposites._computeOutputPortDepth(CausalityInterfaceForComposites.java:765)
	at ptolemy.actor.util.CausalityInterfaceForComposites._computeInputDepth(CausalityInterfaceForComposites.java:696)
	at ptolemy.actor.util.CausalityInterfaceForComposites._computeActorDepth(CausalityInterfaceForComposites.java:532)
	at ptolemy.actor.util.CausalityInterfaceForComposites.checkForCycles(CausalityInterfaceForComposites.java:96)
	at ptolemy.domains.de.kernel.DEDirector.preinitialize(DEDirector.java:1338)
	at ptolemy.actor.CompositeActor.preinitialize(CompositeActor.java:1828)
	at ptolemy.actor.Manager.preinitializeAndResolveTypes(Manager.java:1040)
	at ptolemy.actor.Manager.initialize(Manager.java:710)
	at ptolemy.actor.Manager.execute(Manager.java:356)
	at ptolemy.actor.Manager.run(Manager.java:1263)
	at ptolemy.actor.Manager$PtolemyRunThread.run(Manager.java:1933)
java.lang.reflect.InvocationTargetException
	at java.base/jdk.internal.reflect.NativeConstructorAccessorImpl.newInstance0(Native Method)
	at java.base/jdk.internal.reflect.NativeConstructorAccessorImpl.newInstance(NativeConstructorAccessorImpl.java:62)
	at java.base/jdk.internal.reflect.DelegatingConstructorAccessorImpl.newInstance(DelegatingConstructorAccessorImpl.java:45)
	at java.base/java.lang.reflect.Constructor.newInstance(Constructor.java:490)
	at ptolemy.util.test.junit.AutoKnownFailedTests.RunModel(AutoKnownFailedTests.java:105)
	at java.base/jdk.internal.reflect.NativeMethodAccessorImpl.invoke0(Native Method)
	at java.base/jdk.internal.reflect.NativeMethodAccessorImpl.invoke(NativeMethodAccessorImpl.java:62)
	at java.base/jdk.internal.reflect.DelegatingMethodAccessorImpl.invoke(DelegatingMethodAccessorImpl.java:43)
	at java.base/java.lang.reflect.Method.invoke(Method.java:566)
	at org.junit.runners.model.FrameworkMethod$1.runReflectiveCall(FrameworkMethod.java:44)
	at org.junit.internal.runners.model.ReflectiveCallable.run(ReflectiveCallable.java:15)
	at org.junit.runners.model.FrameworkMethod.invokeExplosively(FrameworkMethod.java:41)
	at junitparams.internal.InvokeParameterisedMethod.evaluate(InvokeParameterisedMethod.java:102)
	at org.junit.internal.runners.statements.FailOnTimeout$1.run(FailOnTimeout.java:28)
Caused by: ptolemy.kernel.util.IllegalActionException: Found a zero delay loop containing .HierarchicalModel.A
  in .HierarchicalModel and .HierarchicalModel.A
	at ptolemy.actor.util.CausalityInterfaceForComposites._computeOutputPortDepth(CausalityInterfaceForComposites.java:759)
	at ptolemy.actor.util.CausalityInterfaceForComposites._computeInputDepth(CausalityInterfaceForComposites.java:696)
	at ptolemy.actor.util.CausalityInterfaceForComposites._computeOutputPortDepth(CausalityInterfaceForComposites.java:765)
	at ptolemy.actor.util.CausalityInterfaceForComposites._computeInputDepth(CausalityInterfaceForComposites.java:696)
	at ptolemy.actor.util.CausalityInterfaceForComposites._computeOutputPortDepth(CausalityInterfaceForComposites.java:765)
	at ptolemy.actor.util.CausalityInterfaceForComposites._computeInputDepth(CausalityInterfaceForComposites.java:696)
	at ptolemy.actor.util.CausalityInterfaceForComposites._computeActorDepth(CausalityInterfaceForComposites.java:532)
	at ptolemy.actor.util.CausalityInterfaceForComposites.checkForCycles(CausalityInterfaceForComposites.java:96)
	at ptolemy.domains.de.kernel.DEDirector.preinitialize(DEDirector.java:1338)
	at ptolemy.actor.CompositeActor.preinitialize(CompositeActor.java:1828)
	at ptolemy.actor.Manager.preinitializeAndResolveTypes(Manager.java:1040)
	at ptolemy.actor.Manager.initialize(Manager.java:710)
	at ptolemy.actor.Manager.execute(Manager.java:356)
	at ptolemy.actor.Manager.run(Manager.java:1263)
	at ptolemy.actor.Manager$PtolemyRunThread.run(Manager.java:1933)
java.lang.RuntimeException: Execution failed
	at ptolemy.moml.MoMLSimpleApplication$UnloadThread.run(MoMLSimpleApplication.java:402)
Caused by: ptolemy.kernel.util.IllegalActionException: Found a zero delay loop containing .dependencyLoop.original
  in .dependencyLoop and .dependencyLoop.original
	at ptolemy.actor.util.CausalityInterfaceForComposites._computeOutputPortDepth(CausalityInterfaceForComposites.java:759)
	at ptolemy.actor.util.CausalityInterfaceForComposites._computeInputDepth(CausalityInterfaceForComposites.java:696)
	at ptolemy.actor.util.CausalityInterfaceForComposites._computeOutputPortDepth(CausalityInterfaceForComposites.java:765)
	at ptolemy.actor.util.CausalityInterfaceForComposites._computeInputDepth(CausalityInterfaceForComposites.java:696)
	at ptolemy.actor.util.CausalityInterfaceForComposites._computeOutputPortDepth(CausalityInterfaceForComposites.java:765)
	at ptolemy.actor.util.CausalityInterfaceForComposites._computeInputDepth(CausalityInterfaceForComposites.java:696)
	at ptolemy.actor.util.CausalityInterfaceForComposites._computeActorDepth(CausalityInterfaceForComposites.java:532)
	at ptolemy.actor.util.CausalityInterfaceForComposites.checkForCycles(CausalityInterfaceForComposites.java:96)
	at ptolemy.domains.de.kernel.DEDirector.preinitialize(DEDirector.java:1338)
	at ptolemy.actor.CompositeActor.preinitialize(CompositeActor.java:1828)
	at ptolemy.actor.Manager.preinitializeAndResolveTypes(Manager.java:1040)
	at ptolemy.actor.Manager.initialize(Manager.java:710)
	at ptolemy.actor.Manager.execute(Manager.java:356)
	at ptolemy.actor.Manager.run(Manager.java:1263)
	at ptolemy.actor.Manager$PtolemyRunThread.run(Manager.java:1933)
java.lang.reflect.InvocationTargetException
	at java.base/jdk.internal.reflect.NativeConstructorAccessorImpl.newInstance0(Native Method)
	at java.base/jdk.internal.reflect.NativeConstructorAccessorImpl.newInstance(NativeConstructorAccessorImpl.java:62)
	at java.base/jdk.internal.reflect.DelegatingConstructorAccessorImpl.newInstance(DelegatingConstructorAccessorImpl.java:45)
	at java.base/java.lang.reflect.Constructor.newInstance(Constructor.java:490)
	at ptolemy.util.test.junit.AutoKnownFailedTests.RunModel(AutoKnownFailedTests.java:105)
	at java.base/jdk.internal.reflect.NativeMethodAccessorImpl.invoke0(Native Method)
	at java.base/jdk.internal.reflect.NativeMethodAccessorImpl.invoke(NativeMethodAccessorImpl.java:62)
	at java.base/jdk.internal.reflect.DelegatingMethodAccessorImpl.invoke(DelegatingMethodAccessorImpl.java:43)
	at java.base/java.lang.reflect.Method.invoke(Method.java:566)
	at org.junit.runners.model.FrameworkMethod$1.runReflectiveCall(FrameworkMethod.java:44)
	at org.junit.internal.runners.model.ReflectiveCallable.run(ReflectiveCallable.java:15)
	at org.junit.runners.model.FrameworkMethod.invokeExplosively(FrameworkMethod.java:41)
	at junitparams.internal.InvokeParameterisedMethod.evaluate(InvokeParameterisedMethod.java:102)
	at org.junit.internal.runners.statements.FailOnTimeout$1.run(FailOnTimeout.java:28)
Caused by: ptolemy.kernel.util.IllegalActionException: Found a zero delay loop containing .dependencyLoop.original
  in .dependencyLoop and .dependencyLoop.original
	at ptolemy.actor.util.CausalityInterfaceForComposites._computeOutputPortDepth(CausalityInterfaceForComposites.java:759)
	at ptolemy.actor.util.CausalityInterfaceForComposites._computeInputDepth(CausalityInterfaceForComposites.java:696)
	at ptolemy.actor.util.CausalityInterfaceForComposites._computeOutputPortDepth(CausalityInterfaceForComposites.java:765)
	at ptolemy.actor.util.CausalityInterfaceForComposites._computeInputDepth(CausalityInterfaceForComposites.java:696)
	at ptolemy.actor.util.CausalityInterfaceForComposites._computeOutputPortDepth(CausalityInterfaceForComposites.java:765)
	at ptolemy.actor.util.CausalityInterfaceForComposites._computeInputDepth(CausalityInterfaceForComposites.java:696)
	at ptolemy.actor.util.CausalityInterfaceForComposites._computeActorDepth(CausalityInterfaceForComposites.java:532)
	at ptolemy.actor.util.CausalityInterfaceForComposites.checkForCycles(CausalityInterfaceForComposites.java:96)
	at ptolemy.domains.de.kernel.DEDirector.preinitialize(DEDirector.java:1338)
	at ptolemy.actor.CompositeActor.preinitialize(CompositeActor.java:1828)
	at ptolemy.actor.Manager.preinitializeAndResolveTypes(Manager.java:1040)
	at ptolemy.actor.Manager.initialize(Manager.java:710)
	at ptolemy.actor.Manager.execute(Manager.java:356)
	at ptolemy.actor.Manager.run(Manager.java:1263)
	at ptolemy.actor.Manager$PtolemyRunThread.run(Manager.java:1933)
java.lang.RuntimeException: Execution failed
	at ptolemy.moml.MoMLSimpleApplication$UnloadThread.run(MoMLSimpleApplication.java:402)
Caused by: ptolemy.kernel.util.IllegalActionException: Found a zero delay loop containing .dependencyLoop2.original
  in .dependencyLoop2 and .dependencyLoop2.original
	at ptolemy.actor.util.CausalityInterfaceForComposites._computeOutputPortDepth(CausalityInterfaceForComposites.java:759)
	at ptolemy.actor.util.CausalityInterfaceForComposites._computeInputDepth(CausalityInterfaceForComposites.java:696)
	at ptolemy.actor.util.CausalityInterfaceForComposites._computeOutputPortDepth(CausalityInterfaceForComposites.java:765)
	at ptolemy.actor.util.CausalityInterfaceForComposites._computeInputDepth(CausalityInterfaceForComposites.java:696)
	at ptolemy.actor.util.CausalityInterfaceForComposites._computeOutputPortDepth(CausalityInterfaceForComposites.java:765)
	at ptolemy.actor.util.CausalityInterfaceForComposites._computeInputDepth(CausalityInterfaceForComposites.java:696)
	at ptolemy.actor.util.CausalityInterfaceForComposites._computeActorDepth(CausalityInterfaceForComposites.java:532)
	at ptolemy.actor.util.CausalityInterfaceForComposites.checkForCycles(CausalityInterfaceForComposites.java:96)
	at ptolemy.domains.de.kernel.DEDirector.preinitialize(DEDirector.java:1338)
	at ptolemy.actor.CompositeActor.preinitialize(CompositeActor.java:1828)
	at ptolemy.actor.Manager.preinitializeAndResolveTypes(Manager.java:1040)
	at ptolemy.actor.Manager.initialize(Manager.java:710)
	at ptolemy.actor.Manager.execute(Manager.java:356)
	at ptolemy.actor.Manager.run(Manager.java:1263)
	at ptolemy.actor.Manager$PtolemyRunThread.run(Manager.java:1933)
java.lang.reflect.InvocationTargetException
	at java.base/jdk.internal.reflect.NativeConstructorAccessorImpl.newInstance0(Native Method)
	at java.base/jdk.internal.reflect.NativeConstructorAccessorImpl.newInstance(NativeConstructorAccessorImpl.java:62)
	at java.base/jdk.internal.reflect.DelegatingConstructorAccessorImpl.newInstance(DelegatingConstructorAccessorImpl.java:45)
	at java.base/java.lang.reflect.Constructor.newInstance(Constructor.java:490)
	at ptolemy.util.test.junit.AutoKnownFailedTests.RunModel(AutoKnownFailedTests.java:105)
	at java.base/jdk.internal.reflect.NativeMethodAccessorImpl.invoke0(Native Method)
	at java.base/jdk.internal.reflect.NativeMethodAccessorImpl.invoke(NativeMethodAccessorImpl.java:62)
	at java.base/jdk.internal.reflect.DelegatingMethodAccessorImpl.invoke(DelegatingMethodAccessorImpl.java:43)
	at java.base/java.lang.reflect.Method.invoke(Method.java:566)
	at org.junit.runners.model.FrameworkMethod$1.runReflectiveCall(FrameworkMethod.java:44)
	at org.junit.internal.runners.model.ReflectiveCallable.run(ReflectiveCallable.java:15)
	at org.junit.runners.model.FrameworkMethod.invokeExplosively(FrameworkMethod.java:41)
	at junitparams.internal.InvokeParameterisedMethod.evaluate(InvokeParameterisedMethod.java:102)
	at org.junit.internal.runners.statements.FailOnTimeout$1.run(FailOnTimeout.java:28)
Caused by: ptolemy.kernel.util.IllegalActionException: Found a zero delay loop containing .dependencyLoop2.original
  in .dependencyLoop2 and .dependencyLoop2.original
	at ptolemy.actor.util.CausalityInterfaceForComposites._computeOutputPortDepth(CausalityInterfaceForComposites.java:759)
	at ptolemy.actor.util.CausalityInterfaceForComposites._computeInputDepth(CausalityInterfaceForComposites.java:696)
	at ptolemy.actor.util.CausalityInterfaceForComposites._computeOutputPortDepth(CausalityInterfaceForComposites.java:765)
	at ptolemy.actor.util.CausalityInterfaceForComposites._computeInputDepth(CausalityInterfaceForComposites.java:696)
	at ptolemy.actor.util.CausalityInterfaceForComposites._computeOutputPortDepth(CausalityInterfaceForComposites.java:765)
	at ptolemy.actor.util.CausalityInterfaceForComposites._computeInputDepth(CausalityInterfaceForComposites.java:696)
	at ptolemy.actor.util.CausalityInterfaceForComposites._computeActorDepth(CausalityInterfaceForComposites.java:532)
	at ptolemy.actor.util.CausalityInterfaceForComposites.checkForCycles(CausalityInterfaceForComposites.java:96)
	at ptolemy.domains.de.kernel.DEDirector.preinitialize(DEDirector.java:1338)
	at ptolemy.actor.CompositeActor.preinitialize(CompositeActor.java:1828)
	at ptolemy.actor.Manager.preinitializeAndResolveTypes(Manager.java:1040)
	at ptolemy.actor.Manager.initialize(Manager.java:710)
	at ptolemy.actor.Manager.execute(Manager.java:356)
	at ptolemy.actor.Manager.run(Manager.java:1263)
	at ptolemy.actor.Manager$PtolemyRunThread.run(Manager.java:1933)
]]></system-err>
</testsuite>
