<?xml version="1.0" encoding="UTF-8" ?>
<testsuite errors="0" failures="0" hostname="travis-job-99ddaa0d-17d7-4834-975c-237619c96eeb" name="ptolemy.domains.continuous.test.junit.JUnitTclTest" skipped="0" tests="156" time="70.337" timestamp="2020-06-02T14:30:56">
  <properties>
[...]
</properties>
  <testcase classname="ptolemy.util.test.junit.TclTests" name="[0] ThereAreNoTclTests (RunTclFile)" time="0.008" />
  <testcase classname="ptolemy.util.test.junit.AutoKnownFailedTests" name="[0] ThereAreNoKnowFailedTests (RunModel)" time="0.002" />
  <testcase classname="ptolemy.util.test.junit.AutoNameArchTests" name="[0] ThereAreNoAutoArchTests (RunModel)" time="0.01" />
  <testcase classname="ptolemy.util.test.junit.AutoTests" name="[0] /home/travis/build/icyphy/ptII/ptolemy/domains/continuous/test/auto/BouncingBall.xml (RunModel)" time="2.756" />
  <testcase classname="ptolemy.util.test.junit.AutoTests" name="[1] /home/travis/build/icyphy/ptII/ptolemy/domains/continuous/test/auto/BouncingBallWithoutGR.xml (RunModel)" time="0.903" />
  <testcase classname="ptolemy.util.test.junit.AutoTests" name="[2] /home/travis/build/icyphy/ptII/ptolemy/domains/continuous/test/auto/Brownian.xml (RunModel)" time="0.059" />
  <testcase classname="ptolemy.util.test.junit.AutoTests" name="[3] /home/travis/build/icyphy/ptII/ptolemy/domains/continuous/test/auto/CarTracking.xml (RunModel)" time="3.653" />
  <testcase classname="ptolemy.util.test.junit.AutoTests" name="[4] /home/travis/build/icyphy/ptII/ptolemy/domains/continuous/test/auto/CartPendulum.xml (RunModel)" time="0.487" />
  <testcase classname="ptolemy.util.test.junit.AutoTests" name="[5] /home/travis/build/icyphy/ptII/ptolemy/domains/continuous/test/auto/CausalityInterface10.xml (RunModel)" time="0.051" />
  <testcase classname="ptolemy.util.test.junit.AutoTests" name="[6] /home/travis/build/icyphy/ptII/ptolemy/domains/continuous/test/auto/CausalityInterface11.xml (RunModel)" time="0.032" />
  <testcase classname="ptolemy.util.test.junit.AutoTests" name="[7] /home/travis/build/icyphy/ptII/ptolemy/domains/continuous/test/auto/CausalityInterface12.xml (RunModel)" time="0.032" />
  <testcase classname="ptolemy.util.test.junit.AutoTests" name="[8] /home/travis/build/icyphy/ptII/ptolemy/domains/continuous/test/auto/CausalityInterface13.xml (RunModel)" time="0.028" />
  <testcase classname="ptolemy.util.test.junit.AutoTests" name="[9] /home/travis/build/icyphy/ptII/ptolemy/domains/continuous/test/auto/CausalityInterface14.xml (RunModel)" time="0.027" />
  <testcase classname="ptolemy.util.test.junit.AutoTests" name="[10] /home/travis/build/icyphy/ptII/ptolemy/domains/continuous/test/auto/CausalityInterface4.xml (RunModel)" time="0.036" />
  <testcase classname="ptolemy.util.test.junit.AutoTests" name="[11] /home/travis/build/icyphy/ptII/ptolemy/domains/continuous/test/auto/CausalityInterface5.xml (RunModel)" time="0.042" />
  <testcase classname="ptolemy.util.test.junit.AutoTests" name="[12] /home/travis/build/icyphy/ptII/ptolemy/domains/continuous/test/auto/CausalityInterface6.xml (RunModel)" time="0.021" />
  <testcase classname="ptolemy.util.test.junit.AutoTests" name="[13] /home/travis/build/icyphy/ptII/ptolemy/domains/continuous/test/auto/CausalityInterface7.xml (RunModel)" time="0.033" />
  <testcase classname="ptolemy.util.test.junit.AutoTests" name="[14] /home/travis/build/icyphy/ptII/ptolemy/domains/continuous/test/auto/CausalityInterface8.xml (RunModel)" time="0.035" />
  <testcase classname="ptolemy.util.test.junit.AutoTests" name="[15] /home/travis/build/icyphy/ptII/ptolemy/domains/continuous/test/auto/CausalityInterface9.xml (RunModel)" time="0.049" />
  <testcase classname="ptolemy.util.test.junit.AutoTests" name="[16] /home/travis/build/icyphy/ptII/ptolemy/domains/continuous/test/auto/CausalityInterfaceFeedback1.xml (RunModel)" time="0.025" />
  <testcase classname="ptolemy.util.test.junit.AutoTests" name="[17] /home/travis/build/icyphy/ptII/ptolemy/domains/continuous/test/auto/CausalityInterfaceFeedback2.xml (RunModel)" time="0.032" />
  <testcase classname="ptolemy.util.test.junit.AutoTests" name="[18] /home/travis/build/icyphy/ptII/ptolemy/domains/continuous/test/auto/CompareWithCurrentTime.xml (RunModel)" time="0.022" />
  <testcase classname="ptolemy.util.test.junit.AutoTests" name="[19] /home/travis/build/icyphy/ptII/ptolemy/domains/continuous/test/auto/ComparedClocks.xml (RunModel)" time="0.083" />
  <testcase classname="ptolemy.util.test.junit.AutoTests" name="[20] /home/travis/build/icyphy/ptII/ptolemy/domains/continuous/test/auto/ContinuousAOCClone.xml (RunModel)" time="2.554" />
  <testcase classname="ptolemy.util.test.junit.AutoTests" name="[21] /home/travis/build/icyphy/ptII/ptolemy/domains/continuous/test/auto/ContinuousClock.xml (RunModel)" time="0.082" />
  <testcase classname="ptolemy.util.test.junit.AutoTests" name="[22] /home/travis/build/icyphy/ptII/ptolemy/domains/continuous/test/auto/ContinuousInContinuous.xml (RunModel)" time="0.081" />
  <testcase classname="ptolemy.util.test.junit.AutoTests" name="[23] /home/travis/build/icyphy/ptII/ptolemy/domains/continuous/test/auto/ContinuousInContinuousInContinuous.xml (RunModel)" time="0.021" />
  <testcase classname="ptolemy.util.test.junit.AutoTests" name="[24] /home/travis/build/icyphy/ptII/ptolemy/domains/continuous/test/auto/ContinuousInDE.xml (RunModel)" time="0.075" />
  <testcase classname="ptolemy.util.test.junit.AutoTests" name="[25] /home/travis/build/icyphy/ptII/ptolemy/domains/continuous/test/auto/ContinuousInDE2.xml (RunModel)" time="0.044" />
  <testcase classname="ptolemy.util.test.junit.AutoTests" name="[26] /home/travis/build/icyphy/ptII/ptolemy/domains/continuous/test/auto/ContinuousInDE3.xml (RunModel)" time="0.038" />
  <testcase classname="ptolemy.util.test.junit.AutoTests" name="[27] /home/travis/build/icyphy/ptII/ptolemy/domains/continuous/test/auto/ContinuousInDE4.xml (RunModel)" time="0.028" />
  <testcase classname="ptolemy.util.test.junit.AutoTests" name="[28] /home/travis/build/icyphy/ptII/ptolemy/domains/continuous/test/auto/ContinuousInDEDifferentRefinements.xml (RunModel)" time="0.095" />
  <testcase classname="ptolemy.util.test.junit.AutoTests" name="[29] /home/travis/build/icyphy/ptII/ptolemy/domains/continuous/test/auto/ContinuousInDEDifferentRefinementsPreemptive.xml (RunModel)" time="0.08" />
  <testcase classname="ptolemy.util.test.junit.AutoTests" name="[30] /home/travis/build/icyphy/ptII/ptolemy/domains/continuous/test/auto/ContinuousInDEInContinuous2.xml (RunModel)" time="0.055" />
  <testcase classname="ptolemy.util.test.junit.AutoTests" name="[31] /home/travis/build/icyphy/ptII/ptolemy/domains/continuous/test/auto/ContinuousInDEInContinuous3.xml (RunModel)" time="0.056" />
  <testcase classname="ptolemy.util.test.junit.AutoTests" name="[32] /home/travis/build/icyphy/ptII/ptolemy/domains/continuous/test/auto/ContinuousInDEInput.xml (RunModel)" time="0.029" />
  <testcase classname="ptolemy.util.test.junit.AutoTests" name="[33] /home/travis/build/icyphy/ptII/ptolemy/domains/continuous/test/auto/ContinuousInDEInput2.xml (RunModel)" time="0.037" />
  <testcase classname="ptolemy.util.test.junit.AutoTests" name="[34] /home/travis/build/icyphy/ptII/ptolemy/domains/continuous/test/auto/ContinuousInDEInput3.xml (RunModel)" time="0.029" />
  <testcase classname="ptolemy.util.test.junit.AutoTests" name="[35] /home/travis/build/icyphy/ptII/ptolemy/domains/continuous/test/auto/ContinuousInDESharingRefinement.xml (RunModel)" time="0.166" />
  <testcase classname="ptolemy.util.test.junit.AutoTests" name="[36] /home/travis/build/icyphy/ptII/ptolemy/domains/continuous/test/auto/ContinuousInDEwithNoPorts.xml (RunModel)" time="0.021" />
  <testcase classname="ptolemy.util.test.junit.AutoTests" name="[37] /home/travis/build/icyphy/ptII/ptolemy/domains/continuous/test/auto/ContinuousInsideDE.xml (RunModel)" time="0.071" />
  <testcase classname="ptolemy.util.test.junit.AutoTests" name="[38] /home/travis/build/icyphy/ptII/ptolemy/domains/continuous/test/auto/ContinuousMerge1.xml (RunModel)" time="0.013" />
  <testcase classname="ptolemy.util.test.junit.AutoTests" name="[39] /home/travis/build/icyphy/ptII/ptolemy/domains/continuous/test/auto/ContinuousMerge2.xml (RunModel)" time="0.047" />
  <testcase classname="ptolemy.util.test.junit.AutoTests" name="[40] /home/travis/build/icyphy/ptII/ptolemy/domains/continuous/test/auto/ContinuousMerge3.xml (RunModel)" time="0.057" />
  <testcase classname="ptolemy.util.test.junit.AutoTests" name="[41] /home/travis/build/icyphy/ptII/ptolemy/domains/continuous/test/auto/ContinuousWithinContinuous.xml (RunModel)" time="0.047" />
  <testcase classname="ptolemy.util.test.junit.AutoTests" name="[42] /home/travis/build/icyphy/ptII/ptolemy/domains/continuous/test/auto/ContinuousWithinContinuous2.xml (RunModel)" time="0.064" />
  <testcase classname="ptolemy.util.test.junit.AutoTests" name="[43] /home/travis/build/icyphy/ptII/ptolemy/domains/continuous/test/auto/ContinuousWithinContinuous3.xml (RunModel)" time="0.022" />
  <testcase classname="ptolemy.util.test.junit.AutoTests" name="[44] /home/travis/build/icyphy/ptII/ptolemy/domains/continuous/test/auto/ContinuousWithinContinuous4.xml (RunModel)" time="0.066" />
  <testcase classname="ptolemy.util.test.junit.AutoTests" name="[45] /home/travis/build/icyphy/ptII/ptolemy/domains/continuous/test/auto/ContinuousWithinContinuous5.xml (RunModel)" time="0.026" />
  <testcase classname="ptolemy.util.test.junit.AutoTests" name="[46] /home/travis/build/icyphy/ptII/ptolemy/domains/continuous/test/auto/ContinuousWithinContinuous6.xml (RunModel)" time="0.024" />
  <testcase classname="ptolemy.util.test.junit.AutoTests" name="[47] /home/travis/build/icyphy/ptII/ptolemy/domains/continuous/test/auto/ContinuousWithinContinuous7.xml (RunModel)" time="0.06" />
  <testcase classname="ptolemy.util.test.junit.AutoTests" name="[48] /home/travis/build/icyphy/ptII/ptolemy/domains/continuous/test/auto/DCMotor.xml (RunModel)" time="12.789" />
  <testcase classname="ptolemy.util.test.junit.AutoTests" name="[49] /home/travis/build/icyphy/ptII/ptolemy/domains/continuous/test/auto/DEInContinuous.xml (RunModel)" time="0.02" />
  <testcase classname="ptolemy.util.test.junit.AutoTests" name="[50] /home/travis/build/icyphy/ptII/ptolemy/domains/continuous/test/auto/DEinContinuous2.xml (RunModel)" time="0.02" />
  <testcase classname="ptolemy.util.test.junit.AutoTests" name="[51] /home/travis/build/icyphy/ptII/ptolemy/domains/continuous/test/auto/Derivative.xml (RunModel)" time="0.217" />
  <testcase classname="ptolemy.util.test.junit.AutoTests" name="[52] /home/travis/build/icyphy/ptII/ptolemy/domains/continuous/test/auto/Derivative1.xml (RunModel)" time="0.059" />
  <testcase classname="ptolemy.util.test.junit.AutoTests" name="[53] /home/travis/build/icyphy/ptII/ptolemy/domains/continuous/test/auto/DiscreteClock.xml (RunModel)" time="0.013" />
  <testcase classname="ptolemy.util.test.junit.AutoTests" name="[54] /home/travis/build/icyphy/ptII/ptolemy/domains/continuous/test/auto/EfficiencyCurve.xml (RunModel)" time="0.116" />
  <testcase classname="ptolemy.util.test.junit.AutoTests" name="[55] /home/travis/build/icyphy/ptII/ptolemy/domains/continuous/test/auto/ExponentialResponse.xml (RunModel)" time="0.128" />
  <testcase classname="ptolemy.util.test.junit.AutoTests" name="[56] /home/travis/build/icyphy/ptII/ptolemy/domains/continuous/test/auto/ExponentialResponseRK45.xml (RunModel)" time="0.035" />
  <testcase classname="ptolemy.util.test.junit.AutoTests" name="[57] /home/travis/build/icyphy/ptII/ptolemy/domains/continuous/test/auto/Friction.xml (RunModel)" time="1.545" />
  <testcase classname="ptolemy.util.test.junit.AutoTests" name="[58] /home/travis/build/icyphy/ptII/ptolemy/domains/continuous/test/auto/FurutaPendulum.xml (RunModel)" time="3.252" />
  <testcase classname="ptolemy.util.test.junit.AutoTests" name="[59] /home/travis/build/icyphy/ptII/ptolemy/domains/continuous/test/auto/HierarchicalExecution.xml (RunModel)" time="2.197" />
  <testcase classname="ptolemy.util.test.junit.AutoTests" name="[60] /home/travis/build/icyphy/ptII/ptolemy/domains/continuous/test/auto/HybridPlant.xml (RunModel)" time="0.555" />
  <testcase classname="ptolemy.util.test.junit.AutoTests" name="[61] /home/travis/build/icyphy/ptII/ptolemy/domains/continuous/test/auto/Hysteresis.xml (RunModel)" time="0.208" />
  <testcase classname="ptolemy.util.test.junit.AutoTests" name="[62] /home/travis/build/icyphy/ptII/ptolemy/domains/continuous/test/auto/HysteresisWithRandomDelay.xml (RunModel)" time="0.216" />
  <testcase classname="ptolemy.util.test.junit.AutoTests" name="[63] /home/travis/build/icyphy/ptII/ptolemy/domains/continuous/test/auto/HysteresisWithRandomLosses.xml (RunModel)" time="2.315" />
  <testcase classname="ptolemy.util.test.junit.AutoTests" name="[64] /home/travis/build/icyphy/ptII/ptolemy/domains/continuous/test/auto/ImmediateTransitions.xml (RunModel)" time="0.024" />
  <testcase classname="ptolemy.util.test.junit.AutoTests" name="[65] /home/travis/build/icyphy/ptII/ptolemy/domains/continuous/test/auto/ImpulseFeedback.xml (RunModel)" time="0.015" />
  <testcase classname="ptolemy.util.test.junit.AutoTests" name="[66] /home/travis/build/icyphy/ptII/ptolemy/domains/continuous/test/auto/ImpulseFeedback2.xml (RunModel)" time="0.013" />
  <testcase classname="ptolemy.util.test.junit.AutoTests" name="[67] /home/travis/build/icyphy/ptII/ptolemy/domains/continuous/test/auto/IncreasingRatePoisson.xml (RunModel)" time="0.666" />
  <testcase classname="ptolemy.util.test.junit.AutoTests" name="[68] /home/travis/build/icyphy/ptII/ptolemy/domains/continuous/test/auto/InitialStateFeedback.xml (RunModel)" time="0.013" />
  <testcase classname="ptolemy.util.test.junit.AutoTests" name="[69] /home/travis/build/icyphy/ptII/ptolemy/domains/continuous/test/auto/Integration.xml (RunModel)" time="0.008" />
  <testcase classname="ptolemy.util.test.junit.AutoTests" name="[70] /home/travis/build/icyphy/ptII/ptolemy/domains/continuous/test/auto/Integration2.xml (RunModel)" time="0.089" />
  <testcase classname="ptolemy.util.test.junit.AutoTests" name="[71] /home/travis/build/icyphy/ptII/ptolemy/domains/continuous/test/auto/Integration3.xml (RunModel)" time="0.015" />
  <testcase classname="ptolemy.util.test.junit.AutoTests" name="[72] /home/travis/build/icyphy/ptII/ptolemy/domains/continuous/test/auto/Integration5.xml (RunModel)" time="0.01" />
  <testcase classname="ptolemy.util.test.junit.AutoTests" name="[73] /home/travis/build/icyphy/ptII/ptolemy/domains/continuous/test/auto/IntegratorImpulse.xml (RunModel)" time="0.01" />
  <testcase classname="ptolemy.util.test.junit.AutoTests" name="[74] /home/travis/build/icyphy/ptII/ptolemy/domains/continuous/test/auto/IntegratorImpulse2.xml (RunModel)" time="0.018" />
  <testcase classname="ptolemy.util.test.junit.AutoTests" name="[75] /home/travis/build/icyphy/ptII/ptolemy/domains/continuous/test/auto/LevelCrossing1.xml (RunModel)" time="0.011" />
  <testcase classname="ptolemy.util.test.junit.AutoTests" name="[76] /home/travis/build/icyphy/ptII/ptolemy/domains/continuous/test/auto/LevelCrossing2.xml (RunModel)" time="0.011" />
  <testcase classname="ptolemy.util.test.junit.AutoTests" name="[77] /home/travis/build/icyphy/ptII/ptolemy/domains/continuous/test/auto/LevelCrossing3.xml (RunModel)" time="0.013" />
  <testcase classname="ptolemy.util.test.junit.AutoTests" name="[78] /home/travis/build/icyphy/ptII/ptolemy/domains/continuous/test/auto/LevelCrossing4.xml (RunModel)" time="0.011" />
  <testcase classname="ptolemy.util.test.junit.AutoTests" name="[79] /home/travis/build/icyphy/ptII/ptolemy/domains/continuous/test/auto/LevelCrossing5.xml (RunModel)" time="0.013" />
  <testcase classname="ptolemy.util.test.junit.AutoTests" name="[80] /home/travis/build/icyphy/ptII/ptolemy/domains/continuous/test/auto/LevelCrossing6.xml (RunModel)" time="0.011" />
  <testcase classname="ptolemy.util.test.junit.AutoTests" name="[81] /home/travis/build/icyphy/ptII/ptolemy/domains/continuous/test/auto/LevelCrossingDetector.xml (RunModel)" time="0.037" />
  <testcase classname="ptolemy.util.test.junit.AutoTests" name="[82] /home/travis/build/icyphy/ptII/ptolemy/domains/continuous/test/auto/LevelCrossingDetectorDetectingDirections.xml (RunModel)" time="0.08" />
  <testcase classname="ptolemy.util.test.junit.AutoTests" name="[83] /home/travis/build/icyphy/ptII/ptolemy/domains/continuous/test/auto/LevelCrossingDetectorDetectsGlitches.xml (RunModel)" time="0.055" />
  <testcase classname="ptolemy.util.test.junit.AutoTests" name="[84] /home/travis/build/icyphy/ptII/ptolemy/domains/continuous/test/auto/LevelCrossingNoInitialOuput.xml (RunModel)" time="0.012" />
  <testcase classname="ptolemy.util.test.junit.AutoTests" name="[85] /home/travis/build/icyphy/ptII/ptolemy/domains/continuous/test/auto/LinearStateSpaceExample.xml (RunModel)" time="0.054" />
  <testcase classname="ptolemy.util.test.junit.AutoTests" name="[86] /home/travis/build/icyphy/ptII/ptolemy/domains/continuous/test/auto/Lorenz.xml (RunModel)" time="3.746" />
  <testcase classname="ptolemy.util.test.junit.AutoTests" name="[87] /home/travis/build/icyphy/ptII/ptolemy/domains/continuous/test/auto/LorenzDifferentialSystem.xml (RunModel)" time="1.03" />
  <testcase classname="ptolemy.util.test.junit.AutoTests" name="[88] /home/travis/build/icyphy/ptII/ptolemy/domains/continuous/test/auto/LorenzDifferentialSystemWithInput.xml (RunModel)" time="1.211" />
  <testcase classname="ptolemy.util.test.junit.AutoTests" name="[89] /home/travis/build/icyphy/ptII/ptolemy/domains/continuous/test/auto/LorenzDifferentialSystemWithTime.xml (RunModel)" time="0.639" />
  <testcase classname="ptolemy.util.test.junit.AutoTests" name="[90] /home/travis/build/icyphy/ptII/ptolemy/domains/continuous/test/auto/Microsteps.xml (RunModel)" time="0.018" />
  <testcase classname="ptolemy.util.test.junit.AutoTests" name="[91] /home/travis/build/icyphy/ptII/ptolemy/domains/continuous/test/auto/Modal1.xml (RunModel)" time="0.03" />
  <testcase classname="ptolemy.util.test.junit.AutoTests" name="[92] /home/travis/build/icyphy/ptII/ptolemy/domains/continuous/test/auto/Modal2.xml (RunModel)" time="0.035" />
  <testcase classname="ptolemy.util.test.junit.AutoTests" name="[93] /home/travis/build/icyphy/ptII/ptolemy/domains/continuous/test/auto/ModalTransitionGuardWithReset.xml (RunModel)" time="0.029" />
  <testcase classname="ptolemy.util.test.junit.AutoTests" name="[94] /home/travis/build/icyphy/ptII/ptolemy/domains/continuous/test/auto/ModalTransitionGuardWithResetUsingPreemptiveTransition.xml (RunModel)" time="0.02" />
  <testcase classname="ptolemy.util.test.junit.AutoTests" name="[95] /home/travis/build/icyphy/ptII/ptolemy/domains/continuous/test/auto/ModalTransitionGuardWithResetUsingPreemptiveTransition2.xml (RunModel)" time="0.02" />
  <testcase classname="ptolemy.util.test.junit.AutoTests" name="[96] /home/travis/build/icyphy/ptII/ptolemy/domains/continuous/test/auto/ModalTransitionGuardWithResetUsingPreemptiveTransition3.xml (RunModel)" time="0.019" />
  <testcase classname="ptolemy.util.test.junit.AutoTests" name="[97] /home/travis/build/icyphy/ptII/ptolemy/domains/continuous/test/auto/NewtonsCradle.xml (RunModel)" time="0.752" />
  <testcase classname="ptolemy.util.test.junit.AutoTests" name="[98] /home/travis/build/icyphy/ptII/ptolemy/domains/continuous/test/auto/NewtonsCradleAnimated.xml (RunModel)" time="1.292" />
  <testcase classname="ptolemy.util.test.junit.AutoTests" name="[99] /home/travis/build/icyphy/ptII/ptolemy/domains/continuous/test/auto/NewtonsCradleComplicated.xml (RunModel)" time="0.936" />
  <testcase classname="ptolemy.util.test.junit.AutoTests" name="[100] /home/travis/build/icyphy/ptII/ptolemy/domains/continuous/test/auto/NewtonsCradleNondeterministic.xml (RunModel)" time="0.605" />
  <testcase classname="ptolemy.util.test.junit.AutoTests" name="[101] /home/travis/build/icyphy/ptII/ptolemy/domains/continuous/test/auto/NewtonsCradlePerfectlyInelastic1.xml (RunModel)" time="1.263" />
  <testcase classname="ptolemy.util.test.junit.AutoTests" name="[102] /home/travis/build/icyphy/ptII/ptolemy/domains/continuous/test/auto/Noise.xml (RunModel)" time="0.188" />
  <testcase classname="ptolemy.util.test.junit.AutoTests" name="[103] /home/travis/build/icyphy/ptII/ptolemy/domains/continuous/test/auto/NoiseSpectrum.xml (RunModel)" time="0.647" />
  <testcase classname="ptolemy.util.test.junit.AutoTests" name="[104] /home/travis/build/icyphy/ptII/ptolemy/domains/continuous/test/auto/ParameterizedNewtonsCradleAnimated.xml (RunModel)" time="0.34" />
  <testcase classname="ptolemy.util.test.junit.AutoTests" name="[105] /home/travis/build/icyphy/ptII/ptolemy/domains/continuous/test/auto/ParameterizedNewtonsCradleAnimatedNondeterministic.xml (RunModel)" time="1.108" />
  <testcase classname="ptolemy.util.test.junit.AutoTests" name="[106] /home/travis/build/icyphy/ptII/ptolemy/domains/continuous/test/auto/Pendulum3D.xml (RunModel)" time="0.145" />
  <testcase classname="ptolemy.util.test.junit.AutoTests" name="[107] /home/travis/build/icyphy/ptII/ptolemy/domains/continuous/test/auto/PeriodicSampler.xml (RunModel)" time="0.011" />
  <testcase classname="ptolemy.util.test.junit.AutoTests" name="[108] /home/travis/build/icyphy/ptII/ptolemy/domains/continuous/test/auto/PeriodicSampler1.xml (RunModel)" time="0.038" />
  <testcase classname="ptolemy.util.test.junit.AutoTests" name="[109] /home/travis/build/icyphy/ptII/ptolemy/domains/continuous/test/auto/PeriodicSampler2.xml (RunModel)" time="0.073" />
  <testcase classname="ptolemy.util.test.junit.AutoTests" name="[110] /home/travis/build/icyphy/ptII/ptolemy/domains/continuous/test/auto/Poisson.xml (RunModel)" time="0.45" />
  <testcase classname="ptolemy.util.test.junit.AutoTests" name="[111] /home/travis/build/icyphy/ptII/ptolemy/domains/continuous/test/auto/PoissonClock.xml (RunModel)" time="0.011" />
  <testcase classname="ptolemy.util.test.junit.AutoTests" name="[112] /home/travis/build/icyphy/ptII/ptolemy/domains/continuous/test/auto/PoissonClock2.xml (RunModel)" time="0.011" />
  <testcase classname="ptolemy.util.test.junit.AutoTests" name="[113] /home/travis/build/icyphy/ptII/ptolemy/domains/continuous/test/auto/PortParameterHierarchy.xml (RunModel)" time="0.026" />
  <testcase classname="ptolemy.util.test.junit.AutoTests" name="[114] /home/travis/build/icyphy/ptII/ptolemy/domains/continuous/test/auto/RandomHybridPlant.xml (RunModel)" time="0.52" />
  <testcase classname="ptolemy.util.test.junit.AutoTests" name="[115] /home/travis/build/icyphy/ptII/ptolemy/domains/continuous/test/auto/ResetTransitionWithStartTime1.xml (RunModel)" time="0.031" />
  <testcase classname="ptolemy.util.test.junit.AutoTests" name="[116] /home/travis/build/icyphy/ptII/ptolemy/domains/continuous/test/auto/ResetTransitionWithStartTime2.xml (RunModel)" time="0.034" />
  <testcase classname="ptolemy.util.test.junit.AutoTests" name="[117] /home/travis/build/icyphy/ptII/ptolemy/domains/continuous/test/auto/ResetTransitionWithStartTime3.xml (RunModel)" time="0.031" />
  <testcase classname="ptolemy.util.test.junit.AutoTests" name="[118] /home/travis/build/icyphy/ptII/ptolemy/domains/continuous/test/auto/ResetTransitionWithStartTime4.xml (RunModel)" time="0.025" />
  <testcase classname="ptolemy.util.test.junit.AutoTests" name="[119] /home/travis/build/icyphy/ptII/ptolemy/domains/continuous/test/auto/ResetTransitionWithStartTime5.xml (RunModel)" time="0.029" />
  <testcase classname="ptolemy.util.test.junit.AutoTests" name="[120] /home/travis/build/icyphy/ptII/ptolemy/domains/continuous/test/auto/ResetTransitionWithStartTime6.xml (RunModel)" time="0.026" />
  <testcase classname="ptolemy.util.test.junit.AutoTests" name="[121] /home/travis/build/icyphy/ptII/ptolemy/domains/continuous/test/auto/SRinContinuous.xml (RunModel)" time="0.018" />
  <testcase classname="ptolemy.util.test.junit.AutoTests" name="[122] /home/travis/build/icyphy/ptII/ptolemy/domains/continuous/test/auto/SampledClocks.xml (RunModel)" time="0.03" />
  <testcase classname="ptolemy.util.test.junit.AutoTests" name="[123] /home/travis/build/icyphy/ptII/ptolemy/domains/continuous/test/auto/Satellite.xml (RunModel)" time="0.887" />
  <testcase classname="ptolemy.util.test.junit.AutoTests" name="[124] /home/travis/build/icyphy/ptII/ptolemy/domains/continuous/test/auto/SigmaDelta.xml (RunModel)" time="2.16" />
  <testcase classname="ptolemy.util.test.junit.AutoTests" name="[125] /home/travis/build/icyphy/ptII/ptolemy/domains/continuous/test/auto/SingleRefinement.xml (RunModel)" time="0.375" />
  <testcase classname="ptolemy.util.test.junit.AutoTests" name="[126] /home/travis/build/icyphy/ptII/ptolemy/domains/continuous/test/auto/SinuBouncingBall.xml (RunModel)" time="0.761" />
  <testcase classname="ptolemy.util.test.junit.AutoTests" name="[127] /home/travis/build/icyphy/ptII/ptolemy/domains/continuous/test/auto/Sinusoid.xml (RunModel)" time="0.022" />
  <testcase classname="ptolemy.util.test.junit.AutoTests" name="[128] /home/travis/build/icyphy/ptII/ptolemy/domains/continuous/test/auto/SinusoidInNoise.xml (RunModel)" time="0.894" />
  <testcase classname="ptolemy.util.test.junit.AutoTests" name="[129] /home/travis/build/icyphy/ptII/ptolemy/domains/continuous/test/auto/SinusoidRK45.xml (RunModel)" time="0.008" />
  <testcase classname="ptolemy.util.test.junit.AutoTests" name="[130] /home/travis/build/icyphy/ptII/ptolemy/domains/continuous/test/auto/SinusoidWithMultipleImpulses.xml (RunModel)" time="0.011" />
  <testcase classname="ptolemy.util.test.junit.AutoTests" name="[131] /home/travis/build/icyphy/ptII/ptolemy/domains/continuous/test/auto/SquareWave.xml (RunModel)" time="0.171" />
  <testcase classname="ptolemy.util.test.junit.AutoTests" name="[132] /home/travis/build/icyphy/ptII/ptolemy/domains/continuous/test/auto/Starmac.xml (RunModel)" time="3.331" />
  <testcase classname="ptolemy.util.test.junit.AutoTests" name="[133] /home/travis/build/icyphy/ptII/ptolemy/domains/continuous/test/auto/StaticUnits.xml (RunModel)" time="2.369" />
  <testcase classname="ptolemy.util.test.junit.AutoTests" name="[134] /home/travis/build/icyphy/ptII/ptolemy/domains/continuous/test/auto/StickyMasses.xml (RunModel)" time="0.19" />
  <testcase classname="ptolemy.util.test.junit.AutoTests" name="[135] /home/travis/build/icyphy/ptII/ptolemy/domains/continuous/test/auto/StopTime.xml (RunModel)" time="0.058" />
  <testcase classname="ptolemy.util.test.junit.AutoTests" name="[136] /home/travis/build/icyphy/ptII/ptolemy/domains/continuous/test/auto/StopTime2.xml (RunModel)" time="0.05" />
  <testcase classname="ptolemy.util.test.junit.AutoTests" name="[137] /home/travis/build/icyphy/ptII/ptolemy/domains/continuous/test/auto/Switch.xml (RunModel)" time="0.054" />
  <testcase classname="ptolemy.util.test.junit.AutoTests" name="[138] /home/travis/build/icyphy/ptII/ptolemy/domains/continuous/test/auto/Thermostat.xml (RunModel)" time="0.227" />
  <testcase classname="ptolemy.util.test.junit.AutoTests" name="[139] /home/travis/build/icyphy/ptII/ptolemy/domains/continuous/test/auto/TimeDelay.xml (RunModel)" time="0.018" />
  <testcase classname="ptolemy.util.test.junit.AutoTests" name="[140] /home/travis/build/icyphy/ptII/ptolemy/domains/continuous/test/auto/TimeDelay2.xml (RunModel)" time="0.029" />
  <testcase classname="ptolemy.util.test.junit.AutoTests" name="[141] /home/travis/build/icyphy/ptII/ptolemy/domains/continuous/test/auto/TimeDelay3.xml (RunModel)" time="0.012" />
  <testcase classname="ptolemy.util.test.junit.AutoTests" name="[142] /home/travis/build/icyphy/ptII/ptolemy/domains/continuous/test/auto/TransferAbsentToInside.xml (RunModel)" time="0.098" />
  <testcase classname="ptolemy.util.test.junit.AutoTests" name="[143] /home/travis/build/icyphy/ptII/ptolemy/domains/continuous/test/auto/Transmission.xml (RunModel)" time="0.779" />
  <testcase classname="ptolemy.util.test.junit.AutoTests" name="[144] /home/travis/build/icyphy/ptII/ptolemy/domains/continuous/test/auto/TriggeredContinuousClock.xml (RunModel)" time="0.066" />
  <testcase classname="ptolemy.util.test.junit.AutoTests" name="[145] /home/travis/build/icyphy/ptII/ptolemy/domains/continuous/test/auto/TwoMachineInfiniteBusControl.xml (RunModel)" time="2.954" />
  <testcase classname="ptolemy.util.test.junit.AutoTests" name="[146] /home/travis/build/icyphy/ptII/ptolemy/domains/continuous/test/auto/V2V.xml (RunModel)" time="0.808" />
  <testcase classname="ptolemy.util.test.junit.AutoTests" name="[147] /home/travis/build/icyphy/ptII/ptolemy/domains/continuous/test/auto/hierarchicalModalModel.xml (RunModel)" time="0.026" />
  <testcase classname="ptolemy.util.test.junit.AutoTests" name="[148] /home/travis/build/icyphy/ptII/ptolemy/domains/continuous/test/auto/hierarchicalModalModel1.xml (RunModel)" time="0.024" />
  <testcase classname="ptolemy.util.test.junit.AutoTests" name="[149] /home/travis/build/icyphy/ptII/ptolemy/domains/continuous/test/auto/hierarchicalModalModel2.xml (RunModel)" time="0.025" />
  <testcase classname="ptolemy.util.test.junit.AutoTests" name="[150] /home/travis/build/icyphy/ptII/ptolemy/domains/continuous/test/auto/hierarchicalModalModel3.xml (RunModel)" time="0.021" />
  <testcase classname="ptolemy.util.test.junit.AutoTests" name="[151] /home/travis/build/icyphy/ptII/ptolemy/domains/continuous/test/auto/hierarchicalModalModel4.xml (RunModel)" time="0.023" />
  <testcase classname="ptolemy.util.test.junit.AutoTests" name="[152] /home/travis/build/icyphy/ptII/ptolemy/domains/continuous/test/auto/junk.xml (RunModel)" time="0.126" />
  <system-out><![CDATA[No tcl tests in /home/travis/build/icyphy/ptII/ptolemy/domains/continuous/test
No auto/knownFailedTests/*.xml tests in /home/travis/build/icyphy/ptII/ptolemy/domains/continuous/test
No auto/linux-amd64/*.xml tests in /home/travis/build/icyphy/ptII/ptolemy/domains/continuous/test
AutoTests.java: About to close Vertx.
AutoTests.java: Vertx closed.

===========================================================================================
----------------- testing Tue Jun 02 14:30:57 UTC 2020 /home/travis/build/icyphy/ptII/ptolemy/domains/continuous/test/auto/BouncingBall.xml
----------------- Instantiating /home/travis/build/icyphy/ptII/ptolemy/domains/continuous/test/auto/BouncingBall.xml
2176 ms. Memory: 156672K Free: 99609K (64%)
----------------- Invoking toplevel() on ptolemy.moml.MoMLSimpleApplication@25e296d
----------------- Done invoking toplevel() on ptolemy.moml.MoMLSimpleApplication@25e296d
reloadAllAccessors: .BouncingBall

===========================================================================================
----------------- testing Tue Jun 02 14:31:00 UTC 2020 /home/travis/build/icyphy/ptII/ptolemy/domains/continuous/test/auto/BouncingBallWithoutGR.xml
----------------- Instantiating /home/travis/build/icyphy/ptII/ptolemy/domains/continuous/test/auto/BouncingBallWithoutGR.xml
780 ms. Memory: 188416K Free: 133262K (71%)
----------------- Invoking toplevel() on ptolemy.moml.MoMLSimpleApplication@318bf699
----------------- Done invoking toplevel() on ptolemy.moml.MoMLSimpleApplication@318bf699
reloadAllAccessors: .BouncingBallWithoutGR

===========================================================================================
----------------- testing Tue Jun 02 14:31:01 UTC 2020 /home/travis/build/icyphy/ptII/ptolemy/domains/continuous/test/auto/Brownian.xml
----------------- Instantiating /home/travis/build/icyphy/ptII/ptolemy/domains/continuous/test/auto/Brownian.xml
21 ms. Memory: 188416K Free: 124046K (66%)
----------------- Invoking toplevel() on ptolemy.moml.MoMLSimpleApplication@588bfddf
----------------- Done invoking toplevel() on ptolemy.moml.MoMLSimpleApplication@588bfddf
reloadAllAccessors: .Brownian

===========================================================================================
----------------- testing Tue Jun 02 14:31:01 UTC 2020 /home/travis/build/icyphy/ptII/ptolemy/domains/continuous/test/auto/CarTracking.xml
----------------- Instantiating /home/travis/build/icyphy/ptII/ptolemy/domains/continuous/test/auto/CarTracking.xml
3219 ms. Memory: 226304K Free: 137283K (61%)
----------------- Invoking toplevel() on ptolemy.moml.MoMLSimpleApplication@2c48662
----------------- Done invoking toplevel() on ptolemy.moml.MoMLSimpleApplication@2c48662
reloadAllAccessors: .CarTracking

===========================================================================================
----------------- testing Tue Jun 02 14:31:04 UTC 2020 /home/travis/build/icyphy/ptII/ptolemy/domains/continuous/test/auto/CartPendulum.xml
----------------- Instantiating /home/travis/build/icyphy/ptII/ptolemy/domains/continuous/test/auto/CartPendulum.xml
360 ms. Memory: 226304K Free: 177745K (79%)
----------------- Invoking toplevel() on ptolemy.moml.MoMLSimpleApplication@1779c925
----------------- Done invoking toplevel() on ptolemy.moml.MoMLSimpleApplication@1779c925
reloadAllAccessors: .CartPendulum

===========================================================================================
----------------- testing Tue Jun 02 14:31:05 UTC 2020 /home/travis/build/icyphy/ptII/ptolemy/domains/continuous/test/auto/CausalityInterface10.xml
----------------- Instantiating /home/travis/build/icyphy/ptII/ptolemy/domains/continuous/test/auto/CausalityInterface10.xml
11 ms. Memory: 226304K Free: 166995K (74%)
----------------- Invoking toplevel() on ptolemy.moml.MoMLSimpleApplication@7449cf69
----------------- Done invoking toplevel() on ptolemy.moml.MoMLSimpleApplication@7449cf69
reloadAllAccessors: .CausalityInterface10

===========================================================================================
----------------- testing Tue Jun 02 14:31:05 UTC 2020 /home/travis/build/icyphy/ptII/ptolemy/domains/continuous/test/auto/CausalityInterface11.xml
----------------- Instantiating /home/travis/build/icyphy/ptII/ptolemy/domains/continuous/test/auto/CausalityInterface11.xml
7 ms. Memory: 226304K Free: 160851K (71%)
----------------- Invoking toplevel() on ptolemy.moml.MoMLSimpleApplication@5f546598
----------------- Done invoking toplevel() on ptolemy.moml.MoMLSimpleApplication@5f546598
reloadAllAccessors: .CausalityInterface11

===========================================================================================
----------------- testing Tue Jun 02 14:31:05 UTC 2020 /home/travis/build/icyphy/ptII/ptolemy/domains/continuous/test/auto/CausalityInterface12.xml
----------------- Instantiating /home/travis/build/icyphy/ptII/ptolemy/domains/continuous/test/auto/CausalityInterface12.xml
11 ms. Memory: 226304K Free: 154707K (68%)
----------------- Invoking toplevel() on ptolemy.moml.MoMLSimpleApplication@5539191b
----------------- Done invoking toplevel() on ptolemy.moml.MoMLSimpleApplication@5539191b
reloadAllAccessors: .CausalityInterface12

===========================================================================================
----------------- testing Tue Jun 02 14:31:05 UTC 2020 /home/travis/build/icyphy/ptII/ptolemy/domains/continuous/test/auto/CausalityInterface13.xml
----------------- Instantiating /home/travis/build/icyphy/ptII/ptolemy/domains/continuous/test/auto/CausalityInterface13.xml
5 ms. Memory: 226304K Free: 148563K (66%)
----------------- Invoking toplevel() on ptolemy.moml.MoMLSimpleApplication@60f852f1
----------------- Done invoking toplevel() on ptolemy.moml.MoMLSimpleApplication@60f852f1
reloadAllAccessors: .CausalityInterface13

===========================================================================================
----------------- testing Tue Jun 02 14:31:05 UTC 2020 /home/travis/build/icyphy/ptII/ptolemy/domains/continuous/test/auto/CausalityInterface14.xml
----------------- Instantiating /home/travis/build/icyphy/ptII/ptolemy/domains/continuous/test/auto/CausalityInterface14.xml
3 ms. Memory: 226304K Free: 142929K (63%)
----------------- Invoking toplevel() on ptolemy.moml.MoMLSimpleApplication@3dde2474
----------------- Done invoking toplevel() on ptolemy.moml.MoMLSimpleApplication@3dde2474
reloadAllAccessors: .CausalityInterface14

===========================================================================================
----------------- testing Tue Jun 02 14:31:05 UTC 2020 /home/travis/build/icyphy/ptII/ptolemy/domains/continuous/test/auto/CausalityInterface4.xml
----------------- Instantiating /home/travis/build/icyphy/ptII/ptolemy/domains/continuous/test/auto/CausalityInterface4.xml
3 ms. Memory: 226304K Free: 135747K (60%)
----------------- Invoking toplevel() on ptolemy.moml.MoMLSimpleApplication@4cf97c91
----------------- Done invoking toplevel() on ptolemy.moml.MoMLSimpleApplication@4cf97c91
reloadAllAccessors: .CausalityInterface4

===========================================================================================
----------------- testing Tue Jun 02 14:31:05 UTC 2020 /home/travis/build/icyphy/ptII/ptolemy/domains/continuous/test/auto/CausalityInterface5.xml
----------------- Instantiating /home/travis/build/icyphy/ptII/ptolemy/domains/continuous/test/auto/CausalityInterface5.xml
9 ms. Memory: 226304K Free: 128083K (57%)
----------------- Invoking toplevel() on ptolemy.moml.MoMLSimpleApplication@592271
----------------- Done invoking toplevel() on ptolemy.moml.MoMLSimpleApplication@592271
reloadAllAccessors: .CausalityInterface5

===========================================================================================
----------------- testing Tue Jun 02 14:31:05 UTC 2020 /home/travis/build/icyphy/ptII/ptolemy/domains/continuous/test/auto/CausalityInterface6.xml
----------------- Instantiating /home/travis/build/icyphy/ptII/ptolemy/domains/continuous/test/auto/CausalityInterface6.xml
5 ms. Memory: 226304K Free: 122449K (54%)
----------------- Invoking toplevel() on ptolemy.moml.MoMLSimpleApplication@65e2cd0a
----------------- Done invoking toplevel() on ptolemy.moml.MoMLSimpleApplication@65e2cd0a
reloadAllAccessors: .CausalityInterface6

===========================================================================================
----------------- testing Tue Jun 02 14:31:05 UTC 2020 /home/travis/build/icyphy/ptII/ptolemy/domains/continuous/test/auto/CausalityInterface7.xml
----------------- Instantiating /home/travis/build/icyphy/ptII/ptolemy/domains/continuous/test/auto/CausalityInterface7.xml
9 ms. Memory: 226304K Free: 113747K (50%)
----------------- Invoking toplevel() on ptolemy.moml.MoMLSimpleApplication@64876b1d
----------------- Done invoking toplevel() on ptolemy.moml.MoMLSimpleApplication@64876b1d
reloadAllAccessors: .CausalityInterface7

===========================================================================================
----------------- testing Tue Jun 02 14:31:05 UTC 2020 /home/travis/build/icyphy/ptII/ptolemy/domains/continuous/test/auto/CausalityInterface8.xml
----------------- Instantiating /home/travis/build/icyphy/ptII/ptolemy/domains/continuous/test/auto/CausalityInterface8.xml
5 ms. Memory: 226304K Free: 104531K (46%)
----------------- Invoking toplevel() on ptolemy.moml.MoMLSimpleApplication@6650a03b
----------------- Done invoking toplevel() on ptolemy.moml.MoMLSimpleApplication@6650a03b
reloadAllAccessors: .CausalityInterface8

===========================================================================================
----------------- testing Tue Jun 02 14:31:05 UTC 2020 /home/travis/build/icyphy/ptII/ptolemy/domains/continuous/test/auto/CausalityInterface9.xml
----------------- Instantiating /home/travis/build/icyphy/ptII/ptolemy/domains/continuous/test/auto/CausalityInterface9.xml
16 ms. Memory: 226304K Free: 93777K (41%)
----------------- Invoking toplevel() on ptolemy.moml.MoMLSimpleApplication@ab88923
----------------- Done invoking toplevel() on ptolemy.moml.MoMLSimpleApplication@ab88923
reloadAllAccessors: .CausalityInterface9

===========================================================================================
----------------- testing Tue Jun 02 14:31:05 UTC 2020 /home/travis/build/icyphy/ptII/ptolemy/domains/continuous/test/auto/CausalityInterfaceFeedback1.xml
----------------- Instantiating /home/travis/build/icyphy/ptII/ptolemy/domains/continuous/test/auto/CausalityInterfaceFeedback1.xml
4 ms. Memory: 226304K Free: 87123K (38%)
----------------- Invoking toplevel() on ptolemy.moml.MoMLSimpleApplication@6a8d45d4
----------------- Done invoking toplevel() on ptolemy.moml.MoMLSimpleApplication@6a8d45d4
reloadAllAccessors: .CausalityInterfaceFeedback1

===========================================================================================
----------------- testing Tue Jun 02 14:31:05 UTC 2020 /home/travis/build/icyphy/ptII/ptolemy/domains/continuous/test/auto/CausalityInterfaceFeedback2.xml
----------------- Instantiating /home/travis/build/icyphy/ptII/ptolemy/domains/continuous/test/auto/CausalityInterfaceFeedback2.xml
3 ms. Memory: 226304K Free: 80451K (36%)
----------------- Invoking toplevel() on ptolemy.moml.MoMLSimpleApplication@6fda984c
----------------- Done invoking toplevel() on ptolemy.moml.MoMLSimpleApplication@6fda984c
reloadAllAccessors: .CausalityInterfaceFeedback2

===========================================================================================
----------------- testing Tue Jun 02 14:31:05 UTC 2020 /home/travis/build/icyphy/ptII/ptolemy/domains/continuous/test/auto/CompareWithCurrentTime.xml
----------------- Instantiating /home/travis/build/icyphy/ptII/ptolemy/domains/continuous/test/auto/CompareWithCurrentTime.xml
3 ms. Memory: 226304K Free: 210455K (93%)
----------------- Invoking toplevel() on ptolemy.moml.MoMLSimpleApplication@9885f7c
----------------- Done invoking toplevel() on ptolemy.moml.MoMLSimpleApplication@9885f7c
reloadAllAccessors: .CompareWithCurrentTime

===========================================================================================
----------------- testing Tue Jun 02 14:31:05 UTC 2020 /home/travis/build/icyphy/ptII/ptolemy/domains/continuous/test/auto/ComparedClocks.xml
----------------- Instantiating /home/travis/build/icyphy/ptII/ptolemy/domains/continuous/test/auto/ComparedClocks.xml
6 ms. Memory: 226304K Free: 195095K (86%)
----------------- Invoking toplevel() on ptolemy.moml.MoMLSimpleApplication@424508e1
----------------- Done invoking toplevel() on ptolemy.moml.MoMLSimpleApplication@424508e1
reloadAllAccessors: .ComparedClocks

===========================================================================================
----------------- testing Tue Jun 02 14:31:05 UTC 2020 /home/travis/build/icyphy/ptII/ptolemy/domains/continuous/test/auto/ContinuousAOCClone.xml
----------------- Instantiating /home/travis/build/icyphy/ptII/ptolemy/domains/continuous/test/auto/ContinuousAOCClone.xml
2357 ms. Memory: 272384K Free: 184051K (68%)
----------------- Invoking toplevel() on ptolemy.moml.MoMLSimpleApplication@799ed989
----------------- Done invoking toplevel() on ptolemy.moml.MoMLSimpleApplication@799ed989
reloadAllAccessors: .ContinuousAOCClone

===========================================================================================
----------------- testing Tue Jun 02 14:31:08 UTC 2020 /home/travis/build/icyphy/ptII/ptolemy/domains/continuous/test/auto/ContinuousClock.xml
----------------- Instantiating /home/travis/build/icyphy/ptII/ptolemy/domains/continuous/test/auto/ContinuousClock.xml
33 ms. Memory: 272384K Free: 162037K (59%)
----------------- Invoking toplevel() on ptolemy.moml.MoMLSimpleApplication@22714892
----------------- Done invoking toplevel() on ptolemy.moml.MoMLSimpleApplication@22714892
reloadAllAccessors: .ContinuousClock

===========================================================================================
----------------- testing Tue Jun 02 14:31:08 UTC 2020 /home/travis/build/icyphy/ptII/ptolemy/domains/continuous/test/auto/ContinuousInContinuous.xml
----------------- Instantiating /home/travis/build/icyphy/ptII/ptolemy/domains/continuous/test/auto/ContinuousInContinuous.xml
36 ms. Memory: 272384K Free: 138485K (51%)
----------------- Invoking toplevel() on ptolemy.moml.MoMLSimpleApplication@52dd747a
----------------- Done invoking toplevel() on ptolemy.moml.MoMLSimpleApplication@52dd747a
reloadAllAccessors: .ContinuousInContinuous

===========================================================================================
----------------- testing Tue Jun 02 14:31:08 UTC 2020 /home/travis/build/icyphy/ptII/ptolemy/domains/continuous/test/auto/ContinuousInContinuousInContinuous.xml
----------------- Instantiating /home/travis/build/icyphy/ptII/ptolemy/domains/continuous/test/auto/ContinuousInContinuousInContinuous.xml
5 ms. Memory: 272384K Free: 130803K (48%)
----------------- Invoking toplevel() on ptolemy.moml.MoMLSimpleApplication@7e8ac87e
----------------- Done invoking toplevel() on ptolemy.moml.MoMLSimpleApplication@7e8ac87e
reloadAllAccessors: .ContinuousInContinuousInContinuous

===========================================================================================
----------------- testing Tue Jun 02 14:31:08 UTC 2020 /home/travis/build/icyphy/ptII/ptolemy/domains/continuous/test/auto/ContinuousInDE.xml
----------------- Instantiating /home/travis/build/icyphy/ptII/ptolemy/domains/continuous/test/auto/ContinuousInDE.xml
55 ms. Memory: 272384K Free: 120563K (44%)
----------------- Invoking toplevel() on ptolemy.moml.MoMLSimpleApplication@55956e45
----------------- Done invoking toplevel() on ptolemy.moml.MoMLSimpleApplication@55956e45
reloadAllAccessors: .ContinuousInDE

===========================================================================================
----------------- testing Tue Jun 02 14:31:08 UTC 2020 /home/travis/build/icyphy/ptII/ptolemy/domains/continuous/test/auto/ContinuousInDE2.xml
----------------- Instantiating /home/travis/build/icyphy/ptII/ptolemy/domains/continuous/test/auto/ContinuousInDE2.xml
32 ms. Memory: 272384K Free: 110837K (41%)
----------------- Invoking toplevel() on ptolemy.moml.MoMLSimpleApplication@2bd7c829
----------------- Done invoking toplevel() on ptolemy.moml.MoMLSimpleApplication@2bd7c829
reloadAllAccessors: .ContinuousInDE2

===========================================================================================
----------------- testing Tue Jun 02 14:31:08 UTC 2020 /home/travis/build/icyphy/ptII/ptolemy/domains/continuous/test/auto/ContinuousInDE3.xml
----------------- Instantiating /home/travis/build/icyphy/ptII/ptolemy/domains/continuous/test/auto/ContinuousInDE3.xml
28 ms. Memory: 272384K Free: 101107K (37%)
----------------- Invoking toplevel() on ptolemy.moml.MoMLSimpleApplication@27a2416
----------------- Done invoking toplevel() on ptolemy.moml.MoMLSimpleApplication@27a2416
reloadAllAccessors: .ContinuousInDE3

===========================================================================================
----------------- testing Tue Jun 02 14:31:08 UTC 2020 /home/travis/build/icyphy/ptII/ptolemy/domains/continuous/test/auto/ContinuousInDE4.xml
----------------- Instantiating /home/travis/build/icyphy/ptII/ptolemy/domains/continuous/test/auto/ContinuousInDE4.xml
16 ms. Memory: 272384K Free: 256428K (94%)
----------------- Invoking toplevel() on ptolemy.moml.MoMLSimpleApplication@5694b23f
----------------- Done invoking toplevel() on ptolemy.moml.MoMLSimpleApplication@5694b23f
reloadAllAccessors: .ContinuousInDE4

===========================================================================================
----------------- testing Tue Jun 02 14:31:08 UTC 2020 /home/travis/build/icyphy/ptII/ptolemy/domains/continuous/test/auto/ContinuousInDEDifferentRefinements.xml
----------------- Instantiating /home/travis/build/icyphy/ptII/ptolemy/domains/continuous/test/auto/ContinuousInDEDifferentRefinements.xml
60 ms. Memory: 272384K Free: 224964K (83%)
----------------- Invoking toplevel() on ptolemy.moml.MoMLSimpleApplication@4483016
----------------- Done invoking toplevel() on ptolemy.moml.MoMLSimpleApplication@4483016
reloadAllAccessors: .ContinuousInDEDifferentRefinements

===========================================================================================
----------------- testing Tue Jun 02 14:31:08 UTC 2020 /home/travis/build/icyphy/ptII/ptolemy/domains/continuous/test/auto/ContinuousInDEDifferentRefinementsPreemptive.xml
----------------- Instantiating /home/travis/build/icyphy/ptII/ptolemy/domains/continuous/test/auto/ContinuousInDEDifferentRefinementsPreemptive.xml
45 ms. Memory: 272384K Free: 194244K (71%)
----------------- Invoking toplevel() on ptolemy.moml.MoMLSimpleApplication@68bda354
----------------- Done invoking toplevel() on ptolemy.moml.MoMLSimpleApplication@68bda354
reloadAllAccessors: .ContinuousInDEDifferentRefinementsPreemptive

===========================================================================================
----------------- testing Tue Jun 02 14:31:09 UTC 2020 /home/travis/build/icyphy/ptII/ptolemy/domains/continuous/test/auto/ContinuousInDEInContinuous2.xml
----------------- Instantiating /home/travis/build/icyphy/ptII/ptolemy/domains/continuous/test/auto/ContinuousInDEInContinuous2.xml
34 ms. Memory: 272384K Free: 182980K (67%)
----------------- Invoking toplevel() on ptolemy.moml.MoMLSimpleApplication@862ed5e
----------------- Done invoking toplevel() on ptolemy.moml.MoMLSimpleApplication@862ed5e
reloadAllAccessors: .ContinuousInDEInContinuous2

===========================================================================================
----------------- testing Tue Jun 02 14:31:09 UTC 2020 /home/travis/build/icyphy/ptII/ptolemy/domains/continuous/test/auto/ContinuousInDEInContinuous3.xml
----------------- Instantiating /home/travis/build/icyphy/ptII/ptolemy/domains/continuous/test/auto/ContinuousInDEInContinuous3.xml
32 ms. Memory: 272384K Free: 170692K (63%)
----------------- Invoking toplevel() on ptolemy.moml.MoMLSimpleApplication@2785de4b
----------------- Done invoking toplevel() on ptolemy.moml.MoMLSimpleApplication@2785de4b
reloadAllAccessors: .ContinuousInDEInContinuous3

===========================================================================================
----------------- testing Tue Jun 02 14:31:09 UTC 2020 /home/travis/build/icyphy/ptII/ptolemy/domains/continuous/test/auto/ContinuousInDEInput.xml
----------------- Instantiating /home/travis/build/icyphy/ptII/ptolemy/domains/continuous/test/auto/ContinuousInDEInput.xml
13 ms. Memory: 272384K Free: 163524K (60%)
----------------- Invoking toplevel() on ptolemy.moml.MoMLSimpleApplication@78ec296f
----------------- Done invoking toplevel() on ptolemy.moml.MoMLSimpleApplication@78ec296f
reloadAllAccessors: .ContinuousInDEInput

===========================================================================================
----------------- testing Tue Jun 02 14:31:09 UTC 2020 /home/travis/build/icyphy/ptII/ptolemy/domains/continuous/test/auto/ContinuousInDEInput2.xml
----------------- Instantiating /home/travis/build/icyphy/ptII/ptolemy/domains/continuous/test/auto/ContinuousInDEInput2.xml
11 ms. Memory: 272384K Free: 156356K (57%)
----------------- Invoking toplevel() on ptolemy.moml.MoMLSimpleApplication@7b322100
----------------- Done invoking toplevel() on ptolemy.moml.MoMLSimpleApplication@7b322100
reloadAllAccessors: .ContinuousInDEInput2

===========================================================================================
----------------- testing Tue Jun 02 14:31:09 UTC 2020 /home/travis/build/icyphy/ptII/ptolemy/domains/continuous/test/auto/ContinuousInDEInput3.xml
----------------- Instantiating /home/travis/build/icyphy/ptII/ptolemy/domains/continuous/test/auto/ContinuousInDEInput3.xml
11 ms. Memory: 272384K Free: 149188K (55%)
----------------- Invoking toplevel() on ptolemy.moml.MoMLSimpleApplication@480e4f15
----------------- Done invoking toplevel() on ptolemy.moml.MoMLSimpleApplication@480e4f15
reloadAllAccessors: .ContinuousInDEInput3

===========================================================================================
----------------- testing Tue Jun 02 14:31:09 UTC 2020 /home/travis/build/icyphy/ptII/ptolemy/domains/continuous/test/auto/ContinuousInDESharingRefinement.xml
----------------- Instantiating /home/travis/build/icyphy/ptII/ptolemy/domains/continuous/test/auto/ContinuousInDESharingRefinement.xml
136 ms. Memory: 272384K Free: 216258K (79%)
----------------- Invoking toplevel() on ptolemy.moml.MoMLSimpleApplication@700d40e8
----------------- Done invoking toplevel() on ptolemy.moml.MoMLSimpleApplication@700d40e8
reloadAllAccessors: .ContinuousInDESharingRefinement

===========================================================================================
----------------- testing Tue Jun 02 14:31:09 UTC 2020 /home/travis/build/icyphy/ptII/ptolemy/domains/continuous/test/auto/ContinuousInDEwithNoPorts.xml
----------------- Instantiating /home/travis/build/icyphy/ptII/ptolemy/domains/continuous/test/auto/ContinuousInDEwithNoPorts.xml
6 ms. Memory: 272384K Free: 211617K (78%)
----------------- Invoking toplevel() on ptolemy.moml.MoMLSimpleApplication@2cc4dabd
----------------- Done invoking toplevel() on ptolemy.moml.MoMLSimpleApplication@2cc4dabd
reloadAllAccessors: .ContinuousInDEwithNoPorts

===========================================================================================
----------------- testing Tue Jun 02 14:31:09 UTC 2020 /home/travis/build/icyphy/ptII/ptolemy/domains/continuous/test/auto/ContinuousInsideDE.xml
----------------- Instantiating /home/travis/build/icyphy/ptII/ptolemy/domains/continuous/test/auto/ContinuousInsideDE.xml
28 ms. Memory: 272384K Free: 199874K (73%)
----------------- Invoking toplevel() on ptolemy.moml.MoMLSimpleApplication@37effaec
----------------- Done invoking toplevel() on ptolemy.moml.MoMLSimpleApplication@37effaec
reloadAllAccessors: .ContinuousInsideDE

===========================================================================================
----------------- testing Tue Jun 02 14:31:09 UTC 2020 /home/travis/build/icyphy/ptII/ptolemy/domains/continuous/test/auto/ContinuousMerge1.xml
----------------- Instantiating /home/travis/build/icyphy/ptII/ptolemy/domains/continuous/test/auto/ContinuousMerge1.xml
3 ms. Memory: 272384K Free: 195249K (72%)
----------------- Invoking toplevel() on ptolemy.moml.MoMLSimpleApplication@2e31b103
----------------- Done invoking toplevel() on ptolemy.moml.MoMLSimpleApplication@2e31b103
reloadAllAccessors: .ContinuousMerge1

===========================================================================================
----------------- testing Tue Jun 02 14:31:09 UTC 2020 /home/travis/build/icyphy/ptII/ptolemy/domains/continuous/test/auto/ContinuousMerge2.xml
----------------- Instantiating /home/travis/build/icyphy/ptII/ptolemy/domains/continuous/test/auto/ContinuousMerge2.xml
14 ms. Memory: 272384K Free: 185024K (68%)
----------------- Invoking toplevel() on ptolemy.moml.MoMLSimpleApplication@27f4bde5
----------------- Done invoking toplevel() on ptolemy.moml.MoMLSimpleApplication@27f4bde5
reloadAllAccessors: .ContinuousMerge2

===========================================================================================
----------------- testing Tue Jun 02 14:31:09 UTC 2020 /home/travis/build/icyphy/ptII/ptolemy/domains/continuous/test/auto/ContinuousMerge3.xml
----------------- Instantiating /home/travis/build/icyphy/ptII/ptolemy/domains/continuous/test/auto/ContinuousMerge3.xml
34 ms. Memory: 272384K Free: 174274K (64%)
----------------- Invoking toplevel() on ptolemy.moml.MoMLSimpleApplication@29a0cdfd
----------------- Done invoking toplevel() on ptolemy.moml.MoMLSimpleApplication@29a0cdfd
reloadAllAccessors: .ContinuousMerge3

===========================================================================================
----------------- testing Tue Jun 02 14:31:09 UTC 2020 /home/travis/build/icyphy/ptII/ptolemy/domains/continuous/test/auto/ContinuousWithinContinuous.xml
----------------- Instantiating /home/travis/build/icyphy/ptII/ptolemy/domains/continuous/test/auto/ContinuousWithinContinuous.xml
31 ms. Memory: 272384K Free: 165058K (61%)
----------------- Invoking toplevel() on ptolemy.moml.MoMLSimpleApplication@5c9c5535
----------------- Done invoking toplevel() on ptolemy.moml.MoMLSimpleApplication@5c9c5535
reloadAllAccessors: .ContinuousWithinContinuous

===========================================================================================
----------------- testing Tue Jun 02 14:31:09 UTC 2020 /home/travis/build/icyphy/ptII/ptolemy/domains/continuous/test/auto/ContinuousWithinContinuous2.xml
----------------- Instantiating /home/travis/build/icyphy/ptII/ptolemy/domains/continuous/test/auto/ContinuousWithinContinuous2.xml
51 ms. Memory: 272384K Free: 154818K (57%)
----------------- Invoking toplevel() on ptolemy.moml.MoMLSimpleApplication@765e72cf
----------------- Done invoking toplevel() on ptolemy.moml.MoMLSimpleApplication@765e72cf
reloadAllAccessors: .ContinuousWithinContinuous2

===========================================================================================
----------------- testing Tue Jun 02 14:31:09 UTC 2020 /home/travis/build/icyphy/ptII/ptolemy/domains/continuous/test/auto/ContinuousWithinContinuous3.xml
----------------- Instantiating /home/travis/build/icyphy/ptII/ptolemy/domains/continuous/test/auto/ContinuousWithinContinuous3.xml
10 ms. Memory: 272384K Free: 147650K (54%)
----------------- Invoking toplevel() on ptolemy.moml.MoMLSimpleApplication@1ff05287
----------------- Done invoking toplevel() on ptolemy.moml.MoMLSimpleApplication@1ff05287
reloadAllAccessors: .ContinuousWithinContinuous3

===========================================================================================
----------------- testing Tue Jun 02 14:31:09 UTC 2020 /home/travis/build/icyphy/ptII/ptolemy/domains/continuous/test/auto/ContinuousWithinContinuous4.xml
----------------- Instantiating /home/travis/build/icyphy/ptII/ptolemy/domains/continuous/test/auto/ContinuousWithinContinuous4.xml
55 ms. Memory: 272384K Free: 135362K (50%)
----------------- Invoking toplevel() on ptolemy.moml.MoMLSimpleApplication@6b7e7bb3
----------------- Done invoking toplevel() on ptolemy.moml.MoMLSimpleApplication@6b7e7bb3
reloadAllAccessors: .ContinuousWithinContinuous4

===========================================================================================
----------------- testing Tue Jun 02 14:31:09 UTC 2020 /home/travis/build/icyphy/ptII/ptolemy/domains/continuous/test/auto/ContinuousWithinContinuous5.xml
----------------- Instantiating /home/travis/build/icyphy/ptII/ptolemy/domains/continuous/test/auto/ContinuousWithinContinuous5.xml
11 ms. Memory: 272384K Free: 127680K (47%)
----------------- Invoking toplevel() on ptolemy.moml.MoMLSimpleApplication@24499308
----------------- Done invoking toplevel() on ptolemy.moml.MoMLSimpleApplication@24499308
reloadAllAccessors: .ContinuousWithinContinuous5

===========================================================================================
----------------- testing Tue Jun 02 14:31:09 UTC 2020 /home/travis/build/icyphy/ptII/ptolemy/domains/continuous/test/auto/ContinuousWithinContinuous6.xml
----------------- Instantiating /home/travis/build/icyphy/ptII/ptolemy/domains/continuous/test/auto/ContinuousWithinContinuous6.xml
10 ms. Memory: 272384K Free: 120512K (44%)
----------------- Invoking toplevel() on ptolemy.moml.MoMLSimpleApplication@3b172408
----------------- Done invoking toplevel() on ptolemy.moml.MoMLSimpleApplication@3b172408
reloadAllAccessors: .ContinuousWithinContinuous6

===========================================================================================
----------------- testing Tue Jun 02 14:31:09 UTC 2020 /home/travis/build/icyphy/ptII/ptolemy/domains/continuous/test/auto/ContinuousWithinContinuous7.xml
----------------- Instantiating /home/travis/build/icyphy/ptII/ptolemy/domains/continuous/test/auto/ContinuousWithinContinuous7.xml
50 ms. Memory: 272384K Free: 109762K (40%)
----------------- Invoking toplevel() on ptolemy.moml.MoMLSimpleApplication@30a8253b
----------------- Done invoking toplevel() on ptolemy.moml.MoMLSimpleApplication@30a8253b
reloadAllAccessors: .ContinuousWithinContinuous7

===========================================================================================
----------------- testing Tue Jun 02 14:31:09 UTC 2020 /home/travis/build/icyphy/ptII/ptolemy/domains/continuous/test/auto/DCMotor.xml
----------------- Instantiating /home/travis/build/icyphy/ptII/ptolemy/domains/continuous/test/auto/DCMotor.xml
12718 ms. Memory: 272384K Free: 121118K (44%)
----------------- Invoking toplevel() on ptolemy.moml.MoMLSimpleApplication@316ae632
----------------- Done invoking toplevel() on ptolemy.moml.MoMLSimpleApplication@316ae632
reloadAllAccessors: .DCMotor

===========================================================================================
----------------- testing Tue Jun 02 14:31:22 UTC 2020 /home/travis/build/icyphy/ptII/ptolemy/domains/continuous/test/auto/DEInContinuous.xml
----------------- Instantiating /home/travis/build/icyphy/ptII/ptolemy/domains/continuous/test/auto/DEInContinuous.xml
9 ms. Memory: 272384K Free: 115004K (42%)
----------------- Invoking toplevel() on ptolemy.moml.MoMLSimpleApplication@45796288
----------------- Done invoking toplevel() on ptolemy.moml.MoMLSimpleApplication@45796288
reloadAllAccessors: .DEInContinuous

===========================================================================================
----------------- testing Tue Jun 02 14:31:22 UTC 2020 /home/travis/build/icyphy/ptII/ptolemy/domains/continuous/test/auto/DEinContinuous2.xml
----------------- Instantiating /home/travis/build/icyphy/ptII/ptolemy/domains/continuous/test/auto/DEinContinuous2.xml
6 ms. Memory: 272384K Free: 107326K (39%)
----------------- Invoking toplevel() on ptolemy.moml.MoMLSimpleApplication@45f26a6f
----------------- Done invoking toplevel() on ptolemy.moml.MoMLSimpleApplication@45f26a6f
reloadAllAccessors: .DEinContinuous2

===========================================================================================
----------------- testing Tue Jun 02 14:31:22 UTC 2020 /home/travis/build/icyphy/ptII/ptolemy/domains/continuous/test/auto/Derivative.xml
----------------- Instantiating /home/travis/build/icyphy/ptII/ptolemy/domains/continuous/test/auto/Derivative.xml
176 ms. Memory: 272384K Free: 239380K (88%)
----------------- Invoking toplevel() on ptolemy.moml.MoMLSimpleApplication@7fffe4bc
----------------- Done invoking toplevel() on ptolemy.moml.MoMLSimpleApplication@7fffe4bc
reloadAllAccessors: .Derivative2

===========================================================================================
----------------- testing Tue Jun 02 14:31:23 UTC 2020 /home/travis/build/icyphy/ptII/ptolemy/domains/continuous/test/auto/Derivative1.xml
----------------- Instantiating /home/travis/build/icyphy/ptII/ptolemy/domains/continuous/test/auto/Derivative1.xml
35 ms. Memory: 272384K Free: 225044K (83%)
----------------- Invoking toplevel() on ptolemy.moml.MoMLSimpleApplication@83e3dc8
----------------- Done invoking toplevel() on ptolemy.moml.MoMLSimpleApplication@83e3dc8
reloadAllAccessors: .Derivative1

===========================================================================================
----------------- testing Tue Jun 02 14:31:23 UTC 2020 /home/travis/build/icyphy/ptII/ptolemy/domains/continuous/test/auto/DiscreteClock.xml
----------------- Instantiating /home/travis/build/icyphy/ptII/ptolemy/domains/continuous/test/auto/DiscreteClock.xml
4 ms. Memory: 272384K Free: 219924K (81%)
----------------- Invoking toplevel() on ptolemy.moml.MoMLSimpleApplication@2b90aa2e
----------------- Done invoking toplevel() on ptolemy.moml.MoMLSimpleApplication@2b90aa2e
reloadAllAccessors: .DiscreteClock

===========================================================================================
----------------- testing Tue Jun 02 14:31:23 UTC 2020 /home/travis/build/icyphy/ptII/ptolemy/domains/continuous/test/auto/EfficiencyCurve.xml
----------------- Instantiating /home/travis/build/icyphy/ptII/ptolemy/domains/continuous/test/auto/EfficiencyCurve.xml
67 ms. Memory: 272384K Free: 210708K (77%)
----------------- Invoking toplevel() on ptolemy.moml.MoMLSimpleApplication@3d826e0a
----------------- Done invoking toplevel() on ptolemy.moml.MoMLSimpleApplication@3d826e0a
reloadAllAccessors: .EfficiencyCurve

===========================================================================================
----------------- testing Tue Jun 02 14:31:23 UTC 2020 /home/travis/build/icyphy/ptII/ptolemy/domains/continuous/test/auto/ExponentialResponse.xml
----------------- Instantiating /home/travis/build/icyphy/ptII/ptolemy/domains/continuous/test/auto/ExponentialResponse.xml
119 ms. Memory: 272384K Free: 194838K (72%)
----------------- Invoking toplevel() on ptolemy.moml.MoMLSimpleApplication@2634721c
----------------- Done invoking toplevel() on ptolemy.moml.MoMLSimpleApplication@2634721c
reloadAllAccessors: .ExponentialResponse

===========================================================================================
----------------- testing Tue Jun 02 14:31:23 UTC 2020 /home/travis/build/icyphy/ptII/ptolemy/domains/continuous/test/auto/ExponentialResponseRK45.xml
----------------- Instantiating /home/travis/build/icyphy/ptII/ptolemy/domains/continuous/test/auto/ExponentialResponseRK45.xml
24 ms. Memory: 272384K Free: 188180K (69%)
----------------- Invoking toplevel() on ptolemy.moml.MoMLSimpleApplication@440f6156
----------------- Done invoking toplevel() on ptolemy.moml.MoMLSimpleApplication@440f6156
reloadAllAccessors: .ExponentialResponseRK45

===========================================================================================
----------------- testing Tue Jun 02 14:31:23 UTC 2020 /home/travis/build/icyphy/ptII/ptolemy/domains/continuous/test/auto/Friction.xml
----------------- Instantiating /home/travis/build/icyphy/ptII/ptolemy/domains/continuous/test/auto/Friction.xml
1436 ms. Memory: 272384K Free: 248945K (91%)
----------------- Invoking toplevel() on ptolemy.moml.MoMLSimpleApplication@343fff0c
----------------- Done invoking toplevel() on ptolemy.moml.MoMLSimpleApplication@343fff0c
reloadAllAccessors: .Friction

===========================================================================================
----------------- testing Tue Jun 02 14:31:24 UTC 2020 /home/travis/build/icyphy/ptII/ptolemy/domains/continuous/test/auto/FurutaPendulum.xml
----------------- Instantiating /home/travis/build/icyphy/ptII/ptolemy/domains/continuous/test/auto/FurutaPendulum.xml
3100 ms. Memory: 272384K Free: 229576K (84%)
----------------- Invoking toplevel() on ptolemy.moml.MoMLSimpleApplication@d3edd30
----------------- Done invoking toplevel() on ptolemy.moml.MoMLSimpleApplication@d3edd30
reloadAllAccessors: .FurutaPendulum

===========================================================================================
----------------- testing Tue Jun 02 14:31:28 UTC 2020 /home/travis/build/icyphy/ptII/ptolemy/domains/continuous/test/auto/HierarchicalExecution.xml
----------------- Instantiating /home/travis/build/icyphy/ptII/ptolemy/domains/continuous/test/auto/HierarchicalExecution.xml
1723 ms. Memory: 272384K Free: 109929K (40%)
----------------- Invoking toplevel() on ptolemy.moml.MoMLSimpleApplication@4d6cfbd7
----------------- Done invoking toplevel() on ptolemy.moml.MoMLSimpleApplication@4d6cfbd7
reloadAllAccessors: .HierarchicalExecution

===========================================================================================
----------------- testing Tue Jun 02 14:31:30 UTC 2020 /home/travis/build/icyphy/ptII/ptolemy/domains/continuous/test/auto/HybridPlant.xml
----------------- Instantiating /home/travis/build/icyphy/ptII/ptolemy/domains/continuous/test/auto/HybridPlant.xml
497 ms. Memory: 272384K Free: 170296K (63%)
----------------- Invoking toplevel() on ptolemy.moml.MoMLSimpleApplication@6d2d4fd8
----------------- Done invoking toplevel() on ptolemy.moml.MoMLSimpleApplication@6d2d4fd8
reloadAllAccessors: .HybridPlant

===========================================================================================
----------------- testing Tue Jun 02 14:31:30 UTC 2020 /home/travis/build/icyphy/ptII/ptolemy/domains/continuous/test/auto/Hysteresis.xml
----------------- Instantiating /home/travis/build/icyphy/ptII/ptolemy/domains/continuous/test/auto/Hysteresis.xml
161 ms. Memory: 272384K Free: 108848K (40%)
----------------- Invoking toplevel() on ptolemy.moml.MoMLSimpleApplication@5fc436ce
----------------- Done invoking toplevel() on ptolemy.moml.MoMLSimpleApplication@5fc436ce
reloadAllAccessors: .Hysteresis

===========================================================================================
----------------- testing Tue Jun 02 14:31:31 UTC 2020 /home/travis/build/icyphy/ptII/ptolemy/domains/continuous/test/auto/HysteresisWithRandomDelay.xml
----------------- Instantiating /home/travis/build/icyphy/ptII/ptolemy/domains/continuous/test/auto/HysteresisWithRandomDelay.xml
169 ms. Memory: 272384K Free: 200047K (73%)
----------------- Invoking toplevel() on ptolemy.moml.MoMLSimpleApplication@270ac439
----------------- Done invoking toplevel() on ptolemy.moml.MoMLSimpleApplication@270ac439
reloadAllAccessors: .HysteresisWithRandomDelay

===========================================================================================
----------------- testing Tue Jun 02 14:31:31 UTC 2020 /home/travis/build/icyphy/ptII/ptolemy/domains/continuous/test/auto/HysteresisWithRandomLosses.xml
----------------- Instantiating /home/travis/build/icyphy/ptII/ptolemy/domains/continuous/test/auto/HysteresisWithRandomLosses.xml
2246 ms. Memory: 272384K Free: 124417K (46%)
----------------- Invoking toplevel() on ptolemy.moml.MoMLSimpleApplication@2583ee2a
----------------- Done invoking toplevel() on ptolemy.moml.MoMLSimpleApplication@2583ee2a
reloadAllAccessors: .HysteresisWithRandomLosses

===========================================================================================
----------------- testing Tue Jun 02 14:31:33 UTC 2020 /home/travis/build/icyphy/ptII/ptolemy/domains/continuous/test/auto/ImmediateTransitions.xml
----------------- Instantiating /home/travis/build/icyphy/ptII/ptolemy/domains/continuous/test/auto/ImmediateTransitions.xml
8 ms. Memory: 272384K Free: 113153K (42%)
----------------- Invoking toplevel() on ptolemy.moml.MoMLSimpleApplication@3bbec042
----------------- Done invoking toplevel() on ptolemy.moml.MoMLSimpleApplication@3bbec042
reloadAllAccessors: .ImmediateTransitions

===========================================================================================
----------------- testing Tue Jun 02 14:31:33 UTC 2020 /home/travis/build/icyphy/ptII/ptolemy/domains/continuous/test/auto/ImpulseFeedback.xml
----------------- Instantiating /home/travis/build/icyphy/ptII/ptolemy/domains/continuous/test/auto/ImpulseFeedback.xml
5 ms. Memory: 272384K Free: 107519K (39%)
----------------- Invoking toplevel() on ptolemy.moml.MoMLSimpleApplication@771a6db
----------------- Done invoking toplevel() on ptolemy.moml.MoMLSimpleApplication@771a6db
reloadAllAccessors: .ImpulseFeedback

===========================================================================================
----------------- testing Tue Jun 02 14:31:33 UTC 2020 /home/travis/build/icyphy/ptII/ptolemy/domains/continuous/test/auto/ImpulseFeedback2.xml
----------------- Instantiating /home/travis/build/icyphy/ptII/ptolemy/domains/continuous/test/auto/ImpulseFeedback2.xml
4 ms. Memory: 272384K Free: 101889K (37%)
----------------- Invoking toplevel() on ptolemy.moml.MoMLSimpleApplication@11880e86
----------------- Done invoking toplevel() on ptolemy.moml.MoMLSimpleApplication@11880e86
reloadAllAccessors: .ImpulseFeedback2

===========================================================================================
----------------- testing Tue Jun 02 14:31:33 UTC 2020 /home/travis/build/icyphy/ptII/ptolemy/domains/continuous/test/auto/IncreasingRatePoisson.xml
----------------- Instantiating /home/travis/build/icyphy/ptII/ptolemy/domains/continuous/test/auto/IncreasingRatePoisson.xml
644 ms. Memory: 272384K Free: 117221K (43%)
----------------- Invoking toplevel() on ptolemy.moml.MoMLSimpleApplication@5afccac7
----------------- Done invoking toplevel() on ptolemy.moml.MoMLSimpleApplication@5afccac7
reloadAllAccessors: .IncreasingRatePoisson

===========================================================================================
----------------- testing Tue Jun 02 14:31:34 UTC 2020 /home/travis/build/icyphy/ptII/ptolemy/domains/continuous/test/auto/InitialStateFeedback.xml
----------------- Instantiating /home/travis/build/icyphy/ptII/ptolemy/domains/continuous/test/auto/InitialStateFeedback.xml
3 ms. Memory: 272384K Free: 112645K (41%)
----------------- Invoking toplevel() on ptolemy.moml.MoMLSimpleApplication@56be398e
----------------- Done invoking toplevel() on ptolemy.moml.MoMLSimpleApplication@56be398e
reloadAllAccessors: .InitialStateFeedback

===========================================================================================
----------------- testing Tue Jun 02 14:31:34 UTC 2020 /home/travis/build/icyphy/ptII/ptolemy/domains/continuous/test/auto/Integration.xml
----------------- Instantiating /home/travis/build/icyphy/ptII/ptolemy/domains/continuous/test/auto/Integration.xml
2 ms. Memory: 272384K Free: 108549K (40%)
----------------- Invoking toplevel() on ptolemy.moml.MoMLSimpleApplication@4c56a0b9
----------------- Done invoking toplevel() on ptolemy.moml.MoMLSimpleApplication@4c56a0b9
reloadAllAccessors: .Integration

===========================================================================================
----------------- testing Tue Jun 02 14:31:34 UTC 2020 /home/travis/build/icyphy/ptII/ptolemy/domains/continuous/test/auto/Integration2.xml
----------------- Instantiating /home/travis/build/icyphy/ptII/ptolemy/domains/continuous/test/auto/Integration2.xml
79 ms. Memory: 272384K Free: 94213K (35%)
----------------- Invoking toplevel() on ptolemy.moml.MoMLSimpleApplication@fd555e2
----------------- Done invoking toplevel() on ptolemy.moml.MoMLSimpleApplication@fd555e2
reloadAllAccessors: .Integration2

===========================================================================================
----------------- testing Tue Jun 02 14:31:34 UTC 2020 /home/travis/build/icyphy/ptII/ptolemy/domains/continuous/test/auto/Integration3.xml
----------------- Instantiating /home/travis/build/icyphy/ptII/ptolemy/domains/continuous/test/auto/Integration3.xml
3 ms. Memory: 272384K Free: 251713K (92%)
----------------- Invoking toplevel() on ptolemy.moml.MoMLSimpleApplication@26bfcfea
----------------- Done invoking toplevel() on ptolemy.moml.MoMLSimpleApplication@26bfcfea
reloadAllAccessors: .Integration3

===========================================================================================
----------------- testing Tue Jun 02 14:31:34 UTC 2020 /home/travis/build/icyphy/ptII/ptolemy/domains/continuous/test/auto/Integration5.xml
----------------- Instantiating /home/travis/build/icyphy/ptII/ptolemy/domains/continuous/test/auto/Integration5.xml
2 ms. Memory: 272384K Free: 247617K (91%)
----------------- Invoking toplevel() on ptolemy.moml.MoMLSimpleApplication@37fc5389
----------------- Done invoking toplevel() on ptolemy.moml.MoMLSimpleApplication@37fc5389
reloadAllAccessors: .Integration5

===========================================================================================
----------------- testing Tue Jun 02 14:31:34 UTC 2020 /home/travis/build/icyphy/ptII/ptolemy/domains/continuous/test/auto/IntegratorImpulse.xml
----------------- Instantiating /home/travis/build/icyphy/ptII/ptolemy/domains/continuous/test/auto/IntegratorImpulse.xml
2 ms. Memory: 272384K Free: 243507K (89%)
----------------- Invoking toplevel() on ptolemy.moml.MoMLSimpleApplication@6382ca63
----------------- Done invoking toplevel() on ptolemy.moml.MoMLSimpleApplication@6382ca63
reloadAllAccessors: .IntegratorImpulse

===========================================================================================
----------------- testing Tue Jun 02 14:31:34 UTC 2020 /home/travis/build/icyphy/ptII/ptolemy/domains/continuous/test/auto/IntegratorImpulse2.xml
----------------- Instantiating /home/travis/build/icyphy/ptII/ptolemy/domains/continuous/test/auto/IntegratorImpulse2.xml
4 ms. Memory: 272384K Free: 238915K (88%)
----------------- Invoking toplevel() on ptolemy.moml.MoMLSimpleApplication@21733005
----------------- Done invoking toplevel() on ptolemy.moml.MoMLSimpleApplication@21733005
reloadAllAccessors: .IntegratorImpulse2

===========================================================================================
----------------- testing Tue Jun 02 14:31:34 UTC 2020 /home/travis/build/icyphy/ptII/ptolemy/domains/continuous/test/auto/LevelCrossing1.xml
----------------- Instantiating /home/travis/build/icyphy/ptII/ptolemy/domains/continuous/test/auto/LevelCrossing1.xml
2 ms. Memory: 272384K Free: 233795K (86%)
----------------- Invoking toplevel() on ptolemy.moml.MoMLSimpleApplication@5d27beb8
----------------- Done invoking toplevel() on ptolemy.moml.MoMLSimpleApplication@5d27beb8
reloadAllAccessors: .LevelCrossing1

===========================================================================================
----------------- testing Tue Jun 02 14:31:34 UTC 2020 /home/travis/build/icyphy/ptII/ptolemy/domains/continuous/test/auto/LevelCrossing2.xml
----------------- Instantiating /home/travis/build/icyphy/ptII/ptolemy/domains/continuous/test/auto/LevelCrossing2.xml
3 ms. Memory: 272384K Free: 228675K (84%)
----------------- Invoking toplevel() on ptolemy.moml.MoMLSimpleApplication@594bdd70
----------------- Done invoking toplevel() on ptolemy.moml.MoMLSimpleApplication@594bdd70
reloadAllAccessors: .LevelCrossing2

===========================================================================================
----------------- testing Tue Jun 02 14:31:34 UTC 2020 /home/travis/build/icyphy/ptII/ptolemy/domains/continuous/test/auto/LevelCrossing3.xml
----------------- Instantiating /home/travis/build/icyphy/ptII/ptolemy/domains/continuous/test/auto/LevelCrossing3.xml
5 ms. Memory: 272384K Free: 223555K (82%)
----------------- Invoking toplevel() on ptolemy.moml.MoMLSimpleApplication@22233a4f
----------------- Done invoking toplevel() on ptolemy.moml.MoMLSimpleApplication@22233a4f
reloadAllAccessors: .LevelCrossing3

===========================================================================================
----------------- testing Tue Jun 02 14:31:34 UTC 2020 /home/travis/build/icyphy/ptII/ptolemy/domains/continuous/test/auto/LevelCrossing4.xml
----------------- Instantiating /home/travis/build/icyphy/ptII/ptolemy/domains/continuous/test/auto/LevelCrossing4.xml
3 ms. Memory: 272384K Free: 218435K (80%)
----------------- Invoking toplevel() on ptolemy.moml.MoMLSimpleApplication@67056b3a
----------------- Done invoking toplevel() on ptolemy.moml.MoMLSimpleApplication@67056b3a
reloadAllAccessors: .LevelCrossing4

===========================================================================================
----------------- testing Tue Jun 02 14:31:34 UTC 2020 /home/travis/build/icyphy/ptII/ptolemy/domains/continuous/test/auto/LevelCrossing5.xml
----------------- Instantiating /home/travis/build/icyphy/ptII/ptolemy/domains/continuous/test/auto/LevelCrossing5.xml
2 ms. Memory: 272384K Free: 213315K (78%)
----------------- Invoking toplevel() on ptolemy.moml.MoMLSimpleApplication@6f917b67
----------------- Done invoking toplevel() on ptolemy.moml.MoMLSimpleApplication@6f917b67
reloadAllAccessors: .LevelCrossing5

===========================================================================================
[...]
reloadAllAccessors: .ResetTransitionWithStartTime6

===========================================================================================
----------------- testing Tue Jun 02 14:31:50 UTC 2020 /home/travis/build/icyphy/ptII/ptolemy/domains/continuous/test/auto/SRinContinuous.xml
----------------- Instantiating /home/travis/build/icyphy/ptII/ptolemy/domains/continuous/test/auto/SRinContinuous.xml
3 ms. Memory: 272384K Free: 152960K (56%)
----------------- Invoking toplevel() on ptolemy.moml.MoMLSimpleApplication@674b8778
----------------- Done invoking toplevel() on ptolemy.moml.MoMLSimpleApplication@674b8778
reloadAllAccessors: .SRinContinuous

===========================================================================================
----------------- testing Tue Jun 02 14:31:50 UTC 2020 /home/travis/build/icyphy/ptII/ptolemy/domains/continuous/test/auto/SampledClocks.xml
----------------- Instantiating /home/travis/build/icyphy/ptII/ptolemy/domains/continuous/test/auto/SampledClocks.xml
6 ms. Memory: 272384K Free: 140158K (51%)
----------------- Invoking toplevel() on ptolemy.moml.MoMLSimpleApplication@1880e2aa
----------------- Done invoking toplevel() on ptolemy.moml.MoMLSimpleApplication@1880e2aa
reloadAllAccessors: .SampledClocks

===========================================================================================
----------------- testing Tue Jun 02 14:31:50 UTC 2020 /home/travis/build/icyphy/ptII/ptolemy/domains/continuous/test/auto/Satellite.xml
----------------- Instantiating /home/travis/build/icyphy/ptII/ptolemy/domains/continuous/test/auto/Satellite.xml
870 ms. Memory: 272384K Free: 106514K (39%)
----------------- Invoking toplevel() on ptolemy.moml.MoMLSimpleApplication@10154b0c
----------------- Done invoking toplevel() on ptolemy.moml.MoMLSimpleApplication@10154b0c
reloadAllAccessors: .Satellite

===========================================================================================
----------------- testing Tue Jun 02 14:31:51 UTC 2020 /home/travis/build/icyphy/ptII/ptolemy/domains/continuous/test/auto/SigmaDelta.xml
----------------- Instantiating /home/travis/build/icyphy/ptII/ptolemy/domains/continuous/test/auto/SigmaDelta.xml
2012 ms. Memory: 272384K Free: 168998K (62%)
----------------- Invoking toplevel() on ptolemy.moml.MoMLSimpleApplication@7d77572b
----------------- Done invoking toplevel() on ptolemy.moml.MoMLSimpleApplication@7d77572b
reloadAllAccessors: .SigmaDelta

===========================================================================================
----------------- testing Tue Jun 02 14:31:53 UTC 2020 /home/travis/build/icyphy/ptII/ptolemy/domains/continuous/test/auto/SingleRefinement.xml
----------------- Instantiating /home/travis/build/icyphy/ptII/ptolemy/domains/continuous/test/auto/SingleRefinement.xml
276 ms. Memory: 272384K Free: 147146K (54%)
----------------- Invoking toplevel() on ptolemy.moml.MoMLSimpleApplication@608187cb
----------------- Done invoking toplevel() on ptolemy.moml.MoMLSimpleApplication@608187cb
reloadAllAccessors: .SingleRefinement

===========================================================================================
----------------- testing Tue Jun 02 14:31:53 UTC 2020 /home/travis/build/icyphy/ptII/ptolemy/domains/continuous/test/auto/SinuBouncingBall.xml
----------------- Instantiating /home/travis/build/icyphy/ptII/ptolemy/domains/continuous/test/auto/SinuBouncingBall.xml
697 ms. Memory: 272384K Free: 252688K (93%)
----------------- Invoking toplevel() on ptolemy.moml.MoMLSimpleApplication@46a524c
----------------- Done invoking toplevel() on ptolemy.moml.MoMLSimpleApplication@46a524c
reloadAllAccessors: .SinuBouncingBall

===========================================================================================
----------------- testing Tue Jun 02 14:31:54 UTC 2020 /home/travis/build/icyphy/ptII/ptolemy/domains/continuous/test/auto/Sinusoid.xml
----------------- Instantiating /home/travis/build/icyphy/ptII/ptolemy/domains/continuous/test/auto/Sinusoid.xml
4 ms. Memory: 272384K Free: 248096K (91%)
----------------- Invoking toplevel() on ptolemy.moml.MoMLSimpleApplication@5925798b
----------------- Done invoking toplevel() on ptolemy.moml.MoMLSimpleApplication@5925798b
reloadAllAccessors: .Sinusoid

===========================================================================================
----------------- testing Tue Jun 02 14:31:54 UTC 2020 /home/travis/build/icyphy/ptII/ptolemy/domains/continuous/test/auto/SinusoidInNoise.xml
----------------- Instantiating /home/travis/build/icyphy/ptII/ptolemy/domains/continuous/test/auto/SinusoidInNoise.xml
858 ms. Memory: 272384K Free: 116000K (43%)
----------------- Invoking toplevel() on ptolemy.moml.MoMLSimpleApplication@4189d03b
----------------- Done invoking toplevel() on ptolemy.moml.MoMLSimpleApplication@4189d03b
reloadAllAccessors: .SinusoidInNoise

===========================================================================================
----------------- testing Tue Jun 02 14:31:55 UTC 2020 /home/travis/build/icyphy/ptII/ptolemy/domains/continuous/test/auto/SinusoidRK45.xml
----------------- Instantiating /home/travis/build/icyphy/ptII/ptolemy/domains/continuous/test/auto/SinusoidRK45.xml
2 ms. Memory: 272384K Free: 111904K (41%)
----------------- Invoking toplevel() on ptolemy.moml.MoMLSimpleApplication@233622de
----------------- Done invoking toplevel() on ptolemy.moml.MoMLSimpleApplication@233622de
reloadAllAccessors: .SinusoidRK45

===========================================================================================
----------------- testing Tue Jun 02 14:31:55 UTC 2020 /home/travis/build/icyphy/ptII/ptolemy/domains/continuous/test/auto/SinusoidWithMultipleImpulses.xml
----------------- Instantiating /home/travis/build/icyphy/ptII/ptolemy/domains/continuous/test/auto/SinusoidWithMultipleImpulses.xml
4 ms. Memory: 272384K Free: 107294K (39%)
----------------- Invoking toplevel() on ptolemy.moml.MoMLSimpleApplication@73f9b5d2
----------------- Done invoking toplevel() on ptolemy.moml.MoMLSimpleApplication@73f9b5d2
reloadAllAccessors: .SinusoidWithMultipleImpulses

===========================================================================================
----------------- testing Tue Jun 02 14:31:55 UTC 2020 /home/travis/build/icyphy/ptII/ptolemy/domains/continuous/test/auto/SquareWave.xml
----------------- Instantiating /home/travis/build/icyphy/ptII/ptolemy/domains/continuous/test/auto/SquareWave.xml
145 ms. Memory: 272384K Free: 241590K (89%)
----------------- Invoking toplevel() on ptolemy.moml.MoMLSimpleApplication@9dc2977
----------------- Done invoking toplevel() on ptolemy.moml.MoMLSimpleApplication@9dc2977
reloadAllAccessors: .SquareWave

===========================================================================================
----------------- testing Tue Jun 02 14:31:55 UTC 2020 /home/travis/build/icyphy/ptII/ptolemy/domains/continuous/test/auto/Starmac.xml
----------------- Instantiating /home/travis/build/icyphy/ptII/ptolemy/domains/continuous/test/auto/Starmac.xml
3066 ms. Memory: 272384K Free: 245312K (90%)
----------------- Invoking toplevel() on ptolemy.moml.MoMLSimpleApplication@4691f42c
----------------- Done invoking toplevel() on ptolemy.moml.MoMLSimpleApplication@4691f42c
reloadAllAccessors: .Starmac

===========================================================================================
----------------- testing Tue Jun 02 14:31:59 UTC 2020 /home/travis/build/icyphy/ptII/ptolemy/domains/continuous/test/auto/StaticUnits.xml
----------------- Instantiating /home/travis/build/icyphy/ptII/ptolemy/domains/continuous/test/auto/StaticUnits.xml
1941 ms. Memory: 272384K Free: 103995K (38%)
----------------- Invoking toplevel() on ptolemy.moml.MoMLSimpleApplication@43cdc243
----------------- Done invoking toplevel() on ptolemy.moml.MoMLSimpleApplication@43cdc243
reloadAllAccessors: .StaticUnits

===========================================================================================
----------------- testing Tue Jun 02 14:32:01 UTC 2020 /home/travis/build/icyphy/ptII/ptolemy/domains/continuous/test/auto/StickyMasses.xml
----------------- Instantiating /home/travis/build/icyphy/ptII/ptolemy/domains/continuous/test/auto/StickyMasses.xml
129 ms. Memory: 272384K Free: 212011K (78%)
----------------- Invoking toplevel() on ptolemy.moml.MoMLSimpleApplication@2ceded29
----------------- Done invoking toplevel() on ptolemy.moml.MoMLSimpleApplication@2ceded29
reloadAllAccessors: .StickyMasses

===========================================================================================
----------------- testing Tue Jun 02 14:32:01 UTC 2020 /home/travis/build/icyphy/ptII/ptolemy/domains/continuous/test/auto/StopTime.xml
----------------- Instantiating /home/travis/build/icyphy/ptII/ptolemy/domains/continuous/test/auto/StopTime.xml
39 ms. Memory: 272384K Free: 187435K (69%)
----------------- Invoking toplevel() on ptolemy.moml.MoMLSimpleApplication@2a9f9d84
----------------- Done invoking toplevel() on ptolemy.moml.MoMLSimpleApplication@2a9f9d84
reloadAllAccessors: .StopTime

===========================================================================================
----------------- testing Tue Jun 02 14:32:01 UTC 2020 /home/travis/build/icyphy/ptII/ptolemy/domains/continuous/test/auto/StopTime2.xml
----------------- Instantiating /home/travis/build/icyphy/ptII/ptolemy/domains/continuous/test/auto/StopTime2.xml
33 ms. Memory: 272384K Free: 165410K (61%)
----------------- Invoking toplevel() on ptolemy.moml.MoMLSimpleApplication@37ab7a5a
----------------- Done invoking toplevel() on ptolemy.moml.MoMLSimpleApplication@37ab7a5a
reloadAllAccessors: .StopTime2

===========================================================================================
----------------- testing Tue Jun 02 14:32:01 UTC 2020 /home/travis/build/icyphy/ptII/ptolemy/domains/continuous/test/auto/Switch.xml
----------------- Instantiating /home/travis/build/icyphy/ptII/ptolemy/domains/continuous/test/auto/Switch.xml
36 ms. Memory: 272384K Free: 140331K (52%)
----------------- Invoking toplevel() on ptolemy.moml.MoMLSimpleApplication@477a3d10
----------------- Done invoking toplevel() on ptolemy.moml.MoMLSimpleApplication@477a3d10
reloadAllAccessors: .Switch

===========================================================================================
----------------- testing Tue Jun 02 14:32:01 UTC 2020 /home/travis/build/icyphy/ptII/ptolemy/domains/continuous/test/auto/Thermostat.xml
----------------- Instantiating /home/travis/build/icyphy/ptII/ptolemy/domains/continuous/test/auto/Thermostat.xml
201 ms. Memory: 327680K Free: 281626K (86%)
----------------- Invoking toplevel() on ptolemy.moml.MoMLSimpleApplication@4cb22a77
----------------- Done invoking toplevel() on ptolemy.moml.MoMLSimpleApplication@4cb22a77
reloadAllAccessors: .Thermostat

===========================================================================================
----------------- testing Tue Jun 02 14:32:02 UTC 2020 /home/travis/build/icyphy/ptII/ptolemy/domains/continuous/test/auto/TimeDelay.xml
----------------- Instantiating /home/travis/build/icyphy/ptII/ptolemy/domains/continuous/test/auto/TimeDelay.xml
6 ms. Memory: 327680K Free: 276514K (84%)
----------------- Invoking toplevel() on ptolemy.moml.MoMLSimpleApplication@38fc4a0d
----------------- Done invoking toplevel() on ptolemy.moml.MoMLSimpleApplication@38fc4a0d
reloadAllAccessors: .TimeDelay

===========================================================================================
----------------- testing Tue Jun 02 14:32:02 UTC 2020 /home/travis/build/icyphy/ptII/ptolemy/domains/continuous/test/auto/TimeDelay2.xml
----------------- Instantiating /home/travis/build/icyphy/ptII/ptolemy/domains/continuous/test/auto/TimeDelay2.xml
10 ms. Memory: 327680K Free: 266281K (81%)
----------------- Invoking toplevel() on ptolemy.moml.MoMLSimpleApplication@20f06dd
----------------- Done invoking toplevel() on ptolemy.moml.MoMLSimpleApplication@20f06dd
reloadAllAccessors: .TimeDelay2

===========================================================================================
----------------- testing Tue Jun 02 14:32:02 UTC 2020 /home/travis/build/icyphy/ptII/ptolemy/domains/continuous/test/auto/TimeDelay3.xml
----------------- Instantiating /home/travis/build/icyphy/ptII/ptolemy/domains/continuous/test/auto/TimeDelay3.xml
4 ms. Memory: 327680K Free: 261673K (80%)
----------------- Invoking toplevel() on ptolemy.moml.MoMLSimpleApplication@65eeb04e
----------------- Done invoking toplevel() on ptolemy.moml.MoMLSimpleApplication@65eeb04e
reloadAllAccessors: .TimeDelay3

===========================================================================================
----------------- testing Tue Jun 02 14:32:02 UTC 2020 /home/travis/build/icyphy/ptII/ptolemy/domains/continuous/test/auto/TransferAbsentToInside.xml
----------------- Instantiating /home/travis/build/icyphy/ptII/ptolemy/domains/continuous/test/auto/TransferAbsentToInside.xml
25 ms. Memory: 327680K Free: 209451K (64%)
----------------- Invoking toplevel() on ptolemy.moml.MoMLSimpleApplication@49faf0e8
----------------- Done invoking toplevel() on ptolemy.moml.MoMLSimpleApplication@49faf0e8
reloadAllAccessors: .TransferAbsentToInside

===========================================================================================
----------------- testing Tue Jun 02 14:32:02 UTC 2020 /home/travis/build/icyphy/ptII/ptolemy/domains/continuous/test/auto/Transmission.xml
----------------- Instantiating /home/travis/build/icyphy/ptII/ptolemy/domains/continuous/test/auto/Transmission.xml
752 ms. Memory: 327680K Free: 172572K (53%)
----------------- Invoking toplevel() on ptolemy.moml.MoMLSimpleApplication@610b7d00
----------------- Done invoking toplevel() on ptolemy.moml.MoMLSimpleApplication@610b7d00
reloadAllAccessors: .Transmission

===========================================================================================
----------------- testing Tue Jun 02 14:32:03 UTC 2020 /home/travis/build/icyphy/ptII/ptolemy/domains/continuous/test/auto/TriggeredContinuousClock.xml
----------------- Instantiating /home/travis/build/icyphy/ptII/ptolemy/domains/continuous/test/auto/TriggeredContinuousClock.xml
36 ms. Memory: 327680K Free: 143372K (44%)
----------------- Invoking toplevel() on ptolemy.moml.MoMLSimpleApplication@3f96333a
----------------- Done invoking toplevel() on ptolemy.moml.MoMLSimpleApplication@3f96333a
reloadAllAccessors: .TriggeredContinuousClock

===========================================================================================
----------------- testing Tue Jun 02 14:32:03 UTC 2020 /home/travis/build/icyphy/ptII/ptolemy/domains/continuous/test/auto/TwoMachineInfiniteBusControl.xml
----------------- Instantiating /home/travis/build/icyphy/ptII/ptolemy/domains/continuous/test/auto/TwoMachineInfiniteBusControl.xml
2808 ms. Memory: 393216K Free: 207860K (53%)
----------------- Invoking toplevel() on ptolemy.moml.MoMLSimpleApplication@159bce21
----------------- Done invoking toplevel() on ptolemy.moml.MoMLSimpleApplication@159bce21
reloadAllAccessors: .TwoMachineInfiniteBusControl

===========================================================================================
----------------- testing Tue Jun 02 14:32:06 UTC 2020 /home/travis/build/icyphy/ptII/ptolemy/domains/continuous/test/auto/V2V.xml
----------------- Instantiating /home/travis/build/icyphy/ptII/ptolemy/domains/continuous/test/auto/V2V.xml
737 ms. Memory: 393216K Free: 252398K (64%)
----------------- Invoking toplevel() on ptolemy.moml.MoMLSimpleApplication@6bb079f6
----------------- Done invoking toplevel() on ptolemy.moml.MoMLSimpleApplication@6bb079f6
reloadAllAccessors: .V2V

===========================================================================================
----------------- testing Tue Jun 02 14:32:06 UTC 2020 /home/travis/build/icyphy/ptII/ptolemy/domains/continuous/test/auto/hierarchicalModalModel.xml
----------------- Instantiating /home/travis/build/icyphy/ptII/ptolemy/domains/continuous/test/auto/hierarchicalModalModel.xml
7 ms. Memory: 393216K Free: 237552K (60%)
----------------- Invoking toplevel() on ptolemy.moml.MoMLSimpleApplication@2cb2e8e
----------------- Done invoking toplevel() on ptolemy.moml.MoMLSimpleApplication@2cb2e8e
reloadAllAccessors: .hierarchicalModalModel

===========================================================================================
----------------- testing Tue Jun 02 14:32:06 UTC 2020 /home/travis/build/icyphy/ptII/ptolemy/domains/continuous/test/auto/hierarchicalModalModel1.xml
----------------- Instantiating /home/travis/build/icyphy/ptII/ptolemy/domains/continuous/test/auto/hierarchicalModalModel1.xml
7 ms. Memory: 393216K Free: 223216K (57%)
----------------- Invoking toplevel() on ptolemy.moml.MoMLSimpleApplication@43b6dc42
----------------- Done invoking toplevel() on ptolemy.moml.MoMLSimpleApplication@43b6dc42
reloadAllAccessors: .hierarchicalModalModel1

===========================================================================================
----------------- testing Tue Jun 02 14:32:06 UTC 2020 /home/travis/build/icyphy/ptII/ptolemy/domains/continuous/test/auto/hierarchicalModalModel2.xml
----------------- Instantiating /home/travis/build/icyphy/ptII/ptolemy/domains/continuous/test/auto/hierarchicalModalModel2.xml
5 ms. Memory: 393216K Free: 210928K (54%)
----------------- Invoking toplevel() on ptolemy.moml.MoMLSimpleApplication@2970afbf
----------------- Done invoking toplevel() on ptolemy.moml.MoMLSimpleApplication@2970afbf
reloadAllAccessors: .hierarchicalModalModel2

===========================================================================================
----------------- testing Tue Jun 02 14:32:06 UTC 2020 /home/travis/build/icyphy/ptII/ptolemy/domains/continuous/test/auto/hierarchicalModalModel3.xml
----------------- Instantiating /home/travis/build/icyphy/ptII/ptolemy/domains/continuous/test/auto/hierarchicalModalModel3.xml
5 ms. Memory: 393216K Free: 200174K (51%)
----------------- Invoking toplevel() on ptolemy.moml.MoMLSimpleApplication@38c908b2
----------------- Done invoking toplevel() on ptolemy.moml.MoMLSimpleApplication@38c908b2
reloadAllAccessors: .hierarchicalModalModel3

===========================================================================================
----------------- testing Tue Jun 02 14:32:06 UTC 2020 /home/travis/build/icyphy/ptII/ptolemy/domains/continuous/test/auto/hierarchicalModalModel4.xml
----------------- Instantiating /home/travis/build/icyphy/ptII/ptolemy/domains/continuous/test/auto/hierarchicalModalModel4.xml
4 ms. Memory: 393216K Free: 188400K (48%)
----------------- Invoking toplevel() on ptolemy.moml.MoMLSimpleApplication@6084fed4
----------------- Done invoking toplevel() on ptolemy.moml.MoMLSimpleApplication@6084fed4
reloadAllAccessors: .hierarchicalModalModel4

===========================================================================================
----------------- testing Tue Jun 02 14:32:06 UTC 2020 /home/travis/build/icyphy/ptII/ptolemy/domains/continuous/test/auto/junk.xml
----------------- Instantiating /home/travis/build/icyphy/ptII/ptolemy/domains/continuous/test/auto/junk.xml
114 ms. Memory: 393216K Free: 163824K (42%)
----------------- Invoking toplevel() on ptolemy.moml.MoMLSimpleApplication@2e4616ac
----------------- Done invoking toplevel() on ptolemy.moml.MoMLSimpleApplication@2e4616ac
reloadAllAccessors: .junk
AutoTests.java: About to close Vertx.
AutoTests.java: Vertx closed.
]]></system-out>
  <system-err><![CDATA[Warning: '.HysteresisWithRandomDelay.NonStrictTest3' The test produced only 23 tokens, yet the correctValues parameter was expecting 30 tokens.
Warning: '.Poisson.NonStrictTest' The test produced only 411 tokens, yet the correctValues parameter was expecting 430 tokens.
]]></system-err>
</testsuite>
