<?xml version="1.0" encoding="UTF-8" ?>
<testsuite errors="0" failures="0" hostname="travis-job-dd1375fc-d232-44b1-98f8-3b12592b9204" name="ptolemy.domains.continuous.test.junit.JUnitTclTest" skipped="0" tests="156" time="74.115" timestamp="2018-10-15T02:32:19">
  <properties>
[...]
</properties>
  <testcase classname="ptolemy.util.test.junit.TclTests" name="[0] ThereAreNoTclTests (RunTclFile)" time="0.002" />
  <testcase classname="ptolemy.util.test.junit.AutoKnownFailedTests" name="[0] ThereAreNoKnowFailedTests (RunModel)" time="0.001" />
  <testcase classname="ptolemy.util.test.junit.AutoNameArchTests" name="[0] ThereAreNoAutoArchTests (RunModel)" time="0.0" />
  <testcase classname="ptolemy.util.test.junit.AutoTests" name="[0] /home/travis/build/icyphy/ptII/ptolemy/domains/continuous/test/auto/BouncingBall.xml (RunModel)" time="2.731" />
  <testcase classname="ptolemy.util.test.junit.AutoTests" name="[1] /home/travis/build/icyphy/ptII/ptolemy/domains/continuous/test/auto/BouncingBallWithoutGR.xml (RunModel)" time="0.965" />
  <testcase classname="ptolemy.util.test.junit.AutoTests" name="[2] /home/travis/build/icyphy/ptII/ptolemy/domains/continuous/test/auto/Brownian.xml (RunModel)" time="0.112" />
  <testcase classname="ptolemy.util.test.junit.AutoTests" name="[3] /home/travis/build/icyphy/ptII/ptolemy/domains/continuous/test/auto/CarTracking.xml (RunModel)" time="3.864" />
  <testcase classname="ptolemy.util.test.junit.AutoTests" name="[4] /home/travis/build/icyphy/ptII/ptolemy/domains/continuous/test/auto/CartPendulum.xml (RunModel)" time="0.537" />
  <testcase classname="ptolemy.util.test.junit.AutoTests" name="[5] /home/travis/build/icyphy/ptII/ptolemy/domains/continuous/test/auto/CausalityInterface10.xml (RunModel)" time="0.042" />
  <testcase classname="ptolemy.util.test.junit.AutoTests" name="[6] /home/travis/build/icyphy/ptII/ptolemy/domains/continuous/test/auto/CausalityInterface11.xml (RunModel)" time="0.045" />
  <testcase classname="ptolemy.util.test.junit.AutoTests" name="[7] /home/travis/build/icyphy/ptII/ptolemy/domains/continuous/test/auto/CausalityInterface12.xml (RunModel)" time="0.04" />
  <testcase classname="ptolemy.util.test.junit.AutoTests" name="[8] /home/travis/build/icyphy/ptII/ptolemy/domains/continuous/test/auto/CausalityInterface13.xml (RunModel)" time="0.042" />
  <testcase classname="ptolemy.util.test.junit.AutoTests" name="[9] /home/travis/build/icyphy/ptII/ptolemy/domains/continuous/test/auto/CausalityInterface14.xml (RunModel)" time="0.026" />
  <testcase classname="ptolemy.util.test.junit.AutoTests" name="[10] /home/travis/build/icyphy/ptII/ptolemy/domains/continuous/test/auto/CausalityInterface4.xml (RunModel)" time="0.043" />
  <testcase classname="ptolemy.util.test.junit.AutoTests" name="[11] /home/travis/build/icyphy/ptII/ptolemy/domains/continuous/test/auto/CausalityInterface5.xml (RunModel)" time="0.051" />
  <testcase classname="ptolemy.util.test.junit.AutoTests" name="[12] /home/travis/build/icyphy/ptII/ptolemy/domains/continuous/test/auto/CausalityInterface6.xml (RunModel)" time="0.032" />
  <testcase classname="ptolemy.util.test.junit.AutoTests" name="[13] /home/travis/build/icyphy/ptII/ptolemy/domains/continuous/test/auto/CausalityInterface7.xml (RunModel)" time="0.058" />
  <testcase classname="ptolemy.util.test.junit.AutoTests" name="[14] /home/travis/build/icyphy/ptII/ptolemy/domains/continuous/test/auto/CausalityInterface8.xml (RunModel)" time="0.046" />
  <testcase classname="ptolemy.util.test.junit.AutoTests" name="[15] /home/travis/build/icyphy/ptII/ptolemy/domains/continuous/test/auto/CausalityInterface9.xml (RunModel)" time="0.052" />
  <testcase classname="ptolemy.util.test.junit.AutoTests" name="[16] /home/travis/build/icyphy/ptII/ptolemy/domains/continuous/test/auto/CausalityInterfaceFeedback1.xml (RunModel)" time="0.034" />
  <testcase classname="ptolemy.util.test.junit.AutoTests" name="[17] /home/travis/build/icyphy/ptII/ptolemy/domains/continuous/test/auto/CausalityInterfaceFeedback2.xml (RunModel)" time="0.032" />
  <testcase classname="ptolemy.util.test.junit.AutoTests" name="[18] /home/travis/build/icyphy/ptII/ptolemy/domains/continuous/test/auto/CompareWithCurrentTime.xml (RunModel)" time="0.027" />
  <testcase classname="ptolemy.util.test.junit.AutoTests" name="[19] /home/travis/build/icyphy/ptII/ptolemy/domains/continuous/test/auto/ComparedClocks.xml (RunModel)" time="0.089" />
  <testcase classname="ptolemy.util.test.junit.AutoTests" name="[20] /home/travis/build/icyphy/ptII/ptolemy/domains/continuous/test/auto/ContinuousAOCClone.xml (RunModel)" time="2.876" />
  <testcase classname="ptolemy.util.test.junit.AutoTests" name="[21] /home/travis/build/icyphy/ptII/ptolemy/domains/continuous/test/auto/ContinuousClock.xml (RunModel)" time="0.113" />
  <testcase classname="ptolemy.util.test.junit.AutoTests" name="[22] /home/travis/build/icyphy/ptII/ptolemy/domains/continuous/test/auto/ContinuousInContinuous.xml (RunModel)" time="0.081" />
  <testcase classname="ptolemy.util.test.junit.AutoTests" name="[23] /home/travis/build/icyphy/ptII/ptolemy/domains/continuous/test/auto/ContinuousInContinuousInContinuous.xml (RunModel)" time="0.03" />
  <testcase classname="ptolemy.util.test.junit.AutoTests" name="[24] /home/travis/build/icyphy/ptII/ptolemy/domains/continuous/test/auto/ContinuousInDE.xml (RunModel)" time="0.128" />
  <testcase classname="ptolemy.util.test.junit.AutoTests" name="[25] /home/travis/build/icyphy/ptII/ptolemy/domains/continuous/test/auto/ContinuousInDE2.xml (RunModel)" time="0.074" />
  <testcase classname="ptolemy.util.test.junit.AutoTests" name="[26] /home/travis/build/icyphy/ptII/ptolemy/domains/continuous/test/auto/ContinuousInDE3.xml (RunModel)" time="0.06" />
  <testcase classname="ptolemy.util.test.junit.AutoTests" name="[27] /home/travis/build/icyphy/ptII/ptolemy/domains/continuous/test/auto/ContinuousInDE4.xml (RunModel)" time="0.027" />
  <testcase classname="ptolemy.util.test.junit.AutoTests" name="[28] /home/travis/build/icyphy/ptII/ptolemy/domains/continuous/test/auto/ContinuousInDEDifferentRefinements.xml (RunModel)" time="0.119" />
  <testcase classname="ptolemy.util.test.junit.AutoTests" name="[29] /home/travis/build/icyphy/ptII/ptolemy/domains/continuous/test/auto/ContinuousInDEDifferentRefinementsPreemptive.xml (RunModel)" time="0.095" />
  <testcase classname="ptolemy.util.test.junit.AutoTests" name="[30] /home/travis/build/icyphy/ptII/ptolemy/domains/continuous/test/auto/ContinuousInDEInContinuous2.xml (RunModel)" time="0.062" />
  <testcase classname="ptolemy.util.test.junit.AutoTests" name="[31] /home/travis/build/icyphy/ptII/ptolemy/domains/continuous/test/auto/ContinuousInDEInContinuous3.xml (RunModel)" time="0.105" />
  <testcase classname="ptolemy.util.test.junit.AutoTests" name="[32] /home/travis/build/icyphy/ptII/ptolemy/domains/continuous/test/auto/ContinuousInDEInput.xml (RunModel)" time="0.051" />
  <testcase classname="ptolemy.util.test.junit.AutoTests" name="[33] /home/travis/build/icyphy/ptII/ptolemy/domains/continuous/test/auto/ContinuousInDEInput2.xml (RunModel)" time="0.038" />
  <testcase classname="ptolemy.util.test.junit.AutoTests" name="[34] /home/travis/build/icyphy/ptII/ptolemy/domains/continuous/test/auto/ContinuousInDEInput3.xml (RunModel)" time="0.037" />
  <testcase classname="ptolemy.util.test.junit.AutoTests" name="[35] /home/travis/build/icyphy/ptII/ptolemy/domains/continuous/test/auto/ContinuousInDESharingRefinement.xml (RunModel)" time="0.163" />
  <testcase classname="ptolemy.util.test.junit.AutoTests" name="[36] /home/travis/build/icyphy/ptII/ptolemy/domains/continuous/test/auto/ContinuousInDEwithNoPorts.xml (RunModel)" time="0.022" />
  <testcase classname="ptolemy.util.test.junit.AutoTests" name="[37] /home/travis/build/icyphy/ptII/ptolemy/domains/continuous/test/auto/ContinuousInsideDE.xml (RunModel)" time="0.085" />
  <testcase classname="ptolemy.util.test.junit.AutoTests" name="[38] /home/travis/build/icyphy/ptII/ptolemy/domains/continuous/test/auto/ContinuousMerge1.xml (RunModel)" time="0.017" />
  <testcase classname="ptolemy.util.test.junit.AutoTests" name="[39] /home/travis/build/icyphy/ptII/ptolemy/domains/continuous/test/auto/ContinuousMerge2.xml (RunModel)" time="0.045" />
  <testcase classname="ptolemy.util.test.junit.AutoTests" name="[40] /home/travis/build/icyphy/ptII/ptolemy/domains/continuous/test/auto/ContinuousMerge3.xml (RunModel)" time="0.075" />
  <testcase classname="ptolemy.util.test.junit.AutoTests" name="[41] /home/travis/build/icyphy/ptII/ptolemy/domains/continuous/test/auto/ContinuousWithinContinuous.xml (RunModel)" time="0.062" />
  <testcase classname="ptolemy.util.test.junit.AutoTests" name="[42] /home/travis/build/icyphy/ptII/ptolemy/domains/continuous/test/auto/ContinuousWithinContinuous2.xml (RunModel)" time="0.096" />
  <testcase classname="ptolemy.util.test.junit.AutoTests" name="[43] /home/travis/build/icyphy/ptII/ptolemy/domains/continuous/test/auto/ContinuousWithinContinuous3.xml (RunModel)" time="0.034" />
  <testcase classname="ptolemy.util.test.junit.AutoTests" name="[44] /home/travis/build/icyphy/ptII/ptolemy/domains/continuous/test/auto/ContinuousWithinContinuous4.xml (RunModel)" time="0.086" />
  <testcase classname="ptolemy.util.test.junit.AutoTests" name="[45] /home/travis/build/icyphy/ptII/ptolemy/domains/continuous/test/auto/ContinuousWithinContinuous5.xml (RunModel)" time="0.03" />
  <testcase classname="ptolemy.util.test.junit.AutoTests" name="[46] /home/travis/build/icyphy/ptII/ptolemy/domains/continuous/test/auto/ContinuousWithinContinuous6.xml (RunModel)" time="0.028" />
  <testcase classname="ptolemy.util.test.junit.AutoTests" name="[47] /home/travis/build/icyphy/ptII/ptolemy/domains/continuous/test/auto/ContinuousWithinContinuous7.xml (RunModel)" time="0.08" />
  <testcase classname="ptolemy.util.test.junit.AutoTests" name="[48] /home/travis/build/icyphy/ptII/ptolemy/domains/continuous/test/auto/DCMotor.xml (RunModel)" time="14.603" />
  <testcase classname="ptolemy.util.test.junit.AutoTests" name="[49] /home/travis/build/icyphy/ptII/ptolemy/domains/continuous/test/auto/DEInContinuous.xml (RunModel)" time="0.047" />
  <testcase classname="ptolemy.util.test.junit.AutoTests" name="[50] /home/travis/build/icyphy/ptII/ptolemy/domains/continuous/test/auto/DEinContinuous2.xml (RunModel)" time="0.034" />
  <testcase classname="ptolemy.util.test.junit.AutoTests" name="[51] /home/travis/build/icyphy/ptII/ptolemy/domains/continuous/test/auto/Derivative.xml (RunModel)" time="0.209" />
  <testcase classname="ptolemy.util.test.junit.AutoTests" name="[52] /home/travis/build/icyphy/ptII/ptolemy/domains/continuous/test/auto/Derivative1.xml (RunModel)" time="0.05" />
  <testcase classname="ptolemy.util.test.junit.AutoTests" name="[53] /home/travis/build/icyphy/ptII/ptolemy/domains/continuous/test/auto/DiscreteClock.xml (RunModel)" time="0.019" />
  <testcase classname="ptolemy.util.test.junit.AutoTests" name="[54] /home/travis/build/icyphy/ptII/ptolemy/domains/continuous/test/auto/EfficiencyCurve.xml (RunModel)" time="0.094" />
  <testcase classname="ptolemy.util.test.junit.AutoTests" name="[55] /home/travis/build/icyphy/ptII/ptolemy/domains/continuous/test/auto/ExponentialResponse.xml (RunModel)" time="0.133" />
  <testcase classname="ptolemy.util.test.junit.AutoTests" name="[56] /home/travis/build/icyphy/ptII/ptolemy/domains/continuous/test/auto/ExponentialResponseRK45.xml (RunModel)" time="0.038" />
  <testcase classname="ptolemy.util.test.junit.AutoTests" name="[57] /home/travis/build/icyphy/ptII/ptolemy/domains/continuous/test/auto/Friction.xml (RunModel)" time="1.386" />
  <testcase classname="ptolemy.util.test.junit.AutoTests" name="[58] /home/travis/build/icyphy/ptII/ptolemy/domains/continuous/test/auto/FurutaPendulum.xml (RunModel)" time="3.452" />
  <testcase classname="ptolemy.util.test.junit.AutoTests" name="[59] /home/travis/build/icyphy/ptII/ptolemy/domains/continuous/test/auto/HierarchicalExecution.xml (RunModel)" time="1.974" />
  <testcase classname="ptolemy.util.test.junit.AutoTests" name="[60] /home/travis/build/icyphy/ptII/ptolemy/domains/continuous/test/auto/HybridPlant.xml (RunModel)" time="0.52" />
  <testcase classname="ptolemy.util.test.junit.AutoTests" name="[61] /home/travis/build/icyphy/ptII/ptolemy/domains/continuous/test/auto/Hysteresis.xml (RunModel)" time="0.174" />
  <testcase classname="ptolemy.util.test.junit.AutoTests" name="[62] /home/travis/build/icyphy/ptII/ptolemy/domains/continuous/test/auto/HysteresisWithRandomDelay.xml (RunModel)" time="0.216" />
  <testcase classname="ptolemy.util.test.junit.AutoTests" name="[63] /home/travis/build/icyphy/ptII/ptolemy/domains/continuous/test/auto/HysteresisWithRandomLosses.xml (RunModel)" time="2.215" />
  <testcase classname="ptolemy.util.test.junit.AutoTests" name="[64] /home/travis/build/icyphy/ptII/ptolemy/domains/continuous/test/auto/ImmediateTransitions.xml (RunModel)" time="0.049" />
  <testcase classname="ptolemy.util.test.junit.AutoTests" name="[65] /home/travis/build/icyphy/ptII/ptolemy/domains/continuous/test/auto/ImpulseFeedback.xml (RunModel)" time="0.036" />
  <testcase classname="ptolemy.util.test.junit.AutoTests" name="[66] /home/travis/build/icyphy/ptII/ptolemy/domains/continuous/test/auto/ImpulseFeedback2.xml (RunModel)" time="0.02" />
  <testcase classname="ptolemy.util.test.junit.AutoTests" name="[67] /home/travis/build/icyphy/ptII/ptolemy/domains/continuous/test/auto/IncreasingRatePoisson.xml (RunModel)" time="0.701" />
  <testcase classname="ptolemy.util.test.junit.AutoTests" name="[68] /home/travis/build/icyphy/ptII/ptolemy/domains/continuous/test/auto/InitialStateFeedback.xml (RunModel)" time="0.018" />
  <testcase classname="ptolemy.util.test.junit.AutoTests" name="[69] /home/travis/build/icyphy/ptII/ptolemy/domains/continuous/test/auto/Integration.xml (RunModel)" time="0.014" />
  <testcase classname="ptolemy.util.test.junit.AutoTests" name="[70] /home/travis/build/icyphy/ptII/ptolemy/domains/continuous/test/auto/Integration2.xml (RunModel)" time="0.096" />
  <testcase classname="ptolemy.util.test.junit.AutoTests" name="[71] /home/travis/build/icyphy/ptII/ptolemy/domains/continuous/test/auto/Integration3.xml (RunModel)" time="0.015" />
  <testcase classname="ptolemy.util.test.junit.AutoTests" name="[72] /home/travis/build/icyphy/ptII/ptolemy/domains/continuous/test/auto/Integration5.xml (RunModel)" time="0.024" />
  <testcase classname="ptolemy.util.test.junit.AutoTests" name="[73] /home/travis/build/icyphy/ptII/ptolemy/domains/continuous/test/auto/IntegratorImpulse.xml (RunModel)" time="0.012" />
  <testcase classname="ptolemy.util.test.junit.AutoTests" name="[74] /home/travis/build/icyphy/ptII/ptolemy/domains/continuous/test/auto/IntegratorImpulse2.xml (RunModel)" time="0.013" />
  <testcase classname="ptolemy.util.test.junit.AutoTests" name="[75] /home/travis/build/icyphy/ptII/ptolemy/domains/continuous/test/auto/LevelCrossing1.xml (RunModel)" time="0.012" />
  <testcase classname="ptolemy.util.test.junit.AutoTests" name="[76] /home/travis/build/icyphy/ptII/ptolemy/domains/continuous/test/auto/LevelCrossing2.xml (RunModel)" time="0.013" />
  <testcase classname="ptolemy.util.test.junit.AutoTests" name="[77] /home/travis/build/icyphy/ptII/ptolemy/domains/continuous/test/auto/LevelCrossing3.xml (RunModel)" time="0.012" />
  <testcase classname="ptolemy.util.test.junit.AutoTests" name="[78] /home/travis/build/icyphy/ptII/ptolemy/domains/continuous/test/auto/LevelCrossing4.xml (RunModel)" time="0.028" />
  <testcase classname="ptolemy.util.test.junit.AutoTests" name="[79] /home/travis/build/icyphy/ptII/ptolemy/domains/continuous/test/auto/LevelCrossing5.xml (RunModel)" time="0.011" />
  <testcase classname="ptolemy.util.test.junit.AutoTests" name="[80] /home/travis/build/icyphy/ptII/ptolemy/domains/continuous/test/auto/LevelCrossing6.xml (RunModel)" time="0.014" />
  <testcase classname="ptolemy.util.test.junit.AutoTests" name="[81] /home/travis/build/icyphy/ptII/ptolemy/domains/continuous/test/auto/LevelCrossingDetector.xml (RunModel)" time="0.064" />
  <testcase classname="ptolemy.util.test.junit.AutoTests" name="[82] /home/travis/build/icyphy/ptII/ptolemy/domains/continuous/test/auto/LevelCrossingDetectorDetectingDirections.xml (RunModel)" time="0.084" />
  <testcase classname="ptolemy.util.test.junit.AutoTests" name="[83] /home/travis/build/icyphy/ptII/ptolemy/domains/continuous/test/auto/LevelCrossingDetectorDetectsGlitches.xml (RunModel)" time="0.066" />
  <testcase classname="ptolemy.util.test.junit.AutoTests" name="[84] /home/travis/build/icyphy/ptII/ptolemy/domains/continuous/test/auto/LevelCrossingNoInitialOuput.xml (RunModel)" time="0.012" />
  <testcase classname="ptolemy.util.test.junit.AutoTests" name="[85] /home/travis/build/icyphy/ptII/ptolemy/domains/continuous/test/auto/LinearStateSpaceExample.xml (RunModel)" time="0.052" />
  <testcase classname="ptolemy.util.test.junit.AutoTests" name="[86] /home/travis/build/icyphy/ptII/ptolemy/domains/continuous/test/auto/Lorenz.xml (RunModel)" time="4.21" />
  <testcase classname="ptolemy.util.test.junit.AutoTests" name="[87] /home/travis/build/icyphy/ptII/ptolemy/domains/continuous/test/auto/LorenzDifferentialSystem.xml (RunModel)" time="1.141" />
  <testcase classname="ptolemy.util.test.junit.AutoTests" name="[88] /home/travis/build/icyphy/ptII/ptolemy/domains/continuous/test/auto/LorenzDifferentialSystemWithInput.xml (RunModel)" time="1.364" />
  <testcase classname="ptolemy.util.test.junit.AutoTests" name="[89] /home/travis/build/icyphy/ptII/ptolemy/domains/continuous/test/auto/LorenzDifferentialSystemWithTime.xml (RunModel)" time="0.753" />
  <testcase classname="ptolemy.util.test.junit.AutoTests" name="[90] /home/travis/build/icyphy/ptII/ptolemy/domains/continuous/test/auto/Microsteps.xml (RunModel)" time="0.021" />
  <testcase classname="ptolemy.util.test.junit.AutoTests" name="[91] /home/travis/build/icyphy/ptII/ptolemy/domains/continuous/test/auto/Modal1.xml (RunModel)" time="0.047" />
  <testcase classname="ptolemy.util.test.junit.AutoTests" name="[92] /home/travis/build/icyphy/ptII/ptolemy/domains/continuous/test/auto/Modal2.xml (RunModel)" time="0.037" />
  <testcase classname="ptolemy.util.test.junit.AutoTests" name="[93] /home/travis/build/icyphy/ptII/ptolemy/domains/continuous/test/auto/ModalTransitionGuardWithReset.xml (RunModel)" time="0.022" />
  <testcase classname="ptolemy.util.test.junit.AutoTests" name="[94] /home/travis/build/icyphy/ptII/ptolemy/domains/continuous/test/auto/ModalTransitionGuardWithResetUsingPreemptiveTransition.xml (RunModel)" time="0.025" />
  <testcase classname="ptolemy.util.test.junit.AutoTests" name="[95] /home/travis/build/icyphy/ptII/ptolemy/domains/continuous/test/auto/ModalTransitionGuardWithResetUsingPreemptiveTransition2.xml (RunModel)" time="0.026" />
  <testcase classname="ptolemy.util.test.junit.AutoTests" name="[96] /home/travis/build/icyphy/ptII/ptolemy/domains/continuous/test/auto/ModalTransitionGuardWithResetUsingPreemptiveTransition3.xml (RunModel)" time="0.03" />
  <testcase classname="ptolemy.util.test.junit.AutoTests" name="[97] /home/travis/build/icyphy/ptII/ptolemy/domains/continuous/test/auto/NewtonsCradle.xml (RunModel)" time="0.773" />
  <testcase classname="ptolemy.util.test.junit.AutoTests" name="[98] /home/travis/build/icyphy/ptII/ptolemy/domains/continuous/test/auto/NewtonsCradleAnimated.xml (RunModel)" time="1.09" />
  <testcase classname="ptolemy.util.test.junit.AutoTests" name="[99] /home/travis/build/icyphy/ptII/ptolemy/domains/continuous/test/auto/NewtonsCradleComplicated.xml (RunModel)" time="0.895" />
  <testcase classname="ptolemy.util.test.junit.AutoTests" name="[100] /home/travis/build/icyphy/ptII/ptolemy/domains/continuous/test/auto/NewtonsCradleNondeterministic.xml (RunModel)" time="0.648" />
  <testcase classname="ptolemy.util.test.junit.AutoTests" name="[101] /home/travis/build/icyphy/ptII/ptolemy/domains/continuous/test/auto/NewtonsCradlePerfectlyInelastic1.xml (RunModel)" time="1.123" />
  <testcase classname="ptolemy.util.test.junit.AutoTests" name="[102] /home/travis/build/icyphy/ptII/ptolemy/domains/continuous/test/auto/Noise.xml (RunModel)" time="0.178" />
  <testcase classname="ptolemy.util.test.junit.AutoTests" name="[103] /home/travis/build/icyphy/ptII/ptolemy/domains/continuous/test/auto/NoiseSpectrum.xml (RunModel)" time="0.752" />
  <testcase classname="ptolemy.util.test.junit.AutoTests" name="[104] /home/travis/build/icyphy/ptII/ptolemy/domains/continuous/test/auto/ParameterizedNewtonsCradleAnimated.xml (RunModel)" time="0.375" />
  <testcase classname="ptolemy.util.test.junit.AutoTests" name="[105] /home/travis/build/icyphy/ptII/ptolemy/domains/continuous/test/auto/ParameterizedNewtonsCradleAnimatedNondeterministic.xml (RunModel)" time="1.128" />
  <testcase classname="ptolemy.util.test.junit.AutoTests" name="[106] /home/travis/build/icyphy/ptII/ptolemy/domains/continuous/test/auto/Pendulum3D.xml (RunModel)" time="0.182" />
  <testcase classname="ptolemy.util.test.junit.AutoTests" name="[107] /home/travis/build/icyphy/ptII/ptolemy/domains/continuous/test/auto/PeriodicSampler.xml (RunModel)" time="0.011" />
  <testcase classname="ptolemy.util.test.junit.AutoTests" name="[108] /home/travis/build/icyphy/ptII/ptolemy/domains/continuous/test/auto/PeriodicSampler1.xml (RunModel)" time="0.046" />
  <testcase classname="ptolemy.util.test.junit.AutoTests" name="[109] /home/travis/build/icyphy/ptII/ptolemy/domains/continuous/test/auto/PeriodicSampler2.xml (RunModel)" time="0.066" />
  <testcase classname="ptolemy.util.test.junit.AutoTests" name="[110] /home/travis/build/icyphy/ptII/ptolemy/domains/continuous/test/auto/Poisson.xml (RunModel)" time="0.444" />
  <testcase classname="ptolemy.util.test.junit.AutoTests" name="[111] /home/travis/build/icyphy/ptII/ptolemy/domains/continuous/test/auto/PoissonClock.xml (RunModel)" time="0.011" />
  <testcase classname="ptolemy.util.test.junit.AutoTests" name="[112] /home/travis/build/icyphy/ptII/ptolemy/domains/continuous/test/auto/PoissonClock2.xml (RunModel)" time="0.013" />
  <testcase classname="ptolemy.util.test.junit.AutoTests" name="[113] /home/travis/build/icyphy/ptII/ptolemy/domains/continuous/test/auto/PortParameterHierarchy.xml (RunModel)" time="0.017" />
  <testcase classname="ptolemy.util.test.junit.AutoTests" name="[114] /home/travis/build/icyphy/ptII/ptolemy/domains/continuous/test/auto/RandomHybridPlant.xml (RunModel)" time="0.521" />
  <testcase classname="ptolemy.util.test.junit.AutoTests" name="[115] /home/travis/build/icyphy/ptII/ptolemy/domains/continuous/test/auto/ResetTransitionWithStartTime1.xml (RunModel)" time="0.034" />
  <testcase classname="ptolemy.util.test.junit.AutoTests" name="[116] /home/travis/build/icyphy/ptII/ptolemy/domains/continuous/test/auto/ResetTransitionWithStartTime2.xml (RunModel)" time="0.043" />
  <testcase classname="ptolemy.util.test.junit.AutoTests" name="[117] /home/travis/build/icyphy/ptII/ptolemy/domains/continuous/test/auto/ResetTransitionWithStartTime3.xml (RunModel)" time="0.041" />
  <testcase classname="ptolemy.util.test.junit.AutoTests" name="[118] /home/travis/build/icyphy/ptII/ptolemy/domains/continuous/test/auto/ResetTransitionWithStartTime4.xml (RunModel)" time="0.022" />
  <testcase classname="ptolemy.util.test.junit.AutoTests" name="[119] /home/travis/build/icyphy/ptII/ptolemy/domains/continuous/test/auto/ResetTransitionWithStartTime5.xml (RunModel)" time="0.033" />
  <testcase classname="ptolemy.util.test.junit.AutoTests" name="[120] /home/travis/build/icyphy/ptII/ptolemy/domains/continuous/test/auto/ResetTransitionWithStartTime6.xml (RunModel)" time="0.025" />
  <testcase classname="ptolemy.util.test.junit.AutoTests" name="[121] /home/travis/build/icyphy/ptII/ptolemy/domains/continuous/test/auto/SRinContinuous.xml (RunModel)" time="0.023" />
  <testcase classname="ptolemy.util.test.junit.AutoTests" name="[122] /home/travis/build/icyphy/ptII/ptolemy/domains/continuous/test/auto/SampledClocks.xml (RunModel)" time="0.034" />
  <testcase classname="ptolemy.util.test.junit.AutoTests" name="[123] /home/travis/build/icyphy/ptII/ptolemy/domains/continuous/test/auto/Satellite.xml (RunModel)" time="0.831" />
  <testcase classname="ptolemy.util.test.junit.AutoTests" name="[124] /home/travis/build/icyphy/ptII/ptolemy/domains/continuous/test/auto/SigmaDelta.xml (RunModel)" time="2.294" />
  <testcase classname="ptolemy.util.test.junit.AutoTests" name="[125] /home/travis/build/icyphy/ptII/ptolemy/domains/continuous/test/auto/SingleRefinement.xml (RunModel)" time="0.535" />
  <testcase classname="ptolemy.util.test.junit.AutoTests" name="[126] /home/travis/build/icyphy/ptII/ptolemy/domains/continuous/test/auto/SinuBouncingBall.xml (RunModel)" time="0.807" />
  <testcase classname="ptolemy.util.test.junit.AutoTests" name="[127] /home/travis/build/icyphy/ptII/ptolemy/domains/continuous/test/auto/Sinusoid.xml (RunModel)" time="0.02" />
  <testcase classname="ptolemy.util.test.junit.AutoTests" name="[128] /home/travis/build/icyphy/ptII/ptolemy/domains/continuous/test/auto/SinusoidInNoise.xml (RunModel)" time="0.872" />
  <testcase classname="ptolemy.util.test.junit.AutoTests" name="[129] /home/travis/build/icyphy/ptII/ptolemy/domains/continuous/test/auto/SinusoidRK45.xml (RunModel)" time="0.009" />
  <testcase classname="ptolemy.util.test.junit.AutoTests" name="[130] /home/travis/build/icyphy/ptII/ptolemy/domains/continuous/test/auto/SinusoidWithMultipleImpulses.xml (RunModel)" time="0.014" />
  <testcase classname="ptolemy.util.test.junit.AutoTests" name="[131] /home/travis/build/icyphy/ptII/ptolemy/domains/continuous/test/auto/SquareWave.xml (RunModel)" time="0.2" />
  <testcase classname="ptolemy.util.test.junit.AutoTests" name="[132] /home/travis/build/icyphy/ptII/ptolemy/domains/continuous/test/auto/Starmac.xml (RunModel)" time="3.351" />
  <testcase classname="ptolemy.util.test.junit.AutoTests" name="[133] /home/travis/build/icyphy/ptII/ptolemy/domains/continuous/test/auto/StaticUnits.xml (RunModel)" time="2.391" />
  <testcase classname="ptolemy.util.test.junit.AutoTests" name="[134] /home/travis/build/icyphy/ptII/ptolemy/domains/continuous/test/auto/StickyMasses.xml (RunModel)" time="0.2" />
  <testcase classname="ptolemy.util.test.junit.AutoTests" name="[135] /home/travis/build/icyphy/ptII/ptolemy/domains/continuous/test/auto/StopTime.xml (RunModel)" time="0.07" />
  <testcase classname="ptolemy.util.test.junit.AutoTests" name="[136] /home/travis/build/icyphy/ptII/ptolemy/domains/continuous/test/auto/StopTime2.xml (RunModel)" time="0.059" />
  <testcase classname="ptolemy.util.test.junit.AutoTests" name="[137] /home/travis/build/icyphy/ptII/ptolemy/domains/continuous/test/auto/Switch.xml (RunModel)" time="0.062" />
  <testcase classname="ptolemy.util.test.junit.AutoTests" name="[138] /home/travis/build/icyphy/ptII/ptolemy/domains/continuous/test/auto/Thermostat.xml (RunModel)" time="0.185" />
  <testcase classname="ptolemy.util.test.junit.AutoTests" name="[139] /home/travis/build/icyphy/ptII/ptolemy/domains/continuous/test/auto/TimeDelay.xml (RunModel)" time="0.019" />
  <testcase classname="ptolemy.util.test.junit.AutoTests" name="[140] /home/travis/build/icyphy/ptII/ptolemy/domains/continuous/test/auto/TimeDelay2.xml (RunModel)" time="0.018" />
  <testcase classname="ptolemy.util.test.junit.AutoTests" name="[141] /home/travis/build/icyphy/ptII/ptolemy/domains/continuous/test/auto/TimeDelay3.xml (RunModel)" time="0.013" />
  <testcase classname="ptolemy.util.test.junit.AutoTests" name="[142] /home/travis/build/icyphy/ptII/ptolemy/domains/continuous/test/auto/TransferAbsentToInside.xml (RunModel)" time="0.108" />
  <testcase classname="ptolemy.util.test.junit.AutoTests" name="[143] /home/travis/build/icyphy/ptII/ptolemy/domains/continuous/test/auto/Transmission.xml (RunModel)" time="0.873" />
  <testcase classname="ptolemy.util.test.junit.AutoTests" name="[144] /home/travis/build/icyphy/ptII/ptolemy/domains/continuous/test/auto/TriggeredContinuousClock.xml (RunModel)" time="0.065" />
  <testcase classname="ptolemy.util.test.junit.AutoTests" name="[145] /home/travis/build/icyphy/ptII/ptolemy/domains/continuous/test/auto/TwoMachineInfiniteBusControl.xml (RunModel)" time="2.896" />
  <testcase classname="ptolemy.util.test.junit.AutoTests" name="[146] /home/travis/build/icyphy/ptII/ptolemy/domains/continuous/test/auto/V2V.xml (RunModel)" time="0.792" />
  <testcase classname="ptolemy.util.test.junit.AutoTests" name="[147] /home/travis/build/icyphy/ptII/ptolemy/domains/continuous/test/auto/hierarchicalModalModel.xml (RunModel)" time="0.031" />
  <testcase classname="ptolemy.util.test.junit.AutoTests" name="[148] /home/travis/build/icyphy/ptII/ptolemy/domains/continuous/test/auto/hierarchicalModalModel1.xml (RunModel)" time="0.03" />
  <testcase classname="ptolemy.util.test.junit.AutoTests" name="[149] /home/travis/build/icyphy/ptII/ptolemy/domains/continuous/test/auto/hierarchicalModalModel2.xml (RunModel)" time="0.028" />
  <testcase classname="ptolemy.util.test.junit.AutoTests" name="[150] /home/travis/build/icyphy/ptII/ptolemy/domains/continuous/test/auto/hierarchicalModalModel3.xml (RunModel)" time="0.024" />
  <testcase classname="ptolemy.util.test.junit.AutoTests" name="[151] /home/travis/build/icyphy/ptII/ptolemy/domains/continuous/test/auto/hierarchicalModalModel4.xml (RunModel)" time="0.026" />
  <testcase classname="ptolemy.util.test.junit.AutoTests" name="[152] /home/travis/build/icyphy/ptII/ptolemy/domains/continuous/test/auto/junk.xml (RunModel)" time="0.132" />
  <system-out><![CDATA[No tcl tests in /home/travis/build/icyphy/ptII/ptolemy/domains/continuous/test
No auto/knownFailedTests/*.xml tests in /home/travis/build/icyphy/ptII/ptolemy/domains/continuous/test
No auto/linux-amd64/*.xml tests in /home/travis/build/icyphy/ptII/ptolemy/domains/continuous/test
AutoTests.java: About to close Vertx.
AutoTests.java: Vertx closed.

===========================================================================================
----------------- testing Mon Oct 15 02:32:20 UTC 2018 /home/travis/build/icyphy/ptII/ptolemy/domains/continuous/test/auto/BouncingBall.xml
----------------- Instantiating /home/travis/build/icyphy/ptII/ptolemy/domains/continuous/test/auto/BouncingBall.xml
2254 ms. Memory: 331776K Free: 255002K (77%)
----------------- Invoking toplevel() on ptolemy.moml.MoMLSimpleApplication@62140a3f
----------------- Done invoking toplevel() on ptolemy.moml.MoMLSimpleApplication@62140a3f
reloadAllAccessors: .BouncingBall

===========================================================================================
----------------- testing Mon Oct 15 02:32:22 UTC 2018 /home/travis/build/icyphy/ptII/ptolemy/domains/continuous/test/auto/BouncingBallWithoutGR.xml
----------------- Instantiating /home/travis/build/icyphy/ptII/ptolemy/domains/continuous/test/auto/BouncingBallWithoutGR.xml
878 ms. Memory: 331776K Free: 315541K (95%)
----------------- Invoking toplevel() on ptolemy.moml.MoMLSimpleApplication@14574b96
----------------- Done invoking toplevel() on ptolemy.moml.MoMLSimpleApplication@14574b96
reloadAllAccessors: .BouncingBallWithoutGR

===========================================================================================
----------------- testing Mon Oct 15 02:32:23 UTC 2018 /home/travis/build/icyphy/ptII/ptolemy/domains/continuous/test/auto/Brownian.xml
----------------- Instantiating /home/travis/build/icyphy/ptII/ptolemy/domains/continuous/test/auto/Brownian.xml
38 ms. Memory: 331776K Free: 301619K (91%)
----------------- Invoking toplevel() on ptolemy.moml.MoMLSimpleApplication@30908811
----------------- Done invoking toplevel() on ptolemy.moml.MoMLSimpleApplication@30908811
reloadAllAccessors: .Brownian

===========================================================================================
----------------- testing Mon Oct 15 02:32:23 UTC 2018 /home/travis/build/icyphy/ptII/ptolemy/domains/continuous/test/auto/CarTracking.xml
----------------- Instantiating /home/travis/build/icyphy/ptII/ptolemy/domains/continuous/test/auto/CarTracking.xml
3509 ms. Memory: 578048K Free: 452746K (78%)
----------------- Invoking toplevel() on ptolemy.moml.MoMLSimpleApplication@79c9c1ec
----------------- Done invoking toplevel() on ptolemy.moml.MoMLSimpleApplication@79c9c1ec
reloadAllAccessors: .CarTracking

===========================================================================================
----------------- testing Mon Oct 15 02:32:27 UTC 2018 /home/travis/build/icyphy/ptII/ptolemy/domains/continuous/test/auto/CartPendulum.xml
----------------- Instantiating /home/travis/build/icyphy/ptII/ptolemy/domains/continuous/test/auto/CartPendulum.xml
409 ms. Memory: 578048K Free: 344862K (60%)
----------------- Invoking toplevel() on ptolemy.moml.MoMLSimpleApplication@7e4b3c2c
----------------- Done invoking toplevel() on ptolemy.moml.MoMLSimpleApplication@7e4b3c2c
reloadAllAccessors: .CartPendulum

===========================================================================================
----------------- testing Mon Oct 15 02:32:28 UTC 2018 /home/travis/build/icyphy/ptII/ptolemy/domains/continuous/test/auto/CausalityInterface10.xml
----------------- Instantiating /home/travis/build/icyphy/ptII/ptolemy/domains/continuous/test/auto/CausalityInterface10.xml
7 ms. Memory: 578048K Free: 328463K (57%)
----------------- Invoking toplevel() on ptolemy.moml.MoMLSimpleApplication@33a5954e
----------------- Done invoking toplevel() on ptolemy.moml.MoMLSimpleApplication@33a5954e
reloadAllAccessors: .CausalityInterface10

===========================================================================================
----------------- testing Mon Oct 15 02:32:28 UTC 2018 /home/travis/build/icyphy/ptII/ptolemy/domains/continuous/test/auto/CausalityInterface11.xml
----------------- Instantiating /home/travis/build/icyphy/ptII/ptolemy/domains/continuous/test/auto/CausalityInterface11.xml
14 ms. Memory: 578048K Free: 318627K (55%)
----------------- Invoking toplevel() on ptolemy.moml.MoMLSimpleApplication@5af9c602
----------------- Done invoking toplevel() on ptolemy.moml.MoMLSimpleApplication@5af9c602
reloadAllAccessors: .CausalityInterface11

===========================================================================================
----------------- testing Mon Oct 15 02:32:28 UTC 2018 /home/travis/build/icyphy/ptII/ptolemy/domains/continuous/test/auto/CausalityInterface12.xml
----------------- Instantiating /home/travis/build/icyphy/ptII/ptolemy/domains/continuous/test/auto/CausalityInterface12.xml
11 ms. Memory: 578048K Free: 308791K (53%)
----------------- Invoking toplevel() on ptolemy.moml.MoMLSimpleApplication@597355ec
----------------- Done invoking toplevel() on ptolemy.moml.MoMLSimpleApplication@597355ec
reloadAllAccessors: .CausalityInterface12

===========================================================================================
----------------- testing Mon Oct 15 02:32:28 UTC 2018 /home/travis/build/icyphy/ptII/ptolemy/domains/continuous/test/auto/CausalityInterface13.xml
----------------- Instantiating /home/travis/build/icyphy/ptII/ptolemy/domains/continuous/test/auto/CausalityInterface13.xml
9 ms. Memory: 578048K Free: 295779K (51%)
----------------- Invoking toplevel() on ptolemy.moml.MoMLSimpleApplication@6c7d7096
----------------- Done invoking toplevel() on ptolemy.moml.MoMLSimpleApplication@6c7d7096
reloadAllAccessors: .CausalityInterface13

===========================================================================================
----------------- testing Mon Oct 15 02:32:28 UTC 2018 /home/travis/build/icyphy/ptII/ptolemy/domains/continuous/test/auto/CausalityInterface14.xml
----------------- Instantiating /home/travis/build/icyphy/ptII/ptolemy/domains/continuous/test/auto/CausalityInterface14.xml
3 ms. Memory: 578048K Free: 285951K (49%)
----------------- Invoking toplevel() on ptolemy.moml.MoMLSimpleApplication@2a2782bc
----------------- Done invoking toplevel() on ptolemy.moml.MoMLSimpleApplication@2a2782bc
reloadAllAccessors: .CausalityInterface14

===========================================================================================
----------------- testing Mon Oct 15 02:32:28 UTC 2018 /home/travis/build/icyphy/ptII/ptolemy/domains/continuous/test/auto/CausalityInterface4.xml
----------------- Instantiating /home/travis/build/icyphy/ptII/ptolemy/domains/continuous/test/auto/CausalityInterface4.xml
7 ms. Memory: 578048K Free: 276122K (48%)
----------------- Invoking toplevel() on ptolemy.moml.MoMLSimpleApplication@26f2243
----------------- Done invoking toplevel() on ptolemy.moml.MoMLSimpleApplication@26f2243
reloadAllAccessors: .CausalityInterface4

===========================================================================================
----------------- testing Mon Oct 15 02:32:28 UTC 2018 /home/travis/build/icyphy/ptII/ptolemy/domains/continuous/test/auto/CausalityInterface5.xml
----------------- Instantiating /home/travis/build/icyphy/ptII/ptolemy/domains/continuous/test/auto/CausalityInterface5.xml
11 ms. Memory: 578048K Free: 263013K (46%)
----------------- Invoking toplevel() on ptolemy.moml.MoMLSimpleApplication@5ac42b5f
----------------- Done invoking toplevel() on ptolemy.moml.MoMLSimpleApplication@5ac42b5f
reloadAllAccessors: .CausalityInterface5

===========================================================================================
----------------- testing Mon Oct 15 02:32:28 UTC 2018 /home/travis/build/icyphy/ptII/ptolemy/domains/continuous/test/auto/CausalityInterface6.xml
----------------- Instantiating /home/travis/build/icyphy/ptII/ptolemy/domains/continuous/test/auto/CausalityInterface6.xml
7 ms. Memory: 578048K Free: 249985K (43%)
----------------- Invoking toplevel() on ptolemy.moml.MoMLSimpleApplication@45521e10
----------------- Done invoking toplevel() on ptolemy.moml.MoMLSimpleApplication@45521e10
reloadAllAccessors: .CausalityInterface6

===========================================================================================
----------------- testing Mon Oct 15 02:32:28 UTC 2018 /home/travis/build/icyphy/ptII/ptolemy/domains/continuous/test/auto/CausalityInterface7.xml
----------------- Instantiating /home/travis/build/icyphy/ptII/ptolemy/domains/continuous/test/auto/CausalityInterface7.xml
15 ms. Memory: 578048K Free: 236876K (41%)
----------------- Invoking toplevel() on ptolemy.moml.MoMLSimpleApplication@4ae9375c
----------------- Done invoking toplevel() on ptolemy.moml.MoMLSimpleApplication@4ae9375c
reloadAllAccessors: .CausalityInterface7

===========================================================================================
----------------- testing Mon Oct 15 02:32:28 UTC 2018 /home/travis/build/icyphy/ptII/ptolemy/domains/continuous/test/auto/CausalityInterface8.xml
----------------- Instantiating /home/travis/build/icyphy/ptII/ptolemy/domains/continuous/test/auto/CausalityInterface8.xml
9 ms. Memory: 578048K Free: 223766K (39%)
----------------- Invoking toplevel() on ptolemy.moml.MoMLSimpleApplication@6228d2e0
----------------- Done invoking toplevel() on ptolemy.moml.MoMLSimpleApplication@6228d2e0
reloadAllAccessors: .CausalityInterface8

===========================================================================================
----------------- testing Mon Oct 15 02:32:28 UTC 2018 /home/travis/build/icyphy/ptII/ptolemy/domains/continuous/test/auto/CausalityInterface9.xml
----------------- Instantiating /home/travis/build/icyphy/ptII/ptolemy/domains/continuous/test/auto/CausalityInterface9.xml
8 ms. Memory: 578048K Free: 207375K (36%)
----------------- Invoking toplevel() on ptolemy.moml.MoMLSimpleApplication@53794669
----------------- Done invoking toplevel() on ptolemy.moml.MoMLSimpleApplication@53794669
reloadAllAccessors: .CausalityInterface9

===========================================================================================
----------------- testing Mon Oct 15 02:32:28 UTC 2018 /home/travis/build/icyphy/ptII/ptolemy/domains/continuous/test/auto/CausalityInterfaceFeedback1.xml
----------------- Instantiating /home/travis/build/icyphy/ptII/ptolemy/domains/continuous/test/auto/CausalityInterfaceFeedback1.xml
5 ms. Memory: 578048K Free: 194347K (34%)
----------------- Invoking toplevel() on ptolemy.moml.MoMLSimpleApplication@5e6dbae0
----------------- Done invoking toplevel() on ptolemy.moml.MoMLSimpleApplication@5e6dbae0
reloadAllAccessors: .CausalityInterfaceFeedback1

===========================================================================================
----------------- testing Mon Oct 15 02:32:28 UTC 2018 /home/travis/build/icyphy/ptII/ptolemy/domains/continuous/test/auto/CausalityInterfaceFeedback2.xml
----------------- Instantiating /home/travis/build/icyphy/ptII/ptolemy/domains/continuous/test/auto/CausalityInterfaceFeedback2.xml
6 ms. Memory: 578048K Free: 184511K (32%)
----------------- Invoking toplevel() on ptolemy.moml.MoMLSimpleApplication@7af200bc
----------------- Done invoking toplevel() on ptolemy.moml.MoMLSimpleApplication@7af200bc
reloadAllAccessors: .CausalityInterfaceFeedback2

===========================================================================================
----------------- testing Mon Oct 15 02:32:28 UTC 2018 /home/travis/build/icyphy/ptII/ptolemy/domains/continuous/test/auto/CompareWithCurrentTime.xml
----------------- Instantiating /home/travis/build/icyphy/ptII/ptolemy/domains/continuous/test/auto/CompareWithCurrentTime.xml
3 ms. Memory: 578048K Free: 177964K (31%)
----------------- Invoking toplevel() on ptolemy.moml.MoMLSimpleApplication@167991d9
----------------- Done invoking toplevel() on ptolemy.moml.MoMLSimpleApplication@167991d9
reloadAllAccessors: .CompareWithCurrentTime

===========================================================================================
----------------- testing Mon Oct 15 02:32:28 UTC 2018 /home/travis/build/icyphy/ptII/ptolemy/domains/continuous/test/auto/ComparedClocks.xml
----------------- Instantiating /home/travis/build/icyphy/ptII/ptolemy/domains/continuous/test/auto/ComparedClocks.xml
6 ms. Memory: 578048K Free: 158292K (27%)
----------------- Invoking toplevel() on ptolemy.moml.MoMLSimpleApplication@7f01530e
----------------- Done invoking toplevel() on ptolemy.moml.MoMLSimpleApplication@7f01530e
reloadAllAccessors: .ComparedClocks

===========================================================================================
----------------- testing Mon Oct 15 02:32:28 UTC 2018 /home/travis/build/icyphy/ptII/ptolemy/domains/continuous/test/auto/ContinuousAOCClone.xml
----------------- Instantiating /home/travis/build/icyphy/ptII/ptolemy/domains/continuous/test/auto/ContinuousAOCClone.xml
2633 ms. Memory: 872448K Free: 392023K (45%)
----------------- Invoking toplevel() on ptolemy.moml.MoMLSimpleApplication@78740140
----------------- Done invoking toplevel() on ptolemy.moml.MoMLSimpleApplication@78740140
reloadAllAccessors: .ContinuousAOCClone

===========================================================================================
----------------- testing Mon Oct 15 02:32:31 UTC 2018 /home/travis/build/icyphy/ptII/ptolemy/domains/continuous/test/auto/ContinuousClock.xml
----------------- Instantiating /home/travis/build/icyphy/ptII/ptolemy/domains/continuous/test/auto/ContinuousClock.xml
37 ms. Memory: 872448K Free: 358765K (41%)
----------------- Invoking toplevel() on ptolemy.moml.MoMLSimpleApplication@7ee1b939
----------------- Done invoking toplevel() on ptolemy.moml.MoMLSimpleApplication@7ee1b939
reloadAllAccessors: .ContinuousClock

===========================================================================================
----------------- testing Mon Oct 15 02:32:31 UTC 2018 /home/travis/build/icyphy/ptII/ptolemy/domains/continuous/test/auto/ContinuousInContinuous.xml
----------------- Instantiating /home/travis/build/icyphy/ptII/ptolemy/domains/continuous/test/auto/ContinuousInContinuous.xml
39 ms. Memory: 872448K Free: 327316K (38%)
----------------- Invoking toplevel() on ptolemy.moml.MoMLSimpleApplication@3e14d09
----------------- Done invoking toplevel() on ptolemy.moml.MoMLSimpleApplication@3e14d09
reloadAllAccessors: .ContinuousInContinuous

===========================================================================================
----------------- testing Mon Oct 15 02:32:32 UTC 2018 /home/travis/build/icyphy/ptII/ptolemy/domains/continuous/test/auto/ContinuousInContinuousInContinuous.xml
----------------- Instantiating /home/travis/build/icyphy/ptII/ptolemy/domains/continuous/test/auto/ContinuousInContinuousInContinuous.xml
8 ms. Memory: 872448K Free: 311592K (36%)
----------------- Invoking toplevel() on ptolemy.moml.MoMLSimpleApplication@51f18dc4
----------------- Done invoking toplevel() on ptolemy.moml.MoMLSimpleApplication@51f18dc4
reloadAllAccessors: .ContinuousInContinuousInContinuous

===========================================================================================
----------------- testing Mon Oct 15 02:32:32 UTC 2018 /home/travis/build/icyphy/ptII/ptolemy/domains/continuous/test/auto/ContinuousInDE.xml
----------------- Instantiating /home/travis/build/icyphy/ptII/ptolemy/domains/continuous/test/auto/ContinuousInDE.xml
102 ms. Memory: 872448K Free: 295884K (34%)
----------------- Invoking toplevel() on ptolemy.moml.MoMLSimpleApplication@2bc0aff4
----------------- Done invoking toplevel() on ptolemy.moml.MoMLSimpleApplication@2bc0aff4
reloadAllAccessors: .ContinuousInDE

===========================================================================================
----------------- testing Mon Oct 15 02:32:32 UTC 2018 /home/travis/build/icyphy/ptII/ptolemy/domains/continuous/test/auto/ContinuousInDE2.xml
----------------- Instantiating /home/travis/build/icyphy/ptII/ptolemy/domains/continuous/test/auto/ContinuousInDE2.xml
39 ms. Memory: 872448K Free: 276715K (32%)
----------------- Invoking toplevel() on ptolemy.moml.MoMLSimpleApplication@24434d49
----------------- Done invoking toplevel() on ptolemy.moml.MoMLSimpleApplication@24434d49
reloadAllAccessors: .ContinuousInDE2

===========================================================================================
----------------- testing Mon Oct 15 02:32:32 UTC 2018 /home/travis/build/icyphy/ptII/ptolemy/domains/continuous/test/auto/ContinuousInDE3.xml
----------------- Instantiating /home/travis/build/icyphy/ptII/ptolemy/domains/continuous/test/auto/ContinuousInDE3.xml
39 ms. Memory: 872448K Free: 261006K (30%)
----------------- Invoking toplevel() on ptolemy.moml.MoMLSimpleApplication@65d8024f
----------------- Done invoking toplevel() on ptolemy.moml.MoMLSimpleApplication@65d8024f
reloadAllAccessors: .ContinuousInDE3

===========================================================================================
----------------- testing Mon Oct 15 02:32:32 UTC 2018 /home/travis/build/icyphy/ptII/ptolemy/domains/continuous/test/auto/ContinuousInDE4.xml
----------------- Instantiating /home/travis/build/icyphy/ptII/ptolemy/domains/continuous/test/auto/ContinuousInDE4.xml
12 ms. Memory: 872448K Free: 250534K (29%)
----------------- Invoking toplevel() on ptolemy.moml.MoMLSimpleApplication@7d099e3f
----------------- Done invoking toplevel() on ptolemy.moml.MoMLSimpleApplication@7d099e3f
reloadAllAccessors: .ContinuousInDE4

===========================================================================================
----------------- testing Mon Oct 15 02:32:32 UTC 2018 /home/travis/build/icyphy/ptII/ptolemy/domains/continuous/test/auto/ContinuousInDEDifferentRefinements.xml
----------------- Instantiating /home/travis/build/icyphy/ptII/ptolemy/domains/continuous/test/auto/ContinuousInDEDifferentRefinements.xml
60 ms. Memory: 872448K Free: 213834K (25%)
----------------- Invoking toplevel() on ptolemy.moml.MoMLSimpleApplication@57486627
----------------- Done invoking toplevel() on ptolemy.moml.MoMLSimpleApplication@57486627
reloadAllAccessors: .ContinuousInDEDifferentRefinements

===========================================================================================
----------------- testing Mon Oct 15 02:32:32 UTC 2018 /home/travis/build/icyphy/ptII/ptolemy/domains/continuous/test/auto/ContinuousInDEDifferentRefinementsPreemptive.xml
----------------- Instantiating /home/travis/build/icyphy/ptII/ptolemy/domains/continuous/test/auto/ContinuousInDEDifferentRefinementsPreemptive.xml
48 ms. Memory: 872448K Free: 173672K (20%)
----------------- Invoking toplevel() on ptolemy.moml.MoMLSimpleApplication@60390c97
----------------- Done invoking toplevel() on ptolemy.moml.MoMLSimpleApplication@60390c97
reloadAllAccessors: .ContinuousInDEDifferentRefinementsPreemptive

===========================================================================================
----------------- testing Mon Oct 15 02:32:32 UTC 2018 /home/travis/build/icyphy/ptII/ptolemy/domains/continuous/test/auto/ContinuousInDEInContinuous2.xml
----------------- Instantiating /home/travis/build/icyphy/ptII/ptolemy/domains/continuous/test/auto/ContinuousInDEInContinuous2.xml
36 ms. Memory: 872448K Free: 157964K (18%)
----------------- Invoking toplevel() on ptolemy.moml.MoMLSimpleApplication@5e03b825
----------------- Done invoking toplevel() on ptolemy.moml.MoMLSimpleApplication@5e03b825
reloadAllAccessors: .ContinuousInDEInContinuous2

===========================================================================================
----------------- testing Mon Oct 15 02:32:32 UTC 2018 /home/travis/build/icyphy/ptII/ptolemy/domains/continuous/test/auto/ContinuousInDEInContinuous3.xml
----------------- Instantiating /home/travis/build/icyphy/ptII/ptolemy/domains/continuous/test/auto/ContinuousInDEInContinuous3.xml
61 ms. Memory: 872448K Free: 137011K (16%)
----------------- Invoking toplevel() on ptolemy.moml.MoMLSimpleApplication@6e1148f2
----------------- Done invoking toplevel() on ptolemy.moml.MoMLSimpleApplication@6e1148f2
reloadAllAccessors: .ContinuousInDEInContinuous3

===========================================================================================
----------------- testing Mon Oct 15 02:32:32 UTC 2018 /home/travis/build/icyphy/ptII/ptolemy/domains/continuous/test/auto/ContinuousInDEInput.xml
----------------- Instantiating /home/travis/build/icyphy/ptII/ptolemy/domains/continuous/test/auto/ContinuousInDEInput.xml
23 ms. Memory: 872448K Free: 126539K (15%)
----------------- Invoking toplevel() on ptolemy.moml.MoMLSimpleApplication@6a158712
----------------- Done invoking toplevel() on ptolemy.moml.MoMLSimpleApplication@6a158712
reloadAllAccessors: .ContinuousInDEInput

===========================================================================================
----------------- testing Mon Oct 15 02:32:32 UTC 2018 /home/travis/build/icyphy/ptII/ptolemy/domains/continuous/test/auto/ContinuousInDEInput2.xml
----------------- Instantiating /home/travis/build/icyphy/ptII/ptolemy/domains/continuous/test/auto/ContinuousInDEInput2.xml
17 ms. Memory: 872448K Free: 116067K (13%)
----------------- Invoking toplevel() on ptolemy.moml.MoMLSimpleApplication@40f5852d
----------------- Done invoking toplevel() on ptolemy.moml.MoMLSimpleApplication@40f5852d
reloadAllAccessors: .ContinuousInDEInput2

===========================================================================================
----------------- testing Mon Oct 15 02:32:32 UTC 2018 /home/travis/build/icyphy/ptII/ptolemy/domains/continuous/test/auto/ContinuousInDEInput3.xml
----------------- Instantiating /home/travis/build/icyphy/ptII/ptolemy/domains/continuous/test/auto/ContinuousInDEInput3.xml
13 ms. Memory: 872448K Free: 102134K (12%)
----------------- Invoking toplevel() on ptolemy.moml.MoMLSimpleApplication@395d5f25
----------------- Done invoking toplevel() on ptolemy.moml.MoMLSimpleApplication@395d5f25
reloadAllAccessors: .ContinuousInDEInput3

===========================================================================================
----------------- testing Mon Oct 15 02:32:32 UTC 2018 /home/travis/build/icyphy/ptII/ptolemy/domains/continuous/test/auto/ContinuousInDESharingRefinement.xml
----------------- Instantiating /home/travis/build/icyphy/ptII/ptolemy/domains/continuous/test/auto/ContinuousInDESharingRefinement.xml
140 ms. Memory: 872960K Free: 790200K (91%)
----------------- Invoking toplevel() on ptolemy.moml.MoMLSimpleApplication@4e757986
----------------- Done invoking toplevel() on ptolemy.moml.MoMLSimpleApplication@4e757986
reloadAllAccessors: .ContinuousInDESharingRefinement

===========================================================================================
----------------- testing Mon Oct 15 02:32:33 UTC 2018 /home/travis/build/icyphy/ptII/ptolemy/domains/continuous/test/auto/ContinuousInDEwithNoPorts.xml
----------------- Instantiating /home/travis/build/icyphy/ptII/ptolemy/domains/continuous/test/auto/ContinuousInDEwithNoPorts.xml
6 ms. Memory: 872960K Free: 777350K (89%)
----------------- Invoking toplevel() on ptolemy.moml.MoMLSimpleApplication@7ea7f316
----------------- Done invoking toplevel() on ptolemy.moml.MoMLSimpleApplication@7ea7f316
reloadAllAccessors: .ContinuousInDEwithNoPorts

===========================================================================================
----------------- testing Mon Oct 15 02:32:33 UTC 2018 /home/travis/build/icyphy/ptII/ptolemy/domains/continuous/test/auto/ContinuousInsideDE.xml
----------------- Instantiating /home/travis/build/icyphy/ptII/ptolemy/domains/continuous/test/auto/ContinuousInsideDE.xml
47 ms. Memory: 872960K Free: 757698K (87%)
----------------- Invoking toplevel() on ptolemy.moml.MoMLSimpleApplication@b268e5b
----------------- Done invoking toplevel() on ptolemy.moml.MoMLSimpleApplication@b268e5b
reloadAllAccessors: .ContinuousInsideDE

===========================================================================================
----------------- testing Mon Oct 15 02:32:33 UTC 2018 /home/travis/build/icyphy/ptII/ptolemy/domains/continuous/test/auto/ContinuousMerge1.xml
----------------- Instantiating /home/travis/build/icyphy/ptII/ptolemy/domains/continuous/test/auto/ContinuousMerge1.xml
3 ms. Memory: 872960K Free: 747518K (86%)
----------------- Invoking toplevel() on ptolemy.moml.MoMLSimpleApplication@67d1149d
----------------- Done invoking toplevel() on ptolemy.moml.MoMLSimpleApplication@67d1149d
reloadAllAccessors: .ContinuousMerge1

===========================================================================================
----------------- testing Mon Oct 15 02:32:33 UTC 2018 /home/travis/build/icyphy/ptII/ptolemy/domains/continuous/test/auto/ContinuousMerge2.xml
----------------- Instantiating /home/travis/build/icyphy/ptII/ptolemy/domains/continuous/test/auto/ContinuousMerge2.xml
10 ms. Memory: 872960K Free: 731623K (84%)
----------------- Invoking toplevel() on ptolemy.moml.MoMLSimpleApplication@21f2516f
----------------- Done invoking toplevel() on ptolemy.moml.MoMLSimpleApplication@21f2516f
reloadAllAccessors: .ContinuousMerge2

===========================================================================================
----------------- testing Mon Oct 15 02:32:33 UTC 2018 /home/travis/build/icyphy/ptII/ptolemy/domains/continuous/test/auto/ContinuousMerge3.xml
----------------- Instantiating /home/travis/build/icyphy/ptII/ptolemy/domains/continuous/test/auto/ContinuousMerge3.xml
46 ms. Memory: 872960K Free: 715915K (82%)
----------------- Invoking toplevel() on ptolemy.moml.MoMLSimpleApplication@15ffc4ed
----------------- Done invoking toplevel() on ptolemy.moml.MoMLSimpleApplication@15ffc4ed
reloadAllAccessors: .ContinuousMerge3

===========================================================================================
----------------- testing Mon Oct 15 02:32:33 UTC 2018 /home/travis/build/icyphy/ptII/ptolemy/domains/continuous/test/auto/ContinuousWithinContinuous.xml
----------------- Instantiating /home/travis/build/icyphy/ptII/ptolemy/domains/continuous/test/auto/ContinuousWithinContinuous.xml
38 ms. Memory: 872960K Free: 697865K (80%)
----------------- Invoking toplevel() on ptolemy.moml.MoMLSimpleApplication@77c7484
----------------- Done invoking toplevel() on ptolemy.moml.MoMLSimpleApplication@77c7484
reloadAllAccessors: .ContinuousWithinContinuous

===========================================================================================
----------------- testing Mon Oct 15 02:32:33 UTC 2018 /home/travis/build/icyphy/ptII/ptolemy/domains/continuous/test/auto/ContinuousWithinContinuous2.xml
----------------- Instantiating /home/travis/build/icyphy/ptII/ptolemy/domains/continuous/test/auto/ContinuousWithinContinuous2.xml
75 ms. Memory: 872960K Free: 686083K (79%)
----------------- Invoking toplevel() on ptolemy.moml.MoMLSimpleApplication@36f9aba4
----------------- Done invoking toplevel() on ptolemy.moml.MoMLSimpleApplication@36f9aba4
reloadAllAccessors: .ContinuousWithinContinuous2

===========================================================================================
----------------- testing Mon Oct 15 02:32:33 UTC 2018 /home/travis/build/icyphy/ptII/ptolemy/domains/continuous/test/auto/ContinuousWithinContinuous3.xml
----------------- Instantiating /home/travis/build/icyphy/ptII/ptolemy/domains/continuous/test/auto/ContinuousWithinContinuous3.xml
13 ms. Memory: 872960K Free: 674286K (77%)
----------------- Invoking toplevel() on ptolemy.moml.MoMLSimpleApplication@7c90862c
----------------- Done invoking toplevel() on ptolemy.moml.MoMLSimpleApplication@7c90862c
reloadAllAccessors: .ContinuousWithinContinuous3

===========================================================================================
----------------- testing Mon Oct 15 02:32:33 UTC 2018 /home/travis/build/icyphy/ptII/ptolemy/domains/continuous/test/auto/ContinuousWithinContinuous4.xml
----------------- Instantiating /home/travis/build/icyphy/ptII/ptolemy/domains/continuous/test/auto/ContinuousWithinContinuous4.xml
73 ms. Memory: 872960K Free: 652325K (75%)
----------------- Invoking toplevel() on ptolemy.moml.MoMLSimpleApplication@b0dc9d
----------------- Done invoking toplevel() on ptolemy.moml.MoMLSimpleApplication@b0dc9d
reloadAllAccessors: .ContinuousWithinContinuous4

===========================================================================================
----------------- testing Mon Oct 15 02:32:33 UTC 2018 /home/travis/build/icyphy/ptII/ptolemy/domains/continuous/test/auto/ContinuousWithinContinuous5.xml
----------------- Instantiating /home/travis/build/icyphy/ptII/ptolemy/domains/continuous/test/auto/ContinuousWithinContinuous5.xml
13 ms. Memory: 872960K Free: 640528K (73%)
----------------- Invoking toplevel() on ptolemy.moml.MoMLSimpleApplication@4e00af1a
----------------- Done invoking toplevel() on ptolemy.moml.MoMLSimpleApplication@4e00af1a
reloadAllAccessors: .ContinuousWithinContinuous5

===========================================================================================
----------------- testing Mon Oct 15 02:32:33 UTC 2018 /home/travis/build/icyphy/ptII/ptolemy/domains/continuous/test/auto/ContinuousWithinContinuous6.xml
----------------- Instantiating /home/travis/build/icyphy/ptII/ptolemy/domains/continuous/test/auto/ContinuousWithinContinuous6.xml
12 ms. Memory: 872960K Free: 628731K (72%)
----------------- Invoking toplevel() on ptolemy.moml.MoMLSimpleApplication@1af9604d
----------------- Done invoking toplevel() on ptolemy.moml.MoMLSimpleApplication@1af9604d
reloadAllAccessors: .ContinuousWithinContinuous6

===========================================================================================
----------------- testing Mon Oct 15 02:32:33 UTC 2018 /home/travis/build/icyphy/ptII/ptolemy/domains/continuous/test/auto/ContinuousWithinContinuous7.xml
----------------- Instantiating /home/travis/build/icyphy/ptII/ptolemy/domains/continuous/test/auto/ContinuousWithinContinuous7.xml
66 ms. Memory: 872960K Free: 614624K (70%)
----------------- Invoking toplevel() on ptolemy.moml.MoMLSimpleApplication@36756963
----------------- Done invoking toplevel() on ptolemy.moml.MoMLSimpleApplication@36756963
reloadAllAccessors: .ContinuousWithinContinuous7

===========================================================================================
----------------- testing Mon Oct 15 02:32:33 UTC 2018 /home/travis/build/icyphy/ptII/ptolemy/domains/continuous/test/auto/DCMotor.xml
----------------- Instantiating /home/travis/build/icyphy/ptII/ptolemy/domains/continuous/test/auto/DCMotor.xml
14528 ms. Memory: 696832K Free: 650026K (93%)
----------------- Invoking toplevel() on ptolemy.moml.MoMLSimpleApplication@2b8e8640
----------------- Done invoking toplevel() on ptolemy.moml.MoMLSimpleApplication@2b8e8640
reloadAllAccessors: .DCMotor

===========================================================================================
----------------- testing Mon Oct 15 02:32:48 UTC 2018 /home/travis/build/icyphy/ptII/ptolemy/domains/continuous/test/auto/DEInContinuous.xml
----------------- Instantiating /home/travis/build/icyphy/ptII/ptolemy/domains/continuous/test/auto/DEInContinuous.xml
22 ms. Memory: 696832K Free: 634720K (91%)
----------------- Invoking toplevel() on ptolemy.moml.MoMLSimpleApplication@51558a00
----------------- Done invoking toplevel() on ptolemy.moml.MoMLSimpleApplication@51558a00
reloadAllAccessors: .DEInContinuous

===========================================================================================
----------------- testing Mon Oct 15 02:32:48 UTC 2018 /home/travis/build/icyphy/ptII/ptolemy/domains/continuous/test/auto/DEinContinuous2.xml
----------------- Instantiating /home/travis/build/icyphy/ptII/ptolemy/domains/continuous/test/auto/DEinContinuous2.xml
8 ms. Memory: 696832K Free: 614997K (88%)
----------------- Invoking toplevel() on ptolemy.moml.MoMLSimpleApplication@6e4b59d9
----------------- Done invoking toplevel() on ptolemy.moml.MoMLSimpleApplication@6e4b59d9
reloadAllAccessors: .DEinContinuous2

===========================================================================================
----------------- testing Mon Oct 15 02:32:48 UTC 2018 /home/travis/build/icyphy/ptII/ptolemy/domains/continuous/test/auto/Derivative.xml
----------------- Instantiating /home/travis/build/icyphy/ptII/ptolemy/domains/continuous/test/auto/Derivative.xml
153 ms. Memory: 696832K Free: 577993K (83%)
----------------- Invoking toplevel() on ptolemy.moml.MoMLSimpleApplication@1e380e7c
----------------- Done invoking toplevel() on ptolemy.moml.MoMLSimpleApplication@1e380e7c
reloadAllAccessors: .Derivative2

===========================================================================================
----------------- testing Mon Oct 15 02:32:48 UTC 2018 /home/travis/build/icyphy/ptII/ptolemy/domains/continuous/test/auto/Derivative1.xml
----------------- Instantiating /home/travis/build/icyphy/ptII/ptolemy/domains/continuous/test/auto/Derivative1.xml
19 ms. Memory: 696832K Free: 558270K (80%)
----------------- Invoking toplevel() on ptolemy.moml.MoMLSimpleApplication@635e8d31
----------------- Done invoking toplevel() on ptolemy.moml.MoMLSimpleApplication@635e8d31
reloadAllAccessors: .Derivative1

===========================================================================================
----------------- testing Mon Oct 15 02:32:48 UTC 2018 /home/travis/build/icyphy/ptII/ptolemy/domains/continuous/test/auto/DiscreteClock.xml
----------------- Instantiating /home/travis/build/icyphy/ptII/ptolemy/domains/continuous/test/auto/DiscreteClock.xml
6 ms. Memory: 696832K Free: 544718K (78%)
----------------- Invoking toplevel() on ptolemy.moml.MoMLSimpleApplication@7374e5bf
----------------- Done invoking toplevel() on ptolemy.moml.MoMLSimpleApplication@7374e5bf
reloadAllAccessors: .DiscreteClock

===========================================================================================
----------------- testing Mon Oct 15 02:32:48 UTC 2018 /home/travis/build/icyphy/ptII/ptolemy/domains/continuous/test/auto/EfficiencyCurve.xml
----------------- Instantiating /home/travis/build/icyphy/ptII/ptolemy/domains/continuous/test/auto/EfficiencyCurve.xml
65 ms. Memory: 696832K Free: 531165K (76%)
----------------- Invoking toplevel() on ptolemy.moml.MoMLSimpleApplication@153e3487
----------------- Done invoking toplevel() on ptolemy.moml.MoMLSimpleApplication@153e3487
reloadAllAccessors: .EfficiencyCurve

===========================================================================================
----------------- testing Mon Oct 15 02:32:48 UTC 2018 /home/travis/build/icyphy/ptII/ptolemy/domains/continuous/test/auto/ExponentialResponse.xml
----------------- Instantiating /home/travis/build/icyphy/ptII/ptolemy/domains/continuous/test/auto/ExponentialResponse.xml
103 ms. Memory: 696832K Free: 506548K (73%)
----------------- Invoking toplevel() on ptolemy.moml.MoMLSimpleApplication@2a51a13a
----------------- Done invoking toplevel() on ptolemy.moml.MoMLSimpleApplication@2a51a13a
reloadAllAccessors: .ExponentialResponse

===========================================================================================
----------------- testing Mon Oct 15 02:32:49 UTC 2018 /home/travis/build/icyphy/ptII/ptolemy/domains/continuous/test/auto/ExponentialResponseRK45.xml
----------------- Instantiating /home/travis/build/icyphy/ptII/ptolemy/domains/continuous/test/auto/ExponentialResponseRK45.xml
27 ms. Memory: 696832K Free: 492995K (71%)
----------------- Invoking toplevel() on ptolemy.moml.MoMLSimpleApplication@e8ca176
----------------- Done invoking toplevel() on ptolemy.moml.MoMLSimpleApplication@e8ca176
reloadAllAccessors: .ExponentialResponseRK45

===========================================================================================
----------------- testing Mon Oct 15 02:32:49 UTC 2018 /home/travis/build/icyphy/ptII/ptolemy/domains/continuous/test/auto/Friction.xml
----------------- Instantiating /home/travis/build/icyphy/ptII/ptolemy/domains/continuous/test/auto/Friction.xml
1302 ms. Memory: 674304K Free: 620215K (92%)
----------------- Invoking toplevel() on ptolemy.moml.MoMLSimpleApplication@10bc053
----------------- Done invoking toplevel() on ptolemy.moml.MoMLSimpleApplication@10bc053
reloadAllAccessors: .Friction

===========================================================================================
----------------- testing Mon Oct 15 02:32:50 UTC 2018 /home/travis/build/icyphy/ptII/ptolemy/domains/continuous/test/auto/FurutaPendulum.xml
----------------- Instantiating /home/travis/build/icyphy/ptII/ptolemy/domains/continuous/test/auto/FurutaPendulum.xml
3295 ms. Memory: 674304K Free: 106993K (16%)
----------------- Invoking toplevel() on ptolemy.moml.MoMLSimpleApplication@7011fc84
----------------- Done invoking toplevel() on ptolemy.moml.MoMLSimpleApplication@7011fc84
reloadAllAccessors: .FurutaPendulum

===========================================================================================
----------------- testing Mon Oct 15 02:32:53 UTC 2018 /home/travis/build/icyphy/ptII/ptolemy/domains/continuous/test/auto/HierarchicalExecution.xml
----------------- Instantiating /home/travis/build/icyphy/ptII/ptolemy/domains/continuous/test/auto/HierarchicalExecution.xml
1693 ms. Memory: 646144K Free: 347695K (54%)
----------------- Invoking toplevel() on ptolemy.moml.MoMLSimpleApplication@74fbcd29
----------------- Done invoking toplevel() on ptolemy.moml.MoMLSimpleApplication@74fbcd29
reloadAllAccessors: .HierarchicalExecution

===========================================================================================
----------------- testing Mon Oct 15 02:32:55 UTC 2018 /home/travis/build/icyphy/ptII/ptolemy/domains/continuous/test/auto/HybridPlant.xml
----------------- Instantiating /home/travis/build/icyphy/ptII/ptolemy/domains/continuous/test/auto/HybridPlant.xml
455 ms. Memory: 646144K Free: 74015K (11%)
----------------- Invoking toplevel() on ptolemy.moml.MoMLSimpleApplication@851eb96
----------------- Done invoking toplevel() on ptolemy.moml.MoMLSimpleApplication@851eb96
reloadAllAccessors: .HybridPlant

===========================================================================================
----------------- testing Mon Oct 15 02:32:56 UTC 2018 /home/travis/build/icyphy/ptII/ptolemy/domains/continuous/test/auto/Hysteresis.xml
----------------- Instantiating /home/travis/build/icyphy/ptII/ptolemy/domains/continuous/test/auto/Hysteresis.xml
124 ms. Memory: 617984K Free: 538172K (87%)
----------------- Invoking toplevel() on ptolemy.moml.MoMLSimpleApplication@4139055e
----------------- Done invoking toplevel() on ptolemy.moml.MoMLSimpleApplication@4139055e
reloadAllAccessors: .Hysteresis

===========================================================================================
----------------- testing Mon Oct 15 02:32:56 UTC 2018 /home/travis/build/icyphy/ptII/ptolemy/domains/continuous/test/auto/HysteresisWithRandomDelay.xml
----------------- Instantiating /home/travis/build/icyphy/ptII/ptolemy/domains/continuous/test/auto/HysteresisWithRandomDelay.xml
159 ms. Memory: 617984K Free: 458913K (74%)
----------------- Invoking toplevel() on ptolemy.moml.MoMLSimpleApplication@3ad878a
----------------- Done invoking toplevel() on ptolemy.moml.MoMLSimpleApplication@3ad878a
reloadAllAccessors: .HysteresisWithRandomDelay

===========================================================================================
----------------- testing Mon Oct 15 02:32:56 UTC 2018 /home/travis/build/icyphy/ptII/ptolemy/domains/continuous/test/auto/HysteresisWithRandomLosses.xml
----------------- Instantiating /home/travis/build/icyphy/ptII/ptolemy/domains/continuous/test/auto/HysteresisWithRandomLosses.xml
2139 ms. Memory: 591360K Free: 179210K (30%)
----------------- Invoking toplevel() on ptolemy.moml.MoMLSimpleApplication@53bcc20a
----------------- Done invoking toplevel() on ptolemy.moml.MoMLSimpleApplication@53bcc20a
reloadAllAccessors: .HysteresisWithRandomLosses

===========================================================================================
----------------- testing Mon Oct 15 02:32:59 UTC 2018 /home/travis/build/icyphy/ptII/ptolemy/domains/continuous/test/auto/ImmediateTransitions.xml
----------------- Instantiating /home/travis/build/icyphy/ptII/ptolemy/domains/continuous/test/auto/ImmediateTransitions.xml
21 ms. Memory: 591360K Free: 162864K (28%)
----------------- Invoking toplevel() on ptolemy.moml.MoMLSimpleApplication@678a5edb
----------------- Done invoking toplevel() on ptolemy.moml.MoMLSimpleApplication@678a5edb
reloadAllAccessors: .ImmediateTransitions

===========================================================================================
----------------- testing Mon Oct 15 02:32:59 UTC 2018 /home/travis/build/icyphy/ptII/ptolemy/domains/continuous/test/auto/ImpulseFeedback.xml
----------------- Instantiating /home/travis/build/icyphy/ptII/ptolemy/domains/continuous/test/auto/ImpulseFeedback.xml
11 ms. Memory: 591360K Free: 151832K (26%)
----------------- Invoking toplevel() on ptolemy.moml.MoMLSimpleApplication@18fc380d
----------------- Done invoking toplevel() on ptolemy.moml.MoMLSimpleApplication@18fc380d
reloadAllAccessors: .ImpulseFeedback

===========================================================================================
----------------- testing Mon Oct 15 02:32:59 UTC 2018 /home/travis/build/icyphy/ptII/ptolemy/domains/continuous/test/auto/ImpulseFeedback2.xml
----------------- Instantiating /home/travis/build/icyphy/ptII/ptolemy/domains/continuous/test/auto/ImpulseFeedback2.xml
6 ms. Memory: 591360K Free: 140796K (24%)
----------------- Invoking toplevel() on ptolemy.moml.MoMLSimpleApplication@5e08c861
----------------- Done invoking toplevel() on ptolemy.moml.MoMLSimpleApplication@5e08c861
reloadAllAccessors: .ImpulseFeedback2

===========================================================================================
----------------- testing Mon Oct 15 02:32:59 UTC 2018 /home/travis/build/icyphy/ptII/ptolemy/domains/continuous/test/auto/IncreasingRatePoisson.xml
----------------- Instantiating /home/travis/build/icyphy/ptII/ptolemy/domains/continuous/test/auto/IncreasingRatePoisson.xml
675 ms. Memory: 565248K Free: 306454K (54%)
----------------- Invoking toplevel() on ptolemy.moml.MoMLSimpleApplication@7f191a2b
----------------- Done invoking toplevel() on ptolemy.moml.MoMLSimpleApplication@7f191a2b
reloadAllAccessors: .IncreasingRatePoisson

===========================================================================================
----------------- testing Mon Oct 15 02:32:59 UTC 2018 /home/travis/build/icyphy/ptII/ptolemy/domains/continuous/test/auto/InitialStateFeedback.xml
----------------- Instantiating /home/travis/build/icyphy/ptII/ptolemy/domains/continuous/test/auto/InitialStateFeedback.xml
8 ms. Memory: 565248K Free: 297382K (53%)
----------------- Invoking toplevel() on ptolemy.moml.MoMLSimpleApplication@bd490c4
----------------- Done invoking toplevel() on ptolemy.moml.MoMLSimpleApplication@bd490c4
reloadAllAccessors: .InitialStateFeedback

===========================================================================================
----------------- testing Mon Oct 15 02:32:59 UTC 2018 /home/travis/build/icyphy/ptII/ptolemy/domains/continuous/test/auto/Integration.xml
----------------- Instantiating /home/travis/build/icyphy/ptII/ptolemy/domains/continuous/test/auto/Integration.xml
2 ms. Memory: 565248K Free: 290138K (51%)
----------------- Invoking toplevel() on ptolemy.moml.MoMLSimpleApplication@5f7af459
----------------- Done invoking toplevel() on ptolemy.moml.MoMLSimpleApplication@5f7af459
reloadAllAccessors: .Integration

===========================================================================================
----------------- testing Mon Oct 15 02:32:59 UTC 2018 /home/travis/build/icyphy/ptII/ptolemy/domains/continuous/test/auto/Integration2.xml
----------------- Instantiating /home/travis/build/icyphy/ptII/ptolemy/domains/continuous/test/auto/Integration2.xml
82 ms. Memory: 565248K Free: 269834K (48%)
----------------- Invoking toplevel() on ptolemy.moml.MoMLSimpleApplication@687497a4
----------------- Done invoking toplevel() on ptolemy.moml.MoMLSimpleApplication@687497a4
reloadAllAccessors: .Integration2

===========================================================================================
----------------- testing Mon Oct 15 02:32:59 UTC 2018 /home/travis/build/icyphy/ptII/ptolemy/domains/continuous/test/auto/Integration3.xml
----------------- Instantiating /home/travis/build/icyphy/ptII/ptolemy/domains/continuous/test/auto/Integration3.xml
2 ms. Memory: 565248K Free: 262597K (46%)
----------------- Invoking toplevel() on ptolemy.moml.MoMLSimpleApplication@2e243d8d
----------------- Done invoking toplevel() on ptolemy.moml.MoMLSimpleApplication@2e243d8d
reloadAllAccessors: .Integration3

===========================================================================================
----------------- testing Mon Oct 15 02:32:59 UTC 2018 /home/travis/build/icyphy/ptII/ptolemy/domains/continuous/test/auto/Integration5.xml
----------------- Instantiating /home/travis/build/icyphy/ptII/ptolemy/domains/continuous/test/auto/Integration5.xml
2 ms. Memory: 565248K Free: 255204K (45%)
----------------- Invoking toplevel() on ptolemy.moml.MoMLSimpleApplication@734c662e
----------------- Done invoking toplevel() on ptolemy.moml.MoMLSimpleApplication@734c662e
reloadAllAccessors: .Integration5

===========================================================================================
----------------- testing Mon Oct 15 02:32:59 UTC 2018 /home/travis/build/icyphy/ptII/ptolemy/domains/continuous/test/auto/IntegratorImpulse.xml
----------------- Instantiating /home/travis/build/icyphy/ptII/ptolemy/domains/continuous/test/auto/IntegratorImpulse.xml
2 ms. Memory: 565248K Free: 247967K (44%)
----------------- Invoking toplevel() on ptolemy.moml.MoMLSimpleApplication@38cf6769
----------------- Done invoking toplevel() on ptolemy.moml.MoMLSimpleApplication@38cf6769
reloadAllAccessors: .IntegratorImpulse

===========================================================================================
----------------- testing Mon Oct 15 02:33:00 UTC 2018 /home/travis/build/icyphy/ptII/ptolemy/domains/continuous/test/auto/IntegratorImpulse2.xml
----------------- Instantiating /home/travis/build/icyphy/ptII/ptolemy/domains/continuous/test/auto/IntegratorImpulse2.xml
4 ms. Memory: 565248K Free: 240573K (43%)
----------------- Invoking toplevel() on ptolemy.moml.MoMLSimpleApplication@5ea553b9
----------------- Done invoking toplevel() on ptolemy.moml.MoMLSimpleApplication@5ea553b9
reloadAllAccessors: .IntegratorImpulse2

===========================================================================================
----------------- testing Mon Oct 15 02:33:00 UTC 2018 /home/travis/build/icyphy/ptII/ptolemy/domains/continuous/test/auto/LevelCrossing1.xml
----------------- Instantiating /home/travis/build/icyphy/ptII/ptolemy/domains/continuous/test/auto/LevelCrossing1.xml
2 ms. Memory: 565248K Free: 230095K (41%)
----------------- Invoking toplevel() on ptolemy.moml.MoMLSimpleApplication@59c03cfd
----------------- Done invoking toplevel() on ptolemy.moml.MoMLSimpleApplication@59c03cfd
reloadAllAccessors: .LevelCrossing1

===========================================================================================
----------------- testing Mon Oct 15 02:33:00 UTC 2018 /home/travis/build/icyphy/ptII/ptolemy/domains/continuous/test/auto/LevelCrossing2.xml
----------------- Instantiating /home/travis/build/icyphy/ptII/ptolemy/domains/continuous/test/auto/LevelCrossing2.xml
3 ms. Memory: 565248K Free: 219476K (39%)
----------------- Invoking toplevel() on ptolemy.moml.MoMLSimpleApplication@2a377775
----------------- Done invoking toplevel() on ptolemy.moml.MoMLSimpleApplication@2a377775
reloadAllAccessors: .LevelCrossing2

===========================================================================================
----------------- testing Mon Oct 15 02:33:00 UTC 2018 /home/travis/build/icyphy/ptII/ptolemy/domains/continuous/test/auto/LevelCrossing3.xml
----------------- Instantiating /home/travis/build/icyphy/ptII/ptolemy/domains/continuous/test/auto/LevelCrossing3.xml
2 ms. Memory: 565248K Free: 209013K (37%)
----------------- Invoking toplevel() on ptolemy.moml.MoMLSimpleApplication@3e11106e
----------------- Done invoking toplevel() on ptolemy.moml.MoMLSimpleApplication@3e11106e
reloadAllAccessors: .LevelCrossing3

===========================================================================================
----------------- testing Mon Oct 15 02:33:00 UTC 2018 /home/travis/build/icyphy/ptII/ptolemy/domains/continuous/test/auto/LevelCrossing4.xml
----------------- Instantiating /home/travis/build/icyphy/ptII/ptolemy/domains/continuous/test/auto/LevelCrossing4.xml
3 ms. Memory: 565248K Free: 198378K (35%)
----------------- Invoking toplevel() on ptolemy.moml.MoMLSimpleApplication@7875677b
----------------- Done invoking toplevel() on ptolemy.moml.MoMLSimpleApplication@7875677b
reloadAllAccessors: .LevelCrossing4

===========================================================================================
----------------- testing Mon Oct 15 02:33:00 UTC 2018 /home/travis/build/icyphy/ptII/ptolemy/domains/continuous/test/auto/LevelCrossing5.xml
----------------- Instantiating /home/travis/build/icyphy/ptII/ptolemy/domains/continuous/test/auto/LevelCrossing5.xml
3 ms. Memory: 565248K Free: 187900K (33%)
----------------- Invoking toplevel() on ptolemy.moml.MoMLSimpleApplication@3f98716c
----------------- Done invoking toplevel() on ptolemy.moml.MoMLSimpleApplication@3f98716c
reloadAllAccessors: .LevelCrossing5

===========================================================================================
[...]
reloadAllAccessors: .ResetTransitionWithStartTime6

===========================================================================================
----------------- testing Mon Oct 15 02:33:16 UTC 2018 /home/travis/build/icyphy/ptII/ptolemy/domains/continuous/test/auto/SRinContinuous.xml
----------------- Instantiating /home/travis/build/icyphy/ptII/ptolemy/domains/continuous/test/auto/SRinContinuous.xml
4 ms. Memory: 846336K Free: 539936K (64%)
----------------- Invoking toplevel() on ptolemy.moml.MoMLSimpleApplication@78ce4ce3
----------------- Done invoking toplevel() on ptolemy.moml.MoMLSimpleApplication@78ce4ce3
reloadAllAccessors: .SRinContinuous

===========================================================================================
----------------- testing Mon Oct 15 02:33:16 UTC 2018 /home/travis/build/icyphy/ptII/ptolemy/domains/continuous/test/auto/SampledClocks.xml
----------------- Instantiating /home/travis/build/icyphy/ptII/ptolemy/domains/continuous/test/auto/SampledClocks.xml
5 ms. Memory: 846336K Free: 527538K (62%)
----------------- Invoking toplevel() on ptolemy.moml.MoMLSimpleApplication@707d0548
----------------- Done invoking toplevel() on ptolemy.moml.MoMLSimpleApplication@707d0548
reloadAllAccessors: .SampledClocks

===========================================================================================
----------------- testing Mon Oct 15 02:33:16 UTC 2018 /home/travis/build/icyphy/ptII/ptolemy/domains/continuous/test/auto/Satellite.xml
----------------- Instantiating /home/travis/build/icyphy/ptII/ptolemy/domains/continuous/test/auto/Satellite.xml
807 ms. Memory: 846336K Free: 335500K (40%)
----------------- Invoking toplevel() on ptolemy.moml.MoMLSimpleApplication@7576d1ab
----------------- Done invoking toplevel() on ptolemy.moml.MoMLSimpleApplication@7576d1ab
reloadAllAccessors: .Satellite

===========================================================================================
----------------- testing Mon Oct 15 02:33:17 UTC 2018 /home/travis/build/icyphy/ptII/ptolemy/domains/continuous/test/auto/SigmaDelta.xml
----------------- Instantiating /home/travis/build/icyphy/ptII/ptolemy/domains/continuous/test/auto/SigmaDelta.xml
2163 ms. Memory: 816640K Free: 682271K (84%)
----------------- Invoking toplevel() on ptolemy.moml.MoMLSimpleApplication@485cd5da
----------------- Done invoking toplevel() on ptolemy.moml.MoMLSimpleApplication@485cd5da
reloadAllAccessors: .SigmaDelta

===========================================================================================
----------------- testing Mon Oct 15 02:33:19 UTC 2018 /home/travis/build/icyphy/ptII/ptolemy/domains/continuous/test/auto/SingleRefinement.xml
----------------- Instantiating /home/travis/build/icyphy/ptII/ptolemy/domains/continuous/test/auto/SingleRefinement.xml
326 ms. Memory: 816640K Free: 492854K (60%)
----------------- Invoking toplevel() on ptolemy.moml.MoMLSimpleApplication@73cb8a42
----------------- Done invoking toplevel() on ptolemy.moml.MoMLSimpleApplication@73cb8a42
reloadAllAccessors: .SingleRefinement

===========================================================================================
----------------- testing Mon Oct 15 02:33:20 UTC 2018 /home/travis/build/icyphy/ptII/ptolemy/domains/continuous/test/auto/SinuBouncingBall.xml
----------------- Instantiating /home/travis/build/icyphy/ptII/ptolemy/domains/continuous/test/auto/SinuBouncingBall.xml
727 ms. Memory: 816640K Free: 265812K (33%)
----------------- Invoking toplevel() on ptolemy.moml.MoMLSimpleApplication@157f4f1e
----------------- Done invoking toplevel() on ptolemy.moml.MoMLSimpleApplication@157f4f1e
reloadAllAccessors: .SinuBouncingBall

===========================================================================================
----------------- testing Mon Oct 15 02:33:21 UTC 2018 /home/travis/build/icyphy/ptII/ptolemy/domains/continuous/test/auto/Sinusoid.xml
----------------- Instantiating /home/travis/build/icyphy/ptII/ptolemy/domains/continuous/test/auto/Sinusoid.xml
4 ms. Memory: 816640K Free: 257676K (32%)
----------------- Invoking toplevel() on ptolemy.moml.MoMLSimpleApplication@74eb5d81
----------------- Done invoking toplevel() on ptolemy.moml.MoMLSimpleApplication@74eb5d81
reloadAllAccessors: .Sinusoid

===========================================================================================
----------------- testing Mon Oct 15 02:33:21 UTC 2018 /home/travis/build/icyphy/ptII/ptolemy/domains/continuous/test/auto/SinusoidInNoise.xml
----------------- Instantiating /home/travis/build/icyphy/ptII/ptolemy/domains/continuous/test/auto/SinusoidInNoise.xml
837 ms. Memory: 816640K Free: 52816K (6%)
----------------- Invoking toplevel() on ptolemy.moml.MoMLSimpleApplication@45936a97
----------------- Done invoking toplevel() on ptolemy.moml.MoMLSimpleApplication@45936a97
reloadAllAccessors: .SinusoidInNoise

===========================================================================================
----------------- testing Mon Oct 15 02:33:22 UTC 2018 /home/travis/build/icyphy/ptII/ptolemy/domains/continuous/test/auto/SinusoidRK45.xml
----------------- Instantiating /home/travis/build/icyphy/ptII/ptolemy/domains/continuous/test/auto/SinusoidRK45.xml
2 ms. Memory: 816640K Free: 44680K (5%)
----------------- Invoking toplevel() on ptolemy.moml.MoMLSimpleApplication@5175a04e
----------------- Done invoking toplevel() on ptolemy.moml.MoMLSimpleApplication@5175a04e
reloadAllAccessors: .SinusoidRK45

===========================================================================================
----------------- testing Mon Oct 15 02:33:22 UTC 2018 /home/travis/build/icyphy/ptII/ptolemy/domains/continuous/test/auto/SinusoidWithMultipleImpulses.xml
----------------- Instantiating /home/travis/build/icyphy/ptII/ptolemy/domains/continuous/test/auto/SinusoidWithMultipleImpulses.xml
2 ms. Memory: 816640K Free: 36403K (4%)
----------------- Invoking toplevel() on ptolemy.moml.MoMLSimpleApplication@2f7e57cf
----------------- Done invoking toplevel() on ptolemy.moml.MoMLSimpleApplication@2f7e57cf
reloadAllAccessors: .SinusoidWithMultipleImpulses

===========================================================================================
----------------- testing Mon Oct 15 02:33:22 UTC 2018 /home/travis/build/icyphy/ptII/ptolemy/domains/continuous/test/auto/SquareWave.xml
----------------- Instantiating /home/travis/build/icyphy/ptII/ptolemy/domains/continuous/test/auto/SquareWave.xml
158 ms. Memory: 775168K Free: 693441K (89%)
----------------- Invoking toplevel() on ptolemy.moml.MoMLSimpleApplication@6ea54633
----------------- Done invoking toplevel() on ptolemy.moml.MoMLSimpleApplication@6ea54633
reloadAllAccessors: .SquareWave

===========================================================================================
----------------- testing Mon Oct 15 02:33:22 UTC 2018 /home/travis/build/icyphy/ptII/ptolemy/domains/continuous/test/auto/Starmac.xml
----------------- Instantiating /home/travis/build/icyphy/ptII/ptolemy/domains/continuous/test/auto/Starmac.xml
3049 ms. Memory: 775168K Free: 324686K (42%)
----------------- Invoking toplevel() on ptolemy.moml.MoMLSimpleApplication@63c182c5
----------------- Done invoking toplevel() on ptolemy.moml.MoMLSimpleApplication@63c182c5
reloadAllAccessors: .Starmac

===========================================================================================
----------------- testing Mon Oct 15 02:33:25 UTC 2018 /home/travis/build/icyphy/ptII/ptolemy/domains/continuous/test/auto/StaticUnits.xml
----------------- Instantiating /home/travis/build/icyphy/ptII/ptolemy/domains/continuous/test/auto/StaticUnits.xml
2050 ms. Memory: 750592K Free: 516291K (69%)
----------------- Invoking toplevel() on ptolemy.moml.MoMLSimpleApplication@68bb13a3
----------------- Done invoking toplevel() on ptolemy.moml.MoMLSimpleApplication@68bb13a3
reloadAllAccessors: .StaticUnits

===========================================================================================
----------------- testing Mon Oct 15 02:33:28 UTC 2018 /home/travis/build/icyphy/ptII/ptolemy/domains/continuous/test/auto/StickyMasses.xml
----------------- Instantiating /home/travis/build/icyphy/ptII/ptolemy/domains/continuous/test/auto/StickyMasses.xml
122 ms. Memory: 750592K Free: 456720K (61%)
----------------- Invoking toplevel() on ptolemy.moml.MoMLSimpleApplication@4ece6353
----------------- Done invoking toplevel() on ptolemy.moml.MoMLSimpleApplication@4ece6353
reloadAllAccessors: .StickyMasses

===========================================================================================
----------------- testing Mon Oct 15 02:33:28 UTC 2018 /home/travis/build/icyphy/ptII/ptolemy/domains/continuous/test/auto/StopTime.xml
----------------- Instantiating /home/travis/build/icyphy/ptII/ptolemy/domains/continuous/test/auto/StopTime.xml
44 ms. Memory: 750592K Free: 425986K (57%)
----------------- Invoking toplevel() on ptolemy.moml.MoMLSimpleApplication@30d814f6
----------------- Done invoking toplevel() on ptolemy.moml.MoMLSimpleApplication@30d814f6
reloadAllAccessors: .StopTime

===========================================================================================
----------------- testing Mon Oct 15 02:33:28 UTC 2018 /home/travis/build/icyphy/ptII/ptolemy/domains/continuous/test/auto/StopTime2.xml
----------------- Instantiating /home/travis/build/icyphy/ptII/ptolemy/domains/continuous/test/auto/StopTime2.xml
36 ms. Memory: 750592K Free: 398572K (53%)
----------------- Invoking toplevel() on ptolemy.moml.MoMLSimpleApplication@3f3172b3
----------------- Done invoking toplevel() on ptolemy.moml.MoMLSimpleApplication@3f3172b3
reloadAllAccessors: .StopTime2

===========================================================================================
----------------- testing Mon Oct 15 02:33:28 UTC 2018 /home/travis/build/icyphy/ptII/ptolemy/domains/continuous/test/auto/Switch.xml
----------------- Instantiating /home/travis/build/icyphy/ptII/ptolemy/domains/continuous/test/auto/Switch.xml
37 ms. Memory: 750592K Free: 367840K (49%)
----------------- Invoking toplevel() on ptolemy.moml.MoMLSimpleApplication@9800bd7
----------------- Done invoking toplevel() on ptolemy.moml.MoMLSimpleApplication@9800bd7
reloadAllAccessors: .Switch

===========================================================================================
----------------- testing Mon Oct 15 02:33:28 UTC 2018 /home/travis/build/icyphy/ptII/ptolemy/domains/continuous/test/auto/Thermostat.xml
----------------- Instantiating /home/travis/build/icyphy/ptII/ptolemy/domains/continuous/test/auto/Thermostat.xml
161 ms. Memory: 750592K Free: 290706K (39%)
----------------- Invoking toplevel() on ptolemy.moml.MoMLSimpleApplication@7ad141e2
----------------- Done invoking toplevel() on ptolemy.moml.MoMLSimpleApplication@7ad141e2
reloadAllAccessors: .Thermostat

===========================================================================================
----------------- testing Mon Oct 15 02:33:28 UTC 2018 /home/travis/build/icyphy/ptII/ptolemy/domains/continuous/test/auto/TimeDelay.xml
----------------- Instantiating /home/travis/build/icyphy/ptII/ptolemy/domains/continuous/test/auto/TimeDelay.xml
9 ms. Memory: 750592K Free: 279837K (37%)
----------------- Invoking toplevel() on ptolemy.moml.MoMLSimpleApplication@5cff8626
----------------- Done invoking toplevel() on ptolemy.moml.MoMLSimpleApplication@5cff8626
reloadAllAccessors: .TimeDelay

===========================================================================================
----------------- testing Mon Oct 15 02:33:28 UTC 2018 /home/travis/build/icyphy/ptII/ptolemy/domains/continuous/test/auto/TimeDelay2.xml
----------------- Instantiating /home/travis/build/icyphy/ptII/ptolemy/domains/continuous/test/auto/TimeDelay2.xml
9 ms. Memory: 750592K Free: 268881K (36%)
----------------- Invoking toplevel() on ptolemy.moml.MoMLSimpleApplication@1dce816c
----------------- Done invoking toplevel() on ptolemy.moml.MoMLSimpleApplication@1dce816c
reloadAllAccessors: .TimeDelay2

===========================================================================================
----------------- testing Mon Oct 15 02:33:28 UTC 2018 /home/travis/build/icyphy/ptII/ptolemy/domains/continuous/test/auto/TimeDelay3.xml
----------------- Instantiating /home/travis/build/icyphy/ptII/ptolemy/domains/continuous/test/auto/TimeDelay3.xml
6 ms. Memory: 750592K Free: 261330K (35%)
----------------- Invoking toplevel() on ptolemy.moml.MoMLSimpleApplication@1ad7ad29
----------------- Done invoking toplevel() on ptolemy.moml.MoMLSimpleApplication@1ad7ad29
reloadAllAccessors: .TimeDelay3

===========================================================================================
----------------- testing Mon Oct 15 02:33:28 UTC 2018 /home/travis/build/icyphy/ptII/ptolemy/domains/continuous/test/auto/TransferAbsentToInside.xml
----------------- Instantiating /home/travis/build/icyphy/ptII/ptolemy/domains/continuous/test/auto/TransferAbsentToInside.xml
26 ms. Memory: 750592K Free: 200797K (27%)
----------------- Invoking toplevel() on ptolemy.moml.MoMLSimpleApplication@7952a5e0
----------------- Done invoking toplevel() on ptolemy.moml.MoMLSimpleApplication@7952a5e0
reloadAllAccessors: .TransferAbsentToInside

===========================================================================================
----------------- testing Mon Oct 15 02:33:28 UTC 2018 /home/travis/build/icyphy/ptII/ptolemy/domains/continuous/test/auto/Transmission.xml
----------------- Instantiating /home/travis/build/icyphy/ptII/ptolemy/domains/continuous/test/auto/Transmission.xml
845 ms. Memory: 685568K Free: 611845K (89%)
----------------- Invoking toplevel() on ptolemy.moml.MoMLSimpleApplication@7518315a
----------------- Done invoking toplevel() on ptolemy.moml.MoMLSimpleApplication@7518315a
reloadAllAccessors: .Transmission

===========================================================================================
----------------- testing Mon Oct 15 02:33:29 UTC 2018 /home/travis/build/icyphy/ptII/ptolemy/domains/continuous/test/auto/TriggeredContinuousClock.xml
----------------- Instantiating /home/travis/build/icyphy/ptII/ptolemy/domains/continuous/test/auto/TriggeredContinuousClock.xml
33 ms. Memory: 685568K Free: 574512K (84%)
----------------- Invoking toplevel() on ptolemy.moml.MoMLSimpleApplication@4fb1bebe
----------------- Done invoking toplevel() on ptolemy.moml.MoMLSimpleApplication@4fb1bebe
reloadAllAccessors: .TriggeredContinuousClock

===========================================================================================
----------------- testing Mon Oct 15 02:33:29 UTC 2018 /home/travis/build/icyphy/ptII/ptolemy/domains/continuous/test/auto/TwoMachineInfiniteBusControl.xml
----------------- Instantiating /home/travis/build/icyphy/ptII/ptolemy/domains/continuous/test/auto/TwoMachineInfiniteBusControl.xml
2759 ms. Memory: 656896K Free: 598910K (91%)
----------------- Invoking toplevel() on ptolemy.moml.MoMLSimpleApplication@73a6be23
----------------- Done invoking toplevel() on ptolemy.moml.MoMLSimpleApplication@73a6be23
reloadAllAccessors: .TwoMachineInfiniteBusControl

===========================================================================================
----------------- testing Mon Oct 15 02:33:32 UTC 2018 /home/travis/build/icyphy/ptII/ptolemy/domains/continuous/test/auto/V2V.xml
----------------- Instantiating /home/travis/build/icyphy/ptII/ptolemy/domains/continuous/test/auto/V2V.xml
704 ms. Memory: 656896K Free: 394584K (60%)
----------------- Invoking toplevel() on ptolemy.moml.MoMLSimpleApplication@42d1fc6d
----------------- Done invoking toplevel() on ptolemy.moml.MoMLSimpleApplication@42d1fc6d
reloadAllAccessors: .V2V

===========================================================================================
----------------- testing Mon Oct 15 02:33:33 UTC 2018 /home/travis/build/icyphy/ptII/ptolemy/domains/continuous/test/auto/hierarchicalModalModel.xml
----------------- Instantiating /home/travis/build/icyphy/ptII/ptolemy/domains/continuous/test/auto/hierarchicalModalModel.xml
7 ms. Memory: 656896K Free: 378613K (58%)
----------------- Invoking toplevel() on ptolemy.moml.MoMLSimpleApplication@5eb20508
----------------- Done invoking toplevel() on ptolemy.moml.MoMLSimpleApplication@5eb20508
reloadAllAccessors: .hierarchicalModalModel

===========================================================================================
----------------- testing Mon Oct 15 02:33:33 UTC 2018 /home/travis/build/icyphy/ptII/ptolemy/domains/continuous/test/auto/hierarchicalModalModel1.xml
----------------- Instantiating /home/travis/build/icyphy/ptII/ptolemy/domains/continuous/test/auto/hierarchicalModalModel1.xml
8 ms. Memory: 656896K Free: 356623K (54%)
----------------- Invoking toplevel() on ptolemy.moml.MoMLSimpleApplication@46b9b354
----------------- Done invoking toplevel() on ptolemy.moml.MoMLSimpleApplication@46b9b354
reloadAllAccessors: .hierarchicalModalModel1

===========================================================================================
----------------- testing Mon Oct 15 02:33:33 UTC 2018 /home/travis/build/icyphy/ptII/ptolemy/domains/continuous/test/auto/hierarchicalModalModel2.xml
----------------- Instantiating /home/travis/build/icyphy/ptII/ptolemy/domains/continuous/test/auto/hierarchicalModalModel2.xml
6 ms. Memory: 656896K Free: 340637K (52%)
----------------- Invoking toplevel() on ptolemy.moml.MoMLSimpleApplication@4535fb85
----------------- Done invoking toplevel() on ptolemy.moml.MoMLSimpleApplication@4535fb85
reloadAllAccessors: .hierarchicalModalModel2

===========================================================================================
----------------- testing Mon Oct 15 02:33:33 UTC 2018 /home/travis/build/icyphy/ptII/ptolemy/domains/continuous/test/auto/hierarchicalModalModel3.xml
----------------- Instantiating /home/travis/build/icyphy/ptII/ptolemy/domains/continuous/test/auto/hierarchicalModalModel3.xml
5 ms. Memory: 656896K Free: 327680K (50%)
----------------- Invoking toplevel() on ptolemy.moml.MoMLSimpleApplication@4f9ab6e3
----------------- Done invoking toplevel() on ptolemy.moml.MoMLSimpleApplication@4f9ab6e3
reloadAllAccessors: .hierarchicalModalModel3

===========================================================================================
----------------- testing Mon Oct 15 02:33:33 UTC 2018 /home/travis/build/icyphy/ptII/ptolemy/domains/continuous/test/auto/hierarchicalModalModel4.xml
----------------- Instantiating /home/travis/build/icyphy/ptII/ptolemy/domains/continuous/test/auto/hierarchicalModalModel4.xml
4 ms. Memory: 656896K Free: 311695K (47%)
----------------- Invoking toplevel() on ptolemy.moml.MoMLSimpleApplication@1fea7c8e
----------------- Done invoking toplevel() on ptolemy.moml.MoMLSimpleApplication@1fea7c8e
reloadAllAccessors: .hierarchicalModalModel4

===========================================================================================
----------------- testing Mon Oct 15 02:33:33 UTC 2018 /home/travis/build/icyphy/ptII/ptolemy/domains/continuous/test/auto/junk.xml
----------------- Instantiating /home/travis/build/icyphy/ptII/ptolemy/domains/continuous/test/auto/junk.xml
116 ms. Memory: 656896K Free: 277736K (42%)
----------------- Invoking toplevel() on ptolemy.moml.MoMLSimpleApplication@25e631c9
----------------- Done invoking toplevel() on ptolemy.moml.MoMLSimpleApplication@25e631c9
reloadAllAccessors: .junk
AutoTests.java: About to close Vertx.
AutoTests.java: Vertx closed.
]]></system-out>
  <system-err><![CDATA[Warning: '.IncreasingRatePoisson.NonStrictTest' The test produced only 382 tokens, yet the correctValues parameter was expecting 402 tokens.
Warning: '.Poisson.NonStrictTest' The test produced only 401 tokens, yet the correctValues parameter was expecting 430 tokens.
]]></system-err>
</testsuite>
