<?xml version="1.0" encoding="UTF-8" ?>
<testsuite errors="0" failures="0" hostname="travis-job-17dc5eba-0b98-49ec-9593-23dfff298588" name="ptolemy.domains.de.test.junit.JUnitTclTest" skipped="0" tests="101" time="134.24" timestamp="2019-07-14T22:52:10">
  <properties>
[...]
</properties>
  <testcase classname="ptolemy.util.test.junit.TclTests" name="[0] /home/travis/build/icyphy/ptII/ptolemy/domains/de/test/DependencyLoop.tcl (RunTclFile)" time="1.147" />
  <testcase classname="ptolemy.util.test.junit.TclTests" name="[1] /home/travis/build/icyphy/ptII/ptolemy/domains/de/test/RunDETestsAsQSS.tcl (RunTclFile)" time="90.961" />
  <testcase classname="ptolemy.util.test.junit.AutoKnownFailedTests" name="[0] /home/travis/build/icyphy/ptII/ptolemy/domains/de/test/auto/knownFailedTests/DESDFClockTest.xml (RunModel)" time="2.024" />
  <testcase classname="ptolemy.util.test.junit.AutoKnownFailedTests" name="[1] /home/travis/build/icyphy/ptII/ptolemy/domains/de/test/auto/knownFailedTests/DirectFeedback.xml (RunModel)" time="0.021" />
  <testcase classname="ptolemy.util.test.junit.AutoKnownFailedTests" name="[2] /home/travis/build/icyphy/ptII/ptolemy/domains/de/test/auto/knownFailedTests/FSMSource.xml (RunModel)" time="0.027" />
  <testcase classname="ptolemy.util.test.junit.AutoKnownFailedTests" name="[3] /home/travis/build/icyphy/ptII/ptolemy/domains/de/test/auto/knownFailedTests/HierarchicalModel.xml (RunModel)" time="0.035" />
  <testcase classname="ptolemy.util.test.junit.AutoKnownFailedTests" name="[4] /home/travis/build/icyphy/ptII/ptolemy/domains/de/test/auto/knownFailedTests/dependencyLoop.xml (RunModel)" time="0.032" />
  <testcase classname="ptolemy.util.test.junit.AutoKnownFailedTests" name="[5] /home/travis/build/icyphy/ptII/ptolemy/domains/de/test/auto/knownFailedTests/dependencyLoop2.xml (RunModel)" time="0.035" />
  <testcase classname="ptolemy.util.test.junit.AutoNameArchTests" name="[0] ThereAreNoAutoArchTests (RunModel)" time="0.001" />
  <testcase classname="ptolemy.util.test.junit.AutoTests" name="[0] /home/travis/build/icyphy/ptII/ptolemy/domains/de/test/auto/ActorDepthCalculation_actorWithoutPorts.xml (RunModel)" time="0.025" />
  <testcase classname="ptolemy.util.test.junit.AutoTests" name="[1] /home/travis/build/icyphy/ptII/ptolemy/domains/de/test/auto/AssemblyLine.xml (RunModel)" time="0.024" />
  <testcase classname="ptolemy.util.test.junit.AutoTests" name="[2] /home/travis/build/icyphy/ptII/ptolemy/domains/de/test/auto/CQBug1.xml (RunModel)" time="0.011" />
  <testcase classname="ptolemy.util.test.junit.AutoTests" name="[3] /home/travis/build/icyphy/ptII/ptolemy/domains/de/test/auto/CancelFireAt.xml (RunModel)" time="0.013" />
  <testcase classname="ptolemy.util.test.junit.AutoTests" name="[4] /home/travis/build/icyphy/ptII/ptolemy/domains/de/test/auto/CausalityAndComposabilityAnalysis.xml (RunModel)" time="0.009" />
  <testcase classname="ptolemy.util.test.junit.AutoTests" name="[5] /home/travis/build/icyphy/ptII/ptolemy/domains/de/test/auto/CausalityInterface1.xml (RunModel)" time="0.017" />
  <testcase classname="ptolemy.util.test.junit.AutoTests" name="[6] /home/travis/build/icyphy/ptII/ptolemy/domains/de/test/auto/CausalityInterface15.xml (RunModel)" time="0.021" />
  <testcase classname="ptolemy.util.test.junit.AutoTests" name="[7] /home/travis/build/icyphy/ptII/ptolemy/domains/de/test/auto/CausalityInterface2.xml (RunModel)" time="0.018" />
  <testcase classname="ptolemy.util.test.junit.AutoTests" name="[8] /home/travis/build/icyphy/ptII/ptolemy/domains/de/test/auto/CausalityInterface3.xml (RunModel)" time="0.013" />
  <testcase classname="ptolemy.util.test.junit.AutoTests" name="[9] /home/travis/build/icyphy/ptII/ptolemy/domains/de/test/auto/ClockDrift.xml (RunModel)" time="0.033" />
  <testcase classname="ptolemy.util.test.junit.AutoTests" name="[10] /home/travis/build/icyphy/ptII/ptolemy/domains/de/test/auto/ClockDriftAndValueChange.xml (RunModel)" time="0.033" />
  <testcase classname="ptolemy.util.test.junit.AutoTests" name="[11] /home/travis/build/icyphy/ptII/ptolemy/domains/de/test/auto/ClockDriftChange.xml (RunModel)" time="0.031" />
  <testcase classname="ptolemy.util.test.junit.AutoTests" name="[12] /home/travis/build/icyphy/ptII/ptolemy/domains/de/test/auto/ComposableCausalityAnalysis.xml (RunModel)" time="0.013" />
  <testcase classname="ptolemy.util.test.junit.AutoTests" name="[13] /home/travis/build/icyphy/ptII/ptolemy/domains/de/test/auto/DEFixedPointLimitation.xml (RunModel)" time="0.008" />
  <testcase classname="ptolemy.util.test.junit.AutoTests" name="[14] /home/travis/build/icyphy/ptII/ptolemy/domains/de/test/auto/DEScheduleTest.xml (RunModel)" time="0.012" />
  <testcase classname="ptolemy.util.test.junit.AutoTests" name="[15] /home/travis/build/icyphy/ptII/ptolemy/domains/de/test/auto/DEinDEwithStartTimes.xml (RunModel)" time="0.015" />
  <testcase classname="ptolemy.util.test.junit.AutoTests" name="[16] /home/travis/build/icyphy/ptII/ptolemy/domains/de/test/auto/DEinDEwithStartTimes2.xml (RunModel)" time="0.016" />
  <testcase classname="ptolemy.util.test.junit.AutoTests" name="[17] /home/travis/build/icyphy/ptII/ptolemy/domains/de/test/auto/DateDemo.xml (RunModel)" time="0.025" />
  <testcase classname="ptolemy.util.test.junit.AutoTests" name="[18] /home/travis/build/icyphy/ptII/ptolemy/domains/de/test/auto/DateToEvent.xml (RunModel)" time="2.033" />
  <testcase classname="ptolemy.util.test.junit.AutoTests" name="[19] /home/travis/build/icyphy/ptII/ptolemy/domains/de/test/auto/DepthTest1.xml (RunModel)" time="0.011" />
  <testcase classname="ptolemy.util.test.junit.AutoTests" name="[20] /home/travis/build/icyphy/ptII/ptolemy/domains/de/test/auto/DepthTest2.xml (RunModel)" time="0.014" />
  <testcase classname="ptolemy.util.test.junit.AutoTests" name="[21] /home/travis/build/icyphy/ptII/ptolemy/domains/de/test/auto/DepthTest3.xml (RunModel)" time="0.007" />
  <testcase classname="ptolemy.util.test.junit.AutoTests" name="[22] /home/travis/build/icyphy/ptII/ptolemy/domains/de/test/auto/DepthTest4.xml (RunModel)" time="0.015" />
  <testcase classname="ptolemy.util.test.junit.AutoTests" name="[23] /home/travis/build/icyphy/ptII/ptolemy/domains/de/test/auto/DepthTest5.xml (RunModel)" time="0.009" />
  <testcase classname="ptolemy.util.test.junit.AutoTests" name="[24] /home/travis/build/icyphy/ptII/ptolemy/domains/de/test/auto/DepthTest6.xml (RunModel)" time="0.008" />
  <testcase classname="ptolemy.util.test.junit.AutoTests" name="[25] /home/travis/build/icyphy/ptII/ptolemy/domains/de/test/auto/DepthTest7.xml (RunModel)" time="0.008" />
  <testcase classname="ptolemy.util.test.junit.AutoTests" name="[26] /home/travis/build/icyphy/ptII/ptolemy/domains/de/test/auto/EventToDate.xml (RunModel)" time="3.038" />
  <testcase classname="ptolemy.util.test.junit.AutoTests" name="[27] /home/travis/build/icyphy/ptII/ptolemy/domains/de/test/auto/FSM1.xml (RunModel)" time="0.034" />
  <testcase classname="ptolemy.util.test.junit.AutoTests" name="[28] /home/travis/build/icyphy/ptII/ptolemy/domains/de/test/auto/FSM7.xml (RunModel)" time="0.032" />
  <testcase classname="ptolemy.util.test.junit.AutoTests" name="[29] /home/travis/build/icyphy/ptII/ptolemy/domains/de/test/auto/Inspection.xml (RunModel)" time="0.033" />
  <testcase classname="ptolemy.util.test.junit.AutoTests" name="[30] /home/travis/build/icyphy/ptII/ptolemy/domains/de/test/auto/Iteration.xml (RunModel)" time="0.023" />
  <testcase classname="ptolemy.util.test.junit.AutoTests" name="[31] /home/travis/build/icyphy/ptII/ptolemy/domains/de/test/auto/LineFault.xml (RunModel)" time="0.501" />
  <testcase classname="ptolemy.util.test.junit.AutoTests" name="[32] /home/travis/build/icyphy/ptII/ptolemy/domains/de/test/auto/MergeModel1Add.xml (RunModel)" time="0.071" />
  <testcase classname="ptolemy.util.test.junit.AutoTests" name="[33] /home/travis/build/icyphy/ptII/ptolemy/domains/de/test/auto/MergeModel2Add.xml (RunModel)" time="0.059" />
  <testcase classname="ptolemy.util.test.junit.AutoTests" name="[34] /home/travis/build/icyphy/ptII/ptolemy/domains/de/test/auto/MergeModel3Add.xml (RunModel)" time="0.059" />
  <testcase classname="ptolemy.util.test.junit.AutoTests" name="[35] /home/travis/build/icyphy/ptII/ptolemy/domains/de/test/auto/MergeWithoutDiscard.xml (RunModel)" time="0.017" />
  <testcase classname="ptolemy.util.test.junit.AutoTests" name="[36] /home/travis/build/icyphy/ptII/ptolemy/domains/de/test/auto/Modal1.xml (RunModel)" time="0.042" />
  <testcase classname="ptolemy.util.test.junit.AutoTests" name="[37] /home/travis/build/icyphy/ptII/ptolemy/domains/de/test/auto/Modal2.xml (RunModel)" time="0.033" />
  <testcase classname="ptolemy.util.test.junit.AutoTests" name="[38] /home/travis/build/icyphy/ptII/ptolemy/domains/de/test/auto/Modal3.xml (RunModel)" time="0.033" />
  <testcase classname="ptolemy.util.test.junit.AutoTests" name="[39] /home/travis/build/icyphy/ptII/ptolemy/domains/de/test/auto/Modal4.xml (RunModel)" time="0.033" />
  <testcase classname="ptolemy.util.test.junit.AutoTests" name="[40] /home/travis/build/icyphy/ptII/ptolemy/domains/de/test/auto/Modal5.xml (RunModel)" time="0.038" />
  <testcase classname="ptolemy.util.test.junit.AutoTests" name="[41] /home/travis/build/icyphy/ptII/ptolemy/domains/de/test/auto/Modal6.xml (RunModel)" time="0.031" />
  <testcase classname="ptolemy.util.test.junit.AutoTests" name="[42] /home/travis/build/icyphy/ptII/ptolemy/domains/de/test/auto/Modal7.xml (RunModel)" time="0.035" />
  <testcase classname="ptolemy.util.test.junit.AutoTests" name="[43] /home/travis/build/icyphy/ptII/ptolemy/domains/de/test/auto/ModalModel.xml (RunModel)" time="0.183" />
  <testcase classname="ptolemy.util.test.junit.AutoTests" name="[44] /home/travis/build/icyphy/ptII/ptolemy/domains/de/test/auto/ModalSource.xml (RunModel)" time="0.024" />
  <testcase classname="ptolemy.util.test.junit.AutoTests" name="[45] /home/travis/build/icyphy/ptII/ptolemy/domains/de/test/auto/NonInterruptibleTimerZeroDelay.xml (RunModel)" time="0.011" />
  <testcase classname="ptolemy.util.test.junit.AutoTests" name="[46] /home/travis/build/icyphy/ptII/ptolemy/domains/de/test/auto/OpenQueueingNetwork.xml (RunModel)" time="2.468" />
  <testcase classname="ptolemy.util.test.junit.AutoTests" name="[47] /home/travis/build/icyphy/ptII/ptolemy/domains/de/test/auto/OpenQueuingNetwork.xml (RunModel)" time="0.29" />
  <testcase classname="ptolemy.util.test.junit.AutoTests" name="[48] /home/travis/build/icyphy/ptII/ptolemy/domains/de/test/auto/PeriodicSampler.xml (RunModel)" time="0.013" />
  <testcase classname="ptolemy.util.test.junit.AutoTests" name="[49] /home/travis/build/icyphy/ptII/ptolemy/domains/de/test/auto/PersistentIO.xml (RunModel)" time="0.018" />
  <testcase classname="ptolemy.util.test.junit.AutoTests" name="[50] /home/travis/build/icyphy/ptII/ptolemy/domains/de/test/auto/PortParameterResetOnInitialize.xml (RunModel)" time="0.009" />
  <testcase classname="ptolemy.util.test.junit.AutoTests" name="[51] /home/travis/build/icyphy/ptII/ptolemy/domains/de/test/auto/PortParameterUpdates.xml (RunModel)" time="0.015" />
  <testcase classname="ptolemy.util.test.junit.AutoTests" name="[52] /home/travis/build/icyphy/ptII/ptolemy/domains/de/test/auto/QueueAndServer.xml (RunModel)" time="0.02" />
  <testcase classname="ptolemy.util.test.junit.AutoTests" name="[53] /home/travis/build/icyphy/ptII/ptolemy/domains/de/test/auto/Records.xml (RunModel)" time="0.012" />
  <testcase classname="ptolemy.util.test.junit.AutoTests" name="[54] /home/travis/build/icyphy/ptII/ptolemy/domains/de/test/auto/ResetTransitionWithStartTime1.xml (RunModel)" time="0.017" />
  <testcase classname="ptolemy.util.test.junit.AutoTests" name="[55] /home/travis/build/icyphy/ptII/ptolemy/domains/de/test/auto/ResetTransitionWithStartTime2.xml (RunModel)" time="0.019" />
  <testcase classname="ptolemy.util.test.junit.AutoTests" name="[56] /home/travis/build/icyphy/ptII/ptolemy/domains/de/test/auto/ResetTransitionWithStartTime3.xml (RunModel)" time="0.019" />
  <testcase classname="ptolemy.util.test.junit.AutoTests" name="[57] /home/travis/build/icyphy/ptII/ptolemy/domains/de/test/auto/ResetTransitionWithStartTime4.xml (RunModel)" time="0.016" />
  <testcase classname="ptolemy.util.test.junit.AutoTests" name="[58] /home/travis/build/icyphy/ptII/ptolemy/domains/de/test/auto/ResettableTimer1.xml (RunModel)" time="0.009" />
  <testcase classname="ptolemy.util.test.junit.AutoTests" name="[59] /home/travis/build/icyphy/ptII/ptolemy/domains/de/test/auto/ResettableTimer2.xml (RunModel)" time="0.01" />
  <testcase classname="ptolemy.util.test.junit.AutoTests" name="[60] /home/travis/build/icyphy/ptII/ptolemy/domains/de/test/auto/ResettableTimer3.xml (RunModel)" time="0.009" />
  <testcase classname="ptolemy.util.test.junit.AutoTests" name="[61] /home/travis/build/icyphy/ptII/ptolemy/domains/de/test/auto/ResettableTimer4.xml (RunModel)" time="0.013" />
  <testcase classname="ptolemy.util.test.junit.AutoTests" name="[62] /home/travis/build/icyphy/ptII/ptolemy/domains/de/test/auto/ResettableTimer5.xml (RunModel)" time="0.01" />
  <testcase classname="ptolemy.util.test.junit.AutoTests" name="[63] /home/travis/build/icyphy/ptII/ptolemy/domains/de/test/auto/ResettableTimer6.xml (RunModel)" time="0.018" />
  <testcase classname="ptolemy.util.test.junit.AutoTests" name="[64] /home/travis/build/icyphy/ptII/ptolemy/domains/de/test/auto/ServerZeroDelay.xml (RunModel)" time="0.018" />
  <testcase classname="ptolemy.util.test.junit.AutoTests" name="[65] /home/travis/build/icyphy/ptII/ptolemy/domains/de/test/auto/SmartSender.xml (RunModel)" time="3.008" />
  <testcase classname="ptolemy.util.test.junit.AutoTests" name="[66] /home/travis/build/icyphy/ptII/ptolemy/domains/de/test/auto/ThreadedComposite.xml (RunModel)" time="0.655" />
  <testcase classname="ptolemy.util.test.junit.AutoTests" name="[67] /home/travis/build/icyphy/ptII/ptolemy/domains/de/test/auto/Time.xml (RunModel)" time="0.468" />
  <testcase classname="ptolemy.util.test.junit.AutoTests" name="[68] /home/travis/build/icyphy/ptII/ptolemy/domains/de/test/auto/TimeDelayZeroDelay.xml (RunModel)" time="0.013" />
  <testcase classname="ptolemy.util.test.junit.AutoTests" name="[69] /home/travis/build/icyphy/ptII/ptolemy/domains/de/test/auto/TimerZeroDelay.xml (RunModel)" time="0.014" />
  <testcase classname="ptolemy.util.test.junit.AutoTests" name="[70] /home/travis/build/icyphy/ptII/ptolemy/domains/de/test/auto/TimingParadox.xml (RunModel)" time="0.367" />
  <testcase classname="ptolemy.util.test.junit.AutoTests" name="[71] /home/travis/build/icyphy/ptII/ptolemy/domains/de/test/auto/TransferInputs.xml (RunModel)" time="0.018" />
  <testcase classname="ptolemy.util.test.junit.AutoTests" name="[72] /home/travis/build/icyphy/ptII/ptolemy/domains/de/test/auto/TransferOutputs2.xml (RunModel)" time="0.016" />
  <testcase classname="ptolemy.util.test.junit.AutoTests" name="[73] /home/travis/build/icyphy/ptII/ptolemy/domains/de/test/auto/Trilateration.xml (RunModel)" time="13.018" />
  <testcase classname="ptolemy.util.test.junit.AutoTests" name="[74] /home/travis/build/icyphy/ptII/ptolemy/domains/de/test/auto/TwoSigmaDelta.xml (RunModel)" time="2.014" />
  <testcase classname="ptolemy.util.test.junit.AutoTests" name="[75] /home/travis/build/icyphy/ptII/ptolemy/domains/de/test/auto/VariableDelay.xml (RunModel)" time="0.014" />
  <testcase classname="ptolemy.util.test.junit.AutoTests" name="[76] /home/travis/build/icyphy/ptII/ptolemy/domains/de/test/auto/VariableDelay2.xml (RunModel)" time="0.011" />
  <testcase classname="ptolemy.util.test.junit.AutoTests" name="[77] /home/travis/build/icyphy/ptII/ptolemy/domains/de/test/auto/VariableDelayZeroDelay.xml (RunModel)" time="0.014" />
  <testcase classname="ptolemy.util.test.junit.AutoTests" name="[78] /home/travis/build/icyphy/ptII/ptolemy/domains/de/test/auto/VariableDelayZeroDelay2.xml (RunModel)" time="0.01" />
  <testcase classname="ptolemy.util.test.junit.AutoTests" name="[79] /home/travis/build/icyphy/ptII/ptolemy/domains/de/test/auto/deInCt.xml (RunModel)" time="0.017" />
  <testcase classname="ptolemy.util.test.junit.AutoTests" name="[80] /home/travis/build/icyphy/ptII/ptolemy/domains/de/test/auto/deInCt2.xml (RunModel)" time="0.012" />
  <testcase classname="ptolemy.util.test.junit.AutoTests" name="[81] /home/travis/build/icyphy/ptII/ptolemy/domains/de/test/auto/dynamicCausalityInterface1.xml (RunModel)" time="0.016" />
  <testcase classname="ptolemy.util.test.junit.AutoTests" name="[82] /home/travis/build/icyphy/ptII/ptolemy/domains/de/test/auto/fsm_de_test.xml (RunModel)" time="0.021" />
  <testcase classname="ptolemy.util.test.junit.AutoTests" name="[83] /home/travis/build/icyphy/ptII/ptolemy/domains/de/test/auto/functionDependencyReconstruction.xml (RunModel)" time="0.033" />
  <testcase classname="ptolemy.util.test.junit.AutoTests" name="[84] /home/travis/build/icyphy/ptII/ptolemy/domains/de/test/auto/multirate.xml (RunModel)" time="0.016" />
  <testcase classname="ptolemy.util.test.junit.AutoTests" name="[85] /home/travis/build/icyphy/ptII/ptolemy/domains/de/test/auto/multirate2.xml (RunModel)" time="0.013" />
  <testcase classname="ptolemy.util.test.junit.AutoTests" name="[86] /home/travis/build/icyphy/ptII/ptolemy/domains/de/test/auto/realtime.xml (RunModel)" time="10.009" />
  <testcase classname="ptolemy.util.test.junit.AutoTests" name="[87] /home/travis/build/icyphy/ptII/ptolemy/domains/de/test/auto/relationGroup.xml (RunModel)" time="0.011" />
  <testcase classname="ptolemy.util.test.junit.AutoTests" name="[88] /home/travis/build/icyphy/ptII/ptolemy/domains/de/test/auto/relationGroup2.xml (RunModel)" time="0.007" />
  <testcase classname="ptolemy.util.test.junit.AutoTests" name="[89] /home/travis/build/icyphy/ptII/ptolemy/domains/de/test/auto/sortWithOpaquePorts.xml (RunModel)" time="0.012" />
  <testcase classname="ptolemy.util.test.junit.AutoTests" name="[90] /home/travis/build/icyphy/ptII/ptolemy/domains/de/test/auto/transferInputsandOutputs.xml (RunModel)" time="0.017" />
  <testcase classname="ptolemy.util.test.junit.AutoTests" name="[91] /home/travis/build/icyphy/ptII/ptolemy/domains/de/test/auto/triggerType.xml (RunModel)" time="0.011" />
  <system-out><![CDATA[/home/travis/build/icyphy/ptII/ptolemy/domains/de/test/DependencyLoop.tcl
testDefs.tcl: setting time out to 9000 seconds at Sun Jul 14 22:52:10 UTC 2019
90 ms. Memory: 120832K Free: 71623K (59%)
14 ms. Memory: 120832K Free: 54215K (45%)
/home/travis/build/icyphy/ptII/ptolemy/domains/de/test/RunDETestsAsQSS.tcl
Run the DE tests using ptolemy.domains.qss.test.QSSDirectorTest, which extends QSSDirector and prints a message in the constructors.
------------------ testing $PTII/ptolemy/domains/de/test/auto/knownFailedTests/DirectFeedback.xml (Known Failure) 
60 ms. Memory: 120832K Free: 49095K (41%)


==== $PTIIhome/travis/build/icyphy/ptII/ptolemy/domains/de/test/../../../../: Auto Automatic test in file $PTII/ptolemy/domains/de/test/auto/knownFailedTests/DirectFeedback.xml
==== Contents of test case:

	    # FIXME: we should use $relativeFilename here, but it
	    # might have backslashes under Windows, which causes no end
	    # of trouble.
	    createAndExecute $file
	    list {}
	
.... Test generated KNOWN error:
    while executing
ptolemy.kernel.util.IllegalActionException: Test fails in iteration 1.
Value was: 1.0. Should have been: 2.0
  in .DirectFeedback.Test
	at ptolemy.actor.lib.Test.fire(Test.java:268)
	at ptolemy.domains.de.kernel.DEDirector._fire(DEDirector.java:1949)
	at ptolemy.domains.de.kernel.DEDirector.fire(DEDirector.java:502)
	at ptolemy.actor.CompositeActor.fire(CompositeActor.java:455)
	at ptolemy.actor.Manager.iterate(Manager.java:851)
	at ptolemy.actor.Manager.execute(Manager.java:369)
	at ptolemy.actor.Manager.run(Manager.java:1263)
	at ptolemy.actor.Manager$PtolemyRunThread.run(Manager.java:1915)

    while executing
ptolemy.kernel.util.IllegalActionException: Test fails in iteration 1.
Value was: 1.0. Should have been: 2.0
  in .DirectFeedback.Test
    while executing
"java::new ptolemy.moml.MoMLSimpleApplication $file
"
    (procedure "createAndExecute" line 2)
    invoked from within
"createAndExecute $file"
    ("uplevel" body line 5)
    invoked from within
"uplevel $contents_of_test"
------------------ testing $PTII/ptolemy/domains/de/test/auto/knownFailedTests/dependencyLoop.xml (Known Failure) 
17 ms. Memory: 120832K Free: 46023K (38%)


==== $PTIIhome/travis/build/icyphy/ptII/ptolemy/domains/de/test/../../../../: Auto Automatic test in file $PTII/ptolemy/domains/de/test/auto/knownFailedTests/dependencyLoop.xml
==== Contents of test case:

	    # FIXME: we should use $relativeFilename here, but it
	    # might have backslashes under Windows, which causes no end
	    # of trouble.
	    createAndExecute $file
	    list {}
	
.... Test generated KNOWN error:
    while executing
ptolemy.kernel.util.IllegalActionException: Found a zero delay loop containing .dependencyLoop.original
  in .dependencyLoop and .dependencyLoop.original
	at ptolemy.actor.util.CausalityInterfaceForComposites._computeOutputPortDepth(CausalityInterfaceForComposites.java:759)
	at ptolemy.actor.util.CausalityInterfaceForComposites._computeInputDepth(CausalityInterfaceForComposites.java:696)
	at ptolemy.actor.util.CausalityInterfaceForComposites._computeOutputPortDepth(CausalityInterfaceForComposites.java:765)
	at ptolemy.actor.util.CausalityInterfaceForComposites._computeInputDepth(CausalityInterfaceForComposites.java:696)
	at ptolemy.actor.util.CausalityInterfaceForComposites._computeOutputPortDepth(CausalityInterfaceForComposites.java:765)
	at ptolemy.actor.util.CausalityInterfaceForComposites._computeInputDepth(CausalityInterfaceForComposites.java:696)
	at ptolemy.actor.util.CausalityInterfaceForComposites._computeActorDepth(CausalityInterfaceForComposites.java:532)
	at ptolemy.actor.util.CausalityInterfaceForComposites.checkForCycles(CausalityInterfaceForComposites.java:96)
	at ptolemy.domains.de.kernel.DEDirector.preinitialize(DEDirector.java:1338)
	at ptolemy.actor.CompositeActor.preinitialize(CompositeActor.java:1828)
	at ptolemy.actor.Manager.preinitializeAndResolveTypes(Manager.java:1040)
	at ptolemy.actor.Manager.initialize(Manager.java:710)
	at ptolemy.actor.Manager.execute(Manager.java:356)
	at ptolemy.actor.Manager.run(Manager.java:1263)
	at ptolemy.actor.Manager$PtolemyRunThread.run(Manager.java:1915)

    while executing
ptolemy.kernel.util.IllegalActionException: Found a zero delay loop containing .dependencyLoop.original
  in .dependencyLoop and .dependencyLoop.original
    while executing
"java::new ptolemy.moml.MoMLSimpleApplication $file
"
    (procedure "createAndExecute" line 2)
    invoked from within
"createAndExecute $file"
    ("uplevel" body line 5)
    invoked from within
"uplevel $contents_of_test"
------------------ testing $PTII/ptolemy/domains/de/test/auto/knownFailedTests/FSMSource.xml (Known Failure) 
60 ms. Memory: 120832K Free: 100014K (83%)
!!!! Auto was marked as failing, but now passes
------------------ testing $PTII/ptolemy/domains/de/test/auto/knownFailedTests/HierarchicalModel.xml (Known Failure) 
16 ms. Memory: 120832K Free: 82214K (68%)


==== $PTIIhome/travis/build/icyphy/ptII/ptolemy/domains/de/test/../../../../: Auto Automatic test in file $PTII/ptolemy/domains/de/test/auto/knownFailedTests/HierarchicalModel.xml
==== Contents of test case:

	    # FIXME: we should use $relativeFilename here, but it
	    # might have backslashes under Windows, which causes no end
	    # of trouble.
	    createAndExecute $file
	    list {}
	
.... Test generated KNOWN error:
    while executing
ptolemy.kernel.util.IllegalActionException: Found a zero delay loop containing .HierarchicalModel.A
  in .HierarchicalModel and .HierarchicalModel.A
	at ptolemy.actor.util.CausalityInterfaceForComposites._computeOutputPortDepth(CausalityInterfaceForComposites.java:759)
	at ptolemy.actor.util.CausalityInterfaceForComposites._computeInputDepth(CausalityInterfaceForComposites.java:696)
	at ptolemy.actor.util.CausalityInterfaceForComposites._computeOutputPortDepth(CausalityInterfaceForComposites.java:765)
	at ptolemy.actor.util.CausalityInterfaceForComposites._computeInputDepth(CausalityInterfaceForComposites.java:696)
	at ptolemy.actor.util.CausalityInterfaceForComposites._computeOutputPortDepth(CausalityInterfaceForComposites.java:765)
	at ptolemy.actor.util.CausalityInterfaceForComposites._computeInputDepth(CausalityInterfaceForComposites.java:696)
	at ptolemy.actor.util.CausalityInterfaceForComposites._computeActorDepth(CausalityInterfaceForComposites.java:532)
	at ptolemy.actor.util.CausalityInterfaceForComposites.checkForCycles(CausalityInterfaceForComposites.java:96)
	at ptolemy.domains.de.kernel.DEDirector.preinitialize(DEDirector.java:1338)
	at ptolemy.actor.CompositeActor.preinitialize(CompositeActor.java:1828)
	at ptolemy.actor.Manager.preinitializeAndResolveTypes(Manager.java:1040)
	at ptolemy.actor.Manager.initialize(Manager.java:710)
	at ptolemy.actor.Manager.execute(Manager.java:356)
	at ptolemy.actor.Manager.run(Manager.java:1263)
	at ptolemy.actor.Manager$PtolemyRunThread.run(Manager.java:1915)

    while executing
ptolemy.kernel.util.IllegalActionException: Found a zero delay loop containing .HierarchicalModel.A
  in .HierarchicalModel and .HierarchicalModel.A
    while executing
"java::new ptolemy.moml.MoMLSimpleApplication $file
"
    (procedure "createAndExecute" line 2)
    invoked from within
"createAndExecute $file"
    ("uplevel" body line 5)
    invoked from within
"uplevel $contents_of_test"
------------------ testing $PTII/ptolemy/domains/de/test/auto/knownFailedTests/dependencyLoop2.xml (Known Failure) 
24 ms. Memory: 120832K Free: 105984K (88%)


==== $PTIIhome/travis/build/icyphy/ptII/ptolemy/domains/de/test/../../../../: Auto Automatic test in file $PTII/ptolemy/domains/de/test/auto/knownFailedTests/dependencyLoop2.xml
==== Contents of test case:

	    # FIXME: we should use $relativeFilename here, but it
	    # might have backslashes under Windows, which causes no end
	    # of trouble.
	    createAndExecute $file
	    list {}
	
.... Test generated KNOWN error:
    while executing
ptolemy.kernel.util.IllegalActionException: Found a zero delay loop containing .dependencyLoop2.original
  in .dependencyLoop2 and .dependencyLoop2.original
	at ptolemy.actor.util.CausalityInterfaceForComposites._computeOutputPortDepth(CausalityInterfaceForComposites.java:759)
	at ptolemy.actor.util.CausalityInterfaceForComposites._computeInputDepth(CausalityInterfaceForComposites.java:696)
	at ptolemy.actor.util.CausalityInterfaceForComposites._computeOutputPortDepth(CausalityInterfaceForComposites.java:765)
	at ptolemy.actor.util.CausalityInterfaceForComposites._computeInputDepth(CausalityInterfaceForComposites.java:696)
	at ptolemy.actor.util.CausalityInterfaceForComposites._computeOutputPortDepth(CausalityInterfaceForComposites.java:765)
	at ptolemy.actor.util.CausalityInterfaceForComposites._computeInputDepth(CausalityInterfaceForComposites.java:696)
	at ptolemy.actor.util.CausalityInterfaceForComposites._computeActorDepth(CausalityInterfaceForComposites.java:532)
	at ptolemy.actor.util.CausalityInterfaceForComposites.checkForCycles(CausalityInterfaceForComposites.java:96)
	at ptolemy.domains.de.kernel.DEDirector.preinitialize(DEDirector.java:1338)
	at ptolemy.actor.CompositeActor.preinitialize(CompositeActor.java:1828)
	at ptolemy.actor.Manager.preinitializeAndResolveTypes(Manager.java:1040)
	at ptolemy.actor.Manager.initialize(Manager.java:710)
	at ptolemy.actor.Manager.execute(Manager.java:356)
	at ptolemy.actor.Manager.run(Manager.java:1263)
	at ptolemy.actor.Manager$PtolemyRunThread.run(Manager.java:1915)

    while executing
ptolemy.kernel.util.IllegalActionException: Found a zero delay loop containing .dependencyLoop2.original
  in .dependencyLoop2 and .dependencyLoop2.original
    while executing
"java::new ptolemy.moml.MoMLSimpleApplication $file
"
    (procedure "createAndExecute" line 2)
    invoked from within
"createAndExecute $file"
    ("uplevel" body line 5)
    invoked from within
"uplevel $contents_of_test"
------------------ testing $PTII/ptolemy/domains/de/test/auto/knownFailedTests/DESDFClockTest.xml (Known Failure) 
2074 ms. Memory: 120832K Free: 92974K (77%)


==== $PTIIhome/travis/build/icyphy/ptII/ptolemy/domains/de/test/../../../../: Auto Automatic test in file $PTII/ptolemy/domains/de/test/auto/knownFailedTests/DESDFClockTest.xml
==== Contents of test case:

	    # FIXME: we should use $relativeFilename here, but it
	    # might have backslashes under Windows, which causes no end
	    # of trouble.
	    createAndExecute $file
	    list {}
	
.... Test generated KNOWN error:
    while executing
ptolemy.kernel.util.IllegalActionException: Actor is not ready to fire.  Perhaps UpSample.prefire() returned false? Try debugging the actor by selecting "Listen to Actor".  Also, for SDF check moml for tokenConsumptionRate on input.
  in .DESDFClockTest.Play Bell.Copy1:SDF Director and .DESDFClockTest.Play Bell.UpSample
	at ptolemy.actor.sched.StaticSchedulingDirector.fire(StaticSchedulingDirector.java:227)
	at ptolemy.domains.sdf.kernel.SDFDirector.fire(SDFDirector.java:500)
	at ptolemy.actor.CompositeActor.fire(CompositeActor.java:455)
	at ptolemy.domains.de.kernel.DEDirector._fire(DEDirector.java:1949)
	at ptolemy.domains.de.kernel.DEDirector.fire(DEDirector.java:502)
	at ptolemy.actor.CompositeActor.fire(CompositeActor.java:455)
	at ptolemy.actor.Manager.iterate(Manager.java:851)
	at ptolemy.actor.Manager.execute(Manager.java:369)
	at ptolemy.actor.Manager.run(Manager.java:1263)
	at ptolemy.actor.Manager$PtolemyRunThread.run(Manager.java:1915)

    while executing
ptolemy.kernel.util.IllegalActionException: Actor is not ready to fire.  Perhaps UpSample.prefire() returned false? Try debugging the actor by selecting "Listen to Actor".  Also, for SDF check moml for tokenConsumptionRate on input.
  in .DESDFClockTest.Play Bell.Copy1:SDF Director and .DESDFClockTest.Play Bell.UpSample
    while executing
"java::new ptolemy.moml.MoMLSimpleApplication $file
"
    (procedure "createAndExecute" line 2)
    invoked from within
"createAndExecute $file"
    ("uplevel" body line 5)
    invoked from within
"uplevel $contents_of_test"
------------------ testing $PTII/ptolemy/domains/de/test/auto/ActorDepthCalculation_actorWithoutPorts.xml
auto.tcl: Setting watchdog for 200 seconds at Sun Jul 14 22:52:14 UTC 2019
5 ms. Memory: 120832K Free: 85396K (71%)
ptolemy.util.test.WatchDog.cancel(): canceling Sun Jul 14 22:52:14 UTC 2019
auto.tcl: Setting watchdog for 200 seconds at Sun Jul 14 22:52:14 UTC 2019
4 ms. Memory: 120832K Free: 84238K (70%)
ptolemy.util.test.WatchDog.cancel(): canceling Sun Jul 14 22:52:14 UTC 2019
------------------ testing $PTII/ptolemy/domains/de/test/auto/AssemblyLine.xml
auto.tcl: Setting watchdog for 200 seconds at Sun Jul 14 22:52:15 UTC 2019
28 ms. Memory: 48128K Free: 25242K (52%)
ptolemy.util.test.WatchDog.cancel(): canceling Sun Jul 14 22:52:15 UTC 2019
auto.tcl: Setting watchdog for 200 seconds at Sun Jul 14 22:52:15 UTC 2019
7 ms. Memory: 48128K Free: 24791K (52%)
ptolemy.util.test.WatchDog.cancel(): canceling Sun Jul 14 22:52:15 UTC 2019
------------------ testing $PTII/ptolemy/domains/de/test/auto/CQBug1.xml
auto.tcl: Setting watchdog for 200 seconds at Sun Jul 14 22:52:15 UTC 2019
4 ms. Memory: 48128K Free: 31421K (65%)
ptolemy.util.test.WatchDog.cancel(): canceling Sun Jul 14 22:52:15 UTC 2019
auto.tcl: Setting watchdog for 200 seconds at Sun Jul 14 22:52:15 UTC 2019
9 ms. Memory: 48128K Free: 30986K (64%)
ptolemy.util.test.WatchDog.cancel(): canceling Sun Jul 14 22:52:15 UTC 2019
------------------ testing $PTII/ptolemy/domains/de/test/auto/CancelFireAt.xml
auto.tcl: Setting watchdog for 200 seconds at Sun Jul 14 22:52:15 UTC 2019
3 ms. Memory: 45056K Free: 29728K (66%)
ptolemy.util.test.WatchDog.cancel(): canceling Sun Jul 14 22:52:15 UTC 2019
auto.tcl: Setting watchdog for 200 seconds at Sun Jul 14 22:52:15 UTC 2019
2 ms. Memory: 45056K Free: 29279K (65%)
ptolemy.util.test.WatchDog.cancel(): canceling Sun Jul 14 22:52:15 UTC 2019
------------------ testing $PTII/ptolemy/domains/de/test/auto/CausalityAndComposabilityAnalysis.xml
auto.tcl: Setting watchdog for 200 seconds at Sun Jul 14 22:52:15 UTC 2019
7 ms. Memory: 45056K Free: 27420K (61%)
ptolemy.util.test.WatchDog.cancel(): canceling Sun Jul 14 22:52:15 UTC 2019
auto.tcl: Setting watchdog for 200 seconds at Sun Jul 14 22:52:15 UTC 2019
10 ms. Memory: 45056K Free: 27003K (60%)
ptolemy.util.test.WatchDog.cancel(): canceling Sun Jul 14 22:52:15 UTC 2019
------------------ testing $PTII/ptolemy/domains/de/test/auto/CausalityInterface1.xml
auto.tcl: Setting watchdog for 200 seconds at Sun Jul 14 22:52:15 UTC 2019
24 ms. Memory: 45056K Free: 26348K (58%)
ptolemy.util.test.WatchDog.cancel(): canceling Sun Jul 14 22:52:15 UTC 2019
auto.tcl: Setting watchdog for 200 seconds at Sun Jul 14 22:52:15 UTC 2019
5 ms. Memory: 45056K Free: 25408K (56%)
ptolemy.util.test.WatchDog.cancel(): canceling Sun Jul 14 22:52:15 UTC 2019
------------------ testing $PTII/ptolemy/domains/de/test/auto/CausalityInterface15.xml
auto.tcl: Setting watchdog for 200 seconds at Sun Jul 14 22:52:15 UTC 2019
17 ms. Memory: 45056K Free: 26019K (58%)
ptolemy.util.test.WatchDog.cancel(): canceling Sun Jul 14 22:52:15 UTC 2019
auto.tcl: Setting watchdog for 200 seconds at Sun Jul 14 22:52:15 UTC 2019
5 ms. Memory: 45056K Free: 25344K (56%)
ptolemy.util.test.WatchDog.cancel(): canceling Sun Jul 14 22:52:15 UTC 2019
------------------ testing $PTII/ptolemy/domains/de/test/auto/CausalityInterface2.xml
auto.tcl: Setting watchdog for 200 seconds at Sun Jul 14 22:52:16 UTC 2019
16 ms. Memory: 45056K Free: 27293K (61%)
ptolemy.util.test.WatchDog.cancel(): canceling Sun Jul 14 22:52:16 UTC 2019
auto.tcl: Setting watchdog for 200 seconds at Sun Jul 14 22:52:16 UTC 2019
3 ms. Memory: 45056K Free: 26353K (58%)
ptolemy.util.test.WatchDog.cancel(): canceling Sun Jul 14 22:52:16 UTC 2019
------------------ testing $PTII/ptolemy/domains/de/test/auto/CausalityInterface3.xml
auto.tcl: Setting watchdog for 200 seconds at Sun Jul 14 22:52:16 UTC 2019
6 ms. Memory: 45056K Free: 26552K (59%)
ptolemy.util.test.WatchDog.cancel(): canceling Sun Jul 14 22:52:16 UTC 2019
auto.tcl: Setting watchdog for 200 seconds at Sun Jul 14 22:52:16 UTC 2019
4 ms. Memory: 45056K Free: 26120K (58%)
ptolemy.util.test.WatchDog.cancel(): canceling Sun Jul 14 22:52:16 UTC 2019
------------------ testing $PTII/ptolemy/domains/de/test/auto/ClockDrift.xml
auto.tcl: Setting watchdog for 200 seconds at Sun Jul 14 22:52:16 UTC 2019
95 ms. Memory: 45056K Free: 19146K (42%)
ptolemy.util.test.WatchDog.cancel(): canceling Sun Jul 14 22:52:16 UTC 2019
auto.tcl: Setting watchdog for 200 seconds at Sun Jul 14 22:52:16 UTC 2019
69 ms. Memory: 45056K Free: 16126K (36%)
ptolemy.util.test.WatchDog.cancel(): canceling Sun Jul 14 22:52:16 UTC 2019
------------------ testing $PTII/ptolemy/domains/de/test/auto/ClockDriftAndValueChange.xml
auto.tcl: Setting watchdog for 200 seconds at Sun Jul 14 22:52:16 UTC 2019
40 ms. Memory: 45056K Free: 19601K (44%)
ptolemy.util.test.WatchDog.cancel(): canceling Sun Jul 14 22:52:16 UTC 2019
auto.tcl: Setting watchdog for 200 seconds at Sun Jul 14 22:52:16 UTC 2019
30 ms. Memory: 45056K Free: 16662K (37%)
ptolemy.util.test.WatchDog.cancel(): canceling Sun Jul 14 22:52:16 UTC 2019
------------------ testing $PTII/ptolemy/domains/de/test/auto/ClockDriftChange.xml
auto.tcl: Setting watchdog for 200 seconds at Sun Jul 14 22:52:16 UTC 2019
19 ms. Memory: 45056K Free: 21261K (47%)
ptolemy.util.test.WatchDog.cancel(): canceling Sun Jul 14 22:52:16 UTC 2019
auto.tcl: Setting watchdog for 200 seconds at Sun Jul 14 22:52:16 UTC 2019
16 ms. Memory: 45056K Free: 18691K (41%)
ptolemy.util.test.WatchDog.cancel(): canceling Sun Jul 14 22:52:16 UTC 2019
------------------ testing $PTII/ptolemy/domains/de/test/auto/ComposableCausalityAnalysis.xml
auto.tcl: Setting watchdog for 200 seconds at Sun Jul 14 22:52:16 UTC 2019
2 ms. Memory: 45056K Free: 25907K (57%)
ptolemy.util.test.WatchDog.cancel(): canceling Sun Jul 14 22:52:16 UTC 2019
auto.tcl: Setting watchdog for 200 seconds at Sun Jul 14 22:52:16 UTC 2019
5 ms. Memory: 45056K Free: 24831K (55%)
ptolemy.util.test.WatchDog.cancel(): canceling Sun Jul 14 22:52:16 UTC 2019
------------------ testing $PTII/ptolemy/domains/de/test/auto/DEFixedPointLimitation.xml
auto.tcl: Setting watchdog for 200 seconds at Sun Jul 14 22:52:16 UTC 2019
2 ms. Memory: 45056K Free: 27259K (61%)
ptolemy.util.test.WatchDog.cancel(): canceling Sun Jul 14 22:52:16 UTC 2019
auto.tcl: Setting watchdog for 200 seconds at Sun Jul 14 22:52:16 UTC 2019
2 ms. Memory: 45056K Free: 26335K (58%)
ptolemy.util.test.WatchDog.cancel(): canceling Sun Jul 14 22:52:16 UTC 2019
------------------ testing $PTII/ptolemy/domains/de/test/auto/DEScheduleTest.xml
auto.tcl: Setting watchdog for 200 seconds at Sun Jul 14 22:52:16 UTC 2019
5 ms. Memory: 45056K Free: 27559K (61%)
ptolemy.util.test.WatchDog.cancel(): canceling Sun Jul 14 22:52:16 UTC 2019
auto.tcl: Setting watchdog for 200 seconds at Sun Jul 14 22:52:16 UTC 2019
3 ms. Memory: 45056K Free: 26806K (59%)
ptolemy.util.test.WatchDog.cancel(): canceling Sun Jul 14 22:52:16 UTC 2019
------------------ testing $PTII/ptolemy/domains/de/test/auto/DEinDEwithStartTimes.xml
auto.tcl: Setting watchdog for 200 seconds at Sun Jul 14 22:52:16 UTC 2019
7 ms. Memory: 45056K Free: 25700K (57%)
ptolemy.util.test.WatchDog.cancel(): canceling Sun Jul 14 22:52:17 UTC 2019
auto.tcl: Setting watchdog for 200 seconds at Sun Jul 14 22:52:17 UTC 2019
7 ms. Memory: 45056K Free: 24312K (54%)
ptolemy.util.test.WatchDog.cancel(): canceling Sun Jul 14 22:52:17 UTC 2019
------------------ testing $PTII/ptolemy/domains/de/test/auto/DEinDEwithStartTimes2.xml
auto.tcl: Setting watchdog for 200 seconds at Sun Jul 14 22:52:17 UTC 2019
5 ms. Memory: 45056K Free: 24912K (55%)
ptolemy.util.test.WatchDog.cancel(): canceling Sun Jul 14 22:52:17 UTC 2019
auto.tcl: Setting watchdog for 200 seconds at Sun Jul 14 22:52:17 UTC 2019
4 ms. Memory: 45056K Free: 23620K (52%)
ptolemy.util.test.WatchDog.cancel(): canceling Sun Jul 14 22:52:17 UTC 2019
------------------ testing $PTII/ptolemy/domains/de/test/auto/DateDemo.xml
auto.tcl: Setting watchdog for 200 seconds at Sun Jul 14 22:52:17 UTC 2019
14 ms. Memory: 45056K Free: 19797K (44%)
ptolemy.util.test.WatchDog.cancel(): canceling Sun Jul 14 22:52:17 UTC 2019
auto.tcl: Setting watchdog for 200 seconds at Sun Jul 14 22:52:17 UTC 2019
10 ms. Memory: 45056K Free: 18075K (40%)
ptolemy.util.test.WatchDog.cancel(): canceling Sun Jul 14 22:52:17 UTC 2019
------------------ testing $PTII/ptolemy/domains/de/test/auto/DateToEvent.xml
auto.tcl: Setting watchdog for 200 seconds at Sun Jul 14 22:52:17 UTC 2019
2018 ms. Memory: 45056K Free: 14322K (32%)
ptolemy.util.test.WatchDog.cancel(): canceling Sun Jul 14 22:52:19 UTC 2019
auto.tcl: Setting watchdog for 200 seconds at Sun Jul 14 22:52:19 UTC 2019
2006 ms. Memory: 45056K Free: 13805K (31%)
ptolemy.util.test.WatchDog.cancel(): canceling Sun Jul 14 22:52:21 UTC 2019
------------------ testing $PTII/ptolemy/domains/de/test/auto/DepthTest1.xml
auto.tcl: Setting watchdog for 200 seconds at Sun Jul 14 22:52:21 UTC 2019
2 ms. Memory: 45056K Free: 28455K (63%)
ptolemy.util.test.WatchDog.cancel(): canceling Sun Jul 14 22:52:21 UTC 2019
auto.tcl: Setting watchdog for 200 seconds at Sun Jul 14 22:52:21 UTC 2019
1 ms. Memory: 45056K Free: 27941K (62%)
ptolemy.util.test.WatchDog.cancel(): canceling Sun Jul 14 22:52:21 UTC 2019
------------------ testing $PTII/ptolemy/domains/de/test/auto/DepthTest2.xml
auto.tcl: Setting watchdog for 200 seconds at Sun Jul 14 22:52:21 UTC 2019
3 ms. Memory: 45056K Free: 25179K (56%)
ptolemy.util.test.WatchDog.cancel(): canceling Sun Jul 14 22:52:21 UTC 2019
auto.tcl: Setting watchdog for 200 seconds at Sun Jul 14 22:52:21 UTC 2019
3 ms. Memory: 45056K Free: 24758K (55%)
ptolemy.util.test.WatchDog.cancel(): canceling Sun Jul 14 22:52:21 UTC 2019
------------------ testing $PTII/ptolemy/domains/de/test/auto/DepthTest3.xml
auto.tcl: Setting watchdog for 200 seconds at Sun Jul 14 22:52:21 UTC 2019
2 ms. Memory: 45056K Free: 28659K (64%)
ptolemy.util.test.WatchDog.cancel(): canceling Sun Jul 14 22:52:21 UTC 2019
auto.tcl: Setting watchdog for 200 seconds at Sun Jul 14 22:52:21 UTC 2019
1 ms. Memory: 45056K Free: 27879K (62%)
ptolemy.util.test.WatchDog.cancel(): canceling Sun Jul 14 22:52:21 UTC 2019
------------------ testing $PTII/ptolemy/domains/de/test/auto/DepthTest4.xml
auto.tcl: Setting watchdog for 200 seconds at Sun Jul 14 22:52:21 UTC 2019
3 ms. Memory: 45056K Free: 27017K (60%)
ptolemy.util.test.WatchDog.cancel(): canceling Sun Jul 14 22:52:21 UTC 2019
auto.tcl: Setting watchdog for 200 seconds at Sun Jul 14 22:52:21 UTC 2019
3 ms. Memory: 45056K Free: 26289K (58%)
ptolemy.util.test.WatchDog.cancel(): canceling Sun Jul 14 22:52:21 UTC 2019
------------------ testing $PTII/ptolemy/domains/de/test/auto/DepthTest5.xml
auto.tcl: Setting watchdog for 200 seconds at Sun Jul 14 22:52:21 UTC 2019
9 ms. Memory: 45056K Free: 26406K (59%)
ptolemy.util.test.WatchDog.cancel(): canceling Sun Jul 14 22:52:21 UTC 2019
auto.tcl: Setting watchdog for 200 seconds at Sun Jul 14 22:52:21 UTC 2019
3 ms. Memory: 45056K Free: 25636K (57%)
ptolemy.util.test.WatchDog.cancel(): canceling Sun Jul 14 22:52:21 UTC 2019
------------------ testing $PTII/ptolemy/domains/de/test/auto/DepthTest6.xml
auto.tcl: Setting watchdog for 200 seconds at Sun Jul 14 22:52:21 UTC 2019
4 ms. Memory: 45056K Free: 26112K (58%)
ptolemy.util.test.WatchDog.cancel(): canceling Sun Jul 14 22:52:21 UTC 2019
auto.tcl: Setting watchdog for 200 seconds at Sun Jul 14 22:52:21 UTC 2019
2 ms. Memory: 45056K Free: 25598K (57%)
ptolemy.util.test.WatchDog.cancel(): canceling Sun Jul 14 22:52:21 UTC 2019
------------------ testing $PTII/ptolemy/domains/de/test/auto/DepthTest7.xml
auto.tcl: Setting watchdog for 200 seconds at Sun Jul 14 22:52:21 UTC 2019
3 ms. Memory: 45056K Free: 26619K (59%)
ptolemy.util.test.WatchDog.cancel(): canceling Sun Jul 14 22:52:21 UTC 2019
auto.tcl: Setting watchdog for 200 seconds at Sun Jul 14 22:52:21 UTC 2019
3 ms. Memory: 45056K Free: 26214K (58%)
ptolemy.util.test.WatchDog.cancel(): canceling Sun Jul 14 22:52:21 UTC 2019
------------------ testing $PTII/ptolemy/domains/de/test/auto/EventToDate.xml
auto.tcl: Setting watchdog for 200 seconds at Sun Jul 14 22:52:21 UTC 2019
3009 ms. Memory: 45056K Free: 17771K (39%)
ptolemy.util.test.WatchDog.cancel(): canceling Sun Jul 14 22:52:25 UTC 2019
auto.tcl: Setting watchdog for 200 seconds at Sun Jul 14 22:52:25 UTC 2019
3004 ms. Memory: 45056K Free: 17058K (38%)
ptolemy.util.test.WatchDog.cancel(): canceling Sun Jul 14 22:52:28 UTC 2019
------------------ testing $PTII/ptolemy/domains/de/test/auto/FSM1.xml
auto.tcl: Setting watchdog for 200 seconds at Sun Jul 14 22:52:28 UTC 2019
19 ms. Memory: 45056K Free: 18947K (42%)
ptolemy.util.test.WatchDog.cancel(): canceling Sun Jul 14 22:52:28 UTC 2019
auto.tcl: Setting watchdog for 200 seconds at Sun Jul 14 22:52:28 UTC 2019
18 ms. Memory: 45056K Free: 15317K (34%)
ptolemy.util.test.WatchDog.cancel(): canceling Sun Jul 14 22:52:28 UTC 2019
------------------ testing $PTII/ptolemy/domains/de/test/auto/FSM7.xml
auto.tcl: Setting watchdog for 200 seconds at Sun Jul 14 22:52:28 UTC 2019
26 ms. Memory: 45056K Free: 18686K (41%)
ptolemy.util.test.WatchDog.cancel(): canceling Sun Jul 14 22:52:28 UTC 2019
auto.tcl: Setting watchdog for 200 seconds at Sun Jul 14 22:52:28 UTC 2019
23 ms. Memory: 45056K Free: 15531K (34%)
ptolemy.util.test.WatchDog.cancel(): canceling Sun Jul 14 22:52:28 UTC 2019
------------------ testing $PTII/ptolemy/domains/de/test/auto/Inspection.xml
auto.tcl: Setting watchdog for 200 seconds at Sun Jul 14 22:52:28 UTC 2019
27 ms. Memory: 45056K Free: 18489K (41%)
ptolemy.util.test.WatchDog.cancel(): canceling Sun Jul 14 22:52:28 UTC 2019
auto.tcl: Setting watchdog for 200 seconds at Sun Jul 14 22:52:28 UTC 2019
21 ms. Memory: 45056K Free: 16600K (37%)
ptolemy.util.test.WatchDog.cancel(): canceling Sun Jul 14 22:52:28 UTC 2019
------------------ testing $PTII/ptolemy/domains/de/test/auto/Iteration.xml
auto.tcl: Setting watchdog for 200 seconds at Sun Jul 14 22:52:28 UTC 2019
9 ms. Memory: 45056K Free: 24386K (54%)
ptolemy.util.test.WatchDog.cancel(): canceling Sun Jul 14 22:52:28 UTC 2019
auto.tcl: Setting watchdog for 200 seconds at Sun Jul 14 22:52:28 UTC 2019
7 ms. Memory: 45056K Free: 23362K (52%)
ptolemy.util.test.WatchDog.cancel(): canceling Sun Jul 14 22:52:28 UTC 2019
------------------ testing $PTII/ptolemy/domains/de/test/auto/LineFault.xml
auto.tcl: Setting watchdog for 200 seconds at Sun Jul 14 22:52:28 UTC 2019
763 ms. Memory: 45056K Free: 12400K (28%)
ptolemy.util.test.WatchDog.cancel(): canceling Sun Jul 14 22:52:29 UTC 2019
auto.tcl: Setting watchdog for 200 seconds at Sun Jul 14 22:52:29 UTC 2019
631 ms. Memory: 54272K Free: 25914K (48%)
ptolemy.util.test.WatchDog.cancel(): canceling Sun Jul 14 22:52:30 UTC 2019
------------------ testing $PTII/ptolemy/domains/de/test/auto/MergeModel1Add.xml
auto.tcl: Setting watchdog for 200 seconds at Sun Jul 14 22:52:30 UTC 2019
18 ms. Memory: 54272K Free: 19340K (36%)
ptolemy.util.test.WatchDog.cancel(): canceling Sun Jul 14 22:52:30 UTC 2019
auto.tcl: Setting watchdog for 200 seconds at Sun Jul 14 22:52:30 UTC 2019
12 ms. Memory: 54272K Free: 17995K (33%)
ptolemy.util.test.WatchDog.cancel(): canceling Sun Jul 14 22:52:30 UTC 2019
------------------ testing $PTII/ptolemy/domains/de/test/auto/MergeModel2Add.xml
auto.tcl: Setting watchdog for 200 seconds at Sun Jul 14 22:52:30 UTC 2019
16 ms. Memory: 48128K Free: 16019K (33%)
ptolemy.util.test.WatchDog.cancel(): canceling Sun Jul 14 22:52:30 UTC 2019
auto.tcl: Setting watchdog for 200 seconds at Sun Jul 14 22:52:30 UTC 2019
11 ms. Memory: 48128K Free: 14598K (30%)
ptolemy.util.test.WatchDog.cancel(): canceling Sun Jul 14 22:52:30 UTC 2019
------------------ testing $PTII/ptolemy/domains/de/test/auto/MergeModel3Add.xml
auto.tcl: Setting watchdog for 200 seconds at Sun Jul 14 22:52:30 UTC 2019
8 ms. Memory: 48128K Free: 15342K (32%)
ptolemy.util.test.WatchDog.cancel(): canceling Sun Jul 14 22:52:30 UTC 2019
auto.tcl: Setting watchdog for 200 seconds at Sun Jul 14 22:52:30 UTC 2019
9 ms. Memory: 48128K Free: 13581K (28%)
ptolemy.util.test.WatchDog.cancel(): canceling Sun Jul 14 22:52:30 UTC 2019
------------------ testing $PTII/ptolemy/domains/de/test/auto/MergeWithoutDiscard.xml
auto.tcl: Setting watchdog for 200 seconds at Sun Jul 14 22:52:30 UTC 2019
1 ms. Memory: 48128K Free: 30083K (63%)
ptolemy.util.test.WatchDog.cancel(): canceling Sun Jul 14 22:52:30 UTC 2019
auto.tcl: Setting watchdog for 200 seconds at Sun Jul 14 22:52:30 UTC 2019
1 ms. Memory: 48128K Free: 29703K (62%)
ptolemy.util.test.WatchDog.cancel(): canceling Sun Jul 14 22:52:30 UTC 2019
------------------ testing $PTII/ptolemy/domains/de/test/auto/Modal1.xml
auto.tcl: Setting watchdog for 200 seconds at Sun Jul 14 22:52:30 UTC 2019
12 ms. Memory: 48128K Free: 22262K (46%)
ptolemy.util.test.WatchDog.cancel(): canceling Sun Jul 14 22:52:30 UTC 2019
auto.tcl: Setting watchdog for 200 seconds at Sun Jul 14 22:52:30 UTC 2019
13 ms. Memory: 48128K Free: 19011K (40%)
ptolemy.util.test.WatchDog.cancel(): canceling Sun Jul 14 22:52:30 UTC 2019
------------------ testing $PTII/ptolemy/domains/de/test/auto/Modal2.xml
auto.tcl: Setting watchdog for 200 seconds at Sun Jul 14 22:52:30 UTC 2019
11 ms. Memory: 48128K Free: 22129K (46%)
ptolemy.util.test.WatchDog.cancel(): canceling Sun Jul 14 22:52:30 UTC 2019
auto.tcl: Setting watchdog for 200 seconds at Sun Jul 14 22:52:30 UTC 2019
18 ms. Memory: 48128K Free: 18871K (39%)
ptolemy.util.test.WatchDog.cancel(): canceling Sun Jul 14 22:52:30 UTC 2019
------------------ testing $PTII/ptolemy/domains/de/test/auto/Modal3.xml
auto.tcl: Setting watchdog for 200 seconds at Sun Jul 14 22:52:30 UTC 2019
13 ms. Memory: 48128K Free: 21857K (45%)
ptolemy.util.test.WatchDog.cancel(): canceling Sun Jul 14 22:52:30 UTC 2019
auto.tcl: Setting watchdog for 200 seconds at Sun Jul 14 22:52:30 UTC 2019
19 ms. Memory: 48128K Free: 18900K (39%)
ptolemy.util.test.WatchDog.cancel(): canceling Sun Jul 14 22:52:31 UTC 2019
------------------ testing $PTII/ptolemy/domains/de/test/auto/Modal4.xml
auto.tcl: Setting watchdog for 200 seconds at Sun Jul 14 22:52:31 UTC 2019
22 ms. Memory: 48128K Free: 21063K (44%)
ptolemy.util.test.WatchDog.cancel(): canceling Sun Jul 14 22:52:31 UTC 2019
auto.tcl: Setting watchdog for 200 seconds at Sun Jul 14 22:52:31 UTC 2019
19 ms. Memory: 48128K Free: 17232K (36%)
ptolemy.util.test.WatchDog.cancel(): canceling Sun Jul 14 22:52:31 UTC 2019
------------------ testing $PTII/ptolemy/domains/de/test/auto/Modal5.xml
auto.tcl: Setting watchdog for 200 seconds at Sun Jul 14 22:52:31 UTC 2019
15 ms. Memory: 48128K Free: 21069K (44%)
ptolemy.util.test.WatchDog.cancel(): canceling Sun Jul 14 22:52:31 UTC 2019
auto.tcl: Setting watchdog for 200 seconds at Sun Jul 14 22:52:31 UTC 2019
16 ms. Memory: 48128K Free: 17220K (36%)
ptolemy.util.test.WatchDog.cancel(): canceling Sun Jul 14 22:52:31 UTC 2019
------------------ testing $PTII/ptolemy/domains/de/test/auto/Modal6.xml
auto.tcl: Setting watchdog for 200 seconds at Sun Jul 14 22:52:31 UTC 2019
12 ms. Memory: 48128K Free: 21873K (45%)
ptolemy.util.test.WatchDog.cancel(): canceling Sun Jul 14 22:52:31 UTC 2019
auto.tcl: Setting watchdog for 200 seconds at Sun Jul 14 22:52:31 UTC 2019
13 ms. Memory: 48128K Free: 17899K (37%)
ptolemy.util.test.WatchDog.cancel(): canceling Sun Jul 14 22:52:31 UTC 2019
------------------ testing $PTII/ptolemy/domains/de/test/auto/Modal7.xml
auto.tcl: Setting watchdog for 200 seconds at Sun Jul 14 22:52:31 UTC 2019
10 ms. Memory: 48128K Free: 20582K (43%)
ptolemy.util.test.WatchDog.cancel(): canceling Sun Jul 14 22:52:31 UTC 2019
auto.tcl: Setting watchdog for 200 seconds at Sun Jul 14 22:52:31 UTC 2019
11 ms. Memory: 48128K Free: 17218K (36%)
ptolemy.util.test.WatchDog.cancel(): canceling Sun Jul 14 22:52:31 UTC 2019
------------------ testing $PTII/ptolemy/domains/de/test/auto/ModalModel.xml
auto.tcl: Setting watchdog for 200 seconds at Sun Jul 14 22:52:31 UTC 2019
249 ms. Memory: 60416K Free: 44154K (73%)
ptolemy.util.test.WatchDog.cancel(): canceling Sun Jul 14 22:52:31 UTC 2019
auto.tcl: Setting watchdog for 200 seconds at Sun Jul 14 22:52:31 UTC 2019
208 ms. Memory: 60416K Free: 40896K (68%)
ptolemy.util.test.WatchDog.cancel(): canceling Sun Jul 14 22:52:32 UTC 2019
------------------ testing $PTII/ptolemy/domains/de/test/auto/ModalSource.xml
auto.tcl: Setting watchdog for 200 seconds at Sun Jul 14 22:52:32 UTC 2019
11 ms. Memory: 51200K Free: 28973K (57%)
ptolemy.util.test.WatchDog.cancel(): canceling Sun Jul 14 22:52:32 UTC 2019
auto.tcl: Setting watchdog for 200 seconds at Sun Jul 14 22:52:32 UTC 2019
6 ms. Memory: 51200K Free: 27020K (53%)
ptolemy.util.test.WatchDog.cancel(): canceling Sun Jul 14 22:52:32 UTC 2019
------------------ testing $PTII/ptolemy/domains/de/test/auto/NonInterruptibleTimerZeroDelay.xml
auto.tcl: Setting watchdog for 200 seconds at Sun Jul 14 22:52:32 UTC 2019
4 ms. Memory: 51200K Free: 33883K (66%)
ptolemy.util.test.WatchDog.cancel(): canceling Sun Jul 14 22:52:32 UTC 2019
auto.tcl: Setting watchdog for 200 seconds at Sun Jul 14 22:52:32 UTC 2019
2 ms. Memory: 51200K Free: 33243K (65%)
ptolemy.util.test.WatchDog.cancel(): canceling Sun Jul 14 22:52:32 UTC 2019
------------------ testing $PTII/ptolemy/domains/de/test/auto/OpenQueueingNetwork.xml
auto.tcl: Setting watchdog for 200 seconds at Sun Jul 14 22:52:32 UTC 2019
2916 ms. Memory: 110592K Free: 75380K (68%)
ptolemy.util.test.WatchDog.cancel(): canceling Sun Jul 14 22:52:35 UTC 2019
auto.tcl: Setting watchdog for 200 seconds at Sun Jul 14 22:52:35 UTC 2019
2525 ms. Memory: 110592K Free: 43634K (39%)
ptolemy.util.test.WatchDog.cancel(): canceling Sun Jul 14 22:52:37 UTC 2019
------------------ testing $PTII/ptolemy/domains/de/test/auto/OpenQueuingNetwork.xml
auto.tcl: Setting watchdog for 200 seconds at Sun Jul 14 22:52:37 UTC 2019
247 ms. Memory: 51200K Free: 16146K (32%)
ptolemy.util.test.WatchDog.cancel(): canceling Sun Jul 14 22:52:38 UTC 2019
auto.tcl: Setting watchdog for 200 seconds at Sun Jul 14 22:52:38 UTC 2019
275 ms. Memory: 61440K Free: 30957K (50%)
ptolemy.util.test.WatchDog.cancel(): canceling Sun Jul 14 22:52:38 UTC 2019
------------------ testing $PTII/ptolemy/domains/de/test/auto/PeriodicSampler.xml
auto.tcl: Setting watchdog for 200 seconds at Sun Jul 14 22:52:38 UTC 2019
2 ms. Memory: 51200K Free: 33103K (65%)
ptolemy.util.test.WatchDog.cancel(): canceling Sun Jul 14 22:52:38 UTC 2019
auto.tcl: Setting watchdog for 200 seconds at Sun Jul 14 22:52:38 UTC 2019
2 ms. Memory: 51200K Free: 32194K (63%)
ptolemy.util.test.WatchDog.cancel(): canceling Sun Jul 14 22:52:38 UTC 2019
------------------ testing $PTII/ptolemy/domains/de/test/auto/PersistentIO.xml
auto.tcl: Setting watchdog for 200 seconds at Sun Jul 14 22:52:38 UTC 2019
13 ms. Memory: 51200K Free: 28041K (55%)
ptolemy.util.test.WatchDog.cancel(): canceling Sun Jul 14 22:52:38 UTC 2019
auto.tcl: Setting watchdog for 200 seconds at Sun Jul 14 22:52:38 UTC 2019
4 ms. Memory: 51200K Free: 26608K (52%)
ptolemy.util.test.WatchDog.cancel(): canceling Sun Jul 14 22:52:38 UTC 2019
------------------ testing $PTII/ptolemy/domains/de/test/auto/PortParameterResetOnInitialize.xml
auto.tcl: Setting watchdog for 200 seconds at Sun Jul 14 22:52:38 UTC 2019
2 ms. Memory: 48128K Free: 29939K (62%)
ptolemy.util.test.WatchDog.cancel(): canceling Sun Jul 14 22:52:38 UTC 2019
auto.tcl: Setting watchdog for 200 seconds at Sun Jul 14 22:52:38 UTC 2019
2 ms. Memory: 48128K Free: 29494K (61%)
ptolemy.util.test.WatchDog.cancel(): canceling Sun Jul 14 22:52:38 UTC 2019
------------------ testing $PTII/ptolemy/domains/de/test/auto/PortParameterUpdates.xml
auto.tcl: Setting watchdog for 200 seconds at Sun Jul 14 22:52:38 UTC 2019
5 ms. Memory: 48128K Free: 28283K (59%)
ptolemy.util.test.WatchDog.cancel(): canceling Sun Jul 14 22:52:38 UTC 2019
auto.tcl: Setting watchdog for 200 seconds at Sun Jul 14 22:52:38 UTC 2019
4 ms. Memory: 48128K Free: 27072K (56%)
ptolemy.util.test.WatchDog.cancel(): canceling Sun Jul 14 22:52:38 UTC 2019
------------------ testing $PTII/ptolemy/domains/de/test/auto/QueueAndServer.xml
auto.tcl: Setting watchdog for 200 seconds at Sun Jul 14 22:52:38 UTC 2019
14 ms. Memory: 48128K Free: 27222K (57%)
ptolemy.util.test.WatchDog.cancel(): canceling Sun Jul 14 22:52:38 UTC 2019
auto.tcl: Setting watchdog for 200 seconds at Sun Jul 14 22:52:38 UTC 2019
9 ms. Memory: 48128K Free: 25569K (53%)
ptolemy.util.test.WatchDog.cancel(): canceling Sun Jul 14 22:52:38 UTC 2019
------------------ testing $PTII/ptolemy/domains/de/test/auto/Records.xml
auto.tcl: Setting watchdog for 200 seconds at Sun Jul 14 22:52:38 UTC 2019
3 ms. Memory: 48128K Free: 29521K (61%)
ptolemy.util.test.WatchDog.cancel(): canceling Sun Jul 14 22:52:38 UTC 2019
auto.tcl: Setting watchdog for 200 seconds at Sun Jul 14 22:52:38 UTC 2019
2 ms. Memory: 48128K Free: 28594K (59%)
ptolemy.util.test.WatchDog.cancel(): canceling Sun Jul 14 22:52:38 UTC 2019
------------------ testing $PTII/ptolemy/domains/de/test/auto/ResetTransitionWithStartTime1.xml
auto.tcl: Setting watchdog for 200 seconds at Sun Jul 14 22:52:39 UTC 2019
11 ms. Memory: 48128K Free: 26627K (55%)
ptolemy.util.test.WatchDog.cancel(): canceling Sun Jul 14 22:52:39 UTC 2019
auto.tcl: Setting watchdog for 200 seconds at Sun Jul 14 22:52:39 UTC 2019
8 ms. Memory: 48128K Free: 23949K (50%)
ptolemy.util.test.WatchDog.cancel(): canceling Sun Jul 14 22:52:39 UTC 2019
------------------ testing $PTII/ptolemy/domains/de/test/auto/ResetTransitionWithStartTime2.xml
auto.tcl: Setting watchdog for 200 seconds at Sun Jul 14 22:52:39 UTC 2019
8 ms. Memory: 48128K Free: 26391K (55%)
ptolemy.util.test.WatchDog.cancel(): canceling Sun Jul 14 22:52:39 UTC 2019
auto.tcl: Setting watchdog for 200 seconds at Sun Jul 14 22:52:39 UTC 2019
6 ms. Memory: 48128K Free: 23875K (50%)
ptolemy.util.test.WatchDog.cancel(): canceling Sun Jul 14 22:52:39 UTC 2019
------------------ testing $PTII/ptolemy/domains/de/test/auto/ResetTransitionWithStartTime3.xml
auto.tcl: Setting watchdog for 200 seconds at Sun Jul 14 22:52:39 UTC 2019
9 ms. Memory: 48128K Free: 26390K (55%)
ptolemy.util.test.WatchDog.cancel(): canceling Sun Jul 14 22:52:39 UTC 2019
auto.tcl: Setting watchdog for 200 seconds at Sun Jul 14 22:52:39 UTC 2019
6 ms. Memory: 48128K Free: 24310K (51%)
ptolemy.util.test.WatchDog.cancel(): canceling Sun Jul 14 22:52:39 UTC 2019
------------------ testing $PTII/ptolemy/domains/de/test/auto/ResetTransitionWithStartTime4.xml
auto.tcl: Setting watchdog for 200 seconds at Sun Jul 14 22:52:39 UTC 2019
8 ms. Memory: 48128K Free: 26879K (56%)
ptolemy.util.test.WatchDog.cancel(): canceling Sun Jul 14 22:52:39 UTC 2019
auto.tcl: Setting watchdog for 200 seconds at Sun Jul 14 22:52:39 UTC 2019
4 ms. Memory: 48128K Free: 25500K (53%)
ptolemy.util.test.WatchDog.cancel(): canceling Sun Jul 14 22:52:39 UTC 2019
------------------ testing $PTII/ptolemy/domains/de/test/auto/ResettableTimer1.xml
auto.tcl: Setting watchdog for 200 seconds at Sun Jul 14 22:52:39 UTC 2019
2 ms. Memory: 48128K Free: 30468K (63%)
ptolemy.util.test.WatchDog.cancel(): canceling Sun Jul 14 22:52:39 UTC 2019
auto.tcl: Setting watchdog for 200 seconds at Sun Jul 14 22:52:39 UTC 2019
2 ms. Memory: 48128K Free: 29562K (61%)
ptolemy.util.test.WatchDog.cancel(): canceling Sun Jul 14 22:52:39 UTC 2019
------------------ testing $PTII/ptolemy/domains/de/test/auto/ResettableTimer2.xml
auto.tcl: Setting watchdog for 200 seconds at Sun Jul 14 22:52:39 UTC 2019
3 ms. Memory: 48128K Free: 30524K (63%)
ptolemy.util.test.WatchDog.cancel(): canceling Sun Jul 14 22:52:39 UTC 2019
auto.tcl: Setting watchdog for 200 seconds at Sun Jul 14 22:52:39 UTC 2019
2 ms. Memory: 48128K Free: 29632K (62%)
ptolemy.util.test.WatchDog.cancel(): canceling Sun Jul 14 22:52:39 UTC 2019
------------------ testing $PTII/ptolemy/domains/de/test/auto/ResettableTimer3.xml
auto.tcl: Setting watchdog for 200 seconds at Sun Jul 14 22:52:39 UTC 2019
2 ms. Memory: 48128K Free: 31033K (64%)
ptolemy.util.test.WatchDog.cancel(): canceling Sun Jul 14 22:52:39 UTC 2019
auto.tcl: Setting watchdog for 200 seconds at Sun Jul 14 22:52:39 UTC 2019
2 ms. Memory: 48128K Free: 30523K (63%)
ptolemy.util.test.WatchDog.cancel(): canceling Sun Jul 14 22:52:39 UTC 2019
------------------ testing $PTII/ptolemy/domains/de/test/auto/ResettableTimer4.xml
auto.tcl: Setting watchdog for 200 seconds at Sun Jul 14 22:52:39 UTC 2019
1 ms. Memory: 48128K Free: 31046K (65%)
ptolemy.util.test.WatchDog.cancel(): canceling Sun Jul 14 22:52:39 UTC 2019
auto.tcl: Setting watchdog for 200 seconds at Sun Jul 14 22:52:39 UTC 2019
1 ms. Memory: 48128K Free: 30536K (63%)
ptolemy.util.test.WatchDog.cancel(): canceling Sun Jul 14 22:52:39 UTC 2019
------------------ testing $PTII/ptolemy/domains/de/test/auto/ResettableTimer5.xml
auto.tcl: Setting watchdog for 200 seconds at Sun Jul 14 22:52:39 UTC 2019
2 ms. Memory: 48128K Free: 30021K (62%)
ptolemy.util.test.WatchDog.cancel(): canceling Sun Jul 14 22:52:39 UTC 2019
auto.tcl: Setting watchdog for 200 seconds at Sun Jul 14 22:52:39 UTC 2019
1 ms. Memory: 48128K Free: 29568K (61%)
ptolemy.util.test.WatchDog.cancel(): canceling Sun Jul 14 22:52:39 UTC 2019
------------------ testing $PTII/ptolemy/domains/de/test/auto/ResettableTimer6.xml
auto.tcl: Setting watchdog for 200 seconds at Sun Jul 14 22:52:39 UTC 2019
1 ms. Memory: 48128K Free: 29981K (62%)
ptolemy.util.test.WatchDog.cancel(): canceling Sun Jul 14 22:52:39 UTC 2019
auto.tcl: Setting watchdog for 200 seconds at Sun Jul 14 22:52:39 UTC 2019
1 ms. Memory: 48128K Free: 29545K (61%)
ptolemy.util.test.WatchDog.cancel(): canceling Sun Jul 14 22:52:39 UTC 2019
------------------ testing $PTII/ptolemy/domains/de/test/auto/ServerZeroDelay.xml
auto.tcl: Setting watchdog for 200 seconds at Sun Jul 14 22:52:39 UTC 2019
4 ms. Memory: 48128K Free: 30516K (63%)
ptolemy.util.test.WatchDog.cancel(): canceling Sun Jul 14 22:52:39 UTC 2019
auto.tcl: Setting watchdog for 200 seconds at Sun Jul 14 22:52:39 UTC 2019
1 ms. Memory: 48128K Free: 29595K (61%)
ptolemy.util.test.WatchDog.cancel(): canceling Sun Jul 14 22:52:39 UTC 2019
------------------ testing $PTII/ptolemy/domains/de/test/auto/SmartSender.xml
auto.tcl: Setting watchdog for 200 seconds at Sun Jul 14 22:52:39 UTC 2019
3001 ms. Memory: 48128K Free: 31021K (64%)
ptolemy.util.test.WatchDog.cancel(): canceling Sun Jul 14 22:52:42 UTC 2019
auto.tcl: Setting watchdog for 200 seconds at Sun Jul 14 22:52:42 UTC 2019
3003 ms. Memory: 48128K Free: 30073K (62%)
ptolemy.util.test.WatchDog.cancel(): canceling Sun Jul 14 22:52:45 UTC 2019
------------------ testing $PTII/ptolemy/domains/de/test/auto/ThreadedComposite.xml
auto.tcl: Setting watchdog for 200 seconds at Sun Jul 14 22:52:45 UTC 2019
199 ms. Memory: 48128K Free: 11579K (24%)
ptolemy.util.test.WatchDog.cancel(): canceling Sun Jul 14 22:52:46 UTC 2019
auto.tcl: Setting watchdog for 200 seconds at Sun Jul 14 22:52:46 UTC 2019
209 ms. Memory: 48128K Free: 18795K (39%)
ptolemy.util.test.WatchDog.cancel(): canceling Sun Jul 14 22:52:46 UTC 2019
------------------ testing $PTII/ptolemy/domains/de/test/auto/Time.xml
auto.tcl: Setting watchdog for 200 seconds at Sun Jul 14 22:52:46 UTC 2019
577 ms. Memory: 48128K Free: 26601K (55%)
ptolemy.util.test.WatchDog.cancel(): canceling Sun Jul 14 22:52:46 UTC 2019
auto.tcl: Setting watchdog for 200 seconds at Sun Jul 14 22:52:46 UTC 2019
573 ms. Memory: 48128K Free: 22208K (46%)
ptolemy.util.test.WatchDog.cancel(): canceling Sun Jul 14 22:52:47 UTC 2019
------------------ testing $PTII/ptolemy/domains/de/test/auto/TimeDelayZeroDelay.xml
auto.tcl: Setting watchdog for 200 seconds at Sun Jul 14 22:52:47 UTC 2019
3 ms. Memory: 48128K Free: 30944K (64%)
ptolemy.util.test.WatchDog.cancel(): canceling Sun Jul 14 22:52:47 UTC 2019
auto.tcl: Setting watchdog for 200 seconds at Sun Jul 14 22:52:47 UTC 2019
1 ms. Memory: 48128K Free: 30057K (62%)
ptolemy.util.test.WatchDog.cancel(): canceling Sun Jul 14 22:52:47 UTC 2019
------------------ testing $PTII/ptolemy/domains/de/test/auto/TimerZeroDelay.xml
auto.tcl: Setting watchdog for 200 seconds at Sun Jul 14 22:52:47 UTC 2019
2 ms. Memory: 48128K Free: 30979K (64%)
ptolemy.util.test.WatchDog.cancel(): canceling Sun Jul 14 22:52:47 UTC 2019
auto.tcl: Setting watchdog for 200 seconds at Sun Jul 14 22:52:47 UTC 2019
2 ms. Memory: 48128K Free: 30114K (63%)
ptolemy.util.test.WatchDog.cancel(): canceling Sun Jul 14 22:52:47 UTC 2019
------------------ testing $PTII/ptolemy/domains/de/test/auto/TimingParadox.xml
auto.tcl: Setting watchdog for 200 seconds at Sun Jul 14 22:52:47 UTC 2019
337 ms. Memory: 48128K Free: 11525K (24%)
ptolemy.util.test.WatchDog.cancel(): canceling Sun Jul 14 22:52:48 UTC 2019
auto.tcl: Setting watchdog for 200 seconds at Sun Jul 14 22:52:48 UTC 2019
337 ms. Memory: 58368K Free: 31512K (54%)
ptolemy.util.test.WatchDog.cancel(): canceling Sun Jul 14 22:52:48 UTC 2019
------------------ testing $PTII/ptolemy/domains/de/test/auto/TransferInputs.xml
auto.tcl: Setting watchdog for 200 seconds at Sun Jul 14 22:52:48 UTC 2019
1 ms. Memory: 55296K Free: 36132K (65%)
ptolemy.util.test.WatchDog.cancel(): canceling Sun Jul 14 22:52:48 UTC 2019
auto.tcl: Setting watchdog for 200 seconds at Sun Jul 14 22:52:48 UTC 2019
1 ms. Memory: 55296K Free: 35215K (64%)
ptolemy.util.test.WatchDog.cancel(): canceling Sun Jul 14 22:52:48 UTC 2019
------------------ testing $PTII/ptolemy/domains/de/test/auto/TransferOutputs2.xml
auto.tcl: Setting watchdog for 200 seconds at Sun Jul 14 22:52:48 UTC 2019
3 ms. Memory: 48128K Free: 26393K (55%)
ptolemy.util.test.WatchDog.cancel(): canceling Sun Jul 14 22:52:48 UTC 2019
auto.tcl: Setting watchdog for 200 seconds at Sun Jul 14 22:52:48 UTC 2019
3 ms. Memory: 48128K Free: 25031K (52%)
ptolemy.util.test.WatchDog.cancel(): canceling Sun Jul 14 22:52:48 UTC 2019
------------------ testing $PTII/ptolemy/domains/de/test/auto/Trilateration.xml
auto.tcl: Setting watchdog for 200 seconds at Sun Jul 14 22:52:48 UTC 2019
15177 ms. Memory: 569344K Free: 331937K (58%)
ptolemy.util.test.WatchDog.cancel(): canceling Sun Jul 14 22:53:05 UTC 2019
auto.tcl: Setting watchdog for 200 seconds at Sun Jul 14 22:53:05 UTC 2019
11184 ms. Memory: 569344K Free: 341134K (60%)
ptolemy.util.test.WatchDog.cancel(): canceling Sun Jul 14 22:53:16 UTC 2019
------------------ testing $PTII/ptolemy/domains/de/test/auto/TwoSigmaDelta.xml
auto.tcl: Setting watchdog for 200 seconds at Sun Jul 14 22:53:16 UTC 2019
2837 ms. Memory: 89088K Free: 13818K (16%)
ptolemy.util.test.WatchDog.cancel(): canceling Sun Jul 14 22:53:19 UTC 2019
auto.tcl: Setting watchdog for 200 seconds at Sun Jul 14 22:53:19 UTC 2019
2105 ms. Memory: 89088K Free: 61971K (70%)
ptolemy.util.test.WatchDog.cancel(): canceling Sun Jul 14 22:53:21 UTC 2019
------------------ testing $PTII/ptolemy/domains/de/test/auto/VariableDelay.xml
auto.tcl: Setting watchdog for 200 seconds at Sun Jul 14 22:53:21 UTC 2019
3 ms. Memory: 51200K Free: 32500K (63%)
ptolemy.util.test.WatchDog.cancel(): canceling Sun Jul 14 22:53:21 UTC 2019
auto.tcl: Setting watchdog for 200 seconds at Sun Jul 14 22:53:21 UTC 2019
2 ms. Memory: 51200K Free: 31507K (62%)
ptolemy.util.test.WatchDog.cancel(): canceling Sun Jul 14 22:53:21 UTC 2019
------------------ testing $PTII/ptolemy/domains/de/test/auto/VariableDelay2.xml
auto.tcl: Setting watchdog for 200 seconds at Sun Jul 14 22:53:21 UTC 2019
8 ms. Memory: 51200K Free: 32899K (64%)
ptolemy.util.test.WatchDog.cancel(): canceling Sun Jul 14 22:53:21 UTC 2019
auto.tcl: Setting watchdog for 200 seconds at Sun Jul 14 22:53:21 UTC 2019
2 ms. Memory: 51200K Free: 31905K (62%)
ptolemy.util.test.WatchDog.cancel(): canceling Sun Jul 14 22:53:21 UTC 2019
------------------ testing $PTII/ptolemy/domains/de/test/auto/VariableDelayZeroDelay.xml
auto.tcl: Setting watchdog for 200 seconds at Sun Jul 14 22:53:21 UTC 2019
2 ms. Memory: 48128K Free: 30444K (63%)
ptolemy.util.test.WatchDog.cancel(): canceling Sun Jul 14 22:53:21 UTC 2019
auto.tcl: Setting watchdog for 200 seconds at Sun Jul 14 22:53:21 UTC 2019
2 ms. Memory: 48128K Free: 29861K (62%)
ptolemy.util.test.WatchDog.cancel(): canceling Sun Jul 14 22:53:21 UTC 2019
------------------ testing $PTII/ptolemy/domains/de/test/auto/VariableDelayZeroDelay2.xml
auto.tcl: Setting watchdog for 200 seconds at Sun Jul 14 22:53:21 UTC 2019
5 ms. Memory: 48128K Free: 30369K (63%)
ptolemy.util.test.WatchDog.cancel(): canceling Sun Jul 14 22:53:21 UTC 2019
auto.tcl: Setting watchdog for 200 seconds at Sun Jul 14 22:53:21 UTC 2019
2 ms. Memory: 48128K Free: 29406K (61%)
ptolemy.util.test.WatchDog.cancel(): canceling Sun Jul 14 22:53:21 UTC 2019
------------------ testing $PTII/ptolemy/domains/de/test/auto/deInCt.xml
auto.tcl: Setting watchdog for 200 seconds at Sun Jul 14 22:53:21 UTC 2019
0
1
1
1
0
0
0
0
1
1
1
1
0
0
0
0
1
1
1
1
0
0
0
1
1
0
0
0
1
1
1
1
0
0
0
0
0
10 ms. Memory: 48128K Free: 29343K (61%)
ptolemy.util.test.WatchDog.cancel(): canceling Sun Jul 14 22:53:21 UTC 2019
auto.tcl: Setting watchdog for 200 seconds at Sun Jul 14 22:53:21 UTC 2019
0
1
1
1
1
0
0
0
1
1
1
0
0
0
0
1
1
1
1
0
0
0
1
1
0
0
0
1
1
1
1
1
1
6 ms. Memory: 48128K Free: 27826K (58%)
ptolemy.util.test.WatchDog.cancel(): canceling Sun Jul 14 22:53:21 UTC 2019
------------------ testing $PTII/ptolemy/domains/de/test/auto/deInCt2.xml
auto.tcl: Setting watchdog for 200 seconds at Sun Jul 14 22:53:21 UTC 2019
0
1
1
1
0
0
1
1
1
0
0
1
1
1
0
0
1
1
1
0
0
1
1
1
0
0
1
1
1
0
0
1
1
1
0
0
1
1
1
0
0
0
8 ms. Memory: 48128K Free: 29458K (61%)
ptolemy.util.test.WatchDog.cancel(): canceling Sun Jul 14 22:53:21 UTC 2019
auto.tcl: Setting watchdog for 200 seconds at Sun Jul 14 22:53:21 UTC 2019
0
1
1
1
0
0
1
1
1
0
0
1
1
1
0
0
1
1
1
0
0
1
1
1
0
0
1
1
1
0
0
1
1
1
0
0
1
1
1
0
0
0
5 ms. Memory: 48128K Free: 27838K (58%)
ptolemy.util.test.WatchDog.cancel(): canceling Sun Jul 14 22:53:21 UTC 2019
------------------ testing $PTII/ptolemy/domains/de/test/auto/dynamicCausalityInterface1.xml
auto.tcl: Setting watchdog for 200 seconds at Sun Jul 14 22:53:21 UTC 2019
5 ms. Memory: 48128K Free: 24678K (51%)
ptolemy.util.test.WatchDog.cancel(): canceling Sun Jul 14 22:53:21 UTC 2019
auto.tcl: Setting watchdog for 200 seconds at Sun Jul 14 22:53:21 UTC 2019
1 ms. Memory: 48128K Free: 24219K (50%)
ptolemy.util.test.WatchDog.cancel(): canceling Sun Jul 14 22:53:21 UTC 2019
------------------ testing $PTII/ptolemy/domains/de/test/auto/fsm_de_test.xml
auto.tcl: Setting watchdog for 200 seconds at Sun Jul 14 22:53:21 UTC 2019
10 ms. Memory: 48128K Free: 24598K (51%)
ptolemy.util.test.WatchDog.cancel(): canceling Sun Jul 14 22:53:22 UTC 2019
auto.tcl: Setting watchdog for 200 seconds at Sun Jul 14 22:53:22 UTC 2019
7 ms. Memory: 48128K Free: 23062K (48%)
ptolemy.util.test.WatchDog.cancel(): canceling Sun Jul 14 22:53:22 UTC 2019
------------------ testing $PTII/ptolemy/domains/de/test/auto/functionDependencyReconstruction.xml
auto.tcl: Setting watchdog for 200 seconds at Sun Jul 14 22:53:22 UTC 2019
3 ms. Memory: 48128K Free: 19141K (40%)
ptolemy.util.test.WatchDog.cancel(): canceling Sun Jul 14 22:53:22 UTC 2019
auto.tcl: Setting watchdog for 200 seconds at Sun Jul 14 22:53:22 UTC 2019
3 ms. Memory: 48128K Free: 16963K (35%)
ptolemy.util.test.WatchDog.cancel(): canceling Sun Jul 14 22:53:22 UTC 2019
------------------ testing $PTII/ptolemy/domains/de/test/auto/multirate.xml
auto.tcl: Setting watchdog for 200 seconds at Sun Jul 14 22:53:22 UTC 2019
4 ms. Memory: 48128K Free: 27787K (58%)
ptolemy.util.test.WatchDog.cancel(): canceling Sun Jul 14 22:53:22 UTC 2019
auto.tcl: Setting watchdog for 200 seconds at Sun Jul 14 22:53:22 UTC 2019
3 ms. Memory: 48128K Free: 26111K (54%)
ptolemy.util.test.WatchDog.cancel(): canceling Sun Jul 14 22:53:22 UTC 2019
------------------ testing $PTII/ptolemy/domains/de/test/auto/multirate2.xml
auto.tcl: Setting watchdog for 200 seconds at Sun Jul 14 22:53:22 UTC 2019
3 ms. Memory: 48128K Free: 27739K (58%)
ptolemy.util.test.WatchDog.cancel(): canceling Sun Jul 14 22:53:22 UTC 2019
auto.tcl: Setting watchdog for 200 seconds at Sun Jul 14 22:53:22 UTC 2019
3 ms. Memory: 48128K Free: 26309K (55%)
ptolemy.util.test.WatchDog.cancel(): canceling Sun Jul 14 22:53:22 UTC 2019
------------------ testing $PTII/ptolemy/domains/de/test/auto/realtime.xml
auto.tcl: Setting watchdog for 200 seconds at Sun Jul 14 22:53:22 UTC 2019
10002 ms. Memory: 48128K Free: 30046K (62%)
ptolemy.util.test.WatchDog.cancel(): canceling Sun Jul 14 22:53:32 UTC 2019
auto.tcl: Setting watchdog for 200 seconds at Sun Jul 14 22:53:32 UTC 2019
10001 ms. Memory: 48128K Free: 29321K (61%)
ptolemy.util.test.WatchDog.cancel(): canceling Sun Jul 14 22:53:42 UTC 2019
------------------ testing $PTII/ptolemy/domains/de/test/auto/relationGroup.xml
auto.tcl: Setting watchdog for 200 seconds at Sun Jul 14 22:53:42 UTC 2019
2 ms. Memory: 48128K Free: 31116K (65%)
ptolemy.util.test.WatchDog.cancel(): canceling Sun Jul 14 22:53:42 UTC 2019
auto.tcl: Setting watchdog for 200 seconds at Sun Jul 14 22:53:42 UTC 2019
1 ms. Memory: 48128K Free: 30371K (63%)
ptolemy.util.test.WatchDog.cancel(): canceling Sun Jul 14 22:53:42 UTC 2019
------------------ testing $PTII/ptolemy/domains/de/test/auto/relationGroup2.xml
auto.tcl: Setting watchdog for 200 seconds at Sun Jul 14 22:53:42 UTC 2019
2 ms. Memory: 48128K Free: 31114K (65%)
ptolemy.util.test.WatchDog.cancel(): canceling Sun Jul 14 22:53:42 UTC 2019
auto.tcl: Setting watchdog for 200 seconds at Sun Jul 14 22:53:42 UTC 2019
2 ms. Memory: 48128K Free: 30396K (63%)
ptolemy.util.test.WatchDog.cancel(): canceling Sun Jul 14 22:53:42 UTC 2019
------------------ testing $PTII/ptolemy/domains/de/test/auto/sortWithOpaquePorts.xml
auto.tcl: Setting watchdog for 200 seconds at Sun Jul 14 22:53:42 UTC 2019
1 ms. Memory: 48128K Free: 29853K (62%)
ptolemy.util.test.WatchDog.cancel(): canceling Sun Jul 14 22:53:42 UTC 2019
auto.tcl: Setting watchdog for 200 seconds at Sun Jul 14 22:53:42 UTC 2019
2 ms. Memory: 48128K Free: 28881K (60%)
ptolemy.util.test.WatchDog.cancel(): canceling Sun Jul 14 22:53:42 UTC 2019
------------------ testing $PTII/ptolemy/domains/de/test/auto/transferInputsandOutputs.xml
auto.tcl: Setting watchdog for 200 seconds at Sun Jul 14 22:53:42 UTC 2019
2 ms. Memory: 48128K Free: 27313K (57%)
ptolemy.util.test.WatchDog.cancel(): canceling Sun Jul 14 22:53:42 UTC 2019
auto.tcl: Setting watchdog for 200 seconds at Sun Jul 14 22:53:42 UTC 2019
2 ms. Memory: 48128K Free: 26289K (55%)
ptolemy.util.test.WatchDog.cancel(): canceling Sun Jul 14 22:53:42 UTC 2019
------------------ testing $PTII/ptolemy/domains/de/test/auto/triggerType.xml
auto.tcl: Setting watchdog for 200 seconds at Sun Jul 14 22:53:42 UTC 2019
1 ms. Memory: 48128K Free: 30337K (63%)
ptolemy.util.test.WatchDog.cancel(): canceling Sun Jul 14 22:53:42 UTC 2019
auto.tcl: Setting watchdog for 200 seconds at Sun Jul 14 22:53:42 UTC 2019
2 ms. Memory: 48128K Free: 29313K (61%)
ptolemy.util.test.WatchDog.cancel(): canceling Sun Jul 14 22:53:42 UTC 2019
07/14/19 10:53:42
Failed: 0  Total Tests: 192  ((Passed: 187, Newly Passed: 1)  Known Failed: 5) /home/travis/build/icyphy/ptII/ptolemy/domains/de/test
07/14/19 10:53:42
Failed: 0  Total Tests: 192  ((Passed: 187, Newly Passed: 1)  Known Failed: 5) /home/travis/build/icyphy/ptII/ptolemy/domains/de/test
----------------- testing (KnownFailure) /home/travis/build/icyphy/ptII/ptolemy/domains/de/test/auto/knownFailedTests/DESDFClockTest.xml
2007 ms. Memory: 48128K Free: 23730K (49%)
Known Failure: java.lang.reflect.InvocationTargetException
----------------- testing (KnownFailure) /home/travis/build/icyphy/ptII/ptolemy/domains/de/test/auto/knownFailedTests/DirectFeedback.xml
1 ms. Memory: 48128K Free: 20151K (42%)
Known Failure: java.lang.reflect.InvocationTargetException
----------------- testing (KnownFailure) /home/travis/build/icyphy/ptII/ptolemy/domains/de/test/auto/knownFailedTests/FSMSource.xml
7 ms. Memory: 48128K Free: 12455K (26%)
----------------- testing (KnownFailure) /home/travis/build/icyphy/ptII/ptolemy/domains/de/test/auto/knownFailedTests/HierarchicalModel.xml
3 ms. Memory: 48128K Free: 23442K (49%)
Known Failure: java.lang.reflect.InvocationTargetException
----------------- testing (KnownFailure) /home/travis/build/icyphy/ptII/ptolemy/domains/de/test/auto/knownFailedTests/dependencyLoop.xml
1 ms. Memory: 48128K Free: 8074K (17%)
Known Failure: java.lang.reflect.InvocationTargetException
----------------- testing (KnownFailure) /home/travis/build/icyphy/ptII/ptolemy/domains/de/test/auto/knownFailedTests/dependencyLoop2.xml
2 ms. Memory: 48128K Free: 20075K (42%)
Known Failure: java.lang.reflect.InvocationTargetException
No auto/linux-amd64/*.xml tests in /home/travis/build/icyphy/ptII/ptolemy/domains/de/test
AutoTests.java: About to close Vertx.
AutoTests.java: Vertx closed.

===========================================================================================
----------------- testing Sun Jul 14 22:53:44 UTC 2019 /home/travis/build/icyphy/ptII/ptolemy/domains/de/test/auto/ActorDepthCalculation_actorWithoutPorts.xml
----------------- Instantiating /home/travis/build/icyphy/ptII/ptolemy/domains/de/test/auto/ActorDepthCalculation_actorWithoutPorts.xml
3 ms. Memory: 48128K Free: 13482K (28%)
----------------- Invoking toplevel() on ptolemy.moml.MoMLSimpleApplication@1b3cb3a5
----------------- Done invoking toplevel() on ptolemy.moml.MoMLSimpleApplication@1b3cb3a5
reloadAllAccessors: .ActorDepthCalculation_actorWithoutPorts

===========================================================================================
----------------- testing Sun Jul 14 22:53:45 UTC 2019 /home/travis/build/icyphy/ptII/ptolemy/domains/de/test/auto/AssemblyLine.xml
----------------- Instantiating /home/travis/build/icyphy/ptII/ptolemy/domains/de/test/auto/AssemblyLine.xml
4 ms. Memory: 48128K Free: 32812K (68%)
----------------- Invoking toplevel() on ptolemy.moml.MoMLSimpleApplication@9d205cc
----------------- Done invoking toplevel() on ptolemy.moml.MoMLSimpleApplication@9d205cc
reloadAllAccessors: .AssemblyLine

===========================================================================================
----------------- testing Sun Jul 14 22:53:45 UTC 2019 /home/travis/build/icyphy/ptII/ptolemy/domains/de/test/auto/CQBug1.xml
----------------- Instantiating /home/travis/build/icyphy/ptII/ptolemy/domains/de/test/auto/CQBug1.xml
1 ms. Memory: 48128K Free: 29718K (62%)
----------------- Invoking toplevel() on ptolemy.moml.MoMLSimpleApplication@55635457
----------------- Done invoking toplevel() on ptolemy.moml.MoMLSimpleApplication@55635457
reloadAllAccessors: .CQBug1

===========================================================================================
----------------- testing Sun Jul 14 22:53:45 UTC 2019 /home/travis/build/icyphy/ptII/ptolemy/domains/de/test/auto/CancelFireAt.xml
----------------- Instantiating /home/travis/build/icyphy/ptII/ptolemy/domains/de/test/auto/CancelFireAt.xml
1 ms. Memory: 48128K Free: 27073K (56%)
----------------- Invoking toplevel() on ptolemy.moml.MoMLSimpleApplication@1cf314a3
----------------- Done invoking toplevel() on ptolemy.moml.MoMLSimpleApplication@1cf314a3
reloadAllAccessors: .CancelFireAt

===========================================================================================
----------------- testing Sun Jul 14 22:53:45 UTC 2019 /home/travis/build/icyphy/ptII/ptolemy/domains/de/test/auto/CausalityAndComposabilityAnalysis.xml
----------------- Instantiating /home/travis/build/icyphy/ptII/ptolemy/domains/de/test/auto/CausalityAndComposabilityAnalysis.xml
2 ms. Memory: 48128K Free: 22840K (47%)
----------------- Invoking toplevel() on ptolemy.moml.MoMLSimpleApplication@65aefe06
----------------- Done invoking toplevel() on ptolemy.moml.MoMLSimpleApplication@65aefe06
reloadAllAccessors: .CausalityAndComposabilityAnalysis

===========================================================================================
----------------- testing Sun Jul 14 22:53:45 UTC 2019 /home/travis/build/icyphy/ptII/ptolemy/domains/de/test/auto/CausalityInterface1.xml
----------------- Instantiating /home/travis/build/icyphy/ptII/ptolemy/domains/de/test/auto/CausalityInterface1.xml
5 ms. Memory: 48128K Free: 17720K (37%)
----------------- Invoking toplevel() on ptolemy.moml.MoMLSimpleApplication@7478c777
----------------- Done invoking toplevel() on ptolemy.moml.MoMLSimpleApplication@7478c777
reloadAllAccessors: .CausalityInterface1

===========================================================================================
----------------- testing Sun Jul 14 22:53:45 UTC 2019 /home/travis/build/icyphy/ptII/ptolemy/domains/de/test/auto/CausalityInterface15.xml
----------------- Instantiating /home/travis/build/icyphy/ptII/ptolemy/domains/de/test/auto/CausalityInterface15.xml
9 ms. Memory: 48128K Free: 12294K (26%)
----------------- Invoking toplevel() on ptolemy.moml.MoMLSimpleApplication@5cd69897
----------------- Done invoking toplevel() on ptolemy.moml.MoMLSimpleApplication@5cd69897
reloadAllAccessors: .CausalityInterface15

===========================================================================================
----------------- testing Sun Jul 14 22:53:45 UTC 2019 /home/travis/build/icyphy/ptII/ptolemy/domains/de/test/auto/CausalityInterface2.xml
----------------- Instantiating /home/travis/build/icyphy/ptII/ptolemy/domains/de/test/auto/CausalityInterface2.xml
1 ms. Memory: 48128K Free: 7655K (16%)
[...]
	at ptolemy.actor.Manager.run(Manager.java:1263)
	at ptolemy.actor.Manager$PtolemyRunThread.run(Manager.java:1915)
java.lang.RuntimeException: Execution failed
	at ptolemy.moml.MoMLSimpleApplication$UnloadThread.run(MoMLSimpleApplication.java:402)
Caused by: ptolemy.kernel.util.IllegalActionException: Actor is not ready to fire.  Perhaps UpSample.prefire() returned false? Try debugging the actor by selecting "Listen to Actor".  Also, for SDF check moml for tokenConsumptionRate on input.
  in .DESDFClockTest.Play Bell.Copy1:SDF Director and .DESDFClockTest.Play Bell.UpSample
	at ptolemy.actor.sched.StaticSchedulingDirector.fire(StaticSchedulingDirector.java:227)
	at ptolemy.domains.sdf.kernel.SDFDirector.fire(SDFDirector.java:500)
	at ptolemy.actor.CompositeActor.fire(CompositeActor.java:455)
	at ptolemy.domains.de.kernel.DEDirector._fire(DEDirector.java:1949)
	at ptolemy.domains.de.kernel.DEDirector.fire(DEDirector.java:502)
	at ptolemy.actor.CompositeActor.fire(CompositeActor.java:455)
	at ptolemy.actor.Manager.iterate(Manager.java:851)
	at ptolemy.actor.Manager.execute(Manager.java:369)
	at ptolemy.actor.Manager.run(Manager.java:1263)
	at ptolemy.actor.Manager$PtolemyRunThread.run(Manager.java:1915)
java.lang.reflect.InvocationTargetException
	at java.base/jdk.internal.reflect.NativeConstructorAccessorImpl.newInstance0(Native Method)
	at java.base/jdk.internal.reflect.NativeConstructorAccessorImpl.newInstance(NativeConstructorAccessorImpl.java:62)
	at java.base/jdk.internal.reflect.DelegatingConstructorAccessorImpl.newInstance(DelegatingConstructorAccessorImpl.java:45)
	at java.base/java.lang.reflect.Constructor.newInstance(Constructor.java:490)
	at ptolemy.util.test.junit.AutoKnownFailedTests.RunModel(AutoKnownFailedTests.java:105)
	at java.base/jdk.internal.reflect.NativeMethodAccessorImpl.invoke0(Native Method)
	at java.base/jdk.internal.reflect.NativeMethodAccessorImpl.invoke(NativeMethodAccessorImpl.java:62)
	at java.base/jdk.internal.reflect.DelegatingMethodAccessorImpl.invoke(DelegatingMethodAccessorImpl.java:43)
	at java.base/java.lang.reflect.Method.invoke(Method.java:566)
	at org.junit.runners.model.FrameworkMethod$1.runReflectiveCall(FrameworkMethod.java:44)
	at org.junit.internal.runners.model.ReflectiveCallable.run(ReflectiveCallable.java:15)
	at org.junit.runners.model.FrameworkMethod.invokeExplosively(FrameworkMethod.java:41)
	at junitparams.internal.InvokeParameterisedMethod.evaluate(InvokeParameterisedMethod.java:102)
	at org.junit.internal.runners.statements.FailOnTimeout$1.run(FailOnTimeout.java:28)
Caused by: ptolemy.kernel.util.IllegalActionException: Actor is not ready to fire.  Perhaps UpSample.prefire() returned false? Try debugging the actor by selecting "Listen to Actor".  Also, for SDF check moml for tokenConsumptionRate on input.
  in .DESDFClockTest.Play Bell.Copy1:SDF Director and .DESDFClockTest.Play Bell.UpSample
	at ptolemy.actor.sched.StaticSchedulingDirector.fire(StaticSchedulingDirector.java:227)
	at ptolemy.domains.sdf.kernel.SDFDirector.fire(SDFDirector.java:500)
	at ptolemy.actor.CompositeActor.fire(CompositeActor.java:455)
	at ptolemy.domains.de.kernel.DEDirector._fire(DEDirector.java:1949)
	at ptolemy.domains.de.kernel.DEDirector.fire(DEDirector.java:502)
	at ptolemy.actor.CompositeActor.fire(CompositeActor.java:455)
	at ptolemy.actor.Manager.iterate(Manager.java:851)
	at ptolemy.actor.Manager.execute(Manager.java:369)
	at ptolemy.actor.Manager.run(Manager.java:1263)
	at ptolemy.actor.Manager$PtolemyRunThread.run(Manager.java:1915)
java.lang.RuntimeException: Execution failed
	at ptolemy.moml.MoMLSimpleApplication$UnloadThread.run(MoMLSimpleApplication.java:402)
Caused by: ptolemy.kernel.util.IllegalActionException: Test fails in iteration 1.
Value was: 1.0. Should have been: 2.0
  in .DirectFeedback.Test
	at ptolemy.actor.lib.Test.fire(Test.java:268)
	at ptolemy.domains.de.kernel.DEDirector._fire(DEDirector.java:1949)
	at ptolemy.domains.de.kernel.DEDirector.fire(DEDirector.java:502)
	at ptolemy.actor.CompositeActor.fire(CompositeActor.java:455)
	at ptolemy.actor.Manager.iterate(Manager.java:851)
	at ptolemy.actor.Manager.execute(Manager.java:369)
	at ptolemy.actor.Manager.run(Manager.java:1263)
	at ptolemy.actor.Manager$PtolemyRunThread.run(Manager.java:1915)
java.lang.reflect.InvocationTargetException
	at java.base/jdk.internal.reflect.NativeConstructorAccessorImpl.newInstance0(Native Method)
	at java.base/jdk.internal.reflect.NativeConstructorAccessorImpl.newInstance(NativeConstructorAccessorImpl.java:62)
	at java.base/jdk.internal.reflect.DelegatingConstructorAccessorImpl.newInstance(DelegatingConstructorAccessorImpl.java:45)
	at java.base/java.lang.reflect.Constructor.newInstance(Constructor.java:490)
	at ptolemy.util.test.junit.AutoKnownFailedTests.RunModel(AutoKnownFailedTests.java:105)
	at java.base/jdk.internal.reflect.NativeMethodAccessorImpl.invoke0(Native Method)
	at java.base/jdk.internal.reflect.NativeMethodAccessorImpl.invoke(NativeMethodAccessorImpl.java:62)
	at java.base/jdk.internal.reflect.DelegatingMethodAccessorImpl.invoke(DelegatingMethodAccessorImpl.java:43)
	at java.base/java.lang.reflect.Method.invoke(Method.java:566)
	at org.junit.runners.model.FrameworkMethod$1.runReflectiveCall(FrameworkMethod.java:44)
	at org.junit.internal.runners.model.ReflectiveCallable.run(ReflectiveCallable.java:15)
	at org.junit.runners.model.FrameworkMethod.invokeExplosively(FrameworkMethod.java:41)
	at junitparams.internal.InvokeParameterisedMethod.evaluate(InvokeParameterisedMethod.java:102)
	at org.junit.internal.runners.statements.FailOnTimeout$1.run(FailOnTimeout.java:28)
Caused by: ptolemy.kernel.util.IllegalActionException: Test fails in iteration 1.
Value was: 1.0. Should have been: 2.0
  in .DirectFeedback.Test
	at ptolemy.actor.lib.Test.fire(Test.java:268)
	at ptolemy.domains.de.kernel.DEDirector._fire(DEDirector.java:1949)
	at ptolemy.domains.de.kernel.DEDirector.fire(DEDirector.java:502)
	at ptolemy.actor.CompositeActor.fire(CompositeActor.java:455)
	at ptolemy.actor.Manager.iterate(Manager.java:851)
	at ptolemy.actor.Manager.execute(Manager.java:369)
	at ptolemy.actor.Manager.run(Manager.java:1263)
	at ptolemy.actor.Manager$PtolemyRunThread.run(Manager.java:1915)
java.lang.RuntimeException: Execution failed
	at ptolemy.moml.MoMLSimpleApplication$UnloadThread.run(MoMLSimpleApplication.java:402)
Caused by: ptolemy.kernel.util.IllegalActionException: Found a zero delay loop containing .HierarchicalModel.A
  in .HierarchicalModel and .HierarchicalModel.A
	at ptolemy.actor.util.CausalityInterfaceForComposites._computeOutputPortDepth(CausalityInterfaceForComposites.java:759)
	at ptolemy.actor.util.CausalityInterfaceForComposites._computeInputDepth(CausalityInterfaceForComposites.java:696)
	at ptolemy.actor.util.CausalityInterfaceForComposites._computeOutputPortDepth(CausalityInterfaceForComposites.java:765)
	at ptolemy.actor.util.CausalityInterfaceForComposites._computeInputDepth(CausalityInterfaceForComposites.java:696)
	at ptolemy.actor.util.CausalityInterfaceForComposites._computeOutputPortDepth(CausalityInterfaceForComposites.java:765)
	at ptolemy.actor.util.CausalityInterfaceForComposites._computeInputDepth(CausalityInterfaceForComposites.java:696)
	at ptolemy.actor.util.CausalityInterfaceForComposites._computeActorDepth(CausalityInterfaceForComposites.java:532)
	at ptolemy.actor.util.CausalityInterfaceForComposites.checkForCycles(CausalityInterfaceForComposites.java:96)
	at ptolemy.domains.de.kernel.DEDirector.preinitialize(DEDirector.java:1338)
	at ptolemy.actor.CompositeActor.preinitialize(CompositeActor.java:1828)
	at ptolemy.actor.Manager.preinitializeAndResolveTypes(Manager.java:1040)
	at ptolemy.actor.Manager.initialize(Manager.java:710)
	at ptolemy.actor.Manager.execute(Manager.java:356)
	at ptolemy.actor.Manager.run(Manager.java:1263)
	at ptolemy.actor.Manager$PtolemyRunThread.run(Manager.java:1915)
java.lang.reflect.InvocationTargetException
	at java.base/jdk.internal.reflect.NativeConstructorAccessorImpl.newInstance0(Native Method)
	at java.base/jdk.internal.reflect.NativeConstructorAccessorImpl.newInstance(NativeConstructorAccessorImpl.java:62)
	at java.base/jdk.internal.reflect.DelegatingConstructorAccessorImpl.newInstance(DelegatingConstructorAccessorImpl.java:45)
	at java.base/java.lang.reflect.Constructor.newInstance(Constructor.java:490)
	at ptolemy.util.test.junit.AutoKnownFailedTests.RunModel(AutoKnownFailedTests.java:105)
	at java.base/jdk.internal.reflect.NativeMethodAccessorImpl.invoke0(Native Method)
	at java.base/jdk.internal.reflect.NativeMethodAccessorImpl.invoke(NativeMethodAccessorImpl.java:62)
	at java.base/jdk.internal.reflect.DelegatingMethodAccessorImpl.invoke(DelegatingMethodAccessorImpl.java:43)
	at java.base/java.lang.reflect.Method.invoke(Method.java:566)
	at org.junit.runners.model.FrameworkMethod$1.runReflectiveCall(FrameworkMethod.java:44)
	at org.junit.internal.runners.model.ReflectiveCallable.run(ReflectiveCallable.java:15)
	at org.junit.runners.model.FrameworkMethod.invokeExplosively(FrameworkMethod.java:41)
	at junitparams.internal.InvokeParameterisedMethod.evaluate(InvokeParameterisedMethod.java:102)
	at org.junit.internal.runners.statements.FailOnTimeout$1.run(FailOnTimeout.java:28)
Caused by: ptolemy.kernel.util.IllegalActionException: Found a zero delay loop containing .HierarchicalModel.A
  in .HierarchicalModel and .HierarchicalModel.A
	at ptolemy.actor.util.CausalityInterfaceForComposites._computeOutputPortDepth(CausalityInterfaceForComposites.java:759)
	at ptolemy.actor.util.CausalityInterfaceForComposites._computeInputDepth(CausalityInterfaceForComposites.java:696)
	at ptolemy.actor.util.CausalityInterfaceForComposites._computeOutputPortDepth(CausalityInterfaceForComposites.java:765)
	at ptolemy.actor.util.CausalityInterfaceForComposites._computeInputDepth(CausalityInterfaceForComposites.java:696)
	at ptolemy.actor.util.CausalityInterfaceForComposites._computeOutputPortDepth(CausalityInterfaceForComposites.java:765)
	at ptolemy.actor.util.CausalityInterfaceForComposites._computeInputDepth(CausalityInterfaceForComposites.java:696)
	at ptolemy.actor.util.CausalityInterfaceForComposites._computeActorDepth(CausalityInterfaceForComposites.java:532)
	at ptolemy.actor.util.CausalityInterfaceForComposites.checkForCycles(CausalityInterfaceForComposites.java:96)
	at ptolemy.domains.de.kernel.DEDirector.preinitialize(DEDirector.java:1338)
	at ptolemy.actor.CompositeActor.preinitialize(CompositeActor.java:1828)
	at ptolemy.actor.Manager.preinitializeAndResolveTypes(Manager.java:1040)
	at ptolemy.actor.Manager.initialize(Manager.java:710)
	at ptolemy.actor.Manager.execute(Manager.java:356)
	at ptolemy.actor.Manager.run(Manager.java:1263)
	at ptolemy.actor.Manager$PtolemyRunThread.run(Manager.java:1915)
java.lang.RuntimeException: Execution failed
	at ptolemy.moml.MoMLSimpleApplication$UnloadThread.run(MoMLSimpleApplication.java:402)
Caused by: ptolemy.kernel.util.IllegalActionException: Found a zero delay loop containing .dependencyLoop.original
  in .dependencyLoop and .dependencyLoop.original
	at ptolemy.actor.util.CausalityInterfaceForComposites._computeOutputPortDepth(CausalityInterfaceForComposites.java:759)
	at ptolemy.actor.util.CausalityInterfaceForComposites._computeInputDepth(CausalityInterfaceForComposites.java:696)
	at ptolemy.actor.util.CausalityInterfaceForComposites._computeOutputPortDepth(CausalityInterfaceForComposites.java:765)
	at ptolemy.actor.util.CausalityInterfaceForComposites._computeInputDepth(CausalityInterfaceForComposites.java:696)
	at ptolemy.actor.util.CausalityInterfaceForComposites._computeOutputPortDepth(CausalityInterfaceForComposites.java:765)
	at ptolemy.actor.util.CausalityInterfaceForComposites._computeInputDepth(CausalityInterfaceForComposites.java:696)
	at ptolemy.actor.util.CausalityInterfaceForComposites._computeActorDepth(CausalityInterfaceForComposites.java:532)
	at ptolemy.actor.util.CausalityInterfaceForComposites.checkForCycles(CausalityInterfaceForComposites.java:96)
	at ptolemy.domains.de.kernel.DEDirector.preinitialize(DEDirector.java:1338)
	at ptolemy.actor.CompositeActor.preinitialize(CompositeActor.java:1828)
	at ptolemy.actor.Manager.preinitializeAndResolveTypes(Manager.java:1040)
	at ptolemy.actor.Manager.initialize(Manager.java:710)
	at ptolemy.actor.Manager.execute(Manager.java:356)
	at ptolemy.actor.Manager.run(Manager.java:1263)
	at ptolemy.actor.Manager$PtolemyRunThread.run(Manager.java:1915)
java.lang.reflect.InvocationTargetException
	at java.base/jdk.internal.reflect.NativeConstructorAccessorImpl.newInstance0(Native Method)
	at java.base/jdk.internal.reflect.NativeConstructorAccessorImpl.newInstance(NativeConstructorAccessorImpl.java:62)
	at java.base/jdk.internal.reflect.DelegatingConstructorAccessorImpl.newInstance(DelegatingConstructorAccessorImpl.java:45)
	at java.base/java.lang.reflect.Constructor.newInstance(Constructor.java:490)
	at ptolemy.util.test.junit.AutoKnownFailedTests.RunModel(AutoKnownFailedTests.java:105)
	at java.base/jdk.internal.reflect.NativeMethodAccessorImpl.invoke0(Native Method)
	at java.base/jdk.internal.reflect.NativeMethodAccessorImpl.invoke(NativeMethodAccessorImpl.java:62)
	at java.base/jdk.internal.reflect.DelegatingMethodAccessorImpl.invoke(DelegatingMethodAccessorImpl.java:43)
	at java.base/java.lang.reflect.Method.invoke(Method.java:566)
	at org.junit.runners.model.FrameworkMethod$1.runReflectiveCall(FrameworkMethod.java:44)
	at org.junit.internal.runners.model.ReflectiveCallable.run(ReflectiveCallable.java:15)
	at org.junit.runners.model.FrameworkMethod.invokeExplosively(FrameworkMethod.java:41)
	at junitparams.internal.InvokeParameterisedMethod.evaluate(InvokeParameterisedMethod.java:102)
	at org.junit.internal.runners.statements.FailOnTimeout$1.run(FailOnTimeout.java:28)
Caused by: ptolemy.kernel.util.IllegalActionException: Found a zero delay loop containing .dependencyLoop.original
  in .dependencyLoop and .dependencyLoop.original
	at ptolemy.actor.util.CausalityInterfaceForComposites._computeOutputPortDepth(CausalityInterfaceForComposites.java:759)
	at ptolemy.actor.util.CausalityInterfaceForComposites._computeInputDepth(CausalityInterfaceForComposites.java:696)
	at ptolemy.actor.util.CausalityInterfaceForComposites._computeOutputPortDepth(CausalityInterfaceForComposites.java:765)
	at ptolemy.actor.util.CausalityInterfaceForComposites._computeInputDepth(CausalityInterfaceForComposites.java:696)
	at ptolemy.actor.util.CausalityInterfaceForComposites._computeOutputPortDepth(CausalityInterfaceForComposites.java:765)
	at ptolemy.actor.util.CausalityInterfaceForComposites._computeInputDepth(CausalityInterfaceForComposites.java:696)
	at ptolemy.actor.util.CausalityInterfaceForComposites._computeActorDepth(CausalityInterfaceForComposites.java:532)
	at ptolemy.actor.util.CausalityInterfaceForComposites.checkForCycles(CausalityInterfaceForComposites.java:96)
	at ptolemy.domains.de.kernel.DEDirector.preinitialize(DEDirector.java:1338)
	at ptolemy.actor.CompositeActor.preinitialize(CompositeActor.java:1828)
	at ptolemy.actor.Manager.preinitializeAndResolveTypes(Manager.java:1040)
	at ptolemy.actor.Manager.initialize(Manager.java:710)
	at ptolemy.actor.Manager.execute(Manager.java:356)
	at ptolemy.actor.Manager.run(Manager.java:1263)
	at ptolemy.actor.Manager$PtolemyRunThread.run(Manager.java:1915)
java.lang.RuntimeException: Execution failed
	at ptolemy.moml.MoMLSimpleApplication$UnloadThread.run(MoMLSimpleApplication.java:402)
Caused by: ptolemy.kernel.util.IllegalActionException: Found a zero delay loop containing .dependencyLoop2.original
  in .dependencyLoop2 and .dependencyLoop2.original
	at ptolemy.actor.util.CausalityInterfaceForComposites._computeOutputPortDepth(CausalityInterfaceForComposites.java:759)
	at ptolemy.actor.util.CausalityInterfaceForComposites._computeInputDepth(CausalityInterfaceForComposites.java:696)
	at ptolemy.actor.util.CausalityInterfaceForComposites._computeOutputPortDepth(CausalityInterfaceForComposites.java:765)
	at ptolemy.actor.util.CausalityInterfaceForComposites._computeInputDepth(CausalityInterfaceForComposites.java:696)
	at ptolemy.actor.util.CausalityInterfaceForComposites._computeOutputPortDepth(CausalityInterfaceForComposites.java:765)
	at ptolemy.actor.util.CausalityInterfaceForComposites._computeInputDepth(CausalityInterfaceForComposites.java:696)
	at ptolemy.actor.util.CausalityInterfaceForComposites._computeActorDepth(CausalityInterfaceForComposites.java:532)
	at ptolemy.actor.util.CausalityInterfaceForComposites.checkForCycles(CausalityInterfaceForComposites.java:96)
	at ptolemy.domains.de.kernel.DEDirector.preinitialize(DEDirector.java:1338)
	at ptolemy.actor.CompositeActor.preinitialize(CompositeActor.java:1828)
	at ptolemy.actor.Manager.preinitializeAndResolveTypes(Manager.java:1040)
	at ptolemy.actor.Manager.initialize(Manager.java:710)
	at ptolemy.actor.Manager.execute(Manager.java:356)
	at ptolemy.actor.Manager.run(Manager.java:1263)
	at ptolemy.actor.Manager$PtolemyRunThread.run(Manager.java:1915)
java.lang.reflect.InvocationTargetException
	at java.base/jdk.internal.reflect.NativeConstructorAccessorImpl.newInstance0(Native Method)
	at java.base/jdk.internal.reflect.NativeConstructorAccessorImpl.newInstance(NativeConstructorAccessorImpl.java:62)
	at java.base/jdk.internal.reflect.DelegatingConstructorAccessorImpl.newInstance(DelegatingConstructorAccessorImpl.java:45)
	at java.base/java.lang.reflect.Constructor.newInstance(Constructor.java:490)
	at ptolemy.util.test.junit.AutoKnownFailedTests.RunModel(AutoKnownFailedTests.java:105)
	at java.base/jdk.internal.reflect.NativeMethodAccessorImpl.invoke0(Native Method)
	at java.base/jdk.internal.reflect.NativeMethodAccessorImpl.invoke(NativeMethodAccessorImpl.java:62)
	at java.base/jdk.internal.reflect.DelegatingMethodAccessorImpl.invoke(DelegatingMethodAccessorImpl.java:43)
	at java.base/java.lang.reflect.Method.invoke(Method.java:566)
	at org.junit.runners.model.FrameworkMethod$1.runReflectiveCall(FrameworkMethod.java:44)
	at org.junit.internal.runners.model.ReflectiveCallable.run(ReflectiveCallable.java:15)
	at org.junit.runners.model.FrameworkMethod.invokeExplosively(FrameworkMethod.java:41)
	at junitparams.internal.InvokeParameterisedMethod.evaluate(InvokeParameterisedMethod.java:102)
	at org.junit.internal.runners.statements.FailOnTimeout$1.run(FailOnTimeout.java:28)
Caused by: ptolemy.kernel.util.IllegalActionException: Found a zero delay loop containing .dependencyLoop2.original
  in .dependencyLoop2 and .dependencyLoop2.original
	at ptolemy.actor.util.CausalityInterfaceForComposites._computeOutputPortDepth(CausalityInterfaceForComposites.java:759)
	at ptolemy.actor.util.CausalityInterfaceForComposites._computeInputDepth(CausalityInterfaceForComposites.java:696)
	at ptolemy.actor.util.CausalityInterfaceForComposites._computeOutputPortDepth(CausalityInterfaceForComposites.java:765)
	at ptolemy.actor.util.CausalityInterfaceForComposites._computeInputDepth(CausalityInterfaceForComposites.java:696)
	at ptolemy.actor.util.CausalityInterfaceForComposites._computeOutputPortDepth(CausalityInterfaceForComposites.java:765)
	at ptolemy.actor.util.CausalityInterfaceForComposites._computeInputDepth(CausalityInterfaceForComposites.java:696)
	at ptolemy.actor.util.CausalityInterfaceForComposites._computeActorDepth(CausalityInterfaceForComposites.java:532)
	at ptolemy.actor.util.CausalityInterfaceForComposites.checkForCycles(CausalityInterfaceForComposites.java:96)
	at ptolemy.domains.de.kernel.DEDirector.preinitialize(DEDirector.java:1338)
	at ptolemy.actor.CompositeActor.preinitialize(CompositeActor.java:1828)
	at ptolemy.actor.Manager.preinitializeAndResolveTypes(Manager.java:1040)
	at ptolemy.actor.Manager.initialize(Manager.java:710)
	at ptolemy.actor.Manager.execute(Manager.java:356)
	at ptolemy.actor.Manager.run(Manager.java:1263)
	at ptolemy.actor.Manager$PtolemyRunThread.run(Manager.java:1915)
]]></system-err>
</testsuite>
