<?xml version="1.0" encoding="UTF-8" ?>
<testsuite errors="0" failures="0" hostname="travis-job-1b937ac3-14e2-49ff-9808-75138ad2022a" name="ptolemy.domains.modal.test.junit.JUnitTclTest" skipped="0" tests="148" time="10.021" timestamp="2020-02-04T17:58:31">
  <properties>
[...]
</properties>
  <testcase classname="ptolemy.util.test.junit.TclTests" name="[0] /home/travis/build/icyphy/ptII/ptolemy/domains/modal/test/SystemLevelType.tcl (RunTclFile)" time="1.867" />
  <testcase classname="ptolemy.util.test.junit.AutoKnownFailedTests" name="[0] /home/travis/build/icyphy/ptII/ptolemy/domains/modal/test/auto/knownFailedTests/CannotAnalysisWithPreemption.xml (RunModel)" time="0.32" />
  <testcase classname="ptolemy.util.test.junit.AutoNameArchTests" name="[0] ThereAreNoAutoArchTests (RunModel)" time="0.001" />
  <testcase classname="ptolemy.util.test.junit.AutoTests" name="[0] /home/travis/build/icyphy/ptII/ptolemy/domains/modal/test/auto/ABPTest.xml (RunModel)" time="0.785" />
  <testcase classname="ptolemy.util.test.junit.AutoTests" name="[1] /home/travis/build/icyphy/ptII/ptolemy/domains/modal/test/auto/ABROFlat.xml (RunModel)" time="0.08" />
  <testcase classname="ptolemy.util.test.junit.AutoTests" name="[2] /home/travis/build/icyphy/ptII/ptolemy/domains/modal/test/auto/ABROFlat2.xml (RunModel)" time="0.06" />
  <testcase classname="ptolemy.util.test.junit.AutoTests" name="[3] /home/travis/build/icyphy/ptII/ptolemy/domains/modal/test/auto/ABRO_present_hmm.xml (RunModel)" time="0.145" />
  <testcase classname="ptolemy.util.test.junit.AutoTests" name="[4] /home/travis/build/icyphy/ptII/ptolemy/domains/modal/test/auto/AMICoderExample.xml (RunModel)" time="0.082" />
  <testcase classname="ptolemy.util.test.junit.AutoTests" name="[5] /home/travis/build/icyphy/ptII/ptolemy/domains/modal/test/auto/AbsentToPresent.xml (RunModel)" time="0.02" />
  <testcase classname="ptolemy.util.test.junit.AutoTests" name="[6] /home/travis/build/icyphy/ptII/ptolemy/domains/modal/test/auto/Blending.xml (RunModel)" time="0.231" />
  <testcase classname="ptolemy.util.test.junit.AutoTests" name="[7] /home/travis/build/icyphy/ptII/ptolemy/domains/modal/test/auto/Broadcast.xml (RunModel)" time="0.035" />
  <testcase classname="ptolemy.util.test.junit.AutoTests" name="[8] /home/travis/build/icyphy/ptII/ptolemy/domains/modal/test/auto/BroadcastHierarchy.xml (RunModel)" time="0.046" />
  <testcase classname="ptolemy.util.test.junit.AutoTests" name="[9] /home/travis/build/icyphy/ptII/ptolemy/domains/modal/test/auto/BroadcastHierarchy2.xml (RunModel)" time="0.126" />
  <testcase classname="ptolemy.util.test.junit.AutoTests" name="[10] /home/travis/build/icyphy/ptII/ptolemy/domains/modal/test/auto/BroadcastHierarchy3.xml (RunModel)" time="0.087" />
  <testcase classname="ptolemy.util.test.junit.AutoTests" name="[11] /home/travis/build/icyphy/ptII/ptolemy/domains/modal/test/auto/BroadcastHierarchy4.xml (RunModel)" time="0.082" />
  <testcase classname="ptolemy.util.test.junit.AutoTests" name="[12] /home/travis/build/icyphy/ptII/ptolemy/domains/modal/test/auto/CannotAnalysisWithPreemption2.xml (RunModel)" time="0.031" />
  <testcase classname="ptolemy.util.test.junit.AutoTests" name="[13] /home/travis/build/icyphy/ptII/ptolemy/domains/modal/test/auto/CannotAnalysisWithPreemption3.xml (RunModel)" time="0.045" />
  <testcase classname="ptolemy.util.test.junit.AutoTests" name="[14] /home/travis/build/icyphy/ptII/ptolemy/domains/modal/test/auto/CannotProduce.xml (RunModel)" time="0.027" />
  <testcase classname="ptolemy.util.test.junit.AutoTests" name="[15] /home/travis/build/icyphy/ptII/ptolemy/domains/modal/test/auto/CannotProduceModal.xml (RunModel)" time="0.018" />
  <testcase classname="ptolemy.util.test.junit.AutoTests" name="[16] /home/travis/build/icyphy/ptII/ptolemy/domains/modal/test/auto/Case.xml (RunModel)" time="0.065" />
  <testcase classname="ptolemy.util.test.junit.AutoTests" name="[17] /home/travis/build/icyphy/ptII/ptolemy/domains/modal/test/auto/Case1.xml (RunModel)" time="0.027" />
  <testcase classname="ptolemy.util.test.junit.AutoTests" name="[18] /home/travis/build/icyphy/ptII/ptolemy/domains/modal/test/auto/Case2.xml (RunModel)" time="0.07" />
  <testcase classname="ptolemy.util.test.junit.AutoTests" name="[19] /home/travis/build/icyphy/ptII/ptolemy/domains/modal/test/auto/CausalityInterface1.xml (RunModel)" time="0.019" />
  <testcase classname="ptolemy.util.test.junit.AutoTests" name="[20] /home/travis/build/icyphy/ptII/ptolemy/domains/modal/test/auto/CausalityInterface10.xml (RunModel)" time="0.036" />
  <testcase classname="ptolemy.util.test.junit.AutoTests" name="[21] /home/travis/build/icyphy/ptII/ptolemy/domains/modal/test/auto/CausalityInterface11.xml (RunModel)" time="0.04" />
  <testcase classname="ptolemy.util.test.junit.AutoTests" name="[22] /home/travis/build/icyphy/ptII/ptolemy/domains/modal/test/auto/CausalityInterface12.xml (RunModel)" time="0.036" />
  <testcase classname="ptolemy.util.test.junit.AutoTests" name="[23] /home/travis/build/icyphy/ptII/ptolemy/domains/modal/test/auto/CausalityInterface13.xml (RunModel)" time="0.039" />
  <testcase classname="ptolemy.util.test.junit.AutoTests" name="[24] /home/travis/build/icyphy/ptII/ptolemy/domains/modal/test/auto/CausalityInterface14.xml (RunModel)" time="0.059" />
  <testcase classname="ptolemy.util.test.junit.AutoTests" name="[25] /home/travis/build/icyphy/ptII/ptolemy/domains/modal/test/auto/CausalityInterface2.xml (RunModel)" time="0.025" />
  <testcase classname="ptolemy.util.test.junit.AutoTests" name="[26] /home/travis/build/icyphy/ptII/ptolemy/domains/modal/test/auto/CausalityInterface3.xml (RunModel)" time="0.025" />
  <testcase classname="ptolemy.util.test.junit.AutoTests" name="[27] /home/travis/build/icyphy/ptII/ptolemy/domains/modal/test/auto/CausalityInterface4.xml (RunModel)" time="0.034" />
  <testcase classname="ptolemy.util.test.junit.AutoTests" name="[28] /home/travis/build/icyphy/ptII/ptolemy/domains/modal/test/auto/CausalityInterface5.xml (RunModel)" time="0.041" />
  <testcase classname="ptolemy.util.test.junit.AutoTests" name="[29] /home/travis/build/icyphy/ptII/ptolemy/domains/modal/test/auto/CausalityInterface6.xml (RunModel)" time="0.042" />
  <testcase classname="ptolemy.util.test.junit.AutoTests" name="[30] /home/travis/build/icyphy/ptII/ptolemy/domains/modal/test/auto/CausalityInterface7.xml (RunModel)" time="0.034" />
  <testcase classname="ptolemy.util.test.junit.AutoTests" name="[31] /home/travis/build/icyphy/ptII/ptolemy/domains/modal/test/auto/CausalityInterface8.xml (RunModel)" time="0.029" />
  <testcase classname="ptolemy.util.test.junit.AutoTests" name="[32] /home/travis/build/icyphy/ptII/ptolemy/domains/modal/test/auto/CausalityInterface9.xml (RunModel)" time="0.035" />
  <testcase classname="ptolemy.util.test.junit.AutoTests" name="[33] /home/travis/build/icyphy/ptII/ptolemy/domains/modal/test/auto/ChainedTransitions.xml (RunModel)" time="0.148" />
  <testcase classname="ptolemy.util.test.junit.AutoTests" name="[34] /home/travis/build/icyphy/ptII/ptolemy/domains/modal/test/auto/CycleOfImmediateTransitionsFSM.xml (RunModel)" time="0.02" />
  <testcase classname="ptolemy.util.test.junit.AutoTests" name="[35] /home/travis/build/icyphy/ptII/ptolemy/domains/modal/test/auto/CycleOfImmediateTransitionsModal.xml (RunModel)" time="0.023" />
  <testcase classname="ptolemy.util.test.junit.AutoTests" name="[36] /home/travis/build/icyphy/ptII/ptolemy/domains/modal/test/auto/CycleOfImmediateTransitionsModal2.xml (RunModel)" time="0.032" />
  <testcase classname="ptolemy.util.test.junit.AutoTests" name="[37] /home/travis/build/icyphy/ptII/ptolemy/domains/modal/test/auto/CycleOfImmediateTransitionsModal3.xml (RunModel)" time="0.071" />
  <testcase classname="ptolemy.util.test.junit.AutoTests" name="[38] /home/travis/build/icyphy/ptII/ptolemy/domains/modal/test/auto/DeepModal1.xml (RunModel)" time="0.05" />
  <testcase classname="ptolemy.util.test.junit.AutoTests" name="[39] /home/travis/build/icyphy/ptII/ptolemy/domains/modal/test/auto/DeepModal2.xml (RunModel)" time="0.083" />
  <testcase classname="ptolemy.util.test.junit.AutoTests" name="[40] /home/travis/build/icyphy/ptII/ptolemy/domains/modal/test/auto/DeepModal3.xml (RunModel)" time="0.069" />
  <testcase classname="ptolemy.util.test.junit.AutoTests" name="[41] /home/travis/build/icyphy/ptII/ptolemy/domains/modal/test/auto/DeepModal4.xml (RunModel)" time="0.074" />
  <testcase classname="ptolemy.util.test.junit.AutoTests" name="[42] /home/travis/build/icyphy/ptII/ptolemy/domains/modal/test/auto/Default1.xml (RunModel)" time="0.021" />
  <testcase classname="ptolemy.util.test.junit.AutoTests" name="[43] /home/travis/build/icyphy/ptII/ptolemy/domains/modal/test/auto/Default2.xml (RunModel)" time="0.019" />
  <testcase classname="ptolemy.util.test.junit.AutoTests" name="[44] /home/travis/build/icyphy/ptII/ptolemy/domains/modal/test/auto/Default3.xml (RunModel)" time="0.021" />
  <testcase classname="ptolemy.util.test.junit.AutoTests" name="[45] /home/travis/build/icyphy/ptII/ptolemy/domains/modal/test/auto/Default4.xml (RunModel)" time="0.016" />
  <testcase classname="ptolemy.util.test.junit.AutoTests" name="[46] /home/travis/build/icyphy/ptII/ptolemy/domains/modal/test/auto/Default5.xml (RunModel)" time="0.024" />
  <testcase classname="ptolemy.util.test.junit.AutoTests" name="[47] /home/travis/build/icyphy/ptII/ptolemy/domains/modal/test/auto/EmptyGuard.xml (RunModel)" time="0.025" />
  <testcase classname="ptolemy.util.test.junit.AutoTests" name="[48] /home/travis/build/icyphy/ptII/ptolemy/domains/modal/test/auto/ErrorTransition1.xml (RunModel)" time="0.034" />
  <testcase classname="ptolemy.util.test.junit.AutoTests" name="[49] /home/travis/build/icyphy/ptII/ptolemy/domains/modal/test/auto/ErrorTransition10.xml (RunModel)" time="0.04" />
  <testcase classname="ptolemy.util.test.junit.AutoTests" name="[50] /home/travis/build/icyphy/ptII/ptolemy/domains/modal/test/auto/ErrorTransition11.xml (RunModel)" time="0.056" />
  <testcase classname="ptolemy.util.test.junit.AutoTests" name="[51] /home/travis/build/icyphy/ptII/ptolemy/domains/modal/test/auto/ErrorTransition2.xml (RunModel)" time="0.035" />
  <testcase classname="ptolemy.util.test.junit.AutoTests" name="[52] /home/travis/build/icyphy/ptII/ptolemy/domains/modal/test/auto/ErrorTransition3.xml (RunModel)" time="0.051" />
  <testcase classname="ptolemy.util.test.junit.AutoTests" name="[53] /home/travis/build/icyphy/ptII/ptolemy/domains/modal/test/auto/ErrorTransition4.xml (RunModel)" time="0.04" />
  <testcase classname="ptolemy.util.test.junit.AutoTests" name="[54] /home/travis/build/icyphy/ptII/ptolemy/domains/modal/test/auto/ErrorTransition5.xml (RunModel)" time="0.031" />
  <testcase classname="ptolemy.util.test.junit.AutoTests" name="[55] /home/travis/build/icyphy/ptII/ptolemy/domains/modal/test/auto/ErrorTransition6.xml (RunModel)" time="0.031" />
  <testcase classname="ptolemy.util.test.junit.AutoTests" name="[56] /home/travis/build/icyphy/ptII/ptolemy/domains/modal/test/auto/ErrorTransition7.xml (RunModel)" time="0.04" />
  <testcase classname="ptolemy.util.test.junit.AutoTests" name="[57] /home/travis/build/icyphy/ptII/ptolemy/domains/modal/test/auto/ErrorTransition8.xml (RunModel)" time="0.034" />
  <testcase classname="ptolemy.util.test.junit.AutoTests" name="[58] /home/travis/build/icyphy/ptII/ptolemy/domains/modal/test/auto/ErrorTransition9.xml (RunModel)" time="0.029" />
  <testcase classname="ptolemy.util.test.junit.AutoTests" name="[59] /home/travis/build/icyphy/ptII/ptolemy/domains/modal/test/auto/ExtendedFSM.xml (RunModel)" time="0.021" />
  <testcase classname="ptolemy.util.test.junit.AutoTests" name="[60] /home/travis/build/icyphy/ptII/ptolemy/domains/modal/test/auto/FinalStates.xml (RunModel)" time="0.022" />
  <testcase classname="ptolemy.util.test.junit.AutoTests" name="[61] /home/travis/build/icyphy/ptII/ptolemy/domains/modal/test/auto/FixedPointFSM.xml (RunModel)" time="0.04" />
  <testcase classname="ptolemy.util.test.junit.AutoTests" name="[62] /home/travis/build/icyphy/ptII/ptolemy/domains/modal/test/auto/FixedPointIterationFSMActor.xml (RunModel)" time="0.032" />
  <testcase classname="ptolemy.util.test.junit.AutoTests" name="[63] /home/travis/build/icyphy/ptII/ptolemy/domains/modal/test/auto/FixedPointIterationFSMActor2.xml (RunModel)" time="0.042" />
  <testcase classname="ptolemy.util.test.junit.AutoTests" name="[64] /home/travis/build/icyphy/ptII/ptolemy/domains/modal/test/auto/ForbiddenInstantanousLoop.xml (RunModel)" time="0.038" />
  <testcase classname="ptolemy.util.test.junit.AutoTests" name="[65] /home/travis/build/icyphy/ptII/ptolemy/domains/modal/test/auto/FunctionDependencyOfFSMActorTest.xml (RunModel)" time="0.02" />
  <testcase classname="ptolemy.util.test.junit.AutoTests" name="[66] /home/travis/build/icyphy/ptII/ptolemy/domains/modal/test/auto/GuardExpression.xml (RunModel)" time="0.013" />
  <testcase classname="ptolemy.util.test.junit.AutoTests" name="[67] /home/travis/build/icyphy/ptII/ptolemy/domains/modal/test/auto/GuardNotEvaluated.xml (RunModel)" time="0.027" />
  <testcase classname="ptolemy.util.test.junit.AutoTests" name="[68] /home/travis/build/icyphy/ptII/ptolemy/domains/modal/test/auto/GuardNotEvaluated2.xml (RunModel)" time="0.022" />
  <testcase classname="ptolemy.util.test.junit.AutoTests" name="[69] /home/travis/build/icyphy/ptII/ptolemy/domains/modal/test/auto/GuardOnAbsent.xml (RunModel)" time="0.021" />
  <testcase classname="ptolemy.util.test.junit.AutoTests" name="[70] /home/travis/build/icyphy/ptII/ptolemy/domains/modal/test/auto/HierarchicalFSMTypeInference.xml (RunModel)" time="0.028" />
  <testcase classname="ptolemy.util.test.junit.AutoTests" name="[71] /home/travis/build/icyphy/ptII/ptolemy/domains/modal/test/auto/Hysteresis.xml (RunModel)" time="0.046" />
  <testcase classname="ptolemy.util.test.junit.AutoTests" name="[72] /home/travis/build/icyphy/ptII/ptolemy/domains/modal/test/auto/HysteresisWithDefault.xml (RunModel)" time="0.07" />
  <testcase classname="ptolemy.util.test.junit.AutoTests" name="[73] /home/travis/build/icyphy/ptII/ptolemy/domains/modal/test/auto/HysteresisWithDefault2.xml (RunModel)" time="0.068" />
  <testcase classname="ptolemy.util.test.junit.AutoTests" name="[74] /home/travis/build/icyphy/ptII/ptolemy/domains/modal/test/auto/ImmediateNonConstructiveness.xml (RunModel)" time="0.016" />
  <testcase classname="ptolemy.util.test.junit.AutoTests" name="[75] /home/travis/build/icyphy/ptII/ptolemy/domains/modal/test/auto/ImmediateNonConstructiveness2.xml (RunModel)" time="0.017" />
  <testcase classname="ptolemy.util.test.junit.AutoTests" name="[76] /home/travis/build/icyphy/ptII/ptolemy/domains/modal/test/auto/ImmediateTransitionReset.xml (RunModel)" time="0.048" />
  <testcase classname="ptolemy.util.test.junit.AutoTests" name="[77] /home/travis/build/icyphy/ptII/ptolemy/domains/modal/test/auto/ImmediateTransitions1.xml (RunModel)" time="0.012" />
  <testcase classname="ptolemy.util.test.junit.AutoTests" name="[78] /home/travis/build/icyphy/ptII/ptolemy/domains/modal/test/auto/ImmediateTransitionsInstantaneousCommunication.xml (RunModel)" time="0.029" />
  <testcase classname="ptolemy.util.test.junit.AutoTests" name="[79] /home/travis/build/icyphy/ptII/ptolemy/domains/modal/test/auto/InitialImmediateTransition.xml (RunModel)" time="0.019" />
  <testcase classname="ptolemy.util.test.junit.AutoTests" name="[80] /home/travis/build/icyphy/ptII/ptolemy/domains/modal/test/auto/InitialOutputs.xml (RunModel)" time="0.014" />
  <testcase classname="ptolemy.util.test.junit.AutoTests" name="[81] /home/travis/build/icyphy/ptII/ptolemy/domains/modal/test/auto/InitialStateTransition1.xml (RunModel)" time="0.018" />
  <testcase classname="ptolemy.util.test.junit.AutoTests" name="[82] /home/travis/build/icyphy/ptII/ptolemy/domains/modal/test/auto/InitialStateTransition2.xml (RunModel)" time="0.019" />
  <testcase classname="ptolemy.util.test.junit.AutoTests" name="[83] /home/travis/build/icyphy/ptII/ptolemy/domains/modal/test/auto/InitialStateTransition3.xml (RunModel)" time="0.021" />
  <testcase classname="ptolemy.util.test.junit.AutoTests" name="[84] /home/travis/build/icyphy/ptII/ptolemy/domains/modal/test/auto/InitialStateTransition4.xml (RunModel)" time="0.025" />
  <testcase classname="ptolemy.util.test.junit.AutoTests" name="[85] /home/travis/build/icyphy/ptII/ptolemy/domains/modal/test/auto/MalformedGuardExpressionNotCaught.xml (RunModel)" time="0.023" />
  <testcase classname="ptolemy.util.test.junit.AutoTests" name="[86] /home/travis/build/icyphy/ptII/ptolemy/domains/modal/test/auto/ModalBSC.xml (RunModel)" time="0.091" />
  <testcase classname="ptolemy.util.test.junit.AutoTests" name="[87] /home/travis/build/icyphy/ptII/ptolemy/domains/modal/test/auto/ModalClocks.xml (RunModel)" time="0.068" />
  <testcase classname="ptolemy.util.test.junit.AutoTests" name="[88] /home/travis/build/icyphy/ptII/ptolemy/domains/modal/test/auto/ModalDelay.xml (RunModel)" time="0.038" />
  <testcase classname="ptolemy.util.test.junit.AutoTests" name="[89] /home/travis/build/icyphy/ptII/ptolemy/domains/modal/test/auto/ModalDelay2.xml (RunModel)" time="0.058" />
  <testcase classname="ptolemy.util.test.junit.AutoTests" name="[90] /home/travis/build/icyphy/ptII/ptolemy/domains/modal/test/auto/ModalModelFromMemo.xml (RunModel)" time="0.055" />
  <testcase classname="ptolemy.util.test.junit.AutoTests" name="[91] /home/travis/build/icyphy/ptII/ptolemy/domains/modal/test/auto/ModalModelWithMultirateTransient.xml (RunModel)" time="0.048" />
  <testcase classname="ptolemy.util.test.junit.AutoTests" name="[92] /home/travis/build/icyphy/ptII/ptolemy/domains/modal/test/auto/ModalModelWithReset.xml (RunModel)" time="0.047" />
  <testcase classname="ptolemy.util.test.junit.AutoTests" name="[93] /home/travis/build/icyphy/ptII/ptolemy/domains/modal/test/auto/MouseClickFSM.xml (RunModel)" time="0.041" />
  <testcase classname="ptolemy.util.test.junit.AutoTests" name="[94] /home/travis/build/icyphy/ptII/ptolemy/domains/modal/test/auto/MouseClickFSMModal.xml (RunModel)" time="0.03" />
  <testcase classname="ptolemy.util.test.junit.AutoTests" name="[95] /home/travis/build/icyphy/ptII/ptolemy/domains/modal/test/auto/NonStrictFSM_FeedbackLoop.xml (RunModel)" time="0.044" />
  <testcase classname="ptolemy.util.test.junit.AutoTests" name="[96] /home/travis/build/icyphy/ptII/ptolemy/domains/modal/test/auto/NonStrictFSM_FeedbackLoop_Refinement.xml (RunModel)" time="0.064" />
  <testcase classname="ptolemy.util.test.junit.AutoTests" name="[97] /home/travis/build/icyphy/ptII/ptolemy/domains/modal/test/auto/NonStrictFSM_FeedbackLoop_preemptive.xml (RunModel)" time="0.041" />
  <testcase classname="ptolemy.util.test.junit.AutoTests" name="[98] /home/travis/build/icyphy/ptII/ptolemy/domains/modal/test/auto/NormalTermination.xml (RunModel)" time="0.068" />
  <testcase classname="ptolemy.util.test.junit.AutoTests" name="[99] /home/travis/build/icyphy/ptII/ptolemy/domains/modal/test/auto/Pong.xml (RunModel)" time="0.073" />
  <testcase classname="ptolemy.util.test.junit.AutoTests" name="[100] /home/travis/build/icyphy/ptII/ptolemy/domains/modal/test/auto/Pong_test.xml (RunModel)" time="0.097" />
  <testcase classname="ptolemy.util.test.junit.AutoTests" name="[101] /home/travis/build/icyphy/ptII/ptolemy/domains/modal/test/auto/PreemptionHierarchy.xml (RunModel)" time="0.024" />
  <testcase classname="ptolemy.util.test.junit.AutoTests" name="[102] /home/travis/build/icyphy/ptII/ptolemy/domains/modal/test/auto/PreemptionHierarchy2.xml (RunModel)" time="0.031" />
  <testcase classname="ptolemy.util.test.junit.AutoTests" name="[103] /home/travis/build/icyphy/ptII/ptolemy/domains/modal/test/auto/PreemptiveTransition.xml (RunModel)" time="0.022" />
  <testcase classname="ptolemy.util.test.junit.AutoTests" name="[104] /home/travis/build/icyphy/ptII/ptolemy/domains/modal/test/auto/Priorities.xml (RunModel)" time="0.078" />
  <testcase classname="ptolemy.util.test.junit.AutoTests" name="[105] /home/travis/build/icyphy/ptII/ptolemy/domains/modal/test/auto/ResetFinal.xml (RunModel)" time="0.036" />
  <testcase classname="ptolemy.util.test.junit.AutoTests" name="[106] /home/travis/build/icyphy/ptII/ptolemy/domains/modal/test/auto/ResetFinal2.xml (RunModel)" time="0.029" />
  <testcase classname="ptolemy.util.test.junit.AutoTests" name="[107] /home/travis/build/icyphy/ptII/ptolemy/domains/modal/test/auto/ResetTransitionWithStartTime.xml (RunModel)" time="0.03" />
  <testcase classname="ptolemy.util.test.junit.AutoTests" name="[108] /home/travis/build/icyphy/ptII/ptolemy/domains/modal/test/auto/SDF-FSMComposite.xml (RunModel)" time="0.02" />
  <testcase classname="ptolemy.util.test.junit.AutoTests" name="[109] /home/travis/build/icyphy/ptII/ptolemy/domains/modal/test/auto/SeeminglyNondeterminate.xml (RunModel)" time="0.085" />
  <testcase classname="ptolemy.util.test.junit.AutoTests" name="[110] /home/travis/build/icyphy/ptII/ptolemy/domains/modal/test/auto/SeeminglyNondeterminate2.xml (RunModel)" time="0.069" />
  <testcase classname="ptolemy.util.test.junit.AutoTests" name="[111] /home/travis/build/icyphy/ptII/ptolemy/domains/modal/test/auto/SpontaneousFSM.xml (RunModel)" time="0.037" />
  <testcase classname="ptolemy.util.test.junit.AutoTests" name="[112] /home/travis/build/icyphy/ptII/ptolemy/domains/modal/test/auto/SpontaneousFSM2.xml (RunModel)" time="0.025" />
  <testcase classname="ptolemy.util.test.junit.AutoTests" name="[113] /home/travis/build/icyphy/ptII/ptolemy/domains/modal/test/auto/SpontaneousFSM3.xml (RunModel)" time="0.038" />
  <testcase classname="ptolemy.util.test.junit.AutoTests" name="[114] /home/travis/build/icyphy/ptII/ptolemy/domains/modal/test/auto/SpontaneousFSM4.xml (RunModel)" time="0.039" />
  <testcase classname="ptolemy.util.test.junit.AutoTests" name="[115] /home/travis/build/icyphy/ptII/ptolemy/domains/modal/test/auto/StateTrackerTest.xml (RunModel)" time="0.042" />
  <testcase classname="ptolemy.util.test.junit.AutoTests" name="[116] /home/travis/build/icyphy/ptII/ptolemy/domains/modal/test/auto/StrongImmediateTransition.xml (RunModel)" time="0.018" />
  <testcase classname="ptolemy.util.test.junit.AutoTests" name="[117] /home/travis/build/icyphy/ptII/ptolemy/domains/modal/test/auto/SustainHierarchy.xml (RunModel)" time="0.031" />
  <testcase classname="ptolemy.util.test.junit.AutoTests" name="[118] /home/travis/build/icyphy/ptII/ptolemy/domains/modal/test/auto/TerminationTransition1.xml (RunModel)" time="0.018" />
  <testcase classname="ptolemy.util.test.junit.AutoTests" name="[119] /home/travis/build/icyphy/ptII/ptolemy/domains/modal/test/auto/TerminationTransition2.xml (RunModel)" time="0.02" />
  <testcase classname="ptolemy.util.test.junit.AutoTests" name="[120] /home/travis/build/icyphy/ptII/ptolemy/domains/modal/test/auto/TerminationTransition3.xml (RunModel)" time="0.02" />
  <testcase classname="ptolemy.util.test.junit.AutoTests" name="[121] /home/travis/build/icyphy/ptII/ptolemy/domains/modal/test/auto/TerminationTransition4.xml (RunModel)" time="0.042" />
  <testcase classname="ptolemy.util.test.junit.AutoTests" name="[122] /home/travis/build/icyphy/ptII/ptolemy/domains/modal/test/auto/TerminationTransition5.xml (RunModel)" time="0.03" />
  <testcase classname="ptolemy.util.test.junit.AutoTests" name="[123] /home/travis/build/icyphy/ptII/ptolemy/domains/modal/test/auto/TerminationTransition6.xml (RunModel)" time="0.018" />
  <testcase classname="ptolemy.util.test.junit.AutoTests" name="[124] /home/travis/build/icyphy/ptII/ptolemy/domains/modal/test/auto/TerminationTransition7.xml (RunModel)" time="0.019" />
  <testcase classname="ptolemy.util.test.junit.AutoTests" name="[125] /home/travis/build/icyphy/ptII/ptolemy/domains/modal/test/auto/TerminationTransition8.xml (RunModel)" time="0.019" />
  <testcase classname="ptolemy.util.test.junit.AutoTests" name="[126] /home/travis/build/icyphy/ptII/ptolemy/domains/modal/test/auto/Thermostat_NoHysteresis.xml (RunModel)" time="0.053" />
  <testcase classname="ptolemy.util.test.junit.AutoTests" name="[127] /home/travis/build/icyphy/ptII/ptolemy/domains/modal/test/auto/TimedFSM.xml (RunModel)" time="0.027" />
  <testcase classname="ptolemy.util.test.junit.AutoTests" name="[128] /home/travis/build/icyphy/ptII/ptolemy/domains/modal/test/auto/Timeout1.xml (RunModel)" time="0.018" />
  <testcase classname="ptolemy.util.test.junit.AutoTests" name="[129] /home/travis/build/icyphy/ptII/ptolemy/domains/modal/test/auto/Timeout2.xml (RunModel)" time="0.021" />
  <testcase classname="ptolemy.util.test.junit.AutoTests" name="[130] /home/travis/build/icyphy/ptII/ptolemy/domains/modal/test/auto/Timeout3.xml (RunModel)" time="0.012" />
  <testcase classname="ptolemy.util.test.junit.AutoTests" name="[131] /home/travis/build/icyphy/ptII/ptolemy/domains/modal/test/auto/Timeout4.xml (RunModel)" time="0.01" />
  <testcase classname="ptolemy.util.test.junit.AutoTests" name="[132] /home/travis/build/icyphy/ptII/ptolemy/domains/modal/test/auto/TransientstateModelAdvanced.xml (RunModel)" time="0.027" />
  <testcase classname="ptolemy.util.test.junit.AutoTests" name="[133] /home/travis/build/icyphy/ptII/ptolemy/domains/modal/test/auto/TransientstateModelAdvanced2.xml (RunModel)" time="0.031" />
  <testcase classname="ptolemy.util.test.junit.AutoTests" name="[134] /home/travis/build/icyphy/ptII/ptolemy/domains/modal/test/auto/TransitionRefinements.xml (RunModel)" time="0.023" />
  <testcase classname="ptolemy.util.test.junit.AutoTests" name="[135] /home/travis/build/icyphy/ptII/ptolemy/domains/modal/test/auto/TwoRefinements1.xml (RunModel)" time="0.024" />
  <testcase classname="ptolemy.util.test.junit.AutoTests" name="[136] /home/travis/build/icyphy/ptII/ptolemy/domains/modal/test/auto/TwoRefinements2.xml (RunModel)" time="0.024" />
  <testcase classname="ptolemy.util.test.junit.AutoTests" name="[137] /home/travis/build/icyphy/ptII/ptolemy/domains/modal/test/auto/WeakImmediateTransition.xml (RunModel)" time="0.019" />
  <testcase classname="ptolemy.util.test.junit.AutoTests" name="[138] /home/travis/build/icyphy/ptII/ptolemy/domains/modal/test/auto/booleanSelect.xml (RunModel)" time="0.082" />
  <testcase classname="ptolemy.util.test.junit.AutoTests" name="[139] /home/travis/build/icyphy/ptII/ptolemy/domains/modal/test/auto/modalChangingParams.xml (RunModel)" time="0.293" />
  <testcase classname="ptolemy.util.test.junit.AutoTests" name="[140] /home/travis/build/icyphy/ptII/ptolemy/domains/modal/test/auto/modalModel.xml (RunModel)" time="0.036" />
  <testcase classname="ptolemy.util.test.junit.AutoTests" name="[141] /home/travis/build/icyphy/ptII/ptolemy/domains/modal/test/auto/modalModel2.xml (RunModel)" time="0.032" />
  <testcase classname="ptolemy.util.test.junit.AutoTests" name="[142] /home/travis/build/icyphy/ptII/ptolemy/domains/modal/test/auto/modalModel3.xml (RunModel)" time="0.043" />
  <testcase classname="ptolemy.util.test.junit.AutoTests" name="[143] /home/travis/build/icyphy/ptII/ptolemy/domains/modal/test/auto/model1.xml (RunModel)" time="0.023" />
  <testcase classname="ptolemy.util.test.junit.AutoTests" name="[144] /home/travis/build/icyphy/ptII/ptolemy/domains/modal/test/auto/test-direct-in-out.xml (RunModel)" time="0.024" />
  <system-out><![CDATA[/home/travis/build/icyphy/ptII/ptolemy/domains/modal/test/SystemLevelType.tcl
testDefs.tcl: setting time out to 9000 seconds at Tue Feb 04 17:58:31 UTC 2020
02/04/20 05:58:33
Failed: 0  Total Tests: 1  ((Passed: 1, Newly Passed: 0)  Known Failed: 0) /home/travis/build/icyphy/ptII/ptolemy/domains/modal/test
----------------- testing (KnownFailure) /home/travis/build/icyphy/ptII/ptolemy/domains/modal/test/auto/knownFailedTests/CannotAnalysisWithPreemption.xml
140 ms. Memory: 155648K Free: 108197K (70%)
Known Failure: java.lang.reflect.InvocationTargetException
No auto/linux-amd64/*.xml tests in /home/travis/build/icyphy/ptII/ptolemy/domains/modal/test
AutoTests.java: About to close Vertx.
AutoTests.java: Vertx closed.

===========================================================================================
----------------- testing Tue Feb 04 17:58:34 UTC 2020 /home/travis/build/icyphy/ptII/ptolemy/domains/modal/test/auto/ABPTest.xml
----------------- Instantiating /home/travis/build/icyphy/ptII/ptolemy/domains/modal/test/auto/ABPTest.xml
366 ms. Memory: 155648K Free: 114441K (74%)
----------------- Invoking toplevel() on ptolemy.moml.MoMLSimpleApplication@687b2431
----------------- Done invoking toplevel() on ptolemy.moml.MoMLSimpleApplication@687b2431
reloadAllAccessors: .ABPTest

===========================================================================================
----------------- testing Tue Feb 04 17:58:35 UTC 2020 /home/travis/build/icyphy/ptII/ptolemy/domains/modal/test/auto/ABROFlat.xml
----------------- Instantiating /home/travis/build/icyphy/ptII/ptolemy/domains/modal/test/auto/ABROFlat.xml
23 ms. Memory: 155648K Free: 98459K (63%)
----------------- Invoking toplevel() on ptolemy.moml.MoMLSimpleApplication@1144e30b
----------------- Done invoking toplevel() on ptolemy.moml.MoMLSimpleApplication@1144e30b
reloadAllAccessors: .ABROFlat

===========================================================================================
----------------- testing Tue Feb 04 17:58:35 UTC 2020 /home/travis/build/icyphy/ptII/ptolemy/domains/modal/test/auto/ABROFlat2.xml
----------------- Instantiating /home/travis/build/icyphy/ptII/ptolemy/domains/modal/test/auto/ABROFlat2.xml
18 ms. Memory: 155648K Free: 81565K (52%)
----------------- Invoking toplevel() on ptolemy.moml.MoMLSimpleApplication@41fe64de
----------------- Done invoking toplevel() on ptolemy.moml.MoMLSimpleApplication@41fe64de
reloadAllAccessors: .ABROFlat2

===========================================================================================
----------------- testing Tue Feb 04 17:58:35 UTC 2020 /home/travis/build/icyphy/ptII/ptolemy/domains/modal/test/auto/ABRO_present_hmm.xml
----------------- Instantiating /home/travis/build/icyphy/ptII/ptolemy/domains/modal/test/auto/ABRO_present_hmm.xml
33 ms. Memory: 155648K Free: 54941K (35%)
----------------- Invoking toplevel() on ptolemy.moml.MoMLSimpleApplication@41dd7e60
----------------- Done invoking toplevel() on ptolemy.moml.MoMLSimpleApplication@41dd7e60
reloadAllAccessors: .ABRO_present_hmm

===========================================================================================
----------------- testing Tue Feb 04 17:58:35 UTC 2020 /home/travis/build/icyphy/ptII/ptolemy/domains/modal/test/auto/AMICoderExample.xml
----------------- Instantiating /home/travis/build/icyphy/ptII/ptolemy/domains/modal/test/auto/AMICoderExample.xml
34 ms. Memory: 155648K Free: 131118K (84%)
----------------- Invoking toplevel() on ptolemy.moml.MoMLSimpleApplication@19ebce0a
----------------- Done invoking toplevel() on ptolemy.moml.MoMLSimpleApplication@19ebce0a
reloadAllAccessors: .AMICoderExample

===========================================================================================
----------------- testing Tue Feb 04 17:58:35 UTC 2020 /home/travis/build/icyphy/ptII/ptolemy/domains/modal/test/auto/AbsentToPresent.xml
----------------- Instantiating /home/travis/build/icyphy/ptII/ptolemy/domains/modal/test/auto/AbsentToPresent.xml
6 ms. Memory: 155648K Free: 126518K (81%)
----------------- Invoking toplevel() on ptolemy.moml.MoMLSimpleApplication@2b4e19c9
----------------- Done invoking toplevel() on ptolemy.moml.MoMLSimpleApplication@2b4e19c9
reloadAllAccessors: .AbsentToPresent

===========================================================================================
----------------- testing Tue Feb 04 17:58:35 UTC 2020 /home/travis/build/icyphy/ptII/ptolemy/domains/modal/test/auto/Blending.xml
----------------- Instantiating /home/travis/build/icyphy/ptII/ptolemy/domains/modal/test/auto/Blending.xml
140 ms. Memory: 155648K Free: 81972K (53%)
----------------- Invoking toplevel() on ptolemy.moml.MoMLSimpleApplication@46db6865
----------------- Done invoking toplevel() on ptolemy.moml.MoMLSimpleApplication@46db6865
reloadAllAccessors: .Blending

===========================================================================================
----------------- testing Tue Feb 04 17:58:35 UTC 2020 /home/travis/build/icyphy/ptII/ptolemy/domains/modal/test/auto/Broadcast.xml
----------------- Instantiating /home/travis/build/icyphy/ptII/ptolemy/domains/modal/test/auto/Broadcast.xml
5 ms. Memory: 155648K Free: 71732K (46%)
----------------- Invoking toplevel() on ptolemy.moml.MoMLSimpleApplication@3a8b9d50
----------------- Done invoking toplevel() on ptolemy.moml.MoMLSimpleApplication@3a8b9d50
reloadAllAccessors: .Broadcast

===========================================================================================
----------------- testing Tue Feb 04 17:58:35 UTC 2020 /home/travis/build/icyphy/ptII/ptolemy/domains/modal/test/auto/BroadcastHierarchy.xml
----------------- Instantiating /home/travis/build/icyphy/ptII/ptolemy/domains/modal/test/auto/BroadcastHierarchy.xml
10 ms. Memory: 155648K Free: 57910K (37%)
----------------- Invoking toplevel() on ptolemy.moml.MoMLSimpleApplication@2c15f7cb
----------------- Done invoking toplevel() on ptolemy.moml.MoMLSimpleApplication@2c15f7cb
reloadAllAccessors: .BroadcastHierarchy

===========================================================================================
----------------- testing Tue Feb 04 17:58:35 UTC 2020 /home/travis/build/icyphy/ptII/ptolemy/domains/modal/test/auto/BroadcastHierarchy2.xml
----------------- Instantiating /home/travis/build/icyphy/ptII/ptolemy/domains/modal/test/auto/BroadcastHierarchy2.xml
30 ms. Memory: 205824K Free: 167990K (82%)
----------------- Invoking toplevel() on ptolemy.moml.MoMLSimpleApplication@4a1aebe3
----------------- Done invoking toplevel() on ptolemy.moml.MoMLSimpleApplication@4a1aebe3
reloadAllAccessors: .BroadcastHierarchy2

===========================================================================================
----------------- testing Tue Feb 04 17:58:35 UTC 2020 /home/travis/build/icyphy/ptII/ptolemy/domains/modal/test/auto/BroadcastHierarchy3.xml
----------------- Instantiating /home/travis/build/icyphy/ptII/ptolemy/domains/modal/test/auto/BroadcastHierarchy3.xml
16 ms. Memory: 205824K Free: 147510K (72%)
----------------- Invoking toplevel() on ptolemy.moml.MoMLSimpleApplication@67e13998
----------------- Done invoking toplevel() on ptolemy.moml.MoMLSimpleApplication@67e13998
reloadAllAccessors: .BroadcastHierarchy3

===========================================================================================
----------------- testing Tue Feb 04 17:58:35 UTC 2020 /home/travis/build/icyphy/ptII/ptolemy/domains/modal/test/auto/BroadcastHierarchy4.xml
----------------- Instantiating /home/travis/build/icyphy/ptII/ptolemy/domains/modal/test/auto/BroadcastHierarchy4.xml
11 ms. Memory: 205824K Free: 122934K (60%)
----------------- Invoking toplevel() on ptolemy.moml.MoMLSimpleApplication@18f63a31
----------------- Done invoking toplevel() on ptolemy.moml.MoMLSimpleApplication@18f63a31
reloadAllAccessors: .BroadcastHierarchy4

===========================================================================================
----------------- testing Tue Feb 04 17:58:36 UTC 2020 /home/travis/build/icyphy/ptII/ptolemy/domains/modal/test/auto/CannotAnalysisWithPreemption2.xml
----------------- Instantiating /home/travis/build/icyphy/ptII/ptolemy/domains/modal/test/auto/CannotAnalysisWithPreemption2.xml
4 ms. Memory: 205824K Free: 115766K (56%)
----------------- Invoking toplevel() on ptolemy.moml.MoMLSimpleApplication@11e26039
----------------- Done invoking toplevel() on ptolemy.moml.MoMLSimpleApplication@11e26039
reloadAllAccessors: .CannotAnalysisWithPreemption2

===========================================================================================
----------------- testing Tue Feb 04 17:58:36 UTC 2020 /home/travis/build/icyphy/ptII/ptolemy/domains/modal/test/auto/CannotAnalysisWithPreemption3.xml
----------------- Instantiating /home/travis/build/icyphy/ptII/ptolemy/domains/modal/test/auto/CannotAnalysisWithPreemption3.xml
5 ms. Memory: 205824K Free: 105526K (51%)
----------------- Invoking toplevel() on ptolemy.moml.MoMLSimpleApplication@2b75cb0f
----------------- Done invoking toplevel() on ptolemy.moml.MoMLSimpleApplication@2b75cb0f
reloadAllAccessors: .CannotAnalysisWithPreemption3

===========================================================================================
----------------- testing Tue Feb 04 17:58:36 UTC 2020 /home/travis/build/icyphy/ptII/ptolemy/domains/modal/test/auto/CannotProduce.xml
----------------- Instantiating /home/travis/build/icyphy/ptII/ptolemy/domains/modal/test/auto/CannotProduce.xml
11 ms. Memory: 205824K Free: 98854K (48%)
----------------- Invoking toplevel() on ptolemy.moml.MoMLSimpleApplication@7d7e9442
----------------- Done invoking toplevel() on ptolemy.moml.MoMLSimpleApplication@7d7e9442
reloadAllAccessors: .CannotProduce

===========================================================================================
----------------- testing Tue Feb 04 17:58:36 UTC 2020 /home/travis/build/icyphy/ptII/ptolemy/domains/modal/test/auto/CannotProduceModal.xml
----------------- Instantiating /home/travis/build/icyphy/ptII/ptolemy/domains/modal/test/auto/CannotProduceModal.xml
5 ms. Memory: 205824K Free: 92214K (45%)
----------------- Invoking toplevel() on ptolemy.moml.MoMLSimpleApplication@4a6a97b2
----------------- Done invoking toplevel() on ptolemy.moml.MoMLSimpleApplication@4a6a97b2
reloadAllAccessors: .CannotProduceModal

===========================================================================================
----------------- testing Tue Feb 04 17:58:36 UTC 2020 /home/travis/build/icyphy/ptII/ptolemy/domains/modal/test/auto/Case.xml
----------------- Instantiating /home/travis/build/icyphy/ptII/ptolemy/domains/modal/test/auto/Case.xml
26 ms. Memory: 205824K Free: 80950K (39%)
----------------- Invoking toplevel() on ptolemy.moml.MoMLSimpleApplication@390cf36d
----------------- Done invoking toplevel() on ptolemy.moml.MoMLSimpleApplication@390cf36d
reloadAllAccessors: .Case

===========================================================================================
----------------- testing Tue Feb 04 17:58:36 UTC 2020 /home/travis/build/icyphy/ptII/ptolemy/domains/modal/test/auto/Case1.xml
----------------- Instantiating /home/travis/build/icyphy/ptII/ptolemy/domains/modal/test/auto/Case1.xml
10 ms. Memory: 205824K Free: 73782K (36%)
----------------- Invoking toplevel() on ptolemy.moml.MoMLSimpleApplication@f01d664
----------------- Done invoking toplevel() on ptolemy.moml.MoMLSimpleApplication@f01d664
reloadAllAccessors: .Case1

===========================================================================================
----------------- testing Tue Feb 04 17:58:36 UTC 2020 /home/travis/build/icyphy/ptII/ptolemy/domains/modal/test/auto/Case2.xml
----------------- Instantiating /home/travis/build/icyphy/ptII/ptolemy/domains/modal/test/auto/Case2.xml
22 ms. Memory: 205824K Free: 178228K (87%)
----------------- Invoking toplevel() on ptolemy.moml.MoMLSimpleApplication@4cd13e12
----------------- Done invoking toplevel() on ptolemy.moml.MoMLSimpleApplication@4cd13e12
reloadAllAccessors: .Case2

===========================================================================================
----------------- testing Tue Feb 04 17:58:36 UTC 2020 /home/travis/build/icyphy/ptII/ptolemy/domains/modal/test/auto/CausalityInterface1.xml
----------------- Instantiating /home/travis/build/icyphy/ptII/ptolemy/domains/modal/test/auto/CausalityInterface1.xml
3 ms. Memory: 205824K Free: 173108K (84%)
----------------- Invoking toplevel() on ptolemy.moml.MoMLSimpleApplication@470a1fff
----------------- Done invoking toplevel() on ptolemy.moml.MoMLSimpleApplication@470a1fff
reloadAllAccessors: .CausalityInterface1

===========================================================================================
----------------- testing Tue Feb 04 17:58:36 UTC 2020 /home/travis/build/icyphy/ptII/ptolemy/domains/modal/test/auto/CausalityInterface10.xml
----------------- Instantiating /home/travis/build/icyphy/ptII/ptolemy/domains/modal/test/auto/CausalityInterface10.xml
5 ms. Memory: 205824K Free: 159782K (78%)
----------------- Invoking toplevel() on ptolemy.moml.MoMLSimpleApplication@2b627b28
----------------- Done invoking toplevel() on ptolemy.moml.MoMLSimpleApplication@2b627b28
reloadAllAccessors: .CausalityInterface10

===========================================================================================
----------------- testing Tue Feb 04 17:58:36 UTC 2020 /home/travis/build/icyphy/ptII/ptolemy/domains/modal/test/auto/CausalityInterface11.xml
----------------- Instantiating /home/travis/build/icyphy/ptII/ptolemy/domains/modal/test/auto/CausalityInterface11.xml
5 ms. Memory: 205824K Free: 146454K (71%)
----------------- Invoking toplevel() on ptolemy.moml.MoMLSimpleApplication@75552437
----------------- Done invoking toplevel() on ptolemy.moml.MoMLSimpleApplication@75552437
reloadAllAccessors: .CausalityInterface11

===========================================================================================
----------------- testing Tue Feb 04 17:58:36 UTC 2020 /home/travis/build/icyphy/ptII/ptolemy/domains/modal/test/auto/CausalityInterface12.xml
----------------- Instantiating /home/travis/build/icyphy/ptII/ptolemy/domains/modal/test/auto/CausalityInterface12.xml
5 ms. Memory: 205824K Free: 133142K (65%)
----------------- Invoking toplevel() on ptolemy.moml.MoMLSimpleApplication@189f1444
----------------- Done invoking toplevel() on ptolemy.moml.MoMLSimpleApplication@189f1444
reloadAllAccessors: .CausalityInterface12

===========================================================================================
----------------- testing Tue Feb 04 17:58:36 UTC 2020 /home/travis/build/icyphy/ptII/ptolemy/domains/modal/test/auto/CausalityInterface13.xml
----------------- Instantiating /home/travis/build/icyphy/ptII/ptolemy/domains/modal/test/auto/CausalityInterface13.xml
6 ms. Memory: 205824K Free: 119350K (58%)
----------------- Invoking toplevel() on ptolemy.moml.MoMLSimpleApplication@3d82c53c
----------------- Done invoking toplevel() on ptolemy.moml.MoMLSimpleApplication@3d82c53c
reloadAllAccessors: .CausalityInterface13

===========================================================================================
----------------- testing Tue Feb 04 17:58:36 UTC 2020 /home/travis/build/icyphy/ptII/ptolemy/domains/modal/test/auto/CausalityInterface14.xml
----------------- Instantiating /home/travis/build/icyphy/ptII/ptolemy/domains/modal/test/auto/CausalityInterface14.xml
11 ms. Memory: 205824K Free: 105510K (51%)
----------------- Invoking toplevel() on ptolemy.moml.MoMLSimpleApplication@6f032766
----------------- Done invoking toplevel() on ptolemy.moml.MoMLSimpleApplication@6f032766
reloadAllAccessors: .CausalityInterface14

===========================================================================================
----------------- testing Tue Feb 04 17:58:36 UTC 2020 /home/travis/build/icyphy/ptII/ptolemy/domains/modal/test/auto/CausalityInterface2.xml
----------------- Instantiating /home/travis/build/icyphy/ptII/ptolemy/domains/modal/test/auto/CausalityInterface2.xml
3 ms. Memory: 205824K Free: 98870K (48%)
----------------- Invoking toplevel() on ptolemy.moml.MoMLSimpleApplication@687c0666
----------------- Done invoking toplevel() on ptolemy.moml.MoMLSimpleApplication@687c0666
reloadAllAccessors: .CausalityInterface2

===========================================================================================
----------------- testing Tue Feb 04 17:58:36 UTC 2020 /home/travis/build/icyphy/ptII/ptolemy/domains/modal/test/auto/CausalityInterface3.xml
----------------- Instantiating /home/travis/build/icyphy/ptII/ptolemy/domains/modal/test/auto/CausalityInterface3.xml
4 ms. Memory: 205824K Free: 92212K (45%)
----------------- Invoking toplevel() on ptolemy.moml.MoMLSimpleApplication@2469041b
----------------- Done invoking toplevel() on ptolemy.moml.MoMLSimpleApplication@2469041b
reloadAllAccessors: .CausalityInterface3

===========================================================================================
----------------- testing Tue Feb 04 17:58:36 UTC 2020 /home/travis/build/icyphy/ptII/ptolemy/domains/modal/test/auto/CausalityInterface4.xml
----------------- Instantiating /home/travis/build/icyphy/ptII/ptolemy/domains/modal/test/auto/CausalityInterface4.xml
9 ms. Memory: 205824K Free: 85558K (42%)
----------------- Invoking toplevel() on ptolemy.moml.MoMLSimpleApplication@25fb5a3c
----------------- Done invoking toplevel() on ptolemy.moml.MoMLSimpleApplication@25fb5a3c
reloadAllAccessors: .CausalityInterface4

===========================================================================================
----------------- testing Tue Feb 04 17:58:36 UTC 2020 /home/travis/build/icyphy/ptII/ptolemy/domains/modal/test/auto/CausalityInterface5.xml
----------------- Instantiating /home/travis/build/icyphy/ptII/ptolemy/domains/modal/test/auto/CausalityInterface5.xml
8 ms. Memory: 205824K Free: 77846K (38%)
----------------- Invoking toplevel() on ptolemy.moml.MoMLSimpleApplication@5f9cd54b
----------------- Done invoking toplevel() on ptolemy.moml.MoMLSimpleApplication@5f9cd54b
reloadAllAccessors: .CausalityInterface5

===========================================================================================
----------------- testing Tue Feb 04 17:58:36 UTC 2020 /home/travis/build/icyphy/ptII/ptolemy/domains/modal/test/auto/CausalityInterface6.xml
----------------- Instantiating /home/travis/build/icyphy/ptII/ptolemy/domains/modal/test/auto/CausalityInterface6.xml
17 ms. Memory: 205824K Free: 186150K (90%)
----------------- Invoking toplevel() on ptolemy.moml.MoMLSimpleApplication@518f9410
----------------- Done invoking toplevel() on ptolemy.moml.MoMLSimpleApplication@518f9410
reloadAllAccessors: .CausalityInterface6

===========================================================================================
----------------- testing Tue Feb 04 17:58:36 UTC 2020 /home/travis/build/icyphy/ptII/ptolemy/domains/modal/test/auto/CausalityInterface7.xml
----------------- Instantiating /home/travis/build/icyphy/ptII/ptolemy/domains/modal/test/auto/CausalityInterface7.xml
6 ms. Memory: 205824K Free: 177206K (86%)
----------------- Invoking toplevel() on ptolemy.moml.MoMLSimpleApplication@1d5ee1d9
----------------- Done invoking toplevel() on ptolemy.moml.MoMLSimpleApplication@1d5ee1d9
reloadAllAccessors: .CausalityInterface7

===========================================================================================
----------------- testing Tue Feb 04 17:58:36 UTC 2020 /home/travis/build/icyphy/ptII/ptolemy/domains/modal/test/auto/CausalityInterface8.xml
----------------- Instantiating /home/travis/build/icyphy/ptII/ptolemy/domains/modal/test/auto/CausalityInterface8.xml
7 ms. Memory: 205824K Free: 169014K (82%)
----------------- Invoking toplevel() on ptolemy.moml.MoMLSimpleApplication@6d576e07
----------------- Done invoking toplevel() on ptolemy.moml.MoMLSimpleApplication@6d576e07
reloadAllAccessors: .CausalityInterface8

===========================================================================================
----------------- testing Tue Feb 04 17:58:36 UTC 2020 /home/travis/build/icyphy/ptII/ptolemy/domains/modal/test/auto/CausalityInterface9.xml
----------------- Instantiating /home/travis/build/icyphy/ptII/ptolemy/domains/modal/test/auto/CausalityInterface9.xml
5 ms. Memory: 205824K Free: 159270K (77%)
----------------- Invoking toplevel() on ptolemy.moml.MoMLSimpleApplication@2477e945
----------------- Done invoking toplevel() on ptolemy.moml.MoMLSimpleApplication@2477e945
reloadAllAccessors: .CausalityInterface9

===========================================================================================
----------------- testing Tue Feb 04 17:58:36 UTC 2020 /home/travis/build/icyphy/ptII/ptolemy/domains/modal/test/auto/ChainedTransitions.xml
----------------- Instantiating /home/travis/build/icyphy/ptII/ptolemy/domains/modal/test/auto/ChainedTransitions.xml
94 ms. Memory: 205824K Free: 134708K (65%)
----------------- Invoking toplevel() on ptolemy.moml.MoMLSimpleApplication@2ea24b62
----------------- Done invoking toplevel() on ptolemy.moml.MoMLSimpleApplication@2ea24b62
reloadAllAccessors: .ChainedTransitions

===========================================================================================
----------------- testing Tue Feb 04 17:58:37 UTC 2020 /home/travis/build/icyphy/ptII/ptolemy/domains/modal/test/auto/CycleOfImmediateTransitionsFSM.xml
----------------- Instantiating /home/travis/build/icyphy/ptII/ptolemy/domains/modal/test/auto/CycleOfImmediateTransitionsFSM.xml
4 ms. Memory: 205824K Free: 128564K (62%)
----------------- Invoking toplevel() on ptolemy.moml.MoMLSimpleApplication@1ae77be2
----------------- Done invoking toplevel() on ptolemy.moml.MoMLSimpleApplication@1ae77be2
reloadAllAccessors: .CycleOfImmediateTransitionsFSM

===========================================================================================
----------------- testing Tue Feb 04 17:58:37 UTC 2020 /home/travis/build/icyphy/ptII/ptolemy/domains/modal/test/auto/CycleOfImmediateTransitionsModal.xml
----------------- Instantiating /home/travis/build/icyphy/ptII/ptolemy/domains/modal/test/auto/CycleOfImmediateTransitionsModal.xml
4 ms. Memory: 205824K Free: 122420K (59%)
----------------- Invoking toplevel() on ptolemy.moml.MoMLSimpleApplication@7bb21dfe
----------------- Done invoking toplevel() on ptolemy.moml.MoMLSimpleApplication@7bb21dfe
reloadAllAccessors: .CycleOfImmediateTransitionsModal

===========================================================================================
----------------- testing Tue Feb 04 17:58:37 UTC 2020 /home/travis/build/icyphy/ptII/ptolemy/domains/modal/test/auto/CycleOfImmediateTransitionsModal2.xml
----------------- Instantiating /home/travis/build/icyphy/ptII/ptolemy/domains/modal/test/auto/CycleOfImmediateTransitionsModal2.xml
9 ms. Memory: 205824K Free: 116276K (56%)
----------------- Invoking toplevel() on ptolemy.moml.MoMLSimpleApplication@276f0292
----------------- Done invoking toplevel() on ptolemy.moml.MoMLSimpleApplication@276f0292
reloadAllAccessors: .CycleOfImmediateTransitionsModal2

===========================================================================================
----------------- testing Tue Feb 04 17:58:37 UTC 2020 /home/travis/build/icyphy/ptII/ptolemy/domains/modal/test/auto/CycleOfImmediateTransitionsModal3.xml
----------------- Instantiating /home/travis/build/icyphy/ptII/ptolemy/domains/modal/test/auto/CycleOfImmediateTransitionsModal3.xml
12 ms. Memory: 205824K Free: 93734K (46%)
----------------- Invoking toplevel() on ptolemy.moml.MoMLSimpleApplication@4addb123
----------------- Done invoking toplevel() on ptolemy.moml.MoMLSimpleApplication@4addb123
reloadAllAccessors: .CycleOfImmediateTransitionsModal3

===========================================================================================
----------------- testing Tue Feb 04 17:58:37 UTC 2020 /home/travis/build/icyphy/ptII/ptolemy/domains/modal/test/auto/DeepModal1.xml
----------------- Instantiating /home/travis/build/icyphy/ptII/ptolemy/domains/modal/test/auto/DeepModal1.xml
22 ms. Memory: 205824K Free: 79926K (39%)
----------------- Invoking toplevel() on ptolemy.moml.MoMLSimpleApplication@33b83d92
----------------- Done invoking toplevel() on ptolemy.moml.MoMLSimpleApplication@33b83d92
reloadAllAccessors: .DeepModal1

===========================================================================================
----------------- testing Tue Feb 04 17:58:37 UTC 2020 /home/travis/build/icyphy/ptII/ptolemy/domains/modal/test/auto/DeepModal2.xml
----------------- Instantiating /home/travis/build/icyphy/ptII/ptolemy/domains/modal/test/auto/DeepModal2.xml
24 ms. Memory: 205824K Free: 177204K (86%)
----------------- Invoking toplevel() on ptolemy.moml.MoMLSimpleApplication@71e8a0ad
----------------- Done invoking toplevel() on ptolemy.moml.MoMLSimpleApplication@71e8a0ad
reloadAllAccessors: .DeepModal2

===========================================================================================
----------------- testing Tue Feb 04 17:58:37 UTC 2020 /home/travis/build/icyphy/ptII/ptolemy/domains/modal/test/auto/DeepModal3.xml
----------------- Instantiating /home/travis/build/icyphy/ptII/ptolemy/domains/modal/test/auto/DeepModal3.xml
29 ms. Memory: 205824K Free: 157734K (77%)
----------------- Invoking toplevel() on ptolemy.moml.MoMLSimpleApplication@65628051
----------------- Done invoking toplevel() on ptolemy.moml.MoMLSimpleApplication@65628051
reloadAllAccessors: .DeepModal3

===========================================================================================
----------------- testing Tue Feb 04 17:58:37 UTC 2020 /home/travis/build/icyphy/ptII/ptolemy/domains/modal/test/auto/DeepModal4.xml
----------------- Instantiating /home/travis/build/icyphy/ptII/ptolemy/domains/modal/test/auto/DeepModal4.xml
27 ms. Memory: 205824K Free: 138292K (67%)
----------------- Invoking toplevel() on ptolemy.moml.MoMLSimpleApplication@27828f04
----------------- Done invoking toplevel() on ptolemy.moml.MoMLSimpleApplication@27828f04
reloadAllAccessors: .DeepModal4

===========================================================================================
----------------- testing Tue Feb 04 17:58:37 UTC 2020 /home/travis/build/icyphy/ptII/ptolemy/domains/modal/test/auto/Default1.xml
----------------- Instantiating /home/travis/build/icyphy/ptII/ptolemy/domains/modal/test/auto/Default1.xml
2 ms. Memory: 205824K Free: 132148K (64%)
----------------- Invoking toplevel() on ptolemy.moml.MoMLSimpleApplication@3a2b85db
----------------- Done invoking toplevel() on ptolemy.moml.MoMLSimpleApplication@3a2b85db
reloadAllAccessors: .Default1

===========================================================================================
----------------- testing Tue Feb 04 17:58:37 UTC 2020 /home/travis/build/icyphy/ptII/ptolemy/domains/modal/test/auto/Default2.xml
----------------- Instantiating /home/travis/build/icyphy/ptII/ptolemy/domains/modal/test/auto/Default2.xml
8 ms. Memory: 205824K Free: 126516K (61%)
----------------- Invoking toplevel() on ptolemy.moml.MoMLSimpleApplication@6f6728b8
----------------- Done invoking toplevel() on ptolemy.moml.MoMLSimpleApplication@6f6728b8
reloadAllAccessors: .Default2

===========================================================================================
----------------- testing Tue Feb 04 17:58:37 UTC 2020 /home/travis/build/icyphy/ptII/ptolemy/domains/modal/test/auto/Default3.xml
----------------- Instantiating /home/travis/build/icyphy/ptII/ptolemy/domains/modal/test/auto/Default3.xml
2 ms. Memory: 205824K Free: 119860K (58%)
----------------- Invoking toplevel() on ptolemy.moml.MoMLSimpleApplication@b6283e5
----------------- Done invoking toplevel() on ptolemy.moml.MoMLSimpleApplication@b6283e5
reloadAllAccessors: .Default3

===========================================================================================
----------------- testing Tue Feb 04 17:58:37 UTC 2020 /home/travis/build/icyphy/ptII/ptolemy/domains/modal/test/auto/Default4.xml
----------------- Instantiating /home/travis/build/icyphy/ptII/ptolemy/domains/modal/test/auto/Default4.xml
5 ms. Memory: 205824K Free: 113716K (55%)
----------------- Invoking toplevel() on ptolemy.moml.MoMLSimpleApplication@6698067
----------------- Done invoking toplevel() on ptolemy.moml.MoMLSimpleApplication@6698067
reloadAllAccessors: .Default4

===========================================================================================
----------------- testing Tue Feb 04 17:58:37 UTC 2020 /home/travis/build/icyphy/ptII/ptolemy/domains/modal/test/auto/Default5.xml
----------------- Instantiating /home/travis/build/icyphy/ptII/ptolemy/domains/modal/test/auto/Default5.xml
5 ms. Memory: 205824K Free: 105524K (51%)
----------------- Invoking toplevel() on ptolemy.moml.MoMLSimpleApplication@174143a0
----------------- Done invoking toplevel() on ptolemy.moml.MoMLSimpleApplication@174143a0
reloadAllAccessors: .Default5

===========================================================================================
----------------- testing Tue Feb 04 17:58:37 UTC 2020 /home/travis/build/icyphy/ptII/ptolemy/domains/modal/test/auto/EmptyGuard.xml
----------------- Instantiating /home/travis/build/icyphy/ptII/ptolemy/domains/modal/test/auto/EmptyGuard.xml
10 ms. Memory: 205824K Free: 97846K (48%)
----------------- Invoking toplevel() on ptolemy.moml.MoMLSimpleApplication@7c36dbc5
----------------- Done invoking toplevel() on ptolemy.moml.MoMLSimpleApplication@7c36dbc5
reloadAllAccessors: .EmptyGuard

===========================================================================================
----------------- testing Tue Feb 04 17:58:37 UTC 2020 /home/travis/build/icyphy/ptII/ptolemy/domains/modal/test/auto/ErrorTransition1.xml
----------------- Instantiating /home/travis/build/icyphy/ptII/ptolemy/domains/modal/test/auto/ErrorTransition1.xml
8 ms. Memory: 205824K Free: 89140K (43%)
----------------- Invoking toplevel() on ptolemy.moml.MoMLSimpleApplication@6b280392
----------------- Done invoking toplevel() on ptolemy.moml.MoMLSimpleApplication@6b280392
reloadAllAccessors: .ErrorTransition1

===========================================================================================
----------------- testing Tue Feb 04 17:58:37 UTC 2020 /home/travis/build/icyphy/ptII/ptolemy/domains/modal/test/auto/ErrorTransition10.xml
----------------- Instantiating /home/travis/build/icyphy/ptII/ptolemy/domains/modal/test/auto/ErrorTransition10.xml
12 ms. Memory: 205824K Free: 75318K (37%)
----------------- Invoking toplevel() on ptolemy.moml.MoMLSimpleApplication@6db8a8ac
----------------- Done invoking toplevel() on ptolemy.moml.MoMLSimpleApplication@6db8a8ac
reloadAllAccessors: .ErrorTransition10

===========================================================================================
----------------- testing Tue Feb 04 17:58:37 UTC 2020 /home/travis/build/icyphy/ptII/ptolemy/domains/modal/test/auto/ErrorTransition11.xml
----------------- Instantiating /home/travis/build/icyphy/ptII/ptolemy/domains/modal/test/auto/ErrorTransition11.xml
4 ms. Memory: 254976K Free: 229430K (90%)
----------------- Invoking toplevel() on ptolemy.moml.MoMLSimpleApplication@30a0f7ff
----------------- Done invoking toplevel() on ptolemy.moml.MoMLSimpleApplication@30a0f7ff
reloadAllAccessors: .ErrorTransition11

===========================================================================================
----------------- testing Tue Feb 04 17:58:37 UTC 2020 /home/travis/build/icyphy/ptII/ptolemy/domains/modal/test/auto/ErrorTransition2.xml
----------------- Instantiating /home/travis/build/icyphy/ptII/ptolemy/domains/modal/test/auto/ErrorTransition2.xml
9 ms. Memory: 254976K Free: 220724K (87%)
----------------- Invoking toplevel() on ptolemy.moml.MoMLSimpleApplication@31976c59
----------------- Done invoking toplevel() on ptolemy.moml.MoMLSimpleApplication@31976c59
reloadAllAccessors: .ErrorTransition2

===========================================================================================
----------------- testing Tue Feb 04 17:58:37 UTC 2020 /home/travis/build/icyphy/ptII/ptolemy/domains/modal/test/auto/ErrorTransition3.xml
----------------- Instantiating /home/travis/build/icyphy/ptII/ptolemy/domains/modal/test/auto/ErrorTransition3.xml
19 ms. Memory: 254976K Free: 210484K (83%)
----------------- Invoking toplevel() on ptolemy.moml.MoMLSimpleApplication@219579ca
----------------- Done invoking toplevel() on ptolemy.moml.MoMLSimpleApplication@219579ca
reloadAllAccessors: .ErrorTransition3

===========================================================================================
----------------- testing Tue Feb 04 17:58:37 UTC 2020 /home/travis/build/icyphy/ptII/ptolemy/domains/modal/test/auto/ErrorTransition4.xml
----------------- Instantiating /home/travis/build/icyphy/ptII/ptolemy/domains/modal/test/auto/ErrorTransition4.xml
14 ms. Memory: 254976K Free: 199206K (78%)
----------------- Invoking toplevel() on ptolemy.moml.MoMLSimpleApplication@5bcdf6f1
----------------- Done invoking toplevel() on ptolemy.moml.MoMLSimpleApplication@5bcdf6f1
reloadAllAccessors: .ErrorTransition4

===========================================================================================
----------------- testing Tue Feb 04 17:58:37 UTC 2020 /home/travis/build/icyphy/ptII/ptolemy/domains/modal/test/auto/ErrorTransition5.xml
----------------- Instantiating /home/travis/build/icyphy/ptII/ptolemy/domains/modal/test/auto/ErrorTransition5.xml
7 ms. Memory: 254976K Free: 188974K (74%)
----------------- Invoking toplevel() on ptolemy.moml.MoMLSimpleApplication@24e89ea5
----------------- Done invoking toplevel() on ptolemy.moml.MoMLSimpleApplication@24e89ea5
reloadAllAccessors: .ErrorTransition5

===========================================================================================
----------------- testing Tue Feb 04 17:58:37 UTC 2020 /home/travis/build/icyphy/ptII/ptolemy/domains/modal/test/auto/ErrorTransition6.xml
----------------- Instantiating /home/travis/build/icyphy/ptII/ptolemy/domains/modal/test/auto/ErrorTransition6.xml
10 ms. Memory: 254976K Free: 178230K (70%)
----------------- Invoking toplevel() on ptolemy.moml.MoMLSimpleApplication@5eecf9d2
----------------- Done invoking toplevel() on ptolemy.moml.MoMLSimpleApplication@5eecf9d2
reloadAllAccessors: .ErrorTransition6

===========================================================================================
----------------- testing Tue Feb 04 17:58:37 UTC 2020 /home/travis/build/icyphy/ptII/ptolemy/domains/modal/test/auto/ErrorTransition7.xml
----------------- Instantiating /home/travis/build/icyphy/ptII/ptolemy/domains/modal/test/auto/ErrorTransition7.xml
11 ms. Memory: 254976K Free: 165422K (65%)
----------------- Invoking toplevel() on ptolemy.moml.MoMLSimpleApplication@3996e471
----------------- Done invoking toplevel() on ptolemy.moml.MoMLSimpleApplication@3996e471
reloadAllAccessors: .ErrorTransition7

===========================================================================================
----------------- testing Tue Feb 04 17:58:37 UTC 2020 /home/travis/build/icyphy/ptII/ptolemy/domains/modal/test/auto/ErrorTransition8.xml
----------------- Instantiating /home/travis/build/icyphy/ptII/ptolemy/domains/modal/test/auto/ErrorTransition8.xml
11 ms. Memory: 254976K Free: 152116K (60%)
----------------- Invoking toplevel() on ptolemy.moml.MoMLSimpleApplication@7b750043
----------------- Done invoking toplevel() on ptolemy.moml.MoMLSimpleApplication@7b750043
reloadAllAccessors: .ErrorTransition8

===========================================================================================
----------------- testing Tue Feb 04 17:58:38 UTC 2020 /home/travis/build/icyphy/ptII/ptolemy/domains/modal/test/auto/ErrorTransition9.xml
----------------- Instantiating /home/travis/build/icyphy/ptII/ptolemy/domains/modal/test/auto/ErrorTransition9.xml
8 ms. Memory: 254976K Free: 138790K (54%)
----------------- Invoking toplevel() on ptolemy.moml.MoMLSimpleApplication@7fff1b25
----------------- Done invoking toplevel() on ptolemy.moml.MoMLSimpleApplication@7fff1b25
reloadAllAccessors: .ErrorTransition9

===========================================================================================
----------------- testing Tue Feb 04 17:58:38 UTC 2020 /home/travis/build/icyphy/ptII/ptolemy/domains/modal/test/auto/ExtendedFSM.xml
----------------- Instantiating /home/travis/build/icyphy/ptII/ptolemy/domains/modal/test/auto/ExtendedFSM.xml
5 ms. Memory: 254976K Free: 130102K (51%)
----------------- Invoking toplevel() on ptolemy.moml.MoMLSimpleApplication@3bbea86e
----------------- Done invoking toplevel() on ptolemy.moml.MoMLSimpleApplication@3bbea86e
reloadAllAccessors: .ExtendedFSM

===========================================================================================
----------------- testing Tue Feb 04 17:58:38 UTC 2020 /home/travis/build/icyphy/ptII/ptolemy/domains/modal/test/auto/FinalStates.xml
----------------- Instantiating /home/travis/build/icyphy/ptII/ptolemy/domains/modal/test/auto/FinalStates.xml
6 ms. Memory: 254976K Free: 121910K (48%)
----------------- Invoking toplevel() on ptolemy.moml.MoMLSimpleApplication@48429cd0
----------------- Done invoking toplevel() on ptolemy.moml.MoMLSimpleApplication@48429cd0
reloadAllAccessors: .FinalStates

===========================================================================================
----------------- testing Tue Feb 04 17:58:38 UTC 2020 /home/travis/build/icyphy/ptII/ptolemy/domains/modal/test/auto/FixedPointFSM.xml
----------------- Instantiating /home/travis/build/icyphy/ptII/ptolemy/domains/modal/test/auto/FixedPointFSM.xml
18 ms. Memory: 254976K Free: 107054K (42%)
----------------- Invoking toplevel() on ptolemy.moml.MoMLSimpleApplication@5b7f0b89
----------------- Done invoking toplevel() on ptolemy.moml.MoMLSimpleApplication@5b7f0b89
reloadAllAccessors: .FixedPointFSM

===========================================================================================
----------------- testing Tue Feb 04 17:58:38 UTC 2020 /home/travis/build/icyphy/ptII/ptolemy/domains/modal/test/auto/FixedPointIterationFSMActor.xml
----------------- Instantiating /home/travis/build/icyphy/ptII/ptolemy/domains/modal/test/auto/FixedPointIterationFSMActor.xml
7 ms. Memory: 254976K Free: 96814K (38%)
----------------- Invoking toplevel() on ptolemy.moml.MoMLSimpleApplication@7d5fc36
----------------- Done invoking toplevel() on ptolemy.moml.MoMLSimpleApplication@7d5fc36
reloadAllAccessors: .FixedPointIterationFSMActor

===========================================================================================
----------------- testing Tue Feb 04 17:58:38 UTC 2020 /home/travis/build/icyphy/ptII/ptolemy/domains/modal/test/auto/FixedPointIterationFSMActor2.xml
----------------- Instantiating /home/travis/build/icyphy/ptII/ptolemy/domains/modal/test/auto/FixedPointIterationFSMActor2.xml
9 ms. Memory: 254976K Free: 230446K (90%)
----------------- Invoking toplevel() on ptolemy.moml.MoMLSimpleApplication@1b179ffb
----------------- Done invoking toplevel() on ptolemy.moml.MoMLSimpleApplication@1b179ffb
reloadAllAccessors: .FixedPointIterationFSMActor2

===========================================================================================
----------------- testing Tue Feb 04 17:58:38 UTC 2020 /home/travis/build/icyphy/ptII/ptolemy/domains/modal/test/auto/ForbiddenInstantanousLoop.xml
----------------- Instantiating /home/travis/build/icyphy/ptII/ptolemy/domains/modal/test/auto/ForbiddenInstantanousLoop.xml
9 ms. Memory: 254976K Free: 218150K (86%)
----------------- Invoking toplevel() on ptolemy.moml.MoMLSimpleApplication@7a2fd8eb
----------------- Done invoking toplevel() on ptolemy.moml.MoMLSimpleApplication@7a2fd8eb
reloadAllAccessors: .ForbiddenInstantanousLoop

===========================================================================================
----------------- testing Tue Feb 04 17:58:38 UTC 2020 /home/travis/build/icyphy/ptII/ptolemy/domains/modal/test/auto/FunctionDependencyOfFSMActorTest.xml
----------------- Instantiating /home/travis/build/icyphy/ptII/ptolemy/domains/modal/test/auto/FunctionDependencyOfFSMActorTest.xml
6 ms. Memory: 254976K Free: 210982K (83%)
----------------- Invoking toplevel() on ptolemy.moml.MoMLSimpleApplication@3091b992
----------------- Done invoking toplevel() on ptolemy.moml.MoMLSimpleApplication@3091b992
reloadAllAccessors: .FunctionDependencyOfFSMActorTest

===========================================================================================
----------------- testing Tue Feb 04 17:58:38 UTC 2020 /home/travis/build/icyphy/ptII/ptolemy/domains/modal/test/auto/GuardExpression.xml
----------------- Instantiating /home/travis/build/icyphy/ptII/ptolemy/domains/modal/test/auto/GuardExpression.xml
2 ms. Memory: 254976K Free: 205876K (81%)
----------------- Invoking toplevel() on ptolemy.moml.MoMLSimpleApplication@3bb9d93a
----------------- Done invoking toplevel() on ptolemy.moml.MoMLSimpleApplication@3bb9d93a
reloadAllAccessors: .GuardExpression

===========================================================================================
----------------- testing Tue Feb 04 17:58:38 UTC 2020 /home/travis/build/icyphy/ptII/ptolemy/domains/modal/test/auto/GuardNotEvaluated.xml
----------------- Instantiating /home/travis/build/icyphy/ptII/ptolemy/domains/modal/test/auto/GuardNotEvaluated.xml
6 ms. Memory: 254976K Free: 197174K (77%)
----------------- Invoking toplevel() on ptolemy.moml.MoMLSimpleApplication@4eb2844c
----------------- Done invoking toplevel() on ptolemy.moml.MoMLSimpleApplication@4eb2844c
reloadAllAccessors: .GuardNotEvaluated

===========================================================================================
----------------- testing Tue Feb 04 17:58:38 UTC 2020 /home/travis/build/icyphy/ptII/ptolemy/domains/modal/test/auto/GuardNotEvaluated2.xml
----------------- Instantiating /home/travis/build/icyphy/ptII/ptolemy/domains/modal/test/auto/GuardNotEvaluated2.xml
6 ms. Memory: 254976K Free: 187444K (74%)
----------------- Invoking toplevel() on ptolemy.moml.MoMLSimpleApplication@1cf8606e
----------------- Done invoking toplevel() on ptolemy.moml.MoMLSimpleApplication@1cf8606e
reloadAllAccessors: .GuardNotEvaluated2

===========================================================================================
----------------- testing Tue Feb 04 17:58:38 UTC 2020 /home/travis/build/icyphy/ptII/ptolemy/domains/modal/test/auto/GuardOnAbsent.xml
----------------- Instantiating /home/travis/build/icyphy/ptII/ptolemy/domains/modal/test/auto/GuardOnAbsent.xml
8 ms. Memory: 254976K Free: 180238K (71%)
----------------- Invoking toplevel() on ptolemy.moml.MoMLSimpleApplication@1ea6331e
----------------- Done invoking toplevel() on ptolemy.moml.MoMLSimpleApplication@1ea6331e
reloadAllAccessors: .GuardOnAbsent

===========================================================================================
----------------- testing Tue Feb 04 17:58:38 UTC 2020 /home/travis/build/icyphy/ptII/ptolemy/domains/modal/test/auto/HierarchicalFSMTypeInference.xml
----------------- Instantiating /home/travis/build/icyphy/ptII/ptolemy/domains/modal/test/auto/HierarchicalFSMTypeInference.xml
4 ms. Memory: 254976K Free: 169526K (66%)
----------------- Invoking toplevel() on ptolemy.moml.MoMLSimpleApplication@48732045
----------------- Done invoking toplevel() on ptolemy.moml.MoMLSimpleApplication@48732045
reloadAllAccessors: .HierarchicalFSMTypeInference

===========================================================================================
----------------- testing Tue Feb 04 17:58:38 UTC 2020 /home/travis/build/icyphy/ptII/ptolemy/domains/modal/test/auto/Hysteresis.xml
----------------- Instantiating /home/travis/build/icyphy/ptII/ptolemy/domains/modal/test/auto/Hysteresis.xml
15 ms. Memory: 254976K Free: 156214K (61%)
----------------- Invoking toplevel() on ptolemy.moml.MoMLSimpleApplication@381086e7
----------------- Done invoking toplevel() on ptolemy.moml.MoMLSimpleApplication@381086e7
reloadAllAccessors: .Hysteresis

===========================================================================================
----------------- testing Tue Feb 04 17:58:38 UTC 2020 /home/travis/build/icyphy/ptII/ptolemy/domains/modal/test/auto/HysteresisWithDefault.xml
----------------- Instantiating /home/travis/build/icyphy/ptII/ptolemy/domains/modal/test/auto/HysteresisWithDefault.xml
42 ms. Memory: 254976K Free: 133158K (52%)
----------------- Invoking toplevel() on ptolemy.moml.MoMLSimpleApplication@224d43c3
----------------- Done invoking toplevel() on ptolemy.moml.MoMLSimpleApplication@224d43c3
reloadAllAccessors: .HysteresisWithDefault

===========================================================================================
----------------- testing Tue Feb 04 17:58:38 UTC 2020 /home/travis/build/icyphy/ptII/ptolemy/domains/modal/test/auto/HysteresisWithDefault2.xml
----------------- Instantiating /home/travis/build/icyphy/ptII/ptolemy/domains/modal/test/auto/HysteresisWithDefault2.xml
43 ms. Memory: 254976K Free: 103990K (41%)
----------------- Invoking toplevel() on ptolemy.moml.MoMLSimpleApplication@105be793
----------------- Done invoking toplevel() on ptolemy.moml.MoMLSimpleApplication@105be793
reloadAllAccessors: .HysteresisWithDefault2

===========================================================================================
----------------- testing Tue Feb 04 17:58:38 UTC 2020 /home/travis/build/icyphy/ptII/ptolemy/domains/modal/test/auto/ImmediateNonConstructiveness.xml
----------------- Instantiating /home/travis/build/icyphy/ptII/ptolemy/domains/modal/test/auto/ImmediateNonConstructiveness.xml
3 ms. Memory: 254976K Free: 96822K (38%)
----------------- Invoking toplevel() on ptolemy.moml.MoMLSimpleApplication@5ed3f0ec
----------------- Done invoking toplevel() on ptolemy.moml.MoMLSimpleApplication@5ed3f0ec
reloadAllAccessors: .ImmediateNonConstructiveness

===========================================================================================
----------------- testing Tue Feb 04 17:58:38 UTC 2020 /home/travis/build/icyphy/ptII/ptolemy/domains/modal/test/auto/ImmediateNonConstructiveness2.xml
----------------- Instantiating /home/travis/build/icyphy/ptII/ptolemy/domains/modal/test/auto/ImmediateNonConstructiveness2.xml
2 ms. Memory: 254976K Free: 90678K (36%)
----------------- Invoking toplevel() on ptolemy.moml.MoMLSimpleApplication@4c428eb7
----------------- Done invoking toplevel() on ptolemy.moml.MoMLSimpleApplication@4c428eb7
reloadAllAccessors: .ImmediateNonConstructiveness2

===========================================================================================
----------------- testing Tue Feb 04 17:58:38 UTC 2020 /home/travis/build/icyphy/ptII/ptolemy/domains/modal/test/auto/ImmediateTransitionReset.xml
----------------- Instantiating /home/travis/build/icyphy/ptII/ptolemy/domains/modal/test/auto/ImmediateTransitionReset.xml
7 ms. Memory: 254976K Free: 224308K (88%)
----------------- Invoking toplevel() on ptolemy.moml.MoMLSimpleApplication@40fdb163
----------------- Done invoking toplevel() on ptolemy.moml.MoMLSimpleApplication@40fdb163
reloadAllAccessors: .ImmediateTransitionReset

===========================================================================================
----------------- testing Tue Feb 04 17:58:38 UTC 2020 /home/travis/build/icyphy/ptII/ptolemy/domains/modal/test/auto/ImmediateTransitions1.xml
----------------- Instantiating /home/travis/build/icyphy/ptII/ptolemy/domains/modal/test/auto/ImmediateTransitions1.xml
2 ms. Memory: 254976K Free: 219188K (86%)
----------------- Invoking toplevel() on ptolemy.moml.MoMLSimpleApplication@1583d35e
----------------- Done invoking toplevel() on ptolemy.moml.MoMLSimpleApplication@1583d35e
reloadAllAccessors: .ImmediateTransitions1

===========================================================================================
----------------- testing Tue Feb 04 17:58:38 UTC 2020 /home/travis/build/icyphy/ptII/ptolemy/domains/modal/test/auto/ImmediateTransitionsInstantaneousCommunication.xml
----------------- Instantiating /home/travis/build/icyphy/ptII/ptolemy/domains/modal/test/auto/ImmediateTransitionsInstantaneousCommunication.xml
4 ms. Memory: 254976K Free: 206886K (81%)
----------------- Invoking toplevel() on ptolemy.moml.MoMLSimpleApplication@4ef86d95
----------------- Done invoking toplevel() on ptolemy.moml.MoMLSimpleApplication@4ef86d95
reloadAllAccessors: .ImmediateTransitionsInstantaneousCommunication

===========================================================================================
----------------- testing Tue Feb 04 17:58:38 UTC 2020 /home/travis/build/icyphy/ptII/ptolemy/domains/modal/test/auto/InitialImmediateTransition.xml
----------------- Instantiating /home/travis/build/icyphy/ptII/ptolemy/domains/modal/test/auto/InitialImmediateTransition.xml
3 ms. Memory: 254976K Free: 199726K (78%)
----------------- Invoking toplevel() on ptolemy.moml.MoMLSimpleApplication@348d09bd
----------------- Done invoking toplevel() on ptolemy.moml.MoMLSimpleApplication@348d09bd
reloadAllAccessors: .InitialImmediateTransition

===========================================================================================
----------------- testing Tue Feb 04 17:58:38 UTC 2020 /home/travis/build/icyphy/ptII/ptolemy/domains/modal/test/auto/InitialOutputs.xml
----------------- Instantiating /home/travis/build/icyphy/ptII/ptolemy/domains/modal/test/auto/InitialOutputs.xml
3 ms. Memory: 254976K Free: 193574K (76%)
----------------- Invoking toplevel() on ptolemy.moml.MoMLSimpleApplication@539abfe5
----------------- Done invoking toplevel() on ptolemy.moml.MoMLSimpleApplication@539abfe5
reloadAllAccessors: .InitialOutputs

===========================================================================================
----------------- testing Tue Feb 04 17:58:38 UTC 2020 /home/travis/build/icyphy/ptII/ptolemy/domains/modal/test/auto/InitialStateTransition1.xml
----------------- Instantiating /home/travis/build/icyphy/ptII/ptolemy/domains/modal/test/auto/InitialStateTransition1.xml
2 ms. Memory: 254976K Free: 186420K (73%)
----------------- Invoking toplevel() on ptolemy.moml.MoMLSimpleApplication@2d03d744
----------------- Done invoking toplevel() on ptolemy.moml.MoMLSimpleApplication@2d03d744
reloadAllAccessors: .InitialStateTransition1

===========================================================================================
----------------- testing Tue Feb 04 17:58:38 UTC 2020 /home/travis/build/icyphy/ptII/ptolemy/domains/modal/test/auto/InitialStateTransition2.xml
----------------- Instantiating /home/travis/build/icyphy/ptII/ptolemy/domains/modal/test/auto/InitialStateTransition2.xml
.InitialStateTransition2.TestExceptionAttributeNonConstructive: initialize() was not invoked, but wrapup() was.  This is unusual, but not always a problem.  For example, exporting JNLP will do this.
2 ms. Memory: 254976K Free: 179252K (70%)
----------------- Invoking toplevel() on ptolemy.moml.MoMLSimpleApplication@171cf1b5
----------------- Done invoking toplevel() on ptolemy.moml.MoMLSimpleApplication@171cf1b5
reloadAllAccessors: .InitialStateTransition2

===========================================================================================
----------------- testing Tue Feb 04 17:58:38 UTC 2020 /home/travis/build/icyphy/ptII/ptolemy/domains/modal/test/auto/InitialStateTransition3.xml
----------------- Instantiating /home/travis/build/icyphy/ptII/ptolemy/domains/modal/test/auto/InitialStateTransition3.xml
3 ms. Memory: 254976K Free: 171060K (67%)
----------------- Invoking toplevel() on ptolemy.moml.MoMLSimpleApplication@647afd6e
----------------- Done invoking toplevel() on ptolemy.moml.MoMLSimpleApplication@647afd6e
reloadAllAccessors: .InitialStateTransition3

===========================================================================================
----------------- testing Tue Feb 04 17:58:38 UTC 2020 /home/travis/build/icyphy/ptII/ptolemy/domains/modal/test/auto/InitialStateTransition4.xml
----------------- Instantiating /home/travis/build/icyphy/ptII/ptolemy/domains/modal/test/auto/InitialStateTransition4.xml
3 ms. Memory: 254976K Free: 161334K (63%)
----------------- Invoking toplevel() on ptolemy.moml.MoMLSimpleApplication@1649cc7f
----------------- Done invoking toplevel() on ptolemy.moml.MoMLSimpleApplication@1649cc7f
[...]
reloadAllAccessors: .TerminationTransition3

===========================================================================================
----------------- testing Tue Feb 04 17:58:40 UTC 2020 /home/travis/build/icyphy/ptII/ptolemy/domains/modal/test/auto/TerminationTransition4.xml
----------------- Instantiating /home/travis/build/icyphy/ptII/ptolemy/domains/modal/test/auto/TerminationTransition4.xml
2 ms. Memory: 311296K Free: 282882K (91%)
----------------- Invoking toplevel() on ptolemy.moml.MoMLSimpleApplication@5cc8f46c
----------------- Done invoking toplevel() on ptolemy.moml.MoMLSimpleApplication@5cc8f46c
reloadAllAccessors: .TerminationTransition4

===========================================================================================
----------------- testing Tue Feb 04 17:58:40 UTC 2020 /home/travis/build/icyphy/ptII/ptolemy/domains/modal/test/auto/TerminationTransition5.xml
----------------- Instantiating /home/travis/build/icyphy/ptII/ptolemy/domains/modal/test/auto/TerminationTransition5.xml
2 ms. Memory: 311296K Free: 268852K (86%)
----------------- Invoking toplevel() on ptolemy.moml.MoMLSimpleApplication@674829b
----------------- Done invoking toplevel() on ptolemy.moml.MoMLSimpleApplication@674829b
reloadAllAccessors: .TerminationTransition5

===========================================================================================
----------------- testing Tue Feb 04 17:58:40 UTC 2020 /home/travis/build/icyphy/ptII/ptolemy/domains/modal/test/auto/TerminationTransition6.xml
----------------- Instantiating /home/travis/build/icyphy/ptII/ptolemy/domains/modal/test/auto/TerminationTransition6.xml
1 ms. Memory: 311296K Free: 260660K (84%)
----------------- Invoking toplevel() on ptolemy.moml.MoMLSimpleApplication@782dff7b
----------------- Done invoking toplevel() on ptolemy.moml.MoMLSimpleApplication@782dff7b
reloadAllAccessors: .TerminationTransition6

===========================================================================================
----------------- testing Tue Feb 04 17:58:40 UTC 2020 /home/travis/build/icyphy/ptII/ptolemy/domains/modal/test/auto/TerminationTransition7.xml
----------------- Instantiating /home/travis/build/icyphy/ptII/ptolemy/domains/modal/test/auto/TerminationTransition7.xml
2 ms. Memory: 311296K Free: 250934K (81%)
----------------- Invoking toplevel() on ptolemy.moml.MoMLSimpleApplication@14041276
----------------- Done invoking toplevel() on ptolemy.moml.MoMLSimpleApplication@14041276
reloadAllAccessors: .TerminationTransition7

===========================================================================================
----------------- testing Tue Feb 04 17:58:40 UTC 2020 /home/travis/build/icyphy/ptII/ptolemy/domains/modal/test/auto/TerminationTransition8.xml
----------------- Instantiating /home/travis/build/icyphy/ptII/ptolemy/domains/modal/test/auto/TerminationTransition8.xml
1 ms. Memory: 311296K Free: 241189K (77%)
----------------- Invoking toplevel() on ptolemy.moml.MoMLSimpleApplication@345a7855
----------------- Done invoking toplevel() on ptolemy.moml.MoMLSimpleApplication@345a7855
reloadAllAccessors: .TerminationTransition8

===========================================================================================
----------------- testing Tue Feb 04 17:58:40 UTC 2020 /home/travis/build/icyphy/ptII/ptolemy/domains/modal/test/auto/Thermostat_NoHysteresis.xml
----------------- Instantiating /home/travis/build/icyphy/ptII/ptolemy/domains/modal/test/auto/Thermostat_NoHysteresis.xml
25 ms. Memory: 311296K Free: 216628K (70%)
----------------- Invoking toplevel() on ptolemy.moml.MoMLSimpleApplication@7114f483
----------------- Done invoking toplevel() on ptolemy.moml.MoMLSimpleApplication@7114f483
reloadAllAccessors: .Thermostat_NoHysteresis

===========================================================================================
----------------- testing Tue Feb 04 17:58:40 UTC 2020 /home/travis/build/icyphy/ptII/ptolemy/domains/modal/test/auto/TimedFSM.xml
----------------- Instantiating /home/travis/build/icyphy/ptII/ptolemy/domains/modal/test/auto/TimedFSM.xml
8 ms. Memory: 311296K Free: 204854K (66%)
----------------- Invoking toplevel() on ptolemy.moml.MoMLSimpleApplication@3252a28
----------------- Done invoking toplevel() on ptolemy.moml.MoMLSimpleApplication@3252a28
reloadAllAccessors: .TimedFSM

===========================================================================================
----------------- testing Tue Feb 04 17:58:40 UTC 2020 /home/travis/build/icyphy/ptII/ptolemy/domains/modal/test/auto/Timeout1.xml
----------------- Instantiating /home/travis/build/icyphy/ptII/ptolemy/domains/modal/test/auto/Timeout1.xml
3 ms. Memory: 311296K Free: 199205K (64%)
----------------- Invoking toplevel() on ptolemy.moml.MoMLSimpleApplication@19dff190
----------------- Done invoking toplevel() on ptolemy.moml.MoMLSimpleApplication@19dff190
reloadAllAccessors: .Timeout1

===========================================================================================
----------------- testing Tue Feb 04 17:58:40 UTC 2020 /home/travis/build/icyphy/ptII/ptolemy/domains/modal/test/auto/Timeout2.xml
----------------- Instantiating /home/travis/build/icyphy/ptII/ptolemy/domains/modal/test/auto/Timeout2.xml
8 ms. Memory: 311296K Free: 190518K (61%)
----------------- Invoking toplevel() on ptolemy.moml.MoMLSimpleApplication@6e257f97
----------------- Done invoking toplevel() on ptolemy.moml.MoMLSimpleApplication@6e257f97
reloadAllAccessors: .Timeout2

===========================================================================================
----------------- testing Tue Feb 04 17:58:40 UTC 2020 /home/travis/build/icyphy/ptII/ptolemy/domains/modal/test/auto/Timeout3.xml
----------------- Instantiating /home/travis/build/icyphy/ptII/ptolemy/domains/modal/test/auto/Timeout3.xml
2 ms. Memory: 311296K Free: 185398K (60%)
----------------- Invoking toplevel() on ptolemy.moml.MoMLSimpleApplication@2cd542ae
----------------- Done invoking toplevel() on ptolemy.moml.MoMLSimpleApplication@2cd542ae
reloadAllAccessors: .Timeout3

===========================================================================================
----------------- testing Tue Feb 04 17:58:40 UTC 2020 /home/travis/build/icyphy/ptII/ptolemy/domains/modal/test/auto/Timeout4.xml
----------------- Instantiating /home/travis/build/icyphy/ptII/ptolemy/domains/modal/test/auto/Timeout4.xml
2 ms. Memory: 311296K Free: 180278K (58%)
----------------- Invoking toplevel() on ptolemy.moml.MoMLSimpleApplication@41c51e7e
----------------- Done invoking toplevel() on ptolemy.moml.MoMLSimpleApplication@41c51e7e
reloadAllAccessors: .Timeout4

===========================================================================================
----------------- testing Tue Feb 04 17:58:40 UTC 2020 /home/travis/build/icyphy/ptII/ptolemy/domains/modal/test/auto/TransientstateModelAdvanced.xml
----------------- Instantiating /home/travis/build/icyphy/ptII/ptolemy/domains/modal/test/auto/TransientstateModelAdvanced.xml
3 ms. Memory: 311296K Free: 167990K (54%)
----------------- Invoking toplevel() on ptolemy.moml.MoMLSimpleApplication@585a685b
----------------- Done invoking toplevel() on ptolemy.moml.MoMLSimpleApplication@585a685b
reloadAllAccessors: .TransientstateModelAdvanced

===========================================================================================
----------------- testing Tue Feb 04 17:58:40 UTC 2020 /home/travis/build/icyphy/ptII/ptolemy/domains/modal/test/auto/TransientstateModelAdvanced2.xml
----------------- Instantiating /home/travis/build/icyphy/ptII/ptolemy/domains/modal/test/auto/TransientstateModelAdvanced2.xml
3 ms. Memory: 311296K Free: 153654K (49%)
----------------- Invoking toplevel() on ptolemy.moml.MoMLSimpleApplication@664566d
----------------- Done invoking toplevel() on ptolemy.moml.MoMLSimpleApplication@664566d
reloadAllAccessors: .transientstatemodelAdvanced

===========================================================================================
----------------- testing Tue Feb 04 17:58:40 UTC 2020 /home/travis/build/icyphy/ptII/ptolemy/domains/modal/test/auto/TransitionRefinements.xml
----------------- Instantiating /home/travis/build/icyphy/ptII/ptolemy/domains/modal/test/auto/TransitionRefinements.xml
6 ms. Memory: 311296K Free: 143909K (46%)
----------------- Invoking toplevel() on ptolemy.moml.MoMLSimpleApplication@153bda64
----------------- Done invoking toplevel() on ptolemy.moml.MoMLSimpleApplication@153bda64
reloadAllAccessors: .TransitionRefinements

===========================================================================================
----------------- testing Tue Feb 04 17:58:40 UTC 2020 /home/travis/build/icyphy/ptII/ptolemy/domains/modal/test/auto/TwoRefinements1.xml
----------------- Instantiating /home/travis/build/icyphy/ptII/ptolemy/domains/modal/test/auto/TwoRefinements1.xml
2 ms. Memory: 311296K Free: 134198K (43%)
----------------- Invoking toplevel() on ptolemy.moml.MoMLSimpleApplication@9485681
----------------- Done invoking toplevel() on ptolemy.moml.MoMLSimpleApplication@9485681
reloadAllAccessors: .TwoRefinements1

===========================================================================================
----------------- testing Tue Feb 04 17:58:40 UTC 2020 /home/travis/build/icyphy/ptII/ptolemy/domains/modal/test/auto/TwoRefinements2.xml
----------------- Instantiating /home/travis/build/icyphy/ptII/ptolemy/domains/modal/test/auto/TwoRefinements2.xml
3 ms. Memory: 311296K Free: 123958K (40%)
----------------- Invoking toplevel() on ptolemy.moml.MoMLSimpleApplication@3549dc87
----------------- Done invoking toplevel() on ptolemy.moml.MoMLSimpleApplication@3549dc87
reloadAllAccessors: .TwoRefinements2

===========================================================================================
----------------- testing Tue Feb 04 17:58:41 UTC 2020 /home/travis/build/icyphy/ptII/ptolemy/domains/modal/test/auto/WeakImmediateTransition.xml
----------------- Instantiating /home/travis/build/icyphy/ptII/ptolemy/domains/modal/test/auto/WeakImmediateTransition.xml
3 ms. Memory: 311296K Free: 115252K (37%)
----------------- Invoking toplevel() on ptolemy.moml.MoMLSimpleApplication@6e5dea26
----------------- Done invoking toplevel() on ptolemy.moml.MoMLSimpleApplication@6e5dea26
reloadAllAccessors: .WeakImmediateTransition

===========================================================================================
----------------- testing Tue Feb 04 17:58:41 UTC 2020 /home/travis/build/icyphy/ptII/ptolemy/domains/modal/test/auto/booleanSelect.xml
----------------- Instantiating /home/travis/build/icyphy/ptII/ptolemy/domains/modal/test/auto/booleanSelect.xml
40 ms. Memory: 311296K Free: 278603K (89%)
----------------- Invoking toplevel() on ptolemy.moml.MoMLSimpleApplication@77c296a3
----------------- Done invoking toplevel() on ptolemy.moml.MoMLSimpleApplication@77c296a3
reloadAllAccessors: .booleanSelect

===========================================================================================
----------------- testing Tue Feb 04 17:58:41 UTC 2020 /home/travis/build/icyphy/ptII/ptolemy/domains/modal/test/auto/modalChangingParams.xml
----------------- Instantiating /home/travis/build/icyphy/ptII/ptolemy/domains/modal/test/auto/modalChangingParams.xml
0
1
0
2
4
6
8
7
0
2
4
6
8
13
0
2
4
6
8
19
0
2
4
6
8
25
0
2
4
6
8
31
0
2
4
6
8
37
0
2
4
6
8
43
0
2
4
6
8
49
0
2
4
6
8
55
0
2
4
6
8
61
0
2
4
6
8
67
0
2
4
6
8
73
0
2
4
6
8
79
0
2
4
6
8
85
0
2
4
6
8
91
0
2
4
6
8
97
0
2
4
6
8
103
0
2
4
6
8
109
0
2
4
6
8
115
0
2
4
6
8
121
0
2
4
6
8
127
0
2
4
6
8
133
0
2
4
6
8
139
0
2
4
6
8
145
0
2
4
6
8
151
0
2
4
6
8
157
0
2
4
6
8
163
0
2
4
6
8
169
0
2
4
6
8
175
0
2
4
6
8
181
0
2
4
6
8
187
0
2
4
6
8
193
0
2
4
6
8
199
0
2
4
6
8
205
0
2
4
6
8
211
0
2
4
6
8
217
0
2
4
6
8
223
0
2
4
6
8
229
0
2
4
6
8
235
0
2
4
6
8
241
0
2
4
6
8
247
0
2
4
6
8
253
0
2
4
6
8
259
0
2
4
6
8
265
0
2
4
6
8
271
0
2
4
6
8
277
0
2
4
6
8
283
0
2
4
6
8
289
0
2
4
6
8
295
0
2
4
6
8
301
0
2
4
6
8
307
0
2
4
6
8
313
0
2
4
6
8
319
0
2
4
6
8
325
0
2
4
6
8
331
0
2
4
6
8
337
0
2
4
6
8
343
0
2
4
6
8
349
0
2
4
6
8
355
0
2
4
6
8
361
0
2
4
6
8
367
0
2
4
6
8
373
0
2
4
6
8
379
0
2
4
6
8
385
0
2
4
6
8
391
0
2
4
6
8
397
0
2
4
6
8
403
0
2
4
6
8
409
0
2
4
6
8
415
0
2
4
6
8
421
0
2
4
6
8
427
0
2
4
6
8
433
0
2
4
6
8
439
0
2
4
6
8
445
0
2
4
6
8
451
0
2
4
6
8
457
0
2
4
6
8
463
0
2
4
6
8
469
0
2
4
6
8
475
0
2
4
6
8
481
0
2
4
6
8
487
0
2
4
6
8
493
0
2
4
6
8
499
0
2
4
6
8
505
0
2
4
6
8
511
0
2
4
6
8
517
0
2
4
6
8
523
0
2
4
6
8
529
0
2
4
6
8
535
0
2
4
6
8
541
0
2
4
6
8
547
0
2
4
6
8
553
0
2
4
6
8
559
0
2
4
6
8
565
0
2
4
6
8
571
0
2
4
6
8
577
0
2
4
6
8
583
0
2
4
6
8
589
0
2
4
6
8
595
0
2
4
6
8
601
0
2
4
6
8
607
0
2
4
6
8
613
0
2
4
6
8
619
0
2
4
6
8
625
0
2
4
6
8
631
0
2
4
6
8
637
0
2
4
6
8
643
0
2
4
6
8
649
0
2
4
6
8
655
0
2
4
6
8
661
0
2
4
6
8
667
0
2
4
6
8
673
0
2
4
6
8
679
0
2
4
6
8
685
0
2
4
6
8
691
0
2
4
6
8
697
0
2
4
6
8
703
0
2
4
6
8
709
0
2
4
6
8
715
0
2
4
6
8
721
0
2
4
6
8
727
0
2
4
6
8
733
0
2
4
6
8
739
0
2
4
6
8
745
0
2
4
6
8
751
0
2
4
6
8
757
0
2
4
6
8
763
0
2
4
6
8
769
0
2
4
6
8
775
0
2
4
6
8
781
0
2
4
6
8
787
0
2
4
6
8
793
0
2
4
6
8
799
0
2
4
6
8
805
0
2
4
6
8
811
0
2
4
6
8
817
0
2
4
6
8
823
0
2
4
6
8
829
0
2
4
6
8
835
0
2
4
6
8
841
0
2
4
6
8
847
0
2
4
6
8
853
0
2
4
6
8
859
0
2
4
6
8
865
0
2
4
6
8
871
0
2
4
6
8
877
0
2
4
6
8
883
0
2
4
6
8
889
0
2
4
6
8
895
0
2
4
6
8
901
0
2
4
6
8
907
0
2
4
6
8
913
0
2
4
6
8
919
0
2
4
6
8
925
0
2
4
6
8
931
0
2
4
6
8
937
0
2
4
6
8
943
0
2
4
6
8
949
0
2
4
6
8
955
0
2
4
6
8
961
0
2
4
6
8
967
0
2
4
6
8
973
0
2
4
6
8
979
0
2
4
6
8
985
0
2
4
6
8
991
0
2
4
6
8
997
0
2
263 ms. Memory: 311296K Free: 163915K (53%)
----------------- Invoking toplevel() on ptolemy.moml.MoMLSimpleApplication@2f5db992
----------------- Done invoking toplevel() on ptolemy.moml.MoMLSimpleApplication@2f5db992
reloadAllAccessors: .modalChangingParams

===========================================================================================
----------------- testing Tue Feb 04 17:58:41 UTC 2020 /home/travis/build/icyphy/ptII/ptolemy/domains/modal/test/auto/modalModel.xml
----------------- Instantiating /home/travis/build/icyphy/ptII/ptolemy/domains/modal/test/auto/modalModel.xml
21 ms. Memory: 311296K Free: 155209K (50%)
----------------- Invoking toplevel() on ptolemy.moml.MoMLSimpleApplication@4365a1b4
----------------- Done invoking toplevel() on ptolemy.moml.MoMLSimpleApplication@4365a1b4
reloadAllAccessors: .modalModel

===========================================================================================
----------------- testing Tue Feb 04 17:58:41 UTC 2020 /home/travis/build/icyphy/ptII/ptolemy/domains/modal/test/auto/modalModel2.xml
----------------- Instantiating /home/travis/build/icyphy/ptII/ptolemy/domains/modal/test/auto/modalModel2.xml
11 ms. Memory: 311296K Free: 144459K (46%)
----------------- Invoking toplevel() on ptolemy.moml.MoMLSimpleApplication@44520276
----------------- Done invoking toplevel() on ptolemy.moml.MoMLSimpleApplication@44520276
reloadAllAccessors: .modalModel2

===========================================================================================
----------------- testing Tue Feb 04 17:58:41 UTC 2020 /home/travis/build/icyphy/ptII/ptolemy/domains/modal/test/auto/modalModel3.xml
----------------- Instantiating /home/travis/build/icyphy/ptII/ptolemy/domains/modal/test/auto/modalModel3.xml
0	0	0
3	2	1
6	4	2
9	6	3
4	0	4
7	2	5
10	4	6
13	6	7
8	0	8
11	2	9
14	4	10
17	6	11
12	0	12
15	2	13
18	4	14
18 ms. Memory: 311296K Free: 129595K (42%)
----------------- Invoking toplevel() on ptolemy.moml.MoMLSimpleApplication@7fc479ec
----------------- Done invoking toplevel() on ptolemy.moml.MoMLSimpleApplication@7fc479ec
reloadAllAccessors: .modalModel3

===========================================================================================
----------------- testing Tue Feb 04 17:58:41 UTC 2020 /home/travis/build/icyphy/ptII/ptolemy/domains/modal/test/auto/model1.xml
----------------- Instantiating /home/travis/build/icyphy/ptII/ptolemy/domains/modal/test/auto/model1.xml
12 ms. Memory: 311296K Free: 123979K (40%)
----------------- Invoking toplevel() on ptolemy.moml.MoMLSimpleApplication@91fbd2f
----------------- Done invoking toplevel() on ptolemy.moml.MoMLSimpleApplication@91fbd2f
reloadAllAccessors: .model1

===========================================================================================
----------------- testing Tue Feb 04 17:58:41 UTC 2020 /home/travis/build/icyphy/ptII/ptolemy/domains/modal/test/auto/test-direct-in-out.xml
----------------- Instantiating /home/travis/build/icyphy/ptII/ptolemy/domains/modal/test/auto/test-direct-in-out.xml
5 ms. Memory: 311296K Free: 116291K (37%)
----------------- Invoking toplevel() on ptolemy.moml.MoMLSimpleApplication@58f256a3
----------------- Done invoking toplevel() on ptolemy.moml.MoMLSimpleApplication@58f256a3
reloadAllAccessors: .test-direct-in-out
AutoTests.java: About to close Vertx.
AutoTests.java: Vertx closed.
]]></system-out>
  <system-err><![CDATA[java.lang.RuntimeException: Execution failed
	at ptolemy.moml.MoMLSimpleApplication$UnloadThread.run(MoMLSimpleApplication.java:402)
Caused by: ptolemy.kernel.util.IllegalActionException: Unknown inputs remain. Possible causality loop:
L_model_1893289564i

  in .CannotAnalysisWithPreemption.model_1893289564_region_1 and .CannotAnalysisWithPreemption.model_1893289564_region_1.L_model_1893289564i
	at ptolemy.actor.sched.FixedPointDirector.postfire(FixedPointDirector.java:515)
	at ptolemy.domains.sr.kernel.SRDirector.postfire(SRDirector.java:417)
	at ptolemy.actor.CompositeActor.postfire(CompositeActor.java:1668)
	at ptolemy.actor.Manager.iterate(Manager.java:852)
	at ptolemy.actor.Manager.execute(Manager.java:369)
	at ptolemy.actor.Manager.run(Manager.java:1263)
	at ptolemy.actor.Manager$PtolemyRunThread.run(Manager.java:1933)
java.lang.reflect.InvocationTargetException
	at java.base/jdk.internal.reflect.NativeConstructorAccessorImpl.newInstance0(Native Method)
	at java.base/jdk.internal.reflect.NativeConstructorAccessorImpl.newInstance(NativeConstructorAccessorImpl.java:62)
	at java.base/jdk.internal.reflect.DelegatingConstructorAccessorImpl.newInstance(DelegatingConstructorAccessorImpl.java:45)
	at java.base/java.lang.reflect.Constructor.newInstance(Constructor.java:490)
	at ptolemy.util.test.junit.AutoKnownFailedTests.RunModel(AutoKnownFailedTests.java:105)
	at java.base/jdk.internal.reflect.NativeMethodAccessorImpl.invoke0(Native Method)
	at java.base/jdk.internal.reflect.NativeMethodAccessorImpl.invoke(NativeMethodAccessorImpl.java:62)
	at java.base/jdk.internal.reflect.DelegatingMethodAccessorImpl.invoke(DelegatingMethodAccessorImpl.java:43)
	at java.base/java.lang.reflect.Method.invoke(Method.java:566)
	at org.junit.runners.model.FrameworkMethod$1.runReflectiveCall(FrameworkMethod.java:44)
	at org.junit.internal.runners.model.ReflectiveCallable.run(ReflectiveCallable.java:15)
	at org.junit.runners.model.FrameworkMethod.invokeExplosively(FrameworkMethod.java:41)
	at junitparams.internal.InvokeParameterisedMethod.evaluate(InvokeParameterisedMethod.java:102)
	at org.junit.internal.runners.statements.FailOnTimeout$1.run(FailOnTimeout.java:28)
Caused by: ptolemy.kernel.util.IllegalActionException: Unknown inputs remain. Possible causality loop:
L_model_1893289564i

  in .CannotAnalysisWithPreemption.model_1893289564_region_1 and .CannotAnalysisWithPreemption.model_1893289564_region_1.L_model_1893289564i
	at ptolemy.actor.sched.FixedPointDirector.postfire(FixedPointDirector.java:515)
	at ptolemy.domains.sr.kernel.SRDirector.postfire(SRDirector.java:417)
	at ptolemy.actor.CompositeActor.postfire(CompositeActor.java:1668)
	at ptolemy.actor.Manager.iterate(Manager.java:852)
	at ptolemy.actor.Manager.execute(Manager.java:369)
	at ptolemy.actor.Manager.run(Manager.java:1263)
	at ptolemy.actor.Manager$PtolemyRunThread.run(Manager.java:1933)
]]></system-err>
</testsuite>
