<?xml version="1.0" encoding="UTF-8" ?>
<testsuite errors="0" failures="0" hostname="travis-job-8f17458e-0f6f-4c32-a988-b82c55fcb91e" name="ptolemy.domains.continuous.test.junit.JUnitTclTest" skipped="0" tests="156" time="81.508" timestamp="2019-04-16T04:01:17">
  <properties>
[...]
</properties>
  <testcase classname="ptolemy.util.test.junit.TclTests" name="[0] ThereAreNoTclTests (RunTclFile)" time="0.001" />
  <testcase classname="ptolemy.util.test.junit.AutoKnownFailedTests" name="[0] ThereAreNoKnowFailedTests (RunModel)" time="0.001" />
  <testcase classname="ptolemy.util.test.junit.AutoNameArchTests" name="[0] ThereAreNoAutoArchTests (RunModel)" time="0.001" />
  <testcase classname="ptolemy.util.test.junit.AutoTests" name="[0] /home/travis/build/icyphy/ptII/ptolemy/domains/continuous/test/auto/BouncingBall.xml (RunModel)" time="2.982" />
  <testcase classname="ptolemy.util.test.junit.AutoTests" name="[1] /home/travis/build/icyphy/ptII/ptolemy/domains/continuous/test/auto/BouncingBallWithoutGR.xml (RunModel)" time="1.007" />
  <testcase classname="ptolemy.util.test.junit.AutoTests" name="[2] /home/travis/build/icyphy/ptII/ptolemy/domains/continuous/test/auto/Brownian.xml (RunModel)" time="0.118" />
  <testcase classname="ptolemy.util.test.junit.AutoTests" name="[3] /home/travis/build/icyphy/ptII/ptolemy/domains/continuous/test/auto/CarTracking.xml (RunModel)" time="4.192" />
  <testcase classname="ptolemy.util.test.junit.AutoTests" name="[4] /home/travis/build/icyphy/ptII/ptolemy/domains/continuous/test/auto/CartPendulum.xml (RunModel)" time="0.523" />
  <testcase classname="ptolemy.util.test.junit.AutoTests" name="[5] /home/travis/build/icyphy/ptII/ptolemy/domains/continuous/test/auto/CausalityInterface10.xml (RunModel)" time="0.053" />
  <testcase classname="ptolemy.util.test.junit.AutoTests" name="[6] /home/travis/build/icyphy/ptII/ptolemy/domains/continuous/test/auto/CausalityInterface11.xml (RunModel)" time="0.036" />
  <testcase classname="ptolemy.util.test.junit.AutoTests" name="[7] /home/travis/build/icyphy/ptII/ptolemy/domains/continuous/test/auto/CausalityInterface12.xml (RunModel)" time="0.041" />
  <testcase classname="ptolemy.util.test.junit.AutoTests" name="[8] /home/travis/build/icyphy/ptII/ptolemy/domains/continuous/test/auto/CausalityInterface13.xml (RunModel)" time="0.038" />
  <testcase classname="ptolemy.util.test.junit.AutoTests" name="[9] /home/travis/build/icyphy/ptII/ptolemy/domains/continuous/test/auto/CausalityInterface14.xml (RunModel)" time="0.025" />
  <testcase classname="ptolemy.util.test.junit.AutoTests" name="[10] /home/travis/build/icyphy/ptII/ptolemy/domains/continuous/test/auto/CausalityInterface4.xml (RunModel)" time="0.036" />
  <testcase classname="ptolemy.util.test.junit.AutoTests" name="[11] /home/travis/build/icyphy/ptII/ptolemy/domains/continuous/test/auto/CausalityInterface5.xml (RunModel)" time="0.057" />
  <testcase classname="ptolemy.util.test.junit.AutoTests" name="[12] /home/travis/build/icyphy/ptII/ptolemy/domains/continuous/test/auto/CausalityInterface6.xml (RunModel)" time="0.026" />
  <testcase classname="ptolemy.util.test.junit.AutoTests" name="[13] /home/travis/build/icyphy/ptII/ptolemy/domains/continuous/test/auto/CausalityInterface7.xml (RunModel)" time="0.046" />
  <testcase classname="ptolemy.util.test.junit.AutoTests" name="[14] /home/travis/build/icyphy/ptII/ptolemy/domains/continuous/test/auto/CausalityInterface8.xml (RunModel)" time="0.042" />
  <testcase classname="ptolemy.util.test.junit.AutoTests" name="[15] /home/travis/build/icyphy/ptII/ptolemy/domains/continuous/test/auto/CausalityInterface9.xml (RunModel)" time="0.065" />
  <testcase classname="ptolemy.util.test.junit.AutoTests" name="[16] /home/travis/build/icyphy/ptII/ptolemy/domains/continuous/test/auto/CausalityInterfaceFeedback1.xml (RunModel)" time="0.033" />
  <testcase classname="ptolemy.util.test.junit.AutoTests" name="[17] /home/travis/build/icyphy/ptII/ptolemy/domains/continuous/test/auto/CausalityInterfaceFeedback2.xml (RunModel)" time="0.031" />
  <testcase classname="ptolemy.util.test.junit.AutoTests" name="[18] /home/travis/build/icyphy/ptII/ptolemy/domains/continuous/test/auto/CompareWithCurrentTime.xml (RunModel)" time="0.021" />
  <testcase classname="ptolemy.util.test.junit.AutoTests" name="[19] /home/travis/build/icyphy/ptII/ptolemy/domains/continuous/test/auto/ComparedClocks.xml (RunModel)" time="0.085" />
  <testcase classname="ptolemy.util.test.junit.AutoTests" name="[20] /home/travis/build/icyphy/ptII/ptolemy/domains/continuous/test/auto/ContinuousAOCClone.xml (RunModel)" time="2.72" />
  <testcase classname="ptolemy.util.test.junit.AutoTests" name="[21] /home/travis/build/icyphy/ptII/ptolemy/domains/continuous/test/auto/ContinuousClock.xml (RunModel)" time="0.101" />
  <testcase classname="ptolemy.util.test.junit.AutoTests" name="[22] /home/travis/build/icyphy/ptII/ptolemy/domains/continuous/test/auto/ContinuousInContinuous.xml (RunModel)" time="0.108" />
  <testcase classname="ptolemy.util.test.junit.AutoTests" name="[23] /home/travis/build/icyphy/ptII/ptolemy/domains/continuous/test/auto/ContinuousInContinuousInContinuous.xml (RunModel)" time="0.036" />
  <testcase classname="ptolemy.util.test.junit.AutoTests" name="[24] /home/travis/build/icyphy/ptII/ptolemy/domains/continuous/test/auto/ContinuousInDE.xml (RunModel)" time="0.097" />
  <testcase classname="ptolemy.util.test.junit.AutoTests" name="[25] /home/travis/build/icyphy/ptII/ptolemy/domains/continuous/test/auto/ContinuousInDE2.xml (RunModel)" time="0.082" />
  <testcase classname="ptolemy.util.test.junit.AutoTests" name="[26] /home/travis/build/icyphy/ptII/ptolemy/domains/continuous/test/auto/ContinuousInDE3.xml (RunModel)" time="0.056" />
  <testcase classname="ptolemy.util.test.junit.AutoTests" name="[27] /home/travis/build/icyphy/ptII/ptolemy/domains/continuous/test/auto/ContinuousInDE4.xml (RunModel)" time="0.033" />
  <testcase classname="ptolemy.util.test.junit.AutoTests" name="[28] /home/travis/build/icyphy/ptII/ptolemy/domains/continuous/test/auto/ContinuousInDEDifferentRefinements.xml (RunModel)" time="0.128" />
  <testcase classname="ptolemy.util.test.junit.AutoTests" name="[29] /home/travis/build/icyphy/ptII/ptolemy/domains/continuous/test/auto/ContinuousInDEDifferentRefinementsPreemptive.xml (RunModel)" time="0.103" />
  <testcase classname="ptolemy.util.test.junit.AutoTests" name="[30] /home/travis/build/icyphy/ptII/ptolemy/domains/continuous/test/auto/ContinuousInDEInContinuous2.xml (RunModel)" time="0.064" />
  <testcase classname="ptolemy.util.test.junit.AutoTests" name="[31] /home/travis/build/icyphy/ptII/ptolemy/domains/continuous/test/auto/ContinuousInDEInContinuous3.xml (RunModel)" time="0.063" />
  <testcase classname="ptolemy.util.test.junit.AutoTests" name="[32] /home/travis/build/icyphy/ptII/ptolemy/domains/continuous/test/auto/ContinuousInDEInput.xml (RunModel)" time="0.041" />
  <testcase classname="ptolemy.util.test.junit.AutoTests" name="[33] /home/travis/build/icyphy/ptII/ptolemy/domains/continuous/test/auto/ContinuousInDEInput2.xml (RunModel)" time="0.036" />
  <testcase classname="ptolemy.util.test.junit.AutoTests" name="[34] /home/travis/build/icyphy/ptII/ptolemy/domains/continuous/test/auto/ContinuousInDEInput3.xml (RunModel)" time="0.037" />
  <testcase classname="ptolemy.util.test.junit.AutoTests" name="[35] /home/travis/build/icyphy/ptII/ptolemy/domains/continuous/test/auto/ContinuousInDESharingRefinement.xml (RunModel)" time="0.184" />
  <testcase classname="ptolemy.util.test.junit.AutoTests" name="[36] /home/travis/build/icyphy/ptII/ptolemy/domains/continuous/test/auto/ContinuousInDEwithNoPorts.xml (RunModel)" time="0.022" />
  <testcase classname="ptolemy.util.test.junit.AutoTests" name="[37] /home/travis/build/icyphy/ptII/ptolemy/domains/continuous/test/auto/ContinuousInsideDE.xml (RunModel)" time="0.089" />
  <testcase classname="ptolemy.util.test.junit.AutoTests" name="[38] /home/travis/build/icyphy/ptII/ptolemy/domains/continuous/test/auto/ContinuousMerge1.xml (RunModel)" time="0.02" />
  <testcase classname="ptolemy.util.test.junit.AutoTests" name="[39] /home/travis/build/icyphy/ptII/ptolemy/domains/continuous/test/auto/ContinuousMerge2.xml (RunModel)" time="0.058" />
  <testcase classname="ptolemy.util.test.junit.AutoTests" name="[40] /home/travis/build/icyphy/ptII/ptolemy/domains/continuous/test/auto/ContinuousMerge3.xml (RunModel)" time="0.083" />
  <testcase classname="ptolemy.util.test.junit.AutoTests" name="[41] /home/travis/build/icyphy/ptII/ptolemy/domains/continuous/test/auto/ContinuousWithinContinuous.xml (RunModel)" time="0.075" />
  <testcase classname="ptolemy.util.test.junit.AutoTests" name="[42] /home/travis/build/icyphy/ptII/ptolemy/domains/continuous/test/auto/ContinuousWithinContinuous2.xml (RunModel)" time="0.09" />
  <testcase classname="ptolemy.util.test.junit.AutoTests" name="[43] /home/travis/build/icyphy/ptII/ptolemy/domains/continuous/test/auto/ContinuousWithinContinuous3.xml (RunModel)" time="0.044" />
  <testcase classname="ptolemy.util.test.junit.AutoTests" name="[44] /home/travis/build/icyphy/ptII/ptolemy/domains/continuous/test/auto/ContinuousWithinContinuous4.xml (RunModel)" time="0.085" />
  <testcase classname="ptolemy.util.test.junit.AutoTests" name="[45] /home/travis/build/icyphy/ptII/ptolemy/domains/continuous/test/auto/ContinuousWithinContinuous5.xml (RunModel)" time="0.031" />
  <testcase classname="ptolemy.util.test.junit.AutoTests" name="[46] /home/travis/build/icyphy/ptII/ptolemy/domains/continuous/test/auto/ContinuousWithinContinuous6.xml (RunModel)" time="0.033" />
  <testcase classname="ptolemy.util.test.junit.AutoTests" name="[47] /home/travis/build/icyphy/ptII/ptolemy/domains/continuous/test/auto/ContinuousWithinContinuous7.xml (RunModel)" time="0.074" />
  <testcase classname="ptolemy.util.test.junit.AutoTests" name="[48] /home/travis/build/icyphy/ptII/ptolemy/domains/continuous/test/auto/DCMotor.xml (RunModel)" time="16.412" />
  <testcase classname="ptolemy.util.test.junit.AutoTests" name="[49] /home/travis/build/icyphy/ptII/ptolemy/domains/continuous/test/auto/DEInContinuous.xml (RunModel)" time="0.043" />
  <testcase classname="ptolemy.util.test.junit.AutoTests" name="[50] /home/travis/build/icyphy/ptII/ptolemy/domains/continuous/test/auto/DEinContinuous2.xml (RunModel)" time="0.042" />
  <testcase classname="ptolemy.util.test.junit.AutoTests" name="[51] /home/travis/build/icyphy/ptII/ptolemy/domains/continuous/test/auto/Derivative.xml (RunModel)" time="0.228" />
  <testcase classname="ptolemy.util.test.junit.AutoTests" name="[52] /home/travis/build/icyphy/ptII/ptolemy/domains/continuous/test/auto/Derivative1.xml (RunModel)" time="0.058" />
  <testcase classname="ptolemy.util.test.junit.AutoTests" name="[53] /home/travis/build/icyphy/ptII/ptolemy/domains/continuous/test/auto/DiscreteClock.xml (RunModel)" time="0.017" />
  <testcase classname="ptolemy.util.test.junit.AutoTests" name="[54] /home/travis/build/icyphy/ptII/ptolemy/domains/continuous/test/auto/EfficiencyCurve.xml (RunModel)" time="0.12" />
  <testcase classname="ptolemy.util.test.junit.AutoTests" name="[55] /home/travis/build/icyphy/ptII/ptolemy/domains/continuous/test/auto/ExponentialResponse.xml (RunModel)" time="0.147" />
  <testcase classname="ptolemy.util.test.junit.AutoTests" name="[56] /home/travis/build/icyphy/ptII/ptolemy/domains/continuous/test/auto/ExponentialResponseRK45.xml (RunModel)" time="0.038" />
  <testcase classname="ptolemy.util.test.junit.AutoTests" name="[57] /home/travis/build/icyphy/ptII/ptolemy/domains/continuous/test/auto/Friction.xml (RunModel)" time="1.626" />
  <testcase classname="ptolemy.util.test.junit.AutoTests" name="[58] /home/travis/build/icyphy/ptII/ptolemy/domains/continuous/test/auto/FurutaPendulum.xml (RunModel)" time="3.83" />
  <testcase classname="ptolemy.util.test.junit.AutoTests" name="[59] /home/travis/build/icyphy/ptII/ptolemy/domains/continuous/test/auto/HierarchicalExecution.xml (RunModel)" time="2.204" />
  <testcase classname="ptolemy.util.test.junit.AutoTests" name="[60] /home/travis/build/icyphy/ptII/ptolemy/domains/continuous/test/auto/HybridPlant.xml (RunModel)" time="0.679" />
  <testcase classname="ptolemy.util.test.junit.AutoTests" name="[61] /home/travis/build/icyphy/ptII/ptolemy/domains/continuous/test/auto/Hysteresis.xml (RunModel)" time="0.182" />
  <testcase classname="ptolemy.util.test.junit.AutoTests" name="[62] /home/travis/build/icyphy/ptII/ptolemy/domains/continuous/test/auto/HysteresisWithRandomDelay.xml (RunModel)" time="0.267" />
  <testcase classname="ptolemy.util.test.junit.AutoTests" name="[63] /home/travis/build/icyphy/ptII/ptolemy/domains/continuous/test/auto/HysteresisWithRandomLosses.xml (RunModel)" time="2.506" />
  <testcase classname="ptolemy.util.test.junit.AutoTests" name="[64] /home/travis/build/icyphy/ptII/ptolemy/domains/continuous/test/auto/ImmediateTransitions.xml (RunModel)" time="0.059" />
  <testcase classname="ptolemy.util.test.junit.AutoTests" name="[65] /home/travis/build/icyphy/ptII/ptolemy/domains/continuous/test/auto/ImpulseFeedback.xml (RunModel)" time="0.031" />
  <testcase classname="ptolemy.util.test.junit.AutoTests" name="[66] /home/travis/build/icyphy/ptII/ptolemy/domains/continuous/test/auto/ImpulseFeedback2.xml (RunModel)" time="0.023" />
  <testcase classname="ptolemy.util.test.junit.AutoTests" name="[67] /home/travis/build/icyphy/ptII/ptolemy/domains/continuous/test/auto/IncreasingRatePoisson.xml (RunModel)" time="0.841" />
  <testcase classname="ptolemy.util.test.junit.AutoTests" name="[68] /home/travis/build/icyphy/ptII/ptolemy/domains/continuous/test/auto/InitialStateFeedback.xml (RunModel)" time="0.019" />
  <testcase classname="ptolemy.util.test.junit.AutoTests" name="[69] /home/travis/build/icyphy/ptII/ptolemy/domains/continuous/test/auto/Integration.xml (RunModel)" time="0.015" />
  <testcase classname="ptolemy.util.test.junit.AutoTests" name="[70] /home/travis/build/icyphy/ptII/ptolemy/domains/continuous/test/auto/Integration2.xml (RunModel)" time="0.098" />
  <testcase classname="ptolemy.util.test.junit.AutoTests" name="[71] /home/travis/build/icyphy/ptII/ptolemy/domains/continuous/test/auto/Integration3.xml (RunModel)" time="0.015" />
  <testcase classname="ptolemy.util.test.junit.AutoTests" name="[72] /home/travis/build/icyphy/ptII/ptolemy/domains/continuous/test/auto/Integration5.xml (RunModel)" time="0.025" />
  <testcase classname="ptolemy.util.test.junit.AutoTests" name="[73] /home/travis/build/icyphy/ptII/ptolemy/domains/continuous/test/auto/IntegratorImpulse.xml (RunModel)" time="0.013" />
  <testcase classname="ptolemy.util.test.junit.AutoTests" name="[74] /home/travis/build/icyphy/ptII/ptolemy/domains/continuous/test/auto/IntegratorImpulse2.xml (RunModel)" time="0.012" />
  <testcase classname="ptolemy.util.test.junit.AutoTests" name="[75] /home/travis/build/icyphy/ptII/ptolemy/domains/continuous/test/auto/LevelCrossing1.xml (RunModel)" time="0.013" />
  <testcase classname="ptolemy.util.test.junit.AutoTests" name="[76] /home/travis/build/icyphy/ptII/ptolemy/domains/continuous/test/auto/LevelCrossing2.xml (RunModel)" time="0.018" />
  <testcase classname="ptolemy.util.test.junit.AutoTests" name="[77] /home/travis/build/icyphy/ptII/ptolemy/domains/continuous/test/auto/LevelCrossing3.xml (RunModel)" time="0.013" />
  <testcase classname="ptolemy.util.test.junit.AutoTests" name="[78] /home/travis/build/icyphy/ptII/ptolemy/domains/continuous/test/auto/LevelCrossing4.xml (RunModel)" time="0.015" />
  <testcase classname="ptolemy.util.test.junit.AutoTests" name="[79] /home/travis/build/icyphy/ptII/ptolemy/domains/continuous/test/auto/LevelCrossing5.xml (RunModel)" time="0.015" />
  <testcase classname="ptolemy.util.test.junit.AutoTests" name="[80] /home/travis/build/icyphy/ptII/ptolemy/domains/continuous/test/auto/LevelCrossing6.xml (RunModel)" time="0.016" />
  <testcase classname="ptolemy.util.test.junit.AutoTests" name="[81] /home/travis/build/icyphy/ptII/ptolemy/domains/continuous/test/auto/LevelCrossingDetector.xml (RunModel)" time="0.041" />
  <testcase classname="ptolemy.util.test.junit.AutoTests" name="[82] /home/travis/build/icyphy/ptII/ptolemy/domains/continuous/test/auto/LevelCrossingDetectorDetectingDirections.xml (RunModel)" time="0.082" />
  <testcase classname="ptolemy.util.test.junit.AutoTests" name="[83] /home/travis/build/icyphy/ptII/ptolemy/domains/continuous/test/auto/LevelCrossingDetectorDetectsGlitches.xml (RunModel)" time="0.079" />
  <testcase classname="ptolemy.util.test.junit.AutoTests" name="[84] /home/travis/build/icyphy/ptII/ptolemy/domains/continuous/test/auto/LevelCrossingNoInitialOuput.xml (RunModel)" time="0.015" />
  <testcase classname="ptolemy.util.test.junit.AutoTests" name="[85] /home/travis/build/icyphy/ptII/ptolemy/domains/continuous/test/auto/LinearStateSpaceExample.xml (RunModel)" time="0.052" />
  <testcase classname="ptolemy.util.test.junit.AutoTests" name="[86] /home/travis/build/icyphy/ptII/ptolemy/domains/continuous/test/auto/Lorenz.xml (RunModel)" time="4.209" />
  <testcase classname="ptolemy.util.test.junit.AutoTests" name="[87] /home/travis/build/icyphy/ptII/ptolemy/domains/continuous/test/auto/LorenzDifferentialSystem.xml (RunModel)" time="1.222" />
  <testcase classname="ptolemy.util.test.junit.AutoTests" name="[88] /home/travis/build/icyphy/ptII/ptolemy/domains/continuous/test/auto/LorenzDifferentialSystemWithInput.xml (RunModel)" time="1.449" />
  <testcase classname="ptolemy.util.test.junit.AutoTests" name="[89] /home/travis/build/icyphy/ptII/ptolemy/domains/continuous/test/auto/LorenzDifferentialSystemWithTime.xml (RunModel)" time="0.761" />
  <testcase classname="ptolemy.util.test.junit.AutoTests" name="[90] /home/travis/build/icyphy/ptII/ptolemy/domains/continuous/test/auto/Microsteps.xml (RunModel)" time="0.02" />
  <testcase classname="ptolemy.util.test.junit.AutoTests" name="[91] /home/travis/build/icyphy/ptII/ptolemy/domains/continuous/test/auto/Modal1.xml (RunModel)" time="0.079" />
  <testcase classname="ptolemy.util.test.junit.AutoTests" name="[92] /home/travis/build/icyphy/ptII/ptolemy/domains/continuous/test/auto/Modal2.xml (RunModel)" time="0.095" />
  <testcase classname="ptolemy.util.test.junit.AutoTests" name="[93] /home/travis/build/icyphy/ptII/ptolemy/domains/continuous/test/auto/ModalTransitionGuardWithReset.xml (RunModel)" time="0.065" />
  <testcase classname="ptolemy.util.test.junit.AutoTests" name="[94] /home/travis/build/icyphy/ptII/ptolemy/domains/continuous/test/auto/ModalTransitionGuardWithResetUsingPreemptiveTransition.xml (RunModel)" time="0.063" />
  <testcase classname="ptolemy.util.test.junit.AutoTests" name="[95] /home/travis/build/icyphy/ptII/ptolemy/domains/continuous/test/auto/ModalTransitionGuardWithResetUsingPreemptiveTransition2.xml (RunModel)" time="0.029" />
  <testcase classname="ptolemy.util.test.junit.AutoTests" name="[96] /home/travis/build/icyphy/ptII/ptolemy/domains/continuous/test/auto/ModalTransitionGuardWithResetUsingPreemptiveTransition3.xml (RunModel)" time="0.026" />
  <testcase classname="ptolemy.util.test.junit.AutoTests" name="[97] /home/travis/build/icyphy/ptII/ptolemy/domains/continuous/test/auto/NewtonsCradle.xml (RunModel)" time="0.834" />
  <testcase classname="ptolemy.util.test.junit.AutoTests" name="[98] /home/travis/build/icyphy/ptII/ptolemy/domains/continuous/test/auto/NewtonsCradleAnimated.xml (RunModel)" time="1.235" />
  <testcase classname="ptolemy.util.test.junit.AutoTests" name="[99] /home/travis/build/icyphy/ptII/ptolemy/domains/continuous/test/auto/NewtonsCradleComplicated.xml (RunModel)" time="0.993" />
  <testcase classname="ptolemy.util.test.junit.AutoTests" name="[100] /home/travis/build/icyphy/ptII/ptolemy/domains/continuous/test/auto/NewtonsCradleNondeterministic.xml (RunModel)" time="0.765" />
  <testcase classname="ptolemy.util.test.junit.AutoTests" name="[101] /home/travis/build/icyphy/ptII/ptolemy/domains/continuous/test/auto/NewtonsCradlePerfectlyInelastic1.xml (RunModel)" time="1.419" />
  <testcase classname="ptolemy.util.test.junit.AutoTests" name="[102] /home/travis/build/icyphy/ptII/ptolemy/domains/continuous/test/auto/Noise.xml (RunModel)" time="0.194" />
  <testcase classname="ptolemy.util.test.junit.AutoTests" name="[103] /home/travis/build/icyphy/ptII/ptolemy/domains/continuous/test/auto/NoiseSpectrum.xml (RunModel)" time="0.849" />
  <testcase classname="ptolemy.util.test.junit.AutoTests" name="[104] /home/travis/build/icyphy/ptII/ptolemy/domains/continuous/test/auto/ParameterizedNewtonsCradleAnimated.xml (RunModel)" time="0.381" />
  <testcase classname="ptolemy.util.test.junit.AutoTests" name="[105] /home/travis/build/icyphy/ptII/ptolemy/domains/continuous/test/auto/ParameterizedNewtonsCradleAnimatedNondeterministic.xml (RunModel)" time="1.255" />
  <testcase classname="ptolemy.util.test.junit.AutoTests" name="[106] /home/travis/build/icyphy/ptII/ptolemy/domains/continuous/test/auto/Pendulum3D.xml (RunModel)" time="0.194" />
  <testcase classname="ptolemy.util.test.junit.AutoTests" name="[107] /home/travis/build/icyphy/ptII/ptolemy/domains/continuous/test/auto/PeriodicSampler.xml (RunModel)" time="0.012" />
  <testcase classname="ptolemy.util.test.junit.AutoTests" name="[108] /home/travis/build/icyphy/ptII/ptolemy/domains/continuous/test/auto/PeriodicSampler1.xml (RunModel)" time="0.046" />
  <testcase classname="ptolemy.util.test.junit.AutoTests" name="[109] /home/travis/build/icyphy/ptII/ptolemy/domains/continuous/test/auto/PeriodicSampler2.xml (RunModel)" time="0.089" />
  <testcase classname="ptolemy.util.test.junit.AutoTests" name="[110] /home/travis/build/icyphy/ptII/ptolemy/domains/continuous/test/auto/Poisson.xml (RunModel)" time="0.502" />
  <testcase classname="ptolemy.util.test.junit.AutoTests" name="[111] /home/travis/build/icyphy/ptII/ptolemy/domains/continuous/test/auto/PoissonClock.xml (RunModel)" time="0.012" />
  <testcase classname="ptolemy.util.test.junit.AutoTests" name="[112] /home/travis/build/icyphy/ptII/ptolemy/domains/continuous/test/auto/PoissonClock2.xml (RunModel)" time="0.029" />
  <testcase classname="ptolemy.util.test.junit.AutoTests" name="[113] /home/travis/build/icyphy/ptII/ptolemy/domains/continuous/test/auto/PortParameterHierarchy.xml (RunModel)" time="0.021" />
  <testcase classname="ptolemy.util.test.junit.AutoTests" name="[114] /home/travis/build/icyphy/ptII/ptolemy/domains/continuous/test/auto/RandomHybridPlant.xml (RunModel)" time="0.596" />
  <testcase classname="ptolemy.util.test.junit.AutoTests" name="[115] /home/travis/build/icyphy/ptII/ptolemy/domains/continuous/test/auto/ResetTransitionWithStartTime1.xml (RunModel)" time="0.028" />
  <testcase classname="ptolemy.util.test.junit.AutoTests" name="[116] /home/travis/build/icyphy/ptII/ptolemy/domains/continuous/test/auto/ResetTransitionWithStartTime2.xml (RunModel)" time="0.032" />
  <testcase classname="ptolemy.util.test.junit.AutoTests" name="[117] /home/travis/build/icyphy/ptII/ptolemy/domains/continuous/test/auto/ResetTransitionWithStartTime3.xml (RunModel)" time="0.033" />
  <testcase classname="ptolemy.util.test.junit.AutoTests" name="[118] /home/travis/build/icyphy/ptII/ptolemy/domains/continuous/test/auto/ResetTransitionWithStartTime4.xml (RunModel)" time="0.023" />
  <testcase classname="ptolemy.util.test.junit.AutoTests" name="[119] /home/travis/build/icyphy/ptII/ptolemy/domains/continuous/test/auto/ResetTransitionWithStartTime5.xml (RunModel)" time="0.032" />
  <testcase classname="ptolemy.util.test.junit.AutoTests" name="[120] /home/travis/build/icyphy/ptII/ptolemy/domains/continuous/test/auto/ResetTransitionWithStartTime6.xml (RunModel)" time="0.027" />
  <testcase classname="ptolemy.util.test.junit.AutoTests" name="[121] /home/travis/build/icyphy/ptII/ptolemy/domains/continuous/test/auto/SRinContinuous.xml (RunModel)" time="0.022" />
  <testcase classname="ptolemy.util.test.junit.AutoTests" name="[122] /home/travis/build/icyphy/ptII/ptolemy/domains/continuous/test/auto/SampledClocks.xml (RunModel)" time="0.022" />
  <testcase classname="ptolemy.util.test.junit.AutoTests" name="[123] /home/travis/build/icyphy/ptII/ptolemy/domains/continuous/test/auto/Satellite.xml (RunModel)" time="0.948" />
  <testcase classname="ptolemy.util.test.junit.AutoTests" name="[124] /home/travis/build/icyphy/ptII/ptolemy/domains/continuous/test/auto/SigmaDelta.xml (RunModel)" time="2.538" />
  <testcase classname="ptolemy.util.test.junit.AutoTests" name="[125] /home/travis/build/icyphy/ptII/ptolemy/domains/continuous/test/auto/SingleRefinement.xml (RunModel)" time="0.495" />
  <testcase classname="ptolemy.util.test.junit.AutoTests" name="[126] /home/travis/build/icyphy/ptII/ptolemy/domains/continuous/test/auto/SinuBouncingBall.xml (RunModel)" time="1.012" />
  <testcase classname="ptolemy.util.test.junit.AutoTests" name="[127] /home/travis/build/icyphy/ptII/ptolemy/domains/continuous/test/auto/Sinusoid.xml (RunModel)" time="0.018" />
  <testcase classname="ptolemy.util.test.junit.AutoTests" name="[128] /home/travis/build/icyphy/ptII/ptolemy/domains/continuous/test/auto/SinusoidInNoise.xml (RunModel)" time="1.063" />
  <testcase classname="ptolemy.util.test.junit.AutoTests" name="[129] /home/travis/build/icyphy/ptII/ptolemy/domains/continuous/test/auto/SinusoidRK45.xml (RunModel)" time="0.011" />
  <testcase classname="ptolemy.util.test.junit.AutoTests" name="[130] /home/travis/build/icyphy/ptII/ptolemy/domains/continuous/test/auto/SinusoidWithMultipleImpulses.xml (RunModel)" time="0.018" />
  <testcase classname="ptolemy.util.test.junit.AutoTests" name="[131] /home/travis/build/icyphy/ptII/ptolemy/domains/continuous/test/auto/SquareWave.xml (RunModel)" time="0.204" />
  <testcase classname="ptolemy.util.test.junit.AutoTests" name="[132] /home/travis/build/icyphy/ptII/ptolemy/domains/continuous/test/auto/Starmac.xml (RunModel)" time="3.407" />
  <testcase classname="ptolemy.util.test.junit.AutoTests" name="[133] /home/travis/build/icyphy/ptII/ptolemy/domains/continuous/test/auto/StaticUnits.xml (RunModel)" time="2.614" />
  <testcase classname="ptolemy.util.test.junit.AutoTests" name="[134] /home/travis/build/icyphy/ptII/ptolemy/domains/continuous/test/auto/StickyMasses.xml (RunModel)" time="0.195" />
  <testcase classname="ptolemy.util.test.junit.AutoTests" name="[135] /home/travis/build/icyphy/ptII/ptolemy/domains/continuous/test/auto/StopTime.xml (RunModel)" time="0.073" />
  <testcase classname="ptolemy.util.test.junit.AutoTests" name="[136] /home/travis/build/icyphy/ptII/ptolemy/domains/continuous/test/auto/StopTime2.xml (RunModel)" time="0.06" />
  <testcase classname="ptolemy.util.test.junit.AutoTests" name="[137] /home/travis/build/icyphy/ptII/ptolemy/domains/continuous/test/auto/Switch.xml (RunModel)" time="0.091" />
  <testcase classname="ptolemy.util.test.junit.AutoTests" name="[138] /home/travis/build/icyphy/ptII/ptolemy/domains/continuous/test/auto/Thermostat.xml (RunModel)" time="0.223" />
  <testcase classname="ptolemy.util.test.junit.AutoTests" name="[139] /home/travis/build/icyphy/ptII/ptolemy/domains/continuous/test/auto/TimeDelay.xml (RunModel)" time="0.021" />
  <testcase classname="ptolemy.util.test.junit.AutoTests" name="[140] /home/travis/build/icyphy/ptII/ptolemy/domains/continuous/test/auto/TimeDelay2.xml (RunModel)" time="0.023" />
  <testcase classname="ptolemy.util.test.junit.AutoTests" name="[141] /home/travis/build/icyphy/ptII/ptolemy/domains/continuous/test/auto/TimeDelay3.xml (RunModel)" time="0.014" />
  <testcase classname="ptolemy.util.test.junit.AutoTests" name="[142] /home/travis/build/icyphy/ptII/ptolemy/domains/continuous/test/auto/TransferAbsentToInside.xml (RunModel)" time="0.126" />
  <testcase classname="ptolemy.util.test.junit.AutoTests" name="[143] /home/travis/build/icyphy/ptII/ptolemy/domains/continuous/test/auto/Transmission.xml (RunModel)" time="0.866" />
  <testcase classname="ptolemy.util.test.junit.AutoTests" name="[144] /home/travis/build/icyphy/ptII/ptolemy/domains/continuous/test/auto/TriggeredContinuousClock.xml (RunModel)" time="0.083" />
  <testcase classname="ptolemy.util.test.junit.AutoTests" name="[145] /home/travis/build/icyphy/ptII/ptolemy/domains/continuous/test/auto/TwoMachineInfiniteBusControl.xml (RunModel)" time="3.544" />
  <testcase classname="ptolemy.util.test.junit.AutoTests" name="[146] /home/travis/build/icyphy/ptII/ptolemy/domains/continuous/test/auto/V2V.xml (RunModel)" time="0.934" />
  <testcase classname="ptolemy.util.test.junit.AutoTests" name="[147] /home/travis/build/icyphy/ptII/ptolemy/domains/continuous/test/auto/hierarchicalModalModel.xml (RunModel)" time="0.038" />
  <testcase classname="ptolemy.util.test.junit.AutoTests" name="[148] /home/travis/build/icyphy/ptII/ptolemy/domains/continuous/test/auto/hierarchicalModalModel1.xml (RunModel)" time="0.038" />
  <testcase classname="ptolemy.util.test.junit.AutoTests" name="[149] /home/travis/build/icyphy/ptII/ptolemy/domains/continuous/test/auto/hierarchicalModalModel2.xml (RunModel)" time="0.034" />
  <testcase classname="ptolemy.util.test.junit.AutoTests" name="[150] /home/travis/build/icyphy/ptII/ptolemy/domains/continuous/test/auto/hierarchicalModalModel3.xml (RunModel)" time="0.037" />
  <testcase classname="ptolemy.util.test.junit.AutoTests" name="[151] /home/travis/build/icyphy/ptII/ptolemy/domains/continuous/test/auto/hierarchicalModalModel4.xml (RunModel)" time="0.043" />
  <testcase classname="ptolemy.util.test.junit.AutoTests" name="[152] /home/travis/build/icyphy/ptII/ptolemy/domains/continuous/test/auto/junk.xml (RunModel)" time="0.168" />
  <system-out><![CDATA[No tcl tests in /home/travis/build/icyphy/ptII/ptolemy/domains/continuous/test
No auto/knownFailedTests/*.xml tests in /home/travis/build/icyphy/ptII/ptolemy/domains/continuous/test
No auto/linux-amd64/*.xml tests in /home/travis/build/icyphy/ptII/ptolemy/domains/continuous/test
AutoTests.java: About to close Vertx.
AutoTests.java: Vertx closed.

===========================================================================================
----------------- testing Tue Apr 16 04:01:18 UTC 2019 /home/travis/build/icyphy/ptII/ptolemy/domains/continuous/test/auto/BouncingBall.xml
----------------- Instantiating /home/travis/build/icyphy/ptII/ptolemy/domains/continuous/test/auto/BouncingBall.xml
2373 ms. Memory: 332288K Free: 263279K (79%)
----------------- Invoking toplevel() on ptolemy.moml.MoMLSimpleApplication@21305715
----------------- Done invoking toplevel() on ptolemy.moml.MoMLSimpleApplication@21305715
reloadAllAccessors: .BouncingBall

===========================================================================================
----------------- testing Tue Apr 16 04:01:21 UTC 2019 /home/travis/build/icyphy/ptII/ptolemy/domains/continuous/test/auto/BouncingBallWithoutGR.xml
----------------- Instantiating /home/travis/build/icyphy/ptII/ptolemy/domains/continuous/test/auto/BouncingBallWithoutGR.xml
886 ms. Memory: 332288K Free: 321213K (97%)
----------------- Invoking toplevel() on ptolemy.moml.MoMLSimpleApplication@2782171d
----------------- Done invoking toplevel() on ptolemy.moml.MoMLSimpleApplication@2782171d
reloadAllAccessors: .BouncingBallWithoutGR

===========================================================================================
----------------- testing Tue Apr 16 04:01:22 UTC 2019 /home/travis/build/icyphy/ptII/ptolemy/domains/continuous/test/auto/Brownian.xml
----------------- Instantiating /home/travis/build/icyphy/ptII/ptolemy/domains/continuous/test/auto/Brownian.xml
39 ms. Memory: 332288K Free: 307519K (93%)
----------------- Invoking toplevel() on ptolemy.moml.MoMLSimpleApplication@8cf2e7f
----------------- Done invoking toplevel() on ptolemy.moml.MoMLSimpleApplication@8cf2e7f
reloadAllAccessors: .Brownian

===========================================================================================
----------------- testing Tue Apr 16 04:01:22 UTC 2019 /home/travis/build/icyphy/ptII/ptolemy/domains/continuous/test/auto/CarTracking.xml
----------------- Instantiating /home/travis/build/icyphy/ptII/ptolemy/domains/continuous/test/auto/CarTracking.xml
3725 ms. Memory: 578560K Free: 477572K (83%)
----------------- Invoking toplevel() on ptolemy.moml.MoMLSimpleApplication@1d23fa4
----------------- Done invoking toplevel() on ptolemy.moml.MoMLSimpleApplication@1d23fa4
reloadAllAccessors: .CarTracking

===========================================================================================
----------------- testing Tue Apr 16 04:01:26 UTC 2019 /home/travis/build/icyphy/ptII/ptolemy/domains/continuous/test/auto/CartPendulum.xml
----------------- Instantiating /home/travis/build/icyphy/ptII/ptolemy/domains/continuous/test/auto/CartPendulum.xml
419 ms. Memory: 578560K Free: 376549K (65%)
----------------- Invoking toplevel() on ptolemy.moml.MoMLSimpleApplication@11b87721
----------------- Done invoking toplevel() on ptolemy.moml.MoMLSimpleApplication@11b87721
reloadAllAccessors: .CartPendulum

===========================================================================================
----------------- testing Tue Apr 16 04:01:27 UTC 2019 /home/travis/build/icyphy/ptII/ptolemy/domains/continuous/test/auto/CausalityInterface10.xml
----------------- Instantiating /home/travis/build/icyphy/ptII/ptolemy/domains/continuous/test/auto/CausalityInterface10.xml
11 ms. Memory: 578560K Free: 363433K (63%)
----------------- Invoking toplevel() on ptolemy.moml.MoMLSimpleApplication@4a8e9ba5
----------------- Done invoking toplevel() on ptolemy.moml.MoMLSimpleApplication@4a8e9ba5
reloadAllAccessors: .CausalityInterface10

===========================================================================================
----------------- testing Tue Apr 16 04:01:27 UTC 2019 /home/travis/build/icyphy/ptII/ptolemy/domains/continuous/test/auto/CausalityInterface11.xml
----------------- Instantiating /home/travis/build/icyphy/ptII/ptolemy/domains/continuous/test/auto/CausalityInterface11.xml
9 ms. Memory: 578560K Free: 353587K (61%)
----------------- Invoking toplevel() on ptolemy.moml.MoMLSimpleApplication@7433b5c5
----------------- Done invoking toplevel() on ptolemy.moml.MoMLSimpleApplication@7433b5c5
reloadAllAccessors: .CausalityInterface11

===========================================================================================
----------------- testing Tue Apr 16 04:01:27 UTC 2019 /home/travis/build/icyphy/ptII/ptolemy/domains/continuous/test/auto/CausalityInterface12.xml
----------------- Instantiating /home/travis/build/icyphy/ptII/ptolemy/domains/continuous/test/auto/CausalityInterface12.xml
4 ms. Memory: 578560K Free: 340865K (59%)
----------------- Invoking toplevel() on ptolemy.moml.MoMLSimpleApplication@65785f88
----------------- Done invoking toplevel() on ptolemy.moml.MoMLSimpleApplication@65785f88
reloadAllAccessors: .CausalityInterface12

===========================================================================================
----------------- testing Tue Apr 16 04:01:27 UTC 2019 /home/travis/build/icyphy/ptII/ptolemy/domains/continuous/test/auto/CausalityInterface13.xml
----------------- Instantiating /home/travis/build/icyphy/ptII/ptolemy/domains/continuous/test/auto/CausalityInterface13.xml
6 ms. Memory: 578560K Free: 331019K (57%)
----------------- Invoking toplevel() on ptolemy.moml.MoMLSimpleApplication@69d038b2
----------------- Done invoking toplevel() on ptolemy.moml.MoMLSimpleApplication@69d038b2
reloadAllAccessors: .CausalityInterface13

===========================================================================================
----------------- testing Tue Apr 16 04:01:27 UTC 2019 /home/travis/build/icyphy/ptII/ptolemy/domains/continuous/test/auto/CausalityInterface14.xml
----------------- Instantiating /home/travis/build/icyphy/ptII/ptolemy/domains/continuous/test/auto/CausalityInterface14.xml
2 ms. Memory: 578560K Free: 321172K (56%)
----------------- Invoking toplevel() on ptolemy.moml.MoMLSimpleApplication@2c283b2e
----------------- Done invoking toplevel() on ptolemy.moml.MoMLSimpleApplication@2c283b2e
reloadAllAccessors: .CausalityInterface14

===========================================================================================
----------------- testing Tue Apr 16 04:01:27 UTC 2019 /home/travis/build/icyphy/ptII/ptolemy/domains/continuous/test/auto/CausalityInterface4.xml
----------------- Instantiating /home/travis/build/icyphy/ptII/ptolemy/domains/continuous/test/auto/CausalityInterface4.xml
4 ms. Memory: 578560K Free: 311326K (54%)
----------------- Invoking toplevel() on ptolemy.moml.MoMLSimpleApplication@88426de
----------------- Done invoking toplevel() on ptolemy.moml.MoMLSimpleApplication@88426de
reloadAllAccessors: .CausalityInterface4

===========================================================================================
----------------- testing Tue Apr 16 04:01:27 UTC 2019 /home/travis/build/icyphy/ptII/ptolemy/domains/continuous/test/auto/CausalityInterface5.xml
----------------- Instantiating /home/travis/build/icyphy/ptII/ptolemy/domains/continuous/test/auto/CausalityInterface5.xml
13 ms. Memory: 578560K Free: 295311K (51%)
----------------- Invoking toplevel() on ptolemy.moml.MoMLSimpleApplication@51452014
----------------- Done invoking toplevel() on ptolemy.moml.MoMLSimpleApplication@51452014
reloadAllAccessors: .CausalityInterface5

===========================================================================================
----------------- testing Tue Apr 16 04:01:27 UTC 2019 /home/travis/build/icyphy/ptII/ptolemy/domains/continuous/test/auto/CausalityInterface6.xml
----------------- Instantiating /home/travis/build/icyphy/ptII/ptolemy/domains/continuous/test/auto/CausalityInterface6.xml
6 ms. Memory: 578560K Free: 285481K (49%)
----------------- Invoking toplevel() on ptolemy.moml.MoMLSimpleApplication@4e4f7b41
----------------- Done invoking toplevel() on ptolemy.moml.MoMLSimpleApplication@4e4f7b41
reloadAllAccessors: .CausalityInterface6

===========================================================================================
----------------- testing Tue Apr 16 04:01:27 UTC 2019 /home/travis/build/icyphy/ptII/ptolemy/domains/continuous/test/auto/CausalityInterface7.xml
----------------- Instantiating /home/travis/build/icyphy/ptII/ptolemy/domains/continuous/test/auto/CausalityInterface7.xml
14 ms. Memory: 578560K Free: 272373K (47%)
----------------- Invoking toplevel() on ptolemy.moml.MoMLSimpleApplication@250bd318
----------------- Done invoking toplevel() on ptolemy.moml.MoMLSimpleApplication@250bd318
reloadAllAccessors: .CausalityInterface7

===========================================================================================
----------------- testing Tue Apr 16 04:01:27 UTC 2019 /home/travis/build/icyphy/ptII/ptolemy/domains/continuous/test/auto/CausalityInterface8.xml
----------------- Instantiating /home/travis/build/icyphy/ptII/ptolemy/domains/continuous/test/auto/CausalityInterface8.xml
8 ms. Memory: 578560K Free: 259218K (45%)
----------------- Invoking toplevel() on ptolemy.moml.MoMLSimpleApplication@452b2772
----------------- Done invoking toplevel() on ptolemy.moml.MoMLSimpleApplication@452b2772
reloadAllAccessors: .CausalityInterface8

===========================================================================================
----------------- testing Tue Apr 16 04:01:27 UTC 2019 /home/travis/build/icyphy/ptII/ptolemy/domains/continuous/test/auto/CausalityInterface9.xml
----------------- Instantiating /home/travis/build/icyphy/ptII/ptolemy/domains/continuous/test/auto/CausalityInterface9.xml
10 ms. Memory: 578560K Free: 243227K (42%)
----------------- Invoking toplevel() on ptolemy.moml.MoMLSimpleApplication@65527bb4
----------------- Done invoking toplevel() on ptolemy.moml.MoMLSimpleApplication@65527bb4
reloadAllAccessors: .CausalityInterface9

===========================================================================================
----------------- testing Tue Apr 16 04:01:27 UTC 2019 /home/travis/build/icyphy/ptII/ptolemy/domains/continuous/test/auto/CausalityInterfaceFeedback1.xml
----------------- Instantiating /home/travis/build/icyphy/ptII/ptolemy/domains/continuous/test/auto/CausalityInterfaceFeedback1.xml
6 ms. Memory: 578560K Free: 230102K (40%)
----------------- Invoking toplevel() on ptolemy.moml.MoMLSimpleApplication@941f1df
----------------- Done invoking toplevel() on ptolemy.moml.MoMLSimpleApplication@941f1df
reloadAllAccessors: .CausalityInterfaceFeedback1

===========================================================================================
----------------- testing Tue Apr 16 04:01:27 UTC 2019 /home/travis/build/icyphy/ptII/ptolemy/domains/continuous/test/auto/CausalityInterfaceFeedback2.xml
----------------- Instantiating /home/travis/build/icyphy/ptII/ptolemy/domains/continuous/test/auto/CausalityInterfaceFeedback2.xml
7 ms. Memory: 578560K Free: 220256K (38%)
----------------- Invoking toplevel() on ptolemy.moml.MoMLSimpleApplication@2dc24314
----------------- Done invoking toplevel() on ptolemy.moml.MoMLSimpleApplication@2dc24314
reloadAllAccessors: .CausalityInterfaceFeedback2

===========================================================================================
----------------- testing Tue Apr 16 04:01:27 UTC 2019 /home/travis/build/icyphy/ptII/ptolemy/domains/continuous/test/auto/CompareWithCurrentTime.xml
----------------- Instantiating /home/travis/build/icyphy/ptII/ptolemy/domains/continuous/test/auto/CompareWithCurrentTime.xml
4 ms. Memory: 578560K Free: 210819K (36%)
----------------- Invoking toplevel() on ptolemy.moml.MoMLSimpleApplication@21daa360
----------------- Done invoking toplevel() on ptolemy.moml.MoMLSimpleApplication@21daa360
reloadAllAccessors: .CompareWithCurrentTime

===========================================================================================
----------------- testing Tue Apr 16 04:01:27 UTC 2019 /home/travis/build/icyphy/ptII/ptolemy/domains/continuous/test/auto/ComparedClocks.xml
----------------- Instantiating /home/travis/build/icyphy/ptII/ptolemy/domains/continuous/test/auto/ComparedClocks.xml
9 ms. Memory: 578560K Free: 191157K (33%)
----------------- Invoking toplevel() on ptolemy.moml.MoMLSimpleApplication@75039b3e
----------------- Done invoking toplevel() on ptolemy.moml.MoMLSimpleApplication@75039b3e
reloadAllAccessors: .ComparedClocks

===========================================================================================
----------------- testing Tue Apr 16 04:01:27 UTC 2019 /home/travis/build/icyphy/ptII/ptolemy/domains/continuous/test/auto/ContinuousAOCClone.xml
----------------- Instantiating /home/travis/build/icyphy/ptII/ptolemy/domains/continuous/test/auto/ContinuousAOCClone.xml
2485 ms. Memory: 872960K Free: 475099K (54%)
----------------- Invoking toplevel() on ptolemy.moml.MoMLSimpleApplication@4d3148f5
----------------- Done invoking toplevel() on ptolemy.moml.MoMLSimpleApplication@4d3148f5
reloadAllAccessors: .ContinuousAOCClone

===========================================================================================
----------------- testing Tue Apr 16 04:01:30 UTC 2019 /home/travis/build/icyphy/ptII/ptolemy/domains/continuous/test/auto/ContinuousClock.xml
----------------- Instantiating /home/travis/build/icyphy/ptII/ptolemy/domains/continuous/test/auto/ContinuousClock.xml
30 ms. Memory: 872960K Free: 442196K (51%)
----------------- Invoking toplevel() on ptolemy.moml.MoMLSimpleApplication@7969781f
----------------- Done invoking toplevel() on ptolemy.moml.MoMLSimpleApplication@7969781f
reloadAllAccessors: .ContinuousClock

===========================================================================================
----------------- testing Tue Apr 16 04:01:30 UTC 2019 /home/travis/build/icyphy/ptII/ptolemy/domains/continuous/test/auto/ContinuousInContinuous.xml
----------------- Instantiating /home/travis/build/icyphy/ptII/ptolemy/domains/continuous/test/auto/ContinuousInContinuous.xml
45 ms. Memory: 872960K Free: 410718K (47%)
----------------- Invoking toplevel() on ptolemy.moml.MoMLSimpleApplication@6838397b
----------------- Done invoking toplevel() on ptolemy.moml.MoMLSimpleApplication@6838397b
reloadAllAccessors: .ContinuousInContinuous

===========================================================================================
----------------- testing Tue Apr 16 04:01:30 UTC 2019 /home/travis/build/icyphy/ptII/ptolemy/domains/continuous/test/auto/ContinuousInContinuousInContinuous.xml
----------------- Instantiating /home/travis/build/icyphy/ptII/ptolemy/domains/continuous/test/auto/ContinuousInContinuousInContinuous.xml
8 ms. Memory: 872960K Free: 379266K (43%)
----------------- Invoking toplevel() on ptolemy.moml.MoMLSimpleApplication@311e22db
----------------- Done invoking toplevel() on ptolemy.moml.MoMLSimpleApplication@311e22db
reloadAllAccessors: .ContinuousInContinuousInContinuous

===========================================================================================
----------------- testing Tue Apr 16 04:01:30 UTC 2019 /home/travis/build/icyphy/ptII/ptolemy/domains/continuous/test/auto/ContinuousInDE.xml
----------------- Instantiating /home/travis/build/icyphy/ptII/ptolemy/domains/continuous/test/auto/ContinuousInDE.xml
75 ms. Memory: 872960K Free: 360421K (41%)
----------------- Invoking toplevel() on ptolemy.moml.MoMLSimpleApplication@530643a8
----------------- Done invoking toplevel() on ptolemy.moml.MoMLSimpleApplication@530643a8
reloadAllAccessors: .ContinuousInDE

===========================================================================================
----------------- testing Tue Apr 16 04:01:30 UTC 2019 /home/travis/build/icyphy/ptII/ptolemy/domains/continuous/test/auto/ContinuousInDE2.xml
----------------- Instantiating /home/travis/build/icyphy/ptII/ptolemy/domains/continuous/test/auto/ContinuousInDE2.xml
44 ms. Memory: 872960K Free: 344703K (39%)
----------------- Invoking toplevel() on ptolemy.moml.MoMLSimpleApplication@30f14acb
----------------- Done invoking toplevel() on ptolemy.moml.MoMLSimpleApplication@30f14acb
reloadAllAccessors: .ContinuousInDE2

===========================================================================================
----------------- testing Tue Apr 16 04:01:30 UTC 2019 /home/travis/build/icyphy/ptII/ptolemy/domains/continuous/test/auto/ContinuousInDE3.xml
----------------- Instantiating /home/travis/build/icyphy/ptII/ptolemy/domains/continuous/test/auto/ContinuousInDE3.xml
41 ms. Memory: 872960K Free: 328985K (38%)
----------------- Invoking toplevel() on ptolemy.moml.MoMLSimpleApplication@24422f4e
----------------- Done invoking toplevel() on ptolemy.moml.MoMLSimpleApplication@24422f4e
reloadAllAccessors: .ContinuousInDE3

===========================================================================================
----------------- testing Tue Apr 16 04:01:30 UTC 2019 /home/travis/build/icyphy/ptII/ptolemy/domains/continuous/test/auto/ContinuousInDE4.xml
----------------- Instantiating /home/travis/build/icyphy/ptII/ptolemy/domains/continuous/test/auto/ContinuousInDE4.xml
14 ms. Memory: 872960K Free: 318506K (36%)
----------------- Invoking toplevel() on ptolemy.moml.MoMLSimpleApplication@69d1b62b
----------------- Done invoking toplevel() on ptolemy.moml.MoMLSimpleApplication@69d1b62b
reloadAllAccessors: .ContinuousInDE4

===========================================================================================
----------------- testing Tue Apr 16 04:01:31 UTC 2019 /home/travis/build/icyphy/ptII/ptolemy/domains/continuous/test/auto/ContinuousInDEDifferentRefinements.xml
----------------- Instantiating /home/travis/build/icyphy/ptII/ptolemy/domains/continuous/test/auto/ContinuousInDEDifferentRefinements.xml
68 ms. Memory: 872960K Free: 278647K (32%)
----------------- Invoking toplevel() on ptolemy.moml.MoMLSimpleApplication@60b3020f
----------------- Done invoking toplevel() on ptolemy.moml.MoMLSimpleApplication@60b3020f
reloadAllAccessors: .ContinuousInDEDifferentRefinements

===========================================================================================
----------------- testing Tue Apr 16 04:01:31 UTC 2019 /home/travis/build/icyphy/ptII/ptolemy/domains/continuous/test/auto/ContinuousInDEDifferentRefinementsPreemptive.xml
----------------- Instantiating /home/travis/build/icyphy/ptII/ptolemy/domains/continuous/test/auto/ContinuousInDEDifferentRefinementsPreemptive.xml
50 ms. Memory: 872960K Free: 241923K (28%)
----------------- Invoking toplevel() on ptolemy.moml.MoMLSimpleApplication@4a799b29
----------------- Done invoking toplevel() on ptolemy.moml.MoMLSimpleApplication@4a799b29
reloadAllAccessors: .ContinuousInDEDifferentRefinementsPreemptive

===========================================================================================
----------------- testing Tue Apr 16 04:01:31 UTC 2019 /home/travis/build/icyphy/ptII/ptolemy/domains/continuous/test/auto/ContinuousInDEInContinuous2.xml
----------------- Instantiating /home/travis/build/icyphy/ptII/ptolemy/domains/continuous/test/auto/ContinuousInDEInContinuous2.xml
37 ms. Memory: 872960K Free: 226188K (26%)
----------------- Invoking toplevel() on ptolemy.moml.MoMLSimpleApplication@16a91ca9
----------------- Done invoking toplevel() on ptolemy.moml.MoMLSimpleApplication@16a91ca9
reloadAllAccessors: .ContinuousInDEInContinuous2

===========================================================================================
----------------- testing Tue Apr 16 04:01:31 UTC 2019 /home/travis/build/icyphy/ptII/ptolemy/domains/continuous/test/auto/ContinuousInDEInContinuous3.xml
----------------- Instantiating /home/travis/build/icyphy/ptII/ptolemy/domains/continuous/test/auto/ContinuousInDEInContinuous3.xml
38 ms. Memory: 872960K Free: 205222K (24%)
----------------- Invoking toplevel() on ptolemy.moml.MoMLSimpleApplication@2a8d8854
----------------- Done invoking toplevel() on ptolemy.moml.MoMLSimpleApplication@2a8d8854
reloadAllAccessors: .ContinuousInDEInContinuous3

===========================================================================================
----------------- testing Tue Apr 16 04:01:31 UTC 2019 /home/travis/build/icyphy/ptII/ptolemy/domains/continuous/test/auto/ContinuousInDEInput.xml
----------------- Instantiating /home/travis/build/icyphy/ptII/ptolemy/domains/continuous/test/auto/ContinuousInDEInput.xml
19 ms. Memory: 872960K Free: 191618K (22%)
----------------- Invoking toplevel() on ptolemy.moml.MoMLSimpleApplication@af57b8b
----------------- Done invoking toplevel() on ptolemy.moml.MoMLSimpleApplication@af57b8b
reloadAllAccessors: .ContinuousInDEInput

===========================================================================================
----------------- testing Tue Apr 16 04:01:31 UTC 2019 /home/travis/build/icyphy/ptII/ptolemy/domains/continuous/test/auto/ContinuousInDEInput2.xml
----------------- Instantiating /home/travis/build/icyphy/ptII/ptolemy/domains/continuous/test/auto/ContinuousInDEInput2.xml
13 ms. Memory: 872960K Free: 181139K (21%)
----------------- Invoking toplevel() on ptolemy.moml.MoMLSimpleApplication@23b85f73
----------------- Done invoking toplevel() on ptolemy.moml.MoMLSimpleApplication@23b85f73
reloadAllAccessors: .ContinuousInDEInput2

===========================================================================================
----------------- testing Tue Apr 16 04:01:31 UTC 2019 /home/travis/build/icyphy/ptII/ptolemy/domains/continuous/test/auto/ContinuousInDEInput3.xml
----------------- Instantiating /home/travis/build/icyphy/ptII/ptolemy/domains/continuous/test/auto/ContinuousInDEInput3.xml
18 ms. Memory: 872960K Free: 170660K (20%)
----------------- Invoking toplevel() on ptolemy.moml.MoMLSimpleApplication@a566589
----------------- Done invoking toplevel() on ptolemy.moml.MoMLSimpleApplication@a566589
reloadAllAccessors: .ContinuousInDEInput3

===========================================================================================
----------------- testing Tue Apr 16 04:01:31 UTC 2019 /home/travis/build/icyphy/ptII/ptolemy/domains/continuous/test/auto/ContinuousInDESharingRefinement.xml
----------------- Instantiating /home/travis/build/icyphy/ptII/ptolemy/domains/continuous/test/auto/ContinuousInDESharingRefinement.xml
149 ms. Memory: 872960K Free: 74410K (9%)
----------------- Invoking toplevel() on ptolemy.moml.MoMLSimpleApplication@42cc3269
----------------- Done invoking toplevel() on ptolemy.moml.MoMLSimpleApplication@42cc3269
reloadAllAccessors: .ContinuousInDESharingRefinement

===========================================================================================
----------------- testing Tue Apr 16 04:01:31 UTC 2019 /home/travis/build/icyphy/ptII/ptolemy/domains/continuous/test/auto/ContinuousInDEwithNoPorts.xml
----------------- Instantiating /home/travis/build/icyphy/ptII/ptolemy/domains/continuous/test/auto/ContinuousInDEwithNoPorts.xml
3 ms. Memory: 873472K Free: 848121K (97%)
----------------- Invoking toplevel() on ptolemy.moml.MoMLSimpleApplication@55ccf7c9
----------------- Done invoking toplevel() on ptolemy.moml.MoMLSimpleApplication@55ccf7c9
reloadAllAccessors: .ContinuousInDEwithNoPorts

===========================================================================================
----------------- testing Tue Apr 16 04:01:31 UTC 2019 /home/travis/build/icyphy/ptII/ptolemy/domains/continuous/test/auto/ContinuousInsideDE.xml
----------------- Instantiating /home/travis/build/icyphy/ptII/ptolemy/domains/continuous/test/auto/ContinuousInsideDE.xml
48 ms. Memory: 873472K Free: 832403K (95%)
----------------- Invoking toplevel() on ptolemy.moml.MoMLSimpleApplication@37410796
----------------- Done invoking toplevel() on ptolemy.moml.MoMLSimpleApplication@37410796
reloadAllAccessors: .ContinuousInsideDE

===========================================================================================
----------------- testing Tue Apr 16 04:01:31 UTC 2019 /home/travis/build/icyphy/ptII/ptolemy/domains/continuous/test/auto/ContinuousMerge1.xml
----------------- Instantiating /home/travis/build/icyphy/ptII/ptolemy/domains/continuous/test/auto/ContinuousMerge1.xml
3 ms. Memory: 873472K Free: 821924K (94%)
----------------- Invoking toplevel() on ptolemy.moml.MoMLSimpleApplication@1ca12b73
----------------- Done invoking toplevel() on ptolemy.moml.MoMLSimpleApplication@1ca12b73
reloadAllAccessors: .ContinuousMerge1

===========================================================================================
----------------- testing Tue Apr 16 04:01:31 UTC 2019 /home/travis/build/icyphy/ptII/ptolemy/domains/continuous/test/auto/ContinuousMerge2.xml
----------------- Instantiating /home/travis/build/icyphy/ptII/ptolemy/domains/continuous/test/auto/ContinuousMerge2.xml
20 ms. Memory: 873472K Free: 803889K (92%)
----------------- Invoking toplevel() on ptolemy.moml.MoMLSimpleApplication@6145734e
----------------- Done invoking toplevel() on ptolemy.moml.MoMLSimpleApplication@6145734e
reloadAllAccessors: .ContinuousMerge2

===========================================================================================
----------------- testing Tue Apr 16 04:01:31 UTC 2019 /home/travis/build/icyphy/ptII/ptolemy/domains/continuous/test/auto/ContinuousMerge3.xml
----------------- Instantiating /home/travis/build/icyphy/ptII/ptolemy/domains/continuous/test/auto/ContinuousMerge3.xml
51 ms. Memory: 873472K Free: 788155K (90%)
----------------- Invoking toplevel() on ptolemy.moml.MoMLSimpleApplication@2a5ec864
----------------- Done invoking toplevel() on ptolemy.moml.MoMLSimpleApplication@2a5ec864
reloadAllAccessors: .ContinuousMerge3

===========================================================================================
----------------- testing Tue Apr 16 04:01:32 UTC 2019 /home/travis/build/icyphy/ptII/ptolemy/domains/continuous/test/auto/ContinuousWithinContinuous.xml
----------------- Instantiating /home/travis/build/icyphy/ptII/ptolemy/domains/continuous/test/auto/ContinuousWithinContinuous.xml
42 ms. Memory: 873472K Free: 775523K (89%)
----------------- Invoking toplevel() on ptolemy.moml.MoMLSimpleApplication@d07d5e9
----------------- Done invoking toplevel() on ptolemy.moml.MoMLSimpleApplication@d07d5e9
reloadAllAccessors: .ContinuousWithinContinuous

===========================================================================================
----------------- testing Tue Apr 16 04:01:32 UTC 2019 /home/travis/build/icyphy/ptII/ptolemy/domains/continuous/test/auto/ContinuousWithinContinuous2.xml
----------------- Instantiating /home/travis/build/icyphy/ptII/ptolemy/domains/continuous/test/auto/ContinuousWithinContinuous2.xml
71 ms. Memory: 873472K Free: 759805K (87%)
----------------- Invoking toplevel() on ptolemy.moml.MoMLSimpleApplication@3cac4771
----------------- Done invoking toplevel() on ptolemy.moml.MoMLSimpleApplication@3cac4771
reloadAllAccessors: .ContinuousWithinContinuous2

===========================================================================================
----------------- testing Tue Apr 16 04:01:32 UTC 2019 /home/travis/build/icyphy/ptII/ptolemy/domains/continuous/test/auto/ContinuousWithinContinuous3.xml
----------------- Instantiating /home/travis/build/icyphy/ptII/ptolemy/domains/continuous/test/auto/ContinuousWithinContinuous3.xml
22 ms. Memory: 873472K Free: 749326K (86%)
----------------- Invoking toplevel() on ptolemy.moml.MoMLSimpleApplication@4863c0b9
----------------- Done invoking toplevel() on ptolemy.moml.MoMLSimpleApplication@4863c0b9
reloadAllAccessors: .ContinuousWithinContinuous3

===========================================================================================
----------------- testing Tue Apr 16 04:01:32 UTC 2019 /home/travis/build/icyphy/ptII/ptolemy/domains/continuous/test/auto/ContinuousWithinContinuous4.xml
----------------- Instantiating /home/travis/build/icyphy/ptII/ptolemy/domains/continuous/test/auto/ContinuousWithinContinuous4.xml
69 ms. Memory: 873472K Free: 731455K (84%)
----------------- Invoking toplevel() on ptolemy.moml.MoMLSimpleApplication@5294b963
----------------- Done invoking toplevel() on ptolemy.moml.MoMLSimpleApplication@5294b963
reloadAllAccessors: .ContinuousWithinContinuous4

===========================================================================================
----------------- testing Tue Apr 16 04:01:32 UTC 2019 /home/travis/build/icyphy/ptII/ptolemy/domains/continuous/test/auto/ContinuousWithinContinuous5.xml
----------------- Instantiating /home/travis/build/icyphy/ptII/ptolemy/domains/continuous/test/auto/ContinuousWithinContinuous5.xml
13 ms. Memory: 873472K Free: 720976K (83%)
----------------- Invoking toplevel() on ptolemy.moml.MoMLSimpleApplication@42293681
----------------- Done invoking toplevel() on ptolemy.moml.MoMLSimpleApplication@42293681
reloadAllAccessors: .ContinuousWithinContinuous5

===========================================================================================
----------------- testing Tue Apr 16 04:01:32 UTC 2019 /home/travis/build/icyphy/ptII/ptolemy/domains/continuous/test/auto/ContinuousWithinContinuous6.xml
----------------- Instantiating /home/travis/build/icyphy/ptII/ptolemy/domains/continuous/test/auto/ContinuousWithinContinuous6.xml
13 ms. Memory: 873472K Free: 710497K (81%)
----------------- Invoking toplevel() on ptolemy.moml.MoMLSimpleApplication@77ad3c35
----------------- Done invoking toplevel() on ptolemy.moml.MoMLSimpleApplication@77ad3c35
reloadAllAccessors: .ContinuousWithinContinuous6

===========================================================================================
----------------- testing Tue Apr 16 04:01:32 UTC 2019 /home/travis/build/icyphy/ptII/ptolemy/domains/continuous/test/auto/ContinuousWithinContinuous7.xml
----------------- Instantiating /home/travis/build/icyphy/ptII/ptolemy/domains/continuous/test/auto/ContinuousWithinContinuous7.xml
59 ms. Memory: 873472K Free: 692625K (79%)
----------------- Invoking toplevel() on ptolemy.moml.MoMLSimpleApplication@171160a3
----------------- Done invoking toplevel() on ptolemy.moml.MoMLSimpleApplication@171160a3
reloadAllAccessors: .ContinuousWithinContinuous7

===========================================================================================
----------------- testing Tue Apr 16 04:01:32 UTC 2019 /home/travis/build/icyphy/ptII/ptolemy/domains/continuous/test/auto/DCMotor.xml
----------------- Instantiating /home/travis/build/icyphy/ptII/ptolemy/domains/continuous/test/auto/DCMotor.xml
16308 ms. Memory: 734720K Free: 110936K (15%)
----------------- Invoking toplevel() on ptolemy.moml.MoMLSimpleApplication@69a905c4
----------------- Done invoking toplevel() on ptolemy.moml.MoMLSimpleApplication@69a905c4
reloadAllAccessors: .DCMotor

===========================================================================================
----------------- testing Tue Apr 16 04:01:48 UTC 2019 /home/travis/build/icyphy/ptII/ptolemy/domains/continuous/test/auto/DEInContinuous.xml
----------------- Instantiating /home/travis/build/icyphy/ptII/ptolemy/domains/continuous/test/auto/DEInContinuous.xml
17 ms. Memory: 734720K Free: 94430K (13%)
----------------- Invoking toplevel() on ptolemy.moml.MoMLSimpleApplication@7c421222
----------------- Done invoking toplevel() on ptolemy.moml.MoMLSimpleApplication@7c421222
reloadAllAccessors: .DEInContinuous

===========================================================================================
----------------- testing Tue Apr 16 04:01:48 UTC 2019 /home/travis/build/icyphy/ptII/ptolemy/domains/continuous/test/auto/DEinContinuous2.xml
----------------- Instantiating /home/travis/build/icyphy/ptII/ptolemy/domains/continuous/test/auto/DEinContinuous2.xml
9 ms. Memory: 734720K Free: 80296K (11%)
----------------- Invoking toplevel() on ptolemy.moml.MoMLSimpleApplication@a267e97
----------------- Done invoking toplevel() on ptolemy.moml.MoMLSimpleApplication@a267e97
reloadAllAccessors: .DEinContinuous2

===========================================================================================
----------------- testing Tue Apr 16 04:01:48 UTC 2019 /home/travis/build/icyphy/ptII/ptolemy/domains/continuous/test/auto/Derivative.xml
----------------- Instantiating /home/travis/build/icyphy/ptII/ptolemy/domains/continuous/test/auto/Derivative.xml
169 ms. Memory: 697344K Free: 649210K (93%)
----------------- Invoking toplevel() on ptolemy.moml.MoMLSimpleApplication@7ffbda4b
----------------- Done invoking toplevel() on ptolemy.moml.MoMLSimpleApplication@7ffbda4b
reloadAllAccessors: .Derivative2

===========================================================================================
----------------- testing Tue Apr 16 04:01:49 UTC 2019 /home/travis/build/icyphy/ptII/ptolemy/domains/continuous/test/auto/Derivative1.xml
----------------- Instantiating /home/travis/build/icyphy/ptII/ptolemy/domains/continuous/test/auto/Derivative1.xml
21 ms. Memory: 697344K Free: 629197K (90%)
----------------- Invoking toplevel() on ptolemy.moml.MoMLSimpleApplication@a5dffa
----------------- Done invoking toplevel() on ptolemy.moml.MoMLSimpleApplication@a5dffa
reloadAllAccessors: .Derivative1

===========================================================================================
----------------- testing Tue Apr 16 04:01:49 UTC 2019 /home/travis/build/icyphy/ptII/ptolemy/domains/continuous/test/auto/DiscreteClock.xml
----------------- Instantiating /home/travis/build/icyphy/ptII/ptolemy/domains/continuous/test/auto/DiscreteClock.xml
7 ms. Memory: 697344K Free: 616119K (88%)
----------------- Invoking toplevel() on ptolemy.moml.MoMLSimpleApplication@4352d3b6
----------------- Done invoking toplevel() on ptolemy.moml.MoMLSimpleApplication@4352d3b6
reloadAllAccessors: .DiscreteClock

===========================================================================================
----------------- testing Tue Apr 16 04:01:49 UTC 2019 /home/travis/build/icyphy/ptII/ptolemy/domains/continuous/test/auto/EfficiencyCurve.xml
----------------- Instantiating /home/travis/build/icyphy/ptII/ptolemy/domains/continuous/test/auto/EfficiencyCurve.xml
71 ms. Memory: 697344K Free: 603041K (86%)
----------------- Invoking toplevel() on ptolemy.moml.MoMLSimpleApplication@2b9cda81
----------------- Done invoking toplevel() on ptolemy.moml.MoMLSimpleApplication@2b9cda81
reloadAllAccessors: .EfficiencyCurve

===========================================================================================
----------------- testing Tue Apr 16 04:01:49 UTC 2019 /home/travis/build/icyphy/ptII/ptolemy/domains/continuous/test/auto/ExponentialResponse.xml
----------------- Instantiating /home/travis/build/icyphy/ptII/ptolemy/domains/continuous/test/auto/ExponentialResponse.xml
119 ms. Memory: 697344K Free: 577643K (83%)
----------------- Invoking toplevel() on ptolemy.moml.MoMLSimpleApplication@65fd3a04
----------------- Done invoking toplevel() on ptolemy.moml.MoMLSimpleApplication@65fd3a04
reloadAllAccessors: .ExponentialResponse

===========================================================================================
----------------- testing Tue Apr 16 04:01:49 UTC 2019 /home/travis/build/icyphy/ptII/ptolemy/domains/continuous/test/auto/ExponentialResponseRK45.xml
----------------- Instantiating /home/travis/build/icyphy/ptII/ptolemy/domains/continuous/test/auto/ExponentialResponseRK45.xml
28 ms. Memory: 697344K Free: 564565K (81%)
----------------- Invoking toplevel() on ptolemy.moml.MoMLSimpleApplication@74d4ee49
----------------- Done invoking toplevel() on ptolemy.moml.MoMLSimpleApplication@74d4ee49
reloadAllAccessors: .ExponentialResponseRK45

===========================================================================================
----------------- testing Tue Apr 16 04:01:49 UTC 2019 /home/travis/build/icyphy/ptII/ptolemy/domains/continuous/test/auto/Friction.xml
----------------- Instantiating /home/travis/build/icyphy/ptII/ptolemy/domains/continuous/test/auto/Friction.xml
1521 ms. Memory: 697344K Free: 125906K (18%)
----------------- Invoking toplevel() on ptolemy.moml.MoMLSimpleApplication@4241cfe0
----------------- Done invoking toplevel() on ptolemy.moml.MoMLSimpleApplication@4241cfe0
reloadAllAccessors: .Friction

===========================================================================================
----------------- testing Tue Apr 16 04:01:51 UTC 2019 /home/travis/build/icyphy/ptII/ptolemy/domains/continuous/test/auto/FurutaPendulum.xml
----------------- Instantiating /home/travis/build/icyphy/ptII/ptolemy/domains/continuous/test/auto/FurutaPendulum.xml
3643 ms. Memory: 674816K Free: 206495K (31%)
----------------- Invoking toplevel() on ptolemy.moml.MoMLSimpleApplication@5ef3cc87
----------------- Done invoking toplevel() on ptolemy.moml.MoMLSimpleApplication@5ef3cc87
reloadAllAccessors: .FurutaPendulum

===========================================================================================
----------------- testing Tue Apr 16 04:01:55 UTC 2019 /home/travis/build/icyphy/ptII/ptolemy/domains/continuous/test/auto/HierarchicalExecution.xml
----------------- Instantiating /home/travis/build/icyphy/ptII/ptolemy/domains/continuous/test/auto/HierarchicalExecution.xml
1848 ms. Memory: 647168K Free: 462951K (72%)
----------------- Invoking toplevel() on ptolemy.moml.MoMLSimpleApplication@69fc5776
----------------- Done invoking toplevel() on ptolemy.moml.MoMLSimpleApplication@69fc5776
reloadAllAccessors: .HierarchicalExecution

===========================================================================================
----------------- testing Tue Apr 16 04:01:57 UTC 2019 /home/travis/build/icyphy/ptII/ptolemy/domains/continuous/test/auto/HybridPlant.xml
----------------- Instantiating /home/travis/build/icyphy/ptII/ptolemy/domains/continuous/test/auto/HybridPlant.xml
592 ms. Memory: 647168K Free: 186623K (29%)
----------------- Invoking toplevel() on ptolemy.moml.MoMLSimpleApplication@5d49a805
----------------- Done invoking toplevel() on ptolemy.moml.MoMLSimpleApplication@5d49a805
reloadAllAccessors: .HybridPlant

===========================================================================================
----------------- testing Tue Apr 16 04:01:57 UTC 2019 /home/travis/build/icyphy/ptII/ptolemy/domains/continuous/test/auto/Hysteresis.xml
----------------- Instantiating /home/travis/build/icyphy/ptII/ptolemy/domains/continuous/test/auto/Hysteresis.xml
147 ms. Memory: 647168K Free: 122168K (19%)
----------------- Invoking toplevel() on ptolemy.moml.MoMLSimpleApplication@2e5d919e
----------------- Done invoking toplevel() on ptolemy.moml.MoMLSimpleApplication@2e5d919e
reloadAllAccessors: .Hysteresis

===========================================================================================
----------------- testing Tue Apr 16 04:01:58 UTC 2019 /home/travis/build/icyphy/ptII/ptolemy/domains/continuous/test/auto/HysteresisWithRandomDelay.xml
----------------- Instantiating /home/travis/build/icyphy/ptII/ptolemy/domains/continuous/test/auto/HysteresisWithRandomDelay.xml
209 ms. Memory: 614912K Free: 570445K (93%)
----------------- Invoking toplevel() on ptolemy.moml.MoMLSimpleApplication@7dbab688
----------------- Done invoking toplevel() on ptolemy.moml.MoMLSimpleApplication@7dbab688
reloadAllAccessors: .HysteresisWithRandomDelay

===========================================================================================
----------------- testing Tue Apr 16 04:01:58 UTC 2019 /home/travis/build/icyphy/ptII/ptolemy/domains/continuous/test/auto/HysteresisWithRandomLosses.xml
----------------- Instantiating /home/travis/build/icyphy/ptII/ptolemy/domains/continuous/test/auto/HysteresisWithRandomLosses.xml
2424 ms. Memory: 591872K Free: 310884K (53%)
----------------- Invoking toplevel() on ptolemy.moml.MoMLSimpleApplication@25171a89
----------------- Done invoking toplevel() on ptolemy.moml.MoMLSimpleApplication@25171a89
reloadAllAccessors: .HysteresisWithRandomLosses

===========================================================================================
----------------- testing Tue Apr 16 04:02:00 UTC 2019 /home/travis/build/icyphy/ptII/ptolemy/domains/continuous/test/auto/ImmediateTransitions.xml
----------------- Instantiating /home/travis/build/icyphy/ptII/ptolemy/domains/continuous/test/auto/ImmediateTransitions.xml
26 ms. Memory: 591872K Free: 298371K (50%)
----------------- Invoking toplevel() on ptolemy.moml.MoMLSimpleApplication@b143633
----------------- Done invoking toplevel() on ptolemy.moml.MoMLSimpleApplication@b143633
reloadAllAccessors: .ImmediateTransitions

===========================================================================================
----------------- testing Tue Apr 16 04:02:00 UTC 2019 /home/travis/build/icyphy/ptII/ptolemy/domains/continuous/test/auto/ImpulseFeedback.xml
----------------- Instantiating /home/travis/build/icyphy/ptII/ptolemy/domains/continuous/test/auto/ImpulseFeedback.xml
12 ms. Memory: 591872K Free: 287353K (49%)
----------------- Invoking toplevel() on ptolemy.moml.MoMLSimpleApplication@2ddee7f0
----------------- Done invoking toplevel() on ptolemy.moml.MoMLSimpleApplication@2ddee7f0
reloadAllAccessors: .ImpulseFeedback

===========================================================================================
----------------- testing Tue Apr 16 04:02:00 UTC 2019 /home/travis/build/icyphy/ptII/ptolemy/domains/continuous/test/auto/ImpulseFeedback2.xml
----------------- Instantiating /home/travis/build/icyphy/ptII/ptolemy/domains/continuous/test/auto/ImpulseFeedback2.xml
10 ms. Memory: 591872K Free: 276199K (47%)
----------------- Invoking toplevel() on ptolemy.moml.MoMLSimpleApplication@18197681
----------------- Done invoking toplevel() on ptolemy.moml.MoMLSimpleApplication@18197681
reloadAllAccessors: .ImpulseFeedback2

===========================================================================================
----------------- testing Tue Apr 16 04:02:01 UTC 2019 /home/travis/build/icyphy/ptII/ptolemy/domains/continuous/test/auto/IncreasingRatePoisson.xml
----------------- Instantiating /home/travis/build/icyphy/ptII/ptolemy/domains/continuous/test/auto/IncreasingRatePoisson.xml
814 ms. Memory: 565760K Free: 429168K (76%)
----------------- Invoking toplevel() on ptolemy.moml.MoMLSimpleApplication@4b432a1a
----------------- Done invoking toplevel() on ptolemy.moml.MoMLSimpleApplication@4b432a1a
reloadAllAccessors: .IncreasingRatePoisson

===========================================================================================
----------------- testing Tue Apr 16 04:02:01 UTC 2019 /home/travis/build/icyphy/ptII/ptolemy/domains/continuous/test/auto/InitialStateFeedback.xml
----------------- Instantiating /home/travis/build/icyphy/ptII/ptolemy/domains/continuous/test/auto/InitialStateFeedback.xml
8 ms. Memory: 565760K Free: 419322K (74%)
----------------- Invoking toplevel() on ptolemy.moml.MoMLSimpleApplication@505c0d17
----------------- Done invoking toplevel() on ptolemy.moml.MoMLSimpleApplication@505c0d17
reloadAllAccessors: .InitialStateFeedback

===========================================================================================
----------------- testing Tue Apr 16 04:02:01 UTC 2019 /home/travis/build/icyphy/ptII/ptolemy/domains/continuous/test/auto/Integration.xml
----------------- Instantiating /home/travis/build/icyphy/ptII/ptolemy/domains/continuous/test/auto/Integration.xml
2 ms. Memory: 565760K Free: 411148K (73%)
----------------- Invoking toplevel() on ptolemy.moml.MoMLSimpleApplication@591eb500
----------------- Done invoking toplevel() on ptolemy.moml.MoMLSimpleApplication@591eb500
reloadAllAccessors: .Integration

===========================================================================================
----------------- testing Tue Apr 16 04:02:01 UTC 2019 /home/travis/build/icyphy/ptII/ptolemy/domains/continuous/test/auto/Integration2.xml
----------------- Instantiating /home/travis/build/icyphy/ptII/ptolemy/domains/continuous/test/auto/Integration2.xml
82 ms. Memory: 565760K Free: 393310K (70%)
----------------- Invoking toplevel() on ptolemy.moml.MoMLSimpleApplication@db099bc
----------------- Done invoking toplevel() on ptolemy.moml.MoMLSimpleApplication@db099bc
reloadAllAccessors: .Integration2

===========================================================================================
----------------- testing Tue Apr 16 04:02:01 UTC 2019 /home/travis/build/icyphy/ptII/ptolemy/domains/continuous/test/auto/Integration3.xml
----------------- Instantiating /home/travis/build/icyphy/ptII/ptolemy/domains/continuous/test/auto/Integration3.xml
2 ms. Memory: 565760K Free: 385269K (68%)
----------------- Invoking toplevel() on ptolemy.moml.MoMLSimpleApplication@7096dd65
----------------- Done invoking toplevel() on ptolemy.moml.MoMLSimpleApplication@7096dd65
reloadAllAccessors: .Integration3

===========================================================================================
----------------- testing Tue Apr 16 04:02:02 UTC 2019 /home/travis/build/icyphy/ptII/ptolemy/domains/continuous/test/auto/Integration5.xml
----------------- Instantiating /home/travis/build/icyphy/ptII/ptolemy/domains/continuous/test/auto/Integration5.xml
2 ms. Memory: 565760K Free: 377118K (67%)
----------------- Invoking toplevel() on ptolemy.moml.MoMLSimpleApplication@194fdd9c
----------------- Done invoking toplevel() on ptolemy.moml.MoMLSimpleApplication@194fdd9c
reloadAllAccessors: .Integration5

===========================================================================================
----------------- testing Tue Apr 16 04:02:02 UTC 2019 /home/travis/build/icyphy/ptII/ptolemy/domains/continuous/test/auto/IntegratorImpulse.xml
----------------- Instantiating /home/travis/build/icyphy/ptII/ptolemy/domains/continuous/test/auto/IntegratorImpulse.xml
2 ms. Memory: 565760K Free: 368959K (65%)
----------------- Invoking toplevel() on ptolemy.moml.MoMLSimpleApplication@1b20dd7d
----------------- Done invoking toplevel() on ptolemy.moml.MoMLSimpleApplication@1b20dd7d
reloadAllAccessors: .IntegratorImpulse

===========================================================================================
----------------- testing Tue Apr 16 04:02:02 UTC 2019 /home/travis/build/icyphy/ptII/ptolemy/domains/continuous/test/auto/IntegratorImpulse2.xml
----------------- Instantiating /home/travis/build/icyphy/ptII/ptolemy/domains/continuous/test/auto/IntegratorImpulse2.xml
4 ms. Memory: 565760K Free: 360793K (64%)
----------------- Invoking toplevel() on ptolemy.moml.MoMLSimpleApplication@71ebb8f7
----------------- Done invoking toplevel() on ptolemy.moml.MoMLSimpleApplication@71ebb8f7
reloadAllAccessors: .IntegratorImpulse2

===========================================================================================
----------------- testing Tue Apr 16 04:02:02 UTC 2019 /home/travis/build/icyphy/ptII/ptolemy/domains/continuous/test/auto/LevelCrossing1.xml
----------------- Instantiating /home/travis/build/icyphy/ptII/ptolemy/domains/continuous/test/auto/LevelCrossing1.xml
2 ms. Memory: 565760K Free: 352736K (62%)
----------------- Invoking toplevel() on ptolemy.moml.MoMLSimpleApplication@4a76dc07
----------------- Done invoking toplevel() on ptolemy.moml.MoMLSimpleApplication@4a76dc07
reloadAllAccessors: .LevelCrossing1

===========================================================================================
----------------- testing Tue Apr 16 04:02:02 UTC 2019 /home/travis/build/icyphy/ptII/ptolemy/domains/continuous/test/auto/LevelCrossing2.xml
----------------- Instantiating /home/travis/build/icyphy/ptII/ptolemy/domains/continuous/test/auto/LevelCrossing2.xml
4 ms. Memory: 565760K Free: 344578K (61%)
----------------- Invoking toplevel() on ptolemy.moml.MoMLSimpleApplication@46b958ba
----------------- Done invoking toplevel() on ptolemy.moml.MoMLSimpleApplication@46b958ba
reloadAllAccessors: .LevelCrossing2

===========================================================================================
----------------- testing Tue Apr 16 04:02:02 UTC 2019 /home/travis/build/icyphy/ptII/ptolemy/domains/continuous/test/auto/LevelCrossing3.xml
----------------- Instantiating /home/travis/build/icyphy/ptII/ptolemy/domains/continuous/test/auto/LevelCrossing3.xml
3 ms. Memory: 565760K Free: 336411K (59%)
----------------- Invoking toplevel() on ptolemy.moml.MoMLSimpleApplication@3a0cd7d0
----------------- Done invoking toplevel() on ptolemy.moml.MoMLSimpleApplication@3a0cd7d0
reloadAllAccessors: .LevelCrossing3

===========================================================================================
----------------- testing Tue Apr 16 04:02:02 UTC 2019 /home/travis/build/icyphy/ptII/ptolemy/domains/continuous/test/auto/LevelCrossing4.xml
----------------- Instantiating /home/travis/build/icyphy/ptII/ptolemy/domains/continuous/test/auto/LevelCrossing4.xml
4 ms. Memory: 565760K Free: 328260K (58%)
----------------- Invoking toplevel() on ptolemy.moml.MoMLSimpleApplication@553ca266
----------------- Done invoking toplevel() on ptolemy.moml.MoMLSimpleApplication@553ca266
reloadAllAccessors: .LevelCrossing4

===========================================================================================
----------------- testing Tue Apr 16 04:02:02 UTC 2019 /home/travis/build/icyphy/ptII/ptolemy/domains/continuous/test/auto/LevelCrossing5.xml
----------------- Instantiating /home/travis/build/icyphy/ptII/ptolemy/domains/continuous/test/auto/LevelCrossing5.xml
4 ms. Memory: 565760K Free: 320101K (57%)
----------------- Invoking toplevel() on ptolemy.moml.MoMLSimpleApplication@3ca76599
----------------- Done invoking toplevel() on ptolemy.moml.MoMLSimpleApplication@3ca76599
reloadAllAccessors: .LevelCrossing5

===========================================================================================
[...]
reloadAllAccessors: .ResetTransitionWithStartTime6

===========================================================================================
----------------- testing Tue Apr 16 04:02:20 UTC 2019 /home/travis/build/icyphy/ptII/ptolemy/domains/continuous/test/auto/SRinContinuous.xml
----------------- Instantiating /home/travis/build/icyphy/ptII/ptolemy/domains/continuous/test/auto/SRinContinuous.xml
4 ms. Memory: 371712K Free: 211682K (57%)
----------------- Invoking toplevel() on ptolemy.moml.MoMLSimpleApplication@77aa7ac0
----------------- Done invoking toplevel() on ptolemy.moml.MoMLSimpleApplication@77aa7ac0
reloadAllAccessors: .SRinContinuous

===========================================================================================
----------------- testing Tue Apr 16 04:02:20 UTC 2019 /home/travis/build/icyphy/ptII/ptolemy/domains/continuous/test/auto/SampledClocks.xml
----------------- Instantiating /home/travis/build/icyphy/ptII/ptolemy/domains/continuous/test/auto/SampledClocks.xml
4 ms. Memory: 371712K Free: 201061K (54%)
----------------- Invoking toplevel() on ptolemy.moml.MoMLSimpleApplication@7bcb9a3d
----------------- Done invoking toplevel() on ptolemy.moml.MoMLSimpleApplication@7bcb9a3d
reloadAllAccessors: .SampledClocks

===========================================================================================
----------------- testing Tue Apr 16 04:02:20 UTC 2019 /home/travis/build/icyphy/ptII/ptolemy/domains/continuous/test/auto/Satellite.xml
----------------- Instantiating /home/travis/build/icyphy/ptII/ptolemy/domains/continuous/test/auto/Satellite.xml
925 ms. Memory: 358912K Free: 296664K (83%)
----------------- Invoking toplevel() on ptolemy.moml.MoMLSimpleApplication@67509e76
----------------- Done invoking toplevel() on ptolemy.moml.MoMLSimpleApplication@67509e76
reloadAllAccessors: .Satellite

===========================================================================================
----------------- testing Tue Apr 16 04:02:21 UTC 2019 /home/travis/build/icyphy/ptII/ptolemy/domains/continuous/test/auto/SigmaDelta.xml
----------------- Instantiating /home/travis/build/icyphy/ptII/ptolemy/domains/continuous/test/auto/SigmaDelta.xml
2405 ms. Memory: 352768K Free: 183932K (52%)
----------------- Invoking toplevel() on ptolemy.moml.MoMLSimpleApplication@47b6aaaa
----------------- Done invoking toplevel() on ptolemy.moml.MoMLSimpleApplication@47b6aaaa
reloadAllAccessors: .SigmaDelta

===========================================================================================
----------------- testing Tue Apr 16 04:02:23 UTC 2019 /home/travis/build/icyphy/ptII/ptolemy/domains/continuous/test/auto/SingleRefinement.xml
----------------- Instantiating /home/travis/build/icyphy/ptII/ptolemy/domains/continuous/test/auto/SingleRefinement.xml
383 ms. Memory: 413696K Free: 320697K (78%)
----------------- Invoking toplevel() on ptolemy.moml.MoMLSimpleApplication@5e041c64
----------------- Done invoking toplevel() on ptolemy.moml.MoMLSimpleApplication@5e041c64
reloadAllAccessors: .SingleRefinement

===========================================================================================
----------------- testing Tue Apr 16 04:02:24 UTC 2019 /home/travis/build/icyphy/ptII/ptolemy/domains/continuous/test/auto/SinuBouncingBall.xml
----------------- Instantiating /home/travis/build/icyphy/ptII/ptolemy/domains/continuous/test/auto/SinuBouncingBall.xml
928 ms. Memory: 413696K Free: 92065K (22%)
----------------- Invoking toplevel() on ptolemy.moml.MoMLSimpleApplication@2e98af36
----------------- Done invoking toplevel() on ptolemy.moml.MoMLSimpleApplication@2e98af36
reloadAllAccessors: .SinuBouncingBall

===========================================================================================
----------------- testing Tue Apr 16 04:02:25 UTC 2019 /home/travis/build/icyphy/ptII/ptolemy/domains/continuous/test/auto/Sinusoid.xml
----------------- Instantiating /home/travis/build/icyphy/ptII/ptolemy/domains/continuous/test/auto/Sinusoid.xml
5 ms. Memory: 413696K Free: 84518K (20%)
----------------- Invoking toplevel() on ptolemy.moml.MoMLSimpleApplication@21536927
----------------- Done invoking toplevel() on ptolemy.moml.MoMLSimpleApplication@21536927
reloadAllAccessors: .Sinusoid

===========================================================================================
----------------- testing Tue Apr 16 04:02:25 UTC 2019 /home/travis/build/icyphy/ptII/ptolemy/domains/continuous/test/auto/SinusoidInNoise.xml
----------------- Instantiating /home/travis/build/icyphy/ptII/ptolemy/domains/continuous/test/auto/SinusoidInNoise.xml
1020 ms. Memory: 497152K Free: 294793K (59%)
----------------- Invoking toplevel() on ptolemy.moml.MoMLSimpleApplication@4930136e
----------------- Done invoking toplevel() on ptolemy.moml.MoMLSimpleApplication@4930136e
reloadAllAccessors: .SinusoidInNoise

===========================================================================================
----------------- testing Tue Apr 16 04:02:26 UTC 2019 /home/travis/build/icyphy/ptII/ptolemy/domains/continuous/test/auto/SinusoidRK45.xml
----------------- Instantiating /home/travis/build/icyphy/ptII/ptolemy/domains/continuous/test/auto/SinusoidRK45.xml
3 ms. Memory: 497152K Free: 286072K (58%)
----------------- Invoking toplevel() on ptolemy.moml.MoMLSimpleApplication@c64803e
----------------- Done invoking toplevel() on ptolemy.moml.MoMLSimpleApplication@c64803e
reloadAllAccessors: .SinusoidRK45

===========================================================================================
----------------- testing Tue Apr 16 04:02:26 UTC 2019 /home/travis/build/icyphy/ptII/ptolemy/domains/continuous/test/auto/SinusoidWithMultipleImpulses.xml
----------------- Instantiating /home/travis/build/icyphy/ptII/ptolemy/domains/continuous/test/auto/SinusoidWithMultipleImpulses.xml
4 ms. Memory: 497152K Free: 278924K (56%)
----------------- Invoking toplevel() on ptolemy.moml.MoMLSimpleApplication@2954633f
----------------- Done invoking toplevel() on ptolemy.moml.MoMLSimpleApplication@2954633f
reloadAllAccessors: .SinusoidWithMultipleImpulses

===========================================================================================
----------------- testing Tue Apr 16 04:02:26 UTC 2019 /home/travis/build/icyphy/ptII/ptolemy/domains/continuous/test/auto/SquareWave.xml
----------------- Instantiating /home/travis/build/icyphy/ptII/ptolemy/domains/continuous/test/auto/SquareWave.xml
174 ms. Memory: 497152K Free: 248960K (50%)
----------------- Invoking toplevel() on ptolemy.moml.MoMLSimpleApplication@2146ee31
----------------- Done invoking toplevel() on ptolemy.moml.MoMLSimpleApplication@2146ee31
reloadAllAccessors: .SquareWave

===========================================================================================
----------------- testing Tue Apr 16 04:02:26 UTC 2019 /home/travis/build/icyphy/ptII/ptolemy/domains/continuous/test/auto/Starmac.xml
----------------- Instantiating /home/travis/build/icyphy/ptII/ptolemy/domains/continuous/test/auto/Starmac.xml
3080 ms. Memory: 604160K Free: 405424K (67%)
----------------- Invoking toplevel() on ptolemy.moml.MoMLSimpleApplication@252d95ad
----------------- Done invoking toplevel() on ptolemy.moml.MoMLSimpleApplication@252d95ad
reloadAllAccessors: .Starmac

===========================================================================================
----------------- testing Tue Apr 16 04:02:29 UTC 2019 /home/travis/build/icyphy/ptII/ptolemy/domains/continuous/test/auto/StaticUnits.xml
----------------- Instantiating /home/travis/build/icyphy/ptII/ptolemy/domains/continuous/test/auto/StaticUnits.xml
2177 ms. Memory: 580096K Free: 442467K (76%)
----------------- Invoking toplevel() on ptolemy.moml.MoMLSimpleApplication@67842a38
----------------- Done invoking toplevel() on ptolemy.moml.MoMLSimpleApplication@67842a38
reloadAllAccessors: .StaticUnits

===========================================================================================
----------------- testing Tue Apr 16 04:02:32 UTC 2019 /home/travis/build/icyphy/ptII/ptolemy/domains/continuous/test/auto/StickyMasses.xml
----------------- Instantiating /home/travis/build/icyphy/ptII/ptolemy/domains/continuous/test/auto/StickyMasses.xml
139 ms. Memory: 580096K Free: 384969K (66%)
----------------- Invoking toplevel() on ptolemy.moml.MoMLSimpleApplication@79d2c047
----------------- Done invoking toplevel() on ptolemy.moml.MoMLSimpleApplication@79d2c047
reloadAllAccessors: .StickyMasses

===========================================================================================
----------------- testing Tue Apr 16 04:02:32 UTC 2019 /home/travis/build/icyphy/ptII/ptolemy/domains/continuous/test/auto/StopTime.xml
----------------- Instantiating /home/travis/build/icyphy/ptII/ptolemy/domains/continuous/test/auto/StopTime.xml
47 ms. Memory: 580096K Free: 356803K (62%)
----------------- Invoking toplevel() on ptolemy.moml.MoMLSimpleApplication@73a8fef0
----------------- Done invoking toplevel() on ptolemy.moml.MoMLSimpleApplication@73a8fef0
reloadAllAccessors: .StopTime

===========================================================================================
----------------- testing Tue Apr 16 04:02:32 UTC 2019 /home/travis/build/icyphy/ptII/ptolemy/domains/continuous/test/auto/StopTime2.xml
----------------- Instantiating /home/travis/build/icyphy/ptII/ptolemy/domains/continuous/test/auto/StopTime2.xml
35 ms. Memory: 580096K Free: 328608K (57%)
----------------- Invoking toplevel() on ptolemy.moml.MoMLSimpleApplication@baab156
----------------- Done invoking toplevel() on ptolemy.moml.MoMLSimpleApplication@baab156
reloadAllAccessors: .StopTime2

===========================================================================================
----------------- testing Tue Apr 16 04:02:32 UTC 2019 /home/travis/build/icyphy/ptII/ptolemy/domains/continuous/test/auto/Switch.xml
----------------- Instantiating /home/travis/build/icyphy/ptII/ptolemy/domains/continuous/test/auto/Switch.xml
60 ms. Memory: 580096K Free: 297926K (51%)
----------------- Invoking toplevel() on ptolemy.moml.MoMLSimpleApplication@68359b4e
----------------- Done invoking toplevel() on ptolemy.moml.MoMLSimpleApplication@68359b4e
reloadAllAccessors: .Switch

===========================================================================================
----------------- testing Tue Apr 16 04:02:33 UTC 2019 /home/travis/build/icyphy/ptII/ptolemy/domains/continuous/test/auto/Thermostat.xml
----------------- Instantiating /home/travis/build/icyphy/ptII/ptolemy/domains/continuous/test/auto/Thermostat.xml
194 ms. Memory: 580096K Free: 220145K (38%)
----------------- Invoking toplevel() on ptolemy.moml.MoMLSimpleApplication@e3d943a
----------------- Done invoking toplevel() on ptolemy.moml.MoMLSimpleApplication@e3d943a
reloadAllAccessors: .Thermostat

===========================================================================================
----------------- testing Tue Apr 16 04:02:33 UTC 2019 /home/travis/build/icyphy/ptII/ptolemy/domains/continuous/test/auto/TimeDelay.xml
----------------- Instantiating /home/travis/build/icyphy/ptII/ptolemy/domains/continuous/test/auto/TimeDelay.xml
6 ms. Memory: 580096K Free: 211715K (36%)
----------------- Invoking toplevel() on ptolemy.moml.MoMLSimpleApplication@24f2c07b
----------------- Done invoking toplevel() on ptolemy.moml.MoMLSimpleApplication@24f2c07b
reloadAllAccessors: .TimeDelay

===========================================================================================
----------------- testing Tue Apr 16 04:02:33 UTC 2019 /home/travis/build/icyphy/ptII/ptolemy/domains/continuous/test/auto/TimeDelay2.xml
----------------- Instantiating /home/travis/build/icyphy/ptII/ptolemy/domains/continuous/test/auto/TimeDelay2.xml
13 ms. Memory: 580096K Free: 203371K (35%)
----------------- Invoking toplevel() on ptolemy.moml.MoMLSimpleApplication@2083978f
----------------- Done invoking toplevel() on ptolemy.moml.MoMLSimpleApplication@2083978f
reloadAllAccessors: .TimeDelay2

===========================================================================================
----------------- testing Tue Apr 16 04:02:33 UTC 2019 /home/travis/build/icyphy/ptII/ptolemy/domains/continuous/test/auto/TimeDelay3.xml
----------------- Instantiating /home/travis/build/icyphy/ptII/ptolemy/domains/continuous/test/auto/TimeDelay3.xml
7 ms. Memory: 580096K Free: 195028K (34%)
----------------- Invoking toplevel() on ptolemy.moml.MoMLSimpleApplication@5aa0edf9
----------------- Done invoking toplevel() on ptolemy.moml.MoMLSimpleApplication@5aa0edf9
reloadAllAccessors: .TimeDelay3

===========================================================================================
----------------- testing Tue Apr 16 04:02:33 UTC 2019 /home/travis/build/icyphy/ptII/ptolemy/domains/continuous/test/auto/TransferAbsentToInside.xml
----------------- Instantiating /home/travis/build/icyphy/ptII/ptolemy/domains/continuous/test/auto/TransferAbsentToInside.xml
33 ms. Memory: 580096K Free: 137020K (24%)
----------------- Invoking toplevel() on ptolemy.moml.MoMLSimpleApplication@631c3a6c
----------------- Done invoking toplevel() on ptolemy.moml.MoMLSimpleApplication@631c3a6c
reloadAllAccessors: .TransferAbsentToInside

===========================================================================================
----------------- testing Tue Apr 16 04:02:33 UTC 2019 /home/travis/build/icyphy/ptII/ptolemy/domains/continuous/test/auto/Transmission.xml
----------------- Instantiating /home/travis/build/icyphy/ptII/ptolemy/domains/continuous/test/auto/Transmission.xml
835 ms. Memory: 552960K Free: 363253K (66%)
----------------- Invoking toplevel() on ptolemy.moml.MoMLSimpleApplication@18967134
----------------- Done invoking toplevel() on ptolemy.moml.MoMLSimpleApplication@18967134
reloadAllAccessors: .Transmission

===========================================================================================
----------------- testing Tue Apr 16 04:02:34 UTC 2019 /home/travis/build/icyphy/ptII/ptolemy/domains/continuous/test/auto/TriggeredContinuousClock.xml
----------------- Instantiating /home/travis/build/icyphy/ptII/ptolemy/domains/continuous/test/auto/TriggeredContinuousClock.xml
45 ms. Memory: 552960K Free: 327861K (59%)
----------------- Invoking toplevel() on ptolemy.moml.MoMLSimpleApplication@734ec811
----------------- Done invoking toplevel() on ptolemy.moml.MoMLSimpleApplication@734ec811
reloadAllAccessors: .TriggeredContinuousClock

===========================================================================================
----------------- testing Tue Apr 16 04:02:34 UTC 2019 /home/travis/build/icyphy/ptII/ptolemy/domains/continuous/test/auto/TwoMachineInfiniteBusControl.xml
----------------- Instantiating /home/travis/build/icyphy/ptII/ptolemy/domains/continuous/test/auto/TwoMachineInfiniteBusControl.xml
3385 ms. Memory: 531968K Free: 192810K (36%)
----------------- Invoking toplevel() on ptolemy.moml.MoMLSimpleApplication@51e7c4b6
----------------- Done invoking toplevel() on ptolemy.moml.MoMLSimpleApplication@51e7c4b6
reloadAllAccessors: .TwoMachineInfiniteBusControl

===========================================================================================
----------------- testing Tue Apr 16 04:02:37 UTC 2019 /home/travis/build/icyphy/ptII/ptolemy/domains/continuous/test/auto/V2V.xml
----------------- Instantiating /home/travis/build/icyphy/ptII/ptolemy/domains/continuous/test/auto/V2V.xml
836 ms. Memory: 509952K Free: 420594K (82%)
----------------- Invoking toplevel() on ptolemy.moml.MoMLSimpleApplication@215d520b
----------------- Done invoking toplevel() on ptolemy.moml.MoMLSimpleApplication@215d520b
reloadAllAccessors: .V2V

===========================================================================================
----------------- testing Tue Apr 16 04:02:38 UTC 2019 /home/travis/build/icyphy/ptII/ptolemy/domains/continuous/test/auto/hierarchicalModalModel.xml
----------------- Instantiating /home/travis/build/icyphy/ptII/ptolemy/domains/continuous/test/auto/hierarchicalModalModel.xml
10 ms. Memory: 509952K Free: 401076K (79%)
----------------- Invoking toplevel() on ptolemy.moml.MoMLSimpleApplication@11c32e66
----------------- Done invoking toplevel() on ptolemy.moml.MoMLSimpleApplication@11c32e66
reloadAllAccessors: .hierarchicalModalModel

===========================================================================================
----------------- testing Tue Apr 16 04:02:38 UTC 2019 /home/travis/build/icyphy/ptII/ptolemy/domains/continuous/test/auto/hierarchicalModalModel1.xml
----------------- Instantiating /home/travis/build/icyphy/ptII/ptolemy/domains/continuous/test/auto/hierarchicalModalModel1.xml
10 ms. Memory: 509952K Free: 382943K (75%)
----------------- Invoking toplevel() on ptolemy.moml.MoMLSimpleApplication@33b42c14
----------------- Done invoking toplevel() on ptolemy.moml.MoMLSimpleApplication@33b42c14
reloadAllAccessors: .hierarchicalModalModel1

===========================================================================================
----------------- testing Tue Apr 16 04:02:38 UTC 2019 /home/travis/build/icyphy/ptII/ptolemy/domains/continuous/test/auto/hierarchicalModalModel2.xml
----------------- Instantiating /home/travis/build/icyphy/ptII/ptolemy/domains/continuous/test/auto/hierarchicalModalModel2.xml
8 ms. Memory: 509952K Free: 366975K (72%)
----------------- Invoking toplevel() on ptolemy.moml.MoMLSimpleApplication@5d10189e
----------------- Done invoking toplevel() on ptolemy.moml.MoMLSimpleApplication@5d10189e
reloadAllAccessors: .hierarchicalModalModel2

===========================================================================================
----------------- testing Tue Apr 16 04:02:38 UTC 2019 /home/travis/build/icyphy/ptII/ptolemy/domains/continuous/test/auto/hierarchicalModalModel3.xml
----------------- Instantiating /home/travis/build/icyphy/ptII/ptolemy/domains/continuous/test/auto/hierarchicalModalModel3.xml
10 ms. Memory: 509952K Free: 353155K (69%)
----------------- Invoking toplevel() on ptolemy.moml.MoMLSimpleApplication@2bd46a3
----------------- Done invoking toplevel() on ptolemy.moml.MoMLSimpleApplication@2bd46a3
reloadAllAccessors: .hierarchicalModalModel3

===========================================================================================
----------------- testing Tue Apr 16 04:02:39 UTC 2019 /home/travis/build/icyphy/ptII/ptolemy/domains/continuous/test/auto/hierarchicalModalModel4.xml
----------------- Instantiating /home/travis/build/icyphy/ptII/ptolemy/domains/continuous/test/auto/hierarchicalModalModel4.xml
6 ms. Memory: 509952K Free: 339319K (67%)
----------------- Invoking toplevel() on ptolemy.moml.MoMLSimpleApplication@3fe772c2
----------------- Done invoking toplevel() on ptolemy.moml.MoMLSimpleApplication@3fe772c2
reloadAllAccessors: .hierarchicalModalModel4

===========================================================================================
----------------- testing Tue Apr 16 04:02:39 UTC 2019 /home/travis/build/icyphy/ptII/ptolemy/domains/continuous/test/auto/junk.xml
----------------- Instantiating /home/travis/build/icyphy/ptII/ptolemy/domains/continuous/test/auto/junk.xml
143 ms. Memory: 509952K Free: 306230K (60%)
----------------- Invoking toplevel() on ptolemy.moml.MoMLSimpleApplication@320b9220
----------------- Done invoking toplevel() on ptolemy.moml.MoMLSimpleApplication@320b9220
reloadAllAccessors: .junk
AutoTests.java: About to close Vertx.
AutoTests.java: Vertx closed.
]]></system-out>
  <system-err><![CDATA[Warning: '.HysteresisWithRandomDelay.NonStrictTest3' The test produced only 20 tokens, yet the correctValues parameter was expecting 30 tokens.
Warning: '.Poisson.NonStrictTest' The test produced only 384 tokens, yet the correctValues parameter was expecting 430 tokens.
]]></system-err>
</testsuite>
