<?xml version="1.0" encoding="UTF-8" ?>
<testsuite errors="0" failures="0" hostname="travis-job-1b29e8f9-1e61-4b1e-bf43-ca3988712b8b" name="ptolemy.actor.lib.hoc.test.junit.JUnitTclTest" skipped="0" tests="58" time="23.707" timestamp="2018-07-10T01:29:27">
  <properties>
[...]
</properties>
  <testcase classname="ptolemy.util.test.junit.TclTests" name="[0] /home/travis/build/icyphy/ptII/ptolemy/actor/lib/hoc/test/IterateOverArray.tcl (RunTclFile)" time="0.28" />
  <testcase classname="ptolemy.util.test.junit.AutoKnownFailedTests" name="[0] /home/travis/build/icyphy/ptII/ptolemy/actor/lib/hoc/test/auto/knownFailedTests/PreinitializeMustBeInvokedRunComposite.xml (RunModel)" time="0.219" />
  <testcase classname="ptolemy.util.test.junit.AutoNameArchTests" name="[0] ThereAreNoAutoArchTests (RunModel)" time="0.0" />
  <testcase classname="ptolemy.util.test.junit.AutoTests" name="[0] /home/travis/build/icyphy/ptII/ptolemy/actor/lib/hoc/test/auto/AllToAllMultiInstanceComposite.xml (RunModel)" time="0.3" />
  <testcase classname="ptolemy.util.test.junit.AutoTests" name="[1] /home/travis/build/icyphy/ptII/ptolemy/actor/lib/hoc/test/auto/ApplyFFTTest.xml (RunModel)" time="0.28" />
  <testcase classname="ptolemy.util.test.junit.AutoTests" name="[2] /home/travis/build/icyphy/ptII/ptolemy/actor/lib/hoc/test/auto/ApplyFunction.xml (RunModel)" time="0.051" />
  <testcase classname="ptolemy.util.test.junit.AutoTests" name="[3] /home/travis/build/icyphy/ptII/ptolemy/actor/lib/hoc/test/auto/BackgroundExecution.xml (RunModel)" time="0.672" />
  <testcase classname="ptolemy.util.test.junit.AutoTests" name="[4] /home/travis/build/icyphy/ptII/ptolemy/actor/lib/hoc/test/auto/Case.xml (RunModel)" time="0.081" />
  <testcase classname="ptolemy.util.test.junit.AutoTests" name="[5] /home/travis/build/icyphy/ptII/ptolemy/actor/lib/hoc/test/auto/Case1.xml (RunModel)" time="0.061" />
  <testcase classname="ptolemy.util.test.junit.AutoTests" name="[6] /home/travis/build/icyphy/ptII/ptolemy/actor/lib/hoc/test/auto/Case2.xml (RunModel)" time="0.104" />
  <testcase classname="ptolemy.util.test.junit.AutoTests" name="[7] /home/travis/build/icyphy/ptII/ptolemy/actor/lib/hoc/test/auto/Case3.xml (RunModel)" time="0.049" />
  <testcase classname="ptolemy.util.test.junit.AutoTests" name="[8] /home/travis/build/icyphy/ptII/ptolemy/actor/lib/hoc/test/auto/Case4.xml (RunModel)" time="0.045" />
  <testcase classname="ptolemy.util.test.junit.AutoTests" name="[9] /home/travis/build/icyphy/ptII/ptolemy/actor/lib/hoc/test/auto/Case5.xml (RunModel)" time="0.056" />
  <testcase classname="ptolemy.util.test.junit.AutoTests" name="[10] /home/travis/build/icyphy/ptII/ptolemy/actor/lib/hoc/test/auto/Case6.xml (RunModel)" time="0.091" />
  <testcase classname="ptolemy.util.test.junit.AutoTests" name="[11] /home/travis/build/icyphy/ptII/ptolemy/actor/lib/hoc/test/auto/CaseString2.xml (RunModel)" time="0.043" />
  <testcase classname="ptolemy.util.test.junit.AutoTests" name="[12] /home/travis/build/icyphy/ptII/ptolemy/actor/lib/hoc/test/auto/CatchUpComposite1.xml (RunModel)" time="0.076" />
  <testcase classname="ptolemy.util.test.junit.AutoTests" name="[13] /home/travis/build/icyphy/ptII/ptolemy/actor/lib/hoc/test/auto/CatchUpComposite2.xml (RunModel)" time="0.053" />
  <testcase classname="ptolemy.util.test.junit.AutoTests" name="[14] /home/travis/build/icyphy/ptII/ptolemy/actor/lib/hoc/test/auto/CatchUpComposite3.xml (RunModel)" time="0.049" />
  <testcase classname="ptolemy.util.test.junit.AutoTests" name="[15] /home/travis/build/icyphy/ptII/ptolemy/actor/lib/hoc/test/auto/CatchUpComposite4.xml (RunModel)" time="0.049" />
  <testcase classname="ptolemy.util.test.junit.AutoTests" name="[16] /home/travis/build/icyphy/ptII/ptolemy/actor/lib/hoc/test/auto/CatchUpComposite5.xml (RunModel)" time="0.036" />
  <testcase classname="ptolemy.util.test.junit.AutoTests" name="[17] /home/travis/build/icyphy/ptII/ptolemy/actor/lib/hoc/test/auto/CatchUpComposite6.xml (RunModel)" time="0.147" />
  <testcase classname="ptolemy.util.test.junit.AutoTests" name="[18] /home/travis/build/icyphy/ptII/ptolemy/actor/lib/hoc/test/auto/CatchUpComposite7.xml (RunModel)" time="0.086" />
  <testcase classname="ptolemy.util.test.junit.AutoTests" name="[19] /home/travis/build/icyphy/ptII/ptolemy/actor/lib/hoc/test/auto/ConcurrentExecutionTimeSDF.xml (RunModel)" time="1.611" />
  <testcase classname="ptolemy.util.test.junit.AutoTests" name="[20] /home/travis/build/icyphy/ptII/ptolemy/actor/lib/hoc/test/auto/ConcurrentSleep.xml (RunModel)" time="0.785" />
  <testcase classname="ptolemy.util.test.junit.AutoTests" name="[21] /home/travis/build/icyphy/ptII/ptolemy/actor/lib/hoc/test/auto/DEInPNInRunCompositeActor.xml (RunModel)" time="0.025" />
  <testcase classname="ptolemy.util.test.junit.AutoTests" name="[22] /home/travis/build/icyphy/ptII/ptolemy/actor/lib/hoc/test/auto/DFTSubSetTest.xml (RunModel)" time="0.238" />
  <testcase classname="ptolemy.util.test.junit.AutoTests" name="[23] /home/travis/build/icyphy/ptII/ptolemy/actor/lib/hoc/test/auto/HocDE.xml (RunModel)" time="0.173" />
  <testcase classname="ptolemy.util.test.junit.AutoTests" name="[24] /home/travis/build/icyphy/ptII/ptolemy/actor/lib/hoc/test/auto/IterateOverArray.xml (RunModel)" time="0.038" />
  <testcase classname="ptolemy.util.test.junit.AutoTests" name="[25] /home/travis/build/icyphy/ptII/ptolemy/actor/lib/hoc/test/auto/IterateOverArray10.xml (RunModel)" time="0.021" />
  <testcase classname="ptolemy.util.test.junit.AutoTests" name="[26] /home/travis/build/icyphy/ptII/ptolemy/actor/lib/hoc/test/auto/IterateOverArray11.xml (RunModel)" time="0.028" />
  <testcase classname="ptolemy.util.test.junit.AutoTests" name="[27] /home/travis/build/icyphy/ptII/ptolemy/actor/lib/hoc/test/auto/IterateOverArray12.xml (RunModel)" time="0.039" />
  <testcase classname="ptolemy.util.test.junit.AutoTests" name="[28] /home/travis/build/icyphy/ptII/ptolemy/actor/lib/hoc/test/auto/IterateOverArray13.xml (RunModel)" time="0.175" />
  <testcase classname="ptolemy.util.test.junit.AutoTests" name="[29] /home/travis/build/icyphy/ptII/ptolemy/actor/lib/hoc/test/auto/IterateOverArray14.xml (RunModel)" time="0.128" />
  <testcase classname="ptolemy.util.test.junit.AutoTests" name="[30] /home/travis/build/icyphy/ptII/ptolemy/actor/lib/hoc/test/auto/IterateOverArray2.xml (RunModel)" time="0.021" />
  <testcase classname="ptolemy.util.test.junit.AutoTests" name="[31] /home/travis/build/icyphy/ptII/ptolemy/actor/lib/hoc/test/auto/IterateOverArray3.xml (RunModel)" time="0.027" />
  <testcase classname="ptolemy.util.test.junit.AutoTests" name="[32] /home/travis/build/icyphy/ptII/ptolemy/actor/lib/hoc/test/auto/IterateOverArray4.xml (RunModel)" time="0.023" />
  <testcase classname="ptolemy.util.test.junit.AutoTests" name="[33] /home/travis/build/icyphy/ptII/ptolemy/actor/lib/hoc/test/auto/IterateOverArray5.xml (RunModel)" time="0.019" />
  <testcase classname="ptolemy.util.test.junit.AutoTests" name="[34] /home/travis/build/icyphy/ptII/ptolemy/actor/lib/hoc/test/auto/IterateOverArray6.xml (RunModel)" time="0.02" />
  <testcase classname="ptolemy.util.test.junit.AutoTests" name="[35] /home/travis/build/icyphy/ptII/ptolemy/actor/lib/hoc/test/auto/IterateOverArray7.xml (RunModel)" time="0.019" />
  <testcase classname="ptolemy.util.test.junit.AutoTests" name="[36] /home/travis/build/icyphy/ptII/ptolemy/actor/lib/hoc/test/auto/IterateOverArray8.xml (RunModel)" time="0.028" />
  <testcase classname="ptolemy.util.test.junit.AutoTests" name="[37] /home/travis/build/icyphy/ptII/ptolemy/actor/lib/hoc/test/auto/IterateOverArray9.xml (RunModel)" time="0.016" />
  <testcase classname="ptolemy.util.test.junit.AutoTests" name="[38] /home/travis/build/icyphy/ptII/ptolemy/actor/lib/hoc/test/auto/IterateOverArrayCoercedOutputType.xml (RunModel)" time="0.025" />
  <testcase classname="ptolemy.util.test.junit.AutoTests" name="[39] /home/travis/build/icyphy/ptII/ptolemy/actor/lib/hoc/test/auto/IterateOverArrayInferredOutputType.xml (RunModel)" time="0.023" />
  <testcase classname="ptolemy.util.test.junit.AutoTests" name="[40] /home/travis/build/icyphy/ptII/ptolemy/actor/lib/hoc/test/auto/MobileFunctionTest.xml (RunModel)" time="0.026" />
  <testcase classname="ptolemy.util.test.junit.AutoTests" name="[41] /home/travis/build/icyphy/ptII/ptolemy/actor/lib/hoc/test/auto/MobileModelTest.xml (RunModel)" time="0.122" />
  <testcase classname="ptolemy.util.test.junit.AutoTests" name="[42] /home/travis/build/icyphy/ptII/ptolemy/actor/lib/hoc/test/auto/ModelReference.xml (RunModel)" time="0.072" />
  <testcase classname="ptolemy.util.test.junit.AutoTests" name="[43] /home/travis/build/icyphy/ptII/ptolemy/actor/lib/hoc/test/auto/ModelReference3.xml (RunModel)" time="0.048" />
  <testcase classname="ptolemy.util.test.junit.AutoTests" name="[44] /home/travis/build/icyphy/ptII/ptolemy/actor/lib/hoc/test/auto/ModelReference4.xml (RunModel)" time="10.04" />
  <testcase classname="ptolemy.util.test.junit.AutoTests" name="[45] /home/travis/build/icyphy/ptII/ptolemy/actor/lib/hoc/test/auto/MultiInstanceComposite.xml (RunModel)" time="0.044" />
  <testcase classname="ptolemy.util.test.junit.AutoTests" name="[46] /home/travis/build/icyphy/ptII/ptolemy/actor/lib/hoc/test/auto/MultiInstanceComposite2.xml (RunModel)" time="0.039" />
  <testcase classname="ptolemy.util.test.junit.AutoTests" name="[47] /home/travis/build/icyphy/ptII/ptolemy/actor/lib/hoc/test/auto/MulticoreExecution.xml (RunModel)" time="1.047" />
  <testcase classname="ptolemy.util.test.junit.AutoTests" name="[48] /home/travis/build/icyphy/ptII/ptolemy/actor/lib/hoc/test/auto/ParallelExecution.xml (RunModel)" time="0.958" />
  <testcase classname="ptolemy.util.test.junit.AutoTests" name="[49] /home/travis/build/icyphy/ptII/ptolemy/actor/lib/hoc/test/auto/RunCompositeActor.xml (RunModel)" time="0.052" />
  <testcase classname="ptolemy.util.test.junit.AutoTests" name="[50] /home/travis/build/icyphy/ptII/ptolemy/actor/lib/hoc/test/auto/RunCompositeActor2.xml (RunModel)" time="0.027" />
  <testcase classname="ptolemy.util.test.junit.AutoTests" name="[51] /home/travis/build/icyphy/ptII/ptolemy/actor/lib/hoc/test/auto/RunCompositeActor3.xml (RunModel)" time="0.047" />
  <testcase classname="ptolemy.util.test.junit.AutoTests" name="[52] /home/travis/build/icyphy/ptII/ptolemy/actor/lib/hoc/test/auto/RunCompositeActor4.xml (RunModel)" time="0.028" />
  <testcase classname="ptolemy.util.test.junit.AutoTests" name="[53] /home/travis/build/icyphy/ptII/ptolemy/actor/lib/hoc/test/auto/RunCompositeIterateOverArray.xml (RunModel)" time="0.027" />
  <testcase classname="ptolemy.util.test.junit.AutoTests" name="[54] /home/travis/build/icyphy/ptII/ptolemy/actor/lib/hoc/test/auto/ThreadedJS.xml (RunModel)" time="4.332" />
  <system-out><![CDATA[/home/travis/build/icyphy/ptII/ptolemy/actor/lib/hoc/test/IterateOverArray.tcl
testDefs.tcl: setting time out to 9000 seconds at Tue Jul 10 01:29:27 UTC 2018
07/10/18 01:29:27
Failed: 0  Total Tests: 2  ((Passed: 2, Newly Passed: 0)  Known Failed: 0) /home/travis/build/icyphy/ptII/ptolemy/actor/lib/hoc/test
----------------- testing (KnownFailure) /home/travis/build/icyphy/ptII/ptolemy/actor/lib/hoc/test/auto/knownFailedTests/PreinitializeMustBeInvokedRunComposite.xml
30 ms. Memory: 116224K Free: 103440K (89%)
Known Failure: java.lang.reflect.InvocationTargetException
No auto/linux-amd64/*.xml tests in /home/travis/build/icyphy/ptII/ptolemy/actor/lib/hoc/test
AutoTests.java: About to close Vertx.
AutoTests.java: Vertx closed.

===========================================================================================
----------------- testing Tue Jul 10 01:29:28 UTC 2018 /home/travis/build/icyphy/ptII/ptolemy/actor/lib/hoc/test/auto/AllToAllMultiInstanceComposite.xml
----------------- Instantiating /home/travis/build/icyphy/ptII/ptolemy/actor/lib/hoc/test/auto/AllToAllMultiInstanceComposite.xml
146 ms. Memory: 146944K Free: 108179K (74%)
----------------- Invoking toplevel() on ptolemy.moml.MoMLSimpleApplication@377a2951
----------------- Done invoking toplevel() on ptolemy.moml.MoMLSimpleApplication@377a2951
reloadAllAccessors: .AllToAllMultiInstanceComposite

===========================================================================================
----------------- testing Tue Jul 10 01:29:28 UTC 2018 /home/travis/build/icyphy/ptII/ptolemy/actor/lib/hoc/test/auto/ApplyFFTTest.xml
----------------- Instantiating /home/travis/build/icyphy/ptII/ptolemy/actor/lib/hoc/test/auto/ApplyFFTTest.xml
130 ms. Memory: 146944K Free: 87666K (60%)
----------------- Invoking toplevel() on ptolemy.moml.MoMLSimpleApplication@46b9332c
----------------- Done invoking toplevel() on ptolemy.moml.MoMLSimpleApplication@46b9332c
reloadAllAccessors: .ApplyFFTTest

===========================================================================================
----------------- testing Tue Jul 10 01:29:28 UTC 2018 /home/travis/build/icyphy/ptII/ptolemy/actor/lib/hoc/test/auto/ApplyFunction.xml
----------------- Instantiating /home/travis/build/icyphy/ptII/ptolemy/actor/lib/hoc/test/auto/ApplyFunction.xml
5 ms. Memory: 146944K Free: 82702K (56%)
----------------- Invoking toplevel() on ptolemy.moml.MoMLSimpleApplication@20c10718
----------------- Done invoking toplevel() on ptolemy.moml.MoMLSimpleApplication@20c10718
reloadAllAccessors: .ApplyFunction

===========================================================================================
----------------- testing Tue Jul 10 01:29:28 UTC 2018 /home/travis/build/icyphy/ptII/ptolemy/actor/lib/hoc/test/auto/BackgroundExecution.xml
----------------- Instantiating /home/travis/build/icyphy/ptII/ptolemy/actor/lib/hoc/test/auto/BackgroundExecution.xml
616 ms. Memory: 146944K Free: 135792K (92%)
----------------- Invoking toplevel() on ptolemy.moml.MoMLSimpleApplication@55dbf90f
----------------- Done invoking toplevel() on ptolemy.moml.MoMLSimpleApplication@55dbf90f
reloadAllAccessors: .BackgroundExecution

===========================================================================================
----------------- testing Tue Jul 10 01:29:29 UTC 2018 /home/travis/build/icyphy/ptII/ptolemy/actor/lib/hoc/test/auto/Case.xml
----------------- Instantiating /home/travis/build/icyphy/ptII/ptolemy/actor/lib/hoc/test/auto/Case.xml
32 ms. Memory: 146944K Free: 127243K (87%)
----------------- Invoking toplevel() on ptolemy.moml.MoMLSimpleApplication@5207341c
----------------- Done invoking toplevel() on ptolemy.moml.MoMLSimpleApplication@5207341c
reloadAllAccessors: .Case

===========================================================================================
----------------- testing Tue Jul 10 01:29:29 UTC 2018 /home/travis/build/icyphy/ptII/ptolemy/actor/lib/hoc/test/auto/Case1.xml
----------------- Instantiating /home/travis/build/icyphy/ptII/ptolemy/actor/lib/hoc/test/auto/Case1.xml
15 ms. Memory: 146944K Free: 120526K (82%)
----------------- Invoking toplevel() on ptolemy.moml.MoMLSimpleApplication@58fbbe0d
----------------- Done invoking toplevel() on ptolemy.moml.MoMLSimpleApplication@58fbbe0d
reloadAllAccessors: .Case1

===========================================================================================
----------------- testing Tue Jul 10 01:29:29 UTC 2018 /home/travis/build/icyphy/ptII/ptolemy/actor/lib/hoc/test/auto/Case2.xml
----------------- Instantiating /home/travis/build/icyphy/ptII/ptolemy/actor/lib/hoc/test/auto/Case2.xml
38 ms. Memory: 146944K Free: 108672K (74%)
----------------- Invoking toplevel() on ptolemy.moml.MoMLSimpleApplication@16e76e5f
----------------- Done invoking toplevel() on ptolemy.moml.MoMLSimpleApplication@16e76e5f
reloadAllAccessors: .Case2

===========================================================================================
----------------- testing Tue Jul 10 01:29:29 UTC 2018 /home/travis/build/icyphy/ptII/ptolemy/actor/lib/hoc/test/auto/Case3.xml
----------------- Instantiating /home/travis/build/icyphy/ptII/ptolemy/actor/lib/hoc/test/auto/Case3.xml
11 ms. Memory: 146944K Free: 102223K (70%)
----------------- Invoking toplevel() on ptolemy.moml.MoMLSimpleApplication@1efa84dd
----------------- Done invoking toplevel() on ptolemy.moml.MoMLSimpleApplication@1efa84dd
reloadAllAccessors: .Case3

===========================================================================================
----------------- testing Tue Jul 10 01:29:29 UTC 2018 /home/travis/build/icyphy/ptII/ptolemy/actor/lib/hoc/test/auto/Case4.xml
----------------- Instantiating /home/travis/build/icyphy/ptII/ptolemy/actor/lib/hoc/test/auto/Case4.xml
16 ms. Memory: 146944K Free: 93473K (64%)
----------------- Invoking toplevel() on ptolemy.moml.MoMLSimpleApplication@5a480cac
----------------- Done invoking toplevel() on ptolemy.moml.MoMLSimpleApplication@5a480cac
reloadAllAccessors: .Case4

===========================================================================================
----------------- testing Tue Jul 10 01:29:29 UTC 2018 /home/travis/build/icyphy/ptII/ptolemy/actor/lib/hoc/test/auto/Case5.xml
----------------- Instantiating /home/travis/build/icyphy/ptII/ptolemy/actor/lib/hoc/test/auto/Case5.xml
28 ms. Memory: 146944K Free: 86837K (59%)
----------------- Invoking toplevel() on ptolemy.moml.MoMLSimpleApplication@5f8c1cad
----------------- Done invoking toplevel() on ptolemy.moml.MoMLSimpleApplication@5f8c1cad
reloadAllAccessors: .junk

===========================================================================================
----------------- testing Tue Jul 10 01:29:29 UTC 2018 /home/travis/build/icyphy/ptII/ptolemy/actor/lib/hoc/test/auto/Case6.xml
----------------- Instantiating /home/travis/build/icyphy/ptII/ptolemy/actor/lib/hoc/test/auto/Case6.xml
20 ms. Memory: 208384K Free: 196105K (94%)
----------------- Invoking toplevel() on ptolemy.moml.MoMLSimpleApplication@38449d4b
----------------- Done invoking toplevel() on ptolemy.moml.MoMLSimpleApplication@38449d4b
reloadAllAccessors: .Case6

===========================================================================================
----------------- testing Tue Jul 10 01:29:30 UTC 2018 /home/travis/build/icyphy/ptII/ptolemy/actor/lib/hoc/test/auto/CaseString2.xml
----------------- Instantiating /home/travis/build/icyphy/ptII/ptolemy/actor/lib/hoc/test/auto/CaseString2.xml
14 ms. Memory: 208384K Free: 186521K (90%)
----------------- Invoking toplevel() on ptolemy.moml.MoMLSimpleApplication@3de9123d
----------------- Done invoking toplevel() on ptolemy.moml.MoMLSimpleApplication@3de9123d
reloadAllAccessors: .CaseString2

===========================================================================================
----------------- testing Tue Jul 10 01:29:30 UTC 2018 /home/travis/build/icyphy/ptII/ptolemy/actor/lib/hoc/test/auto/CatchUpComposite1.xml
----------------- Instantiating /home/travis/build/icyphy/ptII/ptolemy/actor/lib/hoc/test/auto/CatchUpComposite1.xml
21 ms. Memory: 208384K Free: 175413K (84%)
----------------- Invoking toplevel() on ptolemy.moml.MoMLSimpleApplication@4ad8736
----------------- Done invoking toplevel() on ptolemy.moml.MoMLSimpleApplication@4ad8736
reloadAllAccessors: .CatchUpComposite1

===========================================================================================
----------------- testing Tue Jul 10 01:29:30 UTC 2018 /home/travis/build/icyphy/ptII/ptolemy/actor/lib/hoc/test/auto/CatchUpComposite2.xml
----------------- Instantiating /home/travis/build/icyphy/ptII/ptolemy/actor/lib/hoc/test/auto/CatchUpComposite2.xml
14 ms. Memory: 208384K Free: 165566K (79%)
----------------- Invoking toplevel() on ptolemy.moml.MoMLSimpleApplication@720dbc51
----------------- Done invoking toplevel() on ptolemy.moml.MoMLSimpleApplication@720dbc51
reloadAllAccessors: .CatchUpComposite2

===========================================================================================
----------------- testing Tue Jul 10 01:29:30 UTC 2018 /home/travis/build/icyphy/ptII/ptolemy/actor/lib/hoc/test/auto/CatchUpComposite3.xml
----------------- Instantiating /home/travis/build/icyphy/ptII/ptolemy/actor/lib/hoc/test/auto/CatchUpComposite3.xml
12 ms. Memory: 208384K Free: 154706K (74%)
----------------- Invoking toplevel() on ptolemy.moml.MoMLSimpleApplication@5b6b9f9a
----------------- Done invoking toplevel() on ptolemy.moml.MoMLSimpleApplication@5b6b9f9a
reloadAllAccessors: .CatchUpComposite3

===========================================================================================
----------------- testing Tue Jul 10 01:29:30 UTC 2018 /home/travis/build/icyphy/ptII/ptolemy/actor/lib/hoc/test/auto/CatchUpComposite4.xml
----------------- Instantiating /home/travis/build/icyphy/ptII/ptolemy/actor/lib/hoc/test/auto/CatchUpComposite4.xml
17 ms. Memory: 208384K Free: 145442K (70%)
----------------- Invoking toplevel() on ptolemy.moml.MoMLSimpleApplication@668c9015
----------------- Done invoking toplevel() on ptolemy.moml.MoMLSimpleApplication@668c9015
reloadAllAccessors: .CatchUpComposite4

===========================================================================================
----------------- testing Tue Jul 10 01:29:30 UTC 2018 /home/travis/build/icyphy/ptII/ptolemy/actor/lib/hoc/test/auto/CatchUpComposite5.xml
----------------- Instantiating /home/travis/build/icyphy/ptII/ptolemy/actor/lib/hoc/test/auto/CatchUpComposite5.xml
11 ms. Memory: 208384K Free: 136807K (66%)
----------------- Invoking toplevel() on ptolemy.moml.MoMLSimpleApplication@292a8796
----------------- Done invoking toplevel() on ptolemy.moml.MoMLSimpleApplication@292a8796
reloadAllAccessors: .CatchUpComposite5

===========================================================================================
----------------- testing Tue Jul 10 01:29:30 UTC 2018 /home/travis/build/icyphy/ptII/ptolemy/actor/lib/hoc/test/auto/CatchUpComposite6.xml
----------------- Instantiating /home/travis/build/icyphy/ptII/ptolemy/actor/lib/hoc/test/auto/CatchUpComposite6.xml
WARNING: The execution aspects in this model can influence the timing of actors by delaying the 
execution, potentially changing the behavior. There is no guarantee that actors fire at the 
time they request to be fired. 
Use Ptides for deterministic DE behavior that is not influenced by execution aspects. 

80 ms. Memory: 208384K Free: 117854K (57%)
----------------- Invoking toplevel() on ptolemy.moml.MoMLSimpleApplication@76ec5a59
----------------- Done invoking toplevel() on ptolemy.moml.MoMLSimpleApplication@76ec5a59
reloadAllAccessors: .CatchUpComposite6

===========================================================================================
----------------- testing Tue Jul 10 01:29:30 UTC 2018 /home/travis/build/icyphy/ptII/ptolemy/actor/lib/hoc/test/auto/CatchUpComposite7.xml
----------------- Instantiating /home/travis/build/icyphy/ptII/ptolemy/actor/lib/hoc/test/auto/CatchUpComposite7.xml
WARNING: The execution aspects in this model can influence the timing of actors by delaying the 
execution, potentially changing the behavior. There is no guarantee that actors fire at the 
time they request to be fired. 
Use Ptides for deterministic DE behavior that is not influenced by execution aspects. 

29 ms. Memory: 208384K Free: 101167K (49%)
----------------- Invoking toplevel() on ptolemy.moml.MoMLSimpleApplication@5aeb33f1
----------------- Done invoking toplevel() on ptolemy.moml.MoMLSimpleApplication@5aeb33f1
reloadAllAccessors: .CatchUpComposite7

===========================================================================================
----------------- testing Tue Jul 10 01:29:30 UTC 2018 /home/travis/build/icyphy/ptII/ptolemy/actor/lib/hoc/test/auto/ConcurrentExecutionTimeSDF.xml
----------------- Instantiating /home/travis/build/icyphy/ptII/ptolemy/actor/lib/hoc/test/auto/ConcurrentExecutionTimeSDF.xml
Fired ExecutionTime: 40400000
Fired ExecutionTime: 40400000
Fired ExecutionTime: 40400000
Fired ExecutionTime: 40400000
Fired ExecutionTime: 40400000
Fired ExecutionTime: 40400000
Fired ExecutionTime: 40400000
Fired ExecutionTime: 40400000
Fired ExecutionTime: 40400000
Fired ExecutionTime: 40400000
Fired ExecutionTime: 40400000
Fired ExecutionTime: 40400000
Fired ExecutionTime: 40400000
Fired ExecutionTime: 40400000
Fired ExecutionTime: 40400000
Fired ExecutionTime: 40400000
Fired ExecutionTime: 40400000
Fired ExecutionTime: 40400000
Fired ExecutionTime: 40400000
Fired ExecutionTime: 40400000
1583 ms. Memory: 208384K Free: 93132K (45%)
----------------- Invoking toplevel() on ptolemy.moml.MoMLSimpleApplication@2e7c0b9
----------------- Done invoking toplevel() on ptolemy.moml.MoMLSimpleApplication@2e7c0b9
reloadAllAccessors: .ConcurrentExecutionTimeSDF

===========================================================================================
----------------- testing Tue Jul 10 01:29:32 UTC 2018 /home/travis/build/icyphy/ptII/ptolemy/actor/lib/hoc/test/auto/ConcurrentSleep.xml
----------------- Instantiating /home/travis/build/icyphy/ptII/ptolemy/actor/lib/hoc/test/auto/ConcurrentSleep.xml
750 ms. Memory: 208384K Free: 200603K (96%)
----------------- Invoking toplevel() on ptolemy.moml.MoMLSimpleApplication@405f4f95
----------------- Done invoking toplevel() on ptolemy.moml.MoMLSimpleApplication@405f4f95
reloadAllAccessors: .ConcurrentSleep

===========================================================================================
----------------- testing Tue Jul 10 01:29:32 UTC 2018 /home/travis/build/icyphy/ptII/ptolemy/actor/lib/hoc/test/auto/DEInPNInRunCompositeActor.xml
----------------- Instantiating /home/travis/build/icyphy/ptII/ptolemy/actor/lib/hoc/test/auto/DEInPNInRunCompositeActor.xml
7 ms. Memory: 208384K Free: 193147K (93%)
----------------- Invoking toplevel() on ptolemy.moml.MoMLSimpleApplication@eee36a5
----------------- Done invoking toplevel() on ptolemy.moml.MoMLSimpleApplication@eee36a5
reloadAllAccessors: .DEInPNInRunCompositeActor

===========================================================================================
----------------- testing Tue Jul 10 01:29:32 UTC 2018 /home/travis/build/icyphy/ptII/ptolemy/actor/lib/hoc/test/auto/DFTSubSetTest.xml
----------------- Instantiating /home/travis/build/icyphy/ptII/ptolemy/actor/lib/hoc/test/auto/DFTSubSetTest.xml
157 ms. Memory: 208384K Free: 146337K (70%)
----------------- Invoking toplevel() on ptolemy.moml.MoMLSimpleApplication@65d46f05
----------------- Done invoking toplevel() on ptolemy.moml.MoMLSimpleApplication@65d46f05
reloadAllAccessors: .DFTSubSetTest

===========================================================================================
----------------- testing Tue Jul 10 01:29:33 UTC 2018 /home/travis/build/icyphy/ptII/ptolemy/actor/lib/hoc/test/auto/HocDE.xml
----------------- Instantiating /home/travis/build/icyphy/ptII/ptolemy/actor/lib/hoc/test/auto/HocDE.xml
124 ms. Memory: 208384K Free: 118889K (57%)
----------------- Invoking toplevel() on ptolemy.moml.MoMLSimpleApplication@1995ae80
----------------- Done invoking toplevel() on ptolemy.moml.MoMLSimpleApplication@1995ae80
reloadAllAccessors: .HocDE

===========================================================================================
----------------- testing Tue Jul 10 01:29:33 UTC 2018 /home/travis/build/icyphy/ptII/ptolemy/actor/lib/hoc/test/auto/IterateOverArray.xml
----------------- Instantiating /home/travis/build/icyphy/ptII/ptolemy/actor/lib/hoc/test/auto/IterateOverArray.xml
6 ms. Memory: 208384K Free: 114465K (55%)
----------------- Invoking toplevel() on ptolemy.moml.MoMLSimpleApplication@25a1d807
----------------- Done invoking toplevel() on ptolemy.moml.MoMLSimpleApplication@25a1d807
reloadAllAccessors: .IterateOverArray

===========================================================================================
----------------- testing Tue Jul 10 01:29:33 UTC 2018 /home/travis/build/icyphy/ptII/ptolemy/actor/lib/hoc/test/auto/IterateOverArray10.xml
----------------- Instantiating /home/travis/build/icyphy/ptII/ptolemy/actor/lib/hoc/test/auto/IterateOverArray10.xml
2 ms. Memory: 208384K Free: 110361K (53%)
----------------- Invoking toplevel() on ptolemy.moml.MoMLSimpleApplication@26acaca0
----------------- Done invoking toplevel() on ptolemy.moml.MoMLSimpleApplication@26acaca0
reloadAllAccessors: .IterateOverArray10

===========================================================================================
----------------- testing Tue Jul 10 01:29:33 UTC 2018 /home/travis/build/icyphy/ptII/ptolemy/actor/lib/hoc/test/auto/IterateOverArray11.xml
----------------- Instantiating /home/travis/build/icyphy/ptII/ptolemy/actor/lib/hoc/test/auto/IterateOverArray11.xml
6 ms. Memory: 208384K Free: 105937K (51%)
----------------- Invoking toplevel() on ptolemy.moml.MoMLSimpleApplication@64d2ef3b
----------------- Done invoking toplevel() on ptolemy.moml.MoMLSimpleApplication@64d2ef3b
reloadAllAccessors: .IterateOverArray11

===========================================================================================
----------------- testing Tue Jul 10 01:29:33 UTC 2018 /home/travis/build/icyphy/ptII/ptolemy/actor/lib/hoc/test/auto/IterateOverArray12.xml
----------------- Instantiating /home/travis/build/icyphy/ptII/ptolemy/actor/lib/hoc/test/auto/IterateOverArray12.xml
18 ms. Memory: 208384K Free: 98900K (47%)
----------------- Invoking toplevel() on ptolemy.moml.MoMLSimpleApplication@7990152d
----------------- Done invoking toplevel() on ptolemy.moml.MoMLSimpleApplication@7990152d
reloadAllAccessors: .IterateOverArray12

===========================================================================================
----------------- testing Tue Jul 10 01:29:33 UTC 2018 /home/travis/build/icyphy/ptII/ptolemy/actor/lib/hoc/test/auto/IterateOverArray13.xml
----------------- Instantiating /home/travis/build/icyphy/ptII/ptolemy/actor/lib/hoc/test/auto/IterateOverArray13.xml
114 ms. Memory: 331776K Free: 315045K (95%)
----------------- Invoking toplevel() on ptolemy.moml.MoMLSimpleApplication@49892182
----------------- Done invoking toplevel() on ptolemy.moml.MoMLSimpleApplication@49892182
reloadAllAccessors: .IterateOverArray13

===========================================================================================
----------------- testing Tue Jul 10 01:29:33 UTC 2018 /home/travis/build/icyphy/ptII/ptolemy/actor/lib/hoc/test/auto/IterateOverArray14.xml
----------------- Instantiating /home/travis/build/icyphy/ptII/ptolemy/actor/lib/hoc/test/auto/IterateOverArray14.xml
56 ms. Memory: 331776K Free: 278036K (84%)
----------------- Invoking toplevel() on ptolemy.moml.MoMLSimpleApplication@19d0896b
----------------- Done invoking toplevel() on ptolemy.moml.MoMLSimpleApplication@19d0896b
reloadAllAccessors: .IterateOverArray14

===========================================================================================
----------------- testing Tue Jul 10 01:29:33 UTC 2018 /home/travis/build/icyphy/ptII/ptolemy/actor/lib/hoc/test/auto/IterateOverArray2.xml
----------------- Instantiating /home/travis/build/icyphy/ptII/ptolemy/actor/lib/hoc/test/auto/IterateOverArray2.xml
5 ms. Memory: 331776K Free: 273099K (82%)
----------------- Invoking toplevel() on ptolemy.moml.MoMLSimpleApplication@1dc7aec5
----------------- Done invoking toplevel() on ptolemy.moml.MoMLSimpleApplication@1dc7aec5
reloadAllAccessors: .IterateOverArray2

===========================================================================================
----------------- testing Tue Jul 10 01:29:33 UTC 2018 /home/travis/build/icyphy/ptII/ptolemy/actor/lib/hoc/test/auto/IterateOverArray3.xml
----------------- Instantiating /home/travis/build/icyphy/ptII/ptolemy/actor/lib/hoc/test/auto/IterateOverArray3.xml
5 ms. Memory: 331776K Free: 265385K (80%)
----------------- Invoking toplevel() on ptolemy.moml.MoMLSimpleApplication@f36701f
----------------- Done invoking toplevel() on ptolemy.moml.MoMLSimpleApplication@f36701f
reloadAllAccessors: .IterateOverArray3

===========================================================================================
----------------- testing Tue Jul 10 01:29:33 UTC 2018 /home/travis/build/icyphy/ptII/ptolemy/actor/lib/hoc/test/auto/IterateOverArray4.xml
----------------- Instantiating /home/travis/build/icyphy/ptII/ptolemy/actor/lib/hoc/test/auto/IterateOverArray4.xml
4 ms. Memory: 331776K Free: 260480K (79%)
----------------- Invoking toplevel() on ptolemy.moml.MoMLSimpleApplication@1e18a2b9
----------------- Done invoking toplevel() on ptolemy.moml.MoMLSimpleApplication@1e18a2b9
reloadAllAccessors: .IterateOverArray4

===========================================================================================
----------------- testing Tue Jul 10 01:29:33 UTC 2018 /home/travis/build/icyphy/ptII/ptolemy/actor/lib/hoc/test/auto/IterateOverArray5.xml
----------------- Instantiating /home/travis/build/icyphy/ptII/ptolemy/actor/lib/hoc/test/auto/IterateOverArray5.xml
2 ms. Memory: 331776K Free: 255575K (77%)
----------------- Invoking toplevel() on ptolemy.moml.MoMLSimpleApplication@41471f4b
----------------- Done invoking toplevel() on ptolemy.moml.MoMLSimpleApplication@41471f4b
reloadAllAccessors: .IterateOverArray5

===========================================================================================
----------------- testing Tue Jul 10 01:29:33 UTC 2018 /home/travis/build/icyphy/ptII/ptolemy/actor/lib/hoc/test/auto/IterateOverArray6.xml
----------------- Instantiating /home/travis/build/icyphy/ptII/ptolemy/actor/lib/hoc/test/auto/IterateOverArray6.xml
2 ms. Memory: 331776K Free: 250804K (76%)
----------------- Invoking toplevel() on ptolemy.moml.MoMLSimpleApplication@1bf9be50
----------------- Done invoking toplevel() on ptolemy.moml.MoMLSimpleApplication@1bf9be50
reloadAllAccessors: .IterateOverArray6

===========================================================================================
----------------- testing Tue Jul 10 01:29:33 UTC 2018 /home/travis/build/icyphy/ptII/ptolemy/actor/lib/hoc/test/auto/IterateOverArray7.xml
----------------- Instantiating /home/travis/build/icyphy/ptII/ptolemy/actor/lib/hoc/test/auto/IterateOverArray7.xml
3 ms. Memory: 331776K Free: 244910K (74%)
----------------- Invoking toplevel() on ptolemy.moml.MoMLSimpleApplication@10879d08
----------------- Done invoking toplevel() on ptolemy.moml.MoMLSimpleApplication@10879d08
reloadAllAccessors: .IterateOverArray7

===========================================================================================
----------------- testing Tue Jul 10 01:29:33 UTC 2018 /home/travis/build/icyphy/ptII/ptolemy/actor/lib/hoc/test/auto/IterateOverArray8.xml
----------------- Instantiating /home/travis/build/icyphy/ptII/ptolemy/actor/lib/hoc/test/auto/IterateOverArray8.xml
3 ms. Memory: 331776K Free: 239158K (72%)
----------------- Invoking toplevel() on ptolemy.moml.MoMLSimpleApplication@5e87ad24
----------------- Done invoking toplevel() on ptolemy.moml.MoMLSimpleApplication@5e87ad24
reloadAllAccessors: .IterateOverArray8

===========================================================================================
----------------- testing Tue Jul 10 01:29:34 UTC 2018 /home/travis/build/icyphy/ptII/ptolemy/actor/lib/hoc/test/auto/IterateOverArray9.xml
----------------- Instantiating /home/travis/build/icyphy/ptII/ptolemy/actor/lib/hoc/test/auto/IterateOverArray9.xml
4 ms. Memory: 331776K Free: 235234K (71%)
----------------- Invoking toplevel() on ptolemy.moml.MoMLSimpleApplication@35abc75a
----------------- Done invoking toplevel() on ptolemy.moml.MoMLSimpleApplication@35abc75a
reloadAllAccessors: .IterateOverArray9

===========================================================================================
----------------- testing Tue Jul 10 01:29:34 UTC 2018 /home/travis/build/icyphy/ptII/ptolemy/actor/lib/hoc/test/auto/IterateOverArrayCoercedOutputType.xml
----------------- Instantiating /home/travis/build/icyphy/ptII/ptolemy/actor/lib/hoc/test/auto/IterateOverArrayCoercedOutputType.xml
4 ms. Memory: 331776K Free: 229348K (69%)
----------------- Invoking toplevel() on ptolemy.moml.MoMLSimpleApplication@ca96886
----------------- Done invoking toplevel() on ptolemy.moml.MoMLSimpleApplication@ca96886
reloadAllAccessors: .IterateOverArrayCoercedOutputType

===========================================================================================
----------------- testing Tue Jul 10 01:29:34 UTC 2018 /home/travis/build/icyphy/ptII/ptolemy/actor/lib/hoc/test/auto/IterateOverArrayInferredOutputType.xml
----------------- Instantiating /home/travis/build/icyphy/ptII/ptolemy/actor/lib/hoc/test/auto/IterateOverArrayInferredOutputType.xml
3 ms. Memory: 331776K Free: 222614K (67%)
----------------- Invoking toplevel() on ptolemy.moml.MoMLSimpleApplication@54134cf6
----------------- Done invoking toplevel() on ptolemy.moml.MoMLSimpleApplication@54134cf6
reloadAllAccessors: .IterateOverArrayInferredOutputType

===========================================================================================
----------------- testing Tue Jul 10 01:29:34 UTC 2018 /home/travis/build/icyphy/ptII/ptolemy/actor/lib/hoc/test/auto/MobileFunctionTest.xml
----------------- Instantiating /home/travis/build/icyphy/ptII/ptolemy/actor/lib/hoc/test/auto/MobileFunctionTest.xml
4 ms. Memory: 331776K Free: 217709K (66%)
----------------- Invoking toplevel() on ptolemy.moml.MoMLSimpleApplication@51b30d09
----------------- Done invoking toplevel() on ptolemy.moml.MoMLSimpleApplication@51b30d09
reloadAllAccessors: .MobileFunctionTest

===========================================================================================
----------------- testing Tue Jul 10 01:29:34 UTC 2018 /home/travis/build/icyphy/ptII/ptolemy/actor/lib/hoc/test/auto/MobileModelTest.xml
----------------- Instantiating /home/travis/build/icyphy/ptII/ptolemy/actor/lib/hoc/test/auto/MobileModelTest.xml
90 ms. Memory: 331776K Free: 197108K (59%)
----------------- Invoking toplevel() on ptolemy.moml.MoMLSimpleApplication@315e1b7
----------------- Done invoking toplevel() on ptolemy.moml.MoMLSimpleApplication@315e1b7
reloadAllAccessors: .MobileModelTest

===========================================================================================
----------------- testing Tue Jul 10 01:29:34 UTC 2018 /home/travis/build/icyphy/ptII/ptolemy/actor/lib/hoc/test/auto/ModelReference.xml
----------------- Instantiating /home/travis/build/icyphy/ptII/ptolemy/actor/lib/hoc/test/auto/ModelReference.xml
5 ms. Memory: 331776K Free: 188413K (57%)
4 ms. Memory: 331776K Free: 187432K (56%)
2 ms. Memory: 331776K Free: 186451K (56%)
4 ms. Memory: 331776K Free: 185470K (56%)
2 ms. Memory: 331776K Free: 184489K (56%)
2 ms. Memory: 331776K Free: 184489K (56%)
1 ms. Memory: 331776K Free: 183508K (55%)
3 ms. Memory: 331776K Free: 182527K (55%)
4 ms. Memory: 331776K Free: 181546K (55%)
2 ms. Memory: 331776K Free: 180565K (54%)
41 ms. Memory: 331776K Free: 180565K (54%)
----------------- Invoking toplevel() on ptolemy.moml.MoMLSimpleApplication@7f1496f0
----------------- Done invoking toplevel() on ptolemy.moml.MoMLSimpleApplication@7f1496f0
reloadAllAccessors: .ModelReference

===========================================================================================
----------------- testing Tue Jul 10 01:29:34 UTC 2018 /home/travis/build/icyphy/ptII/ptolemy/actor/lib/hoc/test/auto/ModelReference3.xml
----------------- Instantiating /home/travis/build/icyphy/ptII/ptolemy/actor/lib/hoc/test/auto/ModelReference3.xml
1 ms. Memory: 331776K Free: 175660K (53%)
4 ms. Memory: 331776K Free: 174679K (53%)
1 ms. Memory: 331776K Free: 173698K (52%)
3 ms. Memory: 331776K Free: 172717K (52%)
2 ms. Memory: 331776K Free: 172717K (52%)
2 ms. Memory: 331776K Free: 171736K (52%)
1 ms. Memory: 331776K Free: 170755K (51%)
1 ms. Memory: 331776K Free: 169774K (51%)
2 ms. Memory: 331776K Free: 168793K (51%)
2 ms. Memory: 331776K Free: 167812K (51%)
26 ms. Memory: 331776K Free: 167812K (51%)
----------------- Invoking toplevel() on ptolemy.moml.MoMLSimpleApplication@2427390c
----------------- Done invoking toplevel() on ptolemy.moml.MoMLSimpleApplication@2427390c
reloadAllAccessors: .ModelReference3

===========================================================================================
----------------- testing Tue Jul 10 01:29:34 UTC 2018 /home/travis/build/icyphy/ptII/ptolemy/actor/lib/hoc/test/auto/ModelReference4.xml
----------------- Instantiating /home/travis/build/icyphy/ptII/ptolemy/actor/lib/hoc/test/auto/ModelReference4.xml
3 ms. Memory: 331776K Free: 162060K (49%)
5 ms. Memory: 331776K Free: 160090K (48%)
6 ms. Memory: 331776K Free: 159109K (48%)
7 ms. Memory: 331776K Free: 158128K (48%)
2 ms. Memory: 331776K Free: 157147K (47%)
7 ms. Memory: 331776K Free: 155169K (47%)
2 ms. Memory: 331776K Free: 154188K (46%)
2 ms. Memory: 331776K Free: 153207K (46%)
2 ms. Memory: 331776K Free: 152226K (46%)
2 ms. Memory: 331776K Free: 151245K (46%)
10026 ms. Memory: 331776K Free: 151245K (46%)
----------------- Invoking toplevel() on ptolemy.moml.MoMLSimpleApplication@7a94565a
----------------- Done invoking toplevel() on ptolemy.moml.MoMLSimpleApplication@7a94565a
reloadAllAccessors: .ModelReference4

===========================================================================================
----------------- testing Tue Jul 10 01:29:44 UTC 2018 /home/travis/build/icyphy/ptII/ptolemy/actor/lib/hoc/test/auto/MultiInstanceComposite.xml
----------------- Instantiating /home/travis/build/icyphy/ptII/ptolemy/actor/lib/hoc/test/auto/MultiInstanceComposite.xml
29 ms. Memory: 331776K Free: 134447K (41%)
----------------- Invoking toplevel() on ptolemy.moml.MoMLSimpleApplication@735e0db7
----------------- Done invoking toplevel() on ptolemy.moml.MoMLSimpleApplication@735e0db7
reloadAllAccessors: .MultiInstanceComposite

===========================================================================================
----------------- testing Tue Jul 10 01:29:44 UTC 2018 /home/travis/build/icyphy/ptII/ptolemy/actor/lib/hoc/test/auto/MultiInstanceComposite2.xml
----------------- Instantiating /home/travis/build/icyphy/ptII/ptolemy/actor/lib/hoc/test/auto/MultiInstanceComposite2.xml
18 ms. Memory: 331776K Free: 121614K (37%)
----------------- Invoking toplevel() on ptolemy.moml.MoMLSimpleApplication@30f9c0ea
----------------- Done invoking toplevel() on ptolemy.moml.MoMLSimpleApplication@30f9c0ea
reloadAllAccessors: .MultiInstanceComposite2

===========================================================================================
----------------- testing Tue Jul 10 01:29:44 UTC 2018 /home/travis/build/icyphy/ptII/ptolemy/actor/lib/hoc/test/auto/MulticoreExecution.xml
----------------- Instantiating /home/travis/build/icyphy/ptII/ptolemy/actor/lib/hoc/test/auto/MulticoreExecution.xml
Fired ExecutionTime: 10000000
Fired ExecutionTime: 12400000
Fired ExecutionTime: 38800000
Fired ExecutionTime: 34800000
Fired ExecutionTime: 65600000
Fired ExecutionTime: 67600000
Fired ExecutionTime: 66800000
Fired ExecutionTime: 66800000
Fired ExecutionTime: 67200000
Fired ExecutionTime: 66400000
Fired ExecutionTime: 124000000
Fired ExecutionTime: 120000000
Fired ExecutionTime: 130000000
Fired ExecutionTime: 133600000
Fired ExecutionTime: 132800000
Fired ExecutionTime: 130800000
Fired ExecutionTime: 132800000
Fired ExecutionTime: 128800000
Fired ExecutionTime: 122000000
Fired ExecutionTime: 124400000
1023 ms. Memory: 331776K Free: 108946K (33%)
----------------- Invoking toplevel() on ptolemy.moml.MoMLSimpleApplication@eda6e46
----------------- Done invoking toplevel() on ptolemy.moml.MoMLSimpleApplication@eda6e46
reloadAllAccessors: .MulticoreExecution

===========================================================================================
----------------- testing Tue Jul 10 01:29:45 UTC 2018 /home/travis/build/icyphy/ptII/ptolemy/actor/lib/hoc/test/auto/ParallelExecution.xml
----------------- Instantiating /home/travis/build/icyphy/ptII/ptolemy/actor/lib/hoc/test/auto/ParallelExecution.xml
922 ms. Memory: 331776K Free: 99112K (30%)
----------------- Invoking toplevel() on ptolemy.moml.MoMLSimpleApplication@1914fe7c
----------------- Done invoking toplevel() on ptolemy.moml.MoMLSimpleApplication@1914fe7c
reloadAllAccessors: .ParallelExecution

===========================================================================================
----------------- testing Tue Jul 10 01:29:46 UTC 2018 /home/travis/build/icyphy/ptII/ptolemy/actor/lib/hoc/test/auto/RunCompositeActor.xml
----------------- Instantiating /home/travis/build/icyphy/ptII/ptolemy/actor/lib/hoc/test/auto/RunCompositeActor.xml
10 ms. Memory: 331776K Free: 90273K (27%)
----------------- Invoking toplevel() on ptolemy.moml.MoMLSimpleApplication@638d5cae
----------------- Done invoking toplevel() on ptolemy.moml.MoMLSimpleApplication@638d5cae
reloadAllAccessors: .RunCompositeActor

===========================================================================================
----------------- testing Tue Jul 10 01:29:46 UTC 2018 /home/travis/build/icyphy/ptII/ptolemy/actor/lib/hoc/test/auto/RunCompositeActor2.xml
----------------- Instantiating /home/travis/build/icyphy/ptII/ptolemy/actor/lib/hoc/test/auto/RunCompositeActor2.xml
11 ms. Memory: 331776K Free: 83358K (25%)
----------------- Invoking toplevel() on ptolemy.moml.MoMLSimpleApplication@6f65505c
----------------- Done invoking toplevel() on ptolemy.moml.MoMLSimpleApplication@6f65505c
reloadAllAccessors: .RunCompositeActor2

===========================================================================================
----------------- testing Tue Jul 10 01:29:46 UTC 2018 /home/travis/build/icyphy/ptII/ptolemy/actor/lib/hoc/test/auto/RunCompositeActor3.xml
----------------- Instantiating /home/travis/build/icyphy/ptII/ptolemy/actor/lib/hoc/test/auto/RunCompositeActor3.xml
5 ms. Memory: 332288K Free: 319789K (96%)
----------------- Invoking toplevel() on ptolemy.moml.MoMLSimpleApplication@612814af
----------------- Done invoking toplevel() on ptolemy.moml.MoMLSimpleApplication@612814af
reloadAllAccessors: .RunCompositeActor3

===========================================================================================
----------------- testing Tue Jul 10 01:29:46 UTC 2018 /home/travis/build/icyphy/ptII/ptolemy/actor/lib/hoc/test/auto/RunCompositeActor4.xml
----------------- Instantiating /home/travis/build/icyphy/ptII/ptolemy/actor/lib/hoc/test/auto/RunCompositeActor4.xml
11 ms. Memory: 332288K Free: 309121K (93%)
----------------- Invoking toplevel() on ptolemy.moml.MoMLSimpleApplication@3f3c9ca5
----------------- Done invoking toplevel() on ptolemy.moml.MoMLSimpleApplication@3f3c9ca5
reloadAllAccessors: .RunCompositeActor4

===========================================================================================
----------------- testing Tue Jul 10 01:29:46 UTC 2018 /home/travis/build/icyphy/ptII/ptolemy/actor/lib/hoc/test/auto/RunCompositeIterateOverArray.xml
----------------- Instantiating /home/travis/build/icyphy/ptII/ptolemy/actor/lib/hoc/test/auto/RunCompositeIterateOverArray.xml
7 ms. Memory: 332288K Free: 302350K (91%)
----------------- Invoking toplevel() on ptolemy.moml.MoMLSimpleApplication@11bde26f
----------------- Done invoking toplevel() on ptolemy.moml.MoMLSimpleApplication@11bde26f
reloadAllAccessors: .RunCompositeIterateOverArray

===========================================================================================
----------------- testing Tue Jul 10 01:29:46 UTC 2018 /home/travis/build/icyphy/ptII/ptolemy/actor/lib/hoc/test/auto/ThreadedJS.xml
----------------- Instantiating /home/travis/build/icyphy/ptII/ptolemy/actor/lib/hoc/test/auto/ThreadedJS.xml
1545 ms. Memory: 539648K Free: 168360K (31%)
----------------- Invoking toplevel() on ptolemy.moml.MoMLSimpleApplication@2e439adb
----------------- Done invoking toplevel() on ptolemy.moml.MoMLSimpleApplication@2e439adb
reloadAllAccessors: .ThreadedJS
AutoTests.java: About to close Vertx.
AutoTests.java: Vertx closed.
]]></system-out>
  <system-err><![CDATA[java.lang.RuntimeException: Execution failed
	at ptolemy.moml.MoMLSimpleApplication$UnloadThread.run(MoMLSimpleApplication.java:402)
Caused by: ptolemy.kernel.util.IllegalActionException: initialize() was called after wrapup() was called but preinitialize() was not called after wrapup().
	at ptolemy.actor.lib.hoc.test.PreinitializeMustBeInvoked.initialize(PreinitializeMustBeInvoked.java:78)
	at ptolemy.actor.Director.initialize(Director.java:938)
	at ptolemy.actor.Director.initialize(Director.java:907)
	at ptolemy.actor.sched.StaticSchedulingDirector.initialize(StaticSchedulingDirector.java:159)
	at ptolemy.domains.sdf.kernel.SDFDirector.initialize(SDFDirector.java:544)
	at ptolemy.actor.CompositeActor.initialize(CompositeActor.java:935)
	at ptolemy.actor.lib.hoc.LifeCycleManager._executeInsideModel(LifeCycleManager.java:339)
	at ptolemy.actor.lib.hoc.RunCompositeActor.fire(RunCompositeActor.java:205)
	at ptolemy.actor.CompositeActor.iterate(CompositeActor.java:1146)
	at ptolemy.actor.sched.StaticSchedulingDirector.fire(StaticSchedulingDirector.java:216)
	at ptolemy.domains.sdf.kernel.SDFDirector.fire(SDFDirector.java:500)
	at ptolemy.actor.CompositeActor.fire(CompositeActor.java:455)
	at ptolemy.actor.Manager.iterate(Manager.java:851)
	at ptolemy.actor.Manager.execute(Manager.java:369)
	at ptolemy.actor.Manager.run(Manager.java:1263)
	at ptolemy.actor.Manager$PtolemyRunThread.run(Manager.java:1915)
java.lang.reflect.InvocationTargetException
	at sun.reflect.NativeConstructorAccessorImpl.newInstance0(Native Method)
	at sun.reflect.NativeConstructorAccessorImpl.newInstance(NativeConstructorAccessorImpl.java:62)
	at sun.reflect.DelegatingConstructorAccessorImpl.newInstance(DelegatingConstructorAccessorImpl.java:45)
	at java.lang.reflect.Constructor.newInstance(Constructor.java:423)
	at ptolemy.util.test.junit.AutoKnownFailedTests.RunModel(AutoKnownFailedTests.java:107)
	at sun.reflect.NativeMethodAccessorImpl.invoke0(Native Method)
	at sun.reflect.NativeMethodAccessorImpl.invoke(NativeMethodAccessorImpl.java:62)
	at sun.reflect.DelegatingMethodAccessorImpl.invoke(DelegatingMethodAccessorImpl.java:43)
	at java.lang.reflect.Method.invoke(Method.java:498)
	at org.junit.runners.model.FrameworkMethod$1.runReflectiveCall(FrameworkMethod.java:44)
	at org.junit.internal.runners.model.ReflectiveCallable.run(ReflectiveCallable.java:15)
	at org.junit.runners.model.FrameworkMethod.invokeExplosively(FrameworkMethod.java:41)
	at junitparams.internal.InvokeParameterisedMethod.evaluate(InvokeParameterisedMethod.java:102)
	at org.junit.internal.runners.statements.FailOnTimeout$1.run(FailOnTimeout.java:28)
Caused by: ptolemy.kernel.util.IllegalActionException: initialize() was called after wrapup() was called but preinitialize() was not called after wrapup().
	at ptolemy.actor.lib.hoc.test.PreinitializeMustBeInvoked.initialize(PreinitializeMustBeInvoked.java:78)
	at ptolemy.actor.Director.initialize(Director.java:938)
	at ptolemy.actor.Director.initialize(Director.java:907)
	at ptolemy.actor.sched.StaticSchedulingDirector.initialize(StaticSchedulingDirector.java:159)
	at ptolemy.domains.sdf.kernel.SDFDirector.initialize(SDFDirector.java:544)
	at ptolemy.actor.CompositeActor.initialize(CompositeActor.java:935)
	at ptolemy.actor.lib.hoc.LifeCycleManager._executeInsideModel(LifeCycleManager.java:339)
	at ptolemy.actor.lib.hoc.RunCompositeActor.fire(RunCompositeActor.java:205)
	at ptolemy.actor.CompositeActor.iterate(CompositeActor.java:1146)
	at ptolemy.actor.sched.StaticSchedulingDirector.fire(StaticSchedulingDirector.java:216)
	at ptolemy.domains.sdf.kernel.SDFDirector.fire(SDFDirector.java:500)
	at ptolemy.actor.CompositeActor.fire(CompositeActor.java:455)
	at ptolemy.actor.Manager.iterate(Manager.java:851)
	at ptolemy.actor.Manager.execute(Manager.java:369)
	at ptolemy.actor.Manager.run(Manager.java:1263)
	at ptolemy.actor.Manager$PtolemyRunThread.run(Manager.java:1915)
]]></system-err>
</testsuite>
