<?xml version="1.0" encoding="UTF-8" ?>
<testsuite errors="0" failures="0" hostname="travis-job-06a945f0-d563-4415-9e64-8a96b3d2eadf" name="ptolemy.domains.de.test.junit.JUnitTclTest" skipped="0" tests="101" time="128.838" timestamp="2018-06-11T02:30:18">
  <properties>
[...]
</properties>
  <testcase classname="ptolemy.util.test.junit.TclTests" name="[0] /home/travis/build/icyphy/ptII/ptolemy/domains/de/test/DependencyLoop.tcl (RunTclFile)" time="0.727" />
  <testcase classname="ptolemy.util.test.junit.TclTests" name="[1] /home/travis/build/icyphy/ptII/ptolemy/domains/de/test/RunDETestsAsQSS.tcl (RunTclFile)" time="88.798" />
  <testcase classname="ptolemy.util.test.junit.AutoKnownFailedTests" name="[0] /home/travis/build/icyphy/ptII/ptolemy/domains/de/test/auto/knownFailedTests/DESDFClockTest.xml (RunModel)" time="2.025" />
  <testcase classname="ptolemy.util.test.junit.AutoKnownFailedTests" name="[1] /home/travis/build/icyphy/ptII/ptolemy/domains/de/test/auto/knownFailedTests/DirectFeedback.xml (RunModel)" time="0.007" />
  <testcase classname="ptolemy.util.test.junit.AutoKnownFailedTests" name="[2] /home/travis/build/icyphy/ptII/ptolemy/domains/de/test/auto/knownFailedTests/FSMSource.xml (RunModel)" time="0.012" />
  <testcase classname="ptolemy.util.test.junit.AutoKnownFailedTests" name="[3] /home/travis/build/icyphy/ptII/ptolemy/domains/de/test/auto/knownFailedTests/HierarchicalModel.xml (RunModel)" time="0.025" />
  <testcase classname="ptolemy.util.test.junit.AutoKnownFailedTests" name="[4] /home/travis/build/icyphy/ptII/ptolemy/domains/de/test/auto/knownFailedTests/dependencyLoop.xml (RunModel)" time="0.026" />
  <testcase classname="ptolemy.util.test.junit.AutoKnownFailedTests" name="[5] /home/travis/build/icyphy/ptII/ptolemy/domains/de/test/auto/knownFailedTests/dependencyLoop2.xml (RunModel)" time="0.025" />
  <testcase classname="ptolemy.util.test.junit.AutoNameArchTests" name="[0] ThereAreNoAutoArchTests (RunModel)" time="0.0" />
  <testcase classname="ptolemy.util.test.junit.AutoTests" name="[0] /home/travis/build/icyphy/ptII/ptolemy/domains/de/test/auto/ActorDepthCalculation_actorWithoutPorts.xml (RunModel)" time="0.009" />
  <testcase classname="ptolemy.util.test.junit.AutoTests" name="[1] /home/travis/build/icyphy/ptII/ptolemy/domains/de/test/auto/AssemblyLine.xml (RunModel)" time="0.011" />
  <testcase classname="ptolemy.util.test.junit.AutoTests" name="[2] /home/travis/build/icyphy/ptII/ptolemy/domains/de/test/auto/CQBug1.xml (RunModel)" time="0.009" />
  <testcase classname="ptolemy.util.test.junit.AutoTests" name="[3] /home/travis/build/icyphy/ptII/ptolemy/domains/de/test/auto/CancelFireAt.xml (RunModel)" time="0.003" />
  <testcase classname="ptolemy.util.test.junit.AutoTests" name="[4] /home/travis/build/icyphy/ptII/ptolemy/domains/de/test/auto/CausalityAndComposabilityAnalysis.xml (RunModel)" time="0.008" />
  <testcase classname="ptolemy.util.test.junit.AutoTests" name="[5] /home/travis/build/icyphy/ptII/ptolemy/domains/de/test/auto/CausalityInterface1.xml (RunModel)" time="0.009" />
  <testcase classname="ptolemy.util.test.junit.AutoTests" name="[6] /home/travis/build/icyphy/ptII/ptolemy/domains/de/test/auto/CausalityInterface15.xml (RunModel)" time="0.008" />
  <testcase classname="ptolemy.util.test.junit.AutoTests" name="[7] /home/travis/build/icyphy/ptII/ptolemy/domains/de/test/auto/CausalityInterface2.xml (RunModel)" time="0.008" />
  <testcase classname="ptolemy.util.test.junit.AutoTests" name="[8] /home/travis/build/icyphy/ptII/ptolemy/domains/de/test/auto/CausalityInterface3.xml (RunModel)" time="0.008" />
  <testcase classname="ptolemy.util.test.junit.AutoTests" name="[9] /home/travis/build/icyphy/ptII/ptolemy/domains/de/test/auto/ClockDrift.xml (RunModel)" time="0.026" />
  <testcase classname="ptolemy.util.test.junit.AutoTests" name="[10] /home/travis/build/icyphy/ptII/ptolemy/domains/de/test/auto/ClockDriftAndValueChange.xml (RunModel)" time="0.021" />
  <testcase classname="ptolemy.util.test.junit.AutoTests" name="[11] /home/travis/build/icyphy/ptII/ptolemy/domains/de/test/auto/ClockDriftChange.xml (RunModel)" time="0.019" />
  <testcase classname="ptolemy.util.test.junit.AutoTests" name="[12] /home/travis/build/icyphy/ptII/ptolemy/domains/de/test/auto/ComposableCausalityAnalysis.xml (RunModel)" time="0.012" />
  <testcase classname="ptolemy.util.test.junit.AutoTests" name="[13] /home/travis/build/icyphy/ptII/ptolemy/domains/de/test/auto/DEFixedPointLimitation.xml (RunModel)" time="0.007" />
  <testcase classname="ptolemy.util.test.junit.AutoTests" name="[14] /home/travis/build/icyphy/ptII/ptolemy/domains/de/test/auto/DEScheduleTest.xml (RunModel)" time="0.008" />
  <testcase classname="ptolemy.util.test.junit.AutoTests" name="[15] /home/travis/build/icyphy/ptII/ptolemy/domains/de/test/auto/DEinDEwithStartTimes.xml (RunModel)" time="0.009" />
  <testcase classname="ptolemy.util.test.junit.AutoTests" name="[16] /home/travis/build/icyphy/ptII/ptolemy/domains/de/test/auto/DEinDEwithStartTimes2.xml (RunModel)" time="0.009" />
  <testcase classname="ptolemy.util.test.junit.AutoTests" name="[17] /home/travis/build/icyphy/ptII/ptolemy/domains/de/test/auto/DateDemo.xml (RunModel)" time="0.018" />
  <testcase classname="ptolemy.util.test.junit.AutoTests" name="[18] /home/travis/build/icyphy/ptII/ptolemy/domains/de/test/auto/DateToEvent.xml (RunModel)" time="2.027" />
  <testcase classname="ptolemy.util.test.junit.AutoTests" name="[19] /home/travis/build/icyphy/ptII/ptolemy/domains/de/test/auto/DepthTest1.xml (RunModel)" time="0.005" />
  <testcase classname="ptolemy.util.test.junit.AutoTests" name="[20] /home/travis/build/icyphy/ptII/ptolemy/domains/de/test/auto/DepthTest2.xml (RunModel)" time="0.011" />
  <testcase classname="ptolemy.util.test.junit.AutoTests" name="[21] /home/travis/build/icyphy/ptII/ptolemy/domains/de/test/auto/DepthTest3.xml (RunModel)" time="0.004" />
  <testcase classname="ptolemy.util.test.junit.AutoTests" name="[22] /home/travis/build/icyphy/ptII/ptolemy/domains/de/test/auto/DepthTest4.xml (RunModel)" time="0.008" />
  <testcase classname="ptolemy.util.test.junit.AutoTests" name="[23] /home/travis/build/icyphy/ptII/ptolemy/domains/de/test/auto/DepthTest5.xml (RunModel)" time="0.009" />
  <testcase classname="ptolemy.util.test.junit.AutoTests" name="[24] /home/travis/build/icyphy/ptII/ptolemy/domains/de/test/auto/DepthTest6.xml (RunModel)" time="0.008" />
  <testcase classname="ptolemy.util.test.junit.AutoTests" name="[25] /home/travis/build/icyphy/ptII/ptolemy/domains/de/test/auto/DepthTest7.xml (RunModel)" time="0.007" />
  <testcase classname="ptolemy.util.test.junit.AutoTests" name="[26] /home/travis/build/icyphy/ptII/ptolemy/domains/de/test/auto/EventToDate.xml (RunModel)" time="3.022" />
  <testcase classname="ptolemy.util.test.junit.AutoTests" name="[27] /home/travis/build/icyphy/ptII/ptolemy/domains/de/test/auto/FSM1.xml (RunModel)" time="0.031" />
  <testcase classname="ptolemy.util.test.junit.AutoTests" name="[28] /home/travis/build/icyphy/ptII/ptolemy/domains/de/test/auto/FSM7.xml (RunModel)" time="0.022" />
  <testcase classname="ptolemy.util.test.junit.AutoTests" name="[29] /home/travis/build/icyphy/ptII/ptolemy/domains/de/test/auto/Inspection.xml (RunModel)" time="0.04" />
  <testcase classname="ptolemy.util.test.junit.AutoTests" name="[30] /home/travis/build/icyphy/ptII/ptolemy/domains/de/test/auto/Iteration.xml (RunModel)" time="0.016" />
  <testcase classname="ptolemy.util.test.junit.AutoTests" name="[31] /home/travis/build/icyphy/ptII/ptolemy/domains/de/test/auto/LineFault.xml (RunModel)" time="0.396" />
  <testcase classname="ptolemy.util.test.junit.AutoTests" name="[32] /home/travis/build/icyphy/ptII/ptolemy/domains/de/test/auto/MergeModel1Add.xml (RunModel)" time="0.029" />
  <testcase classname="ptolemy.util.test.junit.AutoTests" name="[33] /home/travis/build/icyphy/ptII/ptolemy/domains/de/test/auto/MergeModel2Add.xml (RunModel)" time="0.023" />
  <testcase classname="ptolemy.util.test.junit.AutoTests" name="[34] /home/travis/build/icyphy/ptII/ptolemy/domains/de/test/auto/MergeModel3Add.xml (RunModel)" time="0.023" />
  <testcase classname="ptolemy.util.test.junit.AutoTests" name="[35] /home/travis/build/icyphy/ptII/ptolemy/domains/de/test/auto/MergeWithoutDiscard.xml (RunModel)" time="0.005" />
  <testcase classname="ptolemy.util.test.junit.AutoTests" name="[36] /home/travis/build/icyphy/ptII/ptolemy/domains/de/test/auto/Modal1.xml (RunModel)" time="0.018" />
  <testcase classname="ptolemy.util.test.junit.AutoTests" name="[37] /home/travis/build/icyphy/ptII/ptolemy/domains/de/test/auto/Modal2.xml (RunModel)" time="0.017" />
  <testcase classname="ptolemy.util.test.junit.AutoTests" name="[38] /home/travis/build/icyphy/ptII/ptolemy/domains/de/test/auto/Modal3.xml (RunModel)" time="0.022" />
  <testcase classname="ptolemy.util.test.junit.AutoTests" name="[39] /home/travis/build/icyphy/ptII/ptolemy/domains/de/test/auto/Modal4.xml (RunModel)" time="0.021" />
  <testcase classname="ptolemy.util.test.junit.AutoTests" name="[40] /home/travis/build/icyphy/ptII/ptolemy/domains/de/test/auto/Modal5.xml (RunModel)" time="0.019" />
  <testcase classname="ptolemy.util.test.junit.AutoTests" name="[41] /home/travis/build/icyphy/ptII/ptolemy/domains/de/test/auto/Modal6.xml (RunModel)" time="0.018" />
  <testcase classname="ptolemy.util.test.junit.AutoTests" name="[42] /home/travis/build/icyphy/ptII/ptolemy/domains/de/test/auto/Modal7.xml (RunModel)" time="0.02" />
  <testcase classname="ptolemy.util.test.junit.AutoTests" name="[43] /home/travis/build/icyphy/ptII/ptolemy/domains/de/test/auto/ModalModel.xml (RunModel)" time="0.128" />
  <testcase classname="ptolemy.util.test.junit.AutoTests" name="[44] /home/travis/build/icyphy/ptII/ptolemy/domains/de/test/auto/ModalSource.xml (RunModel)" time="0.014" />
  <testcase classname="ptolemy.util.test.junit.AutoTests" name="[45] /home/travis/build/icyphy/ptII/ptolemy/domains/de/test/auto/NonInterruptibleTimerZeroDelay.xml (RunModel)" time="0.009" />
  <testcase classname="ptolemy.util.test.junit.AutoTests" name="[46] /home/travis/build/icyphy/ptII/ptolemy/domains/de/test/auto/OpenQueueingNetwork.xml (RunModel)" time="2.125" />
  <testcase classname="ptolemy.util.test.junit.AutoTests" name="[47] /home/travis/build/icyphy/ptII/ptolemy/domains/de/test/auto/OpenQueuingNetwork.xml (RunModel)" time="0.321" />
  <testcase classname="ptolemy.util.test.junit.AutoTests" name="[48] /home/travis/build/icyphy/ptII/ptolemy/domains/de/test/auto/PeriodicSampler.xml (RunModel)" time="0.008" />
  <testcase classname="ptolemy.util.test.junit.AutoTests" name="[49] /home/travis/build/icyphy/ptII/ptolemy/domains/de/test/auto/PersistentIO.xml (RunModel)" time="0.02" />
  <testcase classname="ptolemy.util.test.junit.AutoTests" name="[50] /home/travis/build/icyphy/ptII/ptolemy/domains/de/test/auto/PortParameterResetOnInitialize.xml (RunModel)" time="0.012" />
  <testcase classname="ptolemy.util.test.junit.AutoTests" name="[51] /home/travis/build/icyphy/ptII/ptolemy/domains/de/test/auto/PortParameterUpdates.xml (RunModel)" time="0.015" />
  <testcase classname="ptolemy.util.test.junit.AutoTests" name="[52] /home/travis/build/icyphy/ptII/ptolemy/domains/de/test/auto/QueueAndServer.xml (RunModel)" time="0.021" />
  <testcase classname="ptolemy.util.test.junit.AutoTests" name="[53] /home/travis/build/icyphy/ptII/ptolemy/domains/de/test/auto/Records.xml (RunModel)" time="0.019" />
  <testcase classname="ptolemy.util.test.junit.AutoTests" name="[54] /home/travis/build/icyphy/ptII/ptolemy/domains/de/test/auto/ResetTransitionWithStartTime1.xml (RunModel)" time="0.021" />
  <testcase classname="ptolemy.util.test.junit.AutoTests" name="[55] /home/travis/build/icyphy/ptII/ptolemy/domains/de/test/auto/ResetTransitionWithStartTime2.xml (RunModel)" time="0.023" />
  <testcase classname="ptolemy.util.test.junit.AutoTests" name="[56] /home/travis/build/icyphy/ptII/ptolemy/domains/de/test/auto/ResetTransitionWithStartTime3.xml (RunModel)" time="0.021" />
  <testcase classname="ptolemy.util.test.junit.AutoTests" name="[57] /home/travis/build/icyphy/ptII/ptolemy/domains/de/test/auto/ResetTransitionWithStartTime4.xml (RunModel)" time="0.017" />
  <testcase classname="ptolemy.util.test.junit.AutoTests" name="[58] /home/travis/build/icyphy/ptII/ptolemy/domains/de/test/auto/ResettableTimer1.xml (RunModel)" time="0.01" />
  <testcase classname="ptolemy.util.test.junit.AutoTests" name="[59] /home/travis/build/icyphy/ptII/ptolemy/domains/de/test/auto/ResettableTimer2.xml (RunModel)" time="0.01" />
  <testcase classname="ptolemy.util.test.junit.AutoTests" name="[60] /home/travis/build/icyphy/ptII/ptolemy/domains/de/test/auto/ResettableTimer3.xml (RunModel)" time="0.009" />
  <testcase classname="ptolemy.util.test.junit.AutoTests" name="[61] /home/travis/build/icyphy/ptII/ptolemy/domains/de/test/auto/ResettableTimer4.xml (RunModel)" time="0.008" />
  <testcase classname="ptolemy.util.test.junit.AutoTests" name="[62] /home/travis/build/icyphy/ptII/ptolemy/domains/de/test/auto/ResettableTimer5.xml (RunModel)" time="0.009" />
  <testcase classname="ptolemy.util.test.junit.AutoTests" name="[63] /home/travis/build/icyphy/ptII/ptolemy/domains/de/test/auto/ResettableTimer6.xml (RunModel)" time="0.01" />
  <testcase classname="ptolemy.util.test.junit.AutoTests" name="[64] /home/travis/build/icyphy/ptII/ptolemy/domains/de/test/auto/ServerZeroDelay.xml (RunModel)" time="0.01" />
  <testcase classname="ptolemy.util.test.junit.AutoTests" name="[65] /home/travis/build/icyphy/ptII/ptolemy/domains/de/test/auto/SmartSender.xml (RunModel)" time="3.01" />
  <testcase classname="ptolemy.util.test.junit.AutoTests" name="[66] /home/travis/build/icyphy/ptII/ptolemy/domains/de/test/auto/ThreadedComposite.xml (RunModel)" time="0.224" />
  <testcase classname="ptolemy.util.test.junit.AutoTests" name="[67] /home/travis/build/icyphy/ptII/ptolemy/domains/de/test/auto/Time.xml (RunModel)" time="0.482" />
  <testcase classname="ptolemy.util.test.junit.AutoTests" name="[68] /home/travis/build/icyphy/ptII/ptolemy/domains/de/test/auto/TimeDelayZeroDelay.xml (RunModel)" time="0.011" />
  <testcase classname="ptolemy.util.test.junit.AutoTests" name="[69] /home/travis/build/icyphy/ptII/ptolemy/domains/de/test/auto/TimerZeroDelay.xml (RunModel)" time="0.009" />
  <testcase classname="ptolemy.util.test.junit.AutoTests" name="[70] /home/travis/build/icyphy/ptII/ptolemy/domains/de/test/auto/TimingParadox.xml (RunModel)" time="0.381" />
  <testcase classname="ptolemy.util.test.junit.AutoTests" name="[71] /home/travis/build/icyphy/ptII/ptolemy/domains/de/test/auto/TransferInputs.xml (RunModel)" time="0.015" />
  <testcase classname="ptolemy.util.test.junit.AutoTests" name="[72] /home/travis/build/icyphy/ptII/ptolemy/domains/de/test/auto/TransferOutputs2.xml (RunModel)" time="0.022" />
  <testcase classname="ptolemy.util.test.junit.AutoTests" name="[73] /home/travis/build/icyphy/ptII/ptolemy/domains/de/test/auto/Trilateration.xml (RunModel)" time="11.498" />
  <testcase classname="ptolemy.util.test.junit.AutoTests" name="[74] /home/travis/build/icyphy/ptII/ptolemy/domains/de/test/auto/TwoSigmaDelta.xml (RunModel)" time="2.182" />
  <testcase classname="ptolemy.util.test.junit.AutoTests" name="[75] /home/travis/build/icyphy/ptII/ptolemy/domains/de/test/auto/VariableDelay.xml (RunModel)" time="0.016" />
  <testcase classname="ptolemy.util.test.junit.AutoTests" name="[76] /home/travis/build/icyphy/ptII/ptolemy/domains/de/test/auto/VariableDelay2.xml (RunModel)" time="0.018" />
  <testcase classname="ptolemy.util.test.junit.AutoTests" name="[77] /home/travis/build/icyphy/ptII/ptolemy/domains/de/test/auto/VariableDelayZeroDelay.xml (RunModel)" time="0.017" />
  <testcase classname="ptolemy.util.test.junit.AutoTests" name="[78] /home/travis/build/icyphy/ptII/ptolemy/domains/de/test/auto/VariableDelayZeroDelay2.xml (RunModel)" time="0.017" />
  <testcase classname="ptolemy.util.test.junit.AutoTests" name="[79] /home/travis/build/icyphy/ptII/ptolemy/domains/de/test/auto/deInCt.xml (RunModel)" time="0.016" />
  <testcase classname="ptolemy.util.test.junit.AutoTests" name="[80] /home/travis/build/icyphy/ptII/ptolemy/domains/de/test/auto/deInCt2.xml (RunModel)" time="0.015" />
  <testcase classname="ptolemy.util.test.junit.AutoTests" name="[81] /home/travis/build/icyphy/ptII/ptolemy/domains/de/test/auto/dynamicCausalityInterface1.xml (RunModel)" time="0.02" />
  <testcase classname="ptolemy.util.test.junit.AutoTests" name="[82] /home/travis/build/icyphy/ptII/ptolemy/domains/de/test/auto/fsm_de_test.xml (RunModel)" time="0.025" />
  <testcase classname="ptolemy.util.test.junit.AutoTests" name="[83] /home/travis/build/icyphy/ptII/ptolemy/domains/de/test/auto/functionDependencyReconstruction.xml (RunModel)" time="0.032" />
  <testcase classname="ptolemy.util.test.junit.AutoTests" name="[84] /home/travis/build/icyphy/ptII/ptolemy/domains/de/test/auto/multirate.xml (RunModel)" time="0.017" />
  <testcase classname="ptolemy.util.test.junit.AutoTests" name="[85] /home/travis/build/icyphy/ptII/ptolemy/domains/de/test/auto/multirate2.xml (RunModel)" time="0.018" />
  <testcase classname="ptolemy.util.test.junit.AutoTests" name="[86] /home/travis/build/icyphy/ptII/ptolemy/domains/de/test/auto/realtime.xml (RunModel)" time="10.011" />
  <testcase classname="ptolemy.util.test.junit.AutoTests" name="[87] /home/travis/build/icyphy/ptII/ptolemy/domains/de/test/auto/relationGroup.xml (RunModel)" time="0.013" />
  <testcase classname="ptolemy.util.test.junit.AutoTests" name="[88] /home/travis/build/icyphy/ptII/ptolemy/domains/de/test/auto/relationGroup2.xml (RunModel)" time="0.006" />
  <testcase classname="ptolemy.util.test.junit.AutoTests" name="[89] /home/travis/build/icyphy/ptII/ptolemy/domains/de/test/auto/sortWithOpaquePorts.xml (RunModel)" time="0.008" />
  <testcase classname="ptolemy.util.test.junit.AutoTests" name="[90] /home/travis/build/icyphy/ptII/ptolemy/domains/de/test/auto/transferInputsandOutputs.xml (RunModel)" time="0.015" />
  <testcase classname="ptolemy.util.test.junit.AutoTests" name="[91] /home/travis/build/icyphy/ptII/ptolemy/domains/de/test/auto/triggerType.xml (RunModel)" time="0.006" />
  <system-out><![CDATA[/home/travis/build/icyphy/ptII/ptolemy/domains/de/test/DependencyLoop.tcl
testDefs.tcl: setting time out to 9000 seconds at Mon Jun 11 02:30:18 UTC 2018
14 ms. Memory: 116224K Free: 95084K (82%)
6 ms. Memory: 146944K Free: 137442K (94%)
/home/travis/build/icyphy/ptII/ptolemy/domains/de/test/RunDETestsAsQSS.tcl
Run the DE tests using ptolemy.domains.qss.test.QSSDirectorTest, which extends QSSDirector and prints a message in the constructors.
------------------ testing $PTII/ptolemy/domains/de/test/auto/knownFailedTests/dependencyLoop.xml (Known Failure) 
12 ms. Memory: 146944K Free: 133165K (91%)


==== $PTIIhome/travis/build/icyphy/ptII/ptolemy/domains/de/test/../../../../: Auto Automatic test in file $PTII/ptolemy/domains/de/test/auto/knownFailedTests/dependencyLoop.xml
==== Contents of test case:

	    # FIXME: we should use $relativeFilename here, but it
	    # might have backslashes under Windows, which causes no end
	    # of trouble.
	    createAndExecute $file
	    list {}
	
.... Test generated KNOWN error:
    while executing
ptolemy.kernel.util.IllegalActionException: Found a zero delay loop containing .dependencyLoop.original
  in .dependencyLoop and .dependencyLoop.original
	at ptolemy.actor.util.CausalityInterfaceForComposites._computeOutputPortDepth(CausalityInterfaceForComposites.java:759)
	at ptolemy.actor.util.CausalityInterfaceForComposites._computeInputDepth(CausalityInterfaceForComposites.java:696)
	at ptolemy.actor.util.CausalityInterfaceForComposites._computeOutputPortDepth(CausalityInterfaceForComposites.java:765)
	at ptolemy.actor.util.CausalityInterfaceForComposites._computeInputDepth(CausalityInterfaceForComposites.java:696)
	at ptolemy.actor.util.CausalityInterfaceForComposites._computeOutputPortDepth(CausalityInterfaceForComposites.java:765)
	at ptolemy.actor.util.CausalityInterfaceForComposites._computeInputDepth(CausalityInterfaceForComposites.java:696)
	at ptolemy.actor.util.CausalityInterfaceForComposites._computeActorDepth(CausalityInterfaceForComposites.java:532)
	at ptolemy.actor.util.CausalityInterfaceForComposites.checkForCycles(CausalityInterfaceForComposites.java:96)
	at ptolemy.domains.de.kernel.DEDirector.preinitialize(DEDirector.java:1338)
	at ptolemy.actor.CompositeActor.preinitialize(CompositeActor.java:1828)
	at ptolemy.actor.Manager.preinitializeAndResolveTypes(Manager.java:1040)
	at ptolemy.actor.Manager.initialize(Manager.java:710)
	at ptolemy.actor.Manager.execute(Manager.java:356)
	at ptolemy.actor.Manager.run(Manager.java:1263)
	at ptolemy.actor.Manager$PtolemyRunThread.run(Manager.java:1915)

    while executing
ptolemy.kernel.util.IllegalActionException: Found a zero delay loop containing .dependencyLoop.original
  in .dependencyLoop and .dependencyLoop.original
    while executing
"java::new ptolemy.moml.MoMLSimpleApplication $file
"
    (procedure "createAndExecute" line 2)
    invoked from within
"createAndExecute $file"
    ("uplevel" body line 5)
    invoked from within
"uplevel $contents_of_test"
------------------ testing $PTII/ptolemy/domains/de/test/auto/knownFailedTests/DESDFClockTest.xml (Known Failure) 
2064 ms. Memory: 146944K Free: 117689K (80%)


==== $PTIIhome/travis/build/icyphy/ptII/ptolemy/domains/de/test/../../../../: Auto Automatic test in file $PTII/ptolemy/domains/de/test/auto/knownFailedTests/DESDFClockTest.xml
==== Contents of test case:

	    # FIXME: we should use $relativeFilename here, but it
	    # might have backslashes under Windows, which causes no end
	    # of trouble.
	    createAndExecute $file
	    list {}
	
.... Test generated KNOWN error:
    while executing
ptolemy.kernel.util.IllegalActionException: Actor is not ready to fire.  Perhaps UpSample.prefire() returned false? Try debugging the actor by selecting "Listen to Actor".  Also, for SDF check moml for tokenConsumptionRate on input.
  in .DESDFClockTest.Play Bell.Copy1:SDF Director and .DESDFClockTest.Play Bell.UpSample
	at ptolemy.actor.sched.StaticSchedulingDirector.fire(StaticSchedulingDirector.java:227)
	at ptolemy.domains.sdf.kernel.SDFDirector.fire(SDFDirector.java:500)
	at ptolemy.actor.CompositeActor.fire(CompositeActor.java:455)
	at ptolemy.domains.de.kernel.DEDirector._fire(DEDirector.java:1949)
	at ptolemy.domains.de.kernel.DEDirector.fire(DEDirector.java:502)
	at ptolemy.actor.CompositeActor.fire(CompositeActor.java:455)
	at ptolemy.actor.Manager.iterate(Manager.java:851)
	at ptolemy.actor.Manager.execute(Manager.java:369)
	at ptolemy.actor.Manager.run(Manager.java:1263)
	at ptolemy.actor.Manager$PtolemyRunThread.run(Manager.java:1915)

    while executing
ptolemy.kernel.util.IllegalActionException: Actor is not ready to fire.  Perhaps UpSample.prefire() returned false? Try debugging the actor by selecting "Listen to Actor".  Also, for SDF check moml for tokenConsumptionRate on input.
  in .DESDFClockTest.Play Bell.Copy1:SDF Director and .DESDFClockTest.Play Bell.UpSample
    while executing
"java::new ptolemy.moml.MoMLSimpleApplication $file
"
    (procedure "createAndExecute" line 2)
    invoked from within
"createAndExecute $file"
    ("uplevel" body line 5)
    invoked from within
"uplevel $contents_of_test"
------------------ testing $PTII/ptolemy/domains/de/test/auto/knownFailedTests/FSMSource.xml (Known Failure) 
39 ms. Memory: 146944K Free: 108149K (74%)
!!!! Auto was marked as failing, but now passes
------------------ testing $PTII/ptolemy/domains/de/test/auto/knownFailedTests/dependencyLoop2.xml (Known Failure) 
7 ms. Memory: 146944K Free: 106290K (72%)


==== $PTIIhome/travis/build/icyphy/ptII/ptolemy/domains/de/test/../../../../: Auto Automatic test in file $PTII/ptolemy/domains/de/test/auto/knownFailedTests/dependencyLoop2.xml
==== Contents of test case:

	    # FIXME: we should use $relativeFilename here, but it
	    # might have backslashes under Windows, which causes no end
	    # of trouble.
	    createAndExecute $file
	    list {}
	
.... Test generated KNOWN error:
    while executing
ptolemy.kernel.util.IllegalActionException: Found a zero delay loop containing .dependencyLoop2.original
  in .dependencyLoop2 and .dependencyLoop2.original
	at ptolemy.actor.util.CausalityInterfaceForComposites._computeOutputPortDepth(CausalityInterfaceForComposites.java:759)
	at ptolemy.actor.util.CausalityInterfaceForComposites._computeInputDepth(CausalityInterfaceForComposites.java:696)
	at ptolemy.actor.util.CausalityInterfaceForComposites._computeOutputPortDepth(CausalityInterfaceForComposites.java:765)
	at ptolemy.actor.util.CausalityInterfaceForComposites._computeInputDepth(CausalityInterfaceForComposites.java:696)
	at ptolemy.actor.util.CausalityInterfaceForComposites._computeOutputPortDepth(CausalityInterfaceForComposites.java:765)
	at ptolemy.actor.util.CausalityInterfaceForComposites._computeInputDepth(CausalityInterfaceForComposites.java:696)
	at ptolemy.actor.util.CausalityInterfaceForComposites._computeActorDepth(CausalityInterfaceForComposites.java:532)
	at ptolemy.actor.util.CausalityInterfaceForComposites.checkForCycles(CausalityInterfaceForComposites.java:96)
	at ptolemy.domains.de.kernel.DEDirector.preinitialize(DEDirector.java:1338)
	at ptolemy.actor.CompositeActor.preinitialize(CompositeActor.java:1828)
	at ptolemy.actor.Manager.preinitializeAndResolveTypes(Manager.java:1040)
	at ptolemy.actor.Manager.initialize(Manager.java:710)
	at ptolemy.actor.Manager.execute(Manager.java:356)
	at ptolemy.actor.Manager.run(Manager.java:1263)
	at ptolemy.actor.Manager$PtolemyRunThread.run(Manager.java:1915)

    while executing
ptolemy.kernel.util.IllegalActionException: Found a zero delay loop containing .dependencyLoop2.original
  in .dependencyLoop2 and .dependencyLoop2.original
    while executing
"java::new ptolemy.moml.MoMLSimpleApplication $file
"
    (procedure "createAndExecute" line 2)
    invoked from within
"createAndExecute $file"
    ("uplevel" body line 5)
    invoked from within
"uplevel $contents_of_test"
------------------ testing $PTII/ptolemy/domains/de/test/auto/knownFailedTests/HierarchicalModel.xml (Known Failure) 
6 ms. Memory: 146944K Free: 85729K (58%)


==== $PTIIhome/travis/build/icyphy/ptII/ptolemy/domains/de/test/../../../../: Auto Automatic test in file $PTII/ptolemy/domains/de/test/auto/knownFailedTests/HierarchicalModel.xml
==== Contents of test case:

	    # FIXME: we should use $relativeFilename here, but it
	    # might have backslashes under Windows, which causes no end
	    # of trouble.
	    createAndExecute $file
	    list {}
	
.... Test generated KNOWN error:
    while executing
ptolemy.kernel.util.IllegalActionException: Found a zero delay loop containing .HierarchicalModel.A
  in .HierarchicalModel and .HierarchicalModel.A
	at ptolemy.actor.util.CausalityInterfaceForComposites._computeOutputPortDepth(CausalityInterfaceForComposites.java:759)
	at ptolemy.actor.util.CausalityInterfaceForComposites._computeInputDepth(CausalityInterfaceForComposites.java:696)
	at ptolemy.actor.util.CausalityInterfaceForComposites._computeOutputPortDepth(CausalityInterfaceForComposites.java:765)
	at ptolemy.actor.util.CausalityInterfaceForComposites._computeInputDepth(CausalityInterfaceForComposites.java:696)
	at ptolemy.actor.util.CausalityInterfaceForComposites._computeOutputPortDepth(CausalityInterfaceForComposites.java:765)
	at ptolemy.actor.util.CausalityInterfaceForComposites._computeInputDepth(CausalityInterfaceForComposites.java:696)
	at ptolemy.actor.util.CausalityInterfaceForComposites._computeActorDepth(CausalityInterfaceForComposites.java:532)
	at ptolemy.actor.util.CausalityInterfaceForComposites.checkForCycles(CausalityInterfaceForComposites.java:96)
	at ptolemy.domains.de.kernel.DEDirector.preinitialize(DEDirector.java:1338)
	at ptolemy.actor.CompositeActor.preinitialize(CompositeActor.java:1828)
	at ptolemy.actor.Manager.preinitializeAndResolveTypes(Manager.java:1040)
	at ptolemy.actor.Manager.initialize(Manager.java:710)
	at ptolemy.actor.Manager.execute(Manager.java:356)
	at ptolemy.actor.Manager.run(Manager.java:1263)
	at ptolemy.actor.Manager$PtolemyRunThread.run(Manager.java:1915)

    while executing
ptolemy.kernel.util.IllegalActionException: Found a zero delay loop containing .HierarchicalModel.A
  in .HierarchicalModel and .HierarchicalModel.A
    while executing
"java::new ptolemy.moml.MoMLSimpleApplication $file
"
    (procedure "createAndExecute" line 2)
    invoked from within
"createAndExecute $file"
    ("uplevel" body line 5)
    invoked from within
"uplevel $contents_of_test"
------------------ testing $PTII/ptolemy/domains/de/test/auto/knownFailedTests/DirectFeedback.xml (Known Failure) 
3 ms. Memory: 146944K Free: 141126K (96%)


==== $PTIIhome/travis/build/icyphy/ptII/ptolemy/domains/de/test/../../../../: Auto Automatic test in file $PTII/ptolemy/domains/de/test/auto/knownFailedTests/DirectFeedback.xml
==== Contents of test case:

	    # FIXME: we should use $relativeFilename here, but it
	    # might have backslashes under Windows, which causes no end
	    # of trouble.
	    createAndExecute $file
	    list {}
	
.... Test generated KNOWN error:
    while executing
ptolemy.kernel.util.IllegalActionException: Test fails in iteration 1.
Value was: 1.0. Should have been: 2.0
  in .DirectFeedback.Test
	at ptolemy.actor.lib.Test.fire(Test.java:268)
	at ptolemy.domains.de.kernel.DEDirector._fire(DEDirector.java:1949)
	at ptolemy.domains.de.kernel.DEDirector.fire(DEDirector.java:502)
	at ptolemy.actor.CompositeActor.fire(CompositeActor.java:455)
	at ptolemy.actor.Manager.iterate(Manager.java:851)
	at ptolemy.actor.Manager.execute(Manager.java:369)
	at ptolemy.actor.Manager.run(Manager.java:1263)
	at ptolemy.actor.Manager$PtolemyRunThread.run(Manager.java:1915)

    while executing
ptolemy.kernel.util.IllegalActionException: Test fails in iteration 1.
Value was: 1.0. Should have been: 2.0
  in .DirectFeedback.Test
    while executing
"java::new ptolemy.moml.MoMLSimpleApplication $file
"
    (procedure "createAndExecute" line 2)
    invoked from within
"createAndExecute $file"
    ("uplevel" body line 5)
    invoked from within
"uplevel $contents_of_test"
------------------ testing $PTII/ptolemy/domains/de/test/auto/ActorDepthCalculation_actorWithoutPorts.xml
auto.tcl: Setting watchdog for 200 seconds at Mon Jun 11 02:30:21 UTC 2018
8 ms. Memory: 146944K Free: 133444K (91%)
ptolemy.util.test.WatchDog.cancel(): canceling Mon Jun 11 02:30:21 UTC 2018
auto.tcl: Setting watchdog for 200 seconds at Mon Jun 11 02:30:21 UTC 2018
4 ms. Memory: 146944K Free: 132401K (90%)
ptolemy.util.test.WatchDog.cancel(): canceling Mon Jun 11 02:30:21 UTC 2018
------------------ testing $PTII/ptolemy/domains/de/test/auto/AssemblyLine.xml
auto.tcl: Setting watchdog for 200 seconds at Mon Jun 11 02:30:21 UTC 2018
13 ms. Memory: 208384K Free: 182833K (88%)
ptolemy.util.test.WatchDog.cancel(): canceling Mon Jun 11 02:30:21 UTC 2018
auto.tcl: Setting watchdog for 200 seconds at Mon Jun 11 02:30:21 UTC 2018
8 ms. Memory: 208384K Free: 182833K (88%)
ptolemy.util.test.WatchDog.cancel(): canceling Mon Jun 11 02:30:22 UTC 2018
------------------ testing $PTII/ptolemy/domains/de/test/auto/CQBug1.xml
auto.tcl: Setting watchdog for 200 seconds at Mon Jun 11 02:30:22 UTC 2018
20 ms. Memory: 208384K Free: 197711K (95%)
ptolemy.util.test.WatchDog.cancel(): canceling Mon Jun 11 02:30:22 UTC 2018
auto.tcl: Setting watchdog for 200 seconds at Mon Jun 11 02:30:22 UTC 2018
2 ms. Memory: 208384K Free: 197711K (95%)
ptolemy.util.test.WatchDog.cancel(): canceling Mon Jun 11 02:30:22 UTC 2018
------------------ testing $PTII/ptolemy/domains/de/test/auto/CancelFireAt.xml
auto.tcl: Setting watchdog for 200 seconds at Mon Jun 11 02:30:22 UTC 2018
4 ms. Memory: 208384K Free: 201435K (97%)
ptolemy.util.test.WatchDog.cancel(): canceling Mon Jun 11 02:30:22 UTC 2018
auto.tcl: Setting watchdog for 200 seconds at Mon Jun 11 02:30:22 UTC 2018
3 ms. Memory: 208384K Free: 199332K (96%)
ptolemy.util.test.WatchDog.cancel(): canceling Mon Jun 11 02:30:22 UTC 2018
------------------ testing $PTII/ptolemy/domains/de/test/auto/CausalityAndComposabilityAnalysis.xml
auto.tcl: Setting watchdog for 200 seconds at Mon Jun 11 02:30:22 UTC 2018
13 ms. Memory: 208384K Free: 196489K (94%)
ptolemy.util.test.WatchDog.cancel(): canceling Mon Jun 11 02:30:22 UTC 2018
auto.tcl: Setting watchdog for 200 seconds at Mon Jun 11 02:30:22 UTC 2018
6 ms. Memory: 208384K Free: 196489K (94%)
ptolemy.util.test.WatchDog.cancel(): canceling Mon Jun 11 02:30:22 UTC 2018
------------------ testing $PTII/ptolemy/domains/de/test/auto/CausalityInterface1.xml
auto.tcl: Setting watchdog for 200 seconds at Mon Jun 11 02:30:22 UTC 2018
16 ms. Memory: 208384K Free: 196427K (94%)
ptolemy.util.test.WatchDog.cancel(): canceling Mon Jun 11 02:30:22 UTC 2018
auto.tcl: Setting watchdog for 200 seconds at Mon Jun 11 02:30:22 UTC 2018
4 ms. Memory: 208384K Free: 196427K (94%)
ptolemy.util.test.WatchDog.cancel(): canceling Mon Jun 11 02:30:22 UTC 2018
------------------ testing $PTII/ptolemy/domains/de/test/auto/CausalityInterface15.xml
auto.tcl: Setting watchdog for 200 seconds at Mon Jun 11 02:30:22 UTC 2018
17 ms. Memory: 208384K Free: 196418K (94%)
ptolemy.util.test.WatchDog.cancel(): canceling Mon Jun 11 02:30:22 UTC 2018
auto.tcl: Setting watchdog for 200 seconds at Mon Jun 11 02:30:22 UTC 2018
10 ms. Memory: 208384K Free: 196418K (94%)
ptolemy.util.test.WatchDog.cancel(): canceling Mon Jun 11 02:30:22 UTC 2018
------------------ testing $PTII/ptolemy/domains/de/test/auto/CausalityInterface2.xml
auto.tcl: Setting watchdog for 200 seconds at Mon Jun 11 02:30:22 UTC 2018
8 ms. Memory: 208384K Free: 196401K (94%)
ptolemy.util.test.WatchDog.cancel(): canceling Mon Jun 11 02:30:22 UTC 2018
auto.tcl: Setting watchdog for 200 seconds at Mon Jun 11 02:30:22 UTC 2018
3 ms. Memory: 208384K Free: 196401K (94%)
ptolemy.util.test.WatchDog.cancel(): canceling Mon Jun 11 02:30:22 UTC 2018
------------------ testing $PTII/ptolemy/domains/de/test/auto/CausalityInterface3.xml
auto.tcl: Setting watchdog for 200 seconds at Mon Jun 11 02:30:22 UTC 2018
6 ms. Memory: 208384K Free: 196413K (94%)
ptolemy.util.test.WatchDog.cancel(): canceling Mon Jun 11 02:30:22 UTC 2018
auto.tcl: Setting watchdog for 200 seconds at Mon Jun 11 02:30:22 UTC 2018
7 ms. Memory: 208384K Free: 196413K (94%)
ptolemy.util.test.WatchDog.cancel(): canceling Mon Jun 11 02:30:22 UTC 2018
------------------ testing $PTII/ptolemy/domains/de/test/auto/ClockDrift.xml
auto.tcl: Setting watchdog for 200 seconds at Mon Jun 11 02:30:22 UTC 2018
98 ms. Memory: 208384K Free: 187635K (90%)
ptolemy.util.test.WatchDog.cancel(): canceling Mon Jun 11 02:30:22 UTC 2018
auto.tcl: Setting watchdog for 200 seconds at Mon Jun 11 02:30:22 UTC 2018
78 ms. Memory: 208384K Free: 185532K (89%)
ptolemy.util.test.WatchDog.cancel(): canceling Mon Jun 11 02:30:23 UTC 2018
------------------ testing $PTII/ptolemy/domains/de/test/auto/ClockDriftAndValueChange.xml
auto.tcl: Setting watchdog for 200 seconds at Mon Jun 11 02:30:23 UTC 2018
33 ms. Memory: 208384K Free: 187469K (90%)
ptolemy.util.test.WatchDog.cancel(): canceling Mon Jun 11 02:30:23 UTC 2018
auto.tcl: Setting watchdog for 200 seconds at Mon Jun 11 02:30:23 UTC 2018
39 ms. Memory: 208384K Free: 185365K (89%)
ptolemy.util.test.WatchDog.cancel(): canceling Mon Jun 11 02:30:23 UTC 2018
------------------ testing $PTII/ptolemy/domains/de/test/auto/ClockDriftChange.xml
auto.tcl: Setting watchdog for 200 seconds at Mon Jun 11 02:30:23 UTC 2018
35 ms. Memory: 208384K Free: 190795K (92%)
ptolemy.util.test.WatchDog.cancel(): canceling Mon Jun 11 02:30:23 UTC 2018
auto.tcl: Setting watchdog for 200 seconds at Mon Jun 11 02:30:23 UTC 2018
28 ms. Memory: 208384K Free: 188691K (91%)
ptolemy.util.test.WatchDog.cancel(): canceling Mon Jun 11 02:30:23 UTC 2018
------------------ testing $PTII/ptolemy/domains/de/test/auto/ComposableCausalityAnalysis.xml
auto.tcl: Setting watchdog for 200 seconds at Mon Jun 11 02:30:23 UTC 2018
2 ms. Memory: 208384K Free: 196607K (94%)
ptolemy.util.test.WatchDog.cancel(): canceling Mon Jun 11 02:30:23 UTC 2018
auto.tcl: Setting watchdog for 200 seconds at Mon Jun 11 02:30:23 UTC 2018
3 ms. Memory: 208384K Free: 194503K (93%)
ptolemy.util.test.WatchDog.cancel(): canceling Mon Jun 11 02:30:23 UTC 2018
------------------ testing $PTII/ptolemy/domains/de/test/auto/DEFixedPointLimitation.xml
auto.tcl: Setting watchdog for 200 seconds at Mon Jun 11 02:30:23 UTC 2018
5 ms. Memory: 208384K Free: 196350K (94%)
ptolemy.util.test.WatchDog.cancel(): canceling Mon Jun 11 02:30:23 UTC 2018
auto.tcl: Setting watchdog for 200 seconds at Mon Jun 11 02:30:23 UTC 2018
2 ms. Memory: 208384K Free: 196350K (94%)
ptolemy.util.test.WatchDog.cancel(): canceling Mon Jun 11 02:30:23 UTC 2018
------------------ testing $PTII/ptolemy/domains/de/test/auto/DEScheduleTest.xml
auto.tcl: Setting watchdog for 200 seconds at Mon Jun 11 02:30:23 UTC 2018
5 ms. Memory: 208384K Free: 198488K (95%)
ptolemy.util.test.WatchDog.cancel(): canceling Mon Jun 11 02:30:23 UTC 2018
auto.tcl: Setting watchdog for 200 seconds at Mon Jun 11 02:30:23 UTC 2018
7 ms. Memory: 208384K Free: 196384K (94%)
ptolemy.util.test.WatchDog.cancel(): canceling Mon Jun 11 02:30:23 UTC 2018
------------------ testing $PTII/ptolemy/domains/de/test/auto/DEinDEwithStartTimes.xml
auto.tcl: Setting watchdog for 200 seconds at Mon Jun 11 02:30:23 UTC 2018
7 ms. Memory: 208384K Free: 196354K (94%)
ptolemy.util.test.WatchDog.cancel(): canceling Mon Jun 11 02:30:23 UTC 2018
auto.tcl: Setting watchdog for 200 seconds at Mon Jun 11 02:30:23 UTC 2018
6 ms. Memory: 208384K Free: 194250K (93%)
ptolemy.util.test.WatchDog.cancel(): canceling Mon Jun 11 02:30:23 UTC 2018
------------------ testing $PTII/ptolemy/domains/de/test/auto/DEinDEwithStartTimes2.xml
auto.tcl: Setting watchdog for 200 seconds at Mon Jun 11 02:30:23 UTC 2018
7 ms. Memory: 208384K Free: 196671K (94%)
ptolemy.util.test.WatchDog.cancel(): canceling Mon Jun 11 02:30:23 UTC 2018
auto.tcl: Setting watchdog for 200 seconds at Mon Jun 11 02:30:23 UTC 2018
5 ms. Memory: 208384K Free: 194229K (93%)
ptolemy.util.test.WatchDog.cancel(): canceling Mon Jun 11 02:30:23 UTC 2018
------------------ testing $PTII/ptolemy/domains/de/test/auto/DateDemo.xml
auto.tcl: Setting watchdog for 200 seconds at Mon Jun 11 02:30:23 UTC 2018
16 ms. Memory: 208384K Free: 188752K (91%)
ptolemy.util.test.WatchDog.cancel(): canceling Mon Jun 11 02:30:23 UTC 2018
auto.tcl: Setting watchdog for 200 seconds at Mon Jun 11 02:30:23 UTC 2018
8 ms. Memory: 208384K Free: 186649K (90%)
ptolemy.util.test.WatchDog.cancel(): canceling Mon Jun 11 02:30:23 UTC 2018
------------------ testing $PTII/ptolemy/domains/de/test/auto/DateToEvent.xml
auto.tcl: Setting watchdog for 200 seconds at Mon Jun 11 02:30:24 UTC 2018
2014 ms. Memory: 208384K Free: 183448K (88%)
ptolemy.util.test.WatchDog.cancel(): canceling Mon Jun 11 02:30:26 UTC 2018
auto.tcl: Setting watchdog for 200 seconds at Mon Jun 11 02:30:26 UTC 2018
2006 ms. Memory: 208384K Free: 180990K (87%)
ptolemy.util.test.WatchDog.cancel(): canceling Mon Jun 11 02:30:28 UTC 2018
------------------ testing $PTII/ptolemy/domains/de/test/auto/DepthTest1.xml
auto.tcl: Setting watchdog for 200 seconds at Mon Jun 11 02:30:28 UTC 2018
3 ms. Memory: 208384K Free: 198029K (95%)
ptolemy.util.test.WatchDog.cancel(): canceling Mon Jun 11 02:30:28 UTC 2018
auto.tcl: Setting watchdog for 200 seconds at Mon Jun 11 02:30:28 UTC 2018
2 ms. Memory: 208384K Free: 198029K (95%)
ptolemy.util.test.WatchDog.cancel(): canceling Mon Jun 11 02:30:28 UTC 2018
------------------ testing $PTII/ptolemy/domains/de/test/auto/DepthTest2.xml
auto.tcl: Setting watchdog for 200 seconds at Mon Jun 11 02:30:28 UTC 2018
8 ms. Memory: 208384K Free: 193884K (93%)
ptolemy.util.test.WatchDog.cancel(): canceling Mon Jun 11 02:30:28 UTC 2018
auto.tcl: Setting watchdog for 200 seconds at Mon Jun 11 02:30:28 UTC 2018
4 ms. Memory: 208384K Free: 193884K (93%)
ptolemy.util.test.WatchDog.cancel(): canceling Mon Jun 11 02:30:28 UTC 2018
------------------ testing $PTII/ptolemy/domains/de/test/auto/DepthTest3.xml
auto.tcl: Setting watchdog for 200 seconds at Mon Jun 11 02:30:28 UTC 2018
5 ms. Memory: 208384K Free: 198024K (95%)
ptolemy.util.test.WatchDog.cancel(): canceling Mon Jun 11 02:30:28 UTC 2018
auto.tcl: Setting watchdog for 200 seconds at Mon Jun 11 02:30:28 UTC 2018
1 ms. Memory: 208384K Free: 198024K (95%)
ptolemy.util.test.WatchDog.cancel(): canceling Mon Jun 11 02:30:28 UTC 2018
------------------ testing $PTII/ptolemy/domains/de/test/auto/DepthTest4.xml
auto.tcl: Setting watchdog for 200 seconds at Mon Jun 11 02:30:28 UTC 2018
10 ms. Memory: 208384K Free: 196007K (94%)
ptolemy.util.test.WatchDog.cancel(): canceling Mon Jun 11 02:30:28 UTC 2018
auto.tcl: Setting watchdog for 200 seconds at Mon Jun 11 02:30:28 UTC 2018
2 ms. Memory: 208384K Free: 196007K (94%)
ptolemy.util.test.WatchDog.cancel(): canceling Mon Jun 11 02:30:28 UTC 2018
------------------ testing $PTII/ptolemy/domains/de/test/auto/DepthTest5.xml
auto.tcl: Setting watchdog for 200 seconds at Mon Jun 11 02:30:28 UTC 2018
3 ms. Memory: 208384K Free: 196292K (94%)
ptolemy.util.test.WatchDog.cancel(): canceling Mon Jun 11 02:30:28 UTC 2018
auto.tcl: Setting watchdog for 200 seconds at Mon Jun 11 02:30:28 UTC 2018
2 ms. Memory: 208384K Free: 196292K (94%)
ptolemy.util.test.WatchDog.cancel(): canceling Mon Jun 11 02:30:28 UTC 2018
------------------ testing $PTII/ptolemy/domains/de/test/auto/DepthTest6.xml
auto.tcl: Setting watchdog for 200 seconds at Mon Jun 11 02:30:28 UTC 2018
6 ms. Memory: 208384K Free: 196262K (94%)
ptolemy.util.test.WatchDog.cancel(): canceling Mon Jun 11 02:30:28 UTC 2018
auto.tcl: Setting watchdog for 200 seconds at Mon Jun 11 02:30:28 UTC 2018
3 ms. Memory: 208384K Free: 196262K (94%)
ptolemy.util.test.WatchDog.cancel(): canceling Mon Jun 11 02:30:28 UTC 2018
------------------ testing $PTII/ptolemy/domains/de/test/auto/DepthTest7.xml
auto.tcl: Setting watchdog for 200 seconds at Mon Jun 11 02:30:28 UTC 2018
2 ms. Memory: 208384K Free: 194684K (93%)
ptolemy.util.test.WatchDog.cancel(): canceling Mon Jun 11 02:30:28 UTC 2018
auto.tcl: Setting watchdog for 200 seconds at Mon Jun 11 02:30:28 UTC 2018
2 ms. Memory: 208384K Free: 194684K (93%)
ptolemy.util.test.WatchDog.cancel(): canceling Mon Jun 11 02:30:28 UTC 2018
------------------ testing $PTII/ptolemy/domains/de/test/auto/EventToDate.xml
auto.tcl: Setting watchdog for 200 seconds at Mon Jun 11 02:30:28 UTC 2018
3006 ms. Memory: 208384K Free: 185417K (89%)
ptolemy.util.test.WatchDog.cancel(): canceling Mon Jun 11 02:30:31 UTC 2018
auto.tcl: Setting watchdog for 200 seconds at Mon Jun 11 02:30:31 UTC 2018
3004 ms. Memory: 208384K Free: 185417K (89%)
ptolemy.util.test.WatchDog.cancel(): canceling Mon Jun 11 02:30:34 UTC 2018
------------------ testing $PTII/ptolemy/domains/de/test/auto/FSM1.xml
auto.tcl: Setting watchdog for 200 seconds at Mon Jun 11 02:30:34 UTC 2018
28 ms. Memory: 208384K Free: 186853K (90%)
ptolemy.util.test.WatchDog.cancel(): canceling Mon Jun 11 02:30:34 UTC 2018
auto.tcl: Setting watchdog for 200 seconds at Mon Jun 11 02:30:34 UTC 2018
23 ms. Memory: 208384K Free: 184750K (89%)
ptolemy.util.test.WatchDog.cancel(): canceling Mon Jun 11 02:30:34 UTC 2018
------------------ testing $PTII/ptolemy/domains/de/test/auto/FSM7.xml
auto.tcl: Setting watchdog for 200 seconds at Mon Jun 11 02:30:34 UTC 2018
28 ms. Memory: 208384K Free: 187054K (90%)
ptolemy.util.test.WatchDog.cancel(): canceling Mon Jun 11 02:30:35 UTC 2018
auto.tcl: Setting watchdog for 200 seconds at Mon Jun 11 02:30:35 UTC 2018
25 ms. Memory: 208384K Free: 184950K (89%)
ptolemy.util.test.WatchDog.cancel(): canceling Mon Jun 11 02:30:35 UTC 2018
------------------ testing $PTII/ptolemy/domains/de/test/auto/Inspection.xml
auto.tcl: Setting watchdog for 200 seconds at Mon Jun 11 02:30:35 UTC 2018
24 ms. Memory: 208384K Free: 188268K (90%)
ptolemy.util.test.WatchDog.cancel(): canceling Mon Jun 11 02:30:35 UTC 2018
auto.tcl: Setting watchdog for 200 seconds at Mon Jun 11 02:30:35 UTC 2018
43 ms. Memory: 208384K Free: 186164K (89%)
ptolemy.util.test.WatchDog.cancel(): canceling Mon Jun 11 02:30:35 UTC 2018
------------------ testing $PTII/ptolemy/domains/de/test/auto/Iteration.xml
auto.tcl: Setting watchdog for 200 seconds at Mon Jun 11 02:30:35 UTC 2018
8 ms. Memory: 208384K Free: 193950K (93%)
ptolemy.util.test.WatchDog.cancel(): canceling Mon Jun 11 02:30:35 UTC 2018
auto.tcl: Setting watchdog for 200 seconds at Mon Jun 11 02:30:35 UTC 2018
7 ms. Memory: 208384K Free: 193950K (93%)
ptolemy.util.test.WatchDog.cancel(): canceling Mon Jun 11 02:30:35 UTC 2018
------------------ testing $PTII/ptolemy/domains/de/test/auto/LineFault.xml
auto.tcl: Setting watchdog for 200 seconds at Mon Jun 11 02:30:35 UTC 2018
784 ms. Memory: 208384K Free: 195922K (94%)
ptolemy.util.test.WatchDog.cancel(): canceling Mon Jun 11 02:30:36 UTC 2018
auto.tcl: Setting watchdog for 200 seconds at Mon Jun 11 02:30:36 UTC 2018
633 ms. Memory: 208384K Free: 138469K (66%)
ptolemy.util.test.WatchDog.cancel(): canceling Mon Jun 11 02:30:37 UTC 2018
------------------ testing $PTII/ptolemy/domains/de/test/auto/MergeModel1Add.xml
auto.tcl: Setting watchdog for 200 seconds at Mon Jun 11 02:30:37 UTC 2018
29 ms. Memory: 331264K Free: 302387K (91%)
ptolemy.util.test.WatchDog.cancel(): canceling Mon Jun 11 02:30:37 UTC 2018
auto.tcl: Setting watchdog for 200 seconds at Mon Jun 11 02:30:37 UTC 2018
10 ms. Memory: 331264K Free: 298407K (90%)
ptolemy.util.test.WatchDog.cancel(): canceling Mon Jun 11 02:30:37 UTC 2018
------------------ testing $PTII/ptolemy/domains/de/test/auto/MergeModel2Add.xml
auto.tcl: Setting watchdog for 200 seconds at Mon Jun 11 02:30:37 UTC 2018
7 ms. Memory: 331264K Free: 303726K (92%)
ptolemy.util.test.WatchDog.cancel(): canceling Mon Jun 11 02:30:37 UTC 2018
auto.tcl: Setting watchdog for 200 seconds at Mon Jun 11 02:30:37 UTC 2018
8 ms. Memory: 331264K Free: 299762K (90%)
ptolemy.util.test.WatchDog.cancel(): canceling Mon Jun 11 02:30:37 UTC 2018
------------------ testing $PTII/ptolemy/domains/de/test/auto/MergeModel3Add.xml
auto.tcl: Setting watchdog for 200 seconds at Mon Jun 11 02:30:37 UTC 2018
10 ms. Memory: 331264K Free: 303728K (92%)
ptolemy.util.test.WatchDog.cancel(): canceling Mon Jun 11 02:30:37 UTC 2018
auto.tcl: Setting watchdog for 200 seconds at Mon Jun 11 02:30:37 UTC 2018
10 ms. Memory: 331264K Free: 299748K (90%)
ptolemy.util.test.WatchDog.cancel(): canceling Mon Jun 11 02:30:37 UTC 2018
------------------ testing $PTII/ptolemy/domains/de/test/auto/MergeWithoutDiscard.xml
auto.tcl: Setting watchdog for 200 seconds at Mon Jun 11 02:30:37 UTC 2018
4 ms. Memory: 331264K Free: 319606K (96%)
ptolemy.util.test.WatchDog.cancel(): canceling Mon Jun 11 02:30:37 UTC 2018
auto.tcl: Setting watchdog for 200 seconds at Mon Jun 11 02:30:37 UTC 2018
1 ms. Memory: 331264K Free: 315641K (95%)
ptolemy.util.test.WatchDog.cancel(): canceling Mon Jun 11 02:30:37 UTC 2018
------------------ testing $PTII/ptolemy/domains/de/test/auto/Modal1.xml
auto.tcl: Setting watchdog for 200 seconds at Mon Jun 11 02:30:37 UTC 2018
17 ms. Memory: 331264K Free: 309518K (93%)
ptolemy.util.test.WatchDog.cancel(): canceling Mon Jun 11 02:30:37 UTC 2018
auto.tcl: Setting watchdog for 200 seconds at Mon Jun 11 02:30:37 UTC 2018
23 ms. Memory: 331264K Free: 305553K (92%)
ptolemy.util.test.WatchDog.cancel(): canceling Mon Jun 11 02:30:37 UTC 2018
------------------ testing $PTII/ptolemy/domains/de/test/auto/Modal2.xml
auto.tcl: Setting watchdog for 200 seconds at Mon Jun 11 02:30:37 UTC 2018
15 ms. Memory: 331264K Free: 309383K (93%)
ptolemy.util.test.WatchDog.cancel(): canceling Mon Jun 11 02:30:37 UTC 2018
auto.tcl: Setting watchdog for 200 seconds at Mon Jun 11 02:30:37 UTC 2018
21 ms. Memory: 331264K Free: 305419K (92%)
ptolemy.util.test.WatchDog.cancel(): canceling Mon Jun 11 02:30:37 UTC 2018
------------------ testing $PTII/ptolemy/domains/de/test/auto/Modal3.xml
auto.tcl: Setting watchdog for 200 seconds at Mon Jun 11 02:30:37 UTC 2018
14 ms. Memory: 331264K Free: 309387K (93%)
ptolemy.util.test.WatchDog.cancel(): canceling Mon Jun 11 02:30:38 UTC 2018
auto.tcl: Setting watchdog for 200 seconds at Mon Jun 11 02:30:38 UTC 2018
16 ms. Memory: 331264K Free: 305407K (92%)
ptolemy.util.test.WatchDog.cancel(): canceling Mon Jun 11 02:30:38 UTC 2018
------------------ testing $PTII/ptolemy/domains/de/test/auto/Modal4.xml
auto.tcl: Setting watchdog for 200 seconds at Mon Jun 11 02:30:38 UTC 2018
25 ms. Memory: 331264K Free: 309386K (93%)
ptolemy.util.test.WatchDog.cancel(): canceling Mon Jun 11 02:30:38 UTC 2018
auto.tcl: Setting watchdog for 200 seconds at Mon Jun 11 02:30:38 UTC 2018
19 ms. Memory: 331264K Free: 305406K (92%)
ptolemy.util.test.WatchDog.cancel(): canceling Mon Jun 11 02:30:38 UTC 2018
------------------ testing $PTII/ptolemy/domains/de/test/auto/Modal5.xml
auto.tcl: Setting watchdog for 200 seconds at Mon Jun 11 02:30:38 UTC 2018
12 ms. Memory: 331264K Free: 309390K (93%)
ptolemy.util.test.WatchDog.cancel(): canceling Mon Jun 11 02:30:38 UTC 2018
auto.tcl: Setting watchdog for 200 seconds at Mon Jun 11 02:30:38 UTC 2018
14 ms. Memory: 331264K Free: 305425K (92%)
ptolemy.util.test.WatchDog.cancel(): canceling Mon Jun 11 02:30:38 UTC 2018
------------------ testing $PTII/ptolemy/domains/de/test/auto/Modal6.xml
auto.tcl: Setting watchdog for 200 seconds at Mon Jun 11 02:30:38 UTC 2018
12 ms. Memory: 331264K Free: 309355K (93%)
ptolemy.util.test.WatchDog.cancel(): canceling Mon Jun 11 02:30:38 UTC 2018
auto.tcl: Setting watchdog for 200 seconds at Mon Jun 11 02:30:38 UTC 2018
15 ms. Memory: 331264K Free: 305390K (92%)
ptolemy.util.test.WatchDog.cancel(): canceling Mon Jun 11 02:30:38 UTC 2018
------------------ testing $PTII/ptolemy/domains/de/test/auto/Modal7.xml
auto.tcl: Setting watchdog for 200 seconds at Mon Jun 11 02:30:38 UTC 2018
20 ms. Memory: 331264K Free: 309355K (93%)
ptolemy.util.test.WatchDog.cancel(): canceling Mon Jun 11 02:30:38 UTC 2018
auto.tcl: Setting watchdog for 200 seconds at Mon Jun 11 02:30:38 UTC 2018
12 ms. Memory: 331264K Free: 305375K (92%)
ptolemy.util.test.WatchDog.cancel(): canceling Mon Jun 11 02:30:38 UTC 2018
------------------ testing $PTII/ptolemy/domains/de/test/auto/ModalModel.xml
auto.tcl: Setting watchdog for 200 seconds at Mon Jun 11 02:30:38 UTC 2018
207 ms. Memory: 331264K Free: 245611K (74%)
ptolemy.util.test.WatchDog.cancel(): canceling Mon Jun 11 02:30:38 UTC 2018
auto.tcl: Setting watchdog for 200 seconds at Mon Jun 11 02:30:38 UTC 2018
207 ms. Memory: 331264K Free: 189992K (57%)
ptolemy.util.test.WatchDog.cancel(): canceling Mon Jun 11 02:30:39 UTC 2018
------------------ testing $PTII/ptolemy/domains/de/test/auto/ModalSource.xml
auto.tcl: Setting watchdog for 200 seconds at Mon Jun 11 02:30:39 UTC 2018
6 ms. Memory: 331264K Free: 316184K (95%)
ptolemy.util.test.WatchDog.cancel(): canceling Mon Jun 11 02:30:39 UTC 2018
auto.tcl: Setting watchdog for 200 seconds at Mon Jun 11 02:30:39 UTC 2018
6 ms. Memory: 331264K Free: 312656K (94%)
ptolemy.util.test.WatchDog.cancel(): canceling Mon Jun 11 02:30:39 UTC 2018
------------------ testing $PTII/ptolemy/domains/de/test/auto/NonInterruptibleTimerZeroDelay.xml
auto.tcl: Setting watchdog for 200 seconds at Mon Jun 11 02:30:39 UTC 2018
3 ms. Memory: 331264K Free: 320565K (97%)
ptolemy.util.test.WatchDog.cancel(): canceling Mon Jun 11 02:30:39 UTC 2018
auto.tcl: Setting watchdog for 200 seconds at Mon Jun 11 02:30:39 UTC 2018
3 ms. Memory: 331264K Free: 317021K (96%)
ptolemy.util.test.WatchDog.cancel(): canceling Mon Jun 11 02:30:39 UTC 2018
------------------ testing $PTII/ptolemy/domains/de/test/auto/OpenQueueingNetwork.xml
auto.tcl: Setting watchdog for 200 seconds at Mon Jun 11 02:30:39 UTC 2018
3178 ms. Memory: 317952K Free: 170531K (54%)
ptolemy.util.test.WatchDog.cancel(): canceling Mon Jun 11 02:30:42 UTC 2018
auto.tcl: Setting watchdog for 200 seconds at Mon Jun 11 02:30:42 UTC 2018
2552 ms. Memory: 297472K Free: 77507K (26%)
ptolemy.util.test.WatchDog.cancel(): canceling Mon Jun 11 02:30:45 UTC 2018
------------------ testing $PTII/ptolemy/domains/de/test/auto/OpenQueuingNetwork.xml
auto.tcl: Setting watchdog for 200 seconds at Mon Jun 11 02:30:45 UTC 2018
255 ms. Memory: 296448K Free: 199692K (67%)
ptolemy.util.test.WatchDog.cancel(): canceling Mon Jun 11 02:30:45 UTC 2018
auto.tcl: Setting watchdog for 200 seconds at Mon Jun 11 02:30:45 UTC 2018
241 ms. Memory: 296448K Free: 139503K (47%)
ptolemy.util.test.WatchDog.cancel(): canceling Mon Jun 11 02:30:45 UTC 2018
------------------ testing $PTII/ptolemy/domains/de/test/auto/PeriodicSampler.xml
auto.tcl: Setting watchdog for 200 seconds at Mon Jun 11 02:30:45 UTC 2018
2 ms. Memory: 296960K Free: 284285K (96%)
ptolemy.util.test.WatchDog.cancel(): canceling Mon Jun 11 02:30:45 UTC 2018
auto.tcl: Setting watchdog for 200 seconds at Mon Jun 11 02:30:45 UTC 2018
2 ms. Memory: 296960K Free: 281234K (95%)
ptolemy.util.test.WatchDog.cancel(): canceling Mon Jun 11 02:30:45 UTC 2018
------------------ testing $PTII/ptolemy/domains/de/test/auto/PersistentIO.xml
auto.tcl: Setting watchdog for 200 seconds at Mon Jun 11 02:30:45 UTC 2018
17 ms. Memory: 296448K Free: 278279K (94%)
ptolemy.util.test.WatchDog.cancel(): canceling Mon Jun 11 02:30:45 UTC 2018
auto.tcl: Setting watchdog for 200 seconds at Mon Jun 11 02:30:45 UTC 2018
4 ms. Memory: 296448K Free: 275220K (93%)
ptolemy.util.test.WatchDog.cancel(): canceling Mon Jun 11 02:30:45 UTC 2018
------------------ testing $PTII/ptolemy/domains/de/test/auto/PortParameterResetOnInitialize.xml
auto.tcl: Setting watchdog for 200 seconds at Mon Jun 11 02:30:45 UTC 2018
3 ms. Memory: 296448K Free: 281071K (95%)
ptolemy.util.test.WatchDog.cancel(): canceling Mon Jun 11 02:30:45 UTC 2018
auto.tcl: Setting watchdog for 200 seconds at Mon Jun 11 02:30:45 UTC 2018
2 ms. Memory: 296448K Free: 281071K (95%)
ptolemy.util.test.WatchDog.cancel(): canceling Mon Jun 11 02:30:45 UTC 2018
------------------ testing $PTII/ptolemy/domains/de/test/auto/PortParameterUpdates.xml
auto.tcl: Setting watchdog for 200 seconds at Mon Jun 11 02:30:46 UTC 2018
7 ms. Memory: 298496K Free: 283357K (95%)
ptolemy.util.test.WatchDog.cancel(): canceling Mon Jun 11 02:30:46 UTC 2018
auto.tcl: Setting watchdog for 200 seconds at Mon Jun 11 02:30:46 UTC 2018
4 ms. Memory: 298496K Free: 280298K (94%)
ptolemy.util.test.WatchDog.cancel(): canceling Mon Jun 11 02:30:46 UTC 2018
------------------ testing $PTII/ptolemy/domains/de/test/auto/QueueAndServer.xml
auto.tcl: Setting watchdog for 200 seconds at Mon Jun 11 02:30:46 UTC 2018
26 ms. Memory: 296448K Free: 278109K (94%)
ptolemy.util.test.WatchDog.cancel(): canceling Mon Jun 11 02:30:46 UTC 2018
auto.tcl: Setting watchdog for 200 seconds at Mon Jun 11 02:30:46 UTC 2018
7 ms. Memory: 296448K Free: 278109K (94%)
ptolemy.util.test.WatchDog.cancel(): canceling Mon Jun 11 02:30:46 UTC 2018
------------------ testing $PTII/ptolemy/domains/de/test/auto/Records.xml
auto.tcl: Setting watchdog for 200 seconds at Mon Jun 11 02:30:46 UTC 2018
9 ms. Memory: 298496K Free: 285308K (96%)
ptolemy.util.test.WatchDog.cancel(): canceling Mon Jun 11 02:30:46 UTC 2018
auto.tcl: Setting watchdog for 200 seconds at Mon Jun 11 02:30:46 UTC 2018
1 ms. Memory: 298496K Free: 285308K (96%)
ptolemy.util.test.WatchDog.cancel(): canceling Mon Jun 11 02:30:46 UTC 2018
------------------ testing $PTII/ptolemy/domains/de/test/auto/ResetTransitionWithStartTime1.xml
auto.tcl: Setting watchdog for 200 seconds at Mon Jun 11 02:30:46 UTC 2018
11 ms. Memory: 296448K Free: 280242K (95%)
ptolemy.util.test.WatchDog.cancel(): canceling Mon Jun 11 02:30:46 UTC 2018
auto.tcl: Setting watchdog for 200 seconds at Mon Jun 11 02:30:46 UTC 2018
8 ms. Memory: 296448K Free: 280242K (95%)
ptolemy.util.test.WatchDog.cancel(): canceling Mon Jun 11 02:30:46 UTC 2018
------------------ testing $PTII/ptolemy/domains/de/test/auto/ResetTransitionWithStartTime2.xml
auto.tcl: Setting watchdog for 200 seconds at Mon Jun 11 02:30:46 UTC 2018
9 ms. Memory: 297984K Free: 281875K (95%)
ptolemy.util.test.WatchDog.cancel(): canceling Mon Jun 11 02:30:46 UTC 2018
auto.tcl: Setting watchdog for 200 seconds at Mon Jun 11 02:30:46 UTC 2018
8 ms. Memory: 297984K Free: 281875K (95%)
ptolemy.util.test.WatchDog.cancel(): canceling Mon Jun 11 02:30:46 UTC 2018
------------------ testing $PTII/ptolemy/domains/de/test/auto/ResetTransitionWithStartTime3.xml
auto.tcl: Setting watchdog for 200 seconds at Mon Jun 11 02:30:46 UTC 2018
14 ms. Memory: 296448K Free: 280224K (95%)
ptolemy.util.test.WatchDog.cancel(): canceling Mon Jun 11 02:30:46 UTC 2018
auto.tcl: Setting watchdog for 200 seconds at Mon Jun 11 02:30:46 UTC 2018
6 ms. Memory: 296448K Free: 280224K (95%)
ptolemy.util.test.WatchDog.cancel(): canceling Mon Jun 11 02:30:46 UTC 2018
------------------ testing $PTII/ptolemy/domains/de/test/auto/ResetTransitionWithStartTime4.xml
auto.tcl: Setting watchdog for 200 seconds at Mon Jun 11 02:30:46 UTC 2018
4 ms. Memory: 297984K Free: 281775K (95%)
ptolemy.util.test.WatchDog.cancel(): canceling Mon Jun 11 02:30:46 UTC 2018
auto.tcl: Setting watchdog for 200 seconds at Mon Jun 11 02:30:46 UTC 2018
4 ms. Memory: 297984K Free: 281775K (95%)
ptolemy.util.test.WatchDog.cancel(): canceling Mon Jun 11 02:30:46 UTC 2018
------------------ testing $PTII/ptolemy/domains/de/test/auto/ResettableTimer1.xml
auto.tcl: Setting watchdog for 200 seconds at Mon Jun 11 02:30:46 UTC 2018
3 ms. Memory: 296448K Free: 283277K (96%)
ptolemy.util.test.WatchDog.cancel(): canceling Mon Jun 11 02:30:46 UTC 2018
auto.tcl: Setting watchdog for 200 seconds at Mon Jun 11 02:30:46 UTC 2018
2 ms. Memory: 296448K Free: 283277K (96%)
ptolemy.util.test.WatchDog.cancel(): canceling Mon Jun 11 02:30:46 UTC 2018
------------------ testing $PTII/ptolemy/domains/de/test/auto/ResettableTimer2.xml
auto.tcl: Setting watchdog for 200 seconds at Mon Jun 11 02:30:46 UTC 2018
5 ms. Memory: 297984K Free: 284969K (96%)
ptolemy.util.test.WatchDog.cancel(): canceling Mon Jun 11 02:30:46 UTC 2018
auto.tcl: Setting watchdog for 200 seconds at Mon Jun 11 02:30:46 UTC 2018
2 ms. Memory: 297984K Free: 284969K (96%)
ptolemy.util.test.WatchDog.cancel(): canceling Mon Jun 11 02:30:46 UTC 2018
------------------ testing $PTII/ptolemy/domains/de/test/auto/ResettableTimer3.xml
auto.tcl: Setting watchdog for 200 seconds at Mon Jun 11 02:30:46 UTC 2018
1 ms. Memory: 296448K Free: 283326K (96%)
ptolemy.util.test.WatchDog.cancel(): canceling Mon Jun 11 02:30:46 UTC 2018
auto.tcl: Setting watchdog for 200 seconds at Mon Jun 11 02:30:46 UTC 2018
1 ms. Memory: 296448K Free: 283326K (96%)
ptolemy.util.test.WatchDog.cancel(): canceling Mon Jun 11 02:30:46 UTC 2018
------------------ testing $PTII/ptolemy/domains/de/test/auto/ResettableTimer4.xml
auto.tcl: Setting watchdog for 200 seconds at Mon Jun 11 02:30:46 UTC 2018
1 ms. Memory: 297472K Free: 284469K (96%)
ptolemy.util.test.WatchDog.cancel(): canceling Mon Jun 11 02:30:46 UTC 2018
auto.tcl: Setting watchdog for 200 seconds at Mon Jun 11 02:30:46 UTC 2018
1 ms. Memory: 297472K Free: 284469K (96%)
ptolemy.util.test.WatchDog.cancel(): canceling Mon Jun 11 02:30:46 UTC 2018
------------------ testing $PTII/ptolemy/domains/de/test/auto/ResettableTimer5.xml
auto.tcl: Setting watchdog for 200 seconds at Mon Jun 11 02:30:46 UTC 2018
2 ms. Memory: 296448K Free: 281294K (95%)
ptolemy.util.test.WatchDog.cancel(): canceling Mon Jun 11 02:30:46 UTC 2018
auto.tcl: Setting watchdog for 200 seconds at Mon Jun 11 02:30:46 UTC 2018
1 ms. Memory: 296448K Free: 281294K (95%)
ptolemy.util.test.WatchDog.cancel(): canceling Mon Jun 11 02:30:46 UTC 2018
------------------ testing $PTII/ptolemy/domains/de/test/auto/ResettableTimer6.xml
auto.tcl: Setting watchdog for 200 seconds at Mon Jun 11 02:30:46 UTC 2018
2 ms. Memory: 297472K Free: 282161K (95%)
ptolemy.util.test.WatchDog.cancel(): canceling Mon Jun 11 02:30:46 UTC 2018
auto.tcl: Setting watchdog for 200 seconds at Mon Jun 11 02:30:46 UTC 2018
1 ms. Memory: 297472K Free: 282161K (95%)
ptolemy.util.test.WatchDog.cancel(): canceling Mon Jun 11 02:30:46 UTC 2018
------------------ testing $PTII/ptolemy/domains/de/test/auto/ServerZeroDelay.xml
auto.tcl: Setting watchdog for 200 seconds at Mon Jun 11 02:30:46 UTC 2018
3 ms. Memory: 296448K Free: 283399K (96%)
ptolemy.util.test.WatchDog.cancel(): canceling Mon Jun 11 02:30:46 UTC 2018
auto.tcl: Setting watchdog for 200 seconds at Mon Jun 11 02:30:46 UTC 2018
3 ms. Memory: 296448K Free: 283399K (96%)
ptolemy.util.test.WatchDog.cancel(): canceling Mon Jun 11 02:30:46 UTC 2018
------------------ testing $PTII/ptolemy/domains/de/test/auto/SmartSender.xml
auto.tcl: Setting watchdog for 200 seconds at Mon Jun 11 02:30:46 UTC 2018
3001 ms. Memory: 297472K Free: 282252K (95%)
ptolemy.util.test.WatchDog.cancel(): canceling Mon Jun 11 02:30:49 UTC 2018
auto.tcl: Setting watchdog for 200 seconds at Mon Jun 11 02:30:49 UTC 2018
3002 ms. Memory: 297472K Free: 282252K (95%)
ptolemy.util.test.WatchDog.cancel(): canceling Mon Jun 11 02:30:53 UTC 2018
------------------ testing $PTII/ptolemy/domains/de/test/auto/ThreadedComposite.xml
auto.tcl: Setting watchdog for 200 seconds at Mon Jun 11 02:30:53 UTC 2018
231 ms. Memory: 296448K Free: 259088K (87%)
ptolemy.util.test.WatchDog.cancel(): canceling Mon Jun 11 02:30:53 UTC 2018
auto.tcl: Setting watchdog for 200 seconds at Mon Jun 11 02:30:53 UTC 2018
209 ms. Memory: 296448K Free: 243142K (82%)
ptolemy.util.test.WatchDog.cancel(): canceling Mon Jun 11 02:30:53 UTC 2018
------------------ testing $PTII/ptolemy/domains/de/test/auto/Time.xml
auto.tcl: Setting watchdog for 200 seconds at Mon Jun 11 02:30:53 UTC 2018
645 ms. Memory: 297472K Free: 234578K (79%)
ptolemy.util.test.WatchDog.cancel(): canceling Mon Jun 11 02:30:54 UTC 2018
auto.tcl: Setting watchdog for 200 seconds at Mon Jun 11 02:30:54 UTC 2018
625 ms. Memory: 297472K Free: 185889K (62%)
ptolemy.util.test.WatchDog.cancel(): canceling Mon Jun 11 02:30:54 UTC 2018
------------------ testing $PTII/ptolemy/domains/de/test/auto/TimeDelayZeroDelay.xml
auto.tcl: Setting watchdog for 200 seconds at Mon Jun 11 02:30:54 UTC 2018
2 ms. Memory: 296448K Free: 283195K (96%)
ptolemy.util.test.WatchDog.cancel(): canceling Mon Jun 11 02:30:54 UTC 2018
auto.tcl: Setting watchdog for 200 seconds at Mon Jun 11 02:30:54 UTC 2018
2 ms. Memory: 296448K Free: 283195K (96%)
ptolemy.util.test.WatchDog.cancel(): canceling Mon Jun 11 02:30:54 UTC 2018
------------------ testing $PTII/ptolemy/domains/de/test/auto/TimerZeroDelay.xml
auto.tcl: Setting watchdog for 200 seconds at Mon Jun 11 02:30:54 UTC 2018
2 ms. Memory: 296960K Free: 286916K (97%)
ptolemy.util.test.WatchDog.cancel(): canceling Mon Jun 11 02:30:55 UTC 2018
auto.tcl: Setting watchdog for 200 seconds at Mon Jun 11 02:30:55 UTC 2018
2 ms. Memory: 296960K Free: 283873K (96%)
ptolemy.util.test.WatchDog.cancel(): canceling Mon Jun 11 02:30:55 UTC 2018
------------------ testing $PTII/ptolemy/domains/de/test/auto/TimingParadox.xml
auto.tcl: Setting watchdog for 200 seconds at Mon Jun 11 02:30:55 UTC 2018
387 ms. Memory: 296448K Free: 220495K (74%)
ptolemy.util.test.WatchDog.cancel(): canceling Mon Jun 11 02:30:55 UTC 2018
auto.tcl: Setting watchdog for 200 seconds at Mon Jun 11 02:30:55 UTC 2018
350 ms. Memory: 296448K Free: 190064K (64%)
ptolemy.util.test.WatchDog.cancel(): canceling Mon Jun 11 02:30:55 UTC 2018
------------------ testing $PTII/ptolemy/domains/de/test/auto/TransferInputs.xml
auto.tcl: Setting watchdog for 200 seconds at Mon Jun 11 02:30:55 UTC 2018
2 ms. Memory: 296960K Free: 282777K (95%)
ptolemy.util.test.WatchDog.cancel(): canceling Mon Jun 11 02:30:56 UTC 2018
auto.tcl: Setting watchdog for 200 seconds at Mon Jun 11 02:30:56 UTC 2018
2 ms. Memory: 296960K Free: 282777K (95%)
ptolemy.util.test.WatchDog.cancel(): canceling Mon Jun 11 02:30:56 UTC 2018
------------------ testing $PTII/ptolemy/domains/de/test/auto/TransferOutputs2.xml
auto.tcl: Setting watchdog for 200 seconds at Mon Jun 11 02:30:56 UTC 2018
3 ms. Memory: 296448K Free: 280299K (95%)
ptolemy.util.test.WatchDog.cancel(): canceling Mon Jun 11 02:30:56 UTC 2018
auto.tcl: Setting watchdog for 200 seconds at Mon Jun 11 02:30:56 UTC 2018
3 ms. Memory: 296448K Free: 280299K (95%)
ptolemy.util.test.WatchDog.cancel(): canceling Mon Jun 11 02:30:56 UTC 2018
------------------ testing $PTII/ptolemy/domains/de/test/auto/Trilateration.xml
auto.tcl: Setting watchdog for 200 seconds at Mon Jun 11 02:30:56 UTC 2018
13701 ms. Memory: 563200K Free: 241977K (43%)
ptolemy.util.test.WatchDog.cancel(): canceling Mon Jun 11 02:31:11 UTC 2018
auto.tcl: Setting watchdog for 200 seconds at Mon Jun 11 02:31:11 UTC 2018
10183 ms. Memory: 444928K Free: 111662K (25%)
ptolemy.util.test.WatchDog.cancel(): canceling Mon Jun 11 02:31:21 UTC 2018
------------------ testing $PTII/ptolemy/domains/de/test/auto/TwoSigmaDelta.xml
auto.tcl: Setting watchdog for 200 seconds at Mon Jun 11 02:31:21 UTC 2018
2969 ms. Memory: 441344K Free: 130383K (30%)
ptolemy.util.test.WatchDog.cancel(): canceling Mon Jun 11 02:31:24 UTC 2018
auto.tcl: Setting watchdog for 200 seconds at Mon Jun 11 02:31:24 UTC 2018
2036 ms. Memory: 428032K Free: 248289K (58%)
ptolemy.util.test.WatchDog.cancel(): canceling Mon Jun 11 02:31:26 UTC 2018
------------------ testing $PTII/ptolemy/domains/de/test/auto/VariableDelay.xml
auto.tcl: Setting watchdog for 200 seconds at Mon Jun 11 02:31:26 UTC 2018
2 ms. Memory: 424960K Free: 407773K (96%)
ptolemy.util.test.WatchDog.cancel(): canceling Mon Jun 11 02:31:26 UTC 2018
auto.tcl: Setting watchdog for 200 seconds at Mon Jun 11 02:31:26 UTC 2018
2 ms. Memory: 424960K Free: 407773K (96%)
ptolemy.util.test.WatchDog.cancel(): canceling Mon Jun 11 02:31:26 UTC 2018
------------------ testing $PTII/ptolemy/domains/de/test/auto/VariableDelay2.xml
auto.tcl: Setting watchdog for 200 seconds at Mon Jun 11 02:31:26 UTC 2018
2 ms. Memory: 427520K Free: 414187K (97%)
ptolemy.util.test.WatchDog.cancel(): canceling Mon Jun 11 02:31:26 UTC 2018
auto.tcl: Setting watchdog for 200 seconds at Mon Jun 11 02:31:26 UTC 2018
2 ms. Memory: 427520K Free: 414187K (97%)
ptolemy.util.test.WatchDog.cancel(): canceling Mon Jun 11 02:31:26 UTC 2018
------------------ testing $PTII/ptolemy/domains/de/test/auto/VariableDelayZeroDelay.xml
auto.tcl: Setting watchdog for 200 seconds at Mon Jun 11 02:31:26 UTC 2018
2 ms. Memory: 424960K Free: 408190K (96%)
ptolemy.util.test.WatchDog.cancel(): canceling Mon Jun 11 02:31:26 UTC 2018
auto.tcl: Setting watchdog for 200 seconds at Mon Jun 11 02:31:26 UTC 2018
2 ms. Memory: 424960K Free: 408190K (96%)
ptolemy.util.test.WatchDog.cancel(): canceling Mon Jun 11 02:31:26 UTC 2018
------------------ testing $PTII/ptolemy/domains/de/test/auto/VariableDelayZeroDelay2.xml
auto.tcl: Setting watchdog for 200 seconds at Mon Jun 11 02:31:26 UTC 2018
2 ms. Memory: 427520K Free: 410748K (96%)
ptolemy.util.test.WatchDog.cancel(): canceling Mon Jun 11 02:31:26 UTC 2018
auto.tcl: Setting watchdog for 200 seconds at Mon Jun 11 02:31:26 UTC 2018
2 ms. Memory: 427520K Free: 410748K (96%)
ptolemy.util.test.WatchDog.cancel(): canceling Mon Jun 11 02:31:26 UTC 2018
------------------ testing $PTII/ptolemy/domains/de/test/auto/deInCt.xml
auto.tcl: Setting watchdog for 200 seconds at Mon Jun 11 02:31:26 UTC 2018
0
1
1
1
1
1
0
0
0
1
1
1
1
0
0
0
1
1
1
0
0
0
1
1
1
0
0
0
1
1
1
0
0
0
1
1
1
1
0
0
0
0
21 ms. Memory: 424960K Free: 408173K (96%)
ptolemy.util.test.WatchDog.cancel(): canceling Mon Jun 11 02:31:26 UTC 2018
auto.tcl: Setting watchdog for 200 seconds at Mon Jun 11 02:31:26 UTC 2018
0
1
1
1
0
0
0
0
0
1
1
1
0
0
0
0
1
1
1
1
1
0
0
0
1
1
1
0
0
1
1
1
1
10 ms. Memory: 424960K Free: 403241K (95%)
ptolemy.util.test.WatchDog.cancel(): canceling Mon Jun 11 02:31:26 UTC 2018
------------------ testing $PTII/ptolemy/domains/de/test/auto/deInCt2.xml
auto.tcl: Setting watchdog for 200 seconds at Mon Jun 11 02:31:26 UTC 2018
0
1
1
1
0
0
1
1
1
0
0
1
1
1
0
0
1
1
1
0
0
1
1
1
0
0
1
1
1
0
0
1
1
1
0
0
1
1
1
0
0
0
11 ms. Memory: 427008K Free: 410234K (96%)
ptolemy.util.test.WatchDog.cancel(): canceling Mon Jun 11 02:31:26 UTC 2018
auto.tcl: Setting watchdog for 200 seconds at Mon Jun 11 02:31:26 UTC 2018
0
1
1
1
0
0
1
1
1
0
0
1
1
1
0
0
1
1
1
0
0
1
1
1
0
0
1
1
1
0
0
1
1
1
0
0
1
1
1
0
0
0
7 ms. Memory: 427008K Free: 405310K (95%)
ptolemy.util.test.WatchDog.cancel(): canceling Mon Jun 11 02:31:27 UTC 2018
------------------ testing $PTII/ptolemy/domains/de/test/auto/dynamicCausalityInterface1.xml
auto.tcl: Setting watchdog for 200 seconds at Mon Jun 11 02:31:27 UTC 2018
2 ms. Memory: 424960K Free: 403250K (95%)
ptolemy.util.test.WatchDog.cancel(): canceling Mon Jun 11 02:31:27 UTC 2018
auto.tcl: Setting watchdog for 200 seconds at Mon Jun 11 02:31:27 UTC 2018
1 ms. Memory: 424960K Free: 398318K (94%)
ptolemy.util.test.WatchDog.cancel(): canceling Mon Jun 11 02:31:27 UTC 2018
------------------ testing $PTII/ptolemy/domains/de/test/auto/fsm_de_test.xml
auto.tcl: Setting watchdog for 200 seconds at Mon Jun 11 02:31:27 UTC 2018
6 ms. Memory: 426496K Free: 404688K (95%)
ptolemy.util.test.WatchDog.cancel(): canceling Mon Jun 11 02:31:27 UTC 2018
auto.tcl: Setting watchdog for 200 seconds at Mon Jun 11 02:31:27 UTC 2018
5 ms. Memory: 426496K Free: 399757K (94%)
ptolemy.util.test.WatchDog.cancel(): canceling Mon Jun 11 02:31:27 UTC 2018
------------------ testing $PTII/ptolemy/domains/de/test/auto/functionDependencyReconstruction.xml
auto.tcl: Setting watchdog for 200 seconds at Mon Jun 11 02:31:27 UTC 2018
2 ms. Memory: 424960K Free: 393312K (93%)
ptolemy.util.test.WatchDog.cancel(): canceling Mon Jun 11 02:31:27 UTC 2018
auto.tcl: Setting watchdog for 200 seconds at Mon Jun 11 02:31:27 UTC 2018
3 ms. Memory: 424960K Free: 393312K (93%)
ptolemy.util.test.WatchDog.cancel(): canceling Mon Jun 11 02:31:27 UTC 2018
------------------ testing $PTII/ptolemy/domains/de/test/auto/multirate.xml
auto.tcl: Setting watchdog for 200 seconds at Mon Jun 11 02:31:27 UTC 2018
7 ms. Memory: 426496K Free: 404535K (95%)
ptolemy.util.test.WatchDog.cancel(): canceling Mon Jun 11 02:31:27 UTC 2018
auto.tcl: Setting watchdog for 200 seconds at Mon Jun 11 02:31:27 UTC 2018
6 ms. Memory: 426496K Free: 404535K (95%)
ptolemy.util.test.WatchDog.cancel(): canceling Mon Jun 11 02:31:27 UTC 2018
------------------ testing $PTII/ptolemy/domains/de/test/auto/multirate2.xml
auto.tcl: Setting watchdog for 200 seconds at Mon Jun 11 02:31:27 UTC 2018
4 ms. Memory: 424960K Free: 406634K (96%)
ptolemy.util.test.WatchDog.cancel(): canceling Mon Jun 11 02:31:27 UTC 2018
auto.tcl: Setting watchdog for 200 seconds at Mon Jun 11 02:31:27 UTC 2018
3 ms. Memory: 424960K Free: 406634K (96%)
ptolemy.util.test.WatchDog.cancel(): canceling Mon Jun 11 02:31:27 UTC 2018
------------------ testing $PTII/ptolemy/domains/de/test/auto/realtime.xml
auto.tcl: Setting watchdog for 200 seconds at Mon Jun 11 02:31:27 UTC 2018
10002 ms. Memory: 425984K Free: 412575K (97%)
ptolemy.util.test.WatchDog.cancel(): canceling Mon Jun 11 02:31:37 UTC 2018
auto.tcl: Setting watchdog for 200 seconds at Mon Jun 11 02:31:37 UTC 2018
10001 ms. Memory: 425984K Free: 412575K (97%)
ptolemy.util.test.WatchDog.cancel(): canceling Mon Jun 11 02:31:47 UTC 2018
------------------ testing $PTII/ptolemy/domains/de/test/auto/relationGroup.xml
auto.tcl: Setting watchdog for 200 seconds at Mon Jun 11 02:31:47 UTC 2018
1 ms. Memory: 424960K Free: 411591K (97%)
ptolemy.util.test.WatchDog.cancel(): canceling Mon Jun 11 02:31:47 UTC 2018
auto.tcl: Setting watchdog for 200 seconds at Mon Jun 11 02:31:47 UTC 2018
1 ms. Memory: 424960K Free: 411591K (97%)
ptolemy.util.test.WatchDog.cancel(): canceling Mon Jun 11 02:31:47 UTC 2018
------------------ testing $PTII/ptolemy/domains/de/test/auto/relationGroup2.xml
auto.tcl: Setting watchdog for 200 seconds at Mon Jun 11 02:31:47 UTC 2018
1 ms. Memory: 425984K Free: 412641K (97%)
ptolemy.util.test.WatchDog.cancel(): canceling Mon Jun 11 02:31:47 UTC 2018
auto.tcl: Setting watchdog for 200 seconds at Mon Jun 11 02:31:47 UTC 2018
1 ms. Memory: 425984K Free: 412641K (97%)
ptolemy.util.test.WatchDog.cancel(): canceling Mon Jun 11 02:31:47 UTC 2018
------------------ testing $PTII/ptolemy/domains/de/test/auto/sortWithOpaquePorts.xml
auto.tcl: Setting watchdog for 200 seconds at Mon Jun 11 02:31:47 UTC 2018
1 ms. Memory: 424960K Free: 408183K (96%)
ptolemy.util.test.WatchDog.cancel(): canceling Mon Jun 11 02:31:47 UTC 2018
auto.tcl: Setting watchdog for 200 seconds at Mon Jun 11 02:31:47 UTC 2018
1 ms. Memory: 424960K Free: 408183K (96%)
ptolemy.util.test.WatchDog.cancel(): canceling Mon Jun 11 02:31:47 UTC 2018
------------------ testing $PTII/ptolemy/domains/de/test/auto/transferInputsandOutputs.xml
auto.tcl: Setting watchdog for 200 seconds at Mon Jun 11 02:31:47 UTC 2018
3 ms. Memory: 425984K Free: 404261K (95%)
ptolemy.util.test.WatchDog.cancel(): canceling Mon Jun 11 02:31:47 UTC 2018
auto.tcl: Setting watchdog for 200 seconds at Mon Jun 11 02:31:47 UTC 2018
1 ms. Memory: 425984K Free: 404261K (95%)
ptolemy.util.test.WatchDog.cancel(): canceling Mon Jun 11 02:31:47 UTC 2018
------------------ testing $PTII/ptolemy/domains/de/test/auto/triggerType.xml
auto.tcl: Setting watchdog for 200 seconds at Mon Jun 11 02:31:47 UTC 2018
1 ms. Memory: 424960K Free: 408120K (96%)
ptolemy.util.test.WatchDog.cancel(): canceling Mon Jun 11 02:31:47 UTC 2018
auto.tcl: Setting watchdog for 200 seconds at Mon Jun 11 02:31:47 UTC 2018
1 ms. Memory: 424960K Free: 408120K (96%)
ptolemy.util.test.WatchDog.cancel(): canceling Mon Jun 11 02:31:47 UTC 2018
06/11/18 02:31:47
Failed: 0  Total Tests: 192  ((Passed: 187, Newly Passed: 1)  Known Failed: 5) /home/travis/build/icyphy/ptII/ptolemy/domains/de/test
06/11/18 02:31:47
Failed: 0  Total Tests: 192  ((Passed: 187, Newly Passed: 1)  Known Failed: 5) /home/travis/build/icyphy/ptII/ptolemy/domains/de/test
----------------- testing (KnownFailure) /home/travis/build/icyphy/ptII/ptolemy/domains/de/test/auto/knownFailedTests/DESDFClockTest.xml
2008 ms. Memory: 425472K Free: 394915K (93%)
Known Failure: java.lang.reflect.InvocationTargetException
----------------- testing (KnownFailure) /home/travis/build/icyphy/ptII/ptolemy/domains/de/test/auto/knownFailedTests/DirectFeedback.xml
1 ms. Memory: 425472K Free: 367431K (86%)
Known Failure: java.lang.reflect.InvocationTargetException
----------------- testing (KnownFailure) /home/travis/build/icyphy/ptII/ptolemy/domains/de/test/auto/knownFailedTests/FSMSource.xml
4 ms. Memory: 425472K Free: 339946K (80%)
----------------- testing (KnownFailure) /home/travis/build/icyphy/ptII/ptolemy/domains/de/test/auto/knownFailedTests/HierarchicalModel.xml
2 ms. Memory: 425472K Free: 312446K (73%)
Known Failure: java.lang.reflect.InvocationTargetException
----------------- testing (KnownFailure) /home/travis/build/icyphy/ptII/ptolemy/domains/de/test/auto/knownFailedTests/dependencyLoop.xml
1 ms. Memory: 425472K Free: 271203K (64%)
Known Failure: java.lang.reflect.InvocationTargetException
----------------- testing (KnownFailure) /home/travis/build/icyphy/ptII/ptolemy/domains/de/test/auto/knownFailedTests/dependencyLoop2.xml
1 ms. Memory: 425472K Free: 229961K (54%)
Known Failure: java.lang.reflect.InvocationTargetException
No auto/linux-amd64/*.xml tests in /home/travis/build/icyphy/ptII/ptolemy/domains/de/test
AutoTests.java: About to close Vertx.
AutoTests.java: Vertx closed.

===========================================================================================
----------------- testing Mon Jun 11 02:31:49 UTC 2018 /home/travis/build/icyphy/ptII/ptolemy/domains/de/test/auto/ActorDepthCalculation_actorWithoutPorts.xml
----------------- Instantiating /home/travis/build/icyphy/ptII/ptolemy/domains/de/test/auto/ActorDepthCalculation_actorWithoutPorts.xml
1 ms. Memory: 425472K Free: 195605K (46%)
----------------- Invoking toplevel() on ptolemy.moml.MoMLSimpleApplication@38f75ae9
----------------- Done invoking toplevel() on ptolemy.moml.MoMLSimpleApplication@38f75ae9
reloadAllAccessors: .ActorDepthCalculation_actorWithoutPorts

===========================================================================================
----------------- testing Mon Jun 11 02:31:49 UTC 2018 /home/travis/build/icyphy/ptII/ptolemy/domains/de/test/auto/AssemblyLine.xml
----------------- Instantiating /home/travis/build/icyphy/ptII/ptolemy/domains/de/test/auto/AssemblyLine.xml
2 ms. Memory: 425472K Free: 181863K (43%)
----------------- Invoking toplevel() on ptolemy.moml.MoMLSimpleApplication@62fd3f9
----------------- Done invoking toplevel() on ptolemy.moml.MoMLSimpleApplication@62fd3f9
reloadAllAccessors: .AssemblyLine

===========================================================================================
----------------- testing Mon Jun 11 02:31:49 UTC 2018 /home/travis/build/icyphy/ptII/ptolemy/domains/de/test/auto/CQBug1.xml
----------------- Instantiating /home/travis/build/icyphy/ptII/ptolemy/domains/de/test/auto/CQBug1.xml
5 ms. Memory: 425472K Free: 168121K (40%)
----------------- Invoking toplevel() on ptolemy.moml.MoMLSimpleApplication@30371381
----------------- Done invoking toplevel() on ptolemy.moml.MoMLSimpleApplication@30371381
reloadAllAccessors: .CQBug1

===========================================================================================
----------------- testing Mon Jun 11 02:31:49 UTC 2018 /home/travis/build/icyphy/ptII/ptolemy/domains/de/test/auto/CancelFireAt.xml
----------------- Instantiating /home/travis/build/icyphy/ptII/ptolemy/domains/de/test/auto/CancelFireAt.xml
0 ms. Memory: 425472K Free: 154379K (36%)
----------------- Invoking toplevel() on ptolemy.moml.MoMLSimpleApplication@2751186
----------------- Done invoking toplevel() on ptolemy.moml.MoMLSimpleApplication@2751186
reloadAllAccessors: .CancelFireAt

===========================================================================================
----------------- testing Mon Jun 11 02:31:49 UTC 2018 /home/travis/build/icyphy/ptII/ptolemy/domains/de/test/auto/CausalityAndComposabilityAnalysis.xml
----------------- Instantiating /home/travis/build/icyphy/ptII/ptolemy/domains/de/test/auto/CausalityAndComposabilityAnalysis.xml
1 ms. Memory: 425472K Free: 140637K (33%)
----------------- Invoking toplevel() on ptolemy.moml.MoMLSimpleApplication@36e88b60
----------------- Done invoking toplevel() on ptolemy.moml.MoMLSimpleApplication@36e88b60
reloadAllAccessors: .CausalityAndComposabilityAnalysis

===========================================================================================
----------------- testing Mon Jun 11 02:31:49 UTC 2018 /home/travis/build/icyphy/ptII/ptolemy/domains/de/test/auto/CausalityInterface1.xml
----------------- Instantiating /home/travis/build/icyphy/ptII/ptolemy/domains/de/test/auto/CausalityInterface1.xml
2 ms. Memory: 425472K Free: 126894K (30%)
----------------- Invoking toplevel() on ptolemy.moml.MoMLSimpleApplication@43214348
----------------- Done invoking toplevel() on ptolemy.moml.MoMLSimpleApplication@43214348
reloadAllAccessors: .CausalityInterface1

===========================================================================================
----------------- testing Mon Jun 11 02:31:49 UTC 2018 /home/travis/build/icyphy/ptII/ptolemy/domains/de/test/auto/CausalityInterface15.xml
----------------- Instantiating /home/travis/build/icyphy/ptII/ptolemy/domains/de/test/auto/CausalityInterface15.xml
1 ms. Memory: 425472K Free: 113152K (27%)
----------------- Invoking toplevel() on ptolemy.moml.MoMLSimpleApplication@7e584818
----------------- Done invoking toplevel() on ptolemy.moml.MoMLSimpleApplication@7e584818
reloadAllAccessors: .CausalityInterface15

[...]
java.lang.RuntimeException: Execution failed
	at ptolemy.moml.MoMLSimpleApplication$UnloadThread.run(MoMLSimpleApplication.java:402)
Caused by: ptolemy.kernel.util.IllegalActionException: Test fails in iteration 1.
Value was: 1.0. Should have been: 2.0
  in .DirectFeedback.Test
	at ptolemy.actor.lib.Test.fire(Test.java:268)
	at ptolemy.domains.de.kernel.DEDirector._fire(DEDirector.java:1949)
	at ptolemy.domains.de.kernel.DEDirector.fire(DEDirector.java:502)
	at ptolemy.actor.CompositeActor.fire(CompositeActor.java:455)
	at ptolemy.actor.Manager.iterate(Manager.java:851)
	at ptolemy.actor.Manager.execute(Manager.java:369)
	at ptolemy.actor.Manager.run(Manager.java:1263)
	at ptolemy.actor.Manager$PtolemyRunThread.run(Manager.java:1915)
java.lang.RuntimeException: Execution failed
	at ptolemy.moml.MoMLSimpleApplication$UnloadThread.run(MoMLSimpleApplication.java:402)
Caused by: ptolemy.kernel.util.IllegalActionException: Actor is not ready to fire.  Perhaps UpSample.prefire() returned false? Try debugging the actor by selecting "Listen to Actor".  Also, for SDF check moml for tokenConsumptionRate on input.
  in .DESDFClockTest.Play Bell.Copy1:SDF Director and .DESDFClockTest.Play Bell.UpSample
	at ptolemy.actor.sched.StaticSchedulingDirector.fire(StaticSchedulingDirector.java:227)
	at ptolemy.domains.sdf.kernel.SDFDirector.fire(SDFDirector.java:500)
	at ptolemy.actor.CompositeActor.fire(CompositeActor.java:455)
	at ptolemy.domains.de.kernel.DEDirector._fire(DEDirector.java:1949)
	at ptolemy.domains.de.kernel.DEDirector.fire(DEDirector.java:502)
	at ptolemy.actor.CompositeActor.fire(CompositeActor.java:455)
	at ptolemy.actor.Manager.iterate(Manager.java:851)
	at ptolemy.actor.Manager.execute(Manager.java:369)
	at ptolemy.actor.Manager.run(Manager.java:1263)
	at ptolemy.actor.Manager$PtolemyRunThread.run(Manager.java:1915)
java.lang.reflect.InvocationTargetException
	at sun.reflect.NativeConstructorAccessorImpl.newInstance0(Native Method)
	at sun.reflect.NativeConstructorAccessorImpl.newInstance(NativeConstructorAccessorImpl.java:62)
	at sun.reflect.DelegatingConstructorAccessorImpl.newInstance(DelegatingConstructorAccessorImpl.java:45)
	at java.lang.reflect.Constructor.newInstance(Constructor.java:423)
	at ptolemy.util.test.junit.AutoKnownFailedTests.RunModel(AutoKnownFailedTests.java:107)
	at sun.reflect.NativeMethodAccessorImpl.invoke0(Native Method)
	at sun.reflect.NativeMethodAccessorImpl.invoke(NativeMethodAccessorImpl.java:62)
	at sun.reflect.DelegatingMethodAccessorImpl.invoke(DelegatingMethodAccessorImpl.java:43)
	at java.lang.reflect.Method.invoke(Method.java:498)
	at org.junit.runners.model.FrameworkMethod$1.runReflectiveCall(FrameworkMethod.java:44)
	at org.junit.internal.runners.model.ReflectiveCallable.run(ReflectiveCallable.java:15)
	at org.junit.runners.model.FrameworkMethod.invokeExplosively(FrameworkMethod.java:41)
	at junitparams.internal.InvokeParameterisedMethod.evaluate(InvokeParameterisedMethod.java:102)
	at org.junit.internal.runners.statements.FailOnTimeout$1.run(FailOnTimeout.java:28)
Caused by: ptolemy.kernel.util.IllegalActionException: Actor is not ready to fire.  Perhaps UpSample.prefire() returned false? Try debugging the actor by selecting "Listen to Actor".  Also, for SDF check moml for tokenConsumptionRate on input.
  in .DESDFClockTest.Play Bell.Copy1:SDF Director and .DESDFClockTest.Play Bell.UpSample
	at ptolemy.actor.sched.StaticSchedulingDirector.fire(StaticSchedulingDirector.java:227)
	at ptolemy.domains.sdf.kernel.SDFDirector.fire(SDFDirector.java:500)
	at ptolemy.actor.CompositeActor.fire(CompositeActor.java:455)
	at ptolemy.domains.de.kernel.DEDirector._fire(DEDirector.java:1949)
	at ptolemy.domains.de.kernel.DEDirector.fire(DEDirector.java:502)
	at ptolemy.actor.CompositeActor.fire(CompositeActor.java:455)
	at ptolemy.actor.Manager.iterate(Manager.java:851)
	at ptolemy.actor.Manager.execute(Manager.java:369)
	at ptolemy.actor.Manager.run(Manager.java:1263)
	at ptolemy.actor.Manager$PtolemyRunThread.run(Manager.java:1915)
java.lang.RuntimeException: Execution failed
	at ptolemy.moml.MoMLSimpleApplication$UnloadThread.run(MoMLSimpleApplication.java:402)
Caused by: ptolemy.kernel.util.IllegalActionException: Test fails in iteration 1.
Value was: 1.0. Should have been: 2.0
  in .DirectFeedback.Test
	at ptolemy.actor.lib.Test.fire(Test.java:268)
	at ptolemy.domains.de.kernel.DEDirector._fire(DEDirector.java:1949)
	at ptolemy.domains.de.kernel.DEDirector.fire(DEDirector.java:502)
	at ptolemy.actor.CompositeActor.fire(CompositeActor.java:455)
	at ptolemy.actor.Manager.iterate(Manager.java:851)
	at ptolemy.actor.Manager.execute(Manager.java:369)
	at ptolemy.actor.Manager.run(Manager.java:1263)
	at ptolemy.actor.Manager$PtolemyRunThread.run(Manager.java:1915)
java.lang.reflect.InvocationTargetException
	at sun.reflect.NativeConstructorAccessorImpl.newInstance0(Native Method)
	at sun.reflect.NativeConstructorAccessorImpl.newInstance(NativeConstructorAccessorImpl.java:62)
	at sun.reflect.DelegatingConstructorAccessorImpl.newInstance(DelegatingConstructorAccessorImpl.java:45)
	at java.lang.reflect.Constructor.newInstance(Constructor.java:423)
	at ptolemy.util.test.junit.AutoKnownFailedTests.RunModel(AutoKnownFailedTests.java:107)
	at sun.reflect.NativeMethodAccessorImpl.invoke0(Native Method)
	at sun.reflect.NativeMethodAccessorImpl.invoke(NativeMethodAccessorImpl.java:62)
	at sun.reflect.DelegatingMethodAccessorImpl.invoke(DelegatingMethodAccessorImpl.java:43)
	at java.lang.reflect.Method.invoke(Method.java:498)
	at org.junit.runners.model.FrameworkMethod$1.runReflectiveCall(FrameworkMethod.java:44)
	at org.junit.internal.runners.model.ReflectiveCallable.run(ReflectiveCallable.java:15)
	at org.junit.runners.model.FrameworkMethod.invokeExplosively(FrameworkMethod.java:41)
	at junitparams.internal.InvokeParameterisedMethod.evaluate(InvokeParameterisedMethod.java:102)
	at org.junit.internal.runners.statements.FailOnTimeout$1.run(FailOnTimeout.java:28)
Caused by: ptolemy.kernel.util.IllegalActionException: Test fails in iteration 1.
Value was: 1.0. Should have been: 2.0
  in .DirectFeedback.Test
	at ptolemy.actor.lib.Test.fire(Test.java:268)
	at ptolemy.domains.de.kernel.DEDirector._fire(DEDirector.java:1949)
	at ptolemy.domains.de.kernel.DEDirector.fire(DEDirector.java:502)
	at ptolemy.actor.CompositeActor.fire(CompositeActor.java:455)
	at ptolemy.actor.Manager.iterate(Manager.java:851)
	at ptolemy.actor.Manager.execute(Manager.java:369)
	at ptolemy.actor.Manager.run(Manager.java:1263)
	at ptolemy.actor.Manager$PtolemyRunThread.run(Manager.java:1915)
java.lang.RuntimeException: Execution failed
	at ptolemy.moml.MoMLSimpleApplication$UnloadThread.run(MoMLSimpleApplication.java:402)
Caused by: ptolemy.kernel.util.IllegalActionException: Found a zero delay loop containing .HierarchicalModel.A
  in .HierarchicalModel and .HierarchicalModel.A
	at ptolemy.actor.util.CausalityInterfaceForComposites._computeOutputPortDepth(CausalityInterfaceForComposites.java:759)
	at ptolemy.actor.util.CausalityInterfaceForComposites._computeInputDepth(CausalityInterfaceForComposites.java:696)
	at ptolemy.actor.util.CausalityInterfaceForComposites._computeOutputPortDepth(CausalityInterfaceForComposites.java:765)
	at ptolemy.actor.util.CausalityInterfaceForComposites._computeInputDepth(CausalityInterfaceForComposites.java:696)
	at ptolemy.actor.util.CausalityInterfaceForComposites._computeOutputPortDepth(CausalityInterfaceForComposites.java:765)
	at ptolemy.actor.util.CausalityInterfaceForComposites._computeInputDepth(CausalityInterfaceForComposites.java:696)
	at ptolemy.actor.util.CausalityInterfaceForComposites._computeActorDepth(CausalityInterfaceForComposites.java:532)
	at ptolemy.actor.util.CausalityInterfaceForComposites.checkForCycles(CausalityInterfaceForComposites.java:96)
	at ptolemy.domains.de.kernel.DEDirector.preinitialize(DEDirector.java:1338)
	at ptolemy.actor.CompositeActor.preinitialize(CompositeActor.java:1828)
	at ptolemy.actor.Manager.preinitializeAndResolveTypes(Manager.java:1040)
	at ptolemy.actor.Manager.initialize(Manager.java:710)
	at ptolemy.actor.Manager.execute(Manager.java:356)
	at ptolemy.actor.Manager.run(Manager.java:1263)
	at ptolemy.actor.Manager$PtolemyRunThread.run(Manager.java:1915)
java.lang.reflect.InvocationTargetException
	at sun.reflect.NativeConstructorAccessorImpl.newInstance0(Native Method)
	at sun.reflect.NativeConstructorAccessorImpl.newInstance(NativeConstructorAccessorImpl.java:62)
	at sun.reflect.DelegatingConstructorAccessorImpl.newInstance(DelegatingConstructorAccessorImpl.java:45)
	at java.lang.reflect.Constructor.newInstance(Constructor.java:423)
	at ptolemy.util.test.junit.AutoKnownFailedTests.RunModel(AutoKnownFailedTests.java:107)
	at sun.reflect.NativeMethodAccessorImpl.invoke0(Native Method)
	at sun.reflect.NativeMethodAccessorImpl.invoke(NativeMethodAccessorImpl.java:62)
	at sun.reflect.DelegatingMethodAccessorImpl.invoke(DelegatingMethodAccessorImpl.java:43)
	at java.lang.reflect.Method.invoke(Method.java:498)
	at org.junit.runners.model.FrameworkMethod$1.runReflectiveCall(FrameworkMethod.java:44)
	at org.junit.internal.runners.model.ReflectiveCallable.run(ReflectiveCallable.java:15)
	at org.junit.runners.model.FrameworkMethod.invokeExplosively(FrameworkMethod.java:41)
	at junitparams.internal.InvokeParameterisedMethod.evaluate(InvokeParameterisedMethod.java:102)
	at org.junit.internal.runners.statements.FailOnTimeout$1.run(FailOnTimeout.java:28)
Caused by: ptolemy.kernel.util.IllegalActionException: Found a zero delay loop containing .HierarchicalModel.A
  in .HierarchicalModel and .HierarchicalModel.A
	at ptolemy.actor.util.CausalityInterfaceForComposites._computeOutputPortDepth(CausalityInterfaceForComposites.java:759)
	at ptolemy.actor.util.CausalityInterfaceForComposites._computeInputDepth(CausalityInterfaceForComposites.java:696)
	at ptolemy.actor.util.CausalityInterfaceForComposites._computeOutputPortDepth(CausalityInterfaceForComposites.java:765)
	at ptolemy.actor.util.CausalityInterfaceForComposites._computeInputDepth(CausalityInterfaceForComposites.java:696)
	at ptolemy.actor.util.CausalityInterfaceForComposites._computeOutputPortDepth(CausalityInterfaceForComposites.java:765)
	at ptolemy.actor.util.CausalityInterfaceForComposites._computeInputDepth(CausalityInterfaceForComposites.java:696)
	at ptolemy.actor.util.CausalityInterfaceForComposites._computeActorDepth(CausalityInterfaceForComposites.java:532)
	at ptolemy.actor.util.CausalityInterfaceForComposites.checkForCycles(CausalityInterfaceForComposites.java:96)
	at ptolemy.domains.de.kernel.DEDirector.preinitialize(DEDirector.java:1338)
	at ptolemy.actor.CompositeActor.preinitialize(CompositeActor.java:1828)
	at ptolemy.actor.Manager.preinitializeAndResolveTypes(Manager.java:1040)
	at ptolemy.actor.Manager.initialize(Manager.java:710)
	at ptolemy.actor.Manager.execute(Manager.java:356)
	at ptolemy.actor.Manager.run(Manager.java:1263)
	at ptolemy.actor.Manager$PtolemyRunThread.run(Manager.java:1915)
java.lang.RuntimeException: Execution failed
	at ptolemy.moml.MoMLSimpleApplication$UnloadThread.run(MoMLSimpleApplication.java:402)
Caused by: ptolemy.kernel.util.IllegalActionException: Found a zero delay loop containing .dependencyLoop.original
  in .dependencyLoop and .dependencyLoop.original
	at ptolemy.actor.util.CausalityInterfaceForComposites._computeOutputPortDepth(CausalityInterfaceForComposites.java:759)
	at ptolemy.actor.util.CausalityInterfaceForComposites._computeInputDepth(CausalityInterfaceForComposites.java:696)
	at ptolemy.actor.util.CausalityInterfaceForComposites._computeOutputPortDepth(CausalityInterfaceForComposites.java:765)
	at ptolemy.actor.util.CausalityInterfaceForComposites._computeInputDepth(CausalityInterfaceForComposites.java:696)
	at ptolemy.actor.util.CausalityInterfaceForComposites._computeOutputPortDepth(CausalityInterfaceForComposites.java:765)
	at ptolemy.actor.util.CausalityInterfaceForComposites._computeInputDepth(CausalityInterfaceForComposites.java:696)
	at ptolemy.actor.util.CausalityInterfaceForComposites._computeActorDepth(CausalityInterfaceForComposites.java:532)
	at ptolemy.actor.util.CausalityInterfaceForComposites.checkForCycles(CausalityInterfaceForComposites.java:96)
	at ptolemy.domains.de.kernel.DEDirector.preinitialize(DEDirector.java:1338)
	at ptolemy.actor.CompositeActor.preinitialize(CompositeActor.java:1828)
	at ptolemy.actor.Manager.preinitializeAndResolveTypes(Manager.java:1040)
	at ptolemy.actor.Manager.initialize(Manager.java:710)
	at ptolemy.actor.Manager.execute(Manager.java:356)
	at ptolemy.actor.Manager.run(Manager.java:1263)
	at ptolemy.actor.Manager$PtolemyRunThread.run(Manager.java:1915)
java.lang.reflect.InvocationTargetException
	at sun.reflect.NativeConstructorAccessorImpl.newInstance0(Native Method)
	at sun.reflect.NativeConstructorAccessorImpl.newInstance(NativeConstructorAccessorImpl.java:62)
	at sun.reflect.DelegatingConstructorAccessorImpl.newInstance(DelegatingConstructorAccessorImpl.java:45)
	at java.lang.reflect.Constructor.newInstance(Constructor.java:423)
	at ptolemy.util.test.junit.AutoKnownFailedTests.RunModel(AutoKnownFailedTests.java:107)
	at sun.reflect.NativeMethodAccessorImpl.invoke0(Native Method)
	at sun.reflect.NativeMethodAccessorImpl.invoke(NativeMethodAccessorImpl.java:62)
	at sun.reflect.DelegatingMethodAccessorImpl.invoke(DelegatingMethodAccessorImpl.java:43)
	at java.lang.reflect.Method.invoke(Method.java:498)
	at org.junit.runners.model.FrameworkMethod$1.runReflectiveCall(FrameworkMethod.java:44)
	at org.junit.internal.runners.model.ReflectiveCallable.run(ReflectiveCallable.java:15)
	at org.junit.runners.model.FrameworkMethod.invokeExplosively(FrameworkMethod.java:41)
	at junitparams.internal.InvokeParameterisedMethod.evaluate(InvokeParameterisedMethod.java:102)
	at org.junit.internal.runners.statements.FailOnTimeout$1.run(FailOnTimeout.java:28)
Caused by: ptolemy.kernel.util.IllegalActionException: Found a zero delay loop containing .dependencyLoop.original
  in .dependencyLoop and .dependencyLoop.original
	at ptolemy.actor.util.CausalityInterfaceForComposites._computeOutputPortDepth(CausalityInterfaceForComposites.java:759)
	at ptolemy.actor.util.CausalityInterfaceForComposites._computeInputDepth(CausalityInterfaceForComposites.java:696)
	at ptolemy.actor.util.CausalityInterfaceForComposites._computeOutputPortDepth(CausalityInterfaceForComposites.java:765)
	at ptolemy.actor.util.CausalityInterfaceForComposites._computeInputDepth(CausalityInterfaceForComposites.java:696)
	at ptolemy.actor.util.CausalityInterfaceForComposites._computeOutputPortDepth(CausalityInterfaceForComposites.java:765)
	at ptolemy.actor.util.CausalityInterfaceForComposites._computeInputDepth(CausalityInterfaceForComposites.java:696)
	at ptolemy.actor.util.CausalityInterfaceForComposites._computeActorDepth(CausalityInterfaceForComposites.java:532)
	at ptolemy.actor.util.CausalityInterfaceForComposites.checkForCycles(CausalityInterfaceForComposites.java:96)
	at ptolemy.domains.de.kernel.DEDirector.preinitialize(DEDirector.java:1338)
	at ptolemy.actor.CompositeActor.preinitialize(CompositeActor.java:1828)
	at ptolemy.actor.Manager.preinitializeAndResolveTypes(Manager.java:1040)
	at ptolemy.actor.Manager.initialize(Manager.java:710)
	at ptolemy.actor.Manager.execute(Manager.java:356)
	at ptolemy.actor.Manager.run(Manager.java:1263)
	at ptolemy.actor.Manager$PtolemyRunThread.run(Manager.java:1915)
java.lang.RuntimeException: Execution failed
	at ptolemy.moml.MoMLSimpleApplication$UnloadThread.run(MoMLSimpleApplication.java:402)
Caused by: ptolemy.kernel.util.IllegalActionException: Found a zero delay loop containing .dependencyLoop2.original
  in .dependencyLoop2 and .dependencyLoop2.original
	at ptolemy.actor.util.CausalityInterfaceForComposites._computeOutputPortDepth(CausalityInterfaceForComposites.java:759)
	at ptolemy.actor.util.CausalityInterfaceForComposites._computeInputDepth(CausalityInterfaceForComposites.java:696)
	at ptolemy.actor.util.CausalityInterfaceForComposites._computeOutputPortDepth(CausalityInterfaceForComposites.java:765)
	at ptolemy.actor.util.CausalityInterfaceForComposites._computeInputDepth(CausalityInterfaceForComposites.java:696)
	at ptolemy.actor.util.CausalityInterfaceForComposites._computeOutputPortDepth(CausalityInterfaceForComposites.java:765)
	at ptolemy.actor.util.CausalityInterfaceForComposites._computeInputDepth(CausalityInterfaceForComposites.java:696)
	at ptolemy.actor.util.CausalityInterfaceForComposites._computeActorDepth(CausalityInterfaceForComposites.java:532)
	at ptolemy.actor.util.CausalityInterfaceForComposites.checkForCycles(CausalityInterfaceForComposites.java:96)
	at ptolemy.domains.de.kernel.DEDirector.preinitialize(DEDirector.java:1338)
	at ptolemy.actor.CompositeActor.preinitialize(CompositeActor.java:1828)
	at ptolemy.actor.Manager.preinitializeAndResolveTypes(Manager.java:1040)
	at ptolemy.actor.Manager.initialize(Manager.java:710)
	at ptolemy.actor.Manager.execute(Manager.java:356)
	at ptolemy.actor.Manager.run(Manager.java:1263)
	at ptolemy.actor.Manager$PtolemyRunThread.run(Manager.java:1915)
java.lang.reflect.InvocationTargetException
	at sun.reflect.NativeConstructorAccessorImpl.newInstance0(Native Method)
	at sun.reflect.NativeConstructorAccessorImpl.newInstance(NativeConstructorAccessorImpl.java:62)
	at sun.reflect.DelegatingConstructorAccessorImpl.newInstance(DelegatingConstructorAccessorImpl.java:45)
	at java.lang.reflect.Constructor.newInstance(Constructor.java:423)
	at ptolemy.util.test.junit.AutoKnownFailedTests.RunModel(AutoKnownFailedTests.java:107)
	at sun.reflect.NativeMethodAccessorImpl.invoke0(Native Method)
	at sun.reflect.NativeMethodAccessorImpl.invoke(NativeMethodAccessorImpl.java:62)
	at sun.reflect.DelegatingMethodAccessorImpl.invoke(DelegatingMethodAccessorImpl.java:43)
	at java.lang.reflect.Method.invoke(Method.java:498)
	at org.junit.runners.model.FrameworkMethod$1.runReflectiveCall(FrameworkMethod.java:44)
	at org.junit.internal.runners.model.ReflectiveCallable.run(ReflectiveCallable.java:15)
	at org.junit.runners.model.FrameworkMethod.invokeExplosively(FrameworkMethod.java:41)
	at junitparams.internal.InvokeParameterisedMethod.evaluate(InvokeParameterisedMethod.java:102)
	at org.junit.internal.runners.statements.FailOnTimeout$1.run(FailOnTimeout.java:28)
Caused by: ptolemy.kernel.util.IllegalActionException: Found a zero delay loop containing .dependencyLoop2.original
  in .dependencyLoop2 and .dependencyLoop2.original
	at ptolemy.actor.util.CausalityInterfaceForComposites._computeOutputPortDepth(CausalityInterfaceForComposites.java:759)
	at ptolemy.actor.util.CausalityInterfaceForComposites._computeInputDepth(CausalityInterfaceForComposites.java:696)
	at ptolemy.actor.util.CausalityInterfaceForComposites._computeOutputPortDepth(CausalityInterfaceForComposites.java:765)
	at ptolemy.actor.util.CausalityInterfaceForComposites._computeInputDepth(CausalityInterfaceForComposites.java:696)
	at ptolemy.actor.util.CausalityInterfaceForComposites._computeOutputPortDepth(CausalityInterfaceForComposites.java:765)
	at ptolemy.actor.util.CausalityInterfaceForComposites._computeInputDepth(CausalityInterfaceForComposites.java:696)
	at ptolemy.actor.util.CausalityInterfaceForComposites._computeActorDepth(CausalityInterfaceForComposites.java:532)
	at ptolemy.actor.util.CausalityInterfaceForComposites.checkForCycles(CausalityInterfaceForComposites.java:96)
	at ptolemy.domains.de.kernel.DEDirector.preinitialize(DEDirector.java:1338)
	at ptolemy.actor.CompositeActor.preinitialize(CompositeActor.java:1828)
	at ptolemy.actor.Manager.preinitializeAndResolveTypes(Manager.java:1040)
	at ptolemy.actor.Manager.initialize(Manager.java:710)
	at ptolemy.actor.Manager.execute(Manager.java:356)
	at ptolemy.actor.Manager.run(Manager.java:1263)
	at ptolemy.actor.Manager$PtolemyRunThread.run(Manager.java:1915)
]]></system-err>
</testsuite>
