<?xml version="1.0" encoding="UTF-8" ?>
<testsuite errors="0" failures="0" hostname="travis-job-0afc18ad-beff-48f5-9593-4e200142c7c4" name="ptolemy.domains.de.test.junit.JUnitTclTest" skipped="0" tests="101" time="128.063" timestamp="2019-06-08T04:31:27">
  <properties>
[...]
</properties>
  <testcase classname="ptolemy.util.test.junit.TclTests" name="[0] /home/travis/build/icyphy/ptII/ptolemy/domains/de/test/DependencyLoop.tcl (RunTclFile)" time="0.716" />
  <testcase classname="ptolemy.util.test.junit.TclTests" name="[1] /home/travis/build/icyphy/ptII/ptolemy/domains/de/test/RunDETestsAsQSS.tcl (RunTclFile)" time="87.325" />
  <testcase classname="ptolemy.util.test.junit.AutoKnownFailedTests" name="[0] /home/travis/build/icyphy/ptII/ptolemy/domains/de/test/auto/knownFailedTests/DESDFClockTest.xml (RunModel)" time="2.041" />
  <testcase classname="ptolemy.util.test.junit.AutoKnownFailedTests" name="[1] /home/travis/build/icyphy/ptII/ptolemy/domains/de/test/auto/knownFailedTests/DirectFeedback.xml (RunModel)" time="0.009" />
  <testcase classname="ptolemy.util.test.junit.AutoKnownFailedTests" name="[2] /home/travis/build/icyphy/ptII/ptolemy/domains/de/test/auto/knownFailedTests/FSMSource.xml (RunModel)" time="0.026" />
  <testcase classname="ptolemy.util.test.junit.AutoKnownFailedTests" name="[3] /home/travis/build/icyphy/ptII/ptolemy/domains/de/test/auto/knownFailedTests/HierarchicalModel.xml (RunModel)" time="0.046" />
  <testcase classname="ptolemy.util.test.junit.AutoKnownFailedTests" name="[4] /home/travis/build/icyphy/ptII/ptolemy/domains/de/test/auto/knownFailedTests/dependencyLoop.xml (RunModel)" time="0.04" />
  <testcase classname="ptolemy.util.test.junit.AutoKnownFailedTests" name="[5] /home/travis/build/icyphy/ptII/ptolemy/domains/de/test/auto/knownFailedTests/dependencyLoop2.xml (RunModel)" time="0.043" />
  <testcase classname="ptolemy.util.test.junit.AutoNameArchTests" name="[0] ThereAreNoAutoArchTests (RunModel)" time="0.001" />
  <testcase classname="ptolemy.util.test.junit.AutoTests" name="[0] /home/travis/build/icyphy/ptII/ptolemy/domains/de/test/auto/ActorDepthCalculation_actorWithoutPorts.xml (RunModel)" time="0.022" />
  <testcase classname="ptolemy.util.test.junit.AutoTests" name="[1] /home/travis/build/icyphy/ptII/ptolemy/domains/de/test/auto/AssemblyLine.xml (RunModel)" time="0.024" />
  <testcase classname="ptolemy.util.test.junit.AutoTests" name="[2] /home/travis/build/icyphy/ptII/ptolemy/domains/de/test/auto/CQBug1.xml (RunModel)" time="0.009" />
  <testcase classname="ptolemy.util.test.junit.AutoTests" name="[3] /home/travis/build/icyphy/ptII/ptolemy/domains/de/test/auto/CancelFireAt.xml (RunModel)" time="0.009" />
  <testcase classname="ptolemy.util.test.junit.AutoTests" name="[4] /home/travis/build/icyphy/ptII/ptolemy/domains/de/test/auto/CausalityAndComposabilityAnalysis.xml (RunModel)" time="0.011" />
  <testcase classname="ptolemy.util.test.junit.AutoTests" name="[5] /home/travis/build/icyphy/ptII/ptolemy/domains/de/test/auto/CausalityInterface1.xml (RunModel)" time="0.014" />
  <testcase classname="ptolemy.util.test.junit.AutoTests" name="[6] /home/travis/build/icyphy/ptII/ptolemy/domains/de/test/auto/CausalityInterface15.xml (RunModel)" time="0.022" />
  <testcase classname="ptolemy.util.test.junit.AutoTests" name="[7] /home/travis/build/icyphy/ptII/ptolemy/domains/de/test/auto/CausalityInterface2.xml (RunModel)" time="0.014" />
  <testcase classname="ptolemy.util.test.junit.AutoTests" name="[8] /home/travis/build/icyphy/ptII/ptolemy/domains/de/test/auto/CausalityInterface3.xml (RunModel)" time="0.01" />
  <testcase classname="ptolemy.util.test.junit.AutoTests" name="[9] /home/travis/build/icyphy/ptII/ptolemy/domains/de/test/auto/ClockDrift.xml (RunModel)" time="0.047" />
  <testcase classname="ptolemy.util.test.junit.AutoTests" name="[10] /home/travis/build/icyphy/ptII/ptolemy/domains/de/test/auto/ClockDriftAndValueChange.xml (RunModel)" time="0.03" />
  <testcase classname="ptolemy.util.test.junit.AutoTests" name="[11] /home/travis/build/icyphy/ptII/ptolemy/domains/de/test/auto/ClockDriftChange.xml (RunModel)" time="0.03" />
  <testcase classname="ptolemy.util.test.junit.AutoTests" name="[12] /home/travis/build/icyphy/ptII/ptolemy/domains/de/test/auto/ComposableCausalityAnalysis.xml (RunModel)" time="0.014" />
  <testcase classname="ptolemy.util.test.junit.AutoTests" name="[13] /home/travis/build/icyphy/ptII/ptolemy/domains/de/test/auto/DEFixedPointLimitation.xml (RunModel)" time="0.01" />
  <testcase classname="ptolemy.util.test.junit.AutoTests" name="[14] /home/travis/build/icyphy/ptII/ptolemy/domains/de/test/auto/DEScheduleTest.xml (RunModel)" time="0.024" />
  <testcase classname="ptolemy.util.test.junit.AutoTests" name="[15] /home/travis/build/icyphy/ptII/ptolemy/domains/de/test/auto/DEinDEwithStartTimes.xml (RunModel)" time="0.014" />
  <testcase classname="ptolemy.util.test.junit.AutoTests" name="[16] /home/travis/build/icyphy/ptII/ptolemy/domains/de/test/auto/DEinDEwithStartTimes2.xml (RunModel)" time="0.013" />
  <testcase classname="ptolemy.util.test.junit.AutoTests" name="[17] /home/travis/build/icyphy/ptII/ptolemy/domains/de/test/auto/DateDemo.xml (RunModel)" time="0.026" />
  <testcase classname="ptolemy.util.test.junit.AutoTests" name="[18] /home/travis/build/icyphy/ptII/ptolemy/domains/de/test/auto/DateToEvent.xml (RunModel)" time="2.037" />
  <testcase classname="ptolemy.util.test.junit.AutoTests" name="[19] /home/travis/build/icyphy/ptII/ptolemy/domains/de/test/auto/DepthTest1.xml (RunModel)" time="0.01" />
  <testcase classname="ptolemy.util.test.junit.AutoTests" name="[20] /home/travis/build/icyphy/ptII/ptolemy/domains/de/test/auto/DepthTest2.xml (RunModel)" time="0.017" />
  <testcase classname="ptolemy.util.test.junit.AutoTests" name="[21] /home/travis/build/icyphy/ptII/ptolemy/domains/de/test/auto/DepthTest3.xml (RunModel)" time="0.015" />
  <testcase classname="ptolemy.util.test.junit.AutoTests" name="[22] /home/travis/build/icyphy/ptII/ptolemy/domains/de/test/auto/DepthTest4.xml (RunModel)" time="0.013" />
  <testcase classname="ptolemy.util.test.junit.AutoTests" name="[23] /home/travis/build/icyphy/ptII/ptolemy/domains/de/test/auto/DepthTest5.xml (RunModel)" time="0.014" />
  <testcase classname="ptolemy.util.test.junit.AutoTests" name="[24] /home/travis/build/icyphy/ptII/ptolemy/domains/de/test/auto/DepthTest6.xml (RunModel)" time="0.013" />
  <testcase classname="ptolemy.util.test.junit.AutoTests" name="[25] /home/travis/build/icyphy/ptII/ptolemy/domains/de/test/auto/DepthTest7.xml (RunModel)" time="0.021" />
  <testcase classname="ptolemy.util.test.junit.AutoTests" name="[26] /home/travis/build/icyphy/ptII/ptolemy/domains/de/test/auto/EventToDate.xml (RunModel)" time="3.043" />
  <testcase classname="ptolemy.util.test.junit.AutoTests" name="[27] /home/travis/build/icyphy/ptII/ptolemy/domains/de/test/auto/FSM1.xml (RunModel)" time="0.058" />
  <testcase classname="ptolemy.util.test.junit.AutoTests" name="[28] /home/travis/build/icyphy/ptII/ptolemy/domains/de/test/auto/FSM7.xml (RunModel)" time="0.028" />
  <testcase classname="ptolemy.util.test.junit.AutoTests" name="[29] /home/travis/build/icyphy/ptII/ptolemy/domains/de/test/auto/Inspection.xml (RunModel)" time="0.036" />
  <testcase classname="ptolemy.util.test.junit.AutoTests" name="[30] /home/travis/build/icyphy/ptII/ptolemy/domains/de/test/auto/Iteration.xml (RunModel)" time="0.025" />
  <testcase classname="ptolemy.util.test.junit.AutoTests" name="[31] /home/travis/build/icyphy/ptII/ptolemy/domains/de/test/auto/LineFault.xml (RunModel)" time="0.529" />
  <testcase classname="ptolemy.util.test.junit.AutoTests" name="[32] /home/travis/build/icyphy/ptII/ptolemy/domains/de/test/auto/MergeModel1Add.xml (RunModel)" time="0.041" />
  <testcase classname="ptolemy.util.test.junit.AutoTests" name="[33] /home/travis/build/icyphy/ptII/ptolemy/domains/de/test/auto/MergeModel2Add.xml (RunModel)" time="0.033" />
  <testcase classname="ptolemy.util.test.junit.AutoTests" name="[34] /home/travis/build/icyphy/ptII/ptolemy/domains/de/test/auto/MergeModel3Add.xml (RunModel)" time="0.046" />
  <testcase classname="ptolemy.util.test.junit.AutoTests" name="[35] /home/travis/build/icyphy/ptII/ptolemy/domains/de/test/auto/MergeWithoutDiscard.xml (RunModel)" time="0.011" />
  <testcase classname="ptolemy.util.test.junit.AutoTests" name="[36] /home/travis/build/icyphy/ptII/ptolemy/domains/de/test/auto/Modal1.xml (RunModel)" time="0.032" />
  <testcase classname="ptolemy.util.test.junit.AutoTests" name="[37] /home/travis/build/icyphy/ptII/ptolemy/domains/de/test/auto/Modal2.xml (RunModel)" time="0.038" />
  <testcase classname="ptolemy.util.test.junit.AutoTests" name="[38] /home/travis/build/icyphy/ptII/ptolemy/domains/de/test/auto/Modal3.xml (RunModel)" time="0.026" />
  <testcase classname="ptolemy.util.test.junit.AutoTests" name="[39] /home/travis/build/icyphy/ptII/ptolemy/domains/de/test/auto/Modal4.xml (RunModel)" time="0.034" />
  <testcase classname="ptolemy.util.test.junit.AutoTests" name="[40] /home/travis/build/icyphy/ptII/ptolemy/domains/de/test/auto/Modal5.xml (RunModel)" time="0.029" />
  <testcase classname="ptolemy.util.test.junit.AutoTests" name="[41] /home/travis/build/icyphy/ptII/ptolemy/domains/de/test/auto/Modal6.xml (RunModel)" time="0.023" />
  <testcase classname="ptolemy.util.test.junit.AutoTests" name="[42] /home/travis/build/icyphy/ptII/ptolemy/domains/de/test/auto/Modal7.xml (RunModel)" time="0.025" />
  <testcase classname="ptolemy.util.test.junit.AutoTests" name="[43] /home/travis/build/icyphy/ptII/ptolemy/domains/de/test/auto/ModalModel.xml (RunModel)" time="0.146" />
  <testcase classname="ptolemy.util.test.junit.AutoTests" name="[44] /home/travis/build/icyphy/ptII/ptolemy/domains/de/test/auto/ModalSource.xml (RunModel)" time="0.021" />
  <testcase classname="ptolemy.util.test.junit.AutoTests" name="[45] /home/travis/build/icyphy/ptII/ptolemy/domains/de/test/auto/NonInterruptibleTimerZeroDelay.xml (RunModel)" time="0.009" />
  <testcase classname="ptolemy.util.test.junit.AutoTests" name="[46] /home/travis/build/icyphy/ptII/ptolemy/domains/de/test/auto/OpenQueueingNetwork.xml (RunModel)" time="2.343" />
  <testcase classname="ptolemy.util.test.junit.AutoTests" name="[47] /home/travis/build/icyphy/ptII/ptolemy/domains/de/test/auto/OpenQueuingNetwork.xml (RunModel)" time="0.279" />
  <testcase classname="ptolemy.util.test.junit.AutoTests" name="[48] /home/travis/build/icyphy/ptII/ptolemy/domains/de/test/auto/PeriodicSampler.xml (RunModel)" time="0.009" />
  <testcase classname="ptolemy.util.test.junit.AutoTests" name="[49] /home/travis/build/icyphy/ptII/ptolemy/domains/de/test/auto/PersistentIO.xml (RunModel)" time="0.017" />
  <testcase classname="ptolemy.util.test.junit.AutoTests" name="[50] /home/travis/build/icyphy/ptII/ptolemy/domains/de/test/auto/PortParameterResetOnInitialize.xml (RunModel)" time="0.009" />
  <testcase classname="ptolemy.util.test.junit.AutoTests" name="[51] /home/travis/build/icyphy/ptII/ptolemy/domains/de/test/auto/PortParameterUpdates.xml (RunModel)" time="0.014" />
  <testcase classname="ptolemy.util.test.junit.AutoTests" name="[52] /home/travis/build/icyphy/ptII/ptolemy/domains/de/test/auto/QueueAndServer.xml (RunModel)" time="0.02" />
  <testcase classname="ptolemy.util.test.junit.AutoTests" name="[53] /home/travis/build/icyphy/ptII/ptolemy/domains/de/test/auto/Records.xml (RunModel)" time="0.013" />
  <testcase classname="ptolemy.util.test.junit.AutoTests" name="[54] /home/travis/build/icyphy/ptII/ptolemy/domains/de/test/auto/ResetTransitionWithStartTime1.xml (RunModel)" time="0.026" />
  <testcase classname="ptolemy.util.test.junit.AutoTests" name="[55] /home/travis/build/icyphy/ptII/ptolemy/domains/de/test/auto/ResetTransitionWithStartTime2.xml (RunModel)" time="0.023" />
  <testcase classname="ptolemy.util.test.junit.AutoTests" name="[56] /home/travis/build/icyphy/ptII/ptolemy/domains/de/test/auto/ResetTransitionWithStartTime3.xml (RunModel)" time="0.021" />
  <testcase classname="ptolemy.util.test.junit.AutoTests" name="[57] /home/travis/build/icyphy/ptII/ptolemy/domains/de/test/auto/ResetTransitionWithStartTime4.xml (RunModel)" time="0.017" />
  <testcase classname="ptolemy.util.test.junit.AutoTests" name="[58] /home/travis/build/icyphy/ptII/ptolemy/domains/de/test/auto/ResettableTimer1.xml (RunModel)" time="0.012" />
  <testcase classname="ptolemy.util.test.junit.AutoTests" name="[59] /home/travis/build/icyphy/ptII/ptolemy/domains/de/test/auto/ResettableTimer2.xml (RunModel)" time="0.009" />
  <testcase classname="ptolemy.util.test.junit.AutoTests" name="[60] /home/travis/build/icyphy/ptII/ptolemy/domains/de/test/auto/ResettableTimer3.xml (RunModel)" time="0.009" />
  <testcase classname="ptolemy.util.test.junit.AutoTests" name="[61] /home/travis/build/icyphy/ptII/ptolemy/domains/de/test/auto/ResettableTimer4.xml (RunModel)" time="0.01" />
  <testcase classname="ptolemy.util.test.junit.AutoTests" name="[62] /home/travis/build/icyphy/ptII/ptolemy/domains/de/test/auto/ResettableTimer5.xml (RunModel)" time="0.009" />
  <testcase classname="ptolemy.util.test.junit.AutoTests" name="[63] /home/travis/build/icyphy/ptII/ptolemy/domains/de/test/auto/ResettableTimer6.xml (RunModel)" time="0.018" />
  <testcase classname="ptolemy.util.test.junit.AutoTests" name="[64] /home/travis/build/icyphy/ptII/ptolemy/domains/de/test/auto/ServerZeroDelay.xml (RunModel)" time="0.01" />
  <testcase classname="ptolemy.util.test.junit.AutoTests" name="[65] /home/travis/build/icyphy/ptII/ptolemy/domains/de/test/auto/SmartSender.xml (RunModel)" time="3.009" />
  <testcase classname="ptolemy.util.test.junit.AutoTests" name="[66] /home/travis/build/icyphy/ptII/ptolemy/domains/de/test/auto/ThreadedComposite.xml (RunModel)" time="0.172" />
  <testcase classname="ptolemy.util.test.junit.AutoTests" name="[67] /home/travis/build/icyphy/ptII/ptolemy/domains/de/test/auto/Time.xml (RunModel)" time="0.435" />
  <testcase classname="ptolemy.util.test.junit.AutoTests" name="[68] /home/travis/build/icyphy/ptII/ptolemy/domains/de/test/auto/TimeDelayZeroDelay.xml (RunModel)" time="0.011" />
  <testcase classname="ptolemy.util.test.junit.AutoTests" name="[69] /home/travis/build/icyphy/ptII/ptolemy/domains/de/test/auto/TimerZeroDelay.xml (RunModel)" time="0.009" />
  <testcase classname="ptolemy.util.test.junit.AutoTests" name="[70] /home/travis/build/icyphy/ptII/ptolemy/domains/de/test/auto/TimingParadox.xml (RunModel)" time="0.389" />
  <testcase classname="ptolemy.util.test.junit.AutoTests" name="[71] /home/travis/build/icyphy/ptII/ptolemy/domains/de/test/auto/TransferInputs.xml (RunModel)" time="0.016" />
  <testcase classname="ptolemy.util.test.junit.AutoTests" name="[72] /home/travis/build/icyphy/ptII/ptolemy/domains/de/test/auto/TransferOutputs2.xml (RunModel)" time="0.019" />
  <testcase classname="ptolemy.util.test.junit.AutoTests" name="[73] /home/travis/build/icyphy/ptII/ptolemy/domains/de/test/auto/Trilateration.xml (RunModel)" time="11.557" />
  <testcase classname="ptolemy.util.test.junit.AutoTests" name="[74] /home/travis/build/icyphy/ptII/ptolemy/domains/de/test/auto/TwoSigmaDelta.xml (RunModel)" time="2.106" />
  <testcase classname="ptolemy.util.test.junit.AutoTests" name="[75] /home/travis/build/icyphy/ptII/ptolemy/domains/de/test/auto/VariableDelay.xml (RunModel)" time="0.011" />
  <testcase classname="ptolemy.util.test.junit.AutoTests" name="[76] /home/travis/build/icyphy/ptII/ptolemy/domains/de/test/auto/VariableDelay2.xml (RunModel)" time="0.013" />
  <testcase classname="ptolemy.util.test.junit.AutoTests" name="[77] /home/travis/build/icyphy/ptII/ptolemy/domains/de/test/auto/VariableDelayZeroDelay.xml (RunModel)" time="0.013" />
  <testcase classname="ptolemy.util.test.junit.AutoTests" name="[78] /home/travis/build/icyphy/ptII/ptolemy/domains/de/test/auto/VariableDelayZeroDelay2.xml (RunModel)" time="0.013" />
  <testcase classname="ptolemy.util.test.junit.AutoTests" name="[79] /home/travis/build/icyphy/ptII/ptolemy/domains/de/test/auto/deInCt.xml (RunModel)" time="0.012" />
  <testcase classname="ptolemy.util.test.junit.AutoTests" name="[80] /home/travis/build/icyphy/ptII/ptolemy/domains/de/test/auto/deInCt2.xml (RunModel)" time="0.013" />
  <testcase classname="ptolemy.util.test.junit.AutoTests" name="[81] /home/travis/build/icyphy/ptII/ptolemy/domains/de/test/auto/dynamicCausalityInterface1.xml (RunModel)" time="0.02" />
  <testcase classname="ptolemy.util.test.junit.AutoTests" name="[82] /home/travis/build/icyphy/ptII/ptolemy/domains/de/test/auto/fsm_de_test.xml (RunModel)" time="0.038" />
  <testcase classname="ptolemy.util.test.junit.AutoTests" name="[83] /home/travis/build/icyphy/ptII/ptolemy/domains/de/test/auto/functionDependencyReconstruction.xml (RunModel)" time="0.029" />
  <testcase classname="ptolemy.util.test.junit.AutoTests" name="[84] /home/travis/build/icyphy/ptII/ptolemy/domains/de/test/auto/multirate.xml (RunModel)" time="0.014" />
  <testcase classname="ptolemy.util.test.junit.AutoTests" name="[85] /home/travis/build/icyphy/ptII/ptolemy/domains/de/test/auto/multirate2.xml (RunModel)" time="0.014" />
  <testcase classname="ptolemy.util.test.junit.AutoTests" name="[86] /home/travis/build/icyphy/ptII/ptolemy/domains/de/test/auto/realtime.xml (RunModel)" time="10.01" />
  <testcase classname="ptolemy.util.test.junit.AutoTests" name="[87] /home/travis/build/icyphy/ptII/ptolemy/domains/de/test/auto/relationGroup.xml (RunModel)" time="0.008" />
  <testcase classname="ptolemy.util.test.junit.AutoTests" name="[88] /home/travis/build/icyphy/ptII/ptolemy/domains/de/test/auto/relationGroup2.xml (RunModel)" time="0.005" />
  <testcase classname="ptolemy.util.test.junit.AutoTests" name="[89] /home/travis/build/icyphy/ptII/ptolemy/domains/de/test/auto/sortWithOpaquePorts.xml (RunModel)" time="0.014" />
  <testcase classname="ptolemy.util.test.junit.AutoTests" name="[90] /home/travis/build/icyphy/ptII/ptolemy/domains/de/test/auto/transferInputsandOutputs.xml (RunModel)" time="0.013" />
  <testcase classname="ptolemy.util.test.junit.AutoTests" name="[91] /home/travis/build/icyphy/ptII/ptolemy/domains/de/test/auto/triggerType.xml (RunModel)" time="0.008" />
  <system-out><![CDATA[/home/travis/build/icyphy/ptII/ptolemy/domains/de/test/DependencyLoop.tcl
testDefs.tcl: setting time out to 9000 seconds at Sat Jun 08 04:31:27 UTC 2019
14 ms. Memory: 116224K Free: 97611K (84%)
22 ms. Memory: 146944K Free: 141182K (96%)
/home/travis/build/icyphy/ptII/ptolemy/domains/de/test/RunDETestsAsQSS.tcl
Run the DE tests using ptolemy.domains.qss.test.QSSDirectorTest, which extends QSSDirector and prints a message in the constructors.
------------------ testing $PTII/ptolemy/domains/de/test/auto/knownFailedTests/dependencyLoop.xml (Known Failure) 
9 ms. Memory: 146944K Free: 136537K (93%)


==== $PTIIhome/travis/build/icyphy/ptII/ptolemy/domains/de/test/../../../../: Auto Automatic test in file $PTII/ptolemy/domains/de/test/auto/knownFailedTests/dependencyLoop.xml
==== Contents of test case:

	    # FIXME: we should use $relativeFilename here, but it
	    # might have backslashes under Windows, which causes no end
	    # of trouble.
	    createAndExecute $file
	    list {}
	
.... Test generated KNOWN error:
    while executing
ptolemy.kernel.util.IllegalActionException: Found a zero delay loop containing .dependencyLoop.original
  in .dependencyLoop and .dependencyLoop.original
	at ptolemy.actor.util.CausalityInterfaceForComposites._computeOutputPortDepth(CausalityInterfaceForComposites.java:759)
	at ptolemy.actor.util.CausalityInterfaceForComposites._computeInputDepth(CausalityInterfaceForComposites.java:696)
	at ptolemy.actor.util.CausalityInterfaceForComposites._computeOutputPortDepth(CausalityInterfaceForComposites.java:765)
	at ptolemy.actor.util.CausalityInterfaceForComposites._computeInputDepth(CausalityInterfaceForComposites.java:696)
	at ptolemy.actor.util.CausalityInterfaceForComposites._computeOutputPortDepth(CausalityInterfaceForComposites.java:765)
	at ptolemy.actor.util.CausalityInterfaceForComposites._computeInputDepth(CausalityInterfaceForComposites.java:696)
	at ptolemy.actor.util.CausalityInterfaceForComposites._computeActorDepth(CausalityInterfaceForComposites.java:532)
	at ptolemy.actor.util.CausalityInterfaceForComposites.checkForCycles(CausalityInterfaceForComposites.java:96)
	at ptolemy.domains.de.kernel.DEDirector.preinitialize(DEDirector.java:1338)
	at ptolemy.actor.CompositeActor.preinitialize(CompositeActor.java:1828)
	at ptolemy.actor.Manager.preinitializeAndResolveTypes(Manager.java:1040)
	at ptolemy.actor.Manager.initialize(Manager.java:710)
	at ptolemy.actor.Manager.execute(Manager.java:356)
	at ptolemy.actor.Manager.run(Manager.java:1263)
	at ptolemy.actor.Manager$PtolemyRunThread.run(Manager.java:1915)

    while executing
ptolemy.kernel.util.IllegalActionException: Found a zero delay loop containing .dependencyLoop.original
  in .dependencyLoop and .dependencyLoop.original
    while executing
"java::new ptolemy.moml.MoMLSimpleApplication $file
"
    (procedure "createAndExecute" line 2)
    invoked from within
"createAndExecute $file"
    ("uplevel" body line 5)
    invoked from within
"uplevel $contents_of_test"
------------------ testing $PTII/ptolemy/domains/de/test/auto/knownFailedTests/DESDFClockTest.xml (Known Failure) 
2065 ms. Memory: 146944K Free: 121373K (83%)


==== $PTIIhome/travis/build/icyphy/ptII/ptolemy/domains/de/test/../../../../: Auto Automatic test in file $PTII/ptolemy/domains/de/test/auto/knownFailedTests/DESDFClockTest.xml
==== Contents of test case:

	    # FIXME: we should use $relativeFilename here, but it
	    # might have backslashes under Windows, which causes no end
	    # of trouble.
	    createAndExecute $file
	    list {}
	
.... Test generated KNOWN error:
    while executing
ptolemy.kernel.util.IllegalActionException: Actor is not ready to fire.  Perhaps UpSample.prefire() returned false? Try debugging the actor by selecting "Listen to Actor".  Also, for SDF check moml for tokenConsumptionRate on input.
  in .DESDFClockTest.Play Bell.Copy1:SDF Director and .DESDFClockTest.Play Bell.UpSample
	at ptolemy.actor.sched.StaticSchedulingDirector.fire(StaticSchedulingDirector.java:227)
	at ptolemy.domains.sdf.kernel.SDFDirector.fire(SDFDirector.java:500)
	at ptolemy.actor.CompositeActor.fire(CompositeActor.java:455)
	at ptolemy.domains.de.kernel.DEDirector._fire(DEDirector.java:1949)
	at ptolemy.domains.de.kernel.DEDirector.fire(DEDirector.java:502)
	at ptolemy.actor.CompositeActor.fire(CompositeActor.java:455)
	at ptolemy.actor.Manager.iterate(Manager.java:851)
	at ptolemy.actor.Manager.execute(Manager.java:369)
	at ptolemy.actor.Manager.run(Manager.java:1263)
	at ptolemy.actor.Manager$PtolemyRunThread.run(Manager.java:1915)

    while executing
ptolemy.kernel.util.IllegalActionException: Actor is not ready to fire.  Perhaps UpSample.prefire() returned false? Try debugging the actor by selecting "Listen to Actor".  Also, for SDF check moml for tokenConsumptionRate on input.
  in .DESDFClockTest.Play Bell.Copy1:SDF Director and .DESDFClockTest.Play Bell.UpSample
    while executing
"java::new ptolemy.moml.MoMLSimpleApplication $file
"
    (procedure "createAndExecute" line 2)
    invoked from within
"createAndExecute $file"
    ("uplevel" body line 5)
    invoked from within
"uplevel $contents_of_test"
------------------ testing $PTII/ptolemy/domains/de/test/auto/knownFailedTests/FSMSource.xml (Known Failure) 
21 ms. Memory: 146944K Free: 112514K (77%)
!!!! Auto was marked as failing, but now passes
------------------ testing $PTII/ptolemy/domains/de/test/auto/knownFailedTests/dependencyLoop2.xml (Known Failure) 
5 ms. Memory: 146944K Free: 110631K (75%)


==== $PTIIhome/travis/build/icyphy/ptII/ptolemy/domains/de/test/../../../../: Auto Automatic test in file $PTII/ptolemy/domains/de/test/auto/knownFailedTests/dependencyLoop2.xml
==== Contents of test case:

	    # FIXME: we should use $relativeFilename here, but it
	    # might have backslashes under Windows, which causes no end
	    # of trouble.
	    createAndExecute $file
	    list {}
	
.... Test generated KNOWN error:
    while executing
ptolemy.kernel.util.IllegalActionException: Found a zero delay loop containing .dependencyLoop2.original
  in .dependencyLoop2 and .dependencyLoop2.original
	at ptolemy.actor.util.CausalityInterfaceForComposites._computeOutputPortDepth(CausalityInterfaceForComposites.java:759)
	at ptolemy.actor.util.CausalityInterfaceForComposites._computeInputDepth(CausalityInterfaceForComposites.java:696)
	at ptolemy.actor.util.CausalityInterfaceForComposites._computeOutputPortDepth(CausalityInterfaceForComposites.java:765)
	at ptolemy.actor.util.CausalityInterfaceForComposites._computeInputDepth(CausalityInterfaceForComposites.java:696)
	at ptolemy.actor.util.CausalityInterfaceForComposites._computeOutputPortDepth(CausalityInterfaceForComposites.java:765)
	at ptolemy.actor.util.CausalityInterfaceForComposites._computeInputDepth(CausalityInterfaceForComposites.java:696)
	at ptolemy.actor.util.CausalityInterfaceForComposites._computeActorDepth(CausalityInterfaceForComposites.java:532)
	at ptolemy.actor.util.CausalityInterfaceForComposites.checkForCycles(CausalityInterfaceForComposites.java:96)
	at ptolemy.domains.de.kernel.DEDirector.preinitialize(DEDirector.java:1338)
	at ptolemy.actor.CompositeActor.preinitialize(CompositeActor.java:1828)
	at ptolemy.actor.Manager.preinitializeAndResolveTypes(Manager.java:1040)
	at ptolemy.actor.Manager.initialize(Manager.java:710)
	at ptolemy.actor.Manager.execute(Manager.java:356)
	at ptolemy.actor.Manager.run(Manager.java:1263)
	at ptolemy.actor.Manager$PtolemyRunThread.run(Manager.java:1915)

    while executing
ptolemy.kernel.util.IllegalActionException: Found a zero delay loop containing .dependencyLoop2.original
  in .dependencyLoop2 and .dependencyLoop2.original
    while executing
"java::new ptolemy.moml.MoMLSimpleApplication $file
"
    (procedure "createAndExecute" line 2)
    invoked from within
"createAndExecute $file"
    ("uplevel" body line 5)
    invoked from within
"uplevel $contents_of_test"
------------------ testing $PTII/ptolemy/domains/de/test/auto/knownFailedTests/HierarchicalModel.xml (Known Failure) 
5 ms. Memory: 146944K Free: 90454K (62%)


==== $PTIIhome/travis/build/icyphy/ptII/ptolemy/domains/de/test/../../../../: Auto Automatic test in file $PTII/ptolemy/domains/de/test/auto/knownFailedTests/HierarchicalModel.xml
==== Contents of test case:

	    # FIXME: we should use $relativeFilename here, but it
	    # might have backslashes under Windows, which causes no end
	    # of trouble.
	    createAndExecute $file
	    list {}
	
.... Test generated KNOWN error:
    while executing
ptolemy.kernel.util.IllegalActionException: Found a zero delay loop containing .HierarchicalModel.A
  in .HierarchicalModel and .HierarchicalModel.A
	at ptolemy.actor.util.CausalityInterfaceForComposites._computeOutputPortDepth(CausalityInterfaceForComposites.java:759)
	at ptolemy.actor.util.CausalityInterfaceForComposites._computeInputDepth(CausalityInterfaceForComposites.java:696)
	at ptolemy.actor.util.CausalityInterfaceForComposites._computeOutputPortDepth(CausalityInterfaceForComposites.java:765)
	at ptolemy.actor.util.CausalityInterfaceForComposites._computeInputDepth(CausalityInterfaceForComposites.java:696)
	at ptolemy.actor.util.CausalityInterfaceForComposites._computeOutputPortDepth(CausalityInterfaceForComposites.java:765)
	at ptolemy.actor.util.CausalityInterfaceForComposites._computeInputDepth(CausalityInterfaceForComposites.java:696)
	at ptolemy.actor.util.CausalityInterfaceForComposites._computeActorDepth(CausalityInterfaceForComposites.java:532)
	at ptolemy.actor.util.CausalityInterfaceForComposites.checkForCycles(CausalityInterfaceForComposites.java:96)
	at ptolemy.domains.de.kernel.DEDirector.preinitialize(DEDirector.java:1338)
	at ptolemy.actor.CompositeActor.preinitialize(CompositeActor.java:1828)
	at ptolemy.actor.Manager.preinitializeAndResolveTypes(Manager.java:1040)
	at ptolemy.actor.Manager.initialize(Manager.java:710)
	at ptolemy.actor.Manager.execute(Manager.java:356)
	at ptolemy.actor.Manager.run(Manager.java:1263)
	at ptolemy.actor.Manager$PtolemyRunThread.run(Manager.java:1915)

    while executing
ptolemy.kernel.util.IllegalActionException: Found a zero delay loop containing .HierarchicalModel.A
  in .HierarchicalModel and .HierarchicalModel.A
    while executing
"java::new ptolemy.moml.MoMLSimpleApplication $file
"
    (procedure "createAndExecute" line 2)
    invoked from within
"createAndExecute $file"
    ("uplevel" body line 5)
    invoked from within
"uplevel $contents_of_test"
------------------ testing $PTII/ptolemy/domains/de/test/auto/knownFailedTests/DirectFeedback.xml (Known Failure) 
4 ms. Memory: 146944K Free: 86343K (59%)


==== $PTIIhome/travis/build/icyphy/ptII/ptolemy/domains/de/test/../../../../: Auto Automatic test in file $PTII/ptolemy/domains/de/test/auto/knownFailedTests/DirectFeedback.xml
==== Contents of test case:

	    # FIXME: we should use $relativeFilename here, but it
	    # might have backslashes under Windows, which causes no end
	    # of trouble.
	    createAndExecute $file
	    list {}
	
.... Test generated KNOWN error:
    while executing
ptolemy.kernel.util.IllegalActionException: Test fails in iteration 1.
Value was: 1.0. Should have been: 2.0
  in .DirectFeedback.Test
	at ptolemy.actor.lib.Test.fire(Test.java:268)
	at ptolemy.domains.de.kernel.DEDirector._fire(DEDirector.java:1949)
	at ptolemy.domains.de.kernel.DEDirector.fire(DEDirector.java:502)
	at ptolemy.actor.CompositeActor.fire(CompositeActor.java:455)
	at ptolemy.actor.Manager.iterate(Manager.java:851)
	at ptolemy.actor.Manager.execute(Manager.java:369)
	at ptolemy.actor.Manager.run(Manager.java:1263)
	at ptolemy.actor.Manager$PtolemyRunThread.run(Manager.java:1915)

    while executing
ptolemy.kernel.util.IllegalActionException: Test fails in iteration 1.
Value was: 1.0. Should have been: 2.0
  in .DirectFeedback.Test
    while executing
"java::new ptolemy.moml.MoMLSimpleApplication $file
"
    (procedure "createAndExecute" line 2)
    invoked from within
"createAndExecute $file"
    ("uplevel" body line 5)
    invoked from within
"uplevel $contents_of_test"
------------------ testing $PTII/ptolemy/domains/de/test/auto/ActorDepthCalculation_actorWithoutPorts.xml
auto.tcl: Setting watchdog for 200 seconds at Sat Jun 08 04:31:30 UTC 2019
8 ms. Memory: 146944K Free: 138678K (94%)
ptolemy.util.test.WatchDog.cancel(): canceling Sat Jun 08 04:31:30 UTC 2019
auto.tcl: Setting watchdog for 200 seconds at Sat Jun 08 04:31:30 UTC 2019
4 ms. Memory: 146944K Free: 137659K (94%)
ptolemy.util.test.WatchDog.cancel(): canceling Sat Jun 08 04:31:30 UTC 2019
------------------ testing $PTII/ptolemy/domains/de/test/auto/AssemblyLine.xml
auto.tcl: Setting watchdog for 200 seconds at Sat Jun 08 04:31:31 UTC 2019
23 ms. Memory: 208384K Free: 183408K (88%)
ptolemy.util.test.WatchDog.cancel(): canceling Sat Jun 08 04:31:31 UTC 2019
auto.tcl: Setting watchdog for 200 seconds at Sat Jun 08 04:31:31 UTC 2019
7 ms. Memory: 208384K Free: 183408K (88%)
ptolemy.util.test.WatchDog.cancel(): canceling Sat Jun 08 04:31:31 UTC 2019
------------------ testing $PTII/ptolemy/domains/de/test/auto/CQBug1.xml
auto.tcl: Setting watchdog for 200 seconds at Sat Jun 08 04:31:31 UTC 2019
12 ms. Memory: 208384K Free: 197912K (95%)
ptolemy.util.test.WatchDog.cancel(): canceling Sat Jun 08 04:31:31 UTC 2019
auto.tcl: Setting watchdog for 200 seconds at Sat Jun 08 04:31:31 UTC 2019
2 ms. Memory: 208384K Free: 197912K (95%)
ptolemy.util.test.WatchDog.cancel(): canceling Sat Jun 08 04:31:31 UTC 2019
------------------ testing $PTII/ptolemy/domains/de/test/auto/CancelFireAt.xml
auto.tcl: Setting watchdog for 200 seconds at Sat Jun 08 04:31:31 UTC 2019
7 ms. Memory: 208384K Free: 201572K (97%)
ptolemy.util.test.WatchDog.cancel(): canceling Sat Jun 08 04:31:31 UTC 2019
auto.tcl: Setting watchdog for 200 seconds at Sat Jun 08 04:31:31 UTC 2019
2 ms. Memory: 208384K Free: 199533K (96%)
ptolemy.util.test.WatchDog.cancel(): canceling Sat Jun 08 04:31:31 UTC 2019
------------------ testing $PTII/ptolemy/domains/de/test/auto/CausalityAndComposabilityAnalysis.xml
auto.tcl: Setting watchdog for 200 seconds at Sat Jun 08 04:31:31 UTC 2019
7 ms. Memory: 208384K Free: 198611K (95%)
ptolemy.util.test.WatchDog.cancel(): canceling Sat Jun 08 04:31:31 UTC 2019
auto.tcl: Setting watchdog for 200 seconds at Sat Jun 08 04:31:31 UTC 2019
5 ms. Memory: 208384K Free: 196572K (94%)
ptolemy.util.test.WatchDog.cancel(): canceling Sat Jun 08 04:31:31 UTC 2019
------------------ testing $PTII/ptolemy/domains/de/test/auto/CausalityInterface1.xml
auto.tcl: Setting watchdog for 200 seconds at Sat Jun 08 04:31:31 UTC 2019
16 ms. Memory: 208384K Free: 196509K (94%)
ptolemy.util.test.WatchDog.cancel(): canceling Sat Jun 08 04:31:31 UTC 2019
auto.tcl: Setting watchdog for 200 seconds at Sat Jun 08 04:31:31 UTC 2019
3 ms. Memory: 208384K Free: 196509K (94%)
ptolemy.util.test.WatchDog.cancel(): canceling Sat Jun 08 04:31:31 UTC 2019
------------------ testing $PTII/ptolemy/domains/de/test/auto/CausalityInterface15.xml
auto.tcl: Setting watchdog for 200 seconds at Sat Jun 08 04:31:31 UTC 2019
4 ms. Memory: 208384K Free: 196987K (95%)
ptolemy.util.test.WatchDog.cancel(): canceling Sat Jun 08 04:31:31 UTC 2019
auto.tcl: Setting watchdog for 200 seconds at Sat Jun 08 04:31:31 UTC 2019
4 ms. Memory: 208384K Free: 196987K (95%)
ptolemy.util.test.WatchDog.cancel(): canceling Sat Jun 08 04:31:31 UTC 2019
------------------ testing $PTII/ptolemy/domains/de/test/auto/CausalityInterface2.xml
auto.tcl: Setting watchdog for 200 seconds at Sat Jun 08 04:31:31 UTC 2019
4 ms. Memory: 208384K Free: 196483K (94%)
ptolemy.util.test.WatchDog.cancel(): canceling Sat Jun 08 04:31:31 UTC 2019
auto.tcl: Setting watchdog for 200 seconds at Sat Jun 08 04:31:31 UTC 2019
5 ms. Memory: 208384K Free: 196483K (94%)
ptolemy.util.test.WatchDog.cancel(): canceling Sat Jun 08 04:31:31 UTC 2019
------------------ testing $PTII/ptolemy/domains/de/test/auto/CausalityInterface3.xml
auto.tcl: Setting watchdog for 200 seconds at Sat Jun 08 04:31:31 UTC 2019
6 ms. Memory: 208384K Free: 196494K (94%)
ptolemy.util.test.WatchDog.cancel(): canceling Sat Jun 08 04:31:31 UTC 2019
auto.tcl: Setting watchdog for 200 seconds at Sat Jun 08 04:31:31 UTC 2019
3 ms. Memory: 208384K Free: 196494K (94%)
ptolemy.util.test.WatchDog.cancel(): canceling Sat Jun 08 04:31:32 UTC 2019
------------------ testing $PTII/ptolemy/domains/de/test/auto/ClockDrift.xml
auto.tcl: Setting watchdog for 200 seconds at Sat Jun 08 04:31:32 UTC 2019
82 ms. Memory: 208384K Free: 187906K (90%)
ptolemy.util.test.WatchDog.cancel(): canceling Sat Jun 08 04:31:32 UTC 2019
auto.tcl: Setting watchdog for 200 seconds at Sat Jun 08 04:31:32 UTC 2019
38 ms. Memory: 208384K Free: 185866K (89%)
ptolemy.util.test.WatchDog.cancel(): canceling Sat Jun 08 04:31:32 UTC 2019
------------------ testing $PTII/ptolemy/domains/de/test/auto/ClockDriftAndValueChange.xml
auto.tcl: Setting watchdog for 200 seconds at Sat Jun 08 04:31:32 UTC 2019
50 ms. Memory: 208384K Free: 187742K (90%)
ptolemy.util.test.WatchDog.cancel(): canceling Sat Jun 08 04:31:32 UTC 2019
auto.tcl: Setting watchdog for 200 seconds at Sat Jun 08 04:31:32 UTC 2019
38 ms. Memory: 208384K Free: 185702K (89%)
ptolemy.util.test.WatchDog.cancel(): canceling Sat Jun 08 04:31:32 UTC 2019
------------------ testing $PTII/ptolemy/domains/de/test/auto/ClockDriftChange.xml
auto.tcl: Setting watchdog for 200 seconds at Sat Jun 08 04:31:32 UTC 2019
33 ms. Memory: 208384K Free: 191004K (92%)
ptolemy.util.test.WatchDog.cancel(): canceling Sat Jun 08 04:31:32 UTC 2019
auto.tcl: Setting watchdog for 200 seconds at Sat Jun 08 04:31:32 UTC 2019
25 ms. Memory: 208384K Free: 188964K (91%)
ptolemy.util.test.WatchDog.cancel(): canceling Sat Jun 08 04:31:32 UTC 2019
------------------ testing $PTII/ptolemy/domains/de/test/auto/ComposableCausalityAnalysis.xml
auto.tcl: Setting watchdog for 200 seconds at Sat Jun 08 04:31:32 UTC 2019
3 ms. Memory: 208384K Free: 196350K (94%)
ptolemy.util.test.WatchDog.cancel(): canceling Sat Jun 08 04:31:32 UTC 2019
auto.tcl: Setting watchdog for 200 seconds at Sat Jun 08 04:31:32 UTC 2019
2 ms. Memory: 208384K Free: 194310K (93%)
ptolemy.util.test.WatchDog.cancel(): canceling Sat Jun 08 04:31:32 UTC 2019
------------------ testing $PTII/ptolemy/domains/de/test/auto/DEFixedPointLimitation.xml
auto.tcl: Setting watchdog for 200 seconds at Sat Jun 08 04:31:32 UTC 2019
3 ms. Memory: 208384K Free: 198470K (95%)
ptolemy.util.test.WatchDog.cancel(): canceling Sat Jun 08 04:31:32 UTC 2019
auto.tcl: Setting watchdog for 200 seconds at Sat Jun 08 04:31:32 UTC 2019
1 ms. Memory: 208384K Free: 196430K (94%)
ptolemy.util.test.WatchDog.cancel(): canceling Sat Jun 08 04:31:32 UTC 2019
------------------ testing $PTII/ptolemy/domains/de/test/auto/DEScheduleTest.xml
auto.tcl: Setting watchdog for 200 seconds at Sat Jun 08 04:31:32 UTC 2019
4 ms. Memory: 208384K Free: 199025K (96%)
ptolemy.util.test.WatchDog.cancel(): canceling Sat Jun 08 04:31:32 UTC 2019
auto.tcl: Setting watchdog for 200 seconds at Sat Jun 08 04:31:32 UTC 2019
4 ms. Memory: 208384K Free: 196466K (94%)
ptolemy.util.test.WatchDog.cancel(): canceling Sat Jun 08 04:31:32 UTC 2019
------------------ testing $PTII/ptolemy/domains/de/test/auto/DEinDEwithStartTimes.xml
auto.tcl: Setting watchdog for 200 seconds at Sat Jun 08 04:31:32 UTC 2019
7 ms. Memory: 208384K Free: 196436K (94%)
ptolemy.util.test.WatchDog.cancel(): canceling Sat Jun 08 04:31:32 UTC 2019
auto.tcl: Setting watchdog for 200 seconds at Sat Jun 08 04:31:32 UTC 2019
5 ms. Memory: 208384K Free: 196436K (94%)
ptolemy.util.test.WatchDog.cancel(): canceling Sat Jun 08 04:31:32 UTC 2019
------------------ testing $PTII/ptolemy/domains/de/test/auto/DEinDEwithStartTimes2.xml
auto.tcl: Setting watchdog for 200 seconds at Sat Jun 08 04:31:32 UTC 2019
4 ms. Memory: 208384K Free: 196416K (94%)
ptolemy.util.test.WatchDog.cancel(): canceling Sat Jun 08 04:31:32 UTC 2019
auto.tcl: Setting watchdog for 200 seconds at Sat Jun 08 04:31:32 UTC 2019
4 ms. Memory: 208384K Free: 194376K (93%)
ptolemy.util.test.WatchDog.cancel(): canceling Sat Jun 08 04:31:32 UTC 2019
------------------ testing $PTII/ptolemy/domains/de/test/auto/DateDemo.xml
auto.tcl: Setting watchdog for 200 seconds at Sat Jun 08 04:31:33 UTC 2019
15 ms. Memory: 208384K Free: 189026K (91%)
ptolemy.util.test.WatchDog.cancel(): canceling Sat Jun 08 04:31:33 UTC 2019
auto.tcl: Setting watchdog for 200 seconds at Sat Jun 08 04:31:33 UTC 2019
14 ms. Memory: 208384K Free: 186986K (90%)
ptolemy.util.test.WatchDog.cancel(): canceling Sat Jun 08 04:31:33 UTC 2019
------------------ testing $PTII/ptolemy/domains/de/test/auto/DateToEvent.xml
auto.tcl: Setting watchdog for 200 seconds at Sat Jun 08 04:31:33 UTC 2019
2023 ms. Memory: 208384K Free: 183913K (88%)
ptolemy.util.test.WatchDog.cancel(): canceling Sat Jun 08 04:31:35 UTC 2019
auto.tcl: Setting watchdog for 200 seconds at Sat Jun 08 04:31:35 UTC 2019
2006 ms. Memory: 208384K Free: 183913K (88%)
ptolemy.util.test.WatchDog.cancel(): canceling Sat Jun 08 04:31:37 UTC 2019
------------------ testing $PTII/ptolemy/domains/de/test/auto/DepthTest1.xml
auto.tcl: Setting watchdog for 200 seconds at Sat Jun 08 04:31:37 UTC 2019
3 ms. Memory: 208384K Free: 198553K (95%)
ptolemy.util.test.WatchDog.cancel(): canceling Sat Jun 08 04:31:37 UTC 2019
auto.tcl: Setting watchdog for 200 seconds at Sat Jun 08 04:31:37 UTC 2019
1 ms. Memory: 208384K Free: 198553K (95%)
ptolemy.util.test.WatchDog.cancel(): canceling Sat Jun 08 04:31:37 UTC 2019
------------------ testing $PTII/ptolemy/domains/de/test/auto/DepthTest2.xml
auto.tcl: Setting watchdog for 200 seconds at Sat Jun 08 04:31:37 UTC 2019
7 ms. Memory: 208384K Free: 194905K (94%)
ptolemy.util.test.WatchDog.cancel(): canceling Sat Jun 08 04:31:37 UTC 2019
auto.tcl: Setting watchdog for 200 seconds at Sat Jun 08 04:31:37 UTC 2019
5 ms. Memory: 208384K Free: 194905K (94%)
ptolemy.util.test.WatchDog.cancel(): canceling Sat Jun 08 04:31:37 UTC 2019
------------------ testing $PTII/ptolemy/domains/de/test/auto/DepthTest3.xml
auto.tcl: Setting watchdog for 200 seconds at Sat Jun 08 04:31:37 UTC 2019
4 ms. Memory: 208384K Free: 197138K (95%)
ptolemy.util.test.WatchDog.cancel(): canceling Sat Jun 08 04:31:37 UTC 2019
auto.tcl: Setting watchdog for 200 seconds at Sat Jun 08 04:31:37 UTC 2019
2 ms. Memory: 208384K Free: 197138K (95%)
ptolemy.util.test.WatchDog.cancel(): canceling Sat Jun 08 04:31:37 UTC 2019
------------------ testing $PTII/ptolemy/domains/de/test/auto/DepthTest4.xml
auto.tcl: Setting watchdog for 200 seconds at Sat Jun 08 04:31:37 UTC 2019
7 ms. Memory: 208384K Free: 196414K (94%)
ptolemy.util.test.WatchDog.cancel(): canceling Sat Jun 08 04:31:37 UTC 2019
auto.tcl: Setting watchdog for 200 seconds at Sat Jun 08 04:31:37 UTC 2019
5 ms. Memory: 208384K Free: 196414K (94%)
ptolemy.util.test.WatchDog.cancel(): canceling Sat Jun 08 04:31:37 UTC 2019
------------------ testing $PTII/ptolemy/domains/de/test/auto/DepthTest5.xml
auto.tcl: Setting watchdog for 200 seconds at Sat Jun 08 04:31:37 UTC 2019
6 ms. Memory: 208384K Free: 196361K (94%)
ptolemy.util.test.WatchDog.cancel(): canceling Sat Jun 08 04:31:37 UTC 2019
auto.tcl: Setting watchdog for 200 seconds at Sat Jun 08 04:31:37 UTC 2019
2 ms. Memory: 208384K Free: 196361K (94%)
ptolemy.util.test.WatchDog.cancel(): canceling Sat Jun 08 04:31:37 UTC 2019
------------------ testing $PTII/ptolemy/domains/de/test/auto/DepthTest6.xml
auto.tcl: Setting watchdog for 200 seconds at Sat Jun 08 04:31:37 UTC 2019
10 ms. Memory: 208384K Free: 196857K (94%)
ptolemy.util.test.WatchDog.cancel(): canceling Sat Jun 08 04:31:37 UTC 2019
auto.tcl: Setting watchdog for 200 seconds at Sat Jun 08 04:31:37 UTC 2019
3 ms. Memory: 208384K Free: 196857K (94%)
ptolemy.util.test.WatchDog.cancel(): canceling Sat Jun 08 04:31:37 UTC 2019
------------------ testing $PTII/ptolemy/domains/de/test/auto/DepthTest7.xml
auto.tcl: Setting watchdog for 200 seconds at Sat Jun 08 04:31:37 UTC 2019
3 ms. Memory: 208384K Free: 196318K (94%)
ptolemy.util.test.WatchDog.cancel(): canceling Sat Jun 08 04:31:37 UTC 2019
auto.tcl: Setting watchdog for 200 seconds at Sat Jun 08 04:31:37 UTC 2019
2 ms. Memory: 208384K Free: 196318K (94%)
ptolemy.util.test.WatchDog.cancel(): canceling Sat Jun 08 04:31:37 UTC 2019
------------------ testing $PTII/ptolemy/domains/de/test/auto/EventToDate.xml
auto.tcl: Setting watchdog for 200 seconds at Sat Jun 08 04:31:37 UTC 2019
3005 ms. Memory: 208384K Free: 183675K (88%)
ptolemy.util.test.WatchDog.cancel(): canceling Sat Jun 08 04:31:40 UTC 2019
auto.tcl: Setting watchdog for 200 seconds at Sat Jun 08 04:31:40 UTC 2019
3005 ms. Memory: 208384K Free: 183675K (88%)
ptolemy.util.test.WatchDog.cancel(): canceling Sat Jun 08 04:31:43 UTC 2019
------------------ testing $PTII/ptolemy/domains/de/test/auto/FSM1.xml
auto.tcl: Setting watchdog for 200 seconds at Sat Jun 08 04:31:43 UTC 2019
22 ms. Memory: 208384K Free: 190009K (91%)
ptolemy.util.test.WatchDog.cancel(): canceling Sat Jun 08 04:31:43 UTC 2019
auto.tcl: Setting watchdog for 200 seconds at Sat Jun 08 04:31:43 UTC 2019
15 ms. Memory: 208384K Free: 185929K (89%)
ptolemy.util.test.WatchDog.cancel(): canceling Sat Jun 08 04:31:44 UTC 2019
------------------ testing $PTII/ptolemy/domains/de/test/auto/FSM7.xml
auto.tcl: Setting watchdog for 200 seconds at Sat Jun 08 04:31:44 UTC 2019
28 ms. Memory: 208384K Free: 189693K (91%)
ptolemy.util.test.WatchDog.cancel(): canceling Sat Jun 08 04:31:44 UTC 2019
auto.tcl: Setting watchdog for 200 seconds at Sat Jun 08 04:31:44 UTC 2019
23 ms. Memory: 208384K Free: 185613K (89%)
ptolemy.util.test.WatchDog.cancel(): canceling Sat Jun 08 04:31:44 UTC 2019
------------------ testing $PTII/ptolemy/domains/de/test/auto/Inspection.xml
auto.tcl: Setting watchdog for 200 seconds at Sat Jun 08 04:31:44 UTC 2019
25 ms. Memory: 208384K Free: 188865K (91%)
ptolemy.util.test.WatchDog.cancel(): canceling Sat Jun 08 04:31:44 UTC 2019
auto.tcl: Setting watchdog for 200 seconds at Sat Jun 08 04:31:44 UTC 2019
42 ms. Memory: 208384K Free: 186825K (90%)
ptolemy.util.test.WatchDog.cancel(): canceling Sat Jun 08 04:31:44 UTC 2019
------------------ testing $PTII/ptolemy/domains/de/test/auto/Iteration.xml
auto.tcl: Setting watchdog for 200 seconds at Sat Jun 08 04:31:44 UTC 2019
8 ms. Memory: 208384K Free: 196641K (94%)
ptolemy.util.test.WatchDog.cancel(): canceling Sat Jun 08 04:31:44 UTC 2019
auto.tcl: Setting watchdog for 200 seconds at Sat Jun 08 04:31:44 UTC 2019
6 ms. Memory: 208384K Free: 194601K (93%)
ptolemy.util.test.WatchDog.cancel(): canceling Sat Jun 08 04:31:44 UTC 2019
------------------ testing $PTII/ptolemy/domains/de/test/auto/LineFault.xml
auto.tcl: Setting watchdog for 200 seconds at Sat Jun 08 04:31:44 UTC 2019
720 ms. Memory: 208384K Free: 199856K (96%)
ptolemy.util.test.WatchDog.cancel(): canceling Sat Jun 08 04:31:45 UTC 2019
auto.tcl: Setting watchdog for 200 seconds at Sat Jun 08 04:31:45 UTC 2019
612 ms. Memory: 208384K Free: 142486K (68%)
ptolemy.util.test.WatchDog.cancel(): canceling Sat Jun 08 04:31:46 UTC 2019
------------------ testing $PTII/ptolemy/domains/de/test/auto/MergeModel1Add.xml
auto.tcl: Setting watchdog for 200 seconds at Sat Jun 08 04:31:46 UTC 2019
18 ms. Memory: 331264K Free: 300830K (91%)
ptolemy.util.test.WatchDog.cancel(): canceling Sat Jun 08 04:31:46 UTC 2019
auto.tcl: Setting watchdog for 200 seconds at Sat Jun 08 04:31:46 UTC 2019
17 ms. Memory: 331264K Free: 300830K (91%)
ptolemy.util.test.WatchDog.cancel(): canceling Sat Jun 08 04:31:46 UTC 2019
------------------ testing $PTII/ptolemy/domains/de/test/auto/MergeModel2Add.xml
auto.tcl: Setting watchdog for 200 seconds at Sat Jun 08 04:31:46 UTC 2019
9 ms. Memory: 331264K Free: 305748K (92%)
ptolemy.util.test.WatchDog.cancel(): canceling Sat Jun 08 04:31:46 UTC 2019
auto.tcl: Setting watchdog for 200 seconds at Sat Jun 08 04:31:46 UTC 2019
8 ms. Memory: 331264K Free: 302183K (91%)
ptolemy.util.test.WatchDog.cancel(): canceling Sat Jun 08 04:31:46 UTC 2019
------------------ testing $PTII/ptolemy/domains/de/test/auto/MergeModel3Add.xml
auto.tcl: Setting watchdog for 200 seconds at Sat Jun 08 04:31:46 UTC 2019
10 ms. Memory: 331264K Free: 305316K (92%)
ptolemy.util.test.WatchDog.cancel(): canceling Sat Jun 08 04:31:46 UTC 2019
auto.tcl: Setting watchdog for 200 seconds at Sat Jun 08 04:31:46 UTC 2019
5 ms. Memory: 331264K Free: 301751K (91%)
ptolemy.util.test.WatchDog.cancel(): canceling Sat Jun 08 04:31:46 UTC 2019
------------------ testing $PTII/ptolemy/domains/de/test/auto/MergeWithoutDiscard.xml
auto.tcl: Setting watchdog for 200 seconds at Sat Jun 08 04:31:46 UTC 2019
2 ms. Memory: 331264K Free: 316713K (96%)
ptolemy.util.test.WatchDog.cancel(): canceling Sat Jun 08 04:31:46 UTC 2019
auto.tcl: Setting watchdog for 200 seconds at Sat Jun 08 04:31:46 UTC 2019
1 ms. Memory: 331264K Free: 316713K (96%)
ptolemy.util.test.WatchDog.cancel(): canceling Sat Jun 08 04:31:46 UTC 2019
------------------ testing $PTII/ptolemy/domains/de/test/auto/Modal1.xml
auto.tcl: Setting watchdog for 200 seconds at Sat Jun 08 04:31:46 UTC 2019
16 ms. Memory: 331264K Free: 310314K (94%)
ptolemy.util.test.WatchDog.cancel(): canceling Sat Jun 08 04:31:46 UTC 2019
auto.tcl: Setting watchdog for 200 seconds at Sat Jun 08 04:31:46 UTC 2019
10 ms. Memory: 331264K Free: 306749K (93%)
ptolemy.util.test.WatchDog.cancel(): canceling Sat Jun 08 04:31:46 UTC 2019
------------------ testing $PTII/ptolemy/domains/de/test/auto/Modal2.xml
auto.tcl: Setting watchdog for 200 seconds at Sat Jun 08 04:31:46 UTC 2019
20 ms. Memory: 331264K Free: 310188K (94%)
ptolemy.util.test.WatchDog.cancel(): canceling Sat Jun 08 04:31:46 UTC 2019
auto.tcl: Setting watchdog for 200 seconds at Sat Jun 08 04:31:46 UTC 2019
20 ms. Memory: 331264K Free: 306623K (93%)
ptolemy.util.test.WatchDog.cancel(): canceling Sat Jun 08 04:31:46 UTC 2019
------------------ testing $PTII/ptolemy/domains/de/test/auto/Modal3.xml
auto.tcl: Setting watchdog for 200 seconds at Sat Jun 08 04:31:46 UTC 2019
17 ms. Memory: 331264K Free: 310186K (94%)
ptolemy.util.test.WatchDog.cancel(): canceling Sat Jun 08 04:31:46 UTC 2019
auto.tcl: Setting watchdog for 200 seconds at Sat Jun 08 04:31:46 UTC 2019
14 ms. Memory: 331264K Free: 306621K (93%)
ptolemy.util.test.WatchDog.cancel(): canceling Sat Jun 08 04:31:46 UTC 2019
------------------ testing $PTII/ptolemy/domains/de/test/auto/Modal4.xml
auto.tcl: Setting watchdog for 200 seconds at Sat Jun 08 04:31:46 UTC 2019
28 ms. Memory: 331264K Free: 310199K (94%)
ptolemy.util.test.WatchDog.cancel(): canceling Sat Jun 08 04:31:47 UTC 2019
auto.tcl: Setting watchdog for 200 seconds at Sat Jun 08 04:31:47 UTC 2019
19 ms. Memory: 331264K Free: 306634K (93%)
ptolemy.util.test.WatchDog.cancel(): canceling Sat Jun 08 04:31:47 UTC 2019
------------------ testing $PTII/ptolemy/domains/de/test/auto/Modal5.xml
auto.tcl: Setting watchdog for 200 seconds at Sat Jun 08 04:31:47 UTC 2019
17 ms. Memory: 331264K Free: 310186K (94%)
ptolemy.util.test.WatchDog.cancel(): canceling Sat Jun 08 04:31:47 UTC 2019
auto.tcl: Setting watchdog for 200 seconds at Sat Jun 08 04:31:47 UTC 2019
13 ms. Memory: 331264K Free: 306621K (93%)
ptolemy.util.test.WatchDog.cancel(): canceling Sat Jun 08 04:31:47 UTC 2019
------------------ testing $PTII/ptolemy/domains/de/test/auto/Modal6.xml
auto.tcl: Setting watchdog for 200 seconds at Sat Jun 08 04:31:47 UTC 2019
16 ms. Memory: 331264K Free: 310184K (94%)
ptolemy.util.test.WatchDog.cancel(): canceling Sat Jun 08 04:31:47 UTC 2019
auto.tcl: Setting watchdog for 200 seconds at Sat Jun 08 04:31:47 UTC 2019
16 ms. Memory: 331264K Free: 306619K (93%)
ptolemy.util.test.WatchDog.cancel(): canceling Sat Jun 08 04:31:47 UTC 2019
------------------ testing $PTII/ptolemy/domains/de/test/auto/Modal7.xml
auto.tcl: Setting watchdog for 200 seconds at Sat Jun 08 04:31:47 UTC 2019
18 ms. Memory: 331264K Free: 306619K (93%)
ptolemy.util.test.WatchDog.cancel(): canceling Sat Jun 08 04:31:47 UTC 2019
auto.tcl: Setting watchdog for 200 seconds at Sat Jun 08 04:31:47 UTC 2019
11 ms. Memory: 331264K Free: 303054K (91%)
ptolemy.util.test.WatchDog.cancel(): canceling Sat Jun 08 04:31:47 UTC 2019
------------------ testing $PTII/ptolemy/domains/de/test/auto/ModalModel.xml
auto.tcl: Setting watchdog for 200 seconds at Sat Jun 08 04:31:47 UTC 2019
202 ms. Memory: 331264K Free: 247629K (75%)
ptolemy.util.test.WatchDog.cancel(): canceling Sat Jun 08 04:31:47 UTC 2019
auto.tcl: Setting watchdog for 200 seconds at Sat Jun 08 04:31:47 UTC 2019
189 ms. Memory: 331264K Free: 190597K (58%)
ptolemy.util.test.WatchDog.cancel(): canceling Sat Jun 08 04:31:47 UTC 2019
------------------ testing $PTII/ptolemy/domains/de/test/auto/ModalSource.xml
auto.tcl: Setting watchdog for 200 seconds at Sat Jun 08 04:31:48 UTC 2019
11 ms. Memory: 331264K Free: 316238K (95%)
ptolemy.util.test.WatchDog.cancel(): canceling Sat Jun 08 04:31:48 UTC 2019
auto.tcl: Setting watchdog for 200 seconds at Sat Jun 08 04:31:48 UTC 2019
7 ms. Memory: 331264K Free: 312972K (94%)
ptolemy.util.test.WatchDog.cancel(): canceling Sat Jun 08 04:31:48 UTC 2019
------------------ testing $PTII/ptolemy/domains/de/test/auto/NonInterruptibleTimerZeroDelay.xml
auto.tcl: Setting watchdog for 200 seconds at Sat Jun 08 04:31:48 UTC 2019
5 ms. Memory: 331264K Free: 320594K (97%)
ptolemy.util.test.WatchDog.cancel(): canceling Sat Jun 08 04:31:48 UTC 2019
auto.tcl: Setting watchdog for 200 seconds at Sat Jun 08 04:31:48 UTC 2019
2 ms. Memory: 331264K Free: 317329K (96%)
ptolemy.util.test.WatchDog.cancel(): canceling Sat Jun 08 04:31:48 UTC 2019
------------------ testing $PTII/ptolemy/domains/de/test/auto/OpenQueueingNetwork.xml
auto.tcl: Setting watchdog for 200 seconds at Sat Jun 08 04:31:48 UTC 2019
2870 ms. Memory: 573952K Free: 413789K (72%)
ptolemy.util.test.WatchDog.cancel(): canceling Sat Jun 08 04:31:51 UTC 2019
auto.tcl: Setting watchdog for 200 seconds at Sat Jun 08 04:31:51 UTC 2019
2255 ms. Memory: 550912K Free: 309245K (56%)
ptolemy.util.test.WatchDog.cancel(): canceling Sat Jun 08 04:31:53 UTC 2019
------------------ testing $PTII/ptolemy/domains/de/test/auto/OpenQueuingNetwork.xml
auto.tcl: Setting watchdog for 200 seconds at Sat Jun 08 04:31:53 UTC 2019
239 ms. Memory: 549888K Free: 444207K (81%)
ptolemy.util.test.WatchDog.cancel(): canceling Sat Jun 08 04:31:53 UTC 2019
auto.tcl: Setting watchdog for 200 seconds at Sat Jun 08 04:31:53 UTC 2019
229 ms. Memory: 549888K Free: 384851K (70%)
ptolemy.util.test.WatchDog.cancel(): canceling Sat Jun 08 04:31:54 UTC 2019
------------------ testing $PTII/ptolemy/domains/de/test/auto/PeriodicSampler.xml
auto.tcl: Setting watchdog for 200 seconds at Sat Jun 08 04:31:54 UTC 2019
3 ms. Memory: 551936K Free: 534562K (97%)
ptolemy.util.test.WatchDog.cancel(): canceling Sat Jun 08 04:31:54 UTC 2019
auto.tcl: Setting watchdog for 200 seconds at Sat Jun 08 04:31:54 UTC 2019
1 ms. Memory: 551936K Free: 534562K (97%)
ptolemy.util.test.WatchDog.cancel(): canceling Sat Jun 08 04:31:54 UTC 2019
------------------ testing $PTII/ptolemy/domains/de/test/auto/PersistentIO.xml
auto.tcl: Setting watchdog for 200 seconds at Sat Jun 08 04:31:54 UTC 2019
5 ms. Memory: 549376K Free: 526549K (96%)
ptolemy.util.test.WatchDog.cancel(): canceling Sat Jun 08 04:31:54 UTC 2019
auto.tcl: Setting watchdog for 200 seconds at Sat Jun 08 04:31:54 UTC 2019
3 ms. Memory: 549376K Free: 526549K (96%)
ptolemy.util.test.WatchDog.cancel(): canceling Sat Jun 08 04:31:54 UTC 2019
------------------ testing $PTII/ptolemy/domains/de/test/auto/PortParameterResetOnInitialize.xml
auto.tcl: Setting watchdog for 200 seconds at Sat Jun 08 04:31:54 UTC 2019
6 ms. Memory: 551424K Free: 530374K (96%)
ptolemy.util.test.WatchDog.cancel(): canceling Sat Jun 08 04:31:54 UTC 2019
auto.tcl: Setting watchdog for 200 seconds at Sat Jun 08 04:31:54 UTC 2019
1 ms. Memory: 551424K Free: 530374K (96%)
ptolemy.util.test.WatchDog.cancel(): canceling Sat Jun 08 04:31:54 UTC 2019
------------------ testing $PTII/ptolemy/domains/de/test/auto/PortParameterUpdates.xml
auto.tcl: Setting watchdog for 200 seconds at Sat Jun 08 04:31:54 UTC 2019
3 ms. Memory: 549376K Free: 528460K (96%)
ptolemy.util.test.WatchDog.cancel(): canceling Sat Jun 08 04:31:54 UTC 2019
auto.tcl: Setting watchdog for 200 seconds at Sat Jun 08 04:31:54 UTC 2019
3 ms. Memory: 549376K Free: 528460K (96%)
ptolemy.util.test.WatchDog.cancel(): canceling Sat Jun 08 04:31:54 UTC 2019
------------------ testing $PTII/ptolemy/domains/de/test/auto/QueueAndServer.xml
auto.tcl: Setting watchdog for 200 seconds at Sat Jun 08 04:31:54 UTC 2019
18 ms. Memory: 551424K Free: 529929K (96%)
ptolemy.util.test.WatchDog.cancel(): canceling Sat Jun 08 04:31:54 UTC 2019
auto.tcl: Setting watchdog for 200 seconds at Sat Jun 08 04:31:54 UTC 2019
6 ms. Memory: 551424K Free: 523334K (95%)
ptolemy.util.test.WatchDog.cancel(): canceling Sat Jun 08 04:31:54 UTC 2019
------------------ testing $PTII/ptolemy/domains/de/test/auto/Records.xml
auto.tcl: Setting watchdog for 200 seconds at Sat Jun 08 04:31:54 UTC 2019
11 ms. Memory: 549376K Free: 527822K (96%)
ptolemy.util.test.WatchDog.cancel(): canceling Sat Jun 08 04:31:54 UTC 2019
auto.tcl: Setting watchdog for 200 seconds at Sat Jun 08 04:31:54 UTC 2019
2 ms. Memory: 549376K Free: 527822K (96%)
ptolemy.util.test.WatchDog.cancel(): canceling Sat Jun 08 04:31:54 UTC 2019
------------------ testing $PTII/ptolemy/domains/de/test/auto/ResetTransitionWithStartTime1.xml
auto.tcl: Setting watchdog for 200 seconds at Sat Jun 08 04:31:54 UTC 2019
15 ms. Memory: 551424K Free: 534574K (97%)
ptolemy.util.test.WatchDog.cancel(): canceling Sat Jun 08 04:31:54 UTC 2019
auto.tcl: Setting watchdog for 200 seconds at Sat Jun 08 04:31:54 UTC 2019
8 ms. Memory: 551424K Free: 527963K (96%)
ptolemy.util.test.WatchDog.cancel(): canceling Sat Jun 08 04:31:54 UTC 2019
------------------ testing $PTII/ptolemy/domains/de/test/auto/ResetTransitionWithStartTime2.xml
auto.tcl: Setting watchdog for 200 seconds at Sat Jun 08 04:31:54 UTC 2019
5 ms. Memory: 549376K Free: 533060K (97%)
ptolemy.util.test.WatchDog.cancel(): canceling Sat Jun 08 04:31:54 UTC 2019
auto.tcl: Setting watchdog for 200 seconds at Sat Jun 08 04:31:54 UTC 2019
5 ms. Memory: 549376K Free: 526457K (96%)
ptolemy.util.test.WatchDog.cancel(): canceling Sat Jun 08 04:31:54 UTC 2019
------------------ testing $PTII/ptolemy/domains/de/test/auto/ResetTransitionWithStartTime3.xml
auto.tcl: Setting watchdog for 200 seconds at Sat Jun 08 04:31:54 UTC 2019
7 ms. Memory: 550912K Free: 533914K (97%)
ptolemy.util.test.WatchDog.cancel(): canceling Sat Jun 08 04:31:54 UTC 2019
auto.tcl: Setting watchdog for 200 seconds at Sat Jun 08 04:31:54 UTC 2019
6 ms. Memory: 550912K Free: 527311K (96%)
ptolemy.util.test.WatchDog.cancel(): canceling Sat Jun 08 04:31:54 UTC 2019
------------------ testing $PTII/ptolemy/domains/de/test/auto/ResetTransitionWithStartTime4.xml
auto.tcl: Setting watchdog for 200 seconds at Sat Jun 08 04:31:54 UTC 2019
3 ms. Memory: 549376K Free: 532376K (97%)
ptolemy.util.test.WatchDog.cancel(): canceling Sat Jun 08 04:31:54 UTC 2019
auto.tcl: Setting watchdog for 200 seconds at Sat Jun 08 04:31:54 UTC 2019
4 ms. Memory: 549376K Free: 525765K (96%)
ptolemy.util.test.WatchDog.cancel(): canceling Sat Jun 08 04:31:54 UTC 2019
------------------ testing $PTII/ptolemy/domains/de/test/auto/ResettableTimer1.xml
auto.tcl: Setting watchdog for 200 seconds at Sat Jun 08 04:31:54 UTC 2019
2 ms. Memory: 550912K Free: 533907K (97%)
ptolemy.util.test.WatchDog.cancel(): canceling Sat Jun 08 04:31:54 UTC 2019
auto.tcl: Setting watchdog for 200 seconds at Sat Jun 08 04:31:54 UTC 2019
2 ms. Memory: 550912K Free: 533907K (97%)
ptolemy.util.test.WatchDog.cancel(): canceling Sat Jun 08 04:31:54 UTC 2019
------------------ testing $PTII/ptolemy/domains/de/test/auto/ResettableTimer2.xml
auto.tcl: Setting watchdog for 200 seconds at Sat Jun 08 04:31:55 UTC 2019
8 ms. Memory: 549376K Free: 532972K (97%)
ptolemy.util.test.WatchDog.cancel(): canceling Sat Jun 08 04:31:55 UTC 2019
auto.tcl: Setting watchdog for 200 seconds at Sat Jun 08 04:31:55 UTC 2019
2 ms. Memory: 549376K Free: 532972K (97%)
ptolemy.util.test.WatchDog.cancel(): canceling Sat Jun 08 04:31:55 UTC 2019
------------------ testing $PTII/ptolemy/domains/de/test/auto/ResettableTimer3.xml
auto.tcl: Setting watchdog for 200 seconds at Sat Jun 08 04:31:55 UTC 2019
1 ms. Memory: 550912K Free: 533965K (97%)
ptolemy.util.test.WatchDog.cancel(): canceling Sat Jun 08 04:31:55 UTC 2019
auto.tcl: Setting watchdog for 200 seconds at Sat Jun 08 04:31:55 UTC 2019
1 ms. Memory: 550912K Free: 533965K (97%)
ptolemy.util.test.WatchDog.cancel(): canceling Sat Jun 08 04:31:55 UTC 2019
------------------ testing $PTII/ptolemy/domains/de/test/auto/ResettableTimer4.xml
auto.tcl: Setting watchdog for 200 seconds at Sat Jun 08 04:31:55 UTC 2019
1 ms. Memory: 549376K Free: 532984K (97%)
ptolemy.util.test.WatchDog.cancel(): canceling Sat Jun 08 04:31:55 UTC 2019
auto.tcl: Setting watchdog for 200 seconds at Sat Jun 08 04:31:55 UTC 2019
2 ms. Memory: 549376K Free: 532984K (97%)
ptolemy.util.test.WatchDog.cancel(): canceling Sat Jun 08 04:31:55 UTC 2019
------------------ testing $PTII/ptolemy/domains/de/test/auto/ResettableTimer5.xml
auto.tcl: Setting watchdog for 200 seconds at Sat Jun 08 04:31:55 UTC 2019
1 ms. Memory: 550400K Free: 529327K (96%)
ptolemy.util.test.WatchDog.cancel(): canceling Sat Jun 08 04:31:55 UTC 2019
auto.tcl: Setting watchdog for 200 seconds at Sat Jun 08 04:31:55 UTC 2019
2 ms. Memory: 550400K Free: 529327K (96%)
ptolemy.util.test.WatchDog.cancel(): canceling Sat Jun 08 04:31:55 UTC 2019
------------------ testing $PTII/ptolemy/domains/de/test/auto/ResettableTimer6.xml
auto.tcl: Setting watchdog for 200 seconds at Sat Jun 08 04:31:55 UTC 2019
1 ms. Memory: 549376K Free: 527709K (96%)
ptolemy.util.test.WatchDog.cancel(): canceling Sat Jun 08 04:31:55 UTC 2019
auto.tcl: Setting watchdog for 200 seconds at Sat Jun 08 04:31:55 UTC 2019
1 ms. Memory: 549376K Free: 527709K (96%)
ptolemy.util.test.WatchDog.cancel(): canceling Sat Jun 08 04:31:55 UTC 2019
------------------ testing $PTII/ptolemy/domains/de/test/auto/ServerZeroDelay.xml
auto.tcl: Setting watchdog for 200 seconds at Sat Jun 08 04:31:55 UTC 2019
5 ms. Memory: 550400K Free: 533947K (97%)
ptolemy.util.test.WatchDog.cancel(): canceling Sat Jun 08 04:31:55 UTC 2019
auto.tcl: Setting watchdog for 200 seconds at Sat Jun 08 04:31:55 UTC 2019
2 ms. Memory: 550400K Free: 533947K (97%)
ptolemy.util.test.WatchDog.cancel(): canceling Sat Jun 08 04:31:55 UTC 2019
------------------ testing $PTII/ptolemy/domains/de/test/auto/SmartSender.xml
auto.tcl: Setting watchdog for 200 seconds at Sat Jun 08 04:31:55 UTC 2019
3002 ms. Memory: 549376K Free: 528238K (96%)
ptolemy.util.test.WatchDog.cancel(): canceling Sat Jun 08 04:31:58 UTC 2019
auto.tcl: Setting watchdog for 200 seconds at Sat Jun 08 04:31:58 UTC 2019
3002 ms. Memory: 549376K Free: 528238K (96%)
ptolemy.util.test.WatchDog.cancel(): canceling Sat Jun 08 04:32:01 UTC 2019
------------------ testing $PTII/ptolemy/domains/de/test/auto/ThreadedComposite.xml
auto.tcl: Setting watchdog for 200 seconds at Sat Jun 08 04:32:01 UTC 2019
205 ms. Memory: 550400K Free: 512778K (93%)
ptolemy.util.test.WatchDog.cancel(): canceling Sat Jun 08 04:32:01 UTC 2019
auto.tcl: Setting watchdog for 200 seconds at Sat Jun 08 04:32:01 UTC 2019
116 ms. Memory: 550400K Free: 487465K (89%)
ptolemy.util.test.WatchDog.cancel(): canceling Sat Jun 08 04:32:01 UTC 2019
------------------ testing $PTII/ptolemy/domains/de/test/auto/Time.xml
auto.tcl: Setting watchdog for 200 seconds at Sat Jun 08 04:32:01 UTC 2019
484 ms. Memory: 549376K Free: 475943K (87%)
ptolemy.util.test.WatchDog.cancel(): canceling Sat Jun 08 04:32:02 UTC 2019
auto.tcl: Setting watchdog for 200 seconds at Sat Jun 08 04:32:02 UTC 2019
491 ms. Memory: 549376K Free: 416587K (76%)
ptolemy.util.test.WatchDog.cancel(): canceling Sat Jun 08 04:32:02 UTC 2019
------------------ testing $PTII/ptolemy/domains/de/test/auto/TimeDelayZeroDelay.xml
auto.tcl: Setting watchdog for 200 seconds at Sat Jun 08 04:32:02 UTC 2019
1 ms. Memory: 550400K Free: 533321K (97%)
ptolemy.util.test.WatchDog.cancel(): canceling Sat Jun 08 04:32:02 UTC 2019
auto.tcl: Setting watchdog for 200 seconds at Sat Jun 08 04:32:02 UTC 2019
2 ms. Memory: 550400K Free: 533321K (97%)
ptolemy.util.test.WatchDog.cancel(): canceling Sat Jun 08 04:32:02 UTC 2019
------------------ testing $PTII/ptolemy/domains/de/test/auto/TimerZeroDelay.xml
auto.tcl: Setting watchdog for 200 seconds at Sat Jun 08 04:32:03 UTC 2019
2 ms. Memory: 549376K Free: 532341K (97%)
ptolemy.util.test.WatchDog.cancel(): canceling Sat Jun 08 04:32:03 UTC 2019
auto.tcl: Setting watchdog for 200 seconds at Sat Jun 08 04:32:03 UTC 2019
2 ms. Memory: 549376K Free: 532341K (97%)
ptolemy.util.test.WatchDog.cancel(): canceling Sat Jun 08 04:32:03 UTC 2019
------------------ testing $PTII/ptolemy/domains/de/test/auto/TimingParadox.xml
auto.tcl: Setting watchdog for 200 seconds at Sat Jun 08 04:32:03 UTC 2019
360 ms. Memory: 549888K Free: 462392K (84%)
ptolemy.util.test.WatchDog.cancel(): canceling Sat Jun 08 04:32:03 UTC 2019
auto.tcl: Setting watchdog for 200 seconds at Sat Jun 08 04:32:03 UTC 2019
396 ms. Memory: 549888K Free: 429416K (78%)
ptolemy.util.test.WatchDog.cancel(): canceling Sat Jun 08 04:32:03 UTC 2019
------------------ testing $PTII/ptolemy/domains/de/test/auto/TransferInputs.xml
auto.tcl: Setting watchdog for 200 seconds at Sat Jun 08 04:32:04 UTC 2019
1 ms. Memory: 549888K Free: 532356K (97%)
ptolemy.util.test.WatchDog.cancel(): canceling Sat Jun 08 04:32:04 UTC 2019
auto.tcl: Setting watchdog for 200 seconds at Sat Jun 08 04:32:04 UTC 2019
1 ms. Memory: 549888K Free: 532356K (97%)
ptolemy.util.test.WatchDog.cancel(): canceling Sat Jun 08 04:32:04 UTC 2019
------------------ testing $PTII/ptolemy/domains/de/test/auto/TransferOutputs2.xml
auto.tcl: Setting watchdog for 200 seconds at Sat Jun 08 04:32:04 UTC 2019
3 ms. Memory: 549376K Free: 526334K (96%)
ptolemy.util.test.WatchDog.cancel(): canceling Sat Jun 08 04:32:04 UTC 2019
auto.tcl: Setting watchdog for 200 seconds at Sat Jun 08 04:32:04 UTC 2019
3 ms. Memory: 549376K Free: 526334K (96%)
ptolemy.util.test.WatchDog.cancel(): canceling Sat Jun 08 04:32:04 UTC 2019
------------------ testing $PTII/ptolemy/domains/de/test/auto/Trilateration.xml
auto.tcl: Setting watchdog for 200 seconds at Sat Jun 08 04:32:04 UTC 2019
13621 ms. Memory: 453632K Free: 137948K (30%)
ptolemy.util.test.WatchDog.cancel(): canceling Sat Jun 08 04:32:18 UTC 2019
auto.tcl: Setting watchdog for 200 seconds at Sat Jun 08 04:32:18 UTC 2019
10596 ms. Memory: 331264K Free: 245068K (74%)
ptolemy.util.test.WatchDog.cancel(): canceling Sat Jun 08 04:32:29 UTC 2019
------------------ testing $PTII/ptolemy/domains/de/test/auto/TwoSigmaDelta.xml
auto.tcl: Setting watchdog for 200 seconds at Sat Jun 08 04:32:29 UTC 2019
2618 ms. Memory: 320000K Free: 266180K (83%)
ptolemy.util.test.WatchDog.cancel(): canceling Sat Jun 08 04:32:32 UTC 2019
auto.tcl: Setting watchdog for 200 seconds at Sat Jun 08 04:32:32 UTC 2019
2019 ms. Memory: 307712K Free: 256787K (83%)
ptolemy.util.test.WatchDog.cancel(): canceling Sat Jun 08 04:32:34 UTC 2019
------------------ testing $PTII/ptolemy/domains/de/test/auto/VariableDelay.xml
auto.tcl: Setting watchdog for 200 seconds at Sat Jun 08 04:32:34 UTC 2019
4 ms. Memory: 309760K Free: 292878K (95%)
ptolemy.util.test.WatchDog.cancel(): canceling Sat Jun 08 04:32:34 UTC 2019
auto.tcl: Setting watchdog for 200 seconds at Sat Jun 08 04:32:34 UTC 2019
1 ms. Memory: 309760K Free: 292878K (95%)
ptolemy.util.test.WatchDog.cancel(): canceling Sat Jun 08 04:32:34 UTC 2019
------------------ testing $PTII/ptolemy/domains/de/test/auto/VariableDelay2.xml
auto.tcl: Setting watchdog for 200 seconds at Sat Jun 08 04:32:34 UTC 2019
2 ms. Memory: 307712K Free: 293519K (95%)
ptolemy.util.test.WatchDog.cancel(): canceling Sat Jun 08 04:32:34 UTC 2019
auto.tcl: Setting watchdog for 200 seconds at Sat Jun 08 04:32:34 UTC 2019
1 ms. Memory: 307712K Free: 293519K (95%)
ptolemy.util.test.WatchDog.cancel(): canceling Sat Jun 08 04:32:34 UTC 2019
------------------ testing $PTII/ptolemy/domains/de/test/auto/VariableDelayZeroDelay.xml
auto.tcl: Setting watchdog for 200 seconds at Sat Jun 08 04:32:34 UTC 2019
4 ms. Memory: 309248K Free: 296121K (96%)
ptolemy.util.test.WatchDog.cancel(): canceling Sat Jun 08 04:32:34 UTC 2019
auto.tcl: Setting watchdog for 200 seconds at Sat Jun 08 04:32:34 UTC 2019
2 ms. Memory: 309248K Free: 292799K (95%)
ptolemy.util.test.WatchDog.cancel(): canceling Sat Jun 08 04:32:34 UTC 2019
------------------ testing $PTII/ptolemy/domains/de/test/auto/VariableDelayZeroDelay2.xml
auto.tcl: Setting watchdog for 200 seconds at Sat Jun 08 04:32:34 UTC 2019
4 ms. Memory: 307712K Free: 294583K (96%)
ptolemy.util.test.WatchDog.cancel(): canceling Sat Jun 08 04:32:34 UTC 2019
auto.tcl: Setting watchdog for 200 seconds at Sat Jun 08 04:32:34 UTC 2019
2 ms. Memory: 307712K Free: 291253K (95%)
ptolemy.util.test.WatchDog.cancel(): canceling Sat Jun 08 04:32:34 UTC 2019
------------------ testing $PTII/ptolemy/domains/de/test/auto/deInCt.xml
auto.tcl: Setting watchdog for 200 seconds at Sat Jun 08 04:32:34 UTC 2019
0
1
1
1
0
0
0
1
1
1
0
0
0
1
1
1
1
0
0
0
1
1
1
0
0
0
1
1
1
1
0
0
1
1
1
0
0
0
0
1
1
1
1
11 ms. Memory: 309248K Free: 292766K (95%)
ptolemy.util.test.WatchDog.cancel(): canceling Sat Jun 08 04:32:34 UTC 2019
auto.tcl: Setting watchdog for 200 seconds at Sat Jun 08 04:32:34 UTC 2019
0
1
1
1
0
0
1
1
1
0
0
0
0
1
1
1
0
0
0
0
0
1
1
0
0
0
0
0
0
0
1
1
1
1
6 ms. Memory: 309248K Free: 292766K (95%)
ptolemy.util.test.WatchDog.cancel(): canceling Sat Jun 08 04:32:34 UTC 2019
------------------ testing $PTII/ptolemy/domains/de/test/auto/deInCt2.xml
auto.tcl: Setting watchdog for 200 seconds at Sat Jun 08 04:32:34 UTC 2019
0
1
1
1
0
0
1
1
1
0
0
1
1
1
0
0
1
1
1
0
0
1
1
1
0
0
1
1
1
0
0
1
1
1
0
0
1
1
1
0
0
0
8 ms. Memory: 307712K Free: 291249K (95%)
ptolemy.util.test.WatchDog.cancel(): canceling Sat Jun 08 04:32:34 UTC 2019
auto.tcl: Setting watchdog for 200 seconds at Sat Jun 08 04:32:34 UTC 2019
0
1
1
1
0
0
1
1
1
0
0
1
1
1
0
0
1
1
1
0
0
1
1
1
0
0
1
1
1
0
0
1
1
1
0
0
1
1
1
0
0
0
5 ms. Memory: 307712K Free: 291249K (95%)
ptolemy.util.test.WatchDog.cancel(): canceling Sat Jun 08 04:32:34 UTC 2019
------------------ testing $PTII/ptolemy/domains/de/test/auto/dynamicCausalityInterface1.xml
auto.tcl: Setting watchdog for 200 seconds at Sat Jun 08 04:32:34 UTC 2019
1 ms. Memory: 308736K Free: 288955K (94%)
ptolemy.util.test.WatchDog.cancel(): canceling Sat Jun 08 04:32:34 UTC 2019
auto.tcl: Setting watchdog for 200 seconds at Sat Jun 08 04:32:34 UTC 2019
1 ms. Memory: 308736K Free: 288955K (94%)
ptolemy.util.test.WatchDog.cancel(): canceling Sat Jun 08 04:32:34 UTC 2019
------------------ testing $PTII/ptolemy/domains/de/test/auto/fsm_de_test.xml
auto.tcl: Setting watchdog for 200 seconds at Sat Jun 08 04:32:34 UTC 2019
6 ms. Memory: 307712K Free: 287810K (94%)
ptolemy.util.test.WatchDog.cancel(): canceling Sat Jun 08 04:32:34 UTC 2019
auto.tcl: Setting watchdog for 200 seconds at Sat Jun 08 04:32:34 UTC 2019
5 ms. Memory: 307712K Free: 287810K (94%)
ptolemy.util.test.WatchDog.cancel(): canceling Sat Jun 08 04:32:34 UTC 2019
------------------ testing $PTII/ptolemy/domains/de/test/auto/functionDependencyReconstruction.xml
auto.tcl: Setting watchdog for 200 seconds at Sat Jun 08 04:32:34 UTC 2019
2 ms. Memory: 308736K Free: 282180K (91%)
ptolemy.util.test.WatchDog.cancel(): canceling Sat Jun 08 04:32:34 UTC 2019
auto.tcl: Setting watchdog for 200 seconds at Sat Jun 08 04:32:34 UTC 2019
2 ms. Memory: 308736K Free: 282180K (91%)
ptolemy.util.test.WatchDog.cancel(): canceling Sat Jun 08 04:32:34 UTC 2019
------------------ testing $PTII/ptolemy/domains/de/test/auto/multirate.xml
auto.tcl: Setting watchdog for 200 seconds at Sat Jun 08 04:32:34 UTC 2019
6 ms. Memory: 307712K Free: 291007K (95%)
ptolemy.util.test.WatchDog.cancel(): canceling Sat Jun 08 04:32:34 UTC 2019
auto.tcl: Setting watchdog for 200 seconds at Sat Jun 08 04:32:34 UTC 2019
3 ms. Memory: 307712K Free: 287673K (93%)
ptolemy.util.test.WatchDog.cancel(): canceling Sat Jun 08 04:32:34 UTC 2019
------------------ testing $PTII/ptolemy/domains/de/test/auto/multirate2.xml
auto.tcl: Setting watchdog for 200 seconds at Sat Jun 08 04:32:35 UTC 2019
4 ms. Memory: 308736K Free: 292218K (95%)
ptolemy.util.test.WatchDog.cancel(): canceling Sat Jun 08 04:32:35 UTC 2019
auto.tcl: Setting watchdog for 200 seconds at Sat Jun 08 04:32:35 UTC 2019
3 ms. Memory: 308736K Free: 288904K (94%)
ptolemy.util.test.WatchDog.cancel(): canceling Sat Jun 08 04:32:35 UTC 2019
------------------ testing $PTII/ptolemy/domains/de/test/auto/realtime.xml
auto.tcl: Setting watchdog for 200 seconds at Sat Jun 08 04:32:35 UTC 2019
10006 ms. Memory: 307712K Free: 291172K (95%)
ptolemy.util.test.WatchDog.cancel(): canceling Sat Jun 08 04:32:45 UTC 2019
auto.tcl: Setting watchdog for 200 seconds at Sat Jun 08 04:32:45 UTC 2019
10002 ms. Memory: 307712K Free: 291172K (95%)
ptolemy.util.test.WatchDog.cancel(): canceling Sat Jun 08 04:32:55 UTC 2019
------------------ testing $PTII/ptolemy/domains/de/test/auto/relationGroup.xml
auto.tcl: Setting watchdog for 200 seconds at Sat Jun 08 04:32:55 UTC 2019
2 ms. Memory: 308224K Free: 297323K (96%)
ptolemy.util.test.WatchDog.cancel(): canceling Sat Jun 08 04:32:55 UTC 2019
auto.tcl: Setting watchdog for 200 seconds at Sat Jun 08 04:32:55 UTC 2019
2 ms. Memory: 308224K Free: 297323K (96%)
ptolemy.util.test.WatchDog.cancel(): canceling Sat Jun 08 04:32:55 UTC 2019
------------------ testing $PTII/ptolemy/domains/de/test/auto/relationGroup2.xml
auto.tcl: Setting watchdog for 200 seconds at Sat Jun 08 04:32:55 UTC 2019
1 ms. Memory: 307712K Free: 294575K (96%)
ptolemy.util.test.WatchDog.cancel(): canceling Sat Jun 08 04:32:55 UTC 2019
auto.tcl: Setting watchdog for 200 seconds at Sat Jun 08 04:32:55 UTC 2019
2 ms. Memory: 307712K Free: 294575K (96%)
ptolemy.util.test.WatchDog.cancel(): canceling Sat Jun 08 04:32:55 UTC 2019
------------------ testing $PTII/ptolemy/domains/de/test/auto/sortWithOpaquePorts.xml
auto.tcl: Setting watchdog for 200 seconds at Sat Jun 08 04:32:55 UTC 2019
2 ms. Memory: 308224K Free: 291758K (95%)
ptolemy.util.test.WatchDog.cancel(): canceling Sat Jun 08 04:32:55 UTC 2019
auto.tcl: Setting watchdog for 200 seconds at Sat Jun 08 04:32:55 UTC 2019
1 ms. Memory: 308224K Free: 291758K (95%)
ptolemy.util.test.WatchDog.cancel(): canceling Sat Jun 08 04:32:55 UTC 2019
------------------ testing $PTII/ptolemy/domains/de/test/auto/transferInputsandOutputs.xml
auto.tcl: Setting watchdog for 200 seconds at Sat Jun 08 04:32:55 UTC 2019
2 ms. Memory: 307712K Free: 291249K (95%)
ptolemy.util.test.WatchDog.cancel(): canceling Sat Jun 08 04:32:55 UTC 2019
auto.tcl: Setting watchdog for 200 seconds at Sat Jun 08 04:32:55 UTC 2019
2 ms. Memory: 307712K Free: 287919K (94%)
ptolemy.util.test.WatchDog.cancel(): canceling Sat Jun 08 04:32:55 UTC 2019
------------------ testing $PTII/ptolemy/domains/de/test/auto/triggerType.xml
auto.tcl: Setting watchdog for 200 seconds at Sat Jun 08 04:32:55 UTC 2019
2 ms. Memory: 308224K Free: 295025K (96%)
ptolemy.util.test.WatchDog.cancel(): canceling Sat Jun 08 04:32:55 UTC 2019
auto.tcl: Setting watchdog for 200 seconds at Sat Jun 08 04:32:55 UTC 2019
1 ms. Memory: 308224K Free: 291695K (95%)
ptolemy.util.test.WatchDog.cancel(): canceling Sat Jun 08 04:32:55 UTC 2019
06/08/19 04:32:55
Failed: 0  Total Tests: 192  ((Passed: 187, Newly Passed: 1)  Known Failed: 5) /home/travis/build/icyphy/ptII/ptolemy/domains/de/test
06/08/19 04:32:55
Failed: 0  Total Tests: 192  ((Passed: 187, Newly Passed: 1)  Known Failed: 5) /home/travis/build/icyphy/ptII/ptolemy/domains/de/test
----------------- testing (KnownFailure) /home/travis/build/icyphy/ptII/ptolemy/domains/de/test/auto/knownFailedTests/DESDFClockTest.xml
2017 ms. Memory: 307712K Free: 285493K (93%)
Known Failure: java.lang.reflect.InvocationTargetException
----------------- testing (KnownFailure) /home/travis/build/icyphy/ptII/ptolemy/domains/de/test/auto/knownFailedTests/DirectFeedback.xml
2 ms. Memory: 307712K Free: 267388K (87%)
Known Failure: java.lang.reflect.InvocationTargetException
----------------- testing (KnownFailure) /home/travis/build/icyphy/ptII/ptolemy/domains/de/test/auto/knownFailedTests/FSMSource.xml
4 ms. Memory: 307712K Free: 244741K (80%)
----------------- testing (KnownFailure) /home/travis/build/icyphy/ptII/ptolemy/domains/de/test/auto/knownFailedTests/HierarchicalModel.xml
3 ms. Memory: 307712K Free: 222087K (72%)
Known Failure: java.lang.reflect.InvocationTargetException
----------------- testing (KnownFailure) /home/travis/build/icyphy/ptII/ptolemy/domains/de/test/auto/knownFailedTests/dependencyLoop.xml
2 ms. Memory: 307712K Free: 190372K (62%)
Known Failure: java.lang.reflect.InvocationTargetException
----------------- testing (KnownFailure) /home/travis/build/icyphy/ptII/ptolemy/domains/de/test/auto/knownFailedTests/dependencyLoop2.xml
3 ms. Memory: 307712K Free: 158673K (52%)
Known Failure: java.lang.reflect.InvocationTargetException
No auto/linux-amd64/*.xml tests in /home/travis/build/icyphy/ptII/ptolemy/domains/de/test
AutoTests.java: About to close Vertx.
AutoTests.java: Vertx closed.

===========================================================================================
----------------- testing Sat Jun 08 04:32:57 UTC 2019 /home/travis/build/icyphy/ptII/ptolemy/domains/de/test/auto/ActorDepthCalculation_actorWithoutPorts.xml
----------------- Instantiating /home/travis/build/icyphy/ptII/ptolemy/domains/de/test/auto/ActorDepthCalculation_actorWithoutPorts.xml
3 ms. Memory: 307712K Free: 136042K (44%)
----------------- Invoking toplevel() on ptolemy.moml.MoMLSimpleApplication@7c91e548
----------------- Done invoking toplevel() on ptolemy.moml.MoMLSimpleApplication@7c91e548
reloadAllAccessors: .ActorDepthCalculation_actorWithoutPorts

===========================================================================================
----------------- testing Sat Jun 08 04:32:57 UTC 2019 /home/travis/build/icyphy/ptII/ptolemy/domains/de/test/auto/AssemblyLine.xml
----------------- Instantiating /home/travis/build/icyphy/ptII/ptolemy/domains/de/test/auto/AssemblyLine.xml
6 ms. Memory: 307712K Free: 122448K (40%)
----------------- Invoking toplevel() on ptolemy.moml.MoMLSimpleApplication@3443f04b
----------------- Done invoking toplevel() on ptolemy.moml.MoMLSimpleApplication@3443f04b
reloadAllAccessors: .AssemblyLine

===========================================================================================
----------------- testing Sat Jun 08 04:32:57 UTC 2019 /home/travis/build/icyphy/ptII/ptolemy/domains/de/test/auto/CQBug1.xml
----------------- Instantiating /home/travis/build/icyphy/ptII/ptolemy/domains/de/test/auto/CQBug1.xml
1 ms. Memory: 307712K Free: 113396K (37%)
----------------- Invoking toplevel() on ptolemy.moml.MoMLSimpleApplication@31b077d2
----------------- Done invoking toplevel() on ptolemy.moml.MoMLSimpleApplication@31b077d2
reloadAllAccessors: .CQBug1

===========================================================================================
----------------- testing Sat Jun 08 04:32:57 UTC 2019 /home/travis/build/icyphy/ptII/ptolemy/domains/de/test/auto/CancelFireAt.xml
----------------- Instantiating /home/travis/build/icyphy/ptII/ptolemy/domains/de/test/auto/CancelFireAt.xml
2 ms. Memory: 307712K Free: 104344K (34%)
----------------- Invoking toplevel() on ptolemy.moml.MoMLSimpleApplication@1db57dfc
----------------- Done invoking toplevel() on ptolemy.moml.MoMLSimpleApplication@1db57dfc
reloadAllAccessors: .CancelFireAt

===========================================================================================
----------------- testing Sat Jun 08 04:32:57 UTC 2019 /home/travis/build/icyphy/ptII/ptolemy/domains/de/test/auto/CausalityAndComposabilityAnalysis.xml
----------------- Instantiating /home/travis/build/icyphy/ptII/ptolemy/domains/de/test/auto/CausalityAndComposabilityAnalysis.xml
1 ms. Memory: 307712K Free: 95291K (31%)
----------------- Invoking toplevel() on ptolemy.moml.MoMLSimpleApplication@507f00e1
----------------- Done invoking toplevel() on ptolemy.moml.MoMLSimpleApplication@507f00e1
reloadAllAccessors: .CausalityAndComposabilityAnalysis

===========================================================================================
----------------- testing Sat Jun 08 04:32:57 UTC 2019 /home/travis/build/icyphy/ptII/ptolemy/domains/de/test/auto/CausalityInterface1.xml
----------------- Instantiating /home/travis/build/icyphy/ptII/ptolemy/domains/de/test/auto/CausalityInterface1.xml
5 ms. Memory: 307712K Free: 82925K (27%)
----------------- Invoking toplevel() on ptolemy.moml.MoMLSimpleApplication@749f1ee6
----------------- Done invoking toplevel() on ptolemy.moml.MoMLSimpleApplication@749f1ee6
reloadAllAccessors: .CausalityInterface1

===========================================================================================
----------------- testing Sat Jun 08 04:32:57 UTC 2019 /home/travis/build/icyphy/ptII/ptolemy/domains/de/test/auto/CausalityInterface15.xml
----------------- Instantiating /home/travis/build/icyphy/ptII/ptolemy/domains/de/test/auto/CausalityInterface15.xml
8 ms. Memory: 298496K Free: 288504K (97%)
----------------- Invoking toplevel() on ptolemy.moml.MoMLSimpleApplication@3947668f
----------------- Done invoking toplevel() on ptolemy.moml.MoMLSimpleApplication@3947668f
reloadAllAccessors: .CausalityInterface15

[...]
java.lang.RuntimeException: Execution failed
	at ptolemy.moml.MoMLSimpleApplication$UnloadThread.run(MoMLSimpleApplication.java:402)
Caused by: ptolemy.kernel.util.IllegalActionException: Test fails in iteration 1.
Value was: 1.0. Should have been: 2.0
  in .DirectFeedback.Test
	at ptolemy.actor.lib.Test.fire(Test.java:268)
	at ptolemy.domains.de.kernel.DEDirector._fire(DEDirector.java:1949)
	at ptolemy.domains.de.kernel.DEDirector.fire(DEDirector.java:502)
	at ptolemy.actor.CompositeActor.fire(CompositeActor.java:455)
	at ptolemy.actor.Manager.iterate(Manager.java:851)
	at ptolemy.actor.Manager.execute(Manager.java:369)
	at ptolemy.actor.Manager.run(Manager.java:1263)
	at ptolemy.actor.Manager$PtolemyRunThread.run(Manager.java:1915)
java.lang.RuntimeException: Execution failed
	at ptolemy.moml.MoMLSimpleApplication$UnloadThread.run(MoMLSimpleApplication.java:402)
Caused by: ptolemy.kernel.util.IllegalActionException: Actor is not ready to fire.  Perhaps UpSample.prefire() returned false? Try debugging the actor by selecting "Listen to Actor".  Also, for SDF check moml for tokenConsumptionRate on input.
  in .DESDFClockTest.Play Bell.Copy1:SDF Director and .DESDFClockTest.Play Bell.UpSample
	at ptolemy.actor.sched.StaticSchedulingDirector.fire(StaticSchedulingDirector.java:227)
	at ptolemy.domains.sdf.kernel.SDFDirector.fire(SDFDirector.java:500)
	at ptolemy.actor.CompositeActor.fire(CompositeActor.java:455)
	at ptolemy.domains.de.kernel.DEDirector._fire(DEDirector.java:1949)
	at ptolemy.domains.de.kernel.DEDirector.fire(DEDirector.java:502)
	at ptolemy.actor.CompositeActor.fire(CompositeActor.java:455)
	at ptolemy.actor.Manager.iterate(Manager.java:851)
	at ptolemy.actor.Manager.execute(Manager.java:369)
	at ptolemy.actor.Manager.run(Manager.java:1263)
	at ptolemy.actor.Manager$PtolemyRunThread.run(Manager.java:1915)
java.lang.reflect.InvocationTargetException
	at sun.reflect.NativeConstructorAccessorImpl.newInstance0(Native Method)
	at sun.reflect.NativeConstructorAccessorImpl.newInstance(NativeConstructorAccessorImpl.java:62)
	at sun.reflect.DelegatingConstructorAccessorImpl.newInstance(DelegatingConstructorAccessorImpl.java:45)
	at java.lang.reflect.Constructor.newInstance(Constructor.java:423)
	at ptolemy.util.test.junit.AutoKnownFailedTests.RunModel(AutoKnownFailedTests.java:105)
	at sun.reflect.NativeMethodAccessorImpl.invoke0(Native Method)
	at sun.reflect.NativeMethodAccessorImpl.invoke(NativeMethodAccessorImpl.java:62)
	at sun.reflect.DelegatingMethodAccessorImpl.invoke(DelegatingMethodAccessorImpl.java:43)
	at java.lang.reflect.Method.invoke(Method.java:498)
	at org.junit.runners.model.FrameworkMethod$1.runReflectiveCall(FrameworkMethod.java:44)
	at org.junit.internal.runners.model.ReflectiveCallable.run(ReflectiveCallable.java:15)
	at org.junit.runners.model.FrameworkMethod.invokeExplosively(FrameworkMethod.java:41)
	at junitparams.internal.InvokeParameterisedMethod.evaluate(InvokeParameterisedMethod.java:102)
	at org.junit.internal.runners.statements.FailOnTimeout$1.run(FailOnTimeout.java:28)
Caused by: ptolemy.kernel.util.IllegalActionException: Actor is not ready to fire.  Perhaps UpSample.prefire() returned false? Try debugging the actor by selecting "Listen to Actor".  Also, for SDF check moml for tokenConsumptionRate on input.
  in .DESDFClockTest.Play Bell.Copy1:SDF Director and .DESDFClockTest.Play Bell.UpSample
	at ptolemy.actor.sched.StaticSchedulingDirector.fire(StaticSchedulingDirector.java:227)
	at ptolemy.domains.sdf.kernel.SDFDirector.fire(SDFDirector.java:500)
	at ptolemy.actor.CompositeActor.fire(CompositeActor.java:455)
	at ptolemy.domains.de.kernel.DEDirector._fire(DEDirector.java:1949)
	at ptolemy.domains.de.kernel.DEDirector.fire(DEDirector.java:502)
	at ptolemy.actor.CompositeActor.fire(CompositeActor.java:455)
	at ptolemy.actor.Manager.iterate(Manager.java:851)
	at ptolemy.actor.Manager.execute(Manager.java:369)
	at ptolemy.actor.Manager.run(Manager.java:1263)
	at ptolemy.actor.Manager$PtolemyRunThread.run(Manager.java:1915)
java.lang.RuntimeException: Execution failed
	at ptolemy.moml.MoMLSimpleApplication$UnloadThread.run(MoMLSimpleApplication.java:402)
Caused by: ptolemy.kernel.util.IllegalActionException: Test fails in iteration 1.
Value was: 1.0. Should have been: 2.0
  in .DirectFeedback.Test
	at ptolemy.actor.lib.Test.fire(Test.java:268)
	at ptolemy.domains.de.kernel.DEDirector._fire(DEDirector.java:1949)
	at ptolemy.domains.de.kernel.DEDirector.fire(DEDirector.java:502)
	at ptolemy.actor.CompositeActor.fire(CompositeActor.java:455)
	at ptolemy.actor.Manager.iterate(Manager.java:851)
	at ptolemy.actor.Manager.execute(Manager.java:369)
	at ptolemy.actor.Manager.run(Manager.java:1263)
	at ptolemy.actor.Manager$PtolemyRunThread.run(Manager.java:1915)
java.lang.reflect.InvocationTargetException
	at sun.reflect.NativeConstructorAccessorImpl.newInstance0(Native Method)
	at sun.reflect.NativeConstructorAccessorImpl.newInstance(NativeConstructorAccessorImpl.java:62)
	at sun.reflect.DelegatingConstructorAccessorImpl.newInstance(DelegatingConstructorAccessorImpl.java:45)
	at java.lang.reflect.Constructor.newInstance(Constructor.java:423)
	at ptolemy.util.test.junit.AutoKnownFailedTests.RunModel(AutoKnownFailedTests.java:105)
	at sun.reflect.NativeMethodAccessorImpl.invoke0(Native Method)
	at sun.reflect.NativeMethodAccessorImpl.invoke(NativeMethodAccessorImpl.java:62)
	at sun.reflect.DelegatingMethodAccessorImpl.invoke(DelegatingMethodAccessorImpl.java:43)
	at java.lang.reflect.Method.invoke(Method.java:498)
	at org.junit.runners.model.FrameworkMethod$1.runReflectiveCall(FrameworkMethod.java:44)
	at org.junit.internal.runners.model.ReflectiveCallable.run(ReflectiveCallable.java:15)
	at org.junit.runners.model.FrameworkMethod.invokeExplosively(FrameworkMethod.java:41)
	at junitparams.internal.InvokeParameterisedMethod.evaluate(InvokeParameterisedMethod.java:102)
	at org.junit.internal.runners.statements.FailOnTimeout$1.run(FailOnTimeout.java:28)
Caused by: ptolemy.kernel.util.IllegalActionException: Test fails in iteration 1.
Value was: 1.0. Should have been: 2.0
  in .DirectFeedback.Test
	at ptolemy.actor.lib.Test.fire(Test.java:268)
	at ptolemy.domains.de.kernel.DEDirector._fire(DEDirector.java:1949)
	at ptolemy.domains.de.kernel.DEDirector.fire(DEDirector.java:502)
	at ptolemy.actor.CompositeActor.fire(CompositeActor.java:455)
	at ptolemy.actor.Manager.iterate(Manager.java:851)
	at ptolemy.actor.Manager.execute(Manager.java:369)
	at ptolemy.actor.Manager.run(Manager.java:1263)
	at ptolemy.actor.Manager$PtolemyRunThread.run(Manager.java:1915)
java.lang.RuntimeException: Execution failed
	at ptolemy.moml.MoMLSimpleApplication$UnloadThread.run(MoMLSimpleApplication.java:402)
Caused by: ptolemy.kernel.util.IllegalActionException: Found a zero delay loop containing .HierarchicalModel.A
  in .HierarchicalModel and .HierarchicalModel.A
	at ptolemy.actor.util.CausalityInterfaceForComposites._computeOutputPortDepth(CausalityInterfaceForComposites.java:759)
	at ptolemy.actor.util.CausalityInterfaceForComposites._computeInputDepth(CausalityInterfaceForComposites.java:696)
	at ptolemy.actor.util.CausalityInterfaceForComposites._computeOutputPortDepth(CausalityInterfaceForComposites.java:765)
	at ptolemy.actor.util.CausalityInterfaceForComposites._computeInputDepth(CausalityInterfaceForComposites.java:696)
	at ptolemy.actor.util.CausalityInterfaceForComposites._computeOutputPortDepth(CausalityInterfaceForComposites.java:765)
	at ptolemy.actor.util.CausalityInterfaceForComposites._computeInputDepth(CausalityInterfaceForComposites.java:696)
	at ptolemy.actor.util.CausalityInterfaceForComposites._computeActorDepth(CausalityInterfaceForComposites.java:532)
	at ptolemy.actor.util.CausalityInterfaceForComposites.checkForCycles(CausalityInterfaceForComposites.java:96)
	at ptolemy.domains.de.kernel.DEDirector.preinitialize(DEDirector.java:1338)
	at ptolemy.actor.CompositeActor.preinitialize(CompositeActor.java:1828)
	at ptolemy.actor.Manager.preinitializeAndResolveTypes(Manager.java:1040)
	at ptolemy.actor.Manager.initialize(Manager.java:710)
	at ptolemy.actor.Manager.execute(Manager.java:356)
	at ptolemy.actor.Manager.run(Manager.java:1263)
	at ptolemy.actor.Manager$PtolemyRunThread.run(Manager.java:1915)
java.lang.reflect.InvocationTargetException
	at sun.reflect.NativeConstructorAccessorImpl.newInstance0(Native Method)
	at sun.reflect.NativeConstructorAccessorImpl.newInstance(NativeConstructorAccessorImpl.java:62)
	at sun.reflect.DelegatingConstructorAccessorImpl.newInstance(DelegatingConstructorAccessorImpl.java:45)
	at java.lang.reflect.Constructor.newInstance(Constructor.java:423)
	at ptolemy.util.test.junit.AutoKnownFailedTests.RunModel(AutoKnownFailedTests.java:105)
	at sun.reflect.NativeMethodAccessorImpl.invoke0(Native Method)
	at sun.reflect.NativeMethodAccessorImpl.invoke(NativeMethodAccessorImpl.java:62)
	at sun.reflect.DelegatingMethodAccessorImpl.invoke(DelegatingMethodAccessorImpl.java:43)
	at java.lang.reflect.Method.invoke(Method.java:498)
	at org.junit.runners.model.FrameworkMethod$1.runReflectiveCall(FrameworkMethod.java:44)
	at org.junit.internal.runners.model.ReflectiveCallable.run(ReflectiveCallable.java:15)
	at org.junit.runners.model.FrameworkMethod.invokeExplosively(FrameworkMethod.java:41)
	at junitparams.internal.InvokeParameterisedMethod.evaluate(InvokeParameterisedMethod.java:102)
	at org.junit.internal.runners.statements.FailOnTimeout$1.run(FailOnTimeout.java:28)
Caused by: ptolemy.kernel.util.IllegalActionException: Found a zero delay loop containing .HierarchicalModel.A
  in .HierarchicalModel and .HierarchicalModel.A
	at ptolemy.actor.util.CausalityInterfaceForComposites._computeOutputPortDepth(CausalityInterfaceForComposites.java:759)
	at ptolemy.actor.util.CausalityInterfaceForComposites._computeInputDepth(CausalityInterfaceForComposites.java:696)
	at ptolemy.actor.util.CausalityInterfaceForComposites._computeOutputPortDepth(CausalityInterfaceForComposites.java:765)
	at ptolemy.actor.util.CausalityInterfaceForComposites._computeInputDepth(CausalityInterfaceForComposites.java:696)
	at ptolemy.actor.util.CausalityInterfaceForComposites._computeOutputPortDepth(CausalityInterfaceForComposites.java:765)
	at ptolemy.actor.util.CausalityInterfaceForComposites._computeInputDepth(CausalityInterfaceForComposites.java:696)
	at ptolemy.actor.util.CausalityInterfaceForComposites._computeActorDepth(CausalityInterfaceForComposites.java:532)
	at ptolemy.actor.util.CausalityInterfaceForComposites.checkForCycles(CausalityInterfaceForComposites.java:96)
	at ptolemy.domains.de.kernel.DEDirector.preinitialize(DEDirector.java:1338)
	at ptolemy.actor.CompositeActor.preinitialize(CompositeActor.java:1828)
	at ptolemy.actor.Manager.preinitializeAndResolveTypes(Manager.java:1040)
	at ptolemy.actor.Manager.initialize(Manager.java:710)
	at ptolemy.actor.Manager.execute(Manager.java:356)
	at ptolemy.actor.Manager.run(Manager.java:1263)
	at ptolemy.actor.Manager$PtolemyRunThread.run(Manager.java:1915)
java.lang.RuntimeException: Execution failed
	at ptolemy.moml.MoMLSimpleApplication$UnloadThread.run(MoMLSimpleApplication.java:402)
Caused by: ptolemy.kernel.util.IllegalActionException: Found a zero delay loop containing .dependencyLoop.original
  in .dependencyLoop and .dependencyLoop.original
	at ptolemy.actor.util.CausalityInterfaceForComposites._computeOutputPortDepth(CausalityInterfaceForComposites.java:759)
	at ptolemy.actor.util.CausalityInterfaceForComposites._computeInputDepth(CausalityInterfaceForComposites.java:696)
	at ptolemy.actor.util.CausalityInterfaceForComposites._computeOutputPortDepth(CausalityInterfaceForComposites.java:765)
	at ptolemy.actor.util.CausalityInterfaceForComposites._computeInputDepth(CausalityInterfaceForComposites.java:696)
	at ptolemy.actor.util.CausalityInterfaceForComposites._computeOutputPortDepth(CausalityInterfaceForComposites.java:765)
	at ptolemy.actor.util.CausalityInterfaceForComposites._computeInputDepth(CausalityInterfaceForComposites.java:696)
	at ptolemy.actor.util.CausalityInterfaceForComposites._computeActorDepth(CausalityInterfaceForComposites.java:532)
	at ptolemy.actor.util.CausalityInterfaceForComposites.checkForCycles(CausalityInterfaceForComposites.java:96)
	at ptolemy.domains.de.kernel.DEDirector.preinitialize(DEDirector.java:1338)
	at ptolemy.actor.CompositeActor.preinitialize(CompositeActor.java:1828)
	at ptolemy.actor.Manager.preinitializeAndResolveTypes(Manager.java:1040)
	at ptolemy.actor.Manager.initialize(Manager.java:710)
	at ptolemy.actor.Manager.execute(Manager.java:356)
	at ptolemy.actor.Manager.run(Manager.java:1263)
	at ptolemy.actor.Manager$PtolemyRunThread.run(Manager.java:1915)
java.lang.reflect.InvocationTargetException
	at sun.reflect.NativeConstructorAccessorImpl.newInstance0(Native Method)
	at sun.reflect.NativeConstructorAccessorImpl.newInstance(NativeConstructorAccessorImpl.java:62)
	at sun.reflect.DelegatingConstructorAccessorImpl.newInstance(DelegatingConstructorAccessorImpl.java:45)
	at java.lang.reflect.Constructor.newInstance(Constructor.java:423)
	at ptolemy.util.test.junit.AutoKnownFailedTests.RunModel(AutoKnownFailedTests.java:105)
	at sun.reflect.NativeMethodAccessorImpl.invoke0(Native Method)
	at sun.reflect.NativeMethodAccessorImpl.invoke(NativeMethodAccessorImpl.java:62)
	at sun.reflect.DelegatingMethodAccessorImpl.invoke(DelegatingMethodAccessorImpl.java:43)
	at java.lang.reflect.Method.invoke(Method.java:498)
	at org.junit.runners.model.FrameworkMethod$1.runReflectiveCall(FrameworkMethod.java:44)
	at org.junit.internal.runners.model.ReflectiveCallable.run(ReflectiveCallable.java:15)
	at org.junit.runners.model.FrameworkMethod.invokeExplosively(FrameworkMethod.java:41)
	at junitparams.internal.InvokeParameterisedMethod.evaluate(InvokeParameterisedMethod.java:102)
	at org.junit.internal.runners.statements.FailOnTimeout$1.run(FailOnTimeout.java:28)
Caused by: ptolemy.kernel.util.IllegalActionException: Found a zero delay loop containing .dependencyLoop.original
  in .dependencyLoop and .dependencyLoop.original
	at ptolemy.actor.util.CausalityInterfaceForComposites._computeOutputPortDepth(CausalityInterfaceForComposites.java:759)
	at ptolemy.actor.util.CausalityInterfaceForComposites._computeInputDepth(CausalityInterfaceForComposites.java:696)
	at ptolemy.actor.util.CausalityInterfaceForComposites._computeOutputPortDepth(CausalityInterfaceForComposites.java:765)
	at ptolemy.actor.util.CausalityInterfaceForComposites._computeInputDepth(CausalityInterfaceForComposites.java:696)
	at ptolemy.actor.util.CausalityInterfaceForComposites._computeOutputPortDepth(CausalityInterfaceForComposites.java:765)
	at ptolemy.actor.util.CausalityInterfaceForComposites._computeInputDepth(CausalityInterfaceForComposites.java:696)
	at ptolemy.actor.util.CausalityInterfaceForComposites._computeActorDepth(CausalityInterfaceForComposites.java:532)
	at ptolemy.actor.util.CausalityInterfaceForComposites.checkForCycles(CausalityInterfaceForComposites.java:96)
	at ptolemy.domains.de.kernel.DEDirector.preinitialize(DEDirector.java:1338)
	at ptolemy.actor.CompositeActor.preinitialize(CompositeActor.java:1828)
	at ptolemy.actor.Manager.preinitializeAndResolveTypes(Manager.java:1040)
	at ptolemy.actor.Manager.initialize(Manager.java:710)
	at ptolemy.actor.Manager.execute(Manager.java:356)
	at ptolemy.actor.Manager.run(Manager.java:1263)
	at ptolemy.actor.Manager$PtolemyRunThread.run(Manager.java:1915)
java.lang.RuntimeException: Execution failed
	at ptolemy.moml.MoMLSimpleApplication$UnloadThread.run(MoMLSimpleApplication.java:402)
Caused by: ptolemy.kernel.util.IllegalActionException: Found a zero delay loop containing .dependencyLoop2.original
  in .dependencyLoop2 and .dependencyLoop2.original
	at ptolemy.actor.util.CausalityInterfaceForComposites._computeOutputPortDepth(CausalityInterfaceForComposites.java:759)
	at ptolemy.actor.util.CausalityInterfaceForComposites._computeInputDepth(CausalityInterfaceForComposites.java:696)
	at ptolemy.actor.util.CausalityInterfaceForComposites._computeOutputPortDepth(CausalityInterfaceForComposites.java:765)
	at ptolemy.actor.util.CausalityInterfaceForComposites._computeInputDepth(CausalityInterfaceForComposites.java:696)
	at ptolemy.actor.util.CausalityInterfaceForComposites._computeOutputPortDepth(CausalityInterfaceForComposites.java:765)
	at ptolemy.actor.util.CausalityInterfaceForComposites._computeInputDepth(CausalityInterfaceForComposites.java:696)
	at ptolemy.actor.util.CausalityInterfaceForComposites._computeActorDepth(CausalityInterfaceForComposites.java:532)
	at ptolemy.actor.util.CausalityInterfaceForComposites.checkForCycles(CausalityInterfaceForComposites.java:96)
	at ptolemy.domains.de.kernel.DEDirector.preinitialize(DEDirector.java:1338)
	at ptolemy.actor.CompositeActor.preinitialize(CompositeActor.java:1828)
	at ptolemy.actor.Manager.preinitializeAndResolveTypes(Manager.java:1040)
	at ptolemy.actor.Manager.initialize(Manager.java:710)
	at ptolemy.actor.Manager.execute(Manager.java:356)
	at ptolemy.actor.Manager.run(Manager.java:1263)
	at ptolemy.actor.Manager$PtolemyRunThread.run(Manager.java:1915)
java.lang.reflect.InvocationTargetException
	at sun.reflect.NativeConstructorAccessorImpl.newInstance0(Native Method)
	at sun.reflect.NativeConstructorAccessorImpl.newInstance(NativeConstructorAccessorImpl.java:62)
	at sun.reflect.DelegatingConstructorAccessorImpl.newInstance(DelegatingConstructorAccessorImpl.java:45)
	at java.lang.reflect.Constructor.newInstance(Constructor.java:423)
	at ptolemy.util.test.junit.AutoKnownFailedTests.RunModel(AutoKnownFailedTests.java:105)
	at sun.reflect.NativeMethodAccessorImpl.invoke0(Native Method)
	at sun.reflect.NativeMethodAccessorImpl.invoke(NativeMethodAccessorImpl.java:62)
	at sun.reflect.DelegatingMethodAccessorImpl.invoke(DelegatingMethodAccessorImpl.java:43)
	at java.lang.reflect.Method.invoke(Method.java:498)
	at org.junit.runners.model.FrameworkMethod$1.runReflectiveCall(FrameworkMethod.java:44)
	at org.junit.internal.runners.model.ReflectiveCallable.run(ReflectiveCallable.java:15)
	at org.junit.runners.model.FrameworkMethod.invokeExplosively(FrameworkMethod.java:41)
	at junitparams.internal.InvokeParameterisedMethod.evaluate(InvokeParameterisedMethod.java:102)
	at org.junit.internal.runners.statements.FailOnTimeout$1.run(FailOnTimeout.java:28)
Caused by: ptolemy.kernel.util.IllegalActionException: Found a zero delay loop containing .dependencyLoop2.original
  in .dependencyLoop2 and .dependencyLoop2.original
	at ptolemy.actor.util.CausalityInterfaceForComposites._computeOutputPortDepth(CausalityInterfaceForComposites.java:759)
	at ptolemy.actor.util.CausalityInterfaceForComposites._computeInputDepth(CausalityInterfaceForComposites.java:696)
	at ptolemy.actor.util.CausalityInterfaceForComposites._computeOutputPortDepth(CausalityInterfaceForComposites.java:765)
	at ptolemy.actor.util.CausalityInterfaceForComposites._computeInputDepth(CausalityInterfaceForComposites.java:696)
	at ptolemy.actor.util.CausalityInterfaceForComposites._computeOutputPortDepth(CausalityInterfaceForComposites.java:765)
	at ptolemy.actor.util.CausalityInterfaceForComposites._computeInputDepth(CausalityInterfaceForComposites.java:696)
	at ptolemy.actor.util.CausalityInterfaceForComposites._computeActorDepth(CausalityInterfaceForComposites.java:532)
	at ptolemy.actor.util.CausalityInterfaceForComposites.checkForCycles(CausalityInterfaceForComposites.java:96)
	at ptolemy.domains.de.kernel.DEDirector.preinitialize(DEDirector.java:1338)
	at ptolemy.actor.CompositeActor.preinitialize(CompositeActor.java:1828)
	at ptolemy.actor.Manager.preinitializeAndResolveTypes(Manager.java:1040)
	at ptolemy.actor.Manager.initialize(Manager.java:710)
	at ptolemy.actor.Manager.execute(Manager.java:356)
	at ptolemy.actor.Manager.run(Manager.java:1263)
	at ptolemy.actor.Manager$PtolemyRunThread.run(Manager.java:1915)
]]></system-err>
</testsuite>
