<?xml version="1.0" encoding="UTF-8" ?>
<testsuite errors="0" failures="0" hostname="travis-job-3b3e01cd-4719-42cb-980e-604d0d4c5328" name="ptolemy.domains.sdf.test.junit.JUnitTclTest" skipped="0" tests="66" time="19.414" timestamp="2018-07-12T02:06:31">
  <properties>
[...]
</properties>
  <testcase classname="ptolemy.util.test.junit.TclTests" name="[0] /home/travis/build/icyphy/ptII/ptolemy/domains/sdf/test/SDFSchedulerErrors.tcl (RunTclFile)" time="0.61" />
  <testcase classname="ptolemy.util.test.junit.TclTests" name="[1] /home/travis/build/icyphy/ptII/ptolemy/domains/sdf/test/composition.tcl (RunTclFile)" time="0.117" />
  <testcase classname="ptolemy.util.test.junit.TclTests" name="[2] /home/travis/build/icyphy/ptII/ptolemy/domains/sdf/test/cycle.tcl (RunTclFile)" time="0.047" />
  <testcase classname="ptolemy.util.test.junit.AutoKnownFailedTests" name="[0] ThereAreNoKnowFailedTests (RunModel)" time="0.0" />
  <testcase classname="ptolemy.util.test.junit.AutoNameArchTests" name="[0] ThereAreNoAutoArchTests (RunModel)" time="0.0" />
  <testcase classname="ptolemy.util.test.junit.AutoTests" name="[0] /home/travis/build/icyphy/ptII/ptolemy/domains/sdf/test/auto/Array.xml (RunModel)" time="0.196" />
  <testcase classname="ptolemy.util.test.junit.AutoTests" name="[1] /home/travis/build/icyphy/ptII/ptolemy/domains/sdf/test/auto/Butterfly.xml (RunModel)" time="0.081" />
  <testcase classname="ptolemy.util.test.junit.AutoTests" name="[2] /home/travis/build/icyphy/ptII/ptolemy/domains/sdf/test/auto/Expression.xml (RunModel)" time="0.092" />
  <testcase classname="ptolemy.util.test.junit.AutoTests" name="[3] /home/travis/build/icyphy/ptII/ptolemy/domains/sdf/test/auto/Eye.xml (RunModel)" time="0.275" />
  <testcase classname="ptolemy.util.test.junit.AutoTests" name="[4] /home/travis/build/icyphy/ptII/ptolemy/domains/sdf/test/auto/FixFIR.xml (RunModel)" time="0.305" />
  <testcase classname="ptolemy.util.test.junit.AutoTests" name="[5] /home/travis/build/icyphy/ptII/ptolemy/domains/sdf/test/auto/FixPoint.xml (RunModel)" time="0.031" />
  <testcase classname="ptolemy.util.test.junit.AutoTests" name="[6] /home/travis/build/icyphy/ptII/ptolemy/domains/sdf/test/auto/Gravitation.xml (RunModel)" time="3.284" />
  <testcase classname="ptolemy.util.test.junit.AutoTests" name="[7] /home/travis/build/icyphy/ptII/ptolemy/domains/sdf/test/auto/GravitationWithCollisionDetection.xml (RunModel)" time="6.095" />
  <testcase classname="ptolemy.util.test.junit.AutoTests" name="[8] /home/travis/build/icyphy/ptII/ptolemy/domains/sdf/test/auto/HDF.xml (RunModel)" time="0.121" />
  <testcase classname="ptolemy.util.test.junit.AutoTests" name="[9] /home/travis/build/icyphy/ptII/ptolemy/domains/sdf/test/auto/HDFwithTransientStates.xml (RunModel)" time="0.119" />
  <testcase classname="ptolemy.util.test.junit.AutoTests" name="[10] /home/travis/build/icyphy/ptII/ptolemy/domains/sdf/test/auto/HTVQ.xml (RunModel)" time="0.849" />
  <testcase classname="ptolemy.util.test.junit.AutoTests" name="[11] /home/travis/build/icyphy/ptII/ptolemy/domains/sdf/test/auto/InferInitProduction.xml (RunModel)" time="0.024" />
  <testcase classname="ptolemy.util.test.junit.AutoTests" name="[12] /home/travis/build/icyphy/ptII/ptolemy/domains/sdf/test/auto/InferInitProductionDeeper.xml (RunModel)" time="0.029" />
  <testcase classname="ptolemy.util.test.junit.AutoTests" name="[13] /home/travis/build/icyphy/ptII/ptolemy/domains/sdf/test/auto/LMSAdaptive.xml (RunModel)" time="0.081" />
  <testcase classname="ptolemy.util.test.junit.AutoTests" name="[14] /home/travis/build/icyphy/ptII/ptolemy/domains/sdf/test/auto/LogisticMap.xml (RunModel)" time="0.498" />
  <testcase classname="ptolemy.util.test.junit.AutoTests" name="[15] /home/travis/build/icyphy/ptII/ptolemy/domains/sdf/test/auto/MaximumEntropySpectrum.xml (RunModel)" time="0.255" />
  <testcase classname="ptolemy.util.test.junit.AutoTests" name="[16] /home/travis/build/icyphy/ptII/ptolemy/domains/sdf/test/auto/MultirateSDF.xml (RunModel)" time="0.065" />
  <testcase classname="ptolemy.util.test.junit.AutoTests" name="[17] /home/travis/build/icyphy/ptII/ptolemy/domains/sdf/test/auto/MultirateSDFwithTransientStates.xml (RunModel)" time="0.076" />
  <testcase classname="ptolemy.util.test.junit.AutoTests" name="[18] /home/travis/build/icyphy/ptII/ptolemy/domains/sdf/test/auto/NoisySinewave.xml (RunModel)" time="0.066" />
  <testcase classname="ptolemy.util.test.junit.AutoTests" name="[19] /home/travis/build/icyphy/ptII/ptolemy/domains/sdf/test/auto/Objects.xml (RunModel)" time="0.06" />
  <testcase classname="ptolemy.util.test.junit.AutoTests" name="[20] /home/travis/build/icyphy/ptII/ptolemy/domains/sdf/test/auto/OrthogonalCom.xml (RunModel)" time="0.051" />
  <testcase classname="ptolemy.util.test.junit.AutoTests" name="[21] /home/travis/build/icyphy/ptII/ptolemy/domains/sdf/test/auto/RijndaelEncryption.xml (RunModel)" time="0.542" />
  <testcase classname="ptolemy.util.test.junit.AutoTests" name="[22] /home/travis/build/icyphy/ptII/ptolemy/domains/sdf/test/auto/SDFEmptyIterations.xml (RunModel)" time="0.026" />
  <testcase classname="ptolemy.util.test.junit.AutoTests" name="[23] /home/travis/build/icyphy/ptII/ptolemy/domains/sdf/test/auto/Spectrum.xml (RunModel)" time="0.067" />
  <testcase classname="ptolemy.util.test.junit.AutoTests" name="[24] /home/travis/build/icyphy/ptII/ptolemy/domains/sdf/test/auto/de_inside_sdf.xml (RunModel)" time="0.03" />
  <testcase classname="ptolemy.util.test.junit.AutoTests" name="[25] /home/travis/build/icyphy/ptII/ptolemy/domains/sdf/test/auto/disconnectedHierarchicalSDF.xml (RunModel)" time="0.041" />
  <testcase classname="ptolemy.util.test.junit.AutoTests" name="[26] /home/travis/build/icyphy/ptII/ptolemy/domains/sdf/test/auto/disconnectedSDF.xml (RunModel)" time="0.019" />
  <testcase classname="ptolemy.util.test.junit.AutoTests" name="[27] /home/travis/build/icyphy/ptII/ptolemy/domains/sdf/test/auto/emptyRefinement.xml (RunModel)" time="0.015" />
  <testcase classname="ptolemy.util.test.junit.AutoTests" name="[28] /home/travis/build/icyphy/ptII/ptolemy/domains/sdf/test/auto/filePortParameter.xml (RunModel)" time="0.05" />
  <testcase classname="ptolemy.util.test.junit.AutoTests" name="[29] /home/travis/build/icyphy/ptII/ptolemy/domains/sdf/test/auto/inferRelationWidth1.xml (RunModel)" time="0.011" />
  <testcase classname="ptolemy.util.test.junit.AutoTests" name="[30] /home/travis/build/icyphy/ptII/ptolemy/domains/sdf/test/auto/initProductionInference.xml (RunModel)" time="0.016" />
  <testcase classname="ptolemy.util.test.junit.AutoTests" name="[31] /home/travis/build/icyphy/ptII/ptolemy/domains/sdf/test/auto/relationGroup.xml (RunModel)" time="0.019" />
  <testcase classname="ptolemy.util.test.junit.AutoTests" name="[32] /home/travis/build/icyphy/ptII/ptolemy/domains/sdf/test/auto/relationGroup10.xml (RunModel)" time="0.014" />
  <testcase classname="ptolemy.util.test.junit.AutoTests" name="[33] /home/travis/build/icyphy/ptII/ptolemy/domains/sdf/test/auto/relationGroup11.xml (RunModel)" time="0.016" />
  <testcase classname="ptolemy.util.test.junit.AutoTests" name="[34] /home/travis/build/icyphy/ptII/ptolemy/domains/sdf/test/auto/relationGroup12.xml (RunModel)" time="0.022" />
  <testcase classname="ptolemy.util.test.junit.AutoTests" name="[35] /home/travis/build/icyphy/ptII/ptolemy/domains/sdf/test/auto/relationGroup13.xml (RunModel)" time="0.023" />
  <testcase classname="ptolemy.util.test.junit.AutoTests" name="[36] /home/travis/build/icyphy/ptII/ptolemy/domains/sdf/test/auto/relationGroup14.xml (RunModel)" time="0.025" />
  <testcase classname="ptolemy.util.test.junit.AutoTests" name="[37] /home/travis/build/icyphy/ptII/ptolemy/domains/sdf/test/auto/relationGroup15.xml (RunModel)" time="0.016" />
  <testcase classname="ptolemy.util.test.junit.AutoTests" name="[38] /home/travis/build/icyphy/ptII/ptolemy/domains/sdf/test/auto/relationGroup2.xml (RunModel)" time="0.019" />
  <testcase classname="ptolemy.util.test.junit.AutoTests" name="[39] /home/travis/build/icyphy/ptII/ptolemy/domains/sdf/test/auto/relationGroup3.xml (RunModel)" time="0.019" />
  <testcase classname="ptolemy.util.test.junit.AutoTests" name="[40] /home/travis/build/icyphy/ptII/ptolemy/domains/sdf/test/auto/relationGroup4.xml (RunModel)" time="0.019" />
  <testcase classname="ptolemy.util.test.junit.AutoTests" name="[41] /home/travis/build/icyphy/ptII/ptolemy/domains/sdf/test/auto/relationGroup5.xml (RunModel)" time="0.018" />
  <testcase classname="ptolemy.util.test.junit.AutoTests" name="[42] /home/travis/build/icyphy/ptII/ptolemy/domains/sdf/test/auto/relationGroup6.xml (RunModel)" time="0.023" />
  <testcase classname="ptolemy.util.test.junit.AutoTests" name="[43] /home/travis/build/icyphy/ptII/ptolemy/domains/sdf/test/auto/relationGroup7.xml (RunModel)" time="0.009" />
  <testcase classname="ptolemy.util.test.junit.AutoTests" name="[44] /home/travis/build/icyphy/ptII/ptolemy/domains/sdf/test/auto/relationGroup8.xml (RunModel)" time="0.012" />
  <testcase classname="ptolemy.util.test.junit.AutoTests" name="[45] /home/travis/build/icyphy/ptII/ptolemy/domains/sdf/test/auto/relationGroup9.xml (RunModel)" time="0.017" />
  <testcase classname="ptolemy.util.test.junit.AutoTests" name="[46] /home/travis/build/icyphy/ptII/ptolemy/domains/sdf/test/auto/sdf_inside_de.xml (RunModel)" time="0.059" />
  <testcase classname="ptolemy.util.test.junit.AutoTests" name="[47] /home/travis/build/icyphy/ptII/ptolemy/domains/sdf/test/auto/sdf_inside_pn.xml (RunModel)" time="0.067" />
  <testcase classname="ptolemy.util.test.junit.AutoTests" name="[48] /home/travis/build/icyphy/ptII/ptolemy/domains/sdf/test/auto/sdf_sdf1.xml (RunModel)" time="0.02" />
  <testcase classname="ptolemy.util.test.junit.AutoTests" name="[49] /home/travis/build/icyphy/ptII/ptolemy/domains/sdf/test/auto/test1.xml (RunModel)" time="0.017" />
  <testcase classname="ptolemy.util.test.junit.AutoTests" name="[50] /home/travis/build/icyphy/ptII/ptolemy/domains/sdf/test/auto/time1.xml (RunModel)" time="0.009" />
  <testcase classname="ptolemy.util.test.junit.AutoTests" name="[51] /home/travis/build/icyphy/ptII/ptolemy/domains/sdf/test/auto/time2.xml (RunModel)" time="0.01" />
  <testcase classname="ptolemy.util.test.junit.AutoTests" name="[52] /home/travis/build/icyphy/ptII/ptolemy/domains/sdf/test/auto/time3.xml (RunModel)" time="0.019" />
  <testcase classname="ptolemy.util.test.junit.AutoTests" name="[53] /home/travis/build/icyphy/ptII/ptolemy/domains/sdf/test/auto/time4.xml (RunModel)" time="0.019" />
  <testcase classname="ptolemy.util.test.junit.AutoTests" name="[54] /home/travis/build/icyphy/ptII/ptolemy/domains/sdf/test/auto/time5.xml (RunModel)" time="4.009" />
  <testcase classname="ptolemy.util.test.junit.AutoTests" name="[55] /home/travis/build/icyphy/ptII/ptolemy/domains/sdf/test/auto/typeSystem_Const_Integer_smallest_Type.xml (RunModel)" time="0.025" />
  <testcase classname="ptolemy.util.test.junit.AutoTests" name="[56] /home/travis/build/icyphy/ptII/ptolemy/domains/sdf/test/auto/typeSystem_declared_Inports_OutportTypeException.xml (RunModel)" time="0.016" />
  <testcase classname="ptolemy.util.test.junit.AutoTests" name="[57] /home/travis/build/icyphy/ptII/ptolemy/domains/sdf/test/auto/typeSystem_oneDeclaredInportType_wrongTypeOutport.xml (RunModel)" time="0.015" />
  <testcase classname="ptolemy.util.test.junit.AutoTests" name="[58] /home/travis/build/icyphy/ptII/ptolemy/domains/sdf/test/auto/width.xml (RunModel)" time="0.01" />
  <testcase classname="ptolemy.util.test.junit.AutoTests" name="[59] /home/travis/build/icyphy/ptII/ptolemy/domains/sdf/test/auto/width2.xml (RunModel)" time="0.043" />
  <testcase classname="ptolemy.util.test.junit.AutoTests" name="[60] /home/travis/build/icyphy/ptII/ptolemy/domains/sdf/test/auto/width3.xml (RunModel)" time="0.033" />
  <system-out><![CDATA[/home/travis/build/icyphy/ptII/ptolemy/domains/sdf/test/SDFSchedulerErrors.tcl
testDefs.tcl: setting time out to 9000 seconds at Thu Jul 12 02:06:31 UTC 2018
21 ms. Memory: 116224K Free: 105501K (91%)
4 ms. Memory: 116224K Free: 98446K (85%)
5 ms. Memory: 116224K Free: 91423K (79%)
3 ms. Memory: 116224K Free: 88349K (76%)
/home/travis/build/icyphy/ptII/ptolemy/domains/sdf/test/composition.tcl
26 ms. Memory: 116224K Free: 84708K (73%)
5 ms. Memory: 116224K Free: 82887K (71%)
/home/travis/build/icyphy/ptII/ptolemy/domains/sdf/test/cycle.tcl
.Toplevel.Director Preinitializing ...
Invoking preinitialize():  .Toplevel.Actor1
Invoking preinitialize():  .Toplevel.Actor2
Invoking preinitialize():  .Toplevel.Delay
.Toplevel.Director Finished preinitialize().
### Schedule:
Execute Schedule{
Fire Actor ptolemy.domains.sdf.kernel.test.SDFTestDelay {.Toplevel.Actor1}
Fire Actor ptolemy.domains.sdf.kernel.test.SDFTestDelay {.Toplevel.Actor2}
Fire Actor ptolemy.domains.sdf.lib.SampleDelay {.Toplevel.Delay}
}
### End schedule
Called initialize().
Invoking initialize():  .Toplevel.Actor1
Initializing actor: .Toplevel.Actor1.
Invoking initialize():  .Toplevel.Actor2
Initializing actor: .Toplevel.Actor2.
Invoking initialize():  .Toplevel.Delay
Initializing actor: .Toplevel.Delay.
Director: Called prefire().
-- Setting current time to 0.0
Director prefire returns true.
The actor .Toplevel.Actor1 will be iterated.
The actor .Toplevel.Actor1 was iterated.
The actor .Toplevel.Actor2 will be iterated.
The actor .Toplevel.Actor2 was iterated.
The actor .Toplevel.Delay will be iterated.
The actor .Toplevel.Delay was iterated.
Director: Called postfire().
Postfire returns: true
Director: Called prefire().
-- Setting current time to 0.0
Director prefire returns true.
The actor .Toplevel.Actor1 will be iterated.
The actor .Toplevel.Actor1 was iterated.
The actor .Toplevel.Actor2 will be iterated.
The actor .Toplevel.Actor2 was iterated.
The actor .Toplevel.Delay will be iterated.
The actor .Toplevel.Delay was iterated.
Director: Called postfire().
Postfire returns: true
Director: Called prefire().
-- Setting current time to 0.0
Director prefire returns true.
The actor .Toplevel.Actor1 will be iterated.
The actor .Toplevel.Actor1 was iterated.
The actor .Toplevel.Actor2 will be iterated.
The actor .Toplevel.Actor2 was iterated.
The actor .Toplevel.Delay will be iterated.
The actor .Toplevel.Delay was iterated.
Director: Called postfire().
Postfire returns: true
Director: Called prefire().
-- Setting current time to 0.0
Director prefire returns true.
The actor .Toplevel.Actor1 will be iterated.
The actor .Toplevel.Actor1 was iterated.
The actor .Toplevel.Actor2 will be iterated.
The actor .Toplevel.Actor2 was iterated.
The actor .Toplevel.Delay will be iterated.
The actor .Toplevel.Delay was iterated.
Director: Called postfire().
Postfire returns: true
Director: Called prefire().
-- Setting current time to 0.0
Director prefire returns true.
The actor .Toplevel.Actor1 will be iterated.
The actor .Toplevel.Actor1 was iterated.
The actor .Toplevel.Actor2 will be iterated.
The actor .Toplevel.Actor2 was iterated.
The actor .Toplevel.Delay will be iterated.
The actor .Toplevel.Delay was iterated.
Director: Called postfire().
Postfire returns: true
Director: Called prefire().
-- Setting current time to 0.0
Director prefire returns true.
The actor .Toplevel.Actor1 will be iterated.
The actor .Toplevel.Actor1 was iterated.
The actor .Toplevel.Actor2 will be iterated.
The actor .Toplevel.Actor2 was iterated.
The actor .Toplevel.Delay will be iterated.
The actor .Toplevel.Delay was iterated.
Reached specified number of iterations: 6
Director: Called wrapup().
23 ms. Memory: 146944K Free: 141061K (96%)
07/12/18 02:06:32
Failed: 0  Total Tests: 8  ((Passed: 8, Newly Passed: 0)  Known Failed: 0) /home/travis/build/icyphy/ptII/ptolemy/domains/sdf/test
No auto/knownFailedTests/*.xml tests in /home/travis/build/icyphy/ptII/ptolemy/domains/sdf/test
No auto/linux-amd64/*.xml tests in /home/travis/build/icyphy/ptII/ptolemy/domains/sdf/test
AutoTests.java: About to close Vertx.
AutoTests.java: Vertx closed.

===========================================================================================
----------------- testing Thu Jul 12 02:06:32 UTC 2018 /home/travis/build/icyphy/ptII/ptolemy/domains/sdf/test/auto/Array.xml
----------------- Instantiating /home/travis/build/icyphy/ptII/ptolemy/domains/sdf/test/auto/Array.xml
38 ms. Memory: 146944K Free: 101086K (69%)
----------------- Invoking toplevel() on ptolemy.moml.MoMLSimpleApplication@6c936b22
----------------- Done invoking toplevel() on ptolemy.moml.MoMLSimpleApplication@6c936b22
reloadAllAccessors: .Array

===========================================================================================
----------------- testing Thu Jul 12 02:06:32 UTC 2018 /home/travis/build/icyphy/ptII/ptolemy/domains/sdf/test/auto/Butterfly.xml
----------------- Instantiating /home/travis/build/icyphy/ptII/ptolemy/domains/sdf/test/auto/Butterfly.xml
48 ms. Memory: 146944K Free: 95483K (65%)
----------------- Invoking toplevel() on ptolemy.moml.MoMLSimpleApplication@61bf07d9
----------------- Done invoking toplevel() on ptolemy.moml.MoMLSimpleApplication@61bf07d9
reloadAllAccessors: .Butterfly

===========================================================================================
----------------- testing Thu Jul 12 02:06:33 UTC 2018 /home/travis/build/icyphy/ptII/ptolemy/domains/sdf/test/auto/Expression.xml
----------------- Instantiating /home/travis/build/icyphy/ptII/ptolemy/domains/sdf/test/auto/Expression.xml
65 ms. Memory: 146944K Free: 88787K (60%)
----------------- Invoking toplevel() on ptolemy.moml.MoMLSimpleApplication@66047441
----------------- Done invoking toplevel() on ptolemy.moml.MoMLSimpleApplication@66047441
reloadAllAccessors: .Expression

===========================================================================================
----------------- testing Thu Jul 12 02:06:33 UTC 2018 /home/travis/build/icyphy/ptII/ptolemy/domains/sdf/test/auto/Eye.xml
----------------- Instantiating /home/travis/build/icyphy/ptII/ptolemy/domains/sdf/test/auto/Eye.xml
162 ms. Memory: 146944K Free: 120146K (82%)
----------------- Invoking toplevel() on ptolemy.moml.MoMLSimpleApplication@6a937c24
----------------- Done invoking toplevel() on ptolemy.moml.MoMLSimpleApplication@6a937c24
reloadAllAccessors: .Eye

===========================================================================================
----------------- testing Thu Jul 12 02:06:33 UTC 2018 /home/travis/build/icyphy/ptII/ptolemy/domains/sdf/test/auto/FixFIR.xml
----------------- Instantiating /home/travis/build/icyphy/ptII/ptolemy/domains/sdf/test/auto/FixFIR.xml
122 ms. Memory: 146944K Free: 83433K (57%)
----------------- Invoking toplevel() on ptolemy.moml.MoMLSimpleApplication@2ca020dd
----------------- Done invoking toplevel() on ptolemy.moml.MoMLSimpleApplication@2ca020dd
reloadAllAccessors: .FixFIR

===========================================================================================
----------------- testing Thu Jul 12 02:06:33 UTC 2018 /home/travis/build/icyphy/ptII/ptolemy/domains/sdf/test/auto/FixPoint.xml
----------------- Instantiating /home/travis/build/icyphy/ptII/ptolemy/domains/sdf/test/auto/FixPoint.xml
10 ms. Memory: 146944K Free: 78798K (54%)
----------------- Invoking toplevel() on ptolemy.moml.MoMLSimpleApplication@27d87ecb
----------------- Done invoking toplevel() on ptolemy.moml.MoMLSimpleApplication@27d87ecb
reloadAllAccessors: .FixPoint

===========================================================================================
----------------- testing Thu Jul 12 02:06:33 UTC 2018 /home/travis/build/icyphy/ptII/ptolemy/domains/sdf/test/auto/Gravitation.xml
----------------- Instantiating /home/travis/build/icyphy/ptII/ptolemy/domains/sdf/test/auto/Gravitation.xml
3192 ms. Memory: 208384K Free: 108421K (52%)
----------------- Invoking toplevel() on ptolemy.moml.MoMLSimpleApplication@3f811e0a
----------------- Done invoking toplevel() on ptolemy.moml.MoMLSimpleApplication@3f811e0a
reloadAllAccessors: .Gravitation

===========================================================================================
----------------- testing Thu Jul 12 02:06:37 UTC 2018 /home/travis/build/icyphy/ptII/ptolemy/domains/sdf/test/auto/GravitationWithCollisionDetection.xml
----------------- Instantiating /home/travis/build/icyphy/ptII/ptolemy/domains/sdf/test/auto/GravitationWithCollisionDetection.xml
5958 ms. Memory: 873984K Free: 357092K (41%)
----------------- Invoking toplevel() on ptolemy.moml.MoMLSimpleApplication@3c88b7c7
----------------- Done invoking toplevel() on ptolemy.moml.MoMLSimpleApplication@3c88b7c7
reloadAllAccessors: .GravitationWithCollisionDetection

===========================================================================================
----------------- testing Thu Jul 12 02:06:43 UTC 2018 /home/travis/build/icyphy/ptII/ptolemy/domains/sdf/test/auto/HDF.xml
----------------- Instantiating /home/travis/build/icyphy/ptII/ptolemy/domains/sdf/test/auto/HDF.xml
44 ms. Memory: 873984K Free: 326812K (37%)
----------------- Invoking toplevel() on ptolemy.moml.MoMLSimpleApplication@5bc567b3
----------------- Done invoking toplevel() on ptolemy.moml.MoMLSimpleApplication@5bc567b3
reloadAllAccessors: .HDF

===========================================================================================
----------------- testing Thu Jul 12 02:06:43 UTC 2018 /home/travis/build/icyphy/ptII/ptolemy/domains/sdf/test/auto/HDFwithTransientStates.xml
----------------- Instantiating /home/travis/build/icyphy/ptII/ptolemy/domains/sdf/test/auto/HDFwithTransientStates.xml
36 ms. Memory: 873984K Free: 302833K (35%)
----------------- Invoking toplevel() on ptolemy.moml.MoMLSimpleApplication@7139a9dd
----------------- Done invoking toplevel() on ptolemy.moml.MoMLSimpleApplication@7139a9dd
reloadAllAccessors: .HDFwithTransientStates

===========================================================================================
----------------- testing Thu Jul 12 02:06:43 UTC 2018 /home/travis/build/icyphy/ptII/ptolemy/domains/sdf/test/auto/HTVQ.xml
----------------- Instantiating /home/travis/build/icyphy/ptII/ptolemy/domains/sdf/test/auto/HTVQ.xml
802 ms. Memory: 873984K Free: 129822K (15%)
----------------- Invoking toplevel() on ptolemy.moml.MoMLSimpleApplication@11edde4b
----------------- Done invoking toplevel() on ptolemy.moml.MoMLSimpleApplication@11edde4b
reloadAllAccessors: .HTVQ

===========================================================================================
----------------- testing Thu Jul 12 02:06:44 UTC 2018 /home/travis/build/icyphy/ptII/ptolemy/domains/sdf/test/auto/InferInitProduction.xml
----------------- Instantiating /home/travis/build/icyphy/ptII/ptolemy/domains/sdf/test/auto/InferInitProduction.xml
4 ms. Memory: 873984K Free: 114104K (13%)
----------------- Invoking toplevel() on ptolemy.moml.MoMLSimpleApplication@1cf01edd
----------------- Done invoking toplevel() on ptolemy.moml.MoMLSimpleApplication@1cf01edd
reloadAllAccessors: .InferInitProduction

===========================================================================================
----------------- testing Thu Jul 12 02:06:44 UTC 2018 /home/travis/build/icyphy/ptII/ptolemy/domains/sdf/test/auto/InferInitProductionDeeper.xml
----------------- Instantiating /home/travis/build/icyphy/ptII/ptolemy/domains/sdf/test/auto/InferInitProductionDeeper.xml
6 ms. Memory: 873984K Free: 98386K (11%)
----------------- Invoking toplevel() on ptolemy.moml.MoMLSimpleApplication@62b4a823
----------------- Done invoking toplevel() on ptolemy.moml.MoMLSimpleApplication@62b4a823
reloadAllAccessors: .InferInitProductionDeeper

===========================================================================================
----------------- testing Thu Jul 12 02:06:44 UTC 2018 /home/travis/build/icyphy/ptII/ptolemy/domains/sdf/test/auto/LMSAdaptive.xml
----------------- Instantiating /home/travis/build/icyphy/ptII/ptolemy/domains/sdf/test/auto/LMSAdaptive.xml
18 ms. Memory: 873984K Free: 77029K (9%)
----------------- Invoking toplevel() on ptolemy.moml.MoMLSimpleApplication@2c30a297
----------------- Done invoking toplevel() on ptolemy.moml.MoMLSimpleApplication@2c30a297
reloadAllAccessors: .LMSAdaptive

===========================================================================================
----------------- testing Thu Jul 12 02:06:44 UTC 2018 /home/travis/build/icyphy/ptII/ptolemy/domains/sdf/test/auto/LogisticMap.xml
----------------- Instantiating /home/travis/build/icyphy/ptII/ptolemy/domains/sdf/test/auto/LogisticMap.xml
453 ms. Memory: 874496K Free: 847284K (97%)
----------------- Invoking toplevel() on ptolemy.moml.MoMLSimpleApplication@e8c64e3
----------------- Done invoking toplevel() on ptolemy.moml.MoMLSimpleApplication@e8c64e3
reloadAllAccessors: .LogisticMap

===========================================================================================
----------------- testing Thu Jul 12 02:06:44 UTC 2018 /home/travis/build/icyphy/ptII/ptolemy/domains/sdf/test/auto/MaximumEntropySpectrum.xml
----------------- Instantiating /home/travis/build/icyphy/ptII/ptolemy/domains/sdf/test/auto/MaximumEntropySpectrum.xml
69 ms. Memory: 874496K Free: 766575K (88%)
----------------- Invoking toplevel() on ptolemy.moml.MoMLSimpleApplication@6bb7121d
----------------- Done invoking toplevel() on ptolemy.moml.MoMLSimpleApplication@6bb7121d
reloadAllAccessors: .MaximumEntropySpectrum

===========================================================================================
----------------- testing Thu Jul 12 02:06:45 UTC 2018 /home/travis/build/icyphy/ptII/ptolemy/domains/sdf/test/auto/MultirateSDF.xml
----------------- Instantiating /home/travis/build/icyphy/ptII/ptolemy/domains/sdf/test/auto/MultirateSDF.xml
15 ms. Memory: 874496K Free: 742981K (85%)
----------------- Invoking toplevel() on ptolemy.moml.MoMLSimpleApplication@29e5aeee
----------------- Done invoking toplevel() on ptolemy.moml.MoMLSimpleApplication@29e5aeee
reloadAllAccessors: .MultirateSDF

===========================================================================================
----------------- testing Thu Jul 12 02:06:45 UTC 2018 /home/travis/build/icyphy/ptII/ptolemy/domains/sdf/test/auto/MultirateSDFwithTransientStates.xml
----------------- Instantiating /home/travis/build/icyphy/ptII/ptolemy/domains/sdf/test/auto/MultirateSDFwithTransientStates.xml
16 ms. Memory: 874496K Free: 719388K (82%)
----------------- Invoking toplevel() on ptolemy.moml.MoMLSimpleApplication@428b120d
----------------- Done invoking toplevel() on ptolemy.moml.MoMLSimpleApplication@428b120d
reloadAllAccessors: .MultirateSDFwithTransientStates

===========================================================================================
----------------- testing Thu Jul 12 02:06:45 UTC 2018 /home/travis/build/icyphy/ptII/ptolemy/domains/sdf/test/auto/NoisySinewave.xml
----------------- Instantiating /home/travis/build/icyphy/ptII/ptolemy/domains/sdf/test/auto/NoisySinewave.xml
17 ms. Memory: 874496K Free: 695794K (80%)
----------------- Invoking toplevel() on ptolemy.moml.MoMLSimpleApplication@4c606665
----------------- Done invoking toplevel() on ptolemy.moml.MoMLSimpleApplication@4c606665
reloadAllAccessors: .NoisySinewave

===========================================================================================
----------------- testing Thu Jul 12 02:06:45 UTC 2018 /home/travis/build/icyphy/ptII/ptolemy/domains/sdf/test/auto/Objects.xml
----------------- Instantiating /home/travis/build/icyphy/ptII/ptolemy/domains/sdf/test/auto/Objects.xml
3 ms. Memory: 874496K Free: 672201K (77%)
----------------- Invoking toplevel() on ptolemy.moml.MoMLSimpleApplication@413506ad
----------------- Done invoking toplevel() on ptolemy.moml.MoMLSimpleApplication@413506ad
reloadAllAccessors: .Objects

===========================================================================================
----------------- testing Thu Jul 12 02:06:45 UTC 2018 /home/travis/build/icyphy/ptII/ptolemy/domains/sdf/test/auto/OrthogonalCom.xml
----------------- Instantiating /home/travis/build/icyphy/ptII/ptolemy/domains/sdf/test/auto/OrthogonalCom.xml
6 ms. Memory: 874496K Free: 656482K (75%)
----------------- Invoking toplevel() on ptolemy.moml.MoMLSimpleApplication@604777da
----------------- Done invoking toplevel() on ptolemy.moml.MoMLSimpleApplication@604777da
reloadAllAccessors: .OrthogonalCom

===========================================================================================
----------------- testing Thu Jul 12 02:06:45 UTC 2018 /home/travis/build/icyphy/ptII/ptolemy/domains/sdf/test/auto/RijndaelEncryption.xml
----------------- Instantiating /home/travis/build/icyphy/ptII/ptolemy/domains/sdf/test/auto/RijndaelEncryption.xml
283 ms. Memory: 874496K Free: 489202K (56%)
----------------- Invoking toplevel() on ptolemy.moml.MoMLSimpleApplication@31013af4
----------------- Done invoking toplevel() on ptolemy.moml.MoMLSimpleApplication@31013af4
reloadAllAccessors: .RijndaelEncryption

===========================================================================================
----------------- testing Thu Jul 12 02:06:45 UTC 2018 /home/travis/build/icyphy/ptII/ptolemy/domains/sdf/test/auto/SDFEmptyIterations.xml
----------------- Instantiating /home/travis/build/icyphy/ptII/ptolemy/domains/sdf/test/auto/SDFEmptyIterations.xml
5 ms. Memory: 874496K Free: 473484K (54%)
----------------- Invoking toplevel() on ptolemy.moml.MoMLSimpleApplication@33548234
----------------- Done invoking toplevel() on ptolemy.moml.MoMLSimpleApplication@33548234
reloadAllAccessors: .SDFEmptyIterations

===========================================================================================
----------------- testing Thu Jul 12 02:06:46 UTC 2018 /home/travis/build/icyphy/ptII/ptolemy/domains/sdf/test/auto/Spectrum.xml
----------------- Instantiating /home/travis/build/icyphy/ptII/ptolemy/domains/sdf/test/auto/Spectrum.xml
27 ms. Memory: 874496K Free: 449890K (51%)
----------------- Invoking toplevel() on ptolemy.moml.MoMLSimpleApplication@987e4b5
----------------- Done invoking toplevel() on ptolemy.moml.MoMLSimpleApplication@987e4b5
reloadAllAccessors: .Spectrum

===========================================================================================
----------------- testing Thu Jul 12 02:06:46 UTC 2018 /home/travis/build/icyphy/ptII/ptolemy/domains/sdf/test/auto/de_inside_sdf.xml
----------------- Instantiating /home/travis/build/icyphy/ptII/ptolemy/domains/sdf/test/auto/de_inside_sdf.xml
8 ms. Memory: 874496K Free: 434172K (50%)
----------------- Invoking toplevel() on ptolemy.moml.MoMLSimpleApplication@6d567b02
----------------- Done invoking toplevel() on ptolemy.moml.MoMLSimpleApplication@6d567b02
reloadAllAccessors: .de_inside_sdf

===========================================================================================
----------------- testing Thu Jul 12 02:06:46 UTC 2018 /home/travis/build/icyphy/ptII/ptolemy/domains/sdf/test/auto/disconnectedHierarchicalSDF.xml
----------------- Instantiating /home/travis/build/icyphy/ptII/ptolemy/domains/sdf/test/auto/disconnectedHierarchicalSDF.xml
4 ms. Memory: 874496K Free: 418453K (48%)
----------------- Invoking toplevel() on ptolemy.moml.MoMLSimpleApplication@1e599dae
----------------- Done invoking toplevel() on ptolemy.moml.MoMLSimpleApplication@1e599dae
reloadAllAccessors: .disconnectedHierarchicalSDF

===========================================================================================
----------------- testing Thu Jul 12 02:06:46 UTC 2018 /home/travis/build/icyphy/ptII/ptolemy/domains/sdf/test/auto/disconnectedSDF.xml
----------------- Instantiating /home/travis/build/icyphy/ptII/ptolemy/domains/sdf/test/auto/disconnectedSDF.xml
4 ms. Memory: 874496K Free: 402735K (46%)
----------------- Invoking toplevel() on ptolemy.moml.MoMLSimpleApplication@676c0922
----------------- Done invoking toplevel() on ptolemy.moml.MoMLSimpleApplication@676c0922
reloadAllAccessors: .disconnectedSDF

===========================================================================================
----------------- testing Thu Jul 12 02:06:46 UTC 2018 /home/travis/build/icyphy/ptII/ptolemy/domains/sdf/test/auto/emptyRefinement.xml
----------------- Instantiating /home/travis/build/icyphy/ptII/ptolemy/domains/sdf/test/auto/emptyRefinement.xml
3 ms. Memory: 874496K Free: 384964K (44%)
----------------- Invoking toplevel() on ptolemy.moml.MoMLSimpleApplication@38656828
----------------- Done invoking toplevel() on ptolemy.moml.MoMLSimpleApplication@38656828
reloadAllAccessors: .emptyRefinement

===========================================================================================
----------------- testing Thu Jul 12 02:06:46 UTC 2018 /home/travis/build/icyphy/ptII/ptolemy/domains/sdf/test/auto/filePortParameter.xml
----------------- Instantiating /home/travis/build/icyphy/ptII/ptolemy/domains/sdf/test/auto/filePortParameter.xml
17 ms. Memory: 874496K Free: 369245K (42%)
----------------- Invoking toplevel() on ptolemy.moml.MoMLSimpleApplication@544ddc7e
----------------- Done invoking toplevel() on ptolemy.moml.MoMLSimpleApplication@544ddc7e
reloadAllAccessors: .filePortParameter

===========================================================================================
----------------- testing Thu Jul 12 02:06:46 UTC 2018 /home/travis/build/icyphy/ptII/ptolemy/domains/sdf/test/auto/inferRelationWidth1.xml
----------------- Instantiating /home/travis/build/icyphy/ptII/ptolemy/domains/sdf/test/auto/inferRelationWidth1.xml
1 ms. Memory: 874496K Free: 353527K (40%)
----------------- Invoking toplevel() on ptolemy.moml.MoMLSimpleApplication@131d1702
----------------- Done invoking toplevel() on ptolemy.moml.MoMLSimpleApplication@131d1702
reloadAllAccessors: .inferRelationWidth1

===========================================================================================
----------------- testing Thu Jul 12 02:06:46 UTC 2018 /home/travis/build/icyphy/ptII/ptolemy/domains/sdf/test/auto/initProductionInference.xml
----------------- Instantiating /home/travis/build/icyphy/ptII/ptolemy/domains/sdf/test/auto/initProductionInference.xml
5 ms. Memory: 874496K Free: 337809K (39%)
----------------- Invoking toplevel() on ptolemy.moml.MoMLSimpleApplication@7a0abc42
----------------- Done invoking toplevel() on ptolemy.moml.MoMLSimpleApplication@7a0abc42
reloadAllAccessors: .initProductionInference

===========================================================================================
----------------- testing Thu Jul 12 02:06:46 UTC 2018 /home/travis/build/icyphy/ptII/ptolemy/domains/sdf/test/auto/relationGroup.xml
----------------- Instantiating /home/travis/build/icyphy/ptII/ptolemy/domains/sdf/test/auto/relationGroup.xml
3 ms. Memory: 874496K Free: 322090K (37%)
----------------- Invoking toplevel() on ptolemy.moml.MoMLSimpleApplication@6fc22813
----------------- Done invoking toplevel() on ptolemy.moml.MoMLSimpleApplication@6fc22813
reloadAllAccessors: .relationGroup

===========================================================================================
----------------- testing Thu Jul 12 02:06:46 UTC 2018 /home/travis/build/icyphy/ptII/ptolemy/domains/sdf/test/auto/relationGroup10.xml
----------------- Instantiating /home/travis/build/icyphy/ptII/ptolemy/domains/sdf/test/auto/relationGroup10.xml
2 ms. Memory: 874496K Free: 306372K (35%)
----------------- Invoking toplevel() on ptolemy.moml.MoMLSimpleApplication@562b170f
----------------- Done invoking toplevel() on ptolemy.moml.MoMLSimpleApplication@562b170f
reloadAllAccessors: .relationGroup10

===========================================================================================
----------------- testing Thu Jul 12 02:06:46 UTC 2018 /home/travis/build/icyphy/ptII/ptolemy/domains/sdf/test/auto/relationGroup11.xml
----------------- Instantiating /home/travis/build/icyphy/ptII/ptolemy/domains/sdf/test/auto/relationGroup11.xml
1 ms. Memory: 874496K Free: 288601K (33%)
----------------- Invoking toplevel() on ptolemy.moml.MoMLSimpleApplication@481e9a9c
----------------- Done invoking toplevel() on ptolemy.moml.MoMLSimpleApplication@481e9a9c
reloadAllAccessors: .relationGroup11

===========================================================================================
----------------- testing Thu Jul 12 02:06:46 UTC 2018 /home/travis/build/icyphy/ptII/ptolemy/domains/sdf/test/auto/relationGroup12.xml
----------------- Instantiating /home/travis/build/icyphy/ptII/ptolemy/domains/sdf/test/auto/relationGroup12.xml
3 ms. Memory: 874496K Free: 272883K (31%)
----------------- Invoking toplevel() on ptolemy.moml.MoMLSimpleApplication@38b6c78d
----------------- Done invoking toplevel() on ptolemy.moml.MoMLSimpleApplication@38b6c78d
reloadAllAccessors: .relationGroup12

===========================================================================================
----------------- testing Thu Jul 12 02:06:46 UTC 2018 /home/travis/build/icyphy/ptII/ptolemy/domains/sdf/test/auto/relationGroup13.xml
----------------- Instantiating /home/travis/build/icyphy/ptII/ptolemy/domains/sdf/test/auto/relationGroup13.xml
6 ms. Memory: 874496K Free: 257164K (29%)
----------------- Invoking toplevel() on ptolemy.moml.MoMLSimpleApplication@42dd92cf
----------------- Done invoking toplevel() on ptolemy.moml.MoMLSimpleApplication@42dd92cf
reloadAllAccessors: .relationGroup13

===========================================================================================
----------------- testing Thu Jul 12 02:06:46 UTC 2018 /home/travis/build/icyphy/ptII/ptolemy/domains/sdf/test/auto/relationGroup14.xml
----------------- Instantiating /home/travis/build/icyphy/ptII/ptolemy/domains/sdf/test/auto/relationGroup14.xml
3 ms. Memory: 874496K Free: 241446K (28%)
----------------- Invoking toplevel() on ptolemy.moml.MoMLSimpleApplication@21752c7e
----------------- Done invoking toplevel() on ptolemy.moml.MoMLSimpleApplication@21752c7e
reloadAllAccessors: .relationGroup14

===========================================================================================
----------------- testing Thu Jul 12 02:06:46 UTC 2018 /home/travis/build/icyphy/ptII/ptolemy/domains/sdf/test/auto/relationGroup15.xml
----------------- Instantiating /home/travis/build/icyphy/ptII/ptolemy/domains/sdf/test/auto/relationGroup15.xml
2 ms. Memory: 874496K Free: 225727K (26%)
----------------- Invoking toplevel() on ptolemy.moml.MoMLSimpleApplication@6cc08293
----------------- Done invoking toplevel() on ptolemy.moml.MoMLSimpleApplication@6cc08293
reloadAllAccessors: .relationGroup15

===========================================================================================
----------------- testing Thu Jul 12 02:06:46 UTC 2018 /home/travis/build/icyphy/ptII/ptolemy/domains/sdf/test/auto/relationGroup2.xml
----------------- Instantiating /home/travis/build/icyphy/ptII/ptolemy/domains/sdf/test/auto/relationGroup2.xml
2 ms. Memory: 874496K Free: 210009K (24%)
----------------- Invoking toplevel() on ptolemy.moml.MoMLSimpleApplication@681c3363
----------------- Done invoking toplevel() on ptolemy.moml.MoMLSimpleApplication@681c3363
reloadAllAccessors: .relationGroup2

===========================================================================================
----------------- testing Thu Jul 12 02:06:46 UTC 2018 /home/travis/build/icyphy/ptII/ptolemy/domains/sdf/test/auto/relationGroup3.xml
----------------- Instantiating /home/travis/build/icyphy/ptII/ptolemy/domains/sdf/test/auto/relationGroup3.xml
2 ms. Memory: 874496K Free: 192238K (22%)
----------------- Invoking toplevel() on ptolemy.moml.MoMLSimpleApplication@78929b05
----------------- Done invoking toplevel() on ptolemy.moml.MoMLSimpleApplication@78929b05
reloadAllAccessors: .relationGroup3

===========================================================================================
----------------- testing Thu Jul 12 02:06:46 UTC 2018 /home/travis/build/icyphy/ptII/ptolemy/domains/sdf/test/auto/relationGroup4.xml
----------------- Instantiating /home/travis/build/icyphy/ptII/ptolemy/domains/sdf/test/auto/relationGroup4.xml
6 ms. Memory: 874496K Free: 176520K (20%)
----------------- Invoking toplevel() on ptolemy.moml.MoMLSimpleApplication@72513e05
----------------- Done invoking toplevel() on ptolemy.moml.MoMLSimpleApplication@72513e05
reloadAllAccessors: .relationGroup4

===========================================================================================
----------------- testing Thu Jul 12 02:06:46 UTC 2018 /home/travis/build/icyphy/ptII/ptolemy/domains/sdf/test/auto/relationGroup5.xml
----------------- Instantiating /home/travis/build/icyphy/ptII/ptolemy/domains/sdf/test/auto/relationGroup5.xml
4 ms. Memory: 874496K Free: 160801K (18%)
----------------- Invoking toplevel() on ptolemy.moml.MoMLSimpleApplication@48e8b7d8
----------------- Done invoking toplevel() on ptolemy.moml.MoMLSimpleApplication@48e8b7d8
reloadAllAccessors: .relationGroup5

===========================================================================================
----------------- testing Thu Jul 12 02:06:46 UTC 2018 /home/travis/build/icyphy/ptII/ptolemy/domains/sdf/test/auto/relationGroup6.xml
----------------- Instantiating /home/travis/build/icyphy/ptII/ptolemy/domains/sdf/test/auto/relationGroup6.xml
4 ms. Memory: 874496K Free: 145083K (17%)
----------------- Invoking toplevel() on ptolemy.moml.MoMLSimpleApplication@2487a44c
----------------- Done invoking toplevel() on ptolemy.moml.MoMLSimpleApplication@2487a44c
reloadAllAccessors: .relationGroup6

===========================================================================================
----------------- testing Thu Jul 12 02:06:46 UTC 2018 /home/travis/build/icyphy/ptII/ptolemy/domains/sdf/test/auto/relationGroup7.xml
----------------- Instantiating /home/travis/build/icyphy/ptII/ptolemy/domains/sdf/test/auto/relationGroup7.xml
2 ms. Memory: 874496K Free: 129365K (15%)
----------------- Invoking toplevel() on ptolemy.moml.MoMLSimpleApplication@3a8ec922
----------------- Done invoking toplevel() on ptolemy.moml.MoMLSimpleApplication@3a8ec922
reloadAllAccessors: .relationGroup7

===========================================================================================
----------------- testing Thu Jul 12 02:06:46 UTC 2018 /home/travis/build/icyphy/ptII/ptolemy/domains/sdf/test/auto/relationGroup8.xml
----------------- Instantiating /home/travis/build/icyphy/ptII/ptolemy/domains/sdf/test/auto/relationGroup8.xml
1 ms. Memory: 874496K Free: 113646K (13%)
----------------- Invoking toplevel() on ptolemy.moml.MoMLSimpleApplication@43f82dee
----------------- Done invoking toplevel() on ptolemy.moml.MoMLSimpleApplication@43f82dee
reloadAllAccessors: .relationGroup8

===========================================================================================
----------------- testing Thu Jul 12 02:06:46 UTC 2018 /home/travis/build/icyphy/ptII/ptolemy/domains/sdf/test/auto/relationGroup9.xml
----------------- Instantiating /home/travis/build/icyphy/ptII/ptolemy/domains/sdf/test/auto/relationGroup9.xml
7 ms. Memory: 874496K Free: 95876K (11%)
----------------- Invoking toplevel() on ptolemy.moml.MoMLSimpleApplication@4939503a
----------------- Done invoking toplevel() on ptolemy.moml.MoMLSimpleApplication@4939503a
reloadAllAccessors: .relationGroup9

===========================================================================================
----------------- testing Thu Jul 12 02:06:46 UTC 2018 /home/travis/build/icyphy/ptII/ptolemy/domains/sdf/test/auto/sdf_inside_de.xml
----------------- Instantiating /home/travis/build/icyphy/ptII/ptolemy/domains/sdf/test/auto/sdf_inside_de.xml
17 ms. Memory: 874496K Free: 80157K (9%)
----------------- Invoking toplevel() on ptolemy.moml.MoMLSimpleApplication@2831c4a8
----------------- Done invoking toplevel() on ptolemy.moml.MoMLSimpleApplication@2831c4a8
reloadAllAccessors: .sdf_inside_de

===========================================================================================
----------------- testing Thu Jul 12 02:06:46 UTC 2018 /home/travis/build/icyphy/ptII/ptolemy/domains/sdf/test/auto/sdf_inside_pn.xml
----------------- Instantiating /home/travis/build/icyphy/ptII/ptolemy/domains/sdf/test/auto/sdf_inside_pn.xml
37 ms. Memory: 830464K Free: 769568K (93%)
----------------- Invoking toplevel() on ptolemy.moml.MoMLSimpleApplication@4d32b7d0
----------------- Done invoking toplevel() on ptolemy.moml.MoMLSimpleApplication@4d32b7d0
reloadAllAccessors: .sdf_inside_pn

===========================================================================================
----------------- testing Thu Jul 12 02:06:46 UTC 2018 /home/travis/build/icyphy/ptII/ptolemy/domains/sdf/test/auto/sdf_sdf1.xml
----------------- Instantiating /home/travis/build/icyphy/ptII/ptolemy/domains/sdf/test/auto/sdf_sdf1.xml
3 ms. Memory: 830464K Free: 753244K (91%)
----------------- Invoking toplevel() on ptolemy.moml.MoMLSimpleApplication@747200a1
----------------- Done invoking toplevel() on ptolemy.moml.MoMLSimpleApplication@747200a1
reloadAllAccessors: .sdf_sdf1

===========================================================================================
----------------- testing Thu Jul 12 02:06:46 UTC 2018 /home/travis/build/icyphy/ptII/ptolemy/domains/sdf/test/auto/test1.xml
----------------- Instantiating /home/travis/build/icyphy/ptII/ptolemy/domains/sdf/test/auto/test1.xml
3 ms. Memory: 830464K Free: 738273K (89%)
----------------- Invoking toplevel() on ptolemy.moml.MoMLSimpleApplication@a21302a
----------------- Done invoking toplevel() on ptolemy.moml.MoMLSimpleApplication@a21302a
reloadAllAccessors: .test1

===========================================================================================
----------------- testing Thu Jul 12 02:06:46 UTC 2018 /home/travis/build/icyphy/ptII/ptolemy/domains/sdf/test/auto/time1.xml
----------------- Instantiating /home/travis/build/icyphy/ptII/ptolemy/domains/sdf/test/auto/time1.xml
2 ms. Memory: 830464K Free: 723302K (87%)
----------------- Invoking toplevel() on ptolemy.moml.MoMLSimpleApplication@332b1730
----------------- Done invoking toplevel() on ptolemy.moml.MoMLSimpleApplication@332b1730
reloadAllAccessors: .time1

===========================================================================================
----------------- testing Thu Jul 12 02:06:46 UTC 2018 /home/travis/build/icyphy/ptII/ptolemy/domains/sdf/test/auto/time2.xml
----------------- Instantiating /home/travis/build/icyphy/ptII/ptolemy/domains/sdf/test/auto/time2.xml
2 ms. Memory: 830464K Free: 706977K (85%)
----------------- Invoking toplevel() on ptolemy.moml.MoMLSimpleApplication@32c95ee5
----------------- Done invoking toplevel() on ptolemy.moml.MoMLSimpleApplication@32c95ee5
reloadAllAccessors: .time2

===========================================================================================
----------------- testing Thu Jul 12 02:06:46 UTC 2018 /home/travis/build/icyphy/ptII/ptolemy/domains/sdf/test/auto/time3.xml
----------------- Instantiating /home/travis/build/icyphy/ptII/ptolemy/domains/sdf/test/auto/time3.xml
7 ms. Memory: 830464K Free: 692006K (83%)
----------------- Invoking toplevel() on ptolemy.moml.MoMLSimpleApplication@a4efd83
----------------- Done invoking toplevel() on ptolemy.moml.MoMLSimpleApplication@a4efd83
reloadAllAccessors: .time3

===========================================================================================
----------------- testing Thu Jul 12 02:06:46 UTC 2018 /home/travis/build/icyphy/ptII/ptolemy/domains/sdf/test/auto/time4.xml
----------------- Instantiating /home/travis/build/icyphy/ptII/ptolemy/domains/sdf/test/auto/time4.xml
5 ms. Memory: 830464K Free: 677035K (82%)
----------------- Invoking toplevel() on ptolemy.moml.MoMLSimpleApplication@71c3b379
----------------- Done invoking toplevel() on ptolemy.moml.MoMLSimpleApplication@71c3b379
reloadAllAccessors: .time4

===========================================================================================
----------------- testing Thu Jul 12 02:06:46 UTC 2018 /home/travis/build/icyphy/ptII/ptolemy/domains/sdf/test/auto/time5.xml
----------------- Instantiating /home/travis/build/icyphy/ptII/ptolemy/domains/sdf/test/auto/time5.xml
4002 ms. Memory: 830464K Free: 662065K (80%)
----------------- Invoking toplevel() on ptolemy.moml.MoMLSimpleApplication@23176d2e
----------------- Done invoking toplevel() on ptolemy.moml.MoMLSimpleApplication@23176d2e
reloadAllAccessors: .time5

===========================================================================================
----------------- testing Thu Jul 12 02:06:50 UTC 2018 /home/travis/build/icyphy/ptII/ptolemy/domains/sdf/test/auto/typeSystem_Const_Integer_smallest_Type.xml
----------------- Instantiating /home/travis/build/icyphy/ptII/ptolemy/domains/sdf/test/auto/typeSystem_Const_Integer_smallest_Type.xml
3 ms. Memory: 830464K Free: 645740K (78%)
----------------- Invoking toplevel() on ptolemy.moml.MoMLSimpleApplication@141fa211
----------------- Done invoking toplevel() on ptolemy.moml.MoMLSimpleApplication@141fa211
reloadAllAccessors: .typeSystem_Const_Integer_smallest_Type

===========================================================================================
----------------- testing Thu Jul 12 02:06:50 UTC 2018 /home/travis/build/icyphy/ptII/ptolemy/domains/sdf/test/auto/typeSystem_declared_Inports_OutportTypeException.xml
----------------- Instantiating /home/travis/build/icyphy/ptII/ptolemy/domains/sdf/test/auto/typeSystem_declared_Inports_OutportTypeException.xml
.typeSystem_declared_Inports_OutportTypeException.TestExceptionAttribute: initialize() was not invoked, but wrapup() was.  This is unusual, but not always a problem.  For example, exporting JNLP will do this.
2 ms. Memory: 830464K Free: 630769K (76%)
----------------- Invoking toplevel() on ptolemy.moml.MoMLSimpleApplication@252bb0b2
----------------- Done invoking toplevel() on ptolemy.moml.MoMLSimpleApplication@252bb0b2
reloadAllAccessors: .typeSystem_declared_Inports_OutportTypeException

===========================================================================================
----------------- testing Thu Jul 12 02:06:50 UTC 2018 /home/travis/build/icyphy/ptII/ptolemy/domains/sdf/test/auto/typeSystem_oneDeclaredInportType_wrongTypeOutport.xml
----------------- Instantiating /home/travis/build/icyphy/ptII/ptolemy/domains/sdf/test/auto/typeSystem_oneDeclaredInportType_wrongTypeOutport.xml
2 ms. Memory: 830464K Free: 615798K (74%)
----------------- Invoking toplevel() on ptolemy.moml.MoMLSimpleApplication@428bc51c
----------------- Done invoking toplevel() on ptolemy.moml.MoMLSimpleApplication@428bc51c
reloadAllAccessors: .typeSystem_oneDeclaredInportType_wrongTypeOutport

===========================================================================================
----------------- testing Thu Jul 12 02:06:50 UTC 2018 /home/travis/build/icyphy/ptII/ptolemy/domains/sdf/test/auto/width.xml
----------------- Instantiating /home/travis/build/icyphy/ptII/ptolemy/domains/sdf/test/auto/width.xml
2 ms. Memory: 830464K Free: 599474K (72%)
----------------- Invoking toplevel() on ptolemy.moml.MoMLSimpleApplication@7934efa4
----------------- Done invoking toplevel() on ptolemy.moml.MoMLSimpleApplication@7934efa4
reloadAllAccessors: .width

===========================================================================================
----------------- testing Thu Jul 12 02:06:50 UTC 2018 /home/travis/build/icyphy/ptII/ptolemy/domains/sdf/test/auto/width2.xml
----------------- Instantiating /home/travis/build/icyphy/ptII/ptolemy/domains/sdf/test/auto/width2.xml
28 ms. Memory: 830464K Free: 584503K (70%)
----------------- Invoking toplevel() on ptolemy.moml.MoMLSimpleApplication@123cf501
----------------- Done invoking toplevel() on ptolemy.moml.MoMLSimpleApplication@123cf501
reloadAllAccessors: .width2

===========================================================================================
----------------- testing Thu Jul 12 02:06:50 UTC 2018 /home/travis/build/icyphy/ptII/ptolemy/domains/sdf/test/auto/width3.xml
----------------- Instantiating /home/travis/build/icyphy/ptII/ptolemy/domains/sdf/test/auto/width3.xml
23 ms. Memory: 830464K Free: 569532K (69%)
----------------- Invoking toplevel() on ptolemy.moml.MoMLSimpleApplication@74a650fb
----------------- Done invoking toplevel() on ptolemy.moml.MoMLSimpleApplication@74a650fb
reloadAllAccessors: .width3
AutoTests.java: About to close Vertx.
AutoTests.java: Vertx closed.
]]></system-out>
  <system-err><![CDATA[java.lang.RuntimeException: Execution failed
	at ptolemy.moml.MoMLSimpleApplication$UnloadThread.run(MoMLSimpleApplication.java:402)
Caused by: ptolemy.actor.sched.NotSchedulableException: No solution exists for the balance equations.
Graph is not consistent under the SDF domain detected on external port .rateConsistency.actor.port2
  in .rateConsistency.SDF Director.Scheduler
	at ptolemy.domains.sdf.kernel.SDFScheduler._propagatePort(SDFScheduler.java:1425)
	at ptolemy.domains.sdf.kernel.SDFScheduler._solveBalanceEquations(SDFScheduler.java:710)
	at ptolemy.domains.sdf.kernel.SDFScheduler._getSchedule(SDFScheduler.java:566)
	at ptolemy.actor.sched.Scheduler.getSchedule(Scheduler.java:189)
	at ptolemy.domains.sdf.kernel.SDFDirector.createSchedule(SDFDirector.java:408)
	at ptolemy.domains.sdf.kernel.SDFDirector.preinitialize(SDFDirector.java:764)
	at ptolemy.actor.CompositeActor.preinitialize(CompositeActor.java:1828)
	at ptolemy.actor.Manager.preinitializeAndResolveTypes(Manager.java:1040)
	at ptolemy.actor.Manager.initialize(Manager.java:710)
	at ptolemy.actor.Manager.execute(Manager.java:356)
	at ptolemy.actor.Manager.run(Manager.java:1263)
	at ptolemy.actor.Manager$PtolemyRunThread.run(Manager.java:1915)
java.lang.RuntimeException: Execution failed
	at ptolemy.moml.MoMLSimpleApplication$UnloadThread.run(MoMLSimpleApplication.java:402)
Caused by: ptolemy.kernel.util.IllegalActionException: Failed to compute schedule:
  in .badRateChanges.typed composite actor.SDF Director
Because:
The SDF rate parameter may change. This is not allowed in SDF models that will be run through the code generator.  If you don't care about code generation, then you might consider setting the allowRateChanges parameter of the SDF director to false.
  in .badRateChanges.typed composite actor.Repeat.output.tokenProductionRate
	at ptolemy.domains.sdf.kernel.SDFDirector.createSchedule(SDFDirector.java:418)
	at ptolemy.domains.sdf.kernel.SDFDirector.preinitialize(SDFDirector.java:764)
	at ptolemy.actor.CompositeActor.preinitialize(CompositeActor.java:1828)
	at ptolemy.actor.Director.preinitialize(Director.java:1302)
	at ptolemy.actor.Director.preinitialize(Director.java:1257)
	at ptolemy.domains.sdf.kernel.SDFDirector.preinitialize(SDFDirector.java:763)
	at ptolemy.actor.CompositeActor.preinitialize(CompositeActor.java:1828)
	at ptolemy.actor.Manager.preinitializeAndResolveTypes(Manager.java:1040)
	at ptolemy.actor.Manager.initialize(Manager.java:710)
	at ptolemy.actor.Manager.execute(Manager.java:356)
	at ptolemy.actor.Manager.run(Manager.java:1263)
	at ptolemy.actor.Manager$PtolemyRunThread.run(Manager.java:1915)
Caused by: ptolemy.kernel.util.IllegalActionException: The SDF rate parameter may change. This is not allowed in SDF models that will be run through the code generator.  If you don't care about code generation, then you might consider setting the allowRateChanges parameter of the SDF director to false.
  in .badRateChanges.typed composite actor.Repeat.output.tokenProductionRate
	at ptolemy.domains.sdf.kernel.SDFScheduler._assertDynamicRateVariable(SDFScheduler.java:931)
	at ptolemy.domains.sdf.kernel.SDFScheduler._checkDynamicRateVariables(SDFScheduler.java:339)
	at ptolemy.domains.sdf.kernel.SDFScheduler._getSchedule(SDFScheduler.java:527)
	at ptolemy.actor.sched.Scheduler.getSchedule(Scheduler.java:189)
	at ptolemy.domains.sdf.kernel.SDFDirector.createSchedule(SDFDirector.java:408)
	... 11 more
java.lang.RuntimeException: Execution failed
	at ptolemy.moml.MoMLSimpleApplication$UnloadThread.run(MoMLSimpleApplication.java:402)
Caused by: ptolemy.kernel.util.IllegalActionException: Failed to compute schedule:
  in .badRateChanges2.typed composite actor.SDF Director
Because:
The SDF rate parameter may change. This is not allowed in SDF models that will be run through the code generator.  If you don't care about code generation, then you might consider setting the allowRateChanges parameter of the SDF director to false.
  in .badRateChanges2.typed composite actor.Repeat.output.tokenProductionRate
	at ptolemy.domains.sdf.kernel.SDFDirector.createSchedule(SDFDirector.java:418)
	at ptolemy.domains.sdf.kernel.SDFDirector.preinitialize(SDFDirector.java:764)
	at ptolemy.actor.CompositeActor.preinitialize(CompositeActor.java:1828)
	at ptolemy.actor.Director.preinitialize(Director.java:1302)
	at ptolemy.actor.Director.preinitialize(Director.java:1257)
	at ptolemy.domains.sdf.kernel.SDFDirector.preinitialize(SDFDirector.java:763)
	at ptolemy.actor.CompositeActor.preinitialize(CompositeActor.java:1828)
	at ptolemy.actor.Manager.preinitializeAndResolveTypes(Manager.java:1040)
	at ptolemy.actor.Manager.initialize(Manager.java:710)
	at ptolemy.actor.Manager.execute(Manager.java:356)
	at ptolemy.actor.Manager.run(Manager.java:1263)
	at ptolemy.actor.Manager$PtolemyRunThread.run(Manager.java:1915)
Caused by: ptolemy.kernel.util.IllegalActionException: The SDF rate parameter may change. This is not allowed in SDF models that will be run through the code generator.  If you don't care about code generation, then you might consider setting the allowRateChanges parameter of the SDF director to false.
  in .badRateChanges2.typed composite actor.Repeat.output.tokenProductionRate
	at ptolemy.domains.sdf.kernel.SDFScheduler._assertDynamicRateVariable(SDFScheduler.java:931)
	at ptolemy.domains.sdf.kernel.SDFScheduler._checkDynamicRateVariables(SDFScheduler.java:339)
	at ptolemy.domains.sdf.kernel.SDFScheduler._getSchedule(SDFScheduler.java:527)
	at ptolemy.actor.sched.Scheduler.getSchedule(Scheduler.java:189)
	at ptolemy.domains.sdf.kernel.SDFDirector.createSchedule(SDFDirector.java:408)
	... 11 more
java.lang.RuntimeException: Execution failed
	at ptolemy.moml.MoMLSimpleApplication$UnloadThread.run(MoMLSimpleApplication.java:402)
Caused by: ptolemy.actor.sched.NotSchedulableException: Actors remain that cannot be scheduled!

There are several possible reasons:
* SDF Graphs with feedback loops should have an actor with a delay in the loop, such as a SampleDelay.
* The SDF director has an "allowDisconnectedGraphs"parameter, which, when true, permits disconnected SDF graphs.
* The token consumption rate and production rates might be mismatched.
Usually, actors produce one token or consume one token on a port.  To produce or consume multiple tokens per firing, add a "tokenConsumptionRate" or "tokenProductionRate" parameter to the appropriate port.
Unscheduled actors:
.partiallyConnected.Const2 
Scheduled actors:
.partiallyConnected.Const 
  in .partiallyConnected.SDF Director.Scheduler
	at ptolemy.domains.sdf.kernel.SDFScheduler._scheduleConnectedActors(SDFScheduler.java:1828)
	at ptolemy.domains.sdf.kernel.SDFScheduler._getSchedule(SDFScheduler.java:587)
	at ptolemy.actor.sched.Scheduler.getSchedule(Scheduler.java:189)
	at ptolemy.domains.sdf.kernel.SDFDirector.createSchedule(SDFDirector.java:408)
	at ptolemy.domains.sdf.kernel.SDFDirector.preinitialize(SDFDirector.java:764)
	at ptolemy.actor.CompositeActor.preinitialize(CompositeActor.java:1828)
	at ptolemy.actor.Manager.preinitializeAndResolveTypes(Manager.java:1040)
	at ptolemy.actor.Manager.initialize(Manager.java:710)
	at ptolemy.actor.Manager.execute(Manager.java:356)
	at ptolemy.actor.Manager.run(Manager.java:1263)
	at ptolemy.actor.Manager$PtolemyRunThread.run(Manager.java:1915)
]]></system-err>
</testsuite>
