<?xml version="1.0" encoding="UTF-8" ?>
<testsuite errors="0" failures="0" hostname="travis-job-fd828a8f-98bd-4ecc-bc21-4dac7421b9e2" name="ptolemy.domains.continuous.test.junit.JUnitTclTest" skipped="0" tests="156" time="73.61" timestamp="2019-02-01T03:27:59">
  <properties>
[...]
</properties>
  <testcase classname="ptolemy.util.test.junit.TclTests" name="[0] ThereAreNoTclTests (RunTclFile)" time="0.001" />
  <testcase classname="ptolemy.util.test.junit.AutoKnownFailedTests" name="[0] ThereAreNoKnowFailedTests (RunModel)" time="0.001" />
  <testcase classname="ptolemy.util.test.junit.AutoNameArchTests" name="[0] ThereAreNoAutoArchTests (RunModel)" time="0.005" />
  <testcase classname="ptolemy.util.test.junit.AutoTests" name="[0] /home/travis/build/icyphy/ptII/ptolemy/domains/continuous/test/auto/BouncingBall.xml (RunModel)" time="2.807" />
  <testcase classname="ptolemy.util.test.junit.AutoTests" name="[1] /home/travis/build/icyphy/ptII/ptolemy/domains/continuous/test/auto/BouncingBallWithoutGR.xml (RunModel)" time="0.885" />
  <testcase classname="ptolemy.util.test.junit.AutoTests" name="[2] /home/travis/build/icyphy/ptII/ptolemy/domains/continuous/test/auto/Brownian.xml (RunModel)" time="0.099" />
  <testcase classname="ptolemy.util.test.junit.AutoTests" name="[3] /home/travis/build/icyphy/ptII/ptolemy/domains/continuous/test/auto/CarTracking.xml (RunModel)" time="3.555" />
  <testcase classname="ptolemy.util.test.junit.AutoTests" name="[4] /home/travis/build/icyphy/ptII/ptolemy/domains/continuous/test/auto/CartPendulum.xml (RunModel)" time="0.541" />
  <testcase classname="ptolemy.util.test.junit.AutoTests" name="[5] /home/travis/build/icyphy/ptII/ptolemy/domains/continuous/test/auto/CausalityInterface10.xml (RunModel)" time="0.063" />
  <testcase classname="ptolemy.util.test.junit.AutoTests" name="[6] /home/travis/build/icyphy/ptII/ptolemy/domains/continuous/test/auto/CausalityInterface11.xml (RunModel)" time="0.038" />
  <testcase classname="ptolemy.util.test.junit.AutoTests" name="[7] /home/travis/build/icyphy/ptII/ptolemy/domains/continuous/test/auto/CausalityInterface12.xml (RunModel)" time="0.039" />
  <testcase classname="ptolemy.util.test.junit.AutoTests" name="[8] /home/travis/build/icyphy/ptII/ptolemy/domains/continuous/test/auto/CausalityInterface13.xml (RunModel)" time="0.046" />
  <testcase classname="ptolemy.util.test.junit.AutoTests" name="[9] /home/travis/build/icyphy/ptII/ptolemy/domains/continuous/test/auto/CausalityInterface14.xml (RunModel)" time="0.032" />
  <testcase classname="ptolemy.util.test.junit.AutoTests" name="[10] /home/travis/build/icyphy/ptII/ptolemy/domains/continuous/test/auto/CausalityInterface4.xml (RunModel)" time="0.029" />
  <testcase classname="ptolemy.util.test.junit.AutoTests" name="[11] /home/travis/build/icyphy/ptII/ptolemy/domains/continuous/test/auto/CausalityInterface5.xml (RunModel)" time="0.043" />
  <testcase classname="ptolemy.util.test.junit.AutoTests" name="[12] /home/travis/build/icyphy/ptII/ptolemy/domains/continuous/test/auto/CausalityInterface6.xml (RunModel)" time="0.025" />
  <testcase classname="ptolemy.util.test.junit.AutoTests" name="[13] /home/travis/build/icyphy/ptII/ptolemy/domains/continuous/test/auto/CausalityInterface7.xml (RunModel)" time="0.052" />
  <testcase classname="ptolemy.util.test.junit.AutoTests" name="[14] /home/travis/build/icyphy/ptII/ptolemy/domains/continuous/test/auto/CausalityInterface8.xml (RunModel)" time="0.044" />
  <testcase classname="ptolemy.util.test.junit.AutoTests" name="[15] /home/travis/build/icyphy/ptII/ptolemy/domains/continuous/test/auto/CausalityInterface9.xml (RunModel)" time="0.042" />
  <testcase classname="ptolemy.util.test.junit.AutoTests" name="[16] /home/travis/build/icyphy/ptII/ptolemy/domains/continuous/test/auto/CausalityInterfaceFeedback1.xml (RunModel)" time="0.031" />
  <testcase classname="ptolemy.util.test.junit.AutoTests" name="[17] /home/travis/build/icyphy/ptII/ptolemy/domains/continuous/test/auto/CausalityInterfaceFeedback2.xml (RunModel)" time="0.028" />
  <testcase classname="ptolemy.util.test.junit.AutoTests" name="[18] /home/travis/build/icyphy/ptII/ptolemy/domains/continuous/test/auto/CompareWithCurrentTime.xml (RunModel)" time="0.017" />
  <testcase classname="ptolemy.util.test.junit.AutoTests" name="[19] /home/travis/build/icyphy/ptII/ptolemy/domains/continuous/test/auto/ComparedClocks.xml (RunModel)" time="0.075" />
  <testcase classname="ptolemy.util.test.junit.AutoTests" name="[20] /home/travis/build/icyphy/ptII/ptolemy/domains/continuous/test/auto/ContinuousAOCClone.xml (RunModel)" time="2.508" />
  <testcase classname="ptolemy.util.test.junit.AutoTests" name="[21] /home/travis/build/icyphy/ptII/ptolemy/domains/continuous/test/auto/ContinuousClock.xml (RunModel)" time="0.075" />
  <testcase classname="ptolemy.util.test.junit.AutoTests" name="[22] /home/travis/build/icyphy/ptII/ptolemy/domains/continuous/test/auto/ContinuousInContinuous.xml (RunModel)" time="0.089" />
  <testcase classname="ptolemy.util.test.junit.AutoTests" name="[23] /home/travis/build/icyphy/ptII/ptolemy/domains/continuous/test/auto/ContinuousInContinuousInContinuous.xml (RunModel)" time="0.029" />
  <testcase classname="ptolemy.util.test.junit.AutoTests" name="[24] /home/travis/build/icyphy/ptII/ptolemy/domains/continuous/test/auto/ContinuousInDE.xml (RunModel)" time="0.139" />
  <testcase classname="ptolemy.util.test.junit.AutoTests" name="[25] /home/travis/build/icyphy/ptII/ptolemy/domains/continuous/test/auto/ContinuousInDE2.xml (RunModel)" time="0.065" />
  <testcase classname="ptolemy.util.test.junit.AutoTests" name="[26] /home/travis/build/icyphy/ptII/ptolemy/domains/continuous/test/auto/ContinuousInDE3.xml (RunModel)" time="0.06" />
  <testcase classname="ptolemy.util.test.junit.AutoTests" name="[27] /home/travis/build/icyphy/ptII/ptolemy/domains/continuous/test/auto/ContinuousInDE4.xml (RunModel)" time="0.038" />
  <testcase classname="ptolemy.util.test.junit.AutoTests" name="[28] /home/travis/build/icyphy/ptII/ptolemy/domains/continuous/test/auto/ContinuousInDEDifferentRefinements.xml (RunModel)" time="0.101" />
  <testcase classname="ptolemy.util.test.junit.AutoTests" name="[29] /home/travis/build/icyphy/ptII/ptolemy/domains/continuous/test/auto/ContinuousInDEDifferentRefinementsPreemptive.xml (RunModel)" time="0.083" />
  <testcase classname="ptolemy.util.test.junit.AutoTests" name="[30] /home/travis/build/icyphy/ptII/ptolemy/domains/continuous/test/auto/ContinuousInDEInContinuous2.xml (RunModel)" time="0.057" />
  <testcase classname="ptolemy.util.test.junit.AutoTests" name="[31] /home/travis/build/icyphy/ptII/ptolemy/domains/continuous/test/auto/ContinuousInDEInContinuous3.xml (RunModel)" time="0.058" />
  <testcase classname="ptolemy.util.test.junit.AutoTests" name="[32] /home/travis/build/icyphy/ptII/ptolemy/domains/continuous/test/auto/ContinuousInDEInput.xml (RunModel)" time="0.043" />
  <testcase classname="ptolemy.util.test.junit.AutoTests" name="[33] /home/travis/build/icyphy/ptII/ptolemy/domains/continuous/test/auto/ContinuousInDEInput2.xml (RunModel)" time="0.031" />
  <testcase classname="ptolemy.util.test.junit.AutoTests" name="[34] /home/travis/build/icyphy/ptII/ptolemy/domains/continuous/test/auto/ContinuousInDEInput3.xml (RunModel)" time="0.027" />
  <testcase classname="ptolemy.util.test.junit.AutoTests" name="[35] /home/travis/build/icyphy/ptII/ptolemy/domains/continuous/test/auto/ContinuousInDESharingRefinement.xml (RunModel)" time="0.147" />
  <testcase classname="ptolemy.util.test.junit.AutoTests" name="[36] /home/travis/build/icyphy/ptII/ptolemy/domains/continuous/test/auto/ContinuousInDEwithNoPorts.xml (RunModel)" time="0.021" />
  <testcase classname="ptolemy.util.test.junit.AutoTests" name="[37] /home/travis/build/icyphy/ptII/ptolemy/domains/continuous/test/auto/ContinuousInsideDE.xml (RunModel)" time="0.095" />
  <testcase classname="ptolemy.util.test.junit.AutoTests" name="[38] /home/travis/build/icyphy/ptII/ptolemy/domains/continuous/test/auto/ContinuousMerge1.xml (RunModel)" time="0.02" />
  <testcase classname="ptolemy.util.test.junit.AutoTests" name="[39] /home/travis/build/icyphy/ptII/ptolemy/domains/continuous/test/auto/ContinuousMerge2.xml (RunModel)" time="0.045" />
  <testcase classname="ptolemy.util.test.junit.AutoTests" name="[40] /home/travis/build/icyphy/ptII/ptolemy/domains/continuous/test/auto/ContinuousMerge3.xml (RunModel)" time="0.095" />
  <testcase classname="ptolemy.util.test.junit.AutoTests" name="[41] /home/travis/build/icyphy/ptII/ptolemy/domains/continuous/test/auto/ContinuousWithinContinuous.xml (RunModel)" time="0.054" />
  <testcase classname="ptolemy.util.test.junit.AutoTests" name="[42] /home/travis/build/icyphy/ptII/ptolemy/domains/continuous/test/auto/ContinuousWithinContinuous2.xml (RunModel)" time="0.078" />
  <testcase classname="ptolemy.util.test.junit.AutoTests" name="[43] /home/travis/build/icyphy/ptII/ptolemy/domains/continuous/test/auto/ContinuousWithinContinuous3.xml (RunModel)" time="0.029" />
  <testcase classname="ptolemy.util.test.junit.AutoTests" name="[44] /home/travis/build/icyphy/ptII/ptolemy/domains/continuous/test/auto/ContinuousWithinContinuous4.xml (RunModel)" time="0.082" />
  <testcase classname="ptolemy.util.test.junit.AutoTests" name="[45] /home/travis/build/icyphy/ptII/ptolemy/domains/continuous/test/auto/ContinuousWithinContinuous5.xml (RunModel)" time="0.031" />
  <testcase classname="ptolemy.util.test.junit.AutoTests" name="[46] /home/travis/build/icyphy/ptII/ptolemy/domains/continuous/test/auto/ContinuousWithinContinuous6.xml (RunModel)" time="0.043" />
  <testcase classname="ptolemy.util.test.junit.AutoTests" name="[47] /home/travis/build/icyphy/ptII/ptolemy/domains/continuous/test/auto/ContinuousWithinContinuous7.xml (RunModel)" time="0.067" />
  <testcase classname="ptolemy.util.test.junit.AutoTests" name="[48] /home/travis/build/icyphy/ptII/ptolemy/domains/continuous/test/auto/DCMotor.xml (RunModel)" time="12.19" />
  <testcase classname="ptolemy.util.test.junit.AutoTests" name="[49] /home/travis/build/icyphy/ptII/ptolemy/domains/continuous/test/auto/DEInContinuous.xml (RunModel)" time="0.023" />
  <testcase classname="ptolemy.util.test.junit.AutoTests" name="[50] /home/travis/build/icyphy/ptII/ptolemy/domains/continuous/test/auto/DEinContinuous2.xml (RunModel)" time="0.036" />
  <testcase classname="ptolemy.util.test.junit.AutoTests" name="[51] /home/travis/build/icyphy/ptII/ptolemy/domains/continuous/test/auto/Derivative.xml (RunModel)" time="0.194" />
  <testcase classname="ptolemy.util.test.junit.AutoTests" name="[52] /home/travis/build/icyphy/ptII/ptolemy/domains/continuous/test/auto/Derivative1.xml (RunModel)" time="0.038" />
  <testcase classname="ptolemy.util.test.junit.AutoTests" name="[53] /home/travis/build/icyphy/ptII/ptolemy/domains/continuous/test/auto/DiscreteClock.xml (RunModel)" time="0.023" />
  <testcase classname="ptolemy.util.test.junit.AutoTests" name="[54] /home/travis/build/icyphy/ptII/ptolemy/domains/continuous/test/auto/EfficiencyCurve.xml (RunModel)" time="0.074" />
  <testcase classname="ptolemy.util.test.junit.AutoTests" name="[55] /home/travis/build/icyphy/ptII/ptolemy/domains/continuous/test/auto/ExponentialResponse.xml (RunModel)" time="0.106" />
  <testcase classname="ptolemy.util.test.junit.AutoTests" name="[56] /home/travis/build/icyphy/ptII/ptolemy/domains/continuous/test/auto/ExponentialResponseRK45.xml (RunModel)" time="0.032" />
  <testcase classname="ptolemy.util.test.junit.AutoTests" name="[57] /home/travis/build/icyphy/ptII/ptolemy/domains/continuous/test/auto/Friction.xml (RunModel)" time="1.395" />
  <testcase classname="ptolemy.util.test.junit.AutoTests" name="[58] /home/travis/build/icyphy/ptII/ptolemy/domains/continuous/test/auto/FurutaPendulum.xml (RunModel)" time="3.597" />
  <testcase classname="ptolemy.util.test.junit.AutoTests" name="[59] /home/travis/build/icyphy/ptII/ptolemy/domains/continuous/test/auto/HierarchicalExecution.xml (RunModel)" time="2.395" />
  <testcase classname="ptolemy.util.test.junit.AutoTests" name="[60] /home/travis/build/icyphy/ptII/ptolemy/domains/continuous/test/auto/HybridPlant.xml (RunModel)" time="0.54" />
  <testcase classname="ptolemy.util.test.junit.AutoTests" name="[61] /home/travis/build/icyphy/ptII/ptolemy/domains/continuous/test/auto/Hysteresis.xml (RunModel)" time="0.168" />
  <testcase classname="ptolemy.util.test.junit.AutoTests" name="[62] /home/travis/build/icyphy/ptII/ptolemy/domains/continuous/test/auto/HysteresisWithRandomDelay.xml (RunModel)" time="0.198" />
  <testcase classname="ptolemy.util.test.junit.AutoTests" name="[63] /home/travis/build/icyphy/ptII/ptolemy/domains/continuous/test/auto/HysteresisWithRandomLosses.xml (RunModel)" time="2.271" />
  <testcase classname="ptolemy.util.test.junit.AutoTests" name="[64] /home/travis/build/icyphy/ptII/ptolemy/domains/continuous/test/auto/ImmediateTransitions.xml (RunModel)" time="0.025" />
  <testcase classname="ptolemy.util.test.junit.AutoTests" name="[65] /home/travis/build/icyphy/ptII/ptolemy/domains/continuous/test/auto/ImpulseFeedback.xml (RunModel)" time="0.022" />
  <testcase classname="ptolemy.util.test.junit.AutoTests" name="[66] /home/travis/build/icyphy/ptII/ptolemy/domains/continuous/test/auto/ImpulseFeedback2.xml (RunModel)" time="0.019" />
  <testcase classname="ptolemy.util.test.junit.AutoTests" name="[67] /home/travis/build/icyphy/ptII/ptolemy/domains/continuous/test/auto/IncreasingRatePoisson.xml (RunModel)" time="0.667" />
  <testcase classname="ptolemy.util.test.junit.AutoTests" name="[68] /home/travis/build/icyphy/ptII/ptolemy/domains/continuous/test/auto/InitialStateFeedback.xml (RunModel)" time="0.011" />
  <testcase classname="ptolemy.util.test.junit.AutoTests" name="[69] /home/travis/build/icyphy/ptII/ptolemy/domains/continuous/test/auto/Integration.xml (RunModel)" time="0.008" />
  <testcase classname="ptolemy.util.test.junit.AutoTests" name="[70] /home/travis/build/icyphy/ptII/ptolemy/domains/continuous/test/auto/Integration2.xml (RunModel)" time="0.095" />
  <testcase classname="ptolemy.util.test.junit.AutoTests" name="[71] /home/travis/build/icyphy/ptII/ptolemy/domains/continuous/test/auto/Integration3.xml (RunModel)" time="0.017" />
  <testcase classname="ptolemy.util.test.junit.AutoTests" name="[72] /home/travis/build/icyphy/ptII/ptolemy/domains/continuous/test/auto/Integration5.xml (RunModel)" time="0.03" />
  <testcase classname="ptolemy.util.test.junit.AutoTests" name="[73] /home/travis/build/icyphy/ptII/ptolemy/domains/continuous/test/auto/IntegratorImpulse.xml (RunModel)" time="0.013" />
  <testcase classname="ptolemy.util.test.junit.AutoTests" name="[74] /home/travis/build/icyphy/ptII/ptolemy/domains/continuous/test/auto/IntegratorImpulse2.xml (RunModel)" time="0.011" />
  <testcase classname="ptolemy.util.test.junit.AutoTests" name="[75] /home/travis/build/icyphy/ptII/ptolemy/domains/continuous/test/auto/LevelCrossing1.xml (RunModel)" time="0.01" />
  <testcase classname="ptolemy.util.test.junit.AutoTests" name="[76] /home/travis/build/icyphy/ptII/ptolemy/domains/continuous/test/auto/LevelCrossing2.xml (RunModel)" time="0.014" />
  <testcase classname="ptolemy.util.test.junit.AutoTests" name="[77] /home/travis/build/icyphy/ptII/ptolemy/domains/continuous/test/auto/LevelCrossing3.xml (RunModel)" time="0.013" />
  <testcase classname="ptolemy.util.test.junit.AutoTests" name="[78] /home/travis/build/icyphy/ptII/ptolemy/domains/continuous/test/auto/LevelCrossing4.xml (RunModel)" time="0.012" />
  <testcase classname="ptolemy.util.test.junit.AutoTests" name="[79] /home/travis/build/icyphy/ptII/ptolemy/domains/continuous/test/auto/LevelCrossing5.xml (RunModel)" time="0.012" />
  <testcase classname="ptolemy.util.test.junit.AutoTests" name="[80] /home/travis/build/icyphy/ptII/ptolemy/domains/continuous/test/auto/LevelCrossing6.xml (RunModel)" time="0.016" />
  <testcase classname="ptolemy.util.test.junit.AutoTests" name="[81] /home/travis/build/icyphy/ptII/ptolemy/domains/continuous/test/auto/LevelCrossingDetector.xml (RunModel)" time="0.036" />
  <testcase classname="ptolemy.util.test.junit.AutoTests" name="[82] /home/travis/build/icyphy/ptII/ptolemy/domains/continuous/test/auto/LevelCrossingDetectorDetectingDirections.xml (RunModel)" time="0.087" />
  <testcase classname="ptolemy.util.test.junit.AutoTests" name="[83] /home/travis/build/icyphy/ptII/ptolemy/domains/continuous/test/auto/LevelCrossingDetectorDetectsGlitches.xml (RunModel)" time="0.088" />
  <testcase classname="ptolemy.util.test.junit.AutoTests" name="[84] /home/travis/build/icyphy/ptII/ptolemy/domains/continuous/test/auto/LevelCrossingNoInitialOuput.xml (RunModel)" time="0.013" />
  <testcase classname="ptolemy.util.test.junit.AutoTests" name="[85] /home/travis/build/icyphy/ptII/ptolemy/domains/continuous/test/auto/LinearStateSpaceExample.xml (RunModel)" time="0.037" />
  <testcase classname="ptolemy.util.test.junit.AutoTests" name="[86] /home/travis/build/icyphy/ptII/ptolemy/domains/continuous/test/auto/Lorenz.xml (RunModel)" time="4.845" />
  <testcase classname="ptolemy.util.test.junit.AutoTests" name="[87] /home/travis/build/icyphy/ptII/ptolemy/domains/continuous/test/auto/LorenzDifferentialSystem.xml (RunModel)" time="1.229" />
  <testcase classname="ptolemy.util.test.junit.AutoTests" name="[88] /home/travis/build/icyphy/ptII/ptolemy/domains/continuous/test/auto/LorenzDifferentialSystemWithInput.xml (RunModel)" time="1.77" />
  <testcase classname="ptolemy.util.test.junit.AutoTests" name="[89] /home/travis/build/icyphy/ptII/ptolemy/domains/continuous/test/auto/LorenzDifferentialSystemWithTime.xml (RunModel)" time="0.862" />
  <testcase classname="ptolemy.util.test.junit.AutoTests" name="[90] /home/travis/build/icyphy/ptII/ptolemy/domains/continuous/test/auto/Microsteps.xml (RunModel)" time="0.026" />
  <testcase classname="ptolemy.util.test.junit.AutoTests" name="[91] /home/travis/build/icyphy/ptII/ptolemy/domains/continuous/test/auto/Modal1.xml (RunModel)" time="0.034" />
  <testcase classname="ptolemy.util.test.junit.AutoTests" name="[92] /home/travis/build/icyphy/ptII/ptolemy/domains/continuous/test/auto/Modal2.xml (RunModel)" time="0.051" />
  <testcase classname="ptolemy.util.test.junit.AutoTests" name="[93] /home/travis/build/icyphy/ptII/ptolemy/domains/continuous/test/auto/ModalTransitionGuardWithReset.xml (RunModel)" time="0.031" />
  <testcase classname="ptolemy.util.test.junit.AutoTests" name="[94] /home/travis/build/icyphy/ptII/ptolemy/domains/continuous/test/auto/ModalTransitionGuardWithResetUsingPreemptiveTransition.xml (RunModel)" time="0.039" />
  <testcase classname="ptolemy.util.test.junit.AutoTests" name="[95] /home/travis/build/icyphy/ptII/ptolemy/domains/continuous/test/auto/ModalTransitionGuardWithResetUsingPreemptiveTransition2.xml (RunModel)" time="0.026" />
  <testcase classname="ptolemy.util.test.junit.AutoTests" name="[96] /home/travis/build/icyphy/ptII/ptolemy/domains/continuous/test/auto/ModalTransitionGuardWithResetUsingPreemptiveTransition3.xml (RunModel)" time="0.027" />
  <testcase classname="ptolemy.util.test.junit.AutoTests" name="[97] /home/travis/build/icyphy/ptII/ptolemy/domains/continuous/test/auto/NewtonsCradle.xml (RunModel)" time="0.805" />
  <testcase classname="ptolemy.util.test.junit.AutoTests" name="[98] /home/travis/build/icyphy/ptII/ptolemy/domains/continuous/test/auto/NewtonsCradleAnimated.xml (RunModel)" time="1.291" />
  <testcase classname="ptolemy.util.test.junit.AutoTests" name="[99] /home/travis/build/icyphy/ptII/ptolemy/domains/continuous/test/auto/NewtonsCradleComplicated.xml (RunModel)" time="0.959" />
  <testcase classname="ptolemy.util.test.junit.AutoTests" name="[100] /home/travis/build/icyphy/ptII/ptolemy/domains/continuous/test/auto/NewtonsCradleNondeterministic.xml (RunModel)" time="0.741" />
  <testcase classname="ptolemy.util.test.junit.AutoTests" name="[101] /home/travis/build/icyphy/ptII/ptolemy/domains/continuous/test/auto/NewtonsCradlePerfectlyInelastic1.xml (RunModel)" time="1.238" />
  <testcase classname="ptolemy.util.test.junit.AutoTests" name="[102] /home/travis/build/icyphy/ptII/ptolemy/domains/continuous/test/auto/Noise.xml (RunModel)" time="0.163" />
  <testcase classname="ptolemy.util.test.junit.AutoTests" name="[103] /home/travis/build/icyphy/ptII/ptolemy/domains/continuous/test/auto/NoiseSpectrum.xml (RunModel)" time="0.723" />
  <testcase classname="ptolemy.util.test.junit.AutoTests" name="[104] /home/travis/build/icyphy/ptII/ptolemy/domains/continuous/test/auto/ParameterizedNewtonsCradleAnimated.xml (RunModel)" time="0.374" />
  <testcase classname="ptolemy.util.test.junit.AutoTests" name="[105] /home/travis/build/icyphy/ptII/ptolemy/domains/continuous/test/auto/ParameterizedNewtonsCradleAnimatedNondeterministic.xml (RunModel)" time="1.196" />
  <testcase classname="ptolemy.util.test.junit.AutoTests" name="[106] /home/travis/build/icyphy/ptII/ptolemy/domains/continuous/test/auto/Pendulum3D.xml (RunModel)" time="0.168" />
  <testcase classname="ptolemy.util.test.junit.AutoTests" name="[107] /home/travis/build/icyphy/ptII/ptolemy/domains/continuous/test/auto/PeriodicSampler.xml (RunModel)" time="0.011" />
  <testcase classname="ptolemy.util.test.junit.AutoTests" name="[108] /home/travis/build/icyphy/ptII/ptolemy/domains/continuous/test/auto/PeriodicSampler1.xml (RunModel)" time="0.043" />
  <testcase classname="ptolemy.util.test.junit.AutoTests" name="[109] /home/travis/build/icyphy/ptII/ptolemy/domains/continuous/test/auto/PeriodicSampler2.xml (RunModel)" time="0.073" />
  <testcase classname="ptolemy.util.test.junit.AutoTests" name="[110] /home/travis/build/icyphy/ptII/ptolemy/domains/continuous/test/auto/Poisson.xml (RunModel)" time="0.452" />
  <testcase classname="ptolemy.util.test.junit.AutoTests" name="[111] /home/travis/build/icyphy/ptII/ptolemy/domains/continuous/test/auto/PoissonClock.xml (RunModel)" time="0.011" />
  <testcase classname="ptolemy.util.test.junit.AutoTests" name="[112] /home/travis/build/icyphy/ptII/ptolemy/domains/continuous/test/auto/PoissonClock2.xml (RunModel)" time="0.012" />
  <testcase classname="ptolemy.util.test.junit.AutoTests" name="[113] /home/travis/build/icyphy/ptII/ptolemy/domains/continuous/test/auto/PortParameterHierarchy.xml (RunModel)" time="0.013" />
  <testcase classname="ptolemy.util.test.junit.AutoTests" name="[114] /home/travis/build/icyphy/ptII/ptolemy/domains/continuous/test/auto/RandomHybridPlant.xml (RunModel)" time="0.532" />
  <testcase classname="ptolemy.util.test.junit.AutoTests" name="[115] /home/travis/build/icyphy/ptII/ptolemy/domains/continuous/test/auto/ResetTransitionWithStartTime1.xml (RunModel)" time="0.04" />
  <testcase classname="ptolemy.util.test.junit.AutoTests" name="[116] /home/travis/build/icyphy/ptII/ptolemy/domains/continuous/test/auto/ResetTransitionWithStartTime2.xml (RunModel)" time="0.036" />
  <testcase classname="ptolemy.util.test.junit.AutoTests" name="[117] /home/travis/build/icyphy/ptII/ptolemy/domains/continuous/test/auto/ResetTransitionWithStartTime3.xml (RunModel)" time="0.044" />
  <testcase classname="ptolemy.util.test.junit.AutoTests" name="[118] /home/travis/build/icyphy/ptII/ptolemy/domains/continuous/test/auto/ResetTransitionWithStartTime4.xml (RunModel)" time="0.03" />
  <testcase classname="ptolemy.util.test.junit.AutoTests" name="[119] /home/travis/build/icyphy/ptII/ptolemy/domains/continuous/test/auto/ResetTransitionWithStartTime5.xml (RunModel)" time="0.035" />
  <testcase classname="ptolemy.util.test.junit.AutoTests" name="[120] /home/travis/build/icyphy/ptII/ptolemy/domains/continuous/test/auto/ResetTransitionWithStartTime6.xml (RunModel)" time="0.047" />
  <testcase classname="ptolemy.util.test.junit.AutoTests" name="[121] /home/travis/build/icyphy/ptII/ptolemy/domains/continuous/test/auto/SRinContinuous.xml (RunModel)" time="0.031" />
  <testcase classname="ptolemy.util.test.junit.AutoTests" name="[122] /home/travis/build/icyphy/ptII/ptolemy/domains/continuous/test/auto/SampledClocks.xml (RunModel)" time="0.026" />
  <testcase classname="ptolemy.util.test.junit.AutoTests" name="[123] /home/travis/build/icyphy/ptII/ptolemy/domains/continuous/test/auto/Satellite.xml (RunModel)" time="0.87" />
  <testcase classname="ptolemy.util.test.junit.AutoTests" name="[124] /home/travis/build/icyphy/ptII/ptolemy/domains/continuous/test/auto/SigmaDelta.xml (RunModel)" time="2.618" />
  <testcase classname="ptolemy.util.test.junit.AutoTests" name="[125] /home/travis/build/icyphy/ptII/ptolemy/domains/continuous/test/auto/SingleRefinement.xml (RunModel)" time="0.383" />
  <testcase classname="ptolemy.util.test.junit.AutoTests" name="[126] /home/travis/build/icyphy/ptII/ptolemy/domains/continuous/test/auto/SinuBouncingBall.xml (RunModel)" time="0.83" />
  <testcase classname="ptolemy.util.test.junit.AutoTests" name="[127] /home/travis/build/icyphy/ptII/ptolemy/domains/continuous/test/auto/Sinusoid.xml (RunModel)" time="0.02" />
  <testcase classname="ptolemy.util.test.junit.AutoTests" name="[128] /home/travis/build/icyphy/ptII/ptolemy/domains/continuous/test/auto/SinusoidInNoise.xml (RunModel)" time="1.102" />
  <testcase classname="ptolemy.util.test.junit.AutoTests" name="[129] /home/travis/build/icyphy/ptII/ptolemy/domains/continuous/test/auto/SinusoidRK45.xml (RunModel)" time="0.01" />
  <testcase classname="ptolemy.util.test.junit.AutoTests" name="[130] /home/travis/build/icyphy/ptII/ptolemy/domains/continuous/test/auto/SinusoidWithMultipleImpulses.xml (RunModel)" time="0.009" />
  <testcase classname="ptolemy.util.test.junit.AutoTests" name="[131] /home/travis/build/icyphy/ptII/ptolemy/domains/continuous/test/auto/SquareWave.xml (RunModel)" time="0.191" />
  <testcase classname="ptolemy.util.test.junit.AutoTests" name="[132] /home/travis/build/icyphy/ptII/ptolemy/domains/continuous/test/auto/Starmac.xml (RunModel)" time="3.355" />
  <testcase classname="ptolemy.util.test.junit.AutoTests" name="[133] /home/travis/build/icyphy/ptII/ptolemy/domains/continuous/test/auto/StaticUnits.xml (RunModel)" time="2.39" />
  <testcase classname="ptolemy.util.test.junit.AutoTests" name="[134] /home/travis/build/icyphy/ptII/ptolemy/domains/continuous/test/auto/StickyMasses.xml (RunModel)" time="0.162" />
  <testcase classname="ptolemy.util.test.junit.AutoTests" name="[135] /home/travis/build/icyphy/ptII/ptolemy/domains/continuous/test/auto/StopTime.xml (RunModel)" time="0.06" />
  <testcase classname="ptolemy.util.test.junit.AutoTests" name="[136] /home/travis/build/icyphy/ptII/ptolemy/domains/continuous/test/auto/StopTime2.xml (RunModel)" time="0.067" />
  <testcase classname="ptolemy.util.test.junit.AutoTests" name="[137] /home/travis/build/icyphy/ptII/ptolemy/domains/continuous/test/auto/Switch.xml (RunModel)" time="0.064" />
  <testcase classname="ptolemy.util.test.junit.AutoTests" name="[138] /home/travis/build/icyphy/ptII/ptolemy/domains/continuous/test/auto/Thermostat.xml (RunModel)" time="0.185" />
  <testcase classname="ptolemy.util.test.junit.AutoTests" name="[139] /home/travis/build/icyphy/ptII/ptolemy/domains/continuous/test/auto/TimeDelay.xml (RunModel)" time="0.013" />
  <testcase classname="ptolemy.util.test.junit.AutoTests" name="[140] /home/travis/build/icyphy/ptII/ptolemy/domains/continuous/test/auto/TimeDelay2.xml (RunModel)" time="0.017" />
  <testcase classname="ptolemy.util.test.junit.AutoTests" name="[141] /home/travis/build/icyphy/ptII/ptolemy/domains/continuous/test/auto/TimeDelay3.xml (RunModel)" time="0.009" />
  <testcase classname="ptolemy.util.test.junit.AutoTests" name="[142] /home/travis/build/icyphy/ptII/ptolemy/domains/continuous/test/auto/TransferAbsentToInside.xml (RunModel)" time="0.092" />
  <testcase classname="ptolemy.util.test.junit.AutoTests" name="[143] /home/travis/build/icyphy/ptII/ptolemy/domains/continuous/test/auto/Transmission.xml (RunModel)" time="0.755" />
  <testcase classname="ptolemy.util.test.junit.AutoTests" name="[144] /home/travis/build/icyphy/ptII/ptolemy/domains/continuous/test/auto/TriggeredContinuousClock.xml (RunModel)" time="0.07" />
  <testcase classname="ptolemy.util.test.junit.AutoTests" name="[145] /home/travis/build/icyphy/ptII/ptolemy/domains/continuous/test/auto/TwoMachineInfiniteBusControl.xml (RunModel)" time="3.135" />
  <testcase classname="ptolemy.util.test.junit.AutoTests" name="[146] /home/travis/build/icyphy/ptII/ptolemy/domains/continuous/test/auto/V2V.xml (RunModel)" time="0.832" />
  <testcase classname="ptolemy.util.test.junit.AutoTests" name="[147] /home/travis/build/icyphy/ptII/ptolemy/domains/continuous/test/auto/hierarchicalModalModel.xml (RunModel)" time="0.033" />
  <testcase classname="ptolemy.util.test.junit.AutoTests" name="[148] /home/travis/build/icyphy/ptII/ptolemy/domains/continuous/test/auto/hierarchicalModalModel1.xml (RunModel)" time="0.029" />
  <testcase classname="ptolemy.util.test.junit.AutoTests" name="[149] /home/travis/build/icyphy/ptII/ptolemy/domains/continuous/test/auto/hierarchicalModalModel2.xml (RunModel)" time="0.026" />
  <testcase classname="ptolemy.util.test.junit.AutoTests" name="[150] /home/travis/build/icyphy/ptII/ptolemy/domains/continuous/test/auto/hierarchicalModalModel3.xml (RunModel)" time="0.024" />
  <testcase classname="ptolemy.util.test.junit.AutoTests" name="[151] /home/travis/build/icyphy/ptII/ptolemy/domains/continuous/test/auto/hierarchicalModalModel4.xml (RunModel)" time="0.025" />
  <testcase classname="ptolemy.util.test.junit.AutoTests" name="[152] /home/travis/build/icyphy/ptII/ptolemy/domains/continuous/test/auto/junk.xml (RunModel)" time="0.156" />
  <system-out><![CDATA[No tcl tests in /home/travis/build/icyphy/ptII/ptolemy/domains/continuous/test
No auto/knownFailedTests/*.xml tests in /home/travis/build/icyphy/ptII/ptolemy/domains/continuous/test
No auto/linux-amd64/*.xml tests in /home/travis/build/icyphy/ptII/ptolemy/domains/continuous/test
AutoTests.java: About to close Vertx.
AutoTests.java: Vertx closed.

===========================================================================================
----------------- testing Fri Feb 01 03:27:59 UTC 2019 /home/travis/build/icyphy/ptII/ptolemy/domains/continuous/test/auto/BouncingBall.xml
----------------- Instantiating /home/travis/build/icyphy/ptII/ptolemy/domains/continuous/test/auto/BouncingBall.xml
2358 ms. Memory: 331264K Free: 266627K (80%)
----------------- Invoking toplevel() on ptolemy.moml.MoMLSimpleApplication@206eae6a
----------------- Done invoking toplevel() on ptolemy.moml.MoMLSimpleApplication@206eae6a
reloadAllAccessors: .BouncingBall

===========================================================================================
----------------- testing Fri Feb 01 03:28:02 UTC 2019 /home/travis/build/icyphy/ptII/ptolemy/domains/continuous/test/auto/BouncingBallWithoutGR.xml
----------------- Instantiating /home/travis/build/icyphy/ptII/ptolemy/domains/continuous/test/auto/BouncingBallWithoutGR.xml
786 ms. Memory: 331776K Free: 315254K (95%)
----------------- Invoking toplevel() on ptolemy.moml.MoMLSimpleApplication@71aebd6a
----------------- Done invoking toplevel() on ptolemy.moml.MoMLSimpleApplication@71aebd6a
reloadAllAccessors: .BouncingBallWithoutGR

===========================================================================================
----------------- testing Fri Feb 01 03:28:03 UTC 2019 /home/travis/build/icyphy/ptII/ptolemy/domains/continuous/test/auto/Brownian.xml
----------------- Instantiating /home/travis/build/icyphy/ptII/ptolemy/domains/continuous/test/auto/Brownian.xml
39 ms. Memory: 331776K Free: 301598K (91%)
----------------- Invoking toplevel() on ptolemy.moml.MoMLSimpleApplication@68a164ce
----------------- Done invoking toplevel() on ptolemy.moml.MoMLSimpleApplication@68a164ce
reloadAllAccessors: .Brownian

===========================================================================================
----------------- testing Fri Feb 01 03:28:03 UTC 2019 /home/travis/build/icyphy/ptII/ptolemy/domains/continuous/test/auto/CarTracking.xml
----------------- Instantiating /home/travis/build/icyphy/ptII/ptolemy/domains/continuous/test/auto/CarTracking.xml
3144 ms. Memory: 578560K Free: 465560K (80%)
----------------- Invoking toplevel() on ptolemy.moml.MoMLSimpleApplication@46562107
----------------- Done invoking toplevel() on ptolemy.moml.MoMLSimpleApplication@46562107
reloadAllAccessors: .CarTracking

===========================================================================================
----------------- testing Fri Feb 01 03:28:07 UTC 2019 /home/travis/build/icyphy/ptII/ptolemy/domains/continuous/test/auto/CartPendulum.xml
----------------- Instantiating /home/travis/build/icyphy/ptII/ptolemy/domains/continuous/test/auto/CartPendulum.xml
379 ms. Memory: 578560K Free: 361297K (62%)
----------------- Invoking toplevel() on ptolemy.moml.MoMLSimpleApplication@45b4f25
----------------- Done invoking toplevel() on ptolemy.moml.MoMLSimpleApplication@45b4f25
reloadAllAccessors: .CartPendulum

===========================================================================================
----------------- testing Fri Feb 01 03:28:07 UTC 2019 /home/travis/build/icyphy/ptII/ptolemy/domains/continuous/test/auto/CausalityInterface10.xml
----------------- Instantiating /home/travis/build/icyphy/ptII/ptolemy/domains/continuous/test/auto/CausalityInterface10.xml
20 ms. Memory: 578560K Free: 348173K (60%)
----------------- Invoking toplevel() on ptolemy.moml.MoMLSimpleApplication@39ba7513
----------------- Done invoking toplevel() on ptolemy.moml.MoMLSimpleApplication@39ba7513
reloadAllAccessors: .CausalityInterface10

===========================================================================================
----------------- testing Fri Feb 01 03:28:07 UTC 2019 /home/travis/build/icyphy/ptII/ptolemy/domains/continuous/test/auto/CausalityInterface11.xml
----------------- Instantiating /home/travis/build/icyphy/ptII/ptolemy/domains/continuous/test/auto/CausalityInterface11.xml
12 ms. Memory: 578560K Free: 338343K (58%)
----------------- Invoking toplevel() on ptolemy.moml.MoMLSimpleApplication@67c317fd
----------------- Done invoking toplevel() on ptolemy.moml.MoMLSimpleApplication@67c317fd
reloadAllAccessors: .CausalityInterface11

===========================================================================================
----------------- testing Fri Feb 01 03:28:07 UTC 2019 /home/travis/build/icyphy/ptII/ptolemy/domains/continuous/test/auto/CausalityInterface12.xml
----------------- Instantiating /home/travis/build/icyphy/ptII/ptolemy/domains/continuous/test/auto/CausalityInterface12.xml
11 ms. Memory: 578560K Free: 325643K (56%)
----------------- Invoking toplevel() on ptolemy.moml.MoMLSimpleApplication@75b99775
----------------- Done invoking toplevel() on ptolemy.moml.MoMLSimpleApplication@75b99775
reloadAllAccessors: .CausalityInterface12

===========================================================================================
----------------- testing Fri Feb 01 03:28:07 UTC 2019 /home/travis/build/icyphy/ptII/ptolemy/domains/continuous/test/auto/CausalityInterface13.xml
----------------- Instantiating /home/travis/build/icyphy/ptII/ptolemy/domains/continuous/test/auto/CausalityInterface13.xml
12 ms. Memory: 578560K Free: 315797K (55%)
----------------- Invoking toplevel() on ptolemy.moml.MoMLSimpleApplication@69d038b2
----------------- Done invoking toplevel() on ptolemy.moml.MoMLSimpleApplication@69d038b2
reloadAllAccessors: .CausalityInterface13

===========================================================================================
----------------- testing Fri Feb 01 03:28:07 UTC 2019 /home/travis/build/icyphy/ptII/ptolemy/domains/continuous/test/auto/CausalityInterface14.xml
----------------- Instantiating /home/travis/build/icyphy/ptII/ptolemy/domains/continuous/test/auto/CausalityInterface14.xml
5 ms. Memory: 578560K Free: 305950K (53%)
----------------- Invoking toplevel() on ptolemy.moml.MoMLSimpleApplication@19be338
----------------- Done invoking toplevel() on ptolemy.moml.MoMLSimpleApplication@19be338
reloadAllAccessors: .CausalityInterface14

===========================================================================================
----------------- testing Fri Feb 01 03:28:08 UTC 2019 /home/travis/build/icyphy/ptII/ptolemy/domains/continuous/test/auto/CausalityInterface4.xml
----------------- Instantiating /home/travis/build/icyphy/ptII/ptolemy/domains/continuous/test/auto/CausalityInterface4.xml
4 ms. Memory: 578560K Free: 296104K (51%)
----------------- Invoking toplevel() on ptolemy.moml.MoMLSimpleApplication@88426de
----------------- Done invoking toplevel() on ptolemy.moml.MoMLSimpleApplication@88426de
reloadAllAccessors: .CausalityInterface4

===========================================================================================
----------------- testing Fri Feb 01 03:28:08 UTC 2019 /home/travis/build/icyphy/ptII/ptolemy/domains/continuous/test/auto/CausalityInterface5.xml
----------------- Instantiating /home/travis/build/icyphy/ptII/ptolemy/domains/continuous/test/auto/CausalityInterface5.xml
3 ms. Memory: 578560K Free: 280119K (48%)
----------------- Invoking toplevel() on ptolemy.moml.MoMLSimpleApplication@65aa3243
----------------- Done invoking toplevel() on ptolemy.moml.MoMLSimpleApplication@65aa3243
reloadAllAccessors: .CausalityInterface5

===========================================================================================
----------------- testing Fri Feb 01 03:28:08 UTC 2019 /home/travis/build/icyphy/ptII/ptolemy/domains/continuous/test/auto/CausalityInterface6.xml
----------------- Instantiating /home/travis/build/icyphy/ptII/ptolemy/domains/continuous/test/auto/CausalityInterface6.xml
5 ms. Memory: 578560K Free: 270289K (47%)
----------------- Invoking toplevel() on ptolemy.moml.MoMLSimpleApplication@20605188
----------------- Done invoking toplevel() on ptolemy.moml.MoMLSimpleApplication@20605188
reloadAllAccessors: .CausalityInterface6

===========================================================================================
----------------- testing Fri Feb 01 03:28:08 UTC 2019 /home/travis/build/icyphy/ptII/ptolemy/domains/continuous/test/auto/CausalityInterface7.xml
----------------- Instantiating /home/travis/build/icyphy/ptII/ptolemy/domains/continuous/test/auto/CausalityInterface7.xml
8 ms. Memory: 578560K Free: 257181K (44%)
----------------- Invoking toplevel() on ptolemy.moml.MoMLSimpleApplication@529b126f
----------------- Done invoking toplevel() on ptolemy.moml.MoMLSimpleApplication@529b126f
reloadAllAccessors: .CausalityInterface7

===========================================================================================
----------------- testing Fri Feb 01 03:28:08 UTC 2019 /home/travis/build/icyphy/ptII/ptolemy/domains/continuous/test/auto/CausalityInterface8.xml
----------------- Instantiating /home/travis/build/icyphy/ptII/ptolemy/domains/continuous/test/auto/CausalityInterface8.xml
12 ms. Memory: 578560K Free: 244026K (42%)
----------------- Invoking toplevel() on ptolemy.moml.MoMLSimpleApplication@6da9f144
----------------- Done invoking toplevel() on ptolemy.moml.MoMLSimpleApplication@6da9f144
reloadAllAccessors: .CausalityInterface8

===========================================================================================
----------------- testing Fri Feb 01 03:28:08 UTC 2019 /home/travis/build/icyphy/ptII/ptolemy/domains/continuous/test/auto/CausalityInterface9.xml
----------------- Instantiating /home/travis/build/icyphy/ptII/ptolemy/domains/continuous/test/auto/CausalityInterface9.xml
6 ms. Memory: 578560K Free: 228058K (39%)
----------------- Invoking toplevel() on ptolemy.moml.MoMLSimpleApplication@f40ddb7
----------------- Done invoking toplevel() on ptolemy.moml.MoMLSimpleApplication@f40ddb7
reloadAllAccessors: .CausalityInterface9

===========================================================================================
----------------- testing Fri Feb 01 03:28:08 UTC 2019 /home/travis/build/icyphy/ptII/ptolemy/domains/continuous/test/auto/CausalityInterfaceFeedback1.xml
----------------- Instantiating /home/travis/build/icyphy/ptII/ptolemy/domains/continuous/test/auto/CausalityInterfaceFeedback1.xml
4 ms. Memory: 578560K Free: 218211K (38%)
----------------- Invoking toplevel() on ptolemy.moml.MoMLSimpleApplication@20611691
----------------- Done invoking toplevel() on ptolemy.moml.MoMLSimpleApplication@20611691
reloadAllAccessors: .CausalityInterfaceFeedback1

===========================================================================================
----------------- testing Fri Feb 01 03:28:08 UTC 2019 /home/travis/build/icyphy/ptII/ptolemy/domains/continuous/test/auto/CausalityInterfaceFeedback2.xml
----------------- Instantiating /home/travis/build/icyphy/ptII/ptolemy/domains/continuous/test/auto/CausalityInterfaceFeedback2.xml
3 ms. Memory: 578560K Free: 208373K (36%)
----------------- Invoking toplevel() on ptolemy.moml.MoMLSimpleApplication@4bd0c174
----------------- Done invoking toplevel() on ptolemy.moml.MoMLSimpleApplication@4bd0c174
reloadAllAccessors: .CausalityInterfaceFeedback2

===========================================================================================
----------------- testing Fri Feb 01 03:28:08 UTC 2019 /home/travis/build/icyphy/ptII/ptolemy/domains/continuous/test/auto/CompareWithCurrentTime.xml
----------------- Instantiating /home/travis/build/icyphy/ptII/ptolemy/domains/continuous/test/auto/CompareWithCurrentTime.xml
3 ms. Memory: 578560K Free: 198965K (34%)
----------------- Invoking toplevel() on ptolemy.moml.MoMLSimpleApplication@7ef4e59e
----------------- Done invoking toplevel() on ptolemy.moml.MoMLSimpleApplication@7ef4e59e
reloadAllAccessors: .CompareWithCurrentTime

===========================================================================================
----------------- testing Fri Feb 01 03:28:08 UTC 2019 /home/travis/build/icyphy/ptII/ptolemy/domains/continuous/test/auto/ComparedClocks.xml
----------------- Instantiating /home/travis/build/icyphy/ptII/ptolemy/domains/continuous/test/auto/ComparedClocks.xml
9 ms. Memory: 578560K Free: 179273K (31%)
----------------- Invoking toplevel() on ptolemy.moml.MoMLSimpleApplication@41aed3a4
----------------- Done invoking toplevel() on ptolemy.moml.MoMLSimpleApplication@41aed3a4
reloadAllAccessors: .ComparedClocks

===========================================================================================
----------------- testing Fri Feb 01 03:28:08 UTC 2019 /home/travis/build/icyphy/ptII/ptolemy/domains/continuous/test/auto/ContinuousAOCClone.xml
----------------- Instantiating /home/travis/build/icyphy/ptII/ptolemy/domains/continuous/test/auto/ContinuousAOCClone.xml
2273 ms. Memory: 555008K Free: 124981K (23%)
----------------- Invoking toplevel() on ptolemy.moml.MoMLSimpleApplication@c3c4804
----------------- Done invoking toplevel() on ptolemy.moml.MoMLSimpleApplication@c3c4804
reloadAllAccessors: .ContinuousAOCClone

===========================================================================================
----------------- testing Fri Feb 01 03:28:10 UTC 2019 /home/travis/build/icyphy/ptII/ptolemy/domains/continuous/test/auto/ContinuousClock.xml
----------------- Instantiating /home/travis/build/icyphy/ptII/ptolemy/domains/continuous/test/auto/ContinuousClock.xml
23 ms. Memory: 555008K Free: 95947K (17%)
----------------- Invoking toplevel() on ptolemy.moml.MoMLSimpleApplication@46e0c0d8
----------------- Done invoking toplevel() on ptolemy.moml.MoMLSimpleApplication@46e0c0d8
reloadAllAccessors: .ContinuousClock

===========================================================================================
----------------- testing Fri Feb 01 03:28:11 UTC 2019 /home/travis/build/icyphy/ptII/ptolemy/domains/continuous/test/auto/ContinuousInContinuous.xml
----------------- Instantiating /home/travis/build/icyphy/ptII/ptolemy/domains/continuous/test/auto/ContinuousInContinuous.xml
52 ms. Memory: 528384K Free: 509364K (96%)
----------------- Invoking toplevel() on ptolemy.moml.MoMLSimpleApplication@3db28f5b
----------------- Done invoking toplevel() on ptolemy.moml.MoMLSimpleApplication@3db28f5b
reloadAllAccessors: .ContinuousInContinuous

===========================================================================================
----------------- testing Fri Feb 01 03:28:11 UTC 2019 /home/travis/build/icyphy/ptII/ptolemy/domains/continuous/test/auto/ContinuousInContinuousInContinuous.xml
----------------- Instantiating /home/travis/build/icyphy/ptII/ptolemy/domains/continuous/test/auto/ContinuousInContinuousInContinuous.xml
9 ms. Memory: 528384K Free: 497643K (94%)
----------------- Invoking toplevel() on ptolemy.moml.MoMLSimpleApplication@5d8cffdd
----------------- Done invoking toplevel() on ptolemy.moml.MoMLSimpleApplication@5d8cffdd
reloadAllAccessors: .ContinuousInContinuousInContinuous

===========================================================================================
----------------- testing Fri Feb 01 03:28:11 UTC 2019 /home/travis/build/icyphy/ptII/ptolemy/domains/continuous/test/auto/ContinuousInDE.xml
----------------- Instantiating /home/travis/build/icyphy/ptII/ptolemy/domains/continuous/test/auto/ContinuousInDE.xml
110 ms. Memory: 528384K Free: 482985K (91%)
----------------- Invoking toplevel() on ptolemy.moml.MoMLSimpleApplication@fd52453
----------------- Done invoking toplevel() on ptolemy.moml.MoMLSimpleApplication@fd52453
reloadAllAccessors: .ContinuousInDE

===========================================================================================
----------------- testing Fri Feb 01 03:28:11 UTC 2019 /home/travis/build/icyphy/ptII/ptolemy/domains/continuous/test/auto/ContinuousInDE2.xml
----------------- Instantiating /home/travis/build/icyphy/ptII/ptolemy/domains/continuous/test/auto/ContinuousInDE2.xml
48 ms. Memory: 528384K Free: 470655K (89%)
----------------- Invoking toplevel() on ptolemy.moml.MoMLSimpleApplication@2070e942
----------------- Done invoking toplevel() on ptolemy.moml.MoMLSimpleApplication@2070e942
reloadAllAccessors: .ContinuousInDE2

===========================================================================================
----------------- testing Fri Feb 01 03:28:11 UTC 2019 /home/travis/build/icyphy/ptII/ptolemy/domains/continuous/test/auto/ContinuousInDE3.xml
----------------- Instantiating /home/travis/build/icyphy/ptII/ptolemy/domains/continuous/test/auto/ContinuousInDE3.xml
38 ms. Memory: 528384K Free: 459465K (87%)
----------------- Invoking toplevel() on ptolemy.moml.MoMLSimpleApplication@127e32f
----------------- Done invoking toplevel() on ptolemy.moml.MoMLSimpleApplication@127e32f
reloadAllAccessors: .ContinuousInDE3

===========================================================================================
----------------- testing Fri Feb 01 03:28:11 UTC 2019 /home/travis/build/icyphy/ptII/ptolemy/domains/continuous/test/auto/ContinuousInDE4.xml
----------------- Instantiating /home/travis/build/icyphy/ptII/ptolemy/domains/continuous/test/auto/ContinuousInDE4.xml
15 ms. Memory: 528384K Free: 451589K (85%)
----------------- Invoking toplevel() on ptolemy.moml.MoMLSimpleApplication@1bba785b
----------------- Done invoking toplevel() on ptolemy.moml.MoMLSimpleApplication@1bba785b
reloadAllAccessors: .ContinuousInDE4

===========================================================================================
----------------- testing Fri Feb 01 03:28:11 UTC 2019 /home/travis/build/icyphy/ptII/ptolemy/domains/continuous/test/auto/ContinuousInDEDifferentRefinements.xml
----------------- Instantiating /home/travis/build/icyphy/ptII/ptolemy/domains/continuous/test/auto/ContinuousInDEDifferentRefinements.xml
49 ms. Memory: 528384K Free: 416798K (79%)
----------------- Invoking toplevel() on ptolemy.moml.MoMLSimpleApplication@6c99e928
----------------- Done invoking toplevel() on ptolemy.moml.MoMLSimpleApplication@6c99e928
reloadAllAccessors: .ContinuousInDEDifferentRefinements

===========================================================================================
----------------- testing Fri Feb 01 03:28:11 UTC 2019 /home/travis/build/icyphy/ptII/ptolemy/domains/continuous/test/auto/ContinuousInDEDifferentRefinementsPreemptive.xml
----------------- Instantiating /home/travis/build/icyphy/ptII/ptolemy/domains/continuous/test/auto/ContinuousInDEDifferentRefinementsPreemptive.xml
42 ms. Memory: 528384K Free: 383106K (73%)
----------------- Invoking toplevel() on ptolemy.moml.MoMLSimpleApplication@6b5780d5
----------------- Done invoking toplevel() on ptolemy.moml.MoMLSimpleApplication@6b5780d5
reloadAllAccessors: .ContinuousInDEDifferentRefinementsPreemptive

===========================================================================================
----------------- testing Fri Feb 01 03:28:11 UTC 2019 /home/travis/build/icyphy/ptII/ptolemy/domains/continuous/test/auto/ContinuousInDEInContinuous2.xml
----------------- Instantiating /home/travis/build/icyphy/ptII/ptolemy/domains/continuous/test/auto/ContinuousInDEInContinuous2.xml
36 ms. Memory: 528384K Free: 366274K (69%)
----------------- Invoking toplevel() on ptolemy.moml.MoMLSimpleApplication@31ca9b2e
----------------- Done invoking toplevel() on ptolemy.moml.MoMLSimpleApplication@31ca9b2e
reloadAllAccessors: .ContinuousInDEInContinuous2

===========================================================================================
----------------- testing Fri Feb 01 03:28:11 UTC 2019 /home/travis/build/icyphy/ptII/ptolemy/domains/continuous/test/auto/ContinuousInDEInContinuous3.xml
----------------- Instantiating /home/travis/build/icyphy/ptII/ptolemy/domains/continuous/test/auto/ContinuousInDEInContinuous3.xml
32 ms. Memory: 528384K Free: 349442K (66%)
----------------- Invoking toplevel() on ptolemy.moml.MoMLSimpleApplication@3a4774ae
----------------- Done invoking toplevel() on ptolemy.moml.MoMLSimpleApplication@3a4774ae
reloadAllAccessors: .ContinuousInDEInContinuous3

===========================================================================================
----------------- testing Fri Feb 01 03:28:11 UTC 2019 /home/travis/build/icyphy/ptII/ptolemy/domains/continuous/test/auto/ContinuousInDEInput.xml
----------------- Instantiating /home/travis/build/icyphy/ptII/ptolemy/domains/continuous/test/auto/ContinuousInDEInput.xml
23 ms. Memory: 528384K Free: 338235K (64%)
----------------- Invoking toplevel() on ptolemy.moml.MoMLSimpleApplication@4a160761
----------------- Done invoking toplevel() on ptolemy.moml.MoMLSimpleApplication@4a160761
reloadAllAccessors: .ContinuousInDEInput

===========================================================================================
----------------- testing Fri Feb 01 03:28:11 UTC 2019 /home/travis/build/icyphy/ptII/ptolemy/domains/continuous/test/auto/ContinuousInDEInput2.xml
----------------- Instantiating /home/travis/build/icyphy/ptII/ptolemy/domains/continuous/test/auto/ContinuousInDEInput2.xml
16 ms. Memory: 528384K Free: 328124K (62%)
----------------- Invoking toplevel() on ptolemy.moml.MoMLSimpleApplication@4f26eb92
----------------- Done invoking toplevel() on ptolemy.moml.MoMLSimpleApplication@4f26eb92
reloadAllAccessors: .ContinuousInDEInput2

===========================================================================================
----------------- testing Fri Feb 01 03:28:11 UTC 2019 /home/travis/build/icyphy/ptII/ptolemy/domains/continuous/test/auto/ContinuousInDEInput3.xml
----------------- Instantiating /home/travis/build/icyphy/ptII/ptolemy/domains/continuous/test/auto/ContinuousInDEInput3.xml
14 ms. Memory: 528384K Free: 318013K (60%)
----------------- Invoking toplevel() on ptolemy.moml.MoMLSimpleApplication@12519ee4
----------------- Done invoking toplevel() on ptolemy.moml.MoMLSimpleApplication@12519ee4
reloadAllAccessors: .ContinuousInDEInput3

===========================================================================================
----------------- testing Fri Feb 01 03:28:11 UTC 2019 /home/travis/build/icyphy/ptII/ptolemy/domains/continuous/test/auto/ContinuousInDESharingRefinement.xml
----------------- Instantiating /home/travis/build/icyphy/ptII/ptolemy/domains/continuous/test/auto/ContinuousInDESharingRefinement.xml
117 ms. Memory: 528384K Free: 221480K (42%)
----------------- Invoking toplevel() on ptolemy.moml.MoMLSimpleApplication@6b8fbbc7
----------------- Done invoking toplevel() on ptolemy.moml.MoMLSimpleApplication@6b8fbbc7
reloadAllAccessors: .ContinuousInDESharingRefinement

===========================================================================================
----------------- testing Fri Feb 01 03:28:12 UTC 2019 /home/travis/build/icyphy/ptII/ptolemy/domains/continuous/test/auto/ContinuousInDEwithNoPorts.xml
----------------- Instantiating /home/travis/build/icyphy/ptII/ptolemy/domains/continuous/test/auto/ContinuousInDEwithNoPorts.xml
5 ms. Memory: 528384K Free: 213603K (40%)
----------------- Invoking toplevel() on ptolemy.moml.MoMLSimpleApplication@47881a76
----------------- Done invoking toplevel() on ptolemy.moml.MoMLSimpleApplication@47881a76
reloadAllAccessors: .ContinuousInDEwithNoPorts

===========================================================================================
----------------- testing Fri Feb 01 03:28:12 UTC 2019 /home/travis/build/icyphy/ptII/ptolemy/domains/continuous/test/auto/ContinuousInsideDE.xml
----------------- Instantiating /home/travis/build/icyphy/ptII/ptolemy/domains/continuous/test/auto/ContinuousInsideDE.xml
44 ms. Memory: 528384K Free: 196772K (37%)
----------------- Invoking toplevel() on ptolemy.moml.MoMLSimpleApplication@69fcb975
----------------- Done invoking toplevel() on ptolemy.moml.MoMLSimpleApplication@69fcb975
reloadAllAccessors: .ContinuousInsideDE

===========================================================================================
----------------- testing Fri Feb 01 03:28:12 UTC 2019 /home/travis/build/icyphy/ptII/ptolemy/domains/continuous/test/auto/ContinuousMerge1.xml
----------------- Instantiating /home/travis/build/icyphy/ptII/ptolemy/domains/continuous/test/auto/ContinuousMerge1.xml
3 ms. Memory: 528384K Free: 188911K (36%)
----------------- Invoking toplevel() on ptolemy.moml.MoMLSimpleApplication@1f7d7b03
----------------- Done invoking toplevel() on ptolemy.moml.MoMLSimpleApplication@1f7d7b03
reloadAllAccessors: .ContinuousMerge1

===========================================================================================
----------------- testing Fri Feb 01 03:28:12 UTC 2019 /home/travis/build/icyphy/ptII/ptolemy/domains/continuous/test/auto/ContinuousMerge2.xml
----------------- Instantiating /home/travis/build/icyphy/ptII/ptolemy/domains/continuous/test/auto/ContinuousMerge2.xml
10 ms. Memory: 528384K Free: 177721K (34%)
----------------- Invoking toplevel() on ptolemy.moml.MoMLSimpleApplication@3d43b716
----------------- Done invoking toplevel() on ptolemy.moml.MoMLSimpleApplication@3d43b716
reloadAllAccessors: .ContinuousMerge2

===========================================================================================
----------------- testing Fri Feb 01 03:28:12 UTC 2019 /home/travis/build/icyphy/ptII/ptolemy/domains/continuous/test/auto/ContinuousMerge3.xml
----------------- Instantiating /home/travis/build/icyphy/ptII/ptolemy/domains/continuous/test/auto/ContinuousMerge3.xml
36 ms. Memory: 528384K Free: 163124K (31%)
----------------- Invoking toplevel() on ptolemy.moml.MoMLSimpleApplication@e8e4b3e
----------------- Done invoking toplevel() on ptolemy.moml.MoMLSimpleApplication@e8e4b3e
reloadAllAccessors: .ContinuousMerge3

===========================================================================================
----------------- testing Fri Feb 01 03:28:12 UTC 2019 /home/travis/build/icyphy/ptII/ptolemy/domains/continuous/test/auto/ContinuousWithinContinuous.xml
----------------- Instantiating /home/travis/build/icyphy/ptII/ptolemy/domains/continuous/test/auto/ContinuousWithinContinuous.xml
36 ms. Memory: 528384K Free: 150778K (29%)
----------------- Invoking toplevel() on ptolemy.moml.MoMLSimpleApplication@5f6414f2
----------------- Done invoking toplevel() on ptolemy.moml.MoMLSimpleApplication@5f6414f2
reloadAllAccessors: .ContinuousWithinContinuous

===========================================================================================
----------------- testing Fri Feb 01 03:28:12 UTC 2019 /home/travis/build/icyphy/ptII/ptolemy/domains/continuous/test/auto/ContinuousWithinContinuous2.xml
----------------- Instantiating /home/travis/build/icyphy/ptII/ptolemy/domains/continuous/test/auto/ContinuousWithinContinuous2.xml
67 ms. Memory: 528384K Free: 137352K (26%)
----------------- Invoking toplevel() on ptolemy.moml.MoMLSimpleApplication@20949d11
----------------- Done invoking toplevel() on ptolemy.moml.MoMLSimpleApplication@20949d11
reloadAllAccessors: .ContinuousWithinContinuous2

===========================================================================================
----------------- testing Fri Feb 01 03:28:12 UTC 2019 /home/travis/build/icyphy/ptII/ptolemy/domains/continuous/test/auto/ContinuousWithinContinuous3.xml
----------------- Instantiating /home/travis/build/icyphy/ptII/ptolemy/domains/continuous/test/auto/ContinuousWithinContinuous3.xml
12 ms. Memory: 528384K Free: 127249K (24%)
----------------- Invoking toplevel() on ptolemy.moml.MoMLSimpleApplication@30d71b15
----------------- Done invoking toplevel() on ptolemy.moml.MoMLSimpleApplication@30d71b15
reloadAllAccessors: .ContinuousWithinContinuous3

===========================================================================================
----------------- testing Fri Feb 01 03:28:12 UTC 2019 /home/travis/build/icyphy/ptII/ptolemy/domains/continuous/test/auto/ContinuousWithinContinuous4.xml
----------------- Instantiating /home/travis/build/icyphy/ptII/ptolemy/domains/continuous/test/auto/ContinuousWithinContinuous4.xml
65 ms. Memory: 528384K Free: 112684K (21%)
----------------- Invoking toplevel() on ptolemy.moml.MoMLSimpleApplication@63f59c41
----------------- Done invoking toplevel() on ptolemy.moml.MoMLSimpleApplication@63f59c41
reloadAllAccessors: .ContinuousWithinContinuous4

===========================================================================================
----------------- testing Fri Feb 01 03:28:12 UTC 2019 /home/travis/build/icyphy/ptII/ptolemy/domains/continuous/test/auto/ContinuousWithinContinuous5.xml
----------------- Instantiating /home/travis/build/icyphy/ptII/ptolemy/domains/continuous/test/auto/ContinuousWithinContinuous5.xml
11 ms. Memory: 528384K Free: 102581K (19%)
----------------- Invoking toplevel() on ptolemy.moml.MoMLSimpleApplication@63a037e7
----------------- Done invoking toplevel() on ptolemy.moml.MoMLSimpleApplication@63a037e7
reloadAllAccessors: .ContinuousWithinContinuous5

===========================================================================================
----------------- testing Fri Feb 01 03:28:12 UTC 2019 /home/travis/build/icyphy/ptII/ptolemy/domains/continuous/test/auto/ContinuousWithinContinuous6.xml
----------------- Instantiating /home/travis/build/icyphy/ptII/ptolemy/domains/continuous/test/auto/ContinuousWithinContinuous6.xml
16 ms. Memory: 528384K Free: 93625K (18%)
----------------- Invoking toplevel() on ptolemy.moml.MoMLSimpleApplication@587b0dbc
----------------- Done invoking toplevel() on ptolemy.moml.MoMLSimpleApplication@587b0dbc
reloadAllAccessors: .ContinuousWithinContinuous6

===========================================================================================
----------------- testing Fri Feb 01 03:28:12 UTC 2019 /home/travis/build/icyphy/ptII/ptolemy/domains/continuous/test/auto/ContinuousWithinContinuous7.xml
----------------- Instantiating /home/travis/build/icyphy/ptII/ptolemy/domains/continuous/test/auto/ContinuousWithinContinuous7.xml
56 ms. Memory: 528384K Free: 79044K (15%)
----------------- Invoking toplevel() on ptolemy.moml.MoMLSimpleApplication@4d51ad66
----------------- Done invoking toplevel() on ptolemy.moml.MoMLSimpleApplication@4d51ad66
reloadAllAccessors: .ContinuousWithinContinuous7

===========================================================================================
----------------- testing Fri Feb 01 03:28:12 UTC 2019 /home/travis/build/icyphy/ptII/ptolemy/domains/continuous/test/auto/DCMotor.xml
----------------- Instantiating /home/travis/build/icyphy/ptII/ptolemy/domains/continuous/test/auto/DCMotor.xml
12096 ms. Memory: 368640K Free: 265984K (72%)
----------------- Invoking toplevel() on ptolemy.moml.MoMLSimpleApplication@7817b1c5
----------------- Done invoking toplevel() on ptolemy.moml.MoMLSimpleApplication@7817b1c5
reloadAllAccessors: .DCMotor

===========================================================================================
----------------- testing Fri Feb 01 03:28:24 UTC 2019 /home/travis/build/icyphy/ptII/ptolemy/domains/continuous/test/auto/DEInContinuous.xml
----------------- Instantiating /home/travis/build/icyphy/ptII/ptolemy/domains/continuous/test/auto/DEInContinuous.xml
12 ms. Memory: 368640K Free: 253013K (69%)
----------------- Invoking toplevel() on ptolemy.moml.MoMLSimpleApplication@7df7e248
----------------- Done invoking toplevel() on ptolemy.moml.MoMLSimpleApplication@7df7e248
reloadAllAccessors: .DEInContinuous

===========================================================================================
----------------- testing Fri Feb 01 03:28:24 UTC 2019 /home/travis/build/icyphy/ptII/ptolemy/domains/continuous/test/auto/DEinContinuous2.xml
----------------- Instantiating /home/travis/build/icyphy/ptII/ptolemy/domains/continuous/test/auto/DEinContinuous2.xml
6 ms. Memory: 368640K Free: 235569K (64%)
----------------- Invoking toplevel() on ptolemy.moml.MoMLSimpleApplication@16be4258
----------------- Done invoking toplevel() on ptolemy.moml.MoMLSimpleApplication@16be4258
reloadAllAccessors: .DEinContinuous2

===========================================================================================
----------------- testing Fri Feb 01 03:28:24 UTC 2019 /home/travis/build/icyphy/ptII/ptolemy/domains/continuous/test/auto/Derivative.xml
----------------- Instantiating /home/travis/build/icyphy/ptII/ptolemy/domains/continuous/test/auto/Derivative.xml
149 ms. Memory: 368640K Free: 195034K (53%)
----------------- Invoking toplevel() on ptolemy.moml.MoMLSimpleApplication@6ccd2292
----------------- Done invoking toplevel() on ptolemy.moml.MoMLSimpleApplication@6ccd2292
reloadAllAccessors: .Derivative2

===========================================================================================
----------------- testing Fri Feb 01 03:28:25 UTC 2019 /home/travis/build/icyphy/ptII/ptolemy/domains/continuous/test/auto/Derivative1.xml
----------------- Instantiating /home/travis/build/icyphy/ptII/ptolemy/domains/continuous/test/auto/Derivative1.xml
13 ms. Memory: 368640K Free: 177581K (48%)
----------------- Invoking toplevel() on ptolemy.moml.MoMLSimpleApplication@4958d7c7
----------------- Done invoking toplevel() on ptolemy.moml.MoMLSimpleApplication@4958d7c7
reloadAllAccessors: .Derivative1

===========================================================================================
----------------- testing Fri Feb 01 03:28:25 UTC 2019 /home/travis/build/icyphy/ptII/ptolemy/domains/continuous/test/auto/DiscreteClock.xml
----------------- Instantiating /home/travis/build/icyphy/ptII/ptolemy/domains/continuous/test/auto/DiscreteClock.xml
3 ms. Memory: 368640K Free: 165196K (45%)
----------------- Invoking toplevel() on ptolemy.moml.MoMLSimpleApplication@26e60208
----------------- Done invoking toplevel() on ptolemy.moml.MoMLSimpleApplication@26e60208
reloadAllAccessors: .DiscreteClock

===========================================================================================
----------------- testing Fri Feb 01 03:28:25 UTC 2019 /home/travis/build/icyphy/ptII/ptolemy/domains/continuous/test/auto/EfficiencyCurve.xml
----------------- Instantiating /home/travis/build/icyphy/ptII/ptolemy/domains/continuous/test/auto/EfficiencyCurve.xml
43 ms. Memory: 368640K Free: 153382K (42%)
----------------- Invoking toplevel() on ptolemy.moml.MoMLSimpleApplication@797fd746
----------------- Done invoking toplevel() on ptolemy.moml.MoMLSimpleApplication@797fd746
reloadAllAccessors: .EfficiencyCurve

===========================================================================================
----------------- testing Fri Feb 01 03:28:25 UTC 2019 /home/travis/build/icyphy/ptII/ptolemy/domains/continuous/test/auto/ExponentialResponse.xml
----------------- Instantiating /home/travis/build/icyphy/ptII/ptolemy/domains/continuous/test/auto/ExponentialResponse.xml
98 ms. Memory: 368640K Free: 129753K (35%)
----------------- Invoking toplevel() on ptolemy.moml.MoMLSimpleApplication@38401a00
----------------- Done invoking toplevel() on ptolemy.moml.MoMLSimpleApplication@38401a00
reloadAllAccessors: .ExponentialResponse

===========================================================================================
----------------- testing Fri Feb 01 03:28:25 UTC 2019 /home/travis/build/icyphy/ptII/ptolemy/domains/continuous/test/auto/ExponentialResponseRK45.xml
----------------- Instantiating /home/travis/build/icyphy/ptII/ptolemy/domains/continuous/test/auto/ExponentialResponseRK45.xml
24 ms. Memory: 368640K Free: 117939K (32%)
----------------- Invoking toplevel() on ptolemy.moml.MoMLSimpleApplication@5669deb1
----------------- Done invoking toplevel() on ptolemy.moml.MoMLSimpleApplication@5669deb1
reloadAllAccessors: .ExponentialResponseRK45

===========================================================================================
----------------- testing Fri Feb 01 03:28:25 UTC 2019 /home/travis/build/icyphy/ptII/ptolemy/domains/continuous/test/auto/Friction.xml
----------------- Instantiating /home/travis/build/icyphy/ptII/ptolemy/domains/continuous/test/auto/Friction.xml
1312 ms. Memory: 338432K Free: 193864K (57%)
----------------- Invoking toplevel() on ptolemy.moml.MoMLSimpleApplication@5eab83da
----------------- Done invoking toplevel() on ptolemy.moml.MoMLSimpleApplication@5eab83da
reloadAllAccessors: .Friction

===========================================================================================
----------------- testing Fri Feb 01 03:28:26 UTC 2019 /home/travis/build/icyphy/ptII/ptolemy/domains/continuous/test/auto/FurutaPendulum.xml
----------------- Instantiating /home/travis/build/icyphy/ptII/ptolemy/domains/continuous/test/auto/FurutaPendulum.xml
3469 ms. Memory: 316416K Free: 158180K (50%)
----------------- Invoking toplevel() on ptolemy.moml.MoMLSimpleApplication@67c10182
----------------- Done invoking toplevel() on ptolemy.moml.MoMLSimpleApplication@67c10182
reloadAllAccessors: .FurutaPendulum

===========================================================================================
----------------- testing Fri Feb 01 03:28:30 UTC 2019 /home/travis/build/icyphy/ptII/ptolemy/domains/continuous/test/auto/HierarchicalExecution.xml
----------------- Instantiating /home/travis/build/icyphy/ptII/ptolemy/domains/continuous/test/auto/HierarchicalExecution.xml
2046 ms. Memory: 311296K Free: 77524K (25%)
----------------- Invoking toplevel() on ptolemy.moml.MoMLSimpleApplication@1e138de1
----------------- Done invoking toplevel() on ptolemy.moml.MoMLSimpleApplication@1e138de1
reloadAllAccessors: .HierarchicalExecution

===========================================================================================
----------------- testing Fri Feb 01 03:28:32 UTC 2019 /home/travis/build/icyphy/ptII/ptolemy/domains/continuous/test/auto/HybridPlant.xml
----------------- Instantiating /home/travis/build/icyphy/ptII/ptolemy/domains/continuous/test/auto/HybridPlant.xml
470 ms. Memory: 287232K Free: 215514K (75%)
----------------- Invoking toplevel() on ptolemy.moml.MoMLSimpleApplication@7b49de97
----------------- Done invoking toplevel() on ptolemy.moml.MoMLSimpleApplication@7b49de97
reloadAllAccessors: .HybridPlant

===========================================================================================
----------------- testing Fri Feb 01 03:28:33 UTC 2019 /home/travis/build/icyphy/ptII/ptolemy/domains/continuous/test/auto/Hysteresis.xml
----------------- Instantiating /home/travis/build/icyphy/ptII/ptolemy/domains/continuous/test/auto/Hysteresis.xml
138 ms. Memory: 287232K Free: 152015K (53%)
----------------- Invoking toplevel() on ptolemy.moml.MoMLSimpleApplication@5549bdda
----------------- Done invoking toplevel() on ptolemy.moml.MoMLSimpleApplication@5549bdda
reloadAllAccessors: .Hysteresis

===========================================================================================
----------------- testing Fri Feb 01 03:28:33 UTC 2019 /home/travis/build/icyphy/ptII/ptolemy/domains/continuous/test/auto/HysteresisWithRandomDelay.xml
----------------- Instantiating /home/travis/build/icyphy/ptII/ptolemy/domains/continuous/test/auto/HysteresisWithRandomDelay.xml
150 ms. Memory: 287232K Free: 74690K (26%)
----------------- Invoking toplevel() on ptolemy.moml.MoMLSimpleApplication@649332dd
----------------- Done invoking toplevel() on ptolemy.moml.MoMLSimpleApplication@649332dd
reloadAllAccessors: .HysteresisWithRandomDelay

===========================================================================================
----------------- testing Fri Feb 01 03:28:33 UTC 2019 /home/travis/build/icyphy/ptII/ptolemy/domains/continuous/test/auto/HysteresisWithRandomLosses.xml
----------------- Instantiating /home/travis/build/icyphy/ptII/ptolemy/domains/continuous/test/auto/HysteresisWithRandomLosses.xml
2191 ms. Memory: 253440K Free: 217968K (86%)
----------------- Invoking toplevel() on ptolemy.moml.MoMLSimpleApplication@8809919
----------------- Done invoking toplevel() on ptolemy.moml.MoMLSimpleApplication@8809919
reloadAllAccessors: .HysteresisWithRandomLosses

===========================================================================================
----------------- testing Fri Feb 01 03:28:35 UTC 2019 /home/travis/build/icyphy/ptII/ptolemy/domains/continuous/test/auto/ImmediateTransitions.xml
----------------- Instantiating /home/travis/build/icyphy/ptII/ptolemy/domains/continuous/test/auto/ImmediateTransitions.xml
9 ms. Memory: 253440K Free: 203063K (80%)
----------------- Invoking toplevel() on ptolemy.moml.MoMLSimpleApplication@3311cfd9
----------------- Done invoking toplevel() on ptolemy.moml.MoMLSimpleApplication@3311cfd9
reloadAllAccessors: .ImmediateTransitions

===========================================================================================
----------------- testing Fri Feb 01 03:28:36 UTC 2019 /home/travis/build/icyphy/ptII/ptolemy/domains/continuous/test/auto/ImpulseFeedback.xml
----------------- Instantiating /home/travis/build/icyphy/ptII/ptolemy/domains/continuous/test/auto/ImpulseFeedback.xml
7 ms. Memory: 253440K Free: 192224K (76%)
----------------- Invoking toplevel() on ptolemy.moml.MoMLSimpleApplication@edfcca2
----------------- Done invoking toplevel() on ptolemy.moml.MoMLSimpleApplication@edfcca2
reloadAllAccessors: .ImpulseFeedback

===========================================================================================
----------------- testing Fri Feb 01 03:28:36 UTC 2019 /home/travis/build/icyphy/ptII/ptolemy/domains/continuous/test/auto/ImpulseFeedback2.xml
----------------- Instantiating /home/travis/build/icyphy/ptII/ptolemy/domains/continuous/test/auto/ImpulseFeedback2.xml
6 ms. Memory: 253440K Free: 181387K (72%)
----------------- Invoking toplevel() on ptolemy.moml.MoMLSimpleApplication@2f245489
----------------- Done invoking toplevel() on ptolemy.moml.MoMLSimpleApplication@2f245489
reloadAllAccessors: .ImpulseFeedback2

===========================================================================================
----------------- testing Fri Feb 01 03:28:36 UTC 2019 /home/travis/build/icyphy/ptII/ptolemy/domains/continuous/test/auto/IncreasingRatePoisson.xml
----------------- Instantiating /home/travis/build/icyphy/ptII/ptolemy/domains/continuous/test/auto/IncreasingRatePoisson.xml
646 ms. Memory: 239616K Free: 176825K (74%)
----------------- Invoking toplevel() on ptolemy.moml.MoMLSimpleApplication@54c1a666
----------------- Done invoking toplevel() on ptolemy.moml.MoMLSimpleApplication@54c1a666
reloadAllAccessors: .IncreasingRatePoisson

===========================================================================================
----------------- testing Fri Feb 01 03:28:36 UTC 2019 /home/travis/build/icyphy/ptII/ptolemy/domains/continuous/test/auto/InitialStateFeedback.xml
----------------- Instantiating /home/travis/build/icyphy/ptII/ptolemy/domains/continuous/test/auto/InitialStateFeedback.xml
3 ms. Memory: 239616K Free: 169724K (71%)
----------------- Invoking toplevel() on ptolemy.moml.MoMLSimpleApplication@23bb1f4c
----------------- Done invoking toplevel() on ptolemy.moml.MoMLSimpleApplication@23bb1f4c
reloadAllAccessors: .InitialStateFeedback

===========================================================================================
----------------- testing Fri Feb 01 03:28:36 UTC 2019 /home/travis/build/icyphy/ptII/ptolemy/domains/continuous/test/auto/Integration.xml
----------------- Instantiating /home/travis/build/icyphy/ptII/ptolemy/domains/continuous/test/auto/Integration.xml
2 ms. Memory: 239616K Free: 164281K (69%)
----------------- Invoking toplevel() on ptolemy.moml.MoMLSimpleApplication@505c0d17
----------------- Done invoking toplevel() on ptolemy.moml.MoMLSimpleApplication@505c0d17
reloadAllAccessors: .Integration

===========================================================================================
----------------- testing Fri Feb 01 03:28:36 UTC 2019 /home/travis/build/icyphy/ptII/ptolemy/domains/continuous/test/auto/Integration2.xml
----------------- Instantiating /home/travis/build/icyphy/ptII/ptolemy/domains/continuous/test/auto/Integration2.xml
77 ms. Memory: 239616K Free: 146599K (61%)
----------------- Invoking toplevel() on ptolemy.moml.MoMLSimpleApplication@7c1ea0ec
----------------- Done invoking toplevel() on ptolemy.moml.MoMLSimpleApplication@7c1ea0ec
reloadAllAccessors: .Integration2

===========================================================================================
----------------- testing Fri Feb 01 03:28:36 UTC 2019 /home/travis/build/icyphy/ptII/ptolemy/domains/continuous/test/auto/Integration3.xml
----------------- Instantiating /home/travis/build/icyphy/ptII/ptolemy/domains/continuous/test/auto/Integration3.xml
1 ms. Memory: 239616K Free: 141149K (59%)
----------------- Invoking toplevel() on ptolemy.moml.MoMLSimpleApplication@41199b61
----------------- Done invoking toplevel() on ptolemy.moml.MoMLSimpleApplication@41199b61
reloadAllAccessors: .Integration3

===========================================================================================
----------------- testing Fri Feb 01 03:28:36 UTC 2019 /home/travis/build/icyphy/ptII/ptolemy/domains/continuous/test/auto/Integration5.xml
----------------- Instantiating /home/travis/build/icyphy/ptII/ptolemy/domains/continuous/test/auto/Integration5.xml
2 ms. Memory: 239616K Free: 135639K (57%)
----------------- Invoking toplevel() on ptolemy.moml.MoMLSimpleApplication@e3c7e2c
----------------- Done invoking toplevel() on ptolemy.moml.MoMLSimpleApplication@e3c7e2c
reloadAllAccessors: .Integration5

===========================================================================================
----------------- testing Fri Feb 01 03:28:36 UTC 2019 /home/travis/build/icyphy/ptII/ptolemy/domains/continuous/test/auto/IntegratorImpulse.xml
----------------- Instantiating /home/travis/build/icyphy/ptII/ptolemy/domains/continuous/test/auto/IntegratorImpulse.xml
1 ms. Memory: 239616K Free: 130207K (54%)
----------------- Invoking toplevel() on ptolemy.moml.MoMLSimpleApplication@4c251d6
----------------- Done invoking toplevel() on ptolemy.moml.MoMLSimpleApplication@4c251d6
reloadAllAccessors: .IntegratorImpulse

===========================================================================================
----------------- testing Fri Feb 01 03:28:36 UTC 2019 /home/travis/build/icyphy/ptII/ptolemy/domains/continuous/test/auto/IntegratorImpulse2.xml
----------------- Instantiating /home/travis/build/icyphy/ptII/ptolemy/domains/continuous/test/auto/IntegratorImpulse2.xml
3 ms. Memory: 239616K Free: 124759K (52%)
----------------- Invoking toplevel() on ptolemy.moml.MoMLSimpleApplication@4f55b532
----------------- Done invoking toplevel() on ptolemy.moml.MoMLSimpleApplication@4f55b532
reloadAllAccessors: .IntegratorImpulse2

===========================================================================================
----------------- testing Fri Feb 01 03:28:36 UTC 2019 /home/travis/build/icyphy/ptII/ptolemy/domains/continuous/test/auto/LevelCrossing1.xml
----------------- Instantiating /home/travis/build/icyphy/ptII/ptolemy/domains/continuous/test/auto/LevelCrossing1.xml
2 ms. Memory: 239616K Free: 117726K (49%)
----------------- Invoking toplevel() on ptolemy.moml.MoMLSimpleApplication@397cfb1b
----------------- Done invoking toplevel() on ptolemy.moml.MoMLSimpleApplication@397cfb1b
reloadAllAccessors: .LevelCrossing1

===========================================================================================
----------------- testing Fri Feb 01 03:28:36 UTC 2019 /home/travis/build/icyphy/ptII/ptolemy/domains/continuous/test/auto/LevelCrossing2.xml
----------------- Instantiating /home/travis/build/icyphy/ptII/ptolemy/domains/continuous/test/auto/LevelCrossing2.xml
3 ms. Memory: 239616K Free: 110738K (46%)
----------------- Invoking toplevel() on ptolemy.moml.MoMLSimpleApplication@32862762
----------------- Done invoking toplevel() on ptolemy.moml.MoMLSimpleApplication@32862762
reloadAllAccessors: .LevelCrossing2

===========================================================================================
----------------- testing Fri Feb 01 03:28:36 UTC 2019 /home/travis/build/icyphy/ptII/ptolemy/domains/continuous/test/auto/LevelCrossing3.xml
----------------- Instantiating /home/travis/build/icyphy/ptII/ptolemy/domains/continuous/test/auto/LevelCrossing3.xml
2 ms. Memory: 239616K Free: 103689K (43%)
----------------- Invoking toplevel() on ptolemy.moml.MoMLSimpleApplication@3009f0b6
----------------- Done invoking toplevel() on ptolemy.moml.MoMLSimpleApplication@3009f0b6
reloadAllAccessors: .LevelCrossing3

===========================================================================================
----------------- testing Fri Feb 01 03:28:36 UTC 2019 /home/travis/build/icyphy/ptII/ptolemy/domains/continuous/test/auto/LevelCrossing4.xml
----------------- Instantiating /home/travis/build/icyphy/ptII/ptolemy/domains/continuous/test/auto/LevelCrossing4.xml
3 ms. Memory: 239616K Free: 96694K (40%)
----------------- Invoking toplevel() on ptolemy.moml.MoMLSimpleApplication@1665f0c0
----------------- Done invoking toplevel() on ptolemy.moml.MoMLSimpleApplication@1665f0c0
reloadAllAccessors: .LevelCrossing4

===========================================================================================
----------------- testing Fri Feb 01 03:28:36 UTC 2019 /home/travis/build/icyphy/ptII/ptolemy/domains/continuous/test/auto/LevelCrossing5.xml
----------------- Instantiating /home/travis/build/icyphy/ptII/ptolemy/domains/continuous/test/auto/LevelCrossing5.xml
3 ms. Memory: 239616K Free: 89706K (37%)
----------------- Invoking toplevel() on ptolemy.moml.MoMLSimpleApplication@51f09a3b
----------------- Done invoking toplevel() on ptolemy.moml.MoMLSimpleApplication@51f09a3b
reloadAllAccessors: .LevelCrossing5

===========================================================================================
[...]
----------------- testing Fri Feb 01 03:28:55 UTC 2019 /home/travis/build/icyphy/ptII/ptolemy/domains/continuous/test/auto/SRinContinuous.xml
----------------- Instantiating /home/travis/build/icyphy/ptII/ptolemy/domains/continuous/test/auto/SRinContinuous.xml
3 ms. Memory: 587264K Free: 425089K (72%)
----------------- Invoking toplevel() on ptolemy.moml.MoMLSimpleApplication@77aa7ac0
----------------- Done invoking toplevel() on ptolemy.moml.MoMLSimpleApplication@77aa7ac0
reloadAllAccessors: .SRinContinuous

===========================================================================================
----------------- testing Fri Feb 01 03:28:55 UTC 2019 /home/travis/build/icyphy/ptII/ptolemy/domains/continuous/test/auto/SampledClocks.xml
----------------- Instantiating /home/travis/build/icyphy/ptII/ptolemy/domains/continuous/test/auto/SampledClocks.xml
3 ms. Memory: 587264K Free: 414214K (71%)
----------------- Invoking toplevel() on ptolemy.moml.MoMLSimpleApplication@7bcb9a3d
----------------- Done invoking toplevel() on ptolemy.moml.MoMLSimpleApplication@7bcb9a3d
reloadAllAccessors: .SampledClocks

===========================================================================================
----------------- testing Fri Feb 01 03:28:55 UTC 2019 /home/travis/build/icyphy/ptII/ptolemy/domains/continuous/test/auto/Satellite.xml
----------------- Instantiating /home/travis/build/icyphy/ptII/ptolemy/domains/continuous/test/auto/Satellite.xml
845 ms. Memory: 587264K Free: 225998K (38%)
----------------- Invoking toplevel() on ptolemy.moml.MoMLSimpleApplication@67509e76
----------------- Done invoking toplevel() on ptolemy.moml.MoMLSimpleApplication@67509e76
reloadAllAccessors: .Satellite

===========================================================================================
----------------- testing Fri Feb 01 03:28:56 UTC 2019 /home/travis/build/icyphy/ptII/ptolemy/domains/continuous/test/auto/SigmaDelta.xml
----------------- Instantiating /home/travis/build/icyphy/ptII/ptolemy/domains/continuous/test/auto/SigmaDelta.xml
2493 ms. Memory: 691712K Free: 444319K (64%)
----------------- Invoking toplevel() on ptolemy.moml.MoMLSimpleApplication@47b6aaaa
----------------- Done invoking toplevel() on ptolemy.moml.MoMLSimpleApplication@47b6aaaa
reloadAllAccessors: .SigmaDelta

===========================================================================================
----------------- testing Fri Feb 01 03:28:58 UTC 2019 /home/travis/build/icyphy/ptII/ptolemy/domains/continuous/test/auto/SingleRefinement.xml
----------------- Instantiating /home/travis/build/icyphy/ptII/ptolemy/domains/continuous/test/auto/SingleRefinement.xml
287 ms. Memory: 691712K Free: 253453K (37%)
----------------- Invoking toplevel() on ptolemy.moml.MoMLSimpleApplication@1553d63
----------------- Done invoking toplevel() on ptolemy.moml.MoMLSimpleApplication@1553d63
reloadAllAccessors: .SingleRefinement

===========================================================================================
----------------- testing Fri Feb 01 03:28:59 UTC 2019 /home/travis/build/icyphy/ptII/ptolemy/domains/continuous/test/auto/SinuBouncingBall.xml
----------------- Instantiating /home/travis/build/icyphy/ptII/ptolemy/domains/continuous/test/auto/SinuBouncingBall.xml
760 ms. Memory: 691712K Free: 28474K (4%)
----------------- Invoking toplevel() on ptolemy.moml.MoMLSimpleApplication@2e98af36
----------------- Done invoking toplevel() on ptolemy.moml.MoMLSimpleApplication@2e98af36
reloadAllAccessors: .SinuBouncingBall

===========================================================================================
----------------- testing Fri Feb 01 03:29:00 UTC 2019 /home/travis/build/icyphy/ptII/ptolemy/domains/continuous/test/auto/Sinusoid.xml
----------------- Instantiating /home/travis/build/icyphy/ptII/ptolemy/domains/continuous/test/auto/Sinusoid.xml
4 ms. Memory: 691712K Free: 21592K (3%)
----------------- Invoking toplevel() on ptolemy.moml.MoMLSimpleApplication@4913f67a
----------------- Done invoking toplevel() on ptolemy.moml.MoMLSimpleApplication@4913f67a
reloadAllAccessors: .Sinusoid

===========================================================================================
----------------- testing Fri Feb 01 03:29:00 UTC 2019 /home/travis/build/icyphy/ptII/ptolemy/domains/continuous/test/auto/SinusoidInNoise.xml
----------------- Instantiating /home/travis/build/icyphy/ptII/ptolemy/domains/continuous/test/auto/SinusoidInNoise.xml
989 ms. Memory: 626688K Free: 420219K (67%)
----------------- Invoking toplevel() on ptolemy.moml.MoMLSimpleApplication@1de8a93f
----------------- Done invoking toplevel() on ptolemy.moml.MoMLSimpleApplication@1de8a93f
reloadAllAccessors: .SinusoidInNoise

===========================================================================================
----------------- testing Fri Feb 01 03:29:01 UTC 2019 /home/travis/build/icyphy/ptII/ptolemy/domains/continuous/test/auto/SinusoidRK45.xml
----------------- Instantiating /home/travis/build/icyphy/ptII/ptolemy/domains/continuous/test/auto/SinusoidRK45.xml
2 ms. Memory: 626688K Free: 413462K (66%)
----------------- Invoking toplevel() on ptolemy.moml.MoMLSimpleApplication@5f8f348e
----------------- Done invoking toplevel() on ptolemy.moml.MoMLSimpleApplication@5f8f348e
reloadAllAccessors: .SinusoidRK45

===========================================================================================
----------------- testing Fri Feb 01 03:29:01 UTC 2019 /home/travis/build/icyphy/ptII/ptolemy/domains/continuous/test/auto/SinusoidWithMultipleImpulses.xml
----------------- Instantiating /home/travis/build/icyphy/ptII/ptolemy/domains/continuous/test/auto/SinusoidWithMultipleImpulses.xml
2 ms. Memory: 626688K Free: 403922K (64%)
----------------- Invoking toplevel() on ptolemy.moml.MoMLSimpleApplication@2954633f
----------------- Done invoking toplevel() on ptolemy.moml.MoMLSimpleApplication@2954633f
reloadAllAccessors: .SinusoidWithMultipleImpulses

===========================================================================================
----------------- testing Fri Feb 01 03:29:01 UTC 2019 /home/travis/build/icyphy/ptII/ptolemy/domains/continuous/test/auto/SquareWave.xml
----------------- Instantiating /home/travis/build/icyphy/ptII/ptolemy/domains/continuous/test/auto/SquareWave.xml
170 ms. Memory: 626688K Free: 374126K (60%)
----------------- Invoking toplevel() on ptolemy.moml.MoMLSimpleApplication@2146ee31
----------------- Done invoking toplevel() on ptolemy.moml.MoMLSimpleApplication@2146ee31
reloadAllAccessors: .SquareWave

===========================================================================================
----------------- testing Fri Feb 01 03:29:01 UTC 2019 /home/travis/build/icyphy/ptII/ptolemy/domains/continuous/test/auto/Starmac.xml
----------------- Instantiating /home/travis/build/icyphy/ptII/ptolemy/domains/continuous/test/auto/Starmac.xml
3063 ms. Memory: 603648K Free: 551020K (91%)
----------------- Invoking toplevel() on ptolemy.moml.MoMLSimpleApplication@616712dc
----------------- Done invoking toplevel() on ptolemy.moml.MoMLSimpleApplication@616712dc
reloadAllAccessors: .Starmac

===========================================================================================
----------------- testing Fri Feb 01 03:29:04 UTC 2019 /home/travis/build/icyphy/ptII/ptolemy/domains/continuous/test/auto/StaticUnits.xml
----------------- Instantiating /home/travis/build/icyphy/ptII/ptolemy/domains/continuous/test/auto/StaticUnits.xml
2015 ms. Memory: 603648K Free: 78807K (13%)
----------------- Invoking toplevel() on ptolemy.moml.MoMLSimpleApplication@7d56aa8c
----------------- Done invoking toplevel() on ptolemy.moml.MoMLSimpleApplication@7d56aa8c
reloadAllAccessors: .StaticUnits

===========================================================================================
----------------- testing Fri Feb 01 03:29:07 UTC 2019 /home/travis/build/icyphy/ptII/ptolemy/domains/continuous/test/auto/StickyMasses.xml
----------------- Instantiating /home/travis/build/icyphy/ptII/ptolemy/domains/continuous/test/auto/StickyMasses.xml
116 ms. Memory: 573440K Free: 540801K (94%)
----------------- Invoking toplevel() on ptolemy.moml.MoMLSimpleApplication@1236dd6e
----------------- Done invoking toplevel() on ptolemy.moml.MoMLSimpleApplication@1236dd6e
reloadAllAccessors: .StickyMasses

===========================================================================================
----------------- testing Fri Feb 01 03:29:07 UTC 2019 /home/travis/build/icyphy/ptII/ptolemy/domains/continuous/test/auto/StopTime.xml
----------------- Instantiating /home/travis/build/icyphy/ptII/ptolemy/domains/continuous/test/auto/StopTime.xml
36 ms. Memory: 573440K Free: 512091K (89%)
----------------- Invoking toplevel() on ptolemy.moml.MoMLSimpleApplication@408252da
----------------- Done invoking toplevel() on ptolemy.moml.MoMLSimpleApplication@408252da
reloadAllAccessors: .StopTime

===========================================================================================
----------------- testing Fri Feb 01 03:29:07 UTC 2019 /home/travis/build/icyphy/ptII/ptolemy/domains/continuous/test/auto/StopTime2.xml
----------------- Instantiating /home/travis/build/icyphy/ptII/ptolemy/domains/continuous/test/auto/StopTime2.xml
32 ms. Memory: 573440K Free: 487615K (85%)
----------------- Invoking toplevel() on ptolemy.moml.MoMLSimpleApplication@2b572d5b
----------------- Done invoking toplevel() on ptolemy.moml.MoMLSimpleApplication@2b572d5b
reloadAllAccessors: .StopTime2

===========================================================================================
----------------- testing Fri Feb 01 03:29:07 UTC 2019 /home/travis/build/icyphy/ptII/ptolemy/domains/continuous/test/auto/Switch.xml
----------------- Instantiating /home/travis/build/icyphy/ptII/ptolemy/domains/continuous/test/auto/Switch.xml
41 ms. Memory: 573440K Free: 460478K (80%)
----------------- Invoking toplevel() on ptolemy.moml.MoMLSimpleApplication@711e1e1a
----------------- Done invoking toplevel() on ptolemy.moml.MoMLSimpleApplication@711e1e1a
reloadAllAccessors: .Switch

===========================================================================================
----------------- testing Fri Feb 01 03:29:07 UTC 2019 /home/travis/build/icyphy/ptII/ptolemy/domains/continuous/test/auto/Thermostat.xml
----------------- Instantiating /home/travis/build/icyphy/ptII/ptolemy/domains/continuous/test/auto/Thermostat.xml
160 ms. Memory: 573440K Free: 383511K (67%)
----------------- Invoking toplevel() on ptolemy.moml.MoMLSimpleApplication@c493881
----------------- Done invoking toplevel() on ptolemy.moml.MoMLSimpleApplication@c493881
reloadAllAccessors: .Thermostat

===========================================================================================
----------------- testing Fri Feb 01 03:29:07 UTC 2019 /home/travis/build/icyphy/ptII/ptolemy/domains/continuous/test/auto/TimeDelay.xml
----------------- Instantiating /home/travis/build/icyphy/ptII/ptolemy/domains/continuous/test/auto/TimeDelay.xml
5 ms. Memory: 573440K Free: 374758K (65%)
----------------- Invoking toplevel() on ptolemy.moml.MoMLSimpleApplication@6afaf4c7
----------------- Done invoking toplevel() on ptolemy.moml.MoMLSimpleApplication@6afaf4c7
reloadAllAccessors: .TimeDelay

===========================================================================================
----------------- testing Fri Feb 01 03:29:07 UTC 2019 /home/travis/build/icyphy/ptII/ptolemy/domains/continuous/test/auto/TimeDelay2.xml
----------------- Instantiating /home/travis/build/icyphy/ptII/ptolemy/domains/continuous/test/auto/TimeDelay2.xml
7 ms. Memory: 573440K Free: 365918K (64%)
----------------- Invoking toplevel() on ptolemy.moml.MoMLSimpleApplication@49d16aa5
----------------- Done invoking toplevel() on ptolemy.moml.MoMLSimpleApplication@49d16aa5
reloadAllAccessors: .TimeDelay2

===========================================================================================
----------------- testing Fri Feb 01 03:29:07 UTC 2019 /home/travis/build/icyphy/ptII/ptolemy/domains/continuous/test/auto/TimeDelay3.xml
----------------- Instantiating /home/travis/build/icyphy/ptII/ptolemy/domains/continuous/test/auto/TimeDelay3.xml
3 ms. Memory: 573440K Free: 357149K (62%)
----------------- Invoking toplevel() on ptolemy.moml.MoMLSimpleApplication@6435d50b
----------------- Done invoking toplevel() on ptolemy.moml.MoMLSimpleApplication@6435d50b
reloadAllAccessors: .TimeDelay3

===========================================================================================
----------------- testing Fri Feb 01 03:29:07 UTC 2019 /home/travis/build/icyphy/ptII/ptolemy/domains/continuous/test/auto/TransferAbsentToInside.xml
----------------- Instantiating /home/travis/build/icyphy/ptII/ptolemy/domains/continuous/test/auto/TransferAbsentToInside.xml
25 ms. Memory: 573440K Free: 298447K (52%)
----------------- Invoking toplevel() on ptolemy.moml.MoMLSimpleApplication@1f24f5ae
----------------- Done invoking toplevel() on ptolemy.moml.MoMLSimpleApplication@1f24f5ae
reloadAllAccessors: .TransferAbsentToInside

===========================================================================================
----------------- testing Fri Feb 01 03:29:07 UTC 2019 /home/travis/build/icyphy/ptII/ptolemy/domains/continuous/test/auto/Transmission.xml
----------------- Instantiating /home/travis/build/icyphy/ptII/ptolemy/domains/continuous/test/auto/Transmission.xml
728 ms. Memory: 573440K Free: 59000K (10%)
----------------- Invoking toplevel() on ptolemy.moml.MoMLSimpleApplication@18967134
----------------- Done invoking toplevel() on ptolemy.moml.MoMLSimpleApplication@18967134
reloadAllAccessors: .Transmission

===========================================================================================
----------------- testing Fri Feb 01 03:29:08 UTC 2019 /home/travis/build/icyphy/ptII/ptolemy/domains/continuous/test/auto/TriggeredContinuousClock.xml
----------------- Instantiating /home/travis/build/icyphy/ptII/ptolemy/domains/continuous/test/auto/TriggeredContinuousClock.xml
43 ms. Memory: 548864K Free: 525094K (96%)
----------------- Invoking toplevel() on ptolemy.moml.MoMLSimpleApplication@773a1697
----------------- Done invoking toplevel() on ptolemy.moml.MoMLSimpleApplication@773a1697
reloadAllAccessors: .TriggeredContinuousClock

===========================================================================================
----------------- testing Fri Feb 01 03:29:08 UTC 2019 /home/travis/build/icyphy/ptII/ptolemy/domains/continuous/test/auto/TwoMachineInfiniteBusControl.xml
----------------- Instantiating /home/travis/build/icyphy/ptII/ptolemy/domains/continuous/test/auto/TwoMachineInfiniteBusControl.xml
3014 ms. Memory: 532992K Free: 424719K (80%)
----------------- Invoking toplevel() on ptolemy.moml.MoMLSimpleApplication@18baee6e
----------------- Done invoking toplevel() on ptolemy.moml.MoMLSimpleApplication@18baee6e
reloadAllAccessors: .TwoMachineInfiniteBusControl

===========================================================================================
----------------- testing Fri Feb 01 03:29:11 UTC 2019 /home/travis/build/icyphy/ptII/ptolemy/domains/continuous/test/auto/V2V.xml
----------------- Instantiating /home/travis/build/icyphy/ptII/ptolemy/domains/continuous/test/auto/V2V.xml
755 ms. Memory: 532992K Free: 228852K (43%)
----------------- Invoking toplevel() on ptolemy.moml.MoMLSimpleApplication@72743c54
----------------- Done invoking toplevel() on ptolemy.moml.MoMLSimpleApplication@72743c54
reloadAllAccessors: .V2V

===========================================================================================
----------------- testing Fri Feb 01 03:29:12 UTC 2019 /home/travis/build/icyphy/ptII/ptolemy/domains/continuous/test/auto/hierarchicalModalModel.xml
----------------- Instantiating /home/travis/build/icyphy/ptII/ptolemy/domains/continuous/test/auto/hierarchicalModalModel.xml
7 ms. Memory: 532992K Free: 211226K (40%)
----------------- Invoking toplevel() on ptolemy.moml.MoMLSimpleApplication@617a9a87
----------------- Done invoking toplevel() on ptolemy.moml.MoMLSimpleApplication@617a9a87
reloadAllAccessors: .hierarchicalModalModel

===========================================================================================
----------------- testing Fri Feb 01 03:29:12 UTC 2019 /home/travis/build/icyphy/ptII/ptolemy/domains/continuous/test/auto/hierarchicalModalModel1.xml
----------------- Instantiating /home/travis/build/icyphy/ptII/ptolemy/domains/continuous/test/auto/hierarchicalModalModel1.xml
7 ms. Memory: 532992K Free: 193624K (36%)
----------------- Invoking toplevel() on ptolemy.moml.MoMLSimpleApplication@795e500a
----------------- Done invoking toplevel() on ptolemy.moml.MoMLSimpleApplication@795e500a
reloadAllAccessors: .hierarchicalModalModel1

===========================================================================================
----------------- testing Fri Feb 01 03:29:12 UTC 2019 /home/travis/build/icyphy/ptII/ptolemy/domains/continuous/test/auto/hierarchicalModalModel2.xml
----------------- Instantiating /home/travis/build/icyphy/ptII/ptolemy/domains/continuous/test/auto/hierarchicalModalModel2.xml
6 ms. Memory: 532992K Free: 176006K (33%)
----------------- Invoking toplevel() on ptolemy.moml.MoMLSimpleApplication@420b551c
----------------- Done invoking toplevel() on ptolemy.moml.MoMLSimpleApplication@420b551c
reloadAllAccessors: .hierarchicalModalModel2

===========================================================================================
----------------- testing Fri Feb 01 03:29:12 UTC 2019 /home/travis/build/icyphy/ptII/ptolemy/domains/continuous/test/auto/hierarchicalModalModel3.xml
----------------- Instantiating /home/travis/build/icyphy/ptII/ptolemy/domains/continuous/test/auto/hierarchicalModalModel3.xml
8 ms. Memory: 532992K Free: 163080K (31%)
----------------- Invoking toplevel() on ptolemy.moml.MoMLSimpleApplication@3c96f54e
----------------- Done invoking toplevel() on ptolemy.moml.MoMLSimpleApplication@3c96f54e
reloadAllAccessors: .hierarchicalModalModel3

===========================================================================================
----------------- testing Fri Feb 01 03:29:12 UTC 2019 /home/travis/build/icyphy/ptII/ptolemy/domains/continuous/test/auto/hierarchicalModalModel4.xml
----------------- Instantiating /home/travis/build/icyphy/ptII/ptolemy/domains/continuous/test/auto/hierarchicalModalModel4.xml
4 ms. Memory: 532992K Free: 147833K (28%)
----------------- Invoking toplevel() on ptolemy.moml.MoMLSimpleApplication@58e5472f
----------------- Done invoking toplevel() on ptolemy.moml.MoMLSimpleApplication@58e5472f
reloadAllAccessors: .hierarchicalModalModel4

===========================================================================================
----------------- testing Fri Feb 01 03:29:12 UTC 2019 /home/travis/build/icyphy/ptII/ptolemy/domains/continuous/test/auto/junk.xml
----------------- Instantiating /home/travis/build/icyphy/ptII/ptolemy/domains/continuous/test/auto/junk.xml
140 ms. Memory: 532992K Free: 115963K (22%)
----------------- Invoking toplevel() on ptolemy.moml.MoMLSimpleApplication@77352ef9
----------------- Done invoking toplevel() on ptolemy.moml.MoMLSimpleApplication@77352ef9
reloadAllAccessors: .junk
AutoTests.java: About to close Vertx.
AutoTests.java: Vertx closed.
]]></system-out>
  <system-err><![CDATA[Warning: '.HysteresisWithRandomDelay.NonStrictTest3' The test produced only 23 tokens, yet the correctValues parameter was expecting 30 tokens.
Warning: '.IncreasingRatePoisson.NonStrictTest' The test produced only 389 tokens, yet the correctValues parameter was expecting 402 tokens.
Warning: '.Poisson.NonStrictTest' The test produced only 406 tokens, yet the correctValues parameter was expecting 430 tokens.
]]></system-err>
</testsuite>
