<?xml version="1.0" encoding="UTF-8" ?>
<testsuite errors="0" failures="0" hostname="travis-job-33ab3457-582e-4e14-86b4-c50e4555472e" name="ptolemy.actor.lib.hoc.test.junit.JUnitTclTest" skipped="0" tests="58" time="31.223" timestamp="2019-09-15T05:42:17">
  <properties>
[...]
</properties>
  <testcase classname="ptolemy.util.test.junit.TclTests" name="[0] /home/travis/build/icyphy/ptII/ptolemy/actor/lib/hoc/test/IterateOverArray.tcl (RunTclFile)" time="0.336" />
  <testcase classname="ptolemy.util.test.junit.AutoKnownFailedTests" name="[0] /home/travis/build/icyphy/ptII/ptolemy/actor/lib/hoc/test/auto/knownFailedTests/PreinitializeMustBeInvokedRunComposite.xml (RunModel)" time="0.388" />
  <testcase classname="ptolemy.util.test.junit.AutoNameArchTests" name="[0] ThereAreNoAutoArchTests (RunModel)" time="0.001" />
  <testcase classname="ptolemy.util.test.junit.AutoTests" name="[0] /home/travis/build/icyphy/ptII/ptolemy/actor/lib/hoc/test/auto/AllToAllMultiInstanceComposite.xml (RunModel)" time="0.519" />
  <testcase classname="ptolemy.util.test.junit.AutoTests" name="[1] /home/travis/build/icyphy/ptII/ptolemy/actor/lib/hoc/test/auto/ApplyFFTTest.xml (RunModel)" time="0.403" />
  <testcase classname="ptolemy.util.test.junit.AutoTests" name="[2] /home/travis/build/icyphy/ptII/ptolemy/actor/lib/hoc/test/auto/ApplyFunction.xml (RunModel)" time="0.03" />
  <testcase classname="ptolemy.util.test.junit.AutoTests" name="[3] /home/travis/build/icyphy/ptII/ptolemy/actor/lib/hoc/test/auto/BackgroundExecution.xml (RunModel)" time="0.724" />
  <testcase classname="ptolemy.util.test.junit.AutoTests" name="[4] /home/travis/build/icyphy/ptII/ptolemy/actor/lib/hoc/test/auto/Case.xml (RunModel)" time="0.061" />
  <testcase classname="ptolemy.util.test.junit.AutoTests" name="[5] /home/travis/build/icyphy/ptII/ptolemy/actor/lib/hoc/test/auto/Case1.xml (RunModel)" time="0.062" />
  <testcase classname="ptolemy.util.test.junit.AutoTests" name="[6] /home/travis/build/icyphy/ptII/ptolemy/actor/lib/hoc/test/auto/Case2.xml (RunModel)" time="0.081" />
  <testcase classname="ptolemy.util.test.junit.AutoTests" name="[7] /home/travis/build/icyphy/ptII/ptolemy/actor/lib/hoc/test/auto/Case3.xml (RunModel)" time="0.054" />
  <testcase classname="ptolemy.util.test.junit.AutoTests" name="[8] /home/travis/build/icyphy/ptII/ptolemy/actor/lib/hoc/test/auto/Case4.xml (RunModel)" time="0.085" />
  <testcase classname="ptolemy.util.test.junit.AutoTests" name="[9] /home/travis/build/icyphy/ptII/ptolemy/actor/lib/hoc/test/auto/Case5.xml (RunModel)" time="0.084" />
  <testcase classname="ptolemy.util.test.junit.AutoTests" name="[10] /home/travis/build/icyphy/ptII/ptolemy/actor/lib/hoc/test/auto/Case6.xml (RunModel)" time="0.097" />
  <testcase classname="ptolemy.util.test.junit.AutoTests" name="[11] /home/travis/build/icyphy/ptII/ptolemy/actor/lib/hoc/test/auto/CaseString2.xml (RunModel)" time="0.053" />
  <testcase classname="ptolemy.util.test.junit.AutoTests" name="[12] /home/travis/build/icyphy/ptII/ptolemy/actor/lib/hoc/test/auto/CatchUpComposite1.xml (RunModel)" time="0.086" />
  <testcase classname="ptolemy.util.test.junit.AutoTests" name="[13] /home/travis/build/icyphy/ptII/ptolemy/actor/lib/hoc/test/auto/CatchUpComposite2.xml (RunModel)" time="0.074" />
  <testcase classname="ptolemy.util.test.junit.AutoTests" name="[14] /home/travis/build/icyphy/ptII/ptolemy/actor/lib/hoc/test/auto/CatchUpComposite3.xml (RunModel)" time="0.056" />
  <testcase classname="ptolemy.util.test.junit.AutoTests" name="[15] /home/travis/build/icyphy/ptII/ptolemy/actor/lib/hoc/test/auto/CatchUpComposite4.xml (RunModel)" time="0.043" />
  <testcase classname="ptolemy.util.test.junit.AutoTests" name="[16] /home/travis/build/icyphy/ptII/ptolemy/actor/lib/hoc/test/auto/CatchUpComposite5.xml (RunModel)" time="0.034" />
  <testcase classname="ptolemy.util.test.junit.AutoTests" name="[17] /home/travis/build/icyphy/ptII/ptolemy/actor/lib/hoc/test/auto/CatchUpComposite6.xml (RunModel)" time="0.176" />
  <testcase classname="ptolemy.util.test.junit.AutoTests" name="[18] /home/travis/build/icyphy/ptII/ptolemy/actor/lib/hoc/test/auto/CatchUpComposite7.xml (RunModel)" time="0.084" />
  <testcase classname="ptolemy.util.test.junit.AutoTests" name="[19] /home/travis/build/icyphy/ptII/ptolemy/actor/lib/hoc/test/auto/ConcurrentExecutionTimeSDF.xml (RunModel)" time="1.139" />
  <testcase classname="ptolemy.util.test.junit.AutoTests" name="[20] /home/travis/build/icyphy/ptII/ptolemy/actor/lib/hoc/test/auto/ConcurrentSleep.xml (RunModel)" time="0.775" />
  <testcase classname="ptolemy.util.test.junit.AutoTests" name="[21] /home/travis/build/icyphy/ptII/ptolemy/actor/lib/hoc/test/auto/DEInPNInRunCompositeActor.xml (RunModel)" time="0.027" />
  <testcase classname="ptolemy.util.test.junit.AutoTests" name="[22] /home/travis/build/icyphy/ptII/ptolemy/actor/lib/hoc/test/auto/DFTSubSetTest.xml (RunModel)" time="0.261" />
  <testcase classname="ptolemy.util.test.junit.AutoTests" name="[23] /home/travis/build/icyphy/ptII/ptolemy/actor/lib/hoc/test/auto/HocDE.xml (RunModel)" time="0.195" />
  <testcase classname="ptolemy.util.test.junit.AutoTests" name="[24] /home/travis/build/icyphy/ptII/ptolemy/actor/lib/hoc/test/auto/IterateOverArray.xml (RunModel)" time="0.035" />
  <testcase classname="ptolemy.util.test.junit.AutoTests" name="[25] /home/travis/build/icyphy/ptII/ptolemy/actor/lib/hoc/test/auto/IterateOverArray10.xml (RunModel)" time="0.02" />
  <testcase classname="ptolemy.util.test.junit.AutoTests" name="[26] /home/travis/build/icyphy/ptII/ptolemy/actor/lib/hoc/test/auto/IterateOverArray11.xml (RunModel)" time="0.027" />
  <testcase classname="ptolemy.util.test.junit.AutoTests" name="[27] /home/travis/build/icyphy/ptII/ptolemy/actor/lib/hoc/test/auto/IterateOverArray12.xml (RunModel)" time="0.032" />
  <testcase classname="ptolemy.util.test.junit.AutoTests" name="[28] /home/travis/build/icyphy/ptII/ptolemy/actor/lib/hoc/test/auto/IterateOverArray13.xml (RunModel)" time="0.122" />
  <testcase classname="ptolemy.util.test.junit.AutoTests" name="[29] /home/travis/build/icyphy/ptII/ptolemy/actor/lib/hoc/test/auto/IterateOverArray14.xml (RunModel)" time="0.166" />
  <testcase classname="ptolemy.util.test.junit.AutoTests" name="[30] /home/travis/build/icyphy/ptII/ptolemy/actor/lib/hoc/test/auto/IterateOverArray2.xml (RunModel)" time="0.034" />
  <testcase classname="ptolemy.util.test.junit.AutoTests" name="[31] /home/travis/build/icyphy/ptII/ptolemy/actor/lib/hoc/test/auto/IterateOverArray3.xml (RunModel)" time="0.044" />
  <testcase classname="ptolemy.util.test.junit.AutoTests" name="[32] /home/travis/build/icyphy/ptII/ptolemy/actor/lib/hoc/test/auto/IterateOverArray4.xml (RunModel)" time="0.021" />
  <testcase classname="ptolemy.util.test.junit.AutoTests" name="[33] /home/travis/build/icyphy/ptII/ptolemy/actor/lib/hoc/test/auto/IterateOverArray5.xml (RunModel)" time="0.019" />
  <testcase classname="ptolemy.util.test.junit.AutoTests" name="[34] /home/travis/build/icyphy/ptII/ptolemy/actor/lib/hoc/test/auto/IterateOverArray6.xml (RunModel)" time="0.014" />
  <testcase classname="ptolemy.util.test.junit.AutoTests" name="[35] /home/travis/build/icyphy/ptII/ptolemy/actor/lib/hoc/test/auto/IterateOverArray7.xml (RunModel)" time="0.032" />
  <testcase classname="ptolemy.util.test.junit.AutoTests" name="[36] /home/travis/build/icyphy/ptII/ptolemy/actor/lib/hoc/test/auto/IterateOverArray8.xml (RunModel)" time="0.023" />
  <testcase classname="ptolemy.util.test.junit.AutoTests" name="[37] /home/travis/build/icyphy/ptII/ptolemy/actor/lib/hoc/test/auto/IterateOverArray9.xml (RunModel)" time="0.033" />
  <testcase classname="ptolemy.util.test.junit.AutoTests" name="[38] /home/travis/build/icyphy/ptII/ptolemy/actor/lib/hoc/test/auto/IterateOverArrayCoercedOutputType.xml (RunModel)" time="0.032" />
  <testcase classname="ptolemy.util.test.junit.AutoTests" name="[39] /home/travis/build/icyphy/ptII/ptolemy/actor/lib/hoc/test/auto/IterateOverArrayInferredOutputType.xml (RunModel)" time="0.03" />
  <testcase classname="ptolemy.util.test.junit.AutoTests" name="[40] /home/travis/build/icyphy/ptII/ptolemy/actor/lib/hoc/test/auto/MobileFunctionTest.xml (RunModel)" time="0.026" />
  <testcase classname="ptolemy.util.test.junit.AutoTests" name="[41] /home/travis/build/icyphy/ptII/ptolemy/actor/lib/hoc/test/auto/MobileModelTest.xml (RunModel)" time="0.198" />
  <testcase classname="ptolemy.util.test.junit.AutoTests" name="[42] /home/travis/build/icyphy/ptII/ptolemy/actor/lib/hoc/test/auto/ModelReference.xml (RunModel)" time="0.051" />
  <testcase classname="ptolemy.util.test.junit.AutoTests" name="[43] /home/travis/build/icyphy/ptII/ptolemy/actor/lib/hoc/test/auto/ModelReference3.xml (RunModel)" time="0.039" />
  <testcase classname="ptolemy.util.test.junit.AutoTests" name="[44] /home/travis/build/icyphy/ptII/ptolemy/actor/lib/hoc/test/auto/ModelReference4.xml (RunModel)" time="10.026" />
  <testcase classname="ptolemy.util.test.junit.AutoTests" name="[45] /home/travis/build/icyphy/ptII/ptolemy/actor/lib/hoc/test/auto/MultiInstanceComposite.xml (RunModel)" time="0.051" />
  <testcase classname="ptolemy.util.test.junit.AutoTests" name="[46] /home/travis/build/icyphy/ptII/ptolemy/actor/lib/hoc/test/auto/MultiInstanceComposite2.xml (RunModel)" time="0.04" />
  <testcase classname="ptolemy.util.test.junit.AutoTests" name="[47] /home/travis/build/icyphy/ptII/ptolemy/actor/lib/hoc/test/auto/MulticoreExecution.xml (RunModel)" time="1.101" />
  <testcase classname="ptolemy.util.test.junit.AutoTests" name="[48] /home/travis/build/icyphy/ptII/ptolemy/actor/lib/hoc/test/auto/ParallelExecution.xml (RunModel)" time="0.929" />
  <testcase classname="ptolemy.util.test.junit.AutoTests" name="[49] /home/travis/build/icyphy/ptII/ptolemy/actor/lib/hoc/test/auto/RunCompositeActor.xml (RunModel)" time="0.026" />
  <testcase classname="ptolemy.util.test.junit.AutoTests" name="[50] /home/travis/build/icyphy/ptII/ptolemy/actor/lib/hoc/test/auto/RunCompositeActor2.xml (RunModel)" time="0.022" />
  <testcase classname="ptolemy.util.test.junit.AutoTests" name="[51] /home/travis/build/icyphy/ptII/ptolemy/actor/lib/hoc/test/auto/RunCompositeActor3.xml (RunModel)" time="0.023" />
  <testcase classname="ptolemy.util.test.junit.AutoTests" name="[52] /home/travis/build/icyphy/ptII/ptolemy/actor/lib/hoc/test/auto/RunCompositeActor4.xml (RunModel)" time="0.044" />
  <testcase classname="ptolemy.util.test.junit.AutoTests" name="[53] /home/travis/build/icyphy/ptII/ptolemy/actor/lib/hoc/test/auto/RunCompositeIterateOverArray.xml (RunModel)" time="0.025" />
  <testcase classname="ptolemy.util.test.junit.AutoTests" name="[54] /home/travis/build/icyphy/ptII/ptolemy/actor/lib/hoc/test/auto/ThreadedJS.xml (RunModel)" time="11.397" />
  <system-out><![CDATA[/home/travis/build/icyphy/ptII/ptolemy/actor/lib/hoc/test/IterateOverArray.tcl
testDefs.tcl: setting time out to 9000 seconds at Sun Sep 15 05:42:17 UTC 2019
09/15/19 05:42:17
Failed: 0  Total Tests: 2  ((Passed: 2, Newly Passed: 0)  Known Failed: 0) /home/travis/build/icyphy/ptII/ptolemy/actor/lib/hoc/test
----------------- testing (KnownFailure) /home/travis/build/icyphy/ptII/ptolemy/actor/lib/hoc/test/auto/knownFailedTests/PreinitializeMustBeInvokedRunComposite.xml
88 ms. Memory: 120832K Free: 79814K (66%)
Known Failure: java.lang.reflect.InvocationTargetException
No auto/linux-amd64/*.xml tests in /home/travis/build/icyphy/ptII/ptolemy/actor/lib/hoc/test
AutoTests.java: About to close Vertx.
AutoTests.java: Vertx closed.

===========================================================================================
----------------- testing Sun Sep 15 05:42:18 UTC 2019 /home/travis/build/icyphy/ptII/ptolemy/actor/lib/hoc/test/auto/AllToAllMultiInstanceComposite.xml
----------------- Instantiating /home/travis/build/icyphy/ptII/ptolemy/actor/lib/hoc/test/auto/AllToAllMultiInstanceComposite.xml
241 ms. Memory: 120832K Free: 90511K (75%)
----------------- Invoking toplevel() on ptolemy.moml.MoMLSimpleApplication@466694d8
----------------- Done invoking toplevel() on ptolemy.moml.MoMLSimpleApplication@466694d8
reloadAllAccessors: .AllToAllMultiInstanceComposite

===========================================================================================
----------------- testing Sun Sep 15 05:42:19 UTC 2019 /home/travis/build/icyphy/ptII/ptolemy/actor/lib/hoc/test/auto/ApplyFFTTest.xml
----------------- Instantiating /home/travis/build/icyphy/ptII/ptolemy/actor/lib/hoc/test/auto/ApplyFFTTest.xml
132 ms. Memory: 120832K Free: 93241K (77%)
----------------- Invoking toplevel() on ptolemy.moml.MoMLSimpleApplication@26b0043f
----------------- Done invoking toplevel() on ptolemy.moml.MoMLSimpleApplication@26b0043f
reloadAllAccessors: .ApplyFFTTest

===========================================================================================
----------------- testing Sun Sep 15 05:42:19 UTC 2019 /home/travis/build/icyphy/ptII/ptolemy/actor/lib/hoc/test/auto/ApplyFunction.xml
----------------- Instantiating /home/travis/build/icyphy/ptII/ptolemy/actor/lib/hoc/test/auto/ApplyFunction.xml
4 ms. Memory: 120832K Free: 89860K (74%)
----------------- Invoking toplevel() on ptolemy.moml.MoMLSimpleApplication@401c6f80
----------------- Done invoking toplevel() on ptolemy.moml.MoMLSimpleApplication@401c6f80
reloadAllAccessors: .ApplyFunction

===========================================================================================
----------------- testing Sun Sep 15 05:42:19 UTC 2019 /home/travis/build/icyphy/ptII/ptolemy/actor/lib/hoc/test/auto/BackgroundExecution.xml
----------------- Instantiating /home/travis/build/icyphy/ptII/ptolemy/actor/lib/hoc/test/auto/BackgroundExecution.xml
635 ms. Memory: 120832K Free: 82530K (68%)
----------------- Invoking toplevel() on ptolemy.moml.MoMLSimpleApplication@2c3d8912
----------------- Done invoking toplevel() on ptolemy.moml.MoMLSimpleApplication@2c3d8912
reloadAllAccessors: .BackgroundExecution

===========================================================================================
----------------- testing Sun Sep 15 05:42:20 UTC 2019 /home/travis/build/icyphy/ptII/ptolemy/actor/lib/hoc/test/auto/Case.xml
----------------- Instantiating /home/travis/build/icyphy/ptII/ptolemy/actor/lib/hoc/test/auto/Case.xml
16 ms. Memory: 120832K Free: 75340K (62%)
----------------- Invoking toplevel() on ptolemy.moml.MoMLSimpleApplication@563021c5
----------------- Done invoking toplevel() on ptolemy.moml.MoMLSimpleApplication@563021c5
reloadAllAccessors: .Case

===========================================================================================
----------------- testing Sun Sep 15 05:42:20 UTC 2019 /home/travis/build/icyphy/ptII/ptolemy/actor/lib/hoc/test/auto/Case1.xml
----------------- Instantiating /home/travis/build/icyphy/ptII/ptolemy/actor/lib/hoc/test/auto/Case1.xml
11 ms. Memory: 149504K Free: 132216K (88%)
----------------- Invoking toplevel() on ptolemy.moml.MoMLSimpleApplication@64da1563
----------------- Done invoking toplevel() on ptolemy.moml.MoMLSimpleApplication@64da1563
reloadAllAccessors: .Case1

===========================================================================================
----------------- testing Sun Sep 15 05:42:20 UTC 2019 /home/travis/build/icyphy/ptII/ptolemy/actor/lib/hoc/test/auto/Case2.xml
----------------- Instantiating /home/travis/build/icyphy/ptII/ptolemy/actor/lib/hoc/test/auto/Case2.xml
43 ms. Memory: 149504K Free: 121660K (81%)
----------------- Invoking toplevel() on ptolemy.moml.MoMLSimpleApplication@610ac000
----------------- Done invoking toplevel() on ptolemy.moml.MoMLSimpleApplication@610ac000
reloadAllAccessors: .Case2

===========================================================================================
----------------- testing Sun Sep 15 05:42:20 UTC 2019 /home/travis/build/icyphy/ptII/ptolemy/actor/lib/hoc/test/auto/Case3.xml
----------------- Instantiating /home/travis/build/icyphy/ptII/ptolemy/actor/lib/hoc/test/auto/Case3.xml
7 ms. Memory: 149504K Free: 115494K (77%)
----------------- Invoking toplevel() on ptolemy.moml.MoMLSimpleApplication@132a4664
----------------- Done invoking toplevel() on ptolemy.moml.MoMLSimpleApplication@132a4664
reloadAllAccessors: .Case3

===========================================================================================
----------------- testing Sun Sep 15 05:42:20 UTC 2019 /home/travis/build/icyphy/ptII/ptolemy/actor/lib/hoc/test/auto/Case4.xml
----------------- Instantiating /home/travis/build/icyphy/ptII/ptolemy/actor/lib/hoc/test/auto/Case4.xml
14 ms. Memory: 149504K Free: 108018K (72%)
----------------- Invoking toplevel() on ptolemy.moml.MoMLSimpleApplication@2737512e
----------------- Done invoking toplevel() on ptolemy.moml.MoMLSimpleApplication@2737512e
reloadAllAccessors: .Case4

===========================================================================================
----------------- testing Sun Sep 15 05:42:20 UTC 2019 /home/travis/build/icyphy/ptII/ptolemy/actor/lib/hoc/test/auto/Case5.xml
----------------- Instantiating /home/travis/build/icyphy/ptII/ptolemy/actor/lib/hoc/test/auto/Case5.xml
48 ms. Memory: 149504K Free: 101562K (68%)
----------------- Invoking toplevel() on ptolemy.moml.MoMLSimpleApplication@7f4ae292
----------------- Done invoking toplevel() on ptolemy.moml.MoMLSimpleApplication@7f4ae292
reloadAllAccessors: .junk

===========================================================================================
----------------- testing Sun Sep 15 05:42:20 UTC 2019 /home/travis/build/icyphy/ptII/ptolemy/actor/lib/hoc/test/auto/Case6.xml
----------------- Instantiating /home/travis/build/icyphy/ptII/ptolemy/actor/lib/hoc/test/auto/Case6.xml
25 ms. Memory: 149504K Free: 90312K (60%)
----------------- Invoking toplevel() on ptolemy.moml.MoMLSimpleApplication@38a7bdc9
----------------- Done invoking toplevel() on ptolemy.moml.MoMLSimpleApplication@38a7bdc9
reloadAllAccessors: .Case6

===========================================================================================
----------------- testing Sun Sep 15 05:42:20 UTC 2019 /home/travis/build/icyphy/ptII/ptolemy/actor/lib/hoc/test/auto/CaseString2.xml
----------------- Instantiating /home/travis/build/icyphy/ptII/ptolemy/actor/lib/hoc/test/auto/CaseString2.xml
19 ms. Memory: 149504K Free: 129782K (87%)
----------------- Invoking toplevel() on ptolemy.moml.MoMLSimpleApplication@4d10610e
----------------- Done invoking toplevel() on ptolemy.moml.MoMLSimpleApplication@4d10610e
reloadAllAccessors: .CaseString2

===========================================================================================
----------------- testing Sun Sep 15 05:42:20 UTC 2019 /home/travis/build/icyphy/ptII/ptolemy/actor/lib/hoc/test/auto/CatchUpComposite1.xml
----------------- Instantiating /home/travis/build/icyphy/ptII/ptolemy/actor/lib/hoc/test/auto/CatchUpComposite1.xml
31 ms. Memory: 149504K Free: 120637K (81%)
----------------- Invoking toplevel() on ptolemy.moml.MoMLSimpleApplication@38d44507
----------------- Done invoking toplevel() on ptolemy.moml.MoMLSimpleApplication@38d44507
reloadAllAccessors: .CatchUpComposite1

===========================================================================================
----------------- testing Sun Sep 15 05:42:20 UTC 2019 /home/travis/build/icyphy/ptII/ptolemy/actor/lib/hoc/test/auto/CatchUpComposite2.xml
----------------- Instantiating /home/travis/build/icyphy/ptII/ptolemy/actor/lib/hoc/test/auto/CatchUpComposite2.xml
15 ms. Memory: 149504K Free: 112445K (75%)
----------------- Invoking toplevel() on ptolemy.moml.MoMLSimpleApplication@68ff9c78
----------------- Done invoking toplevel() on ptolemy.moml.MoMLSimpleApplication@68ff9c78
reloadAllAccessors: .CatchUpComposite2

===========================================================================================
----------------- testing Sun Sep 15 05:42:20 UTC 2019 /home/travis/build/icyphy/ptII/ptolemy/actor/lib/hoc/test/auto/CatchUpComposite3.xml
----------------- Instantiating /home/travis/build/icyphy/ptII/ptolemy/actor/lib/hoc/test/auto/CatchUpComposite3.xml
20 ms. Memory: 149504K Free: 103641K (69%)
----------------- Invoking toplevel() on ptolemy.moml.MoMLSimpleApplication@fb96fbf
----------------- Done invoking toplevel() on ptolemy.moml.MoMLSimpleApplication@fb96fbf
reloadAllAccessors: .CatchUpComposite3

===========================================================================================
----------------- testing Sun Sep 15 05:42:20 UTC 2019 /home/travis/build/icyphy/ptII/ptolemy/actor/lib/hoc/test/auto/CatchUpComposite4.xml
----------------- Instantiating /home/travis/build/icyphy/ptII/ptolemy/actor/lib/hoc/test/auto/CatchUpComposite4.xml
9 ms. Memory: 149504K Free: 95574K (64%)
----------------- Invoking toplevel() on ptolemy.moml.MoMLSimpleApplication@533823d2
----------------- Done invoking toplevel() on ptolemy.moml.MoMLSimpleApplication@533823d2
reloadAllAccessors: .CatchUpComposite4

===========================================================================================
----------------- testing Sun Sep 15 05:42:21 UTC 2019 /home/travis/build/icyphy/ptII/ptolemy/actor/lib/hoc/test/auto/CatchUpComposite5.xml
----------------- Instantiating /home/travis/build/icyphy/ptII/ptolemy/actor/lib/hoc/test/auto/CatchUpComposite5.xml
10 ms. Memory: 149504K Free: 88281K (59%)
----------------- Invoking toplevel() on ptolemy.moml.MoMLSimpleApplication@1c242a9a
----------------- Done invoking toplevel() on ptolemy.moml.MoMLSimpleApplication@1c242a9a
reloadAllAccessors: .CatchUpComposite5

===========================================================================================
----------------- testing Sun Sep 15 05:42:21 UTC 2019 /home/travis/build/icyphy/ptII/ptolemy/actor/lib/hoc/test/auto/CatchUpComposite6.xml
----------------- Instantiating /home/travis/build/icyphy/ptII/ptolemy/actor/lib/hoc/test/auto/CatchUpComposite6.xml
WARNING: The execution aspects in this model can influence the timing of actors by delaying the 
execution, potentially changing the behavior. There is no guarantee that actors fire at the 
time they request to be fired. 
Use Ptides for deterministic DE behavior that is not influenced by execution aspects. 

101 ms. Memory: 149504K Free: 133825K (90%)
----------------- Invoking toplevel() on ptolemy.moml.MoMLSimpleApplication@584816d9
----------------- Done invoking toplevel() on ptolemy.moml.MoMLSimpleApplication@584816d9
reloadAllAccessors: .CatchUpComposite6

===========================================================================================
----------------- testing Sun Sep 15 05:42:21 UTC 2019 /home/travis/build/icyphy/ptII/ptolemy/actor/lib/hoc/test/auto/CatchUpComposite7.xml
----------------- Instantiating /home/travis/build/icyphy/ptII/ptolemy/actor/lib/hoc/test/auto/CatchUpComposite7.xml
WARNING: The execution aspects in this model can influence the timing of actors by delaying the 
execution, potentially changing the behavior. There is no guarantee that actors fire at the 
time they request to be fired. 
Use Ptides for deterministic DE behavior that is not influenced by execution aspects. 

33 ms. Memory: 149504K Free: 119272K (80%)
----------------- Invoking toplevel() on ptolemy.moml.MoMLSimpleApplication@260bb3ad
----------------- Done invoking toplevel() on ptolemy.moml.MoMLSimpleApplication@260bb3ad
reloadAllAccessors: .CatchUpComposite7

===========================================================================================
----------------- testing Sun Sep 15 05:42:21 UTC 2019 /home/travis/build/icyphy/ptII/ptolemy/actor/lib/hoc/test/auto/ConcurrentExecutionTimeSDF.xml
----------------- Instantiating /home/travis/build/icyphy/ptII/ptolemy/actor/lib/hoc/test/auto/ConcurrentExecutionTimeSDF.xml
Fired ExecutionTime: 40400000
Fired ExecutionTime: 40400000
Fired ExecutionTime: 40400000
Fired ExecutionTime: 40400000
Fired ExecutionTime: 40400000
Fired ExecutionTime: 40400000
Fired ExecutionTime: 40400000
Fired ExecutionTime: 40400000
Fired ExecutionTime: 40400000
Fired ExecutionTime: 40400000
Fired ExecutionTime: 40400000
Fired ExecutionTime: 40400000
Fired ExecutionTime: 40400000
Fired ExecutionTime: 40400000
Fired ExecutionTime: 40400000
Fired ExecutionTime: 40400000
Fired ExecutionTime: 40400000
Fired ExecutionTime: 40400000
Fired ExecutionTime: 40400000
Fired ExecutionTime: 40400000
1112 ms. Memory: 149504K Free: 112577K (75%)
----------------- Invoking toplevel() on ptolemy.moml.MoMLSimpleApplication@ee292d
----------------- Done invoking toplevel() on ptolemy.moml.MoMLSimpleApplication@ee292d
reloadAllAccessors: .ConcurrentExecutionTimeSDF

===========================================================================================
----------------- testing Sun Sep 15 05:42:22 UTC 2019 /home/travis/build/icyphy/ptII/ptolemy/actor/lib/hoc/test/auto/ConcurrentSleep.xml
----------------- Instantiating /home/travis/build/icyphy/ptII/ptolemy/actor/lib/hoc/test/auto/ConcurrentSleep.xml
725 ms. Memory: 149504K Free: 102337K (68%)
----------------- Invoking toplevel() on ptolemy.moml.MoMLSimpleApplication@5ae44dfe
----------------- Done invoking toplevel() on ptolemy.moml.MoMLSimpleApplication@5ae44dfe
reloadAllAccessors: .ConcurrentSleep

===========================================================================================
----------------- testing Sun Sep 15 05:42:23 UTC 2019 /home/travis/build/icyphy/ptII/ptolemy/actor/lib/hoc/test/auto/DEInPNInRunCompositeActor.xml
----------------- Instantiating /home/travis/build/icyphy/ptII/ptolemy/actor/lib/hoc/test/auto/DEInPNInRunCompositeActor.xml
13 ms. Memory: 149504K Free: 96243K (64%)
----------------- Invoking toplevel() on ptolemy.moml.MoMLSimpleApplication@7350e9e4
----------------- Done invoking toplevel() on ptolemy.moml.MoMLSimpleApplication@7350e9e4
reloadAllAccessors: .DEInPNInRunCompositeActor

===========================================================================================
----------------- testing Sun Sep 15 05:42:23 UTC 2019 /home/travis/build/icyphy/ptII/ptolemy/actor/lib/hoc/test/auto/DFTSubSetTest.xml
----------------- Instantiating /home/travis/build/icyphy/ptII/ptolemy/actor/lib/hoc/test/auto/DFTSubSetTest.xml
177 ms. Memory: 149504K Free: 123046K (82%)
----------------- Invoking toplevel() on ptolemy.moml.MoMLSimpleApplication@3e3712ff
----------------- Done invoking toplevel() on ptolemy.moml.MoMLSimpleApplication@3e3712ff
reloadAllAccessors: .DFTSubSetTest

===========================================================================================
----------------- testing Sun Sep 15 05:42:23 UTC 2019 /home/travis/build/icyphy/ptII/ptolemy/actor/lib/hoc/test/auto/HocDE.xml
----------------- Instantiating /home/travis/build/icyphy/ptII/ptolemy/actor/lib/hoc/test/auto/HocDE.xml
138 ms. Memory: 149504K Free: 97565K (65%)
----------------- Invoking toplevel() on ptolemy.moml.MoMLSimpleApplication@7e83601b
----------------- Done invoking toplevel() on ptolemy.moml.MoMLSimpleApplication@7e83601b
reloadAllAccessors: .HocDE

===========================================================================================
----------------- testing Sun Sep 15 05:42:23 UTC 2019 /home/travis/build/icyphy/ptII/ptolemy/actor/lib/hoc/test/auto/IterateOverArray.xml
----------------- Instantiating /home/travis/build/icyphy/ptII/ptolemy/actor/lib/hoc/test/auto/IterateOverArray.xml
6 ms. Memory: 149504K Free: 93399K (62%)
----------------- Invoking toplevel() on ptolemy.moml.MoMLSimpleApplication@75375765
----------------- Done invoking toplevel() on ptolemy.moml.MoMLSimpleApplication@75375765
reloadAllAccessors: .IterateOverArray

===========================================================================================
----------------- testing Sun Sep 15 05:42:23 UTC 2019 /home/travis/build/icyphy/ptII/ptolemy/actor/lib/hoc/test/auto/IterateOverArray10.xml
----------------- Instantiating /home/travis/build/icyphy/ptII/ptolemy/actor/lib/hoc/test/auto/IterateOverArray10.xml
4 ms. Memory: 149504K Free: 90215K (60%)
----------------- Invoking toplevel() on ptolemy.moml.MoMLSimpleApplication@1b8bbdfb
----------------- Done invoking toplevel() on ptolemy.moml.MoMLSimpleApplication@1b8bbdfb
reloadAllAccessors: .IterateOverArray10

===========================================================================================
----------------- testing Sun Sep 15 05:42:23 UTC 2019 /home/travis/build/icyphy/ptII/ptolemy/actor/lib/hoc/test/auto/IterateOverArray11.xml
----------------- Instantiating /home/travis/build/icyphy/ptII/ptolemy/actor/lib/hoc/test/auto/IterateOverArray11.xml
6 ms. Memory: 149504K Free: 86301K (58%)
----------------- Invoking toplevel() on ptolemy.moml.MoMLSimpleApplication@4c3d00de
----------------- Done invoking toplevel() on ptolemy.moml.MoMLSimpleApplication@4c3d00de
reloadAllAccessors: .IterateOverArray11

===========================================================================================
----------------- testing Sun Sep 15 05:42:23 UTC 2019 /home/travis/build/icyphy/ptII/ptolemy/actor/lib/hoc/test/auto/IterateOverArray12.xml
----------------- Instantiating /home/travis/build/icyphy/ptII/ptolemy/actor/lib/hoc/test/auto/IterateOverArray12.xml
16 ms. Memory: 149504K Free: 80135K (54%)
----------------- Invoking toplevel() on ptolemy.moml.MoMLSimpleApplication@6d6df8f
----------------- Done invoking toplevel() on ptolemy.moml.MoMLSimpleApplication@6d6df8f
reloadAllAccessors: .IterateOverArray12

===========================================================================================
----------------- testing Sun Sep 15 05:42:23 UTC 2019 /home/travis/build/icyphy/ptII/ptolemy/actor/lib/hoc/test/auto/IterateOverArray13.xml
----------------- Instantiating /home/travis/build/icyphy/ptII/ptolemy/actor/lib/hoc/test/auto/IterateOverArray13.xml
56 ms. Memory: 149504K Free: 54557K (36%)
----------------- Invoking toplevel() on ptolemy.moml.MoMLSimpleApplication@3d5d1873
----------------- Done invoking toplevel() on ptolemy.moml.MoMLSimpleApplication@3d5d1873
reloadAllAccessors: .IterateOverArray13

===========================================================================================
----------------- testing Sun Sep 15 05:42:23 UTC 2019 /home/travis/build/icyphy/ptII/ptolemy/actor/lib/hoc/test/auto/IterateOverArray14.xml
----------------- Instantiating /home/travis/build/icyphy/ptII/ptolemy/actor/lib/hoc/test/auto/IterateOverArray14.xml
78 ms. Memory: 149504K Free: 104827K (70%)
----------------- Invoking toplevel() on ptolemy.moml.MoMLSimpleApplication@7b3ae3d0
----------------- Done invoking toplevel() on ptolemy.moml.MoMLSimpleApplication@7b3ae3d0
reloadAllAccessors: .IterateOverArray14

===========================================================================================
----------------- testing Sun Sep 15 05:42:24 UTC 2019 /home/travis/build/icyphy/ptII/ptolemy/actor/lib/hoc/test/auto/IterateOverArray2.xml
----------------- Instantiating /home/travis/build/icyphy/ptII/ptolemy/actor/lib/hoc/test/auto/IterateOverArray2.xml
13 ms. Memory: 149504K Free: 100137K (67%)
----------------- Invoking toplevel() on ptolemy.moml.MoMLSimpleApplication@3e501c46
----------------- Done invoking toplevel() on ptolemy.moml.MoMLSimpleApplication@3e501c46
reloadAllAccessors: .IterateOverArray2

===========================================================================================
----------------- testing Sun Sep 15 05:42:24 UTC 2019 /home/travis/build/icyphy/ptII/ptolemy/actor/lib/hoc/test/auto/IterateOverArray3.xml
----------------- Instantiating /home/travis/build/icyphy/ptII/ptolemy/actor/lib/hoc/test/auto/IterateOverArray3.xml
18 ms. Memory: 149504K Free: 94425K (63%)
----------------- Invoking toplevel() on ptolemy.moml.MoMLSimpleApplication@22f4e5f2
----------------- Done invoking toplevel() on ptolemy.moml.MoMLSimpleApplication@22f4e5f2
reloadAllAccessors: .IterateOverArray3

===========================================================================================
----------------- testing Sun Sep 15 05:42:24 UTC 2019 /home/travis/build/icyphy/ptII/ptolemy/actor/lib/hoc/test/auto/IterateOverArray4.xml
----------------- Instantiating /home/travis/build/icyphy/ptII/ptolemy/actor/lib/hoc/test/auto/IterateOverArray4.xml
4 ms. Memory: 149504K Free: 90491K (61%)
----------------- Invoking toplevel() on ptolemy.moml.MoMLSimpleApplication@1793670c
----------------- Done invoking toplevel() on ptolemy.moml.MoMLSimpleApplication@1793670c
reloadAllAccessors: .IterateOverArray4

===========================================================================================
----------------- testing Sun Sep 15 05:42:24 UTC 2019 /home/travis/build/icyphy/ptII/ptolemy/actor/lib/hoc/test/auto/IterateOverArray5.xml
----------------- Instantiating /home/travis/build/icyphy/ptII/ptolemy/actor/lib/hoc/test/auto/IterateOverArray5.xml
3 ms. Memory: 149504K Free: 86825K (58%)
----------------- Invoking toplevel() on ptolemy.moml.MoMLSimpleApplication@2016bbb0
----------------- Done invoking toplevel() on ptolemy.moml.MoMLSimpleApplication@2016bbb0
reloadAllAccessors: .IterateOverArray5

===========================================================================================
----------------- testing Sun Sep 15 05:42:24 UTC 2019 /home/travis/build/icyphy/ptII/ptolemy/actor/lib/hoc/test/auto/IterateOverArray6.xml
----------------- Instantiating /home/travis/build/icyphy/ptII/ptolemy/actor/lib/hoc/test/auto/IterateOverArray6.xml
3 ms. Memory: 149504K Free: 82699K (55%)
----------------- Invoking toplevel() on ptolemy.moml.MoMLSimpleApplication@7c298cff
----------------- Done invoking toplevel() on ptolemy.moml.MoMLSimpleApplication@7c298cff
reloadAllAccessors: .IterateOverArray6

===========================================================================================
----------------- testing Sun Sep 15 05:42:24 UTC 2019 /home/travis/build/icyphy/ptII/ptolemy/actor/lib/hoc/test/auto/IterateOverArray7.xml
----------------- Instantiating /home/travis/build/icyphy/ptII/ptolemy/actor/lib/hoc/test/auto/IterateOverArray7.xml
4 ms. Memory: 149504K Free: 78202K (52%)
----------------- Invoking toplevel() on ptolemy.moml.MoMLSimpleApplication@3b055930
----------------- Done invoking toplevel() on ptolemy.moml.MoMLSimpleApplication@3b055930
reloadAllAccessors: .IterateOverArray7

===========================================================================================
----------------- testing Sun Sep 15 05:42:24 UTC 2019 /home/travis/build/icyphy/ptII/ptolemy/actor/lib/hoc/test/auto/IterateOverArray8.xml
----------------- Instantiating /home/travis/build/icyphy/ptII/ptolemy/actor/lib/hoc/test/auto/IterateOverArray8.xml
4 ms. Memory: 149504K Free: 74069K (50%)
----------------- Invoking toplevel() on ptolemy.moml.MoMLSimpleApplication@66c42d3a
----------------- Done invoking toplevel() on ptolemy.moml.MoMLSimpleApplication@66c42d3a
reloadAllAccessors: .IterateOverArray8

===========================================================================================
----------------- testing Sun Sep 15 05:42:24 UTC 2019 /home/travis/build/icyphy/ptII/ptolemy/actor/lib/hoc/test/auto/IterateOverArray9.xml
----------------- Instantiating /home/travis/build/icyphy/ptII/ptolemy/actor/lib/hoc/test/auto/IterateOverArray9.xml
11 ms. Memory: 149504K Free: 70010K (47%)
----------------- Invoking toplevel() on ptolemy.moml.MoMLSimpleApplication@1fd29dc8
----------------- Done invoking toplevel() on ptolemy.moml.MoMLSimpleApplication@1fd29dc8
reloadAllAccessors: .IterateOverArray9

===========================================================================================
----------------- testing Sun Sep 15 05:42:24 UTC 2019 /home/travis/build/icyphy/ptII/ptolemy/actor/lib/hoc/test/auto/IterateOverArrayCoercedOutputType.xml
----------------- Instantiating /home/travis/build/icyphy/ptII/ptolemy/actor/lib/hoc/test/auto/IterateOverArrayCoercedOutputType.xml
4 ms. Memory: 149504K Free: 64861K (43%)
----------------- Invoking toplevel() on ptolemy.moml.MoMLSimpleApplication@2461f647
----------------- Done invoking toplevel() on ptolemy.moml.MoMLSimpleApplication@2461f647
reloadAllAccessors: .IterateOverArrayCoercedOutputType

===========================================================================================
----------------- testing Sun Sep 15 05:42:24 UTC 2019 /home/travis/build/icyphy/ptII/ptolemy/actor/lib/hoc/test/auto/IterateOverArrayInferredOutputType.xml
----------------- Instantiating /home/travis/build/icyphy/ptII/ptolemy/actor/lib/hoc/test/auto/IterateOverArrayInferredOutputType.xml
7 ms. Memory: 149504K Free: 60201K (40%)
----------------- Invoking toplevel() on ptolemy.moml.MoMLSimpleApplication@68cf2a70
----------------- Done invoking toplevel() on ptolemy.moml.MoMLSimpleApplication@68cf2a70
reloadAllAccessors: .IterateOverArrayInferredOutputType

===========================================================================================
----------------- testing Sun Sep 15 05:42:24 UTC 2019 /home/travis/build/icyphy/ptII/ptolemy/actor/lib/hoc/test/auto/MobileFunctionTest.xml
----------------- Instantiating /home/travis/build/icyphy/ptII/ptolemy/actor/lib/hoc/test/auto/MobileFunctionTest.xml
6 ms. Memory: 149504K Free: 55613K (37%)
----------------- Invoking toplevel() on ptolemy.moml.MoMLSimpleApplication@6d5fac13
----------------- Done invoking toplevel() on ptolemy.moml.MoMLSimpleApplication@6d5fac13
reloadAllAccessors: .MobileFunctionTest

===========================================================================================
----------------- testing Sun Sep 15 05:42:24 UTC 2019 /home/travis/build/icyphy/ptII/ptolemy/actor/lib/hoc/test/auto/MobileModelTest.xml
----------------- Instantiating /home/travis/build/icyphy/ptII/ptolemy/actor/lib/hoc/test/auto/MobileModelTest.xml
145 ms. Memory: 149504K Free: 121802K (81%)
----------------- Invoking toplevel() on ptolemy.moml.MoMLSimpleApplication@49e58a7f
----------------- Done invoking toplevel() on ptolemy.moml.MoMLSimpleApplication@49e58a7f
reloadAllAccessors: .MobileModelTest

===========================================================================================
----------------- testing Sun Sep 15 05:42:24 UTC 2019 /home/travis/build/icyphy/ptII/ptolemy/actor/lib/hoc/test/auto/ModelReference.xml
----------------- Instantiating /home/travis/build/icyphy/ptII/ptolemy/actor/lib/hoc/test/auto/ModelReference.xml
2 ms. Memory: 149504K Free: 115002K (77%)
2 ms. Memory: 149504K Free: 114454K (77%)
2 ms. Memory: 149504K Free: 113444K (76%)
5 ms. Memory: 149504K Free: 112857K (75%)
1 ms. Memory: 149504K Free: 111931K (75%)
1 ms. Memory: 149504K Free: 110914K (74%)
1 ms. Memory: 149504K Free: 110326K (74%)
1 ms. Memory: 149504K Free: 109348K (73%)
2 ms. Memory: 149504K Free: 108761K (73%)
2 ms. Memory: 149504K Free: 107835K (72%)
26 ms. Memory: 149504K Free: 107835K (72%)
----------------- Invoking toplevel() on ptolemy.moml.MoMLSimpleApplication@36e5d0fa
----------------- Done invoking toplevel() on ptolemy.moml.MoMLSimpleApplication@36e5d0fa
reloadAllAccessors: .ModelReference

===========================================================================================
----------------- testing Sun Sep 15 05:42:24 UTC 2019 /home/travis/build/icyphy/ptII/ptolemy/actor/lib/hoc/test/auto/ModelReference3.xml
----------------- Instantiating /home/travis/build/icyphy/ptII/ptolemy/actor/lib/hoc/test/auto/ModelReference3.xml
2 ms. Memory: 149504K Free: 103204K (69%)
4 ms. Memory: 149504K Free: 102753K (69%)
2 ms. Memory: 149504K Free: 101730K (68%)
3 ms. Memory: 149504K Free: 101134K (68%)
3 ms. Memory: 149504K Free: 100102K (67%)
1 ms. Memory: 149504K Free: 99108K (66%)
2 ms. Memory: 149504K Free: 98649K (66%)
3 ms. Memory: 149504K Free: 97648K (65%)
2 ms. Memory: 149504K Free: 97030K (65%)
2 ms. Memory: 149504K Free: 96006K (64%)
30 ms. Memory: 149504K Free: 96006K (64%)
----------------- Invoking toplevel() on ptolemy.moml.MoMLSimpleApplication@75b96a7b
----------------- Done invoking toplevel() on ptolemy.moml.MoMLSimpleApplication@75b96a7b
reloadAllAccessors: .ModelReference3

===========================================================================================
----------------- testing Sun Sep 15 05:42:24 UTC 2019 /home/travis/build/icyphy/ptII/ptolemy/actor/lib/hoc/test/auto/ModelReference4.xml
----------------- Instantiating /home/travis/build/icyphy/ptII/ptolemy/actor/lib/hoc/test/auto/ModelReference4.xml
5 ms. Memory: 149504K Free: 91474K (61%)
2 ms. Memory: 149504K Free: 89892K (60%)
3 ms. Memory: 149504K Free: 88868K (59%)
3 ms. Memory: 149504K Free: 87814K (59%)
6 ms. Memory: 149504K Free: 86774K (58%)
10 ms. Memory: 149504K Free: 85774K (57%)
2 ms. Memory: 149504K Free: 84299K (56%)
2 ms. Memory: 149504K Free: 83275K (56%)
2 ms. Memory: 149504K Free: 81686K (55%)
4 ms. Memory: 149504K Free: 80662K (54%)
10016 ms. Memory: 149504K Free: 80662K (54%)
----------------- Invoking toplevel() on ptolemy.moml.MoMLSimpleApplication@1769033e
----------------- Done invoking toplevel() on ptolemy.moml.MoMLSimpleApplication@1769033e
reloadAllAccessors: .ModelReference4

===========================================================================================
----------------- testing Sun Sep 15 05:42:34 UTC 2019 /home/travis/build/icyphy/ptII/ptolemy/actor/lib/hoc/test/auto/MultiInstanceComposite.xml
----------------- Instantiating /home/travis/build/icyphy/ptII/ptolemy/actor/lib/hoc/test/auto/MultiInstanceComposite.xml
25 ms. Memory: 149504K Free: 61808K (41%)
----------------- Invoking toplevel() on ptolemy.moml.MoMLSimpleApplication@4f37adbe
----------------- Done invoking toplevel() on ptolemy.moml.MoMLSimpleApplication@4f37adbe
reloadAllAccessors: .MultiInstanceComposite

===========================================================================================
----------------- testing Sun Sep 15 05:42:34 UTC 2019 /home/travis/build/icyphy/ptII/ptolemy/actor/lib/hoc/test/auto/MultiInstanceComposite2.xml
----------------- Instantiating /home/travis/build/icyphy/ptII/ptolemy/actor/lib/hoc/test/auto/MultiInstanceComposite2.xml
16 ms. Memory: 149504K Free: 50515K (34%)
----------------- Invoking toplevel() on ptolemy.moml.MoMLSimpleApplication@50544dab
----------------- Done invoking toplevel() on ptolemy.moml.MoMLSimpleApplication@50544dab
reloadAllAccessors: .MultiInstanceComposite2

===========================================================================================
----------------- testing Sun Sep 15 05:42:34 UTC 2019 /home/travis/build/icyphy/ptII/ptolemy/actor/lib/hoc/test/auto/MulticoreExecution.xml
----------------- Instantiating /home/travis/build/icyphy/ptII/ptolemy/actor/lib/hoc/test/auto/MulticoreExecution.xml
Fired ExecutionTime: 2800000
Fired ExecutionTime: 2800000
Fired ExecutionTime: 18400000
Fired ExecutionTime: 22400000
Fired ExecutionTime: 69600000
Fired ExecutionTime: 76000000
Fired ExecutionTime: 69600000
Fired ExecutionTime: 50800000
Fired ExecutionTime: 62400000
Fired ExecutionTime: 68000000
Fired ExecutionTime: 66800000
Fired ExecutionTime: 66800000
Fired ExecutionTime: 66400000
Fired ExecutionTime: 65200000
Fired ExecutionTime: 66400000
Fired ExecutionTime: 67200000
Fired ExecutionTime: 69600000
Fired ExecutionTime: 71200000
Fired ExecutionTime: 70000000
Fired ExecutionTime: 69600000
1068 ms. Memory: 149504K Free: 129333K (87%)
----------------- Invoking toplevel() on ptolemy.moml.MoMLSimpleApplication@59fc8719
----------------- Done invoking toplevel() on ptolemy.moml.MoMLSimpleApplication@59fc8719
reloadAllAccessors: .MulticoreExecution

===========================================================================================
----------------- testing Sun Sep 15 05:42:35 UTC 2019 /home/travis/build/icyphy/ptII/ptolemy/actor/lib/hoc/test/auto/ParallelExecution.xml
----------------- Instantiating /home/travis/build/icyphy/ptII/ptolemy/actor/lib/hoc/test/auto/ParallelExecution.xml
914 ms. Memory: 149504K Free: 122163K (82%)
----------------- Invoking toplevel() on ptolemy.moml.MoMLSimpleApplication@df6fe7a
----------------- Done invoking toplevel() on ptolemy.moml.MoMLSimpleApplication@df6fe7a
reloadAllAccessors: .ParallelExecution

===========================================================================================
----------------- testing Sun Sep 15 05:42:36 UTC 2019 /home/travis/build/icyphy/ptII/ptolemy/actor/lib/hoc/test/auto/RunCompositeActor.xml
----------------- Instantiating /home/travis/build/icyphy/ptII/ptolemy/actor/lib/hoc/test/auto/RunCompositeActor.xml
9 ms. Memory: 149504K Free: 115132K (77%)
----------------- Invoking toplevel() on ptolemy.moml.MoMLSimpleApplication@7e5df38f
----------------- Done invoking toplevel() on ptolemy.moml.MoMLSimpleApplication@7e5df38f
reloadAllAccessors: .RunCompositeActor

===========================================================================================
----------------- testing Sun Sep 15 05:42:36 UTC 2019 /home/travis/build/icyphy/ptII/ptolemy/actor/lib/hoc/test/auto/RunCompositeActor2.xml
----------------- Instantiating /home/travis/build/icyphy/ptII/ptolemy/actor/lib/hoc/test/auto/RunCompositeActor2.xml
8 ms. Memory: 149504K Free: 108950K (73%)
----------------- Invoking toplevel() on ptolemy.moml.MoMLSimpleApplication@760ee911
----------------- Done invoking toplevel() on ptolemy.moml.MoMLSimpleApplication@760ee911
reloadAllAccessors: .RunCompositeActor2

===========================================================================================
----------------- testing Sun Sep 15 05:42:36 UTC 2019 /home/travis/build/icyphy/ptII/ptolemy/actor/lib/hoc/test/auto/RunCompositeActor3.xml
----------------- Instantiating /home/travis/build/icyphy/ptII/ptolemy/actor/lib/hoc/test/auto/RunCompositeActor3.xml
7 ms. Memory: 149504K Free: 103296K (69%)
----------------- Invoking toplevel() on ptolemy.moml.MoMLSimpleApplication@1db03660
----------------- Done invoking toplevel() on ptolemy.moml.MoMLSimpleApplication@1db03660
reloadAllAccessors: .RunCompositeActor3

===========================================================================================
----------------- testing Sun Sep 15 05:42:36 UTC 2019 /home/travis/build/icyphy/ptII/ptolemy/actor/lib/hoc/test/auto/RunCompositeActor4.xml
----------------- Instantiating /home/travis/build/icyphy/ptII/ptolemy/actor/lib/hoc/test/auto/RunCompositeActor4.xml
11 ms. Memory: 149504K Free: 95104K (64%)
----------------- Invoking toplevel() on ptolemy.moml.MoMLSimpleApplication@3de79524
----------------- Done invoking toplevel() on ptolemy.moml.MoMLSimpleApplication@3de79524
reloadAllAccessors: .RunCompositeActor4

===========================================================================================
----------------- testing Sun Sep 15 05:42:37 UTC 2019 /home/travis/build/icyphy/ptII/ptolemy/actor/lib/hoc/test/auto/RunCompositeIterateOverArray.xml
----------------- Instantiating /home/travis/build/icyphy/ptII/ptolemy/actor/lib/hoc/test/auto/RunCompositeIterateOverArray.xml
5 ms. Memory: 149504K Free: 89470K (60%)
----------------- Invoking toplevel() on ptolemy.moml.MoMLSimpleApplication@6c7e29cc
----------------- Done invoking toplevel() on ptolemy.moml.MoMLSimpleApplication@6c7e29cc
reloadAllAccessors: .RunCompositeIterateOverArray

===========================================================================================
----------------- testing Sun Sep 15 05:42:37 UTC 2019 /home/travis/build/icyphy/ptII/ptolemy/actor/lib/hoc/test/auto/ThreadedJS.xml
----------------- Instantiating /home/travis/build/icyphy/ptII/ptolemy/actor/lib/hoc/test/auto/ThreadedJS.xml
5287 ms. Memory: 217088K Free: 79665K (37%)
----------------- Invoking toplevel() on ptolemy.moml.MoMLSimpleApplication@1722b57f
----------------- Done invoking toplevel() on ptolemy.moml.MoMLSimpleApplication@1722b57f
reloadAllAccessors: .ThreadedJS
AutoTests.java: About to close Vertx.
AutoTests.java: Vertx closed.
]]></system-out>
  <system-err><![CDATA[java.lang.RuntimeException: Execution failed
	at ptolemy.moml.MoMLSimpleApplication$UnloadThread.run(MoMLSimpleApplication.java:402)
Caused by: ptolemy.kernel.util.IllegalActionException: initialize() was called after wrapup() was called but preinitialize() was not called after wrapup().
	at ptolemy.actor.lib.hoc.test.PreinitializeMustBeInvoked.initialize(PreinitializeMustBeInvoked.java:78)
	at ptolemy.actor.Director.initialize(Director.java:938)
	at ptolemy.actor.Director.initialize(Director.java:907)
	at ptolemy.actor.sched.StaticSchedulingDirector.initialize(StaticSchedulingDirector.java:159)
	at ptolemy.domains.sdf.kernel.SDFDirector.initialize(SDFDirector.java:544)
	at ptolemy.actor.CompositeActor.initialize(CompositeActor.java:935)
	at ptolemy.actor.lib.hoc.LifeCycleManager._executeInsideModel(LifeCycleManager.java:339)
	at ptolemy.actor.lib.hoc.RunCompositeActor.fire(RunCompositeActor.java:205)
	at ptolemy.actor.CompositeActor.iterate(CompositeActor.java:1146)
	at ptolemy.actor.sched.StaticSchedulingDirector.fire(StaticSchedulingDirector.java:216)
	at ptolemy.domains.sdf.kernel.SDFDirector.fire(SDFDirector.java:500)
	at ptolemy.actor.CompositeActor.fire(CompositeActor.java:455)
	at ptolemy.actor.Manager.iterate(Manager.java:851)
	at ptolemy.actor.Manager.execute(Manager.java:369)
	at ptolemy.actor.Manager.run(Manager.java:1263)
	at ptolemy.actor.Manager$PtolemyRunThread.run(Manager.java:1933)
java.lang.reflect.InvocationTargetException
	at java.base/jdk.internal.reflect.NativeConstructorAccessorImpl.newInstance0(Native Method)
	at java.base/jdk.internal.reflect.NativeConstructorAccessorImpl.newInstance(NativeConstructorAccessorImpl.java:62)
	at java.base/jdk.internal.reflect.DelegatingConstructorAccessorImpl.newInstance(DelegatingConstructorAccessorImpl.java:45)
	at java.base/java.lang.reflect.Constructor.newInstance(Constructor.java:490)
	at ptolemy.util.test.junit.AutoKnownFailedTests.RunModel(AutoKnownFailedTests.java:105)
	at java.base/jdk.internal.reflect.NativeMethodAccessorImpl.invoke0(Native Method)
	at java.base/jdk.internal.reflect.NativeMethodAccessorImpl.invoke(NativeMethodAccessorImpl.java:62)
	at java.base/jdk.internal.reflect.DelegatingMethodAccessorImpl.invoke(DelegatingMethodAccessorImpl.java:43)
	at java.base/java.lang.reflect.Method.invoke(Method.java:566)
	at org.junit.runners.model.FrameworkMethod$1.runReflectiveCall(FrameworkMethod.java:44)
	at org.junit.internal.runners.model.ReflectiveCallable.run(ReflectiveCallable.java:15)
	at org.junit.runners.model.FrameworkMethod.invokeExplosively(FrameworkMethod.java:41)
	at junitparams.internal.InvokeParameterisedMethod.evaluate(InvokeParameterisedMethod.java:102)
	at org.junit.internal.runners.statements.FailOnTimeout$1.run(FailOnTimeout.java:28)
Caused by: ptolemy.kernel.util.IllegalActionException: initialize() was called after wrapup() was called but preinitialize() was not called after wrapup().
	at ptolemy.actor.lib.hoc.test.PreinitializeMustBeInvoked.initialize(PreinitializeMustBeInvoked.java:78)
	at ptolemy.actor.Director.initialize(Director.java:938)
	at ptolemy.actor.Director.initialize(Director.java:907)
	at ptolemy.actor.sched.StaticSchedulingDirector.initialize(StaticSchedulingDirector.java:159)
	at ptolemy.domains.sdf.kernel.SDFDirector.initialize(SDFDirector.java:544)
	at ptolemy.actor.CompositeActor.initialize(CompositeActor.java:935)
	at ptolemy.actor.lib.hoc.LifeCycleManager._executeInsideModel(LifeCycleManager.java:339)
	at ptolemy.actor.lib.hoc.RunCompositeActor.fire(RunCompositeActor.java:205)
	at ptolemy.actor.CompositeActor.iterate(CompositeActor.java:1146)
	at ptolemy.actor.sched.StaticSchedulingDirector.fire(StaticSchedulingDirector.java:216)
	at ptolemy.domains.sdf.kernel.SDFDirector.fire(SDFDirector.java:500)
	at ptolemy.actor.CompositeActor.fire(CompositeActor.java:455)
	at ptolemy.actor.Manager.iterate(Manager.java:851)
	at ptolemy.actor.Manager.execute(Manager.java:369)
	at ptolemy.actor.Manager.run(Manager.java:1263)
	at ptolemy.actor.Manager$PtolemyRunThread.run(Manager.java:1933)
Warning: Nashorn engine is planned to be removed from a future JDK release
Warning: Nashorn engine is planned to be removed from a future JDK release
Warning: Nashorn engine is planned to be removed from a future JDK release
Warning: Nashorn engine is planned to be removed from a future JDK release
Warning: Nashorn engine is planned to be removed from a future JDK release
Warning: Nashorn engine is planned to be removed from a future JDK release
Warning: Nashorn engine is planned to be removed from a future JDK release
Warning: Nashorn engine is planned to be removed from a future JDK release
]]></system-err>
</testsuite>
