<?xml version="1.0" encoding="UTF-8" ?>
<testsuite errors="0" failures="0" hostname="travis-job-e0bdffaa-abd9-4d44-bd3a-ffbe73da92b2" name="ptolemy.actor.lib.hoc.test.junit.JUnitTclTest" skipped="0" tests="58" time="35.041" timestamp="2019-11-22T06:21:54">
  <properties>
[...]
</properties>
  <testcase classname="ptolemy.util.test.junit.TclTests" name="[0] /home/travis/build/icyphy/ptII/ptolemy/actor/lib/hoc/test/IterateOverArray.tcl (RunTclFile)" time="0.287" />
  <testcase classname="ptolemy.util.test.junit.AutoKnownFailedTests" name="[0] /home/travis/build/icyphy/ptII/ptolemy/actor/lib/hoc/test/auto/knownFailedTests/PreinitializeMustBeInvokedRunComposite.xml (RunModel)" time="0.494" />
  <testcase classname="ptolemy.util.test.junit.AutoNameArchTests" name="[0] ThereAreNoAutoArchTests (RunModel)" time="0.003" />
  <testcase classname="ptolemy.util.test.junit.AutoTests" name="[0] /home/travis/build/icyphy/ptII/ptolemy/actor/lib/hoc/test/auto/AllToAllMultiInstanceComposite.xml (RunModel)" time="0.42" />
  <testcase classname="ptolemy.util.test.junit.AutoTests" name="[1] /home/travis/build/icyphy/ptII/ptolemy/actor/lib/hoc/test/auto/ApplyFFTTest.xml (RunModel)" time="0.42" />
  <testcase classname="ptolemy.util.test.junit.AutoTests" name="[2] /home/travis/build/icyphy/ptII/ptolemy/actor/lib/hoc/test/auto/ApplyFunction.xml (RunModel)" time="0.066" />
  <testcase classname="ptolemy.util.test.junit.AutoTests" name="[3] /home/travis/build/icyphy/ptII/ptolemy/actor/lib/hoc/test/auto/BackgroundExecution.xml (RunModel)" time="0.728" />
  <testcase classname="ptolemy.util.test.junit.AutoTests" name="[4] /home/travis/build/icyphy/ptII/ptolemy/actor/lib/hoc/test/auto/Case.xml (RunModel)" time="0.099" />
  <testcase classname="ptolemy.util.test.junit.AutoTests" name="[5] /home/travis/build/icyphy/ptII/ptolemy/actor/lib/hoc/test/auto/Case1.xml (RunModel)" time="0.08" />
  <testcase classname="ptolemy.util.test.junit.AutoTests" name="[6] /home/travis/build/icyphy/ptII/ptolemy/actor/lib/hoc/test/auto/Case2.xml (RunModel)" time="0.115" />
  <testcase classname="ptolemy.util.test.junit.AutoTests" name="[7] /home/travis/build/icyphy/ptII/ptolemy/actor/lib/hoc/test/auto/Case3.xml (RunModel)" time="0.05" />
  <testcase classname="ptolemy.util.test.junit.AutoTests" name="[8] /home/travis/build/icyphy/ptII/ptolemy/actor/lib/hoc/test/auto/Case4.xml (RunModel)" time="0.081" />
  <testcase classname="ptolemy.util.test.junit.AutoTests" name="[9] /home/travis/build/icyphy/ptII/ptolemy/actor/lib/hoc/test/auto/Case5.xml (RunModel)" time="0.111" />
  <testcase classname="ptolemy.util.test.junit.AutoTests" name="[10] /home/travis/build/icyphy/ptII/ptolemy/actor/lib/hoc/test/auto/Case6.xml (RunModel)" time="0.154" />
  <testcase classname="ptolemy.util.test.junit.AutoTests" name="[11] /home/travis/build/icyphy/ptII/ptolemy/actor/lib/hoc/test/auto/CaseString2.xml (RunModel)" time="0.054" />
  <testcase classname="ptolemy.util.test.junit.AutoTests" name="[12] /home/travis/build/icyphy/ptII/ptolemy/actor/lib/hoc/test/auto/CatchUpComposite1.xml (RunModel)" time="0.092" />
  <testcase classname="ptolemy.util.test.junit.AutoTests" name="[13] /home/travis/build/icyphy/ptII/ptolemy/actor/lib/hoc/test/auto/CatchUpComposite2.xml (RunModel)" time="0.06" />
  <testcase classname="ptolemy.util.test.junit.AutoTests" name="[14] /home/travis/build/icyphy/ptII/ptolemy/actor/lib/hoc/test/auto/CatchUpComposite3.xml (RunModel)" time="0.054" />
  <testcase classname="ptolemy.util.test.junit.AutoTests" name="[15] /home/travis/build/icyphy/ptII/ptolemy/actor/lib/hoc/test/auto/CatchUpComposite4.xml (RunModel)" time="0.081" />
  <testcase classname="ptolemy.util.test.junit.AutoTests" name="[16] /home/travis/build/icyphy/ptII/ptolemy/actor/lib/hoc/test/auto/CatchUpComposite5.xml (RunModel)" time="0.04" />
  <testcase classname="ptolemy.util.test.junit.AutoTests" name="[17] /home/travis/build/icyphy/ptII/ptolemy/actor/lib/hoc/test/auto/CatchUpComposite6.xml (RunModel)" time="0.183" />
  <testcase classname="ptolemy.util.test.junit.AutoTests" name="[18] /home/travis/build/icyphy/ptII/ptolemy/actor/lib/hoc/test/auto/CatchUpComposite7.xml (RunModel)" time="0.09" />
  <testcase classname="ptolemy.util.test.junit.AutoTests" name="[19] /home/travis/build/icyphy/ptII/ptolemy/actor/lib/hoc/test/auto/ConcurrentExecutionTimeSDF.xml (RunModel)" time="1.146" />
  <testcase classname="ptolemy.util.test.junit.AutoTests" name="[20] /home/travis/build/icyphy/ptII/ptolemy/actor/lib/hoc/test/auto/ConcurrentSleep.xml (RunModel)" time="0.772" />
  <testcase classname="ptolemy.util.test.junit.AutoTests" name="[21] /home/travis/build/icyphy/ptII/ptolemy/actor/lib/hoc/test/auto/DEInPNInRunCompositeActor.xml (RunModel)" time="0.025" />
  <testcase classname="ptolemy.util.test.junit.AutoTests" name="[22] /home/travis/build/icyphy/ptII/ptolemy/actor/lib/hoc/test/auto/DFTSubSetTest.xml (RunModel)" time="0.233" />
  <testcase classname="ptolemy.util.test.junit.AutoTests" name="[23] /home/travis/build/icyphy/ptII/ptolemy/actor/lib/hoc/test/auto/HocDE.xml (RunModel)" time="0.147" />
  <testcase classname="ptolemy.util.test.junit.AutoTests" name="[24] /home/travis/build/icyphy/ptII/ptolemy/actor/lib/hoc/test/auto/IterateOverArray.xml (RunModel)" time="0.022" />
  <testcase classname="ptolemy.util.test.junit.AutoTests" name="[25] /home/travis/build/icyphy/ptII/ptolemy/actor/lib/hoc/test/auto/IterateOverArray10.xml (RunModel)" time="0.022" />
  <testcase classname="ptolemy.util.test.junit.AutoTests" name="[26] /home/travis/build/icyphy/ptII/ptolemy/actor/lib/hoc/test/auto/IterateOverArray11.xml (RunModel)" time="0.034" />
  <testcase classname="ptolemy.util.test.junit.AutoTests" name="[27] /home/travis/build/icyphy/ptII/ptolemy/actor/lib/hoc/test/auto/IterateOverArray12.xml (RunModel)" time="0.038" />
  <testcase classname="ptolemy.util.test.junit.AutoTests" name="[28] /home/travis/build/icyphy/ptII/ptolemy/actor/lib/hoc/test/auto/IterateOverArray13.xml (RunModel)" time="0.16" />
  <testcase classname="ptolemy.util.test.junit.AutoTests" name="[29] /home/travis/build/icyphy/ptII/ptolemy/actor/lib/hoc/test/auto/IterateOverArray14.xml (RunModel)" time="0.173" />
  <testcase classname="ptolemy.util.test.junit.AutoTests" name="[30] /home/travis/build/icyphy/ptII/ptolemy/actor/lib/hoc/test/auto/IterateOverArray2.xml (RunModel)" time="0.024" />
  <testcase classname="ptolemy.util.test.junit.AutoTests" name="[31] /home/travis/build/icyphy/ptII/ptolemy/actor/lib/hoc/test/auto/IterateOverArray3.xml (RunModel)" time="0.027" />
  <testcase classname="ptolemy.util.test.junit.AutoTests" name="[32] /home/travis/build/icyphy/ptII/ptolemy/actor/lib/hoc/test/auto/IterateOverArray4.xml (RunModel)" time="0.017" />
  <testcase classname="ptolemy.util.test.junit.AutoTests" name="[33] /home/travis/build/icyphy/ptII/ptolemy/actor/lib/hoc/test/auto/IterateOverArray5.xml (RunModel)" time="0.024" />
  <testcase classname="ptolemy.util.test.junit.AutoTests" name="[34] /home/travis/build/icyphy/ptII/ptolemy/actor/lib/hoc/test/auto/IterateOverArray6.xml (RunModel)" time="0.02" />
  <testcase classname="ptolemy.util.test.junit.AutoTests" name="[35] /home/travis/build/icyphy/ptII/ptolemy/actor/lib/hoc/test/auto/IterateOverArray7.xml (RunModel)" time="0.019" />
  <testcase classname="ptolemy.util.test.junit.AutoTests" name="[36] /home/travis/build/icyphy/ptII/ptolemy/actor/lib/hoc/test/auto/IterateOverArray8.xml (RunModel)" time="0.026" />
  <testcase classname="ptolemy.util.test.junit.AutoTests" name="[37] /home/travis/build/icyphy/ptII/ptolemy/actor/lib/hoc/test/auto/IterateOverArray9.xml (RunModel)" time="0.016" />
  <testcase classname="ptolemy.util.test.junit.AutoTests" name="[38] /home/travis/build/icyphy/ptII/ptolemy/actor/lib/hoc/test/auto/IterateOverArrayCoercedOutputType.xml (RunModel)" time="0.021" />
  <testcase classname="ptolemy.util.test.junit.AutoTests" name="[39] /home/travis/build/icyphy/ptII/ptolemy/actor/lib/hoc/test/auto/IterateOverArrayInferredOutputType.xml (RunModel)" time="0.028" />
  <testcase classname="ptolemy.util.test.junit.AutoTests" name="[40] /home/travis/build/icyphy/ptII/ptolemy/actor/lib/hoc/test/auto/MobileFunctionTest.xml (RunModel)" time="0.025" />
  <testcase classname="ptolemy.util.test.junit.AutoTests" name="[41] /home/travis/build/icyphy/ptII/ptolemy/actor/lib/hoc/test/auto/MobileModelTest.xml (RunModel)" time="0.191" />
  <testcase classname="ptolemy.util.test.junit.AutoTests" name="[42] /home/travis/build/icyphy/ptII/ptolemy/actor/lib/hoc/test/auto/ModelReference.xml (RunModel)" time="0.078" />
  <testcase classname="ptolemy.util.test.junit.AutoTests" name="[43] /home/travis/build/icyphy/ptII/ptolemy/actor/lib/hoc/test/auto/ModelReference3.xml (RunModel)" time="0.053" />
  <testcase classname="ptolemy.util.test.junit.AutoTests" name="[44] /home/travis/build/icyphy/ptII/ptolemy/actor/lib/hoc/test/auto/ModelReference4.xml (RunModel)" time="10.038" />
  <testcase classname="ptolemy.util.test.junit.AutoTests" name="[45] /home/travis/build/icyphy/ptII/ptolemy/actor/lib/hoc/test/auto/MultiInstanceComposite.xml (RunModel)" time="0.075" />
  <testcase classname="ptolemy.util.test.junit.AutoTests" name="[46] /home/travis/build/icyphy/ptII/ptolemy/actor/lib/hoc/test/auto/MultiInstanceComposite2.xml (RunModel)" time="0.045" />
  <testcase classname="ptolemy.util.test.junit.AutoTests" name="[47] /home/travis/build/icyphy/ptII/ptolemy/actor/lib/hoc/test/auto/MulticoreExecution.xml (RunModel)" time="1.058" />
  <testcase classname="ptolemy.util.test.junit.AutoTests" name="[48] /home/travis/build/icyphy/ptII/ptolemy/actor/lib/hoc/test/auto/ParallelExecution.xml (RunModel)" time="0.929" />
  <testcase classname="ptolemy.util.test.junit.AutoTests" name="[49] /home/travis/build/icyphy/ptII/ptolemy/actor/lib/hoc/test/auto/RunCompositeActor.xml (RunModel)" time="0.054" />
  <testcase classname="ptolemy.util.test.junit.AutoTests" name="[50] /home/travis/build/icyphy/ptII/ptolemy/actor/lib/hoc/test/auto/RunCompositeActor2.xml (RunModel)" time="0.03" />
  <testcase classname="ptolemy.util.test.junit.AutoTests" name="[51] /home/travis/build/icyphy/ptII/ptolemy/actor/lib/hoc/test/auto/RunCompositeActor3.xml (RunModel)" time="0.027" />
  <testcase classname="ptolemy.util.test.junit.AutoTests" name="[52] /home/travis/build/icyphy/ptII/ptolemy/actor/lib/hoc/test/auto/RunCompositeActor4.xml (RunModel)" time="0.034" />
  <testcase classname="ptolemy.util.test.junit.AutoTests" name="[53] /home/travis/build/icyphy/ptII/ptolemy/actor/lib/hoc/test/auto/RunCompositeIterateOverArray.xml (RunModel)" time="0.032" />
  <testcase classname="ptolemy.util.test.junit.AutoTests" name="[54] /home/travis/build/icyphy/ptII/ptolemy/actor/lib/hoc/test/auto/ThreadedJS.xml (RunModel)" time="14.872" />
  <system-out><![CDATA[/home/travis/build/icyphy/ptII/ptolemy/actor/lib/hoc/test/IterateOverArray.tcl
testDefs.tcl: setting time out to 9000 seconds at Fri Nov 22 06:21:54 UTC 2019
11/22/19 06:21:54
Failed: 0  Total Tests: 2  ((Passed: 2, Newly Passed: 0)  Known Failed: 0) /home/travis/build/icyphy/ptII/ptolemy/actor/lib/hoc/test
----------------- testing (KnownFailure) /home/travis/build/icyphy/ptII/ptolemy/actor/lib/hoc/test/auto/knownFailedTests/PreinitializeMustBeInvokedRunComposite.xml
133 ms. Memory: 120832K Free: 79298K (66%)
Known Failure: java.lang.reflect.InvocationTargetException
No auto/linux-amd64/*.xml tests in /home/travis/build/icyphy/ptII/ptolemy/actor/lib/hoc/test
AutoTests.java: About to close Vertx.
AutoTests.java: Vertx closed.

===========================================================================================
----------------- testing Fri Nov 22 06:21:55 UTC 2019 /home/travis/build/icyphy/ptII/ptolemy/actor/lib/hoc/test/auto/AllToAllMultiInstanceComposite.xml
----------------- Instantiating /home/travis/build/icyphy/ptII/ptolemy/actor/lib/hoc/test/auto/AllToAllMultiInstanceComposite.xml
187 ms. Memory: 120832K Free: 95201K (79%)
----------------- Invoking toplevel() on ptolemy.moml.MoMLSimpleApplication@7a41e780
----------------- Done invoking toplevel() on ptolemy.moml.MoMLSimpleApplication@7a41e780
reloadAllAccessors: .AllToAllMultiInstanceComposite

===========================================================================================
----------------- testing Fri Nov 22 06:21:55 UTC 2019 /home/travis/build/icyphy/ptII/ptolemy/actor/lib/hoc/test/auto/ApplyFFTTest.xml
----------------- Instantiating /home/travis/build/icyphy/ptII/ptolemy/actor/lib/hoc/test/auto/ApplyFFTTest.xml
206 ms. Memory: 120832K Free: 101240K (84%)
----------------- Invoking toplevel() on ptolemy.moml.MoMLSimpleApplication@18973e20
----------------- Done invoking toplevel() on ptolemy.moml.MoMLSimpleApplication@18973e20
reloadAllAccessors: .ApplyFFTTest

===========================================================================================
----------------- testing Fri Nov 22 06:21:56 UTC 2019 /home/travis/build/icyphy/ptII/ptolemy/actor/lib/hoc/test/auto/ApplyFunction.xml
----------------- Instantiating /home/travis/build/icyphy/ptII/ptolemy/actor/lib/hoc/test/auto/ApplyFunction.xml
6 ms. Memory: 120832K Free: 97706K (81%)
----------------- Invoking toplevel() on ptolemy.moml.MoMLSimpleApplication@3383792f
----------------- Done invoking toplevel() on ptolemy.moml.MoMLSimpleApplication@3383792f
reloadAllAccessors: .ApplyFunction

===========================================================================================
----------------- testing Fri Nov 22 06:21:56 UTC 2019 /home/travis/build/icyphy/ptII/ptolemy/actor/lib/hoc/test/auto/BackgroundExecution.xml
----------------- Instantiating /home/travis/build/icyphy/ptII/ptolemy/actor/lib/hoc/test/auto/BackgroundExecution.xml
625 ms. Memory: 120832K Free: 90538K (75%)
----------------- Invoking toplevel() on ptolemy.moml.MoMLSimpleApplication@3ecd718
----------------- Done invoking toplevel() on ptolemy.moml.MoMLSimpleApplication@3ecd718
reloadAllAccessors: .BackgroundExecution

===========================================================================================
----------------- testing Fri Nov 22 06:21:57 UTC 2019 /home/travis/build/icyphy/ptII/ptolemy/actor/lib/hoc/test/auto/Case.xml
----------------- Instantiating /home/travis/build/icyphy/ptII/ptolemy/actor/lib/hoc/test/auto/Case.xml
29 ms. Memory: 120832K Free: 83633K (69%)
----------------- Invoking toplevel() on ptolemy.moml.MoMLSimpleApplication@3916d32a
----------------- Done invoking toplevel() on ptolemy.moml.MoMLSimpleApplication@3916d32a
reloadAllAccessors: .Case

===========================================================================================
----------------- testing Fri Nov 22 06:21:57 UTC 2019 /home/travis/build/icyphy/ptII/ptolemy/actor/lib/hoc/test/auto/Case1.xml
----------------- Instantiating /home/travis/build/icyphy/ptII/ptolemy/actor/lib/hoc/test/auto/Case1.xml
19 ms. Memory: 120832K Free: 76992K (64%)
----------------- Invoking toplevel() on ptolemy.moml.MoMLSimpleApplication@d2cef4e
----------------- Done invoking toplevel() on ptolemy.moml.MoMLSimpleApplication@d2cef4e
reloadAllAccessors: .Case1

===========================================================================================
----------------- testing Fri Nov 22 06:21:57 UTC 2019 /home/travis/build/icyphy/ptII/ptolemy/actor/lib/hoc/test/auto/Case2.xml
----------------- Instantiating /home/travis/build/icyphy/ptII/ptolemy/actor/lib/hoc/test/auto/Case2.xml
27 ms. Memory: 148480K Free: 129480K (87%)
----------------- Invoking toplevel() on ptolemy.moml.MoMLSimpleApplication@4d677ddd
----------------- Done invoking toplevel() on ptolemy.moml.MoMLSimpleApplication@4d677ddd
reloadAllAccessors: .Case2

===========================================================================================
----------------- testing Fri Nov 22 06:21:57 UTC 2019 /home/travis/build/icyphy/ptII/ptolemy/actor/lib/hoc/test/auto/Case3.xml
----------------- Instantiating /home/travis/build/icyphy/ptII/ptolemy/actor/lib/hoc/test/auto/Case3.xml
22 ms. Memory: 148480K Free: 123350K (83%)
----------------- Invoking toplevel() on ptolemy.moml.MoMLSimpleApplication@7285b04c
----------------- Done invoking toplevel() on ptolemy.moml.MoMLSimpleApplication@7285b04c
reloadAllAccessors: .Case3

===========================================================================================
----------------- testing Fri Nov 22 06:21:57 UTC 2019 /home/travis/build/icyphy/ptII/ptolemy/actor/lib/hoc/test/auto/Case4.xml
----------------- Instantiating /home/travis/build/icyphy/ptII/ptolemy/actor/lib/hoc/test/auto/Case4.xml
21 ms. Memory: 148480K Free: 115519K (78%)
----------------- Invoking toplevel() on ptolemy.moml.MoMLSimpleApplication@101c6414
----------------- Done invoking toplevel() on ptolemy.moml.MoMLSimpleApplication@101c6414
reloadAllAccessors: .Case4

===========================================================================================
----------------- testing Fri Nov 22 06:21:57 UTC 2019 /home/travis/build/icyphy/ptII/ptolemy/actor/lib/hoc/test/auto/Case5.xml
----------------- Instantiating /home/travis/build/icyphy/ptII/ptolemy/actor/lib/hoc/test/auto/Case5.xml
72 ms. Memory: 148480K Free: 109054K (73%)
----------------- Invoking toplevel() on ptolemy.moml.MoMLSimpleApplication@7ccbf174
----------------- Done invoking toplevel() on ptolemy.moml.MoMLSimpleApplication@7ccbf174
reloadAllAccessors: .junk

===========================================================================================
----------------- testing Fri Nov 22 06:21:57 UTC 2019 /home/travis/build/icyphy/ptII/ptolemy/actor/lib/hoc/test/auto/Case6.xml
----------------- Instantiating /home/travis/build/icyphy/ptII/ptolemy/actor/lib/hoc/test/auto/Case6.xml
53 ms. Memory: 148480K Free: 97133K (65%)
----------------- Invoking toplevel() on ptolemy.moml.MoMLSimpleApplication@17e3200b
----------------- Done invoking toplevel() on ptolemy.moml.MoMLSimpleApplication@17e3200b
reloadAllAccessors: .Case6

===========================================================================================
----------------- testing Fri Nov 22 06:21:57 UTC 2019 /home/travis/build/icyphy/ptII/ptolemy/actor/lib/hoc/test/auto/CaseString2.xml
----------------- Instantiating /home/travis/build/icyphy/ptII/ptolemy/actor/lib/hoc/test/auto/CaseString2.xml
13 ms. Memory: 148480K Free: 89625K (60%)
----------------- Invoking toplevel() on ptolemy.moml.MoMLSimpleApplication@614d3a0b
----------------- Done invoking toplevel() on ptolemy.moml.MoMLSimpleApplication@614d3a0b
reloadAllAccessors: .CaseString2

===========================================================================================
----------------- testing Fri Nov 22 06:21:57 UTC 2019 /home/travis/build/icyphy/ptII/ptolemy/actor/lib/hoc/test/auto/CatchUpComposite1.xml
----------------- Instantiating /home/travis/build/icyphy/ptII/ptolemy/actor/lib/hoc/test/auto/CatchUpComposite1.xml
35 ms. Memory: 148480K Free: 125399K (84%)
----------------- Invoking toplevel() on ptolemy.moml.MoMLSimpleApplication@208d85c9
----------------- Done invoking toplevel() on ptolemy.moml.MoMLSimpleApplication@208d85c9
reloadAllAccessors: .CatchUpComposite1

===========================================================================================
----------------- testing Fri Nov 22 06:21:58 UTC 2019 /home/travis/build/icyphy/ptII/ptolemy/actor/lib/hoc/test/auto/CatchUpComposite2.xml
----------------- Instantiating /home/travis/build/icyphy/ptII/ptolemy/actor/lib/hoc/test/auto/CatchUpComposite2.xml
10 ms. Memory: 148480K Free: 117207K (79%)
----------------- Invoking toplevel() on ptolemy.moml.MoMLSimpleApplication@37995d25
----------------- Done invoking toplevel() on ptolemy.moml.MoMLSimpleApplication@37995d25
reloadAllAccessors: .CatchUpComposite2

===========================================================================================
----------------- testing Fri Nov 22 06:21:58 UTC 2019 /home/travis/build/icyphy/ptII/ptolemy/actor/lib/hoc/test/auto/CatchUpComposite3.xml
----------------- Instantiating /home/travis/build/icyphy/ptII/ptolemy/actor/lib/hoc/test/auto/CatchUpComposite3.xml
22 ms. Memory: 148480K Free: 108631K (73%)
----------------- Invoking toplevel() on ptolemy.moml.MoMLSimpleApplication@7374f6fd
----------------- Done invoking toplevel() on ptolemy.moml.MoMLSimpleApplication@7374f6fd
reloadAllAccessors: .CatchUpComposite3

===========================================================================================
----------------- testing Fri Nov 22 06:21:58 UTC 2019 /home/travis/build/icyphy/ptII/ptolemy/actor/lib/hoc/test/auto/CatchUpComposite4.xml
----------------- Instantiating /home/travis/build/icyphy/ptII/ptolemy/actor/lib/hoc/test/auto/CatchUpComposite4.xml
23 ms. Memory: 148480K Free: 100823K (68%)
----------------- Invoking toplevel() on ptolemy.moml.MoMLSimpleApplication@528b0417
----------------- Done invoking toplevel() on ptolemy.moml.MoMLSimpleApplication@528b0417
reloadAllAccessors: .CatchUpComposite4

===========================================================================================
----------------- testing Fri Nov 22 06:21:58 UTC 2019 /home/travis/build/icyphy/ptII/ptolemy/actor/lib/hoc/test/auto/CatchUpComposite5.xml
----------------- Instantiating /home/travis/build/icyphy/ptII/ptolemy/actor/lib/hoc/test/auto/CatchUpComposite5.xml
8 ms. Memory: 148480K Free: 93270K (63%)
----------------- Invoking toplevel() on ptolemy.moml.MoMLSimpleApplication@640bb5ae
----------------- Done invoking toplevel() on ptolemy.moml.MoMLSimpleApplication@640bb5ae
reloadAllAccessors: .CatchUpComposite5

===========================================================================================
----------------- testing Fri Nov 22 06:21:58 UTC 2019 /home/travis/build/icyphy/ptII/ptolemy/actor/lib/hoc/test/auto/CatchUpComposite6.xml
----------------- Instantiating /home/travis/build/icyphy/ptII/ptolemy/actor/lib/hoc/test/auto/CatchUpComposite6.xml
WARNING: The execution aspects in this model can influence the timing of actors by delaying the 
execution, potentially changing the behavior. There is no guarantee that actors fire at the 
time they request to be fired. 
Use Ptides for deterministic DE behavior that is not influenced by execution aspects. 

96 ms. Memory: 148480K Free: 78566K (53%)
----------------- Invoking toplevel() on ptolemy.moml.MoMLSimpleApplication@2ef80adc
----------------- Done invoking toplevel() on ptolemy.moml.MoMLSimpleApplication@2ef80adc
reloadAllAccessors: .CatchUpComposite6

===========================================================================================
----------------- testing Fri Nov 22 06:21:58 UTC 2019 /home/travis/build/icyphy/ptII/ptolemy/actor/lib/hoc/test/auto/CatchUpComposite7.xml
----------------- Instantiating /home/travis/build/icyphy/ptII/ptolemy/actor/lib/hoc/test/auto/CatchUpComposite7.xml
WARNING: The execution aspects in this model can influence the timing of actors by delaying the 
execution, potentially changing the behavior. There is no guarantee that actors fire at the 
time they request to be fired. 
Use Ptides for deterministic DE behavior that is not influenced by execution aspects. 

27 ms. Memory: 148480K Free: 121326K (82%)
----------------- Invoking toplevel() on ptolemy.moml.MoMLSimpleApplication@3c4d9dd0
----------------- Done invoking toplevel() on ptolemy.moml.MoMLSimpleApplication@3c4d9dd0
reloadAllAccessors: .CatchUpComposite7

===========================================================================================
----------------- testing Fri Nov 22 06:21:58 UTC 2019 /home/travis/build/icyphy/ptII/ptolemy/actor/lib/hoc/test/auto/ConcurrentExecutionTimeSDF.xml
----------------- Instantiating /home/travis/build/icyphy/ptII/ptolemy/actor/lib/hoc/test/auto/ConcurrentExecutionTimeSDF.xml
Fired ExecutionTime: 40400000
Fired ExecutionTime: 40400000
Fired ExecutionTime: 40400000
Fired ExecutionTime: 40400000
Fired ExecutionTime: 40400000
Fired ExecutionTime: 40400000
Fired ExecutionTime: 40400000
Fired ExecutionTime: 40400000
Fired ExecutionTime: 40400000
Fired ExecutionTime: 40400000
Fired ExecutionTime: 40400000
Fired ExecutionTime: 40400000
Fired ExecutionTime: 40400000
Fired ExecutionTime: 40400000
Fired ExecutionTime: 40400000
Fired ExecutionTime: 40400000
Fired ExecutionTime: 40400000
Fired ExecutionTime: 40400000
Fired ExecutionTime: 40400000
Fired ExecutionTime: 40400000
1114 ms. Memory: 148480K Free: 114722K (77%)
----------------- Invoking toplevel() on ptolemy.moml.MoMLSimpleApplication@43db86d
----------------- Done invoking toplevel() on ptolemy.moml.MoMLSimpleApplication@43db86d
reloadAllAccessors: .ConcurrentExecutionTimeSDF

===========================================================================================
----------------- testing Fri Nov 22 06:21:59 UTC 2019 /home/travis/build/icyphy/ptII/ptolemy/actor/lib/hoc/test/auto/ConcurrentSleep.xml
----------------- Instantiating /home/travis/build/icyphy/ptII/ptolemy/actor/lib/hoc/test/auto/ConcurrentSleep.xml
733 ms. Memory: 148480K Free: 104025K (70%)
----------------- Invoking toplevel() on ptolemy.moml.MoMLSimpleApplication@9026d07
----------------- Done invoking toplevel() on ptolemy.moml.MoMLSimpleApplication@9026d07
reloadAllAccessors: .ConcurrentSleep

===========================================================================================
----------------- testing Fri Nov 22 06:22:00 UTC 2019 /home/travis/build/icyphy/ptII/ptolemy/actor/lib/hoc/test/auto/DEInPNInRunCompositeActor.xml
----------------- Instantiating /home/travis/build/icyphy/ptII/ptolemy/actor/lib/hoc/test/auto/DEInPNInRunCompositeActor.xml
11 ms. Memory: 148480K Free: 97881K (66%)
----------------- Invoking toplevel() on ptolemy.moml.MoMLSimpleApplication@7d42ca3c
----------------- Done invoking toplevel() on ptolemy.moml.MoMLSimpleApplication@7d42ca3c
reloadAllAccessors: .DEInPNInRunCompositeActor

===========================================================================================
----------------- testing Fri Nov 22 06:22:00 UTC 2019 /home/travis/build/icyphy/ptII/ptolemy/actor/lib/hoc/test/auto/DFTSubSetTest.xml
----------------- Instantiating /home/travis/build/icyphy/ptII/ptolemy/actor/lib/hoc/test/auto/DFTSubSetTest.xml
163 ms. Memory: 148480K Free: 122430K (82%)
----------------- Invoking toplevel() on ptolemy.moml.MoMLSimpleApplication@3805801e
----------------- Done invoking toplevel() on ptolemy.moml.MoMLSimpleApplication@3805801e
reloadAllAccessors: .DFTSubSetTest

===========================================================================================
----------------- testing Fri Nov 22 06:22:00 UTC 2019 /home/travis/build/icyphy/ptII/ptolemy/actor/lib/hoc/test/auto/HocDE.xml
----------------- Instantiating /home/travis/build/icyphy/ptII/ptolemy/actor/lib/hoc/test/auto/HocDE.xml
105 ms. Memory: 148480K Free: 97239K (65%)
----------------- Invoking toplevel() on ptolemy.moml.MoMLSimpleApplication@3998add8
----------------- Done invoking toplevel() on ptolemy.moml.MoMLSimpleApplication@3998add8
reloadAllAccessors: .HocDE

===========================================================================================
----------------- testing Fri Nov 22 06:22:00 UTC 2019 /home/travis/build/icyphy/ptII/ptolemy/actor/lib/hoc/test/auto/IterateOverArray.xml
----------------- Instantiating /home/travis/build/icyphy/ptII/ptolemy/actor/lib/hoc/test/auto/IterateOverArray.xml
6 ms. Memory: 148480K Free: 93143K (63%)
----------------- Invoking toplevel() on ptolemy.moml.MoMLSimpleApplication@4c7daacd
----------------- Done invoking toplevel() on ptolemy.moml.MoMLSimpleApplication@4c7daacd
reloadAllAccessors: .IterateOverArray

===========================================================================================
----------------- testing Fri Nov 22 06:22:00 UTC 2019 /home/travis/build/icyphy/ptII/ptolemy/actor/lib/hoc/test/auto/IterateOverArray10.xml
----------------- Instantiating /home/travis/build/icyphy/ptII/ptolemy/actor/lib/hoc/test/auto/IterateOverArray10.xml
6 ms. Memory: 148480K Free: 90071K (61%)
----------------- Invoking toplevel() on ptolemy.moml.MoMLSimpleApplication@1e4dd7f
----------------- Done invoking toplevel() on ptolemy.moml.MoMLSimpleApplication@1e4dd7f
reloadAllAccessors: .IterateOverArray10

===========================================================================================
----------------- testing Fri Nov 22 06:22:00 UTC 2019 /home/travis/build/icyphy/ptII/ptolemy/actor/lib/hoc/test/auto/IterateOverArray11.xml
----------------- Instantiating /home/travis/build/icyphy/ptII/ptolemy/actor/lib/hoc/test/auto/IterateOverArray11.xml
4 ms. Memory: 148480K Free: 85975K (58%)
----------------- Invoking toplevel() on ptolemy.moml.MoMLSimpleApplication@6a1f1ccd
----------------- Done invoking toplevel() on ptolemy.moml.MoMLSimpleApplication@6a1f1ccd
reloadAllAccessors: .IterateOverArray11

===========================================================================================
----------------- testing Fri Nov 22 06:22:00 UTC 2019 /home/travis/build/icyphy/ptII/ptolemy/actor/lib/hoc/test/auto/IterateOverArray12.xml
----------------- Instantiating /home/travis/build/icyphy/ptII/ptolemy/actor/lib/hoc/test/auto/IterateOverArray12.xml
16 ms. Memory: 148480K Free: 79831K (54%)
----------------- Invoking toplevel() on ptolemy.moml.MoMLSimpleApplication@3ba0538f
----------------- Done invoking toplevel() on ptolemy.moml.MoMLSimpleApplication@3ba0538f
reloadAllAccessors: .IterateOverArray12

===========================================================================================
----------------- testing Fri Nov 22 06:22:00 UTC 2019 /home/travis/build/icyphy/ptII/ptolemy/actor/lib/hoc/test/auto/IterateOverArray13.xml
----------------- Instantiating /home/travis/build/icyphy/ptII/ptolemy/actor/lib/hoc/test/auto/IterateOverArray13.xml
84 ms. Memory: 148480K Free: 130544K (88%)
----------------- Invoking toplevel() on ptolemy.moml.MoMLSimpleApplication@50db20b9
----------------- Done invoking toplevel() on ptolemy.moml.MoMLSimpleApplication@50db20b9
reloadAllAccessors: .IterateOverArray13

===========================================================================================
----------------- testing Fri Nov 22 06:22:01 UTC 2019 /home/travis/build/icyphy/ptII/ptolemy/actor/lib/hoc/test/auto/IterateOverArray14.xml
----------------- Instantiating /home/travis/build/icyphy/ptII/ptolemy/actor/lib/hoc/test/auto/IterateOverArray14.xml
64 ms. Memory: 148480K Free: 98666K (66%)
----------------- Invoking toplevel() on ptolemy.moml.MoMLSimpleApplication@221f0736
----------------- Done invoking toplevel() on ptolemy.moml.MoMLSimpleApplication@221f0736
reloadAllAccessors: .IterateOverArray14

===========================================================================================
----------------- testing Fri Nov 22 06:22:01 UTC 2019 /home/travis/build/icyphy/ptII/ptolemy/actor/lib/hoc/test/auto/IterateOverArray2.xml
----------------- Instantiating /home/travis/build/icyphy/ptII/ptolemy/actor/lib/hoc/test/auto/IterateOverArray2.xml
5 ms. Memory: 148480K Free: 93966K (63%)
----------------- Invoking toplevel() on ptolemy.moml.MoMLSimpleApplication@5ed0ee5a
----------------- Done invoking toplevel() on ptolemy.moml.MoMLSimpleApplication@5ed0ee5a
reloadAllAccessors: .IterateOverArray2

===========================================================================================
----------------- testing Fri Nov 22 06:22:01 UTC 2019 /home/travis/build/icyphy/ptII/ptolemy/actor/lib/hoc/test/auto/IterateOverArray3.xml
----------------- Instantiating /home/travis/build/icyphy/ptII/ptolemy/actor/lib/hoc/test/auto/IterateOverArray3.xml
7 ms. Memory: 148480K Free: 87792K (59%)
----------------- Invoking toplevel() on ptolemy.moml.MoMLSimpleApplication@7b205e47
----------------- Done invoking toplevel() on ptolemy.moml.MoMLSimpleApplication@7b205e47
reloadAllAccessors: .IterateOverArray3

===========================================================================================
----------------- testing Fri Nov 22 06:22:01 UTC 2019 /home/travis/build/icyphy/ptII/ptolemy/actor/lib/hoc/test/auto/IterateOverArray4.xml
----------------- Instantiating /home/travis/build/icyphy/ptII/ptolemy/actor/lib/hoc/test/auto/IterateOverArray4.xml
4 ms. Memory: 148480K Free: 83726K (56%)
----------------- Invoking toplevel() on ptolemy.moml.MoMLSimpleApplication@7f09c129
----------------- Done invoking toplevel() on ptolemy.moml.MoMLSimpleApplication@7f09c129
reloadAllAccessors: .IterateOverArray4

===========================================================================================
----------------- testing Fri Nov 22 06:22:01 UTC 2019 /home/travis/build/icyphy/ptII/ptolemy/actor/lib/hoc/test/auto/IterateOverArray5.xml
----------------- Instantiating /home/travis/build/icyphy/ptII/ptolemy/actor/lib/hoc/test/auto/IterateOverArray5.xml
5 ms. Memory: 148480K Free: 79630K (54%)
----------------- Invoking toplevel() on ptolemy.moml.MoMLSimpleApplication@7305a045
----------------- Done invoking toplevel() on ptolemy.moml.MoMLSimpleApplication@7305a045
reloadAllAccessors: .IterateOverArray5

===========================================================================================
----------------- testing Fri Nov 22 06:22:01 UTC 2019 /home/travis/build/icyphy/ptII/ptolemy/actor/lib/hoc/test/auto/IterateOverArray6.xml
----------------- Instantiating /home/travis/build/icyphy/ptII/ptolemy/actor/lib/hoc/test/auto/IterateOverArray6.xml
3 ms. Memory: 148480K Free: 76093K (51%)
----------------- Invoking toplevel() on ptolemy.moml.MoMLSimpleApplication@1334441b
----------------- Done invoking toplevel() on ptolemy.moml.MoMLSimpleApplication@1334441b
reloadAllAccessors: .IterateOverArray6

===========================================================================================
----------------- testing Fri Nov 22 06:22:01 UTC 2019 /home/travis/build/icyphy/ptII/ptolemy/actor/lib/hoc/test/auto/IterateOverArray7.xml
----------------- Instantiating /home/travis/build/icyphy/ptII/ptolemy/actor/lib/hoc/test/auto/IterateOverArray7.xml
4 ms. Memory: 148480K Free: 71860K (48%)
----------------- Invoking toplevel() on ptolemy.moml.MoMLSimpleApplication@683ea834
----------------- Done invoking toplevel() on ptolemy.moml.MoMLSimpleApplication@683ea834
reloadAllAccessors: .IterateOverArray7

===========================================================================================
----------------- testing Fri Nov 22 06:22:01 UTC 2019 /home/travis/build/icyphy/ptII/ptolemy/actor/lib/hoc/test/auto/IterateOverArray8.xml
----------------- Instantiating /home/travis/build/icyphy/ptII/ptolemy/actor/lib/hoc/test/auto/IterateOverArray8.xml
5 ms. Memory: 148480K Free: 67892K (46%)
----------------- Invoking toplevel() on ptolemy.moml.MoMLSimpleApplication@507f9fb5
----------------- Done invoking toplevel() on ptolemy.moml.MoMLSimpleApplication@507f9fb5
reloadAllAccessors: .IterateOverArray8

===========================================================================================
----------------- testing Fri Nov 22 06:22:01 UTC 2019 /home/travis/build/icyphy/ptII/ptolemy/actor/lib/hoc/test/auto/IterateOverArray9.xml
----------------- Instantiating /home/travis/build/icyphy/ptII/ptolemy/actor/lib/hoc/test/auto/IterateOverArray9.xml
4 ms. Memory: 148480K Free: 63812K (43%)
----------------- Invoking toplevel() on ptolemy.moml.MoMLSimpleApplication@574516f9
----------------- Done invoking toplevel() on ptolemy.moml.MoMLSimpleApplication@574516f9
reloadAllAccessors: .IterateOverArray9

===========================================================================================
----------------- testing Fri Nov 22 06:22:01 UTC 2019 /home/travis/build/icyphy/ptII/ptolemy/actor/lib/hoc/test/auto/IterateOverArrayCoercedOutputType.xml
----------------- Instantiating /home/travis/build/icyphy/ptII/ptolemy/actor/lib/hoc/test/auto/IterateOverArrayCoercedOutputType.xml
7 ms. Memory: 148480K Free: 58730K (40%)
----------------- Invoking toplevel() on ptolemy.moml.MoMLSimpleApplication@6c3307e2
----------------- Done invoking toplevel() on ptolemy.moml.MoMLSimpleApplication@6c3307e2
reloadAllAccessors: .IterateOverArrayCoercedOutputType

===========================================================================================
----------------- testing Fri Nov 22 06:22:01 UTC 2019 /home/travis/build/icyphy/ptII/ptolemy/actor/lib/hoc/test/auto/IterateOverArrayInferredOutputType.xml
----------------- Instantiating /home/travis/build/icyphy/ptII/ptolemy/actor/lib/hoc/test/auto/IterateOverArrayInferredOutputType.xml
9 ms. Memory: 148480K Free: 54030K (36%)
----------------- Invoking toplevel() on ptolemy.moml.MoMLSimpleApplication@409c6e24
----------------- Done invoking toplevel() on ptolemy.moml.MoMLSimpleApplication@409c6e24
reloadAllAccessors: .IterateOverArrayInferredOutputType

===========================================================================================
----------------- testing Fri Nov 22 06:22:01 UTC 2019 /home/travis/build/icyphy/ptII/ptolemy/actor/lib/hoc/test/auto/MobileFunctionTest.xml
----------------- Instantiating /home/travis/build/icyphy/ptII/ptolemy/actor/lib/hoc/test/auto/MobileFunctionTest.xml
3 ms. Memory: 148480K Free: 49934K (34%)
----------------- Invoking toplevel() on ptolemy.moml.MoMLSimpleApplication@41c20cbb
----------------- Done invoking toplevel() on ptolemy.moml.MoMLSimpleApplication@41c20cbb
reloadAllAccessors: .MobileFunctionTest

===========================================================================================
----------------- testing Fri Nov 22 06:22:01 UTC 2019 /home/travis/build/icyphy/ptII/ptolemy/actor/lib/hoc/test/auto/MobileModelTest.xml
----------------- Instantiating /home/travis/build/icyphy/ptII/ptolemy/actor/lib/hoc/test/auto/MobileModelTest.xml
162 ms. Memory: 148480K Free: 115274K (78%)
----------------- Invoking toplevel() on ptolemy.moml.MoMLSimpleApplication@5d2aa400
----------------- Done invoking toplevel() on ptolemy.moml.MoMLSimpleApplication@5d2aa400
reloadAllAccessors: .MobileModelTest

===========================================================================================
----------------- testing Fri Nov 22 06:22:01 UTC 2019 /home/travis/build/icyphy/ptII/ptolemy/actor/lib/hoc/test/auto/ModelReference.xml
----------------- Instantiating /home/travis/build/icyphy/ptII/ptolemy/actor/lib/hoc/test/auto/ModelReference.xml
2 ms. Memory: 148480K Free: 108620K (73%)
2 ms. Memory: 148480K Free: 108076K (73%)
1 ms. Memory: 148480K Free: 107068K (72%)
2 ms. Memory: 148480K Free: 106044K (71%)
1 ms. Memory: 148480K Free: 105548K (71%)
1 ms. Memory: 148480K Free: 104524K (70%)
1 ms. Memory: 148480K Free: 103980K (70%)
1 ms. Memory: 148480K Free: 102972K (69%)
2 ms. Memory: 148480K Free: 101948K (69%)
4 ms. Memory: 148480K Free: 101452K (68%)
28 ms. Memory: 148480K Free: 101452K (68%)
----------------- Invoking toplevel() on ptolemy.moml.MoMLSimpleApplication@700c10d
----------------- Done invoking toplevel() on ptolemy.moml.MoMLSimpleApplication@700c10d
reloadAllAccessors: .ModelReference

===========================================================================================
----------------- testing Fri Nov 22 06:22:01 UTC 2019 /home/travis/build/icyphy/ptII/ptolemy/actor/lib/hoc/test/auto/ModelReference3.xml
----------------- Instantiating /home/travis/build/icyphy/ptII/ptolemy/actor/lib/hoc/test/auto/ModelReference3.xml
2 ms. Memory: 148480K Free: 96812K (65%)
4 ms. Memory: 148480K Free: 96332K (65%)
2 ms. Memory: 148480K Free: 95308K (64%)
4 ms. Memory: 148480K Free: 94764K (64%)
2 ms. Memory: 148480K Free: 93756K (63%)
2 ms. Memory: 148480K Free: 92732K (62%)
4 ms. Memory: 148480K Free: 92236K (62%)
4 ms. Memory: 148480K Free: 91212K (61%)
2 ms. Memory: 148480K Free: 90668K (61%)
2 ms. Memory: 148480K Free: 89660K (60%)
39 ms. Memory: 148480K Free: 89660K (60%)
----------------- Invoking toplevel() on ptolemy.moml.MoMLSimpleApplication@45d648f1
----------------- Done invoking toplevel() on ptolemy.moml.MoMLSimpleApplication@45d648f1
reloadAllAccessors: .ModelReference3

===========================================================================================
----------------- testing Fri Nov 22 06:22:01 UTC 2019 /home/travis/build/icyphy/ptII/ptolemy/actor/lib/hoc/test/auto/ModelReference4.xml
----------------- Instantiating /home/travis/build/icyphy/ptII/ptolemy/actor/lib/hoc/test/auto/ModelReference4.xml
2 ms. Memory: 148480K Free: 85068K (57%)
3 ms. Memory: 148480K Free: 83524K (56%)
2 ms. Memory: 148480K Free: 82492K (56%)
4 ms. Memory: 148480K Free: 81482K (55%)
3 ms. Memory: 148480K Free: 79948K (54%)
2 ms. Memory: 148480K Free: 78924K (53%)
3 ms. Memory: 148480K Free: 77380K (52%)
2 ms. Memory: 148480K Free: 76348K (51%)
2 ms. Memory: 148480K Free: 74828K (50%)
2 ms. Memory: 148480K Free: 73260K (49%)
10022 ms. Memory: 148480K Free: 73260K (49%)
----------------- Invoking toplevel() on ptolemy.moml.MoMLSimpleApplication@6573aa6c
----------------- Done invoking toplevel() on ptolemy.moml.MoMLSimpleApplication@6573aa6c
reloadAllAccessors: .ModelReference4

===========================================================================================
----------------- testing Fri Nov 22 06:22:11 UTC 2019 /home/travis/build/icyphy/ptII/ptolemy/actor/lib/hoc/test/auto/MultiInstanceComposite.xml
----------------- Instantiating /home/travis/build/icyphy/ptII/ptolemy/actor/lib/hoc/test/auto/MultiInstanceComposite.xml
40 ms. Memory: 148480K Free: 53834K (36%)
----------------- Invoking toplevel() on ptolemy.moml.MoMLSimpleApplication@6a06b57e
----------------- Done invoking toplevel() on ptolemy.moml.MoMLSimpleApplication@6a06b57e
reloadAllAccessors: .MultiInstanceComposite

===========================================================================================
----------------- testing Fri Nov 22 06:22:12 UTC 2019 /home/travis/build/icyphy/ptII/ptolemy/actor/lib/hoc/test/auto/MultiInstanceComposite2.xml
----------------- Instantiating /home/travis/build/icyphy/ptII/ptolemy/actor/lib/hoc/test/auto/MultiInstanceComposite2.xml
24 ms. Memory: 148480K Free: 129339K (87%)
----------------- Invoking toplevel() on ptolemy.moml.MoMLSimpleApplication@29e53ff
----------------- Done invoking toplevel() on ptolemy.moml.MoMLSimpleApplication@29e53ff
reloadAllAccessors: .MultiInstanceComposite2

===========================================================================================
----------------- testing Fri Nov 22 06:22:12 UTC 2019 /home/travis/build/icyphy/ptII/ptolemy/actor/lib/hoc/test/auto/MulticoreExecution.xml
----------------- Instantiating /home/travis/build/icyphy/ptII/ptolemy/actor/lib/hoc/test/auto/MulticoreExecution.xml
Fired ExecutionTime: 15200000
Fired ExecutionTime: 19200000
Fired ExecutionTime: 47600000
Fired ExecutionTime: 47200000
Fired ExecutionTime: 28000000
Fired ExecutionTime: 50400000
Fired ExecutionTime: 88000000
Fired ExecutionTime: 88400000
Fired ExecutionTime: 88400000
Fired ExecutionTime: 88800000
Fired ExecutionTime: 88800000
Fired ExecutionTime: 88800000
Fired ExecutionTime: 89200000
Fired ExecutionTime: 77600000
Fired ExecutionTime: 78800000
Fired ExecutionTime: 90000000
Fired ExecutionTime: 88000000
Fired ExecutionTime: 86400000
Fired ExecutionTime: 88000000
Fired ExecutionTime: 88800000
1039 ms. Memory: 148480K Free: 120651K (81%)
----------------- Invoking toplevel() on ptolemy.moml.MoMLSimpleApplication@4f4e8df3
----------------- Done invoking toplevel() on ptolemy.moml.MoMLSimpleApplication@4f4e8df3
reloadAllAccessors: .MulticoreExecution

===========================================================================================
----------------- testing Fri Nov 22 06:22:13 UTC 2019 /home/travis/build/icyphy/ptII/ptolemy/actor/lib/hoc/test/auto/ParallelExecution.xml
----------------- Instantiating /home/travis/build/icyphy/ptII/ptolemy/actor/lib/hoc/test/auto/ParallelExecution.xml
913 ms. Memory: 148480K Free: 113481K (76%)
----------------- Invoking toplevel() on ptolemy.moml.MoMLSimpleApplication@7bbbb66
----------------- Done invoking toplevel() on ptolemy.moml.MoMLSimpleApplication@7bbbb66
reloadAllAccessors: .ParallelExecution

===========================================================================================
----------------- testing Fri Nov 22 06:22:14 UTC 2019 /home/travis/build/icyphy/ptII/ptolemy/actor/lib/hoc/test/auto/RunCompositeActor.xml
----------------- Instantiating /home/travis/build/icyphy/ptII/ptolemy/actor/lib/hoc/test/auto/RunCompositeActor.xml
10 ms. Memory: 148480K Free: 106477K (72%)
----------------- Invoking toplevel() on ptolemy.moml.MoMLSimpleApplication@28161a00
----------------- Done invoking toplevel() on ptolemy.moml.MoMLSimpleApplication@28161a00
reloadAllAccessors: .RunCompositeActor

===========================================================================================
----------------- testing Fri Nov 22 06:22:14 UTC 2019 /home/travis/build/icyphy/ptII/ptolemy/actor/lib/hoc/test/auto/RunCompositeActor2.xml
----------------- Instantiating /home/travis/build/icyphy/ptII/ptolemy/actor/lib/hoc/test/auto/RunCompositeActor2.xml
10 ms. Memory: 148480K Free: 100287K (68%)
----------------- Invoking toplevel() on ptolemy.moml.MoMLSimpleApplication@3f64d92a
----------------- Done invoking toplevel() on ptolemy.moml.MoMLSimpleApplication@3f64d92a
reloadAllAccessors: .RunCompositeActor2

===========================================================================================
----------------- testing Fri Nov 22 06:22:14 UTC 2019 /home/travis/build/icyphy/ptII/ptolemy/actor/lib/hoc/test/auto/RunCompositeActor3.xml
----------------- Instantiating /home/travis/build/icyphy/ptII/ptolemy/actor/lib/hoc/test/auto/RunCompositeActor3.xml
4 ms. Memory: 148480K Free: 95051K (64%)
----------------- Invoking toplevel() on ptolemy.moml.MoMLSimpleApplication@6f444dec
----------------- Done invoking toplevel() on ptolemy.moml.MoMLSimpleApplication@6f444dec
reloadAllAccessors: .RunCompositeActor3

===========================================================================================
----------------- testing Fri Nov 22 06:22:14 UTC 2019 /home/travis/build/icyphy/ptII/ptolemy/actor/lib/hoc/test/auto/RunCompositeActor4.xml
----------------- Instantiating /home/travis/build/icyphy/ptII/ptolemy/actor/lib/hoc/test/auto/RunCompositeActor4.xml
15 ms. Memory: 148480K Free: 86975K (59%)
----------------- Invoking toplevel() on ptolemy.moml.MoMLSimpleApplication@4f757abf
----------------- Done invoking toplevel() on ptolemy.moml.MoMLSimpleApplication@4f757abf
reloadAllAccessors: .RunCompositeActor4

===========================================================================================
----------------- testing Fri Nov 22 06:22:14 UTC 2019 /home/travis/build/icyphy/ptII/ptolemy/actor/lib/hoc/test/auto/RunCompositeIterateOverArray.xml
----------------- Instantiating /home/travis/build/icyphy/ptII/ptolemy/actor/lib/hoc/test/auto/RunCompositeIterateOverArray.xml
11 ms. Memory: 148480K Free: 80863K (54%)
----------------- Invoking toplevel() on ptolemy.moml.MoMLSimpleApplication@41bf577b
----------------- Done invoking toplevel() on ptolemy.moml.MoMLSimpleApplication@41bf577b
reloadAllAccessors: .RunCompositeIterateOverArray

===========================================================================================
----------------- testing Fri Nov 22 06:22:14 UTC 2019 /home/travis/build/icyphy/ptII/ptolemy/actor/lib/hoc/test/auto/ThreadedJS.xml
----------------- Instantiating /home/travis/build/icyphy/ptII/ptolemy/actor/lib/hoc/test/auto/ThreadedJS.xml
7055 ms. Memory: 257024K Free: 196606K (76%)
----------------- Invoking toplevel() on ptolemy.moml.MoMLSimpleApplication@14024558
----------------- Done invoking toplevel() on ptolemy.moml.MoMLSimpleApplication@14024558
reloadAllAccessors: .ThreadedJS
AutoTests.java: About to close Vertx.
AutoTests.java: Vertx closed.
]]></system-out>
  <system-err><![CDATA[java.lang.RuntimeException: Execution failed
	at ptolemy.moml.MoMLSimpleApplication$UnloadThread.run(MoMLSimpleApplication.java:402)
Caused by: ptolemy.kernel.util.IllegalActionException: initialize() was called after wrapup() was called but preinitialize() was not called after wrapup().
	at ptolemy.actor.lib.hoc.test.PreinitializeMustBeInvoked.initialize(PreinitializeMustBeInvoked.java:78)
	at ptolemy.actor.Director.initialize(Director.java:938)
	at ptolemy.actor.Director.initialize(Director.java:907)
	at ptolemy.actor.sched.StaticSchedulingDirector.initialize(StaticSchedulingDirector.java:159)
	at ptolemy.domains.sdf.kernel.SDFDirector.initialize(SDFDirector.java:544)
	at ptolemy.actor.CompositeActor.initialize(CompositeActor.java:935)
	at ptolemy.actor.lib.hoc.LifeCycleManager._executeInsideModel(LifeCycleManager.java:339)
	at ptolemy.actor.lib.hoc.RunCompositeActor.fire(RunCompositeActor.java:205)
	at ptolemy.actor.CompositeActor.iterate(CompositeActor.java:1146)
	at ptolemy.actor.sched.StaticSchedulingDirector.fire(StaticSchedulingDirector.java:216)
	at ptolemy.domains.sdf.kernel.SDFDirector.fire(SDFDirector.java:500)
	at ptolemy.actor.CompositeActor.fire(CompositeActor.java:455)
	at ptolemy.actor.Manager.iterate(Manager.java:851)
	at ptolemy.actor.Manager.execute(Manager.java:369)
	at ptolemy.actor.Manager.run(Manager.java:1263)
	at ptolemy.actor.Manager$PtolemyRunThread.run(Manager.java:1933)
java.lang.reflect.InvocationTargetException
	at java.base/jdk.internal.reflect.NativeConstructorAccessorImpl.newInstance0(Native Method)
	at java.base/jdk.internal.reflect.NativeConstructorAccessorImpl.newInstance(NativeConstructorAccessorImpl.java:62)
	at java.base/jdk.internal.reflect.DelegatingConstructorAccessorImpl.newInstance(DelegatingConstructorAccessorImpl.java:45)
	at java.base/java.lang.reflect.Constructor.newInstance(Constructor.java:490)
	at ptolemy.util.test.junit.AutoKnownFailedTests.RunModel(AutoKnownFailedTests.java:105)
	at java.base/jdk.internal.reflect.NativeMethodAccessorImpl.invoke0(Native Method)
	at java.base/jdk.internal.reflect.NativeMethodAccessorImpl.invoke(NativeMethodAccessorImpl.java:62)
	at java.base/jdk.internal.reflect.DelegatingMethodAccessorImpl.invoke(DelegatingMethodAccessorImpl.java:43)
	at java.base/java.lang.reflect.Method.invoke(Method.java:566)
	at org.junit.runners.model.FrameworkMethod$1.runReflectiveCall(FrameworkMethod.java:44)
	at org.junit.internal.runners.model.ReflectiveCallable.run(ReflectiveCallable.java:15)
	at org.junit.runners.model.FrameworkMethod.invokeExplosively(FrameworkMethod.java:41)
	at junitparams.internal.InvokeParameterisedMethod.evaluate(InvokeParameterisedMethod.java:102)
	at org.junit.internal.runners.statements.FailOnTimeout$1.run(FailOnTimeout.java:28)
Caused by: ptolemy.kernel.util.IllegalActionException: initialize() was called after wrapup() was called but preinitialize() was not called after wrapup().
	at ptolemy.actor.lib.hoc.test.PreinitializeMustBeInvoked.initialize(PreinitializeMustBeInvoked.java:78)
	at ptolemy.actor.Director.initialize(Director.java:938)
	at ptolemy.actor.Director.initialize(Director.java:907)
	at ptolemy.actor.sched.StaticSchedulingDirector.initialize(StaticSchedulingDirector.java:159)
	at ptolemy.domains.sdf.kernel.SDFDirector.initialize(SDFDirector.java:544)
	at ptolemy.actor.CompositeActor.initialize(CompositeActor.java:935)
	at ptolemy.actor.lib.hoc.LifeCycleManager._executeInsideModel(LifeCycleManager.java:339)
	at ptolemy.actor.lib.hoc.RunCompositeActor.fire(RunCompositeActor.java:205)
	at ptolemy.actor.CompositeActor.iterate(CompositeActor.java:1146)
	at ptolemy.actor.sched.StaticSchedulingDirector.fire(StaticSchedulingDirector.java:216)
	at ptolemy.domains.sdf.kernel.SDFDirector.fire(SDFDirector.java:500)
	at ptolemy.actor.CompositeActor.fire(CompositeActor.java:455)
	at ptolemy.actor.Manager.iterate(Manager.java:851)
	at ptolemy.actor.Manager.execute(Manager.java:369)
	at ptolemy.actor.Manager.run(Manager.java:1263)
	at ptolemy.actor.Manager$PtolemyRunThread.run(Manager.java:1933)
Warning: Nashorn engine is planned to be removed from a future JDK release
Warning: Nashorn engine is planned to be removed from a future JDK release
Warning: Nashorn engine is planned to be removed from a future JDK release
Warning: Nashorn engine is planned to be removed from a future JDK release
Warning: Nashorn engine is planned to be removed from a future JDK release
Warning: Nashorn engine is planned to be removed from a future JDK release
Warning: Nashorn engine is planned to be removed from a future JDK release
Warning: Nashorn engine is planned to be removed from a future JDK release
]]></system-err>
</testsuite>
