<?xml version="1.0" encoding="UTF-8" ?>
<testsuite errors="0" failures="0" hostname="travis-job-18c072e3-b05a-4c5b-b3d0-5dd9ca286a7e" name="ptolemy.domains.sdf.test.junit.JUnitTclTest" skipped="0" tests="66" time="21.022" timestamp="2019-08-21T05:49:27">
  <properties>
[...]
</properties>
  <testcase classname="ptolemy.util.test.junit.TclTests" name="[0] /home/travis/build/icyphy/ptII/ptolemy/domains/sdf/test/SDFSchedulerErrors.tcl (RunTclFile)" time="0.98" />
  <testcase classname="ptolemy.util.test.junit.TclTests" name="[1] /home/travis/build/icyphy/ptII/ptolemy/domains/sdf/test/composition.tcl (RunTclFile)" time="0.164" />
  <testcase classname="ptolemy.util.test.junit.TclTests" name="[2] /home/travis/build/icyphy/ptII/ptolemy/domains/sdf/test/cycle.tcl (RunTclFile)" time="0.062" />
  <testcase classname="ptolemy.util.test.junit.AutoKnownFailedTests" name="[0] ThereAreNoKnowFailedTests (RunModel)" time="0.007" />
  <testcase classname="ptolemy.util.test.junit.AutoNameArchTests" name="[0] ThereAreNoAutoArchTests (RunModel)" time="0.003" />
  <testcase classname="ptolemy.util.test.junit.AutoTests" name="[0] /home/travis/build/icyphy/ptII/ptolemy/domains/sdf/test/auto/Array.xml (RunModel)" time="0.264" />
  <testcase classname="ptolemy.util.test.junit.AutoTests" name="[1] /home/travis/build/icyphy/ptII/ptolemy/domains/sdf/test/auto/Butterfly.xml (RunModel)" time="0.131" />
  <testcase classname="ptolemy.util.test.junit.AutoTests" name="[2] /home/travis/build/icyphy/ptII/ptolemy/domains/sdf/test/auto/Expression.xml (RunModel)" time="0.143" />
  <testcase classname="ptolemy.util.test.junit.AutoTests" name="[3] /home/travis/build/icyphy/ptII/ptolemy/domains/sdf/test/auto/Eye.xml (RunModel)" time="0.34" />
  <testcase classname="ptolemy.util.test.junit.AutoTests" name="[4] /home/travis/build/icyphy/ptII/ptolemy/domains/sdf/test/auto/FixFIR.xml (RunModel)" time="0.456" />
  <testcase classname="ptolemy.util.test.junit.AutoTests" name="[5] /home/travis/build/icyphy/ptII/ptolemy/domains/sdf/test/auto/FixPoint.xml (RunModel)" time="0.044" />
  <testcase classname="ptolemy.util.test.junit.AutoTests" name="[6] /home/travis/build/icyphy/ptII/ptolemy/domains/sdf/test/auto/Gravitation.xml (RunModel)" time="3.293" />
  <testcase classname="ptolemy.util.test.junit.AutoTests" name="[7] /home/travis/build/icyphy/ptII/ptolemy/domains/sdf/test/auto/GravitationWithCollisionDetection.xml (RunModel)" time="6.76" />
  <testcase classname="ptolemy.util.test.junit.AutoTests" name="[8] /home/travis/build/icyphy/ptII/ptolemy/domains/sdf/test/auto/HDF.xml (RunModel)" time="0.12" />
  <testcase classname="ptolemy.util.test.junit.AutoTests" name="[9] /home/travis/build/icyphy/ptII/ptolemy/domains/sdf/test/auto/HDFwithTransientStates.xml (RunModel)" time="0.102" />
  <testcase classname="ptolemy.util.test.junit.AutoTests" name="[10] /home/travis/build/icyphy/ptII/ptolemy/domains/sdf/test/auto/HTVQ.xml (RunModel)" time="0.953" />
  <testcase classname="ptolemy.util.test.junit.AutoTests" name="[11] /home/travis/build/icyphy/ptII/ptolemy/domains/sdf/test/auto/InferInitProduction.xml (RunModel)" time="0.028" />
  <testcase classname="ptolemy.util.test.junit.AutoTests" name="[12] /home/travis/build/icyphy/ptII/ptolemy/domains/sdf/test/auto/InferInitProductionDeeper.xml (RunModel)" time="0.024" />
  <testcase classname="ptolemy.util.test.junit.AutoTests" name="[13] /home/travis/build/icyphy/ptII/ptolemy/domains/sdf/test/auto/LMSAdaptive.xml (RunModel)" time="0.072" />
  <testcase classname="ptolemy.util.test.junit.AutoTests" name="[14] /home/travis/build/icyphy/ptII/ptolemy/domains/sdf/test/auto/LogisticMap.xml (RunModel)" time="0.471" />
  <testcase classname="ptolemy.util.test.junit.AutoTests" name="[15] /home/travis/build/icyphy/ptII/ptolemy/domains/sdf/test/auto/MaximumEntropySpectrum.xml (RunModel)" time="0.279" />
  <testcase classname="ptolemy.util.test.junit.AutoTests" name="[16] /home/travis/build/icyphy/ptII/ptolemy/domains/sdf/test/auto/MultirateSDF.xml (RunModel)" time="0.046" />
  <testcase classname="ptolemy.util.test.junit.AutoTests" name="[17] /home/travis/build/icyphy/ptII/ptolemy/domains/sdf/test/auto/MultirateSDFwithTransientStates.xml (RunModel)" time="0.059" />
  <testcase classname="ptolemy.util.test.junit.AutoTests" name="[18] /home/travis/build/icyphy/ptII/ptolemy/domains/sdf/test/auto/NoisySinewave.xml (RunModel)" time="0.049" />
  <testcase classname="ptolemy.util.test.junit.AutoTests" name="[19] /home/travis/build/icyphy/ptII/ptolemy/domains/sdf/test/auto/Objects.xml (RunModel)" time="0.035" />
  <testcase classname="ptolemy.util.test.junit.AutoTests" name="[20] /home/travis/build/icyphy/ptII/ptolemy/domains/sdf/test/auto/OrthogonalCom.xml (RunModel)" time="0.035" />
  <testcase classname="ptolemy.util.test.junit.AutoTests" name="[21] /home/travis/build/icyphy/ptII/ptolemy/domains/sdf/test/auto/RijndaelEncryption.xml (RunModel)" time="0.557" />
  <testcase classname="ptolemy.util.test.junit.AutoTests" name="[22] /home/travis/build/icyphy/ptII/ptolemy/domains/sdf/test/auto/SDFEmptyIterations.xml (RunModel)" time="0.013" />
  <testcase classname="ptolemy.util.test.junit.AutoTests" name="[23] /home/travis/build/icyphy/ptII/ptolemy/domains/sdf/test/auto/Spectrum.xml (RunModel)" time="0.077" />
  <testcase classname="ptolemy.util.test.junit.AutoTests" name="[24] /home/travis/build/icyphy/ptII/ptolemy/domains/sdf/test/auto/de_inside_sdf.xml (RunModel)" time="0.028" />
  <testcase classname="ptolemy.util.test.junit.AutoTests" name="[25] /home/travis/build/icyphy/ptII/ptolemy/domains/sdf/test/auto/disconnectedHierarchicalSDF.xml (RunModel)" time="0.024" />
  <testcase classname="ptolemy.util.test.junit.AutoTests" name="[26] /home/travis/build/icyphy/ptII/ptolemy/domains/sdf/test/auto/disconnectedSDF.xml (RunModel)" time="0.017" />
  <testcase classname="ptolemy.util.test.junit.AutoTests" name="[27] /home/travis/build/icyphy/ptII/ptolemy/domains/sdf/test/auto/emptyRefinement.xml (RunModel)" time="0.018" />
  <testcase classname="ptolemy.util.test.junit.AutoTests" name="[28] /home/travis/build/icyphy/ptII/ptolemy/domains/sdf/test/auto/filePortParameter.xml (RunModel)" time="0.052" />
  <testcase classname="ptolemy.util.test.junit.AutoTests" name="[29] /home/travis/build/icyphy/ptII/ptolemy/domains/sdf/test/auto/inferRelationWidth1.xml (RunModel)" time="0.018" />
  <testcase classname="ptolemy.util.test.junit.AutoTests" name="[30] /home/travis/build/icyphy/ptII/ptolemy/domains/sdf/test/auto/initProductionInference.xml (RunModel)" time="0.022" />
  <testcase classname="ptolemy.util.test.junit.AutoTests" name="[31] /home/travis/build/icyphy/ptII/ptolemy/domains/sdf/test/auto/relationGroup.xml (RunModel)" time="0.025" />
  <testcase classname="ptolemy.util.test.junit.AutoTests" name="[32] /home/travis/build/icyphy/ptII/ptolemy/domains/sdf/test/auto/relationGroup10.xml (RunModel)" time="0.013" />
  <testcase classname="ptolemy.util.test.junit.AutoTests" name="[33] /home/travis/build/icyphy/ptII/ptolemy/domains/sdf/test/auto/relationGroup11.xml (RunModel)" time="0.018" />
  <testcase classname="ptolemy.util.test.junit.AutoTests" name="[34] /home/travis/build/icyphy/ptII/ptolemy/domains/sdf/test/auto/relationGroup12.xml (RunModel)" time="0.014" />
  <testcase classname="ptolemy.util.test.junit.AutoTests" name="[35] /home/travis/build/icyphy/ptII/ptolemy/domains/sdf/test/auto/relationGroup13.xml (RunModel)" time="0.018" />
  <testcase classname="ptolemy.util.test.junit.AutoTests" name="[36] /home/travis/build/icyphy/ptII/ptolemy/domains/sdf/test/auto/relationGroup14.xml (RunModel)" time="0.014" />
  <testcase classname="ptolemy.util.test.junit.AutoTests" name="[37] /home/travis/build/icyphy/ptII/ptolemy/domains/sdf/test/auto/relationGroup15.xml (RunModel)" time="0.014" />
  <testcase classname="ptolemy.util.test.junit.AutoTests" name="[38] /home/travis/build/icyphy/ptII/ptolemy/domains/sdf/test/auto/relationGroup2.xml (RunModel)" time="0.01" />
  <testcase classname="ptolemy.util.test.junit.AutoTests" name="[39] /home/travis/build/icyphy/ptII/ptolemy/domains/sdf/test/auto/relationGroup3.xml (RunModel)" time="0.019" />
  <testcase classname="ptolemy.util.test.junit.AutoTests" name="[40] /home/travis/build/icyphy/ptII/ptolemy/domains/sdf/test/auto/relationGroup4.xml (RunModel)" time="0.016" />
  <testcase classname="ptolemy.util.test.junit.AutoTests" name="[41] /home/travis/build/icyphy/ptII/ptolemy/domains/sdf/test/auto/relationGroup5.xml (RunModel)" time="0.014" />
  <testcase classname="ptolemy.util.test.junit.AutoTests" name="[42] /home/travis/build/icyphy/ptII/ptolemy/domains/sdf/test/auto/relationGroup6.xml (RunModel)" time="0.012" />
  <testcase classname="ptolemy.util.test.junit.AutoTests" name="[43] /home/travis/build/icyphy/ptII/ptolemy/domains/sdf/test/auto/relationGroup7.xml (RunModel)" time="0.009" />
  <testcase classname="ptolemy.util.test.junit.AutoTests" name="[44] /home/travis/build/icyphy/ptII/ptolemy/domains/sdf/test/auto/relationGroup8.xml (RunModel)" time="0.013" />
  <testcase classname="ptolemy.util.test.junit.AutoTests" name="[45] /home/travis/build/icyphy/ptII/ptolemy/domains/sdf/test/auto/relationGroup9.xml (RunModel)" time="0.015" />
  <testcase classname="ptolemy.util.test.junit.AutoTests" name="[46] /home/travis/build/icyphy/ptII/ptolemy/domains/sdf/test/auto/sdf_inside_de.xml (RunModel)" time="0.036" />
  <testcase classname="ptolemy.util.test.junit.AutoTests" name="[47] /home/travis/build/icyphy/ptII/ptolemy/domains/sdf/test/auto/sdf_inside_pn.xml (RunModel)" time="0.052" />
  <testcase classname="ptolemy.util.test.junit.AutoTests" name="[48] /home/travis/build/icyphy/ptII/ptolemy/domains/sdf/test/auto/sdf_sdf1.xml (RunModel)" time="0.019" />
  <testcase classname="ptolemy.util.test.junit.AutoTests" name="[49] /home/travis/build/icyphy/ptII/ptolemy/domains/sdf/test/auto/test1.xml (RunModel)" time="0.016" />
  <testcase classname="ptolemy.util.test.junit.AutoTests" name="[50] /home/travis/build/icyphy/ptII/ptolemy/domains/sdf/test/auto/time1.xml (RunModel)" time="0.009" />
  <testcase classname="ptolemy.util.test.junit.AutoTests" name="[51] /home/travis/build/icyphy/ptII/ptolemy/domains/sdf/test/auto/time2.xml (RunModel)" time="0.015" />
  <testcase classname="ptolemy.util.test.junit.AutoTests" name="[52] /home/travis/build/icyphy/ptII/ptolemy/domains/sdf/test/auto/time3.xml (RunModel)" time="0.021" />
  <testcase classname="ptolemy.util.test.junit.AutoTests" name="[53] /home/travis/build/icyphy/ptII/ptolemy/domains/sdf/test/auto/time4.xml (RunModel)" time="0.015" />
  <testcase classname="ptolemy.util.test.junit.AutoTests" name="[54] /home/travis/build/icyphy/ptII/ptolemy/domains/sdf/test/auto/time5.xml (RunModel)" time="4.008" />
  <testcase classname="ptolemy.util.test.junit.AutoTests" name="[55] /home/travis/build/icyphy/ptII/ptolemy/domains/sdf/test/auto/typeSystem_Const_Integer_smallest_Type.xml (RunModel)" time="0.026" />
  <testcase classname="ptolemy.util.test.junit.AutoTests" name="[56] /home/travis/build/icyphy/ptII/ptolemy/domains/sdf/test/auto/typeSystem_declared_Inports_OutportTypeException.xml (RunModel)" time="0.04" />
  <testcase classname="ptolemy.util.test.junit.AutoTests" name="[57] /home/travis/build/icyphy/ptII/ptolemy/domains/sdf/test/auto/typeSystem_oneDeclaredInportType_wrongTypeOutport.xml (RunModel)" time="0.016" />
  <testcase classname="ptolemy.util.test.junit.AutoTests" name="[58] /home/travis/build/icyphy/ptII/ptolemy/domains/sdf/test/auto/width.xml (RunModel)" time="0.011" />
  <testcase classname="ptolemy.util.test.junit.AutoTests" name="[59] /home/travis/build/icyphy/ptII/ptolemy/domains/sdf/test/auto/width2.xml (RunModel)" time="0.035" />
  <testcase classname="ptolemy.util.test.junit.AutoTests" name="[60] /home/travis/build/icyphy/ptII/ptolemy/domains/sdf/test/auto/width3.xml (RunModel)" time="0.036" />
  <system-out><![CDATA[/home/travis/build/icyphy/ptII/ptolemy/domains/sdf/test/SDFSchedulerErrors.tcl
testDefs.tcl: setting time out to 9000 seconds at Wed Aug 21 05:49:27 UTC 2019
90 ms. Memory: 120832K Free: 82374K (68%)
11 ms. Memory: 120832K Free: 74696K (62%)
6 ms. Memory: 120832K Free: 68023K (56%)
10 ms. Memory: 120832K Free: 65480K (54%)
/home/travis/build/icyphy/ptII/ptolemy/domains/sdf/test/composition.tcl
29 ms. Memory: 120832K Free: 61384K (51%)
8 ms. Memory: 120832K Free: 59336K (49%)
/home/travis/build/icyphy/ptII/ptolemy/domains/sdf/test/cycle.tcl
.Toplevel.Director Preinitializing ...
Invoking preinitialize():  .Toplevel.Actor1
Invoking preinitialize():  .Toplevel.Actor2
Invoking preinitialize():  .Toplevel.Delay
.Toplevel.Director Finished preinitialize().
### Schedule:
Execute Schedule{
Fire Actor ptolemy.domains.sdf.kernel.test.SDFTestDelay {.Toplevel.Actor1}
Fire Actor ptolemy.domains.sdf.kernel.test.SDFTestDelay {.Toplevel.Actor2}
Fire Actor ptolemy.domains.sdf.lib.SampleDelay {.Toplevel.Delay}
}
### End schedule
Called initialize().
Invoking initialize():  .Toplevel.Actor1
Initializing actor: .Toplevel.Actor1.
Invoking initialize():  .Toplevel.Actor2
Initializing actor: .Toplevel.Actor2.
Invoking initialize():  .Toplevel.Delay
Initializing actor: .Toplevel.Delay.
Director: Called prefire().
-- Setting current time to 0.0
Director prefire returns true.
The actor .Toplevel.Actor1 will be iterated.
The actor .Toplevel.Actor1 was iterated.
The actor .Toplevel.Actor2 will be iterated.
The actor .Toplevel.Actor2 was iterated.
The actor .Toplevel.Delay will be iterated.
The actor .Toplevel.Delay was iterated.
Director: Called postfire().
Postfire returns: true
Director: Called prefire().
-- Setting current time to 0.0
Director prefire returns true.
The actor .Toplevel.Actor1 will be iterated.
The actor .Toplevel.Actor1 was iterated.
The actor .Toplevel.Actor2 will be iterated.
The actor .Toplevel.Actor2 was iterated.
The actor .Toplevel.Delay will be iterated.
The actor .Toplevel.Delay was iterated.
Director: Called postfire().
Postfire returns: true
Director: Called prefire().
-- Setting current time to 0.0
Director prefire returns true.
The actor .Toplevel.Actor1 will be iterated.
The actor .Toplevel.Actor1 was iterated.
The actor .Toplevel.Actor2 will be iterated.
The actor .Toplevel.Actor2 was iterated.
The actor .Toplevel.Delay will be iterated.
The actor .Toplevel.Delay was iterated.
Director: Called postfire().
Postfire returns: true
Director: Called prefire().
-- Setting current time to 0.0
Director prefire returns true.
The actor .Toplevel.Actor1 will be iterated.
The actor .Toplevel.Actor1 was iterated.
The actor .Toplevel.Actor2 will be iterated.
The actor .Toplevel.Actor2 was iterated.
The actor .Toplevel.Delay will be iterated.
The actor .Toplevel.Delay was iterated.
Director: Called postfire().
Postfire returns: true
Director: Called prefire().
-- Setting current time to 0.0
Director prefire returns true.
The actor .Toplevel.Actor1 will be iterated.
The actor .Toplevel.Actor1 was iterated.
The actor .Toplevel.Actor2 will be iterated.
The actor .Toplevel.Actor2 was iterated.
The actor .Toplevel.Delay will be iterated.
The actor .Toplevel.Delay was iterated.
Director: Called postfire().
Postfire returns: true
Director: Called prefire().
-- Setting current time to 0.0
Director prefire returns true.
The actor .Toplevel.Actor1 will be iterated.
The actor .Toplevel.Actor1 was iterated.
The actor .Toplevel.Actor2 will be iterated.
The actor .Toplevel.Actor2 was iterated.
The actor .Toplevel.Delay will be iterated.
The actor .Toplevel.Delay was iterated.
Reached specified number of iterations: 6
Director: Called wrapup().
40 ms. Memory: 120832K Free: 56264K (47%)
08/21/19 05:49:28
Failed: 0  Total Tests: 8  ((Passed: 8, Newly Passed: 0)  Known Failed: 0) /home/travis/build/icyphy/ptII/ptolemy/domains/sdf/test
No auto/knownFailedTests/*.xml tests in /home/travis/build/icyphy/ptII/ptolemy/domains/sdf/test
No auto/linux-amd64/*.xml tests in /home/travis/build/icyphy/ptII/ptolemy/domains/sdf/test
AutoTests.java: About to close Vertx.
AutoTests.java: Vertx closed.

===========================================================================================
----------------- testing Wed Aug 21 05:49:29 UTC 2019 /home/travis/build/icyphy/ptII/ptolemy/domains/sdf/test/auto/Array.xml
----------------- Instantiating /home/travis/build/icyphy/ptII/ptolemy/domains/sdf/test/auto/Array.xml
37 ms. Memory: 120832K Free: 105820K (88%)
----------------- Invoking toplevel() on ptolemy.moml.MoMLSimpleApplication@4b8b8c96
----------------- Done invoking toplevel() on ptolemy.moml.MoMLSimpleApplication@4b8b8c96
reloadAllAccessors: .Array

===========================================================================================
----------------- testing Wed Aug 21 05:49:29 UTC 2019 /home/travis/build/icyphy/ptII/ptolemy/domains/sdf/test/auto/Butterfly.xml
----------------- Instantiating /home/travis/build/icyphy/ptII/ptolemy/domains/sdf/test/auto/Butterfly.xml
82 ms. Memory: 120832K Free: 99601K (82%)
----------------- Invoking toplevel() on ptolemy.moml.MoMLSimpleApplication@6305e859
----------------- Done invoking toplevel() on ptolemy.moml.MoMLSimpleApplication@6305e859
reloadAllAccessors: .Butterfly

===========================================================================================
----------------- testing Wed Aug 21 05:49:29 UTC 2019 /home/travis/build/icyphy/ptII/ptolemy/domains/sdf/test/auto/Expression.xml
----------------- Instantiating /home/travis/build/icyphy/ptII/ptolemy/domains/sdf/test/auto/Expression.xml
77 ms. Memory: 120832K Free: 95109K (79%)
----------------- Invoking toplevel() on ptolemy.moml.MoMLSimpleApplication@3e85d303
----------------- Done invoking toplevel() on ptolemy.moml.MoMLSimpleApplication@3e85d303
reloadAllAccessors: .Expression

===========================================================================================
----------------- testing Wed Aug 21 05:49:29 UTC 2019 /home/travis/build/icyphy/ptII/ptolemy/domains/sdf/test/auto/Eye.xml
----------------- Instantiating /home/travis/build/icyphy/ptII/ptolemy/domains/sdf/test/auto/Eye.xml
188 ms. Memory: 120832K Free: 99589K (82%)
----------------- Invoking toplevel() on ptolemy.moml.MoMLSimpleApplication@1610d5fa
----------------- Done invoking toplevel() on ptolemy.moml.MoMLSimpleApplication@1610d5fa
reloadAllAccessors: .Eye

===========================================================================================
----------------- testing Wed Aug 21 05:49:30 UTC 2019 /home/travis/build/icyphy/ptII/ptolemy/domains/sdf/test/auto/FixFIR.xml
----------------- Instantiating /home/travis/build/icyphy/ptII/ptolemy/domains/sdf/test/auto/FixFIR.xml
212 ms. Memory: 120832K Free: 66633K (55%)
----------------- Invoking toplevel() on ptolemy.moml.MoMLSimpleApplication@47f6744d
----------------- Done invoking toplevel() on ptolemy.moml.MoMLSimpleApplication@47f6744d
reloadAllAccessors: .FixFIR

===========================================================================================
----------------- testing Wed Aug 21 05:49:30 UTC 2019 /home/travis/build/icyphy/ptII/ptolemy/domains/sdf/test/auto/FixPoint.xml
----------------- Instantiating /home/travis/build/icyphy/ptII/ptolemy/domains/sdf/test/auto/FixPoint.xml
14 ms. Memory: 120832K Free: 105031K (87%)
----------------- Invoking toplevel() on ptolemy.moml.MoMLSimpleApplication@41753315
----------------- Done invoking toplevel() on ptolemy.moml.MoMLSimpleApplication@41753315
reloadAllAccessors: .FixPoint

===========================================================================================
----------------- testing Wed Aug 21 05:49:30 UTC 2019 /home/travis/build/icyphy/ptII/ptolemy/domains/sdf/test/auto/Gravitation.xml
----------------- Instantiating /home/travis/build/icyphy/ptII/ptolemy/domains/sdf/test/auto/Gravitation.xml
3211 ms. Memory: 145408K Free: 63780K (44%)
----------------- Invoking toplevel() on ptolemy.moml.MoMLSimpleApplication@65860a94
----------------- Done invoking toplevel() on ptolemy.moml.MoMLSimpleApplication@65860a94
reloadAllAccessors: .Gravitation

===========================================================================================
----------------- testing Wed Aug 21 05:49:34 UTC 2019 /home/travis/build/icyphy/ptII/ptolemy/domains/sdf/test/auto/GravitationWithCollisionDetection.xml
----------------- Instantiating /home/travis/build/icyphy/ptII/ptolemy/domains/sdf/test/auto/GravitationWithCollisionDetection.xml
6520 ms. Memory: 262144K Free: 166468K (64%)
----------------- Invoking toplevel() on ptolemy.moml.MoMLSimpleApplication@74d246cd
----------------- Done invoking toplevel() on ptolemy.moml.MoMLSimpleApplication@74d246cd
reloadAllAccessors: .GravitationWithCollisionDetection

===========================================================================================
----------------- testing Wed Aug 21 05:49:40 UTC 2019 /home/travis/build/icyphy/ptII/ptolemy/domains/sdf/test/auto/HDF.xml
----------------- Instantiating /home/travis/build/icyphy/ptII/ptolemy/domains/sdf/test/auto/HDF.xml
41 ms. Memory: 262144K Free: 150628K (57%)
----------------- Invoking toplevel() on ptolemy.moml.MoMLSimpleApplication@4ba82a74
----------------- Done invoking toplevel() on ptolemy.moml.MoMLSimpleApplication@4ba82a74
reloadAllAccessors: .HDF

===========================================================================================
----------------- testing Wed Aug 21 05:49:40 UTC 2019 /home/travis/build/icyphy/ptII/ptolemy/domains/sdf/test/auto/HDFwithTransientStates.xml
----------------- Instantiating /home/travis/build/icyphy/ptII/ptolemy/domains/sdf/test/auto/HDFwithTransientStates.xml
36 ms. Memory: 262144K Free: 131682K (50%)
----------------- Invoking toplevel() on ptolemy.moml.MoMLSimpleApplication@32acb284
----------------- Done invoking toplevel() on ptolemy.moml.MoMLSimpleApplication@32acb284
reloadAllAccessors: .HDFwithTransientStates

===========================================================================================
----------------- testing Wed Aug 21 05:49:41 UTC 2019 /home/travis/build/icyphy/ptII/ptolemy/domains/sdf/test/auto/HTVQ.xml
----------------- Instantiating /home/travis/build/icyphy/ptII/ptolemy/domains/sdf/test/auto/HTVQ.xml
909 ms. Memory: 346112K Free: 201910K (58%)
----------------- Invoking toplevel() on ptolemy.moml.MoMLSimpleApplication@5a51e3c1
----------------- Done invoking toplevel() on ptolemy.moml.MoMLSimpleApplication@5a51e3c1
reloadAllAccessors: .HTVQ

===========================================================================================
----------------- testing Wed Aug 21 05:49:41 UTC 2019 /home/travis/build/icyphy/ptII/ptolemy/domains/sdf/test/auto/InferInitProduction.xml
----------------- Instantiating /home/travis/build/icyphy/ptII/ptolemy/domains/sdf/test/auto/InferInitProduction.xml
7 ms. Memory: 346112K Free: 196379K (57%)
----------------- Invoking toplevel() on ptolemy.moml.MoMLSimpleApplication@3be59395
----------------- Done invoking toplevel() on ptolemy.moml.MoMLSimpleApplication@3be59395
reloadAllAccessors: .InferInitProduction

===========================================================================================
----------------- testing Wed Aug 21 05:49:42 UTC 2019 /home/travis/build/icyphy/ptII/ptolemy/domains/sdf/test/auto/InferInitProductionDeeper.xml
----------------- Instantiating /home/travis/build/icyphy/ptII/ptolemy/domains/sdf/test/auto/InferInitProductionDeeper.xml
6 ms. Memory: 346112K Free: 190715K (55%)
----------------- Invoking toplevel() on ptolemy.moml.MoMLSimpleApplication@4f40d024
----------------- Done invoking toplevel() on ptolemy.moml.MoMLSimpleApplication@4f40d024
reloadAllAccessors: .InferInitProductionDeeper

===========================================================================================
----------------- testing Wed Aug 21 05:49:42 UTC 2019 /home/travis/build/icyphy/ptII/ptolemy/domains/sdf/test/auto/LMSAdaptive.xml
----------------- Instantiating /home/travis/build/icyphy/ptII/ptolemy/domains/sdf/test/auto/LMSAdaptive.xml
17 ms. Memory: 346112K Free: 181529K (52%)
----------------- Invoking toplevel() on ptolemy.moml.MoMLSimpleApplication@5643cc4e
----------------- Done invoking toplevel() on ptolemy.moml.MoMLSimpleApplication@5643cc4e
reloadAllAccessors: .LMSAdaptive

===========================================================================================
----------------- testing Wed Aug 21 05:49:42 UTC 2019 /home/travis/build/icyphy/ptII/ptolemy/domains/sdf/test/auto/LogisticMap.xml
----------------- Instantiating /home/travis/build/icyphy/ptII/ptolemy/domains/sdf/test/auto/LogisticMap.xml
443 ms. Memory: 346112K Free: 175899K (51%)
----------------- Invoking toplevel() on ptolemy.moml.MoMLSimpleApplication@2b120a90
----------------- Done invoking toplevel() on ptolemy.moml.MoMLSimpleApplication@2b120a90
reloadAllAccessors: .LogisticMap

===========================================================================================
----------------- testing Wed Aug 21 05:49:42 UTC 2019 /home/travis/build/icyphy/ptII/ptolemy/domains/sdf/test/auto/MaximumEntropySpectrum.xml
----------------- Instantiating /home/travis/build/icyphy/ptII/ptolemy/domains/sdf/test/auto/MaximumEntropySpectrum.xml
67 ms. Memory: 346112K Free: 310382K (90%)
----------------- Invoking toplevel() on ptolemy.moml.MoMLSimpleApplication@5586257e
----------------- Done invoking toplevel() on ptolemy.moml.MoMLSimpleApplication@5586257e
reloadAllAccessors: .MaximumEntropySpectrum

===========================================================================================
----------------- testing Wed Aug 21 05:49:42 UTC 2019 /home/travis/build/icyphy/ptII/ptolemy/domains/sdf/test/auto/MultirateSDF.xml
----------------- Instantiating /home/travis/build/icyphy/ptII/ptolemy/domains/sdf/test/auto/MultirateSDF.xml
15 ms. Memory: 346112K Free: 296046K (86%)
----------------- Invoking toplevel() on ptolemy.moml.MoMLSimpleApplication@4eb30491
----------------- Done invoking toplevel() on ptolemy.moml.MoMLSimpleApplication@4eb30491
reloadAllAccessors: .MultirateSDF

===========================================================================================
----------------- testing Wed Aug 21 05:49:42 UTC 2019 /home/travis/build/icyphy/ptII/ptolemy/domains/sdf/test/auto/MultirateSDFwithTransientStates.xml
----------------- Instantiating /home/travis/build/icyphy/ptII/ptolemy/domains/sdf/test/auto/MultirateSDFwithTransientStates.xml
18 ms. Memory: 346112K Free: 277069K (80%)
----------------- Invoking toplevel() on ptolemy.moml.MoMLSimpleApplication@1a724517
----------------- Done invoking toplevel() on ptolemy.moml.MoMLSimpleApplication@1a724517
reloadAllAccessors: .MultirateSDFwithTransientStates

===========================================================================================
----------------- testing Wed Aug 21 05:49:42 UTC 2019 /home/travis/build/icyphy/ptII/ptolemy/domains/sdf/test/auto/NoisySinewave.xml
----------------- Instantiating /home/travis/build/icyphy/ptII/ptolemy/domains/sdf/test/auto/NoisySinewave.xml
12 ms. Memory: 346112K Free: 260206K (75%)
----------------- Invoking toplevel() on ptolemy.moml.MoMLSimpleApplication@14f1bcc9
----------------- Done invoking toplevel() on ptolemy.moml.MoMLSimpleApplication@14f1bcc9
reloadAllAccessors: .NoisySinewave

===========================================================================================
----------------- testing Wed Aug 21 05:49:43 UTC 2019 /home/travis/build/icyphy/ptII/ptolemy/domains/sdf/test/auto/Objects.xml
----------------- Instantiating /home/travis/build/icyphy/ptII/ptolemy/domains/sdf/test/auto/Objects.xml
2 ms. Memory: 346112K Free: 252014K (73%)
----------------- Invoking toplevel() on ptolemy.moml.MoMLSimpleApplication@7b01a12f
----------------- Done invoking toplevel() on ptolemy.moml.MoMLSimpleApplication@7b01a12f
reloadAllAccessors: .Objects

===========================================================================================
----------------- testing Wed Aug 21 05:49:43 UTC 2019 /home/travis/build/icyphy/ptII/ptolemy/domains/sdf/test/auto/OrthogonalCom.xml
----------------- Instantiating /home/travis/build/icyphy/ptII/ptolemy/domains/sdf/test/auto/OrthogonalCom.xml
4 ms. Memory: 346112K Free: 243822K (70%)
----------------- Invoking toplevel() on ptolemy.moml.MoMLSimpleApplication@5d981b95
----------------- Done invoking toplevel() on ptolemy.moml.MoMLSimpleApplication@5d981b95
reloadAllAccessors: .OrthogonalCom

===========================================================================================
----------------- testing Wed Aug 21 05:49:43 UTC 2019 /home/travis/build/icyphy/ptII/ptolemy/domains/sdf/test/auto/RijndaelEncryption.xml
----------------- Instantiating /home/travis/build/icyphy/ptII/ptolemy/domains/sdf/test/auto/RijndaelEncryption.xml
284 ms. Memory: 346112K Free: 301685K (87%)
----------------- Invoking toplevel() on ptolemy.moml.MoMLSimpleApplication@463af1eb
----------------- Done invoking toplevel() on ptolemy.moml.MoMLSimpleApplication@463af1eb
reloadAllAccessors: .RijndaelEncryption

===========================================================================================
----------------- testing Wed Aug 21 05:49:43 UTC 2019 /home/travis/build/icyphy/ptII/ptolemy/domains/sdf/test/auto/SDFEmptyIterations.xml
----------------- Instantiating /home/travis/build/icyphy/ptII/ptolemy/domains/sdf/test/auto/SDFEmptyIterations.xml
4 ms. Memory: 346112K Free: 296924K (86%)
----------------- Invoking toplevel() on ptolemy.moml.MoMLSimpleApplication@53b10175
----------------- Done invoking toplevel() on ptolemy.moml.MoMLSimpleApplication@53b10175
reloadAllAccessors: .SDFEmptyIterations

===========================================================================================
----------------- testing Wed Aug 21 05:49:43 UTC 2019 /home/travis/build/icyphy/ptII/ptolemy/domains/sdf/test/auto/Spectrum.xml
----------------- Instantiating /home/travis/build/icyphy/ptII/ptolemy/domains/sdf/test/auto/Spectrum.xml
24 ms. Memory: 346112K Free: 272362K (79%)
----------------- Invoking toplevel() on ptolemy.moml.MoMLSimpleApplication@4b7cedae
----------------- Done invoking toplevel() on ptolemy.moml.MoMLSimpleApplication@4b7cedae
reloadAllAccessors: .Spectrum

===========================================================================================
----------------- testing Wed Aug 21 05:49:43 UTC 2019 /home/travis/build/icyphy/ptII/ptolemy/domains/sdf/test/auto/de_inside_sdf.xml
----------------- Instantiating /home/travis/build/icyphy/ptII/ptolemy/domains/sdf/test/auto/de_inside_sdf.xml
7 ms. Memory: 346112K Free: 267212K (77%)
----------------- Invoking toplevel() on ptolemy.moml.MoMLSimpleApplication@529c5aa0
----------------- Done invoking toplevel() on ptolemy.moml.MoMLSimpleApplication@529c5aa0
reloadAllAccessors: .de_inside_sdf

===========================================================================================
----------------- testing Wed Aug 21 05:49:43 UTC 2019 /home/travis/build/icyphy/ptII/ptolemy/domains/sdf/test/auto/disconnectedHierarchicalSDF.xml
----------------- Instantiating /home/travis/build/icyphy/ptII/ptolemy/domains/sdf/test/auto/disconnectedHierarchicalSDF.xml
4 ms. Memory: 346112K Free: 261084K (75%)
----------------- Invoking toplevel() on ptolemy.moml.MoMLSimpleApplication@1255fbdd
----------------- Done invoking toplevel() on ptolemy.moml.MoMLSimpleApplication@1255fbdd
reloadAllAccessors: .disconnectedHierarchicalSDF

===========================================================================================
----------------- testing Wed Aug 21 05:49:43 UTC 2019 /home/travis/build/icyphy/ptII/ptolemy/domains/sdf/test/auto/disconnectedSDF.xml
----------------- Instantiating /home/travis/build/icyphy/ptII/ptolemy/domains/sdf/test/auto/disconnectedSDF.xml
2 ms. Memory: 346112K Free: 256996K (74%)
----------------- Invoking toplevel() on ptolemy.moml.MoMLSimpleApplication@1d3db05b
----------------- Done invoking toplevel() on ptolemy.moml.MoMLSimpleApplication@1d3db05b
reloadAllAccessors: .disconnectedSDF

===========================================================================================
----------------- testing Wed Aug 21 05:49:43 UTC 2019 /home/travis/build/icyphy/ptII/ptolemy/domains/sdf/test/auto/emptyRefinement.xml
----------------- Instantiating /home/travis/build/icyphy/ptII/ptolemy/domains/sdf/test/auto/emptyRefinement.xml
4 ms. Memory: 346112K Free: 252396K (73%)
----------------- Invoking toplevel() on ptolemy.moml.MoMLSimpleApplication@695b4afa
----------------- Done invoking toplevel() on ptolemy.moml.MoMLSimpleApplication@695b4afa
reloadAllAccessors: .emptyRefinement

===========================================================================================
----------------- testing Wed Aug 21 05:49:43 UTC 2019 /home/travis/build/icyphy/ptII/ptolemy/domains/sdf/test/auto/filePortParameter.xml
----------------- Instantiating /home/travis/build/icyphy/ptII/ptolemy/domains/sdf/test/auto/filePortParameter.xml
8 ms. Memory: 346112K Free: 244714K (71%)
----------------- Invoking toplevel() on ptolemy.moml.MoMLSimpleApplication@30332023
----------------- Done invoking toplevel() on ptolemy.moml.MoMLSimpleApplication@30332023
reloadAllAccessors: .filePortParameter

===========================================================================================
----------------- testing Wed Aug 21 05:49:43 UTC 2019 /home/travis/build/icyphy/ptII/ptolemy/domains/sdf/test/auto/inferRelationWidth1.xml
----------------- Instantiating /home/travis/build/icyphy/ptII/ptolemy/domains/sdf/test/auto/inferRelationWidth1.xml
3 ms. Memory: 346112K Free: 241642K (70%)
----------------- Invoking toplevel() on ptolemy.moml.MoMLSimpleApplication@38a95ad3
----------------- Done invoking toplevel() on ptolemy.moml.MoMLSimpleApplication@38a95ad3
reloadAllAccessors: .inferRelationWidth1

===========================================================================================
----------------- testing Wed Aug 21 05:49:43 UTC 2019 /home/travis/build/icyphy/ptII/ptolemy/domains/sdf/test/auto/initProductionInference.xml
----------------- Instantiating /home/travis/build/icyphy/ptII/ptolemy/domains/sdf/test/auto/initProductionInference.xml
10 ms. Memory: 346112K Free: 237532K (69%)
----------------- Invoking toplevel() on ptolemy.moml.MoMLSimpleApplication@5b9d1d5b
----------------- Done invoking toplevel() on ptolemy.moml.MoMLSimpleApplication@5b9d1d5b
reloadAllAccessors: .initProductionInference

===========================================================================================
----------------- testing Wed Aug 21 05:49:43 UTC 2019 /home/travis/build/icyphy/ptII/ptolemy/domains/sdf/test/auto/relationGroup.xml
----------------- Instantiating /home/travis/build/icyphy/ptII/ptolemy/domains/sdf/test/auto/relationGroup.xml
5 ms. Memory: 346112K Free: 233964K (68%)
----------------- Invoking toplevel() on ptolemy.moml.MoMLSimpleApplication@43782f22
----------------- Done invoking toplevel() on ptolemy.moml.MoMLSimpleApplication@43782f22
reloadAllAccessors: .relationGroup

===========================================================================================
----------------- testing Wed Aug 21 05:49:43 UTC 2019 /home/travis/build/icyphy/ptII/ptolemy/domains/sdf/test/auto/relationGroup10.xml
----------------- Instantiating /home/travis/build/icyphy/ptII/ptolemy/domains/sdf/test/auto/relationGroup10.xml
2 ms. Memory: 346112K Free: 230378K (67%)
----------------- Invoking toplevel() on ptolemy.moml.MoMLSimpleApplication@1fdeff48
----------------- Done invoking toplevel() on ptolemy.moml.MoMLSimpleApplication@1fdeff48
reloadAllAccessors: .relationGroup10

===========================================================================================
----------------- testing Wed Aug 21 05:49:43 UTC 2019 /home/travis/build/icyphy/ptII/ptolemy/domains/sdf/test/auto/relationGroup11.xml
----------------- Instantiating /home/travis/build/icyphy/ptII/ptolemy/domains/sdf/test/auto/relationGroup11.xml
5 ms. Memory: 346112K Free: 226796K (66%)
----------------- Invoking toplevel() on ptolemy.moml.MoMLSimpleApplication@5dec1a68
----------------- Done invoking toplevel() on ptolemy.moml.MoMLSimpleApplication@5dec1a68
reloadAllAccessors: .relationGroup11

===========================================================================================
----------------- testing Wed Aug 21 05:49:43 UTC 2019 /home/travis/build/icyphy/ptII/ptolemy/domains/sdf/test/auto/relationGroup12.xml
----------------- Instantiating /home/travis/build/icyphy/ptII/ptolemy/domains/sdf/test/auto/relationGroup12.xml
3 ms. Memory: 346112K Free: 223210K (64%)
----------------- Invoking toplevel() on ptolemy.moml.MoMLSimpleApplication@52b7f63f
----------------- Done invoking toplevel() on ptolemy.moml.MoMLSimpleApplication@52b7f63f
reloadAllAccessors: .relationGroup12

===========================================================================================
----------------- testing Wed Aug 21 05:49:44 UTC 2019 /home/travis/build/icyphy/ptII/ptolemy/domains/sdf/test/auto/relationGroup13.xml
----------------- Instantiating /home/travis/build/icyphy/ptII/ptolemy/domains/sdf/test/auto/relationGroup13.xml
8 ms. Memory: 346112K Free: 218604K (63%)
----------------- Invoking toplevel() on ptolemy.moml.MoMLSimpleApplication@ad68f1b
----------------- Done invoking toplevel() on ptolemy.moml.MoMLSimpleApplication@ad68f1b
reloadAllAccessors: .relationGroup13

===========================================================================================
----------------- testing Wed Aug 21 05:49:44 UTC 2019 /home/travis/build/icyphy/ptII/ptolemy/domains/sdf/test/auto/relationGroup14.xml
----------------- Instantiating /home/travis/build/icyphy/ptII/ptolemy/domains/sdf/test/auto/relationGroup14.xml
3 ms. Memory: 346112K Free: 213994K (62%)
----------------- Invoking toplevel() on ptolemy.moml.MoMLSimpleApplication@495e37c1
----------------- Done invoking toplevel() on ptolemy.moml.MoMLSimpleApplication@495e37c1
reloadAllAccessors: .relationGroup14

===========================================================================================
----------------- testing Wed Aug 21 05:49:44 UTC 2019 /home/travis/build/icyphy/ptII/ptolemy/domains/sdf/test/auto/relationGroup15.xml
----------------- Instantiating /home/travis/build/icyphy/ptII/ptolemy/domains/sdf/test/auto/relationGroup15.xml
2 ms. Memory: 346112K Free: 210412K (61%)
----------------- Invoking toplevel() on ptolemy.moml.MoMLSimpleApplication@27f338f9
----------------- Done invoking toplevel() on ptolemy.moml.MoMLSimpleApplication@27f338f9
reloadAllAccessors: .relationGroup15

===========================================================================================
----------------- testing Wed Aug 21 05:49:44 UTC 2019 /home/travis/build/icyphy/ptII/ptolemy/domains/sdf/test/auto/relationGroup2.xml
----------------- Instantiating /home/travis/build/icyphy/ptII/ptolemy/domains/sdf/test/auto/relationGroup2.xml
2 ms. Memory: 346112K Free: 207340K (60%)
----------------- Invoking toplevel() on ptolemy.moml.MoMLSimpleApplication@2fd7bf4a
----------------- Done invoking toplevel() on ptolemy.moml.MoMLSimpleApplication@2fd7bf4a
reloadAllAccessors: .relationGroup2

===========================================================================================
----------------- testing Wed Aug 21 05:49:44 UTC 2019 /home/travis/build/icyphy/ptII/ptolemy/domains/sdf/test/auto/relationGroup3.xml
----------------- Instantiating /home/travis/build/icyphy/ptII/ptolemy/domains/sdf/test/auto/relationGroup3.xml
2 ms. Memory: 346112K Free: 204268K (59%)
----------------- Invoking toplevel() on ptolemy.moml.MoMLSimpleApplication@76d77de4
----------------- Done invoking toplevel() on ptolemy.moml.MoMLSimpleApplication@76d77de4
reloadAllAccessors: .relationGroup3

===========================================================================================
----------------- testing Wed Aug 21 05:49:44 UTC 2019 /home/travis/build/icyphy/ptII/ptolemy/domains/sdf/test/auto/relationGroup4.xml
----------------- Instantiating /home/travis/build/icyphy/ptII/ptolemy/domains/sdf/test/auto/relationGroup4.xml
7 ms. Memory: 346112K Free: 200172K (58%)
----------------- Invoking toplevel() on ptolemy.moml.MoMLSimpleApplication@480fa8e
----------------- Done invoking toplevel() on ptolemy.moml.MoMLSimpleApplication@480fa8e
reloadAllAccessors: .relationGroup4

===========================================================================================
----------------- testing Wed Aug 21 05:49:44 UTC 2019 /home/travis/build/icyphy/ptII/ptolemy/domains/sdf/test/auto/relationGroup5.xml
----------------- Instantiating /home/travis/build/icyphy/ptII/ptolemy/domains/sdf/test/auto/relationGroup5.xml
3 ms. Memory: 346112K Free: 195562K (57%)
----------------- Invoking toplevel() on ptolemy.moml.MoMLSimpleApplication@31e3e8e8
----------------- Done invoking toplevel() on ptolemy.moml.MoMLSimpleApplication@31e3e8e8
reloadAllAccessors: .relationGroup5

===========================================================================================
----------------- testing Wed Aug 21 05:49:44 UTC 2019 /home/travis/build/icyphy/ptII/ptolemy/domains/sdf/test/auto/relationGroup6.xml
----------------- Instantiating /home/travis/build/icyphy/ptII/ptolemy/domains/sdf/test/auto/relationGroup6.xml
5 ms. Memory: 346112K Free: 191466K (55%)
----------------- Invoking toplevel() on ptolemy.moml.MoMLSimpleApplication@535a79db
----------------- Done invoking toplevel() on ptolemy.moml.MoMLSimpleApplication@535a79db
reloadAllAccessors: .relationGroup6

===========================================================================================
----------------- testing Wed Aug 21 05:49:44 UTC 2019 /home/travis/build/icyphy/ptII/ptolemy/domains/sdf/test/auto/relationGroup7.xml
----------------- Instantiating /home/travis/build/icyphy/ptII/ptolemy/domains/sdf/test/auto/relationGroup7.xml
1 ms. Memory: 346112K Free: 187884K (54%)
----------------- Invoking toplevel() on ptolemy.moml.MoMLSimpleApplication@74029379
----------------- Done invoking toplevel() on ptolemy.moml.MoMLSimpleApplication@74029379
reloadAllAccessors: .relationGroup7

===========================================================================================
----------------- testing Wed Aug 21 05:49:44 UTC 2019 /home/travis/build/icyphy/ptII/ptolemy/domains/sdf/test/auto/relationGroup8.xml
----------------- Instantiating /home/travis/build/icyphy/ptII/ptolemy/domains/sdf/test/auto/relationGroup8.xml
1 ms. Memory: 346112K Free: 184812K (53%)
----------------- Invoking toplevel() on ptolemy.moml.MoMLSimpleApplication@160e291e
----------------- Done invoking toplevel() on ptolemy.moml.MoMLSimpleApplication@160e291e
reloadAllAccessors: .relationGroup8

===========================================================================================
----------------- testing Wed Aug 21 05:49:44 UTC 2019 /home/travis/build/icyphy/ptII/ptolemy/domains/sdf/test/auto/relationGroup9.xml
----------------- Instantiating /home/travis/build/icyphy/ptII/ptolemy/domains/sdf/test/auto/relationGroup9.xml
4 ms. Memory: 346112K Free: 180202K (52%)
----------------- Invoking toplevel() on ptolemy.moml.MoMLSimpleApplication@b3109ba
----------------- Done invoking toplevel() on ptolemy.moml.MoMLSimpleApplication@b3109ba
reloadAllAccessors: .relationGroup9

===========================================================================================
----------------- testing Wed Aug 21 05:49:44 UTC 2019 /home/travis/build/icyphy/ptII/ptolemy/domains/sdf/test/auto/sdf_inside_de.xml
----------------- Instantiating /home/travis/build/icyphy/ptII/ptolemy/domains/sdf/test/auto/sdf_inside_de.xml
11 ms. Memory: 346112K Free: 171500K (50%)
----------------- Invoking toplevel() on ptolemy.moml.MoMLSimpleApplication@4b0e2e25
----------------- Done invoking toplevel() on ptolemy.moml.MoMLSimpleApplication@4b0e2e25
reloadAllAccessors: .sdf_inside_de

===========================================================================================
----------------- testing Wed Aug 21 05:49:44 UTC 2019 /home/travis/build/icyphy/ptII/ptolemy/domains/sdf/test/auto/sdf_inside_pn.xml
----------------- Instantiating /home/travis/build/icyphy/ptII/ptolemy/domains/sdf/test/auto/sdf_inside_pn.xml
32 ms. Memory: 346112K Free: 162284K (47%)
----------------- Invoking toplevel() on ptolemy.moml.MoMLSimpleApplication@2787937d
----------------- Done invoking toplevel() on ptolemy.moml.MoMLSimpleApplication@2787937d
reloadAllAccessors: .sdf_inside_pn

===========================================================================================
----------------- testing Wed Aug 21 05:49:44 UTC 2019 /home/travis/build/icyphy/ptII/ptolemy/domains/sdf/test/auto/sdf_sdf1.xml
----------------- Instantiating /home/travis/build/icyphy/ptII/ptolemy/domains/sdf/test/auto/sdf_sdf1.xml
4 ms. Memory: 346112K Free: 157164K (45%)
----------------- Invoking toplevel() on ptolemy.moml.MoMLSimpleApplication@36a93f8
----------------- Done invoking toplevel() on ptolemy.moml.MoMLSimpleApplication@36a93f8
reloadAllAccessors: .sdf_sdf1

===========================================================================================
----------------- testing Wed Aug 21 05:49:44 UTC 2019 /home/travis/build/icyphy/ptII/ptolemy/domains/sdf/test/auto/test1.xml
----------------- Instantiating /home/travis/build/icyphy/ptII/ptolemy/domains/sdf/test/auto/test1.xml
3 ms. Memory: 346112K Free: 152044K (44%)
----------------- Invoking toplevel() on ptolemy.moml.MoMLSimpleApplication@18dbbef5
----------------- Done invoking toplevel() on ptolemy.moml.MoMLSimpleApplication@18dbbef5
reloadAllAccessors: .test1

===========================================================================================
----------------- testing Wed Aug 21 05:49:44 UTC 2019 /home/travis/build/icyphy/ptII/ptolemy/domains/sdf/test/auto/time1.xml
----------------- Instantiating /home/travis/build/icyphy/ptII/ptolemy/domains/sdf/test/auto/time1.xml
2 ms. Memory: 346112K Free: 148458K (43%)
----------------- Invoking toplevel() on ptolemy.moml.MoMLSimpleApplication@164338f5
----------------- Done invoking toplevel() on ptolemy.moml.MoMLSimpleApplication@164338f5
reloadAllAccessors: .time1

===========================================================================================
----------------- testing Wed Aug 21 05:49:44 UTC 2019 /home/travis/build/icyphy/ptII/ptolemy/domains/sdf/test/auto/time2.xml
----------------- Instantiating /home/travis/build/icyphy/ptII/ptolemy/domains/sdf/test/auto/time2.xml
8 ms. Memory: 346112K Free: 144876K (42%)
----------------- Invoking toplevel() on ptolemy.moml.MoMLSimpleApplication@9295215
----------------- Done invoking toplevel() on ptolemy.moml.MoMLSimpleApplication@9295215
reloadAllAccessors: .time2

===========================================================================================
----------------- testing Wed Aug 21 05:49:44 UTC 2019 /home/travis/build/icyphy/ptII/ptolemy/domains/sdf/test/auto/time3.xml
----------------- Instantiating /home/travis/build/icyphy/ptII/ptolemy/domains/sdf/test/auto/time3.xml
7 ms. Memory: 346112K Free: 139242K (40%)
----------------- Invoking toplevel() on ptolemy.moml.MoMLSimpleApplication@2ecc7ddd
----------------- Done invoking toplevel() on ptolemy.moml.MoMLSimpleApplication@2ecc7ddd
reloadAllAccessors: .time3

===========================================================================================
----------------- testing Wed Aug 21 05:49:44 UTC 2019 /home/travis/build/icyphy/ptII/ptolemy/domains/sdf/test/auto/time4.xml
----------------- Instantiating /home/travis/build/icyphy/ptII/ptolemy/domains/sdf/test/auto/time4.xml
6 ms. Memory: 346112K Free: 133612K (39%)
----------------- Invoking toplevel() on ptolemy.moml.MoMLSimpleApplication@ed05e4c
----------------- Done invoking toplevel() on ptolemy.moml.MoMLSimpleApplication@ed05e4c
reloadAllAccessors: .time4

===========================================================================================
----------------- testing Wed Aug 21 05:49:44 UTC 2019 /home/travis/build/icyphy/ptII/ptolemy/domains/sdf/test/auto/time5.xml
----------------- Instantiating /home/travis/build/icyphy/ptII/ptolemy/domains/sdf/test/auto/time5.xml
4002 ms. Memory: 346112K Free: 130026K (38%)
----------------- Invoking toplevel() on ptolemy.moml.MoMLSimpleApplication@18daacdf
----------------- Done invoking toplevel() on ptolemy.moml.MoMLSimpleApplication@18daacdf
reloadAllAccessors: .time5

===========================================================================================
----------------- testing Wed Aug 21 05:49:48 UTC 2019 /home/travis/build/icyphy/ptII/ptolemy/domains/sdf/test/auto/typeSystem_Const_Integer_smallest_Type.xml
----------------- Instantiating /home/travis/build/icyphy/ptII/ptolemy/domains/sdf/test/auto/typeSystem_Const_Integer_smallest_Type.xml
8 ms. Memory: 346112K Free: 124906K (36%)
----------------- Invoking toplevel() on ptolemy.moml.MoMLSimpleApplication@52493424
----------------- Done invoking toplevel() on ptolemy.moml.MoMLSimpleApplication@52493424
reloadAllAccessors: .typeSystem_Const_Integer_smallest_Type

===========================================================================================
----------------- testing Wed Aug 21 05:49:48 UTC 2019 /home/travis/build/icyphy/ptII/ptolemy/domains/sdf/test/auto/typeSystem_declared_Inports_OutportTypeException.xml
----------------- Instantiating /home/travis/build/icyphy/ptII/ptolemy/domains/sdf/test/auto/typeSystem_declared_Inports_OutportTypeException.xml
.typeSystem_declared_Inports_OutportTypeException.TestExceptionAttribute: initialize() was not invoked, but wrapup() was.  This is unusual, but not always a problem.  For example, exporting JNLP will do this.
20 ms. Memory: 346112K Free: 325584K (94%)
----------------- Invoking toplevel() on ptolemy.moml.MoMLSimpleApplication@2e6cadb9
----------------- Done invoking toplevel() on ptolemy.moml.MoMLSimpleApplication@2e6cadb9
reloadAllAccessors: .typeSystem_declared_Inports_OutportTypeException

===========================================================================================
----------------- testing Wed Aug 21 05:49:48 UTC 2019 /home/travis/build/icyphy/ptII/ptolemy/domains/sdf/test/auto/typeSystem_oneDeclaredInportType_wrongTypeOutport.xml
----------------- Instantiating /home/travis/build/icyphy/ptII/ptolemy/domains/sdf/test/auto/typeSystem_oneDeclaredInportType_wrongTypeOutport.xml
3 ms. Memory: 346112K Free: 320978K (93%)
----------------- Invoking toplevel() on ptolemy.moml.MoMLSimpleApplication@763e60fd
----------------- Done invoking toplevel() on ptolemy.moml.MoMLSimpleApplication@763e60fd
reloadAllAccessors: .typeSystem_oneDeclaredInportType_wrongTypeOutport

===========================================================================================
----------------- testing Wed Aug 21 05:49:48 UTC 2019 /home/travis/build/icyphy/ptII/ptolemy/domains/sdf/test/auto/width.xml
----------------- Instantiating /home/travis/build/icyphy/ptII/ptolemy/domains/sdf/test/auto/width.xml
1 ms. Memory: 346112K Free: 317392K (92%)
----------------- Invoking toplevel() on ptolemy.moml.MoMLSimpleApplication@732ccc54
----------------- Done invoking toplevel() on ptolemy.moml.MoMLSimpleApplication@732ccc54
reloadAllAccessors: .width

===========================================================================================
----------------- testing Wed Aug 21 05:49:48 UTC 2019 /home/travis/build/icyphy/ptII/ptolemy/domains/sdf/test/auto/width2.xml
----------------- Instantiating /home/travis/build/icyphy/ptII/ptolemy/domains/sdf/test/auto/width2.xml
27 ms. Memory: 346112K Free: 312272K (90%)
----------------- Invoking toplevel() on ptolemy.moml.MoMLSimpleApplication@553a6ad
----------------- Done invoking toplevel() on ptolemy.moml.MoMLSimpleApplication@553a6ad
reloadAllAccessors: .width2

===========================================================================================
----------------- testing Wed Aug 21 05:49:48 UTC 2019 /home/travis/build/icyphy/ptII/ptolemy/domains/sdf/test/auto/width3.xml
----------------- Instantiating /home/travis/build/icyphy/ptII/ptolemy/domains/sdf/test/auto/width3.xml
27 ms. Memory: 346112K Free: 307152K (89%)
----------------- Invoking toplevel() on ptolemy.moml.MoMLSimpleApplication@bf0f34f
----------------- Done invoking toplevel() on ptolemy.moml.MoMLSimpleApplication@bf0f34f
reloadAllAccessors: .width3
AutoTests.java: About to close Vertx.
AutoTests.java: Vertx closed.
]]></system-out>
  <system-err><![CDATA[java.lang.RuntimeException: Execution failed
	at ptolemy.moml.MoMLSimpleApplication$UnloadThread.run(MoMLSimpleApplication.java:402)
Caused by: ptolemy.actor.sched.NotSchedulableException: No solution exists for the balance equations.
Graph is not consistent under the SDF domain detected on external port .rateConsistency.actor.port2
  in .rateConsistency.SDF Director.Scheduler
	at ptolemy.domains.sdf.kernel.SDFScheduler._propagatePort(SDFScheduler.java:1425)
	at ptolemy.domains.sdf.kernel.SDFScheduler._solveBalanceEquations(SDFScheduler.java:710)
	at ptolemy.domains.sdf.kernel.SDFScheduler._getSchedule(SDFScheduler.java:566)
	at ptolemy.actor.sched.Scheduler.getSchedule(Scheduler.java:189)
	at ptolemy.domains.sdf.kernel.SDFDirector.createSchedule(SDFDirector.java:408)
	at ptolemy.domains.sdf.kernel.SDFDirector.preinitialize(SDFDirector.java:764)
	at ptolemy.actor.CompositeActor.preinitialize(CompositeActor.java:1828)
	at ptolemy.actor.Manager.preinitializeAndResolveTypes(Manager.java:1040)
	at ptolemy.actor.Manager.initialize(Manager.java:710)
	at ptolemy.actor.Manager.execute(Manager.java:356)
	at ptolemy.actor.Manager.run(Manager.java:1263)
	at ptolemy.actor.Manager$PtolemyRunThread.run(Manager.java:1933)
java.lang.RuntimeException: Execution failed
	at ptolemy.moml.MoMLSimpleApplication$UnloadThread.run(MoMLSimpleApplication.java:402)
Caused by: ptolemy.kernel.util.IllegalActionException: Failed to compute schedule:
  in .badRateChanges.typed composite actor.SDF Director
Because:
The SDF rate parameter may change. This is not allowed in SDF models that will be run through the code generator.  If you don't care about code generation, then you might consider setting the allowRateChanges parameter of the SDF director to false.
  in .badRateChanges.typed composite actor.Repeat.output.tokenProductionRate
	at ptolemy.domains.sdf.kernel.SDFDirector.createSchedule(SDFDirector.java:418)
	at ptolemy.domains.sdf.kernel.SDFDirector.preinitialize(SDFDirector.java:764)
	at ptolemy.actor.CompositeActor.preinitialize(CompositeActor.java:1828)
	at ptolemy.actor.Director.preinitialize(Director.java:1302)
	at ptolemy.actor.Director.preinitialize(Director.java:1257)
	at ptolemy.domains.sdf.kernel.SDFDirector.preinitialize(SDFDirector.java:763)
	at ptolemy.actor.CompositeActor.preinitialize(CompositeActor.java:1828)
	at ptolemy.actor.Manager.preinitializeAndResolveTypes(Manager.java:1040)
	at ptolemy.actor.Manager.initialize(Manager.java:710)
	at ptolemy.actor.Manager.execute(Manager.java:356)
	at ptolemy.actor.Manager.run(Manager.java:1263)
	at ptolemy.actor.Manager$PtolemyRunThread.run(Manager.java:1933)
Caused by: ptolemy.kernel.util.IllegalActionException: The SDF rate parameter may change. This is not allowed in SDF models that will be run through the code generator.  If you don't care about code generation, then you might consider setting the allowRateChanges parameter of the SDF director to false.
  in .badRateChanges.typed composite actor.Repeat.output.tokenProductionRate
	at ptolemy.domains.sdf.kernel.SDFScheduler._assertDynamicRateVariable(SDFScheduler.java:931)
	at ptolemy.domains.sdf.kernel.SDFScheduler._checkDynamicRateVariables(SDFScheduler.java:339)
	at ptolemy.domains.sdf.kernel.SDFScheduler._getSchedule(SDFScheduler.java:527)
	at ptolemy.actor.sched.Scheduler.getSchedule(Scheduler.java:189)
	at ptolemy.domains.sdf.kernel.SDFDirector.createSchedule(SDFDirector.java:408)
	... 11 more
java.lang.RuntimeException: Execution failed
	at ptolemy.moml.MoMLSimpleApplication$UnloadThread.run(MoMLSimpleApplication.java:402)
Caused by: ptolemy.kernel.util.IllegalActionException: Failed to compute schedule:
  in .badRateChanges2.typed composite actor.SDF Director
Because:
The SDF rate parameter may change. This is not allowed in SDF models that will be run through the code generator.  If you don't care about code generation, then you might consider setting the allowRateChanges parameter of the SDF director to false.
  in .badRateChanges2.typed composite actor.Repeat.output.tokenProductionRate
	at ptolemy.domains.sdf.kernel.SDFDirector.createSchedule(SDFDirector.java:418)
	at ptolemy.domains.sdf.kernel.SDFDirector.preinitialize(SDFDirector.java:764)
	at ptolemy.actor.CompositeActor.preinitialize(CompositeActor.java:1828)
	at ptolemy.actor.Director.preinitialize(Director.java:1302)
	at ptolemy.actor.Director.preinitialize(Director.java:1257)
	at ptolemy.domains.sdf.kernel.SDFDirector.preinitialize(SDFDirector.java:763)
	at ptolemy.actor.CompositeActor.preinitialize(CompositeActor.java:1828)
	at ptolemy.actor.Manager.preinitializeAndResolveTypes(Manager.java:1040)
	at ptolemy.actor.Manager.initialize(Manager.java:710)
	at ptolemy.actor.Manager.execute(Manager.java:356)
	at ptolemy.actor.Manager.run(Manager.java:1263)
	at ptolemy.actor.Manager$PtolemyRunThread.run(Manager.java:1933)
Caused by: ptolemy.kernel.util.IllegalActionException: The SDF rate parameter may change. This is not allowed in SDF models that will be run through the code generator.  If you don't care about code generation, then you might consider setting the allowRateChanges parameter of the SDF director to false.
  in .badRateChanges2.typed composite actor.Repeat.output.tokenProductionRate
	at ptolemy.domains.sdf.kernel.SDFScheduler._assertDynamicRateVariable(SDFScheduler.java:931)
	at ptolemy.domains.sdf.kernel.SDFScheduler._checkDynamicRateVariables(SDFScheduler.java:339)
	at ptolemy.domains.sdf.kernel.SDFScheduler._getSchedule(SDFScheduler.java:527)
	at ptolemy.actor.sched.Scheduler.getSchedule(Scheduler.java:189)
	at ptolemy.domains.sdf.kernel.SDFDirector.createSchedule(SDFDirector.java:408)
	... 11 more
java.lang.RuntimeException: Execution failed
	at ptolemy.moml.MoMLSimpleApplication$UnloadThread.run(MoMLSimpleApplication.java:402)
Caused by: ptolemy.actor.sched.NotSchedulableException: Actors remain that cannot be scheduled!

There are several possible reasons:
* SDF Graphs with feedback loops should have an actor with a delay in the loop, such as a SampleDelay.
* The SDF director has an "allowDisconnectedGraphs"parameter, which, when true, permits disconnected SDF graphs.
* The token consumption rate and production rates might be mismatched.
Usually, actors produce one token or consume one token on a port.  To produce or consume multiple tokens per firing, add a "tokenConsumptionRate" or "tokenProductionRate" parameter to the appropriate port.
Unscheduled actors:
.partiallyConnected.Const2 
Scheduled actors:
.partiallyConnected.Const 
  in .partiallyConnected.SDF Director.Scheduler
	at ptolemy.domains.sdf.kernel.SDFScheduler._scheduleConnectedActors(SDFScheduler.java:1828)
	at ptolemy.domains.sdf.kernel.SDFScheduler._getSchedule(SDFScheduler.java:587)
	at ptolemy.actor.sched.Scheduler.getSchedule(Scheduler.java:189)
	at ptolemy.domains.sdf.kernel.SDFDirector.createSchedule(SDFDirector.java:408)
	at ptolemy.domains.sdf.kernel.SDFDirector.preinitialize(SDFDirector.java:764)
	at ptolemy.actor.CompositeActor.preinitialize(CompositeActor.java:1828)
	at ptolemy.actor.Manager.preinitializeAndResolveTypes(Manager.java:1040)
	at ptolemy.actor.Manager.initialize(Manager.java:710)
	at ptolemy.actor.Manager.execute(Manager.java:356)
	at ptolemy.actor.Manager.run(Manager.java:1263)
	at ptolemy.actor.Manager$PtolemyRunThread.run(Manager.java:1933)
]]></system-err>
</testsuite>
