<?xml version="1.0" encoding="UTF-8" ?>
<testsuite errors="0" failures="0" hostname="travis-job-794048ac-cc7f-4cf3-83f4-b01511ad0dc5" name="ptolemy.domains.de.test.junit.JUnitTclTest" skipped="0" tests="101" time="127.133" timestamp="2018-09-17T02:10:11">
  <properties>
[...]
</properties>
  <testcase classname="ptolemy.util.test.junit.TclTests" name="[0] /home/travis/build/icyphy/ptII/ptolemy/domains/de/test/DependencyLoop.tcl (RunTclFile)" time="0.784" />
  <testcase classname="ptolemy.util.test.junit.TclTests" name="[1] /home/travis/build/icyphy/ptII/ptolemy/domains/de/test/RunDETestsAsQSS.tcl (RunTclFile)" time="86.931" />
  <testcase classname="ptolemy.util.test.junit.AutoKnownFailedTests" name="[0] /home/travis/build/icyphy/ptII/ptolemy/domains/de/test/auto/knownFailedTests/DESDFClockTest.xml (RunModel)" time="2.035" />
  <testcase classname="ptolemy.util.test.junit.AutoKnownFailedTests" name="[1] /home/travis/build/icyphy/ptII/ptolemy/domains/de/test/auto/knownFailedTests/DirectFeedback.xml (RunModel)" time="0.012" />
  <testcase classname="ptolemy.util.test.junit.AutoKnownFailedTests" name="[2] /home/travis/build/icyphy/ptII/ptolemy/domains/de/test/auto/knownFailedTests/FSMSource.xml (RunModel)" time="0.02" />
  <testcase classname="ptolemy.util.test.junit.AutoKnownFailedTests" name="[3] /home/travis/build/icyphy/ptII/ptolemy/domains/de/test/auto/knownFailedTests/HierarchicalModel.xml (RunModel)" time="0.038" />
  <testcase classname="ptolemy.util.test.junit.AutoKnownFailedTests" name="[4] /home/travis/build/icyphy/ptII/ptolemy/domains/de/test/auto/knownFailedTests/dependencyLoop.xml (RunModel)" time="0.032" />
  <testcase classname="ptolemy.util.test.junit.AutoKnownFailedTests" name="[5] /home/travis/build/icyphy/ptII/ptolemy/domains/de/test/auto/knownFailedTests/dependencyLoop2.xml (RunModel)" time="0.037" />
  <testcase classname="ptolemy.util.test.junit.AutoNameArchTests" name="[0] ThereAreNoAutoArchTests (RunModel)" time="0.001" />
  <testcase classname="ptolemy.util.test.junit.AutoTests" name="[0] /home/travis/build/icyphy/ptII/ptolemy/domains/de/test/auto/ActorDepthCalculation_actorWithoutPorts.xml (RunModel)" time="0.022" />
  <testcase classname="ptolemy.util.test.junit.AutoTests" name="[1] /home/travis/build/icyphy/ptII/ptolemy/domains/de/test/auto/AssemblyLine.xml (RunModel)" time="0.018" />
  <testcase classname="ptolemy.util.test.junit.AutoTests" name="[2] /home/travis/build/icyphy/ptII/ptolemy/domains/de/test/auto/CQBug1.xml (RunModel)" time="0.01" />
  <testcase classname="ptolemy.util.test.junit.AutoTests" name="[3] /home/travis/build/icyphy/ptII/ptolemy/domains/de/test/auto/CancelFireAt.xml (RunModel)" time="0.012" />
  <testcase classname="ptolemy.util.test.junit.AutoTests" name="[4] /home/travis/build/icyphy/ptII/ptolemy/domains/de/test/auto/CausalityAndComposabilityAnalysis.xml (RunModel)" time="0.011" />
  <testcase classname="ptolemy.util.test.junit.AutoTests" name="[5] /home/travis/build/icyphy/ptII/ptolemy/domains/de/test/auto/CausalityInterface1.xml (RunModel)" time="0.014" />
  <testcase classname="ptolemy.util.test.junit.AutoTests" name="[6] /home/travis/build/icyphy/ptII/ptolemy/domains/de/test/auto/CausalityInterface15.xml (RunModel)" time="0.017" />
  <testcase classname="ptolemy.util.test.junit.AutoTests" name="[7] /home/travis/build/icyphy/ptII/ptolemy/domains/de/test/auto/CausalityInterface2.xml (RunModel)" time="0.012" />
  <testcase classname="ptolemy.util.test.junit.AutoTests" name="[8] /home/travis/build/icyphy/ptII/ptolemy/domains/de/test/auto/CausalityInterface3.xml (RunModel)" time="0.011" />
  <testcase classname="ptolemy.util.test.junit.AutoTests" name="[9] /home/travis/build/icyphy/ptII/ptolemy/domains/de/test/auto/ClockDrift.xml (RunModel)" time="0.033" />
  <testcase classname="ptolemy.util.test.junit.AutoTests" name="[10] /home/travis/build/icyphy/ptII/ptolemy/domains/de/test/auto/ClockDriftAndValueChange.xml (RunModel)" time="0.032" />
  <testcase classname="ptolemy.util.test.junit.AutoTests" name="[11] /home/travis/build/icyphy/ptII/ptolemy/domains/de/test/auto/ClockDriftChange.xml (RunModel)" time="0.024" />
  <testcase classname="ptolemy.util.test.junit.AutoTests" name="[12] /home/travis/build/icyphy/ptII/ptolemy/domains/de/test/auto/ComposableCausalityAnalysis.xml (RunModel)" time="0.019" />
  <testcase classname="ptolemy.util.test.junit.AutoTests" name="[13] /home/travis/build/icyphy/ptII/ptolemy/domains/de/test/auto/DEFixedPointLimitation.xml (RunModel)" time="0.008" />
  <testcase classname="ptolemy.util.test.junit.AutoTests" name="[14] /home/travis/build/icyphy/ptII/ptolemy/domains/de/test/auto/DEScheduleTest.xml (RunModel)" time="0.01" />
  <testcase classname="ptolemy.util.test.junit.AutoTests" name="[15] /home/travis/build/icyphy/ptII/ptolemy/domains/de/test/auto/DEinDEwithStartTimes.xml (RunModel)" time="0.012" />
  <testcase classname="ptolemy.util.test.junit.AutoTests" name="[16] /home/travis/build/icyphy/ptII/ptolemy/domains/de/test/auto/DEinDEwithStartTimes2.xml (RunModel)" time="0.018" />
  <testcase classname="ptolemy.util.test.junit.AutoTests" name="[17] /home/travis/build/icyphy/ptII/ptolemy/domains/de/test/auto/DateDemo.xml (RunModel)" time="0.024" />
  <testcase classname="ptolemy.util.test.junit.AutoTests" name="[18] /home/travis/build/icyphy/ptII/ptolemy/domains/de/test/auto/DateToEvent.xml (RunModel)" time="2.037" />
  <testcase classname="ptolemy.util.test.junit.AutoTests" name="[19] /home/travis/build/icyphy/ptII/ptolemy/domains/de/test/auto/DepthTest1.xml (RunModel)" time="0.012" />
  <testcase classname="ptolemy.util.test.junit.AutoTests" name="[20] /home/travis/build/icyphy/ptII/ptolemy/domains/de/test/auto/DepthTest2.xml (RunModel)" time="0.023" />
  <testcase classname="ptolemy.util.test.junit.AutoTests" name="[21] /home/travis/build/icyphy/ptII/ptolemy/domains/de/test/auto/DepthTest3.xml (RunModel)" time="0.01" />
  <testcase classname="ptolemy.util.test.junit.AutoTests" name="[22] /home/travis/build/icyphy/ptII/ptolemy/domains/de/test/auto/DepthTest4.xml (RunModel)" time="0.012" />
  <testcase classname="ptolemy.util.test.junit.AutoTests" name="[23] /home/travis/build/icyphy/ptII/ptolemy/domains/de/test/auto/DepthTest5.xml (RunModel)" time="0.012" />
  <testcase classname="ptolemy.util.test.junit.AutoTests" name="[24] /home/travis/build/icyphy/ptII/ptolemy/domains/de/test/auto/DepthTest6.xml (RunModel)" time="0.013" />
  <testcase classname="ptolemy.util.test.junit.AutoTests" name="[25] /home/travis/build/icyphy/ptII/ptolemy/domains/de/test/auto/DepthTest7.xml (RunModel)" time="0.021" />
  <testcase classname="ptolemy.util.test.junit.AutoTests" name="[26] /home/travis/build/icyphy/ptII/ptolemy/domains/de/test/auto/EventToDate.xml (RunModel)" time="3.035" />
  <testcase classname="ptolemy.util.test.junit.AutoTests" name="[27] /home/travis/build/icyphy/ptII/ptolemy/domains/de/test/auto/FSM1.xml (RunModel)" time="0.031" />
  <testcase classname="ptolemy.util.test.junit.AutoTests" name="[28] /home/travis/build/icyphy/ptII/ptolemy/domains/de/test/auto/FSM7.xml (RunModel)" time="0.046" />
  <testcase classname="ptolemy.util.test.junit.AutoTests" name="[29] /home/travis/build/icyphy/ptII/ptolemy/domains/de/test/auto/Inspection.xml (RunModel)" time="0.047" />
  <testcase classname="ptolemy.util.test.junit.AutoTests" name="[30] /home/travis/build/icyphy/ptII/ptolemy/domains/de/test/auto/Iteration.xml (RunModel)" time="0.026" />
  <testcase classname="ptolemy.util.test.junit.AutoTests" name="[31] /home/travis/build/icyphy/ptII/ptolemy/domains/de/test/auto/LineFault.xml (RunModel)" time="0.548" />
  <testcase classname="ptolemy.util.test.junit.AutoTests" name="[32] /home/travis/build/icyphy/ptII/ptolemy/domains/de/test/auto/MergeModel1Add.xml (RunModel)" time="0.04" />
  <testcase classname="ptolemy.util.test.junit.AutoTests" name="[33] /home/travis/build/icyphy/ptII/ptolemy/domains/de/test/auto/MergeModel2Add.xml (RunModel)" time="0.034" />
  <testcase classname="ptolemy.util.test.junit.AutoTests" name="[34] /home/travis/build/icyphy/ptII/ptolemy/domains/de/test/auto/MergeModel3Add.xml (RunModel)" time="0.038" />
  <testcase classname="ptolemy.util.test.junit.AutoTests" name="[35] /home/travis/build/icyphy/ptII/ptolemy/domains/de/test/auto/MergeWithoutDiscard.xml (RunModel)" time="0.01" />
  <testcase classname="ptolemy.util.test.junit.AutoTests" name="[36] /home/travis/build/icyphy/ptII/ptolemy/domains/de/test/auto/Modal1.xml (RunModel)" time="0.029" />
  <testcase classname="ptolemy.util.test.junit.AutoTests" name="[37] /home/travis/build/icyphy/ptII/ptolemy/domains/de/test/auto/Modal2.xml (RunModel)" time="0.03" />
  <testcase classname="ptolemy.util.test.junit.AutoTests" name="[38] /home/travis/build/icyphy/ptII/ptolemy/domains/de/test/auto/Modal3.xml (RunModel)" time="0.031" />
  <testcase classname="ptolemy.util.test.junit.AutoTests" name="[39] /home/travis/build/icyphy/ptII/ptolemy/domains/de/test/auto/Modal4.xml (RunModel)" time="0.035" />
  <testcase classname="ptolemy.util.test.junit.AutoTests" name="[40] /home/travis/build/icyphy/ptII/ptolemy/domains/de/test/auto/Modal5.xml (RunModel)" time="0.03" />
  <testcase classname="ptolemy.util.test.junit.AutoTests" name="[41] /home/travis/build/icyphy/ptII/ptolemy/domains/de/test/auto/Modal6.xml (RunModel)" time="0.025" />
  <testcase classname="ptolemy.util.test.junit.AutoTests" name="[42] /home/travis/build/icyphy/ptII/ptolemy/domains/de/test/auto/Modal7.xml (RunModel)" time="0.027" />
  <testcase classname="ptolemy.util.test.junit.AutoTests" name="[43] /home/travis/build/icyphy/ptII/ptolemy/domains/de/test/auto/ModalModel.xml (RunModel)" time="0.152" />
  <testcase classname="ptolemy.util.test.junit.AutoTests" name="[44] /home/travis/build/icyphy/ptII/ptolemy/domains/de/test/auto/ModalSource.xml (RunModel)" time="0.018" />
  <testcase classname="ptolemy.util.test.junit.AutoTests" name="[45] /home/travis/build/icyphy/ptII/ptolemy/domains/de/test/auto/NonInterruptibleTimerZeroDelay.xml (RunModel)" time="0.011" />
  <testcase classname="ptolemy.util.test.junit.AutoTests" name="[46] /home/travis/build/icyphy/ptII/ptolemy/domains/de/test/auto/OpenQueueingNetwork.xml (RunModel)" time="2.134" />
  <testcase classname="ptolemy.util.test.junit.AutoTests" name="[47] /home/travis/build/icyphy/ptII/ptolemy/domains/de/test/auto/OpenQueuingNetwork.xml (RunModel)" time="0.263" />
  <testcase classname="ptolemy.util.test.junit.AutoTests" name="[48] /home/travis/build/icyphy/ptII/ptolemy/domains/de/test/auto/PeriodicSampler.xml (RunModel)" time="0.01" />
  <testcase classname="ptolemy.util.test.junit.AutoTests" name="[49] /home/travis/build/icyphy/ptII/ptolemy/domains/de/test/auto/PersistentIO.xml (RunModel)" time="0.016" />
  <testcase classname="ptolemy.util.test.junit.AutoTests" name="[50] /home/travis/build/icyphy/ptII/ptolemy/domains/de/test/auto/PortParameterResetOnInitialize.xml (RunModel)" time="0.009" />
  <testcase classname="ptolemy.util.test.junit.AutoTests" name="[51] /home/travis/build/icyphy/ptII/ptolemy/domains/de/test/auto/PortParameterUpdates.xml (RunModel)" time="0.012" />
  <testcase classname="ptolemy.util.test.junit.AutoTests" name="[52] /home/travis/build/icyphy/ptII/ptolemy/domains/de/test/auto/QueueAndServer.xml (RunModel)" time="0.02" />
  <testcase classname="ptolemy.util.test.junit.AutoTests" name="[53] /home/travis/build/icyphy/ptII/ptolemy/domains/de/test/auto/Records.xml (RunModel)" time="0.02" />
  <testcase classname="ptolemy.util.test.junit.AutoTests" name="[54] /home/travis/build/icyphy/ptII/ptolemy/domains/de/test/auto/ResetTransitionWithStartTime1.xml (RunModel)" time="0.017" />
  <testcase classname="ptolemy.util.test.junit.AutoTests" name="[55] /home/travis/build/icyphy/ptII/ptolemy/domains/de/test/auto/ResetTransitionWithStartTime2.xml (RunModel)" time="0.016" />
  <testcase classname="ptolemy.util.test.junit.AutoTests" name="[56] /home/travis/build/icyphy/ptII/ptolemy/domains/de/test/auto/ResetTransitionWithStartTime3.xml (RunModel)" time="0.017" />
  <testcase classname="ptolemy.util.test.junit.AutoTests" name="[57] /home/travis/build/icyphy/ptII/ptolemy/domains/de/test/auto/ResetTransitionWithStartTime4.xml (RunModel)" time="0.016" />
  <testcase classname="ptolemy.util.test.junit.AutoTests" name="[58] /home/travis/build/icyphy/ptII/ptolemy/domains/de/test/auto/ResettableTimer1.xml (RunModel)" time="0.01" />
  <testcase classname="ptolemy.util.test.junit.AutoTests" name="[59] /home/travis/build/icyphy/ptII/ptolemy/domains/de/test/auto/ResettableTimer2.xml (RunModel)" time="0.008" />
  <testcase classname="ptolemy.util.test.junit.AutoTests" name="[60] /home/travis/build/icyphy/ptII/ptolemy/domains/de/test/auto/ResettableTimer3.xml (RunModel)" time="0.008" />
  <testcase classname="ptolemy.util.test.junit.AutoTests" name="[61] /home/travis/build/icyphy/ptII/ptolemy/domains/de/test/auto/ResettableTimer4.xml (RunModel)" time="0.013" />
  <testcase classname="ptolemy.util.test.junit.AutoTests" name="[62] /home/travis/build/icyphy/ptII/ptolemy/domains/de/test/auto/ResettableTimer5.xml (RunModel)" time="0.009" />
  <testcase classname="ptolemy.util.test.junit.AutoTests" name="[63] /home/travis/build/icyphy/ptII/ptolemy/domains/de/test/auto/ResettableTimer6.xml (RunModel)" time="0.017" />
  <testcase classname="ptolemy.util.test.junit.AutoTests" name="[64] /home/travis/build/icyphy/ptII/ptolemy/domains/de/test/auto/ServerZeroDelay.xml (RunModel)" time="0.014" />
  <testcase classname="ptolemy.util.test.junit.AutoTests" name="[65] /home/travis/build/icyphy/ptII/ptolemy/domains/de/test/auto/SmartSender.xml (RunModel)" time="3.009" />
  <testcase classname="ptolemy.util.test.junit.AutoTests" name="[66] /home/travis/build/icyphy/ptII/ptolemy/domains/de/test/auto/ThreadedComposite.xml (RunModel)" time="0.121" />
  <testcase classname="ptolemy.util.test.junit.AutoTests" name="[67] /home/travis/build/icyphy/ptII/ptolemy/domains/de/test/auto/Time.xml (RunModel)" time="0.416" />
  <testcase classname="ptolemy.util.test.junit.AutoTests" name="[68] /home/travis/build/icyphy/ptII/ptolemy/domains/de/test/auto/TimeDelayZeroDelay.xml (RunModel)" time="0.009" />
  <testcase classname="ptolemy.util.test.junit.AutoTests" name="[69] /home/travis/build/icyphy/ptII/ptolemy/domains/de/test/auto/TimerZeroDelay.xml (RunModel)" time="0.009" />
  <testcase classname="ptolemy.util.test.junit.AutoTests" name="[70] /home/travis/build/icyphy/ptII/ptolemy/domains/de/test/auto/TimingParadox.xml (RunModel)" time="0.346" />
  <testcase classname="ptolemy.util.test.junit.AutoTests" name="[71] /home/travis/build/icyphy/ptII/ptolemy/domains/de/test/auto/TransferInputs.xml (RunModel)" time="0.009" />
  <testcase classname="ptolemy.util.test.junit.AutoTests" name="[72] /home/travis/build/icyphy/ptII/ptolemy/domains/de/test/auto/TransferOutputs2.xml (RunModel)" time="0.018" />
  <testcase classname="ptolemy.util.test.junit.AutoTests" name="[73] /home/travis/build/icyphy/ptII/ptolemy/domains/de/test/auto/Trilateration.xml (RunModel)" time="11.419" />
  <testcase classname="ptolemy.util.test.junit.AutoTests" name="[74] /home/travis/build/icyphy/ptII/ptolemy/domains/de/test/auto/TwoSigmaDelta.xml (RunModel)" time="2.018" />
  <testcase classname="ptolemy.util.test.junit.AutoTests" name="[75] /home/travis/build/icyphy/ptII/ptolemy/domains/de/test/auto/VariableDelay.xml (RunModel)" time="0.012" />
  <testcase classname="ptolemy.util.test.junit.AutoTests" name="[76] /home/travis/build/icyphy/ptII/ptolemy/domains/de/test/auto/VariableDelay2.xml (RunModel)" time="0.011" />
  <testcase classname="ptolemy.util.test.junit.AutoTests" name="[77] /home/travis/build/icyphy/ptII/ptolemy/domains/de/test/auto/VariableDelayZeroDelay.xml (RunModel)" time="0.013" />
  <testcase classname="ptolemy.util.test.junit.AutoTests" name="[78] /home/travis/build/icyphy/ptII/ptolemy/domains/de/test/auto/VariableDelayZeroDelay2.xml (RunModel)" time="0.014" />
  <testcase classname="ptolemy.util.test.junit.AutoTests" name="[79] /home/travis/build/icyphy/ptII/ptolemy/domains/de/test/auto/deInCt.xml (RunModel)" time="0.024" />
  <testcase classname="ptolemy.util.test.junit.AutoTests" name="[80] /home/travis/build/icyphy/ptII/ptolemy/domains/de/test/auto/deInCt2.xml (RunModel)" time="0.023" />
  <testcase classname="ptolemy.util.test.junit.AutoTests" name="[81] /home/travis/build/icyphy/ptII/ptolemy/domains/de/test/auto/dynamicCausalityInterface1.xml (RunModel)" time="0.018" />
  <testcase classname="ptolemy.util.test.junit.AutoTests" name="[82] /home/travis/build/icyphy/ptII/ptolemy/domains/de/test/auto/fsm_de_test.xml (RunModel)" time="0.032" />
  <testcase classname="ptolemy.util.test.junit.AutoTests" name="[83] /home/travis/build/icyphy/ptII/ptolemy/domains/de/test/auto/functionDependencyReconstruction.xml (RunModel)" time="0.03" />
  <testcase classname="ptolemy.util.test.junit.AutoTests" name="[84] /home/travis/build/icyphy/ptII/ptolemy/domains/de/test/auto/multirate.xml (RunModel)" time="0.016" />
  <testcase classname="ptolemy.util.test.junit.AutoTests" name="[85] /home/travis/build/icyphy/ptII/ptolemy/domains/de/test/auto/multirate2.xml (RunModel)" time="0.015" />
  <testcase classname="ptolemy.util.test.junit.AutoTests" name="[86] /home/travis/build/icyphy/ptII/ptolemy/domains/de/test/auto/realtime.xml (RunModel)" time="10.01" />
  <testcase classname="ptolemy.util.test.junit.AutoTests" name="[87] /home/travis/build/icyphy/ptII/ptolemy/domains/de/test/auto/relationGroup.xml (RunModel)" time="0.007" />
  <testcase classname="ptolemy.util.test.junit.AutoTests" name="[88] /home/travis/build/icyphy/ptII/ptolemy/domains/de/test/auto/relationGroup2.xml (RunModel)" time="0.006" />
  <testcase classname="ptolemy.util.test.junit.AutoTests" name="[89] /home/travis/build/icyphy/ptII/ptolemy/domains/de/test/auto/sortWithOpaquePorts.xml (RunModel)" time="0.008" />
  <testcase classname="ptolemy.util.test.junit.AutoTests" name="[90] /home/travis/build/icyphy/ptII/ptolemy/domains/de/test/auto/transferInputsandOutputs.xml (RunModel)" time="0.016" />
  <testcase classname="ptolemy.util.test.junit.AutoTests" name="[91] /home/travis/build/icyphy/ptII/ptolemy/domains/de/test/auto/triggerType.xml (RunModel)" time="0.012" />
  <system-out><![CDATA[/home/travis/build/icyphy/ptII/ptolemy/domains/de/test/DependencyLoop.tcl
testDefs.tcl: setting time out to 9000 seconds at Mon Sep 17 02:10:11 UTC 2018
32 ms. Memory: 116224K Free: 93911K (81%)
7 ms. Memory: 146944K Free: 135441K (92%)
/home/travis/build/icyphy/ptII/ptolemy/domains/de/test/RunDETestsAsQSS.tcl
Run the DE tests using ptolemy.domains.qss.test.QSSDirectorTest, which extends QSSDirector and prints a message in the constructors.
------------------ testing $PTII/ptolemy/domains/de/test/auto/knownFailedTests/dependencyLoop.xml (Known Failure) 
15 ms. Memory: 146944K Free: 132329K (90%)


==== $PTIIhome/travis/build/icyphy/ptII/ptolemy/domains/de/test/../../../../: Auto Automatic test in file $PTII/ptolemy/domains/de/test/auto/knownFailedTests/dependencyLoop.xml
==== Contents of test case:

	    # FIXME: we should use $relativeFilename here, but it
	    # might have backslashes under Windows, which causes no end
	    # of trouble.
	    createAndExecute $file
	    list {}
	
.... Test generated KNOWN error:
    while executing
ptolemy.kernel.util.IllegalActionException: Found a zero delay loop containing .dependencyLoop.original
  in .dependencyLoop and .dependencyLoop.original
	at ptolemy.actor.util.CausalityInterfaceForComposites._computeOutputPortDepth(CausalityInterfaceForComposites.java:759)
	at ptolemy.actor.util.CausalityInterfaceForComposites._computeInputDepth(CausalityInterfaceForComposites.java:696)
	at ptolemy.actor.util.CausalityInterfaceForComposites._computeOutputPortDepth(CausalityInterfaceForComposites.java:765)
	at ptolemy.actor.util.CausalityInterfaceForComposites._computeInputDepth(CausalityInterfaceForComposites.java:696)
	at ptolemy.actor.util.CausalityInterfaceForComposites._computeOutputPortDepth(CausalityInterfaceForComposites.java:765)
	at ptolemy.actor.util.CausalityInterfaceForComposites._computeInputDepth(CausalityInterfaceForComposites.java:696)
	at ptolemy.actor.util.CausalityInterfaceForComposites._computeActorDepth(CausalityInterfaceForComposites.java:532)
	at ptolemy.actor.util.CausalityInterfaceForComposites.checkForCycles(CausalityInterfaceForComposites.java:96)
	at ptolemy.domains.de.kernel.DEDirector.preinitialize(DEDirector.java:1338)
	at ptolemy.actor.CompositeActor.preinitialize(CompositeActor.java:1828)
	at ptolemy.actor.Manager.preinitializeAndResolveTypes(Manager.java:1040)
	at ptolemy.actor.Manager.initialize(Manager.java:710)
	at ptolemy.actor.Manager.execute(Manager.java:356)
	at ptolemy.actor.Manager.run(Manager.java:1263)
	at ptolemy.actor.Manager$PtolemyRunThread.run(Manager.java:1915)

    while executing
ptolemy.kernel.util.IllegalActionException: Found a zero delay loop containing .dependencyLoop.original
  in .dependencyLoop and .dependencyLoop.original
    while executing
"java::new ptolemy.moml.MoMLSimpleApplication $file
"
    (procedure "createAndExecute" line 2)
    invoked from within
"createAndExecute $file"
    ("uplevel" body line 5)
    invoked from within
"uplevel $contents_of_test"
------------------ testing $PTII/ptolemy/domains/de/test/auto/knownFailedTests/DESDFClockTest.xml (Known Failure) 
2065 ms. Memory: 146944K Free: 116499K (79%)


==== $PTIIhome/travis/build/icyphy/ptII/ptolemy/domains/de/test/../../../../: Auto Automatic test in file $PTII/ptolemy/domains/de/test/auto/knownFailedTests/DESDFClockTest.xml
==== Contents of test case:

	    # FIXME: we should use $relativeFilename here, but it
	    # might have backslashes under Windows, which causes no end
	    # of trouble.
	    createAndExecute $file
	    list {}
	
.... Test generated KNOWN error:
    while executing
ptolemy.kernel.util.IllegalActionException: Actor is not ready to fire.  Perhaps UpSample.prefire() returned false? Try debugging the actor by selecting "Listen to Actor".  Also, for SDF check moml for tokenConsumptionRate on input.
  in .DESDFClockTest.Play Bell.Copy1:SDF Director and .DESDFClockTest.Play Bell.UpSample
	at ptolemy.actor.sched.StaticSchedulingDirector.fire(StaticSchedulingDirector.java:227)
	at ptolemy.domains.sdf.kernel.SDFDirector.fire(SDFDirector.java:500)
	at ptolemy.actor.CompositeActor.fire(CompositeActor.java:455)
	at ptolemy.domains.de.kernel.DEDirector._fire(DEDirector.java:1949)
	at ptolemy.domains.de.kernel.DEDirector.fire(DEDirector.java:502)
	at ptolemy.actor.CompositeActor.fire(CompositeActor.java:455)
	at ptolemy.actor.Manager.iterate(Manager.java:851)
	at ptolemy.actor.Manager.execute(Manager.java:369)
	at ptolemy.actor.Manager.run(Manager.java:1263)
	at ptolemy.actor.Manager$PtolemyRunThread.run(Manager.java:1915)

    while executing
ptolemy.kernel.util.IllegalActionException: Actor is not ready to fire.  Perhaps UpSample.prefire() returned false? Try debugging the actor by selecting "Listen to Actor".  Also, for SDF check moml for tokenConsumptionRate on input.
  in .DESDFClockTest.Play Bell.Copy1:SDF Director and .DESDFClockTest.Play Bell.UpSample
    while executing
"java::new ptolemy.moml.MoMLSimpleApplication $file
"
    (procedure "createAndExecute" line 2)
    invoked from within
"createAndExecute $file"
    ("uplevel" body line 5)
    invoked from within
"uplevel $contents_of_test"
------------------ testing $PTII/ptolemy/domains/de/test/auto/knownFailedTests/FSMSource.xml (Known Failure) 
21 ms. Memory: 146944K Free: 107533K (73%)
!!!! Auto was marked as failing, but now passes
------------------ testing $PTII/ptolemy/domains/de/test/auto/knownFailedTests/dependencyLoop2.xml (Known Failure) 
6 ms. Memory: 146944K Free: 105650K (72%)


==== $PTIIhome/travis/build/icyphy/ptII/ptolemy/domains/de/test/../../../../: Auto Automatic test in file $PTII/ptolemy/domains/de/test/auto/knownFailedTests/dependencyLoop2.xml
==== Contents of test case:

	    # FIXME: we should use $relativeFilename here, but it
	    # might have backslashes under Windows, which causes no end
	    # of trouble.
	    createAndExecute $file
	    list {}
	
.... Test generated KNOWN error:
    while executing
ptolemy.kernel.util.IllegalActionException: Found a zero delay loop containing .dependencyLoop2.original
  in .dependencyLoop2 and .dependencyLoop2.original
	at ptolemy.actor.util.CausalityInterfaceForComposites._computeOutputPortDepth(CausalityInterfaceForComposites.java:759)
	at ptolemy.actor.util.CausalityInterfaceForComposites._computeInputDepth(CausalityInterfaceForComposites.java:696)
	at ptolemy.actor.util.CausalityInterfaceForComposites._computeOutputPortDepth(CausalityInterfaceForComposites.java:765)
	at ptolemy.actor.util.CausalityInterfaceForComposites._computeInputDepth(CausalityInterfaceForComposites.java:696)
	at ptolemy.actor.util.CausalityInterfaceForComposites._computeOutputPortDepth(CausalityInterfaceForComposites.java:765)
	at ptolemy.actor.util.CausalityInterfaceForComposites._computeInputDepth(CausalityInterfaceForComposites.java:696)
	at ptolemy.actor.util.CausalityInterfaceForComposites._computeActorDepth(CausalityInterfaceForComposites.java:532)
	at ptolemy.actor.util.CausalityInterfaceForComposites.checkForCycles(CausalityInterfaceForComposites.java:96)
	at ptolemy.domains.de.kernel.DEDirector.preinitialize(DEDirector.java:1338)
	at ptolemy.actor.CompositeActor.preinitialize(CompositeActor.java:1828)
	at ptolemy.actor.Manager.preinitializeAndResolveTypes(Manager.java:1040)
	at ptolemy.actor.Manager.initialize(Manager.java:710)
	at ptolemy.actor.Manager.execute(Manager.java:356)
	at ptolemy.actor.Manager.run(Manager.java:1263)
	at ptolemy.actor.Manager$PtolemyRunThread.run(Manager.java:1915)

    while executing
ptolemy.kernel.util.IllegalActionException: Found a zero delay loop containing .dependencyLoop2.original
  in .dependencyLoop2 and .dependencyLoop2.original
    while executing
"java::new ptolemy.moml.MoMLSimpleApplication $file
"
    (procedure "createAndExecute" line 2)
    invoked from within
"createAndExecute $file"
    ("uplevel" body line 5)
    invoked from within
"uplevel $contents_of_test"
------------------ testing $PTII/ptolemy/domains/de/test/auto/knownFailedTests/HierarchicalModel.xml (Known Failure) 
6 ms. Memory: 146944K Free: 83975K (57%)


==== $PTIIhome/travis/build/icyphy/ptII/ptolemy/domains/de/test/../../../../: Auto Automatic test in file $PTII/ptolemy/domains/de/test/auto/knownFailedTests/HierarchicalModel.xml
==== Contents of test case:

	    # FIXME: we should use $relativeFilename here, but it
	    # might have backslashes under Windows, which causes no end
	    # of trouble.
	    createAndExecute $file
	    list {}
	
.... Test generated KNOWN error:
    while executing
ptolemy.kernel.util.IllegalActionException: Found a zero delay loop containing .HierarchicalModel.A
  in .HierarchicalModel and .HierarchicalModel.A
	at ptolemy.actor.util.CausalityInterfaceForComposites._computeOutputPortDepth(CausalityInterfaceForComposites.java:759)
	at ptolemy.actor.util.CausalityInterfaceForComposites._computeInputDepth(CausalityInterfaceForComposites.java:696)
	at ptolemy.actor.util.CausalityInterfaceForComposites._computeOutputPortDepth(CausalityInterfaceForComposites.java:765)
	at ptolemy.actor.util.CausalityInterfaceForComposites._computeInputDepth(CausalityInterfaceForComposites.java:696)
	at ptolemy.actor.util.CausalityInterfaceForComposites._computeOutputPortDepth(CausalityInterfaceForComposites.java:765)
	at ptolemy.actor.util.CausalityInterfaceForComposites._computeInputDepth(CausalityInterfaceForComposites.java:696)
	at ptolemy.actor.util.CausalityInterfaceForComposites._computeActorDepth(CausalityInterfaceForComposites.java:532)
	at ptolemy.actor.util.CausalityInterfaceForComposites.checkForCycles(CausalityInterfaceForComposites.java:96)
	at ptolemy.domains.de.kernel.DEDirector.preinitialize(DEDirector.java:1338)
	at ptolemy.actor.CompositeActor.preinitialize(CompositeActor.java:1828)
	at ptolemy.actor.Manager.preinitializeAndResolveTypes(Manager.java:1040)
	at ptolemy.actor.Manager.initialize(Manager.java:710)
	at ptolemy.actor.Manager.execute(Manager.java:356)
	at ptolemy.actor.Manager.run(Manager.java:1263)
	at ptolemy.actor.Manager$PtolemyRunThread.run(Manager.java:1915)

    while executing
ptolemy.kernel.util.IllegalActionException: Found a zero delay loop containing .HierarchicalModel.A
  in .HierarchicalModel and .HierarchicalModel.A
    while executing
"java::new ptolemy.moml.MoMLSimpleApplication $file
"
    (procedure "createAndExecute" line 2)
    invoked from within
"createAndExecute $file"
    ("uplevel" body line 5)
    invoked from within
"uplevel $contents_of_test"
------------------ testing $PTII/ptolemy/domains/de/test/auto/knownFailedTests/DirectFeedback.xml (Known Failure) 
7 ms. Memory: 146944K Free: 141098K (96%)


==== $PTIIhome/travis/build/icyphy/ptII/ptolemy/domains/de/test/../../../../: Auto Automatic test in file $PTII/ptolemy/domains/de/test/auto/knownFailedTests/DirectFeedback.xml
==== Contents of test case:

	    # FIXME: we should use $relativeFilename here, but it
	    # might have backslashes under Windows, which causes no end
	    # of trouble.
	    createAndExecute $file
	    list {}
	
.... Test generated KNOWN error:
    while executing
ptolemy.kernel.util.IllegalActionException: Test fails in iteration 1.
Value was: 1.0. Should have been: 2.0
  in .DirectFeedback.Test
	at ptolemy.actor.lib.Test.fire(Test.java:268)
	at ptolemy.domains.de.kernel.DEDirector._fire(DEDirector.java:1949)
	at ptolemy.domains.de.kernel.DEDirector.fire(DEDirector.java:502)
	at ptolemy.actor.CompositeActor.fire(CompositeActor.java:455)
	at ptolemy.actor.Manager.iterate(Manager.java:851)
	at ptolemy.actor.Manager.execute(Manager.java:369)
	at ptolemy.actor.Manager.run(Manager.java:1263)
	at ptolemy.actor.Manager$PtolemyRunThread.run(Manager.java:1915)

    while executing
ptolemy.kernel.util.IllegalActionException: Test fails in iteration 1.
Value was: 1.0. Should have been: 2.0
  in .DirectFeedback.Test
    while executing
"java::new ptolemy.moml.MoMLSimpleApplication $file
"
    (procedure "createAndExecute" line 2)
    invoked from within
"createAndExecute $file"
    ("uplevel" body line 5)
    invoked from within
"uplevel $contents_of_test"
------------------ testing $PTII/ptolemy/domains/de/test/auto/ActorDepthCalculation_actorWithoutPorts.xml
auto.tcl: Setting watchdog for 200 seconds at Mon Sep 17 02:10:15 UTC 2018
3 ms. Memory: 146944K Free: 132348K (90%)
ptolemy.util.test.WatchDog.cancel(): canceling Mon Sep 17 02:10:15 UTC 2018
auto.tcl: Setting watchdog for 200 seconds at Mon Sep 17 02:10:15 UTC 2018
4 ms. Memory: 146944K Free: 131305K (89%)
ptolemy.util.test.WatchDog.cancel(): canceling Mon Sep 17 02:10:15 UTC 2018
------------------ testing $PTII/ptolemy/domains/de/test/auto/AssemblyLine.xml
auto.tcl: Setting watchdog for 200 seconds at Mon Sep 17 02:10:15 UTC 2018
11 ms. Memory: 208384K Free: 182807K (88%)
ptolemy.util.test.WatchDog.cancel(): canceling Mon Sep 17 02:10:15 UTC 2018
auto.tcl: Setting watchdog for 200 seconds at Mon Sep 17 02:10:15 UTC 2018
6 ms. Memory: 208384K Free: 182807K (88%)
ptolemy.util.test.WatchDog.cancel(): canceling Mon Sep 17 02:10:15 UTC 2018
------------------ testing $PTII/ptolemy/domains/de/test/auto/CQBug1.xml
auto.tcl: Setting watchdog for 200 seconds at Mon Sep 17 02:10:15 UTC 2018
3 ms. Memory: 208384K Free: 197694K (95%)
ptolemy.util.test.WatchDog.cancel(): canceling Mon Sep 17 02:10:15 UTC 2018
auto.tcl: Setting watchdog for 200 seconds at Mon Sep 17 02:10:15 UTC 2018
2 ms. Memory: 208384K Free: 197694K (95%)
ptolemy.util.test.WatchDog.cancel(): canceling Mon Sep 17 02:10:15 UTC 2018
------------------ testing $PTII/ptolemy/domains/de/test/auto/CancelFireAt.xml
auto.tcl: Setting watchdog for 200 seconds at Mon Sep 17 02:10:15 UTC 2018
4 ms. Memory: 208384K Free: 201083K (96%)
ptolemy.util.test.WatchDog.cancel(): canceling Mon Sep 17 02:10:15 UTC 2018
auto.tcl: Setting watchdog for 200 seconds at Mon Sep 17 02:10:15 UTC 2018
2 ms. Memory: 208384K Free: 198976K (95%)
ptolemy.util.test.WatchDog.cancel(): canceling Mon Sep 17 02:10:15 UTC 2018
------------------ testing $PTII/ptolemy/domains/de/test/auto/CausalityAndComposabilityAnalysis.xml
auto.tcl: Setting watchdog for 200 seconds at Mon Sep 17 02:10:16 UTC 2018
8 ms. Memory: 208384K Free: 196467K (94%)
ptolemy.util.test.WatchDog.cancel(): canceling Mon Sep 17 02:10:16 UTC 2018
auto.tcl: Setting watchdog for 200 seconds at Mon Sep 17 02:10:16 UTC 2018
5 ms. Memory: 208384K Free: 196467K (94%)
ptolemy.util.test.WatchDog.cancel(): canceling Mon Sep 17 02:10:16 UTC 2018
------------------ testing $PTII/ptolemy/domains/de/test/auto/CausalityInterface1.xml
auto.tcl: Setting watchdog for 200 seconds at Mon Sep 17 02:10:16 UTC 2018
15 ms. Memory: 208384K Free: 196403K (94%)
ptolemy.util.test.WatchDog.cancel(): canceling Mon Sep 17 02:10:16 UTC 2018
auto.tcl: Setting watchdog for 200 seconds at Mon Sep 17 02:10:16 UTC 2018
4 ms. Memory: 208384K Free: 196403K (94%)
ptolemy.util.test.WatchDog.cancel(): canceling Mon Sep 17 02:10:16 UTC 2018
------------------ testing $PTII/ptolemy/domains/de/test/auto/CausalityInterface15.xml
auto.tcl: Setting watchdog for 200 seconds at Mon Sep 17 02:10:16 UTC 2018
5 ms. Memory: 208384K Free: 196731K (94%)
ptolemy.util.test.WatchDog.cancel(): canceling Mon Sep 17 02:10:16 UTC 2018
auto.tcl: Setting watchdog for 200 seconds at Mon Sep 17 02:10:16 UTC 2018
6 ms. Memory: 208384K Free: 196731K (94%)
ptolemy.util.test.WatchDog.cancel(): canceling Mon Sep 17 02:10:16 UTC 2018
------------------ testing $PTII/ptolemy/domains/de/test/auto/CausalityInterface2.xml
auto.tcl: Setting watchdog for 200 seconds at Mon Sep 17 02:10:16 UTC 2018
6 ms. Memory: 208384K Free: 196378K (94%)
ptolemy.util.test.WatchDog.cancel(): canceling Mon Sep 17 02:10:16 UTC 2018
auto.tcl: Setting watchdog for 200 seconds at Mon Sep 17 02:10:16 UTC 2018
2 ms. Memory: 208384K Free: 196378K (94%)
ptolemy.util.test.WatchDog.cancel(): canceling Mon Sep 17 02:10:16 UTC 2018
------------------ testing $PTII/ptolemy/domains/de/test/auto/CausalityInterface3.xml
auto.tcl: Setting watchdog for 200 seconds at Mon Sep 17 02:10:16 UTC 2018
10 ms. Memory: 208384K Free: 196390K (94%)
ptolemy.util.test.WatchDog.cancel(): canceling Mon Sep 17 02:10:16 UTC 2018
auto.tcl: Setting watchdog for 200 seconds at Mon Sep 17 02:10:16 UTC 2018
6 ms. Memory: 208384K Free: 196390K (94%)
ptolemy.util.test.WatchDog.cancel(): canceling Mon Sep 17 02:10:16 UTC 2018
------------------ testing $PTII/ptolemy/domains/de/test/auto/ClockDrift.xml
auto.tcl: Setting watchdog for 200 seconds at Mon Sep 17 02:10:16 UTC 2018
75 ms. Memory: 208384K Free: 187602K (90%)
ptolemy.util.test.WatchDog.cancel(): canceling Mon Sep 17 02:10:16 UTC 2018
auto.tcl: Setting watchdog for 200 seconds at Mon Sep 17 02:10:16 UTC 2018
57 ms. Memory: 208384K Free: 185495K (89%)
ptolemy.util.test.WatchDog.cancel(): canceling Mon Sep 17 02:10:16 UTC 2018
------------------ testing $PTII/ptolemy/domains/de/test/auto/ClockDriftAndValueChange.xml
auto.tcl: Setting watchdog for 200 seconds at Mon Sep 17 02:10:16 UTC 2018
46 ms. Memory: 208384K Free: 187436K (90%)
ptolemy.util.test.WatchDog.cancel(): canceling Mon Sep 17 02:10:16 UTC 2018
auto.tcl: Setting watchdog for 200 seconds at Mon Sep 17 02:10:16 UTC 2018
32 ms. Memory: 208384K Free: 185329K (89%)
ptolemy.util.test.WatchDog.cancel(): canceling Mon Sep 17 02:10:16 UTC 2018
------------------ testing $PTII/ptolemy/domains/de/test/auto/ClockDriftChange.xml
auto.tcl: Setting watchdog for 200 seconds at Mon Sep 17 02:10:17 UTC 2018
31 ms. Memory: 208384K Free: 190764K (92%)
ptolemy.util.test.WatchDog.cancel(): canceling Mon Sep 17 02:10:17 UTC 2018
auto.tcl: Setting watchdog for 200 seconds at Mon Sep 17 02:10:17 UTC 2018
22 ms. Memory: 208384K Free: 188658K (91%)
ptolemy.util.test.WatchDog.cancel(): canceling Mon Sep 17 02:10:17 UTC 2018
------------------ testing $PTII/ptolemy/domains/de/test/auto/ComposableCausalityAnalysis.xml
auto.tcl: Setting watchdog for 200 seconds at Mon Sep 17 02:10:17 UTC 2018
2 ms. Memory: 208384K Free: 196245K (94%)
ptolemy.util.test.WatchDog.cancel(): canceling Mon Sep 17 02:10:17 UTC 2018
auto.tcl: Setting watchdog for 200 seconds at Mon Sep 17 02:10:17 UTC 2018
1 ms. Memory: 208384K Free: 194138K (93%)
ptolemy.util.test.WatchDog.cancel(): canceling Mon Sep 17 02:10:17 UTC 2018
------------------ testing $PTII/ptolemy/domains/de/test/auto/DEFixedPointLimitation.xml
auto.tcl: Setting watchdog for 200 seconds at Mon Sep 17 02:10:17 UTC 2018
4 ms. Memory: 208384K Free: 196326K (94%)
ptolemy.util.test.WatchDog.cancel(): canceling Mon Sep 17 02:10:17 UTC 2018
auto.tcl: Setting watchdog for 200 seconds at Mon Sep 17 02:10:17 UTC 2018
1 ms. Memory: 208384K Free: 196326K (94%)
ptolemy.util.test.WatchDog.cancel(): canceling Mon Sep 17 02:10:17 UTC 2018
------------------ testing $PTII/ptolemy/domains/de/test/auto/DEScheduleTest.xml
auto.tcl: Setting watchdog for 200 seconds at Mon Sep 17 02:10:17 UTC 2018
3 ms. Memory: 208384K Free: 198468K (95%)
ptolemy.util.test.WatchDog.cancel(): canceling Mon Sep 17 02:10:17 UTC 2018
auto.tcl: Setting watchdog for 200 seconds at Mon Sep 17 02:10:17 UTC 2018
7 ms. Memory: 208384K Free: 196362K (94%)
ptolemy.util.test.WatchDog.cancel(): canceling Mon Sep 17 02:10:17 UTC 2018
------------------ testing $PTII/ptolemy/domains/de/test/auto/DEinDEwithStartTimes.xml
auto.tcl: Setting watchdog for 200 seconds at Mon Sep 17 02:10:17 UTC 2018
7 ms. Memory: 208384K Free: 196331K (94%)
ptolemy.util.test.WatchDog.cancel(): canceling Mon Sep 17 02:10:17 UTC 2018
auto.tcl: Setting watchdog for 200 seconds at Mon Sep 17 02:10:17 UTC 2018
4 ms. Memory: 208384K Free: 194224K (93%)
ptolemy.util.test.WatchDog.cancel(): canceling Mon Sep 17 02:10:17 UTC 2018
------------------ testing $PTII/ptolemy/domains/de/test/auto/DEinDEwithStartTimes2.xml
auto.tcl: Setting watchdog for 200 seconds at Mon Sep 17 02:10:17 UTC 2018
8 ms. Memory: 208384K Free: 196311K (94%)
ptolemy.util.test.WatchDog.cancel(): canceling Mon Sep 17 02:10:17 UTC 2018
auto.tcl: Setting watchdog for 200 seconds at Mon Sep 17 02:10:17 UTC 2018
4 ms. Memory: 208384K Free: 194204K (93%)
ptolemy.util.test.WatchDog.cancel(): canceling Mon Sep 17 02:10:17 UTC 2018
------------------ testing $PTII/ptolemy/domains/de/test/auto/DateDemo.xml
auto.tcl: Setting watchdog for 200 seconds at Mon Sep 17 02:10:17 UTC 2018
7 ms. Memory: 208384K Free: 188720K (91%)
ptolemy.util.test.WatchDog.cancel(): canceling Mon Sep 17 02:10:17 UTC 2018
auto.tcl: Setting watchdog for 200 seconds at Mon Sep 17 02:10:17 UTC 2018
6 ms. Memory: 208384K Free: 186613K (90%)
ptolemy.util.test.WatchDog.cancel(): canceling Mon Sep 17 02:10:17 UTC 2018
------------------ testing $PTII/ptolemy/domains/de/test/auto/DateToEvent.xml
auto.tcl: Setting watchdog for 200 seconds at Mon Sep 17 02:10:17 UTC 2018
2013 ms. Memory: 208384K Free: 183422K (88%)
ptolemy.util.test.WatchDog.cancel(): canceling Mon Sep 17 02:10:19 UTC 2018
auto.tcl: Setting watchdog for 200 seconds at Mon Sep 17 02:10:19 UTC 2018
2007 ms. Memory: 208384K Free: 180964K (87%)
ptolemy.util.test.WatchDog.cancel(): canceling Mon Sep 17 02:10:21 UTC 2018
------------------ testing $PTII/ptolemy/domains/de/test/auto/DepthTest1.xml
auto.tcl: Setting watchdog for 200 seconds at Mon Sep 17 02:10:21 UTC 2018
2 ms. Memory: 208384K Free: 197997K (95%)
ptolemy.util.test.WatchDog.cancel(): canceling Mon Sep 17 02:10:21 UTC 2018
auto.tcl: Setting watchdog for 200 seconds at Mon Sep 17 02:10:21 UTC 2018
2 ms. Memory: 208384K Free: 197997K (95%)
ptolemy.util.test.WatchDog.cancel(): canceling Mon Sep 17 02:10:21 UTC 2018
------------------ testing $PTII/ptolemy/domains/de/test/auto/DepthTest2.xml
auto.tcl: Setting watchdog for 200 seconds at Mon Sep 17 02:10:21 UTC 2018
3 ms. Memory: 208384K Free: 194184K (93%)
ptolemy.util.test.WatchDog.cancel(): canceling Mon Sep 17 02:10:21 UTC 2018
auto.tcl: Setting watchdog for 200 seconds at Mon Sep 17 02:10:21 UTC 2018
5 ms. Memory: 208384K Free: 194184K (93%)
ptolemy.util.test.WatchDog.cancel(): canceling Mon Sep 17 02:10:21 UTC 2018
------------------ testing $PTII/ptolemy/domains/de/test/auto/DepthTest3.xml
auto.tcl: Setting watchdog for 200 seconds at Mon Sep 17 02:10:21 UTC 2018
1 ms. Memory: 208384K Free: 198331K (95%)
ptolemy.util.test.WatchDog.cancel(): canceling Mon Sep 17 02:10:22 UTC 2018
auto.tcl: Setting watchdog for 200 seconds at Mon Sep 17 02:10:22 UTC 2018
2 ms. Memory: 208384K Free: 198331K (95%)
ptolemy.util.test.WatchDog.cancel(): canceling Mon Sep 17 02:10:22 UTC 2018
------------------ testing $PTII/ptolemy/domains/de/test/auto/DepthTest4.xml
auto.tcl: Setting watchdog for 200 seconds at Mon Sep 17 02:10:22 UTC 2018
3 ms. Memory: 208384K Free: 196312K (94%)
ptolemy.util.test.WatchDog.cancel(): canceling Mon Sep 17 02:10:22 UTC 2018
auto.tcl: Setting watchdog for 200 seconds at Mon Sep 17 02:10:22 UTC 2018
2 ms. Memory: 208384K Free: 196312K (94%)
ptolemy.util.test.WatchDog.cancel(): canceling Mon Sep 17 02:10:22 UTC 2018
------------------ testing $PTII/ptolemy/domains/de/test/auto/DepthTest5.xml
auto.tcl: Setting watchdog for 200 seconds at Mon Sep 17 02:10:22 UTC 2018
5 ms. Memory: 208384K Free: 196259K (94%)
ptolemy.util.test.WatchDog.cancel(): canceling Mon Sep 17 02:10:22 UTC 2018
auto.tcl: Setting watchdog for 200 seconds at Mon Sep 17 02:10:22 UTC 2018
2 ms. Memory: 208384K Free: 196259K (94%)
ptolemy.util.test.WatchDog.cancel(): canceling Mon Sep 17 02:10:22 UTC 2018
------------------ testing $PTII/ptolemy/domains/de/test/auto/DepthTest6.xml
auto.tcl: Setting watchdog for 200 seconds at Mon Sep 17 02:10:22 UTC 2018
9 ms. Memory: 208384K Free: 196566K (94%)
ptolemy.util.test.WatchDog.cancel(): canceling Mon Sep 17 02:10:22 UTC 2018
auto.tcl: Setting watchdog for 200 seconds at Mon Sep 17 02:10:22 UTC 2018
3 ms. Memory: 208384K Free: 196566K (94%)
ptolemy.util.test.WatchDog.cancel(): canceling Mon Sep 17 02:10:22 UTC 2018
------------------ testing $PTII/ptolemy/domains/de/test/auto/DepthTest7.xml
auto.tcl: Setting watchdog for 200 seconds at Mon Sep 17 02:10:22 UTC 2018
3 ms. Memory: 208384K Free: 196216K (94%)
ptolemy.util.test.WatchDog.cancel(): canceling Mon Sep 17 02:10:22 UTC 2018
auto.tcl: Setting watchdog for 200 seconds at Mon Sep 17 02:10:22 UTC 2018
2 ms. Memory: 208384K Free: 196216K (94%)
ptolemy.util.test.WatchDog.cancel(): canceling Mon Sep 17 02:10:22 UTC 2018
------------------ testing $PTII/ptolemy/domains/de/test/auto/EventToDate.xml
auto.tcl: Setting watchdog for 200 seconds at Mon Sep 17 02:10:22 UTC 2018
3009 ms. Memory: 208384K Free: 185703K (89%)
ptolemy.util.test.WatchDog.cancel(): canceling Mon Sep 17 02:10:25 UTC 2018
auto.tcl: Setting watchdog for 200 seconds at Mon Sep 17 02:10:25 UTC 2018
3005 ms. Memory: 208384K Free: 185703K (89%)
ptolemy.util.test.WatchDog.cancel(): canceling Mon Sep 17 02:10:28 UTC 2018
------------------ testing $PTII/ptolemy/domains/de/test/auto/FSM1.xml
auto.tcl: Setting watchdog for 200 seconds at Mon Sep 17 02:10:28 UTC 2018
32 ms. Memory: 208384K Free: 189254K (91%)
ptolemy.util.test.WatchDog.cancel(): canceling Mon Sep 17 02:10:28 UTC 2018
auto.tcl: Setting watchdog for 200 seconds at Mon Sep 17 02:10:28 UTC 2018
26 ms. Memory: 208384K Free: 185040K (89%)
ptolemy.util.test.WatchDog.cancel(): canceling Mon Sep 17 02:10:28 UTC 2018
------------------ testing $PTII/ptolemy/domains/de/test/auto/FSM7.xml
auto.tcl: Setting watchdog for 200 seconds at Mon Sep 17 02:10:28 UTC 2018
18 ms. Memory: 208384K Free: 187350K (90%)
ptolemy.util.test.WatchDog.cancel(): canceling Mon Sep 17 02:10:28 UTC 2018
auto.tcl: Setting watchdog for 200 seconds at Mon Sep 17 02:10:28 UTC 2018
13 ms. Memory: 208384K Free: 185243K (89%)
ptolemy.util.test.WatchDog.cancel(): canceling Mon Sep 17 02:10:28 UTC 2018
------------------ testing $PTII/ptolemy/domains/de/test/auto/Inspection.xml
auto.tcl: Setting watchdog for 200 seconds at Mon Sep 17 02:10:28 UTC 2018
31 ms. Memory: 208384K Free: 188564K (90%)
ptolemy.util.test.WatchDog.cancel(): canceling Mon Sep 17 02:10:28 UTC 2018
auto.tcl: Setting watchdog for 200 seconds at Mon Sep 17 02:10:28 UTC 2018
22 ms. Memory: 208384K Free: 186458K (89%)
ptolemy.util.test.WatchDog.cancel(): canceling Mon Sep 17 02:10:28 UTC 2018
------------------ testing $PTII/ptolemy/domains/de/test/auto/Iteration.xml
auto.tcl: Setting watchdog for 200 seconds at Mon Sep 17 02:10:28 UTC 2018
6 ms. Memory: 208384K Free: 196360K (94%)
ptolemy.util.test.WatchDog.cancel(): canceling Mon Sep 17 02:10:28 UTC 2018
auto.tcl: Setting watchdog for 200 seconds at Mon Sep 17 02:10:28 UTC 2018
6 ms. Memory: 208384K Free: 193915K (93%)
ptolemy.util.test.WatchDog.cancel(): canceling Mon Sep 17 02:10:28 UTC 2018
------------------ testing $PTII/ptolemy/domains/de/test/auto/LineFault.xml
auto.tcl: Setting watchdog for 200 seconds at Mon Sep 17 02:10:28 UTC 2018
561 ms. Memory: 208384K Free: 196223K (94%)
ptolemy.util.test.WatchDog.cancel(): canceling Mon Sep 17 02:10:29 UTC 2018
auto.tcl: Setting watchdog for 200 seconds at Mon Sep 17 02:10:29 UTC 2018
581 ms. Memory: 208384K Free: 138702K (67%)
ptolemy.util.test.WatchDog.cancel(): canceling Mon Sep 17 02:10:30 UTC 2018
------------------ testing $PTII/ptolemy/domains/de/test/auto/MergeModel1Add.xml
auto.tcl: Setting watchdog for 200 seconds at Mon Sep 17 02:10:30 UTC 2018
24 ms. Memory: 331264K Free: 298851K (90%)
ptolemy.util.test.WatchDog.cancel(): canceling Mon Sep 17 02:10:30 UTC 2018
auto.tcl: Setting watchdog for 200 seconds at Mon Sep 17 02:10:30 UTC 2018
14 ms. Memory: 331264K Free: 298851K (90%)
ptolemy.util.test.WatchDog.cancel(): canceling Mon Sep 17 02:10:30 UTC 2018
------------------ testing $PTII/ptolemy/domains/de/test/auto/MergeModel2Add.xml
auto.tcl: Setting watchdog for 200 seconds at Mon Sep 17 02:10:30 UTC 2018
13 ms. Memory: 331264K Free: 304138K (92%)
ptolemy.util.test.WatchDog.cancel(): canceling Mon Sep 17 02:10:30 UTC 2018
auto.tcl: Setting watchdog for 200 seconds at Mon Sep 17 02:10:30 UTC 2018
9 ms. Memory: 331264K Free: 300189K (91%)
ptolemy.util.test.WatchDog.cancel(): canceling Mon Sep 17 02:10:30 UTC 2018
------------------ testing $PTII/ptolemy/domains/de/test/auto/MergeModel3Add.xml
auto.tcl: Setting watchdog for 200 seconds at Mon Sep 17 02:10:30 UTC 2018
10 ms. Memory: 331264K Free: 304147K (92%)
ptolemy.util.test.WatchDog.cancel(): canceling Mon Sep 17 02:10:30 UTC 2018
auto.tcl: Setting watchdog for 200 seconds at Mon Sep 17 02:10:30 UTC 2018
9 ms. Memory: 331264K Free: 300199K (91%)
ptolemy.util.test.WatchDog.cancel(): canceling Mon Sep 17 02:10:30 UTC 2018
------------------ testing $PTII/ptolemy/domains/de/test/auto/MergeWithoutDiscard.xml
auto.tcl: Setting watchdog for 200 seconds at Mon Sep 17 02:10:30 UTC 2018
4 ms. Memory: 331264K Free: 319940K (97%)
ptolemy.util.test.WatchDog.cancel(): canceling Mon Sep 17 02:10:30 UTC 2018
auto.tcl: Setting watchdog for 200 seconds at Mon Sep 17 02:10:30 UTC 2018
2 ms. Memory: 331264K Free: 315991K (95%)
ptolemy.util.test.WatchDog.cancel(): canceling Mon Sep 17 02:10:30 UTC 2018
------------------ testing $PTII/ptolemy/domains/de/test/auto/Modal1.xml
auto.tcl: Setting watchdog for 200 seconds at Mon Sep 17 02:10:30 UTC 2018
16 ms. Memory: 331264K Free: 309883K (94%)
ptolemy.util.test.WatchDog.cancel(): canceling Mon Sep 17 02:10:30 UTC 2018
auto.tcl: Setting watchdog for 200 seconds at Mon Sep 17 02:10:30 UTC 2018
23 ms. Memory: 331264K Free: 305934K (92%)
ptolemy.util.test.WatchDog.cancel(): canceling Mon Sep 17 02:10:30 UTC 2018
------------------ testing $PTII/ptolemy/domains/de/test/auto/Modal2.xml
auto.tcl: Setting watchdog for 200 seconds at Mon Sep 17 02:10:30 UTC 2018
8 ms. Memory: 331264K Free: 309764K (94%)
ptolemy.util.test.WatchDog.cancel(): canceling Mon Sep 17 02:10:30 UTC 2018
auto.tcl: Setting watchdog for 200 seconds at Mon Sep 17 02:10:30 UTC 2018
10 ms. Memory: 331264K Free: 305815K (92%)
ptolemy.util.test.WatchDog.cancel(): canceling Mon Sep 17 02:10:30 UTC 2018
------------------ testing $PTII/ptolemy/domains/de/test/auto/Modal3.xml
auto.tcl: Setting watchdog for 200 seconds at Mon Sep 17 02:10:31 UTC 2018
16 ms. Memory: 331264K Free: 309754K (94%)
ptolemy.util.test.WatchDog.cancel(): canceling Mon Sep 17 02:10:31 UTC 2018
auto.tcl: Setting watchdog for 200 seconds at Mon Sep 17 02:10:31 UTC 2018
13 ms. Memory: 331264K Free: 305805K (92%)
ptolemy.util.test.WatchDog.cancel(): canceling Mon Sep 17 02:10:31 UTC 2018
------------------ testing $PTII/ptolemy/domains/de/test/auto/Modal4.xml
auto.tcl: Setting watchdog for 200 seconds at Mon Sep 17 02:10:31 UTC 2018
27 ms. Memory: 331264K Free: 309767K (94%)
ptolemy.util.test.WatchDog.cancel(): canceling Mon Sep 17 02:10:31 UTC 2018
auto.tcl: Setting watchdog for 200 seconds at Mon Sep 17 02:10:31 UTC 2018
18 ms. Memory: 331264K Free: 305818K (92%)
ptolemy.util.test.WatchDog.cancel(): canceling Mon Sep 17 02:10:31 UTC 2018
------------------ testing $PTII/ptolemy/domains/de/test/auto/Modal5.xml
auto.tcl: Setting watchdog for 200 seconds at Mon Sep 17 02:10:31 UTC 2018
19 ms. Memory: 331264K Free: 309754K (94%)
ptolemy.util.test.WatchDog.cancel(): canceling Mon Sep 17 02:10:31 UTC 2018
auto.tcl: Setting watchdog for 200 seconds at Mon Sep 17 02:10:31 UTC 2018
15 ms. Memory: 331264K Free: 305806K (92%)
ptolemy.util.test.WatchDog.cancel(): canceling Mon Sep 17 02:10:31 UTC 2018
------------------ testing $PTII/ptolemy/domains/de/test/auto/Modal6.xml
auto.tcl: Setting watchdog for 200 seconds at Mon Sep 17 02:10:31 UTC 2018
13 ms. Memory: 331264K Free: 309752K (94%)
ptolemy.util.test.WatchDog.cancel(): canceling Mon Sep 17 02:10:31 UTC 2018
auto.tcl: Setting watchdog for 200 seconds at Mon Sep 17 02:10:31 UTC 2018
14 ms. Memory: 331264K Free: 305803K (92%)
ptolemy.util.test.WatchDog.cancel(): canceling Mon Sep 17 02:10:31 UTC 2018
------------------ testing $PTII/ptolemy/domains/de/test/auto/Modal7.xml
auto.tcl: Setting watchdog for 200 seconds at Mon Sep 17 02:10:31 UTC 2018
17 ms. Memory: 331264K Free: 309752K (94%)
ptolemy.util.test.WatchDog.cancel(): canceling Mon Sep 17 02:10:31 UTC 2018
auto.tcl: Setting watchdog for 200 seconds at Mon Sep 17 02:10:31 UTC 2018
10 ms. Memory: 331264K Free: 305803K (92%)
ptolemy.util.test.WatchDog.cancel(): canceling Mon Sep 17 02:10:31 UTC 2018
------------------ testing $PTII/ptolemy/domains/de/test/auto/ModalModel.xml
auto.tcl: Setting watchdog for 200 seconds at Mon Sep 17 02:10:31 UTC 2018
205 ms. Memory: 331264K Free: 246264K (74%)
ptolemy.util.test.WatchDog.cancel(): canceling Mon Sep 17 02:10:31 UTC 2018
auto.tcl: Setting watchdog for 200 seconds at Mon Sep 17 02:10:31 UTC 2018
179 ms. Memory: 331264K Free: 190981K (58%)
ptolemy.util.test.WatchDog.cancel(): canceling Mon Sep 17 02:10:32 UTC 2018
------------------ testing $PTII/ptolemy/domains/de/test/auto/ModalSource.xml
auto.tcl: Setting watchdog for 200 seconds at Mon Sep 17 02:10:32 UTC 2018
10 ms. Memory: 331264K Free: 316539K (96%)
ptolemy.util.test.WatchDog.cancel(): canceling Mon Sep 17 02:10:32 UTC 2018
auto.tcl: Setting watchdog for 200 seconds at Mon Sep 17 02:10:32 UTC 2018
6 ms. Memory: 331264K Free: 313023K (94%)
ptolemy.util.test.WatchDog.cancel(): canceling Mon Sep 17 02:10:32 UTC 2018
------------------ testing $PTII/ptolemy/domains/de/test/auto/NonInterruptibleTimerZeroDelay.xml
auto.tcl: Setting watchdog for 200 seconds at Mon Sep 17 02:10:32 UTC 2018
3 ms. Memory: 331264K Free: 320894K (97%)
ptolemy.util.test.WatchDog.cancel(): canceling Mon Sep 17 02:10:32 UTC 2018
auto.tcl: Setting watchdog for 200 seconds at Mon Sep 17 02:10:32 UTC 2018
2 ms. Memory: 331264K Free: 317377K (96%)
ptolemy.util.test.WatchDog.cancel(): canceling Mon Sep 17 02:10:32 UTC 2018
------------------ testing $PTII/ptolemy/domains/de/test/auto/OpenQueueingNetwork.xml
auto.tcl: Setting watchdog for 200 seconds at Mon Sep 17 02:10:32 UTC 2018
2585 ms. Memory: 573952K Free: 391266K (68%)
ptolemy.util.test.WatchDog.cancel(): canceling Mon Sep 17 02:10:34 UTC 2018
auto.tcl: Setting watchdog for 200 seconds at Mon Sep 17 02:10:34 UTC 2018
2509 ms. Memory: 550912K Free: 270906K (49%)
ptolemy.util.test.WatchDog.cancel(): canceling Mon Sep 17 02:10:37 UTC 2018
------------------ testing $PTII/ptolemy/domains/de/test/auto/OpenQueuingNetwork.xml
auto.tcl: Setting watchdog for 200 seconds at Mon Sep 17 02:10:37 UTC 2018
237 ms. Memory: 549888K Free: 435740K (79%)
ptolemy.util.test.WatchDog.cancel(): canceling Mon Sep 17 02:10:37 UTC 2018
auto.tcl: Setting watchdog for 200 seconds at Mon Sep 17 02:10:37 UTC 2018
219 ms. Memory: 549888K Free: 376031K (68%)
ptolemy.util.test.WatchDog.cancel(): canceling Mon Sep 17 02:10:38 UTC 2018
------------------ testing $PTII/ptolemy/domains/de/test/auto/PeriodicSampler.xml
auto.tcl: Setting watchdog for 200 seconds at Mon Sep 17 02:10:38 UTC 2018
3 ms. Memory: 551936K Free: 535383K (97%)
ptolemy.util.test.WatchDog.cancel(): canceling Mon Sep 17 02:10:38 UTC 2018
auto.tcl: Setting watchdog for 200 seconds at Mon Sep 17 02:10:38 UTC 2018
2 ms. Memory: 551936K Free: 535383K (97%)
ptolemy.util.test.WatchDog.cancel(): canceling Mon Sep 17 02:10:38 UTC 2018
------------------ testing $PTII/ptolemy/domains/de/test/auto/PersistentIO.xml
auto.tcl: Setting watchdog for 200 seconds at Mon Sep 17 02:10:38 UTC 2018
5 ms. Memory: 549376K Free: 527016K (96%)
ptolemy.util.test.WatchDog.cancel(): canceling Mon Sep 17 02:10:38 UTC 2018
auto.tcl: Setting watchdog for 200 seconds at Mon Sep 17 02:10:38 UTC 2018
4 ms. Memory: 549376K Free: 527016K (96%)
ptolemy.util.test.WatchDog.cancel(): canceling Mon Sep 17 02:10:38 UTC 2018
------------------ testing $PTII/ptolemy/domains/de/test/auto/PortParameterResetOnInitialize.xml
auto.tcl: Setting watchdog for 200 seconds at Mon Sep 17 02:10:38 UTC 2018
3 ms. Memory: 551424K Free: 530650K (96%)
ptolemy.util.test.WatchDog.cancel(): canceling Mon Sep 17 02:10:38 UTC 2018
auto.tcl: Setting watchdog for 200 seconds at Mon Sep 17 02:10:38 UTC 2018
2 ms. Memory: 551424K Free: 530650K (96%)
ptolemy.util.test.WatchDog.cancel(): canceling Mon Sep 17 02:10:38 UTC 2018
------------------ testing $PTII/ptolemy/domains/de/test/auto/PortParameterUpdates.xml
auto.tcl: Setting watchdog for 200 seconds at Mon Sep 17 02:10:38 UTC 2018
3 ms. Memory: 549376K Free: 533645K (97%)
ptolemy.util.test.WatchDog.cancel(): canceling Mon Sep 17 02:10:38 UTC 2018
auto.tcl: Setting watchdog for 200 seconds at Mon Sep 17 02:10:38 UTC 2018
4 ms. Memory: 549376K Free: 527011K (96%)
ptolemy.util.test.WatchDog.cancel(): canceling Mon Sep 17 02:10:38 UTC 2018
------------------ testing $PTII/ptolemy/domains/de/test/auto/QueueAndServer.xml
auto.tcl: Setting watchdog for 200 seconds at Mon Sep 17 02:10:38 UTC 2018
21 ms. Memory: 551424K Free: 530747K (96%)
ptolemy.util.test.WatchDog.cancel(): canceling Mon Sep 17 02:10:38 UTC 2018
auto.tcl: Setting watchdog for 200 seconds at Mon Sep 17 02:10:38 UTC 2018
6 ms. Memory: 551424K Free: 524097K (95%)
ptolemy.util.test.WatchDog.cancel(): canceling Mon Sep 17 02:10:38 UTC 2018
------------------ testing $PTII/ptolemy/domains/de/test/auto/Records.xml
auto.tcl: Setting watchdog for 200 seconds at Mon Sep 17 02:10:38 UTC 2018
5 ms. Memory: 549376K Free: 533320K (97%)
ptolemy.util.test.WatchDog.cancel(): canceling Mon Sep 17 02:10:38 UTC 2018
auto.tcl: Setting watchdog for 200 seconds at Mon Sep 17 02:10:38 UTC 2018
1 ms. Memory: 549376K Free: 533320K (97%)
ptolemy.util.test.WatchDog.cancel(): canceling Mon Sep 17 02:10:38 UTC 2018
------------------ testing $PTII/ptolemy/domains/de/test/auto/ResetTransitionWithStartTime1.xml
auto.tcl: Setting watchdog for 200 seconds at Mon Sep 17 02:10:38 UTC 2018
14 ms. Memory: 551424K Free: 528759K (96%)
ptolemy.util.test.WatchDog.cancel(): canceling Mon Sep 17 02:10:38 UTC 2018
auto.tcl: Setting watchdog for 200 seconds at Mon Sep 17 02:10:38 UTC 2018
5 ms. Memory: 551424K Free: 528759K (96%)
ptolemy.util.test.WatchDog.cancel(): canceling Mon Sep 17 02:10:38 UTC 2018
------------------ testing $PTII/ptolemy/domains/de/test/auto/ResetTransitionWithStartTime2.xml
auto.tcl: Setting watchdog for 200 seconds at Mon Sep 17 02:10:38 UTC 2018
5 ms. Memory: 549376K Free: 526931K (96%)
ptolemy.util.test.WatchDog.cancel(): canceling Mon Sep 17 02:10:38 UTC 2018
auto.tcl: Setting watchdog for 200 seconds at Mon Sep 17 02:10:38 UTC 2018
5 ms. Memory: 549376K Free: 526931K (96%)
ptolemy.util.test.WatchDog.cancel(): canceling Mon Sep 17 02:10:38 UTC 2018
------------------ testing $PTII/ptolemy/domains/de/test/auto/ResetTransitionWithStartTime3.xml
auto.tcl: Setting watchdog for 200 seconds at Mon Sep 17 02:10:38 UTC 2018
4 ms. Memory: 550912K Free: 528236K (96%)
ptolemy.util.test.WatchDog.cancel(): canceling Mon Sep 17 02:10:38 UTC 2018
auto.tcl: Setting watchdog for 200 seconds at Mon Sep 17 02:10:38 UTC 2018
5 ms. Memory: 550912K Free: 528236K (96%)
ptolemy.util.test.WatchDog.cancel(): canceling Mon Sep 17 02:10:38 UTC 2018
------------------ testing $PTII/ptolemy/domains/de/test/auto/ResetTransitionWithStartTime4.xml
auto.tcl: Setting watchdog for 200 seconds at Mon Sep 17 02:10:38 UTC 2018
4 ms. Memory: 549376K Free: 526699K (96%)
ptolemy.util.test.WatchDog.cancel(): canceling Mon Sep 17 02:10:38 UTC 2018
auto.tcl: Setting watchdog for 200 seconds at Mon Sep 17 02:10:38 UTC 2018
3 ms. Memory: 549376K Free: 526699K (96%)
ptolemy.util.test.WatchDog.cancel(): canceling Mon Sep 17 02:10:38 UTC 2018
------------------ testing $PTII/ptolemy/domains/de/test/auto/ResettableTimer1.xml
auto.tcl: Setting watchdog for 200 seconds at Mon Sep 17 02:10:38 UTC 2018
3 ms. Memory: 550912K Free: 535095K (97%)
ptolemy.util.test.WatchDog.cancel(): canceling Mon Sep 17 02:10:38 UTC 2018
auto.tcl: Setting watchdog for 200 seconds at Mon Sep 17 02:10:38 UTC 2018
2 ms. Memory: 550912K Free: 535095K (97%)
ptolemy.util.test.WatchDog.cancel(): canceling Mon Sep 17 02:10:38 UTC 2018
------------------ testing $PTII/ptolemy/domains/de/test/auto/ResettableTimer2.xml
auto.tcl: Setting watchdog for 200 seconds at Mon Sep 17 02:10:38 UTC 2018
5 ms. Memory: 549376K Free: 533617K (97%)
ptolemy.util.test.WatchDog.cancel(): canceling Mon Sep 17 02:10:38 UTC 2018
auto.tcl: Setting watchdog for 200 seconds at Mon Sep 17 02:10:38 UTC 2018
2 ms. Memory: 549376K Free: 533617K (97%)
ptolemy.util.test.WatchDog.cancel(): canceling Mon Sep 17 02:10:38 UTC 2018
------------------ testing $PTII/ptolemy/domains/de/test/auto/ResettableTimer3.xml
auto.tcl: Setting watchdog for 200 seconds at Mon Sep 17 02:10:38 UTC 2018
1 ms. Memory: 550912K Free: 530243K (96%)
ptolemy.util.test.WatchDog.cancel(): canceling Mon Sep 17 02:10:38 UTC 2018
auto.tcl: Setting watchdog for 200 seconds at Mon Sep 17 02:10:38 UTC 2018
1 ms. Memory: 550912K Free: 530243K (96%)
ptolemy.util.test.WatchDog.cancel(): canceling Mon Sep 17 02:10:38 UTC 2018
------------------ testing $PTII/ptolemy/domains/de/test/auto/ResettableTimer4.xml
auto.tcl: Setting watchdog for 200 seconds at Mon Sep 17 02:10:38 UTC 2018
2 ms. Memory: 549376K Free: 533630K (97%)
ptolemy.util.test.WatchDog.cancel(): canceling Mon Sep 17 02:10:39 UTC 2018
auto.tcl: Setting watchdog for 200 seconds at Mon Sep 17 02:10:39 UTC 2018
1 ms. Memory: 549376K Free: 533630K (97%)
ptolemy.util.test.WatchDog.cancel(): canceling Mon Sep 17 02:10:39 UTC 2018
------------------ testing $PTII/ptolemy/domains/de/test/auto/ResettableTimer5.xml
auto.tcl: Setting watchdog for 200 seconds at Mon Sep 17 02:10:39 UTC 2018
2 ms. Memory: 550400K Free: 529972K (96%)
ptolemy.util.test.WatchDog.cancel(): canceling Mon Sep 17 02:10:39 UTC 2018
auto.tcl: Setting watchdog for 200 seconds at Mon Sep 17 02:10:39 UTC 2018
1 ms. Memory: 550400K Free: 529972K (96%)
ptolemy.util.test.WatchDog.cancel(): canceling Mon Sep 17 02:10:39 UTC 2018
------------------ testing $PTII/ptolemy/domains/de/test/auto/ResettableTimer6.xml
auto.tcl: Setting watchdog for 200 seconds at Mon Sep 17 02:10:39 UTC 2018
2 ms. Memory: 549376K Free: 528668K (96%)
ptolemy.util.test.WatchDog.cancel(): canceling Mon Sep 17 02:10:39 UTC 2018
auto.tcl: Setting watchdog for 200 seconds at Mon Sep 17 02:10:39 UTC 2018
2 ms. Memory: 549376K Free: 528668K (96%)
ptolemy.util.test.WatchDog.cancel(): canceling Mon Sep 17 02:10:39 UTC 2018
------------------ testing $PTII/ptolemy/domains/de/test/auto/ServerZeroDelay.xml
auto.tcl: Setting watchdog for 200 seconds at Mon Sep 17 02:10:39 UTC 2018
5 ms. Memory: 550400K Free: 534592K (97%)
ptolemy.util.test.WatchDog.cancel(): canceling Mon Sep 17 02:10:39 UTC 2018
auto.tcl: Setting watchdog for 200 seconds at Mon Sep 17 02:10:39 UTC 2018
2 ms. Memory: 550400K Free: 534592K (97%)
ptolemy.util.test.WatchDog.cancel(): canceling Mon Sep 17 02:10:39 UTC 2018
------------------ testing $PTII/ptolemy/domains/de/test/auto/SmartSender.xml
auto.tcl: Setting watchdog for 200 seconds at Mon Sep 17 02:10:39 UTC 2018
3002 ms. Memory: 549376K Free: 528883K (96%)
ptolemy.util.test.WatchDog.cancel(): canceling Mon Sep 17 02:10:42 UTC 2018
auto.tcl: Setting watchdog for 200 seconds at Mon Sep 17 02:10:42 UTC 2018
3002 ms. Memory: 549376K Free: 528883K (96%)
ptolemy.util.test.WatchDog.cancel(): canceling Mon Sep 17 02:10:45 UTC 2018
------------------ testing $PTII/ptolemy/domains/de/test/auto/ThreadedComposite.xml
auto.tcl: Setting watchdog for 200 seconds at Mon Sep 17 02:10:45 UTC 2018
236 ms. Memory: 550400K Free: 513698K (93%)
ptolemy.util.test.WatchDog.cancel(): canceling Mon Sep 17 02:10:45 UTC 2018
auto.tcl: Setting watchdog for 200 seconds at Mon Sep 17 02:10:45 UTC 2018
131 ms. Memory: 550400K Free: 497688K (90%)
ptolemy.util.test.WatchDog.cancel(): canceling Mon Sep 17 02:10:45 UTC 2018
------------------ testing $PTII/ptolemy/domains/de/test/auto/Time.xml
auto.tcl: Setting watchdog for 200 seconds at Mon Sep 17 02:10:45 UTC 2018
499 ms. Memory: 549376K Free: 481582K (88%)
ptolemy.util.test.WatchDog.cancel(): canceling Mon Sep 17 02:10:46 UTC 2018
auto.tcl: Setting watchdog for 200 seconds at Mon Sep 17 02:10:46 UTC 2018
488 ms. Memory: 549376K Free: 428507K (78%)
ptolemy.util.test.WatchDog.cancel(): canceling Mon Sep 17 02:10:46 UTC 2018
------------------ testing $PTII/ptolemy/domains/de/test/auto/TimeDelayZeroDelay.xml
auto.tcl: Setting watchdog for 200 seconds at Mon Sep 17 02:10:46 UTC 2018
2 ms. Memory: 550400K Free: 534281K (97%)
ptolemy.util.test.WatchDog.cancel(): canceling Mon Sep 17 02:10:46 UTC 2018
auto.tcl: Setting watchdog for 200 seconds at Mon Sep 17 02:10:46 UTC 2018
1 ms. Memory: 550400K Free: 534281K (97%)
ptolemy.util.test.WatchDog.cancel(): canceling Mon Sep 17 02:10:46 UTC 2018
------------------ testing $PTII/ptolemy/domains/de/test/auto/TimerZeroDelay.xml
auto.tcl: Setting watchdog for 200 seconds at Mon Sep 17 02:10:46 UTC 2018
2 ms. Memory: 549376K Free: 533530K (97%)
ptolemy.util.test.WatchDog.cancel(): canceling Mon Sep 17 02:10:46 UTC 2018
auto.tcl: Setting watchdog for 200 seconds at Mon Sep 17 02:10:46 UTC 2018
2 ms. Memory: 549376K Free: 533530K (97%)
ptolemy.util.test.WatchDog.cancel(): canceling Mon Sep 17 02:10:46 UTC 2018
------------------ testing $PTII/ptolemy/domains/de/test/auto/TimingParadox.xml
auto.tcl: Setting watchdog for 200 seconds at Mon Sep 17 02:10:46 UTC 2018
311 ms. Memory: 549888K Free: 467818K (85%)
ptolemy.util.test.WatchDog.cancel(): canceling Mon Sep 17 02:10:47 UTC 2018
auto.tcl: Setting watchdog for 200 seconds at Mon Sep 17 02:10:47 UTC 2018
298 ms. Memory: 549888K Free: 434646K (79%)
ptolemy.util.test.WatchDog.cancel(): canceling Mon Sep 17 02:10:47 UTC 2018
------------------ testing $PTII/ptolemy/domains/de/test/auto/TransferInputs.xml
auto.tcl: Setting watchdog for 200 seconds at Mon Sep 17 02:10:47 UTC 2018
2 ms. Memory: 549888K Free: 532944K (97%)
ptolemy.util.test.WatchDog.cancel(): canceling Mon Sep 17 02:10:47 UTC 2018
auto.tcl: Setting watchdog for 200 seconds at Mon Sep 17 02:10:47 UTC 2018
2 ms. Memory: 549888K Free: 532944K (97%)
ptolemy.util.test.WatchDog.cancel(): canceling Mon Sep 17 02:10:47 UTC 2018
------------------ testing $PTII/ptolemy/domains/de/test/auto/TransferOutputs2.xml
auto.tcl: Setting watchdog for 200 seconds at Mon Sep 17 02:10:47 UTC 2018
2 ms. Memory: 549376K Free: 522205K (95%)
ptolemy.util.test.WatchDog.cancel(): canceling Mon Sep 17 02:10:47 UTC 2018
auto.tcl: Setting watchdog for 200 seconds at Mon Sep 17 02:10:47 UTC 2018
2 ms. Memory: 549376K Free: 522205K (95%)
ptolemy.util.test.WatchDog.cancel(): canceling Mon Sep 17 02:10:47 UTC 2018
------------------ testing $PTII/ptolemy/domains/de/test/auto/Trilateration.xml
auto.tcl: Setting watchdog for 200 seconds at Mon Sep 17 02:10:47 UTC 2018
13684 ms. Memory: 766976K Free: 229252K (30%)
ptolemy.util.test.WatchDog.cancel(): canceling Mon Sep 17 02:11:02 UTC 2018
auto.tcl: Setting watchdog for 200 seconds at Mon Sep 17 02:11:02 UTC 2018
10843 ms. Memory: 646144K Free: 80298K (12%)
ptolemy.util.test.WatchDog.cancel(): canceling Mon Sep 17 02:11:13 UTC 2018
------------------ testing $PTII/ptolemy/domains/de/test/auto/TwoSigmaDelta.xml
auto.tcl: Setting watchdog for 200 seconds at Mon Sep 17 02:11:13 UTC 2018
2655 ms. Memory: 649728K Free: 342196K (53%)
ptolemy.util.test.WatchDog.cancel(): canceling Mon Sep 17 02:11:16 UTC 2018
auto.tcl: Setting watchdog for 200 seconds at Mon Sep 17 02:11:16 UTC 2018
1913 ms. Memory: 649728K Free: 114223K (18%)
ptolemy.util.test.WatchDog.cancel(): canceling Mon Sep 17 02:11:18 UTC 2018
------------------ testing $PTII/ptolemy/domains/de/test/auto/VariableDelay.xml
auto.tcl: Setting watchdog for 200 seconds at Mon Sep 17 02:11:18 UTC 2018
3 ms. Memory: 646656K Free: 627271K (97%)
ptolemy.util.test.WatchDog.cancel(): canceling Mon Sep 17 02:11:18 UTC 2018
auto.tcl: Setting watchdog for 200 seconds at Mon Sep 17 02:11:18 UTC 2018
1 ms. Memory: 646656K Free: 627271K (97%)
ptolemy.util.test.WatchDog.cancel(): canceling Mon Sep 17 02:11:18 UTC 2018
------------------ testing $PTII/ptolemy/domains/de/test/auto/VariableDelay2.xml
auto.tcl: Setting watchdog for 200 seconds at Mon Sep 17 02:11:18 UTC 2018
6 ms. Memory: 646144K Free: 627205K (97%)
ptolemy.util.test.WatchDog.cancel(): canceling Mon Sep 17 02:11:18 UTC 2018
auto.tcl: Setting watchdog for 200 seconds at Mon Sep 17 02:11:18 UTC 2018
2 ms. Memory: 646144K Free: 627205K (97%)
ptolemy.util.test.WatchDog.cancel(): canceling Mon Sep 17 02:11:18 UTC 2018
------------------ testing $PTII/ptolemy/domains/de/test/auto/VariableDelayZeroDelay.xml
auto.tcl: Setting watchdog for 200 seconds at Mon Sep 17 02:11:18 UTC 2018
2 ms. Memory: 646144K Free: 621556K (96%)
ptolemy.util.test.WatchDog.cancel(): canceling Mon Sep 17 02:11:18 UTC 2018
auto.tcl: Setting watchdog for 200 seconds at Mon Sep 17 02:11:18 UTC 2018
1 ms. Memory: 646144K Free: 621556K (96%)
ptolemy.util.test.WatchDog.cancel(): canceling Mon Sep 17 02:11:18 UTC 2018
------------------ testing $PTII/ptolemy/domains/de/test/auto/VariableDelayZeroDelay2.xml
auto.tcl: Setting watchdog for 200 seconds at Mon Sep 17 02:11:18 UTC 2018
1 ms. Memory: 649216K Free: 624627K (96%)
ptolemy.util.test.WatchDog.cancel(): canceling Mon Sep 17 02:11:18 UTC 2018
auto.tcl: Setting watchdog for 200 seconds at Mon Sep 17 02:11:18 UTC 2018
1 ms. Memory: 649216K Free: 624627K (96%)
ptolemy.util.test.WatchDog.cancel(): canceling Mon Sep 17 02:11:18 UTC 2018
------------------ testing $PTII/ptolemy/domains/de/test/auto/deInCt.xml
auto.tcl: Setting watchdog for 200 seconds at Mon Sep 17 02:11:18 UTC 2018
0
1
1
0
0
0
0
0
1
1
1
0
0
0
0
0
0
1
1
1
0
0
0
0
1
1
1
0
0
0
0
10 ms. Memory: 646144K Free: 621552K (96%)
ptolemy.util.test.WatchDog.cancel(): canceling Mon Sep 17 02:11:18 UTC 2018
auto.tcl: Setting watchdog for 200 seconds at Mon Sep 17 02:11:18 UTC 2018
0
1
1
1
0
0
0
1
1
1
0
0
0
1
1
1
0
0
0
1
1
1
0
0
1
1
1
0
0
0
0
0
1
1
1
0
0
0
0
1
1
1
0
0
0
1
1
1
1
9 ms. Memory: 646144K Free: 621552K (96%)
ptolemy.util.test.WatchDog.cancel(): canceling Mon Sep 17 02:11:18 UTC 2018
------------------ testing $PTII/ptolemy/domains/de/test/auto/deInCt2.xml
auto.tcl: Setting watchdog for 200 seconds at Mon Sep 17 02:11:18 UTC 2018
0
1
1
1
0
0
1
1
1
0
0
1
1
1
0
0
1
1
1
0
0
1
1
1
0
0
1
1
1
0
0
1
1
1
0
0
1
1
1
0
0
0
5 ms. Memory: 648704K Free: 624112K (96%)
ptolemy.util.test.WatchDog.cancel(): canceling Mon Sep 17 02:11:18 UTC 2018
auto.tcl: Setting watchdog for 200 seconds at Mon Sep 17 02:11:18 UTC 2018
0
1
1
1
0
0
1
1
1
0
0
1
1
1
0
0
1
1
1
0
0
1
1
1
0
0
1
1
1
0
0
1
1
1
0
0
1
1
1
0
0
0
9 ms. Memory: 648704K Free: 624112K (96%)
ptolemy.util.test.WatchDog.cancel(): canceling Mon Sep 17 02:11:18 UTC 2018
------------------ testing $PTII/ptolemy/domains/de/test/auto/dynamicCausalityInterface1.xml
auto.tcl: Setting watchdog for 200 seconds at Mon Sep 17 02:11:18 UTC 2018
1 ms. Memory: 646144K Free: 612900K (95%)
ptolemy.util.test.WatchDog.cancel(): canceling Mon Sep 17 02:11:18 UTC 2018
auto.tcl: Setting watchdog for 200 seconds at Mon Sep 17 02:11:18 UTC 2018
1 ms. Memory: 646144K Free: 612900K (95%)
ptolemy.util.test.WatchDog.cancel(): canceling Mon Sep 17 02:11:18 UTC 2018
------------------ testing $PTII/ptolemy/domains/de/test/auto/fsm_de_test.xml
auto.tcl: Setting watchdog for 200 seconds at Mon Sep 17 02:11:18 UTC 2018
6 ms. Memory: 648192K Free: 623489K (96%)
ptolemy.util.test.WatchDog.cancel(): canceling Mon Sep 17 02:11:18 UTC 2018
auto.tcl: Setting watchdog for 200 seconds at Mon Sep 17 02:11:18 UTC 2018
5 ms. Memory: 648192K Free: 614843K (95%)
ptolemy.util.test.WatchDog.cancel(): canceling Mon Sep 17 02:11:18 UTC 2018
------------------ testing $PTII/ptolemy/domains/de/test/auto/functionDependencyReconstruction.xml
auto.tcl: Setting watchdog for 200 seconds at Mon Sep 17 02:11:18 UTC 2018
2 ms. Memory: 646144K Free: 612801K (95%)
ptolemy.util.test.WatchDog.cancel(): canceling Mon Sep 17 02:11:18 UTC 2018
auto.tcl: Setting watchdog for 200 seconds at Mon Sep 17 02:11:18 UTC 2018
3 ms. Memory: 646144K Free: 612801K (95%)
ptolemy.util.test.WatchDog.cancel(): canceling Mon Sep 17 02:11:18 UTC 2018
------------------ testing $PTII/ptolemy/domains/de/test/auto/multirate.xml
auto.tcl: Setting watchdog for 200 seconds at Mon Sep 17 02:11:18 UTC 2018
4 ms. Memory: 648192K Free: 623357K (96%)
ptolemy.util.test.WatchDog.cancel(): canceling Mon Sep 17 02:11:18 UTC 2018
auto.tcl: Setting watchdog for 200 seconds at Mon Sep 17 02:11:18 UTC 2018
2 ms. Memory: 648192K Free: 623357K (96%)
ptolemy.util.test.WatchDog.cancel(): canceling Mon Sep 17 02:11:18 UTC 2018
------------------ testing $PTII/ptolemy/domains/de/test/auto/multirate2.xml
auto.tcl: Setting watchdog for 200 seconds at Mon Sep 17 02:11:19 UTC 2018
4 ms. Memory: 646144K Free: 621497K (96%)
ptolemy.util.test.WatchDog.cancel(): canceling Mon Sep 17 02:11:19 UTC 2018
auto.tcl: Setting watchdog for 200 seconds at Mon Sep 17 02:11:19 UTC 2018
3 ms. Memory: 646144K Free: 621497K (96%)
ptolemy.util.test.WatchDog.cancel(): canceling Mon Sep 17 02:11:19 UTC 2018
------------------ testing $PTII/ptolemy/domains/de/test/auto/realtime.xml
auto.tcl: Setting watchdog for 200 seconds at Mon Sep 17 02:11:19 UTC 2018
10001 ms. Memory: 647680K Free: 622999K (96%)
ptolemy.util.test.WatchDog.cancel(): canceling Mon Sep 17 02:11:29 UTC 2018
auto.tcl: Setting watchdog for 200 seconds at Mon Sep 17 02:11:29 UTC 2018
10002 ms. Memory: 647680K Free: 622999K (96%)
ptolemy.util.test.WatchDog.cancel(): canceling Mon Sep 17 02:11:39 UTC 2018
------------------ testing $PTII/ptolemy/domains/de/test/auto/relationGroup.xml
auto.tcl: Setting watchdog for 200 seconds at Mon Sep 17 02:11:39 UTC 2018
1 ms. Memory: 646144K Free: 621489K (96%)
ptolemy.util.test.WatchDog.cancel(): canceling Mon Sep 17 02:11:39 UTC 2018
auto.tcl: Setting watchdog for 200 seconds at Mon Sep 17 02:11:39 UTC 2018
2 ms. Memory: 646144K Free: 621489K (96%)
ptolemy.util.test.WatchDog.cancel(): canceling Mon Sep 17 02:11:39 UTC 2018
------------------ testing $PTII/ptolemy/domains/de/test/auto/relationGroup2.xml
auto.tcl: Setting watchdog for 200 seconds at Mon Sep 17 02:11:39 UTC 2018
3 ms. Memory: 647680K Free: 628731K (97%)
ptolemy.util.test.WatchDog.cancel(): canceling Mon Sep 17 02:11:39 UTC 2018
auto.tcl: Setting watchdog for 200 seconds at Mon Sep 17 02:11:39 UTC 2018
2 ms. Memory: 647680K Free: 628731K (97%)
ptolemy.util.test.WatchDog.cancel(): canceling Mon Sep 17 02:11:39 UTC 2018
------------------ testing $PTII/ptolemy/domains/de/test/auto/sortWithOpaquePorts.xml
auto.tcl: Setting watchdog for 200 seconds at Mon Sep 17 02:11:39 UTC 2018
1 ms. Memory: 646144K Free: 621548K (96%)
ptolemy.util.test.WatchDog.cancel(): canceling Mon Sep 17 02:11:39 UTC 2018
auto.tcl: Setting watchdog for 200 seconds at Mon Sep 17 02:11:39 UTC 2018
2 ms. Memory: 646144K Free: 621548K (96%)
ptolemy.util.test.WatchDog.cancel(): canceling Mon Sep 17 02:11:39 UTC 2018
------------------ testing $PTII/ptolemy/domains/de/test/auto/transferInputsandOutputs.xml
auto.tcl: Setting watchdog for 200 seconds at Mon Sep 17 02:11:39 UTC 2018
2 ms. Memory: 647168K Free: 622558K (96%)
ptolemy.util.test.WatchDog.cancel(): canceling Mon Sep 17 02:11:39 UTC 2018
auto.tcl: Setting watchdog for 200 seconds at Mon Sep 17 02:11:39 UTC 2018
2 ms. Memory: 647168K Free: 622558K (96%)
ptolemy.util.test.WatchDog.cancel(): canceling Mon Sep 17 02:11:39 UTC 2018
------------------ testing $PTII/ptolemy/domains/de/test/auto/triggerType.xml
auto.tcl: Setting watchdog for 200 seconds at Mon Sep 17 02:11:39 UTC 2018
1 ms. Memory: 646144K Free: 621485K (96%)
ptolemy.util.test.WatchDog.cancel(): canceling Mon Sep 17 02:11:39 UTC 2018
auto.tcl: Setting watchdog for 200 seconds at Mon Sep 17 02:11:39 UTC 2018
1 ms. Memory: 646144K Free: 621485K (96%)
ptolemy.util.test.WatchDog.cancel(): canceling Mon Sep 17 02:11:39 UTC 2018
09/17/18 02:11:39
Failed: 0  Total Tests: 192  ((Passed: 187, Newly Passed: 1)  Known Failed: 5) /home/travis/build/icyphy/ptII/ptolemy/domains/de/test
09/17/18 02:11:39
Failed: 0  Total Tests: 192  ((Passed: 187, Newly Passed: 1)  Known Failed: 5) /home/travis/build/icyphy/ptII/ptolemy/domains/de/test
----------------- testing (KnownFailure) /home/travis/build/icyphy/ptII/ptolemy/domains/de/test/auto/knownFailedTests/DESDFClockTest.xml
2017 ms. Memory: 647168K Free: 611235K (94%)
Known Failure: java.lang.reflect.InvocationTargetException
----------------- testing (KnownFailure) /home/travis/build/icyphy/ptII/ptolemy/domains/de/test/auto/knownFailedTests/DirectFeedback.xml
1 ms. Memory: 647168K Free: 566056K (87%)
Known Failure: java.lang.reflect.InvocationTargetException
----------------- testing (KnownFailure) /home/travis/build/icyphy/ptII/ptolemy/domains/de/test/auto/knownFailedTests/FSMSource.xml
7 ms. Memory: 647168K Free: 520877K (80%)
----------------- testing (KnownFailure) /home/travis/build/icyphy/ptII/ptolemy/domains/de/test/auto/knownFailedTests/HierarchicalModel.xml
2 ms. Memory: 647168K Free: 486977K (75%)
Known Failure: java.lang.reflect.InvocationTargetException
----------------- testing (KnownFailure) /home/travis/build/icyphy/ptII/ptolemy/domains/de/test/auto/knownFailedTests/dependencyLoop.xml
2 ms. Memory: 647168K Free: 430487K (67%)
Known Failure: java.lang.reflect.InvocationTargetException
----------------- testing (KnownFailure) /home/travis/build/icyphy/ptII/ptolemy/domains/de/test/auto/knownFailedTests/dependencyLoop2.xml
3 ms. Memory: 647168K Free: 374013K (58%)
Known Failure: java.lang.reflect.InvocationTargetException
No auto/linux-amd64/*.xml tests in /home/travis/build/icyphy/ptII/ptolemy/domains/de/test
AutoTests.java: About to close Vertx.
AutoTests.java: Vertx closed.

===========================================================================================
----------------- testing Mon Sep 17 02:11:41 UTC 2018 /home/travis/build/icyphy/ptII/ptolemy/domains/de/test/auto/ActorDepthCalculation_actorWithoutPorts.xml
----------------- Instantiating /home/travis/build/icyphy/ptII/ptolemy/domains/de/test/auto/ActorDepthCalculation_actorWithoutPorts.xml
3 ms. Memory: 647168K Free: 317539K (49%)
----------------- Invoking toplevel() on ptolemy.moml.MoMLSimpleApplication@2ab12d59
----------------- Done invoking toplevel() on ptolemy.moml.MoMLSimpleApplication@2ab12d59
reloadAllAccessors: .ActorDepthCalculation_actorWithoutPorts

===========================================================================================
----------------- testing Mon Sep 17 02:11:41 UTC 2018 /home/travis/build/icyphy/ptII/ptolemy/domains/de/test/auto/AssemblyLine.xml
----------------- Instantiating /home/travis/build/icyphy/ptII/ptolemy/domains/de/test/auto/AssemblyLine.xml
2 ms. Memory: 647168K Free: 294949K (46%)
----------------- Invoking toplevel() on ptolemy.moml.MoMLSimpleApplication@5922a0f6
----------------- Done invoking toplevel() on ptolemy.moml.MoMLSimpleApplication@5922a0f6
reloadAllAccessors: .AssemblyLine

===========================================================================================
----------------- testing Mon Sep 17 02:11:41 UTC 2018 /home/travis/build/icyphy/ptII/ptolemy/domains/de/test/auto/CQBug1.xml
----------------- Instantiating /home/travis/build/icyphy/ptII/ptolemy/domains/de/test/auto/CQBug1.xml
1 ms. Memory: 647168K Free: 272360K (42%)
----------------- Invoking toplevel() on ptolemy.moml.MoMLSimpleApplication@4a175b61
----------------- Done invoking toplevel() on ptolemy.moml.MoMLSimpleApplication@4a175b61
reloadAllAccessors: .CQBug1

===========================================================================================
----------------- testing Mon Sep 17 02:11:41 UTC 2018 /home/travis/build/icyphy/ptII/ptolemy/domains/de/test/auto/CancelFireAt.xml
----------------- Instantiating /home/travis/build/icyphy/ptII/ptolemy/domains/de/test/auto/CancelFireAt.xml
1 ms. Memory: 647168K Free: 249771K (39%)
----------------- Invoking toplevel() on ptolemy.moml.MoMLSimpleApplication@613b7af7
----------------- Done invoking toplevel() on ptolemy.moml.MoMLSimpleApplication@613b7af7
reloadAllAccessors: .CancelFireAt

===========================================================================================
----------------- testing Mon Sep 17 02:11:41 UTC 2018 /home/travis/build/icyphy/ptII/ptolemy/domains/de/test/auto/CausalityAndComposabilityAnalysis.xml
----------------- Instantiating /home/travis/build/icyphy/ptII/ptolemy/domains/de/test/auto/CausalityAndComposabilityAnalysis.xml
1 ms. Memory: 647168K Free: 227181K (35%)
----------------- Invoking toplevel() on ptolemy.moml.MoMLSimpleApplication@16bc04f4
----------------- Done invoking toplevel() on ptolemy.moml.MoMLSimpleApplication@16bc04f4
reloadAllAccessors: .CausalityAndComposabilityAnalysis

===========================================================================================
----------------- testing Mon Sep 17 02:11:41 UTC 2018 /home/travis/build/icyphy/ptII/ptolemy/domains/de/test/auto/CausalityInterface1.xml
----------------- Instantiating /home/travis/build/icyphy/ptII/ptolemy/domains/de/test/auto/CausalityInterface1.xml
5 ms. Memory: 647168K Free: 204592K (32%)
----------------- Invoking toplevel() on ptolemy.moml.MoMLSimpleApplication@11150b12
----------------- Done invoking toplevel() on ptolemy.moml.MoMLSimpleApplication@11150b12
reloadAllAccessors: .CausalityInterface1

===========================================================================================
----------------- testing Mon Sep 17 02:11:41 UTC 2018 /home/travis/build/icyphy/ptII/ptolemy/domains/de/test/auto/CausalityInterface15.xml
----------------- Instantiating /home/travis/build/icyphy/ptII/ptolemy/domains/de/test/auto/CausalityInterface15.xml
2 ms. Memory: 647168K Free: 182002K (28%)
----------------- Invoking toplevel() on ptolemy.moml.MoMLSimpleApplication@2ebb5751
----------------- Done invoking toplevel() on ptolemy.moml.MoMLSimpleApplication@2ebb5751
reloadAllAccessors: .CausalityInterface15

[...]
java.lang.RuntimeException: Execution failed
	at ptolemy.moml.MoMLSimpleApplication$UnloadThread.run(MoMLSimpleApplication.java:402)
Caused by: ptolemy.kernel.util.IllegalActionException: Test fails in iteration 1.
Value was: 1.0. Should have been: 2.0
  in .DirectFeedback.Test
	at ptolemy.actor.lib.Test.fire(Test.java:268)
	at ptolemy.domains.de.kernel.DEDirector._fire(DEDirector.java:1949)
	at ptolemy.domains.de.kernel.DEDirector.fire(DEDirector.java:502)
	at ptolemy.actor.CompositeActor.fire(CompositeActor.java:455)
	at ptolemy.actor.Manager.iterate(Manager.java:851)
	at ptolemy.actor.Manager.execute(Manager.java:369)
	at ptolemy.actor.Manager.run(Manager.java:1263)
	at ptolemy.actor.Manager$PtolemyRunThread.run(Manager.java:1915)
java.lang.RuntimeException: Execution failed
	at ptolemy.moml.MoMLSimpleApplication$UnloadThread.run(MoMLSimpleApplication.java:402)
Caused by: ptolemy.kernel.util.IllegalActionException: Actor is not ready to fire.  Perhaps UpSample.prefire() returned false? Try debugging the actor by selecting "Listen to Actor".  Also, for SDF check moml for tokenConsumptionRate on input.
  in .DESDFClockTest.Play Bell.Copy1:SDF Director and .DESDFClockTest.Play Bell.UpSample
	at ptolemy.actor.sched.StaticSchedulingDirector.fire(StaticSchedulingDirector.java:227)
	at ptolemy.domains.sdf.kernel.SDFDirector.fire(SDFDirector.java:500)
	at ptolemy.actor.CompositeActor.fire(CompositeActor.java:455)
	at ptolemy.domains.de.kernel.DEDirector._fire(DEDirector.java:1949)
	at ptolemy.domains.de.kernel.DEDirector.fire(DEDirector.java:502)
	at ptolemy.actor.CompositeActor.fire(CompositeActor.java:455)
	at ptolemy.actor.Manager.iterate(Manager.java:851)
	at ptolemy.actor.Manager.execute(Manager.java:369)
	at ptolemy.actor.Manager.run(Manager.java:1263)
	at ptolemy.actor.Manager$PtolemyRunThread.run(Manager.java:1915)
java.lang.reflect.InvocationTargetException
	at sun.reflect.NativeConstructorAccessorImpl.newInstance0(Native Method)
	at sun.reflect.NativeConstructorAccessorImpl.newInstance(NativeConstructorAccessorImpl.java:62)
	at sun.reflect.DelegatingConstructorAccessorImpl.newInstance(DelegatingConstructorAccessorImpl.java:45)
	at java.lang.reflect.Constructor.newInstance(Constructor.java:423)
	at ptolemy.util.test.junit.AutoKnownFailedTests.RunModel(AutoKnownFailedTests.java:107)
	at sun.reflect.NativeMethodAccessorImpl.invoke0(Native Method)
	at sun.reflect.NativeMethodAccessorImpl.invoke(NativeMethodAccessorImpl.java:62)
	at sun.reflect.DelegatingMethodAccessorImpl.invoke(DelegatingMethodAccessorImpl.java:43)
	at java.lang.reflect.Method.invoke(Method.java:498)
	at org.junit.runners.model.FrameworkMethod$1.runReflectiveCall(FrameworkMethod.java:44)
	at org.junit.internal.runners.model.ReflectiveCallable.run(ReflectiveCallable.java:15)
	at org.junit.runners.model.FrameworkMethod.invokeExplosively(FrameworkMethod.java:41)
	at junitparams.internal.InvokeParameterisedMethod.evaluate(InvokeParameterisedMethod.java:102)
	at org.junit.internal.runners.statements.FailOnTimeout$1.run(FailOnTimeout.java:28)
Caused by: ptolemy.kernel.util.IllegalActionException: Actor is not ready to fire.  Perhaps UpSample.prefire() returned false? Try debugging the actor by selecting "Listen to Actor".  Also, for SDF check moml for tokenConsumptionRate on input.
  in .DESDFClockTest.Play Bell.Copy1:SDF Director and .DESDFClockTest.Play Bell.UpSample
	at ptolemy.actor.sched.StaticSchedulingDirector.fire(StaticSchedulingDirector.java:227)
	at ptolemy.domains.sdf.kernel.SDFDirector.fire(SDFDirector.java:500)
	at ptolemy.actor.CompositeActor.fire(CompositeActor.java:455)
	at ptolemy.domains.de.kernel.DEDirector._fire(DEDirector.java:1949)
	at ptolemy.domains.de.kernel.DEDirector.fire(DEDirector.java:502)
	at ptolemy.actor.CompositeActor.fire(CompositeActor.java:455)
	at ptolemy.actor.Manager.iterate(Manager.java:851)
	at ptolemy.actor.Manager.execute(Manager.java:369)
	at ptolemy.actor.Manager.run(Manager.java:1263)
	at ptolemy.actor.Manager$PtolemyRunThread.run(Manager.java:1915)
java.lang.RuntimeException: Execution failed
	at ptolemy.moml.MoMLSimpleApplication$UnloadThread.run(MoMLSimpleApplication.java:402)
Caused by: ptolemy.kernel.util.IllegalActionException: Test fails in iteration 1.
Value was: 1.0. Should have been: 2.0
  in .DirectFeedback.Test
	at ptolemy.actor.lib.Test.fire(Test.java:268)
	at ptolemy.domains.de.kernel.DEDirector._fire(DEDirector.java:1949)
	at ptolemy.domains.de.kernel.DEDirector.fire(DEDirector.java:502)
	at ptolemy.actor.CompositeActor.fire(CompositeActor.java:455)
	at ptolemy.actor.Manager.iterate(Manager.java:851)
	at ptolemy.actor.Manager.execute(Manager.java:369)
	at ptolemy.actor.Manager.run(Manager.java:1263)
	at ptolemy.actor.Manager$PtolemyRunThread.run(Manager.java:1915)
java.lang.reflect.InvocationTargetException
	at sun.reflect.NativeConstructorAccessorImpl.newInstance0(Native Method)
	at sun.reflect.NativeConstructorAccessorImpl.newInstance(NativeConstructorAccessorImpl.java:62)
	at sun.reflect.DelegatingConstructorAccessorImpl.newInstance(DelegatingConstructorAccessorImpl.java:45)
	at java.lang.reflect.Constructor.newInstance(Constructor.java:423)
	at ptolemy.util.test.junit.AutoKnownFailedTests.RunModel(AutoKnownFailedTests.java:107)
	at sun.reflect.NativeMethodAccessorImpl.invoke0(Native Method)
	at sun.reflect.NativeMethodAccessorImpl.invoke(NativeMethodAccessorImpl.java:62)
	at sun.reflect.DelegatingMethodAccessorImpl.invoke(DelegatingMethodAccessorImpl.java:43)
	at java.lang.reflect.Method.invoke(Method.java:498)
	at org.junit.runners.model.FrameworkMethod$1.runReflectiveCall(FrameworkMethod.java:44)
	at org.junit.internal.runners.model.ReflectiveCallable.run(ReflectiveCallable.java:15)
	at org.junit.runners.model.FrameworkMethod.invokeExplosively(FrameworkMethod.java:41)
	at junitparams.internal.InvokeParameterisedMethod.evaluate(InvokeParameterisedMethod.java:102)
	at org.junit.internal.runners.statements.FailOnTimeout$1.run(FailOnTimeout.java:28)
Caused by: ptolemy.kernel.util.IllegalActionException: Test fails in iteration 1.
Value was: 1.0. Should have been: 2.0
  in .DirectFeedback.Test
	at ptolemy.actor.lib.Test.fire(Test.java:268)
	at ptolemy.domains.de.kernel.DEDirector._fire(DEDirector.java:1949)
	at ptolemy.domains.de.kernel.DEDirector.fire(DEDirector.java:502)
	at ptolemy.actor.CompositeActor.fire(CompositeActor.java:455)
	at ptolemy.actor.Manager.iterate(Manager.java:851)
	at ptolemy.actor.Manager.execute(Manager.java:369)
	at ptolemy.actor.Manager.run(Manager.java:1263)
	at ptolemy.actor.Manager$PtolemyRunThread.run(Manager.java:1915)
java.lang.RuntimeException: Execution failed
	at ptolemy.moml.MoMLSimpleApplication$UnloadThread.run(MoMLSimpleApplication.java:402)
Caused by: ptolemy.kernel.util.IllegalActionException: Found a zero delay loop containing .HierarchicalModel.A
  in .HierarchicalModel and .HierarchicalModel.A
	at ptolemy.actor.util.CausalityInterfaceForComposites._computeOutputPortDepth(CausalityInterfaceForComposites.java:759)
	at ptolemy.actor.util.CausalityInterfaceForComposites._computeInputDepth(CausalityInterfaceForComposites.java:696)
	at ptolemy.actor.util.CausalityInterfaceForComposites._computeOutputPortDepth(CausalityInterfaceForComposites.java:765)
	at ptolemy.actor.util.CausalityInterfaceForComposites._computeInputDepth(CausalityInterfaceForComposites.java:696)
	at ptolemy.actor.util.CausalityInterfaceForComposites._computeOutputPortDepth(CausalityInterfaceForComposites.java:765)
	at ptolemy.actor.util.CausalityInterfaceForComposites._computeInputDepth(CausalityInterfaceForComposites.java:696)
	at ptolemy.actor.util.CausalityInterfaceForComposites._computeActorDepth(CausalityInterfaceForComposites.java:532)
	at ptolemy.actor.util.CausalityInterfaceForComposites.checkForCycles(CausalityInterfaceForComposites.java:96)
	at ptolemy.domains.de.kernel.DEDirector.preinitialize(DEDirector.java:1338)
	at ptolemy.actor.CompositeActor.preinitialize(CompositeActor.java:1828)
	at ptolemy.actor.Manager.preinitializeAndResolveTypes(Manager.java:1040)
	at ptolemy.actor.Manager.initialize(Manager.java:710)
	at ptolemy.actor.Manager.execute(Manager.java:356)
	at ptolemy.actor.Manager.run(Manager.java:1263)
	at ptolemy.actor.Manager$PtolemyRunThread.run(Manager.java:1915)
java.lang.reflect.InvocationTargetException
	at sun.reflect.NativeConstructorAccessorImpl.newInstance0(Native Method)
	at sun.reflect.NativeConstructorAccessorImpl.newInstance(NativeConstructorAccessorImpl.java:62)
	at sun.reflect.DelegatingConstructorAccessorImpl.newInstance(DelegatingConstructorAccessorImpl.java:45)
	at java.lang.reflect.Constructor.newInstance(Constructor.java:423)
	at ptolemy.util.test.junit.AutoKnownFailedTests.RunModel(AutoKnownFailedTests.java:107)
	at sun.reflect.NativeMethodAccessorImpl.invoke0(Native Method)
	at sun.reflect.NativeMethodAccessorImpl.invoke(NativeMethodAccessorImpl.java:62)
	at sun.reflect.DelegatingMethodAccessorImpl.invoke(DelegatingMethodAccessorImpl.java:43)
	at java.lang.reflect.Method.invoke(Method.java:498)
	at org.junit.runners.model.FrameworkMethod$1.runReflectiveCall(FrameworkMethod.java:44)
	at org.junit.internal.runners.model.ReflectiveCallable.run(ReflectiveCallable.java:15)
	at org.junit.runners.model.FrameworkMethod.invokeExplosively(FrameworkMethod.java:41)
	at junitparams.internal.InvokeParameterisedMethod.evaluate(InvokeParameterisedMethod.java:102)
	at org.junit.internal.runners.statements.FailOnTimeout$1.run(FailOnTimeout.java:28)
Caused by: ptolemy.kernel.util.IllegalActionException: Found a zero delay loop containing .HierarchicalModel.A
  in .HierarchicalModel and .HierarchicalModel.A
	at ptolemy.actor.util.CausalityInterfaceForComposites._computeOutputPortDepth(CausalityInterfaceForComposites.java:759)
	at ptolemy.actor.util.CausalityInterfaceForComposites._computeInputDepth(CausalityInterfaceForComposites.java:696)
	at ptolemy.actor.util.CausalityInterfaceForComposites._computeOutputPortDepth(CausalityInterfaceForComposites.java:765)
	at ptolemy.actor.util.CausalityInterfaceForComposites._computeInputDepth(CausalityInterfaceForComposites.java:696)
	at ptolemy.actor.util.CausalityInterfaceForComposites._computeOutputPortDepth(CausalityInterfaceForComposites.java:765)
	at ptolemy.actor.util.CausalityInterfaceForComposites._computeInputDepth(CausalityInterfaceForComposites.java:696)
	at ptolemy.actor.util.CausalityInterfaceForComposites._computeActorDepth(CausalityInterfaceForComposites.java:532)
	at ptolemy.actor.util.CausalityInterfaceForComposites.checkForCycles(CausalityInterfaceForComposites.java:96)
	at ptolemy.domains.de.kernel.DEDirector.preinitialize(DEDirector.java:1338)
	at ptolemy.actor.CompositeActor.preinitialize(CompositeActor.java:1828)
	at ptolemy.actor.Manager.preinitializeAndResolveTypes(Manager.java:1040)
	at ptolemy.actor.Manager.initialize(Manager.java:710)
	at ptolemy.actor.Manager.execute(Manager.java:356)
	at ptolemy.actor.Manager.run(Manager.java:1263)
	at ptolemy.actor.Manager$PtolemyRunThread.run(Manager.java:1915)
java.lang.RuntimeException: Execution failed
	at ptolemy.moml.MoMLSimpleApplication$UnloadThread.run(MoMLSimpleApplication.java:402)
Caused by: ptolemy.kernel.util.IllegalActionException: Found a zero delay loop containing .dependencyLoop.original
  in .dependencyLoop and .dependencyLoop.original
	at ptolemy.actor.util.CausalityInterfaceForComposites._computeOutputPortDepth(CausalityInterfaceForComposites.java:759)
	at ptolemy.actor.util.CausalityInterfaceForComposites._computeInputDepth(CausalityInterfaceForComposites.java:696)
	at ptolemy.actor.util.CausalityInterfaceForComposites._computeOutputPortDepth(CausalityInterfaceForComposites.java:765)
	at ptolemy.actor.util.CausalityInterfaceForComposites._computeInputDepth(CausalityInterfaceForComposites.java:696)
	at ptolemy.actor.util.CausalityInterfaceForComposites._computeOutputPortDepth(CausalityInterfaceForComposites.java:765)
	at ptolemy.actor.util.CausalityInterfaceForComposites._computeInputDepth(CausalityInterfaceForComposites.java:696)
	at ptolemy.actor.util.CausalityInterfaceForComposites._computeActorDepth(CausalityInterfaceForComposites.java:532)
	at ptolemy.actor.util.CausalityInterfaceForComposites.checkForCycles(CausalityInterfaceForComposites.java:96)
	at ptolemy.domains.de.kernel.DEDirector.preinitialize(DEDirector.java:1338)
	at ptolemy.actor.CompositeActor.preinitialize(CompositeActor.java:1828)
	at ptolemy.actor.Manager.preinitializeAndResolveTypes(Manager.java:1040)
	at ptolemy.actor.Manager.initialize(Manager.java:710)
	at ptolemy.actor.Manager.execute(Manager.java:356)
	at ptolemy.actor.Manager.run(Manager.java:1263)
	at ptolemy.actor.Manager$PtolemyRunThread.run(Manager.java:1915)
java.lang.reflect.InvocationTargetException
	at sun.reflect.NativeConstructorAccessorImpl.newInstance0(Native Method)
	at sun.reflect.NativeConstructorAccessorImpl.newInstance(NativeConstructorAccessorImpl.java:62)
	at sun.reflect.DelegatingConstructorAccessorImpl.newInstance(DelegatingConstructorAccessorImpl.java:45)
	at java.lang.reflect.Constructor.newInstance(Constructor.java:423)
	at ptolemy.util.test.junit.AutoKnownFailedTests.RunModel(AutoKnownFailedTests.java:107)
	at sun.reflect.NativeMethodAccessorImpl.invoke0(Native Method)
	at sun.reflect.NativeMethodAccessorImpl.invoke(NativeMethodAccessorImpl.java:62)
	at sun.reflect.DelegatingMethodAccessorImpl.invoke(DelegatingMethodAccessorImpl.java:43)
	at java.lang.reflect.Method.invoke(Method.java:498)
	at org.junit.runners.model.FrameworkMethod$1.runReflectiveCall(FrameworkMethod.java:44)
	at org.junit.internal.runners.model.ReflectiveCallable.run(ReflectiveCallable.java:15)
	at org.junit.runners.model.FrameworkMethod.invokeExplosively(FrameworkMethod.java:41)
	at junitparams.internal.InvokeParameterisedMethod.evaluate(InvokeParameterisedMethod.java:102)
	at org.junit.internal.runners.statements.FailOnTimeout$1.run(FailOnTimeout.java:28)
Caused by: ptolemy.kernel.util.IllegalActionException: Found a zero delay loop containing .dependencyLoop.original
  in .dependencyLoop and .dependencyLoop.original
	at ptolemy.actor.util.CausalityInterfaceForComposites._computeOutputPortDepth(CausalityInterfaceForComposites.java:759)
	at ptolemy.actor.util.CausalityInterfaceForComposites._computeInputDepth(CausalityInterfaceForComposites.java:696)
	at ptolemy.actor.util.CausalityInterfaceForComposites._computeOutputPortDepth(CausalityInterfaceForComposites.java:765)
	at ptolemy.actor.util.CausalityInterfaceForComposites._computeInputDepth(CausalityInterfaceForComposites.java:696)
	at ptolemy.actor.util.CausalityInterfaceForComposites._computeOutputPortDepth(CausalityInterfaceForComposites.java:765)
	at ptolemy.actor.util.CausalityInterfaceForComposites._computeInputDepth(CausalityInterfaceForComposites.java:696)
	at ptolemy.actor.util.CausalityInterfaceForComposites._computeActorDepth(CausalityInterfaceForComposites.java:532)
	at ptolemy.actor.util.CausalityInterfaceForComposites.checkForCycles(CausalityInterfaceForComposites.java:96)
	at ptolemy.domains.de.kernel.DEDirector.preinitialize(DEDirector.java:1338)
	at ptolemy.actor.CompositeActor.preinitialize(CompositeActor.java:1828)
	at ptolemy.actor.Manager.preinitializeAndResolveTypes(Manager.java:1040)
	at ptolemy.actor.Manager.initialize(Manager.java:710)
	at ptolemy.actor.Manager.execute(Manager.java:356)
	at ptolemy.actor.Manager.run(Manager.java:1263)
	at ptolemy.actor.Manager$PtolemyRunThread.run(Manager.java:1915)
java.lang.RuntimeException: Execution failed
	at ptolemy.moml.MoMLSimpleApplication$UnloadThread.run(MoMLSimpleApplication.java:402)
Caused by: ptolemy.kernel.util.IllegalActionException: Found a zero delay loop containing .dependencyLoop2.original
  in .dependencyLoop2 and .dependencyLoop2.original
	at ptolemy.actor.util.CausalityInterfaceForComposites._computeOutputPortDepth(CausalityInterfaceForComposites.java:759)
	at ptolemy.actor.util.CausalityInterfaceForComposites._computeInputDepth(CausalityInterfaceForComposites.java:696)
	at ptolemy.actor.util.CausalityInterfaceForComposites._computeOutputPortDepth(CausalityInterfaceForComposites.java:765)
	at ptolemy.actor.util.CausalityInterfaceForComposites._computeInputDepth(CausalityInterfaceForComposites.java:696)
	at ptolemy.actor.util.CausalityInterfaceForComposites._computeOutputPortDepth(CausalityInterfaceForComposites.java:765)
	at ptolemy.actor.util.CausalityInterfaceForComposites._computeInputDepth(CausalityInterfaceForComposites.java:696)
	at ptolemy.actor.util.CausalityInterfaceForComposites._computeActorDepth(CausalityInterfaceForComposites.java:532)
	at ptolemy.actor.util.CausalityInterfaceForComposites.checkForCycles(CausalityInterfaceForComposites.java:96)
	at ptolemy.domains.de.kernel.DEDirector.preinitialize(DEDirector.java:1338)
	at ptolemy.actor.CompositeActor.preinitialize(CompositeActor.java:1828)
	at ptolemy.actor.Manager.preinitializeAndResolveTypes(Manager.java:1040)
	at ptolemy.actor.Manager.initialize(Manager.java:710)
	at ptolemy.actor.Manager.execute(Manager.java:356)
	at ptolemy.actor.Manager.run(Manager.java:1263)
	at ptolemy.actor.Manager$PtolemyRunThread.run(Manager.java:1915)
java.lang.reflect.InvocationTargetException
	at sun.reflect.NativeConstructorAccessorImpl.newInstance0(Native Method)
	at sun.reflect.NativeConstructorAccessorImpl.newInstance(NativeConstructorAccessorImpl.java:62)
	at sun.reflect.DelegatingConstructorAccessorImpl.newInstance(DelegatingConstructorAccessorImpl.java:45)
	at java.lang.reflect.Constructor.newInstance(Constructor.java:423)
	at ptolemy.util.test.junit.AutoKnownFailedTests.RunModel(AutoKnownFailedTests.java:107)
	at sun.reflect.NativeMethodAccessorImpl.invoke0(Native Method)
	at sun.reflect.NativeMethodAccessorImpl.invoke(NativeMethodAccessorImpl.java:62)
	at sun.reflect.DelegatingMethodAccessorImpl.invoke(DelegatingMethodAccessorImpl.java:43)
	at java.lang.reflect.Method.invoke(Method.java:498)
	at org.junit.runners.model.FrameworkMethod$1.runReflectiveCall(FrameworkMethod.java:44)
	at org.junit.internal.runners.model.ReflectiveCallable.run(ReflectiveCallable.java:15)
	at org.junit.runners.model.FrameworkMethod.invokeExplosively(FrameworkMethod.java:41)
	at junitparams.internal.InvokeParameterisedMethod.evaluate(InvokeParameterisedMethod.java:102)
	at org.junit.internal.runners.statements.FailOnTimeout$1.run(FailOnTimeout.java:28)
Caused by: ptolemy.kernel.util.IllegalActionException: Found a zero delay loop containing .dependencyLoop2.original
  in .dependencyLoop2 and .dependencyLoop2.original
	at ptolemy.actor.util.CausalityInterfaceForComposites._computeOutputPortDepth(CausalityInterfaceForComposites.java:759)
	at ptolemy.actor.util.CausalityInterfaceForComposites._computeInputDepth(CausalityInterfaceForComposites.java:696)
	at ptolemy.actor.util.CausalityInterfaceForComposites._computeOutputPortDepth(CausalityInterfaceForComposites.java:765)
	at ptolemy.actor.util.CausalityInterfaceForComposites._computeInputDepth(CausalityInterfaceForComposites.java:696)
	at ptolemy.actor.util.CausalityInterfaceForComposites._computeOutputPortDepth(CausalityInterfaceForComposites.java:765)
	at ptolemy.actor.util.CausalityInterfaceForComposites._computeInputDepth(CausalityInterfaceForComposites.java:696)
	at ptolemy.actor.util.CausalityInterfaceForComposites._computeActorDepth(CausalityInterfaceForComposites.java:532)
	at ptolemy.actor.util.CausalityInterfaceForComposites.checkForCycles(CausalityInterfaceForComposites.java:96)
	at ptolemy.domains.de.kernel.DEDirector.preinitialize(DEDirector.java:1338)
	at ptolemy.actor.CompositeActor.preinitialize(CompositeActor.java:1828)
	at ptolemy.actor.Manager.preinitializeAndResolveTypes(Manager.java:1040)
	at ptolemy.actor.Manager.initialize(Manager.java:710)
	at ptolemy.actor.Manager.execute(Manager.java:356)
	at ptolemy.actor.Manager.run(Manager.java:1263)
	at ptolemy.actor.Manager$PtolemyRunThread.run(Manager.java:1915)
]]></system-err>
</testsuite>
