<?xml version="1.0" encoding="UTF-8" ?>
<testsuite errors="0" failures="0" hostname="travis-job-7f9690b5-b2a5-4178-99df-6b53ea8e2daf" name="ptolemy.domains.sdf.test.junit.JUnitTclTest" skipped="0" tests="66" time="19.337" timestamp="2022-04-13T02:55:09">
  <properties>
[...]
</properties>
  <testcase classname="ptolemy.util.test.junit.TclTests" name="[0] /home/travis/build/icyphy/ptII/ptolemy/domains/sdf/test/SDFSchedulerErrors.tcl (RunTclFile)" time="0.834" />
  <testcase classname="ptolemy.util.test.junit.TclTests" name="[1] /home/travis/build/icyphy/ptII/ptolemy/domains/sdf/test/composition.tcl (RunTclFile)" time="0.168" />
  <testcase classname="ptolemy.util.test.junit.TclTests" name="[2] /home/travis/build/icyphy/ptII/ptolemy/domains/sdf/test/cycle.tcl (RunTclFile)" time="0.04" />
  <testcase classname="ptolemy.util.test.junit.AutoKnownFailedTests" name="[0] ThereAreNoKnowFailedTests (RunModel)" time="0.001" />
  <testcase classname="ptolemy.util.test.junit.AutoNameArchTests" name="[0] ThereAreNoAutoArchTests (RunModel)" time="0.001" />
  <testcase classname="ptolemy.util.test.junit.AutoTests" name="[0] /home/travis/build/icyphy/ptII/ptolemy/domains/sdf/test/auto/Array.xml (RunModel)" time="0.286" />
  <testcase classname="ptolemy.util.test.junit.AutoTests" name="[1] /home/travis/build/icyphy/ptII/ptolemy/domains/sdf/test/auto/Butterfly.xml (RunModel)" time="0.117" />
  <testcase classname="ptolemy.util.test.junit.AutoTests" name="[2] /home/travis/build/icyphy/ptII/ptolemy/domains/sdf/test/auto/Expression.xml (RunModel)" time="0.056" />
  <testcase classname="ptolemy.util.test.junit.AutoTests" name="[3] /home/travis/build/icyphy/ptII/ptolemy/domains/sdf/test/auto/Eye.xml (RunModel)" time="0.304" />
  <testcase classname="ptolemy.util.test.junit.AutoTests" name="[4] /home/travis/build/icyphy/ptII/ptolemy/domains/sdf/test/auto/FixFIR.xml (RunModel)" time="0.347" />
  <testcase classname="ptolemy.util.test.junit.AutoTests" name="[5] /home/travis/build/icyphy/ptII/ptolemy/domains/sdf/test/auto/FixPoint.xml (RunModel)" time="0.039" />
  <testcase classname="ptolemy.util.test.junit.AutoTests" name="[6] /home/travis/build/icyphy/ptII/ptolemy/domains/sdf/test/auto/Gravitation.xml (RunModel)" time="3.31" />
  <testcase classname="ptolemy.util.test.junit.AutoTests" name="[7] /home/travis/build/icyphy/ptII/ptolemy/domains/sdf/test/auto/GravitationWithCollisionDetection.xml (RunModel)" time="5.825" />
  <testcase classname="ptolemy.util.test.junit.AutoTests" name="[8] /home/travis/build/icyphy/ptII/ptolemy/domains/sdf/test/auto/HDF.xml (RunModel)" time="0.082" />
  <testcase classname="ptolemy.util.test.junit.AutoTests" name="[9] /home/travis/build/icyphy/ptII/ptolemy/domains/sdf/test/auto/HDFwithTransientStates.xml (RunModel)" time="0.072" />
  <testcase classname="ptolemy.util.test.junit.AutoTests" name="[10] /home/travis/build/icyphy/ptII/ptolemy/domains/sdf/test/auto/HTVQ.xml (RunModel)" time="0.844" />
  <testcase classname="ptolemy.util.test.junit.AutoTests" name="[11] /home/travis/build/icyphy/ptII/ptolemy/domains/sdf/test/auto/InferInitProduction.xml (RunModel)" time="0.035" />
  <testcase classname="ptolemy.util.test.junit.AutoTests" name="[12] /home/travis/build/icyphy/ptII/ptolemy/domains/sdf/test/auto/InferInitProductionDeeper.xml (RunModel)" time="0.024" />
  <testcase classname="ptolemy.util.test.junit.AutoTests" name="[13] /home/travis/build/icyphy/ptII/ptolemy/domains/sdf/test/auto/LMSAdaptive.xml (RunModel)" time="0.08" />
  <testcase classname="ptolemy.util.test.junit.AutoTests" name="[14] /home/travis/build/icyphy/ptII/ptolemy/domains/sdf/test/auto/LogisticMap.xml (RunModel)" time="0.464" />
  <testcase classname="ptolemy.util.test.junit.AutoTests" name="[15] /home/travis/build/icyphy/ptII/ptolemy/domains/sdf/test/auto/MaximumEntropySpectrum.xml (RunModel)" time="0.261" />
  <testcase classname="ptolemy.util.test.junit.AutoTests" name="[16] /home/travis/build/icyphy/ptII/ptolemy/domains/sdf/test/auto/MultirateSDF.xml (RunModel)" time="0.045" />
  <testcase classname="ptolemy.util.test.junit.AutoTests" name="[17] /home/travis/build/icyphy/ptII/ptolemy/domains/sdf/test/auto/MultirateSDFwithTransientStates.xml (RunModel)" time="0.064" />
  <testcase classname="ptolemy.util.test.junit.AutoTests" name="[18] /home/travis/build/icyphy/ptII/ptolemy/domains/sdf/test/auto/NoisySinewave.xml (RunModel)" time="0.059" />
  <testcase classname="ptolemy.util.test.junit.AutoTests" name="[19] /home/travis/build/icyphy/ptII/ptolemy/domains/sdf/test/auto/Objects.xml (RunModel)" time="0.041" />
  <testcase classname="ptolemy.util.test.junit.AutoTests" name="[20] /home/travis/build/icyphy/ptII/ptolemy/domains/sdf/test/auto/OrthogonalCom.xml (RunModel)" time="0.037" />
  <testcase classname="ptolemy.util.test.junit.AutoTests" name="[21] /home/travis/build/icyphy/ptII/ptolemy/domains/sdf/test/auto/RijndaelEncryption.xml (RunModel)" time="0.554" />
  <testcase classname="ptolemy.util.test.junit.AutoTests" name="[22] /home/travis/build/icyphy/ptII/ptolemy/domains/sdf/test/auto/SDFEmptyIterations.xml (RunModel)" time="0.026" />
  <testcase classname="ptolemy.util.test.junit.AutoTests" name="[23] /home/travis/build/icyphy/ptII/ptolemy/domains/sdf/test/auto/Spectrum.xml (RunModel)" time="0.075" />
  <testcase classname="ptolemy.util.test.junit.AutoTests" name="[24] /home/travis/build/icyphy/ptII/ptolemy/domains/sdf/test/auto/de_inside_sdf.xml (RunModel)" time="0.018" />
  <testcase classname="ptolemy.util.test.junit.AutoTests" name="[25] /home/travis/build/icyphy/ptII/ptolemy/domains/sdf/test/auto/disconnectedHierarchicalSDF.xml (RunModel)" time="0.017" />
  <testcase classname="ptolemy.util.test.junit.AutoTests" name="[26] /home/travis/build/icyphy/ptII/ptolemy/domains/sdf/test/auto/disconnectedSDF.xml (RunModel)" time="0.013" />
  <testcase classname="ptolemy.util.test.junit.AutoTests" name="[27] /home/travis/build/icyphy/ptII/ptolemy/domains/sdf/test/auto/emptyRefinement.xml (RunModel)" time="0.012" />
  <testcase classname="ptolemy.util.test.junit.AutoTests" name="[28] /home/travis/build/icyphy/ptII/ptolemy/domains/sdf/test/auto/filePortParameter.xml (RunModel)" time="0.029" />
  <testcase classname="ptolemy.util.test.junit.AutoTests" name="[29] /home/travis/build/icyphy/ptII/ptolemy/domains/sdf/test/auto/inferRelationWidth1.xml (RunModel)" time="0.016" />
  <testcase classname="ptolemy.util.test.junit.AutoTests" name="[30] /home/travis/build/icyphy/ptII/ptolemy/domains/sdf/test/auto/initProductionInference.xml (RunModel)" time="0.028" />
  <testcase classname="ptolemy.util.test.junit.AutoTests" name="[31] /home/travis/build/icyphy/ptII/ptolemy/domains/sdf/test/auto/relationGroup.xml (RunModel)" time="0.013" />
  <testcase classname="ptolemy.util.test.junit.AutoTests" name="[32] /home/travis/build/icyphy/ptII/ptolemy/domains/sdf/test/auto/relationGroup10.xml (RunModel)" time="0.016" />
  <testcase classname="ptolemy.util.test.junit.AutoTests" name="[33] /home/travis/build/icyphy/ptII/ptolemy/domains/sdf/test/auto/relationGroup11.xml (RunModel)" time="0.012" />
  <testcase classname="ptolemy.util.test.junit.AutoTests" name="[34] /home/travis/build/icyphy/ptII/ptolemy/domains/sdf/test/auto/relationGroup12.xml (RunModel)" time="0.014" />
  <testcase classname="ptolemy.util.test.junit.AutoTests" name="[35] /home/travis/build/icyphy/ptII/ptolemy/domains/sdf/test/auto/relationGroup13.xml (RunModel)" time="0.019" />
  <testcase classname="ptolemy.util.test.junit.AutoTests" name="[36] /home/travis/build/icyphy/ptII/ptolemy/domains/sdf/test/auto/relationGroup14.xml (RunModel)" time="0.011" />
  <testcase classname="ptolemy.util.test.junit.AutoTests" name="[37] /home/travis/build/icyphy/ptII/ptolemy/domains/sdf/test/auto/relationGroup15.xml (RunModel)" time="0.01" />
  <testcase classname="ptolemy.util.test.junit.AutoTests" name="[38] /home/travis/build/icyphy/ptII/ptolemy/domains/sdf/test/auto/relationGroup2.xml (RunModel)" time="0.009" />
  <testcase classname="ptolemy.util.test.junit.AutoTests" name="[39] /home/travis/build/icyphy/ptII/ptolemy/domains/sdf/test/auto/relationGroup3.xml (RunModel)" time="0.008" />
  <testcase classname="ptolemy.util.test.junit.AutoTests" name="[40] /home/travis/build/icyphy/ptII/ptolemy/domains/sdf/test/auto/relationGroup4.xml (RunModel)" time="0.012" />
  <testcase classname="ptolemy.util.test.junit.AutoTests" name="[41] /home/travis/build/icyphy/ptII/ptolemy/domains/sdf/test/auto/relationGroup5.xml (RunModel)" time="0.014" />
  <testcase classname="ptolemy.util.test.junit.AutoTests" name="[42] /home/travis/build/icyphy/ptII/ptolemy/domains/sdf/test/auto/relationGroup6.xml (RunModel)" time="0.011" />
  <testcase classname="ptolemy.util.test.junit.AutoTests" name="[43] /home/travis/build/icyphy/ptII/ptolemy/domains/sdf/test/auto/relationGroup7.xml (RunModel)" time="0.008" />
  <testcase classname="ptolemy.util.test.junit.AutoTests" name="[44] /home/travis/build/icyphy/ptII/ptolemy/domains/sdf/test/auto/relationGroup8.xml (RunModel)" time="0.015" />
  <testcase classname="ptolemy.util.test.junit.AutoTests" name="[45] /home/travis/build/icyphy/ptII/ptolemy/domains/sdf/test/auto/relationGroup9.xml (RunModel)" time="0.011" />
  <testcase classname="ptolemy.util.test.junit.AutoTests" name="[46] /home/travis/build/icyphy/ptII/ptolemy/domains/sdf/test/auto/sdf_inside_de.xml (RunModel)" time="0.029" />
  <testcase classname="ptolemy.util.test.junit.AutoTests" name="[47] /home/travis/build/icyphy/ptII/ptolemy/domains/sdf/test/auto/sdf_inside_pn.xml (RunModel)" time="0.054" />
  <testcase classname="ptolemy.util.test.junit.AutoTests" name="[48] /home/travis/build/icyphy/ptII/ptolemy/domains/sdf/test/auto/sdf_sdf1.xml (RunModel)" time="0.016" />
  <testcase classname="ptolemy.util.test.junit.AutoTests" name="[49] /home/travis/build/icyphy/ptII/ptolemy/domains/sdf/test/auto/test1.xml (RunModel)" time="0.017" />
  <testcase classname="ptolemy.util.test.junit.AutoTests" name="[50] /home/travis/build/icyphy/ptII/ptolemy/domains/sdf/test/auto/time1.xml (RunModel)" time="0.009" />
  <testcase classname="ptolemy.util.test.junit.AutoTests" name="[51] /home/travis/build/icyphy/ptII/ptolemy/domains/sdf/test/auto/time2.xml (RunModel)" time="0.008" />
  <testcase classname="ptolemy.util.test.junit.AutoTests" name="[52] /home/travis/build/icyphy/ptII/ptolemy/domains/sdf/test/auto/time3.xml (RunModel)" time="0.022" />
  <testcase classname="ptolemy.util.test.junit.AutoTests" name="[53] /home/travis/build/icyphy/ptII/ptolemy/domains/sdf/test/auto/time4.xml (RunModel)" time="0.019" />
  <testcase classname="ptolemy.util.test.junit.AutoTests" name="[54] /home/travis/build/icyphy/ptII/ptolemy/domains/sdf/test/auto/time5.xml (RunModel)" time="4.008" />
  <testcase classname="ptolemy.util.test.junit.AutoTests" name="[55] /home/travis/build/icyphy/ptII/ptolemy/domains/sdf/test/auto/typeSystem_Const_Integer_smallest_Type.xml (RunModel)" time="0.027" />
  <testcase classname="ptolemy.util.test.junit.AutoTests" name="[56] /home/travis/build/icyphy/ptII/ptolemy/domains/sdf/test/auto/typeSystem_declared_Inports_OutportTypeException.xml (RunModel)" time="0.02" />
  <testcase classname="ptolemy.util.test.junit.AutoTests" name="[57] /home/travis/build/icyphy/ptII/ptolemy/domains/sdf/test/auto/typeSystem_oneDeclaredInportType_wrongTypeOutport.xml (RunModel)" time="0.014" />
  <testcase classname="ptolemy.util.test.junit.AutoTests" name="[58] /home/travis/build/icyphy/ptII/ptolemy/domains/sdf/test/auto/width.xml (RunModel)" time="0.009" />
  <testcase classname="ptolemy.util.test.junit.AutoTests" name="[59] /home/travis/build/icyphy/ptII/ptolemy/domains/sdf/test/auto/width2.xml (RunModel)" time="0.028" />
  <testcase classname="ptolemy.util.test.junit.AutoTests" name="[60] /home/travis/build/icyphy/ptII/ptolemy/domains/sdf/test/auto/width3.xml (RunModel)" time="0.039" />
  <system-out><![CDATA[/home/travis/build/icyphy/ptII/ptolemy/domains/sdf/test/SDFSchedulerErrors.tcl
testDefs.tcl: setting time out to 9000 seconds at Wed Apr 13 02:55:09 UTC 2022
62 ms. Memory: 129024K Free: 87967K (68%)
7 ms. Memory: 129024K Free: 80270K (62%)
9 ms. Memory: 129024K Free: 74126K (57%)
5 ms. Memory: 129024K Free: 71069K (55%)
/home/travis/build/icyphy/ptII/ptolemy/domains/sdf/test/composition.tcl
22 ms. Memory: 129024K Free: 66958K (52%)
7 ms. Memory: 129024K Free: 64925K (50%)
/home/travis/build/icyphy/ptII/ptolemy/domains/sdf/test/cycle.tcl
.Toplevel.Director Preinitializing ...
Invoking preinitialize():  .Toplevel.Actor1
Invoking preinitialize():  .Toplevel.Actor2
Invoking preinitialize():  .Toplevel.Delay
.Toplevel.Director Finished preinitialize().
### Schedule:
Execute Schedule{
Fire Actor ptolemy.domains.sdf.kernel.test.SDFTestDelay {.Toplevel.Actor1}
Fire Actor ptolemy.domains.sdf.kernel.test.SDFTestDelay {.Toplevel.Actor2}
Fire Actor ptolemy.domains.sdf.lib.SampleDelay {.Toplevel.Delay}
}
### End schedule
Called initialize().
Invoking initialize():  .Toplevel.Actor1
Initializing actor: .Toplevel.Actor1.
Invoking initialize():  .Toplevel.Actor2
Initializing actor: .Toplevel.Actor2.
Invoking initialize():  .Toplevel.Delay
Initializing actor: .Toplevel.Delay.
Director: Called prefire().
-- Setting current time to 0.0
Director prefire returns true.
The actor .Toplevel.Actor1 will be iterated.
The actor .Toplevel.Actor1 was iterated.
The actor .Toplevel.Actor2 will be iterated.
The actor .Toplevel.Actor2 was iterated.
The actor .Toplevel.Delay will be iterated.
The actor .Toplevel.Delay was iterated.
Director: Called postfire().
Postfire returns: true
Director: Called prefire().
-- Setting current time to 0.0
Director prefire returns true.
The actor .Toplevel.Actor1 will be iterated.
The actor .Toplevel.Actor1 was iterated.
The actor .Toplevel.Actor2 will be iterated.
The actor .Toplevel.Actor2 was iterated.
The actor .Toplevel.Delay will be iterated.
The actor .Toplevel.Delay was iterated.
Director: Called postfire().
Postfire returns: true
Director: Called prefire().
-- Setting current time to 0.0
Director prefire returns true.
The actor .Toplevel.Actor1 will be iterated.
The actor .Toplevel.Actor1 was iterated.
The actor .Toplevel.Actor2 will be iterated.
The actor .Toplevel.Actor2 was iterated.
The actor .Toplevel.Delay will be iterated.
The actor .Toplevel.Delay was iterated.
Director: Called postfire().
Postfire returns: true
Director: Called prefire().
-- Setting current time to 0.0
Director prefire returns true.
The actor .Toplevel.Actor1 will be iterated.
The actor .Toplevel.Actor1 was iterated.
The actor .Toplevel.Actor2 will be iterated.
The actor .Toplevel.Actor2 was iterated.
The actor .Toplevel.Delay will be iterated.
The actor .Toplevel.Delay was iterated.
Director: Called postfire().
Postfire returns: true
Director: Called prefire().
-- Setting current time to 0.0
Director prefire returns true.
The actor .Toplevel.Actor1 will be iterated.
The actor .Toplevel.Actor1 was iterated.
The actor .Toplevel.Actor2 will be iterated.
The actor .Toplevel.Actor2 was iterated.
The actor .Toplevel.Delay will be iterated.
The actor .Toplevel.Delay was iterated.
Director: Called postfire().
Postfire returns: true
Director: Called prefire().
-- Setting current time to 0.0
Director prefire returns true.
The actor .Toplevel.Actor1 will be iterated.
The actor .Toplevel.Actor1 was iterated.
The actor .Toplevel.Actor2 will be iterated.
The actor .Toplevel.Actor2 was iterated.
The actor .Toplevel.Delay will be iterated.
The actor .Toplevel.Delay was iterated.
Reached specified number of iterations: 6
Director: Called wrapup().
20 ms. Memory: 129024K Free: 62367K (48%)
04/13/22 02:55:10
Failed: 0  Total Tests: 8  ((Passed: 8, Newly Passed: 0)  Known Failed: 0) /home/travis/build/icyphy/ptII/ptolemy/domains/sdf/test
No auto/knownFailedTests/*.xml tests in /home/travis/build/icyphy/ptII/ptolemy/domains/sdf/test
No auto/linux-amd64/*.xml tests in /home/travis/build/icyphy/ptII/ptolemy/domains/sdf/test
AutoTests.java: About to close Vertx.
AutoTests.java: Vertx closed.

===========================================================================================
----------------- testing Wed Apr 13 02:55:11 UTC 2022 /home/travis/build/icyphy/ptII/ptolemy/domains/sdf/test/auto/Array.xml
----------------- Instantiating /home/travis/build/icyphy/ptII/ptolemy/domains/sdf/test/auto/Array.xml
52 ms. Memory: 129024K Free: 104300K (81%)
----------------- Invoking toplevel() on ptolemy.moml.MoMLSimpleApplication@18c7ffe8
----------------- Done invoking toplevel() on ptolemy.moml.MoMLSimpleApplication@18c7ffe8
reloadAllAccessors: .Array

===========================================================================================
----------------- testing Wed Apr 13 02:55:11 UTC 2022 /home/travis/build/icyphy/ptII/ptolemy/domains/sdf/test/auto/Butterfly.xml
----------------- Instantiating /home/travis/build/icyphy/ptII/ptolemy/domains/sdf/test/auto/Butterfly.xml
64 ms. Memory: 129024K Free: 98618K (76%)
----------------- Invoking toplevel() on ptolemy.moml.MoMLSimpleApplication@20869244
----------------- Done invoking toplevel() on ptolemy.moml.MoMLSimpleApplication@20869244
reloadAllAccessors: .Butterfly

===========================================================================================
----------------- testing Wed Apr 13 02:55:11 UTC 2022 /home/travis/build/icyphy/ptII/ptolemy/domains/sdf/test/auto/Expression.xml
----------------- Instantiating /home/travis/build/icyphy/ptII/ptolemy/domains/sdf/test/auto/Expression.xml
37 ms. Memory: 129024K Free: 94060K (73%)
----------------- Invoking toplevel() on ptolemy.moml.MoMLSimpleApplication@62051b68
----------------- Done invoking toplevel() on ptolemy.moml.MoMLSimpleApplication@62051b68
reloadAllAccessors: .Expression

===========================================================================================
----------------- testing Wed Apr 13 02:55:11 UTC 2022 /home/travis/build/icyphy/ptII/ptolemy/domains/sdf/test/auto/Eye.xml
----------------- Instantiating /home/travis/build/icyphy/ptII/ptolemy/domains/sdf/test/auto/Eye.xml
164 ms. Memory: 129024K Free: 106240K (82%)
----------------- Invoking toplevel() on ptolemy.moml.MoMLSimpleApplication@196a6325
----------------- Done invoking toplevel() on ptolemy.moml.MoMLSimpleApplication@196a6325
reloadAllAccessors: .Eye

===========================================================================================
----------------- testing Wed Apr 13 02:55:11 UTC 2022 /home/travis/build/icyphy/ptII/ptolemy/domains/sdf/test/auto/FixFIR.xml
----------------- Instantiating /home/travis/build/icyphy/ptII/ptolemy/domains/sdf/test/auto/FixFIR.xml
165 ms. Memory: 129024K Free: 72521K (56%)
----------------- Invoking toplevel() on ptolemy.moml.MoMLSimpleApplication@7817bbb2
----------------- Done invoking toplevel() on ptolemy.moml.MoMLSimpleApplication@7817bbb2
reloadAllAccessors: .FixFIR

===========================================================================================
----------------- testing Wed Apr 13 02:55:12 UTC 2022 /home/travis/build/icyphy/ptII/ptolemy/domains/sdf/test/auto/FixPoint.xml
----------------- Instantiating /home/travis/build/icyphy/ptII/ptolemy/domains/sdf/test/auto/FixPoint.xml
12 ms. Memory: 129024K Free: 68707K (53%)
----------------- Invoking toplevel() on ptolemy.moml.MoMLSimpleApplication@6a2e0fce
----------------- Done invoking toplevel() on ptolemy.moml.MoMLSimpleApplication@6a2e0fce
reloadAllAccessors: .FixPoint

===========================================================================================
----------------- testing Wed Apr 13 02:55:12 UTC 2022 /home/travis/build/icyphy/ptII/ptolemy/domains/sdf/test/auto/Gravitation.xml
----------------- Instantiating /home/travis/build/icyphy/ptII/ptolemy/domains/sdf/test/auto/Gravitation.xml
3189 ms. Memory: 161792K Free: 129761K (80%)
----------------- Invoking toplevel() on ptolemy.moml.MoMLSimpleApplication@739cb102
----------------- Done invoking toplevel() on ptolemy.moml.MoMLSimpleApplication@739cb102
reloadAllAccessors: .Gravitation

===========================================================================================
----------------- testing Wed Apr 13 02:55:15 UTC 2022 /home/travis/build/icyphy/ptII/ptolemy/domains/sdf/test/auto/GravitationWithCollisionDetection.xml
----------------- Instantiating /home/travis/build/icyphy/ptII/ptolemy/domains/sdf/test/auto/GravitationWithCollisionDetection.xml
5680 ms. Memory: 283648K Free: 120979K (43%)
----------------- Invoking toplevel() on ptolemy.moml.MoMLSimpleApplication@78018184
----------------- Done invoking toplevel() on ptolemy.moml.MoMLSimpleApplication@78018184
reloadAllAccessors: .GravitationWithCollisionDetection

===========================================================================================
----------------- testing Wed Apr 13 02:55:21 UTC 2022 /home/travis/build/icyphy/ptII/ptolemy/domains/sdf/test/auto/HDF.xml
----------------- Instantiating /home/travis/build/icyphy/ptII/ptolemy/domains/sdf/test/auto/HDF.xml
37 ms. Memory: 283648K Free: 105074K (37%)
----------------- Invoking toplevel() on ptolemy.moml.MoMLSimpleApplication@668da12e
----------------- Done invoking toplevel() on ptolemy.moml.MoMLSimpleApplication@668da12e
reloadAllAccessors: .HDF

===========================================================================================
----------------- testing Wed Apr 13 02:55:21 UTC 2022 /home/travis/build/icyphy/ptII/ptolemy/domains/sdf/test/auto/HDFwithTransientStates.xml
----------------- Instantiating /home/travis/build/icyphy/ptII/ptolemy/domains/sdf/test/auto/HDFwithTransientStates.xml
17 ms. Memory: 283648K Free: 255118K (90%)
----------------- Invoking toplevel() on ptolemy.moml.MoMLSimpleApplication@351b91bc
----------------- Done invoking toplevel() on ptolemy.moml.MoMLSimpleApplication@351b91bc
reloadAllAccessors: .HDFwithTransientStates

===========================================================================================
----------------- testing Wed Apr 13 02:55:21 UTC 2022 /home/travis/build/icyphy/ptII/ptolemy/domains/sdf/test/auto/HTVQ.xml
----------------- Instantiating /home/travis/build/icyphy/ptII/ptolemy/domains/sdf/test/auto/HTVQ.xml
803 ms. Memory: 283648K Free: 256764K (91%)
----------------- Invoking toplevel() on ptolemy.moml.MoMLSimpleApplication@cebcafc
----------------- Done invoking toplevel() on ptolemy.moml.MoMLSimpleApplication@cebcafc
reloadAllAccessors: .HTVQ

===========================================================================================
----------------- testing Wed Apr 13 02:55:22 UTC 2022 /home/travis/build/icyphy/ptII/ptolemy/domains/sdf/test/auto/InferInitProduction.xml
----------------- Instantiating /home/travis/build/icyphy/ptII/ptolemy/domains/sdf/test/auto/InferInitProduction.xml
12 ms. Memory: 283648K Free: 251233K (89%)
----------------- Invoking toplevel() on ptolemy.moml.MoMLSimpleApplication@7fe4fc2f
----------------- Done invoking toplevel() on ptolemy.moml.MoMLSimpleApplication@7fe4fc2f
reloadAllAccessors: .InferInitProduction

===========================================================================================
----------------- testing Wed Apr 13 02:55:22 UTC 2022 /home/travis/build/icyphy/ptII/ptolemy/domains/sdf/test/auto/InferInitProductionDeeper.xml
----------------- Instantiating /home/travis/build/icyphy/ptII/ptolemy/domains/sdf/test/auto/InferInitProductionDeeper.xml
3 ms. Memory: 283648K Free: 245569K (87%)
----------------- Invoking toplevel() on ptolemy.moml.MoMLSimpleApplication@5b6a2b9f
----------------- Done invoking toplevel() on ptolemy.moml.MoMLSimpleApplication@5b6a2b9f
reloadAllAccessors: .InferInitProductionDeeper

===========================================================================================
----------------- testing Wed Apr 13 02:55:22 UTC 2022 /home/travis/build/icyphy/ptII/ptolemy/domains/sdf/test/auto/LMSAdaptive.xml
----------------- Instantiating /home/travis/build/icyphy/ptII/ptolemy/domains/sdf/test/auto/LMSAdaptive.xml
13 ms. Memory: 283648K Free: 236383K (83%)
----------------- Invoking toplevel() on ptolemy.moml.MoMLSimpleApplication@1a3dcc10
----------------- Done invoking toplevel() on ptolemy.moml.MoMLSimpleApplication@1a3dcc10
reloadAllAccessors: .LMSAdaptive

===========================================================================================
----------------- testing Wed Apr 13 02:55:22 UTC 2022 /home/travis/build/icyphy/ptII/ptolemy/domains/sdf/test/auto/LogisticMap.xml
----------------- Instantiating /home/travis/build/icyphy/ptII/ptolemy/domains/sdf/test/auto/LogisticMap.xml
434 ms. Memory: 283648K Free: 230239K (81%)
----------------- Invoking toplevel() on ptolemy.moml.MoMLSimpleApplication@a6734af
----------------- Done invoking toplevel() on ptolemy.moml.MoMLSimpleApplication@a6734af
reloadAllAccessors: .LogisticMap

===========================================================================================
----------------- testing Wed Apr 13 02:55:23 UTC 2022 /home/travis/build/icyphy/ptII/ptolemy/domains/sdf/test/auto/MaximumEntropySpectrum.xml
----------------- Instantiating /home/travis/build/icyphy/ptII/ptolemy/domains/sdf/test/auto/MaximumEntropySpectrum.xml
71 ms. Memory: 283648K Free: 168799K (60%)
----------------- Invoking toplevel() on ptolemy.moml.MoMLSimpleApplication@5b70e04f
----------------- Done invoking toplevel() on ptolemy.moml.MoMLSimpleApplication@5b70e04f
reloadAllAccessors: .MaximumEntropySpectrum

===========================================================================================
----------------- testing Wed Apr 13 02:55:23 UTC 2022 /home/travis/build/icyphy/ptII/ptolemy/domains/sdf/test/auto/MultirateSDF.xml
----------------- Instantiating /home/travis/build/icyphy/ptII/ptolemy/domains/sdf/test/auto/MultirateSDF.xml
14 ms. Memory: 283648K Free: 153953K (54%)
----------------- Invoking toplevel() on ptolemy.moml.MoMLSimpleApplication@393ec683
----------------- Done invoking toplevel() on ptolemy.moml.MoMLSimpleApplication@393ec683
reloadAllAccessors: .MultirateSDF

===========================================================================================
----------------- testing Wed Apr 13 02:55:23 UTC 2022 /home/travis/build/icyphy/ptII/ptolemy/domains/sdf/test/auto/MultirateSDFwithTransientStates.xml
----------------- Instantiating /home/travis/build/icyphy/ptII/ptolemy/domains/sdf/test/auto/MultirateSDFwithTransientStates.xml
16 ms. Memory: 283648K Free: 135007K (48%)
----------------- Invoking toplevel() on ptolemy.moml.MoMLSimpleApplication@19cac357
----------------- Done invoking toplevel() on ptolemy.moml.MoMLSimpleApplication@19cac357
reloadAllAccessors: .MultirateSDFwithTransientStates

===========================================================================================
----------------- testing Wed Apr 13 02:55:23 UTC 2022 /home/travis/build/icyphy/ptII/ptolemy/domains/sdf/test/auto/NoisySinewave.xml
----------------- Instantiating /home/travis/build/icyphy/ptII/ptolemy/domains/sdf/test/auto/NoisySinewave.xml
11 ms. Memory: 283648K Free: 118623K (42%)
----------------- Invoking toplevel() on ptolemy.moml.MoMLSimpleApplication@8b29d75
----------------- Done invoking toplevel() on ptolemy.moml.MoMLSimpleApplication@8b29d75
reloadAllAccessors: .NoisySinewave

===========================================================================================
----------------- testing Wed Apr 13 02:55:23 UTC 2022 /home/travis/build/icyphy/ptII/ptolemy/domains/sdf/test/auto/Objects.xml
----------------- Instantiating /home/travis/build/icyphy/ptII/ptolemy/domains/sdf/test/auto/Objects.xml
5 ms. Memory: 283648K Free: 109921K (39%)
----------------- Invoking toplevel() on ptolemy.moml.MoMLSimpleApplication@5a6cabc5
----------------- Done invoking toplevel() on ptolemy.moml.MoMLSimpleApplication@5a6cabc5
reloadAllAccessors: .Objects

===========================================================================================
----------------- testing Wed Apr 13 02:55:23 UTC 2022 /home/travis/build/icyphy/ptII/ptolemy/domains/sdf/test/auto/OrthogonalCom.xml
----------------- Instantiating /home/travis/build/icyphy/ptII/ptolemy/domains/sdf/test/auto/OrthogonalCom.xml
5 ms. Memory: 283648K Free: 102239K (36%)
----------------- Invoking toplevel() on ptolemy.moml.MoMLSimpleApplication@6107eaf4
----------------- Done invoking toplevel() on ptolemy.moml.MoMLSimpleApplication@6107eaf4
reloadAllAccessors: .OrthogonalCom

===========================================================================================
----------------- testing Wed Apr 13 02:55:23 UTC 2022 /home/travis/build/icyphy/ptII/ptolemy/domains/sdf/test/auto/RijndaelEncryption.xml
----------------- Instantiating /home/travis/build/icyphy/ptII/ptolemy/domains/sdf/test/auto/RijndaelEncryption.xml
278 ms. Memory: 283648K Free: 126223K (44%)
----------------- Invoking toplevel() on ptolemy.moml.MoMLSimpleApplication@2b0eb70f
----------------- Done invoking toplevel() on ptolemy.moml.MoMLSimpleApplication@2b0eb70f
reloadAllAccessors: .RijndaelEncryption

===========================================================================================
----------------- testing Wed Apr 13 02:55:24 UTC 2022 /home/travis/build/icyphy/ptII/ptolemy/domains/sdf/test/auto/SDFEmptyIterations.xml
----------------- Instantiating /home/travis/build/icyphy/ptII/ptolemy/domains/sdf/test/auto/SDFEmptyIterations.xml
4 ms. Memory: 283648K Free: 121617K (43%)
----------------- Invoking toplevel() on ptolemy.moml.MoMLSimpleApplication@26809513
----------------- Done invoking toplevel() on ptolemy.moml.MoMLSimpleApplication@26809513
reloadAllAccessors: .SDFEmptyIterations

===========================================================================================
----------------- testing Wed Apr 13 02:55:24 UTC 2022 /home/travis/build/icyphy/ptII/ptolemy/domains/sdf/test/auto/Spectrum.xml
----------------- Instantiating /home/travis/build/icyphy/ptII/ptolemy/domains/sdf/test/auto/Spectrum.xml
21 ms. Memory: 283648K Free: 265679K (94%)
----------------- Invoking toplevel() on ptolemy.moml.MoMLSimpleApplication@730d7d5
----------------- Done invoking toplevel() on ptolemy.moml.MoMLSimpleApplication@730d7d5
reloadAllAccessors: .Spectrum

===========================================================================================
----------------- testing Wed Apr 13 02:55:24 UTC 2022 /home/travis/build/icyphy/ptII/ptolemy/domains/sdf/test/auto/de_inside_sdf.xml
----------------- Instantiating /home/travis/build/icyphy/ptII/ptolemy/domains/sdf/test/auto/de_inside_sdf.xml
5 ms. Memory: 283648K Free: 260377K (92%)
----------------- Invoking toplevel() on ptolemy.moml.MoMLSimpleApplication@78073fce
----------------- Done invoking toplevel() on ptolemy.moml.MoMLSimpleApplication@78073fce
reloadAllAccessors: .de_inside_sdf

===========================================================================================
----------------- testing Wed Apr 13 02:55:24 UTC 2022 /home/travis/build/icyphy/ptII/ptolemy/domains/sdf/test/auto/disconnectedHierarchicalSDF.xml
----------------- Instantiating /home/travis/build/icyphy/ptII/ptolemy/domains/sdf/test/auto/disconnectedHierarchicalSDF.xml
4 ms. Memory: 283648K Free: 254233K (90%)
----------------- Invoking toplevel() on ptolemy.moml.MoMLSimpleApplication@2458243
----------------- Done invoking toplevel() on ptolemy.moml.MoMLSimpleApplication@2458243
reloadAllAccessors: .disconnectedHierarchicalSDF

===========================================================================================
----------------- testing Wed Apr 13 02:55:24 UTC 2022 /home/travis/build/icyphy/ptII/ptolemy/domains/sdf/test/auto/disconnectedSDF.xml
----------------- Instantiating /home/travis/build/icyphy/ptII/ptolemy/domains/sdf/test/auto/disconnectedSDF.xml
2 ms. Memory: 283648K Free: 250137K (88%)
----------------- Invoking toplevel() on ptolemy.moml.MoMLSimpleApplication@e846d1a
----------------- Done invoking toplevel() on ptolemy.moml.MoMLSimpleApplication@e846d1a
reloadAllAccessors: .disconnectedSDF

===========================================================================================
----------------- testing Wed Apr 13 02:55:24 UTC 2022 /home/travis/build/icyphy/ptII/ptolemy/domains/sdf/test/auto/emptyRefinement.xml
----------------- Instantiating /home/travis/build/icyphy/ptII/ptolemy/domains/sdf/test/auto/emptyRefinement.xml
3 ms. Memory: 283648K Free: 245527K (87%)
----------------- Invoking toplevel() on ptolemy.moml.MoMLSimpleApplication@d8a724d
----------------- Done invoking toplevel() on ptolemy.moml.MoMLSimpleApplication@d8a724d
reloadAllAccessors: .emptyRefinement

===========================================================================================
----------------- testing Wed Apr 13 02:55:24 UTC 2022 /home/travis/build/icyphy/ptII/ptolemy/domains/sdf/test/auto/filePortParameter.xml
----------------- Instantiating /home/travis/build/icyphy/ptII/ptolemy/domains/sdf/test/auto/filePortParameter.xml
7 ms. Memory: 283648K Free: 238359K (84%)
----------------- Invoking toplevel() on ptolemy.moml.MoMLSimpleApplication@5880052a
----------------- Done invoking toplevel() on ptolemy.moml.MoMLSimpleApplication@5880052a
reloadAllAccessors: .filePortParameter

===========================================================================================
----------------- testing Wed Apr 13 02:55:24 UTC 2022 /home/travis/build/icyphy/ptII/ptolemy/domains/sdf/test/auto/inferRelationWidth1.xml
----------------- Instantiating /home/travis/build/icyphy/ptII/ptolemy/domains/sdf/test/auto/inferRelationWidth1.xml
2 ms. Memory: 283648K Free: 235287K (83%)
----------------- Invoking toplevel() on ptolemy.moml.MoMLSimpleApplication@6596faaa
----------------- Done invoking toplevel() on ptolemy.moml.MoMLSimpleApplication@6596faaa
reloadAllAccessors: .inferRelationWidth1

===========================================================================================
----------------- testing Wed Apr 13 02:55:24 UTC 2022 /home/travis/build/icyphy/ptII/ptolemy/domains/sdf/test/auto/initProductionInference.xml
----------------- Instantiating /home/travis/build/icyphy/ptII/ptolemy/domains/sdf/test/auto/initProductionInference.xml
9 ms. Memory: 283648K Free: 231177K (82%)
----------------- Invoking toplevel() on ptolemy.moml.MoMLSimpleApplication@25f91be9
----------------- Done invoking toplevel() on ptolemy.moml.MoMLSimpleApplication@25f91be9
reloadAllAccessors: .initProductionInference

===========================================================================================
----------------- testing Wed Apr 13 02:55:24 UTC 2022 /home/travis/build/icyphy/ptII/ptolemy/domains/sdf/test/auto/relationGroup.xml
----------------- Instantiating /home/travis/build/icyphy/ptII/ptolemy/domains/sdf/test/auto/relationGroup.xml
4 ms. Memory: 283648K Free: 227609K (80%)
----------------- Invoking toplevel() on ptolemy.moml.MoMLSimpleApplication@1e34c8d9
----------------- Done invoking toplevel() on ptolemy.moml.MoMLSimpleApplication@1e34c8d9
reloadAllAccessors: .relationGroup

===========================================================================================
----------------- testing Wed Apr 13 02:55:24 UTC 2022 /home/travis/build/icyphy/ptII/ptolemy/domains/sdf/test/auto/relationGroup10.xml
----------------- Instantiating /home/travis/build/icyphy/ptII/ptolemy/domains/sdf/test/auto/relationGroup10.xml
2 ms. Memory: 283648K Free: 224023K (79%)
----------------- Invoking toplevel() on ptolemy.moml.MoMLSimpleApplication@34f0123a
----------------- Done invoking toplevel() on ptolemy.moml.MoMLSimpleApplication@34f0123a
reloadAllAccessors: .relationGroup10

===========================================================================================
----------------- testing Wed Apr 13 02:55:24 UTC 2022 /home/travis/build/icyphy/ptII/ptolemy/domains/sdf/test/auto/relationGroup11.xml
----------------- Instantiating /home/travis/build/icyphy/ptII/ptolemy/domains/sdf/test/auto/relationGroup11.xml
2 ms. Memory: 283648K Free: 220441K (78%)
----------------- Invoking toplevel() on ptolemy.moml.MoMLSimpleApplication@158bda98
----------------- Done invoking toplevel() on ptolemy.moml.MoMLSimpleApplication@158bda98
reloadAllAccessors: .relationGroup11

===========================================================================================
----------------- testing Wed Apr 13 02:55:24 UTC 2022 /home/travis/build/icyphy/ptII/ptolemy/domains/sdf/test/auto/relationGroup12.xml
----------------- Instantiating /home/travis/build/icyphy/ptII/ptolemy/domains/sdf/test/auto/relationGroup12.xml
1 ms. Memory: 283648K Free: 216855K (76%)
----------------- Invoking toplevel() on ptolemy.moml.MoMLSimpleApplication@38457b2d
----------------- Done invoking toplevel() on ptolemy.moml.MoMLSimpleApplication@38457b2d
reloadAllAccessors: .relationGroup12

===========================================================================================
----------------- testing Wed Apr 13 02:55:24 UTC 2022 /home/travis/build/icyphy/ptII/ptolemy/domains/sdf/test/auto/relationGroup13.xml
----------------- Instantiating /home/travis/build/icyphy/ptII/ptolemy/domains/sdf/test/auto/relationGroup13.xml
7 ms. Memory: 283648K Free: 212249K (75%)
----------------- Invoking toplevel() on ptolemy.moml.MoMLSimpleApplication@267ff4c2
----------------- Done invoking toplevel() on ptolemy.moml.MoMLSimpleApplication@267ff4c2
reloadAllAccessors: .relationGroup13

===========================================================================================
----------------- testing Wed Apr 13 02:55:24 UTC 2022 /home/travis/build/icyphy/ptII/ptolemy/domains/sdf/test/auto/relationGroup14.xml
----------------- Instantiating /home/travis/build/icyphy/ptII/ptolemy/domains/sdf/test/auto/relationGroup14.xml
3 ms. Memory: 283648K Free: 207639K (73%)
----------------- Invoking toplevel() on ptolemy.moml.MoMLSimpleApplication@137e066e
----------------- Done invoking toplevel() on ptolemy.moml.MoMLSimpleApplication@137e066e
reloadAllAccessors: .relationGroup14

===========================================================================================
----------------- testing Wed Apr 13 02:55:24 UTC 2022 /home/travis/build/icyphy/ptII/ptolemy/domains/sdf/test/auto/relationGroup15.xml
----------------- Instantiating /home/travis/build/icyphy/ptII/ptolemy/domains/sdf/test/auto/relationGroup15.xml
1 ms. Memory: 283648K Free: 204057K (72%)
----------------- Invoking toplevel() on ptolemy.moml.MoMLSimpleApplication@73a25434
----------------- Done invoking toplevel() on ptolemy.moml.MoMLSimpleApplication@73a25434
reloadAllAccessors: .relationGroup15

===========================================================================================
----------------- testing Wed Apr 13 02:55:24 UTC 2022 /home/travis/build/icyphy/ptII/ptolemy/domains/sdf/test/auto/relationGroup2.xml
----------------- Instantiating /home/travis/build/icyphy/ptII/ptolemy/domains/sdf/test/auto/relationGroup2.xml
2 ms. Memory: 283648K Free: 200985K (71%)
----------------- Invoking toplevel() on ptolemy.moml.MoMLSimpleApplication@e2f60db
----------------- Done invoking toplevel() on ptolemy.moml.MoMLSimpleApplication@e2f60db
reloadAllAccessors: .relationGroup2

===========================================================================================
----------------- testing Wed Apr 13 02:55:24 UTC 2022 /home/travis/build/icyphy/ptII/ptolemy/domains/sdf/test/auto/relationGroup3.xml
----------------- Instantiating /home/travis/build/icyphy/ptII/ptolemy/domains/sdf/test/auto/relationGroup3.xml
2 ms. Memory: 283648K Free: 197913K (70%)
----------------- Invoking toplevel() on ptolemy.moml.MoMLSimpleApplication@16cc2a16
----------------- Done invoking toplevel() on ptolemy.moml.MoMLSimpleApplication@16cc2a16
reloadAllAccessors: .relationGroup3

===========================================================================================
----------------- testing Wed Apr 13 02:55:24 UTC 2022 /home/travis/build/icyphy/ptII/ptolemy/domains/sdf/test/auto/relationGroup4.xml
----------------- Instantiating /home/travis/build/icyphy/ptII/ptolemy/domains/sdf/test/auto/relationGroup4.xml
5 ms. Memory: 283648K Free: 193817K (68%)
----------------- Invoking toplevel() on ptolemy.moml.MoMLSimpleApplication@6bb92f53
----------------- Done invoking toplevel() on ptolemy.moml.MoMLSimpleApplication@6bb92f53
reloadAllAccessors: .relationGroup4

===========================================================================================
----------------- testing Wed Apr 13 02:55:24 UTC 2022 /home/travis/build/icyphy/ptII/ptolemy/domains/sdf/test/auto/relationGroup5.xml
----------------- Instantiating /home/travis/build/icyphy/ptII/ptolemy/domains/sdf/test/auto/relationGroup5.xml
2 ms. Memory: 283648K Free: 189207K (67%)
----------------- Invoking toplevel() on ptolemy.moml.MoMLSimpleApplication@694f46e5
----------------- Done invoking toplevel() on ptolemy.moml.MoMLSimpleApplication@694f46e5
reloadAllAccessors: .relationGroup5

===========================================================================================
----------------- testing Wed Apr 13 02:55:24 UTC 2022 /home/travis/build/icyphy/ptII/ptolemy/domains/sdf/test/auto/relationGroup6.xml
----------------- Instantiating /home/travis/build/icyphy/ptII/ptolemy/domains/sdf/test/auto/relationGroup6.xml
2 ms. Memory: 283648K Free: 185111K (65%)
----------------- Invoking toplevel() on ptolemy.moml.MoMLSimpleApplication@eb1be32
----------------- Done invoking toplevel() on ptolemy.moml.MoMLSimpleApplication@eb1be32
reloadAllAccessors: .relationGroup6

===========================================================================================
----------------- testing Wed Apr 13 02:55:24 UTC 2022 /home/travis/build/icyphy/ptII/ptolemy/domains/sdf/test/auto/relationGroup7.xml
----------------- Instantiating /home/travis/build/icyphy/ptII/ptolemy/domains/sdf/test/auto/relationGroup7.xml
1 ms. Memory: 283648K Free: 181529K (64%)
----------------- Invoking toplevel() on ptolemy.moml.MoMLSimpleApplication@5a0ffc83
----------------- Done invoking toplevel() on ptolemy.moml.MoMLSimpleApplication@5a0ffc83
reloadAllAccessors: .relationGroup7

===========================================================================================
----------------- testing Wed Apr 13 02:55:24 UTC 2022 /home/travis/build/icyphy/ptII/ptolemy/domains/sdf/test/auto/relationGroup8.xml
----------------- Instantiating /home/travis/build/icyphy/ptII/ptolemy/domains/sdf/test/auto/relationGroup8.xml
1 ms. Memory: 283648K Free: 178457K (63%)
----------------- Invoking toplevel() on ptolemy.moml.MoMLSimpleApplication@6a0071a6
----------------- Done invoking toplevel() on ptolemy.moml.MoMLSimpleApplication@6a0071a6
reloadAllAccessors: .relationGroup8

===========================================================================================
----------------- testing Wed Apr 13 02:55:24 UTC 2022 /home/travis/build/icyphy/ptII/ptolemy/domains/sdf/test/auto/relationGroup9.xml
----------------- Instantiating /home/travis/build/icyphy/ptII/ptolemy/domains/sdf/test/auto/relationGroup9.xml
4 ms. Memory: 283648K Free: 173847K (61%)
----------------- Invoking toplevel() on ptolemy.moml.MoMLSimpleApplication@363a31a3
----------------- Done invoking toplevel() on ptolemy.moml.MoMLSimpleApplication@363a31a3
reloadAllAccessors: .relationGroup9

===========================================================================================
----------------- testing Wed Apr 13 02:55:24 UTC 2022 /home/travis/build/icyphy/ptII/ptolemy/domains/sdf/test/auto/sdf_inside_de.xml
----------------- Instantiating /home/travis/build/icyphy/ptII/ptolemy/domains/sdf/test/auto/sdf_inside_de.xml
9 ms. Memory: 283648K Free: 165145K (58%)
----------------- Invoking toplevel() on ptolemy.moml.MoMLSimpleApplication@723bcf19
----------------- Done invoking toplevel() on ptolemy.moml.MoMLSimpleApplication@723bcf19
reloadAllAccessors: .sdf_inside_de

===========================================================================================
----------------- testing Wed Apr 13 02:55:24 UTC 2022 /home/travis/build/icyphy/ptII/ptolemy/domains/sdf/test/auto/sdf_inside_pn.xml
----------------- Instantiating /home/travis/build/icyphy/ptII/ptolemy/domains/sdf/test/auto/sdf_inside_pn.xml
36 ms. Memory: 283648K Free: 155929K (55%)
----------------- Invoking toplevel() on ptolemy.moml.MoMLSimpleApplication@fffda40
----------------- Done invoking toplevel() on ptolemy.moml.MoMLSimpleApplication@fffda40
reloadAllAccessors: .sdf_inside_pn

===========================================================================================
----------------- testing Wed Apr 13 02:55:24 UTC 2022 /home/travis/build/icyphy/ptII/ptolemy/domains/sdf/test/auto/sdf_sdf1.xml
----------------- Instantiating /home/travis/build/icyphy/ptII/ptolemy/domains/sdf/test/auto/sdf_sdf1.xml
3 ms. Memory: 283648K Free: 150809K (53%)
----------------- Invoking toplevel() on ptolemy.moml.MoMLSimpleApplication@5a40ac74
----------------- Done invoking toplevel() on ptolemy.moml.MoMLSimpleApplication@5a40ac74
reloadAllAccessors: .sdf_sdf1

===========================================================================================
----------------- testing Wed Apr 13 02:55:24 UTC 2022 /home/travis/build/icyphy/ptII/ptolemy/domains/sdf/test/auto/test1.xml
----------------- Instantiating /home/travis/build/icyphy/ptII/ptolemy/domains/sdf/test/auto/test1.xml
2 ms. Memory: 283648K Free: 145689K (51%)
----------------- Invoking toplevel() on ptolemy.moml.MoMLSimpleApplication@43117647
----------------- Done invoking toplevel() on ptolemy.moml.MoMLSimpleApplication@43117647
reloadAllAccessors: .test1

===========================================================================================
----------------- testing Wed Apr 13 02:55:24 UTC 2022 /home/travis/build/icyphy/ptII/ptolemy/domains/sdf/test/auto/time1.xml
----------------- Instantiating /home/travis/build/icyphy/ptII/ptolemy/domains/sdf/test/auto/time1.xml
2 ms. Memory: 283648K Free: 142103K (50%)
----------------- Invoking toplevel() on ptolemy.moml.MoMLSimpleApplication@25ffad4c
----------------- Done invoking toplevel() on ptolemy.moml.MoMLSimpleApplication@25ffad4c
reloadAllAccessors: .time1

===========================================================================================
----------------- testing Wed Apr 13 02:55:24 UTC 2022 /home/travis/build/icyphy/ptII/ptolemy/domains/sdf/test/auto/time2.xml
----------------- Instantiating /home/travis/build/icyphy/ptII/ptolemy/domains/sdf/test/auto/time2.xml
1 ms. Memory: 283648K Free: 138521K (49%)
----------------- Invoking toplevel() on ptolemy.moml.MoMLSimpleApplication@169cdf06
----------------- Done invoking toplevel() on ptolemy.moml.MoMLSimpleApplication@169cdf06
reloadAllAccessors: .time2

===========================================================================================
----------------- testing Wed Apr 13 02:55:24 UTC 2022 /home/travis/build/icyphy/ptII/ptolemy/domains/sdf/test/auto/time3.xml
----------------- Instantiating /home/travis/build/icyphy/ptII/ptolemy/domains/sdf/test/auto/time3.xml
6 ms. Memory: 283648K Free: 133401K (47%)
----------------- Invoking toplevel() on ptolemy.moml.MoMLSimpleApplication@66cd10aa
----------------- Done invoking toplevel() on ptolemy.moml.MoMLSimpleApplication@66cd10aa
reloadAllAccessors: .time3

===========================================================================================
----------------- testing Wed Apr 13 02:55:24 UTC 2022 /home/travis/build/icyphy/ptII/ptolemy/domains/sdf/test/auto/time4.xml
----------------- Instantiating /home/travis/build/icyphy/ptII/ptolemy/domains/sdf/test/auto/time4.xml
5 ms. Memory: 283648K Free: 127767K (45%)
----------------- Invoking toplevel() on ptolemy.moml.MoMLSimpleApplication@4723cf09
----------------- Done invoking toplevel() on ptolemy.moml.MoMLSimpleApplication@4723cf09
reloadAllAccessors: .time4

===========================================================================================
----------------- testing Wed Apr 13 02:55:24 UTC 2022 /home/travis/build/icyphy/ptII/ptolemy/domains/sdf/test/auto/time5.xml
----------------- Instantiating /home/travis/build/icyphy/ptII/ptolemy/domains/sdf/test/auto/time5.xml
4002 ms. Memory: 283648K Free: 124185K (44%)
----------------- Invoking toplevel() on ptolemy.moml.MoMLSimpleApplication@58ee83aa
----------------- Done invoking toplevel() on ptolemy.moml.MoMLSimpleApplication@58ee83aa
reloadAllAccessors: .time5

===========================================================================================
----------------- testing Wed Apr 13 02:55:28 UTC 2022 /home/travis/build/icyphy/ptII/ptolemy/domains/sdf/test/auto/typeSystem_Const_Integer_smallest_Type.xml
----------------- Instantiating /home/travis/build/icyphy/ptII/ptolemy/domains/sdf/test/auto/typeSystem_Const_Integer_smallest_Type.xml
6 ms. Memory: 283648K Free: 119575K (42%)
----------------- Invoking toplevel() on ptolemy.moml.MoMLSimpleApplication@663b257
----------------- Done invoking toplevel() on ptolemy.moml.MoMLSimpleApplication@663b257
reloadAllAccessors: .typeSystem_Const_Integer_smallest_Type

===========================================================================================
----------------- testing Wed Apr 13 02:55:28 UTC 2022 /home/travis/build/icyphy/ptII/ptolemy/domains/sdf/test/auto/typeSystem_declared_Inports_OutportTypeException.xml
----------------- Instantiating /home/travis/build/icyphy/ptII/ptolemy/domains/sdf/test/auto/typeSystem_declared_Inports_OutportTypeException.xml
.typeSystem_declared_Inports_OutportTypeException.TestExceptionAttribute: initialize() was not invoked, but wrapup() was.  This is unusual, but not always a problem.  For example, exporting JNLP will do this.
5 ms. Memory: 283648K Free: 115479K (41%)
----------------- Invoking toplevel() on ptolemy.moml.MoMLSimpleApplication@5ca71dc6
----------------- Done invoking toplevel() on ptolemy.moml.MoMLSimpleApplication@5ca71dc6
reloadAllAccessors: .typeSystem_declared_Inports_OutportTypeException

===========================================================================================
----------------- testing Wed Apr 13 02:55:28 UTC 2022 /home/travis/build/icyphy/ptII/ptolemy/domains/sdf/test/auto/typeSystem_oneDeclaredInportType_wrongTypeOutport.xml
----------------- Instantiating /home/travis/build/icyphy/ptII/ptolemy/domains/sdf/test/auto/typeSystem_oneDeclaredInportType_wrongTypeOutport.xml
3 ms. Memory: 283648K Free: 111383K (39%)
----------------- Invoking toplevel() on ptolemy.moml.MoMLSimpleApplication@681abb1f
----------------- Done invoking toplevel() on ptolemy.moml.MoMLSimpleApplication@681abb1f
reloadAllAccessors: .typeSystem_oneDeclaredInportType_wrongTypeOutport

===========================================================================================
----------------- testing Wed Apr 13 02:55:28 UTC 2022 /home/travis/build/icyphy/ptII/ptolemy/domains/sdf/test/auto/width.xml
----------------- Instantiating /home/travis/build/icyphy/ptII/ptolemy/domains/sdf/test/auto/width.xml
2 ms. Memory: 283648K Free: 107801K (38%)
----------------- Invoking toplevel() on ptolemy.moml.MoMLSimpleApplication@36e6d5fb
----------------- Done invoking toplevel() on ptolemy.moml.MoMLSimpleApplication@36e6d5fb
reloadAllAccessors: .width

===========================================================================================
----------------- testing Wed Apr 13 02:55:28 UTC 2022 /home/travis/build/icyphy/ptII/ptolemy/domains/sdf/test/auto/width2.xml
----------------- Instantiating /home/travis/build/icyphy/ptII/ptolemy/domains/sdf/test/auto/width2.xml
20 ms. Memory: 283648K Free: 102681K (36%)
----------------- Invoking toplevel() on ptolemy.moml.MoMLSimpleApplication@7f2a4d
----------------- Done invoking toplevel() on ptolemy.moml.MoMLSimpleApplication@7f2a4d
reloadAllAccessors: .width2

===========================================================================================
----------------- testing Wed Apr 13 02:55:28 UTC 2022 /home/travis/build/icyphy/ptII/ptolemy/domains/sdf/test/auto/width3.xml
----------------- Instantiating /home/travis/build/icyphy/ptII/ptolemy/domains/sdf/test/auto/width3.xml
29 ms. Memory: 283648K Free: 266452K (94%)
----------------- Invoking toplevel() on ptolemy.moml.MoMLSimpleApplication@5d1ea641
----------------- Done invoking toplevel() on ptolemy.moml.MoMLSimpleApplication@5d1ea641
reloadAllAccessors: .width3
AutoTests.java: About to close Vertx.
AutoTests.java: Vertx closed.
]]></system-out>
  <system-err><![CDATA[java.lang.RuntimeException: Execution failed
	at ptolemy.moml.MoMLSimpleApplication$UnloadThread.run(MoMLSimpleApplication.java:402)
Caused by: ptolemy.actor.sched.NotSchedulableException: No solution exists for the balance equations.
Graph is not consistent under the SDF domain detected on external port .rateConsistency.actor.port2
  in .rateConsistency.SDF Director.Scheduler
	at ptolemy.domains.sdf.kernel.SDFScheduler._propagatePort(SDFScheduler.java:1425)
	at ptolemy.domains.sdf.kernel.SDFScheduler._solveBalanceEquations(SDFScheduler.java:710)
	at ptolemy.domains.sdf.kernel.SDFScheduler._getSchedule(SDFScheduler.java:566)
	at ptolemy.actor.sched.Scheduler.getSchedule(Scheduler.java:189)
	at ptolemy.domains.sdf.kernel.SDFDirector.createSchedule(SDFDirector.java:408)
	at ptolemy.domains.sdf.kernel.SDFDirector.preinitialize(SDFDirector.java:764)
	at ptolemy.actor.CompositeActor.preinitialize(CompositeActor.java:1828)
	at ptolemy.actor.Manager.preinitializeAndResolveTypes(Manager.java:1040)
	at ptolemy.actor.Manager.initialize(Manager.java:710)
	at ptolemy.actor.Manager.execute(Manager.java:356)
	at ptolemy.actor.Manager.run(Manager.java:1263)
	at ptolemy.actor.Manager$PtolemyRunThread.run(Manager.java:1933)
java.lang.RuntimeException: Execution failed
	at ptolemy.moml.MoMLSimpleApplication$UnloadThread.run(MoMLSimpleApplication.java:402)
Caused by: ptolemy.kernel.util.IllegalActionException: Failed to compute schedule:
  in .badRateChanges.typed composite actor.SDF Director
Because:
The SDF rate parameter may change. This is not allowed in SDF models that will be run through the code generator.  If you don't care about code generation, then you might consider setting the allowRateChanges parameter of the SDF director to false.
  in .badRateChanges.typed composite actor.Repeat.output.tokenProductionRate
	at ptolemy.domains.sdf.kernel.SDFDirector.createSchedule(SDFDirector.java:418)
	at ptolemy.domains.sdf.kernel.SDFDirector.preinitialize(SDFDirector.java:764)
	at ptolemy.actor.CompositeActor.preinitialize(CompositeActor.java:1828)
	at ptolemy.actor.Director.preinitialize(Director.java:1302)
	at ptolemy.actor.Director.preinitialize(Director.java:1257)
	at ptolemy.domains.sdf.kernel.SDFDirector.preinitialize(SDFDirector.java:763)
	at ptolemy.actor.CompositeActor.preinitialize(CompositeActor.java:1828)
	at ptolemy.actor.Manager.preinitializeAndResolveTypes(Manager.java:1040)
	at ptolemy.actor.Manager.initialize(Manager.java:710)
	at ptolemy.actor.Manager.execute(Manager.java:356)
	at ptolemy.actor.Manager.run(Manager.java:1263)
	at ptolemy.actor.Manager$PtolemyRunThread.run(Manager.java:1933)
Caused by: ptolemy.kernel.util.IllegalActionException: The SDF rate parameter may change. This is not allowed in SDF models that will be run through the code generator.  If you don't care about code generation, then you might consider setting the allowRateChanges parameter of the SDF director to false.
  in .badRateChanges.typed composite actor.Repeat.output.tokenProductionRate
	at ptolemy.domains.sdf.kernel.SDFScheduler._assertDynamicRateVariable(SDFScheduler.java:931)
	at ptolemy.domains.sdf.kernel.SDFScheduler._checkDynamicRateVariables(SDFScheduler.java:339)
	at ptolemy.domains.sdf.kernel.SDFScheduler._getSchedule(SDFScheduler.java:527)
	at ptolemy.actor.sched.Scheduler.getSchedule(Scheduler.java:189)
	at ptolemy.domains.sdf.kernel.SDFDirector.createSchedule(SDFDirector.java:408)
	... 11 more
java.lang.RuntimeException: Execution failed
	at ptolemy.moml.MoMLSimpleApplication$UnloadThread.run(MoMLSimpleApplication.java:402)
Caused by: ptolemy.kernel.util.IllegalActionException: Failed to compute schedule:
  in .badRateChanges2.typed composite actor.SDF Director
Because:
The SDF rate parameter may change. This is not allowed in SDF models that will be run through the code generator.  If you don't care about code generation, then you might consider setting the allowRateChanges parameter of the SDF director to false.
  in .badRateChanges2.typed composite actor.Repeat.output.tokenProductionRate
	at ptolemy.domains.sdf.kernel.SDFDirector.createSchedule(SDFDirector.java:418)
	at ptolemy.domains.sdf.kernel.SDFDirector.preinitialize(SDFDirector.java:764)
	at ptolemy.actor.CompositeActor.preinitialize(CompositeActor.java:1828)
	at ptolemy.actor.Director.preinitialize(Director.java:1302)
	at ptolemy.actor.Director.preinitialize(Director.java:1257)
	at ptolemy.domains.sdf.kernel.SDFDirector.preinitialize(SDFDirector.java:763)
	at ptolemy.actor.CompositeActor.preinitialize(CompositeActor.java:1828)
	at ptolemy.actor.Manager.preinitializeAndResolveTypes(Manager.java:1040)
	at ptolemy.actor.Manager.initialize(Manager.java:710)
	at ptolemy.actor.Manager.execute(Manager.java:356)
	at ptolemy.actor.Manager.run(Manager.java:1263)
	at ptolemy.actor.Manager$PtolemyRunThread.run(Manager.java:1933)
Caused by: ptolemy.kernel.util.IllegalActionException: The SDF rate parameter may change. This is not allowed in SDF models that will be run through the code generator.  If you don't care about code generation, then you might consider setting the allowRateChanges parameter of the SDF director to false.
  in .badRateChanges2.typed composite actor.Repeat.output.tokenProductionRate
	at ptolemy.domains.sdf.kernel.SDFScheduler._assertDynamicRateVariable(SDFScheduler.java:931)
	at ptolemy.domains.sdf.kernel.SDFScheduler._checkDynamicRateVariables(SDFScheduler.java:339)
	at ptolemy.domains.sdf.kernel.SDFScheduler._getSchedule(SDFScheduler.java:527)
	at ptolemy.actor.sched.Scheduler.getSchedule(Scheduler.java:189)
	at ptolemy.domains.sdf.kernel.SDFDirector.createSchedule(SDFDirector.java:408)
	... 11 more
java.lang.RuntimeException: Execution failed
	at ptolemy.moml.MoMLSimpleApplication$UnloadThread.run(MoMLSimpleApplication.java:402)
Caused by: ptolemy.actor.sched.NotSchedulableException: Actors remain that cannot be scheduled!

There are several possible reasons:
* SDF Graphs with feedback loops should have an actor with a delay in the loop, such as a SampleDelay.
* The SDF director has an "allowDisconnectedGraphs"parameter, which, when true, permits disconnected SDF graphs.
* The token consumption rate and production rates might be mismatched.
Usually, actors produce one token or consume one token on a port.  To produce or consume multiple tokens per firing, add a "tokenConsumptionRate" or "tokenProductionRate" parameter to the appropriate port.
Unscheduled actors:
.partiallyConnected.Const2 
Scheduled actors:
.partiallyConnected.Const 
  in .partiallyConnected.SDF Director.Scheduler
	at ptolemy.domains.sdf.kernel.SDFScheduler._scheduleConnectedActors(SDFScheduler.java:1828)
	at ptolemy.domains.sdf.kernel.SDFScheduler._getSchedule(SDFScheduler.java:587)
	at ptolemy.actor.sched.Scheduler.getSchedule(Scheduler.java:189)
	at ptolemy.domains.sdf.kernel.SDFDirector.createSchedule(SDFDirector.java:408)
	at ptolemy.domains.sdf.kernel.SDFDirector.preinitialize(SDFDirector.java:764)
	at ptolemy.actor.CompositeActor.preinitialize(CompositeActor.java:1828)
	at ptolemy.actor.Manager.preinitializeAndResolveTypes(Manager.java:1040)
	at ptolemy.actor.Manager.initialize(Manager.java:710)
	at ptolemy.actor.Manager.execute(Manager.java:356)
	at ptolemy.actor.Manager.run(Manager.java:1263)
	at ptolemy.actor.Manager$PtolemyRunThread.run(Manager.java:1933)
]]></system-err>
</testsuite>
