<?xml version="1.0" encoding="UTF-8" ?>
<testsuite errors="0" failures="0" hostname="travis-job-484cc87b-8490-4c6d-97d0-271ef39abe6f" name="ptolemy.actor.lib.hoc.test.junit.JUnitTclTest" skipped="0" tests="58" time="24.333" timestamp="2019-05-23T04:20:16">
  <properties>
[...]
</properties>
  <testcase classname="ptolemy.util.test.junit.TclTests" name="[0] /home/travis/build/icyphy/ptII/ptolemy/actor/lib/hoc/test/IterateOverArray.tcl (RunTclFile)" time="0.288" />
  <testcase classname="ptolemy.util.test.junit.AutoKnownFailedTests" name="[0] /home/travis/build/icyphy/ptII/ptolemy/actor/lib/hoc/test/auto/knownFailedTests/PreinitializeMustBeInvokedRunComposite.xml (RunModel)" time="0.214" />
  <testcase classname="ptolemy.util.test.junit.AutoNameArchTests" name="[0] ThereAreNoAutoArchTests (RunModel)" time="0.004" />
  <testcase classname="ptolemy.util.test.junit.AutoTests" name="[0] /home/travis/build/icyphy/ptII/ptolemy/actor/lib/hoc/test/auto/AllToAllMultiInstanceComposite.xml (RunModel)" time="0.305" />
  <testcase classname="ptolemy.util.test.junit.AutoTests" name="[1] /home/travis/build/icyphy/ptII/ptolemy/actor/lib/hoc/test/auto/ApplyFFTTest.xml (RunModel)" time="0.289" />
  <testcase classname="ptolemy.util.test.junit.AutoTests" name="[2] /home/travis/build/icyphy/ptII/ptolemy/actor/lib/hoc/test/auto/ApplyFunction.xml (RunModel)" time="0.03" />
  <testcase classname="ptolemy.util.test.junit.AutoTests" name="[3] /home/travis/build/icyphy/ptII/ptolemy/actor/lib/hoc/test/auto/BackgroundExecution.xml (RunModel)" time="0.694" />
  <testcase classname="ptolemy.util.test.junit.AutoTests" name="[4] /home/travis/build/icyphy/ptII/ptolemy/actor/lib/hoc/test/auto/Case.xml (RunModel)" time="0.051" />
  <testcase classname="ptolemy.util.test.junit.AutoTests" name="[5] /home/travis/build/icyphy/ptII/ptolemy/actor/lib/hoc/test/auto/Case1.xml (RunModel)" time="0.07" />
  <testcase classname="ptolemy.util.test.junit.AutoTests" name="[6] /home/travis/build/icyphy/ptII/ptolemy/actor/lib/hoc/test/auto/Case2.xml (RunModel)" time="0.095" />
  <testcase classname="ptolemy.util.test.junit.AutoTests" name="[7] /home/travis/build/icyphy/ptII/ptolemy/actor/lib/hoc/test/auto/Case3.xml (RunModel)" time="0.039" />
  <testcase classname="ptolemy.util.test.junit.AutoTests" name="[8] /home/travis/build/icyphy/ptII/ptolemy/actor/lib/hoc/test/auto/Case4.xml (RunModel)" time="0.072" />
  <testcase classname="ptolemy.util.test.junit.AutoTests" name="[9] /home/travis/build/icyphy/ptII/ptolemy/actor/lib/hoc/test/auto/Case5.xml (RunModel)" time="0.093" />
  <testcase classname="ptolemy.util.test.junit.AutoTests" name="[10] /home/travis/build/icyphy/ptII/ptolemy/actor/lib/hoc/test/auto/Case6.xml (RunModel)" time="0.068" />
  <testcase classname="ptolemy.util.test.junit.AutoTests" name="[11] /home/travis/build/icyphy/ptII/ptolemy/actor/lib/hoc/test/auto/CaseString2.xml (RunModel)" time="0.078" />
  <testcase classname="ptolemy.util.test.junit.AutoTests" name="[12] /home/travis/build/icyphy/ptII/ptolemy/actor/lib/hoc/test/auto/CatchUpComposite1.xml (RunModel)" time="0.074" />
  <testcase classname="ptolemy.util.test.junit.AutoTests" name="[13] /home/travis/build/icyphy/ptII/ptolemy/actor/lib/hoc/test/auto/CatchUpComposite2.xml (RunModel)" time="0.035" />
  <testcase classname="ptolemy.util.test.junit.AutoTests" name="[14] /home/travis/build/icyphy/ptII/ptolemy/actor/lib/hoc/test/auto/CatchUpComposite3.xml (RunModel)" time="0.03" />
  <testcase classname="ptolemy.util.test.junit.AutoTests" name="[15] /home/travis/build/icyphy/ptII/ptolemy/actor/lib/hoc/test/auto/CatchUpComposite4.xml (RunModel)" time="0.047" />
  <testcase classname="ptolemy.util.test.junit.AutoTests" name="[16] /home/travis/build/icyphy/ptII/ptolemy/actor/lib/hoc/test/auto/CatchUpComposite5.xml (RunModel)" time="0.046" />
  <testcase classname="ptolemy.util.test.junit.AutoTests" name="[17] /home/travis/build/icyphy/ptII/ptolemy/actor/lib/hoc/test/auto/CatchUpComposite6.xml (RunModel)" time="0.182" />
  <testcase classname="ptolemy.util.test.junit.AutoTests" name="[18] /home/travis/build/icyphy/ptII/ptolemy/actor/lib/hoc/test/auto/CatchUpComposite7.xml (RunModel)" time="0.097" />
  <testcase classname="ptolemy.util.test.junit.AutoTests" name="[19] /home/travis/build/icyphy/ptII/ptolemy/actor/lib/hoc/test/auto/ConcurrentExecutionTimeSDF.xml (RunModel)" time="1.386" />
  <testcase classname="ptolemy.util.test.junit.AutoTests" name="[20] /home/travis/build/icyphy/ptII/ptolemy/actor/lib/hoc/test/auto/ConcurrentSleep.xml (RunModel)" time="0.782" />
  <testcase classname="ptolemy.util.test.junit.AutoTests" name="[21] /home/travis/build/icyphy/ptII/ptolemy/actor/lib/hoc/test/auto/DEInPNInRunCompositeActor.xml (RunModel)" time="0.033" />
  <testcase classname="ptolemy.util.test.junit.AutoTests" name="[22] /home/travis/build/icyphy/ptII/ptolemy/actor/lib/hoc/test/auto/DFTSubSetTest.xml (RunModel)" time="0.278" />
  <testcase classname="ptolemy.util.test.junit.AutoTests" name="[23] /home/travis/build/icyphy/ptII/ptolemy/actor/lib/hoc/test/auto/HocDE.xml (RunModel)" time="0.16" />
  <testcase classname="ptolemy.util.test.junit.AutoTests" name="[24] /home/travis/build/icyphy/ptII/ptolemy/actor/lib/hoc/test/auto/IterateOverArray.xml (RunModel)" time="0.044" />
  <testcase classname="ptolemy.util.test.junit.AutoTests" name="[25] /home/travis/build/icyphy/ptII/ptolemy/actor/lib/hoc/test/auto/IterateOverArray10.xml (RunModel)" time="0.02" />
  <testcase classname="ptolemy.util.test.junit.AutoTests" name="[26] /home/travis/build/icyphy/ptII/ptolemy/actor/lib/hoc/test/auto/IterateOverArray11.xml (RunModel)" time="0.032" />
  <testcase classname="ptolemy.util.test.junit.AutoTests" name="[27] /home/travis/build/icyphy/ptII/ptolemy/actor/lib/hoc/test/auto/IterateOverArray12.xml (RunModel)" time="0.048" />
  <testcase classname="ptolemy.util.test.junit.AutoTests" name="[28] /home/travis/build/icyphy/ptII/ptolemy/actor/lib/hoc/test/auto/IterateOverArray13.xml (RunModel)" time="0.155" />
  <testcase classname="ptolemy.util.test.junit.AutoTests" name="[29] /home/travis/build/icyphy/ptII/ptolemy/actor/lib/hoc/test/auto/IterateOverArray14.xml (RunModel)" time="0.184" />
  <testcase classname="ptolemy.util.test.junit.AutoTests" name="[30] /home/travis/build/icyphy/ptII/ptolemy/actor/lib/hoc/test/auto/IterateOverArray2.xml (RunModel)" time="0.035" />
  <testcase classname="ptolemy.util.test.junit.AutoTests" name="[31] /home/travis/build/icyphy/ptII/ptolemy/actor/lib/hoc/test/auto/IterateOverArray3.xml (RunModel)" time="0.045" />
  <testcase classname="ptolemy.util.test.junit.AutoTests" name="[32] /home/travis/build/icyphy/ptII/ptolemy/actor/lib/hoc/test/auto/IterateOverArray4.xml (RunModel)" time="0.026" />
  <testcase classname="ptolemy.util.test.junit.AutoTests" name="[33] /home/travis/build/icyphy/ptII/ptolemy/actor/lib/hoc/test/auto/IterateOverArray5.xml (RunModel)" time="0.022" />
  <testcase classname="ptolemy.util.test.junit.AutoTests" name="[34] /home/travis/build/icyphy/ptII/ptolemy/actor/lib/hoc/test/auto/IterateOverArray6.xml (RunModel)" time="0.016" />
  <testcase classname="ptolemy.util.test.junit.AutoTests" name="[35] /home/travis/build/icyphy/ptII/ptolemy/actor/lib/hoc/test/auto/IterateOverArray7.xml (RunModel)" time="0.025" />
  <testcase classname="ptolemy.util.test.junit.AutoTests" name="[36] /home/travis/build/icyphy/ptII/ptolemy/actor/lib/hoc/test/auto/IterateOverArray8.xml (RunModel)" time="0.023" />
  <testcase classname="ptolemy.util.test.junit.AutoTests" name="[37] /home/travis/build/icyphy/ptII/ptolemy/actor/lib/hoc/test/auto/IterateOverArray9.xml (RunModel)" time="0.018" />
  <testcase classname="ptolemy.util.test.junit.AutoTests" name="[38] /home/travis/build/icyphy/ptII/ptolemy/actor/lib/hoc/test/auto/IterateOverArrayCoercedOutputType.xml (RunModel)" time="0.025" />
  <testcase classname="ptolemy.util.test.junit.AutoTests" name="[39] /home/travis/build/icyphy/ptII/ptolemy/actor/lib/hoc/test/auto/IterateOverArrayInferredOutputType.xml (RunModel)" time="0.035" />
  <testcase classname="ptolemy.util.test.junit.AutoTests" name="[40] /home/travis/build/icyphy/ptII/ptolemy/actor/lib/hoc/test/auto/MobileFunctionTest.xml (RunModel)" time="0.04" />
  <testcase classname="ptolemy.util.test.junit.AutoTests" name="[41] /home/travis/build/icyphy/ptII/ptolemy/actor/lib/hoc/test/auto/MobileModelTest.xml (RunModel)" time="0.115" />
  <testcase classname="ptolemy.util.test.junit.AutoTests" name="[42] /home/travis/build/icyphy/ptII/ptolemy/actor/lib/hoc/test/auto/ModelReference.xml (RunModel)" time="0.084" />
  <testcase classname="ptolemy.util.test.junit.AutoTests" name="[43] /home/travis/build/icyphy/ptII/ptolemy/actor/lib/hoc/test/auto/ModelReference3.xml (RunModel)" time="0.056" />
  <testcase classname="ptolemy.util.test.junit.AutoTests" name="[44] /home/travis/build/icyphy/ptII/ptolemy/actor/lib/hoc/test/auto/ModelReference4.xml (RunModel)" time="10.045" />
  <testcase classname="ptolemy.util.test.junit.AutoTests" name="[45] /home/travis/build/icyphy/ptII/ptolemy/actor/lib/hoc/test/auto/MultiInstanceComposite.xml (RunModel)" time="0.047" />
  <testcase classname="ptolemy.util.test.junit.AutoTests" name="[46] /home/travis/build/icyphy/ptII/ptolemy/actor/lib/hoc/test/auto/MultiInstanceComposite2.xml (RunModel)" time="0.032" />
  <testcase classname="ptolemy.util.test.junit.AutoTests" name="[47] /home/travis/build/icyphy/ptII/ptolemy/actor/lib/hoc/test/auto/MulticoreExecution.xml (RunModel)" time="1.174" />
  <testcase classname="ptolemy.util.test.junit.AutoTests" name="[48] /home/travis/build/icyphy/ptII/ptolemy/actor/lib/hoc/test/auto/ParallelExecution.xml (RunModel)" time="0.947" />
  <testcase classname="ptolemy.util.test.junit.AutoTests" name="[49] /home/travis/build/icyphy/ptII/ptolemy/actor/lib/hoc/test/auto/RunCompositeActor.xml (RunModel)" time="0.052" />
  <testcase classname="ptolemy.util.test.junit.AutoTests" name="[50] /home/travis/build/icyphy/ptII/ptolemy/actor/lib/hoc/test/auto/RunCompositeActor2.xml (RunModel)" time="0.023" />
  <testcase classname="ptolemy.util.test.junit.AutoTests" name="[51] /home/travis/build/icyphy/ptII/ptolemy/actor/lib/hoc/test/auto/RunCompositeActor3.xml (RunModel)" time="0.023" />
  <testcase classname="ptolemy.util.test.junit.AutoTests" name="[52] /home/travis/build/icyphy/ptII/ptolemy/actor/lib/hoc/test/auto/RunCompositeActor4.xml (RunModel)" time="0.041" />
  <testcase classname="ptolemy.util.test.junit.AutoTests" name="[53] /home/travis/build/icyphy/ptII/ptolemy/actor/lib/hoc/test/auto/RunCompositeIterateOverArray.xml (RunModel)" time="0.039" />
  <testcase classname="ptolemy.util.test.junit.AutoTests" name="[54] /home/travis/build/icyphy/ptII/ptolemy/actor/lib/hoc/test/auto/ThreadedJS.xml (RunModel)" time="4.877" />
  <system-out><![CDATA[/home/travis/build/icyphy/ptII/ptolemy/actor/lib/hoc/test/IterateOverArray.tcl
testDefs.tcl: setting time out to 9000 seconds at Thu May 23 04:20:16 UTC 2019
05/23/19 04:20:16
Failed: 0  Total Tests: 2  ((Passed: 2, Newly Passed: 0)  Known Failed: 0) /home/travis/build/icyphy/ptII/ptolemy/actor/lib/hoc/test
----------------- testing (KnownFailure) /home/travis/build/icyphy/ptII/ptolemy/actor/lib/hoc/test/auto/knownFailedTests/PreinitializeMustBeInvokedRunComposite.xml
44 ms. Memory: 116224K Free: 106845K (92%)
Known Failure: java.lang.reflect.InvocationTargetException
No auto/linux-amd64/*.xml tests in /home/travis/build/icyphy/ptII/ptolemy/actor/lib/hoc/test
AutoTests.java: About to close Vertx.
AutoTests.java: Vertx closed.

===========================================================================================
----------------- testing Thu May 23 04:20:17 UTC 2019 /home/travis/build/icyphy/ptII/ptolemy/actor/lib/hoc/test/auto/AllToAllMultiInstanceComposite.xml
----------------- Instantiating /home/travis/build/icyphy/ptII/ptolemy/actor/lib/hoc/test/auto/AllToAllMultiInstanceComposite.xml
124 ms. Memory: 146944K Free: 121340K (83%)
----------------- Invoking toplevel() on ptolemy.moml.MoMLSimpleApplication@33b5321a
----------------- Done invoking toplevel() on ptolemy.moml.MoMLSimpleApplication@33b5321a
reloadAllAccessors: .AllToAllMultiInstanceComposite

===========================================================================================
----------------- testing Thu May 23 04:20:17 UTC 2019 /home/travis/build/icyphy/ptII/ptolemy/actor/lib/hoc/test/auto/ApplyFFTTest.xml
----------------- Instantiating /home/travis/build/icyphy/ptII/ptolemy/actor/lib/hoc/test/auto/ApplyFFTTest.xml
95 ms. Memory: 146944K Free: 101059K (69%)
----------------- Invoking toplevel() on ptolemy.moml.MoMLSimpleApplication@6a6042fd
----------------- Done invoking toplevel() on ptolemy.moml.MoMLSimpleApplication@6a6042fd
reloadAllAccessors: .ApplyFFTTest

===========================================================================================
----------------- testing Thu May 23 04:20:17 UTC 2019 /home/travis/build/icyphy/ptII/ptolemy/actor/lib/hoc/test/auto/ApplyFunction.xml
----------------- Instantiating /home/travis/build/icyphy/ptII/ptolemy/actor/lib/hoc/test/auto/ApplyFunction.xml
5 ms. Memory: 146944K Free: 97629K (66%)
----------------- Invoking toplevel() on ptolemy.moml.MoMLSimpleApplication@3b4f1359
----------------- Done invoking toplevel() on ptolemy.moml.MoMLSimpleApplication@3b4f1359
reloadAllAccessors: .ApplyFunction

===========================================================================================
----------------- testing Thu May 23 04:20:17 UTC 2019 /home/travis/build/icyphy/ptII/ptolemy/actor/lib/hoc/test/auto/BackgroundExecution.xml
----------------- Instantiating /home/travis/build/icyphy/ptII/ptolemy/actor/lib/hoc/test/auto/BackgroundExecution.xml
631 ms. Memory: 146944K Free: 89918K (61%)
----------------- Invoking toplevel() on ptolemy.moml.MoMLSimpleApplication@2c86bd9d
----------------- Done invoking toplevel() on ptolemy.moml.MoMLSimpleApplication@2c86bd9d
reloadAllAccessors: .BackgroundExecution

===========================================================================================
----------------- testing Thu May 23 04:20:18 UTC 2019 /home/travis/build/icyphy/ptII/ptolemy/actor/lib/hoc/test/auto/Case.xml
----------------- Instantiating /home/travis/build/icyphy/ptII/ptolemy/actor/lib/hoc/test/auto/Case.xml
16 ms. Memory: 146944K Free: 81413K (55%)
----------------- Invoking toplevel() on ptolemy.moml.MoMLSimpleApplication@5d0d3242
----------------- Done invoking toplevel() on ptolemy.moml.MoMLSimpleApplication@5d0d3242
reloadAllAccessors: .Case

===========================================================================================
----------------- testing Thu May 23 04:20:18 UTC 2019 /home/travis/build/icyphy/ptII/ptolemy/actor/lib/hoc/test/auto/Case1.xml
----------------- Instantiating /home/travis/build/icyphy/ptII/ptolemy/actor/lib/hoc/test/auto/Case1.xml
29 ms. Memory: 146944K Free: 136464K (93%)
----------------- Invoking toplevel() on ptolemy.moml.MoMLSimpleApplication@390c9e7f
----------------- Done invoking toplevel() on ptolemy.moml.MoMLSimpleApplication@390c9e7f
reloadAllAccessors: .Case1

===========================================================================================
----------------- testing Thu May 23 04:20:18 UTC 2019 /home/travis/build/icyphy/ptII/ptolemy/actor/lib/hoc/test/auto/Case2.xml
----------------- Instantiating /home/travis/build/icyphy/ptII/ptolemy/actor/lib/hoc/test/auto/Case2.xml
32 ms. Memory: 146944K Free: 124907K (85%)
----------------- Invoking toplevel() on ptolemy.moml.MoMLSimpleApplication@6ab49fcf
----------------- Done invoking toplevel() on ptolemy.moml.MoMLSimpleApplication@6ab49fcf
reloadAllAccessors: .Case2

===========================================================================================
----------------- testing Thu May 23 04:20:18 UTC 2019 /home/travis/build/icyphy/ptII/ptolemy/actor/lib/hoc/test/auto/Case3.xml
----------------- Instantiating /home/travis/build/icyphy/ptII/ptolemy/actor/lib/hoc/test/auto/Case3.xml
8 ms. Memory: 146944K Free: 118683K (81%)
----------------- Invoking toplevel() on ptolemy.moml.MoMLSimpleApplication@74c732c6
----------------- Done invoking toplevel() on ptolemy.moml.MoMLSimpleApplication@74c732c6
reloadAllAccessors: .Case3

===========================================================================================
----------------- testing Thu May 23 04:20:18 UTC 2019 /home/travis/build/icyphy/ptII/ptolemy/actor/lib/hoc/test/auto/Case4.xml
----------------- Instantiating /home/travis/build/icyphy/ptII/ptolemy/actor/lib/hoc/test/auto/Case4.xml
21 ms. Memory: 146944K Free: 110074K (75%)
----------------- Invoking toplevel() on ptolemy.moml.MoMLSimpleApplication@dcb40ee
----------------- Done invoking toplevel() on ptolemy.moml.MoMLSimpleApplication@dcb40ee
reloadAllAccessors: .Case4

===========================================================================================
----------------- testing Thu May 23 04:20:18 UTC 2019 /home/travis/build/icyphy/ptII/ptolemy/actor/lib/hoc/test/auto/Case5.xml
----------------- Instantiating /home/travis/build/icyphy/ptII/ptolemy/actor/lib/hoc/test/auto/Case5.xml
51 ms. Memory: 146944K Free: 102131K (70%)
----------------- Invoking toplevel() on ptolemy.moml.MoMLSimpleApplication@4eeeb30
----------------- Done invoking toplevel() on ptolemy.moml.MoMLSimpleApplication@4eeeb30
reloadAllAccessors: .junk

===========================================================================================
----------------- testing Thu May 23 04:20:18 UTC 2019 /home/travis/build/icyphy/ptII/ptolemy/actor/lib/hoc/test/auto/Case6.xml
----------------- Instantiating /home/travis/build/icyphy/ptII/ptolemy/actor/lib/hoc/test/auto/Case6.xml
33 ms. Memory: 146944K Free: 88566K (60%)
----------------- Invoking toplevel() on ptolemy.moml.MoMLSimpleApplication@64fa14e2
----------------- Done invoking toplevel() on ptolemy.moml.MoMLSimpleApplication@64fa14e2
reloadAllAccessors: .Case6

===========================================================================================
----------------- testing Thu May 23 04:20:18 UTC 2019 /home/travis/build/icyphy/ptII/ptolemy/actor/lib/hoc/test/auto/CaseString2.xml
----------------- Instantiating /home/travis/build/icyphy/ptII/ptolemy/actor/lib/hoc/test/auto/CaseString2.xml
19 ms. Memory: 146944K Free: 80615K (55%)
----------------- Invoking toplevel() on ptolemy.moml.MoMLSimpleApplication@59733542
----------------- Done invoking toplevel() on ptolemy.moml.MoMLSimpleApplication@59733542
reloadAllAccessors: .CaseString2

===========================================================================================
----------------- testing Thu May 23 04:20:19 UTC 2019 /home/travis/build/icyphy/ptII/ptolemy/actor/lib/hoc/test/auto/CatchUpComposite1.xml
----------------- Instantiating /home/travis/build/icyphy/ptII/ptolemy/actor/lib/hoc/test/auto/CatchUpComposite1.xml
12 ms. Memory: 208384K Free: 193936K (93%)
----------------- Invoking toplevel() on ptolemy.moml.MoMLSimpleApplication@4bd53dd0
----------------- Done invoking toplevel() on ptolemy.moml.MoMLSimpleApplication@4bd53dd0
reloadAllAccessors: .CatchUpComposite1

===========================================================================================
----------------- testing Thu May 23 04:20:19 UTC 2019 /home/travis/build/icyphy/ptII/ptolemy/actor/lib/hoc/test/auto/CatchUpComposite2.xml
----------------- Instantiating /home/travis/build/icyphy/ptII/ptolemy/actor/lib/hoc/test/auto/CatchUpComposite2.xml
9 ms. Memory: 208384K Free: 184027K (88%)
----------------- Invoking toplevel() on ptolemy.moml.MoMLSimpleApplication@7c69c3d9
----------------- Done invoking toplevel() on ptolemy.moml.MoMLSimpleApplication@7c69c3d9
reloadAllAccessors: .CatchUpComposite2

===========================================================================================
----------------- testing Thu May 23 04:20:19 UTC 2019 /home/travis/build/icyphy/ptII/ptolemy/actor/lib/hoc/test/auto/CatchUpComposite3.xml
----------------- Instantiating /home/travis/build/icyphy/ptII/ptolemy/actor/lib/hoc/test/auto/CatchUpComposite3.xml
6 ms. Memory: 208384K Free: 174167K (84%)
----------------- Invoking toplevel() on ptolemy.moml.MoMLSimpleApplication@18c08981
----------------- Done invoking toplevel() on ptolemy.moml.MoMLSimpleApplication@18c08981
reloadAllAccessors: .CatchUpComposite3

===========================================================================================
----------------- testing Thu May 23 04:20:19 UTC 2019 /home/travis/build/icyphy/ptII/ptolemy/actor/lib/hoc/test/auto/CatchUpComposite4.xml
----------------- Instantiating /home/travis/build/icyphy/ptII/ptolemy/actor/lib/hoc/test/auto/CatchUpComposite4.xml
18 ms. Memory: 208384K Free: 164257K (79%)
----------------- Invoking toplevel() on ptolemy.moml.MoMLSimpleApplication@284f2a76
----------------- Done invoking toplevel() on ptolemy.moml.MoMLSimpleApplication@284f2a76
reloadAllAccessors: .CatchUpComposite4

===========================================================================================
----------------- testing Thu May 23 04:20:19 UTC 2019 /home/travis/build/icyphy/ptII/ptolemy/actor/lib/hoc/test/auto/CatchUpComposite5.xml
----------------- Instantiating /home/travis/build/icyphy/ptII/ptolemy/actor/lib/hoc/test/auto/CatchUpComposite5.xml
13 ms. Memory: 208384K Free: 156033K (75%)
----------------- Invoking toplevel() on ptolemy.moml.MoMLSimpleApplication@1c6d0ae9
----------------- Done invoking toplevel() on ptolemy.moml.MoMLSimpleApplication@1c6d0ae9
reloadAllAccessors: .CatchUpComposite5

===========================================================================================
----------------- testing Thu May 23 04:20:19 UTC 2019 /home/travis/build/icyphy/ptII/ptolemy/actor/lib/hoc/test/auto/CatchUpComposite6.xml
----------------- Instantiating /home/travis/build/icyphy/ptII/ptolemy/actor/lib/hoc/test/auto/CatchUpComposite6.xml
WARNING: The execution aspects in this model can influence the timing of actors by delaying the 
execution, potentially changing the behavior. There is no guarantee that actors fire at the 
time they request to be fired. 
Use Ptides for deterministic DE behavior that is not influenced by execution aspects. 

96 ms. Memory: 208384K Free: 138795K (67%)
----------------- Invoking toplevel() on ptolemy.moml.MoMLSimpleApplication@1714353b
----------------- Done invoking toplevel() on ptolemy.moml.MoMLSimpleApplication@1714353b
reloadAllAccessors: .CatchUpComposite6

===========================================================================================
----------------- testing Thu May 23 04:20:19 UTC 2019 /home/travis/build/icyphy/ptII/ptolemy/actor/lib/hoc/test/auto/CatchUpComposite7.xml
----------------- Instantiating /home/travis/build/icyphy/ptII/ptolemy/actor/lib/hoc/test/auto/CatchUpComposite7.xml
WARNING: The execution aspects in this model can influence the timing of actors by delaying the 
execution, potentially changing the behavior. There is no guarantee that actors fire at the 
time they request to be fired. 
Use Ptides for deterministic DE behavior that is not influenced by execution aspects. 

43 ms. Memory: 208384K Free: 122300K (59%)
----------------- Invoking toplevel() on ptolemy.moml.MoMLSimpleApplication@110e988f
----------------- Done invoking toplevel() on ptolemy.moml.MoMLSimpleApplication@110e988f
reloadAllAccessors: .CatchUpComposite7

===========================================================================================
----------------- testing Thu May 23 04:20:19 UTC 2019 /home/travis/build/icyphy/ptII/ptolemy/actor/lib/hoc/test/auto/ConcurrentExecutionTimeSDF.xml
----------------- Instantiating /home/travis/build/icyphy/ptII/ptolemy/actor/lib/hoc/test/auto/ConcurrentExecutionTimeSDF.xml
Fired ExecutionTime: 40400000
Fired ExecutionTime: 40400000
Fired ExecutionTime: 40400000
Fired ExecutionTime: 40400000
Fired ExecutionTime: 40400000
Fired ExecutionTime: 40400000
Fired ExecutionTime: 40400000
Fired ExecutionTime: 40400000
Fired ExecutionTime: 40400000
Fired ExecutionTime: 40400000
Fired ExecutionTime: 40400000
Fired ExecutionTime: 40400000
Fired ExecutionTime: 40400000
Fired ExecutionTime: 40400000
Fired ExecutionTime: 40400000
Fired ExecutionTime: 40400000
Fired ExecutionTime: 40400000
Fired ExecutionTime: 40400000
Fired ExecutionTime: 40400000
Fired ExecutionTime: 40400000
1357 ms. Memory: 208384K Free: 114076K (55%)
----------------- Invoking toplevel() on ptolemy.moml.MoMLSimpleApplication@1af53553
----------------- Done invoking toplevel() on ptolemy.moml.MoMLSimpleApplication@1af53553
reloadAllAccessors: .ConcurrentExecutionTimeSDF

===========================================================================================
----------------- testing Thu May 23 04:20:20 UTC 2019 /home/travis/build/icyphy/ptII/ptolemy/actor/lib/hoc/test/auto/ConcurrentSleep.xml
----------------- Instantiating /home/travis/build/icyphy/ptII/ptolemy/actor/lib/hoc/test/auto/ConcurrentSleep.xml
737 ms. Memory: 208384K Free: 100085K (48%)
----------------- Invoking toplevel() on ptolemy.moml.MoMLSimpleApplication@60ecba0
----------------- Done invoking toplevel() on ptolemy.moml.MoMLSimpleApplication@60ecba0
reloadAllAccessors: .ConcurrentSleep

===========================================================================================
----------------- testing Thu May 23 04:20:21 UTC 2019 /home/travis/build/icyphy/ptII/ptolemy/actor/lib/hoc/test/auto/DEInPNInRunCompositeActor.xml
----------------- Instantiating /home/travis/build/icyphy/ptII/ptolemy/actor/lib/hoc/test/auto/DEInPNInRunCompositeActor.xml
11 ms. Memory: 208384K Free: 91847K (44%)
----------------- Invoking toplevel() on ptolemy.moml.MoMLSimpleApplication@341b8bfb
----------------- Done invoking toplevel() on ptolemy.moml.MoMLSimpleApplication@341b8bfb
reloadAllAccessors: .DEInPNInRunCompositeActor

===========================================================================================
----------------- testing Thu May 23 04:20:21 UTC 2019 /home/travis/build/icyphy/ptII/ptolemy/actor/lib/hoc/test/auto/DFTSubSetTest.xml
----------------- Instantiating /home/travis/build/icyphy/ptII/ptolemy/actor/lib/hoc/test/auto/DFTSubSetTest.xml
155 ms. Memory: 208384K Free: 167714K (80%)
----------------- Invoking toplevel() on ptolemy.moml.MoMLSimpleApplication@14385e9a
----------------- Done invoking toplevel() on ptolemy.moml.MoMLSimpleApplication@14385e9a
reloadAllAccessors: .DFTSubSetTest

===========================================================================================
----------------- testing Thu May 23 04:20:22 UTC 2019 /home/travis/build/icyphy/ptII/ptolemy/actor/lib/hoc/test/auto/HocDE.xml
----------------- Instantiating /home/travis/build/icyphy/ptII/ptolemy/actor/lib/hoc/test/auto/HocDE.xml
130 ms. Memory: 208384K Free: 140902K (68%)
----------------- Invoking toplevel() on ptolemy.moml.MoMLSimpleApplication@5972818a
----------------- Done invoking toplevel() on ptolemy.moml.MoMLSimpleApplication@5972818a
reloadAllAccessors: .HocDE

===========================================================================================
----------------- testing Thu May 23 04:20:22 UTC 2019 /home/travis/build/icyphy/ptII/ptolemy/actor/lib/hoc/test/auto/IterateOverArray.xml
----------------- Instantiating /home/travis/build/icyphy/ptII/ptolemy/actor/lib/hoc/test/auto/IterateOverArray.xml
6 ms. Memory: 208384K Free: 135309K (65%)
----------------- Invoking toplevel() on ptolemy.moml.MoMLSimpleApplication@4bc59ca8
----------------- Done invoking toplevel() on ptolemy.moml.MoMLSimpleApplication@4bc59ca8
reloadAllAccessors: .IterateOverArray

===========================================================================================
----------------- testing Thu May 23 04:20:22 UTC 2019 /home/travis/build/icyphy/ptII/ptolemy/actor/lib/hoc/test/auto/IterateOverArray10.xml
----------------- Instantiating /home/travis/build/icyphy/ptII/ptolemy/actor/lib/hoc/test/auto/IterateOverArray10.xml
3 ms. Memory: 208384K Free: 131197K (63%)
----------------- Invoking toplevel() on ptolemy.moml.MoMLSimpleApplication@5130f328
----------------- Done invoking toplevel() on ptolemy.moml.MoMLSimpleApplication@5130f328
reloadAllAccessors: .IterateOverArray10

===========================================================================================
----------------- testing Thu May 23 04:20:22 UTC 2019 /home/travis/build/icyphy/ptII/ptolemy/actor/lib/hoc/test/auto/IterateOverArray11.xml
----------------- Instantiating /home/travis/build/icyphy/ptII/ptolemy/actor/lib/hoc/test/auto/IterateOverArray11.xml
8 ms. Memory: 208384K Free: 125668K (60%)
----------------- Invoking toplevel() on ptolemy.moml.MoMLSimpleApplication@4ab6ffe4
----------------- Done invoking toplevel() on ptolemy.moml.MoMLSimpleApplication@4ab6ffe4
reloadAllAccessors: .IterateOverArray11

===========================================================================================
----------------- testing Thu May 23 04:20:22 UTC 2019 /home/travis/build/icyphy/ptII/ptolemy/actor/lib/hoc/test/auto/IterateOverArray12.xml
----------------- Instantiating /home/travis/build/icyphy/ptII/ptolemy/actor/lib/hoc/test/auto/IterateOverArray12.xml
22 ms. Memory: 208384K Free: 119114K (57%)
----------------- Invoking toplevel() on ptolemy.moml.MoMLSimpleApplication@78420e38
----------------- Done invoking toplevel() on ptolemy.moml.MoMLSimpleApplication@78420e38
reloadAllAccessors: .IterateOverArray12

===========================================================================================
----------------- testing Thu May 23 04:20:22 UTC 2019 /home/travis/build/icyphy/ptII/ptolemy/actor/lib/hoc/test/auto/IterateOverArray13.xml
----------------- Instantiating /home/travis/build/icyphy/ptII/ptolemy/actor/lib/hoc/test/auto/IterateOverArray13.xml
70 ms. Memory: 208384K Free: 90615K (43%)
----------------- Invoking toplevel() on ptolemy.moml.MoMLSimpleApplication@6345d4dd
----------------- Done invoking toplevel() on ptolemy.moml.MoMLSimpleApplication@6345d4dd
reloadAllAccessors: .IterateOverArray13

===========================================================================================
----------------- testing Thu May 23 04:20:22 UTC 2019 /home/travis/build/icyphy/ptII/ptolemy/actor/lib/hoc/test/auto/IterateOverArray14.xml
----------------- Instantiating /home/travis/build/icyphy/ptII/ptolemy/actor/lib/hoc/test/auto/IterateOverArray14.xml
62 ms. Memory: 332288K Free: 298896K (90%)
----------------- Invoking toplevel() on ptolemy.moml.MoMLSimpleApplication@16c3f8d0
----------------- Done invoking toplevel() on ptolemy.moml.MoMLSimpleApplication@16c3f8d0
reloadAllAccessors: .IterateOverArray14

===========================================================================================
----------------- testing Thu May 23 04:20:22 UTC 2019 /home/travis/build/icyphy/ptII/ptolemy/actor/lib/hoc/test/auto/IterateOverArray2.xml
----------------- Instantiating /home/travis/build/icyphy/ptII/ptolemy/actor/lib/hoc/test/auto/IterateOverArray2.xml
11 ms. Memory: 332288K Free: 291563K (88%)
----------------- Invoking toplevel() on ptolemy.moml.MoMLSimpleApplication@1da4340f
----------------- Done invoking toplevel() on ptolemy.moml.MoMLSimpleApplication@1da4340f
reloadAllAccessors: .IterateOverArray2

===========================================================================================
----------------- testing Thu May 23 04:20:22 UTC 2019 /home/travis/build/icyphy/ptII/ptolemy/actor/lib/hoc/test/auto/IterateOverArray3.xml
----------------- Instantiating /home/travis/build/icyphy/ptII/ptolemy/actor/lib/hoc/test/auto/IterateOverArray3.xml
19 ms. Memory: 332288K Free: 285023K (86%)
----------------- Invoking toplevel() on ptolemy.moml.MoMLSimpleApplication@5df42242
----------------- Done invoking toplevel() on ptolemy.moml.MoMLSimpleApplication@5df42242
reloadAllAccessors: .IterateOverArray3

===========================================================================================
----------------- testing Thu May 23 04:20:22 UTC 2019 /home/travis/build/icyphy/ptII/ptolemy/actor/lib/hoc/test/auto/IterateOverArray4.xml
----------------- Instantiating /home/travis/build/icyphy/ptII/ptolemy/actor/lib/hoc/test/auto/IterateOverArray4.xml
4 ms. Memory: 332288K Free: 279333K (84%)
----------------- Invoking toplevel() on ptolemy.moml.MoMLSimpleApplication@33b7c727
----------------- Done invoking toplevel() on ptolemy.moml.MoMLSimpleApplication@33b7c727
reloadAllAccessors: .IterateOverArray4

===========================================================================================
----------------- testing Thu May 23 04:20:22 UTC 2019 /home/travis/build/icyphy/ptII/ptolemy/actor/lib/hoc/test/auto/IterateOverArray5.xml
----------------- Instantiating /home/travis/build/icyphy/ptII/ptolemy/actor/lib/hoc/test/auto/IterateOverArray5.xml
3 ms. Memory: 332288K Free: 274428K (83%)
----------------- Invoking toplevel() on ptolemy.moml.MoMLSimpleApplication@7f95e86
----------------- Done invoking toplevel() on ptolemy.moml.MoMLSimpleApplication@7f95e86
reloadAllAccessors: .IterateOverArray5

===========================================================================================
----------------- testing Thu May 23 04:20:22 UTC 2019 /home/travis/build/icyphy/ptII/ptolemy/actor/lib/hoc/test/auto/IterateOverArray6.xml
----------------- Instantiating /home/travis/build/icyphy/ptII/ptolemy/actor/lib/hoc/test/auto/IterateOverArray6.xml
2 ms. Memory: 332288K Free: 268738K (81%)
----------------- Invoking toplevel() on ptolemy.moml.MoMLSimpleApplication@5deccbe
----------------- Done invoking toplevel() on ptolemy.moml.MoMLSimpleApplication@5deccbe
reloadAllAccessors: .IterateOverArray6

===========================================================================================
----------------- testing Thu May 23 04:20:22 UTC 2019 /home/travis/build/icyphy/ptII/ptolemy/actor/lib/hoc/test/auto/IterateOverArray7.xml
----------------- Instantiating /home/travis/build/icyphy/ptII/ptolemy/actor/lib/hoc/test/auto/IterateOverArray7.xml
9 ms. Memory: 332288K Free: 263833K (79%)
----------------- Invoking toplevel() on ptolemy.moml.MoMLSimpleApplication@243334b4
----------------- Done invoking toplevel() on ptolemy.moml.MoMLSimpleApplication@243334b4
reloadAllAccessors: .IterateOverArray7

===========================================================================================
----------------- testing Thu May 23 04:20:22 UTC 2019 /home/travis/build/icyphy/ptII/ptolemy/actor/lib/hoc/test/auto/IterateOverArray8.xml
----------------- Instantiating /home/travis/build/icyphy/ptII/ptolemy/actor/lib/hoc/test/auto/IterateOverArray8.xml
6 ms. Memory: 332288K Free: 258928K (78%)
----------------- Invoking toplevel() on ptolemy.moml.MoMLSimpleApplication@2fac3017
----------------- Done invoking toplevel() on ptolemy.moml.MoMLSimpleApplication@2fac3017
reloadAllAccessors: .IterateOverArray8

===========================================================================================
----------------- testing Thu May 23 04:20:22 UTC 2019 /home/travis/build/icyphy/ptII/ptolemy/actor/lib/hoc/test/auto/IterateOverArray9.xml
----------------- Instantiating /home/travis/build/icyphy/ptII/ptolemy/actor/lib/hoc/test/auto/IterateOverArray9.xml
4 ms. Memory: 332288K Free: 253238K (76%)
----------------- Invoking toplevel() on ptolemy.moml.MoMLSimpleApplication@6717067a
----------------- Done invoking toplevel() on ptolemy.moml.MoMLSimpleApplication@6717067a
reloadAllAccessors: .IterateOverArray9

===========================================================================================
----------------- testing Thu May 23 04:20:22 UTC 2019 /home/travis/build/icyphy/ptII/ptolemy/actor/lib/hoc/test/auto/IterateOverArrayCoercedOutputType.xml
----------------- Instantiating /home/travis/build/icyphy/ptII/ptolemy/actor/lib/hoc/test/auto/IterateOverArrayCoercedOutputType.xml
4 ms. Memory: 332288K Free: 246690K (74%)
----------------- Invoking toplevel() on ptolemy.moml.MoMLSimpleApplication@494d0ed6
----------------- Done invoking toplevel() on ptolemy.moml.MoMLSimpleApplication@494d0ed6
reloadAllAccessors: .IterateOverArrayCoercedOutputType

===========================================================================================
----------------- testing Thu May 23 04:20:22 UTC 2019 /home/travis/build/icyphy/ptII/ptolemy/actor/lib/hoc/test/auto/IterateOverArrayInferredOutputType.xml
----------------- Instantiating /home/travis/build/icyphy/ptII/ptolemy/actor/lib/hoc/test/auto/IterateOverArrayInferredOutputType.xml
14 ms. Memory: 332288K Free: 239365K (72%)
----------------- Invoking toplevel() on ptolemy.moml.MoMLSimpleApplication@4790fe0c
----------------- Done invoking toplevel() on ptolemy.moml.MoMLSimpleApplication@4790fe0c
reloadAllAccessors: .IterateOverArrayInferredOutputType

===========================================================================================
----------------- testing Thu May 23 04:20:22 UTC 2019 /home/travis/build/icyphy/ptII/ptolemy/actor/lib/hoc/test/auto/MobileFunctionTest.xml
----------------- Instantiating /home/travis/build/icyphy/ptII/ptolemy/actor/lib/hoc/test/auto/MobileFunctionTest.xml
11 ms. Memory: 332288K Free: 234444K (71%)
----------------- Invoking toplevel() on ptolemy.moml.MoMLSimpleApplication@7f552c3b
----------------- Done invoking toplevel() on ptolemy.moml.MoMLSimpleApplication@7f552c3b
reloadAllAccessors: .MobileFunctionTest

===========================================================================================
----------------- testing Thu May 23 04:20:23 UTC 2019 /home/travis/build/icyphy/ptII/ptolemy/actor/lib/hoc/test/auto/MobileModelTest.xml
----------------- Instantiating /home/travis/build/icyphy/ptII/ptolemy/actor/lib/hoc/test/auto/MobileModelTest.xml
77 ms. Memory: 332288K Free: 213084K (64%)
----------------- Invoking toplevel() on ptolemy.moml.MoMLSimpleApplication@cc8362
----------------- Done invoking toplevel() on ptolemy.moml.MoMLSimpleApplication@cc8362
reloadAllAccessors: .MobileModelTest

===========================================================================================
----------------- testing Thu May 23 04:20:23 UTC 2019 /home/travis/build/icyphy/ptII/ptolemy/actor/lib/hoc/test/auto/ModelReference.xml
----------------- Instantiating /home/travis/build/icyphy/ptII/ptolemy/actor/lib/hoc/test/auto/ModelReference.xml
3 ms. Memory: 332288K Free: 204084K (61%)
8 ms. Memory: 332288K Free: 204084K (61%)
3 ms. Memory: 332288K Free: 202433K (61%)
2 ms. Memory: 332288K Free: 202433K (61%)
6 ms. Memory: 332288K Free: 200798K (60%)
2 ms. Memory: 332288K Free: 200798K (60%)
2 ms. Memory: 332288K Free: 199163K (60%)
1 ms. Memory: 332288K Free: 199163K (60%)
1 ms. Memory: 332288K Free: 199163K (60%)
4 ms. Memory: 332288K Free: 197528K (59%)
41 ms. Memory: 332288K Free: 197528K (59%)
----------------- Invoking toplevel() on ptolemy.moml.MoMLSimpleApplication@1277ab31
----------------- Done invoking toplevel() on ptolemy.moml.MoMLSimpleApplication@1277ab31
reloadAllAccessors: .ModelReference

===========================================================================================
----------------- testing Thu May 23 04:20:23 UTC 2019 /home/travis/build/icyphy/ptII/ptolemy/actor/lib/hoc/test/auto/ModelReference3.xml
----------------- Instantiating /home/travis/build/icyphy/ptII/ptolemy/actor/lib/hoc/test/auto/ModelReference3.xml
2 ms. Memory: 332288K Free: 192615K (58%)
5 ms. Memory: 332288K Free: 190964K (57%)
2 ms. Memory: 332288K Free: 190964K (57%)
4 ms. Memory: 332288K Free: 189321K (57%)
1 ms. Memory: 332288K Free: 189321K (57%)
3 ms. Memory: 332288K Free: 187670K (56%)
1 ms. Memory: 332288K Free: 187670K (56%)
4 ms. Memory: 332288K Free: 186019K (56%)
1 ms. Memory: 332288K Free: 186019K (56%)
1 ms. Memory: 332288K Free: 184384K (55%)
36 ms. Memory: 332288K Free: 184384K (55%)
----------------- Invoking toplevel() on ptolemy.moml.MoMLSimpleApplication@36d9824e
----------------- Done invoking toplevel() on ptolemy.moml.MoMLSimpleApplication@36d9824e
reloadAllAccessors: .ModelReference3

===========================================================================================
----------------- testing Thu May 23 04:20:23 UTC 2019 /home/travis/build/icyphy/ptII/ptolemy/actor/lib/hoc/test/auto/ModelReference4.xml
----------------- Instantiating /home/travis/build/icyphy/ptII/ptolemy/actor/lib/hoc/test/auto/ModelReference4.xml
3 ms. Memory: 332288K Free: 177042K (53%)
4 ms. Memory: 332288K Free: 175407K (53%)
11 ms. Memory: 332288K Free: 173772K (52%)
2 ms. Memory: 332288K Free: 172137K (52%)
4 ms. Memory: 332288K Free: 168867K (51%)
2 ms. Memory: 332288K Free: 167232K (50%)
2 ms. Memory: 332288K Free: 165597K (50%)
11 ms. Memory: 332288K Free: 163962K (49%)
2 ms. Memory: 332288K Free: 162327K (49%)
3 ms. Memory: 332288K Free: 160692K (48%)
10028 ms. Memory: 332288K Free: 160692K (48%)
----------------- Invoking toplevel() on ptolemy.moml.MoMLSimpleApplication@f62cb82
----------------- Done invoking toplevel() on ptolemy.moml.MoMLSimpleApplication@f62cb82
reloadAllAccessors: .ModelReference4

===========================================================================================
----------------- testing Thu May 23 04:20:33 UTC 2019 /home/travis/build/icyphy/ptII/ptolemy/actor/lib/hoc/test/auto/MultiInstanceComposite.xml
----------------- Instantiating /home/travis/build/icyphy/ptII/ptolemy/actor/lib/hoc/test/auto/MultiInstanceComposite.xml
21 ms. Memory: 332288K Free: 144278K (43%)
----------------- Invoking toplevel() on ptolemy.moml.MoMLSimpleApplication@36469f9b
----------------- Done invoking toplevel() on ptolemy.moml.MoMLSimpleApplication@36469f9b
reloadAllAccessors: .MultiInstanceComposite

===========================================================================================
----------------- testing Thu May 23 04:20:33 UTC 2019 /home/travis/build/icyphy/ptII/ptolemy/actor/lib/hoc/test/auto/MultiInstanceComposite2.xml
----------------- Instantiating /home/travis/build/icyphy/ptII/ptolemy/actor/lib/hoc/test/auto/MultiInstanceComposite2.xml
13 ms. Memory: 332288K Free: 130333K (39%)
----------------- Invoking toplevel() on ptolemy.moml.MoMLSimpleApplication@2e4ea7e5
----------------- Done invoking toplevel() on ptolemy.moml.MoMLSimpleApplication@2e4ea7e5
reloadAllAccessors: .MultiInstanceComposite2

===========================================================================================
----------------- testing Thu May 23 04:20:33 UTC 2019 /home/travis/build/icyphy/ptII/ptolemy/actor/lib/hoc/test/auto/MulticoreExecution.xml
----------------- Instantiating /home/travis/build/icyphy/ptII/ptolemy/actor/lib/hoc/test/auto/MulticoreExecution.xml
Fired ExecutionTime: 4800000
Fired ExecutionTime: 2400000
Fired ExecutionTime: 2800000
Fired ExecutionTime: 2800000
Fired ExecutionTime: 2800000
Fired ExecutionTime: 2800000
Fired ExecutionTime: 4800000
Fired ExecutionTime: 2400000
Fired ExecutionTime: 2800000
Fired ExecutionTime: 3200000
Fired ExecutionTime: 2800000
Fired ExecutionTime: 3600000
Fired ExecutionTime: 2800000
Fired ExecutionTime: 3200000
Fired ExecutionTime: 4000000
Fired ExecutionTime: 2800000
Fired ExecutionTime: 2800000
Fired ExecutionTime: 2800000
Fired ExecutionTime: 2800000
Fired ExecutionTime: 2800000
1151 ms. Memory: 332288K Free: 117229K (35%)
----------------- Invoking toplevel() on ptolemy.moml.MoMLSimpleApplication@2b428173
----------------- Done invoking toplevel() on ptolemy.moml.MoMLSimpleApplication@2b428173
reloadAllAccessors: .MulticoreExecution

===========================================================================================
----------------- testing Thu May 23 04:20:34 UTC 2019 /home/travis/build/icyphy/ptII/ptolemy/actor/lib/hoc/test/auto/ParallelExecution.xml
----------------- Instantiating /home/travis/build/icyphy/ptII/ptolemy/actor/lib/hoc/test/auto/ParallelExecution.xml
923 ms. Memory: 332288K Free: 105752K (32%)
----------------- Invoking toplevel() on ptolemy.moml.MoMLSimpleApplication@36527ea4
----------------- Done invoking toplevel() on ptolemy.moml.MoMLSimpleApplication@36527ea4
reloadAllAccessors: .ParallelExecution

===========================================================================================
----------------- testing Thu May 23 04:20:35 UTC 2019 /home/travis/build/icyphy/ptII/ptolemy/actor/lib/hoc/test/auto/RunCompositeActor.xml
----------------- Instantiating /home/travis/build/icyphy/ptII/ptolemy/actor/lib/hoc/test/auto/RunCompositeActor.xml
10 ms. Memory: 332288K Free: 96784K (29%)
----------------- Invoking toplevel() on ptolemy.moml.MoMLSimpleApplication@16ac8c46
----------------- Done invoking toplevel() on ptolemy.moml.MoMLSimpleApplication@16ac8c46
reloadAllAccessors: .RunCompositeActor

===========================================================================================
----------------- testing Thu May 23 04:20:35 UTC 2019 /home/travis/build/icyphy/ptII/ptolemy/actor/lib/hoc/test/auto/RunCompositeActor2.xml
----------------- Instantiating /home/travis/build/icyphy/ptII/ptolemy/actor/lib/hoc/test/auto/RunCompositeActor2.xml
3 ms. Memory: 332288K Free: 90228K (27%)
----------------- Invoking toplevel() on ptolemy.moml.MoMLSimpleApplication@6f65505c
----------------- Done invoking toplevel() on ptolemy.moml.MoMLSimpleApplication@6f65505c
reloadAllAccessors: .RunCompositeActor2

===========================================================================================
----------------- testing Thu May 23 04:20:35 UTC 2019 /home/travis/build/icyphy/ptII/ptolemy/actor/lib/hoc/test/auto/RunCompositeActor3.xml
----------------- Instantiating /home/travis/build/icyphy/ptII/ptolemy/actor/lib/hoc/test/auto/RunCompositeActor3.xml
4 ms. Memory: 332288K Free: 82903K (25%)
----------------- Invoking toplevel() on ptolemy.moml.MoMLSimpleApplication@69dbd555
----------------- Done invoking toplevel() on ptolemy.moml.MoMLSimpleApplication@69dbd555
reloadAllAccessors: .RunCompositeActor3

===========================================================================================
----------------- testing Thu May 23 04:20:35 UTC 2019 /home/travis/build/icyphy/ptII/ptolemy/actor/lib/hoc/test/auto/RunCompositeActor4.xml
----------------- Instantiating /home/travis/build/icyphy/ptII/ptolemy/actor/lib/hoc/test/auto/RunCompositeActor4.xml
8 ms. Memory: 332800K Free: 319507K (96%)
----------------- Invoking toplevel() on ptolemy.moml.MoMLSimpleApplication@63f67b4b
----------------- Done invoking toplevel() on ptolemy.moml.MoMLSimpleApplication@63f67b4b
reloadAllAccessors: .RunCompositeActor4

===========================================================================================
----------------- testing Thu May 23 04:20:35 UTC 2019 /home/travis/build/icyphy/ptII/ptolemy/actor/lib/hoc/test/auto/RunCompositeIterateOverArray.xml
----------------- Instantiating /home/travis/build/icyphy/ptII/ptolemy/actor/lib/hoc/test/auto/RunCompositeIterateOverArray.xml
9 ms. Memory: 332800K Free: 312202K (94%)
----------------- Invoking toplevel() on ptolemy.moml.MoMLSimpleApplication@15d39e38
----------------- Done invoking toplevel() on ptolemy.moml.MoMLSimpleApplication@15d39e38
reloadAllAccessors: .RunCompositeIterateOverArray

===========================================================================================
----------------- testing Thu May 23 04:20:35 UTC 2019 /home/travis/build/icyphy/ptII/ptolemy/actor/lib/hoc/test/auto/ThreadedJS.xml
----------------- Instantiating /home/travis/build/icyphy/ptII/ptolemy/actor/lib/hoc/test/auto/ThreadedJS.xml
1724 ms. Memory: 539648K Free: 170704K (32%)
----------------- Invoking toplevel() on ptolemy.moml.MoMLSimpleApplication@6a738ecd
----------------- Done invoking toplevel() on ptolemy.moml.MoMLSimpleApplication@6a738ecd
reloadAllAccessors: .ThreadedJS
AutoTests.java: About to close Vertx.
AutoTests.java: Vertx closed.
]]></system-out>
  <system-err><![CDATA[java.lang.RuntimeException: Execution failed
	at ptolemy.moml.MoMLSimpleApplication$UnloadThread.run(MoMLSimpleApplication.java:402)
Caused by: ptolemy.kernel.util.IllegalActionException: initialize() was called after wrapup() was called but preinitialize() was not called after wrapup().
	at ptolemy.actor.lib.hoc.test.PreinitializeMustBeInvoked.initialize(PreinitializeMustBeInvoked.java:78)
	at ptolemy.actor.Director.initialize(Director.java:938)
	at ptolemy.actor.Director.initialize(Director.java:907)
	at ptolemy.actor.sched.StaticSchedulingDirector.initialize(StaticSchedulingDirector.java:159)
	at ptolemy.domains.sdf.kernel.SDFDirector.initialize(SDFDirector.java:544)
	at ptolemy.actor.CompositeActor.initialize(CompositeActor.java:935)
	at ptolemy.actor.lib.hoc.LifeCycleManager._executeInsideModel(LifeCycleManager.java:339)
	at ptolemy.actor.lib.hoc.RunCompositeActor.fire(RunCompositeActor.java:205)
	at ptolemy.actor.CompositeActor.iterate(CompositeActor.java:1146)
	at ptolemy.actor.sched.StaticSchedulingDirector.fire(StaticSchedulingDirector.java:216)
	at ptolemy.domains.sdf.kernel.SDFDirector.fire(SDFDirector.java:500)
	at ptolemy.actor.CompositeActor.fire(CompositeActor.java:455)
	at ptolemy.actor.Manager.iterate(Manager.java:851)
	at ptolemy.actor.Manager.execute(Manager.java:369)
	at ptolemy.actor.Manager.run(Manager.java:1263)
	at ptolemy.actor.Manager$PtolemyRunThread.run(Manager.java:1915)
java.lang.reflect.InvocationTargetException
	at sun.reflect.NativeConstructorAccessorImpl.newInstance0(Native Method)
	at sun.reflect.NativeConstructorAccessorImpl.newInstance(NativeConstructorAccessorImpl.java:62)
	at sun.reflect.DelegatingConstructorAccessorImpl.newInstance(DelegatingConstructorAccessorImpl.java:45)
	at java.lang.reflect.Constructor.newInstance(Constructor.java:423)
	at ptolemy.util.test.junit.AutoKnownFailedTests.RunModel(AutoKnownFailedTests.java:105)
	at sun.reflect.NativeMethodAccessorImpl.invoke0(Native Method)
	at sun.reflect.NativeMethodAccessorImpl.invoke(NativeMethodAccessorImpl.java:62)
	at sun.reflect.DelegatingMethodAccessorImpl.invoke(DelegatingMethodAccessorImpl.java:43)
	at java.lang.reflect.Method.invoke(Method.java:498)
	at org.junit.runners.model.FrameworkMethod$1.runReflectiveCall(FrameworkMethod.java:44)
	at org.junit.internal.runners.model.ReflectiveCallable.run(ReflectiveCallable.java:15)
	at org.junit.runners.model.FrameworkMethod.invokeExplosively(FrameworkMethod.java:41)
	at junitparams.internal.InvokeParameterisedMethod.evaluate(InvokeParameterisedMethod.java:102)
	at org.junit.internal.runners.statements.FailOnTimeout$1.run(FailOnTimeout.java:28)
Caused by: ptolemy.kernel.util.IllegalActionException: initialize() was called after wrapup() was called but preinitialize() was not called after wrapup().
	at ptolemy.actor.lib.hoc.test.PreinitializeMustBeInvoked.initialize(PreinitializeMustBeInvoked.java:78)
	at ptolemy.actor.Director.initialize(Director.java:938)
	at ptolemy.actor.Director.initialize(Director.java:907)
	at ptolemy.actor.sched.StaticSchedulingDirector.initialize(StaticSchedulingDirector.java:159)
	at ptolemy.domains.sdf.kernel.SDFDirector.initialize(SDFDirector.java:544)
	at ptolemy.actor.CompositeActor.initialize(CompositeActor.java:935)
	at ptolemy.actor.lib.hoc.LifeCycleManager._executeInsideModel(LifeCycleManager.java:339)
	at ptolemy.actor.lib.hoc.RunCompositeActor.fire(RunCompositeActor.java:205)
	at ptolemy.actor.CompositeActor.iterate(CompositeActor.java:1146)
	at ptolemy.actor.sched.StaticSchedulingDirector.fire(StaticSchedulingDirector.java:216)
	at ptolemy.domains.sdf.kernel.SDFDirector.fire(SDFDirector.java:500)
	at ptolemy.actor.CompositeActor.fire(CompositeActor.java:455)
	at ptolemy.actor.Manager.iterate(Manager.java:851)
	at ptolemy.actor.Manager.execute(Manager.java:369)
	at ptolemy.actor.Manager.run(Manager.java:1263)
	at ptolemy.actor.Manager$PtolemyRunThread.run(Manager.java:1915)
]]></system-err>
</testsuite>
