<?xml version="1.0" encoding="UTF-8" ?>
<testsuite errors="0" failures="0" hostname="travis-job-ca426a24-6634-4317-aaca-ba4c60359897" name="ptolemy.actor.lib.hoc.test.junit.JUnitTclTest" skipped="0" tests="58" time="23.904" timestamp="2021-12-06T02:06:25">
  <properties>
[...]
</properties>
  <testcase classname="ptolemy.util.test.junit.TclTests" name="[0] /home/travis/build/icyphy/ptII/ptolemy/actor/lib/hoc/test/IterateOverArray.tcl (RunTclFile)" time="0.258" />
  <testcase classname="ptolemy.util.test.junit.AutoKnownFailedTests" name="[0] /home/travis/build/icyphy/ptII/ptolemy/actor/lib/hoc/test/auto/knownFailedTests/PreinitializeMustBeInvokedRunComposite.xml (RunModel)" time="0.449" />
  <testcase classname="ptolemy.util.test.junit.AutoNameArchTests" name="[0] ThereAreNoAutoArchTests (RunModel)" time="0.005" />
  <testcase classname="ptolemy.util.test.junit.AutoTests" name="[0] /home/travis/build/icyphy/ptII/ptolemy/actor/lib/hoc/test/auto/AllToAllMultiInstanceComposite.xml (RunModel)" time="0.314" />
  <testcase classname="ptolemy.util.test.junit.AutoTests" name="[1] /home/travis/build/icyphy/ptII/ptolemy/actor/lib/hoc/test/auto/ApplyFFTTest.xml (RunModel)" time="0.37" />
  <testcase classname="ptolemy.util.test.junit.AutoTests" name="[2] /home/travis/build/icyphy/ptII/ptolemy/actor/lib/hoc/test/auto/ApplyFunction.xml (RunModel)" time="0.045" />
  <testcase classname="ptolemy.util.test.junit.AutoTests" name="[3] /home/travis/build/icyphy/ptII/ptolemy/actor/lib/hoc/test/auto/BackgroundExecution.xml (RunModel)" time="0.754" />
  <testcase classname="ptolemy.util.test.junit.AutoTests" name="[4] /home/travis/build/icyphy/ptII/ptolemy/actor/lib/hoc/test/auto/Case.xml (RunModel)" time="0.079" />
  <testcase classname="ptolemy.util.test.junit.AutoTests" name="[5] /home/travis/build/icyphy/ptII/ptolemy/actor/lib/hoc/test/auto/Case1.xml (RunModel)" time="0.042" />
  <testcase classname="ptolemy.util.test.junit.AutoTests" name="[6] /home/travis/build/icyphy/ptII/ptolemy/actor/lib/hoc/test/auto/Case2.xml (RunModel)" time="0.092" />
  <testcase classname="ptolemy.util.test.junit.AutoTests" name="[7] /home/travis/build/icyphy/ptII/ptolemy/actor/lib/hoc/test/auto/Case3.xml (RunModel)" time="0.056" />
  <testcase classname="ptolemy.util.test.junit.AutoTests" name="[8] /home/travis/build/icyphy/ptII/ptolemy/actor/lib/hoc/test/auto/Case4.xml (RunModel)" time="0.062" />
  <testcase classname="ptolemy.util.test.junit.AutoTests" name="[9] /home/travis/build/icyphy/ptII/ptolemy/actor/lib/hoc/test/auto/Case5.xml (RunModel)" time="0.053" />
  <testcase classname="ptolemy.util.test.junit.AutoTests" name="[10] /home/travis/build/icyphy/ptII/ptolemy/actor/lib/hoc/test/auto/Case6.xml (RunModel)" time="0.073" />
  <testcase classname="ptolemy.util.test.junit.AutoTests" name="[11] /home/travis/build/icyphy/ptII/ptolemy/actor/lib/hoc/test/auto/CaseString2.xml (RunModel)" time="0.051" />
  <testcase classname="ptolemy.util.test.junit.AutoTests" name="[12] /home/travis/build/icyphy/ptII/ptolemy/actor/lib/hoc/test/auto/CatchUpComposite1.xml (RunModel)" time="0.086" />
  <testcase classname="ptolemy.util.test.junit.AutoTests" name="[13] /home/travis/build/icyphy/ptII/ptolemy/actor/lib/hoc/test/auto/CatchUpComposite2.xml (RunModel)" time="0.067" />
  <testcase classname="ptolemy.util.test.junit.AutoTests" name="[14] /home/travis/build/icyphy/ptII/ptolemy/actor/lib/hoc/test/auto/CatchUpComposite3.xml (RunModel)" time="0.055" />
  <testcase classname="ptolemy.util.test.junit.AutoTests" name="[15] /home/travis/build/icyphy/ptII/ptolemy/actor/lib/hoc/test/auto/CatchUpComposite4.xml (RunModel)" time="0.051" />
  <testcase classname="ptolemy.util.test.junit.AutoTests" name="[16] /home/travis/build/icyphy/ptII/ptolemy/actor/lib/hoc/test/auto/CatchUpComposite5.xml (RunModel)" time="0.045" />
  <testcase classname="ptolemy.util.test.junit.AutoTests" name="[17] /home/travis/build/icyphy/ptII/ptolemy/actor/lib/hoc/test/auto/CatchUpComposite6.xml (RunModel)" time="0.165" />
  <testcase classname="ptolemy.util.test.junit.AutoTests" name="[18] /home/travis/build/icyphy/ptII/ptolemy/actor/lib/hoc/test/auto/CatchUpComposite7.xml (RunModel)" time="0.07" />
  <testcase classname="ptolemy.util.test.junit.AutoTests" name="[19] /home/travis/build/icyphy/ptII/ptolemy/actor/lib/hoc/test/auto/ConcurrentExecutionTimeSDF.xml (RunModel)" time="0.93" />
  <testcase classname="ptolemy.util.test.junit.AutoTests" name="[20] /home/travis/build/icyphy/ptII/ptolemy/actor/lib/hoc/test/auto/ConcurrentSleep.xml (RunModel)" time="0.759" />
  <testcase classname="ptolemy.util.test.junit.AutoTests" name="[21] /home/travis/build/icyphy/ptII/ptolemy/actor/lib/hoc/test/auto/DEInPNInRunCompositeActor.xml (RunModel)" time="0.028" />
  <testcase classname="ptolemy.util.test.junit.AutoTests" name="[22] /home/travis/build/icyphy/ptII/ptolemy/actor/lib/hoc/test/auto/DFTSubSetTest.xml (RunModel)" time="0.277" />
  <testcase classname="ptolemy.util.test.junit.AutoTests" name="[23] /home/travis/build/icyphy/ptII/ptolemy/actor/lib/hoc/test/auto/HocDE.xml (RunModel)" time="0.151" />
  <testcase classname="ptolemy.util.test.junit.AutoTests" name="[24] /home/travis/build/icyphy/ptII/ptolemy/actor/lib/hoc/test/auto/IterateOverArray.xml (RunModel)" time="0.024" />
  <testcase classname="ptolemy.util.test.junit.AutoTests" name="[25] /home/travis/build/icyphy/ptII/ptolemy/actor/lib/hoc/test/auto/IterateOverArray10.xml (RunModel)" time="0.03" />
  <testcase classname="ptolemy.util.test.junit.AutoTests" name="[26] /home/travis/build/icyphy/ptII/ptolemy/actor/lib/hoc/test/auto/IterateOverArray11.xml (RunModel)" time="0.022" />
  <testcase classname="ptolemy.util.test.junit.AutoTests" name="[27] /home/travis/build/icyphy/ptII/ptolemy/actor/lib/hoc/test/auto/IterateOverArray12.xml (RunModel)" time="0.039" />
  <testcase classname="ptolemy.util.test.junit.AutoTests" name="[28] /home/travis/build/icyphy/ptII/ptolemy/actor/lib/hoc/test/auto/IterateOverArray13.xml (RunModel)" time="0.138" />
  <testcase classname="ptolemy.util.test.junit.AutoTests" name="[29] /home/travis/build/icyphy/ptII/ptolemy/actor/lib/hoc/test/auto/IterateOverArray14.xml (RunModel)" time="0.122" />
  <testcase classname="ptolemy.util.test.junit.AutoTests" name="[30] /home/travis/build/icyphy/ptII/ptolemy/actor/lib/hoc/test/auto/IterateOverArray2.xml (RunModel)" time="0.021" />
  <testcase classname="ptolemy.util.test.junit.AutoTests" name="[31] /home/travis/build/icyphy/ptII/ptolemy/actor/lib/hoc/test/auto/IterateOverArray3.xml (RunModel)" time="0.039" />
  <testcase classname="ptolemy.util.test.junit.AutoTests" name="[32] /home/travis/build/icyphy/ptII/ptolemy/actor/lib/hoc/test/auto/IterateOverArray4.xml (RunModel)" time="0.019" />
  <testcase classname="ptolemy.util.test.junit.AutoTests" name="[33] /home/travis/build/icyphy/ptII/ptolemy/actor/lib/hoc/test/auto/IterateOverArray5.xml (RunModel)" time="0.023" />
  <testcase classname="ptolemy.util.test.junit.AutoTests" name="[34] /home/travis/build/icyphy/ptII/ptolemy/actor/lib/hoc/test/auto/IterateOverArray6.xml (RunModel)" time="0.019" />
  <testcase classname="ptolemy.util.test.junit.AutoTests" name="[35] /home/travis/build/icyphy/ptII/ptolemy/actor/lib/hoc/test/auto/IterateOverArray7.xml (RunModel)" time="0.018" />
  <testcase classname="ptolemy.util.test.junit.AutoTests" name="[36] /home/travis/build/icyphy/ptII/ptolemy/actor/lib/hoc/test/auto/IterateOverArray8.xml (RunModel)" time="0.02" />
  <testcase classname="ptolemy.util.test.junit.AutoTests" name="[37] /home/travis/build/icyphy/ptII/ptolemy/actor/lib/hoc/test/auto/IterateOverArray9.xml (RunModel)" time="0.026" />
  <testcase classname="ptolemy.util.test.junit.AutoTests" name="[38] /home/travis/build/icyphy/ptII/ptolemy/actor/lib/hoc/test/auto/IterateOverArrayCoercedOutputType.xml (RunModel)" time="0.04" />
  <testcase classname="ptolemy.util.test.junit.AutoTests" name="[39] /home/travis/build/icyphy/ptII/ptolemy/actor/lib/hoc/test/auto/IterateOverArrayInferredOutputType.xml (RunModel)" time="0.018" />
  <testcase classname="ptolemy.util.test.junit.AutoTests" name="[40] /home/travis/build/icyphy/ptII/ptolemy/actor/lib/hoc/test/auto/MobileFunctionTest.xml (RunModel)" time="0.018" />
  <testcase classname="ptolemy.util.test.junit.AutoTests" name="[41] /home/travis/build/icyphy/ptII/ptolemy/actor/lib/hoc/test/auto/MobileModelTest.xml (RunModel)" time="0.131" />
  <testcase classname="ptolemy.util.test.junit.AutoTests" name="[42] /home/travis/build/icyphy/ptII/ptolemy/actor/lib/hoc/test/auto/ModelReference.xml (RunModel)" time="0.059" />
  <testcase classname="ptolemy.util.test.junit.AutoTests" name="[43] /home/travis/build/icyphy/ptII/ptolemy/actor/lib/hoc/test/auto/ModelReference3.xml (RunModel)" time="0.037" />
  <testcase classname="ptolemy.util.test.junit.AutoTests" name="[44] /home/travis/build/icyphy/ptII/ptolemy/actor/lib/hoc/test/auto/ModelReference4.xml (RunModel)" time="10.031" />
  <testcase classname="ptolemy.util.test.junit.AutoTests" name="[45] /home/travis/build/icyphy/ptII/ptolemy/actor/lib/hoc/test/auto/MultiInstanceComposite.xml (RunModel)" time="0.043" />
  <testcase classname="ptolemy.util.test.junit.AutoTests" name="[46] /home/travis/build/icyphy/ptII/ptolemy/actor/lib/hoc/test/auto/MultiInstanceComposite2.xml (RunModel)" time="0.035" />
  <testcase classname="ptolemy.util.test.junit.AutoTests" name="[47] /home/travis/build/icyphy/ptII/ptolemy/actor/lib/hoc/test/auto/MulticoreExecution.xml (RunModel)" time="1.108" />
  <testcase classname="ptolemy.util.test.junit.AutoTests" name="[48] /home/travis/build/icyphy/ptII/ptolemy/actor/lib/hoc/test/auto/ParallelExecution.xml (RunModel)" time="0.942" />
  <testcase classname="ptolemy.util.test.junit.AutoTests" name="[49] /home/travis/build/icyphy/ptII/ptolemy/actor/lib/hoc/test/auto/RunCompositeActor.xml (RunModel)" time="0.021" />
  <testcase classname="ptolemy.util.test.junit.AutoTests" name="[50] /home/travis/build/icyphy/ptII/ptolemy/actor/lib/hoc/test/auto/RunCompositeActor2.xml (RunModel)" time="0.017" />
  <testcase classname="ptolemy.util.test.junit.AutoTests" name="[51] /home/travis/build/icyphy/ptII/ptolemy/actor/lib/hoc/test/auto/RunCompositeActor3.xml (RunModel)" time="0.019" />
  <testcase classname="ptolemy.util.test.junit.AutoTests" name="[52] /home/travis/build/icyphy/ptII/ptolemy/actor/lib/hoc/test/auto/RunCompositeActor4.xml (RunModel)" time="0.024" />
  <testcase classname="ptolemy.util.test.junit.AutoTests" name="[53] /home/travis/build/icyphy/ptII/ptolemy/actor/lib/hoc/test/auto/RunCompositeIterateOverArray.xml (RunModel)" time="0.035" />
  <testcase classname="ptolemy.util.test.junit.AutoTests" name="[54] /home/travis/build/icyphy/ptII/ptolemy/actor/lib/hoc/test/auto/ThreadedJS.xml (RunModel)" time="4.804" />
  <system-out><![CDATA[/home/travis/build/icyphy/ptII/ptolemy/actor/lib/hoc/test/IterateOverArray.tcl
testDefs.tcl: setting time out to 9000 seconds at Mon Dec 06 02:06:25 UTC 2021
12/06/21 02:06:25
Failed: 0  Total Tests: 2  ((Passed: 2, Newly Passed: 0)  Known Failed: 0) /home/travis/build/icyphy/ptII/ptolemy/actor/lib/hoc/test
----------------- testing (KnownFailure) /home/travis/build/icyphy/ptII/ptolemy/actor/lib/hoc/test/auto/knownFailedTests/PreinitializeMustBeInvokedRunComposite.xml
126 ms. Memory: 129024K Free: 85935K (67%)
Known Failure: java.lang.reflect.InvocationTargetException
No auto/linux-amd64/*.xml tests in /home/travis/build/icyphy/ptII/ptolemy/actor/lib/hoc/test
AutoTests.java: About to close Vertx.
AutoTests.java: Vertx closed.

===========================================================================================
----------------- testing Mon Dec 06 02:06:26 UTC 2021 /home/travis/build/icyphy/ptII/ptolemy/actor/lib/hoc/test/auto/AllToAllMultiInstanceComposite.xml
----------------- Instantiating /home/travis/build/icyphy/ptII/ptolemy/actor/lib/hoc/test/auto/AllToAllMultiInstanceComposite.xml
138 ms. Memory: 129024K Free: 103951K (81%)
----------------- Invoking toplevel() on ptolemy.moml.MoMLSimpleApplication@7700bd3d
----------------- Done invoking toplevel() on ptolemy.moml.MoMLSimpleApplication@7700bd3d
reloadAllAccessors: .AllToAllMultiInstanceComposite

===========================================================================================
----------------- testing Mon Dec 06 02:06:26 UTC 2021 /home/travis/build/icyphy/ptII/ptolemy/actor/lib/hoc/test/auto/ApplyFFTTest.xml
----------------- Instantiating /home/travis/build/icyphy/ptII/ptolemy/actor/lib/hoc/test/auto/ApplyFFTTest.xml
138 ms. Memory: 129024K Free: 85340K (66%)
----------------- Invoking toplevel() on ptolemy.moml.MoMLSimpleApplication@5bc9f35
----------------- Done invoking toplevel() on ptolemy.moml.MoMLSimpleApplication@5bc9f35
reloadAllAccessors: .ApplyFFTTest

===========================================================================================
----------------- testing Mon Dec 06 02:06:27 UTC 2021 /home/travis/build/icyphy/ptII/ptolemy/actor/lib/hoc/test/auto/ApplyFunction.xml
----------------- Instantiating /home/travis/build/icyphy/ptII/ptolemy/actor/lib/hoc/test/auto/ApplyFunction.xml
7 ms. Memory: 129024K Free: 81805K (63%)
----------------- Invoking toplevel() on ptolemy.moml.MoMLSimpleApplication@16bb3a68
----------------- Done invoking toplevel() on ptolemy.moml.MoMLSimpleApplication@16bb3a68
reloadAllAccessors: .ApplyFunction

===========================================================================================
----------------- testing Mon Dec 06 02:06:27 UTC 2021 /home/travis/build/icyphy/ptII/ptolemy/actor/lib/hoc/test/auto/BackgroundExecution.xml
----------------- Instantiating /home/travis/build/icyphy/ptII/ptolemy/actor/lib/hoc/test/auto/BackgroundExecution.xml
630 ms. Memory: 129024K Free: 110598K (86%)
----------------- Invoking toplevel() on ptolemy.moml.MoMLSimpleApplication@3de391ae
----------------- Done invoking toplevel() on ptolemy.moml.MoMLSimpleApplication@3de391ae
reloadAllAccessors: .BackgroundExecution

===========================================================================================
----------------- testing Mon Dec 06 02:06:28 UTC 2021 /home/travis/build/icyphy/ptII/ptolemy/actor/lib/hoc/test/auto/Case.xml
----------------- Instantiating /home/travis/build/icyphy/ptII/ptolemy/actor/lib/hoc/test/auto/Case.xml
24 ms. Memory: 129024K Free: 103130K (80%)
----------------- Invoking toplevel() on ptolemy.moml.MoMLSimpleApplication@3edf3dd2
----------------- Done invoking toplevel() on ptolemy.moml.MoMLSimpleApplication@3edf3dd2
reloadAllAccessors: .Case

===========================================================================================
----------------- testing Mon Dec 06 02:06:28 UTC 2021 /home/travis/build/icyphy/ptII/ptolemy/actor/lib/hoc/test/auto/Case1.xml
----------------- Instantiating /home/travis/build/icyphy/ptII/ptolemy/actor/lib/hoc/test/auto/Case1.xml
10 ms. Memory: 129024K Free: 96725K (75%)
----------------- Invoking toplevel() on ptolemy.moml.MoMLSimpleApplication@2fe2dccb
----------------- Done invoking toplevel() on ptolemy.moml.MoMLSimpleApplication@2fe2dccb
reloadAllAccessors: .Case1

===========================================================================================
----------------- testing Mon Dec 06 02:06:28 UTC 2021 /home/travis/build/icyphy/ptII/ptolemy/actor/lib/hoc/test/auto/Case2.xml
----------------- Instantiating /home/travis/build/icyphy/ptII/ptolemy/actor/lib/hoc/test/auto/Case2.xml
48 ms. Memory: 129024K Free: 86285K (67%)
----------------- Invoking toplevel() on ptolemy.moml.MoMLSimpleApplication@3fa3f850
----------------- Done invoking toplevel() on ptolemy.moml.MoMLSimpleApplication@3fa3f850
reloadAllAccessors: .Case2

===========================================================================================
----------------- testing Mon Dec 06 02:06:28 UTC 2021 /home/travis/build/icyphy/ptII/ptolemy/actor/lib/hoc/test/auto/Case3.xml
----------------- Instantiating /home/travis/build/icyphy/ptII/ptolemy/actor/lib/hoc/test/auto/Case3.xml
15 ms. Memory: 129024K Free: 80341K (62%)
----------------- Invoking toplevel() on ptolemy.moml.MoMLSimpleApplication@5c35516b
----------------- Done invoking toplevel() on ptolemy.moml.MoMLSimpleApplication@5c35516b
reloadAllAccessors: .Case3

===========================================================================================
----------------- testing Mon Dec 06 02:06:28 UTC 2021 /home/travis/build/icyphy/ptII/ptolemy/actor/lib/hoc/test/auto/Case4.xml
----------------- Instantiating /home/travis/build/icyphy/ptII/ptolemy/actor/lib/hoc/test/auto/Case4.xml
20 ms. Memory: 129024K Free: 72919K (57%)
----------------- Invoking toplevel() on ptolemy.moml.MoMLSimpleApplication@4672e169
----------------- Done invoking toplevel() on ptolemy.moml.MoMLSimpleApplication@4672e169
reloadAllAccessors: .Case4

===========================================================================================
----------------- testing Mon Dec 06 02:06:28 UTC 2021 /home/travis/build/icyphy/ptII/ptolemy/actor/lib/hoc/test/auto/Case5.xml
----------------- Instantiating /home/travis/build/icyphy/ptII/ptolemy/actor/lib/hoc/test/auto/Case5.xml
29 ms. Memory: 129024K Free: 112763K (87%)
----------------- Invoking toplevel() on ptolemy.moml.MoMLSimpleApplication@1edde193
----------------- Done invoking toplevel() on ptolemy.moml.MoMLSimpleApplication@1edde193
reloadAllAccessors: .junk

===========================================================================================
----------------- testing Mon Dec 06 02:06:28 UTC 2021 /home/travis/build/icyphy/ptII/ptolemy/actor/lib/hoc/test/auto/Case6.xml
----------------- Instantiating /home/travis/build/icyphy/ptII/ptolemy/actor/lib/hoc/test/auto/Case6.xml
33 ms. Memory: 129024K Free: 100923K (78%)
----------------- Invoking toplevel() on ptolemy.moml.MoMLSimpleApplication@3e230707
----------------- Done invoking toplevel() on ptolemy.moml.MoMLSimpleApplication@3e230707
reloadAllAccessors: .Case6

===========================================================================================
----------------- testing Mon Dec 06 02:06:28 UTC 2021 /home/travis/build/icyphy/ptII/ptolemy/actor/lib/hoc/test/auto/CaseString2.xml
----------------- Instantiating /home/travis/build/icyphy/ptII/ptolemy/actor/lib/hoc/test/auto/CaseString2.xml
15 ms. Memory: 129024K Free: 93382K (72%)
----------------- Invoking toplevel() on ptolemy.moml.MoMLSimpleApplication@1fc2cc50
----------------- Done invoking toplevel() on ptolemy.moml.MoMLSimpleApplication@1fc2cc50
reloadAllAccessors: .CaseString2

===========================================================================================
----------------- testing Mon Dec 06 02:06:28 UTC 2021 /home/travis/build/icyphy/ptII/ptolemy/actor/lib/hoc/test/auto/CatchUpComposite1.xml
----------------- Instantiating /home/travis/build/icyphy/ptII/ptolemy/actor/lib/hoc/test/auto/CatchUpComposite1.xml
31 ms. Memory: 129024K Free: 84509K (65%)
----------------- Invoking toplevel() on ptolemy.moml.MoMLSimpleApplication@48e94cb
----------------- Done invoking toplevel() on ptolemy.moml.MoMLSimpleApplication@48e94cb
reloadAllAccessors: .CatchUpComposite1

===========================================================================================
----------------- testing Mon Dec 06 02:06:28 UTC 2021 /home/travis/build/icyphy/ptII/ptolemy/actor/lib/hoc/test/auto/CatchUpComposite2.xml
----------------- Instantiating /home/travis/build/icyphy/ptII/ptolemy/actor/lib/hoc/test/auto/CatchUpComposite2.xml
16 ms. Memory: 129024K Free: 76347K (59%)
----------------- Invoking toplevel() on ptolemy.moml.MoMLSimpleApplication@4777296b
----------------- Done invoking toplevel() on ptolemy.moml.MoMLSimpleApplication@4777296b
reloadAllAccessors: .CatchUpComposite2

===========================================================================================
----------------- testing Mon Dec 06 02:06:28 UTC 2021 /home/travis/build/icyphy/ptII/ptolemy/actor/lib/hoc/test/auto/CatchUpComposite3.xml
----------------- Instantiating /home/travis/build/icyphy/ptII/ptolemy/actor/lib/hoc/test/auto/CatchUpComposite3.xml
18 ms. Memory: 129024K Free: 67852K (53%)
----------------- Invoking toplevel() on ptolemy.moml.MoMLSimpleApplication@7df969d8
----------------- Done invoking toplevel() on ptolemy.moml.MoMLSimpleApplication@7df969d8
reloadAllAccessors: .CatchUpComposite3

===========================================================================================
----------------- testing Mon Dec 06 02:06:28 UTC 2021 /home/travis/build/icyphy/ptII/ptolemy/actor/lib/hoc/test/auto/CatchUpComposite4.xml
----------------- Instantiating /home/travis/build/icyphy/ptII/ptolemy/actor/lib/hoc/test/auto/CatchUpComposite4.xml
14 ms. Memory: 129024K Free: 60250K (47%)
----------------- Invoking toplevel() on ptolemy.moml.MoMLSimpleApplication@28fe45d8
----------------- Done invoking toplevel() on ptolemy.moml.MoMLSimpleApplication@28fe45d8
reloadAllAccessors: .CatchUpComposite4

===========================================================================================
----------------- testing Mon Dec 06 02:06:28 UTC 2021 /home/travis/build/icyphy/ptII/ptolemy/actor/lib/hoc/test/auto/CatchUpComposite5.xml
----------------- Instantiating /home/travis/build/icyphy/ptII/ptolemy/actor/lib/hoc/test/auto/CatchUpComposite5.xml
7 ms. Memory: 129024K Free: 109544K (85%)
----------------- Invoking toplevel() on ptolemy.moml.MoMLSimpleApplication@7c21f0ce
----------------- Done invoking toplevel() on ptolemy.moml.MoMLSimpleApplication@7c21f0ce
reloadAllAccessors: .CatchUpComposite5

===========================================================================================
----------------- testing Mon Dec 06 02:06:28 UTC 2021 /home/travis/build/icyphy/ptII/ptolemy/actor/lib/hoc/test/auto/CatchUpComposite6.xml
----------------- Instantiating /home/travis/build/icyphy/ptII/ptolemy/actor/lib/hoc/test/auto/CatchUpComposite6.xml
WARNING: The execution aspects in this model can influence the timing of actors by delaying the 
execution, potentially changing the behavior. There is no guarantee that actors fire at the 
time they request to be fired. 
Use Ptides for deterministic DE behavior that is not influenced by execution aspects. 

87 ms. Memory: 129024K Free: 94959K (74%)
----------------- Invoking toplevel() on ptolemy.moml.MoMLSimpleApplication@584816d9
----------------- Done invoking toplevel() on ptolemy.moml.MoMLSimpleApplication@584816d9
reloadAllAccessors: .CatchUpComposite6

===========================================================================================
----------------- testing Mon Dec 06 02:06:29 UTC 2021 /home/travis/build/icyphy/ptII/ptolemy/actor/lib/hoc/test/auto/CatchUpComposite7.xml
----------------- Instantiating /home/travis/build/icyphy/ptII/ptolemy/actor/lib/hoc/test/auto/CatchUpComposite7.xml
WARNING: The execution aspects in this model can influence the timing of actors by delaying the 
execution, potentially changing the behavior. There is no guarantee that actors fire at the 
time they request to be fired. 
Use Ptides for deterministic DE behavior that is not influenced by execution aspects. 

22 ms. Memory: 129024K Free: 80979K (63%)
----------------- Invoking toplevel() on ptolemy.moml.MoMLSimpleApplication@2d705ea8
----------------- Done invoking toplevel() on ptolemy.moml.MoMLSimpleApplication@2d705ea8
reloadAllAccessors: .CatchUpComposite7

===========================================================================================
----------------- testing Mon Dec 06 02:06:29 UTC 2021 /home/travis/build/icyphy/ptII/ptolemy/actor/lib/hoc/test/auto/ConcurrentExecutionTimeSDF.xml
----------------- Instantiating /home/travis/build/icyphy/ptII/ptolemy/actor/lib/hoc/test/auto/ConcurrentExecutionTimeSDF.xml
Fired ExecutionTime: 40400000
Fired ExecutionTime: 40400000
Fired ExecutionTime: 40400000
Fired ExecutionTime: 40400000
Fired ExecutionTime: 40400000
Fired ExecutionTime: 40400000
Fired ExecutionTime: 40400000
Fired ExecutionTime: 40400000
Fired ExecutionTime: 40400000
Fired ExecutionTime: 40400000
Fired ExecutionTime: 40400000
Fired ExecutionTime: 40400000
Fired ExecutionTime: 40400000
Fired ExecutionTime: 40400000
Fired ExecutionTime: 40400000
Fired ExecutionTime: 40400000
Fired ExecutionTime: 40400000
Fired ExecutionTime: 40400000
Fired ExecutionTime: 40400000
Fired ExecutionTime: 40400000
900 ms. Memory: 129024K Free: 74143K (57%)
----------------- Invoking toplevel() on ptolemy.moml.MoMLSimpleApplication@34497f53
----------------- Done invoking toplevel() on ptolemy.moml.MoMLSimpleApplication@34497f53
reloadAllAccessors: .ConcurrentExecutionTimeSDF

===========================================================================================
----------------- testing Mon Dec 06 02:06:30 UTC 2021 /home/travis/build/icyphy/ptII/ptolemy/actor/lib/hoc/test/auto/ConcurrentSleep.xml
----------------- Instantiating /home/travis/build/icyphy/ptII/ptolemy/actor/lib/hoc/test/auto/ConcurrentSleep.xml
730 ms. Memory: 129024K Free: 63904K (50%)
----------------- Invoking toplevel() on ptolemy.moml.MoMLSimpleApplication@105f5abb
----------------- Done invoking toplevel() on ptolemy.moml.MoMLSimpleApplication@105f5abb
reloadAllAccessors: .ConcurrentSleep

===========================================================================================
----------------- testing Mon Dec 06 02:06:30 UTC 2021 /home/travis/build/icyphy/ptII/ptolemy/actor/lib/hoc/test/auto/DEInPNInRunCompositeActor.xml
----------------- Instantiating /home/travis/build/icyphy/ptII/ptolemy/actor/lib/hoc/test/auto/DEInPNInRunCompositeActor.xml
11 ms. Memory: 129024K Free: 58381K (45%)
----------------- Invoking toplevel() on ptolemy.moml.MoMLSimpleApplication@72d6212b
----------------- Done invoking toplevel() on ptolemy.moml.MoMLSimpleApplication@72d6212b
reloadAllAccessors: .DEInPNInRunCompositeActor

===========================================================================================
----------------- testing Mon Dec 06 02:06:30 UTC 2021 /home/travis/build/icyphy/ptII/ptolemy/actor/lib/hoc/test/auto/DFTSubSetTest.xml
----------------- Instantiating /home/travis/build/icyphy/ptII/ptolemy/actor/lib/hoc/test/auto/DFTSubSetTest.xml
180 ms. Memory: 129024K Free: 82052K (64%)
----------------- Invoking toplevel() on ptolemy.moml.MoMLSimpleApplication@2f032e0f
----------------- Done invoking toplevel() on ptolemy.moml.MoMLSimpleApplication@2f032e0f
reloadAllAccessors: .DFTSubSetTest

===========================================================================================
----------------- testing Mon Dec 06 02:06:31 UTC 2021 /home/travis/build/icyphy/ptII/ptolemy/actor/lib/hoc/test/auto/HocDE.xml
----------------- Instantiating /home/travis/build/icyphy/ptII/ptolemy/actor/lib/hoc/test/auto/HocDE.xml
111 ms. Memory: 129024K Free: 56925K (44%)
----------------- Invoking toplevel() on ptolemy.moml.MoMLSimpleApplication@3ed2d78
----------------- Done invoking toplevel() on ptolemy.moml.MoMLSimpleApplication@3ed2d78
reloadAllAccessors: .HocDE

===========================================================================================
----------------- testing Mon Dec 06 02:06:31 UTC 2021 /home/travis/build/icyphy/ptII/ptolemy/actor/lib/hoc/test/auto/IterateOverArray.xml
----------------- Instantiating /home/travis/build/icyphy/ptII/ptolemy/actor/lib/hoc/test/auto/IterateOverArray.xml
5 ms. Memory: 129024K Free: 52887K (41%)
----------------- Invoking toplevel() on ptolemy.moml.MoMLSimpleApplication@324307d3
----------------- Done invoking toplevel() on ptolemy.moml.MoMLSimpleApplication@324307d3
reloadAllAccessors: .IterateOverArray

===========================================================================================
----------------- testing Mon Dec 06 02:06:31 UTC 2021 /home/travis/build/icyphy/ptII/ptolemy/actor/lib/hoc/test/auto/IterateOverArray10.xml
----------------- Instantiating /home/travis/build/icyphy/ptII/ptolemy/actor/lib/hoc/test/auto/IterateOverArray10.xml
2 ms. Memory: 129024K Free: 49262K (38%)
----------------- Invoking toplevel() on ptolemy.moml.MoMLSimpleApplication@7699377a
----------------- Done invoking toplevel() on ptolemy.moml.MoMLSimpleApplication@7699377a
reloadAllAccessors: .IterateOverArray10

===========================================================================================
----------------- testing Mon Dec 06 02:06:31 UTC 2021 /home/travis/build/icyphy/ptII/ptolemy/actor/lib/hoc/test/auto/IterateOverArray11.xml
----------------- Instantiating /home/travis/build/icyphy/ptII/ptolemy/actor/lib/hoc/test/auto/IterateOverArray11.xml
5 ms. Memory: 129024K Free: 45188K (35%)
----------------- Invoking toplevel() on ptolemy.moml.MoMLSimpleApplication@353bde6b
----------------- Done invoking toplevel() on ptolemy.moml.MoMLSimpleApplication@353bde6b
reloadAllAccessors: .IterateOverArray11

===========================================================================================
----------------- testing Mon Dec 06 02:06:31 UTC 2021 /home/travis/build/icyphy/ptII/ptolemy/actor/lib/hoc/test/auto/IterateOverArray12.xml
----------------- Instantiating /home/travis/build/icyphy/ptII/ptolemy/actor/lib/hoc/test/auto/IterateOverArray12.xml
10 ms. Memory: 155648K Free: 136837K (88%)
----------------- Invoking toplevel() on ptolemy.moml.MoMLSimpleApplication@4891b2bd
----------------- Done invoking toplevel() on ptolemy.moml.MoMLSimpleApplication@4891b2bd
reloadAllAccessors: .IterateOverArray12

===========================================================================================
----------------- testing Mon Dec 06 02:06:31 UTC 2021 /home/travis/build/icyphy/ptII/ptolemy/actor/lib/hoc/test/auto/IterateOverArray13.xml
----------------- Instantiating /home/travis/build/icyphy/ptII/ptolemy/actor/lib/hoc/test/auto/IterateOverArray13.xml
57 ms. Memory: 155648K Free: 107141K (69%)
----------------- Invoking toplevel() on ptolemy.moml.MoMLSimpleApplication@228637cc
----------------- Done invoking toplevel() on ptolemy.moml.MoMLSimpleApplication@228637cc
reloadAllAccessors: .IterateOverArray13

===========================================================================================
----------------- testing Mon Dec 06 02:06:31 UTC 2021 /home/travis/build/icyphy/ptII/ptolemy/actor/lib/hoc/test/auto/IterateOverArray14.xml
----------------- Instantiating /home/travis/build/icyphy/ptII/ptolemy/actor/lib/hoc/test/auto/IterateOverArray14.xml
54 ms. Memory: 155648K Free: 74883K (48%)
----------------- Invoking toplevel() on ptolemy.moml.MoMLSimpleApplication@75021853
----------------- Done invoking toplevel() on ptolemy.moml.MoMLSimpleApplication@75021853
reloadAllAccessors: .IterateOverArray14

===========================================================================================
----------------- testing Mon Dec 06 02:06:31 UTC 2021 /home/travis/build/icyphy/ptII/ptolemy/actor/lib/hoc/test/auto/IterateOverArray2.xml
----------------- Instantiating /home/travis/build/icyphy/ptII/ptolemy/actor/lib/hoc/test/auto/IterateOverArray2.xml
4 ms. Memory: 155648K Free: 70277K (45%)
----------------- Invoking toplevel() on ptolemy.moml.MoMLSimpleApplication@7ac060cf
----------------- Done invoking toplevel() on ptolemy.moml.MoMLSimpleApplication@7ac060cf
reloadAllAccessors: .IterateOverArray2

===========================================================================================
----------------- testing Mon Dec 06 02:06:31 UTC 2021 /home/travis/build/icyphy/ptII/ptolemy/actor/lib/hoc/test/auto/IterateOverArray3.xml
----------------- Instantiating /home/travis/build/icyphy/ptII/ptolemy/actor/lib/hoc/test/auto/IterateOverArray3.xml
16 ms. Memory: 155648K Free: 64133K (41%)
----------------- Invoking toplevel() on ptolemy.moml.MoMLSimpleApplication@5fb8ee7c
----------------- Done invoking toplevel() on ptolemy.moml.MoMLSimpleApplication@5fb8ee7c
reloadAllAccessors: .IterateOverArray3

===========================================================================================
----------------- testing Mon Dec 06 02:06:31 UTC 2021 /home/travis/build/icyphy/ptII/ptolemy/actor/lib/hoc/test/auto/IterateOverArray4.xml
----------------- Instantiating /home/travis/build/icyphy/ptII/ptolemy/actor/lib/hoc/test/auto/IterateOverArray4.xml
4 ms. Memory: 155648K Free: 60037K (39%)
----------------- Invoking toplevel() on ptolemy.moml.MoMLSimpleApplication@3dc00ce6
----------------- Done invoking toplevel() on ptolemy.moml.MoMLSimpleApplication@3dc00ce6
reloadAllAccessors: .IterateOverArray4

===========================================================================================
----------------- testing Mon Dec 06 02:06:31 UTC 2021 /home/travis/build/icyphy/ptII/ptolemy/actor/lib/hoc/test/auto/IterateOverArray5.xml
----------------- Instantiating /home/travis/build/icyphy/ptII/ptolemy/actor/lib/hoc/test/auto/IterateOverArray5.xml
6 ms. Memory: 155648K Free: 136573K (88%)
----------------- Invoking toplevel() on ptolemy.moml.MoMLSimpleApplication@6a4ec4e7
----------------- Done invoking toplevel() on ptolemy.moml.MoMLSimpleApplication@6a4ec4e7
reloadAllAccessors: .IterateOverArray5

===========================================================================================
----------------- testing Mon Dec 06 02:06:31 UTC 2021 /home/travis/build/icyphy/ptII/ptolemy/actor/lib/hoc/test/auto/IterateOverArray6.xml
----------------- Instantiating /home/travis/build/icyphy/ptII/ptolemy/actor/lib/hoc/test/auto/IterateOverArray6.xml
2 ms. Memory: 155648K Free: 132987K (85%)
----------------- Invoking toplevel() on ptolemy.moml.MoMLSimpleApplication@306cfa5e
----------------- Done invoking toplevel() on ptolemy.moml.MoMLSimpleApplication@306cfa5e
reloadAllAccessors: .IterateOverArray6

===========================================================================================
----------------- testing Mon Dec 06 02:06:31 UTC 2021 /home/travis/build/icyphy/ptII/ptolemy/actor/lib/hoc/test/auto/IterateOverArray7.xml
----------------- Instantiating /home/travis/build/icyphy/ptII/ptolemy/actor/lib/hoc/test/auto/IterateOverArray7.xml
4 ms. Memory: 155648K Free: 128381K (82%)
----------------- Invoking toplevel() on ptolemy.moml.MoMLSimpleApplication@162a9b42
----------------- Done invoking toplevel() on ptolemy.moml.MoMLSimpleApplication@162a9b42
reloadAllAccessors: .IterateOverArray7

===========================================================================================
----------------- testing Mon Dec 06 02:06:31 UTC 2021 /home/travis/build/icyphy/ptII/ptolemy/actor/lib/hoc/test/auto/IterateOverArray8.xml
----------------- Instantiating /home/travis/build/icyphy/ptII/ptolemy/actor/lib/hoc/test/auto/IterateOverArray8.xml
3 ms. Memory: 155648K Free: 124285K (80%)
----------------- Invoking toplevel() on ptolemy.moml.MoMLSimpleApplication@5b1ebb6d
----------------- Done invoking toplevel() on ptolemy.moml.MoMLSimpleApplication@5b1ebb6d
reloadAllAccessors: .IterateOverArray8

===========================================================================================
----------------- testing Mon Dec 06 02:06:31 UTC 2021 /home/travis/build/icyphy/ptII/ptolemy/actor/lib/hoc/test/auto/IterateOverArray9.xml
----------------- Instantiating /home/travis/build/icyphy/ptII/ptolemy/actor/lib/hoc/test/auto/IterateOverArray9.xml
5 ms. Memory: 155648K Free: 120187K (77%)
----------------- Invoking toplevel() on ptolemy.moml.MoMLSimpleApplication@4ebc363
----------------- Done invoking toplevel() on ptolemy.moml.MoMLSimpleApplication@4ebc363
reloadAllAccessors: .IterateOverArray9

===========================================================================================
----------------- testing Mon Dec 06 02:06:31 UTC 2021 /home/travis/build/icyphy/ptII/ptolemy/actor/lib/hoc/test/auto/IterateOverArrayCoercedOutputType.xml
----------------- Instantiating /home/travis/build/icyphy/ptII/ptolemy/actor/lib/hoc/test/auto/IterateOverArrayCoercedOutputType.xml
4 ms. Memory: 155648K Free: 115069K (74%)
----------------- Invoking toplevel() on ptolemy.moml.MoMLSimpleApplication@4a16cd26
----------------- Done invoking toplevel() on ptolemy.moml.MoMLSimpleApplication@4a16cd26
reloadAllAccessors: .IterateOverArrayCoercedOutputType

===========================================================================================
----------------- testing Mon Dec 06 02:06:31 UTC 2021 /home/travis/build/icyphy/ptII/ptolemy/actor/lib/hoc/test/auto/IterateOverArrayInferredOutputType.xml
----------------- Instantiating /home/travis/build/icyphy/ptII/ptolemy/actor/lib/hoc/test/auto/IterateOverArrayInferredOutputType.xml
3 ms. Memory: 155648K Free: 110459K (71%)
----------------- Invoking toplevel() on ptolemy.moml.MoMLSimpleApplication@552b6289
----------------- Done invoking toplevel() on ptolemy.moml.MoMLSimpleApplication@552b6289
reloadAllAccessors: .IterateOverArrayInferredOutputType

===========================================================================================
----------------- testing Mon Dec 06 02:06:31 UTC 2021 /home/travis/build/icyphy/ptII/ptolemy/actor/lib/hoc/test/auto/MobileFunctionTest.xml
----------------- Instantiating /home/travis/build/icyphy/ptII/ptolemy/actor/lib/hoc/test/auto/MobileFunctionTest.xml
2 ms. Memory: 155648K Free: 105853K (68%)
----------------- Invoking toplevel() on ptolemy.moml.MoMLSimpleApplication@41c20cbb
----------------- Done invoking toplevel() on ptolemy.moml.MoMLSimpleApplication@41c20cbb
reloadAllAccessors: .MobileFunctionTest

===========================================================================================
----------------- testing Mon Dec 06 02:06:31 UTC 2021 /home/travis/build/icyphy/ptII/ptolemy/actor/lib/hoc/test/auto/MobileModelTest.xml
----------------- Instantiating /home/travis/build/icyphy/ptII/ptolemy/actor/lib/hoc/test/auto/MobileModelTest.xml
112 ms. Memory: 155648K Free: 84845K (55%)
----------------- Invoking toplevel() on ptolemy.moml.MoMLSimpleApplication@62f0f637
----------------- Done invoking toplevel() on ptolemy.moml.MoMLSimpleApplication@62f0f637
reloadAllAccessors: .MobileModelTest

===========================================================================================
----------------- testing Mon Dec 06 02:06:32 UTC 2021 /home/travis/build/icyphy/ptII/ptolemy/actor/lib/hoc/test/auto/ModelReference.xml
----------------- Instantiating /home/travis/build/icyphy/ptII/ptolemy/actor/lib/hoc/test/auto/ModelReference.xml
4 ms. Memory: 155648K Free: 78205K (50%)
2 ms. Memory: 155648K Free: 77677K (50%)
2 ms. Memory: 155648K Free: 76667K (49%)
2 ms. Memory: 155648K Free: 75643K (49%)
3 ms. Memory: 155648K Free: 75133K (48%)
1 ms. Memory: 155648K Free: 74109K (48%)
2 ms. Memory: 155648K Free: 73581K (47%)
1 ms. Memory: 155648K Free: 72557K (47%)
2 ms. Memory: 155648K Free: 71547K (46%)
1 ms. Memory: 155648K Free: 71037K (46%)
29 ms. Memory: 155648K Free: 71037K (46%)
----------------- Invoking toplevel() on ptolemy.moml.MoMLSimpleApplication@61233b25
----------------- Done invoking toplevel() on ptolemy.moml.MoMLSimpleApplication@61233b25
reloadAllAccessors: .ModelReference

===========================================================================================
----------------- testing Mon Dec 06 02:06:32 UTC 2021 /home/travis/build/icyphy/ptII/ptolemy/actor/lib/hoc/test/auto/ModelReference3.xml
----------------- Instantiating /home/travis/build/icyphy/ptII/ptolemy/actor/lib/hoc/test/auto/ModelReference3.xml
1 ms. Memory: 155648K Free: 65917K (42%)
2 ms. Memory: 155648K Free: 65389K (42%)
1 ms. Memory: 155648K Free: 64379K (41%)
3 ms. Memory: 155648K Free: 63869K (41%)
2 ms. Memory: 155648K Free: 62845K (40%)
1 ms. Memory: 155648K Free: 62301K (40%)
3 ms. Memory: 155648K Free: 61293K (39%)
2 ms. Memory: 155648K Free: 60283K (39%)
2 ms. Memory: 155648K Free: 59773K (38%)
1 ms. Memory: 155648K Free: 58749K (38%)
24 ms. Memory: 155648K Free: 58749K (38%)
----------------- Invoking toplevel() on ptolemy.moml.MoMLSimpleApplication@544a5a5b
----------------- Done invoking toplevel() on ptolemy.moml.MoMLSimpleApplication@544a5a5b
reloadAllAccessors: .ModelReference3

===========================================================================================
----------------- testing Mon Dec 06 02:06:32 UTC 2021 /home/travis/build/icyphy/ptII/ptolemy/actor/lib/hoc/test/auto/ModelReference4.xml
----------------- Instantiating /home/travis/build/icyphy/ptII/ptolemy/actor/lib/hoc/test/auto/ModelReference4.xml
1 ms. Memory: 155648K Free: 54125K (35%)
3 ms. Memory: 155648K Free: 52605K (34%)
6 ms. Memory: 155648K Free: 51581K (33%)
2 ms. Memory: 155648K Free: 138615K (89%)
2 ms. Memory: 155648K Free: 137591K (88%)
2 ms. Memory: 155648K Free: 136567K (88%)
3 ms. Memory: 155648K Free: 135543K (87%)
3 ms. Memory: 155648K Free: 134519K (86%)
2 ms. Memory: 155648K Free: 133495K (86%)
2 ms. Memory: 155648K Free: 132471K (85%)
10021 ms. Memory: 155648K Free: 132471K (85%)
----------------- Invoking toplevel() on ptolemy.moml.MoMLSimpleApplication@1aa973dd
----------------- Done invoking toplevel() on ptolemy.moml.MoMLSimpleApplication@1aa973dd
reloadAllAccessors: .ModelReference4

===========================================================================================
----------------- testing Mon Dec 06 02:06:42 UTC 2021 /home/travis/build/icyphy/ptII/ptolemy/actor/lib/hoc/test/auto/MultiInstanceComposite.xml
----------------- Instantiating /home/travis/build/icyphy/ptII/ptolemy/actor/lib/hoc/test/auto/MultiInstanceComposite.xml
21 ms. Memory: 155648K Free: 113015K (73%)
----------------- Invoking toplevel() on ptolemy.moml.MoMLSimpleApplication@6eaab53b
----------------- Done invoking toplevel() on ptolemy.moml.MoMLSimpleApplication@6eaab53b
reloadAllAccessors: .MultiInstanceComposite

===========================================================================================
----------------- testing Mon Dec 06 02:06:42 UTC 2021 /home/travis/build/icyphy/ptII/ptolemy/actor/lib/hoc/test/auto/MultiInstanceComposite2.xml
----------------- Instantiating /home/travis/build/icyphy/ptII/ptolemy/actor/lib/hoc/test/auto/MultiInstanceComposite2.xml
15 ms. Memory: 155648K Free: 101751K (65%)
----------------- Invoking toplevel() on ptolemy.moml.MoMLSimpleApplication@3e5c1a3f
----------------- Done invoking toplevel() on ptolemy.moml.MoMLSimpleApplication@3e5c1a3f
reloadAllAccessors: .MultiInstanceComposite2

===========================================================================================
----------------- testing Mon Dec 06 02:06:42 UTC 2021 /home/travis/build/icyphy/ptII/ptolemy/actor/lib/hoc/test/auto/MulticoreExecution.xml
----------------- Instantiating /home/travis/build/icyphy/ptII/ptolemy/actor/lib/hoc/test/auto/MulticoreExecution.xml
Fired ExecutionTime: 4400000
Fired ExecutionTime: 2400000
Fired ExecutionTime: 2400000
Fired ExecutionTime: 4400000
Fired ExecutionTime: 3600000
Fired ExecutionTime: 2800000
Fired ExecutionTime: 3600000
Fired ExecutionTime: 3200000
Fired ExecutionTime: 104000000
Fired ExecutionTime: 124400000
Fired ExecutionTime: 115600000
Fired ExecutionTime: 116000000
Fired ExecutionTime: 114000000
Fired ExecutionTime: 111600000
Fired ExecutionTime: 112000000
Fired ExecutionTime: 112800000
Fired ExecutionTime: 114400000
Fired ExecutionTime: 113200000
Fired ExecutionTime: 113600000
Fired ExecutionTime: 106800000
1089 ms. Memory: 155648K Free: 92535K (59%)
----------------- Invoking toplevel() on ptolemy.moml.MoMLSimpleApplication@1bb3176a
----------------- Done invoking toplevel() on ptolemy.moml.MoMLSimpleApplication@1bb3176a
reloadAllAccessors: .MulticoreExecution

===========================================================================================
----------------- testing Mon Dec 06 02:06:43 UTC 2021 /home/travis/build/icyphy/ptII/ptolemy/actor/lib/hoc/test/auto/ParallelExecution.xml
----------------- Instantiating /home/travis/build/icyphy/ptII/ptolemy/actor/lib/hoc/test/auto/ParallelExecution.xml
913 ms. Memory: 155648K Free: 84853K (55%)
----------------- Invoking toplevel() on ptolemy.moml.MoMLSimpleApplication@34739475
----------------- Done invoking toplevel() on ptolemy.moml.MoMLSimpleApplication@34739475
reloadAllAccessors: .ParallelExecution

===========================================================================================
----------------- testing Mon Dec 06 02:06:44 UTC 2021 /home/travis/build/icyphy/ptII/ptolemy/actor/lib/hoc/test/auto/RunCompositeActor.xml
----------------- Instantiating /home/travis/build/icyphy/ptII/ptolemy/actor/lib/hoc/test/auto/RunCompositeActor.xml
7 ms. Memory: 155648K Free: 77685K (50%)
----------------- Invoking toplevel() on ptolemy.moml.MoMLSimpleApplication@720f22bd
----------------- Done invoking toplevel() on ptolemy.moml.MoMLSimpleApplication@720f22bd
reloadAllAccessors: .RunCompositeActor

===========================================================================================
----------------- testing Mon Dec 06 02:06:44 UTC 2021 /home/travis/build/icyphy/ptII/ptolemy/actor/lib/hoc/test/auto/RunCompositeActor2.xml
----------------- Instantiating /home/travis/build/icyphy/ptII/ptolemy/actor/lib/hoc/test/auto/RunCompositeActor2.xml
4 ms. Memory: 155648K Free: 71527K (46%)
----------------- Invoking toplevel() on ptolemy.moml.MoMLSimpleApplication@344eaf6b
----------------- Done invoking toplevel() on ptolemy.moml.MoMLSimpleApplication@344eaf6b
reloadAllAccessors: .RunCompositeActor2

===========================================================================================
----------------- testing Mon Dec 06 02:06:44 UTC 2021 /home/travis/build/icyphy/ptII/ptolemy/actor/lib/hoc/test/auto/RunCompositeActor3.xml
----------------- Instantiating /home/travis/build/icyphy/ptII/ptolemy/actor/lib/hoc/test/auto/RunCompositeActor3.xml
5 ms. Memory: 155648K Free: 66421K (43%)
----------------- Invoking toplevel() on ptolemy.moml.MoMLSimpleApplication@6fff1396
----------------- Done invoking toplevel() on ptolemy.moml.MoMLSimpleApplication@6fff1396
reloadAllAccessors: .RunCompositeActor3

===========================================================================================
----------------- testing Mon Dec 06 02:06:44 UTC 2021 /home/travis/build/icyphy/ptII/ptolemy/actor/lib/hoc/test/auto/RunCompositeActor4.xml
----------------- Instantiating /home/travis/build/icyphy/ptII/ptolemy/actor/lib/hoc/test/auto/RunCompositeActor4.xml
10 ms. Memory: 155648K Free: 58215K (37%)
----------------- Invoking toplevel() on ptolemy.moml.MoMLSimpleApplication@3c545447
----------------- Done invoking toplevel() on ptolemy.moml.MoMLSimpleApplication@3c545447
reloadAllAccessors: .RunCompositeActor4

===========================================================================================
----------------- testing Mon Dec 06 02:06:44 UTC 2021 /home/travis/build/icyphy/ptII/ptolemy/actor/lib/hoc/test/auto/RunCompositeIterateOverArray.xml
----------------- Instantiating /home/travis/build/icyphy/ptII/ptolemy/actor/lib/hoc/test/auto/RunCompositeIterateOverArray.xml
4 ms. Memory: 155648K Free: 52085K (33%)
----------------- Invoking toplevel() on ptolemy.moml.MoMLSimpleApplication@226ea61d
----------------- Done invoking toplevel() on ptolemy.moml.MoMLSimpleApplication@226ea61d
reloadAllAccessors: .RunCompositeIterateOverArray

===========================================================================================
----------------- testing Mon Dec 06 02:06:44 UTC 2021 /home/travis/build/icyphy/ptII/ptolemy/actor/lib/hoc/test/auto/ThreadedJS.xml
----------------- Instantiating /home/travis/build/icyphy/ptII/ptolemy/actor/lib/hoc/test/auto/ThreadedJS.xml
1614 ms. Memory: 155648K Free: 71678K (46%)
----------------- Invoking toplevel() on ptolemy.moml.MoMLSimpleApplication@466a2b5f
----------------- Done invoking toplevel() on ptolemy.moml.MoMLSimpleApplication@466a2b5f
reloadAllAccessors: .ThreadedJS
AutoTests.java: About to close Vertx.
AutoTests.java: Vertx closed.
]]></system-out>
  <system-err><![CDATA[java.lang.RuntimeException: Execution failed
	at ptolemy.moml.MoMLSimpleApplication$UnloadThread.run(MoMLSimpleApplication.java:402)
Caused by: ptolemy.kernel.util.IllegalActionException: initialize() was called after wrapup() was called but preinitialize() was not called after wrapup().
	at ptolemy.actor.lib.hoc.test.PreinitializeMustBeInvoked.initialize(PreinitializeMustBeInvoked.java:78)
	at ptolemy.actor.Director.initialize(Director.java:938)
	at ptolemy.actor.Director.initialize(Director.java:907)
	at ptolemy.actor.sched.StaticSchedulingDirector.initialize(StaticSchedulingDirector.java:159)
	at ptolemy.domains.sdf.kernel.SDFDirector.initialize(SDFDirector.java:544)
	at ptolemy.actor.CompositeActor.initialize(CompositeActor.java:935)
	at ptolemy.actor.lib.hoc.LifeCycleManager._executeInsideModel(LifeCycleManager.java:339)
	at ptolemy.actor.lib.hoc.RunCompositeActor.fire(RunCompositeActor.java:205)
	at ptolemy.actor.CompositeActor.iterate(CompositeActor.java:1146)
	at ptolemy.actor.sched.StaticSchedulingDirector.fire(StaticSchedulingDirector.java:216)
	at ptolemy.domains.sdf.kernel.SDFDirector.fire(SDFDirector.java:500)
	at ptolemy.actor.CompositeActor.fire(CompositeActor.java:455)
	at ptolemy.actor.Manager.iterate(Manager.java:851)
	at ptolemy.actor.Manager.execute(Manager.java:369)
	at ptolemy.actor.Manager.run(Manager.java:1263)
	at ptolemy.actor.Manager$PtolemyRunThread.run(Manager.java:1933)
java.lang.reflect.InvocationTargetException
	at java.base/jdk.internal.reflect.NativeConstructorAccessorImpl.newInstance0(Native Method)
	at java.base/jdk.internal.reflect.NativeConstructorAccessorImpl.newInstance(NativeConstructorAccessorImpl.java:62)
	at java.base/jdk.internal.reflect.DelegatingConstructorAccessorImpl.newInstance(DelegatingConstructorAccessorImpl.java:45)
	at java.base/java.lang.reflect.Constructor.newInstance(Constructor.java:490)
	at ptolemy.util.test.junit.AutoKnownFailedTests.RunModel(AutoKnownFailedTests.java:105)
	at java.base/jdk.internal.reflect.NativeMethodAccessorImpl.invoke0(Native Method)
	at java.base/jdk.internal.reflect.NativeMethodAccessorImpl.invoke(NativeMethodAccessorImpl.java:62)
	at java.base/jdk.internal.reflect.DelegatingMethodAccessorImpl.invoke(DelegatingMethodAccessorImpl.java:43)
	at java.base/java.lang.reflect.Method.invoke(Method.java:566)
	at org.junit.runners.model.FrameworkMethod$1.runReflectiveCall(FrameworkMethod.java:44)
	at org.junit.internal.runners.model.ReflectiveCallable.run(ReflectiveCallable.java:15)
	at org.junit.runners.model.FrameworkMethod.invokeExplosively(FrameworkMethod.java:41)
	at junitparams.internal.InvokeParameterisedMethod.evaluate(InvokeParameterisedMethod.java:102)
	at org.junit.internal.runners.statements.FailOnTimeout$1.run(FailOnTimeout.java:28)
Caused by: ptolemy.kernel.util.IllegalActionException: initialize() was called after wrapup() was called but preinitialize() was not called after wrapup().
	at ptolemy.actor.lib.hoc.test.PreinitializeMustBeInvoked.initialize(PreinitializeMustBeInvoked.java:78)
	at ptolemy.actor.Director.initialize(Director.java:938)
	at ptolemy.actor.Director.initialize(Director.java:907)
	at ptolemy.actor.sched.StaticSchedulingDirector.initialize(StaticSchedulingDirector.java:159)
	at ptolemy.domains.sdf.kernel.SDFDirector.initialize(SDFDirector.java:544)
	at ptolemy.actor.CompositeActor.initialize(CompositeActor.java:935)
	at ptolemy.actor.lib.hoc.LifeCycleManager._executeInsideModel(LifeCycleManager.java:339)
	at ptolemy.actor.lib.hoc.RunCompositeActor.fire(RunCompositeActor.java:205)
	at ptolemy.actor.CompositeActor.iterate(CompositeActor.java:1146)
	at ptolemy.actor.sched.StaticSchedulingDirector.fire(StaticSchedulingDirector.java:216)
	at ptolemy.domains.sdf.kernel.SDFDirector.fire(SDFDirector.java:500)
	at ptolemy.actor.CompositeActor.fire(CompositeActor.java:455)
	at ptolemy.actor.Manager.iterate(Manager.java:851)
	at ptolemy.actor.Manager.execute(Manager.java:369)
	at ptolemy.actor.Manager.run(Manager.java:1263)
	at ptolemy.actor.Manager$PtolemyRunThread.run(Manager.java:1933)
]]></system-err>
</testsuite>
