<?xml version="1.0" encoding="UTF-8" ?>
<testsuite errors="0" failures="0" hostname="travis-job-c01e3d4a-9c45-4bdd-af5c-dcf647d6f72f" name="ptolemy.domains.de.test.junit.JUnitTclTest" skipped="0" tests="101" time="126.19" timestamp="2020-08-16T15:25:23">
  <properties>
[...]
</properties>
  <testcase classname="ptolemy.util.test.junit.TclTests" name="[0] /home/travis/build/icyphy/ptII/ptolemy/domains/de/test/DependencyLoop.tcl (RunTclFile)" time="1.12" />
  <testcase classname="ptolemy.util.test.junit.TclTests" name="[1] /home/travis/build/icyphy/ptII/ptolemy/domains/de/test/RunDETestsAsQSS.tcl (RunTclFile)" time="86.392" />
  <testcase classname="ptolemy.util.test.junit.AutoKnownFailedTests" name="[0] /home/travis/build/icyphy/ptII/ptolemy/domains/de/test/auto/knownFailedTests/DESDFClockTest.xml (RunModel)" time="2.039" />
  <testcase classname="ptolemy.util.test.junit.AutoKnownFailedTests" name="[1] /home/travis/build/icyphy/ptII/ptolemy/domains/de/test/auto/knownFailedTests/DirectFeedback.xml (RunModel)" time="0.021" />
  <testcase classname="ptolemy.util.test.junit.AutoKnownFailedTests" name="[2] /home/travis/build/icyphy/ptII/ptolemy/domains/de/test/auto/knownFailedTests/FSMSource.xml (RunModel)" time="0.029" />
  <testcase classname="ptolemy.util.test.junit.AutoKnownFailedTests" name="[3] /home/travis/build/icyphy/ptII/ptolemy/domains/de/test/auto/knownFailedTests/HierarchicalModel.xml (RunModel)" time="0.046" />
  <testcase classname="ptolemy.util.test.junit.AutoKnownFailedTests" name="[4] /home/travis/build/icyphy/ptII/ptolemy/domains/de/test/auto/knownFailedTests/dependencyLoop.xml (RunModel)" time="0.04" />
  <testcase classname="ptolemy.util.test.junit.AutoKnownFailedTests" name="[5] /home/travis/build/icyphy/ptII/ptolemy/domains/de/test/auto/knownFailedTests/dependencyLoop2.xml (RunModel)" time="0.044" />
  <testcase classname="ptolemy.util.test.junit.AutoNameArchTests" name="[0] ThereAreNoAutoArchTests (RunModel)" time="0.004" />
  <testcase classname="ptolemy.util.test.junit.AutoTests" name="[0] /home/travis/build/icyphy/ptII/ptolemy/domains/de/test/auto/ActorDepthCalculation_actorWithoutPorts.xml (RunModel)" time="0.018" />
  <testcase classname="ptolemy.util.test.junit.AutoTests" name="[1] /home/travis/build/icyphy/ptII/ptolemy/domains/de/test/auto/AssemblyLine.xml (RunModel)" time="0.027" />
  <testcase classname="ptolemy.util.test.junit.AutoTests" name="[2] /home/travis/build/icyphy/ptII/ptolemy/domains/de/test/auto/CQBug1.xml (RunModel)" time="0.014" />
  <testcase classname="ptolemy.util.test.junit.AutoTests" name="[3] /home/travis/build/icyphy/ptII/ptolemy/domains/de/test/auto/CancelFireAt.xml (RunModel)" time="0.012" />
  <testcase classname="ptolemy.util.test.junit.AutoTests" name="[4] /home/travis/build/icyphy/ptII/ptolemy/domains/de/test/auto/CausalityAndComposabilityAnalysis.xml (RunModel)" time="0.011" />
  <testcase classname="ptolemy.util.test.junit.AutoTests" name="[5] /home/travis/build/icyphy/ptII/ptolemy/domains/de/test/auto/CausalityInterface1.xml (RunModel)" time="0.027" />
  <testcase classname="ptolemy.util.test.junit.AutoTests" name="[6] /home/travis/build/icyphy/ptII/ptolemy/domains/de/test/auto/CausalityInterface15.xml (RunModel)" time="0.016" />
  <testcase classname="ptolemy.util.test.junit.AutoTests" name="[7] /home/travis/build/icyphy/ptII/ptolemy/domains/de/test/auto/CausalityInterface2.xml (RunModel)" time="0.015" />
  <testcase classname="ptolemy.util.test.junit.AutoTests" name="[8] /home/travis/build/icyphy/ptII/ptolemy/domains/de/test/auto/CausalityInterface3.xml (RunModel)" time="0.017" />
  <testcase classname="ptolemy.util.test.junit.AutoTests" name="[9] /home/travis/build/icyphy/ptII/ptolemy/domains/de/test/auto/ClockDrift.xml (RunModel)" time="0.034" />
  <testcase classname="ptolemy.util.test.junit.AutoTests" name="[10] /home/travis/build/icyphy/ptII/ptolemy/domains/de/test/auto/ClockDriftAndValueChange.xml (RunModel)" time="0.028" />
  <testcase classname="ptolemy.util.test.junit.AutoTests" name="[11] /home/travis/build/icyphy/ptII/ptolemy/domains/de/test/auto/ClockDriftChange.xml (RunModel)" time="0.037" />
  <testcase classname="ptolemy.util.test.junit.AutoTests" name="[12] /home/travis/build/icyphy/ptII/ptolemy/domains/de/test/auto/ComposableCausalityAnalysis.xml (RunModel)" time="0.015" />
  <testcase classname="ptolemy.util.test.junit.AutoTests" name="[13] /home/travis/build/icyphy/ptII/ptolemy/domains/de/test/auto/DEFixedPointLimitation.xml (RunModel)" time="0.01" />
  <testcase classname="ptolemy.util.test.junit.AutoTests" name="[14] /home/travis/build/icyphy/ptII/ptolemy/domains/de/test/auto/DEScheduleTest.xml (RunModel)" time="0.014" />
  <testcase classname="ptolemy.util.test.junit.AutoTests" name="[15] /home/travis/build/icyphy/ptII/ptolemy/domains/de/test/auto/DEinDEwithStartTimes.xml (RunModel)" time="0.015" />
  <testcase classname="ptolemy.util.test.junit.AutoTests" name="[16] /home/travis/build/icyphy/ptII/ptolemy/domains/de/test/auto/DEinDEwithStartTimes2.xml (RunModel)" time="0.02" />
  <testcase classname="ptolemy.util.test.junit.AutoTests" name="[17] /home/travis/build/icyphy/ptII/ptolemy/domains/de/test/auto/DateDemo.xml (RunModel)" time="0.028" />
  <testcase classname="ptolemy.util.test.junit.AutoTests" name="[18] /home/travis/build/icyphy/ptII/ptolemy/domains/de/test/auto/DateToEvent.xml (RunModel)" time="2.041" />
  <testcase classname="ptolemy.util.test.junit.AutoTests" name="[19] /home/travis/build/icyphy/ptII/ptolemy/domains/de/test/auto/DepthTest1.xml (RunModel)" time="0.008" />
  <testcase classname="ptolemy.util.test.junit.AutoTests" name="[20] /home/travis/build/icyphy/ptII/ptolemy/domains/de/test/auto/DepthTest2.xml (RunModel)" time="0.021" />
  <testcase classname="ptolemy.util.test.junit.AutoTests" name="[21] /home/travis/build/icyphy/ptII/ptolemy/domains/de/test/auto/DepthTest3.xml (RunModel)" time="0.016" />
  <testcase classname="ptolemy.util.test.junit.AutoTests" name="[22] /home/travis/build/icyphy/ptII/ptolemy/domains/de/test/auto/DepthTest4.xml (RunModel)" time="0.022" />
  <testcase classname="ptolemy.util.test.junit.AutoTests" name="[23] /home/travis/build/icyphy/ptII/ptolemy/domains/de/test/auto/DepthTest5.xml (RunModel)" time="0.021" />
  <testcase classname="ptolemy.util.test.junit.AutoTests" name="[24] /home/travis/build/icyphy/ptII/ptolemy/domains/de/test/auto/DepthTest6.xml (RunModel)" time="0.014" />
  <testcase classname="ptolemy.util.test.junit.AutoTests" name="[25] /home/travis/build/icyphy/ptII/ptolemy/domains/de/test/auto/DepthTest7.xml (RunModel)" time="0.011" />
  <testcase classname="ptolemy.util.test.junit.AutoTests" name="[26] /home/travis/build/icyphy/ptII/ptolemy/domains/de/test/auto/EventToDate.xml (RunModel)" time="3.043" />
  <testcase classname="ptolemy.util.test.junit.AutoTests" name="[27] /home/travis/build/icyphy/ptII/ptolemy/domains/de/test/auto/FSM1.xml (RunModel)" time="0.037" />
  <testcase classname="ptolemy.util.test.junit.AutoTests" name="[28] /home/travis/build/icyphy/ptII/ptolemy/domains/de/test/auto/FSM7.xml (RunModel)" time="0.051" />
  <testcase classname="ptolemy.util.test.junit.AutoTests" name="[29] /home/travis/build/icyphy/ptII/ptolemy/domains/de/test/auto/Inspection.xml (RunModel)" time="0.046" />
  <testcase classname="ptolemy.util.test.junit.AutoTests" name="[30] /home/travis/build/icyphy/ptII/ptolemy/domains/de/test/auto/Iteration.xml (RunModel)" time="0.024" />
  <testcase classname="ptolemy.util.test.junit.AutoTests" name="[31] /home/travis/build/icyphy/ptII/ptolemy/domains/de/test/auto/LineFault.xml (RunModel)" time="0.57" />
  <testcase classname="ptolemy.util.test.junit.AutoTests" name="[32] /home/travis/build/icyphy/ptII/ptolemy/domains/de/test/auto/MergeModel1Add.xml (RunModel)" time="0.049" />
  <testcase classname="ptolemy.util.test.junit.AutoTests" name="[33] /home/travis/build/icyphy/ptII/ptolemy/domains/de/test/auto/MergeModel2Add.xml (RunModel)" time="0.035" />
  <testcase classname="ptolemy.util.test.junit.AutoTests" name="[34] /home/travis/build/icyphy/ptII/ptolemy/domains/de/test/auto/MergeModel3Add.xml (RunModel)" time="0.039" />
  <testcase classname="ptolemy.util.test.junit.AutoTests" name="[35] /home/travis/build/icyphy/ptII/ptolemy/domains/de/test/auto/MergeWithoutDiscard.xml (RunModel)" time="0.014" />
  <testcase classname="ptolemy.util.test.junit.AutoTests" name="[36] /home/travis/build/icyphy/ptII/ptolemy/domains/de/test/auto/Modal1.xml (RunModel)" time="0.031" />
  <testcase classname="ptolemy.util.test.junit.AutoTests" name="[37] /home/travis/build/icyphy/ptII/ptolemy/domains/de/test/auto/Modal2.xml (RunModel)" time="0.028" />
  <testcase classname="ptolemy.util.test.junit.AutoTests" name="[38] /home/travis/build/icyphy/ptII/ptolemy/domains/de/test/auto/Modal3.xml (RunModel)" time="0.03" />
  <testcase classname="ptolemy.util.test.junit.AutoTests" name="[39] /home/travis/build/icyphy/ptII/ptolemy/domains/de/test/auto/Modal4.xml (RunModel)" time="0.033" />
  <testcase classname="ptolemy.util.test.junit.AutoTests" name="[40] /home/travis/build/icyphy/ptII/ptolemy/domains/de/test/auto/Modal5.xml (RunModel)" time="0.035" />
  <testcase classname="ptolemy.util.test.junit.AutoTests" name="[41] /home/travis/build/icyphy/ptII/ptolemy/domains/de/test/auto/Modal6.xml (RunModel)" time="0.024" />
  <testcase classname="ptolemy.util.test.junit.AutoTests" name="[42] /home/travis/build/icyphy/ptII/ptolemy/domains/de/test/auto/Modal7.xml (RunModel)" time="0.027" />
  <testcase classname="ptolemy.util.test.junit.AutoTests" name="[43] /home/travis/build/icyphy/ptII/ptolemy/domains/de/test/auto/ModalModel.xml (RunModel)" time="0.169" />
  <testcase classname="ptolemy.util.test.junit.AutoTests" name="[44] /home/travis/build/icyphy/ptII/ptolemy/domains/de/test/auto/ModalSource.xml (RunModel)" time="0.024" />
  <testcase classname="ptolemy.util.test.junit.AutoTests" name="[45] /home/travis/build/icyphy/ptII/ptolemy/domains/de/test/auto/NonInterruptibleTimerZeroDelay.xml (RunModel)" time="0.01" />
  <testcase classname="ptolemy.util.test.junit.AutoTests" name="[46] /home/travis/build/icyphy/ptII/ptolemy/domains/de/test/auto/OpenQueueingNetwork.xml (RunModel)" time="2.088" />
  <testcase classname="ptolemy.util.test.junit.AutoTests" name="[47] /home/travis/build/icyphy/ptII/ptolemy/domains/de/test/auto/OpenQueuingNetwork.xml (RunModel)" time="0.25" />
  <testcase classname="ptolemy.util.test.junit.AutoTests" name="[48] /home/travis/build/icyphy/ptII/ptolemy/domains/de/test/auto/PeriodicSampler.xml (RunModel)" time="0.011" />
  <testcase classname="ptolemy.util.test.junit.AutoTests" name="[49] /home/travis/build/icyphy/ptII/ptolemy/domains/de/test/auto/PersistentIO.xml (RunModel)" time="0.033" />
  <testcase classname="ptolemy.util.test.junit.AutoTests" name="[50] /home/travis/build/icyphy/ptII/ptolemy/domains/de/test/auto/PortParameterResetOnInitialize.xml (RunModel)" time="0.015" />
  <testcase classname="ptolemy.util.test.junit.AutoTests" name="[51] /home/travis/build/icyphy/ptII/ptolemy/domains/de/test/auto/PortParameterUpdates.xml (RunModel)" time="0.013" />
  <testcase classname="ptolemy.util.test.junit.AutoTests" name="[52] /home/travis/build/icyphy/ptII/ptolemy/domains/de/test/auto/QueueAndServer.xml (RunModel)" time="0.02" />
  <testcase classname="ptolemy.util.test.junit.AutoTests" name="[53] /home/travis/build/icyphy/ptII/ptolemy/domains/de/test/auto/Records.xml (RunModel)" time="0.014" />
  <testcase classname="ptolemy.util.test.junit.AutoTests" name="[54] /home/travis/build/icyphy/ptII/ptolemy/domains/de/test/auto/ResetTransitionWithStartTime1.xml (RunModel)" time="0.026" />
  <testcase classname="ptolemy.util.test.junit.AutoTests" name="[55] /home/travis/build/icyphy/ptII/ptolemy/domains/de/test/auto/ResetTransitionWithStartTime2.xml (RunModel)" time="0.03" />
  <testcase classname="ptolemy.util.test.junit.AutoTests" name="[56] /home/travis/build/icyphy/ptII/ptolemy/domains/de/test/auto/ResetTransitionWithStartTime3.xml (RunModel)" time="0.024" />
  <testcase classname="ptolemy.util.test.junit.AutoTests" name="[57] /home/travis/build/icyphy/ptII/ptolemy/domains/de/test/auto/ResetTransitionWithStartTime4.xml (RunModel)" time="0.023" />
  <testcase classname="ptolemy.util.test.junit.AutoTests" name="[58] /home/travis/build/icyphy/ptII/ptolemy/domains/de/test/auto/ResettableTimer1.xml (RunModel)" time="0.014" />
  <testcase classname="ptolemy.util.test.junit.AutoTests" name="[59] /home/travis/build/icyphy/ptII/ptolemy/domains/de/test/auto/ResettableTimer2.xml (RunModel)" time="0.01" />
  <testcase classname="ptolemy.util.test.junit.AutoTests" name="[60] /home/travis/build/icyphy/ptII/ptolemy/domains/de/test/auto/ResettableTimer3.xml (RunModel)" time="0.01" />
  <testcase classname="ptolemy.util.test.junit.AutoTests" name="[61] /home/travis/build/icyphy/ptII/ptolemy/domains/de/test/auto/ResettableTimer4.xml (RunModel)" time="0.009" />
  <testcase classname="ptolemy.util.test.junit.AutoTests" name="[62] /home/travis/build/icyphy/ptII/ptolemy/domains/de/test/auto/ResettableTimer5.xml (RunModel)" time="0.009" />
  <testcase classname="ptolemy.util.test.junit.AutoTests" name="[63] /home/travis/build/icyphy/ptII/ptolemy/domains/de/test/auto/ResettableTimer6.xml (RunModel)" time="0.017" />
  <testcase classname="ptolemy.util.test.junit.AutoTests" name="[64] /home/travis/build/icyphy/ptII/ptolemy/domains/de/test/auto/ServerZeroDelay.xml (RunModel)" time="0.009" />
  <testcase classname="ptolemy.util.test.junit.AutoTests" name="[65] /home/travis/build/icyphy/ptII/ptolemy/domains/de/test/auto/SmartSender.xml (RunModel)" time="3.007" />
  <testcase classname="ptolemy.util.test.junit.AutoTests" name="[66] /home/travis/build/icyphy/ptII/ptolemy/domains/de/test/auto/ThreadedComposite.xml (RunModel)" time="0.139" />
  <testcase classname="ptolemy.util.test.junit.AutoTests" name="[67] /home/travis/build/icyphy/ptII/ptolemy/domains/de/test/auto/Time.xml (RunModel)" time="0.364" />
  <testcase classname="ptolemy.util.test.junit.AutoTests" name="[68] /home/travis/build/icyphy/ptII/ptolemy/domains/de/test/auto/TimeDelayZeroDelay.xml (RunModel)" time="0.018" />
  <testcase classname="ptolemy.util.test.junit.AutoTests" name="[69] /home/travis/build/icyphy/ptII/ptolemy/domains/de/test/auto/TimerZeroDelay.xml (RunModel)" time="0.01" />
  <testcase classname="ptolemy.util.test.junit.AutoTests" name="[70] /home/travis/build/icyphy/ptII/ptolemy/domains/de/test/auto/TimingParadox.xml (RunModel)" time="0.297" />
  <testcase classname="ptolemy.util.test.junit.AutoTests" name="[71] /home/travis/build/icyphy/ptII/ptolemy/domains/de/test/auto/TransferInputs.xml (RunModel)" time="0.013" />
  <testcase classname="ptolemy.util.test.junit.AutoTests" name="[72] /home/travis/build/icyphy/ptII/ptolemy/domains/de/test/auto/TransferOutputs2.xml (RunModel)" time="0.017" />
  <testcase classname="ptolemy.util.test.junit.AutoTests" name="[73] /home/travis/build/icyphy/ptII/ptolemy/domains/de/test/auto/Trilateration.xml (RunModel)" time="10.73" />
  <testcase classname="ptolemy.util.test.junit.AutoTests" name="[74] /home/travis/build/icyphy/ptII/ptolemy/domains/de/test/auto/TwoSigmaDelta.xml (RunModel)" time="1.798" />
  <testcase classname="ptolemy.util.test.junit.AutoTests" name="[75] /home/travis/build/icyphy/ptII/ptolemy/domains/de/test/auto/VariableDelay.xml (RunModel)" time="0.013" />
  <testcase classname="ptolemy.util.test.junit.AutoTests" name="[76] /home/travis/build/icyphy/ptII/ptolemy/domains/de/test/auto/VariableDelay2.xml (RunModel)" time="0.013" />
  <testcase classname="ptolemy.util.test.junit.AutoTests" name="[77] /home/travis/build/icyphy/ptII/ptolemy/domains/de/test/auto/VariableDelayZeroDelay.xml (RunModel)" time="0.013" />
  <testcase classname="ptolemy.util.test.junit.AutoTests" name="[78] /home/travis/build/icyphy/ptII/ptolemy/domains/de/test/auto/VariableDelayZeroDelay2.xml (RunModel)" time="0.01" />
  <testcase classname="ptolemy.util.test.junit.AutoTests" name="[79] /home/travis/build/icyphy/ptII/ptolemy/domains/de/test/auto/deInCt.xml (RunModel)" time="0.014" />
  <testcase classname="ptolemy.util.test.junit.AutoTests" name="[80] /home/travis/build/icyphy/ptII/ptolemy/domains/de/test/auto/deInCt2.xml (RunModel)" time="0.015" />
  <testcase classname="ptolemy.util.test.junit.AutoTests" name="[81] /home/travis/build/icyphy/ptII/ptolemy/domains/de/test/auto/dynamicCausalityInterface1.xml (RunModel)" time="0.018" />
  <testcase classname="ptolemy.util.test.junit.AutoTests" name="[82] /home/travis/build/icyphy/ptII/ptolemy/domains/de/test/auto/fsm_de_test.xml (RunModel)" time="0.023" />
  <testcase classname="ptolemy.util.test.junit.AutoTests" name="[83] /home/travis/build/icyphy/ptII/ptolemy/domains/de/test/auto/functionDependencyReconstruction.xml (RunModel)" time="0.034" />
  <testcase classname="ptolemy.util.test.junit.AutoTests" name="[84] /home/travis/build/icyphy/ptII/ptolemy/domains/de/test/auto/multirate.xml (RunModel)" time="0.014" />
  <testcase classname="ptolemy.util.test.junit.AutoTests" name="[85] /home/travis/build/icyphy/ptII/ptolemy/domains/de/test/auto/multirate2.xml (RunModel)" time="0.013" />
  <testcase classname="ptolemy.util.test.junit.AutoTests" name="[86] /home/travis/build/icyphy/ptII/ptolemy/domains/de/test/auto/realtime.xml (RunModel)" time="10.009" />
  <testcase classname="ptolemy.util.test.junit.AutoTests" name="[87] /home/travis/build/icyphy/ptII/ptolemy/domains/de/test/auto/relationGroup.xml (RunModel)" time="0.02" />
  <testcase classname="ptolemy.util.test.junit.AutoTests" name="[88] /home/travis/build/icyphy/ptII/ptolemy/domains/de/test/auto/relationGroup2.xml (RunModel)" time="0.01" />
  <testcase classname="ptolemy.util.test.junit.AutoTests" name="[89] /home/travis/build/icyphy/ptII/ptolemy/domains/de/test/auto/sortWithOpaquePorts.xml (RunModel)" time="0.012" />
  <testcase classname="ptolemy.util.test.junit.AutoTests" name="[90] /home/travis/build/icyphy/ptII/ptolemy/domains/de/test/auto/transferInputsandOutputs.xml (RunModel)" time="0.02" />
  <testcase classname="ptolemy.util.test.junit.AutoTests" name="[91] /home/travis/build/icyphy/ptII/ptolemy/domains/de/test/auto/triggerType.xml (RunModel)" time="0.009" />
  <system-out><![CDATA[/home/travis/build/icyphy/ptII/ptolemy/domains/de/test/DependencyLoop.tcl
testDefs.tcl: setting time out to 9000 seconds at Sun Aug 16 15:25:23 UTC 2020
75 ms. Memory: 129024K Free: 78791K (61%)
23 ms. Memory: 129024K Free: 61383K (48%)
/home/travis/build/icyphy/ptII/ptolemy/domains/de/test/RunDETestsAsQSS.tcl
Run the DE tests using ptolemy.domains.qss.test.QSSDirectorTest, which extends QSSDirector and prints a message in the constructors.
------------------ testing $PTII/ptolemy/domains/de/test/auto/knownFailedTests/DirectFeedback.xml (Known Failure) 
59 ms. Memory: 129024K Free: 56263K (44%)


==== $PTIIhome/travis/build/icyphy/ptII/ptolemy/domains/de/test/../../../../: Auto Automatic test in file $PTII/ptolemy/domains/de/test/auto/knownFailedTests/DirectFeedback.xml
==== Contents of test case:

	    # FIXME: we should use $relativeFilename here, but it
	    # might have backslashes under Windows, which causes no end
	    # of trouble.
	    createAndExecute $file
	    list {}
	
.... Test generated KNOWN error:
    while executing
ptolemy.kernel.util.IllegalActionException: Test fails in iteration 1.
Value was: 1.0. Should have been: 2.0
  in .DirectFeedback.Test
	at ptolemy.actor.lib.Test.fire(Test.java:268)
	at ptolemy.domains.de.kernel.DEDirector._fire(DEDirector.java:1949)
	at ptolemy.domains.de.kernel.DEDirector.fire(DEDirector.java:502)
	at ptolemy.actor.CompositeActor.fire(CompositeActor.java:455)
	at ptolemy.actor.Manager.iterate(Manager.java:851)
	at ptolemy.actor.Manager.execute(Manager.java:369)
	at ptolemy.actor.Manager.run(Manager.java:1263)
	at ptolemy.actor.Manager$PtolemyRunThread.run(Manager.java:1933)

    while executing
ptolemy.kernel.util.IllegalActionException: Test fails in iteration 1.
Value was: 1.0. Should have been: 2.0
  in .DirectFeedback.Test
    while executing
"java::new ptolemy.moml.MoMLSimpleApplication $file
"
    (procedure "createAndExecute" line 2)
    invoked from within
"createAndExecute $file"
    ("uplevel" body line 5)
    invoked from within
"uplevel $contents_of_test"
------------------ testing $PTII/ptolemy/domains/de/test/auto/knownFailedTests/dependencyLoop.xml (Known Failure) 
21 ms. Memory: 129024K Free: 53191K (41%)


==== $PTIIhome/travis/build/icyphy/ptII/ptolemy/domains/de/test/../../../../: Auto Automatic test in file $PTII/ptolemy/domains/de/test/auto/knownFailedTests/dependencyLoop.xml
==== Contents of test case:

	    # FIXME: we should use $relativeFilename here, but it
	    # might have backslashes under Windows, which causes no end
	    # of trouble.
	    createAndExecute $file
	    list {}
	
.... Test generated KNOWN error:
    while executing
ptolemy.kernel.util.IllegalActionException: Found a zero delay loop containing .dependencyLoop.original
  in .dependencyLoop and .dependencyLoop.original
	at ptolemy.actor.util.CausalityInterfaceForComposites._computeOutputPortDepth(CausalityInterfaceForComposites.java:759)
	at ptolemy.actor.util.CausalityInterfaceForComposites._computeInputDepth(CausalityInterfaceForComposites.java:696)
	at ptolemy.actor.util.CausalityInterfaceForComposites._computeOutputPortDepth(CausalityInterfaceForComposites.java:765)
	at ptolemy.actor.util.CausalityInterfaceForComposites._computeInputDepth(CausalityInterfaceForComposites.java:696)
	at ptolemy.actor.util.CausalityInterfaceForComposites._computeOutputPortDepth(CausalityInterfaceForComposites.java:765)
	at ptolemy.actor.util.CausalityInterfaceForComposites._computeInputDepth(CausalityInterfaceForComposites.java:696)
	at ptolemy.actor.util.CausalityInterfaceForComposites._computeActorDepth(CausalityInterfaceForComposites.java:532)
	at ptolemy.actor.util.CausalityInterfaceForComposites.checkForCycles(CausalityInterfaceForComposites.java:96)
	at ptolemy.domains.de.kernel.DEDirector.preinitialize(DEDirector.java:1338)
	at ptolemy.actor.CompositeActor.preinitialize(CompositeActor.java:1828)
	at ptolemy.actor.Manager.preinitializeAndResolveTypes(Manager.java:1040)
	at ptolemy.actor.Manager.initialize(Manager.java:710)
	at ptolemy.actor.Manager.execute(Manager.java:356)
	at ptolemy.actor.Manager.run(Manager.java:1263)
	at ptolemy.actor.Manager$PtolemyRunThread.run(Manager.java:1933)

    while executing
ptolemy.kernel.util.IllegalActionException: Found a zero delay loop containing .dependencyLoop.original
  in .dependencyLoop and .dependencyLoop.original
    while executing
"java::new ptolemy.moml.MoMLSimpleApplication $file
"
    (procedure "createAndExecute" line 2)
    invoked from within
"createAndExecute $file"
    ("uplevel" body line 5)
    invoked from within
"uplevel $contents_of_test"
------------------ testing $PTII/ptolemy/domains/de/test/auto/knownFailedTests/FSMSource.xml (Known Failure) 
56 ms. Memory: 129024K Free: 111963K (87%)
!!!! Auto was marked as failing, but now passes
------------------ testing $PTII/ptolemy/domains/de/test/auto/knownFailedTests/HierarchicalModel.xml (Known Failure) 
16 ms. Memory: 129024K Free: 94493K (73%)


==== $PTIIhome/travis/build/icyphy/ptII/ptolemy/domains/de/test/../../../../: Auto Automatic test in file $PTII/ptolemy/domains/de/test/auto/knownFailedTests/HierarchicalModel.xml
==== Contents of test case:

	    # FIXME: we should use $relativeFilename here, but it
	    # might have backslashes under Windows, which causes no end
	    # of trouble.
	    createAndExecute $file
	    list {}
	
.... Test generated KNOWN error:
    while executing
ptolemy.kernel.util.IllegalActionException: Found a zero delay loop containing .HierarchicalModel.A
  in .HierarchicalModel and .HierarchicalModel.A
	at ptolemy.actor.util.CausalityInterfaceForComposites._computeOutputPortDepth(CausalityInterfaceForComposites.java:759)
	at ptolemy.actor.util.CausalityInterfaceForComposites._computeInputDepth(CausalityInterfaceForComposites.java:696)
	at ptolemy.actor.util.CausalityInterfaceForComposites._computeOutputPortDepth(CausalityInterfaceForComposites.java:765)
	at ptolemy.actor.util.CausalityInterfaceForComposites._computeInputDepth(CausalityInterfaceForComposites.java:696)
	at ptolemy.actor.util.CausalityInterfaceForComposites._computeOutputPortDepth(CausalityInterfaceForComposites.java:765)
	at ptolemy.actor.util.CausalityInterfaceForComposites._computeInputDepth(CausalityInterfaceForComposites.java:696)
	at ptolemy.actor.util.CausalityInterfaceForComposites._computeActorDepth(CausalityInterfaceForComposites.java:532)
	at ptolemy.actor.util.CausalityInterfaceForComposites.checkForCycles(CausalityInterfaceForComposites.java:96)
	at ptolemy.domains.de.kernel.DEDirector.preinitialize(DEDirector.java:1338)
	at ptolemy.actor.CompositeActor.preinitialize(CompositeActor.java:1828)
	at ptolemy.actor.Manager.preinitializeAndResolveTypes(Manager.java:1040)
	at ptolemy.actor.Manager.initialize(Manager.java:710)
	at ptolemy.actor.Manager.execute(Manager.java:356)
	at ptolemy.actor.Manager.run(Manager.java:1263)
	at ptolemy.actor.Manager$PtolemyRunThread.run(Manager.java:1933)

    while executing
ptolemy.kernel.util.IllegalActionException: Found a zero delay loop containing .HierarchicalModel.A
  in .HierarchicalModel and .HierarchicalModel.A
    while executing
"java::new ptolemy.moml.MoMLSimpleApplication $file
"
    (procedure "createAndExecute" line 2)
    invoked from within
"createAndExecute $file"
    ("uplevel" body line 5)
    invoked from within
"uplevel $contents_of_test"
------------------ testing $PTII/ptolemy/domains/de/test/auto/knownFailedTests/dependencyLoop2.xml (Known Failure) 
4 ms. Memory: 129024K Free: 78458K (61%)


==== $PTIIhome/travis/build/icyphy/ptII/ptolemy/domains/de/test/../../../../: Auto Automatic test in file $PTII/ptolemy/domains/de/test/auto/knownFailedTests/dependencyLoop2.xml
==== Contents of test case:

	    # FIXME: we should use $relativeFilename here, but it
	    # might have backslashes under Windows, which causes no end
	    # of trouble.
	    createAndExecute $file
	    list {}
	
.... Test generated KNOWN error:
    while executing
ptolemy.kernel.util.IllegalActionException: Found a zero delay loop containing .dependencyLoop2.original
  in .dependencyLoop2 and .dependencyLoop2.original
	at ptolemy.actor.util.CausalityInterfaceForComposites._computeOutputPortDepth(CausalityInterfaceForComposites.java:759)
	at ptolemy.actor.util.CausalityInterfaceForComposites._computeInputDepth(CausalityInterfaceForComposites.java:696)
	at ptolemy.actor.util.CausalityInterfaceForComposites._computeOutputPortDepth(CausalityInterfaceForComposites.java:765)
	at ptolemy.actor.util.CausalityInterfaceForComposites._computeInputDepth(CausalityInterfaceForComposites.java:696)
	at ptolemy.actor.util.CausalityInterfaceForComposites._computeOutputPortDepth(CausalityInterfaceForComposites.java:765)
	at ptolemy.actor.util.CausalityInterfaceForComposites._computeInputDepth(CausalityInterfaceForComposites.java:696)
	at ptolemy.actor.util.CausalityInterfaceForComposites._computeActorDepth(CausalityInterfaceForComposites.java:532)
	at ptolemy.actor.util.CausalityInterfaceForComposites.checkForCycles(CausalityInterfaceForComposites.java:96)
	at ptolemy.domains.de.kernel.DEDirector.preinitialize(DEDirector.java:1338)
	at ptolemy.actor.CompositeActor.preinitialize(CompositeActor.java:1828)
	at ptolemy.actor.Manager.preinitializeAndResolveTypes(Manager.java:1040)
	at ptolemy.actor.Manager.initialize(Manager.java:710)
	at ptolemy.actor.Manager.execute(Manager.java:356)
	at ptolemy.actor.Manager.run(Manager.java:1263)
	at ptolemy.actor.Manager$PtolemyRunThread.run(Manager.java:1933)

    while executing
ptolemy.kernel.util.IllegalActionException: Found a zero delay loop containing .dependencyLoop2.original
  in .dependencyLoop2 and .dependencyLoop2.original
    while executing
"java::new ptolemy.moml.MoMLSimpleApplication $file
"
    (procedure "createAndExecute" line 2)
    invoked from within
"createAndExecute $file"
    ("uplevel" body line 5)
    invoked from within
"uplevel $contents_of_test"
------------------ testing $PTII/ptolemy/domains/de/test/auto/knownFailedTests/DESDFClockTest.xml (Known Failure) 
2046 ms. Memory: 129024K Free: 109828K (85%)


==== $PTIIhome/travis/build/icyphy/ptII/ptolemy/domains/de/test/../../../../: Auto Automatic test in file $PTII/ptolemy/domains/de/test/auto/knownFailedTests/DESDFClockTest.xml
==== Contents of test case:

	    # FIXME: we should use $relativeFilename here, but it
	    # might have backslashes under Windows, which causes no end
	    # of trouble.
	    createAndExecute $file
	    list {}
	
.... Test generated KNOWN error:
    while executing
ptolemy.kernel.util.IllegalActionException: Actor is not ready to fire.  Perhaps UpSample.prefire() returned false? Try debugging the actor by selecting "Listen to Actor".  Also, for SDF check moml for tokenConsumptionRate on input.
  in .DESDFClockTest.Play Bell.Copy1:SDF Director and .DESDFClockTest.Play Bell.UpSample
	at ptolemy.actor.sched.StaticSchedulingDirector.fire(StaticSchedulingDirector.java:227)
	at ptolemy.domains.sdf.kernel.SDFDirector.fire(SDFDirector.java:500)
	at ptolemy.actor.CompositeActor.fire(CompositeActor.java:455)
	at ptolemy.domains.de.kernel.DEDirector._fire(DEDirector.java:1949)
	at ptolemy.domains.de.kernel.DEDirector.fire(DEDirector.java:502)
	at ptolemy.actor.CompositeActor.fire(CompositeActor.java:455)
	at ptolemy.actor.Manager.iterate(Manager.java:851)
	at ptolemy.actor.Manager.execute(Manager.java:369)
	at ptolemy.actor.Manager.run(Manager.java:1263)
	at ptolemy.actor.Manager$PtolemyRunThread.run(Manager.java:1933)

    while executing
ptolemy.kernel.util.IllegalActionException: Actor is not ready to fire.  Perhaps UpSample.prefire() returned false? Try debugging the actor by selecting "Listen to Actor".  Also, for SDF check moml for tokenConsumptionRate on input.
  in .DESDFClockTest.Play Bell.Copy1:SDF Director and .DESDFClockTest.Play Bell.UpSample
    while executing
"java::new ptolemy.moml.MoMLSimpleApplication $file
"
    (procedure "createAndExecute" line 2)
    invoked from within
"createAndExecute $file"
    ("uplevel" body line 5)
    invoked from within
"uplevel $contents_of_test"
------------------ testing $PTII/ptolemy/domains/de/test/auto/ActorDepthCalculation_actorWithoutPorts.xml
auto.tcl: Setting watchdog for 200 seconds at Sun Aug 16 15:25:27 UTC 2020
7 ms. Memory: 129024K Free: 102150K (79%)
ptolemy.util.test.WatchDog.cancel(): canceling Sun Aug 16 15:25:27 UTC 2020
auto.tcl: Setting watchdog for 200 seconds at Sun Aug 16 15:25:27 UTC 2020
5 ms. Memory: 129024K Free: 100598K (78%)
ptolemy.util.test.WatchDog.cancel(): canceling Sun Aug 16 15:25:27 UTC 2020
------------------ testing $PTII/ptolemy/domains/de/test/auto/AssemblyLine.xml
auto.tcl: Setting watchdog for 200 seconds at Sun Aug 16 15:25:27 UTC 2020
20 ms. Memory: 51200K Free: 27469K (54%)
ptolemy.util.test.WatchDog.cancel(): canceling Sun Aug 16 15:25:27 UTC 2020
auto.tcl: Setting watchdog for 200 seconds at Sun Aug 16 15:25:27 UTC 2020
7 ms. Memory: 51200K Free: 26729K (52%)
ptolemy.util.test.WatchDog.cancel(): canceling Sun Aug 16 15:25:27 UTC 2020
------------------ testing $PTII/ptolemy/domains/de/test/auto/CQBug1.xml
auto.tcl: Setting watchdog for 200 seconds at Sun Aug 16 15:25:28 UTC 2020
3 ms. Memory: 51200K Free: 33822K (66%)
ptolemy.util.test.WatchDog.cancel(): canceling Sun Aug 16 15:25:28 UTC 2020
auto.tcl: Setting watchdog for 200 seconds at Sun Aug 16 15:25:28 UTC 2020
2 ms. Memory: 51200K Free: 33368K (65%)
ptolemy.util.test.WatchDog.cancel(): canceling Sun Aug 16 15:25:28 UTC 2020
------------------ testing $PTII/ptolemy/domains/de/test/auto/CancelFireAt.xml
auto.tcl: Setting watchdog for 200 seconds at Sun Aug 16 15:25:28 UTC 2020
3 ms. Memory: 51200K Free: 34695K (68%)
ptolemy.util.test.WatchDog.cancel(): canceling Sun Aug 16 15:25:28 UTC 2020
auto.tcl: Setting watchdog for 200 seconds at Sun Aug 16 15:25:28 UTC 2020
2 ms. Memory: 51200K Free: 34227K (67%)
ptolemy.util.test.WatchDog.cancel(): canceling Sun Aug 16 15:25:28 UTC 2020
------------------ testing $PTII/ptolemy/domains/de/test/auto/CausalityAndComposabilityAnalysis.xml
auto.tcl: Setting watchdog for 200 seconds at Sun Aug 16 15:25:28 UTC 2020
6 ms. Memory: 51200K Free: 32430K (63%)
ptolemy.util.test.WatchDog.cancel(): canceling Sun Aug 16 15:25:28 UTC 2020
auto.tcl: Setting watchdog for 200 seconds at Sun Aug 16 15:25:28 UTC 2020
8 ms. Memory: 51200K Free: 31963K (62%)
ptolemy.util.test.WatchDog.cancel(): canceling Sun Aug 16 15:25:28 UTC 2020
------------------ testing $PTII/ptolemy/domains/de/test/auto/CausalityInterface1.xml
auto.tcl: Setting watchdog for 200 seconds at Sun Aug 16 15:25:28 UTC 2020
23 ms. Memory: 48128K Free: 28331K (59%)
ptolemy.util.test.WatchDog.cancel(): canceling Sun Aug 16 15:25:28 UTC 2020
auto.tcl: Setting watchdog for 200 seconds at Sun Aug 16 15:25:28 UTC 2020
4 ms. Memory: 48128K Free: 27351K (57%)
ptolemy.util.test.WatchDog.cancel(): canceling Sun Aug 16 15:25:28 UTC 2020
------------------ testing $PTII/ptolemy/domains/de/test/auto/CausalityInterface15.xml
auto.tcl: Setting watchdog for 200 seconds at Sun Aug 16 15:25:28 UTC 2020
18 ms. Memory: 48128K Free: 28280K (59%)
ptolemy.util.test.WatchDog.cancel(): canceling Sun Aug 16 15:25:28 UTC 2020
auto.tcl: Setting watchdog for 200 seconds at Sun Aug 16 15:25:28 UTC 2020
4 ms. Memory: 48128K Free: 27333K (57%)
ptolemy.util.test.WatchDog.cancel(): canceling Sun Aug 16 15:25:28 UTC 2020
------------------ testing $PTII/ptolemy/domains/de/test/auto/CausalityInterface2.xml
auto.tcl: Setting watchdog for 200 seconds at Sun Aug 16 15:25:28 UTC 2020
6 ms. Memory: 48128K Free: 29233K (61%)
ptolemy.util.test.WatchDog.cancel(): canceling Sun Aug 16 15:25:28 UTC 2020
auto.tcl: Setting watchdog for 200 seconds at Sun Aug 16 15:25:28 UTC 2020
3 ms. Memory: 48128K Free: 28321K (59%)
ptolemy.util.test.WatchDog.cancel(): canceling Sun Aug 16 15:25:28 UTC 2020
------------------ testing $PTII/ptolemy/domains/de/test/auto/CausalityInterface3.xml
auto.tcl: Setting watchdog for 200 seconds at Sun Aug 16 15:25:28 UTC 2020
9 ms. Memory: 48128K Free: 28534K (59%)
ptolemy.util.test.WatchDog.cancel(): canceling Sun Aug 16 15:25:28 UTC 2020
auto.tcl: Setting watchdog for 200 seconds at Sun Aug 16 15:25:28 UTC 2020
4 ms. Memory: 48128K Free: 27747K (58%)
ptolemy.util.test.WatchDog.cancel(): canceling Sun Aug 16 15:25:28 UTC 2020
------------------ testing $PTII/ptolemy/domains/de/test/auto/ClockDrift.xml
auto.tcl: Setting watchdog for 200 seconds at Sun Aug 16 15:25:28 UTC 2020
57 ms. Memory: 48128K Free: 20646K (43%)
ptolemy.util.test.WatchDog.cancel(): canceling Sun Aug 16 15:25:28 UTC 2020
auto.tcl: Setting watchdog for 200 seconds at Sun Aug 16 15:25:28 UTC 2020
67 ms. Memory: 48128K Free: 17686K (37%)
ptolemy.util.test.WatchDog.cancel(): canceling Sun Aug 16 15:25:28 UTC 2020
------------------ testing $PTII/ptolemy/domains/de/test/auto/ClockDriftAndValueChange.xml
auto.tcl: Setting watchdog for 200 seconds at Sun Aug 16 15:25:28 UTC 2020
36 ms. Memory: 48128K Free: 20853K (43%)
ptolemy.util.test.WatchDog.cancel(): canceling Sun Aug 16 15:25:28 UTC 2020
auto.tcl: Setting watchdog for 200 seconds at Sun Aug 16 15:25:28 UTC 2020
41 ms. Memory: 48128K Free: 17858K (37%)
ptolemy.util.test.WatchDog.cancel(): canceling Sun Aug 16 15:25:29 UTC 2020
------------------ testing $PTII/ptolemy/domains/de/test/auto/ClockDriftChange.xml
auto.tcl: Setting watchdog for 200 seconds at Sun Aug 16 15:25:29 UTC 2020
32 ms. Memory: 48128K Free: 23148K (48%)
ptolemy.util.test.WatchDog.cancel(): canceling Sun Aug 16 15:25:29 UTC 2020
auto.tcl: Setting watchdog for 200 seconds at Sun Aug 16 15:25:29 UTC 2020
28 ms. Memory: 48128K Free: 20592K (43%)
ptolemy.util.test.WatchDog.cancel(): canceling Sun Aug 16 15:25:29 UTC 2020
------------------ testing $PTII/ptolemy/domains/de/test/auto/ComposableCausalityAnalysis.xml
auto.tcl: Setting watchdog for 200 seconds at Sun Aug 16 15:25:29 UTC 2020
3 ms. Memory: 48128K Free: 27722K (58%)
ptolemy.util.test.WatchDog.cancel(): canceling Sun Aug 16 15:25:29 UTC 2020
auto.tcl: Setting watchdog for 200 seconds at Sun Aug 16 15:25:29 UTC 2020
4 ms. Memory: 48128K Free: 26691K (55%)
ptolemy.util.test.WatchDog.cancel(): canceling Sun Aug 16 15:25:29 UTC 2020
------------------ testing $PTII/ptolemy/domains/de/test/auto/DEFixedPointLimitation.xml
auto.tcl: Setting watchdog for 200 seconds at Sun Aug 16 15:25:29 UTC 2020
5 ms. Memory: 48128K Free: 29082K (60%)
ptolemy.util.test.WatchDog.cancel(): canceling Sun Aug 16 15:25:29 UTC 2020
auto.tcl: Setting watchdog for 200 seconds at Sun Aug 16 15:25:29 UTC 2020
2 ms. Memory: 48128K Free: 28246K (59%)
ptolemy.util.test.WatchDog.cancel(): canceling Sun Aug 16 15:25:29 UTC 2020
------------------ testing $PTII/ptolemy/domains/de/test/auto/DEScheduleTest.xml
auto.tcl: Setting watchdog for 200 seconds at Sun Aug 16 15:25:29 UTC 2020
12 ms. Memory: 48128K Free: 29423K (61%)
ptolemy.util.test.WatchDog.cancel(): canceling Sun Aug 16 15:25:29 UTC 2020
auto.tcl: Setting watchdog for 200 seconds at Sun Aug 16 15:25:29 UTC 2020
3 ms. Memory: 48128K Free: 28662K (60%)
ptolemy.util.test.WatchDog.cancel(): canceling Sun Aug 16 15:25:29 UTC 2020
------------------ testing $PTII/ptolemy/domains/de/test/auto/DEinDEwithStartTimes.xml
auto.tcl: Setting watchdog for 200 seconds at Sun Aug 16 15:25:29 UTC 2020
6 ms. Memory: 48128K Free: 27633K (57%)
ptolemy.util.test.WatchDog.cancel(): canceling Sun Aug 16 15:25:29 UTC 2020
auto.tcl: Setting watchdog for 200 seconds at Sun Aug 16 15:25:29 UTC 2020
4 ms. Memory: 48128K Free: 26551K (55%)
ptolemy.util.test.WatchDog.cancel(): canceling Sun Aug 16 15:25:29 UTC 2020
------------------ testing $PTII/ptolemy/domains/de/test/auto/DEinDEwithStartTimes2.xml
auto.tcl: Setting watchdog for 200 seconds at Sun Aug 16 15:25:29 UTC 2020
5 ms. Memory: 48128K Free: 26802K (56%)
ptolemy.util.test.WatchDog.cancel(): canceling Sun Aug 16 15:25:29 UTC 2020
auto.tcl: Setting watchdog for 200 seconds at Sun Aug 16 15:25:29 UTC 2020
3 ms. Memory: 48128K Free: 25506K (53%)
ptolemy.util.test.WatchDog.cancel(): canceling Sun Aug 16 15:25:29 UTC 2020
------------------ testing $PTII/ptolemy/domains/de/test/auto/DateDemo.xml
auto.tcl: Setting watchdog for 200 seconds at Sun Aug 16 15:25:29 UTC 2020
17 ms. Memory: 48128K Free: 21158K (44%)
ptolemy.util.test.WatchDog.cancel(): canceling Sun Aug 16 15:25:29 UTC 2020
auto.tcl: Setting watchdog for 200 seconds at Sun Aug 16 15:25:29 UTC 2020
10 ms. Memory: 48128K Free: 19576K (41%)
ptolemy.util.test.WatchDog.cancel(): canceling Sun Aug 16 15:25:29 UTC 2020
------------------ testing $PTII/ptolemy/domains/de/test/auto/DateToEvent.xml
auto.tcl: Setting watchdog for 200 seconds at Sun Aug 16 15:25:29 UTC 2020
2019 ms. Memory: 48128K Free: 16596K (34%)
ptolemy.util.test.WatchDog.cancel(): canceling Sun Aug 16 15:25:31 UTC 2020
auto.tcl: Setting watchdog for 200 seconds at Sun Aug 16 15:25:31 UTC 2020
2006 ms. Memory: 48128K Free: 16207K (34%)
ptolemy.util.test.WatchDog.cancel(): canceling Sun Aug 16 15:25:33 UTC 2020
------------------ testing $PTII/ptolemy/domains/de/test/auto/DepthTest1.xml
auto.tcl: Setting watchdog for 200 seconds at Sun Aug 16 15:25:33 UTC 2020
3 ms. Memory: 48128K Free: 30217K (63%)
ptolemy.util.test.WatchDog.cancel(): canceling Sun Aug 16 15:25:33 UTC 2020
auto.tcl: Setting watchdog for 200 seconds at Sun Aug 16 15:25:33 UTC 2020
2 ms. Memory: 48128K Free: 29811K (62%)
ptolemy.util.test.WatchDog.cancel(): canceling Sun Aug 16 15:25:33 UTC 2020
------------------ testing $PTII/ptolemy/domains/de/test/auto/DepthTest2.xml
auto.tcl: Setting watchdog for 200 seconds at Sun Aug 16 15:25:33 UTC 2020
6 ms. Memory: 48128K Free: 27093K (56%)
ptolemy.util.test.WatchDog.cancel(): canceling Sun Aug 16 15:25:34 UTC 2020
auto.tcl: Setting watchdog for 200 seconds at Sun Aug 16 15:25:34 UTC 2020
4 ms. Memory: 48128K Free: 26146K (54%)
ptolemy.util.test.WatchDog.cancel(): canceling Sun Aug 16 15:25:34 UTC 2020
------------------ testing $PTII/ptolemy/domains/de/test/auto/DepthTest3.xml
auto.tcl: Setting watchdog for 200 seconds at Sun Aug 16 15:25:34 UTC 2020
5 ms. Memory: 48128K Free: 30617K (64%)
ptolemy.util.test.WatchDog.cancel(): canceling Sun Aug 16 15:25:34 UTC 2020
auto.tcl: Setting watchdog for 200 seconds at Sun Aug 16 15:25:34 UTC 2020
3 ms. Memory: 48128K Free: 30146K (63%)
ptolemy.util.test.WatchDog.cancel(): canceling Sun Aug 16 15:25:34 UTC 2020
------------------ testing $PTII/ptolemy/domains/de/test/auto/DepthTest4.xml
auto.tcl: Setting watchdog for 200 seconds at Sun Aug 16 15:25:34 UTC 2020
9 ms. Memory: 48128K Free: 28904K (60%)
ptolemy.util.test.WatchDog.cancel(): canceling Sun Aug 16 15:25:34 UTC 2020
auto.tcl: Setting watchdog for 200 seconds at Sun Aug 16 15:25:34 UTC 2020
4 ms. Memory: 48128K Free: 28168K (59%)
ptolemy.util.test.WatchDog.cancel(): canceling Sun Aug 16 15:25:34 UTC 2020
------------------ testing $PTII/ptolemy/domains/de/test/auto/DepthTest5.xml
auto.tcl: Setting watchdog for 200 seconds at Sun Aug 16 15:25:34 UTC 2020
4 ms. Memory: 48128K Free: 28009K (58%)
ptolemy.util.test.WatchDog.cancel(): canceling Sun Aug 16 15:25:34 UTC 2020
auto.tcl: Setting watchdog for 200 seconds at Sun Aug 16 15:25:34 UTC 2020
3 ms. Memory: 48128K Free: 27620K (57%)
ptolemy.util.test.WatchDog.cancel(): canceling Sun Aug 16 15:25:34 UTC 2020
------------------ testing $PTII/ptolemy/domains/de/test/auto/DepthTest6.xml
auto.tcl: Setting watchdog for 200 seconds at Sun Aug 16 15:25:34 UTC 2020
6 ms. Memory: 48128K Free: 27787K (58%)
ptolemy.util.test.WatchDog.cancel(): canceling Sun Aug 16 15:25:34 UTC 2020
auto.tcl: Setting watchdog for 200 seconds at Sun Aug 16 15:25:34 UTC 2020
3 ms. Memory: 48128K Free: 27071K (56%)
ptolemy.util.test.WatchDog.cancel(): canceling Sun Aug 16 15:25:34 UTC 2020
------------------ testing $PTII/ptolemy/domains/de/test/auto/DepthTest7.xml
auto.tcl: Setting watchdog for 200 seconds at Sun Aug 16 15:25:34 UTC 2020
7 ms. Memory: 48128K Free: 28828K (60%)
ptolemy.util.test.WatchDog.cancel(): canceling Sun Aug 16 15:25:34 UTC 2020
auto.tcl: Setting watchdog for 200 seconds at Sun Aug 16 15:25:34 UTC 2020
3 ms. Memory: 48128K Free: 28084K (58%)
ptolemy.util.test.WatchDog.cancel(): canceling Sun Aug 16 15:25:34 UTC 2020
------------------ testing $PTII/ptolemy/domains/de/test/auto/EventToDate.xml
auto.tcl: Setting watchdog for 200 seconds at Sun Aug 16 15:25:34 UTC 2020
3006 ms. Memory: 48128K Free: 19634K (41%)
ptolemy.util.test.WatchDog.cancel(): canceling Sun Aug 16 15:25:37 UTC 2020
auto.tcl: Setting watchdog for 200 seconds at Sun Aug 16 15:25:37 UTC 2020
3004 ms. Memory: 48128K Free: 18927K (39%)
ptolemy.util.test.WatchDog.cancel(): canceling Sun Aug 16 15:25:40 UTC 2020
------------------ testing $PTII/ptolemy/domains/de/test/auto/FSM1.xml
auto.tcl: Setting watchdog for 200 seconds at Sun Aug 16 15:25:40 UTC 2020
38 ms. Memory: 48128K Free: 20821K (43%)
ptolemy.util.test.WatchDog.cancel(): canceling Sun Aug 16 15:25:40 UTC 2020
auto.tcl: Setting watchdog for 200 seconds at Sun Aug 16 15:25:40 UTC 2020
23 ms. Memory: 48128K Free: 17585K (37%)
ptolemy.util.test.WatchDog.cancel(): canceling Sun Aug 16 15:25:40 UTC 2020
------------------ testing $PTII/ptolemy/domains/de/test/auto/FSM7.xml
auto.tcl: Setting watchdog for 200 seconds at Sun Aug 16 15:25:40 UTC 2020
27 ms. Memory: 48128K Free: 20497K (43%)
ptolemy.util.test.WatchDog.cancel(): canceling Sun Aug 16 15:25:40 UTC 2020
auto.tcl: Setting watchdog for 200 seconds at Sun Aug 16 15:25:40 UTC 2020
24 ms. Memory: 48128K Free: 17382K (36%)
ptolemy.util.test.WatchDog.cancel(): canceling Sun Aug 16 15:25:40 UTC 2020
------------------ testing $PTII/ptolemy/domains/de/test/auto/Inspection.xml
auto.tcl: Setting watchdog for 200 seconds at Sun Aug 16 15:25:40 UTC 2020
28 ms. Memory: 48128K Free: 20528K (43%)
ptolemy.util.test.WatchDog.cancel(): canceling Sun Aug 16 15:25:40 UTC 2020
auto.tcl: Setting watchdog for 200 seconds at Sun Aug 16 15:25:40 UTC 2020
27 ms. Memory: 48128K Free: 18805K (39%)
ptolemy.util.test.WatchDog.cancel(): canceling Sun Aug 16 15:25:41 UTC 2020
------------------ testing $PTII/ptolemy/domains/de/test/auto/Iteration.xml
auto.tcl: Setting watchdog for 200 seconds at Sun Aug 16 15:25:41 UTC 2020
7 ms. Memory: 48128K Free: 26272K (55%)
ptolemy.util.test.WatchDog.cancel(): canceling Sun Aug 16 15:25:41 UTC 2020
auto.tcl: Setting watchdog for 200 seconds at Sun Aug 16 15:25:41 UTC 2020
7 ms. Memory: 48128K Free: 24861K (52%)
ptolemy.util.test.WatchDog.cancel(): canceling Sun Aug 16 15:25:41 UTC 2020
------------------ testing $PTII/ptolemy/domains/de/test/auto/LineFault.xml
auto.tcl: Setting watchdog for 200 seconds at Sun Aug 16 15:25:41 UTC 2020
683 ms. Memory: 48128K Free: 18506K (38%)
ptolemy.util.test.WatchDog.cancel(): canceling Sun Aug 16 15:25:42 UTC 2020
auto.tcl: Setting watchdog for 200 seconds at Sun Aug 16 15:25:42 UTC 2020
596 ms. Memory: 58368K Free: 37027K (63%)
ptolemy.util.test.WatchDog.cancel(): canceling Sun Aug 16 15:25:42 UTC 2020
------------------ testing $PTII/ptolemy/domains/de/test/auto/MergeModel1Add.xml
auto.tcl: Setting watchdog for 200 seconds at Sun Aug 16 15:25:42 UTC 2020
31 ms. Memory: 55296K Free: 19437K (35%)
ptolemy.util.test.WatchDog.cancel(): canceling Sun Aug 16 15:25:42 UTC 2020
auto.tcl: Setting watchdog for 200 seconds at Sun Aug 16 15:25:42 UTC 2020
11 ms. Memory: 55296K Free: 17802K (32%)
ptolemy.util.test.WatchDog.cancel(): canceling Sun Aug 16 15:25:42 UTC 2020
------------------ testing $PTII/ptolemy/domains/de/test/auto/MergeModel2Add.xml
auto.tcl: Setting watchdog for 200 seconds at Sun Aug 16 15:25:42 UTC 2020
10 ms. Memory: 51200K Free: 17167K (34%)
ptolemy.util.test.WatchDog.cancel(): canceling Sun Aug 16 15:25:43 UTC 2020
auto.tcl: Setting watchdog for 200 seconds at Sun Aug 16 15:25:43 UTC 2020
11 ms. Memory: 51200K Free: 15439K (30%)
ptolemy.util.test.WatchDog.cancel(): canceling Sun Aug 16 15:25:43 UTC 2020
------------------ testing $PTII/ptolemy/domains/de/test/auto/MergeModel3Add.xml
auto.tcl: Setting watchdog for 200 seconds at Sun Aug 16 15:25:43 UTC 2020
8 ms. Memory: 51200K Free: 17413K (34%)
ptolemy.util.test.WatchDog.cancel(): canceling Sun Aug 16 15:25:43 UTC 2020
auto.tcl: Setting watchdog for 200 seconds at Sun Aug 16 15:25:43 UTC 2020
10 ms. Memory: 51200K Free: 15868K (31%)
ptolemy.util.test.WatchDog.cancel(): canceling Sun Aug 16 15:25:43 UTC 2020
------------------ testing $PTII/ptolemy/domains/de/test/auto/MergeWithoutDiscard.xml
auto.tcl: Setting watchdog for 200 seconds at Sun Aug 16 15:25:43 UTC 2020
2 ms. Memory: 51200K Free: 31778K (62%)
ptolemy.util.test.WatchDog.cancel(): canceling Sun Aug 16 15:25:43 UTC 2020
auto.tcl: Setting watchdog for 200 seconds at Sun Aug 16 15:25:43 UTC 2020
1 ms. Memory: 51200K Free: 31346K (61%)
ptolemy.util.test.WatchDog.cancel(): canceling Sun Aug 16 15:25:43 UTC 2020
------------------ testing $PTII/ptolemy/domains/de/test/auto/Modal1.xml
auto.tcl: Setting watchdog for 200 seconds at Sun Aug 16 15:25:43 UTC 2020
17 ms. Memory: 51200K Free: 23881K (47%)
ptolemy.util.test.WatchDog.cancel(): canceling Sun Aug 16 15:25:43 UTC 2020
auto.tcl: Setting watchdog for 200 seconds at Sun Aug 16 15:25:43 UTC 2020
27 ms. Memory: 51200K Free: 20433K (40%)
ptolemy.util.test.WatchDog.cancel(): canceling Sun Aug 16 15:25:43 UTC 2020
------------------ testing $PTII/ptolemy/domains/de/test/auto/Modal2.xml
auto.tcl: Setting watchdog for 200 seconds at Sun Aug 16 15:25:43 UTC 2020
16 ms. Memory: 51200K Free: 24008K (47%)
ptolemy.util.test.WatchDog.cancel(): canceling Sun Aug 16 15:25:43 UTC 2020
auto.tcl: Setting watchdog for 200 seconds at Sun Aug 16 15:25:43 UTC 2020
22 ms. Memory: 51200K Free: 20777K (41%)
ptolemy.util.test.WatchDog.cancel(): canceling Sun Aug 16 15:25:43 UTC 2020
------------------ testing $PTII/ptolemy/domains/de/test/auto/Modal3.xml
auto.tcl: Setting watchdog for 200 seconds at Sun Aug 16 15:25:43 UTC 2020
11 ms. Memory: 51200K Free: 23969K (47%)
ptolemy.util.test.WatchDog.cancel(): canceling Sun Aug 16 15:25:43 UTC 2020
auto.tcl: Setting watchdog for 200 seconds at Sun Aug 16 15:25:43 UTC 2020
13 ms. Memory: 51200K Free: 20370K (40%)
ptolemy.util.test.WatchDog.cancel(): canceling Sun Aug 16 15:25:43 UTC 2020
------------------ testing $PTII/ptolemy/domains/de/test/auto/Modal4.xml
auto.tcl: Setting watchdog for 200 seconds at Sun Aug 16 15:25:43 UTC 2020
21 ms. Memory: 51200K Free: 22941K (45%)
ptolemy.util.test.WatchDog.cancel(): canceling Sun Aug 16 15:25:43 UTC 2020
auto.tcl: Setting watchdog for 200 seconds at Sun Aug 16 15:25:43 UTC 2020
19 ms. Memory: 51200K Free: 19121K (37%)
ptolemy.util.test.WatchDog.cancel(): canceling Sun Aug 16 15:25:43 UTC 2020
------------------ testing $PTII/ptolemy/domains/de/test/auto/Modal5.xml
auto.tcl: Setting watchdog for 200 seconds at Sun Aug 16 15:25:43 UTC 2020
16 ms. Memory: 51200K Free: 22936K (45%)
ptolemy.util.test.WatchDog.cancel(): canceling Sun Aug 16 15:25:43 UTC 2020
auto.tcl: Setting watchdog for 200 seconds at Sun Aug 16 15:25:43 UTC 2020
13 ms. Memory: 51200K Free: 19108K (37%)
ptolemy.util.test.WatchDog.cancel(): canceling Sun Aug 16 15:25:43 UTC 2020
------------------ testing $PTII/ptolemy/domains/de/test/auto/Modal6.xml
auto.tcl: Setting watchdog for 200 seconds at Sun Aug 16 15:25:43 UTC 2020
18 ms. Memory: 51200K Free: 23752K (46%)
ptolemy.util.test.WatchDog.cancel(): canceling Sun Aug 16 15:25:43 UTC 2020
auto.tcl: Setting watchdog for 200 seconds at Sun Aug 16 15:25:43 UTC 2020
21 ms. Memory: 51200K Free: 19740K (39%)
ptolemy.util.test.WatchDog.cancel(): canceling Sun Aug 16 15:25:43 UTC 2020
------------------ testing $PTII/ptolemy/domains/de/test/auto/Modal7.xml
auto.tcl: Setting watchdog for 200 seconds at Sun Aug 16 15:25:43 UTC 2020
16 ms. Memory: 51200K Free: 22730K (44%)
ptolemy.util.test.WatchDog.cancel(): canceling Sun Aug 16 15:25:43 UTC 2020
auto.tcl: Setting watchdog for 200 seconds at Sun Aug 16 15:25:43 UTC 2020
12 ms. Memory: 51200K Free: 19373K (38%)
ptolemy.util.test.WatchDog.cancel(): canceling Sun Aug 16 15:25:43 UTC 2020
------------------ testing $PTII/ptolemy/domains/de/test/auto/ModalModel.xml
auto.tcl: Setting watchdog for 200 seconds at Sun Aug 16 15:25:44 UTC 2020
241 ms. Memory: 51200K Free: 13059K (26%)
ptolemy.util.test.WatchDog.cancel(): canceling Sun Aug 16 15:25:44 UTC 2020
auto.tcl: Setting watchdog for 200 seconds at Sun Aug 16 15:25:44 UTC 2020
223 ms. Memory: 61440K Free: 45437K (74%)
ptolemy.util.test.WatchDog.cancel(): canceling Sun Aug 16 15:25:44 UTC 2020
------------------ testing $PTII/ptolemy/domains/de/test/auto/ModalSource.xml
auto.tcl: Setting watchdog for 200 seconds at Sun Aug 16 15:25:44 UTC 2020
7 ms. Memory: 51200K Free: 27781K (54%)
ptolemy.util.test.WatchDog.cancel(): canceling Sun Aug 16 15:25:44 UTC 2020
auto.tcl: Setting watchdog for 200 seconds at Sun Aug 16 15:25:44 UTC 2020
7 ms. Memory: 51200K Free: 25733K (50%)
ptolemy.util.test.WatchDog.cancel(): canceling Sun Aug 16 15:25:44 UTC 2020
------------------ testing $PTII/ptolemy/domains/de/test/auto/NonInterruptibleTimerZeroDelay.xml
auto.tcl: Setting watchdog for 200 seconds at Sun Aug 16 15:25:44 UTC 2020
4 ms. Memory: 51200K Free: 32925K (64%)
ptolemy.util.test.WatchDog.cancel(): canceling Sun Aug 16 15:25:44 UTC 2020
auto.tcl: Setting watchdog for 200 seconds at Sun Aug 16 15:25:44 UTC 2020
2 ms. Memory: 51200K Free: 32045K (63%)
ptolemy.util.test.WatchDog.cancel(): canceling Sun Aug 16 15:25:44 UTC 2020
------------------ testing $PTII/ptolemy/domains/de/test/auto/OpenQueueingNetwork.xml
auto.tcl: Setting watchdog for 200 seconds at Sun Aug 16 15:25:44 UTC 2020
2718 ms. Memory: 101376K Free: 82466K (81%)
ptolemy.util.test.WatchDog.cancel(): canceling Sun Aug 16 15:25:47 UTC 2020
auto.tcl: Setting watchdog for 200 seconds at Sun Aug 16 15:25:47 UTC 2020
2371 ms. Memory: 121856K Free: 45006K (37%)
ptolemy.util.test.WatchDog.cancel(): canceling Sun Aug 16 15:25:50 UTC 2020
------------------ testing $PTII/ptolemy/domains/de/test/auto/OpenQueuingNetwork.xml
auto.tcl: Setting watchdog for 200 seconds at Sun Aug 16 15:25:50 UTC 2020
227 ms. Memory: 55296K Free: 25416K (46%)
ptolemy.util.test.WatchDog.cancel(): canceling Sun Aug 16 15:25:50 UTC 2020
auto.tcl: Setting watchdog for 200 seconds at Sun Aug 16 15:25:50 UTC 2020
223 ms. Memory: 66560K Free: 46152K (69%)
ptolemy.util.test.WatchDog.cancel(): canceling Sun Aug 16 15:25:50 UTC 2020
------------------ testing $PTII/ptolemy/domains/de/test/auto/PeriodicSampler.xml
auto.tcl: Setting watchdog for 200 seconds at Sun Aug 16 15:25:50 UTC 2020
3 ms. Memory: 55296K Free: 36014K (65%)
ptolemy.util.test.WatchDog.cancel(): canceling Sun Aug 16 15:25:50 UTC 2020
auto.tcl: Setting watchdog for 200 seconds at Sun Aug 16 15:25:50 UTC 2020
2 ms. Memory: 55296K Free: 35494K (64%)
ptolemy.util.test.WatchDog.cancel(): canceling Sun Aug 16 15:25:50 UTC 2020
------------------ testing $PTII/ptolemy/domains/de/test/auto/PersistentIO.xml
auto.tcl: Setting watchdog for 200 seconds at Sun Aug 16 15:25:50 UTC 2020
5 ms. Memory: 55296K Free: 30922K (56%)
ptolemy.util.test.WatchDog.cancel(): canceling Sun Aug 16 15:25:50 UTC 2020
auto.tcl: Setting watchdog for 200 seconds at Sun Aug 16 15:25:50 UTC 2020
3 ms. Memory: 55296K Free: 29418K (53%)
ptolemy.util.test.WatchDog.cancel(): canceling Sun Aug 16 15:25:50 UTC 2020
------------------ testing $PTII/ptolemy/domains/de/test/auto/PortParameterResetOnInitialize.xml
auto.tcl: Setting watchdog for 200 seconds at Sun Aug 16 15:25:50 UTC 2020
2 ms. Memory: 51200K Free: 31810K (62%)
ptolemy.util.test.WatchDog.cancel(): canceling Sun Aug 16 15:25:50 UTC 2020
auto.tcl: Setting watchdog for 200 seconds at Sun Aug 16 15:25:50 UTC 2020
2 ms. Memory: 51200K Free: 31330K (61%)
ptolemy.util.test.WatchDog.cancel(): canceling Sun Aug 16 15:25:50 UTC 2020
------------------ testing $PTII/ptolemy/domains/de/test/auto/PortParameterUpdates.xml
auto.tcl: Setting watchdog for 200 seconds at Sun Aug 16 15:25:50 UTC 2020
3 ms. Memory: 51200K Free: 29910K (58%)
ptolemy.util.test.WatchDog.cancel(): canceling Sun Aug 16 15:25:50 UTC 2020
auto.tcl: Setting watchdog for 200 seconds at Sun Aug 16 15:25:50 UTC 2020
4 ms. Memory: 51200K Free: 28904K (56%)
ptolemy.util.test.WatchDog.cancel(): canceling Sun Aug 16 15:25:50 UTC 2020
------------------ testing $PTII/ptolemy/domains/de/test/auto/QueueAndServer.xml
auto.tcl: Setting watchdog for 200 seconds at Sun Aug 16 15:25:50 UTC 2020
12 ms. Memory: 51200K Free: 28865K (56%)
ptolemy.util.test.WatchDog.cancel(): canceling Sun Aug 16 15:25:50 UTC 2020
auto.tcl: Setting watchdog for 200 seconds at Sun Aug 16 15:25:50 UTC 2020
6 ms. Memory: 51200K Free: 27333K (53%)
ptolemy.util.test.WatchDog.cancel(): canceling Sun Aug 16 15:25:51 UTC 2020
------------------ testing $PTII/ptolemy/domains/de/test/auto/Records.xml
auto.tcl: Setting watchdog for 200 seconds at Sun Aug 16 15:25:51 UTC 2020
5 ms. Memory: 51200K Free: 31367K (61%)
ptolemy.util.test.WatchDog.cancel(): canceling Sun Aug 16 15:25:51 UTC 2020
auto.tcl: Setting watchdog for 200 seconds at Sun Aug 16 15:25:51 UTC 2020
2 ms. Memory: 51200K Free: 30848K (60%)
ptolemy.util.test.WatchDog.cancel(): canceling Sun Aug 16 15:25:51 UTC 2020
------------------ testing $PTII/ptolemy/domains/de/test/auto/ResetTransitionWithStartTime1.xml
auto.tcl: Setting watchdog for 200 seconds at Sun Aug 16 15:25:51 UTC 2020
24 ms. Memory: 51200K Free: 28323K (55%)
ptolemy.util.test.WatchDog.cancel(): canceling Sun Aug 16 15:25:51 UTC 2020
auto.tcl: Setting watchdog for 200 seconds at Sun Aug 16 15:25:51 UTC 2020
6 ms. Memory: 51200K Free: 26275K (51%)
ptolemy.util.test.WatchDog.cancel(): canceling Sun Aug 16 15:25:51 UTC 2020
------------------ testing $PTII/ptolemy/domains/de/test/auto/ResetTransitionWithStartTime2.xml
auto.tcl: Setting watchdog for 200 seconds at Sun Aug 16 15:25:51 UTC 2020
5 ms. Memory: 51200K Free: 28279K (55%)
ptolemy.util.test.WatchDog.cancel(): canceling Sun Aug 16 15:25:51 UTC 2020
auto.tcl: Setting watchdog for 200 seconds at Sun Aug 16 15:25:51 UTC 2020
6 ms. Memory: 51200K Free: 25720K (50%)
ptolemy.util.test.WatchDog.cancel(): canceling Sun Aug 16 15:25:51 UTC 2020
------------------ testing $PTII/ptolemy/domains/de/test/auto/ResetTransitionWithStartTime3.xml
auto.tcl: Setting watchdog for 200 seconds at Sun Aug 16 15:25:51 UTC 2020
6 ms. Memory: 51200K Free: 28278K (55%)
ptolemy.util.test.WatchDog.cancel(): canceling Sun Aug 16 15:25:51 UTC 2020
auto.tcl: Setting watchdog for 200 seconds at Sun Aug 16 15:25:51 UTC 2020
6 ms. Memory: 51200K Free: 26230K (51%)
ptolemy.util.test.WatchDog.cancel(): canceling Sun Aug 16 15:25:51 UTC 2020
------------------ testing $PTII/ptolemy/domains/de/test/auto/ResetTransitionWithStartTime4.xml
auto.tcl: Setting watchdog for 200 seconds at Sun Aug 16 15:25:51 UTC 2020
15 ms. Memory: 51200K Free: 28686K (56%)
ptolemy.util.test.WatchDog.cancel(): canceling Sun Aug 16 15:25:51 UTC 2020
auto.tcl: Setting watchdog for 200 seconds at Sun Aug 16 15:25:51 UTC 2020
4 ms. Memory: 51200K Free: 27268K (53%)
ptolemy.util.test.WatchDog.cancel(): canceling Sun Aug 16 15:25:51 UTC 2020
------------------ testing $PTII/ptolemy/domains/de/test/auto/ResettableTimer1.xml
auto.tcl: Setting watchdog for 200 seconds at Sun Aug 16 15:25:51 UTC 2020
3 ms. Memory: 51200K Free: 32492K (63%)
ptolemy.util.test.WatchDog.cancel(): canceling Sun Aug 16 15:25:51 UTC 2020
auto.tcl: Setting watchdog for 200 seconds at Sun Aug 16 15:25:51 UTC 2020
2 ms. Memory: 51200K Free: 31836K (62%)
ptolemy.util.test.WatchDog.cancel(): canceling Sun Aug 16 15:25:51 UTC 2020
------------------ testing $PTII/ptolemy/domains/de/test/auto/ResettableTimer2.xml
auto.tcl: Setting watchdog for 200 seconds at Sun Aug 16 15:25:51 UTC 2020
3 ms. Memory: 51200K Free: 32411K (63%)
ptolemy.util.test.WatchDog.cancel(): canceling Sun Aug 16 15:25:51 UTC 2020
auto.tcl: Setting watchdog for 200 seconds at Sun Aug 16 15:25:51 UTC 2020
2 ms. Memory: 51200K Free: 31387K (61%)
ptolemy.util.test.WatchDog.cancel(): canceling Sun Aug 16 15:25:51 UTC 2020
------------------ testing $PTII/ptolemy/domains/de/test/auto/ResettableTimer3.xml
auto.tcl: Setting watchdog for 200 seconds at Sun Aug 16 15:25:51 UTC 2020
1 ms. Memory: 51200K Free: 32410K (63%)
ptolemy.util.test.WatchDog.cancel(): canceling Sun Aug 16 15:25:51 UTC 2020
auto.tcl: Setting watchdog for 200 seconds at Sun Aug 16 15:25:51 UTC 2020
1 ms. Memory: 51200K Free: 32410K (63%)
ptolemy.util.test.WatchDog.cancel(): canceling Sun Aug 16 15:25:51 UTC 2020
------------------ testing $PTII/ptolemy/domains/de/test/auto/ResettableTimer4.xml
auto.tcl: Setting watchdog for 200 seconds at Sun Aug 16 15:25:51 UTC 2020
1 ms. Memory: 51200K Free: 32425K (63%)
ptolemy.util.test.WatchDog.cancel(): canceling Sun Aug 16 15:25:51 UTC 2020
auto.tcl: Setting watchdog for 200 seconds at Sun Aug 16 15:25:51 UTC 2020
1 ms. Memory: 51200K Free: 31927K (62%)
ptolemy.util.test.WatchDog.cancel(): canceling Sun Aug 16 15:25:51 UTC 2020
------------------ testing $PTII/ptolemy/domains/de/test/auto/ResettableTimer5.xml
auto.tcl: Setting watchdog for 200 seconds at Sun Aug 16 15:25:51 UTC 2020
2 ms. Memory: 51200K Free: 31902K (62%)
ptolemy.util.test.WatchDog.cancel(): canceling Sun Aug 16 15:25:51 UTC 2020
auto.tcl: Setting watchdog for 200 seconds at Sun Aug 16 15:25:51 UTC 2020
2 ms. Memory: 51200K Free: 31407K (61%)
ptolemy.util.test.WatchDog.cancel(): canceling Sun Aug 16 15:25:51 UTC 2020
------------------ testing $PTII/ptolemy/domains/de/test/auto/ResettableTimer6.xml
auto.tcl: Setting watchdog for 200 seconds at Sun Aug 16 15:25:51 UTC 2020
1 ms. Memory: 51200K Free: 31898K (62%)
ptolemy.util.test.WatchDog.cancel(): canceling Sun Aug 16 15:25:51 UTC 2020
auto.tcl: Setting watchdog for 200 seconds at Sun Aug 16 15:25:51 UTC 2020
2 ms. Memory: 51200K Free: 31396K (61%)
ptolemy.util.test.WatchDog.cancel(): canceling Sun Aug 16 15:25:51 UTC 2020
------------------ testing $PTII/ptolemy/domains/de/test/auto/ServerZeroDelay.xml
auto.tcl: Setting watchdog for 200 seconds at Sun Aug 16 15:25:51 UTC 2020
2 ms. Memory: 51200K Free: 32403K (63%)
ptolemy.util.test.WatchDog.cancel(): canceling Sun Aug 16 15:25:51 UTC 2020
auto.tcl: Setting watchdog for 200 seconds at Sun Aug 16 15:25:51 UTC 2020
2 ms. Memory: 51200K Free: 31382K (61%)
ptolemy.util.test.WatchDog.cancel(): canceling Sun Aug 16 15:25:51 UTC 2020
------------------ testing $PTII/ptolemy/domains/de/test/auto/SmartSender.xml
auto.tcl: Setting watchdog for 200 seconds at Sun Aug 16 15:25:51 UTC 2020
3001 ms. Memory: 51200K Free: 32398K (63%)
ptolemy.util.test.WatchDog.cancel(): canceling Sun Aug 16 15:25:54 UTC 2020
auto.tcl: Setting watchdog for 200 seconds at Sun Aug 16 15:25:54 UTC 2020
3001 ms. Memory: 51200K Free: 31888K (62%)
ptolemy.util.test.WatchDog.cancel(): canceling Sun Aug 16 15:25:57 UTC 2020
------------------ testing $PTII/ptolemy/domains/de/test/auto/ThreadedComposite.xml
auto.tcl: Setting watchdog for 200 seconds at Sun Aug 16 15:25:57 UTC 2020
202 ms. Memory: 51200K Free: 13466K (26%)
ptolemy.util.test.WatchDog.cancel(): canceling Sun Aug 16 15:25:58 UTC 2020
auto.tcl: Setting watchdog for 200 seconds at Sun Aug 16 15:25:58 UTC 2020
156 ms. Memory: 51200K Free: 27918K (55%)
ptolemy.util.test.WatchDog.cancel(): canceling Sun Aug 16 15:25:58 UTC 2020
------------------ testing $PTII/ptolemy/domains/de/test/auto/Time.xml
auto.tcl: Setting watchdog for 200 seconds at Sun Aug 16 15:25:58 UTC 2020
422 ms. Memory: 51200K Free: 35605K (70%)
ptolemy.util.test.WatchDog.cancel(): canceling Sun Aug 16 15:25:58 UTC 2020
auto.tcl: Setting watchdog for 200 seconds at Sun Aug 16 15:25:58 UTC 2020
409 ms. Memory: 51200K Free: 10710K (21%)
ptolemy.util.test.WatchDog.cancel(): canceling Sun Aug 16 15:25:59 UTC 2020
------------------ testing $PTII/ptolemy/domains/de/test/auto/TimeDelayZeroDelay.xml
auto.tcl: Setting watchdog for 200 seconds at Sun Aug 16 15:25:59 UTC 2020
3 ms. Memory: 51200K Free: 32327K (63%)
ptolemy.util.test.WatchDog.cancel(): canceling Sun Aug 16 15:25:59 UTC 2020
auto.tcl: Setting watchdog for 200 seconds at Sun Aug 16 15:25:59 UTC 2020
3 ms. Memory: 51200K Free: 31835K (62%)
ptolemy.util.test.WatchDog.cancel(): canceling Sun Aug 16 15:25:59 UTC 2020
------------------ testing $PTII/ptolemy/domains/de/test/auto/TimerZeroDelay.xml
auto.tcl: Setting watchdog for 200 seconds at Sun Aug 16 15:25:59 UTC 2020
3 ms. Memory: 51200K Free: 32524K (64%)
ptolemy.util.test.WatchDog.cancel(): canceling Sun Aug 16 15:25:59 UTC 2020
auto.tcl: Setting watchdog for 200 seconds at Sun Aug 16 15:25:59 UTC 2020
2 ms. Memory: 51200K Free: 31894K (62%)
ptolemy.util.test.WatchDog.cancel(): canceling Sun Aug 16 15:25:59 UTC 2020
------------------ testing $PTII/ptolemy/domains/de/test/auto/TimingParadox.xml
auto.tcl: Setting watchdog for 200 seconds at Sun Aug 16 15:25:59 UTC 2020
310 ms. Memory: 51200K Free: 17883K (35%)
ptolemy.util.test.WatchDog.cancel(): canceling Sun Aug 16 15:25:59 UTC 2020
auto.tcl: Setting watchdog for 200 seconds at Sun Aug 16 15:25:59 UTC 2020
293 ms. Memory: 51200K Free: 31802K (62%)
ptolemy.util.test.WatchDog.cancel(): canceling Sun Aug 16 15:26:00 UTC 2020
------------------ testing $PTII/ptolemy/domains/de/test/auto/TransferInputs.xml
auto.tcl: Setting watchdog for 200 seconds at Sun Aug 16 15:26:00 UTC 2020
3 ms. Memory: 51200K Free: 30846K (60%)
ptolemy.util.test.WatchDog.cancel(): canceling Sun Aug 16 15:26:00 UTC 2020
auto.tcl: Setting watchdog for 200 seconds at Sun Aug 16 15:26:00 UTC 2020
2 ms. Memory: 51200K Free: 29951K (58%)
ptolemy.util.test.WatchDog.cancel(): canceling Sun Aug 16 15:26:00 UTC 2020
------------------ testing $PTII/ptolemy/domains/de/test/auto/TransferOutputs2.xml
auto.tcl: Setting watchdog for 200 seconds at Sun Aug 16 15:26:00 UTC 2020
3 ms. Memory: 51200K Free: 28280K (55%)
ptolemy.util.test.WatchDog.cancel(): canceling Sun Aug 16 15:26:00 UTC 2020
auto.tcl: Setting watchdog for 200 seconds at Sun Aug 16 15:26:00 UTC 2020
2 ms. Memory: 51200K Free: 26873K (52%)
ptolemy.util.test.WatchDog.cancel(): canceling Sun Aug 16 15:26:00 UTC 2020
------------------ testing $PTII/ptolemy/domains/de/test/auto/Trilateration.xml
auto.tcl: Setting watchdog for 200 seconds at Sun Aug 16 15:26:00 UTC 2020
13996 ms. Memory: 556032K Free: 509710K (92%)
ptolemy.util.test.WatchDog.cancel(): canceling Sun Aug 16 15:26:15 UTC 2020
auto.tcl: Setting watchdog for 200 seconds at Sun Aug 16 15:26:15 UTC 2020
9848 ms. Memory: 556032K Free: 484136K (87%)
ptolemy.util.test.WatchDog.cancel(): canceling Sun Aug 16 15:26:25 UTC 2020
------------------ testing $PTII/ptolemy/domains/de/test/auto/TwoSigmaDelta.xml
auto.tcl: Setting watchdog for 200 seconds at Sun Aug 16 15:26:25 UTC 2020
2365 ms. Memory: 92160K Free: 24862K (27%)
ptolemy.util.test.WatchDog.cancel(): canceling Sun Aug 16 15:26:27 UTC 2020
auto.tcl: Setting watchdog for 200 seconds at Sun Aug 16 15:26:27 UTC 2020
1800 ms. Memory: 92160K Free: 27962K (30%)
ptolemy.util.test.WatchDog.cancel(): canceling Sun Aug 16 15:26:29 UTC 2020
------------------ testing $PTII/ptolemy/domains/de/test/auto/VariableDelay.xml
auto.tcl: Setting watchdog for 200 seconds at Sun Aug 16 15:26:29 UTC 2020
3 ms. Memory: 55296K Free: 35411K (64%)
ptolemy.util.test.WatchDog.cancel(): canceling Sun Aug 16 15:26:29 UTC 2020
auto.tcl: Setting watchdog for 200 seconds at Sun Aug 16 15:26:29 UTC 2020
2 ms. Memory: 55296K Free: 34417K (62%)
ptolemy.util.test.WatchDog.cancel(): canceling Sun Aug 16 15:26:29 UTC 2020
------------------ testing $PTII/ptolemy/domains/de/test/auto/VariableDelay2.xml
auto.tcl: Setting watchdog for 200 seconds at Sun Aug 16 15:26:29 UTC 2020
4 ms. Memory: 55296K Free: 36004K (65%)
ptolemy.util.test.WatchDog.cancel(): canceling Sun Aug 16 15:26:29 UTC 2020
auto.tcl: Setting watchdog for 200 seconds at Sun Aug 16 15:26:29 UTC 2020
2 ms. Memory: 55296K Free: 35492K (64%)
ptolemy.util.test.WatchDog.cancel(): canceling Sun Aug 16 15:26:29 UTC 2020
------------------ testing $PTII/ptolemy/domains/de/test/auto/VariableDelayZeroDelay.xml
auto.tcl: Setting watchdog for 200 seconds at Sun Aug 16 15:26:29 UTC 2020
2 ms. Memory: 51200K Free: 32256K (63%)
ptolemy.util.test.WatchDog.cancel(): canceling Sun Aug 16 15:26:29 UTC 2020
auto.tcl: Setting watchdog for 200 seconds at Sun Aug 16 15:26:29 UTC 2020
2 ms. Memory: 51200K Free: 31712K (62%)
ptolemy.util.test.WatchDog.cancel(): canceling Sun Aug 16 15:26:29 UTC 2020
------------------ testing $PTII/ptolemy/domains/de/test/auto/VariableDelayZeroDelay2.xml
auto.tcl: Setting watchdog for 200 seconds at Sun Aug 16 15:26:29 UTC 2020
2 ms. Memory: 51200K Free: 32255K (63%)
ptolemy.util.test.WatchDog.cancel(): canceling Sun Aug 16 15:26:29 UTC 2020
auto.tcl: Setting watchdog for 200 seconds at Sun Aug 16 15:26:29 UTC 2020
2 ms. Memory: 51200K Free: 31231K (61%)
ptolemy.util.test.WatchDog.cancel(): canceling Sun Aug 16 15:26:29 UTC 2020
------------------ testing $PTII/ptolemy/domains/de/test/auto/deInCt.xml
auto.tcl: Setting watchdog for 200 seconds at Sun Aug 16 15:26:29 UTC 2020
0
1
1
1
0
0
0
1
1
1
0
0
0
1
1
1
1
1
1
0
0
0
1
1
1
0
0
0
1
1
0
0
1
1
1
0
0
0
0
10 ms. Memory: 51200K Free: 31229K (61%)
ptolemy.util.test.WatchDog.cancel(): canceling Sun Aug 16 15:26:29 UTC 2020
auto.tcl: Setting watchdog for 200 seconds at Sun Aug 16 15:26:29 UTC 2020
0
1
1
1
0
0
0
0
0
0
0
1
1
1
1
0
0
0
0
1
1
0
0
0
1
1
1
0
0
1
1
1
0
0
0
0
6 ms. Memory: 51200K Free: 29685K (58%)
ptolemy.util.test.WatchDog.cancel(): canceling Sun Aug 16 15:26:29 UTC 2020
------------------ testing $PTII/ptolemy/domains/de/test/auto/deInCt2.xml
auto.tcl: Setting watchdog for 200 seconds at Sun Aug 16 15:26:29 UTC 2020
0
1
1
1
0
0
1
1
1
0
0
1
1
1
0
0
1
1
1
0
0
1
1
1
0
0
1
1
1
0
0
1
1
1
0
0
1
1
1
0
0
0
15 ms. Memory: 51200K Free: 31231K (61%)
ptolemy.util.test.WatchDog.cancel(): canceling Sun Aug 16 15:26:30 UTC 2020
auto.tcl: Setting watchdog for 200 seconds at Sun Aug 16 15:26:30 UTC 2020
0
1
1
1
0
0
1
1
1
0
0
1
1
1
0
0
1
1
1
0
0
1
1
1
0
0
1
1
1
0
0
1
1
1
0
0
1
1
1
0
0
0
7 ms. Memory: 51200K Free: 29688K (58%)
ptolemy.util.test.WatchDog.cancel(): canceling Sun Aug 16 15:26:30 UTC 2020
------------------ testing $PTII/ptolemy/domains/de/test/auto/dynamicCausalityInterface1.xml
auto.tcl: Setting watchdog for 200 seconds at Sun Aug 16 15:26:30 UTC 2020
2 ms. Memory: 51200K Free: 27130K (53%)
ptolemy.util.test.WatchDog.cancel(): canceling Sun Aug 16 15:26:30 UTC 2020
auto.tcl: Setting watchdog for 200 seconds at Sun Aug 16 15:26:30 UTC 2020
0 ms. Memory: 51200K Free: 26616K (52%)
ptolemy.util.test.WatchDog.cancel(): canceling Sun Aug 16 15:26:30 UTC 2020
------------------ testing $PTII/ptolemy/domains/de/test/auto/fsm_de_test.xml
auto.tcl: Setting watchdog for 200 seconds at Sun Aug 16 15:26:30 UTC 2020
7 ms. Memory: 51200K Free: 27029K (53%)
ptolemy.util.test.WatchDog.cancel(): canceling Sun Aug 16 15:26:30 UTC 2020
auto.tcl: Setting watchdog for 200 seconds at Sun Aug 16 15:26:30 UTC 2020
6 ms. Memory: 51200K Free: 24981K (49%)
ptolemy.util.test.WatchDog.cancel(): canceling Sun Aug 16 15:26:30 UTC 2020
------------------ testing $PTII/ptolemy/domains/de/test/auto/functionDependencyReconstruction.xml
auto.tcl: Setting watchdog for 200 seconds at Sun Aug 16 15:26:30 UTC 2020
3 ms. Memory: 51200K Free: 20875K (41%)
ptolemy.util.test.WatchDog.cancel(): canceling Sun Aug 16 15:26:30 UTC 2020
auto.tcl: Setting watchdog for 200 seconds at Sun Aug 16 15:26:30 UTC 2020
3 ms. Memory: 51200K Free: 18827K (37%)
ptolemy.util.test.WatchDog.cancel(): canceling Sun Aug 16 15:26:30 UTC 2020
------------------ testing $PTII/ptolemy/domains/de/test/auto/multirate.xml
auto.tcl: Setting watchdog for 200 seconds at Sun Aug 16 15:26:30 UTC 2020
4 ms. Memory: 51200K Free: 29444K (58%)
ptolemy.util.test.WatchDog.cancel(): canceling Sun Aug 16 15:26:30 UTC 2020
auto.tcl: Setting watchdog for 200 seconds at Sun Aug 16 15:26:30 UTC 2020
2 ms. Memory: 51200K Free: 27924K (55%)
ptolemy.util.test.WatchDog.cancel(): canceling Sun Aug 16 15:26:30 UTC 2020
------------------ testing $PTII/ptolemy/domains/de/test/auto/multirate2.xml
auto.tcl: Setting watchdog for 200 seconds at Sun Aug 16 15:26:30 UTC 2020
5 ms. Memory: 51200K Free: 29625K (58%)
ptolemy.util.test.WatchDog.cancel(): canceling Sun Aug 16 15:26:30 UTC 2020
auto.tcl: Setting watchdog for 200 seconds at Sun Aug 16 15:26:30 UTC 2020
3 ms. Memory: 51200K Free: 28105K (55%)
ptolemy.util.test.WatchDog.cancel(): canceling Sun Aug 16 15:26:30 UTC 2020
------------------ testing $PTII/ptolemy/domains/de/test/auto/realtime.xml
auto.tcl: Setting watchdog for 200 seconds at Sun Aug 16 15:26:30 UTC 2020
10003 ms. Memory: 51200K Free: 31910K (62%)
ptolemy.util.test.WatchDog.cancel(): canceling Sun Aug 16 15:26:40 UTC 2020
auto.tcl: Setting watchdog for 200 seconds at Sun Aug 16 15:26:40 UTC 2020
10002 ms. Memory: 51200K Free: 31175K (61%)
ptolemy.util.test.WatchDog.cancel(): canceling Sun Aug 16 15:26:50 UTC 2020
------------------ testing $PTII/ptolemy/domains/de/test/auto/relationGroup.xml
auto.tcl: Setting watchdog for 200 seconds at Sun Aug 16 15:26:50 UTC 2020
2 ms. Memory: 51200K Free: 32992K (64%)
ptolemy.util.test.WatchDog.cancel(): canceling Sun Aug 16 15:26:50 UTC 2020
auto.tcl: Setting watchdog for 200 seconds at Sun Aug 16 15:26:50 UTC 2020
2 ms. Memory: 51200K Free: 32256K (63%)
ptolemy.util.test.WatchDog.cancel(): canceling Sun Aug 16 15:26:50 UTC 2020
------------------ testing $PTII/ptolemy/domains/de/test/auto/relationGroup2.xml
auto.tcl: Setting watchdog for 200 seconds at Sun Aug 16 15:26:50 UTC 2020
2 ms. Memory: 51200K Free: 32792K (64%)
ptolemy.util.test.WatchDog.cancel(): canceling Sun Aug 16 15:26:50 UTC 2020
auto.tcl: Setting watchdog for 200 seconds at Sun Aug 16 15:26:50 UTC 2020
2 ms. Memory: 51200K Free: 32294K (63%)
ptolemy.util.test.WatchDog.cancel(): canceling Sun Aug 16 15:26:50 UTC 2020
------------------ testing $PTII/ptolemy/domains/de/test/auto/sortWithOpaquePorts.xml
auto.tcl: Setting watchdog for 200 seconds at Sun Aug 16 15:26:50 UTC 2020
2 ms. Memory: 51200K Free: 31756K (62%)
ptolemy.util.test.WatchDog.cancel(): canceling Sun Aug 16 15:26:50 UTC 2020
auto.tcl: Setting watchdog for 200 seconds at Sun Aug 16 15:26:50 UTC 2020
3 ms. Memory: 51200K Free: 30729K (60%)
ptolemy.util.test.WatchDog.cancel(): canceling Sun Aug 16 15:26:50 UTC 2020
------------------ testing $PTII/ptolemy/domains/de/test/auto/transferInputsandOutputs.xml
auto.tcl: Setting watchdog for 200 seconds at Sun Aug 16 15:26:50 UTC 2020
4 ms. Memory: 51200K Free: 29199K (57%)
ptolemy.util.test.WatchDog.cancel(): canceling Sun Aug 16 15:26:50 UTC 2020
auto.tcl: Setting watchdog for 200 seconds at Sun Aug 16 15:26:50 UTC 2020
2 ms. Memory: 51200K Free: 28175K (55%)
ptolemy.util.test.WatchDog.cancel(): canceling Sun Aug 16 15:26:50 UTC 2020
------------------ testing $PTII/ptolemy/domains/de/test/auto/triggerType.xml
auto.tcl: Setting watchdog for 200 seconds at Sun Aug 16 15:26:50 UTC 2020
2 ms. Memory: 51200K Free: 32223K (63%)
ptolemy.util.test.WatchDog.cancel(): canceling Sun Aug 16 15:26:50 UTC 2020
auto.tcl: Setting watchdog for 200 seconds at Sun Aug 16 15:26:50 UTC 2020
2 ms. Memory: 51200K Free: 31199K (61%)
ptolemy.util.test.WatchDog.cancel(): canceling Sun Aug 16 15:26:50 UTC 2020
08/16/20 03:26:50
Failed: 0  Total Tests: 192  ((Passed: 187, Newly Passed: 1)  Known Failed: 5) /home/travis/build/icyphy/ptII/ptolemy/domains/de/test
08/16/20 03:26:50
Failed: 0  Total Tests: 192  ((Passed: 187, Newly Passed: 1)  Known Failed: 5) /home/travis/build/icyphy/ptII/ptolemy/domains/de/test
----------------- testing (KnownFailure) /home/travis/build/icyphy/ptII/ptolemy/domains/de/test/auto/knownFailedTests/DESDFClockTest.xml
2010 ms. Memory: 51200K Free: 25619K (50%)
Known Failure: java.lang.reflect.InvocationTargetException
----------------- testing (KnownFailure) /home/travis/build/icyphy/ptII/ptolemy/domains/de/test/auto/knownFailedTests/DirectFeedback.xml
10 ms. Memory: 51200K Free: 21523K (42%)
Known Failure: java.lang.reflect.InvocationTargetException
----------------- testing (KnownFailure) /home/travis/build/icyphy/ptII/ptolemy/domains/de/test/auto/knownFailedTests/FSMSource.xml
11 ms. Memory: 51200K Free: 13845K (27%)
----------------- testing (KnownFailure) /home/travis/build/icyphy/ptII/ptolemy/domains/de/test/auto/knownFailedTests/HierarchicalModel.xml
3 ms. Memory: 51200K Free: 26007K (51%)
Known Failure: java.lang.reflect.InvocationTargetException
----------------- testing (KnownFailure) /home/travis/build/icyphy/ptII/ptolemy/domains/de/test/auto/knownFailedTests/dependencyLoop.xml
2 ms. Memory: 51200K Free: 10671K (21%)
Known Failure: java.lang.reflect.InvocationTargetException
----------------- testing (KnownFailure) /home/travis/build/icyphy/ptII/ptolemy/domains/de/test/auto/knownFailedTests/dependencyLoop2.xml
3 ms. Memory: 51200K Free: 23607K (46%)
Known Failure: java.lang.reflect.InvocationTargetException
No auto/linux-amd64/*.xml tests in /home/travis/build/icyphy/ptII/ptolemy/domains/de/test
AutoTests.java: About to close Vertx.
AutoTests.java: Vertx closed.

===========================================================================================
----------------- testing Sun Aug 16 15:26:53 UTC 2020 /home/travis/build/icyphy/ptII/ptolemy/domains/de/test/auto/ActorDepthCalculation_actorWithoutPorts.xml
----------------- Instantiating /home/travis/build/icyphy/ptII/ptolemy/domains/de/test/auto/ActorDepthCalculation_actorWithoutPorts.xml
3 ms. Memory: 51200K Free: 17154K (34%)
----------------- Invoking toplevel() on ptolemy.moml.MoMLSimpleApplication@73b3fb96
----------------- Done invoking toplevel() on ptolemy.moml.MoMLSimpleApplication@73b3fb96
reloadAllAccessors: .ActorDepthCalculation_actorWithoutPorts

===========================================================================================
----------------- testing Sun Aug 16 15:26:53 UTC 2020 /home/travis/build/icyphy/ptII/ptolemy/domains/de/test/auto/AssemblyLine.xml
----------------- Instantiating /home/travis/build/icyphy/ptII/ptolemy/domains/de/test/auto/AssemblyLine.xml
4 ms. Memory: 51200K Free: 9962K (19%)
----------------- Invoking toplevel() on ptolemy.moml.MoMLSimpleApplication@be4ec27
----------------- Done invoking toplevel() on ptolemy.moml.MoMLSimpleApplication@be4ec27
reloadAllAccessors: .AssemblyLine

===========================================================================================
----------------- testing Sun Aug 16 15:26:53 UTC 2020 /home/travis/build/icyphy/ptII/ptolemy/domains/de/test/auto/CQBug1.xml
----------------- Instantiating /home/travis/build/icyphy/ptII/ptolemy/domains/de/test/auto/CQBug1.xml
2 ms. Memory: 51200K Free: 34769K (68%)
----------------- Invoking toplevel() on ptolemy.moml.MoMLSimpleApplication@7e91ad8e
----------------- Done invoking toplevel() on ptolemy.moml.MoMLSimpleApplication@7e91ad8e
reloadAllAccessors: .CQBug1

===========================================================================================
----------------- testing Sun Aug 16 15:26:53 UTC 2020 /home/travis/build/icyphy/ptII/ptolemy/domains/de/test/auto/CancelFireAt.xml
----------------- Instantiating /home/travis/build/icyphy/ptII/ptolemy/domains/de/test/auto/CancelFireAt.xml
1 ms. Memory: 51200K Free: 32138K (63%)
----------------- Invoking toplevel() on ptolemy.moml.MoMLSimpleApplication@ea5d12d
----------------- Done invoking toplevel() on ptolemy.moml.MoMLSimpleApplication@ea5d12d
reloadAllAccessors: .CancelFireAt

===========================================================================================
----------------- testing Sun Aug 16 15:26:53 UTC 2020 /home/travis/build/icyphy/ptII/ptolemy/domains/de/test/auto/CausalityAndComposabilityAnalysis.xml
----------------- Instantiating /home/travis/build/icyphy/ptII/ptolemy/domains/de/test/auto/CausalityAndComposabilityAnalysis.xml
1 ms. Memory: 51200K Free: 28002K (55%)
----------------- Invoking toplevel() on ptolemy.moml.MoMLSimpleApplication@37ee15d8
----------------- Done invoking toplevel() on ptolemy.moml.MoMLSimpleApplication@37ee15d8
reloadAllAccessors: .CausalityAndComposabilityAnalysis

===========================================================================================
----------------- testing Sun Aug 16 15:26:53 UTC 2020 /home/travis/build/icyphy/ptII/ptolemy/domains/de/test/auto/CausalityInterface1.xml
----------------- Instantiating /home/travis/build/icyphy/ptII/ptolemy/domains/de/test/auto/CausalityInterface1.xml
4 ms. Memory: 51200K Free: 22850K (45%)
----------------- Invoking toplevel() on ptolemy.moml.MoMLSimpleApplication@4c74df0
----------------- Done invoking toplevel() on ptolemy.moml.MoMLSimpleApplication@4c74df0
reloadAllAccessors: .CausalityInterface1

===========================================================================================
----------------- testing Sun Aug 16 15:26:53 UTC 2020 /home/travis/build/icyphy/ptII/ptolemy/domains/de/test/auto/CausalityInterface15.xml
----------------- Instantiating /home/travis/build/icyphy/ptII/ptolemy/domains/de/test/auto/CausalityInterface15.xml
1 ms. Memory: 51200K Free: 17331K (34%)
----------------- Invoking toplevel() on ptolemy.moml.MoMLSimpleApplication@48d819ef
----------------- Done invoking toplevel() on ptolemy.moml.MoMLSimpleApplication@48d819ef
reloadAllAccessors: .CausalityInterface15

===========================================================================================
----------------- testing Sun Aug 16 15:26:53 UTC 2020 /home/travis/build/icyphy/ptII/ptolemy/domains/de/test/auto/CausalityInterface2.xml
----------------- Instantiating /home/travis/build/icyphy/ptII/ptolemy/domains/de/test/auto/CausalityInterface2.xml
1 ms. Memory: 51200K Free: 12894K (25%)
[...]
	at ptolemy.actor.Manager.run(Manager.java:1263)
	at ptolemy.actor.Manager$PtolemyRunThread.run(Manager.java:1933)
java.lang.RuntimeException: Execution failed
	at ptolemy.moml.MoMLSimpleApplication$UnloadThread.run(MoMLSimpleApplication.java:402)
Caused by: ptolemy.kernel.util.IllegalActionException: Actor is not ready to fire.  Perhaps UpSample.prefire() returned false? Try debugging the actor by selecting "Listen to Actor".  Also, for SDF check moml for tokenConsumptionRate on input.
  in .DESDFClockTest.Play Bell.Copy1:SDF Director and .DESDFClockTest.Play Bell.UpSample
	at ptolemy.actor.sched.StaticSchedulingDirector.fire(StaticSchedulingDirector.java:227)
	at ptolemy.domains.sdf.kernel.SDFDirector.fire(SDFDirector.java:500)
	at ptolemy.actor.CompositeActor.fire(CompositeActor.java:455)
	at ptolemy.domains.de.kernel.DEDirector._fire(DEDirector.java:1949)
	at ptolemy.domains.de.kernel.DEDirector.fire(DEDirector.java:502)
	at ptolemy.actor.CompositeActor.fire(CompositeActor.java:455)
	at ptolemy.actor.Manager.iterate(Manager.java:851)
	at ptolemy.actor.Manager.execute(Manager.java:369)
	at ptolemy.actor.Manager.run(Manager.java:1263)
	at ptolemy.actor.Manager$PtolemyRunThread.run(Manager.java:1933)
java.lang.reflect.InvocationTargetException
	at java.base/jdk.internal.reflect.NativeConstructorAccessorImpl.newInstance0(Native Method)
	at java.base/jdk.internal.reflect.NativeConstructorAccessorImpl.newInstance(NativeConstructorAccessorImpl.java:62)
	at java.base/jdk.internal.reflect.DelegatingConstructorAccessorImpl.newInstance(DelegatingConstructorAccessorImpl.java:45)
	at java.base/java.lang.reflect.Constructor.newInstance(Constructor.java:490)
	at ptolemy.util.test.junit.AutoKnownFailedTests.RunModel(AutoKnownFailedTests.java:105)
	at java.base/jdk.internal.reflect.NativeMethodAccessorImpl.invoke0(Native Method)
	at java.base/jdk.internal.reflect.NativeMethodAccessorImpl.invoke(NativeMethodAccessorImpl.java:62)
	at java.base/jdk.internal.reflect.DelegatingMethodAccessorImpl.invoke(DelegatingMethodAccessorImpl.java:43)
	at java.base/java.lang.reflect.Method.invoke(Method.java:566)
	at org.junit.runners.model.FrameworkMethod$1.runReflectiveCall(FrameworkMethod.java:44)
	at org.junit.internal.runners.model.ReflectiveCallable.run(ReflectiveCallable.java:15)
	at org.junit.runners.model.FrameworkMethod.invokeExplosively(FrameworkMethod.java:41)
	at junitparams.internal.InvokeParameterisedMethod.evaluate(InvokeParameterisedMethod.java:102)
	at org.junit.internal.runners.statements.FailOnTimeout$1.run(FailOnTimeout.java:28)
Caused by: ptolemy.kernel.util.IllegalActionException: Actor is not ready to fire.  Perhaps UpSample.prefire() returned false? Try debugging the actor by selecting "Listen to Actor".  Also, for SDF check moml for tokenConsumptionRate on input.
  in .DESDFClockTest.Play Bell.Copy1:SDF Director and .DESDFClockTest.Play Bell.UpSample
	at ptolemy.actor.sched.StaticSchedulingDirector.fire(StaticSchedulingDirector.java:227)
	at ptolemy.domains.sdf.kernel.SDFDirector.fire(SDFDirector.java:500)
	at ptolemy.actor.CompositeActor.fire(CompositeActor.java:455)
	at ptolemy.domains.de.kernel.DEDirector._fire(DEDirector.java:1949)
	at ptolemy.domains.de.kernel.DEDirector.fire(DEDirector.java:502)
	at ptolemy.actor.CompositeActor.fire(CompositeActor.java:455)
	at ptolemy.actor.Manager.iterate(Manager.java:851)
	at ptolemy.actor.Manager.execute(Manager.java:369)
	at ptolemy.actor.Manager.run(Manager.java:1263)
	at ptolemy.actor.Manager$PtolemyRunThread.run(Manager.java:1933)
java.lang.RuntimeException: Execution failed
	at ptolemy.moml.MoMLSimpleApplication$UnloadThread.run(MoMLSimpleApplication.java:402)
Caused by: ptolemy.kernel.util.IllegalActionException: Test fails in iteration 1.
Value was: 1.0. Should have been: 2.0
  in .DirectFeedback.Test
	at ptolemy.actor.lib.Test.fire(Test.java:268)
	at ptolemy.domains.de.kernel.DEDirector._fire(DEDirector.java:1949)
	at ptolemy.domains.de.kernel.DEDirector.fire(DEDirector.java:502)
	at ptolemy.actor.CompositeActor.fire(CompositeActor.java:455)
	at ptolemy.actor.Manager.iterate(Manager.java:851)
	at ptolemy.actor.Manager.execute(Manager.java:369)
	at ptolemy.actor.Manager.run(Manager.java:1263)
	at ptolemy.actor.Manager$PtolemyRunThread.run(Manager.java:1933)
java.lang.reflect.InvocationTargetException
	at java.base/jdk.internal.reflect.NativeConstructorAccessorImpl.newInstance0(Native Method)
	at java.base/jdk.internal.reflect.NativeConstructorAccessorImpl.newInstance(NativeConstructorAccessorImpl.java:62)
	at java.base/jdk.internal.reflect.DelegatingConstructorAccessorImpl.newInstance(DelegatingConstructorAccessorImpl.java:45)
	at java.base/java.lang.reflect.Constructor.newInstance(Constructor.java:490)
	at ptolemy.util.test.junit.AutoKnownFailedTests.RunModel(AutoKnownFailedTests.java:105)
	at java.base/jdk.internal.reflect.NativeMethodAccessorImpl.invoke0(Native Method)
	at java.base/jdk.internal.reflect.NativeMethodAccessorImpl.invoke(NativeMethodAccessorImpl.java:62)
	at java.base/jdk.internal.reflect.DelegatingMethodAccessorImpl.invoke(DelegatingMethodAccessorImpl.java:43)
	at java.base/java.lang.reflect.Method.invoke(Method.java:566)
	at org.junit.runners.model.FrameworkMethod$1.runReflectiveCall(FrameworkMethod.java:44)
	at org.junit.internal.runners.model.ReflectiveCallable.run(ReflectiveCallable.java:15)
	at org.junit.runners.model.FrameworkMethod.invokeExplosively(FrameworkMethod.java:41)
	at junitparams.internal.InvokeParameterisedMethod.evaluate(InvokeParameterisedMethod.java:102)
	at org.junit.internal.runners.statements.FailOnTimeout$1.run(FailOnTimeout.java:28)
Caused by: ptolemy.kernel.util.IllegalActionException: Test fails in iteration 1.
Value was: 1.0. Should have been: 2.0
  in .DirectFeedback.Test
	at ptolemy.actor.lib.Test.fire(Test.java:268)
	at ptolemy.domains.de.kernel.DEDirector._fire(DEDirector.java:1949)
	at ptolemy.domains.de.kernel.DEDirector.fire(DEDirector.java:502)
	at ptolemy.actor.CompositeActor.fire(CompositeActor.java:455)
	at ptolemy.actor.Manager.iterate(Manager.java:851)
	at ptolemy.actor.Manager.execute(Manager.java:369)
	at ptolemy.actor.Manager.run(Manager.java:1263)
	at ptolemy.actor.Manager$PtolemyRunThread.run(Manager.java:1933)
java.lang.RuntimeException: Execution failed
	at ptolemy.moml.MoMLSimpleApplication$UnloadThread.run(MoMLSimpleApplication.java:402)
Caused by: ptolemy.kernel.util.IllegalActionException: Found a zero delay loop containing .HierarchicalModel.A
  in .HierarchicalModel and .HierarchicalModel.A
	at ptolemy.actor.util.CausalityInterfaceForComposites._computeOutputPortDepth(CausalityInterfaceForComposites.java:759)
	at ptolemy.actor.util.CausalityInterfaceForComposites._computeInputDepth(CausalityInterfaceForComposites.java:696)
	at ptolemy.actor.util.CausalityInterfaceForComposites._computeOutputPortDepth(CausalityInterfaceForComposites.java:765)
	at ptolemy.actor.util.CausalityInterfaceForComposites._computeInputDepth(CausalityInterfaceForComposites.java:696)
	at ptolemy.actor.util.CausalityInterfaceForComposites._computeOutputPortDepth(CausalityInterfaceForComposites.java:765)
	at ptolemy.actor.util.CausalityInterfaceForComposites._computeInputDepth(CausalityInterfaceForComposites.java:696)
	at ptolemy.actor.util.CausalityInterfaceForComposites._computeActorDepth(CausalityInterfaceForComposites.java:532)
	at ptolemy.actor.util.CausalityInterfaceForComposites.checkForCycles(CausalityInterfaceForComposites.java:96)
	at ptolemy.domains.de.kernel.DEDirector.preinitialize(DEDirector.java:1338)
	at ptolemy.actor.CompositeActor.preinitialize(CompositeActor.java:1828)
	at ptolemy.actor.Manager.preinitializeAndResolveTypes(Manager.java:1040)
	at ptolemy.actor.Manager.initialize(Manager.java:710)
	at ptolemy.actor.Manager.execute(Manager.java:356)
	at ptolemy.actor.Manager.run(Manager.java:1263)
	at ptolemy.actor.Manager$PtolemyRunThread.run(Manager.java:1933)
java.lang.reflect.InvocationTargetException
	at java.base/jdk.internal.reflect.NativeConstructorAccessorImpl.newInstance0(Native Method)
	at java.base/jdk.internal.reflect.NativeConstructorAccessorImpl.newInstance(NativeConstructorAccessorImpl.java:62)
	at java.base/jdk.internal.reflect.DelegatingConstructorAccessorImpl.newInstance(DelegatingConstructorAccessorImpl.java:45)
	at java.base/java.lang.reflect.Constructor.newInstance(Constructor.java:490)
	at ptolemy.util.test.junit.AutoKnownFailedTests.RunModel(AutoKnownFailedTests.java:105)
	at java.base/jdk.internal.reflect.NativeMethodAccessorImpl.invoke0(Native Method)
	at java.base/jdk.internal.reflect.NativeMethodAccessorImpl.invoke(NativeMethodAccessorImpl.java:62)
	at java.base/jdk.internal.reflect.DelegatingMethodAccessorImpl.invoke(DelegatingMethodAccessorImpl.java:43)
	at java.base/java.lang.reflect.Method.invoke(Method.java:566)
	at org.junit.runners.model.FrameworkMethod$1.runReflectiveCall(FrameworkMethod.java:44)
	at org.junit.internal.runners.model.ReflectiveCallable.run(ReflectiveCallable.java:15)
	at org.junit.runners.model.FrameworkMethod.invokeExplosively(FrameworkMethod.java:41)
	at junitparams.internal.InvokeParameterisedMethod.evaluate(InvokeParameterisedMethod.java:102)
	at org.junit.internal.runners.statements.FailOnTimeout$1.run(FailOnTimeout.java:28)
Caused by: ptolemy.kernel.util.IllegalActionException: Found a zero delay loop containing .HierarchicalModel.A
  in .HierarchicalModel and .HierarchicalModel.A
	at ptolemy.actor.util.CausalityInterfaceForComposites._computeOutputPortDepth(CausalityInterfaceForComposites.java:759)
	at ptolemy.actor.util.CausalityInterfaceForComposites._computeInputDepth(CausalityInterfaceForComposites.java:696)
	at ptolemy.actor.util.CausalityInterfaceForComposites._computeOutputPortDepth(CausalityInterfaceForComposites.java:765)
	at ptolemy.actor.util.CausalityInterfaceForComposites._computeInputDepth(CausalityInterfaceForComposites.java:696)
	at ptolemy.actor.util.CausalityInterfaceForComposites._computeOutputPortDepth(CausalityInterfaceForComposites.java:765)
	at ptolemy.actor.util.CausalityInterfaceForComposites._computeInputDepth(CausalityInterfaceForComposites.java:696)
	at ptolemy.actor.util.CausalityInterfaceForComposites._computeActorDepth(CausalityInterfaceForComposites.java:532)
	at ptolemy.actor.util.CausalityInterfaceForComposites.checkForCycles(CausalityInterfaceForComposites.java:96)
	at ptolemy.domains.de.kernel.DEDirector.preinitialize(DEDirector.java:1338)
	at ptolemy.actor.CompositeActor.preinitialize(CompositeActor.java:1828)
	at ptolemy.actor.Manager.preinitializeAndResolveTypes(Manager.java:1040)
	at ptolemy.actor.Manager.initialize(Manager.java:710)
	at ptolemy.actor.Manager.execute(Manager.java:356)
	at ptolemy.actor.Manager.run(Manager.java:1263)
	at ptolemy.actor.Manager$PtolemyRunThread.run(Manager.java:1933)
java.lang.RuntimeException: Execution failed
	at ptolemy.moml.MoMLSimpleApplication$UnloadThread.run(MoMLSimpleApplication.java:402)
Caused by: ptolemy.kernel.util.IllegalActionException: Found a zero delay loop containing .dependencyLoop.original
  in .dependencyLoop and .dependencyLoop.original
	at ptolemy.actor.util.CausalityInterfaceForComposites._computeOutputPortDepth(CausalityInterfaceForComposites.java:759)
	at ptolemy.actor.util.CausalityInterfaceForComposites._computeInputDepth(CausalityInterfaceForComposites.java:696)
	at ptolemy.actor.util.CausalityInterfaceForComposites._computeOutputPortDepth(CausalityInterfaceForComposites.java:765)
	at ptolemy.actor.util.CausalityInterfaceForComposites._computeInputDepth(CausalityInterfaceForComposites.java:696)
	at ptolemy.actor.util.CausalityInterfaceForComposites._computeOutputPortDepth(CausalityInterfaceForComposites.java:765)
	at ptolemy.actor.util.CausalityInterfaceForComposites._computeInputDepth(CausalityInterfaceForComposites.java:696)
	at ptolemy.actor.util.CausalityInterfaceForComposites._computeActorDepth(CausalityInterfaceForComposites.java:532)
	at ptolemy.actor.util.CausalityInterfaceForComposites.checkForCycles(CausalityInterfaceForComposites.java:96)
	at ptolemy.domains.de.kernel.DEDirector.preinitialize(DEDirector.java:1338)
	at ptolemy.actor.CompositeActor.preinitialize(CompositeActor.java:1828)
	at ptolemy.actor.Manager.preinitializeAndResolveTypes(Manager.java:1040)
	at ptolemy.actor.Manager.initialize(Manager.java:710)
	at ptolemy.actor.Manager.execute(Manager.java:356)
	at ptolemy.actor.Manager.run(Manager.java:1263)
	at ptolemy.actor.Manager$PtolemyRunThread.run(Manager.java:1933)
java.lang.reflect.InvocationTargetException
	at java.base/jdk.internal.reflect.NativeConstructorAccessorImpl.newInstance0(Native Method)
	at java.base/jdk.internal.reflect.NativeConstructorAccessorImpl.newInstance(NativeConstructorAccessorImpl.java:62)
	at java.base/jdk.internal.reflect.DelegatingConstructorAccessorImpl.newInstance(DelegatingConstructorAccessorImpl.java:45)
	at java.base/java.lang.reflect.Constructor.newInstance(Constructor.java:490)
	at ptolemy.util.test.junit.AutoKnownFailedTests.RunModel(AutoKnownFailedTests.java:105)
	at java.base/jdk.internal.reflect.NativeMethodAccessorImpl.invoke0(Native Method)
	at java.base/jdk.internal.reflect.NativeMethodAccessorImpl.invoke(NativeMethodAccessorImpl.java:62)
	at java.base/jdk.internal.reflect.DelegatingMethodAccessorImpl.invoke(DelegatingMethodAccessorImpl.java:43)
	at java.base/java.lang.reflect.Method.invoke(Method.java:566)
	at org.junit.runners.model.FrameworkMethod$1.runReflectiveCall(FrameworkMethod.java:44)
	at org.junit.internal.runners.model.ReflectiveCallable.run(ReflectiveCallable.java:15)
	at org.junit.runners.model.FrameworkMethod.invokeExplosively(FrameworkMethod.java:41)
	at junitparams.internal.InvokeParameterisedMethod.evaluate(InvokeParameterisedMethod.java:102)
	at org.junit.internal.runners.statements.FailOnTimeout$1.run(FailOnTimeout.java:28)
Caused by: ptolemy.kernel.util.IllegalActionException: Found a zero delay loop containing .dependencyLoop.original
  in .dependencyLoop and .dependencyLoop.original
	at ptolemy.actor.util.CausalityInterfaceForComposites._computeOutputPortDepth(CausalityInterfaceForComposites.java:759)
	at ptolemy.actor.util.CausalityInterfaceForComposites._computeInputDepth(CausalityInterfaceForComposites.java:696)
	at ptolemy.actor.util.CausalityInterfaceForComposites._computeOutputPortDepth(CausalityInterfaceForComposites.java:765)
	at ptolemy.actor.util.CausalityInterfaceForComposites._computeInputDepth(CausalityInterfaceForComposites.java:696)
	at ptolemy.actor.util.CausalityInterfaceForComposites._computeOutputPortDepth(CausalityInterfaceForComposites.java:765)
	at ptolemy.actor.util.CausalityInterfaceForComposites._computeInputDepth(CausalityInterfaceForComposites.java:696)
	at ptolemy.actor.util.CausalityInterfaceForComposites._computeActorDepth(CausalityInterfaceForComposites.java:532)
	at ptolemy.actor.util.CausalityInterfaceForComposites.checkForCycles(CausalityInterfaceForComposites.java:96)
	at ptolemy.domains.de.kernel.DEDirector.preinitialize(DEDirector.java:1338)
	at ptolemy.actor.CompositeActor.preinitialize(CompositeActor.java:1828)
	at ptolemy.actor.Manager.preinitializeAndResolveTypes(Manager.java:1040)
	at ptolemy.actor.Manager.initialize(Manager.java:710)
	at ptolemy.actor.Manager.execute(Manager.java:356)
	at ptolemy.actor.Manager.run(Manager.java:1263)
	at ptolemy.actor.Manager$PtolemyRunThread.run(Manager.java:1933)
java.lang.RuntimeException: Execution failed
	at ptolemy.moml.MoMLSimpleApplication$UnloadThread.run(MoMLSimpleApplication.java:402)
Caused by: ptolemy.kernel.util.IllegalActionException: Found a zero delay loop containing .dependencyLoop2.original
  in .dependencyLoop2 and .dependencyLoop2.original
	at ptolemy.actor.util.CausalityInterfaceForComposites._computeOutputPortDepth(CausalityInterfaceForComposites.java:759)
	at ptolemy.actor.util.CausalityInterfaceForComposites._computeInputDepth(CausalityInterfaceForComposites.java:696)
	at ptolemy.actor.util.CausalityInterfaceForComposites._computeOutputPortDepth(CausalityInterfaceForComposites.java:765)
	at ptolemy.actor.util.CausalityInterfaceForComposites._computeInputDepth(CausalityInterfaceForComposites.java:696)
	at ptolemy.actor.util.CausalityInterfaceForComposites._computeOutputPortDepth(CausalityInterfaceForComposites.java:765)
	at ptolemy.actor.util.CausalityInterfaceForComposites._computeInputDepth(CausalityInterfaceForComposites.java:696)
	at ptolemy.actor.util.CausalityInterfaceForComposites._computeActorDepth(CausalityInterfaceForComposites.java:532)
	at ptolemy.actor.util.CausalityInterfaceForComposites.checkForCycles(CausalityInterfaceForComposites.java:96)
	at ptolemy.domains.de.kernel.DEDirector.preinitialize(DEDirector.java:1338)
	at ptolemy.actor.CompositeActor.preinitialize(CompositeActor.java:1828)
	at ptolemy.actor.Manager.preinitializeAndResolveTypes(Manager.java:1040)
	at ptolemy.actor.Manager.initialize(Manager.java:710)
	at ptolemy.actor.Manager.execute(Manager.java:356)
	at ptolemy.actor.Manager.run(Manager.java:1263)
	at ptolemy.actor.Manager$PtolemyRunThread.run(Manager.java:1933)
java.lang.reflect.InvocationTargetException
	at java.base/jdk.internal.reflect.NativeConstructorAccessorImpl.newInstance0(Native Method)
	at java.base/jdk.internal.reflect.NativeConstructorAccessorImpl.newInstance(NativeConstructorAccessorImpl.java:62)
	at java.base/jdk.internal.reflect.DelegatingConstructorAccessorImpl.newInstance(DelegatingConstructorAccessorImpl.java:45)
	at java.base/java.lang.reflect.Constructor.newInstance(Constructor.java:490)
	at ptolemy.util.test.junit.AutoKnownFailedTests.RunModel(AutoKnownFailedTests.java:105)
	at java.base/jdk.internal.reflect.NativeMethodAccessorImpl.invoke0(Native Method)
	at java.base/jdk.internal.reflect.NativeMethodAccessorImpl.invoke(NativeMethodAccessorImpl.java:62)
	at java.base/jdk.internal.reflect.DelegatingMethodAccessorImpl.invoke(DelegatingMethodAccessorImpl.java:43)
	at java.base/java.lang.reflect.Method.invoke(Method.java:566)
	at org.junit.runners.model.FrameworkMethod$1.runReflectiveCall(FrameworkMethod.java:44)
	at org.junit.internal.runners.model.ReflectiveCallable.run(ReflectiveCallable.java:15)
	at org.junit.runners.model.FrameworkMethod.invokeExplosively(FrameworkMethod.java:41)
	at junitparams.internal.InvokeParameterisedMethod.evaluate(InvokeParameterisedMethod.java:102)
	at org.junit.internal.runners.statements.FailOnTimeout$1.run(FailOnTimeout.java:28)
Caused by: ptolemy.kernel.util.IllegalActionException: Found a zero delay loop containing .dependencyLoop2.original
  in .dependencyLoop2 and .dependencyLoop2.original
	at ptolemy.actor.util.CausalityInterfaceForComposites._computeOutputPortDepth(CausalityInterfaceForComposites.java:759)
	at ptolemy.actor.util.CausalityInterfaceForComposites._computeInputDepth(CausalityInterfaceForComposites.java:696)
	at ptolemy.actor.util.CausalityInterfaceForComposites._computeOutputPortDepth(CausalityInterfaceForComposites.java:765)
	at ptolemy.actor.util.CausalityInterfaceForComposites._computeInputDepth(CausalityInterfaceForComposites.java:696)
	at ptolemy.actor.util.CausalityInterfaceForComposites._computeOutputPortDepth(CausalityInterfaceForComposites.java:765)
	at ptolemy.actor.util.CausalityInterfaceForComposites._computeInputDepth(CausalityInterfaceForComposites.java:696)
	at ptolemy.actor.util.CausalityInterfaceForComposites._computeActorDepth(CausalityInterfaceForComposites.java:532)
	at ptolemy.actor.util.CausalityInterfaceForComposites.checkForCycles(CausalityInterfaceForComposites.java:96)
	at ptolemy.domains.de.kernel.DEDirector.preinitialize(DEDirector.java:1338)
	at ptolemy.actor.CompositeActor.preinitialize(CompositeActor.java:1828)
	at ptolemy.actor.Manager.preinitializeAndResolveTypes(Manager.java:1040)
	at ptolemy.actor.Manager.initialize(Manager.java:710)
	at ptolemy.actor.Manager.execute(Manager.java:356)
	at ptolemy.actor.Manager.run(Manager.java:1263)
	at ptolemy.actor.Manager$PtolemyRunThread.run(Manager.java:1933)
]]></system-err>
</testsuite>
