<?xml version="1.0" encoding="UTF-8" ?>
<testsuite errors="0" failures="0" hostname="travis-job-d66eb80f-4c74-47da-906f-ee0eb524feeb" name="ptolemy.domains.continuous.test.junit.JUnitTclTest" skipped="0" tests="156" time="69.583" timestamp="2020-10-06T16:07:13">
  <properties>
[...]
</properties>
  <testcase classname="ptolemy.util.test.junit.TclTests" name="[0] ThereAreNoTclTests (RunTclFile)" time="0.019" />
  <testcase classname="ptolemy.util.test.junit.AutoKnownFailedTests" name="[0] ThereAreNoKnowFailedTests (RunModel)" time="0.003" />
  <testcase classname="ptolemy.util.test.junit.AutoNameArchTests" name="[0] ThereAreNoAutoArchTests (RunModel)" time="0.022" />
  <testcase classname="ptolemy.util.test.junit.AutoTests" name="[0] /home/travis/build/icyphy/ptII/ptolemy/domains/continuous/test/auto/BouncingBall.xml (RunModel)" time="2.919" />
  <testcase classname="ptolemy.util.test.junit.AutoTests" name="[1] /home/travis/build/icyphy/ptII/ptolemy/domains/continuous/test/auto/BouncingBallWithoutGR.xml (RunModel)" time="0.974" />
  <testcase classname="ptolemy.util.test.junit.AutoTests" name="[2] /home/travis/build/icyphy/ptII/ptolemy/domains/continuous/test/auto/Brownian.xml (RunModel)" time="0.118" />
  <testcase classname="ptolemy.util.test.junit.AutoTests" name="[3] /home/travis/build/icyphy/ptII/ptolemy/domains/continuous/test/auto/CarTracking.xml (RunModel)" time="4.039" />
  <testcase classname="ptolemy.util.test.junit.AutoTests" name="[4] /home/travis/build/icyphy/ptII/ptolemy/domains/continuous/test/auto/CartPendulum.xml (RunModel)" time="0.501" />
  <testcase classname="ptolemy.util.test.junit.AutoTests" name="[5] /home/travis/build/icyphy/ptII/ptolemy/domains/continuous/test/auto/CausalityInterface10.xml (RunModel)" time="0.058" />
  <testcase classname="ptolemy.util.test.junit.AutoTests" name="[6] /home/travis/build/icyphy/ptII/ptolemy/domains/continuous/test/auto/CausalityInterface11.xml (RunModel)" time="0.038" />
  <testcase classname="ptolemy.util.test.junit.AutoTests" name="[7] /home/travis/build/icyphy/ptII/ptolemy/domains/continuous/test/auto/CausalityInterface12.xml (RunModel)" time="0.036" />
  <testcase classname="ptolemy.util.test.junit.AutoTests" name="[8] /home/travis/build/icyphy/ptII/ptolemy/domains/continuous/test/auto/CausalityInterface13.xml (RunModel)" time="0.035" />
  <testcase classname="ptolemy.util.test.junit.AutoTests" name="[9] /home/travis/build/icyphy/ptII/ptolemy/domains/continuous/test/auto/CausalityInterface14.xml (RunModel)" time="0.027" />
  <testcase classname="ptolemy.util.test.junit.AutoTests" name="[10] /home/travis/build/icyphy/ptII/ptolemy/domains/continuous/test/auto/CausalityInterface4.xml (RunModel)" time="0.047" />
  <testcase classname="ptolemy.util.test.junit.AutoTests" name="[11] /home/travis/build/icyphy/ptII/ptolemy/domains/continuous/test/auto/CausalityInterface5.xml (RunModel)" time="0.043" />
  <testcase classname="ptolemy.util.test.junit.AutoTests" name="[12] /home/travis/build/icyphy/ptII/ptolemy/domains/continuous/test/auto/CausalityInterface6.xml (RunModel)" time="0.025" />
  <testcase classname="ptolemy.util.test.junit.AutoTests" name="[13] /home/travis/build/icyphy/ptII/ptolemy/domains/continuous/test/auto/CausalityInterface7.xml (RunModel)" time="0.038" />
  <testcase classname="ptolemy.util.test.junit.AutoTests" name="[14] /home/travis/build/icyphy/ptII/ptolemy/domains/continuous/test/auto/CausalityInterface8.xml (RunModel)" time="0.047" />
  <testcase classname="ptolemy.util.test.junit.AutoTests" name="[15] /home/travis/build/icyphy/ptII/ptolemy/domains/continuous/test/auto/CausalityInterface9.xml (RunModel)" time="0.058" />
  <testcase classname="ptolemy.util.test.junit.AutoTests" name="[16] /home/travis/build/icyphy/ptII/ptolemy/domains/continuous/test/auto/CausalityInterfaceFeedback1.xml (RunModel)" time="0.037" />
  <testcase classname="ptolemy.util.test.junit.AutoTests" name="[17] /home/travis/build/icyphy/ptII/ptolemy/domains/continuous/test/auto/CausalityInterfaceFeedback2.xml (RunModel)" time="0.037" />
  <testcase classname="ptolemy.util.test.junit.AutoTests" name="[18] /home/travis/build/icyphy/ptII/ptolemy/domains/continuous/test/auto/CompareWithCurrentTime.xml (RunModel)" time="0.025" />
  <testcase classname="ptolemy.util.test.junit.AutoTests" name="[19] /home/travis/build/icyphy/ptII/ptolemy/domains/continuous/test/auto/ComparedClocks.xml (RunModel)" time="0.083" />
  <testcase classname="ptolemy.util.test.junit.AutoTests" name="[20] /home/travis/build/icyphy/ptII/ptolemy/domains/continuous/test/auto/ContinuousAOCClone.xml (RunModel)" time="2.43" />
  <testcase classname="ptolemy.util.test.junit.AutoTests" name="[21] /home/travis/build/icyphy/ptII/ptolemy/domains/continuous/test/auto/ContinuousClock.xml (RunModel)" time="0.087" />
  <testcase classname="ptolemy.util.test.junit.AutoTests" name="[22] /home/travis/build/icyphy/ptII/ptolemy/domains/continuous/test/auto/ContinuousInContinuous.xml (RunModel)" time="0.089" />
  <testcase classname="ptolemy.util.test.junit.AutoTests" name="[23] /home/travis/build/icyphy/ptII/ptolemy/domains/continuous/test/auto/ContinuousInContinuousInContinuous.xml (RunModel)" time="0.028" />
  <testcase classname="ptolemy.util.test.junit.AutoTests" name="[24] /home/travis/build/icyphy/ptII/ptolemy/domains/continuous/test/auto/ContinuousInDE.xml (RunModel)" time="0.122" />
  <testcase classname="ptolemy.util.test.junit.AutoTests" name="[25] /home/travis/build/icyphy/ptII/ptolemy/domains/continuous/test/auto/ContinuousInDE2.xml (RunModel)" time="0.047" />
  <testcase classname="ptolemy.util.test.junit.AutoTests" name="[26] /home/travis/build/icyphy/ptII/ptolemy/domains/continuous/test/auto/ContinuousInDE3.xml (RunModel)" time="0.051" />
  <testcase classname="ptolemy.util.test.junit.AutoTests" name="[27] /home/travis/build/icyphy/ptII/ptolemy/domains/continuous/test/auto/ContinuousInDE4.xml (RunModel)" time="0.04" />
  <testcase classname="ptolemy.util.test.junit.AutoTests" name="[28] /home/travis/build/icyphy/ptII/ptolemy/domains/continuous/test/auto/ContinuousInDEDifferentRefinements.xml (RunModel)" time="0.106" />
  <testcase classname="ptolemy.util.test.junit.AutoTests" name="[29] /home/travis/build/icyphy/ptII/ptolemy/domains/continuous/test/auto/ContinuousInDEDifferentRefinementsPreemptive.xml (RunModel)" time="0.088" />
  <testcase classname="ptolemy.util.test.junit.AutoTests" name="[30] /home/travis/build/icyphy/ptII/ptolemy/domains/continuous/test/auto/ContinuousInDEInContinuous2.xml (RunModel)" time="0.054" />
  <testcase classname="ptolemy.util.test.junit.AutoTests" name="[31] /home/travis/build/icyphy/ptII/ptolemy/domains/continuous/test/auto/ContinuousInDEInContinuous3.xml (RunModel)" time="0.053" />
  <testcase classname="ptolemy.util.test.junit.AutoTests" name="[32] /home/travis/build/icyphy/ptII/ptolemy/domains/continuous/test/auto/ContinuousInDEInput.xml (RunModel)" time="0.031" />
  <testcase classname="ptolemy.util.test.junit.AutoTests" name="[33] /home/travis/build/icyphy/ptII/ptolemy/domains/continuous/test/auto/ContinuousInDEInput2.xml (RunModel)" time="0.031" />
  <testcase classname="ptolemy.util.test.junit.AutoTests" name="[34] /home/travis/build/icyphy/ptII/ptolemy/domains/continuous/test/auto/ContinuousInDEInput3.xml (RunModel)" time="0.029" />
  <testcase classname="ptolemy.util.test.junit.AutoTests" name="[35] /home/travis/build/icyphy/ptII/ptolemy/domains/continuous/test/auto/ContinuousInDESharingRefinement.xml (RunModel)" time="0.173" />
  <testcase classname="ptolemy.util.test.junit.AutoTests" name="[36] /home/travis/build/icyphy/ptII/ptolemy/domains/continuous/test/auto/ContinuousInDEwithNoPorts.xml (RunModel)" time="0.026" />
  <testcase classname="ptolemy.util.test.junit.AutoTests" name="[37] /home/travis/build/icyphy/ptII/ptolemy/domains/continuous/test/auto/ContinuousInsideDE.xml (RunModel)" time="0.061" />
  <testcase classname="ptolemy.util.test.junit.AutoTests" name="[38] /home/travis/build/icyphy/ptII/ptolemy/domains/continuous/test/auto/ContinuousMerge1.xml (RunModel)" time="0.017" />
  <testcase classname="ptolemy.util.test.junit.AutoTests" name="[39] /home/travis/build/icyphy/ptII/ptolemy/domains/continuous/test/auto/ContinuousMerge2.xml (RunModel)" time="0.04" />
  <testcase classname="ptolemy.util.test.junit.AutoTests" name="[40] /home/travis/build/icyphy/ptII/ptolemy/domains/continuous/test/auto/ContinuousMerge3.xml (RunModel)" time="0.053" />
  <testcase classname="ptolemy.util.test.junit.AutoTests" name="[41] /home/travis/build/icyphy/ptII/ptolemy/domains/continuous/test/auto/ContinuousWithinContinuous.xml (RunModel)" time="0.054" />
  <testcase classname="ptolemy.util.test.junit.AutoTests" name="[42] /home/travis/build/icyphy/ptII/ptolemy/domains/continuous/test/auto/ContinuousWithinContinuous2.xml (RunModel)" time="0.066" />
  <testcase classname="ptolemy.util.test.junit.AutoTests" name="[43] /home/travis/build/icyphy/ptII/ptolemy/domains/continuous/test/auto/ContinuousWithinContinuous3.xml (RunModel)" time="0.024" />
  <testcase classname="ptolemy.util.test.junit.AutoTests" name="[44] /home/travis/build/icyphy/ptII/ptolemy/domains/continuous/test/auto/ContinuousWithinContinuous4.xml (RunModel)" time="0.079" />
  <testcase classname="ptolemy.util.test.junit.AutoTests" name="[45] /home/travis/build/icyphy/ptII/ptolemy/domains/continuous/test/auto/ContinuousWithinContinuous5.xml (RunModel)" time="0.039" />
  <testcase classname="ptolemy.util.test.junit.AutoTests" name="[46] /home/travis/build/icyphy/ptII/ptolemy/domains/continuous/test/auto/ContinuousWithinContinuous6.xml (RunModel)" time="0.027" />
  <testcase classname="ptolemy.util.test.junit.AutoTests" name="[47] /home/travis/build/icyphy/ptII/ptolemy/domains/continuous/test/auto/ContinuousWithinContinuous7.xml (RunModel)" time="0.067" />
  <testcase classname="ptolemy.util.test.junit.AutoTests" name="[48] /home/travis/build/icyphy/ptII/ptolemy/domains/continuous/test/auto/DCMotor.xml (RunModel)" time="13.22" />
  <testcase classname="ptolemy.util.test.junit.AutoTests" name="[49] /home/travis/build/icyphy/ptII/ptolemy/domains/continuous/test/auto/DEInContinuous.xml (RunModel)" time="0.044" />
  <testcase classname="ptolemy.util.test.junit.AutoTests" name="[50] /home/travis/build/icyphy/ptII/ptolemy/domains/continuous/test/auto/DEinContinuous2.xml (RunModel)" time="0.029" />
  <testcase classname="ptolemy.util.test.junit.AutoTests" name="[51] /home/travis/build/icyphy/ptII/ptolemy/domains/continuous/test/auto/Derivative.xml (RunModel)" time="0.172" />
  <testcase classname="ptolemy.util.test.junit.AutoTests" name="[52] /home/travis/build/icyphy/ptII/ptolemy/domains/continuous/test/auto/Derivative1.xml (RunModel)" time="0.054" />
  <testcase classname="ptolemy.util.test.junit.AutoTests" name="[53] /home/travis/build/icyphy/ptII/ptolemy/domains/continuous/test/auto/DiscreteClock.xml (RunModel)" time="0.013" />
  <testcase classname="ptolemy.util.test.junit.AutoTests" name="[54] /home/travis/build/icyphy/ptII/ptolemy/domains/continuous/test/auto/EfficiencyCurve.xml (RunModel)" time="0.063" />
  <testcase classname="ptolemy.util.test.junit.AutoTests" name="[55] /home/travis/build/icyphy/ptII/ptolemy/domains/continuous/test/auto/ExponentialResponse.xml (RunModel)" time="0.118" />
  <testcase classname="ptolemy.util.test.junit.AutoTests" name="[56] /home/travis/build/icyphy/ptII/ptolemy/domains/continuous/test/auto/ExponentialResponseRK45.xml (RunModel)" time="0.034" />
  <testcase classname="ptolemy.util.test.junit.AutoTests" name="[57] /home/travis/build/icyphy/ptII/ptolemy/domains/continuous/test/auto/Friction.xml (RunModel)" time="1.554" />
  <testcase classname="ptolemy.util.test.junit.AutoTests" name="[58] /home/travis/build/icyphy/ptII/ptolemy/domains/continuous/test/auto/FurutaPendulum.xml (RunModel)" time="3.053" />
  <testcase classname="ptolemy.util.test.junit.AutoTests" name="[59] /home/travis/build/icyphy/ptII/ptolemy/domains/continuous/test/auto/HierarchicalExecution.xml (RunModel)" time="1.764" />
  <testcase classname="ptolemy.util.test.junit.AutoTests" name="[60] /home/travis/build/icyphy/ptII/ptolemy/domains/continuous/test/auto/HybridPlant.xml (RunModel)" time="0.587" />
  <testcase classname="ptolemy.util.test.junit.AutoTests" name="[61] /home/travis/build/icyphy/ptII/ptolemy/domains/continuous/test/auto/Hysteresis.xml (RunModel)" time="0.188" />
  <testcase classname="ptolemy.util.test.junit.AutoTests" name="[62] /home/travis/build/icyphy/ptII/ptolemy/domains/continuous/test/auto/HysteresisWithRandomDelay.xml (RunModel)" time="0.225" />
  <testcase classname="ptolemy.util.test.junit.AutoTests" name="[63] /home/travis/build/icyphy/ptII/ptolemy/domains/continuous/test/auto/HysteresisWithRandomLosses.xml (RunModel)" time="2.227" />
  <testcase classname="ptolemy.util.test.junit.AutoTests" name="[64] /home/travis/build/icyphy/ptII/ptolemy/domains/continuous/test/auto/ImmediateTransitions.xml (RunModel)" time="0.027" />
  <testcase classname="ptolemy.util.test.junit.AutoTests" name="[65] /home/travis/build/icyphy/ptII/ptolemy/domains/continuous/test/auto/ImpulseFeedback.xml (RunModel)" time="0.023" />
  <testcase classname="ptolemy.util.test.junit.AutoTests" name="[66] /home/travis/build/icyphy/ptII/ptolemy/domains/continuous/test/auto/ImpulseFeedback2.xml (RunModel)" time="0.014" />
  <testcase classname="ptolemy.util.test.junit.AutoTests" name="[67] /home/travis/build/icyphy/ptII/ptolemy/domains/continuous/test/auto/IncreasingRatePoisson.xml (RunModel)" time="0.694" />
  <testcase classname="ptolemy.util.test.junit.AutoTests" name="[68] /home/travis/build/icyphy/ptII/ptolemy/domains/continuous/test/auto/InitialStateFeedback.xml (RunModel)" time="0.019" />
  <testcase classname="ptolemy.util.test.junit.AutoTests" name="[69] /home/travis/build/icyphy/ptII/ptolemy/domains/continuous/test/auto/Integration.xml (RunModel)" time="0.009" />
  <testcase classname="ptolemy.util.test.junit.AutoTests" name="[70] /home/travis/build/icyphy/ptII/ptolemy/domains/continuous/test/auto/Integration2.xml (RunModel)" time="0.077" />
  <testcase classname="ptolemy.util.test.junit.AutoTests" name="[71] /home/travis/build/icyphy/ptII/ptolemy/domains/continuous/test/auto/Integration3.xml (RunModel)" time="0.029" />
  <testcase classname="ptolemy.util.test.junit.AutoTests" name="[72] /home/travis/build/icyphy/ptII/ptolemy/domains/continuous/test/auto/Integration5.xml (RunModel)" time="0.012" />
  <testcase classname="ptolemy.util.test.junit.AutoTests" name="[73] /home/travis/build/icyphy/ptII/ptolemy/domains/continuous/test/auto/IntegratorImpulse.xml (RunModel)" time="0.009" />
  <testcase classname="ptolemy.util.test.junit.AutoTests" name="[74] /home/travis/build/icyphy/ptII/ptolemy/domains/continuous/test/auto/IntegratorImpulse2.xml (RunModel)" time="0.011" />
  <testcase classname="ptolemy.util.test.junit.AutoTests" name="[75] /home/travis/build/icyphy/ptII/ptolemy/domains/continuous/test/auto/LevelCrossing1.xml (RunModel)" time="0.011" />
  <testcase classname="ptolemy.util.test.junit.AutoTests" name="[76] /home/travis/build/icyphy/ptII/ptolemy/domains/continuous/test/auto/LevelCrossing2.xml (RunModel)" time="0.016" />
  <testcase classname="ptolemy.util.test.junit.AutoTests" name="[77] /home/travis/build/icyphy/ptII/ptolemy/domains/continuous/test/auto/LevelCrossing3.xml (RunModel)" time="0.015" />
  <testcase classname="ptolemy.util.test.junit.AutoTests" name="[78] /home/travis/build/icyphy/ptII/ptolemy/domains/continuous/test/auto/LevelCrossing4.xml (RunModel)" time="0.014" />
  <testcase classname="ptolemy.util.test.junit.AutoTests" name="[79] /home/travis/build/icyphy/ptII/ptolemy/domains/continuous/test/auto/LevelCrossing5.xml (RunModel)" time="0.016" />
  <testcase classname="ptolemy.util.test.junit.AutoTests" name="[80] /home/travis/build/icyphy/ptII/ptolemy/domains/continuous/test/auto/LevelCrossing6.xml (RunModel)" time="0.018" />
  <testcase classname="ptolemy.util.test.junit.AutoTests" name="[81] /home/travis/build/icyphy/ptII/ptolemy/domains/continuous/test/auto/LevelCrossingDetector.xml (RunModel)" time="0.034" />
  <testcase classname="ptolemy.util.test.junit.AutoTests" name="[82] /home/travis/build/icyphy/ptII/ptolemy/domains/continuous/test/auto/LevelCrossingDetectorDetectingDirections.xml (RunModel)" time="0.088" />
  <testcase classname="ptolemy.util.test.junit.AutoTests" name="[83] /home/travis/build/icyphy/ptII/ptolemy/domains/continuous/test/auto/LevelCrossingDetectorDetectsGlitches.xml (RunModel)" time="0.057" />
  <testcase classname="ptolemy.util.test.junit.AutoTests" name="[84] /home/travis/build/icyphy/ptII/ptolemy/domains/continuous/test/auto/LevelCrossingNoInitialOuput.xml (RunModel)" time="0.014" />
  <testcase classname="ptolemy.util.test.junit.AutoTests" name="[85] /home/travis/build/icyphy/ptII/ptolemy/domains/continuous/test/auto/LinearStateSpaceExample.xml (RunModel)" time="0.07" />
  <testcase classname="ptolemy.util.test.junit.AutoTests" name="[86] /home/travis/build/icyphy/ptII/ptolemy/domains/continuous/test/auto/Lorenz.xml (RunModel)" time="3.131" />
  <testcase classname="ptolemy.util.test.junit.AutoTests" name="[87] /home/travis/build/icyphy/ptII/ptolemy/domains/continuous/test/auto/LorenzDifferentialSystem.xml (RunModel)" time="0.949" />
  <testcase classname="ptolemy.util.test.junit.AutoTests" name="[88] /home/travis/build/icyphy/ptII/ptolemy/domains/continuous/test/auto/LorenzDifferentialSystemWithInput.xml (RunModel)" time="1.181" />
  <testcase classname="ptolemy.util.test.junit.AutoTests" name="[89] /home/travis/build/icyphy/ptII/ptolemy/domains/continuous/test/auto/LorenzDifferentialSystemWithTime.xml (RunModel)" time="0.635" />
  <testcase classname="ptolemy.util.test.junit.AutoTests" name="[90] /home/travis/build/icyphy/ptII/ptolemy/domains/continuous/test/auto/Microsteps.xml (RunModel)" time="0.034" />
  <testcase classname="ptolemy.util.test.junit.AutoTests" name="[91] /home/travis/build/icyphy/ptII/ptolemy/domains/continuous/test/auto/Modal1.xml (RunModel)" time="0.033" />
  <testcase classname="ptolemy.util.test.junit.AutoTests" name="[92] /home/travis/build/icyphy/ptII/ptolemy/domains/continuous/test/auto/Modal2.xml (RunModel)" time="0.056" />
  <testcase classname="ptolemy.util.test.junit.AutoTests" name="[93] /home/travis/build/icyphy/ptII/ptolemy/domains/continuous/test/auto/ModalTransitionGuardWithReset.xml (RunModel)" time="0.031" />
  <testcase classname="ptolemy.util.test.junit.AutoTests" name="[94] /home/travis/build/icyphy/ptII/ptolemy/domains/continuous/test/auto/ModalTransitionGuardWithResetUsingPreemptiveTransition.xml (RunModel)" time="0.022" />
  <testcase classname="ptolemy.util.test.junit.AutoTests" name="[95] /home/travis/build/icyphy/ptII/ptolemy/domains/continuous/test/auto/ModalTransitionGuardWithResetUsingPreemptiveTransition2.xml (RunModel)" time="0.028" />
  <testcase classname="ptolemy.util.test.junit.AutoTests" name="[96] /home/travis/build/icyphy/ptII/ptolemy/domains/continuous/test/auto/ModalTransitionGuardWithResetUsingPreemptiveTransition3.xml (RunModel)" time="0.025" />
  <testcase classname="ptolemy.util.test.junit.AutoTests" name="[97] /home/travis/build/icyphy/ptII/ptolemy/domains/continuous/test/auto/NewtonsCradle.xml (RunModel)" time="0.78" />
  <testcase classname="ptolemy.util.test.junit.AutoTests" name="[98] /home/travis/build/icyphy/ptII/ptolemy/domains/continuous/test/auto/NewtonsCradleAnimated.xml (RunModel)" time="1.201" />
  <testcase classname="ptolemy.util.test.junit.AutoTests" name="[99] /home/travis/build/icyphy/ptII/ptolemy/domains/continuous/test/auto/NewtonsCradleComplicated.xml (RunModel)" time="1.056" />
  <testcase classname="ptolemy.util.test.junit.AutoTests" name="[100] /home/travis/build/icyphy/ptII/ptolemy/domains/continuous/test/auto/NewtonsCradleNondeterministic.xml (RunModel)" time="0.646" />
  <testcase classname="ptolemy.util.test.junit.AutoTests" name="[101] /home/travis/build/icyphy/ptII/ptolemy/domains/continuous/test/auto/NewtonsCradlePerfectlyInelastic1.xml (RunModel)" time="1.198" />
  <testcase classname="ptolemy.util.test.junit.AutoTests" name="[102] /home/travis/build/icyphy/ptII/ptolemy/domains/continuous/test/auto/Noise.xml (RunModel)" time="0.176" />
  <testcase classname="ptolemy.util.test.junit.AutoTests" name="[103] /home/travis/build/icyphy/ptII/ptolemy/domains/continuous/test/auto/NoiseSpectrum.xml (RunModel)" time="0.666" />
  <testcase classname="ptolemy.util.test.junit.AutoTests" name="[104] /home/travis/build/icyphy/ptII/ptolemy/domains/continuous/test/auto/ParameterizedNewtonsCradleAnimated.xml (RunModel)" time="0.333" />
  <testcase classname="ptolemy.util.test.junit.AutoTests" name="[105] /home/travis/build/icyphy/ptII/ptolemy/domains/continuous/test/auto/ParameterizedNewtonsCradleAnimatedNondeterministic.xml (RunModel)" time="1.069" />
  <testcase classname="ptolemy.util.test.junit.AutoTests" name="[106] /home/travis/build/icyphy/ptII/ptolemy/domains/continuous/test/auto/Pendulum3D.xml (RunModel)" time="0.175" />
  <testcase classname="ptolemy.util.test.junit.AutoTests" name="[107] /home/travis/build/icyphy/ptII/ptolemy/domains/continuous/test/auto/PeriodicSampler.xml (RunModel)" time="0.013" />
  <testcase classname="ptolemy.util.test.junit.AutoTests" name="[108] /home/travis/build/icyphy/ptII/ptolemy/domains/continuous/test/auto/PeriodicSampler1.xml (RunModel)" time="0.039" />
  <testcase classname="ptolemy.util.test.junit.AutoTests" name="[109] /home/travis/build/icyphy/ptII/ptolemy/domains/continuous/test/auto/PeriodicSampler2.xml (RunModel)" time="0.072" />
  <testcase classname="ptolemy.util.test.junit.AutoTests" name="[110] /home/travis/build/icyphy/ptII/ptolemy/domains/continuous/test/auto/Poisson.xml (RunModel)" time="0.453" />
  <testcase classname="ptolemy.util.test.junit.AutoTests" name="[111] /home/travis/build/icyphy/ptII/ptolemy/domains/continuous/test/auto/PoissonClock.xml (RunModel)" time="0.011" />
  <testcase classname="ptolemy.util.test.junit.AutoTests" name="[112] /home/travis/build/icyphy/ptII/ptolemy/domains/continuous/test/auto/PoissonClock2.xml (RunModel)" time="0.017" />
  <testcase classname="ptolemy.util.test.junit.AutoTests" name="[113] /home/travis/build/icyphy/ptII/ptolemy/domains/continuous/test/auto/PortParameterHierarchy.xml (RunModel)" time="0.022" />
  <testcase classname="ptolemy.util.test.junit.AutoTests" name="[114] /home/travis/build/icyphy/ptII/ptolemy/domains/continuous/test/auto/RandomHybridPlant.xml (RunModel)" time="0.519" />
  <testcase classname="ptolemy.util.test.junit.AutoTests" name="[115] /home/travis/build/icyphy/ptII/ptolemy/domains/continuous/test/auto/ResetTransitionWithStartTime1.xml (RunModel)" time="0.027" />
  <testcase classname="ptolemy.util.test.junit.AutoTests" name="[116] /home/travis/build/icyphy/ptII/ptolemy/domains/continuous/test/auto/ResetTransitionWithStartTime2.xml (RunModel)" time="0.034" />
  <testcase classname="ptolemy.util.test.junit.AutoTests" name="[117] /home/travis/build/icyphy/ptII/ptolemy/domains/continuous/test/auto/ResetTransitionWithStartTime3.xml (RunModel)" time="0.045" />
  <testcase classname="ptolemy.util.test.junit.AutoTests" name="[118] /home/travis/build/icyphy/ptII/ptolemy/domains/continuous/test/auto/ResetTransitionWithStartTime4.xml (RunModel)" time="0.029" />
  <testcase classname="ptolemy.util.test.junit.AutoTests" name="[119] /home/travis/build/icyphy/ptII/ptolemy/domains/continuous/test/auto/ResetTransitionWithStartTime5.xml (RunModel)" time="0.033" />
  <testcase classname="ptolemy.util.test.junit.AutoTests" name="[120] /home/travis/build/icyphy/ptII/ptolemy/domains/continuous/test/auto/ResetTransitionWithStartTime6.xml (RunModel)" time="0.024" />
  <testcase classname="ptolemy.util.test.junit.AutoTests" name="[121] /home/travis/build/icyphy/ptII/ptolemy/domains/continuous/test/auto/SRinContinuous.xml (RunModel)" time="0.02" />
  <testcase classname="ptolemy.util.test.junit.AutoTests" name="[122] /home/travis/build/icyphy/ptII/ptolemy/domains/continuous/test/auto/SampledClocks.xml (RunModel)" time="0.033" />
  <testcase classname="ptolemy.util.test.junit.AutoTests" name="[123] /home/travis/build/icyphy/ptII/ptolemy/domains/continuous/test/auto/Satellite.xml (RunModel)" time="0.698" />
  <testcase classname="ptolemy.util.test.junit.AutoTests" name="[124] /home/travis/build/icyphy/ptII/ptolemy/domains/continuous/test/auto/SigmaDelta.xml (RunModel)" time="2.189" />
  <testcase classname="ptolemy.util.test.junit.AutoTests" name="[125] /home/travis/build/icyphy/ptII/ptolemy/domains/continuous/test/auto/SingleRefinement.xml (RunModel)" time="0.524" />
  <testcase classname="ptolemy.util.test.junit.AutoTests" name="[126] /home/travis/build/icyphy/ptII/ptolemy/domains/continuous/test/auto/SinuBouncingBall.xml (RunModel)" time="0.809" />
  <testcase classname="ptolemy.util.test.junit.AutoTests" name="[127] /home/travis/build/icyphy/ptII/ptolemy/domains/continuous/test/auto/Sinusoid.xml (RunModel)" time="0.015" />
  <testcase classname="ptolemy.util.test.junit.AutoTests" name="[128] /home/travis/build/icyphy/ptII/ptolemy/domains/continuous/test/auto/SinusoidInNoise.xml (RunModel)" time="0.87" />
  <testcase classname="ptolemy.util.test.junit.AutoTests" name="[129] /home/travis/build/icyphy/ptII/ptolemy/domains/continuous/test/auto/SinusoidRK45.xml (RunModel)" time="0.017" />
  <testcase classname="ptolemy.util.test.junit.AutoTests" name="[130] /home/travis/build/icyphy/ptII/ptolemy/domains/continuous/test/auto/SinusoidWithMultipleImpulses.xml (RunModel)" time="0.01" />
  <testcase classname="ptolemy.util.test.junit.AutoTests" name="[131] /home/travis/build/icyphy/ptII/ptolemy/domains/continuous/test/auto/SquareWave.xml (RunModel)" time="0.164" />
  <testcase classname="ptolemy.util.test.junit.AutoTests" name="[132] /home/travis/build/icyphy/ptII/ptolemy/domains/continuous/test/auto/Starmac.xml (RunModel)" time="3.35" />
  <testcase classname="ptolemy.util.test.junit.AutoTests" name="[133] /home/travis/build/icyphy/ptII/ptolemy/domains/continuous/test/auto/StaticUnits.xml (RunModel)" time="2.317" />
  <testcase classname="ptolemy.util.test.junit.AutoTests" name="[134] /home/travis/build/icyphy/ptII/ptolemy/domains/continuous/test/auto/StickyMasses.xml (RunModel)" time="0.284" />
  <testcase classname="ptolemy.util.test.junit.AutoTests" name="[135] /home/travis/build/icyphy/ptII/ptolemy/domains/continuous/test/auto/StopTime.xml (RunModel)" time="0.083" />
  <testcase classname="ptolemy.util.test.junit.AutoTests" name="[136] /home/travis/build/icyphy/ptII/ptolemy/domains/continuous/test/auto/StopTime2.xml (RunModel)" time="0.062" />
  <testcase classname="ptolemy.util.test.junit.AutoTests" name="[137] /home/travis/build/icyphy/ptII/ptolemy/domains/continuous/test/auto/Switch.xml (RunModel)" time="0.06" />
  <testcase classname="ptolemy.util.test.junit.AutoTests" name="[138] /home/travis/build/icyphy/ptII/ptolemy/domains/continuous/test/auto/Thermostat.xml (RunModel)" time="0.212" />
  <testcase classname="ptolemy.util.test.junit.AutoTests" name="[139] /home/travis/build/icyphy/ptII/ptolemy/domains/continuous/test/auto/TimeDelay.xml (RunModel)" time="0.013" />
  <testcase classname="ptolemy.util.test.junit.AutoTests" name="[140] /home/travis/build/icyphy/ptII/ptolemy/domains/continuous/test/auto/TimeDelay2.xml (RunModel)" time="0.026" />
  <testcase classname="ptolemy.util.test.junit.AutoTests" name="[141] /home/travis/build/icyphy/ptII/ptolemy/domains/continuous/test/auto/TimeDelay3.xml (RunModel)" time="0.011" />
  <testcase classname="ptolemy.util.test.junit.AutoTests" name="[142] /home/travis/build/icyphy/ptII/ptolemy/domains/continuous/test/auto/TransferAbsentToInside.xml (RunModel)" time="0.112" />
  <testcase classname="ptolemy.util.test.junit.AutoTests" name="[143] /home/travis/build/icyphy/ptII/ptolemy/domains/continuous/test/auto/Transmission.xml (RunModel)" time="0.796" />
  <testcase classname="ptolemy.util.test.junit.AutoTests" name="[144] /home/travis/build/icyphy/ptII/ptolemy/domains/continuous/test/auto/TriggeredContinuousClock.xml (RunModel)" time="0.066" />
  <testcase classname="ptolemy.util.test.junit.AutoTests" name="[145] /home/travis/build/icyphy/ptII/ptolemy/domains/continuous/test/auto/TwoMachineInfiniteBusControl.xml (RunModel)" time="2.31" />
  <testcase classname="ptolemy.util.test.junit.AutoTests" name="[146] /home/travis/build/icyphy/ptII/ptolemy/domains/continuous/test/auto/V2V.xml (RunModel)" time="0.73" />
  <testcase classname="ptolemy.util.test.junit.AutoTests" name="[147] /home/travis/build/icyphy/ptII/ptolemy/domains/continuous/test/auto/hierarchicalModalModel.xml (RunModel)" time="0.036" />
  <testcase classname="ptolemy.util.test.junit.AutoTests" name="[148] /home/travis/build/icyphy/ptII/ptolemy/domains/continuous/test/auto/hierarchicalModalModel1.xml (RunModel)" time="0.028" />
  <testcase classname="ptolemy.util.test.junit.AutoTests" name="[149] /home/travis/build/icyphy/ptII/ptolemy/domains/continuous/test/auto/hierarchicalModalModel2.xml (RunModel)" time="0.025" />
  <testcase classname="ptolemy.util.test.junit.AutoTests" name="[150] /home/travis/build/icyphy/ptII/ptolemy/domains/continuous/test/auto/hierarchicalModalModel3.xml (RunModel)" time="0.021" />
  <testcase classname="ptolemy.util.test.junit.AutoTests" name="[151] /home/travis/build/icyphy/ptII/ptolemy/domains/continuous/test/auto/hierarchicalModalModel4.xml (RunModel)" time="0.022" />
  <testcase classname="ptolemy.util.test.junit.AutoTests" name="[152] /home/travis/build/icyphy/ptII/ptolemy/domains/continuous/test/auto/junk.xml (RunModel)" time="0.126" />
  <system-out><![CDATA[No tcl tests in /home/travis/build/icyphy/ptII/ptolemy/domains/continuous/test
No auto/knownFailedTests/*.xml tests in /home/travis/build/icyphy/ptII/ptolemy/domains/continuous/test
No auto/linux-amd64/*.xml tests in /home/travis/build/icyphy/ptII/ptolemy/domains/continuous/test
AutoTests.java: About to close Vertx.
AutoTests.java: Vertx closed.

===========================================================================================
----------------- testing Tue Oct 06 16:07:14 UTC 2020 /home/travis/build/icyphy/ptII/ptolemy/domains/continuous/test/auto/BouncingBall.xml
----------------- Instantiating /home/travis/build/icyphy/ptII/ptolemy/domains/continuous/test/auto/BouncingBall.xml
2234 ms. Memory: 155648K Free: 68594K (44%)
----------------- Invoking toplevel() on ptolemy.moml.MoMLSimpleApplication@3c2b036b
----------------- Done invoking toplevel() on ptolemy.moml.MoMLSimpleApplication@3c2b036b
reloadAllAccessors: .BouncingBall

===========================================================================================
----------------- testing Tue Oct 06 16:07:16 UTC 2020 /home/travis/build/icyphy/ptII/ptolemy/domains/continuous/test/auto/BouncingBallWithoutGR.xml
----------------- Instantiating /home/travis/build/icyphy/ptII/ptolemy/domains/continuous/test/auto/BouncingBallWithoutGR.xml
818 ms. Memory: 187392K Free: 104018K (56%)
----------------- Invoking toplevel() on ptolemy.moml.MoMLSimpleApplication@251af5a8
----------------- Done invoking toplevel() on ptolemy.moml.MoMLSimpleApplication@251af5a8
reloadAllAccessors: .BouncingBallWithoutGR

===========================================================================================
----------------- testing Tue Oct 06 16:07:17 UTC 2020 /home/travis/build/icyphy/ptII/ptolemy/domains/continuous/test/auto/Brownian.xml
----------------- Instantiating /home/travis/build/icyphy/ptII/ptolemy/domains/continuous/test/auto/Brownian.xml
25 ms. Memory: 187392K Free: 95312K (51%)
----------------- Invoking toplevel() on ptolemy.moml.MoMLSimpleApplication@678bbdf8
----------------- Done invoking toplevel() on ptolemy.moml.MoMLSimpleApplication@678bbdf8
reloadAllAccessors: .Brownian

===========================================================================================
----------------- testing Tue Oct 06 16:07:18 UTC 2020 /home/travis/build/icyphy/ptII/ptolemy/domains/continuous/test/auto/CarTracking.xml
----------------- Instantiating /home/travis/build/icyphy/ptII/ptolemy/domains/continuous/test/auto/CarTracking.xml
3551 ms. Memory: 225280K Free: 107699K (48%)
----------------- Invoking toplevel() on ptolemy.moml.MoMLSimpleApplication@6350c749
----------------- Done invoking toplevel() on ptolemy.moml.MoMLSimpleApplication@6350c749
reloadAllAccessors: .CarTracking

===========================================================================================
----------------- testing Tue Oct 06 16:07:22 UTC 2020 /home/travis/build/icyphy/ptII/ptolemy/domains/continuous/test/auto/CartPendulum.xml
----------------- Instantiating /home/travis/build/icyphy/ptII/ptolemy/domains/continuous/test/auto/CartPendulum.xml
371 ms. Memory: 225280K Free: 148987K (66%)
----------------- Invoking toplevel() on ptolemy.moml.MoMLSimpleApplication@1779c925
----------------- Done invoking toplevel() on ptolemy.moml.MoMLSimpleApplication@1779c925
reloadAllAccessors: .CartPendulum

===========================================================================================
----------------- testing Tue Oct 06 16:07:22 UTC 2020 /home/travis/build/icyphy/ptII/ptolemy/domains/continuous/test/auto/CausalityInterface10.xml
----------------- Instantiating /home/travis/build/icyphy/ptII/ptolemy/domains/continuous/test/auto/CausalityInterface10.xml
15 ms. Memory: 225280K Free: 138359K (61%)
----------------- Invoking toplevel() on ptolemy.moml.MoMLSimpleApplication@1f2f6b3b
----------------- Done invoking toplevel() on ptolemy.moml.MoMLSimpleApplication@1f2f6b3b
reloadAllAccessors: .CausalityInterface10

===========================================================================================
----------------- testing Tue Oct 06 16:07:22 UTC 2020 /home/travis/build/icyphy/ptII/ptolemy/domains/continuous/test/auto/CausalityInterface11.xml
----------------- Instantiating /home/travis/build/icyphy/ptII/ptolemy/domains/continuous/test/auto/CausalityInterface11.xml
10 ms. Memory: 225280K Free: 132215K (59%)
----------------- Invoking toplevel() on ptolemy.moml.MoMLSimpleApplication@535ee096
----------------- Done invoking toplevel() on ptolemy.moml.MoMLSimpleApplication@535ee096
reloadAllAccessors: .CausalityInterface11

===========================================================================================
----------------- testing Tue Oct 06 16:07:22 UTC 2020 /home/travis/build/icyphy/ptII/ptolemy/domains/continuous/test/auto/CausalityInterface12.xml
----------------- Instantiating /home/travis/build/icyphy/ptII/ptolemy/domains/continuous/test/auto/CausalityInterface12.xml
10 ms. Memory: 225280K Free: 126071K (56%)
----------------- Invoking toplevel() on ptolemy.moml.MoMLSimpleApplication@3a476c41
----------------- Done invoking toplevel() on ptolemy.moml.MoMLSimpleApplication@3a476c41
reloadAllAccessors: .CausalityInterface12

===========================================================================================
----------------- testing Tue Oct 06 16:07:22 UTC 2020 /home/travis/build/icyphy/ptII/ptolemy/domains/continuous/test/auto/CausalityInterface13.xml
----------------- Instantiating /home/travis/build/icyphy/ptII/ptolemy/domains/continuous/test/auto/CausalityInterface13.xml
7 ms. Memory: 225280K Free: 119927K (53%)
----------------- Invoking toplevel() on ptolemy.moml.MoMLSimpleApplication@313bcb2c
----------------- Done invoking toplevel() on ptolemy.moml.MoMLSimpleApplication@313bcb2c
reloadAllAccessors: .CausalityInterface13

===========================================================================================
----------------- testing Tue Oct 06 16:07:22 UTC 2020 /home/travis/build/icyphy/ptII/ptolemy/domains/continuous/test/auto/CausalityInterface14.xml
----------------- Instantiating /home/travis/build/icyphy/ptII/ptolemy/domains/continuous/test/auto/CausalityInterface14.xml
4 ms. Memory: 225280K Free: 114293K (51%)
----------------- Invoking toplevel() on ptolemy.moml.MoMLSimpleApplication@3dde2474
----------------- Done invoking toplevel() on ptolemy.moml.MoMLSimpleApplication@3dde2474
reloadAllAccessors: .CausalityInterface14

===========================================================================================
----------------- testing Tue Oct 06 16:07:22 UTC 2020 /home/travis/build/icyphy/ptII/ptolemy/domains/continuous/test/auto/CausalityInterface4.xml
----------------- Instantiating /home/travis/build/icyphy/ptII/ptolemy/domains/continuous/test/auto/CausalityInterface4.xml
5 ms. Memory: 225280K Free: 107111K (48%)
----------------- Invoking toplevel() on ptolemy.moml.MoMLSimpleApplication@1b844633
----------------- Done invoking toplevel() on ptolemy.moml.MoMLSimpleApplication@1b844633
reloadAllAccessors: .CausalityInterface4

===========================================================================================
----------------- testing Tue Oct 06 16:07:22 UTC 2020 /home/travis/build/icyphy/ptII/ptolemy/domains/continuous/test/auto/CausalityInterface5.xml
----------------- Instantiating /home/travis/build/icyphy/ptII/ptolemy/domains/continuous/test/auto/CausalityInterface5.xml
7 ms. Memory: 225280K Free: 98933K (44%)
----------------- Invoking toplevel() on ptolemy.moml.MoMLSimpleApplication@d532474
----------------- Done invoking toplevel() on ptolemy.moml.MoMLSimpleApplication@d532474
reloadAllAccessors: .CausalityInterface5

===========================================================================================
----------------- testing Tue Oct 06 16:07:22 UTC 2020 /home/travis/build/icyphy/ptII/ptolemy/domains/continuous/test/auto/CausalityInterface6.xml
----------------- Instantiating /home/travis/build/icyphy/ptII/ptolemy/domains/continuous/test/auto/CausalityInterface6.xml
8 ms. Memory: 225280K Free: 93799K (42%)
----------------- Invoking toplevel() on ptolemy.moml.MoMLSimpleApplication@542890e2
----------------- Done invoking toplevel() on ptolemy.moml.MoMLSimpleApplication@542890e2
reloadAllAccessors: .CausalityInterface6

===========================================================================================
----------------- testing Tue Oct 06 16:07:22 UTC 2020 /home/travis/build/icyphy/ptII/ptolemy/domains/continuous/test/auto/CausalityInterface7.xml
----------------- Instantiating /home/travis/build/icyphy/ptII/ptolemy/domains/continuous/test/auto/CausalityInterface7.xml
9 ms. Memory: 225280K Free: 85111K (38%)
----------------- Invoking toplevel() on ptolemy.moml.MoMLSimpleApplication@6db7c255
----------------- Done invoking toplevel() on ptolemy.moml.MoMLSimpleApplication@6db7c255
reloadAllAccessors: .CausalityInterface7

===========================================================================================
----------------- testing Tue Oct 06 16:07:22 UTC 2020 /home/travis/build/icyphy/ptII/ptolemy/domains/continuous/test/auto/CausalityInterface8.xml
----------------- Instantiating /home/travis/build/icyphy/ptII/ptolemy/domains/continuous/test/auto/CausalityInterface8.xml
15 ms. Memory: 270336K Free: 254373K (94%)
----------------- Invoking toplevel() on ptolemy.moml.MoMLSimpleApplication@27d33773
----------------- Done invoking toplevel() on ptolemy.moml.MoMLSimpleApplication@27d33773
reloadAllAccessors: .CausalityInterface8

===========================================================================================
----------------- testing Tue Oct 06 16:07:22 UTC 2020 /home/travis/build/icyphy/ptII/ptolemy/domains/continuous/test/auto/CausalityInterface9.xml
----------------- Instantiating /home/travis/build/icyphy/ptII/ptolemy/domains/continuous/test/auto/CausalityInterface9.xml
9 ms. Memory: 270336K Free: 243615K (90%)
----------------- Invoking toplevel() on ptolemy.moml.MoMLSimpleApplication@45ce215d
----------------- Done invoking toplevel() on ptolemy.moml.MoMLSimpleApplication@45ce215d
reloadAllAccessors: .CausalityInterface9

===========================================================================================
----------------- testing Tue Oct 06 16:07:23 UTC 2020 /home/travis/build/icyphy/ptII/ptolemy/domains/continuous/test/auto/CausalityInterfaceFeedback1.xml
----------------- Instantiating /home/travis/build/icyphy/ptII/ptolemy/domains/continuous/test/auto/CausalityInterfaceFeedback1.xml
9 ms. Memory: 270336K Free: 236961K (88%)
----------------- Invoking toplevel() on ptolemy.moml.MoMLSimpleApplication@4c75cfb0
----------------- Done invoking toplevel() on ptolemy.moml.MoMLSimpleApplication@4c75cfb0
reloadAllAccessors: .CausalityInterfaceFeedback1

===========================================================================================
----------------- testing Tue Oct 06 16:07:23 UTC 2020 /home/travis/build/icyphy/ptII/ptolemy/domains/continuous/test/auto/CausalityInterfaceFeedback2.xml
----------------- Instantiating /home/travis/build/icyphy/ptII/ptolemy/domains/continuous/test/auto/CausalityInterfaceFeedback2.xml
9 ms. Memory: 270336K Free: 230303K (85%)
----------------- Invoking toplevel() on ptolemy.moml.MoMLSimpleApplication@5aabc107
----------------- Done invoking toplevel() on ptolemy.moml.MoMLSimpleApplication@5aabc107
reloadAllAccessors: .CausalityInterfaceFeedback2

===========================================================================================
----------------- testing Tue Oct 06 16:07:23 UTC 2020 /home/travis/build/icyphy/ptII/ptolemy/domains/continuous/test/auto/CompareWithCurrentTime.xml
----------------- Instantiating /home/travis/build/icyphy/ptII/ptolemy/domains/continuous/test/auto/CompareWithCurrentTime.xml
6 ms. Memory: 270336K Free: 226207K (84%)
----------------- Invoking toplevel() on ptolemy.moml.MoMLSimpleApplication@6dd9c513
----------------- Done invoking toplevel() on ptolemy.moml.MoMLSimpleApplication@6dd9c513
reloadAllAccessors: .CompareWithCurrentTime

===========================================================================================
----------------- testing Tue Oct 06 16:07:23 UTC 2020 /home/travis/build/icyphy/ptII/ptolemy/domains/continuous/test/auto/ComparedClocks.xml
----------------- Instantiating /home/travis/build/icyphy/ptII/ptolemy/domains/continuous/test/auto/ComparedClocks.xml
8 ms. Memory: 270336K Free: 210833K (78%)
----------------- Invoking toplevel() on ptolemy.moml.MoMLSimpleApplication@284137eb
----------------- Done invoking toplevel() on ptolemy.moml.MoMLSimpleApplication@284137eb
reloadAllAccessors: .ComparedClocks

===========================================================================================
----------------- testing Tue Oct 06 16:07:23 UTC 2020 /home/travis/build/icyphy/ptII/ptolemy/domains/continuous/test/auto/ContinuousAOCClone.xml
----------------- Instantiating /home/travis/build/icyphy/ptII/ptolemy/domains/continuous/test/auto/ContinuousAOCClone.xml
2223 ms. Memory: 270336K Free: 181350K (67%)
----------------- Invoking toplevel() on ptolemy.moml.MoMLSimpleApplication@1de6da93
----------------- Done invoking toplevel() on ptolemy.moml.MoMLSimpleApplication@1de6da93
reloadAllAccessors: .ContinuousAOCClone

===========================================================================================
----------------- testing Tue Oct 06 16:07:25 UTC 2020 /home/travis/build/icyphy/ptII/ptolemy/domains/continuous/test/auto/ContinuousClock.xml
----------------- Instantiating /home/travis/build/icyphy/ptII/ptolemy/domains/continuous/test/auto/ContinuousClock.xml
30 ms. Memory: 270336K Free: 159832K (59%)
----------------- Invoking toplevel() on ptolemy.moml.MoMLSimpleApplication@3de3388e
----------------- Done invoking toplevel() on ptolemy.moml.MoMLSimpleApplication@3de3388e
reloadAllAccessors: .ContinuousClock

===========================================================================================
----------------- testing Tue Oct 06 16:07:25 UTC 2020 /home/travis/build/icyphy/ptII/ptolemy/domains/continuous/test/auto/ContinuousInContinuous.xml
----------------- Instantiating /home/travis/build/icyphy/ptII/ptolemy/domains/continuous/test/auto/ContinuousInContinuous.xml
47 ms. Memory: 270336K Free: 136280K (50%)
----------------- Invoking toplevel() on ptolemy.moml.MoMLSimpleApplication@4fa36cf7
----------------- Done invoking toplevel() on ptolemy.moml.MoMLSimpleApplication@4fa36cf7
reloadAllAccessors: .ContinuousInContinuous

===========================================================================================
----------------- testing Tue Oct 06 16:07:25 UTC 2020 /home/travis/build/icyphy/ptII/ptolemy/domains/continuous/test/auto/ContinuousInContinuousInContinuous.xml
----------------- Instantiating /home/travis/build/icyphy/ptII/ptolemy/domains/continuous/test/auto/ContinuousInContinuousInContinuous.xml
7 ms. Memory: 270336K Free: 129112K (48%)
----------------- Invoking toplevel() on ptolemy.moml.MoMLSimpleApplication@4902c39c
----------------- Done invoking toplevel() on ptolemy.moml.MoMLSimpleApplication@4902c39c
reloadAllAccessors: .ContinuousInContinuousInContinuous

===========================================================================================
----------------- testing Tue Oct 06 16:07:25 UTC 2020 /home/travis/build/icyphy/ptII/ptolemy/domains/continuous/test/auto/ContinuousInDE.xml
----------------- Instantiating /home/travis/build/icyphy/ptII/ptolemy/domains/continuous/test/auto/ContinuousInDE.xml
99 ms. Memory: 270336K Free: 118886K (44%)
----------------- Invoking toplevel() on ptolemy.moml.MoMLSimpleApplication@7413c9c5
----------------- Done invoking toplevel() on ptolemy.moml.MoMLSimpleApplication@7413c9c5
reloadAllAccessors: .ContinuousInDE

===========================================================================================
----------------- testing Tue Oct 06 16:07:25 UTC 2020 /home/travis/build/icyphy/ptII/ptolemy/domains/continuous/test/auto/ContinuousInDE2.xml
----------------- Instantiating /home/travis/build/icyphy/ptII/ptolemy/domains/continuous/test/auto/ContinuousInDE2.xml
32 ms. Memory: 270336K Free: 109160K (40%)
----------------- Invoking toplevel() on ptolemy.moml.MoMLSimpleApplication@798cd49f
----------------- Done invoking toplevel() on ptolemy.moml.MoMLSimpleApplication@798cd49f
reloadAllAccessors: .ContinuousInDE2

===========================================================================================
----------------- testing Tue Oct 06 16:07:26 UTC 2020 /home/travis/build/icyphy/ptII/ptolemy/domains/continuous/test/auto/ContinuousInDE3.xml
----------------- Instantiating /home/travis/build/icyphy/ptII/ptolemy/domains/continuous/test/auto/ContinuousInDE3.xml
32 ms. Memory: 270336K Free: 98920K (37%)
----------------- Invoking toplevel() on ptolemy.moml.MoMLSimpleApplication@23e29146
----------------- Done invoking toplevel() on ptolemy.moml.MoMLSimpleApplication@23e29146
reloadAllAccessors: .ContinuousInDE3

===========================================================================================
----------------- testing Tue Oct 06 16:07:26 UTC 2020 /home/travis/build/icyphy/ptII/ptolemy/domains/continuous/test/auto/ContinuousInDE4.xml
----------------- Instantiating /home/travis/build/icyphy/ptII/ptolemy/domains/continuous/test/auto/ContinuousInDE4.xml
18 ms. Memory: 270336K Free: 253006K (94%)
----------------- Invoking toplevel() on ptolemy.moml.MoMLSimpleApplication@3c3d4a1e
----------------- Done invoking toplevel() on ptolemy.moml.MoMLSimpleApplication@3c3d4a1e
reloadAllAccessors: .ContinuousInDE4

===========================================================================================
----------------- testing Tue Oct 06 16:07:26 UTC 2020 /home/travis/build/icyphy/ptII/ptolemy/domains/continuous/test/auto/ContinuousInDEDifferentRefinements.xml
----------------- Instantiating /home/travis/build/icyphy/ptII/ptolemy/domains/continuous/test/auto/ContinuousInDEDifferentRefinements.xml
54 ms. Memory: 270336K Free: 221264K (82%)
----------------- Invoking toplevel() on ptolemy.moml.MoMLSimpleApplication@35f76330
----------------- Done invoking toplevel() on ptolemy.moml.MoMLSimpleApplication@35f76330
reloadAllAccessors: .ContinuousInDEDifferentRefinements

===========================================================================================
----------------- testing Tue Oct 06 16:07:26 UTC 2020 /home/travis/build/icyphy/ptII/ptolemy/domains/continuous/test/auto/ContinuousInDEDifferentRefinementsPreemptive.xml
----------------- Instantiating /home/travis/build/icyphy/ptII/ptolemy/domains/continuous/test/auto/ContinuousInDEDifferentRefinementsPreemptive.xml
46 ms. Memory: 270336K Free: 190544K (70%)
----------------- Invoking toplevel() on ptolemy.moml.MoMLSimpleApplication@53582eef
----------------- Done invoking toplevel() on ptolemy.moml.MoMLSimpleApplication@53582eef
reloadAllAccessors: .ContinuousInDEDifferentRefinementsPreemptive

===========================================================================================
----------------- testing Tue Oct 06 16:07:26 UTC 2020 /home/travis/build/icyphy/ptII/ptolemy/domains/continuous/test/auto/ContinuousInDEInContinuous2.xml
----------------- Instantiating /home/travis/build/icyphy/ptII/ptolemy/domains/continuous/test/auto/ContinuousInDEInContinuous2.xml
33 ms. Memory: 270336K Free: 179280K (66%)
----------------- Invoking toplevel() on ptolemy.moml.MoMLSimpleApplication@51cb8888
----------------- Done invoking toplevel() on ptolemy.moml.MoMLSimpleApplication@51cb8888
reloadAllAccessors: .ContinuousInDEInContinuous2

===========================================================================================
----------------- testing Tue Oct 06 16:07:26 UTC 2020 /home/travis/build/icyphy/ptII/ptolemy/domains/continuous/test/auto/ContinuousInDEInContinuous3.xml
----------------- Instantiating /home/travis/build/icyphy/ptII/ptolemy/domains/continuous/test/auto/ContinuousInDEInContinuous3.xml
29 ms. Memory: 270336K Free: 167502K (62%)
----------------- Invoking toplevel() on ptolemy.moml.MoMLSimpleApplication@e2ce981
----------------- Done invoking toplevel() on ptolemy.moml.MoMLSimpleApplication@e2ce981
reloadAllAccessors: .ContinuousInDEInContinuous3

===========================================================================================
----------------- testing Tue Oct 06 16:07:26 UTC 2020 /home/travis/build/icyphy/ptII/ptolemy/domains/continuous/test/auto/ContinuousInDEInput.xml
----------------- Instantiating /home/travis/build/icyphy/ptII/ptolemy/domains/continuous/test/auto/ContinuousInDEInput.xml
12 ms. Memory: 270336K Free: 160334K (59%)
----------------- Invoking toplevel() on ptolemy.moml.MoMLSimpleApplication@5ddfa9dd
----------------- Done invoking toplevel() on ptolemy.moml.MoMLSimpleApplication@5ddfa9dd
reloadAllAccessors: .ContinuousInDEInput

===========================================================================================
----------------- testing Tue Oct 06 16:07:26 UTC 2020 /home/travis/build/icyphy/ptII/ptolemy/domains/continuous/test/auto/ContinuousInDEInput2.xml
----------------- Instantiating /home/travis/build/icyphy/ptII/ptolemy/domains/continuous/test/auto/ContinuousInDEInput2.xml
10 ms. Memory: 270336K Free: 153166K (57%)
----------------- Invoking toplevel() on ptolemy.moml.MoMLSimpleApplication@6aec4ae0
----------------- Done invoking toplevel() on ptolemy.moml.MoMLSimpleApplication@6aec4ae0
reloadAllAccessors: .ContinuousInDEInput2

===========================================================================================
----------------- testing Tue Oct 06 16:07:26 UTC 2020 /home/travis/build/icyphy/ptII/ptolemy/domains/continuous/test/auto/ContinuousInDEInput3.xml
----------------- Instantiating /home/travis/build/icyphy/ptII/ptolemy/domains/continuous/test/auto/ContinuousInDEInput3.xml
10 ms. Memory: 270336K Free: 145998K (54%)
----------------- Invoking toplevel() on ptolemy.moml.MoMLSimpleApplication@179c192b
----------------- Done invoking toplevel() on ptolemy.moml.MoMLSimpleApplication@179c192b
reloadAllAccessors: .ContinuousInDEInput3

===========================================================================================
----------------- testing Tue Oct 06 16:07:26 UTC 2020 /home/travis/build/icyphy/ptII/ptolemy/domains/continuous/test/auto/ContinuousInDESharingRefinement.xml
----------------- Instantiating /home/travis/build/icyphy/ptII/ptolemy/domains/continuous/test/auto/ContinuousInDESharingRefinement.xml
146 ms. Memory: 270336K Free: 212827K (79%)
----------------- Invoking toplevel() on ptolemy.moml.MoMLSimpleApplication@67bd8195
----------------- Done invoking toplevel() on ptolemy.moml.MoMLSimpleApplication@67bd8195
reloadAllAccessors: .ContinuousInDESharingRefinement

===========================================================================================
----------------- testing Tue Oct 06 16:07:26 UTC 2020 /home/travis/build/icyphy/ptII/ptolemy/domains/continuous/test/auto/ContinuousInDEwithNoPorts.xml
----------------- Instantiating /home/travis/build/icyphy/ptII/ptolemy/domains/continuous/test/auto/ContinuousInDEwithNoPorts.xml
5 ms. Memory: 270336K Free: 208235K (77%)
----------------- Invoking toplevel() on ptolemy.moml.MoMLSimpleApplication@454d8e64
----------------- Done invoking toplevel() on ptolemy.moml.MoMLSimpleApplication@454d8e64
reloadAllAccessors: .ContinuousInDEwithNoPorts

===========================================================================================
----------------- testing Tue Oct 06 16:07:26 UTC 2020 /home/travis/build/icyphy/ptII/ptolemy/domains/continuous/test/auto/ContinuousInsideDE.xml
----------------- Instantiating /home/travis/build/icyphy/ptII/ptolemy/domains/continuous/test/auto/ContinuousInsideDE.xml
28 ms. Memory: 270336K Free: 196971K (73%)
----------------- Invoking toplevel() on ptolemy.moml.MoMLSimpleApplication@7f0804fc
----------------- Done invoking toplevel() on ptolemy.moml.MoMLSimpleApplication@7f0804fc
reloadAllAccessors: .ContinuousInsideDE

===========================================================================================
----------------- testing Tue Oct 06 16:07:26 UTC 2020 /home/travis/build/icyphy/ptII/ptolemy/domains/continuous/test/auto/ContinuousMerge1.xml
----------------- Instantiating /home/travis/build/icyphy/ptII/ptolemy/domains/continuous/test/auto/ContinuousMerge1.xml
3 ms. Memory: 270336K Free: 192347K (71%)
----------------- Invoking toplevel() on ptolemy.moml.MoMLSimpleApplication@2e31b103
----------------- Done invoking toplevel() on ptolemy.moml.MoMLSimpleApplication@2e31b103
reloadAllAccessors: .ContinuousMerge1

===========================================================================================
----------------- testing Tue Oct 06 16:07:26 UTC 2020 /home/travis/build/icyphy/ptII/ptolemy/domains/continuous/test/auto/ContinuousMerge2.xml
----------------- Instantiating /home/travis/build/icyphy/ptII/ptolemy/domains/continuous/test/auto/ContinuousMerge2.xml
15 ms. Memory: 270336K Free: 182121K (67%)
----------------- Invoking toplevel() on ptolemy.moml.MoMLSimpleApplication@54a6f7de
----------------- Done invoking toplevel() on ptolemy.moml.MoMLSimpleApplication@54a6f7de
reloadAllAccessors: .ContinuousMerge2

===========================================================================================
----------------- testing Tue Oct 06 16:07:26 UTC 2020 /home/travis/build/icyphy/ptII/ptolemy/domains/continuous/test/auto/ContinuousMerge3.xml
----------------- Instantiating /home/travis/build/icyphy/ptII/ptolemy/domains/continuous/test/auto/ContinuousMerge3.xml
35 ms. Memory: 270336K Free: 171371K (63%)
----------------- Invoking toplevel() on ptolemy.moml.MoMLSimpleApplication@1735108e
----------------- Done invoking toplevel() on ptolemy.moml.MoMLSimpleApplication@1735108e
reloadAllAccessors: .ContinuousMerge3

===========================================================================================
----------------- testing Tue Oct 06 16:07:26 UTC 2020 /home/travis/build/icyphy/ptII/ptolemy/domains/continuous/test/auto/ContinuousWithinContinuous.xml
----------------- Instantiating /home/travis/build/icyphy/ptII/ptolemy/domains/continuous/test/auto/ContinuousWithinContinuous.xml
32 ms. Memory: 270336K Free: 162155K (60%)
----------------- Invoking toplevel() on ptolemy.moml.MoMLSimpleApplication@5c9c5535
----------------- Done invoking toplevel() on ptolemy.moml.MoMLSimpleApplication@5c9c5535
reloadAllAccessors: .ContinuousWithinContinuous

===========================================================================================
----------------- testing Tue Oct 06 16:07:26 UTC 2020 /home/travis/build/icyphy/ptII/ptolemy/domains/continuous/test/auto/ContinuousWithinContinuous2.xml
----------------- Instantiating /home/travis/build/icyphy/ptII/ptolemy/domains/continuous/test/auto/ContinuousWithinContinuous2.xml
54 ms. Memory: 270336K Free: 150891K (56%)
----------------- Invoking toplevel() on ptolemy.moml.MoMLSimpleApplication@223ae58c
----------------- Done invoking toplevel() on ptolemy.moml.MoMLSimpleApplication@223ae58c
reloadAllAccessors: .ContinuousWithinContinuous2

===========================================================================================
----------------- testing Tue Oct 06 16:07:27 UTC 2020 /home/travis/build/icyphy/ptII/ptolemy/domains/continuous/test/auto/ContinuousWithinContinuous3.xml
----------------- Instantiating /home/travis/build/icyphy/ptII/ptolemy/domains/continuous/test/auto/ContinuousWithinContinuous3.xml
11 ms. Memory: 270336K Free: 144233K (53%)
----------------- Invoking toplevel() on ptolemy.moml.MoMLSimpleApplication@4d91ffaf
----------------- Done invoking toplevel() on ptolemy.moml.MoMLSimpleApplication@4d91ffaf
reloadAllAccessors: .ContinuousWithinContinuous3

===========================================================================================
----------------- testing Tue Oct 06 16:07:27 UTC 2020 /home/travis/build/icyphy/ptII/ptolemy/domains/continuous/test/auto/ContinuousWithinContinuous4.xml
----------------- Instantiating /home/travis/build/icyphy/ptII/ptolemy/domains/continuous/test/auto/ContinuousWithinContinuous4.xml
63 ms. Memory: 270336K Free: 131945K (49%)
----------------- Invoking toplevel() on ptolemy.moml.MoMLSimpleApplication@6b7e7bb3
----------------- Done invoking toplevel() on ptolemy.moml.MoMLSimpleApplication@6b7e7bb3
reloadAllAccessors: .ContinuousWithinContinuous4

===========================================================================================
----------------- testing Tue Oct 06 16:07:27 UTC 2020 /home/travis/build/icyphy/ptII/ptolemy/domains/continuous/test/auto/ContinuousWithinContinuous5.xml
----------------- Instantiating /home/travis/build/icyphy/ptII/ptolemy/domains/continuous/test/auto/ContinuousWithinContinuous5.xml
11 ms. Memory: 270336K Free: 124777K (46%)
----------------- Invoking toplevel() on ptolemy.moml.MoMLSimpleApplication@24499308
----------------- Done invoking toplevel() on ptolemy.moml.MoMLSimpleApplication@24499308
reloadAllAccessors: .ContinuousWithinContinuous5

===========================================================================================
----------------- testing Tue Oct 06 16:07:27 UTC 2020 /home/travis/build/icyphy/ptII/ptolemy/domains/continuous/test/auto/ContinuousWithinContinuous6.xml
----------------- Instantiating /home/travis/build/icyphy/ptII/ptolemy/domains/continuous/test/auto/ContinuousWithinContinuous6.xml
11 ms. Memory: 270336K Free: 117609K (44%)
----------------- Invoking toplevel() on ptolemy.moml.MoMLSimpleApplication@61b5b836
----------------- Done invoking toplevel() on ptolemy.moml.MoMLSimpleApplication@61b5b836
reloadAllAccessors: .ContinuousWithinContinuous6

===========================================================================================
----------------- testing Tue Oct 06 16:07:27 UTC 2020 /home/travis/build/icyphy/ptII/ptolemy/domains/continuous/test/auto/ContinuousWithinContinuous7.xml
----------------- Instantiating /home/travis/build/icyphy/ptII/ptolemy/domains/continuous/test/auto/ContinuousWithinContinuous7.xml
53 ms. Memory: 270336K Free: 106345K (39%)
----------------- Invoking toplevel() on ptolemy.moml.MoMLSimpleApplication@4aa83dfa
----------------- Done invoking toplevel() on ptolemy.moml.MoMLSimpleApplication@4aa83dfa
reloadAllAccessors: .ContinuousWithinContinuous7

===========================================================================================
----------------- testing Tue Oct 06 16:07:27 UTC 2020 /home/travis/build/icyphy/ptII/ptolemy/domains/continuous/test/auto/DCMotor.xml
----------------- Instantiating /home/travis/build/icyphy/ptII/ptolemy/domains/continuous/test/auto/DCMotor.xml
13132 ms. Memory: 270336K Free: 210110K (78%)
----------------- Invoking toplevel() on ptolemy.moml.MoMLSimpleApplication@316ae632
----------------- Done invoking toplevel() on ptolemy.moml.MoMLSimpleApplication@316ae632
reloadAllAccessors: .DCMotor

===========================================================================================
----------------- testing Tue Oct 06 16:07:40 UTC 2020 /home/travis/build/icyphy/ptII/ptolemy/domains/continuous/test/auto/DEInContinuous.xml
----------------- Instantiating /home/travis/build/icyphy/ptII/ptolemy/domains/continuous/test/auto/DEInContinuous.xml
17 ms. Memory: 270336K Free: 203966K (75%)
----------------- Invoking toplevel() on ptolemy.moml.MoMLSimpleApplication@53186cfe
----------------- Done invoking toplevel() on ptolemy.moml.MoMLSimpleApplication@53186cfe
reloadAllAccessors: .DEInContinuous

===========================================================================================
----------------- testing Tue Oct 06 16:07:40 UTC 2020 /home/travis/build/icyphy/ptII/ptolemy/domains/continuous/test/auto/DEinContinuous2.xml
----------------- Instantiating /home/travis/build/icyphy/ptII/ptolemy/domains/continuous/test/auto/DEinContinuous2.xml
7 ms. Memory: 270336K Free: 196288K (73%)
----------------- Invoking toplevel() on ptolemy.moml.MoMLSimpleApplication@58ab2170
----------------- Done invoking toplevel() on ptolemy.moml.MoMLSimpleApplication@58ab2170
reloadAllAccessors: .DEinContinuous2

===========================================================================================
----------------- testing Tue Oct 06 16:07:40 UTC 2020 /home/travis/build/icyphy/ptII/ptolemy/domains/continuous/test/auto/Derivative.xml
----------------- Instantiating /home/travis/build/icyphy/ptII/ptolemy/domains/continuous/test/auto/Derivative.xml
125 ms. Memory: 270336K Free: 166592K (62%)
----------------- Invoking toplevel() on ptolemy.moml.MoMLSimpleApplication@21cf8184
----------------- Done invoking toplevel() on ptolemy.moml.MoMLSimpleApplication@21cf8184
reloadAllAccessors: .Derivative2

===========================================================================================
----------------- testing Tue Oct 06 16:07:40 UTC 2020 /home/travis/build/icyphy/ptII/ptolemy/domains/continuous/test/auto/Derivative1.xml
----------------- Instantiating /home/travis/build/icyphy/ptII/ptolemy/domains/continuous/test/auto/Derivative1.xml
26 ms. Memory: 270336K Free: 152256K (56%)
----------------- Invoking toplevel() on ptolemy.moml.MoMLSimpleApplication@37f9204d
----------------- Done invoking toplevel() on ptolemy.moml.MoMLSimpleApplication@37f9204d
reloadAllAccessors: .Derivative1

===========================================================================================
----------------- testing Tue Oct 06 16:07:40 UTC 2020 /home/travis/build/icyphy/ptII/ptolemy/domains/continuous/test/auto/DiscreteClock.xml
----------------- Instantiating /home/travis/build/icyphy/ptII/ptolemy/domains/continuous/test/auto/DiscreteClock.xml
4 ms. Memory: 270336K Free: 147136K (54%)
----------------- Invoking toplevel() on ptolemy.moml.MoMLSimpleApplication@589deda4
----------------- Done invoking toplevel() on ptolemy.moml.MoMLSimpleApplication@589deda4
reloadAllAccessors: .DiscreteClock

===========================================================================================
----------------- testing Tue Oct 06 16:07:40 UTC 2020 /home/travis/build/icyphy/ptII/ptolemy/domains/continuous/test/auto/EfficiencyCurve.xml
----------------- Instantiating /home/travis/build/icyphy/ptII/ptolemy/domains/continuous/test/auto/EfficiencyCurve.xml
41 ms. Memory: 270336K Free: 137920K (51%)
----------------- Invoking toplevel() on ptolemy.moml.MoMLSimpleApplication@744345ee
----------------- Done invoking toplevel() on ptolemy.moml.MoMLSimpleApplication@744345ee
reloadAllAccessors: .EfficiencyCurve

===========================================================================================
----------------- testing Tue Oct 06 16:07:40 UTC 2020 /home/travis/build/icyphy/ptII/ptolemy/domains/continuous/test/auto/ExponentialResponse.xml
----------------- Instantiating /home/travis/build/icyphy/ptII/ptolemy/domains/continuous/test/auto/ExponentialResponse.xml
96 ms. Memory: 270336K Free: 122046K (45%)
----------------- Invoking toplevel() on ptolemy.moml.MoMLSimpleApplication@114f59f6
----------------- Done invoking toplevel() on ptolemy.moml.MoMLSimpleApplication@114f59f6
reloadAllAccessors: .ExponentialResponse

===========================================================================================
----------------- testing Tue Oct 06 16:07:41 UTC 2020 /home/travis/build/icyphy/ptII/ptolemy/domains/continuous/test/auto/ExponentialResponseRK45.xml
----------------- Instantiating /home/travis/build/icyphy/ptII/ptolemy/domains/continuous/test/auto/ExponentialResponseRK45.xml
25 ms. Memory: 270336K Free: 115392K (43%)
----------------- Invoking toplevel() on ptolemy.moml.MoMLSimpleApplication@358489f9
----------------- Done invoking toplevel() on ptolemy.moml.MoMLSimpleApplication@358489f9
reloadAllAccessors: .ExponentialResponseRK45

===========================================================================================
----------------- testing Tue Oct 06 16:07:41 UTC 2020 /home/travis/build/icyphy/ptII/ptolemy/domains/continuous/test/auto/Friction.xml
----------------- Instantiating /home/travis/build/icyphy/ptII/ptolemy/domains/continuous/test/auto/Friction.xml
1431 ms. Memory: 270336K Free: 173726K (64%)
----------------- Invoking toplevel() on ptolemy.moml.MoMLSimpleApplication@3933486c
----------------- Done invoking toplevel() on ptolemy.moml.MoMLSimpleApplication@3933486c
reloadAllAccessors: .Friction

===========================================================================================
----------------- testing Tue Oct 06 16:07:42 UTC 2020 /home/travis/build/icyphy/ptII/ptolemy/domains/continuous/test/auto/FurutaPendulum.xml
----------------- Instantiating /home/travis/build/icyphy/ptII/ptolemy/domains/continuous/test/auto/FurutaPendulum.xml
2902 ms. Memory: 270336K Free: 157596K (58%)
----------------- Invoking toplevel() on ptolemy.moml.MoMLSimpleApplication@9bd9a98
----------------- Done invoking toplevel() on ptolemy.moml.MoMLSimpleApplication@9bd9a98
reloadAllAccessors: .FurutaPendulum

===========================================================================================
----------------- testing Tue Oct 06 16:07:45 UTC 2020 /home/travis/build/icyphy/ptII/ptolemy/domains/continuous/test/auto/HierarchicalExecution.xml
----------------- Instantiating /home/travis/build/icyphy/ptII/ptolemy/domains/continuous/test/auto/HierarchicalExecution.xml
1469 ms. Memory: 270336K Free: 191702K (71%)
----------------- Invoking toplevel() on ptolemy.moml.MoMLSimpleApplication@387e5397
----------------- Done invoking toplevel() on ptolemy.moml.MoMLSimpleApplication@387e5397
reloadAllAccessors: .HierarchicalExecution

===========================================================================================
----------------- testing Tue Oct 06 16:07:47 UTC 2020 /home/travis/build/icyphy/ptII/ptolemy/domains/continuous/test/auto/HybridPlant.xml
----------------- Instantiating /home/travis/build/icyphy/ptII/ptolemy/domains/continuous/test/auto/HybridPlant.xml
527 ms. Memory: 270336K Free: 248845K (92%)
----------------- Invoking toplevel() on ptolemy.moml.MoMLSimpleApplication@7f9940f8
----------------- Done invoking toplevel() on ptolemy.moml.MoMLSimpleApplication@7f9940f8
reloadAllAccessors: .HybridPlant

===========================================================================================
----------------- testing Tue Oct 06 16:07:48 UTC 2020 /home/travis/build/icyphy/ptII/ptolemy/domains/continuous/test/auto/Hysteresis.xml
----------------- Instantiating /home/travis/build/icyphy/ptII/ptolemy/domains/continuous/test/auto/Hysteresis.xml
135 ms. Memory: 270336K Free: 186381K (69%)
----------------- Invoking toplevel() on ptolemy.moml.MoMLSimpleApplication@2df2eff9
----------------- Done invoking toplevel() on ptolemy.moml.MoMLSimpleApplication@2df2eff9
reloadAllAccessors: .Hysteresis

===========================================================================================
----------------- testing Tue Oct 06 16:07:48 UTC 2020 /home/travis/build/icyphy/ptII/ptolemy/domains/continuous/test/auto/HysteresisWithRandomDelay.xml
----------------- Instantiating /home/travis/build/icyphy/ptII/ptolemy/domains/continuous/test/auto/HysteresisWithRandomDelay.xml
169 ms. Memory: 270336K Free: 115215K (43%)
----------------- Invoking toplevel() on ptolemy.moml.MoMLSimpleApplication@28b4bd1f
----------------- Done invoking toplevel() on ptolemy.moml.MoMLSimpleApplication@28b4bd1f
reloadAllAccessors: .HysteresisWithRandomDelay

===========================================================================================
----------------- testing Tue Oct 06 16:07:48 UTC 2020 /home/travis/build/icyphy/ptII/ptolemy/domains/continuous/test/auto/HysteresisWithRandomLosses.xml
----------------- Instantiating /home/travis/build/icyphy/ptII/ptolemy/domains/continuous/test/auto/HysteresisWithRandomLosses.xml
2143 ms. Memory: 270336K Free: 176523K (65%)
----------------- Invoking toplevel() on ptolemy.moml.MoMLSimpleApplication@64689f79
----------------- Done invoking toplevel() on ptolemy.moml.MoMLSimpleApplication@64689f79
reloadAllAccessors: .HysteresisWithRandomLosses

===========================================================================================
----------------- testing Tue Oct 06 16:07:50 UTC 2020 /home/travis/build/icyphy/ptII/ptolemy/domains/continuous/test/auto/ImmediateTransitions.xml
----------------- Instantiating /home/travis/build/icyphy/ptII/ptolemy/domains/continuous/test/auto/ImmediateTransitions.xml
9 ms. Memory: 270336K Free: 165755K (61%)
----------------- Invoking toplevel() on ptolemy.moml.MoMLSimpleApplication@56507e78
----------------- Done invoking toplevel() on ptolemy.moml.MoMLSimpleApplication@56507e78
reloadAllAccessors: .ImmediateTransitions

===========================================================================================
----------------- testing Tue Oct 06 16:07:50 UTC 2020 /home/travis/build/icyphy/ptII/ptolemy/domains/continuous/test/auto/ImpulseFeedback.xml
----------------- Instantiating /home/travis/build/icyphy/ptII/ptolemy/domains/continuous/test/auto/ImpulseFeedback.xml
5 ms. Memory: 270336K Free: 160139K (59%)
----------------- Invoking toplevel() on ptolemy.moml.MoMLSimpleApplication@252e55f0
----------------- Done invoking toplevel() on ptolemy.moml.MoMLSimpleApplication@252e55f0
reloadAllAccessors: .ImpulseFeedback

===========================================================================================
----------------- testing Tue Oct 06 16:07:50 UTC 2020 /home/travis/build/icyphy/ptII/ptolemy/domains/continuous/test/auto/ImpulseFeedback2.xml
----------------- Instantiating /home/travis/build/icyphy/ptII/ptolemy/domains/continuous/test/auto/ImpulseFeedback2.xml
4 ms. Memory: 270336K Free: 154505K (57%)
----------------- Invoking toplevel() on ptolemy.moml.MoMLSimpleApplication@771a6db
----------------- Done invoking toplevel() on ptolemy.moml.MoMLSimpleApplication@771a6db
reloadAllAccessors: .ImpulseFeedback2

===========================================================================================
----------------- testing Tue Oct 06 16:07:50 UTC 2020 /home/travis/build/icyphy/ptII/ptolemy/domains/continuous/test/auto/IncreasingRatePoisson.xml
----------------- Instantiating /home/travis/build/icyphy/ptII/ptolemy/domains/continuous/test/auto/IncreasingRatePoisson.xml
672 ms. Memory: 270336K Free: 162183K (60%)
----------------- Invoking toplevel() on ptolemy.moml.MoMLSimpleApplication@1c99a919
----------------- Done invoking toplevel() on ptolemy.moml.MoMLSimpleApplication@1c99a919
reloadAllAccessors: .IncreasingRatePoisson

===========================================================================================
----------------- testing Tue Oct 06 16:07:51 UTC 2020 /home/travis/build/icyphy/ptII/ptolemy/domains/continuous/test/auto/InitialStateFeedback.xml
----------------- Instantiating /home/travis/build/icyphy/ptII/ptolemy/domains/continuous/test/auto/InitialStateFeedback.xml
6 ms. Memory: 270336K Free: 157583K (58%)
----------------- Invoking toplevel() on ptolemy.moml.MoMLSimpleApplication@665024d3
----------------- Done invoking toplevel() on ptolemy.moml.MoMLSimpleApplication@665024d3
reloadAllAccessors: .InitialStateFeedback

===========================================================================================
----------------- testing Tue Oct 06 16:07:51 UTC 2020 /home/travis/build/icyphy/ptII/ptolemy/domains/continuous/test/auto/Integration.xml
----------------- Instantiating /home/travis/build/icyphy/ptII/ptolemy/domains/continuous/test/auto/Integration.xml
2 ms. Memory: 270336K Free: 153487K (57%)
----------------- Invoking toplevel() on ptolemy.moml.MoMLSimpleApplication@5c906273
----------------- Done invoking toplevel() on ptolemy.moml.MoMLSimpleApplication@5c906273
reloadAllAccessors: .Integration

===========================================================================================
----------------- testing Tue Oct 06 16:07:51 UTC 2020 /home/travis/build/icyphy/ptII/ptolemy/domains/continuous/test/auto/Integration2.xml
----------------- Instantiating /home/travis/build/icyphy/ptII/ptolemy/domains/continuous/test/auto/Integration2.xml
64 ms. Memory: 270336K Free: 139151K (51%)
----------------- Invoking toplevel() on ptolemy.moml.MoMLSimpleApplication@661aa3ce
----------------- Done invoking toplevel() on ptolemy.moml.MoMLSimpleApplication@661aa3ce
reloadAllAccessors: .Integration2

===========================================================================================
----------------- testing Tue Oct 06 16:07:51 UTC 2020 /home/travis/build/icyphy/ptII/ptolemy/domains/continuous/test/auto/Integration3.xml
----------------- Instantiating /home/travis/build/icyphy/ptII/ptolemy/domains/continuous/test/auto/Integration3.xml
2 ms. Memory: 270336K Free: 134541K (50%)
----------------- Invoking toplevel() on ptolemy.moml.MoMLSimpleApplication@11d4d3f1
----------------- Done invoking toplevel() on ptolemy.moml.MoMLSimpleApplication@11d4d3f1
reloadAllAccessors: .Integration3

===========================================================================================
----------------- testing Tue Oct 06 16:07:51 UTC 2020 /home/travis/build/icyphy/ptII/ptolemy/domains/continuous/test/auto/Integration5.xml
----------------- Instantiating /home/travis/build/icyphy/ptII/ptolemy/domains/continuous/test/auto/Integration5.xml
2 ms. Memory: 270336K Free: 130445K (48%)
----------------- Invoking toplevel() on ptolemy.moml.MoMLSimpleApplication@39fb8cef
----------------- Done invoking toplevel() on ptolemy.moml.MoMLSimpleApplication@39fb8cef
reloadAllAccessors: .Integration5

===========================================================================================
----------------- testing Tue Oct 06 16:07:51 UTC 2020 /home/travis/build/icyphy/ptII/ptolemy/domains/continuous/test/auto/IntegratorImpulse.xml
----------------- Instantiating /home/travis/build/icyphy/ptII/ptolemy/domains/continuous/test/auto/IntegratorImpulse.xml
2 ms. Memory: 270336K Free: 126319K (47%)
----------------- Invoking toplevel() on ptolemy.moml.MoMLSimpleApplication@3b37bfda
----------------- Done invoking toplevel() on ptolemy.moml.MoMLSimpleApplication@3b37bfda
reloadAllAccessors: .IntegratorImpulse

===========================================================================================
----------------- testing Tue Oct 06 16:07:51 UTC 2020 /home/travis/build/icyphy/ptII/ptolemy/domains/continuous/test/auto/IntegratorImpulse2.xml
----------------- Instantiating /home/travis/build/icyphy/ptII/ptolemy/domains/continuous/test/auto/IntegratorImpulse2.xml
4 ms. Memory: 270336K Free: 121743K (45%)
----------------- Invoking toplevel() on ptolemy.moml.MoMLSimpleApplication@73642d56
----------------- Done invoking toplevel() on ptolemy.moml.MoMLSimpleApplication@73642d56
reloadAllAccessors: .IntegratorImpulse2

===========================================================================================
----------------- testing Tue Oct 06 16:07:51 UTC 2020 /home/travis/build/icyphy/ptII/ptolemy/domains/continuous/test/auto/LevelCrossing1.xml
----------------- Instantiating /home/travis/build/icyphy/ptII/ptolemy/domains/continuous/test/auto/LevelCrossing1.xml
2 ms. Memory: 270336K Free: 116623K (43%)
----------------- Invoking toplevel() on ptolemy.moml.MoMLSimpleApplication@5f0d56ff
----------------- Done invoking toplevel() on ptolemy.moml.MoMLSimpleApplication@5f0d56ff
reloadAllAccessors: .LevelCrossing1

===========================================================================================
----------------- testing Tue Oct 06 16:07:51 UTC 2020 /home/travis/build/icyphy/ptII/ptolemy/domains/continuous/test/auto/LevelCrossing2.xml
----------------- Instantiating /home/travis/build/icyphy/ptII/ptolemy/domains/continuous/test/auto/LevelCrossing2.xml
7 ms. Memory: 270336K Free: 111503K (41%)
----------------- Invoking toplevel() on ptolemy.moml.MoMLSimpleApplication@2b594a6a
----------------- Done invoking toplevel() on ptolemy.moml.MoMLSimpleApplication@2b594a6a
reloadAllAccessors: .LevelCrossing2

===========================================================================================
----------------- testing Tue Oct 06 16:07:51 UTC 2020 /home/travis/build/icyphy/ptII/ptolemy/domains/continuous/test/auto/LevelCrossing3.xml
----------------- Instantiating /home/travis/build/icyphy/ptII/ptolemy/domains/continuous/test/auto/LevelCrossing3.xml
2 ms. Memory: 270336K Free: 106383K (39%)
----------------- Invoking toplevel() on ptolemy.moml.MoMLSimpleApplication@21539cbd
----------------- Done invoking toplevel() on ptolemy.moml.MoMLSimpleApplication@21539cbd
reloadAllAccessors: .LevelCrossing3

===========================================================================================
----------------- testing Tue Oct 06 16:07:51 UTC 2020 /home/travis/build/icyphy/ptII/ptolemy/domains/continuous/test/auto/LevelCrossing4.xml
----------------- Instantiating /home/travis/build/icyphy/ptII/ptolemy/domains/continuous/test/auto/LevelCrossing4.xml
3 ms. Memory: 270336K Free: 101263K (37%)
----------------- Invoking toplevel() on ptolemy.moml.MoMLSimpleApplication@442cf1be
----------------- Done invoking toplevel() on ptolemy.moml.MoMLSimpleApplication@442cf1be
reloadAllAccessors: .LevelCrossing4

===========================================================================================
----------------- testing Tue Oct 06 16:07:51 UTC 2020 /home/travis/build/icyphy/ptII/ptolemy/domains/continuous/test/auto/LevelCrossing5.xml
----------------- Instantiating /home/travis/build/icyphy/ptII/ptolemy/domains/continuous/test/auto/LevelCrossing5.xml
3 ms. Memory: 270336K Free: 96143K (36%)
----------------- Invoking toplevel() on ptolemy.moml.MoMLSimpleApplication@22233a4f
----------------- Done invoking toplevel() on ptolemy.moml.MoMLSimpleApplication@22233a4f
reloadAllAccessors: .LevelCrossing5

===========================================================================================
[...]
----------------- Instantiating /home/travis/build/icyphy/ptII/ptolemy/domains/continuous/test/auto/SRinContinuous.xml
6 ms. Memory: 324608K Free: 259184K (80%)
----------------- Invoking toplevel() on ptolemy.moml.MoMLSimpleApplication@56ebd942
----------------- Done invoking toplevel() on ptolemy.moml.MoMLSimpleApplication@56ebd942
reloadAllAccessors: .SRinContinuous

===========================================================================================
----------------- testing Tue Oct 06 16:08:06 UTC 2020 /home/travis/build/icyphy/ptII/ptolemy/domains/continuous/test/auto/SampledClocks.xml
----------------- Instantiating /home/travis/build/icyphy/ptII/ptolemy/domains/continuous/test/auto/SampledClocks.xml
8 ms. Memory: 324608K Free: 246386K (76%)
----------------- Invoking toplevel() on ptolemy.moml.MoMLSimpleApplication@58bb2205
----------------- Done invoking toplevel() on ptolemy.moml.MoMLSimpleApplication@58bb2205
reloadAllAccessors: .SampledClocks

===========================================================================================
----------------- testing Tue Oct 06 16:08:06 UTC 2020 /home/travis/build/icyphy/ptII/ptolemy/domains/continuous/test/auto/Satellite.xml
----------------- Instantiating /home/travis/build/icyphy/ptII/ptolemy/domains/continuous/test/auto/Satellite.xml
681 ms. Memory: 324608K Free: 244124K (75%)
----------------- Invoking toplevel() on ptolemy.moml.MoMLSimpleApplication@51a6fed6
----------------- Done invoking toplevel() on ptolemy.moml.MoMLSimpleApplication@51a6fed6
reloadAllAccessors: .Satellite

===========================================================================================
----------------- testing Tue Oct 06 16:08:07 UTC 2020 /home/travis/build/icyphy/ptII/ptolemy/domains/continuous/test/auto/SigmaDelta.xml
----------------- Instantiating /home/travis/build/icyphy/ptII/ptolemy/domains/continuous/test/auto/SigmaDelta.xml
2042 ms. Memory: 324608K Free: 174083K (54%)
----------------- Invoking toplevel() on ptolemy.moml.MoMLSimpleApplication@350b8c3f
----------------- Done invoking toplevel() on ptolemy.moml.MoMLSimpleApplication@350b8c3f
reloadAllAccessors: .SigmaDelta

===========================================================================================
----------------- testing Tue Oct 06 16:08:09 UTC 2020 /home/travis/build/icyphy/ptII/ptolemy/domains/continuous/test/auto/SingleRefinement.xml
----------------- Instantiating /home/travis/build/icyphy/ptII/ptolemy/domains/continuous/test/auto/SingleRefinement.xml
411 ms. Memory: 324608K Free: 183355K (56%)
----------------- Invoking toplevel() on ptolemy.moml.MoMLSimpleApplication@620b057c
----------------- Done invoking toplevel() on ptolemy.moml.MoMLSimpleApplication@620b057c
reloadAllAccessors: .SingleRefinement

===========================================================================================
----------------- testing Tue Oct 06 16:08:10 UTC 2020 /home/travis/build/icyphy/ptII/ptolemy/domains/continuous/test/auto/SinuBouncingBall.xml
----------------- Instantiating /home/travis/build/icyphy/ptII/ptolemy/domains/continuous/test/auto/SinuBouncingBall.xml
736 ms. Memory: 324608K Free: 162990K (50%)
----------------- Invoking toplevel() on ptolemy.moml.MoMLSimpleApplication@795ab8d5
----------------- Done invoking toplevel() on ptolemy.moml.MoMLSimpleApplication@795ab8d5
reloadAllAccessors: .SinuBouncingBall

===========================================================================================
----------------- testing Tue Oct 06 16:08:11 UTC 2020 /home/travis/build/icyphy/ptII/ptolemy/domains/continuous/test/auto/Sinusoid.xml
----------------- Instantiating /home/travis/build/icyphy/ptII/ptolemy/domains/continuous/test/auto/Sinusoid.xml
3 ms. Memory: 324608K Free: 158366K (49%)
----------------- Invoking toplevel() on ptolemy.moml.MoMLSimpleApplication@4dbe65c9
----------------- Done invoking toplevel() on ptolemy.moml.MoMLSimpleApplication@4dbe65c9
reloadAllAccessors: .Sinusoid

===========================================================================================
----------------- testing Tue Oct 06 16:08:11 UTC 2020 /home/travis/build/icyphy/ptII/ptolemy/domains/continuous/test/auto/SinusoidInNoise.xml
----------------- Instantiating /home/travis/build/icyphy/ptII/ptolemy/domains/continuous/test/auto/SinusoidInNoise.xml
831 ms. Memory: 324608K Free: 217135K (67%)
----------------- Invoking toplevel() on ptolemy.moml.MoMLSimpleApplication@62821d42
----------------- Done invoking toplevel() on ptolemy.moml.MoMLSimpleApplication@62821d42
reloadAllAccessors: .SinusoidInNoise

===========================================================================================
----------------- testing Tue Oct 06 16:08:12 UTC 2020 /home/travis/build/icyphy/ptII/ptolemy/domains/continuous/test/auto/SinusoidRK45.xml
----------------- Instantiating /home/travis/build/icyphy/ptII/ptolemy/domains/continuous/test/auto/SinusoidRK45.xml
3 ms. Memory: 324608K Free: 212495K (65%)
----------------- Invoking toplevel() on ptolemy.moml.MoMLSimpleApplication@1cb034c7
----------------- Done invoking toplevel() on ptolemy.moml.MoMLSimpleApplication@1cb034c7
reloadAllAccessors: .SinusoidRK45

===========================================================================================
----------------- testing Tue Oct 06 16:08:12 UTC 2020 /home/travis/build/icyphy/ptII/ptolemy/domains/continuous/test/auto/SinusoidWithMultipleImpulses.xml
----------------- Instantiating /home/travis/build/icyphy/ptII/ptolemy/domains/continuous/test/auto/SinusoidWithMultipleImpulses.xml
4 ms. Memory: 324608K Free: 207919K (64%)
----------------- Invoking toplevel() on ptolemy.moml.MoMLSimpleApplication@6b58e363
----------------- Done invoking toplevel() on ptolemy.moml.MoMLSimpleApplication@6b58e363
reloadAllAccessors: .SinusoidWithMultipleImpulses

===========================================================================================
----------------- testing Tue Oct 06 16:08:12 UTC 2020 /home/travis/build/icyphy/ptII/ptolemy/domains/continuous/test/auto/SquareWave.xml
----------------- Instantiating /home/travis/build/icyphy/ptII/ptolemy/domains/continuous/test/auto/SquareWave.xml
137 ms. Memory: 324608K Free: 180271K (56%)
----------------- Invoking toplevel() on ptolemy.moml.MoMLSimpleApplication@27077c94
----------------- Done invoking toplevel() on ptolemy.moml.MoMLSimpleApplication@27077c94
reloadAllAccessors: .SquareWave

===========================================================================================
----------------- testing Tue Oct 06 16:08:12 UTC 2020 /home/travis/build/icyphy/ptII/ptolemy/domains/continuous/test/auto/Starmac.xml
----------------- Instantiating /home/travis/build/icyphy/ptII/ptolemy/domains/continuous/test/auto/Starmac.xml
3055 ms. Memory: 324608K Free: 249378K (77%)
----------------- Invoking toplevel() on ptolemy.moml.MoMLSimpleApplication@240d0e81
----------------- Done invoking toplevel() on ptolemy.moml.MoMLSimpleApplication@240d0e81
reloadAllAccessors: .Starmac

===========================================================================================
----------------- testing Tue Oct 06 16:08:15 UTC 2020 /home/travis/build/icyphy/ptII/ptolemy/domains/continuous/test/auto/StaticUnits.xml
----------------- Instantiating /home/travis/build/icyphy/ptII/ptolemy/domains/continuous/test/auto/StaticUnits.xml
1677 ms. Memory: 324608K Free: 170503K (53%)
----------------- Invoking toplevel() on ptolemy.moml.MoMLSimpleApplication@23a6605b
----------------- Done invoking toplevel() on ptolemy.moml.MoMLSimpleApplication@23a6605b
reloadAllAccessors: .StaticUnits

===========================================================================================
----------------- testing Tue Oct 06 16:08:17 UTC 2020 /home/travis/build/icyphy/ptII/ptolemy/domains/continuous/test/auto/StickyMasses.xml
----------------- Instantiating /home/travis/build/icyphy/ptII/ptolemy/domains/continuous/test/auto/StickyMasses.xml
232 ms. Memory: 324608K Free: 120823K (37%)
----------------- Invoking toplevel() on ptolemy.moml.MoMLSimpleApplication@845b95b
----------------- Done invoking toplevel() on ptolemy.moml.MoMLSimpleApplication@845b95b
reloadAllAccessors: .StickyMasses

===========================================================================================
----------------- testing Tue Oct 06 16:08:18 UTC 2020 /home/travis/build/icyphy/ptII/ptolemy/domains/continuous/test/auto/StopTime.xml
----------------- Instantiating /home/travis/build/icyphy/ptII/ptolemy/domains/continuous/test/auto/StopTime.xml
40 ms. Memory: 324608K Free: 284618K (88%)
----------------- Invoking toplevel() on ptolemy.moml.MoMLSimpleApplication@6f94b709
----------------- Done invoking toplevel() on ptolemy.moml.MoMLSimpleApplication@6f94b709
reloadAllAccessors: .StopTime

===========================================================================================
----------------- testing Tue Oct 06 16:08:18 UTC 2020 /home/travis/build/icyphy/ptII/ptolemy/domains/continuous/test/auto/StopTime2.xml
----------------- Instantiating /home/travis/build/icyphy/ptII/ptolemy/domains/continuous/test/auto/StopTime2.xml
36 ms. Memory: 324608K Free: 262586K (81%)
----------------- Invoking toplevel() on ptolemy.moml.MoMLSimpleApplication@438fcaf9
----------------- Done invoking toplevel() on ptolemy.moml.MoMLSimpleApplication@438fcaf9
reloadAllAccessors: .StopTime2

===========================================================================================
----------------- testing Tue Oct 06 16:08:18 UTC 2020 /home/travis/build/icyphy/ptII/ptolemy/domains/continuous/test/auto/Switch.xml
----------------- Instantiating /home/travis/build/icyphy/ptII/ptolemy/domains/continuous/test/auto/Switch.xml
40 ms. Memory: 324608K Free: 237514K (73%)
----------------- Invoking toplevel() on ptolemy.moml.MoMLSimpleApplication@583f7df9
----------------- Done invoking toplevel() on ptolemy.moml.MoMLSimpleApplication@583f7df9
reloadAllAccessors: .Switch

===========================================================================================
----------------- testing Tue Oct 06 16:08:18 UTC 2020 /home/travis/build/icyphy/ptII/ptolemy/domains/continuous/test/auto/Thermostat.xml
----------------- Instantiating /home/travis/build/icyphy/ptII/ptolemy/domains/continuous/test/auto/Thermostat.xml
185 ms. Memory: 324608K Free: 165290K (51%)
----------------- Invoking toplevel() on ptolemy.moml.MoMLSimpleApplication@22370ae3
----------------- Done invoking toplevel() on ptolemy.moml.MoMLSimpleApplication@22370ae3
reloadAllAccessors: .Thermostat

===========================================================================================
----------------- testing Tue Oct 06 16:08:18 UTC 2020 /home/travis/build/icyphy/ptII/ptolemy/domains/continuous/test/auto/TimeDelay.xml
----------------- Instantiating /home/travis/build/icyphy/ptII/ptolemy/domains/continuous/test/auto/TimeDelay.xml
5 ms. Memory: 324608K Free: 160200K (49%)
----------------- Invoking toplevel() on ptolemy.moml.MoMLSimpleApplication@10034008
----------------- Done invoking toplevel() on ptolemy.moml.MoMLSimpleApplication@10034008
reloadAllAccessors: .TimeDelay

===========================================================================================
----------------- testing Tue Oct 06 16:08:18 UTC 2020 /home/travis/build/icyphy/ptII/ptolemy/domains/continuous/test/auto/TimeDelay2.xml
----------------- Instantiating /home/travis/build/icyphy/ptII/ptolemy/domains/continuous/test/auto/TimeDelay2.xml
9 ms. Memory: 324608K Free: 150474K (46%)
----------------- Invoking toplevel() on ptolemy.moml.MoMLSimpleApplication@36b68b3f
----------------- Done invoking toplevel() on ptolemy.moml.MoMLSimpleApplication@36b68b3f
reloadAllAccessors: .TimeDelay2

===========================================================================================
----------------- testing Tue Oct 06 16:08:18 UTC 2020 /home/travis/build/icyphy/ptII/ptolemy/domains/continuous/test/auto/TimeDelay3.xml
----------------- Instantiating /home/travis/build/icyphy/ptII/ptolemy/domains/continuous/test/auto/TimeDelay3.xml
5 ms. Memory: 324608K Free: 145861K (45%)
----------------- Invoking toplevel() on ptolemy.moml.MoMLSimpleApplication@b88381b
----------------- Done invoking toplevel() on ptolemy.moml.MoMLSimpleApplication@b88381b
reloadAllAccessors: .TimeDelay3

===========================================================================================
----------------- testing Tue Oct 06 16:08:18 UTC 2020 /home/travis/build/icyphy/ptII/ptolemy/domains/continuous/test/auto/TransferAbsentToInside.xml
----------------- Instantiating /home/travis/build/icyphy/ptII/ptolemy/domains/continuous/test/auto/TransferAbsentToInside.xml
27 ms. Memory: 324608K Free: 281032K (87%)
----------------- Invoking toplevel() on ptolemy.moml.MoMLSimpleApplication@7efe3614
----------------- Done invoking toplevel() on ptolemy.moml.MoMLSimpleApplication@7efe3614
reloadAllAccessors: .TransferAbsentToInside

===========================================================================================
----------------- testing Tue Oct 06 16:08:18 UTC 2020 /home/travis/build/icyphy/ptII/ptolemy/domains/continuous/test/auto/Transmission.xml
----------------- Instantiating /home/travis/build/icyphy/ptII/ptolemy/domains/continuous/test/auto/Transmission.xml
764 ms. Memory: 324608K Free: 237995K (73%)
----------------- Invoking toplevel() on ptolemy.moml.MoMLSimpleApplication@120f920
----------------- Done invoking toplevel() on ptolemy.moml.MoMLSimpleApplication@120f920
reloadAllAccessors: .Transmission

===========================================================================================
----------------- testing Tue Oct 06 16:08:19 UTC 2020 /home/travis/build/icyphy/ptII/ptolemy/domains/continuous/test/auto/TriggeredContinuousClock.xml
----------------- Instantiating /home/travis/build/icyphy/ptII/ptolemy/domains/continuous/test/auto/TriggeredContinuousClock.xml
35 ms. Memory: 324608K Free: 208299K (64%)
----------------- Invoking toplevel() on ptolemy.moml.MoMLSimpleApplication@27e9d230
----------------- Done invoking toplevel() on ptolemy.moml.MoMLSimpleApplication@27e9d230
reloadAllAccessors: .TriggeredContinuousClock

===========================================================================================
----------------- testing Tue Oct 06 16:08:19 UTC 2020 /home/travis/build/icyphy/ptII/ptolemy/domains/continuous/test/auto/TwoMachineInfiniteBusControl.xml
----------------- Instantiating /home/travis/build/icyphy/ptII/ptolemy/domains/continuous/test/auto/TwoMachineInfiniteBusControl.xml
2182 ms. Memory: 324608K Free: 207243K (64%)
----------------- Invoking toplevel() on ptolemy.moml.MoMLSimpleApplication@16ea782d
----------------- Done invoking toplevel() on ptolemy.moml.MoMLSimpleApplication@16ea782d
reloadAllAccessors: .TwoMachineInfiniteBusControl

===========================================================================================
----------------- testing Tue Oct 06 16:08:21 UTC 2020 /home/travis/build/icyphy/ptII/ptolemy/domains/continuous/test/auto/V2V.xml
----------------- Instantiating /home/travis/build/icyphy/ptII/ptolemy/domains/continuous/test/auto/V2V.xml
660 ms. Memory: 324608K Free: 209275K (64%)
----------------- Invoking toplevel() on ptolemy.moml.MoMLSimpleApplication@1a55d203
----------------- Done invoking toplevel() on ptolemy.moml.MoMLSimpleApplication@1a55d203
reloadAllAccessors: .V2V

===========================================================================================
----------------- testing Tue Oct 06 16:08:22 UTC 2020 /home/travis/build/icyphy/ptII/ptolemy/domains/continuous/test/auto/hierarchicalModalModel.xml
----------------- Instantiating /home/travis/build/icyphy/ptII/ptolemy/domains/continuous/test/auto/hierarchicalModalModel.xml
7 ms. Memory: 324608K Free: 194945K (60%)
----------------- Invoking toplevel() on ptolemy.moml.MoMLSimpleApplication@6cd7b395
----------------- Done invoking toplevel() on ptolemy.moml.MoMLSimpleApplication@6cd7b395
reloadAllAccessors: .hierarchicalModalModel

===========================================================================================
----------------- testing Tue Oct 06 16:08:22 UTC 2020 /home/travis/build/icyphy/ptII/ptolemy/domains/continuous/test/auto/hierarchicalModalModel1.xml
----------------- Instantiating /home/travis/build/icyphy/ptII/ptolemy/domains/continuous/test/auto/hierarchicalModalModel1.xml
7 ms. Memory: 324608K Free: 180609K (56%)
----------------- Invoking toplevel() on ptolemy.moml.MoMLSimpleApplication@6b6381e6
----------------- Done invoking toplevel() on ptolemy.moml.MoMLSimpleApplication@6b6381e6
reloadAllAccessors: .hierarchicalModalModel1

===========================================================================================
----------------- testing Tue Oct 06 16:08:22 UTC 2020 /home/travis/build/icyphy/ptII/ptolemy/domains/continuous/test/auto/hierarchicalModalModel2.xml
----------------- Instantiating /home/travis/build/icyphy/ptII/ptolemy/domains/continuous/test/auto/hierarchicalModalModel2.xml
5 ms. Memory: 324608K Free: 168307K (52%)
----------------- Invoking toplevel() on ptolemy.moml.MoMLSimpleApplication@7c178387
----------------- Done invoking toplevel() on ptolemy.moml.MoMLSimpleApplication@7c178387
reloadAllAccessors: .hierarchicalModalModel2

===========================================================================================
----------------- testing Tue Oct 06 16:08:22 UTC 2020 /home/travis/build/icyphy/ptII/ptolemy/domains/continuous/test/auto/hierarchicalModalModel3.xml
----------------- Instantiating /home/travis/build/icyphy/ptII/ptolemy/domains/continuous/test/auto/hierarchicalModalModel3.xml
5 ms. Memory: 324608K Free: 157571K (49%)
----------------- Invoking toplevel() on ptolemy.moml.MoMLSimpleApplication@4f77e589
----------------- Done invoking toplevel() on ptolemy.moml.MoMLSimpleApplication@4f77e589
reloadAllAccessors: .hierarchicalModalModel3

===========================================================================================
----------------- testing Tue Oct 06 16:08:22 UTC 2020 /home/travis/build/icyphy/ptII/ptolemy/domains/continuous/test/auto/hierarchicalModalModel4.xml
----------------- Instantiating /home/travis/build/icyphy/ptII/ptolemy/domains/continuous/test/auto/hierarchicalModalModel4.xml
4 ms. Memory: 324608K Free: 145793K (45%)
----------------- Invoking toplevel() on ptolemy.moml.MoMLSimpleApplication@203a383
----------------- Done invoking toplevel() on ptolemy.moml.MoMLSimpleApplication@203a383
reloadAllAccessors: .hierarchicalModalModel4

===========================================================================================
----------------- testing Tue Oct 06 16:08:22 UTC 2020 /home/travis/build/icyphy/ptII/ptolemy/domains/continuous/test/auto/junk.xml
----------------- Instantiating /home/travis/build/icyphy/ptII/ptolemy/domains/continuous/test/auto/junk.xml
112 ms. Memory: 324608K Free: 120707K (37%)
----------------- Invoking toplevel() on ptolemy.moml.MoMLSimpleApplication@3540cf26
----------------- Done invoking toplevel() on ptolemy.moml.MoMLSimpleApplication@3540cf26
reloadAllAccessors: .junk
AutoTests.java: About to close Vertx.
AutoTests.java: Vertx closed.
]]></system-out>
  <system-err><![CDATA[Warning: '.HysteresisWithRandomDelay.NonStrictTest' The test produced only 221 tokens, yet the correctValues parameter was expecting 222 tokens.
Warning: '.HysteresisWithRandomDelay.NonStrictTest2' The test produced only 220 tokens, yet the correctValues parameter was expecting 221 tokens.
Warning: '.HysteresisWithRandomDelay.NonStrictTest3' The test produced only 29 tokens, yet the correctValues parameter was expecting 30 tokens.
Warning: '.Poisson.NonStrictTest' The test produced only 420 tokens, yet the correctValues parameter was expecting 430 tokens.
]]></system-err>
</testsuite>
