<?xml version="1.0" encoding="UTF-8" ?>
<testsuite errors="0" failures="0" hostname="travis-job-d8a8fe9e-2f7a-4a16-a2b2-f180ca548229" name="org.terraswarm.accessor.test.junit.JUnitTclTest" skipped="0" tests="30" time="138.598" timestamp="2018-10-31T02:27:07">
  <properties>
[...]
</properties>
  <testcase classname="ptolemy.util.test.junit.TclTests" name="[0] /home/travis/build/icyphy/ptII/org/terraswarm/accessor/test/JSAccessor.tcl (RunTclFile)" time="16.214" />
  <testcase classname="ptolemy.util.test.junit.AutoKnownFailedTests" name="[0] ThereAreNoKnowFailedTests (RunModel)" time="0.002" />
  <testcase classname="ptolemy.util.test.junit.AutoNameArchTests" name="[0] ThereAreNoAutoArchTests (RunModel)" time="0.0" />
  <testcase classname="ptolemy.util.test.junit.AutoTests" name="[0] /home/travis/build/icyphy/ptII/org/terraswarm/accessor/test/auto/AccessViolation.xml (RunModel)" time="2.704" />
  <testcase classname="ptolemy.util.test.junit.AutoTests" name="[1] /home/travis/build/icyphy/ptII/org/terraswarm/accessor/test/auto/AccessViolation2.xml (RunModel)" time="2.31" />
  <testcase classname="ptolemy.util.test.junit.AutoTests" name="[2] /home/travis/build/icyphy/ptII/org/terraswarm/accessor/test/auto/Accessor1.xml (RunModel)" time="4.445" />
  <testcase classname="ptolemy.util.test.junit.AutoTests" name="[3] /home/travis/build/icyphy/ptII/org/terraswarm/accessor/test/auto/Accessor2.xml (RunModel)" time="2.376" />
  <testcase classname="ptolemy.util.test.junit.AutoTests" name="[4] /home/travis/build/icyphy/ptII/org/terraswarm/accessor/test/auto/CallbackWithSuppress.xml (RunModel)" time="23.739" />
  <testcase classname="ptolemy.util.test.junit.AutoTests" name="[5] /home/travis/build/icyphy/ptII/org/terraswarm/accessor/test/auto/Derived.xml (RunModel)" time="2.032" />
  <testcase classname="ptolemy.util.test.junit.AutoTests" name="[6] /home/travis/build/icyphy/ptII/org/terraswarm/accessor/test/auto/Derived2.xml (RunModel)" time="1.811" />
  <testcase classname="ptolemy.util.test.junit.AutoTests" name="[7] /home/travis/build/icyphy/ptII/org/terraswarm/accessor/test/auto/Derived3.xml (RunModel)" time="2.125" />
  <testcase classname="ptolemy.util.test.junit.AutoTests" name="[8] /home/travis/build/icyphy/ptII/org/terraswarm/accessor/test/auto/Derived4.xml (RunModel)" time="1.627" />
  <testcase classname="ptolemy.util.test.junit.AutoTests" name="[9] /home/travis/build/icyphy/ptII/org/terraswarm/accessor/test/auto/Derived5.xml (RunModel)" time="1.929" />
  <testcase classname="ptolemy.util.test.junit.AutoTests" name="[10] /home/travis/build/icyphy/ptII/org/terraswarm/accessor/test/auto/Derived6.xml (RunModel)" time="1.453" />
  <testcase classname="ptolemy.util.test.junit.AutoTests" name="[11] /home/travis/build/icyphy/ptII/org/terraswarm/accessor/test/auto/Derived8.xml (RunModel)" time="1.713" />
  <testcase classname="ptolemy.util.test.junit.AutoTests" name="[12] /home/travis/build/icyphy/ptII/org/terraswarm/accessor/test/auto/Derived9.xml (RunModel)" time="1.96" />
  <testcase classname="ptolemy.util.test.junit.AutoTests" name="[13] /home/travis/build/icyphy/ptII/org/terraswarm/accessor/test/auto/DerivedAgain.xml (RunModel)" time="3.27" />
  <testcase classname="ptolemy.util.test.junit.AutoTests" name="[14] /home/travis/build/icyphy/ptII/org/terraswarm/accessor/test/auto/DerivedAgain2.xml (RunModel)" time="2.709" />
  <testcase classname="ptolemy.util.test.junit.AutoTests" name="[15] /home/travis/build/icyphy/ptII/org/terraswarm/accessor/test/auto/DerivedAgain4.xml (RunModel)" time="1.839" />
  <testcase classname="ptolemy.util.test.junit.AutoTests" name="[16] /home/travis/build/icyphy/ptII/org/terraswarm/accessor/test/auto/DerivedAgain5.xml (RunModel)" time="1.72" />
  <testcase classname="ptolemy.util.test.junit.AutoTests" name="[17] /home/travis/build/icyphy/ptII/org/terraswarm/accessor/test/auto/DerivedAgain6.xml (RunModel)" time="2.584" />
  <testcase classname="ptolemy.util.test.junit.AutoTests" name="[18] /home/travis/build/icyphy/ptII/org/terraswarm/accessor/test/auto/DerivedAgain7.xml (RunModel)" time="2.259" />
  <testcase classname="ptolemy.util.test.junit.AutoTests" name="[19] /home/travis/build/icyphy/ptII/org/terraswarm/accessor/test/auto/GetDate.xml (RunModel)" time="0.0" />
  <testcase classname="ptolemy.util.test.junit.AutoTests" name="[20] /home/travis/build/icyphy/ptII/org/terraswarm/accessor/test/auto/HandlerWithSuppress.xml (RunModel)" time="23.004" />
  <testcase classname="ptolemy.util.test.junit.AutoTests" name="[21] /home/travis/build/icyphy/ptII/org/terraswarm/accessor/test/auto/HttpRequest.xml (RunModel)" time="1.516" />
  <testcase classname="ptolemy.util.test.junit.AutoTests" name="[22] /home/travis/build/icyphy/ptII/org/terraswarm/accessor/test/auto/JSON.xml (RunModel)" time="3.13" />
  <testcase classname="ptolemy.util.test.junit.AutoTests" name="[23] /home/travis/build/icyphy/ptII/org/terraswarm/accessor/test/auto/ReadURL.xml (RunModel)" time="13.928" />
  <testcase classname="ptolemy.util.test.junit.AutoTests" name="[24] /home/travis/build/icyphy/ptII/org/terraswarm/accessor/test/auto/SendNullToOwnInput.xml (RunModel)" time="2.798" />
  <testcase classname="ptolemy.util.test.junit.AutoTests" name="[25] /home/travis/build/icyphy/ptII/org/terraswarm/accessor/test/auto/Stop.xml (RunModel)" time="9.737" />
  <testcase classname="ptolemy.util.test.junit.AutoTests" name="[26] /home/travis/build/icyphy/ptII/org/terraswarm/accessor/test/auto/Stop2.xml (RunModel)" time="3.252" />
  <system-out><![CDATA[/home/travis/build/icyphy/ptII/org/terraswarm/accessor/test/JSAccessor.tcl
testDefs.tcl: setting time out to 9000 seconds at Wed Oct 31 02:27:07 UTC 2018
JSAccessor: PT_NO_NET environment variable is set, so git pull and ptdoc are not being run.
10/31/18 02:27:23
Failed: 0  Total Tests: 13  ((Passed: 13, Newly Passed: 0)  Known Failed: 0) /home/travis/build/icyphy/ptII/org/terraswarm/accessor/test
No auto/knownFailedTests/*.xml tests in /home/travis/build/icyphy/ptII/org/terraswarm/accessor/test
No auto/linux-amd64/*.xml tests in /home/travis/build/icyphy/ptII/org/terraswarm/accessor/test
AutoTests.java: About to close Vertx.
AutoTests.java: Vertx closed.

===========================================================================================
----------------- testing Wed Oct 31 02:27:24 UTC 2018 /home/travis/build/icyphy/ptII/org/terraswarm/accessor/test/auto/AccessViolation.xml
----------------- Instantiating /home/travis/build/icyphy/ptII/org/terraswarm/accessor/test/auto/AccessViolation.xml
1138 ms. Memory: 446464K Free: 61948K (14%)
----------------- Invoking toplevel() on ptolemy.moml.MoMLSimpleApplication@38edb0b5
----------------- Done invoking toplevel() on ptolemy.moml.MoMLSimpleApplication@38edb0b5
reloadAllAccessors: .AccessViolation
This is the first time that the reloadAllAccessors method has been invoked in this JVM, so the the accessors repo will be checked out or updated and JSDoc invoked. Note that running the tests may end up invoking a new JVM for each directory, so the repo may be checked out or updated and JSDoc invoked more than once when the tests are run.
-------------- Reloaded accessors, but skipping rerun for now. Wed Oct 31 02:27:26 UTC 2018 /home/travis/build/icyphy/ptII/org/terraswarm/accessor/test/auto/AccessViolation.xml

===========================================================================================
----------------- testing Wed Oct 31 02:27:26 UTC 2018 /home/travis/build/icyphy/ptII/org/terraswarm/accessor/test/auto/AccessViolation2.xml
----------------- Instantiating /home/travis/build/icyphy/ptII/org/terraswarm/accessor/test/auto/AccessViolation2.xml
1095 ms. Memory: 579584K Free: 483290K (83%)
----------------- Invoking toplevel() on ptolemy.moml.MoMLSimpleApplication@40dcb262
----------------- Done invoking toplevel() on ptolemy.moml.MoMLSimpleApplication@40dcb262
reloadAllAccessors: .AccessViolation2
-------------- Reloaded accessors, but skipping rerun for now. Wed Oct 31 02:27:29 UTC 2018 /home/travis/build/icyphy/ptII/org/terraswarm/accessor/test/auto/AccessViolation2.xml

===========================================================================================
----------------- testing Wed Oct 31 02:27:29 UTC 2018 /home/travis/build/icyphy/ptII/org/terraswarm/accessor/test/auto/Accessor1.xml
----------------- Instantiating /home/travis/build/icyphy/ptII/org/terraswarm/accessor/test/auto/Accessor1.xml
2206 ms. Memory: 584704K Free: 122417K (21%)
----------------- Invoking toplevel() on ptolemy.moml.MoMLSimpleApplication@727459f6
----------------- Done invoking toplevel() on ptolemy.moml.MoMLSimpleApplication@727459f6
reloadAllAccessors: .Accessor1
-------------- Reloaded accessors, but skipping rerun for now. Wed Oct 31 02:27:33 UTC 2018 /home/travis/build/icyphy/ptII/org/terraswarm/accessor/test/auto/Accessor1.xml

===========================================================================================
----------------- testing Wed Oct 31 02:27:33 UTC 2018 /home/travis/build/icyphy/ptII/org/terraswarm/accessor/test/auto/Accessor2.xml
----------------- Instantiating /home/travis/build/icyphy/ptII/org/terraswarm/accessor/test/auto/Accessor2.xml
1059 ms. Memory: 683008K Free: 106106K (16%)
----------------- Invoking toplevel() on ptolemy.moml.MoMLSimpleApplication@69ba02ff
----------------- Done invoking toplevel() on ptolemy.moml.MoMLSimpleApplication@69ba02ff
reloadAllAccessors: .Accessor2
-------------- Reloaded accessors, but skipping rerun for now. Wed Oct 31 02:27:36 UTC 2018 /home/travis/build/icyphy/ptII/org/terraswarm/accessor/test/auto/Accessor2.xml

===========================================================================================
----------------- testing Wed Oct 31 02:27:36 UTC 2018 /home/travis/build/icyphy/ptII/org/terraswarm/accessor/test/auto/CallbackWithSuppress.xml
----------------- Instantiating /home/travis/build/icyphy/ptII/org/terraswarm/accessor/test/auto/CallbackWithSuppress.xml
21909 ms. Memory: 852992K Free: 613525K (72%)
----------------- Invoking toplevel() on ptolemy.moml.MoMLSimpleApplication@3f100b47
----------------- Done invoking toplevel() on ptolemy.moml.MoMLSimpleApplication@3f100b47
reloadAllAccessors: .CallbackWithSuppress
Accessors in test/auto do not typically have documentation, so we are not running jsdoc on file:/home/travis/build/icyphy/ptII/org/terraswarm/accessor/test/auto/accessors/CallbackWithSuppress.js
-------------- Reloaded accessors, but skipping rerun for now. Wed Oct 31 02:27:59 UTC 2018 /home/travis/build/icyphy/ptII/org/terraswarm/accessor/test/auto/CallbackWithSuppress.xml

===========================================================================================
----------------- testing Wed Oct 31 02:27:59 UTC 2018 /home/travis/build/icyphy/ptII/org/terraswarm/accessor/test/auto/Derived.xml
----------------- Instantiating /home/travis/build/icyphy/ptII/org/terraswarm/accessor/test/auto/Derived.xml
DerivedA: base set up (Thread[Thread-23,5,main])
DerivedA: derived set up (Thread[Thread-23,5,main])
DerivedA: base set up (Thread[Thread-23,5,main])
DerivedA: derived set up (Thread[Thread-23,5,main])
DerivedA: base set up (Thread[Derived,1,main])
DerivedA: derived set up (Thread[Derived,1,main])
DerivedA: base set up (Thread[Derived,1,main])
DerivedA: derived set up (Thread[Derived,1,main])
DerivedA: base set up (Thread[Derived,1,main])
DerivedA: derived set up (Thread[Derived,1,main])
DerivedA: base set up (Thread[Derived,1,main])
DerivedA: derived set up (Thread[Derived,1,main])
DerivedA: base set up (Thread[Derived,1,main])
DerivedA: derived set up (Thread[Derived,1,main])
DerivedA: base init (Thread[Derived,1,main])
DerivedA: derived init (Thread[Derived,1,main])
DerivedA: derived wrapped up (Thread[Derived,1,main])
1131 ms. Memory: 856576K Free: 708773K (83%)
----------------- Invoking toplevel() on ptolemy.moml.MoMLSimpleApplication@480b59e0
----------------- Done invoking toplevel() on ptolemy.moml.MoMLSimpleApplication@480b59e0
reloadAllAccessors: .Derived
Accessors in test/auto do not typically have documentation, so we are not running jsdoc on file:/home/travis/build/icyphy/ptII/org/terraswarm/accessor/test/auto/accessors/DerivedA.js
DerivedA: base set up (Thread[Thread-23,5,main])
DerivedA: derived set up (Thread[Thread-23,5,main])
DerivedA: base set up (Thread[Thread-23,5,main])
DerivedA: derived set up (Thread[Thread-23,5,main])
-------------- Reloaded accessors, but skipping rerun for now. Wed Oct 31 02:28:01 UTC 2018 /home/travis/build/icyphy/ptII/org/terraswarm/accessor/test/auto/Derived.xml

===========================================================================================
----------------- testing Wed Oct 31 02:28:01 UTC 2018 /home/travis/build/icyphy/ptII/org/terraswarm/accessor/test/auto/Derived2.xml
----------------- Instantiating /home/travis/build/icyphy/ptII/org/terraswarm/accessor/test/auto/Derived2.xml
DerivedB2: printing non-prototype properties (Thread[Derived2,1,main])
DerivedB2: ssuper: [object Object] (Thread[Derived2,1,main])
DerivedB2: setup: function () {
        this.extend('BaseB');
    } (Thread[Derived2,1,main])
DerivedB2: inputHandler: function () {
    console.log('sending false');
    this.send('output', false);
} (Thread[Derived2,1,main])
DerivedB2: initialize: function () {
    exports.ssuper.initialize.call(this);
    printProperties(exports);
} (Thread[Derived2,1,main])
DerivedB2: printing protoytpe (Thread[Derived2,1,main])
DerivedB2: ssuper: [object Object] (Thread[Derived2,1,main])
DerivedB2: setup: function () {
        this.extend('BaseB');
    } (Thread[Derived2,1,main])
DerivedB2: initialize: function () {
    exports.ssuper.initialize.call(this);
    printProperties(exports);
} (Thread[Derived2,1,main])
DerivedB2: inputHandler: function () {
    console.log('sending false');
    this.send('output', false);
} (Thread[Derived2,1,main])
DerivedB2: sending false (Thread[Derived2,1,main])
970 ms. Memory: 856576K Free: 287803K (34%)
----------------- Invoking toplevel() on ptolemy.moml.MoMLSimpleApplication@10be44bd
----------------- Done invoking toplevel() on ptolemy.moml.MoMLSimpleApplication@10be44bd
reloadAllAccessors: .Derived2
Accessors in test/auto do not typically have documentation, so we are not running jsdoc on file:/home/travis/build/icyphy/ptII/org/terraswarm/accessor/test/auto/accessors/DerivedB.js
-------------- Reloaded accessors, but skipping rerun for now. Wed Oct 31 02:28:03 UTC 2018 /home/travis/build/icyphy/ptII/org/terraswarm/accessor/test/auto/Derived2.xml

===========================================================================================
----------------- testing Wed Oct 31 02:28:03 UTC 2018 /home/travis/build/icyphy/ptII/org/terraswarm/accessor/test/auto/Derived3.xml
----------------- Instantiating /home/travis/build/icyphy/ptII/org/terraswarm/accessor/test/auto/Derived3.xml
898 ms. Memory: 1039360K Free: 780112K (75%)
----------------- Invoking toplevel() on ptolemy.moml.MoMLSimpleApplication@2b4c1bb6
----------------- Done invoking toplevel() on ptolemy.moml.MoMLSimpleApplication@2b4c1bb6
reloadAllAccessors: .Derived3
Accessors in test/auto do not typically have documentation, so we are not running jsdoc on file:/home/travis/build/icyphy/ptII/org/terraswarm/accessor/test/auto/accessors/DerivedC.js
-------------- Reloaded accessors, but skipping rerun for now. Wed Oct 31 02:28:05 UTC 2018 /home/travis/build/icyphy/ptII/org/terraswarm/accessor/test/auto/Derived3.xml

===========================================================================================
----------------- testing Wed Oct 31 02:28:05 UTC 2018 /home/travis/build/icyphy/ptII/org/terraswarm/accessor/test/auto/Derived4.xml
----------------- Instantiating /home/travis/build/icyphy/ptII/org/terraswarm/accessor/test/auto/Derived4.xml
777 ms. Memory: 1039360K Free: 353858K (34%)
----------------- Invoking toplevel() on ptolemy.moml.MoMLSimpleApplication@48aa619
----------------- Done invoking toplevel() on ptolemy.moml.MoMLSimpleApplication@48aa619
reloadAllAccessors: .Derived4
Accessors in test/auto do not typically have documentation, so we are not running jsdoc on file:/home/travis/build/icyphy/ptII/org/terraswarm/accessor/test/auto/accessors/DerivedD.js
-------------- Reloaded accessors, but skipping rerun for now. Wed Oct 31 02:28:07 UTC 2018 /home/travis/build/icyphy/ptII/org/terraswarm/accessor/test/auto/Derived4.xml

===========================================================================================
----------------- testing Wed Oct 31 02:28:07 UTC 2018 /home/travis/build/icyphy/ptII/org/terraswarm/accessor/test/auto/Derived5.xml
----------------- Instantiating /home/travis/build/icyphy/ptII/org/terraswarm/accessor/test/auto/Derived5.xml
989 ms. Memory: 1044480K Free: 672747K (64%)
----------------- Invoking toplevel() on ptolemy.moml.MoMLSimpleApplication@2741fe14
----------------- Done invoking toplevel() on ptolemy.moml.MoMLSimpleApplication@2741fe14
reloadAllAccessors: .Derived5
Accessors in test/auto do not typically have documentation, so we are not running jsdoc on file:/home/travis/build/icyphy/ptII/org/terraswarm/accessor/test/auto/accessors/DerivedE.js
-------------- Reloaded accessors, but skipping rerun for now. Wed Oct 31 02:28:09 UTC 2018 /home/travis/build/icyphy/ptII/org/terraswarm/accessor/test/auto/Derived5.xml

===========================================================================================
----------------- testing Wed Oct 31 02:28:09 UTC 2018 /home/travis/build/icyphy/ptII/org/terraswarm/accessor/test/auto/Derived6.xml
----------------- Instantiating /home/travis/build/icyphy/ptII/org/terraswarm/accessor/test/auto/Derived6.xml
685 ms. Memory: 1044480K Free: 253681K (24%)
----------------- Invoking toplevel() on ptolemy.moml.MoMLSimpleApplication@6df97016
----------------- Done invoking toplevel() on ptolemy.moml.MoMLSimpleApplication@6df97016
reloadAllAccessors: .Derived6
Accessors in test/auto do not typically have documentation, so we are not running jsdoc on file:/home/travis/build/icyphy/ptII/org/terraswarm/accessor/test/auto/accessors/DerivedF.js
-------------- Reloaded accessors, but skipping rerun for now. Wed Oct 31 02:28:10 UTC 2018 /home/travis/build/icyphy/ptII/org/terraswarm/accessor/test/auto/Derived6.xml

===========================================================================================
----------------- testing Wed Oct 31 02:28:10 UTC 2018 /home/travis/build/icyphy/ptII/org/terraswarm/accessor/test/auto/Derived8.xml
----------------- Instantiating /home/travis/build/icyphy/ptII/org/terraswarm/accessor/test/auto/Derived8.xml
744 ms. Memory: 1203712K Free: 723533K (60%)
----------------- Invoking toplevel() on ptolemy.moml.MoMLSimpleApplication@4b4341ac
----------------- Done invoking toplevel() on ptolemy.moml.MoMLSimpleApplication@4b4341ac
reloadAllAccessors: .Derived8
Accessors in test/auto do not typically have documentation, so we are not running jsdoc on file:/home/travis/build/icyphy/ptII/org/terraswarm/accessor/test/auto/accessors/DerivedH.js
-------------- Reloaded accessors, but skipping rerun for now. Wed Oct 31 02:28:12 UTC 2018 /home/travis/build/icyphy/ptII/org/terraswarm/accessor/test/auto/Derived8.xml

===========================================================================================
----------------- testing Wed Oct 31 02:28:12 UTC 2018 /home/travis/build/icyphy/ptII/org/terraswarm/accessor/test/auto/Derived9.xml
----------------- Instantiating /home/travis/build/icyphy/ptII/org/terraswarm/accessor/test/auto/Derived9.xml
1054 ms. Memory: 1203712K Free: 290537K (24%)
----------------- Invoking toplevel() on ptolemy.moml.MoMLSimpleApplication@563cdbf2
----------------- Done invoking toplevel() on ptolemy.moml.MoMLSimpleApplication@563cdbf2
reloadAllAccessors: .Derived9
Accessors in test/auto do not typically have documentation, so we are not running jsdoc on file:/home/travis/build/icyphy/ptII/org/terraswarm/accessor/test/auto/accessors/DerivedI.js
-------------- Reloaded accessors, but skipping rerun for now. Wed Oct 31 02:28:14 UTC 2018 /home/travis/build/icyphy/ptII/org/terraswarm/accessor/test/auto/Derived9.xml

===========================================================================================
----------------- testing Wed Oct 31 02:28:14 UTC 2018 /home/travis/build/icyphy/ptII/org/terraswarm/accessor/test/auto/DerivedAgain.xml
----------------- Instantiating /home/travis/build/icyphy/ptII/org/terraswarm/accessor/test/auto/DerivedAgain.xml
1950 ms. Memory: 1243136K Free: 958322K (77%)
----------------- Invoking toplevel() on ptolemy.moml.MoMLSimpleApplication@31ab6643
----------------- Done invoking toplevel() on ptolemy.moml.MoMLSimpleApplication@31ab6643
reloadAllAccessors: .DerivedAgain
Accessors in test/auto do not typically have documentation, so we are not running jsdoc on file:/home/travis/build/icyphy/ptII/org/terraswarm/accessor/test/auto/accessors/DerivedAgainA.js
-------------- Reloaded accessors, but skipping rerun for now. Wed Oct 31 02:28:17 UTC 2018 /home/travis/build/icyphy/ptII/org/terraswarm/accessor/test/auto/DerivedAgain.xml

===========================================================================================
----------------- testing Wed Oct 31 02:28:17 UTC 2018 /home/travis/build/icyphy/ptII/org/terraswarm/accessor/test/auto/DerivedAgain2.xml
----------------- Instantiating /home/travis/build/icyphy/ptII/org/terraswarm/accessor/test/auto/DerivedAgain2.xml
1911 ms. Memory: 1243136K Free: 531377K (43%)
----------------- Invoking toplevel() on ptolemy.moml.MoMLSimpleApplication@55bd5b1d
----------------- Done invoking toplevel() on ptolemy.moml.MoMLSimpleApplication@55bd5b1d
reloadAllAccessors: .DerivedAgain2
Accessors in test/auto do not typically have documentation, so we are not running jsdoc on file:/home/travis/build/icyphy/ptII/org/terraswarm/accessor/test/auto/accessors/DerivedAgainB.js
-------------- Reloaded accessors, but skipping rerun for now. Wed Oct 31 02:28:20 UTC 2018 /home/travis/build/icyphy/ptII/org/terraswarm/accessor/test/auto/DerivedAgain2.xml

===========================================================================================
----------------- testing Wed Oct 31 02:28:20 UTC 2018 /home/travis/build/icyphy/ptII/org/terraswarm/accessor/test/auto/DerivedAgain4.xml
----------------- Instantiating /home/travis/build/icyphy/ptII/org/terraswarm/accessor/test/auto/DerivedAgain4.xml
986 ms. Memory: 1446912K Free: 1177360K (81%)
----------------- Invoking toplevel() on ptolemy.moml.MoMLSimpleApplication@6e6e8a8e
----------------- Done invoking toplevel() on ptolemy.moml.MoMLSimpleApplication@6e6e8a8e
reloadAllAccessors: .DerivedAgain4
Accessors in test/auto do not typically have documentation, so we are not running jsdoc on file:/home/travis/build/icyphy/ptII/org/terraswarm/accessor/test/auto/accessors/DerivedAgainD.js
-------------- Reloaded accessors, but skipping rerun for now. Wed Oct 31 02:28:22 UTC 2018 /home/travis/build/icyphy/ptII/org/terraswarm/accessor/test/auto/DerivedAgain4.xml

===========================================================================================
----------------- testing Wed Oct 31 02:28:22 UTC 2018 /home/travis/build/icyphy/ptII/org/terraswarm/accessor/test/auto/DerivedAgain5.xml
----------------- Instantiating /home/travis/build/icyphy/ptII/org/terraswarm/accessor/test/auto/DerivedAgain5.xml
838 ms. Memory: 1446912K Free: 731758K (51%)
----------------- Invoking toplevel() on ptolemy.moml.MoMLSimpleApplication@4767990a
----------------- Done invoking toplevel() on ptolemy.moml.MoMLSimpleApplication@4767990a
reloadAllAccessors: .DerivedAgain5
Accessors in test/auto do not typically have documentation, so we are not running jsdoc on file:/home/travis/build/icyphy/ptII/org/terraswarm/accessor/test/auto/accessors/DerivedAgainE.js
-------------- Reloaded accessors, but skipping rerun for now. Wed Oct 31 02:28:24 UTC 2018 /home/travis/build/icyphy/ptII/org/terraswarm/accessor/test/auto/DerivedAgain5.xml

===========================================================================================
----------------- testing Wed Oct 31 02:28:24 UTC 2018 /home/travis/build/icyphy/ptII/org/terraswarm/accessor/test/auto/DerivedAgain6.xml
----------------- Instantiating /home/travis/build/icyphy/ptII/org/terraswarm/accessor/test/auto/DerivedAgain6.xml
1161 ms. Memory: 1454080K Free: 1188045K (82%)
----------------- Invoking toplevel() on ptolemy.moml.MoMLSimpleApplication@15face5d
----------------- Done invoking toplevel() on ptolemy.moml.MoMLSimpleApplication@15face5d
reloadAllAccessors: .DerivedAgain6
Accessors in test/auto do not typically have documentation, so we are not running jsdoc on file:/home/travis/build/icyphy/ptII/org/terraswarm/accessor/test/auto/accessors/DerivedAgainD.js
-------------- Reloaded accessors, but skipping rerun for now. Wed Oct 31 02:28:26 UTC 2018 /home/travis/build/icyphy/ptII/org/terraswarm/accessor/test/auto/DerivedAgain6.xml

===========================================================================================
----------------- testing Wed Oct 31 02:28:26 UTC 2018 /home/travis/build/icyphy/ptII/org/terraswarm/accessor/test/auto/DerivedAgain7.xml
----------------- Instantiating /home/travis/build/icyphy/ptII/org/terraswarm/accessor/test/auto/DerivedAgain7.xml
937 ms. Memory: 1454080K Free: 578905K (40%)
----------------- Invoking toplevel() on ptolemy.moml.MoMLSimpleApplication@55ad79ba
----------------- Done invoking toplevel() on ptolemy.moml.MoMLSimpleApplication@55ad79ba
reloadAllAccessors: .DerivedAgain7
Accessors in test/auto do not typically have documentation, so we are not running jsdoc on file:/home/travis/build/icyphy/ptII/org/terraswarm/accessor/test/auto/accessors/DerivedAgainD.js
-------------- Reloaded accessors, but skipping rerun for now. Wed Oct 31 02:28:28 UTC 2018 /home/travis/build/icyphy/ptII/org/terraswarm/accessor/test/auto/DerivedAgain7.xml

===========================================================================================
----------------- *** Skipping testing of /home/travis/build/icyphy/ptII/org/terraswarm/accessor/test/auto/GetDate.xml because it does fails under Travis.  To updated this list, edit ptolemy/util/test/junit/AutoTests.java

===========================================================================================
----------------- testing Wed Oct 31 02:28:28 UTC 2018 /home/travis/build/icyphy/ptII/org/terraswarm/accessor/test/auto/HandlerWithSuppress.xml
----------------- Instantiating /home/travis/build/icyphy/ptII/org/terraswarm/accessor/test/auto/HandlerWithSuppress.xml
21589 ms. Memory: 1735168K Free: 1401786K (81%)
----------------- Invoking toplevel() on ptolemy.moml.MoMLSimpleApplication@13a46f63
----------------- Done invoking toplevel() on ptolemy.moml.MoMLSimpleApplication@13a46f63
reloadAllAccessors: .HandlerWithSuppress
Accessors in test/auto do not typically have documentation, so we are not running jsdoc on file:/home/travis/build/icyphy/ptII/org/terraswarm/accessor/test/auto/accessors/HandlerWithSuppress.js
-------------- Reloaded accessors, but skipping rerun for now. Wed Oct 31 02:28:51 UTC 2018 /home/travis/build/icyphy/ptII/org/terraswarm/accessor/test/auto/HandlerWithSuppress.xml

===========================================================================================
----------------- testing Wed Oct 31 02:28:51 UTC 2018 /home/travis/build/icyphy/ptII/org/terraswarm/accessor/test/auto/HttpRequest.xml
----------------- Instantiating /home/travis/build/icyphy/ptII/org/terraswarm/accessor/test/auto/HttpRequest.xml
842 ms. Memory: 1735168K Free: 913283K (53%)
----------------- Invoking toplevel() on ptolemy.moml.MoMLSimpleApplication@1a9ba35d
----------------- Done invoking toplevel() on ptolemy.moml.MoMLSimpleApplication@1a9ba35d
reloadAllAccessors: .HttpRequest
-------------- Reloaded accessors, but skipping rerun for now. Wed Oct 31 02:28:53 UTC 2018 /home/travis/build/icyphy/ptII/org/terraswarm/accessor/test/auto/HttpRequest.xml

===========================================================================================
----------------- testing Wed Oct 31 02:28:53 UTC 2018 /home/travis/build/icyphy/ptII/org/terraswarm/accessor/test/auto/JSON.xml
----------------- Instantiating /home/travis/build/icyphy/ptII/org/terraswarm/accessor/test/auto/JSON.xml
JavaScript: { data: 1 } (Thread[JSON,1,main])
JavaScript3: 1 (Thread[JSON,1,main])
2487 ms. Memory: 1743360K Free: 1455108K (83%)
----------------- Invoking toplevel() on ptolemy.moml.MoMLSimpleApplication@100e2b7a
----------------- Done invoking toplevel() on ptolemy.moml.MoMLSimpleApplication@100e2b7a
reloadAllAccessors: .JSON

===========================================================================================
----------------- testing Wed Oct 31 02:28:56 UTC 2018 /home/travis/build/icyphy/ptII/org/terraswarm/accessor/test/auto/ReadURL.xml
----------------- Instantiating /home/travis/build/icyphy/ptII/org/terraswarm/accessor/test/auto/ReadURL.xml
12071 ms. Memory: 1743360K Free: 465754K (27%)
----------------- Invoking toplevel() on ptolemy.moml.MoMLSimpleApplication@66082856
----------------- Done invoking toplevel() on ptolemy.moml.MoMLSimpleApplication@66082856
reloadAllAccessors: .ReadURL
-------------- Reloaded accessors, but skipping rerun for now. Wed Oct 31 02:29:10 UTC 2018 /home/travis/build/icyphy/ptII/org/terraswarm/accessor/test/auto/ReadURL.xml

===========================================================================================
----------------- testing Wed Oct 31 02:29:10 UTC 2018 /home/travis/build/icyphy/ptII/org/terraswarm/accessor/test/auto/SendNullToOwnInput.xml
----------------- Instantiating /home/travis/build/icyphy/ptII/org/terraswarm/accessor/test/auto/SendNullToOwnInput.xml
1271 ms. Memory: 1831424K Free: 1018972K (56%)
----------------- Invoking toplevel() on ptolemy.moml.MoMLSimpleApplication@39674515
----------------- Done invoking toplevel() on ptolemy.moml.MoMLSimpleApplication@39674515
reloadAllAccessors: .SendNullToOwnInput
-------------- Reloaded accessors, but skipping rerun for now. Wed Oct 31 02:29:13 UTC 2018 /home/travis/build/icyphy/ptII/org/terraswarm/accessor/test/auto/SendNullToOwnInput.xml

===========================================================================================
----------------- testing Wed Oct 31 02:29:13 UTC 2018 /home/travis/build/icyphy/ptII/org/terraswarm/accessor/test/auto/Stop.xml
----------------- Instantiating /home/travis/build/icyphy/ptII/org/terraswarm/accessor/test/auto/Stop.xml
TextDisplayHelper: 0
TextDisplayHelper: 1
TextDisplayHelper: 2
TextDisplayHelper: 3
7054 ms. Memory: 1862144K Free: 1178094K (63%)
----------------- Invoking toplevel() on ptolemy.moml.MoMLSimpleApplication@1424b9cc
----------------- Done invoking toplevel() on ptolemy.moml.MoMLSimpleApplication@1424b9cc
reloadAllAccessors: .Stop
-------------- Reloaded accessors, but skipping rerun for now. Wed Oct 31 02:29:22 UTC 2018 /home/travis/build/icyphy/ptII/org/terraswarm/accessor/test/auto/Stop.xml

===========================================================================================
----------------- testing Wed Oct 31 02:29:22 UTC 2018 /home/travis/build/icyphy/ptII/org/terraswarm/accessor/test/auto/Stop2.xml
----------------- Instantiating /home/travis/build/icyphy/ptII/org/terraswarm/accessor/test/auto/Stop2.xml
2591 ms. Memory: 1862144K Free: 596187K (32%)
----------------- Invoking toplevel() on ptolemy.moml.MoMLSimpleApplication@2ae53b32
----------------- Done invoking toplevel() on ptolemy.moml.MoMLSimpleApplication@2ae53b32
reloadAllAccessors: .Stop2
-------------- Reloaded accessors, but skipping rerun for now. Wed Oct 31 02:29:26 UTC 2018 /home/travis/build/icyphy/ptII/org/terraswarm/accessor/test/auto/Stop2.xml
AutoTests.java: About to close Vertx.
AutoTests.java: Vertx closed.
]]></system-out>
  <system-err><![CDATA[WARNING: CallbackWithSuppress: Model stopped before executing actions (e.g. producing outputs) scheduled for execution at times [21.0]
WARNING: HandlerWithSuppress: Model stopped before executing actions (e.g. producing outputs) scheduled for execution at times [21.0]
WARNING: TestSpontaneous: Model stopped before executing actions (e.g. producing outputs) scheduled for execution at times [5.0]
]]></system-err>
</testsuite>
