<?xml version="1.0" encoding="UTF-8" ?>
<testsuite errors="0" failures="0" hostname="travis-job-6931c6e7-75b5-4c82-914b-8900a1fbe455" name="ptolemy.domains.continuous.test.junit.JUnitTclTest" skipped="0" tests="156" time="77.437" timestamp="2018-10-22T02:34:34">
  <properties>
[...]
</properties>
  <testcase classname="ptolemy.util.test.junit.TclTests" name="[0] ThereAreNoTclTests (RunTclFile)" time="0.002" />
  <testcase classname="ptolemy.util.test.junit.AutoKnownFailedTests" name="[0] ThereAreNoKnowFailedTests (RunModel)" time="0.002" />
  <testcase classname="ptolemy.util.test.junit.AutoNameArchTests" name="[0] ThereAreNoAutoArchTests (RunModel)" time="0.004" />
  <testcase classname="ptolemy.util.test.junit.AutoTests" name="[0] /home/travis/build/icyphy/ptII/ptolemy/domains/continuous/test/auto/BouncingBall.xml (RunModel)" time="3.067" />
  <testcase classname="ptolemy.util.test.junit.AutoTests" name="[1] /home/travis/build/icyphy/ptII/ptolemy/domains/continuous/test/auto/BouncingBallWithoutGR.xml (RunModel)" time="0.932" />
  <testcase classname="ptolemy.util.test.junit.AutoTests" name="[2] /home/travis/build/icyphy/ptII/ptolemy/domains/continuous/test/auto/Brownian.xml (RunModel)" time="0.116" />
  <testcase classname="ptolemy.util.test.junit.AutoTests" name="[3] /home/travis/build/icyphy/ptII/ptolemy/domains/continuous/test/auto/CarTracking.xml (RunModel)" time="3.994" />
  <testcase classname="ptolemy.util.test.junit.AutoTests" name="[4] /home/travis/build/icyphy/ptII/ptolemy/domains/continuous/test/auto/CartPendulum.xml (RunModel)" time="0.521" />
  <testcase classname="ptolemy.util.test.junit.AutoTests" name="[5] /home/travis/build/icyphy/ptII/ptolemy/domains/continuous/test/auto/CausalityInterface10.xml (RunModel)" time="0.057" />
  <testcase classname="ptolemy.util.test.junit.AutoTests" name="[6] /home/travis/build/icyphy/ptII/ptolemy/domains/continuous/test/auto/CausalityInterface11.xml (RunModel)" time="0.041" />
  <testcase classname="ptolemy.util.test.junit.AutoTests" name="[7] /home/travis/build/icyphy/ptII/ptolemy/domains/continuous/test/auto/CausalityInterface12.xml (RunModel)" time="0.04" />
  <testcase classname="ptolemy.util.test.junit.AutoTests" name="[8] /home/travis/build/icyphy/ptII/ptolemy/domains/continuous/test/auto/CausalityInterface13.xml (RunModel)" time="0.04" />
  <testcase classname="ptolemy.util.test.junit.AutoTests" name="[9] /home/travis/build/icyphy/ptII/ptolemy/domains/continuous/test/auto/CausalityInterface14.xml (RunModel)" time="0.024" />
  <testcase classname="ptolemy.util.test.junit.AutoTests" name="[10] /home/travis/build/icyphy/ptII/ptolemy/domains/continuous/test/auto/CausalityInterface4.xml (RunModel)" time="0.034" />
  <testcase classname="ptolemy.util.test.junit.AutoTests" name="[11] /home/travis/build/icyphy/ptII/ptolemy/domains/continuous/test/auto/CausalityInterface5.xml (RunModel)" time="0.049" />
  <testcase classname="ptolemy.util.test.junit.AutoTests" name="[12] /home/travis/build/icyphy/ptII/ptolemy/domains/continuous/test/auto/CausalityInterface6.xml (RunModel)" time="0.025" />
  <testcase classname="ptolemy.util.test.junit.AutoTests" name="[13] /home/travis/build/icyphy/ptII/ptolemy/domains/continuous/test/auto/CausalityInterface7.xml (RunModel)" time="0.056" />
  <testcase classname="ptolemy.util.test.junit.AutoTests" name="[14] /home/travis/build/icyphy/ptII/ptolemy/domains/continuous/test/auto/CausalityInterface8.xml (RunModel)" time="0.044" />
  <testcase classname="ptolemy.util.test.junit.AutoTests" name="[15] /home/travis/build/icyphy/ptII/ptolemy/domains/continuous/test/auto/CausalityInterface9.xml (RunModel)" time="0.05" />
  <testcase classname="ptolemy.util.test.junit.AutoTests" name="[16] /home/travis/build/icyphy/ptII/ptolemy/domains/continuous/test/auto/CausalityInterfaceFeedback1.xml (RunModel)" time="0.027" />
  <testcase classname="ptolemy.util.test.junit.AutoTests" name="[17] /home/travis/build/icyphy/ptII/ptolemy/domains/continuous/test/auto/CausalityInterfaceFeedback2.xml (RunModel)" time="0.028" />
  <testcase classname="ptolemy.util.test.junit.AutoTests" name="[18] /home/travis/build/icyphy/ptII/ptolemy/domains/continuous/test/auto/CompareWithCurrentTime.xml (RunModel)" time="0.033" />
  <testcase classname="ptolemy.util.test.junit.AutoTests" name="[19] /home/travis/build/icyphy/ptII/ptolemy/domains/continuous/test/auto/ComparedClocks.xml (RunModel)" time="0.076" />
  <testcase classname="ptolemy.util.test.junit.AutoTests" name="[20] /home/travis/build/icyphy/ptII/ptolemy/domains/continuous/test/auto/ContinuousAOCClone.xml (RunModel)" time="2.854" />
  <testcase classname="ptolemy.util.test.junit.AutoTests" name="[21] /home/travis/build/icyphy/ptII/ptolemy/domains/continuous/test/auto/ContinuousClock.xml (RunModel)" time="0.11" />
  <testcase classname="ptolemy.util.test.junit.AutoTests" name="[22] /home/travis/build/icyphy/ptII/ptolemy/domains/continuous/test/auto/ContinuousInContinuous.xml (RunModel)" time="0.092" />
  <testcase classname="ptolemy.util.test.junit.AutoTests" name="[23] /home/travis/build/icyphy/ptII/ptolemy/domains/continuous/test/auto/ContinuousInContinuousInContinuous.xml (RunModel)" time="0.035" />
  <testcase classname="ptolemy.util.test.junit.AutoTests" name="[24] /home/travis/build/icyphy/ptII/ptolemy/domains/continuous/test/auto/ContinuousInDE.xml (RunModel)" time="0.136" />
  <testcase classname="ptolemy.util.test.junit.AutoTests" name="[25] /home/travis/build/icyphy/ptII/ptolemy/domains/continuous/test/auto/ContinuousInDE2.xml (RunModel)" time="0.066" />
  <testcase classname="ptolemy.util.test.junit.AutoTests" name="[26] /home/travis/build/icyphy/ptII/ptolemy/domains/continuous/test/auto/ContinuousInDE3.xml (RunModel)" time="0.065" />
  <testcase classname="ptolemy.util.test.junit.AutoTests" name="[27] /home/travis/build/icyphy/ptII/ptolemy/domains/continuous/test/auto/ContinuousInDE4.xml (RunModel)" time="0.045" />
  <testcase classname="ptolemy.util.test.junit.AutoTests" name="[28] /home/travis/build/icyphy/ptII/ptolemy/domains/continuous/test/auto/ContinuousInDEDifferentRefinements.xml (RunModel)" time="0.114" />
  <testcase classname="ptolemy.util.test.junit.AutoTests" name="[29] /home/travis/build/icyphy/ptII/ptolemy/domains/continuous/test/auto/ContinuousInDEDifferentRefinementsPreemptive.xml (RunModel)" time="0.093" />
  <testcase classname="ptolemy.util.test.junit.AutoTests" name="[30] /home/travis/build/icyphy/ptII/ptolemy/domains/continuous/test/auto/ContinuousInDEInContinuous2.xml (RunModel)" time="0.055" />
  <testcase classname="ptolemy.util.test.junit.AutoTests" name="[31] /home/travis/build/icyphy/ptII/ptolemy/domains/continuous/test/auto/ContinuousInDEInContinuous3.xml (RunModel)" time="0.059" />
  <testcase classname="ptolemy.util.test.junit.AutoTests" name="[32] /home/travis/build/icyphy/ptII/ptolemy/domains/continuous/test/auto/ContinuousInDEInput.xml (RunModel)" time="0.041" />
  <testcase classname="ptolemy.util.test.junit.AutoTests" name="[33] /home/travis/build/icyphy/ptII/ptolemy/domains/continuous/test/auto/ContinuousInDEInput2.xml (RunModel)" time="0.037" />
  <testcase classname="ptolemy.util.test.junit.AutoTests" name="[34] /home/travis/build/icyphy/ptII/ptolemy/domains/continuous/test/auto/ContinuousInDEInput3.xml (RunModel)" time="0.032" />
  <testcase classname="ptolemy.util.test.junit.AutoTests" name="[35] /home/travis/build/icyphy/ptII/ptolemy/domains/continuous/test/auto/ContinuousInDESharingRefinement.xml (RunModel)" time="0.187" />
  <testcase classname="ptolemy.util.test.junit.AutoTests" name="[36] /home/travis/build/icyphy/ptII/ptolemy/domains/continuous/test/auto/ContinuousInDEwithNoPorts.xml (RunModel)" time="0.02" />
  <testcase classname="ptolemy.util.test.junit.AutoTests" name="[37] /home/travis/build/icyphy/ptII/ptolemy/domains/continuous/test/auto/ContinuousInsideDE.xml (RunModel)" time="0.096" />
  <testcase classname="ptolemy.util.test.junit.AutoTests" name="[38] /home/travis/build/icyphy/ptII/ptolemy/domains/continuous/test/auto/ContinuousMerge1.xml (RunModel)" time="0.023" />
  <testcase classname="ptolemy.util.test.junit.AutoTests" name="[39] /home/travis/build/icyphy/ptII/ptolemy/domains/continuous/test/auto/ContinuousMerge2.xml (RunModel)" time="0.048" />
  <testcase classname="ptolemy.util.test.junit.AutoTests" name="[40] /home/travis/build/icyphy/ptII/ptolemy/domains/continuous/test/auto/ContinuousMerge3.xml (RunModel)" time="0.077" />
  <testcase classname="ptolemy.util.test.junit.AutoTests" name="[41] /home/travis/build/icyphy/ptII/ptolemy/domains/continuous/test/auto/ContinuousWithinContinuous.xml (RunModel)" time="0.058" />
  <testcase classname="ptolemy.util.test.junit.AutoTests" name="[42] /home/travis/build/icyphy/ptII/ptolemy/domains/continuous/test/auto/ContinuousWithinContinuous2.xml (RunModel)" time="0.096" />
  <testcase classname="ptolemy.util.test.junit.AutoTests" name="[43] /home/travis/build/icyphy/ptII/ptolemy/domains/continuous/test/auto/ContinuousWithinContinuous3.xml (RunModel)" time="0.042" />
  <testcase classname="ptolemy.util.test.junit.AutoTests" name="[44] /home/travis/build/icyphy/ptII/ptolemy/domains/continuous/test/auto/ContinuousWithinContinuous4.xml (RunModel)" time="0.08" />
  <testcase classname="ptolemy.util.test.junit.AutoTests" name="[45] /home/travis/build/icyphy/ptII/ptolemy/domains/continuous/test/auto/ContinuousWithinContinuous5.xml (RunModel)" time="0.028" />
  <testcase classname="ptolemy.util.test.junit.AutoTests" name="[46] /home/travis/build/icyphy/ptII/ptolemy/domains/continuous/test/auto/ContinuousWithinContinuous6.xml (RunModel)" time="0.055" />
  <testcase classname="ptolemy.util.test.junit.AutoTests" name="[47] /home/travis/build/icyphy/ptII/ptolemy/domains/continuous/test/auto/ContinuousWithinContinuous7.xml (RunModel)" time="0.068" />
  <testcase classname="ptolemy.util.test.junit.AutoTests" name="[48] /home/travis/build/icyphy/ptII/ptolemy/domains/continuous/test/auto/DCMotor.xml (RunModel)" time="14.945" />
  <testcase classname="ptolemy.util.test.junit.AutoTests" name="[49] /home/travis/build/icyphy/ptII/ptolemy/domains/continuous/test/auto/DEInContinuous.xml (RunModel)" time="0.017" />
  <testcase classname="ptolemy.util.test.junit.AutoTests" name="[50] /home/travis/build/icyphy/ptII/ptolemy/domains/continuous/test/auto/DEinContinuous2.xml (RunModel)" time="0.031" />
  <testcase classname="ptolemy.util.test.junit.AutoTests" name="[51] /home/travis/build/icyphy/ptII/ptolemy/domains/continuous/test/auto/Derivative.xml (RunModel)" time="0.194" />
  <testcase classname="ptolemy.util.test.junit.AutoTests" name="[52] /home/travis/build/icyphy/ptII/ptolemy/domains/continuous/test/auto/Derivative1.xml (RunModel)" time="0.042" />
  <testcase classname="ptolemy.util.test.junit.AutoTests" name="[53] /home/travis/build/icyphy/ptII/ptolemy/domains/continuous/test/auto/DiscreteClock.xml (RunModel)" time="0.015" />
  <testcase classname="ptolemy.util.test.junit.AutoTests" name="[54] /home/travis/build/icyphy/ptII/ptolemy/domains/continuous/test/auto/EfficiencyCurve.xml (RunModel)" time="0.08" />
  <testcase classname="ptolemy.util.test.junit.AutoTests" name="[55] /home/travis/build/icyphy/ptII/ptolemy/domains/continuous/test/auto/ExponentialResponse.xml (RunModel)" time="0.124" />
  <testcase classname="ptolemy.util.test.junit.AutoTests" name="[56] /home/travis/build/icyphy/ptII/ptolemy/domains/continuous/test/auto/ExponentialResponseRK45.xml (RunModel)" time="0.035" />
  <testcase classname="ptolemy.util.test.junit.AutoTests" name="[57] /home/travis/build/icyphy/ptII/ptolemy/domains/continuous/test/auto/Friction.xml (RunModel)" time="1.401" />
  <testcase classname="ptolemy.util.test.junit.AutoTests" name="[58] /home/travis/build/icyphy/ptII/ptolemy/domains/continuous/test/auto/FurutaPendulum.xml (RunModel)" time="3.864" />
  <testcase classname="ptolemy.util.test.junit.AutoTests" name="[59] /home/travis/build/icyphy/ptII/ptolemy/domains/continuous/test/auto/HierarchicalExecution.xml (RunModel)" time="2.546" />
  <testcase classname="ptolemy.util.test.junit.AutoTests" name="[60] /home/travis/build/icyphy/ptII/ptolemy/domains/continuous/test/auto/HybridPlant.xml (RunModel)" time="0.542" />
  <testcase classname="ptolemy.util.test.junit.AutoTests" name="[61] /home/travis/build/icyphy/ptII/ptolemy/domains/continuous/test/auto/Hysteresis.xml (RunModel)" time="0.165" />
  <testcase classname="ptolemy.util.test.junit.AutoTests" name="[62] /home/travis/build/icyphy/ptII/ptolemy/domains/continuous/test/auto/HysteresisWithRandomDelay.xml (RunModel)" time="0.218" />
  <testcase classname="ptolemy.util.test.junit.AutoTests" name="[63] /home/travis/build/icyphy/ptII/ptolemy/domains/continuous/test/auto/HysteresisWithRandomLosses.xml (RunModel)" time="2.4" />
  <testcase classname="ptolemy.util.test.junit.AutoTests" name="[64] /home/travis/build/icyphy/ptII/ptolemy/domains/continuous/test/auto/ImmediateTransitions.xml (RunModel)" time="0.029" />
  <testcase classname="ptolemy.util.test.junit.AutoTests" name="[65] /home/travis/build/icyphy/ptII/ptolemy/domains/continuous/test/auto/ImpulseFeedback.xml (RunModel)" time="0.035" />
  <testcase classname="ptolemy.util.test.junit.AutoTests" name="[66] /home/travis/build/icyphy/ptII/ptolemy/domains/continuous/test/auto/ImpulseFeedback2.xml (RunModel)" time="0.021" />
  <testcase classname="ptolemy.util.test.junit.AutoTests" name="[67] /home/travis/build/icyphy/ptII/ptolemy/domains/continuous/test/auto/IncreasingRatePoisson.xml (RunModel)" time="0.728" />
  <testcase classname="ptolemy.util.test.junit.AutoTests" name="[68] /home/travis/build/icyphy/ptII/ptolemy/domains/continuous/test/auto/InitialStateFeedback.xml (RunModel)" time="0.012" />
  <testcase classname="ptolemy.util.test.junit.AutoTests" name="[69] /home/travis/build/icyphy/ptII/ptolemy/domains/continuous/test/auto/Integration.xml (RunModel)" time="0.018" />
  <testcase classname="ptolemy.util.test.junit.AutoTests" name="[70] /home/travis/build/icyphy/ptII/ptolemy/domains/continuous/test/auto/Integration2.xml (RunModel)" time="0.093" />
  <testcase classname="ptolemy.util.test.junit.AutoTests" name="[71] /home/travis/build/icyphy/ptII/ptolemy/domains/continuous/test/auto/Integration3.xml (RunModel)" time="0.013" />
  <testcase classname="ptolemy.util.test.junit.AutoTests" name="[72] /home/travis/build/icyphy/ptII/ptolemy/domains/continuous/test/auto/Integration5.xml (RunModel)" time="0.021" />
  <testcase classname="ptolemy.util.test.junit.AutoTests" name="[73] /home/travis/build/icyphy/ptII/ptolemy/domains/continuous/test/auto/IntegratorImpulse.xml (RunModel)" time="0.014" />
  <testcase classname="ptolemy.util.test.junit.AutoTests" name="[74] /home/travis/build/icyphy/ptII/ptolemy/domains/continuous/test/auto/IntegratorImpulse2.xml (RunModel)" time="0.018" />
  <testcase classname="ptolemy.util.test.junit.AutoTests" name="[75] /home/travis/build/icyphy/ptII/ptolemy/domains/continuous/test/auto/LevelCrossing1.xml (RunModel)" time="0.013" />
  <testcase classname="ptolemy.util.test.junit.AutoTests" name="[76] /home/travis/build/icyphy/ptII/ptolemy/domains/continuous/test/auto/LevelCrossing2.xml (RunModel)" time="0.011" />
  <testcase classname="ptolemy.util.test.junit.AutoTests" name="[77] /home/travis/build/icyphy/ptII/ptolemy/domains/continuous/test/auto/LevelCrossing3.xml (RunModel)" time="0.012" />
  <testcase classname="ptolemy.util.test.junit.AutoTests" name="[78] /home/travis/build/icyphy/ptII/ptolemy/domains/continuous/test/auto/LevelCrossing4.xml (RunModel)" time="0.013" />
  <testcase classname="ptolemy.util.test.junit.AutoTests" name="[79] /home/travis/build/icyphy/ptII/ptolemy/domains/continuous/test/auto/LevelCrossing5.xml (RunModel)" time="0.013" />
  <testcase classname="ptolemy.util.test.junit.AutoTests" name="[80] /home/travis/build/icyphy/ptII/ptolemy/domains/continuous/test/auto/LevelCrossing6.xml (RunModel)" time="0.012" />
  <testcase classname="ptolemy.util.test.junit.AutoTests" name="[81] /home/travis/build/icyphy/ptII/ptolemy/domains/continuous/test/auto/LevelCrossingDetector.xml (RunModel)" time="0.036" />
  <testcase classname="ptolemy.util.test.junit.AutoTests" name="[82] /home/travis/build/icyphy/ptII/ptolemy/domains/continuous/test/auto/LevelCrossingDetectorDetectingDirections.xml (RunModel)" time="0.081" />
  <testcase classname="ptolemy.util.test.junit.AutoTests" name="[83] /home/travis/build/icyphy/ptII/ptolemy/domains/continuous/test/auto/LevelCrossingDetectorDetectsGlitches.xml (RunModel)" time="0.06" />
  <testcase classname="ptolemy.util.test.junit.AutoTests" name="[84] /home/travis/build/icyphy/ptII/ptolemy/domains/continuous/test/auto/LevelCrossingNoInitialOuput.xml (RunModel)" time="0.012" />
  <testcase classname="ptolemy.util.test.junit.AutoTests" name="[85] /home/travis/build/icyphy/ptII/ptolemy/domains/continuous/test/auto/LinearStateSpaceExample.xml (RunModel)" time="0.045" />
  <testcase classname="ptolemy.util.test.junit.AutoTests" name="[86] /home/travis/build/icyphy/ptII/ptolemy/domains/continuous/test/auto/Lorenz.xml (RunModel)" time="3.952" />
  <testcase classname="ptolemy.util.test.junit.AutoTests" name="[87] /home/travis/build/icyphy/ptII/ptolemy/domains/continuous/test/auto/LorenzDifferentialSystem.xml (RunModel)" time="1.055" />
  <testcase classname="ptolemy.util.test.junit.AutoTests" name="[88] /home/travis/build/icyphy/ptII/ptolemy/domains/continuous/test/auto/LorenzDifferentialSystemWithInput.xml (RunModel)" time="1.387" />
  <testcase classname="ptolemy.util.test.junit.AutoTests" name="[89] /home/travis/build/icyphy/ptII/ptolemy/domains/continuous/test/auto/LorenzDifferentialSystemWithTime.xml (RunModel)" time="0.821" />
  <testcase classname="ptolemy.util.test.junit.AutoTests" name="[90] /home/travis/build/icyphy/ptII/ptolemy/domains/continuous/test/auto/Microsteps.xml (RunModel)" time="0.05" />
  <testcase classname="ptolemy.util.test.junit.AutoTests" name="[91] /home/travis/build/icyphy/ptII/ptolemy/domains/continuous/test/auto/Modal1.xml (RunModel)" time="0.044" />
  <testcase classname="ptolemy.util.test.junit.AutoTests" name="[92] /home/travis/build/icyphy/ptII/ptolemy/domains/continuous/test/auto/Modal2.xml (RunModel)" time="0.045" />
  <testcase classname="ptolemy.util.test.junit.AutoTests" name="[93] /home/travis/build/icyphy/ptII/ptolemy/domains/continuous/test/auto/ModalTransitionGuardWithReset.xml (RunModel)" time="0.026" />
  <testcase classname="ptolemy.util.test.junit.AutoTests" name="[94] /home/travis/build/icyphy/ptII/ptolemy/domains/continuous/test/auto/ModalTransitionGuardWithResetUsingPreemptiveTransition.xml (RunModel)" time="0.026" />
  <testcase classname="ptolemy.util.test.junit.AutoTests" name="[95] /home/travis/build/icyphy/ptII/ptolemy/domains/continuous/test/auto/ModalTransitionGuardWithResetUsingPreemptiveTransition2.xml (RunModel)" time="0.032" />
  <testcase classname="ptolemy.util.test.junit.AutoTests" name="[96] /home/travis/build/icyphy/ptII/ptolemy/domains/continuous/test/auto/ModalTransitionGuardWithResetUsingPreemptiveTransition3.xml (RunModel)" time="0.033" />
  <testcase classname="ptolemy.util.test.junit.AutoTests" name="[97] /home/travis/build/icyphy/ptII/ptolemy/domains/continuous/test/auto/NewtonsCradle.xml (RunModel)" time="0.804" />
  <testcase classname="ptolemy.util.test.junit.AutoTests" name="[98] /home/travis/build/icyphy/ptII/ptolemy/domains/continuous/test/auto/NewtonsCradleAnimated.xml (RunModel)" time="1.283" />
  <testcase classname="ptolemy.util.test.junit.AutoTests" name="[99] /home/travis/build/icyphy/ptII/ptolemy/domains/continuous/test/auto/NewtonsCradleComplicated.xml (RunModel)" time="0.933" />
  <testcase classname="ptolemy.util.test.junit.AutoTests" name="[100] /home/travis/build/icyphy/ptII/ptolemy/domains/continuous/test/auto/NewtonsCradleNondeterministic.xml (RunModel)" time="0.774" />
  <testcase classname="ptolemy.util.test.junit.AutoTests" name="[101] /home/travis/build/icyphy/ptII/ptolemy/domains/continuous/test/auto/NewtonsCradlePerfectlyInelastic1.xml (RunModel)" time="1.372" />
  <testcase classname="ptolemy.util.test.junit.AutoTests" name="[102] /home/travis/build/icyphy/ptII/ptolemy/domains/continuous/test/auto/Noise.xml (RunModel)" time="0.187" />
  <testcase classname="ptolemy.util.test.junit.AutoTests" name="[103] /home/travis/build/icyphy/ptII/ptolemy/domains/continuous/test/auto/NoiseSpectrum.xml (RunModel)" time="0.819" />
  <testcase classname="ptolemy.util.test.junit.AutoTests" name="[104] /home/travis/build/icyphy/ptII/ptolemy/domains/continuous/test/auto/ParameterizedNewtonsCradleAnimated.xml (RunModel)" time="0.393" />
  <testcase classname="ptolemy.util.test.junit.AutoTests" name="[105] /home/travis/build/icyphy/ptII/ptolemy/domains/continuous/test/auto/ParameterizedNewtonsCradleAnimatedNondeterministic.xml (RunModel)" time="1.216" />
  <testcase classname="ptolemy.util.test.junit.AutoTests" name="[106] /home/travis/build/icyphy/ptII/ptolemy/domains/continuous/test/auto/Pendulum3D.xml (RunModel)" time="0.161" />
  <testcase classname="ptolemy.util.test.junit.AutoTests" name="[107] /home/travis/build/icyphy/ptII/ptolemy/domains/continuous/test/auto/PeriodicSampler.xml (RunModel)" time="0.01" />
  <testcase classname="ptolemy.util.test.junit.AutoTests" name="[108] /home/travis/build/icyphy/ptII/ptolemy/domains/continuous/test/auto/PeriodicSampler1.xml (RunModel)" time="0.046" />
  <testcase classname="ptolemy.util.test.junit.AutoTests" name="[109] /home/travis/build/icyphy/ptII/ptolemy/domains/continuous/test/auto/PeriodicSampler2.xml (RunModel)" time="0.081" />
  <testcase classname="ptolemy.util.test.junit.AutoTests" name="[110] /home/travis/build/icyphy/ptII/ptolemy/domains/continuous/test/auto/Poisson.xml (RunModel)" time="0.465" />
  <testcase classname="ptolemy.util.test.junit.AutoTests" name="[111] /home/travis/build/icyphy/ptII/ptolemy/domains/continuous/test/auto/PoissonClock.xml (RunModel)" time="0.01" />
  <testcase classname="ptolemy.util.test.junit.AutoTests" name="[112] /home/travis/build/icyphy/ptII/ptolemy/domains/continuous/test/auto/PoissonClock2.xml (RunModel)" time="0.021" />
  <testcase classname="ptolemy.util.test.junit.AutoTests" name="[113] /home/travis/build/icyphy/ptII/ptolemy/domains/continuous/test/auto/PortParameterHierarchy.xml (RunModel)" time="0.021" />
  <testcase classname="ptolemy.util.test.junit.AutoTests" name="[114] /home/travis/build/icyphy/ptII/ptolemy/domains/continuous/test/auto/RandomHybridPlant.xml (RunModel)" time="0.516" />
  <testcase classname="ptolemy.util.test.junit.AutoTests" name="[115] /home/travis/build/icyphy/ptII/ptolemy/domains/continuous/test/auto/ResetTransitionWithStartTime1.xml (RunModel)" time="0.025" />
  <testcase classname="ptolemy.util.test.junit.AutoTests" name="[116] /home/travis/build/icyphy/ptII/ptolemy/domains/continuous/test/auto/ResetTransitionWithStartTime2.xml (RunModel)" time="0.033" />
  <testcase classname="ptolemy.util.test.junit.AutoTests" name="[117] /home/travis/build/icyphy/ptII/ptolemy/domains/continuous/test/auto/ResetTransitionWithStartTime3.xml (RunModel)" time="0.042" />
  <testcase classname="ptolemy.util.test.junit.AutoTests" name="[118] /home/travis/build/icyphy/ptII/ptolemy/domains/continuous/test/auto/ResetTransitionWithStartTime4.xml (RunModel)" time="0.031" />
  <testcase classname="ptolemy.util.test.junit.AutoTests" name="[119] /home/travis/build/icyphy/ptII/ptolemy/domains/continuous/test/auto/ResetTransitionWithStartTime5.xml (RunModel)" time="0.036" />
  <testcase classname="ptolemy.util.test.junit.AutoTests" name="[120] /home/travis/build/icyphy/ptII/ptolemy/domains/continuous/test/auto/ResetTransitionWithStartTime6.xml (RunModel)" time="0.024" />
  <testcase classname="ptolemy.util.test.junit.AutoTests" name="[121] /home/travis/build/icyphy/ptII/ptolemy/domains/continuous/test/auto/SRinContinuous.xml (RunModel)" time="0.037" />
  <testcase classname="ptolemy.util.test.junit.AutoTests" name="[122] /home/travis/build/icyphy/ptII/ptolemy/domains/continuous/test/auto/SampledClocks.xml (RunModel)" time="0.03" />
  <testcase classname="ptolemy.util.test.junit.AutoTests" name="[123] /home/travis/build/icyphy/ptII/ptolemy/domains/continuous/test/auto/Satellite.xml (RunModel)" time="0.881" />
  <testcase classname="ptolemy.util.test.junit.AutoTests" name="[124] /home/travis/build/icyphy/ptII/ptolemy/domains/continuous/test/auto/SigmaDelta.xml (RunModel)" time="2.651" />
  <testcase classname="ptolemy.util.test.junit.AutoTests" name="[125] /home/travis/build/icyphy/ptII/ptolemy/domains/continuous/test/auto/SingleRefinement.xml (RunModel)" time="0.546" />
  <testcase classname="ptolemy.util.test.junit.AutoTests" name="[126] /home/travis/build/icyphy/ptII/ptolemy/domains/continuous/test/auto/SinuBouncingBall.xml (RunModel)" time="0.805" />
  <testcase classname="ptolemy.util.test.junit.AutoTests" name="[127] /home/travis/build/icyphy/ptII/ptolemy/domains/continuous/test/auto/Sinusoid.xml (RunModel)" time="0.017" />
  <testcase classname="ptolemy.util.test.junit.AutoTests" name="[128] /home/travis/build/icyphy/ptII/ptolemy/domains/continuous/test/auto/SinusoidInNoise.xml (RunModel)" time="0.951" />
  <testcase classname="ptolemy.util.test.junit.AutoTests" name="[129] /home/travis/build/icyphy/ptII/ptolemy/domains/continuous/test/auto/SinusoidRK45.xml (RunModel)" time="0.008" />
  <testcase classname="ptolemy.util.test.junit.AutoTests" name="[130] /home/travis/build/icyphy/ptII/ptolemy/domains/continuous/test/auto/SinusoidWithMultipleImpulses.xml (RunModel)" time="0.015" />
  <testcase classname="ptolemy.util.test.junit.AutoTests" name="[131] /home/travis/build/icyphy/ptII/ptolemy/domains/continuous/test/auto/SquareWave.xml (RunModel)" time="0.192" />
  <testcase classname="ptolemy.util.test.junit.AutoTests" name="[132] /home/travis/build/icyphy/ptII/ptolemy/domains/continuous/test/auto/Starmac.xml (RunModel)" time="3.357" />
  <testcase classname="ptolemy.util.test.junit.AutoTests" name="[133] /home/travis/build/icyphy/ptII/ptolemy/domains/continuous/test/auto/StaticUnits.xml (RunModel)" time="2.521" />
  <testcase classname="ptolemy.util.test.junit.AutoTests" name="[134] /home/travis/build/icyphy/ptII/ptolemy/domains/continuous/test/auto/StickyMasses.xml (RunModel)" time="0.194" />
  <testcase classname="ptolemy.util.test.junit.AutoTests" name="[135] /home/travis/build/icyphy/ptII/ptolemy/domains/continuous/test/auto/StopTime.xml (RunModel)" time="0.061" />
  <testcase classname="ptolemy.util.test.junit.AutoTests" name="[136] /home/travis/build/icyphy/ptII/ptolemy/domains/continuous/test/auto/StopTime2.xml (RunModel)" time="0.054" />
  <testcase classname="ptolemy.util.test.junit.AutoTests" name="[137] /home/travis/build/icyphy/ptII/ptolemy/domains/continuous/test/auto/Switch.xml (RunModel)" time="0.059" />
  <testcase classname="ptolemy.util.test.junit.AutoTests" name="[138] /home/travis/build/icyphy/ptII/ptolemy/domains/continuous/test/auto/Thermostat.xml (RunModel)" time="0.215" />
  <testcase classname="ptolemy.util.test.junit.AutoTests" name="[139] /home/travis/build/icyphy/ptII/ptolemy/domains/continuous/test/auto/TimeDelay.xml (RunModel)" time="0.016" />
  <testcase classname="ptolemy.util.test.junit.AutoTests" name="[140] /home/travis/build/icyphy/ptII/ptolemy/domains/continuous/test/auto/TimeDelay2.xml (RunModel)" time="0.031" />
  <testcase classname="ptolemy.util.test.junit.AutoTests" name="[141] /home/travis/build/icyphy/ptII/ptolemy/domains/continuous/test/auto/TimeDelay3.xml (RunModel)" time="0.01" />
  <testcase classname="ptolemy.util.test.junit.AutoTests" name="[142] /home/travis/build/icyphy/ptII/ptolemy/domains/continuous/test/auto/TransferAbsentToInside.xml (RunModel)" time="0.112" />
  <testcase classname="ptolemy.util.test.junit.AutoTests" name="[143] /home/travis/build/icyphy/ptII/ptolemy/domains/continuous/test/auto/Transmission.xml (RunModel)" time="0.792" />
  <testcase classname="ptolemy.util.test.junit.AutoTests" name="[144] /home/travis/build/icyphy/ptII/ptolemy/domains/continuous/test/auto/TriggeredContinuousClock.xml (RunModel)" time="0.077" />
  <testcase classname="ptolemy.util.test.junit.AutoTests" name="[145] /home/travis/build/icyphy/ptII/ptolemy/domains/continuous/test/auto/TwoMachineInfiniteBusControl.xml (RunModel)" time="2.96" />
  <testcase classname="ptolemy.util.test.junit.AutoTests" name="[146] /home/travis/build/icyphy/ptII/ptolemy/domains/continuous/test/auto/V2V.xml (RunModel)" time="0.94" />
  <testcase classname="ptolemy.util.test.junit.AutoTests" name="[147] /home/travis/build/icyphy/ptII/ptolemy/domains/continuous/test/auto/hierarchicalModalModel.xml (RunModel)" time="0.044" />
  <testcase classname="ptolemy.util.test.junit.AutoTests" name="[148] /home/travis/build/icyphy/ptII/ptolemy/domains/continuous/test/auto/hierarchicalModalModel1.xml (RunModel)" time="0.03" />
  <testcase classname="ptolemy.util.test.junit.AutoTests" name="[149] /home/travis/build/icyphy/ptII/ptolemy/domains/continuous/test/auto/hierarchicalModalModel2.xml (RunModel)" time="0.027" />
  <testcase classname="ptolemy.util.test.junit.AutoTests" name="[150] /home/travis/build/icyphy/ptII/ptolemy/domains/continuous/test/auto/hierarchicalModalModel3.xml (RunModel)" time="0.023" />
  <testcase classname="ptolemy.util.test.junit.AutoTests" name="[151] /home/travis/build/icyphy/ptII/ptolemy/domains/continuous/test/auto/hierarchicalModalModel4.xml (RunModel)" time="0.025" />
  <testcase classname="ptolemy.util.test.junit.AutoTests" name="[152] /home/travis/build/icyphy/ptII/ptolemy/domains/continuous/test/auto/junk.xml (RunModel)" time="0.14" />
  <system-out><![CDATA[No tcl tests in /home/travis/build/icyphy/ptII/ptolemy/domains/continuous/test
No auto/knownFailedTests/*.xml tests in /home/travis/build/icyphy/ptII/ptolemy/domains/continuous/test
No auto/linux-amd64/*.xml tests in /home/travis/build/icyphy/ptII/ptolemy/domains/continuous/test
AutoTests.java: About to close Vertx.
AutoTests.java: Vertx closed.

===========================================================================================
----------------- testing Mon Oct 22 02:34:35 UTC 2018 /home/travis/build/icyphy/ptII/ptolemy/domains/continuous/test/auto/BouncingBall.xml
----------------- Instantiating /home/travis/build/icyphy/ptII/ptolemy/domains/continuous/test/auto/BouncingBall.xml
2574 ms. Memory: 331776K Free: 254783K (77%)
----------------- Invoking toplevel() on ptolemy.moml.MoMLSimpleApplication@feb73ea
----------------- Done invoking toplevel() on ptolemy.moml.MoMLSimpleApplication@feb73ea
reloadAllAccessors: .BouncingBall

===========================================================================================
----------------- testing Mon Oct 22 02:34:38 UTC 2018 /home/travis/build/icyphy/ptII/ptolemy/domains/continuous/test/auto/BouncingBallWithoutGR.xml
----------------- Instantiating /home/travis/build/icyphy/ptII/ptolemy/domains/continuous/test/auto/BouncingBallWithoutGR.xml
822 ms. Memory: 331776K Free: 309931K (93%)
----------------- Invoking toplevel() on ptolemy.moml.MoMLSimpleApplication@7df11ca3
----------------- Done invoking toplevel() on ptolemy.moml.MoMLSimpleApplication@7df11ca3
reloadAllAccessors: .BouncingBallWithoutGR

===========================================================================================
----------------- testing Mon Oct 22 02:34:39 UTC 2018 /home/travis/build/icyphy/ptII/ptolemy/domains/continuous/test/auto/Brownian.xml
----------------- Instantiating /home/travis/build/icyphy/ptII/ptolemy/domains/continuous/test/auto/Brownian.xml
35 ms. Memory: 331776K Free: 296034K (89%)
----------------- Invoking toplevel() on ptolemy.moml.MoMLSimpleApplication@aeeadba
----------------- Done invoking toplevel() on ptolemy.moml.MoMLSimpleApplication@aeeadba
reloadAllAccessors: .Brownian

===========================================================================================
----------------- testing Mon Oct 22 02:34:39 UTC 2018 /home/travis/build/icyphy/ptII/ptolemy/domains/continuous/test/auto/CarTracking.xml
----------------- Instantiating /home/travis/build/icyphy/ptII/ptolemy/domains/continuous/test/auto/CarTracking.xml
3594 ms. Memory: 578048K Free: 422264K (73%)
----------------- Invoking toplevel() on ptolemy.moml.MoMLSimpleApplication@3333d5d3
----------------- Done invoking toplevel() on ptolemy.moml.MoMLSimpleApplication@3333d5d3
reloadAllAccessors: .CarTracking

===========================================================================================
----------------- testing Mon Oct 22 02:34:43 UTC 2018 /home/travis/build/icyphy/ptII/ptolemy/domains/continuous/test/auto/CartPendulum.xml
----------------- Instantiating /home/travis/build/icyphy/ptII/ptolemy/domains/continuous/test/auto/CartPendulum.xml
390 ms. Memory: 578048K Free: 314449K (54%)
----------------- Invoking toplevel() on ptolemy.moml.MoMLSimpleApplication@5c89bf44
----------------- Done invoking toplevel() on ptolemy.moml.MoMLSimpleApplication@5c89bf44
reloadAllAccessors: .CartPendulum

===========================================================================================
----------------- testing Mon Oct 22 02:34:43 UTC 2018 /home/travis/build/icyphy/ptII/ptolemy/domains/continuous/test/auto/CausalityInterface10.xml
----------------- Instantiating /home/travis/build/icyphy/ptII/ptolemy/domains/continuous/test/auto/CausalityInterface10.xml
10 ms. Memory: 578048K Free: 298065K (52%)
----------------- Invoking toplevel() on ptolemy.moml.MoMLSimpleApplication@35c6b96d
----------------- Done invoking toplevel() on ptolemy.moml.MoMLSimpleApplication@35c6b96d
reloadAllAccessors: .CausalityInterface10

===========================================================================================
----------------- testing Mon Oct 22 02:34:43 UTC 2018 /home/travis/build/icyphy/ptII/ptolemy/domains/continuous/test/auto/CausalityInterface11.xml
----------------- Instantiating /home/travis/build/icyphy/ptII/ptolemy/domains/continuous/test/auto/CausalityInterface11.xml
8 ms. Memory: 578048K Free: 288235K (50%)
----------------- Invoking toplevel() on ptolemy.moml.MoMLSimpleApplication@5655e468
----------------- Done invoking toplevel() on ptolemy.moml.MoMLSimpleApplication@5655e468
reloadAllAccessors: .CausalityInterface11

===========================================================================================
----------------- testing Mon Oct 22 02:34:43 UTC 2018 /home/travis/build/icyphy/ptII/ptolemy/domains/continuous/test/auto/CausalityInterface12.xml
----------------- Instantiating /home/travis/build/icyphy/ptII/ptolemy/domains/continuous/test/auto/CausalityInterface12.xml
7 ms. Memory: 578048K Free: 278405K (48%)
----------------- Invoking toplevel() on ptolemy.moml.MoMLSimpleApplication@60d08d4d
----------------- Done invoking toplevel() on ptolemy.moml.MoMLSimpleApplication@60d08d4d
reloadAllAccessors: .CausalityInterface12

===========================================================================================
----------------- testing Mon Oct 22 02:34:43 UTC 2018 /home/travis/build/icyphy/ptII/ptolemy/domains/continuous/test/auto/CausalityInterface13.xml
----------------- Instantiating /home/travis/build/icyphy/ptII/ptolemy/domains/continuous/test/auto/CausalityInterface13.xml
7 ms. Memory: 578048K Free: 265411K (46%)
----------------- Invoking toplevel() on ptolemy.moml.MoMLSimpleApplication@2cd445dc
----------------- Done invoking toplevel() on ptolemy.moml.MoMLSimpleApplication@2cd445dc
reloadAllAccessors: .CausalityInterface13

===========================================================================================
----------------- testing Mon Oct 22 02:34:43 UTC 2018 /home/travis/build/icyphy/ptII/ptolemy/domains/continuous/test/auto/CausalityInterface14.xml
----------------- Instantiating /home/travis/build/icyphy/ptII/ptolemy/domains/continuous/test/auto/CausalityInterface14.xml
4 ms. Memory: 578048K Free: 255581K (44%)
----------------- Invoking toplevel() on ptolemy.moml.MoMLSimpleApplication@6fe00256
----------------- Done invoking toplevel() on ptolemy.moml.MoMLSimpleApplication@6fe00256
reloadAllAccessors: .CausalityInterface14

===========================================================================================
----------------- testing Mon Oct 22 02:34:43 UTC 2018 /home/travis/build/icyphy/ptII/ptolemy/domains/continuous/test/auto/CausalityInterface4.xml
----------------- Instantiating /home/travis/build/icyphy/ptII/ptolemy/domains/continuous/test/auto/CausalityInterface4.xml
6 ms. Memory: 578048K Free: 245750K (43%)
----------------- Invoking toplevel() on ptolemy.moml.MoMLSimpleApplication@158c76c2
----------------- Done invoking toplevel() on ptolemy.moml.MoMLSimpleApplication@158c76c2
reloadAllAccessors: .CausalityInterface4

===========================================================================================
----------------- testing Mon Oct 22 02:34:43 UTC 2018 /home/travis/build/icyphy/ptII/ptolemy/domains/continuous/test/auto/CausalityInterface5.xml
----------------- Instantiating /home/travis/build/icyphy/ptII/ptolemy/domains/continuous/test/auto/CausalityInterface5.xml
7 ms. Memory: 578048K Free: 232643K (40%)
----------------- Invoking toplevel() on ptolemy.moml.MoMLSimpleApplication@45886f55
----------------- Done invoking toplevel() on ptolemy.moml.MoMLSimpleApplication@45886f55
reloadAllAccessors: .CausalityInterface5

===========================================================================================
----------------- testing Mon Oct 22 02:34:43 UTC 2018 /home/travis/build/icyphy/ptII/ptolemy/domains/continuous/test/auto/CausalityInterface6.xml
----------------- Instantiating /home/travis/build/icyphy/ptII/ptolemy/domains/continuous/test/auto/CausalityInterface6.xml
5 ms. Memory: 578048K Free: 219650K (38%)
----------------- Invoking toplevel() on ptolemy.moml.MoMLSimpleApplication@51a0c7de
----------------- Done invoking toplevel() on ptolemy.moml.MoMLSimpleApplication@51a0c7de
reloadAllAccessors: .CausalityInterface6

===========================================================================================
----------------- testing Mon Oct 22 02:34:44 UTC 2018 /home/travis/build/icyphy/ptII/ptolemy/domains/continuous/test/auto/CausalityInterface7.xml
----------------- Instantiating /home/travis/build/icyphy/ptII/ptolemy/domains/continuous/test/auto/CausalityInterface7.xml
13 ms. Memory: 578048K Free: 206542K (36%)
----------------- Invoking toplevel() on ptolemy.moml.MoMLSimpleApplication@bf9ca97
----------------- Done invoking toplevel() on ptolemy.moml.MoMLSimpleApplication@bf9ca97
reloadAllAccessors: .CausalityInterface7

===========================================================================================
----------------- testing Mon Oct 22 02:34:44 UTC 2018 /home/travis/build/icyphy/ptII/ptolemy/domains/continuous/test/auto/CausalityInterface8.xml
----------------- Instantiating /home/travis/build/icyphy/ptII/ptolemy/domains/continuous/test/auto/CausalityInterface8.xml
7 ms. Memory: 578048K Free: 193435K (33%)
----------------- Invoking toplevel() on ptolemy.moml.MoMLSimpleApplication@9077f0f
----------------- Done invoking toplevel() on ptolemy.moml.MoMLSimpleApplication@9077f0f
reloadAllAccessors: .CausalityInterface8

===========================================================================================
----------------- testing Mon Oct 22 02:34:44 UTC 2018 /home/travis/build/icyphy/ptII/ptolemy/domains/continuous/test/auto/CausalityInterface9.xml
----------------- Instantiating /home/travis/build/icyphy/ptII/ptolemy/domains/continuous/test/auto/CausalityInterface9.xml
7 ms. Memory: 578048K Free: 177051K (31%)
----------------- Invoking toplevel() on ptolemy.moml.MoMLSimpleApplication@3654322a
----------------- Done invoking toplevel() on ptolemy.moml.MoMLSimpleApplication@3654322a
reloadAllAccessors: .CausalityInterface9

===========================================================================================
----------------- testing Mon Oct 22 02:34:44 UTC 2018 /home/travis/build/icyphy/ptII/ptolemy/domains/continuous/test/auto/CausalityInterfaceFeedback1.xml
----------------- Instantiating /home/travis/build/icyphy/ptII/ptolemy/domains/continuous/test/auto/CausalityInterfaceFeedback1.xml
6 ms. Memory: 578048K Free: 164057K (28%)
----------------- Invoking toplevel() on ptolemy.moml.MoMLSimpleApplication@2120ea0a
----------------- Done invoking toplevel() on ptolemy.moml.MoMLSimpleApplication@2120ea0a
reloadAllAccessors: .CausalityInterfaceFeedback1

===========================================================================================
----------------- testing Mon Oct 22 02:34:44 UTC 2018 /home/travis/build/icyphy/ptII/ptolemy/domains/continuous/test/auto/CausalityInterfaceFeedback2.xml
----------------- Instantiating /home/travis/build/icyphy/ptII/ptolemy/domains/continuous/test/auto/CausalityInterfaceFeedback2.xml
2 ms. Memory: 578048K Free: 154227K (27%)
----------------- Invoking toplevel() on ptolemy.moml.MoMLSimpleApplication@72aac879
----------------- Done invoking toplevel() on ptolemy.moml.MoMLSimpleApplication@72aac879
reloadAllAccessors: .CausalityInterfaceFeedback2

===========================================================================================
----------------- testing Mon Oct 22 02:34:44 UTC 2018 /home/travis/build/icyphy/ptII/ptolemy/domains/continuous/test/auto/CompareWithCurrentTime.xml
----------------- Instantiating /home/travis/build/icyphy/ptII/ptolemy/domains/continuous/test/auto/CompareWithCurrentTime.xml
5 ms. Memory: 578048K Free: 147673K (26%)
----------------- Invoking toplevel() on ptolemy.moml.MoMLSimpleApplication@633bf093
----------------- Done invoking toplevel() on ptolemy.moml.MoMLSimpleApplication@633bf093
reloadAllAccessors: .CompareWithCurrentTime

===========================================================================================
----------------- testing Mon Oct 22 02:34:44 UTC 2018 /home/travis/build/icyphy/ptII/ptolemy/domains/continuous/test/auto/ComparedClocks.xml
----------------- Instantiating /home/travis/build/icyphy/ptII/ptolemy/domains/continuous/test/auto/ComparedClocks.xml
5 ms. Memory: 578048K Free: 128012K (22%)
----------------- Invoking toplevel() on ptolemy.moml.MoMLSimpleApplication@68167d48
----------------- Done invoking toplevel() on ptolemy.moml.MoMLSimpleApplication@68167d48
reloadAllAccessors: .ComparedClocks

===========================================================================================
----------------- testing Mon Oct 22 02:34:44 UTC 2018 /home/travis/build/icyphy/ptII/ptolemy/domains/continuous/test/auto/ContinuousAOCClone.xml
----------------- Instantiating /home/travis/build/icyphy/ptII/ptolemy/domains/continuous/test/auto/ContinuousAOCClone.xml
2602 ms. Memory: 872960K Free: 373052K (43%)
----------------- Invoking toplevel() on ptolemy.moml.MoMLSimpleApplication@4c093e3e
----------------- Done invoking toplevel() on ptolemy.moml.MoMLSimpleApplication@4c093e3e
reloadAllAccessors: .ContinuousAOCClone

===========================================================================================
----------------- testing Mon Oct 22 02:34:47 UTC 2018 /home/travis/build/icyphy/ptII/ptolemy/domains/continuous/test/auto/ContinuousClock.xml
----------------- Instantiating /home/travis/build/icyphy/ptII/ptolemy/domains/continuous/test/auto/ContinuousClock.xml
37 ms. Memory: 872960K Free: 343375K (39%)
----------------- Invoking toplevel() on ptolemy.moml.MoMLSimpleApplication@2e695513
----------------- Done invoking toplevel() on ptolemy.moml.MoMLSimpleApplication@2e695513
reloadAllAccessors: .ContinuousClock

===========================================================================================
----------------- testing Mon Oct 22 02:34:47 UTC 2018 /home/travis/build/icyphy/ptII/ptolemy/domains/continuous/test/auto/ContinuousInContinuous.xml
----------------- Instantiating /home/travis/build/icyphy/ptII/ptolemy/domains/continuous/test/auto/ContinuousInContinuous.xml
48 ms. Memory: 872960K Free: 311885K (36%)
----------------- Invoking toplevel() on ptolemy.moml.MoMLSimpleApplication@34e6d712
----------------- Done invoking toplevel() on ptolemy.moml.MoMLSimpleApplication@34e6d712
reloadAllAccessors: .ContinuousInContinuous

===========================================================================================
----------------- testing Mon Oct 22 02:34:47 UTC 2018 /home/travis/build/icyphy/ptII/ptolemy/domains/continuous/test/auto/ContinuousInContinuousInContinuous.xml
----------------- Instantiating /home/travis/build/icyphy/ptII/ptolemy/domains/continuous/test/auto/ContinuousInContinuousInContinuous.xml
9 ms. Memory: 872960K Free: 296141K (34%)
----------------- Invoking toplevel() on ptolemy.moml.MoMLSimpleApplication@70280e2a
----------------- Done invoking toplevel() on ptolemy.moml.MoMLSimpleApplication@70280e2a
reloadAllAccessors: .ContinuousInContinuousInContinuous

===========================================================================================
----------------- testing Mon Oct 22 02:34:47 UTC 2018 /home/travis/build/icyphy/ptII/ptolemy/domains/continuous/test/auto/ContinuousInDE.xml
----------------- Instantiating /home/travis/build/icyphy/ptII/ptolemy/domains/continuous/test/auto/ContinuousInDE.xml
112 ms. Memory: 872960K Free: 280412K (32%)
----------------- Invoking toplevel() on ptolemy.moml.MoMLSimpleApplication@2bac504e
----------------- Done invoking toplevel() on ptolemy.moml.MoMLSimpleApplication@2bac504e
reloadAllAccessors: .ContinuousInDE

===========================================================================================
----------------- testing Mon Oct 22 02:34:47 UTC 2018 /home/travis/build/icyphy/ptII/ptolemy/domains/continuous/test/auto/ContinuousInDE2.xml
----------------- Instantiating /home/travis/build/icyphy/ptII/ptolemy/domains/continuous/test/auto/ContinuousInDE2.xml
43 ms. Memory: 872960K Free: 261252K (30%)
----------------- Invoking toplevel() on ptolemy.moml.MoMLSimpleApplication@3a16cd6a
----------------- Done invoking toplevel() on ptolemy.moml.MoMLSimpleApplication@3a16cd6a
reloadAllAccessors: .ContinuousInDE2

===========================================================================================
----------------- testing Mon Oct 22 02:34:47 UTC 2018 /home/travis/build/icyphy/ptII/ptolemy/domains/continuous/test/auto/ContinuousInDE3.xml
----------------- Instantiating /home/travis/build/icyphy/ptII/ptolemy/domains/continuous/test/auto/ContinuousInDE3.xml
39 ms. Memory: 872960K Free: 245523K (28%)
----------------- Invoking toplevel() on ptolemy.moml.MoMLSimpleApplication@5d6e3755
----------------- Done invoking toplevel() on ptolemy.moml.MoMLSimpleApplication@5d6e3755
reloadAllAccessors: .ContinuousInDE3

===========================================================================================
----------------- testing Mon Oct 22 02:34:47 UTC 2018 /home/travis/build/icyphy/ptII/ptolemy/domains/continuous/test/auto/ContinuousInDE4.xml
----------------- Instantiating /home/travis/build/icyphy/ptII/ptolemy/domains/continuous/test/auto/ContinuousInDE4.xml
25 ms. Memory: 872960K Free: 235038K (27%)
----------------- Invoking toplevel() on ptolemy.moml.MoMLSimpleApplication@115f1906
----------------- Done invoking toplevel() on ptolemy.moml.MoMLSimpleApplication@115f1906
reloadAllAccessors: .ContinuousInDE4

===========================================================================================
----------------- testing Mon Oct 22 02:34:47 UTC 2018 /home/travis/build/icyphy/ptII/ptolemy/domains/continuous/test/auto/ContinuousInDEDifferentRefinements.xml
----------------- Instantiating /home/travis/build/icyphy/ptII/ptolemy/domains/continuous/test/auto/ContinuousInDEDifferentRefinements.xml
55 ms. Memory: 872960K Free: 198313K (23%)
----------------- Invoking toplevel() on ptolemy.moml.MoMLSimpleApplication@747737b3
----------------- Done invoking toplevel() on ptolemy.moml.MoMLSimpleApplication@747737b3
reloadAllAccessors: .ContinuousInDEDifferentRefinements

===========================================================================================
----------------- testing Mon Oct 22 02:34:47 UTC 2018 /home/travis/build/icyphy/ptII/ptolemy/domains/continuous/test/auto/ContinuousInDEDifferentRefinementsPreemptive.xml
----------------- Instantiating /home/travis/build/icyphy/ptII/ptolemy/domains/continuous/test/auto/ContinuousInDEDifferentRefinementsPreemptive.xml
48 ms. Memory: 872960K Free: 158165K (18%)
----------------- Invoking toplevel() on ptolemy.moml.MoMLSimpleApplication@65db4336
----------------- Done invoking toplevel() on ptolemy.moml.MoMLSimpleApplication@65db4336
reloadAllAccessors: .ContinuousInDEDifferentRefinementsPreemptive

===========================================================================================
----------------- testing Mon Oct 22 02:34:47 UTC 2018 /home/travis/build/icyphy/ptII/ptolemy/domains/continuous/test/auto/ContinuousInDEInContinuous2.xml
----------------- Instantiating /home/travis/build/icyphy/ptII/ptolemy/domains/continuous/test/auto/ContinuousInDEInContinuous2.xml
32 ms. Memory: 872960K Free: 142421K (16%)
----------------- Invoking toplevel() on ptolemy.moml.MoMLSimpleApplication@97bcd71
----------------- Done invoking toplevel() on ptolemy.moml.MoMLSimpleApplication@97bcd71
reloadAllAccessors: .ContinuousInDEInContinuous2

===========================================================================================
----------------- testing Mon Oct 22 02:34:48 UTC 2018 /home/travis/build/icyphy/ptII/ptolemy/domains/continuous/test/auto/ContinuousInDEInContinuous3.xml
----------------- Instantiating /home/travis/build/icyphy/ptII/ptolemy/domains/continuous/test/auto/ContinuousInDEInContinuous3.xml
36 ms. Memory: 872960K Free: 121433K (14%)
----------------- Invoking toplevel() on ptolemy.moml.MoMLSimpleApplication@4561d247
----------------- Done invoking toplevel() on ptolemy.moml.MoMLSimpleApplication@4561d247
reloadAllAccessors: .ContinuousInDEInContinuous3

===========================================================================================
----------------- testing Mon Oct 22 02:34:48 UTC 2018 /home/travis/build/icyphy/ptII/ptolemy/domains/continuous/test/auto/ContinuousInDEInput.xml
----------------- Instantiating /home/travis/build/icyphy/ptII/ptolemy/domains/continuous/test/auto/ContinuousInDEInput.xml
19 ms. Memory: 872960K Free: 110947K (13%)
----------------- Invoking toplevel() on ptolemy.moml.MoMLSimpleApplication@2a3dc535
----------------- Done invoking toplevel() on ptolemy.moml.MoMLSimpleApplication@2a3dc535
reloadAllAccessors: .ContinuousInDEInput

===========================================================================================
----------------- testing Mon Oct 22 02:34:48 UTC 2018 /home/travis/build/icyphy/ptII/ptolemy/domains/continuous/test/auto/ContinuousInDEInput2.xml
----------------- Instantiating /home/travis/build/icyphy/ptII/ptolemy/domains/continuous/test/auto/ContinuousInDEInput2.xml
21 ms. Memory: 872960K Free: 97030K (11%)
----------------- Invoking toplevel() on ptolemy.moml.MoMLSimpleApplication@53e61056
----------------- Done invoking toplevel() on ptolemy.moml.MoMLSimpleApplication@53e61056
reloadAllAccessors: .ContinuousInDEInput2

===========================================================================================
----------------- testing Mon Oct 22 02:34:48 UTC 2018 /home/travis/build/icyphy/ptII/ptolemy/domains/continuous/test/auto/ContinuousInDEInput3.xml
----------------- Instantiating /home/travis/build/icyphy/ptII/ptolemy/domains/continuous/test/auto/ContinuousInDEInput3.xml
13 ms. Memory: 872960K Free: 86544K (10%)
----------------- Invoking toplevel() on ptolemy.moml.MoMLSimpleApplication@75e7df87
----------------- Done invoking toplevel() on ptolemy.moml.MoMLSimpleApplication@75e7df87
reloadAllAccessors: .ContinuousInDEInput3

===========================================================================================
----------------- testing Mon Oct 22 02:34:48 UTC 2018 /home/travis/build/icyphy/ptII/ptolemy/domains/continuous/test/auto/ContinuousInDESharingRefinement.xml
----------------- Instantiating /home/travis/build/icyphy/ptII/ptolemy/domains/continuous/test/auto/ContinuousInDESharingRefinement.xml
153 ms. Memory: 833024K Free: 732602K (88%)
----------------- Invoking toplevel() on ptolemy.moml.MoMLSimpleApplication@79f6a9b5
----------------- Done invoking toplevel() on ptolemy.moml.MoMLSimpleApplication@79f6a9b5
reloadAllAccessors: .ContinuousInDESharingRefinement

===========================================================================================
----------------- testing Mon Oct 22 02:34:48 UTC 2018 /home/travis/build/icyphy/ptII/ptolemy/domains/continuous/test/auto/ContinuousInDEwithNoPorts.xml
----------------- Instantiating /home/travis/build/icyphy/ptII/ptolemy/domains/continuous/test/auto/ContinuousInDEwithNoPorts.xml
7 ms. Memory: 833024K Free: 717871K (86%)
----------------- Invoking toplevel() on ptolemy.moml.MoMLSimpleApplication@290317eb
----------------- Done invoking toplevel() on ptolemy.moml.MoMLSimpleApplication@290317eb
reloadAllAccessors: .ContinuousInDEwithNoPorts

===========================================================================================
----------------- testing Mon Oct 22 02:34:48 UTC 2018 /home/travis/build/icyphy/ptII/ptolemy/domains/continuous/test/auto/ContinuousInsideDE.xml
----------------- Instantiating /home/travis/build/icyphy/ptII/ptolemy/domains/continuous/test/auto/ContinuousInsideDE.xml
50 ms. Memory: 833024K Free: 702874K (84%)
----------------- Invoking toplevel() on ptolemy.moml.MoMLSimpleApplication@7dd8a24f
----------------- Done invoking toplevel() on ptolemy.moml.MoMLSimpleApplication@7dd8a24f
reloadAllAccessors: .ContinuousInsideDE

===========================================================================================
----------------- testing Mon Oct 22 02:34:48 UTC 2018 /home/travis/build/icyphy/ptII/ptolemy/domains/continuous/test/auto/ContinuousMerge1.xml
----------------- Instantiating /home/travis/build/icyphy/ptII/ptolemy/domains/continuous/test/auto/ContinuousMerge1.xml
3 ms. Memory: 833024K Free: 690690K (83%)
----------------- Invoking toplevel() on ptolemy.moml.MoMLSimpleApplication@7ddf60d2
----------------- Done invoking toplevel() on ptolemy.moml.MoMLSimpleApplication@7ddf60d2
reloadAllAccessors: .ContinuousMerge1

===========================================================================================
----------------- testing Mon Oct 22 02:34:48 UTC 2018 /home/travis/build/icyphy/ptII/ptolemy/domains/continuous/test/auto/ContinuousMerge2.xml
----------------- Instantiating /home/travis/build/icyphy/ptII/ptolemy/domains/continuous/test/auto/ContinuousMerge2.xml
13 ms. Memory: 833024K Free: 675553K (81%)
----------------- Invoking toplevel() on ptolemy.moml.MoMLSimpleApplication@680d697a
----------------- Done invoking toplevel() on ptolemy.moml.MoMLSimpleApplication@680d697a
reloadAllAccessors: .ContinuousMerge2

===========================================================================================
----------------- testing Mon Oct 22 02:34:48 UTC 2018 /home/travis/build/icyphy/ptII/ptolemy/domains/continuous/test/auto/ContinuousMerge3.xml
----------------- Instantiating /home/travis/build/icyphy/ptII/ptolemy/domains/continuous/test/auto/ContinuousMerge3.xml
52 ms. Memory: 833024K Free: 655576K (79%)
----------------- Invoking toplevel() on ptolemy.moml.MoMLSimpleApplication@69c01bb7
----------------- Done invoking toplevel() on ptolemy.moml.MoMLSimpleApplication@69c01bb7
reloadAllAccessors: .ContinuousMerge3

===========================================================================================
----------------- testing Mon Oct 22 02:34:48 UTC 2018 /home/travis/build/icyphy/ptII/ptolemy/domains/continuous/test/auto/ContinuousWithinContinuous.xml
----------------- Instantiating /home/travis/build/icyphy/ptII/ptolemy/domains/continuous/test/auto/ContinuousWithinContinuous.xml
41 ms. Memory: 833024K Free: 643392K (77%)
----------------- Invoking toplevel() on ptolemy.moml.MoMLSimpleApplication@2d796e99
----------------- Done invoking toplevel() on ptolemy.moml.MoMLSimpleApplication@2d796e99
reloadAllAccessors: .ContinuousWithinContinuous

===========================================================================================
----------------- testing Mon Oct 22 02:34:48 UTC 2018 /home/travis/build/icyphy/ptII/ptolemy/domains/continuous/test/auto/ContinuousWithinContinuous2.xml
----------------- Instantiating /home/travis/build/icyphy/ptII/ptolemy/domains/continuous/test/auto/ContinuousWithinContinuous2.xml
80 ms. Memory: 833024K Free: 628411K (75%)
----------------- Invoking toplevel() on ptolemy.moml.MoMLSimpleApplication@1c46e241
----------------- Done invoking toplevel() on ptolemy.moml.MoMLSimpleApplication@1c46e241
reloadAllAccessors: .ContinuousWithinContinuous2

===========================================================================================
----------------- testing Mon Oct 22 02:34:48 UTC 2018 /home/travis/build/icyphy/ptII/ptolemy/domains/continuous/test/auto/ContinuousWithinContinuous3.xml
----------------- Instantiating /home/travis/build/icyphy/ptII/ptolemy/domains/continuous/test/auto/ContinuousWithinContinuous3.xml
20 ms. Memory: 833024K Free: 618424K (74%)
----------------- Invoking toplevel() on ptolemy.moml.MoMLSimpleApplication@5d9ef1f2
----------------- Done invoking toplevel() on ptolemy.moml.MoMLSimpleApplication@5d9ef1f2
reloadAllAccessors: .ContinuousWithinContinuous3

===========================================================================================
----------------- testing Mon Oct 22 02:34:48 UTC 2018 /home/travis/build/icyphy/ptII/ptolemy/domains/continuous/test/auto/ContinuousWithinContinuous4.xml
----------------- Instantiating /home/travis/build/icyphy/ptII/ptolemy/domains/continuous/test/auto/ContinuousWithinContinuous4.xml
69 ms. Memory: 833024K Free: 601246K (72%)
----------------- Invoking toplevel() on ptolemy.moml.MoMLSimpleApplication@1cc8fd5f
----------------- Done invoking toplevel() on ptolemy.moml.MoMLSimpleApplication@1cc8fd5f
reloadAllAccessors: .ContinuousWithinContinuous4

===========================================================================================
----------------- testing Mon Oct 22 02:34:48 UTC 2018 /home/travis/build/icyphy/ptII/ptolemy/domains/continuous/test/auto/ContinuousWithinContinuous5.xml
----------------- Instantiating /home/travis/build/icyphy/ptII/ptolemy/domains/continuous/test/auto/ContinuousWithinContinuous5.xml
12 ms. Memory: 833024K Free: 586257K (70%)
----------------- Invoking toplevel() on ptolemy.moml.MoMLSimpleApplication@73263a5
----------------- Done invoking toplevel() on ptolemy.moml.MoMLSimpleApplication@73263a5
reloadAllAccessors: .ContinuousWithinContinuous5

===========================================================================================
----------------- testing Mon Oct 22 02:34:49 UTC 2018 /home/travis/build/icyphy/ptII/ptolemy/domains/continuous/test/auto/ContinuousWithinContinuous6.xml
----------------- Instantiating /home/travis/build/icyphy/ptII/ptolemy/domains/continuous/test/auto/ContinuousWithinContinuous6.xml
17 ms. Memory: 833024K Free: 574073K (69%)
----------------- Invoking toplevel() on ptolemy.moml.MoMLSimpleApplication@7136d7b7
----------------- Done invoking toplevel() on ptolemy.moml.MoMLSimpleApplication@7136d7b7
reloadAllAccessors: .ContinuousWithinContinuous6

===========================================================================================
----------------- testing Mon Oct 22 02:34:49 UTC 2018 /home/travis/build/icyphy/ptII/ptolemy/domains/continuous/test/auto/ContinuousWithinContinuous7.xml
----------------- Instantiating /home/travis/build/icyphy/ptII/ptolemy/domains/continuous/test/auto/ContinuousWithinContinuous7.xml
55 ms. Memory: 833024K Free: 559091K (67%)
----------------- Invoking toplevel() on ptolemy.moml.MoMLSimpleApplication@4975248b
----------------- Done invoking toplevel() on ptolemy.moml.MoMLSimpleApplication@4975248b
reloadAllAccessors: .ContinuousWithinContinuous7

===========================================================================================
----------------- testing Mon Oct 22 02:34:49 UTC 2018 /home/travis/build/icyphy/ptII/ptolemy/domains/continuous/test/auto/DCMotor.xml
----------------- Instantiating /home/travis/build/icyphy/ptII/ptolemy/domains/continuous/test/auto/DCMotor.xml
14873 ms. Memory: 668672K Free: 421199K (63%)
----------------- Invoking toplevel() on ptolemy.moml.MoMLSimpleApplication@6075440f
----------------- Done invoking toplevel() on ptolemy.moml.MoMLSimpleApplication@6075440f
reloadAllAccessors: .DCMotor

===========================================================================================
----------------- testing Mon Oct 22 02:35:04 UTC 2018 /home/travis/build/icyphy/ptII/ptolemy/domains/continuous/test/auto/DEInContinuous.xml
----------------- Instantiating /home/travis/build/icyphy/ptII/ptolemy/domains/continuous/test/auto/DEInContinuous.xml
5 ms. Memory: 668672K Free: 406085K (61%)
----------------- Invoking toplevel() on ptolemy.moml.MoMLSimpleApplication@135cd4bf
----------------- Done invoking toplevel() on ptolemy.moml.MoMLSimpleApplication@135cd4bf
reloadAllAccessors: .DEInContinuous

===========================================================================================
----------------- testing Mon Oct 22 02:35:04 UTC 2018 /home/travis/build/icyphy/ptII/ptolemy/domains/continuous/test/auto/DEinContinuous2.xml
----------------- Instantiating /home/travis/build/icyphy/ptII/ptolemy/domains/continuous/test/auto/DEinContinuous2.xml
5 ms. Memory: 668672K Free: 387274K (58%)
----------------- Invoking toplevel() on ptolemy.moml.MoMLSimpleApplication@76f79ff2
----------------- Done invoking toplevel() on ptolemy.moml.MoMLSimpleApplication@76f79ff2
reloadAllAccessors: .DEinContinuous2

===========================================================================================
----------------- testing Mon Oct 22 02:35:04 UTC 2018 /home/travis/build/icyphy/ptII/ptolemy/domains/continuous/test/auto/Derivative.xml
----------------- Instantiating /home/travis/build/icyphy/ptII/ptolemy/domains/continuous/test/auto/Derivative.xml
148 ms. Memory: 668672K Free: 344921K (52%)
----------------- Invoking toplevel() on ptolemy.moml.MoMLSimpleApplication@328faa52
----------------- Done invoking toplevel() on ptolemy.moml.MoMLSimpleApplication@328faa52
reloadAllAccessors: .Derivative2

===========================================================================================
----------------- testing Mon Oct 22 02:35:04 UTC 2018 /home/travis/build/icyphy/ptII/ptolemy/domains/continuous/test/auto/Derivative1.xml
----------------- Instantiating /home/travis/build/icyphy/ptII/ptolemy/domains/continuous/test/auto/Derivative1.xml
16 ms. Memory: 668672K Free: 327295K (49%)
----------------- Invoking toplevel() on ptolemy.moml.MoMLSimpleApplication@46b8b2a2
----------------- Done invoking toplevel() on ptolemy.moml.MoMLSimpleApplication@46b8b2a2
reloadAllAccessors: .Derivative1

===========================================================================================
----------------- testing Mon Oct 22 02:35:04 UTC 2018 /home/travis/build/icyphy/ptII/ptolemy/domains/continuous/test/auto/DiscreteClock.xml
----------------- Instantiating /home/travis/build/icyphy/ptII/ptolemy/domains/continuous/test/auto/DiscreteClock.xml
5 ms. Memory: 668672K Free: 314373K (47%)
----------------- Invoking toplevel() on ptolemy.moml.MoMLSimpleApplication@43dfda32
----------------- Done invoking toplevel() on ptolemy.moml.MoMLSimpleApplication@43dfda32
reloadAllAccessors: .DiscreteClock

===========================================================================================
----------------- testing Mon Oct 22 02:35:04 UTC 2018 /home/travis/build/icyphy/ptII/ptolemy/domains/continuous/test/auto/EfficiencyCurve.xml
----------------- Instantiating /home/travis/build/icyphy/ptII/ptolemy/domains/continuous/test/auto/EfficiencyCurve.xml
45 ms. Memory: 668672K Free: 301451K (45%)
----------------- Invoking toplevel() on ptolemy.moml.MoMLSimpleApplication@43f91ee
----------------- Done invoking toplevel() on ptolemy.moml.MoMLSimpleApplication@43f91ee
reloadAllAccessors: .EfficiencyCurve

===========================================================================================
----------------- testing Mon Oct 22 02:35:04 UTC 2018 /home/travis/build/icyphy/ptII/ptolemy/domains/continuous/test/auto/ExponentialResponse.xml
----------------- Instantiating /home/travis/build/icyphy/ptII/ptolemy/domains/continuous/test/auto/ExponentialResponse.xml
113 ms. Memory: 668672K Free: 277960K (42%)
----------------- Invoking toplevel() on ptolemy.moml.MoMLSimpleApplication@71ab6deb
----------------- Done invoking toplevel() on ptolemy.moml.MoMLSimpleApplication@71ab6deb
reloadAllAccessors: .ExponentialResponse

===========================================================================================
----------------- testing Mon Oct 22 02:35:04 UTC 2018 /home/travis/build/icyphy/ptII/ptolemy/domains/continuous/test/auto/ExponentialResponseRK45.xml
----------------- Instantiating /home/travis/build/icyphy/ptII/ptolemy/domains/continuous/test/auto/ExponentialResponseRK45.xml
26 ms. Memory: 668672K Free: 265038K (40%)
----------------- Invoking toplevel() on ptolemy.moml.MoMLSimpleApplication@41d26be0
----------------- Done invoking toplevel() on ptolemy.moml.MoMLSimpleApplication@41d26be0
reloadAllAccessors: .ExponentialResponseRK45

===========================================================================================
----------------- testing Mon Oct 22 02:35:04 UTC 2018 /home/travis/build/icyphy/ptII/ptolemy/domains/continuous/test/auto/Friction.xml
----------------- Instantiating /home/travis/build/icyphy/ptII/ptolemy/domains/continuous/test/auto/Friction.xml
1322 ms. Memory: 647168K Free: 383758K (59%)
----------------- Invoking toplevel() on ptolemy.moml.MoMLSimpleApplication@4110ea6d
----------------- Done invoking toplevel() on ptolemy.moml.MoMLSimpleApplication@4110ea6d
reloadAllAccessors: .Friction

===========================================================================================
----------------- testing Mon Oct 22 02:35:06 UTC 2018 /home/travis/build/icyphy/ptII/ptolemy/domains/continuous/test/auto/FurutaPendulum.xml
----------------- Instantiating /home/travis/build/icyphy/ptII/ptolemy/domains/continuous/test/auto/FurutaPendulum.xml
3710 ms. Memory: 617984K Free: 388242K (63%)
----------------- Invoking toplevel() on ptolemy.moml.MoMLSimpleApplication@7143e436
----------------- Done invoking toplevel() on ptolemy.moml.MoMLSimpleApplication@7143e436
reloadAllAccessors: .FurutaPendulum

===========================================================================================
----------------- testing Mon Oct 22 02:35:09 UTC 2018 /home/travis/build/icyphy/ptII/ptolemy/domains/continuous/test/auto/HierarchicalExecution.xml
----------------- Instantiating /home/travis/build/icyphy/ptII/ptolemy/domains/continuous/test/auto/HierarchicalExecution.xml
2176 ms. Memory: 595456K Free: 565946K (95%)
----------------- Invoking toplevel() on ptolemy.moml.MoMLSimpleApplication@43780f80
----------------- Done invoking toplevel() on ptolemy.moml.MoMLSimpleApplication@43780f80
reloadAllAccessors: .HierarchicalExecution

===========================================================================================
----------------- testing Mon Oct 22 02:35:12 UTC 2018 /home/travis/build/icyphy/ptII/ptolemy/domains/continuous/test/auto/HybridPlant.xml
----------------- Instantiating /home/travis/build/icyphy/ptII/ptolemy/domains/continuous/test/auto/HybridPlant.xml
466 ms. Memory: 595456K Free: 287051K (48%)
----------------- Invoking toplevel() on ptolemy.moml.MoMLSimpleApplication@1d8061ad
----------------- Done invoking toplevel() on ptolemy.moml.MoMLSimpleApplication@1d8061ad
reloadAllAccessors: .HybridPlant

===========================================================================================
----------------- testing Mon Oct 22 02:35:13 UTC 2018 /home/travis/build/icyphy/ptII/ptolemy/domains/continuous/test/auto/Hysteresis.xml
----------------- Instantiating /home/travis/build/icyphy/ptII/ptolemy/domains/continuous/test/auto/Hysteresis.xml
134 ms. Memory: 595456K Free: 222435K (37%)
----------------- Invoking toplevel() on ptolemy.moml.MoMLSimpleApplication@5c33c6d8
----------------- Done invoking toplevel() on ptolemy.moml.MoMLSimpleApplication@5c33c6d8
reloadAllAccessors: .Hysteresis

===========================================================================================
----------------- testing Mon Oct 22 02:35:13 UTC 2018 /home/travis/build/icyphy/ptII/ptolemy/domains/continuous/test/auto/HysteresisWithRandomDelay.xml
----------------- Instantiating /home/travis/build/icyphy/ptII/ptolemy/domains/continuous/test/auto/HysteresisWithRandomDelay.xml
169 ms. Memory: 595456K Free: 142492K (24%)
----------------- Invoking toplevel() on ptolemy.moml.MoMLSimpleApplication@4bd06f57
----------------- Done invoking toplevel() on ptolemy.moml.MoMLSimpleApplication@4bd06f57
reloadAllAccessors: .HysteresisWithRandomDelay

===========================================================================================
----------------- testing Mon Oct 22 02:35:13 UTC 2018 /home/travis/build/icyphy/ptII/ptolemy/domains/continuous/test/auto/HysteresisWithRandomLosses.xml
----------------- Instantiating /home/travis/build/icyphy/ptII/ptolemy/domains/continuous/test/auto/HysteresisWithRandomLosses.xml
2324 ms. Memory: 543744K Free: 283540K (52%)
----------------- Invoking toplevel() on ptolemy.moml.MoMLSimpleApplication@3cacc567
----------------- Done invoking toplevel() on ptolemy.moml.MoMLSimpleApplication@3cacc567
reloadAllAccessors: .HysteresisWithRandomLosses

===========================================================================================
----------------- testing Mon Oct 22 02:35:15 UTC 2018 /home/travis/build/icyphy/ptII/ptolemy/domains/continuous/test/auto/ImmediateTransitions.xml
----------------- Instantiating /home/travis/build/icyphy/ptII/ptolemy/domains/continuous/test/auto/ImmediateTransitions.xml
9 ms. Memory: 543744K Free: 265709K (49%)
----------------- Invoking toplevel() on ptolemy.moml.MoMLSimpleApplication@6f1686be
----------------- Done invoking toplevel() on ptolemy.moml.MoMLSimpleApplication@6f1686be
reloadAllAccessors: .ImmediateTransitions

===========================================================================================
----------------- testing Mon Oct 22 02:35:15 UTC 2018 /home/travis/build/icyphy/ptII/ptolemy/domains/continuous/test/auto/ImpulseFeedback.xml
----------------- Instantiating /home/travis/build/icyphy/ptII/ptolemy/domains/continuous/test/auto/ImpulseFeedback.xml
16 ms. Memory: 543744K Free: 255619K (47%)
----------------- Invoking toplevel() on ptolemy.moml.MoMLSimpleApplication@5c58856
----------------- Done invoking toplevel() on ptolemy.moml.MoMLSimpleApplication@5c58856
reloadAllAccessors: .ImpulseFeedback

===========================================================================================
----------------- testing Mon Oct 22 02:35:15 UTC 2018 /home/travis/build/icyphy/ptII/ptolemy/domains/continuous/test/auto/ImpulseFeedback2.xml
----------------- Instantiating /home/travis/build/icyphy/ptII/ptolemy/domains/continuous/test/auto/ImpulseFeedback2.xml
5 ms. Memory: 543744K Free: 245552K (45%)
----------------- Invoking toplevel() on ptolemy.moml.MoMLSimpleApplication@4df384b3
----------------- Done invoking toplevel() on ptolemy.moml.MoMLSimpleApplication@4df384b3
reloadAllAccessors: .ImpulseFeedback2

===========================================================================================
----------------- testing Mon Oct 22 02:35:15 UTC 2018 /home/travis/build/icyphy/ptII/ptolemy/domains/continuous/test/auto/IncreasingRatePoisson.xml
----------------- Instantiating /home/travis/build/icyphy/ptII/ptolemy/domains/continuous/test/auto/IncreasingRatePoisson.xml
702 ms. Memory: 522240K Free: 353457K (68%)
----------------- Invoking toplevel() on ptolemy.moml.MoMLSimpleApplication@4cefe9b4
----------------- Done invoking toplevel() on ptolemy.moml.MoMLSimpleApplication@4cefe9b4
reloadAllAccessors: .IncreasingRatePoisson

===========================================================================================
----------------- testing Mon Oct 22 02:35:16 UTC 2018 /home/travis/build/icyphy/ptII/ptolemy/domains/continuous/test/auto/InitialStateFeedback.xml
----------------- Instantiating /home/travis/build/icyphy/ptII/ptolemy/domains/continuous/test/auto/InitialStateFeedback.xml
3 ms. Memory: 522240K Free: 342173K (66%)
----------------- Invoking toplevel() on ptolemy.moml.MoMLSimpleApplication@3a97192f
----------------- Done invoking toplevel() on ptolemy.moml.MoMLSimpleApplication@3a97192f
reloadAllAccessors: .InitialStateFeedback

===========================================================================================
----------------- testing Mon Oct 22 02:35:16 UTC 2018 /home/travis/build/icyphy/ptII/ptolemy/domains/continuous/test/auto/Integration.xml
----------------- Instantiating /home/travis/build/icyphy/ptII/ptolemy/domains/continuous/test/auto/Integration.xml
1 ms. Memory: 522240K Free: 335397K (64%)
----------------- Invoking toplevel() on ptolemy.moml.MoMLSimpleApplication@491d9edc
----------------- Done invoking toplevel() on ptolemy.moml.MoMLSimpleApplication@491d9edc
reloadAllAccessors: .Integration

===========================================================================================
----------------- testing Mon Oct 22 02:35:16 UTC 2018 /home/travis/build/icyphy/ptII/ptolemy/domains/continuous/test/auto/Integration2.xml
----------------- Instantiating /home/travis/build/icyphy/ptII/ptolemy/domains/continuous/test/auto/Integration2.xml
82 ms. Memory: 522240K Free: 316854K (61%)
----------------- Invoking toplevel() on ptolemy.moml.MoMLSimpleApplication@3f20b23e
----------------- Done invoking toplevel() on ptolemy.moml.MoMLSimpleApplication@3f20b23e
reloadAllAccessors: .Integration2

===========================================================================================
----------------- testing Mon Oct 22 02:35:16 UTC 2018 /home/travis/build/icyphy/ptII/ptolemy/domains/continuous/test/auto/Integration3.xml
----------------- Instantiating /home/travis/build/icyphy/ptII/ptolemy/domains/continuous/test/auto/Integration3.xml
2 ms. Memory: 522240K Free: 307277K (59%)
----------------- Invoking toplevel() on ptolemy.moml.MoMLSimpleApplication@64a5afb6
----------------- Done invoking toplevel() on ptolemy.moml.MoMLSimpleApplication@64a5afb6
reloadAllAccessors: .Integration3

===========================================================================================
----------------- testing Mon Oct 22 02:35:16 UTC 2018 /home/travis/build/icyphy/ptII/ptolemy/domains/continuous/test/auto/Integration5.xml
----------------- Instantiating /home/travis/build/icyphy/ptII/ptolemy/domains/continuous/test/auto/Integration5.xml
10 ms. Memory: 522240K Free: 300505K (58%)
----------------- Invoking toplevel() on ptolemy.moml.MoMLSimpleApplication@49ae2174
----------------- Done invoking toplevel() on ptolemy.moml.MoMLSimpleApplication@49ae2174
reloadAllAccessors: .Integration5

===========================================================================================
----------------- testing Mon Oct 22 02:35:16 UTC 2018 /home/travis/build/icyphy/ptII/ptolemy/domains/continuous/test/auto/IntegratorImpulse.xml
----------------- Instantiating /home/travis/build/icyphy/ptII/ptolemy/domains/continuous/test/auto/IntegratorImpulse.xml
2 ms. Memory: 522240K Free: 293733K (56%)
----------------- Invoking toplevel() on ptolemy.moml.MoMLSimpleApplication@24f0403d
----------------- Done invoking toplevel() on ptolemy.moml.MoMLSimpleApplication@24f0403d
reloadAllAccessors: .IntegratorImpulse

===========================================================================================
----------------- testing Mon Oct 22 02:35:16 UTC 2018 /home/travis/build/icyphy/ptII/ptolemy/domains/continuous/test/auto/IntegratorImpulse2.xml
----------------- Instantiating /home/travis/build/icyphy/ptII/ptolemy/domains/continuous/test/auto/IntegratorImpulse2.xml
6 ms. Memory: 522240K Free: 284023K (54%)
----------------- Invoking toplevel() on ptolemy.moml.MoMLSimpleApplication@3af29437
----------------- Done invoking toplevel() on ptolemy.moml.MoMLSimpleApplication@3af29437
reloadAllAccessors: .IntegratorImpulse2

===========================================================================================
----------------- testing Mon Oct 22 02:35:16 UTC 2018 /home/travis/build/icyphy/ptII/ptolemy/domains/continuous/test/auto/LevelCrossing1.xml
----------------- Instantiating /home/travis/build/icyphy/ptII/ptolemy/domains/continuous/test/auto/LevelCrossing1.xml
3 ms. Memory: 522240K Free: 274445K (53%)
----------------- Invoking toplevel() on ptolemy.moml.MoMLSimpleApplication@d08df74
----------------- Done invoking toplevel() on ptolemy.moml.MoMLSimpleApplication@d08df74
reloadAllAccessors: .LevelCrossing1

===========================================================================================
----------------- testing Mon Oct 22 02:35:16 UTC 2018 /home/travis/build/icyphy/ptII/ptolemy/domains/continuous/test/auto/LevelCrossing2.xml
----------------- Instantiating /home/travis/build/icyphy/ptII/ptolemy/domains/continuous/test/auto/LevelCrossing2.xml
3 ms. Memory: 522240K Free: 264726K (51%)
----------------- Invoking toplevel() on ptolemy.moml.MoMLSimpleApplication@5723d8d8
----------------- Done invoking toplevel() on ptolemy.moml.MoMLSimpleApplication@5723d8d8
reloadAllAccessors: .LevelCrossing2

===========================================================================================
----------------- testing Mon Oct 22 02:35:16 UTC 2018 /home/travis/build/icyphy/ptII/ptolemy/domains/continuous/test/auto/LevelCrossing3.xml
----------------- Instantiating /home/travis/build/icyphy/ptII/ptolemy/domains/continuous/test/auto/LevelCrossing3.xml
2 ms. Memory: 522240K Free: 255015K (49%)
----------------- Invoking toplevel() on ptolemy.moml.MoMLSimpleApplication@449a5fb7
----------------- Done invoking toplevel() on ptolemy.moml.MoMLSimpleApplication@449a5fb7
reloadAllAccessors: .LevelCrossing3

===========================================================================================
----------------- testing Mon Oct 22 02:35:16 UTC 2018 /home/travis/build/icyphy/ptII/ptolemy/domains/continuous/test/auto/LevelCrossing4.xml
----------------- Instantiating /home/travis/build/icyphy/ptII/ptolemy/domains/continuous/test/auto/LevelCrossing4.xml
2 ms. Memory: 522240K Free: 245304K (47%)
----------------- Invoking toplevel() on ptolemy.moml.MoMLSimpleApplication@310daecf
----------------- Done invoking toplevel() on ptolemy.moml.MoMLSimpleApplication@310daecf
reloadAllAccessors: .LevelCrossing4

===========================================================================================
----------------- testing Mon Oct 22 02:35:16 UTC 2018 /home/travis/build/icyphy/ptII/ptolemy/domains/continuous/test/auto/LevelCrossing5.xml
----------------- Instantiating /home/travis/build/icyphy/ptII/ptolemy/domains/continuous/test/auto/LevelCrossing5.xml
2 ms. Memory: 522240K Free: 235578K (45%)
----------------- Invoking toplevel() on ptolemy.moml.MoMLSimpleApplication@2c6e85d0
----------------- Done invoking toplevel() on ptolemy.moml.MoMLSimpleApplication@2c6e85d0
reloadAllAccessors: .LevelCrossing5

===========================================================================================
[...]
----------------- testing Mon Oct 22 02:35:34 UTC 2018 /home/travis/build/icyphy/ptII/ptolemy/domains/continuous/test/auto/SRinContinuous.xml
----------------- Instantiating /home/travis/build/icyphy/ptII/ptolemy/domains/continuous/test/auto/SRinContinuous.xml
11 ms. Memory: 323584K Free: 212618K (66%)
----------------- Invoking toplevel() on ptolemy.moml.MoMLSimpleApplication@4c7d378d
----------------- Done invoking toplevel() on ptolemy.moml.MoMLSimpleApplication@4c7d378d
reloadAllAccessors: .SRinContinuous

===========================================================================================
----------------- testing Mon Oct 22 02:35:34 UTC 2018 /home/travis/build/icyphy/ptII/ptolemy/domains/continuous/test/auto/SampledClocks.xml
----------------- Instantiating /home/travis/build/icyphy/ptII/ptolemy/domains/continuous/test/auto/SampledClocks.xml
7 ms. Memory: 323584K Free: 201940K (62%)
----------------- Invoking toplevel() on ptolemy.moml.MoMLSimpleApplication@5e80958a
----------------- Done invoking toplevel() on ptolemy.moml.MoMLSimpleApplication@5e80958a
reloadAllAccessors: .SampledClocks

===========================================================================================
----------------- testing Mon Oct 22 02:35:34 UTC 2018 /home/travis/build/icyphy/ptII/ptolemy/domains/continuous/test/auto/Satellite.xml
----------------- Instantiating /home/travis/build/icyphy/ptII/ptolemy/domains/continuous/test/auto/Satellite.xml
853 ms. Memory: 313856K Free: 248978K (79%)
----------------- Invoking toplevel() on ptolemy.moml.MoMLSimpleApplication@60841118
----------------- Done invoking toplevel() on ptolemy.moml.MoMLSimpleApplication@60841118
reloadAllAccessors: .Satellite

===========================================================================================
----------------- testing Mon Oct 22 02:35:34 UTC 2018 /home/travis/build/icyphy/ptII/ptolemy/domains/continuous/test/auto/SigmaDelta.xml
----------------- Instantiating /home/travis/build/icyphy/ptII/ptolemy/domains/continuous/test/auto/SigmaDelta.xml
2515 ms. Memory: 308736K Free: 87810K (28%)
----------------- Invoking toplevel() on ptolemy.moml.MoMLSimpleApplication@12fe5ee4
----------------- Done invoking toplevel() on ptolemy.moml.MoMLSimpleApplication@12fe5ee4
reloadAllAccessors: .SigmaDelta

===========================================================================================
----------------- testing Mon Oct 22 02:35:37 UTC 2018 /home/travis/build/icyphy/ptII/ptolemy/domains/continuous/test/auto/SingleRefinement.xml
----------------- Instantiating /home/travis/build/icyphy/ptII/ptolemy/domains/continuous/test/auto/SingleRefinement.xml
329 ms. Memory: 294400K Free: 107460K (37%)
----------------- Invoking toplevel() on ptolemy.moml.MoMLSimpleApplication@73e37a5f
----------------- Done invoking toplevel() on ptolemy.moml.MoMLSimpleApplication@73e37a5f
reloadAllAccessors: .SingleRefinement

===========================================================================================
----------------- testing Mon Oct 22 02:35:38 UTC 2018 /home/travis/build/icyphy/ptII/ptolemy/domains/continuous/test/auto/SinuBouncingBall.xml
----------------- Instantiating /home/travis/build/icyphy/ptII/ptolemy/domains/continuous/test/auto/SinuBouncingBall.xml
723 ms. Memory: 285696K Free: 87521K (31%)
----------------- Invoking toplevel() on ptolemy.moml.MoMLSimpleApplication@55f9f3d9
----------------- Done invoking toplevel() on ptolemy.moml.MoMLSimpleApplication@55f9f3d9
reloadAllAccessors: .SinuBouncingBall

===========================================================================================
----------------- testing Mon Oct 22 02:35:38 UTC 2018 /home/travis/build/icyphy/ptII/ptolemy/domains/continuous/test/auto/Sinusoid.xml
----------------- Instantiating /home/travis/build/icyphy/ptII/ptolemy/domains/continuous/test/auto/Sinusoid.xml
5 ms. Memory: 285696K Free: 81496K (29%)
----------------- Invoking toplevel() on ptolemy.moml.MoMLSimpleApplication@7402da9d
----------------- Done invoking toplevel() on ptolemy.moml.MoMLSimpleApplication@7402da9d
reloadAllAccessors: .Sinusoid

===========================================================================================
----------------- testing Mon Oct 22 02:35:39 UTC 2018 /home/travis/build/icyphy/ptII/ptolemy/domains/continuous/test/auto/SinusoidInNoise.xml
----------------- Instantiating /home/travis/build/icyphy/ptII/ptolemy/domains/continuous/test/auto/SinusoidInNoise.xml
908 ms. Memory: 276992K Free: 69532K (25%)
----------------- Invoking toplevel() on ptolemy.moml.MoMLSimpleApplication@5dac3ac6
----------------- Done invoking toplevel() on ptolemy.moml.MoMLSimpleApplication@5dac3ac6
reloadAllAccessors: .SinusoidInNoise

===========================================================================================
----------------- testing Mon Oct 22 02:35:39 UTC 2018 /home/travis/build/icyphy/ptII/ptolemy/domains/continuous/test/auto/SinusoidRK45.xml
----------------- Instantiating /home/travis/build/icyphy/ptII/ptolemy/domains/continuous/test/auto/SinusoidRK45.xml
2 ms. Memory: 276992K Free: 63923K (23%)
----------------- Invoking toplevel() on ptolemy.moml.MoMLSimpleApplication@309f032c
----------------- Done invoking toplevel() on ptolemy.moml.MoMLSimpleApplication@309f032c
reloadAllAccessors: .SinusoidRK45

===========================================================================================
----------------- testing Mon Oct 22 02:35:39 UTC 2018 /home/travis/build/icyphy/ptII/ptolemy/domains/continuous/test/auto/SinusoidWithMultipleImpulses.xml
----------------- Instantiating /home/travis/build/icyphy/ptII/ptolemy/domains/continuous/test/auto/SinusoidWithMultipleImpulses.xml
3 ms. Memory: 276992K Free: 57807K (21%)
----------------- Invoking toplevel() on ptolemy.moml.MoMLSimpleApplication@772db1e6
----------------- Done invoking toplevel() on ptolemy.moml.MoMLSimpleApplication@772db1e6
reloadAllAccessors: .SinusoidWithMultipleImpulses

===========================================================================================
----------------- testing Mon Oct 22 02:35:39 UTC 2018 /home/travis/build/icyphy/ptII/ptolemy/domains/continuous/test/auto/SquareWave.xml
----------------- Instantiating /home/travis/build/icyphy/ptII/ptolemy/domains/continuous/test/auto/SquareWave.xml
172 ms. Memory: 276992K Free: 30949K (11%)
----------------- Invoking toplevel() on ptolemy.moml.MoMLSimpleApplication@28970f08
----------------- Done invoking toplevel() on ptolemy.moml.MoMLSimpleApplication@28970f08
reloadAllAccessors: .SquareWave

===========================================================================================
----------------- testing Mon Oct 22 02:35:40 UTC 2018 /home/travis/build/icyphy/ptII/ptolemy/domains/continuous/test/auto/Starmac.xml
----------------- Instantiating /home/travis/build/icyphy/ptII/ptolemy/domains/continuous/test/auto/Starmac.xml
3052 ms. Memory: 263680K Free: 17824K (7%)
----------------- Invoking toplevel() on ptolemy.moml.MoMLSimpleApplication@34f95691
----------------- Done invoking toplevel() on ptolemy.moml.MoMLSimpleApplication@34f95691
reloadAllAccessors: .Starmac

===========================================================================================
----------------- testing Mon Oct 22 02:35:43 UTC 2018 /home/travis/build/icyphy/ptII/ptolemy/domains/continuous/test/auto/StaticUnits.xml
----------------- Instantiating /home/travis/build/icyphy/ptII/ptolemy/domains/continuous/test/auto/StaticUnits.xml
2140 ms. Memory: 213504K Free: 58978K (28%)
----------------- Invoking toplevel() on ptolemy.moml.MoMLSimpleApplication@34b7bf87
----------------- Done invoking toplevel() on ptolemy.moml.MoMLSimpleApplication@34b7bf87
reloadAllAccessors: .StaticUnits

===========================================================================================
----------------- testing Mon Oct 22 02:35:46 UTC 2018 /home/travis/build/icyphy/ptII/ptolemy/domains/continuous/test/auto/StickyMasses.xml
----------------- Instantiating /home/travis/build/icyphy/ptII/ptolemy/domains/continuous/test/auto/StickyMasses.xml
132 ms. Memory: 207872K Free: 152275K (73%)
----------------- Invoking toplevel() on ptolemy.moml.MoMLSimpleApplication@28924a40
----------------- Done invoking toplevel() on ptolemy.moml.MoMLSimpleApplication@28924a40
reloadAllAccessors: .StickyMasses

===========================================================================================
----------------- testing Mon Oct 22 02:35:46 UTC 2018 /home/travis/build/icyphy/ptII/ptolemy/domains/continuous/test/auto/StopTime.xml
----------------- Instantiating /home/travis/build/icyphy/ptII/ptolemy/domains/continuous/test/auto/StopTime.xml
38 ms. Memory: 207872K Free: 124025K (60%)
----------------- Invoking toplevel() on ptolemy.moml.MoMLSimpleApplication@5b249a83
----------------- Done invoking toplevel() on ptolemy.moml.MoMLSimpleApplication@5b249a83
reloadAllAccessors: .StopTime

===========================================================================================
----------------- testing Mon Oct 22 02:35:46 UTC 2018 /home/travis/build/icyphy/ptII/ptolemy/domains/continuous/test/auto/StopTime2.xml
----------------- Instantiating /home/travis/build/icyphy/ptII/ptolemy/domains/continuous/test/auto/StopTime2.xml
33 ms. Memory: 207872K Free: 98807K (48%)
----------------- Invoking toplevel() on ptolemy.moml.MoMLSimpleApplication@1ba391b9
----------------- Done invoking toplevel() on ptolemy.moml.MoMLSimpleApplication@1ba391b9
reloadAllAccessors: .StopTime2

===========================================================================================
----------------- testing Mon Oct 22 02:35:46 UTC 2018 /home/travis/build/icyphy/ptII/ptolemy/domains/continuous/test/auto/Switch.xml
----------------- Instantiating /home/travis/build/icyphy/ptII/ptolemy/domains/continuous/test/auto/Switch.xml
36 ms. Memory: 207872K Free: 70558K (34%)
----------------- Invoking toplevel() on ptolemy.moml.MoMLSimpleApplication@624edd66
----------------- Done invoking toplevel() on ptolemy.moml.MoMLSimpleApplication@624edd66
reloadAllAccessors: .Switch

===========================================================================================
----------------- testing Mon Oct 22 02:35:46 UTC 2018 /home/travis/build/icyphy/ptII/ptolemy/domains/continuous/test/auto/Thermostat.xml
----------------- Instantiating /home/travis/build/icyphy/ptII/ptolemy/domains/continuous/test/auto/Thermostat.xml
190 ms. Memory: 243712K Free: 180924K (74%)
----------------- Invoking toplevel() on ptolemy.moml.MoMLSimpleApplication@13f0ab8c
----------------- Done invoking toplevel() on ptolemy.moml.MoMLSimpleApplication@13f0ab8c
reloadAllAccessors: .Thermostat

===========================================================================================
----------------- testing Mon Oct 22 02:35:46 UTC 2018 /home/travis/build/icyphy/ptII/ptolemy/domains/continuous/test/auto/TimeDelay.xml
----------------- Instantiating /home/travis/build/icyphy/ptII/ptolemy/domains/continuous/test/auto/TimeDelay.xml
6 ms. Memory: 243712K Free: 174102K (71%)
----------------- Invoking toplevel() on ptolemy.moml.MoMLSimpleApplication@4bde67af
----------------- Done invoking toplevel() on ptolemy.moml.MoMLSimpleApplication@4bde67af
reloadAllAccessors: .TimeDelay

===========================================================================================
----------------- testing Mon Oct 22 02:35:46 UTC 2018 /home/travis/build/icyphy/ptII/ptolemy/domains/continuous/test/auto/TimeDelay2.xml
----------------- Instantiating /home/travis/build/icyphy/ptII/ptolemy/domains/continuous/test/auto/TimeDelay2.xml
10 ms. Memory: 243712K Free: 161023K (66%)
----------------- Invoking toplevel() on ptolemy.moml.MoMLSimpleApplication@424e9bb2
----------------- Done invoking toplevel() on ptolemy.moml.MoMLSimpleApplication@424e9bb2
reloadAllAccessors: .TimeDelay2

===========================================================================================
----------------- testing Mon Oct 22 02:35:46 UTC 2018 /home/travis/build/icyphy/ptII/ptolemy/domains/continuous/test/auto/TimeDelay3.xml
----------------- Instantiating /home/travis/build/icyphy/ptII/ptolemy/domains/continuous/test/auto/TimeDelay3.xml
3 ms. Memory: 243712K Free: 155268K (64%)
----------------- Invoking toplevel() on ptolemy.moml.MoMLSimpleApplication@433aff62
----------------- Done invoking toplevel() on ptolemy.moml.MoMLSimpleApplication@433aff62
reloadAllAccessors: .TimeDelay3

===========================================================================================
----------------- testing Mon Oct 22 02:35:46 UTC 2018 /home/travis/build/icyphy/ptII/ptolemy/domains/continuous/test/auto/TransferAbsentToInside.xml
----------------- Instantiating /home/travis/build/icyphy/ptII/ptolemy/domains/continuous/test/auto/TransferAbsentToInside.xml
31 ms. Memory: 243712K Free: 97181K (40%)
----------------- Invoking toplevel() on ptolemy.moml.MoMLSimpleApplication@3ab1b6c7
----------------- Done invoking toplevel() on ptolemy.moml.MoMLSimpleApplication@3ab1b6c7
reloadAllAccessors: .TransferAbsentToInside

===========================================================================================
----------------- testing Mon Oct 22 02:35:46 UTC 2018 /home/travis/build/icyphy/ptII/ptolemy/domains/continuous/test/auto/Transmission.xml
----------------- Instantiating /home/travis/build/icyphy/ptII/ptolemy/domains/continuous/test/auto/Transmission.xml
744 ms. Memory: 273920K Free: 64885K (24%)
----------------- Invoking toplevel() on ptolemy.moml.MoMLSimpleApplication@2246757
----------------- Done invoking toplevel() on ptolemy.moml.MoMLSimpleApplication@2246757
reloadAllAccessors: .Transmission

===========================================================================================
----------------- testing Mon Oct 22 02:35:47 UTC 2018 /home/travis/build/icyphy/ptII/ptolemy/domains/continuous/test/auto/TriggeredContinuousClock.xml
----------------- Instantiating /home/travis/build/icyphy/ptII/ptolemy/domains/continuous/test/auto/TriggeredContinuousClock.xml
47 ms. Memory: 320512K Free: 293856K (92%)
----------------- Invoking toplevel() on ptolemy.moml.MoMLSimpleApplication@50b8efb1
----------------- Done invoking toplevel() on ptolemy.moml.MoMLSimpleApplication@50b8efb1
reloadAllAccessors: .TriggeredContinuousClock

===========================================================================================
----------------- testing Mon Oct 22 02:35:47 UTC 2018 /home/travis/build/icyphy/ptII/ptolemy/domains/continuous/test/auto/TwoMachineInfiniteBusControl.xml
----------------- Instantiating /home/travis/build/icyphy/ptII/ptolemy/domains/continuous/test/auto/TwoMachineInfiniteBusControl.xml
2825 ms. Memory: 292352K Free: 199915K (68%)
----------------- Invoking toplevel() on ptolemy.moml.MoMLSimpleApplication@65382582
----------------- Done invoking toplevel() on ptolemy.moml.MoMLSimpleApplication@65382582
reloadAllAccessors: .TwoMachineInfiniteBusControl

===========================================================================================
----------------- testing Mon Oct 22 02:35:50 UTC 2018 /home/travis/build/icyphy/ptII/ptolemy/domains/continuous/test/auto/V2V.xml
----------------- Instantiating /home/travis/build/icyphy/ptII/ptolemy/domains/continuous/test/auto/V2V.xml
797 ms. Memory: 283136K Free: 223108K (79%)
----------------- Invoking toplevel() on ptolemy.moml.MoMLSimpleApplication@16c8f484
----------------- Done invoking toplevel() on ptolemy.moml.MoMLSimpleApplication@16c8f484
reloadAllAccessors: .V2V

===========================================================================================
----------------- testing Mon Oct 22 02:35:51 UTC 2018 /home/travis/build/icyphy/ptII/ptolemy/domains/continuous/test/auto/hierarchicalModalModel.xml
----------------- Instantiating /home/travis/build/icyphy/ptII/ptolemy/domains/continuous/test/auto/hierarchicalModalModel.xml
8 ms. Memory: 283136K Free: 205892K (73%)
----------------- Invoking toplevel() on ptolemy.moml.MoMLSimpleApplication@5b3eaf54
----------------- Done invoking toplevel() on ptolemy.moml.MoMLSimpleApplication@5b3eaf54
reloadAllAccessors: .hierarchicalModalModel

===========================================================================================
----------------- testing Mon Oct 22 02:35:51 UTC 2018 /home/travis/build/icyphy/ptII/ptolemy/domains/continuous/test/auto/hierarchicalModalModel1.xml
----------------- Instantiating /home/travis/build/icyphy/ptII/ptolemy/domains/continuous/test/auto/hierarchicalModalModel1.xml
7 ms. Memory: 283136K Free: 188317K (67%)
----------------- Invoking toplevel() on ptolemy.moml.MoMLSimpleApplication@72014d81
----------------- Done invoking toplevel() on ptolemy.moml.MoMLSimpleApplication@72014d81
reloadAllAccessors: .hierarchicalModalModel1

===========================================================================================
----------------- testing Mon Oct 22 02:35:51 UTC 2018 /home/travis/build/icyphy/ptII/ptolemy/domains/continuous/test/auto/hierarchicalModalModel2.xml
----------------- Instantiating /home/travis/build/icyphy/ptII/ptolemy/domains/continuous/test/auto/hierarchicalModalModel2.xml
5 ms. Memory: 283136K Free: 173778K (61%)
----------------- Invoking toplevel() on ptolemy.moml.MoMLSimpleApplication@6da1288e
----------------- Done invoking toplevel() on ptolemy.moml.MoMLSimpleApplication@6da1288e
reloadAllAccessors: .hierarchicalModalModel2

===========================================================================================
----------------- testing Mon Oct 22 02:35:51 UTC 2018 /home/travis/build/icyphy/ptII/ptolemy/domains/continuous/test/auto/hierarchicalModalModel3.xml
----------------- Instantiating /home/travis/build/icyphy/ptII/ptolemy/domains/continuous/test/auto/hierarchicalModalModel3.xml
5 ms. Memory: 283136K Free: 160756K (57%)
----------------- Invoking toplevel() on ptolemy.moml.MoMLSimpleApplication@106d628f
----------------- Done invoking toplevel() on ptolemy.moml.MoMLSimpleApplication@106d628f
reloadAllAccessors: .hierarchicalModalModel3

===========================================================================================
----------------- testing Mon Oct 22 02:35:51 UTC 2018 /home/travis/build/icyphy/ptII/ptolemy/domains/continuous/test/auto/hierarchicalModalModel4.xml
----------------- Instantiating /home/travis/build/icyphy/ptII/ptolemy/domains/continuous/test/auto/hierarchicalModalModel4.xml
5 ms. Memory: 283136K Free: 146216K (52%)
----------------- Invoking toplevel() on ptolemy.moml.MoMLSimpleApplication@62269e3b
----------------- Done invoking toplevel() on ptolemy.moml.MoMLSimpleApplication@62269e3b
reloadAllAccessors: .hierarchicalModalModel4

===========================================================================================
----------------- testing Mon Oct 22 02:35:51 UTC 2018 /home/travis/build/icyphy/ptII/ptolemy/domains/continuous/test/auto/junk.xml
----------------- Instantiating /home/travis/build/icyphy/ptII/ptolemy/domains/continuous/test/auto/junk.xml
124 ms. Memory: 283136K Free: 113620K (40%)
----------------- Invoking toplevel() on ptolemy.moml.MoMLSimpleApplication@3dd3d236
----------------- Done invoking toplevel() on ptolemy.moml.MoMLSimpleApplication@3dd3d236
reloadAllAccessors: .junk
AutoTests.java: About to close Vertx.
AutoTests.java: Vertx closed.
]]></system-out>
  <system-err><![CDATA[Warning: '.HysteresisWithRandomDelay.NonStrictTest3' The test produced only 26 tokens, yet the correctValues parameter was expecting 30 tokens.
Warning: '.IncreasingRatePoisson.NonStrictTest' The test produced only 401 tokens, yet the correctValues parameter was expecting 402 tokens.
Warning: '.Poisson.NonStrictTest' The test produced only 424 tokens, yet the correctValues parameter was expecting 430 tokens.
]]></system-err>
</testsuite>
