<?xml version="1.0" encoding="UTF-8" ?>
<testsuite errors="0" failures="0" hostname="travis-job-ba083a02-ebf1-41be-b956-980c7b96fc83" name="ptolemy.domains.continuous.test.junit.JUnitTclTest" skipped="0" tests="156" time="71.773" timestamp="2018-11-29T02:53:06">
  <properties>
[...]
</properties>
  <testcase classname="ptolemy.util.test.junit.TclTests" name="[0] ThereAreNoTclTests (RunTclFile)" time="0.001" />
  <testcase classname="ptolemy.util.test.junit.AutoKnownFailedTests" name="[0] ThereAreNoKnowFailedTests (RunModel)" time="0.001" />
  <testcase classname="ptolemy.util.test.junit.AutoNameArchTests" name="[0] ThereAreNoAutoArchTests (RunModel)" time="0.0" />
  <testcase classname="ptolemy.util.test.junit.AutoTests" name="[0] /home/travis/build/icyphy/ptII/ptolemy/domains/continuous/test/auto/BouncingBall.xml (RunModel)" time="2.788" />
  <testcase classname="ptolemy.util.test.junit.AutoTests" name="[1] /home/travis/build/icyphy/ptII/ptolemy/domains/continuous/test/auto/BouncingBallWithoutGR.xml (RunModel)" time="0.886" />
  <testcase classname="ptolemy.util.test.junit.AutoTests" name="[2] /home/travis/build/icyphy/ptII/ptolemy/domains/continuous/test/auto/Brownian.xml (RunModel)" time="0.109" />
  <testcase classname="ptolemy.util.test.junit.AutoTests" name="[3] /home/travis/build/icyphy/ptII/ptolemy/domains/continuous/test/auto/CarTracking.xml (RunModel)" time="3.925" />
  <testcase classname="ptolemy.util.test.junit.AutoTests" name="[4] /home/travis/build/icyphy/ptII/ptolemy/domains/continuous/test/auto/CartPendulum.xml (RunModel)" time="0.554" />
  <testcase classname="ptolemy.util.test.junit.AutoTests" name="[5] /home/travis/build/icyphy/ptII/ptolemy/domains/continuous/test/auto/CausalityInterface10.xml (RunModel)" time="0.05" />
  <testcase classname="ptolemy.util.test.junit.AutoTests" name="[6] /home/travis/build/icyphy/ptII/ptolemy/domains/continuous/test/auto/CausalityInterface11.xml (RunModel)" time="0.04" />
  <testcase classname="ptolemy.util.test.junit.AutoTests" name="[7] /home/travis/build/icyphy/ptII/ptolemy/domains/continuous/test/auto/CausalityInterface12.xml (RunModel)" time="0.04" />
  <testcase classname="ptolemy.util.test.junit.AutoTests" name="[8] /home/travis/build/icyphy/ptII/ptolemy/domains/continuous/test/auto/CausalityInterface13.xml (RunModel)" time="0.056" />
  <testcase classname="ptolemy.util.test.junit.AutoTests" name="[9] /home/travis/build/icyphy/ptII/ptolemy/domains/continuous/test/auto/CausalityInterface14.xml (RunModel)" time="0.033" />
  <testcase classname="ptolemy.util.test.junit.AutoTests" name="[10] /home/travis/build/icyphy/ptII/ptolemy/domains/continuous/test/auto/CausalityInterface4.xml (RunModel)" time="0.034" />
  <testcase classname="ptolemy.util.test.junit.AutoTests" name="[11] /home/travis/build/icyphy/ptII/ptolemy/domains/continuous/test/auto/CausalityInterface5.xml (RunModel)" time="0.047" />
  <testcase classname="ptolemy.util.test.junit.AutoTests" name="[12] /home/travis/build/icyphy/ptII/ptolemy/domains/continuous/test/auto/CausalityInterface6.xml (RunModel)" time="0.028" />
  <testcase classname="ptolemy.util.test.junit.AutoTests" name="[13] /home/travis/build/icyphy/ptII/ptolemy/domains/continuous/test/auto/CausalityInterface7.xml (RunModel)" time="0.045" />
  <testcase classname="ptolemy.util.test.junit.AutoTests" name="[14] /home/travis/build/icyphy/ptII/ptolemy/domains/continuous/test/auto/CausalityInterface8.xml (RunModel)" time="0.042" />
  <testcase classname="ptolemy.util.test.junit.AutoTests" name="[15] /home/travis/build/icyphy/ptII/ptolemy/domains/continuous/test/auto/CausalityInterface9.xml (RunModel)" time="0.048" />
  <testcase classname="ptolemy.util.test.junit.AutoTests" name="[16] /home/travis/build/icyphy/ptII/ptolemy/domains/continuous/test/auto/CausalityInterfaceFeedback1.xml (RunModel)" time="0.037" />
  <testcase classname="ptolemy.util.test.junit.AutoTests" name="[17] /home/travis/build/icyphy/ptII/ptolemy/domains/continuous/test/auto/CausalityInterfaceFeedback2.xml (RunModel)" time="0.042" />
  <testcase classname="ptolemy.util.test.junit.AutoTests" name="[18] /home/travis/build/icyphy/ptII/ptolemy/domains/continuous/test/auto/CompareWithCurrentTime.xml (RunModel)" time="0.028" />
  <testcase classname="ptolemy.util.test.junit.AutoTests" name="[19] /home/travis/build/icyphy/ptII/ptolemy/domains/continuous/test/auto/ComparedClocks.xml (RunModel)" time="0.085" />
  <testcase classname="ptolemy.util.test.junit.AutoTests" name="[20] /home/travis/build/icyphy/ptII/ptolemy/domains/continuous/test/auto/ContinuousAOCClone.xml (RunModel)" time="2.799" />
  <testcase classname="ptolemy.util.test.junit.AutoTests" name="[21] /home/travis/build/icyphy/ptII/ptolemy/domains/continuous/test/auto/ContinuousClock.xml (RunModel)" time="0.099" />
  <testcase classname="ptolemy.util.test.junit.AutoTests" name="[22] /home/travis/build/icyphy/ptII/ptolemy/domains/continuous/test/auto/ContinuousInContinuous.xml (RunModel)" time="0.085" />
  <testcase classname="ptolemy.util.test.junit.AutoTests" name="[23] /home/travis/build/icyphy/ptII/ptolemy/domains/continuous/test/auto/ContinuousInContinuousInContinuous.xml (RunModel)" time="0.028" />
  <testcase classname="ptolemy.util.test.junit.AutoTests" name="[24] /home/travis/build/icyphy/ptII/ptolemy/domains/continuous/test/auto/ContinuousInDE.xml (RunModel)" time="0.115" />
  <testcase classname="ptolemy.util.test.junit.AutoTests" name="[25] /home/travis/build/icyphy/ptII/ptolemy/domains/continuous/test/auto/ContinuousInDE2.xml (RunModel)" time="0.068" />
  <testcase classname="ptolemy.util.test.junit.AutoTests" name="[26] /home/travis/build/icyphy/ptII/ptolemy/domains/continuous/test/auto/ContinuousInDE3.xml (RunModel)" time="0.058" />
  <testcase classname="ptolemy.util.test.junit.AutoTests" name="[27] /home/travis/build/icyphy/ptII/ptolemy/domains/continuous/test/auto/ContinuousInDE4.xml (RunModel)" time="0.039" />
  <testcase classname="ptolemy.util.test.junit.AutoTests" name="[28] /home/travis/build/icyphy/ptII/ptolemy/domains/continuous/test/auto/ContinuousInDEDifferentRefinements.xml (RunModel)" time="0.116" />
  <testcase classname="ptolemy.util.test.junit.AutoTests" name="[29] /home/travis/build/icyphy/ptII/ptolemy/domains/continuous/test/auto/ContinuousInDEDifferentRefinementsPreemptive.xml (RunModel)" time="0.089" />
  <testcase classname="ptolemy.util.test.junit.AutoTests" name="[30] /home/travis/build/icyphy/ptII/ptolemy/domains/continuous/test/auto/ContinuousInDEInContinuous2.xml (RunModel)" time="0.061" />
  <testcase classname="ptolemy.util.test.junit.AutoTests" name="[31] /home/travis/build/icyphy/ptII/ptolemy/domains/continuous/test/auto/ContinuousInDEInContinuous3.xml (RunModel)" time="0.069" />
  <testcase classname="ptolemy.util.test.junit.AutoTests" name="[32] /home/travis/build/icyphy/ptII/ptolemy/domains/continuous/test/auto/ContinuousInDEInput.xml (RunModel)" time="0.041" />
  <testcase classname="ptolemy.util.test.junit.AutoTests" name="[33] /home/travis/build/icyphy/ptII/ptolemy/domains/continuous/test/auto/ContinuousInDEInput2.xml (RunModel)" time="0.05" />
  <testcase classname="ptolemy.util.test.junit.AutoTests" name="[34] /home/travis/build/icyphy/ptII/ptolemy/domains/continuous/test/auto/ContinuousInDEInput3.xml (RunModel)" time="0.035" />
  <testcase classname="ptolemy.util.test.junit.AutoTests" name="[35] /home/travis/build/icyphy/ptII/ptolemy/domains/continuous/test/auto/ContinuousInDESharingRefinement.xml (RunModel)" time="0.184" />
  <testcase classname="ptolemy.util.test.junit.AutoTests" name="[36] /home/travis/build/icyphy/ptII/ptolemy/domains/continuous/test/auto/ContinuousInDEwithNoPorts.xml (RunModel)" time="0.026" />
  <testcase classname="ptolemy.util.test.junit.AutoTests" name="[37] /home/travis/build/icyphy/ptII/ptolemy/domains/continuous/test/auto/ContinuousInsideDE.xml (RunModel)" time="0.096" />
  <testcase classname="ptolemy.util.test.junit.AutoTests" name="[38] /home/travis/build/icyphy/ptII/ptolemy/domains/continuous/test/auto/ContinuousMerge1.xml (RunModel)" time="0.012" />
  <testcase classname="ptolemy.util.test.junit.AutoTests" name="[39] /home/travis/build/icyphy/ptII/ptolemy/domains/continuous/test/auto/ContinuousMerge2.xml (RunModel)" time="0.047" />
  <testcase classname="ptolemy.util.test.junit.AutoTests" name="[40] /home/travis/build/icyphy/ptII/ptolemy/domains/continuous/test/auto/ContinuousMerge3.xml (RunModel)" time="0.08" />
  <testcase classname="ptolemy.util.test.junit.AutoTests" name="[41] /home/travis/build/icyphy/ptII/ptolemy/domains/continuous/test/auto/ContinuousWithinContinuous.xml (RunModel)" time="0.069" />
  <testcase classname="ptolemy.util.test.junit.AutoTests" name="[42] /home/travis/build/icyphy/ptII/ptolemy/domains/continuous/test/auto/ContinuousWithinContinuous2.xml (RunModel)" time="0.091" />
  <testcase classname="ptolemy.util.test.junit.AutoTests" name="[43] /home/travis/build/icyphy/ptII/ptolemy/domains/continuous/test/auto/ContinuousWithinContinuous3.xml (RunModel)" time="0.034" />
  <testcase classname="ptolemy.util.test.junit.AutoTests" name="[44] /home/travis/build/icyphy/ptII/ptolemy/domains/continuous/test/auto/ContinuousWithinContinuous4.xml (RunModel)" time="0.099" />
  <testcase classname="ptolemy.util.test.junit.AutoTests" name="[45] /home/travis/build/icyphy/ptII/ptolemy/domains/continuous/test/auto/ContinuousWithinContinuous5.xml (RunModel)" time="0.035" />
  <testcase classname="ptolemy.util.test.junit.AutoTests" name="[46] /home/travis/build/icyphy/ptII/ptolemy/domains/continuous/test/auto/ContinuousWithinContinuous6.xml (RunModel)" time="0.032" />
  <testcase classname="ptolemy.util.test.junit.AutoTests" name="[47] /home/travis/build/icyphy/ptII/ptolemy/domains/continuous/test/auto/ContinuousWithinContinuous7.xml (RunModel)" time="0.079" />
  <testcase classname="ptolemy.util.test.junit.AutoTests" name="[48] /home/travis/build/icyphy/ptII/ptolemy/domains/continuous/test/auto/DCMotor.xml (RunModel)" time="11.973" />
  <testcase classname="ptolemy.util.test.junit.AutoTests" name="[49] /home/travis/build/icyphy/ptII/ptolemy/domains/continuous/test/auto/DEInContinuous.xml (RunModel)" time="0.033" />
  <testcase classname="ptolemy.util.test.junit.AutoTests" name="[50] /home/travis/build/icyphy/ptII/ptolemy/domains/continuous/test/auto/DEinContinuous2.xml (RunModel)" time="0.03" />
  <testcase classname="ptolemy.util.test.junit.AutoTests" name="[51] /home/travis/build/icyphy/ptII/ptolemy/domains/continuous/test/auto/Derivative.xml (RunModel)" time="0.197" />
  <testcase classname="ptolemy.util.test.junit.AutoTests" name="[52] /home/travis/build/icyphy/ptII/ptolemy/domains/continuous/test/auto/Derivative1.xml (RunModel)" time="0.046" />
  <testcase classname="ptolemy.util.test.junit.AutoTests" name="[53] /home/travis/build/icyphy/ptII/ptolemy/domains/continuous/test/auto/DiscreteClock.xml (RunModel)" time="0.02" />
  <testcase classname="ptolemy.util.test.junit.AutoTests" name="[54] /home/travis/build/icyphy/ptII/ptolemy/domains/continuous/test/auto/EfficiencyCurve.xml (RunModel)" time="0.078" />
  <testcase classname="ptolemy.util.test.junit.AutoTests" name="[55] /home/travis/build/icyphy/ptII/ptolemy/domains/continuous/test/auto/ExponentialResponse.xml (RunModel)" time="0.111" />
  <testcase classname="ptolemy.util.test.junit.AutoTests" name="[56] /home/travis/build/icyphy/ptII/ptolemy/domains/continuous/test/auto/ExponentialResponseRK45.xml (RunModel)" time="0.034" />
  <testcase classname="ptolemy.util.test.junit.AutoTests" name="[57] /home/travis/build/icyphy/ptII/ptolemy/domains/continuous/test/auto/Friction.xml (RunModel)" time="1.351" />
  <testcase classname="ptolemy.util.test.junit.AutoTests" name="[58] /home/travis/build/icyphy/ptII/ptolemy/domains/continuous/test/auto/FurutaPendulum.xml (RunModel)" time="3.412" />
  <testcase classname="ptolemy.util.test.junit.AutoTests" name="[59] /home/travis/build/icyphy/ptII/ptolemy/domains/continuous/test/auto/HierarchicalExecution.xml (RunModel)" time="1.957" />
  <testcase classname="ptolemy.util.test.junit.AutoTests" name="[60] /home/travis/build/icyphy/ptII/ptolemy/domains/continuous/test/auto/HybridPlant.xml (RunModel)" time="0.508" />
  <testcase classname="ptolemy.util.test.junit.AutoTests" name="[61] /home/travis/build/icyphy/ptII/ptolemy/domains/continuous/test/auto/Hysteresis.xml (RunModel)" time="0.183" />
  <testcase classname="ptolemy.util.test.junit.AutoTests" name="[62] /home/travis/build/icyphy/ptII/ptolemy/domains/continuous/test/auto/HysteresisWithRandomDelay.xml (RunModel)" time="0.211" />
  <testcase classname="ptolemy.util.test.junit.AutoTests" name="[63] /home/travis/build/icyphy/ptII/ptolemy/domains/continuous/test/auto/HysteresisWithRandomLosses.xml (RunModel)" time="2.184" />
  <testcase classname="ptolemy.util.test.junit.AutoTests" name="[64] /home/travis/build/icyphy/ptII/ptolemy/domains/continuous/test/auto/ImmediateTransitions.xml (RunModel)" time="0.058" />
  <testcase classname="ptolemy.util.test.junit.AutoTests" name="[65] /home/travis/build/icyphy/ptII/ptolemy/domains/continuous/test/auto/ImpulseFeedback.xml (RunModel)" time="0.026" />
  <testcase classname="ptolemy.util.test.junit.AutoTests" name="[66] /home/travis/build/icyphy/ptII/ptolemy/domains/continuous/test/auto/ImpulseFeedback2.xml (RunModel)" time="0.018" />
  <testcase classname="ptolemy.util.test.junit.AutoTests" name="[67] /home/travis/build/icyphy/ptII/ptolemy/domains/continuous/test/auto/IncreasingRatePoisson.xml (RunModel)" time="0.711" />
  <testcase classname="ptolemy.util.test.junit.AutoTests" name="[68] /home/travis/build/icyphy/ptII/ptolemy/domains/continuous/test/auto/InitialStateFeedback.xml (RunModel)" time="0.017" />
  <testcase classname="ptolemy.util.test.junit.AutoTests" name="[69] /home/travis/build/icyphy/ptII/ptolemy/domains/continuous/test/auto/Integration.xml (RunModel)" time="0.012" />
  <testcase classname="ptolemy.util.test.junit.AutoTests" name="[70] /home/travis/build/icyphy/ptII/ptolemy/domains/continuous/test/auto/Integration2.xml (RunModel)" time="0.097" />
  <testcase classname="ptolemy.util.test.junit.AutoTests" name="[71] /home/travis/build/icyphy/ptII/ptolemy/domains/continuous/test/auto/Integration3.xml (RunModel)" time="0.012" />
  <testcase classname="ptolemy.util.test.junit.AutoTests" name="[72] /home/travis/build/icyphy/ptII/ptolemy/domains/continuous/test/auto/Integration5.xml (RunModel)" time="0.01" />
  <testcase classname="ptolemy.util.test.junit.AutoTests" name="[73] /home/travis/build/icyphy/ptII/ptolemy/domains/continuous/test/auto/IntegratorImpulse.xml (RunModel)" time="0.011" />
  <testcase classname="ptolemy.util.test.junit.AutoTests" name="[74] /home/travis/build/icyphy/ptII/ptolemy/domains/continuous/test/auto/IntegratorImpulse2.xml (RunModel)" time="0.011" />
  <testcase classname="ptolemy.util.test.junit.AutoTests" name="[75] /home/travis/build/icyphy/ptII/ptolemy/domains/continuous/test/auto/LevelCrossing1.xml (RunModel)" time="0.012" />
  <testcase classname="ptolemy.util.test.junit.AutoTests" name="[76] /home/travis/build/icyphy/ptII/ptolemy/domains/continuous/test/auto/LevelCrossing2.xml (RunModel)" time="0.012" />
  <testcase classname="ptolemy.util.test.junit.AutoTests" name="[77] /home/travis/build/icyphy/ptII/ptolemy/domains/continuous/test/auto/LevelCrossing3.xml (RunModel)" time="0.012" />
  <testcase classname="ptolemy.util.test.junit.AutoTests" name="[78] /home/travis/build/icyphy/ptII/ptolemy/domains/continuous/test/auto/LevelCrossing4.xml (RunModel)" time="0.014" />
  <testcase classname="ptolemy.util.test.junit.AutoTests" name="[79] /home/travis/build/icyphy/ptII/ptolemy/domains/continuous/test/auto/LevelCrossing5.xml (RunModel)" time="0.013" />
  <testcase classname="ptolemy.util.test.junit.AutoTests" name="[80] /home/travis/build/icyphy/ptII/ptolemy/domains/continuous/test/auto/LevelCrossing6.xml (RunModel)" time="0.014" />
  <testcase classname="ptolemy.util.test.junit.AutoTests" name="[81] /home/travis/build/icyphy/ptII/ptolemy/domains/continuous/test/auto/LevelCrossingDetector.xml (RunModel)" time="0.049" />
  <testcase classname="ptolemy.util.test.junit.AutoTests" name="[82] /home/travis/build/icyphy/ptII/ptolemy/domains/continuous/test/auto/LevelCrossingDetectorDetectingDirections.xml (RunModel)" time="0.083" />
  <testcase classname="ptolemy.util.test.junit.AutoTests" name="[83] /home/travis/build/icyphy/ptII/ptolemy/domains/continuous/test/auto/LevelCrossingDetectorDetectsGlitches.xml (RunModel)" time="0.058" />
  <testcase classname="ptolemy.util.test.junit.AutoTests" name="[84] /home/travis/build/icyphy/ptII/ptolemy/domains/continuous/test/auto/LevelCrossingNoInitialOuput.xml (RunModel)" time="0.014" />
  <testcase classname="ptolemy.util.test.junit.AutoTests" name="[85] /home/travis/build/icyphy/ptII/ptolemy/domains/continuous/test/auto/LinearStateSpaceExample.xml (RunModel)" time="0.048" />
  <testcase classname="ptolemy.util.test.junit.AutoTests" name="[86] /home/travis/build/icyphy/ptII/ptolemy/domains/continuous/test/auto/Lorenz.xml (RunModel)" time="4.069" />
  <testcase classname="ptolemy.util.test.junit.AutoTests" name="[87] /home/travis/build/icyphy/ptII/ptolemy/domains/continuous/test/auto/LorenzDifferentialSystem.xml (RunModel)" time="1.214" />
  <testcase classname="ptolemy.util.test.junit.AutoTests" name="[88] /home/travis/build/icyphy/ptII/ptolemy/domains/continuous/test/auto/LorenzDifferentialSystemWithInput.xml (RunModel)" time="1.469" />
  <testcase classname="ptolemy.util.test.junit.AutoTests" name="[89] /home/travis/build/icyphy/ptII/ptolemy/domains/continuous/test/auto/LorenzDifferentialSystemWithTime.xml (RunModel)" time="0.749" />
  <testcase classname="ptolemy.util.test.junit.AutoTests" name="[90] /home/travis/build/icyphy/ptII/ptolemy/domains/continuous/test/auto/Microsteps.xml (RunModel)" time="0.018" />
  <testcase classname="ptolemy.util.test.junit.AutoTests" name="[91] /home/travis/build/icyphy/ptII/ptolemy/domains/continuous/test/auto/Modal1.xml (RunModel)" time="0.039" />
  <testcase classname="ptolemy.util.test.junit.AutoTests" name="[92] /home/travis/build/icyphy/ptII/ptolemy/domains/continuous/test/auto/Modal2.xml (RunModel)" time="0.037" />
  <testcase classname="ptolemy.util.test.junit.AutoTests" name="[93] /home/travis/build/icyphy/ptII/ptolemy/domains/continuous/test/auto/ModalTransitionGuardWithReset.xml (RunModel)" time="0.048" />
  <testcase classname="ptolemy.util.test.junit.AutoTests" name="[94] /home/travis/build/icyphy/ptII/ptolemy/domains/continuous/test/auto/ModalTransitionGuardWithResetUsingPreemptiveTransition.xml (RunModel)" time="0.022" />
  <testcase classname="ptolemy.util.test.junit.AutoTests" name="[95] /home/travis/build/icyphy/ptII/ptolemy/domains/continuous/test/auto/ModalTransitionGuardWithResetUsingPreemptiveTransition2.xml (RunModel)" time="0.022" />
  <testcase classname="ptolemy.util.test.junit.AutoTests" name="[96] /home/travis/build/icyphy/ptII/ptolemy/domains/continuous/test/auto/ModalTransitionGuardWithResetUsingPreemptiveTransition3.xml (RunModel)" time="0.024" />
  <testcase classname="ptolemy.util.test.junit.AutoTests" name="[97] /home/travis/build/icyphy/ptII/ptolemy/domains/continuous/test/auto/NewtonsCradle.xml (RunModel)" time="0.711" />
  <testcase classname="ptolemy.util.test.junit.AutoTests" name="[98] /home/travis/build/icyphy/ptII/ptolemy/domains/continuous/test/auto/NewtonsCradleAnimated.xml (RunModel)" time="1.253" />
  <testcase classname="ptolemy.util.test.junit.AutoTests" name="[99] /home/travis/build/icyphy/ptII/ptolemy/domains/continuous/test/auto/NewtonsCradleComplicated.xml (RunModel)" time="0.906" />
  <testcase classname="ptolemy.util.test.junit.AutoTests" name="[100] /home/travis/build/icyphy/ptII/ptolemy/domains/continuous/test/auto/NewtonsCradleNondeterministic.xml (RunModel)" time="0.722" />
  <testcase classname="ptolemy.util.test.junit.AutoTests" name="[101] /home/travis/build/icyphy/ptII/ptolemy/domains/continuous/test/auto/NewtonsCradlePerfectlyInelastic1.xml (RunModel)" time="1.238" />
  <testcase classname="ptolemy.util.test.junit.AutoTests" name="[102] /home/travis/build/icyphy/ptII/ptolemy/domains/continuous/test/auto/Noise.xml (RunModel)" time="0.153" />
  <testcase classname="ptolemy.util.test.junit.AutoTests" name="[103] /home/travis/build/icyphy/ptII/ptolemy/domains/continuous/test/auto/NoiseSpectrum.xml (RunModel)" time="0.81" />
  <testcase classname="ptolemy.util.test.junit.AutoTests" name="[104] /home/travis/build/icyphy/ptII/ptolemy/domains/continuous/test/auto/ParameterizedNewtonsCradleAnimated.xml (RunModel)" time="0.361" />
  <testcase classname="ptolemy.util.test.junit.AutoTests" name="[105] /home/travis/build/icyphy/ptII/ptolemy/domains/continuous/test/auto/ParameterizedNewtonsCradleAnimatedNondeterministic.xml (RunModel)" time="1.275" />
  <testcase classname="ptolemy.util.test.junit.AutoTests" name="[106] /home/travis/build/icyphy/ptII/ptolemy/domains/continuous/test/auto/Pendulum3D.xml (RunModel)" time="0.173" />
  <testcase classname="ptolemy.util.test.junit.AutoTests" name="[107] /home/travis/build/icyphy/ptII/ptolemy/domains/continuous/test/auto/PeriodicSampler.xml (RunModel)" time="0.01" />
  <testcase classname="ptolemy.util.test.junit.AutoTests" name="[108] /home/travis/build/icyphy/ptII/ptolemy/domains/continuous/test/auto/PeriodicSampler1.xml (RunModel)" time="0.037" />
  <testcase classname="ptolemy.util.test.junit.AutoTests" name="[109] /home/travis/build/icyphy/ptII/ptolemy/domains/continuous/test/auto/PeriodicSampler2.xml (RunModel)" time="0.094" />
  <testcase classname="ptolemy.util.test.junit.AutoTests" name="[110] /home/travis/build/icyphy/ptII/ptolemy/domains/continuous/test/auto/Poisson.xml (RunModel)" time="0.435" />
  <testcase classname="ptolemy.util.test.junit.AutoTests" name="[111] /home/travis/build/icyphy/ptII/ptolemy/domains/continuous/test/auto/PoissonClock.xml (RunModel)" time="0.011" />
  <testcase classname="ptolemy.util.test.junit.AutoTests" name="[112] /home/travis/build/icyphy/ptII/ptolemy/domains/continuous/test/auto/PoissonClock2.xml (RunModel)" time="0.011" />
  <testcase classname="ptolemy.util.test.junit.AutoTests" name="[113] /home/travis/build/icyphy/ptII/ptolemy/domains/continuous/test/auto/PortParameterHierarchy.xml (RunModel)" time="0.015" />
  <testcase classname="ptolemy.util.test.junit.AutoTests" name="[114] /home/travis/build/icyphy/ptII/ptolemy/domains/continuous/test/auto/RandomHybridPlant.xml (RunModel)" time="0.493" />
  <testcase classname="ptolemy.util.test.junit.AutoTests" name="[115] /home/travis/build/icyphy/ptII/ptolemy/domains/continuous/test/auto/ResetTransitionWithStartTime1.xml (RunModel)" time="0.04" />
  <testcase classname="ptolemy.util.test.junit.AutoTests" name="[116] /home/travis/build/icyphy/ptII/ptolemy/domains/continuous/test/auto/ResetTransitionWithStartTime2.xml (RunModel)" time="0.034" />
  <testcase classname="ptolemy.util.test.junit.AutoTests" name="[117] /home/travis/build/icyphy/ptII/ptolemy/domains/continuous/test/auto/ResetTransitionWithStartTime3.xml (RunModel)" time="0.036" />
  <testcase classname="ptolemy.util.test.junit.AutoTests" name="[118] /home/travis/build/icyphy/ptII/ptolemy/domains/continuous/test/auto/ResetTransitionWithStartTime4.xml (RunModel)" time="0.023" />
  <testcase classname="ptolemy.util.test.junit.AutoTests" name="[119] /home/travis/build/icyphy/ptII/ptolemy/domains/continuous/test/auto/ResetTransitionWithStartTime5.xml (RunModel)" time="0.035" />
  <testcase classname="ptolemy.util.test.junit.AutoTests" name="[120] /home/travis/build/icyphy/ptII/ptolemy/domains/continuous/test/auto/ResetTransitionWithStartTime6.xml (RunModel)" time="0.026" />
  <testcase classname="ptolemy.util.test.junit.AutoTests" name="[121] /home/travis/build/icyphy/ptII/ptolemy/domains/continuous/test/auto/SRinContinuous.xml (RunModel)" time="0.03" />
  <testcase classname="ptolemy.util.test.junit.AutoTests" name="[122] /home/travis/build/icyphy/ptII/ptolemy/domains/continuous/test/auto/SampledClocks.xml (RunModel)" time="0.038" />
  <testcase classname="ptolemy.util.test.junit.AutoTests" name="[123] /home/travis/build/icyphy/ptII/ptolemy/domains/continuous/test/auto/Satellite.xml (RunModel)" time="0.821" />
  <testcase classname="ptolemy.util.test.junit.AutoTests" name="[124] /home/travis/build/icyphy/ptII/ptolemy/domains/continuous/test/auto/SigmaDelta.xml (RunModel)" time="2.438" />
  <testcase classname="ptolemy.util.test.junit.AutoTests" name="[125] /home/travis/build/icyphy/ptII/ptolemy/domains/continuous/test/auto/SingleRefinement.xml (RunModel)" time="0.395" />
  <testcase classname="ptolemy.util.test.junit.AutoTests" name="[126] /home/travis/build/icyphy/ptII/ptolemy/domains/continuous/test/auto/SinuBouncingBall.xml (RunModel)" time="0.829" />
  <testcase classname="ptolemy.util.test.junit.AutoTests" name="[127] /home/travis/build/icyphy/ptII/ptolemy/domains/continuous/test/auto/Sinusoid.xml (RunModel)" time="0.018" />
  <testcase classname="ptolemy.util.test.junit.AutoTests" name="[128] /home/travis/build/icyphy/ptII/ptolemy/domains/continuous/test/auto/SinusoidInNoise.xml (RunModel)" time="0.882" />
  <testcase classname="ptolemy.util.test.junit.AutoTests" name="[129] /home/travis/build/icyphy/ptII/ptolemy/domains/continuous/test/auto/SinusoidRK45.xml (RunModel)" time="0.011" />
  <testcase classname="ptolemy.util.test.junit.AutoTests" name="[130] /home/travis/build/icyphy/ptII/ptolemy/domains/continuous/test/auto/SinusoidWithMultipleImpulses.xml (RunModel)" time="0.012" />
  <testcase classname="ptolemy.util.test.junit.AutoTests" name="[131] /home/travis/build/icyphy/ptII/ptolemy/domains/continuous/test/auto/SquareWave.xml (RunModel)" time="0.179" />
  <testcase classname="ptolemy.util.test.junit.AutoTests" name="[132] /home/travis/build/icyphy/ptII/ptolemy/domains/continuous/test/auto/Starmac.xml (RunModel)" time="3.36" />
  <testcase classname="ptolemy.util.test.junit.AutoTests" name="[133] /home/travis/build/icyphy/ptII/ptolemy/domains/continuous/test/auto/StaticUnits.xml (RunModel)" time="2.474" />
  <testcase classname="ptolemy.util.test.junit.AutoTests" name="[134] /home/travis/build/icyphy/ptII/ptolemy/domains/continuous/test/auto/StickyMasses.xml (RunModel)" time="0.173" />
  <testcase classname="ptolemy.util.test.junit.AutoTests" name="[135] /home/travis/build/icyphy/ptII/ptolemy/domains/continuous/test/auto/StopTime.xml (RunModel)" time="0.058" />
  <testcase classname="ptolemy.util.test.junit.AutoTests" name="[136] /home/travis/build/icyphy/ptII/ptolemy/domains/continuous/test/auto/StopTime2.xml (RunModel)" time="0.067" />
  <testcase classname="ptolemy.util.test.junit.AutoTests" name="[137] /home/travis/build/icyphy/ptII/ptolemy/domains/continuous/test/auto/Switch.xml (RunModel)" time="0.059" />
  <testcase classname="ptolemy.util.test.junit.AutoTests" name="[138] /home/travis/build/icyphy/ptII/ptolemy/domains/continuous/test/auto/Thermostat.xml (RunModel)" time="0.184" />
  <testcase classname="ptolemy.util.test.junit.AutoTests" name="[139] /home/travis/build/icyphy/ptII/ptolemy/domains/continuous/test/auto/TimeDelay.xml (RunModel)" time="0.013" />
  <testcase classname="ptolemy.util.test.junit.AutoTests" name="[140] /home/travis/build/icyphy/ptII/ptolemy/domains/continuous/test/auto/TimeDelay2.xml (RunModel)" time="0.016" />
  <testcase classname="ptolemy.util.test.junit.AutoTests" name="[141] /home/travis/build/icyphy/ptII/ptolemy/domains/continuous/test/auto/TimeDelay3.xml (RunModel)" time="0.013" />
  <testcase classname="ptolemy.util.test.junit.AutoTests" name="[142] /home/travis/build/icyphy/ptII/ptolemy/domains/continuous/test/auto/TransferAbsentToInside.xml (RunModel)" time="0.097" />
  <testcase classname="ptolemy.util.test.junit.AutoTests" name="[143] /home/travis/build/icyphy/ptII/ptolemy/domains/continuous/test/auto/Transmission.xml (RunModel)" time="0.82" />
  <testcase classname="ptolemy.util.test.junit.AutoTests" name="[144] /home/travis/build/icyphy/ptII/ptolemy/domains/continuous/test/auto/TriggeredContinuousClock.xml (RunModel)" time="0.063" />
  <testcase classname="ptolemy.util.test.junit.AutoTests" name="[145] /home/travis/build/icyphy/ptII/ptolemy/domains/continuous/test/auto/TwoMachineInfiniteBusControl.xml (RunModel)" time="2.952" />
  <testcase classname="ptolemy.util.test.junit.AutoTests" name="[146] /home/travis/build/icyphy/ptII/ptolemy/domains/continuous/test/auto/V2V.xml (RunModel)" time="0.816" />
  <testcase classname="ptolemy.util.test.junit.AutoTests" name="[147] /home/travis/build/icyphy/ptII/ptolemy/domains/continuous/test/auto/hierarchicalModalModel.xml (RunModel)" time="0.034" />
  <testcase classname="ptolemy.util.test.junit.AutoTests" name="[148] /home/travis/build/icyphy/ptII/ptolemy/domains/continuous/test/auto/hierarchicalModalModel1.xml (RunModel)" time="0.03" />
  <testcase classname="ptolemy.util.test.junit.AutoTests" name="[149] /home/travis/build/icyphy/ptII/ptolemy/domains/continuous/test/auto/hierarchicalModalModel2.xml (RunModel)" time="0.027" />
  <testcase classname="ptolemy.util.test.junit.AutoTests" name="[150] /home/travis/build/icyphy/ptII/ptolemy/domains/continuous/test/auto/hierarchicalModalModel3.xml (RunModel)" time="0.023" />
  <testcase classname="ptolemy.util.test.junit.AutoTests" name="[151] /home/travis/build/icyphy/ptII/ptolemy/domains/continuous/test/auto/hierarchicalModalModel4.xml (RunModel)" time="0.027" />
  <testcase classname="ptolemy.util.test.junit.AutoTests" name="[152] /home/travis/build/icyphy/ptII/ptolemy/domains/continuous/test/auto/junk.xml (RunModel)" time="0.15" />
  <system-out><![CDATA[No tcl tests in /home/travis/build/icyphy/ptII/ptolemy/domains/continuous/test
No auto/knownFailedTests/*.xml tests in /home/travis/build/icyphy/ptII/ptolemy/domains/continuous/test
No auto/linux-amd64/*.xml tests in /home/travis/build/icyphy/ptII/ptolemy/domains/continuous/test
AutoTests.java: About to close Vertx.
AutoTests.java: Vertx closed.

===========================================================================================
----------------- testing Thu Nov 29 02:53:06 UTC 2018 /home/travis/build/icyphy/ptII/ptolemy/domains/continuous/test/auto/BouncingBall.xml
----------------- Instantiating /home/travis/build/icyphy/ptII/ptolemy/domains/continuous/test/auto/BouncingBall.xml
2314 ms. Memory: 331776K Free: 259389K (78%)
----------------- Invoking toplevel() on ptolemy.moml.MoMLSimpleApplication@126b6462
----------------- Done invoking toplevel() on ptolemy.moml.MoMLSimpleApplication@126b6462
reloadAllAccessors: .BouncingBall

===========================================================================================
----------------- testing Thu Nov 29 02:53:09 UTC 2018 /home/travis/build/icyphy/ptII/ptolemy/domains/continuous/test/auto/BouncingBallWithoutGR.xml
----------------- Instantiating /home/travis/build/icyphy/ptII/ptolemy/domains/continuous/test/auto/BouncingBallWithoutGR.xml
743 ms. Memory: 331776K Free: 315461K (95%)
----------------- Invoking toplevel() on ptolemy.moml.MoMLSimpleApplication@2abd6446
----------------- Done invoking toplevel() on ptolemy.moml.MoMLSimpleApplication@2abd6446
reloadAllAccessors: .BouncingBallWithoutGR

===========================================================================================
----------------- testing Thu Nov 29 02:53:10 UTC 2018 /home/travis/build/icyphy/ptII/ptolemy/domains/continuous/test/auto/Brownian.xml
----------------- Instantiating /home/travis/build/icyphy/ptII/ptolemy/domains/continuous/test/auto/Brownian.xml
42 ms. Memory: 331776K Free: 301564K (91%)
----------------- Invoking toplevel() on ptolemy.moml.MoMLSimpleApplication@5229bda8
----------------- Done invoking toplevel() on ptolemy.moml.MoMLSimpleApplication@5229bda8
reloadAllAccessors: .Brownian

===========================================================================================
----------------- testing Thu Nov 29 02:53:10 UTC 2018 /home/travis/build/icyphy/ptII/ptolemy/domains/continuous/test/auto/CarTracking.xml
----------------- Instantiating /home/travis/build/icyphy/ptII/ptolemy/domains/continuous/test/auto/CarTracking.xml
3532 ms. Memory: 578048K Free: 440914K (76%)
----------------- Invoking toplevel() on ptolemy.moml.MoMLSimpleApplication@496f8d37
----------------- Done invoking toplevel() on ptolemy.moml.MoMLSimpleApplication@496f8d37
reloadAllAccessors: .CarTracking

===========================================================================================
----------------- testing Thu Nov 29 02:53:14 UTC 2018 /home/travis/build/icyphy/ptII/ptolemy/domains/continuous/test/auto/CartPendulum.xml
----------------- Instantiating /home/travis/build/icyphy/ptII/ptolemy/domains/continuous/test/auto/CartPendulum.xml
406 ms. Memory: 578048K Free: 336470K (58%)
----------------- Invoking toplevel() on ptolemy.moml.MoMLSimpleApplication@7119fd44
----------------- Done invoking toplevel() on ptolemy.moml.MoMLSimpleApplication@7119fd44
reloadAllAccessors: .CartPendulum

===========================================================================================
----------------- testing Thu Nov 29 02:53:15 UTC 2018 /home/travis/build/icyphy/ptII/ptolemy/domains/continuous/test/auto/CausalityInterface10.xml
----------------- Instantiating /home/travis/build/icyphy/ptII/ptolemy/domains/continuous/test/auto/CausalityInterface10.xml
10 ms. Memory: 578048K Free: 320070K (55%)
----------------- Invoking toplevel() on ptolemy.moml.MoMLSimpleApplication@24e7976a
----------------- Done invoking toplevel() on ptolemy.moml.MoMLSimpleApplication@24e7976a
reloadAllAccessors: .CausalityInterface10

===========================================================================================
----------------- testing Thu Nov 29 02:53:15 UTC 2018 /home/travis/build/icyphy/ptII/ptolemy/domains/continuous/test/auto/CausalityInterface11.xml
----------------- Instantiating /home/travis/build/icyphy/ptII/ptolemy/domains/continuous/test/auto/CausalityInterface11.xml
11 ms. Memory: 578048K Free: 310234K (54%)
----------------- Invoking toplevel() on ptolemy.moml.MoMLSimpleApplication@5c339a20
----------------- Done invoking toplevel() on ptolemy.moml.MoMLSimpleApplication@5c339a20
reloadAllAccessors: .CausalityInterface11

===========================================================================================
----------------- testing Thu Nov 29 02:53:15 UTC 2018 /home/travis/build/icyphy/ptII/ptolemy/domains/continuous/test/auto/CausalityInterface12.xml
----------------- Instantiating /home/travis/build/icyphy/ptII/ptolemy/domains/continuous/test/auto/CausalityInterface12.xml
11 ms. Memory: 578048K Free: 295488K (51%)
----------------- Invoking toplevel() on ptolemy.moml.MoMLSimpleApplication@dfa6ce0
----------------- Done invoking toplevel() on ptolemy.moml.MoMLSimpleApplication@dfa6ce0
reloadAllAccessors: .CausalityInterface12

===========================================================================================
----------------- testing Thu Nov 29 02:53:15 UTC 2018 /home/travis/build/icyphy/ptII/ptolemy/domains/continuous/test/auto/CausalityInterface13.xml
----------------- Instantiating /home/travis/build/icyphy/ptII/ptolemy/domains/continuous/test/auto/CausalityInterface13.xml
7 ms. Memory: 578048K Free: 282492K (49%)
----------------- Invoking toplevel() on ptolemy.moml.MoMLSimpleApplication@2dddbc2a
----------------- Done invoking toplevel() on ptolemy.moml.MoMLSimpleApplication@2dddbc2a
reloadAllAccessors: .CausalityInterface13

===========================================================================================
----------------- testing Thu Nov 29 02:53:15 UTC 2018 /home/travis/build/icyphy/ptII/ptolemy/domains/continuous/test/auto/CausalityInterface14.xml
----------------- Instantiating /home/travis/build/icyphy/ptII/ptolemy/domains/continuous/test/auto/CausalityInterface14.xml
4 ms. Memory: 578048K Free: 272656K (47%)
----------------- Invoking toplevel() on ptolemy.moml.MoMLSimpleApplication@7abcf2c3
----------------- Done invoking toplevel() on ptolemy.moml.MoMLSimpleApplication@7abcf2c3
reloadAllAccessors: .CausalityInterface14

===========================================================================================
----------------- testing Thu Nov 29 02:53:15 UTC 2018 /home/travis/build/icyphy/ptII/ptolemy/domains/continuous/test/auto/CausalityInterface4.xml
----------------- Instantiating /home/travis/build/icyphy/ptII/ptolemy/domains/continuous/test/auto/CausalityInterface4.xml
5 ms. Memory: 578048K Free: 262820K (45%)
----------------- Invoking toplevel() on ptolemy.moml.MoMLSimpleApplication@6c1226c3
----------------- Done invoking toplevel() on ptolemy.moml.MoMLSimpleApplication@6c1226c3
reloadAllAccessors: .CausalityInterface4

===========================================================================================
----------------- testing Thu Nov 29 02:53:15 UTC 2018 /home/travis/build/icyphy/ptII/ptolemy/domains/continuous/test/auto/CausalityInterface5.xml
----------------- Instantiating /home/travis/build/icyphy/ptII/ptolemy/domains/continuous/test/auto/CausalityInterface5.xml
5 ms. Memory: 578048K Free: 249718K (43%)
----------------- Invoking toplevel() on ptolemy.moml.MoMLSimpleApplication@315ea862
----------------- Done invoking toplevel() on ptolemy.moml.MoMLSimpleApplication@315ea862
reloadAllAccessors: .CausalityInterface5

===========================================================================================
----------------- testing Thu Nov 29 02:53:15 UTC 2018 /home/travis/build/icyphy/ptII/ptolemy/domains/continuous/test/auto/CausalityInterface6.xml
----------------- Instantiating /home/travis/build/icyphy/ptII/ptolemy/domains/continuous/test/auto/CausalityInterface6.xml
7 ms. Memory: 578048K Free: 236723K (41%)
----------------- Invoking toplevel() on ptolemy.moml.MoMLSimpleApplication@1745fb0
----------------- Done invoking toplevel() on ptolemy.moml.MoMLSimpleApplication@1745fb0
reloadAllAccessors: .CausalityInterface6

===========================================================================================
----------------- testing Thu Nov 29 02:53:15 UTC 2018 /home/travis/build/icyphy/ptII/ptolemy/domains/continuous/test/auto/CausalityInterface7.xml
----------------- Instantiating /home/travis/build/icyphy/ptII/ptolemy/domains/continuous/test/auto/CausalityInterface7.xml
12 ms. Memory: 578048K Free: 223628K (39%)
----------------- Invoking toplevel() on ptolemy.moml.MoMLSimpleApplication@6bf3fa04
----------------- Done invoking toplevel() on ptolemy.moml.MoMLSimpleApplication@6bf3fa04
reloadAllAccessors: .CausalityInterface7

===========================================================================================
----------------- testing Thu Nov 29 02:53:15 UTC 2018 /home/travis/build/icyphy/ptII/ptolemy/domains/continuous/test/auto/CausalityInterface8.xml
----------------- Instantiating /home/travis/build/icyphy/ptII/ptolemy/domains/continuous/test/auto/CausalityInterface8.xml
7 ms. Memory: 578048K Free: 210519K (36%)
----------------- Invoking toplevel() on ptolemy.moml.MoMLSimpleApplication@edb8f9d
----------------- Done invoking toplevel() on ptolemy.moml.MoMLSimpleApplication@edb8f9d
reloadAllAccessors: .CausalityInterface8

===========================================================================================
----------------- testing Thu Nov 29 02:53:15 UTC 2018 /home/travis/build/icyphy/ptII/ptolemy/domains/continuous/test/auto/CausalityInterface9.xml
----------------- Instantiating /home/travis/build/icyphy/ptII/ptolemy/domains/continuous/test/auto/CausalityInterface9.xml
4 ms. Memory: 578048K Free: 194119K (34%)
----------------- Invoking toplevel() on ptolemy.moml.MoMLSimpleApplication@3bab9fee
----------------- Done invoking toplevel() on ptolemy.moml.MoMLSimpleApplication@3bab9fee
reloadAllAccessors: .CausalityInterface9

===========================================================================================
----------------- testing Thu Nov 29 02:53:15 UTC 2018 /home/travis/build/icyphy/ptII/ptolemy/domains/continuous/test/auto/CausalityInterfaceFeedback1.xml
----------------- Instantiating /home/travis/build/icyphy/ptII/ptolemy/domains/continuous/test/auto/CausalityInterfaceFeedback1.xml
8 ms. Memory: 578048K Free: 181124K (31%)
----------------- Invoking toplevel() on ptolemy.moml.MoMLSimpleApplication@cde9ee9
----------------- Done invoking toplevel() on ptolemy.moml.MoMLSimpleApplication@cde9ee9
reloadAllAccessors: .CausalityInterfaceFeedback1

===========================================================================================
----------------- testing Thu Nov 29 02:53:15 UTC 2018 /home/travis/build/icyphy/ptII/ptolemy/domains/continuous/test/auto/CausalityInterfaceFeedback2.xml
----------------- Instantiating /home/travis/build/icyphy/ptII/ptolemy/domains/continuous/test/auto/CausalityInterfaceFeedback2.xml
11 ms. Memory: 578048K Free: 171303K (30%)
----------------- Invoking toplevel() on ptolemy.moml.MoMLSimpleApplication@7af200bc
----------------- Done invoking toplevel() on ptolemy.moml.MoMLSimpleApplication@7af200bc
reloadAllAccessors: .CausalityInterfaceFeedback2

===========================================================================================
----------------- testing Thu Nov 29 02:53:15 UTC 2018 /home/travis/build/icyphy/ptII/ptolemy/domains/continuous/test/auto/CompareWithCurrentTime.xml
----------------- Instantiating /home/travis/build/icyphy/ptII/ptolemy/domains/continuous/test/auto/CompareWithCurrentTime.xml
3 ms. Memory: 578048K Free: 164757K (29%)
----------------- Invoking toplevel() on ptolemy.moml.MoMLSimpleApplication@589c0561
----------------- Done invoking toplevel() on ptolemy.moml.MoMLSimpleApplication@589c0561
reloadAllAccessors: .CompareWithCurrentTime

===========================================================================================
----------------- testing Thu Nov 29 02:53:15 UTC 2018 /home/travis/build/icyphy/ptII/ptolemy/domains/continuous/test/auto/ComparedClocks.xml
----------------- Instantiating /home/travis/build/icyphy/ptII/ptolemy/domains/continuous/test/auto/ComparedClocks.xml
7 ms. Memory: 578048K Free: 145092K (25%)
----------------- Invoking toplevel() on ptolemy.moml.MoMLSimpleApplication@77e7e40a
----------------- Done invoking toplevel() on ptolemy.moml.MoMLSimpleApplication@77e7e40a
reloadAllAccessors: .ComparedClocks

===========================================================================================
----------------- testing Thu Nov 29 02:53:15 UTC 2018 /home/travis/build/icyphy/ptII/ptolemy/domains/continuous/test/auto/ContinuousAOCClone.xml
----------------- Instantiating /home/travis/build/icyphy/ptII/ptolemy/domains/continuous/test/auto/ContinuousAOCClone.xml
2534 ms. Memory: 872448K Free: 404112K (46%)
----------------- Invoking toplevel() on ptolemy.moml.MoMLSimpleApplication@1fc056a6
----------------- Done invoking toplevel() on ptolemy.moml.MoMLSimpleApplication@1fc056a6
reloadAllAccessors: .ContinuousAOCClone

===========================================================================================
----------------- testing Thu Nov 29 02:53:18 UTC 2018 /home/travis/build/icyphy/ptII/ptolemy/domains/continuous/test/auto/ContinuousClock.xml
----------------- Instantiating /home/travis/build/icyphy/ptII/ptolemy/domains/continuous/test/auto/ContinuousClock.xml
30 ms. Memory: 872448K Free: 370928K (43%)
----------------- Invoking toplevel() on ptolemy.moml.MoMLSimpleApplication@5a630c0f
----------------- Done invoking toplevel() on ptolemy.moml.MoMLSimpleApplication@5a630c0f
reloadAllAccessors: .ContinuousClock

===========================================================================================
----------------- testing Thu Nov 29 02:53:18 UTC 2018 /home/travis/build/icyphy/ptII/ptolemy/domains/continuous/test/auto/ContinuousInContinuous.xml
----------------- Instantiating /home/travis/build/icyphy/ptII/ptolemy/domains/continuous/test/auto/ContinuousInContinuous.xml
38 ms. Memory: 872448K Free: 339479K (39%)
----------------- Invoking toplevel() on ptolemy.moml.MoMLSimpleApplication@50a964ea
----------------- Done invoking toplevel() on ptolemy.moml.MoMLSimpleApplication@50a964ea
reloadAllAccessors: .ContinuousInContinuous

===========================================================================================
----------------- testing Thu Nov 29 02:53:18 UTC 2018 /home/travis/build/icyphy/ptII/ptolemy/domains/continuous/test/auto/ContinuousInContinuousInContinuous.xml
----------------- Instantiating /home/travis/build/icyphy/ptII/ptolemy/domains/continuous/test/auto/ContinuousInContinuousInContinuous.xml
8 ms. Memory: 872448K Free: 323771K (37%)
----------------- Invoking toplevel() on ptolemy.moml.MoMLSimpleApplication@486e2397
----------------- Done invoking toplevel() on ptolemy.moml.MoMLSimpleApplication@486e2397
reloadAllAccessors: .ContinuousInContinuousInContinuous

===========================================================================================
----------------- testing Thu Nov 29 02:53:18 UTC 2018 /home/travis/build/icyphy/ptII/ptolemy/domains/continuous/test/auto/ContinuousInDE.xml
----------------- Instantiating /home/travis/build/icyphy/ptII/ptolemy/domains/continuous/test/auto/ContinuousInDE.xml
85 ms. Memory: 872448K Free: 308063K (35%)
----------------- Invoking toplevel() on ptolemy.moml.MoMLSimpleApplication@6cc4da72
----------------- Done invoking toplevel() on ptolemy.moml.MoMLSimpleApplication@6cc4da72
reloadAllAccessors: .ContinuousInDE

===========================================================================================
----------------- testing Thu Nov 29 02:53:18 UTC 2018 /home/travis/build/icyphy/ptII/ptolemy/domains/continuous/test/auto/ContinuousInDE2.xml
----------------- Instantiating /home/travis/build/icyphy/ptII/ptolemy/domains/continuous/test/auto/ContinuousInDE2.xml
37 ms. Memory: 872448K Free: 288928K (33%)
----------------- Invoking toplevel() on ptolemy.moml.MoMLSimpleApplication@6296043c
----------------- Done invoking toplevel() on ptolemy.moml.MoMLSimpleApplication@6296043c
reloadAllAccessors: .ContinuousInDE2

===========================================================================================
----------------- testing Thu Nov 29 02:53:18 UTC 2018 /home/travis/build/icyphy/ptII/ptolemy/domains/continuous/test/auto/ContinuousInDE3.xml
----------------- Instantiating /home/travis/build/icyphy/ptII/ptolemy/domains/continuous/test/auto/ContinuousInDE3.xml
39 ms. Memory: 872448K Free: 273220K (31%)
----------------- Invoking toplevel() on ptolemy.moml.MoMLSimpleApplication@44f27bf9
----------------- Done invoking toplevel() on ptolemy.moml.MoMLSimpleApplication@44f27bf9
reloadAllAccessors: .ContinuousInDE3

===========================================================================================
----------------- testing Thu Nov 29 02:53:19 UTC 2018 /home/travis/build/icyphy/ptII/ptolemy/domains/continuous/test/auto/ContinuousInDE4.xml
----------------- Instantiating /home/travis/build/icyphy/ptII/ptolemy/domains/continuous/test/auto/ContinuousInDE4.xml
20 ms. Memory: 872448K Free: 262748K (30%)
----------------- Invoking toplevel() on ptolemy.moml.MoMLSimpleApplication@7571ffb0
----------------- Done invoking toplevel() on ptolemy.moml.MoMLSimpleApplication@7571ffb0
reloadAllAccessors: .ContinuousInDE4

===========================================================================================
----------------- testing Thu Nov 29 02:53:19 UTC 2018 /home/travis/build/icyphy/ptII/ptolemy/domains/continuous/test/auto/ContinuousInDEDifferentRefinements.xml
----------------- Instantiating /home/travis/build/icyphy/ptII/ptolemy/domains/continuous/test/auto/ContinuousInDEDifferentRefinements.xml
58 ms. Memory: 872448K Free: 226047K (26%)
----------------- Invoking toplevel() on ptolemy.moml.MoMLSimpleApplication@58ec692b
----------------- Done invoking toplevel() on ptolemy.moml.MoMLSimpleApplication@58ec692b
reloadAllAccessors: .ContinuousInDEDifferentRefinements

===========================================================================================
----------------- testing Thu Nov 29 02:53:19 UTC 2018 /home/travis/build/icyphy/ptII/ptolemy/domains/continuous/test/auto/ContinuousInDEDifferentRefinementsPreemptive.xml
----------------- Instantiating /home/travis/build/icyphy/ptII/ptolemy/domains/continuous/test/auto/ContinuousInDEDifferentRefinementsPreemptive.xml
43 ms. Memory: 872448K Free: 185936K (21%)
----------------- Invoking toplevel() on ptolemy.moml.MoMLSimpleApplication@55bac68c
----------------- Done invoking toplevel() on ptolemy.moml.MoMLSimpleApplication@55bac68c
reloadAllAccessors: .ContinuousInDEDifferentRefinementsPreemptive

===========================================================================================
----------------- testing Thu Nov 29 02:53:19 UTC 2018 /home/travis/build/icyphy/ptII/ptolemy/domains/continuous/test/auto/ContinuousInDEInContinuous2.xml
----------------- Instantiating /home/travis/build/icyphy/ptII/ptolemy/domains/continuous/test/auto/ContinuousInDEInContinuous2.xml
35 ms. Memory: 872448K Free: 170212K (20%)
----------------- Invoking toplevel() on ptolemy.moml.MoMLSimpleApplication@22f817b3
----------------- Done invoking toplevel() on ptolemy.moml.MoMLSimpleApplication@22f817b3
reloadAllAccessors: .ContinuousInDEInContinuous2

===========================================================================================
----------------- testing Thu Nov 29 02:53:19 UTC 2018 /home/travis/build/icyphy/ptII/ptolemy/domains/continuous/test/auto/ContinuousInDEInContinuous3.xml
----------------- Instantiating /home/travis/build/icyphy/ptII/ptolemy/domains/continuous/test/auto/ContinuousInDEInContinuous3.xml
38 ms. Memory: 872448K Free: 149252K (17%)
----------------- Invoking toplevel() on ptolemy.moml.MoMLSimpleApplication@7504c45b
----------------- Done invoking toplevel() on ptolemy.moml.MoMLSimpleApplication@7504c45b
reloadAllAccessors: .ContinuousInDEInContinuous3

===========================================================================================
----------------- testing Thu Nov 29 02:53:19 UTC 2018 /home/travis/build/icyphy/ptII/ptolemy/domains/continuous/test/auto/ContinuousInDEInput.xml
----------------- Instantiating /home/travis/build/icyphy/ptII/ptolemy/domains/continuous/test/auto/ContinuousInDEInput.xml
16 ms. Memory: 872448K Free: 138780K (16%)
----------------- Invoking toplevel() on ptolemy.moml.MoMLSimpleApplication@33fe37c1
----------------- Done invoking toplevel() on ptolemy.moml.MoMLSimpleApplication@33fe37c1
reloadAllAccessors: .ContinuousInDEInput

===========================================================================================
----------------- testing Thu Nov 29 02:53:19 UTC 2018 /home/travis/build/icyphy/ptII/ptolemy/domains/continuous/test/auto/ContinuousInDEInput2.xml
----------------- Instantiating /home/travis/build/icyphy/ptII/ptolemy/domains/continuous/test/auto/ContinuousInDEInput2.xml
29 ms. Memory: 872448K Free: 124881K (14%)
----------------- Invoking toplevel() on ptolemy.moml.MoMLSimpleApplication@201bf758
----------------- Done invoking toplevel() on ptolemy.moml.MoMLSimpleApplication@201bf758
reloadAllAccessors: .ContinuousInDEInput2

===========================================================================================
----------------- testing Thu Nov 29 02:53:19 UTC 2018 /home/travis/build/icyphy/ptII/ptolemy/domains/continuous/test/auto/ContinuousInDEInput3.xml
----------------- Instantiating /home/travis/build/icyphy/ptII/ptolemy/domains/continuous/test/auto/ContinuousInDEInput3.xml
14 ms. Memory: 872448K Free: 114409K (13%)
----------------- Invoking toplevel() on ptolemy.moml.MoMLSimpleApplication@5d86a826
----------------- Done invoking toplevel() on ptolemy.moml.MoMLSimpleApplication@5d86a826
reloadAllAccessors: .ContinuousInDEInput3

===========================================================================================
----------------- testing Thu Nov 29 02:53:19 UTC 2018 /home/travis/build/icyphy/ptII/ptolemy/domains/continuous/test/auto/ContinuousInDESharingRefinement.xml
----------------- Instantiating /home/travis/build/icyphy/ptII/ptolemy/domains/continuous/test/auto/ContinuousInDESharingRefinement.xml
156 ms. Memory: 872960K Free: 802018K (92%)
----------------- Invoking toplevel() on ptolemy.moml.MoMLSimpleApplication@3bb67a0a
----------------- Done invoking toplevel() on ptolemy.moml.MoMLSimpleApplication@3bb67a0a
reloadAllAccessors: .ContinuousInDESharingRefinement

===========================================================================================
----------------- testing Thu Nov 29 02:53:19 UTC 2018 /home/travis/build/icyphy/ptII/ptolemy/domains/continuous/test/auto/ContinuousInDEwithNoPorts.xml
----------------- Instantiating /home/travis/build/icyphy/ptII/ptolemy/domains/continuous/test/auto/ContinuousInDEwithNoPorts.xml
7 ms. Memory: 872960K Free: 789191K (90%)
----------------- Invoking toplevel() on ptolemy.moml.MoMLSimpleApplication@4a46ecfe
----------------- Done invoking toplevel() on ptolemy.moml.MoMLSimpleApplication@4a46ecfe
reloadAllAccessors: .ContinuousInDEwithNoPorts

===========================================================================================
----------------- testing Thu Nov 29 02:53:19 UTC 2018 /home/travis/build/icyphy/ptII/ptolemy/domains/continuous/test/auto/ContinuousInsideDE.xml
----------------- Instantiating /home/travis/build/icyphy/ptII/ptolemy/domains/continuous/test/auto/ContinuousInsideDE.xml
47 ms. Memory: 872960K Free: 769539K (88%)
----------------- Invoking toplevel() on ptolemy.moml.MoMLSimpleApplication@415b9f7d
----------------- Done invoking toplevel() on ptolemy.moml.MoMLSimpleApplication@415b9f7d
reloadAllAccessors: .ContinuousInsideDE

===========================================================================================
----------------- testing Thu Nov 29 02:53:19 UTC 2018 /home/travis/build/icyphy/ptII/ptolemy/domains/continuous/test/auto/ContinuousMerge1.xml
----------------- Instantiating /home/travis/build/icyphy/ptII/ptolemy/domains/continuous/test/auto/ContinuousMerge1.xml
3 ms. Memory: 872960K Free: 759382K (87%)
----------------- Invoking toplevel() on ptolemy.moml.MoMLSimpleApplication@44bd38e8
----------------- Done invoking toplevel() on ptolemy.moml.MoMLSimpleApplication@44bd38e8
reloadAllAccessors: .ContinuousMerge1

===========================================================================================
----------------- testing Thu Nov 29 02:53:19 UTC 2018 /home/travis/build/icyphy/ptII/ptolemy/domains/continuous/test/auto/ContinuousMerge2.xml
----------------- Instantiating /home/travis/build/icyphy/ptII/ptolemy/domains/continuous/test/auto/ContinuousMerge2.xml
12 ms. Memory: 872960K Free: 743494K (85%)
----------------- Invoking toplevel() on ptolemy.moml.MoMLSimpleApplication@52e41c6a
----------------- Done invoking toplevel() on ptolemy.moml.MoMLSimpleApplication@52e41c6a
reloadAllAccessors: .ContinuousMerge2

===========================================================================================
----------------- testing Thu Nov 29 02:53:19 UTC 2018 /home/travis/build/icyphy/ptII/ptolemy/domains/continuous/test/auto/ContinuousMerge3.xml
----------------- Instantiating /home/travis/build/icyphy/ptII/ptolemy/domains/continuous/test/auto/ContinuousMerge3.xml
49 ms. Memory: 872960K Free: 727778K (83%)
----------------- Invoking toplevel() on ptolemy.moml.MoMLSimpleApplication@172c46d
----------------- Done invoking toplevel() on ptolemy.moml.MoMLSimpleApplication@172c46d
reloadAllAccessors: .ContinuousMerge3

===========================================================================================
----------------- testing Thu Nov 29 02:53:20 UTC 2018 /home/travis/build/icyphy/ptII/ptolemy/domains/continuous/test/auto/ContinuousWithinContinuous.xml
----------------- Instantiating /home/travis/build/icyphy/ptII/ptolemy/domains/continuous/test/auto/ContinuousWithinContinuous.xml
40 ms. Memory: 872960K Free: 709750K (81%)
----------------- Invoking toplevel() on ptolemy.moml.MoMLSimpleApplication@17199d25
----------------- Done invoking toplevel() on ptolemy.moml.MoMLSimpleApplication@17199d25
reloadAllAccessors: .ContinuousWithinContinuous

===========================================================================================
----------------- testing Thu Nov 29 02:53:20 UTC 2018 /home/travis/build/icyphy/ptII/ptolemy/domains/continuous/test/auto/ContinuousWithinContinuous2.xml
----------------- Instantiating /home/travis/build/icyphy/ptII/ptolemy/domains/continuous/test/auto/ContinuousWithinContinuous2.xml
78 ms. Memory: 872960K Free: 697969K (80%)
----------------- Invoking toplevel() on ptolemy.moml.MoMLSimpleApplication@8919fca
----------------- Done invoking toplevel() on ptolemy.moml.MoMLSimpleApplication@8919fca
reloadAllAccessors: .ContinuousWithinContinuous2

===========================================================================================
----------------- testing Thu Nov 29 02:53:20 UTC 2018 /home/travis/build/icyphy/ptII/ptolemy/domains/continuous/test/auto/ContinuousWithinContinuous3.xml
----------------- Instantiating /home/travis/build/icyphy/ptII/ptolemy/domains/continuous/test/auto/ContinuousWithinContinuous3.xml
16 ms. Memory: 872960K Free: 686180K (79%)
----------------- Invoking toplevel() on ptolemy.moml.MoMLSimpleApplication@6f080636
----------------- Done invoking toplevel() on ptolemy.moml.MoMLSimpleApplication@6f080636
reloadAllAccessors: .ContinuousWithinContinuous3

===========================================================================================
----------------- testing Thu Nov 29 02:53:20 UTC 2018 /home/travis/build/icyphy/ptII/ptolemy/domains/continuous/test/auto/ContinuousWithinContinuous4.xml
----------------- Instantiating /home/travis/build/icyphy/ptII/ptolemy/domains/continuous/test/auto/ContinuousWithinContinuous4.xml
85 ms. Memory: 872960K Free: 664241K (76%)
----------------- Invoking toplevel() on ptolemy.moml.MoMLSimpleApplication@5d18f5d1
----------------- Done invoking toplevel() on ptolemy.moml.MoMLSimpleApplication@5d18f5d1
reloadAllAccessors: .ContinuousWithinContinuous4

===========================================================================================
----------------- testing Thu Nov 29 02:53:20 UTC 2018 /home/travis/build/icyphy/ptII/ptolemy/domains/continuous/test/auto/ContinuousWithinContinuous5.xml
----------------- Instantiating /home/travis/build/icyphy/ptII/ptolemy/domains/continuous/test/auto/ContinuousWithinContinuous5.xml
14 ms. Memory: 872960K Free: 652443K (75%)
----------------- Invoking toplevel() on ptolemy.moml.MoMLSimpleApplication@f09364
----------------- Done invoking toplevel() on ptolemy.moml.MoMLSimpleApplication@f09364
reloadAllAccessors: .ContinuousWithinContinuous5

===========================================================================================
----------------- testing Thu Nov 29 02:53:20 UTC 2018 /home/travis/build/icyphy/ptII/ptolemy/domains/continuous/test/auto/ContinuousWithinContinuous6.xml
----------------- Instantiating /home/travis/build/icyphy/ptII/ptolemy/domains/continuous/test/auto/ContinuousWithinContinuous6.xml
12 ms. Memory: 872960K Free: 640646K (73%)
----------------- Invoking toplevel() on ptolemy.moml.MoMLSimpleApplication@367f9ec3
----------------- Done invoking toplevel() on ptolemy.moml.MoMLSimpleApplication@367f9ec3
reloadAllAccessors: .ContinuousWithinContinuous6

===========================================================================================
----------------- testing Thu Nov 29 02:53:20 UTC 2018 /home/travis/build/icyphy/ptII/ptolemy/domains/continuous/test/auto/ContinuousWithinContinuous7.xml
----------------- Instantiating /home/travis/build/icyphy/ptII/ptolemy/domains/continuous/test/auto/ContinuousWithinContinuous7.xml
65 ms. Memory: 872960K Free: 621457K (71%)
----------------- Invoking toplevel() on ptolemy.moml.MoMLSimpleApplication@4729c55
----------------- Done invoking toplevel() on ptolemy.moml.MoMLSimpleApplication@4729c55
reloadAllAccessors: .ContinuousWithinContinuous7

===========================================================================================
----------------- testing Thu Nov 29 02:53:20 UTC 2018 /home/travis/build/icyphy/ptII/ptolemy/domains/continuous/test/auto/DCMotor.xml
----------------- Instantiating /home/travis/build/icyphy/ptII/ptolemy/domains/continuous/test/auto/DCMotor.xml
11882 ms. Memory: 734208K Free: 149088K (20%)
----------------- Invoking toplevel() on ptolemy.moml.MoMLSimpleApplication@935cf3e
----------------- Done invoking toplevel() on ptolemy.moml.MoMLSimpleApplication@935cf3e
reloadAllAccessors: .DCMotor

===========================================================================================
----------------- testing Thu Nov 29 02:53:32 UTC 2018 /home/travis/build/icyphy/ptII/ptolemy/domains/continuous/test/auto/DEInContinuous.xml
----------------- Instantiating /home/travis/build/icyphy/ptII/ptolemy/domains/continuous/test/auto/DEInContinuous.xml
14 ms. Memory: 734208K Free: 133029K (18%)
----------------- Invoking toplevel() on ptolemy.moml.MoMLSimpleApplication@2c4b7a8c
----------------- Done invoking toplevel() on ptolemy.moml.MoMLSimpleApplication@2c4b7a8c
reloadAllAccessors: .DEInContinuous

===========================================================================================
----------------- testing Thu Nov 29 02:53:32 UTC 2018 /home/travis/build/icyphy/ptII/ptolemy/domains/continuous/test/auto/DEinContinuous2.xml
----------------- Instantiating /home/travis/build/icyphy/ptII/ptolemy/domains/continuous/test/auto/DEinContinuous2.xml
6 ms. Memory: 734208K Free: 118811K (16%)
----------------- Invoking toplevel() on ptolemy.moml.MoMLSimpleApplication@41eed59
----------------- Done invoking toplevel() on ptolemy.moml.MoMLSimpleApplication@41eed59
reloadAllAccessors: .DEinContinuous2

===========================================================================================
----------------- testing Thu Nov 29 02:53:32 UTC 2018 /home/travis/build/icyphy/ptII/ptolemy/domains/continuous/test/auto/Derivative.xml
----------------- Instantiating /home/travis/build/icyphy/ptII/ptolemy/domains/continuous/test/auto/Derivative.xml
144 ms. Memory: 734208K Free: 79985K (11%)
----------------- Invoking toplevel() on ptolemy.moml.MoMLSimpleApplication@327c5d09
----------------- Done invoking toplevel() on ptolemy.moml.MoMLSimpleApplication@327c5d09
reloadAllAccessors: .Derivative2

===========================================================================================
----------------- testing Thu Nov 29 02:53:32 UTC 2018 /home/travis/build/icyphy/ptII/ptolemy/domains/continuous/test/auto/Derivative1.xml
----------------- Instantiating /home/travis/build/icyphy/ptII/ptolemy/domains/continuous/test/auto/Derivative1.xml
14 ms. Memory: 696832K Free: 670602K (96%)
----------------- Invoking toplevel() on ptolemy.moml.MoMLSimpleApplication@1cf9597
----------------- Done invoking toplevel() on ptolemy.moml.MoMLSimpleApplication@1cf9597
reloadAllAccessors: .Derivative1

===========================================================================================
----------------- testing Thu Nov 29 02:53:32 UTC 2018 /home/travis/build/icyphy/ptII/ptolemy/domains/continuous/test/auto/DiscreteClock.xml
----------------- Instantiating /home/travis/build/icyphy/ptII/ptolemy/domains/continuous/test/auto/DiscreteClock.xml
6 ms. Memory: 696832K Free: 656621K (94%)
----------------- Invoking toplevel() on ptolemy.moml.MoMLSimpleApplication@22b900a1
----------------- Done invoking toplevel() on ptolemy.moml.MoMLSimpleApplication@22b900a1
reloadAllAccessors: .DiscreteClock

===========================================================================================
----------------- testing Thu Nov 29 02:53:32 UTC 2018 /home/travis/build/icyphy/ptII/ptolemy/domains/continuous/test/auto/EfficiencyCurve.xml
----------------- Instantiating /home/travis/build/icyphy/ptII/ptolemy/domains/continuous/test/auto/EfficiencyCurve.xml
47 ms. Memory: 696832K Free: 643493K (92%)
----------------- Invoking toplevel() on ptolemy.moml.MoMLSimpleApplication@f04de8
----------------- Done invoking toplevel() on ptolemy.moml.MoMLSimpleApplication@f04de8
reloadAllAccessors: .EfficiencyCurve

===========================================================================================
----------------- testing Thu Nov 29 02:53:32 UTC 2018 /home/travis/build/icyphy/ptII/ptolemy/domains/continuous/test/auto/ExponentialResponse.xml
----------------- Instantiating /home/travis/build/icyphy/ptII/ptolemy/domains/continuous/test/auto/ExponentialResponse.xml
100 ms. Memory: 696832K Free: 615458K (88%)
----------------- Invoking toplevel() on ptolemy.moml.MoMLSimpleApplication@1f852031
----------------- Done invoking toplevel() on ptolemy.moml.MoMLSimpleApplication@1f852031
reloadAllAccessors: .ExponentialResponse

===========================================================================================
----------------- testing Thu Nov 29 02:53:32 UTC 2018 /home/travis/build/icyphy/ptII/ptolemy/domains/continuous/test/auto/ExponentialResponseRK45.xml
----------------- Instantiating /home/travis/build/icyphy/ptII/ptolemy/domains/continuous/test/auto/ExponentialResponseRK45.xml
23 ms. Memory: 696832K Free: 602331K (86%)
----------------- Invoking toplevel() on ptolemy.moml.MoMLSimpleApplication@af172d9
----------------- Done invoking toplevel() on ptolemy.moml.MoMLSimpleApplication@af172d9
reloadAllAccessors: .ExponentialResponseRK45

===========================================================================================
----------------- testing Thu Nov 29 02:53:33 UTC 2018 /home/travis/build/icyphy/ptII/ptolemy/domains/continuous/test/auto/Friction.xml
----------------- Instantiating /home/travis/build/icyphy/ptII/ptolemy/domains/continuous/test/auto/Friction.xml
1240 ms. Memory: 696832K Free: 164022K (24%)
----------------- Invoking toplevel() on ptolemy.moml.MoMLSimpleApplication@1fd73d2f
----------------- Done invoking toplevel() on ptolemy.moml.MoMLSimpleApplication@1fd73d2f
reloadAllAccessors: .Friction

===========================================================================================
----------------- testing Thu Nov 29 02:53:34 UTC 2018 /home/travis/build/icyphy/ptII/ptolemy/domains/continuous/test/auto/FurutaPendulum.xml
----------------- Instantiating /home/travis/build/icyphy/ptII/ptolemy/domains/continuous/test/auto/FurutaPendulum.xml
3250 ms. Memory: 674304K Free: 251521K (37%)
----------------- Invoking toplevel() on ptolemy.moml.MoMLSimpleApplication@7a64a0ad
----------------- Done invoking toplevel() on ptolemy.moml.MoMLSimpleApplication@7a64a0ad
reloadAllAccessors: .FurutaPendulum

===========================================================================================
----------------- testing Thu Nov 29 02:53:37 UTC 2018 /home/travis/build/icyphy/ptII/ptolemy/domains/continuous/test/auto/HierarchicalExecution.xml
----------------- Instantiating /home/travis/build/icyphy/ptII/ptolemy/domains/continuous/test/auto/HierarchicalExecution.xml
1679 ms. Memory: 646656K Free: 503085K (78%)
----------------- Invoking toplevel() on ptolemy.moml.MoMLSimpleApplication@590bde83
----------------- Done invoking toplevel() on ptolemy.moml.MoMLSimpleApplication@590bde83
reloadAllAccessors: .HierarchicalExecution

===========================================================================================
----------------- testing Thu Nov 29 02:53:39 UTC 2018 /home/travis/build/icyphy/ptII/ptolemy/domains/continuous/test/auto/HybridPlant.xml
----------------- Instantiating /home/travis/build/icyphy/ptII/ptolemy/domains/continuous/test/auto/HybridPlant.xml
448 ms. Memory: 646656K Free: 224797K (35%)
----------------- Invoking toplevel() on ptolemy.moml.MoMLSimpleApplication@310dcba3
----------------- Done invoking toplevel() on ptolemy.moml.MoMLSimpleApplication@310dcba3
reloadAllAccessors: .HybridPlant

===========================================================================================
----------------- testing Thu Nov 29 02:53:40 UTC 2018 /home/travis/build/icyphy/ptII/ptolemy/domains/continuous/test/auto/Hysteresis.xml
----------------- Instantiating /home/travis/build/icyphy/ptII/ptolemy/domains/continuous/test/auto/Hysteresis.xml
132 ms. Memory: 646656K Free: 156882K (24%)
----------------- Invoking toplevel() on ptolemy.moml.MoMLSimpleApplication@75c28d50
----------------- Done invoking toplevel() on ptolemy.moml.MoMLSimpleApplication@75c28d50
reloadAllAccessors: .Hysteresis

===========================================================================================
----------------- testing Thu Nov 29 02:53:40 UTC 2018 /home/travis/build/icyphy/ptII/ptolemy/domains/continuous/test/auto/HysteresisWithRandomDelay.xml
----------------- Instantiating /home/travis/build/icyphy/ptII/ptolemy/domains/continuous/test/auto/HysteresisWithRandomDelay.xml
160 ms. Memory: 646656K Free: 77414K (12%)
----------------- Invoking toplevel() on ptolemy.moml.MoMLSimpleApplication@1a916f83
----------------- Done invoking toplevel() on ptolemy.moml.MoMLSimpleApplication@1a916f83
reloadAllAccessors: .HysteresisWithRandomDelay

===========================================================================================
----------------- testing Thu Nov 29 02:53:40 UTC 2018 /home/travis/build/icyphy/ptII/ptolemy/domains/continuous/test/auto/HysteresisWithRandomLosses.xml
----------------- Instantiating /home/travis/build/icyphy/ptII/ptolemy/domains/continuous/test/auto/HysteresisWithRandomLosses.xml
2075 ms. Memory: 589824K Free: 345177K (59%)
----------------- Invoking toplevel() on ptolemy.moml.MoMLSimpleApplication@5be28668
----------------- Done invoking toplevel() on ptolemy.moml.MoMLSimpleApplication@5be28668
reloadAllAccessors: .HysteresisWithRandomLosses

===========================================================================================
----------------- testing Thu Nov 29 02:53:42 UTC 2018 /home/travis/build/icyphy/ptII/ptolemy/domains/continuous/test/auto/ImmediateTransitions.xml
----------------- Instantiating /home/travis/build/icyphy/ptII/ptolemy/domains/continuous/test/auto/ImmediateTransitions.xml
20 ms. Memory: 589824K Free: 329741K (56%)
----------------- Invoking toplevel() on ptolemy.moml.MoMLSimpleApplication@4dbdabc1
----------------- Done invoking toplevel() on ptolemy.moml.MoMLSimpleApplication@4dbdabc1
reloadAllAccessors: .ImmediateTransitions

===========================================================================================
----------------- testing Thu Nov 29 02:53:42 UTC 2018 /home/travis/build/icyphy/ptII/ptolemy/domains/continuous/test/auto/ImpulseFeedback.xml
----------------- Instantiating /home/travis/build/icyphy/ptII/ptolemy/domains/continuous/test/auto/ImpulseFeedback.xml
12 ms. Memory: 589824K Free: 318676K (54%)
----------------- Invoking toplevel() on ptolemy.moml.MoMLSimpleApplication@5e08c861
----------------- Done invoking toplevel() on ptolemy.moml.MoMLSimpleApplication@5e08c861
reloadAllAccessors: .ImpulseFeedback

===========================================================================================
----------------- testing Thu Nov 29 02:53:42 UTC 2018 /home/travis/build/icyphy/ptII/ptolemy/domains/continuous/test/auto/ImpulseFeedback2.xml
----------------- Instantiating /home/travis/build/icyphy/ptII/ptolemy/domains/continuous/test/auto/ImpulseFeedback2.xml
6 ms. Memory: 589824K Free: 307620K (52%)
----------------- Invoking toplevel() on ptolemy.moml.MoMLSimpleApplication@7b3cc996
----------------- Done invoking toplevel() on ptolemy.moml.MoMLSimpleApplication@7b3cc996
reloadAllAccessors: .ImpulseFeedback2

===========================================================================================
----------------- testing Thu Nov 29 02:53:42 UTC 2018 /home/travis/build/icyphy/ptII/ptolemy/domains/continuous/test/auto/IncreasingRatePoisson.xml
----------------- Instantiating /home/travis/build/icyphy/ptII/ptolemy/domains/continuous/test/auto/IncreasingRatePoisson.xml
681 ms. Memory: 565248K Free: 470630K (83%)
----------------- Invoking toplevel() on ptolemy.moml.MoMLSimpleApplication@4ddc3084
----------------- Done invoking toplevel() on ptolemy.moml.MoMLSimpleApplication@4ddc3084
reloadAllAccessors: .IncreasingRatePoisson

===========================================================================================
----------------- testing Thu Nov 29 02:53:43 UTC 2018 /home/travis/build/icyphy/ptII/ptolemy/domains/continuous/test/auto/InitialStateFeedback.xml
----------------- Instantiating /home/travis/build/icyphy/ptII/ptolemy/domains/continuous/test/auto/InitialStateFeedback.xml
8 ms. Memory: 565248K Free: 461538K (82%)
----------------- Invoking toplevel() on ptolemy.moml.MoMLSimpleApplication@2633d9e8
----------------- Done invoking toplevel() on ptolemy.moml.MoMLSimpleApplication@2633d9e8
reloadAllAccessors: .InitialStateFeedback

===========================================================================================
----------------- testing Thu Nov 29 02:53:43 UTC 2018 /home/travis/build/icyphy/ptII/ptolemy/domains/continuous/test/auto/Integration.xml
----------------- Instantiating /home/travis/build/icyphy/ptII/ptolemy/domains/continuous/test/auto/Integration.xml
2 ms. Memory: 565248K Free: 454283K (80%)
----------------- Invoking toplevel() on ptolemy.moml.MoMLSimpleApplication@4a031c68
----------------- Done invoking toplevel() on ptolemy.moml.MoMLSimpleApplication@4a031c68
reloadAllAccessors: .Integration

===========================================================================================
----------------- testing Thu Nov 29 02:53:43 UTC 2018 /home/travis/build/icyphy/ptII/ptolemy/domains/continuous/test/auto/Integration2.xml
----------------- Instantiating /home/travis/build/icyphy/ptII/ptolemy/domains/continuous/test/auto/Integration2.xml
73 ms. Memory: 565248K Free: 434117K (77%)
----------------- Invoking toplevel() on ptolemy.moml.MoMLSimpleApplication@1d384322
----------------- Done invoking toplevel() on ptolemy.moml.MoMLSimpleApplication@1d384322
reloadAllAccessors: .Integration2

===========================================================================================
----------------- testing Thu Nov 29 02:53:43 UTC 2018 /home/travis/build/icyphy/ptII/ptolemy/domains/continuous/test/auto/Integration3.xml
----------------- Instantiating /home/travis/build/icyphy/ptII/ptolemy/domains/continuous/test/auto/Integration3.xml
2 ms. Memory: 565248K Free: 426701K (75%)
----------------- Invoking toplevel() on ptolemy.moml.MoMLSimpleApplication@4509dad8
----------------- Done invoking toplevel() on ptolemy.moml.MoMLSimpleApplication@4509dad8
reloadAllAccessors: .Integration3

===========================================================================================
----------------- testing Thu Nov 29 02:53:43 UTC 2018 /home/travis/build/icyphy/ptII/ptolemy/domains/continuous/test/auto/Integration5.xml
----------------- Instantiating /home/travis/build/icyphy/ptII/ptolemy/domains/continuous/test/auto/Integration5.xml
2 ms. Memory: 565248K Free: 419446K (74%)
----------------- Invoking toplevel() on ptolemy.moml.MoMLSimpleApplication@1be05884
----------------- Done invoking toplevel() on ptolemy.moml.MoMLSimpleApplication@1be05884
reloadAllAccessors: .Integration5

===========================================================================================
----------------- testing Thu Nov 29 02:53:43 UTC 2018 /home/travis/build/icyphy/ptII/ptolemy/domains/continuous/test/auto/IntegratorImpulse.xml
----------------- Instantiating /home/travis/build/icyphy/ptII/ptolemy/domains/continuous/test/auto/IntegratorImpulse.xml
2 ms. Memory: 565248K Free: 412191K (73%)
----------------- Invoking toplevel() on ptolemy.moml.MoMLSimpleApplication@723c385a
----------------- Done invoking toplevel() on ptolemy.moml.MoMLSimpleApplication@723c385a
reloadAllAccessors: .IntegratorImpulse

===========================================================================================
----------------- testing Thu Nov 29 02:53:43 UTC 2018 /home/travis/build/icyphy/ptII/ptolemy/domains/continuous/test/auto/IntegratorImpulse2.xml
----------------- Instantiating /home/travis/build/icyphy/ptII/ptolemy/domains/continuous/test/auto/IntegratorImpulse2.xml
4 ms. Memory: 565248K Free: 404776K (72%)
----------------- Invoking toplevel() on ptolemy.moml.MoMLSimpleApplication@32768cfc
----------------- Done invoking toplevel() on ptolemy.moml.MoMLSimpleApplication@32768cfc
reloadAllAccessors: .IntegratorImpulse2

===========================================================================================
----------------- testing Thu Nov 29 02:53:43 UTC 2018 /home/travis/build/icyphy/ptII/ptolemy/domains/continuous/test/auto/LevelCrossing1.xml
----------------- Instantiating /home/travis/build/icyphy/ptII/ptolemy/domains/continuous/test/auto/LevelCrossing1.xml
3 ms. Memory: 565248K Free: 394295K (70%)
----------------- Invoking toplevel() on ptolemy.moml.MoMLSimpleApplication@41ccec5
----------------- Done invoking toplevel() on ptolemy.moml.MoMLSimpleApplication@41ccec5
reloadAllAccessors: .LevelCrossing1

===========================================================================================
----------------- testing Thu Nov 29 02:53:43 UTC 2018 /home/travis/build/icyphy/ptII/ptolemy/domains/continuous/test/auto/LevelCrossing2.xml
----------------- Instantiating /home/travis/build/icyphy/ptII/ptolemy/domains/continuous/test/auto/LevelCrossing2.xml
3 ms. Memory: 565248K Free: 383806K (68%)
----------------- Invoking toplevel() on ptolemy.moml.MoMLSimpleApplication@3da93031
----------------- Done invoking toplevel() on ptolemy.moml.MoMLSimpleApplication@3da93031
reloadAllAccessors: .LevelCrossing2

===========================================================================================
----------------- testing Thu Nov 29 02:53:43 UTC 2018 /home/travis/build/icyphy/ptII/ptolemy/domains/continuous/test/auto/LevelCrossing3.xml
----------------- Instantiating /home/travis/build/icyphy/ptII/ptolemy/domains/continuous/test/auto/LevelCrossing3.xml
2 ms. Memory: 565248K Free: 373148K (66%)
----------------- Invoking toplevel() on ptolemy.moml.MoMLSimpleApplication@3f98716c
----------------- Done invoking toplevel() on ptolemy.moml.MoMLSimpleApplication@3f98716c
reloadAllAccessors: .LevelCrossing3

===========================================================================================
----------------- testing Thu Nov 29 02:53:43 UTC 2018 /home/travis/build/icyphy/ptII/ptolemy/domains/continuous/test/auto/LevelCrossing4.xml
----------------- Instantiating /home/travis/build/icyphy/ptII/ptolemy/domains/continuous/test/auto/LevelCrossing4.xml
3 ms. Memory: 565248K Free: 362667K (64%)
----------------- Invoking toplevel() on ptolemy.moml.MoMLSimpleApplication@6fb6c89d
----------------- Done invoking toplevel() on ptolemy.moml.MoMLSimpleApplication@6fb6c89d
reloadAllAccessors: .LevelCrossing4

===========================================================================================
----------------- testing Thu Nov 29 02:53:43 UTC 2018 /home/travis/build/icyphy/ptII/ptolemy/domains/continuous/test/auto/LevelCrossing5.xml
----------------- Instantiating /home/travis/build/icyphy/ptII/ptolemy/domains/continuous/test/auto/LevelCrossing5.xml
3 ms. Memory: 565248K Free: 352010K (62%)
----------------- Invoking toplevel() on ptolemy.moml.MoMLSimpleApplication@3182d63d
----------------- Done invoking toplevel() on ptolemy.moml.MoMLSimpleApplication@3182d63d
reloadAllAccessors: .LevelCrossing5

===========================================================================================
[...]
reloadAllAccessors: .ResetTransitionWithStartTime6

===========================================================================================
----------------- testing Thu Nov 29 02:54:00 UTC 2018 /home/travis/build/icyphy/ptII/ptolemy/domains/continuous/test/auto/SRinContinuous.xml
----------------- Instantiating /home/travis/build/icyphy/ptII/ptolemy/domains/continuous/test/auto/SRinContinuous.xml
9 ms. Memory: 493568K Free: 176518K (36%)
----------------- Invoking toplevel() on ptolemy.moml.MoMLSimpleApplication@2ed30729
----------------- Done invoking toplevel() on ptolemy.moml.MoMLSimpleApplication@2ed30729
reloadAllAccessors: .SRinContinuous

===========================================================================================
----------------- testing Thu Nov 29 02:54:00 UTC 2018 /home/travis/build/icyphy/ptII/ptolemy/domains/continuous/test/auto/SampledClocks.xml
----------------- Instantiating /home/travis/build/icyphy/ptII/ptolemy/domains/continuous/test/auto/SampledClocks.xml
8 ms. Memory: 493568K Free: 159059K (32%)
----------------- Invoking toplevel() on ptolemy.moml.MoMLSimpleApplication@76c663eb
----------------- Done invoking toplevel() on ptolemy.moml.MoMLSimpleApplication@76c663eb
reloadAllAccessors: .SampledClocks

===========================================================================================
----------------- testing Thu Nov 29 02:54:00 UTC 2018 /home/travis/build/icyphy/ptII/ptolemy/domains/continuous/test/auto/Satellite.xml
----------------- Instantiating /home/travis/build/icyphy/ptII/ptolemy/domains/continuous/test/auto/Satellite.xml
795 ms. Memory: 474624K Free: 371236K (78%)
----------------- Invoking toplevel() on ptolemy.moml.MoMLSimpleApplication@196ed3de
----------------- Done invoking toplevel() on ptolemy.moml.MoMLSimpleApplication@196ed3de
reloadAllAccessors: .Satellite

===========================================================================================
----------------- testing Thu Nov 29 02:54:01 UTC 2018 /home/travis/build/icyphy/ptII/ptolemy/domains/continuous/test/auto/SigmaDelta.xml
----------------- Instantiating /home/travis/build/icyphy/ptII/ptolemy/domains/continuous/test/auto/SigmaDelta.xml
2320 ms. Memory: 463360K Free: 369722K (80%)
----------------- Invoking toplevel() on ptolemy.moml.MoMLSimpleApplication@d245f5b
----------------- Done invoking toplevel() on ptolemy.moml.MoMLSimpleApplication@d245f5b
reloadAllAccessors: .SigmaDelta

===========================================================================================
----------------- testing Thu Nov 29 02:54:04 UTC 2018 /home/travis/build/icyphy/ptII/ptolemy/domains/continuous/test/auto/SingleRefinement.xml
----------------- Instantiating /home/travis/build/icyphy/ptII/ptolemy/domains/continuous/test/auto/SingleRefinement.xml
274 ms. Memory: 463360K Free: 184768K (40%)
----------------- Invoking toplevel() on ptolemy.moml.MoMLSimpleApplication@18eca485
----------------- Done invoking toplevel() on ptolemy.moml.MoMLSimpleApplication@18eca485
reloadAllAccessors: .SingleRefinement

===========================================================================================
----------------- testing Thu Nov 29 02:54:04 UTC 2018 /home/travis/build/icyphy/ptII/ptolemy/domains/continuous/test/auto/SinuBouncingBall.xml
----------------- Instantiating /home/travis/build/icyphy/ptII/ptolemy/domains/continuous/test/auto/SinuBouncingBall.xml
755 ms. Memory: 551424K Free: 426806K (77%)
----------------- Invoking toplevel() on ptolemy.moml.MoMLSimpleApplication@633b889a
----------------- Done invoking toplevel() on ptolemy.moml.MoMLSimpleApplication@633b889a
reloadAllAccessors: .SinuBouncingBall

===========================================================================================
----------------- testing Thu Nov 29 02:54:05 UTC 2018 /home/travis/build/icyphy/ptII/ptolemy/domains/continuous/test/auto/Sinusoid.xml
----------------- Instantiating /home/travis/build/icyphy/ptII/ptolemy/domains/continuous/test/auto/Sinusoid.xml
5 ms. Memory: 551424K Free: 417207K (76%)
----------------- Invoking toplevel() on ptolemy.moml.MoMLSimpleApplication@4ef4dd97
----------------- Done invoking toplevel() on ptolemy.moml.MoMLSimpleApplication@4ef4dd97
reloadAllAccessors: .Sinusoid

===========================================================================================
----------------- testing Thu Nov 29 02:54:05 UTC 2018 /home/travis/build/icyphy/ptII/ptolemy/domains/continuous/test/auto/SinusoidInNoise.xml
----------------- Instantiating /home/travis/build/icyphy/ptII/ptolemy/domains/continuous/test/auto/SinusoidInNoise.xml
840 ms. Memory: 551424K Free: 217116K (39%)
----------------- Invoking toplevel() on ptolemy.moml.MoMLSimpleApplication@6c26733d
----------------- Done invoking toplevel() on ptolemy.moml.MoMLSimpleApplication@6c26733d
reloadAllAccessors: .SinusoidInNoise

===========================================================================================
----------------- testing Thu Nov 29 02:54:06 UTC 2018 /home/travis/build/icyphy/ptII/ptolemy/domains/continuous/test/auto/SinusoidRK45.xml
----------------- Instantiating /home/travis/build/icyphy/ptII/ptolemy/domains/continuous/test/auto/SinusoidRK45.xml
5 ms. Memory: 551424K Free: 209134K (38%)
----------------- Invoking toplevel() on ptolemy.moml.MoMLSimpleApplication@4409225b
----------------- Done invoking toplevel() on ptolemy.moml.MoMLSimpleApplication@4409225b
reloadAllAccessors: .SinusoidRK45

===========================================================================================
----------------- testing Thu Nov 29 02:54:06 UTC 2018 /home/travis/build/icyphy/ptII/ptolemy/domains/continuous/test/auto/SinusoidWithMultipleImpulses.xml
----------------- Instantiating /home/travis/build/icyphy/ptII/ptolemy/domains/continuous/test/auto/SinusoidWithMultipleImpulses.xml
3 ms. Memory: 551424K Free: 201152K (36%)
----------------- Invoking toplevel() on ptolemy.moml.MoMLSimpleApplication@23dfbbe9
----------------- Done invoking toplevel() on ptolemy.moml.MoMLSimpleApplication@23dfbbe9
reloadAllAccessors: .SinusoidWithMultipleImpulses

===========================================================================================
----------------- testing Thu Nov 29 02:54:06 UTC 2018 /home/travis/build/icyphy/ptII/ptolemy/domains/continuous/test/auto/SquareWave.xml
----------------- Instantiating /home/travis/build/icyphy/ptII/ptolemy/domains/continuous/test/auto/SquareWave.xml
136 ms. Memory: 551424K Free: 165036K (30%)
----------------- Invoking toplevel() on ptolemy.moml.MoMLSimpleApplication@4e4b57bd
----------------- Done invoking toplevel() on ptolemy.moml.MoMLSimpleApplication@4e4b57bd
reloadAllAccessors: .SquareWave

===========================================================================================
----------------- testing Thu Nov 29 02:54:06 UTC 2018 /home/travis/build/icyphy/ptII/ptolemy/domains/continuous/test/auto/Starmac.xml
----------------- Instantiating /home/travis/build/icyphy/ptII/ptolemy/domains/continuous/test/auto/Starmac.xml
3039 ms. Memory: 670720K Free: 388637K (58%)
----------------- Invoking toplevel() on ptolemy.moml.MoMLSimpleApplication@42a7be02
----------------- Done invoking toplevel() on ptolemy.moml.MoMLSimpleApplication@42a7be02
reloadAllAccessors: .Starmac

===========================================================================================
----------------- testing Thu Nov 29 02:54:09 UTC 2018 /home/travis/build/icyphy/ptII/ptolemy/domains/continuous/test/auto/StaticUnits.xml
----------------- Instantiating /home/travis/build/icyphy/ptII/ptolemy/domains/continuous/test/auto/StaticUnits.xml
2054 ms. Memory: 645120K Free: 496651K (77%)
----------------- Invoking toplevel() on ptolemy.moml.MoMLSimpleApplication@54172adb
----------------- Done invoking toplevel() on ptolemy.moml.MoMLSimpleApplication@54172adb
reloadAllAccessors: .StaticUnits

===========================================================================================
----------------- testing Thu Nov 29 02:54:12 UTC 2018 /home/travis/build/icyphy/ptII/ptolemy/domains/continuous/test/auto/StickyMasses.xml
----------------- Instantiating /home/travis/build/icyphy/ptII/ptolemy/domains/continuous/test/auto/StickyMasses.xml
121 ms. Memory: 645120K Free: 437170K (68%)
----------------- Invoking toplevel() on ptolemy.moml.MoMLSimpleApplication@b8e0afc
----------------- Done invoking toplevel() on ptolemy.moml.MoMLSimpleApplication@b8e0afc
reloadAllAccessors: .StickyMasses

===========================================================================================
----------------- testing Thu Nov 29 02:54:12 UTC 2018 /home/travis/build/icyphy/ptII/ptolemy/domains/continuous/test/auto/StopTime.xml
----------------- Instantiating /home/travis/build/icyphy/ptII/ptolemy/domains/continuous/test/auto/StopTime.xml
36 ms. Memory: 645120K Free: 408254K (63%)
----------------- Invoking toplevel() on ptolemy.moml.MoMLSimpleApplication@4961cc46
----------------- Done invoking toplevel() on ptolemy.moml.MoMLSimpleApplication@4961cc46
reloadAllAccessors: .StopTime

===========================================================================================
----------------- testing Thu Nov 29 02:54:12 UTC 2018 /home/travis/build/icyphy/ptII/ptolemy/domains/continuous/test/auto/StopTime2.xml
----------------- Instantiating /home/travis/build/icyphy/ptII/ptolemy/domains/continuous/test/auto/StopTime2.xml
44 ms. Memory: 645120K Free: 382125K (59%)
----------------- Invoking toplevel() on ptolemy.moml.MoMLSimpleApplication@60242965
----------------- Done invoking toplevel() on ptolemy.moml.MoMLSimpleApplication@60242965
reloadAllAccessors: .StopTime2

===========================================================================================
----------------- testing Thu Nov 29 02:54:12 UTC 2018 /home/travis/build/icyphy/ptII/ptolemy/domains/continuous/test/auto/Switch.xml
----------------- Instantiating /home/travis/build/icyphy/ptII/ptolemy/domains/continuous/test/auto/Switch.xml
38 ms. Memory: 645120K Free: 353187K (55%)
----------------- Invoking toplevel() on ptolemy.moml.MoMLSimpleApplication@2f7eadfc
----------------- Done invoking toplevel() on ptolemy.moml.MoMLSimpleApplication@2f7eadfc
reloadAllAccessors: .Switch

===========================================================================================
----------------- testing Thu Nov 29 02:54:12 UTC 2018 /home/travis/build/icyphy/ptII/ptolemy/domains/continuous/test/auto/Thermostat.xml
----------------- Instantiating /home/travis/build/icyphy/ptII/ptolemy/domains/continuous/test/auto/Thermostat.xml
160 ms. Memory: 645120K Free: 273926K (42%)
----------------- Invoking toplevel() on ptolemy.moml.MoMLSimpleApplication@10f7cbb7
----------------- Done invoking toplevel() on ptolemy.moml.MoMLSimpleApplication@10f7cbb7
reloadAllAccessors: .Thermostat

===========================================================================================
----------------- testing Thu Nov 29 02:54:12 UTC 2018 /home/travis/build/icyphy/ptII/ptolemy/domains/continuous/test/auto/TimeDelay.xml
----------------- Instantiating /home/travis/build/icyphy/ptII/ptolemy/domains/continuous/test/auto/TimeDelay.xml
5 ms. Memory: 645120K Free: 264594K (41%)
----------------- Invoking toplevel() on ptolemy.moml.MoMLSimpleApplication@3cbd1b8e
----------------- Done invoking toplevel() on ptolemy.moml.MoMLSimpleApplication@3cbd1b8e
reloadAllAccessors: .TimeDelay

===========================================================================================
----------------- testing Thu Nov 29 02:54:12 UTC 2018 /home/travis/build/icyphy/ptII/ptolemy/domains/continuous/test/auto/TimeDelay2.xml
----------------- Instantiating /home/travis/build/icyphy/ptII/ptolemy/domains/continuous/test/auto/TimeDelay2.xml
7 ms. Memory: 645120K Free: 255262K (40%)
----------------- Invoking toplevel() on ptolemy.moml.MoMLSimpleApplication@661b7151
----------------- Done invoking toplevel() on ptolemy.moml.MoMLSimpleApplication@661b7151
reloadAllAccessors: .TimeDelay2

===========================================================================================
----------------- testing Thu Nov 29 02:54:12 UTC 2018 /home/travis/build/icyphy/ptII/ptolemy/domains/continuous/test/auto/TimeDelay3.xml
----------------- Instantiating /home/travis/build/icyphy/ptII/ptolemy/domains/continuous/test/auto/TimeDelay3.xml
5 ms. Memory: 645120K Free: 245930K (38%)
----------------- Invoking toplevel() on ptolemy.moml.MoMLSimpleApplication@59436a41
----------------- Done invoking toplevel() on ptolemy.moml.MoMLSimpleApplication@59436a41
reloadAllAccessors: .TimeDelay3

===========================================================================================
----------------- testing Thu Nov 29 02:54:13 UTC 2018 /home/travis/build/icyphy/ptII/ptolemy/domains/continuous/test/auto/TransferAbsentToInside.xml
----------------- Instantiating /home/travis/build/icyphy/ptII/ptolemy/domains/continuous/test/auto/TransferAbsentToInside.xml
25 ms. Memory: 645120K Free: 186211K (29%)
----------------- Invoking toplevel() on ptolemy.moml.MoMLSimpleApplication@386b11ab
----------------- Done invoking toplevel() on ptolemy.moml.MoMLSimpleApplication@386b11ab
reloadAllAccessors: .TransferAbsentToInside

===========================================================================================
----------------- testing Thu Nov 29 02:54:13 UTC 2018 /home/travis/build/icyphy/ptII/ptolemy/domains/continuous/test/auto/Transmission.xml
----------------- Instantiating /home/travis/build/icyphy/ptII/ptolemy/domains/continuous/test/auto/Transmission.xml
792 ms. Memory: 583680K Free: 510245K (87%)
----------------- Invoking toplevel() on ptolemy.moml.MoMLSimpleApplication@1f9cf11b
----------------- Done invoking toplevel() on ptolemy.moml.MoMLSimpleApplication@1f9cf11b
reloadAllAccessors: .Transmission

===========================================================================================
----------------- testing Thu Nov 29 02:54:13 UTC 2018 /home/travis/build/icyphy/ptII/ptolemy/domains/continuous/test/auto/TriggeredContinuousClock.xml
----------------- Instantiating /home/travis/build/icyphy/ptII/ptolemy/domains/continuous/test/auto/TriggeredContinuousClock.xml
32 ms. Memory: 583680K Free: 473146K (81%)
----------------- Invoking toplevel() on ptolemy.moml.MoMLSimpleApplication@2998ad7a
----------------- Done invoking toplevel() on ptolemy.moml.MoMLSimpleApplication@2998ad7a
reloadAllAccessors: .TriggeredContinuousClock

===========================================================================================
----------------- testing Thu Nov 29 02:54:13 UTC 2018 /home/travis/build/icyphy/ptII/ptolemy/domains/continuous/test/auto/TwoMachineInfiniteBusControl.xml
----------------- Instantiating /home/travis/build/icyphy/ptII/ptolemy/domains/continuous/test/auto/TwoMachineInfiniteBusControl.xml
2824 ms. Memory: 559616K Free: 429837K (77%)
----------------- Invoking toplevel() on ptolemy.moml.MoMLSimpleApplication@7ac70c88
----------------- Done invoking toplevel() on ptolemy.moml.MoMLSimpleApplication@7ac70c88
reloadAllAccessors: .TwoMachineInfiniteBusControl

===========================================================================================
----------------- testing Thu Nov 29 02:54:16 UTC 2018 /home/travis/build/icyphy/ptII/ptolemy/domains/continuous/test/auto/V2V.xml
----------------- Instantiating /home/travis/build/icyphy/ptII/ptolemy/domains/continuous/test/auto/V2V.xml
716 ms. Memory: 559616K Free: 228925K (41%)
----------------- Invoking toplevel() on ptolemy.moml.MoMLSimpleApplication@18849693
----------------- Done invoking toplevel() on ptolemy.moml.MoMLSimpleApplication@18849693
reloadAllAccessors: .V2V

===========================================================================================
----------------- testing Thu Nov 29 02:54:17 UTC 2018 /home/travis/build/icyphy/ptII/ptolemy/domains/continuous/test/auto/hierarchicalModalModel.xml
----------------- Instantiating /home/travis/build/icyphy/ptII/ptolemy/domains/continuous/test/auto/hierarchicalModalModel.xml
6 ms. Memory: 559616K Free: 210115K (38%)
----------------- Invoking toplevel() on ptolemy.moml.MoMLSimpleApplication@52ddfa16
----------------- Done invoking toplevel() on ptolemy.moml.MoMLSimpleApplication@52ddfa16
reloadAllAccessors: .hierarchicalModalModel

===========================================================================================
----------------- testing Thu Nov 29 02:54:17 UTC 2018 /home/travis/build/icyphy/ptII/ptolemy/domains/continuous/test/auto/hierarchicalModalModel1.xml
----------------- Instantiating /home/travis/build/icyphy/ptII/ptolemy/domains/continuous/test/auto/hierarchicalModalModel1.xml
6 ms. Memory: 559616K Free: 191445K (34%)
----------------- Invoking toplevel() on ptolemy.moml.MoMLSimpleApplication@173dd003
----------------- Done invoking toplevel() on ptolemy.moml.MoMLSimpleApplication@173dd003
reloadAllAccessors: .hierarchicalModalModel1

===========================================================================================
----------------- testing Thu Nov 29 02:54:17 UTC 2018 /home/travis/build/icyphy/ptII/ptolemy/domains/continuous/test/auto/hierarchicalModalModel2.xml
----------------- Instantiating /home/travis/build/icyphy/ptII/ptolemy/domains/continuous/test/auto/hierarchicalModalModel2.xml
6 ms. Memory: 559616K Free: 175246K (31%)
----------------- Invoking toplevel() on ptolemy.moml.MoMLSimpleApplication@21f052a0
----------------- Done invoking toplevel() on ptolemy.moml.MoMLSimpleApplication@21f052a0
reloadAllAccessors: .hierarchicalModalModel2

===========================================================================================
----------------- testing Thu Nov 29 02:54:17 UTC 2018 /home/travis/build/icyphy/ptII/ptolemy/domains/continuous/test/auto/hierarchicalModalModel3.xml
----------------- Instantiating /home/travis/build/icyphy/ptII/ptolemy/domains/continuous/test/auto/hierarchicalModalModel3.xml
5 ms. Memory: 559616K Free: 161510K (29%)
----------------- Invoking toplevel() on ptolemy.moml.MoMLSimpleApplication@75c91bcd
----------------- Done invoking toplevel() on ptolemy.moml.MoMLSimpleApplication@75c91bcd
reloadAllAccessors: .hierarchicalModalModel3

===========================================================================================
----------------- testing Thu Nov 29 02:54:17 UTC 2018 /home/travis/build/icyphy/ptII/ptolemy/domains/continuous/test/auto/hierarchicalModalModel4.xml
----------------- Instantiating /home/travis/build/icyphy/ptII/ptolemy/domains/continuous/test/auto/hierarchicalModalModel4.xml
5 ms. Memory: 559616K Free: 145352K (26%)
----------------- Invoking toplevel() on ptolemy.moml.MoMLSimpleApplication@490bafee
----------------- Done invoking toplevel() on ptolemy.moml.MoMLSimpleApplication@490bafee
reloadAllAccessors: .hierarchicalModalModel4

===========================================================================================
----------------- testing Thu Nov 29 02:54:17 UTC 2018 /home/travis/build/icyphy/ptII/ptolemy/domains/continuous/test/auto/junk.xml
----------------- Instantiating /home/travis/build/icyphy/ptII/ptolemy/domains/continuous/test/auto/junk.xml
134 ms. Memory: 559616K Free: 113971K (20%)
----------------- Invoking toplevel() on ptolemy.moml.MoMLSimpleApplication@37272d1c
----------------- Done invoking toplevel() on ptolemy.moml.MoMLSimpleApplication@37272d1c
reloadAllAccessors: .junk
AutoTests.java: About to close Vertx.
AutoTests.java: Vertx closed.
]]></system-out>
  <system-err><![CDATA[Warning: '.IncreasingRatePoisson.NonStrictTest' The test produced only 395 tokens, yet the correctValues parameter was expecting 402 tokens.
Warning: '.Poisson.NonStrictTest' The test produced only 421 tokens, yet the correctValues parameter was expecting 430 tokens.
]]></system-err>
</testsuite>
