<?xml version="1.0" encoding="UTF-8" ?>
<testsuite errors="0" failures="0" hostname="travis-job-4f7fbad4-1726-466d-9ee1-944004ee8258" name="ptolemy.domains.de.test.junit.JUnitTclTest" skipped="0" tests="101" time="128.96" timestamp="2019-03-24T03:49:29">
  <properties>
[...]
</properties>
  <testcase classname="ptolemy.util.test.junit.TclTests" name="[0] /home/travis/build/icyphy/ptII/ptolemy/domains/de/test/DependencyLoop.tcl (RunTclFile)" time="0.755" />
  <testcase classname="ptolemy.util.test.junit.TclTests" name="[1] /home/travis/build/icyphy/ptII/ptolemy/domains/de/test/RunDETestsAsQSS.tcl (RunTclFile)" time="89.144" />
  <testcase classname="ptolemy.util.test.junit.AutoKnownFailedTests" name="[0] /home/travis/build/icyphy/ptII/ptolemy/domains/de/test/auto/knownFailedTests/DESDFClockTest.xml (RunModel)" time="2.027" />
  <testcase classname="ptolemy.util.test.junit.AutoKnownFailedTests" name="[1] /home/travis/build/icyphy/ptII/ptolemy/domains/de/test/auto/knownFailedTests/DirectFeedback.xml (RunModel)" time="0.01" />
  <testcase classname="ptolemy.util.test.junit.AutoKnownFailedTests" name="[2] /home/travis/build/icyphy/ptII/ptolemy/domains/de/test/auto/knownFailedTests/FSMSource.xml (RunModel)" time="0.016" />
  <testcase classname="ptolemy.util.test.junit.AutoKnownFailedTests" name="[3] /home/travis/build/icyphy/ptII/ptolemy/domains/de/test/auto/knownFailedTests/HierarchicalModel.xml (RunModel)" time="0.028" />
  <testcase classname="ptolemy.util.test.junit.AutoKnownFailedTests" name="[4] /home/travis/build/icyphy/ptII/ptolemy/domains/de/test/auto/knownFailedTests/dependencyLoop.xml (RunModel)" time="0.028" />
  <testcase classname="ptolemy.util.test.junit.AutoKnownFailedTests" name="[5] /home/travis/build/icyphy/ptII/ptolemy/domains/de/test/auto/knownFailedTests/dependencyLoop2.xml (RunModel)" time="0.028" />
  <testcase classname="ptolemy.util.test.junit.AutoNameArchTests" name="[0] ThereAreNoAutoArchTests (RunModel)" time="0.004" />
  <testcase classname="ptolemy.util.test.junit.AutoTests" name="[0] /home/travis/build/icyphy/ptII/ptolemy/domains/de/test/auto/ActorDepthCalculation_actorWithoutPorts.xml (RunModel)" time="0.016" />
  <testcase classname="ptolemy.util.test.junit.AutoTests" name="[1] /home/travis/build/icyphy/ptII/ptolemy/domains/de/test/auto/AssemblyLine.xml (RunModel)" time="0.019" />
  <testcase classname="ptolemy.util.test.junit.AutoTests" name="[2] /home/travis/build/icyphy/ptII/ptolemy/domains/de/test/auto/CQBug1.xml (RunModel)" time="0.013" />
  <testcase classname="ptolemy.util.test.junit.AutoTests" name="[3] /home/travis/build/icyphy/ptII/ptolemy/domains/de/test/auto/CancelFireAt.xml (RunModel)" time="0.01" />
  <testcase classname="ptolemy.util.test.junit.AutoTests" name="[4] /home/travis/build/icyphy/ptII/ptolemy/domains/de/test/auto/CausalityAndComposabilityAnalysis.xml (RunModel)" time="0.007" />
  <testcase classname="ptolemy.util.test.junit.AutoTests" name="[5] /home/travis/build/icyphy/ptII/ptolemy/domains/de/test/auto/CausalityInterface1.xml (RunModel)" time="0.009" />
  <testcase classname="ptolemy.util.test.junit.AutoTests" name="[6] /home/travis/build/icyphy/ptII/ptolemy/domains/de/test/auto/CausalityInterface15.xml (RunModel)" time="0.009" />
  <testcase classname="ptolemy.util.test.junit.AutoTests" name="[7] /home/travis/build/icyphy/ptII/ptolemy/domains/de/test/auto/CausalityInterface2.xml (RunModel)" time="0.007" />
  <testcase classname="ptolemy.util.test.junit.AutoTests" name="[8] /home/travis/build/icyphy/ptII/ptolemy/domains/de/test/auto/CausalityInterface3.xml (RunModel)" time="0.008" />
  <testcase classname="ptolemy.util.test.junit.AutoTests" name="[9] /home/travis/build/icyphy/ptII/ptolemy/domains/de/test/auto/ClockDrift.xml (RunModel)" time="0.027" />
  <testcase classname="ptolemy.util.test.junit.AutoTests" name="[10] /home/travis/build/icyphy/ptII/ptolemy/domains/de/test/auto/ClockDriftAndValueChange.xml (RunModel)" time="0.022" />
  <testcase classname="ptolemy.util.test.junit.AutoTests" name="[11] /home/travis/build/icyphy/ptII/ptolemy/domains/de/test/auto/ClockDriftChange.xml (RunModel)" time="0.018" />
  <testcase classname="ptolemy.util.test.junit.AutoTests" name="[12] /home/travis/build/icyphy/ptII/ptolemy/domains/de/test/auto/ComposableCausalityAnalysis.xml (RunModel)" time="0.016" />
  <testcase classname="ptolemy.util.test.junit.AutoTests" name="[13] /home/travis/build/icyphy/ptII/ptolemy/domains/de/test/auto/DEFixedPointLimitation.xml (RunModel)" time="0.007" />
  <testcase classname="ptolemy.util.test.junit.AutoTests" name="[14] /home/travis/build/icyphy/ptII/ptolemy/domains/de/test/auto/DEScheduleTest.xml (RunModel)" time="0.008" />
  <testcase classname="ptolemy.util.test.junit.AutoTests" name="[15] /home/travis/build/icyphy/ptII/ptolemy/domains/de/test/auto/DEinDEwithStartTimes.xml (RunModel)" time="0.01" />
  <testcase classname="ptolemy.util.test.junit.AutoTests" name="[16] /home/travis/build/icyphy/ptII/ptolemy/domains/de/test/auto/DEinDEwithStartTimes2.xml (RunModel)" time="0.01" />
  <testcase classname="ptolemy.util.test.junit.AutoTests" name="[17] /home/travis/build/icyphy/ptII/ptolemy/domains/de/test/auto/DateDemo.xml (RunModel)" time="0.02" />
  <testcase classname="ptolemy.util.test.junit.AutoTests" name="[18] /home/travis/build/icyphy/ptII/ptolemy/domains/de/test/auto/DateToEvent.xml (RunModel)" time="2.027" />
  <testcase classname="ptolemy.util.test.junit.AutoTests" name="[19] /home/travis/build/icyphy/ptII/ptolemy/domains/de/test/auto/DepthTest1.xml (RunModel)" time="0.015" />
  <testcase classname="ptolemy.util.test.junit.AutoTests" name="[20] /home/travis/build/icyphy/ptII/ptolemy/domains/de/test/auto/DepthTest2.xml (RunModel)" time="0.022" />
  <testcase classname="ptolemy.util.test.junit.AutoTests" name="[21] /home/travis/build/icyphy/ptII/ptolemy/domains/de/test/auto/DepthTest3.xml (RunModel)" time="0.009" />
  <testcase classname="ptolemy.util.test.junit.AutoTests" name="[22] /home/travis/build/icyphy/ptII/ptolemy/domains/de/test/auto/DepthTest4.xml (RunModel)" time="0.014" />
  <testcase classname="ptolemy.util.test.junit.AutoTests" name="[23] /home/travis/build/icyphy/ptII/ptolemy/domains/de/test/auto/DepthTest5.xml (RunModel)" time="0.016" />
  <testcase classname="ptolemy.util.test.junit.AutoTests" name="[24] /home/travis/build/icyphy/ptII/ptolemy/domains/de/test/auto/DepthTest6.xml (RunModel)" time="0.016" />
  <testcase classname="ptolemy.util.test.junit.AutoTests" name="[25] /home/travis/build/icyphy/ptII/ptolemy/domains/de/test/auto/DepthTest7.xml (RunModel)" time="0.013" />
  <testcase classname="ptolemy.util.test.junit.AutoTests" name="[26] /home/travis/build/icyphy/ptII/ptolemy/domains/de/test/auto/EventToDate.xml (RunModel)" time="3.039" />
  <testcase classname="ptolemy.util.test.junit.AutoTests" name="[27] /home/travis/build/icyphy/ptII/ptolemy/domains/de/test/auto/FSM1.xml (RunModel)" time="0.024" />
  <testcase classname="ptolemy.util.test.junit.AutoTests" name="[28] /home/travis/build/icyphy/ptII/ptolemy/domains/de/test/auto/FSM7.xml (RunModel)" time="0.022" />
  <testcase classname="ptolemy.util.test.junit.AutoTests" name="[29] /home/travis/build/icyphy/ptII/ptolemy/domains/de/test/auto/Inspection.xml (RunModel)" time="0.027" />
  <testcase classname="ptolemy.util.test.junit.AutoTests" name="[30] /home/travis/build/icyphy/ptII/ptolemy/domains/de/test/auto/Iteration.xml (RunModel)" time="0.014" />
  <testcase classname="ptolemy.util.test.junit.AutoTests" name="[31] /home/travis/build/icyphy/ptII/ptolemy/domains/de/test/auto/LineFault.xml (RunModel)" time="0.421" />
  <testcase classname="ptolemy.util.test.junit.AutoTests" name="[32] /home/travis/build/icyphy/ptII/ptolemy/domains/de/test/auto/MergeModel1Add.xml (RunModel)" time="0.034" />
  <testcase classname="ptolemy.util.test.junit.AutoTests" name="[33] /home/travis/build/icyphy/ptII/ptolemy/domains/de/test/auto/MergeModel2Add.xml (RunModel)" time="0.028" />
  <testcase classname="ptolemy.util.test.junit.AutoTests" name="[34] /home/travis/build/icyphy/ptII/ptolemy/domains/de/test/auto/MergeModel3Add.xml (RunModel)" time="0.027" />
  <testcase classname="ptolemy.util.test.junit.AutoTests" name="[35] /home/travis/build/icyphy/ptII/ptolemy/domains/de/test/auto/MergeWithoutDiscard.xml (RunModel)" time="0.011" />
  <testcase classname="ptolemy.util.test.junit.AutoTests" name="[36] /home/travis/build/icyphy/ptII/ptolemy/domains/de/test/auto/Modal1.xml (RunModel)" time="0.031" />
  <testcase classname="ptolemy.util.test.junit.AutoTests" name="[37] /home/travis/build/icyphy/ptII/ptolemy/domains/de/test/auto/Modal2.xml (RunModel)" time="0.025" />
  <testcase classname="ptolemy.util.test.junit.AutoTests" name="[38] /home/travis/build/icyphy/ptII/ptolemy/domains/de/test/auto/Modal3.xml (RunModel)" time="0.019" />
  <testcase classname="ptolemy.util.test.junit.AutoTests" name="[39] /home/travis/build/icyphy/ptII/ptolemy/domains/de/test/auto/Modal4.xml (RunModel)" time="0.019" />
  <testcase classname="ptolemy.util.test.junit.AutoTests" name="[40] /home/travis/build/icyphy/ptII/ptolemy/domains/de/test/auto/Modal5.xml (RunModel)" time="0.019" />
  <testcase classname="ptolemy.util.test.junit.AutoTests" name="[41] /home/travis/build/icyphy/ptII/ptolemy/domains/de/test/auto/Modal6.xml (RunModel)" time="0.019" />
  <testcase classname="ptolemy.util.test.junit.AutoTests" name="[42] /home/travis/build/icyphy/ptII/ptolemy/domains/de/test/auto/Modal7.xml (RunModel)" time="0.018" />
  <testcase classname="ptolemy.util.test.junit.AutoTests" name="[43] /home/travis/build/icyphy/ptII/ptolemy/domains/de/test/auto/ModalModel.xml (RunModel)" time="0.114" />
  <testcase classname="ptolemy.util.test.junit.AutoTests" name="[44] /home/travis/build/icyphy/ptII/ptolemy/domains/de/test/auto/ModalSource.xml (RunModel)" time="0.013" />
  <testcase classname="ptolemy.util.test.junit.AutoTests" name="[45] /home/travis/build/icyphy/ptII/ptolemy/domains/de/test/auto/NonInterruptibleTimerZeroDelay.xml (RunModel)" time="0.007" />
  <testcase classname="ptolemy.util.test.junit.AutoTests" name="[46] /home/travis/build/icyphy/ptII/ptolemy/domains/de/test/auto/OpenQueueingNetwork.xml (RunModel)" time="2.119" />
  <testcase classname="ptolemy.util.test.junit.AutoTests" name="[47] /home/travis/build/icyphy/ptII/ptolemy/domains/de/test/auto/OpenQueuingNetwork.xml (RunModel)" time="0.261" />
  <testcase classname="ptolemy.util.test.junit.AutoTests" name="[48] /home/travis/build/icyphy/ptII/ptolemy/domains/de/test/auto/PeriodicSampler.xml (RunModel)" time="0.007" />
  <testcase classname="ptolemy.util.test.junit.AutoTests" name="[49] /home/travis/build/icyphy/ptII/ptolemy/domains/de/test/auto/PersistentIO.xml (RunModel)" time="0.017" />
  <testcase classname="ptolemy.util.test.junit.AutoTests" name="[50] /home/travis/build/icyphy/ptII/ptolemy/domains/de/test/auto/PortParameterResetOnInitialize.xml (RunModel)" time="0.009" />
  <testcase classname="ptolemy.util.test.junit.AutoTests" name="[51] /home/travis/build/icyphy/ptII/ptolemy/domains/de/test/auto/PortParameterUpdates.xml (RunModel)" time="0.012" />
  <testcase classname="ptolemy.util.test.junit.AutoTests" name="[52] /home/travis/build/icyphy/ptII/ptolemy/domains/de/test/auto/QueueAndServer.xml (RunModel)" time="0.018" />
  <testcase classname="ptolemy.util.test.junit.AutoTests" name="[53] /home/travis/build/icyphy/ptII/ptolemy/domains/de/test/auto/Records.xml (RunModel)" time="0.012" />
  <testcase classname="ptolemy.util.test.junit.AutoTests" name="[54] /home/travis/build/icyphy/ptII/ptolemy/domains/de/test/auto/ResetTransitionWithStartTime1.xml (RunModel)" time="0.025" />
  <testcase classname="ptolemy.util.test.junit.AutoTests" name="[55] /home/travis/build/icyphy/ptII/ptolemy/domains/de/test/auto/ResetTransitionWithStartTime2.xml (RunModel)" time="0.021" />
  <testcase classname="ptolemy.util.test.junit.AutoTests" name="[56] /home/travis/build/icyphy/ptII/ptolemy/domains/de/test/auto/ResetTransitionWithStartTime3.xml (RunModel)" time="0.02" />
  <testcase classname="ptolemy.util.test.junit.AutoTests" name="[57] /home/travis/build/icyphy/ptII/ptolemy/domains/de/test/auto/ResetTransitionWithStartTime4.xml (RunModel)" time="0.025" />
  <testcase classname="ptolemy.util.test.junit.AutoTests" name="[58] /home/travis/build/icyphy/ptII/ptolemy/domains/de/test/auto/ResettableTimer1.xml (RunModel)" time="0.011" />
  <testcase classname="ptolemy.util.test.junit.AutoTests" name="[59] /home/travis/build/icyphy/ptII/ptolemy/domains/de/test/auto/ResettableTimer2.xml (RunModel)" time="0.01" />
  <testcase classname="ptolemy.util.test.junit.AutoTests" name="[60] /home/travis/build/icyphy/ptII/ptolemy/domains/de/test/auto/ResettableTimer3.xml (RunModel)" time="0.011" />
  <testcase classname="ptolemy.util.test.junit.AutoTests" name="[61] /home/travis/build/icyphy/ptII/ptolemy/domains/de/test/auto/ResettableTimer4.xml (RunModel)" time="0.01" />
  <testcase classname="ptolemy.util.test.junit.AutoTests" name="[62] /home/travis/build/icyphy/ptII/ptolemy/domains/de/test/auto/ResettableTimer5.xml (RunModel)" time="0.01" />
  <testcase classname="ptolemy.util.test.junit.AutoTests" name="[63] /home/travis/build/icyphy/ptII/ptolemy/domains/de/test/auto/ResettableTimer6.xml (RunModel)" time="0.02" />
  <testcase classname="ptolemy.util.test.junit.AutoTests" name="[64] /home/travis/build/icyphy/ptII/ptolemy/domains/de/test/auto/ServerZeroDelay.xml (RunModel)" time="0.014" />
  <testcase classname="ptolemy.util.test.junit.AutoTests" name="[65] /home/travis/build/icyphy/ptII/ptolemy/domains/de/test/auto/SmartSender.xml (RunModel)" time="3.008" />
  <testcase classname="ptolemy.util.test.junit.AutoTests" name="[66] /home/travis/build/icyphy/ptII/ptolemy/domains/de/test/auto/ThreadedComposite.xml (RunModel)" time="0.225" />
  <testcase classname="ptolemy.util.test.junit.AutoTests" name="[67] /home/travis/build/icyphy/ptII/ptolemy/domains/de/test/auto/Time.xml (RunModel)" time="0.407" />
  <testcase classname="ptolemy.util.test.junit.AutoTests" name="[68] /home/travis/build/icyphy/ptII/ptolemy/domains/de/test/auto/TimeDelayZeroDelay.xml (RunModel)" time="0.012" />
  <testcase classname="ptolemy.util.test.junit.AutoTests" name="[69] /home/travis/build/icyphy/ptII/ptolemy/domains/de/test/auto/TimerZeroDelay.xml (RunModel)" time="0.009" />
  <testcase classname="ptolemy.util.test.junit.AutoTests" name="[70] /home/travis/build/icyphy/ptII/ptolemy/domains/de/test/auto/TimingParadox.xml (RunModel)" time="0.342" />
  <testcase classname="ptolemy.util.test.junit.AutoTests" name="[71] /home/travis/build/icyphy/ptII/ptolemy/domains/de/test/auto/TransferInputs.xml (RunModel)" time="0.014" />
  <testcase classname="ptolemy.util.test.junit.AutoTests" name="[72] /home/travis/build/icyphy/ptII/ptolemy/domains/de/test/auto/TransferOutputs2.xml (RunModel)" time="0.015" />
  <testcase classname="ptolemy.util.test.junit.AutoTests" name="[73] /home/travis/build/icyphy/ptII/ptolemy/domains/de/test/auto/Trilateration.xml (RunModel)" time="11.333" />
  <testcase classname="ptolemy.util.test.junit.AutoTests" name="[74] /home/travis/build/icyphy/ptII/ptolemy/domains/de/test/auto/TwoSigmaDelta.xml (RunModel)" time="2.141" />
  <testcase classname="ptolemy.util.test.junit.AutoTests" name="[75] /home/travis/build/icyphy/ptII/ptolemy/domains/de/test/auto/VariableDelay.xml (RunModel)" time="0.016" />
  <testcase classname="ptolemy.util.test.junit.AutoTests" name="[76] /home/travis/build/icyphy/ptII/ptolemy/domains/de/test/auto/VariableDelay2.xml (RunModel)" time="0.009" />
  <testcase classname="ptolemy.util.test.junit.AutoTests" name="[77] /home/travis/build/icyphy/ptII/ptolemy/domains/de/test/auto/VariableDelayZeroDelay.xml (RunModel)" time="0.015" />
  <testcase classname="ptolemy.util.test.junit.AutoTests" name="[78] /home/travis/build/icyphy/ptII/ptolemy/domains/de/test/auto/VariableDelayZeroDelay2.xml (RunModel)" time="0.014" />
  <testcase classname="ptolemy.util.test.junit.AutoTests" name="[79] /home/travis/build/icyphy/ptII/ptolemy/domains/de/test/auto/deInCt.xml (RunModel)" time="0.015" />
  <testcase classname="ptolemy.util.test.junit.AutoTests" name="[80] /home/travis/build/icyphy/ptII/ptolemy/domains/de/test/auto/deInCt2.xml (RunModel)" time="0.013" />
  <testcase classname="ptolemy.util.test.junit.AutoTests" name="[81] /home/travis/build/icyphy/ptII/ptolemy/domains/de/test/auto/dynamicCausalityInterface1.xml (RunModel)" time="0.018" />
  <testcase classname="ptolemy.util.test.junit.AutoTests" name="[82] /home/travis/build/icyphy/ptII/ptolemy/domains/de/test/auto/fsm_de_test.xml (RunModel)" time="0.024" />
  <testcase classname="ptolemy.util.test.junit.AutoTests" name="[83] /home/travis/build/icyphy/ptII/ptolemy/domains/de/test/auto/functionDependencyReconstruction.xml (RunModel)" time="0.029" />
  <testcase classname="ptolemy.util.test.junit.AutoTests" name="[84] /home/travis/build/icyphy/ptII/ptolemy/domains/de/test/auto/multirate.xml (RunModel)" time="0.016" />
  <testcase classname="ptolemy.util.test.junit.AutoTests" name="[85] /home/travis/build/icyphy/ptII/ptolemy/domains/de/test/auto/multirate2.xml (RunModel)" time="0.014" />
  <testcase classname="ptolemy.util.test.junit.AutoTests" name="[86] /home/travis/build/icyphy/ptII/ptolemy/domains/de/test/auto/realtime.xml (RunModel)" time="10.01" />
  <testcase classname="ptolemy.util.test.junit.AutoTests" name="[87] /home/travis/build/icyphy/ptII/ptolemy/domains/de/test/auto/relationGroup.xml (RunModel)" time="0.01" />
  <testcase classname="ptolemy.util.test.junit.AutoTests" name="[88] /home/travis/build/icyphy/ptII/ptolemy/domains/de/test/auto/relationGroup2.xml (RunModel)" time="0.006" />
  <testcase classname="ptolemy.util.test.junit.AutoTests" name="[89] /home/travis/build/icyphy/ptII/ptolemy/domains/de/test/auto/sortWithOpaquePorts.xml (RunModel)" time="0.008" />
  <testcase classname="ptolemy.util.test.junit.AutoTests" name="[90] /home/travis/build/icyphy/ptII/ptolemy/domains/de/test/auto/transferInputsandOutputs.xml (RunModel)" time="0.012" />
  <testcase classname="ptolemy.util.test.junit.AutoTests" name="[91] /home/travis/build/icyphy/ptII/ptolemy/domains/de/test/auto/triggerType.xml (RunModel)" time="0.008" />
  <system-out><![CDATA[/home/travis/build/icyphy/ptII/ptolemy/domains/de/test/DependencyLoop.tcl
testDefs.tcl: setting time out to 9000 seconds at Sun Mar 24 03:49:29 UTC 2019
16 ms. Memory: 116224K Free: 97512K (84%)
32 ms. Memory: 146944K Free: 142110K (97%)
/home/travis/build/icyphy/ptII/ptolemy/domains/de/test/RunDETestsAsQSS.tcl
Run the DE tests using ptolemy.domains.qss.test.QSSDirectorTest, which extends QSSDirector and prints a message in the constructors.
------------------ testing $PTII/ptolemy/domains/de/test/auto/knownFailedTests/dependencyLoop.xml (Known Failure) 
15 ms. Memory: 146944K Free: 136627K (93%)


==== $PTIIhome/travis/build/icyphy/ptII/ptolemy/domains/de/test/../../../../: Auto Automatic test in file $PTII/ptolemy/domains/de/test/auto/knownFailedTests/dependencyLoop.xml
==== Contents of test case:

	    # FIXME: we should use $relativeFilename here, but it
	    # might have backslashes under Windows, which causes no end
	    # of trouble.
	    createAndExecute $file
	    list {}
	
.... Test generated KNOWN error:
    while executing
ptolemy.kernel.util.IllegalActionException: Found a zero delay loop containing .dependencyLoop.original
  in .dependencyLoop and .dependencyLoop.original
	at ptolemy.actor.util.CausalityInterfaceForComposites._computeOutputPortDepth(CausalityInterfaceForComposites.java:759)
	at ptolemy.actor.util.CausalityInterfaceForComposites._computeInputDepth(CausalityInterfaceForComposites.java:696)
	at ptolemy.actor.util.CausalityInterfaceForComposites._computeOutputPortDepth(CausalityInterfaceForComposites.java:765)
	at ptolemy.actor.util.CausalityInterfaceForComposites._computeInputDepth(CausalityInterfaceForComposites.java:696)
	at ptolemy.actor.util.CausalityInterfaceForComposites._computeOutputPortDepth(CausalityInterfaceForComposites.java:765)
	at ptolemy.actor.util.CausalityInterfaceForComposites._computeInputDepth(CausalityInterfaceForComposites.java:696)
	at ptolemy.actor.util.CausalityInterfaceForComposites._computeActorDepth(CausalityInterfaceForComposites.java:532)
	at ptolemy.actor.util.CausalityInterfaceForComposites.checkForCycles(CausalityInterfaceForComposites.java:96)
	at ptolemy.domains.de.kernel.DEDirector.preinitialize(DEDirector.java:1338)
	at ptolemy.actor.CompositeActor.preinitialize(CompositeActor.java:1828)
	at ptolemy.actor.Manager.preinitializeAndResolveTypes(Manager.java:1040)
	at ptolemy.actor.Manager.initialize(Manager.java:710)
	at ptolemy.actor.Manager.execute(Manager.java:356)
	at ptolemy.actor.Manager.run(Manager.java:1263)
	at ptolemy.actor.Manager$PtolemyRunThread.run(Manager.java:1915)

    while executing
ptolemy.kernel.util.IllegalActionException: Found a zero delay loop containing .dependencyLoop.original
  in .dependencyLoop and .dependencyLoop.original
    while executing
"java::new ptolemy.moml.MoMLSimpleApplication $file
"
    (procedure "createAndExecute" line 2)
    invoked from within
"createAndExecute $file"
    ("uplevel" body line 5)
    invoked from within
"uplevel $contents_of_test"
------------------ testing $PTII/ptolemy/domains/de/test/auto/knownFailedTests/DESDFClockTest.xml (Known Failure) 
2079 ms. Memory: 146944K Free: 120986K (82%)


==== $PTIIhome/travis/build/icyphy/ptII/ptolemy/domains/de/test/../../../../: Auto Automatic test in file $PTII/ptolemy/domains/de/test/auto/knownFailedTests/DESDFClockTest.xml
==== Contents of test case:

	    # FIXME: we should use $relativeFilename here, but it
	    # might have backslashes under Windows, which causes no end
	    # of trouble.
	    createAndExecute $file
	    list {}
	
.... Test generated KNOWN error:
    while executing
ptolemy.kernel.util.IllegalActionException: Actor is not ready to fire.  Perhaps UpSample.prefire() returned false? Try debugging the actor by selecting "Listen to Actor".  Also, for SDF check moml for tokenConsumptionRate on input.
  in .DESDFClockTest.Play Bell.Copy1:SDF Director and .DESDFClockTest.Play Bell.UpSample
	at ptolemy.actor.sched.StaticSchedulingDirector.fire(StaticSchedulingDirector.java:227)
	at ptolemy.domains.sdf.kernel.SDFDirector.fire(SDFDirector.java:500)
	at ptolemy.actor.CompositeActor.fire(CompositeActor.java:455)
	at ptolemy.domains.de.kernel.DEDirector._fire(DEDirector.java:1949)
	at ptolemy.domains.de.kernel.DEDirector.fire(DEDirector.java:502)
	at ptolemy.actor.CompositeActor.fire(CompositeActor.java:455)
	at ptolemy.actor.Manager.iterate(Manager.java:851)
	at ptolemy.actor.Manager.execute(Manager.java:369)
	at ptolemy.actor.Manager.run(Manager.java:1263)
	at ptolemy.actor.Manager$PtolemyRunThread.run(Manager.java:1915)

    while executing
ptolemy.kernel.util.IllegalActionException: Actor is not ready to fire.  Perhaps UpSample.prefire() returned false? Try debugging the actor by selecting "Listen to Actor".  Also, for SDF check moml for tokenConsumptionRate on input.
  in .DESDFClockTest.Play Bell.Copy1:SDF Director and .DESDFClockTest.Play Bell.UpSample
    while executing
"java::new ptolemy.moml.MoMLSimpleApplication $file
"
    (procedure "createAndExecute" line 2)
    invoked from within
"createAndExecute $file"
    ("uplevel" body line 5)
    invoked from within
"uplevel $contents_of_test"
------------------ testing $PTII/ptolemy/domains/de/test/auto/knownFailedTests/FSMSource.xml (Known Failure) 
24 ms. Memory: 146944K Free: 112132K (76%)
!!!! Auto was marked as failing, but now passes
------------------ testing $PTII/ptolemy/domains/de/test/auto/knownFailedTests/dependencyLoop2.xml (Known Failure) 
6 ms. Memory: 146944K Free: 110249K (75%)


==== $PTIIhome/travis/build/icyphy/ptII/ptolemy/domains/de/test/../../../../: Auto Automatic test in file $PTII/ptolemy/domains/de/test/auto/knownFailedTests/dependencyLoop2.xml
==== Contents of test case:

	    # FIXME: we should use $relativeFilename here, but it
	    # might have backslashes under Windows, which causes no end
	    # of trouble.
	    createAndExecute $file
	    list {}
	
.... Test generated KNOWN error:
    while executing
ptolemy.kernel.util.IllegalActionException: Found a zero delay loop containing .dependencyLoop2.original
  in .dependencyLoop2 and .dependencyLoop2.original
	at ptolemy.actor.util.CausalityInterfaceForComposites._computeOutputPortDepth(CausalityInterfaceForComposites.java:759)
	at ptolemy.actor.util.CausalityInterfaceForComposites._computeInputDepth(CausalityInterfaceForComposites.java:696)
	at ptolemy.actor.util.CausalityInterfaceForComposites._computeOutputPortDepth(CausalityInterfaceForComposites.java:765)
	at ptolemy.actor.util.CausalityInterfaceForComposites._computeInputDepth(CausalityInterfaceForComposites.java:696)
	at ptolemy.actor.util.CausalityInterfaceForComposites._computeOutputPortDepth(CausalityInterfaceForComposites.java:765)
	at ptolemy.actor.util.CausalityInterfaceForComposites._computeInputDepth(CausalityInterfaceForComposites.java:696)
	at ptolemy.actor.util.CausalityInterfaceForComposites._computeActorDepth(CausalityInterfaceForComposites.java:532)
	at ptolemy.actor.util.CausalityInterfaceForComposites.checkForCycles(CausalityInterfaceForComposites.java:96)
	at ptolemy.domains.de.kernel.DEDirector.preinitialize(DEDirector.java:1338)
	at ptolemy.actor.CompositeActor.preinitialize(CompositeActor.java:1828)
	at ptolemy.actor.Manager.preinitializeAndResolveTypes(Manager.java:1040)
	at ptolemy.actor.Manager.initialize(Manager.java:710)
	at ptolemy.actor.Manager.execute(Manager.java:356)
	at ptolemy.actor.Manager.run(Manager.java:1263)
	at ptolemy.actor.Manager$PtolemyRunThread.run(Manager.java:1915)

    while executing
ptolemy.kernel.util.IllegalActionException: Found a zero delay loop containing .dependencyLoop2.original
  in .dependencyLoop2 and .dependencyLoop2.original
    while executing
"java::new ptolemy.moml.MoMLSimpleApplication $file
"
    (procedure "createAndExecute" line 2)
    invoked from within
"createAndExecute $file"
    ("uplevel" body line 5)
    invoked from within
"uplevel $contents_of_test"
------------------ testing $PTII/ptolemy/domains/de/test/auto/knownFailedTests/HierarchicalModel.xml (Known Failure) 
6 ms. Memory: 146944K Free: 89902K (61%)


==== $PTIIhome/travis/build/icyphy/ptII/ptolemy/domains/de/test/../../../../: Auto Automatic test in file $PTII/ptolemy/domains/de/test/auto/knownFailedTests/HierarchicalModel.xml
==== Contents of test case:

	    # FIXME: we should use $relativeFilename here, but it
	    # might have backslashes under Windows, which causes no end
	    # of trouble.
	    createAndExecute $file
	    list {}
	
.... Test generated KNOWN error:
    while executing
ptolemy.kernel.util.IllegalActionException: Found a zero delay loop containing .HierarchicalModel.A
  in .HierarchicalModel and .HierarchicalModel.A
	at ptolemy.actor.util.CausalityInterfaceForComposites._computeOutputPortDepth(CausalityInterfaceForComposites.java:759)
	at ptolemy.actor.util.CausalityInterfaceForComposites._computeInputDepth(CausalityInterfaceForComposites.java:696)
	at ptolemy.actor.util.CausalityInterfaceForComposites._computeOutputPortDepth(CausalityInterfaceForComposites.java:765)
	at ptolemy.actor.util.CausalityInterfaceForComposites._computeInputDepth(CausalityInterfaceForComposites.java:696)
	at ptolemy.actor.util.CausalityInterfaceForComposites._computeOutputPortDepth(CausalityInterfaceForComposites.java:765)
	at ptolemy.actor.util.CausalityInterfaceForComposites._computeInputDepth(CausalityInterfaceForComposites.java:696)
	at ptolemy.actor.util.CausalityInterfaceForComposites._computeActorDepth(CausalityInterfaceForComposites.java:532)
	at ptolemy.actor.util.CausalityInterfaceForComposites.checkForCycles(CausalityInterfaceForComposites.java:96)
	at ptolemy.domains.de.kernel.DEDirector.preinitialize(DEDirector.java:1338)
	at ptolemy.actor.CompositeActor.preinitialize(CompositeActor.java:1828)
	at ptolemy.actor.Manager.preinitializeAndResolveTypes(Manager.java:1040)
	at ptolemy.actor.Manager.initialize(Manager.java:710)
	at ptolemy.actor.Manager.execute(Manager.java:356)
	at ptolemy.actor.Manager.run(Manager.java:1263)
	at ptolemy.actor.Manager$PtolemyRunThread.run(Manager.java:1915)

    while executing
ptolemy.kernel.util.IllegalActionException: Found a zero delay loop containing .HierarchicalModel.A
  in .HierarchicalModel and .HierarchicalModel.A
    while executing
"java::new ptolemy.moml.MoMLSimpleApplication $file
"
    (procedure "createAndExecute" line 2)
    invoked from within
"createAndExecute $file"
    ("uplevel" body line 5)
    invoked from within
"uplevel $contents_of_test"
------------------ testing $PTII/ptolemy/domains/de/test/auto/knownFailedTests/DirectFeedback.xml (Known Failure) 
4 ms. Memory: 146944K Free: 85758K (58%)


==== $PTIIhome/travis/build/icyphy/ptII/ptolemy/domains/de/test/../../../../: Auto Automatic test in file $PTII/ptolemy/domains/de/test/auto/knownFailedTests/DirectFeedback.xml
==== Contents of test case:

	    # FIXME: we should use $relativeFilename here, but it
	    # might have backslashes under Windows, which causes no end
	    # of trouble.
	    createAndExecute $file
	    list {}
	
.... Test generated KNOWN error:
    while executing
ptolemy.kernel.util.IllegalActionException: Test fails in iteration 1.
Value was: 1.0. Should have been: 2.0
  in .DirectFeedback.Test
	at ptolemy.actor.lib.Test.fire(Test.java:268)
	at ptolemy.domains.de.kernel.DEDirector._fire(DEDirector.java:1949)
	at ptolemy.domains.de.kernel.DEDirector.fire(DEDirector.java:502)
	at ptolemy.actor.CompositeActor.fire(CompositeActor.java:455)
	at ptolemy.actor.Manager.iterate(Manager.java:851)
	at ptolemy.actor.Manager.execute(Manager.java:369)
	at ptolemy.actor.Manager.run(Manager.java:1263)
	at ptolemy.actor.Manager$PtolemyRunThread.run(Manager.java:1915)

    while executing
ptolemy.kernel.util.IllegalActionException: Test fails in iteration 1.
Value was: 1.0. Should have been: 2.0
  in .DirectFeedback.Test
    while executing
"java::new ptolemy.moml.MoMLSimpleApplication $file
"
    (procedure "createAndExecute" line 2)
    invoked from within
"createAndExecute $file"
    ("uplevel" body line 5)
    invoked from within
"uplevel $contents_of_test"
------------------ testing $PTII/ptolemy/domains/de/test/auto/ActorDepthCalculation_actorWithoutPorts.xml
auto.tcl: Setting watchdog for 200 seconds at Sun Mar 24 03:49:32 UTC 2019
6 ms. Memory: 146944K Free: 138691K (94%)
ptolemy.util.test.WatchDog.cancel(): canceling Sun Mar 24 03:49:32 UTC 2019
auto.tcl: Setting watchdog for 200 seconds at Sun Mar 24 03:49:32 UTC 2019
4 ms. Memory: 146944K Free: 137675K (94%)
ptolemy.util.test.WatchDog.cancel(): canceling Sun Mar 24 03:49:32 UTC 2019
------------------ testing $PTII/ptolemy/domains/de/test/auto/AssemblyLine.xml
auto.tcl: Setting watchdog for 200 seconds at Sun Mar 24 03:49:32 UTC 2019
13 ms. Memory: 208384K Free: 183433K (88%)
ptolemy.util.test.WatchDog.cancel(): canceling Sun Mar 24 03:49:32 UTC 2019
auto.tcl: Setting watchdog for 200 seconds at Sun Mar 24 03:49:32 UTC 2019
7 ms. Memory: 208384K Free: 183433K (88%)
ptolemy.util.test.WatchDog.cancel(): canceling Sun Mar 24 03:49:32 UTC 2019
------------------ testing $PTII/ptolemy/domains/de/test/auto/CQBug1.xml
auto.tcl: Setting watchdog for 200 seconds at Sun Mar 24 03:49:33 UTC 2019
3 ms. Memory: 208384K Free: 197922K (95%)
ptolemy.util.test.WatchDog.cancel(): canceling Sun Mar 24 03:49:33 UTC 2019
auto.tcl: Setting watchdog for 200 seconds at Sun Mar 24 03:49:33 UTC 2019
2 ms. Memory: 208384K Free: 197922K (95%)
ptolemy.util.test.WatchDog.cancel(): canceling Sun Mar 24 03:49:33 UTC 2019
------------------ testing $PTII/ptolemy/domains/de/test/auto/CancelFireAt.xml
auto.tcl: Setting watchdog for 200 seconds at Sun Mar 24 03:49:33 UTC 2019
7 ms. Memory: 208384K Free: 201050K (96%)
ptolemy.util.test.WatchDog.cancel(): canceling Sun Mar 24 03:49:33 UTC 2019
auto.tcl: Setting watchdog for 200 seconds at Sun Mar 24 03:49:33 UTC 2019
5 ms. Memory: 208384K Free: 199017K (96%)
ptolemy.util.test.WatchDog.cancel(): canceling Sun Mar 24 03:49:33 UTC 2019
------------------ testing $PTII/ptolemy/domains/de/test/auto/CausalityAndComposabilityAnalysis.xml
auto.tcl: Setting watchdog for 200 seconds at Sun Mar 24 03:49:33 UTC 2019
13 ms. Memory: 208384K Free: 198614K (95%)
ptolemy.util.test.WatchDog.cancel(): canceling Sun Mar 24 03:49:33 UTC 2019
auto.tcl: Setting watchdog for 200 seconds at Sun Mar 24 03:49:33 UTC 2019
5 ms. Memory: 208384K Free: 196581K (94%)
ptolemy.util.test.WatchDog.cancel(): canceling Sun Mar 24 03:49:33 UTC 2019
------------------ testing $PTII/ptolemy/domains/de/test/auto/CausalityInterface1.xml
auto.tcl: Setting watchdog for 200 seconds at Sun Mar 24 03:49:33 UTC 2019
19 ms. Memory: 208384K Free: 196518K (94%)
ptolemy.util.test.WatchDog.cancel(): canceling Sun Mar 24 03:49:33 UTC 2019
auto.tcl: Setting watchdog for 200 seconds at Sun Mar 24 03:49:33 UTC 2019
3 ms. Memory: 208384K Free: 196518K (94%)
ptolemy.util.test.WatchDog.cancel(): canceling Sun Mar 24 03:49:33 UTC 2019
------------------ testing $PTII/ptolemy/domains/de/test/auto/CausalityInterface15.xml
auto.tcl: Setting watchdog for 200 seconds at Sun Mar 24 03:49:33 UTC 2019
10 ms. Memory: 208384K Free: 196477K (94%)
ptolemy.util.test.WatchDog.cancel(): canceling Sun Mar 24 03:49:33 UTC 2019
auto.tcl: Setting watchdog for 200 seconds at Sun Mar 24 03:49:33 UTC 2019
5 ms. Memory: 208384K Free: 196477K (94%)
ptolemy.util.test.WatchDog.cancel(): canceling Sun Mar 24 03:49:33 UTC 2019
------------------ testing $PTII/ptolemy/domains/de/test/auto/CausalityInterface2.xml
auto.tcl: Setting watchdog for 200 seconds at Sun Mar 24 03:49:33 UTC 2019
9 ms. Memory: 208384K Free: 196493K (94%)
ptolemy.util.test.WatchDog.cancel(): canceling Sun Mar 24 03:49:33 UTC 2019
auto.tcl: Setting watchdog for 200 seconds at Sun Mar 24 03:49:33 UTC 2019
3 ms. Memory: 208384K Free: 196493K (94%)
ptolemy.util.test.WatchDog.cancel(): canceling Sun Mar 24 03:49:33 UTC 2019
------------------ testing $PTII/ptolemy/domains/de/test/auto/CausalityInterface3.xml
auto.tcl: Setting watchdog for 200 seconds at Sun Mar 24 03:49:33 UTC 2019
4 ms. Memory: 208384K Free: 196505K (94%)
ptolemy.util.test.WatchDog.cancel(): canceling Sun Mar 24 03:49:33 UTC 2019
auto.tcl: Setting watchdog for 200 seconds at Sun Mar 24 03:49:33 UTC 2019
7 ms. Memory: 208384K Free: 196505K (94%)
ptolemy.util.test.WatchDog.cancel(): canceling Sun Mar 24 03:49:33 UTC 2019
------------------ testing $PTII/ptolemy/domains/de/test/auto/ClockDrift.xml
auto.tcl: Setting watchdog for 200 seconds at Sun Mar 24 03:49:33 UTC 2019
87 ms. Memory: 208384K Free: 187939K (90%)
ptolemy.util.test.WatchDog.cancel(): canceling Sun Mar 24 03:49:33 UTC 2019
auto.tcl: Setting watchdog for 200 seconds at Sun Mar 24 03:49:33 UTC 2019
57 ms. Memory: 208384K Free: 185906K (89%)
ptolemy.util.test.WatchDog.cancel(): canceling Sun Mar 24 03:49:33 UTC 2019
------------------ testing $PTII/ptolemy/domains/de/test/auto/ClockDriftAndValueChange.xml
auto.tcl: Setting watchdog for 200 seconds at Sun Mar 24 03:49:33 UTC 2019
48 ms. Memory: 208384K Free: 187774K (90%)
ptolemy.util.test.WatchDog.cancel(): canceling Sun Mar 24 03:49:34 UTC 2019
auto.tcl: Setting watchdog for 200 seconds at Sun Mar 24 03:49:34 UTC 2019
30 ms. Memory: 208384K Free: 185741K (89%)
ptolemy.util.test.WatchDog.cancel(): canceling Sun Mar 24 03:49:34 UTC 2019
------------------ testing $PTII/ptolemy/domains/de/test/auto/ClockDriftChange.xml
auto.tcl: Setting watchdog for 200 seconds at Sun Mar 24 03:49:34 UTC 2019
28 ms. Memory: 208384K Free: 191033K (92%)
ptolemy.util.test.WatchDog.cancel(): canceling Sun Mar 24 03:49:34 UTC 2019
auto.tcl: Setting watchdog for 200 seconds at Sun Mar 24 03:49:34 UTC 2019
28 ms. Memory: 208384K Free: 189000K (91%)
ptolemy.util.test.WatchDog.cancel(): canceling Sun Mar 24 03:49:34 UTC 2019
------------------ testing $PTII/ptolemy/domains/de/test/auto/ComposableCausalityAnalysis.xml
auto.tcl: Setting watchdog for 200 seconds at Sun Mar 24 03:49:34 UTC 2019
2 ms. Memory: 208384K Free: 196365K (94%)
ptolemy.util.test.WatchDog.cancel(): canceling Sun Mar 24 03:49:34 UTC 2019
auto.tcl: Setting watchdog for 200 seconds at Sun Mar 24 03:49:34 UTC 2019
2 ms. Memory: 208384K Free: 194324K (93%)
ptolemy.util.test.WatchDog.cancel(): canceling Sun Mar 24 03:49:34 UTC 2019
------------------ testing $PTII/ptolemy/domains/de/test/auto/DEFixedPointLimitation.xml
auto.tcl: Setting watchdog for 200 seconds at Sun Mar 24 03:49:34 UTC 2019
2 ms. Memory: 208384K Free: 198471K (95%)
ptolemy.util.test.WatchDog.cancel(): canceling Sun Mar 24 03:49:34 UTC 2019
auto.tcl: Setting watchdog for 200 seconds at Sun Mar 24 03:49:34 UTC 2019
1 ms. Memory: 208384K Free: 196438K (94%)
ptolemy.util.test.WatchDog.cancel(): canceling Sun Mar 24 03:49:34 UTC 2019
------------------ testing $PTII/ptolemy/domains/de/test/auto/DEScheduleTest.xml
auto.tcl: Setting watchdog for 200 seconds at Sun Mar 24 03:49:34 UTC 2019
4 ms. Memory: 208384K Free: 198497K (95%)
ptolemy.util.test.WatchDog.cancel(): canceling Sun Mar 24 03:49:34 UTC 2019
auto.tcl: Setting watchdog for 200 seconds at Sun Mar 24 03:49:34 UTC 2019
8 ms. Memory: 208384K Free: 196449K (94%)
ptolemy.util.test.WatchDog.cancel(): canceling Sun Mar 24 03:49:34 UTC 2019
------------------ testing $PTII/ptolemy/domains/de/test/auto/DEinDEwithStartTimes.xml
auto.tcl: Setting watchdog for 200 seconds at Sun Mar 24 03:49:34 UTC 2019
8 ms. Memory: 208384K Free: 196418K (94%)
ptolemy.util.test.WatchDog.cancel(): canceling Sun Mar 24 03:49:34 UTC 2019
auto.tcl: Setting watchdog for 200 seconds at Sun Mar 24 03:49:34 UTC 2019
4 ms. Memory: 208384K Free: 194386K (93%)
ptolemy.util.test.WatchDog.cancel(): canceling Sun Mar 24 03:49:34 UTC 2019
------------------ testing $PTII/ptolemy/domains/de/test/auto/DEinDEwithStartTimes2.xml
auto.tcl: Setting watchdog for 200 seconds at Sun Mar 24 03:49:34 UTC 2019
4 ms. Memory: 208384K Free: 196933K (95%)
ptolemy.util.test.WatchDog.cancel(): canceling Sun Mar 24 03:49:34 UTC 2019
auto.tcl: Setting watchdog for 200 seconds at Sun Mar 24 03:49:34 UTC 2019
4 ms. Memory: 208384K Free: 194365K (93%)
ptolemy.util.test.WatchDog.cancel(): canceling Sun Mar 24 03:49:34 UTC 2019
------------------ testing $PTII/ptolemy/domains/de/test/auto/DateDemo.xml
auto.tcl: Setting watchdog for 200 seconds at Sun Mar 24 03:49:34 UTC 2019
13 ms. Memory: 208384K Free: 189006K (91%)
ptolemy.util.test.WatchDog.cancel(): canceling Sun Mar 24 03:49:34 UTC 2019
auto.tcl: Setting watchdog for 200 seconds at Sun Mar 24 03:49:34 UTC 2019
6 ms. Memory: 208384K Free: 186958K (90%)
ptolemy.util.test.WatchDog.cancel(): canceling Sun Mar 24 03:49:34 UTC 2019
------------------ testing $PTII/ptolemy/domains/de/test/auto/DateToEvent.xml
auto.tcl: Setting watchdog for 200 seconds at Sun Mar 24 03:49:34 UTC 2019
2008 ms. Memory: 208384K Free: 183907K (88%)
ptolemy.util.test.WatchDog.cancel(): canceling Sun Mar 24 03:49:36 UTC 2019
auto.tcl: Setting watchdog for 200 seconds at Sun Mar 24 03:49:36 UTC 2019
2009 ms. Memory: 208384K Free: 181449K (87%)
ptolemy.util.test.WatchDog.cancel(): canceling Sun Mar 24 03:49:38 UTC 2019
------------------ testing $PTII/ptolemy/domains/de/test/auto/DepthTest1.xml
auto.tcl: Setting watchdog for 200 seconds at Sun Mar 24 03:49:38 UTC 2019
3 ms. Memory: 208384K Free: 197701K (95%)
ptolemy.util.test.WatchDog.cancel(): canceling Sun Mar 24 03:49:39 UTC 2019
auto.tcl: Setting watchdog for 200 seconds at Sun Mar 24 03:49:39 UTC 2019
1 ms. Memory: 208384K Free: 197701K (95%)
ptolemy.util.test.WatchDog.cancel(): canceling Sun Mar 24 03:49:39 UTC 2019
------------------ testing $PTII/ptolemy/domains/de/test/auto/DepthTest2.xml
auto.tcl: Setting watchdog for 200 seconds at Sun Mar 24 03:49:39 UTC 2019
4 ms. Memory: 208384K Free: 194068K (93%)
ptolemy.util.test.WatchDog.cancel(): canceling Sun Mar 24 03:49:39 UTC 2019
auto.tcl: Setting watchdog for 200 seconds at Sun Mar 24 03:49:39 UTC 2019
2 ms. Memory: 208384K Free: 194068K (93%)
ptolemy.util.test.WatchDog.cancel(): canceling Sun Mar 24 03:49:39 UTC 2019
------------------ testing $PTII/ptolemy/domains/de/test/auto/DepthTest3.xml
auto.tcl: Setting watchdog for 200 seconds at Sun Mar 24 03:49:39 UTC 2019
2 ms. Memory: 208384K Free: 198034K (95%)
ptolemy.util.test.WatchDog.cancel(): canceling Sun Mar 24 03:49:39 UTC 2019
auto.tcl: Setting watchdog for 200 seconds at Sun Mar 24 03:49:39 UTC 2019
1 ms. Memory: 208384K Free: 198034K (95%)
ptolemy.util.test.WatchDog.cancel(): canceling Sun Mar 24 03:49:39 UTC 2019
------------------ testing $PTII/ptolemy/domains/de/test/auto/DepthTest4.xml
auto.tcl: Setting watchdog for 200 seconds at Sun Mar 24 03:49:39 UTC 2019
3 ms. Memory: 208384K Free: 196081K (94%)
ptolemy.util.test.WatchDog.cancel(): canceling Sun Mar 24 03:49:39 UTC 2019
auto.tcl: Setting watchdog for 200 seconds at Sun Mar 24 03:49:39 UTC 2019
2 ms. Memory: 208384K Free: 196081K (94%)
ptolemy.util.test.WatchDog.cancel(): canceling Sun Mar 24 03:49:39 UTC 2019
------------------ testing $PTII/ptolemy/domains/de/test/auto/DepthTest5.xml
auto.tcl: Setting watchdog for 200 seconds at Sun Mar 24 03:49:39 UTC 2019
7 ms. Memory: 208384K Free: 196555K (94%)
ptolemy.util.test.WatchDog.cancel(): canceling Sun Mar 24 03:49:39 UTC 2019
auto.tcl: Setting watchdog for 200 seconds at Sun Mar 24 03:49:39 UTC 2019
3 ms. Memory: 208384K Free: 196555K (94%)
ptolemy.util.test.WatchDog.cancel(): canceling Sun Mar 24 03:49:39 UTC 2019
------------------ testing $PTII/ptolemy/domains/de/test/auto/DepthTest6.xml
auto.tcl: Setting watchdog for 200 seconds at Sun Mar 24 03:49:39 UTC 2019
7 ms. Memory: 208384K Free: 196547K (94%)
ptolemy.util.test.WatchDog.cancel(): canceling Sun Mar 24 03:49:39 UTC 2019
auto.tcl: Setting watchdog for 200 seconds at Sun Mar 24 03:49:39 UTC 2019
3 ms. Memory: 208384K Free: 196547K (94%)
ptolemy.util.test.WatchDog.cancel(): canceling Sun Mar 24 03:49:39 UTC 2019
------------------ testing $PTII/ptolemy/domains/de/test/auto/DepthTest7.xml
auto.tcl: Setting watchdog for 200 seconds at Sun Mar 24 03:49:39 UTC 2019
2 ms. Memory: 208384K Free: 194756K (93%)
ptolemy.util.test.WatchDog.cancel(): canceling Sun Mar 24 03:49:39 UTC 2019
auto.tcl: Setting watchdog for 200 seconds at Sun Mar 24 03:49:39 UTC 2019
2 ms. Memory: 208384K Free: 194756K (93%)
ptolemy.util.test.WatchDog.cancel(): canceling Sun Mar 24 03:49:39 UTC 2019
------------------ testing $PTII/ptolemy/domains/de/test/auto/EventToDate.xml
auto.tcl: Setting watchdog for 200 seconds at Sun Mar 24 03:49:39 UTC 2019
3010 ms. Memory: 208384K Free: 183331K (88%)
ptolemy.util.test.WatchDog.cancel(): canceling Sun Mar 24 03:49:42 UTC 2019
auto.tcl: Setting watchdog for 200 seconds at Sun Mar 24 03:49:42 UTC 2019
3004 ms. Memory: 208384K Free: 183331K (88%)
ptolemy.util.test.WatchDog.cancel(): canceling Sun Mar 24 03:49:45 UTC 2019
------------------ testing $PTII/ptolemy/domains/de/test/auto/FSM1.xml
auto.tcl: Setting watchdog for 200 seconds at Sun Mar 24 03:49:45 UTC 2019
32 ms. Memory: 208384K Free: 189157K (91%)
ptolemy.util.test.WatchDog.cancel(): canceling Sun Mar 24 03:49:45 UTC 2019
auto.tcl: Setting watchdog for 200 seconds at Sun Mar 24 03:49:45 UTC 2019
22 ms. Memory: 208384K Free: 185060K (89%)
ptolemy.util.test.WatchDog.cancel(): canceling Sun Mar 24 03:49:45 UTC 2019
------------------ testing $PTII/ptolemy/domains/de/test/auto/FSM7.xml
auto.tcl: Setting watchdog for 200 seconds at Sun Mar 24 03:49:45 UTC 2019
26 ms. Memory: 208384K Free: 189353K (91%)
ptolemy.util.test.WatchDog.cancel(): canceling Sun Mar 24 03:49:45 UTC 2019
auto.tcl: Setting watchdog for 200 seconds at Sun Mar 24 03:49:45 UTC 2019
21 ms. Memory: 208384K Free: 185268K (89%)
ptolemy.util.test.WatchDog.cancel(): canceling Sun Mar 24 03:49:45 UTC 2019
------------------ testing $PTII/ptolemy/domains/de/test/auto/Inspection.xml
auto.tcl: Setting watchdog for 200 seconds at Sun Mar 24 03:49:45 UTC 2019
22 ms. Memory: 208384K Free: 189077K (91%)
ptolemy.util.test.WatchDog.cancel(): canceling Sun Mar 24 03:49:45 UTC 2019
auto.tcl: Setting watchdog for 200 seconds at Sun Mar 24 03:49:45 UTC 2019
23 ms. Memory: 208384K Free: 187044K (90%)
ptolemy.util.test.WatchDog.cancel(): canceling Sun Mar 24 03:49:46 UTC 2019
------------------ testing $PTII/ptolemy/domains/de/test/auto/Iteration.xml
auto.tcl: Setting watchdog for 200 seconds at Sun Mar 24 03:49:46 UTC 2019
7 ms. Memory: 208384K Free: 196320K (94%)
ptolemy.util.test.WatchDog.cancel(): canceling Sun Mar 24 03:49:46 UTC 2019
auto.tcl: Setting watchdog for 200 seconds at Sun Mar 24 03:49:46 UTC 2019
7 ms. Memory: 208384K Free: 194272K (93%)
ptolemy.util.test.WatchDog.cancel(): canceling Sun Mar 24 03:49:46 UTC 2019
------------------ testing $PTII/ptolemy/domains/de/test/auto/LineFault.xml
auto.tcl: Setting watchdog for 200 seconds at Sun Mar 24 03:49:46 UTC 2019
781 ms. Memory: 208384K Free: 200095K (96%)
ptolemy.util.test.WatchDog.cancel(): canceling Sun Mar 24 03:49:47 UTC 2019
auto.tcl: Setting watchdog for 200 seconds at Sun Mar 24 03:49:47 UTC 2019
676 ms. Memory: 208384K Free: 142850K (69%)
ptolemy.util.test.WatchDog.cancel(): canceling Sun Mar 24 03:49:47 UTC 2019
------------------ testing $PTII/ptolemy/domains/de/test/auto/MergeModel1Add.xml
auto.tcl: Setting watchdog for 200 seconds at Sun Mar 24 03:49:47 UTC 2019
33 ms. Memory: 331264K Free: 300529K (91%)
ptolemy.util.test.WatchDog.cancel(): canceling Sun Mar 24 03:49:48 UTC 2019
auto.tcl: Setting watchdog for 200 seconds at Sun Mar 24 03:49:48 UTC 2019
13 ms. Memory: 331264K Free: 300529K (91%)
ptolemy.util.test.WatchDog.cancel(): canceling Sun Mar 24 03:49:48 UTC 2019
------------------ testing $PTII/ptolemy/domains/de/test/auto/MergeModel2Add.xml
auto.tcl: Setting watchdog for 200 seconds at Sun Mar 24 03:49:48 UTC 2019
10 ms. Memory: 331264K Free: 305422K (92%)
ptolemy.util.test.WatchDog.cancel(): canceling Sun Mar 24 03:49:48 UTC 2019
auto.tcl: Setting watchdog for 200 seconds at Sun Mar 24 03:49:48 UTC 2019
11 ms. Memory: 331264K Free: 301852K (91%)
ptolemy.util.test.WatchDog.cancel(): canceling Sun Mar 24 03:49:48 UTC 2019
------------------ testing $PTII/ptolemy/domains/de/test/auto/MergeModel3Add.xml
auto.tcl: Setting watchdog for 200 seconds at Sun Mar 24 03:49:48 UTC 2019
12 ms. Memory: 331264K Free: 305433K (92%)
ptolemy.util.test.WatchDog.cancel(): canceling Sun Mar 24 03:49:48 UTC 2019
auto.tcl: Setting watchdog for 200 seconds at Sun Mar 24 03:49:48 UTC 2019
10 ms. Memory: 331264K Free: 301862K (91%)
ptolemy.util.test.WatchDog.cancel(): canceling Sun Mar 24 03:49:48 UTC 2019
------------------ testing $PTII/ptolemy/domains/de/test/auto/MergeWithoutDiscard.xml
auto.tcl: Setting watchdog for 200 seconds at Sun Mar 24 03:49:48 UTC 2019
3 ms. Memory: 331264K Free: 316801K (96%)
ptolemy.util.test.WatchDog.cancel(): canceling Sun Mar 24 03:49:48 UTC 2019
auto.tcl: Setting watchdog for 200 seconds at Sun Mar 24 03:49:48 UTC 2019
1 ms. Memory: 331264K Free: 316801K (96%)
ptolemy.util.test.WatchDog.cancel(): canceling Sun Mar 24 03:49:48 UTC 2019
------------------ testing $PTII/ptolemy/domains/de/test/auto/Modal1.xml
auto.tcl: Setting watchdog for 200 seconds at Sun Mar 24 03:49:48 UTC 2019
11 ms. Memory: 331264K Free: 310428K (94%)
ptolemy.util.test.WatchDog.cancel(): canceling Sun Mar 24 03:49:48 UTC 2019
auto.tcl: Setting watchdog for 200 seconds at Sun Mar 24 03:49:48 UTC 2019
12 ms. Memory: 331264K Free: 306858K (93%)
ptolemy.util.test.WatchDog.cancel(): canceling Sun Mar 24 03:49:48 UTC 2019
------------------ testing $PTII/ptolemy/domains/de/test/auto/Modal2.xml
auto.tcl: Setting watchdog for 200 seconds at Sun Mar 24 03:49:48 UTC 2019
17 ms. Memory: 331264K Free: 310286K (94%)
ptolemy.util.test.WatchDog.cancel(): canceling Sun Mar 24 03:49:48 UTC 2019
auto.tcl: Setting watchdog for 200 seconds at Sun Mar 24 03:49:48 UTC 2019
16 ms. Memory: 331264K Free: 306715K (93%)
ptolemy.util.test.WatchDog.cancel(): canceling Sun Mar 24 03:49:48 UTC 2019
------------------ testing $PTII/ptolemy/domains/de/test/auto/Modal3.xml
auto.tcl: Setting watchdog for 200 seconds at Sun Mar 24 03:49:48 UTC 2019
10 ms. Memory: 331264K Free: 310276K (94%)
ptolemy.util.test.WatchDog.cancel(): canceling Sun Mar 24 03:49:48 UTC 2019
auto.tcl: Setting watchdog for 200 seconds at Sun Mar 24 03:49:48 UTC 2019
11 ms. Memory: 331264K Free: 306706K (93%)
ptolemy.util.test.WatchDog.cancel(): canceling Sun Mar 24 03:49:48 UTC 2019
------------------ testing $PTII/ptolemy/domains/de/test/auto/Modal4.xml
auto.tcl: Setting watchdog for 200 seconds at Sun Mar 24 03:49:48 UTC 2019
29 ms. Memory: 331264K Free: 310281K (94%)
ptolemy.util.test.WatchDog.cancel(): canceling Sun Mar 24 03:49:48 UTC 2019
auto.tcl: Setting watchdog for 200 seconds at Sun Mar 24 03:49:48 UTC 2019
18 ms. Memory: 331264K Free: 306727K (93%)
ptolemy.util.test.WatchDog.cancel(): canceling Sun Mar 24 03:49:48 UTC 2019
------------------ testing $PTII/ptolemy/domains/de/test/auto/Modal5.xml
auto.tcl: Setting watchdog for 200 seconds at Sun Mar 24 03:49:48 UTC 2019
20 ms. Memory: 331264K Free: 310284K (94%)
ptolemy.util.test.WatchDog.cancel(): canceling Sun Mar 24 03:49:48 UTC 2019
auto.tcl: Setting watchdog for 200 seconds at Sun Mar 24 03:49:48 UTC 2019
15 ms. Memory: 331264K Free: 306713K (93%)
ptolemy.util.test.WatchDog.cancel(): canceling Sun Mar 24 03:49:48 UTC 2019
------------------ testing $PTII/ptolemy/domains/de/test/auto/Modal6.xml
auto.tcl: Setting watchdog for 200 seconds at Sun Mar 24 03:49:49 UTC 2019
14 ms. Memory: 331264K Free: 310273K (94%)
ptolemy.util.test.WatchDog.cancel(): canceling Sun Mar 24 03:49:49 UTC 2019
auto.tcl: Setting watchdog for 200 seconds at Sun Mar 24 03:49:49 UTC 2019
15 ms. Memory: 331264K Free: 306702K (93%)
ptolemy.util.test.WatchDog.cancel(): canceling Sun Mar 24 03:49:49 UTC 2019
------------------ testing $PTII/ptolemy/domains/de/test/auto/Modal7.xml
auto.tcl: Setting watchdog for 200 seconds at Sun Mar 24 03:49:49 UTC 2019
20 ms. Memory: 331264K Free: 306703K (93%)
ptolemy.util.test.WatchDog.cancel(): canceling Sun Mar 24 03:49:49 UTC 2019
auto.tcl: Setting watchdog for 200 seconds at Sun Mar 24 03:49:49 UTC 2019
11 ms. Memory: 331264K Free: 303140K (92%)
ptolemy.util.test.WatchDog.cancel(): canceling Sun Mar 24 03:49:49 UTC 2019
------------------ testing $PTII/ptolemy/domains/de/test/auto/ModalModel.xml
auto.tcl: Setting watchdog for 200 seconds at Sun Mar 24 03:49:49 UTC 2019
202 ms. Memory: 331264K Free: 247655K (75%)
ptolemy.util.test.WatchDog.cancel(): canceling Sun Mar 24 03:49:49 UTC 2019
auto.tcl: Setting watchdog for 200 seconds at Sun Mar 24 03:49:49 UTC 2019
202 ms. Memory: 331264K Free: 190620K (58%)
ptolemy.util.test.WatchDog.cancel(): canceling Sun Mar 24 03:49:49 UTC 2019
------------------ testing $PTII/ptolemy/domains/de/test/auto/ModalSource.xml
auto.tcl: Setting watchdog for 200 seconds at Sun Mar 24 03:49:49 UTC 2019
10 ms. Memory: 331264K Free: 316552K (96%)
ptolemy.util.test.WatchDog.cancel(): canceling Sun Mar 24 03:49:49 UTC 2019
auto.tcl: Setting watchdog for 200 seconds at Sun Mar 24 03:49:49 UTC 2019
5 ms. Memory: 331264K Free: 313279K (95%)
ptolemy.util.test.WatchDog.cancel(): canceling Sun Mar 24 03:49:49 UTC 2019
------------------ testing $PTII/ptolemy/domains/de/test/auto/NonInterruptibleTimerZeroDelay.xml
auto.tcl: Setting watchdog for 200 seconds at Sun Mar 24 03:49:49 UTC 2019
4 ms. Memory: 331264K Free: 320907K (97%)
ptolemy.util.test.WatchDog.cancel(): canceling Sun Mar 24 03:49:49 UTC 2019
auto.tcl: Setting watchdog for 200 seconds at Sun Mar 24 03:49:49 UTC 2019
2 ms. Memory: 331264K Free: 317635K (96%)
ptolemy.util.test.WatchDog.cancel(): canceling Sun Mar 24 03:49:49 UTC 2019
------------------ testing $PTII/ptolemy/domains/de/test/auto/OpenQueueingNetwork.xml
auto.tcl: Setting watchdog for 200 seconds at Sun Mar 24 03:49:49 UTC 2019
3024 ms. Memory: 573952K Free: 398760K (69%)
ptolemy.util.test.WatchDog.cancel(): canceling Sun Mar 24 03:49:53 UTC 2019
auto.tcl: Setting watchdog for 200 seconds at Sun Mar 24 03:49:53 UTC 2019
2512 ms. Memory: 550912K Free: 288965K (52%)
ptolemy.util.test.WatchDog.cancel(): canceling Sun Mar 24 03:49:55 UTC 2019
------------------ testing $PTII/ptolemy/domains/de/test/auto/OpenQueuingNetwork.xml
auto.tcl: Setting watchdog for 200 seconds at Sun Mar 24 03:49:55 UTC 2019
262 ms. Memory: 549888K Free: 444819K (81%)
ptolemy.util.test.WatchDog.cancel(): canceling Sun Mar 24 03:49:56 UTC 2019
auto.tcl: Setting watchdog for 200 seconds at Sun Mar 24 03:49:56 UTC 2019
257 ms. Memory: 549888K Free: 386041K (70%)
ptolemy.util.test.WatchDog.cancel(): canceling Sun Mar 24 03:49:56 UTC 2019
------------------ testing $PTII/ptolemy/domains/de/test/auto/PeriodicSampler.xml
auto.tcl: Setting watchdog for 200 seconds at Sun Mar 24 03:49:56 UTC 2019
3 ms. Memory: 551936K Free: 534932K (97%)
ptolemy.util.test.WatchDog.cancel(): canceling Sun Mar 24 03:49:56 UTC 2019
auto.tcl: Setting watchdog for 200 seconds at Sun Mar 24 03:49:56 UTC 2019
2 ms. Memory: 551936K Free: 534932K (97%)
ptolemy.util.test.WatchDog.cancel(): canceling Sun Mar 24 03:49:56 UTC 2019
------------------ testing $PTII/ptolemy/domains/de/test/auto/PersistentIO.xml
auto.tcl: Setting watchdog for 200 seconds at Sun Mar 24 03:49:56 UTC 2019
5 ms. Memory: 549376K Free: 526983K (96%)
ptolemy.util.test.WatchDog.cancel(): canceling Sun Mar 24 03:49:56 UTC 2019
auto.tcl: Setting watchdog for 200 seconds at Sun Mar 24 03:49:56 UTC 2019
4 ms. Memory: 549376K Free: 526983K (96%)
ptolemy.util.test.WatchDog.cancel(): canceling Sun Mar 24 03:49:56 UTC 2019
------------------ testing $PTII/ptolemy/domains/de/test/auto/PortParameterResetOnInitialize.xml
auto.tcl: Setting watchdog for 200 seconds at Sun Mar 24 03:49:56 UTC 2019
3 ms. Memory: 551424K Free: 530201K (96%)
ptolemy.util.test.WatchDog.cancel(): canceling Sun Mar 24 03:49:56 UTC 2019
auto.tcl: Setting watchdog for 200 seconds at Sun Mar 24 03:49:56 UTC 2019
2 ms. Memory: 551424K Free: 530201K (96%)
ptolemy.util.test.WatchDog.cancel(): canceling Sun Mar 24 03:49:56 UTC 2019
------------------ testing $PTII/ptolemy/domains/de/test/auto/PortParameterUpdates.xml
auto.tcl: Setting watchdog for 200 seconds at Sun Mar 24 03:49:56 UTC 2019
4 ms. Memory: 549376K Free: 532966K (97%)
ptolemy.util.test.WatchDog.cancel(): canceling Sun Mar 24 03:49:56 UTC 2019
auto.tcl: Setting watchdog for 200 seconds at Sun Mar 24 03:49:56 UTC 2019
7 ms. Memory: 549376K Free: 532966K (97%)
ptolemy.util.test.WatchDog.cancel(): canceling Sun Mar 24 03:49:56 UTC 2019
------------------ testing $PTII/ptolemy/domains/de/test/auto/QueueAndServer.xml
auto.tcl: Setting watchdog for 200 seconds at Sun Mar 24 03:49:56 UTC 2019
11 ms. Memory: 551424K Free: 534976K (97%)
ptolemy.util.test.WatchDog.cancel(): canceling Sun Mar 24 03:49:56 UTC 2019
auto.tcl: Setting watchdog for 200 seconds at Sun Mar 24 03:49:56 UTC 2019
7 ms. Memory: 551424K Free: 528445K (96%)
ptolemy.util.test.WatchDog.cancel(): canceling Sun Mar 24 03:49:56 UTC 2019
------------------ testing $PTII/ptolemy/domains/de/test/auto/Records.xml
auto.tcl: Setting watchdog for 200 seconds at Sun Mar 24 03:49:56 UTC 2019
8 ms. Memory: 549376K Free: 532871K (97%)
ptolemy.util.test.WatchDog.cancel(): canceling Sun Mar 24 03:49:56 UTC 2019
auto.tcl: Setting watchdog for 200 seconds at Sun Mar 24 03:49:56 UTC 2019
3 ms. Memory: 549376K Free: 532871K (97%)
ptolemy.util.test.WatchDog.cancel(): canceling Sun Mar 24 03:49:56 UTC 2019
------------------ testing $PTII/ptolemy/domains/de/test/auto/ResetTransitionWithStartTime1.xml
auto.tcl: Setting watchdog for 200 seconds at Sun Mar 24 03:49:56 UTC 2019
13 ms. Memory: 551424K Free: 528398K (96%)
ptolemy.util.test.WatchDog.cancel(): canceling Sun Mar 24 03:49:56 UTC 2019
auto.tcl: Setting watchdog for 200 seconds at Sun Mar 24 03:49:56 UTC 2019
7 ms. Memory: 551424K Free: 528398K (96%)
ptolemy.util.test.WatchDog.cancel(): canceling Sun Mar 24 03:49:56 UTC 2019
------------------ testing $PTII/ptolemy/domains/de/test/auto/ResetTransitionWithStartTime2.xml
auto.tcl: Setting watchdog for 200 seconds at Sun Mar 24 03:49:56 UTC 2019
6 ms. Memory: 549376K Free: 533431K (97%)
ptolemy.util.test.WatchDog.cancel(): canceling Sun Mar 24 03:49:56 UTC 2019
auto.tcl: Setting watchdog for 200 seconds at Sun Mar 24 03:49:56 UTC 2019
6 ms. Memory: 549376K Free: 526900K (96%)
ptolemy.util.test.WatchDog.cancel(): canceling Sun Mar 24 03:49:56 UTC 2019
------------------ testing $PTII/ptolemy/domains/de/test/auto/ResetTransitionWithStartTime3.xml
auto.tcl: Setting watchdog for 200 seconds at Sun Mar 24 03:49:56 UTC 2019
7 ms. Memory: 550912K Free: 534423K (97%)
ptolemy.util.test.WatchDog.cancel(): canceling Sun Mar 24 03:49:56 UTC 2019
auto.tcl: Setting watchdog for 200 seconds at Sun Mar 24 03:49:56 UTC 2019
10 ms. Memory: 550912K Free: 527891K (96%)
ptolemy.util.test.WatchDog.cancel(): canceling Sun Mar 24 03:49:56 UTC 2019
------------------ testing $PTII/ptolemy/domains/de/test/auto/ResetTransitionWithStartTime4.xml
auto.tcl: Setting watchdog for 200 seconds at Sun Mar 24 03:49:57 UTC 2019
5 ms. Memory: 549376K Free: 526353K (96%)
ptolemy.util.test.WatchDog.cancel(): canceling Sun Mar 24 03:49:57 UTC 2019
auto.tcl: Setting watchdog for 200 seconds at Sun Mar 24 03:49:57 UTC 2019
4 ms. Memory: 549376K Free: 526353K (96%)
ptolemy.util.test.WatchDog.cancel(): canceling Sun Mar 24 03:49:57 UTC 2019
------------------ testing $PTII/ptolemy/domains/de/test/auto/ResettableTimer1.xml
auto.tcl: Setting watchdog for 200 seconds at Sun Mar 24 03:49:57 UTC 2019
2 ms. Memory: 550912K Free: 534416K (97%)
ptolemy.util.test.WatchDog.cancel(): canceling Sun Mar 24 03:49:57 UTC 2019
auto.tcl: Setting watchdog for 200 seconds at Sun Mar 24 03:49:57 UTC 2019
2 ms. Memory: 550912K Free: 534416K (97%)
ptolemy.util.test.WatchDog.cancel(): canceling Sun Mar 24 03:49:57 UTC 2019
------------------ testing $PTII/ptolemy/domains/de/test/auto/ResettableTimer2.xml
auto.tcl: Setting watchdog for 200 seconds at Sun Mar 24 03:49:57 UTC 2019
7 ms. Memory: 549376K Free: 533482K (97%)
ptolemy.util.test.WatchDog.cancel(): canceling Sun Mar 24 03:49:57 UTC 2019
auto.tcl: Setting watchdog for 200 seconds at Sun Mar 24 03:49:57 UTC 2019
2 ms. Memory: 549376K Free: 533482K (97%)
ptolemy.util.test.WatchDog.cancel(): canceling Sun Mar 24 03:49:57 UTC 2019
------------------ testing $PTII/ptolemy/domains/de/test/auto/ResettableTimer3.xml
auto.tcl: Setting watchdog for 200 seconds at Sun Mar 24 03:49:57 UTC 2019
1 ms. Memory: 550912K Free: 534473K (97%)
ptolemy.util.test.WatchDog.cancel(): canceling Sun Mar 24 03:49:57 UTC 2019
auto.tcl: Setting watchdog for 200 seconds at Sun Mar 24 03:49:57 UTC 2019
1 ms. Memory: 550912K Free: 534473K (97%)
ptolemy.util.test.WatchDog.cancel(): canceling Sun Mar 24 03:49:57 UTC 2019
------------------ testing $PTII/ptolemy/domains/de/test/auto/ResettableTimer4.xml
auto.tcl: Setting watchdog for 200 seconds at Sun Mar 24 03:49:57 UTC 2019
1 ms. Memory: 549376K Free: 533493K (97%)
ptolemy.util.test.WatchDog.cancel(): canceling Sun Mar 24 03:49:57 UTC 2019
auto.tcl: Setting watchdog for 200 seconds at Sun Mar 24 03:49:57 UTC 2019
1 ms. Memory: 549376K Free: 533493K (97%)
ptolemy.util.test.WatchDog.cancel(): canceling Sun Mar 24 03:49:57 UTC 2019
------------------ testing $PTII/ptolemy/domains/de/test/auto/ResettableTimer5.xml
auto.tcl: Setting watchdog for 200 seconds at Sun Mar 24 03:49:57 UTC 2019
2 ms. Memory: 550400K Free: 529836K (96%)
ptolemy.util.test.WatchDog.cancel(): canceling Sun Mar 24 03:49:57 UTC 2019
auto.tcl: Setting watchdog for 200 seconds at Sun Mar 24 03:49:57 UTC 2019
1 ms. Memory: 550400K Free: 529836K (96%)
ptolemy.util.test.WatchDog.cancel(): canceling Sun Mar 24 03:49:57 UTC 2019
------------------ testing $PTII/ptolemy/domains/de/test/auto/ResettableTimer6.xml
auto.tcl: Setting watchdog for 200 seconds at Sun Mar 24 03:49:57 UTC 2019
1 ms. Memory: 549376K Free: 528218K (96%)
ptolemy.util.test.WatchDog.cancel(): canceling Sun Mar 24 03:49:57 UTC 2019
auto.tcl: Setting watchdog for 200 seconds at Sun Mar 24 03:49:57 UTC 2019
2 ms. Memory: 549376K Free: 528218K (96%)
ptolemy.util.test.WatchDog.cancel(): canceling Sun Mar 24 03:49:57 UTC 2019
------------------ testing $PTII/ptolemy/domains/de/test/auto/ServerZeroDelay.xml
auto.tcl: Setting watchdog for 200 seconds at Sun Mar 24 03:49:57 UTC 2019
3 ms. Memory: 550400K Free: 534456K (97%)
ptolemy.util.test.WatchDog.cancel(): canceling Sun Mar 24 03:49:57 UTC 2019
auto.tcl: Setting watchdog for 200 seconds at Sun Mar 24 03:49:57 UTC 2019
2 ms. Memory: 550400K Free: 534456K (97%)
ptolemy.util.test.WatchDog.cancel(): canceling Sun Mar 24 03:49:57 UTC 2019
------------------ testing $PTII/ptolemy/domains/de/test/auto/SmartSender.xml
auto.tcl: Setting watchdog for 200 seconds at Sun Mar 24 03:49:57 UTC 2019
3002 ms. Memory: 549376K Free: 528747K (96%)
ptolemy.util.test.WatchDog.cancel(): canceling Sun Mar 24 03:50:00 UTC 2019
auto.tcl: Setting watchdog for 200 seconds at Sun Mar 24 03:50:00 UTC 2019
3002 ms. Memory: 549376K Free: 528747K (96%)
ptolemy.util.test.WatchDog.cancel(): canceling Sun Mar 24 03:50:03 UTC 2019
------------------ testing $PTII/ptolemy/domains/de/test/auto/ThreadedComposite.xml
auto.tcl: Setting watchdog for 200 seconds at Sun Mar 24 03:50:03 UTC 2019
232 ms. Memory: 550400K Free: 513351K (93%)
ptolemy.util.test.WatchDog.cancel(): canceling Sun Mar 24 03:50:03 UTC 2019
auto.tcl: Setting watchdog for 200 seconds at Sun Mar 24 03:50:03 UTC 2019
214 ms. Memory: 550400K Free: 488102K (89%)
ptolemy.util.test.WatchDog.cancel(): canceling Sun Mar 24 03:50:04 UTC 2019
------------------ testing $PTII/ptolemy/domains/de/test/auto/Time.xml
auto.tcl: Setting watchdog for 200 seconds at Sun Mar 24 03:50:04 UTC 2019
551 ms. Memory: 549376K Free: 481132K (88%)
ptolemy.util.test.WatchDog.cancel(): canceling Sun Mar 24 03:50:04 UTC 2019
auto.tcl: Setting watchdog for 200 seconds at Sun Mar 24 03:50:04 UTC 2019
449 ms. Memory: 549376K Free: 428885K (78%)
ptolemy.util.test.WatchDog.cancel(): canceling Sun Mar 24 03:50:05 UTC 2019
------------------ testing $PTII/ptolemy/domains/de/test/auto/TimeDelayZeroDelay.xml
auto.tcl: Setting watchdog for 200 seconds at Sun Mar 24 03:50:05 UTC 2019
3 ms. Memory: 550400K Free: 533829K (97%)
ptolemy.util.test.WatchDog.cancel(): canceling Sun Mar 24 03:50:05 UTC 2019
auto.tcl: Setting watchdog for 200 seconds at Sun Mar 24 03:50:05 UTC 2019
2 ms. Memory: 550400K Free: 533829K (97%)
ptolemy.util.test.WatchDog.cancel(): canceling Sun Mar 24 03:50:05 UTC 2019
------------------ testing $PTII/ptolemy/domains/de/test/auto/TimerZeroDelay.xml
auto.tcl: Setting watchdog for 200 seconds at Sun Mar 24 03:50:05 UTC 2019
2 ms. Memory: 549376K Free: 533392K (97%)
ptolemy.util.test.WatchDog.cancel(): canceling Sun Mar 24 03:50:05 UTC 2019
auto.tcl: Setting watchdog for 200 seconds at Sun Mar 24 03:50:05 UTC 2019
2 ms. Memory: 549376K Free: 533392K (97%)
ptolemy.util.test.WatchDog.cancel(): canceling Sun Mar 24 03:50:05 UTC 2019
------------------ testing $PTII/ptolemy/domains/de/test/auto/TimingParadox.xml
auto.tcl: Setting watchdog for 200 seconds at Sun Mar 24 03:50:05 UTC 2019
340 ms. Memory: 549888K Free: 467932K (85%)
ptolemy.util.test.WatchDog.cancel(): canceling Sun Mar 24 03:50:05 UTC 2019
auto.tcl: Setting watchdog for 200 seconds at Sun Mar 24 03:50:05 UTC 2019
334 ms. Memory: 549888K Free: 435278K (79%)
ptolemy.util.test.WatchDog.cancel(): canceling Sun Mar 24 03:50:06 UTC 2019
------------------ testing $PTII/ptolemy/domains/de/test/auto/TransferInputs.xml
auto.tcl: Setting watchdog for 200 seconds at Sun Mar 24 03:50:06 UTC 2019
2 ms. Memory: 549888K Free: 532866K (97%)
ptolemy.util.test.WatchDog.cancel(): canceling Sun Mar 24 03:50:06 UTC 2019
auto.tcl: Setting watchdog for 200 seconds at Sun Mar 24 03:50:06 UTC 2019
1 ms. Memory: 549888K Free: 532866K (97%)
ptolemy.util.test.WatchDog.cancel(): canceling Sun Mar 24 03:50:06 UTC 2019
------------------ testing $PTII/ptolemy/domains/de/test/auto/TransferOutputs2.xml
auto.tcl: Setting watchdog for 200 seconds at Sun Mar 24 03:50:06 UTC 2019
11 ms. Memory: 549376K Free: 522229K (95%)
ptolemy.util.test.WatchDog.cancel(): canceling Sun Mar 24 03:50:06 UTC 2019
auto.tcl: Setting watchdog for 200 seconds at Sun Mar 24 03:50:06 UTC 2019
3 ms. Memory: 549376K Free: 522229K (95%)
ptolemy.util.test.WatchDog.cancel(): canceling Sun Mar 24 03:50:06 UTC 2019
------------------ testing $PTII/ptolemy/domains/de/test/auto/Trilateration.xml
auto.tcl: Setting watchdog for 200 seconds at Sun Mar 24 03:50:06 UTC 2019
14351 ms. Memory: 766976K Free: 248945K (32%)
ptolemy.util.test.WatchDog.cancel(): canceling Sun Mar 24 03:50:21 UTC 2019
auto.tcl: Setting watchdog for 200 seconds at Sun Mar 24 03:50:21 UTC 2019
11043 ms. Memory: 646144K Free: 91264K (14%)
ptolemy.util.test.WatchDog.cancel(): canceling Sun Mar 24 03:50:32 UTC 2019
------------------ testing $PTII/ptolemy/domains/de/test/auto/TwoSigmaDelta.xml
auto.tcl: Setting watchdog for 200 seconds at Sun Mar 24 03:50:32 UTC 2019
2604 ms. Memory: 649728K Free: 363655K (56%)
ptolemy.util.test.WatchDog.cancel(): canceling Sun Mar 24 03:50:35 UTC 2019
auto.tcl: Setting watchdog for 200 seconds at Sun Mar 24 03:50:35 UTC 2019
2119 ms. Memory: 649728K Free: 125703K (19%)
ptolemy.util.test.WatchDog.cancel(): canceling Sun Mar 24 03:50:37 UTC 2019
------------------ testing $PTII/ptolemy/domains/de/test/auto/VariableDelay.xml
auto.tcl: Setting watchdog for 200 seconds at Sun Mar 24 03:50:37 UTC 2019
4 ms. Memory: 646656K Free: 627011K (97%)
ptolemy.util.test.WatchDog.cancel(): canceling Sun Mar 24 03:50:37 UTC 2019
auto.tcl: Setting watchdog for 200 seconds at Sun Mar 24 03:50:37 UTC 2019
2 ms. Memory: 646656K Free: 627011K (97%)
ptolemy.util.test.WatchDog.cancel(): canceling Sun Mar 24 03:50:37 UTC 2019
------------------ testing $PTII/ptolemy/domains/de/test/auto/VariableDelay2.xml
auto.tcl: Setting watchdog for 200 seconds at Sun Mar 24 03:50:37 UTC 2019
13 ms. Memory: 646144K Free: 626988K (97%)
ptolemy.util.test.WatchDog.cancel(): canceling Sun Mar 24 03:50:37 UTC 2019
auto.tcl: Setting watchdog for 200 seconds at Sun Mar 24 03:50:37 UTC 2019
3 ms. Memory: 646144K Free: 626988K (97%)
ptolemy.util.test.WatchDog.cancel(): canceling Sun Mar 24 03:50:37 UTC 2019
------------------ testing $PTII/ptolemy/domains/de/test/auto/VariableDelayZeroDelay.xml
auto.tcl: Setting watchdog for 200 seconds at Sun Mar 24 03:50:38 UTC 2019
2 ms. Memory: 646144K Free: 621340K (96%)
ptolemy.util.test.WatchDog.cancel(): canceling Sun Mar 24 03:50:38 UTC 2019
auto.tcl: Setting watchdog for 200 seconds at Sun Mar 24 03:50:38 UTC 2019
2 ms. Memory: 646144K Free: 621340K (96%)
ptolemy.util.test.WatchDog.cancel(): canceling Sun Mar 24 03:50:38 UTC 2019
------------------ testing $PTII/ptolemy/domains/de/test/auto/VariableDelayZeroDelay2.xml
auto.tcl: Setting watchdog for 200 seconds at Sun Mar 24 03:50:38 UTC 2019
6 ms. Memory: 649216K Free: 624409K (96%)
ptolemy.util.test.WatchDog.cancel(): canceling Sun Mar 24 03:50:38 UTC 2019
auto.tcl: Setting watchdog for 200 seconds at Sun Mar 24 03:50:38 UTC 2019
2 ms. Memory: 649216K Free: 624409K (96%)
ptolemy.util.test.WatchDog.cancel(): canceling Sun Mar 24 03:50:38 UTC 2019
------------------ testing $PTII/ptolemy/domains/de/test/auto/deInCt.xml
auto.tcl: Setting watchdog for 200 seconds at Sun Mar 24 03:50:38 UTC 2019
0
1
1
1
0
0
0
0
0
0
1
1
1
0
0
0
0
1
1
1
0
0
0
1
1
1
1
1
0
0
0
1
1
0
0
0
0
13 ms. Memory: 646144K Free: 621259K (96%)
ptolemy.util.test.WatchDog.cancel(): canceling Sun Mar 24 03:50:38 UTC 2019
auto.tcl: Setting watchdog for 200 seconds at Sun Mar 24 03:50:38 UTC 2019
0
1
1
1
1
1
1
0
0
0
1
1
1
0
0
0
0
1
1
1
0
0
0
1
1
1
0
0
0
1
1
1
0
0
0
1
1
1
0
0
0
0
7 ms. Memory: 646144K Free: 621259K (96%)
ptolemy.util.test.WatchDog.cancel(): canceling Sun Mar 24 03:50:38 UTC 2019
------------------ testing $PTII/ptolemy/domains/de/test/auto/deInCt2.xml
auto.tcl: Setting watchdog for 200 seconds at Sun Mar 24 03:50:38 UTC 2019
0
1
1
1
0
0
1
1
1
0
0
1
1
1
0
0
1
1
1
0
0
1
1
1
0
0
1
1
1
0
0
1
1
1
0
0
1
1
1
0
0
0
8 ms. Memory: 648704K Free: 623894K (96%)
ptolemy.util.test.WatchDog.cancel(): canceling Sun Mar 24 03:50:38 UTC 2019
auto.tcl: Setting watchdog for 200 seconds at Sun Mar 24 03:50:38 UTC 2019
0
1
1
1
0
0
1
1
1
0
0
1
1
1
0
0
1
1
1
0
0
1
1
1
0
0
1
1
1
0
0
1
1
1
0
0
1
1
1
0
0
0
9 ms. Memory: 648704K Free: 623894K (96%)
ptolemy.util.test.WatchDog.cancel(): canceling Sun Mar 24 03:50:38 UTC 2019
------------------ testing $PTII/ptolemy/domains/de/test/auto/dynamicCausalityInterface1.xml
auto.tcl: Setting watchdog for 200 seconds at Sun Mar 24 03:50:38 UTC 2019
1 ms. Memory: 646144K Free: 612662K (95%)
ptolemy.util.test.WatchDog.cancel(): canceling Sun Mar 24 03:50:38 UTC 2019
auto.tcl: Setting watchdog for 200 seconds at Sun Mar 24 03:50:38 UTC 2019
2 ms. Memory: 646144K Free: 612662K (95%)
ptolemy.util.test.WatchDog.cancel(): canceling Sun Mar 24 03:50:38 UTC 2019
------------------ testing $PTII/ptolemy/domains/de/test/auto/fsm_de_test.xml
auto.tcl: Setting watchdog for 200 seconds at Sun Mar 24 03:50:38 UTC 2019
12 ms. Memory: 648192K Free: 623272K (96%)
ptolemy.util.test.WatchDog.cancel(): canceling Sun Mar 24 03:50:38 UTC 2019
auto.tcl: Setting watchdog for 200 seconds at Sun Mar 24 03:50:38 UTC 2019
6 ms. Memory: 648192K Free: 614597K (95%)
ptolemy.util.test.WatchDog.cancel(): canceling Sun Mar 24 03:50:38 UTC 2019
------------------ testing $PTII/ptolemy/domains/de/test/auto/functionDependencyReconstruction.xml
auto.tcl: Setting watchdog for 200 seconds at Sun Mar 24 03:50:38 UTC 2019
3 ms. Memory: 646144K Free: 612540K (95%)
ptolemy.util.test.WatchDog.cancel(): canceling Sun Mar 24 03:50:38 UTC 2019
auto.tcl: Setting watchdog for 200 seconds at Sun Mar 24 03:50:38 UTC 2019
2 ms. Memory: 646144K Free: 612540K (95%)
ptolemy.util.test.WatchDog.cancel(): canceling Sun Mar 24 03:50:38 UTC 2019
------------------ testing $PTII/ptolemy/domains/de/test/auto/multirate.xml
auto.tcl: Setting watchdog for 200 seconds at Sun Mar 24 03:50:38 UTC 2019
3 ms. Memory: 648192K Free: 623139K (96%)
ptolemy.util.test.WatchDog.cancel(): canceling Sun Mar 24 03:50:38 UTC 2019
auto.tcl: Setting watchdog for 200 seconds at Sun Mar 24 03:50:38 UTC 2019
3 ms. Memory: 648192K Free: 623139K (96%)
ptolemy.util.test.WatchDog.cancel(): canceling Sun Mar 24 03:50:38 UTC 2019
------------------ testing $PTII/ptolemy/domains/de/test/auto/multirate2.xml
auto.tcl: Setting watchdog for 200 seconds at Sun Mar 24 03:50:38 UTC 2019
3 ms. Memory: 646144K Free: 621279K (96%)
ptolemy.util.test.WatchDog.cancel(): canceling Sun Mar 24 03:50:38 UTC 2019
auto.tcl: Setting watchdog for 200 seconds at Sun Mar 24 03:50:38 UTC 2019
3 ms. Memory: 646144K Free: 621279K (96%)
ptolemy.util.test.WatchDog.cancel(): canceling Sun Mar 24 03:50:38 UTC 2019
------------------ testing $PTII/ptolemy/domains/de/test/auto/realtime.xml
auto.tcl: Setting watchdog for 200 seconds at Sun Mar 24 03:50:38 UTC 2019
10001 ms. Memory: 647680K Free: 622738K (96%)
ptolemy.util.test.WatchDog.cancel(): canceling Sun Mar 24 03:50:48 UTC 2019
auto.tcl: Setting watchdog for 200 seconds at Sun Mar 24 03:50:48 UTC 2019
10001 ms. Memory: 647680K Free: 622738K (96%)
ptolemy.util.test.WatchDog.cancel(): canceling Sun Mar 24 03:50:58 UTC 2019
------------------ testing $PTII/ptolemy/domains/de/test/auto/relationGroup.xml
auto.tcl: Setting watchdog for 200 seconds at Sun Mar 24 03:50:58 UTC 2019
1 ms. Memory: 646144K Free: 621303K (96%)
ptolemy.util.test.WatchDog.cancel(): canceling Sun Mar 24 03:50:58 UTC 2019
auto.tcl: Setting watchdog for 200 seconds at Sun Mar 24 03:50:58 UTC 2019
1 ms. Memory: 646144K Free: 621303K (96%)
ptolemy.util.test.WatchDog.cancel(): canceling Sun Mar 24 03:50:58 UTC 2019
------------------ testing $PTII/ptolemy/domains/de/test/auto/relationGroup2.xml
auto.tcl: Setting watchdog for 200 seconds at Sun Mar 24 03:50:58 UTC 2019
1 ms. Memory: 647680K Free: 622866K (96%)
ptolemy.util.test.WatchDog.cancel(): canceling Sun Mar 24 03:50:58 UTC 2019
auto.tcl: Setting watchdog for 200 seconds at Sun Mar 24 03:50:58 UTC 2019
2 ms. Memory: 647680K Free: 622866K (96%)
ptolemy.util.test.WatchDog.cancel(): canceling Sun Mar 24 03:50:58 UTC 2019
------------------ testing $PTII/ptolemy/domains/de/test/auto/sortWithOpaquePorts.xml
auto.tcl: Setting watchdog for 200 seconds at Sun Mar 24 03:50:58 UTC 2019
1 ms. Memory: 646144K Free: 621331K (96%)
ptolemy.util.test.WatchDog.cancel(): canceling Sun Mar 24 03:50:58 UTC 2019
auto.tcl: Setting watchdog for 200 seconds at Sun Mar 24 03:50:58 UTC 2019
1 ms. Memory: 646144K Free: 621331K (96%)
ptolemy.util.test.WatchDog.cancel(): canceling Sun Mar 24 03:50:58 UTC 2019
------------------ testing $PTII/ptolemy/domains/de/test/auto/transferInputsandOutputs.xml
auto.tcl: Setting watchdog for 200 seconds at Sun Mar 24 03:50:58 UTC 2019
2 ms. Memory: 647168K Free: 622342K (96%)
ptolemy.util.test.WatchDog.cancel(): canceling Sun Mar 24 03:50:58 UTC 2019
auto.tcl: Setting watchdog for 200 seconds at Sun Mar 24 03:50:58 UTC 2019
1 ms. Memory: 647168K Free: 622342K (96%)
ptolemy.util.test.WatchDog.cancel(): canceling Sun Mar 24 03:50:58 UTC 2019
------------------ testing $PTII/ptolemy/domains/de/test/auto/triggerType.xml
auto.tcl: Setting watchdog for 200 seconds at Sun Mar 24 03:50:58 UTC 2019
1 ms. Memory: 646144K Free: 621265K (96%)
ptolemy.util.test.WatchDog.cancel(): canceling Sun Mar 24 03:50:58 UTC 2019
auto.tcl: Setting watchdog for 200 seconds at Sun Mar 24 03:50:58 UTC 2019
2 ms. Memory: 646144K Free: 621265K (96%)
ptolemy.util.test.WatchDog.cancel(): canceling Sun Mar 24 03:50:58 UTC 2019
03/24/19 03:50:58
Failed: 0  Total Tests: 192  ((Passed: 187, Newly Passed: 1)  Known Failed: 5) /home/travis/build/icyphy/ptII/ptolemy/domains/de/test
03/24/19 03:50:59
Failed: 0  Total Tests: 192  ((Passed: 187, Newly Passed: 1)  Known Failed: 5) /home/travis/build/icyphy/ptII/ptolemy/domains/de/test
----------------- testing (KnownFailure) /home/travis/build/icyphy/ptII/ptolemy/domains/de/test/auto/knownFailedTests/DESDFClockTest.xml
2008 ms. Memory: 647168K Free: 610972K (94%)
Known Failure: java.lang.reflect.InvocationTargetException
----------------- testing (KnownFailure) /home/travis/build/icyphy/ptII/ptolemy/domains/de/test/auto/knownFailedTests/DirectFeedback.xml
1 ms. Memory: 647168K Free: 565793K (87%)
Known Failure: java.lang.reflect.InvocationTargetException
----------------- testing (KnownFailure) /home/travis/build/icyphy/ptII/ptolemy/domains/de/test/auto/knownFailedTests/FSMSource.xml
4 ms. Memory: 647168K Free: 520613K (80%)
----------------- testing (KnownFailure) /home/travis/build/icyphy/ptII/ptolemy/domains/de/test/auto/knownFailedTests/HierarchicalModel.xml
2 ms. Memory: 647168K Free: 486713K (75%)
Known Failure: java.lang.reflect.InvocationTargetException
----------------- testing (KnownFailure) /home/travis/build/icyphy/ptII/ptolemy/domains/de/test/auto/knownFailedTests/dependencyLoop.xml
2 ms. Memory: 647168K Free: 430231K (66%)
Known Failure: java.lang.reflect.InvocationTargetException
----------------- testing (KnownFailure) /home/travis/build/icyphy/ptII/ptolemy/domains/de/test/auto/knownFailedTests/dependencyLoop2.xml
2 ms. Memory: 647168K Free: 373741K (58%)
Known Failure: java.lang.reflect.InvocationTargetException
No auto/linux-amd64/*.xml tests in /home/travis/build/icyphy/ptII/ptolemy/domains/de/test
AutoTests.java: About to close Vertx.
AutoTests.java: Vertx closed.

===========================================================================================
----------------- testing Sun Mar 24 03:51:01 UTC 2019 /home/travis/build/icyphy/ptII/ptolemy/domains/de/test/auto/ActorDepthCalculation_actorWithoutPorts.xml
----------------- Instantiating /home/travis/build/icyphy/ptII/ptolemy/domains/de/test/auto/ActorDepthCalculation_actorWithoutPorts.xml
1 ms. Memory: 647168K Free: 317267K (49%)
----------------- Invoking toplevel() on ptolemy.moml.MoMLSimpleApplication@e30d88a
----------------- Done invoking toplevel() on ptolemy.moml.MoMLSimpleApplication@e30d88a
reloadAllAccessors: .ActorDepthCalculation_actorWithoutPorts

===========================================================================================
----------------- testing Sun Mar 24 03:51:01 UTC 2019 /home/travis/build/icyphy/ptII/ptolemy/domains/de/test/auto/AssemblyLine.xml
----------------- Instantiating /home/travis/build/icyphy/ptII/ptolemy/domains/de/test/auto/AssemblyLine.xml
3 ms. Memory: 647168K Free: 294678K (46%)
----------------- Invoking toplevel() on ptolemy.moml.MoMLSimpleApplication@79d9724b
----------------- Done invoking toplevel() on ptolemy.moml.MoMLSimpleApplication@79d9724b
reloadAllAccessors: .AssemblyLine

===========================================================================================
----------------- testing Sun Mar 24 03:51:01 UTC 2019 /home/travis/build/icyphy/ptII/ptolemy/domains/de/test/auto/CQBug1.xml
----------------- Instantiating /home/travis/build/icyphy/ptII/ptolemy/domains/de/test/auto/CQBug1.xml
2 ms. Memory: 647168K Free: 272088K (42%)
----------------- Invoking toplevel() on ptolemy.moml.MoMLSimpleApplication@35738a2b
----------------- Done invoking toplevel() on ptolemy.moml.MoMLSimpleApplication@35738a2b
reloadAllAccessors: .CQBug1

===========================================================================================
----------------- testing Sun Mar 24 03:51:01 UTC 2019 /home/travis/build/icyphy/ptII/ptolemy/domains/de/test/auto/CancelFireAt.xml
----------------- Instantiating /home/travis/build/icyphy/ptII/ptolemy/domains/de/test/auto/CancelFireAt.xml
0 ms. Memory: 647168K Free: 249499K (39%)
----------------- Invoking toplevel() on ptolemy.moml.MoMLSimpleApplication@7bcb2e6a
----------------- Done invoking toplevel() on ptolemy.moml.MoMLSimpleApplication@7bcb2e6a
reloadAllAccessors: .CancelFireAt

===========================================================================================
----------------- testing Sun Mar 24 03:51:01 UTC 2019 /home/travis/build/icyphy/ptII/ptolemy/domains/de/test/auto/CausalityAndComposabilityAnalysis.xml
----------------- Instantiating /home/travis/build/icyphy/ptII/ptolemy/domains/de/test/auto/CausalityAndComposabilityAnalysis.xml
1 ms. Memory: 647168K Free: 226909K (35%)
----------------- Invoking toplevel() on ptolemy.moml.MoMLSimpleApplication@3de4a4d8
----------------- Done invoking toplevel() on ptolemy.moml.MoMLSimpleApplication@3de4a4d8
reloadAllAccessors: .CausalityAndComposabilityAnalysis

===========================================================================================
----------------- testing Sun Mar 24 03:51:01 UTC 2019 /home/travis/build/icyphy/ptII/ptolemy/domains/de/test/auto/CausalityInterface1.xml
----------------- Instantiating /home/travis/build/icyphy/ptII/ptolemy/domains/de/test/auto/CausalityInterface1.xml
3 ms. Memory: 647168K Free: 204320K (32%)
----------------- Invoking toplevel() on ptolemy.moml.MoMLSimpleApplication@64538e25
----------------- Done invoking toplevel() on ptolemy.moml.MoMLSimpleApplication@64538e25
reloadAllAccessors: .CausalityInterface1

===========================================================================================
----------------- testing Sun Mar 24 03:51:01 UTC 2019 /home/travis/build/icyphy/ptII/ptolemy/domains/de/test/auto/CausalityInterface15.xml
----------------- Instantiating /home/travis/build/icyphy/ptII/ptolemy/domains/de/test/auto/CausalityInterface15.xml
1 ms. Memory: 647168K Free: 181731K (28%)
----------------- Invoking toplevel() on ptolemy.moml.MoMLSimpleApplication@36bd431d
----------------- Done invoking toplevel() on ptolemy.moml.MoMLSimpleApplication@36bd431d
reloadAllAccessors: .CausalityInterface15

[...]
java.lang.RuntimeException: Execution failed
	at ptolemy.moml.MoMLSimpleApplication$UnloadThread.run(MoMLSimpleApplication.java:402)
Caused by: ptolemy.kernel.util.IllegalActionException: Test fails in iteration 1.
Value was: 1.0. Should have been: 2.0
  in .DirectFeedback.Test
	at ptolemy.actor.lib.Test.fire(Test.java:268)
	at ptolemy.domains.de.kernel.DEDirector._fire(DEDirector.java:1949)
	at ptolemy.domains.de.kernel.DEDirector.fire(DEDirector.java:502)
	at ptolemy.actor.CompositeActor.fire(CompositeActor.java:455)
	at ptolemy.actor.Manager.iterate(Manager.java:851)
	at ptolemy.actor.Manager.execute(Manager.java:369)
	at ptolemy.actor.Manager.run(Manager.java:1263)
	at ptolemy.actor.Manager$PtolemyRunThread.run(Manager.java:1915)
java.lang.RuntimeException: Execution failed
	at ptolemy.moml.MoMLSimpleApplication$UnloadThread.run(MoMLSimpleApplication.java:402)
Caused by: ptolemy.kernel.util.IllegalActionException: Actor is not ready to fire.  Perhaps UpSample.prefire() returned false? Try debugging the actor by selecting "Listen to Actor".  Also, for SDF check moml for tokenConsumptionRate on input.
  in .DESDFClockTest.Play Bell.Copy1:SDF Director and .DESDFClockTest.Play Bell.UpSample
	at ptolemy.actor.sched.StaticSchedulingDirector.fire(StaticSchedulingDirector.java:227)
	at ptolemy.domains.sdf.kernel.SDFDirector.fire(SDFDirector.java:500)
	at ptolemy.actor.CompositeActor.fire(CompositeActor.java:455)
	at ptolemy.domains.de.kernel.DEDirector._fire(DEDirector.java:1949)
	at ptolemy.domains.de.kernel.DEDirector.fire(DEDirector.java:502)
	at ptolemy.actor.CompositeActor.fire(CompositeActor.java:455)
	at ptolemy.actor.Manager.iterate(Manager.java:851)
	at ptolemy.actor.Manager.execute(Manager.java:369)
	at ptolemy.actor.Manager.run(Manager.java:1263)
	at ptolemy.actor.Manager$PtolemyRunThread.run(Manager.java:1915)
java.lang.reflect.InvocationTargetException
	at sun.reflect.NativeConstructorAccessorImpl.newInstance0(Native Method)
	at sun.reflect.NativeConstructorAccessorImpl.newInstance(NativeConstructorAccessorImpl.java:62)
	at sun.reflect.DelegatingConstructorAccessorImpl.newInstance(DelegatingConstructorAccessorImpl.java:45)
	at java.lang.reflect.Constructor.newInstance(Constructor.java:423)
	at ptolemy.util.test.junit.AutoKnownFailedTests.RunModel(AutoKnownFailedTests.java:105)
	at sun.reflect.NativeMethodAccessorImpl.invoke0(Native Method)
	at sun.reflect.NativeMethodAccessorImpl.invoke(NativeMethodAccessorImpl.java:62)
	at sun.reflect.DelegatingMethodAccessorImpl.invoke(DelegatingMethodAccessorImpl.java:43)
	at java.lang.reflect.Method.invoke(Method.java:498)
	at org.junit.runners.model.FrameworkMethod$1.runReflectiveCall(FrameworkMethod.java:44)
	at org.junit.internal.runners.model.ReflectiveCallable.run(ReflectiveCallable.java:15)
	at org.junit.runners.model.FrameworkMethod.invokeExplosively(FrameworkMethod.java:41)
	at junitparams.internal.InvokeParameterisedMethod.evaluate(InvokeParameterisedMethod.java:102)
	at org.junit.internal.runners.statements.FailOnTimeout$1.run(FailOnTimeout.java:28)
Caused by: ptolemy.kernel.util.IllegalActionException: Actor is not ready to fire.  Perhaps UpSample.prefire() returned false? Try debugging the actor by selecting "Listen to Actor".  Also, for SDF check moml for tokenConsumptionRate on input.
  in .DESDFClockTest.Play Bell.Copy1:SDF Director and .DESDFClockTest.Play Bell.UpSample
	at ptolemy.actor.sched.StaticSchedulingDirector.fire(StaticSchedulingDirector.java:227)
	at ptolemy.domains.sdf.kernel.SDFDirector.fire(SDFDirector.java:500)
	at ptolemy.actor.CompositeActor.fire(CompositeActor.java:455)
	at ptolemy.domains.de.kernel.DEDirector._fire(DEDirector.java:1949)
	at ptolemy.domains.de.kernel.DEDirector.fire(DEDirector.java:502)
	at ptolemy.actor.CompositeActor.fire(CompositeActor.java:455)
	at ptolemy.actor.Manager.iterate(Manager.java:851)
	at ptolemy.actor.Manager.execute(Manager.java:369)
	at ptolemy.actor.Manager.run(Manager.java:1263)
	at ptolemy.actor.Manager$PtolemyRunThread.run(Manager.java:1915)
java.lang.RuntimeException: Execution failed
	at ptolemy.moml.MoMLSimpleApplication$UnloadThread.run(MoMLSimpleApplication.java:402)
Caused by: ptolemy.kernel.util.IllegalActionException: Test fails in iteration 1.
Value was: 1.0. Should have been: 2.0
  in .DirectFeedback.Test
	at ptolemy.actor.lib.Test.fire(Test.java:268)
	at ptolemy.domains.de.kernel.DEDirector._fire(DEDirector.java:1949)
	at ptolemy.domains.de.kernel.DEDirector.fire(DEDirector.java:502)
	at ptolemy.actor.CompositeActor.fire(CompositeActor.java:455)
	at ptolemy.actor.Manager.iterate(Manager.java:851)
	at ptolemy.actor.Manager.execute(Manager.java:369)
	at ptolemy.actor.Manager.run(Manager.java:1263)
	at ptolemy.actor.Manager$PtolemyRunThread.run(Manager.java:1915)
java.lang.reflect.InvocationTargetException
	at sun.reflect.NativeConstructorAccessorImpl.newInstance0(Native Method)
	at sun.reflect.NativeConstructorAccessorImpl.newInstance(NativeConstructorAccessorImpl.java:62)
	at sun.reflect.DelegatingConstructorAccessorImpl.newInstance(DelegatingConstructorAccessorImpl.java:45)
	at java.lang.reflect.Constructor.newInstance(Constructor.java:423)
	at ptolemy.util.test.junit.AutoKnownFailedTests.RunModel(AutoKnownFailedTests.java:105)
	at sun.reflect.NativeMethodAccessorImpl.invoke0(Native Method)
	at sun.reflect.NativeMethodAccessorImpl.invoke(NativeMethodAccessorImpl.java:62)
	at sun.reflect.DelegatingMethodAccessorImpl.invoke(DelegatingMethodAccessorImpl.java:43)
	at java.lang.reflect.Method.invoke(Method.java:498)
	at org.junit.runners.model.FrameworkMethod$1.runReflectiveCall(FrameworkMethod.java:44)
	at org.junit.internal.runners.model.ReflectiveCallable.run(ReflectiveCallable.java:15)
	at org.junit.runners.model.FrameworkMethod.invokeExplosively(FrameworkMethod.java:41)
	at junitparams.internal.InvokeParameterisedMethod.evaluate(InvokeParameterisedMethod.java:102)
	at org.junit.internal.runners.statements.FailOnTimeout$1.run(FailOnTimeout.java:28)
Caused by: ptolemy.kernel.util.IllegalActionException: Test fails in iteration 1.
Value was: 1.0. Should have been: 2.0
  in .DirectFeedback.Test
	at ptolemy.actor.lib.Test.fire(Test.java:268)
	at ptolemy.domains.de.kernel.DEDirector._fire(DEDirector.java:1949)
	at ptolemy.domains.de.kernel.DEDirector.fire(DEDirector.java:502)
	at ptolemy.actor.CompositeActor.fire(CompositeActor.java:455)
	at ptolemy.actor.Manager.iterate(Manager.java:851)
	at ptolemy.actor.Manager.execute(Manager.java:369)
	at ptolemy.actor.Manager.run(Manager.java:1263)
	at ptolemy.actor.Manager$PtolemyRunThread.run(Manager.java:1915)
java.lang.RuntimeException: Execution failed
	at ptolemy.moml.MoMLSimpleApplication$UnloadThread.run(MoMLSimpleApplication.java:402)
Caused by: ptolemy.kernel.util.IllegalActionException: Found a zero delay loop containing .HierarchicalModel.A
  in .HierarchicalModel and .HierarchicalModel.A
	at ptolemy.actor.util.CausalityInterfaceForComposites._computeOutputPortDepth(CausalityInterfaceForComposites.java:759)
	at ptolemy.actor.util.CausalityInterfaceForComposites._computeInputDepth(CausalityInterfaceForComposites.java:696)
	at ptolemy.actor.util.CausalityInterfaceForComposites._computeOutputPortDepth(CausalityInterfaceForComposites.java:765)
	at ptolemy.actor.util.CausalityInterfaceForComposites._computeInputDepth(CausalityInterfaceForComposites.java:696)
	at ptolemy.actor.util.CausalityInterfaceForComposites._computeOutputPortDepth(CausalityInterfaceForComposites.java:765)
	at ptolemy.actor.util.CausalityInterfaceForComposites._computeInputDepth(CausalityInterfaceForComposites.java:696)
	at ptolemy.actor.util.CausalityInterfaceForComposites._computeActorDepth(CausalityInterfaceForComposites.java:532)
	at ptolemy.actor.util.CausalityInterfaceForComposites.checkForCycles(CausalityInterfaceForComposites.java:96)
	at ptolemy.domains.de.kernel.DEDirector.preinitialize(DEDirector.java:1338)
	at ptolemy.actor.CompositeActor.preinitialize(CompositeActor.java:1828)
	at ptolemy.actor.Manager.preinitializeAndResolveTypes(Manager.java:1040)
	at ptolemy.actor.Manager.initialize(Manager.java:710)
	at ptolemy.actor.Manager.execute(Manager.java:356)
	at ptolemy.actor.Manager.run(Manager.java:1263)
	at ptolemy.actor.Manager$PtolemyRunThread.run(Manager.java:1915)
java.lang.reflect.InvocationTargetException
	at sun.reflect.NativeConstructorAccessorImpl.newInstance0(Native Method)
	at sun.reflect.NativeConstructorAccessorImpl.newInstance(NativeConstructorAccessorImpl.java:62)
	at sun.reflect.DelegatingConstructorAccessorImpl.newInstance(DelegatingConstructorAccessorImpl.java:45)
	at java.lang.reflect.Constructor.newInstance(Constructor.java:423)
	at ptolemy.util.test.junit.AutoKnownFailedTests.RunModel(AutoKnownFailedTests.java:105)
	at sun.reflect.NativeMethodAccessorImpl.invoke0(Native Method)
	at sun.reflect.NativeMethodAccessorImpl.invoke(NativeMethodAccessorImpl.java:62)
	at sun.reflect.DelegatingMethodAccessorImpl.invoke(DelegatingMethodAccessorImpl.java:43)
	at java.lang.reflect.Method.invoke(Method.java:498)
	at org.junit.runners.model.FrameworkMethod$1.runReflectiveCall(FrameworkMethod.java:44)
	at org.junit.internal.runners.model.ReflectiveCallable.run(ReflectiveCallable.java:15)
	at org.junit.runners.model.FrameworkMethod.invokeExplosively(FrameworkMethod.java:41)
	at junitparams.internal.InvokeParameterisedMethod.evaluate(InvokeParameterisedMethod.java:102)
	at org.junit.internal.runners.statements.FailOnTimeout$1.run(FailOnTimeout.java:28)
Caused by: ptolemy.kernel.util.IllegalActionException: Found a zero delay loop containing .HierarchicalModel.A
  in .HierarchicalModel and .HierarchicalModel.A
	at ptolemy.actor.util.CausalityInterfaceForComposites._computeOutputPortDepth(CausalityInterfaceForComposites.java:759)
	at ptolemy.actor.util.CausalityInterfaceForComposites._computeInputDepth(CausalityInterfaceForComposites.java:696)
	at ptolemy.actor.util.CausalityInterfaceForComposites._computeOutputPortDepth(CausalityInterfaceForComposites.java:765)
	at ptolemy.actor.util.CausalityInterfaceForComposites._computeInputDepth(CausalityInterfaceForComposites.java:696)
	at ptolemy.actor.util.CausalityInterfaceForComposites._computeOutputPortDepth(CausalityInterfaceForComposites.java:765)
	at ptolemy.actor.util.CausalityInterfaceForComposites._computeInputDepth(CausalityInterfaceForComposites.java:696)
	at ptolemy.actor.util.CausalityInterfaceForComposites._computeActorDepth(CausalityInterfaceForComposites.java:532)
	at ptolemy.actor.util.CausalityInterfaceForComposites.checkForCycles(CausalityInterfaceForComposites.java:96)
	at ptolemy.domains.de.kernel.DEDirector.preinitialize(DEDirector.java:1338)
	at ptolemy.actor.CompositeActor.preinitialize(CompositeActor.java:1828)
	at ptolemy.actor.Manager.preinitializeAndResolveTypes(Manager.java:1040)
	at ptolemy.actor.Manager.initialize(Manager.java:710)
	at ptolemy.actor.Manager.execute(Manager.java:356)
	at ptolemy.actor.Manager.run(Manager.java:1263)
	at ptolemy.actor.Manager$PtolemyRunThread.run(Manager.java:1915)
java.lang.RuntimeException: Execution failed
	at ptolemy.moml.MoMLSimpleApplication$UnloadThread.run(MoMLSimpleApplication.java:402)
Caused by: ptolemy.kernel.util.IllegalActionException: Found a zero delay loop containing .dependencyLoop.original
  in .dependencyLoop and .dependencyLoop.original
	at ptolemy.actor.util.CausalityInterfaceForComposites._computeOutputPortDepth(CausalityInterfaceForComposites.java:759)
	at ptolemy.actor.util.CausalityInterfaceForComposites._computeInputDepth(CausalityInterfaceForComposites.java:696)
	at ptolemy.actor.util.CausalityInterfaceForComposites._computeOutputPortDepth(CausalityInterfaceForComposites.java:765)
	at ptolemy.actor.util.CausalityInterfaceForComposites._computeInputDepth(CausalityInterfaceForComposites.java:696)
	at ptolemy.actor.util.CausalityInterfaceForComposites._computeOutputPortDepth(CausalityInterfaceForComposites.java:765)
	at ptolemy.actor.util.CausalityInterfaceForComposites._computeInputDepth(CausalityInterfaceForComposites.java:696)
	at ptolemy.actor.util.CausalityInterfaceForComposites._computeActorDepth(CausalityInterfaceForComposites.java:532)
	at ptolemy.actor.util.CausalityInterfaceForComposites.checkForCycles(CausalityInterfaceForComposites.java:96)
	at ptolemy.domains.de.kernel.DEDirector.preinitialize(DEDirector.java:1338)
	at ptolemy.actor.CompositeActor.preinitialize(CompositeActor.java:1828)
	at ptolemy.actor.Manager.preinitializeAndResolveTypes(Manager.java:1040)
	at ptolemy.actor.Manager.initialize(Manager.java:710)
	at ptolemy.actor.Manager.execute(Manager.java:356)
	at ptolemy.actor.Manager.run(Manager.java:1263)
	at ptolemy.actor.Manager$PtolemyRunThread.run(Manager.java:1915)
java.lang.reflect.InvocationTargetException
	at sun.reflect.NativeConstructorAccessorImpl.newInstance0(Native Method)
	at sun.reflect.NativeConstructorAccessorImpl.newInstance(NativeConstructorAccessorImpl.java:62)
	at sun.reflect.DelegatingConstructorAccessorImpl.newInstance(DelegatingConstructorAccessorImpl.java:45)
	at java.lang.reflect.Constructor.newInstance(Constructor.java:423)
	at ptolemy.util.test.junit.AutoKnownFailedTests.RunModel(AutoKnownFailedTests.java:105)
	at sun.reflect.NativeMethodAccessorImpl.invoke0(Native Method)
	at sun.reflect.NativeMethodAccessorImpl.invoke(NativeMethodAccessorImpl.java:62)
	at sun.reflect.DelegatingMethodAccessorImpl.invoke(DelegatingMethodAccessorImpl.java:43)
	at java.lang.reflect.Method.invoke(Method.java:498)
	at org.junit.runners.model.FrameworkMethod$1.runReflectiveCall(FrameworkMethod.java:44)
	at org.junit.internal.runners.model.ReflectiveCallable.run(ReflectiveCallable.java:15)
	at org.junit.runners.model.FrameworkMethod.invokeExplosively(FrameworkMethod.java:41)
	at junitparams.internal.InvokeParameterisedMethod.evaluate(InvokeParameterisedMethod.java:102)
	at org.junit.internal.runners.statements.FailOnTimeout$1.run(FailOnTimeout.java:28)
Caused by: ptolemy.kernel.util.IllegalActionException: Found a zero delay loop containing .dependencyLoop.original
  in .dependencyLoop and .dependencyLoop.original
	at ptolemy.actor.util.CausalityInterfaceForComposites._computeOutputPortDepth(CausalityInterfaceForComposites.java:759)
	at ptolemy.actor.util.CausalityInterfaceForComposites._computeInputDepth(CausalityInterfaceForComposites.java:696)
	at ptolemy.actor.util.CausalityInterfaceForComposites._computeOutputPortDepth(CausalityInterfaceForComposites.java:765)
	at ptolemy.actor.util.CausalityInterfaceForComposites._computeInputDepth(CausalityInterfaceForComposites.java:696)
	at ptolemy.actor.util.CausalityInterfaceForComposites._computeOutputPortDepth(CausalityInterfaceForComposites.java:765)
	at ptolemy.actor.util.CausalityInterfaceForComposites._computeInputDepth(CausalityInterfaceForComposites.java:696)
	at ptolemy.actor.util.CausalityInterfaceForComposites._computeActorDepth(CausalityInterfaceForComposites.java:532)
	at ptolemy.actor.util.CausalityInterfaceForComposites.checkForCycles(CausalityInterfaceForComposites.java:96)
	at ptolemy.domains.de.kernel.DEDirector.preinitialize(DEDirector.java:1338)
	at ptolemy.actor.CompositeActor.preinitialize(CompositeActor.java:1828)
	at ptolemy.actor.Manager.preinitializeAndResolveTypes(Manager.java:1040)
	at ptolemy.actor.Manager.initialize(Manager.java:710)
	at ptolemy.actor.Manager.execute(Manager.java:356)
	at ptolemy.actor.Manager.run(Manager.java:1263)
	at ptolemy.actor.Manager$PtolemyRunThread.run(Manager.java:1915)
java.lang.RuntimeException: Execution failed
	at ptolemy.moml.MoMLSimpleApplication$UnloadThread.run(MoMLSimpleApplication.java:402)
Caused by: ptolemy.kernel.util.IllegalActionException: Found a zero delay loop containing .dependencyLoop2.original
  in .dependencyLoop2 and .dependencyLoop2.original
	at ptolemy.actor.util.CausalityInterfaceForComposites._computeOutputPortDepth(CausalityInterfaceForComposites.java:759)
	at ptolemy.actor.util.CausalityInterfaceForComposites._computeInputDepth(CausalityInterfaceForComposites.java:696)
	at ptolemy.actor.util.CausalityInterfaceForComposites._computeOutputPortDepth(CausalityInterfaceForComposites.java:765)
	at ptolemy.actor.util.CausalityInterfaceForComposites._computeInputDepth(CausalityInterfaceForComposites.java:696)
	at ptolemy.actor.util.CausalityInterfaceForComposites._computeOutputPortDepth(CausalityInterfaceForComposites.java:765)
	at ptolemy.actor.util.CausalityInterfaceForComposites._computeInputDepth(CausalityInterfaceForComposites.java:696)
	at ptolemy.actor.util.CausalityInterfaceForComposites._computeActorDepth(CausalityInterfaceForComposites.java:532)
	at ptolemy.actor.util.CausalityInterfaceForComposites.checkForCycles(CausalityInterfaceForComposites.java:96)
	at ptolemy.domains.de.kernel.DEDirector.preinitialize(DEDirector.java:1338)
	at ptolemy.actor.CompositeActor.preinitialize(CompositeActor.java:1828)
	at ptolemy.actor.Manager.preinitializeAndResolveTypes(Manager.java:1040)
	at ptolemy.actor.Manager.initialize(Manager.java:710)
	at ptolemy.actor.Manager.execute(Manager.java:356)
	at ptolemy.actor.Manager.run(Manager.java:1263)
	at ptolemy.actor.Manager$PtolemyRunThread.run(Manager.java:1915)
java.lang.reflect.InvocationTargetException
	at sun.reflect.NativeConstructorAccessorImpl.newInstance0(Native Method)
	at sun.reflect.NativeConstructorAccessorImpl.newInstance(NativeConstructorAccessorImpl.java:62)
	at sun.reflect.DelegatingConstructorAccessorImpl.newInstance(DelegatingConstructorAccessorImpl.java:45)
	at java.lang.reflect.Constructor.newInstance(Constructor.java:423)
	at ptolemy.util.test.junit.AutoKnownFailedTests.RunModel(AutoKnownFailedTests.java:105)
	at sun.reflect.NativeMethodAccessorImpl.invoke0(Native Method)
	at sun.reflect.NativeMethodAccessorImpl.invoke(NativeMethodAccessorImpl.java:62)
	at sun.reflect.DelegatingMethodAccessorImpl.invoke(DelegatingMethodAccessorImpl.java:43)
	at java.lang.reflect.Method.invoke(Method.java:498)
	at org.junit.runners.model.FrameworkMethod$1.runReflectiveCall(FrameworkMethod.java:44)
	at org.junit.internal.runners.model.ReflectiveCallable.run(ReflectiveCallable.java:15)
	at org.junit.runners.model.FrameworkMethod.invokeExplosively(FrameworkMethod.java:41)
	at junitparams.internal.InvokeParameterisedMethod.evaluate(InvokeParameterisedMethod.java:102)
	at org.junit.internal.runners.statements.FailOnTimeout$1.run(FailOnTimeout.java:28)
Caused by: ptolemy.kernel.util.IllegalActionException: Found a zero delay loop containing .dependencyLoop2.original
  in .dependencyLoop2 and .dependencyLoop2.original
	at ptolemy.actor.util.CausalityInterfaceForComposites._computeOutputPortDepth(CausalityInterfaceForComposites.java:759)
	at ptolemy.actor.util.CausalityInterfaceForComposites._computeInputDepth(CausalityInterfaceForComposites.java:696)
	at ptolemy.actor.util.CausalityInterfaceForComposites._computeOutputPortDepth(CausalityInterfaceForComposites.java:765)
	at ptolemy.actor.util.CausalityInterfaceForComposites._computeInputDepth(CausalityInterfaceForComposites.java:696)
	at ptolemy.actor.util.CausalityInterfaceForComposites._computeOutputPortDepth(CausalityInterfaceForComposites.java:765)
	at ptolemy.actor.util.CausalityInterfaceForComposites._computeInputDepth(CausalityInterfaceForComposites.java:696)
	at ptolemy.actor.util.CausalityInterfaceForComposites._computeActorDepth(CausalityInterfaceForComposites.java:532)
	at ptolemy.actor.util.CausalityInterfaceForComposites.checkForCycles(CausalityInterfaceForComposites.java:96)
	at ptolemy.domains.de.kernel.DEDirector.preinitialize(DEDirector.java:1338)
	at ptolemy.actor.CompositeActor.preinitialize(CompositeActor.java:1828)
	at ptolemy.actor.Manager.preinitializeAndResolveTypes(Manager.java:1040)
	at ptolemy.actor.Manager.initialize(Manager.java:710)
	at ptolemy.actor.Manager.execute(Manager.java:356)
	at ptolemy.actor.Manager.run(Manager.java:1263)
	at ptolemy.actor.Manager$PtolemyRunThread.run(Manager.java:1915)
]]></system-err>
</testsuite>
