<?xml version="1.0" encoding="UTF-8" ?>
<testsuite errors="0" failures="0" hostname="travis-job-c0447fec-15be-4d55-949a-294791b64e51" name="ptolemy.domains.sdf.lib.test.junit.JUnitTclTest" skipped="0" tests="82" time="9.84" timestamp="2019-11-02T06:46:15">
  <properties>
[...]
</properties>
  <testcase classname="ptolemy.util.test.junit.TclTests" name="[0] /home/travis/build/icyphy/ptII/ptolemy/domains/sdf/lib/test/ArrayToSequence.tcl (RunTclFile)" time="0.651" />
  <testcase classname="ptolemy.util.test.junit.TclTests" name="[1] /home/travis/build/icyphy/ptII/ptolemy/domains/sdf/lib/test/BitsToInt.tcl (RunTclFile)" time="0.041" />
  <testcase classname="ptolemy.util.test.junit.TclTests" name="[2] /home/travis/build/icyphy/ptII/ptolemy/domains/sdf/lib/test/DelayLine.tcl (RunTclFile)" time="0.036" />
  <testcase classname="ptolemy.util.test.junit.TclTests" name="[3] /home/travis/build/icyphy/ptII/ptolemy/domains/sdf/lib/test/FFT.tcl (RunTclFile)" time="0.049" />
  <testcase classname="ptolemy.util.test.junit.TclTests" name="[4] /home/travis/build/icyphy/ptII/ptolemy/domains/sdf/lib/test/FIR.tcl (RunTclFile)" time="0.273" />
  <testcase classname="ptolemy.util.test.junit.TclTests" name="[5] /home/travis/build/icyphy/ptII/ptolemy/domains/sdf/lib/test/IntToBits.tcl (RunTclFile)" time="0.056" />
  <testcase classname="ptolemy.util.test.junit.TclTests" name="[6] /home/travis/build/icyphy/ptII/ptolemy/domains/sdf/lib/test/MaximumEntropySpectrum.tcl (RunTclFile)" time="0.4" />
  <testcase classname="ptolemy.util.test.junit.TclTests" name="[7] /home/travis/build/icyphy/ptII/ptolemy/domains/sdf/lib/test/Repeat.tcl (RunTclFile)" time="0.046" />
  <testcase classname="ptolemy.util.test.junit.TclTests" name="[8] /home/travis/build/icyphy/ptII/ptolemy/domains/sdf/lib/test/SampleDelay.tcl (RunTclFile)" time="0.084" />
  <testcase classname="ptolemy.util.test.junit.TclTests" name="[9] /home/travis/build/icyphy/ptII/ptolemy/domains/sdf/lib/test/SequenceToArray.tcl (RunTclFile)" time="0.078" />
  <testcase classname="ptolemy.util.test.junit.AutoKnownFailedTests" name="[0] ThereAreNoKnowFailedTests (RunModel)" time="0.026" />
  <testcase classname="ptolemy.util.test.junit.AutoNameArchTests" name="[0] ThereAreNoAutoArchTests (RunModel)" time="0.002" />
  <testcase classname="ptolemy.util.test.junit.AutoTests" name="[0] /home/travis/build/icyphy/ptII/ptolemy/domains/sdf/lib/test/auto/ArrayToSequence.xml (RunModel)" time="0.241" />
  <testcase classname="ptolemy.util.test.junit.AutoTests" name="[1] /home/travis/build/icyphy/ptII/ptolemy/domains/sdf/lib/test/auto/ArrayToSequenceTest.xml (RunModel)" time="0.073" />
  <testcase classname="ptolemy.util.test.junit.AutoTests" name="[2] /home/travis/build/icyphy/ptII/ptolemy/domains/sdf/lib/test/auto/Autocorrelation.xml (RunModel)" time="0.033" />
  <testcase classname="ptolemy.util.test.junit.AutoTests" name="[3] /home/travis/build/icyphy/ptII/ptolemy/domains/sdf/lib/test/auto/Autocorrelation2.xml (RunModel)" time="0.045" />
  <testcase classname="ptolemy.util.test.junit.AutoTests" name="[4] /home/travis/build/icyphy/ptII/ptolemy/domains/sdf/lib/test/auto/Autocorrelation3.xml (RunModel)" time="0.05" />
  <testcase classname="ptolemy.util.test.junit.AutoTests" name="[5] /home/travis/build/icyphy/ptII/ptolemy/domains/sdf/lib/test/auto/Autocorrelation4.xml (RunModel)" time="0.06" />
  <testcase classname="ptolemy.util.test.junit.AutoTests" name="[6] /home/travis/build/icyphy/ptII/ptolemy/domains/sdf/lib/test/auto/Autocorrelation5.xml (RunModel)" time="0.109" />
  <testcase classname="ptolemy.util.test.junit.AutoTests" name="[7] /home/travis/build/icyphy/ptII/ptolemy/domains/sdf/lib/test/auto/BitsToInt.xml (RunModel)" time="0.031" />
  <testcase classname="ptolemy.util.test.junit.AutoTests" name="[8] /home/travis/build/icyphy/ptII/ptolemy/domains/sdf/lib/test/auto/BooleanJoin.xml (RunModel)" time="0.038" />
  <testcase classname="ptolemy.util.test.junit.AutoTests" name="[9] /home/travis/build/icyphy/ptII/ptolemy/domains/sdf/lib/test/auto/BootstrapSampleDelay.xml (RunModel)" time="0.05" />
  <testcase classname="ptolemy.util.test.junit.AutoTests" name="[10] /home/travis/build/icyphy/ptII/ptolemy/domains/sdf/lib/test/auto/Chop.xml (RunModel)" time="0.08" />
  <testcase classname="ptolemy.util.test.junit.AutoTests" name="[11] /home/travis/build/icyphy/ptII/ptolemy/domains/sdf/lib/test/auto/Chop2.xml (RunModel)" time="0.057" />
  <testcase classname="ptolemy.util.test.junit.AutoTests" name="[12] /home/travis/build/icyphy/ptII/ptolemy/domains/sdf/lib/test/auto/ComplexJoin.xml (RunModel)" time="0.059" />
  <testcase classname="ptolemy.util.test.junit.AutoTests" name="[13] /home/travis/build/icyphy/ptII/ptolemy/domains/sdf/lib/test/auto/CountTrues.xml (RunModel)" time="0.05" />
  <testcase classname="ptolemy.util.test.junit.AutoTests" name="[14] /home/travis/build/icyphy/ptII/ptolemy/domains/sdf/lib/test/auto/DelayLine.xml (RunModel)" time="0.046" />
  <testcase classname="ptolemy.util.test.junit.AutoTests" name="[15] /home/travis/build/icyphy/ptII/ptolemy/domains/sdf/lib/test/auto/DotProduct.xml (RunModel)" time="0.032" />
  <testcase classname="ptolemy.util.test.junit.AutoTests" name="[16] /home/travis/build/icyphy/ptII/ptolemy/domains/sdf/lib/test/auto/DotProductMatrix.xml (RunModel)" time="0.028" />
  <testcase classname="ptolemy.util.test.junit.AutoTests" name="[17] /home/travis/build/icyphy/ptII/ptolemy/domains/sdf/lib/test/auto/DownSample1.xml (RunModel)" time="0.028" />
  <testcase classname="ptolemy.util.test.junit.AutoTests" name="[18] /home/travis/build/icyphy/ptII/ptolemy/domains/sdf/lib/test/auto/DynamicRateChange.xml (RunModel)" time="0.036" />
  <testcase classname="ptolemy.util.test.junit.AutoTests" name="[19] /home/travis/build/icyphy/ptII/ptolemy/domains/sdf/lib/test/auto/DynamicRates.xml (RunModel)" time="0.039" />
  <testcase classname="ptolemy.util.test.junit.AutoTests" name="[20] /home/travis/build/icyphy/ptII/ptolemy/domains/sdf/lib/test/auto/FFT1.xml (RunModel)" time="0.048" />
  <testcase classname="ptolemy.util.test.junit.AutoTests" name="[21] /home/travis/build/icyphy/ptII/ptolemy/domains/sdf/lib/test/auto/FIR1.xml (RunModel)" time="0.07" />
  <testcase classname="ptolemy.util.test.junit.AutoTests" name="[22] /home/travis/build/icyphy/ptII/ptolemy/domains/sdf/lib/test/auto/FIR2.xml (RunModel)" time="0.023" />
  <testcase classname="ptolemy.util.test.junit.AutoTests" name="[23] /home/travis/build/icyphy/ptII/ptolemy/domains/sdf/lib/test/auto/FIR4.xml (RunModel)" time="0.068" />
  <testcase classname="ptolemy.util.test.junit.AutoTests" name="[24] /home/travis/build/icyphy/ptII/ptolemy/domains/sdf/lib/test/auto/FixJoin.xml (RunModel)" time="0.059" />
  <testcase classname="ptolemy.util.test.junit.AutoTests" name="[25] /home/travis/build/icyphy/ptII/ptolemy/domains/sdf/lib/test/auto/IntJoin1.xml (RunModel)" time="0.037" />
  <testcase classname="ptolemy.util.test.junit.AutoTests" name="[26] /home/travis/build/icyphy/ptII/ptolemy/domains/sdf/lib/test/auto/IntJoin2.xml (RunModel)" time="0.026" />
  <testcase classname="ptolemy.util.test.junit.AutoTests" name="[27] /home/travis/build/icyphy/ptII/ptolemy/domains/sdf/lib/test/auto/IntJoin3.xml (RunModel)" time="0.03" />
  <testcase classname="ptolemy.util.test.junit.AutoTests" name="[28] /home/travis/build/icyphy/ptII/ptolemy/domains/sdf/lib/test/auto/IntJoin4.xml (RunModel)" time="0.02" />
  <testcase classname="ptolemy.util.test.junit.AutoTests" name="[29] /home/travis/build/icyphy/ptII/ptolemy/domains/sdf/lib/test/auto/IntJoin5.xml (RunModel)" time="0.027" />
  <testcase classname="ptolemy.util.test.junit.AutoTests" name="[30] /home/travis/build/icyphy/ptII/ptolemy/domains/sdf/lib/test/auto/IntToBits.xml (RunModel)" time="0.029" />
  <testcase classname="ptolemy.util.test.junit.AutoTests" name="[31] /home/travis/build/icyphy/ptII/ptolemy/domains/sdf/lib/test/auto/LMSAdaptive.xml (RunModel)" time="0.071" />
  <testcase classname="ptolemy.util.test.junit.AutoTests" name="[32] /home/travis/build/icyphy/ptII/ptolemy/domains/sdf/lib/test/auto/LMSAdaptiveFIR.xml (RunModel)" time="0.406" />
  <testcase classname="ptolemy.util.test.junit.AutoTests" name="[33] /home/travis/build/icyphy/ptII/ptolemy/domains/sdf/lib/test/auto/LMSAdaptiveFIR2.xml (RunModel)" time="0.505" />
  <testcase classname="ptolemy.util.test.junit.AutoTests" name="[34] /home/travis/build/icyphy/ptII/ptolemy/domains/sdf/lib/test/auto/LongJoin.xml (RunModel)" time="0.034" />
  <testcase classname="ptolemy.util.test.junit.AutoTests" name="[35] /home/travis/build/icyphy/ptII/ptolemy/domains/sdf/lib/test/auto/Matrix1.xml (RunModel)" time="0.039" />
  <testcase classname="ptolemy.util.test.junit.AutoTests" name="[36] /home/travis/build/icyphy/ptII/ptolemy/domains/sdf/lib/test/auto/Matrix2.xml (RunModel)" time="0.023" />
  <testcase classname="ptolemy.util.test.junit.AutoTests" name="[37] /home/travis/build/icyphy/ptII/ptolemy/domains/sdf/lib/test/auto/MatrixJoin1.xml (RunModel)" time="0.04" />
  <testcase classname="ptolemy.util.test.junit.AutoTests" name="[38] /home/travis/build/icyphy/ptII/ptolemy/domains/sdf/lib/test/auto/MatrixJoin2.xml (RunModel)" time="0.023" />
  <testcase classname="ptolemy.util.test.junit.AutoTests" name="[39] /home/travis/build/icyphy/ptII/ptolemy/domains/sdf/lib/test/auto/MatrixJoin3.xml (RunModel)" time="0.028" />
  <testcase classname="ptolemy.util.test.junit.AutoTests" name="[40] /home/travis/build/icyphy/ptII/ptolemy/domains/sdf/lib/test/auto/MatrixJoin4.xml (RunModel)" time="0.017" />
  <testcase classname="ptolemy.util.test.junit.AutoTests" name="[41] /home/travis/build/icyphy/ptII/ptolemy/domains/sdf/lib/test/auto/MatrixJoin5.xml (RunModel)" time="0.019" />
  <testcase classname="ptolemy.util.test.junit.AutoTests" name="[42] /home/travis/build/icyphy/ptII/ptolemy/domains/sdf/lib/test/auto/MatrixSplit1.xml (RunModel)" time="0.035" />
  <testcase classname="ptolemy.util.test.junit.AutoTests" name="[43] /home/travis/build/icyphy/ptII/ptolemy/domains/sdf/lib/test/auto/MatrixSplit10.xml (RunModel)" time="0.019" />
  <testcase classname="ptolemy.util.test.junit.AutoTests" name="[44] /home/travis/build/icyphy/ptII/ptolemy/domains/sdf/lib/test/auto/MatrixSplit11.xml (RunModel)" time="0.015" />
  <testcase classname="ptolemy.util.test.junit.AutoTests" name="[45] /home/travis/build/icyphy/ptII/ptolemy/domains/sdf/lib/test/auto/MatrixSplit12.xml (RunModel)" time="0.022" />
  <testcase classname="ptolemy.util.test.junit.AutoTests" name="[46] /home/travis/build/icyphy/ptII/ptolemy/domains/sdf/lib/test/auto/MatrixSplit13.xml (RunModel)" time="0.031" />
  <testcase classname="ptolemy.util.test.junit.AutoTests" name="[47] /home/travis/build/icyphy/ptII/ptolemy/domains/sdf/lib/test/auto/MatrixSplit14.xml (RunModel)" time="0.018" />
  <testcase classname="ptolemy.util.test.junit.AutoTests" name="[48] /home/travis/build/icyphy/ptII/ptolemy/domains/sdf/lib/test/auto/MatrixSplit2.xml (RunModel)" time="0.014" />
  <testcase classname="ptolemy.util.test.junit.AutoTests" name="[49] /home/travis/build/icyphy/ptII/ptolemy/domains/sdf/lib/test/auto/MatrixSplit3.xml (RunModel)" time="0.018" />
  <testcase classname="ptolemy.util.test.junit.AutoTests" name="[50] /home/travis/build/icyphy/ptII/ptolemy/domains/sdf/lib/test/auto/MatrixSplit4.xml (RunModel)" time="0.016" />
  <testcase classname="ptolemy.util.test.junit.AutoTests" name="[51] /home/travis/build/icyphy/ptII/ptolemy/domains/sdf/lib/test/auto/MatrixSplit5.xml (RunModel)" time="0.017" />
  <testcase classname="ptolemy.util.test.junit.AutoTests" name="[52] /home/travis/build/icyphy/ptII/ptolemy/domains/sdf/lib/test/auto/MatrixSplit6.xml (RunModel)" time="0.013" />
  <testcase classname="ptolemy.util.test.junit.AutoTests" name="[53] /home/travis/build/icyphy/ptII/ptolemy/domains/sdf/lib/test/auto/MatrixSplit7.xml (RunModel)" time="0.013" />
  <testcase classname="ptolemy.util.test.junit.AutoTests" name="[54] /home/travis/build/icyphy/ptII/ptolemy/domains/sdf/lib/test/auto/MatrixSplit8.xml (RunModel)" time="0.013" />
  <testcase classname="ptolemy.util.test.junit.AutoTests" name="[55] /home/travis/build/icyphy/ptII/ptolemy/domains/sdf/lib/test/auto/MatrixSplit9.xml (RunModel)" time="0.039" />
  <testcase classname="ptolemy.util.test.junit.AutoTests" name="[56] /home/travis/build/icyphy/ptII/ptolemy/domains/sdf/lib/test/auto/MatrixToSequence.xml (RunModel)" time="0.043" />
  <testcase classname="ptolemy.util.test.junit.AutoTests" name="[57] /home/travis/build/icyphy/ptII/ptolemy/domains/sdf/lib/test/auto/MaximumEntropySpectrum.xml (RunModel)" time="0.114" />
  <testcase classname="ptolemy.util.test.junit.AutoTests" name="[58] /home/travis/build/icyphy/ptII/ptolemy/domains/sdf/lib/test/auto/SampleDelayConversion.xml (RunModel)" time="0.027" />
  <testcase classname="ptolemy.util.test.junit.AutoTests" name="[59] /home/travis/build/icyphy/ptII/ptolemy/domains/sdf/lib/test/auto/SequenceToArray.xml (RunModel)" time="0.04" />
  <testcase classname="ptolemy.util.test.junit.AutoTests" name="[60] /home/travis/build/icyphy/ptII/ptolemy/domains/sdf/lib/test/auto/SequenceToMatrix.xml (RunModel)" time="3.824" />
  <testcase classname="ptolemy.util.test.junit.AutoTests" name="[61] /home/travis/build/icyphy/ptII/ptolemy/domains/sdf/lib/test/auto/SmoothedPeriodogram.xml (RunModel)" time="0.062" />
  <testcase classname="ptolemy.util.test.junit.AutoTests" name="[62] /home/travis/build/icyphy/ptII/ptolemy/domains/sdf/lib/test/auto/UpDownSample1.xml (RunModel)" time="0.024" />
  <testcase classname="ptolemy.util.test.junit.AutoTests" name="[63] /home/travis/build/icyphy/ptII/ptolemy/domains/sdf/lib/test/auto/UpSample1.xml (RunModel)" time="0.021" />
  <testcase classname="ptolemy.util.test.junit.AutoTests" name="[64] /home/travis/build/icyphy/ptII/ptolemy/domains/sdf/lib/test/auto/VariableFIR.xml (RunModel)" time="0.033" />
  <testcase classname="ptolemy.util.test.junit.AutoTests" name="[65] /home/travis/build/icyphy/ptII/ptolemy/domains/sdf/lib/test/auto/VariableFIR2.xml (RunModel)" time="0.025" />
  <testcase classname="ptolemy.util.test.junit.AutoTests" name="[66] /home/travis/build/icyphy/ptII/ptolemy/domains/sdf/lib/test/auto/VariableLattice.xml (RunModel)" time="0.031" />
  <testcase classname="ptolemy.util.test.junit.AutoTests" name="[67] /home/travis/build/icyphy/ptII/ptolemy/domains/sdf/lib/test/auto/VariableLattice2.xml (RunModel)" time="0.023" />
  <testcase classname="ptolemy.util.test.junit.AutoTests" name="[68] /home/travis/build/icyphy/ptII/ptolemy/domains/sdf/lib/test/auto/VariableRecursiveLattice.xml (RunModel)" time="0.017" />
  <testcase classname="ptolemy.util.test.junit.AutoTests" name="[69] /home/travis/build/icyphy/ptII/ptolemy/domains/sdf/lib/test/auto/VariableRecursiveLattice2.xml (RunModel)" time="0.017" />
  <system-out><![CDATA[/home/travis/build/icyphy/ptII/ptolemy/domains/sdf/lib/test/ArrayToSequence.tcl
testDefs.tcl: setting time out to 9000 seconds at Sat Nov 02 06:46:15 UTC 2019
106 ms. Memory: 120832K Free: 87493K (72%)
12 ms. Memory: 120832K Free: 85445K (71%)
27 ms. Memory: 120832K Free: 83382K (69%)
22 ms. Memory: 120832K Free: 81863K (68%)
/home/travis/build/icyphy/ptII/ptolemy/domains/sdf/lib/test/BitsToInt.tcl
12 ms. Memory: 120832K Free: 80294K (66%)
8 ms. Memory: 120832K Free: 78246K (65%)
/home/travis/build/icyphy/ptII/ptolemy/domains/sdf/lib/test/DelayLine.tcl
13 ms. Memory: 120832K Free: 76743K (64%)
/home/travis/build/icyphy/ptII/ptolemy/domains/sdf/lib/test/FFT.tcl
7 ms. Memory: 120832K Free: 74695K (62%)
/home/travis/build/icyphy/ptII/ptolemy/domains/sdf/lib/test/FIR.tcl
20 ms. Memory: 120832K Free: 73157K (61%)
123 ms. Memory: 120832K Free: 68551K (57%)
ptolemy.kernel.util.IllegalActionException: multiplyReverse method not supported between ptolemy.data.FixToken 'fix(-0.0625,6,2)' and ptolemy.data.IntToken '1' because the types are incomparable.
  in .top.FIRclone
Because:
multiplyReverse method not supported between ptolemy.data.FixToken 'fix(-0.0625,6,2)' and ptolemy.data.IntToken '1' because the types are incomparable.
46 ms. Memory: 120832K Free: 66503K (55%)
/home/travis/build/icyphy/ptII/ptolemy/domains/sdf/lib/test/IntToBits.tcl
14 ms. Memory: 120832K Free: 64934K (54%)
14 ms. Memory: 120832K Free: 63431K (52%)
/home/travis/build/icyphy/ptII/ptolemy/domains/sdf/lib/test/MaximumEntropySpectrum.tcl
/home/travis/build/icyphy/ptII/ptolemy/domains/sdf/lib/test/Repeat.tcl
17 ms. Memory: 120832K Free: 102984K (85%)
/home/travis/build/icyphy/ptII/ptolemy/domains/sdf/lib/test/SampleDelay.tcl
10 ms. Memory: 120832K Free: 100936K (84%)
8 ms. Memory: 120832K Free: 100426K (83%)
10 ms. Memory: 120832K Free: 99402K (82%)
11 ms. Memory: 120832K Free: 98888K (82%)
2 ms. Memory: 120832K Free: 98378K (81%)
8 ms. Memory: 120832K Free: 97864K (81%)
/home/travis/build/icyphy/ptII/ptolemy/domains/sdf/lib/test/SequenceToArray.tcl
9 ms. Memory: 120832K Free: 96330K (80%)
13 ms. Memory: 120832K Free: 95306K (79%)
18 ms. Memory: 120832K Free: 93761K (78%)
5 ms. Memory: 120832K Free: 92737K (77%)
11/02/19 06:46:17
Failed: 0  Total Tests: 41  ((Passed: 41, Newly Passed: 0)  Known Failed: 0) /home/travis/build/icyphy/ptII/ptolemy/domains/sdf/lib/test
No auto/knownFailedTests/*.xml tests in /home/travis/build/icyphy/ptII/ptolemy/domains/sdf/lib/test
No auto/linux-amd64/*.xml tests in /home/travis/build/icyphy/ptII/ptolemy/domains/sdf/lib/test
AutoTests.java: About to close Vertx.
AutoTests.java: Vertx closed.

===========================================================================================
----------------- testing Sat Nov 02 06:46:17 UTC 2019 /home/travis/build/icyphy/ptII/ptolemy/domains/sdf/lib/test/auto/ArrayToSequence.xml
----------------- Instantiating /home/travis/build/icyphy/ptII/ptolemy/domains/sdf/lib/test/auto/ArrayToSequence.xml
26 ms. Memory: 120832K Free: 86329K (71%)
----------------- Invoking toplevel() on ptolemy.moml.MoMLSimpleApplication@30b1120e
----------------- Done invoking toplevel() on ptolemy.moml.MoMLSimpleApplication@30b1120e
reloadAllAccessors: .ArrayToSequence

===========================================================================================
----------------- testing Sat Nov 02 06:46:18 UTC 2019 /home/travis/build/icyphy/ptII/ptolemy/domains/sdf/lib/test/auto/ArrayToSequenceTest.xml
----------------- Instantiating /home/travis/build/icyphy/ptII/ptolemy/domains/sdf/lib/test/auto/ArrayToSequenceTest.xml
27 ms. Memory: 120832K Free: 79828K (66%)
----------------- Invoking toplevel() on ptolemy.moml.MoMLSimpleApplication@54425668
----------------- Done invoking toplevel() on ptolemy.moml.MoMLSimpleApplication@54425668
reloadAllAccessors: .ArrayToSequenceTest

===========================================================================================
----------------- testing Sat Nov 02 06:46:18 UTC 2019 /home/travis/build/icyphy/ptII/ptolemy/domains/sdf/lib/test/auto/Autocorrelation.xml
----------------- Instantiating /home/travis/build/icyphy/ptII/ptolemy/domains/sdf/lib/test/auto/Autocorrelation.xml
6 ms. Memory: 120832K Free: 75740K (63%)
----------------- Invoking toplevel() on ptolemy.moml.MoMLSimpleApplication@48bc507b
----------------- Done invoking toplevel() on ptolemy.moml.MoMLSimpleApplication@48bc507b
reloadAllAccessors: .Autocorrelation

===========================================================================================
----------------- testing Sat Nov 02 06:46:18 UTC 2019 /home/travis/build/icyphy/ptII/ptolemy/domains/sdf/lib/test/auto/Autocorrelation2.xml
----------------- Instantiating /home/travis/build/icyphy/ptII/ptolemy/domains/sdf/lib/test/auto/Autocorrelation2.xml
5 ms. Memory: 120832K Free: 104383K (86%)
----------------- Invoking toplevel() on ptolemy.moml.MoMLSimpleApplication@687e8214
----------------- Done invoking toplevel() on ptolemy.moml.MoMLSimpleApplication@687e8214
reloadAllAccessors: .Autocorrelation2

===========================================================================================
----------------- testing Sat Nov 02 06:46:18 UTC 2019 /home/travis/build/icyphy/ptII/ptolemy/domains/sdf/lib/test/auto/Autocorrelation3.xml
----------------- Instantiating /home/travis/build/icyphy/ptII/ptolemy/domains/sdf/lib/test/auto/Autocorrelation3.xml
5 ms. Memory: 120832K Free: 100221K (83%)
----------------- Invoking toplevel() on ptolemy.moml.MoMLSimpleApplication@692fb16
----------------- Done invoking toplevel() on ptolemy.moml.MoMLSimpleApplication@692fb16
reloadAllAccessors: .Autocorrelation3

===========================================================================================
----------------- testing Sat Nov 02 06:46:18 UTC 2019 /home/travis/build/icyphy/ptII/ptolemy/domains/sdf/lib/test/auto/Autocorrelation4.xml
----------------- Instantiating /home/travis/build/icyphy/ptII/ptolemy/domains/sdf/lib/test/auto/Autocorrelation4.xml
6 ms. Memory: 120832K Free: 96149K (80%)
----------------- Invoking toplevel() on ptolemy.moml.MoMLSimpleApplication@2368c360
----------------- Done invoking toplevel() on ptolemy.moml.MoMLSimpleApplication@2368c360
reloadAllAccessors: .Autocorrelation4

===========================================================================================
----------------- testing Sat Nov 02 06:46:18 UTC 2019 /home/travis/build/icyphy/ptII/ptolemy/domains/sdf/lib/test/auto/Autocorrelation5.xml
----------------- Instantiating /home/travis/build/icyphy/ptII/ptolemy/domains/sdf/lib/test/auto/Autocorrelation5.xml
56 ms. Memory: 120832K Free: 89641K (74%)
----------------- Invoking toplevel() on ptolemy.moml.MoMLSimpleApplication@640f1240
----------------- Done invoking toplevel() on ptolemy.moml.MoMLSimpleApplication@640f1240
reloadAllAccessors: .Autocorrelation5

===========================================================================================
----------------- testing Sat Nov 02 06:46:18 UTC 2019 /home/travis/build/icyphy/ptII/ptolemy/domains/sdf/lib/test/auto/BitsToInt.xml
----------------- Instantiating /home/travis/build/icyphy/ptII/ptolemy/domains/sdf/lib/test/auto/BitsToInt.xml
4 ms. Memory: 120832K Free: 86183K (71%)
----------------- Invoking toplevel() on ptolemy.moml.MoMLSimpleApplication@252ec7ba
----------------- Done invoking toplevel() on ptolemy.moml.MoMLSimpleApplication@252ec7ba
reloadAllAccessors: .BitsToInt

===========================================================================================
----------------- testing Sat Nov 02 06:46:18 UTC 2019 /home/travis/build/icyphy/ptII/ptolemy/domains/sdf/lib/test/auto/BooleanJoin.xml
----------------- Instantiating /home/travis/build/icyphy/ptII/ptolemy/domains/sdf/lib/test/auto/BooleanJoin.xml
12 ms. Memory: 120832K Free: 81827K (68%)
----------------- Invoking toplevel() on ptolemy.moml.MoMLSimpleApplication@67433efa
----------------- Done invoking toplevel() on ptolemy.moml.MoMLSimpleApplication@67433efa
reloadAllAccessors: .BooleanJoin

===========================================================================================
----------------- testing Sat Nov 02 06:46:18 UTC 2019 /home/travis/build/icyphy/ptII/ptolemy/domains/sdf/lib/test/auto/BootstrapSampleDelay.xml
----------------- Instantiating /home/travis/build/icyphy/ptII/ptolemy/domains/sdf/lib/test/auto/BootstrapSampleDelay.xml
14 ms. Memory: 120832K Free: 77731K (64%)
----------------- Invoking toplevel() on ptolemy.moml.MoMLSimpleApplication@6779e9b9
----------------- Done invoking toplevel() on ptolemy.moml.MoMLSimpleApplication@6779e9b9
reloadAllAccessors: .BootstrapSampleDelay

===========================================================================================
----------------- testing Sat Nov 02 06:46:18 UTC 2019 /home/travis/build/icyphy/ptII/ptolemy/domains/sdf/lib/test/auto/Chop.xml
----------------- Instantiating /home/travis/build/icyphy/ptII/ptolemy/domains/sdf/lib/test/auto/Chop.xml
6 ms. Memory: 120832K Free: 70517K (58%)
----------------- Invoking toplevel() on ptolemy.moml.MoMLSimpleApplication@57f639fc
----------------- Done invoking toplevel() on ptolemy.moml.MoMLSimpleApplication@57f639fc
reloadAllAccessors: .Chop

===========================================================================================
----------------- testing Sat Nov 02 06:46:18 UTC 2019 /home/travis/build/icyphy/ptII/ptolemy/domains/sdf/lib/test/auto/Chop2.xml
----------------- Instantiating /home/travis/build/icyphy/ptII/ptolemy/domains/sdf/lib/test/auto/Chop2.xml
10 ms. Memory: 120832K Free: 64511K (53%)
----------------- Invoking toplevel() on ptolemy.moml.MoMLSimpleApplication@67a1ce22
----------------- Done invoking toplevel() on ptolemy.moml.MoMLSimpleApplication@67a1ce22
reloadAllAccessors: .Chop2

===========================================================================================
----------------- testing Sat Nov 02 06:46:18 UTC 2019 /home/travis/build/icyphy/ptII/ptolemy/domains/sdf/lib/test/auto/ComplexJoin.xml
----------------- Instantiating /home/travis/build/icyphy/ptII/ptolemy/domains/sdf/lib/test/auto/ComplexJoin.xml
10 ms. Memory: 145408K Free: 129499K (89%)
----------------- Invoking toplevel() on ptolemy.moml.MoMLSimpleApplication@1ae8834c
----------------- Done invoking toplevel() on ptolemy.moml.MoMLSimpleApplication@1ae8834c
reloadAllAccessors: .ComplexJoin

===========================================================================================
----------------- testing Sat Nov 02 06:46:18 UTC 2019 /home/travis/build/icyphy/ptII/ptolemy/domains/sdf/lib/test/auto/CountTrues.xml
----------------- Instantiating /home/travis/build/icyphy/ptII/ptolemy/domains/sdf/lib/test/auto/CountTrues.xml
3 ms. Memory: 145408K Free: 126018K (87%)
----------------- Invoking toplevel() on ptolemy.moml.MoMLSimpleApplication@4ffb8c3a
----------------- Done invoking toplevel() on ptolemy.moml.MoMLSimpleApplication@4ffb8c3a
reloadAllAccessors: .CountTrues

===========================================================================================
----------------- testing Sat Nov 02 06:46:18 UTC 2019 /home/travis/build/icyphy/ptII/ptolemy/domains/sdf/lib/test/auto/DelayLine.xml
----------------- Instantiating /home/travis/build/icyphy/ptII/ptolemy/domains/sdf/lib/test/auto/DelayLine.xml
10 ms. Memory: 145408K Free: 120898K (83%)
----------------- Invoking toplevel() on ptolemy.moml.MoMLSimpleApplication@23e26a2a
----------------- Done invoking toplevel() on ptolemy.moml.MoMLSimpleApplication@23e26a2a
reloadAllAccessors: .DelayLine

===========================================================================================
----------------- testing Sat Nov 02 06:46:18 UTC 2019 /home/travis/build/icyphy/ptII/ptolemy/domains/sdf/lib/test/auto/DotProduct.xml
----------------- Instantiating /home/travis/build/icyphy/ptII/ptolemy/domains/sdf/lib/test/auto/DotProduct.xml
6 ms. Memory: 145408K Free: 117416K (81%)
----------------- Invoking toplevel() on ptolemy.moml.MoMLSimpleApplication@3980ca5
----------------- Done invoking toplevel() on ptolemy.moml.MoMLSimpleApplication@3980ca5
reloadAllAccessors: .DotProduct

===========================================================================================
----------------- testing Sat Nov 02 06:46:18 UTC 2019 /home/travis/build/icyphy/ptII/ptolemy/domains/sdf/lib/test/auto/DotProductMatrix.xml
----------------- Instantiating /home/travis/build/icyphy/ptII/ptolemy/domains/sdf/lib/test/auto/DotProductMatrix.xml
4 ms. Memory: 145408K Free: 114732K (79%)
----------------- Invoking toplevel() on ptolemy.moml.MoMLSimpleApplication@5454dde5
----------------- Done invoking toplevel() on ptolemy.moml.MoMLSimpleApplication@5454dde5
reloadAllAccessors: .DotProductMatrix

===========================================================================================
----------------- testing Sat Nov 02 06:46:18 UTC 2019 /home/travis/build/icyphy/ptII/ptolemy/domains/sdf/lib/test/auto/DownSample1.xml
----------------- Instantiating /home/travis/build/icyphy/ptII/ptolemy/domains/sdf/lib/test/auto/DownSample1.xml
4 ms. Memory: 145408K Free: 111256K (77%)
----------------- Invoking toplevel() on ptolemy.moml.MoMLSimpleApplication@160aa0ce
----------------- Done invoking toplevel() on ptolemy.moml.MoMLSimpleApplication@160aa0ce
reloadAllAccessors: .DownSample1

===========================================================================================
----------------- testing Sat Nov 02 06:46:18 UTC 2019 /home/travis/build/icyphy/ptII/ptolemy/domains/sdf/lib/test/auto/DynamicRateChange.xml
----------------- Instantiating /home/travis/build/icyphy/ptII/ptolemy/domains/sdf/lib/test/auto/DynamicRateChange.xml
15 ms. Memory: 145408K Free: 105538K (73%)
----------------- Invoking toplevel() on ptolemy.moml.MoMLSimpleApplication@47ec3a5
----------------- Done invoking toplevel() on ptolemy.moml.MoMLSimpleApplication@47ec3a5
reloadAllAccessors: .DynamicRateChange

===========================================================================================
----------------- testing Sat Nov 02 06:46:18 UTC 2019 /home/travis/build/icyphy/ptII/ptolemy/domains/sdf/lib/test/auto/DynamicRates.xml
----------------- Instantiating /home/travis/build/icyphy/ptII/ptolemy/domains/sdf/lib/test/auto/DynamicRates.xml
13 ms. Memory: 145408K Free: 100418K (69%)
----------------- Invoking toplevel() on ptolemy.moml.MoMLSimpleApplication@36750ac3
----------------- Done invoking toplevel() on ptolemy.moml.MoMLSimpleApplication@36750ac3
reloadAllAccessors: .DynamicRates

===========================================================================================
----------------- testing Sat Nov 02 06:46:19 UTC 2019 /home/travis/build/icyphy/ptII/ptolemy/domains/sdf/lib/test/auto/FFT1.xml
----------------- Instantiating /home/travis/build/icyphy/ptII/ptolemy/domains/sdf/lib/test/auto/FFT1.xml
6 ms. Memory: 145408K Free: 95912K (66%)
----------------- Invoking toplevel() on ptolemy.moml.MoMLSimpleApplication@115d4be8
----------------- Done invoking toplevel() on ptolemy.moml.MoMLSimpleApplication@115d4be8
reloadAllAccessors: .FFT1

===========================================================================================
----------------- testing Sat Nov 02 06:46:19 UTC 2019 /home/travis/build/icyphy/ptII/ptolemy/domains/sdf/lib/test/auto/FIR1.xml
----------------- Instantiating /home/travis/build/icyphy/ptII/ptolemy/domains/sdf/lib/test/auto/FIR1.xml
28 ms. Memory: 145408K Free: 89153K (61%)
----------------- Invoking toplevel() on ptolemy.moml.MoMLSimpleApplication@56431e64
----------------- Done invoking toplevel() on ptolemy.moml.MoMLSimpleApplication@56431e64
reloadAllAccessors: .FIR1

===========================================================================================
----------------- testing Sat Nov 02 06:46:19 UTC 2019 /home/travis/build/icyphy/ptII/ptolemy/domains/sdf/lib/test/auto/FIR2.xml
----------------- Instantiating /home/travis/build/icyphy/ptII/ptolemy/domains/sdf/lib/test/auto/FIR2.xml
4 ms. Memory: 145408K Free: 85469K (59%)
----------------- Invoking toplevel() on ptolemy.moml.MoMLSimpleApplication@7e9d6eca
----------------- Done invoking toplevel() on ptolemy.moml.MoMLSimpleApplication@7e9d6eca
reloadAllAccessors: .FIR2

===========================================================================================
----------------- testing Sat Nov 02 06:46:19 UTC 2019 /home/travis/build/icyphy/ptII/ptolemy/domains/sdf/lib/test/auto/FIR4.xml
----------------- Instantiating /home/travis/build/icyphy/ptII/ptolemy/domains/sdf/lib/test/auto/FIR4.xml
7 ms. Memory: 145408K Free: 78504K (54%)
----------------- Invoking toplevel() on ptolemy.moml.MoMLSimpleApplication@61ee07b
----------------- Done invoking toplevel() on ptolemy.moml.MoMLSimpleApplication@61ee07b
reloadAllAccessors: .FIR4

===========================================================================================
----------------- testing Sat Nov 02 06:46:19 UTC 2019 /home/travis/build/icyphy/ptII/ptolemy/domains/sdf/lib/test/auto/FixJoin.xml
----------------- Instantiating /home/travis/build/icyphy/ptII/ptolemy/domains/sdf/lib/test/auto/FixJoin.xml
3 ms. Memory: 145408K Free: 73786K (51%)
----------------- Invoking toplevel() on ptolemy.moml.MoMLSimpleApplication@6ed28119
----------------- Done invoking toplevel() on ptolemy.moml.MoMLSimpleApplication@6ed28119
reloadAllAccessors: .FixJoin

===========================================================================================
----------------- testing Sat Nov 02 06:46:19 UTC 2019 /home/travis/build/icyphy/ptII/ptolemy/domains/sdf/lib/test/auto/IntJoin1.xml
----------------- Instantiating /home/travis/build/icyphy/ptII/ptolemy/domains/sdf/lib/test/auto/IntJoin1.xml
3 ms. Memory: 145408K Free: 129388K (89%)
----------------- Invoking toplevel() on ptolemy.moml.MoMLSimpleApplication@6aa9bb16
----------------- Done invoking toplevel() on ptolemy.moml.MoMLSimpleApplication@6aa9bb16
reloadAllAccessors: .IntJoin1

===========================================================================================
----------------- testing Sat Nov 02 06:46:19 UTC 2019 /home/travis/build/icyphy/ptII/ptolemy/domains/sdf/lib/test/auto/IntJoin2.xml
----------------- Instantiating /home/travis/build/icyphy/ptII/ptolemy/domains/sdf/lib/test/auto/IntJoin2.xml
6 ms. Memory: 145408K Free: 124811K (86%)
----------------- Invoking toplevel() on ptolemy.moml.MoMLSimpleApplication@6cbc2362
----------------- Done invoking toplevel() on ptolemy.moml.MoMLSimpleApplication@6cbc2362
reloadAllAccessors: .IntJoin2

===========================================================================================
----------------- testing Sat Nov 02 06:46:19 UTC 2019 /home/travis/build/icyphy/ptII/ptolemy/domains/sdf/lib/test/auto/IntJoin3.xml
----------------- Instantiating /home/travis/build/icyphy/ptII/ptolemy/domains/sdf/lib/test/auto/IntJoin3.xml
6 ms. Memory: 145408K Free: 120172K (83%)
----------------- Invoking toplevel() on ptolemy.moml.MoMLSimpleApplication@63c3cd13
----------------- Done invoking toplevel() on ptolemy.moml.MoMLSimpleApplication@63c3cd13
reloadAllAccessors: .IntJoin3

===========================================================================================
----------------- testing Sat Nov 02 06:46:19 UTC 2019 /home/travis/build/icyphy/ptII/ptolemy/domains/sdf/lib/test/auto/IntJoin4.xml
----------------- Instantiating /home/travis/build/icyphy/ptII/ptolemy/domains/sdf/lib/test/auto/IntJoin4.xml
2 ms. Memory: 145408K Free: 116076K (80%)
----------------- Invoking toplevel() on ptolemy.moml.MoMLSimpleApplication@633ddf35
----------------- Done invoking toplevel() on ptolemy.moml.MoMLSimpleApplication@633ddf35
reloadAllAccessors: .IntJoin4

===========================================================================================
----------------- testing Sat Nov 02 06:46:19 UTC 2019 /home/travis/build/icyphy/ptII/ptolemy/domains/sdf/lib/test/auto/IntJoin5.xml
----------------- Instantiating /home/travis/build/icyphy/ptII/ptolemy/domains/sdf/lib/test/auto/IntJoin5.xml
3 ms. Memory: 145408K Free: 111521K (77%)
----------------- Invoking toplevel() on ptolemy.moml.MoMLSimpleApplication@8664c5a
----------------- Done invoking toplevel() on ptolemy.moml.MoMLSimpleApplication@8664c5a
reloadAllAccessors: .IntJoin5

===========================================================================================
----------------- testing Sat Nov 02 06:46:19 UTC 2019 /home/travis/build/icyphy/ptII/ptolemy/domains/sdf/lib/test/auto/IntToBits.xml
----------------- Instantiating /home/travis/build/icyphy/ptII/ptolemy/domains/sdf/lib/test/auto/IntToBits.xml
12 ms. Memory: 145408K Free: 108427K (75%)
----------------- Invoking toplevel() on ptolemy.moml.MoMLSimpleApplication@577cce38
----------------- Done invoking toplevel() on ptolemy.moml.MoMLSimpleApplication@577cce38
reloadAllAccessors: .IntToBits

===========================================================================================
----------------- testing Sat Nov 02 06:46:19 UTC 2019 /home/travis/build/icyphy/ptII/ptolemy/domains/sdf/lib/test/auto/LMSAdaptive.xml
----------------- Instantiating /home/travis/build/icyphy/ptII/ptolemy/domains/sdf/lib/test/auto/LMSAdaptive.xml
13 ms. Memory: 145408K Free: 99775K (69%)
----------------- Invoking toplevel() on ptolemy.moml.MoMLSimpleApplication@2b4a47
----------------- Done invoking toplevel() on ptolemy.moml.MoMLSimpleApplication@2b4a47
reloadAllAccessors: .LMSAdaptive

===========================================================================================
----------------- testing Sat Nov 02 06:46:19 UTC 2019 /home/travis/build/icyphy/ptII/ptolemy/domains/sdf/lib/test/auto/LMSAdaptiveFIR.xml
----------------- Instantiating /home/travis/build/icyphy/ptII/ptolemy/domains/sdf/lib/test/auto/LMSAdaptiveFIR.xml
296 ms. Memory: 145408K Free: 65441K (45%)
----------------- Invoking toplevel() on ptolemy.moml.MoMLSimpleApplication@3162ddbc
----------------- Done invoking toplevel() on ptolemy.moml.MoMLSimpleApplication@3162ddbc
reloadAllAccessors: .LMSAdaptiveFIR

===========================================================================================
----------------- testing Sat Nov 02 06:46:19 UTC 2019 /home/travis/build/icyphy/ptII/ptolemy/domains/sdf/lib/test/auto/LMSAdaptiveFIR2.xml
----------------- Instantiating /home/travis/build/icyphy/ptII/ptolemy/domains/sdf/lib/test/auto/LMSAdaptiveFIR2.xml
383 ms. Memory: 145408K Free: 75363K (52%)
----------------- Invoking toplevel() on ptolemy.moml.MoMLSimpleApplication@61a21ca
----------------- Done invoking toplevel() on ptolemy.moml.MoMLSimpleApplication@61a21ca
reloadAllAccessors: .LMSAdaptiveFIR2

===========================================================================================
----------------- testing Sat Nov 02 06:46:20 UTC 2019 /home/travis/build/icyphy/ptII/ptolemy/domains/sdf/lib/test/auto/LongJoin.xml
----------------- Instantiating /home/travis/build/icyphy/ptII/ptolemy/domains/sdf/lib/test/auto/LongJoin.xml
15 ms. Memory: 145408K Free: 70759K (49%)
----------------- Invoking toplevel() on ptolemy.moml.MoMLSimpleApplication@6e3d794d
----------------- Done invoking toplevel() on ptolemy.moml.MoMLSimpleApplication@6e3d794d
reloadAllAccessors: .LongJoin

===========================================================================================
----------------- testing Sat Nov 02 06:46:20 UTC 2019 /home/travis/build/icyphy/ptII/ptolemy/domains/sdf/lib/test/auto/Matrix1.xml
----------------- Instantiating /home/travis/build/icyphy/ptII/ptolemy/domains/sdf/lib/test/auto/Matrix1.xml
8 ms. Memory: 145408K Free: 66671K (46%)
----------------- Invoking toplevel() on ptolemy.moml.MoMLSimpleApplication@680171b2
----------------- Done invoking toplevel() on ptolemy.moml.MoMLSimpleApplication@680171b2
reloadAllAccessors: .Matrix1

===========================================================================================
----------------- testing Sat Nov 02 06:46:20 UTC 2019 /home/travis/build/icyphy/ptII/ptolemy/domains/sdf/lib/test/auto/Matrix2.xml
----------------- Instantiating /home/travis/build/icyphy/ptII/ptolemy/domains/sdf/lib/test/auto/Matrix2.xml
5 ms. Memory: 145408K Free: 62575K (43%)
----------------- Invoking toplevel() on ptolemy.moml.MoMLSimpleApplication@6a76092b
----------------- Done invoking toplevel() on ptolemy.moml.MoMLSimpleApplication@6a76092b
reloadAllAccessors: .Matrix2

===========================================================================================
----------------- testing Sat Nov 02 06:46:20 UTC 2019 /home/travis/build/icyphy/ptII/ptolemy/domains/sdf/lib/test/auto/MatrixJoin1.xml
----------------- Instantiating /home/travis/build/icyphy/ptII/ptolemy/domains/sdf/lib/test/auto/MatrixJoin1.xml
3 ms. Memory: 145408K Free: 58479K (40%)
----------------- Invoking toplevel() on ptolemy.moml.MoMLSimpleApplication@358c9fbc
----------------- Done invoking toplevel() on ptolemy.moml.MoMLSimpleApplication@358c9fbc
reloadAllAccessors: .MatrixJoin1

===========================================================================================
----------------- testing Sat Nov 02 06:46:20 UTC 2019 /home/travis/build/icyphy/ptII/ptolemy/domains/sdf/lib/test/auto/MatrixJoin2.xml
----------------- Instantiating /home/travis/build/icyphy/ptII/ptolemy/domains/sdf/lib/test/auto/MatrixJoin2.xml
3 ms. Memory: 145408K Free: 125918K (87%)
----------------- Invoking toplevel() on ptolemy.moml.MoMLSimpleApplication@5325e6a9
----------------- Done invoking toplevel() on ptolemy.moml.MoMLSimpleApplication@5325e6a9
reloadAllAccessors: .MatrixJoin2

===========================================================================================
----------------- testing Sat Nov 02 06:46:20 UTC 2019 /home/travis/build/icyphy/ptII/ptolemy/domains/sdf/lib/test/auto/MatrixJoin3.xml
----------------- Instantiating /home/travis/build/icyphy/ptII/ptolemy/domains/sdf/lib/test/auto/MatrixJoin3.xml
7 ms. Memory: 145408K Free: 121822K (84%)
----------------- Invoking toplevel() on ptolemy.moml.MoMLSimpleApplication@6b0e37fd
----------------- Done invoking toplevel() on ptolemy.moml.MoMLSimpleApplication@6b0e37fd
reloadAllAccessors: .MatrixJoin3

===========================================================================================
----------------- testing Sat Nov 02 06:46:20 UTC 2019 /home/travis/build/icyphy/ptII/ptolemy/domains/sdf/lib/test/auto/MatrixJoin4.xml
----------------- Instantiating /home/travis/build/icyphy/ptII/ptolemy/domains/sdf/lib/test/auto/MatrixJoin4.xml
2 ms. Memory: 145408K Free: 117216K (81%)
----------------- Invoking toplevel() on ptolemy.moml.MoMLSimpleApplication@4a5bcdb2
----------------- Done invoking toplevel() on ptolemy.moml.MoMLSimpleApplication@4a5bcdb2
reloadAllAccessors: .MatrixJoin4

===========================================================================================
----------------- testing Sat Nov 02 06:46:20 UTC 2019 /home/travis/build/icyphy/ptII/ptolemy/domains/sdf/lib/test/auto/MatrixJoin5.xml
----------------- Instantiating /home/travis/build/icyphy/ptII/ptolemy/domains/sdf/lib/test/auto/MatrixJoin5.xml
2 ms. Memory: 145408K Free: 113120K (78%)
----------------- Invoking toplevel() on ptolemy.moml.MoMLSimpleApplication@6f789f4a
----------------- Done invoking toplevel() on ptolemy.moml.MoMLSimpleApplication@6f789f4a
reloadAllAccessors: .MatrixJoin5

===========================================================================================
----------------- testing Sat Nov 02 06:46:20 UTC 2019 /home/travis/build/icyphy/ptII/ptolemy/domains/sdf/lib/test/auto/MatrixSplit1.xml
----------------- Instantiating /home/travis/build/icyphy/ptII/ptolemy/domains/sdf/lib/test/auto/MatrixSplit1.xml
4 ms. Memory: 145408K Free: 108000K (74%)
----------------- Invoking toplevel() on ptolemy.moml.MoMLSimpleApplication@770e69af
----------------- Done invoking toplevel() on ptolemy.moml.MoMLSimpleApplication@770e69af
reloadAllAccessors: .MatrixSplit1

===========================================================================================
----------------- testing Sat Nov 02 06:46:20 UTC 2019 /home/travis/build/icyphy/ptII/ptolemy/domains/sdf/lib/test/auto/MatrixSplit10.xml
----------------- Instantiating /home/travis/build/icyphy/ptII/ptolemy/domains/sdf/lib/test/auto/MatrixSplit10.xml
2 ms. Memory: 145408K Free: 104414K (72%)
----------------- Invoking toplevel() on ptolemy.moml.MoMLSimpleApplication@3c5fde2e
----------------- Done invoking toplevel() on ptolemy.moml.MoMLSimpleApplication@3c5fde2e
reloadAllAccessors: .MatrixSplit10

===========================================================================================
----------------- testing Sat Nov 02 06:46:20 UTC 2019 /home/travis/build/icyphy/ptII/ptolemy/domains/sdf/lib/test/auto/MatrixSplit11.xml
----------------- Instantiating /home/travis/build/icyphy/ptII/ptolemy/domains/sdf/lib/test/auto/MatrixSplit11.xml
1 ms. Memory: 145408K Free: 100832K (69%)
----------------- Invoking toplevel() on ptolemy.moml.MoMLSimpleApplication@1c244081
----------------- Done invoking toplevel() on ptolemy.moml.MoMLSimpleApplication@1c244081
reloadAllAccessors: .MatrixSplit11

===========================================================================================
----------------- testing Sat Nov 02 06:46:20 UTC 2019 /home/travis/build/icyphy/ptII/ptolemy/domains/sdf/lib/test/auto/MatrixSplit12.xml
----------------- Instantiating /home/travis/build/icyphy/ptII/ptolemy/domains/sdf/lib/test/auto/MatrixSplit12.xml
3 ms. Memory: 145408K Free: 97246K (67%)
----------------- Invoking toplevel() on ptolemy.moml.MoMLSimpleApplication@4fcdf825
----------------- Done invoking toplevel() on ptolemy.moml.MoMLSimpleApplication@4fcdf825
reloadAllAccessors: .MatrixSplit12

===========================================================================================
----------------- testing Sat Nov 02 06:46:20 UTC 2019 /home/travis/build/icyphy/ptII/ptolemy/domains/sdf/lib/test/auto/MatrixSplit13.xml
----------------- Instantiating /home/travis/build/icyphy/ptII/ptolemy/domains/sdf/lib/test/auto/MatrixSplit13.xml
3 ms. Memory: 145408K Free: 93664K (64%)
----------------- Invoking toplevel() on ptolemy.moml.MoMLSimpleApplication@68fddc37
----------------- Done invoking toplevel() on ptolemy.moml.MoMLSimpleApplication@68fddc37
reloadAllAccessors: .MatrixSplit13

===========================================================================================
----------------- testing Sat Nov 02 06:46:20 UTC 2019 /home/travis/build/icyphy/ptII/ptolemy/domains/sdf/lib/test/auto/MatrixSplit14.xml
----------------- Instantiating /home/travis/build/icyphy/ptII/ptolemy/domains/sdf/lib/test/auto/MatrixSplit14.xml
2 ms. Memory: 145408K Free: 90078K (62%)
----------------- Invoking toplevel() on ptolemy.moml.MoMLSimpleApplication@6d76c5ce
----------------- Done invoking toplevel() on ptolemy.moml.MoMLSimpleApplication@6d76c5ce
reloadAllAccessors: .MatrixSplit14

===========================================================================================
----------------- testing Sat Nov 02 06:46:20 UTC 2019 /home/travis/build/icyphy/ptII/ptolemy/domains/sdf/lib/test/auto/MatrixSplit2.xml
----------------- Instantiating /home/travis/build/icyphy/ptII/ptolemy/domains/sdf/lib/test/auto/MatrixSplit2.xml
2 ms. Memory: 145408K Free: 86496K (59%)
----------------- Invoking toplevel() on ptolemy.moml.MoMLSimpleApplication@46017768
----------------- Done invoking toplevel() on ptolemy.moml.MoMLSimpleApplication@46017768
reloadAllAccessors: .MatrixSplit2

===========================================================================================
----------------- testing Sat Nov 02 06:46:20 UTC 2019 /home/travis/build/icyphy/ptII/ptolemy/domains/sdf/lib/test/auto/MatrixSplit3.xml
----------------- Instantiating /home/travis/build/icyphy/ptII/ptolemy/domains/sdf/lib/test/auto/MatrixSplit3.xml
2 ms. Memory: 145408K Free: 82910K (57%)
----------------- Invoking toplevel() on ptolemy.moml.MoMLSimpleApplication@1e292550
----------------- Done invoking toplevel() on ptolemy.moml.MoMLSimpleApplication@1e292550
reloadAllAccessors: .MatrixSplit3

===========================================================================================
----------------- testing Sat Nov 02 06:46:20 UTC 2019 /home/travis/build/icyphy/ptII/ptolemy/domains/sdf/lib/test/auto/MatrixSplit4.xml
----------------- Instantiating /home/travis/build/icyphy/ptII/ptolemy/domains/sdf/lib/test/auto/MatrixSplit4.xml
3 ms. Memory: 145408K Free: 79328K (55%)
----------------- Invoking toplevel() on ptolemy.moml.MoMLSimpleApplication@609f1e90
----------------- Done invoking toplevel() on ptolemy.moml.MoMLSimpleApplication@609f1e90
reloadAllAccessors: .MatrixSplit4

===========================================================================================
----------------- testing Sat Nov 02 06:46:20 UTC 2019 /home/travis/build/icyphy/ptII/ptolemy/domains/sdf/lib/test/auto/MatrixSplit5.xml
----------------- Instantiating /home/travis/build/icyphy/ptII/ptolemy/domains/sdf/lib/test/auto/MatrixSplit5.xml
1 ms. Memory: 145408K Free: 75742K (52%)
----------------- Invoking toplevel() on ptolemy.moml.MoMLSimpleApplication@424a55f4
----------------- Done invoking toplevel() on ptolemy.moml.MoMLSimpleApplication@424a55f4
reloadAllAccessors: .MatrixSplit5

===========================================================================================
----------------- testing Sat Nov 02 06:46:20 UTC 2019 /home/travis/build/icyphy/ptII/ptolemy/domains/sdf/lib/test/auto/MatrixSplit6.xml
----------------- Instantiating /home/travis/build/icyphy/ptII/ptolemy/domains/sdf/lib/test/auto/MatrixSplit6.xml
1 ms. Memory: 145408K Free: 72160K (50%)
----------------- Invoking toplevel() on ptolemy.moml.MoMLSimpleApplication@4443d85a
----------------- Done invoking toplevel() on ptolemy.moml.MoMLSimpleApplication@4443d85a
reloadAllAccessors: .MatrixSplit6

===========================================================================================
----------------- testing Sat Nov 02 06:46:20 UTC 2019 /home/travis/build/icyphy/ptII/ptolemy/domains/sdf/lib/test/auto/MatrixSplit7.xml
----------------- Instantiating /home/travis/build/icyphy/ptII/ptolemy/domains/sdf/lib/test/auto/MatrixSplit7.xml
1 ms. Memory: 145408K Free: 68574K (47%)
----------------- Invoking toplevel() on ptolemy.moml.MoMLSimpleApplication@1a913238
----------------- Done invoking toplevel() on ptolemy.moml.MoMLSimpleApplication@1a913238
reloadAllAccessors: .MatrixSplit7

===========================================================================================
----------------- testing Sat Nov 02 06:46:20 UTC 2019 /home/travis/build/icyphy/ptII/ptolemy/domains/sdf/lib/test/auto/MatrixSplit8.xml
----------------- Instantiating /home/travis/build/icyphy/ptII/ptolemy/domains/sdf/lib/test/auto/MatrixSplit8.xml
2 ms. Memory: 145408K Free: 64992K (45%)
----------------- Invoking toplevel() on ptolemy.moml.MoMLSimpleApplication@5c881c1a
----------------- Done invoking toplevel() on ptolemy.moml.MoMLSimpleApplication@5c881c1a
reloadAllAccessors: .MatrixSplit8

===========================================================================================
----------------- testing Sat Nov 02 06:46:20 UTC 2019 /home/travis/build/icyphy/ptII/ptolemy/domains/sdf/lib/test/auto/MatrixSplit9.xml
----------------- Instantiating /home/travis/build/icyphy/ptII/ptolemy/domains/sdf/lib/test/auto/MatrixSplit9.xml
2 ms. Memory: 145408K Free: 61406K (42%)
----------------- Invoking toplevel() on ptolemy.moml.MoMLSimpleApplication@1bcfbc96
----------------- Done invoking toplevel() on ptolemy.moml.MoMLSimpleApplication@1bcfbc96
reloadAllAccessors: .MatrixSplit9

===========================================================================================
----------------- testing Sat Nov 02 06:46:21 UTC 2019 /home/travis/build/icyphy/ptII/ptolemy/domains/sdf/lib/test/auto/MatrixToSequence.xml
----------------- Instantiating /home/travis/build/icyphy/ptII/ptolemy/domains/sdf/lib/test/auto/MatrixToSequence.xml
15 ms. Memory: 145408K Free: 52190K (36%)
----------------- Invoking toplevel() on ptolemy.moml.MoMLSimpleApplication@514f5065
----------------- Done invoking toplevel() on ptolemy.moml.MoMLSimpleApplication@514f5065
reloadAllAccessors: .MatrixToSequence

===========================================================================================
----------------- testing Sat Nov 02 06:46:21 UTC 2019 /home/travis/build/icyphy/ptII/ptolemy/domains/sdf/lib/test/auto/MaximumEntropySpectrum.xml
----------------- Instantiating /home/travis/build/icyphy/ptII/ptolemy/domains/sdf/lib/test/auto/MaximumEntropySpectrum.xml
18 ms. Memory: 145408K Free: 112743K (78%)
----------------- Invoking toplevel() on ptolemy.moml.MoMLSimpleApplication@525419f7
----------------- Done invoking toplevel() on ptolemy.moml.MoMLSimpleApplication@525419f7
reloadAllAccessors: .MaximumEntropySpectrum

===========================================================================================
----------------- testing Sat Nov 02 06:46:21 UTC 2019 /home/travis/build/icyphy/ptII/ptolemy/domains/sdf/lib/test/auto/SampleDelayConversion.xml
----------------- Instantiating /home/travis/build/icyphy/ptII/ptolemy/domains/sdf/lib/test/auto/SampleDelayConversion.xml
2 ms. Memory: 145408K Free: 108647K (75%)
----------------- Invoking toplevel() on ptolemy.moml.MoMLSimpleApplication@64077ede
----------------- Done invoking toplevel() on ptolemy.moml.MoMLSimpleApplication@64077ede
reloadAllAccessors: .SampleDelayConversion

===========================================================================================
----------------- testing Sat Nov 02 06:46:21 UTC 2019 /home/travis/build/icyphy/ptII/ptolemy/domains/sdf/lib/test/auto/SequenceToArray.xml
----------------- Instantiating /home/travis/build/icyphy/ptII/ptolemy/domains/sdf/lib/test/auto/SequenceToArray.xml
10 ms. Memory: 145408K Free: 97879K (67%)
----------------- Invoking toplevel() on ptolemy.moml.MoMLSimpleApplication@605cb247
----------------- Done invoking toplevel() on ptolemy.moml.MoMLSimpleApplication@605cb247
reloadAllAccessors: .SequenceToArray

===========================================================================================
----------------- testing Sat Nov 02 06:46:21 UTC 2019 /home/travis/build/icyphy/ptII/ptolemy/domains/sdf/lib/test/auto/SequenceToMatrix.xml
----------------- Instantiating /home/travis/build/icyphy/ptII/ptolemy/domains/sdf/lib/test/auto/SequenceToMatrix.xml
3799 ms. Memory: 175104K Free: 136789K (78%)
----------------- Invoking toplevel() on ptolemy.moml.MoMLSimpleApplication@672affdf
----------------- Done invoking toplevel() on ptolemy.moml.MoMLSimpleApplication@672affdf
reloadAllAccessors: .SequenceToMatrix

===========================================================================================
----------------- testing Sat Nov 02 06:46:25 UTC 2019 /home/travis/build/icyphy/ptII/ptolemy/domains/sdf/lib/test/auto/SmoothedPeriodogram.xml
----------------- Instantiating /home/travis/build/icyphy/ptII/ptolemy/domains/sdf/lib/test/auto/SmoothedPeriodogram.xml
14 ms. Memory: 175104K Free: 121429K (69%)
----------------- Invoking toplevel() on ptolemy.moml.MoMLSimpleApplication@15922f9f
----------------- Done invoking toplevel() on ptolemy.moml.MoMLSimpleApplication@15922f9f
reloadAllAccessors: .SmoothedPeriodogram

===========================================================================================
----------------- testing Sat Nov 02 06:46:25 UTC 2019 /home/travis/build/icyphy/ptII/ptolemy/domains/sdf/lib/test/auto/UpDownSample1.xml
----------------- Instantiating /home/travis/build/icyphy/ptII/ptolemy/domains/sdf/lib/test/auto/UpDownSample1.xml
4 ms. Memory: 175104K Free: 117333K (67%)
----------------- Invoking toplevel() on ptolemy.moml.MoMLSimpleApplication@7dd6637c
----------------- Done invoking toplevel() on ptolemy.moml.MoMLSimpleApplication@7dd6637c
reloadAllAccessors: .UpDownSample1

===========================================================================================
----------------- testing Sat Nov 02 06:46:25 UTC 2019 /home/travis/build/icyphy/ptII/ptolemy/domains/sdf/lib/test/auto/UpSample1.xml
----------------- Instantiating /home/travis/build/icyphy/ptII/ptolemy/domains/sdf/lib/test/auto/UpSample1.xml
2 ms. Memory: 175104K Free: 113751K (65%)
----------------- Invoking toplevel() on ptolemy.moml.MoMLSimpleApplication@387ddf9a
----------------- Done invoking toplevel() on ptolemy.moml.MoMLSimpleApplication@387ddf9a
reloadAllAccessors: .UpSample1

===========================================================================================
----------------- testing Sat Nov 02 06:46:25 UTC 2019 /home/travis/build/icyphy/ptII/ptolemy/domains/sdf/lib/test/auto/VariableFIR.xml
----------------- Instantiating /home/travis/build/icyphy/ptII/ptolemy/domains/sdf/lib/test/auto/VariableFIR.xml
13 ms. Memory: 175104K Free: 108631K (62%)
----------------- Invoking toplevel() on ptolemy.moml.MoMLSimpleApplication@73c620df
----------------- Done invoking toplevel() on ptolemy.moml.MoMLSimpleApplication@73c620df
reloadAllAccessors: .VariableFIR

===========================================================================================
----------------- testing Sat Nov 02 06:46:25 UTC 2019 /home/travis/build/icyphy/ptII/ptolemy/domains/sdf/lib/test/auto/VariableFIR2.xml
----------------- Instantiating /home/travis/build/icyphy/ptII/ptolemy/domains/sdf/lib/test/auto/VariableFIR2.xml
7 ms. Memory: 175104K Free: 103511K (59%)
----------------- Invoking toplevel() on ptolemy.moml.MoMLSimpleApplication@24929e1f
----------------- Done invoking toplevel() on ptolemy.moml.MoMLSimpleApplication@24929e1f
reloadAllAccessors: .VariableFIR2

===========================================================================================
----------------- testing Sat Nov 02 06:46:25 UTC 2019 /home/travis/build/icyphy/ptII/ptolemy/domains/sdf/lib/test/auto/VariableLattice.xml
----------------- Instantiating /home/travis/build/icyphy/ptII/ptolemy/domains/sdf/lib/test/auto/VariableLattice.xml
5 ms. Memory: 175104K Free: 96853K (55%)
----------------- Invoking toplevel() on ptolemy.moml.MoMLSimpleApplication@4c412568
----------------- Done invoking toplevel() on ptolemy.moml.MoMLSimpleApplication@4c412568
reloadAllAccessors: .VariableLattice

===========================================================================================
----------------- testing Sat Nov 02 06:46:25 UTC 2019 /home/travis/build/icyphy/ptII/ptolemy/domains/sdf/lib/test/auto/VariableLattice2.xml
----------------- Instantiating /home/travis/build/icyphy/ptII/ptolemy/domains/sdf/lib/test/auto/VariableLattice2.xml
1.0
-1.999999602036
1.9099998677481
-0.9099996420674
0.205
0.0
0.0
1.0
-0.25
-0.5
0.0
0.0
0.0
0.0
8 ms. Memory: 175104K Free: 92247K (53%)
----------------- Invoking toplevel() on ptolemy.moml.MoMLSimpleApplication@3cb43618
----------------- Done invoking toplevel() on ptolemy.moml.MoMLSimpleApplication@3cb43618
reloadAllAccessors: .VariableLattice2

===========================================================================================
----------------- testing Sat Nov 02 06:46:25 UTC 2019 /home/travis/build/icyphy/ptII/ptolemy/domains/sdf/lib/test/auto/VariableRecursiveLattice.xml
----------------- Instantiating /home/travis/build/icyphy/ptII/ptolemy/domains/sdf/lib/test/auto/VariableRecursiveLattice.xml
2 ms. Memory: 175104K Free: 87637K (50%)
----------------- Invoking toplevel() on ptolemy.moml.MoMLSimpleApplication@5bef1d8d
----------------- Done invoking toplevel() on ptolemy.moml.MoMLSimpleApplication@5bef1d8d
reloadAllAccessors: .VariableRecursiveLattice

===========================================================================================
----------------- testing Sat Nov 02 06:46:25 UTC 2019 /home/travis/build/icyphy/ptII/ptolemy/domains/sdf/lib/test/auto/VariableRecursiveLattice2.xml
----------------- Instantiating /home/travis/build/icyphy/ptII/ptolemy/domains/sdf/lib/test/auto/VariableRecursiveLattice2.xml
2 ms. Memory: 175104K Free: 84055K (48%)
----------------- Invoking toplevel() on ptolemy.moml.MoMLSimpleApplication@1c3ce41a
----------------- Done invoking toplevel() on ptolemy.moml.MoMLSimpleApplication@1c3ce41a
reloadAllAccessors: .VariableRecursiveLattice2
AutoTests.java: About to close Vertx.
AutoTests.java: Vertx closed.
]]></system-out>
  <system-err><![CDATA[]]></system-err>
</testsuite>
