<?xml version="1.0" encoding="UTF-8" ?>
<testsuite errors="0" failures="0" hostname="travis-job-6c4cae9c-4e70-4e3e-99c6-25abd99347ad" name="ptolemy.domains.continuous.test.junit.JUnitTclTest" skipped="0" tests="156" time="68.31" timestamp="2020-01-13T21:05:06">
  <properties>
[...]
</properties>
  <testcase classname="ptolemy.util.test.junit.TclTests" name="[0] ThereAreNoTclTests (RunTclFile)" time="0.014" />
  <testcase classname="ptolemy.util.test.junit.AutoKnownFailedTests" name="[0] ThereAreNoKnowFailedTests (RunModel)" time="0.005" />
  <testcase classname="ptolemy.util.test.junit.AutoNameArchTests" name="[0] ThereAreNoAutoArchTests (RunModel)" time="0.01" />
  <testcase classname="ptolemy.util.test.junit.AutoTests" name="[0] /home/travis/build/icyphy/ptII/ptolemy/domains/continuous/test/auto/BouncingBall.xml (RunModel)" time="2.952" />
  <testcase classname="ptolemy.util.test.junit.AutoTests" name="[1] /home/travis/build/icyphy/ptII/ptolemy/domains/continuous/test/auto/BouncingBallWithoutGR.xml (RunModel)" time="0.961" />
  <testcase classname="ptolemy.util.test.junit.AutoTests" name="[2] /home/travis/build/icyphy/ptII/ptolemy/domains/continuous/test/auto/Brownian.xml (RunModel)" time="0.101" />
  <testcase classname="ptolemy.util.test.junit.AutoTests" name="[3] /home/travis/build/icyphy/ptII/ptolemy/domains/continuous/test/auto/CarTracking.xml (RunModel)" time="4.194" />
  <testcase classname="ptolemy.util.test.junit.AutoTests" name="[4] /home/travis/build/icyphy/ptII/ptolemy/domains/continuous/test/auto/CartPendulum.xml (RunModel)" time="0.616" />
  <testcase classname="ptolemy.util.test.junit.AutoTests" name="[5] /home/travis/build/icyphy/ptII/ptolemy/domains/continuous/test/auto/CausalityInterface10.xml (RunModel)" time="0.054" />
  <testcase classname="ptolemy.util.test.junit.AutoTests" name="[6] /home/travis/build/icyphy/ptII/ptolemy/domains/continuous/test/auto/CausalityInterface11.xml (RunModel)" time="0.033" />
  <testcase classname="ptolemy.util.test.junit.AutoTests" name="[7] /home/travis/build/icyphy/ptII/ptolemy/domains/continuous/test/auto/CausalityInterface12.xml (RunModel)" time="0.024" />
  <testcase classname="ptolemy.util.test.junit.AutoTests" name="[8] /home/travis/build/icyphy/ptII/ptolemy/domains/continuous/test/auto/CausalityInterface13.xml (RunModel)" time="0.019" />
  <testcase classname="ptolemy.util.test.junit.AutoTests" name="[9] /home/travis/build/icyphy/ptII/ptolemy/domains/continuous/test/auto/CausalityInterface14.xml (RunModel)" time="0.018" />
  <testcase classname="ptolemy.util.test.junit.AutoTests" name="[10] /home/travis/build/icyphy/ptII/ptolemy/domains/continuous/test/auto/CausalityInterface4.xml (RunModel)" time="0.032" />
  <testcase classname="ptolemy.util.test.junit.AutoTests" name="[11] /home/travis/build/icyphy/ptII/ptolemy/domains/continuous/test/auto/CausalityInterface5.xml (RunModel)" time="0.026" />
  <testcase classname="ptolemy.util.test.junit.AutoTests" name="[12] /home/travis/build/icyphy/ptII/ptolemy/domains/continuous/test/auto/CausalityInterface6.xml (RunModel)" time="0.022" />
  <testcase classname="ptolemy.util.test.junit.AutoTests" name="[13] /home/travis/build/icyphy/ptII/ptolemy/domains/continuous/test/auto/CausalityInterface7.xml (RunModel)" time="0.044" />
  <testcase classname="ptolemy.util.test.junit.AutoTests" name="[14] /home/travis/build/icyphy/ptII/ptolemy/domains/continuous/test/auto/CausalityInterface8.xml (RunModel)" time="0.035" />
  <testcase classname="ptolemy.util.test.junit.AutoTests" name="[15] /home/travis/build/icyphy/ptII/ptolemy/domains/continuous/test/auto/CausalityInterface9.xml (RunModel)" time="0.037" />
  <testcase classname="ptolemy.util.test.junit.AutoTests" name="[16] /home/travis/build/icyphy/ptII/ptolemy/domains/continuous/test/auto/CausalityInterfaceFeedback1.xml (RunModel)" time="0.034" />
  <testcase classname="ptolemy.util.test.junit.AutoTests" name="[17] /home/travis/build/icyphy/ptII/ptolemy/domains/continuous/test/auto/CausalityInterfaceFeedback2.xml (RunModel)" time="0.032" />
  <testcase classname="ptolemy.util.test.junit.AutoTests" name="[18] /home/travis/build/icyphy/ptII/ptolemy/domains/continuous/test/auto/CompareWithCurrentTime.xml (RunModel)" time="0.019" />
  <testcase classname="ptolemy.util.test.junit.AutoTests" name="[19] /home/travis/build/icyphy/ptII/ptolemy/domains/continuous/test/auto/ComparedClocks.xml (RunModel)" time="0.066" />
  <testcase classname="ptolemy.util.test.junit.AutoTests" name="[20] /home/travis/build/icyphy/ptII/ptolemy/domains/continuous/test/auto/ContinuousAOCClone.xml (RunModel)" time="2.746" />
  <testcase classname="ptolemy.util.test.junit.AutoTests" name="[21] /home/travis/build/icyphy/ptII/ptolemy/domains/continuous/test/auto/ContinuousClock.xml (RunModel)" time="0.083" />
  <testcase classname="ptolemy.util.test.junit.AutoTests" name="[22] /home/travis/build/icyphy/ptII/ptolemy/domains/continuous/test/auto/ContinuousInContinuous.xml (RunModel)" time="0.085" />
  <testcase classname="ptolemy.util.test.junit.AutoTests" name="[23] /home/travis/build/icyphy/ptII/ptolemy/domains/continuous/test/auto/ContinuousInContinuousInContinuous.xml (RunModel)" time="0.025" />
  <testcase classname="ptolemy.util.test.junit.AutoTests" name="[24] /home/travis/build/icyphy/ptII/ptolemy/domains/continuous/test/auto/ContinuousInDE.xml (RunModel)" time="0.101" />
  <testcase classname="ptolemy.util.test.junit.AutoTests" name="[25] /home/travis/build/icyphy/ptII/ptolemy/domains/continuous/test/auto/ContinuousInDE2.xml (RunModel)" time="0.062" />
  <testcase classname="ptolemy.util.test.junit.AutoTests" name="[26] /home/travis/build/icyphy/ptII/ptolemy/domains/continuous/test/auto/ContinuousInDE3.xml (RunModel)" time="0.06" />
  <testcase classname="ptolemy.util.test.junit.AutoTests" name="[27] /home/travis/build/icyphy/ptII/ptolemy/domains/continuous/test/auto/ContinuousInDE4.xml (RunModel)" time="0.039" />
  <testcase classname="ptolemy.util.test.junit.AutoTests" name="[28] /home/travis/build/icyphy/ptII/ptolemy/domains/continuous/test/auto/ContinuousInDEDifferentRefinements.xml (RunModel)" time="0.123" />
  <testcase classname="ptolemy.util.test.junit.AutoTests" name="[29] /home/travis/build/icyphy/ptII/ptolemy/domains/continuous/test/auto/ContinuousInDEDifferentRefinementsPreemptive.xml (RunModel)" time="0.089" />
  <testcase classname="ptolemy.util.test.junit.AutoTests" name="[30] /home/travis/build/icyphy/ptII/ptolemy/domains/continuous/test/auto/ContinuousInDEInContinuous2.xml (RunModel)" time="0.065" />
  <testcase classname="ptolemy.util.test.junit.AutoTests" name="[31] /home/travis/build/icyphy/ptII/ptolemy/domains/continuous/test/auto/ContinuousInDEInContinuous3.xml (RunModel)" time="0.061" />
  <testcase classname="ptolemy.util.test.junit.AutoTests" name="[32] /home/travis/build/icyphy/ptII/ptolemy/domains/continuous/test/auto/ContinuousInDEInput.xml (RunModel)" time="0.033" />
  <testcase classname="ptolemy.util.test.junit.AutoTests" name="[33] /home/travis/build/icyphy/ptII/ptolemy/domains/continuous/test/auto/ContinuousInDEInput2.xml (RunModel)" time="0.032" />
  <testcase classname="ptolemy.util.test.junit.AutoTests" name="[34] /home/travis/build/icyphy/ptII/ptolemy/domains/continuous/test/auto/ContinuousInDEInput3.xml (RunModel)" time="0.03" />
  <testcase classname="ptolemy.util.test.junit.AutoTests" name="[35] /home/travis/build/icyphy/ptII/ptolemy/domains/continuous/test/auto/ContinuousInDESharingRefinement.xml (RunModel)" time="0.199" />
  <testcase classname="ptolemy.util.test.junit.AutoTests" name="[36] /home/travis/build/icyphy/ptII/ptolemy/domains/continuous/test/auto/ContinuousInDEwithNoPorts.xml (RunModel)" time="0.018" />
  <testcase classname="ptolemy.util.test.junit.AutoTests" name="[37] /home/travis/build/icyphy/ptII/ptolemy/domains/continuous/test/auto/ContinuousInsideDE.xml (RunModel)" time="0.085" />
  <testcase classname="ptolemy.util.test.junit.AutoTests" name="[38] /home/travis/build/icyphy/ptII/ptolemy/domains/continuous/test/auto/ContinuousMerge1.xml (RunModel)" time="0.02" />
  <testcase classname="ptolemy.util.test.junit.AutoTests" name="[39] /home/travis/build/icyphy/ptII/ptolemy/domains/continuous/test/auto/ContinuousMerge2.xml (RunModel)" time="0.033" />
  <testcase classname="ptolemy.util.test.junit.AutoTests" name="[40] /home/travis/build/icyphy/ptII/ptolemy/domains/continuous/test/auto/ContinuousMerge3.xml (RunModel)" time="0.062" />
  <testcase classname="ptolemy.util.test.junit.AutoTests" name="[41] /home/travis/build/icyphy/ptII/ptolemy/domains/continuous/test/auto/ContinuousWithinContinuous.xml (RunModel)" time="0.049" />
  <testcase classname="ptolemy.util.test.junit.AutoTests" name="[42] /home/travis/build/icyphy/ptII/ptolemy/domains/continuous/test/auto/ContinuousWithinContinuous2.xml (RunModel)" time="0.065" />
  <testcase classname="ptolemy.util.test.junit.AutoTests" name="[43] /home/travis/build/icyphy/ptII/ptolemy/domains/continuous/test/auto/ContinuousWithinContinuous3.xml (RunModel)" time="0.022" />
  <testcase classname="ptolemy.util.test.junit.AutoTests" name="[44] /home/travis/build/icyphy/ptII/ptolemy/domains/continuous/test/auto/ContinuousWithinContinuous4.xml (RunModel)" time="0.07" />
  <testcase classname="ptolemy.util.test.junit.AutoTests" name="[45] /home/travis/build/icyphy/ptII/ptolemy/domains/continuous/test/auto/ContinuousWithinContinuous5.xml (RunModel)" time="0.024" />
  <testcase classname="ptolemy.util.test.junit.AutoTests" name="[46] /home/travis/build/icyphy/ptII/ptolemy/domains/continuous/test/auto/ContinuousWithinContinuous6.xml (RunModel)" time="0.028" />
  <testcase classname="ptolemy.util.test.junit.AutoTests" name="[47] /home/travis/build/icyphy/ptII/ptolemy/domains/continuous/test/auto/ContinuousWithinContinuous7.xml (RunModel)" time="0.057" />
  <testcase classname="ptolemy.util.test.junit.AutoTests" name="[48] /home/travis/build/icyphy/ptII/ptolemy/domains/continuous/test/auto/DCMotor.xml (RunModel)" time="12.017" />
  <testcase classname="ptolemy.util.test.junit.AutoTests" name="[49] /home/travis/build/icyphy/ptII/ptolemy/domains/continuous/test/auto/DEInContinuous.xml (RunModel)" time="0.039" />
  <testcase classname="ptolemy.util.test.junit.AutoTests" name="[50] /home/travis/build/icyphy/ptII/ptolemy/domains/continuous/test/auto/DEinContinuous2.xml (RunModel)" time="0.029" />
  <testcase classname="ptolemy.util.test.junit.AutoTests" name="[51] /home/travis/build/icyphy/ptII/ptolemy/domains/continuous/test/auto/Derivative.xml (RunModel)" time="0.159" />
  <testcase classname="ptolemy.util.test.junit.AutoTests" name="[52] /home/travis/build/icyphy/ptII/ptolemy/domains/continuous/test/auto/Derivative1.xml (RunModel)" time="0.04" />
  <testcase classname="ptolemy.util.test.junit.AutoTests" name="[53] /home/travis/build/icyphy/ptII/ptolemy/domains/continuous/test/auto/DiscreteClock.xml (RunModel)" time="0.016" />
  <testcase classname="ptolemy.util.test.junit.AutoTests" name="[54] /home/travis/build/icyphy/ptII/ptolemy/domains/continuous/test/auto/EfficiencyCurve.xml (RunModel)" time="0.072" />
  <testcase classname="ptolemy.util.test.junit.AutoTests" name="[55] /home/travis/build/icyphy/ptII/ptolemy/domains/continuous/test/auto/ExponentialResponse.xml (RunModel)" time="0.132" />
  <testcase classname="ptolemy.util.test.junit.AutoTests" name="[56] /home/travis/build/icyphy/ptII/ptolemy/domains/continuous/test/auto/ExponentialResponseRK45.xml (RunModel)" time="0.036" />
  <testcase classname="ptolemy.util.test.junit.AutoTests" name="[57] /home/travis/build/icyphy/ptII/ptolemy/domains/continuous/test/auto/Friction.xml (RunModel)" time="1.549" />
  <testcase classname="ptolemy.util.test.junit.AutoTests" name="[58] /home/travis/build/icyphy/ptII/ptolemy/domains/continuous/test/auto/FurutaPendulum.xml (RunModel)" time="2.902" />
  <testcase classname="ptolemy.util.test.junit.AutoTests" name="[59] /home/travis/build/icyphy/ptII/ptolemy/domains/continuous/test/auto/HierarchicalExecution.xml (RunModel)" time="1.688" />
  <testcase classname="ptolemy.util.test.junit.AutoTests" name="[60] /home/travis/build/icyphy/ptII/ptolemy/domains/continuous/test/auto/HybridPlant.xml (RunModel)" time="0.535" />
  <testcase classname="ptolemy.util.test.junit.AutoTests" name="[61] /home/travis/build/icyphy/ptII/ptolemy/domains/continuous/test/auto/Hysteresis.xml (RunModel)" time="0.182" />
  <testcase classname="ptolemy.util.test.junit.AutoTests" name="[62] /home/travis/build/icyphy/ptII/ptolemy/domains/continuous/test/auto/HysteresisWithRandomDelay.xml (RunModel)" time="0.221" />
  <testcase classname="ptolemy.util.test.junit.AutoTests" name="[63] /home/travis/build/icyphy/ptII/ptolemy/domains/continuous/test/auto/HysteresisWithRandomLosses.xml (RunModel)" time="2.455" />
  <testcase classname="ptolemy.util.test.junit.AutoTests" name="[64] /home/travis/build/icyphy/ptII/ptolemy/domains/continuous/test/auto/ImmediateTransitions.xml (RunModel)" time="0.033" />
  <testcase classname="ptolemy.util.test.junit.AutoTests" name="[65] /home/travis/build/icyphy/ptII/ptolemy/domains/continuous/test/auto/ImpulseFeedback.xml (RunModel)" time="0.018" />
  <testcase classname="ptolemy.util.test.junit.AutoTests" name="[66] /home/travis/build/icyphy/ptII/ptolemy/domains/continuous/test/auto/ImpulseFeedback2.xml (RunModel)" time="0.013" />
  <testcase classname="ptolemy.util.test.junit.AutoTests" name="[67] /home/travis/build/icyphy/ptII/ptolemy/domains/continuous/test/auto/IncreasingRatePoisson.xml (RunModel)" time="0.741" />
  <testcase classname="ptolemy.util.test.junit.AutoTests" name="[68] /home/travis/build/icyphy/ptII/ptolemy/domains/continuous/test/auto/InitialStateFeedback.xml (RunModel)" time="0.013" />
  <testcase classname="ptolemy.util.test.junit.AutoTests" name="[69] /home/travis/build/icyphy/ptII/ptolemy/domains/continuous/test/auto/Integration.xml (RunModel)" time="0.008" />
  <testcase classname="ptolemy.util.test.junit.AutoTests" name="[70] /home/travis/build/icyphy/ptII/ptolemy/domains/continuous/test/auto/Integration2.xml (RunModel)" time="0.099" />
  <testcase classname="ptolemy.util.test.junit.AutoTests" name="[71] /home/travis/build/icyphy/ptII/ptolemy/domains/continuous/test/auto/Integration3.xml (RunModel)" time="0.012" />
  <testcase classname="ptolemy.util.test.junit.AutoTests" name="[72] /home/travis/build/icyphy/ptII/ptolemy/domains/continuous/test/auto/Integration5.xml (RunModel)" time="0.007" />
  <testcase classname="ptolemy.util.test.junit.AutoTests" name="[73] /home/travis/build/icyphy/ptII/ptolemy/domains/continuous/test/auto/IntegratorImpulse.xml (RunModel)" time="0.008" />
  <testcase classname="ptolemy.util.test.junit.AutoTests" name="[74] /home/travis/build/icyphy/ptII/ptolemy/domains/continuous/test/auto/IntegratorImpulse2.xml (RunModel)" time="0.009" />
  <testcase classname="ptolemy.util.test.junit.AutoTests" name="[75] /home/travis/build/icyphy/ptII/ptolemy/domains/continuous/test/auto/LevelCrossing1.xml (RunModel)" time="0.009" />
  <testcase classname="ptolemy.util.test.junit.AutoTests" name="[76] /home/travis/build/icyphy/ptII/ptolemy/domains/continuous/test/auto/LevelCrossing2.xml (RunModel)" time="0.016" />
  <testcase classname="ptolemy.util.test.junit.AutoTests" name="[77] /home/travis/build/icyphy/ptII/ptolemy/domains/continuous/test/auto/LevelCrossing3.xml (RunModel)" time="0.009" />
  <testcase classname="ptolemy.util.test.junit.AutoTests" name="[78] /home/travis/build/icyphy/ptII/ptolemy/domains/continuous/test/auto/LevelCrossing4.xml (RunModel)" time="0.011" />
  <testcase classname="ptolemy.util.test.junit.AutoTests" name="[79] /home/travis/build/icyphy/ptII/ptolemy/domains/continuous/test/auto/LevelCrossing5.xml (RunModel)" time="0.011" />
  <testcase classname="ptolemy.util.test.junit.AutoTests" name="[80] /home/travis/build/icyphy/ptII/ptolemy/domains/continuous/test/auto/LevelCrossing6.xml (RunModel)" time="0.011" />
  <testcase classname="ptolemy.util.test.junit.AutoTests" name="[81] /home/travis/build/icyphy/ptII/ptolemy/domains/continuous/test/auto/LevelCrossingDetector.xml (RunModel)" time="0.036" />
  <testcase classname="ptolemy.util.test.junit.AutoTests" name="[82] /home/travis/build/icyphy/ptII/ptolemy/domains/continuous/test/auto/LevelCrossingDetectorDetectingDirections.xml (RunModel)" time="0.09" />
  <testcase classname="ptolemy.util.test.junit.AutoTests" name="[83] /home/travis/build/icyphy/ptII/ptolemy/domains/continuous/test/auto/LevelCrossingDetectorDetectsGlitches.xml (RunModel)" time="0.066" />
  <testcase classname="ptolemy.util.test.junit.AutoTests" name="[84] /home/travis/build/icyphy/ptII/ptolemy/domains/continuous/test/auto/LevelCrossingNoInitialOuput.xml (RunModel)" time="0.013" />
  <testcase classname="ptolemy.util.test.junit.AutoTests" name="[85] /home/travis/build/icyphy/ptII/ptolemy/domains/continuous/test/auto/LinearStateSpaceExample.xml (RunModel)" time="0.066" />
  <testcase classname="ptolemy.util.test.junit.AutoTests" name="[86] /home/travis/build/icyphy/ptII/ptolemy/domains/continuous/test/auto/Lorenz.xml (RunModel)" time="3.121" />
  <testcase classname="ptolemy.util.test.junit.AutoTests" name="[87] /home/travis/build/icyphy/ptII/ptolemy/domains/continuous/test/auto/LorenzDifferentialSystem.xml (RunModel)" time="0.952" />
  <testcase classname="ptolemy.util.test.junit.AutoTests" name="[88] /home/travis/build/icyphy/ptII/ptolemy/domains/continuous/test/auto/LorenzDifferentialSystemWithInput.xml (RunModel)" time="1.152" />
  <testcase classname="ptolemy.util.test.junit.AutoTests" name="[89] /home/travis/build/icyphy/ptII/ptolemy/domains/continuous/test/auto/LorenzDifferentialSystemWithTime.xml (RunModel)" time="0.642" />
  <testcase classname="ptolemy.util.test.junit.AutoTests" name="[90] /home/travis/build/icyphy/ptII/ptolemy/domains/continuous/test/auto/Microsteps.xml (RunModel)" time="0.021" />
  <testcase classname="ptolemy.util.test.junit.AutoTests" name="[91] /home/travis/build/icyphy/ptII/ptolemy/domains/continuous/test/auto/Modal1.xml (RunModel)" time="0.035" />
  <testcase classname="ptolemy.util.test.junit.AutoTests" name="[92] /home/travis/build/icyphy/ptII/ptolemy/domains/continuous/test/auto/Modal2.xml (RunModel)" time="0.045" />
  <testcase classname="ptolemy.util.test.junit.AutoTests" name="[93] /home/travis/build/icyphy/ptII/ptolemy/domains/continuous/test/auto/ModalTransitionGuardWithReset.xml (RunModel)" time="0.02" />
  <testcase classname="ptolemy.util.test.junit.AutoTests" name="[94] /home/travis/build/icyphy/ptII/ptolemy/domains/continuous/test/auto/ModalTransitionGuardWithResetUsingPreemptiveTransition.xml (RunModel)" time="0.027" />
  <testcase classname="ptolemy.util.test.junit.AutoTests" name="[95] /home/travis/build/icyphy/ptII/ptolemy/domains/continuous/test/auto/ModalTransitionGuardWithResetUsingPreemptiveTransition2.xml (RunModel)" time="0.026" />
  <testcase classname="ptolemy.util.test.junit.AutoTests" name="[96] /home/travis/build/icyphy/ptII/ptolemy/domains/continuous/test/auto/ModalTransitionGuardWithResetUsingPreemptiveTransition3.xml (RunModel)" time="0.027" />
  <testcase classname="ptolemy.util.test.junit.AutoTests" name="[97] /home/travis/build/icyphy/ptII/ptolemy/domains/continuous/test/auto/NewtonsCradle.xml (RunModel)" time="0.797" />
  <testcase classname="ptolemy.util.test.junit.AutoTests" name="[98] /home/travis/build/icyphy/ptII/ptolemy/domains/continuous/test/auto/NewtonsCradleAnimated.xml (RunModel)" time="1.219" />
  <testcase classname="ptolemy.util.test.junit.AutoTests" name="[99] /home/travis/build/icyphy/ptII/ptolemy/domains/continuous/test/auto/NewtonsCradleComplicated.xml (RunModel)" time="0.853" />
  <testcase classname="ptolemy.util.test.junit.AutoTests" name="[100] /home/travis/build/icyphy/ptII/ptolemy/domains/continuous/test/auto/NewtonsCradleNondeterministic.xml (RunModel)" time="0.58" />
  <testcase classname="ptolemy.util.test.junit.AutoTests" name="[101] /home/travis/build/icyphy/ptII/ptolemy/domains/continuous/test/auto/NewtonsCradlePerfectlyInelastic1.xml (RunModel)" time="1.239" />
  <testcase classname="ptolemy.util.test.junit.AutoTests" name="[102] /home/travis/build/icyphy/ptII/ptolemy/domains/continuous/test/auto/Noise.xml (RunModel)" time="0.207" />
  <testcase classname="ptolemy.util.test.junit.AutoTests" name="[103] /home/travis/build/icyphy/ptII/ptolemy/domains/continuous/test/auto/NoiseSpectrum.xml (RunModel)" time="0.782" />
  <testcase classname="ptolemy.util.test.junit.AutoTests" name="[104] /home/travis/build/icyphy/ptII/ptolemy/domains/continuous/test/auto/ParameterizedNewtonsCradleAnimated.xml (RunModel)" time="0.333" />
  <testcase classname="ptolemy.util.test.junit.AutoTests" name="[105] /home/travis/build/icyphy/ptII/ptolemy/domains/continuous/test/auto/ParameterizedNewtonsCradleAnimatedNondeterministic.xml (RunModel)" time="1.098" />
  <testcase classname="ptolemy.util.test.junit.AutoTests" name="[106] /home/travis/build/icyphy/ptII/ptolemy/domains/continuous/test/auto/Pendulum3D.xml (RunModel)" time="0.163" />
  <testcase classname="ptolemy.util.test.junit.AutoTests" name="[107] /home/travis/build/icyphy/ptII/ptolemy/domains/continuous/test/auto/PeriodicSampler.xml (RunModel)" time="0.012" />
  <testcase classname="ptolemy.util.test.junit.AutoTests" name="[108] /home/travis/build/icyphy/ptII/ptolemy/domains/continuous/test/auto/PeriodicSampler1.xml (RunModel)" time="0.035" />
  <testcase classname="ptolemy.util.test.junit.AutoTests" name="[109] /home/travis/build/icyphy/ptII/ptolemy/domains/continuous/test/auto/PeriodicSampler2.xml (RunModel)" time="0.071" />
  <testcase classname="ptolemy.util.test.junit.AutoTests" name="[110] /home/travis/build/icyphy/ptII/ptolemy/domains/continuous/test/auto/Poisson.xml (RunModel)" time="0.424" />
  <testcase classname="ptolemy.util.test.junit.AutoTests" name="[111] /home/travis/build/icyphy/ptII/ptolemy/domains/continuous/test/auto/PoissonClock.xml (RunModel)" time="0.016" />
  <testcase classname="ptolemy.util.test.junit.AutoTests" name="[112] /home/travis/build/icyphy/ptII/ptolemy/domains/continuous/test/auto/PoissonClock2.xml (RunModel)" time="0.01" />
  <testcase classname="ptolemy.util.test.junit.AutoTests" name="[113] /home/travis/build/icyphy/ptII/ptolemy/domains/continuous/test/auto/PortParameterHierarchy.xml (RunModel)" time="0.023" />
  <testcase classname="ptolemy.util.test.junit.AutoTests" name="[114] /home/travis/build/icyphy/ptII/ptolemy/domains/continuous/test/auto/RandomHybridPlant.xml (RunModel)" time="0.541" />
  <testcase classname="ptolemy.util.test.junit.AutoTests" name="[115] /home/travis/build/icyphy/ptII/ptolemy/domains/continuous/test/auto/ResetTransitionWithStartTime1.xml (RunModel)" time="0.032" />
  <testcase classname="ptolemy.util.test.junit.AutoTests" name="[116] /home/travis/build/icyphy/ptII/ptolemy/domains/continuous/test/auto/ResetTransitionWithStartTime2.xml (RunModel)" time="0.033" />
  <testcase classname="ptolemy.util.test.junit.AutoTests" name="[117] /home/travis/build/icyphy/ptII/ptolemy/domains/continuous/test/auto/ResetTransitionWithStartTime3.xml (RunModel)" time="0.043" />
  <testcase classname="ptolemy.util.test.junit.AutoTests" name="[118] /home/travis/build/icyphy/ptII/ptolemy/domains/continuous/test/auto/ResetTransitionWithStartTime4.xml (RunModel)" time="0.026" />
  <testcase classname="ptolemy.util.test.junit.AutoTests" name="[119] /home/travis/build/icyphy/ptII/ptolemy/domains/continuous/test/auto/ResetTransitionWithStartTime5.xml (RunModel)" time="0.032" />
  <testcase classname="ptolemy.util.test.junit.AutoTests" name="[120] /home/travis/build/icyphy/ptII/ptolemy/domains/continuous/test/auto/ResetTransitionWithStartTime6.xml (RunModel)" time="0.031" />
  <testcase classname="ptolemy.util.test.junit.AutoTests" name="[121] /home/travis/build/icyphy/ptII/ptolemy/domains/continuous/test/auto/SRinContinuous.xml (RunModel)" time="0.022" />
  <testcase classname="ptolemy.util.test.junit.AutoTests" name="[122] /home/travis/build/icyphy/ptII/ptolemy/domains/continuous/test/auto/SampledClocks.xml (RunModel)" time="0.027" />
  <testcase classname="ptolemy.util.test.junit.AutoTests" name="[123] /home/travis/build/icyphy/ptII/ptolemy/domains/continuous/test/auto/Satellite.xml (RunModel)" time="0.68" />
  <testcase classname="ptolemy.util.test.junit.AutoTests" name="[124] /home/travis/build/icyphy/ptII/ptolemy/domains/continuous/test/auto/SigmaDelta.xml (RunModel)" time="1.833" />
  <testcase classname="ptolemy.util.test.junit.AutoTests" name="[125] /home/travis/build/icyphy/ptII/ptolemy/domains/continuous/test/auto/SingleRefinement.xml (RunModel)" time="0.387" />
  <testcase classname="ptolemy.util.test.junit.AutoTests" name="[126] /home/travis/build/icyphy/ptII/ptolemy/domains/continuous/test/auto/SinuBouncingBall.xml (RunModel)" time="0.82" />
  <testcase classname="ptolemy.util.test.junit.AutoTests" name="[127] /home/travis/build/icyphy/ptII/ptolemy/domains/continuous/test/auto/Sinusoid.xml (RunModel)" time="0.017" />
  <testcase classname="ptolemy.util.test.junit.AutoTests" name="[128] /home/travis/build/icyphy/ptII/ptolemy/domains/continuous/test/auto/SinusoidInNoise.xml (RunModel)" time="0.778" />
  <testcase classname="ptolemy.util.test.junit.AutoTests" name="[129] /home/travis/build/icyphy/ptII/ptolemy/domains/continuous/test/auto/SinusoidRK45.xml (RunModel)" time="0.014" />
  <testcase classname="ptolemy.util.test.junit.AutoTests" name="[130] /home/travis/build/icyphy/ptII/ptolemy/domains/continuous/test/auto/SinusoidWithMultipleImpulses.xml (RunModel)" time="0.01" />
  <testcase classname="ptolemy.util.test.junit.AutoTests" name="[131] /home/travis/build/icyphy/ptII/ptolemy/domains/continuous/test/auto/SquareWave.xml (RunModel)" time="0.158" />
  <testcase classname="ptolemy.util.test.junit.AutoTests" name="[132] /home/travis/build/icyphy/ptII/ptolemy/domains/continuous/test/auto/Starmac.xml (RunModel)" time="3.341" />
  <testcase classname="ptolemy.util.test.junit.AutoTests" name="[133] /home/travis/build/icyphy/ptII/ptolemy/domains/continuous/test/auto/StaticUnits.xml (RunModel)" time="2.411" />
  <testcase classname="ptolemy.util.test.junit.AutoTests" name="[134] /home/travis/build/icyphy/ptII/ptolemy/domains/continuous/test/auto/StickyMasses.xml (RunModel)" time="0.183" />
  <testcase classname="ptolemy.util.test.junit.AutoTests" name="[135] /home/travis/build/icyphy/ptII/ptolemy/domains/continuous/test/auto/StopTime.xml (RunModel)" time="0.053" />
  <testcase classname="ptolemy.util.test.junit.AutoTests" name="[136] /home/travis/build/icyphy/ptII/ptolemy/domains/continuous/test/auto/StopTime2.xml (RunModel)" time="0.049" />
  <testcase classname="ptolemy.util.test.junit.AutoTests" name="[137] /home/travis/build/icyphy/ptII/ptolemy/domains/continuous/test/auto/Switch.xml (RunModel)" time="0.054" />
  <testcase classname="ptolemy.util.test.junit.AutoTests" name="[138] /home/travis/build/icyphy/ptII/ptolemy/domains/continuous/test/auto/Thermostat.xml (RunModel)" time="0.237" />
  <testcase classname="ptolemy.util.test.junit.AutoTests" name="[139] /home/travis/build/icyphy/ptII/ptolemy/domains/continuous/test/auto/TimeDelay.xml (RunModel)" time="0.021" />
  <testcase classname="ptolemy.util.test.junit.AutoTests" name="[140] /home/travis/build/icyphy/ptII/ptolemy/domains/continuous/test/auto/TimeDelay2.xml (RunModel)" time="0.03" />
  <testcase classname="ptolemy.util.test.junit.AutoTests" name="[141] /home/travis/build/icyphy/ptII/ptolemy/domains/continuous/test/auto/TimeDelay3.xml (RunModel)" time="0.012" />
  <testcase classname="ptolemy.util.test.junit.AutoTests" name="[142] /home/travis/build/icyphy/ptII/ptolemy/domains/continuous/test/auto/TransferAbsentToInside.xml (RunModel)" time="0.108" />
  <testcase classname="ptolemy.util.test.junit.AutoTests" name="[143] /home/travis/build/icyphy/ptII/ptolemy/domains/continuous/test/auto/Transmission.xml (RunModel)" time="0.736" />
  <testcase classname="ptolemy.util.test.junit.AutoTests" name="[144] /home/travis/build/icyphy/ptII/ptolemy/domains/continuous/test/auto/TriggeredContinuousClock.xml (RunModel)" time="0.054" />
  <testcase classname="ptolemy.util.test.junit.AutoTests" name="[145] /home/travis/build/icyphy/ptII/ptolemy/domains/continuous/test/auto/TwoMachineInfiniteBusControl.xml (RunModel)" time="2.677" />
  <testcase classname="ptolemy.util.test.junit.AutoTests" name="[146] /home/travis/build/icyphy/ptII/ptolemy/domains/continuous/test/auto/V2V.xml (RunModel)" time="0.72" />
  <testcase classname="ptolemy.util.test.junit.AutoTests" name="[147] /home/travis/build/icyphy/ptII/ptolemy/domains/continuous/test/auto/hierarchicalModalModel.xml (RunModel)" time="0.029" />
  <testcase classname="ptolemy.util.test.junit.AutoTests" name="[148] /home/travis/build/icyphy/ptII/ptolemy/domains/continuous/test/auto/hierarchicalModalModel1.xml (RunModel)" time="0.025" />
  <testcase classname="ptolemy.util.test.junit.AutoTests" name="[149] /home/travis/build/icyphy/ptII/ptolemy/domains/continuous/test/auto/hierarchicalModalModel2.xml (RunModel)" time="0.024" />
  <testcase classname="ptolemy.util.test.junit.AutoTests" name="[150] /home/travis/build/icyphy/ptII/ptolemy/domains/continuous/test/auto/hierarchicalModalModel3.xml (RunModel)" time="0.019" />
  <testcase classname="ptolemy.util.test.junit.AutoTests" name="[151] /home/travis/build/icyphy/ptII/ptolemy/domains/continuous/test/auto/hierarchicalModalModel4.xml (RunModel)" time="0.043" />
  <testcase classname="ptolemy.util.test.junit.AutoTests" name="[152] /home/travis/build/icyphy/ptII/ptolemy/domains/continuous/test/auto/junk.xml (RunModel)" time="0.134" />
  <system-out><![CDATA[No tcl tests in /home/travis/build/icyphy/ptII/ptolemy/domains/continuous/test
No auto/knownFailedTests/*.xml tests in /home/travis/build/icyphy/ptII/ptolemy/domains/continuous/test
No auto/linux-amd64/*.xml tests in /home/travis/build/icyphy/ptII/ptolemy/domains/continuous/test
AutoTests.java: About to close Vertx.
AutoTests.java: Vertx closed.

===========================================================================================
----------------- testing Mon Jan 13 21:05:07 UTC 2020 /home/travis/build/icyphy/ptII/ptolemy/domains/continuous/test/auto/BouncingBall.xml
----------------- Instantiating /home/travis/build/icyphy/ptII/ptolemy/domains/continuous/test/auto/BouncingBall.xml
2421 ms. Memory: 129024K Free: 111486K (86%)
----------------- Invoking toplevel() on ptolemy.moml.MoMLSimpleApplication@4244b7f
----------------- Done invoking toplevel() on ptolemy.moml.MoMLSimpleApplication@4244b7f
reloadAllAccessors: .BouncingBall

===========================================================================================
----------------- testing Mon Jan 13 21:05:10 UTC 2020 /home/travis/build/icyphy/ptII/ptolemy/domains/continuous/test/auto/BouncingBallWithoutGR.xml
----------------- Instantiating /home/travis/build/icyphy/ptII/ptolemy/domains/continuous/test/auto/BouncingBallWithoutGR.xml
816 ms. Memory: 155648K Free: 105066K (68%)
----------------- Invoking toplevel() on ptolemy.moml.MoMLSimpleApplication@5d0cfff3
----------------- Done invoking toplevel() on ptolemy.moml.MoMLSimpleApplication@5d0cfff3
reloadAllAccessors: .BouncingBallWithoutGR

===========================================================================================
----------------- testing Mon Jan 13 21:05:11 UTC 2020 /home/travis/build/icyphy/ptII/ptolemy/domains/continuous/test/auto/Brownian.xml
----------------- Instantiating /home/travis/build/icyphy/ptII/ptolemy/domains/continuous/test/auto/Brownian.xml
31 ms. Memory: 155648K Free: 95850K (62%)
----------------- Invoking toplevel() on ptolemy.moml.MoMLSimpleApplication@2bcf683f
----------------- Done invoking toplevel() on ptolemy.moml.MoMLSimpleApplication@2bcf683f
reloadAllAccessors: .Brownian

===========================================================================================
----------------- testing Mon Jan 13 21:05:11 UTC 2020 /home/travis/build/icyphy/ptII/ptolemy/domains/continuous/test/auto/CarTracking.xml
----------------- Instantiating /home/travis/build/icyphy/ptII/ptolemy/domains/continuous/test/auto/CarTracking.xml
3795 ms. Memory: 187392K Free: 84264K (45%)
----------------- Invoking toplevel() on ptolemy.moml.MoMLSimpleApplication@7c36fc46
----------------- Done invoking toplevel() on ptolemy.moml.MoMLSimpleApplication@7c36fc46
reloadAllAccessors: .CarTracking

===========================================================================================
----------------- testing Mon Jan 13 21:05:15 UTC 2020 /home/travis/build/icyphy/ptII/ptolemy/domains/continuous/test/auto/CartPendulum.xml
----------------- Instantiating /home/travis/build/icyphy/ptII/ptolemy/domains/continuous/test/auto/CartPendulum.xml
444 ms. Memory: 225280K Free: 137765K (61%)
----------------- Invoking toplevel() on ptolemy.moml.MoMLSimpleApplication@20d33990
----------------- Done invoking toplevel() on ptolemy.moml.MoMLSimpleApplication@20d33990
reloadAllAccessors: .CartPendulum

===========================================================================================
----------------- testing Mon Jan 13 21:05:16 UTC 2020 /home/travis/build/icyphy/ptII/ptolemy/domains/continuous/test/auto/CausalityInterface10.xml
----------------- Instantiating /home/travis/build/icyphy/ptII/ptolemy/domains/continuous/test/auto/CausalityInterface10.xml
11 ms. Memory: 225280K Free: 127539K (57%)
----------------- Invoking toplevel() on ptolemy.moml.MoMLSimpleApplication@4ad9ed5e
----------------- Done invoking toplevel() on ptolemy.moml.MoMLSimpleApplication@4ad9ed5e
reloadAllAccessors: .CausalityInterface10

===========================================================================================
----------------- testing Mon Jan 13 21:05:16 UTC 2020 /home/travis/build/icyphy/ptII/ptolemy/domains/continuous/test/auto/CausalityInterface11.xml
----------------- Instantiating /home/travis/build/icyphy/ptII/ptolemy/domains/continuous/test/auto/CausalityInterface11.xml
9 ms. Memory: 225280K Free: 121381K (54%)
----------------- Invoking toplevel() on ptolemy.moml.MoMLSimpleApplication@25ef6f83
----------------- Done invoking toplevel() on ptolemy.moml.MoMLSimpleApplication@25ef6f83
reloadAllAccessors: .CausalityInterface11

===========================================================================================
----------------- testing Mon Jan 13 21:05:16 UTC 2020 /home/travis/build/icyphy/ptII/ptolemy/domains/continuous/test/auto/CausalityInterface12.xml
----------------- Instantiating /home/travis/build/icyphy/ptII/ptolemy/domains/continuous/test/auto/CausalityInterface12.xml
4 ms. Memory: 225280K Free: 115251K (51%)
----------------- Invoking toplevel() on ptolemy.moml.MoMLSimpleApplication@1a4a24c5
----------------- Done invoking toplevel() on ptolemy.moml.MoMLSimpleApplication@1a4a24c5
reloadAllAccessors: .CausalityInterface12

===========================================================================================
----------------- testing Mon Jan 13 21:05:16 UTC 2020 /home/travis/build/icyphy/ptII/ptolemy/domains/continuous/test/auto/CausalityInterface13.xml
----------------- Instantiating /home/travis/build/icyphy/ptII/ptolemy/domains/continuous/test/auto/CausalityInterface13.xml
4 ms. Memory: 225280K Free: 109107K (48%)
----------------- Invoking toplevel() on ptolemy.moml.MoMLSimpleApplication@1e37e04b
----------------- Done invoking toplevel() on ptolemy.moml.MoMLSimpleApplication@1e37e04b
reloadAllAccessors: .CausalityInterface13

===========================================================================================
----------------- testing Mon Jan 13 21:05:16 UTC 2020 /home/travis/build/icyphy/ptII/ptolemy/domains/continuous/test/auto/CausalityInterface14.xml
----------------- Instantiating /home/travis/build/icyphy/ptII/ptolemy/domains/continuous/test/auto/CausalityInterface14.xml
2 ms. Memory: 225280K Free: 103477K (46%)
----------------- Invoking toplevel() on ptolemy.moml.MoMLSimpleApplication@713d0212
----------------- Done invoking toplevel() on ptolemy.moml.MoMLSimpleApplication@713d0212
reloadAllAccessors: .CausalityInterface14

===========================================================================================
----------------- testing Mon Jan 13 21:05:16 UTC 2020 /home/travis/build/icyphy/ptII/ptolemy/domains/continuous/test/auto/CausalityInterface4.xml
----------------- Instantiating /home/travis/build/icyphy/ptII/ptolemy/domains/continuous/test/auto/CausalityInterface4.xml
5 ms. Memory: 225280K Free: 96309K (43%)
----------------- Invoking toplevel() on ptolemy.moml.MoMLSimpleApplication@18c0e945
----------------- Done invoking toplevel() on ptolemy.moml.MoMLSimpleApplication@18c0e945
reloadAllAccessors: .CausalityInterface4

===========================================================================================
----------------- testing Mon Jan 13 21:05:16 UTC 2020 /home/travis/build/icyphy/ptII/ptolemy/domains/continuous/test/auto/CausalityInterface5.xml
----------------- Instantiating /home/travis/build/icyphy/ptII/ptolemy/domains/continuous/test/auto/CausalityInterface5.xml
4 ms. Memory: 225280K Free: 88117K (39%)
----------------- Invoking toplevel() on ptolemy.moml.MoMLSimpleApplication@d185a07
----------------- Done invoking toplevel() on ptolemy.moml.MoMLSimpleApplication@d185a07
reloadAllAccessors: .CausalityInterface5

===========================================================================================
----------------- testing Mon Jan 13 21:05:16 UTC 2020 /home/travis/build/icyphy/ptII/ptolemy/domains/continuous/test/auto/CausalityInterface6.xml
----------------- Instantiating /home/travis/build/icyphy/ptII/ptolemy/domains/continuous/test/auto/CausalityInterface6.xml
5 ms. Memory: 225280K Free: 82997K (37%)
----------------- Invoking toplevel() on ptolemy.moml.MoMLSimpleApplication@26bf8041
----------------- Done invoking toplevel() on ptolemy.moml.MoMLSimpleApplication@26bf8041
reloadAllAccessors: .CausalityInterface6

===========================================================================================
----------------- testing Mon Jan 13 21:05:16 UTC 2020 /home/travis/build/icyphy/ptII/ptolemy/domains/continuous/test/auto/CausalityInterface7.xml
----------------- Instantiating /home/travis/build/icyphy/ptII/ptolemy/domains/continuous/test/auto/CausalityInterface7.xml
9 ms. Memory: 225280K Free: 207838K (92%)
----------------- Invoking toplevel() on ptolemy.moml.MoMLSimpleApplication@47877764
----------------- Done invoking toplevel() on ptolemy.moml.MoMLSimpleApplication@47877764
reloadAllAccessors: .CausalityInterface7

===========================================================================================
----------------- testing Mon Jan 13 21:05:16 UTC 2020 /home/travis/build/icyphy/ptII/ptolemy/domains/continuous/test/auto/CausalityInterface8.xml
----------------- Instantiating /home/travis/build/icyphy/ptII/ptolemy/domains/continuous/test/auto/CausalityInterface8.xml
6 ms. Memory: 225280K Free: 198622K (88%)
----------------- Invoking toplevel() on ptolemy.moml.MoMLSimpleApplication@412656a1
----------------- Done invoking toplevel() on ptolemy.moml.MoMLSimpleApplication@412656a1
reloadAllAccessors: .CausalityInterface8

===========================================================================================
----------------- testing Mon Jan 13 21:05:16 UTC 2020 /home/travis/build/icyphy/ptII/ptolemy/domains/continuous/test/auto/CausalityInterface9.xml
----------------- Instantiating /home/travis/build/icyphy/ptII/ptolemy/domains/continuous/test/auto/CausalityInterface9.xml
4 ms. Memory: 225280K Free: 187872K (83%)
----------------- Invoking toplevel() on ptolemy.moml.MoMLSimpleApplication@77dc69f5
----------------- Done invoking toplevel() on ptolemy.moml.MoMLSimpleApplication@77dc69f5
reloadAllAccessors: .CausalityInterface9

===========================================================================================
----------------- testing Mon Jan 13 21:05:16 UTC 2020 /home/travis/build/icyphy/ptII/ptolemy/domains/continuous/test/auto/CausalityInterfaceFeedback1.xml
----------------- Instantiating /home/travis/build/icyphy/ptII/ptolemy/domains/continuous/test/auto/CausalityInterfaceFeedback1.xml
8 ms. Memory: 225280K Free: 181200K (80%)
----------------- Invoking toplevel() on ptolemy.moml.MoMLSimpleApplication@67c038fc
----------------- Done invoking toplevel() on ptolemy.moml.MoMLSimpleApplication@67c038fc
reloadAllAccessors: .CausalityInterfaceFeedback1

===========================================================================================
----------------- testing Mon Jan 13 21:05:16 UTC 2020 /home/travis/build/icyphy/ptII/ptolemy/domains/continuous/test/auto/CausalityInterfaceFeedback2.xml
----------------- Instantiating /home/travis/build/icyphy/ptII/ptolemy/domains/continuous/test/auto/CausalityInterfaceFeedback2.xml
5 ms. Memory: 225280K Free: 174560K (77%)
----------------- Invoking toplevel() on ptolemy.moml.MoMLSimpleApplication@33a87711
----------------- Done invoking toplevel() on ptolemy.moml.MoMLSimpleApplication@33a87711
reloadAllAccessors: .CausalityInterfaceFeedback2

===========================================================================================
----------------- testing Mon Jan 13 21:05:16 UTC 2020 /home/travis/build/icyphy/ptII/ptolemy/domains/continuous/test/auto/CompareWithCurrentTime.xml
----------------- Instantiating /home/travis/build/icyphy/ptII/ptolemy/domains/continuous/test/auto/CompareWithCurrentTime.xml
3 ms. Memory: 225280K Free: 170464K (76%)
----------------- Invoking toplevel() on ptolemy.moml.MoMLSimpleApplication@412df13c
----------------- Done invoking toplevel() on ptolemy.moml.MoMLSimpleApplication@412df13c
reloadAllAccessors: .CompareWithCurrentTime

===========================================================================================
----------------- testing Mon Jan 13 21:05:16 UTC 2020 /home/travis/build/icyphy/ptII/ptolemy/domains/continuous/test/auto/ComparedClocks.xml
----------------- Instantiating /home/travis/build/icyphy/ptII/ptolemy/domains/continuous/test/auto/ComparedClocks.xml
6 ms. Memory: 225280K Free: 155104K (69%)
----------------- Invoking toplevel() on ptolemy.moml.MoMLSimpleApplication@16f0bbfb
----------------- Done invoking toplevel() on ptolemy.moml.MoMLSimpleApplication@16f0bbfb
reloadAllAccessors: .ComparedClocks

===========================================================================================
----------------- testing Mon Jan 13 21:05:16 UTC 2020 /home/travis/build/icyphy/ptII/ptolemy/domains/continuous/test/auto/ContinuousAOCClone.xml
----------------- Instantiating /home/travis/build/icyphy/ptII/ptolemy/domains/continuous/test/auto/ContinuousAOCClone.xml
2551 ms. Memory: 225280K Free: 145117K (64%)
----------------- Invoking toplevel() on ptolemy.moml.MoMLSimpleApplication@24d4b849
----------------- Done invoking toplevel() on ptolemy.moml.MoMLSimpleApplication@24d4b849
reloadAllAccessors: .ContinuousAOCClone

===========================================================================================
----------------- testing Mon Jan 13 21:05:19 UTC 2020 /home/travis/build/icyphy/ptII/ptolemy/domains/continuous/test/auto/ContinuousClock.xml
----------------- Instantiating /home/travis/build/icyphy/ptII/ptolemy/domains/continuous/test/auto/ContinuousClock.xml
32 ms. Memory: 225280K Free: 123134K (55%)
----------------- Invoking toplevel() on ptolemy.moml.MoMLSimpleApplication@1d46e069
----------------- Done invoking toplevel() on ptolemy.moml.MoMLSimpleApplication@1d46e069
reloadAllAccessors: .ContinuousClock

===========================================================================================
----------------- testing Mon Jan 13 21:05:19 UTC 2020 /home/travis/build/icyphy/ptII/ptolemy/domains/continuous/test/auto/ContinuousInContinuous.xml
----------------- Instantiating /home/travis/build/icyphy/ptII/ptolemy/domains/continuous/test/auto/ContinuousInContinuous.xml
46 ms. Memory: 225280K Free: 100077K (44%)
----------------- Invoking toplevel() on ptolemy.moml.MoMLSimpleApplication@5bf9357e
----------------- Done invoking toplevel() on ptolemy.moml.MoMLSimpleApplication@5bf9357e
reloadAllAccessors: .ContinuousInContinuous

===========================================================================================
----------------- testing Mon Jan 13 21:05:19 UTC 2020 /home/travis/build/icyphy/ptII/ptolemy/domains/continuous/test/auto/ContinuousInContinuousInContinuous.xml
----------------- Instantiating /home/travis/build/icyphy/ptII/ptolemy/domains/continuous/test/auto/ContinuousInContinuousInContinuous.xml
7 ms. Memory: 225280K Free: 91900K (41%)
----------------- Invoking toplevel() on ptolemy.moml.MoMLSimpleApplication@76dedf88
----------------- Done invoking toplevel() on ptolemy.moml.MoMLSimpleApplication@76dedf88
reloadAllAccessors: .ContinuousInContinuousInContinuous

===========================================================================================
----------------- testing Mon Jan 13 21:05:19 UTC 2020 /home/travis/build/icyphy/ptII/ptolemy/domains/continuous/test/auto/ContinuousInDE.xml
----------------- Instantiating /home/travis/build/icyphy/ptII/ptolemy/domains/continuous/test/auto/ContinuousInDE.xml
77 ms. Memory: 225280K Free: 81150K (36%)
----------------- Invoking toplevel() on ptolemy.moml.MoMLSimpleApplication@52136fa6
----------------- Done invoking toplevel() on ptolemy.moml.MoMLSimpleApplication@52136fa6
reloadAllAccessors: .ContinuousInDE

===========================================================================================
----------------- testing Mon Jan 13 21:05:19 UTC 2020 /home/travis/build/icyphy/ptII/ptolemy/domains/continuous/test/auto/ContinuousInDE2.xml
----------------- Instantiating /home/travis/build/icyphy/ptII/ptolemy/domains/continuous/test/auto/ContinuousInDE2.xml
51 ms. Memory: 276480K Free: 256836K (93%)
----------------- Invoking toplevel() on ptolemy.moml.MoMLSimpleApplication@35f03b87
----------------- Done invoking toplevel() on ptolemy.moml.MoMLSimpleApplication@35f03b87
reloadAllAccessors: .ContinuousInDE2

===========================================================================================
----------------- testing Mon Jan 13 21:05:19 UTC 2020 /home/travis/build/icyphy/ptII/ptolemy/domains/continuous/test/auto/ContinuousInDE3.xml
----------------- Instantiating /home/travis/build/icyphy/ptII/ptolemy/domains/continuous/test/auto/ContinuousInDE3.xml
39 ms. Memory: 276480K Free: 246425K (89%)
----------------- Invoking toplevel() on ptolemy.moml.MoMLSimpleApplication@5d07eabc
----------------- Done invoking toplevel() on ptolemy.moml.MoMLSimpleApplication@5d07eabc
reloadAllAccessors: .ContinuousInDE3

===========================================================================================
----------------- testing Mon Jan 13 21:05:19 UTC 2020 /home/travis/build/icyphy/ptII/ptolemy/domains/continuous/test/auto/ContinuousInDE4.xml
----------------- Instantiating /home/travis/build/icyphy/ptII/ptolemy/domains/continuous/test/auto/ContinuousInDE4.xml
18 ms. Memory: 276480K Free: 240281K (87%)
----------------- Invoking toplevel() on ptolemy.moml.MoMLSimpleApplication@3357669c
----------------- Done invoking toplevel() on ptolemy.moml.MoMLSimpleApplication@3357669c
reloadAllAccessors: .ContinuousInDE4

===========================================================================================
----------------- testing Mon Jan 13 21:05:20 UTC 2020 /home/travis/build/icyphy/ptII/ptolemy/domains/continuous/test/auto/ContinuousInDEDifferentRefinements.xml
----------------- Instantiating /home/travis/build/icyphy/ptII/ptolemy/domains/continuous/test/auto/ContinuousInDEDifferentRefinements.xml
69 ms. Memory: 276480K Free: 209051K (76%)
----------------- Invoking toplevel() on ptolemy.moml.MoMLSimpleApplication@785d4fe
----------------- Done invoking toplevel() on ptolemy.moml.MoMLSimpleApplication@785d4fe
reloadAllAccessors: .ContinuousInDEDifferentRefinements

===========================================================================================
----------------- testing Mon Jan 13 21:05:20 UTC 2020 /home/travis/build/icyphy/ptII/ptolemy/domains/continuous/test/auto/ContinuousInDEDifferentRefinementsPreemptive.xml
----------------- Instantiating /home/travis/build/icyphy/ptII/ptolemy/domains/continuous/test/auto/ContinuousInDEDifferentRefinementsPreemptive.xml
47 ms. Memory: 276480K Free: 178331K (65%)
----------------- Invoking toplevel() on ptolemy.moml.MoMLSimpleApplication@1811f0b8
----------------- Done invoking toplevel() on ptolemy.moml.MoMLSimpleApplication@1811f0b8
reloadAllAccessors: .ContinuousInDEDifferentRefinementsPreemptive

===========================================================================================
----------------- testing Mon Jan 13 21:05:20 UTC 2020 /home/travis/build/icyphy/ptII/ptolemy/domains/continuous/test/auto/ContinuousInDEInContinuous2.xml
----------------- Instantiating /home/travis/build/icyphy/ptII/ptolemy/domains/continuous/test/auto/ContinuousInDEInContinuous2.xml
43 ms. Memory: 276480K Free: 166553K (60%)
----------------- Invoking toplevel() on ptolemy.moml.MoMLSimpleApplication@114184dd
----------------- Done invoking toplevel() on ptolemy.moml.MoMLSimpleApplication@114184dd
reloadAllAccessors: .ContinuousInDEInContinuous2

===========================================================================================
----------------- testing Mon Jan 13 21:05:20 UTC 2020 /home/travis/build/icyphy/ptII/ptolemy/domains/continuous/test/auto/ContinuousInDEInContinuous3.xml
----------------- Instantiating /home/travis/build/icyphy/ptII/ptolemy/domains/continuous/test/auto/ContinuousInDEInContinuous3.xml
36 ms. Memory: 276480K Free: 154265K (56%)
----------------- Invoking toplevel() on ptolemy.moml.MoMLSimpleApplication@b0aa9
----------------- Done invoking toplevel() on ptolemy.moml.MoMLSimpleApplication@b0aa9
reloadAllAccessors: .ContinuousInDEInContinuous3

===========================================================================================
----------------- testing Mon Jan 13 21:05:20 UTC 2020 /home/travis/build/icyphy/ptII/ptolemy/domains/continuous/test/auto/ContinuousInDEInput.xml
----------------- Instantiating /home/travis/build/icyphy/ptII/ptolemy/domains/continuous/test/auto/ContinuousInDEInput.xml
12 ms. Memory: 276480K Free: 147097K (53%)
----------------- Invoking toplevel() on ptolemy.moml.MoMLSimpleApplication@407f65e0
----------------- Done invoking toplevel() on ptolemy.moml.MoMLSimpleApplication@407f65e0
reloadAllAccessors: .ContinuousInDEInput

===========================================================================================
----------------- testing Mon Jan 13 21:05:20 UTC 2020 /home/travis/build/icyphy/ptII/ptolemy/domains/continuous/test/auto/ContinuousInDEInput2.xml
----------------- Instantiating /home/travis/build/icyphy/ptII/ptolemy/domains/continuous/test/auto/ContinuousInDEInput2.xml
13 ms. Memory: 276480K Free: 139929K (51%)
----------------- Invoking toplevel() on ptolemy.moml.MoMLSimpleApplication@51c7999e
----------------- Done invoking toplevel() on ptolemy.moml.MoMLSimpleApplication@51c7999e
reloadAllAccessors: .ContinuousInDEInput2

===========================================================================================
----------------- testing Mon Jan 13 21:05:20 UTC 2020 /home/travis/build/icyphy/ptII/ptolemy/domains/continuous/test/auto/ContinuousInDEInput3.xml
----------------- Instantiating /home/travis/build/icyphy/ptII/ptolemy/domains/continuous/test/auto/ContinuousInDEInput3.xml
13 ms. Memory: 276480K Free: 132761K (48%)
----------------- Invoking toplevel() on ptolemy.moml.MoMLSimpleApplication@3856094c
----------------- Done invoking toplevel() on ptolemy.moml.MoMLSimpleApplication@3856094c
reloadAllAccessors: .ContinuousInDEInput3

===========================================================================================
----------------- testing Mon Jan 13 21:05:20 UTC 2020 /home/travis/build/icyphy/ptII/ptolemy/domains/continuous/test/auto/ContinuousInDESharingRefinement.xml
----------------- Instantiating /home/travis/build/icyphy/ptII/ptolemy/domains/continuous/test/auto/ContinuousInDESharingRefinement.xml
173 ms. Memory: 276480K Free: 203765K (74%)
----------------- Invoking toplevel() on ptolemy.moml.MoMLSimpleApplication@1e98fa96
----------------- Done invoking toplevel() on ptolemy.moml.MoMLSimpleApplication@1e98fa96
reloadAllAccessors: .ContinuousInDESharingRefinement

===========================================================================================
----------------- testing Mon Jan 13 21:05:20 UTC 2020 /home/travis/build/icyphy/ptII/ptolemy/domains/continuous/test/auto/ContinuousInDEwithNoPorts.xml
----------------- Instantiating /home/travis/build/icyphy/ptII/ptolemy/domains/continuous/test/auto/ContinuousInDEwithNoPorts.xml
4 ms. Memory: 276480K Free: 199159K (72%)
----------------- Invoking toplevel() on ptolemy.moml.MoMLSimpleApplication@342fdd15
----------------- Done invoking toplevel() on ptolemy.moml.MoMLSimpleApplication@342fdd15
reloadAllAccessors: .ContinuousInDEwithNoPorts

===========================================================================================
----------------- testing Mon Jan 13 21:05:20 UTC 2020 /home/travis/build/icyphy/ptII/ptolemy/domains/continuous/test/auto/ContinuousInsideDE.xml
----------------- Instantiating /home/travis/build/icyphy/ptII/ptolemy/domains/continuous/test/auto/ContinuousInsideDE.xml
38 ms. Memory: 276480K Free: 187895K (68%)
----------------- Invoking toplevel() on ptolemy.moml.MoMLSimpleApplication@5328af14
----------------- Done invoking toplevel() on ptolemy.moml.MoMLSimpleApplication@5328af14
reloadAllAccessors: .ContinuousInsideDE

===========================================================================================
----------------- testing Mon Jan 13 21:05:20 UTC 2020 /home/travis/build/icyphy/ptII/ptolemy/domains/continuous/test/auto/ContinuousMerge1.xml
----------------- Instantiating /home/travis/build/icyphy/ptII/ptolemy/domains/continuous/test/auto/ContinuousMerge1.xml
3 ms. Memory: 276480K Free: 183799K (66%)
----------------- Invoking toplevel() on ptolemy.moml.MoMLSimpleApplication@1c372db6
----------------- Done invoking toplevel() on ptolemy.moml.MoMLSimpleApplication@1c372db6
reloadAllAccessors: .ContinuousMerge1

===========================================================================================
----------------- testing Mon Jan 13 21:05:20 UTC 2020 /home/travis/build/icyphy/ptII/ptolemy/domains/continuous/test/auto/ContinuousMerge2.xml
----------------- Instantiating /home/travis/build/icyphy/ptII/ptolemy/domains/continuous/test/auto/ContinuousMerge2.xml
12 ms. Memory: 276480K Free: 173559K (63%)
----------------- Invoking toplevel() on ptolemy.moml.MoMLSimpleApplication@1e9157a4
----------------- Done invoking toplevel() on ptolemy.moml.MoMLSimpleApplication@1e9157a4
reloadAllAccessors: .ContinuousMerge2

===========================================================================================
----------------- testing Mon Jan 13 21:05:20 UTC 2020 /home/travis/build/icyphy/ptII/ptolemy/domains/continuous/test/auto/ContinuousMerge3.xml
----------------- Instantiating /home/travis/build/icyphy/ptII/ptolemy/domains/continuous/test/auto/ContinuousMerge3.xml
44 ms. Memory: 276480K Free: 162805K (59%)
----------------- Invoking toplevel() on ptolemy.moml.MoMLSimpleApplication@6549e565
----------------- Done invoking toplevel() on ptolemy.moml.MoMLSimpleApplication@6549e565
reloadAllAccessors: .ContinuousMerge3

===========================================================================================
----------------- testing Mon Jan 13 21:05:20 UTC 2020 /home/travis/build/icyphy/ptII/ptolemy/domains/continuous/test/auto/ContinuousWithinContinuous.xml
----------------- Instantiating /home/travis/build/icyphy/ptII/ptolemy/domains/continuous/test/auto/ContinuousWithinContinuous.xml
37 ms. Memory: 276480K Free: 153589K (56%)
----------------- Invoking toplevel() on ptolemy.moml.MoMLSimpleApplication@5d13d392
----------------- Done invoking toplevel() on ptolemy.moml.MoMLSimpleApplication@5d13d392
reloadAllAccessors: .ContinuousWithinContinuous

===========================================================================================
----------------- testing Mon Jan 13 21:05:20 UTC 2020 /home/travis/build/icyphy/ptII/ptolemy/domains/continuous/test/auto/ContinuousWithinContinuous2.xml
----------------- Instantiating /home/travis/build/icyphy/ptII/ptolemy/domains/continuous/test/auto/ContinuousWithinContinuous2.xml
56 ms. Memory: 276480K Free: 142325K (51%)
----------------- Invoking toplevel() on ptolemy.moml.MoMLSimpleApplication@542183a6
----------------- Done invoking toplevel() on ptolemy.moml.MoMLSimpleApplication@542183a6
reloadAllAccessors: .ContinuousWithinContinuous2

===========================================================================================
----------------- testing Mon Jan 13 21:05:21 UTC 2020 /home/travis/build/icyphy/ptII/ptolemy/domains/continuous/test/auto/ContinuousWithinContinuous3.xml
----------------- Instantiating /home/travis/build/icyphy/ptII/ptolemy/domains/continuous/test/auto/ContinuousWithinContinuous3.xml
9 ms. Memory: 276480K Free: 135671K (49%)
----------------- Invoking toplevel() on ptolemy.moml.MoMLSimpleApplication@28f0ef1e
----------------- Done invoking toplevel() on ptolemy.moml.MoMLSimpleApplication@28f0ef1e
reloadAllAccessors: .ContinuousWithinContinuous3

===========================================================================================
----------------- testing Mon Jan 13 21:05:21 UTC 2020 /home/travis/build/icyphy/ptII/ptolemy/domains/continuous/test/auto/ContinuousWithinContinuous4.xml
----------------- Instantiating /home/travis/build/icyphy/ptII/ptolemy/domains/continuous/test/auto/ContinuousWithinContinuous4.xml
59 ms. Memory: 276480K Free: 122869K (44%)
----------------- Invoking toplevel() on ptolemy.moml.MoMLSimpleApplication@5ee4ae41
----------------- Done invoking toplevel() on ptolemy.moml.MoMLSimpleApplication@5ee4ae41
reloadAllAccessors: .ContinuousWithinContinuous4

===========================================================================================
----------------- testing Mon Jan 13 21:05:21 UTC 2020 /home/travis/build/icyphy/ptII/ptolemy/domains/continuous/test/auto/ContinuousWithinContinuous5.xml
----------------- Instantiating /home/travis/build/icyphy/ptII/ptolemy/domains/continuous/test/auto/ContinuousWithinContinuous5.xml
11 ms. Memory: 276480K Free: 115701K (42%)
----------------- Invoking toplevel() on ptolemy.moml.MoMLSimpleApplication@6dbe35a0
----------------- Done invoking toplevel() on ptolemy.moml.MoMLSimpleApplication@6dbe35a0
reloadAllAccessors: .ContinuousWithinContinuous5

===========================================================================================
----------------- testing Mon Jan 13 21:05:21 UTC 2020 /home/travis/build/icyphy/ptII/ptolemy/domains/continuous/test/auto/ContinuousWithinContinuous6.xml
----------------- Instantiating /home/travis/build/icyphy/ptII/ptolemy/domains/continuous/test/auto/ContinuousWithinContinuous6.xml
12 ms. Memory: 276480K Free: 108533K (39%)
----------------- Invoking toplevel() on ptolemy.moml.MoMLSimpleApplication@725be59e
----------------- Done invoking toplevel() on ptolemy.moml.MoMLSimpleApplication@725be59e
reloadAllAccessors: .ContinuousWithinContinuous6

===========================================================================================
----------------- testing Mon Jan 13 21:05:21 UTC 2020 /home/travis/build/icyphy/ptII/ptolemy/domains/continuous/test/auto/ContinuousWithinContinuous7.xml
----------------- Instantiating /home/travis/build/icyphy/ptII/ptolemy/domains/continuous/test/auto/ContinuousWithinContinuous7.xml
46 ms. Memory: 276480K Free: 97783K (35%)
----------------- Invoking toplevel() on ptolemy.moml.MoMLSimpleApplication@7b2a1b23
----------------- Done invoking toplevel() on ptolemy.moml.MoMLSimpleApplication@7b2a1b23
reloadAllAccessors: .ContinuousWithinContinuous7

===========================================================================================
----------------- testing Mon Jan 13 21:05:21 UTC 2020 /home/travis/build/icyphy/ptII/ptolemy/domains/continuous/test/auto/DCMotor.xml
----------------- Instantiating /home/travis/build/icyphy/ptII/ptolemy/domains/continuous/test/auto/DCMotor.xml
11935 ms. Memory: 276480K Free: 157525K (57%)
----------------- Invoking toplevel() on ptolemy.moml.MoMLSimpleApplication@2dbb20c0
----------------- Done invoking toplevel() on ptolemy.moml.MoMLSimpleApplication@2dbb20c0
reloadAllAccessors: .DCMotor

===========================================================================================
----------------- testing Mon Jan 13 21:05:33 UTC 2020 /home/travis/build/icyphy/ptII/ptolemy/domains/continuous/test/auto/DEInContinuous.xml
----------------- Instantiating /home/travis/build/icyphy/ptII/ptolemy/domains/continuous/test/auto/DEInContinuous.xml
24 ms. Memory: 276480K Free: 151381K (55%)
----------------- Invoking toplevel() on ptolemy.moml.MoMLSimpleApplication@67a90b34
----------------- Done invoking toplevel() on ptolemy.moml.MoMLSimpleApplication@67a90b34
reloadAllAccessors: .DEInContinuous

===========================================================================================
----------------- testing Mon Jan 13 21:05:33 UTC 2020 /home/travis/build/icyphy/ptII/ptolemy/domains/continuous/test/auto/DEinContinuous2.xml
----------------- Instantiating /home/travis/build/icyphy/ptII/ptolemy/domains/continuous/test/auto/DEinContinuous2.xml
9 ms. Memory: 276480K Free: 143685K (52%)
----------------- Invoking toplevel() on ptolemy.moml.MoMLSimpleApplication@3f6afc60
----------------- Done invoking toplevel() on ptolemy.moml.MoMLSimpleApplication@3f6afc60
reloadAllAccessors: .DEinContinuous2

===========================================================================================
----------------- testing Mon Jan 13 21:05:33 UTC 2020 /home/travis/build/icyphy/ptII/ptolemy/domains/continuous/test/auto/Derivative.xml
----------------- Instantiating /home/travis/build/icyphy/ptII/ptolemy/domains/continuous/test/auto/Derivative.xml
119 ms. Memory: 276480K Free: 114517K (41%)
----------------- Invoking toplevel() on ptolemy.moml.MoMLSimpleApplication@f052b4f
----------------- Done invoking toplevel() on ptolemy.moml.MoMLSimpleApplication@f052b4f
reloadAllAccessors: .Derivative2

===========================================================================================
----------------- testing Mon Jan 13 21:05:33 UTC 2020 /home/travis/build/icyphy/ptII/ptolemy/domains/continuous/test/auto/Derivative1.xml
----------------- Instantiating /home/travis/build/icyphy/ptII/ptolemy/domains/continuous/test/auto/Derivative1.xml
17 ms. Memory: 276480K Free: 100181K (36%)
----------------- Invoking toplevel() on ptolemy.moml.MoMLSimpleApplication@58a6e323
----------------- Done invoking toplevel() on ptolemy.moml.MoMLSimpleApplication@58a6e323
reloadAllAccessors: .Derivative1

===========================================================================================
----------------- testing Mon Jan 13 21:05:33 UTC 2020 /home/travis/build/icyphy/ptII/ptolemy/domains/continuous/test/auto/DiscreteClock.xml
----------------- Instantiating /home/travis/build/icyphy/ptII/ptolemy/domains/continuous/test/auto/DiscreteClock.xml
7 ms. Memory: 276480K Free: 259757K (94%)
----------------- Invoking toplevel() on ptolemy.moml.MoMLSimpleApplication@5314aa28
----------------- Done invoking toplevel() on ptolemy.moml.MoMLSimpleApplication@5314aa28
reloadAllAccessors: .DiscreteClock

===========================================================================================
----------------- testing Mon Jan 13 21:05:33 UTC 2020 /home/travis/build/icyphy/ptII/ptolemy/domains/continuous/test/auto/EfficiencyCurve.xml
----------------- Instantiating /home/travis/build/icyphy/ptII/ptolemy/domains/continuous/test/auto/EfficiencyCurve.xml
52 ms. Memory: 276480K Free: 250027K (90%)
----------------- Invoking toplevel() on ptolemy.moml.MoMLSimpleApplication@7117d68e
----------------- Done invoking toplevel() on ptolemy.moml.MoMLSimpleApplication@7117d68e
reloadAllAccessors: .EfficiencyCurve

===========================================================================================
----------------- testing Mon Jan 13 21:05:33 UTC 2020 /home/travis/build/icyphy/ptII/ptolemy/domains/continuous/test/auto/ExponentialResponse.xml
----------------- Instantiating /home/travis/build/icyphy/ptII/ptolemy/domains/continuous/test/auto/ExponentialResponse.xml
107 ms. Memory: 276480K Free: 234157K (85%)
----------------- Invoking toplevel() on ptolemy.moml.MoMLSimpleApplication@604f8890
----------------- Done invoking toplevel() on ptolemy.moml.MoMLSimpleApplication@604f8890
reloadAllAccessors: .ExponentialResponse

===========================================================================================
----------------- testing Mon Jan 13 21:05:33 UTC 2020 /home/travis/build/icyphy/ptII/ptolemy/domains/continuous/test/auto/ExponentialResponseRK45.xml
----------------- Instantiating /home/travis/build/icyphy/ptII/ptolemy/domains/continuous/test/auto/ExponentialResponseRK45.xml
26 ms. Memory: 276480K Free: 227499K (82%)
----------------- Invoking toplevel() on ptolemy.moml.MoMLSimpleApplication@7902ebe2
----------------- Done invoking toplevel() on ptolemy.moml.MoMLSimpleApplication@7902ebe2
reloadAllAccessors: .ExponentialResponseRK45

===========================================================================================
----------------- testing Mon Jan 13 21:05:33 UTC 2020 /home/travis/build/icyphy/ptII/ptolemy/domains/continuous/test/auto/Friction.xml
----------------- Instantiating /home/travis/build/icyphy/ptII/ptolemy/domains/continuous/test/auto/Friction.xml
1418 ms. Memory: 276480K Free: 126536K (46%)
----------------- Invoking toplevel() on ptolemy.moml.MoMLSimpleApplication@3d3fb135
----------------- Done invoking toplevel() on ptolemy.moml.MoMLSimpleApplication@3d3fb135
reloadAllAccessors: .Friction

===========================================================================================
----------------- testing Mon Jan 13 21:05:35 UTC 2020 /home/travis/build/icyphy/ptII/ptolemy/domains/continuous/test/auto/FurutaPendulum.xml
----------------- Instantiating /home/travis/build/icyphy/ptII/ptolemy/domains/continuous/test/auto/FurutaPendulum.xml
2751 ms. Memory: 276480K Free: 114465K (41%)
----------------- Invoking toplevel() on ptolemy.moml.MoMLSimpleApplication@707c8b29
----------------- Done invoking toplevel() on ptolemy.moml.MoMLSimpleApplication@707c8b29
reloadAllAccessors: .FurutaPendulum

===========================================================================================
----------------- testing Mon Jan 13 21:05:38 UTC 2020 /home/travis/build/icyphy/ptII/ptolemy/domains/continuous/test/auto/HierarchicalExecution.xml
----------------- Instantiating /home/travis/build/icyphy/ptII/ptolemy/domains/continuous/test/auto/HierarchicalExecution.xml
1442 ms. Memory: 276480K Free: 156526K (57%)
----------------- Invoking toplevel() on ptolemy.moml.MoMLSimpleApplication@34b9a31c
----------------- Done invoking toplevel() on ptolemy.moml.MoMLSimpleApplication@34b9a31c
reloadAllAccessors: .HierarchicalExecution

===========================================================================================
----------------- testing Mon Jan 13 21:05:39 UTC 2020 /home/travis/build/icyphy/ptII/ptolemy/domains/continuous/test/auto/HybridPlant.xml
----------------- Instantiating /home/travis/build/icyphy/ptII/ptolemy/domains/continuous/test/auto/HybridPlant.xml
482 ms. Memory: 276480K Free: 220492K (80%)
----------------- Invoking toplevel() on ptolemy.moml.MoMLSimpleApplication@4a6e24b8
----------------- Done invoking toplevel() on ptolemy.moml.MoMLSimpleApplication@4a6e24b8
reloadAllAccessors: .HybridPlant

===========================================================================================
----------------- testing Mon Jan 13 21:05:40 UTC 2020 /home/travis/build/icyphy/ptII/ptolemy/domains/continuous/test/auto/Hysteresis.xml
----------------- Instantiating /home/travis/build/icyphy/ptII/ptolemy/domains/continuous/test/auto/Hysteresis.xml
142 ms. Memory: 276480K Free: 158028K (57%)
----------------- Invoking toplevel() on ptolemy.moml.MoMLSimpleApplication@7fb446cf
----------------- Done invoking toplevel() on ptolemy.moml.MoMLSimpleApplication@7fb446cf
reloadAllAccessors: .Hysteresis

===========================================================================================
----------------- testing Mon Jan 13 21:05:40 UTC 2020 /home/travis/build/icyphy/ptII/ptolemy/domains/continuous/test/auto/HysteresisWithRandomDelay.xml
----------------- Instantiating /home/travis/build/icyphy/ptII/ptolemy/domains/continuous/test/auto/HysteresisWithRandomDelay.xml
170 ms. Memory: 276480K Free: 251250K (91%)
----------------- Invoking toplevel() on ptolemy.moml.MoMLSimpleApplication@2ffb16c4
----------------- Done invoking toplevel() on ptolemy.moml.MoMLSimpleApplication@2ffb16c4
reloadAllAccessors: .HysteresisWithRandomDelay

===========================================================================================
----------------- testing Mon Jan 13 21:05:40 UTC 2020 /home/travis/build/icyphy/ptII/ptolemy/domains/continuous/test/auto/HysteresisWithRandomLosses.xml
----------------- Instantiating /home/travis/build/icyphy/ptII/ptolemy/domains/continuous/test/auto/HysteresisWithRandomLosses.xml
2390 ms. Memory: 276480K Free: 168964K (61%)
----------------- Invoking toplevel() on ptolemy.moml.MoMLSimpleApplication@2597af2e
----------------- Done invoking toplevel() on ptolemy.moml.MoMLSimpleApplication@2597af2e
reloadAllAccessors: .HysteresisWithRandomLosses

===========================================================================================
----------------- testing Mon Jan 13 21:05:43 UTC 2020 /home/travis/build/icyphy/ptII/ptolemy/domains/continuous/test/auto/ImmediateTransitions.xml
----------------- Instantiating /home/travis/build/icyphy/ptII/ptolemy/domains/continuous/test/auto/ImmediateTransitions.xml
8 ms. Memory: 276480K Free: 158214K (57%)
----------------- Invoking toplevel() on ptolemy.moml.MoMLSimpleApplication@7fadf53d
----------------- Done invoking toplevel() on ptolemy.moml.MoMLSimpleApplication@7fadf53d
reloadAllAccessors: .ImmediateTransitions

===========================================================================================
----------------- testing Mon Jan 13 21:05:43 UTC 2020 /home/travis/build/icyphy/ptII/ptolemy/domains/continuous/test/auto/ImpulseFeedback.xml
----------------- Instantiating /home/travis/build/icyphy/ptII/ptolemy/domains/continuous/test/auto/ImpulseFeedback.xml
7 ms. Memory: 276480K Free: 152580K (55%)
----------------- Invoking toplevel() on ptolemy.moml.MoMLSimpleApplication@36155a71
----------------- Done invoking toplevel() on ptolemy.moml.MoMLSimpleApplication@36155a71
reloadAllAccessors: .ImpulseFeedback

===========================================================================================
----------------- testing Mon Jan 13 21:05:43 UTC 2020 /home/travis/build/icyphy/ptII/ptolemy/domains/continuous/test/auto/ImpulseFeedback2.xml
----------------- Instantiating /home/travis/build/icyphy/ptII/ptolemy/domains/continuous/test/auto/ImpulseFeedback2.xml
5 ms. Memory: 276480K Free: 146950K (53%)
----------------- Invoking toplevel() on ptolemy.moml.MoMLSimpleApplication@40f26836
----------------- Done invoking toplevel() on ptolemy.moml.MoMLSimpleApplication@40f26836
reloadAllAccessors: .ImpulseFeedback2

===========================================================================================
----------------- testing Mon Jan 13 21:05:43 UTC 2020 /home/travis/build/icyphy/ptII/ptolemy/domains/continuous/test/auto/IncreasingRatePoisson.xml
----------------- Instantiating /home/travis/build/icyphy/ptII/ptolemy/domains/continuous/test/auto/IncreasingRatePoisson.xml
719 ms. Memory: 276480K Free: 167473K (61%)
----------------- Invoking toplevel() on ptolemy.moml.MoMLSimpleApplication@1657b7fe
----------------- Done invoking toplevel() on ptolemy.moml.MoMLSimpleApplication@1657b7fe
reloadAllAccessors: .IncreasingRatePoisson

===========================================================================================
----------------- testing Mon Jan 13 21:05:44 UTC 2020 /home/travis/build/icyphy/ptII/ptolemy/domains/continuous/test/auto/InitialStateFeedback.xml
----------------- Instantiating /home/travis/build/icyphy/ptII/ptolemy/domains/continuous/test/auto/InitialStateFeedback.xml
5 ms. Memory: 276480K Free: 162873K (59%)
----------------- Invoking toplevel() on ptolemy.moml.MoMLSimpleApplication@38144e3e
----------------- Done invoking toplevel() on ptolemy.moml.MoMLSimpleApplication@38144e3e
reloadAllAccessors: .InitialStateFeedback

===========================================================================================
----------------- testing Mon Jan 13 21:05:44 UTC 2020 /home/travis/build/icyphy/ptII/ptolemy/domains/continuous/test/auto/Integration.xml
----------------- Instantiating /home/travis/build/icyphy/ptII/ptolemy/domains/continuous/test/auto/Integration.xml
2 ms. Memory: 276480K Free: 158777K (57%)
----------------- Invoking toplevel() on ptolemy.moml.MoMLSimpleApplication@2c394ec0
----------------- Done invoking toplevel() on ptolemy.moml.MoMLSimpleApplication@2c394ec0
reloadAllAccessors: .Integration

===========================================================================================
----------------- testing Mon Jan 13 21:05:44 UTC 2020 /home/travis/build/icyphy/ptII/ptolemy/domains/continuous/test/auto/Integration2.xml
----------------- Instantiating /home/travis/build/icyphy/ptII/ptolemy/domains/continuous/test/auto/Integration2.xml
78 ms. Memory: 276480K Free: 144441K (52%)
----------------- Invoking toplevel() on ptolemy.moml.MoMLSimpleApplication@81bded
----------------- Done invoking toplevel() on ptolemy.moml.MoMLSimpleApplication@81bded
reloadAllAccessors: .Integration2

===========================================================================================
----------------- testing Mon Jan 13 21:05:44 UTC 2020 /home/travis/build/icyphy/ptII/ptolemy/domains/continuous/test/auto/Integration3.xml
----------------- Instantiating /home/travis/build/icyphy/ptII/ptolemy/domains/continuous/test/auto/Integration3.xml
2 ms. Memory: 276480K Free: 139831K (51%)
----------------- Invoking toplevel() on ptolemy.moml.MoMLSimpleApplication@3b33f85
----------------- Done invoking toplevel() on ptolemy.moml.MoMLSimpleApplication@3b33f85
reloadAllAccessors: .Integration3

===========================================================================================
----------------- testing Mon Jan 13 21:05:44 UTC 2020 /home/travis/build/icyphy/ptII/ptolemy/domains/continuous/test/auto/Integration5.xml
----------------- Instantiating /home/travis/build/icyphy/ptII/ptolemy/domains/continuous/test/auto/Integration5.xml
2 ms. Memory: 276480K Free: 135735K (49%)
----------------- Invoking toplevel() on ptolemy.moml.MoMLSimpleApplication@1f266254
----------------- Done invoking toplevel() on ptolemy.moml.MoMLSimpleApplication@1f266254
reloadAllAccessors: .Integration5

===========================================================================================
----------------- testing Mon Jan 13 21:05:44 UTC 2020 /home/travis/build/icyphy/ptII/ptolemy/domains/continuous/test/auto/IntegratorImpulse.xml
----------------- Instantiating /home/travis/build/icyphy/ptII/ptolemy/domains/continuous/test/auto/IntegratorImpulse.xml
1 ms. Memory: 276480K Free: 131625K (48%)
----------------- Invoking toplevel() on ptolemy.moml.MoMLSimpleApplication@41409f5d
----------------- Done invoking toplevel() on ptolemy.moml.MoMLSimpleApplication@41409f5d
reloadAllAccessors: .IntegratorImpulse

===========================================================================================
----------------- testing Mon Jan 13 21:05:44 UTC 2020 /home/travis/build/icyphy/ptII/ptolemy/domains/continuous/test/auto/IntegratorImpulse2.xml
----------------- Instantiating /home/travis/build/icyphy/ptII/ptolemy/domains/continuous/test/auto/IntegratorImpulse2.xml
3 ms. Memory: 276480K Free: 127033K (46%)
----------------- Invoking toplevel() on ptolemy.moml.MoMLSimpleApplication@20d74958
----------------- Done invoking toplevel() on ptolemy.moml.MoMLSimpleApplication@20d74958
reloadAllAccessors: .IntegratorImpulse2

===========================================================================================
----------------- testing Mon Jan 13 21:05:44 UTC 2020 /home/travis/build/icyphy/ptII/ptolemy/domains/continuous/test/auto/LevelCrossing1.xml
----------------- Instantiating /home/travis/build/icyphy/ptII/ptolemy/domains/continuous/test/auto/LevelCrossing1.xml
2 ms. Memory: 276480K Free: 121913K (44%)
----------------- Invoking toplevel() on ptolemy.moml.MoMLSimpleApplication@27393a92
----------------- Done invoking toplevel() on ptolemy.moml.MoMLSimpleApplication@27393a92
reloadAllAccessors: .LevelCrossing1

===========================================================================================
----------------- testing Mon Jan 13 21:05:44 UTC 2020 /home/travis/build/icyphy/ptII/ptolemy/domains/continuous/test/auto/LevelCrossing2.xml
----------------- Instantiating /home/travis/build/icyphy/ptII/ptolemy/domains/continuous/test/auto/LevelCrossing2.xml
3 ms. Memory: 276480K Free: 116793K (42%)
----------------- Invoking toplevel() on ptolemy.moml.MoMLSimpleApplication@4f5fe0c7
----------------- Done invoking toplevel() on ptolemy.moml.MoMLSimpleApplication@4f5fe0c7
reloadAllAccessors: .LevelCrossing2

===========================================================================================
----------------- testing Mon Jan 13 21:05:44 UTC 2020 /home/travis/build/icyphy/ptII/ptolemy/domains/continuous/test/auto/LevelCrossing3.xml
----------------- Instantiating /home/travis/build/icyphy/ptII/ptolemy/domains/continuous/test/auto/LevelCrossing3.xml
2 ms. Memory: 276480K Free: 111673K (40%)
----------------- Invoking toplevel() on ptolemy.moml.MoMLSimpleApplication@7caae0e5
----------------- Done invoking toplevel() on ptolemy.moml.MoMLSimpleApplication@7caae0e5
reloadAllAccessors: .LevelCrossing3

===========================================================================================
----------------- testing Mon Jan 13 21:05:44 UTC 2020 /home/travis/build/icyphy/ptII/ptolemy/domains/continuous/test/auto/LevelCrossing4.xml
----------------- Instantiating /home/travis/build/icyphy/ptII/ptolemy/domains/continuous/test/auto/LevelCrossing4.xml
3 ms. Memory: 276480K Free: 106553K (39%)
----------------- Invoking toplevel() on ptolemy.moml.MoMLSimpleApplication@477e861e
----------------- Done invoking toplevel() on ptolemy.moml.MoMLSimpleApplication@477e861e
reloadAllAccessors: .LevelCrossing4

===========================================================================================
----------------- testing Mon Jan 13 21:05:44 UTC 2020 /home/travis/build/icyphy/ptII/ptolemy/domains/continuous/test/auto/LevelCrossing5.xml
----------------- Instantiating /home/travis/build/icyphy/ptII/ptolemy/domains/continuous/test/auto/LevelCrossing5.xml
2 ms. Memory: 276480K Free: 101433K (37%)
----------------- Invoking toplevel() on ptolemy.moml.MoMLSimpleApplication@59316fe5
----------------- Done invoking toplevel() on ptolemy.moml.MoMLSimpleApplication@59316fe5
reloadAllAccessors: .LevelCrossing5

===========================================================================================
[...]
5 ms. Memory: 276480K Free: 158665K (57%)
----------------- Invoking toplevel() on ptolemy.moml.MoMLSimpleApplication@22d0ac67
----------------- Done invoking toplevel() on ptolemy.moml.MoMLSimpleApplication@22d0ac67
reloadAllAccessors: .SRinContinuous

===========================================================================================
----------------- testing Mon Jan 13 21:05:59 UTC 2020 /home/travis/build/icyphy/ptII/ptolemy/domains/continuous/test/auto/SampledClocks.xml
----------------- Instantiating /home/travis/build/icyphy/ptII/ptolemy/domains/continuous/test/auto/SampledClocks.xml
6 ms. Memory: 276480K Free: 145867K (53%)
----------------- Invoking toplevel() on ptolemy.moml.MoMLSimpleApplication@10efe2e5
----------------- Done invoking toplevel() on ptolemy.moml.MoMLSimpleApplication@10efe2e5
reloadAllAccessors: .SampledClocks

===========================================================================================
----------------- testing Mon Jan 13 21:05:59 UTC 2020 /home/travis/build/icyphy/ptII/ptolemy/domains/continuous/test/auto/Satellite.xml
----------------- Instantiating /home/travis/build/icyphy/ptII/ptolemy/domains/continuous/test/auto/Satellite.xml
665 ms. Memory: 276480K Free: 110124K (40%)
----------------- Invoking toplevel() on ptolemy.moml.MoMLSimpleApplication@44f040ac
----------------- Done invoking toplevel() on ptolemy.moml.MoMLSimpleApplication@44f040ac
reloadAllAccessors: .Satellite

===========================================================================================
----------------- testing Mon Jan 13 21:06:00 UTC 2020 /home/travis/build/icyphy/ptII/ptolemy/domains/continuous/test/auto/SigmaDelta.xml
----------------- Instantiating /home/travis/build/icyphy/ptII/ptolemy/domains/continuous/test/auto/SigmaDelta.xml
1737 ms. Memory: 276480K Free: 176694K (64%)
----------------- Invoking toplevel() on ptolemy.moml.MoMLSimpleApplication@2fe0cee1
----------------- Done invoking toplevel() on ptolemy.moml.MoMLSimpleApplication@2fe0cee1
reloadAllAccessors: .SigmaDelta

===========================================================================================
----------------- testing Mon Jan 13 21:06:01 UTC 2020 /home/travis/build/icyphy/ptII/ptolemy/domains/continuous/test/auto/SingleRefinement.xml
----------------- Instantiating /home/travis/build/icyphy/ptII/ptolemy/domains/continuous/test/auto/SingleRefinement.xml
279 ms. Memory: 276480K Free: 156330K (57%)
----------------- Invoking toplevel() on ptolemy.moml.MoMLSimpleApplication@11a1018c
----------------- Done invoking toplevel() on ptolemy.moml.MoMLSimpleApplication@11a1018c
reloadAllAccessors: .SingleRefinement

===========================================================================================
----------------- testing Mon Jan 13 21:06:02 UTC 2020 /home/travis/build/icyphy/ptII/ptolemy/domains/continuous/test/auto/SinuBouncingBall.xml
----------------- Instantiating /home/travis/build/icyphy/ptII/ptolemy/domains/continuous/test/auto/SinuBouncingBall.xml
740 ms. Memory: 276480K Free: 99281K (36%)
----------------- Invoking toplevel() on ptolemy.moml.MoMLSimpleApplication@7a373066
----------------- Done invoking toplevel() on ptolemy.moml.MoMLSimpleApplication@7a373066
reloadAllAccessors: .SinuBouncingBall

===========================================================================================
----------------- testing Mon Jan 13 21:06:03 UTC 2020 /home/travis/build/icyphy/ptII/ptolemy/domains/continuous/test/auto/Sinusoid.xml
----------------- Instantiating /home/travis/build/icyphy/ptII/ptolemy/domains/continuous/test/auto/Sinusoid.xml
4 ms. Memory: 276480K Free: 94689K (34%)
----------------- Invoking toplevel() on ptolemy.moml.MoMLSimpleApplication@4214b17c
----------------- Done invoking toplevel() on ptolemy.moml.MoMLSimpleApplication@4214b17c
reloadAllAccessors: .Sinusoid

===========================================================================================
----------------- testing Mon Jan 13 21:06:03 UTC 2020 /home/travis/build/icyphy/ptII/ptolemy/domains/continuous/test/auto/SinusoidInNoise.xml
----------------- Instantiating /home/travis/build/icyphy/ptII/ptolemy/domains/continuous/test/auto/SinusoidInNoise.xml
743 ms. Memory: 276480K Free: 125593K (45%)
----------------- Invoking toplevel() on ptolemy.moml.MoMLSimpleApplication@2db68f00
----------------- Done invoking toplevel() on ptolemy.moml.MoMLSimpleApplication@2db68f00
reloadAllAccessors: .SinusoidInNoise

===========================================================================================
----------------- testing Mon Jan 13 21:06:03 UTC 2020 /home/travis/build/icyphy/ptII/ptolemy/domains/continuous/test/auto/SinusoidRK45.xml
----------------- Instantiating /home/travis/build/icyphy/ptII/ptolemy/domains/continuous/test/auto/SinusoidRK45.xml
2 ms. Memory: 276480K Free: 121497K (44%)
----------------- Invoking toplevel() on ptolemy.moml.MoMLSimpleApplication@27fbc258
----------------- Done invoking toplevel() on ptolemy.moml.MoMLSimpleApplication@27fbc258
reloadAllAccessors: .SinusoidRK45

===========================================================================================
----------------- testing Mon Jan 13 21:06:03 UTC 2020 /home/travis/build/icyphy/ptII/ptolemy/domains/continuous/test/auto/SinusoidWithMultipleImpulses.xml
----------------- Instantiating /home/travis/build/icyphy/ptII/ptolemy/domains/continuous/test/auto/SinusoidWithMultipleImpulses.xml
2 ms. Memory: 276480K Free: 116887K (42%)
----------------- Invoking toplevel() on ptolemy.moml.MoMLSimpleApplication@3764715
----------------- Done invoking toplevel() on ptolemy.moml.MoMLSimpleApplication@3764715
reloadAllAccessors: .SinusoidWithMultipleImpulses

===========================================================================================
----------------- testing Mon Jan 13 21:06:04 UTC 2020 /home/travis/build/icyphy/ptII/ptolemy/domains/continuous/test/auto/SquareWave.xml
----------------- Instantiating /home/travis/build/icyphy/ptII/ptolemy/domains/continuous/test/auto/SquareWave.xml
132 ms. Memory: 276480K Free: 253842K (92%)
----------------- Invoking toplevel() on ptolemy.moml.MoMLSimpleApplication@60391841
----------------- Done invoking toplevel() on ptolemy.moml.MoMLSimpleApplication@60391841
reloadAllAccessors: .SquareWave

===========================================================================================
----------------- testing Mon Jan 13 21:06:04 UTC 2020 /home/travis/build/icyphy/ptII/ptolemy/domains/continuous/test/auto/Starmac.xml
----------------- Instantiating /home/travis/build/icyphy/ptII/ptolemy/domains/continuous/test/auto/Starmac.xml
3068 ms. Memory: 276480K Free: 97589K (35%)
----------------- Invoking toplevel() on ptolemy.moml.MoMLSimpleApplication@4e4e1f1e
----------------- Done invoking toplevel() on ptolemy.moml.MoMLSimpleApplication@4e4e1f1e
reloadAllAccessors: .Starmac

===========================================================================================
----------------- testing Mon Jan 13 21:06:07 UTC 2020 /home/travis/build/icyphy/ptII/ptolemy/domains/continuous/test/auto/StaticUnits.xml
----------------- Instantiating /home/travis/build/icyphy/ptII/ptolemy/domains/continuous/test/auto/StaticUnits.xml
1754 ms. Memory: 276480K Free: 111159K (40%)
----------------- Invoking toplevel() on ptolemy.moml.MoMLSimpleApplication@25551fd3
----------------- Done invoking toplevel() on ptolemy.moml.MoMLSimpleApplication@25551fd3
reloadAllAccessors: .StaticUnits

===========================================================================================
----------------- testing Mon Jan 13 21:06:09 UTC 2020 /home/travis/build/icyphy/ptII/ptolemy/domains/continuous/test/auto/StickyMasses.xml
----------------- Instantiating /home/travis/build/icyphy/ptII/ptolemy/domains/continuous/test/auto/StickyMasses.xml
119 ms. Memory: 276480K Free: 221732K (80%)
----------------- Invoking toplevel() on ptolemy.moml.MoMLSimpleApplication@41ee1090
----------------- Done invoking toplevel() on ptolemy.moml.MoMLSimpleApplication@41ee1090
reloadAllAccessors: .StickyMasses

===========================================================================================
----------------- testing Mon Jan 13 21:06:10 UTC 2020 /home/travis/build/icyphy/ptII/ptolemy/domains/continuous/test/auto/StopTime.xml
----------------- Instantiating /home/travis/build/icyphy/ptII/ptolemy/domains/continuous/test/auto/StopTime.xml
36 ms. Memory: 276480K Free: 196646K (71%)
----------------- Invoking toplevel() on ptolemy.moml.MoMLSimpleApplication@56431f8b
----------------- Done invoking toplevel() on ptolemy.moml.MoMLSimpleApplication@56431f8b
reloadAllAccessors: .StopTime

===========================================================================================
----------------- testing Mon Jan 13 21:06:10 UTC 2020 /home/travis/build/icyphy/ptII/ptolemy/domains/continuous/test/auto/StopTime2.xml
----------------- Instantiating /home/travis/build/icyphy/ptII/ptolemy/domains/continuous/test/auto/StopTime2.xml
31 ms. Memory: 276480K Free: 174614K (63%)
----------------- Invoking toplevel() on ptolemy.moml.MoMLSimpleApplication@2dbceade
----------------- Done invoking toplevel() on ptolemy.moml.MoMLSimpleApplication@2dbceade
reloadAllAccessors: .StopTime2

===========================================================================================
----------------- testing Mon Jan 13 21:06:10 UTC 2020 /home/travis/build/icyphy/ptII/ptolemy/domains/continuous/test/auto/Switch.xml
----------------- Instantiating /home/travis/build/icyphy/ptII/ptolemy/domains/continuous/test/auto/Switch.xml
36 ms. Memory: 276480K Free: 149014K (54%)
----------------- Invoking toplevel() on ptolemy.moml.MoMLSimpleApplication@7c294c4b
----------------- Done invoking toplevel() on ptolemy.moml.MoMLSimpleApplication@7c294c4b
reloadAllAccessors: .Switch

===========================================================================================
----------------- testing Mon Jan 13 21:06:10 UTC 2020 /home/travis/build/icyphy/ptII/ptolemy/domains/continuous/test/auto/Thermostat.xml
----------------- Instantiating /home/travis/build/icyphy/ptII/ptolemy/domains/continuous/test/auto/Thermostat.xml
216 ms. Memory: 331776K Free: 291876K (88%)
----------------- Invoking toplevel() on ptolemy.moml.MoMLSimpleApplication@ff541f8
----------------- Done invoking toplevel() on ptolemy.moml.MoMLSimpleApplication@ff541f8
reloadAllAccessors: .Thermostat

===========================================================================================
----------------- testing Mon Jan 13 21:06:10 UTC 2020 /home/travis/build/icyphy/ptII/ptolemy/domains/continuous/test/auto/TimeDelay.xml
----------------- Instantiating /home/travis/build/icyphy/ptII/ptolemy/domains/continuous/test/auto/TimeDelay.xml
6 ms. Memory: 331776K Free: 286756K (86%)
----------------- Invoking toplevel() on ptolemy.moml.MoMLSimpleApplication@26598d46
----------------- Done invoking toplevel() on ptolemy.moml.MoMLSimpleApplication@26598d46
reloadAllAccessors: .TimeDelay

===========================================================================================
----------------- testing Mon Jan 13 21:06:10 UTC 2020 /home/travis/build/icyphy/ptII/ptolemy/domains/continuous/test/auto/TimeDelay2.xml
----------------- Instantiating /home/travis/build/icyphy/ptII/ptolemy/domains/continuous/test/auto/TimeDelay2.xml
8 ms. Memory: 331776K Free: 277026K (83%)
----------------- Invoking toplevel() on ptolemy.moml.MoMLSimpleApplication@49e157c
----------------- Done invoking toplevel() on ptolemy.moml.MoMLSimpleApplication@49e157c
reloadAllAccessors: .TimeDelay2

===========================================================================================
----------------- testing Mon Jan 13 21:06:10 UTC 2020 /home/travis/build/icyphy/ptII/ptolemy/domains/continuous/test/auto/TimeDelay3.xml
----------------- Instantiating /home/travis/build/icyphy/ptII/ptolemy/domains/continuous/test/auto/TimeDelay3.xml
5 ms. Memory: 331776K Free: 271889K (82%)
----------------- Invoking toplevel() on ptolemy.moml.MoMLSimpleApplication@239fb831
----------------- Done invoking toplevel() on ptolemy.moml.MoMLSimpleApplication@239fb831
reloadAllAccessors: .TimeDelay3

===========================================================================================
----------------- testing Mon Jan 13 21:06:10 UTC 2020 /home/travis/build/icyphy/ptII/ptolemy/domains/continuous/test/auto/TransferAbsentToInside.xml
----------------- Instantiating /home/travis/build/icyphy/ptII/ptolemy/domains/continuous/test/auto/TransferAbsentToInside.xml
26 ms. Memory: 331776K Free: 219172K (66%)
----------------- Invoking toplevel() on ptolemy.moml.MoMLSimpleApplication@5633dc5
----------------- Done invoking toplevel() on ptolemy.moml.MoMLSimpleApplication@5633dc5
reloadAllAccessors: .TransferAbsentToInside

===========================================================================================
----------------- testing Mon Jan 13 21:06:10 UTC 2020 /home/travis/build/icyphy/ptII/ptolemy/domains/continuous/test/auto/Transmission.xml
----------------- Instantiating /home/travis/build/icyphy/ptII/ptolemy/domains/continuous/test/auto/Transmission.xml
709 ms. Memory: 331776K Free: 180244K (54%)
----------------- Invoking toplevel() on ptolemy.moml.MoMLSimpleApplication@44799af4
----------------- Done invoking toplevel() on ptolemy.moml.MoMLSimpleApplication@44799af4
reloadAllAccessors: .Transmission

===========================================================================================
----------------- testing Mon Jan 13 21:06:11 UTC 2020 /home/travis/build/icyphy/ptII/ptolemy/domains/continuous/test/auto/TriggeredContinuousClock.xml
----------------- Instantiating /home/travis/build/icyphy/ptII/ptolemy/domains/continuous/test/auto/TriggeredContinuousClock.xml
31 ms. Memory: 331776K Free: 150548K (45%)
----------------- Invoking toplevel() on ptolemy.moml.MoMLSimpleApplication@2a52acf6
----------------- Done invoking toplevel() on ptolemy.moml.MoMLSimpleApplication@2a52acf6
reloadAllAccessors: .TriggeredContinuousClock

===========================================================================================
----------------- testing Mon Jan 13 21:06:11 UTC 2020 /home/travis/build/icyphy/ptII/ptolemy/domains/continuous/test/auto/TwoMachineInfiniteBusControl.xml
----------------- Instantiating /home/travis/build/icyphy/ptII/ptolemy/domains/continuous/test/auto/TwoMachineInfiniteBusControl.xml
2559 ms. Memory: 331776K Free: 133596K (40%)
----------------- Invoking toplevel() on ptolemy.moml.MoMLSimpleApplication@165b1680
----------------- Done invoking toplevel() on ptolemy.moml.MoMLSimpleApplication@165b1680
reloadAllAccessors: .TwoMachineInfiniteBusControl

===========================================================================================
----------------- testing Mon Jan 13 21:06:14 UTC 2020 /home/travis/build/icyphy/ptII/ptolemy/domains/continuous/test/auto/V2V.xml
----------------- Instantiating /home/travis/build/icyphy/ptII/ptolemy/domains/continuous/test/auto/V2V.xml
637 ms. Memory: 398336K Free: 204247K (51%)
----------------- Invoking toplevel() on ptolemy.moml.MoMLSimpleApplication@2067b6ee
----------------- Done invoking toplevel() on ptolemy.moml.MoMLSimpleApplication@2067b6ee
reloadAllAccessors: .V2V

===========================================================================================
----------------- testing Mon Jan 13 21:06:14 UTC 2020 /home/travis/build/icyphy/ptII/ptolemy/domains/continuous/test/auto/hierarchicalModalModel.xml
----------------- Instantiating /home/travis/build/icyphy/ptII/ptolemy/domains/continuous/test/auto/hierarchicalModalModel.xml
7 ms. Memory: 398336K Free: 189911K (48%)
----------------- Invoking toplevel() on ptolemy.moml.MoMLSimpleApplication@6b016fbe
----------------- Done invoking toplevel() on ptolemy.moml.MoMLSimpleApplication@6b016fbe
reloadAllAccessors: .hierarchicalModalModel

===========================================================================================
----------------- testing Mon Jan 13 21:06:14 UTC 2020 /home/travis/build/icyphy/ptII/ptolemy/domains/continuous/test/auto/hierarchicalModalModel1.xml
----------------- Instantiating /home/travis/build/icyphy/ptII/ptolemy/domains/continuous/test/auto/hierarchicalModalModel1.xml
7 ms. Memory: 398336K Free: 175590K (44%)
----------------- Invoking toplevel() on ptolemy.moml.MoMLSimpleApplication@32f2e980
----------------- Done invoking toplevel() on ptolemy.moml.MoMLSimpleApplication@32f2e980
reloadAllAccessors: .hierarchicalModalModel1

===========================================================================================
----------------- testing Mon Jan 13 21:06:14 UTC 2020 /home/travis/build/icyphy/ptII/ptolemy/domains/continuous/test/auto/hierarchicalModalModel2.xml
----------------- Instantiating /home/travis/build/icyphy/ptII/ptolemy/domains/continuous/test/auto/hierarchicalModalModel2.xml
5 ms. Memory: 398336K Free: 163287K (41%)
----------------- Invoking toplevel() on ptolemy.moml.MoMLSimpleApplication@73c7aa07
----------------- Done invoking toplevel() on ptolemy.moml.MoMLSimpleApplication@73c7aa07
reloadAllAccessors: .hierarchicalModalModel2

===========================================================================================
----------------- testing Mon Jan 13 21:06:14 UTC 2020 /home/travis/build/icyphy/ptII/ptolemy/domains/continuous/test/auto/hierarchicalModalModel3.xml
----------------- Instantiating /home/travis/build/icyphy/ptII/ptolemy/domains/continuous/test/auto/hierarchicalModalModel3.xml
5 ms. Memory: 398336K Free: 152552K (38%)
----------------- Invoking toplevel() on ptolemy.moml.MoMLSimpleApplication@7d9ec9bb
----------------- Done invoking toplevel() on ptolemy.moml.MoMLSimpleApplication@7d9ec9bb
reloadAllAccessors: .hierarchicalModalModel3

===========================================================================================
----------------- testing Mon Jan 13 21:06:14 UTC 2020 /home/travis/build/icyphy/ptII/ptolemy/domains/continuous/test/auto/hierarchicalModalModel4.xml
----------------- Instantiating /home/travis/build/icyphy/ptII/ptolemy/domains/continuous/test/auto/hierarchicalModalModel4.xml
4 ms. Memory: 398336K Free: 373709K (94%)
----------------- Invoking toplevel() on ptolemy.moml.MoMLSimpleApplication@2cba1621
----------------- Done invoking toplevel() on ptolemy.moml.MoMLSimpleApplication@2cba1621
reloadAllAccessors: .hierarchicalModalModel4

===========================================================================================
----------------- testing Mon Jan 13 21:06:15 UTC 2020 /home/travis/build/icyphy/ptII/ptolemy/domains/continuous/test/auto/junk.xml
----------------- Instantiating /home/travis/build/icyphy/ptII/ptolemy/domains/continuous/test/auto/junk.xml
112 ms. Memory: 398336K Free: 346075K (87%)
----------------- Invoking toplevel() on ptolemy.moml.MoMLSimpleApplication@8530995
----------------- Done invoking toplevel() on ptolemy.moml.MoMLSimpleApplication@8530995
reloadAllAccessors: .junk
AutoTests.java: About to close Vertx.
AutoTests.java: Vertx closed.
]]></system-out>
  <system-err><![CDATA[Warning: '.HysteresisWithRandomDelay.NonStrictTest' The test produced only 221 tokens, yet the correctValues parameter was expecting 222 tokens.
Warning: '.HysteresisWithRandomDelay.NonStrictTest2' The test produced only 220 tokens, yet the correctValues parameter was expecting 221 tokens.
Warning: '.HysteresisWithRandomDelay.NonStrictTest3' The test produced only 19 tokens, yet the correctValues parameter was expecting 30 tokens.
Warning: '.IncreasingRatePoisson.NonStrictTest' The test produced only 400 tokens, yet the correctValues parameter was expecting 402 tokens.
Warning: '.Poisson.NonStrictTest' The test produced only 392 tokens, yet the correctValues parameter was expecting 430 tokens.
]]></system-err>
</testsuite>
