<?xml version="1.0" encoding="UTF-8" ?>
<testsuite errors="0" failures="0" hostname="travis-job-616c17fc-0973-4834-8cf3-7876a203d4dc" name="ptolemy.domains.de.test.junit.JUnitTclTest" skipped="0" tests="101" time="134.259" timestamp="2019-09-21T05:42:37">
  <properties>
[...]
</properties>
  <testcase classname="ptolemy.util.test.junit.TclTests" name="[0] /home/travis/build/icyphy/ptII/ptolemy/domains/de/test/DependencyLoop.tcl (RunTclFile)" time="1.135" />
  <testcase classname="ptolemy.util.test.junit.TclTests" name="[1] /home/travis/build/icyphy/ptII/ptolemy/domains/de/test/RunDETestsAsQSS.tcl (RunTclFile)" time="91.115" />
  <testcase classname="ptolemy.util.test.junit.AutoKnownFailedTests" name="[0] /home/travis/build/icyphy/ptII/ptolemy/domains/de/test/auto/knownFailedTests/DESDFClockTest.xml (RunModel)" time="2.04" />
  <testcase classname="ptolemy.util.test.junit.AutoKnownFailedTests" name="[1] /home/travis/build/icyphy/ptII/ptolemy/domains/de/test/auto/knownFailedTests/DirectFeedback.xml (RunModel)" time="0.034" />
  <testcase classname="ptolemy.util.test.junit.AutoKnownFailedTests" name="[2] /home/travis/build/icyphy/ptII/ptolemy/domains/de/test/auto/knownFailedTests/FSMSource.xml (RunModel)" time="0.03" />
  <testcase classname="ptolemy.util.test.junit.AutoKnownFailedTests" name="[3] /home/travis/build/icyphy/ptII/ptolemy/domains/de/test/auto/knownFailedTests/HierarchicalModel.xml (RunModel)" time="0.05" />
  <testcase classname="ptolemy.util.test.junit.AutoKnownFailedTests" name="[4] /home/travis/build/icyphy/ptII/ptolemy/domains/de/test/auto/knownFailedTests/dependencyLoop.xml (RunModel)" time="0.051" />
  <testcase classname="ptolemy.util.test.junit.AutoKnownFailedTests" name="[5] /home/travis/build/icyphy/ptII/ptolemy/domains/de/test/auto/knownFailedTests/dependencyLoop2.xml (RunModel)" time="0.043" />
  <testcase classname="ptolemy.util.test.junit.AutoNameArchTests" name="[0] ThereAreNoAutoArchTests (RunModel)" time="0.002" />
  <testcase classname="ptolemy.util.test.junit.AutoTests" name="[0] /home/travis/build/icyphy/ptII/ptolemy/domains/de/test/auto/ActorDepthCalculation_actorWithoutPorts.xml (RunModel)" time="0.026" />
  <testcase classname="ptolemy.util.test.junit.AutoTests" name="[1] /home/travis/build/icyphy/ptII/ptolemy/domains/de/test/auto/AssemblyLine.xml (RunModel)" time="0.029" />
  <testcase classname="ptolemy.util.test.junit.AutoTests" name="[2] /home/travis/build/icyphy/ptII/ptolemy/domains/de/test/auto/CQBug1.xml (RunModel)" time="0.016" />
  <testcase classname="ptolemy.util.test.junit.AutoTests" name="[3] /home/travis/build/icyphy/ptII/ptolemy/domains/de/test/auto/CancelFireAt.xml (RunModel)" time="0.014" />
  <testcase classname="ptolemy.util.test.junit.AutoTests" name="[4] /home/travis/build/icyphy/ptII/ptolemy/domains/de/test/auto/CausalityAndComposabilityAnalysis.xml (RunModel)" time="0.016" />
  <testcase classname="ptolemy.util.test.junit.AutoTests" name="[5] /home/travis/build/icyphy/ptII/ptolemy/domains/de/test/auto/CausalityInterface1.xml (RunModel)" time="0.022" />
  <testcase classname="ptolemy.util.test.junit.AutoTests" name="[6] /home/travis/build/icyphy/ptII/ptolemy/domains/de/test/auto/CausalityInterface15.xml (RunModel)" time="0.02" />
  <testcase classname="ptolemy.util.test.junit.AutoTests" name="[7] /home/travis/build/icyphy/ptII/ptolemy/domains/de/test/auto/CausalityInterface2.xml (RunModel)" time="0.019" />
  <testcase classname="ptolemy.util.test.junit.AutoTests" name="[8] /home/travis/build/icyphy/ptII/ptolemy/domains/de/test/auto/CausalityInterface3.xml (RunModel)" time="0.022" />
  <testcase classname="ptolemy.util.test.junit.AutoTests" name="[9] /home/travis/build/icyphy/ptII/ptolemy/domains/de/test/auto/ClockDrift.xml (RunModel)" time="0.042" />
  <testcase classname="ptolemy.util.test.junit.AutoTests" name="[10] /home/travis/build/icyphy/ptII/ptolemy/domains/de/test/auto/ClockDriftAndValueChange.xml (RunModel)" time="0.042" />
  <testcase classname="ptolemy.util.test.junit.AutoTests" name="[11] /home/travis/build/icyphy/ptII/ptolemy/domains/de/test/auto/ClockDriftChange.xml (RunModel)" time="0.036" />
  <testcase classname="ptolemy.util.test.junit.AutoTests" name="[12] /home/travis/build/icyphy/ptII/ptolemy/domains/de/test/auto/ComposableCausalityAnalysis.xml (RunModel)" time="0.016" />
  <testcase classname="ptolemy.util.test.junit.AutoTests" name="[13] /home/travis/build/icyphy/ptII/ptolemy/domains/de/test/auto/DEFixedPointLimitation.xml (RunModel)" time="0.014" />
  <testcase classname="ptolemy.util.test.junit.AutoTests" name="[14] /home/travis/build/icyphy/ptII/ptolemy/domains/de/test/auto/DEScheduleTest.xml (RunModel)" time="0.015" />
  <testcase classname="ptolemy.util.test.junit.AutoTests" name="[15] /home/travis/build/icyphy/ptII/ptolemy/domains/de/test/auto/DEinDEwithStartTimes.xml (RunModel)" time="0.017" />
  <testcase classname="ptolemy.util.test.junit.AutoTests" name="[16] /home/travis/build/icyphy/ptII/ptolemy/domains/de/test/auto/DEinDEwithStartTimes2.xml (RunModel)" time="0.018" />
  <testcase classname="ptolemy.util.test.junit.AutoTests" name="[17] /home/travis/build/icyphy/ptII/ptolemy/domains/de/test/auto/DateDemo.xml (RunModel)" time="0.047" />
  <testcase classname="ptolemy.util.test.junit.AutoTests" name="[18] /home/travis/build/icyphy/ptII/ptolemy/domains/de/test/auto/DateToEvent.xml (RunModel)" time="2.058" />
  <testcase classname="ptolemy.util.test.junit.AutoTests" name="[19] /home/travis/build/icyphy/ptII/ptolemy/domains/de/test/auto/DepthTest1.xml (RunModel)" time="0.009" />
  <testcase classname="ptolemy.util.test.junit.AutoTests" name="[20] /home/travis/build/icyphy/ptII/ptolemy/domains/de/test/auto/DepthTest2.xml (RunModel)" time="0.031" />
  <testcase classname="ptolemy.util.test.junit.AutoTests" name="[21] /home/travis/build/icyphy/ptII/ptolemy/domains/de/test/auto/DepthTest3.xml (RunModel)" time="0.009" />
  <testcase classname="ptolemy.util.test.junit.AutoTests" name="[22] /home/travis/build/icyphy/ptII/ptolemy/domains/de/test/auto/DepthTest4.xml (RunModel)" time="0.014" />
  <testcase classname="ptolemy.util.test.junit.AutoTests" name="[23] /home/travis/build/icyphy/ptII/ptolemy/domains/de/test/auto/DepthTest5.xml (RunModel)" time="0.017" />
  <testcase classname="ptolemy.util.test.junit.AutoTests" name="[24] /home/travis/build/icyphy/ptII/ptolemy/domains/de/test/auto/DepthTest6.xml (RunModel)" time="0.014" />
  <testcase classname="ptolemy.util.test.junit.AutoTests" name="[25] /home/travis/build/icyphy/ptII/ptolemy/domains/de/test/auto/DepthTest7.xml (RunModel)" time="0.016" />
  <testcase classname="ptolemy.util.test.junit.AutoTests" name="[26] /home/travis/build/icyphy/ptII/ptolemy/domains/de/test/auto/EventToDate.xml (RunModel)" time="3.047" />
  <testcase classname="ptolemy.util.test.junit.AutoTests" name="[27] /home/travis/build/icyphy/ptII/ptolemy/domains/de/test/auto/FSM1.xml (RunModel)" time="0.063" />
  <testcase classname="ptolemy.util.test.junit.AutoTests" name="[28] /home/travis/build/icyphy/ptII/ptolemy/domains/de/test/auto/FSM7.xml (RunModel)" time="0.041" />
  <testcase classname="ptolemy.util.test.junit.AutoTests" name="[29] /home/travis/build/icyphy/ptII/ptolemy/domains/de/test/auto/Inspection.xml (RunModel)" time="0.048" />
  <testcase classname="ptolemy.util.test.junit.AutoTests" name="[30] /home/travis/build/icyphy/ptII/ptolemy/domains/de/test/auto/Iteration.xml (RunModel)" time="0.023" />
  <testcase classname="ptolemy.util.test.junit.AutoTests" name="[31] /home/travis/build/icyphy/ptII/ptolemy/domains/de/test/auto/LineFault.xml (RunModel)" time="0.645" />
  <testcase classname="ptolemy.util.test.junit.AutoTests" name="[32] /home/travis/build/icyphy/ptII/ptolemy/domains/de/test/auto/MergeModel1Add.xml (RunModel)" time="0.051" />
  <testcase classname="ptolemy.util.test.junit.AutoTests" name="[33] /home/travis/build/icyphy/ptII/ptolemy/domains/de/test/auto/MergeModel2Add.xml (RunModel)" time="0.045" />
  <testcase classname="ptolemy.util.test.junit.AutoTests" name="[34] /home/travis/build/icyphy/ptII/ptolemy/domains/de/test/auto/MergeModel3Add.xml (RunModel)" time="0.041" />
  <testcase classname="ptolemy.util.test.junit.AutoTests" name="[35] /home/travis/build/icyphy/ptII/ptolemy/domains/de/test/auto/MergeWithoutDiscard.xml (RunModel)" time="0.023" />
  <testcase classname="ptolemy.util.test.junit.AutoTests" name="[36] /home/travis/build/icyphy/ptII/ptolemy/domains/de/test/auto/Modal1.xml (RunModel)" time="0.033" />
  <testcase classname="ptolemy.util.test.junit.AutoTests" name="[37] /home/travis/build/icyphy/ptII/ptolemy/domains/de/test/auto/Modal2.xml (RunModel)" time="0.032" />
  <testcase classname="ptolemy.util.test.junit.AutoTests" name="[38] /home/travis/build/icyphy/ptII/ptolemy/domains/de/test/auto/Modal3.xml (RunModel)" time="0.029" />
  <testcase classname="ptolemy.util.test.junit.AutoTests" name="[39] /home/travis/build/icyphy/ptII/ptolemy/domains/de/test/auto/Modal4.xml (RunModel)" time="0.033" />
  <testcase classname="ptolemy.util.test.junit.AutoTests" name="[40] /home/travis/build/icyphy/ptII/ptolemy/domains/de/test/auto/Modal5.xml (RunModel)" time="0.035" />
  <testcase classname="ptolemy.util.test.junit.AutoTests" name="[41] /home/travis/build/icyphy/ptII/ptolemy/domains/de/test/auto/Modal6.xml (RunModel)" time="0.029" />
  <testcase classname="ptolemy.util.test.junit.AutoTests" name="[42] /home/travis/build/icyphy/ptII/ptolemy/domains/de/test/auto/Modal7.xml (RunModel)" time="0.035" />
  <testcase classname="ptolemy.util.test.junit.AutoTests" name="[43] /home/travis/build/icyphy/ptII/ptolemy/domains/de/test/auto/ModalModel.xml (RunModel)" time="0.199" />
  <testcase classname="ptolemy.util.test.junit.AutoTests" name="[44] /home/travis/build/icyphy/ptII/ptolemy/domains/de/test/auto/ModalSource.xml (RunModel)" time="0.025" />
  <testcase classname="ptolemy.util.test.junit.AutoTests" name="[45] /home/travis/build/icyphy/ptII/ptolemy/domains/de/test/auto/NonInterruptibleTimerZeroDelay.xml (RunModel)" time="0.01" />
  <testcase classname="ptolemy.util.test.junit.AutoTests" name="[46] /home/travis/build/icyphy/ptII/ptolemy/domains/de/test/auto/OpenQueueingNetwork.xml (RunModel)" time="2.396" />
  <testcase classname="ptolemy.util.test.junit.AutoTests" name="[47] /home/travis/build/icyphy/ptII/ptolemy/domains/de/test/auto/OpenQueuingNetwork.xml (RunModel)" time="0.263" />
  <testcase classname="ptolemy.util.test.junit.AutoTests" name="[48] /home/travis/build/icyphy/ptII/ptolemy/domains/de/test/auto/PeriodicSampler.xml (RunModel)" time="0.011" />
  <testcase classname="ptolemy.util.test.junit.AutoTests" name="[49] /home/travis/build/icyphy/ptII/ptolemy/domains/de/test/auto/PersistentIO.xml (RunModel)" time="0.022" />
  <testcase classname="ptolemy.util.test.junit.AutoTests" name="[50] /home/travis/build/icyphy/ptII/ptolemy/domains/de/test/auto/PortParameterResetOnInitialize.xml (RunModel)" time="0.01" />
  <testcase classname="ptolemy.util.test.junit.AutoTests" name="[51] /home/travis/build/icyphy/ptII/ptolemy/domains/de/test/auto/PortParameterUpdates.xml (RunModel)" time="0.015" />
  <testcase classname="ptolemy.util.test.junit.AutoTests" name="[52] /home/travis/build/icyphy/ptII/ptolemy/domains/de/test/auto/QueueAndServer.xml (RunModel)" time="0.024" />
  <testcase classname="ptolemy.util.test.junit.AutoTests" name="[53] /home/travis/build/icyphy/ptII/ptolemy/domains/de/test/auto/Records.xml (RunModel)" time="0.017" />
  <testcase classname="ptolemy.util.test.junit.AutoTests" name="[54] /home/travis/build/icyphy/ptII/ptolemy/domains/de/test/auto/ResetTransitionWithStartTime1.xml (RunModel)" time="0.02" />
  <testcase classname="ptolemy.util.test.junit.AutoTests" name="[55] /home/travis/build/icyphy/ptII/ptolemy/domains/de/test/auto/ResetTransitionWithStartTime2.xml (RunModel)" time="0.029" />
  <testcase classname="ptolemy.util.test.junit.AutoTests" name="[56] /home/travis/build/icyphy/ptII/ptolemy/domains/de/test/auto/ResetTransitionWithStartTime3.xml (RunModel)" time="0.026" />
  <testcase classname="ptolemy.util.test.junit.AutoTests" name="[57] /home/travis/build/icyphy/ptII/ptolemy/domains/de/test/auto/ResetTransitionWithStartTime4.xml (RunModel)" time="0.023" />
  <testcase classname="ptolemy.util.test.junit.AutoTests" name="[58] /home/travis/build/icyphy/ptII/ptolemy/domains/de/test/auto/ResettableTimer1.xml (RunModel)" time="0.016" />
  <testcase classname="ptolemy.util.test.junit.AutoTests" name="[59] /home/travis/build/icyphy/ptII/ptolemy/domains/de/test/auto/ResettableTimer2.xml (RunModel)" time="0.013" />
  <testcase classname="ptolemy.util.test.junit.AutoTests" name="[60] /home/travis/build/icyphy/ptII/ptolemy/domains/de/test/auto/ResettableTimer3.xml (RunModel)" time="0.012" />
  <testcase classname="ptolemy.util.test.junit.AutoTests" name="[61] /home/travis/build/icyphy/ptII/ptolemy/domains/de/test/auto/ResettableTimer4.xml (RunModel)" time="0.014" />
  <testcase classname="ptolemy.util.test.junit.AutoTests" name="[62] /home/travis/build/icyphy/ptII/ptolemy/domains/de/test/auto/ResettableTimer5.xml (RunModel)" time="0.01" />
  <testcase classname="ptolemy.util.test.junit.AutoTests" name="[63] /home/travis/build/icyphy/ptII/ptolemy/domains/de/test/auto/ResettableTimer6.xml (RunModel)" time="0.019" />
  <testcase classname="ptolemy.util.test.junit.AutoTests" name="[64] /home/travis/build/icyphy/ptII/ptolemy/domains/de/test/auto/ServerZeroDelay.xml (RunModel)" time="0.01" />
  <testcase classname="ptolemy.util.test.junit.AutoTests" name="[65] /home/travis/build/icyphy/ptII/ptolemy/domains/de/test/auto/SmartSender.xml (RunModel)" time="3.009" />
  <testcase classname="ptolemy.util.test.junit.AutoTests" name="[66] /home/travis/build/icyphy/ptII/ptolemy/domains/de/test/auto/ThreadedComposite.xml (RunModel)" time="0.271" />
  <testcase classname="ptolemy.util.test.junit.AutoTests" name="[67] /home/travis/build/icyphy/ptII/ptolemy/domains/de/test/auto/Time.xml (RunModel)" time="0.44" />
  <testcase classname="ptolemy.util.test.junit.AutoTests" name="[68] /home/travis/build/icyphy/ptII/ptolemy/domains/de/test/auto/TimeDelayZeroDelay.xml (RunModel)" time="0.014" />
  <testcase classname="ptolemy.util.test.junit.AutoTests" name="[69] /home/travis/build/icyphy/ptII/ptolemy/domains/de/test/auto/TimerZeroDelay.xml (RunModel)" time="0.011" />
  <testcase classname="ptolemy.util.test.junit.AutoTests" name="[70] /home/travis/build/icyphy/ptII/ptolemy/domains/de/test/auto/TimingParadox.xml (RunModel)" time="0.376" />
  <testcase classname="ptolemy.util.test.junit.AutoTests" name="[71] /home/travis/build/icyphy/ptII/ptolemy/domains/de/test/auto/TransferInputs.xml (RunModel)" time="0.015" />
  <testcase classname="ptolemy.util.test.junit.AutoTests" name="[72] /home/travis/build/icyphy/ptII/ptolemy/domains/de/test/auto/TransferOutputs2.xml (RunModel)" time="0.014" />
  <testcase classname="ptolemy.util.test.junit.AutoTests" name="[73] /home/travis/build/icyphy/ptII/ptolemy/domains/de/test/auto/Trilateration.xml (RunModel)" time="12.898" />
  <testcase classname="ptolemy.util.test.junit.AutoTests" name="[74] /home/travis/build/icyphy/ptII/ptolemy/domains/de/test/auto/TwoSigmaDelta.xml (RunModel)" time="2.012" />
  <testcase classname="ptolemy.util.test.junit.AutoTests" name="[75] /home/travis/build/icyphy/ptII/ptolemy/domains/de/test/auto/VariableDelay.xml (RunModel)" time="0.013" />
  <testcase classname="ptolemy.util.test.junit.AutoTests" name="[76] /home/travis/build/icyphy/ptII/ptolemy/domains/de/test/auto/VariableDelay2.xml (RunModel)" time="0.03" />
  <testcase classname="ptolemy.util.test.junit.AutoTests" name="[77] /home/travis/build/icyphy/ptII/ptolemy/domains/de/test/auto/VariableDelayZeroDelay.xml (RunModel)" time="0.012" />
  <testcase classname="ptolemy.util.test.junit.AutoTests" name="[78] /home/travis/build/icyphy/ptII/ptolemy/domains/de/test/auto/VariableDelayZeroDelay2.xml (RunModel)" time="0.011" />
  <testcase classname="ptolemy.util.test.junit.AutoTests" name="[79] /home/travis/build/icyphy/ptII/ptolemy/domains/de/test/auto/deInCt.xml (RunModel)" time="0.021" />
  <testcase classname="ptolemy.util.test.junit.AutoTests" name="[80] /home/travis/build/icyphy/ptII/ptolemy/domains/de/test/auto/deInCt2.xml (RunModel)" time="0.017" />
  <testcase classname="ptolemy.util.test.junit.AutoTests" name="[81] /home/travis/build/icyphy/ptII/ptolemy/domains/de/test/auto/dynamicCausalityInterface1.xml (RunModel)" time="0.019" />
  <testcase classname="ptolemy.util.test.junit.AutoTests" name="[82] /home/travis/build/icyphy/ptII/ptolemy/domains/de/test/auto/fsm_de_test.xml (RunModel)" time="0.023" />
  <testcase classname="ptolemy.util.test.junit.AutoTests" name="[83] /home/travis/build/icyphy/ptII/ptolemy/domains/de/test/auto/functionDependencyReconstruction.xml (RunModel)" time="0.036" />
  <testcase classname="ptolemy.util.test.junit.AutoTests" name="[84] /home/travis/build/icyphy/ptII/ptolemy/domains/de/test/auto/multirate.xml (RunModel)" time="0.016" />
  <testcase classname="ptolemy.util.test.junit.AutoTests" name="[85] /home/travis/build/icyphy/ptII/ptolemy/domains/de/test/auto/multirate2.xml (RunModel)" time="0.018" />
  <testcase classname="ptolemy.util.test.junit.AutoTests" name="[86] /home/travis/build/icyphy/ptII/ptolemy/domains/de/test/auto/realtime.xml (RunModel)" time="10.011" />
  <testcase classname="ptolemy.util.test.junit.AutoTests" name="[87] /home/travis/build/icyphy/ptII/ptolemy/domains/de/test/auto/relationGroup.xml (RunModel)" time="0.011" />
  <testcase classname="ptolemy.util.test.junit.AutoTests" name="[88] /home/travis/build/icyphy/ptII/ptolemy/domains/de/test/auto/relationGroup2.xml (RunModel)" time="0.016" />
  <testcase classname="ptolemy.util.test.junit.AutoTests" name="[89] /home/travis/build/icyphy/ptII/ptolemy/domains/de/test/auto/sortWithOpaquePorts.xml (RunModel)" time="0.01" />
  <testcase classname="ptolemy.util.test.junit.AutoTests" name="[90] /home/travis/build/icyphy/ptII/ptolemy/domains/de/test/auto/transferInputsandOutputs.xml (RunModel)" time="0.017" />
  <testcase classname="ptolemy.util.test.junit.AutoTests" name="[91] /home/travis/build/icyphy/ptII/ptolemy/domains/de/test/auto/triggerType.xml (RunModel)" time="0.009" />
  <system-out><![CDATA[/home/travis/build/icyphy/ptII/ptolemy/domains/de/test/DependencyLoop.tcl
testDefs.tcl: setting time out to 9000 seconds at Sat Sep 21 05:42:37 UTC 2019
104 ms. Memory: 120832K Free: 71622K (59%)
26 ms. Memory: 120832K Free: 54214K (45%)
/home/travis/build/icyphy/ptII/ptolemy/domains/de/test/RunDETestsAsQSS.tcl
Run the DE tests using ptolemy.domains.qss.test.QSSDirectorTest, which extends QSSDirector and prints a message in the constructors.
------------------ testing $PTII/ptolemy/domains/de/test/auto/knownFailedTests/DirectFeedback.xml (Known Failure) 
71 ms. Memory: 120832K Free: 48580K (40%)


==== $PTIIhome/travis/build/icyphy/ptII/ptolemy/domains/de/test/../../../../: Auto Automatic test in file $PTII/ptolemy/domains/de/test/auto/knownFailedTests/DirectFeedback.xml
==== Contents of test case:

	    # FIXME: we should use $relativeFilename here, but it
	    # might have backslashes under Windows, which causes no end
	    # of trouble.
	    createAndExecute $file
	    list {}
	
.... Test generated KNOWN error:
    while executing
ptolemy.kernel.util.IllegalActionException: Test fails in iteration 1.
Value was: 1.0. Should have been: 2.0
  in .DirectFeedback.Test
	at ptolemy.actor.lib.Test.fire(Test.java:268)
	at ptolemy.domains.de.kernel.DEDirector._fire(DEDirector.java:1949)
	at ptolemy.domains.de.kernel.DEDirector.fire(DEDirector.java:502)
	at ptolemy.actor.CompositeActor.fire(CompositeActor.java:455)
	at ptolemy.actor.Manager.iterate(Manager.java:851)
	at ptolemy.actor.Manager.execute(Manager.java:369)
	at ptolemy.actor.Manager.run(Manager.java:1263)
	at ptolemy.actor.Manager$PtolemyRunThread.run(Manager.java:1933)

    while executing
ptolemy.kernel.util.IllegalActionException: Test fails in iteration 1.
Value was: 1.0. Should have been: 2.0
  in .DirectFeedback.Test
    while executing
"java::new ptolemy.moml.MoMLSimpleApplication $file
"
    (procedure "createAndExecute" line 2)
    invoked from within
"createAndExecute $file"
    ("uplevel" body line 5)
    invoked from within
"uplevel $contents_of_test"
------------------ testing $PTII/ptolemy/domains/de/test/auto/knownFailedTests/dependencyLoop.xml (Known Failure) 
44 ms. Memory: 120832K Free: 108088K (89%)


==== $PTIIhome/travis/build/icyphy/ptII/ptolemy/domains/de/test/../../../../: Auto Automatic test in file $PTII/ptolemy/domains/de/test/auto/knownFailedTests/dependencyLoop.xml
==== Contents of test case:

	    # FIXME: we should use $relativeFilename here, but it
	    # might have backslashes under Windows, which causes no end
	    # of trouble.
	    createAndExecute $file
	    list {}
	
.... Test generated KNOWN error:
    while executing
ptolemy.kernel.util.IllegalActionException: Found a zero delay loop containing .dependencyLoop.original
  in .dependencyLoop and .dependencyLoop.original
	at ptolemy.actor.util.CausalityInterfaceForComposites._computeOutputPortDepth(CausalityInterfaceForComposites.java:759)
	at ptolemy.actor.util.CausalityInterfaceForComposites._computeInputDepth(CausalityInterfaceForComposites.java:696)
	at ptolemy.actor.util.CausalityInterfaceForComposites._computeOutputPortDepth(CausalityInterfaceForComposites.java:765)
	at ptolemy.actor.util.CausalityInterfaceForComposites._computeInputDepth(CausalityInterfaceForComposites.java:696)
	at ptolemy.actor.util.CausalityInterfaceForComposites._computeOutputPortDepth(CausalityInterfaceForComposites.java:765)
	at ptolemy.actor.util.CausalityInterfaceForComposites._computeInputDepth(CausalityInterfaceForComposites.java:696)
	at ptolemy.actor.util.CausalityInterfaceForComposites._computeActorDepth(CausalityInterfaceForComposites.java:532)
	at ptolemy.actor.util.CausalityInterfaceForComposites.checkForCycles(CausalityInterfaceForComposites.java:96)
	at ptolemy.domains.de.kernel.DEDirector.preinitialize(DEDirector.java:1338)
	at ptolemy.actor.CompositeActor.preinitialize(CompositeActor.java:1828)
	at ptolemy.actor.Manager.preinitializeAndResolveTypes(Manager.java:1040)
	at ptolemy.actor.Manager.initialize(Manager.java:710)
	at ptolemy.actor.Manager.execute(Manager.java:356)
	at ptolemy.actor.Manager.run(Manager.java:1263)
	at ptolemy.actor.Manager$PtolemyRunThread.run(Manager.java:1933)

    while executing
ptolemy.kernel.util.IllegalActionException: Found a zero delay loop containing .dependencyLoop.original
  in .dependencyLoop and .dependencyLoop.original
    while executing
"java::new ptolemy.moml.MoMLSimpleApplication $file
"
    (procedure "createAndExecute" line 2)
    invoked from within
"createAndExecute $file"
    ("uplevel" body line 5)
    invoked from within
"uplevel $contents_of_test"
------------------ testing $PTII/ptolemy/domains/de/test/auto/knownFailedTests/FSMSource.xml (Known Failure) 
78 ms. Memory: 120832K Free: 98933K (82%)
!!!! Auto was marked as failing, but now passes
------------------ testing $PTII/ptolemy/domains/de/test/auto/knownFailedTests/HierarchicalModel.xml (Known Failure) 
5 ms. Memory: 120832K Free: 81509K (67%)


==== $PTIIhome/travis/build/icyphy/ptII/ptolemy/domains/de/test/../../../../: Auto Automatic test in file $PTII/ptolemy/domains/de/test/auto/knownFailedTests/HierarchicalModel.xml
==== Contents of test case:

	    # FIXME: we should use $relativeFilename here, but it
	    # might have backslashes under Windows, which causes no end
	    # of trouble.
	    createAndExecute $file
	    list {}
	
.... Test generated KNOWN error:
    while executing
ptolemy.kernel.util.IllegalActionException: Found a zero delay loop containing .HierarchicalModel.A
  in .HierarchicalModel and .HierarchicalModel.A
	at ptolemy.actor.util.CausalityInterfaceForComposites._computeOutputPortDepth(CausalityInterfaceForComposites.java:759)
	at ptolemy.actor.util.CausalityInterfaceForComposites._computeInputDepth(CausalityInterfaceForComposites.java:696)
	at ptolemy.actor.util.CausalityInterfaceForComposites._computeOutputPortDepth(CausalityInterfaceForComposites.java:765)
	at ptolemy.actor.util.CausalityInterfaceForComposites._computeInputDepth(CausalityInterfaceForComposites.java:696)
	at ptolemy.actor.util.CausalityInterfaceForComposites._computeOutputPortDepth(CausalityInterfaceForComposites.java:765)
	at ptolemy.actor.util.CausalityInterfaceForComposites._computeInputDepth(CausalityInterfaceForComposites.java:696)
	at ptolemy.actor.util.CausalityInterfaceForComposites._computeActorDepth(CausalityInterfaceForComposites.java:532)
	at ptolemy.actor.util.CausalityInterfaceForComposites.checkForCycles(CausalityInterfaceForComposites.java:96)
	at ptolemy.domains.de.kernel.DEDirector.preinitialize(DEDirector.java:1338)
	at ptolemy.actor.CompositeActor.preinitialize(CompositeActor.java:1828)
	at ptolemy.actor.Manager.preinitializeAndResolveTypes(Manager.java:1040)
	at ptolemy.actor.Manager.initialize(Manager.java:710)
	at ptolemy.actor.Manager.execute(Manager.java:356)
	at ptolemy.actor.Manager.run(Manager.java:1263)
	at ptolemy.actor.Manager$PtolemyRunThread.run(Manager.java:1933)

    while executing
ptolemy.kernel.util.IllegalActionException: Found a zero delay loop containing .HierarchicalModel.A
  in .HierarchicalModel and .HierarchicalModel.A
    while executing
"java::new ptolemy.moml.MoMLSimpleApplication $file
"
    (procedure "createAndExecute" line 2)
    invoked from within
"createAndExecute $file"
    ("uplevel" body line 5)
    invoked from within
"uplevel $contents_of_test"
------------------ testing $PTII/ptolemy/domains/de/test/auto/knownFailedTests/dependencyLoop2.xml (Known Failure) 
23 ms. Memory: 120832K Free: 106205K (88%)


==== $PTIIhome/travis/build/icyphy/ptII/ptolemy/domains/de/test/../../../../: Auto Automatic test in file $PTII/ptolemy/domains/de/test/auto/knownFailedTests/dependencyLoop2.xml
==== Contents of test case:

	    # FIXME: we should use $relativeFilename here, but it
	    # might have backslashes under Windows, which causes no end
	    # of trouble.
	    createAndExecute $file
	    list {}
	
.... Test generated KNOWN error:
    while executing
ptolemy.kernel.util.IllegalActionException: Found a zero delay loop containing .dependencyLoop2.original
  in .dependencyLoop2 and .dependencyLoop2.original
	at ptolemy.actor.util.CausalityInterfaceForComposites._computeOutputPortDepth(CausalityInterfaceForComposites.java:759)
	at ptolemy.actor.util.CausalityInterfaceForComposites._computeInputDepth(CausalityInterfaceForComposites.java:696)
	at ptolemy.actor.util.CausalityInterfaceForComposites._computeOutputPortDepth(CausalityInterfaceForComposites.java:765)
	at ptolemy.actor.util.CausalityInterfaceForComposites._computeInputDepth(CausalityInterfaceForComposites.java:696)
	at ptolemy.actor.util.CausalityInterfaceForComposites._computeOutputPortDepth(CausalityInterfaceForComposites.java:765)
	at ptolemy.actor.util.CausalityInterfaceForComposites._computeInputDepth(CausalityInterfaceForComposites.java:696)
	at ptolemy.actor.util.CausalityInterfaceForComposites._computeActorDepth(CausalityInterfaceForComposites.java:532)
	at ptolemy.actor.util.CausalityInterfaceForComposites.checkForCycles(CausalityInterfaceForComposites.java:96)
	at ptolemy.domains.de.kernel.DEDirector.preinitialize(DEDirector.java:1338)
	at ptolemy.actor.CompositeActor.preinitialize(CompositeActor.java:1828)
	at ptolemy.actor.Manager.preinitializeAndResolveTypes(Manager.java:1040)
	at ptolemy.actor.Manager.initialize(Manager.java:710)
	at ptolemy.actor.Manager.execute(Manager.java:356)
	at ptolemy.actor.Manager.run(Manager.java:1263)
	at ptolemy.actor.Manager$PtolemyRunThread.run(Manager.java:1933)

    while executing
ptolemy.kernel.util.IllegalActionException: Found a zero delay loop containing .dependencyLoop2.original
  in .dependencyLoop2 and .dependencyLoop2.original
    while executing
"java::new ptolemy.moml.MoMLSimpleApplication $file
"
    (procedure "createAndExecute" line 2)
    invoked from within
"createAndExecute $file"
    ("uplevel" body line 5)
    invoked from within
"uplevel $contents_of_test"
------------------ testing $PTII/ptolemy/domains/de/test/auto/knownFailedTests/DESDFClockTest.xml (Known Failure) 
2048 ms. Memory: 120832K Free: 93205K (77%)


==== $PTIIhome/travis/build/icyphy/ptII/ptolemy/domains/de/test/../../../../: Auto Automatic test in file $PTII/ptolemy/domains/de/test/auto/knownFailedTests/DESDFClockTest.xml
==== Contents of test case:

	    # FIXME: we should use $relativeFilename here, but it
	    # might have backslashes under Windows, which causes no end
	    # of trouble.
	    createAndExecute $file
	    list {}
	
.... Test generated KNOWN error:
    while executing
ptolemy.kernel.util.IllegalActionException: Actor is not ready to fire.  Perhaps UpSample.prefire() returned false? Try debugging the actor by selecting "Listen to Actor".  Also, for SDF check moml for tokenConsumptionRate on input.
  in .DESDFClockTest.Play Bell.Copy1:SDF Director and .DESDFClockTest.Play Bell.UpSample
	at ptolemy.actor.sched.StaticSchedulingDirector.fire(StaticSchedulingDirector.java:227)
	at ptolemy.domains.sdf.kernel.SDFDirector.fire(SDFDirector.java:500)
	at ptolemy.actor.CompositeActor.fire(CompositeActor.java:455)
	at ptolemy.domains.de.kernel.DEDirector._fire(DEDirector.java:1949)
	at ptolemy.domains.de.kernel.DEDirector.fire(DEDirector.java:502)
	at ptolemy.actor.CompositeActor.fire(CompositeActor.java:455)
	at ptolemy.actor.Manager.iterate(Manager.java:851)
	at ptolemy.actor.Manager.execute(Manager.java:369)
	at ptolemy.actor.Manager.run(Manager.java:1263)
	at ptolemy.actor.Manager$PtolemyRunThread.run(Manager.java:1933)

    while executing
ptolemy.kernel.util.IllegalActionException: Actor is not ready to fire.  Perhaps UpSample.prefire() returned false? Try debugging the actor by selecting "Listen to Actor".  Also, for SDF check moml for tokenConsumptionRate on input.
  in .DESDFClockTest.Play Bell.Copy1:SDF Director and .DESDFClockTest.Play Bell.UpSample
    while executing
"java::new ptolemy.moml.MoMLSimpleApplication $file
"
    (procedure "createAndExecute" line 2)
    invoked from within
"createAndExecute $file"
    ("uplevel" body line 5)
    invoked from within
"uplevel $contents_of_test"
------------------ testing $PTII/ptolemy/domains/de/test/auto/ActorDepthCalculation_actorWithoutPorts.xml
auto.tcl: Setting watchdog for 200 seconds at Sat Sep 21 05:42:41 UTC 2019
5 ms. Memory: 120832K Free: 86354K (71%)
ptolemy.util.test.WatchDog.cancel(): canceling Sat Sep 21 05:42:41 UTC 2019
auto.tcl: Setting watchdog for 200 seconds at Sat Sep 21 05:42:41 UTC 2019
5 ms. Memory: 120832K Free: 84701K (70%)
ptolemy.util.test.WatchDog.cancel(): canceling Sat Sep 21 05:42:41 UTC 2019
------------------ testing $PTII/ptolemy/domains/de/test/auto/AssemblyLine.xml
auto.tcl: Setting watchdog for 200 seconds at Sat Sep 21 05:42:42 UTC 2019
9 ms. Memory: 48128K Free: 26018K (54%)
ptolemy.util.test.WatchDog.cancel(): canceling Sat Sep 21 05:42:42 UTC 2019
auto.tcl: Setting watchdog for 200 seconds at Sat Sep 21 05:42:42 UTC 2019
15 ms. Memory: 48128K Free: 25339K (53%)
ptolemy.util.test.WatchDog.cancel(): canceling Sat Sep 21 05:42:42 UTC 2019
------------------ testing $PTII/ptolemy/domains/de/test/auto/CQBug1.xml
auto.tcl: Setting watchdog for 200 seconds at Sat Sep 21 05:42:42 UTC 2019
3 ms. Memory: 48128K Free: 31483K (65%)
ptolemy.util.test.WatchDog.cancel(): canceling Sat Sep 21 05:42:42 UTC 2019
auto.tcl: Setting watchdog for 200 seconds at Sat Sep 21 05:42:42 UTC 2019
2 ms. Memory: 48128K Free: 31043K (65%)
ptolemy.util.test.WatchDog.cancel(): canceling Sat Sep 21 05:42:42 UTC 2019
------------------ testing $PTII/ptolemy/domains/de/test/auto/CancelFireAt.xml
auto.tcl: Setting watchdog for 200 seconds at Sat Sep 21 05:42:42 UTC 2019
3 ms. Memory: 48128K Free: 32727K (68%)
ptolemy.util.test.WatchDog.cancel(): canceling Sat Sep 21 05:42:42 UTC 2019
auto.tcl: Setting watchdog for 200 seconds at Sat Sep 21 05:42:42 UTC 2019
3 ms. Memory: 48128K Free: 32295K (67%)
ptolemy.util.test.WatchDog.cancel(): canceling Sat Sep 21 05:42:42 UTC 2019
------------------ testing $PTII/ptolemy/domains/de/test/auto/CausalityAndComposabilityAnalysis.xml
auto.tcl: Setting watchdog for 200 seconds at Sat Sep 21 05:42:42 UTC 2019
7 ms. Memory: 48128K Free: 30441K (63%)
ptolemy.util.test.WatchDog.cancel(): canceling Sat Sep 21 05:42:42 UTC 2019
auto.tcl: Setting watchdog for 200 seconds at Sat Sep 21 05:42:42 UTC 2019
7 ms. Memory: 48128K Free: 29992K (62%)
ptolemy.util.test.WatchDog.cancel(): canceling Sat Sep 21 05:42:42 UTC 2019
------------------ testing $PTII/ptolemy/domains/de/test/auto/CausalityInterface1.xml
auto.tcl: Setting watchdog for 200 seconds at Sat Sep 21 05:42:42 UTC 2019
39 ms. Memory: 48128K Free: 29425K (61%)
ptolemy.util.test.WatchDog.cancel(): canceling Sat Sep 21 05:42:42 UTC 2019
auto.tcl: Setting watchdog for 200 seconds at Sat Sep 21 05:42:42 UTC 2019
4 ms. Memory: 48128K Free: 28438K (59%)
ptolemy.util.test.WatchDog.cancel(): canceling Sat Sep 21 05:42:42 UTC 2019
------------------ testing $PTII/ptolemy/domains/de/test/auto/CausalityInterface15.xml
auto.tcl: Setting watchdog for 200 seconds at Sat Sep 21 05:42:42 UTC 2019
5 ms. Memory: 48128K Free: 29609K (62%)
ptolemy.util.test.WatchDog.cancel(): canceling Sat Sep 21 05:42:42 UTC 2019
auto.tcl: Setting watchdog for 200 seconds at Sat Sep 21 05:42:42 UTC 2019
5 ms. Memory: 48128K Free: 28420K (59%)
ptolemy.util.test.WatchDog.cancel(): canceling Sat Sep 21 05:42:42 UTC 2019
------------------ testing $PTII/ptolemy/domains/de/test/auto/CausalityInterface2.xml
auto.tcl: Setting watchdog for 200 seconds at Sat Sep 21 05:42:42 UTC 2019
5 ms. Memory: 48128K Free: 30090K (63%)
ptolemy.util.test.WatchDog.cancel(): canceling Sat Sep 21 05:42:42 UTC 2019
auto.tcl: Setting watchdog for 200 seconds at Sat Sep 21 05:42:42 UTC 2019
3 ms. Memory: 48128K Free: 28950K (60%)
ptolemy.util.test.WatchDog.cancel(): canceling Sat Sep 21 05:42:42 UTC 2019
------------------ testing $PTII/ptolemy/domains/de/test/auto/CausalityInterface3.xml
auto.tcl: Setting watchdog for 200 seconds at Sat Sep 21 05:42:42 UTC 2019
3 ms. Memory: 48128K Free: 29620K (62%)
ptolemy.util.test.WatchDog.cancel(): canceling Sat Sep 21 05:42:42 UTC 2019
auto.tcl: Setting watchdog for 200 seconds at Sat Sep 21 05:42:42 UTC 2019
3 ms. Memory: 48128K Free: 28833K (60%)
ptolemy.util.test.WatchDog.cancel(): canceling Sat Sep 21 05:42:43 UTC 2019
------------------ testing $PTII/ptolemy/domains/de/test/auto/ClockDrift.xml
auto.tcl: Setting watchdog for 200 seconds at Sat Sep 21 05:42:43 UTC 2019
89 ms. Memory: 48128K Free: 22205K (46%)
ptolemy.util.test.WatchDog.cancel(): canceling Sat Sep 21 05:42:43 UTC 2019
auto.tcl: Setting watchdog for 200 seconds at Sat Sep 21 05:42:43 UTC 2019
35 ms. Memory: 48128K Free: 19190K (40%)
ptolemy.util.test.WatchDog.cancel(): canceling Sat Sep 21 05:42:43 UTC 2019
------------------ testing $PTII/ptolemy/domains/de/test/auto/ClockDriftAndValueChange.xml
auto.tcl: Setting watchdog for 200 seconds at Sat Sep 21 05:42:43 UTC 2019
51 ms. Memory: 48128K Free: 22288K (46%)
ptolemy.util.test.WatchDog.cancel(): canceling Sat Sep 21 05:42:43 UTC 2019
auto.tcl: Setting watchdog for 200 seconds at Sat Sep 21 05:42:43 UTC 2019
24 ms. Memory: 48128K Free: 19453K (40%)
ptolemy.util.test.WatchDog.cancel(): canceling Sat Sep 21 05:42:43 UTC 2019
------------------ testing $PTII/ptolemy/domains/de/test/auto/ClockDriftChange.xml
auto.tcl: Setting watchdog for 200 seconds at Sat Sep 21 05:42:43 UTC 2019
20 ms. Memory: 48128K Free: 24335K (51%)
ptolemy.util.test.WatchDog.cancel(): canceling Sat Sep 21 05:42:43 UTC 2019
auto.tcl: Setting watchdog for 200 seconds at Sat Sep 21 05:42:43 UTC 2019
22 ms. Memory: 48128K Free: 21757K (45%)
ptolemy.util.test.WatchDog.cancel(): canceling Sat Sep 21 05:42:43 UTC 2019
------------------ testing $PTII/ptolemy/domains/de/test/auto/ComposableCausalityAnalysis.xml
auto.tcl: Setting watchdog for 200 seconds at Sat Sep 21 05:42:43 UTC 2019
2 ms. Memory: 48128K Free: 28898K (60%)
ptolemy.util.test.WatchDog.cancel(): canceling Sat Sep 21 05:42:43 UTC 2019
auto.tcl: Setting watchdog for 200 seconds at Sat Sep 21 05:42:43 UTC 2019
3 ms. Memory: 48128K Free: 27850K (58%)
ptolemy.util.test.WatchDog.cancel(): canceling Sat Sep 21 05:42:43 UTC 2019
------------------ testing $PTII/ptolemy/domains/de/test/auto/DEFixedPointLimitation.xml
auto.tcl: Setting watchdog for 200 seconds at Sat Sep 21 05:42:43 UTC 2019
4 ms. Memory: 48128K Free: 30315K (63%)
ptolemy.util.test.WatchDog.cancel(): canceling Sat Sep 21 05:42:43 UTC 2019
auto.tcl: Setting watchdog for 200 seconds at Sat Sep 21 05:42:43 UTC 2019
1 ms. Memory: 48128K Free: 29399K (61%)
ptolemy.util.test.WatchDog.cancel(): canceling Sat Sep 21 05:42:43 UTC 2019
------------------ testing $PTII/ptolemy/domains/de/test/auto/DEScheduleTest.xml
auto.tcl: Setting watchdog for 200 seconds at Sat Sep 21 05:42:43 UTC 2019
4 ms. Memory: 48128K Free: 30632K (64%)
ptolemy.util.test.WatchDog.cancel(): canceling Sat Sep 21 05:42:43 UTC 2019
auto.tcl: Setting watchdog for 200 seconds at Sat Sep 21 05:42:43 UTC 2019
3 ms. Memory: 48128K Free: 29845K (62%)
ptolemy.util.test.WatchDog.cancel(): canceling Sat Sep 21 05:42:43 UTC 2019
------------------ testing $PTII/ptolemy/domains/de/test/auto/DEinDEwithStartTimes.xml
auto.tcl: Setting watchdog for 200 seconds at Sat Sep 21 05:42:43 UTC 2019
4 ms. Memory: 48128K Free: 28772K (60%)
ptolemy.util.test.WatchDog.cancel(): canceling Sat Sep 21 05:42:43 UTC 2019
auto.tcl: Setting watchdog for 200 seconds at Sat Sep 21 05:42:43 UTC 2019
7 ms. Memory: 48128K Free: 27748K (58%)
ptolemy.util.test.WatchDog.cancel(): canceling Sat Sep 21 05:42:43 UTC 2019
------------------ testing $PTII/ptolemy/domains/de/test/auto/DEinDEwithStartTimes2.xml
auto.tcl: Setting watchdog for 200 seconds at Sat Sep 21 05:42:43 UTC 2019
5 ms. Memory: 48128K Free: 27973K (58%)
ptolemy.util.test.WatchDog.cancel(): canceling Sat Sep 21 05:42:43 UTC 2019
auto.tcl: Setting watchdog for 200 seconds at Sat Sep 21 05:42:43 UTC 2019
7 ms. Memory: 48128K Free: 26703K (55%)
ptolemy.util.test.WatchDog.cancel(): canceling Sat Sep 21 05:42:43 UTC 2019
------------------ testing $PTII/ptolemy/domains/de/test/auto/DateDemo.xml
auto.tcl: Setting watchdog for 200 seconds at Sat Sep 21 05:42:43 UTC 2019
17 ms. Memory: 48128K Free: 22346K (46%)
ptolemy.util.test.WatchDog.cancel(): canceling Sat Sep 21 05:42:44 UTC 2019
auto.tcl: Setting watchdog for 200 seconds at Sat Sep 21 05:42:44 UTC 2019
11 ms. Memory: 48128K Free: 20768K (43%)
ptolemy.util.test.WatchDog.cancel(): canceling Sat Sep 21 05:42:44 UTC 2019
------------------ testing $PTII/ptolemy/domains/de/test/auto/DateToEvent.xml
auto.tcl: Setting watchdog for 200 seconds at Sat Sep 21 05:42:44 UTC 2019
2013 ms. Memory: 48128K Free: 18263K (38%)
ptolemy.util.test.WatchDog.cancel(): canceling Sat Sep 21 05:42:46 UTC 2019
auto.tcl: Setting watchdog for 200 seconds at Sat Sep 21 05:42:46 UTC 2019
2007 ms. Memory: 48128K Free: 17456K (36%)
ptolemy.util.test.WatchDog.cancel(): canceling Sat Sep 21 05:42:48 UTC 2019
------------------ testing $PTII/ptolemy/domains/de/test/auto/DepthTest1.xml
auto.tcl: Setting watchdog for 200 seconds at Sat Sep 21 05:42:48 UTC 2019
8 ms. Memory: 48128K Free: 31412K (65%)
ptolemy.util.test.WatchDog.cancel(): canceling Sat Sep 21 05:42:48 UTC 2019
auto.tcl: Setting watchdog for 200 seconds at Sat Sep 21 05:42:48 UTC 2019
1 ms. Memory: 48128K Free: 30963K (64%)
ptolemy.util.test.WatchDog.cancel(): canceling Sat Sep 21 05:42:48 UTC 2019
------------------ testing $PTII/ptolemy/domains/de/test/auto/DepthTest2.xml
auto.tcl: Setting watchdog for 200 seconds at Sat Sep 21 05:42:48 UTC 2019
4 ms. Memory: 48128K Free: 28269K (59%)
ptolemy.util.test.WatchDog.cancel(): canceling Sat Sep 21 05:42:48 UTC 2019
auto.tcl: Setting watchdog for 200 seconds at Sat Sep 21 05:42:48 UTC 2019
3 ms. Memory: 48128K Free: 27828K (58%)
ptolemy.util.test.WatchDog.cancel(): canceling Sat Sep 21 05:42:48 UTC 2019
------------------ testing $PTII/ptolemy/domains/de/test/auto/DepthTest3.xml
auto.tcl: Setting watchdog for 200 seconds at Sat Sep 21 05:42:48 UTC 2019
3 ms. Memory: 48128K Free: 31779K (66%)
ptolemy.util.test.WatchDog.cancel(): canceling Sat Sep 21 05:42:48 UTC 2019
auto.tcl: Setting watchdog for 200 seconds at Sat Sep 21 05:42:48 UTC 2019
2 ms. Memory: 48128K Free: 31311K (65%)
ptolemy.util.test.WatchDog.cancel(): canceling Sat Sep 21 05:42:48 UTC 2019
------------------ testing $PTII/ptolemy/domains/de/test/auto/DepthTest4.xml
auto.tcl: Setting watchdog for 200 seconds at Sat Sep 21 05:42:48 UTC 2019
6 ms. Memory: 48128K Free: 30090K (63%)
ptolemy.util.test.WatchDog.cancel(): canceling Sat Sep 21 05:42:48 UTC 2019
auto.tcl: Setting watchdog for 200 seconds at Sat Sep 21 05:42:48 UTC 2019
3 ms. Memory: 48128K Free: 29353K (61%)
ptolemy.util.test.WatchDog.cancel(): canceling Sat Sep 21 05:42:48 UTC 2019
------------------ testing $PTII/ptolemy/domains/de/test/auto/DepthTest5.xml
auto.tcl: Setting watchdog for 200 seconds at Sat Sep 21 05:42:48 UTC 2019
16 ms. Memory: 48128K Free: 29216K (61%)
ptolemy.util.test.WatchDog.cancel(): canceling Sat Sep 21 05:42:48 UTC 2019
auto.tcl: Setting watchdog for 200 seconds at Sat Sep 21 05:42:48 UTC 2019
3 ms. Memory: 48128K Free: 28818K (60%)
ptolemy.util.test.WatchDog.cancel(): canceling Sat Sep 21 05:42:48 UTC 2019
------------------ testing $PTII/ptolemy/domains/de/test/auto/DepthTest6.xml
auto.tcl: Setting watchdog for 200 seconds at Sat Sep 21 05:42:48 UTC 2019
5 ms. Memory: 48128K Free: 29189K (61%)
ptolemy.util.test.WatchDog.cancel(): canceling Sat Sep 21 05:42:48 UTC 2019
auto.tcl: Setting watchdog for 200 seconds at Sat Sep 21 05:42:48 UTC 2019
2 ms. Memory: 48128K Free: 28774K (60%)
ptolemy.util.test.WatchDog.cancel(): canceling Sat Sep 21 05:42:48 UTC 2019
------------------ testing $PTII/ptolemy/domains/de/test/auto/DepthTest7.xml
auto.tcl: Setting watchdog for 200 seconds at Sat Sep 21 05:42:48 UTC 2019
3 ms. Memory: 48128K Free: 30017K (62%)
ptolemy.util.test.WatchDog.cancel(): canceling Sat Sep 21 05:42:48 UTC 2019
auto.tcl: Setting watchdog for 200 seconds at Sat Sep 21 05:42:48 UTC 2019
2 ms. Memory: 48128K Free: 29302K (61%)
ptolemy.util.test.WatchDog.cancel(): canceling Sat Sep 21 05:42:48 UTC 2019
------------------ testing $PTII/ptolemy/domains/de/test/auto/EventToDate.xml
auto.tcl: Setting watchdog for 200 seconds at Sat Sep 21 05:42:48 UTC 2019
3013 ms. Memory: 48128K Free: 20523K (43%)
ptolemy.util.test.WatchDog.cancel(): canceling Sat Sep 21 05:42:51 UTC 2019
auto.tcl: Setting watchdog for 200 seconds at Sat Sep 21 05:42:51 UTC 2019
3004 ms. Memory: 48128K Free: 20090K (42%)
ptolemy.util.test.WatchDog.cancel(): canceling Sat Sep 21 05:42:54 UTC 2019
------------------ testing $PTII/ptolemy/domains/de/test/auto/FSM1.xml
auto.tcl: Setting watchdog for 200 seconds at Sat Sep 21 05:42:55 UTC 2019
20 ms. Memory: 48128K Free: 22009K (46%)
ptolemy.util.test.WatchDog.cancel(): canceling Sat Sep 21 05:42:55 UTC 2019
auto.tcl: Setting watchdog for 200 seconds at Sat Sep 21 05:42:55 UTC 2019
26 ms. Memory: 48128K Free: 18746K (39%)
ptolemy.util.test.WatchDog.cancel(): canceling Sat Sep 21 05:42:55 UTC 2019
------------------ testing $PTII/ptolemy/domains/de/test/auto/FSM7.xml
auto.tcl: Setting watchdog for 200 seconds at Sat Sep 21 05:42:55 UTC 2019
29 ms. Memory: 48128K Free: 21708K (45%)
ptolemy.util.test.WatchDog.cancel(): canceling Sat Sep 21 05:42:55 UTC 2019
auto.tcl: Setting watchdog for 200 seconds at Sat Sep 21 05:42:55 UTC 2019
27 ms. Memory: 48128K Free: 18544K (39%)
ptolemy.util.test.WatchDog.cancel(): canceling Sat Sep 21 05:42:55 UTC 2019
------------------ testing $PTII/ptolemy/domains/de/test/auto/Inspection.xml
auto.tcl: Setting watchdog for 200 seconds at Sat Sep 21 05:42:55 UTC 2019
39 ms. Memory: 48128K Free: 21694K (45%)
ptolemy.util.test.WatchDog.cancel(): canceling Sat Sep 21 05:42:55 UTC 2019
auto.tcl: Setting watchdog for 200 seconds at Sat Sep 21 05:42:55 UTC 2019
27 ms. Memory: 48128K Free: 19984K (42%)
ptolemy.util.test.WatchDog.cancel(): canceling Sat Sep 21 05:42:55 UTC 2019
------------------ testing $PTII/ptolemy/domains/de/test/auto/Iteration.xml
auto.tcl: Setting watchdog for 200 seconds at Sat Sep 21 05:42:55 UTC 2019
9 ms. Memory: 48128K Free: 27469K (57%)
ptolemy.util.test.WatchDog.cancel(): canceling Sat Sep 21 05:42:55 UTC 2019
auto.tcl: Setting watchdog for 200 seconds at Sat Sep 21 05:42:55 UTC 2019
6 ms. Memory: 48128K Free: 26039K (54%)
ptolemy.util.test.WatchDog.cancel(): canceling Sat Sep 21 05:42:55 UTC 2019
------------------ testing $PTII/ptolemy/domains/de/test/auto/LineFault.xml
auto.tcl: Setting watchdog for 200 seconds at Sat Sep 21 05:42:55 UTC 2019
704 ms. Memory: 58368K Free: 32932K (56%)
ptolemy.util.test.WatchDog.cancel(): canceling Sat Sep 21 05:42:56 UTC 2019
auto.tcl: Setting watchdog for 200 seconds at Sat Sep 21 05:42:56 UTC 2019
576 ms. Memory: 58368K Free: 37363K (64%)
ptolemy.util.test.WatchDog.cancel(): canceling Sat Sep 21 05:42:57 UTC 2019
------------------ testing $PTII/ptolemy/domains/de/test/auto/MergeModel1Add.xml
auto.tcl: Setting watchdog for 200 seconds at Sat Sep 21 05:42:57 UTC 2019
31 ms. Memory: 51200K Free: 16502K (32%)
ptolemy.util.test.WatchDog.cancel(): canceling Sat Sep 21 05:42:57 UTC 2019
auto.tcl: Setting watchdog for 200 seconds at Sat Sep 21 05:42:57 UTC 2019
19 ms. Memory: 51200K Free: 14852K (29%)
ptolemy.util.test.WatchDog.cancel(): canceling Sat Sep 21 05:42:57 UTC 2019
------------------ testing $PTII/ptolemy/domains/de/test/auto/MergeModel2Add.xml
auto.tcl: Setting watchdog for 200 seconds at Sat Sep 21 05:42:57 UTC 2019
11 ms. Memory: 51200K Free: 18266K (36%)
ptolemy.util.test.WatchDog.cancel(): canceling Sat Sep 21 05:42:57 UTC 2019
auto.tcl: Setting watchdog for 200 seconds at Sat Sep 21 05:42:57 UTC 2019
11 ms. Memory: 51200K Free: 16577K (32%)
ptolemy.util.test.WatchDog.cancel(): canceling Sat Sep 21 05:42:57 UTC 2019
------------------ testing $PTII/ptolemy/domains/de/test/auto/MergeModel3Add.xml
auto.tcl: Setting watchdog for 200 seconds at Sat Sep 21 05:42:57 UTC 2019
8 ms. Memory: 48128K Free: 15095K (31%)
ptolemy.util.test.WatchDog.cancel(): canceling Sat Sep 21 05:42:57 UTC 2019
auto.tcl: Setting watchdog for 200 seconds at Sat Sep 21 05:42:57 UTC 2019
8 ms. Memory: 48128K Free: 13668K (28%)
ptolemy.util.test.WatchDog.cancel(): canceling Sat Sep 21 05:42:57 UTC 2019
------------------ testing $PTII/ptolemy/domains/de/test/auto/MergeWithoutDiscard.xml
auto.tcl: Setting watchdog for 200 seconds at Sat Sep 21 05:42:57 UTC 2019
2 ms. Memory: 48128K Free: 29974K (62%)
ptolemy.util.test.WatchDog.cancel(): canceling Sat Sep 21 05:42:57 UTC 2019
auto.tcl: Setting watchdog for 200 seconds at Sat Sep 21 05:42:57 UTC 2019
2 ms. Memory: 48128K Free: 29072K (60%)
ptolemy.util.test.WatchDog.cancel(): canceling Sat Sep 21 05:42:57 UTC 2019
------------------ testing $PTII/ptolemy/domains/de/test/auto/Modal1.xml
auto.tcl: Setting watchdog for 200 seconds at Sat Sep 21 05:42:57 UTC 2019
12 ms. Memory: 48128K Free: 21798K (45%)
ptolemy.util.test.WatchDog.cancel(): canceling Sat Sep 21 05:42:57 UTC 2019
auto.tcl: Setting watchdog for 200 seconds at Sat Sep 21 05:42:57 UTC 2019
13 ms. Memory: 48128K Free: 18544K (39%)
ptolemy.util.test.WatchDog.cancel(): canceling Sat Sep 21 05:42:57 UTC 2019
------------------ testing $PTII/ptolemy/domains/de/test/auto/Modal2.xml
auto.tcl: Setting watchdog for 200 seconds at Sat Sep 21 05:42:57 UTC 2019
18 ms. Memory: 48128K Free: 21700K (45%)
ptolemy.util.test.WatchDog.cancel(): canceling Sat Sep 21 05:42:57 UTC 2019
auto.tcl: Setting watchdog for 200 seconds at Sat Sep 21 05:42:57 UTC 2019
21 ms. Memory: 48128K Free: 18458K (38%)
ptolemy.util.test.WatchDog.cancel(): canceling Sat Sep 21 05:42:57 UTC 2019
------------------ testing $PTII/ptolemy/domains/de/test/auto/Modal3.xml
auto.tcl: Setting watchdog for 200 seconds at Sat Sep 21 05:42:58 UTC 2019
11 ms. Memory: 48128K Free: 21402K (44%)
ptolemy.util.test.WatchDog.cancel(): canceling Sat Sep 21 05:42:58 UTC 2019
auto.tcl: Setting watchdog for 200 seconds at Sat Sep 21 05:42:58 UTC 2019
13 ms. Memory: 48128K Free: 18460K (38%)
ptolemy.util.test.WatchDog.cancel(): canceling Sat Sep 21 05:42:58 UTC 2019
------------------ testing $PTII/ptolemy/domains/de/test/auto/Modal4.xml
auto.tcl: Setting watchdog for 200 seconds at Sat Sep 21 05:42:58 UTC 2019
30 ms. Memory: 48128K Free: 20671K (43%)
ptolemy.util.test.WatchDog.cancel(): canceling Sat Sep 21 05:42:58 UTC 2019
auto.tcl: Setting watchdog for 200 seconds at Sat Sep 21 05:42:58 UTC 2019
22 ms. Memory: 48128K Free: 16833K (35%)
ptolemy.util.test.WatchDog.cancel(): canceling Sat Sep 21 05:42:58 UTC 2019
------------------ testing $PTII/ptolemy/domains/de/test/auto/Modal5.xml
auto.tcl: Setting watchdog for 200 seconds at Sat Sep 21 05:42:58 UTC 2019
11 ms. Memory: 48128K Free: 20627K (43%)
ptolemy.util.test.WatchDog.cancel(): canceling Sat Sep 21 05:42:58 UTC 2019
auto.tcl: Setting watchdog for 200 seconds at Sat Sep 21 05:42:58 UTC 2019
13 ms. Memory: 48128K Free: 16819K (35%)
ptolemy.util.test.WatchDog.cancel(): canceling Sat Sep 21 05:42:58 UTC 2019
------------------ testing $PTII/ptolemy/domains/de/test/auto/Modal6.xml
auto.tcl: Setting watchdog for 200 seconds at Sat Sep 21 05:42:58 UTC 2019
19 ms. Memory: 48128K Free: 21409K (44%)
ptolemy.util.test.WatchDog.cancel(): canceling Sat Sep 21 05:42:58 UTC 2019
auto.tcl: Setting watchdog for 200 seconds at Sat Sep 21 05:42:58 UTC 2019
16 ms. Memory: 48128K Free: 17432K (36%)
ptolemy.util.test.WatchDog.cancel(): canceling Sat Sep 21 05:42:58 UTC 2019
------------------ testing $PTII/ptolemy/domains/de/test/auto/Modal7.xml
auto.tcl: Setting watchdog for 200 seconds at Sat Sep 21 05:42:58 UTC 2019
17 ms. Memory: 48128K Free: 20370K (42%)
ptolemy.util.test.WatchDog.cancel(): canceling Sat Sep 21 05:42:58 UTC 2019
auto.tcl: Setting watchdog for 200 seconds at Sat Sep 21 05:42:58 UTC 2019
10 ms. Memory: 48128K Free: 16818K (35%)
ptolemy.util.test.WatchDog.cancel(): canceling Sat Sep 21 05:42:58 UTC 2019
------------------ testing $PTII/ptolemy/domains/de/test/auto/ModalModel.xml
auto.tcl: Setting watchdog for 200 seconds at Sat Sep 21 05:42:58 UTC 2019
200 ms. Memory: 58368K Free: 24418K (42%)
ptolemy.util.test.WatchDog.cancel(): canceling Sat Sep 21 05:42:58 UTC 2019
auto.tcl: Setting watchdog for 200 seconds at Sat Sep 21 05:42:58 UTC 2019
192 ms. Memory: 58368K Free: 24270K (42%)
ptolemy.util.test.WatchDog.cancel(): canceling Sat Sep 21 05:42:59 UTC 2019
------------------ testing $PTII/ptolemy/domains/de/test/auto/ModalSource.xml
auto.tcl: Setting watchdog for 200 seconds at Sat Sep 21 05:42:59 UTC 2019
10 ms. Memory: 51200K Free: 28548K (56%)
ptolemy.util.test.WatchDog.cancel(): canceling Sat Sep 21 05:42:59 UTC 2019
auto.tcl: Setting watchdog for 200 seconds at Sat Sep 21 05:42:59 UTC 2019
5 ms. Memory: 51200K Free: 26604K (52%)
ptolemy.util.test.WatchDog.cancel(): canceling Sat Sep 21 05:42:59 UTC 2019
------------------ testing $PTII/ptolemy/domains/de/test/auto/NonInterruptibleTimerZeroDelay.xml
auto.tcl: Setting watchdog for 200 seconds at Sat Sep 21 05:42:59 UTC 2019
4 ms. Memory: 51200K Free: 33399K (65%)
ptolemy.util.test.WatchDog.cancel(): canceling Sat Sep 21 05:42:59 UTC 2019
auto.tcl: Setting watchdog for 200 seconds at Sat Sep 21 05:42:59 UTC 2019
2 ms. Memory: 51200K Free: 32823K (64%)
ptolemy.util.test.WatchDog.cancel(): canceling Sat Sep 21 05:42:59 UTC 2019
------------------ testing $PTII/ptolemy/domains/de/test/auto/OpenQueueingNetwork.xml
auto.tcl: Setting watchdog for 200 seconds at Sat Sep 21 05:42:59 UTC 2019
2978 ms. Memory: 110592K Free: 88333K (80%)
ptolemy.util.test.WatchDog.cancel(): canceling Sat Sep 21 05:43:02 UTC 2019
auto.tcl: Setting watchdog for 200 seconds at Sat Sep 21 05:43:02 UTC 2019
2726 ms. Memory: 137216K Free: 54107K (39%)
ptolemy.util.test.WatchDog.cancel(): canceling Sat Sep 21 05:43:05 UTC 2019
------------------ testing $PTII/ptolemy/domains/de/test/auto/OpenQueuingNetwork.xml
auto.tcl: Setting watchdog for 200 seconds at Sat Sep 21 05:43:05 UTC 2019
273 ms. Memory: 51200K Free: 18398K (36%)
ptolemy.util.test.WatchDog.cancel(): canceling Sat Sep 21 05:43:05 UTC 2019
auto.tcl: Setting watchdog for 200 seconds at Sat Sep 21 05:43:05 UTC 2019
265 ms. Memory: 51200K Free: 24450K (48%)
ptolemy.util.test.WatchDog.cancel(): canceling Sat Sep 21 05:43:05 UTC 2019
------------------ testing $PTII/ptolemy/domains/de/test/auto/PeriodicSampler.xml
auto.tcl: Setting watchdog for 200 seconds at Sat Sep 21 05:43:05 UTC 2019
4 ms. Memory: 51200K Free: 32699K (64%)
ptolemy.util.test.WatchDog.cancel(): canceling Sat Sep 21 05:43:05 UTC 2019
auto.tcl: Setting watchdog for 200 seconds at Sat Sep 21 05:43:05 UTC 2019
3 ms. Memory: 51200K Free: 31762K (62%)
ptolemy.util.test.WatchDog.cancel(): canceling Sat Sep 21 05:43:05 UTC 2019
------------------ testing $PTII/ptolemy/domains/de/test/auto/PersistentIO.xml
auto.tcl: Setting watchdog for 200 seconds at Sat Sep 21 05:43:05 UTC 2019
17 ms. Memory: 48128K Free: 24566K (51%)
ptolemy.util.test.WatchDog.cancel(): canceling Sat Sep 21 05:43:05 UTC 2019
auto.tcl: Setting watchdog for 200 seconds at Sat Sep 21 05:43:05 UTC 2019
5 ms. Memory: 48128K Free: 23137K (48%)
ptolemy.util.test.WatchDog.cancel(): canceling Sat Sep 21 05:43:05 UTC 2019
------------------ testing $PTII/ptolemy/domains/de/test/auto/PortParameterResetOnInitialize.xml
auto.tcl: Setting watchdog for 200 seconds at Sat Sep 21 05:43:06 UTC 2019
9 ms. Memory: 48128K Free: 29520K (61%)
ptolemy.util.test.WatchDog.cancel(): canceling Sat Sep 21 05:43:06 UTC 2019
auto.tcl: Setting watchdog for 200 seconds at Sat Sep 21 05:43:06 UTC 2019
2 ms. Memory: 48128K Free: 29061K (60%)
ptolemy.util.test.WatchDog.cancel(): canceling Sat Sep 21 05:43:06 UTC 2019
------------------ testing $PTII/ptolemy/domains/de/test/auto/PortParameterUpdates.xml
auto.tcl: Setting watchdog for 200 seconds at Sat Sep 21 05:43:06 UTC 2019
4 ms. Memory: 48128K Free: 27880K (58%)
ptolemy.util.test.WatchDog.cancel(): canceling Sat Sep 21 05:43:06 UTC 2019
auto.tcl: Setting watchdog for 200 seconds at Sat Sep 21 05:43:06 UTC 2019
3 ms. Memory: 48128K Free: 26676K (55%)
ptolemy.util.test.WatchDog.cancel(): canceling Sat Sep 21 05:43:06 UTC 2019
------------------ testing $PTII/ptolemy/domains/de/test/auto/QueueAndServer.xml
auto.tcl: Setting watchdog for 200 seconds at Sat Sep 21 05:43:06 UTC 2019
7 ms. Memory: 48128K Free: 26554K (55%)
ptolemy.util.test.WatchDog.cancel(): canceling Sat Sep 21 05:43:06 UTC 2019
auto.tcl: Setting watchdog for 200 seconds at Sat Sep 21 05:43:06 UTC 2019
7 ms. Memory: 48128K Free: 25137K (52%)
ptolemy.util.test.WatchDog.cancel(): canceling Sat Sep 21 05:43:06 UTC 2019
------------------ testing $PTII/ptolemy/domains/de/test/auto/Records.xml
auto.tcl: Setting watchdog for 200 seconds at Sat Sep 21 05:43:06 UTC 2019
3 ms. Memory: 48128K Free: 29110K (60%)
ptolemy.util.test.WatchDog.cancel(): canceling Sat Sep 21 05:43:06 UTC 2019
auto.tcl: Setting watchdog for 200 seconds at Sat Sep 21 05:43:06 UTC 2019
2 ms. Memory: 48128K Free: 28621K (59%)
ptolemy.util.test.WatchDog.cancel(): canceling Sat Sep 21 05:43:06 UTC 2019
------------------ testing $PTII/ptolemy/domains/de/test/auto/ResetTransitionWithStartTime1.xml
auto.tcl: Setting watchdog for 200 seconds at Sat Sep 21 05:43:06 UTC 2019
6 ms. Memory: 48128K Free: 26189K (54%)
ptolemy.util.test.WatchDog.cancel(): canceling Sat Sep 21 05:43:06 UTC 2019
auto.tcl: Setting watchdog for 200 seconds at Sat Sep 21 05:43:06 UTC 2019
5 ms. Memory: 48128K Free: 23988K (50%)
ptolemy.util.test.WatchDog.cancel(): canceling Sat Sep 21 05:43:06 UTC 2019
------------------ testing $PTII/ptolemy/domains/de/test/auto/ResetTransitionWithStartTime2.xml
auto.tcl: Setting watchdog for 200 seconds at Sat Sep 21 05:43:06 UTC 2019
5 ms. Memory: 48128K Free: 26136K (54%)
ptolemy.util.test.WatchDog.cancel(): canceling Sat Sep 21 05:43:06 UTC 2019
auto.tcl: Setting watchdog for 200 seconds at Sat Sep 21 05:43:06 UTC 2019
6 ms. Memory: 48128K Free: 23943K (50%)
ptolemy.util.test.WatchDog.cancel(): canceling Sat Sep 21 05:43:06 UTC 2019
------------------ testing $PTII/ptolemy/domains/de/test/auto/ResetTransitionWithStartTime3.xml
auto.tcl: Setting watchdog for 200 seconds at Sat Sep 21 05:43:06 UTC 2019
11 ms. Memory: 48128K Free: 25990K (54%)
ptolemy.util.test.WatchDog.cancel(): canceling Sat Sep 21 05:43:06 UTC 2019
auto.tcl: Setting watchdog for 200 seconds at Sat Sep 21 05:43:06 UTC 2019
7 ms. Memory: 48128K Free: 23466K (49%)
ptolemy.util.test.WatchDog.cancel(): canceling Sat Sep 21 05:43:06 UTC 2019
------------------ testing $PTII/ptolemy/domains/de/test/auto/ResetTransitionWithStartTime4.xml
auto.tcl: Setting watchdog for 200 seconds at Sat Sep 21 05:43:06 UTC 2019
8 ms. Memory: 48128K Free: 26706K (55%)
ptolemy.util.test.WatchDog.cancel(): canceling Sat Sep 21 05:43:06 UTC 2019
auto.tcl: Setting watchdog for 200 seconds at Sat Sep 21 05:43:06 UTC 2019
4 ms. Memory: 48128K Free: 25053K (52%)
ptolemy.util.test.WatchDog.cancel(): canceling Sat Sep 21 05:43:06 UTC 2019
------------------ testing $PTII/ptolemy/domains/de/test/auto/ResettableTimer1.xml
auto.tcl: Setting watchdog for 200 seconds at Sat Sep 21 05:43:06 UTC 2019
4 ms. Memory: 48128K Free: 30274K (63%)
ptolemy.util.test.WatchDog.cancel(): canceling Sat Sep 21 05:43:06 UTC 2019
auto.tcl: Setting watchdog for 200 seconds at Sat Sep 21 05:43:06 UTC 2019
2 ms. Memory: 48128K Free: 29178K (61%)
ptolemy.util.test.WatchDog.cancel(): canceling Sat Sep 21 05:43:06 UTC 2019
------------------ testing $PTII/ptolemy/domains/de/test/auto/ResettableTimer2.xml
auto.tcl: Setting watchdog for 200 seconds at Sat Sep 21 05:43:06 UTC 2019
3 ms. Memory: 48128K Free: 30301K (63%)
ptolemy.util.test.WatchDog.cancel(): canceling Sat Sep 21 05:43:06 UTC 2019
auto.tcl: Setting watchdog for 200 seconds at Sat Sep 21 05:43:06 UTC 2019
3 ms. Memory: 48128K Free: 29204K (61%)
ptolemy.util.test.WatchDog.cancel(): canceling Sat Sep 21 05:43:06 UTC 2019
------------------ testing $PTII/ptolemy/domains/de/test/auto/ResettableTimer3.xml
auto.tcl: Setting watchdog for 200 seconds at Sat Sep 21 05:43:06 UTC 2019
1 ms. Memory: 48128K Free: 30175K (63%)
ptolemy.util.test.WatchDog.cancel(): canceling Sat Sep 21 05:43:06 UTC 2019
auto.tcl: Setting watchdog for 200 seconds at Sat Sep 21 05:43:06 UTC 2019
2 ms. Memory: 48128K Free: 30122K (63%)
ptolemy.util.test.WatchDog.cancel(): canceling Sat Sep 21 05:43:06 UTC 2019
------------------ testing $PTII/ptolemy/domains/de/test/auto/ResettableTimer4.xml
auto.tcl: Setting watchdog for 200 seconds at Sat Sep 21 05:43:06 UTC 2019
1 ms. Memory: 48128K Free: 30189K (63%)
ptolemy.util.test.WatchDog.cancel(): canceling Sat Sep 21 05:43:06 UTC 2019
auto.tcl: Setting watchdog for 200 seconds at Sat Sep 21 05:43:06 UTC 2019
1 ms. Memory: 48128K Free: 29691K (62%)
ptolemy.util.test.WatchDog.cancel(): canceling Sat Sep 21 05:43:06 UTC 2019
------------------ testing $PTII/ptolemy/domains/de/test/auto/ResettableTimer5.xml
auto.tcl: Setting watchdog for 200 seconds at Sat Sep 21 05:43:06 UTC 2019
1 ms. Memory: 48128K Free: 29606K (62%)
ptolemy.util.test.WatchDog.cancel(): canceling Sat Sep 21 05:43:06 UTC 2019
auto.tcl: Setting watchdog for 200 seconds at Sat Sep 21 05:43:06 UTC 2019
2 ms. Memory: 48128K Free: 29147K (61%)
ptolemy.util.test.WatchDog.cancel(): canceling Sat Sep 21 05:43:06 UTC 2019
------------------ testing $PTII/ptolemy/domains/de/test/auto/ResettableTimer6.xml
auto.tcl: Setting watchdog for 200 seconds at Sat Sep 21 05:43:06 UTC 2019
2 ms. Memory: 48128K Free: 29605K (62%)
ptolemy.util.test.WatchDog.cancel(): canceling Sat Sep 21 05:43:07 UTC 2019
auto.tcl: Setting watchdog for 200 seconds at Sat Sep 21 05:43:07 UTC 2019
2 ms. Memory: 48128K Free: 29101K (60%)
ptolemy.util.test.WatchDog.cancel(): canceling Sat Sep 21 05:43:07 UTC 2019
------------------ testing $PTII/ptolemy/domains/de/test/auto/ServerZeroDelay.xml
auto.tcl: Setting watchdog for 200 seconds at Sat Sep 21 05:43:07 UTC 2019
6 ms. Memory: 48128K Free: 30116K (63%)
ptolemy.util.test.WatchDog.cancel(): canceling Sat Sep 21 05:43:07 UTC 2019
auto.tcl: Setting watchdog for 200 seconds at Sat Sep 21 05:43:07 UTC 2019
2 ms. Memory: 48128K Free: 29197K (61%)
ptolemy.util.test.WatchDog.cancel(): canceling Sat Sep 21 05:43:07 UTC 2019
------------------ testing $PTII/ptolemy/domains/de/test/auto/SmartSender.xml
auto.tcl: Setting watchdog for 200 seconds at Sat Sep 21 05:43:07 UTC 2019
3001 ms. Memory: 48128K Free: 30147K (63%)
ptolemy.util.test.WatchDog.cancel(): canceling Sat Sep 21 05:43:10 UTC 2019
auto.tcl: Setting watchdog for 200 seconds at Sat Sep 21 05:43:10 UTC 2019
3001 ms. Memory: 48128K Free: 29665K (62%)
ptolemy.util.test.WatchDog.cancel(): canceling Sat Sep 21 05:43:13 UTC 2019
------------------ testing $PTII/ptolemy/domains/de/test/auto/ThreadedComposite.xml
auto.tcl: Setting watchdog for 200 seconds at Sat Sep 21 05:43:13 UTC 2019
223 ms. Memory: 48128K Free: 11179K (23%)
ptolemy.util.test.WatchDog.cancel(): canceling Sat Sep 21 05:43:13 UTC 2019
auto.tcl: Setting watchdog for 200 seconds at Sat Sep 21 05:43:13 UTC 2019
130 ms. Memory: 48128K Free: 25368K (53%)
ptolemy.util.test.WatchDog.cancel(): canceling Sat Sep 21 05:43:13 UTC 2019
------------------ testing $PTII/ptolemy/domains/de/test/auto/Time.xml
auto.tcl: Setting watchdog for 200 seconds at Sat Sep 21 05:43:13 UTC 2019
519 ms. Memory: 48128K Free: 7105K (15%)
ptolemy.util.test.WatchDog.cancel(): canceling Sat Sep 21 05:43:14 UTC 2019
auto.tcl: Setting watchdog for 200 seconds at Sat Sep 21 05:43:14 UTC 2019
476 ms. Memory: 48128K Free: 11236K (23%)
ptolemy.util.test.WatchDog.cancel(): canceling Sat Sep 21 05:43:14 UTC 2019
------------------ testing $PTII/ptolemy/domains/de/test/auto/TimeDelayZeroDelay.xml
auto.tcl: Setting watchdog for 200 seconds at Sat Sep 21 05:43:14 UTC 2019
2 ms. Memory: 48128K Free: 30038K (62%)
ptolemy.util.test.WatchDog.cancel(): canceling Sat Sep 21 05:43:14 UTC 2019
auto.tcl: Setting watchdog for 200 seconds at Sat Sep 21 05:43:14 UTC 2019
2 ms. Memory: 48128K Free: 29192K (61%)
ptolemy.util.test.WatchDog.cancel(): canceling Sat Sep 21 05:43:14 UTC 2019
------------------ testing $PTII/ptolemy/domains/de/test/auto/TimerZeroDelay.xml
auto.tcl: Setting watchdog for 200 seconds at Sat Sep 21 05:43:14 UTC 2019
2 ms. Memory: 48128K Free: 30421K (63%)
ptolemy.util.test.WatchDog.cancel(): canceling Sat Sep 21 05:43:14 UTC 2019
auto.tcl: Setting watchdog for 200 seconds at Sat Sep 21 05:43:14 UTC 2019
3 ms. Memory: 48128K Free: 29966K (62%)
ptolemy.util.test.WatchDog.cancel(): canceling Sat Sep 21 05:43:14 UTC 2019
------------------ testing $PTII/ptolemy/domains/de/test/auto/TimingParadox.xml
auto.tcl: Setting watchdog for 200 seconds at Sat Sep 21 05:43:14 UTC 2019
378 ms. Memory: 48128K Free: 14052K (29%)
ptolemy.util.test.WatchDog.cancel(): canceling Sat Sep 21 05:43:15 UTC 2019
auto.tcl: Setting watchdog for 200 seconds at Sat Sep 21 05:43:15 UTC 2019
350 ms. Memory: 48128K Free: 26348K (55%)
ptolemy.util.test.WatchDog.cancel(): canceling Sat Sep 21 05:43:15 UTC 2019
------------------ testing $PTII/ptolemy/domains/de/test/auto/TransferInputs.xml
auto.tcl: Setting watchdog for 200 seconds at Sat Sep 21 05:43:15 UTC 2019
2 ms. Memory: 48128K Free: 28442K (59%)
ptolemy.util.test.WatchDog.cancel(): canceling Sat Sep 21 05:43:15 UTC 2019
auto.tcl: Setting watchdog for 200 seconds at Sat Sep 21 05:43:15 UTC 2019
1 ms. Memory: 48128K Free: 27577K (57%)
ptolemy.util.test.WatchDog.cancel(): canceling Sat Sep 21 05:43:15 UTC 2019
------------------ testing $PTII/ptolemy/domains/de/test/auto/TransferOutputs2.xml
auto.tcl: Setting watchdog for 200 seconds at Sat Sep 21 05:43:15 UTC 2019
3 ms. Memory: 48128K Free: 25864K (54%)
ptolemy.util.test.WatchDog.cancel(): canceling Sat Sep 21 05:43:15 UTC 2019
auto.tcl: Setting watchdog for 200 seconds at Sat Sep 21 05:43:15 UTC 2019
3 ms. Memory: 48128K Free: 24462K (51%)
ptolemy.util.test.WatchDog.cancel(): canceling Sat Sep 21 05:43:15 UTC 2019
------------------ testing $PTII/ptolemy/domains/de/test/auto/Trilateration.xml
auto.tcl: Setting watchdog for 200 seconds at Sat Sep 21 05:43:15 UTC 2019
14747 ms. Memory: 501760K Free: 358534K (71%)
ptolemy.util.test.WatchDog.cancel(): canceling Sat Sep 21 05:43:31 UTC 2019
auto.tcl: Setting watchdog for 200 seconds at Sat Sep 21 05:43:31 UTC 2019
11359 ms. Memory: 501760K Free: 408379K (81%)
ptolemy.util.test.WatchDog.cancel(): canceling Sat Sep 21 05:43:43 UTC 2019
------------------ testing $PTII/ptolemy/domains/de/test/auto/TwoSigmaDelta.xml
auto.tcl: Setting watchdog for 200 seconds at Sat Sep 21 05:43:43 UTC 2019
2796 ms. Memory: 89088K Free: 25063K (28%)
ptolemy.util.test.WatchDog.cancel(): canceling Sat Sep 21 05:43:46 UTC 2019
auto.tcl: Setting watchdog for 200 seconds at Sat Sep 21 05:43:46 UTC 2019
2254 ms. Memory: 89088K Free: 14799K (17%)
ptolemy.util.test.WatchDog.cancel(): canceling Sat Sep 21 05:43:48 UTC 2019
------------------ testing $PTII/ptolemy/domains/de/test/auto/VariableDelay.xml
auto.tcl: Setting watchdog for 200 seconds at Sat Sep 21 05:43:48 UTC 2019
3 ms. Memory: 51200K Free: 31974K (62%)
ptolemy.util.test.WatchDog.cancel(): canceling Sat Sep 21 05:43:48 UTC 2019
auto.tcl: Setting watchdog for 200 seconds at Sat Sep 21 05:43:48 UTC 2019
2 ms. Memory: 51200K Free: 30980K (61%)
ptolemy.util.test.WatchDog.cancel(): canceling Sat Sep 21 05:43:48 UTC 2019
------------------ testing $PTII/ptolemy/domains/de/test/auto/VariableDelay2.xml
auto.tcl: Setting watchdog for 200 seconds at Sat Sep 21 05:43:48 UTC 2019
9 ms. Memory: 51200K Free: 32388K (63%)
ptolemy.util.test.WatchDog.cancel(): canceling Sat Sep 21 05:43:48 UTC 2019
auto.tcl: Setting watchdog for 200 seconds at Sat Sep 21 05:43:48 UTC 2019
2 ms. Memory: 51200K Free: 31890K (62%)
ptolemy.util.test.WatchDog.cancel(): canceling Sat Sep 21 05:43:48 UTC 2019
------------------ testing $PTII/ptolemy/domains/de/test/auto/VariableDelayZeroDelay.xml
auto.tcl: Setting watchdog for 200 seconds at Sat Sep 21 05:43:48 UTC 2019
2 ms. Memory: 51200K Free: 32916K (64%)
ptolemy.util.test.WatchDog.cancel(): canceling Sat Sep 21 05:43:48 UTC 2019
auto.tcl: Setting watchdog for 200 seconds at Sat Sep 21 05:43:48 UTC 2019
2 ms. Memory: 51200K Free: 32372K (63%)
ptolemy.util.test.WatchDog.cancel(): canceling Sat Sep 21 05:43:48 UTC 2019
------------------ testing $PTII/ptolemy/domains/de/test/auto/VariableDelayZeroDelay2.xml
auto.tcl: Setting watchdog for 200 seconds at Sat Sep 21 05:43:48 UTC 2019
2 ms. Memory: 48128K Free: 29843K (62%)
ptolemy.util.test.WatchDog.cancel(): canceling Sat Sep 21 05:43:48 UTC 2019
auto.tcl: Setting watchdog for 200 seconds at Sat Sep 21 05:43:48 UTC 2019
2 ms. Memory: 48128K Free: 28858K (60%)
ptolemy.util.test.WatchDog.cancel(): canceling Sat Sep 21 05:43:48 UTC 2019
------------------ testing $PTII/ptolemy/domains/de/test/auto/deInCt.xml
auto.tcl: Setting watchdog for 200 seconds at Sat Sep 21 05:43:48 UTC 2019
0
1
1
1
1
0
0
0
1
1
0
0
0
1
1
1
1
0
0
0
0
1
1
1
1
1
1
1
7 ms. Memory: 48128K Free: 28816K (60%)
ptolemy.util.test.WatchDog.cancel(): canceling Sat Sep 21 05:43:48 UTC 2019
auto.tcl: Setting watchdog for 200 seconds at Sat Sep 21 05:43:48 UTC 2019
0
1
1
1
1
0
0
0
1
1
1
0
0
0
0
0
0
1
1
1
0
0
0
0
0
0
1
1
1
0
0
0
0
0
6 ms. Memory: 48128K Free: 27280K (57%)
ptolemy.util.test.WatchDog.cancel(): canceling Sat Sep 21 05:43:48 UTC 2019
------------------ testing $PTII/ptolemy/domains/de/test/auto/deInCt2.xml
auto.tcl: Setting watchdog for 200 seconds at Sat Sep 21 05:43:48 UTC 2019
0
1
1
1
0
0
1
1
1
0
0
1
1
1
0
0
1
1
1
0
0
1
1
1
0
0
1
1
1
0
0
1
1
1
0
0
1
1
1
0
0
0
8 ms. Memory: 48128K Free: 28818K (60%)
ptolemy.util.test.WatchDog.cancel(): canceling Sat Sep 21 05:43:48 UTC 2019
auto.tcl: Setting watchdog for 200 seconds at Sat Sep 21 05:43:48 UTC 2019
0
1
1
1
0
0
1
1
1
0
0
1
1
1
0
0
1
1
1
0
0
1
1
1
0
0
1
1
1
0
0
1
1
1
0
0
1
1
1
0
0
0
9 ms. Memory: 48128K Free: 27309K (57%)
ptolemy.util.test.WatchDog.cancel(): canceling Sat Sep 21 05:43:48 UTC 2019
------------------ testing $PTII/ptolemy/domains/de/test/auto/dynamicCausalityInterface1.xml
auto.tcl: Setting watchdog for 200 seconds at Sat Sep 21 05:43:49 UTC 2019
1 ms. Memory: 48128K Free: 24166K (50%)
ptolemy.util.test.WatchDog.cancel(): canceling Sat Sep 21 05:43:49 UTC 2019
auto.tcl: Setting watchdog for 200 seconds at Sat Sep 21 05:43:49 UTC 2019
2 ms. Memory: 48128K Free: 23692K (49%)
ptolemy.util.test.WatchDog.cancel(): canceling Sat Sep 21 05:43:49 UTC 2019
------------------ testing $PTII/ptolemy/domains/de/test/auto/fsm_de_test.xml
auto.tcl: Setting watchdog for 200 seconds at Sat Sep 21 05:43:49 UTC 2019
7 ms. Memory: 48128K Free: 24615K (51%)
ptolemy.util.test.WatchDog.cancel(): canceling Sat Sep 21 05:43:49 UTC 2019
auto.tcl: Setting watchdog for 200 seconds at Sat Sep 21 05:43:49 UTC 2019
8 ms. Memory: 48128K Free: 22628K (47%)
ptolemy.util.test.WatchDog.cancel(): canceling Sat Sep 21 05:43:49 UTC 2019
------------------ testing $PTII/ptolemy/domains/de/test/auto/functionDependencyReconstruction.xml
auto.tcl: Setting watchdog for 200 seconds at Sat Sep 21 05:43:49 UTC 2019
3 ms. Memory: 48128K Free: 18461K (38%)
ptolemy.util.test.WatchDog.cancel(): canceling Sat Sep 21 05:43:49 UTC 2019
auto.tcl: Setting watchdog for 200 seconds at Sat Sep 21 05:43:49 UTC 2019
3 ms. Memory: 48128K Free: 16458K (34%)
ptolemy.util.test.WatchDog.cancel(): canceling Sat Sep 21 05:43:49 UTC 2019
------------------ testing $PTII/ptolemy/domains/de/test/auto/multirate.xml
auto.tcl: Setting watchdog for 200 seconds at Sat Sep 21 05:43:49 UTC 2019
3 ms. Memory: 48128K Free: 26688K (55%)
ptolemy.util.test.WatchDog.cancel(): canceling Sat Sep 21 05:43:49 UTC 2019
auto.tcl: Setting watchdog for 200 seconds at Sat Sep 21 05:43:49 UTC 2019
4 ms. Memory: 48128K Free: 25569K (53%)
ptolemy.util.test.WatchDog.cancel(): canceling Sat Sep 21 05:43:49 UTC 2019
------------------ testing $PTII/ptolemy/domains/de/test/auto/multirate2.xml
auto.tcl: Setting watchdog for 200 seconds at Sat Sep 21 05:43:49 UTC 2019
4 ms. Memory: 48128K Free: 27212K (57%)
ptolemy.util.test.WatchDog.cancel(): canceling Sat Sep 21 05:43:49 UTC 2019
auto.tcl: Setting watchdog for 200 seconds at Sat Sep 21 05:43:49 UTC 2019
4 ms. Memory: 48128K Free: 25731K (53%)
ptolemy.util.test.WatchDog.cancel(): canceling Sat Sep 21 05:43:49 UTC 2019
------------------ testing $PTII/ptolemy/domains/de/test/auto/realtime.xml
auto.tcl: Setting watchdog for 200 seconds at Sat Sep 21 05:43:49 UTC 2019
10001 ms. Memory: 48128K Free: 29504K (61%)
ptolemy.util.test.WatchDog.cancel(): canceling Sat Sep 21 05:43:59 UTC 2019
auto.tcl: Setting watchdog for 200 seconds at Sat Sep 21 05:43:59 UTC 2019
10001 ms. Memory: 48128K Free: 28763K (60%)
ptolemy.util.test.WatchDog.cancel(): canceling Sat Sep 21 05:44:09 UTC 2019
------------------ testing $PTII/ptolemy/domains/de/test/auto/relationGroup.xml
auto.tcl: Setting watchdog for 200 seconds at Sat Sep 21 05:44:09 UTC 2019
8 ms. Memory: 48128K Free: 30568K (64%)
ptolemy.util.test.WatchDog.cancel(): canceling Sat Sep 21 05:44:09 UTC 2019
auto.tcl: Setting watchdog for 200 seconds at Sat Sep 21 05:44:09 UTC 2019
2 ms. Memory: 48128K Free: 29842K (62%)
ptolemy.util.test.WatchDog.cancel(): canceling Sat Sep 21 05:44:09 UTC 2019
------------------ testing $PTII/ptolemy/domains/de/test/auto/relationGroup2.xml
auto.tcl: Setting watchdog for 200 seconds at Sat Sep 21 05:44:09 UTC 2019
1 ms. Memory: 48128K Free: 30378K (63%)
ptolemy.util.test.WatchDog.cancel(): canceling Sat Sep 21 05:44:09 UTC 2019
auto.tcl: Setting watchdog for 200 seconds at Sat Sep 21 05:44:09 UTC 2019
1 ms. Memory: 48128K Free: 29902K (62%)
ptolemy.util.test.WatchDog.cancel(): canceling Sat Sep 21 05:44:09 UTC 2019
------------------ testing $PTII/ptolemy/domains/de/test/auto/sortWithOpaquePorts.xml
auto.tcl: Setting watchdog for 200 seconds at Sat Sep 21 05:44:09 UTC 2019
2 ms. Memory: 48128K Free: 29341K (61%)
ptolemy.util.test.WatchDog.cancel(): canceling Sat Sep 21 05:44:09 UTC 2019
auto.tcl: Setting watchdog for 200 seconds at Sat Sep 21 05:44:09 UTC 2019
2 ms. Memory: 48128K Free: 28370K (59%)
ptolemy.util.test.WatchDog.cancel(): canceling Sat Sep 21 05:44:09 UTC 2019
------------------ testing $PTII/ptolemy/domains/de/test/auto/transferInputsandOutputs.xml
auto.tcl: Setting watchdog for 200 seconds at Sat Sep 21 05:44:09 UTC 2019
4 ms. Memory: 48128K Free: 26784K (56%)
ptolemy.util.test.WatchDog.cancel(): canceling Sat Sep 21 05:44:09 UTC 2019
auto.tcl: Setting watchdog for 200 seconds at Sat Sep 21 05:44:09 UTC 2019
3 ms. Memory: 48128K Free: 25760K (54%)
ptolemy.util.test.WatchDog.cancel(): canceling Sat Sep 21 05:44:09 UTC 2019
------------------ testing $PTII/ptolemy/domains/de/test/auto/triggerType.xml
auto.tcl: Setting watchdog for 200 seconds at Sat Sep 21 05:44:09 UTC 2019
2 ms. Memory: 48128K Free: 29810K (62%)
ptolemy.util.test.WatchDog.cancel(): canceling Sat Sep 21 05:44:09 UTC 2019
auto.tcl: Setting watchdog for 200 seconds at Sat Sep 21 05:44:09 UTC 2019
2 ms. Memory: 48128K Free: 28836K (60%)
ptolemy.util.test.WatchDog.cancel(): canceling Sat Sep 21 05:44:09 UTC 2019
09/21/19 05:44:09
Failed: 0  Total Tests: 192  ((Passed: 187, Newly Passed: 1)  Known Failed: 5) /home/travis/build/icyphy/ptII/ptolemy/domains/de/test
09/21/19 05:44:09
Failed: 0  Total Tests: 192  ((Passed: 187, Newly Passed: 1)  Known Failed: 5) /home/travis/build/icyphy/ptII/ptolemy/domains/de/test
----------------- testing (KnownFailure) /home/travis/build/icyphy/ptII/ptolemy/domains/de/test/auto/knownFailedTests/DESDFClockTest.xml
2011 ms. Memory: 48128K Free: 23204K (48%)
Known Failure: java.lang.reflect.InvocationTargetException
----------------- testing (KnownFailure) /home/travis/build/icyphy/ptII/ptolemy/domains/de/test/auto/knownFailedTests/DirectFeedback.xml
2 ms. Memory: 48128K Free: 19108K (40%)
Known Failure: java.lang.reflect.InvocationTargetException
----------------- testing (KnownFailure) /home/travis/build/icyphy/ptII/ptolemy/domains/de/test/auto/knownFailedTests/FSMSource.xml
11 ms. Memory: 48128K Free: 11430K (24%)
----------------- testing (KnownFailure) /home/travis/build/icyphy/ptII/ptolemy/domains/de/test/auto/knownFailedTests/HierarchicalModel.xml
4 ms. Memory: 48128K Free: 21539K (45%)
Known Failure: java.lang.reflect.InvocationTargetException
----------------- testing (KnownFailure) /home/travis/build/icyphy/ptII/ptolemy/domains/de/test/auto/knownFailedTests/dependencyLoop.xml
9 ms. Memory: 48128K Free: 31865K (66%)
Known Failure: java.lang.reflect.InvocationTargetException
----------------- testing (KnownFailure) /home/travis/build/icyphy/ptII/ptolemy/domains/de/test/auto/knownFailedTests/dependencyLoop2.xml
4 ms. Memory: 48128K Free: 16754K (35%)
Known Failure: java.lang.reflect.InvocationTargetException
No auto/linux-amd64/*.xml tests in /home/travis/build/icyphy/ptII/ptolemy/domains/de/test
AutoTests.java: About to close Vertx.
AutoTests.java: Vertx closed.

===========================================================================================
----------------- testing Sat Sep 21 05:44:12 UTC 2019 /home/travis/build/icyphy/ptII/ptolemy/domains/de/test/auto/ActorDepthCalculation_actorWithoutPorts.xml
----------------- Instantiating /home/travis/build/icyphy/ptII/ptolemy/domains/de/test/auto/ActorDepthCalculation_actorWithoutPorts.xml
2 ms. Memory: 48128K Free: 10431K (22%)
----------------- Invoking toplevel() on ptolemy.moml.MoMLSimpleApplication@4821d465
----------------- Done invoking toplevel() on ptolemy.moml.MoMLSimpleApplication@4821d465
reloadAllAccessors: .ActorDepthCalculation_actorWithoutPorts

===========================================================================================
----------------- testing Sat Sep 21 05:44:12 UTC 2019 /home/travis/build/icyphy/ptII/ptolemy/domains/de/test/auto/AssemblyLine.xml
----------------- Instantiating /home/travis/build/icyphy/ptII/ptolemy/domains/de/test/auto/AssemblyLine.xml
4 ms. Memory: 48128K Free: 28889K (60%)
----------------- Invoking toplevel() on ptolemy.moml.MoMLSimpleApplication@50c25e2d
----------------- Done invoking toplevel() on ptolemy.moml.MoMLSimpleApplication@50c25e2d
reloadAllAccessors: .AssemblyLine

===========================================================================================
----------------- testing Sat Sep 21 05:44:12 UTC 2019 /home/travis/build/icyphy/ptII/ptolemy/domains/de/test/auto/CQBug1.xml
----------------- Instantiating /home/travis/build/icyphy/ptII/ptolemy/domains/de/test/auto/CQBug1.xml
1 ms. Memory: 48128K Free: 25965K (54%)
----------------- Invoking toplevel() on ptolemy.moml.MoMLSimpleApplication@2ab90445
----------------- Done invoking toplevel() on ptolemy.moml.MoMLSimpleApplication@2ab90445
reloadAllAccessors: .CQBug1

===========================================================================================
----------------- testing Sat Sep 21 05:44:12 UTC 2019 /home/travis/build/icyphy/ptII/ptolemy/domains/de/test/auto/CancelFireAt.xml
----------------- Instantiating /home/travis/build/icyphy/ptII/ptolemy/domains/de/test/auto/CancelFireAt.xml
2 ms. Memory: 48128K Free: 23739K (49%)
----------------- Invoking toplevel() on ptolemy.moml.MoMLSimpleApplication@b9f21bb
----------------- Done invoking toplevel() on ptolemy.moml.MoMLSimpleApplication@b9f21bb
reloadAllAccessors: .CancelFireAt

===========================================================================================
----------------- testing Sat Sep 21 05:44:12 UTC 2019 /home/travis/build/icyphy/ptII/ptolemy/domains/de/test/auto/CausalityAndComposabilityAnalysis.xml
----------------- Instantiating /home/travis/build/icyphy/ptII/ptolemy/domains/de/test/auto/CausalityAndComposabilityAnalysis.xml
2 ms. Memory: 48128K Free: 19472K (40%)
----------------- Invoking toplevel() on ptolemy.moml.MoMLSimpleApplication@506615c3
----------------- Done invoking toplevel() on ptolemy.moml.MoMLSimpleApplication@506615c3
reloadAllAccessors: .CausalityAndComposabilityAnalysis

===========================================================================================
----------------- testing Sat Sep 21 05:44:12 UTC 2019 /home/travis/build/icyphy/ptII/ptolemy/domains/de/test/auto/CausalityInterface1.xml
----------------- Instantiating /home/travis/build/icyphy/ptII/ptolemy/domains/de/test/auto/CausalityInterface1.xml
7 ms. Memory: 48128K Free: 14539K (30%)
----------------- Invoking toplevel() on ptolemy.moml.MoMLSimpleApplication@7e5dbda1
----------------- Done invoking toplevel() on ptolemy.moml.MoMLSimpleApplication@7e5dbda1
reloadAllAccessors: .CausalityInterface1

===========================================================================================
----------------- testing Sat Sep 21 05:44:12 UTC 2019 /home/travis/build/icyphy/ptII/ptolemy/domains/de/test/auto/CausalityInterface15.xml
----------------- Instantiating /home/travis/build/icyphy/ptII/ptolemy/domains/de/test/auto/CausalityInterface15.xml
2 ms. Memory: 48128K Free: 9192K (19%)
----------------- Invoking toplevel() on ptolemy.moml.MoMLSimpleApplication@2ca1ecd8
----------------- Done invoking toplevel() on ptolemy.moml.MoMLSimpleApplication@2ca1ecd8
reloadAllAccessors: .CausalityInterface15

===========================================================================================
----------------- testing Sat Sep 21 05:44:12 UTC 2019 /home/travis/build/icyphy/ptII/ptolemy/domains/de/test/auto/CausalityInterface2.xml
----------------- Instantiating /home/travis/build/icyphy/ptII/ptolemy/domains/de/test/auto/CausalityInterface2.xml
2 ms. Memory: 48128K Free: 30364K (63%)
[...]
	at ptolemy.actor.Manager.run(Manager.java:1263)
	at ptolemy.actor.Manager$PtolemyRunThread.run(Manager.java:1933)
java.lang.RuntimeException: Execution failed
	at ptolemy.moml.MoMLSimpleApplication$UnloadThread.run(MoMLSimpleApplication.java:402)
Caused by: ptolemy.kernel.util.IllegalActionException: Actor is not ready to fire.  Perhaps UpSample.prefire() returned false? Try debugging the actor by selecting "Listen to Actor".  Also, for SDF check moml for tokenConsumptionRate on input.
  in .DESDFClockTest.Play Bell.Copy1:SDF Director and .DESDFClockTest.Play Bell.UpSample
	at ptolemy.actor.sched.StaticSchedulingDirector.fire(StaticSchedulingDirector.java:227)
	at ptolemy.domains.sdf.kernel.SDFDirector.fire(SDFDirector.java:500)
	at ptolemy.actor.CompositeActor.fire(CompositeActor.java:455)
	at ptolemy.domains.de.kernel.DEDirector._fire(DEDirector.java:1949)
	at ptolemy.domains.de.kernel.DEDirector.fire(DEDirector.java:502)
	at ptolemy.actor.CompositeActor.fire(CompositeActor.java:455)
	at ptolemy.actor.Manager.iterate(Manager.java:851)
	at ptolemy.actor.Manager.execute(Manager.java:369)
	at ptolemy.actor.Manager.run(Manager.java:1263)
	at ptolemy.actor.Manager$PtolemyRunThread.run(Manager.java:1933)
java.lang.reflect.InvocationTargetException
	at java.base/jdk.internal.reflect.NativeConstructorAccessorImpl.newInstance0(Native Method)
	at java.base/jdk.internal.reflect.NativeConstructorAccessorImpl.newInstance(NativeConstructorAccessorImpl.java:62)
	at java.base/jdk.internal.reflect.DelegatingConstructorAccessorImpl.newInstance(DelegatingConstructorAccessorImpl.java:45)
	at java.base/java.lang.reflect.Constructor.newInstance(Constructor.java:490)
	at ptolemy.util.test.junit.AutoKnownFailedTests.RunModel(AutoKnownFailedTests.java:105)
	at java.base/jdk.internal.reflect.NativeMethodAccessorImpl.invoke0(Native Method)
	at java.base/jdk.internal.reflect.NativeMethodAccessorImpl.invoke(NativeMethodAccessorImpl.java:62)
	at java.base/jdk.internal.reflect.DelegatingMethodAccessorImpl.invoke(DelegatingMethodAccessorImpl.java:43)
	at java.base/java.lang.reflect.Method.invoke(Method.java:566)
	at org.junit.runners.model.FrameworkMethod$1.runReflectiveCall(FrameworkMethod.java:44)
	at org.junit.internal.runners.model.ReflectiveCallable.run(ReflectiveCallable.java:15)
	at org.junit.runners.model.FrameworkMethod.invokeExplosively(FrameworkMethod.java:41)
	at junitparams.internal.InvokeParameterisedMethod.evaluate(InvokeParameterisedMethod.java:102)
	at org.junit.internal.runners.statements.FailOnTimeout$1.run(FailOnTimeout.java:28)
Caused by: ptolemy.kernel.util.IllegalActionException: Actor is not ready to fire.  Perhaps UpSample.prefire() returned false? Try debugging the actor by selecting "Listen to Actor".  Also, for SDF check moml for tokenConsumptionRate on input.
  in .DESDFClockTest.Play Bell.Copy1:SDF Director and .DESDFClockTest.Play Bell.UpSample
	at ptolemy.actor.sched.StaticSchedulingDirector.fire(StaticSchedulingDirector.java:227)
	at ptolemy.domains.sdf.kernel.SDFDirector.fire(SDFDirector.java:500)
	at ptolemy.actor.CompositeActor.fire(CompositeActor.java:455)
	at ptolemy.domains.de.kernel.DEDirector._fire(DEDirector.java:1949)
	at ptolemy.domains.de.kernel.DEDirector.fire(DEDirector.java:502)
	at ptolemy.actor.CompositeActor.fire(CompositeActor.java:455)
	at ptolemy.actor.Manager.iterate(Manager.java:851)
	at ptolemy.actor.Manager.execute(Manager.java:369)
	at ptolemy.actor.Manager.run(Manager.java:1263)
	at ptolemy.actor.Manager$PtolemyRunThread.run(Manager.java:1933)
java.lang.RuntimeException: Execution failed
	at ptolemy.moml.MoMLSimpleApplication$UnloadThread.run(MoMLSimpleApplication.java:402)
Caused by: ptolemy.kernel.util.IllegalActionException: Test fails in iteration 1.
Value was: 1.0. Should have been: 2.0
  in .DirectFeedback.Test
	at ptolemy.actor.lib.Test.fire(Test.java:268)
	at ptolemy.domains.de.kernel.DEDirector._fire(DEDirector.java:1949)
	at ptolemy.domains.de.kernel.DEDirector.fire(DEDirector.java:502)
	at ptolemy.actor.CompositeActor.fire(CompositeActor.java:455)
	at ptolemy.actor.Manager.iterate(Manager.java:851)
	at ptolemy.actor.Manager.execute(Manager.java:369)
	at ptolemy.actor.Manager.run(Manager.java:1263)
	at ptolemy.actor.Manager$PtolemyRunThread.run(Manager.java:1933)
java.lang.reflect.InvocationTargetException
	at java.base/jdk.internal.reflect.NativeConstructorAccessorImpl.newInstance0(Native Method)
	at java.base/jdk.internal.reflect.NativeConstructorAccessorImpl.newInstance(NativeConstructorAccessorImpl.java:62)
	at java.base/jdk.internal.reflect.DelegatingConstructorAccessorImpl.newInstance(DelegatingConstructorAccessorImpl.java:45)
	at java.base/java.lang.reflect.Constructor.newInstance(Constructor.java:490)
	at ptolemy.util.test.junit.AutoKnownFailedTests.RunModel(AutoKnownFailedTests.java:105)
	at java.base/jdk.internal.reflect.NativeMethodAccessorImpl.invoke0(Native Method)
	at java.base/jdk.internal.reflect.NativeMethodAccessorImpl.invoke(NativeMethodAccessorImpl.java:62)
	at java.base/jdk.internal.reflect.DelegatingMethodAccessorImpl.invoke(DelegatingMethodAccessorImpl.java:43)
	at java.base/java.lang.reflect.Method.invoke(Method.java:566)
	at org.junit.runners.model.FrameworkMethod$1.runReflectiveCall(FrameworkMethod.java:44)
	at org.junit.internal.runners.model.ReflectiveCallable.run(ReflectiveCallable.java:15)
	at org.junit.runners.model.FrameworkMethod.invokeExplosively(FrameworkMethod.java:41)
	at junitparams.internal.InvokeParameterisedMethod.evaluate(InvokeParameterisedMethod.java:102)
	at org.junit.internal.runners.statements.FailOnTimeout$1.run(FailOnTimeout.java:28)
Caused by: ptolemy.kernel.util.IllegalActionException: Test fails in iteration 1.
Value was: 1.0. Should have been: 2.0
  in .DirectFeedback.Test
	at ptolemy.actor.lib.Test.fire(Test.java:268)
	at ptolemy.domains.de.kernel.DEDirector._fire(DEDirector.java:1949)
	at ptolemy.domains.de.kernel.DEDirector.fire(DEDirector.java:502)
	at ptolemy.actor.CompositeActor.fire(CompositeActor.java:455)
	at ptolemy.actor.Manager.iterate(Manager.java:851)
	at ptolemy.actor.Manager.execute(Manager.java:369)
	at ptolemy.actor.Manager.run(Manager.java:1263)
	at ptolemy.actor.Manager$PtolemyRunThread.run(Manager.java:1933)
java.lang.RuntimeException: Execution failed
	at ptolemy.moml.MoMLSimpleApplication$UnloadThread.run(MoMLSimpleApplication.java:402)
Caused by: ptolemy.kernel.util.IllegalActionException: Found a zero delay loop containing .HierarchicalModel.A
  in .HierarchicalModel and .HierarchicalModel.A
	at ptolemy.actor.util.CausalityInterfaceForComposites._computeOutputPortDepth(CausalityInterfaceForComposites.java:759)
	at ptolemy.actor.util.CausalityInterfaceForComposites._computeInputDepth(CausalityInterfaceForComposites.java:696)
	at ptolemy.actor.util.CausalityInterfaceForComposites._computeOutputPortDepth(CausalityInterfaceForComposites.java:765)
	at ptolemy.actor.util.CausalityInterfaceForComposites._computeInputDepth(CausalityInterfaceForComposites.java:696)
	at ptolemy.actor.util.CausalityInterfaceForComposites._computeOutputPortDepth(CausalityInterfaceForComposites.java:765)
	at ptolemy.actor.util.CausalityInterfaceForComposites._computeInputDepth(CausalityInterfaceForComposites.java:696)
	at ptolemy.actor.util.CausalityInterfaceForComposites._computeActorDepth(CausalityInterfaceForComposites.java:532)
	at ptolemy.actor.util.CausalityInterfaceForComposites.checkForCycles(CausalityInterfaceForComposites.java:96)
	at ptolemy.domains.de.kernel.DEDirector.preinitialize(DEDirector.java:1338)
	at ptolemy.actor.CompositeActor.preinitialize(CompositeActor.java:1828)
	at ptolemy.actor.Manager.preinitializeAndResolveTypes(Manager.java:1040)
	at ptolemy.actor.Manager.initialize(Manager.java:710)
	at ptolemy.actor.Manager.execute(Manager.java:356)
	at ptolemy.actor.Manager.run(Manager.java:1263)
	at ptolemy.actor.Manager$PtolemyRunThread.run(Manager.java:1933)
java.lang.reflect.InvocationTargetException
	at java.base/jdk.internal.reflect.NativeConstructorAccessorImpl.newInstance0(Native Method)
	at java.base/jdk.internal.reflect.NativeConstructorAccessorImpl.newInstance(NativeConstructorAccessorImpl.java:62)
	at java.base/jdk.internal.reflect.DelegatingConstructorAccessorImpl.newInstance(DelegatingConstructorAccessorImpl.java:45)
	at java.base/java.lang.reflect.Constructor.newInstance(Constructor.java:490)
	at ptolemy.util.test.junit.AutoKnownFailedTests.RunModel(AutoKnownFailedTests.java:105)
	at java.base/jdk.internal.reflect.NativeMethodAccessorImpl.invoke0(Native Method)
	at java.base/jdk.internal.reflect.NativeMethodAccessorImpl.invoke(NativeMethodAccessorImpl.java:62)
	at java.base/jdk.internal.reflect.DelegatingMethodAccessorImpl.invoke(DelegatingMethodAccessorImpl.java:43)
	at java.base/java.lang.reflect.Method.invoke(Method.java:566)
	at org.junit.runners.model.FrameworkMethod$1.runReflectiveCall(FrameworkMethod.java:44)
	at org.junit.internal.runners.model.ReflectiveCallable.run(ReflectiveCallable.java:15)
	at org.junit.runners.model.FrameworkMethod.invokeExplosively(FrameworkMethod.java:41)
	at junitparams.internal.InvokeParameterisedMethod.evaluate(InvokeParameterisedMethod.java:102)
	at org.junit.internal.runners.statements.FailOnTimeout$1.run(FailOnTimeout.java:28)
Caused by: ptolemy.kernel.util.IllegalActionException: Found a zero delay loop containing .HierarchicalModel.A
  in .HierarchicalModel and .HierarchicalModel.A
	at ptolemy.actor.util.CausalityInterfaceForComposites._computeOutputPortDepth(CausalityInterfaceForComposites.java:759)
	at ptolemy.actor.util.CausalityInterfaceForComposites._computeInputDepth(CausalityInterfaceForComposites.java:696)
	at ptolemy.actor.util.CausalityInterfaceForComposites._computeOutputPortDepth(CausalityInterfaceForComposites.java:765)
	at ptolemy.actor.util.CausalityInterfaceForComposites._computeInputDepth(CausalityInterfaceForComposites.java:696)
	at ptolemy.actor.util.CausalityInterfaceForComposites._computeOutputPortDepth(CausalityInterfaceForComposites.java:765)
	at ptolemy.actor.util.CausalityInterfaceForComposites._computeInputDepth(CausalityInterfaceForComposites.java:696)
	at ptolemy.actor.util.CausalityInterfaceForComposites._computeActorDepth(CausalityInterfaceForComposites.java:532)
	at ptolemy.actor.util.CausalityInterfaceForComposites.checkForCycles(CausalityInterfaceForComposites.java:96)
	at ptolemy.domains.de.kernel.DEDirector.preinitialize(DEDirector.java:1338)
	at ptolemy.actor.CompositeActor.preinitialize(CompositeActor.java:1828)
	at ptolemy.actor.Manager.preinitializeAndResolveTypes(Manager.java:1040)
	at ptolemy.actor.Manager.initialize(Manager.java:710)
	at ptolemy.actor.Manager.execute(Manager.java:356)
	at ptolemy.actor.Manager.run(Manager.java:1263)
	at ptolemy.actor.Manager$PtolemyRunThread.run(Manager.java:1933)
java.lang.RuntimeException: Execution failed
	at ptolemy.moml.MoMLSimpleApplication$UnloadThread.run(MoMLSimpleApplication.java:402)
Caused by: ptolemy.kernel.util.IllegalActionException: Found a zero delay loop containing .dependencyLoop.original
  in .dependencyLoop and .dependencyLoop.original
	at ptolemy.actor.util.CausalityInterfaceForComposites._computeOutputPortDepth(CausalityInterfaceForComposites.java:759)
	at ptolemy.actor.util.CausalityInterfaceForComposites._computeInputDepth(CausalityInterfaceForComposites.java:696)
	at ptolemy.actor.util.CausalityInterfaceForComposites._computeOutputPortDepth(CausalityInterfaceForComposites.java:765)
	at ptolemy.actor.util.CausalityInterfaceForComposites._computeInputDepth(CausalityInterfaceForComposites.java:696)
	at ptolemy.actor.util.CausalityInterfaceForComposites._computeOutputPortDepth(CausalityInterfaceForComposites.java:765)
	at ptolemy.actor.util.CausalityInterfaceForComposites._computeInputDepth(CausalityInterfaceForComposites.java:696)
	at ptolemy.actor.util.CausalityInterfaceForComposites._computeActorDepth(CausalityInterfaceForComposites.java:532)
	at ptolemy.actor.util.CausalityInterfaceForComposites.checkForCycles(CausalityInterfaceForComposites.java:96)
	at ptolemy.domains.de.kernel.DEDirector.preinitialize(DEDirector.java:1338)
	at ptolemy.actor.CompositeActor.preinitialize(CompositeActor.java:1828)
	at ptolemy.actor.Manager.preinitializeAndResolveTypes(Manager.java:1040)
	at ptolemy.actor.Manager.initialize(Manager.java:710)
	at ptolemy.actor.Manager.execute(Manager.java:356)
	at ptolemy.actor.Manager.run(Manager.java:1263)
	at ptolemy.actor.Manager$PtolemyRunThread.run(Manager.java:1933)
java.lang.reflect.InvocationTargetException
	at java.base/jdk.internal.reflect.NativeConstructorAccessorImpl.newInstance0(Native Method)
	at java.base/jdk.internal.reflect.NativeConstructorAccessorImpl.newInstance(NativeConstructorAccessorImpl.java:62)
	at java.base/jdk.internal.reflect.DelegatingConstructorAccessorImpl.newInstance(DelegatingConstructorAccessorImpl.java:45)
	at java.base/java.lang.reflect.Constructor.newInstance(Constructor.java:490)
	at ptolemy.util.test.junit.AutoKnownFailedTests.RunModel(AutoKnownFailedTests.java:105)
	at java.base/jdk.internal.reflect.NativeMethodAccessorImpl.invoke0(Native Method)
	at java.base/jdk.internal.reflect.NativeMethodAccessorImpl.invoke(NativeMethodAccessorImpl.java:62)
	at java.base/jdk.internal.reflect.DelegatingMethodAccessorImpl.invoke(DelegatingMethodAccessorImpl.java:43)
	at java.base/java.lang.reflect.Method.invoke(Method.java:566)
	at org.junit.runners.model.FrameworkMethod$1.runReflectiveCall(FrameworkMethod.java:44)
	at org.junit.internal.runners.model.ReflectiveCallable.run(ReflectiveCallable.java:15)
	at org.junit.runners.model.FrameworkMethod.invokeExplosively(FrameworkMethod.java:41)
	at junitparams.internal.InvokeParameterisedMethod.evaluate(InvokeParameterisedMethod.java:102)
	at org.junit.internal.runners.statements.FailOnTimeout$1.run(FailOnTimeout.java:28)
Caused by: ptolemy.kernel.util.IllegalActionException: Found a zero delay loop containing .dependencyLoop.original
  in .dependencyLoop and .dependencyLoop.original
	at ptolemy.actor.util.CausalityInterfaceForComposites._computeOutputPortDepth(CausalityInterfaceForComposites.java:759)
	at ptolemy.actor.util.CausalityInterfaceForComposites._computeInputDepth(CausalityInterfaceForComposites.java:696)
	at ptolemy.actor.util.CausalityInterfaceForComposites._computeOutputPortDepth(CausalityInterfaceForComposites.java:765)
	at ptolemy.actor.util.CausalityInterfaceForComposites._computeInputDepth(CausalityInterfaceForComposites.java:696)
	at ptolemy.actor.util.CausalityInterfaceForComposites._computeOutputPortDepth(CausalityInterfaceForComposites.java:765)
	at ptolemy.actor.util.CausalityInterfaceForComposites._computeInputDepth(CausalityInterfaceForComposites.java:696)
	at ptolemy.actor.util.CausalityInterfaceForComposites._computeActorDepth(CausalityInterfaceForComposites.java:532)
	at ptolemy.actor.util.CausalityInterfaceForComposites.checkForCycles(CausalityInterfaceForComposites.java:96)
	at ptolemy.domains.de.kernel.DEDirector.preinitialize(DEDirector.java:1338)
	at ptolemy.actor.CompositeActor.preinitialize(CompositeActor.java:1828)
	at ptolemy.actor.Manager.preinitializeAndResolveTypes(Manager.java:1040)
	at ptolemy.actor.Manager.initialize(Manager.java:710)
	at ptolemy.actor.Manager.execute(Manager.java:356)
	at ptolemy.actor.Manager.run(Manager.java:1263)
	at ptolemy.actor.Manager$PtolemyRunThread.run(Manager.java:1933)
java.lang.RuntimeException: Execution failed
	at ptolemy.moml.MoMLSimpleApplication$UnloadThread.run(MoMLSimpleApplication.java:402)
Caused by: ptolemy.kernel.util.IllegalActionException: Found a zero delay loop containing .dependencyLoop2.original
  in .dependencyLoop2 and .dependencyLoop2.original
	at ptolemy.actor.util.CausalityInterfaceForComposites._computeOutputPortDepth(CausalityInterfaceForComposites.java:759)
	at ptolemy.actor.util.CausalityInterfaceForComposites._computeInputDepth(CausalityInterfaceForComposites.java:696)
	at ptolemy.actor.util.CausalityInterfaceForComposites._computeOutputPortDepth(CausalityInterfaceForComposites.java:765)
	at ptolemy.actor.util.CausalityInterfaceForComposites._computeInputDepth(CausalityInterfaceForComposites.java:696)
	at ptolemy.actor.util.CausalityInterfaceForComposites._computeOutputPortDepth(CausalityInterfaceForComposites.java:765)
	at ptolemy.actor.util.CausalityInterfaceForComposites._computeInputDepth(CausalityInterfaceForComposites.java:696)
	at ptolemy.actor.util.CausalityInterfaceForComposites._computeActorDepth(CausalityInterfaceForComposites.java:532)
	at ptolemy.actor.util.CausalityInterfaceForComposites.checkForCycles(CausalityInterfaceForComposites.java:96)
	at ptolemy.domains.de.kernel.DEDirector.preinitialize(DEDirector.java:1338)
	at ptolemy.actor.CompositeActor.preinitialize(CompositeActor.java:1828)
	at ptolemy.actor.Manager.preinitializeAndResolveTypes(Manager.java:1040)
	at ptolemy.actor.Manager.initialize(Manager.java:710)
	at ptolemy.actor.Manager.execute(Manager.java:356)
	at ptolemy.actor.Manager.run(Manager.java:1263)
	at ptolemy.actor.Manager$PtolemyRunThread.run(Manager.java:1933)
java.lang.reflect.InvocationTargetException
	at java.base/jdk.internal.reflect.NativeConstructorAccessorImpl.newInstance0(Native Method)
	at java.base/jdk.internal.reflect.NativeConstructorAccessorImpl.newInstance(NativeConstructorAccessorImpl.java:62)
	at java.base/jdk.internal.reflect.DelegatingConstructorAccessorImpl.newInstance(DelegatingConstructorAccessorImpl.java:45)
	at java.base/java.lang.reflect.Constructor.newInstance(Constructor.java:490)
	at ptolemy.util.test.junit.AutoKnownFailedTests.RunModel(AutoKnownFailedTests.java:105)
	at java.base/jdk.internal.reflect.NativeMethodAccessorImpl.invoke0(Native Method)
	at java.base/jdk.internal.reflect.NativeMethodAccessorImpl.invoke(NativeMethodAccessorImpl.java:62)
	at java.base/jdk.internal.reflect.DelegatingMethodAccessorImpl.invoke(DelegatingMethodAccessorImpl.java:43)
	at java.base/java.lang.reflect.Method.invoke(Method.java:566)
	at org.junit.runners.model.FrameworkMethod$1.runReflectiveCall(FrameworkMethod.java:44)
	at org.junit.internal.runners.model.ReflectiveCallable.run(ReflectiveCallable.java:15)
	at org.junit.runners.model.FrameworkMethod.invokeExplosively(FrameworkMethod.java:41)
	at junitparams.internal.InvokeParameterisedMethod.evaluate(InvokeParameterisedMethod.java:102)
	at org.junit.internal.runners.statements.FailOnTimeout$1.run(FailOnTimeout.java:28)
Caused by: ptolemy.kernel.util.IllegalActionException: Found a zero delay loop containing .dependencyLoop2.original
  in .dependencyLoop2 and .dependencyLoop2.original
	at ptolemy.actor.util.CausalityInterfaceForComposites._computeOutputPortDepth(CausalityInterfaceForComposites.java:759)
	at ptolemy.actor.util.CausalityInterfaceForComposites._computeInputDepth(CausalityInterfaceForComposites.java:696)
	at ptolemy.actor.util.CausalityInterfaceForComposites._computeOutputPortDepth(CausalityInterfaceForComposites.java:765)
	at ptolemy.actor.util.CausalityInterfaceForComposites._computeInputDepth(CausalityInterfaceForComposites.java:696)
	at ptolemy.actor.util.CausalityInterfaceForComposites._computeOutputPortDepth(CausalityInterfaceForComposites.java:765)
	at ptolemy.actor.util.CausalityInterfaceForComposites._computeInputDepth(CausalityInterfaceForComposites.java:696)
	at ptolemy.actor.util.CausalityInterfaceForComposites._computeActorDepth(CausalityInterfaceForComposites.java:532)
	at ptolemy.actor.util.CausalityInterfaceForComposites.checkForCycles(CausalityInterfaceForComposites.java:96)
	at ptolemy.domains.de.kernel.DEDirector.preinitialize(DEDirector.java:1338)
	at ptolemy.actor.CompositeActor.preinitialize(CompositeActor.java:1828)
	at ptolemy.actor.Manager.preinitializeAndResolveTypes(Manager.java:1040)
	at ptolemy.actor.Manager.initialize(Manager.java:710)
	at ptolemy.actor.Manager.execute(Manager.java:356)
	at ptolemy.actor.Manager.run(Manager.java:1263)
	at ptolemy.actor.Manager$PtolemyRunThread.run(Manager.java:1933)
]]></system-err>
</testsuite>
