<?xml version="1.0" encoding="UTF-8" ?>
<testsuite errors="0" failures="0" hostname="travis-job-22cf3943-6c64-4855-9ead-dafeac3b048b" name="ptolemy.domains.de.test.junit.JUnitTclTest" skipped="0" tests="101" time="131.775" timestamp="2018-06-11T01:20:24">
  <properties>
[...]
</properties>
  <testcase classname="ptolemy.util.test.junit.TclTests" name="[0] /home/travis/build/icyphy/ptII/ptolemy/domains/de/test/DependencyLoop.tcl (RunTclFile)" time="0.827" />
  <testcase classname="ptolemy.util.test.junit.TclTests" name="[1] /home/travis/build/icyphy/ptII/ptolemy/domains/de/test/RunDETestsAsQSS.tcl (RunTclFile)" time="92.516" />
  <testcase classname="ptolemy.util.test.junit.AutoKnownFailedTests" name="[0] /home/travis/build/icyphy/ptII/ptolemy/domains/de/test/auto/knownFailedTests/DESDFClockTest.xml (RunModel)" time="2.03" />
  <testcase classname="ptolemy.util.test.junit.AutoKnownFailedTests" name="[1] /home/travis/build/icyphy/ptII/ptolemy/domains/de/test/auto/knownFailedTests/DirectFeedback.xml (RunModel)" time="0.01" />
  <testcase classname="ptolemy.util.test.junit.AutoKnownFailedTests" name="[2] /home/travis/build/icyphy/ptII/ptolemy/domains/de/test/auto/knownFailedTests/FSMSource.xml (RunModel)" time="0.02" />
  <testcase classname="ptolemy.util.test.junit.AutoKnownFailedTests" name="[3] /home/travis/build/icyphy/ptII/ptolemy/domains/de/test/auto/knownFailedTests/HierarchicalModel.xml (RunModel)" time="0.032" />
  <testcase classname="ptolemy.util.test.junit.AutoKnownFailedTests" name="[4] /home/travis/build/icyphy/ptII/ptolemy/domains/de/test/auto/knownFailedTests/dependencyLoop.xml (RunModel)" time="0.038" />
  <testcase classname="ptolemy.util.test.junit.AutoKnownFailedTests" name="[5] /home/travis/build/icyphy/ptII/ptolemy/domains/de/test/auto/knownFailedTests/dependencyLoop2.xml (RunModel)" time="0.036" />
  <testcase classname="ptolemy.util.test.junit.AutoNameArchTests" name="[0] ThereAreNoAutoArchTests (RunModel)" time="0.0" />
  <testcase classname="ptolemy.util.test.junit.AutoTests" name="[0] /home/travis/build/icyphy/ptII/ptolemy/domains/de/test/auto/ActorDepthCalculation_actorWithoutPorts.xml (RunModel)" time="0.009" />
  <testcase classname="ptolemy.util.test.junit.AutoTests" name="[1] /home/travis/build/icyphy/ptII/ptolemy/domains/de/test/auto/AssemblyLine.xml (RunModel)" time="0.011" />
  <testcase classname="ptolemy.util.test.junit.AutoTests" name="[2] /home/travis/build/icyphy/ptII/ptolemy/domains/de/test/auto/CQBug1.xml (RunModel)" time="0.005" />
  <testcase classname="ptolemy.util.test.junit.AutoTests" name="[3] /home/travis/build/icyphy/ptII/ptolemy/domains/de/test/auto/CancelFireAt.xml (RunModel)" time="0.004" />
  <testcase classname="ptolemy.util.test.junit.AutoTests" name="[4] /home/travis/build/icyphy/ptII/ptolemy/domains/de/test/auto/CausalityAndComposabilityAnalysis.xml (RunModel)" time="0.008" />
  <testcase classname="ptolemy.util.test.junit.AutoTests" name="[5] /home/travis/build/icyphy/ptII/ptolemy/domains/de/test/auto/CausalityInterface1.xml (RunModel)" time="0.012" />
  <testcase classname="ptolemy.util.test.junit.AutoTests" name="[6] /home/travis/build/icyphy/ptII/ptolemy/domains/de/test/auto/CausalityInterface15.xml (RunModel)" time="0.009" />
  <testcase classname="ptolemy.util.test.junit.AutoTests" name="[7] /home/travis/build/icyphy/ptII/ptolemy/domains/de/test/auto/CausalityInterface2.xml (RunModel)" time="0.008" />
  <testcase classname="ptolemy.util.test.junit.AutoTests" name="[8] /home/travis/build/icyphy/ptII/ptolemy/domains/de/test/auto/CausalityInterface3.xml (RunModel)" time="0.009" />
  <testcase classname="ptolemy.util.test.junit.AutoTests" name="[9] /home/travis/build/icyphy/ptII/ptolemy/domains/de/test/auto/ClockDrift.xml (RunModel)" time="0.029" />
  <testcase classname="ptolemy.util.test.junit.AutoTests" name="[10] /home/travis/build/icyphy/ptII/ptolemy/domains/de/test/auto/ClockDriftAndValueChange.xml (RunModel)" time="0.025" />
  <testcase classname="ptolemy.util.test.junit.AutoTests" name="[11] /home/travis/build/icyphy/ptII/ptolemy/domains/de/test/auto/ClockDriftChange.xml (RunModel)" time="0.02" />
  <testcase classname="ptolemy.util.test.junit.AutoTests" name="[12] /home/travis/build/icyphy/ptII/ptolemy/domains/de/test/auto/ComposableCausalityAnalysis.xml (RunModel)" time="0.013" />
  <testcase classname="ptolemy.util.test.junit.AutoTests" name="[13] /home/travis/build/icyphy/ptII/ptolemy/domains/de/test/auto/DEFixedPointLimitation.xml (RunModel)" time="0.006" />
  <testcase classname="ptolemy.util.test.junit.AutoTests" name="[14] /home/travis/build/icyphy/ptII/ptolemy/domains/de/test/auto/DEScheduleTest.xml (RunModel)" time="0.008" />
  <testcase classname="ptolemy.util.test.junit.AutoTests" name="[15] /home/travis/build/icyphy/ptII/ptolemy/domains/de/test/auto/DEinDEwithStartTimes.xml (RunModel)" time="0.009" />
  <testcase classname="ptolemy.util.test.junit.AutoTests" name="[16] /home/travis/build/icyphy/ptII/ptolemy/domains/de/test/auto/DEinDEwithStartTimes2.xml (RunModel)" time="0.01" />
  <testcase classname="ptolemy.util.test.junit.AutoTests" name="[17] /home/travis/build/icyphy/ptII/ptolemy/domains/de/test/auto/DateDemo.xml (RunModel)" time="0.027" />
  <testcase classname="ptolemy.util.test.junit.AutoTests" name="[18] /home/travis/build/icyphy/ptII/ptolemy/domains/de/test/auto/DateToEvent.xml (RunModel)" time="2.03" />
  <testcase classname="ptolemy.util.test.junit.AutoTests" name="[19] /home/travis/build/icyphy/ptII/ptolemy/domains/de/test/auto/DepthTest1.xml (RunModel)" time="0.014" />
  <testcase classname="ptolemy.util.test.junit.AutoTests" name="[20] /home/travis/build/icyphy/ptII/ptolemy/domains/de/test/auto/DepthTest2.xml (RunModel)" time="0.012" />
  <testcase classname="ptolemy.util.test.junit.AutoTests" name="[21] /home/travis/build/icyphy/ptII/ptolemy/domains/de/test/auto/DepthTest3.xml (RunModel)" time="0.005" />
  <testcase classname="ptolemy.util.test.junit.AutoTests" name="[22] /home/travis/build/icyphy/ptII/ptolemy/domains/de/test/auto/DepthTest4.xml (RunModel)" time="0.008" />
  <testcase classname="ptolemy.util.test.junit.AutoTests" name="[23] /home/travis/build/icyphy/ptII/ptolemy/domains/de/test/auto/DepthTest5.xml (RunModel)" time="0.011" />
  <testcase classname="ptolemy.util.test.junit.AutoTests" name="[24] /home/travis/build/icyphy/ptII/ptolemy/domains/de/test/auto/DepthTest6.xml (RunModel)" time="0.009" />
  <testcase classname="ptolemy.util.test.junit.AutoTests" name="[25] /home/travis/build/icyphy/ptII/ptolemy/domains/de/test/auto/DepthTest7.xml (RunModel)" time="0.008" />
  <testcase classname="ptolemy.util.test.junit.AutoTests" name="[26] /home/travis/build/icyphy/ptII/ptolemy/domains/de/test/auto/EventToDate.xml (RunModel)" time="3.024" />
  <testcase classname="ptolemy.util.test.junit.AutoTests" name="[27] /home/travis/build/icyphy/ptII/ptolemy/domains/de/test/auto/FSM1.xml (RunModel)" time="0.035" />
  <testcase classname="ptolemy.util.test.junit.AutoTests" name="[28] /home/travis/build/icyphy/ptII/ptolemy/domains/de/test/auto/FSM7.xml (RunModel)" time="0.029" />
  <testcase classname="ptolemy.util.test.junit.AutoTests" name="[29] /home/travis/build/icyphy/ptII/ptolemy/domains/de/test/auto/Inspection.xml (RunModel)" time="0.033" />
  <testcase classname="ptolemy.util.test.junit.AutoTests" name="[30] /home/travis/build/icyphy/ptII/ptolemy/domains/de/test/auto/Iteration.xml (RunModel)" time="0.013" />
  <testcase classname="ptolemy.util.test.junit.AutoTests" name="[31] /home/travis/build/icyphy/ptII/ptolemy/domains/de/test/auto/LineFault.xml (RunModel)" time="0.406" />
  <testcase classname="ptolemy.util.test.junit.AutoTests" name="[32] /home/travis/build/icyphy/ptII/ptolemy/domains/de/test/auto/MergeModel1Add.xml (RunModel)" time="0.034" />
  <testcase classname="ptolemy.util.test.junit.AutoTests" name="[33] /home/travis/build/icyphy/ptII/ptolemy/domains/de/test/auto/MergeModel2Add.xml (RunModel)" time="0.027" />
  <testcase classname="ptolemy.util.test.junit.AutoTests" name="[34] /home/travis/build/icyphy/ptII/ptolemy/domains/de/test/auto/MergeModel3Add.xml (RunModel)" time="0.031" />
  <testcase classname="ptolemy.util.test.junit.AutoTests" name="[35] /home/travis/build/icyphy/ptII/ptolemy/domains/de/test/auto/MergeWithoutDiscard.xml (RunModel)" time="0.009" />
  <testcase classname="ptolemy.util.test.junit.AutoTests" name="[36] /home/travis/build/icyphy/ptII/ptolemy/domains/de/test/auto/Modal1.xml (RunModel)" time="0.024" />
  <testcase classname="ptolemy.util.test.junit.AutoTests" name="[37] /home/travis/build/icyphy/ptII/ptolemy/domains/de/test/auto/Modal2.xml (RunModel)" time="0.028" />
  <testcase classname="ptolemy.util.test.junit.AutoTests" name="[38] /home/travis/build/icyphy/ptII/ptolemy/domains/de/test/auto/Modal3.xml (RunModel)" time="0.022" />
  <testcase classname="ptolemy.util.test.junit.AutoTests" name="[39] /home/travis/build/icyphy/ptII/ptolemy/domains/de/test/auto/Modal4.xml (RunModel)" time="0.023" />
  <testcase classname="ptolemy.util.test.junit.AutoTests" name="[40] /home/travis/build/icyphy/ptII/ptolemy/domains/de/test/auto/Modal5.xml (RunModel)" time="0.026" />
  <testcase classname="ptolemy.util.test.junit.AutoTests" name="[41] /home/travis/build/icyphy/ptII/ptolemy/domains/de/test/auto/Modal6.xml (RunModel)" time="0.02" />
  <testcase classname="ptolemy.util.test.junit.AutoTests" name="[42] /home/travis/build/icyphy/ptII/ptolemy/domains/de/test/auto/Modal7.xml (RunModel)" time="0.021" />
  <testcase classname="ptolemy.util.test.junit.AutoTests" name="[43] /home/travis/build/icyphy/ptII/ptolemy/domains/de/test/auto/ModalModel.xml (RunModel)" time="0.131" />
  <testcase classname="ptolemy.util.test.junit.AutoTests" name="[44] /home/travis/build/icyphy/ptII/ptolemy/domains/de/test/auto/ModalSource.xml (RunModel)" time="0.014" />
  <testcase classname="ptolemy.util.test.junit.AutoTests" name="[45] /home/travis/build/icyphy/ptII/ptolemy/domains/de/test/auto/NonInterruptibleTimerZeroDelay.xml (RunModel)" time="0.009" />
  <testcase classname="ptolemy.util.test.junit.AutoTests" name="[46] /home/travis/build/icyphy/ptII/ptolemy/domains/de/test/auto/OpenQueueingNetwork.xml (RunModel)" time="1.838" />
  <testcase classname="ptolemy.util.test.junit.AutoTests" name="[47] /home/travis/build/icyphy/ptII/ptolemy/domains/de/test/auto/OpenQueuingNetwork.xml (RunModel)" time="0.309" />
  <testcase classname="ptolemy.util.test.junit.AutoTests" name="[48] /home/travis/build/icyphy/ptII/ptolemy/domains/de/test/auto/PeriodicSampler.xml (RunModel)" time="0.015" />
  <testcase classname="ptolemy.util.test.junit.AutoTests" name="[49] /home/travis/build/icyphy/ptII/ptolemy/domains/de/test/auto/PersistentIO.xml (RunModel)" time="0.022" />
  <testcase classname="ptolemy.util.test.junit.AutoTests" name="[50] /home/travis/build/icyphy/ptII/ptolemy/domains/de/test/auto/PortParameterResetOnInitialize.xml (RunModel)" time="0.009" />
  <testcase classname="ptolemy.util.test.junit.AutoTests" name="[51] /home/travis/build/icyphy/ptII/ptolemy/domains/de/test/auto/PortParameterUpdates.xml (RunModel)" time="0.014" />
  <testcase classname="ptolemy.util.test.junit.AutoTests" name="[52] /home/travis/build/icyphy/ptII/ptolemy/domains/de/test/auto/QueueAndServer.xml (RunModel)" time="0.02" />
  <testcase classname="ptolemy.util.test.junit.AutoTests" name="[53] /home/travis/build/icyphy/ptII/ptolemy/domains/de/test/auto/Records.xml (RunModel)" time="0.013" />
  <testcase classname="ptolemy.util.test.junit.AutoTests" name="[54] /home/travis/build/icyphy/ptII/ptolemy/domains/de/test/auto/ResetTransitionWithStartTime1.xml (RunModel)" time="0.018" />
  <testcase classname="ptolemy.util.test.junit.AutoTests" name="[55] /home/travis/build/icyphy/ptII/ptolemy/domains/de/test/auto/ResetTransitionWithStartTime2.xml (RunModel)" time="0.02" />
  <testcase classname="ptolemy.util.test.junit.AutoTests" name="[56] /home/travis/build/icyphy/ptII/ptolemy/domains/de/test/auto/ResetTransitionWithStartTime3.xml (RunModel)" time="0.018" />
  <testcase classname="ptolemy.util.test.junit.AutoTests" name="[57] /home/travis/build/icyphy/ptII/ptolemy/domains/de/test/auto/ResetTransitionWithStartTime4.xml (RunModel)" time="0.017" />
  <testcase classname="ptolemy.util.test.junit.AutoTests" name="[58] /home/travis/build/icyphy/ptII/ptolemy/domains/de/test/auto/ResettableTimer1.xml (RunModel)" time="0.009" />
  <testcase classname="ptolemy.util.test.junit.AutoTests" name="[59] /home/travis/build/icyphy/ptII/ptolemy/domains/de/test/auto/ResettableTimer2.xml (RunModel)" time="0.009" />
  <testcase classname="ptolemy.util.test.junit.AutoTests" name="[60] /home/travis/build/icyphy/ptII/ptolemy/domains/de/test/auto/ResettableTimer3.xml (RunModel)" time="0.008" />
  <testcase classname="ptolemy.util.test.junit.AutoTests" name="[61] /home/travis/build/icyphy/ptII/ptolemy/domains/de/test/auto/ResettableTimer4.xml (RunModel)" time="0.008" />
  <testcase classname="ptolemy.util.test.junit.AutoTests" name="[62] /home/travis/build/icyphy/ptII/ptolemy/domains/de/test/auto/ResettableTimer5.xml (RunModel)" time="0.01" />
  <testcase classname="ptolemy.util.test.junit.AutoTests" name="[63] /home/travis/build/icyphy/ptII/ptolemy/domains/de/test/auto/ResettableTimer6.xml (RunModel)" time="0.01" />
  <testcase classname="ptolemy.util.test.junit.AutoTests" name="[64] /home/travis/build/icyphy/ptII/ptolemy/domains/de/test/auto/ServerZeroDelay.xml (RunModel)" time="0.01" />
  <testcase classname="ptolemy.util.test.junit.AutoTests" name="[65] /home/travis/build/icyphy/ptII/ptolemy/domains/de/test/auto/SmartSender.xml (RunModel)" time="3.008" />
  <testcase classname="ptolemy.util.test.junit.AutoTests" name="[66] /home/travis/build/icyphy/ptII/ptolemy/domains/de/test/auto/ThreadedComposite.xml (RunModel)" time="0.172" />
  <testcase classname="ptolemy.util.test.junit.AutoTests" name="[67] /home/travis/build/icyphy/ptII/ptolemy/domains/de/test/auto/Time.xml (RunModel)" time="0.476" />
  <testcase classname="ptolemy.util.test.junit.AutoTests" name="[68] /home/travis/build/icyphy/ptII/ptolemy/domains/de/test/auto/TimeDelayZeroDelay.xml (RunModel)" time="0.01" />
  <testcase classname="ptolemy.util.test.junit.AutoTests" name="[69] /home/travis/build/icyphy/ptII/ptolemy/domains/de/test/auto/TimerZeroDelay.xml (RunModel)" time="0.009" />
  <testcase classname="ptolemy.util.test.junit.AutoTests" name="[70] /home/travis/build/icyphy/ptII/ptolemy/domains/de/test/auto/TimingParadox.xml (RunModel)" time="0.372" />
  <testcase classname="ptolemy.util.test.junit.AutoTests" name="[71] /home/travis/build/icyphy/ptII/ptolemy/domains/de/test/auto/TransferInputs.xml (RunModel)" time="0.011" />
  <testcase classname="ptolemy.util.test.junit.AutoTests" name="[72] /home/travis/build/icyphy/ptII/ptolemy/domains/de/test/auto/TransferOutputs2.xml (RunModel)" time="0.017" />
  <testcase classname="ptolemy.util.test.junit.AutoTests" name="[73] /home/travis/build/icyphy/ptII/ptolemy/domains/de/test/auto/Trilateration.xml (RunModel)" time="10.822" />
  <testcase classname="ptolemy.util.test.junit.AutoTests" name="[74] /home/travis/build/icyphy/ptII/ptolemy/domains/de/test/auto/TwoSigmaDelta.xml (RunModel)" time="2.219" />
  <testcase classname="ptolemy.util.test.junit.AutoTests" name="[75] /home/travis/build/icyphy/ptII/ptolemy/domains/de/test/auto/VariableDelay.xml (RunModel)" time="0.016" />
  <testcase classname="ptolemy.util.test.junit.AutoTests" name="[76] /home/travis/build/icyphy/ptII/ptolemy/domains/de/test/auto/VariableDelay2.xml (RunModel)" time="0.016" />
  <testcase classname="ptolemy.util.test.junit.AutoTests" name="[77] /home/travis/build/icyphy/ptII/ptolemy/domains/de/test/auto/VariableDelayZeroDelay.xml (RunModel)" time="0.012" />
  <testcase classname="ptolemy.util.test.junit.AutoTests" name="[78] /home/travis/build/icyphy/ptII/ptolemy/domains/de/test/auto/VariableDelayZeroDelay2.xml (RunModel)" time="0.009" />
  <testcase classname="ptolemy.util.test.junit.AutoTests" name="[79] /home/travis/build/icyphy/ptII/ptolemy/domains/de/test/auto/deInCt.xml (RunModel)" time="0.019" />
  <testcase classname="ptolemy.util.test.junit.AutoTests" name="[80] /home/travis/build/icyphy/ptII/ptolemy/domains/de/test/auto/deInCt2.xml (RunModel)" time="0.018" />
  <testcase classname="ptolemy.util.test.junit.AutoTests" name="[81] /home/travis/build/icyphy/ptII/ptolemy/domains/de/test/auto/dynamicCausalityInterface1.xml (RunModel)" time="0.018" />
  <testcase classname="ptolemy.util.test.junit.AutoTests" name="[82] /home/travis/build/icyphy/ptII/ptolemy/domains/de/test/auto/fsm_de_test.xml (RunModel)" time="0.027" />
  <testcase classname="ptolemy.util.test.junit.AutoTests" name="[83] /home/travis/build/icyphy/ptII/ptolemy/domains/de/test/auto/functionDependencyReconstruction.xml (RunModel)" time="0.034" />
  <testcase classname="ptolemy.util.test.junit.AutoTests" name="[84] /home/travis/build/icyphy/ptII/ptolemy/domains/de/test/auto/multirate.xml (RunModel)" time="0.016" />
  <testcase classname="ptolemy.util.test.junit.AutoTests" name="[85] /home/travis/build/icyphy/ptII/ptolemy/domains/de/test/auto/multirate2.xml (RunModel)" time="0.015" />
  <testcase classname="ptolemy.util.test.junit.AutoTests" name="[86] /home/travis/build/icyphy/ptII/ptolemy/domains/de/test/auto/realtime.xml (RunModel)" time="10.01" />
  <testcase classname="ptolemy.util.test.junit.AutoTests" name="[87] /home/travis/build/icyphy/ptII/ptolemy/domains/de/test/auto/relationGroup.xml (RunModel)" time="0.008" />
  <testcase classname="ptolemy.util.test.junit.AutoTests" name="[88] /home/travis/build/icyphy/ptII/ptolemy/domains/de/test/auto/relationGroup2.xml (RunModel)" time="0.007" />
  <testcase classname="ptolemy.util.test.junit.AutoTests" name="[89] /home/travis/build/icyphy/ptII/ptolemy/domains/de/test/auto/sortWithOpaquePorts.xml (RunModel)" time="0.008" />
  <testcase classname="ptolemy.util.test.junit.AutoTests" name="[90] /home/travis/build/icyphy/ptII/ptolemy/domains/de/test/auto/transferInputsandOutputs.xml (RunModel)" time="0.014" />
  <testcase classname="ptolemy.util.test.junit.AutoTests" name="[91] /home/travis/build/icyphy/ptII/ptolemy/domains/de/test/auto/triggerType.xml (RunModel)" time="0.008" />
  <system-out><![CDATA[/home/travis/build/icyphy/ptII/ptolemy/domains/de/test/DependencyLoop.tcl
testDefs.tcl: setting time out to 9000 seconds at Mon Jun 11 01:20:24 UTC 2018
17 ms. Memory: 116224K Free: 95121K (82%)
8 ms. Memory: 146944K Free: 137491K (94%)
/home/travis/build/icyphy/ptII/ptolemy/domains/de/test/RunDETestsAsQSS.tcl
Run the DE tests using ptolemy.domains.qss.test.QSSDirectorTest, which extends QSSDirector and prints a message in the constructors.
------------------ testing $PTII/ptolemy/domains/de/test/auto/knownFailedTests/dependencyLoop.xml (Known Failure) 
9 ms. Memory: 146944K Free: 133222K (91%)


==== $PTIIhome/travis/build/icyphy/ptII/ptolemy/domains/de/test/../../../../: Auto Automatic test in file $PTII/ptolemy/domains/de/test/auto/knownFailedTests/dependencyLoop.xml
==== Contents of test case:

	    # FIXME: we should use $relativeFilename here, but it
	    # might have backslashes under Windows, which causes no end
	    # of trouble.
	    createAndExecute $file
	    list {}
	
.... Test generated KNOWN error:
    while executing
ptolemy.kernel.util.IllegalActionException: Found a zero delay loop containing .dependencyLoop.original
  in .dependencyLoop and .dependencyLoop.original
	at ptolemy.actor.util.CausalityInterfaceForComposites._computeOutputPortDepth(CausalityInterfaceForComposites.java:759)
	at ptolemy.actor.util.CausalityInterfaceForComposites._computeInputDepth(CausalityInterfaceForComposites.java:696)
	at ptolemy.actor.util.CausalityInterfaceForComposites._computeOutputPortDepth(CausalityInterfaceForComposites.java:765)
	at ptolemy.actor.util.CausalityInterfaceForComposites._computeInputDepth(CausalityInterfaceForComposites.java:696)
	at ptolemy.actor.util.CausalityInterfaceForComposites._computeOutputPortDepth(CausalityInterfaceForComposites.java:765)
	at ptolemy.actor.util.CausalityInterfaceForComposites._computeInputDepth(CausalityInterfaceForComposites.java:696)
	at ptolemy.actor.util.CausalityInterfaceForComposites._computeActorDepth(CausalityInterfaceForComposites.java:532)
	at ptolemy.actor.util.CausalityInterfaceForComposites.checkForCycles(CausalityInterfaceForComposites.java:96)
	at ptolemy.domains.de.kernel.DEDirector.preinitialize(DEDirector.java:1338)
	at ptolemy.actor.CompositeActor.preinitialize(CompositeActor.java:1828)
	at ptolemy.actor.Manager.preinitializeAndResolveTypes(Manager.java:1040)
	at ptolemy.actor.Manager.initialize(Manager.java:710)
	at ptolemy.actor.Manager.execute(Manager.java:356)
	at ptolemy.actor.Manager.run(Manager.java:1263)
	at ptolemy.actor.Manager$PtolemyRunThread.run(Manager.java:1915)

    while executing
ptolemy.kernel.util.IllegalActionException: Found a zero delay loop containing .dependencyLoop.original
  in .dependencyLoop and .dependencyLoop.original
    while executing
"java::new ptolemy.moml.MoMLSimpleApplication $file
"
    (procedure "createAndExecute" line 2)
    invoked from within
"createAndExecute $file"
    ("uplevel" body line 5)
    invoked from within
"uplevel $contents_of_test"
------------------ testing $PTII/ptolemy/domains/de/test/auto/knownFailedTests/DESDFClockTest.xml (Known Failure) 
2050 ms. Memory: 146944K Free: 117819K (80%)


==== $PTIIhome/travis/build/icyphy/ptII/ptolemy/domains/de/test/../../../../: Auto Automatic test in file $PTII/ptolemy/domains/de/test/auto/knownFailedTests/DESDFClockTest.xml
==== Contents of test case:

	    # FIXME: we should use $relativeFilename here, but it
	    # might have backslashes under Windows, which causes no end
	    # of trouble.
	    createAndExecute $file
	    list {}
	
.... Test generated KNOWN error:
    while executing
ptolemy.kernel.util.IllegalActionException: Actor is not ready to fire.  Perhaps UpSample.prefire() returned false? Try debugging the actor by selecting "Listen to Actor".  Also, for SDF check moml for tokenConsumptionRate on input.
  in .DESDFClockTest.Play Bell.Copy1:SDF Director and .DESDFClockTest.Play Bell.UpSample
	at ptolemy.actor.sched.StaticSchedulingDirector.fire(StaticSchedulingDirector.java:227)
	at ptolemy.domains.sdf.kernel.SDFDirector.fire(SDFDirector.java:500)
	at ptolemy.actor.CompositeActor.fire(CompositeActor.java:455)
	at ptolemy.domains.de.kernel.DEDirector._fire(DEDirector.java:1949)
	at ptolemy.domains.de.kernel.DEDirector.fire(DEDirector.java:502)
	at ptolemy.actor.CompositeActor.fire(CompositeActor.java:455)
	at ptolemy.actor.Manager.iterate(Manager.java:851)
	at ptolemy.actor.Manager.execute(Manager.java:369)
	at ptolemy.actor.Manager.run(Manager.java:1263)
	at ptolemy.actor.Manager$PtolemyRunThread.run(Manager.java:1915)

    while executing
ptolemy.kernel.util.IllegalActionException: Actor is not ready to fire.  Perhaps UpSample.prefire() returned false? Try debugging the actor by selecting "Listen to Actor".  Also, for SDF check moml for tokenConsumptionRate on input.
  in .DESDFClockTest.Play Bell.Copy1:SDF Director and .DESDFClockTest.Play Bell.UpSample
    while executing
"java::new ptolemy.moml.MoMLSimpleApplication $file
"
    (procedure "createAndExecute" line 2)
    invoked from within
"createAndExecute $file"
    ("uplevel" body line 5)
    invoked from within
"uplevel $contents_of_test"
------------------ testing $PTII/ptolemy/domains/de/test/auto/knownFailedTests/FSMSource.xml (Known Failure) 
26 ms. Memory: 146944K Free: 108879K (74%)
!!!! Auto was marked as failing, but now passes
------------------ testing $PTII/ptolemy/domains/de/test/auto/knownFailedTests/dependencyLoop2.xml (Known Failure) 
6 ms. Memory: 146944K Free: 106995K (73%)


==== $PTIIhome/travis/build/icyphy/ptII/ptolemy/domains/de/test/../../../../: Auto Automatic test in file $PTII/ptolemy/domains/de/test/auto/knownFailedTests/dependencyLoop2.xml
==== Contents of test case:

	    # FIXME: we should use $relativeFilename here, but it
	    # might have backslashes under Windows, which causes no end
	    # of trouble.
	    createAndExecute $file
	    list {}
	
.... Test generated KNOWN error:
    while executing
ptolemy.kernel.util.IllegalActionException: Found a zero delay loop containing .dependencyLoop2.original
  in .dependencyLoop2 and .dependencyLoop2.original
	at ptolemy.actor.util.CausalityInterfaceForComposites._computeOutputPortDepth(CausalityInterfaceForComposites.java:759)
	at ptolemy.actor.util.CausalityInterfaceForComposites._computeInputDepth(CausalityInterfaceForComposites.java:696)
	at ptolemy.actor.util.CausalityInterfaceForComposites._computeOutputPortDepth(CausalityInterfaceForComposites.java:765)
	at ptolemy.actor.util.CausalityInterfaceForComposites._computeInputDepth(CausalityInterfaceForComposites.java:696)
	at ptolemy.actor.util.CausalityInterfaceForComposites._computeOutputPortDepth(CausalityInterfaceForComposites.java:765)
	at ptolemy.actor.util.CausalityInterfaceForComposites._computeInputDepth(CausalityInterfaceForComposites.java:696)
	at ptolemy.actor.util.CausalityInterfaceForComposites._computeActorDepth(CausalityInterfaceForComposites.java:532)
	at ptolemy.actor.util.CausalityInterfaceForComposites.checkForCycles(CausalityInterfaceForComposites.java:96)
	at ptolemy.domains.de.kernel.DEDirector.preinitialize(DEDirector.java:1338)
	at ptolemy.actor.CompositeActor.preinitialize(CompositeActor.java:1828)
	at ptolemy.actor.Manager.preinitializeAndResolveTypes(Manager.java:1040)
	at ptolemy.actor.Manager.initialize(Manager.java:710)
	at ptolemy.actor.Manager.execute(Manager.java:356)
	at ptolemy.actor.Manager.run(Manager.java:1263)
	at ptolemy.actor.Manager$PtolemyRunThread.run(Manager.java:1915)

    while executing
ptolemy.kernel.util.IllegalActionException: Found a zero delay loop containing .dependencyLoop2.original
  in .dependencyLoop2 and .dependencyLoop2.original
    while executing
"java::new ptolemy.moml.MoMLSimpleApplication $file
"
    (procedure "createAndExecute" line 2)
    invoked from within
"createAndExecute $file"
    ("uplevel" body line 5)
    invoked from within
"uplevel $contents_of_test"
------------------ testing $PTII/ptolemy/domains/de/test/auto/knownFailedTests/HierarchicalModel.xml (Known Failure) 
6 ms. Memory: 146944K Free: 86588K (59%)


==== $PTIIhome/travis/build/icyphy/ptII/ptolemy/domains/de/test/../../../../: Auto Automatic test in file $PTII/ptolemy/domains/de/test/auto/knownFailedTests/HierarchicalModel.xml
==== Contents of test case:

	    # FIXME: we should use $relativeFilename here, but it
	    # might have backslashes under Windows, which causes no end
	    # of trouble.
	    createAndExecute $file
	    list {}
	
.... Test generated KNOWN error:
    while executing
ptolemy.kernel.util.IllegalActionException: Found a zero delay loop containing .HierarchicalModel.A
  in .HierarchicalModel and .HierarchicalModel.A
	at ptolemy.actor.util.CausalityInterfaceForComposites._computeOutputPortDepth(CausalityInterfaceForComposites.java:759)
	at ptolemy.actor.util.CausalityInterfaceForComposites._computeInputDepth(CausalityInterfaceForComposites.java:696)
	at ptolemy.actor.util.CausalityInterfaceForComposites._computeOutputPortDepth(CausalityInterfaceForComposites.java:765)
	at ptolemy.actor.util.CausalityInterfaceForComposites._computeInputDepth(CausalityInterfaceForComposites.java:696)
	at ptolemy.actor.util.CausalityInterfaceForComposites._computeOutputPortDepth(CausalityInterfaceForComposites.java:765)
	at ptolemy.actor.util.CausalityInterfaceForComposites._computeInputDepth(CausalityInterfaceForComposites.java:696)
	at ptolemy.actor.util.CausalityInterfaceForComposites._computeActorDepth(CausalityInterfaceForComposites.java:532)
	at ptolemy.actor.util.CausalityInterfaceForComposites.checkForCycles(CausalityInterfaceForComposites.java:96)
	at ptolemy.domains.de.kernel.DEDirector.preinitialize(DEDirector.java:1338)
	at ptolemy.actor.CompositeActor.preinitialize(CompositeActor.java:1828)
	at ptolemy.actor.Manager.preinitializeAndResolveTypes(Manager.java:1040)
	at ptolemy.actor.Manager.initialize(Manager.java:710)
	at ptolemy.actor.Manager.execute(Manager.java:356)
	at ptolemy.actor.Manager.run(Manager.java:1263)
	at ptolemy.actor.Manager$PtolemyRunThread.run(Manager.java:1915)

    while executing
ptolemy.kernel.util.IllegalActionException: Found a zero delay loop containing .HierarchicalModel.A
  in .HierarchicalModel and .HierarchicalModel.A
    while executing
"java::new ptolemy.moml.MoMLSimpleApplication $file
"
    (procedure "createAndExecute" line 2)
    invoked from within
"createAndExecute $file"
    ("uplevel" body line 5)
    invoked from within
"uplevel $contents_of_test"
------------------ testing $PTII/ptolemy/domains/de/test/auto/knownFailedTests/DirectFeedback.xml (Known Failure) 
11 ms. Memory: 146944K Free: 142596K (97%)


==== $PTIIhome/travis/build/icyphy/ptII/ptolemy/domains/de/test/../../../../: Auto Automatic test in file $PTII/ptolemy/domains/de/test/auto/knownFailedTests/DirectFeedback.xml
==== Contents of test case:

	    # FIXME: we should use $relativeFilename here, but it
	    # might have backslashes under Windows, which causes no end
	    # of trouble.
	    createAndExecute $file
	    list {}
	
.... Test generated KNOWN error:
    while executing
ptolemy.kernel.util.IllegalActionException: Test fails in iteration 1.
Value was: 1.0. Should have been: 2.0
  in .DirectFeedback.Test
	at ptolemy.actor.lib.Test.fire(Test.java:268)
	at ptolemy.domains.de.kernel.DEDirector._fire(DEDirector.java:1949)
	at ptolemy.domains.de.kernel.DEDirector.fire(DEDirector.java:502)
	at ptolemy.actor.CompositeActor.fire(CompositeActor.java:455)
	at ptolemy.actor.Manager.iterate(Manager.java:851)
	at ptolemy.actor.Manager.execute(Manager.java:369)
	at ptolemy.actor.Manager.run(Manager.java:1263)
	at ptolemy.actor.Manager$PtolemyRunThread.run(Manager.java:1915)

    while executing
ptolemy.kernel.util.IllegalActionException: Test fails in iteration 1.
Value was: 1.0. Should have been: 2.0
  in .DirectFeedback.Test
    while executing
"java::new ptolemy.moml.MoMLSimpleApplication $file
"
    (procedure "createAndExecute" line 2)
    invoked from within
"createAndExecute $file"
    ("uplevel" body line 5)
    invoked from within
"uplevel $contents_of_test"
------------------ testing $PTII/ptolemy/domains/de/test/auto/ActorDepthCalculation_actorWithoutPorts.xml
auto.tcl: Setting watchdog for 200 seconds at Mon Jun 11 01:20:27 UTC 2018
12 ms. Memory: 146944K Free: 133637K (91%)
ptolemy.util.test.WatchDog.cancel(): canceling Mon Jun 11 01:20:27 UTC 2018
auto.tcl: Setting watchdog for 200 seconds at Mon Jun 11 01:20:27 UTC 2018
4 ms. Memory: 146944K Free: 132600K (90%)
ptolemy.util.test.WatchDog.cancel(): canceling Mon Jun 11 01:20:27 UTC 2018
------------------ testing $PTII/ptolemy/domains/de/test/auto/AssemblyLine.xml
auto.tcl: Setting watchdog for 200 seconds at Mon Jun 11 01:20:28 UTC 2018
24 ms. Memory: 208384K Free: 182853K (88%)
ptolemy.util.test.WatchDog.cancel(): canceling Mon Jun 11 01:20:28 UTC 2018
auto.tcl: Setting watchdog for 200 seconds at Mon Jun 11 01:20:28 UTC 2018
7 ms. Memory: 208384K Free: 182853K (88%)
ptolemy.util.test.WatchDog.cancel(): canceling Mon Jun 11 01:20:28 UTC 2018
------------------ testing $PTII/ptolemy/domains/de/test/auto/CQBug1.xml
auto.tcl: Setting watchdog for 200 seconds at Mon Jun 11 01:20:28 UTC 2018
3 ms. Memory: 208384K Free: 197723K (95%)
ptolemy.util.test.WatchDog.cancel(): canceling Mon Jun 11 01:20:28 UTC 2018
auto.tcl: Setting watchdog for 200 seconds at Mon Jun 11 01:20:28 UTC 2018
2 ms. Memory: 208384K Free: 197723K (95%)
ptolemy.util.test.WatchDog.cancel(): canceling Mon Jun 11 01:20:28 UTC 2018
------------------ testing $PTII/ptolemy/domains/de/test/auto/CancelFireAt.xml
auto.tcl: Setting watchdog for 200 seconds at Mon Jun 11 01:20:28 UTC 2018
9 ms. Memory: 208384K Free: 201443K (97%)
ptolemy.util.test.WatchDog.cancel(): canceling Mon Jun 11 01:20:28 UTC 2018
auto.tcl: Setting watchdog for 200 seconds at Mon Jun 11 01:20:28 UTC 2018
6 ms. Memory: 208384K Free: 199344K (96%)
ptolemy.util.test.WatchDog.cancel(): canceling Mon Jun 11 01:20:28 UTC 2018
------------------ testing $PTII/ptolemy/domains/de/test/auto/CausalityAndComposabilityAnalysis.xml
auto.tcl: Setting watchdog for 200 seconds at Mon Jun 11 01:20:28 UTC 2018
9 ms. Memory: 208384K Free: 196506K (94%)
ptolemy.util.test.WatchDog.cancel(): canceling Mon Jun 11 01:20:28 UTC 2018
auto.tcl: Setting watchdog for 200 seconds at Mon Jun 11 01:20:28 UTC 2018
8 ms. Memory: 208384K Free: 196506K (94%)
ptolemy.util.test.WatchDog.cancel(): canceling Mon Jun 11 01:20:28 UTC 2018
------------------ testing $PTII/ptolemy/domains/de/test/auto/CausalityInterface1.xml
auto.tcl: Setting watchdog for 200 seconds at Mon Jun 11 01:20:28 UTC 2018
17 ms. Memory: 208384K Free: 196442K (94%)
ptolemy.util.test.WatchDog.cancel(): canceling Mon Jun 11 01:20:28 UTC 2018
auto.tcl: Setting watchdog for 200 seconds at Mon Jun 11 01:20:28 UTC 2018
5 ms. Memory: 208384K Free: 196442K (94%)
ptolemy.util.test.WatchDog.cancel(): canceling Mon Jun 11 01:20:28 UTC 2018
------------------ testing $PTII/ptolemy/domains/de/test/auto/CausalityInterface15.xml
auto.tcl: Setting watchdog for 200 seconds at Mon Jun 11 01:20:28 UTC 2018
17 ms. Memory: 208384K Free: 196433K (94%)
ptolemy.util.test.WatchDog.cancel(): canceling Mon Jun 11 01:20:28 UTC 2018
auto.tcl: Setting watchdog for 200 seconds at Mon Jun 11 01:20:28 UTC 2018
4 ms. Memory: 208384K Free: 196433K (94%)
ptolemy.util.test.WatchDog.cancel(): canceling Mon Jun 11 01:20:28 UTC 2018
------------------ testing $PTII/ptolemy/domains/de/test/auto/CausalityInterface2.xml
auto.tcl: Setting watchdog for 200 seconds at Mon Jun 11 01:20:28 UTC 2018
12 ms. Memory: 208384K Free: 196416K (94%)
ptolemy.util.test.WatchDog.cancel(): canceling Mon Jun 11 01:20:28 UTC 2018
auto.tcl: Setting watchdog for 200 seconds at Mon Jun 11 01:20:28 UTC 2018
3 ms. Memory: 208384K Free: 196416K (94%)
ptolemy.util.test.WatchDog.cancel(): canceling Mon Jun 11 01:20:28 UTC 2018
------------------ testing $PTII/ptolemy/domains/de/test/auto/CausalityInterface3.xml
auto.tcl: Setting watchdog for 200 seconds at Mon Jun 11 01:20:28 UTC 2018
8 ms. Memory: 208384K Free: 196429K (94%)
ptolemy.util.test.WatchDog.cancel(): canceling Mon Jun 11 01:20:29 UTC 2018
auto.tcl: Setting watchdog for 200 seconds at Mon Jun 11 01:20:29 UTC 2018
6 ms. Memory: 208384K Free: 196429K (94%)
ptolemy.util.test.WatchDog.cancel(): canceling Mon Jun 11 01:20:29 UTC 2018
------------------ testing $PTII/ptolemy/domains/de/test/auto/ClockDrift.xml
auto.tcl: Setting watchdog for 200 seconds at Mon Jun 11 01:20:29 UTC 2018
105 ms. Memory: 208384K Free: 187665K (90%)
ptolemy.util.test.WatchDog.cancel(): canceling Mon Jun 11 01:20:29 UTC 2018
auto.tcl: Setting watchdog for 200 seconds at Mon Jun 11 01:20:29 UTC 2018
72 ms. Memory: 208384K Free: 185566K (89%)
ptolemy.util.test.WatchDog.cancel(): canceling Mon Jun 11 01:20:29 UTC 2018
------------------ testing $PTII/ptolemy/domains/de/test/auto/ClockDriftAndValueChange.xml
auto.tcl: Setting watchdog for 200 seconds at Mon Jun 11 01:20:29 UTC 2018
56 ms. Memory: 208384K Free: 187498K (90%)
ptolemy.util.test.WatchDog.cancel(): canceling Mon Jun 11 01:20:29 UTC 2018
auto.tcl: Setting watchdog for 200 seconds at Mon Jun 11 01:20:29 UTC 2018
53 ms. Memory: 208384K Free: 185399K (89%)
ptolemy.util.test.WatchDog.cancel(): canceling Mon Jun 11 01:20:29 UTC 2018
------------------ testing $PTII/ptolemy/domains/de/test/auto/ClockDriftChange.xml
auto.tcl: Setting watchdog for 200 seconds at Mon Jun 11 01:20:29 UTC 2018
45 ms. Memory: 208384K Free: 190819K (92%)
ptolemy.util.test.WatchDog.cancel(): canceling Mon Jun 11 01:20:29 UTC 2018
auto.tcl: Setting watchdog for 200 seconds at Mon Jun 11 01:20:29 UTC 2018
27 ms. Memory: 208384K Free: 188720K (91%)
ptolemy.util.test.WatchDog.cancel(): canceling Mon Jun 11 01:20:29 UTC 2018
------------------ testing $PTII/ptolemy/domains/de/test/auto/ComposableCausalityAnalysis.xml
auto.tcl: Setting watchdog for 200 seconds at Mon Jun 11 01:20:29 UTC 2018
2 ms. Memory: 208384K Free: 196283K (94%)
ptolemy.util.test.WatchDog.cancel(): canceling Mon Jun 11 01:20:29 UTC 2018
auto.tcl: Setting watchdog for 200 seconds at Mon Jun 11 01:20:29 UTC 2018
2 ms. Memory: 208384K Free: 194185K (93%)
ptolemy.util.test.WatchDog.cancel(): canceling Mon Jun 11 01:20:29 UTC 2018
------------------ testing $PTII/ptolemy/domains/de/test/auto/DEFixedPointLimitation.xml
auto.tcl: Setting watchdog for 200 seconds at Mon Jun 11 01:20:29 UTC 2018
2 ms. Memory: 208384K Free: 196161K (94%)
ptolemy.util.test.WatchDog.cancel(): canceling Mon Jun 11 01:20:29 UTC 2018
auto.tcl: Setting watchdog for 200 seconds at Mon Jun 11 01:20:29 UTC 2018
1 ms. Memory: 208384K Free: 196161K (94%)
ptolemy.util.test.WatchDog.cancel(): canceling Mon Jun 11 01:20:29 UTC 2018
------------------ testing $PTII/ptolemy/domains/de/test/auto/DEScheduleTest.xml
auto.tcl: Setting watchdog for 200 seconds at Mon Jun 11 01:20:29 UTC 2018
4 ms. Memory: 208384K Free: 198294K (95%)
ptolemy.util.test.WatchDog.cancel(): canceling Mon Jun 11 01:20:29 UTC 2018
auto.tcl: Setting watchdog for 200 seconds at Mon Jun 11 01:20:30 UTC 2018
5 ms. Memory: 208384K Free: 196195K (94%)
ptolemy.util.test.WatchDog.cancel(): canceling Mon Jun 11 01:20:30 UTC 2018
------------------ testing $PTII/ptolemy/domains/de/test/auto/DEinDEwithStartTimes.xml
auto.tcl: Setting watchdog for 200 seconds at Mon Jun 11 01:20:30 UTC 2018
4 ms. Memory: 208384K Free: 196165K (94%)
ptolemy.util.test.WatchDog.cancel(): canceling Mon Jun 11 01:20:30 UTC 2018
auto.tcl: Setting watchdog for 200 seconds at Mon Jun 11 01:20:30 UTC 2018
8 ms. Memory: 208384K Free: 194066K (93%)
ptolemy.util.test.WatchDog.cancel(): canceling Mon Jun 11 01:20:30 UTC 2018
------------------ testing $PTII/ptolemy/domains/de/test/auto/DEinDEwithStartTimes2.xml
auto.tcl: Setting watchdog for 200 seconds at Mon Jun 11 01:20:30 UTC 2018
4 ms. Memory: 208384K Free: 196482K (94%)
ptolemy.util.test.WatchDog.cancel(): canceling Mon Jun 11 01:20:30 UTC 2018
auto.tcl: Setting watchdog for 200 seconds at Mon Jun 11 01:20:30 UTC 2018
8 ms. Memory: 208384K Free: 194046K (93%)
ptolemy.util.test.WatchDog.cancel(): canceling Mon Jun 11 01:20:30 UTC 2018
------------------ testing $PTII/ptolemy/domains/de/test/auto/DateDemo.xml
auto.tcl: Setting watchdog for 200 seconds at Mon Jun 11 01:20:30 UTC 2018
15 ms. Memory: 208384K Free: 188586K (90%)
ptolemy.util.test.WatchDog.cancel(): canceling Mon Jun 11 01:20:30 UTC 2018
auto.tcl: Setting watchdog for 200 seconds at Mon Jun 11 01:20:30 UTC 2018
10 ms. Memory: 208384K Free: 186488K (89%)
ptolemy.util.test.WatchDog.cancel(): canceling Mon Jun 11 01:20:30 UTC 2018
------------------ testing $PTII/ptolemy/domains/de/test/auto/DateToEvent.xml
auto.tcl: Setting watchdog for 200 seconds at Mon Jun 11 01:20:30 UTC 2018
2020 ms. Memory: 208384K Free: 183319K (88%)
ptolemy.util.test.WatchDog.cancel(): canceling Mon Jun 11 01:20:32 UTC 2018
auto.tcl: Setting watchdog for 200 seconds at Mon Jun 11 01:20:32 UTC 2018
2005 ms. Memory: 208384K Free: 183319K (88%)
ptolemy.util.test.WatchDog.cancel(): canceling Mon Jun 11 01:20:34 UTC 2018
------------------ testing $PTII/ptolemy/domains/de/test/auto/DepthTest1.xml
auto.tcl: Setting watchdog for 200 seconds at Mon Jun 11 01:20:34 UTC 2018
4 ms. Memory: 208384K Free: 198160K (95%)
ptolemy.util.test.WatchDog.cancel(): canceling Mon Jun 11 01:20:34 UTC 2018
auto.tcl: Setting watchdog for 200 seconds at Mon Jun 11 01:20:34 UTC 2018
2 ms. Memory: 208384K Free: 198160K (95%)
ptolemy.util.test.WatchDog.cancel(): canceling Mon Jun 11 01:20:34 UTC 2018
------------------ testing $PTII/ptolemy/domains/de/test/auto/DepthTest2.xml
auto.tcl: Setting watchdog for 200 seconds at Mon Jun 11 01:20:34 UTC 2018
8 ms. Memory: 208384K Free: 194027K (93%)
ptolemy.util.test.WatchDog.cancel(): canceling Mon Jun 11 01:20:34 UTC 2018
auto.tcl: Setting watchdog for 200 seconds at Mon Jun 11 01:20:34 UTC 2018
3 ms. Memory: 208384K Free: 194027K (93%)
ptolemy.util.test.WatchDog.cancel(): canceling Mon Jun 11 01:20:34 UTC 2018
------------------ testing $PTII/ptolemy/domains/de/test/auto/DepthTest3.xml
auto.tcl: Setting watchdog for 200 seconds at Mon Jun 11 01:20:34 UTC 2018
4 ms. Memory: 208384K Free: 198158K (95%)
ptolemy.util.test.WatchDog.cancel(): canceling Mon Jun 11 01:20:34 UTC 2018
auto.tcl: Setting watchdog for 200 seconds at Mon Jun 11 01:20:34 UTC 2018
1 ms. Memory: 208384K Free: 198158K (95%)
ptolemy.util.test.WatchDog.cancel(): canceling Mon Jun 11 01:20:34 UTC 2018
------------------ testing $PTII/ptolemy/domains/de/test/auto/DepthTest4.xml
auto.tcl: Setting watchdog for 200 seconds at Mon Jun 11 01:20:34 UTC 2018
11 ms. Memory: 208384K Free: 196146K (94%)
ptolemy.util.test.WatchDog.cancel(): canceling Mon Jun 11 01:20:34 UTC 2018
auto.tcl: Setting watchdog for 200 seconds at Mon Jun 11 01:20:34 UTC 2018
2 ms. Memory: 208384K Free: 196146K (94%)
ptolemy.util.test.WatchDog.cancel(): canceling Mon Jun 11 01:20:34 UTC 2018
------------------ testing $PTII/ptolemy/domains/de/test/auto/DepthTest5.xml
auto.tcl: Setting watchdog for 200 seconds at Mon Jun 11 01:20:34 UTC 2018
6 ms. Memory: 208384K Free: 196093K (94%)
ptolemy.util.test.WatchDog.cancel(): canceling Mon Jun 11 01:20:34 UTC 2018
auto.tcl: Setting watchdog for 200 seconds at Mon Jun 11 01:20:34 UTC 2018
3 ms. Memory: 208384K Free: 196093K (94%)
ptolemy.util.test.WatchDog.cancel(): canceling Mon Jun 11 01:20:34 UTC 2018
------------------ testing $PTII/ptolemy/domains/de/test/auto/DepthTest6.xml
auto.tcl: Setting watchdog for 200 seconds at Mon Jun 11 01:20:34 UTC 2018
10 ms. Memory: 208384K Free: 196062K (94%)
ptolemy.util.test.WatchDog.cancel(): canceling Mon Jun 11 01:20:34 UTC 2018
auto.tcl: Setting watchdog for 200 seconds at Mon Jun 11 01:20:34 UTC 2018
2 ms. Memory: 208384K Free: 196062K (94%)
ptolemy.util.test.WatchDog.cancel(): canceling Mon Jun 11 01:20:34 UTC 2018
------------------ testing $PTII/ptolemy/domains/de/test/auto/DepthTest7.xml
auto.tcl: Setting watchdog for 200 seconds at Mon Jun 11 01:20:35 UTC 2018
6 ms. Memory: 208384K Free: 196050K (94%)
ptolemy.util.test.WatchDog.cancel(): canceling Mon Jun 11 01:20:35 UTC 2018
auto.tcl: Setting watchdog for 200 seconds at Mon Jun 11 01:20:35 UTC 2018
2 ms. Memory: 208384K Free: 196050K (94%)
ptolemy.util.test.WatchDog.cancel(): canceling Mon Jun 11 01:20:35 UTC 2018
------------------ testing $PTII/ptolemy/domains/de/test/auto/EventToDate.xml
auto.tcl: Setting watchdog for 200 seconds at Mon Jun 11 01:20:35 UTC 2018
3011 ms. Memory: 208384K Free: 185578K (89%)
ptolemy.util.test.WatchDog.cancel(): canceling Mon Jun 11 01:20:38 UTC 2018
auto.tcl: Setting watchdog for 200 seconds at Mon Jun 11 01:20:38 UTC 2018
3004 ms. Memory: 208384K Free: 185578K (89%)
ptolemy.util.test.WatchDog.cancel(): canceling Mon Jun 11 01:20:41 UTC 2018
------------------ testing $PTII/ptolemy/domains/de/test/auto/FSM1.xml
auto.tcl: Setting watchdog for 200 seconds at Mon Jun 11 01:20:41 UTC 2018
40 ms. Memory: 208384K Free: 187007K (90%)
ptolemy.util.test.WatchDog.cancel(): canceling Mon Jun 11 01:20:41 UTC 2018
auto.tcl: Setting watchdog for 200 seconds at Mon Jun 11 01:20:41 UTC 2018
24 ms. Memory: 208384K Free: 184908K (89%)
ptolemy.util.test.WatchDog.cancel(): canceling Mon Jun 11 01:20:41 UTC 2018
------------------ testing $PTII/ptolemy/domains/de/test/auto/FSM7.xml
auto.tcl: Setting watchdog for 200 seconds at Mon Jun 11 01:20:41 UTC 2018
31 ms. Memory: 208384K Free: 187209K (90%)
ptolemy.util.test.WatchDog.cancel(): canceling Mon Jun 11 01:20:41 UTC 2018
auto.tcl: Setting watchdog for 200 seconds at Mon Jun 11 01:20:41 UTC 2018
22 ms. Memory: 208384K Free: 185110K (89%)
ptolemy.util.test.WatchDog.cancel(): canceling Mon Jun 11 01:20:41 UTC 2018
------------------ testing $PTII/ptolemy/domains/de/test/auto/Inspection.xml
auto.tcl: Setting watchdog for 200 seconds at Mon Jun 11 01:20:41 UTC 2018
58 ms. Memory: 208384K Free: 188422K (90%)
ptolemy.util.test.WatchDog.cancel(): canceling Mon Jun 11 01:20:41 UTC 2018
auto.tcl: Setting watchdog for 200 seconds at Mon Jun 11 01:20:41 UTC 2018
37 ms. Memory: 208384K Free: 186323K (89%)
ptolemy.util.test.WatchDog.cancel(): canceling Mon Jun 11 01:20:41 UTC 2018
------------------ testing $PTII/ptolemy/domains/de/test/auto/Iteration.xml
auto.tcl: Setting watchdog for 200 seconds at Mon Jun 11 01:20:41 UTC 2018
12 ms. Memory: 208384K Free: 193756K (93%)
ptolemy.util.test.WatchDog.cancel(): canceling Mon Jun 11 01:20:41 UTC 2018
auto.tcl: Setting watchdog for 200 seconds at Mon Jun 11 01:20:41 UTC 2018
8 ms. Memory: 208384K Free: 193756K (93%)
ptolemy.util.test.WatchDog.cancel(): canceling Mon Jun 11 01:20:41 UTC 2018
------------------ testing $PTII/ptolemy/domains/de/test/auto/LineFault.xml
auto.tcl: Setting watchdog for 200 seconds at Mon Jun 11 01:20:41 UTC 2018
833 ms. Memory: 208384K Free: 195958K (94%)
ptolemy.util.test.WatchDog.cancel(): canceling Mon Jun 11 01:20:43 UTC 2018
auto.tcl: Setting watchdog for 200 seconds at Mon Jun 11 01:20:43 UTC 2018
692 ms. Memory: 208384K Free: 138665K (67%)
ptolemy.util.test.WatchDog.cancel(): canceling Mon Jun 11 01:20:43 UTC 2018
------------------ testing $PTII/ptolemy/domains/de/test/auto/MergeModel1Add.xml
auto.tcl: Setting watchdog for 200 seconds at Mon Jun 11 01:20:43 UTC 2018
27 ms. Memory: 331264K Free: 302390K (91%)
ptolemy.util.test.WatchDog.cancel(): canceling Mon Jun 11 01:20:43 UTC 2018
auto.tcl: Setting watchdog for 200 seconds at Mon Jun 11 01:20:43 UTC 2018
13 ms. Memory: 331264K Free: 298429K (90%)
ptolemy.util.test.WatchDog.cancel(): canceling Mon Jun 11 01:20:43 UTC 2018
------------------ testing $PTII/ptolemy/domains/de/test/auto/MergeModel2Add.xml
auto.tcl: Setting watchdog for 200 seconds at Mon Jun 11 01:20:43 UTC 2018
9 ms. Memory: 331264K Free: 303728K (92%)
ptolemy.util.test.WatchDog.cancel(): canceling Mon Jun 11 01:20:44 UTC 2018
auto.tcl: Setting watchdog for 200 seconds at Mon Jun 11 01:20:44 UTC 2018
12 ms. Memory: 331264K Free: 299767K (90%)
ptolemy.util.test.WatchDog.cancel(): canceling Mon Jun 11 01:20:44 UTC 2018
------------------ testing $PTII/ptolemy/domains/de/test/auto/MergeModel3Add.xml
auto.tcl: Setting watchdog for 200 seconds at Mon Jun 11 01:20:44 UTC 2018
10 ms. Memory: 331264K Free: 303738K (92%)
ptolemy.util.test.WatchDog.cancel(): canceling Mon Jun 11 01:20:44 UTC 2018
auto.tcl: Setting watchdog for 200 seconds at Mon Jun 11 01:20:44 UTC 2018
10 ms. Memory: 331264K Free: 299777K (90%)
ptolemy.util.test.WatchDog.cancel(): canceling Mon Jun 11 01:20:44 UTC 2018
------------------ testing $PTII/ptolemy/domains/de/test/auto/MergeWithoutDiscard.xml
auto.tcl: Setting watchdog for 200 seconds at Mon Jun 11 01:20:44 UTC 2018
2 ms. Memory: 331264K Free: 319865K (97%)
ptolemy.util.test.WatchDog.cancel(): canceling Mon Jun 11 01:20:44 UTC 2018
auto.tcl: Setting watchdog for 200 seconds at Mon Jun 11 01:20:44 UTC 2018
1 ms. Memory: 331264K Free: 315904K (95%)
ptolemy.util.test.WatchDog.cancel(): canceling Mon Jun 11 01:20:44 UTC 2018
------------------ testing $PTII/ptolemy/domains/de/test/auto/Modal1.xml
auto.tcl: Setting watchdog for 200 seconds at Mon Jun 11 01:20:44 UTC 2018
14 ms. Memory: 331264K Free: 309513K (93%)
ptolemy.util.test.WatchDog.cancel(): canceling Mon Jun 11 01:20:44 UTC 2018
auto.tcl: Setting watchdog for 200 seconds at Mon Jun 11 01:20:44 UTC 2018
13 ms. Memory: 331264K Free: 305552K (92%)
ptolemy.util.test.WatchDog.cancel(): canceling Mon Jun 11 01:20:44 UTC 2018
------------------ testing $PTII/ptolemy/domains/de/test/auto/Modal2.xml
auto.tcl: Setting watchdog for 200 seconds at Mon Jun 11 01:20:44 UTC 2018
16 ms. Memory: 331264K Free: 309372K (93%)
ptolemy.util.test.WatchDog.cancel(): canceling Mon Jun 11 01:20:44 UTC 2018
auto.tcl: Setting watchdog for 200 seconds at Mon Jun 11 01:20:44 UTC 2018
20 ms. Memory: 331264K Free: 305411K (92%)
ptolemy.util.test.WatchDog.cancel(): canceling Mon Jun 11 01:20:44 UTC 2018
------------------ testing $PTII/ptolemy/domains/de/test/auto/Modal3.xml
auto.tcl: Setting watchdog for 200 seconds at Mon Jun 11 01:20:44 UTC 2018
17 ms. Memory: 331264K Free: 309379K (93%)
ptolemy.util.test.WatchDog.cancel(): canceling Mon Jun 11 01:20:44 UTC 2018
auto.tcl: Setting watchdog for 200 seconds at Mon Jun 11 01:20:44 UTC 2018
19 ms. Memory: 331264K Free: 305418K (92%)
ptolemy.util.test.WatchDog.cancel(): canceling Mon Jun 11 01:20:44 UTC 2018
------------------ testing $PTII/ptolemy/domains/de/test/auto/Modal4.xml
auto.tcl: Setting watchdog for 200 seconds at Mon Jun 11 01:20:44 UTC 2018
27 ms. Memory: 331264K Free: 309384K (93%)
ptolemy.util.test.WatchDog.cancel(): canceling Mon Jun 11 01:20:44 UTC 2018
auto.tcl: Setting watchdog for 200 seconds at Mon Jun 11 01:20:44 UTC 2018
18 ms. Memory: 331264K Free: 305423K (92%)
ptolemy.util.test.WatchDog.cancel(): canceling Mon Jun 11 01:20:44 UTC 2018
------------------ testing $PTII/ptolemy/domains/de/test/auto/Modal5.xml
auto.tcl: Setting watchdog for 200 seconds at Mon Jun 11 01:20:44 UTC 2018
23 ms. Memory: 331264K Free: 309371K (93%)
ptolemy.util.test.WatchDog.cancel(): canceling Mon Jun 11 01:20:44 UTC 2018
auto.tcl: Setting watchdog for 200 seconds at Mon Jun 11 01:20:44 UTC 2018
18 ms. Memory: 331264K Free: 305410K (92%)
ptolemy.util.test.WatchDog.cancel(): canceling Mon Jun 11 01:20:44 UTC 2018
------------------ testing $PTII/ptolemy/domains/de/test/auto/Modal6.xml
auto.tcl: Setting watchdog for 200 seconds at Mon Jun 11 01:20:45 UTC 2018
16 ms. Memory: 331264K Free: 309368K (93%)
ptolemy.util.test.WatchDog.cancel(): canceling Mon Jun 11 01:20:45 UTC 2018
auto.tcl: Setting watchdog for 200 seconds at Mon Jun 11 01:20:45 UTC 2018
18 ms. Memory: 331264K Free: 305407K (92%)
ptolemy.util.test.WatchDog.cancel(): canceling Mon Jun 11 01:20:45 UTC 2018
------------------ testing $PTII/ptolemy/domains/de/test/auto/Modal7.xml
auto.tcl: Setting watchdog for 200 seconds at Mon Jun 11 01:20:45 UTC 2018
17 ms. Memory: 331264K Free: 309368K (93%)
ptolemy.util.test.WatchDog.cancel(): canceling Mon Jun 11 01:20:45 UTC 2018
auto.tcl: Setting watchdog for 200 seconds at Mon Jun 11 01:20:45 UTC 2018
13 ms. Memory: 331264K Free: 305407K (92%)
ptolemy.util.test.WatchDog.cancel(): canceling Mon Jun 11 01:20:45 UTC 2018
------------------ testing $PTII/ptolemy/domains/de/test/auto/ModalModel.xml
auto.tcl: Setting watchdog for 200 seconds at Mon Jun 11 01:20:45 UTC 2018
265 ms. Memory: 331264K Free: 245779K (74%)
ptolemy.util.test.WatchDog.cancel(): canceling Mon Jun 11 01:20:45 UTC 2018
auto.tcl: Setting watchdog for 200 seconds at Mon Jun 11 01:20:45 UTC 2018
221 ms. Memory: 331264K Free: 190262K (57%)
ptolemy.util.test.WatchDog.cancel(): canceling Mon Jun 11 01:20:45 UTC 2018
------------------ testing $PTII/ptolemy/domains/de/test/auto/ModalSource.xml
auto.tcl: Setting watchdog for 200 seconds at Mon Jun 11 01:20:45 UTC 2018
11 ms. Memory: 331264K Free: 316158K (95%)
ptolemy.util.test.WatchDog.cancel(): canceling Mon Jun 11 01:20:45 UTC 2018
auto.tcl: Setting watchdog for 200 seconds at Mon Jun 11 01:20:45 UTC 2018
7 ms. Memory: 331264K Free: 312632K (94%)
ptolemy.util.test.WatchDog.cancel(): canceling Mon Jun 11 01:20:45 UTC 2018
------------------ testing $PTII/ptolemy/domains/de/test/auto/NonInterruptibleTimerZeroDelay.xml
auto.tcl: Setting watchdog for 200 seconds at Mon Jun 11 01:20:45 UTC 2018
4 ms. Memory: 331264K Free: 320537K (97%)
ptolemy.util.test.WatchDog.cancel(): canceling Mon Jun 11 01:20:45 UTC 2018
auto.tcl: Setting watchdog for 200 seconds at Mon Jun 11 01:20:45 UTC 2018
2 ms. Memory: 331264K Free: 316995K (96%)
ptolemy.util.test.WatchDog.cancel(): canceling Mon Jun 11 01:20:45 UTC 2018
------------------ testing $PTII/ptolemy/domains/de/test/auto/OpenQueueingNetwork.xml
auto.tcl: Setting watchdog for 200 seconds at Mon Jun 11 01:20:46 UTC 2018
3396 ms. Memory: 307712K Free: 136109K (44%)
ptolemy.util.test.WatchDog.cancel(): canceling Mon Jun 11 01:20:49 UTC 2018
auto.tcl: Setting watchdog for 200 seconds at Mon Jun 11 01:20:49 UTC 2018
2844 ms. Memory: 278528K Free: 177909K (64%)
ptolemy.util.test.WatchDog.cancel(): canceling Mon Jun 11 01:20:52 UTC 2018
------------------ testing $PTII/ptolemy/domains/de/test/auto/OpenQueuingNetwork.xml
auto.tcl: Setting watchdog for 200 seconds at Mon Jun 11 01:20:52 UTC 2018
286 ms. Memory: 278528K Free: 178911K (64%)
ptolemy.util.test.WatchDog.cancel(): canceling Mon Jun 11 01:20:52 UTC 2018
auto.tcl: Setting watchdog for 200 seconds at Mon Jun 11 01:20:52 UTC 2018
264 ms. Memory: 278528K Free: 118857K (43%)
ptolemy.util.test.WatchDog.cancel(): canceling Mon Jun 11 01:20:53 UTC 2018
------------------ testing $PTII/ptolemy/domains/de/test/auto/PeriodicSampler.xml
auto.tcl: Setting watchdog for 200 seconds at Mon Jun 11 01:20:53 UTC 2018
3 ms. Memory: 281088K Free: 266299K (95%)
ptolemy.util.test.WatchDog.cancel(): canceling Mon Jun 11 01:20:53 UTC 2018
auto.tcl: Setting watchdog for 200 seconds at Mon Jun 11 01:20:53 UTC 2018
2 ms. Memory: 281088K Free: 266299K (95%)
ptolemy.util.test.WatchDog.cancel(): canceling Mon Jun 11 01:20:53 UTC 2018
------------------ testing $PTII/ptolemy/domains/de/test/auto/PersistentIO.xml
auto.tcl: Setting watchdog for 200 seconds at Mon Jun 11 01:20:53 UTC 2018
16 ms. Memory: 278528K Free: 258859K (93%)
ptolemy.util.test.WatchDog.cancel(): canceling Mon Jun 11 01:20:53 UTC 2018
auto.tcl: Setting watchdog for 200 seconds at Mon Jun 11 01:20:53 UTC 2018
5 ms. Memory: 278528K Free: 258859K (93%)
ptolemy.util.test.WatchDog.cancel(): canceling Mon Jun 11 01:20:53 UTC 2018
------------------ testing $PTII/ptolemy/domains/de/test/auto/PortParameterResetOnInitialize.xml
auto.tcl: Setting watchdog for 200 seconds at Mon Jun 11 01:20:53 UTC 2018
2 ms. Memory: 280576K Free: 266148K (95%)
ptolemy.util.test.WatchDog.cancel(): canceling Mon Jun 11 01:20:53 UTC 2018
auto.tcl: Setting watchdog for 200 seconds at Mon Jun 11 01:20:53 UTC 2018
2 ms. Memory: 280576K Free: 266148K (95%)
ptolemy.util.test.WatchDog.cancel(): canceling Mon Jun 11 01:20:53 UTC 2018
------------------ testing $PTII/ptolemy/domains/de/test/auto/PortParameterUpdates.xml
auto.tcl: Setting watchdog for 200 seconds at Mon Jun 11 01:20:53 UTC 2018
6 ms. Memory: 278528K Free: 264250K (95%)
ptolemy.util.test.WatchDog.cancel(): canceling Mon Jun 11 01:20:53 UTC 2018
auto.tcl: Setting watchdog for 200 seconds at Mon Jun 11 01:20:53 UTC 2018
8 ms. Memory: 278528K Free: 261513K (94%)
ptolemy.util.test.WatchDog.cancel(): canceling Mon Jun 11 01:20:53 UTC 2018
------------------ testing $PTII/ptolemy/domains/de/test/auto/QueueAndServer.xml
auto.tcl: Setting watchdog for 200 seconds at Mon Jun 11 01:20:53 UTC 2018
17 ms. Memory: 280576K Free: 265464K (95%)
ptolemy.util.test.WatchDog.cancel(): canceling Mon Jun 11 01:20:53 UTC 2018
auto.tcl: Setting watchdog for 200 seconds at Mon Jun 11 01:20:53 UTC 2018
7 ms. Memory: 280576K Free: 265464K (95%)
ptolemy.util.test.WatchDog.cancel(): canceling Mon Jun 11 01:20:53 UTC 2018
------------------ testing $PTII/ptolemy/domains/de/test/auto/Records.xml
auto.tcl: Setting watchdog for 200 seconds at Mon Jun 11 01:20:53 UTC 2018
6 ms. Memory: 278528K Free: 266110K (96%)
ptolemy.util.test.WatchDog.cancel(): canceling Mon Jun 11 01:20:53 UTC 2018
auto.tcl: Setting watchdog for 200 seconds at Mon Jun 11 01:20:53 UTC 2018
1 ms. Memory: 278528K Free: 266110K (96%)
ptolemy.util.test.WatchDog.cancel(): canceling Mon Jun 11 01:20:53 UTC 2018
------------------ testing $PTII/ptolemy/domains/de/test/auto/ResetTransitionWithStartTime1.xml
auto.tcl: Setting watchdog for 200 seconds at Mon Jun 11 01:20:53 UTC 2018
14 ms. Memory: 280064K Free: 262961K (94%)
ptolemy.util.test.WatchDog.cancel(): canceling Mon Jun 11 01:20:53 UTC 2018
auto.tcl: Setting watchdog for 200 seconds at Mon Jun 11 01:20:53 UTC 2018
10 ms. Memory: 280064K Free: 260225K (93%)
ptolemy.util.test.WatchDog.cancel(): canceling Mon Jun 11 01:20:53 UTC 2018
------------------ testing $PTII/ptolemy/domains/de/test/auto/ResetTransitionWithStartTime2.xml
auto.tcl: Setting watchdog for 200 seconds at Mon Jun 11 01:20:53 UTC 2018
8 ms. Memory: 278528K Free: 261513K (94%)
ptolemy.util.test.WatchDog.cancel(): canceling Mon Jun 11 01:20:53 UTC 2018
auto.tcl: Setting watchdog for 200 seconds at Mon Jun 11 01:20:53 UTC 2018
5 ms. Memory: 278528K Free: 258777K (93%)
ptolemy.util.test.WatchDog.cancel(): canceling Mon Jun 11 01:20:53 UTC 2018
------------------ testing $PTII/ptolemy/domains/de/test/auto/ResetTransitionWithStartTime3.xml
auto.tcl: Setting watchdog for 200 seconds at Mon Jun 11 01:20:53 UTC 2018
6 ms. Memory: 280064K Free: 262935K (94%)
ptolemy.util.test.WatchDog.cancel(): canceling Mon Jun 11 01:20:53 UTC 2018
auto.tcl: Setting watchdog for 200 seconds at Mon Jun 11 01:20:53 UTC 2018
6 ms. Memory: 280064K Free: 260198K (93%)
ptolemy.util.test.WatchDog.cancel(): canceling Mon Jun 11 01:20:53 UTC 2018
------------------ testing $PTII/ptolemy/domains/de/test/auto/ResetTransitionWithStartTime4.xml
auto.tcl: Setting watchdog for 200 seconds at Mon Jun 11 01:20:53 UTC 2018
4 ms. Memory: 278528K Free: 263400K (95%)
ptolemy.util.test.WatchDog.cancel(): canceling Mon Jun 11 01:20:53 UTC 2018
auto.tcl: Setting watchdog for 200 seconds at Mon Jun 11 01:20:53 UTC 2018
4 ms. Memory: 278528K Free: 263400K (95%)
ptolemy.util.test.WatchDog.cancel(): canceling Mon Jun 11 01:20:53 UTC 2018
------------------ testing $PTII/ptolemy/domains/de/test/auto/ResettableTimer1.xml
auto.tcl: Setting watchdog for 200 seconds at Mon Jun 11 01:20:53 UTC 2018
3 ms. Memory: 280064K Free: 267652K (96%)
ptolemy.util.test.WatchDog.cancel(): canceling Mon Jun 11 01:20:54 UTC 2018
auto.tcl: Setting watchdog for 200 seconds at Mon Jun 11 01:20:54 UTC 2018
2 ms. Memory: 280064K Free: 267652K (96%)
ptolemy.util.test.WatchDog.cancel(): canceling Mon Jun 11 01:20:54 UTC 2018
------------------ testing $PTII/ptolemy/domains/de/test/auto/ResettableTimer2.xml
auto.tcl: Setting watchdog for 200 seconds at Mon Jun 11 01:20:54 UTC 2018
3 ms. Memory: 278528K Free: 266270K (96%)
ptolemy.util.test.WatchDog.cancel(): canceling Mon Jun 11 01:20:54 UTC 2018
auto.tcl: Setting watchdog for 200 seconds at Mon Jun 11 01:20:54 UTC 2018
2 ms. Memory: 278528K Free: 266270K (96%)
ptolemy.util.test.WatchDog.cancel(): canceling Mon Jun 11 01:20:54 UTC 2018
------------------ testing $PTII/ptolemy/domains/de/test/auto/ResettableTimer3.xml
auto.tcl: Setting watchdog for 200 seconds at Mon Jun 11 01:20:54 UTC 2018
2 ms. Memory: 279552K Free: 267302K (96%)
ptolemy.util.test.WatchDog.cancel(): canceling Mon Jun 11 01:20:54 UTC 2018
auto.tcl: Setting watchdog for 200 seconds at Mon Jun 11 01:20:54 UTC 2018
1 ms. Memory: 279552K Free: 267302K (96%)
ptolemy.util.test.WatchDog.cancel(): canceling Mon Jun 11 01:20:54 UTC 2018
------------------ testing $PTII/ptolemy/domains/de/test/auto/ResettableTimer4.xml
auto.tcl: Setting watchdog for 200 seconds at Mon Jun 11 01:20:54 UTC 2018
1 ms. Memory: 278528K Free: 264320K (95%)
ptolemy.util.test.WatchDog.cancel(): canceling Mon Jun 11 01:20:54 UTC 2018
auto.tcl: Setting watchdog for 200 seconds at Mon Jun 11 01:20:54 UTC 2018
1 ms. Memory: 278528K Free: 264320K (95%)
ptolemy.util.test.WatchDog.cancel(): canceling Mon Jun 11 01:20:54 UTC 2018
------------------ testing $PTII/ptolemy/domains/de/test/auto/ResettableTimer5.xml
auto.tcl: Setting watchdog for 200 seconds at Mon Jun 11 01:20:54 UTC 2018
1 ms. Memory: 279552K Free: 265237K (95%)
ptolemy.util.test.WatchDog.cancel(): canceling Mon Jun 11 01:20:54 UTC 2018
auto.tcl: Setting watchdog for 200 seconds at Mon Jun 11 01:20:54 UTC 2018
2 ms. Memory: 279552K Free: 265237K (95%)
ptolemy.util.test.WatchDog.cancel(): canceling Mon Jun 11 01:20:54 UTC 2018
------------------ testing $PTII/ptolemy/domains/de/test/auto/ResettableTimer6.xml
auto.tcl: Setting watchdog for 200 seconds at Mon Jun 11 01:20:54 UTC 2018
2 ms. Memory: 278528K Free: 266134K (96%)
ptolemy.util.test.WatchDog.cancel(): canceling Mon Jun 11 01:20:54 UTC 2018
auto.tcl: Setting watchdog for 200 seconds at Mon Jun 11 01:20:54 UTC 2018
1 ms. Memory: 278528K Free: 266134K (96%)
ptolemy.util.test.WatchDog.cancel(): canceling Mon Jun 11 01:20:54 UTC 2018
------------------ testing $PTII/ptolemy/domains/de/test/auto/ServerZeroDelay.xml
auto.tcl: Setting watchdog for 200 seconds at Mon Jun 11 01:20:54 UTC 2018
5 ms. Memory: 279552K Free: 267246K (96%)
ptolemy.util.test.WatchDog.cancel(): canceling Mon Jun 11 01:20:54 UTC 2018
auto.tcl: Setting watchdog for 200 seconds at Mon Jun 11 01:20:54 UTC 2018
3 ms. Memory: 279552K Free: 267246K (96%)
ptolemy.util.test.WatchDog.cancel(): canceling Mon Jun 11 01:20:54 UTC 2018
------------------ testing $PTII/ptolemy/domains/de/test/auto/SmartSender.xml
auto.tcl: Setting watchdog for 200 seconds at Mon Jun 11 01:20:54 UTC 2018
3001 ms. Memory: 278528K Free: 264245K (95%)
ptolemy.util.test.WatchDog.cancel(): canceling Mon Jun 11 01:20:57 UTC 2018
auto.tcl: Setting watchdog for 200 seconds at Mon Jun 11 01:20:57 UTC 2018
3002 ms. Memory: 278528K Free: 264245K (95%)
ptolemy.util.test.WatchDog.cancel(): canceling Mon Jun 11 01:21:00 UTC 2018
------------------ testing $PTII/ptolemy/domains/de/test/auto/ThreadedComposite.xml
auto.tcl: Setting watchdog for 200 seconds at Mon Jun 11 01:21:00 UTC 2018
261 ms. Memory: 279552K Free: 245126K (88%)
ptolemy.util.test.WatchDog.cancel(): canceling Mon Jun 11 01:21:00 UTC 2018
auto.tcl: Setting watchdog for 200 seconds at Mon Jun 11 01:21:00 UTC 2018
240 ms. Memory: 279552K Free: 227826K (81%)
ptolemy.util.test.WatchDog.cancel(): canceling Mon Jun 11 01:21:01 UTC 2018
------------------ testing $PTII/ptolemy/domains/de/test/auto/Time.xml
auto.tcl: Setting watchdog for 200 seconds at Mon Jun 11 01:21:01 UTC 2018
700 ms. Memory: 278528K Free: 212637K (76%)
ptolemy.util.test.WatchDog.cancel(): canceling Mon Jun 11 01:21:01 UTC 2018
auto.tcl: Setting watchdog for 200 seconds at Mon Jun 11 01:21:01 UTC 2018
630 ms. Memory: 278528K Free: 157913K (57%)
ptolemy.util.test.WatchDog.cancel(): canceling Mon Jun 11 01:21:02 UTC 2018
------------------ testing $PTII/ptolemy/domains/de/test/auto/TimeDelayZeroDelay.xml
auto.tcl: Setting watchdog for 200 seconds at Mon Jun 11 01:21:02 UTC 2018
2 ms. Memory: 279040K Free: 267138K (96%)
ptolemy.util.test.WatchDog.cancel(): canceling Mon Jun 11 01:21:02 UTC 2018
auto.tcl: Setting watchdog for 200 seconds at Mon Jun 11 01:21:02 UTC 2018
2 ms. Memory: 279040K Free: 267138K (96%)
ptolemy.util.test.WatchDog.cancel(): canceling Mon Jun 11 01:21:02 UTC 2018
------------------ testing $PTII/ptolemy/domains/de/test/auto/TimerZeroDelay.xml
auto.tcl: Setting watchdog for 200 seconds at Mon Jun 11 01:21:02 UTC 2018
6 ms. Memory: 278528K Free: 266723K (96%)
ptolemy.util.test.WatchDog.cancel(): canceling Mon Jun 11 01:21:02 UTC 2018
auto.tcl: Setting watchdog for 200 seconds at Mon Jun 11 01:21:02 UTC 2018
2 ms. Memory: 278528K Free: 266723K (96%)
ptolemy.util.test.WatchDog.cancel(): canceling Mon Jun 11 01:21:02 UTC 2018
------------------ testing $PTII/ptolemy/domains/de/test/auto/TimingParadox.xml
auto.tcl: Setting watchdog for 200 seconds at Mon Jun 11 01:21:02 UTC 2018
395 ms. Memory: 279040K Free: 199563K (72%)
ptolemy.util.test.WatchDog.cancel(): canceling Mon Jun 11 01:21:03 UTC 2018
auto.tcl: Setting watchdog for 200 seconds at Mon Jun 11 01:21:03 UTC 2018
365 ms. Memory: 279040K Free: 165052K (59%)
ptolemy.util.test.WatchDog.cancel(): canceling Mon Jun 11 01:21:03 UTC 2018
------------------ testing $PTII/ptolemy/domains/de/test/auto/TransferInputs.xml
auto.tcl: Setting watchdog for 200 seconds at Mon Jun 11 01:21:03 UTC 2018
5 ms. Memory: 279040K Free: 266118K (95%)
ptolemy.util.test.WatchDog.cancel(): canceling Mon Jun 11 01:21:03 UTC 2018
auto.tcl: Setting watchdog for 200 seconds at Mon Jun 11 01:21:03 UTC 2018
2 ms. Memory: 279040K Free: 266118K (95%)
ptolemy.util.test.WatchDog.cancel(): canceling Mon Jun 11 01:21:03 UTC 2018
------------------ testing $PTII/ptolemy/domains/de/test/auto/TransferOutputs2.xml
auto.tcl: Setting watchdog for 200 seconds at Mon Jun 11 01:21:03 UTC 2018
11 ms. Memory: 278528K Free: 262261K (94%)
ptolemy.util.test.WatchDog.cancel(): canceling Mon Jun 11 01:21:03 UTC 2018
auto.tcl: Setting watchdog for 200 seconds at Mon Jun 11 01:21:03 UTC 2018
3 ms. Memory: 278528K Free: 259770K (93%)
ptolemy.util.test.WatchDog.cancel(): canceling Mon Jun 11 01:21:03 UTC 2018
------------------ testing $PTII/ptolemy/domains/de/test/auto/Trilateration.xml
auto.tcl: Setting watchdog for 200 seconds at Mon Jun 11 01:21:03 UTC 2018
15172 ms. Memory: 496640K Free: 439536K (89%)
ptolemy.util.test.WatchDog.cancel(): canceling Mon Jun 11 01:21:20 UTC 2018
auto.tcl: Setting watchdog for 200 seconds at Mon Jun 11 01:21:20 UTC 2018
10875 ms. Memory: 385024K Free: 266080K (69%)
ptolemy.util.test.WatchDog.cancel(): canceling Mon Jun 11 01:21:31 UTC 2018
------------------ testing $PTII/ptolemy/domains/de/test/auto/TwoSigmaDelta.xml
auto.tcl: Setting watchdog for 200 seconds at Mon Jun 11 01:21:31 UTC 2018
2927 ms. Memory: 381952K Free: 82796K (22%)
ptolemy.util.test.WatchDog.cancel(): canceling Mon Jun 11 01:21:34 UTC 2018
auto.tcl: Setting watchdog for 200 seconds at Mon Jun 11 01:21:34 UTC 2018
2137 ms. Memory: 371200K Free: 139463K (38%)
ptolemy.util.test.WatchDog.cancel(): canceling Mon Jun 11 01:21:36 UTC 2018
------------------ testing $PTII/ptolemy/domains/de/test/auto/VariableDelay.xml
auto.tcl: Setting watchdog for 200 seconds at Mon Jun 11 01:21:36 UTC 2018
3 ms. Memory: 368640K Free: 352912K (96%)
ptolemy.util.test.WatchDog.cancel(): canceling Mon Jun 11 01:21:36 UTC 2018
auto.tcl: Setting watchdog for 200 seconds at Mon Jun 11 01:21:36 UTC 2018
2 ms. Memory: 368640K Free: 352912K (96%)
ptolemy.util.test.WatchDog.cancel(): canceling Mon Jun 11 01:21:36 UTC 2018
------------------ testing $PTII/ptolemy/domains/de/test/auto/VariableDelay2.xml
auto.tcl: Setting watchdog for 200 seconds at Mon Jun 11 01:21:36 UTC 2018
9 ms. Memory: 370688K Free: 358242K (97%)
ptolemy.util.test.WatchDog.cancel(): canceling Mon Jun 11 01:21:36 UTC 2018
auto.tcl: Setting watchdog for 200 seconds at Mon Jun 11 01:21:36 UTC 2018
2 ms. Memory: 370688K Free: 358242K (97%)
ptolemy.util.test.WatchDog.cancel(): canceling Mon Jun 11 01:21:36 UTC 2018
------------------ testing $PTII/ptolemy/domains/de/test/auto/VariableDelayZeroDelay.xml
auto.tcl: Setting watchdog for 200 seconds at Mon Jun 11 01:21:36 UTC 2018
2 ms. Memory: 368640K Free: 353321K (96%)
ptolemy.util.test.WatchDog.cancel(): canceling Mon Jun 11 01:21:36 UTC 2018
auto.tcl: Setting watchdog for 200 seconds at Mon Jun 11 01:21:36 UTC 2018
2 ms. Memory: 368640K Free: 353321K (96%)
ptolemy.util.test.WatchDog.cancel(): canceling Mon Jun 11 01:21:36 UTC 2018
------------------ testing $PTII/ptolemy/domains/de/test/auto/VariableDelayZeroDelay2.xml
auto.tcl: Setting watchdog for 200 seconds at Mon Jun 11 01:21:36 UTC 2018
2 ms. Memory: 370688K Free: 355368K (96%)
ptolemy.util.test.WatchDog.cancel(): canceling Mon Jun 11 01:21:36 UTC 2018
auto.tcl: Setting watchdog for 200 seconds at Mon Jun 11 01:21:36 UTC 2018
2 ms. Memory: 370688K Free: 355368K (96%)
ptolemy.util.test.WatchDog.cancel(): canceling Mon Jun 11 01:21:36 UTC 2018
------------------ testing $PTII/ptolemy/domains/de/test/auto/deInCt.xml
auto.tcl: Setting watchdog for 200 seconds at Mon Jun 11 01:21:36 UTC 2018
0
1
1
1
0
0
0
0
1
1
1
0
0
0
0
1
1
1
1
1
0
0
0
1
1
1
1
0
0
0
1
1
1
1
11 ms. Memory: 368640K Free: 353312K (96%)
ptolemy.util.test.WatchDog.cancel(): canceling Mon Jun 11 01:21:36 UTC 2018
auto.tcl: Setting watchdog for 200 seconds at Mon Jun 11 01:21:36 UTC 2018
0
1
1
0
0
0
1
1
1
1
1
1
0
0
0
0
1
1
1
1
1
0
0
0
1
1
1
1
9 ms. Memory: 368640K Free: 348761K (95%)
ptolemy.util.test.WatchDog.cancel(): canceling Mon Jun 11 01:21:36 UTC 2018
------------------ testing $PTII/ptolemy/domains/de/test/auto/deInCt2.xml
auto.tcl: Setting watchdog for 200 seconds at Mon Jun 11 01:21:36 UTC 2018
0
1
1
1
0
0
1
1
1
0
0
1
1
1
0
0
1
1
1
0
0
1
1
1
0
0
1
1
1
0
0
1
1
1
0
0
1
1
1
0
0
0
11 ms. Memory: 370176K Free: 354848K (96%)
ptolemy.util.test.WatchDog.cancel(): canceling Mon Jun 11 01:21:36 UTC 2018
auto.tcl: Setting watchdog for 200 seconds at Mon Jun 11 01:21:36 UTC 2018
0
1
1
1
0
0
1
1
1
0
0
1
1
1
0
0
1
1
1
0
0
1
1
1
0
0
1
1
1
0
0
1
1
1
0
0
1
1
1
0
0
0
6 ms. Memory: 370176K Free: 350297K (95%)
ptolemy.util.test.WatchDog.cancel(): canceling Mon Jun 11 01:21:36 UTC 2018
------------------ testing $PTII/ptolemy/domains/de/test/auto/dynamicCausalityInterface1.xml
auto.tcl: Setting watchdog for 200 seconds at Mon Jun 11 01:21:36 UTC 2018
1 ms. Memory: 368640K Free: 347058K (94%)
ptolemy.util.test.WatchDog.cancel(): canceling Mon Jun 11 01:21:36 UTC 2018
auto.tcl: Setting watchdog for 200 seconds at Mon Jun 11 01:21:36 UTC 2018
1 ms. Memory: 368640K Free: 347058K (94%)
ptolemy.util.test.WatchDog.cancel(): canceling Mon Jun 11 01:21:36 UTC 2018
------------------ testing $PTII/ptolemy/domains/de/test/auto/fsm_de_test.xml
auto.tcl: Setting watchdog for 200 seconds at Mon Jun 11 01:21:37 UTC 2018
8 ms. Memory: 370176K Free: 350175K (95%)
ptolemy.util.test.WatchDog.cancel(): canceling Mon Jun 11 01:21:37 UTC 2018
auto.tcl: Setting watchdog for 200 seconds at Mon Jun 11 01:21:37 UTC 2018
5 ms. Memory: 370176K Free: 345608K (93%)
ptolemy.util.test.WatchDog.cancel(): canceling Mon Jun 11 01:21:37 UTC 2018
------------------ testing $PTII/ptolemy/domains/de/test/auto/functionDependencyReconstruction.xml
auto.tcl: Setting watchdog for 200 seconds at Mon Jun 11 01:21:37 UTC 2018
3 ms. Memory: 368640K Free: 339520K (92%)
ptolemy.util.test.WatchDog.cancel(): canceling Mon Jun 11 01:21:37 UTC 2018
auto.tcl: Setting watchdog for 200 seconds at Mon Jun 11 01:21:37 UTC 2018
3 ms. Memory: 368640K Free: 339520K (92%)
ptolemy.util.test.WatchDog.cancel(): canceling Mon Jun 11 01:21:37 UTC 2018
------------------ testing $PTII/ptolemy/domains/de/test/auto/multirate.xml
auto.tcl: Setting watchdog for 200 seconds at Mon Jun 11 01:21:37 UTC 2018
6 ms. Memory: 369664K Free: 346653K (94%)
ptolemy.util.test.WatchDog.cancel(): canceling Mon Jun 11 01:21:37 UTC 2018
auto.tcl: Setting watchdog for 200 seconds at Mon Jun 11 01:21:37 UTC 2018
3 ms. Memory: 369664K Free: 346653K (94%)
ptolemy.util.test.WatchDog.cancel(): canceling Mon Jun 11 01:21:37 UTC 2018
------------------ testing $PTII/ptolemy/domains/de/test/auto/multirate2.xml
auto.tcl: Setting watchdog for 200 seconds at Mon Jun 11 01:21:37 UTC 2018
5 ms. Memory: 368640K Free: 351565K (95%)
ptolemy.util.test.WatchDog.cancel(): canceling Mon Jun 11 01:21:37 UTC 2018
auto.tcl: Setting watchdog for 200 seconds at Mon Jun 11 01:21:37 UTC 2018
3 ms. Memory: 368640K Free: 351565K (95%)
ptolemy.util.test.WatchDog.cancel(): canceling Mon Jun 11 01:21:37 UTC 2018
------------------ testing $PTII/ptolemy/domains/de/test/auto/realtime.xml
auto.tcl: Setting watchdog for 200 seconds at Mon Jun 11 01:21:37 UTC 2018
10001 ms. Memory: 369664K Free: 357152K (97%)
ptolemy.util.test.WatchDog.cancel(): canceling Mon Jun 11 01:21:47 UTC 2018
auto.tcl: Setting watchdog for 200 seconds at Mon Jun 11 01:21:47 UTC 2018
10001 ms. Memory: 369664K Free: 352584K (95%)
ptolemy.util.test.WatchDog.cancel(): canceling Mon Jun 11 01:21:57 UTC 2018
------------------ testing $PTII/ptolemy/domains/de/test/auto/relationGroup.xml
auto.tcl: Setting watchdog for 200 seconds at Mon Jun 11 01:21:57 UTC 2018
1 ms. Memory: 368640K Free: 356158K (97%)
ptolemy.util.test.WatchDog.cancel(): canceling Mon Jun 11 01:21:57 UTC 2018
auto.tcl: Setting watchdog for 200 seconds at Mon Jun 11 01:21:57 UTC 2018
2 ms. Memory: 368640K Free: 356158K (97%)
ptolemy.util.test.WatchDog.cancel(): canceling Mon Jun 11 01:21:57 UTC 2018
------------------ testing $PTII/ptolemy/domains/de/test/auto/relationGroup2.xml
auto.tcl: Setting watchdog for 200 seconds at Mon Jun 11 01:21:57 UTC 2018
1 ms. Memory: 369664K Free: 357208K (97%)
ptolemy.util.test.WatchDog.cancel(): canceling Mon Jun 11 01:21:57 UTC 2018
auto.tcl: Setting watchdog for 200 seconds at Mon Jun 11 01:21:57 UTC 2018
1 ms. Memory: 369664K Free: 357208K (97%)
ptolemy.util.test.WatchDog.cancel(): canceling Mon Jun 11 01:21:57 UTC 2018
------------------ testing $PTII/ptolemy/domains/de/test/auto/sortWithOpaquePorts.xml
auto.tcl: Setting watchdog for 200 seconds at Mon Jun 11 01:21:57 UTC 2018
1 ms. Memory: 368640K Free: 353312K (96%)
ptolemy.util.test.WatchDog.cancel(): canceling Mon Jun 11 01:21:57 UTC 2018
auto.tcl: Setting watchdog for 200 seconds at Mon Jun 11 01:21:57 UTC 2018
1 ms. Memory: 368640K Free: 353312K (96%)
ptolemy.util.test.WatchDog.cancel(): canceling Mon Jun 11 01:21:57 UTC 2018
------------------ testing $PTII/ptolemy/domains/de/test/auto/transferInputsandOutputs.xml
auto.tcl: Setting watchdog for 200 seconds at Mon Jun 11 01:21:57 UTC 2018
3 ms. Memory: 369152K Free: 349261K (95%)
ptolemy.util.test.WatchDog.cancel(): canceling Mon Jun 11 01:21:57 UTC 2018
auto.tcl: Setting watchdog for 200 seconds at Mon Jun 11 01:21:57 UTC 2018
2 ms. Memory: 369152K Free: 349261K (95%)
ptolemy.util.test.WatchDog.cancel(): canceling Mon Jun 11 01:21:57 UTC 2018
------------------ testing $PTII/ptolemy/domains/de/test/auto/triggerType.xml
auto.tcl: Setting watchdog for 200 seconds at Mon Jun 11 01:21:57 UTC 2018
1 ms. Memory: 368640K Free: 353250K (96%)
ptolemy.util.test.WatchDog.cancel(): canceling Mon Jun 11 01:21:57 UTC 2018
auto.tcl: Setting watchdog for 200 seconds at Mon Jun 11 01:21:57 UTC 2018
1 ms. Memory: 368640K Free: 353250K (96%)
ptolemy.util.test.WatchDog.cancel(): canceling Mon Jun 11 01:21:57 UTC 2018
06/11/18 01:21:57
Failed: 0  Total Tests: 192  ((Passed: 187, Newly Passed: 1)  Known Failed: 5) /home/travis/build/icyphy/ptII/ptolemy/domains/de/test
06/11/18 01:21:57
Failed: 0  Total Tests: 192  ((Passed: 187, Newly Passed: 1)  Known Failed: 5) /home/travis/build/icyphy/ptII/ptolemy/domains/de/test
----------------- testing (KnownFailure) /home/travis/build/icyphy/ptII/ptolemy/domains/de/test/auto/knownFailedTests/DESDFClockTest.xml
2008 ms. Memory: 369152K Free: 342314K (93%)
Known Failure: java.lang.reflect.InvocationTargetException
----------------- testing (KnownFailure) /home/travis/build/icyphy/ptII/ptolemy/domains/de/test/auto/knownFailedTests/DirectFeedback.xml
1 ms. Memory: 369152K Free: 319335K (87%)
Known Failure: java.lang.reflect.InvocationTargetException
----------------- testing (KnownFailure) /home/travis/build/icyphy/ptII/ptolemy/domains/de/test/auto/knownFailedTests/FSMSource.xml
9 ms. Memory: 369152K Free: 296356K (80%)
----------------- testing (KnownFailure) /home/travis/build/icyphy/ptII/ptolemy/domains/de/test/auto/knownFailedTests/HierarchicalModel.xml
1 ms. Memory: 369152K Free: 273378K (74%)
Known Failure: java.lang.reflect.InvocationTargetException
----------------- testing (KnownFailure) /home/travis/build/icyphy/ptII/ptolemy/domains/de/test/auto/knownFailedTests/dependencyLoop.xml
5 ms. Memory: 369152K Free: 238901K (65%)
Known Failure: java.lang.reflect.InvocationTargetException
----------------- testing (KnownFailure) /home/travis/build/icyphy/ptII/ptolemy/domains/de/test/auto/knownFailedTests/dependencyLoop2.xml
3 ms. Memory: 369152K Free: 204417K (55%)
Known Failure: java.lang.reflect.InvocationTargetException
No auto/linux-amd64/*.xml tests in /home/travis/build/icyphy/ptII/ptolemy/domains/de/test
AutoTests.java: About to close Vertx.
AutoTests.java: Vertx closed.

===========================================================================================
----------------- testing Mon Jun 11 01:21:59 UTC 2018 /home/travis/build/icyphy/ptII/ptolemy/domains/de/test/auto/ActorDepthCalculation_actorWithoutPorts.xml
----------------- Instantiating /home/travis/build/icyphy/ptII/ptolemy/domains/de/test/auto/ActorDepthCalculation_actorWithoutPorts.xml
1 ms. Memory: 369152K Free: 175694K (48%)
----------------- Invoking toplevel() on ptolemy.moml.MoMLSimpleApplication@e30d88a
----------------- Done invoking toplevel() on ptolemy.moml.MoMLSimpleApplication@e30d88a
reloadAllAccessors: .ActorDepthCalculation_actorWithoutPorts

===========================================================================================
----------------- testing Mon Jun 11 01:21:59 UTC 2018 /home/travis/build/icyphy/ptII/ptolemy/domains/de/test/auto/AssemblyLine.xml
----------------- Instantiating /home/travis/build/icyphy/ptII/ptolemy/domains/de/test/auto/AssemblyLine.xml
2 ms. Memory: 369152K Free: 158444K (43%)
----------------- Invoking toplevel() on ptolemy.moml.MoMLSimpleApplication@79d9724b
----------------- Done invoking toplevel() on ptolemy.moml.MoMLSimpleApplication@79d9724b
reloadAllAccessors: .AssemblyLine

===========================================================================================
----------------- testing Mon Jun 11 01:21:59 UTC 2018 /home/travis/build/icyphy/ptII/ptolemy/domains/de/test/auto/CQBug1.xml
----------------- Instantiating /home/travis/build/icyphy/ptII/ptolemy/domains/de/test/auto/CQBug1.xml
1 ms. Memory: 369152K Free: 146955K (40%)
----------------- Invoking toplevel() on ptolemy.moml.MoMLSimpleApplication@35738a2b
----------------- Done invoking toplevel() on ptolemy.moml.MoMLSimpleApplication@35738a2b
reloadAllAccessors: .CQBug1

===========================================================================================
----------------- testing Mon Jun 11 01:21:59 UTC 2018 /home/travis/build/icyphy/ptII/ptolemy/domains/de/test/auto/CancelFireAt.xml
----------------- Instantiating /home/travis/build/icyphy/ptII/ptolemy/domains/de/test/auto/CancelFireAt.xml
0 ms. Memory: 369152K Free: 135465K (37%)
----------------- Invoking toplevel() on ptolemy.moml.MoMLSimpleApplication@7bcb2e6a
----------------- Done invoking toplevel() on ptolemy.moml.MoMLSimpleApplication@7bcb2e6a
reloadAllAccessors: .CancelFireAt

===========================================================================================
----------------- testing Mon Jun 11 01:21:59 UTC 2018 /home/travis/build/icyphy/ptII/ptolemy/domains/de/test/auto/CausalityAndComposabilityAnalysis.xml
----------------- Instantiating /home/travis/build/icyphy/ptII/ptolemy/domains/de/test/auto/CausalityAndComposabilityAnalysis.xml
1 ms. Memory: 369152K Free: 123976K (34%)
----------------- Invoking toplevel() on ptolemy.moml.MoMLSimpleApplication@10c62289
----------------- Done invoking toplevel() on ptolemy.moml.MoMLSimpleApplication@10c62289
reloadAllAccessors: .CausalityAndComposabilityAnalysis

===========================================================================================
----------------- testing Mon Jun 11 01:21:59 UTC 2018 /home/travis/build/icyphy/ptII/ptolemy/domains/de/test/auto/CausalityInterface1.xml
----------------- Instantiating /home/travis/build/icyphy/ptII/ptolemy/domains/de/test/auto/CausalityInterface1.xml
3 ms. Memory: 369152K Free: 112487K (30%)
----------------- Invoking toplevel() on ptolemy.moml.MoMLSimpleApplication@2ac18957
----------------- Done invoking toplevel() on ptolemy.moml.MoMLSimpleApplication@2ac18957
reloadAllAccessors: .CausalityInterface1

===========================================================================================
----------------- testing Mon Jun 11 01:21:59 UTC 2018 /home/travis/build/icyphy/ptII/ptolemy/domains/de/test/auto/CausalityInterface15.xml
----------------- Instantiating /home/travis/build/icyphy/ptII/ptolemy/domains/de/test/auto/CausalityInterface15.xml
1 ms. Memory: 369152K Free: 100997K (27%)
----------------- Invoking toplevel() on ptolemy.moml.MoMLSimpleApplication@5a7d08b5
----------------- Done invoking toplevel() on ptolemy.moml.MoMLSimpleApplication@5a7d08b5
reloadAllAccessors: .CausalityInterface15

[...]
java.lang.RuntimeException: Execution failed
	at ptolemy.moml.MoMLSimpleApplication$UnloadThread.run(MoMLSimpleApplication.java:402)
Caused by: ptolemy.kernel.util.IllegalActionException: Test fails in iteration 1.
Value was: 1.0. Should have been: 2.0
  in .DirectFeedback.Test
	at ptolemy.actor.lib.Test.fire(Test.java:268)
	at ptolemy.domains.de.kernel.DEDirector._fire(DEDirector.java:1949)
	at ptolemy.domains.de.kernel.DEDirector.fire(DEDirector.java:502)
	at ptolemy.actor.CompositeActor.fire(CompositeActor.java:455)
	at ptolemy.actor.Manager.iterate(Manager.java:851)
	at ptolemy.actor.Manager.execute(Manager.java:369)
	at ptolemy.actor.Manager.run(Manager.java:1263)
	at ptolemy.actor.Manager$PtolemyRunThread.run(Manager.java:1915)
java.lang.RuntimeException: Execution failed
	at ptolemy.moml.MoMLSimpleApplication$UnloadThread.run(MoMLSimpleApplication.java:402)
Caused by: ptolemy.kernel.util.IllegalActionException: Actor is not ready to fire.  Perhaps UpSample.prefire() returned false? Try debugging the actor by selecting "Listen to Actor".  Also, for SDF check moml for tokenConsumptionRate on input.
  in .DESDFClockTest.Play Bell.Copy1:SDF Director and .DESDFClockTest.Play Bell.UpSample
	at ptolemy.actor.sched.StaticSchedulingDirector.fire(StaticSchedulingDirector.java:227)
	at ptolemy.domains.sdf.kernel.SDFDirector.fire(SDFDirector.java:500)
	at ptolemy.actor.CompositeActor.fire(CompositeActor.java:455)
	at ptolemy.domains.de.kernel.DEDirector._fire(DEDirector.java:1949)
	at ptolemy.domains.de.kernel.DEDirector.fire(DEDirector.java:502)
	at ptolemy.actor.CompositeActor.fire(CompositeActor.java:455)
	at ptolemy.actor.Manager.iterate(Manager.java:851)
	at ptolemy.actor.Manager.execute(Manager.java:369)
	at ptolemy.actor.Manager.run(Manager.java:1263)
	at ptolemy.actor.Manager$PtolemyRunThread.run(Manager.java:1915)
java.lang.reflect.InvocationTargetException
	at sun.reflect.NativeConstructorAccessorImpl.newInstance0(Native Method)
	at sun.reflect.NativeConstructorAccessorImpl.newInstance(NativeConstructorAccessorImpl.java:62)
	at sun.reflect.DelegatingConstructorAccessorImpl.newInstance(DelegatingConstructorAccessorImpl.java:45)
	at java.lang.reflect.Constructor.newInstance(Constructor.java:423)
	at ptolemy.util.test.junit.AutoKnownFailedTests.RunModel(AutoKnownFailedTests.java:107)
	at sun.reflect.NativeMethodAccessorImpl.invoke0(Native Method)
	at sun.reflect.NativeMethodAccessorImpl.invoke(NativeMethodAccessorImpl.java:62)
	at sun.reflect.DelegatingMethodAccessorImpl.invoke(DelegatingMethodAccessorImpl.java:43)
	at java.lang.reflect.Method.invoke(Method.java:498)
	at org.junit.runners.model.FrameworkMethod$1.runReflectiveCall(FrameworkMethod.java:44)
	at org.junit.internal.runners.model.ReflectiveCallable.run(ReflectiveCallable.java:15)
	at org.junit.runners.model.FrameworkMethod.invokeExplosively(FrameworkMethod.java:41)
	at junitparams.internal.InvokeParameterisedMethod.evaluate(InvokeParameterisedMethod.java:102)
	at org.junit.internal.runners.statements.FailOnTimeout$1.run(FailOnTimeout.java:28)
Caused by: ptolemy.kernel.util.IllegalActionException: Actor is not ready to fire.  Perhaps UpSample.prefire() returned false? Try debugging the actor by selecting "Listen to Actor".  Also, for SDF check moml for tokenConsumptionRate on input.
  in .DESDFClockTest.Play Bell.Copy1:SDF Director and .DESDFClockTest.Play Bell.UpSample
	at ptolemy.actor.sched.StaticSchedulingDirector.fire(StaticSchedulingDirector.java:227)
	at ptolemy.domains.sdf.kernel.SDFDirector.fire(SDFDirector.java:500)
	at ptolemy.actor.CompositeActor.fire(CompositeActor.java:455)
	at ptolemy.domains.de.kernel.DEDirector._fire(DEDirector.java:1949)
	at ptolemy.domains.de.kernel.DEDirector.fire(DEDirector.java:502)
	at ptolemy.actor.CompositeActor.fire(CompositeActor.java:455)
	at ptolemy.actor.Manager.iterate(Manager.java:851)
	at ptolemy.actor.Manager.execute(Manager.java:369)
	at ptolemy.actor.Manager.run(Manager.java:1263)
	at ptolemy.actor.Manager$PtolemyRunThread.run(Manager.java:1915)
java.lang.RuntimeException: Execution failed
	at ptolemy.moml.MoMLSimpleApplication$UnloadThread.run(MoMLSimpleApplication.java:402)
Caused by: ptolemy.kernel.util.IllegalActionException: Test fails in iteration 1.
Value was: 1.0. Should have been: 2.0
  in .DirectFeedback.Test
	at ptolemy.actor.lib.Test.fire(Test.java:268)
	at ptolemy.domains.de.kernel.DEDirector._fire(DEDirector.java:1949)
	at ptolemy.domains.de.kernel.DEDirector.fire(DEDirector.java:502)
	at ptolemy.actor.CompositeActor.fire(CompositeActor.java:455)
	at ptolemy.actor.Manager.iterate(Manager.java:851)
	at ptolemy.actor.Manager.execute(Manager.java:369)
	at ptolemy.actor.Manager.run(Manager.java:1263)
	at ptolemy.actor.Manager$PtolemyRunThread.run(Manager.java:1915)
java.lang.reflect.InvocationTargetException
	at sun.reflect.NativeConstructorAccessorImpl.newInstance0(Native Method)
	at sun.reflect.NativeConstructorAccessorImpl.newInstance(NativeConstructorAccessorImpl.java:62)
	at sun.reflect.DelegatingConstructorAccessorImpl.newInstance(DelegatingConstructorAccessorImpl.java:45)
	at java.lang.reflect.Constructor.newInstance(Constructor.java:423)
	at ptolemy.util.test.junit.AutoKnownFailedTests.RunModel(AutoKnownFailedTests.java:107)
	at sun.reflect.NativeMethodAccessorImpl.invoke0(Native Method)
	at sun.reflect.NativeMethodAccessorImpl.invoke(NativeMethodAccessorImpl.java:62)
	at sun.reflect.DelegatingMethodAccessorImpl.invoke(DelegatingMethodAccessorImpl.java:43)
	at java.lang.reflect.Method.invoke(Method.java:498)
	at org.junit.runners.model.FrameworkMethod$1.runReflectiveCall(FrameworkMethod.java:44)
	at org.junit.internal.runners.model.ReflectiveCallable.run(ReflectiveCallable.java:15)
	at org.junit.runners.model.FrameworkMethod.invokeExplosively(FrameworkMethod.java:41)
	at junitparams.internal.InvokeParameterisedMethod.evaluate(InvokeParameterisedMethod.java:102)
	at org.junit.internal.runners.statements.FailOnTimeout$1.run(FailOnTimeout.java:28)
Caused by: ptolemy.kernel.util.IllegalActionException: Test fails in iteration 1.
Value was: 1.0. Should have been: 2.0
  in .DirectFeedback.Test
	at ptolemy.actor.lib.Test.fire(Test.java:268)
	at ptolemy.domains.de.kernel.DEDirector._fire(DEDirector.java:1949)
	at ptolemy.domains.de.kernel.DEDirector.fire(DEDirector.java:502)
	at ptolemy.actor.CompositeActor.fire(CompositeActor.java:455)
	at ptolemy.actor.Manager.iterate(Manager.java:851)
	at ptolemy.actor.Manager.execute(Manager.java:369)
	at ptolemy.actor.Manager.run(Manager.java:1263)
	at ptolemy.actor.Manager$PtolemyRunThread.run(Manager.java:1915)
java.lang.RuntimeException: Execution failed
	at ptolemy.moml.MoMLSimpleApplication$UnloadThread.run(MoMLSimpleApplication.java:402)
Caused by: ptolemy.kernel.util.IllegalActionException: Found a zero delay loop containing .HierarchicalModel.A
  in .HierarchicalModel and .HierarchicalModel.A
	at ptolemy.actor.util.CausalityInterfaceForComposites._computeOutputPortDepth(CausalityInterfaceForComposites.java:759)
	at ptolemy.actor.util.CausalityInterfaceForComposites._computeInputDepth(CausalityInterfaceForComposites.java:696)
	at ptolemy.actor.util.CausalityInterfaceForComposites._computeOutputPortDepth(CausalityInterfaceForComposites.java:765)
	at ptolemy.actor.util.CausalityInterfaceForComposites._computeInputDepth(CausalityInterfaceForComposites.java:696)
	at ptolemy.actor.util.CausalityInterfaceForComposites._computeOutputPortDepth(CausalityInterfaceForComposites.java:765)
	at ptolemy.actor.util.CausalityInterfaceForComposites._computeInputDepth(CausalityInterfaceForComposites.java:696)
	at ptolemy.actor.util.CausalityInterfaceForComposites._computeActorDepth(CausalityInterfaceForComposites.java:532)
	at ptolemy.actor.util.CausalityInterfaceForComposites.checkForCycles(CausalityInterfaceForComposites.java:96)
	at ptolemy.domains.de.kernel.DEDirector.preinitialize(DEDirector.java:1338)
	at ptolemy.actor.CompositeActor.preinitialize(CompositeActor.java:1828)
	at ptolemy.actor.Manager.preinitializeAndResolveTypes(Manager.java:1040)
	at ptolemy.actor.Manager.initialize(Manager.java:710)
	at ptolemy.actor.Manager.execute(Manager.java:356)
	at ptolemy.actor.Manager.run(Manager.java:1263)
	at ptolemy.actor.Manager$PtolemyRunThread.run(Manager.java:1915)
java.lang.reflect.InvocationTargetException
	at sun.reflect.NativeConstructorAccessorImpl.newInstance0(Native Method)
	at sun.reflect.NativeConstructorAccessorImpl.newInstance(NativeConstructorAccessorImpl.java:62)
	at sun.reflect.DelegatingConstructorAccessorImpl.newInstance(DelegatingConstructorAccessorImpl.java:45)
	at java.lang.reflect.Constructor.newInstance(Constructor.java:423)
	at ptolemy.util.test.junit.AutoKnownFailedTests.RunModel(AutoKnownFailedTests.java:107)
	at sun.reflect.NativeMethodAccessorImpl.invoke0(Native Method)
	at sun.reflect.NativeMethodAccessorImpl.invoke(NativeMethodAccessorImpl.java:62)
	at sun.reflect.DelegatingMethodAccessorImpl.invoke(DelegatingMethodAccessorImpl.java:43)
	at java.lang.reflect.Method.invoke(Method.java:498)
	at org.junit.runners.model.FrameworkMethod$1.runReflectiveCall(FrameworkMethod.java:44)
	at org.junit.internal.runners.model.ReflectiveCallable.run(ReflectiveCallable.java:15)
	at org.junit.runners.model.FrameworkMethod.invokeExplosively(FrameworkMethod.java:41)
	at junitparams.internal.InvokeParameterisedMethod.evaluate(InvokeParameterisedMethod.java:102)
	at org.junit.internal.runners.statements.FailOnTimeout$1.run(FailOnTimeout.java:28)
Caused by: ptolemy.kernel.util.IllegalActionException: Found a zero delay loop containing .HierarchicalModel.A
  in .HierarchicalModel and .HierarchicalModel.A
	at ptolemy.actor.util.CausalityInterfaceForComposites._computeOutputPortDepth(CausalityInterfaceForComposites.java:759)
	at ptolemy.actor.util.CausalityInterfaceForComposites._computeInputDepth(CausalityInterfaceForComposites.java:696)
	at ptolemy.actor.util.CausalityInterfaceForComposites._computeOutputPortDepth(CausalityInterfaceForComposites.java:765)
	at ptolemy.actor.util.CausalityInterfaceForComposites._computeInputDepth(CausalityInterfaceForComposites.java:696)
	at ptolemy.actor.util.CausalityInterfaceForComposites._computeOutputPortDepth(CausalityInterfaceForComposites.java:765)
	at ptolemy.actor.util.CausalityInterfaceForComposites._computeInputDepth(CausalityInterfaceForComposites.java:696)
	at ptolemy.actor.util.CausalityInterfaceForComposites._computeActorDepth(CausalityInterfaceForComposites.java:532)
	at ptolemy.actor.util.CausalityInterfaceForComposites.checkForCycles(CausalityInterfaceForComposites.java:96)
	at ptolemy.domains.de.kernel.DEDirector.preinitialize(DEDirector.java:1338)
	at ptolemy.actor.CompositeActor.preinitialize(CompositeActor.java:1828)
	at ptolemy.actor.Manager.preinitializeAndResolveTypes(Manager.java:1040)
	at ptolemy.actor.Manager.initialize(Manager.java:710)
	at ptolemy.actor.Manager.execute(Manager.java:356)
	at ptolemy.actor.Manager.run(Manager.java:1263)
	at ptolemy.actor.Manager$PtolemyRunThread.run(Manager.java:1915)
java.lang.RuntimeException: Execution failed
	at ptolemy.moml.MoMLSimpleApplication$UnloadThread.run(MoMLSimpleApplication.java:402)
Caused by: ptolemy.kernel.util.IllegalActionException: Found a zero delay loop containing .dependencyLoop.original
  in .dependencyLoop and .dependencyLoop.original
	at ptolemy.actor.util.CausalityInterfaceForComposites._computeOutputPortDepth(CausalityInterfaceForComposites.java:759)
	at ptolemy.actor.util.CausalityInterfaceForComposites._computeInputDepth(CausalityInterfaceForComposites.java:696)
	at ptolemy.actor.util.CausalityInterfaceForComposites._computeOutputPortDepth(CausalityInterfaceForComposites.java:765)
	at ptolemy.actor.util.CausalityInterfaceForComposites._computeInputDepth(CausalityInterfaceForComposites.java:696)
	at ptolemy.actor.util.CausalityInterfaceForComposites._computeOutputPortDepth(CausalityInterfaceForComposites.java:765)
	at ptolemy.actor.util.CausalityInterfaceForComposites._computeInputDepth(CausalityInterfaceForComposites.java:696)
	at ptolemy.actor.util.CausalityInterfaceForComposites._computeActorDepth(CausalityInterfaceForComposites.java:532)
	at ptolemy.actor.util.CausalityInterfaceForComposites.checkForCycles(CausalityInterfaceForComposites.java:96)
	at ptolemy.domains.de.kernel.DEDirector.preinitialize(DEDirector.java:1338)
	at ptolemy.actor.CompositeActor.preinitialize(CompositeActor.java:1828)
	at ptolemy.actor.Manager.preinitializeAndResolveTypes(Manager.java:1040)
	at ptolemy.actor.Manager.initialize(Manager.java:710)
	at ptolemy.actor.Manager.execute(Manager.java:356)
	at ptolemy.actor.Manager.run(Manager.java:1263)
	at ptolemy.actor.Manager$PtolemyRunThread.run(Manager.java:1915)
java.lang.reflect.InvocationTargetException
	at sun.reflect.NativeConstructorAccessorImpl.newInstance0(Native Method)
	at sun.reflect.NativeConstructorAccessorImpl.newInstance(NativeConstructorAccessorImpl.java:62)
	at sun.reflect.DelegatingConstructorAccessorImpl.newInstance(DelegatingConstructorAccessorImpl.java:45)
	at java.lang.reflect.Constructor.newInstance(Constructor.java:423)
	at ptolemy.util.test.junit.AutoKnownFailedTests.RunModel(AutoKnownFailedTests.java:107)
	at sun.reflect.NativeMethodAccessorImpl.invoke0(Native Method)
	at sun.reflect.NativeMethodAccessorImpl.invoke(NativeMethodAccessorImpl.java:62)
	at sun.reflect.DelegatingMethodAccessorImpl.invoke(DelegatingMethodAccessorImpl.java:43)
	at java.lang.reflect.Method.invoke(Method.java:498)
	at org.junit.runners.model.FrameworkMethod$1.runReflectiveCall(FrameworkMethod.java:44)
	at org.junit.internal.runners.model.ReflectiveCallable.run(ReflectiveCallable.java:15)
	at org.junit.runners.model.FrameworkMethod.invokeExplosively(FrameworkMethod.java:41)
	at junitparams.internal.InvokeParameterisedMethod.evaluate(InvokeParameterisedMethod.java:102)
	at org.junit.internal.runners.statements.FailOnTimeout$1.run(FailOnTimeout.java:28)
Caused by: ptolemy.kernel.util.IllegalActionException: Found a zero delay loop containing .dependencyLoop.original
  in .dependencyLoop and .dependencyLoop.original
	at ptolemy.actor.util.CausalityInterfaceForComposites._computeOutputPortDepth(CausalityInterfaceForComposites.java:759)
	at ptolemy.actor.util.CausalityInterfaceForComposites._computeInputDepth(CausalityInterfaceForComposites.java:696)
	at ptolemy.actor.util.CausalityInterfaceForComposites._computeOutputPortDepth(CausalityInterfaceForComposites.java:765)
	at ptolemy.actor.util.CausalityInterfaceForComposites._computeInputDepth(CausalityInterfaceForComposites.java:696)
	at ptolemy.actor.util.CausalityInterfaceForComposites._computeOutputPortDepth(CausalityInterfaceForComposites.java:765)
	at ptolemy.actor.util.CausalityInterfaceForComposites._computeInputDepth(CausalityInterfaceForComposites.java:696)
	at ptolemy.actor.util.CausalityInterfaceForComposites._computeActorDepth(CausalityInterfaceForComposites.java:532)
	at ptolemy.actor.util.CausalityInterfaceForComposites.checkForCycles(CausalityInterfaceForComposites.java:96)
	at ptolemy.domains.de.kernel.DEDirector.preinitialize(DEDirector.java:1338)
	at ptolemy.actor.CompositeActor.preinitialize(CompositeActor.java:1828)
	at ptolemy.actor.Manager.preinitializeAndResolveTypes(Manager.java:1040)
	at ptolemy.actor.Manager.initialize(Manager.java:710)
	at ptolemy.actor.Manager.execute(Manager.java:356)
	at ptolemy.actor.Manager.run(Manager.java:1263)
	at ptolemy.actor.Manager$PtolemyRunThread.run(Manager.java:1915)
java.lang.RuntimeException: Execution failed
	at ptolemy.moml.MoMLSimpleApplication$UnloadThread.run(MoMLSimpleApplication.java:402)
Caused by: ptolemy.kernel.util.IllegalActionException: Found a zero delay loop containing .dependencyLoop2.original
  in .dependencyLoop2 and .dependencyLoop2.original
	at ptolemy.actor.util.CausalityInterfaceForComposites._computeOutputPortDepth(CausalityInterfaceForComposites.java:759)
	at ptolemy.actor.util.CausalityInterfaceForComposites._computeInputDepth(CausalityInterfaceForComposites.java:696)
	at ptolemy.actor.util.CausalityInterfaceForComposites._computeOutputPortDepth(CausalityInterfaceForComposites.java:765)
	at ptolemy.actor.util.CausalityInterfaceForComposites._computeInputDepth(CausalityInterfaceForComposites.java:696)
	at ptolemy.actor.util.CausalityInterfaceForComposites._computeOutputPortDepth(CausalityInterfaceForComposites.java:765)
	at ptolemy.actor.util.CausalityInterfaceForComposites._computeInputDepth(CausalityInterfaceForComposites.java:696)
	at ptolemy.actor.util.CausalityInterfaceForComposites._computeActorDepth(CausalityInterfaceForComposites.java:532)
	at ptolemy.actor.util.CausalityInterfaceForComposites.checkForCycles(CausalityInterfaceForComposites.java:96)
	at ptolemy.domains.de.kernel.DEDirector.preinitialize(DEDirector.java:1338)
	at ptolemy.actor.CompositeActor.preinitialize(CompositeActor.java:1828)
	at ptolemy.actor.Manager.preinitializeAndResolveTypes(Manager.java:1040)
	at ptolemy.actor.Manager.initialize(Manager.java:710)
	at ptolemy.actor.Manager.execute(Manager.java:356)
	at ptolemy.actor.Manager.run(Manager.java:1263)
	at ptolemy.actor.Manager$PtolemyRunThread.run(Manager.java:1915)
java.lang.reflect.InvocationTargetException
	at sun.reflect.NativeConstructorAccessorImpl.newInstance0(Native Method)
	at sun.reflect.NativeConstructorAccessorImpl.newInstance(NativeConstructorAccessorImpl.java:62)
	at sun.reflect.DelegatingConstructorAccessorImpl.newInstance(DelegatingConstructorAccessorImpl.java:45)
	at java.lang.reflect.Constructor.newInstance(Constructor.java:423)
	at ptolemy.util.test.junit.AutoKnownFailedTests.RunModel(AutoKnownFailedTests.java:107)
	at sun.reflect.NativeMethodAccessorImpl.invoke0(Native Method)
	at sun.reflect.NativeMethodAccessorImpl.invoke(NativeMethodAccessorImpl.java:62)
	at sun.reflect.DelegatingMethodAccessorImpl.invoke(DelegatingMethodAccessorImpl.java:43)
	at java.lang.reflect.Method.invoke(Method.java:498)
	at org.junit.runners.model.FrameworkMethod$1.runReflectiveCall(FrameworkMethod.java:44)
	at org.junit.internal.runners.model.ReflectiveCallable.run(ReflectiveCallable.java:15)
	at org.junit.runners.model.FrameworkMethod.invokeExplosively(FrameworkMethod.java:41)
	at junitparams.internal.InvokeParameterisedMethod.evaluate(InvokeParameterisedMethod.java:102)
	at org.junit.internal.runners.statements.FailOnTimeout$1.run(FailOnTimeout.java:28)
Caused by: ptolemy.kernel.util.IllegalActionException: Found a zero delay loop containing .dependencyLoop2.original
  in .dependencyLoop2 and .dependencyLoop2.original
	at ptolemy.actor.util.CausalityInterfaceForComposites._computeOutputPortDepth(CausalityInterfaceForComposites.java:759)
	at ptolemy.actor.util.CausalityInterfaceForComposites._computeInputDepth(CausalityInterfaceForComposites.java:696)
	at ptolemy.actor.util.CausalityInterfaceForComposites._computeOutputPortDepth(CausalityInterfaceForComposites.java:765)
	at ptolemy.actor.util.CausalityInterfaceForComposites._computeInputDepth(CausalityInterfaceForComposites.java:696)
	at ptolemy.actor.util.CausalityInterfaceForComposites._computeOutputPortDepth(CausalityInterfaceForComposites.java:765)
	at ptolemy.actor.util.CausalityInterfaceForComposites._computeInputDepth(CausalityInterfaceForComposites.java:696)
	at ptolemy.actor.util.CausalityInterfaceForComposites._computeActorDepth(CausalityInterfaceForComposites.java:532)
	at ptolemy.actor.util.CausalityInterfaceForComposites.checkForCycles(CausalityInterfaceForComposites.java:96)
	at ptolemy.domains.de.kernel.DEDirector.preinitialize(DEDirector.java:1338)
	at ptolemy.actor.CompositeActor.preinitialize(CompositeActor.java:1828)
	at ptolemy.actor.Manager.preinitializeAndResolveTypes(Manager.java:1040)
	at ptolemy.actor.Manager.initialize(Manager.java:710)
	at ptolemy.actor.Manager.execute(Manager.java:356)
	at ptolemy.actor.Manager.run(Manager.java:1263)
	at ptolemy.actor.Manager$PtolemyRunThread.run(Manager.java:1915)
]]></system-err>
</testsuite>
