<?xml version="1.0" encoding="UTF-8" ?>
<testsuite errors="0" failures="0" hostname="travis-job-0ca0a721-8271-413b-b977-24648f18d6f3" name="ptolemy.domains.de.test.junit.JUnitTclTest" skipped="0" tests="101" time="125.304" timestamp="2018-06-08T22:10:04">
  <properties>
[...]
</properties>
  <testcase classname="ptolemy.util.test.junit.TclTests" name="[0] /home/travis/build/icyphy/ptII/ptolemy/domains/de/test/DependencyLoop.tcl (RunTclFile)" time="0.723" />
  <testcase classname="ptolemy.util.test.junit.TclTests" name="[1] /home/travis/build/icyphy/ptII/ptolemy/domains/de/test/RunDETestsAsQSS.tcl (RunTclFile)" time="85.896" />
  <testcase classname="ptolemy.util.test.junit.AutoKnownFailedTests" name="[0] /home/travis/build/icyphy/ptII/ptolemy/domains/de/test/auto/knownFailedTests/DESDFClockTest.xml (RunModel)" time="2.03" />
  <testcase classname="ptolemy.util.test.junit.AutoKnownFailedTests" name="[1] /home/travis/build/icyphy/ptII/ptolemy/domains/de/test/auto/knownFailedTests/DirectFeedback.xml (RunModel)" time="0.009" />
  <testcase classname="ptolemy.util.test.junit.AutoKnownFailedTests" name="[2] /home/travis/build/icyphy/ptII/ptolemy/domains/de/test/auto/knownFailedTests/FSMSource.xml (RunModel)" time="0.024" />
  <testcase classname="ptolemy.util.test.junit.AutoKnownFailedTests" name="[3] /home/travis/build/icyphy/ptII/ptolemy/domains/de/test/auto/knownFailedTests/HierarchicalModel.xml (RunModel)" time="0.029" />
  <testcase classname="ptolemy.util.test.junit.AutoKnownFailedTests" name="[4] /home/travis/build/icyphy/ptII/ptolemy/domains/de/test/auto/knownFailedTests/dependencyLoop.xml (RunModel)" time="0.026" />
  <testcase classname="ptolemy.util.test.junit.AutoKnownFailedTests" name="[5] /home/travis/build/icyphy/ptII/ptolemy/domains/de/test/auto/knownFailedTests/dependencyLoop2.xml (RunModel)" time="0.04" />
  <testcase classname="ptolemy.util.test.junit.AutoNameArchTests" name="[0] ThereAreNoAutoArchTests (RunModel)" time="0.001" />
  <testcase classname="ptolemy.util.test.junit.AutoTests" name="[0] /home/travis/build/icyphy/ptII/ptolemy/domains/de/test/auto/ActorDepthCalculation_actorWithoutPorts.xml (RunModel)" time="0.014" />
  <testcase classname="ptolemy.util.test.junit.AutoTests" name="[1] /home/travis/build/icyphy/ptII/ptolemy/domains/de/test/auto/AssemblyLine.xml (RunModel)" time="0.011" />
  <testcase classname="ptolemy.util.test.junit.AutoTests" name="[2] /home/travis/build/icyphy/ptII/ptolemy/domains/de/test/auto/CQBug1.xml (RunModel)" time="0.005" />
  <testcase classname="ptolemy.util.test.junit.AutoTests" name="[3] /home/travis/build/icyphy/ptII/ptolemy/domains/de/test/auto/CancelFireAt.xml (RunModel)" time="0.005" />
  <testcase classname="ptolemy.util.test.junit.AutoTests" name="[4] /home/travis/build/icyphy/ptII/ptolemy/domains/de/test/auto/CausalityAndComposabilityAnalysis.xml (RunModel)" time="0.009" />
  <testcase classname="ptolemy.util.test.junit.AutoTests" name="[5] /home/travis/build/icyphy/ptII/ptolemy/domains/de/test/auto/CausalityInterface1.xml (RunModel)" time="0.009" />
  <testcase classname="ptolemy.util.test.junit.AutoTests" name="[6] /home/travis/build/icyphy/ptII/ptolemy/domains/de/test/auto/CausalityInterface15.xml (RunModel)" time="0.01" />
  <testcase classname="ptolemy.util.test.junit.AutoTests" name="[7] /home/travis/build/icyphy/ptII/ptolemy/domains/de/test/auto/CausalityInterface2.xml (RunModel)" time="0.007" />
  <testcase classname="ptolemy.util.test.junit.AutoTests" name="[8] /home/travis/build/icyphy/ptII/ptolemy/domains/de/test/auto/CausalityInterface3.xml (RunModel)" time="0.009" />
  <testcase classname="ptolemy.util.test.junit.AutoTests" name="[9] /home/travis/build/icyphy/ptII/ptolemy/domains/de/test/auto/ClockDrift.xml (RunModel)" time="0.025" />
  <testcase classname="ptolemy.util.test.junit.AutoTests" name="[10] /home/travis/build/icyphy/ptII/ptolemy/domains/de/test/auto/ClockDriftAndValueChange.xml (RunModel)" time="0.025" />
  <testcase classname="ptolemy.util.test.junit.AutoTests" name="[11] /home/travis/build/icyphy/ptII/ptolemy/domains/de/test/auto/ClockDriftChange.xml (RunModel)" time="0.019" />
  <testcase classname="ptolemy.util.test.junit.AutoTests" name="[12] /home/travis/build/icyphy/ptII/ptolemy/domains/de/test/auto/ComposableCausalityAnalysis.xml (RunModel)" time="0.016" />
  <testcase classname="ptolemy.util.test.junit.AutoTests" name="[13] /home/travis/build/icyphy/ptII/ptolemy/domains/de/test/auto/DEFixedPointLimitation.xml (RunModel)" time="0.007" />
  <testcase classname="ptolemy.util.test.junit.AutoTests" name="[14] /home/travis/build/icyphy/ptII/ptolemy/domains/de/test/auto/DEScheduleTest.xml (RunModel)" time="0.009" />
  <testcase classname="ptolemy.util.test.junit.AutoTests" name="[15] /home/travis/build/icyphy/ptII/ptolemy/domains/de/test/auto/DEinDEwithStartTimes.xml (RunModel)" time="0.009" />
  <testcase classname="ptolemy.util.test.junit.AutoTests" name="[16] /home/travis/build/icyphy/ptII/ptolemy/domains/de/test/auto/DEinDEwithStartTimes2.xml (RunModel)" time="0.014" />
  <testcase classname="ptolemy.util.test.junit.AutoTests" name="[17] /home/travis/build/icyphy/ptII/ptolemy/domains/de/test/auto/DateDemo.xml (RunModel)" time="0.024" />
  <testcase classname="ptolemy.util.test.junit.AutoTests" name="[18] /home/travis/build/icyphy/ptII/ptolemy/domains/de/test/auto/DateToEvent.xml (RunModel)" time="2.03" />
  <testcase classname="ptolemy.util.test.junit.AutoTests" name="[19] /home/travis/build/icyphy/ptII/ptolemy/domains/de/test/auto/DepthTest1.xml (RunModel)" time="0.007" />
  <testcase classname="ptolemy.util.test.junit.AutoTests" name="[20] /home/travis/build/icyphy/ptII/ptolemy/domains/de/test/auto/DepthTest2.xml (RunModel)" time="0.026" />
  <testcase classname="ptolemy.util.test.junit.AutoTests" name="[21] /home/travis/build/icyphy/ptII/ptolemy/domains/de/test/auto/DepthTest3.xml (RunModel)" time="0.008" />
  <testcase classname="ptolemy.util.test.junit.AutoTests" name="[22] /home/travis/build/icyphy/ptII/ptolemy/domains/de/test/auto/DepthTest4.xml (RunModel)" time="0.008" />
  <testcase classname="ptolemy.util.test.junit.AutoTests" name="[23] /home/travis/build/icyphy/ptII/ptolemy/domains/de/test/auto/DepthTest5.xml (RunModel)" time="0.011" />
  <testcase classname="ptolemy.util.test.junit.AutoTests" name="[24] /home/travis/build/icyphy/ptII/ptolemy/domains/de/test/auto/DepthTest6.xml (RunModel)" time="0.01" />
  <testcase classname="ptolemy.util.test.junit.AutoTests" name="[25] /home/travis/build/icyphy/ptII/ptolemy/domains/de/test/auto/DepthTest7.xml (RunModel)" time="0.013" />
  <testcase classname="ptolemy.util.test.junit.AutoTests" name="[26] /home/travis/build/icyphy/ptII/ptolemy/domains/de/test/auto/EventToDate.xml (RunModel)" time="3.029" />
  <testcase classname="ptolemy.util.test.junit.AutoTests" name="[27] /home/travis/build/icyphy/ptII/ptolemy/domains/de/test/auto/FSM1.xml (RunModel)" time="0.036" />
  <testcase classname="ptolemy.util.test.junit.AutoTests" name="[28] /home/travis/build/icyphy/ptII/ptolemy/domains/de/test/auto/FSM7.xml (RunModel)" time="0.02" />
  <testcase classname="ptolemy.util.test.junit.AutoTests" name="[29] /home/travis/build/icyphy/ptII/ptolemy/domains/de/test/auto/Inspection.xml (RunModel)" time="0.036" />
  <testcase classname="ptolemy.util.test.junit.AutoTests" name="[30] /home/travis/build/icyphy/ptII/ptolemy/domains/de/test/auto/Iteration.xml (RunModel)" time="0.012" />
  <testcase classname="ptolemy.util.test.junit.AutoTests" name="[31] /home/travis/build/icyphy/ptII/ptolemy/domains/de/test/auto/LineFault.xml (RunModel)" time="0.361" />
  <testcase classname="ptolemy.util.test.junit.AutoTests" name="[32] /home/travis/build/icyphy/ptII/ptolemy/domains/de/test/auto/MergeModel1Add.xml (RunModel)" time="0.03" />
  <testcase classname="ptolemy.util.test.junit.AutoTests" name="[33] /home/travis/build/icyphy/ptII/ptolemy/domains/de/test/auto/MergeModel2Add.xml (RunModel)" time="0.025" />
  <testcase classname="ptolemy.util.test.junit.AutoTests" name="[34] /home/travis/build/icyphy/ptII/ptolemy/domains/de/test/auto/MergeModel3Add.xml (RunModel)" time="0.029" />
  <testcase classname="ptolemy.util.test.junit.AutoTests" name="[35] /home/travis/build/icyphy/ptII/ptolemy/domains/de/test/auto/MergeWithoutDiscard.xml (RunModel)" time="0.011" />
  <testcase classname="ptolemy.util.test.junit.AutoTests" name="[36] /home/travis/build/icyphy/ptII/ptolemy/domains/de/test/auto/Modal1.xml (RunModel)" time="0.021" />
  <testcase classname="ptolemy.util.test.junit.AutoTests" name="[37] /home/travis/build/icyphy/ptII/ptolemy/domains/de/test/auto/Modal2.xml (RunModel)" time="0.023" />
  <testcase classname="ptolemy.util.test.junit.AutoTests" name="[38] /home/travis/build/icyphy/ptII/ptolemy/domains/de/test/auto/Modal3.xml (RunModel)" time="0.024" />
  <testcase classname="ptolemy.util.test.junit.AutoTests" name="[39] /home/travis/build/icyphy/ptII/ptolemy/domains/de/test/auto/Modal4.xml (RunModel)" time="0.021" />
  <testcase classname="ptolemy.util.test.junit.AutoTests" name="[40] /home/travis/build/icyphy/ptII/ptolemy/domains/de/test/auto/Modal5.xml (RunModel)" time="0.021" />
  <testcase classname="ptolemy.util.test.junit.AutoTests" name="[41] /home/travis/build/icyphy/ptII/ptolemy/domains/de/test/auto/Modal6.xml (RunModel)" time="0.017" />
  <testcase classname="ptolemy.util.test.junit.AutoTests" name="[42] /home/travis/build/icyphy/ptII/ptolemy/domains/de/test/auto/Modal7.xml (RunModel)" time="0.019" />
  <testcase classname="ptolemy.util.test.junit.AutoTests" name="[43] /home/travis/build/icyphy/ptII/ptolemy/domains/de/test/auto/ModalModel.xml (RunModel)" time="0.108" />
  <testcase classname="ptolemy.util.test.junit.AutoTests" name="[44] /home/travis/build/icyphy/ptII/ptolemy/domains/de/test/auto/ModalSource.xml (RunModel)" time="0.013" />
  <testcase classname="ptolemy.util.test.junit.AutoTests" name="[45] /home/travis/build/icyphy/ptII/ptolemy/domains/de/test/auto/NonInterruptibleTimerZeroDelay.xml (RunModel)" time="0.008" />
  <testcase classname="ptolemy.util.test.junit.AutoTests" name="[46] /home/travis/build/icyphy/ptII/ptolemy/domains/de/test/auto/OpenQueueingNetwork.xml (RunModel)" time="1.902" />
  <testcase classname="ptolemy.util.test.junit.AutoTests" name="[47] /home/travis/build/icyphy/ptII/ptolemy/domains/de/test/auto/OpenQueuingNetwork.xml (RunModel)" time="0.25" />
  <testcase classname="ptolemy.util.test.junit.AutoTests" name="[48] /home/travis/build/icyphy/ptII/ptolemy/domains/de/test/auto/PeriodicSampler.xml (RunModel)" time="0.011" />
  <testcase classname="ptolemy.util.test.junit.AutoTests" name="[49] /home/travis/build/icyphy/ptII/ptolemy/domains/de/test/auto/PersistentIO.xml (RunModel)" time="0.021" />
  <testcase classname="ptolemy.util.test.junit.AutoTests" name="[50] /home/travis/build/icyphy/ptII/ptolemy/domains/de/test/auto/PortParameterResetOnInitialize.xml (RunModel)" time="0.013" />
  <testcase classname="ptolemy.util.test.junit.AutoTests" name="[51] /home/travis/build/icyphy/ptII/ptolemy/domains/de/test/auto/PortParameterUpdates.xml (RunModel)" time="0.014" />
  <testcase classname="ptolemy.util.test.junit.AutoTests" name="[52] /home/travis/build/icyphy/ptII/ptolemy/domains/de/test/auto/QueueAndServer.xml (RunModel)" time="0.017" />
  <testcase classname="ptolemy.util.test.junit.AutoTests" name="[53] /home/travis/build/icyphy/ptII/ptolemy/domains/de/test/auto/Records.xml (RunModel)" time="0.012" />
  <testcase classname="ptolemy.util.test.junit.AutoTests" name="[54] /home/travis/build/icyphy/ptII/ptolemy/domains/de/test/auto/ResetTransitionWithStartTime1.xml (RunModel)" time="0.017" />
  <testcase classname="ptolemy.util.test.junit.AutoTests" name="[55] /home/travis/build/icyphy/ptII/ptolemy/domains/de/test/auto/ResetTransitionWithStartTime2.xml (RunModel)" time="0.017" />
  <testcase classname="ptolemy.util.test.junit.AutoTests" name="[56] /home/travis/build/icyphy/ptII/ptolemy/domains/de/test/auto/ResetTransitionWithStartTime3.xml (RunModel)" time="0.017" />
  <testcase classname="ptolemy.util.test.junit.AutoTests" name="[57] /home/travis/build/icyphy/ptII/ptolemy/domains/de/test/auto/ResetTransitionWithStartTime4.xml (RunModel)" time="0.017" />
  <testcase classname="ptolemy.util.test.junit.AutoTests" name="[58] /home/travis/build/icyphy/ptII/ptolemy/domains/de/test/auto/ResettableTimer1.xml (RunModel)" time="0.01" />
  <testcase classname="ptolemy.util.test.junit.AutoTests" name="[59] /home/travis/build/icyphy/ptII/ptolemy/domains/de/test/auto/ResettableTimer2.xml (RunModel)" time="0.009" />
  <testcase classname="ptolemy.util.test.junit.AutoTests" name="[60] /home/travis/build/icyphy/ptII/ptolemy/domains/de/test/auto/ResettableTimer3.xml (RunModel)" time="0.009" />
  <testcase classname="ptolemy.util.test.junit.AutoTests" name="[61] /home/travis/build/icyphy/ptII/ptolemy/domains/de/test/auto/ResettableTimer4.xml (RunModel)" time="0.008" />
  <testcase classname="ptolemy.util.test.junit.AutoTests" name="[62] /home/travis/build/icyphy/ptII/ptolemy/domains/de/test/auto/ResettableTimer5.xml (RunModel)" time="0.01" />
  <testcase classname="ptolemy.util.test.junit.AutoTests" name="[63] /home/travis/build/icyphy/ptII/ptolemy/domains/de/test/auto/ResettableTimer6.xml (RunModel)" time="0.009" />
  <testcase classname="ptolemy.util.test.junit.AutoTests" name="[64] /home/travis/build/icyphy/ptII/ptolemy/domains/de/test/auto/ServerZeroDelay.xml (RunModel)" time="0.009" />
  <testcase classname="ptolemy.util.test.junit.AutoTests" name="[65] /home/travis/build/icyphy/ptII/ptolemy/domains/de/test/auto/SmartSender.xml (RunModel)" time="3.008" />
  <testcase classname="ptolemy.util.test.junit.AutoTests" name="[66] /home/travis/build/icyphy/ptII/ptolemy/domains/de/test/auto/ThreadedComposite.xml (RunModel)" time="0.502" />
  <testcase classname="ptolemy.util.test.junit.AutoTests" name="[67] /home/travis/build/icyphy/ptII/ptolemy/domains/de/test/auto/Time.xml (RunModel)" time="0.414" />
  <testcase classname="ptolemy.util.test.junit.AutoTests" name="[68] /home/travis/build/icyphy/ptII/ptolemy/domains/de/test/auto/TimeDelayZeroDelay.xml (RunModel)" time="0.012" />
  <testcase classname="ptolemy.util.test.junit.AutoTests" name="[69] /home/travis/build/icyphy/ptII/ptolemy/domains/de/test/auto/TimerZeroDelay.xml (RunModel)" time="0.01" />
  <testcase classname="ptolemy.util.test.junit.AutoTests" name="[70] /home/travis/build/icyphy/ptII/ptolemy/domains/de/test/auto/TimingParadox.xml (RunModel)" time="0.352" />
  <testcase classname="ptolemy.util.test.junit.AutoTests" name="[71] /home/travis/build/icyphy/ptII/ptolemy/domains/de/test/auto/TransferInputs.xml (RunModel)" time="0.018" />
  <testcase classname="ptolemy.util.test.junit.AutoTests" name="[72] /home/travis/build/icyphy/ptII/ptolemy/domains/de/test/auto/TransferOutputs2.xml (RunModel)" time="0.014" />
  <testcase classname="ptolemy.util.test.junit.AutoTests" name="[73] /home/travis/build/icyphy/ptII/ptolemy/domains/de/test/auto/Trilateration.xml (RunModel)" time="11.295" />
  <testcase classname="ptolemy.util.test.junit.AutoTests" name="[74] /home/travis/build/icyphy/ptII/ptolemy/domains/de/test/auto/TwoSigmaDelta.xml (RunModel)" time="1.887" />
  <testcase classname="ptolemy.util.test.junit.AutoTests" name="[75] /home/travis/build/icyphy/ptII/ptolemy/domains/de/test/auto/VariableDelay.xml (RunModel)" time="0.01" />
  <testcase classname="ptolemy.util.test.junit.AutoTests" name="[76] /home/travis/build/icyphy/ptII/ptolemy/domains/de/test/auto/VariableDelay2.xml (RunModel)" time="0.008" />
  <testcase classname="ptolemy.util.test.junit.AutoTests" name="[77] /home/travis/build/icyphy/ptII/ptolemy/domains/de/test/auto/VariableDelayZeroDelay.xml (RunModel)" time="0.01" />
  <testcase classname="ptolemy.util.test.junit.AutoTests" name="[78] /home/travis/build/icyphy/ptII/ptolemy/domains/de/test/auto/VariableDelayZeroDelay2.xml (RunModel)" time="0.009" />
  <testcase classname="ptolemy.util.test.junit.AutoTests" name="[79] /home/travis/build/icyphy/ptII/ptolemy/domains/de/test/auto/deInCt.xml (RunModel)" time="0.016" />
  <testcase classname="ptolemy.util.test.junit.AutoTests" name="[80] /home/travis/build/icyphy/ptII/ptolemy/domains/de/test/auto/deInCt2.xml (RunModel)" time="0.012" />
  <testcase classname="ptolemy.util.test.junit.AutoTests" name="[81] /home/travis/build/icyphy/ptII/ptolemy/domains/de/test/auto/dynamicCausalityInterface1.xml (RunModel)" time="0.017" />
  <testcase classname="ptolemy.util.test.junit.AutoTests" name="[82] /home/travis/build/icyphy/ptII/ptolemy/domains/de/test/auto/fsm_de_test.xml (RunModel)" time="0.02" />
  <testcase classname="ptolemy.util.test.junit.AutoTests" name="[83] /home/travis/build/icyphy/ptII/ptolemy/domains/de/test/auto/functionDependencyReconstruction.xml (RunModel)" time="0.028" />
  <testcase classname="ptolemy.util.test.junit.AutoTests" name="[84] /home/travis/build/icyphy/ptII/ptolemy/domains/de/test/auto/multirate.xml (RunModel)" time="0.014" />
  <testcase classname="ptolemy.util.test.junit.AutoTests" name="[85] /home/travis/build/icyphy/ptII/ptolemy/domains/de/test/auto/multirate2.xml (RunModel)" time="0.013" />
  <testcase classname="ptolemy.util.test.junit.AutoTests" name="[86] /home/travis/build/icyphy/ptII/ptolemy/domains/de/test/auto/realtime.xml (RunModel)" time="10.009" />
  <testcase classname="ptolemy.util.test.junit.AutoTests" name="[87] /home/travis/build/icyphy/ptII/ptolemy/domains/de/test/auto/relationGroup.xml (RunModel)" time="0.009" />
  <testcase classname="ptolemy.util.test.junit.AutoTests" name="[88] /home/travis/build/icyphy/ptII/ptolemy/domains/de/test/auto/relationGroup2.xml (RunModel)" time="0.01" />
  <testcase classname="ptolemy.util.test.junit.AutoTests" name="[89] /home/travis/build/icyphy/ptII/ptolemy/domains/de/test/auto/sortWithOpaquePorts.xml (RunModel)" time="0.009" />
  <testcase classname="ptolemy.util.test.junit.AutoTests" name="[90] /home/travis/build/icyphy/ptII/ptolemy/domains/de/test/auto/transferInputsandOutputs.xml (RunModel)" time="0.014" />
  <testcase classname="ptolemy.util.test.junit.AutoTests" name="[91] /home/travis/build/icyphy/ptII/ptolemy/domains/de/test/auto/triggerType.xml (RunModel)" time="0.008" />
  <system-out><![CDATA[/home/travis/build/icyphy/ptII/ptolemy/domains/de/test/DependencyLoop.tcl
testDefs.tcl: setting time out to 9000 seconds at Fri Jun 08 22:10:04 UTC 2018
16 ms. Memory: 116224K Free: 95070K (82%)
10 ms. Memory: 146944K Free: 137813K (94%)
/home/travis/build/icyphy/ptII/ptolemy/domains/de/test/RunDETestsAsQSS.tcl
Run the DE tests using ptolemy.domains.qss.test.QSSDirectorTest, which extends QSSDirector and prints a message in the constructors.
------------------ testing $PTII/ptolemy/domains/de/test/auto/knownFailedTests/dependencyLoop.xml (Known Failure) 
6 ms. Memory: 146944K Free: 133539K (91%)


==== $PTIIhome/travis/build/icyphy/ptII/ptolemy/domains/de/test/../../../../: Auto Automatic test in file $PTII/ptolemy/domains/de/test/auto/knownFailedTests/dependencyLoop.xml
==== Contents of test case:

	    # FIXME: we should use $relativeFilename here, but it
	    # might have backslashes under Windows, which causes no end
	    # of trouble.
	    createAndExecute $file
	    list {}
	
.... Test generated KNOWN error:
    while executing
ptolemy.kernel.util.IllegalActionException: Found a zero delay loop containing .dependencyLoop.original
  in .dependencyLoop and .dependencyLoop.original
	at ptolemy.actor.util.CausalityInterfaceForComposites._computeOutputPortDepth(CausalityInterfaceForComposites.java:759)
	at ptolemy.actor.util.CausalityInterfaceForComposites._computeInputDepth(CausalityInterfaceForComposites.java:696)
	at ptolemy.actor.util.CausalityInterfaceForComposites._computeOutputPortDepth(CausalityInterfaceForComposites.java:765)
	at ptolemy.actor.util.CausalityInterfaceForComposites._computeInputDepth(CausalityInterfaceForComposites.java:696)
	at ptolemy.actor.util.CausalityInterfaceForComposites._computeOutputPortDepth(CausalityInterfaceForComposites.java:765)
	at ptolemy.actor.util.CausalityInterfaceForComposites._computeInputDepth(CausalityInterfaceForComposites.java:696)
	at ptolemy.actor.util.CausalityInterfaceForComposites._computeActorDepth(CausalityInterfaceForComposites.java:532)
	at ptolemy.actor.util.CausalityInterfaceForComposites.checkForCycles(CausalityInterfaceForComposites.java:96)
	at ptolemy.domains.de.kernel.DEDirector.preinitialize(DEDirector.java:1337)
	at ptolemy.actor.CompositeActor.preinitialize(CompositeActor.java:1828)
	at ptolemy.actor.Manager.preinitializeAndResolveTypes(Manager.java:1040)
	at ptolemy.actor.Manager.initialize(Manager.java:710)
	at ptolemy.actor.Manager.execute(Manager.java:356)
	at ptolemy.actor.Manager.run(Manager.java:1263)
	at ptolemy.actor.Manager$PtolemyRunThread.run(Manager.java:1915)

    while executing
ptolemy.kernel.util.IllegalActionException: Found a zero delay loop containing .dependencyLoop.original
  in .dependencyLoop and .dependencyLoop.original
    while executing
"java::new ptolemy.moml.MoMLSimpleApplication $file
"
    (procedure "createAndExecute" line 2)
    invoked from within
"createAndExecute $file"
    ("uplevel" body line 5)
    invoked from within
"uplevel $contents_of_test"
------------------ testing $PTII/ptolemy/domains/de/test/auto/knownFailedTests/DESDFClockTest.xml (Known Failure) 
2053 ms. Memory: 146944K Free: 117685K (80%)


==== $PTIIhome/travis/build/icyphy/ptII/ptolemy/domains/de/test/../../../../: Auto Automatic test in file $PTII/ptolemy/domains/de/test/auto/knownFailedTests/DESDFClockTest.xml
==== Contents of test case:

	    # FIXME: we should use $relativeFilename here, but it
	    # might have backslashes under Windows, which causes no end
	    # of trouble.
	    createAndExecute $file
	    list {}
	
.... Test generated KNOWN error:
    while executing
ptolemy.kernel.util.IllegalActionException: Actor is not ready to fire.  Perhaps UpSample.prefire() returned false? Try debugging the actor by selecting "Listen to Actor".  Also, for SDF check moml for tokenConsumptionRate on input.
  in .DESDFClockTest.Play Bell.Copy1:SDF Director and .DESDFClockTest.Play Bell.UpSample
	at ptolemy.actor.sched.StaticSchedulingDirector.fire(StaticSchedulingDirector.java:227)
	at ptolemy.domains.sdf.kernel.SDFDirector.fire(SDFDirector.java:500)
	at ptolemy.actor.CompositeActor.fire(CompositeActor.java:455)
	at ptolemy.domains.de.kernel.DEDirector._fire(DEDirector.java:1948)
	at ptolemy.domains.de.kernel.DEDirector.fire(DEDirector.java:502)
	at ptolemy.actor.CompositeActor.fire(CompositeActor.java:455)
	at ptolemy.actor.Manager.iterate(Manager.java:851)
	at ptolemy.actor.Manager.execute(Manager.java:369)
	at ptolemy.actor.Manager.run(Manager.java:1263)
	at ptolemy.actor.Manager$PtolemyRunThread.run(Manager.java:1915)

    while executing
ptolemy.kernel.util.IllegalActionException: Actor is not ready to fire.  Perhaps UpSample.prefire() returned false? Try debugging the actor by selecting "Listen to Actor".  Also, for SDF check moml for tokenConsumptionRate on input.
  in .DESDFClockTest.Play Bell.Copy1:SDF Director and .DESDFClockTest.Play Bell.UpSample
    while executing
"java::new ptolemy.moml.MoMLSimpleApplication $file
"
    (procedure "createAndExecute" line 2)
    invoked from within
"createAndExecute $file"
    ("uplevel" body line 5)
    invoked from within
"uplevel $contents_of_test"
------------------ testing $PTII/ptolemy/domains/de/test/auto/knownFailedTests/FSMSource.xml (Known Failure) 
31 ms. Memory: 146944K Free: 108709K (74%)
!!!! Auto was marked as failing, but now passes
------------------ testing $PTII/ptolemy/domains/de/test/auto/knownFailedTests/dependencyLoop2.xml (Known Failure) 
13 ms. Memory: 146944K Free: 106826K (73%)


==== $PTIIhome/travis/build/icyphy/ptII/ptolemy/domains/de/test/../../../../: Auto Automatic test in file $PTII/ptolemy/domains/de/test/auto/knownFailedTests/dependencyLoop2.xml
==== Contents of test case:

	    # FIXME: we should use $relativeFilename here, but it
	    # might have backslashes under Windows, which causes no end
	    # of trouble.
	    createAndExecute $file
	    list {}
	
.... Test generated KNOWN error:
    while executing
ptolemy.kernel.util.IllegalActionException: Found a zero delay loop containing .dependencyLoop2.original
  in .dependencyLoop2 and .dependencyLoop2.original
	at ptolemy.actor.util.CausalityInterfaceForComposites._computeOutputPortDepth(CausalityInterfaceForComposites.java:759)
	at ptolemy.actor.util.CausalityInterfaceForComposites._computeInputDepth(CausalityInterfaceForComposites.java:696)
	at ptolemy.actor.util.CausalityInterfaceForComposites._computeOutputPortDepth(CausalityInterfaceForComposites.java:765)
	at ptolemy.actor.util.CausalityInterfaceForComposites._computeInputDepth(CausalityInterfaceForComposites.java:696)
	at ptolemy.actor.util.CausalityInterfaceForComposites._computeOutputPortDepth(CausalityInterfaceForComposites.java:765)
	at ptolemy.actor.util.CausalityInterfaceForComposites._computeInputDepth(CausalityInterfaceForComposites.java:696)
	at ptolemy.actor.util.CausalityInterfaceForComposites._computeActorDepth(CausalityInterfaceForComposites.java:532)
	at ptolemy.actor.util.CausalityInterfaceForComposites.checkForCycles(CausalityInterfaceForComposites.java:96)
	at ptolemy.domains.de.kernel.DEDirector.preinitialize(DEDirector.java:1337)
	at ptolemy.actor.CompositeActor.preinitialize(CompositeActor.java:1828)
	at ptolemy.actor.Manager.preinitializeAndResolveTypes(Manager.java:1040)
	at ptolemy.actor.Manager.initialize(Manager.java:710)
	at ptolemy.actor.Manager.execute(Manager.java:356)
	at ptolemy.actor.Manager.run(Manager.java:1263)
	at ptolemy.actor.Manager$PtolemyRunThread.run(Manager.java:1915)

    while executing
ptolemy.kernel.util.IllegalActionException: Found a zero delay loop containing .dependencyLoop2.original
  in .dependencyLoop2 and .dependencyLoop2.original
    while executing
"java::new ptolemy.moml.MoMLSimpleApplication $file
"
    (procedure "createAndExecute" line 2)
    invoked from within
"createAndExecute $file"
    ("uplevel" body line 5)
    invoked from within
"uplevel $contents_of_test"
------------------ testing $PTII/ptolemy/domains/de/test/auto/knownFailedTests/HierarchicalModel.xml (Known Failure) 
5 ms. Memory: 146944K Free: 86239K (59%)


==== $PTIIhome/travis/build/icyphy/ptII/ptolemy/domains/de/test/../../../../: Auto Automatic test in file $PTII/ptolemy/domains/de/test/auto/knownFailedTests/HierarchicalModel.xml
==== Contents of test case:

	    # FIXME: we should use $relativeFilename here, but it
	    # might have backslashes under Windows, which causes no end
	    # of trouble.
	    createAndExecute $file
	    list {}
	
.... Test generated KNOWN error:
    while executing
ptolemy.kernel.util.IllegalActionException: Found a zero delay loop containing .HierarchicalModel.A
  in .HierarchicalModel and .HierarchicalModel.A
	at ptolemy.actor.util.CausalityInterfaceForComposites._computeOutputPortDepth(CausalityInterfaceForComposites.java:759)
	at ptolemy.actor.util.CausalityInterfaceForComposites._computeInputDepth(CausalityInterfaceForComposites.java:696)
	at ptolemy.actor.util.CausalityInterfaceForComposites._computeOutputPortDepth(CausalityInterfaceForComposites.java:765)
	at ptolemy.actor.util.CausalityInterfaceForComposites._computeInputDepth(CausalityInterfaceForComposites.java:696)
	at ptolemy.actor.util.CausalityInterfaceForComposites._computeOutputPortDepth(CausalityInterfaceForComposites.java:765)
	at ptolemy.actor.util.CausalityInterfaceForComposites._computeInputDepth(CausalityInterfaceForComposites.java:696)
	at ptolemy.actor.util.CausalityInterfaceForComposites._computeActorDepth(CausalityInterfaceForComposites.java:532)
	at ptolemy.actor.util.CausalityInterfaceForComposites.checkForCycles(CausalityInterfaceForComposites.java:96)
	at ptolemy.domains.de.kernel.DEDirector.preinitialize(DEDirector.java:1337)
	at ptolemy.actor.CompositeActor.preinitialize(CompositeActor.java:1828)
	at ptolemy.actor.Manager.preinitializeAndResolveTypes(Manager.java:1040)
	at ptolemy.actor.Manager.initialize(Manager.java:710)
	at ptolemy.actor.Manager.execute(Manager.java:356)
	at ptolemy.actor.Manager.run(Manager.java:1263)
	at ptolemy.actor.Manager$PtolemyRunThread.run(Manager.java:1915)

    while executing
ptolemy.kernel.util.IllegalActionException: Found a zero delay loop containing .HierarchicalModel.A
  in .HierarchicalModel and .HierarchicalModel.A
    while executing
"java::new ptolemy.moml.MoMLSimpleApplication $file
"
    (procedure "createAndExecute" line 2)
    invoked from within
"createAndExecute $file"
    ("uplevel" body line 5)
    invoked from within
"uplevel $contents_of_test"
------------------ testing $PTII/ptolemy/domains/de/test/auto/knownFailedTests/DirectFeedback.xml (Known Failure) 
6 ms. Memory: 146944K Free: 82057K (56%)


==== $PTIIhome/travis/build/icyphy/ptII/ptolemy/domains/de/test/../../../../: Auto Automatic test in file $PTII/ptolemy/domains/de/test/auto/knownFailedTests/DirectFeedback.xml
==== Contents of test case:

	    # FIXME: we should use $relativeFilename here, but it
	    # might have backslashes under Windows, which causes no end
	    # of trouble.
	    createAndExecute $file
	    list {}
	
.... Test generated KNOWN error:
    while executing
ptolemy.kernel.util.IllegalActionException: Test fails in iteration 1.
Value was: 1.0. Should have been: 2.0
  in .DirectFeedback.Test
	at ptolemy.actor.lib.Test.fire(Test.java:268)
	at ptolemy.domains.de.kernel.DEDirector._fire(DEDirector.java:1948)
	at ptolemy.domains.de.kernel.DEDirector.fire(DEDirector.java:502)
	at ptolemy.actor.CompositeActor.fire(CompositeActor.java:455)
	at ptolemy.actor.Manager.iterate(Manager.java:851)
	at ptolemy.actor.Manager.execute(Manager.java:369)
	at ptolemy.actor.Manager.run(Manager.java:1263)
	at ptolemy.actor.Manager$PtolemyRunThread.run(Manager.java:1915)

    while executing
ptolemy.kernel.util.IllegalActionException: Test fails in iteration 1.
Value was: 1.0. Should have been: 2.0
  in .DirectFeedback.Test
    while executing
"java::new ptolemy.moml.MoMLSimpleApplication $file
"
    (procedure "createAndExecute" line 2)
    invoked from within
"createAndExecute $file"
    ("uplevel" body line 5)
    invoked from within
"uplevel $contents_of_test"
------------------ testing $PTII/ptolemy/domains/de/test/auto/ActorDepthCalculation_actorWithoutPorts.xml
auto.tcl: Setting watchdog for 200 seconds at Fri Jun 08 22:10:07 UTC 2018
4 ms. Memory: 146944K Free: 134902K (92%)
ptolemy.util.test.WatchDog.cancel(): canceling Fri Jun 08 22:10:07 UTC 2018
auto.tcl: Setting watchdog for 200 seconds at Fri Jun 08 22:10:07 UTC 2018
4 ms. Memory: 146944K Free: 133862K (91%)
ptolemy.util.test.WatchDog.cancel(): canceling Fri Jun 08 22:10:07 UTC 2018
------------------ testing $PTII/ptolemy/domains/de/test/auto/AssemblyLine.xml
auto.tcl: Setting watchdog for 200 seconds at Fri Jun 08 22:10:07 UTC 2018
22 ms. Memory: 208384K Free: 186244K (89%)
ptolemy.util.test.WatchDog.cancel(): canceling Fri Jun 08 22:10:07 UTC 2018
auto.tcl: Setting watchdog for 200 seconds at Fri Jun 08 22:10:07 UTC 2018
7 ms. Memory: 208384K Free: 186244K (89%)
ptolemy.util.test.WatchDog.cancel(): canceling Fri Jun 08 22:10:07 UTC 2018
------------------ testing $PTII/ptolemy/domains/de/test/auto/CQBug1.xml
auto.tcl: Setting watchdog for 200 seconds at Fri Jun 08 22:10:08 UTC 2018
4 ms. Memory: 208384K Free: 197679K (95%)
ptolemy.util.test.WatchDog.cancel(): canceling Fri Jun 08 22:10:08 UTC 2018
auto.tcl: Setting watchdog for 200 seconds at Fri Jun 08 22:10:08 UTC 2018
2 ms. Memory: 208384K Free: 197679K (95%)
ptolemy.util.test.WatchDog.cancel(): canceling Fri Jun 08 22:10:08 UTC 2018
------------------ testing $PTII/ptolemy/domains/de/test/auto/CancelFireAt.xml
auto.tcl: Setting watchdog for 200 seconds at Fri Jun 08 22:10:08 UTC 2018
3 ms. Memory: 208384K Free: 201420K (97%)
ptolemy.util.test.WatchDog.cancel(): canceling Fri Jun 08 22:10:08 UTC 2018
auto.tcl: Setting watchdog for 200 seconds at Fri Jun 08 22:10:08 UTC 2018
2 ms. Memory: 208384K Free: 199299K (96%)
ptolemy.util.test.WatchDog.cancel(): canceling Fri Jun 08 22:10:08 UTC 2018
------------------ testing $PTII/ptolemy/domains/de/test/auto/CausalityAndComposabilityAnalysis.xml
auto.tcl: Setting watchdog for 200 seconds at Fri Jun 08 22:10:08 UTC 2018
8 ms. Memory: 208384K Free: 198559K (95%)
ptolemy.util.test.WatchDog.cancel(): canceling Fri Jun 08 22:10:08 UTC 2018
auto.tcl: Setting watchdog for 200 seconds at Fri Jun 08 22:10:08 UTC 2018
5 ms. Memory: 208384K Free: 196438K (94%)
ptolemy.util.test.WatchDog.cancel(): canceling Fri Jun 08 22:10:08 UTC 2018
------------------ testing $PTII/ptolemy/domains/de/test/auto/CausalityInterface1.xml
auto.tcl: Setting watchdog for 200 seconds at Fri Jun 08 22:10:08 UTC 2018
13 ms. Memory: 208384K Free: 196374K (94%)
ptolemy.util.test.WatchDog.cancel(): canceling Fri Jun 08 22:10:08 UTC 2018
auto.tcl: Setting watchdog for 200 seconds at Fri Jun 08 22:10:08 UTC 2018
4 ms. Memory: 208384K Free: 196374K (94%)
ptolemy.util.test.WatchDog.cancel(): canceling Fri Jun 08 22:10:08 UTC 2018
------------------ testing $PTII/ptolemy/domains/de/test/auto/CausalityInterface15.xml
auto.tcl: Setting watchdog for 200 seconds at Fri Jun 08 22:10:08 UTC 2018
19 ms. Memory: 208384K Free: 196364K (94%)
ptolemy.util.test.WatchDog.cancel(): canceling Fri Jun 08 22:10:08 UTC 2018
auto.tcl: Setting watchdog for 200 seconds at Fri Jun 08 22:10:08 UTC 2018
3 ms. Memory: 208384K Free: 196364K (94%)
ptolemy.util.test.WatchDog.cancel(): canceling Fri Jun 08 22:10:08 UTC 2018
------------------ testing $PTII/ptolemy/domains/de/test/auto/CausalityInterface2.xml
auto.tcl: Setting watchdog for 200 seconds at Fri Jun 08 22:10:08 UTC 2018
6 ms. Memory: 208384K Free: 196349K (94%)
ptolemy.util.test.WatchDog.cancel(): canceling Fri Jun 08 22:10:08 UTC 2018
auto.tcl: Setting watchdog for 200 seconds at Fri Jun 08 22:10:08 UTC 2018
3 ms. Memory: 208384K Free: 196349K (94%)
ptolemy.util.test.WatchDog.cancel(): canceling Fri Jun 08 22:10:08 UTC 2018
------------------ testing $PTII/ptolemy/domains/de/test/auto/CausalityInterface3.xml
auto.tcl: Setting watchdog for 200 seconds at Fri Jun 08 22:10:08 UTC 2018
7 ms. Memory: 208384K Free: 196361K (94%)
ptolemy.util.test.WatchDog.cancel(): canceling Fri Jun 08 22:10:08 UTC 2018
auto.tcl: Setting watchdog for 200 seconds at Fri Jun 08 22:10:08 UTC 2018
8 ms. Memory: 208384K Free: 196361K (94%)
ptolemy.util.test.WatchDog.cancel(): canceling Fri Jun 08 22:10:08 UTC 2018
------------------ testing $PTII/ptolemy/domains/de/test/auto/ClockDrift.xml
auto.tcl: Setting watchdog for 200 seconds at Fri Jun 08 22:10:08 UTC 2018
93 ms. Memory: 208384K Free: 187530K (90%)
ptolemy.util.test.WatchDog.cancel(): canceling Fri Jun 08 22:10:08 UTC 2018
auto.tcl: Setting watchdog for 200 seconds at Fri Jun 08 22:10:08 UTC 2018
66 ms. Memory: 208384K Free: 185408K (89%)
ptolemy.util.test.WatchDog.cancel(): canceling Fri Jun 08 22:10:09 UTC 2018
------------------ testing $PTII/ptolemy/domains/de/test/auto/ClockDriftAndValueChange.xml
auto.tcl: Setting watchdog for 200 seconds at Fri Jun 08 22:10:09 UTC 2018
48 ms. Memory: 208384K Free: 187364K (90%)
ptolemy.util.test.WatchDog.cancel(): canceling Fri Jun 08 22:10:09 UTC 2018
auto.tcl: Setting watchdog for 200 seconds at Fri Jun 08 22:10:09 UTC 2018
36 ms. Memory: 208384K Free: 185243K (89%)
ptolemy.util.test.WatchDog.cancel(): canceling Fri Jun 08 22:10:09 UTC 2018
------------------ testing $PTII/ptolemy/domains/de/test/auto/ClockDriftChange.xml
auto.tcl: Setting watchdog for 200 seconds at Fri Jun 08 22:10:09 UTC 2018
19 ms. Memory: 208384K Free: 190707K (92%)
ptolemy.util.test.WatchDog.cancel(): canceling Fri Jun 08 22:10:09 UTC 2018
auto.tcl: Setting watchdog for 200 seconds at Fri Jun 08 22:10:09 UTC 2018
33 ms. Memory: 208384K Free: 188586K (90%)
ptolemy.util.test.WatchDog.cancel(): canceling Fri Jun 08 22:10:09 UTC 2018
------------------ testing $PTII/ptolemy/domains/de/test/auto/ComposableCausalityAnalysis.xml
auto.tcl: Setting watchdog for 200 seconds at Fri Jun 08 22:10:09 UTC 2018
3 ms. Memory: 208384K Free: 196218K (94%)
ptolemy.util.test.WatchDog.cancel(): canceling Fri Jun 08 22:10:09 UTC 2018
auto.tcl: Setting watchdog for 200 seconds at Fri Jun 08 22:10:09 UTC 2018
1 ms. Memory: 208384K Free: 194096K (93%)
ptolemy.util.test.WatchDog.cancel(): canceling Fri Jun 08 22:10:09 UTC 2018
------------------ testing $PTII/ptolemy/domains/de/test/auto/DEFixedPointLimitation.xml
auto.tcl: Setting watchdog for 200 seconds at Fri Jun 08 22:10:09 UTC 2018
2 ms. Memory: 208384K Free: 198420K (95%)
ptolemy.util.test.WatchDog.cancel(): canceling Fri Jun 08 22:10:09 UTC 2018
auto.tcl: Setting watchdog for 200 seconds at Fri Jun 08 22:10:09 UTC 2018
1 ms. Memory: 208384K Free: 196295K (94%)
ptolemy.util.test.WatchDog.cancel(): canceling Fri Jun 08 22:10:09 UTC 2018
------------------ testing $PTII/ptolemy/domains/de/test/auto/DEScheduleTest.xml
auto.tcl: Setting watchdog for 200 seconds at Fri Jun 08 22:10:09 UTC 2018
3 ms. Memory: 208384K Free: 198455K (95%)
ptolemy.util.test.WatchDog.cancel(): canceling Fri Jun 08 22:10:09 UTC 2018
auto.tcl: Setting watchdog for 200 seconds at Fri Jun 08 22:10:09 UTC 2018
3 ms. Memory: 208384K Free: 196334K (94%)
ptolemy.util.test.WatchDog.cancel(): canceling Fri Jun 08 22:10:09 UTC 2018
------------------ testing $PTII/ptolemy/domains/de/test/auto/DEinDEwithStartTimes.xml
auto.tcl: Setting watchdog for 200 seconds at Fri Jun 08 22:10:09 UTC 2018
4 ms. Memory: 208384K Free: 196303K (94%)
ptolemy.util.test.WatchDog.cancel(): canceling Fri Jun 08 22:10:09 UTC 2018
auto.tcl: Setting watchdog for 200 seconds at Fri Jun 08 22:10:09 UTC 2018
3 ms. Memory: 208384K Free: 194182K (93%)
ptolemy.util.test.WatchDog.cancel(): canceling Fri Jun 08 22:10:09 UTC 2018
------------------ testing $PTII/ptolemy/domains/de/test/auto/DEinDEwithStartTimes2.xml
auto.tcl: Setting watchdog for 200 seconds at Fri Jun 08 22:10:09 UTC 2018
7 ms. Memory: 208384K Free: 196283K (94%)
ptolemy.util.test.WatchDog.cancel(): canceling Fri Jun 08 22:10:09 UTC 2018
auto.tcl: Setting watchdog for 200 seconds at Fri Jun 08 22:10:09 UTC 2018
4 ms. Memory: 208384K Free: 194161K (93%)
ptolemy.util.test.WatchDog.cancel(): canceling Fri Jun 08 22:10:09 UTC 2018
------------------ testing $PTII/ptolemy/domains/de/test/auto/DateDemo.xml
auto.tcl: Setting watchdog for 200 seconds at Fri Jun 08 22:10:09 UTC 2018
9 ms. Memory: 208384K Free: 188656K (91%)
ptolemy.util.test.WatchDog.cancel(): canceling Fri Jun 08 22:10:09 UTC 2018
auto.tcl: Setting watchdog for 200 seconds at Fri Jun 08 22:10:09 UTC 2018
6 ms. Memory: 208384K Free: 186534K (90%)
ptolemy.util.test.WatchDog.cancel(): canceling Fri Jun 08 22:10:09 UTC 2018
------------------ testing $PTII/ptolemy/domains/de/test/auto/DateToEvent.xml
auto.tcl: Setting watchdog for 200 seconds at Fri Jun 08 22:10:09 UTC 2018
2027 ms. Memory: 208384K Free: 183290K (88%)
ptolemy.util.test.WatchDog.cancel(): canceling Fri Jun 08 22:10:12 UTC 2018
auto.tcl: Setting watchdog for 200 seconds at Fri Jun 08 22:10:12 UTC 2018
2008 ms. Memory: 208384K Free: 183290K (88%)
ptolemy.util.test.WatchDog.cancel(): canceling Fri Jun 08 22:10:14 UTC 2018
------------------ testing $PTII/ptolemy/domains/de/test/auto/DepthTest1.xml
auto.tcl: Setting watchdog for 200 seconds at Fri Jun 08 22:10:14 UTC 2018
8 ms. Memory: 208384K Free: 197982K (95%)
ptolemy.util.test.WatchDog.cancel(): canceling Fri Jun 08 22:10:14 UTC 2018
auto.tcl: Setting watchdog for 200 seconds at Fri Jun 08 22:10:14 UTC 2018
1 ms. Memory: 208384K Free: 197982K (95%)
ptolemy.util.test.WatchDog.cancel(): canceling Fri Jun 08 22:10:14 UTC 2018
------------------ testing $PTII/ptolemy/domains/de/test/auto/DepthTest2.xml
auto.tcl: Setting watchdog for 200 seconds at Fri Jun 08 22:10:14 UTC 2018
7 ms. Memory: 208384K Free: 194171K (93%)
ptolemy.util.test.WatchDog.cancel(): canceling Fri Jun 08 22:10:14 UTC 2018
auto.tcl: Setting watchdog for 200 seconds at Fri Jun 08 22:10:14 UTC 2018
7 ms. Memory: 208384K Free: 194171K (93%)
ptolemy.util.test.WatchDog.cancel(): canceling Fri Jun 08 22:10:14 UTC 2018
------------------ testing $PTII/ptolemy/domains/de/test/auto/DepthTest3.xml
auto.tcl: Setting watchdog for 200 seconds at Fri Jun 08 22:10:14 UTC 2018
2 ms. Memory: 208384K Free: 198314K (95%)
ptolemy.util.test.WatchDog.cancel(): canceling Fri Jun 08 22:10:14 UTC 2018
auto.tcl: Setting watchdog for 200 seconds at Fri Jun 08 22:10:14 UTC 2018
2 ms. Memory: 208384K Free: 198314K (95%)
ptolemy.util.test.WatchDog.cancel(): canceling Fri Jun 08 22:10:14 UTC 2018
------------------ testing $PTII/ptolemy/domains/de/test/auto/DepthTest4.xml
auto.tcl: Setting watchdog for 200 seconds at Fri Jun 08 22:10:14 UTC 2018
9 ms. Memory: 208384K Free: 196281K (94%)
ptolemy.util.test.WatchDog.cancel(): canceling Fri Jun 08 22:10:14 UTC 2018
auto.tcl: Setting watchdog for 200 seconds at Fri Jun 08 22:10:14 UTC 2018
2 ms. Memory: 208384K Free: 196281K (94%)
ptolemy.util.test.WatchDog.cancel(): canceling Fri Jun 08 22:10:14 UTC 2018
------------------ testing $PTII/ptolemy/domains/de/test/auto/DepthTest5.xml
auto.tcl: Setting watchdog for 200 seconds at Fri Jun 08 22:10:14 UTC 2018
3 ms. Memory: 208384K Free: 196227K (94%)
ptolemy.util.test.WatchDog.cancel(): canceling Fri Jun 08 22:10:14 UTC 2018
auto.tcl: Setting watchdog for 200 seconds at Fri Jun 08 22:10:14 UTC 2018
2 ms. Memory: 208384K Free: 196227K (94%)
ptolemy.util.test.WatchDog.cancel(): canceling Fri Jun 08 22:10:14 UTC 2018
------------------ testing $PTII/ptolemy/domains/de/test/auto/DepthTest6.xml
auto.tcl: Setting watchdog for 200 seconds at Fri Jun 08 22:10:14 UTC 2018
6 ms. Memory: 208384K Free: 196189K (94%)
ptolemy.util.test.WatchDog.cancel(): canceling Fri Jun 08 22:10:14 UTC 2018
auto.tcl: Setting watchdog for 200 seconds at Fri Jun 08 22:10:14 UTC 2018
2 ms. Memory: 208384K Free: 196189K (94%)
ptolemy.util.test.WatchDog.cancel(): canceling Fri Jun 08 22:10:14 UTC 2018
------------------ testing $PTII/ptolemy/domains/de/test/auto/DepthTest7.xml
auto.tcl: Setting watchdog for 200 seconds at Fri Jun 08 22:10:14 UTC 2018
3 ms. Memory: 208384K Free: 196185K (94%)
ptolemy.util.test.WatchDog.cancel(): canceling Fri Jun 08 22:10:14 UTC 2018
auto.tcl: Setting watchdog for 200 seconds at Fri Jun 08 22:10:14 UTC 2018
2 ms. Memory: 208384K Free: 196185K (94%)
ptolemy.util.test.WatchDog.cancel(): canceling Fri Jun 08 22:10:14 UTC 2018
------------------ testing $PTII/ptolemy/domains/de/test/auto/EventToDate.xml
auto.tcl: Setting watchdog for 200 seconds at Fri Jun 08 22:10:14 UTC 2018
3010 ms. Memory: 208384K Free: 185599K (89%)
ptolemy.util.test.WatchDog.cancel(): canceling Fri Jun 08 22:10:17 UTC 2018
auto.tcl: Setting watchdog for 200 seconds at Fri Jun 08 22:10:17 UTC 2018
3005 ms. Memory: 208384K Free: 185599K (89%)
ptolemy.util.test.WatchDog.cancel(): canceling Fri Jun 08 22:10:20 UTC 2018
------------------ testing $PTII/ptolemy/domains/de/test/auto/FSM1.xml
auto.tcl: Setting watchdog for 200 seconds at Fri Jun 08 22:10:20 UTC 2018
34 ms. Memory: 208384K Free: 186737K (90%)
ptolemy.util.test.WatchDog.cancel(): canceling Fri Jun 08 22:10:20 UTC 2018
auto.tcl: Setting watchdog for 200 seconds at Fri Jun 08 22:10:20 UTC 2018
19 ms. Memory: 208384K Free: 182494K (88%)
ptolemy.util.test.WatchDog.cancel(): canceling Fri Jun 08 22:10:20 UTC 2018
------------------ testing $PTII/ptolemy/domains/de/test/auto/FSM7.xml
auto.tcl: Setting watchdog for 200 seconds at Fri Jun 08 22:10:20 UTC 2018
22 ms. Memory: 208384K Free: 187276K (90%)
ptolemy.util.test.WatchDog.cancel(): canceling Fri Jun 08 22:10:20 UTC 2018
auto.tcl: Setting watchdog for 200 seconds at Fri Jun 08 22:10:20 UTC 2018
17 ms. Memory: 208384K Free: 185155K (89%)
ptolemy.util.test.WatchDog.cancel(): canceling Fri Jun 08 22:10:20 UTC 2018
------------------ testing $PTII/ptolemy/domains/de/test/auto/Inspection.xml
auto.tcl: Setting watchdog for 200 seconds at Fri Jun 08 22:10:21 UTC 2018
24 ms. Memory: 208384K Free: 188827K (91%)
ptolemy.util.test.WatchDog.cancel(): canceling Fri Jun 08 22:10:21 UTC 2018
auto.tcl: Setting watchdog for 200 seconds at Fri Jun 08 22:10:21 UTC 2018
32 ms. Memory: 208384K Free: 186705K (90%)
ptolemy.util.test.WatchDog.cancel(): canceling Fri Jun 08 22:10:21 UTC 2018
------------------ testing $PTII/ptolemy/domains/de/test/auto/Iteration.xml
auto.tcl: Setting watchdog for 200 seconds at Fri Jun 08 22:10:21 UTC 2018
9 ms. Memory: 208384K Free: 195990K (94%)
ptolemy.util.test.WatchDog.cancel(): canceling Fri Jun 08 22:10:21 UTC 2018
auto.tcl: Setting watchdog for 200 seconds at Fri Jun 08 22:10:21 UTC 2018
8 ms. Memory: 208384K Free: 193868K (93%)
ptolemy.util.test.WatchDog.cancel(): canceling Fri Jun 08 22:10:21 UTC 2018
------------------ testing $PTII/ptolemy/domains/de/test/auto/LineFault.xml
auto.tcl: Setting watchdog for 200 seconds at Fri Jun 08 22:10:21 UTC 2018
652 ms. Memory: 208384K Free: 195105K (94%)
ptolemy.util.test.WatchDog.cancel(): canceling Fri Jun 08 22:10:22 UTC 2018
auto.tcl: Setting watchdog for 200 seconds at Fri Jun 08 22:10:22 UTC 2018
614 ms. Memory: 208384K Free: 139051K (67%)
ptolemy.util.test.WatchDog.cancel(): canceling Fri Jun 08 22:10:22 UTC 2018
------------------ testing $PTII/ptolemy/domains/de/test/auto/MergeModel1Add.xml
auto.tcl: Setting watchdog for 200 seconds at Fri Jun 08 22:10:22 UTC 2018
25 ms. Memory: 331264K Free: 302845K (91%)
ptolemy.util.test.WatchDog.cancel(): canceling Fri Jun 08 22:10:22 UTC 2018
auto.tcl: Setting watchdog for 200 seconds at Fri Jun 08 22:10:22 UTC 2018
11 ms. Memory: 331264K Free: 298903K (90%)
ptolemy.util.test.WatchDog.cancel(): canceling Fri Jun 08 22:10:22 UTC 2018
------------------ testing $PTII/ptolemy/domains/de/test/auto/MergeModel2Add.xml
auto.tcl: Setting watchdog for 200 seconds at Fri Jun 08 22:10:23 UTC 2018
11 ms. Memory: 331264K Free: 304183K (92%)
ptolemy.util.test.WatchDog.cancel(): canceling Fri Jun 08 22:10:23 UTC 2018
auto.tcl: Setting watchdog for 200 seconds at Fri Jun 08 22:10:23 UTC 2018
11 ms. Memory: 331264K Free: 300241K (91%)
ptolemy.util.test.WatchDog.cancel(): canceling Fri Jun 08 22:10:23 UTC 2018
------------------ testing $PTII/ptolemy/domains/de/test/auto/MergeModel3Add.xml
auto.tcl: Setting watchdog for 200 seconds at Fri Jun 08 22:10:23 UTC 2018
11 ms. Memory: 331264K Free: 304193K (92%)
ptolemy.util.test.WatchDog.cancel(): canceling Fri Jun 08 22:10:23 UTC 2018
auto.tcl: Setting watchdog for 200 seconds at Fri Jun 08 22:10:23 UTC 2018
8 ms. Memory: 331264K Free: 300252K (91%)
ptolemy.util.test.WatchDog.cancel(): canceling Fri Jun 08 22:10:23 UTC 2018
------------------ testing $PTII/ptolemy/domains/de/test/auto/MergeWithoutDiscard.xml
auto.tcl: Setting watchdog for 200 seconds at Fri Jun 08 22:10:23 UTC 2018
2 ms. Memory: 331264K Free: 316300K (95%)
ptolemy.util.test.WatchDog.cancel(): canceling Fri Jun 08 22:10:23 UTC 2018
auto.tcl: Setting watchdog for 200 seconds at Fri Jun 08 22:10:23 UTC 2018
1 ms. Memory: 331264K Free: 316300K (95%)
ptolemy.util.test.WatchDog.cancel(): canceling Fri Jun 08 22:10:23 UTC 2018
------------------ testing $PTII/ptolemy/domains/de/test/auto/Modal1.xml
auto.tcl: Setting watchdog for 200 seconds at Fri Jun 08 22:10:23 UTC 2018
13 ms. Memory: 331264K Free: 309915K (94%)
ptolemy.util.test.WatchDog.cancel(): canceling Fri Jun 08 22:10:23 UTC 2018
auto.tcl: Setting watchdog for 200 seconds at Fri Jun 08 22:10:23 UTC 2018
11 ms. Memory: 331264K Free: 305973K (92%)
ptolemy.util.test.WatchDog.cancel(): canceling Fri Jun 08 22:10:23 UTC 2018
------------------ testing $PTII/ptolemy/domains/de/test/auto/Modal2.xml
auto.tcl: Setting watchdog for 200 seconds at Fri Jun 08 22:10:23 UTC 2018
14 ms. Memory: 331264K Free: 309797K (94%)
ptolemy.util.test.WatchDog.cancel(): canceling Fri Jun 08 22:10:23 UTC 2018
auto.tcl: Setting watchdog for 200 seconds at Fri Jun 08 22:10:23 UTC 2018
11 ms. Memory: 331264K Free: 305855K (92%)
ptolemy.util.test.WatchDog.cancel(): canceling Fri Jun 08 22:10:23 UTC 2018
------------------ testing $PTII/ptolemy/domains/de/test/auto/Modal3.xml
auto.tcl: Setting watchdog for 200 seconds at Fri Jun 08 22:10:23 UTC 2018
9 ms. Memory: 331264K Free: 309787K (94%)
ptolemy.util.test.WatchDog.cancel(): canceling Fri Jun 08 22:10:23 UTC 2018
auto.tcl: Setting watchdog for 200 seconds at Fri Jun 08 22:10:23 UTC 2018
10 ms. Memory: 331264K Free: 305845K (92%)
ptolemy.util.test.WatchDog.cancel(): canceling Fri Jun 08 22:10:23 UTC 2018
------------------ testing $PTII/ptolemy/domains/de/test/auto/Modal4.xml
auto.tcl: Setting watchdog for 200 seconds at Fri Jun 08 22:10:23 UTC 2018
26 ms. Memory: 331264K Free: 309800K (94%)
ptolemy.util.test.WatchDog.cancel(): canceling Fri Jun 08 22:10:23 UTC 2018
auto.tcl: Setting watchdog for 200 seconds at Fri Jun 08 22:10:23 UTC 2018
17 ms. Memory: 331264K Free: 305858K (92%)
ptolemy.util.test.WatchDog.cancel(): canceling Fri Jun 08 22:10:23 UTC 2018
------------------ testing $PTII/ptolemy/domains/de/test/auto/Modal5.xml
auto.tcl: Setting watchdog for 200 seconds at Fri Jun 08 22:10:23 UTC 2018
17 ms. Memory: 331264K Free: 309787K (94%)
ptolemy.util.test.WatchDog.cancel(): canceling Fri Jun 08 22:10:23 UTC 2018
auto.tcl: Setting watchdog for 200 seconds at Fri Jun 08 22:10:23 UTC 2018
12 ms. Memory: 331264K Free: 305845K (92%)
ptolemy.util.test.WatchDog.cancel(): canceling Fri Jun 08 22:10:23 UTC 2018
------------------ testing $PTII/ptolemy/domains/de/test/auto/Modal6.xml
auto.tcl: Setting watchdog for 200 seconds at Fri Jun 08 22:10:23 UTC 2018
14 ms. Memory: 331264K Free: 309784K (94%)
ptolemy.util.test.WatchDog.cancel(): canceling Fri Jun 08 22:10:23 UTC 2018
auto.tcl: Setting watchdog for 200 seconds at Fri Jun 08 22:10:23 UTC 2018
13 ms. Memory: 331264K Free: 305843K (92%)
ptolemy.util.test.WatchDog.cancel(): canceling Fri Jun 08 22:10:23 UTC 2018
------------------ testing $PTII/ptolemy/domains/de/test/auto/Modal7.xml
auto.tcl: Setting watchdog for 200 seconds at Fri Jun 08 22:10:24 UTC 2018
18 ms. Memory: 331264K Free: 309785K (94%)
ptolemy.util.test.WatchDog.cancel(): canceling Fri Jun 08 22:10:24 UTC 2018
auto.tcl: Setting watchdog for 200 seconds at Fri Jun 08 22:10:24 UTC 2018
11 ms. Memory: 331264K Free: 305843K (92%)
ptolemy.util.test.WatchDog.cancel(): canceling Fri Jun 08 22:10:24 UTC 2018
------------------ testing $PTII/ptolemy/domains/de/test/auto/ModalModel.xml
auto.tcl: Setting watchdog for 200 seconds at Fri Jun 08 22:10:24 UTC 2018
193 ms. Memory: 331264K Free: 246318K (74%)
ptolemy.util.test.WatchDog.cancel(): canceling Fri Jun 08 22:10:24 UTC 2018
auto.tcl: Setting watchdog for 200 seconds at Fri Jun 08 22:10:24 UTC 2018
156 ms. Memory: 331264K Free: 191135K (58%)
ptolemy.util.test.WatchDog.cancel(): canceling Fri Jun 08 22:10:24 UTC 2018
------------------ testing $PTII/ptolemy/domains/de/test/auto/ModalSource.xml
auto.tcl: Setting watchdog for 200 seconds at Fri Jun 08 22:10:24 UTC 2018
5 ms. Memory: 331264K Free: 316563K (96%)
ptolemy.util.test.WatchDog.cancel(): canceling Fri Jun 08 22:10:24 UTC 2018
auto.tcl: Setting watchdog for 200 seconds at Fri Jun 08 22:10:24 UTC 2018
5 ms. Memory: 331264K Free: 313053K (95%)
ptolemy.util.test.WatchDog.cancel(): canceling Fri Jun 08 22:10:24 UTC 2018
------------------ testing $PTII/ptolemy/domains/de/test/auto/NonInterruptibleTimerZeroDelay.xml
auto.tcl: Setting watchdog for 200 seconds at Fri Jun 08 22:10:24 UTC 2018
4 ms. Memory: 331264K Free: 320912K (97%)
ptolemy.util.test.WatchDog.cancel(): canceling Fri Jun 08 22:10:24 UTC 2018
auto.tcl: Setting watchdog for 200 seconds at Fri Jun 08 22:10:24 UTC 2018
2 ms. Memory: 331264K Free: 317401K (96%)
ptolemy.util.test.WatchDog.cancel(): canceling Fri Jun 08 22:10:24 UTC 2018
------------------ testing $PTII/ptolemy/domains/de/test/auto/OpenQueueingNetwork.xml
auto.tcl: Setting watchdog for 200 seconds at Fri Jun 08 22:10:24 UTC 2018
2588 ms. Memory: 573952K Free: 421938K (74%)
ptolemy.util.test.WatchDog.cancel(): canceling Fri Jun 08 22:10:27 UTC 2018
auto.tcl: Setting watchdog for 200 seconds at Fri Jun 08 22:10:27 UTC 2018
2325 ms. Memory: 574464K Free: 338927K (59%)
ptolemy.util.test.WatchDog.cancel(): canceling Fri Jun 08 22:10:29 UTC 2018
------------------ testing $PTII/ptolemy/domains/de/test/auto/OpenQueuingNetwork.xml
auto.tcl: Setting watchdog for 200 seconds at Fri Jun 08 22:10:29 UTC 2018
215 ms. Memory: 1064960K Free: 926352K (87%)
ptolemy.util.test.WatchDog.cancel(): canceling Fri Jun 08 22:10:30 UTC 2018
auto.tcl: Setting watchdog for 200 seconds at Fri Jun 08 22:10:30 UTC 2018
203 ms. Memory: 1064960K Free: 869061K (82%)
ptolemy.util.test.WatchDog.cancel(): canceling Fri Jun 08 22:10:30 UTC 2018
------------------ testing $PTII/ptolemy/domains/de/test/auto/PeriodicSampler.xml
auto.tcl: Setting watchdog for 200 seconds at Fri Jun 08 22:10:30 UTC 2018
4 ms. Memory: 1065472K Free: 1039202K (98%)
ptolemy.util.test.WatchDog.cancel(): canceling Fri Jun 08 22:10:30 UTC 2018
auto.tcl: Setting watchdog for 200 seconds at Fri Jun 08 22:10:30 UTC 2018
2 ms. Memory: 1065472K Free: 1039202K (98%)
ptolemy.util.test.WatchDog.cancel(): canceling Fri Jun 08 22:10:30 UTC 2018
------------------ testing $PTII/ptolemy/domains/de/test/auto/PersistentIO.xml
auto.tcl: Setting watchdog for 200 seconds at Fri Jun 08 22:10:30 UTC 2018
10 ms. Memory: 1065472K Free: 1029971K (97%)
ptolemy.util.test.WatchDog.cancel(): canceling Fri Jun 08 22:10:30 UTC 2018
auto.tcl: Setting watchdog for 200 seconds at Fri Jun 08 22:10:30 UTC 2018
4 ms. Memory: 1065472K Free: 1029971K (97%)
ptolemy.util.test.WatchDog.cancel(): canceling Fri Jun 08 22:10:30 UTC 2018
------------------ testing $PTII/ptolemy/domains/de/test/auto/PortParameterResetOnInitialize.xml
auto.tcl: Setting watchdog for 200 seconds at Fri Jun 08 22:10:30 UTC 2018
6 ms. Memory: 1065472K Free: 1029350K (97%)
ptolemy.util.test.WatchDog.cancel(): canceling Fri Jun 08 22:10:30 UTC 2018
auto.tcl: Setting watchdog for 200 seconds at Fri Jun 08 22:10:30 UTC 2018
2 ms. Memory: 1065472K Free: 1029350K (97%)
ptolemy.util.test.WatchDog.cancel(): canceling Fri Jun 08 22:10:30 UTC 2018
------------------ testing $PTII/ptolemy/domains/de/test/auto/PortParameterUpdates.xml
auto.tcl: Setting watchdog for 200 seconds at Fri Jun 08 22:10:30 UTC 2018
3 ms. Memory: 1065472K Free: 1039785K (98%)
ptolemy.util.test.WatchDog.cancel(): canceling Fri Jun 08 22:10:30 UTC 2018
auto.tcl: Setting watchdog for 200 seconds at Fri Jun 08 22:10:30 UTC 2018
3 ms. Memory: 1065472K Free: 1039785K (98%)
ptolemy.util.test.WatchDog.cancel(): canceling Fri Jun 08 22:10:30 UTC 2018
------------------ testing $PTII/ptolemy/domains/de/test/auto/QueueAndServer.xml
auto.tcl: Setting watchdog for 200 seconds at Fri Jun 08 22:10:30 UTC 2018
8 ms. Memory: 1065472K Free: 1039266K (98%)
ptolemy.util.test.WatchDog.cancel(): canceling Fri Jun 08 22:10:30 UTC 2018
auto.tcl: Setting watchdog for 200 seconds at Fri Jun 08 22:10:30 UTC 2018
8 ms. Memory: 1065472K Free: 1039266K (98%)
ptolemy.util.test.WatchDog.cancel(): canceling Fri Jun 08 22:10:30 UTC 2018
------------------ testing $PTII/ptolemy/domains/de/test/auto/Records.xml
auto.tcl: Setting watchdog for 200 seconds at Fri Jun 08 22:10:30 UTC 2018
6 ms. Memory: 1065472K Free: 1039207K (98%)
ptolemy.util.test.WatchDog.cancel(): canceling Fri Jun 08 22:10:30 UTC 2018
auto.tcl: Setting watchdog for 200 seconds at Fri Jun 08 22:10:30 UTC 2018
6 ms. Memory: 1065472K Free: 1039207K (98%)
ptolemy.util.test.WatchDog.cancel(): canceling Fri Jun 08 22:10:30 UTC 2018
------------------ testing $PTII/ptolemy/domains/de/test/auto/ResetTransitionWithStartTime1.xml
auto.tcl: Setting watchdog for 200 seconds at Fri Jun 08 22:10:30 UTC 2018
6 ms. Memory: 1065472K Free: 1039232K (98%)
ptolemy.util.test.WatchDog.cancel(): canceling Fri Jun 08 22:10:30 UTC 2018
auto.tcl: Setting watchdog for 200 seconds at Fri Jun 08 22:10:30 UTC 2018
5 ms. Memory: 1065472K Free: 1039232K (98%)
ptolemy.util.test.WatchDog.cancel(): canceling Fri Jun 08 22:10:30 UTC 2018
------------------ testing $PTII/ptolemy/domains/de/test/auto/ResetTransitionWithStartTime2.xml
auto.tcl: Setting watchdog for 200 seconds at Fri Jun 08 22:10:30 UTC 2018
5 ms. Memory: 1064448K Free: 1038681K (98%)
ptolemy.util.test.WatchDog.cancel(): canceling Fri Jun 08 22:10:30 UTC 2018
auto.tcl: Setting watchdog for 200 seconds at Fri Jun 08 22:10:30 UTC 2018
6 ms. Memory: 1064448K Free: 1038681K (98%)
ptolemy.util.test.WatchDog.cancel(): canceling Fri Jun 08 22:10:30 UTC 2018
------------------ testing $PTII/ptolemy/domains/de/test/auto/ResetTransitionWithStartTime3.xml
auto.tcl: Setting watchdog for 200 seconds at Fri Jun 08 22:10:30 UTC 2018
6 ms. Memory: 1064960K Free: 1038710K (98%)
ptolemy.util.test.WatchDog.cancel(): canceling Fri Jun 08 22:10:31 UTC 2018
auto.tcl: Setting watchdog for 200 seconds at Fri Jun 08 22:10:31 UTC 2018
8 ms. Memory: 1064960K Free: 1038710K (98%)
ptolemy.util.test.WatchDog.cancel(): canceling Fri Jun 08 22:10:31 UTC 2018
------------------ testing $PTII/ptolemy/domains/de/test/auto/ResetTransitionWithStartTime4.xml
auto.tcl: Setting watchdog for 200 seconds at Fri Jun 08 22:10:31 UTC 2018
3 ms. Memory: 1064960K Free: 1038708K (98%)
ptolemy.util.test.WatchDog.cancel(): canceling Fri Jun 08 22:10:31 UTC 2018
auto.tcl: Setting watchdog for 200 seconds at Fri Jun 08 22:10:31 UTC 2018
3 ms. Memory: 1064960K Free: 1038708K (98%)
ptolemy.util.test.WatchDog.cancel(): canceling Fri Jun 08 22:10:31 UTC 2018
------------------ testing $PTII/ptolemy/domains/de/test/auto/ResettableTimer1.xml
auto.tcl: Setting watchdog for 200 seconds at Fri Jun 08 22:10:31 UTC 2018
5 ms. Memory: 1064960K Free: 1038703K (98%)
ptolemy.util.test.WatchDog.cancel(): canceling Fri Jun 08 22:10:31 UTC 2018
auto.tcl: Setting watchdog for 200 seconds at Fri Jun 08 22:10:31 UTC 2018
2 ms. Memory: 1064960K Free: 1038703K (98%)
ptolemy.util.test.WatchDog.cancel(): canceling Fri Jun 08 22:10:31 UTC 2018
------------------ testing $PTII/ptolemy/domains/de/test/auto/ResettableTimer2.xml
auto.tcl: Setting watchdog for 200 seconds at Fri Jun 08 22:10:31 UTC 2018
3 ms. Memory: 1064960K Free: 1039243K (98%)
ptolemy.util.test.WatchDog.cancel(): canceling Fri Jun 08 22:10:31 UTC 2018
auto.tcl: Setting watchdog for 200 seconds at Fri Jun 08 22:10:31 UTC 2018
2 ms. Memory: 1064960K Free: 1039243K (98%)
ptolemy.util.test.WatchDog.cancel(): canceling Fri Jun 08 22:10:31 UTC 2018
------------------ testing $PTII/ptolemy/domains/de/test/auto/ResettableTimer3.xml
auto.tcl: Setting watchdog for 200 seconds at Fri Jun 08 22:10:31 UTC 2018
1 ms. Memory: 1064960K Free: 1038761K (98%)
ptolemy.util.test.WatchDog.cancel(): canceling Fri Jun 08 22:10:31 UTC 2018
auto.tcl: Setting watchdog for 200 seconds at Fri Jun 08 22:10:31 UTC 2018
1 ms. Memory: 1064960K Free: 1038761K (98%)
ptolemy.util.test.WatchDog.cancel(): canceling Fri Jun 08 22:10:31 UTC 2018
------------------ testing $PTII/ptolemy/domains/de/test/auto/ResettableTimer4.xml
auto.tcl: Setting watchdog for 200 seconds at Fri Jun 08 22:10:31 UTC 2018
2 ms. Memory: 1063936K Free: 1038232K (98%)
ptolemy.util.test.WatchDog.cancel(): canceling Fri Jun 08 22:10:31 UTC 2018
auto.tcl: Setting watchdog for 200 seconds at Fri Jun 08 22:10:31 UTC 2018
1 ms. Memory: 1063936K Free: 1038232K (98%)
ptolemy.util.test.WatchDog.cancel(): canceling Fri Jun 08 22:10:31 UTC 2018
------------------ testing $PTII/ptolemy/domains/de/test/auto/ResettableTimer5.xml
auto.tcl: Setting watchdog for 200 seconds at Fri Jun 08 22:10:31 UTC 2018
1 ms. Memory: 1064448K Free: 1028922K (97%)
ptolemy.util.test.WatchDog.cancel(): canceling Fri Jun 08 22:10:31 UTC 2018
auto.tcl: Setting watchdog for 200 seconds at Fri Jun 08 22:10:31 UTC 2018
1 ms. Memory: 1064448K Free: 1028922K (97%)
ptolemy.util.test.WatchDog.cancel(): canceling Fri Jun 08 22:10:31 UTC 2018
------------------ testing $PTII/ptolemy/domains/de/test/auto/ResettableTimer6.xml
auto.tcl: Setting watchdog for 200 seconds at Fri Jun 08 22:10:31 UTC 2018
2 ms. Memory: 1064448K Free: 1028389K (97%)
ptolemy.util.test.WatchDog.cancel(): canceling Fri Jun 08 22:10:31 UTC 2018
auto.tcl: Setting watchdog for 200 seconds at Fri Jun 08 22:10:31 UTC 2018
1 ms. Memory: 1064448K Free: 1028389K (97%)
ptolemy.util.test.WatchDog.cancel(): canceling Fri Jun 08 22:10:31 UTC 2018
------------------ testing $PTII/ptolemy/domains/de/test/auto/ServerZeroDelay.xml
auto.tcl: Setting watchdog for 200 seconds at Fri Jun 08 22:10:31 UTC 2018
2 ms. Memory: 1064448K Free: 1038682K (98%)
ptolemy.util.test.WatchDog.cancel(): canceling Fri Jun 08 22:10:31 UTC 2018
auto.tcl: Setting watchdog for 200 seconds at Fri Jun 08 22:10:31 UTC 2018
2 ms. Memory: 1064448K Free: 1038682K (98%)
ptolemy.util.test.WatchDog.cancel(): canceling Fri Jun 08 22:10:31 UTC 2018
------------------ testing $PTII/ptolemy/domains/de/test/auto/SmartSender.xml
auto.tcl: Setting watchdog for 200 seconds at Fri Jun 08 22:10:31 UTC 2018
3001 ms. Memory: 1064448K Free: 1028857K (97%)
ptolemy.util.test.WatchDog.cancel(): canceling Fri Jun 08 22:10:34 UTC 2018
auto.tcl: Setting watchdog for 200 seconds at Fri Jun 08 22:10:34 UTC 2018
3001 ms. Memory: 1064448K Free: 1028857K (97%)
ptolemy.util.test.WatchDog.cancel(): canceling Fri Jun 08 22:10:37 UTC 2018
------------------ testing $PTII/ptolemy/domains/de/test/auto/ThreadedComposite.xml
auto.tcl: Setting watchdog for 200 seconds at Fri Jun 08 22:10:37 UTC 2018
186 ms. Memory: 1064448K Free: 997283K (94%)
ptolemy.util.test.WatchDog.cancel(): canceling Fri Jun 08 22:10:37 UTC 2018
auto.tcl: Setting watchdog for 200 seconds at Fri Jun 08 22:10:37 UTC 2018
101 ms. Memory: 1064448K Free: 977643K (92%)
ptolemy.util.test.WatchDog.cancel(): canceling Fri Jun 08 22:10:37 UTC 2018
------------------ testing $PTII/ptolemy/domains/de/test/auto/Time.xml
auto.tcl: Setting watchdog for 200 seconds at Fri Jun 08 22:10:37 UTC 2018
511 ms. Memory: 1064448K Free: 988818K (93%)
ptolemy.util.test.WatchDog.cancel(): canceling Fri Jun 08 22:10:38 UTC 2018
auto.tcl: Setting watchdog for 200 seconds at Fri Jun 08 22:10:38 UTC 2018
489 ms. Memory: 1064448K Free: 931497K (88%)
ptolemy.util.test.WatchDog.cancel(): canceling Fri Jun 08 22:10:38 UTC 2018
------------------ testing $PTII/ptolemy/domains/de/test/auto/TimeDelayZeroDelay.xml
auto.tcl: Setting watchdog for 200 seconds at Fri Jun 08 22:10:39 UTC 2018
4 ms. Memory: 1064448K Free: 1038116K (98%)
ptolemy.util.test.WatchDog.cancel(): canceling Fri Jun 08 22:10:39 UTC 2018
auto.tcl: Setting watchdog for 200 seconds at Fri Jun 08 22:10:39 UTC 2018
2 ms. Memory: 1064448K Free: 1038116K (98%)
ptolemy.util.test.WatchDog.cancel(): canceling Fri Jun 08 22:10:39 UTC 2018
------------------ testing $PTII/ptolemy/domains/de/test/auto/TimerZeroDelay.xml
auto.tcl: Setting watchdog for 200 seconds at Fri Jun 08 22:10:39 UTC 2018
4 ms. Memory: 1063424K Free: 1037618K (98%)
ptolemy.util.test.WatchDog.cancel(): canceling Fri Jun 08 22:10:39 UTC 2018
auto.tcl: Setting watchdog for 200 seconds at Fri Jun 08 22:10:39 UTC 2018
2 ms. Memory: 1063424K Free: 1037618K (98%)
ptolemy.util.test.WatchDog.cancel(): canceling Fri Jun 08 22:10:39 UTC 2018
------------------ testing $PTII/ptolemy/domains/de/test/auto/TimingParadox.xml
auto.tcl: Setting watchdog for 200 seconds at Fri Jun 08 22:10:39 UTC 2018
365 ms. Memory: 1063936K Free: 973747K (92%)
ptolemy.util.test.WatchDog.cancel(): canceling Fri Jun 08 22:10:39 UTC 2018
auto.tcl: Setting watchdog for 200 seconds at Fri Jun 08 22:10:39 UTC 2018
331 ms. Memory: 1063936K Free: 939354K (88%)
ptolemy.util.test.WatchDog.cancel(): canceling Fri Jun 08 22:10:39 UTC 2018
------------------ testing $PTII/ptolemy/domains/de/test/auto/TransferInputs.xml
auto.tcl: Setting watchdog for 200 seconds at Fri Jun 08 22:10:40 UTC 2018
2 ms. Memory: 1063424K Free: 1036532K (97%)
ptolemy.util.test.WatchDog.cancel(): canceling Fri Jun 08 22:10:40 UTC 2018
auto.tcl: Setting watchdog for 200 seconds at Fri Jun 08 22:10:40 UTC 2018
2 ms. Memory: 1063424K Free: 1036532K (97%)
ptolemy.util.test.WatchDog.cancel(): canceling Fri Jun 08 22:10:40 UTC 2018
------------------ testing $PTII/ptolemy/domains/de/test/auto/TransferOutputs2.xml
auto.tcl: Setting watchdog for 200 seconds at Fri Jun 08 22:10:40 UTC 2018
3 ms. Memory: 1063936K Free: 1028331K (97%)
ptolemy.util.test.WatchDog.cancel(): canceling Fri Jun 08 22:10:40 UTC 2018
auto.tcl: Setting watchdog for 200 seconds at Fri Jun 08 22:10:40 UTC 2018
3 ms. Memory: 1063936K Free: 1028331K (97%)
ptolemy.util.test.WatchDog.cancel(): canceling Fri Jun 08 22:10:40 UTC 2018
------------------ testing $PTII/ptolemy/domains/de/test/auto/Trilateration.xml
auto.tcl: Setting watchdog for 200 seconds at Fri Jun 08 22:10:40 UTC 2018
13208 ms. Memory: 933376K Free: 745938K (80%)
ptolemy.util.test.WatchDog.cancel(): canceling Fri Jun 08 22:10:54 UTC 2018
auto.tcl: Setting watchdog for 200 seconds at Fri Jun 08 22:10:54 UTC 2018
10449 ms. Memory: 812544K Free: 464506K (57%)
ptolemy.util.test.WatchDog.cancel(): canceling Fri Jun 08 22:11:04 UTC 2018
------------------ testing $PTII/ptolemy/domains/de/test/auto/TwoSigmaDelta.xml
auto.tcl: Setting watchdog for 200 seconds at Fri Jun 08 22:11:04 UTC 2018
2553 ms. Memory: 816640K Free: 512277K (63%)
ptolemy.util.test.WatchDog.cancel(): canceling Fri Jun 08 22:11:07 UTC 2018
auto.tcl: Setting watchdog for 200 seconds at Fri Jun 08 22:11:07 UTC 2018
2006 ms. Memory: 816640K Free: 279537K (34%)
ptolemy.util.test.WatchDog.cancel(): canceling Fri Jun 08 22:11:09 UTC 2018
------------------ testing $PTII/ptolemy/domains/de/test/auto/VariableDelay.xml
auto.tcl: Setting watchdog for 200 seconds at Fri Jun 08 22:11:09 UTC 2018
3 ms. Memory: 813056K Free: 790266K (97%)
ptolemy.util.test.WatchDog.cancel(): canceling Fri Jun 08 22:11:09 UTC 2018
auto.tcl: Setting watchdog for 200 seconds at Fri Jun 08 22:11:09 UTC 2018
2 ms. Memory: 813056K Free: 790266K (97%)
ptolemy.util.test.WatchDog.cancel(): canceling Fri Jun 08 22:11:09 UTC 2018
------------------ testing $PTII/ptolemy/domains/de/test/auto/VariableDelay2.xml
auto.tcl: Setting watchdog for 200 seconds at Fri Jun 08 22:11:09 UTC 2018
6 ms. Memory: 812544K Free: 790209K (97%)
ptolemy.util.test.WatchDog.cancel(): canceling Fri Jun 08 22:11:09 UTC 2018
auto.tcl: Setting watchdog for 200 seconds at Fri Jun 08 22:11:09 UTC 2018
2 ms. Memory: 812544K Free: 790209K (97%)
ptolemy.util.test.WatchDog.cancel(): canceling Fri Jun 08 22:11:09 UTC 2018
------------------ testing $PTII/ptolemy/domains/de/test/auto/VariableDelayZeroDelay.xml
auto.tcl: Setting watchdog for 200 seconds at Fri Jun 08 22:11:09 UTC 2018
2 ms. Memory: 812544K Free: 790209K (97%)
ptolemy.util.test.WatchDog.cancel(): canceling Fri Jun 08 22:11:09 UTC 2018
auto.tcl: Setting watchdog for 200 seconds at Fri Jun 08 22:11:09 UTC 2018
2 ms. Memory: 812544K Free: 790209K (97%)
ptolemy.util.test.WatchDog.cancel(): canceling Fri Jun 08 22:11:09 UTC 2018
------------------ testing $PTII/ptolemy/domains/de/test/auto/VariableDelayZeroDelay2.xml
auto.tcl: Setting watchdog for 200 seconds at Fri Jun 08 22:11:09 UTC 2018
2 ms. Memory: 815616K Free: 785967K (96%)
ptolemy.util.test.WatchDog.cancel(): canceling Fri Jun 08 22:11:09 UTC 2018
auto.tcl: Setting watchdog for 200 seconds at Fri Jun 08 22:11:09 UTC 2018
2 ms. Memory: 815616K Free: 785967K (96%)
ptolemy.util.test.WatchDog.cancel(): canceling Fri Jun 08 22:11:09 UTC 2018
------------------ testing $PTII/ptolemy/domains/de/test/auto/deInCt.xml
auto.tcl: Setting watchdog for 200 seconds at Fri Jun 08 22:11:09 UTC 2018
0
1
1
1
0
0
0
0
0
1
1
1
1
1
1
1
0
0
0
0
1
1
1
0
0
0
0
10 ms. Memory: 812544K Free: 782851K (96%)
ptolemy.util.test.WatchDog.cancel(): canceling Fri Jun 08 22:11:09 UTC 2018
auto.tcl: Setting watchdog for 200 seconds at Fri Jun 08 22:11:09 UTC 2018
0
1
1
1
1
0
0
1
1
1
0
0
0
0
1
1
1
1
0
0
0
1
1
1
0
0
0
0
1
1
1
1
1
5 ms. Memory: 812544K Free: 782851K (96%)
ptolemy.util.test.WatchDog.cancel(): canceling Fri Jun 08 22:11:09 UTC 2018
------------------ testing $PTII/ptolemy/domains/de/test/auto/deInCt2.xml
auto.tcl: Setting watchdog for 200 seconds at Fri Jun 08 22:11:09 UTC 2018
0
1
1
1
0
0
1
1
1
0
0
1
1
1
0
0
1
1
1
0
0
1
1
1
0
0
1
1
1
0
0
1
1
1
0
0
1
1
1
0
0
0
8 ms. Memory: 815616K Free: 785923K (96%)
ptolemy.util.test.WatchDog.cancel(): canceling Fri Jun 08 22:11:09 UTC 2018
auto.tcl: Setting watchdog for 200 seconds at Fri Jun 08 22:11:09 UTC 2018
0
1
1
1
0
0
1
1
1
0
0
1
1
1
0
0
1
1
1
0
0
1
1
1
0
0
1
1
1
0
0
1
1
1
0
0
1
1
1
0
0
0
8 ms. Memory: 815616K Free: 785923K (96%)
ptolemy.util.test.WatchDog.cancel(): canceling Fri Jun 08 22:11:09 UTC 2018
------------------ testing $PTII/ptolemy/domains/de/test/auto/dynamicCausalityInterface1.xml
auto.tcl: Setting watchdog for 200 seconds at Fri Jun 08 22:11:09 UTC 2018
1 ms. Memory: 812544K Free: 790200K (97%)
ptolemy.util.test.WatchDog.cancel(): canceling Fri Jun 08 22:11:10 UTC 2018
auto.tcl: Setting watchdog for 200 seconds at Fri Jun 08 22:11:10 UTC 2018
1 ms. Memory: 812544K Free: 790200K (97%)
ptolemy.util.test.WatchDog.cancel(): canceling Fri Jun 08 22:11:10 UTC 2018
------------------ testing $PTII/ptolemy/domains/de/test/auto/fsm_de_test.xml
auto.tcl: Setting watchdog for 200 seconds at Fri Jun 08 22:11:10 UTC 2018
13 ms. Memory: 815104K Free: 785343K (96%)
ptolemy.util.test.WatchDog.cancel(): canceling Fri Jun 08 22:11:10 UTC 2018
auto.tcl: Setting watchdog for 200 seconds at Fri Jun 08 22:11:10 UTC 2018
5 ms. Memory: 815104K Free: 785343K (96%)
ptolemy.util.test.WatchDog.cancel(): canceling Fri Jun 08 22:11:10 UTC 2018
------------------ testing $PTII/ptolemy/domains/de/test/auto/functionDependencyReconstruction.xml
auto.tcl: Setting watchdog for 200 seconds at Fri Jun 08 22:11:10 UTC 2018
2 ms. Memory: 812544K Free: 772387K (95%)
ptolemy.util.test.WatchDog.cancel(): canceling Fri Jun 08 22:11:10 UTC 2018
auto.tcl: Setting watchdog for 200 seconds at Fri Jun 08 22:11:10 UTC 2018
2 ms. Memory: 812544K Free: 772387K (95%)
ptolemy.util.test.WatchDog.cancel(): canceling Fri Jun 08 22:11:10 UTC 2018
------------------ testing $PTII/ptolemy/domains/de/test/auto/multirate.xml
auto.tcl: Setting watchdog for 200 seconds at Fri Jun 08 22:11:10 UTC 2018
7 ms. Memory: 814592K Free: 784699K (96%)
ptolemy.util.test.WatchDog.cancel(): canceling Fri Jun 08 22:11:10 UTC 2018
auto.tcl: Setting watchdog for 200 seconds at Fri Jun 08 22:11:10 UTC 2018
3 ms. Memory: 814592K Free: 784657K (96%)
ptolemy.util.test.WatchDog.cancel(): canceling Fri Jun 08 22:11:10 UTC 2018
------------------ testing $PTII/ptolemy/domains/de/test/auto/multirate2.xml
auto.tcl: Setting watchdog for 200 seconds at Fri Jun 08 22:11:10 UTC 2018
2 ms. Memory: 812544K Free: 782839K (96%)
ptolemy.util.test.WatchDog.cancel(): canceling Fri Jun 08 22:11:10 UTC 2018
auto.tcl: Setting watchdog for 200 seconds at Fri Jun 08 22:11:10 UTC 2018
3 ms. Memory: 812544K Free: 782839K (96%)
ptolemy.util.test.WatchDog.cancel(): canceling Fri Jun 08 22:11:10 UTC 2018
------------------ testing $PTII/ptolemy/domains/de/test/auto/realtime.xml
auto.tcl: Setting watchdog for 200 seconds at Fri Jun 08 22:11:10 UTC 2018
10001 ms. Memory: 814592K Free: 784844K (96%)
ptolemy.util.test.WatchDog.cancel(): canceling Fri Jun 08 22:11:20 UTC 2018
auto.tcl: Setting watchdog for 200 seconds at Fri Jun 08 22:11:20 UTC 2018
10002 ms. Memory: 814592K Free: 784844K (96%)
ptolemy.util.test.WatchDog.cancel(): canceling Fri Jun 08 22:11:30 UTC 2018
------------------ testing $PTII/ptolemy/domains/de/test/auto/relationGroup.xml
auto.tcl: Setting watchdog for 200 seconds at Fri Jun 08 22:11:30 UTC 2018
1 ms. Memory: 812544K Free: 790175K (97%)
ptolemy.util.test.WatchDog.cancel(): canceling Fri Jun 08 22:11:30 UTC 2018
auto.tcl: Setting watchdog for 200 seconds at Fri Jun 08 22:11:30 UTC 2018
1 ms. Memory: 812544K Free: 790175K (97%)
ptolemy.util.test.WatchDog.cancel(): canceling Fri Jun 08 22:11:30 UTC 2018
------------------ testing $PTII/ptolemy/domains/de/test/auto/relationGroup2.xml
auto.tcl: Setting watchdog for 200 seconds at Fri Jun 08 22:11:30 UTC 2018
1 ms. Memory: 814080K Free: 784426K (96%)
ptolemy.util.test.WatchDog.cancel(): canceling Fri Jun 08 22:11:30 UTC 2018
auto.tcl: Setting watchdog for 200 seconds at Fri Jun 08 22:11:30 UTC 2018
1 ms. Memory: 814080K Free: 784426K (96%)
ptolemy.util.test.WatchDog.cancel(): canceling Fri Jun 08 22:11:30 UTC 2018
------------------ testing $PTII/ptolemy/domains/de/test/auto/sortWithOpaquePorts.xml
auto.tcl: Setting watchdog for 200 seconds at Fri Jun 08 22:11:30 UTC 2018
1 ms. Memory: 812544K Free: 782891K (96%)
ptolemy.util.test.WatchDog.cancel(): canceling Fri Jun 08 22:11:30 UTC 2018
auto.tcl: Setting watchdog for 200 seconds at Fri Jun 08 22:11:30 UTC 2018
2 ms. Memory: 812544K Free: 782891K (96%)
ptolemy.util.test.WatchDog.cancel(): canceling Fri Jun 08 22:11:30 UTC 2018
------------------ testing $PTII/ptolemy/domains/de/test/auto/transferInputsandOutputs.xml
auto.tcl: Setting watchdog for 200 seconds at Fri Jun 08 22:11:30 UTC 2018
4 ms. Memory: 814080K Free: 784414K (96%)
ptolemy.util.test.WatchDog.cancel(): canceling Fri Jun 08 22:11:30 UTC 2018
auto.tcl: Setting watchdog for 200 seconds at Fri Jun 08 22:11:30 UTC 2018
1 ms. Memory: 814080K Free: 784414K (96%)
ptolemy.util.test.WatchDog.cancel(): canceling Fri Jun 08 22:11:30 UTC 2018
------------------ testing $PTII/ptolemy/domains/de/test/auto/triggerType.xml
auto.tcl: Setting watchdog for 200 seconds at Fri Jun 08 22:11:30 UTC 2018
1 ms. Memory: 812544K Free: 782829K (96%)
ptolemy.util.test.WatchDog.cancel(): canceling Fri Jun 08 22:11:30 UTC 2018
auto.tcl: Setting watchdog for 200 seconds at Fri Jun 08 22:11:30 UTC 2018
1 ms. Memory: 812544K Free: 782829K (96%)
ptolemy.util.test.WatchDog.cancel(): canceling Fri Jun 08 22:11:30 UTC 2018
06/08/18 10:11:30
Failed: 0  Total Tests: 192  ((Passed: 187, Newly Passed: 1)  Known Failed: 5) /home/travis/build/icyphy/ptII/ptolemy/domains/de/test
06/08/18 10:11:30
Failed: 0  Total Tests: 192  ((Passed: 187, Newly Passed: 1)  Known Failed: 5) /home/travis/build/icyphy/ptII/ptolemy/domains/de/test
----------------- testing (KnownFailure) /home/travis/build/icyphy/ptII/ptolemy/domains/de/test/auto/knownFailedTests/DESDFClockTest.xml
2012 ms. Memory: 813568K Free: 769242K (95%)
Known Failure: java.lang.reflect.InvocationTargetException
----------------- testing (KnownFailure) /home/travis/build/icyphy/ptII/ptolemy/domains/de/test/auto/knownFailedTests/DirectFeedback.xml
1 ms. Memory: 813568K Free: 710751K (87%)
Known Failure: java.lang.reflect.InvocationTargetException
----------------- testing (KnownFailure) /home/travis/build/icyphy/ptII/ptolemy/domains/de/test/auto/knownFailedTests/FSMSource.xml
11 ms. Memory: 813568K Free: 652260K (80%)
----------------- testing (KnownFailure) /home/travis/build/icyphy/ptII/ptolemy/domains/de/test/auto/knownFailedTests/HierarchicalModel.xml
2 ms. Memory: 813568K Free: 608376K (75%)
Known Failure: java.lang.reflect.InvocationTargetException
----------------- testing (KnownFailure) /home/travis/build/icyphy/ptII/ptolemy/domains/de/test/auto/knownFailedTests/dependencyLoop.xml
1 ms. Memory: 813568K Free: 535246K (66%)
Known Failure: java.lang.reflect.InvocationTargetException
----------------- testing (KnownFailure) /home/travis/build/icyphy/ptII/ptolemy/domains/de/test/auto/knownFailedTests/dependencyLoop2.xml
8 ms. Memory: 813568K Free: 476755K (59%)
Known Failure: java.lang.reflect.InvocationTargetException
No auto/linux-amd64/*.xml tests in /home/travis/build/icyphy/ptII/ptolemy/domains/de/test
AutoTests.java: About to close Vertx.
AutoTests.java: Vertx closed.

===========================================================================================
----------------- testing Fri Jun 08 22:11:32 UTC 2018 /home/travis/build/icyphy/ptII/ptolemy/domains/de/test/auto/ActorDepthCalculation_actorWithoutPorts.xml
----------------- Instantiating /home/travis/build/icyphy/ptII/ptolemy/domains/de/test/auto/ActorDepthCalculation_actorWithoutPorts.xml
1 ms. Memory: 813568K Free: 389018K (48%)
----------------- Invoking toplevel() on ptolemy.moml.MoMLSimpleApplication@6b320884
----------------- Done invoking toplevel() on ptolemy.moml.MoMLSimpleApplication@6b320884
reloadAllAccessors: .ActorDepthCalculation_actorWithoutPorts

===========================================================================================
----------------- testing Fri Jun 08 22:11:32 UTC 2018 /home/travis/build/icyphy/ptII/ptolemy/domains/de/test/auto/AssemblyLine.xml
----------------- Instantiating /home/travis/build/icyphy/ptII/ptolemy/domains/de/test/auto/AssemblyLine.xml
1 ms. Memory: 813568K Free: 359772K (44%)
----------------- Invoking toplevel() on ptolemy.moml.MoMLSimpleApplication@49c5ef72
----------------- Done invoking toplevel() on ptolemy.moml.MoMLSimpleApplication@49c5ef72
reloadAllAccessors: .AssemblyLine

===========================================================================================
----------------- testing Fri Jun 08 22:11:32 UTC 2018 /home/travis/build/icyphy/ptII/ptolemy/domains/de/test/auto/CQBug1.xml
----------------- Instantiating /home/travis/build/icyphy/ptII/ptolemy/domains/de/test/auto/CQBug1.xml
1 ms. Memory: 813568K Free: 330527K (41%)
----------------- Invoking toplevel() on ptolemy.moml.MoMLSimpleApplication@1db3007d
----------------- Done invoking toplevel() on ptolemy.moml.MoMLSimpleApplication@1db3007d
reloadAllAccessors: .CQBug1

===========================================================================================
----------------- testing Fri Jun 08 22:11:32 UTC 2018 /home/travis/build/icyphy/ptII/ptolemy/domains/de/test/auto/CancelFireAt.xml
----------------- Instantiating /home/travis/build/icyphy/ptII/ptolemy/domains/de/test/auto/CancelFireAt.xml
0 ms. Memory: 813568K Free: 301282K (37%)
----------------- Invoking toplevel() on ptolemy.moml.MoMLSimpleApplication@5776bf08
----------------- Done invoking toplevel() on ptolemy.moml.MoMLSimpleApplication@5776bf08
reloadAllAccessors: .CancelFireAt

===========================================================================================
----------------- testing Fri Jun 08 22:11:32 UTC 2018 /home/travis/build/icyphy/ptII/ptolemy/domains/de/test/auto/CausalityAndComposabilityAnalysis.xml
----------------- Instantiating /home/travis/build/icyphy/ptII/ptolemy/domains/de/test/auto/CausalityAndComposabilityAnalysis.xml
1 ms. Memory: 813568K Free: 272036K (33%)
----------------- Invoking toplevel() on ptolemy.moml.MoMLSimpleApplication@1496603b
----------------- Done invoking toplevel() on ptolemy.moml.MoMLSimpleApplication@1496603b
reloadAllAccessors: .CausalityAndComposabilityAnalysis

===========================================================================================
----------------- testing Fri Jun 08 22:11:32 UTC 2018 /home/travis/build/icyphy/ptII/ptolemy/domains/de/test/auto/CausalityInterface1.xml
----------------- Instantiating /home/travis/build/icyphy/ptII/ptolemy/domains/de/test/auto/CausalityInterface1.xml
3 ms. Memory: 813568K Free: 242791K (30%)
----------------- Invoking toplevel() on ptolemy.moml.MoMLSimpleApplication@4b799b3
----------------- Done invoking toplevel() on ptolemy.moml.MoMLSimpleApplication@4b799b3
reloadAllAccessors: .CausalityInterface1

===========================================================================================
----------------- testing Fri Jun 08 22:11:32 UTC 2018 /home/travis/build/icyphy/ptII/ptolemy/domains/de/test/auto/CausalityInterface15.xml
----------------- Instantiating /home/travis/build/icyphy/ptII/ptolemy/domains/de/test/auto/CausalityInterface15.xml
1 ms. Memory: 813568K Free: 213545K (26%)
----------------- Invoking toplevel() on ptolemy.moml.MoMLSimpleApplication@6f8adf1f
----------------- Done invoking toplevel() on ptolemy.moml.MoMLSimpleApplication@6f8adf1f
[...]
java.lang.RuntimeException: Execution failed
	at ptolemy.moml.MoMLSimpleApplication$UnloadThread.run(MoMLSimpleApplication.java:402)
Caused by: ptolemy.kernel.util.IllegalActionException: Test fails in iteration 1.
Value was: 1.0. Should have been: 2.0
  in .DirectFeedback.Test
	at ptolemy.actor.lib.Test.fire(Test.java:268)
	at ptolemy.domains.de.kernel.DEDirector._fire(DEDirector.java:1948)
	at ptolemy.domains.de.kernel.DEDirector.fire(DEDirector.java:502)
	at ptolemy.actor.CompositeActor.fire(CompositeActor.java:455)
	at ptolemy.actor.Manager.iterate(Manager.java:851)
	at ptolemy.actor.Manager.execute(Manager.java:369)
	at ptolemy.actor.Manager.run(Manager.java:1263)
	at ptolemy.actor.Manager$PtolemyRunThread.run(Manager.java:1915)
java.lang.RuntimeException: Execution failed
	at ptolemy.moml.MoMLSimpleApplication$UnloadThread.run(MoMLSimpleApplication.java:402)
Caused by: ptolemy.kernel.util.IllegalActionException: Actor is not ready to fire.  Perhaps UpSample.prefire() returned false? Try debugging the actor by selecting "Listen to Actor".  Also, for SDF check moml for tokenConsumptionRate on input.
  in .DESDFClockTest.Play Bell.Copy1:SDF Director and .DESDFClockTest.Play Bell.UpSample
	at ptolemy.actor.sched.StaticSchedulingDirector.fire(StaticSchedulingDirector.java:227)
	at ptolemy.domains.sdf.kernel.SDFDirector.fire(SDFDirector.java:500)
	at ptolemy.actor.CompositeActor.fire(CompositeActor.java:455)
	at ptolemy.domains.de.kernel.DEDirector._fire(DEDirector.java:1948)
	at ptolemy.domains.de.kernel.DEDirector.fire(DEDirector.java:502)
	at ptolemy.actor.CompositeActor.fire(CompositeActor.java:455)
	at ptolemy.actor.Manager.iterate(Manager.java:851)
	at ptolemy.actor.Manager.execute(Manager.java:369)
	at ptolemy.actor.Manager.run(Manager.java:1263)
	at ptolemy.actor.Manager$PtolemyRunThread.run(Manager.java:1915)
java.lang.reflect.InvocationTargetException
	at sun.reflect.NativeConstructorAccessorImpl.newInstance0(Native Method)
	at sun.reflect.NativeConstructorAccessorImpl.newInstance(NativeConstructorAccessorImpl.java:62)
	at sun.reflect.DelegatingConstructorAccessorImpl.newInstance(DelegatingConstructorAccessorImpl.java:45)
	at java.lang.reflect.Constructor.newInstance(Constructor.java:423)
	at ptolemy.util.test.junit.AutoKnownFailedTests.RunModel(AutoKnownFailedTests.java:107)
	at sun.reflect.NativeMethodAccessorImpl.invoke0(Native Method)
	at sun.reflect.NativeMethodAccessorImpl.invoke(NativeMethodAccessorImpl.java:62)
	at sun.reflect.DelegatingMethodAccessorImpl.invoke(DelegatingMethodAccessorImpl.java:43)
	at java.lang.reflect.Method.invoke(Method.java:498)
	at org.junit.runners.model.FrameworkMethod$1.runReflectiveCall(FrameworkMethod.java:44)
	at org.junit.internal.runners.model.ReflectiveCallable.run(ReflectiveCallable.java:15)
	at org.junit.runners.model.FrameworkMethod.invokeExplosively(FrameworkMethod.java:41)
	at junitparams.internal.InvokeParameterisedMethod.evaluate(InvokeParameterisedMethod.java:102)
	at org.junit.internal.runners.statements.FailOnTimeout$1.run(FailOnTimeout.java:28)
Caused by: ptolemy.kernel.util.IllegalActionException: Actor is not ready to fire.  Perhaps UpSample.prefire() returned false? Try debugging the actor by selecting "Listen to Actor".  Also, for SDF check moml for tokenConsumptionRate on input.
  in .DESDFClockTest.Play Bell.Copy1:SDF Director and .DESDFClockTest.Play Bell.UpSample
	at ptolemy.actor.sched.StaticSchedulingDirector.fire(StaticSchedulingDirector.java:227)
	at ptolemy.domains.sdf.kernel.SDFDirector.fire(SDFDirector.java:500)
	at ptolemy.actor.CompositeActor.fire(CompositeActor.java:455)
	at ptolemy.domains.de.kernel.DEDirector._fire(DEDirector.java:1948)
	at ptolemy.domains.de.kernel.DEDirector.fire(DEDirector.java:502)
	at ptolemy.actor.CompositeActor.fire(CompositeActor.java:455)
	at ptolemy.actor.Manager.iterate(Manager.java:851)
	at ptolemy.actor.Manager.execute(Manager.java:369)
	at ptolemy.actor.Manager.run(Manager.java:1263)
	at ptolemy.actor.Manager$PtolemyRunThread.run(Manager.java:1915)
java.lang.RuntimeException: Execution failed
	at ptolemy.moml.MoMLSimpleApplication$UnloadThread.run(MoMLSimpleApplication.java:402)
Caused by: ptolemy.kernel.util.IllegalActionException: Test fails in iteration 1.
Value was: 1.0. Should have been: 2.0
  in .DirectFeedback.Test
	at ptolemy.actor.lib.Test.fire(Test.java:268)
	at ptolemy.domains.de.kernel.DEDirector._fire(DEDirector.java:1948)
	at ptolemy.domains.de.kernel.DEDirector.fire(DEDirector.java:502)
	at ptolemy.actor.CompositeActor.fire(CompositeActor.java:455)
	at ptolemy.actor.Manager.iterate(Manager.java:851)
	at ptolemy.actor.Manager.execute(Manager.java:369)
	at ptolemy.actor.Manager.run(Manager.java:1263)
	at ptolemy.actor.Manager$PtolemyRunThread.run(Manager.java:1915)
java.lang.reflect.InvocationTargetException
	at sun.reflect.NativeConstructorAccessorImpl.newInstance0(Native Method)
	at sun.reflect.NativeConstructorAccessorImpl.newInstance(NativeConstructorAccessorImpl.java:62)
	at sun.reflect.DelegatingConstructorAccessorImpl.newInstance(DelegatingConstructorAccessorImpl.java:45)
	at java.lang.reflect.Constructor.newInstance(Constructor.java:423)
	at ptolemy.util.test.junit.AutoKnownFailedTests.RunModel(AutoKnownFailedTests.java:107)
	at sun.reflect.NativeMethodAccessorImpl.invoke0(Native Method)
	at sun.reflect.NativeMethodAccessorImpl.invoke(NativeMethodAccessorImpl.java:62)
	at sun.reflect.DelegatingMethodAccessorImpl.invoke(DelegatingMethodAccessorImpl.java:43)
	at java.lang.reflect.Method.invoke(Method.java:498)
	at org.junit.runners.model.FrameworkMethod$1.runReflectiveCall(FrameworkMethod.java:44)
	at org.junit.internal.runners.model.ReflectiveCallable.run(ReflectiveCallable.java:15)
	at org.junit.runners.model.FrameworkMethod.invokeExplosively(FrameworkMethod.java:41)
	at junitparams.internal.InvokeParameterisedMethod.evaluate(InvokeParameterisedMethod.java:102)
	at org.junit.internal.runners.statements.FailOnTimeout$1.run(FailOnTimeout.java:28)
Caused by: ptolemy.kernel.util.IllegalActionException: Test fails in iteration 1.
Value was: 1.0. Should have been: 2.0
  in .DirectFeedback.Test
	at ptolemy.actor.lib.Test.fire(Test.java:268)
	at ptolemy.domains.de.kernel.DEDirector._fire(DEDirector.java:1948)
	at ptolemy.domains.de.kernel.DEDirector.fire(DEDirector.java:502)
	at ptolemy.actor.CompositeActor.fire(CompositeActor.java:455)
	at ptolemy.actor.Manager.iterate(Manager.java:851)
	at ptolemy.actor.Manager.execute(Manager.java:369)
	at ptolemy.actor.Manager.run(Manager.java:1263)
	at ptolemy.actor.Manager$PtolemyRunThread.run(Manager.java:1915)
java.lang.RuntimeException: Execution failed
	at ptolemy.moml.MoMLSimpleApplication$UnloadThread.run(MoMLSimpleApplication.java:402)
Caused by: ptolemy.kernel.util.IllegalActionException: Found a zero delay loop containing .HierarchicalModel.A
  in .HierarchicalModel and .HierarchicalModel.A
	at ptolemy.actor.util.CausalityInterfaceForComposites._computeOutputPortDepth(CausalityInterfaceForComposites.java:759)
	at ptolemy.actor.util.CausalityInterfaceForComposites._computeInputDepth(CausalityInterfaceForComposites.java:696)
	at ptolemy.actor.util.CausalityInterfaceForComposites._computeOutputPortDepth(CausalityInterfaceForComposites.java:765)
	at ptolemy.actor.util.CausalityInterfaceForComposites._computeInputDepth(CausalityInterfaceForComposites.java:696)
	at ptolemy.actor.util.CausalityInterfaceForComposites._computeOutputPortDepth(CausalityInterfaceForComposites.java:765)
	at ptolemy.actor.util.CausalityInterfaceForComposites._computeInputDepth(CausalityInterfaceForComposites.java:696)
	at ptolemy.actor.util.CausalityInterfaceForComposites._computeActorDepth(CausalityInterfaceForComposites.java:532)
	at ptolemy.actor.util.CausalityInterfaceForComposites.checkForCycles(CausalityInterfaceForComposites.java:96)
	at ptolemy.domains.de.kernel.DEDirector.preinitialize(DEDirector.java:1337)
	at ptolemy.actor.CompositeActor.preinitialize(CompositeActor.java:1828)
	at ptolemy.actor.Manager.preinitializeAndResolveTypes(Manager.java:1040)
	at ptolemy.actor.Manager.initialize(Manager.java:710)
	at ptolemy.actor.Manager.execute(Manager.java:356)
	at ptolemy.actor.Manager.run(Manager.java:1263)
	at ptolemy.actor.Manager$PtolemyRunThread.run(Manager.java:1915)
java.lang.reflect.InvocationTargetException
	at sun.reflect.NativeConstructorAccessorImpl.newInstance0(Native Method)
	at sun.reflect.NativeConstructorAccessorImpl.newInstance(NativeConstructorAccessorImpl.java:62)
	at sun.reflect.DelegatingConstructorAccessorImpl.newInstance(DelegatingConstructorAccessorImpl.java:45)
	at java.lang.reflect.Constructor.newInstance(Constructor.java:423)
	at ptolemy.util.test.junit.AutoKnownFailedTests.RunModel(AutoKnownFailedTests.java:107)
	at sun.reflect.NativeMethodAccessorImpl.invoke0(Native Method)
	at sun.reflect.NativeMethodAccessorImpl.invoke(NativeMethodAccessorImpl.java:62)
	at sun.reflect.DelegatingMethodAccessorImpl.invoke(DelegatingMethodAccessorImpl.java:43)
	at java.lang.reflect.Method.invoke(Method.java:498)
	at org.junit.runners.model.FrameworkMethod$1.runReflectiveCall(FrameworkMethod.java:44)
	at org.junit.internal.runners.model.ReflectiveCallable.run(ReflectiveCallable.java:15)
	at org.junit.runners.model.FrameworkMethod.invokeExplosively(FrameworkMethod.java:41)
	at junitparams.internal.InvokeParameterisedMethod.evaluate(InvokeParameterisedMethod.java:102)
	at org.junit.internal.runners.statements.FailOnTimeout$1.run(FailOnTimeout.java:28)
Caused by: ptolemy.kernel.util.IllegalActionException: Found a zero delay loop containing .HierarchicalModel.A
  in .HierarchicalModel and .HierarchicalModel.A
	at ptolemy.actor.util.CausalityInterfaceForComposites._computeOutputPortDepth(CausalityInterfaceForComposites.java:759)
	at ptolemy.actor.util.CausalityInterfaceForComposites._computeInputDepth(CausalityInterfaceForComposites.java:696)
	at ptolemy.actor.util.CausalityInterfaceForComposites._computeOutputPortDepth(CausalityInterfaceForComposites.java:765)
	at ptolemy.actor.util.CausalityInterfaceForComposites._computeInputDepth(CausalityInterfaceForComposites.java:696)
	at ptolemy.actor.util.CausalityInterfaceForComposites._computeOutputPortDepth(CausalityInterfaceForComposites.java:765)
	at ptolemy.actor.util.CausalityInterfaceForComposites._computeInputDepth(CausalityInterfaceForComposites.java:696)
	at ptolemy.actor.util.CausalityInterfaceForComposites._computeActorDepth(CausalityInterfaceForComposites.java:532)
	at ptolemy.actor.util.CausalityInterfaceForComposites.checkForCycles(CausalityInterfaceForComposites.java:96)
	at ptolemy.domains.de.kernel.DEDirector.preinitialize(DEDirector.java:1337)
	at ptolemy.actor.CompositeActor.preinitialize(CompositeActor.java:1828)
	at ptolemy.actor.Manager.preinitializeAndResolveTypes(Manager.java:1040)
	at ptolemy.actor.Manager.initialize(Manager.java:710)
	at ptolemy.actor.Manager.execute(Manager.java:356)
	at ptolemy.actor.Manager.run(Manager.java:1263)
	at ptolemy.actor.Manager$PtolemyRunThread.run(Manager.java:1915)
java.lang.RuntimeException: Execution failed
	at ptolemy.moml.MoMLSimpleApplication$UnloadThread.run(MoMLSimpleApplication.java:402)
Caused by: ptolemy.kernel.util.IllegalActionException: Found a zero delay loop containing .dependencyLoop.original
  in .dependencyLoop and .dependencyLoop.original
	at ptolemy.actor.util.CausalityInterfaceForComposites._computeOutputPortDepth(CausalityInterfaceForComposites.java:759)
	at ptolemy.actor.util.CausalityInterfaceForComposites._computeInputDepth(CausalityInterfaceForComposites.java:696)
	at ptolemy.actor.util.CausalityInterfaceForComposites._computeOutputPortDepth(CausalityInterfaceForComposites.java:765)
	at ptolemy.actor.util.CausalityInterfaceForComposites._computeInputDepth(CausalityInterfaceForComposites.java:696)
	at ptolemy.actor.util.CausalityInterfaceForComposites._computeOutputPortDepth(CausalityInterfaceForComposites.java:765)
	at ptolemy.actor.util.CausalityInterfaceForComposites._computeInputDepth(CausalityInterfaceForComposites.java:696)
	at ptolemy.actor.util.CausalityInterfaceForComposites._computeActorDepth(CausalityInterfaceForComposites.java:532)
	at ptolemy.actor.util.CausalityInterfaceForComposites.checkForCycles(CausalityInterfaceForComposites.java:96)
	at ptolemy.domains.de.kernel.DEDirector.preinitialize(DEDirector.java:1337)
	at ptolemy.actor.CompositeActor.preinitialize(CompositeActor.java:1828)
	at ptolemy.actor.Manager.preinitializeAndResolveTypes(Manager.java:1040)
	at ptolemy.actor.Manager.initialize(Manager.java:710)
	at ptolemy.actor.Manager.execute(Manager.java:356)
	at ptolemy.actor.Manager.run(Manager.java:1263)
	at ptolemy.actor.Manager$PtolemyRunThread.run(Manager.java:1915)
java.lang.reflect.InvocationTargetException
	at sun.reflect.NativeConstructorAccessorImpl.newInstance0(Native Method)
	at sun.reflect.NativeConstructorAccessorImpl.newInstance(NativeConstructorAccessorImpl.java:62)
	at sun.reflect.DelegatingConstructorAccessorImpl.newInstance(DelegatingConstructorAccessorImpl.java:45)
	at java.lang.reflect.Constructor.newInstance(Constructor.java:423)
	at ptolemy.util.test.junit.AutoKnownFailedTests.RunModel(AutoKnownFailedTests.java:107)
	at sun.reflect.NativeMethodAccessorImpl.invoke0(Native Method)
	at sun.reflect.NativeMethodAccessorImpl.invoke(NativeMethodAccessorImpl.java:62)
	at sun.reflect.DelegatingMethodAccessorImpl.invoke(DelegatingMethodAccessorImpl.java:43)
	at java.lang.reflect.Method.invoke(Method.java:498)
	at org.junit.runners.model.FrameworkMethod$1.runReflectiveCall(FrameworkMethod.java:44)
	at org.junit.internal.runners.model.ReflectiveCallable.run(ReflectiveCallable.java:15)
	at org.junit.runners.model.FrameworkMethod.invokeExplosively(FrameworkMethod.java:41)
	at junitparams.internal.InvokeParameterisedMethod.evaluate(InvokeParameterisedMethod.java:102)
	at org.junit.internal.runners.statements.FailOnTimeout$1.run(FailOnTimeout.java:28)
Caused by: ptolemy.kernel.util.IllegalActionException: Found a zero delay loop containing .dependencyLoop.original
  in .dependencyLoop and .dependencyLoop.original
	at ptolemy.actor.util.CausalityInterfaceForComposites._computeOutputPortDepth(CausalityInterfaceForComposites.java:759)
	at ptolemy.actor.util.CausalityInterfaceForComposites._computeInputDepth(CausalityInterfaceForComposites.java:696)
	at ptolemy.actor.util.CausalityInterfaceForComposites._computeOutputPortDepth(CausalityInterfaceForComposites.java:765)
	at ptolemy.actor.util.CausalityInterfaceForComposites._computeInputDepth(CausalityInterfaceForComposites.java:696)
	at ptolemy.actor.util.CausalityInterfaceForComposites._computeOutputPortDepth(CausalityInterfaceForComposites.java:765)
	at ptolemy.actor.util.CausalityInterfaceForComposites._computeInputDepth(CausalityInterfaceForComposites.java:696)
	at ptolemy.actor.util.CausalityInterfaceForComposites._computeActorDepth(CausalityInterfaceForComposites.java:532)
	at ptolemy.actor.util.CausalityInterfaceForComposites.checkForCycles(CausalityInterfaceForComposites.java:96)
	at ptolemy.domains.de.kernel.DEDirector.preinitialize(DEDirector.java:1337)
	at ptolemy.actor.CompositeActor.preinitialize(CompositeActor.java:1828)
	at ptolemy.actor.Manager.preinitializeAndResolveTypes(Manager.java:1040)
	at ptolemy.actor.Manager.initialize(Manager.java:710)
	at ptolemy.actor.Manager.execute(Manager.java:356)
	at ptolemy.actor.Manager.run(Manager.java:1263)
	at ptolemy.actor.Manager$PtolemyRunThread.run(Manager.java:1915)
java.lang.RuntimeException: Execution failed
	at ptolemy.moml.MoMLSimpleApplication$UnloadThread.run(MoMLSimpleApplication.java:402)
Caused by: ptolemy.kernel.util.IllegalActionException: Found a zero delay loop containing .dependencyLoop2.original
  in .dependencyLoop2 and .dependencyLoop2.original
	at ptolemy.actor.util.CausalityInterfaceForComposites._computeOutputPortDepth(CausalityInterfaceForComposites.java:759)
	at ptolemy.actor.util.CausalityInterfaceForComposites._computeInputDepth(CausalityInterfaceForComposites.java:696)
	at ptolemy.actor.util.CausalityInterfaceForComposites._computeOutputPortDepth(CausalityInterfaceForComposites.java:765)
	at ptolemy.actor.util.CausalityInterfaceForComposites._computeInputDepth(CausalityInterfaceForComposites.java:696)
	at ptolemy.actor.util.CausalityInterfaceForComposites._computeOutputPortDepth(CausalityInterfaceForComposites.java:765)
	at ptolemy.actor.util.CausalityInterfaceForComposites._computeInputDepth(CausalityInterfaceForComposites.java:696)
	at ptolemy.actor.util.CausalityInterfaceForComposites._computeActorDepth(CausalityInterfaceForComposites.java:532)
	at ptolemy.actor.util.CausalityInterfaceForComposites.checkForCycles(CausalityInterfaceForComposites.java:96)
	at ptolemy.domains.de.kernel.DEDirector.preinitialize(DEDirector.java:1337)
	at ptolemy.actor.CompositeActor.preinitialize(CompositeActor.java:1828)
	at ptolemy.actor.Manager.preinitializeAndResolveTypes(Manager.java:1040)
	at ptolemy.actor.Manager.initialize(Manager.java:710)
	at ptolemy.actor.Manager.execute(Manager.java:356)
	at ptolemy.actor.Manager.run(Manager.java:1263)
	at ptolemy.actor.Manager$PtolemyRunThread.run(Manager.java:1915)
java.lang.reflect.InvocationTargetException
	at sun.reflect.NativeConstructorAccessorImpl.newInstance0(Native Method)
	at sun.reflect.NativeConstructorAccessorImpl.newInstance(NativeConstructorAccessorImpl.java:62)
	at sun.reflect.DelegatingConstructorAccessorImpl.newInstance(DelegatingConstructorAccessorImpl.java:45)
	at java.lang.reflect.Constructor.newInstance(Constructor.java:423)
	at ptolemy.util.test.junit.AutoKnownFailedTests.RunModel(AutoKnownFailedTests.java:107)
	at sun.reflect.NativeMethodAccessorImpl.invoke0(Native Method)
	at sun.reflect.NativeMethodAccessorImpl.invoke(NativeMethodAccessorImpl.java:62)
	at sun.reflect.DelegatingMethodAccessorImpl.invoke(DelegatingMethodAccessorImpl.java:43)
	at java.lang.reflect.Method.invoke(Method.java:498)
	at org.junit.runners.model.FrameworkMethod$1.runReflectiveCall(FrameworkMethod.java:44)
	at org.junit.internal.runners.model.ReflectiveCallable.run(ReflectiveCallable.java:15)
	at org.junit.runners.model.FrameworkMethod.invokeExplosively(FrameworkMethod.java:41)
	at junitparams.internal.InvokeParameterisedMethod.evaluate(InvokeParameterisedMethod.java:102)
	at org.junit.internal.runners.statements.FailOnTimeout$1.run(FailOnTimeout.java:28)
Caused by: ptolemy.kernel.util.IllegalActionException: Found a zero delay loop containing .dependencyLoop2.original
  in .dependencyLoop2 and .dependencyLoop2.original
	at ptolemy.actor.util.CausalityInterfaceForComposites._computeOutputPortDepth(CausalityInterfaceForComposites.java:759)
	at ptolemy.actor.util.CausalityInterfaceForComposites._computeInputDepth(CausalityInterfaceForComposites.java:696)
	at ptolemy.actor.util.CausalityInterfaceForComposites._computeOutputPortDepth(CausalityInterfaceForComposites.java:765)
	at ptolemy.actor.util.CausalityInterfaceForComposites._computeInputDepth(CausalityInterfaceForComposites.java:696)
	at ptolemy.actor.util.CausalityInterfaceForComposites._computeOutputPortDepth(CausalityInterfaceForComposites.java:765)
	at ptolemy.actor.util.CausalityInterfaceForComposites._computeInputDepth(CausalityInterfaceForComposites.java:696)
	at ptolemy.actor.util.CausalityInterfaceForComposites._computeActorDepth(CausalityInterfaceForComposites.java:532)
	at ptolemy.actor.util.CausalityInterfaceForComposites.checkForCycles(CausalityInterfaceForComposites.java:96)
	at ptolemy.domains.de.kernel.DEDirector.preinitialize(DEDirector.java:1337)
	at ptolemy.actor.CompositeActor.preinitialize(CompositeActor.java:1828)
	at ptolemy.actor.Manager.preinitializeAndResolveTypes(Manager.java:1040)
	at ptolemy.actor.Manager.initialize(Manager.java:710)
	at ptolemy.actor.Manager.execute(Manager.java:356)
	at ptolemy.actor.Manager.run(Manager.java:1263)
	at ptolemy.actor.Manager$PtolemyRunThread.run(Manager.java:1915)
]]></system-err>
</testsuite>
