<?xml version="1.0" encoding="UTF-8" ?>
<testsuite errors="0" failures="0" hostname="travis-job-ba25d338-efb8-4acb-b4fa-3c1dc1f347f9" name="ptolemy.domains.modal.test.junit.JUnitTclTest" skipped="0" tests="148" time="9.764" timestamp="2018-12-10T03:02:07">
  <properties>
[...]
</properties>
  <testcase classname="ptolemy.util.test.junit.TclTests" name="[0] /home/travis/build/icyphy/ptII/ptolemy/domains/modal/test/SystemLevelType.tcl (RunTclFile)" time="1.758" />
  <testcase classname="ptolemy.util.test.junit.AutoKnownFailedTests" name="[0] /home/travis/build/icyphy/ptII/ptolemy/domains/modal/test/auto/knownFailedTests/CannotAnalysisWithPreemption.xml (RunModel)" time="0.173" />
  <testcase classname="ptolemy.util.test.junit.AutoNameArchTests" name="[0] ThereAreNoAutoArchTests (RunModel)" time="0.001" />
  <testcase classname="ptolemy.util.test.junit.AutoTests" name="[0] /home/travis/build/icyphy/ptII/ptolemy/domains/modal/test/auto/ABPTest.xml (RunModel)" time="0.723" />
  <testcase classname="ptolemy.util.test.junit.AutoTests" name="[1] /home/travis/build/icyphy/ptII/ptolemy/domains/modal/test/auto/ABROFlat.xml (RunModel)" time="0.076" />
  <testcase classname="ptolemy.util.test.junit.AutoTests" name="[2] /home/travis/build/icyphy/ptII/ptolemy/domains/modal/test/auto/ABROFlat2.xml (RunModel)" time="0.06" />
  <testcase classname="ptolemy.util.test.junit.AutoTests" name="[3] /home/travis/build/icyphy/ptII/ptolemy/domains/modal/test/auto/ABRO_present_hmm.xml (RunModel)" time="0.149" />
  <testcase classname="ptolemy.util.test.junit.AutoTests" name="[4] /home/travis/build/icyphy/ptII/ptolemy/domains/modal/test/auto/AMICoderExample.xml (RunModel)" time="0.053" />
  <testcase classname="ptolemy.util.test.junit.AutoTests" name="[5] /home/travis/build/icyphy/ptII/ptolemy/domains/modal/test/auto/AbsentToPresent.xml (RunModel)" time="0.025" />
  <testcase classname="ptolemy.util.test.junit.AutoTests" name="[6] /home/travis/build/icyphy/ptII/ptolemy/domains/modal/test/auto/Blending.xml (RunModel)" time="0.234" />
  <testcase classname="ptolemy.util.test.junit.AutoTests" name="[7] /home/travis/build/icyphy/ptII/ptolemy/domains/modal/test/auto/Broadcast.xml (RunModel)" time="0.064" />
  <testcase classname="ptolemy.util.test.junit.AutoTests" name="[8] /home/travis/build/icyphy/ptII/ptolemy/domains/modal/test/auto/BroadcastHierarchy.xml (RunModel)" time="0.077" />
  <testcase classname="ptolemy.util.test.junit.AutoTests" name="[9] /home/travis/build/icyphy/ptII/ptolemy/domains/modal/test/auto/BroadcastHierarchy2.xml (RunModel)" time="0.132" />
  <testcase classname="ptolemy.util.test.junit.AutoTests" name="[10] /home/travis/build/icyphy/ptII/ptolemy/domains/modal/test/auto/BroadcastHierarchy3.xml (RunModel)" time="0.124" />
  <testcase classname="ptolemy.util.test.junit.AutoTests" name="[11] /home/travis/build/icyphy/ptII/ptolemy/domains/modal/test/auto/BroadcastHierarchy4.xml (RunModel)" time="0.101" />
  <testcase classname="ptolemy.util.test.junit.AutoTests" name="[12] /home/travis/build/icyphy/ptII/ptolemy/domains/modal/test/auto/CannotAnalysisWithPreemption2.xml (RunModel)" time="0.031" />
  <testcase classname="ptolemy.util.test.junit.AutoTests" name="[13] /home/travis/build/icyphy/ptII/ptolemy/domains/modal/test/auto/CannotAnalysisWithPreemption3.xml (RunModel)" time="0.038" />
  <testcase classname="ptolemy.util.test.junit.AutoTests" name="[14] /home/travis/build/icyphy/ptII/ptolemy/domains/modal/test/auto/CannotProduce.xml (RunModel)" time="0.033" />
  <testcase classname="ptolemy.util.test.junit.AutoTests" name="[15] /home/travis/build/icyphy/ptII/ptolemy/domains/modal/test/auto/CannotProduceModal.xml (RunModel)" time="0.038" />
  <testcase classname="ptolemy.util.test.junit.AutoTests" name="[16] /home/travis/build/icyphy/ptII/ptolemy/domains/modal/test/auto/Case.xml (RunModel)" time="0.07" />
  <testcase classname="ptolemy.util.test.junit.AutoTests" name="[17] /home/travis/build/icyphy/ptII/ptolemy/domains/modal/test/auto/Case1.xml (RunModel)" time="0.025" />
  <testcase classname="ptolemy.util.test.junit.AutoTests" name="[18] /home/travis/build/icyphy/ptII/ptolemy/domains/modal/test/auto/Case2.xml (RunModel)" time="0.048" />
  <testcase classname="ptolemy.util.test.junit.AutoTests" name="[19] /home/travis/build/icyphy/ptII/ptolemy/domains/modal/test/auto/CausalityInterface1.xml (RunModel)" time="0.024" />
  <testcase classname="ptolemy.util.test.junit.AutoTests" name="[20] /home/travis/build/icyphy/ptII/ptolemy/domains/modal/test/auto/CausalityInterface10.xml (RunModel)" time="0.071" />
  <testcase classname="ptolemy.util.test.junit.AutoTests" name="[21] /home/travis/build/icyphy/ptII/ptolemy/domains/modal/test/auto/CausalityInterface11.xml (RunModel)" time="0.051" />
  <testcase classname="ptolemy.util.test.junit.AutoTests" name="[22] /home/travis/build/icyphy/ptII/ptolemy/domains/modal/test/auto/CausalityInterface12.xml (RunModel)" time="0.044" />
  <testcase classname="ptolemy.util.test.junit.AutoTests" name="[23] /home/travis/build/icyphy/ptII/ptolemy/domains/modal/test/auto/CausalityInterface13.xml (RunModel)" time="0.057" />
  <testcase classname="ptolemy.util.test.junit.AutoTests" name="[24] /home/travis/build/icyphy/ptII/ptolemy/domains/modal/test/auto/CausalityInterface14.xml (RunModel)" time="0.05" />
  <testcase classname="ptolemy.util.test.junit.AutoTests" name="[25] /home/travis/build/icyphy/ptII/ptolemy/domains/modal/test/auto/CausalityInterface2.xml (RunModel)" time="0.024" />
  <testcase classname="ptolemy.util.test.junit.AutoTests" name="[26] /home/travis/build/icyphy/ptII/ptolemy/domains/modal/test/auto/CausalityInterface3.xml (RunModel)" time="0.038" />
  <testcase classname="ptolemy.util.test.junit.AutoTests" name="[27] /home/travis/build/icyphy/ptII/ptolemy/domains/modal/test/auto/CausalityInterface4.xml (RunModel)" time="0.029" />
  <testcase classname="ptolemy.util.test.junit.AutoTests" name="[28] /home/travis/build/icyphy/ptII/ptolemy/domains/modal/test/auto/CausalityInterface5.xml (RunModel)" time="0.033" />
  <testcase classname="ptolemy.util.test.junit.AutoTests" name="[29] /home/travis/build/icyphy/ptII/ptolemy/domains/modal/test/auto/CausalityInterface6.xml (RunModel)" time="0.037" />
  <testcase classname="ptolemy.util.test.junit.AutoTests" name="[30] /home/travis/build/icyphy/ptII/ptolemy/domains/modal/test/auto/CausalityInterface7.xml (RunModel)" time="0.038" />
  <testcase classname="ptolemy.util.test.junit.AutoTests" name="[31] /home/travis/build/icyphy/ptII/ptolemy/domains/modal/test/auto/CausalityInterface8.xml (RunModel)" time="0.04" />
  <testcase classname="ptolemy.util.test.junit.AutoTests" name="[32] /home/travis/build/icyphy/ptII/ptolemy/domains/modal/test/auto/CausalityInterface9.xml (RunModel)" time="0.033" />
  <testcase classname="ptolemy.util.test.junit.AutoTests" name="[33] /home/travis/build/icyphy/ptII/ptolemy/domains/modal/test/auto/ChainedTransitions.xml (RunModel)" time="0.099" />
  <testcase classname="ptolemy.util.test.junit.AutoTests" name="[34] /home/travis/build/icyphy/ptII/ptolemy/domains/modal/test/auto/CycleOfImmediateTransitionsFSM.xml (RunModel)" time="0.02" />
  <testcase classname="ptolemy.util.test.junit.AutoTests" name="[35] /home/travis/build/icyphy/ptII/ptolemy/domains/modal/test/auto/CycleOfImmediateTransitionsModal.xml (RunModel)" time="0.022" />
  <testcase classname="ptolemy.util.test.junit.AutoTests" name="[36] /home/travis/build/icyphy/ptII/ptolemy/domains/modal/test/auto/CycleOfImmediateTransitionsModal2.xml (RunModel)" time="0.032" />
  <testcase classname="ptolemy.util.test.junit.AutoTests" name="[37] /home/travis/build/icyphy/ptII/ptolemy/domains/modal/test/auto/CycleOfImmediateTransitionsModal3.xml (RunModel)" time="0.075" />
  <testcase classname="ptolemy.util.test.junit.AutoTests" name="[38] /home/travis/build/icyphy/ptII/ptolemy/domains/modal/test/auto/DeepModal1.xml (RunModel)" time="0.058" />
  <testcase classname="ptolemy.util.test.junit.AutoTests" name="[39] /home/travis/build/icyphy/ptII/ptolemy/domains/modal/test/auto/DeepModal2.xml (RunModel)" time="0.07" />
  <testcase classname="ptolemy.util.test.junit.AutoTests" name="[40] /home/travis/build/icyphy/ptII/ptolemy/domains/modal/test/auto/DeepModal3.xml (RunModel)" time="0.092" />
  <testcase classname="ptolemy.util.test.junit.AutoTests" name="[41] /home/travis/build/icyphy/ptII/ptolemy/domains/modal/test/auto/DeepModal4.xml (RunModel)" time="0.075" />
  <testcase classname="ptolemy.util.test.junit.AutoTests" name="[42] /home/travis/build/icyphy/ptII/ptolemy/domains/modal/test/auto/Default1.xml (RunModel)" time="0.026" />
  <testcase classname="ptolemy.util.test.junit.AutoTests" name="[43] /home/travis/build/icyphy/ptII/ptolemy/domains/modal/test/auto/Default2.xml (RunModel)" time="0.018" />
  <testcase classname="ptolemy.util.test.junit.AutoTests" name="[44] /home/travis/build/icyphy/ptII/ptolemy/domains/modal/test/auto/Default3.xml (RunModel)" time="0.02" />
  <testcase classname="ptolemy.util.test.junit.AutoTests" name="[45] /home/travis/build/icyphy/ptII/ptolemy/domains/modal/test/auto/Default4.xml (RunModel)" time="0.022" />
  <testcase classname="ptolemy.util.test.junit.AutoTests" name="[46] /home/travis/build/icyphy/ptII/ptolemy/domains/modal/test/auto/Default5.xml (RunModel)" time="0.05" />
  <testcase classname="ptolemy.util.test.junit.AutoTests" name="[47] /home/travis/build/icyphy/ptII/ptolemy/domains/modal/test/auto/EmptyGuard.xml (RunModel)" time="0.03" />
  <testcase classname="ptolemy.util.test.junit.AutoTests" name="[48] /home/travis/build/icyphy/ptII/ptolemy/domains/modal/test/auto/ErrorTransition1.xml (RunModel)" time="0.032" />
  <testcase classname="ptolemy.util.test.junit.AutoTests" name="[49] /home/travis/build/icyphy/ptII/ptolemy/domains/modal/test/auto/ErrorTransition10.xml (RunModel)" time="0.038" />
  <testcase classname="ptolemy.util.test.junit.AutoTests" name="[50] /home/travis/build/icyphy/ptII/ptolemy/domains/modal/test/auto/ErrorTransition11.xml (RunModel)" time="0.03" />
  <testcase classname="ptolemy.util.test.junit.AutoTests" name="[51] /home/travis/build/icyphy/ptII/ptolemy/domains/modal/test/auto/ErrorTransition2.xml (RunModel)" time="0.027" />
  <testcase classname="ptolemy.util.test.junit.AutoTests" name="[52] /home/travis/build/icyphy/ptII/ptolemy/domains/modal/test/auto/ErrorTransition3.xml (RunModel)" time="0.033" />
  <testcase classname="ptolemy.util.test.junit.AutoTests" name="[53] /home/travis/build/icyphy/ptII/ptolemy/domains/modal/test/auto/ErrorTransition4.xml (RunModel)" time="0.029" />
  <testcase classname="ptolemy.util.test.junit.AutoTests" name="[54] /home/travis/build/icyphy/ptII/ptolemy/domains/modal/test/auto/ErrorTransition5.xml (RunModel)" time="0.022" />
  <testcase classname="ptolemy.util.test.junit.AutoTests" name="[55] /home/travis/build/icyphy/ptII/ptolemy/domains/modal/test/auto/ErrorTransition6.xml (RunModel)" time="0.025" />
  <testcase classname="ptolemy.util.test.junit.AutoTests" name="[56] /home/travis/build/icyphy/ptII/ptolemy/domains/modal/test/auto/ErrorTransition7.xml (RunModel)" time="0.042" />
  <testcase classname="ptolemy.util.test.junit.AutoTests" name="[57] /home/travis/build/icyphy/ptII/ptolemy/domains/modal/test/auto/ErrorTransition8.xml (RunModel)" time="0.07" />
  <testcase classname="ptolemy.util.test.junit.AutoTests" name="[58] /home/travis/build/icyphy/ptII/ptolemy/domains/modal/test/auto/ErrorTransition9.xml (RunModel)" time="0.051" />
  <testcase classname="ptolemy.util.test.junit.AutoTests" name="[59] /home/travis/build/icyphy/ptII/ptolemy/domains/modal/test/auto/ExtendedFSM.xml (RunModel)" time="0.024" />
  <testcase classname="ptolemy.util.test.junit.AutoTests" name="[60] /home/travis/build/icyphy/ptII/ptolemy/domains/modal/test/auto/FinalStates.xml (RunModel)" time="0.021" />
  <testcase classname="ptolemy.util.test.junit.AutoTests" name="[61] /home/travis/build/icyphy/ptII/ptolemy/domains/modal/test/auto/FixedPointFSM.xml (RunModel)" time="0.043" />
  <testcase classname="ptolemy.util.test.junit.AutoTests" name="[62] /home/travis/build/icyphy/ptII/ptolemy/domains/modal/test/auto/FixedPointIterationFSMActor.xml (RunModel)" time="0.032" />
  <testcase classname="ptolemy.util.test.junit.AutoTests" name="[63] /home/travis/build/icyphy/ptII/ptolemy/domains/modal/test/auto/FixedPointIterationFSMActor2.xml (RunModel)" time="0.033" />
  <testcase classname="ptolemy.util.test.junit.AutoTests" name="[64] /home/travis/build/icyphy/ptII/ptolemy/domains/modal/test/auto/ForbiddenInstantanousLoop.xml (RunModel)" time="0.031" />
  <testcase classname="ptolemy.util.test.junit.AutoTests" name="[65] /home/travis/build/icyphy/ptII/ptolemy/domains/modal/test/auto/FunctionDependencyOfFSMActorTest.xml (RunModel)" time="0.021" />
  <testcase classname="ptolemy.util.test.junit.AutoTests" name="[66] /home/travis/build/icyphy/ptII/ptolemy/domains/modal/test/auto/GuardExpression.xml (RunModel)" time="0.016" />
  <testcase classname="ptolemy.util.test.junit.AutoTests" name="[67] /home/travis/build/icyphy/ptII/ptolemy/domains/modal/test/auto/GuardNotEvaluated.xml (RunModel)" time="0.026" />
  <testcase classname="ptolemy.util.test.junit.AutoTests" name="[68] /home/travis/build/icyphy/ptII/ptolemy/domains/modal/test/auto/GuardNotEvaluated2.xml (RunModel)" time="0.025" />
  <testcase classname="ptolemy.util.test.junit.AutoTests" name="[69] /home/travis/build/icyphy/ptII/ptolemy/domains/modal/test/auto/GuardOnAbsent.xml (RunModel)" time="0.026" />
  <testcase classname="ptolemy.util.test.junit.AutoTests" name="[70] /home/travis/build/icyphy/ptII/ptolemy/domains/modal/test/auto/HierarchicalFSMTypeInference.xml (RunModel)" time="0.027" />
  <testcase classname="ptolemy.util.test.junit.AutoTests" name="[71] /home/travis/build/icyphy/ptII/ptolemy/domains/modal/test/auto/Hysteresis.xml (RunModel)" time="0.039" />
  <testcase classname="ptolemy.util.test.junit.AutoTests" name="[72] /home/travis/build/icyphy/ptII/ptolemy/domains/modal/test/auto/HysteresisWithDefault.xml (RunModel)" time="0.061" />
  <testcase classname="ptolemy.util.test.junit.AutoTests" name="[73] /home/travis/build/icyphy/ptII/ptolemy/domains/modal/test/auto/HysteresisWithDefault2.xml (RunModel)" time="0.07" />
  <testcase classname="ptolemy.util.test.junit.AutoTests" name="[74] /home/travis/build/icyphy/ptII/ptolemy/domains/modal/test/auto/ImmediateNonConstructiveness.xml (RunModel)" time="0.018" />
  <testcase classname="ptolemy.util.test.junit.AutoTests" name="[75] /home/travis/build/icyphy/ptII/ptolemy/domains/modal/test/auto/ImmediateNonConstructiveness2.xml (RunModel)" time="0.023" />
  <testcase classname="ptolemy.util.test.junit.AutoTests" name="[76] /home/travis/build/icyphy/ptII/ptolemy/domains/modal/test/auto/ImmediateTransitionReset.xml (RunModel)" time="0.037" />
  <testcase classname="ptolemy.util.test.junit.AutoTests" name="[77] /home/travis/build/icyphy/ptII/ptolemy/domains/modal/test/auto/ImmediateTransitions1.xml (RunModel)" time="0.011" />
  <testcase classname="ptolemy.util.test.junit.AutoTests" name="[78] /home/travis/build/icyphy/ptII/ptolemy/domains/modal/test/auto/ImmediateTransitionsInstantaneousCommunication.xml (RunModel)" time="0.035" />
  <testcase classname="ptolemy.util.test.junit.AutoTests" name="[79] /home/travis/build/icyphy/ptII/ptolemy/domains/modal/test/auto/InitialImmediateTransition.xml (RunModel)" time="0.014" />
  <testcase classname="ptolemy.util.test.junit.AutoTests" name="[80] /home/travis/build/icyphy/ptII/ptolemy/domains/modal/test/auto/InitialOutputs.xml (RunModel)" time="0.014" />
  <testcase classname="ptolemy.util.test.junit.AutoTests" name="[81] /home/travis/build/icyphy/ptII/ptolemy/domains/modal/test/auto/InitialStateTransition1.xml (RunModel)" time="0.042" />
  <testcase classname="ptolemy.util.test.junit.AutoTests" name="[82] /home/travis/build/icyphy/ptII/ptolemy/domains/modal/test/auto/InitialStateTransition2.xml (RunModel)" time="0.024" />
  <testcase classname="ptolemy.util.test.junit.AutoTests" name="[83] /home/travis/build/icyphy/ptII/ptolemy/domains/modal/test/auto/InitialStateTransition3.xml (RunModel)" time="0.021" />
  <testcase classname="ptolemy.util.test.junit.AutoTests" name="[84] /home/travis/build/icyphy/ptII/ptolemy/domains/modal/test/auto/InitialStateTransition4.xml (RunModel)" time="0.024" />
  <testcase classname="ptolemy.util.test.junit.AutoTests" name="[85] /home/travis/build/icyphy/ptII/ptolemy/domains/modal/test/auto/MalformedGuardExpressionNotCaught.xml (RunModel)" time="0.02" />
  <testcase classname="ptolemy.util.test.junit.AutoTests" name="[86] /home/travis/build/icyphy/ptII/ptolemy/domains/modal/test/auto/ModalBSC.xml (RunModel)" time="0.081" />
  <testcase classname="ptolemy.util.test.junit.AutoTests" name="[87] /home/travis/build/icyphy/ptII/ptolemy/domains/modal/test/auto/ModalClocks.xml (RunModel)" time="0.074" />
  <testcase classname="ptolemy.util.test.junit.AutoTests" name="[88] /home/travis/build/icyphy/ptII/ptolemy/domains/modal/test/auto/ModalDelay.xml (RunModel)" time="0.053" />
  <testcase classname="ptolemy.util.test.junit.AutoTests" name="[89] /home/travis/build/icyphy/ptII/ptolemy/domains/modal/test/auto/ModalDelay2.xml (RunModel)" time="0.034" />
  <testcase classname="ptolemy.util.test.junit.AutoTests" name="[90] /home/travis/build/icyphy/ptII/ptolemy/domains/modal/test/auto/ModalModelFromMemo.xml (RunModel)" time="0.046" />
  <testcase classname="ptolemy.util.test.junit.AutoTests" name="[91] /home/travis/build/icyphy/ptII/ptolemy/domains/modal/test/auto/ModalModelWithMultirateTransient.xml (RunModel)" time="0.038" />
  <testcase classname="ptolemy.util.test.junit.AutoTests" name="[92] /home/travis/build/icyphy/ptII/ptolemy/domains/modal/test/auto/ModalModelWithReset.xml (RunModel)" time="0.05" />
  <testcase classname="ptolemy.util.test.junit.AutoTests" name="[93] /home/travis/build/icyphy/ptII/ptolemy/domains/modal/test/auto/MouseClickFSM.xml (RunModel)" time="0.043" />
  <testcase classname="ptolemy.util.test.junit.AutoTests" name="[94] /home/travis/build/icyphy/ptII/ptolemy/domains/modal/test/auto/MouseClickFSMModal.xml (RunModel)" time="0.035" />
  <testcase classname="ptolemy.util.test.junit.AutoTests" name="[95] /home/travis/build/icyphy/ptII/ptolemy/domains/modal/test/auto/NonStrictFSM_FeedbackLoop.xml (RunModel)" time="0.043" />
  <testcase classname="ptolemy.util.test.junit.AutoTests" name="[96] /home/travis/build/icyphy/ptII/ptolemy/domains/modal/test/auto/NonStrictFSM_FeedbackLoop_Refinement.xml (RunModel)" time="0.069" />
  <testcase classname="ptolemy.util.test.junit.AutoTests" name="[97] /home/travis/build/icyphy/ptII/ptolemy/domains/modal/test/auto/NonStrictFSM_FeedbackLoop_preemptive.xml (RunModel)" time="0.04" />
  <testcase classname="ptolemy.util.test.junit.AutoTests" name="[98] /home/travis/build/icyphy/ptII/ptolemy/domains/modal/test/auto/NormalTermination.xml (RunModel)" time="0.053" />
  <testcase classname="ptolemy.util.test.junit.AutoTests" name="[99] /home/travis/build/icyphy/ptII/ptolemy/domains/modal/test/auto/Pong.xml (RunModel)" time="0.072" />
  <testcase classname="ptolemy.util.test.junit.AutoTests" name="[100] /home/travis/build/icyphy/ptII/ptolemy/domains/modal/test/auto/Pong_test.xml (RunModel)" time="0.099" />
  <testcase classname="ptolemy.util.test.junit.AutoTests" name="[101] /home/travis/build/icyphy/ptII/ptolemy/domains/modal/test/auto/PreemptionHierarchy.xml (RunModel)" time="0.023" />
  <testcase classname="ptolemy.util.test.junit.AutoTests" name="[102] /home/travis/build/icyphy/ptII/ptolemy/domains/modal/test/auto/PreemptionHierarchy2.xml (RunModel)" time="0.029" />
  <testcase classname="ptolemy.util.test.junit.AutoTests" name="[103] /home/travis/build/icyphy/ptII/ptolemy/domains/modal/test/auto/PreemptiveTransition.xml (RunModel)" time="0.019" />
  <testcase classname="ptolemy.util.test.junit.AutoTests" name="[104] /home/travis/build/icyphy/ptII/ptolemy/domains/modal/test/auto/Priorities.xml (RunModel)" time="0.08" />
  <testcase classname="ptolemy.util.test.junit.AutoTests" name="[105] /home/travis/build/icyphy/ptII/ptolemy/domains/modal/test/auto/ResetFinal.xml (RunModel)" time="0.038" />
  <testcase classname="ptolemy.util.test.junit.AutoTests" name="[106] /home/travis/build/icyphy/ptII/ptolemy/domains/modal/test/auto/ResetFinal2.xml (RunModel)" time="0.031" />
  <testcase classname="ptolemy.util.test.junit.AutoTests" name="[107] /home/travis/build/icyphy/ptII/ptolemy/domains/modal/test/auto/ResetTransitionWithStartTime.xml (RunModel)" time="0.031" />
  <testcase classname="ptolemy.util.test.junit.AutoTests" name="[108] /home/travis/build/icyphy/ptII/ptolemy/domains/modal/test/auto/SDF-FSMComposite.xml (RunModel)" time="0.019" />
  <testcase classname="ptolemy.util.test.junit.AutoTests" name="[109] /home/travis/build/icyphy/ptII/ptolemy/domains/modal/test/auto/SeeminglyNondeterminate.xml (RunModel)" time="0.075" />
  <testcase classname="ptolemy.util.test.junit.AutoTests" name="[110] /home/travis/build/icyphy/ptII/ptolemy/domains/modal/test/auto/SeeminglyNondeterminate2.xml (RunModel)" time="0.072" />
  <testcase classname="ptolemy.util.test.junit.AutoTests" name="[111] /home/travis/build/icyphy/ptII/ptolemy/domains/modal/test/auto/SpontaneousFSM.xml (RunModel)" time="0.045" />
  <testcase classname="ptolemy.util.test.junit.AutoTests" name="[112] /home/travis/build/icyphy/ptII/ptolemy/domains/modal/test/auto/SpontaneousFSM2.xml (RunModel)" time="0.028" />
  <testcase classname="ptolemy.util.test.junit.AutoTests" name="[113] /home/travis/build/icyphy/ptII/ptolemy/domains/modal/test/auto/SpontaneousFSM3.xml (RunModel)" time="0.055" />
  <testcase classname="ptolemy.util.test.junit.AutoTests" name="[114] /home/travis/build/icyphy/ptII/ptolemy/domains/modal/test/auto/SpontaneousFSM4.xml (RunModel)" time="0.049" />
  <testcase classname="ptolemy.util.test.junit.AutoTests" name="[115] /home/travis/build/icyphy/ptII/ptolemy/domains/modal/test/auto/StateTrackerTest.xml (RunModel)" time="0.064" />
  <testcase classname="ptolemy.util.test.junit.AutoTests" name="[116] /home/travis/build/icyphy/ptII/ptolemy/domains/modal/test/auto/StrongImmediateTransition.xml (RunModel)" time="0.026" />
  <testcase classname="ptolemy.util.test.junit.AutoTests" name="[117] /home/travis/build/icyphy/ptII/ptolemy/domains/modal/test/auto/SustainHierarchy.xml (RunModel)" time="0.038" />
  <testcase classname="ptolemy.util.test.junit.AutoTests" name="[118] /home/travis/build/icyphy/ptII/ptolemy/domains/modal/test/auto/TerminationTransition1.xml (RunModel)" time="0.022" />
  <testcase classname="ptolemy.util.test.junit.AutoTests" name="[119] /home/travis/build/icyphy/ptII/ptolemy/domains/modal/test/auto/TerminationTransition2.xml (RunModel)" time="0.029" />
  <testcase classname="ptolemy.util.test.junit.AutoTests" name="[120] /home/travis/build/icyphy/ptII/ptolemy/domains/modal/test/auto/TerminationTransition3.xml (RunModel)" time="0.025" />
  <testcase classname="ptolemy.util.test.junit.AutoTests" name="[121] /home/travis/build/icyphy/ptII/ptolemy/domains/modal/test/auto/TerminationTransition4.xml (RunModel)" time="0.034" />
  <testcase classname="ptolemy.util.test.junit.AutoTests" name="[122] /home/travis/build/icyphy/ptII/ptolemy/domains/modal/test/auto/TerminationTransition5.xml (RunModel)" time="0.03" />
  <testcase classname="ptolemy.util.test.junit.AutoTests" name="[123] /home/travis/build/icyphy/ptII/ptolemy/domains/modal/test/auto/TerminationTransition6.xml (RunModel)" time="0.017" />
  <testcase classname="ptolemy.util.test.junit.AutoTests" name="[124] /home/travis/build/icyphy/ptII/ptolemy/domains/modal/test/auto/TerminationTransition7.xml (RunModel)" time="0.018" />
  <testcase classname="ptolemy.util.test.junit.AutoTests" name="[125] /home/travis/build/icyphy/ptII/ptolemy/domains/modal/test/auto/TerminationTransition8.xml (RunModel)" time="0.023" />
  <testcase classname="ptolemy.util.test.junit.AutoTests" name="[126] /home/travis/build/icyphy/ptII/ptolemy/domains/modal/test/auto/Thermostat_NoHysteresis.xml (RunModel)" time="0.048" />
  <testcase classname="ptolemy.util.test.junit.AutoTests" name="[127] /home/travis/build/icyphy/ptII/ptolemy/domains/modal/test/auto/TimedFSM.xml (RunModel)" time="0.026" />
  <testcase classname="ptolemy.util.test.junit.AutoTests" name="[128] /home/travis/build/icyphy/ptII/ptolemy/domains/modal/test/auto/Timeout1.xml (RunModel)" time="0.019" />
  <testcase classname="ptolemy.util.test.junit.AutoTests" name="[129] /home/travis/build/icyphy/ptII/ptolemy/domains/modal/test/auto/Timeout2.xml (RunModel)" time="0.016" />
  <testcase classname="ptolemy.util.test.junit.AutoTests" name="[130] /home/travis/build/icyphy/ptII/ptolemy/domains/modal/test/auto/Timeout3.xml (RunModel)" time="0.015" />
  <testcase classname="ptolemy.util.test.junit.AutoTests" name="[131] /home/travis/build/icyphy/ptII/ptolemy/domains/modal/test/auto/Timeout4.xml (RunModel)" time="0.011" />
  <testcase classname="ptolemy.util.test.junit.AutoTests" name="[132] /home/travis/build/icyphy/ptII/ptolemy/domains/modal/test/auto/TransientstateModelAdvanced.xml (RunModel)" time="0.026" />
  <testcase classname="ptolemy.util.test.junit.AutoTests" name="[133] /home/travis/build/icyphy/ptII/ptolemy/domains/modal/test/auto/TransientstateModelAdvanced2.xml (RunModel)" time="0.029" />
  <testcase classname="ptolemy.util.test.junit.AutoTests" name="[134] /home/travis/build/icyphy/ptII/ptolemy/domains/modal/test/auto/TransitionRefinements.xml (RunModel)" time="0.022" />
  <testcase classname="ptolemy.util.test.junit.AutoTests" name="[135] /home/travis/build/icyphy/ptII/ptolemy/domains/modal/test/auto/TwoRefinements1.xml (RunModel)" time="0.022" />
  <testcase classname="ptolemy.util.test.junit.AutoTests" name="[136] /home/travis/build/icyphy/ptII/ptolemy/domains/modal/test/auto/TwoRefinements2.xml (RunModel)" time="0.027" />
  <testcase classname="ptolemy.util.test.junit.AutoTests" name="[137] /home/travis/build/icyphy/ptII/ptolemy/domains/modal/test/auto/WeakImmediateTransition.xml (RunModel)" time="0.02" />
  <testcase classname="ptolemy.util.test.junit.AutoTests" name="[138] /home/travis/build/icyphy/ptII/ptolemy/domains/modal/test/auto/booleanSelect.xml (RunModel)" time="0.05" />
  <testcase classname="ptolemy.util.test.junit.AutoTests" name="[139] /home/travis/build/icyphy/ptII/ptolemy/domains/modal/test/auto/modalChangingParams.xml (RunModel)" time="0.227" />
  <testcase classname="ptolemy.util.test.junit.AutoTests" name="[140] /home/travis/build/icyphy/ptII/ptolemy/domains/modal/test/auto/modalModel.xml (RunModel)" time="0.037" />
  <testcase classname="ptolemy.util.test.junit.AutoTests" name="[141] /home/travis/build/icyphy/ptII/ptolemy/domains/modal/test/auto/modalModel2.xml (RunModel)" time="0.03" />
  <testcase classname="ptolemy.util.test.junit.AutoTests" name="[142] /home/travis/build/icyphy/ptII/ptolemy/domains/modal/test/auto/modalModel3.xml (RunModel)" time="0.032" />
  <testcase classname="ptolemy.util.test.junit.AutoTests" name="[143] /home/travis/build/icyphy/ptII/ptolemy/domains/modal/test/auto/model1.xml (RunModel)" time="0.017" />
  <testcase classname="ptolemy.util.test.junit.AutoTests" name="[144] /home/travis/build/icyphy/ptII/ptolemy/domains/modal/test/auto/test-direct-in-out.xml (RunModel)" time="0.017" />
  <system-out><![CDATA[/home/travis/build/icyphy/ptII/ptolemy/domains/modal/test/SystemLevelType.tcl
testDefs.tcl: setting time out to 9000 seconds at Mon Dec 10 03:02:08 UTC 2018
12/10/18 03:02:09
Failed: 0  Total Tests: 1  ((Passed: 1, Newly Passed: 0)  Known Failed: 0) /home/travis/build/icyphy/ptII/ptolemy/domains/modal/test
----------------- testing (KnownFailure) /home/travis/build/icyphy/ptII/ptolemy/domains/modal/test/auto/knownFailedTests/CannotAnalysisWithPreemption.xml
62 ms. Memory: 208384K Free: 185840K (89%)
Known Failure: java.lang.reflect.InvocationTargetException
No auto/linux-amd64/*.xml tests in /home/travis/build/icyphy/ptII/ptolemy/domains/modal/test
AutoTests.java: About to close Vertx.
AutoTests.java: Vertx closed.

===========================================================================================
----------------- testing Mon Dec 10 03:02:10 UTC 2018 /home/travis/build/icyphy/ptII/ptolemy/domains/modal/test/auto/ABPTest.xml
----------------- Instantiating /home/travis/build/icyphy/ptII/ptolemy/domains/modal/test/auto/ABPTest.xml
345 ms. Memory: 332288K Free: 292772K (88%)
----------------- Invoking toplevel() on ptolemy.moml.MoMLSimpleApplication@14da9523
----------------- Done invoking toplevel() on ptolemy.moml.MoMLSimpleApplication@14da9523
reloadAllAccessors: .ABPTest

===========================================================================================
----------------- testing Mon Dec 10 03:02:11 UTC 2018 /home/travis/build/icyphy/ptII/ptolemy/domains/modal/test/auto/ABROFlat.xml
----------------- Instantiating /home/travis/build/icyphy/ptII/ptolemy/domains/modal/test/auto/ABROFlat.xml
19 ms. Memory: 332288K Free: 270549K (81%)
----------------- Invoking toplevel() on ptolemy.moml.MoMLSimpleApplication@476d43b2
----------------- Done invoking toplevel() on ptolemy.moml.MoMLSimpleApplication@476d43b2
reloadAllAccessors: .ABROFlat

===========================================================================================
----------------- testing Mon Dec 10 03:02:11 UTC 2018 /home/travis/build/icyphy/ptII/ptolemy/domains/modal/test/auto/ABROFlat2.xml
----------------- Instantiating /home/travis/build/icyphy/ptII/ptolemy/domains/modal/test/auto/ABROFlat2.xml
12 ms. Memory: 332288K Free: 252559K (76%)
----------------- Invoking toplevel() on ptolemy.moml.MoMLSimpleApplication@223705b2
----------------- Done invoking toplevel() on ptolemy.moml.MoMLSimpleApplication@223705b2
reloadAllAccessors: .ABROFlat2

===========================================================================================
----------------- testing Mon Dec 10 03:02:11 UTC 2018 /home/travis/build/icyphy/ptII/ptolemy/domains/modal/test/auto/ABRO_present_hmm.xml
----------------- Instantiating /home/travis/build/icyphy/ptII/ptolemy/domains/modal/test/auto/ABRO_present_hmm.xml
33 ms. Memory: 332288K Free: 221526K (67%)
----------------- Invoking toplevel() on ptolemy.moml.MoMLSimpleApplication@522fe431
----------------- Done invoking toplevel() on ptolemy.moml.MoMLSimpleApplication@522fe431
reloadAllAccessors: .ABRO_present_hmm

===========================================================================================
----------------- testing Mon Dec 10 03:02:11 UTC 2018 /home/travis/build/icyphy/ptII/ptolemy/domains/modal/test/auto/AMICoderExample.xml
----------------- Instantiating /home/travis/build/icyphy/ptII/ptolemy/domains/modal/test/auto/AMICoderExample.xml
21 ms. Memory: 332288K Free: 210097K (63%)
----------------- Invoking toplevel() on ptolemy.moml.MoMLSimpleApplication@61826a4a
----------------- Done invoking toplevel() on ptolemy.moml.MoMLSimpleApplication@61826a4a
reloadAllAccessors: .AMICoderExample

===========================================================================================
----------------- testing Mon Dec 10 03:02:11 UTC 2018 /home/travis/build/icyphy/ptII/ptolemy/domains/modal/test/auto/AbsentToPresent.xml
----------------- Instantiating /home/travis/build/icyphy/ptII/ptolemy/domains/modal/test/auto/AbsentToPresent.xml
5 ms. Memory: 332288K Free: 200128K (60%)
----------------- Invoking toplevel() on ptolemy.moml.MoMLSimpleApplication@2fff2d7f
----------------- Done invoking toplevel() on ptolemy.moml.MoMLSimpleApplication@2fff2d7f
reloadAllAccessors: .AbsentToPresent

===========================================================================================
----------------- testing Mon Dec 10 03:02:11 UTC 2018 /home/travis/build/icyphy/ptII/ptolemy/domains/modal/test/auto/Blending.xml
----------------- Instantiating /home/travis/build/icyphy/ptII/ptolemy/domains/modal/test/auto/Blending.xml
139 ms. Memory: 332288K Free: 144481K (43%)
----------------- Invoking toplevel() on ptolemy.moml.MoMLSimpleApplication@11c4d895
----------------- Done invoking toplevel() on ptolemy.moml.MoMLSimpleApplication@11c4d895
reloadAllAccessors: .Blending

===========================================================================================
----------------- testing Mon Dec 10 03:02:11 UTC 2018 /home/travis/build/icyphy/ptII/ptolemy/domains/modal/test/auto/Broadcast.xml
----------------- Instantiating /home/travis/build/icyphy/ptII/ptolemy/domains/modal/test/auto/Broadcast.xml
14 ms. Memory: 332288K Free: 131424K (40%)
----------------- Invoking toplevel() on ptolemy.moml.MoMLSimpleApplication@1cd5c80e
----------------- Done invoking toplevel() on ptolemy.moml.MoMLSimpleApplication@1cd5c80e
reloadAllAccessors: .Broadcast

===========================================================================================
----------------- testing Mon Dec 10 03:02:11 UTC 2018 /home/travis/build/icyphy/ptII/ptolemy/domains/modal/test/auto/BroadcastHierarchy.xml
----------------- Instantiating /home/travis/build/icyphy/ptII/ptolemy/domains/modal/test/auto/BroadcastHierarchy.xml
21 ms. Memory: 332288K Free: 113434K (34%)
----------------- Invoking toplevel() on ptolemy.moml.MoMLSimpleApplication@625fe072
----------------- Done invoking toplevel() on ptolemy.moml.MoMLSimpleApplication@625fe072
reloadAllAccessors: .BroadcastHierarchy

===========================================================================================
----------------- testing Mon Dec 10 03:02:11 UTC 2018 /home/travis/build/icyphy/ptII/ptolemy/domains/modal/test/auto/BroadcastHierarchy2.xml
----------------- Instantiating /home/travis/build/icyphy/ptII/ptolemy/domains/modal/test/auto/BroadcastHierarchy2.xml
30 ms. Memory: 332288K Free: 77476K (23%)
----------------- Invoking toplevel() on ptolemy.moml.MoMLSimpleApplication@140017b1
----------------- Done invoking toplevel() on ptolemy.moml.MoMLSimpleApplication@140017b1
reloadAllAccessors: .BroadcastHierarchy2

===========================================================================================
----------------- testing Mon Dec 10 03:02:11 UTC 2018 /home/travis/build/icyphy/ptII/ptolemy/domains/modal/test/auto/BroadcastHierarchy3.xml
----------------- Instantiating /home/travis/build/icyphy/ptII/ptolemy/domains/modal/test/auto/BroadcastHierarchy3.xml
22 ms. Memory: 333824K Free: 297819K (89%)
----------------- Invoking toplevel() on ptolemy.moml.MoMLSimpleApplication@2caa445
----------------- Done invoking toplevel() on ptolemy.moml.MoMLSimpleApplication@2caa445
reloadAllAccessors: .BroadcastHierarchy3

===========================================================================================
----------------- testing Mon Dec 10 03:02:12 UTC 2018 /home/travis/build/icyphy/ptII/ptolemy/domains/modal/test/auto/BroadcastHierarchy4.xml
----------------- Instantiating /home/travis/build/icyphy/ptII/ptolemy/domains/modal/test/auto/BroadcastHierarchy4.xml
15 ms. Memory: 333824K Free: 262849K (79%)
----------------- Invoking toplevel() on ptolemy.moml.MoMLSimpleApplication@33df11d7
----------------- Done invoking toplevel() on ptolemy.moml.MoMLSimpleApplication@33df11d7
reloadAllAccessors: .BroadcastHierarchy4

===========================================================================================
----------------- testing Mon Dec 10 03:02:12 UTC 2018 /home/travis/build/icyphy/ptII/ptolemy/domains/modal/test/auto/CannotAnalysisWithPreemption2.xml
----------------- Instantiating /home/travis/build/icyphy/ptII/ptolemy/domains/modal/test/auto/CannotAnalysisWithPreemption2.xml
3 ms. Memory: 333824K Free: 253064K (76%)
----------------- Invoking toplevel() on ptolemy.moml.MoMLSimpleApplication@2fa89a5f
----------------- Done invoking toplevel() on ptolemy.moml.MoMLSimpleApplication@2fa89a5f
reloadAllAccessors: .CannotAnalysisWithPreemption2

===========================================================================================
----------------- testing Mon Dec 10 03:02:12 UTC 2018 /home/travis/build/icyphy/ptII/ptolemy/domains/modal/test/auto/CannotAnalysisWithPreemption3.xml
----------------- Instantiating /home/travis/build/icyphy/ptII/ptolemy/domains/modal/test/auto/CannotAnalysisWithPreemption3.xml
3 ms. Memory: 333824K Free: 240014K (72%)
----------------- Invoking toplevel() on ptolemy.moml.MoMLSimpleApplication@3bbd4c1b
----------------- Done invoking toplevel() on ptolemy.moml.MoMLSimpleApplication@3bbd4c1b
reloadAllAccessors: .CannotAnalysisWithPreemption3

===========================================================================================
----------------- testing Mon Dec 10 03:02:12 UTC 2018 /home/travis/build/icyphy/ptII/ptolemy/domains/modal/test/auto/CannotProduce.xml
----------------- Instantiating /home/travis/build/icyphy/ptII/ptolemy/domains/modal/test/auto/CannotProduce.xml
6 ms. Memory: 333824K Free: 231190K (69%)
----------------- Invoking toplevel() on ptolemy.moml.MoMLSimpleApplication@49141b19
----------------- Done invoking toplevel() on ptolemy.moml.MoMLSimpleApplication@49141b19
reloadAllAccessors: .CannotProduce

===========================================================================================
----------------- testing Mon Dec 10 03:02:12 UTC 2018 /home/travis/build/icyphy/ptII/ptolemy/domains/modal/test/auto/CannotProduceModal.xml
----------------- Instantiating /home/travis/build/icyphy/ptII/ptolemy/domains/modal/test/auto/CannotProduceModal.xml
15 ms. Memory: 333824K Free: 223033K (67%)
----------------- Invoking toplevel() on ptolemy.moml.MoMLSimpleApplication@1197a9ca
----------------- Done invoking toplevel() on ptolemy.moml.MoMLSimpleApplication@1197a9ca
reloadAllAccessors: .CannotProduceModal

===========================================================================================
----------------- testing Mon Dec 10 03:02:12 UTC 2018 /home/travis/build/icyphy/ptII/ptolemy/domains/modal/test/auto/Case.xml
----------------- Instantiating /home/travis/build/icyphy/ptII/ptolemy/domains/modal/test/auto/Case.xml
27 ms. Memory: 333824K Free: 209936K (63%)
----------------- Invoking toplevel() on ptolemy.moml.MoMLSimpleApplication@5af60da7
----------------- Done invoking toplevel() on ptolemy.moml.MoMLSimpleApplication@5af60da7
reloadAllAccessors: .Case

===========================================================================================
----------------- testing Mon Dec 10 03:02:12 UTC 2018 /home/travis/build/icyphy/ptII/ptolemy/domains/modal/test/auto/Case1.xml
----------------- Instantiating /home/travis/build/icyphy/ptII/ptolemy/domains/modal/test/auto/Case1.xml
5 ms. Memory: 333824K Free: 199476K (60%)
----------------- Invoking toplevel() on ptolemy.moml.MoMLSimpleApplication@7a2fc7a9
----------------- Done invoking toplevel() on ptolemy.moml.MoMLSimpleApplication@7a2fc7a9
reloadAllAccessors: .Case1

===========================================================================================
----------------- testing Mon Dec 10 03:02:12 UTC 2018 /home/travis/build/icyphy/ptII/ptolemy/domains/modal/test/auto/Case2.xml
----------------- Instantiating /home/travis/build/icyphy/ptII/ptolemy/domains/modal/test/auto/Case2.xml
25 ms. Memory: 333824K Free: 188031K (56%)
----------------- Invoking toplevel() on ptolemy.moml.MoMLSimpleApplication@42bebf11
----------------- Done invoking toplevel() on ptolemy.moml.MoMLSimpleApplication@42bebf11
reloadAllAccessors: .Case2

===========================================================================================
----------------- testing Mon Dec 10 03:02:12 UTC 2018 /home/travis/build/icyphy/ptII/ptolemy/domains/modal/test/auto/CausalityInterface1.xml
----------------- Instantiating /home/travis/build/icyphy/ptII/ptolemy/domains/modal/test/auto/CausalityInterface1.xml
3 ms. Memory: 333824K Free: 181503K (54%)
----------------- Invoking toplevel() on ptolemy.moml.MoMLSimpleApplication@715182ce
----------------- Done invoking toplevel() on ptolemy.moml.MoMLSimpleApplication@715182ce
reloadAllAccessors: .CausalityInterface1

===========================================================================================
----------------- testing Mon Dec 10 03:02:12 UTC 2018 /home/travis/build/icyphy/ptII/ptolemy/domains/modal/test/auto/CausalityInterface10.xml
----------------- Instantiating /home/travis/build/icyphy/ptII/ptolemy/domains/modal/test/auto/CausalityInterface10.xml
14 ms. Memory: 333824K Free: 162886K (49%)
----------------- Invoking toplevel() on ptolemy.moml.MoMLSimpleApplication@13bff8d5
----------------- Done invoking toplevel() on ptolemy.moml.MoMLSimpleApplication@13bff8d5
reloadAllAccessors: .CausalityInterface10

===========================================================================================
----------------- testing Mon Dec 10 03:02:12 UTC 2018 /home/travis/build/icyphy/ptII/ptolemy/domains/modal/test/auto/CausalityInterface11.xml
----------------- Instantiating /home/travis/build/icyphy/ptII/ptolemy/domains/modal/test/auto/CausalityInterface11.xml
6 ms. Memory: 333824K Free: 146540K (44%)
----------------- Invoking toplevel() on ptolemy.moml.MoMLSimpleApplication@5064fc70
----------------- Done invoking toplevel() on ptolemy.moml.MoMLSimpleApplication@5064fc70
reloadAllAccessors: .CausalityInterface11

===========================================================================================
----------------- testing Mon Dec 10 03:02:12 UTC 2018 /home/travis/build/icyphy/ptII/ptolemy/domains/modal/test/auto/CausalityInterface12.xml
----------------- Instantiating /home/travis/build/icyphy/ptII/ptolemy/domains/modal/test/auto/CausalityInterface12.xml
7 ms. Memory: 333824K Free: 130210K (39%)
----------------- Invoking toplevel() on ptolemy.moml.MoMLSimpleApplication@73fab90a
----------------- Done invoking toplevel() on ptolemy.moml.MoMLSimpleApplication@73fab90a
reloadAllAccessors: .CausalityInterface12

===========================================================================================
----------------- testing Mon Dec 10 03:02:12 UTC 2018 /home/travis/build/icyphy/ptII/ptolemy/domains/modal/test/auto/CausalityInterface13.xml
----------------- Instantiating /home/travis/build/icyphy/ptII/ptolemy/domains/modal/test/auto/CausalityInterface13.xml
10 ms. Memory: 333824K Free: 111578K (33%)
----------------- Invoking toplevel() on ptolemy.moml.MoMLSimpleApplication@42f36b2d
----------------- Done invoking toplevel() on ptolemy.moml.MoMLSimpleApplication@42f36b2d
reloadAllAccessors: .CausalityInterface13

===========================================================================================
----------------- testing Mon Dec 10 03:02:12 UTC 2018 /home/travis/build/icyphy/ptII/ptolemy/domains/modal/test/auto/CausalityInterface14.xml
----------------- Instantiating /home/travis/build/icyphy/ptII/ptolemy/domains/modal/test/auto/CausalityInterface14.xml
9 ms. Memory: 333824K Free: 95255K (29%)
----------------- Invoking toplevel() on ptolemy.moml.MoMLSimpleApplication@24b4eefa
----------------- Done invoking toplevel() on ptolemy.moml.MoMLSimpleApplication@24b4eefa
reloadAllAccessors: .CausalityInterface14

===========================================================================================
----------------- testing Mon Dec 10 03:02:12 UTC 2018 /home/travis/build/icyphy/ptII/ptolemy/domains/modal/test/auto/CausalityInterface2.xml
----------------- Instantiating /home/travis/build/icyphy/ptII/ptolemy/domains/modal/test/auto/CausalityInterface2.xml
3 ms. Memory: 333824K Free: 87098K (26%)
----------------- Invoking toplevel() on ptolemy.moml.MoMLSimpleApplication@2785d3f0
----------------- Done invoking toplevel() on ptolemy.moml.MoMLSimpleApplication@2785d3f0
reloadAllAccessors: .CausalityInterface2

===========================================================================================
----------------- testing Mon Dec 10 03:02:12 UTC 2018 /home/travis/build/icyphy/ptII/ptolemy/domains/modal/test/auto/CausalityInterface3.xml
----------------- Instantiating /home/travis/build/icyphy/ptII/ptolemy/domains/modal/test/auto/CausalityInterface3.xml
4 ms. Memory: 578560K Free: 563565K (97%)
----------------- Invoking toplevel() on ptolemy.moml.MoMLSimpleApplication@3ae6611b
----------------- Done invoking toplevel() on ptolemy.moml.MoMLSimpleApplication@3ae6611b
reloadAllAccessors: .CausalityInterface3

===========================================================================================
----------------- testing Mon Dec 10 03:02:12 UTC 2018 /home/travis/build/icyphy/ptII/ptolemy/domains/modal/test/auto/CausalityInterface4.xml
----------------- Instantiating /home/travis/build/icyphy/ptII/ptolemy/domains/modal/test/auto/CausalityInterface4.xml
3 ms. Memory: 578560K Free: 550265K (95%)
----------------- Invoking toplevel() on ptolemy.moml.MoMLSimpleApplication@2f0f5590
----------------- Done invoking toplevel() on ptolemy.moml.MoMLSimpleApplication@2f0f5590
reloadAllAccessors: .CausalityInterface4

===========================================================================================
----------------- testing Mon Dec 10 03:02:12 UTC 2018 /home/travis/build/icyphy/ptII/ptolemy/domains/modal/test/auto/CausalityInterface5.xml
----------------- Instantiating /home/travis/build/icyphy/ptII/ptolemy/domains/modal/test/auto/CausalityInterface5.xml
5 ms. Memory: 578560K Free: 537240K (93%)
----------------- Invoking toplevel() on ptolemy.moml.MoMLSimpleApplication@13db2be6
----------------- Done invoking toplevel() on ptolemy.moml.MoMLSimpleApplication@13db2be6
reloadAllAccessors: .CausalityInterface5

===========================================================================================
----------------- testing Mon Dec 10 03:02:12 UTC 2018 /home/travis/build/icyphy/ptII/ptolemy/domains/modal/test/auto/CausalityInterface6.xml
----------------- Instantiating /home/travis/build/icyphy/ptII/ptolemy/domains/modal/test/auto/CausalityInterface6.xml
5 ms. Memory: 578560K Free: 524198K (91%)
----------------- Invoking toplevel() on ptolemy.moml.MoMLSimpleApplication@c3ccf86
----------------- Done invoking toplevel() on ptolemy.moml.MoMLSimpleApplication@c3ccf86
reloadAllAccessors: .CausalityInterface6

===========================================================================================
----------------- testing Mon Dec 10 03:02:12 UTC 2018 /home/travis/build/icyphy/ptII/ptolemy/domains/modal/test/auto/CausalityInterface7.xml
----------------- Instantiating /home/travis/build/icyphy/ptII/ptolemy/domains/modal/test/auto/CausalityInterface7.xml
6 ms. Memory: 578560K Free: 511165K (88%)
----------------- Invoking toplevel() on ptolemy.moml.MoMLSimpleApplication@2042bd
----------------- Done invoking toplevel() on ptolemy.moml.MoMLSimpleApplication@2042bd
reloadAllAccessors: .CausalityInterface7

===========================================================================================
----------------- testing Mon Dec 10 03:02:12 UTC 2018 /home/travis/build/icyphy/ptII/ptolemy/domains/modal/test/auto/CausalityInterface8.xml
----------------- Instantiating /home/travis/build/icyphy/ptII/ptolemy/domains/modal/test/auto/CausalityInterface8.xml
4 ms. Memory: 578560K Free: 494977K (86%)
----------------- Invoking toplevel() on ptolemy.moml.MoMLSimpleApplication@3af2c98
----------------- Done invoking toplevel() on ptolemy.moml.MoMLSimpleApplication@3af2c98
reloadAllAccessors: .CausalityInterface8

===========================================================================================
----------------- testing Mon Dec 10 03:02:13 UTC 2018 /home/travis/build/icyphy/ptII/ptolemy/domains/modal/test/auto/CausalityInterface9.xml
----------------- Instantiating /home/travis/build/icyphy/ptII/ptolemy/domains/modal/test/auto/CausalityInterface9.xml
7 ms. Memory: 578560K Free: 481952K (83%)
----------------- Invoking toplevel() on ptolemy.moml.MoMLSimpleApplication@b6da6ed
----------------- Done invoking toplevel() on ptolemy.moml.MoMLSimpleApplication@b6da6ed
reloadAllAccessors: .CausalityInterface9

===========================================================================================
----------------- testing Mon Dec 10 03:02:13 UTC 2018 /home/travis/build/icyphy/ptII/ptolemy/domains/modal/test/auto/ChainedTransitions.xml
----------------- Instantiating /home/travis/build/icyphy/ptII/ptolemy/domains/modal/test/auto/ChainedTransitions.xml
46 ms. Memory: 578560K Free: 452565K (78%)
----------------- Invoking toplevel() on ptolemy.moml.MoMLSimpleApplication@4c71f2aa
----------------- Done invoking toplevel() on ptolemy.moml.MoMLSimpleApplication@4c71f2aa
reloadAllAccessors: .ChainedTransitions

===========================================================================================
----------------- testing Mon Dec 10 03:02:13 UTC 2018 /home/travis/build/icyphy/ptII/ptolemy/domains/modal/test/auto/CycleOfImmediateTransitionsFSM.xml
----------------- Instantiating /home/travis/build/icyphy/ptII/ptolemy/domains/modal/test/auto/CycleOfImmediateTransitionsFSM.xml
3 ms. Memory: 578560K Free: 442780K (77%)
----------------- Invoking toplevel() on ptolemy.moml.MoMLSimpleApplication@4b803e2a
----------------- Done invoking toplevel() on ptolemy.moml.MoMLSimpleApplication@4b803e2a
reloadAllAccessors: .CycleOfImmediateTransitionsFSM

===========================================================================================
----------------- testing Mon Dec 10 03:02:13 UTC 2018 /home/travis/build/icyphy/ptII/ptolemy/domains/modal/test/auto/CycleOfImmediateTransitionsModal.xml
----------------- Instantiating /home/travis/build/icyphy/ptII/ptolemy/domains/modal/test/auto/CycleOfImmediateTransitionsModal.xml
4 ms. Memory: 578560K Free: 429849K (74%)
----------------- Invoking toplevel() on ptolemy.moml.MoMLSimpleApplication@522e8e0d
----------------- Done invoking toplevel() on ptolemy.moml.MoMLSimpleApplication@522e8e0d
reloadAllAccessors: .CycleOfImmediateTransitionsModal

===========================================================================================
----------------- testing Mon Dec 10 03:02:13 UTC 2018 /home/travis/build/icyphy/ptII/ptolemy/domains/modal/test/auto/CycleOfImmediateTransitionsModal2.xml
----------------- Instantiating /home/travis/build/icyphy/ptII/ptolemy/domains/modal/test/auto/CycleOfImmediateTransitionsModal2.xml
4 ms. Memory: 578560K Free: 420064K (73%)
----------------- Invoking toplevel() on ptolemy.moml.MoMLSimpleApplication@3eb5919
----------------- Done invoking toplevel() on ptolemy.moml.MoMLSimpleApplication@3eb5919
reloadAllAccessors: .CycleOfImmediateTransitionsModal2

===========================================================================================
----------------- testing Mon Dec 10 03:02:13 UTC 2018 /home/travis/build/icyphy/ptII/ptolemy/domains/modal/test/auto/CycleOfImmediateTransitionsModal3.xml
----------------- Instantiating /home/travis/build/icyphy/ptII/ptolemy/domains/modal/test/auto/CycleOfImmediateTransitionsModal3.xml
13 ms. Memory: 578560K Free: 390724K (68%)
----------------- Invoking toplevel() on ptolemy.moml.MoMLSimpleApplication@53e55dd9
----------------- Done invoking toplevel() on ptolemy.moml.MoMLSimpleApplication@53e55dd9
reloadAllAccessors: .CycleOfImmediateTransitionsModal3

===========================================================================================
----------------- testing Mon Dec 10 03:02:13 UTC 2018 /home/travis/build/icyphy/ptII/ptolemy/domains/modal/test/auto/DeepModal1.xml
----------------- Instantiating /home/travis/build/icyphy/ptII/ptolemy/domains/modal/test/auto/DeepModal1.xml
28 ms. Memory: 578560K Free: 371154K (64%)
----------------- Invoking toplevel() on ptolemy.moml.MoMLSimpleApplication@3c9c9a16
----------------- Done invoking toplevel() on ptolemy.moml.MoMLSimpleApplication@3c9c9a16
reloadAllAccessors: .DeepModal1

===========================================================================================
----------------- testing Mon Dec 10 03:02:13 UTC 2018 /home/travis/build/icyphy/ptII/ptolemy/domains/modal/test/auto/DeepModal2.xml
----------------- Instantiating /home/travis/build/icyphy/ptII/ptolemy/domains/modal/test/auto/DeepModal2.xml
28 ms. Memory: 578560K Free: 345181K (60%)
----------------- Invoking toplevel() on ptolemy.moml.MoMLSimpleApplication@33e696f0
----------------- Done invoking toplevel() on ptolemy.moml.MoMLSimpleApplication@33e696f0
reloadAllAccessors: .DeepModal2

===========================================================================================
----------------- testing Mon Dec 10 03:02:13 UTC 2018 /home/travis/build/icyphy/ptII/ptolemy/domains/modal/test/auto/DeepModal3.xml
----------------- Instantiating /home/travis/build/icyphy/ptII/ptolemy/domains/modal/test/auto/DeepModal3.xml
33 ms. Memory: 578560K Free: 322339K (56%)
----------------- Invoking toplevel() on ptolemy.moml.MoMLSimpleApplication@766ecf4a
----------------- Done invoking toplevel() on ptolemy.moml.MoMLSimpleApplication@766ecf4a
reloadAllAccessors: .DeepModal3

===========================================================================================
----------------- testing Mon Dec 10 03:02:13 UTC 2018 /home/travis/build/icyphy/ptII/ptolemy/domains/modal/test/auto/DeepModal4.xml
----------------- Instantiating /home/travis/build/icyphy/ptII/ptolemy/domains/modal/test/auto/DeepModal4.xml
30 ms. Memory: 578560K Free: 299528K (52%)
----------------- Invoking toplevel() on ptolemy.moml.MoMLSimpleApplication@70e2ab2a
----------------- Done invoking toplevel() on ptolemy.moml.MoMLSimpleApplication@70e2ab2a
reloadAllAccessors: .DeepModal4

===========================================================================================
----------------- testing Mon Dec 10 03:02:13 UTC 2018 /home/travis/build/icyphy/ptII/ptolemy/domains/modal/test/auto/Default1.xml
----------------- Instantiating /home/travis/build/icyphy/ptII/ptolemy/domains/modal/test/auto/Default1.xml
3 ms. Memory: 578560K Free: 289743K (50%)
----------------- Invoking toplevel() on ptolemy.moml.MoMLSimpleApplication@1826584f
----------------- Done invoking toplevel() on ptolemy.moml.MoMLSimpleApplication@1826584f
reloadAllAccessors: .Default1

===========================================================================================
----------------- testing Mon Dec 10 03:02:13 UTC 2018 /home/travis/build/icyphy/ptII/ptolemy/domains/modal/test/auto/Default2.xml
----------------- Instantiating /home/travis/build/icyphy/ptII/ptolemy/domains/modal/test/auto/Default2.xml
1 ms. Memory: 578560K Free: 276820K (48%)
----------------- Invoking toplevel() on ptolemy.moml.MoMLSimpleApplication@7d827e27
----------------- Done invoking toplevel() on ptolemy.moml.MoMLSimpleApplication@7d827e27
reloadAllAccessors: .Default2

===========================================================================================
----------------- testing Mon Dec 10 03:02:13 UTC 2018 /home/travis/build/icyphy/ptII/ptolemy/domains/modal/test/auto/Default3.xml
----------------- Instantiating /home/travis/build/icyphy/ptII/ptolemy/domains/modal/test/auto/Default3.xml
3 ms. Memory: 578560K Free: 267051K (46%)
----------------- Invoking toplevel() on ptolemy.moml.MoMLSimpleApplication@2bf5ad2d
----------------- Done invoking toplevel() on ptolemy.moml.MoMLSimpleApplication@2bf5ad2d
reloadAllAccessors: .Default3

===========================================================================================
----------------- testing Mon Dec 10 03:02:13 UTC 2018 /home/travis/build/icyphy/ptII/ptolemy/domains/modal/test/auto/Default4.xml
----------------- Instantiating /home/travis/build/icyphy/ptII/ptolemy/domains/modal/test/auto/Default4.xml
2 ms. Memory: 578560K Free: 257266K (44%)
----------------- Invoking toplevel() on ptolemy.moml.MoMLSimpleApplication@3bd965f4
----------------- Done invoking toplevel() on ptolemy.moml.MoMLSimpleApplication@3bd965f4
reloadAllAccessors: .Default4

===========================================================================================
----------------- testing Mon Dec 10 03:02:13 UTC 2018 /home/travis/build/icyphy/ptII/ptolemy/domains/modal/test/auto/Default5.xml
----------------- Instantiating /home/travis/build/icyphy/ptII/ptolemy/domains/modal/test/auto/Default5.xml
7 ms. Memory: 578560K Free: 244225K (42%)
----------------- Invoking toplevel() on ptolemy.moml.MoMLSimpleApplication@4bfff9e8
----------------- Done invoking toplevel() on ptolemy.moml.MoMLSimpleApplication@4bfff9e8
reloadAllAccessors: .Default5

===========================================================================================
----------------- testing Mon Dec 10 03:02:13 UTC 2018 /home/travis/build/icyphy/ptII/ptolemy/domains/modal/test/auto/EmptyGuard.xml
----------------- Instantiating /home/travis/build/icyphy/ptII/ptolemy/domains/modal/test/auto/EmptyGuard.xml
8 ms. Memory: 578560K Free: 234440K (41%)
----------------- Invoking toplevel() on ptolemy.moml.MoMLSimpleApplication@6aae574e
----------------- Done invoking toplevel() on ptolemy.moml.MoMLSimpleApplication@6aae574e
reloadAllAccessors: .EmptyGuard

===========================================================================================
----------------- testing Mon Dec 10 03:02:13 UTC 2018 /home/travis/build/icyphy/ptII/ptolemy/domains/modal/test/auto/ErrorTransition1.xml
----------------- Instantiating /home/travis/build/icyphy/ptII/ptolemy/domains/modal/test/auto/ErrorTransition1.xml
6 ms. Memory: 578560K Free: 218268K (38%)
----------------- Invoking toplevel() on ptolemy.moml.MoMLSimpleApplication@32f9d38f
----------------- Done invoking toplevel() on ptolemy.moml.MoMLSimpleApplication@32f9d38f
reloadAllAccessors: .ErrorTransition1

===========================================================================================
----------------- testing Mon Dec 10 03:02:13 UTC 2018 /home/travis/build/icyphy/ptII/ptolemy/domains/modal/test/auto/ErrorTransition10.xml
----------------- Instantiating /home/travis/build/icyphy/ptII/ptolemy/domains/modal/test/auto/ErrorTransition10.xml
10 ms. Memory: 578560K Free: 201985K (35%)
----------------- Invoking toplevel() on ptolemy.moml.MoMLSimpleApplication@3285791e
----------------- Done invoking toplevel() on ptolemy.moml.MoMLSimpleApplication@3285791e
reloadAllAccessors: .ErrorTransition10

===========================================================================================
----------------- testing Mon Dec 10 03:02:13 UTC 2018 /home/travis/build/icyphy/ptII/ptolemy/domains/modal/test/auto/ErrorTransition11.xml
----------------- Instantiating /home/travis/build/icyphy/ptII/ptolemy/domains/modal/test/auto/ErrorTransition11.xml
5 ms. Memory: 578560K Free: 185680K (32%)
----------------- Invoking toplevel() on ptolemy.moml.MoMLSimpleApplication@7d2b0fa4
----------------- Done invoking toplevel() on ptolemy.moml.MoMLSimpleApplication@7d2b0fa4
reloadAllAccessors: .ErrorTransition11

===========================================================================================
----------------- testing Mon Dec 10 03:02:13 UTC 2018 /home/travis/build/icyphy/ptII/ptolemy/domains/modal/test/auto/ErrorTransition2.xml
----------------- Instantiating /home/travis/build/icyphy/ptII/ptolemy/domains/modal/test/auto/ErrorTransition2.xml
5 ms. Memory: 578560K Free: 172638K (30%)
----------------- Invoking toplevel() on ptolemy.moml.MoMLSimpleApplication@1b7ac7c1
----------------- Done invoking toplevel() on ptolemy.moml.MoMLSimpleApplication@1b7ac7c1
reloadAllAccessors: .ErrorTransition2

===========================================================================================
----------------- testing Mon Dec 10 03:02:13 UTC 2018 /home/travis/build/icyphy/ptII/ptolemy/domains/modal/test/auto/ErrorTransition3.xml
----------------- Instantiating /home/travis/build/icyphy/ptII/ptolemy/domains/modal/test/auto/ErrorTransition3.xml
14 ms. Memory: 578560K Free: 156451K (27%)
----------------- Invoking toplevel() on ptolemy.moml.MoMLSimpleApplication@6d0350d1
----------------- Done invoking toplevel() on ptolemy.moml.MoMLSimpleApplication@6d0350d1
reloadAllAccessors: .ErrorTransition3

===========================================================================================
----------------- testing Mon Dec 10 03:02:13 UTC 2018 /home/travis/build/icyphy/ptII/ptolemy/domains/modal/test/auto/ErrorTransition4.xml
----------------- Instantiating /home/travis/build/icyphy/ptII/ptolemy/domains/modal/test/auto/ErrorTransition4.xml
5 ms. Memory: 578560K Free: 143410K (25%)
----------------- Invoking toplevel() on ptolemy.moml.MoMLSimpleApplication@32aeedd9
----------------- Done invoking toplevel() on ptolemy.moml.MoMLSimpleApplication@32aeedd9
reloadAllAccessors: .ErrorTransition4

===========================================================================================
----------------- testing Mon Dec 10 03:02:14 UTC 2018 /home/travis/build/icyphy/ptII/ptolemy/domains/modal/test/auto/ErrorTransition5.xml
----------------- Instantiating /home/travis/build/icyphy/ptII/ptolemy/domains/modal/test/auto/ErrorTransition5.xml
4 ms. Memory: 578560K Free: 130376K (23%)
----------------- Invoking toplevel() on ptolemy.moml.MoMLSimpleApplication@3a085eae
----------------- Done invoking toplevel() on ptolemy.moml.MoMLSimpleApplication@3a085eae
reloadAllAccessors: .ErrorTransition5

===========================================================================================
----------------- testing Mon Dec 10 03:02:14 UTC 2018 /home/travis/build/icyphy/ptII/ptolemy/domains/modal/test/auto/ErrorTransition6.xml
----------------- Instantiating /home/travis/build/icyphy/ptII/ptolemy/domains/modal/test/auto/ErrorTransition6.xml
6 ms. Memory: 578560K Free: 117335K (20%)
----------------- Invoking toplevel() on ptolemy.moml.MoMLSimpleApplication@3e5eb985
----------------- Done invoking toplevel() on ptolemy.moml.MoMLSimpleApplication@3e5eb985
reloadAllAccessors: .ErrorTransition6

===========================================================================================
----------------- testing Mon Dec 10 03:02:14 UTC 2018 /home/travis/build/icyphy/ptII/ptolemy/domains/modal/test/auto/ErrorTransition7.xml
----------------- Instantiating /home/travis/build/icyphy/ptII/ptolemy/domains/modal/test/auto/ErrorTransition7.xml
12 ms. Memory: 578560K Free: 97883K (17%)
----------------- Invoking toplevel() on ptolemy.moml.MoMLSimpleApplication@3e1c124e
----------------- Done invoking toplevel() on ptolemy.moml.MoMLSimpleApplication@3e1c124e
reloadAllAccessors: .ErrorTransition7

===========================================================================================
----------------- testing Mon Dec 10 03:02:14 UTC 2018 /home/travis/build/icyphy/ptII/ptolemy/domains/modal/test/auto/ErrorTransition8.xml
----------------- Instantiating /home/travis/build/icyphy/ptII/ptolemy/domains/modal/test/auto/ErrorTransition8.xml
34 ms. Memory: 578560K Free: 81569K (14%)
----------------- Invoking toplevel() on ptolemy.moml.MoMLSimpleApplication@76341fe1
----------------- Done invoking toplevel() on ptolemy.moml.MoMLSimpleApplication@76341fe1
reloadAllAccessors: .ErrorTransition8

===========================================================================================
----------------- testing Mon Dec 10 03:02:14 UTC 2018 /home/travis/build/icyphy/ptII/ptolemy/domains/modal/test/auto/ErrorTransition9.xml
----------------- Instantiating /home/travis/build/icyphy/ptII/ptolemy/domains/modal/test/auto/ErrorTransition9.xml
16 ms. Memory: 578560K Free: 554616K (96%)
----------------- Invoking toplevel() on ptolemy.moml.MoMLSimpleApplication@1eb86aa0
----------------- Done invoking toplevel() on ptolemy.moml.MoMLSimpleApplication@1eb86aa0
reloadAllAccessors: .ErrorTransition9

===========================================================================================
----------------- testing Mon Dec 10 03:02:14 UTC 2018 /home/travis/build/icyphy/ptII/ptolemy/domains/modal/test/auto/ExtendedFSM.xml
----------------- Instantiating /home/travis/build/icyphy/ptII/ptolemy/domains/modal/test/auto/ExtendedFSM.xml
10 ms. Memory: 578560K Free: 539375K (93%)
----------------- Invoking toplevel() on ptolemy.moml.MoMLSimpleApplication@1bf75ccd
----------------- Done invoking toplevel() on ptolemy.moml.MoMLSimpleApplication@1bf75ccd
reloadAllAccessors: .ExtendedFSM

===========================================================================================
----------------- testing Mon Dec 10 03:02:14 UTC 2018 /home/travis/build/icyphy/ptII/ptolemy/domains/modal/test/auto/FinalStates.xml
----------------- Instantiating /home/travis/build/icyphy/ptII/ptolemy/domains/modal/test/auto/FinalStates.xml
8 ms. Memory: 578560K Free: 529605K (92%)
----------------- Invoking toplevel() on ptolemy.moml.MoMLSimpleApplication@432fef7d
----------------- Done invoking toplevel() on ptolemy.moml.MoMLSimpleApplication@432fef7d
reloadAllAccessors: .FinalStates

===========================================================================================
----------------- testing Mon Dec 10 03:02:14 UTC 2018 /home/travis/build/icyphy/ptII/ptolemy/domains/modal/test/auto/FixedPointFSM.xml
----------------- Instantiating /home/travis/build/icyphy/ptII/ptolemy/domains/modal/test/auto/FixedPointFSM.xml
16 ms. Memory: 578560K Free: 507835K (88%)
----------------- Invoking toplevel() on ptolemy.moml.MoMLSimpleApplication@54b4556d
----------------- Done invoking toplevel() on ptolemy.moml.MoMLSimpleApplication@54b4556d
reloadAllAccessors: .FixedPointFSM

===========================================================================================
----------------- testing Mon Dec 10 03:02:14 UTC 2018 /home/travis/build/icyphy/ptII/ptolemy/domains/modal/test/auto/FixedPointIterationFSMActor.xml
----------------- Instantiating /home/travis/build/icyphy/ptII/ptolemy/domains/modal/test/auto/FixedPointIterationFSMActor.xml
7 ms. Memory: 578560K Free: 494794K (86%)
----------------- Invoking toplevel() on ptolemy.moml.MoMLSimpleApplication@74a84e26
----------------- Done invoking toplevel() on ptolemy.moml.MoMLSimpleApplication@74a84e26
reloadAllAccessors: .FixedPointIterationFSMActor

===========================================================================================
----------------- testing Mon Dec 10 03:02:14 UTC 2018 /home/travis/build/icyphy/ptII/ptolemy/domains/modal/test/auto/FixedPointIterationFSMActor2.xml
----------------- Instantiating /home/travis/build/icyphy/ptII/ptolemy/domains/modal/test/auto/FixedPointIterationFSMActor2.xml
10 ms. Memory: 578560K Free: 478496K (83%)
----------------- Invoking toplevel() on ptolemy.moml.MoMLSimpleApplication@2d8c94ca
----------------- Done invoking toplevel() on ptolemy.moml.MoMLSimpleApplication@2d8c94ca
reloadAllAccessors: .FixedPointIterationFSMActor2

===========================================================================================
----------------- testing Mon Dec 10 03:02:14 UTC 2018 /home/travis/build/icyphy/ptII/ptolemy/domains/modal/test/auto/ForbiddenInstantanousLoop.xml
----------------- Instantiating /home/travis/build/icyphy/ptII/ptolemy/domains/modal/test/auto/ForbiddenInstantanousLoop.xml
5 ms. Memory: 578560K Free: 459999K (80%)
----------------- Invoking toplevel() on ptolemy.moml.MoMLSimpleApplication@2e9fa101
----------------- Done invoking toplevel() on ptolemy.moml.MoMLSimpleApplication@2e9fa101
reloadAllAccessors: .ForbiddenInstantanousLoop

===========================================================================================
----------------- testing Mon Dec 10 03:02:14 UTC 2018 /home/travis/build/icyphy/ptII/ptolemy/domains/modal/test/auto/FunctionDependencyOfFSMActorTest.xml
----------------- Instantiating /home/travis/build/icyphy/ptII/ptolemy/domains/modal/test/auto/FunctionDependencyOfFSMActorTest.xml
7 ms. Memory: 578560K Free: 450214K (78%)
----------------- Invoking toplevel() on ptolemy.moml.MoMLSimpleApplication@26032885
----------------- Done invoking toplevel() on ptolemy.moml.MoMLSimpleApplication@26032885
reloadAllAccessors: .FunctionDependencyOfFSMActorTest

===========================================================================================
----------------- testing Mon Dec 10 03:02:14 UTC 2018 /home/travis/build/icyphy/ptII/ptolemy/domains/modal/test/auto/GuardExpression.xml
----------------- Instantiating /home/travis/build/icyphy/ptII/ptolemy/domains/modal/test/auto/GuardExpression.xml
2 ms. Memory: 578560K Free: 440437K (76%)
----------------- Invoking toplevel() on ptolemy.moml.MoMLSimpleApplication@2398690d
----------------- Done invoking toplevel() on ptolemy.moml.MoMLSimpleApplication@2398690d
reloadAllAccessors: .GuardExpression

===========================================================================================
----------------- testing Mon Dec 10 03:02:14 UTC 2018 /home/travis/build/icyphy/ptII/ptolemy/domains/modal/test/auto/GuardNotEvaluated.xml
----------------- Instantiating /home/travis/build/icyphy/ptII/ptolemy/domains/modal/test/auto/GuardNotEvaluated.xml
5 ms. Memory: 578560K Free: 425196K (73%)
----------------- Invoking toplevel() on ptolemy.moml.MoMLSimpleApplication@134b5c83
----------------- Done invoking toplevel() on ptolemy.moml.MoMLSimpleApplication@134b5c83
reloadAllAccessors: .GuardNotEvaluated

===========================================================================================
----------------- testing Mon Dec 10 03:02:14 UTC 2018 /home/travis/build/icyphy/ptII/ptolemy/domains/modal/test/auto/GuardNotEvaluated2.xml
----------------- Instantiating /home/travis/build/icyphy/ptII/ptolemy/domains/modal/test/auto/GuardNotEvaluated2.xml
7 ms. Memory: 578560K Free: 412154K (71%)
----------------- Invoking toplevel() on ptolemy.moml.MoMLSimpleApplication@6a125ae2
----------------- Done invoking toplevel() on ptolemy.moml.MoMLSimpleApplication@6a125ae2
reloadAllAccessors: .GuardNotEvaluated2

===========================================================================================
----------------- testing Mon Dec 10 03:02:14 UTC 2018 /home/travis/build/icyphy/ptII/ptolemy/domains/modal/test/auto/GuardOnAbsent.xml
----------------- Instantiating /home/travis/build/icyphy/ptII/ptolemy/domains/modal/test/auto/GuardOnAbsent.xml
10 ms. Memory: 578560K Free: 402377K (70%)
----------------- Invoking toplevel() on ptolemy.moml.MoMLSimpleApplication@72347c26
----------------- Done invoking toplevel() on ptolemy.moml.MoMLSimpleApplication@72347c26
reloadAllAccessors: .GuardOnAbsent

===========================================================================================
----------------- testing Mon Dec 10 03:02:14 UTC 2018 /home/travis/build/icyphy/ptII/ptolemy/domains/modal/test/auto/HierarchicalFSMTypeInference.xml
----------------- Instantiating /home/travis/build/icyphy/ptII/ptolemy/domains/modal/test/auto/HierarchicalFSMTypeInference.xml
2 ms. Memory: 578560K Free: 383864K (66%)
----------------- Invoking toplevel() on ptolemy.moml.MoMLSimpleApplication@6de8921e
----------------- Done invoking toplevel() on ptolemy.moml.MoMLSimpleApplication@6de8921e
reloadAllAccessors: .HierarchicalFSMTypeInference

===========================================================================================
----------------- testing Mon Dec 10 03:02:14 UTC 2018 /home/travis/build/icyphy/ptII/ptolemy/domains/modal/test/auto/Hysteresis.xml
----------------- Instantiating /home/travis/build/icyphy/ptII/ptolemy/domains/modal/test/auto/Hysteresis.xml
10 ms. Memory: 578560K Free: 364278K (63%)
----------------- Invoking toplevel() on ptolemy.moml.MoMLSimpleApplication@3ca60190
----------------- Done invoking toplevel() on ptolemy.moml.MoMLSimpleApplication@3ca60190
reloadAllAccessors: .Hysteresis

===========================================================================================
----------------- testing Mon Dec 10 03:02:14 UTC 2018 /home/travis/build/icyphy/ptII/ptolemy/domains/modal/test/auto/HysteresisWithDefault.xml
----------------- Instantiating /home/travis/build/icyphy/ptII/ptolemy/domains/modal/test/auto/HysteresisWithDefault.xml
30 ms. Memory: 578560K Free: 336003K (58%)
----------------- Invoking toplevel() on ptolemy.moml.MoMLSimpleApplication@4e586b4b
----------------- Done invoking toplevel() on ptolemy.moml.MoMLSimpleApplication@4e586b4b
reloadAllAccessors: .HysteresisWithDefault

===========================================================================================
----------------- testing Mon Dec 10 03:02:14 UTC 2018 /home/travis/build/icyphy/ptII/ptolemy/domains/modal/test/auto/HysteresisWithDefault2.xml
----------------- Instantiating /home/travis/build/icyphy/ptII/ptolemy/domains/modal/test/auto/HysteresisWithDefault2.xml
41 ms. Memory: 578560K Free: 303368K (52%)
----------------- Invoking toplevel() on ptolemy.moml.MoMLSimpleApplication@78ea42c7
----------------- Done invoking toplevel() on ptolemy.moml.MoMLSimpleApplication@78ea42c7
reloadAllAccessors: .HysteresisWithDefault2

===========================================================================================
----------------- testing Mon Dec 10 03:02:14 UTC 2018 /home/travis/build/icyphy/ptII/ptolemy/domains/modal/test/auto/ImmediateNonConstructiveness.xml
----------------- Instantiating /home/travis/build/icyphy/ptII/ptolemy/domains/modal/test/auto/ImmediateNonConstructiveness.xml
4 ms. Memory: 578560K Free: 293598K (51%)
----------------- Invoking toplevel() on ptolemy.moml.MoMLSimpleApplication@4c125366
----------------- Done invoking toplevel() on ptolemy.moml.MoMLSimpleApplication@4c125366
reloadAllAccessors: .ImmediateNonConstructiveness

===========================================================================================
----------------- testing Mon Dec 10 03:02:14 UTC 2018 /home/travis/build/icyphy/ptII/ptolemy/domains/modal/test/auto/ImmediateNonConstructiveness2.xml
----------------- Instantiating /home/travis/build/icyphy/ptII/ptolemy/domains/modal/test/auto/ImmediateNonConstructiveness2.xml
2 ms. Memory: 578560K Free: 281613K (49%)
----------------- Invoking toplevel() on ptolemy.moml.MoMLSimpleApplication@6adb8dcb
----------------- Done invoking toplevel() on ptolemy.moml.MoMLSimpleApplication@6adb8dcb
reloadAllAccessors: .ImmediateNonConstructiveness2

===========================================================================================
----------------- testing Mon Dec 10 03:02:14 UTC 2018 /home/travis/build/icyphy/ptII/ptolemy/domains/modal/test/auto/ImmediateTransitionReset.xml
----------------- Instantiating /home/travis/build/icyphy/ptII/ptolemy/domains/modal/test/auto/ImmediateTransitionReset.xml
5 ms. Memory: 578560K Free: 265315K (46%)
----------------- Invoking toplevel() on ptolemy.moml.MoMLSimpleApplication@200323c2
----------------- Done invoking toplevel() on ptolemy.moml.MoMLSimpleApplication@200323c2
reloadAllAccessors: .ImmediateTransitionReset

===========================================================================================
----------------- testing Mon Dec 10 03:02:14 UTC 2018 /home/travis/build/icyphy/ptII/ptolemy/domains/modal/test/auto/ImmediateTransitions1.xml
----------------- Instantiating /home/travis/build/icyphy/ptII/ptolemy/domains/modal/test/auto/ImmediateTransitions1.xml
2 ms. Memory: 578560K Free: 255530K (44%)
----------------- Invoking toplevel() on ptolemy.moml.MoMLSimpleApplication@45a15c2d
----------------- Done invoking toplevel() on ptolemy.moml.MoMLSimpleApplication@45a15c2d
reloadAllAccessors: .ImmediateTransitions1

===========================================================================================
----------------- testing Mon Dec 10 03:02:14 UTC 2018 /home/travis/build/icyphy/ptII/ptolemy/domains/modal/test/auto/ImmediateTransitionsInstantaneousCommunication.xml
----------------- Instantiating /home/travis/build/icyphy/ptII/ptolemy/domains/modal/test/auto/ImmediateTransitionsInstantaneousCommunication.xml
4 ms. Memory: 578560K Free: 237017K (41%)
----------------- Invoking toplevel() on ptolemy.moml.MoMLSimpleApplication@115a9553
----------------- Done invoking toplevel() on ptolemy.moml.MoMLSimpleApplication@115a9553
reloadAllAccessors: .ImmediateTransitionsInstantaneousCommunication

===========================================================================================
----------------- testing Mon Dec 10 03:02:14 UTC 2018 /home/travis/build/icyphy/ptII/ptolemy/domains/modal/test/auto/InitialImmediateTransition.xml
----------------- Instantiating /home/travis/build/icyphy/ptII/ptolemy/domains/modal/test/auto/InitialImmediateTransition.xml
3 ms. Memory: 578560K Free: 227232K (39%)
----------------- Invoking toplevel() on ptolemy.moml.MoMLSimpleApplication@53629f9a
----------------- Done invoking toplevel() on ptolemy.moml.MoMLSimpleApplication@53629f9a
reloadAllAccessors: .InitialImmediateTransition

===========================================================================================
----------------- testing Mon Dec 10 03:02:14 UTC 2018 /home/travis/build/icyphy/ptII/ptolemy/domains/modal/test/auto/InitialOutputs.xml
----------------- Instantiating /home/travis/build/icyphy/ptII/ptolemy/domains/modal/test/auto/InitialOutputs.xml
2 ms. Memory: 578560K Free: 217447K (38%)
----------------- Invoking toplevel() on ptolemy.moml.MoMLSimpleApplication@580c4605
----------------- Done invoking toplevel() on ptolemy.moml.MoMLSimpleApplication@580c4605
reloadAllAccessors: .InitialOutputs

===========================================================================================
----------------- testing Mon Dec 10 03:02:14 UTC 2018 /home/travis/build/icyphy/ptII/ptolemy/domains/modal/test/auto/InitialStateTransition1.xml
----------------- Instantiating /home/travis/build/icyphy/ptII/ptolemy/domains/modal/test/auto/InitialStateTransition1.xml
2 ms. Memory: 578560K Free: 202221K (35%)
----------------- Invoking toplevel() on ptolemy.moml.MoMLSimpleApplication@3b50b769
----------------- Done invoking toplevel() on ptolemy.moml.MoMLSimpleApplication@3b50b769
reloadAllAccessors: .InitialStateTransition1

===========================================================================================
----------------- testing Mon Dec 10 03:02:14 UTC 2018 /home/travis/build/icyphy/ptII/ptolemy/domains/modal/test/auto/InitialStateTransition2.xml
----------------- Instantiating /home/travis/build/icyphy/ptII/ptolemy/domains/modal/test/auto/InitialStateTransition2.xml
.InitialStateTransition2.TestExceptionAttributeNonConstructive: initialize() was not invoked, but wrapup() was.  This is unusual, but not always a problem.  For example, exporting JNLP will do this.
1 ms. Memory: 578560K Free: 189195K (33%)
----------------- Invoking toplevel() on ptolemy.moml.MoMLSimpleApplication@f12a64e
----------------- Done invoking toplevel() on ptolemy.moml.MoMLSimpleApplication@f12a64e
reloadAllAccessors: .InitialStateTransition2

===========================================================================================
----------------- testing Mon Dec 10 03:02:15 UTC 2018 /home/travis/build/icyphy/ptII/ptolemy/domains/modal/test/auto/InitialStateTransition3.xml
----------------- Instantiating /home/travis/build/icyphy/ptII/ptolemy/domains/modal/test/auto/InitialStateTransition3.xml
3 ms. Memory: 578560K Free: 173970K (30%)
----------------- Invoking toplevel() on ptolemy.moml.MoMLSimpleApplication@92519ad
----------------- Done invoking toplevel() on ptolemy.moml.MoMLSimpleApplication@92519ad
reloadAllAccessors: .InitialStateTransition3

===========================================================================================
----------------- testing Mon Dec 10 03:02:15 UTC 2018 /home/travis/build/icyphy/ptII/ptolemy/domains/modal/test/auto/InitialStateTransition4.xml
----------------- Instantiating /home/travis/build/icyphy/ptII/ptolemy/domains/modal/test/auto/InitialStateTransition4.xml
2 ms. Memory: 578560K Free: 160929K (28%)
----------------- Invoking toplevel() on ptolemy.moml.MoMLSimpleApplication@36e6b3b5
----------------- Done invoking toplevel() on ptolemy.moml.MoMLSimpleApplication@36e6b3b5
[...]
----------------- Done invoking toplevel() on ptolemy.moml.MoMLSimpleApplication@44beec19
reloadAllAccessors: .TerminationTransition3

===========================================================================================
----------------- testing Mon Dec 10 03:02:16 UTC 2018 /home/travis/build/icyphy/ptII/ptolemy/domains/modal/test/auto/TerminationTransition4.xml
----------------- Instantiating /home/travis/build/icyphy/ptII/ptolemy/domains/modal/test/auto/TerminationTransition4.xml
2 ms. Memory: 871936K Free: 840039K (96%)
----------------- Invoking toplevel() on ptolemy.moml.MoMLSimpleApplication@312f4fec
----------------- Done invoking toplevel() on ptolemy.moml.MoMLSimpleApplication@312f4fec
reloadAllAccessors: .TerminationTransition4

===========================================================================================
----------------- testing Mon Dec 10 03:02:16 UTC 2018 /home/travis/build/icyphy/ptII/ptolemy/domains/modal/test/auto/TerminationTransition5.xml
----------------- Instantiating /home/travis/build/icyphy/ptII/ptolemy/domains/modal/test/auto/TerminationTransition5.xml
2 ms. Memory: 871936K Free: 817318K (94%)
----------------- Invoking toplevel() on ptolemy.moml.MoMLSimpleApplication@2d3ba163
----------------- Done invoking toplevel() on ptolemy.moml.MoMLSimpleApplication@2d3ba163
reloadAllAccessors: .TerminationTransition5

===========================================================================================
----------------- testing Mon Dec 10 03:02:16 UTC 2018 /home/travis/build/icyphy/ptII/ptolemy/domains/modal/test/auto/TerminationTransition6.xml
----------------- Instantiating /home/travis/build/icyphy/ptII/ptolemy/domains/modal/test/auto/TerminationTransition6.xml
2 ms. Memory: 871936K Free: 801673K (92%)
----------------- Invoking toplevel() on ptolemy.moml.MoMLSimpleApplication@2ed2b790
----------------- Done invoking toplevel() on ptolemy.moml.MoMLSimpleApplication@2ed2b790
reloadAllAccessors: .TerminationTransition6

===========================================================================================
----------------- testing Mon Dec 10 03:02:16 UTC 2018 /home/travis/build/icyphy/ptII/ptolemy/domains/modal/test/auto/TerminationTransition7.xml
----------------- Instantiating /home/travis/build/icyphy/ptII/ptolemy/domains/modal/test/auto/TerminationTransition7.xml
2 ms. Memory: 871936K Free: 784001K (90%)
----------------- Invoking toplevel() on ptolemy.moml.MoMLSimpleApplication@6d660028
----------------- Done invoking toplevel() on ptolemy.moml.MoMLSimpleApplication@6d660028
reloadAllAccessors: .TerminationTransition7

===========================================================================================
----------------- testing Mon Dec 10 03:02:16 UTC 2018 /home/travis/build/icyphy/ptII/ptolemy/domains/modal/test/auto/TerminationTransition8.xml
----------------- Instantiating /home/travis/build/icyphy/ptII/ptolemy/domains/modal/test/auto/TerminationTransition8.xml
1 ms. Memory: 871936K Free: 768349K (88%)
----------------- Invoking toplevel() on ptolemy.moml.MoMLSimpleApplication@343d3adc
----------------- Done invoking toplevel() on ptolemy.moml.MoMLSimpleApplication@343d3adc
reloadAllAccessors: .TerminationTransition8

===========================================================================================
----------------- testing Mon Dec 10 03:02:16 UTC 2018 /home/travis/build/icyphy/ptII/ptolemy/domains/modal/test/auto/Thermostat_NoHysteresis.xml
----------------- Instantiating /home/travis/build/icyphy/ptII/ptolemy/domains/modal/test/auto/Thermostat_NoHysteresis.xml
19 ms. Memory: 871936K Free: 735203K (84%)
----------------- Invoking toplevel() on ptolemy.moml.MoMLSimpleApplication@621cbffb
----------------- Done invoking toplevel() on ptolemy.moml.MoMLSimpleApplication@621cbffb
reloadAllAccessors: .Thermostat_NoHysteresis

===========================================================================================
----------------- testing Mon Dec 10 03:02:17 UTC 2018 /home/travis/build/icyphy/ptII/ptolemy/domains/modal/test/auto/TimedFSM.xml
----------------- Instantiating /home/travis/build/icyphy/ptII/ptolemy/domains/modal/test/auto/TimedFSM.xml
5 ms. Memory: 871936K Free: 719550K (83%)
----------------- Invoking toplevel() on ptolemy.moml.MoMLSimpleApplication@4bd08b9c
----------------- Done invoking toplevel() on ptolemy.moml.MoMLSimpleApplication@4bd08b9c
reloadAllAccessors: .TimedFSM

===========================================================================================
----------------- testing Mon Dec 10 03:02:17 UTC 2018 /home/travis/build/icyphy/ptII/ptolemy/domains/modal/test/auto/Timeout1.xml
----------------- Instantiating /home/travis/build/icyphy/ptII/ptolemy/domains/modal/test/auto/Timeout1.xml
7 ms. Memory: 871936K Free: 707269K (81%)
----------------- Invoking toplevel() on ptolemy.moml.MoMLSimpleApplication@43e46182
----------------- Done invoking toplevel() on ptolemy.moml.MoMLSimpleApplication@43e46182
reloadAllAccessors: .Timeout1

===========================================================================================
----------------- testing Mon Dec 10 03:02:17 UTC 2018 /home/travis/build/icyphy/ptII/ptolemy/domains/modal/test/auto/Timeout2.xml
----------------- Instantiating /home/travis/build/icyphy/ptII/ptolemy/domains/modal/test/auto/Timeout2.xml
4 ms. Memory: 871936K Free: 691617K (79%)
----------------- Invoking toplevel() on ptolemy.moml.MoMLSimpleApplication@74353ded
----------------- Done invoking toplevel() on ptolemy.moml.MoMLSimpleApplication@74353ded
reloadAllAccessors: .Timeout2

===========================================================================================
----------------- testing Mon Dec 10 03:02:17 UTC 2018 /home/travis/build/icyphy/ptII/ptolemy/domains/modal/test/auto/Timeout3.xml
----------------- Instantiating /home/travis/build/icyphy/ptII/ptolemy/domains/modal/test/auto/Timeout3.xml
6 ms. Memory: 871936K Free: 679336K (78%)
----------------- Invoking toplevel() on ptolemy.moml.MoMLSimpleApplication@557a983d
----------------- Done invoking toplevel() on ptolemy.moml.MoMLSimpleApplication@557a983d
reloadAllAccessors: .Timeout3

===========================================================================================
----------------- testing Mon Dec 10 03:02:17 UTC 2018 /home/travis/build/icyphy/ptII/ptolemy/domains/modal/test/auto/Timeout4.xml
----------------- Instantiating /home/travis/build/icyphy/ptII/ptolemy/domains/modal/test/auto/Timeout4.xml
1 ms. Memory: 871936K Free: 668912K (77%)
----------------- Invoking toplevel() on ptolemy.moml.MoMLSimpleApplication@19e327fe
----------------- Done invoking toplevel() on ptolemy.moml.MoMLSimpleApplication@19e327fe
reloadAllAccessors: .Timeout4

===========================================================================================
----------------- testing Mon Dec 10 03:02:17 UTC 2018 /home/travis/build/icyphy/ptII/ptolemy/domains/modal/test/auto/TransientstateModelAdvanced.xml
----------------- Instantiating /home/travis/build/icyphy/ptII/ptolemy/domains/modal/test/auto/TransientstateModelAdvanced.xml
3 ms. Memory: 871936K Free: 646199K (74%)
----------------- Invoking toplevel() on ptolemy.moml.MoMLSimpleApplication@49773b9e
----------------- Done invoking toplevel() on ptolemy.moml.MoMLSimpleApplication@49773b9e
reloadAllAccessors: .TransientstateModelAdvanced

===========================================================================================
----------------- testing Mon Dec 10 03:02:17 UTC 2018 /home/travis/build/icyphy/ptII/ptolemy/domains/modal/test/auto/TransientstateModelAdvanced2.xml
----------------- Instantiating /home/travis/build/icyphy/ptII/ptolemy/domains/modal/test/auto/TransientstateModelAdvanced2.xml
2 ms. Memory: 871936K Free: 625334K (72%)
----------------- Invoking toplevel() on ptolemy.moml.MoMLSimpleApplication@4b381d34
----------------- Done invoking toplevel() on ptolemy.moml.MoMLSimpleApplication@4b381d34
reloadAllAccessors: .transientstatemodelAdvanced

===========================================================================================
----------------- testing Mon Dec 10 03:02:17 UTC 2018 /home/travis/build/icyphy/ptII/ptolemy/domains/modal/test/auto/TransitionRefinements.xml
----------------- Instantiating /home/travis/build/icyphy/ptII/ptolemy/domains/modal/test/auto/TransitionRefinements.xml
7 ms. Memory: 871936K Free: 607841K (70%)
----------------- Invoking toplevel() on ptolemy.moml.MoMLSimpleApplication@673d9caa
----------------- Done invoking toplevel() on ptolemy.moml.MoMLSimpleApplication@673d9caa
reloadAllAccessors: .TransitionRefinements

===========================================================================================
----------------- testing Mon Dec 10 03:02:17 UTC 2018 /home/travis/build/icyphy/ptII/ptolemy/domains/modal/test/auto/TwoRefinements1.xml
----------------- Instantiating /home/travis/build/icyphy/ptII/ptolemy/domains/modal/test/auto/TwoRefinements1.xml
2 ms. Memory: 871936K Free: 592204K (68%)
----------------- Invoking toplevel() on ptolemy.moml.MoMLSimpleApplication@6d4a41a
----------------- Done invoking toplevel() on ptolemy.moml.MoMLSimpleApplication@6d4a41a
reloadAllAccessors: .TwoRefinements1

===========================================================================================
----------------- testing Mon Dec 10 03:02:17 UTC 2018 /home/travis/build/icyphy/ptII/ptolemy/domains/modal/test/auto/TwoRefinements2.xml
----------------- Instantiating /home/travis/build/icyphy/ptII/ptolemy/domains/modal/test/auto/TwoRefinements2.xml
4 ms. Memory: 871936K Free: 574695K (66%)
----------------- Invoking toplevel() on ptolemy.moml.MoMLSimpleApplication@456b3939
----------------- Done invoking toplevel() on ptolemy.moml.MoMLSimpleApplication@456b3939
reloadAllAccessors: .TwoRefinements2

===========================================================================================
----------------- testing Mon Dec 10 03:02:17 UTC 2018 /home/travis/build/icyphy/ptII/ptolemy/domains/modal/test/auto/WeakImmediateTransition.xml
----------------- Instantiating /home/travis/build/icyphy/ptII/ptolemy/domains/modal/test/auto/WeakImmediateTransition.xml
1 ms. Memory: 871936K Free: 559042K (64%)
----------------- Invoking toplevel() on ptolemy.moml.MoMLSimpleApplication@7893a823
----------------- Done invoking toplevel() on ptolemy.moml.MoMLSimpleApplication@7893a823
reloadAllAccessors: .WeakImmediateTransition

===========================================================================================
----------------- testing Mon Dec 10 03:02:17 UTC 2018 /home/travis/build/icyphy/ptII/ptolemy/domains/modal/test/auto/booleanSelect.xml
----------------- Instantiating /home/travis/build/icyphy/ptII/ptolemy/domains/modal/test/auto/booleanSelect.xml
23 ms. Memory: 871936K Free: 531101K (61%)
----------------- Invoking toplevel() on ptolemy.moml.MoMLSimpleApplication@63392b27
----------------- Done invoking toplevel() on ptolemy.moml.MoMLSimpleApplication@63392b27
reloadAllAccessors: .booleanSelect

===========================================================================================
----------------- testing Mon Dec 10 03:02:17 UTC 2018 /home/travis/build/icyphy/ptII/ptolemy/domains/modal/test/auto/modalChangingParams.xml
----------------- Instantiating /home/travis/build/icyphy/ptII/ptolemy/domains/modal/test/auto/modalChangingParams.xml
0
1
0
2
4
6
8
7
0
2
4
6
8
13
0
2
4
6
8
19
0
2
4
6
8
25
0
2
4
6
8
31
0
2
4
6
8
37
0
2
4
6
8
43
0
2
4
6
8
49
0
2
4
6
8
55
0
2
4
6
8
61
0
2
4
6
8
67
0
2
4
6
8
73
0
2
4
6
8
79
0
2
4
6
8
85
0
2
4
6
8
91
0
2
4
6
8
97
0
2
4
6
8
103
0
2
4
6
8
109
0
2
4
6
8
115
0
2
4
6
8
121
0
2
4
6
8
127
0
2
4
6
8
133
0
2
4
6
8
139
0
2
4
6
8
145
0
2
4
6
8
151
0
2
4
6
8
157
0
2
4
6
8
163
0
2
4
6
8
169
0
2
4
6
8
175
0
2
4
6
8
181
0
2
4
6
8
187
0
2
4
6
8
193
0
2
4
6
8
199
0
2
4
6
8
205
0
2
4
6
8
211
0
2
4
6
8
217
0
2
4
6
8
223
0
2
4
6
8
229
0
2
4
6
8
235
0
2
4
6
8
241
0
2
4
6
8
247
0
2
4
6
8
253
0
2
4
6
8
259
0
2
4
6
8
265
0
2
4
6
8
271
0
2
4
6
8
277
0
2
4
6
8
283
0
2
4
6
8
289
0
2
4
6
8
295
0
2
4
6
8
301
0
2
4
6
8
307
0
2
4
6
8
313
0
2
4
6
8
319
0
2
4
6
8
325
0
2
4
6
8
331
0
2
4
6
8
337
0
2
4
6
8
343
0
2
4
6
8
349
0
2
4
6
8
355
0
2
4
6
8
361
0
2
4
6
8
367
0
2
4
6
8
373
0
2
4
6
8
379
0
2
4
6
8
385
0
2
4
6
8
391
0
2
4
6
8
397
0
2
4
6
8
403
0
2
4
6
8
409
0
2
4
6
8
415
0
2
4
6
8
421
0
2
4
6
8
427
0
2
4
6
8
433
0
2
4
6
8
439
0
2
4
6
8
445
0
2
4
6
8
451
0
2
4
6
8
457
0
2
4
6
8
463
0
2
4
6
8
469
0
2
4
6
8
475
0
2
4
6
8
481
0
2
4
6
8
487
0
2
4
6
8
493
0
2
4
6
8
499
0
2
4
6
8
505
0
2
4
6
8
511
0
2
4
6
8
517
0
2
4
6
8
523
0
2
4
6
8
529
0
2
4
6
8
535
0
2
4
6
8
541
0
2
4
6
8
547
0
2
4
6
8
553
0
2
4
6
8
559
0
2
4
6
8
565
0
2
4
6
8
571
0
2
4
6
8
577
0
2
4
6
8
583
0
2
4
6
8
589
0
2
4
6
8
595
0
2
4
6
8
601
0
2
4
6
8
607
0
2
4
6
8
613
0
2
4
6
8
619
0
2
4
6
8
625
0
2
4
6
8
631
0
2
4
6
8
637
0
2
4
6
8
643
0
2
4
6
8
649
0
2
4
6
8
655
0
2
4
6
8
661
0
2
4
6
8
667
0
2
4
6
8
673
0
2
4
6
8
679
0
2
4
6
8
685
0
2
4
6
8
691
0
2
4
6
8
697
0
2
4
6
8
703
0
2
4
6
8
709
0
2
4
6
8
715
0
2
4
6
8
721
0
2
4
6
8
727
0
2
4
6
8
733
0
2
4
6
8
739
0
2
4
6
8
745
0
2
4
6
8
751
0
2
4
6
8
757
0
2
4
6
8
763
0
2
4
6
8
769
0
2
4
6
8
775
0
2
4
6
8
781
0
2
4
6
8
787
0
2
4
6
8
793
0
2
4
6
8
799
0
2
4
6
8
805
0
2
4
6
8
811
0
2
4
6
8
817
0
2
4
6
8
823
0
2
4
6
8
829
0
2
4
6
8
835
0
2
4
6
8
841
0
2
4
6
8
847
0
2
4
6
8
853
0
2
4
6
8
859
0
2
4
6
8
865
0
2
4
6
8
871
0
2
4
6
8
877
0
2
4
6
8
883
0
2
4
6
8
889
0
2
4
6
8
895
0
2
4
6
8
901
0
2
4
6
8
907
0
2
4
6
8
913
0
2
4
6
8
919
0
2
4
6
8
925
0
2
4
6
8
931
0
2
4
6
8
937
0
2
4
6
8
943
0
2
4
6
8
949
0
2
4
6
8
955
0
2
4
6
8
961
0
2
4
6
8
967
0
2
4
6
8
973
0
2
4
6
8
979
0
2
4
6
8
985
0
2
4
6
8
991
0
2
4
6
8
997
0
2
201 ms. Memory: 871936K Free: 416241K (48%)
----------------- Invoking toplevel() on ptolemy.moml.MoMLSimpleApplication@4db3863c
----------------- Done invoking toplevel() on ptolemy.moml.MoMLSimpleApplication@4db3863c
reloadAllAccessors: .modalChangingParams

===========================================================================================
----------------- testing Mon Dec 10 03:02:17 UTC 2018 /home/travis/build/icyphy/ptII/ptolemy/domains/modal/test/auto/modalModel.xml
----------------- Instantiating /home/travis/build/icyphy/ptII/ptolemy/domains/modal/test/auto/modalModel.xml
17 ms. Memory: 871936K Free: 400589K (46%)
----------------- Invoking toplevel() on ptolemy.moml.MoMLSimpleApplication@5c55f22c
----------------- Done invoking toplevel() on ptolemy.moml.MoMLSimpleApplication@5c55f22c
reloadAllAccessors: .modalModel

===========================================================================================
----------------- testing Mon Dec 10 03:02:17 UTC 2018 /home/travis/build/icyphy/ptII/ptolemy/domains/modal/test/auto/modalModel2.xml
----------------- Instantiating /home/travis/build/icyphy/ptII/ptolemy/domains/modal/test/auto/modalModel2.xml
6 ms. Memory: 871936K Free: 383095K (44%)
----------------- Invoking toplevel() on ptolemy.moml.MoMLSimpleApplication@2c5fa339
----------------- Done invoking toplevel() on ptolemy.moml.MoMLSimpleApplication@2c5fa339
reloadAllAccessors: .modalModel2

===========================================================================================
----------------- testing Mon Dec 10 03:02:17 UTC 2018 /home/travis/build/icyphy/ptII/ptolemy/domains/modal/test/auto/modalModel3.xml
----------------- Instantiating /home/travis/build/icyphy/ptII/ptolemy/domains/modal/test/auto/modalModel3.xml
0	0	0
3	2	1
6	4	2
9	6	3
4	0	4
7	2	5
10	4	6
13	6	7
8	0	8
11	2	9
14	4	10
17	6	11
12	0	12
15	2	13
18	4	14
9 ms. Memory: 871936K Free: 362239K (42%)
----------------- Invoking toplevel() on ptolemy.moml.MoMLSimpleApplication@6c88d532
----------------- Done invoking toplevel() on ptolemy.moml.MoMLSimpleApplication@6c88d532
reloadAllAccessors: .modalModel3

===========================================================================================
----------------- testing Mon Dec 10 03:02:17 UTC 2018 /home/travis/build/icyphy/ptII/ptolemy/domains/modal/test/auto/model1.xml
----------------- Instantiating /home/travis/build/icyphy/ptII/ptolemy/domains/modal/test/auto/model1.xml
8 ms. Memory: 871936K Free: 349958K (40%)
----------------- Invoking toplevel() on ptolemy.moml.MoMLSimpleApplication@66283e79
----------------- Done invoking toplevel() on ptolemy.moml.MoMLSimpleApplication@66283e79
reloadAllAccessors: .model1

===========================================================================================
----------------- testing Mon Dec 10 03:02:17 UTC 2018 /home/travis/build/icyphy/ptII/ptolemy/domains/modal/test/auto/test-direct-in-out.xml
----------------- Instantiating /home/travis/build/icyphy/ptII/ptolemy/domains/modal/test/auto/test-direct-in-out.xml
4 ms. Memory: 871936K Free: 334314K (38%)
----------------- Invoking toplevel() on ptolemy.moml.MoMLSimpleApplication@59a1058
----------------- Done invoking toplevel() on ptolemy.moml.MoMLSimpleApplication@59a1058
reloadAllAccessors: .test-direct-in-out
AutoTests.java: About to close Vertx.
AutoTests.java: Vertx closed.
]]></system-out>
  <system-err><![CDATA[java.lang.RuntimeException: Execution failed
	at ptolemy.moml.MoMLSimpleApplication$UnloadThread.run(MoMLSimpleApplication.java:402)
Caused by: ptolemy.kernel.util.IllegalActionException: Unknown inputs remain. Possible causality loop:
L_model_1893289564i

  in .CannotAnalysisWithPreemption.model_1893289564_region_1 and .CannotAnalysisWithPreemption.model_1893289564_region_1.L_model_1893289564i
	at ptolemy.actor.sched.FixedPointDirector.postfire(FixedPointDirector.java:515)
	at ptolemy.domains.sr.kernel.SRDirector.postfire(SRDirector.java:417)
	at ptolemy.actor.CompositeActor.postfire(CompositeActor.java:1668)
	at ptolemy.actor.Manager.iterate(Manager.java:852)
	at ptolemy.actor.Manager.execute(Manager.java:369)
	at ptolemy.actor.Manager.run(Manager.java:1263)
	at ptolemy.actor.Manager$PtolemyRunThread.run(Manager.java:1915)
java.lang.reflect.InvocationTargetException
	at sun.reflect.NativeConstructorAccessorImpl.newInstance0(Native Method)
	at sun.reflect.NativeConstructorAccessorImpl.newInstance(NativeConstructorAccessorImpl.java:62)
	at sun.reflect.DelegatingConstructorAccessorImpl.newInstance(DelegatingConstructorAccessorImpl.java:45)
	at java.lang.reflect.Constructor.newInstance(Constructor.java:423)
	at ptolemy.util.test.junit.AutoKnownFailedTests.RunModel(AutoKnownFailedTests.java:105)
	at sun.reflect.NativeMethodAccessorImpl.invoke0(Native Method)
	at sun.reflect.NativeMethodAccessorImpl.invoke(NativeMethodAccessorImpl.java:62)
	at sun.reflect.DelegatingMethodAccessorImpl.invoke(DelegatingMethodAccessorImpl.java:43)
	at java.lang.reflect.Method.invoke(Method.java:498)
	at org.junit.runners.model.FrameworkMethod$1.runReflectiveCall(FrameworkMethod.java:44)
	at org.junit.internal.runners.model.ReflectiveCallable.run(ReflectiveCallable.java:15)
	at org.junit.runners.model.FrameworkMethod.invokeExplosively(FrameworkMethod.java:41)
	at junitparams.internal.InvokeParameterisedMethod.evaluate(InvokeParameterisedMethod.java:102)
	at org.junit.internal.runners.statements.FailOnTimeout$1.run(FailOnTimeout.java:28)
Caused by: ptolemy.kernel.util.IllegalActionException: Unknown inputs remain. Possible causality loop:
L_model_1893289564i

  in .CannotAnalysisWithPreemption.model_1893289564_region_1 and .CannotAnalysisWithPreemption.model_1893289564_region_1.L_model_1893289564i
	at ptolemy.actor.sched.FixedPointDirector.postfire(FixedPointDirector.java:515)
	at ptolemy.domains.sr.kernel.SRDirector.postfire(SRDirector.java:417)
	at ptolemy.actor.CompositeActor.postfire(CompositeActor.java:1668)
	at ptolemy.actor.Manager.iterate(Manager.java:852)
	at ptolemy.actor.Manager.execute(Manager.java:369)
	at ptolemy.actor.Manager.run(Manager.java:1263)
	at ptolemy.actor.Manager$PtolemyRunThread.run(Manager.java:1915)
]]></system-err>
</testsuite>
