<?xml version="1.0" encoding="UTF-8" ?>
<testsuite errors="0" failures="0" hostname="travis-job-32be6180-0cfd-43be-a6ce-26698a149532" name="ptolemy.domains.sdf.test.junit.JUnitTclTest" skipped="0" tests="66" time="19.541" timestamp="2019-04-30T04:15:19">
  <properties>
[...]
</properties>
  <testcase classname="ptolemy.util.test.junit.TclTests" name="[0] /home/travis/build/icyphy/ptII/ptolemy/domains/sdf/test/SDFSchedulerErrors.tcl (RunTclFile)" time="0.618" />
  <testcase classname="ptolemy.util.test.junit.TclTests" name="[1] /home/travis/build/icyphy/ptII/ptolemy/domains/sdf/test/composition.tcl (RunTclFile)" time="0.172" />
  <testcase classname="ptolemy.util.test.junit.TclTests" name="[2] /home/travis/build/icyphy/ptII/ptolemy/domains/sdf/test/cycle.tcl (RunTclFile)" time="0.039" />
  <testcase classname="ptolemy.util.test.junit.AutoKnownFailedTests" name="[0] ThereAreNoKnowFailedTests (RunModel)" time="0.021" />
  <testcase classname="ptolemy.util.test.junit.AutoNameArchTests" name="[0] ThereAreNoAutoArchTests (RunModel)" time="0.007" />
  <testcase classname="ptolemy.util.test.junit.AutoTests" name="[0] /home/travis/build/icyphy/ptII/ptolemy/domains/sdf/test/auto/Array.xml (RunModel)" time="0.173" />
  <testcase classname="ptolemy.util.test.junit.AutoTests" name="[1] /home/travis/build/icyphy/ptII/ptolemy/domains/sdf/test/auto/Butterfly.xml (RunModel)" time="0.173" />
  <testcase classname="ptolemy.util.test.junit.AutoTests" name="[2] /home/travis/build/icyphy/ptII/ptolemy/domains/sdf/test/auto/Expression.xml (RunModel)" time="0.126" />
  <testcase classname="ptolemy.util.test.junit.AutoTests" name="[3] /home/travis/build/icyphy/ptII/ptolemy/domains/sdf/test/auto/Eye.xml (RunModel)" time="0.321" />
  <testcase classname="ptolemy.util.test.junit.AutoTests" name="[4] /home/travis/build/icyphy/ptII/ptolemy/domains/sdf/test/auto/FixFIR.xml (RunModel)" time="0.274" />
  <testcase classname="ptolemy.util.test.junit.AutoTests" name="[5] /home/travis/build/icyphy/ptII/ptolemy/domains/sdf/test/auto/FixPoint.xml (RunModel)" time="0.056" />
  <testcase classname="ptolemy.util.test.junit.AutoTests" name="[6] /home/travis/build/icyphy/ptII/ptolemy/domains/sdf/test/auto/Gravitation.xml (RunModel)" time="3.291" />
  <testcase classname="ptolemy.util.test.junit.AutoTests" name="[7] /home/travis/build/icyphy/ptII/ptolemy/domains/sdf/test/auto/GravitationWithCollisionDetection.xml (RunModel)" time="5.949" />
  <testcase classname="ptolemy.util.test.junit.AutoTests" name="[8] /home/travis/build/icyphy/ptII/ptolemy/domains/sdf/test/auto/HDF.xml (RunModel)" time="0.089" />
  <testcase classname="ptolemy.util.test.junit.AutoTests" name="[9] /home/travis/build/icyphy/ptII/ptolemy/domains/sdf/test/auto/HDFwithTransientStates.xml (RunModel)" time="0.085" />
  <testcase classname="ptolemy.util.test.junit.AutoTests" name="[10] /home/travis/build/icyphy/ptII/ptolemy/domains/sdf/test/auto/HTVQ.xml (RunModel)" time="0.946" />
  <testcase classname="ptolemy.util.test.junit.AutoTests" name="[11] /home/travis/build/icyphy/ptII/ptolemy/domains/sdf/test/auto/InferInitProduction.xml (RunModel)" time="0.042" />
  <testcase classname="ptolemy.util.test.junit.AutoTests" name="[12] /home/travis/build/icyphy/ptII/ptolemy/domains/sdf/test/auto/InferInitProductionDeeper.xml (RunModel)" time="0.041" />
  <testcase classname="ptolemy.util.test.junit.AutoTests" name="[13] /home/travis/build/icyphy/ptII/ptolemy/domains/sdf/test/auto/LMSAdaptive.xml (RunModel)" time="0.076" />
  <testcase classname="ptolemy.util.test.junit.AutoTests" name="[14] /home/travis/build/icyphy/ptII/ptolemy/domains/sdf/test/auto/LogisticMap.xml (RunModel)" time="0.476" />
  <testcase classname="ptolemy.util.test.junit.AutoTests" name="[15] /home/travis/build/icyphy/ptII/ptolemy/domains/sdf/test/auto/MaximumEntropySpectrum.xml (RunModel)" time="0.29" />
  <testcase classname="ptolemy.util.test.junit.AutoTests" name="[16] /home/travis/build/icyphy/ptII/ptolemy/domains/sdf/test/auto/MultirateSDF.xml (RunModel)" time="0.07" />
  <testcase classname="ptolemy.util.test.junit.AutoTests" name="[17] /home/travis/build/icyphy/ptII/ptolemy/domains/sdf/test/auto/MultirateSDFwithTransientStates.xml (RunModel)" time="0.084" />
  <testcase classname="ptolemy.util.test.junit.AutoTests" name="[18] /home/travis/build/icyphy/ptII/ptolemy/domains/sdf/test/auto/NoisySinewave.xml (RunModel)" time="0.062" />
  <testcase classname="ptolemy.util.test.junit.AutoTests" name="[19] /home/travis/build/icyphy/ptII/ptolemy/domains/sdf/test/auto/Objects.xml (RunModel)" time="0.057" />
  <testcase classname="ptolemy.util.test.junit.AutoTests" name="[20] /home/travis/build/icyphy/ptII/ptolemy/domains/sdf/test/auto/OrthogonalCom.xml (RunModel)" time="0.049" />
  <testcase classname="ptolemy.util.test.junit.AutoTests" name="[21] /home/travis/build/icyphy/ptII/ptolemy/domains/sdf/test/auto/RijndaelEncryption.xml (RunModel)" time="0.451" />
  <testcase classname="ptolemy.util.test.junit.AutoTests" name="[22] /home/travis/build/icyphy/ptII/ptolemy/domains/sdf/test/auto/SDFEmptyIterations.xml (RunModel)" time="0.017" />
  <testcase classname="ptolemy.util.test.junit.AutoTests" name="[23] /home/travis/build/icyphy/ptII/ptolemy/domains/sdf/test/auto/Spectrum.xml (RunModel)" time="0.074" />
  <testcase classname="ptolemy.util.test.junit.AutoTests" name="[24] /home/travis/build/icyphy/ptII/ptolemy/domains/sdf/test/auto/de_inside_sdf.xml (RunModel)" time="0.021" />
  <testcase classname="ptolemy.util.test.junit.AutoTests" name="[25] /home/travis/build/icyphy/ptII/ptolemy/domains/sdf/test/auto/disconnectedHierarchicalSDF.xml (RunModel)" time="0.02" />
  <testcase classname="ptolemy.util.test.junit.AutoTests" name="[26] /home/travis/build/icyphy/ptII/ptolemy/domains/sdf/test/auto/disconnectedSDF.xml (RunModel)" time="0.02" />
  <testcase classname="ptolemy.util.test.junit.AutoTests" name="[27] /home/travis/build/icyphy/ptII/ptolemy/domains/sdf/test/auto/emptyRefinement.xml (RunModel)" time="0.021" />
  <testcase classname="ptolemy.util.test.junit.AutoTests" name="[28] /home/travis/build/icyphy/ptII/ptolemy/domains/sdf/test/auto/filePortParameter.xml (RunModel)" time="0.052" />
  <testcase classname="ptolemy.util.test.junit.AutoTests" name="[29] /home/travis/build/icyphy/ptII/ptolemy/domains/sdf/test/auto/inferRelationWidth1.xml (RunModel)" time="0.018" />
  <testcase classname="ptolemy.util.test.junit.AutoTests" name="[30] /home/travis/build/icyphy/ptII/ptolemy/domains/sdf/test/auto/initProductionInference.xml (RunModel)" time="0.024" />
  <testcase classname="ptolemy.util.test.junit.AutoTests" name="[31] /home/travis/build/icyphy/ptII/ptolemy/domains/sdf/test/auto/relationGroup.xml (RunModel)" time="0.015" />
  <testcase classname="ptolemy.util.test.junit.AutoTests" name="[32] /home/travis/build/icyphy/ptII/ptolemy/domains/sdf/test/auto/relationGroup10.xml (RunModel)" time="0.017" />
  <testcase classname="ptolemy.util.test.junit.AutoTests" name="[33] /home/travis/build/icyphy/ptII/ptolemy/domains/sdf/test/auto/relationGroup11.xml (RunModel)" time="0.015" />
  <testcase classname="ptolemy.util.test.junit.AutoTests" name="[34] /home/travis/build/icyphy/ptII/ptolemy/domains/sdf/test/auto/relationGroup12.xml (RunModel)" time="0.019" />
  <testcase classname="ptolemy.util.test.junit.AutoTests" name="[35] /home/travis/build/icyphy/ptII/ptolemy/domains/sdf/test/auto/relationGroup13.xml (RunModel)" time="0.02" />
  <testcase classname="ptolemy.util.test.junit.AutoTests" name="[36] /home/travis/build/icyphy/ptII/ptolemy/domains/sdf/test/auto/relationGroup14.xml (RunModel)" time="0.017" />
  <testcase classname="ptolemy.util.test.junit.AutoTests" name="[37] /home/travis/build/icyphy/ptII/ptolemy/domains/sdf/test/auto/relationGroup15.xml (RunModel)" time="0.013" />
  <testcase classname="ptolemy.util.test.junit.AutoTests" name="[38] /home/travis/build/icyphy/ptII/ptolemy/domains/sdf/test/auto/relationGroup2.xml (RunModel)" time="0.011" />
  <testcase classname="ptolemy.util.test.junit.AutoTests" name="[39] /home/travis/build/icyphy/ptII/ptolemy/domains/sdf/test/auto/relationGroup3.xml (RunModel)" time="0.011" />
  <testcase classname="ptolemy.util.test.junit.AutoTests" name="[40] /home/travis/build/icyphy/ptII/ptolemy/domains/sdf/test/auto/relationGroup4.xml (RunModel)" time="0.016" />
  <testcase classname="ptolemy.util.test.junit.AutoTests" name="[41] /home/travis/build/icyphy/ptII/ptolemy/domains/sdf/test/auto/relationGroup5.xml (RunModel)" time="0.013" />
  <testcase classname="ptolemy.util.test.junit.AutoTests" name="[42] /home/travis/build/icyphy/ptII/ptolemy/domains/sdf/test/auto/relationGroup6.xml (RunModel)" time="0.016" />
  <testcase classname="ptolemy.util.test.junit.AutoTests" name="[43] /home/travis/build/icyphy/ptII/ptolemy/domains/sdf/test/auto/relationGroup7.xml (RunModel)" time="0.01" />
  <testcase classname="ptolemy.util.test.junit.AutoTests" name="[44] /home/travis/build/icyphy/ptII/ptolemy/domains/sdf/test/auto/relationGroup8.xml (RunModel)" time="0.009" />
  <testcase classname="ptolemy.util.test.junit.AutoTests" name="[45] /home/travis/build/icyphy/ptII/ptolemy/domains/sdf/test/auto/relationGroup9.xml (RunModel)" time="0.02" />
  <testcase classname="ptolemy.util.test.junit.AutoTests" name="[46] /home/travis/build/icyphy/ptII/ptolemy/domains/sdf/test/auto/sdf_inside_de.xml (RunModel)" time="0.057" />
  <testcase classname="ptolemy.util.test.junit.AutoTests" name="[47] /home/travis/build/icyphy/ptII/ptolemy/domains/sdf/test/auto/sdf_inside_pn.xml (RunModel)" time="0.053" />
  <testcase classname="ptolemy.util.test.junit.AutoTests" name="[48] /home/travis/build/icyphy/ptII/ptolemy/domains/sdf/test/auto/sdf_sdf1.xml (RunModel)" time="0.018" />
  <testcase classname="ptolemy.util.test.junit.AutoTests" name="[49] /home/travis/build/icyphy/ptII/ptolemy/domains/sdf/test/auto/test1.xml (RunModel)" time="0.02" />
  <testcase classname="ptolemy.util.test.junit.AutoTests" name="[50] /home/travis/build/icyphy/ptII/ptolemy/domains/sdf/test/auto/time1.xml (RunModel)" time="0.011" />
  <testcase classname="ptolemy.util.test.junit.AutoTests" name="[51] /home/travis/build/icyphy/ptII/ptolemy/domains/sdf/test/auto/time2.xml (RunModel)" time="0.011" />
  <testcase classname="ptolemy.util.test.junit.AutoTests" name="[52] /home/travis/build/icyphy/ptII/ptolemy/domains/sdf/test/auto/time3.xml (RunModel)" time="0.025" />
  <testcase classname="ptolemy.util.test.junit.AutoTests" name="[53] /home/travis/build/icyphy/ptII/ptolemy/domains/sdf/test/auto/time4.xml (RunModel)" time="0.02" />
  <testcase classname="ptolemy.util.test.junit.AutoTests" name="[54] /home/travis/build/icyphy/ptII/ptolemy/domains/sdf/test/auto/time5.xml (RunModel)" time="4.01" />
  <testcase classname="ptolemy.util.test.junit.AutoTests" name="[55] /home/travis/build/icyphy/ptII/ptolemy/domains/sdf/test/auto/typeSystem_Const_Integer_smallest_Type.xml (RunModel)" time="0.05" />
  <testcase classname="ptolemy.util.test.junit.AutoTests" name="[56] /home/travis/build/icyphy/ptII/ptolemy/domains/sdf/test/auto/typeSystem_declared_Inports_OutportTypeException.xml (RunModel)" time="0.026" />
  <testcase classname="ptolemy.util.test.junit.AutoTests" name="[57] /home/travis/build/icyphy/ptII/ptolemy/domains/sdf/test/auto/typeSystem_oneDeclaredInportType_wrongTypeOutport.xml (RunModel)" time="0.044" />
  <testcase classname="ptolemy.util.test.junit.AutoTests" name="[58] /home/travis/build/icyphy/ptII/ptolemy/domains/sdf/test/auto/width.xml (RunModel)" time="0.012" />
  <testcase classname="ptolemy.util.test.junit.AutoTests" name="[59] /home/travis/build/icyphy/ptII/ptolemy/domains/sdf/test/auto/width2.xml (RunModel)" time="0.051" />
  <testcase classname="ptolemy.util.test.junit.AutoTests" name="[60] /home/travis/build/icyphy/ptII/ptolemy/domains/sdf/test/auto/width3.xml (RunModel)" time="0.036" />
  <system-out><![CDATA[/home/travis/build/icyphy/ptII/ptolemy/domains/sdf/test/SDFSchedulerErrors.tcl
testDefs.tcl: setting time out to 9000 seconds at Tue Apr 30 04:15:19 UTC 2019
20 ms. Memory: 116224K Free: 108780K (94%)
5 ms. Memory: 116224K Free: 101851K (88%)
5 ms. Memory: 116224K Free: 95449K (82%)
2 ms. Memory: 116224K Free: 92388K (79%)
/home/travis/build/icyphy/ptII/ptolemy/domains/sdf/test/composition.tcl
29 ms. Memory: 116224K Free: 88787K (76%)
6 ms. Memory: 116224K Free: 87004K (75%)
/home/travis/build/icyphy/ptII/ptolemy/domains/sdf/test/cycle.tcl
.Toplevel.Director Preinitializing ...
Invoking preinitialize():  .Toplevel.Actor1
Invoking preinitialize():  .Toplevel.Actor2
Invoking preinitialize():  .Toplevel.Delay
.Toplevel.Director Finished preinitialize().
### Schedule:
Execute Schedule{
Fire Actor ptolemy.domains.sdf.kernel.test.SDFTestDelay {.Toplevel.Actor1}
Fire Actor ptolemy.domains.sdf.kernel.test.SDFTestDelay {.Toplevel.Actor2}
Fire Actor ptolemy.domains.sdf.lib.SampleDelay {.Toplevel.Delay}
}
### End schedule
Called initialize().
Invoking initialize():  .Toplevel.Actor1
Initializing actor: .Toplevel.Actor1.
Invoking initialize():  .Toplevel.Actor2
Initializing actor: .Toplevel.Actor2.
Invoking initialize():  .Toplevel.Delay
Initializing actor: .Toplevel.Delay.
Director: Called prefire().
-- Setting current time to 0.0
Director prefire returns true.
The actor .Toplevel.Actor1 will be iterated.
The actor .Toplevel.Actor1 was iterated.
The actor .Toplevel.Actor2 will be iterated.
The actor .Toplevel.Actor2 was iterated.
The actor .Toplevel.Delay will be iterated.
The actor .Toplevel.Delay was iterated.
Director: Called postfire().
Postfire returns: true
Director: Called prefire().
-- Setting current time to 0.0
Director prefire returns true.
The actor .Toplevel.Actor1 will be iterated.
The actor .Toplevel.Actor1 was iterated.
The actor .Toplevel.Actor2 will be iterated.
The actor .Toplevel.Actor2 was iterated.
The actor .Toplevel.Delay will be iterated.
The actor .Toplevel.Delay was iterated.
Director: Called postfire().
Postfire returns: true
Director: Called prefire().
-- Setting current time to 0.0
Director prefire returns true.
The actor .Toplevel.Actor1 will be iterated.
The actor .Toplevel.Actor1 was iterated.
The actor .Toplevel.Actor2 will be iterated.
The actor .Toplevel.Actor2 was iterated.
The actor .Toplevel.Delay will be iterated.
The actor .Toplevel.Delay was iterated.
Director: Called postfire().
Postfire returns: true
Director: Called prefire().
-- Setting current time to 0.0
Director prefire returns true.
The actor .Toplevel.Actor1 will be iterated.
The actor .Toplevel.Actor1 was iterated.
The actor .Toplevel.Actor2 will be iterated.
The actor .Toplevel.Actor2 was iterated.
The actor .Toplevel.Delay will be iterated.
The actor .Toplevel.Delay was iterated.
Director: Called postfire().
Postfire returns: true
Director: Called prefire().
-- Setting current time to 0.0
Director prefire returns true.
The actor .Toplevel.Actor1 will be iterated.
The actor .Toplevel.Actor1 was iterated.
The actor .Toplevel.Actor2 will be iterated.
The actor .Toplevel.Actor2 was iterated.
The actor .Toplevel.Delay will be iterated.
The actor .Toplevel.Delay was iterated.
Director: Called postfire().
Postfire returns: true
Director: Called prefire().
-- Setting current time to 0.0
Director prefire returns true.
The actor .Toplevel.Actor1 will be iterated.
The actor .Toplevel.Actor1 was iterated.
The actor .Toplevel.Actor2 will be iterated.
The actor .Toplevel.Actor2 was iterated.
The actor .Toplevel.Delay will be iterated.
The actor .Toplevel.Delay was iterated.
Reached specified number of iterations: 6
Director: Called wrapup().
11 ms. Memory: 116224K Free: 84610K (73%)
04/30/19 04:15:20
Failed: 0  Total Tests: 8  ((Passed: 8, Newly Passed: 0)  Known Failed: 0) /home/travis/build/icyphy/ptII/ptolemy/domains/sdf/test
No auto/knownFailedTests/*.xml tests in /home/travis/build/icyphy/ptII/ptolemy/domains/sdf/test
No auto/linux-amd64/*.xml tests in /home/travis/build/icyphy/ptII/ptolemy/domains/sdf/test
AutoTests.java: About to close Vertx.
AutoTests.java: Vertx closed.

===========================================================================================
----------------- testing Tue Apr 30 04:15:21 UTC 2019 /home/travis/build/icyphy/ptII/ptolemy/domains/sdf/test/auto/Array.xml
----------------- Instantiating /home/travis/build/icyphy/ptII/ptolemy/domains/sdf/test/auto/Array.xml
28 ms. Memory: 146944K Free: 110050K (75%)
----------------- Invoking toplevel() on ptolemy.moml.MoMLSimpleApplication@7ccc9260
----------------- Done invoking toplevel() on ptolemy.moml.MoMLSimpleApplication@7ccc9260
reloadAllAccessors: .Array

===========================================================================================
----------------- testing Tue Apr 30 04:15:21 UTC 2019 /home/travis/build/icyphy/ptII/ptolemy/domains/sdf/test/auto/Butterfly.xml
----------------- Instantiating /home/travis/build/icyphy/ptII/ptolemy/domains/sdf/test/auto/Butterfly.xml
121 ms. Memory: 146944K Free: 102760K (70%)
----------------- Invoking toplevel() on ptolemy.moml.MoMLSimpleApplication@792fea3a
----------------- Done invoking toplevel() on ptolemy.moml.MoMLSimpleApplication@792fea3a
reloadAllAccessors: .Butterfly

===========================================================================================
----------------- testing Tue Apr 30 04:15:21 UTC 2019 /home/travis/build/icyphy/ptII/ptolemy/domains/sdf/test/auto/Expression.xml
----------------- Instantiating /home/travis/build/icyphy/ptII/ptolemy/domains/sdf/test/auto/Expression.xml
84 ms. Memory: 146944K Free: 97199K (66%)
----------------- Invoking toplevel() on ptolemy.moml.MoMLSimpleApplication@75685877
----------------- Done invoking toplevel() on ptolemy.moml.MoMLSimpleApplication@75685877
reloadAllAccessors: .Expression

===========================================================================================
----------------- testing Tue Apr 30 04:15:21 UTC 2019 /home/travis/build/icyphy/ptII/ptolemy/domains/sdf/test/auto/Eye.xml
----------------- Instantiating /home/travis/build/icyphy/ptII/ptolemy/domains/sdf/test/auto/Eye.xml
169 ms. Memory: 146944K Free: 129550K (88%)
----------------- Invoking toplevel() on ptolemy.moml.MoMLSimpleApplication@2e737ef5
----------------- Done invoking toplevel() on ptolemy.moml.MoMLSimpleApplication@2e737ef5
reloadAllAccessors: .Eye

===========================================================================================
----------------- testing Tue Apr 30 04:15:21 UTC 2019 /home/travis/build/icyphy/ptII/ptolemy/domains/sdf/test/auto/FixFIR.xml
----------------- Instantiating /home/travis/build/icyphy/ptII/ptolemy/domains/sdf/test/auto/FixFIR.xml
124 ms. Memory: 146944K Free: 92998K (63%)
----------------- Invoking toplevel() on ptolemy.moml.MoMLSimpleApplication@5496317a
----------------- Done invoking toplevel() on ptolemy.moml.MoMLSimpleApplication@5496317a
reloadAllAccessors: .FixFIR

===========================================================================================
----------------- testing Tue Apr 30 04:15:22 UTC 2019 /home/travis/build/icyphy/ptII/ptolemy/domains/sdf/test/auto/FixPoint.xml
----------------- Instantiating /home/travis/build/icyphy/ptII/ptolemy/domains/sdf/test/auto/FixPoint.xml
26 ms. Memory: 146944K Free: 88396K (60%)
----------------- Invoking toplevel() on ptolemy.moml.MoMLSimpleApplication@2cff50b
----------------- Done invoking toplevel() on ptolemy.moml.MoMLSimpleApplication@2cff50b
reloadAllAccessors: .FixPoint

===========================================================================================
----------------- testing Tue Apr 30 04:15:22 UTC 2019 /home/travis/build/icyphy/ptII/ptolemy/domains/sdf/test/auto/Gravitation.xml
----------------- Instantiating /home/travis/build/icyphy/ptII/ptolemy/domains/sdf/test/auto/Gravitation.xml
3170 ms. Memory: 208384K Free: 117323K (56%)
----------------- Invoking toplevel() on ptolemy.moml.MoMLSimpleApplication@7034d257
----------------- Done invoking toplevel() on ptolemy.moml.MoMLSimpleApplication@7034d257
reloadAllAccessors: .Gravitation

===========================================================================================
----------------- testing Tue Apr 30 04:15:25 UTC 2019 /home/travis/build/icyphy/ptII/ptolemy/domains/sdf/test/auto/GravitationWithCollisionDetection.xml
----------------- Instantiating /home/travis/build/icyphy/ptII/ptolemy/domains/sdf/test/auto/GravitationWithCollisionDetection.xml
5761 ms. Memory: 872448K Free: 377109K (43%)
----------------- Invoking toplevel() on ptolemy.moml.MoMLSimpleApplication@3231eb6f
----------------- Done invoking toplevel() on ptolemy.moml.MoMLSimpleApplication@3231eb6f
reloadAllAccessors: .GravitationWithCollisionDetection

===========================================================================================
----------------- testing Tue Apr 30 04:15:31 UTC 2019 /home/travis/build/icyphy/ptII/ptolemy/domains/sdf/test/auto/HDF.xml
----------------- Instantiating /home/travis/build/icyphy/ptII/ptolemy/domains/sdf/test/auto/HDF.xml
24 ms. Memory: 872448K Free: 344905K (40%)
----------------- Invoking toplevel() on ptolemy.moml.MoMLSimpleApplication@36b2cbe5
----------------- Done invoking toplevel() on ptolemy.moml.MoMLSimpleApplication@36b2cbe5
reloadAllAccessors: .HDF

===========================================================================================
----------------- testing Tue Apr 30 04:15:31 UTC 2019 /home/travis/build/icyphy/ptII/ptolemy/domains/sdf/test/auto/HDFwithTransientStates.xml
----------------- Instantiating /home/travis/build/icyphy/ptII/ptolemy/domains/sdf/test/auto/HDFwithTransientStates.xml
37 ms. Memory: 872448K Free: 320972K (37%)
----------------- Invoking toplevel() on ptolemy.moml.MoMLSimpleApplication@3b662cce
----------------- Done invoking toplevel() on ptolemy.moml.MoMLSimpleApplication@3b662cce
reloadAllAccessors: .HDFwithTransientStates

===========================================================================================
----------------- testing Tue Apr 30 04:15:31 UTC 2019 /home/travis/build/icyphy/ptII/ptolemy/domains/sdf/test/auto/HTVQ.xml
----------------- Instantiating /home/travis/build/icyphy/ptII/ptolemy/domains/sdf/test/auto/HTVQ.xml
903 ms. Memory: 872448K Free: 148391K (17%)
----------------- Invoking toplevel() on ptolemy.moml.MoMLSimpleApplication@4b69603d
----------------- Done invoking toplevel() on ptolemy.moml.MoMLSimpleApplication@4b69603d
reloadAllAccessors: .HTVQ

===========================================================================================
----------------- testing Tue Apr 30 04:15:32 UTC 2019 /home/travis/build/icyphy/ptII/ptolemy/domains/sdf/test/auto/InferInitProduction.xml
----------------- Instantiating /home/travis/build/icyphy/ptII/ptolemy/domains/sdf/test/auto/InferInitProduction.xml
11 ms. Memory: 872448K Free: 132703K (15%)
----------------- Invoking toplevel() on ptolemy.moml.MoMLSimpleApplication@45bac7d1
----------------- Done invoking toplevel() on ptolemy.moml.MoMLSimpleApplication@45bac7d1
reloadAllAccessors: .InferInitProduction

===========================================================================================
----------------- testing Tue Apr 30 04:15:32 UTC 2019 /home/travis/build/icyphy/ptII/ptolemy/domains/sdf/test/auto/InferInitProductionDeeper.xml
----------------- Instantiating /home/travis/build/icyphy/ptII/ptolemy/domains/sdf/test/auto/InferInitProductionDeeper.xml
12 ms. Memory: 872448K Free: 117016K (13%)
----------------- Invoking toplevel() on ptolemy.moml.MoMLSimpleApplication@25d1f3be
----------------- Done invoking toplevel() on ptolemy.moml.MoMLSimpleApplication@25d1f3be
reloadAllAccessors: .InferInitProductionDeeper

===========================================================================================
----------------- testing Tue Apr 30 04:15:32 UTC 2019 /home/travis/build/icyphy/ptII/ptolemy/domains/sdf/test/auto/LMSAdaptive.xml
----------------- Instantiating /home/travis/build/icyphy/ptII/ptolemy/domains/sdf/test/auto/LMSAdaptive.xml
13 ms. Memory: 872448K Free: 93468K (11%)
----------------- Invoking toplevel() on ptolemy.moml.MoMLSimpleApplication@1363ff27
----------------- Done invoking toplevel() on ptolemy.moml.MoMLSimpleApplication@1363ff27
reloadAllAccessors: .LMSAdaptive

===========================================================================================
----------------- testing Tue Apr 30 04:15:32 UTC 2019 /home/travis/build/icyphy/ptII/ptolemy/domains/sdf/test/auto/LogisticMap.xml
----------------- Instantiating /home/travis/build/icyphy/ptII/ptolemy/domains/sdf/test/auto/LogisticMap.xml
446 ms. Memory: 872448K Free: 77780K (9%)
----------------- Invoking toplevel() on ptolemy.moml.MoMLSimpleApplication@1cd302d8
----------------- Done invoking toplevel() on ptolemy.moml.MoMLSimpleApplication@1cd302d8
reloadAllAccessors: .LogisticMap

===========================================================================================
----------------- testing Tue Apr 30 04:15:33 UTC 2019 /home/travis/build/icyphy/ptII/ptolemy/domains/sdf/test/auto/MaximumEntropySpectrum.xml
----------------- Instantiating /home/travis/build/icyphy/ptII/ptolemy/domains/sdf/test/auto/MaximumEntropySpectrum.xml
67 ms. Memory: 828416K Free: 750978K (91%)
----------------- Invoking toplevel() on ptolemy.moml.MoMLSimpleApplication@107e80a5
----------------- Done invoking toplevel() on ptolemy.moml.MoMLSimpleApplication@107e80a5
reloadAllAccessors: .MaximumEntropySpectrum

===========================================================================================
----------------- testing Tue Apr 30 04:15:33 UTC 2019 /home/travis/build/icyphy/ptII/ptolemy/domains/sdf/test/auto/MultirateSDF.xml
----------------- Instantiating /home/travis/build/icyphy/ptII/ptolemy/domains/sdf/test/auto/MultirateSDF.xml
24 ms. Memory: 828416K Free: 728226K (88%)
----------------- Invoking toplevel() on ptolemy.moml.MoMLSimpleApplication@ff2da9a
----------------- Done invoking toplevel() on ptolemy.moml.MoMLSimpleApplication@ff2da9a
reloadAllAccessors: .MultirateSDF

===========================================================================================
----------------- testing Tue Apr 30 04:15:33 UTC 2019 /home/travis/build/icyphy/ptII/ptolemy/domains/sdf/test/auto/MultirateSDFwithTransientStates.xml
----------------- Instantiating /home/travis/build/icyphy/ptII/ptolemy/domains/sdf/test/auto/MultirateSDFwithTransientStates.xml
27 ms. Memory: 828416K Free: 703270K (85%)
----------------- Invoking toplevel() on ptolemy.moml.MoMLSimpleApplication@ede0536
----------------- Done invoking toplevel() on ptolemy.moml.MoMLSimpleApplication@ede0536
reloadAllAccessors: .MultirateSDFwithTransientStates

===========================================================================================
----------------- testing Tue Apr 30 04:15:33 UTC 2019 /home/travis/build/icyphy/ptII/ptolemy/domains/sdf/test/auto/NoisySinewave.xml
----------------- Instantiating /home/travis/build/icyphy/ptII/ptolemy/domains/sdf/test/auto/NoisySinewave.xml
15 ms. Memory: 828416K Free: 683333K (82%)
----------------- Invoking toplevel() on ptolemy.moml.MoMLSimpleApplication@2f1f94d1
----------------- Done invoking toplevel() on ptolemy.moml.MoMLSimpleApplication@2f1f94d1
reloadAllAccessors: .NoisySinewave

===========================================================================================
----------------- testing Tue Apr 30 04:15:33 UTC 2019 /home/travis/build/icyphy/ptII/ptolemy/domains/sdf/test/auto/Objects.xml
----------------- Instantiating /home/travis/build/icyphy/ptII/ptolemy/domains/sdf/test/auto/Objects.xml
5 ms. Memory: 828416K Free: 668377K (81%)
----------------- Invoking toplevel() on ptolemy.moml.MoMLSimpleApplication@4407435a
----------------- Done invoking toplevel() on ptolemy.moml.MoMLSimpleApplication@4407435a
reloadAllAccessors: .Objects

===========================================================================================
----------------- testing Tue Apr 30 04:15:33 UTC 2019 /home/travis/build/icyphy/ptII/ptolemy/domains/sdf/test/auto/OrthogonalCom.xml
----------------- Instantiating /home/travis/build/icyphy/ptII/ptolemy/domains/sdf/test/auto/OrthogonalCom.xml
8 ms. Memory: 828416K Free: 653436K (79%)
----------------- Invoking toplevel() on ptolemy.moml.MoMLSimpleApplication@7ebfe367
----------------- Done invoking toplevel() on ptolemy.moml.MoMLSimpleApplication@7ebfe367
reloadAllAccessors: .OrthogonalCom

===========================================================================================
----------------- testing Tue Apr 30 04:15:33 UTC 2019 /home/travis/build/icyphy/ptII/ptolemy/domains/sdf/test/auto/RijndaelEncryption.xml
----------------- Instantiating /home/travis/build/icyphy/ptII/ptolemy/domains/sdf/test/auto/RijndaelEncryption.xml
200 ms. Memory: 828416K Free: 498830K (60%)
----------------- Invoking toplevel() on ptolemy.moml.MoMLSimpleApplication@cea2f7a
----------------- Done invoking toplevel() on ptolemy.moml.MoMLSimpleApplication@cea2f7a
reloadAllAccessors: .RijndaelEncryption

===========================================================================================
----------------- testing Tue Apr 30 04:15:34 UTC 2019 /home/travis/build/icyphy/ptII/ptolemy/domains/sdf/test/auto/SDFEmptyIterations.xml
----------------- Instantiating /home/travis/build/icyphy/ptII/ptolemy/domains/sdf/test/auto/SDFEmptyIterations.xml
5 ms. Memory: 828416K Free: 488869K (59%)
----------------- Invoking toplevel() on ptolemy.moml.MoMLSimpleApplication@7b62a7b1
----------------- Done invoking toplevel() on ptolemy.moml.MoMLSimpleApplication@7b62a7b1
reloadAllAccessors: .SDFEmptyIterations

===========================================================================================
----------------- testing Tue Apr 30 04:15:34 UTC 2019 /home/travis/build/icyphy/ptII/ptolemy/domains/sdf/test/auto/Spectrum.xml
----------------- Instantiating /home/travis/build/icyphy/ptII/ptolemy/domains/sdf/test/auto/Spectrum.xml
30 ms. Memory: 828416K Free: 468949K (57%)
----------------- Invoking toplevel() on ptolemy.moml.MoMLSimpleApplication@37f6741c
----------------- Done invoking toplevel() on ptolemy.moml.MoMLSimpleApplication@37f6741c
reloadAllAccessors: .Spectrum

===========================================================================================
----------------- testing Tue Apr 30 04:15:34 UTC 2019 /home/travis/build/icyphy/ptII/ptolemy/domains/sdf/test/auto/de_inside_sdf.xml
----------------- Instantiating /home/travis/build/icyphy/ptII/ptolemy/domains/sdf/test/auto/de_inside_sdf.xml
4 ms. Memory: 828416K Free: 456190K (55%)
----------------- Invoking toplevel() on ptolemy.moml.MoMLSimpleApplication@4b188840
----------------- Done invoking toplevel() on ptolemy.moml.MoMLSimpleApplication@4b188840
reloadAllAccessors: .de_inside_sdf

===========================================================================================
----------------- testing Tue Apr 30 04:15:34 UTC 2019 /home/travis/build/icyphy/ptII/ptolemy/domains/sdf/test/auto/disconnectedHierarchicalSDF.xml
----------------- Instantiating /home/travis/build/icyphy/ptII/ptolemy/domains/sdf/test/auto/disconnectedHierarchicalSDF.xml
4 ms. Memory: 828416K Free: 446230K (54%)
----------------- Invoking toplevel() on ptolemy.moml.MoMLSimpleApplication@4b2422fc
----------------- Done invoking toplevel() on ptolemy.moml.MoMLSimpleApplication@4b2422fc
reloadAllAccessors: .disconnectedHierarchicalSDF

===========================================================================================
----------------- testing Tue Apr 30 04:15:34 UTC 2019 /home/travis/build/icyphy/ptII/ptolemy/domains/sdf/test/auto/disconnectedSDF.xml
----------------- Instantiating /home/travis/build/icyphy/ptII/ptolemy/domains/sdf/test/auto/disconnectedSDF.xml
2 ms. Memory: 828416K Free: 436270K (53%)
----------------- Invoking toplevel() on ptolemy.moml.MoMLSimpleApplication@6ffb7ee
----------------- Done invoking toplevel() on ptolemy.moml.MoMLSimpleApplication@6ffb7ee
reloadAllAccessors: .disconnectedSDF

===========================================================================================
----------------- testing Tue Apr 30 04:15:34 UTC 2019 /home/travis/build/icyphy/ptII/ptolemy/domains/sdf/test/auto/emptyRefinement.xml
----------------- Instantiating /home/travis/build/icyphy/ptII/ptolemy/domains/sdf/test/auto/emptyRefinement.xml
4 ms. Memory: 828416K Free: 426309K (51%)
----------------- Invoking toplevel() on ptolemy.moml.MoMLSimpleApplication@381c66b2
----------------- Done invoking toplevel() on ptolemy.moml.MoMLSimpleApplication@381c66b2
reloadAllAccessors: .emptyRefinement

===========================================================================================
----------------- testing Tue Apr 30 04:15:34 UTC 2019 /home/travis/build/icyphy/ptII/ptolemy/domains/sdf/test/auto/filePortParameter.xml
----------------- Instantiating /home/travis/build/icyphy/ptII/ptolemy/domains/sdf/test/auto/filePortParameter.xml
13 ms. Memory: 828416K Free: 411353K (50%)
----------------- Invoking toplevel() on ptolemy.moml.MoMLSimpleApplication@12ba9b97
----------------- Done invoking toplevel() on ptolemy.moml.MoMLSimpleApplication@12ba9b97
reloadAllAccessors: .filePortParameter

===========================================================================================
----------------- testing Tue Apr 30 04:15:34 UTC 2019 /home/travis/build/icyphy/ptII/ptolemy/domains/sdf/test/auto/inferRelationWidth1.xml
----------------- Instantiating /home/travis/build/icyphy/ptII/ptolemy/domains/sdf/test/auto/inferRelationWidth1.xml
3 ms. Memory: 828416K Free: 401393K (48%)
----------------- Invoking toplevel() on ptolemy.moml.MoMLSimpleApplication@14b06100
----------------- Done invoking toplevel() on ptolemy.moml.MoMLSimpleApplication@14b06100
reloadAllAccessors: .inferRelationWidth1

===========================================================================================
----------------- testing Tue Apr 30 04:15:34 UTC 2019 /home/travis/build/icyphy/ptII/ptolemy/domains/sdf/test/auto/initProductionInference.xml
----------------- Instantiating /home/travis/build/icyphy/ptII/ptolemy/domains/sdf/test/auto/initProductionInference.xml
10 ms. Memory: 828416K Free: 391433K (47%)
----------------- Invoking toplevel() on ptolemy.moml.MoMLSimpleApplication@4289a8cf
----------------- Done invoking toplevel() on ptolemy.moml.MoMLSimpleApplication@4289a8cf
reloadAllAccessors: .initProductionInference

===========================================================================================
----------------- testing Tue Apr 30 04:15:34 UTC 2019 /home/travis/build/icyphy/ptII/ptolemy/domains/sdf/test/auto/relationGroup.xml
----------------- Instantiating /home/travis/build/icyphy/ptII/ptolemy/domains/sdf/test/auto/relationGroup.xml
2 ms. Memory: 828416K Free: 381473K (46%)
----------------- Invoking toplevel() on ptolemy.moml.MoMLSimpleApplication@647b9e63
----------------- Done invoking toplevel() on ptolemy.moml.MoMLSimpleApplication@647b9e63
reloadAllAccessors: .relationGroup

===========================================================================================
----------------- testing Tue Apr 30 04:15:34 UTC 2019 /home/travis/build/icyphy/ptII/ptolemy/domains/sdf/test/auto/relationGroup10.xml
----------------- Instantiating /home/travis/build/icyphy/ptII/ptolemy/domains/sdf/test/auto/relationGroup10.xml
2 ms. Memory: 828416K Free: 368714K (45%)
----------------- Invoking toplevel() on ptolemy.moml.MoMLSimpleApplication@b52fce0
----------------- Done invoking toplevel() on ptolemy.moml.MoMLSimpleApplication@b52fce0
reloadAllAccessors: .relationGroup10

===========================================================================================
----------------- testing Tue Apr 30 04:15:34 UTC 2019 /home/travis/build/icyphy/ptII/ptolemy/domains/sdf/test/auto/relationGroup11.xml
----------------- Instantiating /home/travis/build/icyphy/ptII/ptolemy/domains/sdf/test/auto/relationGroup11.xml
2 ms. Memory: 828416K Free: 358753K (43%)
----------------- Invoking toplevel() on ptolemy.moml.MoMLSimpleApplication@61d53897
----------------- Done invoking toplevel() on ptolemy.moml.MoMLSimpleApplication@61d53897
reloadAllAccessors: .relationGroup11

===========================================================================================
----------------- testing Tue Apr 30 04:15:34 UTC 2019 /home/travis/build/icyphy/ptII/ptolemy/domains/sdf/test/auto/relationGroup12.xml
----------------- Instantiating /home/travis/build/icyphy/ptII/ptolemy/domains/sdf/test/auto/relationGroup12.xml
2 ms. Memory: 828416K Free: 348793K (42%)
----------------- Invoking toplevel() on ptolemy.moml.MoMLSimpleApplication@55236ddd
----------------- Done invoking toplevel() on ptolemy.moml.MoMLSimpleApplication@55236ddd
reloadAllAccessors: .relationGroup12

===========================================================================================
----------------- testing Tue Apr 30 04:15:34 UTC 2019 /home/travis/build/icyphy/ptII/ptolemy/domains/sdf/test/auto/relationGroup13.xml
----------------- Instantiating /home/travis/build/icyphy/ptII/ptolemy/domains/sdf/test/auto/relationGroup13.xml
3 ms. Memory: 828416K Free: 338833K (41%)
----------------- Invoking toplevel() on ptolemy.moml.MoMLSimpleApplication@b7ef1b
----------------- Done invoking toplevel() on ptolemy.moml.MoMLSimpleApplication@b7ef1b
reloadAllAccessors: .relationGroup13

===========================================================================================
----------------- testing Tue Apr 30 04:15:34 UTC 2019 /home/travis/build/icyphy/ptII/ptolemy/domains/sdf/test/auto/relationGroup14.xml
----------------- Instantiating /home/travis/build/icyphy/ptII/ptolemy/domains/sdf/test/auto/relationGroup14.xml
4 ms. Memory: 828416K Free: 328873K (40%)
----------------- Invoking toplevel() on ptolemy.moml.MoMLSimpleApplication@4a5ec2f0
----------------- Done invoking toplevel() on ptolemy.moml.MoMLSimpleApplication@4a5ec2f0
reloadAllAccessors: .relationGroup14

===========================================================================================
----------------- testing Tue Apr 30 04:15:34 UTC 2019 /home/travis/build/icyphy/ptII/ptolemy/domains/sdf/test/auto/relationGroup15.xml
----------------- Instantiating /home/travis/build/icyphy/ptII/ptolemy/domains/sdf/test/auto/relationGroup15.xml
2 ms. Memory: 828416K Free: 318913K (38%)
----------------- Invoking toplevel() on ptolemy.moml.MoMLSimpleApplication@7c22c33f
----------------- Done invoking toplevel() on ptolemy.moml.MoMLSimpleApplication@7c22c33f
reloadAllAccessors: .relationGroup15

===========================================================================================
----------------- testing Tue Apr 30 04:15:34 UTC 2019 /home/travis/build/icyphy/ptII/ptolemy/domains/sdf/test/auto/relationGroup2.xml
----------------- Instantiating /home/travis/build/icyphy/ptII/ptolemy/domains/sdf/test/auto/relationGroup2.xml
2 ms. Memory: 828416K Free: 308953K (37%)
----------------- Invoking toplevel() on ptolemy.moml.MoMLSimpleApplication@5749bd5
----------------- Done invoking toplevel() on ptolemy.moml.MoMLSimpleApplication@5749bd5
reloadAllAccessors: .relationGroup2

===========================================================================================
----------------- testing Tue Apr 30 04:15:34 UTC 2019 /home/travis/build/icyphy/ptII/ptolemy/domains/sdf/test/auto/relationGroup3.xml
----------------- Instantiating /home/travis/build/icyphy/ptII/ptolemy/domains/sdf/test/auto/relationGroup3.xml
3 ms. Memory: 828416K Free: 298993K (36%)
----------------- Invoking toplevel() on ptolemy.moml.MoMLSimpleApplication@6c655b27
----------------- Done invoking toplevel() on ptolemy.moml.MoMLSimpleApplication@6c655b27
reloadAllAccessors: .relationGroup3

===========================================================================================
----------------- testing Tue Apr 30 04:15:34 UTC 2019 /home/travis/build/icyphy/ptII/ptolemy/domains/sdf/test/auto/relationGroup4.xml
----------------- Instantiating /home/travis/build/icyphy/ptII/ptolemy/domains/sdf/test/auto/relationGroup4.xml
5 ms. Memory: 828416K Free: 286233K (35%)
----------------- Invoking toplevel() on ptolemy.moml.MoMLSimpleApplication@7f36012b
----------------- Done invoking toplevel() on ptolemy.moml.MoMLSimpleApplication@7f36012b
reloadAllAccessors: .relationGroup4

===========================================================================================
----------------- testing Tue Apr 30 04:15:34 UTC 2019 /home/travis/build/icyphy/ptII/ptolemy/domains/sdf/test/auto/relationGroup5.xml
----------------- Instantiating /home/travis/build/icyphy/ptII/ptolemy/domains/sdf/test/auto/relationGroup5.xml
3 ms. Memory: 828416K Free: 276273K (33%)
----------------- Invoking toplevel() on ptolemy.moml.MoMLSimpleApplication@2b66f11b
----------------- Done invoking toplevel() on ptolemy.moml.MoMLSimpleApplication@2b66f11b
reloadAllAccessors: .relationGroup5

===========================================================================================
----------------- testing Tue Apr 30 04:15:34 UTC 2019 /home/travis/build/icyphy/ptII/ptolemy/domains/sdf/test/auto/relationGroup6.xml
----------------- Instantiating /home/travis/build/icyphy/ptII/ptolemy/domains/sdf/test/auto/relationGroup6.xml
5 ms. Memory: 828416K Free: 266313K (32%)
----------------- Invoking toplevel() on ptolemy.moml.MoMLSimpleApplication@cdddb8e
----------------- Done invoking toplevel() on ptolemy.moml.MoMLSimpleApplication@cdddb8e
reloadAllAccessors: .relationGroup6

===========================================================================================
----------------- testing Tue Apr 30 04:15:34 UTC 2019 /home/travis/build/icyphy/ptII/ptolemy/domains/sdf/test/auto/relationGroup7.xml
----------------- Instantiating /home/travis/build/icyphy/ptII/ptolemy/domains/sdf/test/auto/relationGroup7.xml
2 ms. Memory: 828416K Free: 256353K (31%)
----------------- Invoking toplevel() on ptolemy.moml.MoMLSimpleApplication@78a87fae
----------------- Done invoking toplevel() on ptolemy.moml.MoMLSimpleApplication@78a87fae
reloadAllAccessors: .relationGroup7

===========================================================================================
----------------- testing Tue Apr 30 04:15:34 UTC 2019 /home/travis/build/icyphy/ptII/ptolemy/domains/sdf/test/auto/relationGroup8.xml
----------------- Instantiating /home/travis/build/icyphy/ptII/ptolemy/domains/sdf/test/auto/relationGroup8.xml
2 ms. Memory: 828416K Free: 246393K (30%)
----------------- Invoking toplevel() on ptolemy.moml.MoMLSimpleApplication@5d9f5d75
----------------- Done invoking toplevel() on ptolemy.moml.MoMLSimpleApplication@5d9f5d75
reloadAllAccessors: .relationGroup8

===========================================================================================
----------------- testing Tue Apr 30 04:15:34 UTC 2019 /home/travis/build/icyphy/ptII/ptolemy/domains/sdf/test/auto/relationGroup9.xml
----------------- Instantiating /home/travis/build/icyphy/ptII/ptolemy/domains/sdf/test/auto/relationGroup9.xml
6 ms. Memory: 828416K Free: 236433K (29%)
----------------- Invoking toplevel() on ptolemy.moml.MoMLSimpleApplication@16e40b56
----------------- Done invoking toplevel() on ptolemy.moml.MoMLSimpleApplication@16e40b56
reloadAllAccessors: .relationGroup9

===========================================================================================
----------------- testing Tue Apr 30 04:15:34 UTC 2019 /home/travis/build/icyphy/ptII/ptolemy/domains/sdf/test/auto/sdf_inside_de.xml
----------------- Instantiating /home/travis/build/icyphy/ptII/ptolemy/domains/sdf/test/auto/sdf_inside_de.xml
18 ms. Memory: 828416K Free: 221477K (27%)
----------------- Invoking toplevel() on ptolemy.moml.MoMLSimpleApplication@12fad3a3
----------------- Done invoking toplevel() on ptolemy.moml.MoMLSimpleApplication@12fad3a3
reloadAllAccessors: .sdf_inside_de

===========================================================================================
----------------- testing Tue Apr 30 04:15:34 UTC 2019 /home/travis/build/icyphy/ptII/ptolemy/domains/sdf/test/auto/sdf_inside_pn.xml
----------------- Instantiating /home/travis/build/icyphy/ptII/ptolemy/domains/sdf/test/auto/sdf_inside_pn.xml
30 ms. Memory: 828416K Free: 181628K (22%)
----------------- Invoking toplevel() on ptolemy.moml.MoMLSimpleApplication@2be1fba
----------------- Done invoking toplevel() on ptolemy.moml.MoMLSimpleApplication@2be1fba
reloadAllAccessors: .sdf_inside_pn

===========================================================================================
----------------- testing Tue Apr 30 04:15:34 UTC 2019 /home/travis/build/icyphy/ptII/ptolemy/domains/sdf/test/auto/sdf_sdf1.xml
----------------- Instantiating /home/travis/build/icyphy/ptII/ptolemy/domains/sdf/test/auto/sdf_sdf1.xml
3 ms. Memory: 828416K Free: 168869K (20%)
----------------- Invoking toplevel() on ptolemy.moml.MoMLSimpleApplication@3d6bc321
----------------- Done invoking toplevel() on ptolemy.moml.MoMLSimpleApplication@3d6bc321
reloadAllAccessors: .sdf_sdf1

===========================================================================================
----------------- testing Tue Apr 30 04:15:34 UTC 2019 /home/travis/build/icyphy/ptII/ptolemy/domains/sdf/test/auto/test1.xml
----------------- Instantiating /home/travis/build/icyphy/ptII/ptolemy/domains/sdf/test/auto/test1.xml
7 ms. Memory: 828416K Free: 158908K (19%)
----------------- Invoking toplevel() on ptolemy.moml.MoMLSimpleApplication@5d265b7a
----------------- Done invoking toplevel() on ptolemy.moml.MoMLSimpleApplication@5d265b7a
reloadAllAccessors: .test1

===========================================================================================
----------------- testing Tue Apr 30 04:15:34 UTC 2019 /home/travis/build/icyphy/ptII/ptolemy/domains/sdf/test/auto/time1.xml
----------------- Instantiating /home/travis/build/icyphy/ptII/ptolemy/domains/sdf/test/auto/time1.xml
2 ms. Memory: 828416K Free: 148948K (18%)
----------------- Invoking toplevel() on ptolemy.moml.MoMLSimpleApplication@3bdadcf0
----------------- Done invoking toplevel() on ptolemy.moml.MoMLSimpleApplication@3bdadcf0
reloadAllAccessors: .time1

===========================================================================================
----------------- testing Tue Apr 30 04:15:35 UTC 2019 /home/travis/build/icyphy/ptII/ptolemy/domains/sdf/test/auto/time2.xml
----------------- Instantiating /home/travis/build/icyphy/ptII/ptolemy/domains/sdf/test/auto/time2.xml
2 ms. Memory: 828416K Free: 138988K (17%)
----------------- Invoking toplevel() on ptolemy.moml.MoMLSimpleApplication@5f181a63
----------------- Done invoking toplevel() on ptolemy.moml.MoMLSimpleApplication@5f181a63
reloadAllAccessors: .time2

===========================================================================================
----------------- testing Tue Apr 30 04:15:35 UTC 2019 /home/travis/build/icyphy/ptII/ptolemy/domains/sdf/test/auto/time3.xml
----------------- Instantiating /home/travis/build/icyphy/ptII/ptolemy/domains/sdf/test/auto/time3.xml
8 ms. Memory: 828416K Free: 129028K (16%)
----------------- Invoking toplevel() on ptolemy.moml.MoMLSimpleApplication@36b255f8
----------------- Done invoking toplevel() on ptolemy.moml.MoMLSimpleApplication@36b255f8
reloadAllAccessors: .time3

===========================================================================================
----------------- testing Tue Apr 30 04:15:35 UTC 2019 /home/travis/build/icyphy/ptII/ptolemy/domains/sdf/test/auto/time4.xml
----------------- Instantiating /home/travis/build/icyphy/ptII/ptolemy/domains/sdf/test/auto/time4.xml
5 ms. Memory: 828416K Free: 119068K (14%)
----------------- Invoking toplevel() on ptolemy.moml.MoMLSimpleApplication@392d389e
----------------- Done invoking toplevel() on ptolemy.moml.MoMLSimpleApplication@392d389e
reloadAllAccessors: .time4

===========================================================================================
----------------- testing Tue Apr 30 04:15:35 UTC 2019 /home/travis/build/icyphy/ptII/ptolemy/domains/sdf/test/auto/time5.xml
----------------- Instantiating /home/travis/build/icyphy/ptII/ptolemy/domains/sdf/test/auto/time5.xml
4002 ms. Memory: 828416K Free: 109108K (13%)
----------------- Invoking toplevel() on ptolemy.moml.MoMLSimpleApplication@17b0602d
----------------- Done invoking toplevel() on ptolemy.moml.MoMLSimpleApplication@17b0602d
reloadAllAccessors: .time5

===========================================================================================
----------------- testing Tue Apr 30 04:15:39 UTC 2019 /home/travis/build/icyphy/ptII/ptolemy/domains/sdf/test/auto/typeSystem_Const_Integer_smallest_Type.xml
----------------- Instantiating /home/travis/build/icyphy/ptII/ptolemy/domains/sdf/test/auto/typeSystem_Const_Integer_smallest_Type.xml
6 ms. Memory: 828416K Free: 99148K (12%)
----------------- Invoking toplevel() on ptolemy.moml.MoMLSimpleApplication@2be4b5c4
----------------- Done invoking toplevel() on ptolemy.moml.MoMLSimpleApplication@2be4b5c4
reloadAllAccessors: .typeSystem_Const_Integer_smallest_Type

===========================================================================================
----------------- testing Tue Apr 30 04:15:39 UTC 2019 /home/travis/build/icyphy/ptII/ptolemy/domains/sdf/test/auto/typeSystem_declared_Inports_OutportTypeException.xml
----------------- Instantiating /home/travis/build/icyphy/ptII/ptolemy/domains/sdf/test/auto/typeSystem_declared_Inports_OutportTypeException.xml
.typeSystem_declared_Inports_OutportTypeException.TestExceptionAttribute: initialize() was not invoked, but wrapup() was.  This is unusual, but not always a problem.  For example, exporting JNLP will do this.
6 ms. Memory: 828416K Free: 86388K (10%)
----------------- Invoking toplevel() on ptolemy.moml.MoMLSimpleApplication@1a8c5328
----------------- Done invoking toplevel() on ptolemy.moml.MoMLSimpleApplication@1a8c5328
reloadAllAccessors: .typeSystem_declared_Inports_OutportTypeException

===========================================================================================
----------------- testing Tue Apr 30 04:15:39 UTC 2019 /home/travis/build/icyphy/ptII/ptolemy/domains/sdf/test/auto/typeSystem_oneDeclaredInportType_wrongTypeOutport.xml
----------------- Instantiating /home/travis/build/icyphy/ptII/ptolemy/domains/sdf/test/auto/typeSystem_oneDeclaredInportType_wrongTypeOutport.xml
2 ms. Memory: 828416K Free: 76428K (9%)
----------------- Invoking toplevel() on ptolemy.moml.MoMLSimpleApplication@56f83600
----------------- Done invoking toplevel() on ptolemy.moml.MoMLSimpleApplication@56f83600
reloadAllAccessors: .typeSystem_oneDeclaredInportType_wrongTypeOutport

===========================================================================================
----------------- testing Tue Apr 30 04:15:39 UTC 2019 /home/travis/build/icyphy/ptII/ptolemy/domains/sdf/test/auto/width.xml
----------------- Instantiating /home/travis/build/icyphy/ptII/ptolemy/domains/sdf/test/auto/width.xml
3 ms. Memory: 828416K Free: 70405K (8%)
----------------- Invoking toplevel() on ptolemy.moml.MoMLSimpleApplication@ae7ca34
----------------- Done invoking toplevel() on ptolemy.moml.MoMLSimpleApplication@ae7ca34
reloadAllAccessors: .width

===========================================================================================
----------------- testing Tue Apr 30 04:15:39 UTC 2019 /home/travis/build/icyphy/ptII/ptolemy/domains/sdf/test/auto/width2.xml
----------------- Instantiating /home/travis/build/icyphy/ptII/ptolemy/domains/sdf/test/auto/width2.xml
27 ms. Memory: 795136K Free: 769609K (97%)
----------------- Invoking toplevel() on ptolemy.moml.MoMLSimpleApplication@32e20fdb
----------------- Done invoking toplevel() on ptolemy.moml.MoMLSimpleApplication@32e20fdb
reloadAllAccessors: .width2

===========================================================================================
----------------- testing Tue Apr 30 04:15:39 UTC 2019 /home/travis/build/icyphy/ptII/ptolemy/domains/sdf/test/auto/width3.xml
----------------- Instantiating /home/travis/build/icyphy/ptII/ptolemy/domains/sdf/test/auto/width3.xml
26 ms. Memory: 795136K Free: 753543K (95%)
----------------- Invoking toplevel() on ptolemy.moml.MoMLSimpleApplication@21ed17df
----------------- Done invoking toplevel() on ptolemy.moml.MoMLSimpleApplication@21ed17df
reloadAllAccessors: .width3
AutoTests.java: About to close Vertx.
AutoTests.java: Vertx closed.
]]></system-out>
  <system-err><![CDATA[java.lang.RuntimeException: Execution failed
	at ptolemy.moml.MoMLSimpleApplication$UnloadThread.run(MoMLSimpleApplication.java:402)
Caused by: ptolemy.actor.sched.NotSchedulableException: No solution exists for the balance equations.
Graph is not consistent under the SDF domain detected on external port .rateConsistency.actor.port2
  in .rateConsistency.SDF Director.Scheduler
	at ptolemy.domains.sdf.kernel.SDFScheduler._propagatePort(SDFScheduler.java:1425)
	at ptolemy.domains.sdf.kernel.SDFScheduler._solveBalanceEquations(SDFScheduler.java:710)
	at ptolemy.domains.sdf.kernel.SDFScheduler._getSchedule(SDFScheduler.java:566)
	at ptolemy.actor.sched.Scheduler.getSchedule(Scheduler.java:189)
	at ptolemy.domains.sdf.kernel.SDFDirector.createSchedule(SDFDirector.java:408)
	at ptolemy.domains.sdf.kernel.SDFDirector.preinitialize(SDFDirector.java:764)
	at ptolemy.actor.CompositeActor.preinitialize(CompositeActor.java:1828)
	at ptolemy.actor.Manager.preinitializeAndResolveTypes(Manager.java:1040)
	at ptolemy.actor.Manager.initialize(Manager.java:710)
	at ptolemy.actor.Manager.execute(Manager.java:356)
	at ptolemy.actor.Manager.run(Manager.java:1263)
	at ptolemy.actor.Manager$PtolemyRunThread.run(Manager.java:1915)
java.lang.RuntimeException: Execution failed
	at ptolemy.moml.MoMLSimpleApplication$UnloadThread.run(MoMLSimpleApplication.java:402)
Caused by: ptolemy.kernel.util.IllegalActionException: Failed to compute schedule:
  in .badRateChanges.typed composite actor.SDF Director
Because:
The SDF rate parameter may change. This is not allowed in SDF models that will be run through the code generator.  If you don't care about code generation, then you might consider setting the allowRateChanges parameter of the SDF director to false.
  in .badRateChanges.typed composite actor.Repeat.output.tokenProductionRate
	at ptolemy.domains.sdf.kernel.SDFDirector.createSchedule(SDFDirector.java:418)
	at ptolemy.domains.sdf.kernel.SDFDirector.preinitialize(SDFDirector.java:764)
	at ptolemy.actor.CompositeActor.preinitialize(CompositeActor.java:1828)
	at ptolemy.actor.Director.preinitialize(Director.java:1302)
	at ptolemy.actor.Director.preinitialize(Director.java:1257)
	at ptolemy.domains.sdf.kernel.SDFDirector.preinitialize(SDFDirector.java:763)
	at ptolemy.actor.CompositeActor.preinitialize(CompositeActor.java:1828)
	at ptolemy.actor.Manager.preinitializeAndResolveTypes(Manager.java:1040)
	at ptolemy.actor.Manager.initialize(Manager.java:710)
	at ptolemy.actor.Manager.execute(Manager.java:356)
	at ptolemy.actor.Manager.run(Manager.java:1263)
	at ptolemy.actor.Manager$PtolemyRunThread.run(Manager.java:1915)
Caused by: ptolemy.kernel.util.IllegalActionException: The SDF rate parameter may change. This is not allowed in SDF models that will be run through the code generator.  If you don't care about code generation, then you might consider setting the allowRateChanges parameter of the SDF director to false.
  in .badRateChanges.typed composite actor.Repeat.output.tokenProductionRate
	at ptolemy.domains.sdf.kernel.SDFScheduler._assertDynamicRateVariable(SDFScheduler.java:931)
	at ptolemy.domains.sdf.kernel.SDFScheduler._checkDynamicRateVariables(SDFScheduler.java:339)
	at ptolemy.domains.sdf.kernel.SDFScheduler._getSchedule(SDFScheduler.java:527)
	at ptolemy.actor.sched.Scheduler.getSchedule(Scheduler.java:189)
	at ptolemy.domains.sdf.kernel.SDFDirector.createSchedule(SDFDirector.java:408)
	... 11 more
java.lang.RuntimeException: Execution failed
	at ptolemy.moml.MoMLSimpleApplication$UnloadThread.run(MoMLSimpleApplication.java:402)
Caused by: ptolemy.kernel.util.IllegalActionException: Failed to compute schedule:
  in .badRateChanges2.typed composite actor.SDF Director
Because:
The SDF rate parameter may change. This is not allowed in SDF models that will be run through the code generator.  If you don't care about code generation, then you might consider setting the allowRateChanges parameter of the SDF director to false.
  in .badRateChanges2.typed composite actor.Repeat.output.tokenProductionRate
	at ptolemy.domains.sdf.kernel.SDFDirector.createSchedule(SDFDirector.java:418)
	at ptolemy.domains.sdf.kernel.SDFDirector.preinitialize(SDFDirector.java:764)
	at ptolemy.actor.CompositeActor.preinitialize(CompositeActor.java:1828)
	at ptolemy.actor.Director.preinitialize(Director.java:1302)
	at ptolemy.actor.Director.preinitialize(Director.java:1257)
	at ptolemy.domains.sdf.kernel.SDFDirector.preinitialize(SDFDirector.java:763)
	at ptolemy.actor.CompositeActor.preinitialize(CompositeActor.java:1828)
	at ptolemy.actor.Manager.preinitializeAndResolveTypes(Manager.java:1040)
	at ptolemy.actor.Manager.initialize(Manager.java:710)
	at ptolemy.actor.Manager.execute(Manager.java:356)
	at ptolemy.actor.Manager.run(Manager.java:1263)
	at ptolemy.actor.Manager$PtolemyRunThread.run(Manager.java:1915)
Caused by: ptolemy.kernel.util.IllegalActionException: The SDF rate parameter may change. This is not allowed in SDF models that will be run through the code generator.  If you don't care about code generation, then you might consider setting the allowRateChanges parameter of the SDF director to false.
  in .badRateChanges2.typed composite actor.Repeat.output.tokenProductionRate
	at ptolemy.domains.sdf.kernel.SDFScheduler._assertDynamicRateVariable(SDFScheduler.java:931)
	at ptolemy.domains.sdf.kernel.SDFScheduler._checkDynamicRateVariables(SDFScheduler.java:339)
	at ptolemy.domains.sdf.kernel.SDFScheduler._getSchedule(SDFScheduler.java:527)
	at ptolemy.actor.sched.Scheduler.getSchedule(Scheduler.java:189)
	at ptolemy.domains.sdf.kernel.SDFDirector.createSchedule(SDFDirector.java:408)
	... 11 more
java.lang.RuntimeException: Execution failed
	at ptolemy.moml.MoMLSimpleApplication$UnloadThread.run(MoMLSimpleApplication.java:402)
Caused by: ptolemy.actor.sched.NotSchedulableException: Actors remain that cannot be scheduled!

There are several possible reasons:
* SDF Graphs with feedback loops should have an actor with a delay in the loop, such as a SampleDelay.
* The SDF director has an "allowDisconnectedGraphs"parameter, which, when true, permits disconnected SDF graphs.
* The token consumption rate and production rates might be mismatched.
Usually, actors produce one token or consume one token on a port.  To produce or consume multiple tokens per firing, add a "tokenConsumptionRate" or "tokenProductionRate" parameter to the appropriate port.
Unscheduled actors:
.partiallyConnected.Const2 
Scheduled actors:
.partiallyConnected.Const 
  in .partiallyConnected.SDF Director.Scheduler
	at ptolemy.domains.sdf.kernel.SDFScheduler._scheduleConnectedActors(SDFScheduler.java:1828)
	at ptolemy.domains.sdf.kernel.SDFScheduler._getSchedule(SDFScheduler.java:587)
	at ptolemy.actor.sched.Scheduler.getSchedule(Scheduler.java:189)
	at ptolemy.domains.sdf.kernel.SDFDirector.createSchedule(SDFDirector.java:408)
	at ptolemy.domains.sdf.kernel.SDFDirector.preinitialize(SDFDirector.java:764)
	at ptolemy.actor.CompositeActor.preinitialize(CompositeActor.java:1828)
	at ptolemy.actor.Manager.preinitializeAndResolveTypes(Manager.java:1040)
	at ptolemy.actor.Manager.initialize(Manager.java:710)
	at ptolemy.actor.Manager.execute(Manager.java:356)
	at ptolemy.actor.Manager.run(Manager.java:1263)
	at ptolemy.actor.Manager$PtolemyRunThread.run(Manager.java:1915)
]]></system-err>
</testsuite>
