<?xml version="1.0" encoding="UTF-8" ?>
<testsuite errors="0" failures="0" hostname="travis-job-616c17fc-0973-4834-8cf3-7876a203d4dc" name="ptolemy.domains.modal.test.junit.JUnitTclTest" skipped="0" tests="148" time="11.353" timestamp="2019-09-21T05:45:33">
  <properties>
[...]
</properties>
  <testcase classname="ptolemy.util.test.junit.TclTests" name="[0] /home/travis/build/icyphy/ptII/ptolemy/domains/modal/test/SystemLevelType.tcl (RunTclFile)" time="2.148" />
  <testcase classname="ptolemy.util.test.junit.AutoKnownFailedTests" name="[0] /home/travis/build/icyphy/ptII/ptolemy/domains/modal/test/auto/knownFailedTests/CannotAnalysisWithPreemption.xml (RunModel)" time="0.365" />
  <testcase classname="ptolemy.util.test.junit.AutoNameArchTests" name="[0] ThereAreNoAutoArchTests (RunModel)" time="0.009" />
  <testcase classname="ptolemy.util.test.junit.AutoTests" name="[0] /home/travis/build/icyphy/ptII/ptolemy/domains/modal/test/auto/ABPTest.xml (RunModel)" time="0.945" />
  <testcase classname="ptolemy.util.test.junit.AutoTests" name="[1] /home/travis/build/icyphy/ptII/ptolemy/domains/modal/test/auto/ABROFlat.xml (RunModel)" time="0.079" />
  <testcase classname="ptolemy.util.test.junit.AutoTests" name="[2] /home/travis/build/icyphy/ptII/ptolemy/domains/modal/test/auto/ABROFlat2.xml (RunModel)" time="0.049" />
  <testcase classname="ptolemy.util.test.junit.AutoTests" name="[3] /home/travis/build/icyphy/ptII/ptolemy/domains/modal/test/auto/ABRO_present_hmm.xml (RunModel)" time="0.142" />
  <testcase classname="ptolemy.util.test.junit.AutoTests" name="[4] /home/travis/build/icyphy/ptII/ptolemy/domains/modal/test/auto/AMICoderExample.xml (RunModel)" time="0.089" />
  <testcase classname="ptolemy.util.test.junit.AutoTests" name="[5] /home/travis/build/icyphy/ptII/ptolemy/domains/modal/test/auto/AbsentToPresent.xml (RunModel)" time="0.028" />
  <testcase classname="ptolemy.util.test.junit.AutoTests" name="[6] /home/travis/build/icyphy/ptII/ptolemy/domains/modal/test/auto/Blending.xml (RunModel)" time="0.278" />
  <testcase classname="ptolemy.util.test.junit.AutoTests" name="[7] /home/travis/build/icyphy/ptII/ptolemy/domains/modal/test/auto/Broadcast.xml (RunModel)" time="0.068" />
  <testcase classname="ptolemy.util.test.junit.AutoTests" name="[8] /home/travis/build/icyphy/ptII/ptolemy/domains/modal/test/auto/BroadcastHierarchy.xml (RunModel)" time="0.085" />
  <testcase classname="ptolemy.util.test.junit.AutoTests" name="[9] /home/travis/build/icyphy/ptII/ptolemy/domains/modal/test/auto/BroadcastHierarchy2.xml (RunModel)" time="0.133" />
  <testcase classname="ptolemy.util.test.junit.AutoTests" name="[10] /home/travis/build/icyphy/ptII/ptolemy/domains/modal/test/auto/BroadcastHierarchy3.xml (RunModel)" time="0.096" />
  <testcase classname="ptolemy.util.test.junit.AutoTests" name="[11] /home/travis/build/icyphy/ptII/ptolemy/domains/modal/test/auto/BroadcastHierarchy4.xml (RunModel)" time="0.097" />
  <testcase classname="ptolemy.util.test.junit.AutoTests" name="[12] /home/travis/build/icyphy/ptII/ptolemy/domains/modal/test/auto/CannotAnalysisWithPreemption2.xml (RunModel)" time="0.047" />
  <testcase classname="ptolemy.util.test.junit.AutoTests" name="[13] /home/travis/build/icyphy/ptII/ptolemy/domains/modal/test/auto/CannotAnalysisWithPreemption3.xml (RunModel)" time="0.047" />
  <testcase classname="ptolemy.util.test.junit.AutoTests" name="[14] /home/travis/build/icyphy/ptII/ptolemy/domains/modal/test/auto/CannotProduce.xml (RunModel)" time="0.034" />
  <testcase classname="ptolemy.util.test.junit.AutoTests" name="[15] /home/travis/build/icyphy/ptII/ptolemy/domains/modal/test/auto/CannotProduceModal.xml (RunModel)" time="0.031" />
  <testcase classname="ptolemy.util.test.junit.AutoTests" name="[16] /home/travis/build/icyphy/ptII/ptolemy/domains/modal/test/auto/Case.xml (RunModel)" time="0.085" />
  <testcase classname="ptolemy.util.test.junit.AutoTests" name="[17] /home/travis/build/icyphy/ptII/ptolemy/domains/modal/test/auto/Case1.xml (RunModel)" time="0.045" />
  <testcase classname="ptolemy.util.test.junit.AutoTests" name="[18] /home/travis/build/icyphy/ptII/ptolemy/domains/modal/test/auto/Case2.xml (RunModel)" time="0.065" />
  <testcase classname="ptolemy.util.test.junit.AutoTests" name="[19] /home/travis/build/icyphy/ptII/ptolemy/domains/modal/test/auto/CausalityInterface1.xml (RunModel)" time="0.04" />
  <testcase classname="ptolemy.util.test.junit.AutoTests" name="[20] /home/travis/build/icyphy/ptII/ptolemy/domains/modal/test/auto/CausalityInterface10.xml (RunModel)" time="0.075" />
  <testcase classname="ptolemy.util.test.junit.AutoTests" name="[21] /home/travis/build/icyphy/ptII/ptolemy/domains/modal/test/auto/CausalityInterface11.xml (RunModel)" time="0.054" />
  <testcase classname="ptolemy.util.test.junit.AutoTests" name="[22] /home/travis/build/icyphy/ptII/ptolemy/domains/modal/test/auto/CausalityInterface12.xml (RunModel)" time="0.057" />
  <testcase classname="ptolemy.util.test.junit.AutoTests" name="[23] /home/travis/build/icyphy/ptII/ptolemy/domains/modal/test/auto/CausalityInterface13.xml (RunModel)" time="0.096" />
  <testcase classname="ptolemy.util.test.junit.AutoTests" name="[24] /home/travis/build/icyphy/ptII/ptolemy/domains/modal/test/auto/CausalityInterface14.xml (RunModel)" time="0.05" />
  <testcase classname="ptolemy.util.test.junit.AutoTests" name="[25] /home/travis/build/icyphy/ptII/ptolemy/domains/modal/test/auto/CausalityInterface2.xml (RunModel)" time="0.025" />
  <testcase classname="ptolemy.util.test.junit.AutoTests" name="[26] /home/travis/build/icyphy/ptII/ptolemy/domains/modal/test/auto/CausalityInterface3.xml (RunModel)" time="0.023" />
  <testcase classname="ptolemy.util.test.junit.AutoTests" name="[27] /home/travis/build/icyphy/ptII/ptolemy/domains/modal/test/auto/CausalityInterface4.xml (RunModel)" time="0.026" />
  <testcase classname="ptolemy.util.test.junit.AutoTests" name="[28] /home/travis/build/icyphy/ptII/ptolemy/domains/modal/test/auto/CausalityInterface5.xml (RunModel)" time="0.029" />
  <testcase classname="ptolemy.util.test.junit.AutoTests" name="[29] /home/travis/build/icyphy/ptII/ptolemy/domains/modal/test/auto/CausalityInterface6.xml (RunModel)" time="0.039" />
  <testcase classname="ptolemy.util.test.junit.AutoTests" name="[30] /home/travis/build/icyphy/ptII/ptolemy/domains/modal/test/auto/CausalityInterface7.xml (RunModel)" time="0.04" />
  <testcase classname="ptolemy.util.test.junit.AutoTests" name="[31] /home/travis/build/icyphy/ptII/ptolemy/domains/modal/test/auto/CausalityInterface8.xml (RunModel)" time="0.032" />
  <testcase classname="ptolemy.util.test.junit.AutoTests" name="[32] /home/travis/build/icyphy/ptII/ptolemy/domains/modal/test/auto/CausalityInterface9.xml (RunModel)" time="0.041" />
  <testcase classname="ptolemy.util.test.junit.AutoTests" name="[33] /home/travis/build/icyphy/ptII/ptolemy/domains/modal/test/auto/ChainedTransitions.xml (RunModel)" time="0.19" />
  <testcase classname="ptolemy.util.test.junit.AutoTests" name="[34] /home/travis/build/icyphy/ptII/ptolemy/domains/modal/test/auto/CycleOfImmediateTransitionsFSM.xml (RunModel)" time="0.024" />
  <testcase classname="ptolemy.util.test.junit.AutoTests" name="[35] /home/travis/build/icyphy/ptII/ptolemy/domains/modal/test/auto/CycleOfImmediateTransitionsModal.xml (RunModel)" time="0.031" />
  <testcase classname="ptolemy.util.test.junit.AutoTests" name="[36] /home/travis/build/icyphy/ptII/ptolemy/domains/modal/test/auto/CycleOfImmediateTransitionsModal2.xml (RunModel)" time="0.034" />
  <testcase classname="ptolemy.util.test.junit.AutoTests" name="[37] /home/travis/build/icyphy/ptII/ptolemy/domains/modal/test/auto/CycleOfImmediateTransitionsModal3.xml (RunModel)" time="0.08" />
  <testcase classname="ptolemy.util.test.junit.AutoTests" name="[38] /home/travis/build/icyphy/ptII/ptolemy/domains/modal/test/auto/DeepModal1.xml (RunModel)" time="0.06" />
  <testcase classname="ptolemy.util.test.junit.AutoTests" name="[39] /home/travis/build/icyphy/ptII/ptolemy/domains/modal/test/auto/DeepModal2.xml (RunModel)" time="0.052" />
  <testcase classname="ptolemy.util.test.junit.AutoTests" name="[40] /home/travis/build/icyphy/ptII/ptolemy/domains/modal/test/auto/DeepModal3.xml (RunModel)" time="0.072" />
  <testcase classname="ptolemy.util.test.junit.AutoTests" name="[41] /home/travis/build/icyphy/ptII/ptolemy/domains/modal/test/auto/DeepModal4.xml (RunModel)" time="0.086" />
  <testcase classname="ptolemy.util.test.junit.AutoTests" name="[42] /home/travis/build/icyphy/ptII/ptolemy/domains/modal/test/auto/Default1.xml (RunModel)" time="0.021" />
  <testcase classname="ptolemy.util.test.junit.AutoTests" name="[43] /home/travis/build/icyphy/ptII/ptolemy/domains/modal/test/auto/Default2.xml (RunModel)" time="0.023" />
  <testcase classname="ptolemy.util.test.junit.AutoTests" name="[44] /home/travis/build/icyphy/ptII/ptolemy/domains/modal/test/auto/Default3.xml (RunModel)" time="0.024" />
  <testcase classname="ptolemy.util.test.junit.AutoTests" name="[45] /home/travis/build/icyphy/ptII/ptolemy/domains/modal/test/auto/Default4.xml (RunModel)" time="0.03" />
  <testcase classname="ptolemy.util.test.junit.AutoTests" name="[46] /home/travis/build/icyphy/ptII/ptolemy/domains/modal/test/auto/Default5.xml (RunModel)" time="0.027" />
  <testcase classname="ptolemy.util.test.junit.AutoTests" name="[47] /home/travis/build/icyphy/ptII/ptolemy/domains/modal/test/auto/EmptyGuard.xml (RunModel)" time="0.034" />
  <testcase classname="ptolemy.util.test.junit.AutoTests" name="[48] /home/travis/build/icyphy/ptII/ptolemy/domains/modal/test/auto/ErrorTransition1.xml (RunModel)" time="0.036" />
  <testcase classname="ptolemy.util.test.junit.AutoTests" name="[49] /home/travis/build/icyphy/ptII/ptolemy/domains/modal/test/auto/ErrorTransition10.xml (RunModel)" time="0.044" />
  <testcase classname="ptolemy.util.test.junit.AutoTests" name="[50] /home/travis/build/icyphy/ptII/ptolemy/domains/modal/test/auto/ErrorTransition11.xml (RunModel)" time="0.037" />
  <testcase classname="ptolemy.util.test.junit.AutoTests" name="[51] /home/travis/build/icyphy/ptII/ptolemy/domains/modal/test/auto/ErrorTransition2.xml (RunModel)" time="0.046" />
  <testcase classname="ptolemy.util.test.junit.AutoTests" name="[52] /home/travis/build/icyphy/ptII/ptolemy/domains/modal/test/auto/ErrorTransition3.xml (RunModel)" time="0.044" />
  <testcase classname="ptolemy.util.test.junit.AutoTests" name="[53] /home/travis/build/icyphy/ptII/ptolemy/domains/modal/test/auto/ErrorTransition4.xml (RunModel)" time="0.047" />
  <testcase classname="ptolemy.util.test.junit.AutoTests" name="[54] /home/travis/build/icyphy/ptII/ptolemy/domains/modal/test/auto/ErrorTransition5.xml (RunModel)" time="0.042" />
  <testcase classname="ptolemy.util.test.junit.AutoTests" name="[55] /home/travis/build/icyphy/ptII/ptolemy/domains/modal/test/auto/ErrorTransition6.xml (RunModel)" time="0.04" />
  <testcase classname="ptolemy.util.test.junit.AutoTests" name="[56] /home/travis/build/icyphy/ptII/ptolemy/domains/modal/test/auto/ErrorTransition7.xml (RunModel)" time="0.048" />
  <testcase classname="ptolemy.util.test.junit.AutoTests" name="[57] /home/travis/build/icyphy/ptII/ptolemy/domains/modal/test/auto/ErrorTransition8.xml (RunModel)" time="0.041" />
  <testcase classname="ptolemy.util.test.junit.AutoTests" name="[58] /home/travis/build/icyphy/ptII/ptolemy/domains/modal/test/auto/ErrorTransition9.xml (RunModel)" time="0.033" />
  <testcase classname="ptolemy.util.test.junit.AutoTests" name="[59] /home/travis/build/icyphy/ptII/ptolemy/domains/modal/test/auto/ExtendedFSM.xml (RunModel)" time="0.025" />
  <testcase classname="ptolemy.util.test.junit.AutoTests" name="[60] /home/travis/build/icyphy/ptII/ptolemy/domains/modal/test/auto/FinalStates.xml (RunModel)" time="0.02" />
  <testcase classname="ptolemy.util.test.junit.AutoTests" name="[61] /home/travis/build/icyphy/ptII/ptolemy/domains/modal/test/auto/FixedPointFSM.xml (RunModel)" time="0.05" />
  <testcase classname="ptolemy.util.test.junit.AutoTests" name="[62] /home/travis/build/icyphy/ptII/ptolemy/domains/modal/test/auto/FixedPointIterationFSMActor.xml (RunModel)" time="0.026" />
  <testcase classname="ptolemy.util.test.junit.AutoTests" name="[63] /home/travis/build/icyphy/ptII/ptolemy/domains/modal/test/auto/FixedPointIterationFSMActor2.xml (RunModel)" time="0.038" />
  <testcase classname="ptolemy.util.test.junit.AutoTests" name="[64] /home/travis/build/icyphy/ptII/ptolemy/domains/modal/test/auto/ForbiddenInstantanousLoop.xml (RunModel)" time="0.036" />
  <testcase classname="ptolemy.util.test.junit.AutoTests" name="[65] /home/travis/build/icyphy/ptII/ptolemy/domains/modal/test/auto/FunctionDependencyOfFSMActorTest.xml (RunModel)" time="0.04" />
  <testcase classname="ptolemy.util.test.junit.AutoTests" name="[66] /home/travis/build/icyphy/ptII/ptolemy/domains/modal/test/auto/GuardExpression.xml (RunModel)" time="0.019" />
  <testcase classname="ptolemy.util.test.junit.AutoTests" name="[67] /home/travis/build/icyphy/ptII/ptolemy/domains/modal/test/auto/GuardNotEvaluated.xml (RunModel)" time="0.03" />
  <testcase classname="ptolemy.util.test.junit.AutoTests" name="[68] /home/travis/build/icyphy/ptII/ptolemy/domains/modal/test/auto/GuardNotEvaluated2.xml (RunModel)" time="0.03" />
  <testcase classname="ptolemy.util.test.junit.AutoTests" name="[69] /home/travis/build/icyphy/ptII/ptolemy/domains/modal/test/auto/GuardOnAbsent.xml (RunModel)" time="0.026" />
  <testcase classname="ptolemy.util.test.junit.AutoTests" name="[70] /home/travis/build/icyphy/ptII/ptolemy/domains/modal/test/auto/HierarchicalFSMTypeInference.xml (RunModel)" time="0.027" />
  <testcase classname="ptolemy.util.test.junit.AutoTests" name="[71] /home/travis/build/icyphy/ptII/ptolemy/domains/modal/test/auto/Hysteresis.xml (RunModel)" time="0.053" />
  <testcase classname="ptolemy.util.test.junit.AutoTests" name="[72] /home/travis/build/icyphy/ptII/ptolemy/domains/modal/test/auto/HysteresisWithDefault.xml (RunModel)" time="0.063" />
  <testcase classname="ptolemy.util.test.junit.AutoTests" name="[73] /home/travis/build/icyphy/ptII/ptolemy/domains/modal/test/auto/HysteresisWithDefault2.xml (RunModel)" time="0.07" />
  <testcase classname="ptolemy.util.test.junit.AutoTests" name="[74] /home/travis/build/icyphy/ptII/ptolemy/domains/modal/test/auto/ImmediateNonConstructiveness.xml (RunModel)" time="0.017" />
  <testcase classname="ptolemy.util.test.junit.AutoTests" name="[75] /home/travis/build/icyphy/ptII/ptolemy/domains/modal/test/auto/ImmediateNonConstructiveness2.xml (RunModel)" time="0.019" />
  <testcase classname="ptolemy.util.test.junit.AutoTests" name="[76] /home/travis/build/icyphy/ptII/ptolemy/domains/modal/test/auto/ImmediateTransitionReset.xml (RunModel)" time="0.05" />
  <testcase classname="ptolemy.util.test.junit.AutoTests" name="[77] /home/travis/build/icyphy/ptII/ptolemy/domains/modal/test/auto/ImmediateTransitions1.xml (RunModel)" time="0.015" />
  <testcase classname="ptolemy.util.test.junit.AutoTests" name="[78] /home/travis/build/icyphy/ptII/ptolemy/domains/modal/test/auto/ImmediateTransitionsInstantaneousCommunication.xml (RunModel)" time="0.04" />
  <testcase classname="ptolemy.util.test.junit.AutoTests" name="[79] /home/travis/build/icyphy/ptII/ptolemy/domains/modal/test/auto/InitialImmediateTransition.xml (RunModel)" time="0.016" />
  <testcase classname="ptolemy.util.test.junit.AutoTests" name="[80] /home/travis/build/icyphy/ptII/ptolemy/domains/modal/test/auto/InitialOutputs.xml (RunModel)" time="0.018" />
  <testcase classname="ptolemy.util.test.junit.AutoTests" name="[81] /home/travis/build/icyphy/ptII/ptolemy/domains/modal/test/auto/InitialStateTransition1.xml (RunModel)" time="0.021" />
  <testcase classname="ptolemy.util.test.junit.AutoTests" name="[82] /home/travis/build/icyphy/ptII/ptolemy/domains/modal/test/auto/InitialStateTransition2.xml (RunModel)" time="0.024" />
  <testcase classname="ptolemy.util.test.junit.AutoTests" name="[83] /home/travis/build/icyphy/ptII/ptolemy/domains/modal/test/auto/InitialStateTransition3.xml (RunModel)" time="0.022" />
  <testcase classname="ptolemy.util.test.junit.AutoTests" name="[84] /home/travis/build/icyphy/ptII/ptolemy/domains/modal/test/auto/InitialStateTransition4.xml (RunModel)" time="0.026" />
  <testcase classname="ptolemy.util.test.junit.AutoTests" name="[85] /home/travis/build/icyphy/ptII/ptolemy/domains/modal/test/auto/MalformedGuardExpressionNotCaught.xml (RunModel)" time="0.027" />
  <testcase classname="ptolemy.util.test.junit.AutoTests" name="[86] /home/travis/build/icyphy/ptII/ptolemy/domains/modal/test/auto/ModalBSC.xml (RunModel)" time="0.094" />
  <testcase classname="ptolemy.util.test.junit.AutoTests" name="[87] /home/travis/build/icyphy/ptII/ptolemy/domains/modal/test/auto/ModalClocks.xml (RunModel)" time="0.089" />
  <testcase classname="ptolemy.util.test.junit.AutoTests" name="[88] /home/travis/build/icyphy/ptII/ptolemy/domains/modal/test/auto/ModalDelay.xml (RunModel)" time="0.072" />
  <testcase classname="ptolemy.util.test.junit.AutoTests" name="[89] /home/travis/build/icyphy/ptII/ptolemy/domains/modal/test/auto/ModalDelay2.xml (RunModel)" time="0.056" />
  <testcase classname="ptolemy.util.test.junit.AutoTests" name="[90] /home/travis/build/icyphy/ptII/ptolemy/domains/modal/test/auto/ModalModelFromMemo.xml (RunModel)" time="0.071" />
  <testcase classname="ptolemy.util.test.junit.AutoTests" name="[91] /home/travis/build/icyphy/ptII/ptolemy/domains/modal/test/auto/ModalModelWithMultirateTransient.xml (RunModel)" time="0.052" />
  <testcase classname="ptolemy.util.test.junit.AutoTests" name="[92] /home/travis/build/icyphy/ptII/ptolemy/domains/modal/test/auto/ModalModelWithReset.xml (RunModel)" time="0.061" />
  <testcase classname="ptolemy.util.test.junit.AutoTests" name="[93] /home/travis/build/icyphy/ptII/ptolemy/domains/modal/test/auto/MouseClickFSM.xml (RunModel)" time="0.044" />
  <testcase classname="ptolemy.util.test.junit.AutoTests" name="[94] /home/travis/build/icyphy/ptII/ptolemy/domains/modal/test/auto/MouseClickFSMModal.xml (RunModel)" time="0.03" />
  <testcase classname="ptolemy.util.test.junit.AutoTests" name="[95] /home/travis/build/icyphy/ptII/ptolemy/domains/modal/test/auto/NonStrictFSM_FeedbackLoop.xml (RunModel)" time="0.047" />
  <testcase classname="ptolemy.util.test.junit.AutoTests" name="[96] /home/travis/build/icyphy/ptII/ptolemy/domains/modal/test/auto/NonStrictFSM_FeedbackLoop_Refinement.xml (RunModel)" time="0.066" />
  <testcase classname="ptolemy.util.test.junit.AutoTests" name="[97] /home/travis/build/icyphy/ptII/ptolemy/domains/modal/test/auto/NonStrictFSM_FeedbackLoop_preemptive.xml (RunModel)" time="0.062" />
  <testcase classname="ptolemy.util.test.junit.AutoTests" name="[98] /home/travis/build/icyphy/ptII/ptolemy/domains/modal/test/auto/NormalTermination.xml (RunModel)" time="0.046" />
  <testcase classname="ptolemy.util.test.junit.AutoTests" name="[99] /home/travis/build/icyphy/ptII/ptolemy/domains/modal/test/auto/Pong.xml (RunModel)" time="0.066" />
  <testcase classname="ptolemy.util.test.junit.AutoTests" name="[100] /home/travis/build/icyphy/ptII/ptolemy/domains/modal/test/auto/Pong_test.xml (RunModel)" time="0.113" />
  <testcase classname="ptolemy.util.test.junit.AutoTests" name="[101] /home/travis/build/icyphy/ptII/ptolemy/domains/modal/test/auto/PreemptionHierarchy.xml (RunModel)" time="0.025" />
  <testcase classname="ptolemy.util.test.junit.AutoTests" name="[102] /home/travis/build/icyphy/ptII/ptolemy/domains/modal/test/auto/PreemptionHierarchy2.xml (RunModel)" time="0.031" />
  <testcase classname="ptolemy.util.test.junit.AutoTests" name="[103] /home/travis/build/icyphy/ptII/ptolemy/domains/modal/test/auto/PreemptiveTransition.xml (RunModel)" time="0.024" />
  <testcase classname="ptolemy.util.test.junit.AutoTests" name="[104] /home/travis/build/icyphy/ptII/ptolemy/domains/modal/test/auto/Priorities.xml (RunModel)" time="0.083" />
  <testcase classname="ptolemy.util.test.junit.AutoTests" name="[105] /home/travis/build/icyphy/ptII/ptolemy/domains/modal/test/auto/ResetFinal.xml (RunModel)" time="0.039" />
  <testcase classname="ptolemy.util.test.junit.AutoTests" name="[106] /home/travis/build/icyphy/ptII/ptolemy/domains/modal/test/auto/ResetFinal2.xml (RunModel)" time="0.045" />
  <testcase classname="ptolemy.util.test.junit.AutoTests" name="[107] /home/travis/build/icyphy/ptII/ptolemy/domains/modal/test/auto/ResetTransitionWithStartTime.xml (RunModel)" time="0.035" />
  <testcase classname="ptolemy.util.test.junit.AutoTests" name="[108] /home/travis/build/icyphy/ptII/ptolemy/domains/modal/test/auto/SDF-FSMComposite.xml (RunModel)" time="0.021" />
  <testcase classname="ptolemy.util.test.junit.AutoTests" name="[109] /home/travis/build/icyphy/ptII/ptolemy/domains/modal/test/auto/SeeminglyNondeterminate.xml (RunModel)" time="0.069" />
  <testcase classname="ptolemy.util.test.junit.AutoTests" name="[110] /home/travis/build/icyphy/ptII/ptolemy/domains/modal/test/auto/SeeminglyNondeterminate2.xml (RunModel)" time="0.071" />
  <testcase classname="ptolemy.util.test.junit.AutoTests" name="[111] /home/travis/build/icyphy/ptII/ptolemy/domains/modal/test/auto/SpontaneousFSM.xml (RunModel)" time="0.062" />
  <testcase classname="ptolemy.util.test.junit.AutoTests" name="[112] /home/travis/build/icyphy/ptII/ptolemy/domains/modal/test/auto/SpontaneousFSM2.xml (RunModel)" time="0.037" />
  <testcase classname="ptolemy.util.test.junit.AutoTests" name="[113] /home/travis/build/icyphy/ptII/ptolemy/domains/modal/test/auto/SpontaneousFSM3.xml (RunModel)" time="0.036" />
  <testcase classname="ptolemy.util.test.junit.AutoTests" name="[114] /home/travis/build/icyphy/ptII/ptolemy/domains/modal/test/auto/SpontaneousFSM4.xml (RunModel)" time="0.035" />
  <testcase classname="ptolemy.util.test.junit.AutoTests" name="[115] /home/travis/build/icyphy/ptII/ptolemy/domains/modal/test/auto/StateTrackerTest.xml (RunModel)" time="0.051" />
  <testcase classname="ptolemy.util.test.junit.AutoTests" name="[116] /home/travis/build/icyphy/ptII/ptolemy/domains/modal/test/auto/StrongImmediateTransition.xml (RunModel)" time="0.019" />
  <testcase classname="ptolemy.util.test.junit.AutoTests" name="[117] /home/travis/build/icyphy/ptII/ptolemy/domains/modal/test/auto/SustainHierarchy.xml (RunModel)" time="0.028" />
  <testcase classname="ptolemy.util.test.junit.AutoTests" name="[118] /home/travis/build/icyphy/ptII/ptolemy/domains/modal/test/auto/TerminationTransition1.xml (RunModel)" time="0.019" />
  <testcase classname="ptolemy.util.test.junit.AutoTests" name="[119] /home/travis/build/icyphy/ptII/ptolemy/domains/modal/test/auto/TerminationTransition2.xml (RunModel)" time="0.028" />
  <testcase classname="ptolemy.util.test.junit.AutoTests" name="[120] /home/travis/build/icyphy/ptII/ptolemy/domains/modal/test/auto/TerminationTransition3.xml (RunModel)" time="0.023" />
  <testcase classname="ptolemy.util.test.junit.AutoTests" name="[121] /home/travis/build/icyphy/ptII/ptolemy/domains/modal/test/auto/TerminationTransition4.xml (RunModel)" time="0.037" />
  <testcase classname="ptolemy.util.test.junit.AutoTests" name="[122] /home/travis/build/icyphy/ptII/ptolemy/domains/modal/test/auto/TerminationTransition5.xml (RunModel)" time="0.032" />
  <testcase classname="ptolemy.util.test.junit.AutoTests" name="[123] /home/travis/build/icyphy/ptII/ptolemy/domains/modal/test/auto/TerminationTransition6.xml (RunModel)" time="0.021" />
  <testcase classname="ptolemy.util.test.junit.AutoTests" name="[124] /home/travis/build/icyphy/ptII/ptolemy/domains/modal/test/auto/TerminationTransition7.xml (RunModel)" time="0.022" />
  <testcase classname="ptolemy.util.test.junit.AutoTests" name="[125] /home/travis/build/icyphy/ptII/ptolemy/domains/modal/test/auto/TerminationTransition8.xml (RunModel)" time="0.025" />
  <testcase classname="ptolemy.util.test.junit.AutoTests" name="[126] /home/travis/build/icyphy/ptII/ptolemy/domains/modal/test/auto/Thermostat_NoHysteresis.xml (RunModel)" time="0.053" />
  <testcase classname="ptolemy.util.test.junit.AutoTests" name="[127] /home/travis/build/icyphy/ptII/ptolemy/domains/modal/test/auto/TimedFSM.xml (RunModel)" time="0.027" />
  <testcase classname="ptolemy.util.test.junit.AutoTests" name="[128] /home/travis/build/icyphy/ptII/ptolemy/domains/modal/test/auto/Timeout1.xml (RunModel)" time="0.016" />
  <testcase classname="ptolemy.util.test.junit.AutoTests" name="[129] /home/travis/build/icyphy/ptII/ptolemy/domains/modal/test/auto/Timeout2.xml (RunModel)" time="0.033" />
  <testcase classname="ptolemy.util.test.junit.AutoTests" name="[130] /home/travis/build/icyphy/ptII/ptolemy/domains/modal/test/auto/Timeout3.xml (RunModel)" time="0.013" />
  <testcase classname="ptolemy.util.test.junit.AutoTests" name="[131] /home/travis/build/icyphy/ptII/ptolemy/domains/modal/test/auto/Timeout4.xml (RunModel)" time="0.014" />
  <testcase classname="ptolemy.util.test.junit.AutoTests" name="[132] /home/travis/build/icyphy/ptII/ptolemy/domains/modal/test/auto/TransientstateModelAdvanced.xml (RunModel)" time="0.034" />
  <testcase classname="ptolemy.util.test.junit.AutoTests" name="[133] /home/travis/build/icyphy/ptII/ptolemy/domains/modal/test/auto/TransientstateModelAdvanced2.xml (RunModel)" time="0.038" />
  <testcase classname="ptolemy.util.test.junit.AutoTests" name="[134] /home/travis/build/icyphy/ptII/ptolemy/domains/modal/test/auto/TransitionRefinements.xml (RunModel)" time="0.032" />
  <testcase classname="ptolemy.util.test.junit.AutoTests" name="[135] /home/travis/build/icyphy/ptII/ptolemy/domains/modal/test/auto/TwoRefinements1.xml (RunModel)" time="0.024" />
  <testcase classname="ptolemy.util.test.junit.AutoTests" name="[136] /home/travis/build/icyphy/ptII/ptolemy/domains/modal/test/auto/TwoRefinements2.xml (RunModel)" time="0.023" />
  <testcase classname="ptolemy.util.test.junit.AutoTests" name="[137] /home/travis/build/icyphy/ptII/ptolemy/domains/modal/test/auto/WeakImmediateTransition.xml (RunModel)" time="0.019" />
  <testcase classname="ptolemy.util.test.junit.AutoTests" name="[138] /home/travis/build/icyphy/ptII/ptolemy/domains/modal/test/auto/booleanSelect.xml (RunModel)" time="0.049" />
  <testcase classname="ptolemy.util.test.junit.AutoTests" name="[139] /home/travis/build/icyphy/ptII/ptolemy/domains/modal/test/auto/modalChangingParams.xml (RunModel)" time="0.313" />
  <testcase classname="ptolemy.util.test.junit.AutoTests" name="[140] /home/travis/build/icyphy/ptII/ptolemy/domains/modal/test/auto/modalModel.xml (RunModel)" time="0.021" />
  <testcase classname="ptolemy.util.test.junit.AutoTests" name="[141] /home/travis/build/icyphy/ptII/ptolemy/domains/modal/test/auto/modalModel2.xml (RunModel)" time="0.028" />
  <testcase classname="ptolemy.util.test.junit.AutoTests" name="[142] /home/travis/build/icyphy/ptII/ptolemy/domains/modal/test/auto/modalModel3.xml (RunModel)" time="0.041" />
  <testcase classname="ptolemy.util.test.junit.AutoTests" name="[143] /home/travis/build/icyphy/ptII/ptolemy/domains/modal/test/auto/model1.xml (RunModel)" time="0.02" />
  <testcase classname="ptolemy.util.test.junit.AutoTests" name="[144] /home/travis/build/icyphy/ptII/ptolemy/domains/modal/test/auto/test-direct-in-out.xml (RunModel)" time="0.025" />
  <system-out><![CDATA[/home/travis/build/icyphy/ptII/ptolemy/domains/modal/test/SystemLevelType.tcl
testDefs.tcl: setting time out to 9000 seconds at Sat Sep 21 05:45:33 UTC 2019
09/21/19 05:45:35
Failed: 0  Total Tests: 1  ((Passed: 1, Newly Passed: 0)  Known Failed: 0) /home/travis/build/icyphy/ptII/ptolemy/domains/modal/test
----------------- testing (KnownFailure) /home/travis/build/icyphy/ptII/ptolemy/domains/modal/test/auto/knownFailedTests/CannotAnalysisWithPreemption.xml
158 ms. Memory: 120832K Free: 44497K (37%)
Known Failure: java.lang.reflect.InvocationTargetException
No auto/linux-amd64/*.xml tests in /home/travis/build/icyphy/ptII/ptolemy/domains/modal/test
AutoTests.java: About to close Vertx.
AutoTests.java: Vertx closed.

===========================================================================================
----------------- testing Sat Sep 21 05:45:36 UTC 2019 /home/travis/build/icyphy/ptII/ptolemy/domains/modal/test/auto/ABPTest.xml
----------------- Instantiating /home/travis/build/icyphy/ptII/ptolemy/domains/modal/test/auto/ABPTest.xml
437 ms. Memory: 145408K Free: 94749K (65%)
----------------- Invoking toplevel() on ptolemy.moml.MoMLSimpleApplication@50d00892
----------------- Done invoking toplevel() on ptolemy.moml.MoMLSimpleApplication@50d00892
reloadAllAccessors: .ABPTest

===========================================================================================
----------------- testing Sat Sep 21 05:45:37 UTC 2019 /home/travis/build/icyphy/ptII/ptolemy/domains/modal/test/auto/ABROFlat.xml
----------------- Instantiating /home/travis/build/icyphy/ptII/ptolemy/domains/modal/test/auto/ABROFlat.xml
15 ms. Memory: 145408K Free: 79627K (55%)
----------------- Invoking toplevel() on ptolemy.moml.MoMLSimpleApplication@79a5a3ce
----------------- Done invoking toplevel() on ptolemy.moml.MoMLSimpleApplication@79a5a3ce
reloadAllAccessors: .ABROFlat

===========================================================================================
----------------- testing Sat Sep 21 05:45:37 UTC 2019 /home/travis/build/icyphy/ptII/ptolemy/domains/modal/test/auto/ABROFlat2.xml
----------------- Instantiating /home/travis/build/icyphy/ptII/ptolemy/domains/modal/test/auto/ABROFlat2.xml
11 ms. Memory: 145408K Free: 62766K (43%)
----------------- Invoking toplevel() on ptolemy.moml.MoMLSimpleApplication@5006210f
----------------- Done invoking toplevel() on ptolemy.moml.MoMLSimpleApplication@5006210f
reloadAllAccessors: .ABROFlat2

===========================================================================================
----------------- testing Sat Sep 21 05:45:37 UTC 2019 /home/travis/build/icyphy/ptII/ptolemy/domains/modal/test/auto/ABRO_present_hmm.xml
----------------- Instantiating /home/travis/build/icyphy/ptII/ptolemy/domains/modal/test/auto/ABRO_present_hmm.xml
31 ms. Memory: 145408K Free: 111525K (77%)
----------------- Invoking toplevel() on ptolemy.moml.MoMLSimpleApplication@20aaa433
----------------- Done invoking toplevel() on ptolemy.moml.MoMLSimpleApplication@20aaa433
reloadAllAccessors: .ABRO_present_hmm

===========================================================================================
----------------- testing Sat Sep 21 05:45:37 UTC 2019 /home/travis/build/icyphy/ptII/ptolemy/domains/modal/test/auto/AMICoderExample.xml
----------------- Instantiating /home/travis/build/icyphy/ptII/ptolemy/domains/modal/test/auto/AMICoderExample.xml
41 ms. Memory: 145408K Free: 101285K (70%)
----------------- Invoking toplevel() on ptolemy.moml.MoMLSimpleApplication@5f6af3dc
----------------- Done invoking toplevel() on ptolemy.moml.MoMLSimpleApplication@5f6af3dc
reloadAllAccessors: .AMICoderExample

===========================================================================================
----------------- testing Sat Sep 21 05:45:37 UTC 2019 /home/travis/build/icyphy/ptII/ptolemy/domains/modal/test/auto/AbsentToPresent.xml
----------------- Instantiating /home/travis/build/icyphy/ptII/ptolemy/domains/modal/test/auto/AbsentToPresent.xml
7 ms. Memory: 145408K Free: 96679K (66%)
----------------- Invoking toplevel() on ptolemy.moml.MoMLSimpleApplication@6c13f4ef
----------------- Done invoking toplevel() on ptolemy.moml.MoMLSimpleApplication@6c13f4ef
reloadAllAccessors: .AbsentToPresent

===========================================================================================
----------------- testing Sat Sep 21 05:45:37 UTC 2019 /home/travis/build/icyphy/ptII/ptolemy/domains/modal/test/auto/Blending.xml
----------------- Instantiating /home/travis/build/icyphy/ptII/ptolemy/domains/modal/test/auto/Blending.xml
170 ms. Memory: 145408K Free: 51623K (36%)
----------------- Invoking toplevel() on ptolemy.moml.MoMLSimpleApplication@7b280372
----------------- Done invoking toplevel() on ptolemy.moml.MoMLSimpleApplication@7b280372
reloadAllAccessors: .Blending

===========================================================================================
----------------- testing Sat Sep 21 05:45:37 UTC 2019 /home/travis/build/icyphy/ptII/ptolemy/domains/modal/test/auto/Broadcast.xml
----------------- Instantiating /home/travis/build/icyphy/ptII/ptolemy/domains/modal/test/auto/Broadcast.xml
14 ms. Memory: 183296K Free: 162215K (88%)
----------------- Invoking toplevel() on ptolemy.moml.MoMLSimpleApplication@5f7fde07
----------------- Done invoking toplevel() on ptolemy.moml.MoMLSimpleApplication@5f7fde07
reloadAllAccessors: .Broadcast

===========================================================================================
----------------- testing Sat Sep 21 05:45:37 UTC 2019 /home/travis/build/icyphy/ptII/ptolemy/domains/modal/test/auto/BroadcastHierarchy.xml
----------------- Instantiating /home/travis/build/icyphy/ptII/ptolemy/domains/modal/test/auto/BroadcastHierarchy.xml
20 ms. Memory: 183296K Free: 148375K (81%)
----------------- Invoking toplevel() on ptolemy.moml.MoMLSimpleApplication@214b94ef
----------------- Done invoking toplevel() on ptolemy.moml.MoMLSimpleApplication@214b94ef
reloadAllAccessors: .BroadcastHierarchy

===========================================================================================
----------------- testing Sat Sep 21 05:45:37 UTC 2019 /home/travis/build/icyphy/ptII/ptolemy/domains/modal/test/auto/BroadcastHierarchy2.xml
----------------- Instantiating /home/travis/build/icyphy/ptII/ptolemy/domains/modal/test/auto/BroadcastHierarchy2.xml
36 ms. Memory: 183296K Free: 121255K (66%)
----------------- Invoking toplevel() on ptolemy.moml.MoMLSimpleApplication@5ff369c4
----------------- Done invoking toplevel() on ptolemy.moml.MoMLSimpleApplication@5ff369c4
reloadAllAccessors: .BroadcastHierarchy2

===========================================================================================
----------------- testing Sat Sep 21 05:45:38 UTC 2019 /home/travis/build/icyphy/ptII/ptolemy/domains/modal/test/auto/BroadcastHierarchy3.xml
----------------- Instantiating /home/travis/build/icyphy/ptII/ptolemy/domains/modal/test/auto/BroadcastHierarchy3.xml
23 ms. Memory: 183296K Free: 100775K (55%)
----------------- Invoking toplevel() on ptolemy.moml.MoMLSimpleApplication@6aeb637e
----------------- Done invoking toplevel() on ptolemy.moml.MoMLSimpleApplication@6aeb637e
reloadAllAccessors: .BroadcastHierarchy3

===========================================================================================
----------------- testing Sat Sep 21 05:45:38 UTC 2019 /home/travis/build/icyphy/ptII/ptolemy/domains/modal/test/auto/BroadcastHierarchy4.xml
----------------- Instantiating /home/travis/build/icyphy/ptII/ptolemy/domains/modal/test/auto/BroadcastHierarchy4.xml
26 ms. Memory: 183296K Free: 76199K (42%)
----------------- Invoking toplevel() on ptolemy.moml.MoMLSimpleApplication@400cb106
----------------- Done invoking toplevel() on ptolemy.moml.MoMLSimpleApplication@400cb106
reloadAllAccessors: .BroadcastHierarchy4

===========================================================================================
----------------- testing Sat Sep 21 05:45:38 UTC 2019 /home/travis/build/icyphy/ptII/ptolemy/domains/modal/test/auto/CannotAnalysisWithPreemption2.xml
----------------- Instantiating /home/travis/build/icyphy/ptII/ptolemy/domains/modal/test/auto/CannotAnalysisWithPreemption2.xml
20 ms. Memory: 183296K Free: 164261K (90%)
----------------- Invoking toplevel() on ptolemy.moml.MoMLSimpleApplication@26b95ea4
----------------- Done invoking toplevel() on ptolemy.moml.MoMLSimpleApplication@26b95ea4
reloadAllAccessors: .CannotAnalysisWithPreemption2

===========================================================================================
----------------- testing Sat Sep 21 05:45:38 UTC 2019 /home/travis/build/icyphy/ptII/ptolemy/domains/modal/test/auto/CannotAnalysisWithPreemption3.xml
----------------- Instantiating /home/travis/build/icyphy/ptII/ptolemy/domains/modal/test/auto/CannotAnalysisWithPreemption3.xml
8 ms. Memory: 183296K Free: 153495K (84%)
----------------- Invoking toplevel() on ptolemy.moml.MoMLSimpleApplication@5cb2f2b6
----------------- Done invoking toplevel() on ptolemy.moml.MoMLSimpleApplication@5cb2f2b6
reloadAllAccessors: .CannotAnalysisWithPreemption3

===========================================================================================
----------------- testing Sat Sep 21 05:45:38 UTC 2019 /home/travis/build/icyphy/ptII/ptolemy/domains/modal/test/auto/CannotProduce.xml
----------------- Instantiating /home/travis/build/icyphy/ptII/ptolemy/domains/modal/test/auto/CannotProduce.xml
10 ms. Memory: 183296K Free: 146855K (80%)
----------------- Invoking toplevel() on ptolemy.moml.MoMLSimpleApplication@24107a5
----------------- Done invoking toplevel() on ptolemy.moml.MoMLSimpleApplication@24107a5
reloadAllAccessors: .CannotProduce

===========================================================================================
----------------- testing Sat Sep 21 05:45:38 UTC 2019 /home/travis/build/icyphy/ptII/ptolemy/domains/modal/test/auto/CannotProduceModal.xml
----------------- Instantiating /home/travis/build/icyphy/ptII/ptolemy/domains/modal/test/auto/CannotProduceModal.xml
12 ms. Memory: 183296K Free: 139687K (76%)
----------------- Invoking toplevel() on ptolemy.moml.MoMLSimpleApplication@214cee0f
----------------- Done invoking toplevel() on ptolemy.moml.MoMLSimpleApplication@214cee0f
reloadAllAccessors: .CannotProduceModal

===========================================================================================
----------------- testing Sat Sep 21 05:45:38 UTC 2019 /home/travis/build/icyphy/ptII/ptolemy/domains/modal/test/auto/Case.xml
----------------- Instantiating /home/travis/build/icyphy/ptII/ptolemy/domains/modal/test/auto/Case.xml
35 ms. Memory: 183296K Free: 128423K (70%)
----------------- Invoking toplevel() on ptolemy.moml.MoMLSimpleApplication@5dc14e13
----------------- Done invoking toplevel() on ptolemy.moml.MoMLSimpleApplication@5dc14e13
reloadAllAccessors: .Case

===========================================================================================
----------------- testing Sat Sep 21 05:45:38 UTC 2019 /home/travis/build/icyphy/ptII/ptolemy/domains/modal/test/auto/Case1.xml
----------------- Instantiating /home/travis/build/icyphy/ptII/ptolemy/domains/modal/test/auto/Case1.xml
14 ms. Memory: 183296K Free: 121255K (66%)
----------------- Invoking toplevel() on ptolemy.moml.MoMLSimpleApplication@68370e7d
----------------- Done invoking toplevel() on ptolemy.moml.MoMLSimpleApplication@68370e7d
reloadAllAccessors: .Case1

===========================================================================================
----------------- testing Sat Sep 21 05:45:38 UTC 2019 /home/travis/build/icyphy/ptII/ptolemy/domains/modal/test/auto/Case2.xml
----------------- Instantiating /home/travis/build/icyphy/ptII/ptolemy/domains/modal/test/auto/Case2.xml
32 ms. Memory: 183296K Free: 110501K (60%)
----------------- Invoking toplevel() on ptolemy.moml.MoMLSimpleApplication@4caa6488
----------------- Done invoking toplevel() on ptolemy.moml.MoMLSimpleApplication@4caa6488
reloadAllAccessors: .Case2

===========================================================================================
----------------- testing Sat Sep 21 05:45:38 UTC 2019 /home/travis/build/icyphy/ptII/ptolemy/domains/modal/test/auto/CausalityInterface1.xml
----------------- Instantiating /home/travis/build/icyphy/ptII/ptolemy/domains/modal/test/auto/CausalityInterface1.xml
8 ms. Memory: 183296K Free: 105381K (57%)
----------------- Invoking toplevel() on ptolemy.moml.MoMLSimpleApplication@48a72e76
----------------- Done invoking toplevel() on ptolemy.moml.MoMLSimpleApplication@48a72e76
reloadAllAccessors: .CausalityInterface1

===========================================================================================
----------------- testing Sat Sep 21 05:45:38 UTC 2019 /home/travis/build/icyphy/ptII/ptolemy/domains/modal/test/auto/CausalityInterface10.xml
----------------- Instantiating /home/travis/build/icyphy/ptII/ptolemy/domains/modal/test/auto/CausalityInterface10.xml
11 ms. Memory: 183296K Free: 92055K (50%)
----------------- Invoking toplevel() on ptolemy.moml.MoMLSimpleApplication@660a777
----------------- Done invoking toplevel() on ptolemy.moml.MoMLSimpleApplication@660a777
reloadAllAccessors: .CausalityInterface10

===========================================================================================
----------------- testing Sat Sep 21 05:45:38 UTC 2019 /home/travis/build/icyphy/ptII/ptolemy/domains/modal/test/auto/CausalityInterface11.xml
----------------- Instantiating /home/travis/build/icyphy/ptII/ptolemy/domains/modal/test/auto/CausalityInterface11.xml
5 ms. Memory: 183296K Free: 78727K (43%)
----------------- Invoking toplevel() on ptolemy.moml.MoMLSimpleApplication@59ffc3ed
----------------- Done invoking toplevel() on ptolemy.moml.MoMLSimpleApplication@59ffc3ed
reloadAllAccessors: .CausalityInterface11

===========================================================================================
----------------- testing Sat Sep 21 05:45:38 UTC 2019 /home/travis/build/icyphy/ptII/ptolemy/domains/modal/test/auto/CausalityInterface12.xml
----------------- Instantiating /home/travis/build/icyphy/ptII/ptolemy/domains/modal/test/auto/CausalityInterface12.xml
8 ms. Memory: 183296K Free: 65415K (36%)
----------------- Invoking toplevel() on ptolemy.moml.MoMLSimpleApplication@6c4664a1
----------------- Done invoking toplevel() on ptolemy.moml.MoMLSimpleApplication@6c4664a1
reloadAllAccessors: .CausalityInterface12

===========================================================================================
----------------- testing Sat Sep 21 05:45:38 UTC 2019 /home/travis/build/icyphy/ptII/ptolemy/domains/modal/test/auto/CausalityInterface13.xml
----------------- Instantiating /home/travis/build/icyphy/ptII/ptolemy/domains/modal/test/auto/CausalityInterface13.xml
17 ms. Memory: 183296K Free: 156071K (85%)
----------------- Invoking toplevel() on ptolemy.moml.MoMLSimpleApplication@7d3d3810
----------------- Done invoking toplevel() on ptolemy.moml.MoMLSimpleApplication@7d3d3810
reloadAllAccessors: .CausalityInterface13

===========================================================================================
----------------- testing Sat Sep 21 05:45:38 UTC 2019 /home/travis/build/icyphy/ptII/ptolemy/domains/modal/test/auto/CausalityInterface14.xml
----------------- Instantiating /home/travis/build/icyphy/ptII/ptolemy/domains/modal/test/auto/CausalityInterface14.xml
8 ms. Memory: 183296K Free: 142231K (78%)
----------------- Invoking toplevel() on ptolemy.moml.MoMLSimpleApplication@a2db6d5
----------------- Done invoking toplevel() on ptolemy.moml.MoMLSimpleApplication@a2db6d5
reloadAllAccessors: .CausalityInterface14

===========================================================================================
----------------- testing Sat Sep 21 05:45:38 UTC 2019 /home/travis/build/icyphy/ptII/ptolemy/domains/modal/test/auto/CausalityInterface2.xml
----------------- Instantiating /home/travis/build/icyphy/ptII/ptolemy/domains/modal/test/auto/CausalityInterface2.xml
4 ms. Memory: 183296K Free: 136101K (74%)
----------------- Invoking toplevel() on ptolemy.moml.MoMLSimpleApplication@145813fa
----------------- Done invoking toplevel() on ptolemy.moml.MoMLSimpleApplication@145813fa
reloadAllAccessors: .CausalityInterface2

===========================================================================================
----------------- testing Sat Sep 21 05:45:39 UTC 2019 /home/travis/build/icyphy/ptII/ptolemy/domains/modal/test/auto/CausalityInterface3.xml
----------------- Instantiating /home/travis/build/icyphy/ptII/ptolemy/domains/modal/test/auto/CausalityInterface3.xml
3 ms. Memory: 183296K Free: 129447K (71%)
----------------- Invoking toplevel() on ptolemy.moml.MoMLSimpleApplication@508107eb
----------------- Done invoking toplevel() on ptolemy.moml.MoMLSimpleApplication@508107eb
reloadAllAccessors: .CausalityInterface3

===========================================================================================
----------------- testing Sat Sep 21 05:45:39 UTC 2019 /home/travis/build/icyphy/ptII/ptolemy/domains/modal/test/auto/CausalityInterface4.xml
----------------- Instantiating /home/travis/build/icyphy/ptII/ptolemy/domains/modal/test/auto/CausalityInterface4.xml
4 ms. Memory: 183296K Free: 122759K (67%)
----------------- Invoking toplevel() on ptolemy.moml.MoMLSimpleApplication@4605ce54
----------------- Done invoking toplevel() on ptolemy.moml.MoMLSimpleApplication@4605ce54
reloadAllAccessors: .CausalityInterface4

===========================================================================================
----------------- testing Sat Sep 21 05:45:39 UTC 2019 /home/travis/build/icyphy/ptII/ptolemy/domains/modal/test/auto/CausalityInterface5.xml
----------------- Instantiating /home/travis/build/icyphy/ptII/ptolemy/domains/modal/test/auto/CausalityInterface5.xml
5 ms. Memory: 183296K Free: 114597K (63%)
----------------- Invoking toplevel() on ptolemy.moml.MoMLSimpleApplication@22f345c7
----------------- Done invoking toplevel() on ptolemy.moml.MoMLSimpleApplication@22f345c7
reloadAllAccessors: .CausalityInterface5

===========================================================================================
----------------- testing Sat Sep 21 05:45:39 UTC 2019 /home/travis/build/icyphy/ptII/ptolemy/domains/modal/test/auto/CausalityInterface6.xml
----------------- Instantiating /home/travis/build/icyphy/ptII/ptolemy/domains/modal/test/auto/CausalityInterface6.xml
5 ms. Memory: 183296K Free: 106391K (58%)
----------------- Invoking toplevel() on ptolemy.moml.MoMLSimpleApplication@1118d170
----------------- Done invoking toplevel() on ptolemy.moml.MoMLSimpleApplication@1118d170
reloadAllAccessors: .CausalityInterface6

===========================================================================================
----------------- testing Sat Sep 21 05:45:39 UTC 2019 /home/travis/build/icyphy/ptII/ptolemy/domains/modal/test/auto/CausalityInterface7.xml
----------------- Instantiating /home/travis/build/icyphy/ptII/ptolemy/domains/modal/test/auto/CausalityInterface7.xml
6 ms. Memory: 183296K Free: 98199K (54%)
----------------- Invoking toplevel() on ptolemy.moml.MoMLSimpleApplication@39689f82
----------------- Done invoking toplevel() on ptolemy.moml.MoMLSimpleApplication@39689f82
reloadAllAccessors: .CausalityInterface7

===========================================================================================
----------------- testing Sat Sep 21 05:45:39 UTC 2019 /home/travis/build/icyphy/ptII/ptolemy/domains/modal/test/auto/CausalityInterface8.xml
----------------- Instantiating /home/travis/build/icyphy/ptII/ptolemy/domains/modal/test/auto/CausalityInterface8.xml
5 ms. Memory: 183296K Free: 90015K (49%)
----------------- Invoking toplevel() on ptolemy.moml.MoMLSimpleApplication@6958c46
----------------- Done invoking toplevel() on ptolemy.moml.MoMLSimpleApplication@6958c46
reloadAllAccessors: .CausalityInterface8

===========================================================================================
----------------- testing Sat Sep 21 05:45:39 UTC 2019 /home/travis/build/icyphy/ptII/ptolemy/domains/modal/test/auto/CausalityInterface9.xml
----------------- Instantiating /home/travis/build/icyphy/ptII/ptolemy/domains/modal/test/auto/CausalityInterface9.xml
5 ms. Memory: 183296K Free: 80805K (44%)
----------------- Invoking toplevel() on ptolemy.moml.MoMLSimpleApplication@389178ee
----------------- Done invoking toplevel() on ptolemy.moml.MoMLSimpleApplication@389178ee
reloadAllAccessors: .CausalityInterface9

===========================================================================================
----------------- testing Sat Sep 21 05:45:39 UTC 2019 /home/travis/build/icyphy/ptII/ptolemy/domains/modal/test/auto/ChainedTransitions.xml
----------------- Instantiating /home/travis/build/icyphy/ptII/ptolemy/domains/modal/test/auto/ChainedTransitions.xml
124 ms. Memory: 183296K Free: 160813K (88%)
----------------- Invoking toplevel() on ptolemy.moml.MoMLSimpleApplication@1667a427
----------------- Done invoking toplevel() on ptolemy.moml.MoMLSimpleApplication@1667a427
reloadAllAccessors: .ChainedTransitions

===========================================================================================
----------------- testing Sat Sep 21 05:45:39 UTC 2019 /home/travis/build/icyphy/ptII/ptolemy/domains/modal/test/auto/CycleOfImmediateTransitionsFSM.xml
----------------- Instantiating /home/travis/build/icyphy/ptII/ptolemy/domains/modal/test/auto/CycleOfImmediateTransitionsFSM.xml
4 ms. Memory: 183296K Free: 154652K (84%)
----------------- Invoking toplevel() on ptolemy.moml.MoMLSimpleApplication@12b929e5
----------------- Done invoking toplevel() on ptolemy.moml.MoMLSimpleApplication@12b929e5
reloadAllAccessors: .CycleOfImmediateTransitionsFSM

===========================================================================================
----------------- testing Sat Sep 21 05:45:39 UTC 2019 /home/travis/build/icyphy/ptII/ptolemy/domains/modal/test/auto/CycleOfImmediateTransitionsModal.xml
----------------- Instantiating /home/travis/build/icyphy/ptII/ptolemy/domains/modal/test/auto/CycleOfImmediateTransitionsModal.xml
4 ms. Memory: 183296K Free: 148508K (81%)
----------------- Invoking toplevel() on ptolemy.moml.MoMLSimpleApplication@42f065e8
----------------- Done invoking toplevel() on ptolemy.moml.MoMLSimpleApplication@42f065e8
reloadAllAccessors: .CycleOfImmediateTransitionsModal

===========================================================================================
----------------- testing Sat Sep 21 05:45:39 UTC 2019 /home/travis/build/icyphy/ptII/ptolemy/domains/modal/test/auto/CycleOfImmediateTransitionsModal2.xml
----------------- Instantiating /home/travis/build/icyphy/ptII/ptolemy/domains/modal/test/auto/CycleOfImmediateTransitionsModal2.xml
10 ms. Memory: 183296K Free: 141850K (77%)
----------------- Invoking toplevel() on ptolemy.moml.MoMLSimpleApplication@7fee525c
----------------- Done invoking toplevel() on ptolemy.moml.MoMLSimpleApplication@7fee525c
reloadAllAccessors: .CycleOfImmediateTransitionsModal2

===========================================================================================
----------------- testing Sat Sep 21 05:45:39 UTC 2019 /home/travis/build/icyphy/ptII/ptolemy/domains/modal/test/auto/CycleOfImmediateTransitionsModal3.xml
----------------- Instantiating /home/travis/build/icyphy/ptII/ptolemy/domains/modal/test/auto/CycleOfImmediateTransitionsModal3.xml
12 ms. Memory: 183296K Free: 119308K (65%)
----------------- Invoking toplevel() on ptolemy.moml.MoMLSimpleApplication@28798888
----------------- Done invoking toplevel() on ptolemy.moml.MoMLSimpleApplication@28798888
reloadAllAccessors: .CycleOfImmediateTransitionsModal3

===========================================================================================
----------------- testing Sat Sep 21 05:45:39 UTC 2019 /home/travis/build/icyphy/ptII/ptolemy/domains/modal/test/auto/DeepModal1.xml
----------------- Instantiating /home/travis/build/icyphy/ptII/ptolemy/domains/modal/test/auto/DeepModal1.xml
35 ms. Memory: 183296K Free: 105500K (58%)
----------------- Invoking toplevel() on ptolemy.moml.MoMLSimpleApplication@6cadedc2
----------------- Done invoking toplevel() on ptolemy.moml.MoMLSimpleApplication@6cadedc2
reloadAllAccessors: .DeepModal1

===========================================================================================
----------------- testing Sat Sep 21 05:45:39 UTC 2019 /home/travis/build/icyphy/ptII/ptolemy/domains/modal/test/auto/DeepModal2.xml
----------------- Instantiating /home/travis/build/icyphy/ptII/ptolemy/domains/modal/test/auto/DeepModal2.xml
15 ms. Memory: 183296K Free: 86554K (47%)
----------------- Invoking toplevel() on ptolemy.moml.MoMLSimpleApplication@f8a6cae
----------------- Done invoking toplevel() on ptolemy.moml.MoMLSimpleApplication@f8a6cae
reloadAllAccessors: .DeepModal2

===========================================================================================
----------------- testing Sat Sep 21 05:45:39 UTC 2019 /home/travis/build/icyphy/ptII/ptolemy/domains/modal/test/auto/DeepModal3.xml
----------------- Instantiating /home/travis/build/icyphy/ptII/ptolemy/domains/modal/test/auto/DeepModal3.xml
33 ms. Memory: 183296K Free: 67098K (37%)
----------------- Invoking toplevel() on ptolemy.moml.MoMLSimpleApplication@18cbd326
----------------- Done invoking toplevel() on ptolemy.moml.MoMLSimpleApplication@18cbd326
reloadAllAccessors: .DeepModal3

===========================================================================================
----------------- testing Sat Sep 21 05:45:39 UTC 2019 /home/travis/build/icyphy/ptII/ptolemy/domains/modal/test/auto/DeepModal4.xml
----------------- Instantiating /home/travis/build/icyphy/ptII/ptolemy/domains/modal/test/auto/DeepModal4.xml
35 ms. Memory: 220160K Free: 188952K (86%)
----------------- Invoking toplevel() on ptolemy.moml.MoMLSimpleApplication@2328c83b
----------------- Done invoking toplevel() on ptolemy.moml.MoMLSimpleApplication@2328c83b
reloadAllAccessors: .DeepModal4

===========================================================================================
----------------- testing Sat Sep 21 05:45:39 UTC 2019 /home/travis/build/icyphy/ptII/ptolemy/domains/modal/test/auto/Default1.xml
----------------- Instantiating /home/travis/build/icyphy/ptII/ptolemy/domains/modal/test/auto/Default1.xml
3 ms. Memory: 220160K Free: 182808K (83%)
----------------- Invoking toplevel() on ptolemy.moml.MoMLSimpleApplication@13d0687f
----------------- Done invoking toplevel() on ptolemy.moml.MoMLSimpleApplication@13d0687f
reloadAllAccessors: .Default1

===========================================================================================
----------------- testing Sat Sep 21 05:45:39 UTC 2019 /home/travis/build/icyphy/ptII/ptolemy/domains/modal/test/auto/Default2.xml
----------------- Instantiating /home/travis/build/icyphy/ptII/ptolemy/domains/modal/test/auto/Default2.xml
10 ms. Memory: 220160K Free: 177178K (80%)
----------------- Invoking toplevel() on ptolemy.moml.MoMLSimpleApplication@4a0f4e79
----------------- Done invoking toplevel() on ptolemy.moml.MoMLSimpleApplication@4a0f4e79
reloadAllAccessors: .Default2

===========================================================================================
----------------- testing Sat Sep 21 05:45:39 UTC 2019 /home/travis/build/icyphy/ptII/ptolemy/domains/modal/test/auto/Default3.xml
----------------- Instantiating /home/travis/build/icyphy/ptII/ptolemy/domains/modal/test/auto/Default3.xml
6 ms. Memory: 220160K Free: 171544K (78%)
----------------- Invoking toplevel() on ptolemy.moml.MoMLSimpleApplication@554062e
----------------- Done invoking toplevel() on ptolemy.moml.MoMLSimpleApplication@554062e
reloadAllAccessors: .Default3

===========================================================================================
----------------- testing Sat Sep 21 05:45:39 UTC 2019 /home/travis/build/icyphy/ptII/ptolemy/domains/modal/test/auto/Default4.xml
----------------- Instantiating /home/travis/build/icyphy/ptII/ptolemy/domains/modal/test/auto/Default4.xml
6 ms. Memory: 220160K Free: 164890K (75%)
----------------- Invoking toplevel() on ptolemy.moml.MoMLSimpleApplication@2e640854
----------------- Done invoking toplevel() on ptolemy.moml.MoMLSimpleApplication@2e640854
reloadAllAccessors: .Default4

===========================================================================================
----------------- testing Sat Sep 21 05:45:40 UTC 2019 /home/travis/build/icyphy/ptII/ptolemy/domains/modal/test/auto/Default5.xml
----------------- Instantiating /home/travis/build/icyphy/ptII/ptolemy/domains/modal/test/auto/Default5.xml
3 ms. Memory: 220160K Free: 156698K (71%)
----------------- Invoking toplevel() on ptolemy.moml.MoMLSimpleApplication@7c8b498b
----------------- Done invoking toplevel() on ptolemy.moml.MoMLSimpleApplication@7c8b498b
reloadAllAccessors: .Default5

===========================================================================================
----------------- testing Sat Sep 21 05:45:40 UTC 2019 /home/travis/build/icyphy/ptII/ptolemy/domains/modal/test/auto/EmptyGuard.xml
----------------- Instantiating /home/travis/build/icyphy/ptII/ptolemy/domains/modal/test/auto/EmptyGuard.xml
12 ms. Memory: 220160K Free: 148506K (67%)
----------------- Invoking toplevel() on ptolemy.moml.MoMLSimpleApplication@4eee1f12
----------------- Done invoking toplevel() on ptolemy.moml.MoMLSimpleApplication@4eee1f12
reloadAllAccessors: .EmptyGuard

===========================================================================================
----------------- testing Sat Sep 21 05:45:40 UTC 2019 /home/travis/build/icyphy/ptII/ptolemy/domains/modal/test/auto/ErrorTransition1.xml
----------------- Instantiating /home/travis/build/icyphy/ptII/ptolemy/domains/modal/test/auto/ErrorTransition1.xml
9 ms. Memory: 220160K Free: 139800K (63%)
----------------- Invoking toplevel() on ptolemy.moml.MoMLSimpleApplication@78a5bd79
----------------- Done invoking toplevel() on ptolemy.moml.MoMLSimpleApplication@78a5bd79
reloadAllAccessors: .ErrorTransition1

===========================================================================================
----------------- testing Sat Sep 21 05:45:40 UTC 2019 /home/travis/build/icyphy/ptII/ptolemy/domains/modal/test/auto/ErrorTransition10.xml
----------------- Instantiating /home/travis/build/icyphy/ptII/ptolemy/domains/modal/test/auto/ErrorTransition10.xml
13 ms. Memory: 220160K Free: 125978K (57%)
----------------- Invoking toplevel() on ptolemy.moml.MoMLSimpleApplication@59212199
----------------- Done invoking toplevel() on ptolemy.moml.MoMLSimpleApplication@59212199
reloadAllAccessors: .ErrorTransition10

===========================================================================================
----------------- testing Sat Sep 21 05:45:40 UTC 2019 /home/travis/build/icyphy/ptII/ptolemy/domains/modal/test/auto/ErrorTransition11.xml
----------------- Instantiating /home/travis/build/icyphy/ptII/ptolemy/domains/modal/test/auto/ErrorTransition11.xml
4 ms. Memory: 220160K Free: 114200K (52%)
----------------- Invoking toplevel() on ptolemy.moml.MoMLSimpleApplication@4d52b45
----------------- Done invoking toplevel() on ptolemy.moml.MoMLSimpleApplication@4d52b45
reloadAllAccessors: .ErrorTransition11

===========================================================================================
----------------- testing Sat Sep 21 05:45:40 UTC 2019 /home/travis/build/icyphy/ptII/ptolemy/domains/modal/test/auto/ErrorTransition2.xml
----------------- Instantiating /home/travis/build/icyphy/ptII/ptolemy/domains/modal/test/auto/ErrorTransition2.xml
7 ms. Memory: 220160K Free: 105498K (48%)
----------------- Invoking toplevel() on ptolemy.moml.MoMLSimpleApplication@4193eace
----------------- Done invoking toplevel() on ptolemy.moml.MoMLSimpleApplication@4193eace
reloadAllAccessors: .ErrorTransition2

===========================================================================================
----------------- testing Sat Sep 21 05:45:40 UTC 2019 /home/travis/build/icyphy/ptII/ptolemy/domains/modal/test/auto/ErrorTransition3.xml
----------------- Instantiating /home/travis/build/icyphy/ptII/ptolemy/domains/modal/test/auto/ErrorTransition3.xml
20 ms. Memory: 220160K Free: 95258K (43%)
----------------- Invoking toplevel() on ptolemy.moml.MoMLSimpleApplication@51a364ed
----------------- Done invoking toplevel() on ptolemy.moml.MoMLSimpleApplication@51a364ed
reloadAllAccessors: .ErrorTransition3

===========================================================================================
----------------- testing Sat Sep 21 05:45:40 UTC 2019 /home/travis/build/icyphy/ptII/ptolemy/domains/modal/test/auto/ErrorTransition4.xml
----------------- Instantiating /home/travis/build/icyphy/ptII/ptolemy/domains/modal/test/auto/ErrorTransition4.xml
18 ms. Memory: 220160K Free: 83994K (38%)
----------------- Invoking toplevel() on ptolemy.moml.MoMLSimpleApplication@8c8ea75
----------------- Done invoking toplevel() on ptolemy.moml.MoMLSimpleApplication@8c8ea75
reloadAllAccessors: .ErrorTransition4

===========================================================================================
----------------- testing Sat Sep 21 05:45:40 UTC 2019 /home/travis/build/icyphy/ptII/ptolemy/domains/modal/test/auto/ErrorTransition5.xml
----------------- Instantiating /home/travis/build/icyphy/ptII/ptolemy/domains/modal/test/auto/ErrorTransition5.xml
6 ms. Memory: 220160K Free: 197651K (90%)
----------------- Invoking toplevel() on ptolemy.moml.MoMLSimpleApplication@695ff120
----------------- Done invoking toplevel() on ptolemy.moml.MoMLSimpleApplication@695ff120
reloadAllAccessors: .ErrorTransition5

===========================================================================================
----------------- testing Sat Sep 21 05:45:40 UTC 2019 /home/travis/build/icyphy/ptII/ptolemy/domains/modal/test/auto/ErrorTransition6.xml
----------------- Instantiating /home/travis/build/icyphy/ptII/ptolemy/domains/modal/test/auto/ErrorTransition6.xml
14 ms. Memory: 220160K Free: 186897K (85%)
----------------- Invoking toplevel() on ptolemy.moml.MoMLSimpleApplication@66feca84
----------------- Done invoking toplevel() on ptolemy.moml.MoMLSimpleApplication@66feca84
reloadAllAccessors: .ErrorTransition6

===========================================================================================
----------------- testing Sat Sep 21 05:45:40 UTC 2019 /home/travis/build/icyphy/ptII/ptolemy/domains/modal/test/auto/ErrorTransition7.xml
----------------- Instantiating /home/travis/build/icyphy/ptII/ptolemy/domains/modal/test/auto/ErrorTransition7.xml
19 ms. Memory: 220160K Free: 174099K (79%)
----------------- Invoking toplevel() on ptolemy.moml.MoMLSimpleApplication@43f69631
----------------- Done invoking toplevel() on ptolemy.moml.MoMLSimpleApplication@43f69631
reloadAllAccessors: .ErrorTransition7

===========================================================================================
----------------- testing Sat Sep 21 05:45:40 UTC 2019 /home/travis/build/icyphy/ptII/ptolemy/domains/modal/test/auto/ErrorTransition8.xml
----------------- Instantiating /home/travis/build/icyphy/ptII/ptolemy/domains/modal/test/auto/ErrorTransition8.xml
13 ms. Memory: 220160K Free: 160787K (73%)
----------------- Invoking toplevel() on ptolemy.moml.MoMLSimpleApplication@49cc1b6c
----------------- Done invoking toplevel() on ptolemy.moml.MoMLSimpleApplication@49cc1b6c
reloadAllAccessors: .ErrorTransition8

===========================================================================================
----------------- testing Sat Sep 21 05:45:40 UTC 2019 /home/travis/build/icyphy/ptII/ptolemy/domains/modal/test/auto/ErrorTransition9.xml
----------------- Instantiating /home/travis/build/icyphy/ptII/ptolemy/domains/modal/test/auto/ErrorTransition9.xml
8 ms. Memory: 220160K Free: 147475K (67%)
----------------- Invoking toplevel() on ptolemy.moml.MoMLSimpleApplication@3459ea60
----------------- Done invoking toplevel() on ptolemy.moml.MoMLSimpleApplication@3459ea60
reloadAllAccessors: .ErrorTransition9

===========================================================================================
----------------- testing Sat Sep 21 05:45:40 UTC 2019 /home/travis/build/icyphy/ptII/ptolemy/domains/modal/test/auto/ExtendedFSM.xml
----------------- Instantiating /home/travis/build/icyphy/ptII/ptolemy/domains/modal/test/auto/ExtendedFSM.xml
7 ms. Memory: 220160K Free: 138755K (63%)
----------------- Invoking toplevel() on ptolemy.moml.MoMLSimpleApplication@1602b67e
----------------- Done invoking toplevel() on ptolemy.moml.MoMLSimpleApplication@1602b67e
reloadAllAccessors: .ExtendedFSM

===========================================================================================
----------------- testing Sat Sep 21 05:45:40 UTC 2019 /home/travis/build/icyphy/ptII/ptolemy/domains/modal/test/auto/FinalStates.xml
----------------- Instantiating /home/travis/build/icyphy/ptII/ptolemy/domains/modal/test/auto/FinalStates.xml
5 ms. Memory: 220160K Free: 130547K (59%)
----------------- Invoking toplevel() on ptolemy.moml.MoMLSimpleApplication@3112dd6f
----------------- Done invoking toplevel() on ptolemy.moml.MoMLSimpleApplication@3112dd6f
reloadAllAccessors: .FinalStates

===========================================================================================
----------------- testing Sat Sep 21 05:45:40 UTC 2019 /home/travis/build/icyphy/ptII/ptolemy/domains/modal/test/auto/FixedPointFSM.xml
----------------- Instantiating /home/travis/build/icyphy/ptII/ptolemy/domains/modal/test/auto/FixedPointFSM.xml
25 ms. Memory: 220160K Free: 115731K (53%)
----------------- Invoking toplevel() on ptolemy.moml.MoMLSimpleApplication@28dc0572
----------------- Done invoking toplevel() on ptolemy.moml.MoMLSimpleApplication@28dc0572
reloadAllAccessors: .FixedPointFSM

===========================================================================================
----------------- testing Sat Sep 21 05:45:40 UTC 2019 /home/travis/build/icyphy/ptII/ptolemy/domains/modal/test/auto/FixedPointIterationFSMActor.xml
----------------- Instantiating /home/travis/build/icyphy/ptII/ptolemy/domains/modal/test/auto/FixedPointIterationFSMActor.xml
8 ms. Memory: 220160K Free: 105491K (48%)
----------------- Invoking toplevel() on ptolemy.moml.MoMLSimpleApplication@685eac9c
----------------- Done invoking toplevel() on ptolemy.moml.MoMLSimpleApplication@685eac9c
reloadAllAccessors: .FixedPointIterationFSMActor

===========================================================================================
----------------- testing Sat Sep 21 05:45:40 UTC 2019 /home/travis/build/icyphy/ptII/ptolemy/domains/modal/test/auto/FixedPointIterationFSMActor2.xml
----------------- Instantiating /home/travis/build/icyphy/ptII/ptolemy/domains/modal/test/auto/FixedPointIterationFSMActor2.xml
14 ms. Memory: 220160K Free: 93203K (42%)
----------------- Invoking toplevel() on ptolemy.moml.MoMLSimpleApplication@544755ec
----------------- Done invoking toplevel() on ptolemy.moml.MoMLSimpleApplication@544755ec
reloadAllAccessors: .FixedPointIterationFSMActor2

===========================================================================================
----------------- testing Sat Sep 21 05:45:40 UTC 2019 /home/travis/build/icyphy/ptII/ptolemy/domains/modal/test/auto/ForbiddenInstantanousLoop.xml
----------------- Instantiating /home/travis/build/icyphy/ptII/ptolemy/domains/modal/test/auto/ForbiddenInstantanousLoop.xml
6 ms. Memory: 220160K Free: 80915K (37%)
----------------- Invoking toplevel() on ptolemy.moml.MoMLSimpleApplication@684834bd
----------------- Done invoking toplevel() on ptolemy.moml.MoMLSimpleApplication@684834bd
reloadAllAccessors: .ForbiddenInstantanousLoop

===========================================================================================
----------------- testing Sat Sep 21 05:45:40 UTC 2019 /home/travis/build/icyphy/ptII/ptolemy/domains/modal/test/auto/FunctionDependencyOfFSMActorTest.xml
----------------- Instantiating /home/travis/build/icyphy/ptII/ptolemy/domains/modal/test/auto/FunctionDependencyOfFSMActorTest.xml
23 ms. Memory: 220160K Free: 200791K (91%)
----------------- Invoking toplevel() on ptolemy.moml.MoMLSimpleApplication@337d7a45
----------------- Done invoking toplevel() on ptolemy.moml.MoMLSimpleApplication@337d7a45
reloadAllAccessors: .FunctionDependencyOfFSMActorTest

===========================================================================================
----------------- testing Sat Sep 21 05:45:40 UTC 2019 /home/travis/build/icyphy/ptII/ptolemy/domains/modal/test/auto/GuardExpression.xml
----------------- Instantiating /home/travis/build/icyphy/ptII/ptolemy/domains/modal/test/auto/GuardExpression.xml
2 ms. Memory: 220160K Free: 195200K (89%)
----------------- Invoking toplevel() on ptolemy.moml.MoMLSimpleApplication@495e8fea
----------------- Done invoking toplevel() on ptolemy.moml.MoMLSimpleApplication@495e8fea
reloadAllAccessors: .GuardExpression

===========================================================================================
----------------- testing Sat Sep 21 05:45:40 UTC 2019 /home/travis/build/icyphy/ptII/ptolemy/domains/modal/test/auto/GuardNotEvaluated.xml
----------------- Instantiating /home/travis/build/icyphy/ptII/ptolemy/domains/modal/test/auto/GuardNotEvaluated.xml
8 ms. Memory: 220160K Free: 186494K (85%)
----------------- Invoking toplevel() on ptolemy.moml.MoMLSimpleApplication@690b7df7
----------------- Done invoking toplevel() on ptolemy.moml.MoMLSimpleApplication@690b7df7
reloadAllAccessors: .GuardNotEvaluated

===========================================================================================
----------------- testing Sat Sep 21 05:45:40 UTC 2019 /home/travis/build/icyphy/ptII/ptolemy/domains/modal/test/auto/GuardNotEvaluated2.xml
----------------- Instantiating /home/travis/build/icyphy/ptII/ptolemy/domains/modal/test/auto/GuardNotEvaluated2.xml
10 ms. Memory: 220160K Free: 176768K (80%)
----------------- Invoking toplevel() on ptolemy.moml.MoMLSimpleApplication@64d1b53c
----------------- Done invoking toplevel() on ptolemy.moml.MoMLSimpleApplication@64d1b53c
reloadAllAccessors: .GuardNotEvaluated2

===========================================================================================
----------------- testing Sat Sep 21 05:45:40 UTC 2019 /home/travis/build/icyphy/ptII/ptolemy/domains/modal/test/auto/GuardOnAbsent.xml
----------------- Instantiating /home/travis/build/icyphy/ptII/ptolemy/domains/modal/test/auto/GuardOnAbsent.xml
9 ms. Memory: 220160K Free: 169053K (77%)
----------------- Invoking toplevel() on ptolemy.moml.MoMLSimpleApplication@3471616e
----------------- Done invoking toplevel() on ptolemy.moml.MoMLSimpleApplication@3471616e
reloadAllAccessors: .GuardOnAbsent

===========================================================================================
----------------- testing Sat Sep 21 05:45:40 UTC 2019 /home/travis/build/icyphy/ptII/ptolemy/domains/modal/test/auto/HierarchicalFSMTypeInference.xml
----------------- Instantiating /home/travis/build/icyphy/ptII/ptolemy/domains/modal/test/auto/HierarchicalFSMTypeInference.xml
3 ms. Memory: 220160K Free: 158336K (72%)
----------------- Invoking toplevel() on ptolemy.moml.MoMLSimpleApplication@5f17c848
----------------- Done invoking toplevel() on ptolemy.moml.MoMLSimpleApplication@5f17c848
reloadAllAccessors: .HierarchicalFSMTypeInference

===========================================================================================
----------------- testing Sat Sep 21 05:45:40 UTC 2019 /home/travis/build/icyphy/ptII/ptolemy/domains/modal/test/auto/Hysteresis.xml
----------------- Instantiating /home/travis/build/icyphy/ptII/ptolemy/domains/modal/test/auto/Hysteresis.xml
17 ms. Memory: 220160K Free: 145024K (66%)
----------------- Invoking toplevel() on ptolemy.moml.MoMLSimpleApplication@681bd0ae
----------------- Done invoking toplevel() on ptolemy.moml.MoMLSimpleApplication@681bd0ae
reloadAllAccessors: .Hysteresis

===========================================================================================
----------------- testing Sat Sep 21 05:45:41 UTC 2019 /home/travis/build/icyphy/ptII/ptolemy/domains/modal/test/auto/HysteresisWithDefault.xml
----------------- Instantiating /home/travis/build/icyphy/ptII/ptolemy/domains/modal/test/auto/HysteresisWithDefault.xml
36 ms. Memory: 220160K Free: 121968K (55%)
----------------- Invoking toplevel() on ptolemy.moml.MoMLSimpleApplication@48f09bf1
----------------- Done invoking toplevel() on ptolemy.moml.MoMLSimpleApplication@48f09bf1
reloadAllAccessors: .HysteresisWithDefault

===========================================================================================
----------------- testing Sat Sep 21 05:45:41 UTC 2019 /home/travis/build/icyphy/ptII/ptolemy/domains/modal/test/auto/HysteresisWithDefault2.xml
----------------- Instantiating /home/travis/build/icyphy/ptII/ptolemy/domains/modal/test/auto/HysteresisWithDefault2.xml
44 ms. Memory: 220160K Free: 92800K (42%)
----------------- Invoking toplevel() on ptolemy.moml.MoMLSimpleApplication@5ee43866
----------------- Done invoking toplevel() on ptolemy.moml.MoMLSimpleApplication@5ee43866
reloadAllAccessors: .HysteresisWithDefault2

===========================================================================================
----------------- testing Sat Sep 21 05:45:41 UTC 2019 /home/travis/build/icyphy/ptII/ptolemy/domains/modal/test/auto/ImmediateNonConstructiveness.xml
----------------- Instantiating /home/travis/build/icyphy/ptII/ptolemy/domains/modal/test/auto/ImmediateNonConstructiveness.xml
3 ms. Memory: 220160K Free: 85632K (39%)
----------------- Invoking toplevel() on ptolemy.moml.MoMLSimpleApplication@256525a2
----------------- Done invoking toplevel() on ptolemy.moml.MoMLSimpleApplication@256525a2
reloadAllAccessors: .ImmediateNonConstructiveness

===========================================================================================
----------------- testing Sat Sep 21 05:45:41 UTC 2019 /home/travis/build/icyphy/ptII/ptolemy/domains/modal/test/auto/ImmediateNonConstructiveness2.xml
----------------- Instantiating /home/travis/build/icyphy/ptII/ptolemy/domains/modal/test/auto/ImmediateNonConstructiveness2.xml
3 ms. Memory: 220160K Free: 78974K (36%)
----------------- Invoking toplevel() on ptolemy.moml.MoMLSimpleApplication@3bcac9bc
----------------- Done invoking toplevel() on ptolemy.moml.MoMLSimpleApplication@3bcac9bc
reloadAllAccessors: .ImmediateNonConstructiveness2

===========================================================================================
----------------- testing Sat Sep 21 05:45:41 UTC 2019 /home/travis/build/icyphy/ptII/ptolemy/domains/modal/test/auto/ImmediateTransitionReset.xml
----------------- Instantiating /home/travis/build/icyphy/ptII/ptolemy/domains/modal/test/auto/ImmediateTransitionReset.xml
9 ms. Memory: 220160K Free: 194661K (88%)
----------------- Invoking toplevel() on ptolemy.moml.MoMLSimpleApplication@423ba1c0
----------------- Done invoking toplevel() on ptolemy.moml.MoMLSimpleApplication@423ba1c0
reloadAllAccessors: .ImmediateTransitionReset

===========================================================================================
----------------- testing Sat Sep 21 05:45:41 UTC 2019 /home/travis/build/icyphy/ptII/ptolemy/domains/modal/test/auto/ImmediateTransitions1.xml
----------------- Instantiating /home/travis/build/icyphy/ptII/ptolemy/domains/modal/test/auto/ImmediateTransitions1.xml
2 ms. Memory: 220160K Free: 189544K (86%)
----------------- Invoking toplevel() on ptolemy.moml.MoMLSimpleApplication@9db4d62
----------------- Done invoking toplevel() on ptolemy.moml.MoMLSimpleApplication@9db4d62
reloadAllAccessors: .ImmediateTransitions1

===========================================================================================
----------------- testing Sat Sep 21 05:45:41 UTC 2019 /home/travis/build/icyphy/ptII/ptolemy/domains/modal/test/auto/ImmediateTransitionsInstantaneousCommunication.xml
----------------- Instantiating /home/travis/build/icyphy/ptII/ptolemy/domains/modal/test/auto/ImmediateTransitionsInstantaneousCommunication.xml
5 ms. Memory: 220160K Free: 177242K (81%)
----------------- Invoking toplevel() on ptolemy.moml.MoMLSimpleApplication@4a875d89
----------------- Done invoking toplevel() on ptolemy.moml.MoMLSimpleApplication@4a875d89
reloadAllAccessors: .ImmediateTransitionsInstantaneousCommunication

===========================================================================================
----------------- testing Sat Sep 21 05:45:41 UTC 2019 /home/travis/build/icyphy/ptII/ptolemy/domains/modal/test/auto/InitialImmediateTransition.xml
----------------- Instantiating /home/travis/build/icyphy/ptII/ptolemy/domains/modal/test/auto/InitialImmediateTransition.xml
3 ms. Memory: 220160K Free: 170082K (77%)
----------------- Invoking toplevel() on ptolemy.moml.MoMLSimpleApplication@6db6f920
----------------- Done invoking toplevel() on ptolemy.moml.MoMLSimpleApplication@6db6f920
reloadAllAccessors: .InitialImmediateTransition

===========================================================================================
----------------- testing Sat Sep 21 05:45:41 UTC 2019 /home/travis/build/icyphy/ptII/ptolemy/domains/modal/test/auto/InitialOutputs.xml
----------------- Instantiating /home/travis/build/icyphy/ptII/ptolemy/domains/modal/test/auto/InitialOutputs.xml
5 ms. Memory: 220160K Free: 163938K (74%)
----------------- Invoking toplevel() on ptolemy.moml.MoMLSimpleApplication@5d6477cf
----------------- Done invoking toplevel() on ptolemy.moml.MoMLSimpleApplication@5d6477cf
reloadAllAccessors: .InitialOutputs

===========================================================================================
----------------- testing Sat Sep 21 05:45:41 UTC 2019 /home/travis/build/icyphy/ptII/ptolemy/domains/modal/test/auto/InitialStateTransition1.xml
----------------- Instantiating /home/travis/build/icyphy/ptII/ptolemy/domains/modal/test/auto/InitialStateTransition1.xml
2 ms. Memory: 220160K Free: 156776K (71%)
----------------- Invoking toplevel() on ptolemy.moml.MoMLSimpleApplication@31273c92
----------------- Done invoking toplevel() on ptolemy.moml.MoMLSimpleApplication@31273c92
reloadAllAccessors: .InitialStateTransition1

===========================================================================================
----------------- testing Sat Sep 21 05:45:41 UTC 2019 /home/travis/build/icyphy/ptII/ptolemy/domains/modal/test/auto/InitialStateTransition2.xml
----------------- Instantiating /home/travis/build/icyphy/ptII/ptolemy/domains/modal/test/auto/InitialStateTransition2.xml
.InitialStateTransition2.TestExceptionAttributeNonConstructive: initialize() was not invoked, but wrapup() was.  This is unusual, but not always a problem.  For example, exporting JNLP will do this.
4 ms. Memory: 220160K Free: 149608K (68%)
----------------- Invoking toplevel() on ptolemy.moml.MoMLSimpleApplication@18835856
----------------- Done invoking toplevel() on ptolemy.moml.MoMLSimpleApplication@18835856
reloadAllAccessors: .InitialStateTransition2

===========================================================================================
----------------- testing Sat Sep 21 05:45:41 UTC 2019 /home/travis/build/icyphy/ptII/ptolemy/domains/modal/test/auto/InitialStateTransition3.xml
----------------- Instantiating /home/travis/build/icyphy/ptII/ptolemy/domains/modal/test/auto/InitialStateTransition3.xml
4 ms. Memory: 220160K Free: 141416K (64%)
----------------- Invoking toplevel() on ptolemy.moml.MoMLSimpleApplication@1a85e98f
----------------- Done invoking toplevel() on ptolemy.moml.MoMLSimpleApplication@1a85e98f
reloadAllAccessors: .InitialStateTransition3

===========================================================================================
----------------- testing Sat Sep 21 05:45:41 UTC 2019 /home/travis/build/icyphy/ptII/ptolemy/domains/modal/test/auto/InitialStateTransition4.xml
----------------- Instantiating /home/travis/build/icyphy/ptII/ptolemy/domains/modal/test/auto/InitialStateTransition4.xml
3 ms. Memory: 220160K Free: 131690K (60%)
----------------- Invoking toplevel() on ptolemy.moml.MoMLSimpleApplication@5483b210
----------------- Done invoking toplevel() on ptolemy.moml.MoMLSimpleApplication@5483b210
[...]
reloadAllAccessors: .TerminationTransition3

===========================================================================================
----------------- testing Sat Sep 21 05:45:43 UTC 2019 /home/travis/build/icyphy/ptII/ptolemy/domains/modal/test/auto/TerminationTransition4.xml
----------------- Instantiating /home/travis/build/icyphy/ptII/ptolemy/domains/modal/test/auto/TerminationTransition4.xml
5 ms. Memory: 264192K Free: 179329K (68%)
----------------- Invoking toplevel() on ptolemy.moml.MoMLSimpleApplication@467ab164
----------------- Done invoking toplevel() on ptolemy.moml.MoMLSimpleApplication@467ab164
reloadAllAccessors: .TerminationTransition4

===========================================================================================
----------------- testing Sat Sep 21 05:45:43 UTC 2019 /home/travis/build/icyphy/ptII/ptolemy/domains/modal/test/auto/TerminationTransition5.xml
----------------- Instantiating /home/travis/build/icyphy/ptII/ptolemy/domains/modal/test/auto/TerminationTransition5.xml
3 ms. Memory: 264192K Free: 165503K (63%)
----------------- Invoking toplevel() on ptolemy.moml.MoMLSimpleApplication@5c437da2
----------------- Done invoking toplevel() on ptolemy.moml.MoMLSimpleApplication@5c437da2
reloadAllAccessors: .TerminationTransition5

===========================================================================================
----------------- testing Sat Sep 21 05:45:43 UTC 2019 /home/travis/build/icyphy/ptII/ptolemy/domains/modal/test/auto/TerminationTransition6.xml
----------------- Instantiating /home/travis/build/icyphy/ptII/ptolemy/domains/modal/test/auto/TerminationTransition6.xml
2 ms. Memory: 264192K Free: 157311K (60%)
----------------- Invoking toplevel() on ptolemy.moml.MoMLSimpleApplication@571677c
----------------- Done invoking toplevel() on ptolemy.moml.MoMLSimpleApplication@571677c
reloadAllAccessors: .TerminationTransition6

===========================================================================================
----------------- testing Sat Sep 21 05:45:43 UTC 2019 /home/travis/build/icyphy/ptII/ptolemy/domains/modal/test/auto/TerminationTransition7.xml
----------------- Instantiating /home/travis/build/icyphy/ptII/ptolemy/domains/modal/test/auto/TerminationTransition7.xml
2 ms. Memory: 264192K Free: 147585K (56%)
----------------- Invoking toplevel() on ptolemy.moml.MoMLSimpleApplication@37b3c99c
----------------- Done invoking toplevel() on ptolemy.moml.MoMLSimpleApplication@37b3c99c
reloadAllAccessors: .TerminationTransition7

===========================================================================================
----------------- testing Sat Sep 21 05:45:43 UTC 2019 /home/travis/build/icyphy/ptII/ptolemy/domains/modal/test/auto/TerminationTransition8.xml
----------------- Instantiating /home/travis/build/icyphy/ptII/ptolemy/domains/modal/test/auto/TerminationTransition8.xml
2 ms. Memory: 264192K Free: 138367K (52%)
----------------- Invoking toplevel() on ptolemy.moml.MoMLSimpleApplication@35112b7d
----------------- Done invoking toplevel() on ptolemy.moml.MoMLSimpleApplication@35112b7d
reloadAllAccessors: .TerminationTransition8

===========================================================================================
----------------- testing Sat Sep 21 05:45:43 UTC 2019 /home/travis/build/icyphy/ptII/ptolemy/domains/modal/test/auto/Thermostat_NoHysteresis.xml
----------------- Instantiating /home/travis/build/icyphy/ptII/ptolemy/domains/modal/test/auto/Thermostat_NoHysteresis.xml
22 ms. Memory: 264192K Free: 113273K (43%)
----------------- Invoking toplevel() on ptolemy.moml.MoMLSimpleApplication@69c56ae9
----------------- Done invoking toplevel() on ptolemy.moml.MoMLSimpleApplication@69c56ae9
reloadAllAccessors: .Thermostat_NoHysteresis

===========================================================================================
----------------- testing Sat Sep 21 05:45:43 UTC 2019 /home/travis/build/icyphy/ptII/ptolemy/domains/modal/test/auto/TimedFSM.xml
----------------- Instantiating /home/travis/build/icyphy/ptII/ptolemy/domains/modal/test/auto/TimedFSM.xml
7 ms. Memory: 264192K Free: 101505K (38%)
----------------- Invoking toplevel() on ptolemy.moml.MoMLSimpleApplication@46e86884
----------------- Done invoking toplevel() on ptolemy.moml.MoMLSimpleApplication@46e86884
reloadAllAccessors: .TimedFSM

===========================================================================================
----------------- testing Sat Sep 21 05:45:43 UTC 2019 /home/travis/build/icyphy/ptII/ptolemy/domains/modal/test/auto/Timeout1.xml
----------------- Instantiating /home/travis/build/icyphy/ptII/ptolemy/domains/modal/test/auto/Timeout1.xml
3 ms. Memory: 264192K Free: 95857K (36%)
----------------- Invoking toplevel() on ptolemy.moml.MoMLSimpleApplication@6dd1e862
----------------- Done invoking toplevel() on ptolemy.moml.MoMLSimpleApplication@6dd1e862
reloadAllAccessors: .Timeout1

===========================================================================================
----------------- testing Sat Sep 21 05:45:43 UTC 2019 /home/travis/build/icyphy/ptII/ptolemy/domains/modal/test/auto/Timeout2.xml
----------------- Instantiating /home/travis/build/icyphy/ptII/ptolemy/domains/modal/test/auto/Timeout2.xml
10 ms. Memory: 317440K Free: 294979K (93%)
----------------- Invoking toplevel() on ptolemy.moml.MoMLSimpleApplication@32bc4241
----------------- Done invoking toplevel() on ptolemy.moml.MoMLSimpleApplication@32bc4241
reloadAllAccessors: .Timeout2

===========================================================================================
----------------- testing Sat Sep 21 05:45:43 UTC 2019 /home/travis/build/icyphy/ptII/ptolemy/domains/modal/test/auto/Timeout3.xml
----------------- Instantiating /home/travis/build/icyphy/ptII/ptolemy/domains/modal/test/auto/Timeout3.xml
2 ms. Memory: 317440K Free: 289859K (91%)
----------------- Invoking toplevel() on ptolemy.moml.MoMLSimpleApplication@32b5cf11
----------------- Done invoking toplevel() on ptolemy.moml.MoMLSimpleApplication@32b5cf11
reloadAllAccessors: .Timeout3

===========================================================================================
----------------- testing Sat Sep 21 05:45:43 UTC 2019 /home/travis/build/icyphy/ptII/ptolemy/domains/modal/test/auto/Timeout4.xml
----------------- Instantiating /home/travis/build/icyphy/ptII/ptolemy/domains/modal/test/auto/Timeout4.xml
2 ms. Memory: 317440K Free: 284739K (90%)
----------------- Invoking toplevel() on ptolemy.moml.MoMLSimpleApplication@306bed33
----------------- Done invoking toplevel() on ptolemy.moml.MoMLSimpleApplication@306bed33
reloadAllAccessors: .Timeout4

===========================================================================================
----------------- testing Sat Sep 21 05:45:43 UTC 2019 /home/travis/build/icyphy/ptII/ptolemy/domains/modal/test/auto/TransientstateModelAdvanced.xml
----------------- Instantiating /home/travis/build/icyphy/ptII/ptolemy/domains/modal/test/auto/TransientstateModelAdvanced.xml
3 ms. Memory: 317440K Free: 272451K (86%)
----------------- Invoking toplevel() on ptolemy.moml.MoMLSimpleApplication@495de06d
----------------- Done invoking toplevel() on ptolemy.moml.MoMLSimpleApplication@495de06d
reloadAllAccessors: .TransientstateModelAdvanced

===========================================================================================
----------------- testing Sat Sep 21 05:45:43 UTC 2019 /home/travis/build/icyphy/ptII/ptolemy/domains/modal/test/auto/TransientstateModelAdvanced2.xml
----------------- Instantiating /home/travis/build/icyphy/ptII/ptolemy/domains/modal/test/auto/TransientstateModelAdvanced2.xml
4 ms. Memory: 317440K Free: 258115K (81%)
----------------- Invoking toplevel() on ptolemy.moml.MoMLSimpleApplication@48e02764
----------------- Done invoking toplevel() on ptolemy.moml.MoMLSimpleApplication@48e02764
reloadAllAccessors: .transientstatemodelAdvanced

===========================================================================================
----------------- testing Sat Sep 21 05:45:43 UTC 2019 /home/travis/build/icyphy/ptII/ptolemy/domains/modal/test/auto/TransitionRefinements.xml
----------------- Instantiating /home/travis/build/icyphy/ptII/ptolemy/domains/modal/test/auto/TransitionRefinements.xml
12 ms. Memory: 317440K Free: 248370K (78%)
----------------- Invoking toplevel() on ptolemy.moml.MoMLSimpleApplication@3c7e2e32
----------------- Done invoking toplevel() on ptolemy.moml.MoMLSimpleApplication@3c7e2e32
reloadAllAccessors: .TransitionRefinements

===========================================================================================
----------------- testing Sat Sep 21 05:45:43 UTC 2019 /home/travis/build/icyphy/ptII/ptolemy/domains/modal/test/auto/TwoRefinements1.xml
----------------- Instantiating /home/travis/build/icyphy/ptII/ptolemy/domains/modal/test/auto/TwoRefinements1.xml
2 ms. Memory: 317440K Free: 238659K (75%)
----------------- Invoking toplevel() on ptolemy.moml.MoMLSimpleApplication@73949318
----------------- Done invoking toplevel() on ptolemy.moml.MoMLSimpleApplication@73949318
reloadAllAccessors: .TwoRefinements1

===========================================================================================
----------------- testing Sat Sep 21 05:45:43 UTC 2019 /home/travis/build/icyphy/ptII/ptolemy/domains/modal/test/auto/TwoRefinements2.xml
----------------- Instantiating /home/travis/build/icyphy/ptII/ptolemy/domains/modal/test/auto/TwoRefinements2.xml
3 ms. Memory: 317440K Free: 228929K (72%)
----------------- Invoking toplevel() on ptolemy.moml.MoMLSimpleApplication@d780f26
----------------- Done invoking toplevel() on ptolemy.moml.MoMLSimpleApplication@d780f26
reloadAllAccessors: .TwoRefinements2

===========================================================================================
----------------- testing Sat Sep 21 05:45:43 UTC 2019 /home/travis/build/icyphy/ptII/ptolemy/domains/modal/test/auto/WeakImmediateTransition.xml
----------------- Instantiating /home/travis/build/icyphy/ptII/ptolemy/domains/modal/test/auto/WeakImmediateTransition.xml
3 ms. Memory: 317440K Free: 220227K (69%)
----------------- Invoking toplevel() on ptolemy.moml.MoMLSimpleApplication@24561a38
----------------- Done invoking toplevel() on ptolemy.moml.MoMLSimpleApplication@24561a38
reloadAllAccessors: .WeakImmediateTransition

===========================================================================================
----------------- testing Sat Sep 21 05:45:43 UTC 2019 /home/travis/build/icyphy/ptII/ptolemy/domains/modal/test/auto/booleanSelect.xml
----------------- Instantiating /home/travis/build/icyphy/ptII/ptolemy/domains/modal/test/auto/booleanSelect.xml
25 ms. Memory: 317440K Free: 202290K (64%)
----------------- Invoking toplevel() on ptolemy.moml.MoMLSimpleApplication@14ed7671
----------------- Done invoking toplevel() on ptolemy.moml.MoMLSimpleApplication@14ed7671
reloadAllAccessors: .booleanSelect

===========================================================================================
----------------- testing Sat Sep 21 05:45:43 UTC 2019 /home/travis/build/icyphy/ptII/ptolemy/domains/modal/test/auto/modalChangingParams.xml
----------------- Instantiating /home/travis/build/icyphy/ptII/ptolemy/domains/modal/test/auto/modalChangingParams.xml
0
1
0
2
4
6
8
7
0
2
4
6
8
13
0
2
4
6
8
19
0
2
4
6
8
25
0
2
4
6
8
31
0
2
4
6
8
37
0
2
4
6
8
43
0
2
4
6
8
49
0
2
4
6
8
55
0
2
4
6
8
61
0
2
4
6
8
67
0
2
4
6
8
73
0
2
4
6
8
79
0
2
4
6
8
85
0
2
4
6
8
91
0
2
4
6
8
97
0
2
4
6
8
103
0
2
4
6
8
109
0
2
4
6
8
115
0
2
4
6
8
121
0
2
4
6
8
127
0
2
4
6
8
133
0
2
4
6
8
139
0
2
4
6
8
145
0
2
4
6
8
151
0
2
4
6
8
157
0
2
4
6
8
163
0
2
4
6
8
169
0
2
4
6
8
175
0
2
4
6
8
181
0
2
4
6
8
187
0
2
4
6
8
193
0
2
4
6
8
199
0
2
4
6
8
205
0
2
4
6
8
211
0
2
4
6
8
217
0
2
4
6
8
223
0
2
4
6
8
229
0
2
4
6
8
235
0
2
4
6
8
241
0
2
4
6
8
247
0
2
4
6
8
253
0
2
4
6
8
259
0
2
4
6
8
265
0
2
4
6
8
271
0
2
4
6
8
277
0
2
4
6
8
283
0
2
4
6
8
289
0
2
4
6
8
295
0
2
4
6
8
301
0
2
4
6
8
307
0
2
4
6
8
313
0
2
4
6
8
319
0
2
4
6
8
325
0
2
4
6
8
331
0
2
4
6
8
337
0
2
4
6
8
343
0
2
4
6
8
349
0
2
4
6
8
355
0
2
4
6
8
361
0
2
4
6
8
367
0
2
4
6
8
373
0
2
4
6
8
379
0
2
4
6
8
385
0
2
4
6
8
391
0
2
4
6
8
397
0
2
4
6
8
403
0
2
4
6
8
409
0
2
4
6
8
415
0
2
4
6
8
421
0
2
4
6
8
427
0
2
4
6
8
433
0
2
4
6
8
439
0
2
4
6
8
445
0
2
4
6
8
451
0
2
4
6
8
457
0
2
4
6
8
463
0
2
4
6
8
469
0
2
4
6
8
475
0
2
4
6
8
481
0
2
4
6
8
487
0
2
4
6
8
493
0
2
4
6
8
499
0
2
4
6
8
505
0
2
4
6
8
511
0
2
4
6
8
517
0
2
4
6
8
523
0
2
4
6
8
529
0
2
4
6
8
535
0
2
4
6
8
541
0
2
4
6
8
547
0
2
4
6
8
553
0
2
4
6
8
559
0
2
4
6
8
565
0
2
4
6
8
571
0
2
4
6
8
577
0
2
4
6
8
583
0
2
4
6
8
589
0
2
4
6
8
595
0
2
4
6
8
601
0
2
4
6
8
607
0
2
4
6
8
613
0
2
4
6
8
619
0
2
4
6
8
625
0
2
4
6
8
631
0
2
4
6
8
637
0
2
4
6
8
643
0
2
4
6
8
649
0
2
4
6
8
655
0
2
4
6
8
661
0
2
4
6
8
667
0
2
4
6
8
673
0
2
4
6
8
679
0
2
4
6
8
685
0
2
4
6
8
691
0
2
4
6
8
697
0
2
4
6
8
703
0
2
4
6
8
709
0
2
4
6
8
715
0
2
4
6
8
721
0
2
4
6
8
727
0
2
4
6
8
733
0
2
4
6
8
739
0
2
4
6
8
745
0
2
4
6
8
751
0
2
4
6
8
757
0
2
4
6
8
763
0
2
4
6
8
769
0
2
4
6
8
775
0
2
4
6
8
781
0
2
4
6
8
787
0
2
4
6
8
793
0
2
4
6
8
799
0
2
4
6
8
805
0
2
4
6
8
811
0
2
4
6
8
817
0
2
4
6
8
823
0
2
4
6
8
829
0
2
4
6
8
835
0
2
4
6
8
841
0
2
4
6
8
847
0
2
4
6
8
853
0
2
4
6
8
859
0
2
4
6
8
865
0
2
4
6
8
871
0
2
4
6
8
877
0
2
4
6
8
883
0
2
4
6
8
889
0
2
4
6
8
895
0
2
4
6
8
901
0
2
4
6
8
907
0
2
4
6
8
913
0
2
4
6
8
919
0
2
4
6
8
925
0
2
4
6
8
931
0
2
4
6
8
937
0
2
4
6
8
943
0
2
4
6
8
949
0
2
4
6
8
955
0
2
4
6
8
961
0
2
4
6
8
967
0
2
4
6
8
973
0
2
4
6
8
979
0
2
4
6
8
985
0
2
4
6
8
991
0
2
4
6
8
997
0
2
283 ms. Memory: 317440K Free: 274972K (87%)
----------------- Invoking toplevel() on ptolemy.moml.MoMLSimpleApplication@25d24d5d
----------------- Done invoking toplevel() on ptolemy.moml.MoMLSimpleApplication@25d24d5d
reloadAllAccessors: .modalChangingParams

===========================================================================================
----------------- testing Sat Sep 21 05:45:44 UTC 2019 /home/travis/build/icyphy/ptII/ptolemy/domains/modal/test/auto/modalModel.xml
----------------- Instantiating /home/travis/build/icyphy/ptII/ptolemy/domains/modal/test/auto/modalModel.xml
6 ms. Memory: 317440K Free: 265748K (84%)
----------------- Invoking toplevel() on ptolemy.moml.MoMLSimpleApplication@27a6bde8
----------------- Done invoking toplevel() on ptolemy.moml.MoMLSimpleApplication@27a6bde8
reloadAllAccessors: .modalModel

===========================================================================================
----------------- testing Sat Sep 21 05:45:44 UTC 2019 /home/travis/build/icyphy/ptII/ptolemy/domains/modal/test/auto/modalModel2.xml
----------------- Instantiating /home/travis/build/icyphy/ptII/ptolemy/domains/modal/test/auto/modalModel2.xml
11 ms. Memory: 317440K Free: 255012K (80%)
----------------- Invoking toplevel() on ptolemy.moml.MoMLSimpleApplication@1b72251d
----------------- Done invoking toplevel() on ptolemy.moml.MoMLSimpleApplication@1b72251d
reloadAllAccessors: .modalModel2

===========================================================================================
----------------- testing Sat Sep 21 05:45:44 UTC 2019 /home/travis/build/icyphy/ptII/ptolemy/domains/modal/test/auto/modalModel3.xml
----------------- Instantiating /home/travis/build/icyphy/ptII/ptolemy/domains/modal/test/auto/modalModel3.xml
0	0	0
1	0	1
4	2	2
7	4	3
10	6	4
5	0	5
8	2	6
11	4	7
14	6	8
9	0	9
12	2	10
15	4	11
18	6	12
13	0	13
16	2	14
17 ms. Memory: 317440K Free: 240676K (76%)
----------------- Invoking toplevel() on ptolemy.moml.MoMLSimpleApplication@6a867879
----------------- Done invoking toplevel() on ptolemy.moml.MoMLSimpleApplication@6a867879
reloadAllAccessors: .modalModel3

===========================================================================================
----------------- testing Sat Sep 21 05:45:44 UTC 2019 /home/travis/build/icyphy/ptII/ptolemy/domains/modal/test/auto/model1.xml
----------------- Instantiating /home/travis/build/icyphy/ptII/ptolemy/domains/modal/test/auto/model1.xml
12 ms. Memory: 317440K Free: 234532K (74%)
----------------- Invoking toplevel() on ptolemy.moml.MoMLSimpleApplication@33ab376
----------------- Done invoking toplevel() on ptolemy.moml.MoMLSimpleApplication@33ab376
reloadAllAccessors: .model1

===========================================================================================
----------------- testing Sat Sep 21 05:45:44 UTC 2019 /home/travis/build/icyphy/ptII/ptolemy/domains/modal/test/auto/test-direct-in-out.xml
----------------- Instantiating /home/travis/build/icyphy/ptII/ptolemy/domains/modal/test/auto/test-direct-in-out.xml
4 ms. Memory: 317440K Free: 226820K (71%)
----------------- Invoking toplevel() on ptolemy.moml.MoMLSimpleApplication@669de9ec
----------------- Done invoking toplevel() on ptolemy.moml.MoMLSimpleApplication@669de9ec
reloadAllAccessors: .test-direct-in-out
AutoTests.java: About to close Vertx.
AutoTests.java: Vertx closed.
]]></system-out>
  <system-err><![CDATA[java.lang.RuntimeException: Execution failed
	at ptolemy.moml.MoMLSimpleApplication$UnloadThread.run(MoMLSimpleApplication.java:402)
Caused by: ptolemy.kernel.util.IllegalActionException: Unknown inputs remain. Possible causality loop:
L_model_1893289564i

  in .CannotAnalysisWithPreemption.model_1893289564_region_1 and .CannotAnalysisWithPreemption.model_1893289564_region_1.L_model_1893289564i
	at ptolemy.actor.sched.FixedPointDirector.postfire(FixedPointDirector.java:515)
	at ptolemy.domains.sr.kernel.SRDirector.postfire(SRDirector.java:417)
	at ptolemy.actor.CompositeActor.postfire(CompositeActor.java:1668)
	at ptolemy.actor.Manager.iterate(Manager.java:852)
	at ptolemy.actor.Manager.execute(Manager.java:369)
	at ptolemy.actor.Manager.run(Manager.java:1263)
	at ptolemy.actor.Manager$PtolemyRunThread.run(Manager.java:1933)
java.lang.reflect.InvocationTargetException
	at java.base/jdk.internal.reflect.NativeConstructorAccessorImpl.newInstance0(Native Method)
	at java.base/jdk.internal.reflect.NativeConstructorAccessorImpl.newInstance(NativeConstructorAccessorImpl.java:62)
	at java.base/jdk.internal.reflect.DelegatingConstructorAccessorImpl.newInstance(DelegatingConstructorAccessorImpl.java:45)
	at java.base/java.lang.reflect.Constructor.newInstance(Constructor.java:490)
	at ptolemy.util.test.junit.AutoKnownFailedTests.RunModel(AutoKnownFailedTests.java:105)
	at java.base/jdk.internal.reflect.NativeMethodAccessorImpl.invoke0(Native Method)
	at java.base/jdk.internal.reflect.NativeMethodAccessorImpl.invoke(NativeMethodAccessorImpl.java:62)
	at java.base/jdk.internal.reflect.DelegatingMethodAccessorImpl.invoke(DelegatingMethodAccessorImpl.java:43)
	at java.base/java.lang.reflect.Method.invoke(Method.java:566)
	at org.junit.runners.model.FrameworkMethod$1.runReflectiveCall(FrameworkMethod.java:44)
	at org.junit.internal.runners.model.ReflectiveCallable.run(ReflectiveCallable.java:15)
	at org.junit.runners.model.FrameworkMethod.invokeExplosively(FrameworkMethod.java:41)
	at junitparams.internal.InvokeParameterisedMethod.evaluate(InvokeParameterisedMethod.java:102)
	at org.junit.internal.runners.statements.FailOnTimeout$1.run(FailOnTimeout.java:28)
Caused by: ptolemy.kernel.util.IllegalActionException: Unknown inputs remain. Possible causality loop:
L_model_1893289564i

  in .CannotAnalysisWithPreemption.model_1893289564_region_1 and .CannotAnalysisWithPreemption.model_1893289564_region_1.L_model_1893289564i
	at ptolemy.actor.sched.FixedPointDirector.postfire(FixedPointDirector.java:515)
	at ptolemy.domains.sr.kernel.SRDirector.postfire(SRDirector.java:417)
	at ptolemy.actor.CompositeActor.postfire(CompositeActor.java:1668)
	at ptolemy.actor.Manager.iterate(Manager.java:852)
	at ptolemy.actor.Manager.execute(Manager.java:369)
	at ptolemy.actor.Manager.run(Manager.java:1263)
	at ptolemy.actor.Manager$PtolemyRunThread.run(Manager.java:1933)
]]></system-err>
</testsuite>
