<?xml version="1.0" encoding="UTF-8" ?>
<testsuite errors="0" failures="0" hostname="travis-job-990b5a3c-b174-44b3-a939-5155121f9a15" name="ptolemy.domains.de.test.junit.JUnitTclTest" skipped="0" tests="101" time="125.302" timestamp="2020-08-03T15:18:05">
  <properties>
[...]
</properties>
  <testcase classname="ptolemy.util.test.junit.TclTests" name="[0] /home/travis/build/icyphy/ptII/ptolemy/domains/de/test/DependencyLoop.tcl (RunTclFile)" time="1.175" />
  <testcase classname="ptolemy.util.test.junit.TclTests" name="[1] /home/travis/build/icyphy/ptII/ptolemy/domains/de/test/RunDETestsAsQSS.tcl (RunTclFile)" time="84.325" />
  <testcase classname="ptolemy.util.test.junit.AutoKnownFailedTests" name="[0] /home/travis/build/icyphy/ptII/ptolemy/domains/de/test/auto/knownFailedTests/DESDFClockTest.xml (RunModel)" time="2.038" />
  <testcase classname="ptolemy.util.test.junit.AutoKnownFailedTests" name="[1] /home/travis/build/icyphy/ptII/ptolemy/domains/de/test/auto/knownFailedTests/DirectFeedback.xml (RunModel)" time="0.015" />
  <testcase classname="ptolemy.util.test.junit.AutoKnownFailedTests" name="[2] /home/travis/build/icyphy/ptII/ptolemy/domains/de/test/auto/knownFailedTests/FSMSource.xml (RunModel)" time="0.032" />
  <testcase classname="ptolemy.util.test.junit.AutoKnownFailedTests" name="[3] /home/travis/build/icyphy/ptII/ptolemy/domains/de/test/auto/knownFailedTests/HierarchicalModel.xml (RunModel)" time="0.05" />
  <testcase classname="ptolemy.util.test.junit.AutoKnownFailedTests" name="[4] /home/travis/build/icyphy/ptII/ptolemy/domains/de/test/auto/knownFailedTests/dependencyLoop.xml (RunModel)" time="0.051" />
  <testcase classname="ptolemy.util.test.junit.AutoKnownFailedTests" name="[5] /home/travis/build/icyphy/ptII/ptolemy/domains/de/test/auto/knownFailedTests/dependencyLoop2.xml (RunModel)" time="0.055" />
  <testcase classname="ptolemy.util.test.junit.AutoNameArchTests" name="[0] ThereAreNoAutoArchTests (RunModel)" time="0.002" />
  <testcase classname="ptolemy.util.test.junit.AutoTests" name="[0] /home/travis/build/icyphy/ptII/ptolemy/domains/de/test/auto/ActorDepthCalculation_actorWithoutPorts.xml (RunModel)" time="0.025" />
  <testcase classname="ptolemy.util.test.junit.AutoTests" name="[1] /home/travis/build/icyphy/ptII/ptolemy/domains/de/test/auto/AssemblyLine.xml (RunModel)" time="0.029" />
  <testcase classname="ptolemy.util.test.junit.AutoTests" name="[2] /home/travis/build/icyphy/ptII/ptolemy/domains/de/test/auto/CQBug1.xml (RunModel)" time="0.008" />
  <testcase classname="ptolemy.util.test.junit.AutoTests" name="[3] /home/travis/build/icyphy/ptII/ptolemy/domains/de/test/auto/CancelFireAt.xml (RunModel)" time="0.012" />
  <testcase classname="ptolemy.util.test.junit.AutoTests" name="[4] /home/travis/build/icyphy/ptII/ptolemy/domains/de/test/auto/CausalityAndComposabilityAnalysis.xml (RunModel)" time="0.033" />
  <testcase classname="ptolemy.util.test.junit.AutoTests" name="[5] /home/travis/build/icyphy/ptII/ptolemy/domains/de/test/auto/CausalityInterface1.xml (RunModel)" time="0.019" />
  <testcase classname="ptolemy.util.test.junit.AutoTests" name="[6] /home/travis/build/icyphy/ptII/ptolemy/domains/de/test/auto/CausalityInterface15.xml (RunModel)" time="0.015" />
  <testcase classname="ptolemy.util.test.junit.AutoTests" name="[7] /home/travis/build/icyphy/ptII/ptolemy/domains/de/test/auto/CausalityInterface2.xml (RunModel)" time="0.017" />
  <testcase classname="ptolemy.util.test.junit.AutoTests" name="[8] /home/travis/build/icyphy/ptII/ptolemy/domains/de/test/auto/CausalityInterface3.xml (RunModel)" time="0.019" />
  <testcase classname="ptolemy.util.test.junit.AutoTests" name="[9] /home/travis/build/icyphy/ptII/ptolemy/domains/de/test/auto/ClockDrift.xml (RunModel)" time="0.041" />
  <testcase classname="ptolemy.util.test.junit.AutoTests" name="[10] /home/travis/build/icyphy/ptII/ptolemy/domains/de/test/auto/ClockDriftAndValueChange.xml (RunModel)" time="0.035" />
  <testcase classname="ptolemy.util.test.junit.AutoTests" name="[11] /home/travis/build/icyphy/ptII/ptolemy/domains/de/test/auto/ClockDriftChange.xml (RunModel)" time="0.036" />
  <testcase classname="ptolemy.util.test.junit.AutoTests" name="[12] /home/travis/build/icyphy/ptII/ptolemy/domains/de/test/auto/ComposableCausalityAnalysis.xml (RunModel)" time="0.016" />
  <testcase classname="ptolemy.util.test.junit.AutoTests" name="[13] /home/travis/build/icyphy/ptII/ptolemy/domains/de/test/auto/DEFixedPointLimitation.xml (RunModel)" time="0.011" />
  <testcase classname="ptolemy.util.test.junit.AutoTests" name="[14] /home/travis/build/icyphy/ptII/ptolemy/domains/de/test/auto/DEScheduleTest.xml (RunModel)" time="0.017" />
  <testcase classname="ptolemy.util.test.junit.AutoTests" name="[15] /home/travis/build/icyphy/ptII/ptolemy/domains/de/test/auto/DEinDEwithStartTimes.xml (RunModel)" time="0.017" />
  <testcase classname="ptolemy.util.test.junit.AutoTests" name="[16] /home/travis/build/icyphy/ptII/ptolemy/domains/de/test/auto/DEinDEwithStartTimes2.xml (RunModel)" time="0.019" />
  <testcase classname="ptolemy.util.test.junit.AutoTests" name="[17] /home/travis/build/icyphy/ptII/ptolemy/domains/de/test/auto/DateDemo.xml (RunModel)" time="0.039" />
  <testcase classname="ptolemy.util.test.junit.AutoTests" name="[18] /home/travis/build/icyphy/ptII/ptolemy/domains/de/test/auto/DateToEvent.xml (RunModel)" time="2.046" />
  <testcase classname="ptolemy.util.test.junit.AutoTests" name="[19] /home/travis/build/icyphy/ptII/ptolemy/domains/de/test/auto/DepthTest1.xml (RunModel)" time="0.019" />
  <testcase classname="ptolemy.util.test.junit.AutoTests" name="[20] /home/travis/build/icyphy/ptII/ptolemy/domains/de/test/auto/DepthTest2.xml (RunModel)" time="0.02" />
  <testcase classname="ptolemy.util.test.junit.AutoTests" name="[21] /home/travis/build/icyphy/ptII/ptolemy/domains/de/test/auto/DepthTest3.xml (RunModel)" time="0.017" />
  <testcase classname="ptolemy.util.test.junit.AutoTests" name="[22] /home/travis/build/icyphy/ptII/ptolemy/domains/de/test/auto/DepthTest4.xml (RunModel)" time="0.02" />
  <testcase classname="ptolemy.util.test.junit.AutoTests" name="[23] /home/travis/build/icyphy/ptII/ptolemy/domains/de/test/auto/DepthTest5.xml (RunModel)" time="0.015" />
  <testcase classname="ptolemy.util.test.junit.AutoTests" name="[24] /home/travis/build/icyphy/ptII/ptolemy/domains/de/test/auto/DepthTest6.xml (RunModel)" time="0.014" />
  <testcase classname="ptolemy.util.test.junit.AutoTests" name="[25] /home/travis/build/icyphy/ptII/ptolemy/domains/de/test/auto/DepthTest7.xml (RunModel)" time="0.013" />
  <testcase classname="ptolemy.util.test.junit.AutoTests" name="[26] /home/travis/build/icyphy/ptII/ptolemy/domains/de/test/auto/EventToDate.xml (RunModel)" time="3.032" />
  <testcase classname="ptolemy.util.test.junit.AutoTests" name="[27] /home/travis/build/icyphy/ptII/ptolemy/domains/de/test/auto/FSM1.xml (RunModel)" time="0.051" />
  <testcase classname="ptolemy.util.test.junit.AutoTests" name="[28] /home/travis/build/icyphy/ptII/ptolemy/domains/de/test/auto/FSM7.xml (RunModel)" time="0.038" />
  <testcase classname="ptolemy.util.test.junit.AutoTests" name="[29] /home/travis/build/icyphy/ptII/ptolemy/domains/de/test/auto/Inspection.xml (RunModel)" time="0.048" />
  <testcase classname="ptolemy.util.test.junit.AutoTests" name="[30] /home/travis/build/icyphy/ptII/ptolemy/domains/de/test/auto/Iteration.xml (RunModel)" time="0.031" />
  <testcase classname="ptolemy.util.test.junit.AutoTests" name="[31] /home/travis/build/icyphy/ptII/ptolemy/domains/de/test/auto/LineFault.xml (RunModel)" time="0.493" />
  <testcase classname="ptolemy.util.test.junit.AutoTests" name="[32] /home/travis/build/icyphy/ptII/ptolemy/domains/de/test/auto/MergeModel1Add.xml (RunModel)" time="0.054" />
  <testcase classname="ptolemy.util.test.junit.AutoTests" name="[33] /home/travis/build/icyphy/ptII/ptolemy/domains/de/test/auto/MergeModel2Add.xml (RunModel)" time="0.038" />
  <testcase classname="ptolemy.util.test.junit.AutoTests" name="[34] /home/travis/build/icyphy/ptII/ptolemy/domains/de/test/auto/MergeModel3Add.xml (RunModel)" time="0.041" />
  <testcase classname="ptolemy.util.test.junit.AutoTests" name="[35] /home/travis/build/icyphy/ptII/ptolemy/domains/de/test/auto/MergeWithoutDiscard.xml (RunModel)" time="0.011" />
  <testcase classname="ptolemy.util.test.junit.AutoTests" name="[36] /home/travis/build/icyphy/ptII/ptolemy/domains/de/test/auto/Modal1.xml (RunModel)" time="0.034" />
  <testcase classname="ptolemy.util.test.junit.AutoTests" name="[37] /home/travis/build/icyphy/ptII/ptolemy/domains/de/test/auto/Modal2.xml (RunModel)" time="0.027" />
  <testcase classname="ptolemy.util.test.junit.AutoTests" name="[38] /home/travis/build/icyphy/ptII/ptolemy/domains/de/test/auto/Modal3.xml (RunModel)" time="0.029" />
  <testcase classname="ptolemy.util.test.junit.AutoTests" name="[39] /home/travis/build/icyphy/ptII/ptolemy/domains/de/test/auto/Modal4.xml (RunModel)" time="0.029" />
  <testcase classname="ptolemy.util.test.junit.AutoTests" name="[40] /home/travis/build/icyphy/ptII/ptolemy/domains/de/test/auto/Modal5.xml (RunModel)" time="0.031" />
  <testcase classname="ptolemy.util.test.junit.AutoTests" name="[41] /home/travis/build/icyphy/ptII/ptolemy/domains/de/test/auto/Modal6.xml (RunModel)" time="0.026" />
  <testcase classname="ptolemy.util.test.junit.AutoTests" name="[42] /home/travis/build/icyphy/ptII/ptolemy/domains/de/test/auto/Modal7.xml (RunModel)" time="0.035" />
  <testcase classname="ptolemy.util.test.junit.AutoTests" name="[43] /home/travis/build/icyphy/ptII/ptolemy/domains/de/test/auto/ModalModel.xml (RunModel)" time="0.172" />
  <testcase classname="ptolemy.util.test.junit.AutoTests" name="[44] /home/travis/build/icyphy/ptII/ptolemy/domains/de/test/auto/ModalSource.xml (RunModel)" time="0.016" />
  <testcase classname="ptolemy.util.test.junit.AutoTests" name="[45] /home/travis/build/icyphy/ptII/ptolemy/domains/de/test/auto/NonInterruptibleTimerZeroDelay.xml (RunModel)" time="0.009" />
  <testcase classname="ptolemy.util.test.junit.AutoTests" name="[46] /home/travis/build/icyphy/ptII/ptolemy/domains/de/test/auto/OpenQueueingNetwork.xml (RunModel)" time="2.373" />
  <testcase classname="ptolemy.util.test.junit.AutoTests" name="[47] /home/travis/build/icyphy/ptII/ptolemy/domains/de/test/auto/OpenQueuingNetwork.xml (RunModel)" time="0.278" />
  <testcase classname="ptolemy.util.test.junit.AutoTests" name="[48] /home/travis/build/icyphy/ptII/ptolemy/domains/de/test/auto/PeriodicSampler.xml (RunModel)" time="0.01" />
  <testcase classname="ptolemy.util.test.junit.AutoTests" name="[49] /home/travis/build/icyphy/ptII/ptolemy/domains/de/test/auto/PersistentIO.xml (RunModel)" time="0.023" />
  <testcase classname="ptolemy.util.test.junit.AutoTests" name="[50] /home/travis/build/icyphy/ptII/ptolemy/domains/de/test/auto/PortParameterResetOnInitialize.xml (RunModel)" time="0.013" />
  <testcase classname="ptolemy.util.test.junit.AutoTests" name="[51] /home/travis/build/icyphy/ptII/ptolemy/domains/de/test/auto/PortParameterUpdates.xml (RunModel)" time="0.017" />
  <testcase classname="ptolemy.util.test.junit.AutoTests" name="[52] /home/travis/build/icyphy/ptII/ptolemy/domains/de/test/auto/QueueAndServer.xml (RunModel)" time="0.032" />
  <testcase classname="ptolemy.util.test.junit.AutoTests" name="[53] /home/travis/build/icyphy/ptII/ptolemy/domains/de/test/auto/Records.xml (RunModel)" time="0.033" />
  <testcase classname="ptolemy.util.test.junit.AutoTests" name="[54] /home/travis/build/icyphy/ptII/ptolemy/domains/de/test/auto/ResetTransitionWithStartTime1.xml (RunModel)" time="0.023" />
  <testcase classname="ptolemy.util.test.junit.AutoTests" name="[55] /home/travis/build/icyphy/ptII/ptolemy/domains/de/test/auto/ResetTransitionWithStartTime2.xml (RunModel)" time="0.023" />
  <testcase classname="ptolemy.util.test.junit.AutoTests" name="[56] /home/travis/build/icyphy/ptII/ptolemy/domains/de/test/auto/ResetTransitionWithStartTime3.xml (RunModel)" time="0.023" />
  <testcase classname="ptolemy.util.test.junit.AutoTests" name="[57] /home/travis/build/icyphy/ptII/ptolemy/domains/de/test/auto/ResetTransitionWithStartTime4.xml (RunModel)" time="0.021" />
  <testcase classname="ptolemy.util.test.junit.AutoTests" name="[58] /home/travis/build/icyphy/ptII/ptolemy/domains/de/test/auto/ResettableTimer1.xml (RunModel)" time="0.011" />
  <testcase classname="ptolemy.util.test.junit.AutoTests" name="[59] /home/travis/build/icyphy/ptII/ptolemy/domains/de/test/auto/ResettableTimer2.xml (RunModel)" time="0.009" />
  <testcase classname="ptolemy.util.test.junit.AutoTests" name="[60] /home/travis/build/icyphy/ptII/ptolemy/domains/de/test/auto/ResettableTimer3.xml (RunModel)" time="0.009" />
  <testcase classname="ptolemy.util.test.junit.AutoTests" name="[61] /home/travis/build/icyphy/ptII/ptolemy/domains/de/test/auto/ResettableTimer4.xml (RunModel)" time="0.009" />
  <testcase classname="ptolemy.util.test.junit.AutoTests" name="[62] /home/travis/build/icyphy/ptII/ptolemy/domains/de/test/auto/ResettableTimer5.xml (RunModel)" time="0.01" />
  <testcase classname="ptolemy.util.test.junit.AutoTests" name="[63] /home/travis/build/icyphy/ptII/ptolemy/domains/de/test/auto/ResettableTimer6.xml (RunModel)" time="0.016" />
  <testcase classname="ptolemy.util.test.junit.AutoTests" name="[64] /home/travis/build/icyphy/ptII/ptolemy/domains/de/test/auto/ServerZeroDelay.xml (RunModel)" time="0.013" />
  <testcase classname="ptolemy.util.test.junit.AutoTests" name="[65] /home/travis/build/icyphy/ptII/ptolemy/domains/de/test/auto/SmartSender.xml (RunModel)" time="3.012" />
  <testcase classname="ptolemy.util.test.junit.AutoTests" name="[66] /home/travis/build/icyphy/ptII/ptolemy/domains/de/test/auto/ThreadedComposite.xml (RunModel)" time="0.193" />
  <testcase classname="ptolemy.util.test.junit.AutoTests" name="[67] /home/travis/build/icyphy/ptII/ptolemy/domains/de/test/auto/Time.xml (RunModel)" time="0.357" />
  <testcase classname="ptolemy.util.test.junit.AutoTests" name="[68] /home/travis/build/icyphy/ptII/ptolemy/domains/de/test/auto/TimeDelayZeroDelay.xml (RunModel)" time="0.023" />
  <testcase classname="ptolemy.util.test.junit.AutoTests" name="[69] /home/travis/build/icyphy/ptII/ptolemy/domains/de/test/auto/TimerZeroDelay.xml (RunModel)" time="0.011" />
  <testcase classname="ptolemy.util.test.junit.AutoTests" name="[70] /home/travis/build/icyphy/ptII/ptolemy/domains/de/test/auto/TimingParadox.xml (RunModel)" time="0.294" />
  <testcase classname="ptolemy.util.test.junit.AutoTests" name="[71] /home/travis/build/icyphy/ptII/ptolemy/domains/de/test/auto/TransferInputs.xml (RunModel)" time="0.013" />
  <testcase classname="ptolemy.util.test.junit.AutoTests" name="[72] /home/travis/build/icyphy/ptII/ptolemy/domains/de/test/auto/TransferOutputs2.xml (RunModel)" time="0.024" />
  <testcase classname="ptolemy.util.test.junit.AutoTests" name="[73] /home/travis/build/icyphy/ptII/ptolemy/domains/de/test/auto/Trilateration.xml (RunModel)" time="11.277" />
  <testcase classname="ptolemy.util.test.junit.AutoTests" name="[74] /home/travis/build/icyphy/ptII/ptolemy/domains/de/test/auto/TwoSigmaDelta.xml (RunModel)" time="1.917" />
  <testcase classname="ptolemy.util.test.junit.AutoTests" name="[75] /home/travis/build/icyphy/ptII/ptolemy/domains/de/test/auto/VariableDelay.xml (RunModel)" time="0.011" />
  <testcase classname="ptolemy.util.test.junit.AutoTests" name="[76] /home/travis/build/icyphy/ptII/ptolemy/domains/de/test/auto/VariableDelay2.xml (RunModel)" time="0.008" />
  <testcase classname="ptolemy.util.test.junit.AutoTests" name="[77] /home/travis/build/icyphy/ptII/ptolemy/domains/de/test/auto/VariableDelayZeroDelay.xml (RunModel)" time="0.012" />
  <testcase classname="ptolemy.util.test.junit.AutoTests" name="[78] /home/travis/build/icyphy/ptII/ptolemy/domains/de/test/auto/VariableDelayZeroDelay2.xml (RunModel)" time="0.011" />
  <testcase classname="ptolemy.util.test.junit.AutoTests" name="[79] /home/travis/build/icyphy/ptII/ptolemy/domains/de/test/auto/deInCt.xml (RunModel)" time="0.016" />
  <testcase classname="ptolemy.util.test.junit.AutoTests" name="[80] /home/travis/build/icyphy/ptII/ptolemy/domains/de/test/auto/deInCt2.xml (RunModel)" time="0.018" />
  <testcase classname="ptolemy.util.test.junit.AutoTests" name="[81] /home/travis/build/icyphy/ptII/ptolemy/domains/de/test/auto/dynamicCausalityInterface1.xml (RunModel)" time="0.02" />
  <testcase classname="ptolemy.util.test.junit.AutoTests" name="[82] /home/travis/build/icyphy/ptII/ptolemy/domains/de/test/auto/fsm_de_test.xml (RunModel)" time="0.018" />
  <testcase classname="ptolemy.util.test.junit.AutoTests" name="[83] /home/travis/build/icyphy/ptII/ptolemy/domains/de/test/auto/functionDependencyReconstruction.xml (RunModel)" time="0.047" />
  <testcase classname="ptolemy.util.test.junit.AutoTests" name="[84] /home/travis/build/icyphy/ptII/ptolemy/domains/de/test/auto/multirate.xml (RunModel)" time="0.019" />
  <testcase classname="ptolemy.util.test.junit.AutoTests" name="[85] /home/travis/build/icyphy/ptII/ptolemy/domains/de/test/auto/multirate2.xml (RunModel)" time="0.022" />
  <testcase classname="ptolemy.util.test.junit.AutoTests" name="[86] /home/travis/build/icyphy/ptII/ptolemy/domains/de/test/auto/realtime.xml (RunModel)" time="10.016" />
  <testcase classname="ptolemy.util.test.junit.AutoTests" name="[87] /home/travis/build/icyphy/ptII/ptolemy/domains/de/test/auto/relationGroup.xml (RunModel)" time="0.015" />
  <testcase classname="ptolemy.util.test.junit.AutoTests" name="[88] /home/travis/build/icyphy/ptII/ptolemy/domains/de/test/auto/relationGroup2.xml (RunModel)" time="0.015" />
  <testcase classname="ptolemy.util.test.junit.AutoTests" name="[89] /home/travis/build/icyphy/ptII/ptolemy/domains/de/test/auto/sortWithOpaquePorts.xml (RunModel)" time="0.016" />
  <testcase classname="ptolemy.util.test.junit.AutoTests" name="[90] /home/travis/build/icyphy/ptII/ptolemy/domains/de/test/auto/transferInputsandOutputs.xml (RunModel)" time="0.015" />
  <testcase classname="ptolemy.util.test.junit.AutoTests" name="[91] /home/travis/build/icyphy/ptII/ptolemy/domains/de/test/auto/triggerType.xml (RunModel)" time="0.01" />
  <system-out><![CDATA[/home/travis/build/icyphy/ptII/ptolemy/domains/de/test/DependencyLoop.tcl
testDefs.tcl: setting time out to 9000 seconds at Mon Aug 03 15:18:05 UTC 2020
84 ms. Memory: 129024K Free: 78792K (61%)
14 ms. Memory: 129024K Free: 61384K (48%)
/home/travis/build/icyphy/ptII/ptolemy/domains/de/test/RunDETestsAsQSS.tcl
Run the DE tests using ptolemy.domains.qss.test.QSSDirectorTest, which extends QSSDirector and prints a message in the constructors.
------------------ testing $PTII/ptolemy/domains/de/test/auto/knownFailedTests/DirectFeedback.xml (Known Failure) 
44 ms. Memory: 129024K Free: 56264K (44%)


==== $PTIIhome/travis/build/icyphy/ptII/ptolemy/domains/de/test/../../../../: Auto Automatic test in file $PTII/ptolemy/domains/de/test/auto/knownFailedTests/DirectFeedback.xml
==== Contents of test case:

	    # FIXME: we should use $relativeFilename here, but it
	    # might have backslashes under Windows, which causes no end
	    # of trouble.
	    createAndExecute $file
	    list {}
	
.... Test generated KNOWN error:
    while executing
ptolemy.kernel.util.IllegalActionException: Test fails in iteration 1.
Value was: 1.0. Should have been: 2.0
  in .DirectFeedback.Test
	at ptolemy.actor.lib.Test.fire(Test.java:268)
	at ptolemy.domains.de.kernel.DEDirector._fire(DEDirector.java:1949)
	at ptolemy.domains.de.kernel.DEDirector.fire(DEDirector.java:502)
	at ptolemy.actor.CompositeActor.fire(CompositeActor.java:455)
	at ptolemy.actor.Manager.iterate(Manager.java:851)
	at ptolemy.actor.Manager.execute(Manager.java:369)
	at ptolemy.actor.Manager.run(Manager.java:1263)
	at ptolemy.actor.Manager$PtolemyRunThread.run(Manager.java:1933)

    while executing
ptolemy.kernel.util.IllegalActionException: Test fails in iteration 1.
Value was: 1.0. Should have been: 2.0
  in .DirectFeedback.Test
    while executing
"java::new ptolemy.moml.MoMLSimpleApplication $file
"
    (procedure "createAndExecute" line 2)
    invoked from within
"createAndExecute $file"
    ("uplevel" body line 5)
    invoked from within
"uplevel $contents_of_test"
------------------ testing $PTII/ptolemy/domains/de/test/auto/knownFailedTests/dependencyLoop.xml (Known Failure) 
9 ms. Memory: 129024K Free: 53192K (41%)


==== $PTIIhome/travis/build/icyphy/ptII/ptolemy/domains/de/test/../../../../: Auto Automatic test in file $PTII/ptolemy/domains/de/test/auto/knownFailedTests/dependencyLoop.xml
==== Contents of test case:

	    # FIXME: we should use $relativeFilename here, but it
	    # might have backslashes under Windows, which causes no end
	    # of trouble.
	    createAndExecute $file
	    list {}
	
.... Test generated KNOWN error:
    while executing
ptolemy.kernel.util.IllegalActionException: Found a zero delay loop containing .dependencyLoop.original
  in .dependencyLoop and .dependencyLoop.original
	at ptolemy.actor.util.CausalityInterfaceForComposites._computeOutputPortDepth(CausalityInterfaceForComposites.java:759)
	at ptolemy.actor.util.CausalityInterfaceForComposites._computeInputDepth(CausalityInterfaceForComposites.java:696)
	at ptolemy.actor.util.CausalityInterfaceForComposites._computeOutputPortDepth(CausalityInterfaceForComposites.java:765)
	at ptolemy.actor.util.CausalityInterfaceForComposites._computeInputDepth(CausalityInterfaceForComposites.java:696)
	at ptolemy.actor.util.CausalityInterfaceForComposites._computeOutputPortDepth(CausalityInterfaceForComposites.java:765)
	at ptolemy.actor.util.CausalityInterfaceForComposites._computeInputDepth(CausalityInterfaceForComposites.java:696)
	at ptolemy.actor.util.CausalityInterfaceForComposites._computeActorDepth(CausalityInterfaceForComposites.java:532)
	at ptolemy.actor.util.CausalityInterfaceForComposites.checkForCycles(CausalityInterfaceForComposites.java:96)
	at ptolemy.domains.de.kernel.DEDirector.preinitialize(DEDirector.java:1338)
	at ptolemy.actor.CompositeActor.preinitialize(CompositeActor.java:1828)
	at ptolemy.actor.Manager.preinitializeAndResolveTypes(Manager.java:1040)
	at ptolemy.actor.Manager.initialize(Manager.java:710)
	at ptolemy.actor.Manager.execute(Manager.java:356)
	at ptolemy.actor.Manager.run(Manager.java:1263)
	at ptolemy.actor.Manager$PtolemyRunThread.run(Manager.java:1933)

    while executing
ptolemy.kernel.util.IllegalActionException: Found a zero delay loop containing .dependencyLoop.original
  in .dependencyLoop and .dependencyLoop.original
    while executing
"java::new ptolemy.moml.MoMLSimpleApplication $file
"
    (procedure "createAndExecute" line 2)
    invoked from within
"createAndExecute $file"
    ("uplevel" body line 5)
    invoked from within
"uplevel $contents_of_test"
------------------ testing $PTII/ptolemy/domains/de/test/auto/knownFailedTests/FSMSource.xml (Known Failure) 
74 ms. Memory: 129024K Free: 111676K (87%)
!!!! Auto was marked as failing, but now passes
------------------ testing $PTII/ptolemy/domains/de/test/auto/knownFailedTests/HierarchicalModel.xml (Known Failure) 
7 ms. Memory: 129024K Free: 94212K (73%)


==== $PTIIhome/travis/build/icyphy/ptII/ptolemy/domains/de/test/../../../../: Auto Automatic test in file $PTII/ptolemy/domains/de/test/auto/knownFailedTests/HierarchicalModel.xml
==== Contents of test case:

	    # FIXME: we should use $relativeFilename here, but it
	    # might have backslashes under Windows, which causes no end
	    # of trouble.
	    createAndExecute $file
	    list {}
	
.... Test generated KNOWN error:
    while executing
ptolemy.kernel.util.IllegalActionException: Found a zero delay loop containing .HierarchicalModel.A
  in .HierarchicalModel and .HierarchicalModel.A
	at ptolemy.actor.util.CausalityInterfaceForComposites._computeOutputPortDepth(CausalityInterfaceForComposites.java:759)
	at ptolemy.actor.util.CausalityInterfaceForComposites._computeInputDepth(CausalityInterfaceForComposites.java:696)
	at ptolemy.actor.util.CausalityInterfaceForComposites._computeOutputPortDepth(CausalityInterfaceForComposites.java:765)
	at ptolemy.actor.util.CausalityInterfaceForComposites._computeInputDepth(CausalityInterfaceForComposites.java:696)
	at ptolemy.actor.util.CausalityInterfaceForComposites._computeOutputPortDepth(CausalityInterfaceForComposites.java:765)
	at ptolemy.actor.util.CausalityInterfaceForComposites._computeInputDepth(CausalityInterfaceForComposites.java:696)
	at ptolemy.actor.util.CausalityInterfaceForComposites._computeActorDepth(CausalityInterfaceForComposites.java:532)
	at ptolemy.actor.util.CausalityInterfaceForComposites.checkForCycles(CausalityInterfaceForComposites.java:96)
	at ptolemy.domains.de.kernel.DEDirector.preinitialize(DEDirector.java:1338)
	at ptolemy.actor.CompositeActor.preinitialize(CompositeActor.java:1828)
	at ptolemy.actor.Manager.preinitializeAndResolveTypes(Manager.java:1040)
	at ptolemy.actor.Manager.initialize(Manager.java:710)
	at ptolemy.actor.Manager.execute(Manager.java:356)
	at ptolemy.actor.Manager.run(Manager.java:1263)
	at ptolemy.actor.Manager$PtolemyRunThread.run(Manager.java:1933)

    while executing
ptolemy.kernel.util.IllegalActionException: Found a zero delay loop containing .HierarchicalModel.A
  in .HierarchicalModel and .HierarchicalModel.A
    while executing
"java::new ptolemy.moml.MoMLSimpleApplication $file
"
    (procedure "createAndExecute" line 2)
    invoked from within
"createAndExecute $file"
    ("uplevel" body line 5)
    invoked from within
"uplevel $contents_of_test"
------------------ testing $PTII/ptolemy/domains/de/test/auto/knownFailedTests/dependencyLoop2.xml (Known Failure) 
17 ms. Memory: 129024K Free: 78295K (61%)


==== $PTIIhome/travis/build/icyphy/ptII/ptolemy/domains/de/test/../../../../: Auto Automatic test in file $PTII/ptolemy/domains/de/test/auto/knownFailedTests/dependencyLoop2.xml
==== Contents of test case:

	    # FIXME: we should use $relativeFilename here, but it
	    # might have backslashes under Windows, which causes no end
	    # of trouble.
	    createAndExecute $file
	    list {}
	
.... Test generated KNOWN error:
    while executing
ptolemy.kernel.util.IllegalActionException: Found a zero delay loop containing .dependencyLoop2.original
  in .dependencyLoop2 and .dependencyLoop2.original
	at ptolemy.actor.util.CausalityInterfaceForComposites._computeOutputPortDepth(CausalityInterfaceForComposites.java:759)
	at ptolemy.actor.util.CausalityInterfaceForComposites._computeInputDepth(CausalityInterfaceForComposites.java:696)
	at ptolemy.actor.util.CausalityInterfaceForComposites._computeOutputPortDepth(CausalityInterfaceForComposites.java:765)
	at ptolemy.actor.util.CausalityInterfaceForComposites._computeInputDepth(CausalityInterfaceForComposites.java:696)
	at ptolemy.actor.util.CausalityInterfaceForComposites._computeOutputPortDepth(CausalityInterfaceForComposites.java:765)
	at ptolemy.actor.util.CausalityInterfaceForComposites._computeInputDepth(CausalityInterfaceForComposites.java:696)
	at ptolemy.actor.util.CausalityInterfaceForComposites._computeActorDepth(CausalityInterfaceForComposites.java:532)
	at ptolemy.actor.util.CausalityInterfaceForComposites.checkForCycles(CausalityInterfaceForComposites.java:96)
	at ptolemy.domains.de.kernel.DEDirector.preinitialize(DEDirector.java:1338)
	at ptolemy.actor.CompositeActor.preinitialize(CompositeActor.java:1828)
	at ptolemy.actor.Manager.preinitializeAndResolveTypes(Manager.java:1040)
	at ptolemy.actor.Manager.initialize(Manager.java:710)
	at ptolemy.actor.Manager.execute(Manager.java:356)
	at ptolemy.actor.Manager.run(Manager.java:1263)
	at ptolemy.actor.Manager$PtolemyRunThread.run(Manager.java:1933)

    while executing
ptolemy.kernel.util.IllegalActionException: Found a zero delay loop containing .dependencyLoop2.original
  in .dependencyLoop2 and .dependencyLoop2.original
    while executing
"java::new ptolemy.moml.MoMLSimpleApplication $file
"
    (procedure "createAndExecute" line 2)
    invoked from within
"createAndExecute $file"
    ("uplevel" body line 5)
    invoked from within
"uplevel $contents_of_test"
------------------ testing $PTII/ptolemy/domains/de/test/auto/knownFailedTests/DESDFClockTest.xml (Known Failure) 
2046 ms. Memory: 129024K Free: 108866K (84%)


==== $PTIIhome/travis/build/icyphy/ptII/ptolemy/domains/de/test/../../../../: Auto Automatic test in file $PTII/ptolemy/domains/de/test/auto/knownFailedTests/DESDFClockTest.xml
==== Contents of test case:

	    # FIXME: we should use $relativeFilename here, but it
	    # might have backslashes under Windows, which causes no end
	    # of trouble.
	    createAndExecute $file
	    list {}
	
.... Test generated KNOWN error:
    while executing
ptolemy.kernel.util.IllegalActionException: Actor is not ready to fire.  Perhaps UpSample.prefire() returned false? Try debugging the actor by selecting "Listen to Actor".  Also, for SDF check moml for tokenConsumptionRate on input.
  in .DESDFClockTest.Play Bell.Copy1:SDF Director and .DESDFClockTest.Play Bell.UpSample
	at ptolemy.actor.sched.StaticSchedulingDirector.fire(StaticSchedulingDirector.java:227)
	at ptolemy.domains.sdf.kernel.SDFDirector.fire(SDFDirector.java:500)
	at ptolemy.actor.CompositeActor.fire(CompositeActor.java:455)
	at ptolemy.domains.de.kernel.DEDirector._fire(DEDirector.java:1949)
	at ptolemy.domains.de.kernel.DEDirector.fire(DEDirector.java:502)
	at ptolemy.actor.CompositeActor.fire(CompositeActor.java:455)
	at ptolemy.actor.Manager.iterate(Manager.java:851)
	at ptolemy.actor.Manager.execute(Manager.java:369)
	at ptolemy.actor.Manager.run(Manager.java:1263)
	at ptolemy.actor.Manager$PtolemyRunThread.run(Manager.java:1933)

    while executing
ptolemy.kernel.util.IllegalActionException: Actor is not ready to fire.  Perhaps UpSample.prefire() returned false? Try debugging the actor by selecting "Listen to Actor".  Also, for SDF check moml for tokenConsumptionRate on input.
  in .DESDFClockTest.Play Bell.Copy1:SDF Director and .DESDFClockTest.Play Bell.UpSample
    while executing
"java::new ptolemy.moml.MoMLSimpleApplication $file
"
    (procedure "createAndExecute" line 2)
    invoked from within
"createAndExecute $file"
    ("uplevel" body line 5)
    invoked from within
"uplevel $contents_of_test"
------------------ testing $PTII/ptolemy/domains/de/test/auto/ActorDepthCalculation_actorWithoutPorts.xml
auto.tcl: Setting watchdog for 200 seconds at Mon Aug 03 15:18:09 UTC 2020
6 ms. Memory: 129024K Free: 101684K (79%)
ptolemy.util.test.WatchDog.cancel(): canceling Mon Aug 03 15:18:09 UTC 2020
auto.tcl: Setting watchdog for 200 seconds at Mon Aug 03 15:18:09 UTC 2020
5 ms. Memory: 129024K Free: 100164K (78%)
ptolemy.util.test.WatchDog.cancel(): canceling Mon Aug 03 15:18:09 UTC 2020
------------------ testing $PTII/ptolemy/domains/de/test/auto/AssemblyLine.xml
auto.tcl: Setting watchdog for 200 seconds at Mon Aug 03 15:18:09 UTC 2020
8 ms. Memory: 51200K Free: 27488K (54%)
ptolemy.util.test.WatchDog.cancel(): canceling Mon Aug 03 15:18:09 UTC 2020
auto.tcl: Setting watchdog for 200 seconds at Mon Aug 03 15:18:09 UTC 2020
10 ms. Memory: 51200K Free: 27005K (53%)
ptolemy.util.test.WatchDog.cancel(): canceling Mon Aug 03 15:18:09 UTC 2020
------------------ testing $PTII/ptolemy/domains/de/test/auto/CQBug1.xml
auto.tcl: Setting watchdog for 200 seconds at Mon Aug 03 15:18:09 UTC 2020
4 ms. Memory: 51200K Free: 33832K (66%)
ptolemy.util.test.WatchDog.cancel(): canceling Mon Aug 03 15:18:09 UTC 2020
auto.tcl: Setting watchdog for 200 seconds at Mon Aug 03 15:18:09 UTC 2020
3 ms. Memory: 51200K Free: 33357K (65%)
ptolemy.util.test.WatchDog.cancel(): canceling Mon Aug 03 15:18:09 UTC 2020
------------------ testing $PTII/ptolemy/domains/de/test/auto/CancelFireAt.xml
auto.tcl: Setting watchdog for 200 seconds at Mon Aug 03 15:18:10 UTC 2020
3 ms. Memory: 48128K Free: 31674K (66%)
ptolemy.util.test.WatchDog.cancel(): canceling Mon Aug 03 15:18:10 UTC 2020
auto.tcl: Setting watchdog for 200 seconds at Mon Aug 03 15:18:10 UTC 2020
3 ms. Memory: 48128K Free: 31243K (65%)
ptolemy.util.test.WatchDog.cancel(): canceling Mon Aug 03 15:18:10 UTC 2020
------------------ testing $PTII/ptolemy/domains/de/test/auto/CausalityAndComposabilityAnalysis.xml
auto.tcl: Setting watchdog for 200 seconds at Mon Aug 03 15:18:10 UTC 2020
10 ms. Memory: 48128K Free: 29909K (62%)
ptolemy.util.test.WatchDog.cancel(): canceling Mon Aug 03 15:18:10 UTC 2020
auto.tcl: Setting watchdog for 200 seconds at Mon Aug 03 15:18:10 UTC 2020
9 ms. Memory: 48128K Free: 29060K (60%)
ptolemy.util.test.WatchDog.cancel(): canceling Mon Aug 03 15:18:10 UTC 2020
------------------ testing $PTII/ptolemy/domains/de/test/auto/CausalityInterface1.xml
auto.tcl: Setting watchdog for 200 seconds at Mon Aug 03 15:18:10 UTC 2020
40 ms. Memory: 48128K Free: 28351K (59%)
ptolemy.util.test.WatchDog.cancel(): canceling Mon Aug 03 15:18:10 UTC 2020
auto.tcl: Setting watchdog for 200 seconds at Mon Aug 03 15:18:10 UTC 2020
5 ms. Memory: 48128K Free: 27369K (57%)
ptolemy.util.test.WatchDog.cancel(): canceling Mon Aug 03 15:18:10 UTC 2020
------------------ testing $PTII/ptolemy/domains/de/test/auto/CausalityInterface15.xml
auto.tcl: Setting watchdog for 200 seconds at Mon Aug 03 15:18:10 UTC 2020
10 ms. Memory: 48128K Free: 28516K (59%)
ptolemy.util.test.WatchDog.cancel(): canceling Mon Aug 03 15:18:10 UTC 2020
auto.tcl: Setting watchdog for 200 seconds at Mon Aug 03 15:18:10 UTC 2020
8 ms. Memory: 48128K Free: 27342K (57%)
ptolemy.util.test.WatchDog.cancel(): canceling Mon Aug 03 15:18:10 UTC 2020
------------------ testing $PTII/ptolemy/domains/de/test/auto/CausalityInterface2.xml
auto.tcl: Setting watchdog for 200 seconds at Mon Aug 03 15:18:10 UTC 2020
7 ms. Memory: 48128K Free: 29026K (60%)
ptolemy.util.test.WatchDog.cancel(): canceling Mon Aug 03 15:18:10 UTC 2020
auto.tcl: Setting watchdog for 200 seconds at Mon Aug 03 15:18:10 UTC 2020
3 ms. Memory: 48128K Free: 28312K (59%)
ptolemy.util.test.WatchDog.cancel(): canceling Mon Aug 03 15:18:10 UTC 2020
------------------ testing $PTII/ptolemy/domains/de/test/auto/CausalityInterface3.xml
auto.tcl: Setting watchdog for 200 seconds at Mon Aug 03 15:18:10 UTC 2020
7 ms. Memory: 48128K Free: 28532K (59%)
ptolemy.util.test.WatchDog.cancel(): canceling Mon Aug 03 15:18:10 UTC 2020
auto.tcl: Setting watchdog for 200 seconds at Mon Aug 03 15:18:10 UTC 2020
3 ms. Memory: 48128K Free: 28101K (58%)
ptolemy.util.test.WatchDog.cancel(): canceling Mon Aug 03 15:18:10 UTC 2020
------------------ testing $PTII/ptolemy/domains/de/test/auto/ClockDrift.xml
auto.tcl: Setting watchdog for 200 seconds at Mon Aug 03 15:18:10 UTC 2020
86 ms. Memory: 48128K Free: 21116K (44%)
ptolemy.util.test.WatchDog.cancel(): canceling Mon Aug 03 15:18:10 UTC 2020
auto.tcl: Setting watchdog for 200 seconds at Mon Aug 03 15:18:10 UTC 2020
37 ms. Memory: 48128K Free: 17685K (37%)
ptolemy.util.test.WatchDog.cancel(): canceling Mon Aug 03 15:18:10 UTC 2020
------------------ testing $PTII/ptolemy/domains/de/test/auto/ClockDriftAndValueChange.xml
auto.tcl: Setting watchdog for 200 seconds at Mon Aug 03 15:18:10 UTC 2020
49 ms. Memory: 48128K Free: 21551K (45%)
ptolemy.util.test.WatchDog.cancel(): canceling Mon Aug 03 15:18:10 UTC 2020
auto.tcl: Setting watchdog for 200 seconds at Mon Aug 03 15:18:10 UTC 2020
31 ms. Memory: 48128K Free: 18359K (38%)
ptolemy.util.test.WatchDog.cancel(): canceling Mon Aug 03 15:18:10 UTC 2020
------------------ testing $PTII/ptolemy/domains/de/test/auto/ClockDriftChange.xml
auto.tcl: Setting watchdog for 200 seconds at Mon Aug 03 15:18:11 UTC 2020
27 ms. Memory: 48128K Free: 23253K (48%)
ptolemy.util.test.WatchDog.cancel(): canceling Mon Aug 03 15:18:11 UTC 2020
auto.tcl: Setting watchdog for 200 seconds at Mon Aug 03 15:18:11 UTC 2020
19 ms. Memory: 48128K Free: 20698K (43%)
ptolemy.util.test.WatchDog.cancel(): canceling Mon Aug 03 15:18:11 UTC 2020
------------------ testing $PTII/ptolemy/domains/de/test/auto/ComposableCausalityAnalysis.xml
auto.tcl: Setting watchdog for 200 seconds at Mon Aug 03 15:18:11 UTC 2020
2 ms. Memory: 48128K Free: 27906K (58%)
ptolemy.util.test.WatchDog.cancel(): canceling Mon Aug 03 15:18:11 UTC 2020
auto.tcl: Setting watchdog for 200 seconds at Mon Aug 03 15:18:11 UTC 2020
5 ms. Memory: 48128K Free: 26851K (56%)
ptolemy.util.test.WatchDog.cancel(): canceling Mon Aug 03 15:18:11 UTC 2020
------------------ testing $PTII/ptolemy/domains/de/test/auto/DEFixedPointLimitation.xml
auto.tcl: Setting watchdog for 200 seconds at Mon Aug 03 15:18:11 UTC 2020
4 ms. Memory: 48128K Free: 29249K (61%)
ptolemy.util.test.WatchDog.cancel(): canceling Mon Aug 03 15:18:11 UTC 2020
auto.tcl: Setting watchdog for 200 seconds at Mon Aug 03 15:18:11 UTC 2020
2 ms. Memory: 48128K Free: 28316K (59%)
ptolemy.util.test.WatchDog.cancel(): canceling Mon Aug 03 15:18:11 UTC 2020
------------------ testing $PTII/ptolemy/domains/de/test/auto/DEScheduleTest.xml
auto.tcl: Setting watchdog for 200 seconds at Mon Aug 03 15:18:11 UTC 2020
6 ms. Memory: 48128K Free: 29549K (61%)
ptolemy.util.test.WatchDog.cancel(): canceling Mon Aug 03 15:18:11 UTC 2020
auto.tcl: Setting watchdog for 200 seconds at Mon Aug 03 15:18:11 UTC 2020
3 ms. Memory: 48128K Free: 28809K (60%)
ptolemy.util.test.WatchDog.cancel(): canceling Mon Aug 03 15:18:11 UTC 2020
------------------ testing $PTII/ptolemy/domains/de/test/auto/DEinDEwithStartTimes.xml
auto.tcl: Setting watchdog for 200 seconds at Mon Aug 03 15:18:11 UTC 2020
3 ms. Memory: 48128K Free: 27679K (58%)
ptolemy.util.test.WatchDog.cancel(): canceling Mon Aug 03 15:18:11 UTC 2020
auto.tcl: Setting watchdog for 200 seconds at Mon Aug 03 15:18:11 UTC 2020
3 ms. Memory: 48128K Free: 26655K (55%)
ptolemy.util.test.WatchDog.cancel(): canceling Mon Aug 03 15:18:11 UTC 2020
------------------ testing $PTII/ptolemy/domains/de/test/auto/DEinDEwithStartTimes2.xml
auto.tcl: Setting watchdog for 200 seconds at Mon Aug 03 15:18:11 UTC 2020
3 ms. Memory: 48128K Free: 26933K (56%)
ptolemy.util.test.WatchDog.cancel(): canceling Mon Aug 03 15:18:11 UTC 2020
auto.tcl: Setting watchdog for 200 seconds at Mon Aug 03 15:18:11 UTC 2020
4 ms. Memory: 48128K Free: 25609K (53%)
ptolemy.util.test.WatchDog.cancel(): canceling Mon Aug 03 15:18:11 UTC 2020
------------------ testing $PTII/ptolemy/domains/de/test/auto/DateDemo.xml
auto.tcl: Setting watchdog for 200 seconds at Mon Aug 03 15:18:11 UTC 2020
20 ms. Memory: 48128K Free: 21569K (45%)
ptolemy.util.test.WatchDog.cancel(): canceling Mon Aug 03 15:18:11 UTC 2020
auto.tcl: Setting watchdog for 200 seconds at Mon Aug 03 15:18:11 UTC 2020
14 ms. Memory: 48128K Free: 19709K (41%)
ptolemy.util.test.WatchDog.cancel(): canceling Mon Aug 03 15:18:11 UTC 2020
------------------ testing $PTII/ptolemy/domains/de/test/auto/DateToEvent.xml
auto.tcl: Setting watchdog for 200 seconds at Mon Aug 03 15:18:11 UTC 2020
2013 ms. Memory: 48128K Free: 16946K (35%)
ptolemy.util.test.WatchDog.cancel(): canceling Mon Aug 03 15:18:13 UTC 2020
auto.tcl: Setting watchdog for 200 seconds at Mon Aug 03 15:18:13 UTC 2020
2006 ms. Memory: 48128K Free: 16175K (34%)
ptolemy.util.test.WatchDog.cancel(): canceling Mon Aug 03 15:18:15 UTC 2020
------------------ testing $PTII/ptolemy/domains/de/test/auto/DepthTest1.xml
auto.tcl: Setting watchdog for 200 seconds at Mon Aug 03 15:18:15 UTC 2020
3 ms. Memory: 48128K Free: 30319K (63%)
ptolemy.util.test.WatchDog.cancel(): canceling Mon Aug 03 15:18:15 UTC 2020
auto.tcl: Setting watchdog for 200 seconds at Mon Aug 03 15:18:15 UTC 2020
1 ms. Memory: 48128K Free: 29927K (62%)
ptolemy.util.test.WatchDog.cancel(): canceling Mon Aug 03 15:18:15 UTC 2020
------------------ testing $PTII/ptolemy/domains/de/test/auto/DepthTest2.xml
auto.tcl: Setting watchdog for 200 seconds at Mon Aug 03 15:18:15 UTC 2020
8 ms. Memory: 48128K Free: 27188K (56%)
ptolemy.util.test.WatchDog.cancel(): canceling Mon Aug 03 15:18:16 UTC 2020
auto.tcl: Setting watchdog for 200 seconds at Mon Aug 03 15:18:16 UTC 2020
3 ms. Memory: 48128K Free: 26810K (56%)
ptolemy.util.test.WatchDog.cancel(): canceling Mon Aug 03 15:18:16 UTC 2020
------------------ testing $PTII/ptolemy/domains/de/test/auto/DepthTest3.xml
auto.tcl: Setting watchdog for 200 seconds at Mon Aug 03 15:18:16 UTC 2020
2 ms. Memory: 48128K Free: 30649K (64%)
ptolemy.util.test.WatchDog.cancel(): canceling Mon Aug 03 15:18:16 UTC 2020
auto.tcl: Setting watchdog for 200 seconds at Mon Aug 03 15:18:16 UTC 2020
1 ms. Memory: 48128K Free: 30254K (63%)
ptolemy.util.test.WatchDog.cancel(): canceling Mon Aug 03 15:18:16 UTC 2020
------------------ testing $PTII/ptolemy/domains/de/test/auto/DepthTest4.xml
auto.tcl: Setting watchdog for 200 seconds at Mon Aug 03 15:18:16 UTC 2020
3 ms. Memory: 48128K Free: 29006K (60%)
ptolemy.util.test.WatchDog.cancel(): canceling Mon Aug 03 15:18:16 UTC 2020
auto.tcl: Setting watchdog for 200 seconds at Mon Aug 03 15:18:16 UTC 2020
2 ms. Memory: 48128K Free: 28289K (59%)
ptolemy.util.test.WatchDog.cancel(): canceling Mon Aug 03 15:18:16 UTC 2020
------------------ testing $PTII/ptolemy/domains/de/test/auto/DepthTest5.xml
auto.tcl: Setting watchdog for 200 seconds at Mon Aug 03 15:18:16 UTC 2020
3 ms. Memory: 48128K Free: 28405K (59%)
ptolemy.util.test.WatchDog.cancel(): canceling Mon Aug 03 15:18:16 UTC 2020
auto.tcl: Setting watchdog for 200 seconds at Mon Aug 03 15:18:16 UTC 2020
3 ms. Memory: 48128K Free: 27648K (57%)
ptolemy.util.test.WatchDog.cancel(): canceling Mon Aug 03 15:18:16 UTC 2020
------------------ testing $PTII/ptolemy/domains/de/test/auto/DepthTest6.xml
auto.tcl: Setting watchdog for 200 seconds at Mon Aug 03 15:18:16 UTC 2020
5 ms. Memory: 48128K Free: 28121K (58%)
ptolemy.util.test.WatchDog.cancel(): canceling Mon Aug 03 15:18:16 UTC 2020
auto.tcl: Setting watchdog for 200 seconds at Mon Aug 03 15:18:16 UTC 2020
2 ms. Memory: 48128K Free: 27710K (58%)
ptolemy.util.test.WatchDog.cancel(): canceling Mon Aug 03 15:18:16 UTC 2020
------------------ testing $PTII/ptolemy/domains/de/test/auto/DepthTest7.xml
auto.tcl: Setting watchdog for 200 seconds at Mon Aug 03 15:18:16 UTC 2020
2 ms. Memory: 48128K Free: 28729K (60%)
ptolemy.util.test.WatchDog.cancel(): canceling Mon Aug 03 15:18:16 UTC 2020
auto.tcl: Setting watchdog for 200 seconds at Mon Aug 03 15:18:16 UTC 2020
2 ms. Memory: 48128K Free: 27850K (58%)
ptolemy.util.test.WatchDog.cancel(): canceling Mon Aug 03 15:18:16 UTC 2020
------------------ testing $PTII/ptolemy/domains/de/test/auto/EventToDate.xml
auto.tcl: Setting watchdog for 200 seconds at Mon Aug 03 15:18:16 UTC 2020
3013 ms. Memory: 48128K Free: 19729K (41%)
ptolemy.util.test.WatchDog.cancel(): canceling Mon Aug 03 15:18:19 UTC 2020
auto.tcl: Setting watchdog for 200 seconds at Mon Aug 03 15:18:19 UTC 2020
3005 ms. Memory: 48128K Free: 19033K (40%)
ptolemy.util.test.WatchDog.cancel(): canceling Mon Aug 03 15:18:22 UTC 2020
------------------ testing $PTII/ptolemy/domains/de/test/auto/FSM1.xml
auto.tcl: Setting watchdog for 200 seconds at Mon Aug 03 15:18:22 UTC 2020
42 ms. Memory: 48128K Free: 20926K (43%)
ptolemy.util.test.WatchDog.cancel(): canceling Mon Aug 03 15:18:22 UTC 2020
auto.tcl: Setting watchdog for 200 seconds at Mon Aug 03 15:18:22 UTC 2020
21 ms. Memory: 48128K Free: 17668K (37%)
ptolemy.util.test.WatchDog.cancel(): canceling Mon Aug 03 15:18:22 UTC 2020
------------------ testing $PTII/ptolemy/domains/de/test/auto/FSM7.xml
auto.tcl: Setting watchdog for 200 seconds at Mon Aug 03 15:18:22 UTC 2020
21 ms. Memory: 48128K Free: 20841K (43%)
ptolemy.util.test.WatchDog.cancel(): canceling Mon Aug 03 15:18:22 UTC 2020
auto.tcl: Setting watchdog for 200 seconds at Mon Aug 03 15:18:22 UTC 2020
23 ms. Memory: 48128K Free: 17528K (36%)
ptolemy.util.test.WatchDog.cancel(): canceling Mon Aug 03 15:18:22 UTC 2020
------------------ testing $PTII/ptolemy/domains/de/test/auto/Inspection.xml
auto.tcl: Setting watchdog for 200 seconds at Mon Aug 03 15:18:22 UTC 2020
21 ms. Memory: 48128K Free: 20664K (43%)
ptolemy.util.test.WatchDog.cancel(): canceling Mon Aug 03 15:18:22 UTC 2020
auto.tcl: Setting watchdog for 200 seconds at Mon Aug 03 15:18:22 UTC 2020
14 ms. Memory: 48128K Free: 18929K (39%)
ptolemy.util.test.WatchDog.cancel(): canceling Mon Aug 03 15:18:22 UTC 2020
------------------ testing $PTII/ptolemy/domains/de/test/auto/Iteration.xml
auto.tcl: Setting watchdog for 200 seconds at Mon Aug 03 15:18:22 UTC 2020
7 ms. Memory: 48128K Free: 26419K (55%)
ptolemy.util.test.WatchDog.cancel(): canceling Mon Aug 03 15:18:22 UTC 2020
auto.tcl: Setting watchdog for 200 seconds at Mon Aug 03 15:18:22 UTC 2020
5 ms. Memory: 48128K Free: 25352K (53%)
ptolemy.util.test.WatchDog.cancel(): canceling Mon Aug 03 15:18:22 UTC 2020
------------------ testing $PTII/ptolemy/domains/de/test/auto/LineFault.xml
auto.tcl: Setting watchdog for 200 seconds at Mon Aug 03 15:18:23 UTC 2020
605 ms. Memory: 48128K Free: 23032K (48%)
ptolemy.util.test.WatchDog.cancel(): canceling Mon Aug 03 15:18:23 UTC 2020
auto.tcl: Setting watchdog for 200 seconds at Mon Aug 03 15:18:23 UTC 2020
501 ms. Memory: 58368K Free: 19116K (33%)
ptolemy.util.test.WatchDog.cancel(): canceling Mon Aug 03 15:18:24 UTC 2020
------------------ testing $PTII/ptolemy/domains/de/test/auto/MergeModel1Add.xml
auto.tcl: Setting watchdog for 200 seconds at Mon Aug 03 15:18:24 UTC 2020
17 ms. Memory: 58368K Free: 22601K (39%)
ptolemy.util.test.WatchDog.cancel(): canceling Mon Aug 03 15:18:24 UTC 2020
auto.tcl: Setting watchdog for 200 seconds at Mon Aug 03 15:18:24 UTC 2020
18 ms. Memory: 58368K Free: 20919K (36%)
ptolemy.util.test.WatchDog.cancel(): canceling Mon Aug 03 15:18:24 UTC 2020
------------------ testing $PTII/ptolemy/domains/de/test/auto/MergeModel2Add.xml
auto.tcl: Setting watchdog for 200 seconds at Mon Aug 03 15:18:24 UTC 2020
12 ms. Memory: 55296K Free: 21574K (39%)
ptolemy.util.test.WatchDog.cancel(): canceling Mon Aug 03 15:18:24 UTC 2020
auto.tcl: Setting watchdog for 200 seconds at Mon Aug 03 15:18:24 UTC 2020
11 ms. Memory: 55296K Free: 19618K (35%)
ptolemy.util.test.WatchDog.cancel(): canceling Mon Aug 03 15:18:24 UTC 2020
------------------ testing $PTII/ptolemy/domains/de/test/auto/MergeModel3Add.xml
auto.tcl: Setting watchdog for 200 seconds at Mon Aug 03 15:18:24 UTC 2020
22 ms. Memory: 55296K Free: 21607K (39%)
ptolemy.util.test.WatchDog.cancel(): canceling Mon Aug 03 15:18:24 UTC 2020
auto.tcl: Setting watchdog for 200 seconds at Mon Aug 03 15:18:24 UTC 2020
7 ms. Memory: 55296K Free: 20198K (37%)
ptolemy.util.test.WatchDog.cancel(): canceling Mon Aug 03 15:18:24 UTC 2020
------------------ testing $PTII/ptolemy/domains/de/test/auto/MergeWithoutDiscard.xml
auto.tcl: Setting watchdog for 200 seconds at Mon Aug 03 15:18:24 UTC 2020
2 ms. Memory: 51200K Free: 32070K (63%)
ptolemy.util.test.WatchDog.cancel(): canceling Mon Aug 03 15:18:24 UTC 2020
auto.tcl: Setting watchdog for 200 seconds at Mon Aug 03 15:18:24 UTC 2020
1 ms. Memory: 51200K Free: 31636K (62%)
ptolemy.util.test.WatchDog.cancel(): canceling Mon Aug 03 15:18:24 UTC 2020
------------------ testing $PTII/ptolemy/domains/de/test/auto/Modal1.xml
auto.tcl: Setting watchdog for 200 seconds at Mon Aug 03 15:18:24 UTC 2020
17 ms. Memory: 51200K Free: 24521K (48%)
ptolemy.util.test.WatchDog.cancel(): canceling Mon Aug 03 15:18:25 UTC 2020
auto.tcl: Setting watchdog for 200 seconds at Mon Aug 03 15:18:25 UTC 2020
21 ms. Memory: 51200K Free: 20965K (41%)
ptolemy.util.test.WatchDog.cancel(): canceling Mon Aug 03 15:18:25 UTC 2020
------------------ testing $PTII/ptolemy/domains/de/test/auto/Modal2.xml
auto.tcl: Setting watchdog for 200 seconds at Mon Aug 03 15:18:25 UTC 2020
12 ms. Memory: 51200K Free: 24428K (48%)
ptolemy.util.test.WatchDog.cancel(): canceling Mon Aug 03 15:18:25 UTC 2020
auto.tcl: Setting watchdog for 200 seconds at Mon Aug 03 15:18:25 UTC 2020
15 ms. Memory: 51200K Free: 20870K (41%)
ptolemy.util.test.WatchDog.cancel(): canceling Mon Aug 03 15:18:25 UTC 2020
------------------ testing $PTII/ptolemy/domains/de/test/auto/Modal3.xml
auto.tcl: Setting watchdog for 200 seconds at Mon Aug 03 15:18:25 UTC 2020
14 ms. Memory: 51200K Free: 24109K (47%)
ptolemy.util.test.WatchDog.cancel(): canceling Mon Aug 03 15:18:25 UTC 2020
auto.tcl: Setting watchdog for 200 seconds at Mon Aug 03 15:18:25 UTC 2020
18 ms. Memory: 51200K Free: 20891K (41%)
ptolemy.util.test.WatchDog.cancel(): canceling Mon Aug 03 15:18:25 UTC 2020
------------------ testing $PTII/ptolemy/domains/de/test/auto/Modal4.xml
auto.tcl: Setting watchdog for 200 seconds at Mon Aug 03 15:18:25 UTC 2020
24 ms. Memory: 51200K Free: 23052K (45%)
ptolemy.util.test.WatchDog.cancel(): canceling Mon Aug 03 15:18:25 UTC 2020
auto.tcl: Setting watchdog for 200 seconds at Mon Aug 03 15:18:25 UTC 2020
19 ms. Memory: 51200K Free: 19223K (38%)
ptolemy.util.test.WatchDog.cancel(): canceling Mon Aug 03 15:18:25 UTC 2020
------------------ testing $PTII/ptolemy/domains/de/test/auto/Modal5.xml
auto.tcl: Setting watchdog for 200 seconds at Mon Aug 03 15:18:25 UTC 2020
11 ms. Memory: 51200K Free: 23046K (45%)
ptolemy.util.test.WatchDog.cancel(): canceling Mon Aug 03 15:18:25 UTC 2020
auto.tcl: Setting watchdog for 200 seconds at Mon Aug 03 15:18:25 UTC 2020
14 ms. Memory: 51200K Free: 19431K (38%)
ptolemy.util.test.WatchDog.cancel(): canceling Mon Aug 03 15:18:25 UTC 2020
------------------ testing $PTII/ptolemy/domains/de/test/auto/Modal6.xml
auto.tcl: Setting watchdog for 200 seconds at Mon Aug 03 15:18:25 UTC 2020
19 ms. Memory: 51200K Free: 23825K (47%)
ptolemy.util.test.WatchDog.cancel(): canceling Mon Aug 03 15:18:25 UTC 2020
auto.tcl: Setting watchdog for 200 seconds at Mon Aug 03 15:18:25 UTC 2020
20 ms. Memory: 51200K Free: 20230K (40%)
ptolemy.util.test.WatchDog.cancel(): canceling Mon Aug 03 15:18:25 UTC 2020
------------------ testing $PTII/ptolemy/domains/de/test/auto/Modal7.xml
auto.tcl: Setting watchdog for 200 seconds at Mon Aug 03 15:18:25 UTC 2020
16 ms. Memory: 51200K Free: 23022K (45%)
ptolemy.util.test.WatchDog.cancel(): canceling Mon Aug 03 15:18:25 UTC 2020
auto.tcl: Setting watchdog for 200 seconds at Mon Aug 03 15:18:25 UTC 2020
11 ms. Memory: 51200K Free: 19483K (38%)
ptolemy.util.test.WatchDog.cancel(): canceling Mon Aug 03 15:18:25 UTC 2020
------------------ testing $PTII/ptolemy/domains/de/test/auto/ModalModel.xml
auto.tcl: Setting watchdog for 200 seconds at Mon Aug 03 15:18:25 UTC 2020
186 ms. Memory: 51200K Free: 13285K (26%)
ptolemy.util.test.WatchDog.cancel(): canceling Mon Aug 03 15:18:25 UTC 2020
auto.tcl: Setting watchdog for 200 seconds at Mon Aug 03 15:18:25 UTC 2020
199 ms. Memory: 61440K Free: 41962K (68%)
ptolemy.util.test.WatchDog.cancel(): canceling Mon Aug 03 15:18:26 UTC 2020
------------------ testing $PTII/ptolemy/domains/de/test/auto/ModalSource.xml
auto.tcl: Setting watchdog for 200 seconds at Mon Aug 03 15:18:26 UTC 2020
6 ms. Memory: 55296K Free: 31979K (58%)
ptolemy.util.test.WatchDog.cancel(): canceling Mon Aug 03 15:18:26 UTC 2020
auto.tcl: Setting watchdog for 200 seconds at Mon Aug 03 15:18:26 UTC 2020
6 ms. Memory: 55296K Free: 29931K (54%)
ptolemy.util.test.WatchDog.cancel(): canceling Mon Aug 03 15:18:26 UTC 2020
------------------ testing $PTII/ptolemy/domains/de/test/auto/NonInterruptibleTimerZeroDelay.xml
auto.tcl: Setting watchdog for 200 seconds at Mon Aug 03 15:18:26 UTC 2020
3 ms. Memory: 55296K Free: 37134K (67%)
ptolemy.util.test.WatchDog.cancel(): canceling Mon Aug 03 15:18:26 UTC 2020
auto.tcl: Setting watchdog for 200 seconds at Mon Aug 03 15:18:26 UTC 2020
2 ms. Memory: 55296K Free: 36270K (66%)
ptolemy.util.test.WatchDog.cancel(): canceling Mon Aug 03 15:18:26 UTC 2020
------------------ testing $PTII/ptolemy/domains/de/test/auto/OpenQueueingNetwork.xml
auto.tcl: Setting watchdog for 200 seconds at Mon Aug 03 15:18:26 UTC 2020
2675 ms. Memory: 108544K Free: 55563K (51%)
ptolemy.util.test.WatchDog.cancel(): canceling Mon Aug 03 15:18:29 UTC 2020
auto.tcl: Setting watchdog for 200 seconds at Mon Aug 03 15:18:29 UTC 2020
2247 ms. Memory: 131072K Free: 100532K (77%)
ptolemy.util.test.WatchDog.cancel(): canceling Mon Aug 03 15:18:31 UTC 2020
------------------ testing $PTII/ptolemy/domains/de/test/auto/OpenQueuingNetwork.xml
auto.tcl: Setting watchdog for 200 seconds at Mon Aug 03 15:18:31 UTC 2020
241 ms. Memory: 58368K Free: 32636K (56%)
ptolemy.util.test.WatchDog.cancel(): canceling Mon Aug 03 15:18:31 UTC 2020
auto.tcl: Setting watchdog for 200 seconds at Mon Aug 03 15:18:31 UTC 2020
222 ms. Memory: 70656K Free: 27286K (39%)
ptolemy.util.test.WatchDog.cancel(): canceling Mon Aug 03 15:18:31 UTC 2020
------------------ testing $PTII/ptolemy/domains/de/test/auto/PeriodicSampler.xml
auto.tcl: Setting watchdog for 200 seconds at Mon Aug 03 15:18:32 UTC 2020
3 ms. Memory: 51200K Free: 32017K (63%)
ptolemy.util.test.WatchDog.cancel(): canceling Mon Aug 03 15:18:32 UTC 2020
auto.tcl: Setting watchdog for 200 seconds at Mon Aug 03 15:18:32 UTC 2020
2 ms. Memory: 51200K Free: 31489K (62%)
ptolemy.util.test.WatchDog.cancel(): canceling Mon Aug 03 15:18:32 UTC 2020
------------------ testing $PTII/ptolemy/domains/de/test/auto/PersistentIO.xml
auto.tcl: Setting watchdog for 200 seconds at Mon Aug 03 15:18:32 UTC 2020
5 ms. Memory: 51200K Free: 26941K (53%)
ptolemy.util.test.WatchDog.cancel(): canceling Mon Aug 03 15:18:32 UTC 2020
auto.tcl: Setting watchdog for 200 seconds at Mon Aug 03 15:18:32 UTC 2020
5 ms. Memory: 51200K Free: 25421K (50%)
ptolemy.util.test.WatchDog.cancel(): canceling Mon Aug 03 15:18:32 UTC 2020
------------------ testing $PTII/ptolemy/domains/de/test/auto/PortParameterResetOnInitialize.xml
auto.tcl: Setting watchdog for 200 seconds at Mon Aug 03 15:18:32 UTC 2020
3 ms. Memory: 51200K Free: 31925K (62%)
ptolemy.util.test.WatchDog.cancel(): canceling Mon Aug 03 15:18:32 UTC 2020
auto.tcl: Setting watchdog for 200 seconds at Mon Aug 03 15:18:32 UTC 2020
2 ms. Memory: 51200K Free: 31429K (61%)
ptolemy.util.test.WatchDog.cancel(): canceling Mon Aug 03 15:18:32 UTC 2020
------------------ testing $PTII/ptolemy/domains/de/test/auto/PortParameterUpdates.xml
auto.tcl: Setting watchdog for 200 seconds at Mon Aug 03 15:18:32 UTC 2020
7 ms. Memory: 51200K Free: 30010K (59%)
ptolemy.util.test.WatchDog.cancel(): canceling Mon Aug 03 15:18:32 UTC 2020
auto.tcl: Setting watchdog for 200 seconds at Mon Aug 03 15:18:32 UTC 2020
4 ms. Memory: 51200K Free: 28490K (56%)
ptolemy.util.test.WatchDog.cancel(): canceling Mon Aug 03 15:18:32 UTC 2020
------------------ testing $PTII/ptolemy/domains/de/test/auto/QueueAndServer.xml
auto.tcl: Setting watchdog for 200 seconds at Mon Aug 03 15:18:32 UTC 2020
13 ms. Memory: 51200K Free: 28964K (57%)
ptolemy.util.test.WatchDog.cancel(): canceling Mon Aug 03 15:18:32 UTC 2020
auto.tcl: Setting watchdog for 200 seconds at Mon Aug 03 15:18:32 UTC 2020
5 ms. Memory: 51200K Free: 27430K (54%)
ptolemy.util.test.WatchDog.cancel(): canceling Mon Aug 03 15:18:32 UTC 2020
------------------ testing $PTII/ptolemy/domains/de/test/auto/Records.xml
auto.tcl: Setting watchdog for 200 seconds at Mon Aug 03 15:18:32 UTC 2020
3 ms. Memory: 51200K Free: 31167K (61%)
ptolemy.util.test.WatchDog.cancel(): canceling Mon Aug 03 15:18:32 UTC 2020
auto.tcl: Setting watchdog for 200 seconds at Mon Aug 03 15:18:32 UTC 2020
2 ms. Memory: 51200K Free: 30652K (60%)
ptolemy.util.test.WatchDog.cancel(): canceling Mon Aug 03 15:18:32 UTC 2020
------------------ testing $PTII/ptolemy/domains/de/test/auto/ResetTransitionWithStartTime1.xml
auto.tcl: Setting watchdog for 200 seconds at Mon Aug 03 15:18:32 UTC 2020
7 ms. Memory: 51200K Free: 28423K (56%)
ptolemy.util.test.WatchDog.cancel(): canceling Mon Aug 03 15:18:32 UTC 2020
auto.tcl: Setting watchdog for 200 seconds at Mon Aug 03 15:18:32 UTC 2020
7 ms. Memory: 51200K Free: 26383K (52%)
ptolemy.util.test.WatchDog.cancel(): canceling Mon Aug 03 15:18:32 UTC 2020
------------------ testing $PTII/ptolemy/domains/de/test/auto/ResetTransitionWithStartTime2.xml
auto.tcl: Setting watchdog for 200 seconds at Mon Aug 03 15:18:32 UTC 2020
6 ms. Memory: 51200K Free: 28378K (55%)
ptolemy.util.test.WatchDog.cancel(): canceling Mon Aug 03 15:18:32 UTC 2020
auto.tcl: Setting watchdog for 200 seconds at Mon Aug 03 15:18:32 UTC 2020
6 ms. Memory: 51200K Free: 26330K (51%)
ptolemy.util.test.WatchDog.cancel(): canceling Mon Aug 03 15:18:32 UTC 2020
------------------ testing $PTII/ptolemy/domains/de/test/auto/ResetTransitionWithStartTime3.xml
auto.tcl: Setting watchdog for 200 seconds at Mon Aug 03 15:18:32 UTC 2020
10 ms. Memory: 51200K Free: 28376K (55%)
ptolemy.util.test.WatchDog.cancel(): canceling Mon Aug 03 15:18:32 UTC 2020
auto.tcl: Setting watchdog for 200 seconds at Mon Aug 03 15:18:32 UTC 2020
7 ms. Memory: 51200K Free: 26339K (51%)
ptolemy.util.test.WatchDog.cancel(): canceling Mon Aug 03 15:18:32 UTC 2020
------------------ testing $PTII/ptolemy/domains/de/test/auto/ResetTransitionWithStartTime4.xml
auto.tcl: Setting watchdog for 200 seconds at Mon Aug 03 15:18:32 UTC 2020
9 ms. Memory: 51200K Free: 28824K (56%)
ptolemy.util.test.WatchDog.cancel(): canceling Mon Aug 03 15:18:32 UTC 2020
auto.tcl: Setting watchdog for 200 seconds at Mon Aug 03 15:18:32 UTC 2020
4 ms. Memory: 51200K Free: 27356K (53%)
ptolemy.util.test.WatchDog.cancel(): canceling Mon Aug 03 15:18:32 UTC 2020
------------------ testing $PTII/ptolemy/domains/de/test/auto/ResettableTimer1.xml
auto.tcl: Setting watchdog for 200 seconds at Mon Aug 03 15:18:32 UTC 2020
5 ms. Memory: 51200K Free: 32550K (64%)
ptolemy.util.test.WatchDog.cancel(): canceling Mon Aug 03 15:18:32 UTC 2020
auto.tcl: Setting watchdog for 200 seconds at Mon Aug 03 15:18:32 UTC 2020
2 ms. Memory: 51200K Free: 31931K (62%)
ptolemy.util.test.WatchDog.cancel(): canceling Mon Aug 03 15:18:32 UTC 2020
------------------ testing $PTII/ptolemy/domains/de/test/auto/ResettableTimer2.xml
auto.tcl: Setting watchdog for 200 seconds at Mon Aug 03 15:18:32 UTC 2020
3 ms. Memory: 51200K Free: 32609K (64%)
ptolemy.util.test.WatchDog.cancel(): canceling Mon Aug 03 15:18:32 UTC 2020
auto.tcl: Setting watchdog for 200 seconds at Mon Aug 03 15:18:32 UTC 2020
3 ms. Memory: 51200K Free: 31966K (62%)
ptolemy.util.test.WatchDog.cancel(): canceling Mon Aug 03 15:18:32 UTC 2020
------------------ testing $PTII/ptolemy/domains/de/test/auto/ResettableTimer3.xml
auto.tcl: Setting watchdog for 200 seconds at Mon Aug 03 15:18:32 UTC 2020
1 ms. Memory: 51200K Free: 32518K (64%)
ptolemy.util.test.WatchDog.cancel(): canceling Mon Aug 03 15:18:32 UTC 2020
auto.tcl: Setting watchdog for 200 seconds at Mon Aug 03 15:18:32 UTC 2020
1 ms. Memory: 51200K Free: 32518K (64%)
ptolemy.util.test.WatchDog.cancel(): canceling Mon Aug 03 15:18:32 UTC 2020
------------------ testing $PTII/ptolemy/domains/de/test/auto/ResettableTimer4.xml
auto.tcl: Setting watchdog for 200 seconds at Mon Aug 03 15:18:32 UTC 2020
1 ms. Memory: 51200K Free: 32530K (64%)
ptolemy.util.test.WatchDog.cancel(): canceling Mon Aug 03 15:18:32 UTC 2020
auto.tcl: Setting watchdog for 200 seconds at Mon Aug 03 15:18:32 UTC 2020
2 ms. Memory: 51200K Free: 32019K (63%)
ptolemy.util.test.WatchDog.cancel(): canceling Mon Aug 03 15:18:32 UTC 2020
------------------ testing $PTII/ptolemy/domains/de/test/auto/ResettableTimer5.xml
auto.tcl: Setting watchdog for 200 seconds at Mon Aug 03 15:18:33 UTC 2020
4 ms. Memory: 51200K Free: 32007K (63%)
ptolemy.util.test.WatchDog.cancel(): canceling Mon Aug 03 15:18:33 UTC 2020
auto.tcl: Setting watchdog for 200 seconds at Mon Aug 03 15:18:33 UTC 2020
1 ms. Memory: 51200K Free: 32007K (63%)
ptolemy.util.test.WatchDog.cancel(): canceling Mon Aug 03 15:18:33 UTC 2020
------------------ testing $PTII/ptolemy/domains/de/test/auto/ResettableTimer6.xml
auto.tcl: Setting watchdog for 200 seconds at Mon Aug 03 15:18:33 UTC 2020
1 ms. Memory: 51200K Free: 31998K (62%)
ptolemy.util.test.WatchDog.cancel(): canceling Mon Aug 03 15:18:33 UTC 2020
auto.tcl: Setting watchdog for 200 seconds at Mon Aug 03 15:18:33 UTC 2020
1 ms. Memory: 51200K Free: 31488K (62%)
ptolemy.util.test.WatchDog.cancel(): canceling Mon Aug 03 15:18:33 UTC 2020
------------------ testing $PTII/ptolemy/domains/de/test/auto/ServerZeroDelay.xml
auto.tcl: Setting watchdog for 200 seconds at Mon Aug 03 15:18:33 UTC 2020
2 ms. Memory: 51200K Free: 32503K (63%)
ptolemy.util.test.WatchDog.cancel(): canceling Mon Aug 03 15:18:33 UTC 2020
auto.tcl: Setting watchdog for 200 seconds at Mon Aug 03 15:18:33 UTC 2020
2 ms. Memory: 51200K Free: 31479K (61%)
ptolemy.util.test.WatchDog.cancel(): canceling Mon Aug 03 15:18:33 UTC 2020
------------------ testing $PTII/ptolemy/domains/de/test/auto/SmartSender.xml
auto.tcl: Setting watchdog for 200 seconds at Mon Aug 03 15:18:33 UTC 2020
3001 ms. Memory: 51200K Free: 32497K (63%)
ptolemy.util.test.WatchDog.cancel(): canceling Mon Aug 03 15:18:36 UTC 2020
auto.tcl: Setting watchdog for 200 seconds at Mon Aug 03 15:18:36 UTC 2020
3003 ms. Memory: 51200K Free: 31969K (62%)
ptolemy.util.test.WatchDog.cancel(): canceling Mon Aug 03 15:18:39 UTC 2020
------------------ testing $PTII/ptolemy/domains/de/test/auto/ThreadedComposite.xml
auto.tcl: Setting watchdog for 200 seconds at Mon Aug 03 15:18:39 UTC 2020
197 ms. Memory: 51200K Free: 14589K (28%)
ptolemy.util.test.WatchDog.cancel(): canceling Mon Aug 03 15:18:39 UTC 2020
auto.tcl: Setting watchdog for 200 seconds at Mon Aug 03 15:18:39 UTC 2020
118 ms. Memory: 51200K Free: 30531K (60%)
ptolemy.util.test.WatchDog.cancel(): canceling Mon Aug 03 15:18:39 UTC 2020
------------------ testing $PTII/ptolemy/domains/de/test/auto/Time.xml
auto.tcl: Setting watchdog for 200 seconds at Mon Aug 03 15:18:39 UTC 2020
493 ms. Memory: 51200K Free: 34720K (68%)
ptolemy.util.test.WatchDog.cancel(): canceling Mon Aug 03 15:18:40 UTC 2020
auto.tcl: Setting watchdog for 200 seconds at Mon Aug 03 15:18:40 UTC 2020
445 ms. Memory: 51200K Free: 8522K (17%)
ptolemy.util.test.WatchDog.cancel(): canceling Mon Aug 03 15:18:40 UTC 2020
------------------ testing $PTII/ptolemy/domains/de/test/auto/TimeDelayZeroDelay.xml
auto.tcl: Setting watchdog for 200 seconds at Mon Aug 03 15:18:40 UTC 2020
2 ms. Memory: 51200K Free: 32427K (63%)
ptolemy.util.test.WatchDog.cancel(): canceling Mon Aug 03 15:18:40 UTC 2020
auto.tcl: Setting watchdog for 200 seconds at Mon Aug 03 15:18:40 UTC 2020
2 ms. Memory: 51200K Free: 31947K (62%)
ptolemy.util.test.WatchDog.cancel(): canceling Mon Aug 03 15:18:40 UTC 2020
------------------ testing $PTII/ptolemy/domains/de/test/auto/TimerZeroDelay.xml
auto.tcl: Setting watchdog for 200 seconds at Mon Aug 03 15:18:40 UTC 2020
3 ms. Memory: 51200K Free: 32881K (64%)
ptolemy.util.test.WatchDog.cancel(): canceling Mon Aug 03 15:18:40 UTC 2020
auto.tcl: Setting watchdog for 200 seconds at Mon Aug 03 15:18:40 UTC 2020
2 ms. Memory: 51200K Free: 32470K (63%)
ptolemy.util.test.WatchDog.cancel(): canceling Mon Aug 03 15:18:40 UTC 2020
------------------ testing $PTII/ptolemy/domains/de/test/auto/TimingParadox.xml
auto.tcl: Setting watchdog for 200 seconds at Mon Aug 03 15:18:40 UTC 2020
284 ms. Memory: 51200K Free: 21051K (41%)
ptolemy.util.test.WatchDog.cancel(): canceling Mon Aug 03 15:18:41 UTC 2020
auto.tcl: Setting watchdog for 200 seconds at Mon Aug 03 15:18:41 UTC 2020
262 ms. Memory: 51200K Free: 12525K (24%)
ptolemy.util.test.WatchDog.cancel(): canceling Mon Aug 03 15:18:41 UTC 2020
------------------ testing $PTII/ptolemy/domains/de/test/auto/TransferInputs.xml
auto.tcl: Setting watchdog for 200 seconds at Mon Aug 03 15:18:41 UTC 2020
2 ms. Memory: 51200K Free: 30938K (60%)
ptolemy.util.test.WatchDog.cancel(): canceling Mon Aug 03 15:18:41 UTC 2020
auto.tcl: Setting watchdog for 200 seconds at Mon Aug 03 15:18:41 UTC 2020
2 ms. Memory: 51200K Free: 30063K (59%)
ptolemy.util.test.WatchDog.cancel(): canceling Mon Aug 03 15:18:41 UTC 2020
------------------ testing $PTII/ptolemy/domains/de/test/auto/TransferOutputs2.xml
auto.tcl: Setting watchdog for 200 seconds at Mon Aug 03 15:18:41 UTC 2020
3 ms. Memory: 51200K Free: 28381K (55%)
ptolemy.util.test.WatchDog.cancel(): canceling Mon Aug 03 15:18:41 UTC 2020
auto.tcl: Setting watchdog for 200 seconds at Mon Aug 03 15:18:41 UTC 2020
2 ms. Memory: 51200K Free: 26964K (53%)
ptolemy.util.test.WatchDog.cancel(): canceling Mon Aug 03 15:18:41 UTC 2020
------------------ testing $PTII/ptolemy/domains/de/test/auto/Trilateration.xml
auto.tcl: Setting watchdog for 200 seconds at Mon Aug 03 15:18:41 UTC 2020
12991 ms. Memory: 450560K Free: 366157K (81%)
ptolemy.util.test.WatchDog.cancel(): canceling Mon Aug 03 15:18:55 UTC 2020
auto.tcl: Setting watchdog for 200 seconds at Mon Aug 03 15:18:55 UTC 2020
9422 ms. Memory: 450560K Free: 419133K (93%)
ptolemy.util.test.WatchDog.cancel(): canceling Mon Aug 03 15:19:05 UTC 2020
------------------ testing $PTII/ptolemy/domains/de/test/auto/TwoSigmaDelta.xml
auto.tcl: Setting watchdog for 200 seconds at Mon Aug 03 15:19:05 UTC 2020
2357 ms. Memory: 89088K Free: 19329K (22%)
ptolemy.util.test.WatchDog.cancel(): canceling Mon Aug 03 15:19:07 UTC 2020
auto.tcl: Setting watchdog for 200 seconds at Mon Aug 03 15:19:07 UTC 2020
1850 ms. Memory: 89088K Free: 18331K (21%)
ptolemy.util.test.WatchDog.cancel(): canceling Mon Aug 03 15:19:09 UTC 2020
------------------ testing $PTII/ptolemy/domains/de/test/auto/VariableDelay.xml
auto.tcl: Setting watchdog for 200 seconds at Mon Aug 03 15:19:09 UTC 2020
4 ms. Memory: 51200K Free: 31430K (61%)
ptolemy.util.test.WatchDog.cancel(): canceling Mon Aug 03 15:19:09 UTC 2020
auto.tcl: Setting watchdog for 200 seconds at Mon Aug 03 15:19:09 UTC 2020
2 ms. Memory: 51200K Free: 30390K (59%)
ptolemy.util.test.WatchDog.cancel(): canceling Mon Aug 03 15:19:09 UTC 2020
------------------ testing $PTII/ptolemy/domains/de/test/auto/VariableDelay2.xml
auto.tcl: Setting watchdog for 200 seconds at Mon Aug 03 15:19:09 UTC 2020
7 ms. Memory: 51200K Free: 32054K (63%)
ptolemy.util.test.WatchDog.cancel(): canceling Mon Aug 03 15:19:09 UTC 2020
auto.tcl: Setting watchdog for 200 seconds at Mon Aug 03 15:19:09 UTC 2020
6 ms. Memory: 51200K Free: 31548K (62%)
ptolemy.util.test.WatchDog.cancel(): canceling Mon Aug 03 15:19:09 UTC 2020
------------------ testing $PTII/ptolemy/domains/de/test/auto/VariableDelayZeroDelay.xml
auto.tcl: Setting watchdog for 200 seconds at Mon Aug 03 15:19:09 UTC 2020
2 ms. Memory: 51200K Free: 32356K (63%)
ptolemy.util.test.WatchDog.cancel(): canceling Mon Aug 03 15:19:09 UTC 2020
auto.tcl: Setting watchdog for 200 seconds at Mon Aug 03 15:19:09 UTC 2020
2 ms. Memory: 51200K Free: 31818K (62%)
ptolemy.util.test.WatchDog.cancel(): canceling Mon Aug 03 15:19:09 UTC 2020
------------------ testing $PTII/ptolemy/domains/de/test/auto/VariableDelayZeroDelay2.xml
auto.tcl: Setting watchdog for 200 seconds at Mon Aug 03 15:19:09 UTC 2020
2 ms. Memory: 51200K Free: 32354K (63%)
ptolemy.util.test.WatchDog.cancel(): canceling Mon Aug 03 15:19:09 UTC 2020
auto.tcl: Setting watchdog for 200 seconds at Mon Aug 03 15:19:09 UTC 2020
2 ms. Memory: 51200K Free: 31343K (61%)
ptolemy.util.test.WatchDog.cancel(): canceling Mon Aug 03 15:19:09 UTC 2020
------------------ testing $PTII/ptolemy/domains/de/test/auto/deInCt.xml
auto.tcl: Setting watchdog for 200 seconds at Mon Aug 03 15:19:09 UTC 2020
0
1
1
1
0
0
0
0
1
1
1
1
0
0
0
0
0
0
1
1
1
0
0
0
1
1
1
0
0
0
0
13 ms. Memory: 51200K Free: 31328K (61%)
ptolemy.util.test.WatchDog.cancel(): canceling Mon Aug 03 15:19:09 UTC 2020
auto.tcl: Setting watchdog for 200 seconds at Mon Aug 03 15:19:09 UTC 2020
0
1
1
1
0
0
0
0
1
1
0
0
0
1
1
1
0
0
0
0
1
1
1
1
0
0
0
1
1
1
0
0
0
1
1
1
1
1
11 ms. Memory: 51200K Free: 29790K (58%)
ptolemy.util.test.WatchDog.cancel(): canceling Mon Aug 03 15:19:09 UTC 2020
------------------ testing $PTII/ptolemy/domains/de/test/auto/deInCt2.xml
auto.tcl: Setting watchdog for 200 seconds at Mon Aug 03 15:19:09 UTC 2020
0
1
1
1
0
0
1
1
1
0
0
1
1
1
0
0
1
1
1
0
0
1
1
1
0
0
1
1
1
0
0
1
1
1
0
0
1
1
1
0
0
0
11 ms. Memory: 51200K Free: 31331K (61%)
ptolemy.util.test.WatchDog.cancel(): canceling Mon Aug 03 15:19:09 UTC 2020
auto.tcl: Setting watchdog for 200 seconds at Mon Aug 03 15:19:09 UTC 2020
0
1
1
1
0
0
1
1
1
0
0
1
1
1
0
0
1
1
1
0
0
1
1
1
0
0
1
1
1
0
0
1
1
1
0
0
1
1
1
0
0
0
10 ms. Memory: 51200K Free: 29791K (58%)
ptolemy.util.test.WatchDog.cancel(): canceling Mon Aug 03 15:19:09 UTC 2020
------------------ testing $PTII/ptolemy/domains/de/test/auto/dynamicCausalityInterface1.xml
auto.tcl: Setting watchdog for 200 seconds at Mon Aug 03 15:19:10 UTC 2020
2 ms. Memory: 51200K Free: 27229K (53%)
ptolemy.util.test.WatchDog.cancel(): canceling Mon Aug 03 15:19:10 UTC 2020
auto.tcl: Setting watchdog for 200 seconds at Mon Aug 03 15:19:10 UTC 2020
1 ms. Memory: 51200K Free: 26729K (52%)
ptolemy.util.test.WatchDog.cancel(): canceling Mon Aug 03 15:19:10 UTC 2020
------------------ testing $PTII/ptolemy/domains/de/test/auto/fsm_de_test.xml
auto.tcl: Setting watchdog for 200 seconds at Mon Aug 03 15:19:10 UTC 2020
13 ms. Memory: 51200K Free: 27127K (53%)
ptolemy.util.test.WatchDog.cancel(): canceling Mon Aug 03 15:19:10 UTC 2020
auto.tcl: Setting watchdog for 200 seconds at Mon Aug 03 15:19:10 UTC 2020
10 ms. Memory: 51200K Free: 25082K (49%)
ptolemy.util.test.WatchDog.cancel(): canceling Mon Aug 03 15:19:10 UTC 2020
------------------ testing $PTII/ptolemy/domains/de/test/auto/functionDependencyReconstruction.xml
auto.tcl: Setting watchdog for 200 seconds at Mon Aug 03 15:19:10 UTC 2020
2 ms. Memory: 51200K Free: 20973K (41%)
ptolemy.util.test.WatchDog.cancel(): canceling Mon Aug 03 15:19:10 UTC 2020
auto.tcl: Setting watchdog for 200 seconds at Mon Aug 03 15:19:10 UTC 2020
3 ms. Memory: 51200K Free: 18925K (37%)
ptolemy.util.test.WatchDog.cancel(): canceling Mon Aug 03 15:19:10 UTC 2020
------------------ testing $PTII/ptolemy/domains/de/test/auto/multirate.xml
auto.tcl: Setting watchdog for 200 seconds at Mon Aug 03 15:19:10 UTC 2020
3 ms. Memory: 51200K Free: 29702K (58%)
ptolemy.util.test.WatchDog.cancel(): canceling Mon Aug 03 15:19:10 UTC 2020
auto.tcl: Setting watchdog for 200 seconds at Mon Aug 03 15:19:10 UTC 2020
3 ms. Memory: 51200K Free: 28023K (55%)
ptolemy.util.test.WatchDog.cancel(): canceling Mon Aug 03 15:19:10 UTC 2020
------------------ testing $PTII/ptolemy/domains/de/test/auto/multirate2.xml
auto.tcl: Setting watchdog for 200 seconds at Mon Aug 03 15:19:10 UTC 2020
3 ms. Memory: 51200K Free: 29724K (58%)
ptolemy.util.test.WatchDog.cancel(): canceling Mon Aug 03 15:19:10 UTC 2020
auto.tcl: Setting watchdog for 200 seconds at Mon Aug 03 15:19:10 UTC 2020
2 ms. Memory: 51200K Free: 28204K (55%)
ptolemy.util.test.WatchDog.cancel(): canceling Mon Aug 03 15:19:10 UTC 2020
------------------ testing $PTII/ptolemy/domains/de/test/auto/realtime.xml
auto.tcl: Setting watchdog for 200 seconds at Mon Aug 03 15:19:10 UTC 2020
10001 ms. Memory: 51200K Free: 32010K (63%)
ptolemy.util.test.WatchDog.cancel(): canceling Mon Aug 03 15:19:20 UTC 2020
auto.tcl: Setting watchdog for 200 seconds at Mon Aug 03 15:19:20 UTC 2020
10001 ms. Memory: 51200K Free: 31275K (61%)
ptolemy.util.test.WatchDog.cancel(): canceling Mon Aug 03 15:19:30 UTC 2020
------------------ testing $PTII/ptolemy/domains/de/test/auto/relationGroup.xml
auto.tcl: Setting watchdog for 200 seconds at Mon Aug 03 15:19:30 UTC 2020
9 ms. Memory: 51200K Free: 33088K (65%)
ptolemy.util.test.WatchDog.cancel(): canceling Mon Aug 03 15:19:30 UTC 2020
auto.tcl: Setting watchdog for 200 seconds at Mon Aug 03 15:19:30 UTC 2020
2 ms. Memory: 51200K Free: 32581K (64%)
ptolemy.util.test.WatchDog.cancel(): canceling Mon Aug 03 15:19:30 UTC 2020
------------------ testing $PTII/ptolemy/domains/de/test/auto/relationGroup2.xml
auto.tcl: Setting watchdog for 200 seconds at Mon Aug 03 15:19:30 UTC 2020
1 ms. Memory: 51200K Free: 32888K (64%)
ptolemy.util.test.WatchDog.cancel(): canceling Mon Aug 03 15:19:30 UTC 2020
auto.tcl: Setting watchdog for 200 seconds at Mon Aug 03 15:19:30 UTC 2020
1 ms. Memory: 51200K Free: 32378K (63%)
ptolemy.util.test.WatchDog.cancel(): canceling Mon Aug 03 15:19:30 UTC 2020
------------------ testing $PTII/ptolemy/domains/de/test/auto/sortWithOpaquePorts.xml
auto.tcl: Setting watchdog for 200 seconds at Mon Aug 03 15:19:30 UTC 2020
1 ms. Memory: 51200K Free: 32379K (63%)
ptolemy.util.test.WatchDog.cancel(): canceling Mon Aug 03 15:19:30 UTC 2020
auto.tcl: Setting watchdog for 200 seconds at Mon Aug 03 15:19:30 UTC 2020
2 ms. Memory: 51200K Free: 30854K (60%)
ptolemy.util.test.WatchDog.cancel(): canceling Mon Aug 03 15:19:30 UTC 2020
------------------ testing $PTII/ptolemy/domains/de/test/auto/transferInputsandOutputs.xml
auto.tcl: Setting watchdog for 200 seconds at Mon Aug 03 15:19:30 UTC 2020
2 ms. Memory: 51200K Free: 29294K (57%)
ptolemy.util.test.WatchDog.cancel(): canceling Mon Aug 03 15:19:30 UTC 2020
auto.tcl: Setting watchdog for 200 seconds at Mon Aug 03 15:19:30 UTC 2020
2 ms. Memory: 51200K Free: 28270K (55%)
ptolemy.util.test.WatchDog.cancel(): canceling Mon Aug 03 15:19:30 UTC 2020
------------------ testing $PTII/ptolemy/domains/de/test/auto/triggerType.xml
auto.tcl: Setting watchdog for 200 seconds at Mon Aug 03 15:19:30 UTC 2020
1 ms. Memory: 51200K Free: 32319K (63%)
ptolemy.util.test.WatchDog.cancel(): canceling Mon Aug 03 15:19:30 UTC 2020
auto.tcl: Setting watchdog for 200 seconds at Mon Aug 03 15:19:30 UTC 2020
2 ms. Memory: 51200K Free: 31295K (61%)
ptolemy.util.test.WatchDog.cancel(): canceling Mon Aug 03 15:19:30 UTC 2020
08/03/20 03:19:30
Failed: 0  Total Tests: 192  ((Passed: 187, Newly Passed: 1)  Known Failed: 5) /home/travis/build/icyphy/ptII/ptolemy/domains/de/test
08/03/20 03:19:30
Failed: 0  Total Tests: 192  ((Passed: 187, Newly Passed: 1)  Known Failed: 5) /home/travis/build/icyphy/ptII/ptolemy/domains/de/test
----------------- testing (KnownFailure) /home/travis/build/icyphy/ptII/ptolemy/domains/de/test/auto/knownFailedTests/DESDFClockTest.xml
2010 ms. Memory: 51200K Free: 25714K (50%)
Known Failure: java.lang.reflect.InvocationTargetException
----------------- testing (KnownFailure) /home/travis/build/icyphy/ptII/ptolemy/domains/de/test/auto/knownFailedTests/DirectFeedback.xml
2 ms. Memory: 51200K Free: 22132K (43%)
Known Failure: java.lang.reflect.InvocationTargetException
----------------- testing (KnownFailure) /home/travis/build/icyphy/ptII/ptolemy/domains/de/test/auto/knownFailedTests/FSMSource.xml
7 ms. Memory: 51200K Free: 14964K (29%)
----------------- testing (KnownFailure) /home/travis/build/icyphy/ptII/ptolemy/domains/de/test/auto/knownFailedTests/HierarchicalModel.xml
3 ms. Memory: 51200K Free: 28164K (55%)
Known Failure: java.lang.reflect.InvocationTargetException
----------------- testing (KnownFailure) /home/travis/build/icyphy/ptII/ptolemy/domains/de/test/auto/knownFailedTests/dependencyLoop.xml
3 ms. Memory: 51200K Free: 13130K (26%)
Known Failure: java.lang.reflect.InvocationTargetException
----------------- testing (KnownFailure) /home/travis/build/icyphy/ptII/ptolemy/domains/de/test/auto/knownFailedTests/dependencyLoop2.xml
4 ms. Memory: 51200K Free: 26841K (52%)
Known Failure: java.lang.reflect.InvocationTargetException
No auto/linux-amd64/*.xml tests in /home/travis/build/icyphy/ptII/ptolemy/domains/de/test
AutoTests.java: About to close Vertx.
AutoTests.java: Vertx closed.

===========================================================================================
----------------- testing Mon Aug 03 15:19:33 UTC 2020 /home/travis/build/icyphy/ptII/ptolemy/domains/de/test/auto/ActorDepthCalculation_actorWithoutPorts.xml
----------------- Instantiating /home/travis/build/icyphy/ptII/ptolemy/domains/de/test/auto/ActorDepthCalculation_actorWithoutPorts.xml
3 ms. Memory: 51200K Free: 19970K (39%)
----------------- Invoking toplevel() on ptolemy.moml.MoMLSimpleApplication@2aa8cec6
----------------- Done invoking toplevel() on ptolemy.moml.MoMLSimpleApplication@2aa8cec6
reloadAllAccessors: .ActorDepthCalculation_actorWithoutPorts

===========================================================================================
----------------- testing Mon Aug 03 15:19:33 UTC 2020 /home/travis/build/icyphy/ptII/ptolemy/domains/de/test/auto/AssemblyLine.xml
----------------- Instantiating /home/travis/build/icyphy/ptII/ptolemy/domains/de/test/auto/AssemblyLine.xml
3 ms. Memory: 51200K Free: 12850K (25%)
----------------- Invoking toplevel() on ptolemy.moml.MoMLSimpleApplication@449d013f
----------------- Done invoking toplevel() on ptolemy.moml.MoMLSimpleApplication@449d013f
reloadAllAccessors: .AssemblyLine

===========================================================================================
----------------- testing Mon Aug 03 15:19:33 UTC 2020 /home/travis/build/icyphy/ptII/ptolemy/domains/de/test/auto/CQBug1.xml
----------------- Instantiating /home/travis/build/icyphy/ptII/ptolemy/domains/de/test/auto/CQBug1.xml
1 ms. Memory: 51200K Free: 10057K (20%)
----------------- Invoking toplevel() on ptolemy.moml.MoMLSimpleApplication@3bc57541
----------------- Done invoking toplevel() on ptolemy.moml.MoMLSimpleApplication@3bc57541
reloadAllAccessors: .CQBug1

===========================================================================================
----------------- testing Mon Aug 03 15:19:33 UTC 2020 /home/travis/build/icyphy/ptII/ptolemy/domains/de/test/auto/CancelFireAt.xml
----------------- Instantiating /home/travis/build/icyphy/ptII/ptolemy/domains/de/test/auto/CancelFireAt.xml
1 ms. Memory: 51200K Free: 7435K (15%)
----------------- Invoking toplevel() on ptolemy.moml.MoMLSimpleApplication@3f3f58f6
----------------- Done invoking toplevel() on ptolemy.moml.MoMLSimpleApplication@3f3f58f6
reloadAllAccessors: .CancelFireAt

===========================================================================================
----------------- testing Mon Aug 03 15:19:33 UTC 2020 /home/travis/build/icyphy/ptII/ptolemy/domains/de/test/auto/CausalityAndComposabilityAnalysis.xml
----------------- Instantiating /home/travis/build/icyphy/ptII/ptolemy/domains/de/test/auto/CausalityAndComposabilityAnalysis.xml
2 ms. Memory: 51200K Free: 32347K (63%)
----------------- Invoking toplevel() on ptolemy.moml.MoMLSimpleApplication@f68b687
----------------- Done invoking toplevel() on ptolemy.moml.MoMLSimpleApplication@f68b687
reloadAllAccessors: .CausalityAndComposabilityAnalysis

===========================================================================================
----------------- testing Mon Aug 03 15:19:33 UTC 2020 /home/travis/build/icyphy/ptII/ptolemy/domains/de/test/auto/CausalityInterface1.xml
----------------- Instantiating /home/travis/build/icyphy/ptII/ptolemy/domains/de/test/auto/CausalityInterface1.xml
7 ms. Memory: 51200K Free: 27497K (54%)
----------------- Invoking toplevel() on ptolemy.moml.MoMLSimpleApplication@48f4b4d6
----------------- Done invoking toplevel() on ptolemy.moml.MoMLSimpleApplication@48f4b4d6
reloadAllAccessors: .CausalityInterface1

===========================================================================================
----------------- testing Mon Aug 03 15:19:33 UTC 2020 /home/travis/build/icyphy/ptII/ptolemy/domains/de/test/auto/CausalityInterface15.xml
----------------- Instantiating /home/travis/build/icyphy/ptII/ptolemy/domains/de/test/auto/CausalityInterface15.xml
2 ms. Memory: 51200K Free: 22011K (43%)
----------------- Invoking toplevel() on ptolemy.moml.MoMLSimpleApplication@4c8fbcd8
----------------- Done invoking toplevel() on ptolemy.moml.MoMLSimpleApplication@4c8fbcd8
reloadAllAccessors: .CausalityInterface15

===========================================================================================
----------------- testing Mon Aug 03 15:19:33 UTC 2020 /home/travis/build/icyphy/ptII/ptolemy/domains/de/test/auto/CausalityInterface2.xml
----------------- Instantiating /home/travis/build/icyphy/ptII/ptolemy/domains/de/test/auto/CausalityInterface2.xml
2 ms. Memory: 51200K Free: 17274K (34%)
[...]
	at ptolemy.actor.Manager.run(Manager.java:1263)
	at ptolemy.actor.Manager$PtolemyRunThread.run(Manager.java:1933)
java.lang.RuntimeException: Execution failed
	at ptolemy.moml.MoMLSimpleApplication$UnloadThread.run(MoMLSimpleApplication.java:402)
Caused by: ptolemy.kernel.util.IllegalActionException: Actor is not ready to fire.  Perhaps UpSample.prefire() returned false? Try debugging the actor by selecting "Listen to Actor".  Also, for SDF check moml for tokenConsumptionRate on input.
  in .DESDFClockTest.Play Bell.Copy1:SDF Director and .DESDFClockTest.Play Bell.UpSample
	at ptolemy.actor.sched.StaticSchedulingDirector.fire(StaticSchedulingDirector.java:227)
	at ptolemy.domains.sdf.kernel.SDFDirector.fire(SDFDirector.java:500)
	at ptolemy.actor.CompositeActor.fire(CompositeActor.java:455)
	at ptolemy.domains.de.kernel.DEDirector._fire(DEDirector.java:1949)
	at ptolemy.domains.de.kernel.DEDirector.fire(DEDirector.java:502)
	at ptolemy.actor.CompositeActor.fire(CompositeActor.java:455)
	at ptolemy.actor.Manager.iterate(Manager.java:851)
	at ptolemy.actor.Manager.execute(Manager.java:369)
	at ptolemy.actor.Manager.run(Manager.java:1263)
	at ptolemy.actor.Manager$PtolemyRunThread.run(Manager.java:1933)
java.lang.reflect.InvocationTargetException
	at java.base/jdk.internal.reflect.NativeConstructorAccessorImpl.newInstance0(Native Method)
	at java.base/jdk.internal.reflect.NativeConstructorAccessorImpl.newInstance(NativeConstructorAccessorImpl.java:62)
	at java.base/jdk.internal.reflect.DelegatingConstructorAccessorImpl.newInstance(DelegatingConstructorAccessorImpl.java:45)
	at java.base/java.lang.reflect.Constructor.newInstance(Constructor.java:490)
	at ptolemy.util.test.junit.AutoKnownFailedTests.RunModel(AutoKnownFailedTests.java:105)
	at java.base/jdk.internal.reflect.NativeMethodAccessorImpl.invoke0(Native Method)
	at java.base/jdk.internal.reflect.NativeMethodAccessorImpl.invoke(NativeMethodAccessorImpl.java:62)
	at java.base/jdk.internal.reflect.DelegatingMethodAccessorImpl.invoke(DelegatingMethodAccessorImpl.java:43)
	at java.base/java.lang.reflect.Method.invoke(Method.java:566)
	at org.junit.runners.model.FrameworkMethod$1.runReflectiveCall(FrameworkMethod.java:44)
	at org.junit.internal.runners.model.ReflectiveCallable.run(ReflectiveCallable.java:15)
	at org.junit.runners.model.FrameworkMethod.invokeExplosively(FrameworkMethod.java:41)
	at junitparams.internal.InvokeParameterisedMethod.evaluate(InvokeParameterisedMethod.java:102)
	at org.junit.internal.runners.statements.FailOnTimeout$1.run(FailOnTimeout.java:28)
Caused by: ptolemy.kernel.util.IllegalActionException: Actor is not ready to fire.  Perhaps UpSample.prefire() returned false? Try debugging the actor by selecting "Listen to Actor".  Also, for SDF check moml for tokenConsumptionRate on input.
  in .DESDFClockTest.Play Bell.Copy1:SDF Director and .DESDFClockTest.Play Bell.UpSample
	at ptolemy.actor.sched.StaticSchedulingDirector.fire(StaticSchedulingDirector.java:227)
	at ptolemy.domains.sdf.kernel.SDFDirector.fire(SDFDirector.java:500)
	at ptolemy.actor.CompositeActor.fire(CompositeActor.java:455)
	at ptolemy.domains.de.kernel.DEDirector._fire(DEDirector.java:1949)
	at ptolemy.domains.de.kernel.DEDirector.fire(DEDirector.java:502)
	at ptolemy.actor.CompositeActor.fire(CompositeActor.java:455)
	at ptolemy.actor.Manager.iterate(Manager.java:851)
	at ptolemy.actor.Manager.execute(Manager.java:369)
	at ptolemy.actor.Manager.run(Manager.java:1263)
	at ptolemy.actor.Manager$PtolemyRunThread.run(Manager.java:1933)
java.lang.RuntimeException: Execution failed
	at ptolemy.moml.MoMLSimpleApplication$UnloadThread.run(MoMLSimpleApplication.java:402)
Caused by: ptolemy.kernel.util.IllegalActionException: Test fails in iteration 1.
Value was: 1.0. Should have been: 2.0
  in .DirectFeedback.Test
	at ptolemy.actor.lib.Test.fire(Test.java:268)
	at ptolemy.domains.de.kernel.DEDirector._fire(DEDirector.java:1949)
	at ptolemy.domains.de.kernel.DEDirector.fire(DEDirector.java:502)
	at ptolemy.actor.CompositeActor.fire(CompositeActor.java:455)
	at ptolemy.actor.Manager.iterate(Manager.java:851)
	at ptolemy.actor.Manager.execute(Manager.java:369)
	at ptolemy.actor.Manager.run(Manager.java:1263)
	at ptolemy.actor.Manager$PtolemyRunThread.run(Manager.java:1933)
java.lang.reflect.InvocationTargetException
	at java.base/jdk.internal.reflect.NativeConstructorAccessorImpl.newInstance0(Native Method)
	at java.base/jdk.internal.reflect.NativeConstructorAccessorImpl.newInstance(NativeConstructorAccessorImpl.java:62)
	at java.base/jdk.internal.reflect.DelegatingConstructorAccessorImpl.newInstance(DelegatingConstructorAccessorImpl.java:45)
	at java.base/java.lang.reflect.Constructor.newInstance(Constructor.java:490)
	at ptolemy.util.test.junit.AutoKnownFailedTests.RunModel(AutoKnownFailedTests.java:105)
	at java.base/jdk.internal.reflect.NativeMethodAccessorImpl.invoke0(Native Method)
	at java.base/jdk.internal.reflect.NativeMethodAccessorImpl.invoke(NativeMethodAccessorImpl.java:62)
	at java.base/jdk.internal.reflect.DelegatingMethodAccessorImpl.invoke(DelegatingMethodAccessorImpl.java:43)
	at java.base/java.lang.reflect.Method.invoke(Method.java:566)
	at org.junit.runners.model.FrameworkMethod$1.runReflectiveCall(FrameworkMethod.java:44)
	at org.junit.internal.runners.model.ReflectiveCallable.run(ReflectiveCallable.java:15)
	at org.junit.runners.model.FrameworkMethod.invokeExplosively(FrameworkMethod.java:41)
	at junitparams.internal.InvokeParameterisedMethod.evaluate(InvokeParameterisedMethod.java:102)
	at org.junit.internal.runners.statements.FailOnTimeout$1.run(FailOnTimeout.java:28)
Caused by: ptolemy.kernel.util.IllegalActionException: Test fails in iteration 1.
Value was: 1.0. Should have been: 2.0
  in .DirectFeedback.Test
	at ptolemy.actor.lib.Test.fire(Test.java:268)
	at ptolemy.domains.de.kernel.DEDirector._fire(DEDirector.java:1949)
	at ptolemy.domains.de.kernel.DEDirector.fire(DEDirector.java:502)
	at ptolemy.actor.CompositeActor.fire(CompositeActor.java:455)
	at ptolemy.actor.Manager.iterate(Manager.java:851)
	at ptolemy.actor.Manager.execute(Manager.java:369)
	at ptolemy.actor.Manager.run(Manager.java:1263)
	at ptolemy.actor.Manager$PtolemyRunThread.run(Manager.java:1933)
java.lang.RuntimeException: Execution failed
	at ptolemy.moml.MoMLSimpleApplication$UnloadThread.run(MoMLSimpleApplication.java:402)
Caused by: ptolemy.kernel.util.IllegalActionException: Found a zero delay loop containing .HierarchicalModel.A
  in .HierarchicalModel and .HierarchicalModel.A
	at ptolemy.actor.util.CausalityInterfaceForComposites._computeOutputPortDepth(CausalityInterfaceForComposites.java:759)
	at ptolemy.actor.util.CausalityInterfaceForComposites._computeInputDepth(CausalityInterfaceForComposites.java:696)
	at ptolemy.actor.util.CausalityInterfaceForComposites._computeOutputPortDepth(CausalityInterfaceForComposites.java:765)
	at ptolemy.actor.util.CausalityInterfaceForComposites._computeInputDepth(CausalityInterfaceForComposites.java:696)
	at ptolemy.actor.util.CausalityInterfaceForComposites._computeOutputPortDepth(CausalityInterfaceForComposites.java:765)
	at ptolemy.actor.util.CausalityInterfaceForComposites._computeInputDepth(CausalityInterfaceForComposites.java:696)
	at ptolemy.actor.util.CausalityInterfaceForComposites._computeActorDepth(CausalityInterfaceForComposites.java:532)
	at ptolemy.actor.util.CausalityInterfaceForComposites.checkForCycles(CausalityInterfaceForComposites.java:96)
	at ptolemy.domains.de.kernel.DEDirector.preinitialize(DEDirector.java:1338)
	at ptolemy.actor.CompositeActor.preinitialize(CompositeActor.java:1828)
	at ptolemy.actor.Manager.preinitializeAndResolveTypes(Manager.java:1040)
	at ptolemy.actor.Manager.initialize(Manager.java:710)
	at ptolemy.actor.Manager.execute(Manager.java:356)
	at ptolemy.actor.Manager.run(Manager.java:1263)
	at ptolemy.actor.Manager$PtolemyRunThread.run(Manager.java:1933)
java.lang.reflect.InvocationTargetException
	at java.base/jdk.internal.reflect.NativeConstructorAccessorImpl.newInstance0(Native Method)
	at java.base/jdk.internal.reflect.NativeConstructorAccessorImpl.newInstance(NativeConstructorAccessorImpl.java:62)
	at java.base/jdk.internal.reflect.DelegatingConstructorAccessorImpl.newInstance(DelegatingConstructorAccessorImpl.java:45)
	at java.base/java.lang.reflect.Constructor.newInstance(Constructor.java:490)
	at ptolemy.util.test.junit.AutoKnownFailedTests.RunModel(AutoKnownFailedTests.java:105)
	at java.base/jdk.internal.reflect.NativeMethodAccessorImpl.invoke0(Native Method)
	at java.base/jdk.internal.reflect.NativeMethodAccessorImpl.invoke(NativeMethodAccessorImpl.java:62)
	at java.base/jdk.internal.reflect.DelegatingMethodAccessorImpl.invoke(DelegatingMethodAccessorImpl.java:43)
	at java.base/java.lang.reflect.Method.invoke(Method.java:566)
	at org.junit.runners.model.FrameworkMethod$1.runReflectiveCall(FrameworkMethod.java:44)
	at org.junit.internal.runners.model.ReflectiveCallable.run(ReflectiveCallable.java:15)
	at org.junit.runners.model.FrameworkMethod.invokeExplosively(FrameworkMethod.java:41)
	at junitparams.internal.InvokeParameterisedMethod.evaluate(InvokeParameterisedMethod.java:102)
	at org.junit.internal.runners.statements.FailOnTimeout$1.run(FailOnTimeout.java:28)
Caused by: ptolemy.kernel.util.IllegalActionException: Found a zero delay loop containing .HierarchicalModel.A
  in .HierarchicalModel and .HierarchicalModel.A
	at ptolemy.actor.util.CausalityInterfaceForComposites._computeOutputPortDepth(CausalityInterfaceForComposites.java:759)
	at ptolemy.actor.util.CausalityInterfaceForComposites._computeInputDepth(CausalityInterfaceForComposites.java:696)
	at ptolemy.actor.util.CausalityInterfaceForComposites._computeOutputPortDepth(CausalityInterfaceForComposites.java:765)
	at ptolemy.actor.util.CausalityInterfaceForComposites._computeInputDepth(CausalityInterfaceForComposites.java:696)
	at ptolemy.actor.util.CausalityInterfaceForComposites._computeOutputPortDepth(CausalityInterfaceForComposites.java:765)
	at ptolemy.actor.util.CausalityInterfaceForComposites._computeInputDepth(CausalityInterfaceForComposites.java:696)
	at ptolemy.actor.util.CausalityInterfaceForComposites._computeActorDepth(CausalityInterfaceForComposites.java:532)
	at ptolemy.actor.util.CausalityInterfaceForComposites.checkForCycles(CausalityInterfaceForComposites.java:96)
	at ptolemy.domains.de.kernel.DEDirector.preinitialize(DEDirector.java:1338)
	at ptolemy.actor.CompositeActor.preinitialize(CompositeActor.java:1828)
	at ptolemy.actor.Manager.preinitializeAndResolveTypes(Manager.java:1040)
	at ptolemy.actor.Manager.initialize(Manager.java:710)
	at ptolemy.actor.Manager.execute(Manager.java:356)
	at ptolemy.actor.Manager.run(Manager.java:1263)
	at ptolemy.actor.Manager$PtolemyRunThread.run(Manager.java:1933)
java.lang.RuntimeException: Execution failed
	at ptolemy.moml.MoMLSimpleApplication$UnloadThread.run(MoMLSimpleApplication.java:402)
Caused by: ptolemy.kernel.util.IllegalActionException: Found a zero delay loop containing .dependencyLoop.original
  in .dependencyLoop and .dependencyLoop.original
	at ptolemy.actor.util.CausalityInterfaceForComposites._computeOutputPortDepth(CausalityInterfaceForComposites.java:759)
	at ptolemy.actor.util.CausalityInterfaceForComposites._computeInputDepth(CausalityInterfaceForComposites.java:696)
	at ptolemy.actor.util.CausalityInterfaceForComposites._computeOutputPortDepth(CausalityInterfaceForComposites.java:765)
	at ptolemy.actor.util.CausalityInterfaceForComposites._computeInputDepth(CausalityInterfaceForComposites.java:696)
	at ptolemy.actor.util.CausalityInterfaceForComposites._computeOutputPortDepth(CausalityInterfaceForComposites.java:765)
	at ptolemy.actor.util.CausalityInterfaceForComposites._computeInputDepth(CausalityInterfaceForComposites.java:696)
	at ptolemy.actor.util.CausalityInterfaceForComposites._computeActorDepth(CausalityInterfaceForComposites.java:532)
	at ptolemy.actor.util.CausalityInterfaceForComposites.checkForCycles(CausalityInterfaceForComposites.java:96)
	at ptolemy.domains.de.kernel.DEDirector.preinitialize(DEDirector.java:1338)
	at ptolemy.actor.CompositeActor.preinitialize(CompositeActor.java:1828)
	at ptolemy.actor.Manager.preinitializeAndResolveTypes(Manager.java:1040)
	at ptolemy.actor.Manager.initialize(Manager.java:710)
	at ptolemy.actor.Manager.execute(Manager.java:356)
	at ptolemy.actor.Manager.run(Manager.java:1263)
	at ptolemy.actor.Manager$PtolemyRunThread.run(Manager.java:1933)
java.lang.reflect.InvocationTargetException
	at java.base/jdk.internal.reflect.NativeConstructorAccessorImpl.newInstance0(Native Method)
	at java.base/jdk.internal.reflect.NativeConstructorAccessorImpl.newInstance(NativeConstructorAccessorImpl.java:62)
	at java.base/jdk.internal.reflect.DelegatingConstructorAccessorImpl.newInstance(DelegatingConstructorAccessorImpl.java:45)
	at java.base/java.lang.reflect.Constructor.newInstance(Constructor.java:490)
	at ptolemy.util.test.junit.AutoKnownFailedTests.RunModel(AutoKnownFailedTests.java:105)
	at java.base/jdk.internal.reflect.NativeMethodAccessorImpl.invoke0(Native Method)
	at java.base/jdk.internal.reflect.NativeMethodAccessorImpl.invoke(NativeMethodAccessorImpl.java:62)
	at java.base/jdk.internal.reflect.DelegatingMethodAccessorImpl.invoke(DelegatingMethodAccessorImpl.java:43)
	at java.base/java.lang.reflect.Method.invoke(Method.java:566)
	at org.junit.runners.model.FrameworkMethod$1.runReflectiveCall(FrameworkMethod.java:44)
	at org.junit.internal.runners.model.ReflectiveCallable.run(ReflectiveCallable.java:15)
	at org.junit.runners.model.FrameworkMethod.invokeExplosively(FrameworkMethod.java:41)
	at junitparams.internal.InvokeParameterisedMethod.evaluate(InvokeParameterisedMethod.java:102)
	at org.junit.internal.runners.statements.FailOnTimeout$1.run(FailOnTimeout.java:28)
Caused by: ptolemy.kernel.util.IllegalActionException: Found a zero delay loop containing .dependencyLoop.original
  in .dependencyLoop and .dependencyLoop.original
	at ptolemy.actor.util.CausalityInterfaceForComposites._computeOutputPortDepth(CausalityInterfaceForComposites.java:759)
	at ptolemy.actor.util.CausalityInterfaceForComposites._computeInputDepth(CausalityInterfaceForComposites.java:696)
	at ptolemy.actor.util.CausalityInterfaceForComposites._computeOutputPortDepth(CausalityInterfaceForComposites.java:765)
	at ptolemy.actor.util.CausalityInterfaceForComposites._computeInputDepth(CausalityInterfaceForComposites.java:696)
	at ptolemy.actor.util.CausalityInterfaceForComposites._computeOutputPortDepth(CausalityInterfaceForComposites.java:765)
	at ptolemy.actor.util.CausalityInterfaceForComposites._computeInputDepth(CausalityInterfaceForComposites.java:696)
	at ptolemy.actor.util.CausalityInterfaceForComposites._computeActorDepth(CausalityInterfaceForComposites.java:532)
	at ptolemy.actor.util.CausalityInterfaceForComposites.checkForCycles(CausalityInterfaceForComposites.java:96)
	at ptolemy.domains.de.kernel.DEDirector.preinitialize(DEDirector.java:1338)
	at ptolemy.actor.CompositeActor.preinitialize(CompositeActor.java:1828)
	at ptolemy.actor.Manager.preinitializeAndResolveTypes(Manager.java:1040)
	at ptolemy.actor.Manager.initialize(Manager.java:710)
	at ptolemy.actor.Manager.execute(Manager.java:356)
	at ptolemy.actor.Manager.run(Manager.java:1263)
	at ptolemy.actor.Manager$PtolemyRunThread.run(Manager.java:1933)
java.lang.RuntimeException: Execution failed
	at ptolemy.moml.MoMLSimpleApplication$UnloadThread.run(MoMLSimpleApplication.java:402)
Caused by: ptolemy.kernel.util.IllegalActionException: Found a zero delay loop containing .dependencyLoop2.original
  in .dependencyLoop2 and .dependencyLoop2.original
	at ptolemy.actor.util.CausalityInterfaceForComposites._computeOutputPortDepth(CausalityInterfaceForComposites.java:759)
	at ptolemy.actor.util.CausalityInterfaceForComposites._computeInputDepth(CausalityInterfaceForComposites.java:696)
	at ptolemy.actor.util.CausalityInterfaceForComposites._computeOutputPortDepth(CausalityInterfaceForComposites.java:765)
	at ptolemy.actor.util.CausalityInterfaceForComposites._computeInputDepth(CausalityInterfaceForComposites.java:696)
	at ptolemy.actor.util.CausalityInterfaceForComposites._computeOutputPortDepth(CausalityInterfaceForComposites.java:765)
	at ptolemy.actor.util.CausalityInterfaceForComposites._computeInputDepth(CausalityInterfaceForComposites.java:696)
	at ptolemy.actor.util.CausalityInterfaceForComposites._computeActorDepth(CausalityInterfaceForComposites.java:532)
	at ptolemy.actor.util.CausalityInterfaceForComposites.checkForCycles(CausalityInterfaceForComposites.java:96)
	at ptolemy.domains.de.kernel.DEDirector.preinitialize(DEDirector.java:1338)
	at ptolemy.actor.CompositeActor.preinitialize(CompositeActor.java:1828)
	at ptolemy.actor.Manager.preinitializeAndResolveTypes(Manager.java:1040)
	at ptolemy.actor.Manager.initialize(Manager.java:710)
	at ptolemy.actor.Manager.execute(Manager.java:356)
	at ptolemy.actor.Manager.run(Manager.java:1263)
	at ptolemy.actor.Manager$PtolemyRunThread.run(Manager.java:1933)
java.lang.reflect.InvocationTargetException
	at java.base/jdk.internal.reflect.NativeConstructorAccessorImpl.newInstance0(Native Method)
	at java.base/jdk.internal.reflect.NativeConstructorAccessorImpl.newInstance(NativeConstructorAccessorImpl.java:62)
	at java.base/jdk.internal.reflect.DelegatingConstructorAccessorImpl.newInstance(DelegatingConstructorAccessorImpl.java:45)
	at java.base/java.lang.reflect.Constructor.newInstance(Constructor.java:490)
	at ptolemy.util.test.junit.AutoKnownFailedTests.RunModel(AutoKnownFailedTests.java:105)
	at java.base/jdk.internal.reflect.NativeMethodAccessorImpl.invoke0(Native Method)
	at java.base/jdk.internal.reflect.NativeMethodAccessorImpl.invoke(NativeMethodAccessorImpl.java:62)
	at java.base/jdk.internal.reflect.DelegatingMethodAccessorImpl.invoke(DelegatingMethodAccessorImpl.java:43)
	at java.base/java.lang.reflect.Method.invoke(Method.java:566)
	at org.junit.runners.model.FrameworkMethod$1.runReflectiveCall(FrameworkMethod.java:44)
	at org.junit.internal.runners.model.ReflectiveCallable.run(ReflectiveCallable.java:15)
	at org.junit.runners.model.FrameworkMethod.invokeExplosively(FrameworkMethod.java:41)
	at junitparams.internal.InvokeParameterisedMethod.evaluate(InvokeParameterisedMethod.java:102)
	at org.junit.internal.runners.statements.FailOnTimeout$1.run(FailOnTimeout.java:28)
Caused by: ptolemy.kernel.util.IllegalActionException: Found a zero delay loop containing .dependencyLoop2.original
  in .dependencyLoop2 and .dependencyLoop2.original
	at ptolemy.actor.util.CausalityInterfaceForComposites._computeOutputPortDepth(CausalityInterfaceForComposites.java:759)
	at ptolemy.actor.util.CausalityInterfaceForComposites._computeInputDepth(CausalityInterfaceForComposites.java:696)
	at ptolemy.actor.util.CausalityInterfaceForComposites._computeOutputPortDepth(CausalityInterfaceForComposites.java:765)
	at ptolemy.actor.util.CausalityInterfaceForComposites._computeInputDepth(CausalityInterfaceForComposites.java:696)
	at ptolemy.actor.util.CausalityInterfaceForComposites._computeOutputPortDepth(CausalityInterfaceForComposites.java:765)
	at ptolemy.actor.util.CausalityInterfaceForComposites._computeInputDepth(CausalityInterfaceForComposites.java:696)
	at ptolemy.actor.util.CausalityInterfaceForComposites._computeActorDepth(CausalityInterfaceForComposites.java:532)
	at ptolemy.actor.util.CausalityInterfaceForComposites.checkForCycles(CausalityInterfaceForComposites.java:96)
	at ptolemy.domains.de.kernel.DEDirector.preinitialize(DEDirector.java:1338)
	at ptolemy.actor.CompositeActor.preinitialize(CompositeActor.java:1828)
	at ptolemy.actor.Manager.preinitializeAndResolveTypes(Manager.java:1040)
	at ptolemy.actor.Manager.initialize(Manager.java:710)
	at ptolemy.actor.Manager.execute(Manager.java:356)
	at ptolemy.actor.Manager.run(Manager.java:1263)
	at ptolemy.actor.Manager$PtolemyRunThread.run(Manager.java:1933)
]]></system-err>
</testsuite>
