<?xml version="1.0" encoding="UTF-8" ?>
<testsuite errors="0" failures="0" hostname="travis-job-ecc2e48c-523f-4c1c-937a-92a64520b446" name="ptolemy.domains.continuous.test.junit.JUnitTclTest" skipped="0" tests="155" time="72.146" timestamp="2018-09-29T02:18:17">
  <properties>
[...]
</properties>
  <testcase classname="ptolemy.util.test.junit.TclTests" name="[0] ThereAreNoTclTests (RunTclFile)" time="0.001" />
  <testcase classname="ptolemy.util.test.junit.AutoKnownFailedTests" name="[0] ThereAreNoKnowFailedTests (RunModel)" time="0.001" />
  <testcase classname="ptolemy.util.test.junit.AutoNameArchTests" name="[0] ThereAreNoAutoArchTests (RunModel)" time="0.005" />
  <testcase classname="ptolemy.util.test.junit.AutoTests" name="[0] /home/travis/build/icyphy/ptII/ptolemy/domains/continuous/test/auto/BouncingBall.xml (RunModel)" time="2.736" />
  <testcase classname="ptolemy.util.test.junit.AutoTests" name="[1] /home/travis/build/icyphy/ptII/ptolemy/domains/continuous/test/auto/BouncingBallWithoutGR.xml (RunModel)" time="0.932" />
  <testcase classname="ptolemy.util.test.junit.AutoTests" name="[2] /home/travis/build/icyphy/ptII/ptolemy/domains/continuous/test/auto/Brownian.xml (RunModel)" time="0.111" />
  <testcase classname="ptolemy.util.test.junit.AutoTests" name="[3] /home/travis/build/icyphy/ptII/ptolemy/domains/continuous/test/auto/CarTracking.xml (RunModel)" time="3.487" />
  <testcase classname="ptolemy.util.test.junit.AutoTests" name="[4] /home/travis/build/icyphy/ptII/ptolemy/domains/continuous/test/auto/CartPendulum.xml (RunModel)" time="0.512" />
  <testcase classname="ptolemy.util.test.junit.AutoTests" name="[5] /home/travis/build/icyphy/ptII/ptolemy/domains/continuous/test/auto/CausalityInterface10.xml (RunModel)" time="0.042" />
  <testcase classname="ptolemy.util.test.junit.AutoTests" name="[6] /home/travis/build/icyphy/ptII/ptolemy/domains/continuous/test/auto/CausalityInterface11.xml (RunModel)" time="0.035" />
  <testcase classname="ptolemy.util.test.junit.AutoTests" name="[7] /home/travis/build/icyphy/ptII/ptolemy/domains/continuous/test/auto/CausalityInterface12.xml (RunModel)" time="0.041" />
  <testcase classname="ptolemy.util.test.junit.AutoTests" name="[8] /home/travis/build/icyphy/ptII/ptolemy/domains/continuous/test/auto/CausalityInterface13.xml (RunModel)" time="0.042" />
  <testcase classname="ptolemy.util.test.junit.AutoTests" name="[9] /home/travis/build/icyphy/ptII/ptolemy/domains/continuous/test/auto/CausalityInterface14.xml (RunModel)" time="0.021" />
  <testcase classname="ptolemy.util.test.junit.AutoTests" name="[10] /home/travis/build/icyphy/ptII/ptolemy/domains/continuous/test/auto/CausalityInterface4.xml (RunModel)" time="0.028" />
  <testcase classname="ptolemy.util.test.junit.AutoTests" name="[11] /home/travis/build/icyphy/ptII/ptolemy/domains/continuous/test/auto/CausalityInterface5.xml (RunModel)" time="0.046" />
  <testcase classname="ptolemy.util.test.junit.AutoTests" name="[12] /home/travis/build/icyphy/ptII/ptolemy/domains/continuous/test/auto/CausalityInterface6.xml (RunModel)" time="0.03" />
  <testcase classname="ptolemy.util.test.junit.AutoTests" name="[13] /home/travis/build/icyphy/ptII/ptolemy/domains/continuous/test/auto/CausalityInterface7.xml (RunModel)" time="0.051" />
  <testcase classname="ptolemy.util.test.junit.AutoTests" name="[14] /home/travis/build/icyphy/ptII/ptolemy/domains/continuous/test/auto/CausalityInterface8.xml (RunModel)" time="0.039" />
  <testcase classname="ptolemy.util.test.junit.AutoTests" name="[15] /home/travis/build/icyphy/ptII/ptolemy/domains/continuous/test/auto/CausalityInterface9.xml (RunModel)" time="0.041" />
  <testcase classname="ptolemy.util.test.junit.AutoTests" name="[16] /home/travis/build/icyphy/ptII/ptolemy/domains/continuous/test/auto/CausalityInterfaceFeedback1.xml (RunModel)" time="0.027" />
  <testcase classname="ptolemy.util.test.junit.AutoTests" name="[17] /home/travis/build/icyphy/ptII/ptolemy/domains/continuous/test/auto/CausalityInterfaceFeedback2.xml (RunModel)" time="0.035" />
  <testcase classname="ptolemy.util.test.junit.AutoTests" name="[18] /home/travis/build/icyphy/ptII/ptolemy/domains/continuous/test/auto/CompareWithCurrentTime.xml (RunModel)" time="0.028" />
  <testcase classname="ptolemy.util.test.junit.AutoTests" name="[19] /home/travis/build/icyphy/ptII/ptolemy/domains/continuous/test/auto/ComparedClocks.xml (RunModel)" time="0.078" />
  <testcase classname="ptolemy.util.test.junit.AutoTests" name="[20] /home/travis/build/icyphy/ptII/ptolemy/domains/continuous/test/auto/ContinuousAOCClone.xml (RunModel)" time="2.499" />
  <testcase classname="ptolemy.util.test.junit.AutoTests" name="[21] /home/travis/build/icyphy/ptII/ptolemy/domains/continuous/test/auto/ContinuousClock.xml (RunModel)" time="0.109" />
  <testcase classname="ptolemy.util.test.junit.AutoTests" name="[22] /home/travis/build/icyphy/ptII/ptolemy/domains/continuous/test/auto/ContinuousInContinuous.xml (RunModel)" time="0.088" />
  <testcase classname="ptolemy.util.test.junit.AutoTests" name="[23] /home/travis/build/icyphy/ptII/ptolemy/domains/continuous/test/auto/ContinuousInContinuousInContinuous.xml (RunModel)" time="0.023" />
  <testcase classname="ptolemy.util.test.junit.AutoTests" name="[24] /home/travis/build/icyphy/ptII/ptolemy/domains/continuous/test/auto/ContinuousInDE.xml (RunModel)" time="0.134" />
  <testcase classname="ptolemy.util.test.junit.AutoTests" name="[25] /home/travis/build/icyphy/ptII/ptolemy/domains/continuous/test/auto/ContinuousInDE2.xml (RunModel)" time="0.066" />
  <testcase classname="ptolemy.util.test.junit.AutoTests" name="[26] /home/travis/build/icyphy/ptII/ptolemy/domains/continuous/test/auto/ContinuousInDE3.xml (RunModel)" time="0.056" />
  <testcase classname="ptolemy.util.test.junit.AutoTests" name="[27] /home/travis/build/icyphy/ptII/ptolemy/domains/continuous/test/auto/ContinuousInDE4.xml (RunModel)" time="0.033" />
  <testcase classname="ptolemy.util.test.junit.AutoTests" name="[28] /home/travis/build/icyphy/ptII/ptolemy/domains/continuous/test/auto/ContinuousInDEDifferentRefinements.xml (RunModel)" time="0.124" />
  <testcase classname="ptolemy.util.test.junit.AutoTests" name="[29] /home/travis/build/icyphy/ptII/ptolemy/domains/continuous/test/auto/ContinuousInDEDifferentRefinementsPreemptive.xml (RunModel)" time="0.091" />
  <testcase classname="ptolemy.util.test.junit.AutoTests" name="[30] /home/travis/build/icyphy/ptII/ptolemy/domains/continuous/test/auto/ContinuousInDEInContinuous2.xml (RunModel)" time="0.059" />
  <testcase classname="ptolemy.util.test.junit.AutoTests" name="[31] /home/travis/build/icyphy/ptII/ptolemy/domains/continuous/test/auto/ContinuousInDEInContinuous3.xml (RunModel)" time="0.067" />
  <testcase classname="ptolemy.util.test.junit.AutoTests" name="[32] /home/travis/build/icyphy/ptII/ptolemy/domains/continuous/test/auto/ContinuousInDEInput.xml (RunModel)" time="0.041" />
  <testcase classname="ptolemy.util.test.junit.AutoTests" name="[33] /home/travis/build/icyphy/ptII/ptolemy/domains/continuous/test/auto/ContinuousInDEInput2.xml (RunModel)" time="0.042" />
  <testcase classname="ptolemy.util.test.junit.AutoTests" name="[34] /home/travis/build/icyphy/ptII/ptolemy/domains/continuous/test/auto/ContinuousInDEInput3.xml (RunModel)" time="0.038" />
  <testcase classname="ptolemy.util.test.junit.AutoTests" name="[35] /home/travis/build/icyphy/ptII/ptolemy/domains/continuous/test/auto/ContinuousInDESharingRefinement.xml (RunModel)" time="0.186" />
  <testcase classname="ptolemy.util.test.junit.AutoTests" name="[36] /home/travis/build/icyphy/ptII/ptolemy/domains/continuous/test/auto/ContinuousInDEwithNoPorts.xml (RunModel)" time="0.025" />
  <testcase classname="ptolemy.util.test.junit.AutoTests" name="[37] /home/travis/build/icyphy/ptII/ptolemy/domains/continuous/test/auto/ContinuousInsideDE.xml (RunModel)" time="0.077" />
  <testcase classname="ptolemy.util.test.junit.AutoTests" name="[38] /home/travis/build/icyphy/ptII/ptolemy/domains/continuous/test/auto/ContinuousMerge1.xml (RunModel)" time="0.018" />
  <testcase classname="ptolemy.util.test.junit.AutoTests" name="[39] /home/travis/build/icyphy/ptII/ptolemy/domains/continuous/test/auto/ContinuousMerge2.xml (RunModel)" time="0.052" />
  <testcase classname="ptolemy.util.test.junit.AutoTests" name="[40] /home/travis/build/icyphy/ptII/ptolemy/domains/continuous/test/auto/ContinuousMerge3.xml (RunModel)" time="0.066" />
  <testcase classname="ptolemy.util.test.junit.AutoTests" name="[41] /home/travis/build/icyphy/ptII/ptolemy/domains/continuous/test/auto/ContinuousWithinContinuous.xml (RunModel)" time="0.05" />
  <testcase classname="ptolemy.util.test.junit.AutoTests" name="[42] /home/travis/build/icyphy/ptII/ptolemy/domains/continuous/test/auto/ContinuousWithinContinuous2.xml (RunModel)" time="0.08" />
  <testcase classname="ptolemy.util.test.junit.AutoTests" name="[43] /home/travis/build/icyphy/ptII/ptolemy/domains/continuous/test/auto/ContinuousWithinContinuous3.xml (RunModel)" time="0.036" />
  <testcase classname="ptolemy.util.test.junit.AutoTests" name="[44] /home/travis/build/icyphy/ptII/ptolemy/domains/continuous/test/auto/ContinuousWithinContinuous4.xml (RunModel)" time="0.075" />
  <testcase classname="ptolemy.util.test.junit.AutoTests" name="[45] /home/travis/build/icyphy/ptII/ptolemy/domains/continuous/test/auto/ContinuousWithinContinuous5.xml (RunModel)" time="0.026" />
  <testcase classname="ptolemy.util.test.junit.AutoTests" name="[46] /home/travis/build/icyphy/ptII/ptolemy/domains/continuous/test/auto/ContinuousWithinContinuous6.xml (RunModel)" time="0.023" />
  <testcase classname="ptolemy.util.test.junit.AutoTests" name="[47] /home/travis/build/icyphy/ptII/ptolemy/domains/continuous/test/auto/ContinuousWithinContinuous7.xml (RunModel)" time="0.06" />
  <testcase classname="ptolemy.util.test.junit.AutoTests" name="[48] /home/travis/build/icyphy/ptII/ptolemy/domains/continuous/test/auto/DCMotor.xml (RunModel)" time="13.16" />
  <testcase classname="ptolemy.util.test.junit.AutoTests" name="[49] /home/travis/build/icyphy/ptII/ptolemy/domains/continuous/test/auto/DEInContinuous.xml (RunModel)" time="0.039" />
  <testcase classname="ptolemy.util.test.junit.AutoTests" name="[50] /home/travis/build/icyphy/ptII/ptolemy/domains/continuous/test/auto/DEinContinuous2.xml (RunModel)" time="0.03" />
  <testcase classname="ptolemy.util.test.junit.AutoTests" name="[51] /home/travis/build/icyphy/ptII/ptolemy/domains/continuous/test/auto/Derivative.xml (RunModel)" time="0.188" />
  <testcase classname="ptolemy.util.test.junit.AutoTests" name="[52] /home/travis/build/icyphy/ptII/ptolemy/domains/continuous/test/auto/Derivative1.xml (RunModel)" time="0.069" />
  <testcase classname="ptolemy.util.test.junit.AutoTests" name="[53] /home/travis/build/icyphy/ptII/ptolemy/domains/continuous/test/auto/DiscreteClock.xml (RunModel)" time="0.019" />
  <testcase classname="ptolemy.util.test.junit.AutoTests" name="[54] /home/travis/build/icyphy/ptII/ptolemy/domains/continuous/test/auto/EfficiencyCurve.xml (RunModel)" time="0.096" />
  <testcase classname="ptolemy.util.test.junit.AutoTests" name="[55] /home/travis/build/icyphy/ptII/ptolemy/domains/continuous/test/auto/ExponentialResponse.xml (RunModel)" time="0.112" />
  <testcase classname="ptolemy.util.test.junit.AutoTests" name="[56] /home/travis/build/icyphy/ptII/ptolemy/domains/continuous/test/auto/ExponentialResponseRK45.xml (RunModel)" time="0.034" />
  <testcase classname="ptolemy.util.test.junit.AutoTests" name="[57] /home/travis/build/icyphy/ptII/ptolemy/domains/continuous/test/auto/Friction.xml (RunModel)" time="1.412" />
  <testcase classname="ptolemy.util.test.junit.AutoTests" name="[58] /home/travis/build/icyphy/ptII/ptolemy/domains/continuous/test/auto/FurutaPendulum.xml (RunModel)" time="3.544" />
  <testcase classname="ptolemy.util.test.junit.AutoTests" name="[59] /home/travis/build/icyphy/ptII/ptolemy/domains/continuous/test/auto/HierarchicalExecution.xml (RunModel)" time="2.033" />
  <testcase classname="ptolemy.util.test.junit.AutoTests" name="[60] /home/travis/build/icyphy/ptII/ptolemy/domains/continuous/test/auto/HybridPlant.xml (RunModel)" time="0.563" />
  <testcase classname="ptolemy.util.test.junit.AutoTests" name="[61] /home/travis/build/icyphy/ptII/ptolemy/domains/continuous/test/auto/Hysteresis.xml (RunModel)" time="0.161" />
  <testcase classname="ptolemy.util.test.junit.AutoTests" name="[62] /home/travis/build/icyphy/ptII/ptolemy/domains/continuous/test/auto/HysteresisWithRandomDelay.xml (RunModel)" time="0.221" />
  <testcase classname="ptolemy.util.test.junit.AutoTests" name="[63] /home/travis/build/icyphy/ptII/ptolemy/domains/continuous/test/auto/HysteresisWithRandomLosses.xml (RunModel)" time="2.214" />
  <testcase classname="ptolemy.util.test.junit.AutoTests" name="[64] /home/travis/build/icyphy/ptII/ptolemy/domains/continuous/test/auto/ImmediateTransitions.xml (RunModel)" time="0.041" />
  <testcase classname="ptolemy.util.test.junit.AutoTests" name="[65] /home/travis/build/icyphy/ptII/ptolemy/domains/continuous/test/auto/ImpulseFeedback.xml (RunModel)" time="0.023" />
  <testcase classname="ptolemy.util.test.junit.AutoTests" name="[66] /home/travis/build/icyphy/ptII/ptolemy/domains/continuous/test/auto/ImpulseFeedback2.xml (RunModel)" time="0.023" />
  <testcase classname="ptolemy.util.test.junit.AutoTests" name="[67] /home/travis/build/icyphy/ptII/ptolemy/domains/continuous/test/auto/IncreasingRatePoisson.xml (RunModel)" time="0.709" />
  <testcase classname="ptolemy.util.test.junit.AutoTests" name="[68] /home/travis/build/icyphy/ptII/ptolemy/domains/continuous/test/auto/InitialStateFeedback.xml (RunModel)" time="0.03" />
  <testcase classname="ptolemy.util.test.junit.AutoTests" name="[69] /home/travis/build/icyphy/ptII/ptolemy/domains/continuous/test/auto/Integration.xml (RunModel)" time="0.013" />
  <testcase classname="ptolemy.util.test.junit.AutoTests" name="[70] /home/travis/build/icyphy/ptII/ptolemy/domains/continuous/test/auto/Integration2.xml (RunModel)" time="0.089" />
  <testcase classname="ptolemy.util.test.junit.AutoTests" name="[71] /home/travis/build/icyphy/ptII/ptolemy/domains/continuous/test/auto/Integration3.xml (RunModel)" time="0.015" />
  <testcase classname="ptolemy.util.test.junit.AutoTests" name="[72] /home/travis/build/icyphy/ptII/ptolemy/domains/continuous/test/auto/Integration5.xml (RunModel)" time="0.028" />
  <testcase classname="ptolemy.util.test.junit.AutoTests" name="[73] /home/travis/build/icyphy/ptII/ptolemy/domains/continuous/test/auto/IntegratorImpulse.xml (RunModel)" time="0.011" />
  <testcase classname="ptolemy.util.test.junit.AutoTests" name="[74] /home/travis/build/icyphy/ptII/ptolemy/domains/continuous/test/auto/IntegratorImpulse2.xml (RunModel)" time="0.013" />
  <testcase classname="ptolemy.util.test.junit.AutoTests" name="[75] /home/travis/build/icyphy/ptII/ptolemy/domains/continuous/test/auto/LevelCrossing1.xml (RunModel)" time="0.012" />
  <testcase classname="ptolemy.util.test.junit.AutoTests" name="[76] /home/travis/build/icyphy/ptII/ptolemy/domains/continuous/test/auto/LevelCrossing2.xml (RunModel)" time="0.014" />
  <testcase classname="ptolemy.util.test.junit.AutoTests" name="[77] /home/travis/build/icyphy/ptII/ptolemy/domains/continuous/test/auto/LevelCrossing3.xml (RunModel)" time="0.017" />
  <testcase classname="ptolemy.util.test.junit.AutoTests" name="[78] /home/travis/build/icyphy/ptII/ptolemy/domains/continuous/test/auto/LevelCrossing4.xml (RunModel)" time="0.013" />
  <testcase classname="ptolemy.util.test.junit.AutoTests" name="[79] /home/travis/build/icyphy/ptII/ptolemy/domains/continuous/test/auto/LevelCrossing5.xml (RunModel)" time="0.016" />
  <testcase classname="ptolemy.util.test.junit.AutoTests" name="[80] /home/travis/build/icyphy/ptII/ptolemy/domains/continuous/test/auto/LevelCrossing6.xml (RunModel)" time="0.04" />
  <testcase classname="ptolemy.util.test.junit.AutoTests" name="[81] /home/travis/build/icyphy/ptII/ptolemy/domains/continuous/test/auto/LevelCrossingDetector.xml (RunModel)" time="0.043" />
  <testcase classname="ptolemy.util.test.junit.AutoTests" name="[82] /home/travis/build/icyphy/ptII/ptolemy/domains/continuous/test/auto/LevelCrossingDetectorDetectingDirections.xml (RunModel)" time="0.079" />
  <testcase classname="ptolemy.util.test.junit.AutoTests" name="[83] /home/travis/build/icyphy/ptII/ptolemy/domains/continuous/test/auto/LevelCrossingDetectorDetectsGlitches.xml (RunModel)" time="0.069" />
  <testcase classname="ptolemy.util.test.junit.AutoTests" name="[84] /home/travis/build/icyphy/ptII/ptolemy/domains/continuous/test/auto/LevelCrossingNoInitialOuput.xml (RunModel)" time="0.013" />
  <testcase classname="ptolemy.util.test.junit.AutoTests" name="[85] /home/travis/build/icyphy/ptII/ptolemy/domains/continuous/test/auto/LinearStateSpaceExample.xml (RunModel)" time="0.051" />
  <testcase classname="ptolemy.util.test.junit.AutoTests" name="[86] /home/travis/build/icyphy/ptII/ptolemy/domains/continuous/test/auto/Lorenz.xml (RunModel)" time="4.02" />
  <testcase classname="ptolemy.util.test.junit.AutoTests" name="[87] /home/travis/build/icyphy/ptII/ptolemy/domains/continuous/test/auto/LorenzDifferentialSystem.xml (RunModel)" time="1.08" />
  <testcase classname="ptolemy.util.test.junit.AutoTests" name="[88] /home/travis/build/icyphy/ptII/ptolemy/domains/continuous/test/auto/LorenzDifferentialSystemWithInput.xml (RunModel)" time="1.309" />
  <testcase classname="ptolemy.util.test.junit.AutoTests" name="[89] /home/travis/build/icyphy/ptII/ptolemy/domains/continuous/test/auto/LorenzDifferentialSystemWithTime.xml (RunModel)" time="0.766" />
  <testcase classname="ptolemy.util.test.junit.AutoTests" name="[90] /home/travis/build/icyphy/ptII/ptolemy/domains/continuous/test/auto/Microsteps.xml (RunModel)" time="0.021" />
  <testcase classname="ptolemy.util.test.junit.AutoTests" name="[91] /home/travis/build/icyphy/ptII/ptolemy/domains/continuous/test/auto/Modal1.xml (RunModel)" time="0.054" />
  <testcase classname="ptolemy.util.test.junit.AutoTests" name="[92] /home/travis/build/icyphy/ptII/ptolemy/domains/continuous/test/auto/Modal2.xml (RunModel)" time="0.046" />
  <testcase classname="ptolemy.util.test.junit.AutoTests" name="[93] /home/travis/build/icyphy/ptII/ptolemy/domains/continuous/test/auto/ModalTransitionGuardWithReset.xml (RunModel)" time="0.049" />
  <testcase classname="ptolemy.util.test.junit.AutoTests" name="[94] /home/travis/build/icyphy/ptII/ptolemy/domains/continuous/test/auto/ModalTransitionGuardWithResetUsingPreemptiveTransition.xml (RunModel)" time="0.025" />
  <testcase classname="ptolemy.util.test.junit.AutoTests" name="[95] /home/travis/build/icyphy/ptII/ptolemy/domains/continuous/test/auto/ModalTransitionGuardWithResetUsingPreemptiveTransition2.xml (RunModel)" time="0.027" />
  <testcase classname="ptolemy.util.test.junit.AutoTests" name="[96] /home/travis/build/icyphy/ptII/ptolemy/domains/continuous/test/auto/ModalTransitionGuardWithResetUsingPreemptiveTransition3.xml (RunModel)" time="0.034" />
  <testcase classname="ptolemy.util.test.junit.AutoTests" name="[97] /home/travis/build/icyphy/ptII/ptolemy/domains/continuous/test/auto/NewtonsCradle.xml (RunModel)" time="0.802" />
  <testcase classname="ptolemy.util.test.junit.AutoTests" name="[98] /home/travis/build/icyphy/ptII/ptolemy/domains/continuous/test/auto/NewtonsCradleAnimated.xml (RunModel)" time="1.147" />
  <testcase classname="ptolemy.util.test.junit.AutoTests" name="[99] /home/travis/build/icyphy/ptII/ptolemy/domains/continuous/test/auto/NewtonsCradleComplicated.xml (RunModel)" time="0.848" />
  <testcase classname="ptolemy.util.test.junit.AutoTests" name="[100] /home/travis/build/icyphy/ptII/ptolemy/domains/continuous/test/auto/NewtonsCradleNondeterministic.xml (RunModel)" time="0.679" />
  <testcase classname="ptolemy.util.test.junit.AutoTests" name="[101] /home/travis/build/icyphy/ptII/ptolemy/domains/continuous/test/auto/NewtonsCradlePerfectlyInelastic1.xml (RunModel)" time="1.27" />
  <testcase classname="ptolemy.util.test.junit.AutoTests" name="[102] /home/travis/build/icyphy/ptII/ptolemy/domains/continuous/test/auto/Noise.xml (RunModel)" time="0.182" />
  <testcase classname="ptolemy.util.test.junit.AutoTests" name="[103] /home/travis/build/icyphy/ptII/ptolemy/domains/continuous/test/auto/NoiseSpectrum.xml (RunModel)" time="0.782" />
  <testcase classname="ptolemy.util.test.junit.AutoTests" name="[104] /home/travis/build/icyphy/ptII/ptolemy/domains/continuous/test/auto/ParameterizedNewtonsCradleAnimated.xml (RunModel)" time="0.358" />
  <testcase classname="ptolemy.util.test.junit.AutoTests" name="[105] /home/travis/build/icyphy/ptII/ptolemy/domains/continuous/test/auto/ParameterizedNewtonsCradleAnimatedNondeterministic.xml (RunModel)" time="1.171" />
  <testcase classname="ptolemy.util.test.junit.AutoTests" name="[106] /home/travis/build/icyphy/ptII/ptolemy/domains/continuous/test/auto/Pendulum3D.xml (RunModel)" time="0.176" />
  <testcase classname="ptolemy.util.test.junit.AutoTests" name="[107] /home/travis/build/icyphy/ptII/ptolemy/domains/continuous/test/auto/PeriodicSampler.xml (RunModel)" time="0.011" />
  <testcase classname="ptolemy.util.test.junit.AutoTests" name="[108] /home/travis/build/icyphy/ptII/ptolemy/domains/continuous/test/auto/PeriodicSampler1.xml (RunModel)" time="0.042" />
  <testcase classname="ptolemy.util.test.junit.AutoTests" name="[109] /home/travis/build/icyphy/ptII/ptolemy/domains/continuous/test/auto/PeriodicSampler2.xml (RunModel)" time="0.09" />
  <testcase classname="ptolemy.util.test.junit.AutoTests" name="[110] /home/travis/build/icyphy/ptII/ptolemy/domains/continuous/test/auto/Poisson.xml (RunModel)" time="0.429" />
  <testcase classname="ptolemy.util.test.junit.AutoTests" name="[111] /home/travis/build/icyphy/ptII/ptolemy/domains/continuous/test/auto/PoissonClock.xml (RunModel)" time="0.011" />
  <testcase classname="ptolemy.util.test.junit.AutoTests" name="[112] /home/travis/build/icyphy/ptII/ptolemy/domains/continuous/test/auto/PoissonClock2.xml (RunModel)" time="0.012" />
  <testcase classname="ptolemy.util.test.junit.AutoTests" name="[113] /home/travis/build/icyphy/ptII/ptolemy/domains/continuous/test/auto/PortParameterHierarchy.xml (RunModel)" time="0.014" />
  <testcase classname="ptolemy.util.test.junit.AutoTests" name="[114] /home/travis/build/icyphy/ptII/ptolemy/domains/continuous/test/auto/RandomHybridPlant.xml (RunModel)" time="0.505" />
  <testcase classname="ptolemy.util.test.junit.AutoTests" name="[115] /home/travis/build/icyphy/ptII/ptolemy/domains/continuous/test/auto/ResetTransitionWithStartTime1.xml (RunModel)" time="0.026" />
  <testcase classname="ptolemy.util.test.junit.AutoTests" name="[116] /home/travis/build/icyphy/ptII/ptolemy/domains/continuous/test/auto/ResetTransitionWithStartTime2.xml (RunModel)" time="0.033" />
  <testcase classname="ptolemy.util.test.junit.AutoTests" name="[117] /home/travis/build/icyphy/ptII/ptolemy/domains/continuous/test/auto/ResetTransitionWithStartTime3.xml (RunModel)" time="0.037" />
  <testcase classname="ptolemy.util.test.junit.AutoTests" name="[118] /home/travis/build/icyphy/ptII/ptolemy/domains/continuous/test/auto/ResetTransitionWithStartTime4.xml (RunModel)" time="0.023" />
  <testcase classname="ptolemy.util.test.junit.AutoTests" name="[119] /home/travis/build/icyphy/ptII/ptolemy/domains/continuous/test/auto/ResetTransitionWithStartTime5.xml (RunModel)" time="0.035" />
  <testcase classname="ptolemy.util.test.junit.AutoTests" name="[120] /home/travis/build/icyphy/ptII/ptolemy/domains/continuous/test/auto/ResetTransitionWithStartTime6.xml (RunModel)" time="0.023" />
  <testcase classname="ptolemy.util.test.junit.AutoTests" name="[121] /home/travis/build/icyphy/ptII/ptolemy/domains/continuous/test/auto/SRinContinuous.xml (RunModel)" time="0.022" />
  <testcase classname="ptolemy.util.test.junit.AutoTests" name="[122] /home/travis/build/icyphy/ptII/ptolemy/domains/continuous/test/auto/SampledClocks.xml (RunModel)" time="0.023" />
  <testcase classname="ptolemy.util.test.junit.AutoTests" name="[123] /home/travis/build/icyphy/ptII/ptolemy/domains/continuous/test/auto/Satellite.xml (RunModel)" time="0.885" />
  <testcase classname="ptolemy.util.test.junit.AutoTests" name="[124] /home/travis/build/icyphy/ptII/ptolemy/domains/continuous/test/auto/SigmaDelta.xml (RunModel)" time="2.247" />
  <testcase classname="ptolemy.util.test.junit.AutoTests" name="[125] /home/travis/build/icyphy/ptII/ptolemy/domains/continuous/test/auto/SinuBouncingBall.xml (RunModel)" time="0.939" />
  <testcase classname="ptolemy.util.test.junit.AutoTests" name="[126] /home/travis/build/icyphy/ptII/ptolemy/domains/continuous/test/auto/Sinusoid.xml (RunModel)" time="0.013" />
  <testcase classname="ptolemy.util.test.junit.AutoTests" name="[127] /home/travis/build/icyphy/ptII/ptolemy/domains/continuous/test/auto/SinusoidInNoise.xml (RunModel)" time="0.917" />
  <testcase classname="ptolemy.util.test.junit.AutoTests" name="[128] /home/travis/build/icyphy/ptII/ptolemy/domains/continuous/test/auto/SinusoidRK45.xml (RunModel)" time="0.01" />
  <testcase classname="ptolemy.util.test.junit.AutoTests" name="[129] /home/travis/build/icyphy/ptII/ptolemy/domains/continuous/test/auto/SinusoidWithMultipleImpulses.xml (RunModel)" time="0.027" />
  <testcase classname="ptolemy.util.test.junit.AutoTests" name="[130] /home/travis/build/icyphy/ptII/ptolemy/domains/continuous/test/auto/SquareWave.xml (RunModel)" time="0.187" />
  <testcase classname="ptolemy.util.test.junit.AutoTests" name="[131] /home/travis/build/icyphy/ptII/ptolemy/domains/continuous/test/auto/Starmac.xml (RunModel)" time="3.45" />
  <testcase classname="ptolemy.util.test.junit.AutoTests" name="[132] /home/travis/build/icyphy/ptII/ptolemy/domains/continuous/test/auto/StaticUnits.xml (RunModel)" time="2.58" />
  <testcase classname="ptolemy.util.test.junit.AutoTests" name="[133] /home/travis/build/icyphy/ptII/ptolemy/domains/continuous/test/auto/StickyMasses.xml (RunModel)" time="0.19" />
  <testcase classname="ptolemy.util.test.junit.AutoTests" name="[134] /home/travis/build/icyphy/ptII/ptolemy/domains/continuous/test/auto/StopTime.xml (RunModel)" time="0.07" />
  <testcase classname="ptolemy.util.test.junit.AutoTests" name="[135] /home/travis/build/icyphy/ptII/ptolemy/domains/continuous/test/auto/StopTime2.xml (RunModel)" time="0.055" />
  <testcase classname="ptolemy.util.test.junit.AutoTests" name="[136] /home/travis/build/icyphy/ptII/ptolemy/domains/continuous/test/auto/Switch.xml (RunModel)" time="0.064" />
  <testcase classname="ptolemy.util.test.junit.AutoTests" name="[137] /home/travis/build/icyphy/ptII/ptolemy/domains/continuous/test/auto/Thermostat.xml (RunModel)" time="0.2" />
  <testcase classname="ptolemy.util.test.junit.AutoTests" name="[138] /home/travis/build/icyphy/ptII/ptolemy/domains/continuous/test/auto/TimeDelay.xml (RunModel)" time="0.013" />
  <testcase classname="ptolemy.util.test.junit.AutoTests" name="[139] /home/travis/build/icyphy/ptII/ptolemy/domains/continuous/test/auto/TimeDelay2.xml (RunModel)" time="0.018" />
  <testcase classname="ptolemy.util.test.junit.AutoTests" name="[140] /home/travis/build/icyphy/ptII/ptolemy/domains/continuous/test/auto/TimeDelay3.xml (RunModel)" time="0.012" />
  <testcase classname="ptolemy.util.test.junit.AutoTests" name="[141] /home/travis/build/icyphy/ptII/ptolemy/domains/continuous/test/auto/TransferAbsentToInside.xml (RunModel)" time="0.105" />
  <testcase classname="ptolemy.util.test.junit.AutoTests" name="[142] /home/travis/build/icyphy/ptII/ptolemy/domains/continuous/test/auto/Transmission.xml (RunModel)" time="0.854" />
  <testcase classname="ptolemy.util.test.junit.AutoTests" name="[143] /home/travis/build/icyphy/ptII/ptolemy/domains/continuous/test/auto/TriggeredContinuousClock.xml (RunModel)" time="0.069" />
  <testcase classname="ptolemy.util.test.junit.AutoTests" name="[144] /home/travis/build/icyphy/ptII/ptolemy/domains/continuous/test/auto/TwoMachineInfiniteBusControl.xml (RunModel)" time="3.275" />
  <testcase classname="ptolemy.util.test.junit.AutoTests" name="[145] /home/travis/build/icyphy/ptII/ptolemy/domains/continuous/test/auto/V2V.xml (RunModel)" time="0.759" />
  <testcase classname="ptolemy.util.test.junit.AutoTests" name="[146] /home/travis/build/icyphy/ptII/ptolemy/domains/continuous/test/auto/hierarchicalModalModel.xml (RunModel)" time="0.035" />
  <testcase classname="ptolemy.util.test.junit.AutoTests" name="[147] /home/travis/build/icyphy/ptII/ptolemy/domains/continuous/test/auto/hierarchicalModalModel1.xml (RunModel)" time="0.031" />
  <testcase classname="ptolemy.util.test.junit.AutoTests" name="[148] /home/travis/build/icyphy/ptII/ptolemy/domains/continuous/test/auto/hierarchicalModalModel2.xml (RunModel)" time="0.028" />
  <testcase classname="ptolemy.util.test.junit.AutoTests" name="[149] /home/travis/build/icyphy/ptII/ptolemy/domains/continuous/test/auto/hierarchicalModalModel3.xml (RunModel)" time="0.023" />
  <testcase classname="ptolemy.util.test.junit.AutoTests" name="[150] /home/travis/build/icyphy/ptII/ptolemy/domains/continuous/test/auto/hierarchicalModalModel4.xml (RunModel)" time="0.029" />
  <testcase classname="ptolemy.util.test.junit.AutoTests" name="[151] /home/travis/build/icyphy/ptII/ptolemy/domains/continuous/test/auto/junk.xml (RunModel)" time="0.154" />
  <system-out><![CDATA[No tcl tests in /home/travis/build/icyphy/ptII/ptolemy/domains/continuous/test
No auto/knownFailedTests/*.xml tests in /home/travis/build/icyphy/ptII/ptolemy/domains/continuous/test
No auto/linux-amd64/*.xml tests in /home/travis/build/icyphy/ptII/ptolemy/domains/continuous/test
AutoTests.java: About to close Vertx.
AutoTests.java: Vertx closed.

===========================================================================================
----------------- testing Sat Sep 29 02:18:18 UTC 2018 /home/travis/build/icyphy/ptII/ptolemy/domains/continuous/test/auto/BouncingBall.xml
----------------- Instantiating /home/travis/build/icyphy/ptII/ptolemy/domains/continuous/test/auto/BouncingBall.xml
2256 ms. Memory: 331776K Free: 259397K (78%)
----------------- Invoking toplevel() on ptolemy.moml.MoMLSimpleApplication@221b87b3
----------------- Done invoking toplevel() on ptolemy.moml.MoMLSimpleApplication@221b87b3
reloadAllAccessors: .BouncingBall

===========================================================================================
----------------- testing Sat Sep 29 02:18:20 UTC 2018 /home/travis/build/icyphy/ptII/ptolemy/domains/continuous/test/auto/BouncingBallWithoutGR.xml
----------------- Instantiating /home/travis/build/icyphy/ptII/ptolemy/domains/continuous/test/auto/BouncingBallWithoutGR.xml
817 ms. Memory: 331776K Free: 318180K (96%)
----------------- Invoking toplevel() on ptolemy.moml.MoMLSimpleApplication@e1ac64c
----------------- Done invoking toplevel() on ptolemy.moml.MoMLSimpleApplication@e1ac64c
reloadAllAccessors: .BouncingBallWithoutGR

===========================================================================================
----------------- testing Sat Sep 29 02:18:21 UTC 2018 /home/travis/build/icyphy/ptII/ptolemy/domains/continuous/test/auto/Brownian.xml
----------------- Instantiating /home/travis/build/icyphy/ptII/ptolemy/domains/continuous/test/auto/Brownian.xml
40 ms. Memory: 331776K Free: 304242K (92%)
----------------- Invoking toplevel() on ptolemy.moml.MoMLSimpleApplication@68a164ce
----------------- Done invoking toplevel() on ptolemy.moml.MoMLSimpleApplication@68a164ce
reloadAllAccessors: .Brownian

===========================================================================================
----------------- testing Sat Sep 29 02:18:21 UTC 2018 /home/travis/build/icyphy/ptII/ptolemy/domains/continuous/test/auto/CarTracking.xml
----------------- Instantiating /home/travis/build/icyphy/ptII/ptolemy/domains/continuous/test/auto/CarTracking.xml
3062 ms. Memory: 578048K Free: 458389K (79%)
----------------- Invoking toplevel() on ptolemy.moml.MoMLSimpleApplication@1d23fa4
----------------- Done invoking toplevel() on ptolemy.moml.MoMLSimpleApplication@1d23fa4
reloadAllAccessors: .CarTracking

===========================================================================================
----------------- testing Sat Sep 29 02:18:25 UTC 2018 /home/travis/build/icyphy/ptII/ptolemy/domains/continuous/test/auto/CartPendulum.xml
----------------- Instantiating /home/travis/build/icyphy/ptII/ptolemy/domains/continuous/test/auto/CartPendulum.xml
371 ms. Memory: 578048K Free: 353849K (61%)
----------------- Invoking toplevel() on ptolemy.moml.MoMLSimpleApplication@4e3af68d
----------------- Done invoking toplevel() on ptolemy.moml.MoMLSimpleApplication@4e3af68d
reloadAllAccessors: .CartPendulum

===========================================================================================
----------------- testing Sat Sep 29 02:18:25 UTC 2018 /home/travis/build/icyphy/ptII/ptolemy/domains/continuous/test/auto/CausalityInterface10.xml
----------------- Instantiating /home/travis/build/icyphy/ptII/ptolemy/domains/continuous/test/auto/CausalityInterface10.xml
9 ms. Memory: 578048K Free: 340755K (59%)
----------------- Invoking toplevel() on ptolemy.moml.MoMLSimpleApplication@39ba7513
----------------- Done invoking toplevel() on ptolemy.moml.MoMLSimpleApplication@39ba7513
reloadAllAccessors: .CausalityInterface10

===========================================================================================
----------------- testing Sat Sep 29 02:18:25 UTC 2018 /home/travis/build/icyphy/ptII/ptolemy/domains/continuous/test/auto/CausalityInterface11.xml
----------------- Instantiating /home/travis/build/icyphy/ptII/ptolemy/domains/continuous/test/auto/CausalityInterface11.xml
8 ms. Memory: 578048K Free: 330927K (57%)
----------------- Invoking toplevel() on ptolemy.moml.MoMLSimpleApplication@32a13bef
----------------- Done invoking toplevel() on ptolemy.moml.MoMLSimpleApplication@32a13bef
reloadAllAccessors: .CausalityInterface11

===========================================================================================
----------------- testing Sat Sep 29 02:18:26 UTC 2018 /home/travis/build/icyphy/ptII/ptolemy/domains/continuous/test/auto/CausalityInterface12.xml
----------------- Instantiating /home/travis/build/icyphy/ptII/ptolemy/domains/continuous/test/auto/CausalityInterface12.xml
10 ms. Memory: 578048K Free: 321091K (56%)
----------------- Invoking toplevel() on ptolemy.moml.MoMLSimpleApplication@d6b6b5
----------------- Done invoking toplevel() on ptolemy.moml.MoMLSimpleApplication@d6b6b5
reloadAllAccessors: .CausalityInterface12

===========================================================================================
----------------- testing Sat Sep 29 02:18:26 UTC 2018 /home/travis/build/icyphy/ptII/ptolemy/domains/continuous/test/auto/CausalityInterface13.xml
----------------- Instantiating /home/travis/build/icyphy/ptII/ptolemy/domains/continuous/test/auto/CausalityInterface13.xml
3 ms. Memory: 578048K Free: 308079K (53%)
----------------- Invoking toplevel() on ptolemy.moml.MoMLSimpleApplication@2027135c
----------------- Done invoking toplevel() on ptolemy.moml.MoMLSimpleApplication@2027135c
reloadAllAccessors: .CausalityInterface13

===========================================================================================
----------------- testing Sat Sep 29 02:18:26 UTC 2018 /home/travis/build/icyphy/ptII/ptolemy/domains/continuous/test/auto/CausalityInterface14.xml
----------------- Instantiating /home/travis/build/icyphy/ptII/ptolemy/domains/continuous/test/auto/CausalityInterface14.xml
3 ms. Memory: 578048K Free: 298243K (52%)
----------------- Invoking toplevel() on ptolemy.moml.MoMLSimpleApplication@38cf240c
----------------- Done invoking toplevel() on ptolemy.moml.MoMLSimpleApplication@38cf240c
reloadAllAccessors: .CausalityInterface14

===========================================================================================
----------------- testing Sat Sep 29 02:18:26 UTC 2018 /home/travis/build/icyphy/ptII/ptolemy/domains/continuous/test/auto/CausalityInterface4.xml
----------------- Instantiating /home/travis/build/icyphy/ptII/ptolemy/domains/continuous/test/auto/CausalityInterface4.xml
4 ms. Memory: 578048K Free: 288406K (50%)
----------------- Invoking toplevel() on ptolemy.moml.MoMLSimpleApplication@be0e3f
----------------- Done invoking toplevel() on ptolemy.moml.MoMLSimpleApplication@be0e3f
reloadAllAccessors: .CausalityInterface4

===========================================================================================
----------------- testing Sat Sep 29 02:18:26 UTC 2018 /home/travis/build/icyphy/ptII/ptolemy/domains/continuous/test/auto/CausalityInterface5.xml
----------------- Instantiating /home/travis/build/icyphy/ptII/ptolemy/domains/continuous/test/auto/CausalityInterface5.xml
6 ms. Memory: 578048K Free: 275297K (48%)
----------------- Invoking toplevel() on ptolemy.moml.MoMLSimpleApplication@3815a433
----------------- Done invoking toplevel() on ptolemy.moml.MoMLSimpleApplication@3815a433
reloadAllAccessors: .CausalityInterface5

===========================================================================================
----------------- testing Sat Sep 29 02:18:26 UTC 2018 /home/travis/build/icyphy/ptII/ptolemy/domains/continuous/test/auto/CausalityInterface6.xml
----------------- Instantiating /home/travis/build/icyphy/ptII/ptolemy/domains/continuous/test/auto/CausalityInterface6.xml
4 ms. Memory: 578048K Free: 262269K (45%)
----------------- Invoking toplevel() on ptolemy.moml.MoMLSimpleApplication@2d92adb2
----------------- Done invoking toplevel() on ptolemy.moml.MoMLSimpleApplication@2d92adb2
reloadAllAccessors: .CausalityInterface6

===========================================================================================
----------------- testing Sat Sep 29 02:18:26 UTC 2018 /home/travis/build/icyphy/ptII/ptolemy/domains/continuous/test/auto/CausalityInterface7.xml
----------------- Instantiating /home/travis/build/icyphy/ptII/ptolemy/domains/continuous/test/auto/CausalityInterface7.xml
13 ms. Memory: 578048K Free: 249159K (43%)
----------------- Invoking toplevel() on ptolemy.moml.MoMLSimpleApplication@1cfd9ee9
----------------- Done invoking toplevel() on ptolemy.moml.MoMLSimpleApplication@1cfd9ee9
reloadAllAccessors: .CausalityInterface7

===========================================================================================
----------------- testing Sat Sep 29 02:18:26 UTC 2018 /home/travis/build/icyphy/ptII/ptolemy/domains/continuous/test/auto/CausalityInterface8.xml
----------------- Instantiating /home/travis/build/icyphy/ptII/ptolemy/domains/continuous/test/auto/CausalityInterface8.xml
6 ms. Memory: 578048K Free: 236057K (41%)
----------------- Invoking toplevel() on ptolemy.moml.MoMLSimpleApplication@7f47465a
----------------- Done invoking toplevel() on ptolemy.moml.MoMLSimpleApplication@7f47465a
reloadAllAccessors: .CausalityInterface8

===========================================================================================
----------------- testing Sat Sep 29 02:18:26 UTC 2018 /home/travis/build/icyphy/ptII/ptolemy/domains/continuous/test/auto/CausalityInterface9.xml
----------------- Instantiating /home/travis/build/icyphy/ptII/ptolemy/domains/continuous/test/auto/CausalityInterface9.xml
9 ms. Memory: 578048K Free: 219674K (38%)
----------------- Invoking toplevel() on ptolemy.moml.MoMLSimpleApplication@18ec0cc3
----------------- Done invoking toplevel() on ptolemy.moml.MoMLSimpleApplication@18ec0cc3
reloadAllAccessors: .CausalityInterface9

===========================================================================================
----------------- testing Sat Sep 29 02:18:26 UTC 2018 /home/travis/build/icyphy/ptII/ptolemy/domains/continuous/test/auto/CausalityInterfaceFeedback1.xml
----------------- Instantiating /home/travis/build/icyphy/ptII/ptolemy/domains/continuous/test/auto/CausalityInterfaceFeedback1.xml
6 ms. Memory: 578048K Free: 206646K (36%)
----------------- Invoking toplevel() on ptolemy.moml.MoMLSimpleApplication@26cd7ac4
----------------- Done invoking toplevel() on ptolemy.moml.MoMLSimpleApplication@26cd7ac4
reloadAllAccessors: .CausalityInterfaceFeedback1

===========================================================================================
----------------- testing Sat Sep 29 02:18:26 UTC 2018 /home/travis/build/icyphy/ptII/ptolemy/domains/continuous/test/auto/CausalityInterfaceFeedback2.xml
----------------- Instantiating /home/travis/build/icyphy/ptII/ptolemy/domains/continuous/test/auto/CausalityInterfaceFeedback2.xml
5 ms. Memory: 578048K Free: 196810K (34%)
----------------- Invoking toplevel() on ptolemy.moml.MoMLSimpleApplication@6a3a0c9e
----------------- Done invoking toplevel() on ptolemy.moml.MoMLSimpleApplication@6a3a0c9e
reloadAllAccessors: .CausalityInterfaceFeedback2

===========================================================================================
----------------- testing Sat Sep 29 02:18:26 UTC 2018 /home/travis/build/icyphy/ptII/ptolemy/domains/continuous/test/auto/CompareWithCurrentTime.xml
----------------- Instantiating /home/travis/build/icyphy/ptII/ptolemy/domains/continuous/test/auto/CompareWithCurrentTime.xml
4 ms. Memory: 578048K Free: 190263K (33%)
----------------- Invoking toplevel() on ptolemy.moml.MoMLSimpleApplication@58d540fe
----------------- Done invoking toplevel() on ptolemy.moml.MoMLSimpleApplication@58d540fe
reloadAllAccessors: .CompareWithCurrentTime

===========================================================================================
----------------- testing Sat Sep 29 02:18:26 UTC 2018 /home/travis/build/icyphy/ptII/ptolemy/domains/continuous/test/auto/ComparedClocks.xml
----------------- Instantiating /home/travis/build/icyphy/ptII/ptolemy/domains/continuous/test/auto/ComparedClocks.xml
6 ms. Memory: 578048K Free: 170615K (30%)
----------------- Invoking toplevel() on ptolemy.moml.MoMLSimpleApplication@2c34d568
----------------- Done invoking toplevel() on ptolemy.moml.MoMLSimpleApplication@2c34d568
reloadAllAccessors: .ComparedClocks

===========================================================================================
----------------- testing Sat Sep 29 02:18:26 UTC 2018 /home/travis/build/icyphy/ptII/ptolemy/domains/continuous/test/auto/ContinuousAOCClone.xml
----------------- Instantiating /home/travis/build/icyphy/ptII/ptolemy/domains/continuous/test/auto/ContinuousAOCClone.xml
2281 ms. Memory: 872448K Free: 427025K (49%)
----------------- Invoking toplevel() on ptolemy.moml.MoMLSimpleApplication@6ee26791
----------------- Done invoking toplevel() on ptolemy.moml.MoMLSimpleApplication@6ee26791
reloadAllAccessors: .ContinuousAOCClone

===========================================================================================
----------------- testing Sat Sep 29 02:18:29 UTC 2018 /home/travis/build/icyphy/ptII/ptolemy/domains/continuous/test/auto/ContinuousClock.xml
----------------- Instantiating /home/travis/build/icyphy/ptII/ptolemy/domains/continuous/test/auto/ContinuousClock.xml
35 ms. Memory: 872448K Free: 392449K (45%)
----------------- Invoking toplevel() on ptolemy.moml.MoMLSimpleApplication@3c65c109
----------------- Done invoking toplevel() on ptolemy.moml.MoMLSimpleApplication@3c65c109
reloadAllAccessors: .ContinuousClock

===========================================================================================
----------------- testing Sat Sep 29 02:18:29 UTC 2018 /home/travis/build/icyphy/ptII/ptolemy/domains/continuous/test/auto/ContinuousInContinuous.xml
----------------- Instantiating /home/travis/build/icyphy/ptII/ptolemy/domains/continuous/test/auto/ContinuousInContinuous.xml
39 ms. Memory: 872448K Free: 364911K (42%)
----------------- Invoking toplevel() on ptolemy.moml.MoMLSimpleApplication@29d5a4ce
----------------- Done invoking toplevel() on ptolemy.moml.MoMLSimpleApplication@29d5a4ce
reloadAllAccessors: .ContinuousInContinuous

===========================================================================================
----------------- testing Sat Sep 29 02:18:29 UTC 2018 /home/travis/build/icyphy/ptII/ptolemy/domains/continuous/test/auto/ContinuousInContinuousInContinuous.xml
----------------- Instantiating /home/travis/build/icyphy/ptII/ptolemy/domains/continuous/test/auto/ContinuousInContinuousInContinuous.xml
7 ms. Memory: 872448K Free: 353130K (40%)
----------------- Invoking toplevel() on ptolemy.moml.MoMLSimpleApplication@59dcf3cb
----------------- Done invoking toplevel() on ptolemy.moml.MoMLSimpleApplication@59dcf3cb
reloadAllAccessors: .ContinuousInContinuousInContinuous

===========================================================================================
----------------- testing Sat Sep 29 02:18:29 UTC 2018 /home/travis/build/icyphy/ptII/ptolemy/domains/continuous/test/auto/ContinuousInDE.xml
----------------- Instantiating /home/travis/build/icyphy/ptII/ptolemy/domains/continuous/test/auto/ContinuousInDE.xml
109 ms. Memory: 872448K Free: 337406K (39%)
----------------- Invoking toplevel() on ptolemy.moml.MoMLSimpleApplication@1ed7e565
----------------- Done invoking toplevel() on ptolemy.moml.MoMLSimpleApplication@1ed7e565
reloadAllAccessors: .ContinuousInDE

===========================================================================================
----------------- testing Sat Sep 29 02:18:29 UTC 2018 /home/travis/build/icyphy/ptII/ptolemy/domains/continuous/test/auto/ContinuousInDE2.xml
----------------- Instantiating /home/travis/build/icyphy/ptII/ptolemy/domains/continuous/test/auto/ContinuousInDE2.xml
48 ms. Memory: 872448K Free: 318236K (36%)
----------------- Invoking toplevel() on ptolemy.moml.MoMLSimpleApplication@2f7931da
----------------- Done invoking toplevel() on ptolemy.moml.MoMLSimpleApplication@2f7931da
reloadAllAccessors: .ContinuousInDE2

===========================================================================================
----------------- testing Sat Sep 29 02:18:29 UTC 2018 /home/travis/build/icyphy/ptII/ptolemy/domains/continuous/test/auto/ContinuousInDE3.xml
----------------- Instantiating /home/travis/build/icyphy/ptII/ptolemy/domains/continuous/test/auto/ContinuousInDE3.xml
36 ms. Memory: 872448K Free: 302528K (35%)
----------------- Invoking toplevel() on ptolemy.moml.MoMLSimpleApplication@1354221f
----------------- Done invoking toplevel() on ptolemy.moml.MoMLSimpleApplication@1354221f
reloadAllAccessors: .ContinuousInDE3

===========================================================================================
----------------- testing Sat Sep 29 02:18:29 UTC 2018 /home/travis/build/icyphy/ptII/ptolemy/domains/continuous/test/auto/ContinuousInDE4.xml
----------------- Instantiating /home/travis/build/icyphy/ptII/ptolemy/domains/continuous/test/auto/ContinuousInDE4.xml
15 ms. Memory: 872448K Free: 290739K (33%)
----------------- Invoking toplevel() on ptolemy.moml.MoMLSimpleApplication@663184af
----------------- Done invoking toplevel() on ptolemy.moml.MoMLSimpleApplication@663184af
reloadAllAccessors: .ContinuousInDE4

===========================================================================================
----------------- testing Sat Sep 29 02:18:29 UTC 2018 /home/travis/build/icyphy/ptII/ptolemy/domains/continuous/test/auto/ContinuousInDEDifferentRefinements.xml
----------------- Instantiating /home/travis/build/icyphy/ptII/ptolemy/domains/continuous/test/auto/ContinuousInDEDifferentRefinements.xml
69 ms. Memory: 872448K Free: 255323K (29%)
----------------- Invoking toplevel() on ptolemy.moml.MoMLSimpleApplication@28c9c05c
----------------- Done invoking toplevel() on ptolemy.moml.MoMLSimpleApplication@28c9c05c
reloadAllAccessors: .ContinuousInDEDifferentRefinements

===========================================================================================
----------------- testing Sat Sep 29 02:18:29 UTC 2018 /home/travis/build/icyphy/ptII/ptolemy/domains/continuous/test/auto/ContinuousInDEDifferentRefinementsPreemptive.xml
----------------- Instantiating /home/travis/build/icyphy/ptII/ptolemy/domains/continuous/test/auto/ContinuousInDEDifferentRefinementsPreemptive.xml
43 ms. Memory: 872448K Free: 216430K (25%)
----------------- Invoking toplevel() on ptolemy.moml.MoMLSimpleApplication@4dc5268b
----------------- Done invoking toplevel() on ptolemy.moml.MoMLSimpleApplication@4dc5268b
reloadAllAccessors: .ContinuousInDEDifferentRefinementsPreemptive

===========================================================================================
----------------- testing Sat Sep 29 02:18:29 UTC 2018 /home/travis/build/icyphy/ptII/ptolemy/domains/continuous/test/auto/ContinuousInDEInContinuous2.xml
----------------- Instantiating /home/travis/build/icyphy/ptII/ptolemy/domains/continuous/test/auto/ContinuousInDEInContinuous2.xml
34 ms. Memory: 872448K Free: 196763K (23%)
----------------- Invoking toplevel() on ptolemy.moml.MoMLSimpleApplication@5bc3f04b
----------------- Done invoking toplevel() on ptolemy.moml.MoMLSimpleApplication@5bc3f04b
reloadAllAccessors: .ContinuousInDEInContinuous2

===========================================================================================
----------------- testing Sat Sep 29 02:18:29 UTC 2018 /home/travis/build/icyphy/ptII/ptolemy/domains/continuous/test/auto/ContinuousInDEInContinuous3.xml
----------------- Instantiating /home/travis/build/icyphy/ptII/ptolemy/domains/continuous/test/auto/ContinuousInDEInContinuous3.xml
38 ms. Memory: 872448K Free: 177111K (20%)
----------------- Invoking toplevel() on ptolemy.moml.MoMLSimpleApplication@548f59fe
----------------- Done invoking toplevel() on ptolemy.moml.MoMLSimpleApplication@548f59fe
reloadAllAccessors: .ContinuousInDEInContinuous3

===========================================================================================
----------------- testing Sat Sep 29 02:18:29 UTC 2018 /home/travis/build/icyphy/ptII/ptolemy/domains/continuous/test/auto/ContinuousInDEInput.xml
----------------- Instantiating /home/travis/build/icyphy/ptII/ptolemy/domains/continuous/test/auto/ContinuousInDEInput.xml
15 ms. Memory: 872448K Free: 165314K (19%)
----------------- Invoking toplevel() on ptolemy.moml.MoMLSimpleApplication@3add1f58
----------------- Done invoking toplevel() on ptolemy.moml.MoMLSimpleApplication@3add1f58
reloadAllAccessors: .ContinuousInDEInput

===========================================================================================
----------------- testing Sat Sep 29 02:18:29 UTC 2018 /home/travis/build/icyphy/ptII/ptolemy/domains/continuous/test/auto/ContinuousInDEInput2.xml
----------------- Instantiating /home/travis/build/icyphy/ptII/ptolemy/domains/continuous/test/auto/ContinuousInDEInput2.xml
16 ms. Memory: 872448K Free: 153533K (18%)
----------------- Invoking toplevel() on ptolemy.moml.MoMLSimpleApplication@48887db9
----------------- Done invoking toplevel() on ptolemy.moml.MoMLSimpleApplication@48887db9
reloadAllAccessors: .ContinuousInDEInput2

===========================================================================================
----------------- testing Sat Sep 29 02:18:30 UTC 2018 /home/travis/build/icyphy/ptII/ptolemy/domains/continuous/test/auto/ContinuousInDEInput3.xml
----------------- Instantiating /home/travis/build/icyphy/ptII/ptolemy/domains/continuous/test/auto/ContinuousInDEInput3.xml
12 ms. Memory: 872448K Free: 138291K (16%)
----------------- Invoking toplevel() on ptolemy.moml.MoMLSimpleApplication@47e99a36
----------------- Done invoking toplevel() on ptolemy.moml.MoMLSimpleApplication@47e99a36
reloadAllAccessors: .ContinuousInDEInput3

===========================================================================================
----------------- testing Sat Sep 29 02:18:30 UTC 2018 /home/travis/build/icyphy/ptII/ptolemy/domains/continuous/test/auto/ContinuousInDESharingRefinement.xml
----------------- Instantiating /home/travis/build/icyphy/ptII/ptolemy/domains/continuous/test/auto/ContinuousInDESharingRefinement.xml
152 ms. Memory: 872960K Free: 825251K (95%)
----------------- Invoking toplevel() on ptolemy.moml.MoMLSimpleApplication@2bc9de2d
----------------- Done invoking toplevel() on ptolemy.moml.MoMLSimpleApplication@2bc9de2d
reloadAllAccessors: .ContinuousInDESharingRefinement

===========================================================================================
----------------- testing Sat Sep 29 02:18:30 UTC 2018 /home/travis/build/icyphy/ptII/ptolemy/domains/continuous/test/auto/ContinuousInDEwithNoPorts.xml
----------------- Instantiating /home/travis/build/icyphy/ptII/ptolemy/domains/continuous/test/auto/ContinuousInDEwithNoPorts.xml
6 ms. Memory: 872960K Free: 813030K (93%)
----------------- Invoking toplevel() on ptolemy.moml.MoMLSimpleApplication@475c07ef
----------------- Done invoking toplevel() on ptolemy.moml.MoMLSimpleApplication@475c07ef
reloadAllAccessors: .ContinuousInDEwithNoPorts

===========================================================================================
----------------- testing Sat Sep 29 02:18:30 UTC 2018 /home/travis/build/icyphy/ptII/ptolemy/domains/continuous/test/auto/ContinuousInsideDE.xml
----------------- Instantiating /home/travis/build/icyphy/ptII/ptolemy/domains/continuous/test/auto/ContinuousInsideDE.xml
42 ms. Memory: 872960K Free: 793379K (91%)
----------------- Invoking toplevel() on ptolemy.moml.MoMLSimpleApplication@7ae896ec
----------------- Done invoking toplevel() on ptolemy.moml.MoMLSimpleApplication@7ae896ec
reloadAllAccessors: .ContinuousInsideDE

===========================================================================================
----------------- testing Sat Sep 29 02:18:30 UTC 2018 /home/travis/build/icyphy/ptII/ptolemy/domains/continuous/test/auto/ContinuousMerge1.xml
----------------- Instantiating /home/travis/build/icyphy/ptII/ptolemy/domains/continuous/test/auto/ContinuousMerge1.xml
2 ms. Memory: 872960K Free: 783199K (90%)
----------------- Invoking toplevel() on ptolemy.moml.MoMLSimpleApplication@427129bb
----------------- Done invoking toplevel() on ptolemy.moml.MoMLSimpleApplication@427129bb
reloadAllAccessors: .ContinuousMerge1

===========================================================================================
----------------- testing Sat Sep 29 02:18:30 UTC 2018 /home/travis/build/icyphy/ptII/ptolemy/domains/continuous/test/auto/ContinuousMerge2.xml
----------------- Instantiating /home/travis/build/icyphy/ptII/ptolemy/domains/continuous/test/auto/ContinuousMerge2.xml
13 ms. Memory: 872960K Free: 767296K (88%)
----------------- Invoking toplevel() on ptolemy.moml.MoMLSimpleApplication@128430df
----------------- Done invoking toplevel() on ptolemy.moml.MoMLSimpleApplication@128430df
reloadAllAccessors: .ContinuousMerge2

===========================================================================================
----------------- testing Sat Sep 29 02:18:30 UTC 2018 /home/travis/build/icyphy/ptII/ptolemy/domains/continuous/test/auto/ContinuousMerge3.xml
----------------- Instantiating /home/travis/build/icyphy/ptII/ptolemy/domains/continuous/test/auto/ContinuousMerge3.xml
37 ms. Memory: 872960K Free: 751572K (86%)
----------------- Invoking toplevel() on ptolemy.moml.MoMLSimpleApplication@75e1c8e4
----------------- Done invoking toplevel() on ptolemy.moml.MoMLSimpleApplication@75e1c8e4
reloadAllAccessors: .ContinuousMerge3

===========================================================================================
----------------- testing Sat Sep 29 02:18:30 UTC 2018 /home/travis/build/icyphy/ptII/ptolemy/domains/continuous/test/auto/ContinuousWithinContinuous.xml
----------------- Instantiating /home/travis/build/icyphy/ptII/ptolemy/domains/continuous/test/auto/ContinuousWithinContinuous.xml
31 ms. Memory: 872960K Free: 733538K (84%)
----------------- Invoking toplevel() on ptolemy.moml.MoMLSimpleApplication@5704169a
----------------- Done invoking toplevel() on ptolemy.moml.MoMLSimpleApplication@5704169a
reloadAllAccessors: .ContinuousWithinContinuous

===========================================================================================
----------------- testing Sat Sep 29 02:18:30 UTC 2018 /home/travis/build/icyphy/ptII/ptolemy/domains/continuous/test/auto/ContinuousWithinContinuous2.xml
----------------- Instantiating /home/travis/build/icyphy/ptII/ptolemy/domains/continuous/test/auto/ContinuousWithinContinuous2.xml
65 ms. Memory: 872960K Free: 721757K (83%)
----------------- Invoking toplevel() on ptolemy.moml.MoMLSimpleApplication@245adcea
----------------- Done invoking toplevel() on ptolemy.moml.MoMLSimpleApplication@245adcea
reloadAllAccessors: .ContinuousWithinContinuous2

===========================================================================================
----------------- testing Sat Sep 29 02:18:30 UTC 2018 /home/travis/build/icyphy/ptII/ptolemy/domains/continuous/test/auto/ContinuousWithinContinuous3.xml
----------------- Instantiating /home/travis/build/icyphy/ptII/ptolemy/domains/continuous/test/auto/ContinuousWithinContinuous3.xml
16 ms. Memory: 872960K Free: 709960K (81%)
----------------- Invoking toplevel() on ptolemy.moml.MoMLSimpleApplication@3a9cd14a
----------------- Done invoking toplevel() on ptolemy.moml.MoMLSimpleApplication@3a9cd14a
reloadAllAccessors: .ContinuousWithinContinuous3

===========================================================================================
----------------- testing Sat Sep 29 02:18:30 UTC 2018 /home/travis/build/icyphy/ptII/ptolemy/domains/continuous/test/auto/ContinuousWithinContinuous4.xml
----------------- Instantiating /home/travis/build/icyphy/ptII/ptolemy/domains/continuous/test/auto/ContinuousWithinContinuous4.xml
59 ms. Memory: 872960K Free: 687983K (79%)
----------------- Invoking toplevel() on ptolemy.moml.MoMLSimpleApplication@6b656df
----------------- Done invoking toplevel() on ptolemy.moml.MoMLSimpleApplication@6b656df
reloadAllAccessors: .ContinuousWithinContinuous4

===========================================================================================
----------------- testing Sat Sep 29 02:18:30 UTC 2018 /home/travis/build/icyphy/ptII/ptolemy/domains/continuous/test/auto/ContinuousWithinContinuous5.xml
----------------- Instantiating /home/travis/build/icyphy/ptII/ptolemy/domains/continuous/test/auto/ContinuousWithinContinuous5.xml
10 ms. Memory: 872960K Free: 676186K (77%)
----------------- Invoking toplevel() on ptolemy.moml.MoMLSimpleApplication@13bcbd28
----------------- Done invoking toplevel() on ptolemy.moml.MoMLSimpleApplication@13bcbd28
reloadAllAccessors: .ContinuousWithinContinuous5

===========================================================================================
----------------- testing Sat Sep 29 02:18:30 UTC 2018 /home/travis/build/icyphy/ptII/ptolemy/domains/continuous/test/auto/ContinuousWithinContinuous6.xml
----------------- Instantiating /home/travis/build/icyphy/ptII/ptolemy/domains/continuous/test/auto/ContinuousWithinContinuous6.xml
10 ms. Memory: 872960K Free: 664389K (76%)
----------------- Invoking toplevel() on ptolemy.moml.MoMLSimpleApplication@552bace4
----------------- Done invoking toplevel() on ptolemy.moml.MoMLSimpleApplication@552bace4
reloadAllAccessors: .ContinuousWithinContinuous6

===========================================================================================
----------------- testing Sat Sep 29 02:18:30 UTC 2018 /home/travis/build/icyphy/ptII/ptolemy/domains/continuous/test/auto/ContinuousWithinContinuous7.xml
----------------- Instantiating /home/travis/build/icyphy/ptII/ptolemy/domains/continuous/test/auto/ContinuousWithinContinuous7.xml
49 ms. Memory: 872960K Free: 650283K (74%)
----------------- Invoking toplevel() on ptolemy.moml.MoMLSimpleApplication@88e4d17
----------------- Done invoking toplevel() on ptolemy.moml.MoMLSimpleApplication@88e4d17
reloadAllAccessors: .ContinuousWithinContinuous7

===========================================================================================
----------------- testing Sat Sep 29 02:18:30 UTC 2018 /home/travis/build/icyphy/ptII/ptolemy/domains/continuous/test/auto/DCMotor.xml
----------------- Instantiating /home/travis/build/icyphy/ptII/ptolemy/domains/continuous/test/auto/DCMotor.xml
13077 ms. Memory: 734208K Free: 123989K (17%)
----------------- Invoking toplevel() on ptolemy.moml.MoMLSimpleApplication@53f77cdb
----------------- Done invoking toplevel() on ptolemy.moml.MoMLSimpleApplication@53f77cdb
reloadAllAccessors: .DCMotor

===========================================================================================
----------------- testing Sat Sep 29 02:18:44 UTC 2018 /home/travis/build/icyphy/ptII/ptolemy/domains/continuous/test/auto/DEInContinuous.xml
----------------- Instantiating /home/travis/build/icyphy/ptII/ptolemy/domains/continuous/test/auto/DEInContinuous.xml
18 ms. Memory: 734208K Free: 107919K (15%)
----------------- Invoking toplevel() on ptolemy.moml.MoMLSimpleApplication@6336b3c0
----------------- Done invoking toplevel() on ptolemy.moml.MoMLSimpleApplication@6336b3c0
reloadAllAccessors: .DEInContinuous

===========================================================================================
----------------- testing Sat Sep 29 02:18:44 UTC 2018 /home/travis/build/icyphy/ptII/ptolemy/domains/continuous/test/auto/DEinContinuous2.xml
----------------- Instantiating /home/travis/build/icyphy/ptII/ptolemy/domains/continuous/test/auto/DEinContinuous2.xml
8 ms. Memory: 734208K Free: 87213K (12%)
----------------- Invoking toplevel() on ptolemy.moml.MoMLSimpleApplication@18373494
----------------- Done invoking toplevel() on ptolemy.moml.MoMLSimpleApplication@18373494
reloadAllAccessors: .DEinContinuous2

===========================================================================================
----------------- testing Sat Sep 29 02:18:44 UTC 2018 /home/travis/build/icyphy/ptII/ptolemy/domains/continuous/test/auto/Derivative.xml
----------------- Instantiating /home/travis/build/icyphy/ptII/ptolemy/domains/continuous/test/auto/Derivative.xml
135 ms. Memory: 697344K Free: 658323K (94%)
----------------- Invoking toplevel() on ptolemy.moml.MoMLSimpleApplication@405f813c
----------------- Done invoking toplevel() on ptolemy.moml.MoMLSimpleApplication@405f813c
reloadAllAccessors: .Derivative2

===========================================================================================
----------------- testing Sat Sep 29 02:18:44 UTC 2018 /home/travis/build/icyphy/ptII/ptolemy/domains/continuous/test/auto/Derivative1.xml
----------------- Instantiating /home/travis/build/icyphy/ptII/ptolemy/domains/continuous/test/auto/Derivative1.xml
33 ms. Memory: 697344K Free: 638226K (92%)
----------------- Invoking toplevel() on ptolemy.moml.MoMLSimpleApplication@4bbd96d5
----------------- Done invoking toplevel() on ptolemy.moml.MoMLSimpleApplication@4bbd96d5
reloadAllAccessors: .Derivative1

===========================================================================================
----------------- testing Sat Sep 29 02:18:44 UTC 2018 /home/travis/build/icyphy/ptII/ptolemy/domains/continuous/test/auto/DiscreteClock.xml
----------------- Instantiating /home/travis/build/icyphy/ptII/ptolemy/domains/continuous/test/auto/DiscreteClock.xml
5 ms. Memory: 697344K Free: 625101K (90%)
----------------- Invoking toplevel() on ptolemy.moml.MoMLSimpleApplication@20266579
----------------- Done invoking toplevel() on ptolemy.moml.MoMLSimpleApplication@20266579
reloadAllAccessors: .DiscreteClock

===========================================================================================
----------------- testing Sat Sep 29 02:18:44 UTC 2018 /home/travis/build/icyphy/ptII/ptolemy/domains/continuous/test/auto/EfficiencyCurve.xml
----------------- Instantiating /home/travis/build/icyphy/ptII/ptolemy/domains/continuous/test/auto/EfficiencyCurve.xml
62 ms. Memory: 697344K Free: 605821K (87%)
----------------- Invoking toplevel() on ptolemy.moml.MoMLSimpleApplication@43b75947
----------------- Done invoking toplevel() on ptolemy.moml.MoMLSimpleApplication@43b75947
reloadAllAccessors: .EfficiencyCurve

===========================================================================================
----------------- testing Sat Sep 29 02:18:44 UTC 2018 /home/travis/build/icyphy/ptII/ptolemy/domains/continuous/test/auto/ExponentialResponse.xml
----------------- Instantiating /home/travis/build/icyphy/ptII/ptolemy/domains/continuous/test/auto/ExponentialResponse.xml
103 ms. Memory: 697344K Free: 580387K (83%)
----------------- Invoking toplevel() on ptolemy.moml.MoMLSimpleApplication@1b917f49
----------------- Done invoking toplevel() on ptolemy.moml.MoMLSimpleApplication@1b917f49
reloadAllAccessors: .ExponentialResponse

===========================================================================================
----------------- testing Sat Sep 29 02:18:44 UTC 2018 /home/travis/build/icyphy/ptII/ptolemy/domains/continuous/test/auto/ExponentialResponseRK45.xml
----------------- Instantiating /home/travis/build/icyphy/ptII/ptolemy/domains/continuous/test/auto/ExponentialResponseRK45.xml
24 ms. Memory: 697344K Free: 567262K (81%)
----------------- Invoking toplevel() on ptolemy.moml.MoMLSimpleApplication@79af2017
----------------- Done invoking toplevel() on ptolemy.moml.MoMLSimpleApplication@79af2017
reloadAllAccessors: .ExponentialResponseRK45

===========================================================================================
----------------- testing Sat Sep 29 02:18:44 UTC 2018 /home/travis/build/icyphy/ptII/ptolemy/domains/continuous/test/auto/Friction.xml
----------------- Instantiating /home/travis/build/icyphy/ptII/ptolemy/domains/continuous/test/auto/Friction.xml
1325 ms. Memory: 697344K Free: 110507K (16%)
----------------- Invoking toplevel() on ptolemy.moml.MoMLSimpleApplication@73c36546
----------------- Done invoking toplevel() on ptolemy.moml.MoMLSimpleApplication@73c36546
reloadAllAccessors: .Friction

===========================================================================================
----------------- testing Sat Sep 29 02:18:46 UTC 2018 /home/travis/build/icyphy/ptII/ptolemy/domains/continuous/test/auto/FurutaPendulum.xml
----------------- Instantiating /home/travis/build/icyphy/ptII/ptolemy/domains/continuous/test/auto/FurutaPendulum.xml
3375 ms. Memory: 674304K Free: 210376K (31%)
----------------- Invoking toplevel() on ptolemy.moml.MoMLSimpleApplication@25132eac
----------------- Done invoking toplevel() on ptolemy.moml.MoMLSimpleApplication@25132eac
reloadAllAccessors: .FurutaPendulum

===========================================================================================
----------------- testing Sat Sep 29 02:18:49 UTC 2018 /home/travis/build/icyphy/ptII/ptolemy/domains/continuous/test/auto/HierarchicalExecution.xml
----------------- Instantiating /home/travis/build/icyphy/ptII/ptolemy/domains/continuous/test/auto/HierarchicalExecution.xml
1789 ms. Memory: 646144K Free: 453170K (70%)
----------------- Invoking toplevel() on ptolemy.moml.MoMLSimpleApplication@3df72100
----------------- Done invoking toplevel() on ptolemy.moml.MoMLSimpleApplication@3df72100
reloadAllAccessors: .HierarchicalExecution

===========================================================================================
----------------- testing Sat Sep 29 02:18:51 UTC 2018 /home/travis/build/icyphy/ptII/ptolemy/domains/continuous/test/auto/HybridPlant.xml
----------------- Instantiating /home/travis/build/icyphy/ptII/ptolemy/domains/continuous/test/auto/HybridPlant.xml
499 ms. Memory: 646144K Free: 176982K (27%)
----------------- Invoking toplevel() on ptolemy.moml.MoMLSimpleApplication@3788a12e
----------------- Done invoking toplevel() on ptolemy.moml.MoMLSimpleApplication@3788a12e
reloadAllAccessors: .HybridPlant

===========================================================================================
----------------- testing Sat Sep 29 02:18:52 UTC 2018 /home/travis/build/icyphy/ptII/ptolemy/domains/continuous/test/auto/Hysteresis.xml
----------------- Instantiating /home/travis/build/icyphy/ptII/ptolemy/domains/continuous/test/auto/Hysteresis.xml
127 ms. Memory: 646144K Free: 112862K (17%)
----------------- Invoking toplevel() on ptolemy.moml.MoMLSimpleApplication@5ceb8e53
----------------- Done invoking toplevel() on ptolemy.moml.MoMLSimpleApplication@5ceb8e53
reloadAllAccessors: .Hysteresis

===========================================================================================
----------------- testing Sat Sep 29 02:18:52 UTC 2018 /home/travis/build/icyphy/ptII/ptolemy/domains/continuous/test/auto/HysteresisWithRandomDelay.xml
----------------- Instantiating /home/travis/build/icyphy/ptII/ptolemy/domains/continuous/test/auto/HysteresisWithRandomDelay.xml
173 ms. Memory: 614400K Free: 560569K (91%)
----------------- Invoking toplevel() on ptolemy.moml.MoMLSimpleApplication@45056583
----------------- Done invoking toplevel() on ptolemy.moml.MoMLSimpleApplication@45056583
reloadAllAccessors: .HysteresisWithRandomDelay

===========================================================================================
----------------- testing Sat Sep 29 02:18:52 UTC 2018 /home/travis/build/icyphy/ptII/ptolemy/domains/continuous/test/auto/HysteresisWithRandomLosses.xml
----------------- Instantiating /home/travis/build/icyphy/ptII/ptolemy/domains/continuous/test/auto/HysteresisWithRandomLosses.xml
2136 ms. Memory: 591360K Free: 297157K (50%)
----------------- Invoking toplevel() on ptolemy.moml.MoMLSimpleApplication@61f0fe1b
----------------- Done invoking toplevel() on ptolemy.moml.MoMLSimpleApplication@61f0fe1b
reloadAllAccessors: .HysteresisWithRandomLosses

===========================================================================================
----------------- testing Sat Sep 29 02:18:54 UTC 2018 /home/travis/build/icyphy/ptII/ptolemy/domains/continuous/test/auto/ImmediateTransitions.xml
----------------- Instantiating /home/travis/build/icyphy/ptII/ptolemy/domains/continuous/test/auto/ImmediateTransitions.xml
16 ms. Memory: 591360K Free: 281202K (48%)
----------------- Invoking toplevel() on ptolemy.moml.MoMLSimpleApplication@49ef0bf9
----------------- Done invoking toplevel() on ptolemy.moml.MoMLSimpleApplication@49ef0bf9
reloadAllAccessors: .ImmediateTransitions

===========================================================================================
----------------- testing Sat Sep 29 02:18:54 UTC 2018 /home/travis/build/icyphy/ptII/ptolemy/domains/continuous/test/auto/ImpulseFeedback.xml
----------------- Instantiating /home/travis/build/icyphy/ptII/ptolemy/domains/continuous/test/auto/ImpulseFeedback.xml
7 ms. Memory: 591360K Free: 270145K (46%)
----------------- Invoking toplevel() on ptolemy.moml.MoMLSimpleApplication@c0ef5e9
----------------- Done invoking toplevel() on ptolemy.moml.MoMLSimpleApplication@c0ef5e9
reloadAllAccessors: .ImpulseFeedback

===========================================================================================
----------------- testing Sat Sep 29 02:18:54 UTC 2018 /home/travis/build/icyphy/ptII/ptolemy/domains/continuous/test/auto/ImpulseFeedback2.xml
----------------- Instantiating /home/travis/build/icyphy/ptII/ptolemy/domains/continuous/test/auto/ImpulseFeedback2.xml
8 ms. Memory: 591360K Free: 259234K (44%)
----------------- Invoking toplevel() on ptolemy.moml.MoMLSimpleApplication@19dafa58
----------------- Done invoking toplevel() on ptolemy.moml.MoMLSimpleApplication@19dafa58
reloadAllAccessors: .ImpulseFeedback2

===========================================================================================
----------------- testing Sat Sep 29 02:18:54 UTC 2018 /home/travis/build/icyphy/ptII/ptolemy/domains/continuous/test/auto/IncreasingRatePoisson.xml
----------------- Instantiating /home/travis/build/icyphy/ptII/ptolemy/domains/continuous/test/auto/IncreasingRatePoisson.xml
681 ms. Memory: 565248K Free: 412789K (73%)
----------------- Invoking toplevel() on ptolemy.moml.MoMLSimpleApplication@bc9081
----------------- Done invoking toplevel() on ptolemy.moml.MoMLSimpleApplication@bc9081
reloadAllAccessors: .IncreasingRatePoisson

===========================================================================================
----------------- testing Sat Sep 29 02:18:55 UTC 2018 /home/travis/build/icyphy/ptII/ptolemy/domains/continuous/test/auto/InitialStateFeedback.xml
----------------- Instantiating /home/travis/build/icyphy/ptII/ptolemy/domains/continuous/test/auto/InitialStateFeedback.xml
8 ms. Memory: 565248K Free: 402914K (71%)
----------------- Invoking toplevel() on ptolemy.moml.MoMLSimpleApplication@4df832c0
----------------- Done invoking toplevel() on ptolemy.moml.MoMLSimpleApplication@4df832c0
reloadAllAccessors: .InitialStateFeedback

===========================================================================================
----------------- testing Sat Sep 29 02:18:55 UTC 2018 /home/travis/build/icyphy/ptII/ptolemy/domains/continuous/test/auto/Integration.xml
----------------- Instantiating /home/travis/build/icyphy/ptII/ptolemy/domains/continuous/test/auto/Integration.xml
2 ms. Memory: 565248K Free: 394840K (70%)
----------------- Invoking toplevel() on ptolemy.moml.MoMLSimpleApplication@2a464c6d
----------------- Done invoking toplevel() on ptolemy.moml.MoMLSimpleApplication@2a464c6d
reloadAllAccessors: .Integration

===========================================================================================
----------------- testing Sat Sep 29 02:18:55 UTC 2018 /home/travis/build/icyphy/ptII/ptolemy/domains/continuous/test/auto/Integration2.xml
----------------- Instantiating /home/travis/build/icyphy/ptII/ptolemy/domains/continuous/test/auto/Integration2.xml
77 ms. Memory: 565248K Free: 377072K (67%)
----------------- Invoking toplevel() on ptolemy.moml.MoMLSimpleApplication@ccbc415
----------------- Done invoking toplevel() on ptolemy.moml.MoMLSimpleApplication@ccbc415
reloadAllAccessors: .Integration2

===========================================================================================
----------------- testing Sat Sep 29 02:18:55 UTC 2018 /home/travis/build/icyphy/ptII/ptolemy/domains/continuous/test/auto/Integration3.xml
----------------- Instantiating /home/travis/build/icyphy/ptII/ptolemy/domains/continuous/test/auto/Integration3.xml
2 ms. Memory: 565248K Free: 368891K (65%)
----------------- Invoking toplevel() on ptolemy.moml.MoMLSimpleApplication@7e6a711f
----------------- Done invoking toplevel() on ptolemy.moml.MoMLSimpleApplication@7e6a711f
reloadAllAccessors: .Integration3

===========================================================================================
----------------- testing Sat Sep 29 02:18:55 UTC 2018 /home/travis/build/icyphy/ptII/ptolemy/domains/continuous/test/auto/Integration5.xml
----------------- Instantiating /home/travis/build/icyphy/ptII/ptolemy/domains/continuous/test/auto/Integration5.xml
2 ms. Memory: 565248K Free: 360816K (64%)
----------------- Invoking toplevel() on ptolemy.moml.MoMLSimpleApplication@10022db7
----------------- Done invoking toplevel() on ptolemy.moml.MoMLSimpleApplication@10022db7
reloadAllAccessors: .Integration5

===========================================================================================
----------------- testing Sat Sep 29 02:18:55 UTC 2018 /home/travis/build/icyphy/ptII/ptolemy/domains/continuous/test/auto/IntegratorImpulse.xml
----------------- Instantiating /home/travis/build/icyphy/ptII/ptolemy/domains/continuous/test/auto/IntegratorImpulse.xml
2 ms. Memory: 565248K Free: 352627K (62%)
----------------- Invoking toplevel() on ptolemy.moml.MoMLSimpleApplication@1919016d
----------------- Done invoking toplevel() on ptolemy.moml.MoMLSimpleApplication@1919016d
reloadAllAccessors: .IntegratorImpulse

===========================================================================================
----------------- testing Sat Sep 29 02:18:55 UTC 2018 /home/travis/build/icyphy/ptII/ptolemy/domains/continuous/test/auto/IntegratorImpulse2.xml
----------------- Instantiating /home/travis/build/icyphy/ptII/ptolemy/domains/continuous/test/auto/IntegratorImpulse2.xml
3 ms. Memory: 565248K Free: 344544K (61%)
----------------- Invoking toplevel() on ptolemy.moml.MoMLSimpleApplication@606551
----------------- Done invoking toplevel() on ptolemy.moml.MoMLSimpleApplication@606551
reloadAllAccessors: .IntegratorImpulse2

===========================================================================================
----------------- testing Sat Sep 29 02:18:55 UTC 2018 /home/travis/build/icyphy/ptII/ptolemy/domains/continuous/test/auto/LevelCrossing1.xml
----------------- Instantiating /home/travis/build/icyphy/ptII/ptolemy/domains/continuous/test/auto/LevelCrossing1.xml
2 ms. Memory: 565248K Free: 336462K (60%)
----------------- Invoking toplevel() on ptolemy.moml.MoMLSimpleApplication@24f6d253
----------------- Done invoking toplevel() on ptolemy.moml.MoMLSimpleApplication@24f6d253
reloadAllAccessors: .LevelCrossing1

===========================================================================================
----------------- testing Sat Sep 29 02:18:55 UTC 2018 /home/travis/build/icyphy/ptII/ptolemy/domains/continuous/test/auto/LevelCrossing2.xml
----------------- Instantiating /home/travis/build/icyphy/ptII/ptolemy/domains/continuous/test/auto/LevelCrossing2.xml
3 ms. Memory: 565248K Free: 328264K (58%)
----------------- Invoking toplevel() on ptolemy.moml.MoMLSimpleApplication@1516c460
----------------- Done invoking toplevel() on ptolemy.moml.MoMLSimpleApplication@1516c460
reloadAllAccessors: .LevelCrossing2

===========================================================================================
----------------- testing Sat Sep 29 02:18:55 UTC 2018 /home/travis/build/icyphy/ptII/ptolemy/domains/continuous/test/auto/LevelCrossing3.xml
----------------- Instantiating /home/travis/build/icyphy/ptII/ptolemy/domains/continuous/test/auto/LevelCrossing3.xml
2 ms. Memory: 565248K Free: 320182K (57%)
----------------- Invoking toplevel() on ptolemy.moml.MoMLSimpleApplication@16c16bfe
----------------- Done invoking toplevel() on ptolemy.moml.MoMLSimpleApplication@16c16bfe
reloadAllAccessors: .LevelCrossing3

===========================================================================================
----------------- testing Sat Sep 29 02:18:55 UTC 2018 /home/travis/build/icyphy/ptII/ptolemy/domains/continuous/test/auto/LevelCrossing4.xml
----------------- Instantiating /home/travis/build/icyphy/ptII/ptolemy/domains/continuous/test/auto/LevelCrossing4.xml
3 ms. Memory: 565248K Free: 311984K (55%)
----------------- Invoking toplevel() on ptolemy.moml.MoMLSimpleApplication@77086a33
----------------- Done invoking toplevel() on ptolemy.moml.MoMLSimpleApplication@77086a33
reloadAllAccessors: .LevelCrossing4

===========================================================================================
----------------- testing Sat Sep 29 02:18:55 UTC 2018 /home/travis/build/icyphy/ptII/ptolemy/domains/continuous/test/auto/LevelCrossing5.xml
----------------- Instantiating /home/travis/build/icyphy/ptII/ptolemy/domains/continuous/test/auto/LevelCrossing5.xml
4 ms. Memory: 565248K Free: 303902K (54%)
----------------- Invoking toplevel() on ptolemy.moml.MoMLSimpleApplication@36912366
----------------- Done invoking toplevel() on ptolemy.moml.MoMLSimpleApplication@36912366
reloadAllAccessors: .LevelCrossing5

===========================================================================================
----------------- testing Sat Sep 29 02:18:55 UTC 2018 /home/travis/build/icyphy/ptII/ptolemy/domains/continuous/test/auto/LevelCrossing6.xml
----------------- Instantiating /home/travis/build/icyphy/ptII/ptolemy/domains/continuous/test/auto/LevelCrossing6.xml
7 ms. Memory: 565248K Free: 295719K (52%)
[...]
reloadAllAccessors: .ResetTransitionWithStartTime5

===========================================================================================
----------------- testing Sat Sep 29 02:19:12 UTC 2018 /home/travis/build/icyphy/ptII/ptolemy/domains/continuous/test/auto/ResetTransitionWithStartTime6.xml
----------------- Instantiating /home/travis/build/icyphy/ptII/ptolemy/domains/continuous/test/auto/ResetTransitionWithStartTime6.xml
9 ms. Memory: 652288K Free: 343202K (53%)
----------------- Invoking toplevel() on ptolemy.moml.MoMLSimpleApplication@2f4dfe8b
----------------- Done invoking toplevel() on ptolemy.moml.MoMLSimpleApplication@2f4dfe8b
reloadAllAccessors: .ResetTransitionWithStartTime6

===========================================================================================
----------------- testing Sat Sep 29 02:19:12 UTC 2018 /home/travis/build/icyphy/ptII/ptolemy/domains/continuous/test/auto/SRinContinuous.xml
----------------- Instantiating /home/travis/build/icyphy/ptII/ptolemy/domains/continuous/test/auto/SRinContinuous.xml
4 ms. Memory: 652288K Free: 331091K (51%)
----------------- Invoking toplevel() on ptolemy.moml.MoMLSimpleApplication@c799c02
----------------- Done invoking toplevel() on ptolemy.moml.MoMLSimpleApplication@c799c02
reloadAllAccessors: .SRinContinuous

===========================================================================================
----------------- testing Sat Sep 29 02:19:12 UTC 2018 /home/travis/build/icyphy/ptII/ptolemy/domains/continuous/test/auto/SampledClocks.xml
----------------- Instantiating /home/travis/build/icyphy/ptII/ptolemy/domains/continuous/test/auto/SampledClocks.xml
8 ms. Memory: 652288K Free: 315141K (48%)
----------------- Invoking toplevel() on ptolemy.moml.MoMLSimpleApplication@23be58b8
----------------- Done invoking toplevel() on ptolemy.moml.MoMLSimpleApplication@23be58b8
reloadAllAccessors: .SampledClocks

===========================================================================================
----------------- testing Sat Sep 29 02:19:12 UTC 2018 /home/travis/build/icyphy/ptII/ptolemy/domains/continuous/test/auto/Satellite.xml
----------------- Instantiating /home/travis/build/icyphy/ptII/ptolemy/domains/continuous/test/auto/Satellite.xml
864 ms. Memory: 652288K Free: 130948K (20%)
----------------- Invoking toplevel() on ptolemy.moml.MoMLSimpleApplication@4ef53f51
----------------- Done invoking toplevel() on ptolemy.moml.MoMLSimpleApplication@4ef53f51
reloadAllAccessors: .Satellite

===========================================================================================
----------------- testing Sat Sep 29 02:19:13 UTC 2018 /home/travis/build/icyphy/ptII/ptolemy/domains/continuous/test/auto/SigmaDelta.xml
----------------- Instantiating /home/travis/build/icyphy/ptII/ptolemy/domains/continuous/test/auto/SigmaDelta.xml
2132 ms. Memory: 818688K Free: 476131K (58%)
----------------- Invoking toplevel() on ptolemy.moml.MoMLSimpleApplication@4f878f2c
----------------- Done invoking toplevel() on ptolemy.moml.MoMLSimpleApplication@4f878f2c
reloadAllAccessors: .SigmaDelta

===========================================================================================
----------------- testing Sat Sep 29 02:19:15 UTC 2018 /home/travis/build/icyphy/ptII/ptolemy/domains/continuous/test/auto/SinuBouncingBall.xml
----------------- Instantiating /home/travis/build/icyphy/ptII/ptolemy/domains/continuous/test/auto/SinuBouncingBall.xml
775 ms. Memory: 818688K Free: 249224K (30%)
----------------- Invoking toplevel() on ptolemy.moml.MoMLSimpleApplication@506a768c
----------------- Done invoking toplevel() on ptolemy.moml.MoMLSimpleApplication@506a768c
reloadAllAccessors: .SinuBouncingBall

===========================================================================================
----------------- testing Sat Sep 29 02:19:16 UTC 2018 /home/travis/build/icyphy/ptII/ptolemy/domains/continuous/test/auto/Sinusoid.xml
----------------- Instantiating /home/travis/build/icyphy/ptII/ptolemy/domains/continuous/test/auto/Sinusoid.xml
3 ms. Memory: 818688K Free: 240936K (29%)
----------------- Invoking toplevel() on ptolemy.moml.MoMLSimpleApplication@1a30024b
----------------- Done invoking toplevel() on ptolemy.moml.MoMLSimpleApplication@1a30024b
reloadAllAccessors: .Sinusoid

===========================================================================================
----------------- testing Sat Sep 29 02:19:16 UTC 2018 /home/travis/build/icyphy/ptII/ptolemy/domains/continuous/test/auto/SinusoidInNoise.xml
----------------- Instantiating /home/travis/build/icyphy/ptII/ptolemy/domains/continuous/test/auto/SinusoidInNoise.xml
879 ms. Memory: 818688K Free: 35813K (4%)
----------------- Invoking toplevel() on ptolemy.moml.MoMLSimpleApplication@466144b2
----------------- Done invoking toplevel() on ptolemy.moml.MoMLSimpleApplication@466144b2
reloadAllAccessors: .SinusoidInNoise

===========================================================================================
----------------- testing Sat Sep 29 02:19:17 UTC 2018 /home/travis/build/icyphy/ptII/ptolemy/domains/continuous/test/auto/SinusoidRK45.xml
----------------- Instantiating /home/travis/build/icyphy/ptII/ptolemy/domains/continuous/test/auto/SinusoidRK45.xml
2 ms. Memory: 818688K Free: 27525K (3%)
----------------- Invoking toplevel() on ptolemy.moml.MoMLSimpleApplication@7f80f793
----------------- Done invoking toplevel() on ptolemy.moml.MoMLSimpleApplication@7f80f793
reloadAllAccessors: .SinusoidRK45

===========================================================================================
----------------- testing Sat Sep 29 02:19:17 UTC 2018 /home/travis/build/icyphy/ptII/ptolemy/domains/continuous/test/auto/SinusoidWithMultipleImpulses.xml
----------------- Instantiating /home/travis/build/icyphy/ptII/ptolemy/domains/continuous/test/auto/SinusoidWithMultipleImpulses.xml
3 ms. Memory: 776192K Free: 704044K (91%)
----------------- Invoking toplevel() on ptolemy.moml.MoMLSimpleApplication@35955a0c
----------------- Done invoking toplevel() on ptolemy.moml.MoMLSimpleApplication@35955a0c
reloadAllAccessors: .SinusoidWithMultipleImpulses

===========================================================================================
----------------- testing Sat Sep 29 02:19:17 UTC 2018 /home/travis/build/icyphy/ptII/ptolemy/domains/continuous/test/auto/SquareWave.xml
----------------- Instantiating /home/travis/build/icyphy/ptII/ptolemy/domains/continuous/test/auto/SquareWave.xml
161 ms. Memory: 776192K Free: 675175K (87%)
----------------- Invoking toplevel() on ptolemy.moml.MoMLSimpleApplication@1c877afa
----------------- Done invoking toplevel() on ptolemy.moml.MoMLSimpleApplication@1c877afa
reloadAllAccessors: .SquareWave

===========================================================================================
----------------- testing Sat Sep 29 02:19:17 UTC 2018 /home/travis/build/icyphy/ptII/ptolemy/domains/continuous/test/auto/Starmac.xml
----------------- Instantiating /home/travis/build/icyphy/ptII/ptolemy/domains/continuous/test/auto/Starmac.xml
3064 ms. Memory: 776192K Free: 303497K (39%)
----------------- Invoking toplevel() on ptolemy.moml.MoMLSimpleApplication@1849b2fc
----------------- Done invoking toplevel() on ptolemy.moml.MoMLSimpleApplication@1849b2fc
reloadAllAccessors: .Starmac

===========================================================================================
----------------- testing Sat Sep 29 02:19:21 UTC 2018 /home/travis/build/icyphy/ptII/ptolemy/domains/continuous/test/auto/StaticUnits.xml
----------------- Instantiating /home/travis/build/icyphy/ptII/ptolemy/domains/continuous/test/auto/StaticUnits.xml
2173 ms. Memory: 752640K Free: 498613K (66%)
----------------- Invoking toplevel() on ptolemy.moml.MoMLSimpleApplication@3a859009
----------------- Done invoking toplevel() on ptolemy.moml.MoMLSimpleApplication@3a859009
reloadAllAccessors: .StaticUnits

===========================================================================================
----------------- testing Sat Sep 29 02:19:23 UTC 2018 /home/travis/build/icyphy/ptII/ptolemy/domains/continuous/test/auto/StickyMasses.xml
----------------- Instantiating /home/travis/build/icyphy/ptII/ptolemy/domains/continuous/test/auto/StickyMasses.xml
140 ms. Memory: 752640K Free: 437126K (58%)
----------------- Invoking toplevel() on ptolemy.moml.MoMLSimpleApplication@2309be25
----------------- Done invoking toplevel() on ptolemy.moml.MoMLSimpleApplication@2309be25
reloadAllAccessors: .StickyMasses

===========================================================================================
----------------- testing Sat Sep 29 02:19:23 UTC 2018 /home/travis/build/icyphy/ptII/ptolemy/domains/continuous/test/auto/StopTime.xml
----------------- Instantiating /home/travis/build/icyphy/ptII/ptolemy/domains/continuous/test/auto/StopTime.xml
48 ms. Memory: 752640K Free: 405293K (54%)
----------------- Invoking toplevel() on ptolemy.moml.MoMLSimpleApplication@5cef60cd
----------------- Done invoking toplevel() on ptolemy.moml.MoMLSimpleApplication@5cef60cd
reloadAllAccessors: .StopTime

===========================================================================================
----------------- testing Sat Sep 29 02:19:23 UTC 2018 /home/travis/build/icyphy/ptII/ptolemy/domains/continuous/test/auto/StopTime2.xml
----------------- Instantiating /home/travis/build/icyphy/ptII/ptolemy/domains/continuous/test/auto/StopTime2.xml
34 ms. Memory: 752640K Free: 377857K (50%)
----------------- Invoking toplevel() on ptolemy.moml.MoMLSimpleApplication@4313556b
----------------- Done invoking toplevel() on ptolemy.moml.MoMLSimpleApplication@4313556b
reloadAllAccessors: .StopTime2

===========================================================================================
----------------- testing Sat Sep 29 02:19:24 UTC 2018 /home/travis/build/icyphy/ptII/ptolemy/domains/continuous/test/auto/Switch.xml
----------------- Instantiating /home/travis/build/icyphy/ptII/ptolemy/domains/continuous/test/auto/Switch.xml
42 ms. Memory: 752640K Free: 345991K (46%)
----------------- Invoking toplevel() on ptolemy.moml.MoMLSimpleApplication@61317f93
----------------- Done invoking toplevel() on ptolemy.moml.MoMLSimpleApplication@61317f93
reloadAllAccessors: .Switch

===========================================================================================
----------------- testing Sat Sep 29 02:19:24 UTC 2018 /home/travis/build/icyphy/ptII/ptolemy/domains/continuous/test/auto/Thermostat.xml
----------------- Instantiating /home/travis/build/icyphy/ptII/ptolemy/domains/continuous/test/auto/Thermostat.xml
175 ms. Memory: 752640K Free: 265460K (35%)
----------------- Invoking toplevel() on ptolemy.moml.MoMLSimpleApplication@55e71fb1
----------------- Done invoking toplevel() on ptolemy.moml.MoMLSimpleApplication@55e71fb1
reloadAllAccessors: .Thermostat

===========================================================================================
----------------- testing Sat Sep 29 02:19:24 UTC 2018 /home/travis/build/icyphy/ptII/ptolemy/domains/continuous/test/auto/TimeDelay.xml
----------------- Instantiating /home/travis/build/icyphy/ptII/ptolemy/domains/continuous/test/auto/TimeDelay.xml
5 ms. Memory: 752640K Free: 255726K (34%)
----------------- Invoking toplevel() on ptolemy.moml.MoMLSimpleApplication@72c4bdcd
----------------- Done invoking toplevel() on ptolemy.moml.MoMLSimpleApplication@72c4bdcd
reloadAllAccessors: .TimeDelay

===========================================================================================
----------------- testing Sat Sep 29 02:19:24 UTC 2018 /home/travis/build/icyphy/ptII/ptolemy/domains/continuous/test/auto/TimeDelay2.xml
----------------- Instantiating /home/travis/build/icyphy/ptII/ptolemy/domains/continuous/test/auto/TimeDelay2.xml
7 ms. Memory: 752640K Free: 245993K (33%)
----------------- Invoking toplevel() on ptolemy.moml.MoMLSimpleApplication@7da8f279
----------------- Done invoking toplevel() on ptolemy.moml.MoMLSimpleApplication@7da8f279
reloadAllAccessors: .TimeDelay2

===========================================================================================
----------------- testing Sat Sep 29 02:19:24 UTC 2018 /home/travis/build/icyphy/ptII/ptolemy/domains/continuous/test/auto/TimeDelay3.xml
----------------- Instantiating /home/travis/build/icyphy/ptII/ptolemy/domains/continuous/test/auto/TimeDelay3.xml
6 ms. Memory: 752640K Free: 236156K (31%)
----------------- Invoking toplevel() on ptolemy.moml.MoMLSimpleApplication@699a6aad
----------------- Done invoking toplevel() on ptolemy.moml.MoMLSimpleApplication@699a6aad
reloadAllAccessors: .TimeDelay3

===========================================================================================
----------------- testing Sat Sep 29 02:19:24 UTC 2018 /home/travis/build/icyphy/ptII/ptolemy/domains/continuous/test/auto/TransferAbsentToInside.xml
----------------- Instantiating /home/travis/build/icyphy/ptII/ptolemy/domains/continuous/test/auto/TransferAbsentToInside.xml
26 ms. Memory: 752640K Free: 173357K (23%)
----------------- Invoking toplevel() on ptolemy.moml.MoMLSimpleApplication@be3f3ef
----------------- Done invoking toplevel() on ptolemy.moml.MoMLSimpleApplication@be3f3ef
reloadAllAccessors: .TransferAbsentToInside

===========================================================================================
----------------- testing Sat Sep 29 02:19:24 UTC 2018 /home/travis/build/icyphy/ptII/ptolemy/domains/continuous/test/auto/Transmission.xml
----------------- Instantiating /home/travis/build/icyphy/ptII/ptolemy/domains/continuous/test/auto/Transmission.xml
819 ms. Memory: 684544K Free: 584845K (85%)
----------------- Invoking toplevel() on ptolemy.moml.MoMLSimpleApplication@9868876
----------------- Done invoking toplevel() on ptolemy.moml.MoMLSimpleApplication@9868876
reloadAllAccessors: .Transmission

===========================================================================================
----------------- testing Sat Sep 29 02:19:25 UTC 2018 /home/travis/build/icyphy/ptII/ptolemy/domains/continuous/test/auto/TriggeredContinuousClock.xml
----------------- Instantiating /home/travis/build/icyphy/ptII/ptolemy/domains/continuous/test/auto/TriggeredContinuousClock.xml
34 ms. Memory: 684544K Free: 546836K (80%)
----------------- Invoking toplevel() on ptolemy.moml.MoMLSimpleApplication@358d755
----------------- Done invoking toplevel() on ptolemy.moml.MoMLSimpleApplication@358d755
reloadAllAccessors: .TriggeredContinuousClock

===========================================================================================
----------------- testing Sat Sep 29 02:19:25 UTC 2018 /home/travis/build/icyphy/ptII/ptolemy/domains/continuous/test/auto/TwoMachineInfiniteBusControl.xml
----------------- Instantiating /home/travis/build/icyphy/ptII/ptolemy/domains/continuous/test/auto/TwoMachineInfiniteBusControl.xml
3143 ms. Memory: 655872K Free: 571816K (87%)
----------------- Invoking toplevel() on ptolemy.moml.MoMLSimpleApplication@56e2c926
----------------- Done invoking toplevel() on ptolemy.moml.MoMLSimpleApplication@56e2c926
reloadAllAccessors: .TwoMachineInfiniteBusControl

===========================================================================================
----------------- testing Sat Sep 29 02:19:28 UTC 2018 /home/travis/build/icyphy/ptII/ptolemy/domains/continuous/test/auto/V2V.xml
----------------- Instantiating /home/travis/build/icyphy/ptII/ptolemy/domains/continuous/test/auto/V2V.xml
663 ms. Memory: 655872K Free: 369883K (56%)
----------------- Invoking toplevel() on ptolemy.moml.MoMLSimpleApplication@6f1126e2
----------------- Done invoking toplevel() on ptolemy.moml.MoMLSimpleApplication@6f1126e2
reloadAllAccessors: .V2V

===========================================================================================
----------------- testing Sat Sep 29 02:19:29 UTC 2018 /home/travis/build/icyphy/ptII/ptolemy/domains/continuous/test/auto/hierarchicalModalModel.xml
----------------- Instantiating /home/travis/build/icyphy/ptII/ptolemy/domains/continuous/test/auto/hierarchicalModalModel.xml
7 ms. Memory: 655872K Free: 350823K (53%)
----------------- Invoking toplevel() on ptolemy.moml.MoMLSimpleApplication@2be984a4
----------------- Done invoking toplevel() on ptolemy.moml.MoMLSimpleApplication@2be984a4
reloadAllAccessors: .hierarchicalModalModel

===========================================================================================
----------------- testing Sat Sep 29 02:19:29 UTC 2018 /home/travis/build/icyphy/ptII/ptolemy/domains/continuous/test/auto/hierarchicalModalModel1.xml
----------------- Instantiating /home/travis/build/icyphy/ptII/ptolemy/domains/continuous/test/auto/hierarchicalModalModel1.xml
7 ms. Memory: 655872K Free: 331868K (51%)
----------------- Invoking toplevel() on ptolemy.moml.MoMLSimpleApplication@247d2b78
----------------- Done invoking toplevel() on ptolemy.moml.MoMLSimpleApplication@247d2b78
reloadAllAccessors: .hierarchicalModalModel1

===========================================================================================
----------------- testing Sat Sep 29 02:19:29 UTC 2018 /home/travis/build/icyphy/ptII/ptolemy/domains/continuous/test/auto/hierarchicalModalModel2.xml
----------------- Instantiating /home/travis/build/icyphy/ptII/ptolemy/domains/continuous/test/auto/hierarchicalModalModel2.xml
6 ms. Memory: 655872K Free: 315821K (48%)
----------------- Invoking toplevel() on ptolemy.moml.MoMLSimpleApplication@1acdce1d
----------------- Done invoking toplevel() on ptolemy.moml.MoMLSimpleApplication@1acdce1d
reloadAllAccessors: .hierarchicalModalModel2

===========================================================================================
----------------- testing Sat Sep 29 02:19:29 UTC 2018 /home/travis/build/icyphy/ptII/ptolemy/domains/continuous/test/auto/hierarchicalModalModel3.xml
----------------- Instantiating /home/travis/build/icyphy/ptII/ptolemy/domains/continuous/test/auto/hierarchicalModalModel3.xml
5 ms. Memory: 655872K Free: 302901K (46%)
----------------- Invoking toplevel() on ptolemy.moml.MoMLSimpleApplication@916415e
----------------- Done invoking toplevel() on ptolemy.moml.MoMLSimpleApplication@916415e
reloadAllAccessors: .hierarchicalModalModel3

===========================================================================================
----------------- testing Sat Sep 29 02:19:29 UTC 2018 /home/travis/build/icyphy/ptII/ptolemy/domains/continuous/test/auto/hierarchicalModalModel4.xml
----------------- Instantiating /home/travis/build/icyphy/ptII/ptolemy/domains/continuous/test/auto/hierarchicalModalModel4.xml
8 ms. Memory: 655872K Free: 286853K (44%)
----------------- Invoking toplevel() on ptolemy.moml.MoMLSimpleApplication@44e9cc67
----------------- Done invoking toplevel() on ptolemy.moml.MoMLSimpleApplication@44e9cc67
reloadAllAccessors: .hierarchicalModalModel4

===========================================================================================
----------------- testing Sat Sep 29 02:19:29 UTC 2018 /home/travis/build/icyphy/ptII/ptolemy/domains/continuous/test/auto/junk.xml
----------------- Instantiating /home/travis/build/icyphy/ptII/ptolemy/domains/continuous/test/auto/junk.xml
137 ms. Memory: 655872K Free: 252805K (39%)
----------------- Invoking toplevel() on ptolemy.moml.MoMLSimpleApplication@553095a8
----------------- Done invoking toplevel() on ptolemy.moml.MoMLSimpleApplication@553095a8
reloadAllAccessors: .junk
AutoTests.java: About to close Vertx.
AutoTests.java: Vertx closed.
]]></system-out>
  <system-err><![CDATA[Warning: '.HysteresisWithRandomDelay.NonStrictTest3' The test produced only 17 tokens, yet the correctValues parameter was expecting 30 tokens.
Warning: '.Poisson.NonStrictTest' The test produced only 414 tokens, yet the correctValues parameter was expecting 430 tokens.
]]></system-err>
</testsuite>
