<?xml version="1.0" encoding="UTF-8" ?>
<testsuite errors="0" failures="0" hostname="travis-job-d940d75f-62d1-4ac4-a78f-ac6d52a54541" name="ptolemy.domains.de.test.junit.JUnitTclTest" skipped="0" tests="101" time="128.362" timestamp="2019-04-01T03:54:21">
  <properties>
[...]
</properties>
  <testcase classname="ptolemy.util.test.junit.TclTests" name="[0] /home/travis/build/icyphy/ptII/ptolemy/domains/de/test/DependencyLoop.tcl (RunTclFile)" time="0.979" />
  <testcase classname="ptolemy.util.test.junit.TclTests" name="[1] /home/travis/build/icyphy/ptII/ptolemy/domains/de/test/RunDETestsAsQSS.tcl (RunTclFile)" time="87.638" />
  <testcase classname="ptolemy.util.test.junit.AutoKnownFailedTests" name="[0] /home/travis/build/icyphy/ptII/ptolemy/domains/de/test/auto/knownFailedTests/DESDFClockTest.xml (RunModel)" time="2.028" />
  <testcase classname="ptolemy.util.test.junit.AutoKnownFailedTests" name="[1] /home/travis/build/icyphy/ptII/ptolemy/domains/de/test/auto/knownFailedTests/DirectFeedback.xml (RunModel)" time="0.026" />
  <testcase classname="ptolemy.util.test.junit.AutoKnownFailedTests" name="[2] /home/travis/build/icyphy/ptII/ptolemy/domains/de/test/auto/knownFailedTests/FSMSource.xml (RunModel)" time="0.024" />
  <testcase classname="ptolemy.util.test.junit.AutoKnownFailedTests" name="[3] /home/travis/build/icyphy/ptII/ptolemy/domains/de/test/auto/knownFailedTests/HierarchicalModel.xml (RunModel)" time="0.039" />
  <testcase classname="ptolemy.util.test.junit.AutoKnownFailedTests" name="[4] /home/travis/build/icyphy/ptII/ptolemy/domains/de/test/auto/knownFailedTests/dependencyLoop.xml (RunModel)" time="0.027" />
  <testcase classname="ptolemy.util.test.junit.AutoKnownFailedTests" name="[5] /home/travis/build/icyphy/ptII/ptolemy/domains/de/test/auto/knownFailedTests/dependencyLoop2.xml (RunModel)" time="0.041" />
  <testcase classname="ptolemy.util.test.junit.AutoNameArchTests" name="[0] ThereAreNoAutoArchTests (RunModel)" time="0.0" />
  <testcase classname="ptolemy.util.test.junit.AutoTests" name="[0] /home/travis/build/icyphy/ptII/ptolemy/domains/de/test/auto/ActorDepthCalculation_actorWithoutPorts.xml (RunModel)" time="0.015" />
  <testcase classname="ptolemy.util.test.junit.AutoTests" name="[1] /home/travis/build/icyphy/ptII/ptolemy/domains/de/test/auto/AssemblyLine.xml (RunModel)" time="0.019" />
  <testcase classname="ptolemy.util.test.junit.AutoTests" name="[2] /home/travis/build/icyphy/ptII/ptolemy/domains/de/test/auto/CQBug1.xml (RunModel)" time="0.005" />
  <testcase classname="ptolemy.util.test.junit.AutoTests" name="[3] /home/travis/build/icyphy/ptII/ptolemy/domains/de/test/auto/CancelFireAt.xml (RunModel)" time="0.004" />
  <testcase classname="ptolemy.util.test.junit.AutoTests" name="[4] /home/travis/build/icyphy/ptII/ptolemy/domains/de/test/auto/CausalityAndComposabilityAnalysis.xml (RunModel)" time="0.009" />
  <testcase classname="ptolemy.util.test.junit.AutoTests" name="[5] /home/travis/build/icyphy/ptII/ptolemy/domains/de/test/auto/CausalityInterface1.xml (RunModel)" time="0.011" />
  <testcase classname="ptolemy.util.test.junit.AutoTests" name="[6] /home/travis/build/icyphy/ptII/ptolemy/domains/de/test/auto/CausalityInterface15.xml (RunModel)" time="0.014" />
  <testcase classname="ptolemy.util.test.junit.AutoTests" name="[7] /home/travis/build/icyphy/ptII/ptolemy/domains/de/test/auto/CausalityInterface2.xml (RunModel)" time="0.009" />
  <testcase classname="ptolemy.util.test.junit.AutoTests" name="[8] /home/travis/build/icyphy/ptII/ptolemy/domains/de/test/auto/CausalityInterface3.xml (RunModel)" time="0.013" />
  <testcase classname="ptolemy.util.test.junit.AutoTests" name="[9] /home/travis/build/icyphy/ptII/ptolemy/domains/de/test/auto/ClockDrift.xml (RunModel)" time="0.028" />
  <testcase classname="ptolemy.util.test.junit.AutoTests" name="[10] /home/travis/build/icyphy/ptII/ptolemy/domains/de/test/auto/ClockDriftAndValueChange.xml (RunModel)" time="0.022" />
  <testcase classname="ptolemy.util.test.junit.AutoTests" name="[11] /home/travis/build/icyphy/ptII/ptolemy/domains/de/test/auto/ClockDriftChange.xml (RunModel)" time="0.018" />
  <testcase classname="ptolemy.util.test.junit.AutoTests" name="[12] /home/travis/build/icyphy/ptII/ptolemy/domains/de/test/auto/ComposableCausalityAnalysis.xml (RunModel)" time="0.016" />
  <testcase classname="ptolemy.util.test.junit.AutoTests" name="[13] /home/travis/build/icyphy/ptII/ptolemy/domains/de/test/auto/DEFixedPointLimitation.xml (RunModel)" time="0.008" />
  <testcase classname="ptolemy.util.test.junit.AutoTests" name="[14] /home/travis/build/icyphy/ptII/ptolemy/domains/de/test/auto/DEScheduleTest.xml (RunModel)" time="0.008" />
  <testcase classname="ptolemy.util.test.junit.AutoTests" name="[15] /home/travis/build/icyphy/ptII/ptolemy/domains/de/test/auto/DEinDEwithStartTimes.xml (RunModel)" time="0.008" />
  <testcase classname="ptolemy.util.test.junit.AutoTests" name="[16] /home/travis/build/icyphy/ptII/ptolemy/domains/de/test/auto/DEinDEwithStartTimes2.xml (RunModel)" time="0.009" />
  <testcase classname="ptolemy.util.test.junit.AutoTests" name="[17] /home/travis/build/icyphy/ptII/ptolemy/domains/de/test/auto/DateDemo.xml (RunModel)" time="0.018" />
  <testcase classname="ptolemy.util.test.junit.AutoTests" name="[18] /home/travis/build/icyphy/ptII/ptolemy/domains/de/test/auto/DateToEvent.xml (RunModel)" time="2.036" />
  <testcase classname="ptolemy.util.test.junit.AutoTests" name="[19] /home/travis/build/icyphy/ptII/ptolemy/domains/de/test/auto/DepthTest1.xml (RunModel)" time="0.008" />
  <testcase classname="ptolemy.util.test.junit.AutoTests" name="[20] /home/travis/build/icyphy/ptII/ptolemy/domains/de/test/auto/DepthTest2.xml (RunModel)" time="0.016" />
  <testcase classname="ptolemy.util.test.junit.AutoTests" name="[21] /home/travis/build/icyphy/ptII/ptolemy/domains/de/test/auto/DepthTest3.xml (RunModel)" time="0.007" />
  <testcase classname="ptolemy.util.test.junit.AutoTests" name="[22] /home/travis/build/icyphy/ptII/ptolemy/domains/de/test/auto/DepthTest4.xml (RunModel)" time="0.012" />
  <testcase classname="ptolemy.util.test.junit.AutoTests" name="[23] /home/travis/build/icyphy/ptII/ptolemy/domains/de/test/auto/DepthTest5.xml (RunModel)" time="0.013" />
  <testcase classname="ptolemy.util.test.junit.AutoTests" name="[24] /home/travis/build/icyphy/ptII/ptolemy/domains/de/test/auto/DepthTest6.xml (RunModel)" time="0.013" />
  <testcase classname="ptolemy.util.test.junit.AutoTests" name="[25] /home/travis/build/icyphy/ptII/ptolemy/domains/de/test/auto/DepthTest7.xml (RunModel)" time="0.011" />
  <testcase classname="ptolemy.util.test.junit.AutoTests" name="[26] /home/travis/build/icyphy/ptII/ptolemy/domains/de/test/auto/EventToDate.xml (RunModel)" time="3.029" />
  <testcase classname="ptolemy.util.test.junit.AutoTests" name="[27] /home/travis/build/icyphy/ptII/ptolemy/domains/de/test/auto/FSM1.xml (RunModel)" time="0.031" />
  <testcase classname="ptolemy.util.test.junit.AutoTests" name="[28] /home/travis/build/icyphy/ptII/ptolemy/domains/de/test/auto/FSM7.xml (RunModel)" time="0.058" />
  <testcase classname="ptolemy.util.test.junit.AutoTests" name="[29] /home/travis/build/icyphy/ptII/ptolemy/domains/de/test/auto/Inspection.xml (RunModel)" time="0.045" />
  <testcase classname="ptolemy.util.test.junit.AutoTests" name="[30] /home/travis/build/icyphy/ptII/ptolemy/domains/de/test/auto/Iteration.xml (RunModel)" time="0.021" />
  <testcase classname="ptolemy.util.test.junit.AutoTests" name="[31] /home/travis/build/icyphy/ptII/ptolemy/domains/de/test/auto/LineFault.xml (RunModel)" time="0.589" />
  <testcase classname="ptolemy.util.test.junit.AutoTests" name="[32] /home/travis/build/icyphy/ptII/ptolemy/domains/de/test/auto/MergeModel1Add.xml (RunModel)" time="0.044" />
  <testcase classname="ptolemy.util.test.junit.AutoTests" name="[33] /home/travis/build/icyphy/ptII/ptolemy/domains/de/test/auto/MergeModel2Add.xml (RunModel)" time="0.035" />
  <testcase classname="ptolemy.util.test.junit.AutoTests" name="[34] /home/travis/build/icyphy/ptII/ptolemy/domains/de/test/auto/MergeModel3Add.xml (RunModel)" time="0.041" />
  <testcase classname="ptolemy.util.test.junit.AutoTests" name="[35] /home/travis/build/icyphy/ptII/ptolemy/domains/de/test/auto/MergeWithoutDiscard.xml (RunModel)" time="0.01" />
  <testcase classname="ptolemy.util.test.junit.AutoTests" name="[36] /home/travis/build/icyphy/ptII/ptolemy/domains/de/test/auto/Modal1.xml (RunModel)" time="0.028" />
  <testcase classname="ptolemy.util.test.junit.AutoTests" name="[37] /home/travis/build/icyphy/ptII/ptolemy/domains/de/test/auto/Modal2.xml (RunModel)" time="0.026" />
  <testcase classname="ptolemy.util.test.junit.AutoTests" name="[38] /home/travis/build/icyphy/ptII/ptolemy/domains/de/test/auto/Modal3.xml (RunModel)" time="0.028" />
  <testcase classname="ptolemy.util.test.junit.AutoTests" name="[39] /home/travis/build/icyphy/ptII/ptolemy/domains/de/test/auto/Modal4.xml (RunModel)" time="0.027" />
  <testcase classname="ptolemy.util.test.junit.AutoTests" name="[40] /home/travis/build/icyphy/ptII/ptolemy/domains/de/test/auto/Modal5.xml (RunModel)" time="0.029" />
  <testcase classname="ptolemy.util.test.junit.AutoTests" name="[41] /home/travis/build/icyphy/ptII/ptolemy/domains/de/test/auto/Modal6.xml (RunModel)" time="0.025" />
  <testcase classname="ptolemy.util.test.junit.AutoTests" name="[42] /home/travis/build/icyphy/ptII/ptolemy/domains/de/test/auto/Modal7.xml (RunModel)" time="0.026" />
  <testcase classname="ptolemy.util.test.junit.AutoTests" name="[43] /home/travis/build/icyphy/ptII/ptolemy/domains/de/test/auto/ModalModel.xml (RunModel)" time="0.145" />
  <testcase classname="ptolemy.util.test.junit.AutoTests" name="[44] /home/travis/build/icyphy/ptII/ptolemy/domains/de/test/auto/ModalSource.xml (RunModel)" time="0.016" />
  <testcase classname="ptolemy.util.test.junit.AutoTests" name="[45] /home/travis/build/icyphy/ptII/ptolemy/domains/de/test/auto/NonInterruptibleTimerZeroDelay.xml (RunModel)" time="0.008" />
  <testcase classname="ptolemy.util.test.junit.AutoTests" name="[46] /home/travis/build/icyphy/ptII/ptolemy/domains/de/test/auto/OpenQueueingNetwork.xml (RunModel)" time="2.4" />
  <testcase classname="ptolemy.util.test.junit.AutoTests" name="[47] /home/travis/build/icyphy/ptII/ptolemy/domains/de/test/auto/OpenQueuingNetwork.xml (RunModel)" time="0.286" />
  <testcase classname="ptolemy.util.test.junit.AutoTests" name="[48] /home/travis/build/icyphy/ptII/ptolemy/domains/de/test/auto/PeriodicSampler.xml (RunModel)" time="0.008" />
  <testcase classname="ptolemy.util.test.junit.AutoTests" name="[49] /home/travis/build/icyphy/ptII/ptolemy/domains/de/test/auto/PersistentIO.xml (RunModel)" time="0.019" />
  <testcase classname="ptolemy.util.test.junit.AutoTests" name="[50] /home/travis/build/icyphy/ptII/ptolemy/domains/de/test/auto/PortParameterResetOnInitialize.xml (RunModel)" time="0.01" />
  <testcase classname="ptolemy.util.test.junit.AutoTests" name="[51] /home/travis/build/icyphy/ptII/ptolemy/domains/de/test/auto/PortParameterUpdates.xml (RunModel)" time="0.014" />
  <testcase classname="ptolemy.util.test.junit.AutoTests" name="[52] /home/travis/build/icyphy/ptII/ptolemy/domains/de/test/auto/QueueAndServer.xml (RunModel)" time="0.022" />
  <testcase classname="ptolemy.util.test.junit.AutoTests" name="[53] /home/travis/build/icyphy/ptII/ptolemy/domains/de/test/auto/Records.xml (RunModel)" time="0.018" />
  <testcase classname="ptolemy.util.test.junit.AutoTests" name="[54] /home/travis/build/icyphy/ptII/ptolemy/domains/de/test/auto/ResetTransitionWithStartTime1.xml (RunModel)" time="0.016" />
  <testcase classname="ptolemy.util.test.junit.AutoTests" name="[55] /home/travis/build/icyphy/ptII/ptolemy/domains/de/test/auto/ResetTransitionWithStartTime2.xml (RunModel)" time="0.017" />
  <testcase classname="ptolemy.util.test.junit.AutoTests" name="[56] /home/travis/build/icyphy/ptII/ptolemy/domains/de/test/auto/ResetTransitionWithStartTime3.xml (RunModel)" time="0.017" />
  <testcase classname="ptolemy.util.test.junit.AutoTests" name="[57] /home/travis/build/icyphy/ptII/ptolemy/domains/de/test/auto/ResetTransitionWithStartTime4.xml (RunModel)" time="0.018" />
  <testcase classname="ptolemy.util.test.junit.AutoTests" name="[58] /home/travis/build/icyphy/ptII/ptolemy/domains/de/test/auto/ResettableTimer1.xml (RunModel)" time="0.011" />
  <testcase classname="ptolemy.util.test.junit.AutoTests" name="[59] /home/travis/build/icyphy/ptII/ptolemy/domains/de/test/auto/ResettableTimer2.xml (RunModel)" time="0.009" />
  <testcase classname="ptolemy.util.test.junit.AutoTests" name="[60] /home/travis/build/icyphy/ptII/ptolemy/domains/de/test/auto/ResettableTimer3.xml (RunModel)" time="0.008" />
  <testcase classname="ptolemy.util.test.junit.AutoTests" name="[61] /home/travis/build/icyphy/ptII/ptolemy/domains/de/test/auto/ResettableTimer4.xml (RunModel)" time="0.01" />
  <testcase classname="ptolemy.util.test.junit.AutoTests" name="[62] /home/travis/build/icyphy/ptII/ptolemy/domains/de/test/auto/ResettableTimer5.xml (RunModel)" time="0.009" />
  <testcase classname="ptolemy.util.test.junit.AutoTests" name="[63] /home/travis/build/icyphy/ptII/ptolemy/domains/de/test/auto/ResettableTimer6.xml (RunModel)" time="0.019" />
  <testcase classname="ptolemy.util.test.junit.AutoTests" name="[64] /home/travis/build/icyphy/ptII/ptolemy/domains/de/test/auto/ServerZeroDelay.xml (RunModel)" time="0.01" />
  <testcase classname="ptolemy.util.test.junit.AutoTests" name="[65] /home/travis/build/icyphy/ptII/ptolemy/domains/de/test/auto/SmartSender.xml (RunModel)" time="3.015" />
  <testcase classname="ptolemy.util.test.junit.AutoTests" name="[66] /home/travis/build/icyphy/ptII/ptolemy/domains/de/test/auto/ThreadedComposite.xml (RunModel)" time="0.178" />
  <testcase classname="ptolemy.util.test.junit.AutoTests" name="[67] /home/travis/build/icyphy/ptII/ptolemy/domains/de/test/auto/Time.xml (RunModel)" time="0.413" />
  <testcase classname="ptolemy.util.test.junit.AutoTests" name="[68] /home/travis/build/icyphy/ptII/ptolemy/domains/de/test/auto/TimeDelayZeroDelay.xml (RunModel)" time="0.01" />
  <testcase classname="ptolemy.util.test.junit.AutoTests" name="[69] /home/travis/build/icyphy/ptII/ptolemy/domains/de/test/auto/TimerZeroDelay.xml (RunModel)" time="0.011" />
  <testcase classname="ptolemy.util.test.junit.AutoTests" name="[70] /home/travis/build/icyphy/ptII/ptolemy/domains/de/test/auto/TimingParadox.xml (RunModel)" time="0.364" />
  <testcase classname="ptolemy.util.test.junit.AutoTests" name="[71] /home/travis/build/icyphy/ptII/ptolemy/domains/de/test/auto/TransferInputs.xml (RunModel)" time="0.024" />
  <testcase classname="ptolemy.util.test.junit.AutoTests" name="[72] /home/travis/build/icyphy/ptII/ptolemy/domains/de/test/auto/TransferOutputs2.xml (RunModel)" time="0.016" />
  <testcase classname="ptolemy.util.test.junit.AutoTests" name="[73] /home/travis/build/icyphy/ptII/ptolemy/domains/de/test/auto/Trilateration.xml (RunModel)" time="11.291" />
  <testcase classname="ptolemy.util.test.junit.AutoTests" name="[74] /home/travis/build/icyphy/ptII/ptolemy/domains/de/test/auto/TwoSigmaDelta.xml (RunModel)" time="2.214" />
  <testcase classname="ptolemy.util.test.junit.AutoTests" name="[75] /home/travis/build/icyphy/ptII/ptolemy/domains/de/test/auto/VariableDelay.xml (RunModel)" time="0.01" />
  <testcase classname="ptolemy.util.test.junit.AutoTests" name="[76] /home/travis/build/icyphy/ptII/ptolemy/domains/de/test/auto/VariableDelay2.xml (RunModel)" time="0.008" />
  <testcase classname="ptolemy.util.test.junit.AutoTests" name="[77] /home/travis/build/icyphy/ptII/ptolemy/domains/de/test/auto/VariableDelayZeroDelay.xml (RunModel)" time="0.01" />
  <testcase classname="ptolemy.util.test.junit.AutoTests" name="[78] /home/travis/build/icyphy/ptII/ptolemy/domains/de/test/auto/VariableDelayZeroDelay2.xml (RunModel)" time="0.009" />
  <testcase classname="ptolemy.util.test.junit.AutoTests" name="[79] /home/travis/build/icyphy/ptII/ptolemy/domains/de/test/auto/deInCt.xml (RunModel)" time="0.017" />
  <testcase classname="ptolemy.util.test.junit.AutoTests" name="[80] /home/travis/build/icyphy/ptII/ptolemy/domains/de/test/auto/deInCt2.xml (RunModel)" time="0.014" />
  <testcase classname="ptolemy.util.test.junit.AutoTests" name="[81] /home/travis/build/icyphy/ptII/ptolemy/domains/de/test/auto/dynamicCausalityInterface1.xml (RunModel)" time="0.016" />
  <testcase classname="ptolemy.util.test.junit.AutoTests" name="[82] /home/travis/build/icyphy/ptII/ptolemy/domains/de/test/auto/fsm_de_test.xml (RunModel)" time="0.019" />
  <testcase classname="ptolemy.util.test.junit.AutoTests" name="[83] /home/travis/build/icyphy/ptII/ptolemy/domains/de/test/auto/functionDependencyReconstruction.xml (RunModel)" time="0.028" />
  <testcase classname="ptolemy.util.test.junit.AutoTests" name="[84] /home/travis/build/icyphy/ptII/ptolemy/domains/de/test/auto/multirate.xml (RunModel)" time="0.014" />
  <testcase classname="ptolemy.util.test.junit.AutoTests" name="[85] /home/travis/build/icyphy/ptII/ptolemy/domains/de/test/auto/multirate2.xml (RunModel)" time="0.013" />
  <testcase classname="ptolemy.util.test.junit.AutoTests" name="[86] /home/travis/build/icyphy/ptII/ptolemy/domains/de/test/auto/realtime.xml (RunModel)" time="10.01" />
  <testcase classname="ptolemy.util.test.junit.AutoTests" name="[87] /home/travis/build/icyphy/ptII/ptolemy/domains/de/test/auto/relationGroup.xml (RunModel)" time="0.008" />
  <testcase classname="ptolemy.util.test.junit.AutoTests" name="[88] /home/travis/build/icyphy/ptII/ptolemy/domains/de/test/auto/relationGroup2.xml (RunModel)" time="0.007" />
  <testcase classname="ptolemy.util.test.junit.AutoTests" name="[89] /home/travis/build/icyphy/ptII/ptolemy/domains/de/test/auto/sortWithOpaquePorts.xml (RunModel)" time="0.008" />
  <testcase classname="ptolemy.util.test.junit.AutoTests" name="[90] /home/travis/build/icyphy/ptII/ptolemy/domains/de/test/auto/transferInputsandOutputs.xml (RunModel)" time="0.016" />
  <testcase classname="ptolemy.util.test.junit.AutoTests" name="[91] /home/travis/build/icyphy/ptII/ptolemy/domains/de/test/auto/triggerType.xml (RunModel)" time="0.009" />
  <system-out><![CDATA[/home/travis/build/icyphy/ptII/ptolemy/domains/de/test/DependencyLoop.tcl
testDefs.tcl: setting time out to 9000 seconds at Mon Apr 01 03:54:21 UTC 2019
24 ms. Memory: 116224K Free: 97681K (84%)
35 ms. Memory: 146944K Free: 141178K (96%)
/home/travis/build/icyphy/ptII/ptolemy/domains/de/test/RunDETestsAsQSS.tcl
Run the DE tests using ptolemy.domains.qss.test.QSSDirectorTest, which extends QSSDirector and prints a message in the constructors.
------------------ testing $PTII/ptolemy/domains/de/test/auto/knownFailedTests/dependencyLoop.xml (Known Failure) 
9 ms. Memory: 146944K Free: 136533K (93%)


==== $PTIIhome/travis/build/icyphy/ptII/ptolemy/domains/de/test/../../../../: Auto Automatic test in file $PTII/ptolemy/domains/de/test/auto/knownFailedTests/dependencyLoop.xml
==== Contents of test case:

	    # FIXME: we should use $relativeFilename here, but it
	    # might have backslashes under Windows, which causes no end
	    # of trouble.
	    createAndExecute $file
	    list {}
	
.... Test generated KNOWN error:
    while executing
ptolemy.kernel.util.IllegalActionException: Found a zero delay loop containing .dependencyLoop.original
  in .dependencyLoop and .dependencyLoop.original
	at ptolemy.actor.util.CausalityInterfaceForComposites._computeOutputPortDepth(CausalityInterfaceForComposites.java:759)
	at ptolemy.actor.util.CausalityInterfaceForComposites._computeInputDepth(CausalityInterfaceForComposites.java:696)
	at ptolemy.actor.util.CausalityInterfaceForComposites._computeOutputPortDepth(CausalityInterfaceForComposites.java:765)
	at ptolemy.actor.util.CausalityInterfaceForComposites._computeInputDepth(CausalityInterfaceForComposites.java:696)
	at ptolemy.actor.util.CausalityInterfaceForComposites._computeOutputPortDepth(CausalityInterfaceForComposites.java:765)
	at ptolemy.actor.util.CausalityInterfaceForComposites._computeInputDepth(CausalityInterfaceForComposites.java:696)
	at ptolemy.actor.util.CausalityInterfaceForComposites._computeActorDepth(CausalityInterfaceForComposites.java:532)
	at ptolemy.actor.util.CausalityInterfaceForComposites.checkForCycles(CausalityInterfaceForComposites.java:96)
	at ptolemy.domains.de.kernel.DEDirector.preinitialize(DEDirector.java:1338)
	at ptolemy.actor.CompositeActor.preinitialize(CompositeActor.java:1828)
	at ptolemy.actor.Manager.preinitializeAndResolveTypes(Manager.java:1040)
	at ptolemy.actor.Manager.initialize(Manager.java:710)
	at ptolemy.actor.Manager.execute(Manager.java:356)
	at ptolemy.actor.Manager.run(Manager.java:1263)
	at ptolemy.actor.Manager$PtolemyRunThread.run(Manager.java:1915)

    while executing
ptolemy.kernel.util.IllegalActionException: Found a zero delay loop containing .dependencyLoop.original
  in .dependencyLoop and .dependencyLoop.original
    while executing
"java::new ptolemy.moml.MoMLSimpleApplication $file
"
    (procedure "createAndExecute" line 2)
    invoked from within
"createAndExecute $file"
    ("uplevel" body line 5)
    invoked from within
"uplevel $contents_of_test"
------------------ testing $PTII/ptolemy/domains/de/test/auto/knownFailedTests/DESDFClockTest.xml (Known Failure) 
2086 ms. Memory: 146944K Free: 121375K (83%)


==== $PTIIhome/travis/build/icyphy/ptII/ptolemy/domains/de/test/../../../../: Auto Automatic test in file $PTII/ptolemy/domains/de/test/auto/knownFailedTests/DESDFClockTest.xml
==== Contents of test case:

	    # FIXME: we should use $relativeFilename here, but it
	    # might have backslashes under Windows, which causes no end
	    # of trouble.
	    createAndExecute $file
	    list {}
	
.... Test generated KNOWN error:
    while executing
ptolemy.kernel.util.IllegalActionException: Actor is not ready to fire.  Perhaps UpSample.prefire() returned false? Try debugging the actor by selecting "Listen to Actor".  Also, for SDF check moml for tokenConsumptionRate on input.
  in .DESDFClockTest.Play Bell.Copy1:SDF Director and .DESDFClockTest.Play Bell.UpSample
	at ptolemy.actor.sched.StaticSchedulingDirector.fire(StaticSchedulingDirector.java:227)
	at ptolemy.domains.sdf.kernel.SDFDirector.fire(SDFDirector.java:500)
	at ptolemy.actor.CompositeActor.fire(CompositeActor.java:455)
	at ptolemy.domains.de.kernel.DEDirector._fire(DEDirector.java:1949)
	at ptolemy.domains.de.kernel.DEDirector.fire(DEDirector.java:502)
	at ptolemy.actor.CompositeActor.fire(CompositeActor.java:455)
	at ptolemy.actor.Manager.iterate(Manager.java:851)
	at ptolemy.actor.Manager.execute(Manager.java:369)
	at ptolemy.actor.Manager.run(Manager.java:1263)
	at ptolemy.actor.Manager$PtolemyRunThread.run(Manager.java:1915)

    while executing
ptolemy.kernel.util.IllegalActionException: Actor is not ready to fire.  Perhaps UpSample.prefire() returned false? Try debugging the actor by selecting "Listen to Actor".  Also, for SDF check moml for tokenConsumptionRate on input.
  in .DESDFClockTest.Play Bell.Copy1:SDF Director and .DESDFClockTest.Play Bell.UpSample
    while executing
"java::new ptolemy.moml.MoMLSimpleApplication $file
"
    (procedure "createAndExecute" line 2)
    invoked from within
"createAndExecute $file"
    ("uplevel" body line 5)
    invoked from within
"uplevel $contents_of_test"
------------------ testing $PTII/ptolemy/domains/de/test/auto/knownFailedTests/FSMSource.xml (Known Failure) 
21 ms. Memory: 146944K Free: 112535K (77%)
!!!! Auto was marked as failing, but now passes
------------------ testing $PTII/ptolemy/domains/de/test/auto/knownFailedTests/dependencyLoop2.xml (Known Failure) 
5 ms. Memory: 146944K Free: 110652K (75%)


==== $PTIIhome/travis/build/icyphy/ptII/ptolemy/domains/de/test/../../../../: Auto Automatic test in file $PTII/ptolemy/domains/de/test/auto/knownFailedTests/dependencyLoop2.xml
==== Contents of test case:

	    # FIXME: we should use $relativeFilename here, but it
	    # might have backslashes under Windows, which causes no end
	    # of trouble.
	    createAndExecute $file
	    list {}
	
.... Test generated KNOWN error:
    while executing
ptolemy.kernel.util.IllegalActionException: Found a zero delay loop containing .dependencyLoop2.original
  in .dependencyLoop2 and .dependencyLoop2.original
	at ptolemy.actor.util.CausalityInterfaceForComposites._computeOutputPortDepth(CausalityInterfaceForComposites.java:759)
	at ptolemy.actor.util.CausalityInterfaceForComposites._computeInputDepth(CausalityInterfaceForComposites.java:696)
	at ptolemy.actor.util.CausalityInterfaceForComposites._computeOutputPortDepth(CausalityInterfaceForComposites.java:765)
	at ptolemy.actor.util.CausalityInterfaceForComposites._computeInputDepth(CausalityInterfaceForComposites.java:696)
	at ptolemy.actor.util.CausalityInterfaceForComposites._computeOutputPortDepth(CausalityInterfaceForComposites.java:765)
	at ptolemy.actor.util.CausalityInterfaceForComposites._computeInputDepth(CausalityInterfaceForComposites.java:696)
	at ptolemy.actor.util.CausalityInterfaceForComposites._computeActorDepth(CausalityInterfaceForComposites.java:532)
	at ptolemy.actor.util.CausalityInterfaceForComposites.checkForCycles(CausalityInterfaceForComposites.java:96)
	at ptolemy.domains.de.kernel.DEDirector.preinitialize(DEDirector.java:1338)
	at ptolemy.actor.CompositeActor.preinitialize(CompositeActor.java:1828)
	at ptolemy.actor.Manager.preinitializeAndResolveTypes(Manager.java:1040)
	at ptolemy.actor.Manager.initialize(Manager.java:710)
	at ptolemy.actor.Manager.execute(Manager.java:356)
	at ptolemy.actor.Manager.run(Manager.java:1263)
	at ptolemy.actor.Manager$PtolemyRunThread.run(Manager.java:1915)

    while executing
ptolemy.kernel.util.IllegalActionException: Found a zero delay loop containing .dependencyLoop2.original
  in .dependencyLoop2 and .dependencyLoop2.original
    while executing
"java::new ptolemy.moml.MoMLSimpleApplication $file
"
    (procedure "createAndExecute" line 2)
    invoked from within
"createAndExecute $file"
    ("uplevel" body line 5)
    invoked from within
"uplevel $contents_of_test"
------------------ testing $PTII/ptolemy/domains/de/test/auto/knownFailedTests/HierarchicalModel.xml (Known Failure) 
5 ms. Memory: 146944K Free: 90492K (62%)


==== $PTIIhome/travis/build/icyphy/ptII/ptolemy/domains/de/test/../../../../: Auto Automatic test in file $PTII/ptolemy/domains/de/test/auto/knownFailedTests/HierarchicalModel.xml
==== Contents of test case:

	    # FIXME: we should use $relativeFilename here, but it
	    # might have backslashes under Windows, which causes no end
	    # of trouble.
	    createAndExecute $file
	    list {}
	
.... Test generated KNOWN error:
    while executing
ptolemy.kernel.util.IllegalActionException: Found a zero delay loop containing .HierarchicalModel.A
  in .HierarchicalModel and .HierarchicalModel.A
	at ptolemy.actor.util.CausalityInterfaceForComposites._computeOutputPortDepth(CausalityInterfaceForComposites.java:759)
	at ptolemy.actor.util.CausalityInterfaceForComposites._computeInputDepth(CausalityInterfaceForComposites.java:696)
	at ptolemy.actor.util.CausalityInterfaceForComposites._computeOutputPortDepth(CausalityInterfaceForComposites.java:765)
	at ptolemy.actor.util.CausalityInterfaceForComposites._computeInputDepth(CausalityInterfaceForComposites.java:696)
	at ptolemy.actor.util.CausalityInterfaceForComposites._computeOutputPortDepth(CausalityInterfaceForComposites.java:765)
	at ptolemy.actor.util.CausalityInterfaceForComposites._computeInputDepth(CausalityInterfaceForComposites.java:696)
	at ptolemy.actor.util.CausalityInterfaceForComposites._computeActorDepth(CausalityInterfaceForComposites.java:532)
	at ptolemy.actor.util.CausalityInterfaceForComposites.checkForCycles(CausalityInterfaceForComposites.java:96)
	at ptolemy.domains.de.kernel.DEDirector.preinitialize(DEDirector.java:1338)
	at ptolemy.actor.CompositeActor.preinitialize(CompositeActor.java:1828)
	at ptolemy.actor.Manager.preinitializeAndResolveTypes(Manager.java:1040)
	at ptolemy.actor.Manager.initialize(Manager.java:710)
	at ptolemy.actor.Manager.execute(Manager.java:356)
	at ptolemy.actor.Manager.run(Manager.java:1263)
	at ptolemy.actor.Manager$PtolemyRunThread.run(Manager.java:1915)

    while executing
ptolemy.kernel.util.IllegalActionException: Found a zero delay loop containing .HierarchicalModel.A
  in .HierarchicalModel and .HierarchicalModel.A
    while executing
"java::new ptolemy.moml.MoMLSimpleApplication $file
"
    (procedure "createAndExecute" line 2)
    invoked from within
"createAndExecute $file"
    ("uplevel" body line 5)
    invoked from within
"uplevel $contents_of_test"
------------------ testing $PTII/ptolemy/domains/de/test/auto/knownFailedTests/DirectFeedback.xml (Known Failure) 
5 ms. Memory: 146944K Free: 86367K (59%)


==== $PTIIhome/travis/build/icyphy/ptII/ptolemy/domains/de/test/../../../../: Auto Automatic test in file $PTII/ptolemy/domains/de/test/auto/knownFailedTests/DirectFeedback.xml
==== Contents of test case:

	    # FIXME: we should use $relativeFilename here, but it
	    # might have backslashes under Windows, which causes no end
	    # of trouble.
	    createAndExecute $file
	    list {}
	
.... Test generated KNOWN error:
    while executing
ptolemy.kernel.util.IllegalActionException: Test fails in iteration 1.
Value was: 1.0. Should have been: 2.0
  in .DirectFeedback.Test
	at ptolemy.actor.lib.Test.fire(Test.java:268)
	at ptolemy.domains.de.kernel.DEDirector._fire(DEDirector.java:1949)
	at ptolemy.domains.de.kernel.DEDirector.fire(DEDirector.java:502)
	at ptolemy.actor.CompositeActor.fire(CompositeActor.java:455)
	at ptolemy.actor.Manager.iterate(Manager.java:851)
	at ptolemy.actor.Manager.execute(Manager.java:369)
	at ptolemy.actor.Manager.run(Manager.java:1263)
	at ptolemy.actor.Manager$PtolemyRunThread.run(Manager.java:1915)

    while executing
ptolemy.kernel.util.IllegalActionException: Test fails in iteration 1.
Value was: 1.0. Should have been: 2.0
  in .DirectFeedback.Test
    while executing
"java::new ptolemy.moml.MoMLSimpleApplication $file
"
    (procedure "createAndExecute" line 2)
    invoked from within
"createAndExecute $file"
    ("uplevel" body line 5)
    invoked from within
"uplevel $contents_of_test"
------------------ testing $PTII/ptolemy/domains/de/test/auto/ActorDepthCalculation_actorWithoutPorts.xml
auto.tcl: Setting watchdog for 200 seconds at Mon Apr 01 03:54:25 UTC 2019
4 ms. Memory: 146944K Free: 138692K (94%)
ptolemy.util.test.WatchDog.cancel(): canceling Mon Apr 01 03:54:25 UTC 2019
auto.tcl: Setting watchdog for 200 seconds at Mon Apr 01 03:54:25 UTC 2019
5 ms. Memory: 146944K Free: 137662K (94%)
ptolemy.util.test.WatchDog.cancel(): canceling Mon Apr 01 03:54:25 UTC 2019
------------------ testing $PTII/ptolemy/domains/de/test/auto/AssemblyLine.xml
auto.tcl: Setting watchdog for 200 seconds at Mon Apr 01 03:54:25 UTC 2019
27 ms. Memory: 208384K Free: 183451K (88%)
ptolemy.util.test.WatchDog.cancel(): canceling Mon Apr 01 03:54:25 UTC 2019
auto.tcl: Setting watchdog for 200 seconds at Mon Apr 01 03:54:25 UTC 2019
14 ms. Memory: 208384K Free: 183451K (88%)
ptolemy.util.test.WatchDog.cancel(): canceling Mon Apr 01 03:54:25 UTC 2019
------------------ testing $PTII/ptolemy/domains/de/test/auto/CQBug1.xml
auto.tcl: Setting watchdog for 200 seconds at Mon Apr 01 03:54:26 UTC 2019
3 ms. Memory: 208384K Free: 197933K (95%)
ptolemy.util.test.WatchDog.cancel(): canceling Mon Apr 01 03:54:26 UTC 2019
auto.tcl: Setting watchdog for 200 seconds at Mon Apr 01 03:54:26 UTC 2019
2 ms. Memory: 208384K Free: 197933K (95%)
ptolemy.util.test.WatchDog.cancel(): canceling Mon Apr 01 03:54:26 UTC 2019
------------------ testing $PTII/ptolemy/domains/de/test/auto/CancelFireAt.xml
auto.tcl: Setting watchdog for 200 seconds at Mon Apr 01 03:54:26 UTC 2019
7 ms. Memory: 208384K Free: 201581K (97%)
ptolemy.util.test.WatchDog.cancel(): canceling Mon Apr 01 03:54:26 UTC 2019
auto.tcl: Setting watchdog for 200 seconds at Mon Apr 01 03:54:26 UTC 2019
4 ms. Memory: 208384K Free: 199552K (96%)
ptolemy.util.test.WatchDog.cancel(): canceling Mon Apr 01 03:54:26 UTC 2019
------------------ testing $PTII/ptolemy/domains/de/test/auto/CausalityAndComposabilityAnalysis.xml
auto.tcl: Setting watchdog for 200 seconds at Mon Apr 01 03:54:26 UTC 2019
9 ms. Memory: 208384K Free: 199150K (96%)
ptolemy.util.test.WatchDog.cancel(): canceling Mon Apr 01 03:54:26 UTC 2019
auto.tcl: Setting watchdog for 200 seconds at Mon Apr 01 03:54:26 UTC 2019
10 ms. Memory: 208384K Free: 197121K (95%)
ptolemy.util.test.WatchDog.cancel(): canceling Mon Apr 01 03:54:26 UTC 2019
------------------ testing $PTII/ptolemy/domains/de/test/auto/CausalityInterface1.xml
auto.tcl: Setting watchdog for 200 seconds at Mon Apr 01 03:54:26 UTC 2019
9 ms. Memory: 208384K Free: 196538K (94%)
ptolemy.util.test.WatchDog.cancel(): canceling Mon Apr 01 03:54:26 UTC 2019
auto.tcl: Setting watchdog for 200 seconds at Mon Apr 01 03:54:26 UTC 2019
8 ms. Memory: 208384K Free: 196538K (94%)
ptolemy.util.test.WatchDog.cancel(): canceling Mon Apr 01 03:54:26 UTC 2019
------------------ testing $PTII/ptolemy/domains/de/test/auto/CausalityInterface15.xml
auto.tcl: Setting watchdog for 200 seconds at Mon Apr 01 03:54:26 UTC 2019
4 ms. Memory: 208384K Free: 196496K (94%)
ptolemy.util.test.WatchDog.cancel(): canceling Mon Apr 01 03:54:26 UTC 2019
auto.tcl: Setting watchdog for 200 seconds at Mon Apr 01 03:54:26 UTC 2019
7 ms. Memory: 208384K Free: 196496K (94%)
ptolemy.util.test.WatchDog.cancel(): canceling Mon Apr 01 03:54:26 UTC 2019
------------------ testing $PTII/ptolemy/domains/de/test/auto/CausalityInterface2.xml
auto.tcl: Setting watchdog for 200 seconds at Mon Apr 01 03:54:26 UTC 2019
7 ms. Memory: 208384K Free: 196512K (94%)
ptolemy.util.test.WatchDog.cancel(): canceling Mon Apr 01 03:54:26 UTC 2019
auto.tcl: Setting watchdog for 200 seconds at Mon Apr 01 03:54:26 UTC 2019
3 ms. Memory: 208384K Free: 196512K (94%)
ptolemy.util.test.WatchDog.cancel(): canceling Mon Apr 01 03:54:26 UTC 2019
------------------ testing $PTII/ptolemy/domains/de/test/auto/CausalityInterface3.xml
auto.tcl: Setting watchdog for 200 seconds at Mon Apr 01 03:54:26 UTC 2019
6 ms. Memory: 208384K Free: 197043K (95%)
ptolemy.util.test.WatchDog.cancel(): canceling Mon Apr 01 03:54:26 UTC 2019
auto.tcl: Setting watchdog for 200 seconds at Mon Apr 01 03:54:26 UTC 2019
8 ms. Memory: 208384K Free: 196524K (94%)
ptolemy.util.test.WatchDog.cancel(): canceling Mon Apr 01 03:54:26 UTC 2019
------------------ testing $PTII/ptolemy/domains/de/test/auto/ClockDrift.xml
auto.tcl: Setting watchdog for 200 seconds at Mon Apr 01 03:54:26 UTC 2019
72 ms. Memory: 208384K Free: 187969K (90%)
ptolemy.util.test.WatchDog.cancel(): canceling Mon Apr 01 03:54:26 UTC 2019
auto.tcl: Setting watchdog for 200 seconds at Mon Apr 01 03:54:26 UTC 2019
48 ms. Memory: 208384K Free: 185940K (89%)
ptolemy.util.test.WatchDog.cancel(): canceling Mon Apr 01 03:54:26 UTC 2019
------------------ testing $PTII/ptolemy/domains/de/test/auto/ClockDriftAndValueChange.xml
auto.tcl: Setting watchdog for 200 seconds at Mon Apr 01 03:54:27 UTC 2019
57 ms. Memory: 208384K Free: 187806K (90%)
ptolemy.util.test.WatchDog.cancel(): canceling Mon Apr 01 03:54:27 UTC 2019
auto.tcl: Setting watchdog for 200 seconds at Mon Apr 01 03:54:27 UTC 2019
22 ms. Memory: 208384K Free: 185777K (89%)
ptolemy.util.test.WatchDog.cancel(): canceling Mon Apr 01 03:54:27 UTC 2019
------------------ testing $PTII/ptolemy/domains/de/test/auto/ClockDriftChange.xml
auto.tcl: Setting watchdog for 200 seconds at Mon Apr 01 03:54:27 UTC 2019
36 ms. Memory: 208384K Free: 191058K (92%)
ptolemy.util.test.WatchDog.cancel(): canceling Mon Apr 01 03:54:27 UTC 2019
auto.tcl: Setting watchdog for 200 seconds at Mon Apr 01 03:54:27 UTC 2019
19 ms. Memory: 208384K Free: 189029K (91%)
ptolemy.util.test.WatchDog.cancel(): canceling Mon Apr 01 03:54:27 UTC 2019
------------------ testing $PTII/ptolemy/domains/de/test/auto/ComposableCausalityAnalysis.xml
auto.tcl: Setting watchdog for 200 seconds at Mon Apr 01 03:54:27 UTC 2019
2 ms. Memory: 208384K Free: 196380K (94%)
ptolemy.util.test.WatchDog.cancel(): canceling Mon Apr 01 03:54:27 UTC 2019
auto.tcl: Setting watchdog for 200 seconds at Mon Apr 01 03:54:27 UTC 2019
1 ms. Memory: 208384K Free: 194351K (93%)
ptolemy.util.test.WatchDog.cancel(): canceling Mon Apr 01 03:54:27 UTC 2019
------------------ testing $PTII/ptolemy/domains/de/test/auto/DEFixedPointLimitation.xml
auto.tcl: Setting watchdog for 200 seconds at Mon Apr 01 03:54:27 UTC 2019
6 ms. Memory: 208384K Free: 196460K (94%)
ptolemy.util.test.WatchDog.cancel(): canceling Mon Apr 01 03:54:27 UTC 2019
auto.tcl: Setting watchdog for 200 seconds at Mon Apr 01 03:54:27 UTC 2019
1 ms. Memory: 208384K Free: 196460K (94%)
ptolemy.util.test.WatchDog.cancel(): canceling Mon Apr 01 03:54:27 UTC 2019
------------------ testing $PTII/ptolemy/domains/de/test/auto/DEScheduleTest.xml
auto.tcl: Setting watchdog for 200 seconds at Mon Apr 01 03:54:27 UTC 2019
5 ms. Memory: 208384K Free: 199043K (96%)
ptolemy.util.test.WatchDog.cancel(): canceling Mon Apr 01 03:54:27 UTC 2019
auto.tcl: Setting watchdog for 200 seconds at Mon Apr 01 03:54:27 UTC 2019
4 ms. Memory: 208384K Free: 196495K (94%)
ptolemy.util.test.WatchDog.cancel(): canceling Mon Apr 01 03:54:27 UTC 2019
------------------ testing $PTII/ptolemy/domains/de/test/auto/DEinDEwithStartTimes.xml
auto.tcl: Setting watchdog for 200 seconds at Mon Apr 01 03:54:27 UTC 2019
3 ms. Memory: 208384K Free: 196464K (94%)
ptolemy.util.test.WatchDog.cancel(): canceling Mon Apr 01 03:54:27 UTC 2019
auto.tcl: Setting watchdog for 200 seconds at Mon Apr 01 03:54:27 UTC 2019
3 ms. Memory: 208384K Free: 194435K (93%)
ptolemy.util.test.WatchDog.cancel(): canceling Mon Apr 01 03:54:27 UTC 2019
------------------ testing $PTII/ptolemy/domains/de/test/auto/DEinDEwithStartTimes2.xml
auto.tcl: Setting watchdog for 200 seconds at Mon Apr 01 03:54:27 UTC 2019
9 ms. Memory: 208384K Free: 196444K (94%)
ptolemy.util.test.WatchDog.cancel(): canceling Mon Apr 01 03:54:27 UTC 2019
auto.tcl: Setting watchdog for 200 seconds at Mon Apr 01 03:54:27 UTC 2019
7 ms. Memory: 208384K Free: 194415K (93%)
ptolemy.util.test.WatchDog.cancel(): canceling Mon Apr 01 03:54:27 UTC 2019
------------------ testing $PTII/ptolemy/domains/de/test/auto/DateDemo.xml
auto.tcl: Setting watchdog for 200 seconds at Mon Apr 01 03:54:27 UTC 2019
19 ms. Memory: 208384K Free: 189085K (91%)
ptolemy.util.test.WatchDog.cancel(): canceling Mon Apr 01 03:54:27 UTC 2019
auto.tcl: Setting watchdog for 200 seconds at Mon Apr 01 03:54:27 UTC 2019
6 ms. Memory: 208384K Free: 187056K (90%)
ptolemy.util.test.WatchDog.cancel(): canceling Mon Apr 01 03:54:27 UTC 2019
------------------ testing $PTII/ptolemy/domains/de/test/auto/DateToEvent.xml
auto.tcl: Setting watchdog for 200 seconds at Mon Apr 01 03:54:27 UTC 2019
2015 ms. Memory: 208384K Free: 184004K (88%)
ptolemy.util.test.WatchDog.cancel(): canceling Mon Apr 01 03:54:29 UTC 2019
auto.tcl: Setting watchdog for 200 seconds at Mon Apr 01 03:54:29 UTC 2019
2006 ms. Memory: 208384K Free: 181547K (87%)
ptolemy.util.test.WatchDog.cancel(): canceling Mon Apr 01 03:54:31 UTC 2019
------------------ testing $PTII/ptolemy/domains/de/test/auto/DepthTest1.xml
auto.tcl: Setting watchdog for 200 seconds at Mon Apr 01 03:54:32 UTC 2019
2 ms. Memory: 208384K Free: 198246K (95%)
ptolemy.util.test.WatchDog.cancel(): canceling Mon Apr 01 03:54:32 UTC 2019
auto.tcl: Setting watchdog for 200 seconds at Mon Apr 01 03:54:32 UTC 2019
2 ms. Memory: 208384K Free: 198246K (95%)
ptolemy.util.test.WatchDog.cancel(): canceling Mon Apr 01 03:54:32 UTC 2019
------------------ testing $PTII/ptolemy/domains/de/test/auto/DepthTest2.xml
auto.tcl: Setting watchdog for 200 seconds at Mon Apr 01 03:54:32 UTC 2019
4 ms. Memory: 208384K Free: 194067K (93%)
ptolemy.util.test.WatchDog.cancel(): canceling Mon Apr 01 03:54:32 UTC 2019
auto.tcl: Setting watchdog for 200 seconds at Mon Apr 01 03:54:32 UTC 2019
5 ms. Memory: 208384K Free: 194067K (93%)
ptolemy.util.test.WatchDog.cancel(): canceling Mon Apr 01 03:54:32 UTC 2019
------------------ testing $PTII/ptolemy/domains/de/test/auto/DepthTest3.xml
auto.tcl: Setting watchdog for 200 seconds at Mon Apr 01 03:54:32 UTC 2019
7 ms. Memory: 208384K Free: 198060K (95%)
ptolemy.util.test.WatchDog.cancel(): canceling Mon Apr 01 03:54:32 UTC 2019
auto.tcl: Setting watchdog for 200 seconds at Mon Apr 01 03:54:32 UTC 2019
2 ms. Memory: 208384K Free: 198060K (95%)
ptolemy.util.test.WatchDog.cancel(): canceling Mon Apr 01 03:54:32 UTC 2019
------------------ testing $PTII/ptolemy/domains/de/test/auto/DepthTest4.xml
auto.tcl: Setting watchdog for 200 seconds at Mon Apr 01 03:54:32 UTC 2019
9 ms. Memory: 208384K Free: 196118K (94%)
ptolemy.util.test.WatchDog.cancel(): canceling Mon Apr 01 03:54:32 UTC 2019
auto.tcl: Setting watchdog for 200 seconds at Mon Apr 01 03:54:32 UTC 2019
2 ms. Memory: 208384K Free: 196118K (94%)
ptolemy.util.test.WatchDog.cancel(): canceling Mon Apr 01 03:54:32 UTC 2019
------------------ testing $PTII/ptolemy/domains/de/test/auto/DepthTest5.xml
auto.tcl: Setting watchdog for 200 seconds at Mon Apr 01 03:54:32 UTC 2019
3 ms. Memory: 208384K Free: 196584K (94%)
ptolemy.util.test.WatchDog.cancel(): canceling Mon Apr 01 03:54:32 UTC 2019
auto.tcl: Setting watchdog for 200 seconds at Mon Apr 01 03:54:32 UTC 2019
2 ms. Memory: 208384K Free: 196584K (94%)
ptolemy.util.test.WatchDog.cancel(): canceling Mon Apr 01 03:54:32 UTC 2019
------------------ testing $PTII/ptolemy/domains/de/test/auto/DepthTest6.xml
auto.tcl: Setting watchdog for 200 seconds at Mon Apr 01 03:54:32 UTC 2019
7 ms. Memory: 208384K Free: 196041K (94%)
ptolemy.util.test.WatchDog.cancel(): canceling Mon Apr 01 03:54:32 UTC 2019
auto.tcl: Setting watchdog for 200 seconds at Mon Apr 01 03:54:32 UTC 2019
2 ms. Memory: 208384K Free: 196041K (94%)
ptolemy.util.test.WatchDog.cancel(): canceling Mon Apr 01 03:54:32 UTC 2019
------------------ testing $PTII/ptolemy/domains/de/test/auto/DepthTest7.xml
auto.tcl: Setting watchdog for 200 seconds at Mon Apr 01 03:54:32 UTC 2019
3 ms. Memory: 208384K Free: 196022K (94%)
ptolemy.util.test.WatchDog.cancel(): canceling Mon Apr 01 03:54:32 UTC 2019
auto.tcl: Setting watchdog for 200 seconds at Mon Apr 01 03:54:32 UTC 2019
2 ms. Memory: 208384K Free: 196022K (94%)
ptolemy.util.test.WatchDog.cancel(): canceling Mon Apr 01 03:54:32 UTC 2019
------------------ testing $PTII/ptolemy/domains/de/test/auto/EventToDate.xml
auto.tcl: Setting watchdog for 200 seconds at Mon Apr 01 03:54:32 UTC 2019
3006 ms. Memory: 208384K Free: 185898K (89%)
ptolemy.util.test.WatchDog.cancel(): canceling Mon Apr 01 03:54:35 UTC 2019
auto.tcl: Setting watchdog for 200 seconds at Mon Apr 01 03:54:35 UTC 2019
3004 ms. Memory: 208384K Free: 185898K (89%)
ptolemy.util.test.WatchDog.cancel(): canceling Mon Apr 01 03:54:38 UTC 2019
------------------ testing $PTII/ptolemy/domains/de/test/auto/FSM1.xml
auto.tcl: Setting watchdog for 200 seconds at Mon Apr 01 03:54:38 UTC 2019
28 ms. Memory: 208384K Free: 189216K (91%)
ptolemy.util.test.WatchDog.cancel(): canceling Mon Apr 01 03:54:38 UTC 2019
auto.tcl: Setting watchdog for 200 seconds at Mon Apr 01 03:54:38 UTC 2019
16 ms. Memory: 208384K Free: 185158K (89%)
ptolemy.util.test.WatchDog.cancel(): canceling Mon Apr 01 03:54:38 UTC 2019
------------------ testing $PTII/ptolemy/domains/de/test/auto/FSM7.xml
auto.tcl: Setting watchdog for 200 seconds at Mon Apr 01 03:54:38 UTC 2019
24 ms. Memory: 208384K Free: 187390K (90%)
ptolemy.util.test.WatchDog.cancel(): canceling Mon Apr 01 03:54:38 UTC 2019
auto.tcl: Setting watchdog for 200 seconds at Mon Apr 01 03:54:38 UTC 2019
22 ms. Memory: 208384K Free: 185361K (89%)
ptolemy.util.test.WatchDog.cancel(): canceling Mon Apr 01 03:54:38 UTC 2019
------------------ testing $PTII/ptolemy/domains/de/test/auto/Inspection.xml
auto.tcl: Setting watchdog for 200 seconds at Mon Apr 01 03:54:38 UTC 2019
38 ms. Memory: 208384K Free: 188602K (91%)
ptolemy.util.test.WatchDog.cancel(): canceling Mon Apr 01 03:54:39 UTC 2019
auto.tcl: Setting watchdog for 200 seconds at Mon Apr 01 03:54:39 UTC 2019
30 ms. Memory: 208384K Free: 186573K (90%)
ptolemy.util.test.WatchDog.cancel(): canceling Mon Apr 01 03:54:39 UTC 2019
------------------ testing $PTII/ptolemy/domains/de/test/auto/Iteration.xml
auto.tcl: Setting watchdog for 200 seconds at Mon Apr 01 03:54:39 UTC 2019
17 ms. Memory: 208384K Free: 196346K (94%)
ptolemy.util.test.WatchDog.cancel(): canceling Mon Apr 01 03:54:39 UTC 2019
auto.tcl: Setting watchdog for 200 seconds at Mon Apr 01 03:54:39 UTC 2019
8 ms. Memory: 208384K Free: 194316K (93%)
ptolemy.util.test.WatchDog.cancel(): canceling Mon Apr 01 03:54:39 UTC 2019
------------------ testing $PTII/ptolemy/domains/de/test/auto/LineFault.xml
auto.tcl: Setting watchdog for 200 seconds at Mon Apr 01 03:54:39 UTC 2019
642 ms. Memory: 208384K Free: 200747K (96%)
ptolemy.util.test.WatchDog.cancel(): canceling Mon Apr 01 03:54:40 UTC 2019
auto.tcl: Setting watchdog for 200 seconds at Mon Apr 01 03:54:40 UTC 2019
615 ms. Memory: 208384K Free: 143676K (69%)
ptolemy.util.test.WatchDog.cancel(): canceling Mon Apr 01 03:54:40 UTC 2019
------------------ testing $PTII/ptolemy/domains/de/test/auto/MergeModel1Add.xml
auto.tcl: Setting watchdog for 200 seconds at Mon Apr 01 03:54:40 UTC 2019
30 ms. Memory: 331264K Free: 300616K (91%)
ptolemy.util.test.WatchDog.cancel(): canceling Mon Apr 01 03:54:40 UTC 2019
auto.tcl: Setting watchdog for 200 seconds at Mon Apr 01 03:54:40 UTC 2019
11 ms. Memory: 331264K Free: 300616K (91%)
ptolemy.util.test.WatchDog.cancel(): canceling Mon Apr 01 03:54:40 UTC 2019
------------------ testing $PTII/ptolemy/domains/de/test/auto/MergeModel2Add.xml
auto.tcl: Setting watchdog for 200 seconds at Mon Apr 01 03:54:41 UTC 2019
8 ms. Memory: 331264K Free: 305515K (92%)
ptolemy.util.test.WatchDog.cancel(): canceling Mon Apr 01 03:54:41 UTC 2019
auto.tcl: Setting watchdog for 200 seconds at Mon Apr 01 03:54:41 UTC 2019
7 ms. Memory: 331264K Free: 301969K (91%)
ptolemy.util.test.WatchDog.cancel(): canceling Mon Apr 01 03:54:41 UTC 2019
------------------ testing $PTII/ptolemy/domains/de/test/auto/MergeModel3Add.xml
auto.tcl: Setting watchdog for 200 seconds at Mon Apr 01 03:54:41 UTC 2019
11 ms. Memory: 331264K Free: 305494K (92%)
ptolemy.util.test.WatchDog.cancel(): canceling Mon Apr 01 03:54:41 UTC 2019
auto.tcl: Setting watchdog for 200 seconds at Mon Apr 01 03:54:41 UTC 2019
9 ms. Memory: 331264K Free: 301946K (91%)
ptolemy.util.test.WatchDog.cancel(): canceling Mon Apr 01 03:54:41 UTC 2019
------------------ testing $PTII/ptolemy/domains/de/test/auto/MergeWithoutDiscard.xml
auto.tcl: Setting watchdog for 200 seconds at Mon Apr 01 03:54:41 UTC 2019
4 ms. Memory: 331264K Free: 316159K (95%)
ptolemy.util.test.WatchDog.cancel(): canceling Mon Apr 01 03:54:41 UTC 2019
auto.tcl: Setting watchdog for 200 seconds at Mon Apr 01 03:54:41 UTC 2019
2 ms. Memory: 331264K Free: 316159K (95%)
ptolemy.util.test.WatchDog.cancel(): canceling Mon Apr 01 03:54:41 UTC 2019
------------------ testing $PTII/ptolemy/domains/de/test/auto/Modal1.xml
auto.tcl: Setting watchdog for 200 seconds at Mon Apr 01 03:54:41 UTC 2019
12 ms. Memory: 331264K Free: 310462K (94%)
ptolemy.util.test.WatchDog.cancel(): canceling Mon Apr 01 03:54:41 UTC 2019
auto.tcl: Setting watchdog for 200 seconds at Mon Apr 01 03:54:41 UTC 2019
11 ms. Memory: 331264K Free: 306916K (93%)
ptolemy.util.test.WatchDog.cancel(): canceling Mon Apr 01 03:54:41 UTC 2019
------------------ testing $PTII/ptolemy/domains/de/test/auto/Modal2.xml
auto.tcl: Setting watchdog for 200 seconds at Mon Apr 01 03:54:41 UTC 2019
11 ms. Memory: 331264K Free: 310328K (94%)
ptolemy.util.test.WatchDog.cancel(): canceling Mon Apr 01 03:54:41 UTC 2019
auto.tcl: Setting watchdog for 200 seconds at Mon Apr 01 03:54:41 UTC 2019
12 ms. Memory: 331264K Free: 306783K (93%)
ptolemy.util.test.WatchDog.cancel(): canceling Mon Apr 01 03:54:41 UTC 2019
------------------ testing $PTII/ptolemy/domains/de/test/auto/Modal3.xml
auto.tcl: Setting watchdog for 200 seconds at Mon Apr 01 03:54:41 UTC 2019
14 ms. Memory: 331264K Free: 310335K (94%)
ptolemy.util.test.WatchDog.cancel(): canceling Mon Apr 01 03:54:41 UTC 2019
auto.tcl: Setting watchdog for 200 seconds at Mon Apr 01 03:54:41 UTC 2019
15 ms. Memory: 331264K Free: 306789K (93%)
ptolemy.util.test.WatchDog.cancel(): canceling Mon Apr 01 03:54:41 UTC 2019
------------------ testing $PTII/ptolemy/domains/de/test/auto/Modal4.xml
auto.tcl: Setting watchdog for 200 seconds at Mon Apr 01 03:54:41 UTC 2019
27 ms. Memory: 331264K Free: 310340K (94%)
ptolemy.util.test.WatchDog.cancel(): canceling Mon Apr 01 03:54:41 UTC 2019
auto.tcl: Setting watchdog for 200 seconds at Mon Apr 01 03:54:41 UTC 2019
21 ms. Memory: 331264K Free: 306794K (93%)
ptolemy.util.test.WatchDog.cancel(): canceling Mon Apr 01 03:54:41 UTC 2019
------------------ testing $PTII/ptolemy/domains/de/test/auto/Modal5.xml
auto.tcl: Setting watchdog for 200 seconds at Mon Apr 01 03:54:41 UTC 2019
18 ms. Memory: 331264K Free: 310326K (94%)
ptolemy.util.test.WatchDog.cancel(): canceling Mon Apr 01 03:54:41 UTC 2019
auto.tcl: Setting watchdog for 200 seconds at Mon Apr 01 03:54:41 UTC 2019
13 ms. Memory: 331264K Free: 306781K (93%)
ptolemy.util.test.WatchDog.cancel(): canceling Mon Apr 01 03:54:41 UTC 2019
------------------ testing $PTII/ptolemy/domains/de/test/auto/Modal6.xml
auto.tcl: Setting watchdog for 200 seconds at Mon Apr 01 03:54:41 UTC 2019
16 ms. Memory: 331264K Free: 310324K (94%)
ptolemy.util.test.WatchDog.cancel(): canceling Mon Apr 01 03:54:42 UTC 2019
auto.tcl: Setting watchdog for 200 seconds at Mon Apr 01 03:54:42 UTC 2019
18 ms. Memory: 331264K Free: 306778K (93%)
ptolemy.util.test.WatchDog.cancel(): canceling Mon Apr 01 03:54:42 UTC 2019
------------------ testing $PTII/ptolemy/domains/de/test/auto/Modal7.xml
auto.tcl: Setting watchdog for 200 seconds at Mon Apr 01 03:54:42 UTC 2019
10 ms. Memory: 331264K Free: 306778K (93%)
ptolemy.util.test.WatchDog.cancel(): canceling Mon Apr 01 03:54:42 UTC 2019
auto.tcl: Setting watchdog for 200 seconds at Mon Apr 01 03:54:42 UTC 2019
11 ms. Memory: 331264K Free: 303232K (92%)
ptolemy.util.test.WatchDog.cancel(): canceling Mon Apr 01 03:54:42 UTC 2019
------------------ testing $PTII/ptolemy/domains/de/test/auto/ModalModel.xml
auto.tcl: Setting watchdog for 200 seconds at Mon Apr 01 03:54:42 UTC 2019
174 ms. Memory: 331264K Free: 248045K (75%)
ptolemy.util.test.WatchDog.cancel(): canceling Mon Apr 01 03:54:42 UTC 2019
auto.tcl: Setting watchdog for 200 seconds at Mon Apr 01 03:54:42 UTC 2019
181 ms. Memory: 331264K Free: 191273K (58%)
ptolemy.util.test.WatchDog.cancel(): canceling Mon Apr 01 03:54:42 UTC 2019
------------------ testing $PTII/ptolemy/domains/de/test/auto/ModalSource.xml
auto.tcl: Setting watchdog for 200 seconds at Mon Apr 01 03:54:42 UTC 2019
7 ms. Memory: 331264K Free: 316570K (96%)
ptolemy.util.test.WatchDog.cancel(): canceling Mon Apr 01 03:54:42 UTC 2019
auto.tcl: Setting watchdog for 200 seconds at Mon Apr 01 03:54:42 UTC 2019
6 ms. Memory: 331264K Free: 313304K (95%)
ptolemy.util.test.WatchDog.cancel(): canceling Mon Apr 01 03:54:42 UTC 2019
------------------ testing $PTII/ptolemy/domains/de/test/auto/NonInterruptibleTimerZeroDelay.xml
auto.tcl: Setting watchdog for 200 seconds at Mon Apr 01 03:54:42 UTC 2019
3 ms. Memory: 331264K Free: 320913K (97%)
ptolemy.util.test.WatchDog.cancel(): canceling Mon Apr 01 03:54:42 UTC 2019
auto.tcl: Setting watchdog for 200 seconds at Mon Apr 01 03:54:42 UTC 2019
3 ms. Memory: 331264K Free: 317654K (96%)
ptolemy.util.test.WatchDog.cancel(): canceling Mon Apr 01 03:54:42 UTC 2019
------------------ testing $PTII/ptolemy/domains/de/test/auto/OpenQueueingNetwork.xml
auto.tcl: Setting watchdog for 200 seconds at Mon Apr 01 03:54:42 UTC 2019
2639 ms. Memory: 573952K Free: 421771K (73%)
ptolemy.util.test.WatchDog.cancel(): canceling Mon Apr 01 03:54:45 UTC 2019
auto.tcl: Setting watchdog for 200 seconds at Mon Apr 01 03:54:45 UTC 2019
2317 ms. Memory: 550912K Free: 318353K (58%)
ptolemy.util.test.WatchDog.cancel(): canceling Mon Apr 01 03:54:47 UTC 2019
------------------ testing $PTII/ptolemy/domains/de/test/auto/OpenQueuingNetwork.xml
auto.tcl: Setting watchdog for 200 seconds at Mon Apr 01 03:54:47 UTC 2019
229 ms. Memory: 549888K Free: 445940K (81%)
ptolemy.util.test.WatchDog.cancel(): canceling Mon Apr 01 03:54:48 UTC 2019
auto.tcl: Setting watchdog for 200 seconds at Mon Apr 01 03:54:48 UTC 2019
221 ms. Memory: 549888K Free: 382855K (70%)
ptolemy.util.test.WatchDog.cancel(): canceling Mon Apr 01 03:54:48 UTC 2019
------------------ testing $PTII/ptolemy/domains/de/test/auto/PeriodicSampler.xml
auto.tcl: Setting watchdog for 200 seconds at Mon Apr 01 03:54:48 UTC 2019
3 ms. Memory: 551936K Free: 536739K (97%)
ptolemy.util.test.WatchDog.cancel(): canceling Mon Apr 01 03:54:48 UTC 2019
auto.tcl: Setting watchdog for 200 seconds at Mon Apr 01 03:54:48 UTC 2019
2 ms. Memory: 551936K Free: 536739K (97%)
ptolemy.util.test.WatchDog.cancel(): canceling Mon Apr 01 03:54:48 UTC 2019
------------------ testing $PTII/ptolemy/domains/de/test/auto/PersistentIO.xml
auto.tcl: Setting watchdog for 200 seconds at Mon Apr 01 03:54:48 UTC 2019
13 ms. Memory: 549376K Free: 524826K (96%)
ptolemy.util.test.WatchDog.cancel(): canceling Mon Apr 01 03:54:48 UTC 2019
auto.tcl: Setting watchdog for 200 seconds at Mon Apr 01 03:54:48 UTC 2019
5 ms. Memory: 549376K Free: 524826K (96%)
ptolemy.util.test.WatchDog.cancel(): canceling Mon Apr 01 03:54:48 UTC 2019
------------------ testing $PTII/ptolemy/domains/de/test/auto/PortParameterResetOnInitialize.xml
auto.tcl: Setting watchdog for 200 seconds at Mon Apr 01 03:54:48 UTC 2019
2 ms. Memory: 551424K Free: 532009K (96%)
ptolemy.util.test.WatchDog.cancel(): canceling Mon Apr 01 03:54:48 UTC 2019
auto.tcl: Setting watchdog for 200 seconds at Mon Apr 01 03:54:48 UTC 2019
2 ms. Memory: 551424K Free: 532009K (96%)
ptolemy.util.test.WatchDog.cancel(): canceling Mon Apr 01 03:54:48 UTC 2019
------------------ testing $PTII/ptolemy/domains/de/test/auto/PortParameterUpdates.xml
auto.tcl: Setting watchdog for 200 seconds at Mon Apr 01 03:54:48 UTC 2019
3 ms. Memory: 549376K Free: 530094K (96%)
ptolemy.util.test.WatchDog.cancel(): canceling Mon Apr 01 03:54:48 UTC 2019
auto.tcl: Setting watchdog for 200 seconds at Mon Apr 01 03:54:48 UTC 2019
4 ms. Memory: 549376K Free: 524278K (95%)
ptolemy.util.test.WatchDog.cancel(): canceling Mon Apr 01 03:54:48 UTC 2019
------------------ testing $PTII/ptolemy/domains/de/test/auto/QueueAndServer.xml
auto.tcl: Setting watchdog for 200 seconds at Mon Apr 01 03:54:48 UTC 2019
10 ms. Memory: 551424K Free: 526306K (95%)
ptolemy.util.test.WatchDog.cancel(): canceling Mon Apr 01 03:54:48 UTC 2019
auto.tcl: Setting watchdog for 200 seconds at Mon Apr 01 03:54:48 UTC 2019
6 ms. Memory: 551424K Free: 526306K (95%)
ptolemy.util.test.WatchDog.cancel(): canceling Mon Apr 01 03:54:48 UTC 2019
------------------ testing $PTII/ptolemy/domains/de/test/auto/Records.xml
auto.tcl: Setting watchdog for 200 seconds at Mon Apr 01 03:54:48 UTC 2019
5 ms. Memory: 549376K Free: 534137K (97%)
ptolemy.util.test.WatchDog.cancel(): canceling Mon Apr 01 03:54:49 UTC 2019
auto.tcl: Setting watchdog for 200 seconds at Mon Apr 01 03:54:49 UTC 2019
2 ms. Memory: 549376K Free: 534137K (97%)
ptolemy.util.test.WatchDog.cancel(): canceling Mon Apr 01 03:54:49 UTC 2019
------------------ testing $PTII/ptolemy/domains/de/test/auto/ResetTransitionWithStartTime1.xml
auto.tcl: Setting watchdog for 200 seconds at Mon Apr 01 03:54:49 UTC 2019
12 ms. Memory: 551424K Free: 530937K (96%)
ptolemy.util.test.WatchDog.cancel(): canceling Mon Apr 01 03:54:49 UTC 2019
auto.tcl: Setting watchdog for 200 seconds at Mon Apr 01 03:54:49 UTC 2019
6 ms. Memory: 551424K Free: 530937K (96%)
ptolemy.util.test.WatchDog.cancel(): canceling Mon Apr 01 03:54:49 UTC 2019
------------------ testing $PTII/ptolemy/domains/de/test/auto/ResetTransitionWithStartTime2.xml
auto.tcl: Setting watchdog for 200 seconds at Mon Apr 01 03:54:49 UTC 2019
5 ms. Memory: 549376K Free: 528880K (96%)
ptolemy.util.test.WatchDog.cancel(): canceling Mon Apr 01 03:54:49 UTC 2019
auto.tcl: Setting watchdog for 200 seconds at Mon Apr 01 03:54:49 UTC 2019
6 ms. Memory: 549376K Free: 528880K (96%)
ptolemy.util.test.WatchDog.cancel(): canceling Mon Apr 01 03:54:49 UTC 2019
------------------ testing $PTII/ptolemy/domains/de/test/auto/ResetTransitionWithStartTime3.xml
auto.tcl: Setting watchdog for 200 seconds at Mon Apr 01 03:54:49 UTC 2019
5 ms. Memory: 550912K Free: 530276K (96%)
ptolemy.util.test.WatchDog.cancel(): canceling Mon Apr 01 03:54:49 UTC 2019
auto.tcl: Setting watchdog for 200 seconds at Mon Apr 01 03:54:49 UTC 2019
6 ms. Memory: 550912K Free: 530276K (96%)
ptolemy.util.test.WatchDog.cancel(): canceling Mon Apr 01 03:54:49 UTC 2019
------------------ testing $PTII/ptolemy/domains/de/test/auto/ResetTransitionWithStartTime4.xml
auto.tcl: Setting watchdog for 200 seconds at Mon Apr 01 03:54:49 UTC 2019
4 ms. Memory: 549376K Free: 528754K (96%)
ptolemy.util.test.WatchDog.cancel(): canceling Mon Apr 01 03:54:49 UTC 2019
auto.tcl: Setting watchdog for 200 seconds at Mon Apr 01 03:54:49 UTC 2019
4 ms. Memory: 549376K Free: 528754K (96%)
ptolemy.util.test.WatchDog.cancel(): canceling Mon Apr 01 03:54:49 UTC 2019
------------------ testing $PTII/ptolemy/domains/de/test/auto/ResettableTimer1.xml
auto.tcl: Setting watchdog for 200 seconds at Mon Apr 01 03:54:49 UTC 2019
2 ms. Memory: 550912K Free: 535542K (97%)
ptolemy.util.test.WatchDog.cancel(): canceling Mon Apr 01 03:54:49 UTC 2019
auto.tcl: Setting watchdog for 200 seconds at Mon Apr 01 03:54:49 UTC 2019
2 ms. Memory: 550912K Free: 535542K (97%)
ptolemy.util.test.WatchDog.cancel(): canceling Mon Apr 01 03:54:49 UTC 2019
------------------ testing $PTII/ptolemy/domains/de/test/auto/ResettableTimer2.xml
auto.tcl: Setting watchdog for 200 seconds at Mon Apr 01 03:54:49 UTC 2019
2 ms. Memory: 549376K Free: 534608K (97%)
ptolemy.util.test.WatchDog.cancel(): canceling Mon Apr 01 03:54:49 UTC 2019
auto.tcl: Setting watchdog for 200 seconds at Mon Apr 01 03:54:49 UTC 2019
2 ms. Memory: 549376K Free: 534608K (97%)
ptolemy.util.test.WatchDog.cancel(): canceling Mon Apr 01 03:54:49 UTC 2019
------------------ testing $PTII/ptolemy/domains/de/test/auto/ResettableTimer3.xml
auto.tcl: Setting watchdog for 200 seconds at Mon Apr 01 03:54:49 UTC 2019
1 ms. Memory: 550912K Free: 535600K (97%)
ptolemy.util.test.WatchDog.cancel(): canceling Mon Apr 01 03:54:49 UTC 2019
auto.tcl: Setting watchdog for 200 seconds at Mon Apr 01 03:54:49 UTC 2019
2 ms. Memory: 550912K Free: 535600K (97%)
ptolemy.util.test.WatchDog.cancel(): canceling Mon Apr 01 03:54:49 UTC 2019
------------------ testing $PTII/ptolemy/domains/de/test/auto/ResettableTimer4.xml
auto.tcl: Setting watchdog for 200 seconds at Mon Apr 01 03:54:49 UTC 2019
2 ms. Memory: 549376K Free: 534619K (97%)
ptolemy.util.test.WatchDog.cancel(): canceling Mon Apr 01 03:54:49 UTC 2019
auto.tcl: Setting watchdog for 200 seconds at Mon Apr 01 03:54:49 UTC 2019
1 ms. Memory: 549376K Free: 534619K (97%)
ptolemy.util.test.WatchDog.cancel(): canceling Mon Apr 01 03:54:49 UTC 2019
------------------ testing $PTII/ptolemy/domains/de/test/auto/ResettableTimer5.xml
auto.tcl: Setting watchdog for 200 seconds at Mon Apr 01 03:54:49 UTC 2019
2 ms. Memory: 550400K Free: 530419K (96%)
ptolemy.util.test.WatchDog.cancel(): canceling Mon Apr 01 03:54:49 UTC 2019
auto.tcl: Setting watchdog for 200 seconds at Mon Apr 01 03:54:49 UTC 2019
2 ms. Memory: 550400K Free: 530419K (96%)
ptolemy.util.test.WatchDog.cancel(): canceling Mon Apr 01 03:54:49 UTC 2019
------------------ testing $PTII/ptolemy/domains/de/test/auto/ResettableTimer6.xml
auto.tcl: Setting watchdog for 200 seconds at Mon Apr 01 03:54:49 UTC 2019
1 ms. Memory: 549376K Free: 534024K (97%)
ptolemy.util.test.WatchDog.cancel(): canceling Mon Apr 01 03:54:49 UTC 2019
auto.tcl: Setting watchdog for 200 seconds at Mon Apr 01 03:54:49 UTC 2019
1 ms. Memory: 549376K Free: 534024K (97%)
ptolemy.util.test.WatchDog.cancel(): canceling Mon Apr 01 03:54:49 UTC 2019
------------------ testing $PTII/ptolemy/domains/de/test/auto/ServerZeroDelay.xml
auto.tcl: Setting watchdog for 200 seconds at Mon Apr 01 03:54:49 UTC 2019
3 ms. Memory: 550400K Free: 535581K (97%)
ptolemy.util.test.WatchDog.cancel(): canceling Mon Apr 01 03:54:49 UTC 2019
auto.tcl: Setting watchdog for 200 seconds at Mon Apr 01 03:54:49 UTC 2019
2 ms. Memory: 550400K Free: 535581K (97%)
ptolemy.util.test.WatchDog.cancel(): canceling Mon Apr 01 03:54:49 UTC 2019
------------------ testing $PTII/ptolemy/domains/de/test/auto/SmartSender.xml
auto.tcl: Setting watchdog for 200 seconds at Mon Apr 01 03:54:49 UTC 2019
3001 ms. Memory: 549376K Free: 534552K (97%)
ptolemy.util.test.WatchDog.cancel(): canceling Mon Apr 01 03:54:52 UTC 2019
auto.tcl: Setting watchdog for 200 seconds at Mon Apr 01 03:54:52 UTC 2019
3001 ms. Memory: 549376K Free: 534552K (97%)
ptolemy.util.test.WatchDog.cancel(): canceling Mon Apr 01 03:54:55 UTC 2019
------------------ testing $PTII/ptolemy/domains/de/test/auto/ThreadedComposite.xml
auto.tcl: Setting watchdog for 200 seconds at Mon Apr 01 03:54:55 UTC 2019
228 ms. Memory: 550400K Free: 510478K (93%)
ptolemy.util.test.WatchDog.cancel(): canceling Mon Apr 01 03:54:56 UTC 2019
auto.tcl: Setting watchdog for 200 seconds at Mon Apr 01 03:54:56 UTC 2019
103 ms. Memory: 550400K Free: 495861K (90%)
ptolemy.util.test.WatchDog.cancel(): canceling Mon Apr 01 03:54:56 UTC 2019
------------------ testing $PTII/ptolemy/domains/de/test/auto/Time.xml
auto.tcl: Setting watchdog for 200 seconds at Mon Apr 01 03:54:56 UTC 2019
486 ms. Memory: 549376K Free: 482258K (88%)
ptolemy.util.test.WatchDog.cancel(): canceling Mon Apr 01 03:54:56 UTC 2019
auto.tcl: Setting watchdog for 200 seconds at Mon Apr 01 03:54:56 UTC 2019
470 ms. Memory: 549376K Free: 424431K (77%)
ptolemy.util.test.WatchDog.cancel(): canceling Mon Apr 01 03:54:57 UTC 2019
------------------ testing $PTII/ptolemy/domains/de/test/auto/TimeDelayZeroDelay.xml
auto.tcl: Setting watchdog for 200 seconds at Mon Apr 01 03:54:57 UTC 2019
2 ms. Memory: 550400K Free: 534956K (97%)
ptolemy.util.test.WatchDog.cancel(): canceling Mon Apr 01 03:54:57 UTC 2019
auto.tcl: Setting watchdog for 200 seconds at Mon Apr 01 03:54:57 UTC 2019
2 ms. Memory: 550400K Free: 534956K (97%)
ptolemy.util.test.WatchDog.cancel(): canceling Mon Apr 01 03:54:57 UTC 2019
------------------ testing $PTII/ptolemy/domains/de/test/auto/TimerZeroDelay.xml
auto.tcl: Setting watchdog for 200 seconds at Mon Apr 01 03:54:57 UTC 2019
8 ms. Memory: 549376K Free: 533976K (97%)
ptolemy.util.test.WatchDog.cancel(): canceling Mon Apr 01 03:54:57 UTC 2019
auto.tcl: Setting watchdog for 200 seconds at Mon Apr 01 03:54:57 UTC 2019
2 ms. Memory: 549376K Free: 533976K (97%)
ptolemy.util.test.WatchDog.cancel(): canceling Mon Apr 01 03:54:57 UTC 2019
------------------ testing $PTII/ptolemy/domains/de/test/auto/TimingParadox.xml
auto.tcl: Setting watchdog for 200 seconds at Mon Apr 01 03:54:57 UTC 2019
324 ms. Memory: 549888K Free: 470154K (85%)
ptolemy.util.test.WatchDog.cancel(): canceling Mon Apr 01 03:54:57 UTC 2019
auto.tcl: Setting watchdog for 200 seconds at Mon Apr 01 03:54:57 UTC 2019
305 ms. Memory: 549888K Free: 433355K (79%)
ptolemy.util.test.WatchDog.cancel(): canceling Mon Apr 01 03:54:58 UTC 2019
------------------ testing $PTII/ptolemy/domains/de/test/auto/TransferInputs.xml
auto.tcl: Setting watchdog for 200 seconds at Mon Apr 01 03:54:58 UTC 2019
1 ms. Memory: 549888K Free: 533993K (97%)
ptolemy.util.test.WatchDog.cancel(): canceling Mon Apr 01 03:54:58 UTC 2019
auto.tcl: Setting watchdog for 200 seconds at Mon Apr 01 03:54:58 UTC 2019
2 ms. Memory: 549888K Free: 533993K (97%)
ptolemy.util.test.WatchDog.cancel(): canceling Mon Apr 01 03:54:58 UTC 2019
------------------ testing $PTII/ptolemy/domains/de/test/auto/TransferOutputs2.xml
auto.tcl: Setting watchdog for 200 seconds at Mon Apr 01 03:54:58 UTC 2019
7 ms. Memory: 549376K Free: 529325K (96%)
ptolemy.util.test.WatchDog.cancel(): canceling Mon Apr 01 03:54:58 UTC 2019
auto.tcl: Setting watchdog for 200 seconds at Mon Apr 01 03:54:58 UTC 2019
2 ms. Memory: 549376K Free: 529325K (96%)
ptolemy.util.test.WatchDog.cancel(): canceling Mon Apr 01 03:54:58 UTC 2019
------------------ testing $PTII/ptolemy/domains/de/test/auto/Trilateration.xml
auto.tcl: Setting watchdog for 200 seconds at Mon Apr 01 03:54:58 UTC 2019
13433 ms. Memory: 766976K Free: 264883K (35%)
ptolemy.util.test.WatchDog.cancel(): canceling Mon Apr 01 03:55:12 UTC 2019
auto.tcl: Setting watchdog for 200 seconds at Mon Apr 01 03:55:12 UTC 2019
11646 ms. Memory: 646144K Free: 118937K (18%)
ptolemy.util.test.WatchDog.cancel(): canceling Mon Apr 01 03:55:24 UTC 2019
------------------ testing $PTII/ptolemy/domains/de/test/auto/TwoSigmaDelta.xml
auto.tcl: Setting watchdog for 200 seconds at Mon Apr 01 03:55:24 UTC 2019
2572 ms. Memory: 649728K Free: 363712K (56%)
ptolemy.util.test.WatchDog.cancel(): canceling Mon Apr 01 03:55:27 UTC 2019
auto.tcl: Setting watchdog for 200 seconds at Mon Apr 01 03:55:27 UTC 2019
2067 ms. Memory: 649728K Free: 128028K (20%)
ptolemy.util.test.WatchDog.cancel(): canceling Mon Apr 01 03:55:29 UTC 2019
------------------ testing $PTII/ptolemy/domains/de/test/auto/VariableDelay.xml
auto.tcl: Setting watchdog for 200 seconds at Mon Apr 01 03:55:29 UTC 2019
3 ms. Memory: 646656K Free: 626945K (97%)
ptolemy.util.test.WatchDog.cancel(): canceling Mon Apr 01 03:55:29 UTC 2019
auto.tcl: Setting watchdog for 200 seconds at Mon Apr 01 03:55:29 UTC 2019
2 ms. Memory: 646656K Free: 626945K (97%)
ptolemy.util.test.WatchDog.cancel(): canceling Mon Apr 01 03:55:29 UTC 2019
------------------ testing $PTII/ptolemy/domains/de/test/auto/VariableDelay2.xml
auto.tcl: Setting watchdog for 200 seconds at Mon Apr 01 03:55:29 UTC 2019
1 ms. Memory: 646144K Free: 626922K (97%)
ptolemy.util.test.WatchDog.cancel(): canceling Mon Apr 01 03:55:29 UTC 2019
auto.tcl: Setting watchdog for 200 seconds at Mon Apr 01 03:55:29 UTC 2019
2 ms. Memory: 646144K Free: 626922K (97%)
ptolemy.util.test.WatchDog.cancel(): canceling Mon Apr 01 03:55:29 UTC 2019
------------------ testing $PTII/ptolemy/domains/de/test/auto/VariableDelayZeroDelay.xml
auto.tcl: Setting watchdog for 200 seconds at Mon Apr 01 03:55:29 UTC 2019
2 ms. Memory: 646144K Free: 626921K (97%)
ptolemy.util.test.WatchDog.cancel(): canceling Mon Apr 01 03:55:29 UTC 2019
auto.tcl: Setting watchdog for 200 seconds at Mon Apr 01 03:55:29 UTC 2019
2 ms. Memory: 646144K Free: 626921K (97%)
ptolemy.util.test.WatchDog.cancel(): canceling Mon Apr 01 03:55:29 UTC 2019
------------------ testing $PTII/ptolemy/domains/de/test/auto/VariableDelayZeroDelay2.xml
auto.tcl: Setting watchdog for 200 seconds at Mon Apr 01 03:55:29 UTC 2019
2 ms. Memory: 649216K Free: 624344K (96%)
ptolemy.util.test.WatchDog.cancel(): canceling Mon Apr 01 03:55:29 UTC 2019
auto.tcl: Setting watchdog for 200 seconds at Mon Apr 01 03:55:29 UTC 2019
2 ms. Memory: 649216K Free: 624344K (96%)
ptolemy.util.test.WatchDog.cancel(): canceling Mon Apr 01 03:55:29 UTC 2019
------------------ testing $PTII/ptolemy/domains/de/test/auto/deInCt.xml
auto.tcl: Setting watchdog for 200 seconds at Mon Apr 01 03:55:29 UTC 2019
0
1
1
1
0
0
1
1
0
0
0
1
1
1
0
0
0
0
0
0
1
1
1
0
0
0
1
1
1
0
0
1
1
1
1
0
0
0
0
1
1
1
0
0
0
1
1
1
1
17 ms. Memory: 646144K Free: 621193K (96%)
ptolemy.util.test.WatchDog.cancel(): canceling Mon Apr 01 03:55:29 UTC 2019
auto.tcl: Setting watchdog for 200 seconds at Mon Apr 01 03:55:29 UTC 2019
0
1
1
1
1
1
0
0
0
1
1
1
0
0
0
0
0
1
1
1
0
0
0
0
0
0
0
5 ms. Memory: 646144K Free: 621193K (96%)
ptolemy.util.test.WatchDog.cancel(): canceling Mon Apr 01 03:55:29 UTC 2019
------------------ testing $PTII/ptolemy/domains/de/test/auto/deInCt2.xml
auto.tcl: Setting watchdog for 200 seconds at Mon Apr 01 03:55:29 UTC 2019
0
1
1
1
0
0
1
1
1
0
0
1
1
1
0
0
1
1
1
0
0
1
1
1
0
0
1
1
1
0
0
1
1
1
0
0
1
1
1
0
0
0
24 ms. Memory: 648704K Free: 629475K (97%)
ptolemy.util.test.WatchDog.cancel(): canceling Mon Apr 01 03:55:29 UTC 2019
auto.tcl: Setting watchdog for 200 seconds at Mon Apr 01 03:55:29 UTC 2019
0
1
1
1
0
0
1
1
1
0
0
1
1
1
0
0
1
1
1
0
0
1
1
1
0
0
1
1
1
0
0
1
1
1
0
0
1
1
1
0
0
0
6 ms. Memory: 648704K Free: 629475K (97%)
ptolemy.util.test.WatchDog.cancel(): canceling Mon Apr 01 03:55:29 UTC 2019
------------------ testing $PTII/ptolemy/domains/de/test/auto/dynamicCausalityInterface1.xml
auto.tcl: Setting watchdog for 200 seconds at Mon Apr 01 03:55:29 UTC 2019
2 ms. Memory: 646144K Free: 612661K (95%)
ptolemy.util.test.WatchDog.cancel(): canceling Mon Apr 01 03:55:29 UTC 2019
auto.tcl: Setting watchdog for 200 seconds at Mon Apr 01 03:55:29 UTC 2019
1 ms. Memory: 646144K Free: 612661K (95%)
ptolemy.util.test.WatchDog.cancel(): canceling Mon Apr 01 03:55:29 UTC 2019
------------------ testing $PTII/ptolemy/domains/de/test/auto/fsm_de_test.xml
auto.tcl: Setting watchdog for 200 seconds at Mon Apr 01 03:55:29 UTC 2019
11 ms. Memory: 648192K Free: 623206K (96%)
ptolemy.util.test.WatchDog.cancel(): canceling Mon Apr 01 03:55:29 UTC 2019
auto.tcl: Setting watchdog for 200 seconds at Mon Apr 01 03:55:29 UTC 2019
8 ms. Memory: 648192K Free: 614604K (95%)
ptolemy.util.test.WatchDog.cancel(): canceling Mon Apr 01 03:55:29 UTC 2019
------------------ testing $PTII/ptolemy/domains/de/test/auto/functionDependencyReconstruction.xml
auto.tcl: Setting watchdog for 200 seconds at Mon Apr 01 03:55:29 UTC 2019
5 ms. Memory: 646144K Free: 612563K (95%)
ptolemy.util.test.WatchDog.cancel(): canceling Mon Apr 01 03:55:29 UTC 2019
auto.tcl: Setting watchdog for 200 seconds at Mon Apr 01 03:55:29 UTC 2019
3 ms. Memory: 646144K Free: 612563K (95%)
ptolemy.util.test.WatchDog.cancel(): canceling Mon Apr 01 03:55:29 UTC 2019
------------------ testing $PTII/ptolemy/domains/de/test/auto/multirate.xml
auto.tcl: Setting watchdog for 200 seconds at Mon Apr 01 03:55:30 UTC 2019
4 ms. Memory: 648192K Free: 623071K (96%)
ptolemy.util.test.WatchDog.cancel(): canceling Mon Apr 01 03:55:30 UTC 2019
auto.tcl: Setting watchdog for 200 seconds at Mon Apr 01 03:55:30 UTC 2019
3 ms. Memory: 648192K Free: 622995K (96%)
ptolemy.util.test.WatchDog.cancel(): canceling Mon Apr 01 03:55:30 UTC 2019
------------------ testing $PTII/ptolemy/domains/de/test/auto/multirate2.xml
auto.tcl: Setting watchdog for 200 seconds at Mon Apr 01 03:55:30 UTC 2019
3 ms. Memory: 646144K Free: 626859K (97%)
ptolemy.util.test.WatchDog.cancel(): canceling Mon Apr 01 03:55:30 UTC 2019
auto.tcl: Setting watchdog for 200 seconds at Mon Apr 01 03:55:30 UTC 2019
3 ms. Memory: 646144K Free: 626859K (97%)
ptolemy.util.test.WatchDog.cancel(): canceling Mon Apr 01 03:55:30 UTC 2019
------------------ testing $PTII/ptolemy/domains/de/test/auto/realtime.xml
auto.tcl: Setting watchdog for 200 seconds at Mon Apr 01 03:55:30 UTC 2019
10002 ms. Memory: 647680K Free: 622670K (96%)
ptolemy.util.test.WatchDog.cancel(): canceling Mon Apr 01 03:55:40 UTC 2019
auto.tcl: Setting watchdog for 200 seconds at Mon Apr 01 03:55:40 UTC 2019
10001 ms. Memory: 647680K Free: 622670K (96%)
ptolemy.util.test.WatchDog.cancel(): canceling Mon Apr 01 03:55:50 UTC 2019
------------------ testing $PTII/ptolemy/domains/de/test/auto/relationGroup.xml
auto.tcl: Setting watchdog for 200 seconds at Mon Apr 01 03:55:50 UTC 2019
7 ms. Memory: 646144K Free: 626883K (97%)
ptolemy.util.test.WatchDog.cancel(): canceling Mon Apr 01 03:55:50 UTC 2019
auto.tcl: Setting watchdog for 200 seconds at Mon Apr 01 03:55:50 UTC 2019
1 ms. Memory: 646144K Free: 626883K (97%)
ptolemy.util.test.WatchDog.cancel(): canceling Mon Apr 01 03:55:50 UTC 2019
------------------ testing $PTII/ptolemy/domains/de/test/auto/relationGroup2.xml
auto.tcl: Setting watchdog for 200 seconds at Mon Apr 01 03:55:50 UTC 2019
1 ms. Memory: 647680K Free: 622798K (96%)
ptolemy.util.test.WatchDog.cancel(): canceling Mon Apr 01 03:55:50 UTC 2019
auto.tcl: Setting watchdog for 200 seconds at Mon Apr 01 03:55:50 UTC 2019
1 ms. Memory: 647680K Free: 622798K (96%)
ptolemy.util.test.WatchDog.cancel(): canceling Mon Apr 01 03:55:50 UTC 2019
------------------ testing $PTII/ptolemy/domains/de/test/auto/sortWithOpaquePorts.xml
auto.tcl: Setting watchdog for 200 seconds at Mon Apr 01 03:55:50 UTC 2019
1 ms. Memory: 646144K Free: 621262K (96%)
ptolemy.util.test.WatchDog.cancel(): canceling Mon Apr 01 03:55:50 UTC 2019
auto.tcl: Setting watchdog for 200 seconds at Mon Apr 01 03:55:50 UTC 2019
2 ms. Memory: 646144K Free: 621262K (96%)
ptolemy.util.test.WatchDog.cancel(): canceling Mon Apr 01 03:55:50 UTC 2019
------------------ testing $PTII/ptolemy/domains/de/test/auto/transferInputsandOutputs.xml
auto.tcl: Setting watchdog for 200 seconds at Mon Apr 01 03:55:50 UTC 2019
2 ms. Memory: 647168K Free: 622273K (96%)
ptolemy.util.test.WatchDog.cancel(): canceling Mon Apr 01 03:55:50 UTC 2019
auto.tcl: Setting watchdog for 200 seconds at Mon Apr 01 03:55:50 UTC 2019
2 ms. Memory: 647168K Free: 622273K (96%)
ptolemy.util.test.WatchDog.cancel(): canceling Mon Apr 01 03:55:50 UTC 2019
------------------ testing $PTII/ptolemy/domains/de/test/auto/triggerType.xml
auto.tcl: Setting watchdog for 200 seconds at Mon Apr 01 03:55:50 UTC 2019
1 ms. Memory: 646144K Free: 621200K (96%)
ptolemy.util.test.WatchDog.cancel(): canceling Mon Apr 01 03:55:50 UTC 2019
auto.tcl: Setting watchdog for 200 seconds at Mon Apr 01 03:55:50 UTC 2019
1 ms. Memory: 646144K Free: 621200K (96%)
ptolemy.util.test.WatchDog.cancel(): canceling Mon Apr 01 03:55:50 UTC 2019
04/01/19 03:55:50
Failed: 0  Total Tests: 192  ((Passed: 187, Newly Passed: 1)  Known Failed: 5) /home/travis/build/icyphy/ptII/ptolemy/domains/de/test
04/01/19 03:55:50
Failed: 0  Total Tests: 192  ((Passed: 187, Newly Passed: 1)  Known Failed: 5) /home/travis/build/icyphy/ptII/ptolemy/domains/de/test
----------------- testing (KnownFailure) /home/travis/build/icyphy/ptII/ptolemy/domains/de/test/auto/knownFailedTests/DESDFClockTest.xml
2010 ms. Memory: 647168K Free: 610906K (94%)
Known Failure: java.lang.reflect.InvocationTargetException
----------------- testing (KnownFailure) /home/travis/build/icyphy/ptII/ptolemy/domains/de/test/auto/knownFailedTests/DirectFeedback.xml
6 ms. Memory: 647168K Free: 565727K (87%)
Known Failure: java.lang.reflect.InvocationTargetException
----------------- testing (KnownFailure) /home/travis/build/icyphy/ptII/ptolemy/domains/de/test/auto/knownFailedTests/FSMSource.xml
9 ms. Memory: 647168K Free: 520548K (80%)
----------------- testing (KnownFailure) /home/travis/build/icyphy/ptII/ptolemy/domains/de/test/auto/knownFailedTests/HierarchicalModel.xml
4 ms. Memory: 647168K Free: 486648K (75%)
Known Failure: java.lang.reflect.InvocationTargetException
----------------- testing (KnownFailure) /home/travis/build/icyphy/ptII/ptolemy/domains/de/test/auto/knownFailedTests/dependencyLoop.xml
1 ms. Memory: 647168K Free: 430174K (66%)
Known Failure: java.lang.reflect.InvocationTargetException
----------------- testing (KnownFailure) /home/travis/build/icyphy/ptII/ptolemy/domains/de/test/auto/knownFailedTests/dependencyLoop2.xml
3 ms. Memory: 647168K Free: 373700K (58%)
Known Failure: java.lang.reflect.InvocationTargetException
No auto/linux-amd64/*.xml tests in /home/travis/build/icyphy/ptII/ptolemy/domains/de/test
AutoTests.java: About to close Vertx.
AutoTests.java: Vertx closed.

===========================================================================================
----------------- testing Mon Apr 01 03:55:52 UTC 2019 /home/travis/build/icyphy/ptII/ptolemy/domains/de/test/auto/ActorDepthCalculation_actorWithoutPorts.xml
----------------- Instantiating /home/travis/build/icyphy/ptII/ptolemy/domains/de/test/auto/ActorDepthCalculation_actorWithoutPorts.xml
2 ms. Memory: 647168K Free: 317226K (49%)
----------------- Invoking toplevel() on ptolemy.moml.MoMLSimpleApplication@35fccbd8
----------------- Done invoking toplevel() on ptolemy.moml.MoMLSimpleApplication@35fccbd8
reloadAllAccessors: .ActorDepthCalculation_actorWithoutPorts

===========================================================================================
----------------- testing Mon Apr 01 03:55:52 UTC 2019 /home/travis/build/icyphy/ptII/ptolemy/domains/de/test/auto/AssemblyLine.xml
----------------- Instantiating /home/travis/build/icyphy/ptII/ptolemy/domains/de/test/auto/AssemblyLine.xml
3 ms. Memory: 647168K Free: 294636K (46%)
----------------- Invoking toplevel() on ptolemy.moml.MoMLSimpleApplication@3b57619
----------------- Done invoking toplevel() on ptolemy.moml.MoMLSimpleApplication@3b57619
reloadAllAccessors: .AssemblyLine

===========================================================================================
----------------- testing Mon Apr 01 03:55:52 UTC 2019 /home/travis/build/icyphy/ptII/ptolemy/domains/de/test/auto/CQBug1.xml
----------------- Instantiating /home/travis/build/icyphy/ptII/ptolemy/domains/de/test/auto/CQBug1.xml
1 ms. Memory: 647168K Free: 272047K (42%)
----------------- Invoking toplevel() on ptolemy.moml.MoMLSimpleApplication@67ec3517
----------------- Done invoking toplevel() on ptolemy.moml.MoMLSimpleApplication@67ec3517
reloadAllAccessors: .CQBug1

===========================================================================================
----------------- testing Mon Apr 01 03:55:52 UTC 2019 /home/travis/build/icyphy/ptII/ptolemy/domains/de/test/auto/CancelFireAt.xml
----------------- Instantiating /home/travis/build/icyphy/ptII/ptolemy/domains/de/test/auto/CancelFireAt.xml
0 ms. Memory: 647168K Free: 249457K (39%)
----------------- Invoking toplevel() on ptolemy.moml.MoMLSimpleApplication@73754903
----------------- Done invoking toplevel() on ptolemy.moml.MoMLSimpleApplication@73754903
reloadAllAccessors: .CancelFireAt

===========================================================================================
----------------- testing Mon Apr 01 03:55:52 UTC 2019 /home/travis/build/icyphy/ptII/ptolemy/domains/de/test/auto/CausalityAndComposabilityAnalysis.xml
----------------- Instantiating /home/travis/build/icyphy/ptII/ptolemy/domains/de/test/auto/CausalityAndComposabilityAnalysis.xml
2 ms. Memory: 647168K Free: 226868K (35%)
----------------- Invoking toplevel() on ptolemy.moml.MoMLSimpleApplication@5ad775d0
----------------- Done invoking toplevel() on ptolemy.moml.MoMLSimpleApplication@5ad775d0
reloadAllAccessors: .CausalityAndComposabilityAnalysis

===========================================================================================
----------------- testing Mon Apr 01 03:55:52 UTC 2019 /home/travis/build/icyphy/ptII/ptolemy/domains/de/test/auto/CausalityInterface1.xml
----------------- Instantiating /home/travis/build/icyphy/ptII/ptolemy/domains/de/test/auto/CausalityInterface1.xml
5 ms. Memory: 647168K Free: 204278K (32%)
----------------- Invoking toplevel() on ptolemy.moml.MoMLSimpleApplication@66339e6a
----------------- Done invoking toplevel() on ptolemy.moml.MoMLSimpleApplication@66339e6a
reloadAllAccessors: .CausalityInterface1

===========================================================================================
----------------- testing Mon Apr 01 03:55:52 UTC 2019 /home/travis/build/icyphy/ptII/ptolemy/domains/de/test/auto/CausalityInterface15.xml
----------------- Instantiating /home/travis/build/icyphy/ptII/ptolemy/domains/de/test/auto/CausalityInterface15.xml
1 ms. Memory: 647168K Free: 181689K (28%)
----------------- Invoking toplevel() on ptolemy.moml.MoMLSimpleApplication@17f1f9ac
----------------- Done invoking toplevel() on ptolemy.moml.MoMLSimpleApplication@17f1f9ac
reloadAllAccessors: .CausalityInterface15

[...]
java.lang.RuntimeException: Execution failed
	at ptolemy.moml.MoMLSimpleApplication$UnloadThread.run(MoMLSimpleApplication.java:402)
Caused by: ptolemy.kernel.util.IllegalActionException: Test fails in iteration 1.
Value was: 1.0. Should have been: 2.0
  in .DirectFeedback.Test
	at ptolemy.actor.lib.Test.fire(Test.java:268)
	at ptolemy.domains.de.kernel.DEDirector._fire(DEDirector.java:1949)
	at ptolemy.domains.de.kernel.DEDirector.fire(DEDirector.java:502)
	at ptolemy.actor.CompositeActor.fire(CompositeActor.java:455)
	at ptolemy.actor.Manager.iterate(Manager.java:851)
	at ptolemy.actor.Manager.execute(Manager.java:369)
	at ptolemy.actor.Manager.run(Manager.java:1263)
	at ptolemy.actor.Manager$PtolemyRunThread.run(Manager.java:1915)
java.lang.RuntimeException: Execution failed
	at ptolemy.moml.MoMLSimpleApplication$UnloadThread.run(MoMLSimpleApplication.java:402)
Caused by: ptolemy.kernel.util.IllegalActionException: Actor is not ready to fire.  Perhaps UpSample.prefire() returned false? Try debugging the actor by selecting "Listen to Actor".  Also, for SDF check moml for tokenConsumptionRate on input.
  in .DESDFClockTest.Play Bell.Copy1:SDF Director and .DESDFClockTest.Play Bell.UpSample
	at ptolemy.actor.sched.StaticSchedulingDirector.fire(StaticSchedulingDirector.java:227)
	at ptolemy.domains.sdf.kernel.SDFDirector.fire(SDFDirector.java:500)
	at ptolemy.actor.CompositeActor.fire(CompositeActor.java:455)
	at ptolemy.domains.de.kernel.DEDirector._fire(DEDirector.java:1949)
	at ptolemy.domains.de.kernel.DEDirector.fire(DEDirector.java:502)
	at ptolemy.actor.CompositeActor.fire(CompositeActor.java:455)
	at ptolemy.actor.Manager.iterate(Manager.java:851)
	at ptolemy.actor.Manager.execute(Manager.java:369)
	at ptolemy.actor.Manager.run(Manager.java:1263)
	at ptolemy.actor.Manager$PtolemyRunThread.run(Manager.java:1915)
java.lang.reflect.InvocationTargetException
	at sun.reflect.NativeConstructorAccessorImpl.newInstance0(Native Method)
	at sun.reflect.NativeConstructorAccessorImpl.newInstance(NativeConstructorAccessorImpl.java:62)
	at sun.reflect.DelegatingConstructorAccessorImpl.newInstance(DelegatingConstructorAccessorImpl.java:45)
	at java.lang.reflect.Constructor.newInstance(Constructor.java:423)
	at ptolemy.util.test.junit.AutoKnownFailedTests.RunModel(AutoKnownFailedTests.java:105)
	at sun.reflect.NativeMethodAccessorImpl.invoke0(Native Method)
	at sun.reflect.NativeMethodAccessorImpl.invoke(NativeMethodAccessorImpl.java:62)
	at sun.reflect.DelegatingMethodAccessorImpl.invoke(DelegatingMethodAccessorImpl.java:43)
	at java.lang.reflect.Method.invoke(Method.java:498)
	at org.junit.runners.model.FrameworkMethod$1.runReflectiveCall(FrameworkMethod.java:44)
	at org.junit.internal.runners.model.ReflectiveCallable.run(ReflectiveCallable.java:15)
	at org.junit.runners.model.FrameworkMethod.invokeExplosively(FrameworkMethod.java:41)
	at junitparams.internal.InvokeParameterisedMethod.evaluate(InvokeParameterisedMethod.java:102)
	at org.junit.internal.runners.statements.FailOnTimeout$1.run(FailOnTimeout.java:28)
Caused by: ptolemy.kernel.util.IllegalActionException: Actor is not ready to fire.  Perhaps UpSample.prefire() returned false? Try debugging the actor by selecting "Listen to Actor".  Also, for SDF check moml for tokenConsumptionRate on input.
  in .DESDFClockTest.Play Bell.Copy1:SDF Director and .DESDFClockTest.Play Bell.UpSample
	at ptolemy.actor.sched.StaticSchedulingDirector.fire(StaticSchedulingDirector.java:227)
	at ptolemy.domains.sdf.kernel.SDFDirector.fire(SDFDirector.java:500)
	at ptolemy.actor.CompositeActor.fire(CompositeActor.java:455)
	at ptolemy.domains.de.kernel.DEDirector._fire(DEDirector.java:1949)
	at ptolemy.domains.de.kernel.DEDirector.fire(DEDirector.java:502)
	at ptolemy.actor.CompositeActor.fire(CompositeActor.java:455)
	at ptolemy.actor.Manager.iterate(Manager.java:851)
	at ptolemy.actor.Manager.execute(Manager.java:369)
	at ptolemy.actor.Manager.run(Manager.java:1263)
	at ptolemy.actor.Manager$PtolemyRunThread.run(Manager.java:1915)
java.lang.RuntimeException: Execution failed
	at ptolemy.moml.MoMLSimpleApplication$UnloadThread.run(MoMLSimpleApplication.java:402)
Caused by: ptolemy.kernel.util.IllegalActionException: Test fails in iteration 1.
Value was: 1.0. Should have been: 2.0
  in .DirectFeedback.Test
	at ptolemy.actor.lib.Test.fire(Test.java:268)
	at ptolemy.domains.de.kernel.DEDirector._fire(DEDirector.java:1949)
	at ptolemy.domains.de.kernel.DEDirector.fire(DEDirector.java:502)
	at ptolemy.actor.CompositeActor.fire(CompositeActor.java:455)
	at ptolemy.actor.Manager.iterate(Manager.java:851)
	at ptolemy.actor.Manager.execute(Manager.java:369)
	at ptolemy.actor.Manager.run(Manager.java:1263)
	at ptolemy.actor.Manager$PtolemyRunThread.run(Manager.java:1915)
java.lang.reflect.InvocationTargetException
	at sun.reflect.NativeConstructorAccessorImpl.newInstance0(Native Method)
	at sun.reflect.NativeConstructorAccessorImpl.newInstance(NativeConstructorAccessorImpl.java:62)
	at sun.reflect.DelegatingConstructorAccessorImpl.newInstance(DelegatingConstructorAccessorImpl.java:45)
	at java.lang.reflect.Constructor.newInstance(Constructor.java:423)
	at ptolemy.util.test.junit.AutoKnownFailedTests.RunModel(AutoKnownFailedTests.java:105)
	at sun.reflect.NativeMethodAccessorImpl.invoke0(Native Method)
	at sun.reflect.NativeMethodAccessorImpl.invoke(NativeMethodAccessorImpl.java:62)
	at sun.reflect.DelegatingMethodAccessorImpl.invoke(DelegatingMethodAccessorImpl.java:43)
	at java.lang.reflect.Method.invoke(Method.java:498)
	at org.junit.runners.model.FrameworkMethod$1.runReflectiveCall(FrameworkMethod.java:44)
	at org.junit.internal.runners.model.ReflectiveCallable.run(ReflectiveCallable.java:15)
	at org.junit.runners.model.FrameworkMethod.invokeExplosively(FrameworkMethod.java:41)
	at junitparams.internal.InvokeParameterisedMethod.evaluate(InvokeParameterisedMethod.java:102)
	at org.junit.internal.runners.statements.FailOnTimeout$1.run(FailOnTimeout.java:28)
Caused by: ptolemy.kernel.util.IllegalActionException: Test fails in iteration 1.
Value was: 1.0. Should have been: 2.0
  in .DirectFeedback.Test
	at ptolemy.actor.lib.Test.fire(Test.java:268)
	at ptolemy.domains.de.kernel.DEDirector._fire(DEDirector.java:1949)
	at ptolemy.domains.de.kernel.DEDirector.fire(DEDirector.java:502)
	at ptolemy.actor.CompositeActor.fire(CompositeActor.java:455)
	at ptolemy.actor.Manager.iterate(Manager.java:851)
	at ptolemy.actor.Manager.execute(Manager.java:369)
	at ptolemy.actor.Manager.run(Manager.java:1263)
	at ptolemy.actor.Manager$PtolemyRunThread.run(Manager.java:1915)
java.lang.RuntimeException: Execution failed
	at ptolemy.moml.MoMLSimpleApplication$UnloadThread.run(MoMLSimpleApplication.java:402)
Caused by: ptolemy.kernel.util.IllegalActionException: Found a zero delay loop containing .HierarchicalModel.A
  in .HierarchicalModel and .HierarchicalModel.A
	at ptolemy.actor.util.CausalityInterfaceForComposites._computeOutputPortDepth(CausalityInterfaceForComposites.java:759)
	at ptolemy.actor.util.CausalityInterfaceForComposites._computeInputDepth(CausalityInterfaceForComposites.java:696)
	at ptolemy.actor.util.CausalityInterfaceForComposites._computeOutputPortDepth(CausalityInterfaceForComposites.java:765)
	at ptolemy.actor.util.CausalityInterfaceForComposites._computeInputDepth(CausalityInterfaceForComposites.java:696)
	at ptolemy.actor.util.CausalityInterfaceForComposites._computeOutputPortDepth(CausalityInterfaceForComposites.java:765)
	at ptolemy.actor.util.CausalityInterfaceForComposites._computeInputDepth(CausalityInterfaceForComposites.java:696)
	at ptolemy.actor.util.CausalityInterfaceForComposites._computeActorDepth(CausalityInterfaceForComposites.java:532)
	at ptolemy.actor.util.CausalityInterfaceForComposites.checkForCycles(CausalityInterfaceForComposites.java:96)
	at ptolemy.domains.de.kernel.DEDirector.preinitialize(DEDirector.java:1338)
	at ptolemy.actor.CompositeActor.preinitialize(CompositeActor.java:1828)
	at ptolemy.actor.Manager.preinitializeAndResolveTypes(Manager.java:1040)
	at ptolemy.actor.Manager.initialize(Manager.java:710)
	at ptolemy.actor.Manager.execute(Manager.java:356)
	at ptolemy.actor.Manager.run(Manager.java:1263)
	at ptolemy.actor.Manager$PtolemyRunThread.run(Manager.java:1915)
java.lang.reflect.InvocationTargetException
	at sun.reflect.NativeConstructorAccessorImpl.newInstance0(Native Method)
	at sun.reflect.NativeConstructorAccessorImpl.newInstance(NativeConstructorAccessorImpl.java:62)
	at sun.reflect.DelegatingConstructorAccessorImpl.newInstance(DelegatingConstructorAccessorImpl.java:45)
	at java.lang.reflect.Constructor.newInstance(Constructor.java:423)
	at ptolemy.util.test.junit.AutoKnownFailedTests.RunModel(AutoKnownFailedTests.java:105)
	at sun.reflect.NativeMethodAccessorImpl.invoke0(Native Method)
	at sun.reflect.NativeMethodAccessorImpl.invoke(NativeMethodAccessorImpl.java:62)
	at sun.reflect.DelegatingMethodAccessorImpl.invoke(DelegatingMethodAccessorImpl.java:43)
	at java.lang.reflect.Method.invoke(Method.java:498)
	at org.junit.runners.model.FrameworkMethod$1.runReflectiveCall(FrameworkMethod.java:44)
	at org.junit.internal.runners.model.ReflectiveCallable.run(ReflectiveCallable.java:15)
	at org.junit.runners.model.FrameworkMethod.invokeExplosively(FrameworkMethod.java:41)
	at junitparams.internal.InvokeParameterisedMethod.evaluate(InvokeParameterisedMethod.java:102)
	at org.junit.internal.runners.statements.FailOnTimeout$1.run(FailOnTimeout.java:28)
Caused by: ptolemy.kernel.util.IllegalActionException: Found a zero delay loop containing .HierarchicalModel.A
  in .HierarchicalModel and .HierarchicalModel.A
	at ptolemy.actor.util.CausalityInterfaceForComposites._computeOutputPortDepth(CausalityInterfaceForComposites.java:759)
	at ptolemy.actor.util.CausalityInterfaceForComposites._computeInputDepth(CausalityInterfaceForComposites.java:696)
	at ptolemy.actor.util.CausalityInterfaceForComposites._computeOutputPortDepth(CausalityInterfaceForComposites.java:765)
	at ptolemy.actor.util.CausalityInterfaceForComposites._computeInputDepth(CausalityInterfaceForComposites.java:696)
	at ptolemy.actor.util.CausalityInterfaceForComposites._computeOutputPortDepth(CausalityInterfaceForComposites.java:765)
	at ptolemy.actor.util.CausalityInterfaceForComposites._computeInputDepth(CausalityInterfaceForComposites.java:696)
	at ptolemy.actor.util.CausalityInterfaceForComposites._computeActorDepth(CausalityInterfaceForComposites.java:532)
	at ptolemy.actor.util.CausalityInterfaceForComposites.checkForCycles(CausalityInterfaceForComposites.java:96)
	at ptolemy.domains.de.kernel.DEDirector.preinitialize(DEDirector.java:1338)
	at ptolemy.actor.CompositeActor.preinitialize(CompositeActor.java:1828)
	at ptolemy.actor.Manager.preinitializeAndResolveTypes(Manager.java:1040)
	at ptolemy.actor.Manager.initialize(Manager.java:710)
	at ptolemy.actor.Manager.execute(Manager.java:356)
	at ptolemy.actor.Manager.run(Manager.java:1263)
	at ptolemy.actor.Manager$PtolemyRunThread.run(Manager.java:1915)
java.lang.RuntimeException: Execution failed
	at ptolemy.moml.MoMLSimpleApplication$UnloadThread.run(MoMLSimpleApplication.java:402)
Caused by: ptolemy.kernel.util.IllegalActionException: Found a zero delay loop containing .dependencyLoop.original
  in .dependencyLoop and .dependencyLoop.original
	at ptolemy.actor.util.CausalityInterfaceForComposites._computeOutputPortDepth(CausalityInterfaceForComposites.java:759)
	at ptolemy.actor.util.CausalityInterfaceForComposites._computeInputDepth(CausalityInterfaceForComposites.java:696)
	at ptolemy.actor.util.CausalityInterfaceForComposites._computeOutputPortDepth(CausalityInterfaceForComposites.java:765)
	at ptolemy.actor.util.CausalityInterfaceForComposites._computeInputDepth(CausalityInterfaceForComposites.java:696)
	at ptolemy.actor.util.CausalityInterfaceForComposites._computeOutputPortDepth(CausalityInterfaceForComposites.java:765)
	at ptolemy.actor.util.CausalityInterfaceForComposites._computeInputDepth(CausalityInterfaceForComposites.java:696)
	at ptolemy.actor.util.CausalityInterfaceForComposites._computeActorDepth(CausalityInterfaceForComposites.java:532)
	at ptolemy.actor.util.CausalityInterfaceForComposites.checkForCycles(CausalityInterfaceForComposites.java:96)
	at ptolemy.domains.de.kernel.DEDirector.preinitialize(DEDirector.java:1338)
	at ptolemy.actor.CompositeActor.preinitialize(CompositeActor.java:1828)
	at ptolemy.actor.Manager.preinitializeAndResolveTypes(Manager.java:1040)
	at ptolemy.actor.Manager.initialize(Manager.java:710)
	at ptolemy.actor.Manager.execute(Manager.java:356)
	at ptolemy.actor.Manager.run(Manager.java:1263)
	at ptolemy.actor.Manager$PtolemyRunThread.run(Manager.java:1915)
java.lang.reflect.InvocationTargetException
	at sun.reflect.NativeConstructorAccessorImpl.newInstance0(Native Method)
	at sun.reflect.NativeConstructorAccessorImpl.newInstance(NativeConstructorAccessorImpl.java:62)
	at sun.reflect.DelegatingConstructorAccessorImpl.newInstance(DelegatingConstructorAccessorImpl.java:45)
	at java.lang.reflect.Constructor.newInstance(Constructor.java:423)
	at ptolemy.util.test.junit.AutoKnownFailedTests.RunModel(AutoKnownFailedTests.java:105)
	at sun.reflect.NativeMethodAccessorImpl.invoke0(Native Method)
	at sun.reflect.NativeMethodAccessorImpl.invoke(NativeMethodAccessorImpl.java:62)
	at sun.reflect.DelegatingMethodAccessorImpl.invoke(DelegatingMethodAccessorImpl.java:43)
	at java.lang.reflect.Method.invoke(Method.java:498)
	at org.junit.runners.model.FrameworkMethod$1.runReflectiveCall(FrameworkMethod.java:44)
	at org.junit.internal.runners.model.ReflectiveCallable.run(ReflectiveCallable.java:15)
	at org.junit.runners.model.FrameworkMethod.invokeExplosively(FrameworkMethod.java:41)
	at junitparams.internal.InvokeParameterisedMethod.evaluate(InvokeParameterisedMethod.java:102)
	at org.junit.internal.runners.statements.FailOnTimeout$1.run(FailOnTimeout.java:28)
Caused by: ptolemy.kernel.util.IllegalActionException: Found a zero delay loop containing .dependencyLoop.original
  in .dependencyLoop and .dependencyLoop.original
	at ptolemy.actor.util.CausalityInterfaceForComposites._computeOutputPortDepth(CausalityInterfaceForComposites.java:759)
	at ptolemy.actor.util.CausalityInterfaceForComposites._computeInputDepth(CausalityInterfaceForComposites.java:696)
	at ptolemy.actor.util.CausalityInterfaceForComposites._computeOutputPortDepth(CausalityInterfaceForComposites.java:765)
	at ptolemy.actor.util.CausalityInterfaceForComposites._computeInputDepth(CausalityInterfaceForComposites.java:696)
	at ptolemy.actor.util.CausalityInterfaceForComposites._computeOutputPortDepth(CausalityInterfaceForComposites.java:765)
	at ptolemy.actor.util.CausalityInterfaceForComposites._computeInputDepth(CausalityInterfaceForComposites.java:696)
	at ptolemy.actor.util.CausalityInterfaceForComposites._computeActorDepth(CausalityInterfaceForComposites.java:532)
	at ptolemy.actor.util.CausalityInterfaceForComposites.checkForCycles(CausalityInterfaceForComposites.java:96)
	at ptolemy.domains.de.kernel.DEDirector.preinitialize(DEDirector.java:1338)
	at ptolemy.actor.CompositeActor.preinitialize(CompositeActor.java:1828)
	at ptolemy.actor.Manager.preinitializeAndResolveTypes(Manager.java:1040)
	at ptolemy.actor.Manager.initialize(Manager.java:710)
	at ptolemy.actor.Manager.execute(Manager.java:356)
	at ptolemy.actor.Manager.run(Manager.java:1263)
	at ptolemy.actor.Manager$PtolemyRunThread.run(Manager.java:1915)
java.lang.RuntimeException: Execution failed
	at ptolemy.moml.MoMLSimpleApplication$UnloadThread.run(MoMLSimpleApplication.java:402)
Caused by: ptolemy.kernel.util.IllegalActionException: Found a zero delay loop containing .dependencyLoop2.original
  in .dependencyLoop2 and .dependencyLoop2.original
	at ptolemy.actor.util.CausalityInterfaceForComposites._computeOutputPortDepth(CausalityInterfaceForComposites.java:759)
	at ptolemy.actor.util.CausalityInterfaceForComposites._computeInputDepth(CausalityInterfaceForComposites.java:696)
	at ptolemy.actor.util.CausalityInterfaceForComposites._computeOutputPortDepth(CausalityInterfaceForComposites.java:765)
	at ptolemy.actor.util.CausalityInterfaceForComposites._computeInputDepth(CausalityInterfaceForComposites.java:696)
	at ptolemy.actor.util.CausalityInterfaceForComposites._computeOutputPortDepth(CausalityInterfaceForComposites.java:765)
	at ptolemy.actor.util.CausalityInterfaceForComposites._computeInputDepth(CausalityInterfaceForComposites.java:696)
	at ptolemy.actor.util.CausalityInterfaceForComposites._computeActorDepth(CausalityInterfaceForComposites.java:532)
	at ptolemy.actor.util.CausalityInterfaceForComposites.checkForCycles(CausalityInterfaceForComposites.java:96)
	at ptolemy.domains.de.kernel.DEDirector.preinitialize(DEDirector.java:1338)
	at ptolemy.actor.CompositeActor.preinitialize(CompositeActor.java:1828)
	at ptolemy.actor.Manager.preinitializeAndResolveTypes(Manager.java:1040)
	at ptolemy.actor.Manager.initialize(Manager.java:710)
	at ptolemy.actor.Manager.execute(Manager.java:356)
	at ptolemy.actor.Manager.run(Manager.java:1263)
	at ptolemy.actor.Manager$PtolemyRunThread.run(Manager.java:1915)
java.lang.reflect.InvocationTargetException
	at sun.reflect.NativeConstructorAccessorImpl.newInstance0(Native Method)
	at sun.reflect.NativeConstructorAccessorImpl.newInstance(NativeConstructorAccessorImpl.java:62)
	at sun.reflect.DelegatingConstructorAccessorImpl.newInstance(DelegatingConstructorAccessorImpl.java:45)
	at java.lang.reflect.Constructor.newInstance(Constructor.java:423)
	at ptolemy.util.test.junit.AutoKnownFailedTests.RunModel(AutoKnownFailedTests.java:105)
	at sun.reflect.NativeMethodAccessorImpl.invoke0(Native Method)
	at sun.reflect.NativeMethodAccessorImpl.invoke(NativeMethodAccessorImpl.java:62)
	at sun.reflect.DelegatingMethodAccessorImpl.invoke(DelegatingMethodAccessorImpl.java:43)
	at java.lang.reflect.Method.invoke(Method.java:498)
	at org.junit.runners.model.FrameworkMethod$1.runReflectiveCall(FrameworkMethod.java:44)
	at org.junit.internal.runners.model.ReflectiveCallable.run(ReflectiveCallable.java:15)
	at org.junit.runners.model.FrameworkMethod.invokeExplosively(FrameworkMethod.java:41)
	at junitparams.internal.InvokeParameterisedMethod.evaluate(InvokeParameterisedMethod.java:102)
	at org.junit.internal.runners.statements.FailOnTimeout$1.run(FailOnTimeout.java:28)
Caused by: ptolemy.kernel.util.IllegalActionException: Found a zero delay loop containing .dependencyLoop2.original
  in .dependencyLoop2 and .dependencyLoop2.original
	at ptolemy.actor.util.CausalityInterfaceForComposites._computeOutputPortDepth(CausalityInterfaceForComposites.java:759)
	at ptolemy.actor.util.CausalityInterfaceForComposites._computeInputDepth(CausalityInterfaceForComposites.java:696)
	at ptolemy.actor.util.CausalityInterfaceForComposites._computeOutputPortDepth(CausalityInterfaceForComposites.java:765)
	at ptolemy.actor.util.CausalityInterfaceForComposites._computeInputDepth(CausalityInterfaceForComposites.java:696)
	at ptolemy.actor.util.CausalityInterfaceForComposites._computeOutputPortDepth(CausalityInterfaceForComposites.java:765)
	at ptolemy.actor.util.CausalityInterfaceForComposites._computeInputDepth(CausalityInterfaceForComposites.java:696)
	at ptolemy.actor.util.CausalityInterfaceForComposites._computeActorDepth(CausalityInterfaceForComposites.java:532)
	at ptolemy.actor.util.CausalityInterfaceForComposites.checkForCycles(CausalityInterfaceForComposites.java:96)
	at ptolemy.domains.de.kernel.DEDirector.preinitialize(DEDirector.java:1338)
	at ptolemy.actor.CompositeActor.preinitialize(CompositeActor.java:1828)
	at ptolemy.actor.Manager.preinitializeAndResolveTypes(Manager.java:1040)
	at ptolemy.actor.Manager.initialize(Manager.java:710)
	at ptolemy.actor.Manager.execute(Manager.java:356)
	at ptolemy.actor.Manager.run(Manager.java:1263)
	at ptolemy.actor.Manager$PtolemyRunThread.run(Manager.java:1915)
]]></system-err>
</testsuite>
