<?xml version="1.0" encoding="UTF-8" ?>
<testsuite errors="0" failures="0" hostname="travis-job-e5cf893f-17da-4d0e-bc25-a4a83d0504cc" name="ptolemy.domains.sdf.test.junit.JUnitTclTest" skipped="0" tests="66" time="20.235" timestamp="2019-04-18T13:47:28">
  <properties>
[...]
</properties>
  <testcase classname="ptolemy.util.test.junit.TclTests" name="[0] /home/travis/build/icyphy/ptII/ptolemy/domains/sdf/test/SDFSchedulerErrors.tcl (RunTclFile)" time="0.709" />
  <testcase classname="ptolemy.util.test.junit.TclTests" name="[1] /home/travis/build/icyphy/ptII/ptolemy/domains/sdf/test/composition.tcl (RunTclFile)" time="0.162" />
  <testcase classname="ptolemy.util.test.junit.TclTests" name="[2] /home/travis/build/icyphy/ptII/ptolemy/domains/sdf/test/cycle.tcl (RunTclFile)" time="0.034" />
  <testcase classname="ptolemy.util.test.junit.AutoKnownFailedTests" name="[0] ThereAreNoKnowFailedTests (RunModel)" time="0.009" />
  <testcase classname="ptolemy.util.test.junit.AutoNameArchTests" name="[0] ThereAreNoAutoArchTests (RunModel)" time="0.007" />
  <testcase classname="ptolemy.util.test.junit.AutoTests" name="[0] /home/travis/build/icyphy/ptII/ptolemy/domains/sdf/test/auto/Array.xml (RunModel)" time="0.234" />
  <testcase classname="ptolemy.util.test.junit.AutoTests" name="[1] /home/travis/build/icyphy/ptII/ptolemy/domains/sdf/test/auto/Butterfly.xml (RunModel)" time="0.149" />
  <testcase classname="ptolemy.util.test.junit.AutoTests" name="[2] /home/travis/build/icyphy/ptII/ptolemy/domains/sdf/test/auto/Expression.xml (RunModel)" time="0.084" />
  <testcase classname="ptolemy.util.test.junit.AutoTests" name="[3] /home/travis/build/icyphy/ptII/ptolemy/domains/sdf/test/auto/Eye.xml (RunModel)" time="0.313" />
  <testcase classname="ptolemy.util.test.junit.AutoTests" name="[4] /home/travis/build/icyphy/ptII/ptolemy/domains/sdf/test/auto/FixFIR.xml (RunModel)" time="0.308" />
  <testcase classname="ptolemy.util.test.junit.AutoTests" name="[5] /home/travis/build/icyphy/ptII/ptolemy/domains/sdf/test/auto/FixPoint.xml (RunModel)" time="0.038" />
  <testcase classname="ptolemy.util.test.junit.AutoTests" name="[6] /home/travis/build/icyphy/ptII/ptolemy/domains/sdf/test/auto/Gravitation.xml (RunModel)" time="3.213" />
  <testcase classname="ptolemy.util.test.junit.AutoTests" name="[7] /home/travis/build/icyphy/ptII/ptolemy/domains/sdf/test/auto/GravitationWithCollisionDetection.xml (RunModel)" time="6.643" />
  <testcase classname="ptolemy.util.test.junit.AutoTests" name="[8] /home/travis/build/icyphy/ptII/ptolemy/domains/sdf/test/auto/HDF.xml (RunModel)" time="0.08" />
  <testcase classname="ptolemy.util.test.junit.AutoTests" name="[9] /home/travis/build/icyphy/ptII/ptolemy/domains/sdf/test/auto/HDFwithTransientStates.xml (RunModel)" time="0.084" />
  <testcase classname="ptolemy.util.test.junit.AutoTests" name="[10] /home/travis/build/icyphy/ptII/ptolemy/domains/sdf/test/auto/HTVQ.xml (RunModel)" time="0.821" />
  <testcase classname="ptolemy.util.test.junit.AutoTests" name="[11] /home/travis/build/icyphy/ptII/ptolemy/domains/sdf/test/auto/InferInitProduction.xml (RunModel)" time="0.04" />
  <testcase classname="ptolemy.util.test.junit.AutoTests" name="[12] /home/travis/build/icyphy/ptII/ptolemy/domains/sdf/test/auto/InferInitProductionDeeper.xml (RunModel)" time="0.027" />
  <testcase classname="ptolemy.util.test.junit.AutoTests" name="[13] /home/travis/build/icyphy/ptII/ptolemy/domains/sdf/test/auto/LMSAdaptive.xml (RunModel)" time="0.08" />
  <testcase classname="ptolemy.util.test.junit.AutoTests" name="[14] /home/travis/build/icyphy/ptII/ptolemy/domains/sdf/test/auto/LogisticMap.xml (RunModel)" time="0.5" />
  <testcase classname="ptolemy.util.test.junit.AutoTests" name="[15] /home/travis/build/icyphy/ptII/ptolemy/domains/sdf/test/auto/MaximumEntropySpectrum.xml (RunModel)" time="0.296" />
  <testcase classname="ptolemy.util.test.junit.AutoTests" name="[16] /home/travis/build/icyphy/ptII/ptolemy/domains/sdf/test/auto/MultirateSDF.xml (RunModel)" time="0.062" />
  <testcase classname="ptolemy.util.test.junit.AutoTests" name="[17] /home/travis/build/icyphy/ptII/ptolemy/domains/sdf/test/auto/MultirateSDFwithTransientStates.xml (RunModel)" time="0.083" />
  <testcase classname="ptolemy.util.test.junit.AutoTests" name="[18] /home/travis/build/icyphy/ptII/ptolemy/domains/sdf/test/auto/NoisySinewave.xml (RunModel)" time="0.076" />
  <testcase classname="ptolemy.util.test.junit.AutoTests" name="[19] /home/travis/build/icyphy/ptII/ptolemy/domains/sdf/test/auto/Objects.xml (RunModel)" time="0.07" />
  <testcase classname="ptolemy.util.test.junit.AutoTests" name="[20] /home/travis/build/icyphy/ptII/ptolemy/domains/sdf/test/auto/OrthogonalCom.xml (RunModel)" time="0.05" />
  <testcase classname="ptolemy.util.test.junit.AutoTests" name="[21] /home/travis/build/icyphy/ptII/ptolemy/domains/sdf/test/auto/RijndaelEncryption.xml (RunModel)" time="0.521" />
  <testcase classname="ptolemy.util.test.junit.AutoTests" name="[22] /home/travis/build/icyphy/ptII/ptolemy/domains/sdf/test/auto/SDFEmptyIterations.xml (RunModel)" time="0.019" />
  <testcase classname="ptolemy.util.test.junit.AutoTests" name="[23] /home/travis/build/icyphy/ptII/ptolemy/domains/sdf/test/auto/Spectrum.xml (RunModel)" time="0.088" />
  <testcase classname="ptolemy.util.test.junit.AutoTests" name="[24] /home/travis/build/icyphy/ptII/ptolemy/domains/sdf/test/auto/de_inside_sdf.xml (RunModel)" time="0.028" />
  <testcase classname="ptolemy.util.test.junit.AutoTests" name="[25] /home/travis/build/icyphy/ptII/ptolemy/domains/sdf/test/auto/disconnectedHierarchicalSDF.xml (RunModel)" time="0.026" />
  <testcase classname="ptolemy.util.test.junit.AutoTests" name="[26] /home/travis/build/icyphy/ptII/ptolemy/domains/sdf/test/auto/disconnectedSDF.xml (RunModel)" time="0.018" />
  <testcase classname="ptolemy.util.test.junit.AutoTests" name="[27] /home/travis/build/icyphy/ptII/ptolemy/domains/sdf/test/auto/emptyRefinement.xml (RunModel)" time="0.026" />
  <testcase classname="ptolemy.util.test.junit.AutoTests" name="[28] /home/travis/build/icyphy/ptII/ptolemy/domains/sdf/test/auto/filePortParameter.xml (RunModel)" time="0.044" />
  <testcase classname="ptolemy.util.test.junit.AutoTests" name="[29] /home/travis/build/icyphy/ptII/ptolemy/domains/sdf/test/auto/inferRelationWidth1.xml (RunModel)" time="0.018" />
  <testcase classname="ptolemy.util.test.junit.AutoTests" name="[30] /home/travis/build/icyphy/ptII/ptolemy/domains/sdf/test/auto/initProductionInference.xml (RunModel)" time="0.022" />
  <testcase classname="ptolemy.util.test.junit.AutoTests" name="[31] /home/travis/build/icyphy/ptII/ptolemy/domains/sdf/test/auto/relationGroup.xml (RunModel)" time="0.015" />
  <testcase classname="ptolemy.util.test.junit.AutoTests" name="[32] /home/travis/build/icyphy/ptII/ptolemy/domains/sdf/test/auto/relationGroup10.xml (RunModel)" time="0.016" />
  <testcase classname="ptolemy.util.test.junit.AutoTests" name="[33] /home/travis/build/icyphy/ptII/ptolemy/domains/sdf/test/auto/relationGroup11.xml (RunModel)" time="0.019" />
  <testcase classname="ptolemy.util.test.junit.AutoTests" name="[34] /home/travis/build/icyphy/ptII/ptolemy/domains/sdf/test/auto/relationGroup12.xml (RunModel)" time="0.015" />
  <testcase classname="ptolemy.util.test.junit.AutoTests" name="[35] /home/travis/build/icyphy/ptII/ptolemy/domains/sdf/test/auto/relationGroup13.xml (RunModel)" time="0.031" />
  <testcase classname="ptolemy.util.test.junit.AutoTests" name="[36] /home/travis/build/icyphy/ptII/ptolemy/domains/sdf/test/auto/relationGroup14.xml (RunModel)" time="0.019" />
  <testcase classname="ptolemy.util.test.junit.AutoTests" name="[37] /home/travis/build/icyphy/ptII/ptolemy/domains/sdf/test/auto/relationGroup15.xml (RunModel)" time="0.018" />
  <testcase classname="ptolemy.util.test.junit.AutoTests" name="[38] /home/travis/build/icyphy/ptII/ptolemy/domains/sdf/test/auto/relationGroup2.xml (RunModel)" time="0.015" />
  <testcase classname="ptolemy.util.test.junit.AutoTests" name="[39] /home/travis/build/icyphy/ptII/ptolemy/domains/sdf/test/auto/relationGroup3.xml (RunModel)" time="0.01" />
  <testcase classname="ptolemy.util.test.junit.AutoTests" name="[40] /home/travis/build/icyphy/ptII/ptolemy/domains/sdf/test/auto/relationGroup4.xml (RunModel)" time="0.02" />
  <testcase classname="ptolemy.util.test.junit.AutoTests" name="[41] /home/travis/build/icyphy/ptII/ptolemy/domains/sdf/test/auto/relationGroup5.xml (RunModel)" time="0.013" />
  <testcase classname="ptolemy.util.test.junit.AutoTests" name="[42] /home/travis/build/icyphy/ptII/ptolemy/domains/sdf/test/auto/relationGroup6.xml (RunModel)" time="0.02" />
  <testcase classname="ptolemy.util.test.junit.AutoTests" name="[43] /home/travis/build/icyphy/ptII/ptolemy/domains/sdf/test/auto/relationGroup7.xml (RunModel)" time="0.009" />
  <testcase classname="ptolemy.util.test.junit.AutoTests" name="[44] /home/travis/build/icyphy/ptII/ptolemy/domains/sdf/test/auto/relationGroup8.xml (RunModel)" time="0.013" />
  <testcase classname="ptolemy.util.test.junit.AutoTests" name="[45] /home/travis/build/icyphy/ptII/ptolemy/domains/sdf/test/auto/relationGroup9.xml (RunModel)" time="0.014" />
  <testcase classname="ptolemy.util.test.junit.AutoTests" name="[46] /home/travis/build/icyphy/ptII/ptolemy/domains/sdf/test/auto/sdf_inside_de.xml (RunModel)" time="0.054" />
  <testcase classname="ptolemy.util.test.junit.AutoTests" name="[47] /home/travis/build/icyphy/ptII/ptolemy/domains/sdf/test/auto/sdf_inside_pn.xml (RunModel)" time="0.068" />
  <testcase classname="ptolemy.util.test.junit.AutoTests" name="[48] /home/travis/build/icyphy/ptII/ptolemy/domains/sdf/test/auto/sdf_sdf1.xml (RunModel)" time="0.024" />
  <testcase classname="ptolemy.util.test.junit.AutoTests" name="[49] /home/travis/build/icyphy/ptII/ptolemy/domains/sdf/test/auto/test1.xml (RunModel)" time="0.014" />
  <testcase classname="ptolemy.util.test.junit.AutoTests" name="[50] /home/travis/build/icyphy/ptII/ptolemy/domains/sdf/test/auto/time1.xml (RunModel)" time="0.009" />
  <testcase classname="ptolemy.util.test.junit.AutoTests" name="[51] /home/travis/build/icyphy/ptII/ptolemy/domains/sdf/test/auto/time2.xml (RunModel)" time="0.01" />
  <testcase classname="ptolemy.util.test.junit.AutoTests" name="[52] /home/travis/build/icyphy/ptII/ptolemy/domains/sdf/test/auto/time3.xml (RunModel)" time="0.02" />
  <testcase classname="ptolemy.util.test.junit.AutoTests" name="[53] /home/travis/build/icyphy/ptII/ptolemy/domains/sdf/test/auto/time4.xml (RunModel)" time="0.018" />
  <testcase classname="ptolemy.util.test.junit.AutoTests" name="[54] /home/travis/build/icyphy/ptII/ptolemy/domains/sdf/test/auto/time5.xml (RunModel)" time="4.01" />
  <testcase classname="ptolemy.util.test.junit.AutoTests" name="[55] /home/travis/build/icyphy/ptII/ptolemy/domains/sdf/test/auto/typeSystem_Const_Integer_smallest_Type.xml (RunModel)" time="0.046" />
  <testcase classname="ptolemy.util.test.junit.AutoTests" name="[56] /home/travis/build/icyphy/ptII/ptolemy/domains/sdf/test/auto/typeSystem_declared_Inports_OutportTypeException.xml (RunModel)" time="0.032" />
  <testcase classname="ptolemy.util.test.junit.AutoTests" name="[57] /home/travis/build/icyphy/ptII/ptolemy/domains/sdf/test/auto/typeSystem_oneDeclaredInportType_wrongTypeOutport.xml (RunModel)" time="0.016" />
  <testcase classname="ptolemy.util.test.junit.AutoTests" name="[58] /home/travis/build/icyphy/ptII/ptolemy/domains/sdf/test/auto/width.xml (RunModel)" time="0.014" />
  <testcase classname="ptolemy.util.test.junit.AutoTests" name="[59] /home/travis/build/icyphy/ptII/ptolemy/domains/sdf/test/auto/width2.xml (RunModel)" time="0.051" />
  <testcase classname="ptolemy.util.test.junit.AutoTests" name="[60] /home/travis/build/icyphy/ptII/ptolemy/domains/sdf/test/auto/width3.xml (RunModel)" time="0.038" />
  <system-out><![CDATA[/home/travis/build/icyphy/ptII/ptolemy/domains/sdf/test/SDFSchedulerErrors.tcl
testDefs.tcl: setting time out to 9000 seconds at Thu Apr 18 13:47:28 UTC 2019
30 ms. Memory: 116224K Free: 108727K (94%)
5 ms. Memory: 116224K Free: 102316K (88%)
5 ms. Memory: 116224K Free: 95317K (82%)
2 ms. Memory: 116224K Free: 92214K (79%)
/home/travis/build/icyphy/ptII/ptolemy/domains/sdf/test/composition.tcl
33 ms. Memory: 116224K Free: 88575K (76%)
8 ms. Memory: 116224K Free: 86768K (75%)
/home/travis/build/icyphy/ptII/ptolemy/domains/sdf/test/cycle.tcl
.Toplevel.Director Preinitializing ...
Invoking preinitialize():  .Toplevel.Actor1
Invoking preinitialize():  .Toplevel.Actor2
Invoking preinitialize():  .Toplevel.Delay
.Toplevel.Director Finished preinitialize().
### Schedule:
Execute Schedule{
Fire Actor ptolemy.domains.sdf.kernel.test.SDFTestDelay {.Toplevel.Actor1}
Fire Actor ptolemy.domains.sdf.kernel.test.SDFTestDelay {.Toplevel.Actor2}
Fire Actor ptolemy.domains.sdf.lib.SampleDelay {.Toplevel.Delay}
}
### End schedule
Called initialize().
Invoking initialize():  .Toplevel.Actor1
Initializing actor: .Toplevel.Actor1.
Invoking initialize():  .Toplevel.Actor2
Initializing actor: .Toplevel.Actor2.
Invoking initialize():  .Toplevel.Delay
Initializing actor: .Toplevel.Delay.
Director: Called prefire().
-- Setting current time to 0.0
Director prefire returns true.
The actor .Toplevel.Actor1 will be iterated.
The actor .Toplevel.Actor1 was iterated.
The actor .Toplevel.Actor2 will be iterated.
The actor .Toplevel.Actor2 was iterated.
The actor .Toplevel.Delay will be iterated.
The actor .Toplevel.Delay was iterated.
Director: Called postfire().
Postfire returns: true
Director: Called prefire().
-- Setting current time to 0.0
Director prefire returns true.
The actor .Toplevel.Actor1 will be iterated.
The actor .Toplevel.Actor1 was iterated.
The actor .Toplevel.Actor2 will be iterated.
The actor .Toplevel.Actor2 was iterated.
The actor .Toplevel.Delay will be iterated.
The actor .Toplevel.Delay was iterated.
Director: Called postfire().
Postfire returns: true
Director: Called prefire().
-- Setting current time to 0.0
Director prefire returns true.
The actor .Toplevel.Actor1 will be iterated.
The actor .Toplevel.Actor1 was iterated.
The actor .Toplevel.Actor2 will be iterated.
The actor .Toplevel.Actor2 was iterated.
The actor .Toplevel.Delay will be iterated.
The actor .Toplevel.Delay was iterated.
Director: Called postfire().
Postfire returns: true
Director: Called prefire().
-- Setting current time to 0.0
Director prefire returns true.
The actor .Toplevel.Actor1 will be iterated.
The actor .Toplevel.Actor1 was iterated.
The actor .Toplevel.Actor2 will be iterated.
The actor .Toplevel.Actor2 was iterated.
The actor .Toplevel.Delay will be iterated.
The actor .Toplevel.Delay was iterated.
Director: Called postfire().
Postfire returns: true
Director: Called prefire().
-- Setting current time to 0.0
Director prefire returns true.
The actor .Toplevel.Actor1 will be iterated.
The actor .Toplevel.Actor1 was iterated.
The actor .Toplevel.Actor2 will be iterated.
The actor .Toplevel.Actor2 was iterated.
The actor .Toplevel.Delay will be iterated.
The actor .Toplevel.Delay was iterated.
Director: Called postfire().
Postfire returns: true
Director: Called prefire().
-- Setting current time to 0.0
Director prefire returns true.
The actor .Toplevel.Actor1 will be iterated.
The actor .Toplevel.Actor1 was iterated.
The actor .Toplevel.Actor2 will be iterated.
The actor .Toplevel.Actor2 was iterated.
The actor .Toplevel.Delay will be iterated.
The actor .Toplevel.Delay was iterated.
Reached specified number of iterations: 6
Director: Called wrapup().
6 ms. Memory: 116224K Free: 84387K (73%)
04/18/19 01:47:29
Failed: 0  Total Tests: 8  ((Passed: 8, Newly Passed: 0)  Known Failed: 0) /home/travis/build/icyphy/ptII/ptolemy/domains/sdf/test
No auto/knownFailedTests/*.xml tests in /home/travis/build/icyphy/ptII/ptolemy/domains/sdf/test
No auto/linux-amd64/*.xml tests in /home/travis/build/icyphy/ptII/ptolemy/domains/sdf/test
AutoTests.java: About to close Vertx.
AutoTests.java: Vertx closed.

===========================================================================================
----------------- testing Thu Apr 18 13:47:29 UTC 2019 /home/travis/build/icyphy/ptII/ptolemy/domains/sdf/test/auto/Array.xml
----------------- Instantiating /home/travis/build/icyphy/ptII/ptolemy/domains/sdf/test/auto/Array.xml
52 ms. Memory: 146944K Free: 109966K (75%)
----------------- Invoking toplevel() on ptolemy.moml.MoMLSimpleApplication@7ccc9260
----------------- Done invoking toplevel() on ptolemy.moml.MoMLSimpleApplication@7ccc9260
reloadAllAccessors: .Array

===========================================================================================
----------------- testing Thu Apr 18 13:47:30 UTC 2019 /home/travis/build/icyphy/ptII/ptolemy/domains/sdf/test/auto/Butterfly.xml
----------------- Instantiating /home/travis/build/icyphy/ptII/ptolemy/domains/sdf/test/auto/Butterfly.xml
79 ms. Memory: 146944K Free: 102685K (70%)
----------------- Invoking toplevel() on ptolemy.moml.MoMLSimpleApplication@b0adab
----------------- Done invoking toplevel() on ptolemy.moml.MoMLSimpleApplication@b0adab
reloadAllAccessors: .Butterfly

===========================================================================================
----------------- testing Thu Apr 18 13:47:30 UTC 2019 /home/travis/build/icyphy/ptII/ptolemy/domains/sdf/test/auto/Expression.xml
----------------- Instantiating /home/travis/build/icyphy/ptII/ptolemy/domains/sdf/test/auto/Expression.xml
61 ms. Memory: 146944K Free: 97131K (66%)
----------------- Invoking toplevel() on ptolemy.moml.MoMLSimpleApplication@635a0c6e
----------------- Done invoking toplevel() on ptolemy.moml.MoMLSimpleApplication@635a0c6e
reloadAllAccessors: .Expression

===========================================================================================
----------------- testing Thu Apr 18 13:47:30 UTC 2019 /home/travis/build/icyphy/ptII/ptolemy/domains/sdf/test/auto/Eye.xml
----------------- Instantiating /home/travis/build/icyphy/ptII/ptolemy/domains/sdf/test/auto/Eye.xml
210 ms. Memory: 146944K Free: 128631K (88%)
----------------- Invoking toplevel() on ptolemy.moml.MoMLSimpleApplication@359d1a03
----------------- Done invoking toplevel() on ptolemy.moml.MoMLSimpleApplication@359d1a03
reloadAllAccessors: .Eye

===========================================================================================
----------------- testing Thu Apr 18 13:47:30 UTC 2019 /home/travis/build/icyphy/ptII/ptolemy/domains/sdf/test/auto/FixFIR.xml
----------------- Instantiating /home/travis/build/icyphy/ptII/ptolemy/domains/sdf/test/auto/FixFIR.xml
102 ms. Memory: 146944K Free: 90553K (62%)
----------------- Invoking toplevel() on ptolemy.moml.MoMLSimpleApplication@45cf693c
----------------- Done invoking toplevel() on ptolemy.moml.MoMLSimpleApplication@45cf693c
reloadAllAccessors: .FixFIR

===========================================================================================
----------------- testing Thu Apr 18 13:47:30 UTC 2019 /home/travis/build/icyphy/ptII/ptolemy/domains/sdf/test/auto/FixPoint.xml
----------------- Instantiating /home/travis/build/icyphy/ptII/ptolemy/domains/sdf/test/auto/FixPoint.xml
15 ms. Memory: 146944K Free: 85999K (59%)
----------------- Invoking toplevel() on ptolemy.moml.MoMLSimpleApplication@47b9ae7d
----------------- Done invoking toplevel() on ptolemy.moml.MoMLSimpleApplication@47b9ae7d
reloadAllAccessors: .FixPoint

===========================================================================================
----------------- testing Thu Apr 18 13:47:30 UTC 2019 /home/travis/build/icyphy/ptII/ptolemy/domains/sdf/test/auto/Gravitation.xml
----------------- Instantiating /home/travis/build/icyphy/ptII/ptolemy/domains/sdf/test/auto/Gravitation.xml
3097 ms. Memory: 208384K Free: 108921K (52%)
----------------- Invoking toplevel() on ptolemy.moml.MoMLSimpleApplication@6a6ac591
----------------- Done invoking toplevel() on ptolemy.moml.MoMLSimpleApplication@6a6ac591
reloadAllAccessors: .Gravitation

===========================================================================================
----------------- testing Thu Apr 18 13:47:34 UTC 2019 /home/travis/build/icyphy/ptII/ptolemy/domains/sdf/test/auto/GravitationWithCollisionDetection.xml
----------------- Instantiating /home/travis/build/icyphy/ptII/ptolemy/domains/sdf/test/auto/GravitationWithCollisionDetection.xml
6421 ms. Memory: 873984K Free: 344783K (39%)
----------------- Invoking toplevel() on ptolemy.moml.MoMLSimpleApplication@708bb85f
----------------- Done invoking toplevel() on ptolemy.moml.MoMLSimpleApplication@708bb85f
reloadAllAccessors: .GravitationWithCollisionDetection

===========================================================================================
----------------- testing Thu Apr 18 13:47:40 UTC 2019 /home/travis/build/icyphy/ptII/ptolemy/domains/sdf/test/auto/HDF.xml
----------------- Instantiating /home/travis/build/icyphy/ptII/ptolemy/domains/sdf/test/auto/HDF.xml
30 ms. Memory: 873984K Free: 313167K (36%)
----------------- Invoking toplevel() on ptolemy.moml.MoMLSimpleApplication@18b48c48
----------------- Done invoking toplevel() on ptolemy.moml.MoMLSimpleApplication@18b48c48
reloadAllAccessors: .HDF

===========================================================================================
----------------- testing Thu Apr 18 13:47:40 UTC 2019 /home/travis/build/icyphy/ptII/ptolemy/domains/sdf/test/auto/HDFwithTransientStates.xml
----------------- Instantiating /home/travis/build/icyphy/ptII/ptolemy/domains/sdf/test/auto/HDFwithTransientStates.xml
33 ms. Memory: 873984K Free: 289203K (33%)
----------------- Invoking toplevel() on ptolemy.moml.MoMLSimpleApplication@433ffd1
----------------- Done invoking toplevel() on ptolemy.moml.MoMLSimpleApplication@433ffd1
reloadAllAccessors: .HDFwithTransientStates

===========================================================================================
----------------- testing Thu Apr 18 13:47:40 UTC 2019 /home/travis/build/icyphy/ptII/ptolemy/domains/sdf/test/auto/HTVQ.xml
----------------- Instantiating /home/travis/build/icyphy/ptII/ptolemy/domains/sdf/test/auto/HTVQ.xml
765 ms. Memory: 873984K Free: 116086K (13%)
----------------- Invoking toplevel() on ptolemy.moml.MoMLSimpleApplication@46ab6693
----------------- Done invoking toplevel() on ptolemy.moml.MoMLSimpleApplication@46ab6693
reloadAllAccessors: .HTVQ

===========================================================================================
----------------- testing Thu Apr 18 13:47:41 UTC 2019 /home/travis/build/icyphy/ptII/ptolemy/domains/sdf/test/auto/InferInitProduction.xml
----------------- Instantiating /home/travis/build/icyphy/ptII/ptolemy/domains/sdf/test/auto/InferInitProduction.xml
12 ms. Memory: 873984K Free: 100368K (11%)
----------------- Invoking toplevel() on ptolemy.moml.MoMLSimpleApplication@5f8fbd1f
----------------- Done invoking toplevel() on ptolemy.moml.MoMLSimpleApplication@5f8fbd1f
reloadAllAccessors: .InferInitProduction

===========================================================================================
----------------- testing Thu Apr 18 13:47:41 UTC 2019 /home/travis/build/icyphy/ptII/ptolemy/domains/sdf/test/auto/InferInitProductionDeeper.xml
----------------- Instantiating /home/travis/build/icyphy/ptII/ptolemy/domains/sdf/test/auto/InferInitProductionDeeper.xml
3 ms. Memory: 873984K Free: 84650K (10%)
----------------- Invoking toplevel() on ptolemy.moml.MoMLSimpleApplication@74d6a4e0
----------------- Done invoking toplevel() on ptolemy.moml.MoMLSimpleApplication@74d6a4e0
reloadAllAccessors: .InferInitProductionDeeper

===========================================================================================
----------------- testing Thu Apr 18 13:47:41 UTC 2019 /home/travis/build/icyphy/ptII/ptolemy/domains/sdf/test/auto/LMSAdaptive.xml
----------------- Instantiating /home/travis/build/icyphy/ptII/ptolemy/domains/sdf/test/auto/LMSAdaptive.xml
14 ms. Memory: 874496K Free: 853454K (98%)
----------------- Invoking toplevel() on ptolemy.moml.MoMLSimpleApplication@315845f4
----------------- Done invoking toplevel() on ptolemy.moml.MoMLSimpleApplication@315845f4
reloadAllAccessors: .LMSAdaptive

===========================================================================================
----------------- testing Thu Apr 18 13:47:41 UTC 2019 /home/travis/build/icyphy/ptII/ptolemy/domains/sdf/test/auto/LogisticMap.xml
----------------- Instantiating /home/travis/build/icyphy/ptII/ptolemy/domains/sdf/test/auto/LogisticMap.xml
456 ms. Memory: 874496K Free: 839762K (96%)
----------------- Invoking toplevel() on ptolemy.moml.MoMLSimpleApplication@79c8b5de
----------------- Done invoking toplevel() on ptolemy.moml.MoMLSimpleApplication@79c8b5de
reloadAllAccessors: .LogisticMap

===========================================================================================
----------------- testing Thu Apr 18 13:47:42 UTC 2019 /home/travis/build/icyphy/ptII/ptolemy/domains/sdf/test/auto/MaximumEntropySpectrum.xml
----------------- Instantiating /home/travis/build/icyphy/ptII/ptolemy/domains/sdf/test/auto/MaximumEntropySpectrum.xml
79 ms. Memory: 874496K Free: 771545K (88%)
----------------- Invoking toplevel() on ptolemy.moml.MoMLSimpleApplication@4ef2744c
----------------- Done invoking toplevel() on ptolemy.moml.MoMLSimpleApplication@4ef2744c
reloadAllAccessors: .MaximumEntropySpectrum

===========================================================================================
----------------- testing Thu Apr 18 13:47:42 UTC 2019 /home/travis/build/icyphy/ptII/ptolemy/domains/sdf/test/auto/MultirateSDF.xml
----------------- Instantiating /home/travis/build/icyphy/ptII/ptolemy/domains/sdf/test/auto/MultirateSDF.xml
17 ms. Memory: 874496K Free: 750563K (86%)
----------------- Invoking toplevel() on ptolemy.moml.MoMLSimpleApplication@7f604bc
----------------- Done invoking toplevel() on ptolemy.moml.MoMLSimpleApplication@7f604bc
reloadAllAccessors: .MultirateSDF

===========================================================================================
----------------- testing Thu Apr 18 13:47:42 UTC 2019 /home/travis/build/icyphy/ptII/ptolemy/domains/sdf/test/auto/MultirateSDFwithTransientStates.xml
----------------- Instantiating /home/travis/build/icyphy/ptII/ptolemy/domains/sdf/test/auto/MultirateSDFwithTransientStates.xml
20 ms. Memory: 874496K Free: 724349K (83%)
----------------- Invoking toplevel() on ptolemy.moml.MoMLSimpleApplication@6f8b46dd
----------------- Done invoking toplevel() on ptolemy.moml.MoMLSimpleApplication@6f8b46dd
reloadAllAccessors: .MultirateSDFwithTransientStates

===========================================================================================
----------------- testing Thu Apr 18 13:47:42 UTC 2019 /home/travis/build/icyphy/ptII/ptolemy/domains/sdf/test/auto/NoisySinewave.xml
----------------- Instantiating /home/travis/build/icyphy/ptII/ptolemy/domains/sdf/test/auto/NoisySinewave.xml
22 ms. Memory: 874496K Free: 703367K (80%)
----------------- Invoking toplevel() on ptolemy.moml.MoMLSimpleApplication@5c8de0e0
----------------- Done invoking toplevel() on ptolemy.moml.MoMLSimpleApplication@5c8de0e0
reloadAllAccessors: .NoisySinewave

===========================================================================================
----------------- testing Thu Apr 18 13:47:42 UTC 2019 /home/travis/build/icyphy/ptII/ptolemy/domains/sdf/test/auto/Objects.xml
----------------- Instantiating /home/travis/build/icyphy/ptII/ptolemy/domains/sdf/test/auto/Objects.xml
5 ms. Memory: 874496K Free: 687633K (79%)
----------------- Invoking toplevel() on ptolemy.moml.MoMLSimpleApplication@3591b130
----------------- Done invoking toplevel() on ptolemy.moml.MoMLSimpleApplication@3591b130
reloadAllAccessors: .Objects

===========================================================================================
----------------- testing Thu Apr 18 13:47:43 UTC 2019 /home/travis/build/icyphy/ptII/ptolemy/domains/sdf/test/auto/OrthogonalCom.xml
----------------- Instantiating /home/travis/build/icyphy/ptII/ptolemy/domains/sdf/test/auto/OrthogonalCom.xml
9 ms. Memory: 874496K Free: 671914K (77%)
----------------- Invoking toplevel() on ptolemy.moml.MoMLSimpleApplication@8bb3e98
----------------- Done invoking toplevel() on ptolemy.moml.MoMLSimpleApplication@8bb3e98
reloadAllAccessors: .OrthogonalCom

===========================================================================================
----------------- testing Thu Apr 18 13:47:43 UTC 2019 /home/travis/build/icyphy/ptII/ptolemy/domains/sdf/test/auto/RijndaelEncryption.xml
----------------- Instantiating /home/travis/build/icyphy/ptII/ptolemy/domains/sdf/test/auto/RijndaelEncryption.xml
242 ms. Memory: 874496K Free: 514529K (59%)
----------------- Invoking toplevel() on ptolemy.moml.MoMLSimpleApplication@145221d2
----------------- Done invoking toplevel() on ptolemy.moml.MoMLSimpleApplication@145221d2
reloadAllAccessors: .RijndaelEncryption

===========================================================================================
----------------- testing Thu Apr 18 13:47:43 UTC 2019 /home/travis/build/icyphy/ptII/ptolemy/domains/sdf/test/auto/SDFEmptyIterations.xml
----------------- Instantiating /home/travis/build/icyphy/ptII/ptolemy/domains/sdf/test/auto/SDFEmptyIterations.xml
4 ms. Memory: 874496K Free: 504050K (58%)
----------------- Invoking toplevel() on ptolemy.moml.MoMLSimpleApplication@3de3ea84
----------------- Done invoking toplevel() on ptolemy.moml.MoMLSimpleApplication@3de3ea84
reloadAllAccessors: .SDFEmptyIterations

===========================================================================================
----------------- testing Thu Apr 18 13:47:43 UTC 2019 /home/travis/build/icyphy/ptII/ptolemy/domains/sdf/test/auto/Spectrum.xml
----------------- Instantiating /home/travis/build/icyphy/ptII/ptolemy/domains/sdf/test/auto/Spectrum.xml
45 ms. Memory: 874496K Free: 480114K (55%)
----------------- Invoking toplevel() on ptolemy.moml.MoMLSimpleApplication@23167f9a
----------------- Done invoking toplevel() on ptolemy.moml.MoMLSimpleApplication@23167f9a
reloadAllAccessors: .Spectrum

===========================================================================================
----------------- testing Thu Apr 18 13:47:43 UTC 2019 /home/travis/build/icyphy/ptII/ptolemy/domains/sdf/test/auto/de_inside_sdf.xml
----------------- Instantiating /home/travis/build/icyphy/ptII/ptolemy/domains/sdf/test/auto/de_inside_sdf.xml
9 ms. Memory: 874496K Free: 469635K (54%)
----------------- Invoking toplevel() on ptolemy.moml.MoMLSimpleApplication@7e60e752
----------------- Done invoking toplevel() on ptolemy.moml.MoMLSimpleApplication@7e60e752
reloadAllAccessors: .de_inside_sdf

===========================================================================================
----------------- testing Thu Apr 18 13:47:43 UTC 2019 /home/travis/build/icyphy/ptII/ptolemy/domains/sdf/test/auto/disconnectedHierarchicalSDF.xml
----------------- Instantiating /home/travis/build/icyphy/ptII/ptolemy/domains/sdf/test/auto/disconnectedHierarchicalSDF.xml
5 ms. Memory: 874496K Free: 459156K (53%)
----------------- Invoking toplevel() on ptolemy.moml.MoMLSimpleApplication@7b051ce4
----------------- Done invoking toplevel() on ptolemy.moml.MoMLSimpleApplication@7b051ce4
reloadAllAccessors: .disconnectedHierarchicalSDF

===========================================================================================
----------------- testing Thu Apr 18 13:47:43 UTC 2019 /home/travis/build/icyphy/ptII/ptolemy/domains/sdf/test/auto/disconnectedSDF.xml
----------------- Instantiating /home/travis/build/icyphy/ptII/ptolemy/domains/sdf/test/auto/disconnectedSDF.xml
3 ms. Memory: 874496K Free: 448677K (51%)
----------------- Invoking toplevel() on ptolemy.moml.MoMLSimpleApplication@5b715e50
----------------- Done invoking toplevel() on ptolemy.moml.MoMLSimpleApplication@5b715e50
reloadAllAccessors: .disconnectedSDF

===========================================================================================
----------------- testing Thu Apr 18 13:47:43 UTC 2019 /home/travis/build/icyphy/ptII/ptolemy/domains/sdf/test/auto/emptyRefinement.xml
----------------- Instantiating /home/travis/build/icyphy/ptII/ptolemy/domains/sdf/test/auto/emptyRefinement.xml
5 ms. Memory: 874496K Free: 438198K (50%)
----------------- Invoking toplevel() on ptolemy.moml.MoMLSimpleApplication@26c29839
----------------- Done invoking toplevel() on ptolemy.moml.MoMLSimpleApplication@26c29839
reloadAllAccessors: .emptyRefinement

===========================================================================================
----------------- testing Thu Apr 18 13:47:43 UTC 2019 /home/travis/build/icyphy/ptII/ptolemy/domains/sdf/test/auto/filePortParameter.xml
----------------- Instantiating /home/travis/build/icyphy/ptII/ptolemy/domains/sdf/test/auto/filePortParameter.xml
12 ms. Memory: 874496K Free: 422464K (48%)
----------------- Invoking toplevel() on ptolemy.moml.MoMLSimpleApplication@7016a61f
----------------- Done invoking toplevel() on ptolemy.moml.MoMLSimpleApplication@7016a61f
reloadAllAccessors: .filePortParameter

===========================================================================================
----------------- testing Thu Apr 18 13:47:43 UTC 2019 /home/travis/build/icyphy/ptII/ptolemy/domains/sdf/test/auto/inferRelationWidth1.xml
----------------- Instantiating /home/travis/build/icyphy/ptII/ptolemy/domains/sdf/test/auto/inferRelationWidth1.xml
2 ms. Memory: 874496K Free: 411985K (47%)
----------------- Invoking toplevel() on ptolemy.moml.MoMLSimpleApplication@24f3fa8b
----------------- Done invoking toplevel() on ptolemy.moml.MoMLSimpleApplication@24f3fa8b
reloadAllAccessors: .inferRelationWidth1

===========================================================================================
----------------- testing Thu Apr 18 13:47:43 UTC 2019 /home/travis/build/icyphy/ptII/ptolemy/domains/sdf/test/auto/initProductionInference.xml
----------------- Instantiating /home/travis/build/icyphy/ptII/ptolemy/domains/sdf/test/auto/initProductionInference.xml
7 ms. Memory: 874496K Free: 401506K (46%)
----------------- Invoking toplevel() on ptolemy.moml.MoMLSimpleApplication@44712935
----------------- Done invoking toplevel() on ptolemy.moml.MoMLSimpleApplication@44712935
reloadAllAccessors: .initProductionInference

===========================================================================================
----------------- testing Thu Apr 18 13:47:43 UTC 2019 /home/travis/build/icyphy/ptII/ptolemy/domains/sdf/test/auto/relationGroup.xml
----------------- Instantiating /home/travis/build/icyphy/ptII/ptolemy/domains/sdf/test/auto/relationGroup.xml
2 ms. Memory: 874496K Free: 388065K (44%)
----------------- Invoking toplevel() on ptolemy.moml.MoMLSimpleApplication@492698eb
----------------- Done invoking toplevel() on ptolemy.moml.MoMLSimpleApplication@492698eb
reloadAllAccessors: .relationGroup

===========================================================================================
----------------- testing Thu Apr 18 13:47:43 UTC 2019 /home/travis/build/icyphy/ptII/ptolemy/domains/sdf/test/auto/relationGroup10.xml
----------------- Instantiating /home/travis/build/icyphy/ptII/ptolemy/domains/sdf/test/auto/relationGroup10.xml
2 ms. Memory: 874496K Free: 377586K (43%)
----------------- Invoking toplevel() on ptolemy.moml.MoMLSimpleApplication@5bc05597
----------------- Done invoking toplevel() on ptolemy.moml.MoMLSimpleApplication@5bc05597
reloadAllAccessors: .relationGroup10

===========================================================================================
----------------- testing Thu Apr 18 13:47:43 UTC 2019 /home/travis/build/icyphy/ptII/ptolemy/domains/sdf/test/auto/relationGroup11.xml
----------------- Instantiating /home/travis/build/icyphy/ptII/ptolemy/domains/sdf/test/auto/relationGroup11.xml
5 ms. Memory: 874496K Free: 367107K (42%)
----------------- Invoking toplevel() on ptolemy.moml.MoMLSimpleApplication@6d11df89
----------------- Done invoking toplevel() on ptolemy.moml.MoMLSimpleApplication@6d11df89
reloadAllAccessors: .relationGroup11

===========================================================================================
----------------- testing Thu Apr 18 13:47:43 UTC 2019 /home/travis/build/icyphy/ptII/ptolemy/domains/sdf/test/auto/relationGroup12.xml
----------------- Instantiating /home/travis/build/icyphy/ptII/ptolemy/domains/sdf/test/auto/relationGroup12.xml
3 ms. Memory: 874496K Free: 356628K (41%)
----------------- Invoking toplevel() on ptolemy.moml.MoMLSimpleApplication@13af030d
----------------- Done invoking toplevel() on ptolemy.moml.MoMLSimpleApplication@13af030d
reloadAllAccessors: .relationGroup12

===========================================================================================
----------------- testing Thu Apr 18 13:47:43 UTC 2019 /home/travis/build/icyphy/ptII/ptolemy/domains/sdf/test/auto/relationGroup13.xml
----------------- Instantiating /home/travis/build/icyphy/ptII/ptolemy/domains/sdf/test/auto/relationGroup13.xml
8 ms. Memory: 874496K Free: 346149K (40%)
----------------- Invoking toplevel() on ptolemy.moml.MoMLSimpleApplication@16703872
----------------- Done invoking toplevel() on ptolemy.moml.MoMLSimpleApplication@16703872
reloadAllAccessors: .relationGroup13

===========================================================================================
----------------- testing Thu Apr 18 13:47:44 UTC 2019 /home/travis/build/icyphy/ptII/ptolemy/domains/sdf/test/auto/relationGroup14.xml
----------------- Instantiating /home/travis/build/icyphy/ptII/ptolemy/domains/sdf/test/auto/relationGroup14.xml
3 ms. Memory: 874496K Free: 335670K (38%)
----------------- Invoking toplevel() on ptolemy.moml.MoMLSimpleApplication@3c625495
----------------- Done invoking toplevel() on ptolemy.moml.MoMLSimpleApplication@3c625495
reloadAllAccessors: .relationGroup14

===========================================================================================
----------------- testing Thu Apr 18 13:47:44 UTC 2019 /home/travis/build/icyphy/ptII/ptolemy/domains/sdf/test/auto/relationGroup15.xml
----------------- Instantiating /home/travis/build/icyphy/ptII/ptolemy/domains/sdf/test/auto/relationGroup15.xml
8 ms. Memory: 874496K Free: 325191K (37%)
----------------- Invoking toplevel() on ptolemy.moml.MoMLSimpleApplication@12f7bacc
----------------- Done invoking toplevel() on ptolemy.moml.MoMLSimpleApplication@12f7bacc
reloadAllAccessors: .relationGroup15

===========================================================================================
----------------- testing Thu Apr 18 13:47:44 UTC 2019 /home/travis/build/icyphy/ptII/ptolemy/domains/sdf/test/auto/relationGroup2.xml
----------------- Instantiating /home/travis/build/icyphy/ptII/ptolemy/domains/sdf/test/auto/relationGroup2.xml
2 ms. Memory: 874496K Free: 314712K (36%)
----------------- Invoking toplevel() on ptolemy.moml.MoMLSimpleApplication@5e5bb21d
----------------- Done invoking toplevel() on ptolemy.moml.MoMLSimpleApplication@5e5bb21d
reloadAllAccessors: .relationGroup2

===========================================================================================
----------------- testing Thu Apr 18 13:47:44 UTC 2019 /home/travis/build/icyphy/ptII/ptolemy/domains/sdf/test/auto/relationGroup3.xml
----------------- Instantiating /home/travis/build/icyphy/ptII/ptolemy/domains/sdf/test/auto/relationGroup3.xml
1 ms. Memory: 874496K Free: 304233K (35%)
----------------- Invoking toplevel() on ptolemy.moml.MoMLSimpleApplication@45b78f81
----------------- Done invoking toplevel() on ptolemy.moml.MoMLSimpleApplication@45b78f81
reloadAllAccessors: .relationGroup3

===========================================================================================
----------------- testing Thu Apr 18 13:47:44 UTC 2019 /home/travis/build/icyphy/ptII/ptolemy/domains/sdf/test/auto/relationGroup4.xml
----------------- Instantiating /home/travis/build/icyphy/ptII/ptolemy/domains/sdf/test/auto/relationGroup4.xml
5 ms. Memory: 874496K Free: 290792K (33%)
----------------- Invoking toplevel() on ptolemy.moml.MoMLSimpleApplication@54f2e1f0
----------------- Done invoking toplevel() on ptolemy.moml.MoMLSimpleApplication@54f2e1f0
reloadAllAccessors: .relationGroup4

===========================================================================================
----------------- testing Thu Apr 18 13:47:44 UTC 2019 /home/travis/build/icyphy/ptII/ptolemy/domains/sdf/test/auto/relationGroup5.xml
----------------- Instantiating /home/travis/build/icyphy/ptII/ptolemy/domains/sdf/test/auto/relationGroup5.xml
3 ms. Memory: 874496K Free: 280313K (32%)
----------------- Invoking toplevel() on ptolemy.moml.MoMLSimpleApplication@66aaf2a4
----------------- Done invoking toplevel() on ptolemy.moml.MoMLSimpleApplication@66aaf2a4
reloadAllAccessors: .relationGroup5

===========================================================================================
----------------- testing Thu Apr 18 13:47:44 UTC 2019 /home/travis/build/icyphy/ptII/ptolemy/domains/sdf/test/auto/relationGroup6.xml
----------------- Instantiating /home/travis/build/icyphy/ptII/ptolemy/domains/sdf/test/auto/relationGroup6.xml
5 ms. Memory: 874496K Free: 269834K (31%)
----------------- Invoking toplevel() on ptolemy.moml.MoMLSimpleApplication@3b9118b5
----------------- Done invoking toplevel() on ptolemy.moml.MoMLSimpleApplication@3b9118b5
reloadAllAccessors: .relationGroup6

===========================================================================================
----------------- testing Thu Apr 18 13:47:44 UTC 2019 /home/travis/build/icyphy/ptII/ptolemy/domains/sdf/test/auto/relationGroup7.xml
----------------- Instantiating /home/travis/build/icyphy/ptII/ptolemy/domains/sdf/test/auto/relationGroup7.xml
2 ms. Memory: 874496K Free: 259355K (30%)
----------------- Invoking toplevel() on ptolemy.moml.MoMLSimpleApplication@45a27209
----------------- Done invoking toplevel() on ptolemy.moml.MoMLSimpleApplication@45a27209
reloadAllAccessors: .relationGroup7

===========================================================================================
----------------- testing Thu Apr 18 13:47:44 UTC 2019 /home/travis/build/icyphy/ptII/ptolemy/domains/sdf/test/auto/relationGroup8.xml
----------------- Instantiating /home/travis/build/icyphy/ptII/ptolemy/domains/sdf/test/auto/relationGroup8.xml
2 ms. Memory: 874496K Free: 248876K (28%)
----------------- Invoking toplevel() on ptolemy.moml.MoMLSimpleApplication@204ed7e6
----------------- Done invoking toplevel() on ptolemy.moml.MoMLSimpleApplication@204ed7e6
reloadAllAccessors: .relationGroup8

===========================================================================================
----------------- testing Thu Apr 18 13:47:44 UTC 2019 /home/travis/build/icyphy/ptII/ptolemy/domains/sdf/test/auto/relationGroup9.xml
----------------- Instantiating /home/travis/build/icyphy/ptII/ptolemy/domains/sdf/test/auto/relationGroup9.xml
3 ms. Memory: 874496K Free: 238397K (27%)
----------------- Invoking toplevel() on ptolemy.moml.MoMLSimpleApplication@a43edd4
----------------- Done invoking toplevel() on ptolemy.moml.MoMLSimpleApplication@a43edd4
reloadAllAccessors: .relationGroup9

===========================================================================================
----------------- testing Thu Apr 18 13:47:44 UTC 2019 /home/travis/build/icyphy/ptII/ptolemy/domains/sdf/test/auto/sdf_inside_de.xml
----------------- Instantiating /home/travis/build/icyphy/ptII/ptolemy/domains/sdf/test/auto/sdf_inside_de.xml
15 ms. Memory: 874496K Free: 222663K (25%)
----------------- Invoking toplevel() on ptolemy.moml.MoMLSimpleApplication@33fbb879
----------------- Done invoking toplevel() on ptolemy.moml.MoMLSimpleApplication@33fbb879
reloadAllAccessors: .sdf_inside_de

===========================================================================================
----------------- testing Thu Apr 18 13:47:44 UTC 2019 /home/travis/build/icyphy/ptII/ptolemy/domains/sdf/test/auto/sdf_inside_pn.xml
----------------- Instantiating /home/travis/build/icyphy/ptII/ptolemy/domains/sdf/test/auto/sdf_inside_pn.xml
49 ms. Memory: 874496K Free: 185987K (21%)
----------------- Invoking toplevel() on ptolemy.moml.MoMLSimpleApplication@49f2fba0
----------------- Done invoking toplevel() on ptolemy.moml.MoMLSimpleApplication@49f2fba0
reloadAllAccessors: .sdf_inside_pn

===========================================================================================
----------------- testing Thu Apr 18 13:47:44 UTC 2019 /home/travis/build/icyphy/ptII/ptolemy/domains/sdf/test/auto/sdf_sdf1.xml
----------------- Instantiating /home/travis/build/icyphy/ptII/ptolemy/domains/sdf/test/auto/sdf_sdf1.xml
4 ms. Memory: 874496K Free: 172545K (20%)
----------------- Invoking toplevel() on ptolemy.moml.MoMLSimpleApplication@c2859da
----------------- Done invoking toplevel() on ptolemy.moml.MoMLSimpleApplication@c2859da
reloadAllAccessors: .sdf_sdf1

===========================================================================================
----------------- testing Thu Apr 18 13:47:44 UTC 2019 /home/travis/build/icyphy/ptII/ptolemy/domains/sdf/test/auto/test1.xml
----------------- Instantiating /home/travis/build/icyphy/ptII/ptolemy/domains/sdf/test/auto/test1.xml
3 ms. Memory: 874496K Free: 162067K (19%)
----------------- Invoking toplevel() on ptolemy.moml.MoMLSimpleApplication@22cdfa58
----------------- Done invoking toplevel() on ptolemy.moml.MoMLSimpleApplication@22cdfa58
reloadAllAccessors: .test1

===========================================================================================
----------------- testing Thu Apr 18 13:47:44 UTC 2019 /home/travis/build/icyphy/ptII/ptolemy/domains/sdf/test/auto/time1.xml
----------------- Instantiating /home/travis/build/icyphy/ptII/ptolemy/domains/sdf/test/auto/time1.xml
2 ms. Memory: 874496K Free: 151588K (17%)
----------------- Invoking toplevel() on ptolemy.moml.MoMLSimpleApplication@2106beed
----------------- Done invoking toplevel() on ptolemy.moml.MoMLSimpleApplication@2106beed
reloadAllAccessors: .time1

===========================================================================================
----------------- testing Thu Apr 18 13:47:44 UTC 2019 /home/travis/build/icyphy/ptII/ptolemy/domains/sdf/test/auto/time2.xml
----------------- Instantiating /home/travis/build/icyphy/ptII/ptolemy/domains/sdf/test/auto/time2.xml
3 ms. Memory: 874496K Free: 141109K (16%)
----------------- Invoking toplevel() on ptolemy.moml.MoMLSimpleApplication@6e045619
----------------- Done invoking toplevel() on ptolemy.moml.MoMLSimpleApplication@6e045619
reloadAllAccessors: .time2

===========================================================================================
----------------- testing Thu Apr 18 13:47:44 UTC 2019 /home/travis/build/icyphy/ptII/ptolemy/domains/sdf/test/auto/time3.xml
----------------- Instantiating /home/travis/build/icyphy/ptII/ptolemy/domains/sdf/test/auto/time3.xml
9 ms. Memory: 874496K Free: 130630K (15%)
----------------- Invoking toplevel() on ptolemy.moml.MoMLSimpleApplication@4396de1c
----------------- Done invoking toplevel() on ptolemy.moml.MoMLSimpleApplication@4396de1c
reloadAllAccessors: .time3

===========================================================================================
----------------- testing Thu Apr 18 13:47:44 UTC 2019 /home/travis/build/icyphy/ptII/ptolemy/domains/sdf/test/auto/time4.xml
----------------- Instantiating /home/travis/build/icyphy/ptII/ptolemy/domains/sdf/test/auto/time4.xml
6 ms. Memory: 874496K Free: 120151K (14%)
----------------- Invoking toplevel() on ptolemy.moml.MoMLSimpleApplication@187add2e
----------------- Done invoking toplevel() on ptolemy.moml.MoMLSimpleApplication@187add2e
reloadAllAccessors: .time4

===========================================================================================
----------------- testing Thu Apr 18 13:47:44 UTC 2019 /home/travis/build/icyphy/ptII/ptolemy/domains/sdf/test/auto/time5.xml
----------------- Instantiating /home/travis/build/icyphy/ptII/ptolemy/domains/sdf/test/auto/time5.xml
4002 ms. Memory: 874496K Free: 109672K (13%)
----------------- Invoking toplevel() on ptolemy.moml.MoMLSimpleApplication@ff1b3d2
----------------- Done invoking toplevel() on ptolemy.moml.MoMLSimpleApplication@ff1b3d2
reloadAllAccessors: .time5

===========================================================================================
----------------- testing Thu Apr 18 13:47:48 UTC 2019 /home/travis/build/icyphy/ptII/ptolemy/domains/sdf/test/auto/typeSystem_Const_Integer_smallest_Type.xml
----------------- Instantiating /home/travis/build/icyphy/ptII/ptolemy/domains/sdf/test/auto/typeSystem_Const_Integer_smallest_Type.xml
7 ms. Memory: 874496K Free: 99193K (11%)
----------------- Invoking toplevel() on ptolemy.moml.MoMLSimpleApplication@1e81a306
----------------- Done invoking toplevel() on ptolemy.moml.MoMLSimpleApplication@1e81a306
reloadAllAccessors: .typeSystem_Const_Integer_smallest_Type

===========================================================================================
----------------- testing Thu Apr 18 13:47:48 UTC 2019 /home/travis/build/icyphy/ptII/ptolemy/domains/sdf/test/auto/typeSystem_declared_Inports_OutportTypeException.xml
----------------- Instantiating /home/travis/build/icyphy/ptII/ptolemy/domains/sdf/test/auto/typeSystem_declared_Inports_OutportTypeException.xml
.typeSystem_declared_Inports_OutportTypeException.TestExceptionAttribute: initialize() was not invoked, but wrapup() was.  This is unusual, but not always a problem.  For example, exporting JNLP will do this.
3 ms. Memory: 874496K Free: 85752K (10%)
----------------- Invoking toplevel() on ptolemy.moml.MoMLSimpleApplication@2154a0f4
----------------- Done invoking toplevel() on ptolemy.moml.MoMLSimpleApplication@2154a0f4
reloadAllAccessors: .typeSystem_declared_Inports_OutportTypeException

===========================================================================================
----------------- testing Thu Apr 18 13:47:48 UTC 2019 /home/travis/build/icyphy/ptII/ptolemy/domains/sdf/test/auto/typeSystem_oneDeclaredInportType_wrongTypeOutport.xml
----------------- Instantiating /home/travis/build/icyphy/ptII/ptolemy/domains/sdf/test/auto/typeSystem_oneDeclaredInportType_wrongTypeOutport.xml
4 ms. Memory: 874496K Free: 76808K (9%)
----------------- Invoking toplevel() on ptolemy.moml.MoMLSimpleApplication@3d2cb4b0
----------------- Done invoking toplevel() on ptolemy.moml.MoMLSimpleApplication@3d2cb4b0
reloadAllAccessors: .typeSystem_oneDeclaredInportType_wrongTypeOutport

===========================================================================================
----------------- testing Thu Apr 18 13:47:48 UTC 2019 /home/travis/build/icyphy/ptII/ptolemy/domains/sdf/test/auto/width.xml
----------------- Instantiating /home/travis/build/icyphy/ptII/ptolemy/domains/sdf/test/auto/width.xml
1 ms. Memory: 830464K Free: 805585K (97%)
----------------- Invoking toplevel() on ptolemy.moml.MoMLSimpleApplication@37325c63
----------------- Done invoking toplevel() on ptolemy.moml.MoMLSimpleApplication@37325c63
reloadAllAccessors: .width

===========================================================================================
----------------- testing Thu Apr 18 13:47:48 UTC 2019 /home/travis/build/icyphy/ptII/ptolemy/domains/sdf/test/auto/width2.xml
----------------- Instantiating /home/travis/build/icyphy/ptII/ptolemy/domains/sdf/test/auto/width2.xml
42 ms. Memory: 830464K Free: 788669K (95%)
----------------- Invoking toplevel() on ptolemy.moml.MoMLSimpleApplication@3ae58b34
----------------- Done invoking toplevel() on ptolemy.moml.MoMLSimpleApplication@3ae58b34
reloadAllAccessors: .width2

===========================================================================================
----------------- testing Thu Apr 18 13:47:48 UTC 2019 /home/travis/build/icyphy/ptII/ptolemy/domains/sdf/test/auto/width3.xml
----------------- Instantiating /home/travis/build/icyphy/ptII/ptolemy/domains/sdf/test/auto/width3.xml
28 ms. Memory: 830464K Free: 773698K (93%)
----------------- Invoking toplevel() on ptolemy.moml.MoMLSimpleApplication@4ce93226
----------------- Done invoking toplevel() on ptolemy.moml.MoMLSimpleApplication@4ce93226
reloadAllAccessors: .width3
AutoTests.java: About to close Vertx.
AutoTests.java: Vertx closed.
]]></system-out>
  <system-err><![CDATA[java.lang.RuntimeException: Execution failed
	at ptolemy.moml.MoMLSimpleApplication$UnloadThread.run(MoMLSimpleApplication.java:402)
Caused by: ptolemy.actor.sched.NotSchedulableException: No solution exists for the balance equations.
Graph is not consistent under the SDF domain detected on external port .rateConsistency.actor.port2
  in .rateConsistency.SDF Director.Scheduler
	at ptolemy.domains.sdf.kernel.SDFScheduler._propagatePort(SDFScheduler.java:1425)
	at ptolemy.domains.sdf.kernel.SDFScheduler._solveBalanceEquations(SDFScheduler.java:710)
	at ptolemy.domains.sdf.kernel.SDFScheduler._getSchedule(SDFScheduler.java:566)
	at ptolemy.actor.sched.Scheduler.getSchedule(Scheduler.java:189)
	at ptolemy.domains.sdf.kernel.SDFDirector.createSchedule(SDFDirector.java:408)
	at ptolemy.domains.sdf.kernel.SDFDirector.preinitialize(SDFDirector.java:764)
	at ptolemy.actor.CompositeActor.preinitialize(CompositeActor.java:1828)
	at ptolemy.actor.Manager.preinitializeAndResolveTypes(Manager.java:1040)
	at ptolemy.actor.Manager.initialize(Manager.java:710)
	at ptolemy.actor.Manager.execute(Manager.java:356)
	at ptolemy.actor.Manager.run(Manager.java:1263)
	at ptolemy.actor.Manager$PtolemyRunThread.run(Manager.java:1915)
java.lang.RuntimeException: Execution failed
	at ptolemy.moml.MoMLSimpleApplication$UnloadThread.run(MoMLSimpleApplication.java:402)
Caused by: ptolemy.kernel.util.IllegalActionException: Failed to compute schedule:
  in .badRateChanges.typed composite actor.SDF Director
Because:
The SDF rate parameter may change. This is not allowed in SDF models that will be run through the code generator.  If you don't care about code generation, then you might consider setting the allowRateChanges parameter of the SDF director to false.
  in .badRateChanges.typed composite actor.Repeat.output.tokenProductionRate
	at ptolemy.domains.sdf.kernel.SDFDirector.createSchedule(SDFDirector.java:418)
	at ptolemy.domains.sdf.kernel.SDFDirector.preinitialize(SDFDirector.java:764)
	at ptolemy.actor.CompositeActor.preinitialize(CompositeActor.java:1828)
	at ptolemy.actor.Director.preinitialize(Director.java:1302)
	at ptolemy.actor.Director.preinitialize(Director.java:1257)
	at ptolemy.domains.sdf.kernel.SDFDirector.preinitialize(SDFDirector.java:763)
	at ptolemy.actor.CompositeActor.preinitialize(CompositeActor.java:1828)
	at ptolemy.actor.Manager.preinitializeAndResolveTypes(Manager.java:1040)
	at ptolemy.actor.Manager.initialize(Manager.java:710)
	at ptolemy.actor.Manager.execute(Manager.java:356)
	at ptolemy.actor.Manager.run(Manager.java:1263)
	at ptolemy.actor.Manager$PtolemyRunThread.run(Manager.java:1915)
Caused by: ptolemy.kernel.util.IllegalActionException: The SDF rate parameter may change. This is not allowed in SDF models that will be run through the code generator.  If you don't care about code generation, then you might consider setting the allowRateChanges parameter of the SDF director to false.
  in .badRateChanges.typed composite actor.Repeat.output.tokenProductionRate
	at ptolemy.domains.sdf.kernel.SDFScheduler._assertDynamicRateVariable(SDFScheduler.java:931)
	at ptolemy.domains.sdf.kernel.SDFScheduler._checkDynamicRateVariables(SDFScheduler.java:339)
	at ptolemy.domains.sdf.kernel.SDFScheduler._getSchedule(SDFScheduler.java:527)
	at ptolemy.actor.sched.Scheduler.getSchedule(Scheduler.java:189)
	at ptolemy.domains.sdf.kernel.SDFDirector.createSchedule(SDFDirector.java:408)
	... 11 more
java.lang.RuntimeException: Execution failed
	at ptolemy.moml.MoMLSimpleApplication$UnloadThread.run(MoMLSimpleApplication.java:402)
Caused by: ptolemy.kernel.util.IllegalActionException: Failed to compute schedule:
  in .badRateChanges2.typed composite actor.SDF Director
Because:
The SDF rate parameter may change. This is not allowed in SDF models that will be run through the code generator.  If you don't care about code generation, then you might consider setting the allowRateChanges parameter of the SDF director to false.
  in .badRateChanges2.typed composite actor.Repeat.output.tokenProductionRate
	at ptolemy.domains.sdf.kernel.SDFDirector.createSchedule(SDFDirector.java:418)
	at ptolemy.domains.sdf.kernel.SDFDirector.preinitialize(SDFDirector.java:764)
	at ptolemy.actor.CompositeActor.preinitialize(CompositeActor.java:1828)
	at ptolemy.actor.Director.preinitialize(Director.java:1302)
	at ptolemy.actor.Director.preinitialize(Director.java:1257)
	at ptolemy.domains.sdf.kernel.SDFDirector.preinitialize(SDFDirector.java:763)
	at ptolemy.actor.CompositeActor.preinitialize(CompositeActor.java:1828)
	at ptolemy.actor.Manager.preinitializeAndResolveTypes(Manager.java:1040)
	at ptolemy.actor.Manager.initialize(Manager.java:710)
	at ptolemy.actor.Manager.execute(Manager.java:356)
	at ptolemy.actor.Manager.run(Manager.java:1263)
	at ptolemy.actor.Manager$PtolemyRunThread.run(Manager.java:1915)
Caused by: ptolemy.kernel.util.IllegalActionException: The SDF rate parameter may change. This is not allowed in SDF models that will be run through the code generator.  If you don't care about code generation, then you might consider setting the allowRateChanges parameter of the SDF director to false.
  in .badRateChanges2.typed composite actor.Repeat.output.tokenProductionRate
	at ptolemy.domains.sdf.kernel.SDFScheduler._assertDynamicRateVariable(SDFScheduler.java:931)
	at ptolemy.domains.sdf.kernel.SDFScheduler._checkDynamicRateVariables(SDFScheduler.java:339)
	at ptolemy.domains.sdf.kernel.SDFScheduler._getSchedule(SDFScheduler.java:527)
	at ptolemy.actor.sched.Scheduler.getSchedule(Scheduler.java:189)
	at ptolemy.domains.sdf.kernel.SDFDirector.createSchedule(SDFDirector.java:408)
	... 11 more
java.lang.RuntimeException: Execution failed
	at ptolemy.moml.MoMLSimpleApplication$UnloadThread.run(MoMLSimpleApplication.java:402)
Caused by: ptolemy.actor.sched.NotSchedulableException: Actors remain that cannot be scheduled!

There are several possible reasons:
* SDF Graphs with feedback loops should have an actor with a delay in the loop, such as a SampleDelay.
* The SDF director has an "allowDisconnectedGraphs"parameter, which, when true, permits disconnected SDF graphs.
* The token consumption rate and production rates might be mismatched.
Usually, actors produce one token or consume one token on a port.  To produce or consume multiple tokens per firing, add a "tokenConsumptionRate" or "tokenProductionRate" parameter to the appropriate port.
Unscheduled actors:
.partiallyConnected.Const2 
Scheduled actors:
.partiallyConnected.Const 
  in .partiallyConnected.SDF Director.Scheduler
	at ptolemy.domains.sdf.kernel.SDFScheduler._scheduleConnectedActors(SDFScheduler.java:1828)
	at ptolemy.domains.sdf.kernel.SDFScheduler._getSchedule(SDFScheduler.java:587)
	at ptolemy.actor.sched.Scheduler.getSchedule(Scheduler.java:189)
	at ptolemy.domains.sdf.kernel.SDFDirector.createSchedule(SDFDirector.java:408)
	at ptolemy.domains.sdf.kernel.SDFDirector.preinitialize(SDFDirector.java:764)
	at ptolemy.actor.CompositeActor.preinitialize(CompositeActor.java:1828)
	at ptolemy.actor.Manager.preinitializeAndResolveTypes(Manager.java:1040)
	at ptolemy.actor.Manager.initialize(Manager.java:710)
	at ptolemy.actor.Manager.execute(Manager.java:356)
	at ptolemy.actor.Manager.run(Manager.java:1263)
	at ptolemy.actor.Manager$PtolemyRunThread.run(Manager.java:1915)
]]></system-err>
</testsuite>
