<?xml version="1.0" encoding="UTF-8" ?>
<testsuite errors="0" failures="0" hostname="travis-job-e4951336-fdef-4666-aebd-6a7e282b393b" name="ptolemy.actor.lib.hoc.test.junit.JUnitTclTest" skipped="0" tests="58" time="23.557" timestamp="2018-10-05T02:37:31">
  <properties>
[...]
</properties>
  <testcase classname="ptolemy.util.test.junit.TclTests" name="[0] /home/travis/build/icyphy/ptII/ptolemy/actor/lib/hoc/test/IterateOverArray.tcl (RunTclFile)" time="0.269" />
  <testcase classname="ptolemy.util.test.junit.AutoKnownFailedTests" name="[0] /home/travis/build/icyphy/ptII/ptolemy/actor/lib/hoc/test/auto/knownFailedTests/PreinitializeMustBeInvokedRunComposite.xml (RunModel)" time="0.219" />
  <testcase classname="ptolemy.util.test.junit.AutoNameArchTests" name="[0] ThereAreNoAutoArchTests (RunModel)" time="0.001" />
  <testcase classname="ptolemy.util.test.junit.AutoTests" name="[0] /home/travis/build/icyphy/ptII/ptolemy/actor/lib/hoc/test/auto/AllToAllMultiInstanceComposite.xml (RunModel)" time="0.23" />
  <testcase classname="ptolemy.util.test.junit.AutoTests" name="[1] /home/travis/build/icyphy/ptII/ptolemy/actor/lib/hoc/test/auto/ApplyFFTTest.xml (RunModel)" time="0.28" />
  <testcase classname="ptolemy.util.test.junit.AutoTests" name="[2] /home/travis/build/icyphy/ptII/ptolemy/actor/lib/hoc/test/auto/ApplyFunction.xml (RunModel)" time="0.04" />
  <testcase classname="ptolemy.util.test.junit.AutoTests" name="[3] /home/travis/build/icyphy/ptII/ptolemy/actor/lib/hoc/test/auto/BackgroundExecution.xml (RunModel)" time="0.743" />
  <testcase classname="ptolemy.util.test.junit.AutoTests" name="[4] /home/travis/build/icyphy/ptII/ptolemy/actor/lib/hoc/test/auto/Case.xml (RunModel)" time="0.047" />
  <testcase classname="ptolemy.util.test.junit.AutoTests" name="[5] /home/travis/build/icyphy/ptII/ptolemy/actor/lib/hoc/test/auto/Case1.xml (RunModel)" time="0.038" />
  <testcase classname="ptolemy.util.test.junit.AutoTests" name="[6] /home/travis/build/icyphy/ptII/ptolemy/actor/lib/hoc/test/auto/Case2.xml (RunModel)" time="0.094" />
  <testcase classname="ptolemy.util.test.junit.AutoTests" name="[7] /home/travis/build/icyphy/ptII/ptolemy/actor/lib/hoc/test/auto/Case3.xml (RunModel)" time="0.06" />
  <testcase classname="ptolemy.util.test.junit.AutoTests" name="[8] /home/travis/build/icyphy/ptII/ptolemy/actor/lib/hoc/test/auto/Case4.xml (RunModel)" time="0.056" />
  <testcase classname="ptolemy.util.test.junit.AutoTests" name="[9] /home/travis/build/icyphy/ptII/ptolemy/actor/lib/hoc/test/auto/Case5.xml (RunModel)" time="0.051" />
  <testcase classname="ptolemy.util.test.junit.AutoTests" name="[10] /home/travis/build/icyphy/ptII/ptolemy/actor/lib/hoc/test/auto/Case6.xml (RunModel)" time="0.098" />
  <testcase classname="ptolemy.util.test.junit.AutoTests" name="[11] /home/travis/build/icyphy/ptII/ptolemy/actor/lib/hoc/test/auto/CaseString2.xml (RunModel)" time="0.054" />
  <testcase classname="ptolemy.util.test.junit.AutoTests" name="[12] /home/travis/build/icyphy/ptII/ptolemy/actor/lib/hoc/test/auto/CatchUpComposite1.xml (RunModel)" time="0.067" />
  <testcase classname="ptolemy.util.test.junit.AutoTests" name="[13] /home/travis/build/icyphy/ptII/ptolemy/actor/lib/hoc/test/auto/CatchUpComposite2.xml (RunModel)" time="0.034" />
  <testcase classname="ptolemy.util.test.junit.AutoTests" name="[14] /home/travis/build/icyphy/ptII/ptolemy/actor/lib/hoc/test/auto/CatchUpComposite3.xml (RunModel)" time="0.039" />
  <testcase classname="ptolemy.util.test.junit.AutoTests" name="[15] /home/travis/build/icyphy/ptII/ptolemy/actor/lib/hoc/test/auto/CatchUpComposite4.xml (RunModel)" time="0.047" />
  <testcase classname="ptolemy.util.test.junit.AutoTests" name="[16] /home/travis/build/icyphy/ptII/ptolemy/actor/lib/hoc/test/auto/CatchUpComposite5.xml (RunModel)" time="0.044" />
  <testcase classname="ptolemy.util.test.junit.AutoTests" name="[17] /home/travis/build/icyphy/ptII/ptolemy/actor/lib/hoc/test/auto/CatchUpComposite6.xml (RunModel)" time="0.16" />
  <testcase classname="ptolemy.util.test.junit.AutoTests" name="[18] /home/travis/build/icyphy/ptII/ptolemy/actor/lib/hoc/test/auto/CatchUpComposite7.xml (RunModel)" time="0.097" />
  <testcase classname="ptolemy.util.test.junit.AutoTests" name="[19] /home/travis/build/icyphy/ptII/ptolemy/actor/lib/hoc/test/auto/ConcurrentExecutionTimeSDF.xml (RunModel)" time="1.597" />
  <testcase classname="ptolemy.util.test.junit.AutoTests" name="[20] /home/travis/build/icyphy/ptII/ptolemy/actor/lib/hoc/test/auto/ConcurrentSleep.xml (RunModel)" time="0.777" />
  <testcase classname="ptolemy.util.test.junit.AutoTests" name="[21] /home/travis/build/icyphy/ptII/ptolemy/actor/lib/hoc/test/auto/DEInPNInRunCompositeActor.xml (RunModel)" time="0.049" />
  <testcase classname="ptolemy.util.test.junit.AutoTests" name="[22] /home/travis/build/icyphy/ptII/ptolemy/actor/lib/hoc/test/auto/DFTSubSetTest.xml (RunModel)" time="0.239" />
  <testcase classname="ptolemy.util.test.junit.AutoTests" name="[23] /home/travis/build/icyphy/ptII/ptolemy/actor/lib/hoc/test/auto/HocDE.xml (RunModel)" time="0.176" />
  <testcase classname="ptolemy.util.test.junit.AutoTests" name="[24] /home/travis/build/icyphy/ptII/ptolemy/actor/lib/hoc/test/auto/IterateOverArray.xml (RunModel)" time="0.023" />
  <testcase classname="ptolemy.util.test.junit.AutoTests" name="[25] /home/travis/build/icyphy/ptII/ptolemy/actor/lib/hoc/test/auto/IterateOverArray10.xml (RunModel)" time="0.024" />
  <testcase classname="ptolemy.util.test.junit.AutoTests" name="[26] /home/travis/build/icyphy/ptII/ptolemy/actor/lib/hoc/test/auto/IterateOverArray11.xml (RunModel)" time="0.03" />
  <testcase classname="ptolemy.util.test.junit.AutoTests" name="[27] /home/travis/build/icyphy/ptII/ptolemy/actor/lib/hoc/test/auto/IterateOverArray12.xml (RunModel)" time="0.039" />
  <testcase classname="ptolemy.util.test.junit.AutoTests" name="[28] /home/travis/build/icyphy/ptII/ptolemy/actor/lib/hoc/test/auto/IterateOverArray13.xml (RunModel)" time="0.153" />
  <testcase classname="ptolemy.util.test.junit.AutoTests" name="[29] /home/travis/build/icyphy/ptII/ptolemy/actor/lib/hoc/test/auto/IterateOverArray14.xml (RunModel)" time="0.119" />
  <testcase classname="ptolemy.util.test.junit.AutoTests" name="[30] /home/travis/build/icyphy/ptII/ptolemy/actor/lib/hoc/test/auto/IterateOverArray2.xml (RunModel)" time="0.033" />
  <testcase classname="ptolemy.util.test.junit.AutoTests" name="[31] /home/travis/build/icyphy/ptII/ptolemy/actor/lib/hoc/test/auto/IterateOverArray3.xml (RunModel)" time="0.041" />
  <testcase classname="ptolemy.util.test.junit.AutoTests" name="[32] /home/travis/build/icyphy/ptII/ptolemy/actor/lib/hoc/test/auto/IterateOverArray4.xml (RunModel)" time="0.025" />
  <testcase classname="ptolemy.util.test.junit.AutoTests" name="[33] /home/travis/build/icyphy/ptII/ptolemy/actor/lib/hoc/test/auto/IterateOverArray5.xml (RunModel)" time="0.017" />
  <testcase classname="ptolemy.util.test.junit.AutoTests" name="[34] /home/travis/build/icyphy/ptII/ptolemy/actor/lib/hoc/test/auto/IterateOverArray6.xml (RunModel)" time="0.018" />
  <testcase classname="ptolemy.util.test.junit.AutoTests" name="[35] /home/travis/build/icyphy/ptII/ptolemy/actor/lib/hoc/test/auto/IterateOverArray7.xml (RunModel)" time="0.015" />
  <testcase classname="ptolemy.util.test.junit.AutoTests" name="[36] /home/travis/build/icyphy/ptII/ptolemy/actor/lib/hoc/test/auto/IterateOverArray8.xml (RunModel)" time="0.023" />
  <testcase classname="ptolemy.util.test.junit.AutoTests" name="[37] /home/travis/build/icyphy/ptII/ptolemy/actor/lib/hoc/test/auto/IterateOverArray9.xml (RunModel)" time="0.023" />
  <testcase classname="ptolemy.util.test.junit.AutoTests" name="[38] /home/travis/build/icyphy/ptII/ptolemy/actor/lib/hoc/test/auto/IterateOverArrayCoercedOutputType.xml (RunModel)" time="0.038" />
  <testcase classname="ptolemy.util.test.junit.AutoTests" name="[39] /home/travis/build/icyphy/ptII/ptolemy/actor/lib/hoc/test/auto/IterateOverArrayInferredOutputType.xml (RunModel)" time="0.034" />
  <testcase classname="ptolemy.util.test.junit.AutoTests" name="[40] /home/travis/build/icyphy/ptII/ptolemy/actor/lib/hoc/test/auto/MobileFunctionTest.xml (RunModel)" time="0.025" />
  <testcase classname="ptolemy.util.test.junit.AutoTests" name="[41] /home/travis/build/icyphy/ptII/ptolemy/actor/lib/hoc/test/auto/MobileModelTest.xml (RunModel)" time="0.103" />
  <testcase classname="ptolemy.util.test.junit.AutoTests" name="[42] /home/travis/build/icyphy/ptII/ptolemy/actor/lib/hoc/test/auto/ModelReference.xml (RunModel)" time="0.086" />
  <testcase classname="ptolemy.util.test.junit.AutoTests" name="[43] /home/travis/build/icyphy/ptII/ptolemy/actor/lib/hoc/test/auto/ModelReference3.xml (RunModel)" time="0.076" />
  <testcase classname="ptolemy.util.test.junit.AutoTests" name="[44] /home/travis/build/icyphy/ptII/ptolemy/actor/lib/hoc/test/auto/ModelReference4.xml (RunModel)" time="10.044" />
  <testcase classname="ptolemy.util.test.junit.AutoTests" name="[45] /home/travis/build/icyphy/ptII/ptolemy/actor/lib/hoc/test/auto/MultiInstanceComposite.xml (RunModel)" time="0.053" />
  <testcase classname="ptolemy.util.test.junit.AutoTests" name="[46] /home/travis/build/icyphy/ptII/ptolemy/actor/lib/hoc/test/auto/MultiInstanceComposite2.xml (RunModel)" time="0.039" />
  <testcase classname="ptolemy.util.test.junit.AutoTests" name="[47] /home/travis/build/icyphy/ptII/ptolemy/actor/lib/hoc/test/auto/MulticoreExecution.xml (RunModel)" time="1.096" />
  <testcase classname="ptolemy.util.test.junit.AutoTests" name="[48] /home/travis/build/icyphy/ptII/ptolemy/actor/lib/hoc/test/auto/ParallelExecution.xml (RunModel)" time="0.94" />
  <testcase classname="ptolemy.util.test.junit.AutoTests" name="[49] /home/travis/build/icyphy/ptII/ptolemy/actor/lib/hoc/test/auto/RunCompositeActor.xml (RunModel)" time="0.047" />
  <testcase classname="ptolemy.util.test.junit.AutoTests" name="[50] /home/travis/build/icyphy/ptII/ptolemy/actor/lib/hoc/test/auto/RunCompositeActor2.xml (RunModel)" time="0.035" />
  <testcase classname="ptolemy.util.test.junit.AutoTests" name="[51] /home/travis/build/icyphy/ptII/ptolemy/actor/lib/hoc/test/auto/RunCompositeActor3.xml (RunModel)" time="0.022" />
  <testcase classname="ptolemy.util.test.junit.AutoTests" name="[52] /home/travis/build/icyphy/ptII/ptolemy/actor/lib/hoc/test/auto/RunCompositeActor4.xml (RunModel)" time="0.024" />
  <testcase classname="ptolemy.util.test.junit.AutoTests" name="[53] /home/travis/build/icyphy/ptII/ptolemy/actor/lib/hoc/test/auto/RunCompositeIterateOverArray.xml (RunModel)" time="0.023" />
  <testcase classname="ptolemy.util.test.junit.AutoTests" name="[54] /home/travis/build/icyphy/ptII/ptolemy/actor/lib/hoc/test/auto/ThreadedJS.xml (RunModel)" time="4.212" />
  <system-out><![CDATA[/home/travis/build/icyphy/ptII/ptolemy/actor/lib/hoc/test/IterateOverArray.tcl
testDefs.tcl: setting time out to 9000 seconds at Fri Oct 05 02:37:31 UTC 2018
10/05/18 02:37:31
Failed: 0  Total Tests: 2  ((Passed: 2, Newly Passed: 0)  Known Failed: 0) /home/travis/build/icyphy/ptII/ptolemy/actor/lib/hoc/test
----------------- testing (KnownFailure) /home/travis/build/icyphy/ptII/ptolemy/actor/lib/hoc/test/auto/knownFailedTests/PreinitializeMustBeInvokedRunComposite.xml
35 ms. Memory: 116224K Free: 103495K (89%)
Known Failure: java.lang.reflect.InvocationTargetException
No auto/linux-amd64/*.xml tests in /home/travis/build/icyphy/ptII/ptolemy/actor/lib/hoc/test
AutoTests.java: About to close Vertx.
AutoTests.java: Vertx closed.

===========================================================================================
----------------- testing Fri Oct 05 02:37:32 UTC 2018 /home/travis/build/icyphy/ptII/ptolemy/actor/lib/hoc/test/auto/AllToAllMultiInstanceComposite.xml
----------------- Instantiating /home/travis/build/icyphy/ptII/ptolemy/actor/lib/hoc/test/auto/AllToAllMultiInstanceComposite.xml
104 ms. Memory: 146944K Free: 108006K (74%)
----------------- Invoking toplevel() on ptolemy.moml.MoMLSimpleApplication@1b318850
----------------- Done invoking toplevel() on ptolemy.moml.MoMLSimpleApplication@1b318850
reloadAllAccessors: .AllToAllMultiInstanceComposite

===========================================================================================
----------------- testing Fri Oct 05 02:37:32 UTC 2018 /home/travis/build/icyphy/ptII/ptolemy/actor/lib/hoc/test/auto/ApplyFFTTest.xml
----------------- Instantiating /home/travis/build/icyphy/ptII/ptolemy/actor/lib/hoc/test/auto/ApplyFFTTest.xml
98 ms. Memory: 146944K Free: 88119K (60%)
----------------- Invoking toplevel() on ptolemy.moml.MoMLSimpleApplication@4f044412
----------------- Done invoking toplevel() on ptolemy.moml.MoMLSimpleApplication@4f044412
reloadAllAccessors: .ApplyFFTTest

===========================================================================================
----------------- testing Fri Oct 05 02:37:33 UTC 2018 /home/travis/build/icyphy/ptII/ptolemy/actor/lib/hoc/test/auto/ApplyFunction.xml
----------------- Instantiating /home/travis/build/icyphy/ptII/ptolemy/actor/lib/hoc/test/auto/ApplyFunction.xml
4 ms. Memory: 146944K Free: 84400K (57%)
----------------- Invoking toplevel() on ptolemy.moml.MoMLSimpleApplication@e80f48c
----------------- Done invoking toplevel() on ptolemy.moml.MoMLSimpleApplication@e80f48c
reloadAllAccessors: .ApplyFunction

===========================================================================================
----------------- testing Fri Oct 05 02:37:33 UTC 2018 /home/travis/build/icyphy/ptII/ptolemy/actor/lib/hoc/test/auto/BackgroundExecution.xml
----------------- Instantiating /home/travis/build/icyphy/ptII/ptolemy/actor/lib/hoc/test/auto/BackgroundExecution.xml
624 ms. Memory: 146944K Free: 137265K (93%)
----------------- Invoking toplevel() on ptolemy.moml.MoMLSimpleApplication@7555da8d
----------------- Done invoking toplevel() on ptolemy.moml.MoMLSimpleApplication@7555da8d
reloadAllAccessors: .BackgroundExecution

===========================================================================================
----------------- testing Fri Oct 05 02:37:33 UTC 2018 /home/travis/build/icyphy/ptII/ptolemy/actor/lib/hoc/test/auto/Case.xml
----------------- Instantiating /home/travis/build/icyphy/ptII/ptolemy/actor/lib/hoc/test/auto/Case.xml
14 ms. Memory: 146944K Free: 128879K (88%)
----------------- Invoking toplevel() on ptolemy.moml.MoMLSimpleApplication@57670c79
----------------- Done invoking toplevel() on ptolemy.moml.MoMLSimpleApplication@57670c79
reloadAllAccessors: .Case

===========================================================================================
----------------- testing Fri Oct 05 02:37:33 UTC 2018 /home/travis/build/icyphy/ptII/ptolemy/actor/lib/hoc/test/auto/Case1.xml
----------------- Instantiating /home/travis/build/icyphy/ptII/ptolemy/actor/lib/hoc/test/auto/Case1.xml
8 ms. Memory: 146944K Free: 121745K (83%)
----------------- Invoking toplevel() on ptolemy.moml.MoMLSimpleApplication@5705d7df
----------------- Done invoking toplevel() on ptolemy.moml.MoMLSimpleApplication@5705d7df
reloadAllAccessors: .Case1

===========================================================================================
----------------- testing Fri Oct 05 02:37:33 UTC 2018 /home/travis/build/icyphy/ptII/ptolemy/actor/lib/hoc/test/auto/Case2.xml
----------------- Instantiating /home/travis/build/icyphy/ptII/ptolemy/actor/lib/hoc/test/auto/Case2.xml
51 ms. Memory: 146944K Free: 109736K (75%)
----------------- Invoking toplevel() on ptolemy.moml.MoMLSimpleApplication@5b2e2b94
----------------- Done invoking toplevel() on ptolemy.moml.MoMLSimpleApplication@5b2e2b94
reloadAllAccessors: .Case2

===========================================================================================
----------------- testing Fri Oct 05 02:37:33 UTC 2018 /home/travis/build/icyphy/ptII/ptolemy/actor/lib/hoc/test/auto/Case3.xml
----------------- Instantiating /home/travis/build/icyphy/ptII/ptolemy/actor/lib/hoc/test/auto/Case3.xml
18 ms. Memory: 146944K Free: 102998K (70%)
----------------- Invoking toplevel() on ptolemy.moml.MoMLSimpleApplication@59c10b71
----------------- Done invoking toplevel() on ptolemy.moml.MoMLSimpleApplication@59c10b71
reloadAllAccessors: .Case3

===========================================================================================
----------------- testing Fri Oct 05 02:37:34 UTC 2018 /home/travis/build/icyphy/ptII/ptolemy/actor/lib/hoc/test/auto/Case4.xml
----------------- Instantiating /home/travis/build/icyphy/ptII/ptolemy/actor/lib/hoc/test/auto/Case4.xml
14 ms. Memory: 146944K Free: 93897K (64%)
----------------- Invoking toplevel() on ptolemy.moml.MoMLSimpleApplication@5b68143b
----------------- Done invoking toplevel() on ptolemy.moml.MoMLSimpleApplication@5b68143b
reloadAllAccessors: .Case4

===========================================================================================
----------------- testing Fri Oct 05 02:37:34 UTC 2018 /home/travis/build/icyphy/ptII/ptolemy/actor/lib/hoc/test/auto/Case5.xml
----------------- Instantiating /home/travis/build/icyphy/ptII/ptolemy/actor/lib/hoc/test/auto/Case5.xml
29 ms. Memory: 146944K Free: 86773K (59%)
----------------- Invoking toplevel() on ptolemy.moml.MoMLSimpleApplication@54626977
----------------- Done invoking toplevel() on ptolemy.moml.MoMLSimpleApplication@54626977
reloadAllAccessors: .junk

===========================================================================================
----------------- testing Fri Oct 05 02:37:34 UTC 2018 /home/travis/build/icyphy/ptII/ptolemy/actor/lib/hoc/test/auto/Case6.xml
----------------- Instantiating /home/travis/build/icyphy/ptII/ptolemy/actor/lib/hoc/test/auto/Case6.xml
40 ms. Memory: 208384K Free: 195992K (94%)
----------------- Invoking toplevel() on ptolemy.moml.MoMLSimpleApplication@6389d181
----------------- Done invoking toplevel() on ptolemy.moml.MoMLSimpleApplication@6389d181
reloadAllAccessors: .Case6

===========================================================================================
----------------- testing Fri Oct 05 02:37:34 UTC 2018 /home/travis/build/icyphy/ptII/ptolemy/actor/lib/hoc/test/auto/CaseString2.xml
----------------- Instantiating /home/travis/build/icyphy/ptII/ptolemy/actor/lib/hoc/test/auto/CaseString2.xml
16 ms. Memory: 208384K Free: 186394K (89%)
----------------- Invoking toplevel() on ptolemy.moml.MoMLSimpleApplication@1fd73535
----------------- Done invoking toplevel() on ptolemy.moml.MoMLSimpleApplication@1fd73535
reloadAllAccessors: .CaseString2

===========================================================================================
----------------- testing Fri Oct 05 02:37:34 UTC 2018 /home/travis/build/icyphy/ptII/ptolemy/actor/lib/hoc/test/auto/CatchUpComposite1.xml
----------------- Instantiating /home/travis/build/icyphy/ptII/ptolemy/actor/lib/hoc/test/auto/CatchUpComposite1.xml
13 ms. Memory: 208384K Free: 176562K (85%)
----------------- Invoking toplevel() on ptolemy.moml.MoMLSimpleApplication@798e0c87
----------------- Done invoking toplevel() on ptolemy.moml.MoMLSimpleApplication@798e0c87
reloadAllAccessors: .CatchUpComposite1

===========================================================================================
----------------- testing Fri Oct 05 02:37:34 UTC 2018 /home/travis/build/icyphy/ptII/ptolemy/actor/lib/hoc/test/auto/CatchUpComposite2.xml
----------------- Instantiating /home/travis/build/icyphy/ptII/ptolemy/actor/lib/hoc/test/auto/CatchUpComposite2.xml
9 ms. Memory: 208384K Free: 167330K (80%)
----------------- Invoking toplevel() on ptolemy.moml.MoMLSimpleApplication@a77265e
----------------- Done invoking toplevel() on ptolemy.moml.MoMLSimpleApplication@a77265e
reloadAllAccessors: .CatchUpComposite2

===========================================================================================
----------------- testing Fri Oct 05 02:37:34 UTC 2018 /home/travis/build/icyphy/ptII/ptolemy/actor/lib/hoc/test/auto/CatchUpComposite3.xml
----------------- Instantiating /home/travis/build/icyphy/ptII/ptolemy/actor/lib/hoc/test/auto/CatchUpComposite3.xml
6 ms. Memory: 208384K Free: 157117K (75%)
----------------- Invoking toplevel() on ptolemy.moml.MoMLSimpleApplication@5e1d5c11
----------------- Done invoking toplevel() on ptolemy.moml.MoMLSimpleApplication@5e1d5c11
reloadAllAccessors: .CatchUpComposite3

===========================================================================================
----------------- testing Fri Oct 05 02:37:34 UTC 2018 /home/travis/build/icyphy/ptII/ptolemy/actor/lib/hoc/test/auto/CatchUpComposite4.xml
----------------- Instantiating /home/travis/build/icyphy/ptII/ptolemy/actor/lib/hoc/test/auto/CatchUpComposite4.xml
17 ms. Memory: 208384K Free: 147821K (71%)
----------------- Invoking toplevel() on ptolemy.moml.MoMLSimpleApplication@1c7cae43
----------------- Done invoking toplevel() on ptolemy.moml.MoMLSimpleApplication@1c7cae43
reloadAllAccessors: .CatchUpComposite4

===========================================================================================
----------------- testing Fri Oct 05 02:37:34 UTC 2018 /home/travis/build/icyphy/ptII/ptolemy/actor/lib/hoc/test/auto/CatchUpComposite5.xml
----------------- Instantiating /home/travis/build/icyphy/ptII/ptolemy/actor/lib/hoc/test/auto/CatchUpComposite5.xml
17 ms. Memory: 208384K Free: 139769K (67%)
----------------- Invoking toplevel() on ptolemy.moml.MoMLSimpleApplication@28a543f2
----------------- Done invoking toplevel() on ptolemy.moml.MoMLSimpleApplication@28a543f2
reloadAllAccessors: .CatchUpComposite5

===========================================================================================
----------------- testing Fri Oct 05 02:37:34 UTC 2018 /home/travis/build/icyphy/ptII/ptolemy/actor/lib/hoc/test/auto/CatchUpComposite6.xml
----------------- Instantiating /home/travis/build/icyphy/ptII/ptolemy/actor/lib/hoc/test/auto/CatchUpComposite6.xml
WARNING: The execution aspects in this model can influence the timing of actors by delaying the 
execution, potentially changing the behavior. There is no guarantee that actors fire at the 
time they request to be fired. 
Use Ptides for deterministic DE behavior that is not influenced by execution aspects. 

88 ms. Memory: 208384K Free: 120762K (58%)
----------------- Invoking toplevel() on ptolemy.moml.MoMLSimpleApplication@508ca88e
----------------- Done invoking toplevel() on ptolemy.moml.MoMLSimpleApplication@508ca88e
reloadAllAccessors: .CatchUpComposite6

===========================================================================================
----------------- testing Fri Oct 05 02:37:34 UTC 2018 /home/travis/build/icyphy/ptII/ptolemy/actor/lib/hoc/test/auto/CatchUpComposite7.xml
----------------- Instantiating /home/travis/build/icyphy/ptII/ptolemy/actor/lib/hoc/test/auto/CatchUpComposite7.xml
WARNING: The execution aspects in this model can influence the timing of actors by delaying the 
execution, potentially changing the behavior. There is no guarantee that actors fire at the 
time they request to be fired. 
Use Ptides for deterministic DE behavior that is not influenced by execution aspects. 

41 ms. Memory: 208384K Free: 104059K (50%)
----------------- Invoking toplevel() on ptolemy.moml.MoMLSimpleApplication@4aea4dea
----------------- Done invoking toplevel() on ptolemy.moml.MoMLSimpleApplication@4aea4dea
reloadAllAccessors: .CatchUpComposite7

===========================================================================================
----------------- testing Fri Oct 05 02:37:34 UTC 2018 /home/travis/build/icyphy/ptII/ptolemy/actor/lib/hoc/test/auto/ConcurrentExecutionTimeSDF.xml
----------------- Instantiating /home/travis/build/icyphy/ptII/ptolemy/actor/lib/hoc/test/auto/ConcurrentExecutionTimeSDF.xml
Fired ExecutionTime: 40400000
Fired ExecutionTime: 40400000
Fired ExecutionTime: 40400000
Fired ExecutionTime: 40400000
Fired ExecutionTime: 40400000
Fired ExecutionTime: 40400000
Fired ExecutionTime: 40400000
Fired ExecutionTime: 40400000
Fired ExecutionTime: 40400000
Fired ExecutionTime: 40400000
Fired ExecutionTime: 40400000
Fired ExecutionTime: 40400000
Fired ExecutionTime: 40400000
Fired ExecutionTime: 40400000
Fired ExecutionTime: 40400000
Fired ExecutionTime: 40400000
Fired ExecutionTime: 40400000
Fired ExecutionTime: 40400000
Fired ExecutionTime: 40400000
Fired ExecutionTime: 40400000
1568 ms. Memory: 208384K Free: 95441K (46%)
----------------- Invoking toplevel() on ptolemy.moml.MoMLSimpleApplication@3b5a2da1
----------------- Done invoking toplevel() on ptolemy.moml.MoMLSimpleApplication@3b5a2da1
reloadAllAccessors: .ConcurrentExecutionTimeSDF

===========================================================================================
----------------- testing Fri Oct 05 02:37:36 UTC 2018 /home/travis/build/icyphy/ptII/ptolemy/actor/lib/hoc/test/auto/ConcurrentSleep.xml
----------------- Instantiating /home/travis/build/icyphy/ptII/ptolemy/actor/lib/hoc/test/auto/ConcurrentSleep.xml
738 ms. Memory: 208384K Free: 80959K (39%)
----------------- Invoking toplevel() on ptolemy.moml.MoMLSimpleApplication@10da78e1
----------------- Done invoking toplevel() on ptolemy.moml.MoMLSimpleApplication@10da78e1
reloadAllAccessors: .ConcurrentSleep

===========================================================================================
----------------- testing Fri Oct 05 02:37:37 UTC 2018 /home/travis/build/icyphy/ptII/ptolemy/actor/lib/hoc/test/auto/DEInPNInRunCompositeActor.xml
----------------- Instantiating /home/travis/build/icyphy/ptII/ptolemy/actor/lib/hoc/test/auto/DEInPNInRunCompositeActor.xml
13 ms. Memory: 208384K Free: 196208K (94%)
----------------- Invoking toplevel() on ptolemy.moml.MoMLSimpleApplication@5bbb7508
----------------- Done invoking toplevel() on ptolemy.moml.MoMLSimpleApplication@5bbb7508
reloadAllAccessors: .DEInPNInRunCompositeActor

===========================================================================================
----------------- testing Fri Oct 05 02:37:37 UTC 2018 /home/travis/build/icyphy/ptII/ptolemy/actor/lib/hoc/test/auto/DFTSubSetTest.xml
----------------- Instantiating /home/travis/build/icyphy/ptII/ptolemy/actor/lib/hoc/test/auto/DFTSubSetTest.xml
146 ms. Memory: 208384K Free: 148766K (71%)
----------------- Invoking toplevel() on ptolemy.moml.MoMLSimpleApplication@230b644a
----------------- Done invoking toplevel() on ptolemy.moml.MoMLSimpleApplication@230b644a
reloadAllAccessors: .DFTSubSetTest

===========================================================================================
----------------- testing Fri Oct 05 02:37:37 UTC 2018 /home/travis/build/icyphy/ptII/ptolemy/actor/lib/hoc/test/auto/HocDE.xml
----------------- Instantiating /home/travis/build/icyphy/ptII/ptolemy/actor/lib/hoc/test/auto/HocDE.xml
134 ms. Memory: 208384K Free: 121732K (58%)
----------------- Invoking toplevel() on ptolemy.moml.MoMLSimpleApplication@2b6610ea
----------------- Done invoking toplevel() on ptolemy.moml.MoMLSimpleApplication@2b6610ea
reloadAllAccessors: .HocDE

===========================================================================================
----------------- testing Fri Oct 05 02:37:37 UTC 2018 /home/travis/build/icyphy/ptII/ptolemy/actor/lib/hoc/test/auto/IterateOverArray.xml
----------------- Instantiating /home/travis/build/icyphy/ptII/ptolemy/actor/lib/hoc/test/auto/IterateOverArray.xml
4 ms. Memory: 208384K Free: 115360K (55%)
----------------- Invoking toplevel() on ptolemy.moml.MoMLSimpleApplication@3c2f545a
----------------- Done invoking toplevel() on ptolemy.moml.MoMLSimpleApplication@3c2f545a
reloadAllAccessors: .IterateOverArray

===========================================================================================
----------------- testing Fri Oct 05 02:37:37 UTC 2018 /home/travis/build/icyphy/ptII/ptolemy/actor/lib/hoc/test/auto/IterateOverArray10.xml
----------------- Instantiating /home/travis/build/icyphy/ptII/ptolemy/actor/lib/hoc/test/auto/IterateOverArray10.xml
5 ms. Memory: 208384K Free: 111264K (53%)
----------------- Invoking toplevel() on ptolemy.moml.MoMLSimpleApplication@43d92091
----------------- Done invoking toplevel() on ptolemy.moml.MoMLSimpleApplication@43d92091
reloadAllAccessors: .IterateOverArray10

===========================================================================================
----------------- testing Fri Oct 05 02:37:37 UTC 2018 /home/travis/build/icyphy/ptII/ptolemy/actor/lib/hoc/test/auto/IterateOverArray11.xml
----------------- Instantiating /home/travis/build/icyphy/ptII/ptolemy/actor/lib/hoc/test/auto/IterateOverArray11.xml
7 ms. Memory: 208384K Free: 105711K (51%)
----------------- Invoking toplevel() on ptolemy.moml.MoMLSimpleApplication@21b43440
----------------- Done invoking toplevel() on ptolemy.moml.MoMLSimpleApplication@21b43440
reloadAllAccessors: .IterateOverArray11

===========================================================================================
----------------- testing Fri Oct 05 02:37:37 UTC 2018 /home/travis/build/icyphy/ptII/ptolemy/actor/lib/hoc/test/auto/IterateOverArray12.xml
----------------- Instantiating /home/travis/build/icyphy/ptII/ptolemy/actor/lib/hoc/test/auto/IterateOverArray12.xml
16 ms. Memory: 208384K Free: 98322K (47%)
----------------- Invoking toplevel() on ptolemy.moml.MoMLSimpleApplication@76df1891
----------------- Done invoking toplevel() on ptolemy.moml.MoMLSimpleApplication@76df1891
reloadAllAccessors: .IterateOverArray12

===========================================================================================
----------------- testing Fri Oct 05 02:37:37 UTC 2018 /home/travis/build/icyphy/ptII/ptolemy/actor/lib/hoc/test/auto/IterateOverArray13.xml
----------------- Instantiating /home/travis/build/icyphy/ptII/ptolemy/actor/lib/hoc/test/auto/IterateOverArray13.xml
57 ms. Memory: 331264K Free: 312885K (94%)
----------------- Invoking toplevel() on ptolemy.moml.MoMLSimpleApplication@126c8bd
----------------- Done invoking toplevel() on ptolemy.moml.MoMLSimpleApplication@126c8bd
reloadAllAccessors: .IterateOverArray13

===========================================================================================
----------------- testing Fri Oct 05 02:37:37 UTC 2018 /home/travis/build/icyphy/ptII/ptolemy/actor/lib/hoc/test/auto/IterateOverArray14.xml
----------------- Instantiating /home/travis/build/icyphy/ptII/ptolemy/actor/lib/hoc/test/auto/IterateOverArray14.xml
58 ms. Memory: 331264K Free: 277774K (84%)
----------------- Invoking toplevel() on ptolemy.moml.MoMLSimpleApplication@75b5a7f0
----------------- Done invoking toplevel() on ptolemy.moml.MoMLSimpleApplication@75b5a7f0
reloadAllAccessors: .IterateOverArray14

===========================================================================================
----------------- testing Fri Oct 05 02:37:38 UTC 2018 /home/travis/build/icyphy/ptII/ptolemy/actor/lib/hoc/test/auto/IterateOverArray2.xml
----------------- Instantiating /home/travis/build/icyphy/ptII/ptolemy/actor/lib/hoc/test/auto/IterateOverArray2.xml
8 ms. Memory: 331264K Free: 271247K (82%)
----------------- Invoking toplevel() on ptolemy.moml.MoMLSimpleApplication@6ba7af26
----------------- Done invoking toplevel() on ptolemy.moml.MoMLSimpleApplication@6ba7af26
reloadAllAccessors: .IterateOverArray2

===========================================================================================
----------------- testing Fri Oct 05 02:37:38 UTC 2018 /home/travis/build/icyphy/ptII/ptolemy/actor/lib/hoc/test/auto/IterateOverArray3.xml
----------------- Instantiating /home/travis/build/icyphy/ptII/ptolemy/actor/lib/hoc/test/auto/IterateOverArray3.xml
13 ms. Memory: 331264K Free: 263873K (80%)
----------------- Invoking toplevel() on ptolemy.moml.MoMLSimpleApplication@5476de57
----------------- Done invoking toplevel() on ptolemy.moml.MoMLSimpleApplication@5476de57
reloadAllAccessors: .IterateOverArray3

===========================================================================================
----------------- testing Fri Oct 05 02:37:38 UTC 2018 /home/travis/build/icyphy/ptII/ptolemy/actor/lib/hoc/test/auto/IterateOverArray4.xml
----------------- Instantiating /home/travis/build/icyphy/ptII/ptolemy/actor/lib/hoc/test/auto/IterateOverArray4.xml
5 ms. Memory: 331264K Free: 258978K (78%)
----------------- Invoking toplevel() on ptolemy.moml.MoMLSimpleApplication@27a4d4
----------------- Done invoking toplevel() on ptolemy.moml.MoMLSimpleApplication@27a4d4
reloadAllAccessors: .IterateOverArray4

===========================================================================================
----------------- testing Fri Oct 05 02:37:38 UTC 2018 /home/travis/build/icyphy/ptII/ptolemy/actor/lib/hoc/test/auto/IterateOverArray5.xml
----------------- Instantiating /home/travis/build/icyphy/ptII/ptolemy/actor/lib/hoc/test/auto/IterateOverArray5.xml
2 ms. Memory: 331264K Free: 254083K (77%)
----------------- Invoking toplevel() on ptolemy.moml.MoMLSimpleApplication@74ba34f0
----------------- Done invoking toplevel() on ptolemy.moml.MoMLSimpleApplication@74ba34f0
reloadAllAccessors: .IterateOverArray5

===========================================================================================
----------------- testing Fri Oct 05 02:37:38 UTC 2018 /home/travis/build/icyphy/ptII/ptolemy/actor/lib/hoc/test/auto/IterateOverArray6.xml
----------------- Instantiating /home/travis/build/icyphy/ptII/ptolemy/actor/lib/hoc/test/auto/IterateOverArray6.xml
2 ms. Memory: 331264K Free: 248340K (75%)
----------------- Invoking toplevel() on ptolemy.moml.MoMLSimpleApplication@57cb0a74
----------------- Done invoking toplevel() on ptolemy.moml.MoMLSimpleApplication@57cb0a74
reloadAllAccessors: .IterateOverArray6

===========================================================================================
----------------- testing Fri Oct 05 02:37:38 UTC 2018 /home/travis/build/icyphy/ptII/ptolemy/actor/lib/hoc/test/auto/IterateOverArray7.xml
----------------- Instantiating /home/travis/build/icyphy/ptII/ptolemy/actor/lib/hoc/test/auto/IterateOverArray7.xml
3 ms. Memory: 331264K Free: 243445K (73%)
----------------- Invoking toplevel() on ptolemy.moml.MoMLSimpleApplication@722c63e6
----------------- Done invoking toplevel() on ptolemy.moml.MoMLSimpleApplication@722c63e6
reloadAllAccessors: .IterateOverArray7

===========================================================================================
----------------- testing Fri Oct 05 02:37:38 UTC 2018 /home/travis/build/icyphy/ptII/ptolemy/actor/lib/hoc/test/auto/IterateOverArray8.xml
----------------- Instantiating /home/travis/build/icyphy/ptII/ptolemy/actor/lib/hoc/test/auto/IterateOverArray8.xml
5 ms. Memory: 331264K Free: 237702K (72%)
----------------- Invoking toplevel() on ptolemy.moml.MoMLSimpleApplication@47c16e6a
----------------- Done invoking toplevel() on ptolemy.moml.MoMLSimpleApplication@47c16e6a
reloadAllAccessors: .IterateOverArray8

===========================================================================================
----------------- testing Fri Oct 05 02:37:38 UTC 2018 /home/travis/build/icyphy/ptII/ptolemy/actor/lib/hoc/test/auto/IterateOverArray9.xml
----------------- Instantiating /home/travis/build/icyphy/ptII/ptolemy/actor/lib/hoc/test/auto/IterateOverArray9.xml
7 ms. Memory: 331264K Free: 232807K (70%)
----------------- Invoking toplevel() on ptolemy.moml.MoMLSimpleApplication@65135d59
----------------- Done invoking toplevel() on ptolemy.moml.MoMLSimpleApplication@65135d59
reloadAllAccessors: .IterateOverArray9

===========================================================================================
----------------- testing Fri Oct 05 02:37:38 UTC 2018 /home/travis/build/icyphy/ptII/ptolemy/actor/lib/hoc/test/auto/IterateOverArrayCoercedOutputType.xml
----------------- Instantiating /home/travis/build/icyphy/ptII/ptolemy/actor/lib/hoc/test/auto/IterateOverArrayCoercedOutputType.xml
3 ms. Memory: 331264K Free: 226281K (68%)
----------------- Invoking toplevel() on ptolemy.moml.MoMLSimpleApplication@46ed8426
----------------- Done invoking toplevel() on ptolemy.moml.MoMLSimpleApplication@46ed8426
reloadAllAccessors: .IterateOverArrayCoercedOutputType

===========================================================================================
----------------- testing Fri Oct 05 02:37:38 UTC 2018 /home/travis/build/icyphy/ptII/ptolemy/actor/lib/hoc/test/auto/IterateOverArrayInferredOutputType.xml
----------------- Instantiating /home/travis/build/icyphy/ptII/ptolemy/actor/lib/hoc/test/auto/IterateOverArrayInferredOutputType.xml
11 ms. Memory: 331264K Free: 218906K (66%)
----------------- Invoking toplevel() on ptolemy.moml.MoMLSimpleApplication@7fcddaf7
----------------- Done invoking toplevel() on ptolemy.moml.MoMLSimpleApplication@7fcddaf7
reloadAllAccessors: .IterateOverArrayInferredOutputType

===========================================================================================
----------------- testing Fri Oct 05 02:37:38 UTC 2018 /home/travis/build/icyphy/ptII/ptolemy/actor/lib/hoc/test/auto/MobileFunctionTest.xml
----------------- Instantiating /home/travis/build/icyphy/ptII/ptolemy/actor/lib/hoc/test/auto/MobileFunctionTest.xml
4 ms. Memory: 331264K Free: 212348K (64%)
----------------- Invoking toplevel() on ptolemy.moml.MoMLSimpleApplication@1ceb1d0a
----------------- Done invoking toplevel() on ptolemy.moml.MoMLSimpleApplication@1ceb1d0a
reloadAllAccessors: .MobileFunctionTest

===========================================================================================
----------------- testing Fri Oct 05 02:37:38 UTC 2018 /home/travis/build/icyphy/ptII/ptolemy/actor/lib/hoc/test/auto/MobileModelTest.xml
----------------- Instantiating /home/travis/build/icyphy/ptII/ptolemy/actor/lib/hoc/test/auto/MobileModelTest.xml
72 ms. Memory: 331264K Free: 191121K (58%)
----------------- Invoking toplevel() on ptolemy.moml.MoMLSimpleApplication@372449f0
----------------- Done invoking toplevel() on ptolemy.moml.MoMLSimpleApplication@372449f0
reloadAllAccessors: .MobileModelTest

===========================================================================================
----------------- testing Fri Oct 05 02:37:38 UTC 2018 /home/travis/build/icyphy/ptII/ptolemy/actor/lib/hoc/test/auto/ModelReference.xml
----------------- Instantiating /home/travis/build/icyphy/ptII/ptolemy/actor/lib/hoc/test/auto/ModelReference.xml
3 ms. Memory: 331264K Free: 180482K (54%)
2 ms. Memory: 331264K Free: 180482K (54%)
2 ms. Memory: 331264K Free: 178851K (54%)
1 ms. Memory: 331264K Free: 178851K (54%)
3 ms. Memory: 331264K Free: 177219K (53%)
2 ms. Memory: 331264K Free: 177219K (53%)
1 ms. Memory: 331264K Free: 175588K (53%)
1 ms. Memory: 331264K Free: 175588K (53%)
1 ms. Memory: 331264K Free: 173956K (53%)
3 ms. Memory: 331264K Free: 173956K (53%)
29 ms. Memory: 331264K Free: 173956K (53%)
----------------- Invoking toplevel() on ptolemy.moml.MoMLSimpleApplication@4c46d384
----------------- Done invoking toplevel() on ptolemy.moml.MoMLSimpleApplication@4c46d384
reloadAllAccessors: .ModelReference

===========================================================================================
----------------- testing Fri Oct 05 02:37:38 UTC 2018 /home/travis/build/icyphy/ptII/ptolemy/actor/lib/hoc/test/auto/ModelReference3.xml
----------------- Instantiating /home/travis/build/icyphy/ptII/ptolemy/actor/lib/hoc/test/auto/ModelReference3.xml
1 ms. Memory: 331264K Free: 169061K (51%)
1 ms. Memory: 331264K Free: 167430K (51%)
6 ms. Memory: 331264K Free: 167430K (51%)
1 ms. Memory: 331264K Free: 165798K (50%)
4 ms. Memory: 331264K Free: 165798K (50%)
2 ms. Memory: 331264K Free: 164167K (50%)
1 ms. Memory: 331264K Free: 164167K (50%)
6 ms. Memory: 331264K Free: 162535K (49%)
2 ms. Memory: 331264K Free: 162535K (49%)
4 ms. Memory: 331264K Free: 160904K (49%)
33 ms. Memory: 331264K Free: 160904K (49%)
----------------- Invoking toplevel() on ptolemy.moml.MoMLSimpleApplication@5dc2f096
----------------- Done invoking toplevel() on ptolemy.moml.MoMLSimpleApplication@5dc2f096
reloadAllAccessors: .ModelReference3

===========================================================================================
----------------- testing Fri Oct 05 02:37:38 UTC 2018 /home/travis/build/icyphy/ptII/ptolemy/actor/lib/hoc/test/auto/ModelReference4.xml
----------------- Instantiating /home/travis/build/icyphy/ptII/ptolemy/actor/lib/hoc/test/auto/ModelReference4.xml
3 ms. Memory: 331264K Free: 153529K (46%)
4 ms. Memory: 331264K Free: 151897K (46%)
2 ms. Memory: 331264K Free: 150266K (45%)
8 ms. Memory: 331264K Free: 148634K (45%)
6 ms. Memory: 331264K Free: 145371K (44%)
10 ms. Memory: 331264K Free: 143739K (43%)
2 ms. Memory: 331264K Free: 142108K (43%)
8 ms. Memory: 331264K Free: 140476K (42%)
2 ms. Memory: 331264K Free: 138845K (42%)
2 ms. Memory: 331264K Free: 137213K (41%)
10019 ms. Memory: 331264K Free: 137213K (41%)
----------------- Invoking toplevel() on ptolemy.moml.MoMLSimpleApplication@2ad6ffb4
----------------- Done invoking toplevel() on ptolemy.moml.MoMLSimpleApplication@2ad6ffb4
reloadAllAccessors: .ModelReference4

===========================================================================================
----------------- testing Fri Oct 05 02:37:48 UTC 2018 /home/travis/build/icyphy/ptII/ptolemy/actor/lib/hoc/test/auto/MultiInstanceComposite.xml
----------------- Instantiating /home/travis/build/icyphy/ptII/ptolemy/actor/lib/hoc/test/auto/MultiInstanceComposite.xml
33 ms. Memory: 331264K Free: 119201K (36%)
----------------- Invoking toplevel() on ptolemy.moml.MoMLSimpleApplication@4128ec2c
----------------- Done invoking toplevel() on ptolemy.moml.MoMLSimpleApplication@4128ec2c
reloadAllAccessors: .MultiInstanceComposite

===========================================================================================
----------------- testing Fri Oct 05 02:37:48 UTC 2018 /home/travis/build/icyphy/ptII/ptolemy/actor/lib/hoc/test/auto/MultiInstanceComposite2.xml
----------------- Instantiating /home/travis/build/icyphy/ptII/ptolemy/actor/lib/hoc/test/auto/MultiInstanceComposite2.xml
13 ms. Memory: 331264K Free: 106069K (32%)
----------------- Invoking toplevel() on ptolemy.moml.MoMLSimpleApplication@6723fcb4
----------------- Done invoking toplevel() on ptolemy.moml.MoMLSimpleApplication@6723fcb4
reloadAllAccessors: .MultiInstanceComposite2

===========================================================================================
----------------- testing Fri Oct 05 02:37:48 UTC 2018 /home/travis/build/icyphy/ptII/ptolemy/actor/lib/hoc/test/auto/MulticoreExecution.xml
----------------- Instantiating /home/travis/build/icyphy/ptII/ptolemy/actor/lib/hoc/test/auto/MulticoreExecution.xml
Fired ExecutionTime: 2800000
Fired ExecutionTime: 2800000
Fired ExecutionTime: 4800000
Fired ExecutionTime: 2400000
Fired ExecutionTime: 20800000
Fired ExecutionTime: 25200000
Fired ExecutionTime: 24800000
Fired ExecutionTime: 25600000
Fired ExecutionTime: 25600000
Fired ExecutionTime: 38000000
Fired ExecutionTime: 59600000
Fired ExecutionTime: 65600000
Fired ExecutionTime: 95600000
Fired ExecutionTime: 98400000
Fired ExecutionTime: 65600000
Fired ExecutionTime: 66000000
Fired ExecutionTime: 66800000
Fired ExecutionTime: 67600000
Fired ExecutionTime: 63600000
Fired ExecutionTime: 64800000
1075 ms. Memory: 331264K Free: 92151K (28%)
----------------- Invoking toplevel() on ptolemy.moml.MoMLSimpleApplication@56bc7940
----------------- Done invoking toplevel() on ptolemy.moml.MoMLSimpleApplication@56bc7940
reloadAllAccessors: .MulticoreExecution

===========================================================================================
----------------- testing Fri Oct 05 02:37:49 UTC 2018 /home/travis/build/icyphy/ptII/ptolemy/actor/lib/hoc/test/auto/ParallelExecution.xml
----------------- Instantiating /home/travis/build/icyphy/ptII/ptolemy/actor/lib/hoc/test/auto/ParallelExecution.xml
916 ms. Memory: 331264K Free: 80706K (24%)
----------------- Invoking toplevel() on ptolemy.moml.MoMLSimpleApplication@410917b4
----------------- Done invoking toplevel() on ptolemy.moml.MoMLSimpleApplication@410917b4
reloadAllAccessors: .ParallelExecution

===========================================================================================
----------------- testing Fri Oct 05 02:37:50 UTC 2018 /home/travis/build/icyphy/ptII/ptolemy/actor/lib/hoc/test/auto/RunCompositeActor.xml
----------------- Instantiating /home/travis/build/icyphy/ptII/ptolemy/actor/lib/hoc/test/auto/RunCompositeActor.xml
14 ms. Memory: 332288K Free: 315717K (95%)
----------------- Invoking toplevel() on ptolemy.moml.MoMLSimpleApplication@c6b63c1
----------------- Done invoking toplevel() on ptolemy.moml.MoMLSimpleApplication@c6b63c1
reloadAllAccessors: .RunCompositeActor

===========================================================================================
----------------- testing Fri Oct 05 02:37:50 UTC 2018 /home/travis/build/icyphy/ptII/ptolemy/actor/lib/hoc/test/auto/RunCompositeActor2.xml
----------------- Instantiating /home/travis/build/icyphy/ptII/ptolemy/actor/lib/hoc/test/auto/RunCompositeActor2.xml
9 ms. Memory: 332288K Free: 308589K (93%)
----------------- Invoking toplevel() on ptolemy.moml.MoMLSimpleApplication@5a9752d7
----------------- Done invoking toplevel() on ptolemy.moml.MoMLSimpleApplication@5a9752d7
reloadAllAccessors: .RunCompositeActor2

===========================================================================================
----------------- testing Fri Oct 05 02:37:50 UTC 2018 /home/travis/build/icyphy/ptII/ptolemy/actor/lib/hoc/test/auto/RunCompositeActor3.xml
----------------- Instantiating /home/travis/build/icyphy/ptII/ptolemy/actor/lib/hoc/test/auto/RunCompositeActor3.xml
3 ms. Memory: 332288K Free: 301446K (91%)
----------------- Invoking toplevel() on ptolemy.moml.MoMLSimpleApplication@719fa190
----------------- Done invoking toplevel() on ptolemy.moml.MoMLSimpleApplication@719fa190
reloadAllAccessors: .RunCompositeActor3

===========================================================================================
----------------- testing Fri Oct 05 02:37:50 UTC 2018 /home/travis/build/icyphy/ptII/ptolemy/actor/lib/hoc/test/auto/RunCompositeActor4.xml
----------------- Instantiating /home/travis/build/icyphy/ptII/ptolemy/actor/lib/hoc/test/auto/RunCompositeActor4.xml
9 ms. Memory: 332288K Free: 293071K (88%)
----------------- Invoking toplevel() on ptolemy.moml.MoMLSimpleApplication@72008587
----------------- Done invoking toplevel() on ptolemy.moml.MoMLSimpleApplication@72008587
reloadAllAccessors: .RunCompositeActor4

===========================================================================================
----------------- testing Fri Oct 05 02:37:50 UTC 2018 /home/travis/build/icyphy/ptII/ptolemy/actor/lib/hoc/test/auto/RunCompositeIterateOverArray.xml
----------------- Instantiating /home/travis/build/icyphy/ptII/ptolemy/actor/lib/hoc/test/auto/RunCompositeIterateOverArray.xml
3 ms. Memory: 332288K Free: 284280K (86%)
----------------- Invoking toplevel() on ptolemy.moml.MoMLSimpleApplication@68864650
----------------- Done invoking toplevel() on ptolemy.moml.MoMLSimpleApplication@68864650
reloadAllAccessors: .RunCompositeIterateOverArray

===========================================================================================
----------------- testing Fri Oct 05 02:37:50 UTC 2018 /home/travis/build/icyphy/ptII/ptolemy/actor/lib/hoc/test/auto/ThreadedJS.xml
----------------- Instantiating /home/travis/build/icyphy/ptII/ptolemy/actor/lib/hoc/test/auto/ThreadedJS.xml
1428 ms. Memory: 538112K Free: 152279K (28%)
----------------- Invoking toplevel() on ptolemy.moml.MoMLSimpleApplication@f056740
----------------- Done invoking toplevel() on ptolemy.moml.MoMLSimpleApplication@f056740
reloadAllAccessors: .ThreadedJS
AutoTests.java: About to close Vertx.
AutoTests.java: Vertx closed.
]]></system-out>
  <system-err><![CDATA[java.lang.RuntimeException: Execution failed
	at ptolemy.moml.MoMLSimpleApplication$UnloadThread.run(MoMLSimpleApplication.java:402)
Caused by: ptolemy.kernel.util.IllegalActionException: initialize() was called after wrapup() was called but preinitialize() was not called after wrapup().
	at ptolemy.actor.lib.hoc.test.PreinitializeMustBeInvoked.initialize(PreinitializeMustBeInvoked.java:78)
	at ptolemy.actor.Director.initialize(Director.java:938)
	at ptolemy.actor.Director.initialize(Director.java:907)
	at ptolemy.actor.sched.StaticSchedulingDirector.initialize(StaticSchedulingDirector.java:159)
	at ptolemy.domains.sdf.kernel.SDFDirector.initialize(SDFDirector.java:544)
	at ptolemy.actor.CompositeActor.initialize(CompositeActor.java:935)
	at ptolemy.actor.lib.hoc.LifeCycleManager._executeInsideModel(LifeCycleManager.java:339)
	at ptolemy.actor.lib.hoc.RunCompositeActor.fire(RunCompositeActor.java:205)
	at ptolemy.actor.CompositeActor.iterate(CompositeActor.java:1146)
	at ptolemy.actor.sched.StaticSchedulingDirector.fire(StaticSchedulingDirector.java:216)
	at ptolemy.domains.sdf.kernel.SDFDirector.fire(SDFDirector.java:500)
	at ptolemy.actor.CompositeActor.fire(CompositeActor.java:455)
	at ptolemy.actor.Manager.iterate(Manager.java:851)
	at ptolemy.actor.Manager.execute(Manager.java:369)
	at ptolemy.actor.Manager.run(Manager.java:1263)
	at ptolemy.actor.Manager$PtolemyRunThread.run(Manager.java:1915)
java.lang.reflect.InvocationTargetException
	at sun.reflect.NativeConstructorAccessorImpl.newInstance0(Native Method)
	at sun.reflect.NativeConstructorAccessorImpl.newInstance(NativeConstructorAccessorImpl.java:62)
	at sun.reflect.DelegatingConstructorAccessorImpl.newInstance(DelegatingConstructorAccessorImpl.java:45)
	at java.lang.reflect.Constructor.newInstance(Constructor.java:423)
	at ptolemy.util.test.junit.AutoKnownFailedTests.RunModel(AutoKnownFailedTests.java:107)
	at sun.reflect.NativeMethodAccessorImpl.invoke0(Native Method)
	at sun.reflect.NativeMethodAccessorImpl.invoke(NativeMethodAccessorImpl.java:62)
	at sun.reflect.DelegatingMethodAccessorImpl.invoke(DelegatingMethodAccessorImpl.java:43)
	at java.lang.reflect.Method.invoke(Method.java:498)
	at org.junit.runners.model.FrameworkMethod$1.runReflectiveCall(FrameworkMethod.java:44)
	at org.junit.internal.runners.model.ReflectiveCallable.run(ReflectiveCallable.java:15)
	at org.junit.runners.model.FrameworkMethod.invokeExplosively(FrameworkMethod.java:41)
	at junitparams.internal.InvokeParameterisedMethod.evaluate(InvokeParameterisedMethod.java:102)
	at org.junit.internal.runners.statements.FailOnTimeout$1.run(FailOnTimeout.java:28)
Caused by: ptolemy.kernel.util.IllegalActionException: initialize() was called after wrapup() was called but preinitialize() was not called after wrapup().
	at ptolemy.actor.lib.hoc.test.PreinitializeMustBeInvoked.initialize(PreinitializeMustBeInvoked.java:78)
	at ptolemy.actor.Director.initialize(Director.java:938)
	at ptolemy.actor.Director.initialize(Director.java:907)
	at ptolemy.actor.sched.StaticSchedulingDirector.initialize(StaticSchedulingDirector.java:159)
	at ptolemy.domains.sdf.kernel.SDFDirector.initialize(SDFDirector.java:544)
	at ptolemy.actor.CompositeActor.initialize(CompositeActor.java:935)
	at ptolemy.actor.lib.hoc.LifeCycleManager._executeInsideModel(LifeCycleManager.java:339)
	at ptolemy.actor.lib.hoc.RunCompositeActor.fire(RunCompositeActor.java:205)
	at ptolemy.actor.CompositeActor.iterate(CompositeActor.java:1146)
	at ptolemy.actor.sched.StaticSchedulingDirector.fire(StaticSchedulingDirector.java:216)
	at ptolemy.domains.sdf.kernel.SDFDirector.fire(SDFDirector.java:500)
	at ptolemy.actor.CompositeActor.fire(CompositeActor.java:455)
	at ptolemy.actor.Manager.iterate(Manager.java:851)
	at ptolemy.actor.Manager.execute(Manager.java:369)
	at ptolemy.actor.Manager.run(Manager.java:1263)
	at ptolemy.actor.Manager$PtolemyRunThread.run(Manager.java:1915)
]]></system-err>
</testsuite>
