<?xml version="1.0" encoding="UTF-8" ?>
<testsuite errors="0" failures="0" hostname="travis-job-0742284e-bf26-4898-8d1c-60c488fb28d1" name="ptolemy.actor.lib.hoc.test.junit.JUnitTclTest" skipped="0" tests="58" time="24.556" timestamp="2018-10-25T02:29:38">
  <properties>
[...]
</properties>
  <testcase classname="ptolemy.util.test.junit.TclTests" name="[0] /home/travis/build/icyphy/ptII/ptolemy/actor/lib/hoc/test/IterateOverArray.tcl (RunTclFile)" time="0.296" />
  <testcase classname="ptolemy.util.test.junit.AutoKnownFailedTests" name="[0] /home/travis/build/icyphy/ptII/ptolemy/actor/lib/hoc/test/auto/knownFailedTests/PreinitializeMustBeInvokedRunComposite.xml (RunModel)" time="0.261" />
  <testcase classname="ptolemy.util.test.junit.AutoNameArchTests" name="[0] ThereAreNoAutoArchTests (RunModel)" time="0.001" />
  <testcase classname="ptolemy.util.test.junit.AutoTests" name="[0] /home/travis/build/icyphy/ptII/ptolemy/actor/lib/hoc/test/auto/AllToAllMultiInstanceComposite.xml (RunModel)" time="0.263" />
  <testcase classname="ptolemy.util.test.junit.AutoTests" name="[1] /home/travis/build/icyphy/ptII/ptolemy/actor/lib/hoc/test/auto/ApplyFFTTest.xml (RunModel)" time="0.317" />
  <testcase classname="ptolemy.util.test.junit.AutoTests" name="[2] /home/travis/build/icyphy/ptII/ptolemy/actor/lib/hoc/test/auto/ApplyFunction.xml (RunModel)" time="0.026" />
  <testcase classname="ptolemy.util.test.junit.AutoTests" name="[3] /home/travis/build/icyphy/ptII/ptolemy/actor/lib/hoc/test/auto/BackgroundExecution.xml (RunModel)" time="0.712" />
  <testcase classname="ptolemy.util.test.junit.AutoTests" name="[4] /home/travis/build/icyphy/ptII/ptolemy/actor/lib/hoc/test/auto/Case.xml (RunModel)" time="0.071" />
  <testcase classname="ptolemy.util.test.junit.AutoTests" name="[5] /home/travis/build/icyphy/ptII/ptolemy/actor/lib/hoc/test/auto/Case1.xml (RunModel)" time="0.071" />
  <testcase classname="ptolemy.util.test.junit.AutoTests" name="[6] /home/travis/build/icyphy/ptII/ptolemy/actor/lib/hoc/test/auto/Case2.xml (RunModel)" time="0.119" />
  <testcase classname="ptolemy.util.test.junit.AutoTests" name="[7] /home/travis/build/icyphy/ptII/ptolemy/actor/lib/hoc/test/auto/Case3.xml (RunModel)" time="0.06" />
  <testcase classname="ptolemy.util.test.junit.AutoTests" name="[8] /home/travis/build/icyphy/ptII/ptolemy/actor/lib/hoc/test/auto/Case4.xml (RunModel)" time="0.087" />
  <testcase classname="ptolemy.util.test.junit.AutoTests" name="[9] /home/travis/build/icyphy/ptII/ptolemy/actor/lib/hoc/test/auto/Case5.xml (RunModel)" time="0.088" />
  <testcase classname="ptolemy.util.test.junit.AutoTests" name="[10] /home/travis/build/icyphy/ptII/ptolemy/actor/lib/hoc/test/auto/Case6.xml (RunModel)" time="0.118" />
  <testcase classname="ptolemy.util.test.junit.AutoTests" name="[11] /home/travis/build/icyphy/ptII/ptolemy/actor/lib/hoc/test/auto/CaseString2.xml (RunModel)" time="0.052" />
  <testcase classname="ptolemy.util.test.junit.AutoTests" name="[12] /home/travis/build/icyphy/ptII/ptolemy/actor/lib/hoc/test/auto/CatchUpComposite1.xml (RunModel)" time="0.085" />
  <testcase classname="ptolemy.util.test.junit.AutoTests" name="[13] /home/travis/build/icyphy/ptII/ptolemy/actor/lib/hoc/test/auto/CatchUpComposite2.xml (RunModel)" time="0.061" />
  <testcase classname="ptolemy.util.test.junit.AutoTests" name="[14] /home/travis/build/icyphy/ptII/ptolemy/actor/lib/hoc/test/auto/CatchUpComposite3.xml (RunModel)" time="0.065" />
  <testcase classname="ptolemy.util.test.junit.AutoTests" name="[15] /home/travis/build/icyphy/ptII/ptolemy/actor/lib/hoc/test/auto/CatchUpComposite4.xml (RunModel)" time="0.067" />
  <testcase classname="ptolemy.util.test.junit.AutoTests" name="[16] /home/travis/build/icyphy/ptII/ptolemy/actor/lib/hoc/test/auto/CatchUpComposite5.xml (RunModel)" time="0.048" />
  <testcase classname="ptolemy.util.test.junit.AutoTests" name="[17] /home/travis/build/icyphy/ptII/ptolemy/actor/lib/hoc/test/auto/CatchUpComposite6.xml (RunModel)" time="0.193" />
  <testcase classname="ptolemy.util.test.junit.AutoTests" name="[18] /home/travis/build/icyphy/ptII/ptolemy/actor/lib/hoc/test/auto/CatchUpComposite7.xml (RunModel)" time="0.114" />
  <testcase classname="ptolemy.util.test.junit.AutoTests" name="[19] /home/travis/build/icyphy/ptII/ptolemy/actor/lib/hoc/test/auto/ConcurrentExecutionTimeSDF.xml (RunModel)" time="1.158" />
  <testcase classname="ptolemy.util.test.junit.AutoTests" name="[20] /home/travis/build/icyphy/ptII/ptolemy/actor/lib/hoc/test/auto/ConcurrentSleep.xml (RunModel)" time="0.782" />
  <testcase classname="ptolemy.util.test.junit.AutoTests" name="[21] /home/travis/build/icyphy/ptII/ptolemy/actor/lib/hoc/test/auto/DEInPNInRunCompositeActor.xml (RunModel)" time="0.049" />
  <testcase classname="ptolemy.util.test.junit.AutoTests" name="[22] /home/travis/build/icyphy/ptII/ptolemy/actor/lib/hoc/test/auto/DFTSubSetTest.xml (RunModel)" time="0.369" />
  <testcase classname="ptolemy.util.test.junit.AutoTests" name="[23] /home/travis/build/icyphy/ptII/ptolemy/actor/lib/hoc/test/auto/HocDE.xml (RunModel)" time="0.199" />
  <testcase classname="ptolemy.util.test.junit.AutoTests" name="[24] /home/travis/build/icyphy/ptII/ptolemy/actor/lib/hoc/test/auto/IterateOverArray.xml (RunModel)" time="0.025" />
  <testcase classname="ptolemy.util.test.junit.AutoTests" name="[25] /home/travis/build/icyphy/ptII/ptolemy/actor/lib/hoc/test/auto/IterateOverArray10.xml (RunModel)" time="0.018" />
  <testcase classname="ptolemy.util.test.junit.AutoTests" name="[26] /home/travis/build/icyphy/ptII/ptolemy/actor/lib/hoc/test/auto/IterateOverArray11.xml (RunModel)" time="0.038" />
  <testcase classname="ptolemy.util.test.junit.AutoTests" name="[27] /home/travis/build/icyphy/ptII/ptolemy/actor/lib/hoc/test/auto/IterateOverArray12.xml (RunModel)" time="0.038" />
  <testcase classname="ptolemy.util.test.junit.AutoTests" name="[28] /home/travis/build/icyphy/ptII/ptolemy/actor/lib/hoc/test/auto/IterateOverArray13.xml (RunModel)" time="0.173" />
  <testcase classname="ptolemy.util.test.junit.AutoTests" name="[29] /home/travis/build/icyphy/ptII/ptolemy/actor/lib/hoc/test/auto/IterateOverArray14.xml (RunModel)" time="0.16" />
  <testcase classname="ptolemy.util.test.junit.AutoTests" name="[30] /home/travis/build/icyphy/ptII/ptolemy/actor/lib/hoc/test/auto/IterateOverArray2.xml (RunModel)" time="0.025" />
  <testcase classname="ptolemy.util.test.junit.AutoTests" name="[31] /home/travis/build/icyphy/ptII/ptolemy/actor/lib/hoc/test/auto/IterateOverArray3.xml (RunModel)" time="0.044" />
  <testcase classname="ptolemy.util.test.junit.AutoTests" name="[32] /home/travis/build/icyphy/ptII/ptolemy/actor/lib/hoc/test/auto/IterateOverArray4.xml (RunModel)" time="0.031" />
  <testcase classname="ptolemy.util.test.junit.AutoTests" name="[33] /home/travis/build/icyphy/ptII/ptolemy/actor/lib/hoc/test/auto/IterateOverArray5.xml (RunModel)" time="0.02" />
  <testcase classname="ptolemy.util.test.junit.AutoTests" name="[34] /home/travis/build/icyphy/ptII/ptolemy/actor/lib/hoc/test/auto/IterateOverArray6.xml (RunModel)" time="0.017" />
  <testcase classname="ptolemy.util.test.junit.AutoTests" name="[35] /home/travis/build/icyphy/ptII/ptolemy/actor/lib/hoc/test/auto/IterateOverArray7.xml (RunModel)" time="0.019" />
  <testcase classname="ptolemy.util.test.junit.AutoTests" name="[36] /home/travis/build/icyphy/ptII/ptolemy/actor/lib/hoc/test/auto/IterateOverArray8.xml (RunModel)" time="0.023" />
  <testcase classname="ptolemy.util.test.junit.AutoTests" name="[37] /home/travis/build/icyphy/ptII/ptolemy/actor/lib/hoc/test/auto/IterateOverArray9.xml (RunModel)" time="0.024" />
  <testcase classname="ptolemy.util.test.junit.AutoTests" name="[38] /home/travis/build/icyphy/ptII/ptolemy/actor/lib/hoc/test/auto/IterateOverArrayCoercedOutputType.xml (RunModel)" time="0.049" />
  <testcase classname="ptolemy.util.test.junit.AutoTests" name="[39] /home/travis/build/icyphy/ptII/ptolemy/actor/lib/hoc/test/auto/IterateOverArrayInferredOutputType.xml (RunModel)" time="0.034" />
  <testcase classname="ptolemy.util.test.junit.AutoTests" name="[40] /home/travis/build/icyphy/ptII/ptolemy/actor/lib/hoc/test/auto/MobileFunctionTest.xml (RunModel)" time="0.022" />
  <testcase classname="ptolemy.util.test.junit.AutoTests" name="[41] /home/travis/build/icyphy/ptII/ptolemy/actor/lib/hoc/test/auto/MobileModelTest.xml (RunModel)" time="0.125" />
  <testcase classname="ptolemy.util.test.junit.AutoTests" name="[42] /home/travis/build/icyphy/ptII/ptolemy/actor/lib/hoc/test/auto/ModelReference.xml (RunModel)" time="0.095" />
  <testcase classname="ptolemy.util.test.junit.AutoTests" name="[43] /home/travis/build/icyphy/ptII/ptolemy/actor/lib/hoc/test/auto/ModelReference3.xml (RunModel)" time="0.066" />
  <testcase classname="ptolemy.util.test.junit.AutoTests" name="[44] /home/travis/build/icyphy/ptII/ptolemy/actor/lib/hoc/test/auto/ModelReference4.xml (RunModel)" time="10.029" />
  <testcase classname="ptolemy.util.test.junit.AutoTests" name="[45] /home/travis/build/icyphy/ptII/ptolemy/actor/lib/hoc/test/auto/MultiInstanceComposite.xml (RunModel)" time="0.051" />
  <testcase classname="ptolemy.util.test.junit.AutoTests" name="[46] /home/travis/build/icyphy/ptII/ptolemy/actor/lib/hoc/test/auto/MultiInstanceComposite2.xml (RunModel)" time="0.049" />
  <testcase classname="ptolemy.util.test.junit.AutoTests" name="[47] /home/travis/build/icyphy/ptII/ptolemy/actor/lib/hoc/test/auto/MulticoreExecution.xml (RunModel)" time="1.113" />
  <testcase classname="ptolemy.util.test.junit.AutoTests" name="[48] /home/travis/build/icyphy/ptII/ptolemy/actor/lib/hoc/test/auto/ParallelExecution.xml (RunModel)" time="0.961" />
  <testcase classname="ptolemy.util.test.junit.AutoTests" name="[49] /home/travis/build/icyphy/ptII/ptolemy/actor/lib/hoc/test/auto/RunCompositeActor.xml (RunModel)" time="0.025" />
  <testcase classname="ptolemy.util.test.junit.AutoTests" name="[50] /home/travis/build/icyphy/ptII/ptolemy/actor/lib/hoc/test/auto/RunCompositeActor2.xml (RunModel)" time="0.026" />
  <testcase classname="ptolemy.util.test.junit.AutoTests" name="[51] /home/travis/build/icyphy/ptII/ptolemy/actor/lib/hoc/test/auto/RunCompositeActor3.xml (RunModel)" time="0.021" />
  <testcase classname="ptolemy.util.test.junit.AutoTests" name="[52] /home/travis/build/icyphy/ptII/ptolemy/actor/lib/hoc/test/auto/RunCompositeActor4.xml (RunModel)" time="0.029" />
  <testcase classname="ptolemy.util.test.junit.AutoTests" name="[53] /home/travis/build/icyphy/ptII/ptolemy/actor/lib/hoc/test/auto/RunCompositeIterateOverArray.xml (RunModel)" time="0.029" />
  <testcase classname="ptolemy.util.test.junit.AutoTests" name="[54] /home/travis/build/icyphy/ptII/ptolemy/actor/lib/hoc/test/auto/ThreadedJS.xml (RunModel)" time="4.915" />
  <system-out><![CDATA[/home/travis/build/icyphy/ptII/ptolemy/actor/lib/hoc/test/IterateOverArray.tcl
testDefs.tcl: setting time out to 9000 seconds at Thu Oct 25 02:29:38 UTC 2018
10/25/18 02:29:39
Failed: 0  Total Tests: 2  ((Passed: 2, Newly Passed: 0)  Known Failed: 0) /home/travis/build/icyphy/ptII/ptolemy/actor/lib/hoc/test
----------------- testing (KnownFailure) /home/travis/build/icyphy/ptII/ptolemy/actor/lib/hoc/test/auto/knownFailedTests/PreinitializeMustBeInvokedRunComposite.xml
37 ms. Memory: 116224K Free: 103723K (89%)
Known Failure: java.lang.reflect.InvocationTargetException
No auto/linux-amd64/*.xml tests in /home/travis/build/icyphy/ptII/ptolemy/actor/lib/hoc/test
AutoTests.java: About to close Vertx.
AutoTests.java: Vertx closed.

===========================================================================================
----------------- testing Thu Oct 25 02:29:39 UTC 2018 /home/travis/build/icyphy/ptII/ptolemy/actor/lib/hoc/test/auto/AllToAllMultiInstanceComposite.xml
----------------- Instantiating /home/travis/build/icyphy/ptII/ptolemy/actor/lib/hoc/test/auto/AllToAllMultiInstanceComposite.xml
128 ms. Memory: 146944K Free: 109201K (74%)
----------------- Invoking toplevel() on ptolemy.moml.MoMLSimpleApplication@6c12e44c
----------------- Done invoking toplevel() on ptolemy.moml.MoMLSimpleApplication@6c12e44c
reloadAllAccessors: .AllToAllMultiInstanceComposite

===========================================================================================
----------------- testing Thu Oct 25 02:29:39 UTC 2018 /home/travis/build/icyphy/ptII/ptolemy/actor/lib/hoc/test/auto/ApplyFFTTest.xml
----------------- Instantiating /home/travis/build/icyphy/ptII/ptolemy/actor/lib/hoc/test/auto/ApplyFFTTest.xml
132 ms. Memory: 146944K Free: 88260K (60%)
----------------- Invoking toplevel() on ptolemy.moml.MoMLSimpleApplication@5d420fc8
----------------- Done invoking toplevel() on ptolemy.moml.MoMLSimpleApplication@5d420fc8
reloadAllAccessors: .ApplyFFTTest

===========================================================================================
----------------- testing Thu Oct 25 02:29:40 UTC 2018 /home/travis/build/icyphy/ptII/ptolemy/actor/lib/hoc/test/auto/ApplyFunction.xml
----------------- Instantiating /home/travis/build/icyphy/ptII/ptolemy/actor/lib/hoc/test/auto/ApplyFunction.xml
5 ms. Memory: 146944K Free: 84501K (58%)
----------------- Invoking toplevel() on ptolemy.moml.MoMLSimpleApplication@48ebc4ad
----------------- Done invoking toplevel() on ptolemy.moml.MoMLSimpleApplication@48ebc4ad
reloadAllAccessors: .ApplyFunction

===========================================================================================
----------------- testing Thu Oct 25 02:29:40 UTC 2018 /home/travis/build/icyphy/ptII/ptolemy/actor/lib/hoc/test/auto/BackgroundExecution.xml
----------------- Instantiating /home/travis/build/icyphy/ptII/ptolemy/actor/lib/hoc/test/auto/BackgroundExecution.xml
635 ms. Memory: 146944K Free: 137243K (93%)
----------------- Invoking toplevel() on ptolemy.moml.MoMLSimpleApplication@231ae53e
----------------- Done invoking toplevel() on ptolemy.moml.MoMLSimpleApplication@231ae53e
reloadAllAccessors: .BackgroundExecution

===========================================================================================
----------------- testing Thu Oct 25 02:29:40 UTC 2018 /home/travis/build/icyphy/ptII/ptolemy/actor/lib/hoc/test/auto/Case.xml
----------------- Instantiating /home/travis/build/icyphy/ptII/ptolemy/actor/lib/hoc/test/auto/Case.xml
18 ms. Memory: 146944K Free: 129004K (88%)
----------------- Invoking toplevel() on ptolemy.moml.MoMLSimpleApplication@56429078
----------------- Done invoking toplevel() on ptolemy.moml.MoMLSimpleApplication@56429078
reloadAllAccessors: .Case

===========================================================================================
----------------- testing Thu Oct 25 02:29:41 UTC 2018 /home/travis/build/icyphy/ptII/ptolemy/actor/lib/hoc/test/auto/Case1.xml
----------------- Instantiating /home/travis/build/icyphy/ptII/ptolemy/actor/lib/hoc/test/auto/Case1.xml
17 ms. Memory: 146944K Free: 122217K (83%)
----------------- Invoking toplevel() on ptolemy.moml.MoMLSimpleApplication@280bb731
----------------- Done invoking toplevel() on ptolemy.moml.MoMLSimpleApplication@280bb731
reloadAllAccessors: .Case1

===========================================================================================
----------------- testing Thu Oct 25 02:29:41 UTC 2018 /home/travis/build/icyphy/ptII/ptolemy/actor/lib/hoc/test/auto/Case2.xml
----------------- Instantiating /home/travis/build/icyphy/ptII/ptolemy/actor/lib/hoc/test/auto/Case2.xml
65 ms. Memory: 146944K Free: 110603K (75%)
----------------- Invoking toplevel() on ptolemy.moml.MoMLSimpleApplication@390ac3b5
----------------- Done invoking toplevel() on ptolemy.moml.MoMLSimpleApplication@390ac3b5
reloadAllAccessors: .Case2

===========================================================================================
----------------- testing Thu Oct 25 02:29:41 UTC 2018 /home/travis/build/icyphy/ptII/ptolemy/actor/lib/hoc/test/auto/Case3.xml
----------------- Instantiating /home/travis/build/icyphy/ptII/ptolemy/actor/lib/hoc/test/auto/Case3.xml
19 ms. Memory: 146944K Free: 103937K (71%)
----------------- Invoking toplevel() on ptolemy.moml.MoMLSimpleApplication@3a738f0a
----------------- Done invoking toplevel() on ptolemy.moml.MoMLSimpleApplication@3a738f0a
reloadAllAccessors: .Case3

===========================================================================================
----------------- testing Thu Oct 25 02:29:41 UTC 2018 /home/travis/build/icyphy/ptII/ptolemy/actor/lib/hoc/test/auto/Case4.xml
----------------- Instantiating /home/travis/build/icyphy/ptII/ptolemy/actor/lib/hoc/test/auto/Case4.xml
23 ms. Memory: 146944K Free: 94902K (65%)
----------------- Invoking toplevel() on ptolemy.moml.MoMLSimpleApplication@434849cc
----------------- Done invoking toplevel() on ptolemy.moml.MoMLSimpleApplication@434849cc
reloadAllAccessors: .Case4

===========================================================================================
----------------- testing Thu Oct 25 02:29:41 UTC 2018 /home/travis/build/icyphy/ptII/ptolemy/actor/lib/hoc/test/auto/Case5.xml
----------------- Instantiating /home/travis/build/icyphy/ptII/ptolemy/actor/lib/hoc/test/auto/Case5.xml
57 ms. Memory: 146944K Free: 88148K (60%)
----------------- Invoking toplevel() on ptolemy.moml.MoMLSimpleApplication@7bb8564d
----------------- Done invoking toplevel() on ptolemy.moml.MoMLSimpleApplication@7bb8564d
reloadAllAccessors: .junk

===========================================================================================
----------------- testing Thu Oct 25 02:29:41 UTC 2018 /home/travis/build/icyphy/ptII/ptolemy/actor/lib/hoc/test/auto/Case6.xml
----------------- Instantiating /home/travis/build/icyphy/ptII/ptolemy/actor/lib/hoc/test/auto/Case6.xml
28 ms. Memory: 208384K Free: 197493K (95%)
----------------- Invoking toplevel() on ptolemy.moml.MoMLSimpleApplication@1bddc494
----------------- Done invoking toplevel() on ptolemy.moml.MoMLSimpleApplication@1bddc494
reloadAllAccessors: .Case6

===========================================================================================
----------------- testing Thu Oct 25 02:29:41 UTC 2018 /home/travis/build/icyphy/ptII/ptolemy/actor/lib/hoc/test/auto/CaseString2.xml
----------------- Instantiating /home/travis/build/icyphy/ptII/ptolemy/actor/lib/hoc/test/auto/CaseString2.xml
20 ms. Memory: 208384K Free: 187934K (90%)
----------------- Invoking toplevel() on ptolemy.moml.MoMLSimpleApplication@1ec0792d
----------------- Done invoking toplevel() on ptolemy.moml.MoMLSimpleApplication@1ec0792d
reloadAllAccessors: .CaseString2

===========================================================================================
----------------- testing Thu Oct 25 02:29:41 UTC 2018 /home/travis/build/icyphy/ptII/ptolemy/actor/lib/hoc/test/auto/CatchUpComposite1.xml
----------------- Instantiating /home/travis/build/icyphy/ptII/ptolemy/actor/lib/hoc/test/auto/CatchUpComposite1.xml
24 ms. Memory: 208384K Free: 178055K (85%)
----------------- Invoking toplevel() on ptolemy.moml.MoMLSimpleApplication@7d238a7
----------------- Done invoking toplevel() on ptolemy.moml.MoMLSimpleApplication@7d238a7
reloadAllAccessors: .CatchUpComposite1

===========================================================================================
----------------- testing Thu Oct 25 02:29:41 UTC 2018 /home/travis/build/icyphy/ptII/ptolemy/actor/lib/hoc/test/auto/CatchUpComposite2.xml
----------------- Instantiating /home/travis/build/icyphy/ptII/ptolemy/actor/lib/hoc/test/auto/CatchUpComposite2.xml
18 ms. Memory: 208384K Free: 168208K (81%)
----------------- Invoking toplevel() on ptolemy.moml.MoMLSimpleApplication@600ef0f1
----------------- Done invoking toplevel() on ptolemy.moml.MoMLSimpleApplication@600ef0f1
reloadAllAccessors: .CatchUpComposite2

===========================================================================================
----------------- testing Thu Oct 25 02:29:41 UTC 2018 /home/travis/build/icyphy/ptII/ptolemy/actor/lib/hoc/test/auto/CatchUpComposite3.xml
----------------- Instantiating /home/travis/build/icyphy/ptII/ptolemy/actor/lib/hoc/test/auto/CatchUpComposite3.xml
12 ms. Memory: 208384K Free: 157389K (76%)
----------------- Invoking toplevel() on ptolemy.moml.MoMLSimpleApplication@3b15f8e1
----------------- Done invoking toplevel() on ptolemy.moml.MoMLSimpleApplication@3b15f8e1
reloadAllAccessors: .CatchUpComposite3

===========================================================================================
----------------- testing Thu Oct 25 02:29:41 UTC 2018 /home/travis/build/icyphy/ptII/ptolemy/actor/lib/hoc/test/auto/CatchUpComposite4.xml
----------------- Instantiating /home/travis/build/icyphy/ptII/ptolemy/actor/lib/hoc/test/auto/CatchUpComposite4.xml
19 ms. Memory: 208384K Free: 148172K (71%)
----------------- Invoking toplevel() on ptolemy.moml.MoMLSimpleApplication@218570d8
----------------- Done invoking toplevel() on ptolemy.moml.MoMLSimpleApplication@218570d8
reloadAllAccessors: .CatchUpComposite4

===========================================================================================
----------------- testing Thu Oct 25 02:29:41 UTC 2018 /home/travis/build/icyphy/ptII/ptolemy/actor/lib/hoc/test/auto/CatchUpComposite5.xml
----------------- Instantiating /home/travis/build/icyphy/ptII/ptolemy/actor/lib/hoc/test/auto/CatchUpComposite5.xml
17 ms. Memory: 208384K Free: 139522K (67%)
----------------- Invoking toplevel() on ptolemy.moml.MoMLSimpleApplication@6238f52e
----------------- Done invoking toplevel() on ptolemy.moml.MoMLSimpleApplication@6238f52e
reloadAllAccessors: .CatchUpComposite5

===========================================================================================
----------------- testing Thu Oct 25 02:29:41 UTC 2018 /home/travis/build/icyphy/ptII/ptolemy/actor/lib/hoc/test/auto/CatchUpComposite6.xml
----------------- Instantiating /home/travis/build/icyphy/ptII/ptolemy/actor/lib/hoc/test/auto/CatchUpComposite6.xml
WARNING: The execution aspects in this model can influence the timing of actors by delaying the 
execution, potentially changing the behavior. There is no guarantee that actors fire at the 
time they request to be fired. 
Use Ptides for deterministic DE behavior that is not influenced by execution aspects. 

109 ms. Memory: 208384K Free: 120667K (58%)
----------------- Invoking toplevel() on ptolemy.moml.MoMLSimpleApplication@685cc730
----------------- Done invoking toplevel() on ptolemy.moml.MoMLSimpleApplication@685cc730
reloadAllAccessors: .CatchUpComposite6

===========================================================================================
----------------- testing Thu Oct 25 02:29:42 UTC 2018 /home/travis/build/icyphy/ptII/ptolemy/actor/lib/hoc/test/auto/CatchUpComposite7.xml
----------------- Instantiating /home/travis/build/icyphy/ptII/ptolemy/actor/lib/hoc/test/auto/CatchUpComposite7.xml
WARNING: The execution aspects in this model can influence the timing of actors by delaying the 
execution, potentially changing the behavior. There is no guarantee that actors fire at the 
time they request to be fired. 
Use Ptides for deterministic DE behavior that is not influenced by execution aspects. 

50 ms. Memory: 208384K Free: 103319K (50%)
----------------- Invoking toplevel() on ptolemy.moml.MoMLSimpleApplication@5e896c8d
----------------- Done invoking toplevel() on ptolemy.moml.MoMLSimpleApplication@5e896c8d
reloadAllAccessors: .CatchUpComposite7

===========================================================================================
----------------- testing Thu Oct 25 02:29:42 UTC 2018 /home/travis/build/icyphy/ptII/ptolemy/actor/lib/hoc/test/auto/ConcurrentExecutionTimeSDF.xml
----------------- Instantiating /home/travis/build/icyphy/ptII/ptolemy/actor/lib/hoc/test/auto/ConcurrentExecutionTimeSDF.xml
Fired ExecutionTime: 40400000
Fired ExecutionTime: 40400000
Fired ExecutionTime: 40400000
Fired ExecutionTime: 40400000
Fired ExecutionTime: 40400000
Fired ExecutionTime: 40400000
Fired ExecutionTime: 40400000
Fired ExecutionTime: 40400000
Fired ExecutionTime: 40400000
Fired ExecutionTime: 40400000
Fired ExecutionTime: 40400000
Fired ExecutionTime: 40400000
Fired ExecutionTime: 40400000
Fired ExecutionTime: 40400000
Fired ExecutionTime: 40400000
Fired ExecutionTime: 40400000
Fired ExecutionTime: 40400000
Fired ExecutionTime: 40400000
Fired ExecutionTime: 40400000
Fired ExecutionTime: 40400000
1129 ms. Memory: 208384K Free: 94669K (45%)
----------------- Invoking toplevel() on ptolemy.moml.MoMLSimpleApplication@38907668
----------------- Done invoking toplevel() on ptolemy.moml.MoMLSimpleApplication@38907668
reloadAllAccessors: .ConcurrentExecutionTimeSDF

===========================================================================================
----------------- testing Thu Oct 25 02:29:43 UTC 2018 /home/travis/build/icyphy/ptII/ptolemy/actor/lib/hoc/test/auto/ConcurrentSleep.xml
----------------- Instantiating /home/travis/build/icyphy/ptII/ptolemy/actor/lib/hoc/test/auto/ConcurrentSleep.xml
740 ms. Memory: 208384K Free: 80401K (39%)
----------------- Invoking toplevel() on ptolemy.moml.MoMLSimpleApplication@44a785e1
----------------- Done invoking toplevel() on ptolemy.moml.MoMLSimpleApplication@44a785e1
reloadAllAccessors: .ConcurrentSleep

===========================================================================================
----------------- testing Thu Oct 25 02:29:44 UTC 2018 /home/travis/build/icyphy/ptII/ptolemy/actor/lib/hoc/test/auto/DEInPNInRunCompositeActor.xml
----------------- Instantiating /home/travis/build/icyphy/ptII/ptolemy/actor/lib/hoc/test/auto/DEInPNInRunCompositeActor.xml
10 ms. Memory: 208384K Free: 195900K (94%)
----------------- Invoking toplevel() on ptolemy.moml.MoMLSimpleApplication@5732c286
----------------- Done invoking toplevel() on ptolemy.moml.MoMLSimpleApplication@5732c286
reloadAllAccessors: .DEInPNInRunCompositeActor

===========================================================================================
----------------- testing Thu Oct 25 02:29:44 UTC 2018 /home/travis/build/icyphy/ptII/ptolemy/actor/lib/hoc/test/auto/DFTSubSetTest.xml
----------------- Instantiating /home/travis/build/icyphy/ptII/ptolemy/actor/lib/hoc/test/auto/DFTSubSetTest.xml
223 ms. Memory: 208384K Free: 147443K (71%)
----------------- Invoking toplevel() on ptolemy.moml.MoMLSimpleApplication@318ccb5e
----------------- Done invoking toplevel() on ptolemy.moml.MoMLSimpleApplication@318ccb5e
reloadAllAccessors: .DFTSubSetTest

===========================================================================================
----------------- testing Thu Oct 25 02:29:44 UTC 2018 /home/travis/build/icyphy/ptII/ptolemy/actor/lib/hoc/test/auto/HocDE.xml
----------------- Instantiating /home/travis/build/icyphy/ptII/ptolemy/actor/lib/hoc/test/auto/HocDE.xml
156 ms. Memory: 208384K Free: 120409K (58%)
----------------- Invoking toplevel() on ptolemy.moml.MoMLSimpleApplication@1f97a65b
----------------- Done invoking toplevel() on ptolemy.moml.MoMLSimpleApplication@1f97a65b
reloadAllAccessors: .HocDE

===========================================================================================
----------------- testing Thu Oct 25 02:29:44 UTC 2018 /home/travis/build/icyphy/ptII/ptolemy/actor/lib/hoc/test/auto/IterateOverArray.xml
----------------- Instantiating /home/travis/build/icyphy/ptII/ptolemy/actor/lib/hoc/test/auto/IterateOverArray.xml
6 ms. Memory: 208384K Free: 114025K (55%)
----------------- Invoking toplevel() on ptolemy.moml.MoMLSimpleApplication@26ae5ae6
----------------- Done invoking toplevel() on ptolemy.moml.MoMLSimpleApplication@26ae5ae6
reloadAllAccessors: .IterateOverArray

===========================================================================================
----------------- testing Thu Oct 25 02:29:44 UTC 2018 /home/travis/build/icyphy/ptII/ptolemy/actor/lib/hoc/test/auto/IterateOverArray10.xml
----------------- Instantiating /home/travis/build/icyphy/ptII/ptolemy/actor/lib/hoc/test/auto/IterateOverArray10.xml
2 ms. Memory: 208384K Free: 109929K (53%)
----------------- Invoking toplevel() on ptolemy.moml.MoMLSimpleApplication@5ef3c9cb
----------------- Done invoking toplevel() on ptolemy.moml.MoMLSimpleApplication@5ef3c9cb
reloadAllAccessors: .IterateOverArray10

===========================================================================================
----------------- testing Thu Oct 25 02:29:44 UTC 2018 /home/travis/build/icyphy/ptII/ptolemy/actor/lib/hoc/test/auto/IterateOverArray11.xml
----------------- Instantiating /home/travis/build/icyphy/ptII/ptolemy/actor/lib/hoc/test/auto/IterateOverArray11.xml
6 ms. Memory: 208384K Free: 104381K (50%)
----------------- Invoking toplevel() on ptolemy.moml.MoMLSimpleApplication@39238073
----------------- Done invoking toplevel() on ptolemy.moml.MoMLSimpleApplication@39238073
reloadAllAccessors: .IterateOverArray11

===========================================================================================
----------------- testing Thu Oct 25 02:29:44 UTC 2018 /home/travis/build/icyphy/ptII/ptolemy/actor/lib/hoc/test/auto/IterateOverArray12.xml
----------------- Instantiating /home/travis/build/icyphy/ptII/ptolemy/actor/lib/hoc/test/auto/IterateOverArray12.xml
18 ms. Memory: 208384K Free: 97008K (47%)
----------------- Invoking toplevel() on ptolemy.moml.MoMLSimpleApplication@6e66c83
----------------- Done invoking toplevel() on ptolemy.moml.MoMLSimpleApplication@6e66c83
reloadAllAccessors: .IterateOverArray12

===========================================================================================
----------------- testing Thu Oct 25 02:29:44 UTC 2018 /home/travis/build/icyphy/ptII/ptolemy/actor/lib/hoc/test/auto/IterateOverArray13.xml
----------------- Instantiating /home/travis/build/icyphy/ptII/ptolemy/actor/lib/hoc/test/auto/IterateOverArray13.xml
82 ms. Memory: 331264K Free: 310663K (94%)
----------------- Invoking toplevel() on ptolemy.moml.MoMLSimpleApplication@428d015e
----------------- Done invoking toplevel() on ptolemy.moml.MoMLSimpleApplication@428d015e
reloadAllAccessors: .IterateOverArray13

===========================================================================================
----------------- testing Thu Oct 25 02:29:45 UTC 2018 /home/travis/build/icyphy/ptII/ptolemy/actor/lib/hoc/test/auto/IterateOverArray14.xml
----------------- Instantiating /home/travis/build/icyphy/ptII/ptolemy/actor/lib/hoc/test/auto/IterateOverArray14.xml
69 ms. Memory: 331264K Free: 273926K (83%)
----------------- Invoking toplevel() on ptolemy.moml.MoMLSimpleApplication@685c2eb4
----------------- Done invoking toplevel() on ptolemy.moml.MoMLSimpleApplication@685c2eb4
reloadAllAccessors: .IterateOverArray14

===========================================================================================
----------------- testing Thu Oct 25 02:29:45 UTC 2018 /home/travis/build/icyphy/ptII/ptolemy/actor/lib/hoc/test/auto/IterateOverArray2.xml
----------------- Instantiating /home/travis/build/icyphy/ptII/ptolemy/actor/lib/hoc/test/auto/IterateOverArray2.xml
7 ms. Memory: 331264K Free: 267400K (81%)
----------------- Invoking toplevel() on ptolemy.moml.MoMLSimpleApplication@aa0251e
----------------- Done invoking toplevel() on ptolemy.moml.MoMLSimpleApplication@aa0251e
reloadAllAccessors: .IterateOverArray2

===========================================================================================
----------------- testing Thu Oct 25 02:29:45 UTC 2018 /home/travis/build/icyphy/ptII/ptolemy/actor/lib/hoc/test/auto/IterateOverArray3.xml
----------------- Instantiating /home/travis/build/icyphy/ptII/ptolemy/actor/lib/hoc/test/auto/IterateOverArray3.xml
18 ms. Memory: 331264K Free: 260031K (78%)
----------------- Invoking toplevel() on ptolemy.moml.MoMLSimpleApplication@1ff37afb
----------------- Done invoking toplevel() on ptolemy.moml.MoMLSimpleApplication@1ff37afb
reloadAllAccessors: .IterateOverArray3

===========================================================================================
----------------- testing Thu Oct 25 02:29:45 UTC 2018 /home/travis/build/icyphy/ptII/ptolemy/actor/lib/hoc/test/auto/IterateOverArray4.xml
----------------- Instantiating /home/travis/build/icyphy/ptII/ptolemy/actor/lib/hoc/test/auto/IterateOverArray4.xml
5 ms. Memory: 331264K Free: 255137K (77%)
----------------- Invoking toplevel() on ptolemy.moml.MoMLSimpleApplication@33c6c8d3
----------------- Done invoking toplevel() on ptolemy.moml.MoMLSimpleApplication@33c6c8d3
reloadAllAccessors: .IterateOverArray4

===========================================================================================
----------------- testing Thu Oct 25 02:29:45 UTC 2018 /home/travis/build/icyphy/ptII/ptolemy/actor/lib/hoc/test/auto/IterateOverArray5.xml
----------------- Instantiating /home/travis/build/icyphy/ptII/ptolemy/actor/lib/hoc/test/auto/IterateOverArray5.xml
4 ms. Memory: 331264K Free: 250242K (76%)
----------------- Invoking toplevel() on ptolemy.moml.MoMLSimpleApplication@1b0efdab
----------------- Done invoking toplevel() on ptolemy.moml.MoMLSimpleApplication@1b0efdab
reloadAllAccessors: .IterateOverArray5

===========================================================================================
----------------- testing Thu Oct 25 02:29:45 UTC 2018 /home/travis/build/icyphy/ptII/ptolemy/actor/lib/hoc/test/auto/IterateOverArray6.xml
----------------- Instantiating /home/travis/build/icyphy/ptII/ptolemy/actor/lib/hoc/test/auto/IterateOverArray6.xml
3 ms. Memory: 331264K Free: 244505K (74%)
----------------- Invoking toplevel() on ptolemy.moml.MoMLSimpleApplication@2a638c3b
----------------- Done invoking toplevel() on ptolemy.moml.MoMLSimpleApplication@2a638c3b
reloadAllAccessors: .IterateOverArray6

===========================================================================================
----------------- testing Thu Oct 25 02:29:45 UTC 2018 /home/travis/build/icyphy/ptII/ptolemy/actor/lib/hoc/test/auto/IterateOverArray7.xml
----------------- Instantiating /home/travis/build/icyphy/ptII/ptolemy/actor/lib/hoc/test/auto/IterateOverArray7.xml
6 ms. Memory: 331264K Free: 239610K (72%)
----------------- Invoking toplevel() on ptolemy.moml.MoMLSimpleApplication@842fea5
----------------- Done invoking toplevel() on ptolemy.moml.MoMLSimpleApplication@842fea5
reloadAllAccessors: .IterateOverArray7

===========================================================================================
----------------- testing Thu Oct 25 02:29:45 UTC 2018 /home/travis/build/icyphy/ptII/ptolemy/actor/lib/hoc/test/auto/IterateOverArray8.xml
----------------- Instantiating /home/travis/build/icyphy/ptII/ptolemy/actor/lib/hoc/test/auto/IterateOverArray8.xml
3 ms. Memory: 331264K Free: 233874K (71%)
----------------- Invoking toplevel() on ptolemy.moml.MoMLSimpleApplication@542a6587
----------------- Done invoking toplevel() on ptolemy.moml.MoMLSimpleApplication@542a6587
reloadAllAccessors: .IterateOverArray8

===========================================================================================
----------------- testing Thu Oct 25 02:29:45 UTC 2018 /home/travis/build/icyphy/ptII/ptolemy/actor/lib/hoc/test/auto/IterateOverArray9.xml
----------------- Instantiating /home/travis/build/icyphy/ptII/ptolemy/actor/lib/hoc/test/auto/IterateOverArray9.xml
7 ms. Memory: 331264K Free: 228979K (69%)
----------------- Invoking toplevel() on ptolemy.moml.MoMLSimpleApplication@8b6b1ec
----------------- Done invoking toplevel() on ptolemy.moml.MoMLSimpleApplication@8b6b1ec
reloadAllAccessors: .IterateOverArray9

===========================================================================================
----------------- testing Thu Oct 25 02:29:45 UTC 2018 /home/travis/build/icyphy/ptII/ptolemy/actor/lib/hoc/test/auto/IterateOverArrayCoercedOutputType.xml
----------------- Instantiating /home/travis/build/icyphy/ptII/ptolemy/actor/lib/hoc/test/auto/IterateOverArrayCoercedOutputType.xml
3 ms. Memory: 331264K Free: 222452K (67%)
----------------- Invoking toplevel() on ptolemy.moml.MoMLSimpleApplication@758197bb
----------------- Done invoking toplevel() on ptolemy.moml.MoMLSimpleApplication@758197bb
reloadAllAccessors: .IterateOverArrayCoercedOutputType

===========================================================================================
----------------- testing Thu Oct 25 02:29:45 UTC 2018 /home/travis/build/icyphy/ptII/ptolemy/actor/lib/hoc/test/auto/IterateOverArrayInferredOutputType.xml
----------------- Instantiating /home/travis/build/icyphy/ptII/ptolemy/actor/lib/hoc/test/auto/IterateOverArrayInferredOutputType.xml
8 ms. Memory: 331264K Free: 215084K (65%)
----------------- Invoking toplevel() on ptolemy.moml.MoMLSimpleApplication@322a218e
----------------- Done invoking toplevel() on ptolemy.moml.MoMLSimpleApplication@322a218e
reloadAllAccessors: .IterateOverArrayInferredOutputType

===========================================================================================
----------------- testing Thu Oct 25 02:29:45 UTC 2018 /home/travis/build/icyphy/ptII/ptolemy/actor/lib/hoc/test/auto/MobileFunctionTest.xml
----------------- Instantiating /home/travis/build/icyphy/ptII/ptolemy/actor/lib/hoc/test/auto/MobileFunctionTest.xml
4 ms. Memory: 331264K Free: 208525K (63%)
----------------- Invoking toplevel() on ptolemy.moml.MoMLSimpleApplication@4bc7ab34
----------------- Done invoking toplevel() on ptolemy.moml.MoMLSimpleApplication@4bc7ab34
reloadAllAccessors: .MobileFunctionTest

===========================================================================================
----------------- testing Thu Oct 25 02:29:45 UTC 2018 /home/travis/build/icyphy/ptII/ptolemy/actor/lib/hoc/test/auto/MobileModelTest.xml
----------------- Instantiating /home/travis/build/icyphy/ptII/ptolemy/actor/lib/hoc/test/auto/MobileModelTest.xml
80 ms. Memory: 331264K Free: 186449K (56%)
----------------- Invoking toplevel() on ptolemy.moml.MoMLSimpleApplication@534de20a
----------------- Done invoking toplevel() on ptolemy.moml.MoMLSimpleApplication@534de20a
reloadAllAccessors: .MobileModelTest

===========================================================================================
----------------- testing Thu Oct 25 02:29:45 UTC 2018 /home/travis/build/icyphy/ptII/ptolemy/actor/lib/hoc/test/auto/ModelReference.xml
----------------- Instantiating /home/travis/build/icyphy/ptII/ptolemy/actor/lib/hoc/test/auto/ModelReference.xml
3 ms. Memory: 331264K Free: 176659K (53%)
2 ms. Memory: 331264K Free: 176659K (53%)
2 ms. Memory: 331264K Free: 175027K (53%)
2 ms. Memory: 331264K Free: 175027K (53%)
2 ms. Memory: 331264K Free: 173396K (52%)
2 ms. Memory: 331264K Free: 173396K (52%)
2 ms. Memory: 331264K Free: 171764K (52%)
2 ms. Memory: 331264K Free: 171764K (52%)
2 ms. Memory: 331264K Free: 170133K (51%)
4 ms. Memory: 331264K Free: 170133K (51%)
34 ms. Memory: 331264K Free: 170133K (51%)
----------------- Invoking toplevel() on ptolemy.moml.MoMLSimpleApplication@2e511d9
----------------- Done invoking toplevel() on ptolemy.moml.MoMLSimpleApplication@2e511d9
reloadAllAccessors: .ModelReference

===========================================================================================
----------------- testing Thu Oct 25 02:29:45 UTC 2018 /home/travis/build/icyphy/ptII/ptolemy/actor/lib/hoc/test/auto/ModelReference3.xml
----------------- Instantiating /home/travis/build/icyphy/ptII/ptolemy/actor/lib/hoc/test/auto/ModelReference3.xml
5 ms. Memory: 331264K Free: 165238K (50%)
6 ms. Memory: 331264K Free: 163606K (49%)
2 ms. Memory: 331264K Free: 163606K (49%)
4 ms. Memory: 331264K Free: 161975K (49%)
2 ms. Memory: 331264K Free: 161975K (49%)
2 ms. Memory: 331264K Free: 160343K (48%)
4 ms. Memory: 331264K Free: 160343K (48%)
2 ms. Memory: 331264K Free: 158712K (48%)
5 ms. Memory: 331264K Free: 158712K (48%)
2 ms. Memory: 331264K Free: 157080K (47%)
43 ms. Memory: 331264K Free: 157080K (47%)
----------------- Invoking toplevel() on ptolemy.moml.MoMLSimpleApplication@16a756a7
----------------- Done invoking toplevel() on ptolemy.moml.MoMLSimpleApplication@16a756a7
reloadAllAccessors: .ModelReference3

===========================================================================================
----------------- testing Thu Oct 25 02:29:45 UTC 2018 /home/travis/build/icyphy/ptII/ptolemy/actor/lib/hoc/test/auto/ModelReference4.xml
----------------- Instantiating /home/travis/build/icyphy/ptII/ptolemy/actor/lib/hoc/test/auto/ModelReference4.xml
2 ms. Memory: 331264K Free: 149712K (45%)
3 ms. Memory: 331264K Free: 148080K (45%)
9 ms. Memory: 331264K Free: 146449K (44%)
1 ms. Memory: 331264K Free: 144817K (44%)
3 ms. Memory: 331264K Free: 141554K (43%)
10 ms. Memory: 331264K Free: 139922K (42%)
3 ms. Memory: 331264K Free: 138291K (42%)
3 ms. Memory: 331264K Free: 136659K (41%)
2 ms. Memory: 331264K Free: 135028K (41%)
3 ms. Memory: 331264K Free: 133396K (40%)
10014 ms. Memory: 331264K Free: 133396K (40%)
----------------- Invoking toplevel() on ptolemy.moml.MoMLSimpleApplication@46c7246
----------------- Done invoking toplevel() on ptolemy.moml.MoMLSimpleApplication@46c7246
reloadAllAccessors: .ModelReference4

===========================================================================================
----------------- testing Thu Oct 25 02:29:55 UTC 2018 /home/travis/build/icyphy/ptII/ptolemy/actor/lib/hoc/test/auto/MultiInstanceComposite.xml
----------------- Instantiating /home/travis/build/icyphy/ptII/ptolemy/actor/lib/hoc/test/auto/MultiInstanceComposite.xml
29 ms. Memory: 331264K Free: 115449K (35%)
----------------- Invoking toplevel() on ptolemy.moml.MoMLSimpleApplication@58b51fdf
----------------- Done invoking toplevel() on ptolemy.moml.MoMLSimpleApplication@58b51fdf
reloadAllAccessors: .MultiInstanceComposite

===========================================================================================
----------------- testing Thu Oct 25 02:29:56 UTC 2018 /home/travis/build/icyphy/ptII/ptolemy/actor/lib/hoc/test/auto/MultiInstanceComposite2.xml
----------------- Instantiating /home/travis/build/icyphy/ptII/ptolemy/actor/lib/hoc/test/auto/MultiInstanceComposite2.xml
13 ms. Memory: 331264K Free: 101554K (31%)
----------------- Invoking toplevel() on ptolemy.moml.MoMLSimpleApplication@f6f0ef1
----------------- Done invoking toplevel() on ptolemy.moml.MoMLSimpleApplication@f6f0ef1
reloadAllAccessors: .MultiInstanceComposite2

===========================================================================================
----------------- testing Thu Oct 25 02:29:56 UTC 2018 /home/travis/build/icyphy/ptII/ptolemy/actor/lib/hoc/test/auto/MulticoreExecution.xml
----------------- Instantiating /home/travis/build/icyphy/ptII/ptolemy/actor/lib/hoc/test/auto/MulticoreExecution.xml
Fired ExecutionTime: 3200000
Fired ExecutionTime: 2400000
Fired ExecutionTime: 2400000
Fired ExecutionTime: 2400000
Fired ExecutionTime: 38800000
Fired ExecutionTime: 44400000
Fired ExecutionTime: 57200000
Fired ExecutionTime: 41200000
Fired ExecutionTime: 58400000
Fired ExecutionTime: 78800000
Fired ExecutionTime: 68400000
Fired ExecutionTime: 69200000
Fired ExecutionTime: 70000000
Fired ExecutionTime: 72800000
Fired ExecutionTime: 67600000
Fired ExecutionTime: 69200000
Fired ExecutionTime: 69200000
Fired ExecutionTime: 67600000
Fired ExecutionTime: 66000000
Fired ExecutionTime: 66000000
1085 ms. Memory: 331264K Free: 88501K (27%)
----------------- Invoking toplevel() on ptolemy.moml.MoMLSimpleApplication@4e45db0c
----------------- Done invoking toplevel() on ptolemy.moml.MoMLSimpleApplication@4e45db0c
reloadAllAccessors: .MulticoreExecution

===========================================================================================
----------------- testing Thu Oct 25 02:29:57 UTC 2018 /home/travis/build/icyphy/ptII/ptolemy/actor/lib/hoc/test/auto/ParallelExecution.xml
----------------- Instantiating /home/travis/build/icyphy/ptII/ptolemy/actor/lib/hoc/test/auto/ParallelExecution.xml
936 ms. Memory: 332288K Free: 322084K (97%)
----------------- Invoking toplevel() on ptolemy.moml.MoMLSimpleApplication@4fbcf284
----------------- Done invoking toplevel() on ptolemy.moml.MoMLSimpleApplication@4fbcf284
reloadAllAccessors: .ParallelExecution

===========================================================================================
----------------- testing Thu Oct 25 02:29:58 UTC 2018 /home/travis/build/icyphy/ptII/ptolemy/actor/lib/hoc/test/auto/RunCompositeActor.xml
----------------- Instantiating /home/travis/build/icyphy/ptII/ptolemy/actor/lib/hoc/test/auto/RunCompositeActor.xml
8 ms. Memory: 332288K Free: 312062K (94%)
----------------- Invoking toplevel() on ptolemy.moml.MoMLSimpleApplication@562e2e44
----------------- Done invoking toplevel() on ptolemy.moml.MoMLSimpleApplication@562e2e44
reloadAllAccessors: .RunCompositeActor

===========================================================================================
----------------- testing Thu Oct 25 02:29:58 UTC 2018 /home/travis/build/icyphy/ptII/ptolemy/actor/lib/hoc/test/auto/RunCompositeActor2.xml
----------------- Instantiating /home/travis/build/icyphy/ptII/ptolemy/actor/lib/hoc/test/auto/RunCompositeActor2.xml
7 ms. Memory: 332288K Free: 304065K (92%)
----------------- Invoking toplevel() on ptolemy.moml.MoMLSimpleApplication@124b06fa
----------------- Done invoking toplevel() on ptolemy.moml.MoMLSimpleApplication@124b06fa
reloadAllAccessors: .RunCompositeActor2

===========================================================================================
----------------- testing Thu Oct 25 02:29:58 UTC 2018 /home/travis/build/icyphy/ptII/ptolemy/actor/lib/hoc/test/auto/RunCompositeActor3.xml
----------------- Instantiating /home/travis/build/icyphy/ptII/ptolemy/actor/lib/hoc/test/auto/RunCompositeActor3.xml
3 ms. Memory: 332288K Free: 297883K (90%)
----------------- Invoking toplevel() on ptolemy.moml.MoMLSimpleApplication@3b4f9f33
----------------- Done invoking toplevel() on ptolemy.moml.MoMLSimpleApplication@3b4f9f33
reloadAllAccessors: .RunCompositeActor3

===========================================================================================
----------------- testing Thu Oct 25 02:29:58 UTC 2018 /home/travis/build/icyphy/ptII/ptolemy/actor/lib/hoc/test/auto/RunCompositeActor4.xml
----------------- Instantiating /home/travis/build/icyphy/ptII/ptolemy/actor/lib/hoc/test/auto/RunCompositeActor4.xml
13 ms. Memory: 332288K Free: 287317K (86%)
----------------- Invoking toplevel() on ptolemy.moml.MoMLSimpleApplication@24a38826
----------------- Done invoking toplevel() on ptolemy.moml.MoMLSimpleApplication@24a38826
reloadAllAccessors: .RunCompositeActor4

===========================================================================================
----------------- testing Thu Oct 25 02:29:58 UTC 2018 /home/travis/build/icyphy/ptII/ptolemy/actor/lib/hoc/test/auto/RunCompositeIterateOverArray.xml
----------------- Instantiating /home/travis/build/icyphy/ptII/ptolemy/actor/lib/hoc/test/auto/RunCompositeIterateOverArray.xml
4 ms. Memory: 332288K Free: 279951K (84%)
----------------- Invoking toplevel() on ptolemy.moml.MoMLSimpleApplication@23e25d34
----------------- Done invoking toplevel() on ptolemy.moml.MoMLSimpleApplication@23e25d34
reloadAllAccessors: .RunCompositeIterateOverArray

===========================================================================================
----------------- testing Thu Oct 25 02:29:58 UTC 2018 /home/travis/build/icyphy/ptII/ptolemy/actor/lib/hoc/test/auto/ThreadedJS.xml
----------------- Instantiating /home/travis/build/icyphy/ptII/ptolemy/actor/lib/hoc/test/auto/ThreadedJS.xml
1780 ms. Memory: 391680K Free: 229838K (59%)
----------------- Invoking toplevel() on ptolemy.moml.MoMLSimpleApplication@71e24aa1
----------------- Done invoking toplevel() on ptolemy.moml.MoMLSimpleApplication@71e24aa1
reloadAllAccessors: .ThreadedJS
AutoTests.java: About to close Vertx.
AutoTests.java: Vertx closed.
]]></system-out>
  <system-err><![CDATA[java.lang.RuntimeException: Execution failed
	at ptolemy.moml.MoMLSimpleApplication$UnloadThread.run(MoMLSimpleApplication.java:402)
Caused by: ptolemy.kernel.util.IllegalActionException: initialize() was called after wrapup() was called but preinitialize() was not called after wrapup().
	at ptolemy.actor.lib.hoc.test.PreinitializeMustBeInvoked.initialize(PreinitializeMustBeInvoked.java:78)
	at ptolemy.actor.Director.initialize(Director.java:938)
	at ptolemy.actor.Director.initialize(Director.java:907)
	at ptolemy.actor.sched.StaticSchedulingDirector.initialize(StaticSchedulingDirector.java:159)
	at ptolemy.domains.sdf.kernel.SDFDirector.initialize(SDFDirector.java:544)
	at ptolemy.actor.CompositeActor.initialize(CompositeActor.java:935)
	at ptolemy.actor.lib.hoc.LifeCycleManager._executeInsideModel(LifeCycleManager.java:339)
	at ptolemy.actor.lib.hoc.RunCompositeActor.fire(RunCompositeActor.java:205)
	at ptolemy.actor.CompositeActor.iterate(CompositeActor.java:1146)
	at ptolemy.actor.sched.StaticSchedulingDirector.fire(StaticSchedulingDirector.java:216)
	at ptolemy.domains.sdf.kernel.SDFDirector.fire(SDFDirector.java:500)
	at ptolemy.actor.CompositeActor.fire(CompositeActor.java:455)
	at ptolemy.actor.Manager.iterate(Manager.java:851)
	at ptolemy.actor.Manager.execute(Manager.java:369)
	at ptolemy.actor.Manager.run(Manager.java:1263)
	at ptolemy.actor.Manager$PtolemyRunThread.run(Manager.java:1915)
java.lang.reflect.InvocationTargetException
	at sun.reflect.NativeConstructorAccessorImpl.newInstance0(Native Method)
	at sun.reflect.NativeConstructorAccessorImpl.newInstance(NativeConstructorAccessorImpl.java:62)
	at sun.reflect.DelegatingConstructorAccessorImpl.newInstance(DelegatingConstructorAccessorImpl.java:45)
	at java.lang.reflect.Constructor.newInstance(Constructor.java:423)
	at ptolemy.util.test.junit.AutoKnownFailedTests.RunModel(AutoKnownFailedTests.java:105)
	at sun.reflect.NativeMethodAccessorImpl.invoke0(Native Method)
	at sun.reflect.NativeMethodAccessorImpl.invoke(NativeMethodAccessorImpl.java:62)
	at sun.reflect.DelegatingMethodAccessorImpl.invoke(DelegatingMethodAccessorImpl.java:43)
	at java.lang.reflect.Method.invoke(Method.java:498)
	at org.junit.runners.model.FrameworkMethod$1.runReflectiveCall(FrameworkMethod.java:44)
	at org.junit.internal.runners.model.ReflectiveCallable.run(ReflectiveCallable.java:15)
	at org.junit.runners.model.FrameworkMethod.invokeExplosively(FrameworkMethod.java:41)
	at junitparams.internal.InvokeParameterisedMethod.evaluate(InvokeParameterisedMethod.java:102)
	at org.junit.internal.runners.statements.FailOnTimeout$1.run(FailOnTimeout.java:28)
Caused by: ptolemy.kernel.util.IllegalActionException: initialize() was called after wrapup() was called but preinitialize() was not called after wrapup().
	at ptolemy.actor.lib.hoc.test.PreinitializeMustBeInvoked.initialize(PreinitializeMustBeInvoked.java:78)
	at ptolemy.actor.Director.initialize(Director.java:938)
	at ptolemy.actor.Director.initialize(Director.java:907)
	at ptolemy.actor.sched.StaticSchedulingDirector.initialize(StaticSchedulingDirector.java:159)
	at ptolemy.domains.sdf.kernel.SDFDirector.initialize(SDFDirector.java:544)
	at ptolemy.actor.CompositeActor.initialize(CompositeActor.java:935)
	at ptolemy.actor.lib.hoc.LifeCycleManager._executeInsideModel(LifeCycleManager.java:339)
	at ptolemy.actor.lib.hoc.RunCompositeActor.fire(RunCompositeActor.java:205)
	at ptolemy.actor.CompositeActor.iterate(CompositeActor.java:1146)
	at ptolemy.actor.sched.StaticSchedulingDirector.fire(StaticSchedulingDirector.java:216)
	at ptolemy.domains.sdf.kernel.SDFDirector.fire(SDFDirector.java:500)
	at ptolemy.actor.CompositeActor.fire(CompositeActor.java:455)
	at ptolemy.actor.Manager.iterate(Manager.java:851)
	at ptolemy.actor.Manager.execute(Manager.java:369)
	at ptolemy.actor.Manager.run(Manager.java:1263)
	at ptolemy.actor.Manager$PtolemyRunThread.run(Manager.java:1915)
]]></system-err>
</testsuite>
