<?xml version="1.0" encoding="UTF-8" ?>
<testsuite errors="0" failures="0" hostname="travis-job-8fb3911e-8a5d-46a0-bbbe-00160560d5dc" name="ptolemy.domains.continuous.test.junit.JUnitTclTest" skipped="0" tests="156" time="68.9" timestamp="2020-02-22T07:00:12">
  <properties>
[...]
</properties>
  <testcase classname="ptolemy.util.test.junit.TclTests" name="[0] ThereAreNoTclTests (RunTclFile)" time="0.014" />
  <testcase classname="ptolemy.util.test.junit.AutoKnownFailedTests" name="[0] ThereAreNoKnowFailedTests (RunModel)" time="0.001" />
  <testcase classname="ptolemy.util.test.junit.AutoNameArchTests" name="[0] ThereAreNoAutoArchTests (RunModel)" time="0.022" />
  <testcase classname="ptolemy.util.test.junit.AutoTests" name="[0] /home/travis/build/icyphy/ptII/ptolemy/domains/continuous/test/auto/BouncingBall.xml (RunModel)" time="2.863" />
  <testcase classname="ptolemy.util.test.junit.AutoTests" name="[1] /home/travis/build/icyphy/ptII/ptolemy/domains/continuous/test/auto/BouncingBallWithoutGR.xml (RunModel)" time="0.784" />
  <testcase classname="ptolemy.util.test.junit.AutoTests" name="[2] /home/travis/build/icyphy/ptII/ptolemy/domains/continuous/test/auto/Brownian.xml (RunModel)" time="0.084" />
  <testcase classname="ptolemy.util.test.junit.AutoTests" name="[3] /home/travis/build/icyphy/ptII/ptolemy/domains/continuous/test/auto/CarTracking.xml (RunModel)" time="3.825" />
  <testcase classname="ptolemy.util.test.junit.AutoTests" name="[4] /home/travis/build/icyphy/ptII/ptolemy/domains/continuous/test/auto/CartPendulum.xml (RunModel)" time="0.515" />
  <testcase classname="ptolemy.util.test.junit.AutoTests" name="[5] /home/travis/build/icyphy/ptII/ptolemy/domains/continuous/test/auto/CausalityInterface10.xml (RunModel)" time="0.052" />
  <testcase classname="ptolemy.util.test.junit.AutoTests" name="[6] /home/travis/build/icyphy/ptII/ptolemy/domains/continuous/test/auto/CausalityInterface11.xml (RunModel)" time="0.026" />
  <testcase classname="ptolemy.util.test.junit.AutoTests" name="[7] /home/travis/build/icyphy/ptII/ptolemy/domains/continuous/test/auto/CausalityInterface12.xml (RunModel)" time="0.032" />
  <testcase classname="ptolemy.util.test.junit.AutoTests" name="[8] /home/travis/build/icyphy/ptII/ptolemy/domains/continuous/test/auto/CausalityInterface13.xml (RunModel)" time="0.031" />
  <testcase classname="ptolemy.util.test.junit.AutoTests" name="[9] /home/travis/build/icyphy/ptII/ptolemy/domains/continuous/test/auto/CausalityInterface14.xml (RunModel)" time="0.017" />
  <testcase classname="ptolemy.util.test.junit.AutoTests" name="[10] /home/travis/build/icyphy/ptII/ptolemy/domains/continuous/test/auto/CausalityInterface4.xml (RunModel)" time="0.03" />
  <testcase classname="ptolemy.util.test.junit.AutoTests" name="[11] /home/travis/build/icyphy/ptII/ptolemy/domains/continuous/test/auto/CausalityInterface5.xml (RunModel)" time="0.031" />
  <testcase classname="ptolemy.util.test.junit.AutoTests" name="[12] /home/travis/build/icyphy/ptII/ptolemy/domains/continuous/test/auto/CausalityInterface6.xml (RunModel)" time="0.022" />
  <testcase classname="ptolemy.util.test.junit.AutoTests" name="[13] /home/travis/build/icyphy/ptII/ptolemy/domains/continuous/test/auto/CausalityInterface7.xml (RunModel)" time="0.031" />
  <testcase classname="ptolemy.util.test.junit.AutoTests" name="[14] /home/travis/build/icyphy/ptII/ptolemy/domains/continuous/test/auto/CausalityInterface8.xml (RunModel)" time="0.035" />
  <testcase classname="ptolemy.util.test.junit.AutoTests" name="[15] /home/travis/build/icyphy/ptII/ptolemy/domains/continuous/test/auto/CausalityInterface9.xml (RunModel)" time="0.038" />
  <testcase classname="ptolemy.util.test.junit.AutoTests" name="[16] /home/travis/build/icyphy/ptII/ptolemy/domains/continuous/test/auto/CausalityInterfaceFeedback1.xml (RunModel)" time="0.022" />
  <testcase classname="ptolemy.util.test.junit.AutoTests" name="[17] /home/travis/build/icyphy/ptII/ptolemy/domains/continuous/test/auto/CausalityInterfaceFeedback2.xml (RunModel)" time="0.03" />
  <testcase classname="ptolemy.util.test.junit.AutoTests" name="[18] /home/travis/build/icyphy/ptII/ptolemy/domains/continuous/test/auto/CompareWithCurrentTime.xml (RunModel)" time="0.018" />
  <testcase classname="ptolemy.util.test.junit.AutoTests" name="[19] /home/travis/build/icyphy/ptII/ptolemy/domains/continuous/test/auto/ComparedClocks.xml (RunModel)" time="0.072" />
  <testcase classname="ptolemy.util.test.junit.AutoTests" name="[20] /home/travis/build/icyphy/ptII/ptolemy/domains/continuous/test/auto/ContinuousAOCClone.xml (RunModel)" time="2.648" />
  <testcase classname="ptolemy.util.test.junit.AutoTests" name="[21] /home/travis/build/icyphy/ptII/ptolemy/domains/continuous/test/auto/ContinuousClock.xml (RunModel)" time="0.092" />
  <testcase classname="ptolemy.util.test.junit.AutoTests" name="[22] /home/travis/build/icyphy/ptII/ptolemy/domains/continuous/test/auto/ContinuousInContinuous.xml (RunModel)" time="0.094" />
  <testcase classname="ptolemy.util.test.junit.AutoTests" name="[23] /home/travis/build/icyphy/ptII/ptolemy/domains/continuous/test/auto/ContinuousInContinuousInContinuous.xml (RunModel)" time="0.027" />
  <testcase classname="ptolemy.util.test.junit.AutoTests" name="[24] /home/travis/build/icyphy/ptII/ptolemy/domains/continuous/test/auto/ContinuousInDE.xml (RunModel)" time="0.117" />
  <testcase classname="ptolemy.util.test.junit.AutoTests" name="[25] /home/travis/build/icyphy/ptII/ptolemy/domains/continuous/test/auto/ContinuousInDE2.xml (RunModel)" time="0.045" />
  <testcase classname="ptolemy.util.test.junit.AutoTests" name="[26] /home/travis/build/icyphy/ptII/ptolemy/domains/continuous/test/auto/ContinuousInDE3.xml (RunModel)" time="0.05" />
  <testcase classname="ptolemy.util.test.junit.AutoTests" name="[27] /home/travis/build/icyphy/ptII/ptolemy/domains/continuous/test/auto/ContinuousInDE4.xml (RunModel)" time="0.031" />
  <testcase classname="ptolemy.util.test.junit.AutoTests" name="[28] /home/travis/build/icyphy/ptII/ptolemy/domains/continuous/test/auto/ContinuousInDEDifferentRefinements.xml (RunModel)" time="0.092" />
  <testcase classname="ptolemy.util.test.junit.AutoTests" name="[29] /home/travis/build/icyphy/ptII/ptolemy/domains/continuous/test/auto/ContinuousInDEDifferentRefinementsPreemptive.xml (RunModel)" time="0.074" />
  <testcase classname="ptolemy.util.test.junit.AutoTests" name="[30] /home/travis/build/icyphy/ptII/ptolemy/domains/continuous/test/auto/ContinuousInDEInContinuous2.xml (RunModel)" time="0.054" />
  <testcase classname="ptolemy.util.test.junit.AutoTests" name="[31] /home/travis/build/icyphy/ptII/ptolemy/domains/continuous/test/auto/ContinuousInDEInContinuous3.xml (RunModel)" time="0.056" />
  <testcase classname="ptolemy.util.test.junit.AutoTests" name="[32] /home/travis/build/icyphy/ptII/ptolemy/domains/continuous/test/auto/ContinuousInDEInput.xml (RunModel)" time="0.036" />
  <testcase classname="ptolemy.util.test.junit.AutoTests" name="[33] /home/travis/build/icyphy/ptII/ptolemy/domains/continuous/test/auto/ContinuousInDEInput2.xml (RunModel)" time="0.033" />
  <testcase classname="ptolemy.util.test.junit.AutoTests" name="[34] /home/travis/build/icyphy/ptII/ptolemy/domains/continuous/test/auto/ContinuousInDEInput3.xml (RunModel)" time="0.031" />
  <testcase classname="ptolemy.util.test.junit.AutoTests" name="[35] /home/travis/build/icyphy/ptII/ptolemy/domains/continuous/test/auto/ContinuousInDESharingRefinement.xml (RunModel)" time="0.192" />
  <testcase classname="ptolemy.util.test.junit.AutoTests" name="[36] /home/travis/build/icyphy/ptII/ptolemy/domains/continuous/test/auto/ContinuousInDEwithNoPorts.xml (RunModel)" time="0.017" />
  <testcase classname="ptolemy.util.test.junit.AutoTests" name="[37] /home/travis/build/icyphy/ptII/ptolemy/domains/continuous/test/auto/ContinuousInsideDE.xml (RunModel)" time="0.078" />
  <testcase classname="ptolemy.util.test.junit.AutoTests" name="[38] /home/travis/build/icyphy/ptII/ptolemy/domains/continuous/test/auto/ContinuousMerge1.xml (RunModel)" time="0.02" />
  <testcase classname="ptolemy.util.test.junit.AutoTests" name="[39] /home/travis/build/icyphy/ptII/ptolemy/domains/continuous/test/auto/ContinuousMerge2.xml (RunModel)" time="0.051" />
  <testcase classname="ptolemy.util.test.junit.AutoTests" name="[40] /home/travis/build/icyphy/ptII/ptolemy/domains/continuous/test/auto/ContinuousMerge3.xml (RunModel)" time="0.08" />
  <testcase classname="ptolemy.util.test.junit.AutoTests" name="[41] /home/travis/build/icyphy/ptII/ptolemy/domains/continuous/test/auto/ContinuousWithinContinuous.xml (RunModel)" time="0.05" />
  <testcase classname="ptolemy.util.test.junit.AutoTests" name="[42] /home/travis/build/icyphy/ptII/ptolemy/domains/continuous/test/auto/ContinuousWithinContinuous2.xml (RunModel)" time="0.077" />
  <testcase classname="ptolemy.util.test.junit.AutoTests" name="[43] /home/travis/build/icyphy/ptII/ptolemy/domains/continuous/test/auto/ContinuousWithinContinuous3.xml (RunModel)" time="0.032" />
  <testcase classname="ptolemy.util.test.junit.AutoTests" name="[44] /home/travis/build/icyphy/ptII/ptolemy/domains/continuous/test/auto/ContinuousWithinContinuous4.xml (RunModel)" time="0.08" />
  <testcase classname="ptolemy.util.test.junit.AutoTests" name="[45] /home/travis/build/icyphy/ptII/ptolemy/domains/continuous/test/auto/ContinuousWithinContinuous5.xml (RunModel)" time="0.028" />
  <testcase classname="ptolemy.util.test.junit.AutoTests" name="[46] /home/travis/build/icyphy/ptII/ptolemy/domains/continuous/test/auto/ContinuousWithinContinuous6.xml (RunModel)" time="0.03" />
  <testcase classname="ptolemy.util.test.junit.AutoTests" name="[47] /home/travis/build/icyphy/ptII/ptolemy/domains/continuous/test/auto/ContinuousWithinContinuous7.xml (RunModel)" time="0.068" />
  <testcase classname="ptolemy.util.test.junit.AutoTests" name="[48] /home/travis/build/icyphy/ptII/ptolemy/domains/continuous/test/auto/DCMotor.xml (RunModel)" time="12.87" />
  <testcase classname="ptolemy.util.test.junit.AutoTests" name="[49] /home/travis/build/icyphy/ptII/ptolemy/domains/continuous/test/auto/DEInContinuous.xml (RunModel)" time="0.031" />
  <testcase classname="ptolemy.util.test.junit.AutoTests" name="[50] /home/travis/build/icyphy/ptII/ptolemy/domains/continuous/test/auto/DEinContinuous2.xml (RunModel)" time="0.021" />
  <testcase classname="ptolemy.util.test.junit.AutoTests" name="[51] /home/travis/build/icyphy/ptII/ptolemy/domains/continuous/test/auto/Derivative.xml (RunModel)" time="0.182" />
  <testcase classname="ptolemy.util.test.junit.AutoTests" name="[52] /home/travis/build/icyphy/ptII/ptolemy/domains/continuous/test/auto/Derivative1.xml (RunModel)" time="0.071" />
  <testcase classname="ptolemy.util.test.junit.AutoTests" name="[53] /home/travis/build/icyphy/ptII/ptolemy/domains/continuous/test/auto/DiscreteClock.xml (RunModel)" time="0.011" />
  <testcase classname="ptolemy.util.test.junit.AutoTests" name="[54] /home/travis/build/icyphy/ptII/ptolemy/domains/continuous/test/auto/EfficiencyCurve.xml (RunModel)" time="0.095" />
  <testcase classname="ptolemy.util.test.junit.AutoTests" name="[55] /home/travis/build/icyphy/ptII/ptolemy/domains/continuous/test/auto/ExponentialResponse.xml (RunModel)" time="0.117" />
  <testcase classname="ptolemy.util.test.junit.AutoTests" name="[56] /home/travis/build/icyphy/ptII/ptolemy/domains/continuous/test/auto/ExponentialResponseRK45.xml (RunModel)" time="0.038" />
  <testcase classname="ptolemy.util.test.junit.AutoTests" name="[57] /home/travis/build/icyphy/ptII/ptolemy/domains/continuous/test/auto/Friction.xml (RunModel)" time="1.643" />
  <testcase classname="ptolemy.util.test.junit.AutoTests" name="[58] /home/travis/build/icyphy/ptII/ptolemy/domains/continuous/test/auto/FurutaPendulum.xml (RunModel)" time="3.069" />
  <testcase classname="ptolemy.util.test.junit.AutoTests" name="[59] /home/travis/build/icyphy/ptII/ptolemy/domains/continuous/test/auto/HierarchicalExecution.xml (RunModel)" time="1.982" />
  <testcase classname="ptolemy.util.test.junit.AutoTests" name="[60] /home/travis/build/icyphy/ptII/ptolemy/domains/continuous/test/auto/HybridPlant.xml (RunModel)" time="0.57" />
  <testcase classname="ptolemy.util.test.junit.AutoTests" name="[61] /home/travis/build/icyphy/ptII/ptolemy/domains/continuous/test/auto/Hysteresis.xml (RunModel)" time="0.183" />
  <testcase classname="ptolemy.util.test.junit.AutoTests" name="[62] /home/travis/build/icyphy/ptII/ptolemy/domains/continuous/test/auto/HysteresisWithRandomDelay.xml (RunModel)" time="0.221" />
  <testcase classname="ptolemy.util.test.junit.AutoTests" name="[63] /home/travis/build/icyphy/ptII/ptolemy/domains/continuous/test/auto/HysteresisWithRandomLosses.xml (RunModel)" time="2.297" />
  <testcase classname="ptolemy.util.test.junit.AutoTests" name="[64] /home/travis/build/icyphy/ptII/ptolemy/domains/continuous/test/auto/ImmediateTransitions.xml (RunModel)" time="0.032" />
  <testcase classname="ptolemy.util.test.junit.AutoTests" name="[65] /home/travis/build/icyphy/ptII/ptolemy/domains/continuous/test/auto/ImpulseFeedback.xml (RunModel)" time="0.02" />
  <testcase classname="ptolemy.util.test.junit.AutoTests" name="[66] /home/travis/build/icyphy/ptII/ptolemy/domains/continuous/test/auto/ImpulseFeedback2.xml (RunModel)" time="0.014" />
  <testcase classname="ptolemy.util.test.junit.AutoTests" name="[67] /home/travis/build/icyphy/ptII/ptolemy/domains/continuous/test/auto/IncreasingRatePoisson.xml (RunModel)" time="0.742" />
  <testcase classname="ptolemy.util.test.junit.AutoTests" name="[68] /home/travis/build/icyphy/ptII/ptolemy/domains/continuous/test/auto/InitialStateFeedback.xml (RunModel)" time="0.02" />
  <testcase classname="ptolemy.util.test.junit.AutoTests" name="[69] /home/travis/build/icyphy/ptII/ptolemy/domains/continuous/test/auto/Integration.xml (RunModel)" time="0.009" />
  <testcase classname="ptolemy.util.test.junit.AutoTests" name="[70] /home/travis/build/icyphy/ptII/ptolemy/domains/continuous/test/auto/Integration2.xml (RunModel)" time="0.094" />
  <testcase classname="ptolemy.util.test.junit.AutoTests" name="[71] /home/travis/build/icyphy/ptII/ptolemy/domains/continuous/test/auto/Integration3.xml (RunModel)" time="0.013" />
  <testcase classname="ptolemy.util.test.junit.AutoTests" name="[72] /home/travis/build/icyphy/ptII/ptolemy/domains/continuous/test/auto/Integration5.xml (RunModel)" time="0.01" />
  <testcase classname="ptolemy.util.test.junit.AutoTests" name="[73] /home/travis/build/icyphy/ptII/ptolemy/domains/continuous/test/auto/IntegratorImpulse.xml (RunModel)" time="0.009" />
  <testcase classname="ptolemy.util.test.junit.AutoTests" name="[74] /home/travis/build/icyphy/ptII/ptolemy/domains/continuous/test/auto/IntegratorImpulse2.xml (RunModel)" time="0.017" />
  <testcase classname="ptolemy.util.test.junit.AutoTests" name="[75] /home/travis/build/icyphy/ptII/ptolemy/domains/continuous/test/auto/LevelCrossing1.xml (RunModel)" time="0.014" />
  <testcase classname="ptolemy.util.test.junit.AutoTests" name="[76] /home/travis/build/icyphy/ptII/ptolemy/domains/continuous/test/auto/LevelCrossing2.xml (RunModel)" time="0.019" />
  <testcase classname="ptolemy.util.test.junit.AutoTests" name="[77] /home/travis/build/icyphy/ptII/ptolemy/domains/continuous/test/auto/LevelCrossing3.xml (RunModel)" time="0.01" />
  <testcase classname="ptolemy.util.test.junit.AutoTests" name="[78] /home/travis/build/icyphy/ptII/ptolemy/domains/continuous/test/auto/LevelCrossing4.xml (RunModel)" time="0.011" />
  <testcase classname="ptolemy.util.test.junit.AutoTests" name="[79] /home/travis/build/icyphy/ptII/ptolemy/domains/continuous/test/auto/LevelCrossing5.xml (RunModel)" time="0.015" />
  <testcase classname="ptolemy.util.test.junit.AutoTests" name="[80] /home/travis/build/icyphy/ptII/ptolemy/domains/continuous/test/auto/LevelCrossing6.xml (RunModel)" time="0.012" />
  <testcase classname="ptolemy.util.test.junit.AutoTests" name="[81] /home/travis/build/icyphy/ptII/ptolemy/domains/continuous/test/auto/LevelCrossingDetector.xml (RunModel)" time="0.038" />
  <testcase classname="ptolemy.util.test.junit.AutoTests" name="[82] /home/travis/build/icyphy/ptII/ptolemy/domains/continuous/test/auto/LevelCrossingDetectorDetectingDirections.xml (RunModel)" time="0.091" />
  <testcase classname="ptolemy.util.test.junit.AutoTests" name="[83] /home/travis/build/icyphy/ptII/ptolemy/domains/continuous/test/auto/LevelCrossingDetectorDetectsGlitches.xml (RunModel)" time="0.062" />
  <testcase classname="ptolemy.util.test.junit.AutoTests" name="[84] /home/travis/build/icyphy/ptII/ptolemy/domains/continuous/test/auto/LevelCrossingNoInitialOuput.xml (RunModel)" time="0.012" />
  <testcase classname="ptolemy.util.test.junit.AutoTests" name="[85] /home/travis/build/icyphy/ptII/ptolemy/domains/continuous/test/auto/LinearStateSpaceExample.xml (RunModel)" time="0.06" />
  <testcase classname="ptolemy.util.test.junit.AutoTests" name="[86] /home/travis/build/icyphy/ptII/ptolemy/domains/continuous/test/auto/Lorenz.xml (RunModel)" time="3.277" />
  <testcase classname="ptolemy.util.test.junit.AutoTests" name="[87] /home/travis/build/icyphy/ptII/ptolemy/domains/continuous/test/auto/LorenzDifferentialSystem.xml (RunModel)" time="0.833" />
  <testcase classname="ptolemy.util.test.junit.AutoTests" name="[88] /home/travis/build/icyphy/ptII/ptolemy/domains/continuous/test/auto/LorenzDifferentialSystemWithInput.xml (RunModel)" time="1.15" />
  <testcase classname="ptolemy.util.test.junit.AutoTests" name="[89] /home/travis/build/icyphy/ptII/ptolemy/domains/continuous/test/auto/LorenzDifferentialSystemWithTime.xml (RunModel)" time="0.709" />
  <testcase classname="ptolemy.util.test.junit.AutoTests" name="[90] /home/travis/build/icyphy/ptII/ptolemy/domains/continuous/test/auto/Microsteps.xml (RunModel)" time="0.036" />
  <testcase classname="ptolemy.util.test.junit.AutoTests" name="[91] /home/travis/build/icyphy/ptII/ptolemy/domains/continuous/test/auto/Modal1.xml (RunModel)" time="0.033" />
  <testcase classname="ptolemy.util.test.junit.AutoTests" name="[92] /home/travis/build/icyphy/ptII/ptolemy/domains/continuous/test/auto/Modal2.xml (RunModel)" time="0.057" />
  <testcase classname="ptolemy.util.test.junit.AutoTests" name="[93] /home/travis/build/icyphy/ptII/ptolemy/domains/continuous/test/auto/ModalTransitionGuardWithReset.xml (RunModel)" time="0.025" />
  <testcase classname="ptolemy.util.test.junit.AutoTests" name="[94] /home/travis/build/icyphy/ptII/ptolemy/domains/continuous/test/auto/ModalTransitionGuardWithResetUsingPreemptiveTransition.xml (RunModel)" time="0.024" />
  <testcase classname="ptolemy.util.test.junit.AutoTests" name="[95] /home/travis/build/icyphy/ptII/ptolemy/domains/continuous/test/auto/ModalTransitionGuardWithResetUsingPreemptiveTransition2.xml (RunModel)" time="0.024" />
  <testcase classname="ptolemy.util.test.junit.AutoTests" name="[96] /home/travis/build/icyphy/ptII/ptolemy/domains/continuous/test/auto/ModalTransitionGuardWithResetUsingPreemptiveTransition3.xml (RunModel)" time="0.022" />
  <testcase classname="ptolemy.util.test.junit.AutoTests" name="[97] /home/travis/build/icyphy/ptII/ptolemy/domains/continuous/test/auto/NewtonsCradle.xml (RunModel)" time="0.842" />
  <testcase classname="ptolemy.util.test.junit.AutoTests" name="[98] /home/travis/build/icyphy/ptII/ptolemy/domains/continuous/test/auto/NewtonsCradleAnimated.xml (RunModel)" time="1.146" />
  <testcase classname="ptolemy.util.test.junit.AutoTests" name="[99] /home/travis/build/icyphy/ptII/ptolemy/domains/continuous/test/auto/NewtonsCradleComplicated.xml (RunModel)" time="0.786" />
  <testcase classname="ptolemy.util.test.junit.AutoTests" name="[100] /home/travis/build/icyphy/ptII/ptolemy/domains/continuous/test/auto/NewtonsCradleNondeterministic.xml (RunModel)" time="0.608" />
  <testcase classname="ptolemy.util.test.junit.AutoTests" name="[101] /home/travis/build/icyphy/ptII/ptolemy/domains/continuous/test/auto/NewtonsCradlePerfectlyInelastic1.xml (RunModel)" time="1.117" />
  <testcase classname="ptolemy.util.test.junit.AutoTests" name="[102] /home/travis/build/icyphy/ptII/ptolemy/domains/continuous/test/auto/Noise.xml (RunModel)" time="0.186" />
  <testcase classname="ptolemy.util.test.junit.AutoTests" name="[103] /home/travis/build/icyphy/ptII/ptolemy/domains/continuous/test/auto/NoiseSpectrum.xml (RunModel)" time="0.669" />
  <testcase classname="ptolemy.util.test.junit.AutoTests" name="[104] /home/travis/build/icyphy/ptII/ptolemy/domains/continuous/test/auto/ParameterizedNewtonsCradleAnimated.xml (RunModel)" time="0.296" />
  <testcase classname="ptolemy.util.test.junit.AutoTests" name="[105] /home/travis/build/icyphy/ptII/ptolemy/domains/continuous/test/auto/ParameterizedNewtonsCradleAnimatedNondeterministic.xml (RunModel)" time="1.087" />
  <testcase classname="ptolemy.util.test.junit.AutoTests" name="[106] /home/travis/build/icyphy/ptII/ptolemy/domains/continuous/test/auto/Pendulum3D.xml (RunModel)" time="0.154" />
  <testcase classname="ptolemy.util.test.junit.AutoTests" name="[107] /home/travis/build/icyphy/ptII/ptolemy/domains/continuous/test/auto/PeriodicSampler.xml (RunModel)" time="0.01" />
  <testcase classname="ptolemy.util.test.junit.AutoTests" name="[108] /home/travis/build/icyphy/ptII/ptolemy/domains/continuous/test/auto/PeriodicSampler1.xml (RunModel)" time="0.051" />
  <testcase classname="ptolemy.util.test.junit.AutoTests" name="[109] /home/travis/build/icyphy/ptII/ptolemy/domains/continuous/test/auto/PeriodicSampler2.xml (RunModel)" time="0.077" />
  <testcase classname="ptolemy.util.test.junit.AutoTests" name="[110] /home/travis/build/icyphy/ptII/ptolemy/domains/continuous/test/auto/Poisson.xml (RunModel)" time="0.452" />
  <testcase classname="ptolemy.util.test.junit.AutoTests" name="[111] /home/travis/build/icyphy/ptII/ptolemy/domains/continuous/test/auto/PoissonClock.xml (RunModel)" time="0.015" />
  <testcase classname="ptolemy.util.test.junit.AutoTests" name="[112] /home/travis/build/icyphy/ptII/ptolemy/domains/continuous/test/auto/PoissonClock2.xml (RunModel)" time="0.011" />
  <testcase classname="ptolemy.util.test.junit.AutoTests" name="[113] /home/travis/build/icyphy/ptII/ptolemy/domains/continuous/test/auto/PortParameterHierarchy.xml (RunModel)" time="0.02" />
  <testcase classname="ptolemy.util.test.junit.AutoTests" name="[114] /home/travis/build/icyphy/ptII/ptolemy/domains/continuous/test/auto/RandomHybridPlant.xml (RunModel)" time="0.692" />
  <testcase classname="ptolemy.util.test.junit.AutoTests" name="[115] /home/travis/build/icyphy/ptII/ptolemy/domains/continuous/test/auto/ResetTransitionWithStartTime1.xml (RunModel)" time="0.033" />
  <testcase classname="ptolemy.util.test.junit.AutoTests" name="[116] /home/travis/build/icyphy/ptII/ptolemy/domains/continuous/test/auto/ResetTransitionWithStartTime2.xml (RunModel)" time="0.035" />
  <testcase classname="ptolemy.util.test.junit.AutoTests" name="[117] /home/travis/build/icyphy/ptII/ptolemy/domains/continuous/test/auto/ResetTransitionWithStartTime3.xml (RunModel)" time="0.039" />
  <testcase classname="ptolemy.util.test.junit.AutoTests" name="[118] /home/travis/build/icyphy/ptII/ptolemy/domains/continuous/test/auto/ResetTransitionWithStartTime4.xml (RunModel)" time="0.032" />
  <testcase classname="ptolemy.util.test.junit.AutoTests" name="[119] /home/travis/build/icyphy/ptII/ptolemy/domains/continuous/test/auto/ResetTransitionWithStartTime5.xml (RunModel)" time="0.03" />
  <testcase classname="ptolemy.util.test.junit.AutoTests" name="[120] /home/travis/build/icyphy/ptII/ptolemy/domains/continuous/test/auto/ResetTransitionWithStartTime6.xml (RunModel)" time="0.025" />
  <testcase classname="ptolemy.util.test.junit.AutoTests" name="[121] /home/travis/build/icyphy/ptII/ptolemy/domains/continuous/test/auto/SRinContinuous.xml (RunModel)" time="0.019" />
  <testcase classname="ptolemy.util.test.junit.AutoTests" name="[122] /home/travis/build/icyphy/ptII/ptolemy/domains/continuous/test/auto/SampledClocks.xml (RunModel)" time="0.027" />
  <testcase classname="ptolemy.util.test.junit.AutoTests" name="[123] /home/travis/build/icyphy/ptII/ptolemy/domains/continuous/test/auto/Satellite.xml (RunModel)" time="0.598" />
  <testcase classname="ptolemy.util.test.junit.AutoTests" name="[124] /home/travis/build/icyphy/ptII/ptolemy/domains/continuous/test/auto/SigmaDelta.xml (RunModel)" time="2.236" />
  <testcase classname="ptolemy.util.test.junit.AutoTests" name="[125] /home/travis/build/icyphy/ptII/ptolemy/domains/continuous/test/auto/SingleRefinement.xml (RunModel)" time="0.445" />
  <testcase classname="ptolemy.util.test.junit.AutoTests" name="[126] /home/travis/build/icyphy/ptII/ptolemy/domains/continuous/test/auto/SinuBouncingBall.xml (RunModel)" time="0.883" />
  <testcase classname="ptolemy.util.test.junit.AutoTests" name="[127] /home/travis/build/icyphy/ptII/ptolemy/domains/continuous/test/auto/Sinusoid.xml (RunModel)" time="0.011" />
  <testcase classname="ptolemy.util.test.junit.AutoTests" name="[128] /home/travis/build/icyphy/ptII/ptolemy/domains/continuous/test/auto/SinusoidInNoise.xml (RunModel)" time="0.889" />
  <testcase classname="ptolemy.util.test.junit.AutoTests" name="[129] /home/travis/build/icyphy/ptII/ptolemy/domains/continuous/test/auto/SinusoidRK45.xml (RunModel)" time="0.011" />
  <testcase classname="ptolemy.util.test.junit.AutoTests" name="[130] /home/travis/build/icyphy/ptII/ptolemy/domains/continuous/test/auto/SinusoidWithMultipleImpulses.xml (RunModel)" time="0.01" />
  <testcase classname="ptolemy.util.test.junit.AutoTests" name="[131] /home/travis/build/icyphy/ptII/ptolemy/domains/continuous/test/auto/SquareWave.xml (RunModel)" time="0.158" />
  <testcase classname="ptolemy.util.test.junit.AutoTests" name="[132] /home/travis/build/icyphy/ptII/ptolemy/domains/continuous/test/auto/Starmac.xml (RunModel)" time="3.328" />
  <testcase classname="ptolemy.util.test.junit.AutoTests" name="[133] /home/travis/build/icyphy/ptII/ptolemy/domains/continuous/test/auto/StaticUnits.xml (RunModel)" time="2.27" />
  <testcase classname="ptolemy.util.test.junit.AutoTests" name="[134] /home/travis/build/icyphy/ptII/ptolemy/domains/continuous/test/auto/StickyMasses.xml (RunModel)" time="0.187" />
  <testcase classname="ptolemy.util.test.junit.AutoTests" name="[135] /home/travis/build/icyphy/ptII/ptolemy/domains/continuous/test/auto/StopTime.xml (RunModel)" time="0.054" />
  <testcase classname="ptolemy.util.test.junit.AutoTests" name="[136] /home/travis/build/icyphy/ptII/ptolemy/domains/continuous/test/auto/StopTime2.xml (RunModel)" time="0.06" />
  <testcase classname="ptolemy.util.test.junit.AutoTests" name="[137] /home/travis/build/icyphy/ptII/ptolemy/domains/continuous/test/auto/Switch.xml (RunModel)" time="0.062" />
  <testcase classname="ptolemy.util.test.junit.AutoTests" name="[138] /home/travis/build/icyphy/ptII/ptolemy/domains/continuous/test/auto/Thermostat.xml (RunModel)" time="0.234" />
  <testcase classname="ptolemy.util.test.junit.AutoTests" name="[139] /home/travis/build/icyphy/ptII/ptolemy/domains/continuous/test/auto/TimeDelay.xml (RunModel)" time="0.018" />
  <testcase classname="ptolemy.util.test.junit.AutoTests" name="[140] /home/travis/build/icyphy/ptII/ptolemy/domains/continuous/test/auto/TimeDelay2.xml (RunModel)" time="0.026" />
  <testcase classname="ptolemy.util.test.junit.AutoTests" name="[141] /home/travis/build/icyphy/ptII/ptolemy/domains/continuous/test/auto/TimeDelay3.xml (RunModel)" time="0.012" />
  <testcase classname="ptolemy.util.test.junit.AutoTests" name="[142] /home/travis/build/icyphy/ptII/ptolemy/domains/continuous/test/auto/TransferAbsentToInside.xml (RunModel)" time="0.118" />
  <testcase classname="ptolemy.util.test.junit.AutoTests" name="[143] /home/travis/build/icyphy/ptII/ptolemy/domains/continuous/test/auto/Transmission.xml (RunModel)" time="0.804" />
  <testcase classname="ptolemy.util.test.junit.AutoTests" name="[144] /home/travis/build/icyphy/ptII/ptolemy/domains/continuous/test/auto/TriggeredContinuousClock.xml (RunModel)" time="0.065" />
  <testcase classname="ptolemy.util.test.junit.AutoTests" name="[145] /home/travis/build/icyphy/ptII/ptolemy/domains/continuous/test/auto/TwoMachineInfiniteBusControl.xml (RunModel)" time="2.299" />
  <testcase classname="ptolemy.util.test.junit.AutoTests" name="[146] /home/travis/build/icyphy/ptII/ptolemy/domains/continuous/test/auto/V2V.xml (RunModel)" time="0.677" />
  <testcase classname="ptolemy.util.test.junit.AutoTests" name="[147] /home/travis/build/icyphy/ptII/ptolemy/domains/continuous/test/auto/hierarchicalModalModel.xml (RunModel)" time="0.033" />
  <testcase classname="ptolemy.util.test.junit.AutoTests" name="[148] /home/travis/build/icyphy/ptII/ptolemy/domains/continuous/test/auto/hierarchicalModalModel1.xml (RunModel)" time="0.031" />
  <testcase classname="ptolemy.util.test.junit.AutoTests" name="[149] /home/travis/build/icyphy/ptII/ptolemy/domains/continuous/test/auto/hierarchicalModalModel2.xml (RunModel)" time="0.028" />
  <testcase classname="ptolemy.util.test.junit.AutoTests" name="[150] /home/travis/build/icyphy/ptII/ptolemy/domains/continuous/test/auto/hierarchicalModalModel3.xml (RunModel)" time="0.025" />
  <testcase classname="ptolemy.util.test.junit.AutoTests" name="[151] /home/travis/build/icyphy/ptII/ptolemy/domains/continuous/test/auto/hierarchicalModalModel4.xml (RunModel)" time="0.026" />
  <testcase classname="ptolemy.util.test.junit.AutoTests" name="[152] /home/travis/build/icyphy/ptII/ptolemy/domains/continuous/test/auto/junk.xml (RunModel)" time="0.137" />
  <system-out><![CDATA[No tcl tests in /home/travis/build/icyphy/ptII/ptolemy/domains/continuous/test
No auto/knownFailedTests/*.xml tests in /home/travis/build/icyphy/ptII/ptolemy/domains/continuous/test
No auto/linux-amd64/*.xml tests in /home/travis/build/icyphy/ptII/ptolemy/domains/continuous/test
AutoTests.java: About to close Vertx.
AutoTests.java: Vertx closed.

===========================================================================================
----------------- testing Sat Feb 22 07:00:12 UTC 2020 /home/travis/build/icyphy/ptII/ptolemy/domains/continuous/test/auto/BouncingBall.xml
----------------- Instantiating /home/travis/build/icyphy/ptII/ptolemy/domains/continuous/test/auto/BouncingBall.xml
2252 ms. Memory: 155648K Free: 57854K (37%)
----------------- Invoking toplevel() on ptolemy.moml.MoMLSimpleApplication@25e296d
----------------- Done invoking toplevel() on ptolemy.moml.MoMLSimpleApplication@25e296d
reloadAllAccessors: .BouncingBall

===========================================================================================
----------------- testing Sat Feb 22 07:00:15 UTC 2020 /home/travis/build/icyphy/ptII/ptolemy/domains/continuous/test/auto/BouncingBallWithoutGR.xml
----------------- Instantiating /home/travis/build/icyphy/ptII/ptolemy/domains/continuous/test/auto/BouncingBallWithoutGR.xml
623 ms. Memory: 155648K Free: 61839K (40%)
----------------- Invoking toplevel() on ptolemy.moml.MoMLSimpleApplication@5d8b554b
----------------- Done invoking toplevel() on ptolemy.moml.MoMLSimpleApplication@5d8b554b
reloadAllAccessors: .BouncingBallWithoutGR

===========================================================================================
----------------- testing Sat Feb 22 07:00:16 UTC 2020 /home/travis/build/icyphy/ptII/ptolemy/domains/continuous/test/auto/Brownian.xml
----------------- Instantiating /home/travis/build/icyphy/ptII/ptolemy/domains/continuous/test/auto/Brownian.xml
29 ms. Memory: 155648K Free: 52623K (34%)
----------------- Invoking toplevel() on ptolemy.moml.MoMLSimpleApplication@73275a89
----------------- Done invoking toplevel() on ptolemy.moml.MoMLSimpleApplication@73275a89
reloadAllAccessors: .Brownian

===========================================================================================
----------------- testing Sat Feb 22 07:00:16 UTC 2020 /home/travis/build/icyphy/ptII/ptolemy/domains/continuous/test/auto/CarTracking.xml
----------------- Instantiating /home/travis/build/icyphy/ptII/ptolemy/domains/continuous/test/auto/CarTracking.xml
3392 ms. Memory: 225280K Free: 193963K (86%)
----------------- Invoking toplevel() on ptolemy.moml.MoMLSimpleApplication@17c4f0e6
----------------- Done invoking toplevel() on ptolemy.moml.MoMLSimpleApplication@17c4f0e6
reloadAllAccessors: .CarTracking

===========================================================================================
----------------- testing Sat Feb 22 07:00:20 UTC 2020 /home/travis/build/icyphy/ptII/ptolemy/domains/continuous/test/auto/CartPendulum.xml
----------------- Instantiating /home/travis/build/icyphy/ptII/ptolemy/domains/continuous/test/auto/CartPendulum.xml
373 ms. Memory: 225280K Free: 103372K (46%)
----------------- Invoking toplevel() on ptolemy.moml.MoMLSimpleApplication@356373c1
----------------- Done invoking toplevel() on ptolemy.moml.MoMLSimpleApplication@356373c1
reloadAllAccessors: .CartPendulum

===========================================================================================
----------------- testing Sat Feb 22 07:00:20 UTC 2020 /home/travis/build/icyphy/ptII/ptolemy/domains/continuous/test/auto/CausalityInterface10.xml
----------------- Instantiating /home/travis/build/icyphy/ptII/ptolemy/domains/continuous/test/auto/CausalityInterface10.xml
11 ms. Memory: 225280K Free: 93132K (41%)
----------------- Invoking toplevel() on ptolemy.moml.MoMLSimpleApplication@430ee82
----------------- Done invoking toplevel() on ptolemy.moml.MoMLSimpleApplication@430ee82
reloadAllAccessors: .CausalityInterface10

===========================================================================================
----------------- testing Sat Feb 22 07:00:20 UTC 2020 /home/travis/build/icyphy/ptII/ptolemy/domains/continuous/test/auto/CausalityInterface11.xml
----------------- Instantiating /home/travis/build/icyphy/ptII/ptolemy/domains/continuous/test/auto/CausalityInterface11.xml
7 ms. Memory: 225280K Free: 86988K (39%)
----------------- Invoking toplevel() on ptolemy.moml.MoMLSimpleApplication@140e6747
----------------- Done invoking toplevel() on ptolemy.moml.MoMLSimpleApplication@140e6747
reloadAllAccessors: .CausalityInterface11

===========================================================================================
----------------- testing Sat Feb 22 07:00:20 UTC 2020 /home/travis/build/icyphy/ptII/ptolemy/domains/continuous/test/auto/CausalityInterface12.xml
----------------- Instantiating /home/travis/build/icyphy/ptII/ptolemy/domains/continuous/test/auto/CausalityInterface12.xml
8 ms. Memory: 225280K Free: 80844K (36%)
----------------- Invoking toplevel() on ptolemy.moml.MoMLSimpleApplication@883981f
----------------- Done invoking toplevel() on ptolemy.moml.MoMLSimpleApplication@883981f
reloadAllAccessors: .CausalityInterface12

===========================================================================================
----------------- testing Sat Feb 22 07:00:21 UTC 2020 /home/travis/build/icyphy/ptII/ptolemy/domains/continuous/test/auto/CausalityInterface13.xml
----------------- Instantiating /home/travis/build/icyphy/ptII/ptolemy/domains/continuous/test/auto/CausalityInterface13.xml
3 ms. Memory: 225280K Free: 206584K (92%)
----------------- Invoking toplevel() on ptolemy.moml.MoMLSimpleApplication@337bf87d
----------------- Done invoking toplevel() on ptolemy.moml.MoMLSimpleApplication@337bf87d
reloadAllAccessors: .CausalityInterface13

===========================================================================================
----------------- testing Sat Feb 22 07:00:21 UTC 2020 /home/travis/build/icyphy/ptII/ptolemy/domains/continuous/test/auto/CausalityInterface14.xml
----------------- Instantiating /home/travis/build/icyphy/ptII/ptolemy/domains/continuous/test/auto/CausalityInterface14.xml
3 ms. Memory: 225280K Free: 200920K (89%)
----------------- Invoking toplevel() on ptolemy.moml.MoMLSimpleApplication@72799cdf
----------------- Done invoking toplevel() on ptolemy.moml.MoMLSimpleApplication@72799cdf
reloadAllAccessors: .CausalityInterface14

===========================================================================================
----------------- testing Sat Feb 22 07:00:21 UTC 2020 /home/travis/build/icyphy/ptII/ptolemy/domains/continuous/test/auto/CausalityInterface4.xml
----------------- Instantiating /home/travis/build/icyphy/ptII/ptolemy/domains/continuous/test/auto/CausalityInterface4.xml
6 ms. Memory: 225280K Free: 193768K (86%)
----------------- Invoking toplevel() on ptolemy.moml.MoMLSimpleApplication@49bdb556
----------------- Done invoking toplevel() on ptolemy.moml.MoMLSimpleApplication@49bdb556
reloadAllAccessors: .CausalityInterface4

===========================================================================================
----------------- testing Sat Feb 22 07:00:21 UTC 2020 /home/travis/build/icyphy/ptII/ptolemy/domains/continuous/test/auto/CausalityInterface5.xml
----------------- Instantiating /home/travis/build/icyphy/ptII/ptolemy/domains/continuous/test/auto/CausalityInterface5.xml
7 ms. Memory: 225280K Free: 185590K (82%)
----------------- Invoking toplevel() on ptolemy.moml.MoMLSimpleApplication@496c5d3c
----------------- Done invoking toplevel() on ptolemy.moml.MoMLSimpleApplication@496c5d3c
reloadAllAccessors: .CausalityInterface5

===========================================================================================
----------------- testing Sat Feb 22 07:00:21 UTC 2020 /home/travis/build/icyphy/ptII/ptolemy/domains/continuous/test/auto/CausalityInterface6.xml
----------------- Instantiating /home/travis/build/icyphy/ptII/ptolemy/domains/continuous/test/auto/CausalityInterface6.xml
6 ms. Memory: 225280K Free: 179960K (80%)
----------------- Invoking toplevel() on ptolemy.moml.MoMLSimpleApplication@775097b9
----------------- Done invoking toplevel() on ptolemy.moml.MoMLSimpleApplication@775097b9
reloadAllAccessors: .CausalityInterface6

===========================================================================================
----------------- testing Sat Feb 22 07:00:21 UTC 2020 /home/travis/build/icyphy/ptII/ptolemy/domains/continuous/test/auto/CausalityInterface7.xml
----------------- Instantiating /home/travis/build/icyphy/ptII/ptolemy/domains/continuous/test/auto/CausalityInterface7.xml
9 ms. Memory: 225280K Free: 171254K (76%)
----------------- Invoking toplevel() on ptolemy.moml.MoMLSimpleApplication@5a68696d
----------------- Done invoking toplevel() on ptolemy.moml.MoMLSimpleApplication@5a68696d
reloadAllAccessors: .CausalityInterface7

===========================================================================================
----------------- testing Sat Feb 22 07:00:21 UTC 2020 /home/travis/build/icyphy/ptII/ptolemy/domains/continuous/test/auto/CausalityInterface8.xml
----------------- Instantiating /home/travis/build/icyphy/ptII/ptolemy/domains/continuous/test/auto/CausalityInterface8.xml
10 ms. Memory: 225280K Free: 162038K (72%)
----------------- Invoking toplevel() on ptolemy.moml.MoMLSimpleApplication@3881944a
----------------- Done invoking toplevel() on ptolemy.moml.MoMLSimpleApplication@3881944a
reloadAllAccessors: .CausalityInterface8

===========================================================================================
----------------- testing Sat Feb 22 07:00:21 UTC 2020 /home/travis/build/icyphy/ptII/ptolemy/domains/continuous/test/auto/CausalityInterface9.xml
----------------- Instantiating /home/travis/build/icyphy/ptII/ptolemy/domains/continuous/test/auto/CausalityInterface9.xml
6 ms. Memory: 225280K Free: 151288K (67%)
----------------- Invoking toplevel() on ptolemy.moml.MoMLSimpleApplication@712cfa8a
----------------- Done invoking toplevel() on ptolemy.moml.MoMLSimpleApplication@712cfa8a
reloadAllAccessors: .CausalityInterface9

===========================================================================================
----------------- testing Sat Feb 22 07:00:21 UTC 2020 /home/travis/build/icyphy/ptII/ptolemy/domains/continuous/test/auto/CausalityInterfaceFeedback1.xml
----------------- Instantiating /home/travis/build/icyphy/ptII/ptolemy/domains/continuous/test/auto/CausalityInterfaceFeedback1.xml
3 ms. Memory: 225280K Free: 144630K (64%)
----------------- Invoking toplevel() on ptolemy.moml.MoMLSimpleApplication@169c1230
----------------- Done invoking toplevel() on ptolemy.moml.MoMLSimpleApplication@169c1230
reloadAllAccessors: .CausalityInterfaceFeedback1

===========================================================================================
----------------- testing Sat Feb 22 07:00:21 UTC 2020 /home/travis/build/icyphy/ptII/ptolemy/domains/continuous/test/auto/CausalityInterfaceFeedback2.xml
----------------- Instantiating /home/travis/build/icyphy/ptII/ptolemy/domains/continuous/test/auto/CausalityInterfaceFeedback2.xml
5 ms. Memory: 225280K Free: 137976K (61%)
----------------- Invoking toplevel() on ptolemy.moml.MoMLSimpleApplication@200da5b7
----------------- Done invoking toplevel() on ptolemy.moml.MoMLSimpleApplication@200da5b7
reloadAllAccessors: .CausalityInterfaceFeedback2

===========================================================================================
----------------- testing Sat Feb 22 07:00:21 UTC 2020 /home/travis/build/icyphy/ptII/ptolemy/domains/continuous/test/auto/CompareWithCurrentTime.xml
----------------- Instantiating /home/travis/build/icyphy/ptII/ptolemy/domains/continuous/test/auto/CompareWithCurrentTime.xml
3 ms. Memory: 225280K Free: 134390K (60%)
----------------- Invoking toplevel() on ptolemy.moml.MoMLSimpleApplication@407d2dd5
----------------- Done invoking toplevel() on ptolemy.moml.MoMLSimpleApplication@407d2dd5
reloadAllAccessors: .CompareWithCurrentTime

===========================================================================================
----------------- testing Sat Feb 22 07:00:21 UTC 2020 /home/travis/build/icyphy/ptII/ptolemy/domains/continuous/test/auto/ComparedClocks.xml
----------------- Instantiating /home/travis/build/icyphy/ptII/ptolemy/domains/continuous/test/auto/ComparedClocks.xml
8 ms. Memory: 225280K Free: 119016K (53%)
----------------- Invoking toplevel() on ptolemy.moml.MoMLSimpleApplication@51a7aabb
----------------- Done invoking toplevel() on ptolemy.moml.MoMLSimpleApplication@51a7aabb
reloadAllAccessors: .ComparedClocks

===========================================================================================
----------------- testing Sat Feb 22 07:00:21 UTC 2020 /home/travis/build/icyphy/ptII/ptolemy/domains/continuous/test/auto/ContinuousAOCClone.xml
----------------- Instantiating /home/travis/build/icyphy/ptII/ptolemy/domains/continuous/test/auto/ContinuousAOCClone.xml
2455 ms. Memory: 270336K Free: 183710K (68%)
----------------- Invoking toplevel() on ptolemy.moml.MoMLSimpleApplication@77a31fef
----------------- Done invoking toplevel() on ptolemy.moml.MoMLSimpleApplication@77a31fef
reloadAllAccessors: .ContinuousAOCClone

===========================================================================================
----------------- testing Sat Feb 22 07:00:24 UTC 2020 /home/travis/build/icyphy/ptII/ptolemy/domains/continuous/test/auto/ContinuousClock.xml
----------------- Instantiating /home/travis/build/icyphy/ptII/ptolemy/domains/continuous/test/auto/ContinuousClock.xml
33 ms. Memory: 270336K Free: 161692K (60%)
----------------- Invoking toplevel() on ptolemy.moml.MoMLSimpleApplication@752ea939
----------------- Done invoking toplevel() on ptolemy.moml.MoMLSimpleApplication@752ea939
reloadAllAccessors: .ContinuousClock

===========================================================================================
----------------- testing Sat Feb 22 07:00:24 UTC 2020 /home/travis/build/icyphy/ptII/ptolemy/domains/continuous/test/auto/ContinuousInContinuous.xml
----------------- Instantiating /home/travis/build/icyphy/ptII/ptolemy/domains/continuous/test/auto/ContinuousInContinuous.xml
47 ms. Memory: 270336K Free: 138140K (51%)
----------------- Invoking toplevel() on ptolemy.moml.MoMLSimpleApplication@6c34ee4
----------------- Done invoking toplevel() on ptolemy.moml.MoMLSimpleApplication@6c34ee4
reloadAllAccessors: .ContinuousInContinuous

===========================================================================================
----------------- testing Sat Feb 22 07:00:24 UTC 2020 /home/travis/build/icyphy/ptII/ptolemy/domains/continuous/test/auto/ContinuousInContinuousInContinuous.xml
----------------- Instantiating /home/travis/build/icyphy/ptII/ptolemy/domains/continuous/test/auto/ContinuousInContinuousInContinuous.xml
7 ms. Memory: 270336K Free: 129948K (48%)
----------------- Invoking toplevel() on ptolemy.moml.MoMLSimpleApplication@189e3ab1
----------------- Done invoking toplevel() on ptolemy.moml.MoMLSimpleApplication@189e3ab1
reloadAllAccessors: .ContinuousInContinuousInContinuous

===========================================================================================
----------------- testing Sat Feb 22 07:00:24 UTC 2020 /home/travis/build/icyphy/ptII/ptolemy/domains/continuous/test/auto/ContinuousInDE.xml
----------------- Instantiating /home/travis/build/icyphy/ptII/ptolemy/domains/continuous/test/auto/ContinuousInDE.xml
94 ms. Memory: 270336K Free: 119198K (44%)
----------------- Invoking toplevel() on ptolemy.moml.MoMLSimpleApplication@39d3180e
----------------- Done invoking toplevel() on ptolemy.moml.MoMLSimpleApplication@39d3180e
reloadAllAccessors: .ContinuousInDE

===========================================================================================
----------------- testing Sat Feb 22 07:00:24 UTC 2020 /home/travis/build/icyphy/ptII/ptolemy/domains/continuous/test/auto/ContinuousInDE2.xml
----------------- Instantiating /home/travis/build/icyphy/ptII/ptolemy/domains/continuous/test/auto/ContinuousInDE2.xml
33 ms. Memory: 270336K Free: 109982K (41%)
----------------- Invoking toplevel() on ptolemy.moml.MoMLSimpleApplication@4f475836
----------------- Done invoking toplevel() on ptolemy.moml.MoMLSimpleApplication@4f475836
reloadAllAccessors: .ContinuousInDE2

===========================================================================================
----------------- testing Sat Feb 22 07:00:24 UTC 2020 /home/travis/build/icyphy/ptII/ptolemy/domains/continuous/test/auto/ContinuousInDE3.xml
----------------- Instantiating /home/travis/build/icyphy/ptII/ptolemy/domains/continuous/test/auto/ContinuousInDE3.xml
31 ms. Memory: 270336K Free: 100766K (37%)
----------------- Invoking toplevel() on ptolemy.moml.MoMLSimpleApplication@15c56d73
----------------- Done invoking toplevel() on ptolemy.moml.MoMLSimpleApplication@15c56d73
reloadAllAccessors: .ContinuousInDE3

===========================================================================================
----------------- testing Sat Feb 22 07:00:24 UTC 2020 /home/travis/build/icyphy/ptII/ptolemy/domains/continuous/test/auto/ContinuousInDE4.xml
----------------- Instantiating /home/travis/build/icyphy/ptII/ptolemy/domains/continuous/test/auto/ContinuousInDE4.xml
11 ms. Memory: 270336K Free: 94622K (35%)
----------------- Invoking toplevel() on ptolemy.moml.MoMLSimpleApplication@4c8c7b1b
----------------- Done invoking toplevel() on ptolemy.moml.MoMLSimpleApplication@4c8c7b1b
reloadAllAccessors: .ContinuousInDE4

===========================================================================================
----------------- testing Sat Feb 22 07:00:24 UTC 2020 /home/travis/build/icyphy/ptII/ptolemy/domains/continuous/test/auto/ContinuousInDEDifferentRefinements.xml
----------------- Instantiating /home/travis/build/icyphy/ptII/ptolemy/domains/continuous/test/auto/ContinuousInDEDifferentRefinements.xml
56 ms. Memory: 270336K Free: 225074K (83%)
----------------- Invoking toplevel() on ptolemy.moml.MoMLSimpleApplication@7cc4d7c0
----------------- Done invoking toplevel() on ptolemy.moml.MoMLSimpleApplication@7cc4d7c0
reloadAllAccessors: .ContinuousInDEDifferentRefinements

===========================================================================================
----------------- testing Sat Feb 22 07:00:24 UTC 2020 /home/travis/build/icyphy/ptII/ptolemy/domains/continuous/test/auto/ContinuousInDEDifferentRefinementsPreemptive.xml
----------------- Instantiating /home/travis/build/icyphy/ptII/ptolemy/domains/continuous/test/auto/ContinuousInDEDifferentRefinementsPreemptive.xml
40 ms. Memory: 270336K Free: 194354K (72%)
----------------- Invoking toplevel() on ptolemy.moml.MoMLSimpleApplication@77b32611
----------------- Done invoking toplevel() on ptolemy.moml.MoMLSimpleApplication@77b32611
reloadAllAccessors: .ContinuousInDEDifferentRefinementsPreemptive

===========================================================================================
----------------- testing Sat Feb 22 07:00:24 UTC 2020 /home/travis/build/icyphy/ptII/ptolemy/domains/continuous/test/auto/ContinuousInDEInContinuous2.xml
----------------- Instantiating /home/travis/build/icyphy/ptII/ptolemy/domains/continuous/test/auto/ContinuousInDEInContinuous2.xml
37 ms. Memory: 270336K Free: 183097K (68%)
----------------- Invoking toplevel() on ptolemy.moml.MoMLSimpleApplication@712ce3d8
----------------- Done invoking toplevel() on ptolemy.moml.MoMLSimpleApplication@712ce3d8
reloadAllAccessors: .ContinuousInDEInContinuous2

===========================================================================================
----------------- testing Sat Feb 22 07:00:24 UTC 2020 /home/travis/build/icyphy/ptII/ptolemy/domains/continuous/test/auto/ContinuousInDEInContinuous3.xml
----------------- Instantiating /home/travis/build/icyphy/ptII/ptolemy/domains/continuous/test/auto/ContinuousInDEInContinuous3.xml
37 ms. Memory: 270336K Free: 171323K (63%)
----------------- Invoking toplevel() on ptolemy.moml.MoMLSimpleApplication@6e40a666
----------------- Done invoking toplevel() on ptolemy.moml.MoMLSimpleApplication@6e40a666
reloadAllAccessors: .ContinuousInDEInContinuous3

===========================================================================================
----------------- testing Sat Feb 22 07:00:24 UTC 2020 /home/travis/build/icyphy/ptII/ptolemy/domains/continuous/test/auto/ContinuousInDEInput.xml
----------------- Instantiating /home/travis/build/icyphy/ptII/ptolemy/domains/continuous/test/auto/ContinuousInDEInput.xml
17 ms. Memory: 270336K Free: 163641K (61%)
----------------- Invoking toplevel() on ptolemy.moml.MoMLSimpleApplication@95d3cbd
----------------- Done invoking toplevel() on ptolemy.moml.MoMLSimpleApplication@95d3cbd
reloadAllAccessors: .ContinuousInDEInput

===========================================================================================
----------------- testing Sat Feb 22 07:00:24 UTC 2020 /home/travis/build/icyphy/ptII/ptolemy/domains/continuous/test/auto/ContinuousInDEInput2.xml
----------------- Instantiating /home/travis/build/icyphy/ptII/ptolemy/domains/continuous/test/auto/ContinuousInDEInput2.xml
14 ms. Memory: 270336K Free: 156473K (58%)
----------------- Invoking toplevel() on ptolemy.moml.MoMLSimpleApplication@480d798a
----------------- Done invoking toplevel() on ptolemy.moml.MoMLSimpleApplication@480d798a
reloadAllAccessors: .ContinuousInDEInput2

===========================================================================================
----------------- testing Sat Feb 22 07:00:24 UTC 2020 /home/travis/build/icyphy/ptII/ptolemy/domains/continuous/test/auto/ContinuousInDEInput3.xml
----------------- Instantiating /home/travis/build/icyphy/ptII/ptolemy/domains/continuous/test/auto/ContinuousInDEInput3.xml
15 ms. Memory: 270336K Free: 149305K (55%)
----------------- Invoking toplevel() on ptolemy.moml.MoMLSimpleApplication@5aa1eac3
----------------- Done invoking toplevel() on ptolemy.moml.MoMLSimpleApplication@5aa1eac3
reloadAllAccessors: .ContinuousInDEInput3

===========================================================================================
----------------- testing Sat Feb 22 07:00:24 UTC 2020 /home/travis/build/icyphy/ptII/ptolemy/domains/continuous/test/auto/ContinuousInDESharingRefinement.xml
----------------- Instantiating /home/travis/build/icyphy/ptII/ptolemy/domains/continuous/test/auto/ContinuousInDESharingRefinement.xml
167 ms. Memory: 270336K Free: 216032K (80%)
----------------- Invoking toplevel() on ptolemy.moml.MoMLSimpleApplication@68b80e70
----------------- Done invoking toplevel() on ptolemy.moml.MoMLSimpleApplication@68b80e70
reloadAllAccessors: .ContinuousInDESharingRefinement

===========================================================================================
----------------- testing Sat Feb 22 07:00:25 UTC 2020 /home/travis/build/icyphy/ptII/ptolemy/domains/continuous/test/auto/ContinuousInDEwithNoPorts.xml
----------------- Instantiating /home/travis/build/icyphy/ptII/ptolemy/domains/continuous/test/auto/ContinuousInDEwithNoPorts.xml
4 ms. Memory: 270336K Free: 211426K (78%)
----------------- Invoking toplevel() on ptolemy.moml.MoMLSimpleApplication@6a214458
----------------- Done invoking toplevel() on ptolemy.moml.MoMLSimpleApplication@6a214458
reloadAllAccessors: .ContinuousInDEwithNoPorts

===========================================================================================
----------------- testing Sat Feb 22 07:00:25 UTC 2020 /home/travis/build/icyphy/ptII/ptolemy/domains/continuous/test/auto/ContinuousInsideDE.xml
----------------- Instantiating /home/travis/build/icyphy/ptII/ptolemy/domains/continuous/test/auto/ContinuousInsideDE.xml
35 ms. Memory: 270336K Free: 200162K (74%)
----------------- Invoking toplevel() on ptolemy.moml.MoMLSimpleApplication@6d4a5d09
----------------- Done invoking toplevel() on ptolemy.moml.MoMLSimpleApplication@6d4a5d09
reloadAllAccessors: .ContinuousInsideDE

===========================================================================================
----------------- testing Sat Feb 22 07:00:25 UTC 2020 /home/travis/build/icyphy/ptII/ptolemy/domains/continuous/test/auto/ContinuousMerge1.xml
----------------- Instantiating /home/travis/build/icyphy/ptII/ptolemy/domains/continuous/test/auto/ContinuousMerge1.xml
2 ms. Memory: 270336K Free: 195538K (72%)
----------------- Invoking toplevel() on ptolemy.moml.MoMLSimpleApplication@48683a1f
----------------- Done invoking toplevel() on ptolemy.moml.MoMLSimpleApplication@48683a1f
reloadAllAccessors: .ContinuousMerge1

===========================================================================================
----------------- testing Sat Feb 22 07:00:25 UTC 2020 /home/travis/build/icyphy/ptII/ptolemy/domains/continuous/test/auto/ContinuousMerge2.xml
----------------- Instantiating /home/travis/build/icyphy/ptII/ptolemy/domains/continuous/test/auto/ContinuousMerge2.xml
14 ms. Memory: 270336K Free: 185312K (69%)
----------------- Invoking toplevel() on ptolemy.moml.MoMLSimpleApplication@457a1776
----------------- Done invoking toplevel() on ptolemy.moml.MoMLSimpleApplication@457a1776
reloadAllAccessors: .ContinuousMerge2

===========================================================================================
----------------- testing Sat Feb 22 07:00:25 UTC 2020 /home/travis/build/icyphy/ptII/ptolemy/domains/continuous/test/auto/ContinuousMerge3.xml
----------------- Instantiating /home/travis/build/icyphy/ptII/ptolemy/domains/continuous/test/auto/ContinuousMerge3.xml
35 ms. Memory: 270336K Free: 174562K (65%)
----------------- Invoking toplevel() on ptolemy.moml.MoMLSimpleApplication@50bce694
----------------- Done invoking toplevel() on ptolemy.moml.MoMLSimpleApplication@50bce694
reloadAllAccessors: .ContinuousMerge3

===========================================================================================
----------------- testing Sat Feb 22 07:00:25 UTC 2020 /home/travis/build/icyphy/ptII/ptolemy/domains/continuous/test/auto/ContinuousWithinContinuous.xml
----------------- Instantiating /home/travis/build/icyphy/ptII/ptolemy/domains/continuous/test/auto/ContinuousWithinContinuous.xml
35 ms. Memory: 270336K Free: 165346K (61%)
----------------- Invoking toplevel() on ptolemy.moml.MoMLSimpleApplication@6447255e
----------------- Done invoking toplevel() on ptolemy.moml.MoMLSimpleApplication@6447255e
reloadAllAccessors: .ContinuousWithinContinuous

===========================================================================================
----------------- testing Sat Feb 22 07:00:25 UTC 2020 /home/travis/build/icyphy/ptII/ptolemy/domains/continuous/test/auto/ContinuousWithinContinuous2.xml
----------------- Instantiating /home/travis/build/icyphy/ptII/ptolemy/domains/continuous/test/auto/ContinuousWithinContinuous2.xml
65 ms. Memory: 270336K Free: 155106K (57%)
----------------- Invoking toplevel() on ptolemy.moml.MoMLSimpleApplication@3859e7bc
----------------- Done invoking toplevel() on ptolemy.moml.MoMLSimpleApplication@3859e7bc
reloadAllAccessors: .ContinuousWithinContinuous2

===========================================================================================
----------------- testing Sat Feb 22 07:00:25 UTC 2020 /home/travis/build/icyphy/ptII/ptolemy/domains/continuous/test/auto/ContinuousWithinContinuous3.xml
----------------- Instantiating /home/travis/build/icyphy/ptII/ptolemy/domains/continuous/test/auto/ContinuousWithinContinuous3.xml
15 ms. Memory: 270336K Free: 147938K (55%)
----------------- Invoking toplevel() on ptolemy.moml.MoMLSimpleApplication@4d0842fd
----------------- Done invoking toplevel() on ptolemy.moml.MoMLSimpleApplication@4d0842fd
reloadAllAccessors: .ContinuousWithinContinuous3

===========================================================================================
----------------- testing Sat Feb 22 07:00:25 UTC 2020 /home/travis/build/icyphy/ptII/ptolemy/domains/continuous/test/auto/ContinuousWithinContinuous4.xml
----------------- Instantiating /home/travis/build/icyphy/ptII/ptolemy/domains/continuous/test/auto/ContinuousWithinContinuous4.xml
68 ms. Memory: 270336K Free: 135650K (50%)
----------------- Invoking toplevel() on ptolemy.moml.MoMLSimpleApplication@6ccc285b
----------------- Done invoking toplevel() on ptolemy.moml.MoMLSimpleApplication@6ccc285b
reloadAllAccessors: .ContinuousWithinContinuous4

===========================================================================================
----------------- testing Sat Feb 22 07:00:25 UTC 2020 /home/travis/build/icyphy/ptII/ptolemy/domains/continuous/test/auto/ContinuousWithinContinuous5.xml
----------------- Instantiating /home/travis/build/icyphy/ptII/ptolemy/domains/continuous/test/auto/ContinuousWithinContinuous5.xml
12 ms. Memory: 270336K Free: 128482K (48%)
----------------- Invoking toplevel() on ptolemy.moml.MoMLSimpleApplication@5173bc4d
----------------- Done invoking toplevel() on ptolemy.moml.MoMLSimpleApplication@5173bc4d
reloadAllAccessors: .ContinuousWithinContinuous5

===========================================================================================
----------------- testing Sat Feb 22 07:00:25 UTC 2020 /home/travis/build/icyphy/ptII/ptolemy/domains/continuous/test/auto/ContinuousWithinContinuous6.xml
----------------- Instantiating /home/travis/build/icyphy/ptII/ptolemy/domains/continuous/test/auto/ContinuousWithinContinuous6.xml
14 ms. Memory: 270336K Free: 121824K (45%)
----------------- Invoking toplevel() on ptolemy.moml.MoMLSimpleApplication@741ba727
----------------- Done invoking toplevel() on ptolemy.moml.MoMLSimpleApplication@741ba727
reloadAllAccessors: .ContinuousWithinContinuous6

===========================================================================================
----------------- testing Sat Feb 22 07:00:25 UTC 2020 /home/travis/build/icyphy/ptII/ptolemy/domains/continuous/test/auto/ContinuousWithinContinuous7.xml
----------------- Instantiating /home/travis/build/icyphy/ptII/ptolemy/domains/continuous/test/auto/ContinuousWithinContinuous7.xml
57 ms. Memory: 270336K Free: 111074K (41%)
----------------- Invoking toplevel() on ptolemy.moml.MoMLSimpleApplication@70d9d0d0
----------------- Done invoking toplevel() on ptolemy.moml.MoMLSimpleApplication@70d9d0d0
reloadAllAccessors: .ContinuousWithinContinuous7

===========================================================================================
----------------- testing Sat Feb 22 07:00:25 UTC 2020 /home/travis/build/icyphy/ptII/ptolemy/domains/continuous/test/auto/DCMotor.xml
----------------- Instantiating /home/travis/build/icyphy/ptII/ptolemy/domains/continuous/test/auto/DCMotor.xml
12762 ms. Memory: 270336K Free: 109588K (41%)
----------------- Invoking toplevel() on ptolemy.moml.MoMLSimpleApplication@56917e49
----------------- Done invoking toplevel() on ptolemy.moml.MoMLSimpleApplication@56917e49
reloadAllAccessors: .DCMotor

===========================================================================================
----------------- testing Sat Feb 22 07:00:38 UTC 2020 /home/travis/build/icyphy/ptII/ptolemy/domains/continuous/test/auto/DEInContinuous.xml
----------------- Instantiating /home/travis/build/icyphy/ptII/ptolemy/domains/continuous/test/auto/DEInContinuous.xml
21 ms. Memory: 270336K Free: 103444K (38%)
----------------- Invoking toplevel() on ptolemy.moml.MoMLSimpleApplication@7e4d1ee7
----------------- Done invoking toplevel() on ptolemy.moml.MoMLSimpleApplication@7e4d1ee7
reloadAllAccessors: .DEInContinuous

===========================================================================================
----------------- testing Sat Feb 22 07:00:38 UTC 2020 /home/travis/build/icyphy/ptII/ptolemy/domains/continuous/test/auto/DEinContinuous2.xml
----------------- Instantiating /home/travis/build/icyphy/ptII/ptolemy/domains/continuous/test/auto/DEinContinuous2.xml
5 ms. Memory: 270336K Free: 95748K (35%)
----------------- Invoking toplevel() on ptolemy.moml.MoMLSimpleApplication@1a1661cd
----------------- Done invoking toplevel() on ptolemy.moml.MoMLSimpleApplication@1a1661cd
reloadAllAccessors: .DEinContinuous2

===========================================================================================
----------------- testing Sat Feb 22 07:00:38 UTC 2020 /home/travis/build/icyphy/ptII/ptolemy/domains/continuous/test/auto/Derivative.xml
----------------- Instantiating /home/travis/build/icyphy/ptII/ptolemy/domains/continuous/test/auto/Derivative.xml
138 ms. Memory: 270336K Free: 227005K (84%)
----------------- Invoking toplevel() on ptolemy.moml.MoMLSimpleApplication@2cd564b9
----------------- Done invoking toplevel() on ptolemy.moml.MoMLSimpleApplication@2cd564b9
reloadAllAccessors: .Derivative2

===========================================================================================
----------------- testing Sat Feb 22 07:00:38 UTC 2020 /home/travis/build/icyphy/ptII/ptolemy/domains/continuous/test/auto/Derivative1.xml
----------------- Instantiating /home/travis/build/icyphy/ptII/ptolemy/domains/continuous/test/auto/Derivative1.xml
42 ms. Memory: 270336K Free: 212669K (79%)
----------------- Invoking toplevel() on ptolemy.moml.MoMLSimpleApplication@58f0e97a
----------------- Done invoking toplevel() on ptolemy.moml.MoMLSimpleApplication@58f0e97a
reloadAllAccessors: .Derivative1

===========================================================================================
----------------- testing Sat Feb 22 07:00:38 UTC 2020 /home/travis/build/icyphy/ptII/ptolemy/domains/continuous/test/auto/DiscreteClock.xml
----------------- Instantiating /home/travis/build/icyphy/ptII/ptolemy/domains/continuous/test/auto/DiscreteClock.xml
4 ms. Memory: 270336K Free: 207549K (77%)
----------------- Invoking toplevel() on ptolemy.moml.MoMLSimpleApplication@526707bf
----------------- Done invoking toplevel() on ptolemy.moml.MoMLSimpleApplication@526707bf
reloadAllAccessors: .DiscreteClock

===========================================================================================
----------------- testing Sat Feb 22 07:00:38 UTC 2020 /home/travis/build/icyphy/ptII/ptolemy/domains/continuous/test/auto/EfficiencyCurve.xml
----------------- Instantiating /home/travis/build/icyphy/ptII/ptolemy/domains/continuous/test/auto/EfficiencyCurve.xml
54 ms. Memory: 270336K Free: 198333K (73%)
----------------- Invoking toplevel() on ptolemy.moml.MoMLSimpleApplication@4d74f623
----------------- Done invoking toplevel() on ptolemy.moml.MoMLSimpleApplication@4d74f623
reloadAllAccessors: .EfficiencyCurve

===========================================================================================
----------------- testing Sat Feb 22 07:00:39 UTC 2020 /home/travis/build/icyphy/ptII/ptolemy/domains/continuous/test/auto/ExponentialResponse.xml
----------------- Instantiating /home/travis/build/icyphy/ptII/ptolemy/domains/continuous/test/auto/ExponentialResponse.xml
106 ms. Memory: 270336K Free: 182459K (67%)
----------------- Invoking toplevel() on ptolemy.moml.MoMLSimpleApplication@4e3d6b10
----------------- Done invoking toplevel() on ptolemy.moml.MoMLSimpleApplication@4e3d6b10
reloadAllAccessors: .ExponentialResponse

===========================================================================================
----------------- testing Sat Feb 22 07:00:39 UTC 2020 /home/travis/build/icyphy/ptII/ptolemy/domains/continuous/test/auto/ExponentialResponseRK45.xml
----------------- Instantiating /home/travis/build/icyphy/ptII/ptolemy/domains/continuous/test/auto/ExponentialResponseRK45.xml
28 ms. Memory: 270336K Free: 175805K (65%)
----------------- Invoking toplevel() on ptolemy.moml.MoMLSimpleApplication@5149579d
----------------- Done invoking toplevel() on ptolemy.moml.MoMLSimpleApplication@5149579d
reloadAllAccessors: .ExponentialResponseRK45

===========================================================================================
----------------- testing Sat Feb 22 07:00:39 UTC 2020 /home/travis/build/icyphy/ptII/ptolemy/domains/continuous/test/auto/Friction.xml
----------------- Instantiating /home/travis/build/icyphy/ptII/ptolemy/domains/continuous/test/auto/Friction.xml
1525 ms. Memory: 270336K Free: 234450K (87%)
----------------- Invoking toplevel() on ptolemy.moml.MoMLSimpleApplication@34fa89bf
----------------- Done invoking toplevel() on ptolemy.moml.MoMLSimpleApplication@34fa89bf
reloadAllAccessors: .Friction

===========================================================================================
----------------- testing Sat Feb 22 07:00:40 UTC 2020 /home/travis/build/icyphy/ptII/ptolemy/domains/continuous/test/auto/FurutaPendulum.xml
----------------- Instantiating /home/travis/build/icyphy/ptII/ptolemy/domains/continuous/test/auto/FurutaPendulum.xml
2904 ms. Memory: 270336K Free: 224683K (83%)
----------------- Invoking toplevel() on ptolemy.moml.MoMLSimpleApplication@6da6b25d
----------------- Done invoking toplevel() on ptolemy.moml.MoMLSimpleApplication@6da6b25d
reloadAllAccessors: .FurutaPendulum

===========================================================================================
----------------- testing Sat Feb 22 07:00:43 UTC 2020 /home/travis/build/icyphy/ptII/ptolemy/domains/continuous/test/auto/HierarchicalExecution.xml
----------------- Instantiating /home/travis/build/icyphy/ptII/ptolemy/domains/continuous/test/auto/HierarchicalExecution.xml
1694 ms. Memory: 270336K Free: 94616K (35%)
----------------- Invoking toplevel() on ptolemy.moml.MoMLSimpleApplication@c4fd094
----------------- Done invoking toplevel() on ptolemy.moml.MoMLSimpleApplication@c4fd094
reloadAllAccessors: .HierarchicalExecution

===========================================================================================
----------------- testing Sat Feb 22 07:00:45 UTC 2020 /home/travis/build/icyphy/ptII/ptolemy/domains/continuous/test/auto/HybridPlant.xml
----------------- Instantiating /home/travis/build/icyphy/ptII/ptolemy/domains/continuous/test/auto/HybridPlant.xml
512 ms. Memory: 270336K Free: 145954K (54%)
----------------- Invoking toplevel() on ptolemy.moml.MoMLSimpleApplication@12753ec2
----------------- Done invoking toplevel() on ptolemy.moml.MoMLSimpleApplication@12753ec2
reloadAllAccessors: .HybridPlant

===========================================================================================
----------------- testing Sat Feb 22 07:00:46 UTC 2020 /home/travis/build/icyphy/ptII/ptolemy/domains/continuous/test/auto/Hysteresis.xml
----------------- Instantiating /home/travis/build/icyphy/ptII/ptolemy/domains/continuous/test/auto/Hysteresis.xml
146 ms. Memory: 270336K Free: 244786K (91%)
----------------- Invoking toplevel() on ptolemy.moml.MoMLSimpleApplication@6da9eab0
----------------- Done invoking toplevel() on ptolemy.moml.MoMLSimpleApplication@6da9eab0
reloadAllAccessors: .Hysteresis

===========================================================================================
----------------- testing Sat Feb 22 07:00:46 UTC 2020 /home/travis/build/icyphy/ptII/ptolemy/domains/continuous/test/auto/HysteresisWithRandomDelay.xml
----------------- Instantiating /home/travis/build/icyphy/ptII/ptolemy/domains/continuous/test/auto/HysteresisWithRandomDelay.xml
181 ms. Memory: 270336K Free: 173106K (64%)
----------------- Invoking toplevel() on ptolemy.moml.MoMLSimpleApplication@6173f64f
----------------- Done invoking toplevel() on ptolemy.moml.MoMLSimpleApplication@6173f64f
reloadAllAccessors: .HysteresisWithRandomDelay

===========================================================================================
----------------- testing Sat Feb 22 07:00:46 UTC 2020 /home/travis/build/icyphy/ptII/ptolemy/domains/continuous/test/auto/HysteresisWithRandomLosses.xml
----------------- Instantiating /home/travis/build/icyphy/ptII/ptolemy/domains/continuous/test/auto/HysteresisWithRandomLosses.xml
2228 ms. Memory: 270336K Free: 233348K (86%)
----------------- Invoking toplevel() on ptolemy.moml.MoMLSimpleApplication@7aca63cb
----------------- Done invoking toplevel() on ptolemy.moml.MoMLSimpleApplication@7aca63cb
reloadAllAccessors: .HysteresisWithRandomLosses

===========================================================================================
----------------- testing Sat Feb 22 07:00:49 UTC 2020 /home/travis/build/icyphy/ptII/ptolemy/domains/continuous/test/auto/ImmediateTransitions.xml
----------------- Instantiating /home/travis/build/icyphy/ptII/ptolemy/domains/continuous/test/auto/ImmediateTransitions.xml
10 ms. Memory: 270336K Free: 222084K (82%)
----------------- Invoking toplevel() on ptolemy.moml.MoMLSimpleApplication@7f12ce40
----------------- Done invoking toplevel() on ptolemy.moml.MoMLSimpleApplication@7f12ce40
reloadAllAccessors: .ImmediateTransitions

===========================================================================================
----------------- testing Sat Feb 22 07:00:49 UTC 2020 /home/travis/build/icyphy/ptII/ptolemy/domains/continuous/test/auto/ImpulseFeedback.xml
----------------- Instantiating /home/travis/build/icyphy/ptII/ptolemy/domains/continuous/test/auto/ImpulseFeedback.xml
6 ms. Memory: 270336K Free: 216468K (80%)
----------------- Invoking toplevel() on ptolemy.moml.MoMLSimpleApplication@65acf5c
----------------- Done invoking toplevel() on ptolemy.moml.MoMLSimpleApplication@65acf5c
reloadAllAccessors: .ImpulseFeedback

===========================================================================================
----------------- testing Sat Feb 22 07:00:49 UTC 2020 /home/travis/build/icyphy/ptII/ptolemy/domains/continuous/test/auto/ImpulseFeedback2.xml
----------------- Instantiating /home/travis/build/icyphy/ptII/ptolemy/domains/continuous/test/auto/ImpulseFeedback2.xml
5 ms. Memory: 270336K Free: 210834K (78%)
----------------- Invoking toplevel() on ptolemy.moml.MoMLSimpleApplication@2953869b
----------------- Done invoking toplevel() on ptolemy.moml.MoMLSimpleApplication@2953869b
reloadAllAccessors: .ImpulseFeedback2

===========================================================================================
----------------- testing Sat Feb 22 07:00:49 UTC 2020 /home/travis/build/icyphy/ptII/ptolemy/domains/continuous/test/auto/IncreasingRatePoisson.xml
----------------- Instantiating /home/travis/build/icyphy/ptII/ptolemy/domains/continuous/test/auto/IncreasingRatePoisson.xml
720 ms. Memory: 324608K Free: 304863K (94%)
----------------- Invoking toplevel() on ptolemy.moml.MoMLSimpleApplication@16aefceb
----------------- Done invoking toplevel() on ptolemy.moml.MoMLSimpleApplication@16aefceb
reloadAllAccessors: .IncreasingRatePoisson

===========================================================================================
----------------- testing Sat Feb 22 07:00:50 UTC 2020 /home/travis/build/icyphy/ptII/ptolemy/domains/continuous/test/auto/InitialStateFeedback.xml
----------------- Instantiating /home/travis/build/icyphy/ptII/ptolemy/domains/continuous/test/auto/InitialStateFeedback.xml
7 ms. Memory: 324608K Free: 300271K (93%)
----------------- Invoking toplevel() on ptolemy.moml.MoMLSimpleApplication@6ab4f6be
----------------- Done invoking toplevel() on ptolemy.moml.MoMLSimpleApplication@6ab4f6be
reloadAllAccessors: .InitialStateFeedback

===========================================================================================
----------------- testing Sat Feb 22 07:00:50 UTC 2020 /home/travis/build/icyphy/ptII/ptolemy/domains/continuous/test/auto/Integration.xml
----------------- Instantiating /home/travis/build/icyphy/ptII/ptolemy/domains/continuous/test/auto/Integration.xml
2 ms. Memory: 324608K Free: 296175K (91%)
----------------- Invoking toplevel() on ptolemy.moml.MoMLSimpleApplication@23cf61a7
----------------- Done invoking toplevel() on ptolemy.moml.MoMLSimpleApplication@23cf61a7
reloadAllAccessors: .Integration

===========================================================================================
----------------- testing Sat Feb 22 07:00:50 UTC 2020 /home/travis/build/icyphy/ptII/ptolemy/domains/continuous/test/auto/Integration2.xml
----------------- Instantiating /home/travis/build/icyphy/ptII/ptolemy/domains/continuous/test/auto/Integration2.xml
84 ms. Memory: 324608K Free: 281839K (87%)
----------------- Invoking toplevel() on ptolemy.moml.MoMLSimpleApplication@44beaa41
----------------- Done invoking toplevel() on ptolemy.moml.MoMLSimpleApplication@44beaa41
reloadAllAccessors: .Integration2

===========================================================================================
----------------- testing Sat Feb 22 07:00:50 UTC 2020 /home/travis/build/icyphy/ptII/ptolemy/domains/continuous/test/auto/Integration3.xml
----------------- Instantiating /home/travis/build/icyphy/ptII/ptolemy/domains/continuous/test/auto/Integration3.xml
1 ms. Memory: 324608K Free: 277229K (85%)
----------------- Invoking toplevel() on ptolemy.moml.MoMLSimpleApplication@529f9d3d
----------------- Done invoking toplevel() on ptolemy.moml.MoMLSimpleApplication@529f9d3d
reloadAllAccessors: .Integration3

===========================================================================================
----------------- testing Sat Feb 22 07:00:50 UTC 2020 /home/travis/build/icyphy/ptII/ptolemy/domains/continuous/test/auto/Integration5.xml
----------------- Instantiating /home/travis/build/icyphy/ptII/ptolemy/domains/continuous/test/auto/Integration5.xml
3 ms. Memory: 324608K Free: 273133K (84%)
----------------- Invoking toplevel() on ptolemy.moml.MoMLSimpleApplication@1d9320a9
----------------- Done invoking toplevel() on ptolemy.moml.MoMLSimpleApplication@1d9320a9
reloadAllAccessors: .Integration5

===========================================================================================
----------------- testing Sat Feb 22 07:00:50 UTC 2020 /home/travis/build/icyphy/ptII/ptolemy/domains/continuous/test/auto/IntegratorImpulse.xml
----------------- Instantiating /home/travis/build/icyphy/ptII/ptolemy/domains/continuous/test/auto/IntegratorImpulse.xml
3 ms. Memory: 324608K Free: 269037K (83%)
----------------- Invoking toplevel() on ptolemy.moml.MoMLSimpleApplication@77270ba
----------------- Done invoking toplevel() on ptolemy.moml.MoMLSimpleApplication@77270ba
reloadAllAccessors: .IntegratorImpulse

===========================================================================================
----------------- testing Sat Feb 22 07:00:50 UTC 2020 /home/travis/build/icyphy/ptII/ptolemy/domains/continuous/test/auto/IntegratorImpulse2.xml
----------------- Instantiating /home/travis/build/icyphy/ptII/ptolemy/domains/continuous/test/auto/IntegratorImpulse2.xml
5 ms. Memory: 324608K Free: 264431K (81%)
----------------- Invoking toplevel() on ptolemy.moml.MoMLSimpleApplication@28c65873
----------------- Done invoking toplevel() on ptolemy.moml.MoMLSimpleApplication@28c65873
reloadAllAccessors: .IntegratorImpulse2

===========================================================================================
----------------- testing Sat Feb 22 07:00:50 UTC 2020 /home/travis/build/icyphy/ptII/ptolemy/domains/continuous/test/auto/LevelCrossing1.xml
----------------- Instantiating /home/travis/build/icyphy/ptII/ptolemy/domains/continuous/test/auto/LevelCrossing1.xml
2 ms. Memory: 324608K Free: 259311K (80%)
----------------- Invoking toplevel() on ptolemy.moml.MoMLSimpleApplication@23664b2a
----------------- Done invoking toplevel() on ptolemy.moml.MoMLSimpleApplication@23664b2a
reloadAllAccessors: .LevelCrossing1

===========================================================================================
----------------- testing Sat Feb 22 07:00:50 UTC 2020 /home/travis/build/icyphy/ptII/ptolemy/domains/continuous/test/auto/LevelCrossing2.xml
----------------- Instantiating /home/travis/build/icyphy/ptII/ptolemy/domains/continuous/test/auto/LevelCrossing2.xml
2 ms. Memory: 324608K Free: 254191K (78%)
----------------- Invoking toplevel() on ptolemy.moml.MoMLSimpleApplication@2621b62d
----------------- Done invoking toplevel() on ptolemy.moml.MoMLSimpleApplication@2621b62d
reloadAllAccessors: .LevelCrossing2

===========================================================================================
----------------- testing Sat Feb 22 07:00:50 UTC 2020 /home/travis/build/icyphy/ptII/ptolemy/domains/continuous/test/auto/LevelCrossing3.xml
----------------- Instantiating /home/travis/build/icyphy/ptII/ptolemy/domains/continuous/test/auto/LevelCrossing3.xml
2 ms. Memory: 324608K Free: 249071K (77%)
----------------- Invoking toplevel() on ptolemy.moml.MoMLSimpleApplication@45337af5
----------------- Done invoking toplevel() on ptolemy.moml.MoMLSimpleApplication@45337af5
reloadAllAccessors: .LevelCrossing3

===========================================================================================
----------------- testing Sat Feb 22 07:00:50 UTC 2020 /home/travis/build/icyphy/ptII/ptolemy/domains/continuous/test/auto/LevelCrossing4.xml
----------------- Instantiating /home/travis/build/icyphy/ptII/ptolemy/domains/continuous/test/auto/LevelCrossing4.xml
3 ms. Memory: 324608K Free: 243951K (75%)
----------------- Invoking toplevel() on ptolemy.moml.MoMLSimpleApplication@7f942ee
----------------- Done invoking toplevel() on ptolemy.moml.MoMLSimpleApplication@7f942ee
reloadAllAccessors: .LevelCrossing4

===========================================================================================
----------------- testing Sat Feb 22 07:00:50 UTC 2020 /home/travis/build/icyphy/ptII/ptolemy/domains/continuous/test/auto/LevelCrossing5.xml
----------------- Instantiating /home/travis/build/icyphy/ptII/ptolemy/domains/continuous/test/auto/LevelCrossing5.xml
2 ms. Memory: 324608K Free: 238831K (74%)
----------------- Invoking toplevel() on ptolemy.moml.MoMLSimpleApplication@15574897
----------------- Done invoking toplevel() on ptolemy.moml.MoMLSimpleApplication@15574897
reloadAllAccessors: .LevelCrossing5

===========================================================================================
[...]
reloadAllAccessors: .ResetTransitionWithStartTime6

===========================================================================================
----------------- testing Sat Feb 22 07:01:05 UTC 2020 /home/travis/build/icyphy/ptII/ptolemy/domains/continuous/test/auto/SRinContinuous.xml
----------------- Instantiating /home/travis/build/icyphy/ptII/ptolemy/domains/continuous/test/auto/SRinContinuous.xml
4 ms. Memory: 324608K Free: 258564K (80%)
----------------- Invoking toplevel() on ptolemy.moml.MoMLSimpleApplication@65f55be0
----------------- Done invoking toplevel() on ptolemy.moml.MoMLSimpleApplication@65f55be0
reloadAllAccessors: .SRinContinuous

===========================================================================================
----------------- testing Sat Feb 22 07:01:05 UTC 2020 /home/travis/build/icyphy/ptII/ptolemy/domains/continuous/test/auto/SampledClocks.xml
----------------- Instantiating /home/travis/build/icyphy/ptII/ptolemy/domains/continuous/test/auto/SampledClocks.xml
4 ms. Memory: 324608K Free: 245766K (76%)
----------------- Invoking toplevel() on ptolemy.moml.MoMLSimpleApplication@77d8db4a
----------------- Done invoking toplevel() on ptolemy.moml.MoMLSimpleApplication@77d8db4a
reloadAllAccessors: .SampledClocks

===========================================================================================
----------------- testing Sat Feb 22 07:01:05 UTC 2020 /home/travis/build/icyphy/ptII/ptolemy/domains/continuous/test/auto/Satellite.xml
----------------- Instantiating /home/travis/build/icyphy/ptII/ptolemy/domains/continuous/test/auto/Satellite.xml
583 ms. Memory: 324608K Free: 243955K (75%)
----------------- Invoking toplevel() on ptolemy.moml.MoMLSimpleApplication@6f6dcbf9
----------------- Done invoking toplevel() on ptolemy.moml.MoMLSimpleApplication@6f6dcbf9
reloadAllAccessors: .Satellite

===========================================================================================
----------------- testing Sat Feb 22 07:01:05 UTC 2020 /home/travis/build/icyphy/ptII/ptolemy/domains/continuous/test/auto/SigmaDelta.xml
----------------- Instantiating /home/travis/build/icyphy/ptII/ptolemy/domains/continuous/test/auto/SigmaDelta.xml
2067 ms. Memory: 324608K Free: 173275K (53%)
----------------- Invoking toplevel() on ptolemy.moml.MoMLSimpleApplication@7cda7671
----------------- Done invoking toplevel() on ptolemy.moml.MoMLSimpleApplication@7cda7671
reloadAllAccessors: .SigmaDelta

===========================================================================================
----------------- testing Sat Feb 22 07:01:08 UTC 2020 /home/travis/build/icyphy/ptII/ptolemy/domains/continuous/test/auto/SingleRefinement.xml
----------------- Instantiating /home/travis/build/icyphy/ptII/ptolemy/domains/continuous/test/auto/SingleRefinement.xml
309 ms. Memory: 324608K Free: 182142K (56%)
----------------- Invoking toplevel() on ptolemy.moml.MoMLSimpleApplication@6a2ef5f4
----------------- Done invoking toplevel() on ptolemy.moml.MoMLSimpleApplication@6a2ef5f4
reloadAllAccessors: .SingleRefinement

===========================================================================================
----------------- testing Sat Feb 22 07:01:08 UTC 2020 /home/travis/build/icyphy/ptII/ptolemy/domains/continuous/test/auto/SinuBouncingBall.xml
----------------- Instantiating /home/travis/build/icyphy/ptII/ptolemy/domains/continuous/test/auto/SinuBouncingBall.xml
799 ms. Memory: 324608K Free: 159722K (49%)
----------------- Invoking toplevel() on ptolemy.moml.MoMLSimpleApplication@1f580046
----------------- Done invoking toplevel() on ptolemy.moml.MoMLSimpleApplication@1f580046
reloadAllAccessors: .SinuBouncingBall

===========================================================================================
----------------- testing Sat Feb 22 07:01:09 UTC 2020 /home/travis/build/icyphy/ptII/ptolemy/domains/continuous/test/auto/Sinusoid.xml
----------------- Instantiating /home/travis/build/icyphy/ptII/ptolemy/domains/continuous/test/auto/Sinusoid.xml
4 ms. Memory: 324608K Free: 155130K (48%)
----------------- Invoking toplevel() on ptolemy.moml.MoMLSimpleApplication@3065438f
----------------- Done invoking toplevel() on ptolemy.moml.MoMLSimpleApplication@3065438f
reloadAllAccessors: .Sinusoid

===========================================================================================
----------------- testing Sat Feb 22 07:01:09 UTC 2020 /home/travis/build/icyphy/ptII/ptolemy/domains/continuous/test/auto/SinusoidInNoise.xml
----------------- Instantiating /home/travis/build/icyphy/ptII/ptolemy/domains/continuous/test/auto/SinusoidInNoise.xml
852 ms. Memory: 324608K Free: 213201K (66%)
----------------- Invoking toplevel() on ptolemy.moml.MoMLSimpleApplication@3dad5838
----------------- Done invoking toplevel() on ptolemy.moml.MoMLSimpleApplication@3dad5838
reloadAllAccessors: .SinusoidInNoise

===========================================================================================
----------------- testing Sat Feb 22 07:01:10 UTC 2020 /home/travis/build/icyphy/ptII/ptolemy/domains/continuous/test/auto/SinusoidRK45.xml
----------------- Instantiating /home/travis/build/icyphy/ptII/ptolemy/domains/continuous/test/auto/SinusoidRK45.xml
2 ms. Memory: 324608K Free: 209101K (64%)
----------------- Invoking toplevel() on ptolemy.moml.MoMLSimpleApplication@217b693c
----------------- Done invoking toplevel() on ptolemy.moml.MoMLSimpleApplication@217b693c
reloadAllAccessors: .SinusoidRK45

===========================================================================================
----------------- testing Sat Feb 22 07:01:10 UTC 2020 /home/travis/build/icyphy/ptII/ptolemy/domains/continuous/test/auto/SinusoidWithMultipleImpulses.xml
----------------- Instantiating /home/travis/build/icyphy/ptII/ptolemy/domains/continuous/test/auto/SinusoidWithMultipleImpulses.xml
2 ms. Memory: 324608K Free: 204491K (63%)
----------------- Invoking toplevel() on ptolemy.moml.MoMLSimpleApplication@486e8f3e
----------------- Done invoking toplevel() on ptolemy.moml.MoMLSimpleApplication@486e8f3e
reloadAllAccessors: .SinusoidWithMultipleImpulses

===========================================================================================
----------------- testing Sat Feb 22 07:01:10 UTC 2020 /home/travis/build/icyphy/ptII/ptolemy/domains/continuous/test/auto/SquareWave.xml
----------------- Instantiating /home/travis/build/icyphy/ptII/ptolemy/domains/continuous/test/auto/SquareWave.xml
132 ms. Memory: 324608K Free: 176843K (54%)
----------------- Invoking toplevel() on ptolemy.moml.MoMLSimpleApplication@5c1290f7
----------------- Done invoking toplevel() on ptolemy.moml.MoMLSimpleApplication@5c1290f7
reloadAllAccessors: .SquareWave

===========================================================================================
----------------- testing Sat Feb 22 07:01:10 UTC 2020 /home/travis/build/icyphy/ptII/ptolemy/domains/continuous/test/auto/Starmac.xml
----------------- Instantiating /home/travis/build/icyphy/ptII/ptolemy/domains/continuous/test/auto/Starmac.xml
3058 ms. Memory: 324608K Free: 244088K (75%)
----------------- Invoking toplevel() on ptolemy.moml.MoMLSimpleApplication@7f809d56
----------------- Done invoking toplevel() on ptolemy.moml.MoMLSimpleApplication@7f809d56
reloadAllAccessors: .Starmac

===========================================================================================
----------------- testing Sat Feb 22 07:01:13 UTC 2020 /home/travis/build/icyphy/ptII/ptolemy/domains/continuous/test/auto/StaticUnits.xml
----------------- Instantiating /home/travis/build/icyphy/ptII/ptolemy/domains/continuous/test/auto/StaticUnits.xml
1751 ms. Memory: 324608K Free: 160963K (50%)
----------------- Invoking toplevel() on ptolemy.moml.MoMLSimpleApplication@34e4497e
----------------- Done invoking toplevel() on ptolemy.moml.MoMLSimpleApplication@34e4497e
reloadAllAccessors: .StaticUnits

===========================================================================================
----------------- testing Sat Feb 22 07:01:16 UTC 2020 /home/travis/build/icyphy/ptII/ptolemy/domains/continuous/test/auto/StickyMasses.xml
----------------- Instantiating /home/travis/build/icyphy/ptII/ptolemy/domains/continuous/test/auto/StickyMasses.xml
141 ms. Memory: 324608K Free: 300319K (93%)
----------------- Invoking toplevel() on ptolemy.moml.MoMLSimpleApplication@2ceded29
----------------- Done invoking toplevel() on ptolemy.moml.MoMLSimpleApplication@2ceded29
reloadAllAccessors: .StickyMasses

===========================================================================================
----------------- testing Sat Feb 22 07:01:16 UTC 2020 /home/travis/build/icyphy/ptII/ptolemy/domains/continuous/test/auto/StopTime.xml
----------------- Instantiating /home/travis/build/icyphy/ptII/ptolemy/domains/continuous/test/auto/StopTime.xml
36 ms. Memory: 324608K Free: 275214K (85%)
----------------- Invoking toplevel() on ptolemy.moml.MoMLSimpleApplication@39352306
----------------- Done invoking toplevel() on ptolemy.moml.MoMLSimpleApplication@39352306
reloadAllAccessors: .StopTime

===========================================================================================
----------------- testing Sat Feb 22 07:01:16 UTC 2020 /home/travis/build/icyphy/ptII/ptolemy/domains/continuous/test/auto/StopTime2.xml
----------------- Instantiating /home/travis/build/icyphy/ptII/ptolemy/domains/continuous/test/auto/StopTime2.xml
32 ms. Memory: 324608K Free: 253215K (78%)
----------------- Invoking toplevel() on ptolemy.moml.MoMLSimpleApplication@179c2b7a
----------------- Done invoking toplevel() on ptolemy.moml.MoMLSimpleApplication@179c2b7a
reloadAllAccessors: .StopTime2

===========================================================================================
----------------- testing Sat Feb 22 07:01:16 UTC 2020 /home/travis/build/icyphy/ptII/ptolemy/domains/continuous/test/auto/Switch.xml
----------------- Instantiating /home/travis/build/icyphy/ptII/ptolemy/domains/continuous/test/auto/Switch.xml
42 ms. Memory: 324608K Free: 228110K (70%)
----------------- Invoking toplevel() on ptolemy.moml.MoMLSimpleApplication@2f074c37
----------------- Done invoking toplevel() on ptolemy.moml.MoMLSimpleApplication@2f074c37
reloadAllAccessors: .Switch

===========================================================================================
----------------- testing Sat Feb 22 07:01:16 UTC 2020 /home/travis/build/icyphy/ptII/ptolemy/domains/continuous/test/auto/Thermostat.xml
----------------- Instantiating /home/travis/build/icyphy/ptII/ptolemy/domains/continuous/test/auto/Thermostat.xml
206 ms. Memory: 324608K Free: 155935K (48%)
----------------- Invoking toplevel() on ptolemy.moml.MoMLSimpleApplication@4cb22a77
----------------- Done invoking toplevel() on ptolemy.moml.MoMLSimpleApplication@4cb22a77
reloadAllAccessors: .Thermostat

===========================================================================================
----------------- testing Sat Feb 22 07:01:16 UTC 2020 /home/travis/build/icyphy/ptII/ptolemy/domains/continuous/test/auto/TimeDelay.xml
----------------- Instantiating /home/travis/build/icyphy/ptII/ptolemy/domains/continuous/test/auto/TimeDelay.xml
5 ms. Memory: 324608K Free: 151318K (47%)
----------------- Invoking toplevel() on ptolemy.moml.MoMLSimpleApplication@6ba143e1
----------------- Done invoking toplevel() on ptolemy.moml.MoMLSimpleApplication@6ba143e1
reloadAllAccessors: .TimeDelay

===========================================================================================
----------------- testing Sat Feb 22 07:01:16 UTC 2020 /home/travis/build/icyphy/ptII/ptolemy/domains/continuous/test/auto/TimeDelay2.xml
----------------- Instantiating /home/travis/build/icyphy/ptII/ptolemy/domains/continuous/test/auto/TimeDelay2.xml
7 ms. Memory: 324608K Free: 141085K (43%)
----------------- Invoking toplevel() on ptolemy.moml.MoMLSimpleApplication@4b9038e1
----------------- Done invoking toplevel() on ptolemy.moml.MoMLSimpleApplication@4b9038e1
reloadAllAccessors: .TimeDelay2

===========================================================================================
----------------- testing Sat Feb 22 07:01:16 UTC 2020 /home/travis/build/icyphy/ptII/ptolemy/domains/continuous/test/auto/TimeDelay3.xml
----------------- Instantiating /home/travis/build/icyphy/ptII/ptolemy/domains/continuous/test/auto/TimeDelay3.xml
5 ms. Memory: 324608K Free: 136479K (42%)
----------------- Invoking toplevel() on ptolemy.moml.MoMLSimpleApplication@2785e78e
----------------- Done invoking toplevel() on ptolemy.moml.MoMLSimpleApplication@2785e78e
reloadAllAccessors: .TimeDelay3

===========================================================================================
----------------- testing Sat Feb 22 07:01:16 UTC 2020 /home/travis/build/icyphy/ptII/ptolemy/domains/continuous/test/auto/TransferAbsentToInside.xml
----------------- Instantiating /home/travis/build/icyphy/ptII/ptolemy/domains/continuous/test/auto/TransferAbsentToInside.xml
30 ms. Memory: 324608K Free: 271642K (84%)
----------------- Invoking toplevel() on ptolemy.moml.MoMLSimpleApplication@282860c0
----------------- Done invoking toplevel() on ptolemy.moml.MoMLSimpleApplication@282860c0
reloadAllAccessors: .TransferAbsentToInside

===========================================================================================
----------------- testing Sat Feb 22 07:01:16 UTC 2020 /home/travis/build/icyphy/ptII/ptolemy/domains/continuous/test/auto/Transmission.xml
----------------- Instantiating /home/travis/build/icyphy/ptII/ptolemy/domains/continuous/test/auto/Transmission.xml
772 ms. Memory: 324608K Free: 230160K (71%)
----------------- Invoking toplevel() on ptolemy.moml.MoMLSimpleApplication@6a53a857
----------------- Done invoking toplevel() on ptolemy.moml.MoMLSimpleApplication@6a53a857
reloadAllAccessors: .Transmission

===========================================================================================
----------------- testing Sat Feb 22 07:01:17 UTC 2020 /home/travis/build/icyphy/ptII/ptolemy/domains/continuous/test/auto/TriggeredContinuousClock.xml
----------------- Instantiating /home/travis/build/icyphy/ptII/ptolemy/domains/continuous/test/auto/TriggeredContinuousClock.xml
36 ms. Memory: 324608K Free: 200464K (62%)
----------------- Invoking toplevel() on ptolemy.moml.MoMLSimpleApplication@15396726
----------------- Done invoking toplevel() on ptolemy.moml.MoMLSimpleApplication@15396726
reloadAllAccessors: .TriggeredContinuousClock

===========================================================================================
----------------- testing Sat Feb 22 07:01:17 UTC 2020 /home/travis/build/icyphy/ptII/ptolemy/domains/continuous/test/auto/TwoMachineInfiniteBusControl.xml
----------------- Instantiating /home/travis/build/icyphy/ptII/ptolemy/domains/continuous/test/auto/TwoMachineInfiniteBusControl.xml
2188 ms. Memory: 324608K Free: 198894K (61%)
----------------- Invoking toplevel() on ptolemy.moml.MoMLSimpleApplication@1b1b961e
----------------- Done invoking toplevel() on ptolemy.moml.MoMLSimpleApplication@1b1b961e
reloadAllAccessors: .TwoMachineInfiniteBusControl

===========================================================================================
----------------- testing Sat Feb 22 07:01:20 UTC 2020 /home/travis/build/icyphy/ptII/ptolemy/domains/continuous/test/auto/V2V.xml
----------------- Instantiating /home/travis/build/icyphy/ptII/ptolemy/domains/continuous/test/auto/V2V.xml
603 ms. Memory: 324608K Free: 199892K (62%)
----------------- Invoking toplevel() on ptolemy.moml.MoMLSimpleApplication@60adb093
----------------- Done invoking toplevel() on ptolemy.moml.MoMLSimpleApplication@60adb093
reloadAllAccessors: .V2V

===========================================================================================
----------------- testing Sat Feb 22 07:01:20 UTC 2020 /home/travis/build/icyphy/ptII/ptolemy/domains/continuous/test/auto/hierarchicalModalModel.xml
----------------- Instantiating /home/travis/build/icyphy/ptII/ptolemy/domains/continuous/test/auto/hierarchicalModalModel.xml
8 ms. Memory: 324608K Free: 185541K (57%)
----------------- Invoking toplevel() on ptolemy.moml.MoMLSimpleApplication@683b615c
----------------- Done invoking toplevel() on ptolemy.moml.MoMLSimpleApplication@683b615c
reloadAllAccessors: .hierarchicalModalModel

===========================================================================================
----------------- testing Sat Feb 22 07:01:20 UTC 2020 /home/travis/build/icyphy/ptII/ptolemy/domains/continuous/test/auto/hierarchicalModalModel1.xml
----------------- Instantiating /home/travis/build/icyphy/ptII/ptolemy/domains/continuous/test/auto/hierarchicalModalModel1.xml
10 ms. Memory: 324608K Free: 171220K (53%)
----------------- Invoking toplevel() on ptolemy.moml.MoMLSimpleApplication@7d382026
----------------- Done invoking toplevel() on ptolemy.moml.MoMLSimpleApplication@7d382026
reloadAllAccessors: .hierarchicalModalModel1

===========================================================================================
----------------- testing Sat Feb 22 07:01:20 UTC 2020 /home/travis/build/icyphy/ptII/ptolemy/domains/continuous/test/auto/hierarchicalModalModel2.xml
----------------- Instantiating /home/travis/build/icyphy/ptII/ptolemy/domains/continuous/test/auto/hierarchicalModalModel2.xml
7 ms. Memory: 324608K Free: 158917K (49%)
----------------- Invoking toplevel() on ptolemy.moml.MoMLSimpleApplication@257f0935
----------------- Done invoking toplevel() on ptolemy.moml.MoMLSimpleApplication@257f0935
reloadAllAccessors: .hierarchicalModalModel2

===========================================================================================
----------------- testing Sat Feb 22 07:01:20 UTC 2020 /home/travis/build/icyphy/ptII/ptolemy/domains/continuous/test/auto/hierarchicalModalModel3.xml
----------------- Instantiating /home/travis/build/icyphy/ptII/ptolemy/domains/continuous/test/auto/hierarchicalModalModel3.xml
6 ms. Memory: 324608K Free: 148182K (46%)
----------------- Invoking toplevel() on ptolemy.moml.MoMLSimpleApplication@8638124
----------------- Done invoking toplevel() on ptolemy.moml.MoMLSimpleApplication@8638124
reloadAllAccessors: .hierarchicalModalModel3

===========================================================================================
----------------- testing Sat Feb 22 07:01:20 UTC 2020 /home/travis/build/icyphy/ptII/ptolemy/domains/continuous/test/auto/hierarchicalModalModel4.xml
----------------- Instantiating /home/travis/build/icyphy/ptII/ptolemy/domains/continuous/test/auto/hierarchicalModalModel4.xml
5 ms. Memory: 324608K Free: 136404K (42%)
----------------- Invoking toplevel() on ptolemy.moml.MoMLSimpleApplication@65b7388b
----------------- Done invoking toplevel() on ptolemy.moml.MoMLSimpleApplication@65b7388b
reloadAllAccessors: .hierarchicalModalModel4

===========================================================================================
----------------- testing Sat Feb 22 07:01:20 UTC 2020 /home/travis/build/icyphy/ptII/ptolemy/domains/continuous/test/auto/junk.xml
----------------- Instantiating /home/travis/build/icyphy/ptII/ptolemy/domains/continuous/test/auto/junk.xml
123 ms. Memory: 324608K Free: 298703K (92%)
----------------- Invoking toplevel() on ptolemy.moml.MoMLSimpleApplication@6de3835
----------------- Done invoking toplevel() on ptolemy.moml.MoMLSimpleApplication@6de3835
reloadAllAccessors: .junk
AutoTests.java: About to close Vertx.
AutoTests.java: Vertx closed.
]]></system-out>
  <system-err><![CDATA[Warning: '.HysteresisWithRandomDelay.NonStrictTest3' The test produced only 20 tokens, yet the correctValues parameter was expecting 30 tokens.
Warning: '.Poisson.NonStrictTest' The test produced only 377 tokens, yet the correctValues parameter was expecting 430 tokens.
]]></system-err>
</testsuite>
