<?xml version="1.0" encoding="UTF-8" ?>
<testsuite errors="0" failures="0" hostname="travis-job-f2164187-37e0-4a61-a780-6ae636cecb72" name="ptolemy.domains.continuous.test.junit.JUnitTclTest" skipped="0" tests="156" time="71.872" timestamp="2019-05-15T17:39:28">
  <properties>
[...]
</properties>
  <testcase classname="ptolemy.util.test.junit.TclTests" name="[0] ThereAreNoTclTests (RunTclFile)" time="0.001" />
  <testcase classname="ptolemy.util.test.junit.AutoKnownFailedTests" name="[0] ThereAreNoKnowFailedTests (RunModel)" time="0.001" />
  <testcase classname="ptolemy.util.test.junit.AutoNameArchTests" name="[0] ThereAreNoAutoArchTests (RunModel)" time="0.002" />
  <testcase classname="ptolemy.util.test.junit.AutoTests" name="[0] /home/travis/build/icyphy/ptII/ptolemy/domains/continuous/test/auto/BouncingBall.xml (RunModel)" time="2.703" />
  <testcase classname="ptolemy.util.test.junit.AutoTests" name="[1] /home/travis/build/icyphy/ptII/ptolemy/domains/continuous/test/auto/BouncingBallWithoutGR.xml (RunModel)" time="0.903" />
  <testcase classname="ptolemy.util.test.junit.AutoTests" name="[2] /home/travis/build/icyphy/ptII/ptolemy/domains/continuous/test/auto/Brownian.xml (RunModel)" time="0.105" />
  <testcase classname="ptolemy.util.test.junit.AutoTests" name="[3] /home/travis/build/icyphy/ptII/ptolemy/domains/continuous/test/auto/CarTracking.xml (RunModel)" time="3.749" />
  <testcase classname="ptolemy.util.test.junit.AutoTests" name="[4] /home/travis/build/icyphy/ptII/ptolemy/domains/continuous/test/auto/CartPendulum.xml (RunModel)" time="0.492" />
  <testcase classname="ptolemy.util.test.junit.AutoTests" name="[5] /home/travis/build/icyphy/ptII/ptolemy/domains/continuous/test/auto/CausalityInterface10.xml (RunModel)" time="0.05" />
  <testcase classname="ptolemy.util.test.junit.AutoTests" name="[6] /home/travis/build/icyphy/ptII/ptolemy/domains/continuous/test/auto/CausalityInterface11.xml (RunModel)" time="0.032" />
  <testcase classname="ptolemy.util.test.junit.AutoTests" name="[7] /home/travis/build/icyphy/ptII/ptolemy/domains/continuous/test/auto/CausalityInterface12.xml (RunModel)" time="0.051" />
  <testcase classname="ptolemy.util.test.junit.AutoTests" name="[8] /home/travis/build/icyphy/ptII/ptolemy/domains/continuous/test/auto/CausalityInterface13.xml (RunModel)" time="0.041" />
  <testcase classname="ptolemy.util.test.junit.AutoTests" name="[9] /home/travis/build/icyphy/ptII/ptolemy/domains/continuous/test/auto/CausalityInterface14.xml (RunModel)" time="0.029" />
  <testcase classname="ptolemy.util.test.junit.AutoTests" name="[10] /home/travis/build/icyphy/ptII/ptolemy/domains/continuous/test/auto/CausalityInterface4.xml (RunModel)" time="0.033" />
  <testcase classname="ptolemy.util.test.junit.AutoTests" name="[11] /home/travis/build/icyphy/ptII/ptolemy/domains/continuous/test/auto/CausalityInterface5.xml (RunModel)" time="0.048" />
  <testcase classname="ptolemy.util.test.junit.AutoTests" name="[12] /home/travis/build/icyphy/ptII/ptolemy/domains/continuous/test/auto/CausalityInterface6.xml (RunModel)" time="0.025" />
  <testcase classname="ptolemy.util.test.junit.AutoTests" name="[13] /home/travis/build/icyphy/ptII/ptolemy/domains/continuous/test/auto/CausalityInterface7.xml (RunModel)" time="0.043" />
  <testcase classname="ptolemy.util.test.junit.AutoTests" name="[14] /home/travis/build/icyphy/ptII/ptolemy/domains/continuous/test/auto/CausalityInterface8.xml (RunModel)" time="0.041" />
  <testcase classname="ptolemy.util.test.junit.AutoTests" name="[15] /home/travis/build/icyphy/ptII/ptolemy/domains/continuous/test/auto/CausalityInterface9.xml (RunModel)" time="0.047" />
  <testcase classname="ptolemy.util.test.junit.AutoTests" name="[16] /home/travis/build/icyphy/ptII/ptolemy/domains/continuous/test/auto/CausalityInterfaceFeedback1.xml (RunModel)" time="0.032" />
  <testcase classname="ptolemy.util.test.junit.AutoTests" name="[17] /home/travis/build/icyphy/ptII/ptolemy/domains/continuous/test/auto/CausalityInterfaceFeedback2.xml (RunModel)" time="0.039" />
  <testcase classname="ptolemy.util.test.junit.AutoTests" name="[18] /home/travis/build/icyphy/ptII/ptolemy/domains/continuous/test/auto/CompareWithCurrentTime.xml (RunModel)" time="0.018" />
  <testcase classname="ptolemy.util.test.junit.AutoTests" name="[19] /home/travis/build/icyphy/ptII/ptolemy/domains/continuous/test/auto/ComparedClocks.xml (RunModel)" time="0.079" />
  <testcase classname="ptolemy.util.test.junit.AutoTests" name="[20] /home/travis/build/icyphy/ptII/ptolemy/domains/continuous/test/auto/ContinuousAOCClone.xml (RunModel)" time="2.511" />
  <testcase classname="ptolemy.util.test.junit.AutoTests" name="[21] /home/travis/build/icyphy/ptII/ptolemy/domains/continuous/test/auto/ContinuousClock.xml (RunModel)" time="0.111" />
  <testcase classname="ptolemy.util.test.junit.AutoTests" name="[22] /home/travis/build/icyphy/ptII/ptolemy/domains/continuous/test/auto/ContinuousInContinuous.xml (RunModel)" time="0.079" />
  <testcase classname="ptolemy.util.test.junit.AutoTests" name="[23] /home/travis/build/icyphy/ptII/ptolemy/domains/continuous/test/auto/ContinuousInContinuousInContinuous.xml (RunModel)" time="0.028" />
  <testcase classname="ptolemy.util.test.junit.AutoTests" name="[24] /home/travis/build/icyphy/ptII/ptolemy/domains/continuous/test/auto/ContinuousInDE.xml (RunModel)" time="0.118" />
  <testcase classname="ptolemy.util.test.junit.AutoTests" name="[25] /home/travis/build/icyphy/ptII/ptolemy/domains/continuous/test/auto/ContinuousInDE2.xml (RunModel)" time="0.068" />
  <testcase classname="ptolemy.util.test.junit.AutoTests" name="[26] /home/travis/build/icyphy/ptII/ptolemy/domains/continuous/test/auto/ContinuousInDE3.xml (RunModel)" time="0.061" />
  <testcase classname="ptolemy.util.test.junit.AutoTests" name="[27] /home/travis/build/icyphy/ptII/ptolemy/domains/continuous/test/auto/ContinuousInDE4.xml (RunModel)" time="0.04" />
  <testcase classname="ptolemy.util.test.junit.AutoTests" name="[28] /home/travis/build/icyphy/ptII/ptolemy/domains/continuous/test/auto/ContinuousInDEDifferentRefinements.xml (RunModel)" time="0.12" />
  <testcase classname="ptolemy.util.test.junit.AutoTests" name="[29] /home/travis/build/icyphy/ptII/ptolemy/domains/continuous/test/auto/ContinuousInDEDifferentRefinementsPreemptive.xml (RunModel)" time="0.081" />
  <testcase classname="ptolemy.util.test.junit.AutoTests" name="[30] /home/travis/build/icyphy/ptII/ptolemy/domains/continuous/test/auto/ContinuousInDEInContinuous2.xml (RunModel)" time="0.06" />
  <testcase classname="ptolemy.util.test.junit.AutoTests" name="[31] /home/travis/build/icyphy/ptII/ptolemy/domains/continuous/test/auto/ContinuousInDEInContinuous3.xml (RunModel)" time="0.067" />
  <testcase classname="ptolemy.util.test.junit.AutoTests" name="[32] /home/travis/build/icyphy/ptII/ptolemy/domains/continuous/test/auto/ContinuousInDEInput.xml (RunModel)" time="0.037" />
  <testcase classname="ptolemy.util.test.junit.AutoTests" name="[33] /home/travis/build/icyphy/ptII/ptolemy/domains/continuous/test/auto/ContinuousInDEInput2.xml (RunModel)" time="0.038" />
  <testcase classname="ptolemy.util.test.junit.AutoTests" name="[34] /home/travis/build/icyphy/ptII/ptolemy/domains/continuous/test/auto/ContinuousInDEInput3.xml (RunModel)" time="0.035" />
  <testcase classname="ptolemy.util.test.junit.AutoTests" name="[35] /home/travis/build/icyphy/ptII/ptolemy/domains/continuous/test/auto/ContinuousInDESharingRefinement.xml (RunModel)" time="0.184" />
  <testcase classname="ptolemy.util.test.junit.AutoTests" name="[36] /home/travis/build/icyphy/ptII/ptolemy/domains/continuous/test/auto/ContinuousInDEwithNoPorts.xml (RunModel)" time="0.014" />
  <testcase classname="ptolemy.util.test.junit.AutoTests" name="[37] /home/travis/build/icyphy/ptII/ptolemy/domains/continuous/test/auto/ContinuousInsideDE.xml (RunModel)" time="0.086" />
  <testcase classname="ptolemy.util.test.junit.AutoTests" name="[38] /home/travis/build/icyphy/ptII/ptolemy/domains/continuous/test/auto/ContinuousMerge1.xml (RunModel)" time="0.016" />
  <testcase classname="ptolemy.util.test.junit.AutoTests" name="[39] /home/travis/build/icyphy/ptII/ptolemy/domains/continuous/test/auto/ContinuousMerge2.xml (RunModel)" time="0.043" />
  <testcase classname="ptolemy.util.test.junit.AutoTests" name="[40] /home/travis/build/icyphy/ptII/ptolemy/domains/continuous/test/auto/ContinuousMerge3.xml (RunModel)" time="0.081" />
  <testcase classname="ptolemy.util.test.junit.AutoTests" name="[41] /home/travis/build/icyphy/ptII/ptolemy/domains/continuous/test/auto/ContinuousWithinContinuous.xml (RunModel)" time="0.069" />
  <testcase classname="ptolemy.util.test.junit.AutoTests" name="[42] /home/travis/build/icyphy/ptII/ptolemy/domains/continuous/test/auto/ContinuousWithinContinuous2.xml (RunModel)" time="0.093" />
  <testcase classname="ptolemy.util.test.junit.AutoTests" name="[43] /home/travis/build/icyphy/ptII/ptolemy/domains/continuous/test/auto/ContinuousWithinContinuous3.xml (RunModel)" time="0.039" />
  <testcase classname="ptolemy.util.test.junit.AutoTests" name="[44] /home/travis/build/icyphy/ptII/ptolemy/domains/continuous/test/auto/ContinuousWithinContinuous4.xml (RunModel)" time="0.098" />
  <testcase classname="ptolemy.util.test.junit.AutoTests" name="[45] /home/travis/build/icyphy/ptII/ptolemy/domains/continuous/test/auto/ContinuousWithinContinuous5.xml (RunModel)" time="0.032" />
  <testcase classname="ptolemy.util.test.junit.AutoTests" name="[46] /home/travis/build/icyphy/ptII/ptolemy/domains/continuous/test/auto/ContinuousWithinContinuous6.xml (RunModel)" time="0.032" />
  <testcase classname="ptolemy.util.test.junit.AutoTests" name="[47] /home/travis/build/icyphy/ptII/ptolemy/domains/continuous/test/auto/ContinuousWithinContinuous7.xml (RunModel)" time="0.078" />
  <testcase classname="ptolemy.util.test.junit.AutoTests" name="[48] /home/travis/build/icyphy/ptII/ptolemy/domains/continuous/test/auto/DCMotor.xml (RunModel)" time="13.668" />
  <testcase classname="ptolemy.util.test.junit.AutoTests" name="[49] /home/travis/build/icyphy/ptII/ptolemy/domains/continuous/test/auto/DEInContinuous.xml (RunModel)" time="0.037" />
  <testcase classname="ptolemy.util.test.junit.AutoTests" name="[50] /home/travis/build/icyphy/ptII/ptolemy/domains/continuous/test/auto/DEinContinuous2.xml (RunModel)" time="0.05" />
  <testcase classname="ptolemy.util.test.junit.AutoTests" name="[51] /home/travis/build/icyphy/ptII/ptolemy/domains/continuous/test/auto/Derivative.xml (RunModel)" time="0.202" />
  <testcase classname="ptolemy.util.test.junit.AutoTests" name="[52] /home/travis/build/icyphy/ptII/ptolemy/domains/continuous/test/auto/Derivative1.xml (RunModel)" time="0.05" />
  <testcase classname="ptolemy.util.test.junit.AutoTests" name="[53] /home/travis/build/icyphy/ptII/ptolemy/domains/continuous/test/auto/DiscreteClock.xml (RunModel)" time="0.019" />
  <testcase classname="ptolemy.util.test.junit.AutoTests" name="[54] /home/travis/build/icyphy/ptII/ptolemy/domains/continuous/test/auto/EfficiencyCurve.xml (RunModel)" time="0.116" />
  <testcase classname="ptolemy.util.test.junit.AutoTests" name="[55] /home/travis/build/icyphy/ptII/ptolemy/domains/continuous/test/auto/ExponentialResponse.xml (RunModel)" time="0.109" />
  <testcase classname="ptolemy.util.test.junit.AutoTests" name="[56] /home/travis/build/icyphy/ptII/ptolemy/domains/continuous/test/auto/ExponentialResponseRK45.xml (RunModel)" time="0.035" />
  <testcase classname="ptolemy.util.test.junit.AutoTests" name="[57] /home/travis/build/icyphy/ptII/ptolemy/domains/continuous/test/auto/Friction.xml (RunModel)" time="1.419" />
  <testcase classname="ptolemy.util.test.junit.AutoTests" name="[58] /home/travis/build/icyphy/ptII/ptolemy/domains/continuous/test/auto/FurutaPendulum.xml (RunModel)" time="3.113" />
  <testcase classname="ptolemy.util.test.junit.AutoTests" name="[59] /home/travis/build/icyphy/ptII/ptolemy/domains/continuous/test/auto/HierarchicalExecution.xml (RunModel)" time="2.047" />
  <testcase classname="ptolemy.util.test.junit.AutoTests" name="[60] /home/travis/build/icyphy/ptII/ptolemy/domains/continuous/test/auto/HybridPlant.xml (RunModel)" time="0.548" />
  <testcase classname="ptolemy.util.test.junit.AutoTests" name="[61] /home/travis/build/icyphy/ptII/ptolemy/domains/continuous/test/auto/Hysteresis.xml (RunModel)" time="0.165" />
  <testcase classname="ptolemy.util.test.junit.AutoTests" name="[62] /home/travis/build/icyphy/ptII/ptolemy/domains/continuous/test/auto/HysteresisWithRandomDelay.xml (RunModel)" time="0.204" />
  <testcase classname="ptolemy.util.test.junit.AutoTests" name="[63] /home/travis/build/icyphy/ptII/ptolemy/domains/continuous/test/auto/HysteresisWithRandomLosses.xml (RunModel)" time="2.233" />
  <testcase classname="ptolemy.util.test.junit.AutoTests" name="[64] /home/travis/build/icyphy/ptII/ptolemy/domains/continuous/test/auto/ImmediateTransitions.xml (RunModel)" time="0.022" />
  <testcase classname="ptolemy.util.test.junit.AutoTests" name="[65] /home/travis/build/icyphy/ptII/ptolemy/domains/continuous/test/auto/ImpulseFeedback.xml (RunModel)" time="0.016" />
  <testcase classname="ptolemy.util.test.junit.AutoTests" name="[66] /home/travis/build/icyphy/ptII/ptolemy/domains/continuous/test/auto/ImpulseFeedback2.xml (RunModel)" time="0.015" />
  <testcase classname="ptolemy.util.test.junit.AutoTests" name="[67] /home/travis/build/icyphy/ptII/ptolemy/domains/continuous/test/auto/IncreasingRatePoisson.xml (RunModel)" time="0.683" />
  <testcase classname="ptolemy.util.test.junit.AutoTests" name="[68] /home/travis/build/icyphy/ptII/ptolemy/domains/continuous/test/auto/InitialStateFeedback.xml (RunModel)" time="0.023" />
  <testcase classname="ptolemy.util.test.junit.AutoTests" name="[69] /home/travis/build/icyphy/ptII/ptolemy/domains/continuous/test/auto/Integration.xml (RunModel)" time="0.011" />
  <testcase classname="ptolemy.util.test.junit.AutoTests" name="[70] /home/travis/build/icyphy/ptII/ptolemy/domains/continuous/test/auto/Integration2.xml (RunModel)" time="0.086" />
  <testcase classname="ptolemy.util.test.junit.AutoTests" name="[71] /home/travis/build/icyphy/ptII/ptolemy/domains/continuous/test/auto/Integration3.xml (RunModel)" time="0.014" />
  <testcase classname="ptolemy.util.test.junit.AutoTests" name="[72] /home/travis/build/icyphy/ptII/ptolemy/domains/continuous/test/auto/Integration5.xml (RunModel)" time="0.014" />
  <testcase classname="ptolemy.util.test.junit.AutoTests" name="[73] /home/travis/build/icyphy/ptII/ptolemy/domains/continuous/test/auto/IntegratorImpulse.xml (RunModel)" time="0.016" />
  <testcase classname="ptolemy.util.test.junit.AutoTests" name="[74] /home/travis/build/icyphy/ptII/ptolemy/domains/continuous/test/auto/IntegratorImpulse2.xml (RunModel)" time="0.012" />
  <testcase classname="ptolemy.util.test.junit.AutoTests" name="[75] /home/travis/build/icyphy/ptII/ptolemy/domains/continuous/test/auto/LevelCrossing1.xml (RunModel)" time="0.011" />
  <testcase classname="ptolemy.util.test.junit.AutoTests" name="[76] /home/travis/build/icyphy/ptII/ptolemy/domains/continuous/test/auto/LevelCrossing2.xml (RunModel)" time="0.013" />
  <testcase classname="ptolemy.util.test.junit.AutoTests" name="[77] /home/travis/build/icyphy/ptII/ptolemy/domains/continuous/test/auto/LevelCrossing3.xml (RunModel)" time="0.012" />
  <testcase classname="ptolemy.util.test.junit.AutoTests" name="[78] /home/travis/build/icyphy/ptII/ptolemy/domains/continuous/test/auto/LevelCrossing4.xml (RunModel)" time="0.012" />
  <testcase classname="ptolemy.util.test.junit.AutoTests" name="[79] /home/travis/build/icyphy/ptII/ptolemy/domains/continuous/test/auto/LevelCrossing5.xml (RunModel)" time="0.011" />
  <testcase classname="ptolemy.util.test.junit.AutoTests" name="[80] /home/travis/build/icyphy/ptII/ptolemy/domains/continuous/test/auto/LevelCrossing6.xml (RunModel)" time="0.013" />
  <testcase classname="ptolemy.util.test.junit.AutoTests" name="[81] /home/travis/build/icyphy/ptII/ptolemy/domains/continuous/test/auto/LevelCrossingDetector.xml (RunModel)" time="0.043" />
  <testcase classname="ptolemy.util.test.junit.AutoTests" name="[82] /home/travis/build/icyphy/ptII/ptolemy/domains/continuous/test/auto/LevelCrossingDetectorDetectingDirections.xml (RunModel)" time="0.084" />
  <testcase classname="ptolemy.util.test.junit.AutoTests" name="[83] /home/travis/build/icyphy/ptII/ptolemy/domains/continuous/test/auto/LevelCrossingDetectorDetectsGlitches.xml (RunModel)" time="0.058" />
  <testcase classname="ptolemy.util.test.junit.AutoTests" name="[84] /home/travis/build/icyphy/ptII/ptolemy/domains/continuous/test/auto/LevelCrossingNoInitialOuput.xml (RunModel)" time="0.018" />
  <testcase classname="ptolemy.util.test.junit.AutoTests" name="[85] /home/travis/build/icyphy/ptII/ptolemy/domains/continuous/test/auto/LinearStateSpaceExample.xml (RunModel)" time="0.072" />
  <testcase classname="ptolemy.util.test.junit.AutoTests" name="[86] /home/travis/build/icyphy/ptII/ptolemy/domains/continuous/test/auto/Lorenz.xml (RunModel)" time="4.048" />
  <testcase classname="ptolemy.util.test.junit.AutoTests" name="[87] /home/travis/build/icyphy/ptII/ptolemy/domains/continuous/test/auto/LorenzDifferentialSystem.xml (RunModel)" time="1.101" />
  <testcase classname="ptolemy.util.test.junit.AutoTests" name="[88] /home/travis/build/icyphy/ptII/ptolemy/domains/continuous/test/auto/LorenzDifferentialSystemWithInput.xml (RunModel)" time="1.322" />
  <testcase classname="ptolemy.util.test.junit.AutoTests" name="[89] /home/travis/build/icyphy/ptII/ptolemy/domains/continuous/test/auto/LorenzDifferentialSystemWithTime.xml (RunModel)" time="0.768" />
  <testcase classname="ptolemy.util.test.junit.AutoTests" name="[90] /home/travis/build/icyphy/ptII/ptolemy/domains/continuous/test/auto/Microsteps.xml (RunModel)" time="0.027" />
  <testcase classname="ptolemy.util.test.junit.AutoTests" name="[91] /home/travis/build/icyphy/ptII/ptolemy/domains/continuous/test/auto/Modal1.xml (RunModel)" time="0.046" />
  <testcase classname="ptolemy.util.test.junit.AutoTests" name="[92] /home/travis/build/icyphy/ptII/ptolemy/domains/continuous/test/auto/Modal2.xml (RunModel)" time="0.046" />
  <testcase classname="ptolemy.util.test.junit.AutoTests" name="[93] /home/travis/build/icyphy/ptII/ptolemy/domains/continuous/test/auto/ModalTransitionGuardWithReset.xml (RunModel)" time="0.024" />
  <testcase classname="ptolemy.util.test.junit.AutoTests" name="[94] /home/travis/build/icyphy/ptII/ptolemy/domains/continuous/test/auto/ModalTransitionGuardWithResetUsingPreemptiveTransition.xml (RunModel)" time="0.029" />
  <testcase classname="ptolemy.util.test.junit.AutoTests" name="[95] /home/travis/build/icyphy/ptII/ptolemy/domains/continuous/test/auto/ModalTransitionGuardWithResetUsingPreemptiveTransition2.xml (RunModel)" time="0.026" />
  <testcase classname="ptolemy.util.test.junit.AutoTests" name="[96] /home/travis/build/icyphy/ptII/ptolemy/domains/continuous/test/auto/ModalTransitionGuardWithResetUsingPreemptiveTransition3.xml (RunModel)" time="0.03" />
  <testcase classname="ptolemy.util.test.junit.AutoTests" name="[97] /home/travis/build/icyphy/ptII/ptolemy/domains/continuous/test/auto/NewtonsCradle.xml (RunModel)" time="0.77" />
  <testcase classname="ptolemy.util.test.junit.AutoTests" name="[98] /home/travis/build/icyphy/ptII/ptolemy/domains/continuous/test/auto/NewtonsCradleAnimated.xml (RunModel)" time="1.109" />
  <testcase classname="ptolemy.util.test.junit.AutoTests" name="[99] /home/travis/build/icyphy/ptII/ptolemy/domains/continuous/test/auto/NewtonsCradleComplicated.xml (RunModel)" time="0.92" />
  <testcase classname="ptolemy.util.test.junit.AutoTests" name="[100] /home/travis/build/icyphy/ptII/ptolemy/domains/continuous/test/auto/NewtonsCradleNondeterministic.xml (RunModel)" time="0.647" />
  <testcase classname="ptolemy.util.test.junit.AutoTests" name="[101] /home/travis/build/icyphy/ptII/ptolemy/domains/continuous/test/auto/NewtonsCradlePerfectlyInelastic1.xml (RunModel)" time="1.204" />
  <testcase classname="ptolemy.util.test.junit.AutoTests" name="[102] /home/travis/build/icyphy/ptII/ptolemy/domains/continuous/test/auto/Noise.xml (RunModel)" time="0.174" />
  <testcase classname="ptolemy.util.test.junit.AutoTests" name="[103] /home/travis/build/icyphy/ptII/ptolemy/domains/continuous/test/auto/NoiseSpectrum.xml (RunModel)" time="0.745" />
  <testcase classname="ptolemy.util.test.junit.AutoTests" name="[104] /home/travis/build/icyphy/ptII/ptolemy/domains/continuous/test/auto/ParameterizedNewtonsCradleAnimated.xml (RunModel)" time="0.365" />
  <testcase classname="ptolemy.util.test.junit.AutoTests" name="[105] /home/travis/build/icyphy/ptII/ptolemy/domains/continuous/test/auto/ParameterizedNewtonsCradleAnimatedNondeterministic.xml (RunModel)" time="1.103" />
  <testcase classname="ptolemy.util.test.junit.AutoTests" name="[106] /home/travis/build/icyphy/ptII/ptolemy/domains/continuous/test/auto/Pendulum3D.xml (RunModel)" time="0.156" />
  <testcase classname="ptolemy.util.test.junit.AutoTests" name="[107] /home/travis/build/icyphy/ptII/ptolemy/domains/continuous/test/auto/PeriodicSampler.xml (RunModel)" time="0.01" />
  <testcase classname="ptolemy.util.test.junit.AutoTests" name="[108] /home/travis/build/icyphy/ptII/ptolemy/domains/continuous/test/auto/PeriodicSampler1.xml (RunModel)" time="0.044" />
  <testcase classname="ptolemy.util.test.junit.AutoTests" name="[109] /home/travis/build/icyphy/ptII/ptolemy/domains/continuous/test/auto/PeriodicSampler2.xml (RunModel)" time="0.064" />
  <testcase classname="ptolemy.util.test.junit.AutoTests" name="[110] /home/travis/build/icyphy/ptII/ptolemy/domains/continuous/test/auto/Poisson.xml (RunModel)" time="0.463" />
  <testcase classname="ptolemy.util.test.junit.AutoTests" name="[111] /home/travis/build/icyphy/ptII/ptolemy/domains/continuous/test/auto/PoissonClock.xml (RunModel)" time="0.011" />
  <testcase classname="ptolemy.util.test.junit.AutoTests" name="[112] /home/travis/build/icyphy/ptII/ptolemy/domains/continuous/test/auto/PoissonClock2.xml (RunModel)" time="0.013" />
  <testcase classname="ptolemy.util.test.junit.AutoTests" name="[113] /home/travis/build/icyphy/ptII/ptolemy/domains/continuous/test/auto/PortParameterHierarchy.xml (RunModel)" time="0.022" />
  <testcase classname="ptolemy.util.test.junit.AutoTests" name="[114] /home/travis/build/icyphy/ptII/ptolemy/domains/continuous/test/auto/RandomHybridPlant.xml (RunModel)" time="0.626" />
  <testcase classname="ptolemy.util.test.junit.AutoTests" name="[115] /home/travis/build/icyphy/ptII/ptolemy/domains/continuous/test/auto/ResetTransitionWithStartTime1.xml (RunModel)" time="0.045" />
  <testcase classname="ptolemy.util.test.junit.AutoTests" name="[116] /home/travis/build/icyphy/ptII/ptolemy/domains/continuous/test/auto/ResetTransitionWithStartTime2.xml (RunModel)" time="0.037" />
  <testcase classname="ptolemy.util.test.junit.AutoTests" name="[117] /home/travis/build/icyphy/ptII/ptolemy/domains/continuous/test/auto/ResetTransitionWithStartTime3.xml (RunModel)" time="0.041" />
  <testcase classname="ptolemy.util.test.junit.AutoTests" name="[118] /home/travis/build/icyphy/ptII/ptolemy/domains/continuous/test/auto/ResetTransitionWithStartTime4.xml (RunModel)" time="0.025" />
  <testcase classname="ptolemy.util.test.junit.AutoTests" name="[119] /home/travis/build/icyphy/ptII/ptolemy/domains/continuous/test/auto/ResetTransitionWithStartTime5.xml (RunModel)" time="0.029" />
  <testcase classname="ptolemy.util.test.junit.AutoTests" name="[120] /home/travis/build/icyphy/ptII/ptolemy/domains/continuous/test/auto/ResetTransitionWithStartTime6.xml (RunModel)" time="0.022" />
  <testcase classname="ptolemy.util.test.junit.AutoTests" name="[121] /home/travis/build/icyphy/ptII/ptolemy/domains/continuous/test/auto/SRinContinuous.xml (RunModel)" time="0.021" />
  <testcase classname="ptolemy.util.test.junit.AutoTests" name="[122] /home/travis/build/icyphy/ptII/ptolemy/domains/continuous/test/auto/SampledClocks.xml (RunModel)" time="0.023" />
  <testcase classname="ptolemy.util.test.junit.AutoTests" name="[123] /home/travis/build/icyphy/ptII/ptolemy/domains/continuous/test/auto/Satellite.xml (RunModel)" time="0.775" />
  <testcase classname="ptolemy.util.test.junit.AutoTests" name="[124] /home/travis/build/icyphy/ptII/ptolemy/domains/continuous/test/auto/SigmaDelta.xml (RunModel)" time="2.207" />
  <testcase classname="ptolemy.util.test.junit.AutoTests" name="[125] /home/travis/build/icyphy/ptII/ptolemy/domains/continuous/test/auto/SingleRefinement.xml (RunModel)" time="0.397" />
  <testcase classname="ptolemy.util.test.junit.AutoTests" name="[126] /home/travis/build/icyphy/ptII/ptolemy/domains/continuous/test/auto/SinuBouncingBall.xml (RunModel)" time="0.833" />
  <testcase classname="ptolemy.util.test.junit.AutoTests" name="[127] /home/travis/build/icyphy/ptII/ptolemy/domains/continuous/test/auto/Sinusoid.xml (RunModel)" time="0.014" />
  <testcase classname="ptolemy.util.test.junit.AutoTests" name="[128] /home/travis/build/icyphy/ptII/ptolemy/domains/continuous/test/auto/SinusoidInNoise.xml (RunModel)" time="1.046" />
  <testcase classname="ptolemy.util.test.junit.AutoTests" name="[129] /home/travis/build/icyphy/ptII/ptolemy/domains/continuous/test/auto/SinusoidRK45.xml (RunModel)" time="0.014" />
  <testcase classname="ptolemy.util.test.junit.AutoTests" name="[130] /home/travis/build/icyphy/ptII/ptolemy/domains/continuous/test/auto/SinusoidWithMultipleImpulses.xml (RunModel)" time="0.011" />
  <testcase classname="ptolemy.util.test.junit.AutoTests" name="[131] /home/travis/build/icyphy/ptII/ptolemy/domains/continuous/test/auto/SquareWave.xml (RunModel)" time="0.188" />
  <testcase classname="ptolemy.util.test.junit.AutoTests" name="[132] /home/travis/build/icyphy/ptII/ptolemy/domains/continuous/test/auto/Starmac.xml (RunModel)" time="3.399" />
  <testcase classname="ptolemy.util.test.junit.AutoTests" name="[133] /home/travis/build/icyphy/ptII/ptolemy/domains/continuous/test/auto/StaticUnits.xml (RunModel)" time="2.344" />
  <testcase classname="ptolemy.util.test.junit.AutoTests" name="[134] /home/travis/build/icyphy/ptII/ptolemy/domains/continuous/test/auto/StickyMasses.xml (RunModel)" time="0.184" />
  <testcase classname="ptolemy.util.test.junit.AutoTests" name="[135] /home/travis/build/icyphy/ptII/ptolemy/domains/continuous/test/auto/StopTime.xml (RunModel)" time="0.065" />
  <testcase classname="ptolemy.util.test.junit.AutoTests" name="[136] /home/travis/build/icyphy/ptII/ptolemy/domains/continuous/test/auto/StopTime2.xml (RunModel)" time="0.053" />
  <testcase classname="ptolemy.util.test.junit.AutoTests" name="[137] /home/travis/build/icyphy/ptII/ptolemy/domains/continuous/test/auto/Switch.xml (RunModel)" time="0.08" />
  <testcase classname="ptolemy.util.test.junit.AutoTests" name="[138] /home/travis/build/icyphy/ptII/ptolemy/domains/continuous/test/auto/Thermostat.xml (RunModel)" time="0.219" />
  <testcase classname="ptolemy.util.test.junit.AutoTests" name="[139] /home/travis/build/icyphy/ptII/ptolemy/domains/continuous/test/auto/TimeDelay.xml (RunModel)" time="0.015" />
  <testcase classname="ptolemy.util.test.junit.AutoTests" name="[140] /home/travis/build/icyphy/ptII/ptolemy/domains/continuous/test/auto/TimeDelay2.xml (RunModel)" time="0.018" />
  <testcase classname="ptolemy.util.test.junit.AutoTests" name="[141] /home/travis/build/icyphy/ptII/ptolemy/domains/continuous/test/auto/TimeDelay3.xml (RunModel)" time="0.014" />
  <testcase classname="ptolemy.util.test.junit.AutoTests" name="[142] /home/travis/build/icyphy/ptII/ptolemy/domains/continuous/test/auto/TransferAbsentToInside.xml (RunModel)" time="0.106" />
  <testcase classname="ptolemy.util.test.junit.AutoTests" name="[143] /home/travis/build/icyphy/ptII/ptolemy/domains/continuous/test/auto/Transmission.xml (RunModel)" time="0.732" />
  <testcase classname="ptolemy.util.test.junit.AutoTests" name="[144] /home/travis/build/icyphy/ptII/ptolemy/domains/continuous/test/auto/TriggeredContinuousClock.xml (RunModel)" time="0.067" />
  <testcase classname="ptolemy.util.test.junit.AutoTests" name="[145] /home/travis/build/icyphy/ptII/ptolemy/domains/continuous/test/auto/TwoMachineInfiniteBusControl.xml (RunModel)" time="2.873" />
  <testcase classname="ptolemy.util.test.junit.AutoTests" name="[146] /home/travis/build/icyphy/ptII/ptolemy/domains/continuous/test/auto/V2V.xml (RunModel)" time="0.779" />
  <testcase classname="ptolemy.util.test.junit.AutoTests" name="[147] /home/travis/build/icyphy/ptII/ptolemy/domains/continuous/test/auto/hierarchicalModalModel.xml (RunModel)" time="0.034" />
  <testcase classname="ptolemy.util.test.junit.AutoTests" name="[148] /home/travis/build/icyphy/ptII/ptolemy/domains/continuous/test/auto/hierarchicalModalModel1.xml (RunModel)" time="0.031" />
  <testcase classname="ptolemy.util.test.junit.AutoTests" name="[149] /home/travis/build/icyphy/ptII/ptolemy/domains/continuous/test/auto/hierarchicalModalModel2.xml (RunModel)" time="0.026" />
  <testcase classname="ptolemy.util.test.junit.AutoTests" name="[150] /home/travis/build/icyphy/ptII/ptolemy/domains/continuous/test/auto/hierarchicalModalModel3.xml (RunModel)" time="0.022" />
  <testcase classname="ptolemy.util.test.junit.AutoTests" name="[151] /home/travis/build/icyphy/ptII/ptolemy/domains/continuous/test/auto/hierarchicalModalModel4.xml (RunModel)" time="0.027" />
  <testcase classname="ptolemy.util.test.junit.AutoTests" name="[152] /home/travis/build/icyphy/ptII/ptolemy/domains/continuous/test/auto/junk.xml (RunModel)" time="0.151" />
  <system-out><![CDATA[No tcl tests in /home/travis/build/icyphy/ptII/ptolemy/domains/continuous/test
No auto/knownFailedTests/*.xml tests in /home/travis/build/icyphy/ptII/ptolemy/domains/continuous/test
No auto/linux-amd64/*.xml tests in /home/travis/build/icyphy/ptII/ptolemy/domains/continuous/test
AutoTests.java: About to close Vertx.
AutoTests.java: Vertx closed.

===========================================================================================
----------------- testing Wed May 15 17:39:28 UTC 2019 /home/travis/build/icyphy/ptII/ptolemy/domains/continuous/test/auto/BouncingBall.xml
----------------- Instantiating /home/travis/build/icyphy/ptII/ptolemy/domains/continuous/test/auto/BouncingBall.xml
2204 ms. Memory: 332288K Free: 263093K (79%)
----------------- Invoking toplevel() on ptolemy.moml.MoMLSimpleApplication@feb73ea
----------------- Done invoking toplevel() on ptolemy.moml.MoMLSimpleApplication@feb73ea
reloadAllAccessors: .BouncingBall

===========================================================================================
----------------- testing Wed May 15 17:39:31 UTC 2019 /home/travis/build/icyphy/ptII/ptolemy/domains/continuous/test/auto/BouncingBallWithoutGR.xml
----------------- Instantiating /home/travis/build/icyphy/ptII/ptolemy/domains/continuous/test/auto/BouncingBallWithoutGR.xml
778 ms. Memory: 332288K Free: 321170K (97%)
----------------- Invoking toplevel() on ptolemy.moml.MoMLSimpleApplication@1b0cea00
----------------- Done invoking toplevel() on ptolemy.moml.MoMLSimpleApplication@1b0cea00
reloadAllAccessors: .BouncingBallWithoutGR

===========================================================================================
----------------- testing Wed May 15 17:39:32 UTC 2019 /home/travis/build/icyphy/ptII/ptolemy/domains/continuous/test/auto/Brownian.xml
----------------- Instantiating /home/travis/build/icyphy/ptII/ptolemy/domains/continuous/test/auto/Brownian.xml
30 ms. Memory: 332288K Free: 307516K (93%)
----------------- Invoking toplevel() on ptolemy.moml.MoMLSimpleApplication@160d8a8e
----------------- Done invoking toplevel() on ptolemy.moml.MoMLSimpleApplication@160d8a8e
reloadAllAccessors: .Brownian

===========================================================================================
----------------- testing Wed May 15 17:39:32 UTC 2019 /home/travis/build/icyphy/ptII/ptolemy/domains/continuous/test/auto/CarTracking.xml
----------------- Instantiating /home/travis/build/icyphy/ptII/ptolemy/domains/continuous/test/auto/CarTracking.xml
3366 ms. Memory: 578560K Free: 463865K (80%)
----------------- Invoking toplevel() on ptolemy.moml.MoMLSimpleApplication@46562107
----------------- Done invoking toplevel() on ptolemy.moml.MoMLSimpleApplication@46562107
reloadAllAccessors: .CarTracking

===========================================================================================
----------------- testing Wed May 15 17:39:36 UTC 2019 /home/travis/build/icyphy/ptII/ptolemy/domains/continuous/test/auto/CartPendulum.xml
----------------- Instantiating /home/travis/build/icyphy/ptII/ptolemy/domains/continuous/test/auto/CartPendulum.xml
353 ms. Memory: 578560K Free: 359516K (62%)
----------------- Invoking toplevel() on ptolemy.moml.MoMLSimpleApplication@45b4f25
----------------- Done invoking toplevel() on ptolemy.moml.MoMLSimpleApplication@45b4f25
reloadAllAccessors: .CartPendulum

===========================================================================================
----------------- testing Wed May 15 17:39:36 UTC 2019 /home/travis/build/icyphy/ptII/ptolemy/domains/continuous/test/auto/CausalityInterface10.xml
----------------- Instantiating /home/travis/build/icyphy/ptII/ptolemy/domains/continuous/test/auto/CausalityInterface10.xml
14 ms. Memory: 578560K Free: 346401K (60%)
----------------- Invoking toplevel() on ptolemy.moml.MoMLSimpleApplication@35c6b96d
----------------- Done invoking toplevel() on ptolemy.moml.MoMLSimpleApplication@35c6b96d
reloadAllAccessors: .CausalityInterface10

===========================================================================================
----------------- testing Wed May 15 17:39:36 UTC 2019 /home/travis/build/icyphy/ptII/ptolemy/domains/continuous/test/auto/CausalityInterface11.xml
----------------- Instantiating /home/travis/build/icyphy/ptII/ptolemy/domains/continuous/test/auto/CausalityInterface11.xml
8 ms. Memory: 578560K Free: 336570K (58%)
----------------- Invoking toplevel() on ptolemy.moml.MoMLSimpleApplication@5655e468
----------------- Done invoking toplevel() on ptolemy.moml.MoMLSimpleApplication@5655e468
reloadAllAccessors: .CausalityInterface11

===========================================================================================
----------------- testing Wed May 15 17:39:36 UTC 2019 /home/travis/build/icyphy/ptII/ptolemy/domains/continuous/test/auto/CausalityInterface12.xml
----------------- Instantiating /home/travis/build/icyphy/ptII/ptolemy/domains/continuous/test/auto/CausalityInterface12.xml
12 ms. Memory: 578560K Free: 323870K (56%)
----------------- Invoking toplevel() on ptolemy.moml.MoMLSimpleApplication@60d08d4d
----------------- Done invoking toplevel() on ptolemy.moml.MoMLSimpleApplication@60d08d4d
reloadAllAccessors: .CausalityInterface12

===========================================================================================
----------------- testing Wed May 15 17:39:36 UTC 2019 /home/travis/build/icyphy/ptII/ptolemy/domains/continuous/test/auto/CausalityInterface13.xml
----------------- Instantiating /home/travis/build/icyphy/ptII/ptolemy/domains/continuous/test/auto/CausalityInterface13.xml
7 ms. Memory: 578560K Free: 314032K (54%)
----------------- Invoking toplevel() on ptolemy.moml.MoMLSimpleApplication@7c726f57
----------------- Done invoking toplevel() on ptolemy.moml.MoMLSimpleApplication@7c726f57
reloadAllAccessors: .CausalityInterface13

===========================================================================================
----------------- testing Wed May 15 17:39:36 UTC 2019 /home/travis/build/icyphy/ptII/ptolemy/domains/continuous/test/auto/CausalityInterface14.xml
----------------- Instantiating /home/travis/build/icyphy/ptII/ptolemy/domains/continuous/test/auto/CausalityInterface14.xml
3 ms. Memory: 578560K Free: 304185K (53%)
----------------- Invoking toplevel() on ptolemy.moml.MoMLSimpleApplication@187ff1e2
----------------- Done invoking toplevel() on ptolemy.moml.MoMLSimpleApplication@187ff1e2
reloadAllAccessors: .CausalityInterface14

===========================================================================================
----------------- testing Wed May 15 17:39:36 UTC 2019 /home/travis/build/icyphy/ptII/ptolemy/domains/continuous/test/auto/CausalityInterface4.xml
----------------- Instantiating /home/travis/build/icyphy/ptII/ptolemy/domains/continuous/test/auto/CausalityInterface4.xml
5 ms. Memory: 578560K Free: 294355K (51%)
----------------- Invoking toplevel() on ptolemy.moml.MoMLSimpleApplication@158c76c2
----------------- Done invoking toplevel() on ptolemy.moml.MoMLSimpleApplication@158c76c2
reloadAllAccessors: .CausalityInterface4

===========================================================================================
----------------- testing Wed May 15 17:39:36 UTC 2019 /home/travis/build/icyphy/ptII/ptolemy/domains/continuous/test/auto/CausalityInterface5.xml
----------------- Instantiating /home/travis/build/icyphy/ptII/ptolemy/domains/continuous/test/auto/CausalityInterface5.xml
9 ms. Memory: 578560K Free: 278370K (48%)
----------------- Invoking toplevel() on ptolemy.moml.MoMLSimpleApplication@7213e88a
----------------- Done invoking toplevel() on ptolemy.moml.MoMLSimpleApplication@7213e88a
reloadAllAccessors: .CausalityInterface5

===========================================================================================
----------------- testing Wed May 15 17:39:36 UTC 2019 /home/travis/build/icyphy/ptII/ptolemy/domains/continuous/test/auto/CausalityInterface6.xml
----------------- Instantiating /home/travis/build/icyphy/ptII/ptolemy/domains/continuous/test/auto/CausalityInterface6.xml
5 ms. Memory: 578560K Free: 268524K (46%)
----------------- Invoking toplevel() on ptolemy.moml.MoMLSimpleApplication@3bbf927a
----------------- Done invoking toplevel() on ptolemy.moml.MoMLSimpleApplication@3bbf927a
reloadAllAccessors: .CausalityInterface6

===========================================================================================
----------------- testing Wed May 15 17:39:36 UTC 2019 /home/travis/build/icyphy/ptII/ptolemy/domains/continuous/test/auto/CausalityInterface7.xml
----------------- Instantiating /home/travis/build/icyphy/ptII/ptolemy/domains/continuous/test/auto/CausalityInterface7.xml
12 ms. Memory: 578560K Free: 255400K (44%)
----------------- Invoking toplevel() on ptolemy.moml.MoMLSimpleApplication@4955f692
----------------- Done invoking toplevel() on ptolemy.moml.MoMLSimpleApplication@4955f692
reloadAllAccessors: .CausalityInterface7

===========================================================================================
----------------- testing Wed May 15 17:39:36 UTC 2019 /home/travis/build/icyphy/ptII/ptolemy/domains/continuous/test/auto/CausalityInterface8.xml
----------------- Instantiating /home/travis/build/icyphy/ptII/ptolemy/domains/continuous/test/auto/CausalityInterface8.xml
6 ms. Memory: 578560K Free: 242261K (42%)
----------------- Invoking toplevel() on ptolemy.moml.MoMLSimpleApplication@2ff11b28
----------------- Done invoking toplevel() on ptolemy.moml.MoMLSimpleApplication@2ff11b28
reloadAllAccessors: .CausalityInterface8

===========================================================================================
----------------- testing Wed May 15 17:39:36 UTC 2019 /home/travis/build/icyphy/ptII/ptolemy/domains/continuous/test/auto/CausalityInterface9.xml
----------------- Instantiating /home/travis/build/icyphy/ptII/ptolemy/domains/continuous/test/auto/CausalityInterface9.xml
9 ms. Memory: 578560K Free: 226284K (39%)
----------------- Invoking toplevel() on ptolemy.moml.MoMLSimpleApplication@f8710a4
----------------- Done invoking toplevel() on ptolemy.moml.MoMLSimpleApplication@f8710a4
reloadAllAccessors: .CausalityInterface9

===========================================================================================
----------------- testing Wed May 15 17:39:37 UTC 2019 /home/travis/build/icyphy/ptII/ptolemy/domains/continuous/test/auto/CausalityInterfaceFeedback1.xml
----------------- Instantiating /home/travis/build/icyphy/ptII/ptolemy/domains/continuous/test/auto/CausalityInterfaceFeedback1.xml
6 ms. Memory: 578560K Free: 216453K (37%)
----------------- Invoking toplevel() on ptolemy.moml.MoMLSimpleApplication@43412e3d
----------------- Done invoking toplevel() on ptolemy.moml.MoMLSimpleApplication@43412e3d
reloadAllAccessors: .CausalityInterfaceFeedback1

===========================================================================================
----------------- testing Wed May 15 17:39:37 UTC 2019 /home/travis/build/icyphy/ptII/ptolemy/domains/continuous/test/auto/CausalityInterfaceFeedback2.xml
----------------- Instantiating /home/travis/build/icyphy/ptII/ptolemy/domains/continuous/test/auto/CausalityInterfaceFeedback2.xml
9 ms. Memory: 578560K Free: 206607K (36%)
----------------- Invoking toplevel() on ptolemy.moml.MoMLSimpleApplication@6eb18d22
----------------- Done invoking toplevel() on ptolemy.moml.MoMLSimpleApplication@6eb18d22
reloadAllAccessors: .CausalityInterfaceFeedback2

===========================================================================================
----------------- testing Wed May 15 17:39:37 UTC 2019 /home/travis/build/icyphy/ptII/ptolemy/domains/continuous/test/auto/CompareWithCurrentTime.xml
----------------- Instantiating /home/travis/build/icyphy/ptII/ptolemy/domains/continuous/test/auto/CompareWithCurrentTime.xml
3 ms. Memory: 578560K Free: 197200K (34%)
----------------- Invoking toplevel() on ptolemy.moml.MoMLSimpleApplication@74e3b8a6
----------------- Done invoking toplevel() on ptolemy.moml.MoMLSimpleApplication@74e3b8a6
reloadAllAccessors: .CompareWithCurrentTime

===========================================================================================
----------------- testing Wed May 15 17:39:37 UTC 2019 /home/travis/build/icyphy/ptII/ptolemy/domains/continuous/test/auto/ComparedClocks.xml
----------------- Instantiating /home/travis/build/icyphy/ptII/ptolemy/domains/continuous/test/auto/ComparedClocks.xml
10 ms. Memory: 578560K Free: 177506K (31%)
----------------- Invoking toplevel() on ptolemy.moml.MoMLSimpleApplication@2789328d
----------------- Done invoking toplevel() on ptolemy.moml.MoMLSimpleApplication@2789328d
reloadAllAccessors: .ComparedClocks

===========================================================================================
----------------- testing Wed May 15 17:39:37 UTC 2019 /home/travis/build/icyphy/ptII/ptolemy/domains/continuous/test/auto/ContinuousAOCClone.xml
----------------- Instantiating /home/travis/build/icyphy/ptII/ptolemy/domains/continuous/test/auto/ContinuousAOCClone.xml
2293 ms. Memory: 872960K Free: 430040K (49%)
----------------- Invoking toplevel() on ptolemy.moml.MoMLSimpleApplication@42f6ece0
----------------- Done invoking toplevel() on ptolemy.moml.MoMLSimpleApplication@42f6ece0
reloadAllAccessors: .ContinuousAOCClone

===========================================================================================
----------------- testing Wed May 15 17:39:39 UTC 2019 /home/travis/build/icyphy/ptII/ptolemy/domains/continuous/test/auto/ContinuousClock.xml
----------------- Instantiating /home/travis/build/icyphy/ptII/ptolemy/domains/continuous/test/auto/ContinuousClock.xml
31 ms. Memory: 872960K Free: 397170K (45%)
----------------- Invoking toplevel() on ptolemy.moml.MoMLSimpleApplication@192b6dc
----------------- Done invoking toplevel() on ptolemy.moml.MoMLSimpleApplication@192b6dc
reloadAllAccessors: .ContinuousClock

===========================================================================================
----------------- testing Wed May 15 17:39:39 UTC 2019 /home/travis/build/icyphy/ptII/ptolemy/domains/continuous/test/auto/ContinuousInContinuous.xml
----------------- Instantiating /home/travis/build/icyphy/ptII/ptolemy/domains/continuous/test/auto/ContinuousInContinuous.xml
35 ms. Memory: 872960K Free: 365685K (42%)
----------------- Invoking toplevel() on ptolemy.moml.MoMLSimpleApplication@53a66de7
----------------- Done invoking toplevel() on ptolemy.moml.MoMLSimpleApplication@53a66de7
reloadAllAccessors: .ContinuousInContinuous

===========================================================================================
----------------- testing Wed May 15 17:39:39 UTC 2019 /home/travis/build/icyphy/ptII/ptolemy/domains/continuous/test/auto/ContinuousInContinuousInContinuous.xml
----------------- Instantiating /home/travis/build/icyphy/ptII/ptolemy/domains/continuous/test/auto/ContinuousInContinuousInContinuous.xml
9 ms. Memory: 872960K Free: 349967K (40%)
----------------- Invoking toplevel() on ptolemy.moml.MoMLSimpleApplication@211def1a
----------------- Done invoking toplevel() on ptolemy.moml.MoMLSimpleApplication@211def1a
reloadAllAccessors: .ContinuousInContinuousInContinuous

===========================================================================================
----------------- testing Wed May 15 17:39:39 UTC 2019 /home/travis/build/icyphy/ptII/ptolemy/domains/continuous/test/auto/ContinuousInDE.xml
----------------- Instantiating /home/travis/build/icyphy/ptII/ptolemy/domains/continuous/test/auto/ContinuousInDE.xml
96 ms. Memory: 872960K Free: 331154K (38%)
----------------- Invoking toplevel() on ptolemy.moml.MoMLSimpleApplication@76b60111
----------------- Done invoking toplevel() on ptolemy.moml.MoMLSimpleApplication@76b60111
reloadAllAccessors: .ContinuousInDE

===========================================================================================
----------------- testing Wed May 15 17:39:40 UTC 2019 /home/travis/build/icyphy/ptII/ptolemy/domains/continuous/test/auto/ContinuousInDE2.xml
----------------- Instantiating /home/travis/build/icyphy/ptII/ptolemy/domains/continuous/test/auto/ContinuousInDE2.xml
41 ms. Memory: 872960K Free: 315436K (36%)
----------------- Invoking toplevel() on ptolemy.moml.MoMLSimpleApplication@50602874
----------------- Done invoking toplevel() on ptolemy.moml.MoMLSimpleApplication@50602874
reloadAllAccessors: .ContinuousInDE2

===========================================================================================
----------------- testing Wed May 15 17:39:40 UTC 2019 /home/travis/build/icyphy/ptII/ptolemy/domains/continuous/test/auto/ContinuousInDE3.xml
----------------- Instantiating /home/travis/build/icyphy/ptII/ptolemy/domains/continuous/test/auto/ContinuousInDE3.xml
38 ms. Memory: 872960K Free: 299718K (34%)
----------------- Invoking toplevel() on ptolemy.moml.MoMLSimpleApplication@6977b021
----------------- Done invoking toplevel() on ptolemy.moml.MoMLSimpleApplication@6977b021
reloadAllAccessors: .ContinuousInDE3

===========================================================================================
----------------- testing Wed May 15 17:39:40 UTC 2019 /home/travis/build/icyphy/ptII/ptolemy/domains/continuous/test/auto/ContinuousInDE4.xml
----------------- Instantiating /home/travis/build/icyphy/ptII/ptolemy/domains/continuous/test/auto/ContinuousInDE4.xml
20 ms. Memory: 872960K Free: 289239K (33%)
----------------- Invoking toplevel() on ptolemy.moml.MoMLSimpleApplication@1685475c
----------------- Done invoking toplevel() on ptolemy.moml.MoMLSimpleApplication@1685475c
reloadAllAccessors: .ContinuousInDE4

===========================================================================================
----------------- testing Wed May 15 17:39:40 UTC 2019 /home/travis/build/icyphy/ptII/ptolemy/domains/continuous/test/auto/ContinuousInDEDifferentRefinements.xml
----------------- Instantiating /home/travis/build/icyphy/ptII/ptolemy/domains/continuous/test/auto/ContinuousInDEDifferentRefinements.xml
61 ms. Memory: 872960K Free: 249421K (29%)
----------------- Invoking toplevel() on ptolemy.moml.MoMLSimpleApplication@715a42ff
----------------- Done invoking toplevel() on ptolemy.moml.MoMLSimpleApplication@715a42ff
reloadAllAccessors: .ContinuousInDEDifferentRefinements

===========================================================================================
----------------- testing Wed May 15 17:39:40 UTC 2019 /home/travis/build/icyphy/ptII/ptolemy/domains/continuous/test/auto/ContinuousInDEDifferentRefinementsPreemptive.xml
----------------- Instantiating /home/travis/build/icyphy/ptII/ptolemy/domains/continuous/test/auto/ContinuousInDEDifferentRefinementsPreemptive.xml
39 ms. Memory: 872960K Free: 212728K (24%)
----------------- Invoking toplevel() on ptolemy.moml.MoMLSimpleApplication@6f00d881
----------------- Done invoking toplevel() on ptolemy.moml.MoMLSimpleApplication@6f00d881
reloadAllAccessors: .ContinuousInDEDifferentRefinementsPreemptive

===========================================================================================
----------------- testing Wed May 15 17:39:40 UTC 2019 /home/travis/build/icyphy/ptII/ptolemy/domains/continuous/test/auto/ContinuousInDEInContinuous2.xml
----------------- Instantiating /home/travis/build/icyphy/ptII/ptolemy/domains/continuous/test/auto/ContinuousInDEInContinuous2.xml
36 ms. Memory: 872960K Free: 196993K (23%)
----------------- Invoking toplevel() on ptolemy.moml.MoMLSimpleApplication@139baa19
----------------- Done invoking toplevel() on ptolemy.moml.MoMLSimpleApplication@139baa19
reloadAllAccessors: .ContinuousInDEInContinuous2

===========================================================================================
----------------- testing Wed May 15 17:39:40 UTC 2019 /home/travis/build/icyphy/ptII/ptolemy/domains/continuous/test/auto/ContinuousInDEInContinuous3.xml
----------------- Instantiating /home/travis/build/icyphy/ptII/ptolemy/domains/continuous/test/auto/ContinuousInDEInContinuous3.xml
42 ms. Memory: 872960K Free: 176036K (20%)
----------------- Invoking toplevel() on ptolemy.moml.MoMLSimpleApplication@5bbccbcb
----------------- Done invoking toplevel() on ptolemy.moml.MoMLSimpleApplication@5bbccbcb
reloadAllAccessors: .ContinuousInDEInContinuous3

===========================================================================================
----------------- testing Wed May 15 17:39:40 UTC 2019 /home/travis/build/icyphy/ptII/ptolemy/domains/continuous/test/auto/ContinuousInDEInput.xml
----------------- Instantiating /home/travis/build/icyphy/ptII/ptolemy/domains/continuous/test/auto/ContinuousInDEInput.xml
18 ms. Memory: 872960K Free: 162463K (19%)
----------------- Invoking toplevel() on ptolemy.moml.MoMLSimpleApplication@2a3dc535
----------------- Done invoking toplevel() on ptolemy.moml.MoMLSimpleApplication@2a3dc535
reloadAllAccessors: .ContinuousInDEInput

===========================================================================================
----------------- testing Wed May 15 17:39:40 UTC 2019 /home/travis/build/icyphy/ptII/ptolemy/domains/continuous/test/auto/ContinuousInDEInput2.xml
----------------- Instantiating /home/travis/build/icyphy/ptII/ptolemy/domains/continuous/test/auto/ContinuousInDEInput2.xml
19 ms. Memory: 872960K Free: 151984K (17%)
----------------- Invoking toplevel() on ptolemy.moml.MoMLSimpleApplication@65a866bc
----------------- Done invoking toplevel() on ptolemy.moml.MoMLSimpleApplication@65a866bc
reloadAllAccessors: .ContinuousInDEInput2

===========================================================================================
----------------- testing Wed May 15 17:39:40 UTC 2019 /home/travis/build/icyphy/ptII/ptolemy/domains/continuous/test/auto/ContinuousInDEInput3.xml
----------------- Instantiating /home/travis/build/icyphy/ptII/ptolemy/domains/continuous/test/auto/ContinuousInDEInput3.xml
16 ms. Memory: 872960K Free: 141505K (16%)
----------------- Invoking toplevel() on ptolemy.moml.MoMLSimpleApplication@77592d60
----------------- Done invoking toplevel() on ptolemy.moml.MoMLSimpleApplication@77592d60
reloadAllAccessors: .ContinuousInDEInput3

===========================================================================================
----------------- testing Wed May 15 17:39:40 UTC 2019 /home/travis/build/icyphy/ptII/ptolemy/domains/continuous/test/auto/ContinuousInDESharingRefinement.xml
----------------- Instantiating /home/travis/build/icyphy/ptII/ptolemy/domains/continuous/test/auto/ContinuousInDESharingRefinement.xml
156 ms. Memory: 873472K Free: 828668K (95%)
----------------- Invoking toplevel() on ptolemy.moml.MoMLSimpleApplication@19df7a1b
----------------- Done invoking toplevel() on ptolemy.moml.MoMLSimpleApplication@19df7a1b
reloadAllAccessors: .ContinuousInDESharingRefinement

===========================================================================================
----------------- testing Wed May 15 17:39:40 UTC 2019 /home/travis/build/icyphy/ptII/ptolemy/domains/continuous/test/auto/ContinuousInDEwithNoPorts.xml
----------------- Instantiating /home/travis/build/icyphy/ptII/ptolemy/domains/continuous/test/auto/ContinuousInDEwithNoPorts.xml
2 ms. Memory: 873472K Free: 816049K (93%)
----------------- Invoking toplevel() on ptolemy.moml.MoMLSimpleApplication@78b0a99d
----------------- Done invoking toplevel() on ptolemy.moml.MoMLSimpleApplication@78b0a99d
reloadAllAccessors: .ContinuousInDEwithNoPorts

===========================================================================================
----------------- testing Wed May 15 17:39:40 UTC 2019 /home/travis/build/icyphy/ptII/ptolemy/domains/continuous/test/auto/ContinuousInsideDE.xml
----------------- Instantiating /home/travis/build/icyphy/ptII/ptolemy/domains/continuous/test/auto/ContinuousInsideDE.xml
56 ms. Memory: 873472K Free: 796369K (91%)
----------------- Invoking toplevel() on ptolemy.moml.MoMLSimpleApplication@323f4f22
----------------- Done invoking toplevel() on ptolemy.moml.MoMLSimpleApplication@323f4f22
reloadAllAccessors: .ContinuousInsideDE

===========================================================================================
----------------- testing Wed May 15 17:39:40 UTC 2019 /home/travis/build/icyphy/ptII/ptolemy/domains/continuous/test/auto/ContinuousMerge1.xml
----------------- Instantiating /home/travis/build/icyphy/ptII/ptolemy/domains/continuous/test/auto/ContinuousMerge1.xml
3 ms. Memory: 873472K Free: 786421K (90%)
----------------- Invoking toplevel() on ptolemy.moml.MoMLSimpleApplication@4a8519c8
----------------- Done invoking toplevel() on ptolemy.moml.MoMLSimpleApplication@4a8519c8
reloadAllAccessors: .ContinuousMerge1

===========================================================================================
----------------- testing Wed May 15 17:39:41 UTC 2019 /home/travis/build/icyphy/ptII/ptolemy/domains/continuous/test/auto/ContinuousMerge2.xml
----------------- Instantiating /home/travis/build/icyphy/ptII/ptolemy/domains/continuous/test/auto/ContinuousMerge2.xml
13 ms. Memory: 873472K Free: 770507K (88%)
----------------- Invoking toplevel() on ptolemy.moml.MoMLSimpleApplication@4250e82d
----------------- Done invoking toplevel() on ptolemy.moml.MoMLSimpleApplication@4250e82d
reloadAllAccessors: .ContinuousMerge2

===========================================================================================
----------------- testing Wed May 15 17:39:41 UTC 2019 /home/travis/build/icyphy/ptII/ptolemy/domains/continuous/test/auto/ContinuousMerge3.xml
----------------- Instantiating /home/travis/build/icyphy/ptII/ptolemy/domains/continuous/test/auto/ContinuousMerge3.xml
54 ms. Memory: 873472K Free: 754773K (86%)
----------------- Invoking toplevel() on ptolemy.moml.MoMLSimpleApplication@69c01bb7
----------------- Done invoking toplevel() on ptolemy.moml.MoMLSimpleApplication@69c01bb7
reloadAllAccessors: .ContinuousMerge3

===========================================================================================
----------------- testing Wed May 15 17:39:41 UTC 2019 /home/travis/build/icyphy/ptII/ptolemy/domains/continuous/test/auto/ContinuousWithinContinuous.xml
----------------- Instantiating /home/travis/build/icyphy/ptII/ptolemy/domains/continuous/test/auto/ContinuousWithinContinuous.xml
42 ms. Memory: 873472K Free: 736950K (84%)
----------------- Invoking toplevel() on ptolemy.moml.MoMLSimpleApplication@61674e53
----------------- Done invoking toplevel() on ptolemy.moml.MoMLSimpleApplication@61674e53
reloadAllAccessors: .ContinuousWithinContinuous

===========================================================================================
----------------- testing Wed May 15 17:39:41 UTC 2019 /home/travis/build/icyphy/ptII/ptolemy/domains/continuous/test/auto/ContinuousWithinContinuous2.xml
----------------- Instantiating /home/travis/build/icyphy/ptII/ptolemy/domains/continuous/test/auto/ContinuousWithinContinuous2.xml
76 ms. Memory: 873472K Free: 725161K (83%)
----------------- Invoking toplevel() on ptolemy.moml.MoMLSimpleApplication@661c7e61
----------------- Done invoking toplevel() on ptolemy.moml.MoMLSimpleApplication@661c7e61
reloadAllAccessors: .ContinuousWithinContinuous2

===========================================================================================
----------------- testing Wed May 15 17:39:41 UTC 2019 /home/travis/build/icyphy/ptII/ptolemy/domains/continuous/test/auto/ContinuousWithinContinuous3.xml
----------------- Instantiating /home/travis/build/icyphy/ptII/ptolemy/domains/continuous/test/auto/ContinuousWithinContinuous3.xml
15 ms. Memory: 873472K Free: 711268K (81%)
----------------- Invoking toplevel() on ptolemy.moml.MoMLSimpleApplication@7ec322e3
----------------- Done invoking toplevel() on ptolemy.moml.MoMLSimpleApplication@7ec322e3
reloadAllAccessors: .ContinuousWithinContinuous3

===========================================================================================
----------------- testing Wed May 15 17:39:41 UTC 2019 /home/travis/build/icyphy/ptII/ptolemy/domains/continuous/test/auto/ContinuousWithinContinuous4.xml
----------------- Instantiating /home/travis/build/icyphy/ptII/ptolemy/domains/continuous/test/auto/ContinuousWithinContinuous4.xml
77 ms. Memory: 873472K Free: 695550K (80%)
----------------- Invoking toplevel() on ptolemy.moml.MoMLSimpleApplication@4b0f82ba
----------------- Done invoking toplevel() on ptolemy.moml.MoMLSimpleApplication@4b0f82ba
reloadAllAccessors: .ContinuousWithinContinuous4

===========================================================================================
----------------- testing Wed May 15 17:39:41 UTC 2019 /home/travis/build/icyphy/ptII/ptolemy/domains/continuous/test/auto/ContinuousWithinContinuous5.xml
----------------- Instantiating /home/travis/build/icyphy/ptII/ptolemy/domains/continuous/test/auto/ContinuousWithinContinuous5.xml
13 ms. Memory: 873472K Free: 683745K (78%)
----------------- Invoking toplevel() on ptolemy.moml.MoMLSimpleApplication@12a2d03d
----------------- Done invoking toplevel() on ptolemy.moml.MoMLSimpleApplication@12a2d03d
reloadAllAccessors: .ContinuousWithinContinuous5

===========================================================================================
----------------- testing Wed May 15 17:39:41 UTC 2019 /home/travis/build/icyphy/ptII/ptolemy/domains/continuous/test/auto/ContinuousWithinContinuous6.xml
----------------- Instantiating /home/travis/build/icyphy/ptII/ptolemy/domains/continuous/test/auto/ContinuousWithinContinuous6.xml
16 ms. Memory: 873472K Free: 669867K (77%)
----------------- Invoking toplevel() on ptolemy.moml.MoMLSimpleApplication@1de212c3
----------------- Done invoking toplevel() on ptolemy.moml.MoMLSimpleApplication@1de212c3
reloadAllAccessors: .ContinuousWithinContinuous6

===========================================================================================
----------------- testing Wed May 15 17:39:41 UTC 2019 /home/travis/build/icyphy/ptII/ptolemy/domains/continuous/test/auto/ContinuousWithinContinuous7.xml
----------------- Instantiating /home/travis/build/icyphy/ptII/ptolemy/domains/continuous/test/auto/ContinuousWithinContinuous7.xml
64 ms. Memory: 873472K Free: 658078K (75%)
----------------- Invoking toplevel() on ptolemy.moml.MoMLSimpleApplication@303dc02a
----------------- Done invoking toplevel() on ptolemy.moml.MoMLSimpleApplication@303dc02a
reloadAllAccessors: .ContinuousWithinContinuous7

===========================================================================================
----------------- testing Wed May 15 17:39:41 UTC 2019 /home/travis/build/icyphy/ptII/ptolemy/domains/continuous/test/auto/DCMotor.xml
----------------- Instantiating /home/travis/build/icyphy/ptII/ptolemy/domains/continuous/test/auto/DCMotor.xml
13573 ms. Memory: 734720K Free: 134352K (18%)
----------------- Invoking toplevel() on ptolemy.moml.MoMLSimpleApplication@5f753920
----------------- Done invoking toplevel() on ptolemy.moml.MoMLSimpleApplication@5f753920
reloadAllAccessors: .DCMotor

===========================================================================================
----------------- testing Wed May 15 17:39:55 UTC 2019 /home/travis/build/icyphy/ptII/ptolemy/domains/continuous/test/auto/DEInContinuous.xml
----------------- Instantiating /home/travis/build/icyphy/ptII/ptolemy/domains/continuous/test/auto/DEInContinuous.xml
16 ms. Memory: 734720K Free: 118384K (16%)
----------------- Invoking toplevel() on ptolemy.moml.MoMLSimpleApplication@5b10e8d8
----------------- Done invoking toplevel() on ptolemy.moml.MoMLSimpleApplication@5b10e8d8
reloadAllAccessors: .DEInContinuous

===========================================================================================
----------------- testing Wed May 15 17:39:55 UTC 2019 /home/travis/build/icyphy/ptII/ptolemy/domains/continuous/test/auto/DEinContinuous2.xml
----------------- Instantiating /home/travis/build/icyphy/ptII/ptolemy/domains/continuous/test/auto/DEinContinuous2.xml
6 ms. Memory: 734720K Free: 104258K (14%)
----------------- Invoking toplevel() on ptolemy.moml.MoMLSimpleApplication@3c344dae
----------------- Done invoking toplevel() on ptolemy.moml.MoMLSimpleApplication@3c344dae
reloadAllAccessors: .DEinContinuous2

===========================================================================================
----------------- testing Wed May 15 17:39:55 UTC 2019 /home/travis/build/icyphy/ptII/ptolemy/domains/continuous/test/auto/Derivative.xml
----------------- Instantiating /home/travis/build/icyphy/ptII/ptolemy/domains/continuous/test/auto/Derivative.xml
150 ms. Memory: 697856K Free: 674119K (97%)
----------------- Invoking toplevel() on ptolemy.moml.MoMLSimpleApplication@34fc860d
----------------- Done invoking toplevel() on ptolemy.moml.MoMLSimpleApplication@34fc860d
reloadAllAccessors: .Derivative2

===========================================================================================
----------------- testing Wed May 15 17:39:55 UTC 2019 /home/travis/build/icyphy/ptII/ptolemy/domains/continuous/test/auto/Derivative1.xml
----------------- Instantiating /home/travis/build/icyphy/ptII/ptolemy/domains/continuous/test/auto/Derivative1.xml
26 ms. Memory: 697856K Free: 648829K (93%)
----------------- Invoking toplevel() on ptolemy.moml.MoMLSimpleApplication@2e9ebe16
----------------- Done invoking toplevel() on ptolemy.moml.MoMLSimpleApplication@2e9ebe16
reloadAllAccessors: .Derivative1

===========================================================================================
----------------- testing Wed May 15 17:39:55 UTC 2019 /home/travis/build/icyphy/ptII/ptolemy/domains/continuous/test/auto/DiscreteClock.xml
----------------- Instantiating /home/travis/build/icyphy/ptII/ptolemy/domains/continuous/test/auto/DiscreteClock.xml
5 ms. Memory: 697856K Free: 639862K (92%)
----------------- Invoking toplevel() on ptolemy.moml.MoMLSimpleApplication@5ef83b1f
----------------- Done invoking toplevel() on ptolemy.moml.MoMLSimpleApplication@5ef83b1f
reloadAllAccessors: .DiscreteClock

===========================================================================================
----------------- testing Wed May 15 17:39:55 UTC 2019 /home/travis/build/icyphy/ptII/ptolemy/domains/continuous/test/auto/EfficiencyCurve.xml
----------------- Instantiating /home/travis/build/icyphy/ptII/ptolemy/domains/continuous/test/auto/EfficiencyCurve.xml
65 ms. Memory: 697856K Free: 622667K (89%)
----------------- Invoking toplevel() on ptolemy.moml.MoMLSimpleApplication@7d9288b9
----------------- Done invoking toplevel() on ptolemy.moml.MoMLSimpleApplication@7d9288b9
reloadAllAccessors: .EfficiencyCurve

===========================================================================================
----------------- testing Wed May 15 17:39:55 UTC 2019 /home/travis/build/icyphy/ptII/ptolemy/domains/continuous/test/auto/ExponentialResponse.xml
----------------- Instantiating /home/travis/build/icyphy/ptII/ptolemy/domains/continuous/test/auto/ExponentialResponse.xml
96 ms. Memory: 697856K Free: 601381K (86%)
----------------- Invoking toplevel() on ptolemy.moml.MoMLSimpleApplication@b1b6898
----------------- Done invoking toplevel() on ptolemy.moml.MoMLSimpleApplication@b1b6898
reloadAllAccessors: .ExponentialResponse

===========================================================================================
----------------- testing Wed May 15 17:39:55 UTC 2019 /home/travis/build/icyphy/ptII/ptolemy/domains/continuous/test/auto/ExponentialResponseRK45.xml
----------------- Instantiating /home/travis/build/icyphy/ptII/ptolemy/domains/continuous/test/auto/ExponentialResponseRK45.xml
24 ms. Memory: 697856K Free: 592414K (85%)
----------------- Invoking toplevel() on ptolemy.moml.MoMLSimpleApplication@41d26be0
----------------- Done invoking toplevel() on ptolemy.moml.MoMLSimpleApplication@41d26be0
reloadAllAccessors: .ExponentialResponseRK45

===========================================================================================
----------------- testing Wed May 15 17:39:55 UTC 2019 /home/travis/build/icyphy/ptII/ptolemy/domains/continuous/test/auto/Friction.xml
----------------- Instantiating /home/travis/build/icyphy/ptII/ptolemy/domains/continuous/test/auto/Friction.xml
1322 ms. Memory: 697856K Free: 153517K (22%)
----------------- Invoking toplevel() on ptolemy.moml.MoMLSimpleApplication@6be92582
----------------- Done invoking toplevel() on ptolemy.moml.MoMLSimpleApplication@6be92582
reloadAllAccessors: .Friction

===========================================================================================
----------------- testing Wed May 15 17:39:57 UTC 2019 /home/travis/build/icyphy/ptII/ptolemy/domains/continuous/test/auto/FurutaPendulum.xml
----------------- Instantiating /home/travis/build/icyphy/ptII/ptolemy/domains/continuous/test/auto/FurutaPendulum.xml
2955 ms. Memory: 671232K Free: 255606K (38%)
----------------- Invoking toplevel() on ptolemy.moml.MoMLSimpleApplication@2607243a
----------------- Done invoking toplevel() on ptolemy.moml.MoMLSimpleApplication@2607243a
reloadAllAccessors: .FurutaPendulum

===========================================================================================
----------------- testing Wed May 15 17:40:00 UTC 2019 /home/travis/build/icyphy/ptII/ptolemy/domains/continuous/test/auto/HierarchicalExecution.xml
----------------- Instantiating /home/travis/build/icyphy/ptII/ptolemy/domains/continuous/test/auto/HierarchicalExecution.xml
1793 ms. Memory: 647168K Free: 507669K (78%)
----------------- Invoking toplevel() on ptolemy.moml.MoMLSimpleApplication@25f4e47e
----------------- Done invoking toplevel() on ptolemy.moml.MoMLSimpleApplication@25f4e47e
reloadAllAccessors: .HierarchicalExecution

===========================================================================================
----------------- testing Wed May 15 17:40:02 UTC 2019 /home/travis/build/icyphy/ptII/ptolemy/domains/continuous/test/auto/HybridPlant.xml
----------------- Instantiating /home/travis/build/icyphy/ptII/ptolemy/domains/continuous/test/auto/HybridPlant.xml
486 ms. Memory: 647168K Free: 231952K (36%)
----------------- Invoking toplevel() on ptolemy.moml.MoMLSimpleApplication@50de48c9
----------------- Done invoking toplevel() on ptolemy.moml.MoMLSimpleApplication@50de48c9
reloadAllAccessors: .HybridPlant

===========================================================================================
----------------- testing Wed May 15 17:40:03 UTC 2019 /home/travis/build/icyphy/ptII/ptolemy/domains/continuous/test/auto/Hysteresis.xml
----------------- Instantiating /home/travis/build/icyphy/ptII/ptolemy/domains/continuous/test/auto/Hysteresis.xml
134 ms. Memory: 647168K Free: 169334K (26%)
----------------- Invoking toplevel() on ptolemy.moml.MoMLSimpleApplication@473fae95
----------------- Done invoking toplevel() on ptolemy.moml.MoMLSimpleApplication@473fae95
reloadAllAccessors: .Hysteresis

===========================================================================================
----------------- testing Wed May 15 17:40:03 UTC 2019 /home/travis/build/icyphy/ptII/ptolemy/domains/continuous/test/auto/HysteresisWithRandomDelay.xml
----------------- Instantiating /home/travis/build/icyphy/ptII/ptolemy/domains/continuous/test/auto/HysteresisWithRandomDelay.xml
152 ms. Memory: 647168K Free: 90198K (14%)
----------------- Invoking toplevel() on ptolemy.moml.MoMLSimpleApplication@6414f85c
----------------- Done invoking toplevel() on ptolemy.moml.MoMLSimpleApplication@6414f85c
reloadAllAccessors: .HysteresisWithRandomDelay

===========================================================================================
----------------- testing Wed May 15 17:40:03 UTC 2019 /home/travis/build/icyphy/ptII/ptolemy/domains/continuous/test/auto/HysteresisWithRandomLosses.xml
----------------- Instantiating /home/travis/build/icyphy/ptII/ptolemy/domains/continuous/test/auto/HysteresisWithRandomLosses.xml
2159 ms. Memory: 589312K Free: 358792K (61%)
----------------- Invoking toplevel() on ptolemy.moml.MoMLSimpleApplication@18334263
----------------- Done invoking toplevel() on ptolemy.moml.MoMLSimpleApplication@18334263
reloadAllAccessors: .HysteresisWithRandomLosses

===========================================================================================
----------------- testing Wed May 15 17:40:05 UTC 2019 /home/travis/build/icyphy/ptII/ptolemy/domains/continuous/test/auto/ImmediateTransitions.xml
----------------- Instantiating /home/travis/build/icyphy/ptII/ptolemy/domains/continuous/test/auto/ImmediateTransitions.xml
8 ms. Memory: 589312K Free: 346268K (59%)
----------------- Invoking toplevel() on ptolemy.moml.MoMLSimpleApplication@7f732c1f
----------------- Done invoking toplevel() on ptolemy.moml.MoMLSimpleApplication@7f732c1f
reloadAllAccessors: .ImmediateTransitions

===========================================================================================
----------------- testing Wed May 15 17:40:05 UTC 2019 /home/travis/build/icyphy/ptII/ptolemy/domains/continuous/test/auto/ImpulseFeedback.xml
----------------- Instantiating /home/travis/build/icyphy/ptII/ptolemy/domains/continuous/test/auto/ImpulseFeedback.xml
6 ms. Memory: 589312K Free: 335033K (57%)
----------------- Invoking toplevel() on ptolemy.moml.MoMLSimpleApplication@69860dd8
----------------- Done invoking toplevel() on ptolemy.moml.MoMLSimpleApplication@69860dd8
reloadAllAccessors: .ImpulseFeedback

===========================================================================================
----------------- testing Wed May 15 17:40:05 UTC 2019 /home/travis/build/icyphy/ptII/ptolemy/domains/continuous/test/auto/ImpulseFeedback2.xml
----------------- Instantiating /home/travis/build/icyphy/ptII/ptolemy/domains/continuous/test/auto/ImpulseFeedback2.xml
4 ms. Memory: 589312K Free: 324024K (55%)
----------------- Invoking toplevel() on ptolemy.moml.MoMLSimpleApplication@4f98121
----------------- Done invoking toplevel() on ptolemy.moml.MoMLSimpleApplication@4f98121
reloadAllAccessors: .ImpulseFeedback2

===========================================================================================
----------------- testing Wed May 15 17:40:05 UTC 2019 /home/travis/build/icyphy/ptII/ptolemy/domains/continuous/test/auto/IncreasingRatePoisson.xml
----------------- Instantiating /home/travis/build/icyphy/ptII/ptolemy/domains/continuous/test/auto/IncreasingRatePoisson.xml
658 ms. Memory: 574464K Free: 497550K (87%)
----------------- Invoking toplevel() on ptolemy.moml.MoMLSimpleApplication@435fd836
----------------- Done invoking toplevel() on ptolemy.moml.MoMLSimpleApplication@435fd836
reloadAllAccessors: .IncreasingRatePoisson

===========================================================================================
----------------- testing Wed May 15 17:40:06 UTC 2019 /home/travis/build/icyphy/ptII/ptolemy/domains/continuous/test/auto/InitialStateFeedback.xml
----------------- Instantiating /home/travis/build/icyphy/ptII/ptolemy/domains/continuous/test/auto/InitialStateFeedback.xml
7 ms. Memory: 574464K Free: 488489K (85%)
----------------- Invoking toplevel() on ptolemy.moml.MoMLSimpleApplication@37e81968
----------------- Done invoking toplevel() on ptolemy.moml.MoMLSimpleApplication@37e81968
reloadAllAccessors: .InitialStateFeedback

===========================================================================================
----------------- testing Wed May 15 17:40:06 UTC 2019 /home/travis/build/icyphy/ptII/ptolemy/domains/continuous/test/auto/Integration.xml
----------------- Instantiating /home/travis/build/icyphy/ptII/ptolemy/domains/continuous/test/auto/Integration.xml
4 ms. Memory: 574464K Free: 481112K (84%)
----------------- Invoking toplevel() on ptolemy.moml.MoMLSimpleApplication@42a5dba7
----------------- Done invoking toplevel() on ptolemy.moml.MoMLSimpleApplication@42a5dba7
reloadAllAccessors: .Integration

===========================================================================================
----------------- testing Wed May 15 17:40:06 UTC 2019 /home/travis/build/icyphy/ptII/ptolemy/domains/continuous/test/auto/Integration2.xml
----------------- Instantiating /home/travis/build/icyphy/ptII/ptolemy/domains/continuous/test/auto/Integration2.xml
76 ms. Memory: 574464K Free: 460973K (80%)
----------------- Invoking toplevel() on ptolemy.moml.MoMLSimpleApplication@70717fb1
----------------- Done invoking toplevel() on ptolemy.moml.MoMLSimpleApplication@70717fb1
reloadAllAccessors: .Integration2

===========================================================================================
----------------- testing Wed May 15 17:40:06 UTC 2019 /home/travis/build/icyphy/ptII/ptolemy/domains/continuous/test/auto/Integration3.xml
----------------- Instantiating /home/travis/build/icyphy/ptII/ptolemy/domains/continuous/test/auto/Integration3.xml
2 ms. Memory: 574464K Free: 453595K (79%)
----------------- Invoking toplevel() on ptolemy.moml.MoMLSimpleApplication@da6b11e
----------------- Done invoking toplevel() on ptolemy.moml.MoMLSimpleApplication@da6b11e
reloadAllAccessors: .Integration3

===========================================================================================
----------------- testing Wed May 15 17:40:06 UTC 2019 /home/travis/build/icyphy/ptII/ptolemy/domains/continuous/test/auto/Integration5.xml
----------------- Instantiating /home/travis/build/icyphy/ptII/ptolemy/domains/continuous/test/auto/Integration5.xml
2 ms. Memory: 574464K Free: 446371K (78%)
----------------- Invoking toplevel() on ptolemy.moml.MoMLSimpleApplication@1b4bef93
----------------- Done invoking toplevel() on ptolemy.moml.MoMLSimpleApplication@1b4bef93
reloadAllAccessors: .Integration5

===========================================================================================
----------------- testing Wed May 15 17:40:06 UTC 2019 /home/travis/build/icyphy/ptII/ptolemy/domains/continuous/test/auto/IntegratorImpulse.xml
----------------- Instantiating /home/travis/build/icyphy/ptII/ptolemy/domains/continuous/test/auto/IntegratorImpulse.xml
3 ms. Memory: 574464K Free: 438994K (76%)
----------------- Invoking toplevel() on ptolemy.moml.MoMLSimpleApplication@1cd67642
----------------- Done invoking toplevel() on ptolemy.moml.MoMLSimpleApplication@1cd67642
reloadAllAccessors: .IntegratorImpulse

===========================================================================================
----------------- testing Wed May 15 17:40:06 UTC 2019 /home/travis/build/icyphy/ptII/ptolemy/domains/continuous/test/auto/IntegratorImpulse2.xml
----------------- Instantiating /home/travis/build/icyphy/ptII/ptolemy/domains/continuous/test/auto/IntegratorImpulse2.xml
4 ms. Memory: 574464K Free: 431616K (75%)
----------------- Invoking toplevel() on ptolemy.moml.MoMLSimpleApplication@401d9dbf
----------------- Done invoking toplevel() on ptolemy.moml.MoMLSimpleApplication@401d9dbf
reloadAllAccessors: .IntegratorImpulse2

===========================================================================================
----------------- testing Wed May 15 17:40:06 UTC 2019 /home/travis/build/icyphy/ptII/ptolemy/domains/continuous/test/auto/LevelCrossing1.xml
----------------- Instantiating /home/travis/build/icyphy/ptII/ptolemy/domains/continuous/test/auto/LevelCrossing1.xml
3 ms. Memory: 574464K Free: 421163K (73%)
----------------- Invoking toplevel() on ptolemy.moml.MoMLSimpleApplication@7212b83d
----------------- Done invoking toplevel() on ptolemy.moml.MoMLSimpleApplication@7212b83d
reloadAllAccessors: .LevelCrossing1

===========================================================================================
----------------- testing Wed May 15 17:40:06 UTC 2019 /home/travis/build/icyphy/ptII/ptolemy/domains/continuous/test/auto/LevelCrossing2.xml
----------------- Instantiating /home/travis/build/icyphy/ptII/ptolemy/domains/continuous/test/auto/LevelCrossing2.xml
3 ms. Memory: 574464K Free: 410557K (71%)
----------------- Invoking toplevel() on ptolemy.moml.MoMLSimpleApplication@4429b552
----------------- Done invoking toplevel() on ptolemy.moml.MoMLSimpleApplication@4429b552
reloadAllAccessors: .LevelCrossing2

===========================================================================================
----------------- testing Wed May 15 17:40:06 UTC 2019 /home/travis/build/icyphy/ptII/ptolemy/domains/continuous/test/auto/LevelCrossing3.xml
----------------- Instantiating /home/travis/build/icyphy/ptII/ptolemy/domains/continuous/test/auto/LevelCrossing3.xml
2 ms. Memory: 574464K Free: 399942K (70%)
----------------- Invoking toplevel() on ptolemy.moml.MoMLSimpleApplication@5723d8d8
----------------- Done invoking toplevel() on ptolemy.moml.MoMLSimpleApplication@5723d8d8
reloadAllAccessors: .LevelCrossing3

===========================================================================================
----------------- testing Wed May 15 17:40:06 UTC 2019 /home/travis/build/icyphy/ptII/ptolemy/domains/continuous/test/auto/LevelCrossing4.xml
----------------- Instantiating /home/travis/build/icyphy/ptII/ptolemy/domains/continuous/test/auto/LevelCrossing4.xml
3 ms. Memory: 574464K Free: 389473K (68%)
----------------- Invoking toplevel() on ptolemy.moml.MoMLSimpleApplication@14e2b3be
----------------- Done invoking toplevel() on ptolemy.moml.MoMLSimpleApplication@14e2b3be
reloadAllAccessors: .LevelCrossing4

===========================================================================================
----------------- testing Wed May 15 17:40:06 UTC 2019 /home/travis/build/icyphy/ptII/ptolemy/domains/continuous/test/auto/LevelCrossing5.xml
----------------- Instantiating /home/travis/build/icyphy/ptII/ptolemy/domains/continuous/test/auto/LevelCrossing5.xml
2 ms. Memory: 574464K Free: 378867K (66%)
----------------- Invoking toplevel() on ptolemy.moml.MoMLSimpleApplication@73df70af
----------------- Done invoking toplevel() on ptolemy.moml.MoMLSimpleApplication@73df70af
reloadAllAccessors: .LevelCrossing5

===========================================================================================
[...]

===========================================================================================
----------------- testing Wed May 15 17:40:23 UTC 2019 /home/travis/build/icyphy/ptII/ptolemy/domains/continuous/test/auto/SRinContinuous.xml
----------------- Instantiating /home/travis/build/icyphy/ptII/ptolemy/domains/continuous/test/auto/SRinContinuous.xml
4 ms. Memory: 670208K Free: 119734K (18%)
----------------- Invoking toplevel() on ptolemy.moml.MoMLSimpleApplication@1d8a9180
----------------- Done invoking toplevel() on ptolemy.moml.MoMLSimpleApplication@1d8a9180
reloadAllAccessors: .SRinContinuous

===========================================================================================
----------------- testing Wed May 15 17:40:23 UTC 2019 /home/travis/build/icyphy/ptII/ptolemy/domains/continuous/test/auto/SampledClocks.xml
----------------- Instantiating /home/travis/build/icyphy/ptII/ptolemy/domains/continuous/test/auto/SampledClocks.xml
8 ms. Memory: 670208K Free: 106973K (16%)
----------------- Invoking toplevel() on ptolemy.moml.MoMLSimpleApplication@d7fd31b
----------------- Done invoking toplevel() on ptolemy.moml.MoMLSimpleApplication@d7fd31b
reloadAllAccessors: .SampledClocks

===========================================================================================
----------------- testing Wed May 15 17:40:23 UTC 2019 /home/travis/build/icyphy/ptII/ptolemy/domains/continuous/test/auto/Satellite.xml
----------------- Instantiating /home/travis/build/icyphy/ptII/ptolemy/domains/continuous/test/auto/Satellite.xml
753 ms. Memory: 650752K Free: 493915K (76%)
----------------- Invoking toplevel() on ptolemy.moml.MoMLSimpleApplication@14a8795d
----------------- Done invoking toplevel() on ptolemy.moml.MoMLSimpleApplication@14a8795d
reloadAllAccessors: .Satellite

===========================================================================================
----------------- testing Wed May 15 17:40:23 UTC 2019 /home/travis/build/icyphy/ptII/ptolemy/domains/continuous/test/auto/SigmaDelta.xml
----------------- Instantiating /home/travis/build/icyphy/ptII/ptolemy/domains/continuous/test/auto/SigmaDelta.xml
2080 ms. Memory: 650752K Free: 115500K (18%)
----------------- Invoking toplevel() on ptolemy.moml.MoMLSimpleApplication@836aada
----------------- Done invoking toplevel() on ptolemy.moml.MoMLSimpleApplication@836aada
reloadAllAccessors: .SigmaDelta

===========================================================================================
----------------- testing Wed May 15 17:40:26 UTC 2019 /home/travis/build/icyphy/ptII/ptolemy/domains/continuous/test/auto/SingleRefinement.xml
----------------- Instantiating /home/travis/build/icyphy/ptII/ptolemy/domains/continuous/test/auto/SingleRefinement.xml
298 ms. Memory: 617472K Free: 458535K (74%)
----------------- Invoking toplevel() on ptolemy.moml.MoMLSimpleApplication@bb58b31
----------------- Done invoking toplevel() on ptolemy.moml.MoMLSimpleApplication@bb58b31
reloadAllAccessors: .SingleRefinement

===========================================================================================
----------------- testing Wed May 15 17:40:26 UTC 2019 /home/travis/build/icyphy/ptII/ptolemy/domains/continuous/test/auto/SinuBouncingBall.xml
----------------- Instantiating /home/travis/build/icyphy/ptII/ptolemy/domains/continuous/test/auto/SinuBouncingBall.xml
760 ms. Memory: 617472K Free: 235899K (38%)
----------------- Invoking toplevel() on ptolemy.moml.MoMLSimpleApplication@30b4f9b7
----------------- Done invoking toplevel() on ptolemy.moml.MoMLSimpleApplication@30b4f9b7
reloadAllAccessors: .SinuBouncingBall

===========================================================================================
----------------- testing Wed May 15 17:40:27 UTC 2019 /home/travis/build/icyphy/ptII/ptolemy/domains/continuous/test/auto/Sinusoid.xml
----------------- Instantiating /home/travis/build/icyphy/ptII/ptolemy/domains/continuous/test/auto/Sinusoid.xml
5 ms. Memory: 617472K Free: 229607K (37%)
----------------- Invoking toplevel() on ptolemy.moml.MoMLSimpleApplication@67eb9209
----------------- Done invoking toplevel() on ptolemy.moml.MoMLSimpleApplication@67eb9209
reloadAllAccessors: .Sinusoid

===========================================================================================
----------------- testing Wed May 15 17:40:27 UTC 2019 /home/travis/build/icyphy/ptII/ptolemy/domains/continuous/test/auto/SinusoidInNoise.xml
----------------- Instantiating /home/travis/build/icyphy/ptII/ptolemy/domains/continuous/test/auto/SinusoidInNoise.xml
1013 ms. Memory: 617472K Free: 30683K (5%)
----------------- Invoking toplevel() on ptolemy.moml.MoMLSimpleApplication@467599ae
----------------- Done invoking toplevel() on ptolemy.moml.MoMLSimpleApplication@467599ae
reloadAllAccessors: .SinusoidInNoise

===========================================================================================
----------------- testing Wed May 15 17:40:28 UTC 2019 /home/travis/build/icyphy/ptII/ptolemy/domains/continuous/test/auto/SinusoidRK45.xml
----------------- Instantiating /home/travis/build/icyphy/ptII/ptolemy/domains/continuous/test/auto/SinusoidRK45.xml
2 ms. Memory: 617472K Free: 24658K (4%)
----------------- Invoking toplevel() on ptolemy.moml.MoMLSimpleApplication@5b64fc1e
----------------- Done invoking toplevel() on ptolemy.moml.MoMLSimpleApplication@5b64fc1e
reloadAllAccessors: .SinusoidRK45

===========================================================================================
----------------- testing Wed May 15 17:40:28 UTC 2019 /home/travis/build/icyphy/ptII/ptolemy/domains/continuous/test/auto/SinusoidWithMultipleImpulses.xml
----------------- Instantiating /home/travis/build/icyphy/ptII/ptolemy/domains/continuous/test/auto/SinusoidWithMultipleImpulses.xml
3 ms. Memory: 591360K Free: 525743K (89%)
----------------- Invoking toplevel() on ptolemy.moml.MoMLSimpleApplication@370b2bee
----------------- Done invoking toplevel() on ptolemy.moml.MoMLSimpleApplication@370b2bee
reloadAllAccessors: .SinusoidWithMultipleImpulses

===========================================================================================
----------------- testing Wed May 15 17:40:28 UTC 2019 /home/travis/build/icyphy/ptII/ptolemy/domains/continuous/test/auto/SquareWave.xml
----------------- Instantiating /home/travis/build/icyphy/ptII/ptolemy/domains/continuous/test/auto/SquareWave.xml
168 ms. Memory: 591360K Free: 497599K (84%)
----------------- Invoking toplevel() on ptolemy.moml.MoMLSimpleApplication@193f4504
----------------- Done invoking toplevel() on ptolemy.moml.MoMLSimpleApplication@193f4504
reloadAllAccessors: .SquareWave

===========================================================================================
----------------- testing Wed May 15 17:40:28 UTC 2019 /home/travis/build/icyphy/ptII/ptolemy/domains/continuous/test/auto/Starmac.xml
----------------- Instantiating /home/travis/build/icyphy/ptII/ptolemy/domains/continuous/test/auto/Starmac.xml
3064 ms. Memory: 591360K Free: 129153K (22%)
----------------- Invoking toplevel() on ptolemy.moml.MoMLSimpleApplication@56472bd2
----------------- Done invoking toplevel() on ptolemy.moml.MoMLSimpleApplication@56472bd2
reloadAllAccessors: .Starmac

===========================================================================================
----------------- testing Wed May 15 17:40:32 UTC 2019 /home/travis/build/icyphy/ptII/ptolemy/domains/continuous/test/auto/StaticUnits.xml
----------------- Instantiating /home/travis/build/icyphy/ptII/ptolemy/domains/continuous/test/auto/StaticUnits.xml
1979 ms. Memory: 575488K Free: 156300K (27%)
----------------- Invoking toplevel() on ptolemy.moml.MoMLSimpleApplication@3d5f29f1
----------------- Done invoking toplevel() on ptolemy.moml.MoMLSimpleApplication@3d5f29f1
reloadAllAccessors: .StaticUnits

===========================================================================================
----------------- testing Wed May 15 17:40:34 UTC 2019 /home/travis/build/icyphy/ptII/ptolemy/domains/continuous/test/auto/StickyMasses.xml
----------------- Instantiating /home/travis/build/icyphy/ptII/ptolemy/domains/continuous/test/auto/StickyMasses.xml
134 ms. Memory: 575488K Free: 97755K (17%)
----------------- Invoking toplevel() on ptolemy.moml.MoMLSimpleApplication@2b89849e
----------------- Done invoking toplevel() on ptolemy.moml.MoMLSimpleApplication@2b89849e
reloadAllAccessors: .StickyMasses

===========================================================================================
----------------- testing Wed May 15 17:40:34 UTC 2019 /home/travis/build/icyphy/ptII/ptolemy/domains/continuous/test/auto/StopTime.xml
----------------- Instantiating /home/travis/build/icyphy/ptII/ptolemy/domains/continuous/test/auto/StopTime.xml
42 ms. Memory: 575488K Free: 67556K (12%)
----------------- Invoking toplevel() on ptolemy.moml.MoMLSimpleApplication@54743b8b
----------------- Done invoking toplevel() on ptolemy.moml.MoMLSimpleApplication@54743b8b
reloadAllAccessors: .StopTime

===========================================================================================
----------------- testing Wed May 15 17:40:34 UTC 2019 /home/travis/build/icyphy/ptII/ptolemy/domains/continuous/test/auto/StopTime2.xml
----------------- Instantiating /home/travis/build/icyphy/ptII/ptolemy/domains/continuous/test/auto/StopTime2.xml
32 ms. Memory: 575488K Free: 40614K (7%)
----------------- Invoking toplevel() on ptolemy.moml.MoMLSimpleApplication@1f9284ae
----------------- Done invoking toplevel() on ptolemy.moml.MoMLSimpleApplication@1f9284ae
reloadAllAccessors: .StopTime2

===========================================================================================
----------------- testing Wed May 15 17:40:34 UTC 2019 /home/travis/build/icyphy/ptII/ptolemy/domains/continuous/test/auto/Switch.xml
----------------- Instantiating /home/travis/build/icyphy/ptII/ptolemy/domains/continuous/test/auto/Switch.xml
55 ms. Memory: 545280K Free: 466452K (86%)
----------------- Invoking toplevel() on ptolemy.moml.MoMLSimpleApplication@44a75350
----------------- Done invoking toplevel() on ptolemy.moml.MoMLSimpleApplication@44a75350
reloadAllAccessors: .Switch

===========================================================================================
----------------- testing Wed May 15 17:40:34 UTC 2019 /home/travis/build/icyphy/ptII/ptolemy/domains/continuous/test/auto/Thermostat.xml
----------------- Instantiating /home/travis/build/icyphy/ptII/ptolemy/domains/continuous/test/auto/Thermostat.xml
167 ms. Memory: 545280K Free: 389318K (71%)
----------------- Invoking toplevel() on ptolemy.moml.MoMLSimpleApplication@15b67c67
----------------- Done invoking toplevel() on ptolemy.moml.MoMLSimpleApplication@15b67c67
reloadAllAccessors: .Thermostat

===========================================================================================
----------------- testing Wed May 15 17:40:35 UTC 2019 /home/travis/build/icyphy/ptII/ptolemy/domains/continuous/test/auto/TimeDelay.xml
----------------- Instantiating /home/travis/build/icyphy/ptII/ptolemy/domains/continuous/test/auto/TimeDelay.xml
7 ms. Memory: 545280K Free: 381404K (70%)
----------------- Invoking toplevel() on ptolemy.moml.MoMLSimpleApplication@35c51e
----------------- Done invoking toplevel() on ptolemy.moml.MoMLSimpleApplication@35c51e
reloadAllAccessors: .TimeDelay

===========================================================================================
----------------- testing Wed May 15 17:40:35 UTC 2019 /home/travis/build/icyphy/ptII/ptolemy/domains/continuous/test/auto/TimeDelay2.xml
----------------- Instantiating /home/travis/build/icyphy/ptII/ptolemy/domains/continuous/test/auto/TimeDelay2.xml
7 ms. Memory: 545280K Free: 373483K (68%)
----------------- Invoking toplevel() on ptolemy.moml.MoMLSimpleApplication@38d2ff44
----------------- Done invoking toplevel() on ptolemy.moml.MoMLSimpleApplication@38d2ff44
reloadAllAccessors: .TimeDelay2

===========================================================================================
----------------- testing Wed May 15 17:40:35 UTC 2019 /home/travis/build/icyphy/ptII/ptolemy/domains/continuous/test/auto/TimeDelay3.xml
----------------- Instantiating /home/travis/build/icyphy/ptII/ptolemy/domains/continuous/test/auto/TimeDelay3.xml
6 ms. Memory: 545280K Free: 365649K (67%)
----------------- Invoking toplevel() on ptolemy.moml.MoMLSimpleApplication@3a87e8af
----------------- Done invoking toplevel() on ptolemy.moml.MoMLSimpleApplication@3a87e8af
reloadAllAccessors: .TimeDelay3

===========================================================================================
----------------- testing Wed May 15 17:40:35 UTC 2019 /home/travis/build/icyphy/ptII/ptolemy/domains/continuous/test/auto/TransferAbsentToInside.xml
----------------- Instantiating /home/travis/build/icyphy/ptII/ptolemy/domains/continuous/test/auto/TransferAbsentToInside.xml
25 ms. Memory: 545280K Free: 306581K (56%)
----------------- Invoking toplevel() on ptolemy.moml.MoMLSimpleApplication@6f2f8fe1
----------------- Done invoking toplevel() on ptolemy.moml.MoMLSimpleApplication@6f2f8fe1
reloadAllAccessors: .TransferAbsentToInside

===========================================================================================
----------------- testing Wed May 15 17:40:35 UTC 2019 /home/travis/build/icyphy/ptII/ptolemy/domains/continuous/test/auto/Transmission.xml
----------------- Instantiating /home/travis/build/icyphy/ptII/ptolemy/domains/continuous/test/auto/Transmission.xml
702 ms. Memory: 545280K Free: 68145K (12%)
----------------- Invoking toplevel() on ptolemy.moml.MoMLSimpleApplication@d353127
----------------- Done invoking toplevel() on ptolemy.moml.MoMLSimpleApplication@d353127
reloadAllAccessors: .Transmission

===========================================================================================
----------------- testing Wed May 15 17:40:35 UTC 2019 /home/travis/build/icyphy/ptII/ptolemy/domains/continuous/test/auto/TriggeredContinuousClock.xml
----------------- Instantiating /home/travis/build/icyphy/ptII/ptolemy/domains/continuous/test/auto/TriggeredContinuousClock.xml
36 ms. Memory: 545280K Free: 34606K (6%)
----------------- Invoking toplevel() on ptolemy.moml.MoMLSimpleApplication@6fc4fefd
----------------- Done invoking toplevel() on ptolemy.moml.MoMLSimpleApplication@6fc4fefd
reloadAllAccessors: .TriggeredContinuousClock

===========================================================================================
----------------- testing Wed May 15 17:40:36 UTC 2019 /home/travis/build/icyphy/ptII/ptolemy/domains/continuous/test/auto/TwoMachineInfiniteBusControl.xml
----------------- Instantiating /home/travis/build/icyphy/ptII/ptolemy/domains/continuous/test/auto/TwoMachineInfiniteBusControl.xml
2727 ms. Memory: 503808K Free: 337739K (67%)
----------------- Invoking toplevel() on ptolemy.moml.MoMLSimpleApplication@8a06fc4
----------------- Done invoking toplevel() on ptolemy.moml.MoMLSimpleApplication@8a06fc4
reloadAllAccessors: .TwoMachineInfiniteBusControl

===========================================================================================
----------------- testing Wed May 15 17:40:38 UTC 2019 /home/travis/build/icyphy/ptII/ptolemy/domains/continuous/test/auto/V2V.xml
----------------- Instantiating /home/travis/build/icyphy/ptII/ptolemy/domains/continuous/test/auto/V2V.xml
711 ms. Memory: 503808K Free: 145308K (29%)
----------------- Invoking toplevel() on ptolemy.moml.MoMLSimpleApplication@88a721a
----------------- Done invoking toplevel() on ptolemy.moml.MoMLSimpleApplication@88a721a
reloadAllAccessors: .V2V

===========================================================================================
----------------- testing Wed May 15 17:40:39 UTC 2019 /home/travis/build/icyphy/ptII/ptolemy/domains/continuous/test/auto/hierarchicalModalModel.xml
----------------- Instantiating /home/travis/build/icyphy/ptII/ptolemy/domains/continuous/test/auto/hierarchicalModalModel.xml
11 ms. Memory: 503808K Free: 127456K (25%)
----------------- Invoking toplevel() on ptolemy.moml.MoMLSimpleApplication@620e7aa9
----------------- Done invoking toplevel() on ptolemy.moml.MoMLSimpleApplication@620e7aa9
reloadAllAccessors: .hierarchicalModalModel

===========================================================================================
----------------- testing Wed May 15 17:40:39 UTC 2019 /home/travis/build/icyphy/ptII/ptolemy/domains/continuous/test/auto/hierarchicalModalModel1.xml
----------------- Instantiating /home/travis/build/icyphy/ptII/ptolemy/domains/continuous/test/auto/hierarchicalModalModel1.xml
8 ms. Memory: 503808K Free: 109544K (22%)
----------------- Invoking toplevel() on ptolemy.moml.MoMLSimpleApplication@620318ff
----------------- Done invoking toplevel() on ptolemy.moml.MoMLSimpleApplication@620318ff
reloadAllAccessors: .hierarchicalModalModel1

===========================================================================================
----------------- testing Wed May 15 17:40:39 UTC 2019 /home/travis/build/icyphy/ptII/ptolemy/domains/continuous/test/auto/hierarchicalModalModel2.xml
----------------- Instantiating /home/travis/build/icyphy/ptII/ptolemy/domains/continuous/test/auto/hierarchicalModalModel2.xml
6 ms. Memory: 503808K Free: 93826K (19%)
----------------- Invoking toplevel() on ptolemy.moml.MoMLSimpleApplication@20b003a0
----------------- Done invoking toplevel() on ptolemy.moml.MoMLSimpleApplication@20b003a0
reloadAllAccessors: .hierarchicalModalModel2

===========================================================================================
----------------- testing Wed May 15 17:40:39 UTC 2019 /home/travis/build/icyphy/ptII/ptolemy/domains/continuous/test/auto/hierarchicalModalModel3.xml
----------------- Instantiating /home/travis/build/icyphy/ptII/ptolemy/domains/continuous/test/auto/hierarchicalModalModel3.xml
5 ms. Memory: 503808K Free: 80149K (16%)
----------------- Invoking toplevel() on ptolemy.moml.MoMLSimpleApplication@51f625ab
----------------- Done invoking toplevel() on ptolemy.moml.MoMLSimpleApplication@51f625ab
reloadAllAccessors: .hierarchicalModalModel3

===========================================================================================
----------------- testing Wed May 15 17:40:39 UTC 2019 /home/travis/build/icyphy/ptII/ptolemy/domains/continuous/test/auto/hierarchicalModalModel4.xml
----------------- Instantiating /home/travis/build/icyphy/ptII/ptolemy/domains/continuous/test/auto/hierarchicalModalModel4.xml
5 ms. Memory: 503808K Free: 66556K (13%)
----------------- Invoking toplevel() on ptolemy.moml.MoMLSimpleApplication@59e0e285
----------------- Done invoking toplevel() on ptolemy.moml.MoMLSimpleApplication@59e0e285
reloadAllAccessors: .hierarchicalModalModel4

===========================================================================================
----------------- testing Wed May 15 17:40:39 UTC 2019 /home/travis/build/icyphy/ptII/ptolemy/domains/continuous/test/auto/junk.xml
----------------- Instantiating /home/travis/build/icyphy/ptII/ptolemy/domains/continuous/test/auto/junk.xml
134 ms. Memory: 503808K Free: 33894K (7%)
----------------- Invoking toplevel() on ptolemy.moml.MoMLSimpleApplication@74b1631
----------------- Done invoking toplevel() on ptolemy.moml.MoMLSimpleApplication@74b1631
reloadAllAccessors: .junk
AutoTests.java: About to close Vertx.
AutoTests.java: Vertx closed.
]]></system-out>
  <system-err><![CDATA[Warning: '.HysteresisWithRandomDelay.NonStrictTest3' The test produced only 24 tokens, yet the correctValues parameter was expecting 30 tokens.
Warning: '.IncreasingRatePoisson.NonStrictTest' The test produced only 391 tokens, yet the correctValues parameter was expecting 402 tokens.
Warning: '.Poisson.NonStrictTest' The test produced only 416 tokens, yet the correctValues parameter was expecting 430 tokens.
]]></system-err>
</testsuite>
