<?xml version="1.0" encoding="UTF-8" ?>
<testsuite errors="0" failures="0" hostname="travis-job-65e3a1e9-3753-43cd-84ae-ccf567603a83" name="ptolemy.actor.lib.hoc.test.junit.JUnitTclTest" skipped="0" tests="58" time="36.127" timestamp="2019-10-25T06:10:52">
  <properties>
[...]
</properties>
  <testcase classname="ptolemy.util.test.junit.TclTests" name="[0] /home/travis/build/icyphy/ptII/ptolemy/actor/lib/hoc/test/IterateOverArray.tcl (RunTclFile)" time="0.412" />
  <testcase classname="ptolemy.util.test.junit.AutoKnownFailedTests" name="[0] /home/travis/build/icyphy/ptII/ptolemy/actor/lib/hoc/test/auto/knownFailedTests/PreinitializeMustBeInvokedRunComposite.xml (RunModel)" time="0.513" />
  <testcase classname="ptolemy.util.test.junit.AutoNameArchTests" name="[0] ThereAreNoAutoArchTests (RunModel)" time="0.012" />
  <testcase classname="ptolemy.util.test.junit.AutoTests" name="[0] /home/travis/build/icyphy/ptII/ptolemy/actor/lib/hoc/test/auto/AllToAllMultiInstanceComposite.xml (RunModel)" time="0.484" />
  <testcase classname="ptolemy.util.test.junit.AutoTests" name="[1] /home/travis/build/icyphy/ptII/ptolemy/actor/lib/hoc/test/auto/ApplyFFTTest.xml (RunModel)" time="0.459" />
  <testcase classname="ptolemy.util.test.junit.AutoTests" name="[2] /home/travis/build/icyphy/ptII/ptolemy/actor/lib/hoc/test/auto/ApplyFunction.xml (RunModel)" time="0.07" />
  <testcase classname="ptolemy.util.test.junit.AutoTests" name="[3] /home/travis/build/icyphy/ptII/ptolemy/actor/lib/hoc/test/auto/BackgroundExecution.xml (RunModel)" time="0.795" />
  <testcase classname="ptolemy.util.test.junit.AutoTests" name="[4] /home/travis/build/icyphy/ptII/ptolemy/actor/lib/hoc/test/auto/Case.xml (RunModel)" time="0.079" />
  <testcase classname="ptolemy.util.test.junit.AutoTests" name="[5] /home/travis/build/icyphy/ptII/ptolemy/actor/lib/hoc/test/auto/Case1.xml (RunModel)" time="0.066" />
  <testcase classname="ptolemy.util.test.junit.AutoTests" name="[6] /home/travis/build/icyphy/ptII/ptolemy/actor/lib/hoc/test/auto/Case2.xml (RunModel)" time="0.127" />
  <testcase classname="ptolemy.util.test.junit.AutoTests" name="[7] /home/travis/build/icyphy/ptII/ptolemy/actor/lib/hoc/test/auto/Case3.xml (RunModel)" time="0.056" />
  <testcase classname="ptolemy.util.test.junit.AutoTests" name="[8] /home/travis/build/icyphy/ptII/ptolemy/actor/lib/hoc/test/auto/Case4.xml (RunModel)" time="0.091" />
  <testcase classname="ptolemy.util.test.junit.AutoTests" name="[9] /home/travis/build/icyphy/ptII/ptolemy/actor/lib/hoc/test/auto/Case5.xml (RunModel)" time="0.068" />
  <testcase classname="ptolemy.util.test.junit.AutoTests" name="[10] /home/travis/build/icyphy/ptII/ptolemy/actor/lib/hoc/test/auto/Case6.xml (RunModel)" time="0.114" />
  <testcase classname="ptolemy.util.test.junit.AutoTests" name="[11] /home/travis/build/icyphy/ptII/ptolemy/actor/lib/hoc/test/auto/CaseString2.xml (RunModel)" time="0.058" />
  <testcase classname="ptolemy.util.test.junit.AutoTests" name="[12] /home/travis/build/icyphy/ptII/ptolemy/actor/lib/hoc/test/auto/CatchUpComposite1.xml (RunModel)" time="0.11" />
  <testcase classname="ptolemy.util.test.junit.AutoTests" name="[13] /home/travis/build/icyphy/ptII/ptolemy/actor/lib/hoc/test/auto/CatchUpComposite2.xml (RunModel)" time="0.043" />
  <testcase classname="ptolemy.util.test.junit.AutoTests" name="[14] /home/travis/build/icyphy/ptII/ptolemy/actor/lib/hoc/test/auto/CatchUpComposite3.xml (RunModel)" time="0.063" />
  <testcase classname="ptolemy.util.test.junit.AutoTests" name="[15] /home/travis/build/icyphy/ptII/ptolemy/actor/lib/hoc/test/auto/CatchUpComposite4.xml (RunModel)" time="0.052" />
  <testcase classname="ptolemy.util.test.junit.AutoTests" name="[16] /home/travis/build/icyphy/ptII/ptolemy/actor/lib/hoc/test/auto/CatchUpComposite5.xml (RunModel)" time="0.05" />
  <testcase classname="ptolemy.util.test.junit.AutoTests" name="[17] /home/travis/build/icyphy/ptII/ptolemy/actor/lib/hoc/test/auto/CatchUpComposite6.xml (RunModel)" time="0.188" />
  <testcase classname="ptolemy.util.test.junit.AutoTests" name="[18] /home/travis/build/icyphy/ptII/ptolemy/actor/lib/hoc/test/auto/CatchUpComposite7.xml (RunModel)" time="0.134" />
  <testcase classname="ptolemy.util.test.junit.AutoTests" name="[19] /home/travis/build/icyphy/ptII/ptolemy/actor/lib/hoc/test/auto/ConcurrentExecutionTimeSDF.xml (RunModel)" time="1.568" />
  <testcase classname="ptolemy.util.test.junit.AutoTests" name="[20] /home/travis/build/icyphy/ptII/ptolemy/actor/lib/hoc/test/auto/ConcurrentSleep.xml (RunModel)" time="0.792" />
  <testcase classname="ptolemy.util.test.junit.AutoTests" name="[21] /home/travis/build/icyphy/ptII/ptolemy/actor/lib/hoc/test/auto/DEInPNInRunCompositeActor.xml (RunModel)" time="0.044" />
  <testcase classname="ptolemy.util.test.junit.AutoTests" name="[22] /home/travis/build/icyphy/ptII/ptolemy/actor/lib/hoc/test/auto/DFTSubSetTest.xml (RunModel)" time="0.357" />
  <testcase classname="ptolemy.util.test.junit.AutoTests" name="[23] /home/travis/build/icyphy/ptII/ptolemy/actor/lib/hoc/test/auto/HocDE.xml (RunModel)" time="0.217" />
  <testcase classname="ptolemy.util.test.junit.AutoTests" name="[24] /home/travis/build/icyphy/ptII/ptolemy/actor/lib/hoc/test/auto/IterateOverArray.xml (RunModel)" time="0.036" />
  <testcase classname="ptolemy.util.test.junit.AutoTests" name="[25] /home/travis/build/icyphy/ptII/ptolemy/actor/lib/hoc/test/auto/IterateOverArray10.xml (RunModel)" time="0.037" />
  <testcase classname="ptolemy.util.test.junit.AutoTests" name="[26] /home/travis/build/icyphy/ptII/ptolemy/actor/lib/hoc/test/auto/IterateOverArray11.xml (RunModel)" time="0.029" />
  <testcase classname="ptolemy.util.test.junit.AutoTests" name="[27] /home/travis/build/icyphy/ptII/ptolemy/actor/lib/hoc/test/auto/IterateOverArray12.xml (RunModel)" time="0.044" />
  <testcase classname="ptolemy.util.test.junit.AutoTests" name="[28] /home/travis/build/icyphy/ptII/ptolemy/actor/lib/hoc/test/auto/IterateOverArray13.xml (RunModel)" time="0.18" />
  <testcase classname="ptolemy.util.test.junit.AutoTests" name="[29] /home/travis/build/icyphy/ptII/ptolemy/actor/lib/hoc/test/auto/IterateOverArray14.xml (RunModel)" time="0.169" />
  <testcase classname="ptolemy.util.test.junit.AutoTests" name="[30] /home/travis/build/icyphy/ptII/ptolemy/actor/lib/hoc/test/auto/IterateOverArray2.xml (RunModel)" time="0.042" />
  <testcase classname="ptolemy.util.test.junit.AutoTests" name="[31] /home/travis/build/icyphy/ptII/ptolemy/actor/lib/hoc/test/auto/IterateOverArray3.xml (RunModel)" time="0.029" />
  <testcase classname="ptolemy.util.test.junit.AutoTests" name="[32] /home/travis/build/icyphy/ptII/ptolemy/actor/lib/hoc/test/auto/IterateOverArray4.xml (RunModel)" time="0.036" />
  <testcase classname="ptolemy.util.test.junit.AutoTests" name="[33] /home/travis/build/icyphy/ptII/ptolemy/actor/lib/hoc/test/auto/IterateOverArray5.xml (RunModel)" time="0.027" />
  <testcase classname="ptolemy.util.test.junit.AutoTests" name="[34] /home/travis/build/icyphy/ptII/ptolemy/actor/lib/hoc/test/auto/IterateOverArray6.xml (RunModel)" time="0.021" />
  <testcase classname="ptolemy.util.test.junit.AutoTests" name="[35] /home/travis/build/icyphy/ptII/ptolemy/actor/lib/hoc/test/auto/IterateOverArray7.xml (RunModel)" time="0.035" />
  <testcase classname="ptolemy.util.test.junit.AutoTests" name="[36] /home/travis/build/icyphy/ptII/ptolemy/actor/lib/hoc/test/auto/IterateOverArray8.xml (RunModel)" time="0.027" />
  <testcase classname="ptolemy.util.test.junit.AutoTests" name="[37] /home/travis/build/icyphy/ptII/ptolemy/actor/lib/hoc/test/auto/IterateOverArray9.xml (RunModel)" time="0.027" />
  <testcase classname="ptolemy.util.test.junit.AutoTests" name="[38] /home/travis/build/icyphy/ptII/ptolemy/actor/lib/hoc/test/auto/IterateOverArrayCoercedOutputType.xml (RunModel)" time="0.044" />
  <testcase classname="ptolemy.util.test.junit.AutoTests" name="[39] /home/travis/build/icyphy/ptII/ptolemy/actor/lib/hoc/test/auto/IterateOverArrayInferredOutputType.xml (RunModel)" time="0.031" />
  <testcase classname="ptolemy.util.test.junit.AutoTests" name="[40] /home/travis/build/icyphy/ptII/ptolemy/actor/lib/hoc/test/auto/MobileFunctionTest.xml (RunModel)" time="0.028" />
  <testcase classname="ptolemy.util.test.junit.AutoTests" name="[41] /home/travis/build/icyphy/ptII/ptolemy/actor/lib/hoc/test/auto/MobileModelTest.xml (RunModel)" time="0.236" />
  <testcase classname="ptolemy.util.test.junit.AutoTests" name="[42] /home/travis/build/icyphy/ptII/ptolemy/actor/lib/hoc/test/auto/ModelReference.xml (RunModel)" time="0.074" />
  <testcase classname="ptolemy.util.test.junit.AutoTests" name="[43] /home/travis/build/icyphy/ptII/ptolemy/actor/lib/hoc/test/auto/ModelReference3.xml (RunModel)" time="0.057" />
  <testcase classname="ptolemy.util.test.junit.AutoTests" name="[44] /home/travis/build/icyphy/ptII/ptolemy/actor/lib/hoc/test/auto/ModelReference4.xml (RunModel)" time="10.037" />
  <testcase classname="ptolemy.util.test.junit.AutoTests" name="[45] /home/travis/build/icyphy/ptII/ptolemy/actor/lib/hoc/test/auto/MultiInstanceComposite.xml (RunModel)" time="0.052" />
  <testcase classname="ptolemy.util.test.junit.AutoTests" name="[46] /home/travis/build/icyphy/ptII/ptolemy/actor/lib/hoc/test/auto/MultiInstanceComposite2.xml (RunModel)" time="0.035" />
  <testcase classname="ptolemy.util.test.junit.AutoTests" name="[47] /home/travis/build/icyphy/ptII/ptolemy/actor/lib/hoc/test/auto/MulticoreExecution.xml (RunModel)" time="1.078" />
  <testcase classname="ptolemy.util.test.junit.AutoTests" name="[48] /home/travis/build/icyphy/ptII/ptolemy/actor/lib/hoc/test/auto/ParallelExecution.xml (RunModel)" time="0.952" />
  <testcase classname="ptolemy.util.test.junit.AutoTests" name="[49] /home/travis/build/icyphy/ptII/ptolemy/actor/lib/hoc/test/auto/RunCompositeActor.xml (RunModel)" time="0.03" />
  <testcase classname="ptolemy.util.test.junit.AutoTests" name="[50] /home/travis/build/icyphy/ptII/ptolemy/actor/lib/hoc/test/auto/RunCompositeActor2.xml (RunModel)" time="0.022" />
  <testcase classname="ptolemy.util.test.junit.AutoTests" name="[51] /home/travis/build/icyphy/ptII/ptolemy/actor/lib/hoc/test/auto/RunCompositeActor3.xml (RunModel)" time="0.018" />
  <testcase classname="ptolemy.util.test.junit.AutoTests" name="[52] /home/travis/build/icyphy/ptII/ptolemy/actor/lib/hoc/test/auto/RunCompositeActor4.xml (RunModel)" time="0.024" />
  <testcase classname="ptolemy.util.test.junit.AutoTests" name="[53] /home/travis/build/icyphy/ptII/ptolemy/actor/lib/hoc/test/auto/RunCompositeIterateOverArray.xml (RunModel)" time="0.051" />
  <testcase classname="ptolemy.util.test.junit.AutoTests" name="[54] /home/travis/build/icyphy/ptII/ptolemy/actor/lib/hoc/test/auto/ThreadedJS.xml (RunModel)" time="14.763" />
  <system-out><![CDATA[/home/travis/build/icyphy/ptII/ptolemy/actor/lib/hoc/test/IterateOverArray.tcl
testDefs.tcl: setting time out to 9000 seconds at Fri Oct 25 06:10:52 UTC 2019
10/25/19 06:10:52
Failed: 0  Total Tests: 2  ((Passed: 2, Newly Passed: 0)  Known Failed: 0) /home/travis/build/icyphy/ptII/ptolemy/actor/lib/hoc/test
----------------- testing (KnownFailure) /home/travis/build/icyphy/ptII/ptolemy/actor/lib/hoc/test/auto/knownFailedTests/PreinitializeMustBeInvokedRunComposite.xml
142 ms. Memory: 120832K Free: 79816K (66%)
Known Failure: java.lang.reflect.InvocationTargetException
No auto/linux-amd64/*.xml tests in /home/travis/build/icyphy/ptII/ptolemy/actor/lib/hoc/test
AutoTests.java: About to close Vertx.
AutoTests.java: Vertx closed.

===========================================================================================
----------------- testing Fri Oct 25 06:10:53 UTC 2019 /home/travis/build/icyphy/ptII/ptolemy/actor/lib/hoc/test/auto/AllToAllMultiInstanceComposite.xml
----------------- Instantiating /home/travis/build/icyphy/ptII/ptolemy/actor/lib/hoc/test/auto/AllToAllMultiInstanceComposite.xml
174 ms. Memory: 120832K Free: 95331K (79%)
----------------- Invoking toplevel() on ptolemy.moml.MoMLSimpleApplication@4a2b48c6
----------------- Done invoking toplevel() on ptolemy.moml.MoMLSimpleApplication@4a2b48c6
reloadAllAccessors: .AllToAllMultiInstanceComposite

===========================================================================================
----------------- testing Fri Oct 25 06:10:54 UTC 2019 /home/travis/build/icyphy/ptII/ptolemy/actor/lib/hoc/test/auto/ApplyFFTTest.xml
----------------- Instantiating /home/travis/build/icyphy/ptII/ptolemy/actor/lib/hoc/test/auto/ApplyFFTTest.xml
191 ms. Memory: 120832K Free: 101115K (84%)
----------------- Invoking toplevel() on ptolemy.moml.MoMLSimpleApplication@5b8b0a94
----------------- Done invoking toplevel() on ptolemy.moml.MoMLSimpleApplication@5b8b0a94
reloadAllAccessors: .ApplyFFTTest

===========================================================================================
----------------- testing Fri Oct 25 06:10:54 UTC 2019 /home/travis/build/icyphy/ptII/ptolemy/actor/lib/hoc/test/auto/ApplyFunction.xml
----------------- Instantiating /home/travis/build/icyphy/ptII/ptolemy/actor/lib/hoc/test/auto/ApplyFunction.xml
7 ms. Memory: 120832K Free: 97741K (81%)
----------------- Invoking toplevel() on ptolemy.moml.MoMLSimpleApplication@6fc990da
----------------- Done invoking toplevel() on ptolemy.moml.MoMLSimpleApplication@6fc990da
reloadAllAccessors: .ApplyFunction

===========================================================================================
----------------- testing Fri Oct 25 06:10:54 UTC 2019 /home/travis/build/icyphy/ptII/ptolemy/actor/lib/hoc/test/auto/BackgroundExecution.xml
----------------- Instantiating /home/travis/build/icyphy/ptII/ptolemy/actor/lib/hoc/test/auto/BackgroundExecution.xml
641 ms. Memory: 120832K Free: 90381K (75%)
----------------- Invoking toplevel() on ptolemy.moml.MoMLSimpleApplication@1b0eeb77
----------------- Done invoking toplevel() on ptolemy.moml.MoMLSimpleApplication@1b0eeb77
reloadAllAccessors: .BackgroundExecution

===========================================================================================
----------------- testing Fri Oct 25 06:10:55 UTC 2019 /home/travis/build/icyphy/ptII/ptolemy/actor/lib/hoc/test/auto/Case.xml
----------------- Instantiating /home/travis/build/icyphy/ptII/ptolemy/actor/lib/hoc/test/auto/Case.xml
21 ms. Memory: 120832K Free: 83443K (69%)
----------------- Invoking toplevel() on ptolemy.moml.MoMLSimpleApplication@14bd2484
----------------- Done invoking toplevel() on ptolemy.moml.MoMLSimpleApplication@14bd2484
reloadAllAccessors: .Case

===========================================================================================
----------------- testing Fri Oct 25 06:10:55 UTC 2019 /home/travis/build/icyphy/ptII/ptolemy/actor/lib/hoc/test/auto/Case1.xml
----------------- Instantiating /home/travis/build/icyphy/ptII/ptolemy/actor/lib/hoc/test/auto/Case1.xml
14 ms. Memory: 120832K Free: 76539K (63%)
----------------- Invoking toplevel() on ptolemy.moml.MoMLSimpleApplication@75bc5800
----------------- Done invoking toplevel() on ptolemy.moml.MoMLSimpleApplication@75bc5800
reloadAllAccessors: .Case1

===========================================================================================
----------------- testing Fri Oct 25 06:10:55 UTC 2019 /home/travis/build/icyphy/ptII/ptolemy/actor/lib/hoc/test/auto/Case2.xml
----------------- Instantiating /home/travis/build/icyphy/ptII/ptolemy/actor/lib/hoc/test/auto/Case2.xml
30 ms. Memory: 145408K Free: 125883K (87%)
----------------- Invoking toplevel() on ptolemy.moml.MoMLSimpleApplication@db5dbe4
----------------- Done invoking toplevel() on ptolemy.moml.MoMLSimpleApplication@db5dbe4
reloadAllAccessors: .Case2

===========================================================================================
----------------- testing Fri Oct 25 06:10:56 UTC 2019 /home/travis/build/icyphy/ptII/ptolemy/actor/lib/hoc/test/auto/Case3.xml
----------------- Instantiating /home/travis/build/icyphy/ptII/ptolemy/actor/lib/hoc/test/auto/Case3.xml
20 ms. Memory: 145408K Free: 119694K (82%)
----------------- Invoking toplevel() on ptolemy.moml.MoMLSimpleApplication@7c9437b
----------------- Done invoking toplevel() on ptolemy.moml.MoMLSimpleApplication@7c9437b
reloadAllAccessors: .Case3

===========================================================================================
----------------- testing Fri Oct 25 06:10:56 UTC 2019 /home/travis/build/icyphy/ptII/ptolemy/actor/lib/hoc/test/auto/Case4.xml
----------------- Instantiating /home/travis/build/icyphy/ptII/ptolemy/actor/lib/hoc/test/auto/Case4.xml
30 ms. Memory: 145408K Free: 111882K (77%)
----------------- Invoking toplevel() on ptolemy.moml.MoMLSimpleApplication@2e6b5bd4
----------------- Done invoking toplevel() on ptolemy.moml.MoMLSimpleApplication@2e6b5bd4
reloadAllAccessors: .Case4

===========================================================================================
----------------- testing Fri Oct 25 06:10:56 UTC 2019 /home/travis/build/icyphy/ptII/ptolemy/actor/lib/hoc/test/auto/Case5.xml
----------------- Instantiating /home/travis/build/icyphy/ptII/ptolemy/actor/lib/hoc/test/auto/Case5.xml
30 ms. Memory: 145408K Free: 105740K (73%)
----------------- Invoking toplevel() on ptolemy.moml.MoMLSimpleApplication@3fc3d4e2
----------------- Done invoking toplevel() on ptolemy.moml.MoMLSimpleApplication@3fc3d4e2
reloadAllAccessors: .junk

===========================================================================================
----------------- testing Fri Oct 25 06:10:56 UTC 2019 /home/travis/build/icyphy/ptII/ptolemy/actor/lib/hoc/test/auto/Case6.xml
----------------- Instantiating /home/travis/build/icyphy/ptII/ptolemy/actor/lib/hoc/test/auto/Case6.xml
51 ms. Memory: 145408K Free: 93771K (64%)
----------------- Invoking toplevel() on ptolemy.moml.MoMLSimpleApplication@a9c95fb
----------------- Done invoking toplevel() on ptolemy.moml.MoMLSimpleApplication@a9c95fb
reloadAllAccessors: .Case6

===========================================================================================
----------------- testing Fri Oct 25 06:10:56 UTC 2019 /home/travis/build/icyphy/ptII/ptolemy/actor/lib/hoc/test/auto/CaseString2.xml
----------------- Instantiating /home/travis/build/icyphy/ptII/ptolemy/actor/lib/hoc/test/auto/CaseString2.xml
25 ms. Memory: 145408K Free: 86236K (59%)
----------------- Invoking toplevel() on ptolemy.moml.MoMLSimpleApplication@16840d7a
----------------- Done invoking toplevel() on ptolemy.moml.MoMLSimpleApplication@16840d7a
reloadAllAccessors: .CaseString2

===========================================================================================
----------------- testing Fri Oct 25 06:10:56 UTC 2019 /home/travis/build/icyphy/ptII/ptolemy/actor/lib/hoc/test/auto/CatchUpComposite1.xml
----------------- Instantiating /home/travis/build/icyphy/ptII/ptolemy/actor/lib/hoc/test/auto/CatchUpComposite1.xml
40 ms. Memory: 145408K Free: 125427K (86%)
----------------- Invoking toplevel() on ptolemy.moml.MoMLSimpleApplication@1d615161
----------------- Done invoking toplevel() on ptolemy.moml.MoMLSimpleApplication@1d615161
reloadAllAccessors: .CatchUpComposite1

===========================================================================================
----------------- testing Fri Oct 25 06:10:56 UTC 2019 /home/travis/build/icyphy/ptII/ptolemy/actor/lib/hoc/test/auto/CatchUpComposite2.xml
----------------- Instantiating /home/travis/build/icyphy/ptII/ptolemy/actor/lib/hoc/test/auto/CatchUpComposite2.xml
14 ms. Memory: 145408K Free: 117249K (81%)
----------------- Invoking toplevel() on ptolemy.moml.MoMLSimpleApplication@4566b027
----------------- Done invoking toplevel() on ptolemy.moml.MoMLSimpleApplication@4566b027
reloadAllAccessors: .CatchUpComposite2

===========================================================================================
----------------- testing Fri Oct 25 06:10:56 UTC 2019 /home/travis/build/icyphy/ptII/ptolemy/actor/lib/hoc/test/auto/CatchUpComposite3.xml
----------------- Instantiating /home/travis/build/icyphy/ptII/ptolemy/actor/lib/hoc/test/auto/CatchUpComposite3.xml
27 ms. Memory: 145408K Free: 108640K (75%)
----------------- Invoking toplevel() on ptolemy.moml.MoMLSimpleApplication@277c33f2
----------------- Done invoking toplevel() on ptolemy.moml.MoMLSimpleApplication@277c33f2
reloadAllAccessors: .CatchUpComposite3

===========================================================================================
----------------- testing Fri Oct 25 06:10:56 UTC 2019 /home/travis/build/icyphy/ptII/ptolemy/actor/lib/hoc/test/auto/CatchUpComposite4.xml
----------------- Instantiating /home/travis/build/icyphy/ptII/ptolemy/actor/lib/hoc/test/auto/CatchUpComposite4.xml
18 ms. Memory: 145408K Free: 100865K (69%)
----------------- Invoking toplevel() on ptolemy.moml.MoMLSimpleApplication@1ffd44d3
----------------- Done invoking toplevel() on ptolemy.moml.MoMLSimpleApplication@1ffd44d3
reloadAllAccessors: .CatchUpComposite4

===========================================================================================
----------------- testing Fri Oct 25 06:10:56 UTC 2019 /home/travis/build/icyphy/ptII/ptolemy/actor/lib/hoc/test/auto/CatchUpComposite5.xml
----------------- Instantiating /home/travis/build/icyphy/ptII/ptolemy/actor/lib/hoc/test/auto/CatchUpComposite5.xml
17 ms. Memory: 145408K Free: 93264K (64%)
----------------- Invoking toplevel() on ptolemy.moml.MoMLSimpleApplication@1625e6cd
----------------- Done invoking toplevel() on ptolemy.moml.MoMLSimpleApplication@1625e6cd
reloadAllAccessors: .CatchUpComposite5

===========================================================================================
----------------- testing Fri Oct 25 06:10:56 UTC 2019 /home/travis/build/icyphy/ptII/ptolemy/actor/lib/hoc/test/auto/CatchUpComposite6.xml
----------------- Instantiating /home/travis/build/icyphy/ptII/ptolemy/actor/lib/hoc/test/auto/CatchUpComposite6.xml
WARNING: The execution aspects in this model can influence the timing of actors by delaying the 
execution, potentially changing the behavior. There is no guarantee that actors fire at the 
time they request to be fired. 
Use Ptides for deterministic DE behavior that is not influenced by execution aspects. 

74 ms. Memory: 145408K Free: 78944K (54%)
----------------- Invoking toplevel() on ptolemy.moml.MoMLSimpleApplication@20e605e
----------------- Done invoking toplevel() on ptolemy.moml.MoMLSimpleApplication@20e605e
reloadAllAccessors: .CatchUpComposite6

===========================================================================================
----------------- testing Fri Oct 25 06:10:56 UTC 2019 /home/travis/build/icyphy/ptII/ptolemy/actor/lib/hoc/test/auto/CatchUpComposite7.xml
----------------- Instantiating /home/travis/build/icyphy/ptII/ptolemy/actor/lib/hoc/test/auto/CatchUpComposite7.xml
WARNING: The execution aspects in this model can influence the timing of actors by delaying the 
execution, potentially changing the behavior. There is no guarantee that actors fire at the 
time they request to be fired. 
Use Ptides for deterministic DE behavior that is not influenced by execution aspects. 

65 ms. Memory: 145408K Free: 126108K (87%)
----------------- Invoking toplevel() on ptolemy.moml.MoMLSimpleApplication@1a974609
----------------- Done invoking toplevel() on ptolemy.moml.MoMLSimpleApplication@1a974609
reloadAllAccessors: .CatchUpComposite7

===========================================================================================
----------------- testing Fri Oct 25 06:10:57 UTC 2019 /home/travis/build/icyphy/ptII/ptolemy/actor/lib/hoc/test/auto/ConcurrentExecutionTimeSDF.xml
----------------- Instantiating /home/travis/build/icyphy/ptII/ptolemy/actor/lib/hoc/test/auto/ConcurrentExecutionTimeSDF.xml
Fired ExecutionTime: 40400000
Fired ExecutionTime: 40400000
Fired ExecutionTime: 40400000
Fired ExecutionTime: 40400000
Fired ExecutionTime: 40400000
Fired ExecutionTime: 40400000
Fired ExecutionTime: 40400000
Fired ExecutionTime: 40400000
Fired ExecutionTime: 40400000
Fired ExecutionTime: 40400000
Fired ExecutionTime: 40400000
Fired ExecutionTime: 40400000
Fired ExecutionTime: 40400000
Fired ExecutionTime: 40400000
Fired ExecutionTime: 40400000
Fired ExecutionTime: 40400000
Fired ExecutionTime: 40400000
Fired ExecutionTime: 40400000
Fired ExecutionTime: 40400000
Fired ExecutionTime: 40400000
1534 ms. Memory: 145408K Free: 118940K (82%)
----------------- Invoking toplevel() on ptolemy.moml.MoMLSimpleApplication@211b0ea0
----------------- Done invoking toplevel() on ptolemy.moml.MoMLSimpleApplication@211b0ea0
reloadAllAccessors: .ConcurrentExecutionTimeSDF

===========================================================================================
----------------- testing Fri Oct 25 06:10:58 UTC 2019 /home/travis/build/icyphy/ptII/ptolemy/actor/lib/hoc/test/auto/ConcurrentSleep.xml
----------------- Instantiating /home/travis/build/icyphy/ptII/ptolemy/actor/lib/hoc/test/auto/ConcurrentSleep.xml
742 ms. Memory: 145408K Free: 107166K (74%)
----------------- Invoking toplevel() on ptolemy.moml.MoMLSimpleApplication@654b4609
----------------- Done invoking toplevel() on ptolemy.moml.MoMLSimpleApplication@654b4609
reloadAllAccessors: .ConcurrentSleep

===========================================================================================
----------------- testing Fri Oct 25 06:10:59 UTC 2019 /home/travis/build/icyphy/ptII/ptolemy/actor/lib/hoc/test/auto/DEInPNInRunCompositeActor.xml
----------------- Instantiating /home/travis/build/icyphy/ptII/ptolemy/actor/lib/hoc/test/auto/DEInPNInRunCompositeActor.xml
15 ms. Memory: 145408K Free: 101532K (70%)
----------------- Invoking toplevel() on ptolemy.moml.MoMLSimpleApplication@1ed37470
----------------- Done invoking toplevel() on ptolemy.moml.MoMLSimpleApplication@1ed37470
reloadAllAccessors: .DEInPNInRunCompositeActor

===========================================================================================
----------------- testing Fri Oct 25 06:10:59 UTC 2019 /home/travis/build/icyphy/ptII/ptolemy/actor/lib/hoc/test/auto/DFTSubSetTest.xml
----------------- Instantiating /home/travis/build/icyphy/ptII/ptolemy/actor/lib/hoc/test/auto/DFTSubSetTest.xml
238 ms. Memory: 145408K Free: 59548K (41%)
----------------- Invoking toplevel() on ptolemy.moml.MoMLSimpleApplication@5ec6c1dc
----------------- Done invoking toplevel() on ptolemy.moml.MoMLSimpleApplication@5ec6c1dc
reloadAllAccessors: .DFTSubSetTest

===========================================================================================
----------------- testing Fri Oct 25 06:10:59 UTC 2019 /home/travis/build/icyphy/ptII/ptolemy/actor/lib/hoc/test/auto/HocDE.xml
----------------- Instantiating /home/travis/build/icyphy/ptII/ptolemy/actor/lib/hoc/test/auto/HocDE.xml
161 ms. Memory: 145408K Free: 119675K (82%)
----------------- Invoking toplevel() on ptolemy.moml.MoMLSimpleApplication@4f4ef5c0
----------------- Done invoking toplevel() on ptolemy.moml.MoMLSimpleApplication@4f4ef5c0
reloadAllAccessors: .HocDE

===========================================================================================
----------------- testing Fri Oct 25 06:11:00 UTC 2019 /home/travis/build/icyphy/ptII/ptolemy/actor/lib/hoc/test/auto/IterateOverArray.xml
----------------- Instantiating /home/travis/build/icyphy/ptII/ptolemy/actor/lib/hoc/test/auto/IterateOverArray.xml
10 ms. Memory: 145408K Free: 114677K (79%)
----------------- Invoking toplevel() on ptolemy.moml.MoMLSimpleApplication@d937838
----------------- Done invoking toplevel() on ptolemy.moml.MoMLSimpleApplication@d937838
reloadAllAccessors: .IterateOverArray

===========================================================================================
----------------- testing Fri Oct 25 06:11:00 UTC 2019 /home/travis/build/icyphy/ptII/ptolemy/actor/lib/hoc/test/auto/IterateOverArray10.xml
----------------- Instantiating /home/travis/build/icyphy/ptII/ptolemy/actor/lib/hoc/test/auto/IterateOverArray10.xml
4 ms. Memory: 145408K Free: 111605K (77%)
----------------- Invoking toplevel() on ptolemy.moml.MoMLSimpleApplication@1e4dd7f
----------------- Done invoking toplevel() on ptolemy.moml.MoMLSimpleApplication@1e4dd7f
reloadAllAccessors: .IterateOverArray10

===========================================================================================
----------------- testing Fri Oct 25 06:11:00 UTC 2019 /home/travis/build/icyphy/ptII/ptolemy/actor/lib/hoc/test/auto/IterateOverArray11.xml
----------------- Instantiating /home/travis/build/icyphy/ptII/ptolemy/actor/lib/hoc/test/auto/IterateOverArray11.xml
4 ms. Memory: 145408K Free: 107509K (74%)
----------------- Invoking toplevel() on ptolemy.moml.MoMLSimpleApplication@63033d72
----------------- Done invoking toplevel() on ptolemy.moml.MoMLSimpleApplication@63033d72
reloadAllAccessors: .IterateOverArray11

===========================================================================================
----------------- testing Fri Oct 25 06:11:00 UTC 2019 /home/travis/build/icyphy/ptII/ptolemy/actor/lib/hoc/test/auto/IterateOverArray12.xml
----------------- Instantiating /home/travis/build/icyphy/ptII/ptolemy/actor/lib/hoc/test/auto/IterateOverArray12.xml
18 ms. Memory: 145408K Free: 101365K (70%)
----------------- Invoking toplevel() on ptolemy.moml.MoMLSimpleApplication@39dd22e0
----------------- Done invoking toplevel() on ptolemy.moml.MoMLSimpleApplication@39dd22e0
reloadAllAccessors: .IterateOverArray12

===========================================================================================
----------------- testing Fri Oct 25 06:11:00 UTC 2019 /home/travis/build/icyphy/ptII/ptolemy/actor/lib/hoc/test/auto/IterateOverArray13.xml
----------------- Instantiating /home/travis/build/icyphy/ptII/ptolemy/actor/lib/hoc/test/auto/IterateOverArray13.xml
69 ms. Memory: 145408K Free: 72183K (50%)
----------------- Invoking toplevel() on ptolemy.moml.MoMLSimpleApplication@70d0ee1f
----------------- Done invoking toplevel() on ptolemy.moml.MoMLSimpleApplication@70d0ee1f
reloadAllAccessors: .IterateOverArray13

===========================================================================================
----------------- testing Fri Oct 25 06:11:00 UTC 2019 /home/travis/build/icyphy/ptII/ptolemy/actor/lib/hoc/test/auto/IterateOverArray14.xml
----------------- Instantiating /home/travis/build/icyphy/ptII/ptolemy/actor/lib/hoc/test/auto/IterateOverArray14.xml
93 ms. Memory: 145408K Free: 123017K (85%)
----------------- Invoking toplevel() on ptolemy.moml.MoMLSimpleApplication@7d426448
----------------- Done invoking toplevel() on ptolemy.moml.MoMLSimpleApplication@7d426448
reloadAllAccessors: .IterateOverArray14

===========================================================================================
----------------- testing Fri Oct 25 06:11:00 UTC 2019 /home/travis/build/icyphy/ptII/ptolemy/actor/lib/hoc/test/auto/IterateOverArray2.xml
----------------- Instantiating /home/travis/build/icyphy/ptII/ptolemy/actor/lib/hoc/test/auto/IterateOverArray2.xml
10 ms. Memory: 145408K Free: 117745K (81%)
----------------- Invoking toplevel() on ptolemy.moml.MoMLSimpleApplication@5ae5369
----------------- Done invoking toplevel() on ptolemy.moml.MoMLSimpleApplication@5ae5369
reloadAllAccessors: .IterateOverArray2

===========================================================================================
----------------- testing Fri Oct 25 06:11:00 UTC 2019 /home/travis/build/icyphy/ptII/ptolemy/actor/lib/hoc/test/auto/IterateOverArray3.xml
----------------- Instantiating /home/travis/build/icyphy/ptII/ptolemy/actor/lib/hoc/test/auto/IterateOverArray3.xml
7 ms. Memory: 145408K Free: 111587K (77%)
----------------- Invoking toplevel() on ptolemy.moml.MoMLSimpleApplication@227a3800
----------------- Done invoking toplevel() on ptolemy.moml.MoMLSimpleApplication@227a3800
reloadAllAccessors: .IterateOverArray3

===========================================================================================
----------------- testing Fri Oct 25 06:11:00 UTC 2019 /home/travis/build/icyphy/ptII/ptolemy/actor/lib/hoc/test/auto/IterateOverArray4.xml
----------------- Instantiating /home/travis/build/icyphy/ptII/ptolemy/actor/lib/hoc/test/auto/IterateOverArray4.xml
7 ms. Memory: 145408K Free: 107505K (74%)
----------------- Invoking toplevel() on ptolemy.moml.MoMLSimpleApplication@3dc00ce6
----------------- Done invoking toplevel() on ptolemy.moml.MoMLSimpleApplication@3dc00ce6
reloadAllAccessors: .IterateOverArray4

===========================================================================================
----------------- testing Fri Oct 25 06:11:00 UTC 2019 /home/travis/build/icyphy/ptII/ptolemy/actor/lib/hoc/test/auto/IterateOverArray5.xml
----------------- Instantiating /home/travis/build/icyphy/ptII/ptolemy/actor/lib/hoc/test/auto/IterateOverArray5.xml
6 ms. Memory: 145408K Free: 103409K (71%)
----------------- Invoking toplevel() on ptolemy.moml.MoMLSimpleApplication@600574d9
----------------- Done invoking toplevel() on ptolemy.moml.MoMLSimpleApplication@600574d9
reloadAllAccessors: .IterateOverArray5

===========================================================================================
----------------- testing Fri Oct 25 06:11:00 UTC 2019 /home/travis/build/icyphy/ptII/ptolemy/actor/lib/hoc/test/auto/IterateOverArray6.xml
----------------- Instantiating /home/travis/build/icyphy/ptII/ptolemy/actor/lib/hoc/test/auto/IterateOverArray6.xml
3 ms. Memory: 145408K Free: 99846K (69%)
----------------- Invoking toplevel() on ptolemy.moml.MoMLSimpleApplication@4d90dc7
----------------- Done invoking toplevel() on ptolemy.moml.MoMLSimpleApplication@4d90dc7
reloadAllAccessors: .IterateOverArray6

===========================================================================================
----------------- testing Fri Oct 25 06:11:00 UTC 2019 /home/travis/build/icyphy/ptII/ptolemy/actor/lib/hoc/test/auto/IterateOverArray7.xml
----------------- Instantiating /home/travis/build/icyphy/ptII/ptolemy/actor/lib/hoc/test/auto/IterateOverArray7.xml
15 ms. Memory: 145408K Free: 95638K (66%)
----------------- Invoking toplevel() on ptolemy.moml.MoMLSimpleApplication@162a9b42
----------------- Done invoking toplevel() on ptolemy.moml.MoMLSimpleApplication@162a9b42
reloadAllAccessors: .IterateOverArray7

===========================================================================================
----------------- testing Fri Oct 25 06:11:00 UTC 2019 /home/travis/build/icyphy/ptII/ptolemy/actor/lib/hoc/test/auto/IterateOverArray8.xml
----------------- Instantiating /home/travis/build/icyphy/ptII/ptolemy/actor/lib/hoc/test/auto/IterateOverArray8.xml
5 ms. Memory: 145408K Free: 91711K (63%)
----------------- Invoking toplevel() on ptolemy.moml.MoMLSimpleApplication@556e3259
----------------- Done invoking toplevel() on ptolemy.moml.MoMLSimpleApplication@556e3259
reloadAllAccessors: .IterateOverArray8

===========================================================================================
----------------- testing Fri Oct 25 06:11:00 UTC 2019 /home/travis/build/icyphy/ptII/ptolemy/actor/lib/hoc/test/auto/IterateOverArray9.xml
----------------- Instantiating /home/travis/build/icyphy/ptII/ptolemy/actor/lib/hoc/test/auto/IterateOverArray9.xml
7 ms. Memory: 145408K Free: 87591K (60%)
----------------- Invoking toplevel() on ptolemy.moml.MoMLSimpleApplication@2a0fc3e
----------------- Done invoking toplevel() on ptolemy.moml.MoMLSimpleApplication@2a0fc3e
reloadAllAccessors: .IterateOverArray9

===========================================================================================
----------------- testing Fri Oct 25 06:11:00 UTC 2019 /home/travis/build/icyphy/ptII/ptolemy/actor/lib/hoc/test/auto/IterateOverArrayCoercedOutputType.xml
----------------- Instantiating /home/travis/build/icyphy/ptII/ptolemy/actor/lib/hoc/test/auto/IterateOverArrayCoercedOutputType.xml
6 ms. Memory: 145408K Free: 82447K (57%)
----------------- Invoking toplevel() on ptolemy.moml.MoMLSimpleApplication@62839698
----------------- Done invoking toplevel() on ptolemy.moml.MoMLSimpleApplication@62839698
reloadAllAccessors: .IterateOverArrayCoercedOutputType

===========================================================================================
----------------- testing Fri Oct 25 06:11:00 UTC 2019 /home/travis/build/icyphy/ptII/ptolemy/actor/lib/hoc/test/auto/IterateOverArrayInferredOutputType.xml
----------------- Instantiating /home/travis/build/icyphy/ptII/ptolemy/actor/lib/hoc/test/auto/IterateOverArrayInferredOutputType.xml
13 ms. Memory: 145408K Free: 77809K (54%)
----------------- Invoking toplevel() on ptolemy.moml.MoMLSimpleApplication@43cfdc86
----------------- Done invoking toplevel() on ptolemy.moml.MoMLSimpleApplication@43cfdc86
reloadAllAccessors: .IterateOverArrayInferredOutputType

===========================================================================================
----------------- testing Fri Oct 25 06:11:00 UTC 2019 /home/travis/build/icyphy/ptII/ptolemy/actor/lib/hoc/test/auto/MobileFunctionTest.xml
----------------- Instantiating /home/travis/build/icyphy/ptII/ptolemy/actor/lib/hoc/test/auto/MobileFunctionTest.xml
4 ms. Memory: 145408K Free: 73247K (50%)
----------------- Invoking toplevel() on ptolemy.moml.MoMLSimpleApplication@4e41f092
----------------- Done invoking toplevel() on ptolemy.moml.MoMLSimpleApplication@4e41f092
reloadAllAccessors: .MobileFunctionTest

===========================================================================================
----------------- testing Fri Oct 25 06:11:00 UTC 2019 /home/travis/build/icyphy/ptII/ptolemy/actor/lib/hoc/test/auto/MobileModelTest.xml
----------------- Instantiating /home/travis/build/icyphy/ptII/ptolemy/actor/lib/hoc/test/auto/MobileModelTest.xml
191 ms. Memory: 145408K Free: 52194K (36%)
----------------- Invoking toplevel() on ptolemy.moml.MoMLSimpleApplication@fc7a846
----------------- Done invoking toplevel() on ptolemy.moml.MoMLSimpleApplication@fc7a846
reloadAllAccessors: .MobileModelTest

===========================================================================================
----------------- testing Fri Oct 25 06:11:01 UTC 2019 /home/travis/build/icyphy/ptII/ptolemy/actor/lib/hoc/test/auto/ModelReference.xml
----------------- Instantiating /home/travis/build/icyphy/ptII/ptolemy/actor/lib/hoc/test/auto/ModelReference.xml
13 ms. Memory: 145408K Free: 130557K (90%)
4 ms. Memory: 145408K Free: 129791K (89%)
5 ms. Memory: 145408K Free: 128991K (89%)
2 ms. Memory: 145408K Free: 128231K (88%)
3 ms. Memory: 145408K Free: 127447K (88%)
2 ms. Memory: 145408K Free: 126477K (87%)
2 ms. Memory: 145408K Free: 125655K (86%)
2 ms. Memory: 145408K Free: 124887K (86%)
2 ms. Memory: 145408K Free: 124183K (85%)
4 ms. Memory: 145408K Free: 123365K (85%)
50 ms. Memory: 145408K Free: 123365K (85%)
----------------- Invoking toplevel() on ptolemy.moml.MoMLSimpleApplication@70139c3f
----------------- Done invoking toplevel() on ptolemy.moml.MoMLSimpleApplication@70139c3f
reloadAllAccessors: .ModelReference

===========================================================================================
----------------- testing Fri Oct 25 06:11:01 UTC 2019 /home/travis/build/icyphy/ptII/ptolemy/actor/lib/hoc/test/auto/ModelReference3.xml
----------------- Instantiating /home/travis/build/icyphy/ptII/ptolemy/actor/lib/hoc/test/auto/ModelReference3.xml
2 ms. Memory: 145408K Free: 118550K (82%)
4 ms. Memory: 145408K Free: 117509K (81%)
1 ms. Memory: 145408K Free: 116510K (80%)
4 ms. Memory: 145408K Free: 116069K (80%)
3 ms. Memory: 145408K Free: 115045K (79%)
2 ms. Memory: 145408K Free: 114462K (79%)
4 ms. Memory: 145408K Free: 113430K (78%)
2 ms. Memory: 145408K Free: 112414K (77%)
2 ms. Memory: 145408K Free: 111973K (77%)
1 ms. Memory: 145408K Free: 110949K (76%)
38 ms. Memory: 145408K Free: 110949K (76%)
----------------- Invoking toplevel() on ptolemy.moml.MoMLSimpleApplication@1bbcd136
----------------- Done invoking toplevel() on ptolemy.moml.MoMLSimpleApplication@1bbcd136
reloadAllAccessors: .ModelReference3

===========================================================================================
----------------- testing Fri Oct 25 06:11:01 UTC 2019 /home/travis/build/icyphy/ptII/ptolemy/actor/lib/hoc/test/auto/ModelReference4.xml
----------------- Instantiating /home/travis/build/icyphy/ptII/ptolemy/actor/lib/hoc/test/auto/ModelReference4.xml
3 ms. Memory: 145408K Free: 106284K (73%)
3 ms. Memory: 145408K Free: 104797K (72%)
4 ms. Memory: 145408K Free: 103773K (71%)
2 ms. Memory: 145408K Free: 102787K (71%)
3 ms. Memory: 145408K Free: 101150K (70%)
10 ms. Memory: 145408K Free: 100126K (69%)
2 ms. Memory: 145408K Free: 99116K (68%)
3 ms. Memory: 145408K Free: 97068K (67%)
2 ms. Memory: 145408K Free: 96044K (66%)
2 ms. Memory: 145408K Free: 94982K (65%)
10021 ms. Memory: 145408K Free: 94982K (65%)
----------------- Invoking toplevel() on ptolemy.moml.MoMLSimpleApplication@7b9266fa
----------------- Done invoking toplevel() on ptolemy.moml.MoMLSimpleApplication@7b9266fa
reloadAllAccessors: .ModelReference4

===========================================================================================
----------------- testing Fri Oct 25 06:11:11 UTC 2019 /home/travis/build/icyphy/ptII/ptolemy/actor/lib/hoc/test/auto/MultiInstanceComposite.xml
----------------- Instantiating /home/travis/build/icyphy/ptII/ptolemy/actor/lib/hoc/test/auto/MultiInstanceComposite.xml
26 ms. Memory: 145408K Free: 76149K (52%)
----------------- Invoking toplevel() on ptolemy.moml.MoMLSimpleApplication@5742e598
----------------- Done invoking toplevel() on ptolemy.moml.MoMLSimpleApplication@5742e598
reloadAllAccessors: .MultiInstanceComposite

===========================================================================================
----------------- testing Fri Oct 25 06:11:11 UTC 2019 /home/travis/build/icyphy/ptII/ptolemy/actor/lib/hoc/test/auto/MultiInstanceComposite2.xml
----------------- Instantiating /home/travis/build/icyphy/ptII/ptolemy/actor/lib/hoc/test/auto/MultiInstanceComposite2.xml
18 ms. Memory: 145408K Free: 64837K (45%)
----------------- Invoking toplevel() on ptolemy.moml.MoMLSimpleApplication@2f9ddd5d
----------------- Done invoking toplevel() on ptolemy.moml.MoMLSimpleApplication@2f9ddd5d
reloadAllAccessors: .MultiInstanceComposite2

===========================================================================================
----------------- testing Fri Oct 25 06:11:11 UTC 2019 /home/travis/build/icyphy/ptII/ptolemy/actor/lib/hoc/test/auto/MulticoreExecution.xml
----------------- Instantiating /home/travis/build/icyphy/ptII/ptolemy/actor/lib/hoc/test/auto/MulticoreExecution.xml
Fired ExecutionTime: 5200000
Fired ExecutionTime: 11600000
Fired ExecutionTime: 20000000
Fired ExecutionTime: 23200000
Fired ExecutionTime: 66400000
Fired ExecutionTime: 66800000
Fired ExecutionTime: 66400000
Fired ExecutionTime: 66400000
Fired ExecutionTime: 66400000
Fired ExecutionTime: 69600000
Fired ExecutionTime: 30400000
Fired ExecutionTime: 69200000
Fired ExecutionTime: 48000000
Fired ExecutionTime: 67600000
Fired ExecutionTime: 67200000
Fired ExecutionTime: 68800000
Fired ExecutionTime: 68800000
Fired ExecutionTime: 67600000
Fired ExecutionTime: 66400000
Fired ExecutionTime: 66800000
1056 ms. Memory: 145408K Free: 56108K (39%)
----------------- Invoking toplevel() on ptolemy.moml.MoMLSimpleApplication@55b50364
----------------- Done invoking toplevel() on ptolemy.moml.MoMLSimpleApplication@55b50364
reloadAllAccessors: .MulticoreExecution

===========================================================================================
----------------- testing Fri Oct 25 06:11:12 UTC 2019 /home/travis/build/icyphy/ptII/ptolemy/actor/lib/hoc/test/auto/ParallelExecution.xml
----------------- Instantiating /home/travis/build/icyphy/ptII/ptolemy/actor/lib/hoc/test/auto/ParallelExecution.xml
930 ms. Memory: 145408K Free: 48343K (33%)
----------------- Invoking toplevel() on ptolemy.moml.MoMLSimpleApplication@4647004c
----------------- Done invoking toplevel() on ptolemy.moml.MoMLSimpleApplication@4647004c
reloadAllAccessors: .ParallelExecution

===========================================================================================
----------------- testing Fri Oct 25 06:11:13 UTC 2019 /home/travis/build/icyphy/ptII/ptolemy/actor/lib/hoc/test/auto/RunCompositeActor.xml
----------------- Instantiating /home/travis/build/icyphy/ptII/ptolemy/actor/lib/hoc/test/auto/RunCompositeActor.xml
6 ms. Memory: 145408K Free: 126341K (87%)
----------------- Invoking toplevel() on ptolemy.moml.MoMLSimpleApplication@45d947fa
----------------- Done invoking toplevel() on ptolemy.moml.MoMLSimpleApplication@45d947fa
reloadAllAccessors: .RunCompositeActor

===========================================================================================
----------------- testing Fri Oct 25 06:11:13 UTC 2019 /home/travis/build/icyphy/ptII/ptolemy/actor/lib/hoc/test/auto/RunCompositeActor2.xml
----------------- Instantiating /home/travis/build/icyphy/ptII/ptolemy/actor/lib/hoc/test/auto/RunCompositeActor2.xml
8 ms. Memory: 145408K Free: 120646K (83%)
----------------- Invoking toplevel() on ptolemy.moml.MoMLSimpleApplication@29fb96d6
----------------- Done invoking toplevel() on ptolemy.moml.MoMLSimpleApplication@29fb96d6
reloadAllAccessors: .RunCompositeActor2

===========================================================================================
----------------- testing Fri Oct 25 06:11:13 UTC 2019 /home/travis/build/icyphy/ptII/ptolemy/actor/lib/hoc/test/auto/RunCompositeActor3.xml
----------------- Instantiating /home/travis/build/icyphy/ptII/ptolemy/actor/lib/hoc/test/auto/RunCompositeActor3.xml
4 ms. Memory: 145408K Free: 115512K (79%)
----------------- Invoking toplevel() on ptolemy.moml.MoMLSimpleApplication@593cf70a
----------------- Done invoking toplevel() on ptolemy.moml.MoMLSimpleApplication@593cf70a
reloadAllAccessors: .RunCompositeActor3

===========================================================================================
----------------- testing Fri Oct 25 06:11:13 UTC 2019 /home/travis/build/icyphy/ptII/ptolemy/actor/lib/hoc/test/auto/RunCompositeActor4.xml
----------------- Instantiating /home/travis/build/icyphy/ptII/ptolemy/actor/lib/hoc/test/auto/RunCompositeActor4.xml
10 ms. Memory: 145408K Free: 107759K (74%)
----------------- Invoking toplevel() on ptolemy.moml.MoMLSimpleApplication@23a088f6
----------------- Done invoking toplevel() on ptolemy.moml.MoMLSimpleApplication@23a088f6
reloadAllAccessors: .RunCompositeActor4

===========================================================================================
----------------- testing Fri Oct 25 06:11:13 UTC 2019 /home/travis/build/icyphy/ptII/ptolemy/actor/lib/hoc/test/auto/RunCompositeIterateOverArray.xml
----------------- Instantiating /home/travis/build/icyphy/ptII/ptolemy/actor/lib/hoc/test/auto/RunCompositeIterateOverArray.xml
11 ms. Memory: 145408K Free: 101775K (70%)
----------------- Invoking toplevel() on ptolemy.moml.MoMLSimpleApplication@2aa1eb07
----------------- Done invoking toplevel() on ptolemy.moml.MoMLSimpleApplication@2aa1eb07
reloadAllAccessors: .RunCompositeIterateOverArray

===========================================================================================
----------------- testing Fri Oct 25 06:11:13 UTC 2019 /home/travis/build/icyphy/ptII/ptolemy/actor/lib/hoc/test/auto/ThreadedJS.xml
----------------- Instantiating /home/travis/build/icyphy/ptII/ptolemy/actor/lib/hoc/test/auto/ThreadedJS.xml
6690 ms. Memory: 210944K Free: 54144K (26%)
----------------- Invoking toplevel() on ptolemy.moml.MoMLSimpleApplication@62250bef
----------------- Done invoking toplevel() on ptolemy.moml.MoMLSimpleApplication@62250bef
reloadAllAccessors: .ThreadedJS
AutoTests.java: About to close Vertx.
AutoTests.java: Vertx closed.
]]></system-out>
  <system-err><![CDATA[java.lang.RuntimeException: Execution failed
	at ptolemy.moml.MoMLSimpleApplication$UnloadThread.run(MoMLSimpleApplication.java:402)
Caused by: ptolemy.kernel.util.IllegalActionException: initialize() was called after wrapup() was called but preinitialize() was not called after wrapup().
	at ptolemy.actor.lib.hoc.test.PreinitializeMustBeInvoked.initialize(PreinitializeMustBeInvoked.java:78)
	at ptolemy.actor.Director.initialize(Director.java:938)
	at ptolemy.actor.Director.initialize(Director.java:907)
	at ptolemy.actor.sched.StaticSchedulingDirector.initialize(StaticSchedulingDirector.java:159)
	at ptolemy.domains.sdf.kernel.SDFDirector.initialize(SDFDirector.java:544)
	at ptolemy.actor.CompositeActor.initialize(CompositeActor.java:935)
	at ptolemy.actor.lib.hoc.LifeCycleManager._executeInsideModel(LifeCycleManager.java:339)
	at ptolemy.actor.lib.hoc.RunCompositeActor.fire(RunCompositeActor.java:205)
	at ptolemy.actor.CompositeActor.iterate(CompositeActor.java:1146)
	at ptolemy.actor.sched.StaticSchedulingDirector.fire(StaticSchedulingDirector.java:216)
	at ptolemy.domains.sdf.kernel.SDFDirector.fire(SDFDirector.java:500)
	at ptolemy.actor.CompositeActor.fire(CompositeActor.java:455)
	at ptolemy.actor.Manager.iterate(Manager.java:851)
	at ptolemy.actor.Manager.execute(Manager.java:369)
	at ptolemy.actor.Manager.run(Manager.java:1263)
	at ptolemy.actor.Manager$PtolemyRunThread.run(Manager.java:1933)
java.lang.reflect.InvocationTargetException
	at java.base/jdk.internal.reflect.NativeConstructorAccessorImpl.newInstance0(Native Method)
	at java.base/jdk.internal.reflect.NativeConstructorAccessorImpl.newInstance(NativeConstructorAccessorImpl.java:62)
	at java.base/jdk.internal.reflect.DelegatingConstructorAccessorImpl.newInstance(DelegatingConstructorAccessorImpl.java:45)
	at java.base/java.lang.reflect.Constructor.newInstance(Constructor.java:490)
	at ptolemy.util.test.junit.AutoKnownFailedTests.RunModel(AutoKnownFailedTests.java:105)
	at java.base/jdk.internal.reflect.NativeMethodAccessorImpl.invoke0(Native Method)
	at java.base/jdk.internal.reflect.NativeMethodAccessorImpl.invoke(NativeMethodAccessorImpl.java:62)
	at java.base/jdk.internal.reflect.DelegatingMethodAccessorImpl.invoke(DelegatingMethodAccessorImpl.java:43)
	at java.base/java.lang.reflect.Method.invoke(Method.java:566)
	at org.junit.runners.model.FrameworkMethod$1.runReflectiveCall(FrameworkMethod.java:44)
	at org.junit.internal.runners.model.ReflectiveCallable.run(ReflectiveCallable.java:15)
	at org.junit.runners.model.FrameworkMethod.invokeExplosively(FrameworkMethod.java:41)
	at junitparams.internal.InvokeParameterisedMethod.evaluate(InvokeParameterisedMethod.java:102)
	at org.junit.internal.runners.statements.FailOnTimeout$1.run(FailOnTimeout.java:28)
Caused by: ptolemy.kernel.util.IllegalActionException: initialize() was called after wrapup() was called but preinitialize() was not called after wrapup().
	at ptolemy.actor.lib.hoc.test.PreinitializeMustBeInvoked.initialize(PreinitializeMustBeInvoked.java:78)
	at ptolemy.actor.Director.initialize(Director.java:938)
	at ptolemy.actor.Director.initialize(Director.java:907)
	at ptolemy.actor.sched.StaticSchedulingDirector.initialize(StaticSchedulingDirector.java:159)
	at ptolemy.domains.sdf.kernel.SDFDirector.initialize(SDFDirector.java:544)
	at ptolemy.actor.CompositeActor.initialize(CompositeActor.java:935)
	at ptolemy.actor.lib.hoc.LifeCycleManager._executeInsideModel(LifeCycleManager.java:339)
	at ptolemy.actor.lib.hoc.RunCompositeActor.fire(RunCompositeActor.java:205)
	at ptolemy.actor.CompositeActor.iterate(CompositeActor.java:1146)
	at ptolemy.actor.sched.StaticSchedulingDirector.fire(StaticSchedulingDirector.java:216)
	at ptolemy.domains.sdf.kernel.SDFDirector.fire(SDFDirector.java:500)
	at ptolemy.actor.CompositeActor.fire(CompositeActor.java:455)
	at ptolemy.actor.Manager.iterate(Manager.java:851)
	at ptolemy.actor.Manager.execute(Manager.java:369)
	at ptolemy.actor.Manager.run(Manager.java:1263)
	at ptolemy.actor.Manager$PtolemyRunThread.run(Manager.java:1933)
Warning: Nashorn engine is planned to be removed from a future JDK release
Warning: Nashorn engine is planned to be removed from a future JDK release
Warning: Nashorn engine is planned to be removed from a future JDK release
Warning: Nashorn engine is planned to be removed from a future JDK release
Warning: Nashorn engine is planned to be removed from a future JDK release
Warning: Nashorn engine is planned to be removed from a future JDK release
Warning: Nashorn engine is planned to be removed from a future JDK release
Warning: Nashorn engine is planned to be removed from a future JDK release
]]></system-err>
</testsuite>
