<?xml version="1.0" encoding="UTF-8" ?>
<testsuite errors="0" failures="0" hostname="travis-job-38111fd7-d8fc-47c8-bf98-50c39780be61" name="ptolemy.domains.modal.test.junit.JUnitTclTest" skipped="0" tests="148" time="10.765" timestamp="2019-05-15T05:08:00">
  <properties>
[...]
</properties>
  <testcase classname="ptolemy.util.test.junit.TclTests" name="[0] /home/travis/build/icyphy/ptII/ptolemy/domains/modal/test/SystemLevelType.tcl (RunTclFile)" time="1.977" />
  <testcase classname="ptolemy.util.test.junit.AutoKnownFailedTests" name="[0] /home/travis/build/icyphy/ptII/ptolemy/domains/modal/test/auto/knownFailedTests/CannotAnalysisWithPreemption.xml (RunModel)" time="0.159" />
  <testcase classname="ptolemy.util.test.junit.AutoNameArchTests" name="[0] ThereAreNoAutoArchTests (RunModel)" time="0.001" />
  <testcase classname="ptolemy.util.test.junit.AutoTests" name="[0] /home/travis/build/icyphy/ptII/ptolemy/domains/modal/test/auto/ABPTest.xml (RunModel)" time="0.761" />
  <testcase classname="ptolemy.util.test.junit.AutoTests" name="[1] /home/travis/build/icyphy/ptII/ptolemy/domains/modal/test/auto/ABROFlat.xml (RunModel)" time="0.095" />
  <testcase classname="ptolemy.util.test.junit.AutoTests" name="[2] /home/travis/build/icyphy/ptII/ptolemy/domains/modal/test/auto/ABROFlat2.xml (RunModel)" time="0.088" />
  <testcase classname="ptolemy.util.test.junit.AutoTests" name="[3] /home/travis/build/icyphy/ptII/ptolemy/domains/modal/test/auto/ABRO_present_hmm.xml (RunModel)" time="0.151" />
  <testcase classname="ptolemy.util.test.junit.AutoTests" name="[4] /home/travis/build/icyphy/ptII/ptolemy/domains/modal/test/auto/AMICoderExample.xml (RunModel)" time="0.057" />
  <testcase classname="ptolemy.util.test.junit.AutoTests" name="[5] /home/travis/build/icyphy/ptII/ptolemy/domains/modal/test/auto/AbsentToPresent.xml (RunModel)" time="0.028" />
  <testcase classname="ptolemy.util.test.junit.AutoTests" name="[6] /home/travis/build/icyphy/ptII/ptolemy/domains/modal/test/auto/Blending.xml (RunModel)" time="0.329" />
  <testcase classname="ptolemy.util.test.junit.AutoTests" name="[7] /home/travis/build/icyphy/ptII/ptolemy/domains/modal/test/auto/Broadcast.xml (RunModel)" time="0.07" />
  <testcase classname="ptolemy.util.test.junit.AutoTests" name="[8] /home/travis/build/icyphy/ptII/ptolemy/domains/modal/test/auto/BroadcastHierarchy.xml (RunModel)" time="0.075" />
  <testcase classname="ptolemy.util.test.junit.AutoTests" name="[9] /home/travis/build/icyphy/ptII/ptolemy/domains/modal/test/auto/BroadcastHierarchy2.xml (RunModel)" time="0.116" />
  <testcase classname="ptolemy.util.test.junit.AutoTests" name="[10] /home/travis/build/icyphy/ptII/ptolemy/domains/modal/test/auto/BroadcastHierarchy3.xml (RunModel)" time="0.108" />
  <testcase classname="ptolemy.util.test.junit.AutoTests" name="[11] /home/travis/build/icyphy/ptII/ptolemy/domains/modal/test/auto/BroadcastHierarchy4.xml (RunModel)" time="0.127" />
  <testcase classname="ptolemy.util.test.junit.AutoTests" name="[12] /home/travis/build/icyphy/ptII/ptolemy/domains/modal/test/auto/CannotAnalysisWithPreemption2.xml (RunModel)" time="0.033" />
  <testcase classname="ptolemy.util.test.junit.AutoTests" name="[13] /home/travis/build/icyphy/ptII/ptolemy/domains/modal/test/auto/CannotAnalysisWithPreemption3.xml (RunModel)" time="0.037" />
  <testcase classname="ptolemy.util.test.junit.AutoTests" name="[14] /home/travis/build/icyphy/ptII/ptolemy/domains/modal/test/auto/CannotProduce.xml (RunModel)" time="0.048" />
  <testcase classname="ptolemy.util.test.junit.AutoTests" name="[15] /home/travis/build/icyphy/ptII/ptolemy/domains/modal/test/auto/CannotProduceModal.xml (RunModel)" time="0.038" />
  <testcase classname="ptolemy.util.test.junit.AutoTests" name="[16] /home/travis/build/icyphy/ptII/ptolemy/domains/modal/test/auto/Case.xml (RunModel)" time="0.054" />
  <testcase classname="ptolemy.util.test.junit.AutoTests" name="[17] /home/travis/build/icyphy/ptII/ptolemy/domains/modal/test/auto/Case1.xml (RunModel)" time="0.037" />
  <testcase classname="ptolemy.util.test.junit.AutoTests" name="[18] /home/travis/build/icyphy/ptII/ptolemy/domains/modal/test/auto/Case2.xml (RunModel)" time="0.052" />
  <testcase classname="ptolemy.util.test.junit.AutoTests" name="[19] /home/travis/build/icyphy/ptII/ptolemy/domains/modal/test/auto/CausalityInterface1.xml (RunModel)" time="0.028" />
  <testcase classname="ptolemy.util.test.junit.AutoTests" name="[20] /home/travis/build/icyphy/ptII/ptolemy/domains/modal/test/auto/CausalityInterface10.xml (RunModel)" time="0.044" />
  <testcase classname="ptolemy.util.test.junit.AutoTests" name="[21] /home/travis/build/icyphy/ptII/ptolemy/domains/modal/test/auto/CausalityInterface11.xml (RunModel)" time="0.044" />
  <testcase classname="ptolemy.util.test.junit.AutoTests" name="[22] /home/travis/build/icyphy/ptII/ptolemy/domains/modal/test/auto/CausalityInterface12.xml (RunModel)" time="0.042" />
  <testcase classname="ptolemy.util.test.junit.AutoTests" name="[23] /home/travis/build/icyphy/ptII/ptolemy/domains/modal/test/auto/CausalityInterface13.xml (RunModel)" time="0.056" />
  <testcase classname="ptolemy.util.test.junit.AutoTests" name="[24] /home/travis/build/icyphy/ptII/ptolemy/domains/modal/test/auto/CausalityInterface14.xml (RunModel)" time="0.046" />
  <testcase classname="ptolemy.util.test.junit.AutoTests" name="[25] /home/travis/build/icyphy/ptII/ptolemy/domains/modal/test/auto/CausalityInterface2.xml (RunModel)" time="0.025" />
  <testcase classname="ptolemy.util.test.junit.AutoTests" name="[26] /home/travis/build/icyphy/ptII/ptolemy/domains/modal/test/auto/CausalityInterface3.xml (RunModel)" time="0.029" />
  <testcase classname="ptolemy.util.test.junit.AutoTests" name="[27] /home/travis/build/icyphy/ptII/ptolemy/domains/modal/test/auto/CausalityInterface4.xml (RunModel)" time="0.037" />
  <testcase classname="ptolemy.util.test.junit.AutoTests" name="[28] /home/travis/build/icyphy/ptII/ptolemy/domains/modal/test/auto/CausalityInterface5.xml (RunModel)" time="0.028" />
  <testcase classname="ptolemy.util.test.junit.AutoTests" name="[29] /home/travis/build/icyphy/ptII/ptolemy/domains/modal/test/auto/CausalityInterface6.xml (RunModel)" time="0.031" />
  <testcase classname="ptolemy.util.test.junit.AutoTests" name="[30] /home/travis/build/icyphy/ptII/ptolemy/domains/modal/test/auto/CausalityInterface7.xml (RunModel)" time="0.034" />
  <testcase classname="ptolemy.util.test.junit.AutoTests" name="[31] /home/travis/build/icyphy/ptII/ptolemy/domains/modal/test/auto/CausalityInterface8.xml (RunModel)" time="0.041" />
  <testcase classname="ptolemy.util.test.junit.AutoTests" name="[32] /home/travis/build/icyphy/ptII/ptolemy/domains/modal/test/auto/CausalityInterface9.xml (RunModel)" time="0.045" />
  <testcase classname="ptolemy.util.test.junit.AutoTests" name="[33] /home/travis/build/icyphy/ptII/ptolemy/domains/modal/test/auto/ChainedTransitions.xml (RunModel)" time="0.166" />
  <testcase classname="ptolemy.util.test.junit.AutoTests" name="[34] /home/travis/build/icyphy/ptII/ptolemy/domains/modal/test/auto/CycleOfImmediateTransitionsFSM.xml (RunModel)" time="0.023" />
  <testcase classname="ptolemy.util.test.junit.AutoTests" name="[35] /home/travis/build/icyphy/ptII/ptolemy/domains/modal/test/auto/CycleOfImmediateTransitionsModal.xml (RunModel)" time="0.026" />
  <testcase classname="ptolemy.util.test.junit.AutoTests" name="[36] /home/travis/build/icyphy/ptII/ptolemy/domains/modal/test/auto/CycleOfImmediateTransitionsModal2.xml (RunModel)" time="0.04" />
  <testcase classname="ptolemy.util.test.junit.AutoTests" name="[37] /home/travis/build/icyphy/ptII/ptolemy/domains/modal/test/auto/CycleOfImmediateTransitionsModal3.xml (RunModel)" time="0.08" />
  <testcase classname="ptolemy.util.test.junit.AutoTests" name="[38] /home/travis/build/icyphy/ptII/ptolemy/domains/modal/test/auto/DeepModal1.xml (RunModel)" time="0.054" />
  <testcase classname="ptolemy.util.test.junit.AutoTests" name="[39] /home/travis/build/icyphy/ptII/ptolemy/domains/modal/test/auto/DeepModal2.xml (RunModel)" time="0.074" />
  <testcase classname="ptolemy.util.test.junit.AutoTests" name="[40] /home/travis/build/icyphy/ptII/ptolemy/domains/modal/test/auto/DeepModal3.xml (RunModel)" time="0.069" />
  <testcase classname="ptolemy.util.test.junit.AutoTests" name="[41] /home/travis/build/icyphy/ptII/ptolemy/domains/modal/test/auto/DeepModal4.xml (RunModel)" time="0.082" />
  <testcase classname="ptolemy.util.test.junit.AutoTests" name="[42] /home/travis/build/icyphy/ptII/ptolemy/domains/modal/test/auto/Default1.xml (RunModel)" time="0.021" />
  <testcase classname="ptolemy.util.test.junit.AutoTests" name="[43] /home/travis/build/icyphy/ptII/ptolemy/domains/modal/test/auto/Default2.xml (RunModel)" time="0.019" />
  <testcase classname="ptolemy.util.test.junit.AutoTests" name="[44] /home/travis/build/icyphy/ptII/ptolemy/domains/modal/test/auto/Default3.xml (RunModel)" time="0.033" />
  <testcase classname="ptolemy.util.test.junit.AutoTests" name="[45] /home/travis/build/icyphy/ptII/ptolemy/domains/modal/test/auto/Default4.xml (RunModel)" time="0.021" />
  <testcase classname="ptolemy.util.test.junit.AutoTests" name="[46] /home/travis/build/icyphy/ptII/ptolemy/domains/modal/test/auto/Default5.xml (RunModel)" time="0.046" />
  <testcase classname="ptolemy.util.test.junit.AutoTests" name="[47] /home/travis/build/icyphy/ptII/ptolemy/domains/modal/test/auto/EmptyGuard.xml (RunModel)" time="0.031" />
  <testcase classname="ptolemy.util.test.junit.AutoTests" name="[48] /home/travis/build/icyphy/ptII/ptolemy/domains/modal/test/auto/ErrorTransition1.xml (RunModel)" time="0.033" />
  <testcase classname="ptolemy.util.test.junit.AutoTests" name="[49] /home/travis/build/icyphy/ptII/ptolemy/domains/modal/test/auto/ErrorTransition10.xml (RunModel)" time="0.048" />
  <testcase classname="ptolemy.util.test.junit.AutoTests" name="[50] /home/travis/build/icyphy/ptII/ptolemy/domains/modal/test/auto/ErrorTransition11.xml (RunModel)" time="0.033" />
  <testcase classname="ptolemy.util.test.junit.AutoTests" name="[51] /home/travis/build/icyphy/ptII/ptolemy/domains/modal/test/auto/ErrorTransition2.xml (RunModel)" time="0.023" />
  <testcase classname="ptolemy.util.test.junit.AutoTests" name="[52] /home/travis/build/icyphy/ptII/ptolemy/domains/modal/test/auto/ErrorTransition3.xml (RunModel)" time="0.028" />
  <testcase classname="ptolemy.util.test.junit.AutoTests" name="[53] /home/travis/build/icyphy/ptII/ptolemy/domains/modal/test/auto/ErrorTransition4.xml (RunModel)" time="0.029" />
  <testcase classname="ptolemy.util.test.junit.AutoTests" name="[54] /home/travis/build/icyphy/ptII/ptolemy/domains/modal/test/auto/ErrorTransition5.xml (RunModel)" time="0.025" />
  <testcase classname="ptolemy.util.test.junit.AutoTests" name="[55] /home/travis/build/icyphy/ptII/ptolemy/domains/modal/test/auto/ErrorTransition6.xml (RunModel)" time="0.028" />
  <testcase classname="ptolemy.util.test.junit.AutoTests" name="[56] /home/travis/build/icyphy/ptII/ptolemy/domains/modal/test/auto/ErrorTransition7.xml (RunModel)" time="0.034" />
  <testcase classname="ptolemy.util.test.junit.AutoTests" name="[57] /home/travis/build/icyphy/ptII/ptolemy/domains/modal/test/auto/ErrorTransition8.xml (RunModel)" time="0.058" />
  <testcase classname="ptolemy.util.test.junit.AutoTests" name="[58] /home/travis/build/icyphy/ptII/ptolemy/domains/modal/test/auto/ErrorTransition9.xml (RunModel)" time="0.052" />
  <testcase classname="ptolemy.util.test.junit.AutoTests" name="[59] /home/travis/build/icyphy/ptII/ptolemy/domains/modal/test/auto/ExtendedFSM.xml (RunModel)" time="0.032" />
  <testcase classname="ptolemy.util.test.junit.AutoTests" name="[60] /home/travis/build/icyphy/ptII/ptolemy/domains/modal/test/auto/FinalStates.xml (RunModel)" time="0.023" />
  <testcase classname="ptolemy.util.test.junit.AutoTests" name="[61] /home/travis/build/icyphy/ptII/ptolemy/domains/modal/test/auto/FixedPointFSM.xml (RunModel)" time="0.037" />
  <testcase classname="ptolemy.util.test.junit.AutoTests" name="[62] /home/travis/build/icyphy/ptII/ptolemy/domains/modal/test/auto/FixedPointIterationFSMActor.xml (RunModel)" time="0.038" />
  <testcase classname="ptolemy.util.test.junit.AutoTests" name="[63] /home/travis/build/icyphy/ptII/ptolemy/domains/modal/test/auto/FixedPointIterationFSMActor2.xml (RunModel)" time="0.035" />
  <testcase classname="ptolemy.util.test.junit.AutoTests" name="[64] /home/travis/build/icyphy/ptII/ptolemy/domains/modal/test/auto/ForbiddenInstantanousLoop.xml (RunModel)" time="0.031" />
  <testcase classname="ptolemy.util.test.junit.AutoTests" name="[65] /home/travis/build/icyphy/ptII/ptolemy/domains/modal/test/auto/FunctionDependencyOfFSMActorTest.xml (RunModel)" time="0.03" />
  <testcase classname="ptolemy.util.test.junit.AutoTests" name="[66] /home/travis/build/icyphy/ptII/ptolemy/domains/modal/test/auto/GuardExpression.xml (RunModel)" time="0.018" />
  <testcase classname="ptolemy.util.test.junit.AutoTests" name="[67] /home/travis/build/icyphy/ptII/ptolemy/domains/modal/test/auto/GuardNotEvaluated.xml (RunModel)" time="0.028" />
  <testcase classname="ptolemy.util.test.junit.AutoTests" name="[68] /home/travis/build/icyphy/ptII/ptolemy/domains/modal/test/auto/GuardNotEvaluated2.xml (RunModel)" time="0.023" />
  <testcase classname="ptolemy.util.test.junit.AutoTests" name="[69] /home/travis/build/icyphy/ptII/ptolemy/domains/modal/test/auto/GuardOnAbsent.xml (RunModel)" time="0.024" />
  <testcase classname="ptolemy.util.test.junit.AutoTests" name="[70] /home/travis/build/icyphy/ptII/ptolemy/domains/modal/test/auto/HierarchicalFSMTypeInference.xml (RunModel)" time="0.03" />
  <testcase classname="ptolemy.util.test.junit.AutoTests" name="[71] /home/travis/build/icyphy/ptII/ptolemy/domains/modal/test/auto/Hysteresis.xml (RunModel)" time="0.037" />
  <testcase classname="ptolemy.util.test.junit.AutoTests" name="[72] /home/travis/build/icyphy/ptII/ptolemy/domains/modal/test/auto/HysteresisWithDefault.xml (RunModel)" time="0.07" />
  <testcase classname="ptolemy.util.test.junit.AutoTests" name="[73] /home/travis/build/icyphy/ptII/ptolemy/domains/modal/test/auto/HysteresisWithDefault2.xml (RunModel)" time="0.069" />
  <testcase classname="ptolemy.util.test.junit.AutoTests" name="[74] /home/travis/build/icyphy/ptII/ptolemy/domains/modal/test/auto/ImmediateNonConstructiveness.xml (RunModel)" time="0.016" />
  <testcase classname="ptolemy.util.test.junit.AutoTests" name="[75] /home/travis/build/icyphy/ptII/ptolemy/domains/modal/test/auto/ImmediateNonConstructiveness2.xml (RunModel)" time="0.017" />
  <testcase classname="ptolemy.util.test.junit.AutoTests" name="[76] /home/travis/build/icyphy/ptII/ptolemy/domains/modal/test/auto/ImmediateTransitionReset.xml (RunModel)" time="0.04" />
  <testcase classname="ptolemy.util.test.junit.AutoTests" name="[77] /home/travis/build/icyphy/ptII/ptolemy/domains/modal/test/auto/ImmediateTransitions1.xml (RunModel)" time="0.013" />
  <testcase classname="ptolemy.util.test.junit.AutoTests" name="[78] /home/travis/build/icyphy/ptII/ptolemy/domains/modal/test/auto/ImmediateTransitionsInstantaneousCommunication.xml (RunModel)" time="0.039" />
  <testcase classname="ptolemy.util.test.junit.AutoTests" name="[79] /home/travis/build/icyphy/ptII/ptolemy/domains/modal/test/auto/InitialImmediateTransition.xml (RunModel)" time="0.016" />
  <testcase classname="ptolemy.util.test.junit.AutoTests" name="[80] /home/travis/build/icyphy/ptII/ptolemy/domains/modal/test/auto/InitialOutputs.xml (RunModel)" time="0.015" />
  <testcase classname="ptolemy.util.test.junit.AutoTests" name="[81] /home/travis/build/icyphy/ptII/ptolemy/domains/modal/test/auto/InitialStateTransition1.xml (RunModel)" time="0.02" />
  <testcase classname="ptolemy.util.test.junit.AutoTests" name="[82] /home/travis/build/icyphy/ptII/ptolemy/domains/modal/test/auto/InitialStateTransition2.xml (RunModel)" time="0.068" />
  <testcase classname="ptolemy.util.test.junit.AutoTests" name="[83] /home/travis/build/icyphy/ptII/ptolemy/domains/modal/test/auto/InitialStateTransition3.xml (RunModel)" time="0.055" />
  <testcase classname="ptolemy.util.test.junit.AutoTests" name="[84] /home/travis/build/icyphy/ptII/ptolemy/domains/modal/test/auto/InitialStateTransition4.xml (RunModel)" time="0.066" />
  <testcase classname="ptolemy.util.test.junit.AutoTests" name="[85] /home/travis/build/icyphy/ptII/ptolemy/domains/modal/test/auto/MalformedGuardExpressionNotCaught.xml (RunModel)" time="0.036" />
  <testcase classname="ptolemy.util.test.junit.AutoTests" name="[86] /home/travis/build/icyphy/ptII/ptolemy/domains/modal/test/auto/ModalBSC.xml (RunModel)" time="0.091" />
  <testcase classname="ptolemy.util.test.junit.AutoTests" name="[87] /home/travis/build/icyphy/ptII/ptolemy/domains/modal/test/auto/ModalClocks.xml (RunModel)" time="0.077" />
  <testcase classname="ptolemy.util.test.junit.AutoTests" name="[88] /home/travis/build/icyphy/ptII/ptolemy/domains/modal/test/auto/ModalDelay.xml (RunModel)" time="0.046" />
  <testcase classname="ptolemy.util.test.junit.AutoTests" name="[89] /home/travis/build/icyphy/ptII/ptolemy/domains/modal/test/auto/ModalDelay2.xml (RunModel)" time="0.044" />
  <testcase classname="ptolemy.util.test.junit.AutoTests" name="[90] /home/travis/build/icyphy/ptII/ptolemy/domains/modal/test/auto/ModalModelFromMemo.xml (RunModel)" time="0.063" />
  <testcase classname="ptolemy.util.test.junit.AutoTests" name="[91] /home/travis/build/icyphy/ptII/ptolemy/domains/modal/test/auto/ModalModelWithMultirateTransient.xml (RunModel)" time="0.058" />
  <testcase classname="ptolemy.util.test.junit.AutoTests" name="[92] /home/travis/build/icyphy/ptII/ptolemy/domains/modal/test/auto/ModalModelWithReset.xml (RunModel)" time="0.045" />
  <testcase classname="ptolemy.util.test.junit.AutoTests" name="[93] /home/travis/build/icyphy/ptII/ptolemy/domains/modal/test/auto/MouseClickFSM.xml (RunModel)" time="0.041" />
  <testcase classname="ptolemy.util.test.junit.AutoTests" name="[94] /home/travis/build/icyphy/ptII/ptolemy/domains/modal/test/auto/MouseClickFSMModal.xml (RunModel)" time="0.032" />
  <testcase classname="ptolemy.util.test.junit.AutoTests" name="[95] /home/travis/build/icyphy/ptII/ptolemy/domains/modal/test/auto/NonStrictFSM_FeedbackLoop.xml (RunModel)" time="0.045" />
  <testcase classname="ptolemy.util.test.junit.AutoTests" name="[96] /home/travis/build/icyphy/ptII/ptolemy/domains/modal/test/auto/NonStrictFSM_FeedbackLoop_Refinement.xml (RunModel)" time="0.073" />
  <testcase classname="ptolemy.util.test.junit.AutoTests" name="[97] /home/travis/build/icyphy/ptII/ptolemy/domains/modal/test/auto/NonStrictFSM_FeedbackLoop_preemptive.xml (RunModel)" time="0.045" />
  <testcase classname="ptolemy.util.test.junit.AutoTests" name="[98] /home/travis/build/icyphy/ptII/ptolemy/domains/modal/test/auto/NormalTermination.xml (RunModel)" time="0.052" />
  <testcase classname="ptolemy.util.test.junit.AutoTests" name="[99] /home/travis/build/icyphy/ptII/ptolemy/domains/modal/test/auto/Pong.xml (RunModel)" time="0.083" />
  <testcase classname="ptolemy.util.test.junit.AutoTests" name="[100] /home/travis/build/icyphy/ptII/ptolemy/domains/modal/test/auto/Pong_test.xml (RunModel)" time="0.093" />
  <testcase classname="ptolemy.util.test.junit.AutoTests" name="[101] /home/travis/build/icyphy/ptII/ptolemy/domains/modal/test/auto/PreemptionHierarchy.xml (RunModel)" time="0.025" />
  <testcase classname="ptolemy.util.test.junit.AutoTests" name="[102] /home/travis/build/icyphy/ptII/ptolemy/domains/modal/test/auto/PreemptionHierarchy2.xml (RunModel)" time="0.032" />
  <testcase classname="ptolemy.util.test.junit.AutoTests" name="[103] /home/travis/build/icyphy/ptII/ptolemy/domains/modal/test/auto/PreemptiveTransition.xml (RunModel)" time="0.023" />
  <testcase classname="ptolemy.util.test.junit.AutoTests" name="[104] /home/travis/build/icyphy/ptII/ptolemy/domains/modal/test/auto/Priorities.xml (RunModel)" time="0.084" />
  <testcase classname="ptolemy.util.test.junit.AutoTests" name="[105] /home/travis/build/icyphy/ptII/ptolemy/domains/modal/test/auto/ResetFinal.xml (RunModel)" time="0.044" />
  <testcase classname="ptolemy.util.test.junit.AutoTests" name="[106] /home/travis/build/icyphy/ptII/ptolemy/domains/modal/test/auto/ResetFinal2.xml (RunModel)" time="0.033" />
  <testcase classname="ptolemy.util.test.junit.AutoTests" name="[107] /home/travis/build/icyphy/ptII/ptolemy/domains/modal/test/auto/ResetTransitionWithStartTime.xml (RunModel)" time="0.029" />
  <testcase classname="ptolemy.util.test.junit.AutoTests" name="[108] /home/travis/build/icyphy/ptII/ptolemy/domains/modal/test/auto/SDF-FSMComposite.xml (RunModel)" time="0.021" />
  <testcase classname="ptolemy.util.test.junit.AutoTests" name="[109] /home/travis/build/icyphy/ptII/ptolemy/domains/modal/test/auto/SeeminglyNondeterminate.xml (RunModel)" time="0.072" />
  <testcase classname="ptolemy.util.test.junit.AutoTests" name="[110] /home/travis/build/icyphy/ptII/ptolemy/domains/modal/test/auto/SeeminglyNondeterminate2.xml (RunModel)" time="0.06" />
  <testcase classname="ptolemy.util.test.junit.AutoTests" name="[111] /home/travis/build/icyphy/ptII/ptolemy/domains/modal/test/auto/SpontaneousFSM.xml (RunModel)" time="0.044" />
  <testcase classname="ptolemy.util.test.junit.AutoTests" name="[112] /home/travis/build/icyphy/ptII/ptolemy/domains/modal/test/auto/SpontaneousFSM2.xml (RunModel)" time="0.034" />
  <testcase classname="ptolemy.util.test.junit.AutoTests" name="[113] /home/travis/build/icyphy/ptII/ptolemy/domains/modal/test/auto/SpontaneousFSM3.xml (RunModel)" time="0.04" />
  <testcase classname="ptolemy.util.test.junit.AutoTests" name="[114] /home/travis/build/icyphy/ptII/ptolemy/domains/modal/test/auto/SpontaneousFSM4.xml (RunModel)" time="0.052" />
  <testcase classname="ptolemy.util.test.junit.AutoTests" name="[115] /home/travis/build/icyphy/ptII/ptolemy/domains/modal/test/auto/StateTrackerTest.xml (RunModel)" time="0.076" />
  <testcase classname="ptolemy.util.test.junit.AutoTests" name="[116] /home/travis/build/icyphy/ptII/ptolemy/domains/modal/test/auto/StrongImmediateTransition.xml (RunModel)" time="0.029" />
  <testcase classname="ptolemy.util.test.junit.AutoTests" name="[117] /home/travis/build/icyphy/ptII/ptolemy/domains/modal/test/auto/SustainHierarchy.xml (RunModel)" time="0.036" />
  <testcase classname="ptolemy.util.test.junit.AutoTests" name="[118] /home/travis/build/icyphy/ptII/ptolemy/domains/modal/test/auto/TerminationTransition1.xml (RunModel)" time="0.059" />
  <testcase classname="ptolemy.util.test.junit.AutoTests" name="[119] /home/travis/build/icyphy/ptII/ptolemy/domains/modal/test/auto/TerminationTransition2.xml (RunModel)" time="0.071" />
  <testcase classname="ptolemy.util.test.junit.AutoTests" name="[120] /home/travis/build/icyphy/ptII/ptolemy/domains/modal/test/auto/TerminationTransition3.xml (RunModel)" time="0.071" />
  <testcase classname="ptolemy.util.test.junit.AutoTests" name="[121] /home/travis/build/icyphy/ptII/ptolemy/domains/modal/test/auto/TerminationTransition4.xml (RunModel)" time="0.065" />
  <testcase classname="ptolemy.util.test.junit.AutoTests" name="[122] /home/travis/build/icyphy/ptII/ptolemy/domains/modal/test/auto/TerminationTransition5.xml (RunModel)" time="0.035" />
  <testcase classname="ptolemy.util.test.junit.AutoTests" name="[123] /home/travis/build/icyphy/ptII/ptolemy/domains/modal/test/auto/TerminationTransition6.xml (RunModel)" time="0.022" />
  <testcase classname="ptolemy.util.test.junit.AutoTests" name="[124] /home/travis/build/icyphy/ptII/ptolemy/domains/modal/test/auto/TerminationTransition7.xml (RunModel)" time="0.025" />
  <testcase classname="ptolemy.util.test.junit.AutoTests" name="[125] /home/travis/build/icyphy/ptII/ptolemy/domains/modal/test/auto/TerminationTransition8.xml (RunModel)" time="0.024" />
  <testcase classname="ptolemy.util.test.junit.AutoTests" name="[126] /home/travis/build/icyphy/ptII/ptolemy/domains/modal/test/auto/Thermostat_NoHysteresis.xml (RunModel)" time="0.056" />
  <testcase classname="ptolemy.util.test.junit.AutoTests" name="[127] /home/travis/build/icyphy/ptII/ptolemy/domains/modal/test/auto/TimedFSM.xml (RunModel)" time="0.028" />
  <testcase classname="ptolemy.util.test.junit.AutoTests" name="[128] /home/travis/build/icyphy/ptII/ptolemy/domains/modal/test/auto/Timeout1.xml (RunModel)" time="0.022" />
  <testcase classname="ptolemy.util.test.junit.AutoTests" name="[129] /home/travis/build/icyphy/ptII/ptolemy/domains/modal/test/auto/Timeout2.xml (RunModel)" time="0.018" />
  <testcase classname="ptolemy.util.test.junit.AutoTests" name="[130] /home/travis/build/icyphy/ptII/ptolemy/domains/modal/test/auto/Timeout3.xml (RunModel)" time="0.012" />
  <testcase classname="ptolemy.util.test.junit.AutoTests" name="[131] /home/travis/build/icyphy/ptII/ptolemy/domains/modal/test/auto/Timeout4.xml (RunModel)" time="0.014" />
  <testcase classname="ptolemy.util.test.junit.AutoTests" name="[132] /home/travis/build/icyphy/ptII/ptolemy/domains/modal/test/auto/TransientstateModelAdvanced.xml (RunModel)" time="0.031" />
  <testcase classname="ptolemy.util.test.junit.AutoTests" name="[133] /home/travis/build/icyphy/ptII/ptolemy/domains/modal/test/auto/TransientstateModelAdvanced2.xml (RunModel)" time="0.033" />
  <testcase classname="ptolemy.util.test.junit.AutoTests" name="[134] /home/travis/build/icyphy/ptII/ptolemy/domains/modal/test/auto/TransitionRefinements.xml (RunModel)" time="0.031" />
  <testcase classname="ptolemy.util.test.junit.AutoTests" name="[135] /home/travis/build/icyphy/ptII/ptolemy/domains/modal/test/auto/TwoRefinements1.xml (RunModel)" time="0.028" />
  <testcase classname="ptolemy.util.test.junit.AutoTests" name="[136] /home/travis/build/icyphy/ptII/ptolemy/domains/modal/test/auto/TwoRefinements2.xml (RunModel)" time="0.028" />
  <testcase classname="ptolemy.util.test.junit.AutoTests" name="[137] /home/travis/build/icyphy/ptII/ptolemy/domains/modal/test/auto/WeakImmediateTransition.xml (RunModel)" time="0.03" />
  <testcase classname="ptolemy.util.test.junit.AutoTests" name="[138] /home/travis/build/icyphy/ptII/ptolemy/domains/modal/test/auto/booleanSelect.xml (RunModel)" time="0.078" />
  <testcase classname="ptolemy.util.test.junit.AutoTests" name="[139] /home/travis/build/icyphy/ptII/ptolemy/domains/modal/test/auto/modalChangingParams.xml (RunModel)" time="0.309" />
  <testcase classname="ptolemy.util.test.junit.AutoTests" name="[140] /home/travis/build/icyphy/ptII/ptolemy/domains/modal/test/auto/modalModel.xml (RunModel)" time="0.028" />
  <testcase classname="ptolemy.util.test.junit.AutoTests" name="[141] /home/travis/build/icyphy/ptII/ptolemy/domains/modal/test/auto/modalModel2.xml (RunModel)" time="0.044" />
  <testcase classname="ptolemy.util.test.junit.AutoTests" name="[142] /home/travis/build/icyphy/ptII/ptolemy/domains/modal/test/auto/modalModel3.xml (RunModel)" time="0.042" />
  <testcase classname="ptolemy.util.test.junit.AutoTests" name="[143] /home/travis/build/icyphy/ptII/ptolemy/domains/modal/test/auto/model1.xml (RunModel)" time="0.02" />
  <testcase classname="ptolemy.util.test.junit.AutoTests" name="[144] /home/travis/build/icyphy/ptII/ptolemy/domains/modal/test/auto/test-direct-in-out.xml (RunModel)" time="0.017" />
  <system-out><![CDATA[/home/travis/build/icyphy/ptII/ptolemy/domains/modal/test/SystemLevelType.tcl
testDefs.tcl: setting time out to 9000 seconds at Wed May 15 05:08:00 UTC 2019
05/15/19 05:08:02
Failed: 0  Total Tests: 1  ((Passed: 1, Newly Passed: 0)  Known Failed: 0) /home/travis/build/icyphy/ptII/ptolemy/domains/modal/test
----------------- testing (KnownFailure) /home/travis/build/icyphy/ptII/ptolemy/domains/modal/test/auto/knownFailedTests/CannotAnalysisWithPreemption.xml
30 ms. Memory: 208384K Free: 80395K (39%)
Known Failure: java.lang.reflect.InvocationTargetException
No auto/linux-amd64/*.xml tests in /home/travis/build/icyphy/ptII/ptolemy/domains/modal/test
AutoTests.java: About to close Vertx.
AutoTests.java: Vertx closed.

===========================================================================================
----------------- testing Wed May 15 05:08:03 UTC 2019 /home/travis/build/icyphy/ptII/ptolemy/domains/modal/test/auto/ABPTest.xml
----------------- Instantiating /home/travis/build/icyphy/ptII/ptolemy/domains/modal/test/auto/ABPTest.xml
380 ms. Memory: 332288K Free: 313644K (94%)
----------------- Invoking toplevel() on ptolemy.moml.MoMLSimpleApplication@4ffe97e0
----------------- Done invoking toplevel() on ptolemy.moml.MoMLSimpleApplication@4ffe97e0
reloadAllAccessors: .ABPTest

===========================================================================================
----------------- testing Wed May 15 05:08:03 UTC 2019 /home/travis/build/icyphy/ptII/ptolemy/domains/modal/test/auto/ABROFlat.xml
----------------- Instantiating /home/travis/build/icyphy/ptII/ptolemy/domains/modal/test/auto/ABROFlat.xml
21 ms. Memory: 332288K Free: 292538K (88%)
----------------- Invoking toplevel() on ptolemy.moml.MoMLSimpleApplication@191fa0b3
----------------- Done invoking toplevel() on ptolemy.moml.MoMLSimpleApplication@191fa0b3
reloadAllAccessors: .ABROFlat

===========================================================================================
----------------- testing Wed May 15 05:08:04 UTC 2019 /home/travis/build/icyphy/ptII/ptolemy/domains/modal/test/auto/ABROFlat2.xml
----------------- Instantiating /home/travis/build/icyphy/ptII/ptolemy/domains/modal/test/auto/ABROFlat2.xml
20 ms. Memory: 332288K Free: 274204K (83%)
----------------- Invoking toplevel() on ptolemy.moml.MoMLSimpleApplication@6de99602
----------------- Done invoking toplevel() on ptolemy.moml.MoMLSimpleApplication@6de99602
reloadAllAccessors: .ABROFlat2

===========================================================================================
----------------- testing Wed May 15 05:08:04 UTC 2019 /home/travis/build/icyphy/ptII/ptolemy/domains/modal/test/auto/ABRO_present_hmm.xml
----------------- Instantiating /home/travis/build/icyphy/ptII/ptolemy/domains/modal/test/auto/ABRO_present_hmm.xml
37 ms. Memory: 332288K Free: 243675K (73%)
----------------- Invoking toplevel() on ptolemy.moml.MoMLSimpleApplication@440f41ff
----------------- Done invoking toplevel() on ptolemy.moml.MoMLSimpleApplication@440f41ff
reloadAllAccessors: .ABRO_present_hmm

===========================================================================================
----------------- testing Wed May 15 05:08:04 UTC 2019 /home/travis/build/icyphy/ptII/ptolemy/domains/modal/test/auto/AMICoderExample.xml
----------------- Instantiating /home/travis/build/icyphy/ptII/ptolemy/domains/modal/test/auto/AMICoderExample.xml
20 ms. Memory: 332288K Free: 233906K (70%)
----------------- Invoking toplevel() on ptolemy.moml.MoMLSimpleApplication@3bb9f469
----------------- Done invoking toplevel() on ptolemy.moml.MoMLSimpleApplication@3bb9f469
reloadAllAccessors: .AMICoderExample

===========================================================================================
----------------- testing Wed May 15 05:08:04 UTC 2019 /home/travis/build/icyphy/ptII/ptolemy/domains/modal/test/auto/AbsentToPresent.xml
----------------- Instantiating /home/travis/build/icyphy/ptII/ptolemy/domains/modal/test/auto/AbsentToPresent.xml
9 ms. Memory: 332288K Free: 225727K (68%)
----------------- Invoking toplevel() on ptolemy.moml.MoMLSimpleApplication@3d6e1fe4
----------------- Done invoking toplevel() on ptolemy.moml.MoMLSimpleApplication@3d6e1fe4
reloadAllAccessors: .AbsentToPresent

===========================================================================================
----------------- testing Wed May 15 05:08:04 UTC 2019 /home/travis/build/icyphy/ptII/ptolemy/domains/modal/test/auto/Blending.xml
----------------- Instantiating /home/travis/build/icyphy/ptII/ptolemy/domains/modal/test/auto/Blending.xml
181 ms. Memory: 332288K Free: 176849K (53%)
----------------- Invoking toplevel() on ptolemy.moml.MoMLSimpleApplication@3cfcf468
----------------- Done invoking toplevel() on ptolemy.moml.MoMLSimpleApplication@3cfcf468
reloadAllAccessors: .Blending

===========================================================================================
----------------- testing Wed May 15 05:08:04 UTC 2019 /home/travis/build/icyphy/ptII/ptolemy/domains/modal/test/auto/Broadcast.xml
----------------- Instantiating /home/travis/build/icyphy/ptII/ptolemy/domains/modal/test/auto/Broadcast.xml
21 ms. Memory: 332288K Free: 165859K (50%)
----------------- Invoking toplevel() on ptolemy.moml.MoMLSimpleApplication@7d8fe70c
----------------- Done invoking toplevel() on ptolemy.moml.MoMLSimpleApplication@7d8fe70c
reloadAllAccessors: .Broadcast

===========================================================================================
----------------- testing Wed May 15 05:08:04 UTC 2019 /home/travis/build/icyphy/ptII/ptolemy/domains/modal/test/auto/BroadcastHierarchy.xml
----------------- Instantiating /home/travis/build/icyphy/ptII/ptolemy/domains/modal/test/auto/BroadcastHierarchy.xml
10 ms. Memory: 332288K Free: 148763K (45%)
----------------- Invoking toplevel() on ptolemy.moml.MoMLSimpleApplication@27f312a9
----------------- Done invoking toplevel() on ptolemy.moml.MoMLSimpleApplication@27f312a9
reloadAllAccessors: .BroadcastHierarchy

===========================================================================================
----------------- testing Wed May 15 05:08:04 UTC 2019 /home/travis/build/icyphy/ptII/ptolemy/domains/modal/test/auto/BroadcastHierarchy2.xml
----------------- Instantiating /home/travis/build/icyphy/ptII/ptolemy/domains/modal/test/auto/BroadcastHierarchy2.xml
24 ms. Memory: 332288K Free: 117012K (35%)
----------------- Invoking toplevel() on ptolemy.moml.MoMLSimpleApplication@4bc54217
----------------- Done invoking toplevel() on ptolemy.moml.MoMLSimpleApplication@4bc54217
reloadAllAccessors: .BroadcastHierarchy2

===========================================================================================
----------------- testing Wed May 15 05:08:05 UTC 2019 /home/travis/build/icyphy/ptII/ptolemy/domains/modal/test/auto/BroadcastHierarchy3.xml
----------------- Instantiating /home/travis/build/icyphy/ptII/ptolemy/domains/modal/test/auto/BroadcastHierarchy3.xml
22 ms. Memory: 332288K Free: 89295K (27%)
----------------- Invoking toplevel() on ptolemy.moml.MoMLSimpleApplication@660d8fc9
----------------- Done invoking toplevel() on ptolemy.moml.MoMLSimpleApplication@660d8fc9
reloadAllAccessors: .BroadcastHierarchy3

===========================================================================================
----------------- testing Wed May 15 05:08:05 UTC 2019 /home/travis/build/icyphy/ptII/ptolemy/domains/modal/test/auto/BroadcastHierarchy4.xml
----------------- Instantiating /home/travis/build/icyphy/ptII/ptolemy/domains/modal/test/auto/BroadcastHierarchy4.xml
23 ms. Memory: 333824K Free: 307746K (92%)
----------------- Invoking toplevel() on ptolemy.moml.MoMLSimpleApplication@831cd4d
----------------- Done invoking toplevel() on ptolemy.moml.MoMLSimpleApplication@831cd4d
reloadAllAccessors: .BroadcastHierarchy4

===========================================================================================
----------------- testing Wed May 15 05:08:05 UTC 2019 /home/travis/build/icyphy/ptII/ptolemy/domains/modal/test/auto/CannotAnalysisWithPreemption2.xml
----------------- Instantiating /home/travis/build/icyphy/ptII/ptolemy/domains/modal/test/auto/CannotAnalysisWithPreemption2.xml
2 ms. Memory: 333824K Free: 297019K (89%)
----------------- Invoking toplevel() on ptolemy.moml.MoMLSimpleApplication@30ec106c
----------------- Done invoking toplevel() on ptolemy.moml.MoMLSimpleApplication@30ec106c
reloadAllAccessors: .CannotAnalysisWithPreemption2

===========================================================================================
----------------- testing Wed May 15 05:08:05 UTC 2019 /home/travis/build/icyphy/ptII/ptolemy/domains/modal/test/auto/CannotAnalysisWithPreemption3.xml
----------------- Instantiating /home/travis/build/icyphy/ptII/ptolemy/domains/modal/test/auto/CannotAnalysisWithPreemption3.xml
3 ms. Memory: 333824K Free: 286029K (86%)
----------------- Invoking toplevel() on ptolemy.moml.MoMLSimpleApplication@28b1ffaa
----------------- Done invoking toplevel() on ptolemy.moml.MoMLSimpleApplication@28b1ffaa
reloadAllAccessors: .CannotAnalysisWithPreemption3

===========================================================================================
----------------- testing Wed May 15 05:08:05 UTC 2019 /home/travis/build/icyphy/ptII/ptolemy/domains/modal/test/auto/CannotProduce.xml
----------------- Instantiating /home/travis/build/icyphy/ptII/ptolemy/domains/modal/test/auto/CannotProduce.xml
20 ms. Memory: 333824K Free: 278702K (83%)
----------------- Invoking toplevel() on ptolemy.moml.MoMLSimpleApplication@5bd0f0d3
----------------- Done invoking toplevel() on ptolemy.moml.MoMLSimpleApplication@5bd0f0d3
reloadAllAccessors: .CannotProduce

===========================================================================================
----------------- testing Wed May 15 05:08:05 UTC 2019 /home/travis/build/icyphy/ptII/ptolemy/domains/modal/test/auto/CannotProduceModal.xml
----------------- Instantiating /home/travis/build/icyphy/ptII/ptolemy/domains/modal/test/auto/CannotProduceModal.xml
11 ms. Memory: 333824K Free: 267959K (80%)
----------------- Invoking toplevel() on ptolemy.moml.MoMLSimpleApplication@7bbf636
----------------- Done invoking toplevel() on ptolemy.moml.MoMLSimpleApplication@7bbf636
reloadAllAccessors: .CannotProduceModal

===========================================================================================
----------------- testing Wed May 15 05:08:05 UTC 2019 /home/travis/build/icyphy/ptII/ptolemy/domains/modal/test/auto/Case.xml
----------------- Instantiating /home/travis/build/icyphy/ptII/ptolemy/domains/modal/test/auto/Case.xml
18 ms. Memory: 333824K Free: 255747K (77%)
----------------- Invoking toplevel() on ptolemy.moml.MoMLSimpleApplication@1c4fcd76
----------------- Done invoking toplevel() on ptolemy.moml.MoMLSimpleApplication@1c4fcd76
reloadAllAccessors: .Case

===========================================================================================
----------------- testing Wed May 15 05:08:05 UTC 2019 /home/travis/build/icyphy/ptII/ptolemy/domains/modal/test/auto/Case1.xml
----------------- Instantiating /home/travis/build/icyphy/ptII/ptolemy/domains/modal/test/auto/Case1.xml
11 ms. Memory: 333824K Free: 247199K (74%)
----------------- Invoking toplevel() on ptolemy.moml.MoMLSimpleApplication@2984515b
----------------- Done invoking toplevel() on ptolemy.moml.MoMLSimpleApplication@2984515b
reloadAllAccessors: .Case1

===========================================================================================
----------------- testing Wed May 15 05:08:05 UTC 2019 /home/travis/build/icyphy/ptII/ptolemy/domains/modal/test/auto/Case2.xml
----------------- Instantiating /home/travis/build/icyphy/ptII/ptolemy/domains/modal/test/auto/Case2.xml
20 ms. Memory: 333824K Free: 232809K (70%)
----------------- Invoking toplevel() on ptolemy.moml.MoMLSimpleApplication@4103afa8
----------------- Done invoking toplevel() on ptolemy.moml.MoMLSimpleApplication@4103afa8
reloadAllAccessors: .Case2

===========================================================================================
----------------- testing Wed May 15 05:08:05 UTC 2019 /home/travis/build/icyphy/ptII/ptolemy/domains/modal/test/auto/CausalityInterface1.xml
----------------- Instantiating /home/travis/build/icyphy/ptII/ptolemy/domains/modal/test/auto/CausalityInterface1.xml
6 ms. Memory: 333824K Free: 226703K (68%)
----------------- Invoking toplevel() on ptolemy.moml.MoMLSimpleApplication@15368665
----------------- Done invoking toplevel() on ptolemy.moml.MoMLSimpleApplication@15368665
reloadAllAccessors: .CausalityInterface1

===========================================================================================
----------------- testing Wed May 15 05:08:05 UTC 2019 /home/travis/build/icyphy/ptII/ptolemy/domains/modal/test/auto/CausalityInterface10.xml
----------------- Instantiating /home/travis/build/icyphy/ptII/ptolemy/domains/modal/test/auto/CausalityInterface10.xml
8 ms. Memory: 333824K Free: 210828K (63%)
----------------- Invoking toplevel() on ptolemy.moml.MoMLSimpleApplication@1ac7e95a
----------------- Done invoking toplevel() on ptolemy.moml.MoMLSimpleApplication@1ac7e95a
reloadAllAccessors: .CausalityInterface10

===========================================================================================
----------------- testing Wed May 15 05:08:05 UTC 2019 /home/travis/build/icyphy/ptII/ptolemy/domains/modal/test/auto/CausalityInterface11.xml
----------------- Instantiating /home/travis/build/icyphy/ptII/ptolemy/domains/modal/test/auto/CausalityInterface11.xml
6 ms. Memory: 333824K Free: 193995K (58%)
----------------- Invoking toplevel() on ptolemy.moml.MoMLSimpleApplication@3b6777fd
----------------- Done invoking toplevel() on ptolemy.moml.MoMLSimpleApplication@3b6777fd
reloadAllAccessors: .CausalityInterface11

===========================================================================================
----------------- testing Wed May 15 05:08:05 UTC 2019 /home/travis/build/icyphy/ptII/ptolemy/domains/modal/test/auto/CausalityInterface12.xml
----------------- Instantiating /home/travis/build/icyphy/ptII/ptolemy/domains/modal/test/auto/CausalityInterface12.xml
6 ms. Memory: 333824K Free: 179341K (54%)
----------------- Invoking toplevel() on ptolemy.moml.MoMLSimpleApplication@1393ed4f
----------------- Done invoking toplevel() on ptolemy.moml.MoMLSimpleApplication@1393ed4f
reloadAllAccessors: .CausalityInterface12

===========================================================================================
----------------- testing Wed May 15 05:08:05 UTC 2019 /home/travis/build/icyphy/ptII/ptolemy/domains/modal/test/auto/CausalityInterface13.xml
----------------- Instantiating /home/travis/build/icyphy/ptII/ptolemy/domains/modal/test/auto/CausalityInterface13.xml
12 ms. Memory: 333824K Free: 163466K (49%)
----------------- Invoking toplevel() on ptolemy.moml.MoMLSimpleApplication@5d24b075
----------------- Done invoking toplevel() on ptolemy.moml.MoMLSimpleApplication@5d24b075
reloadAllAccessors: .CausalityInterface13

===========================================================================================
----------------- testing Wed May 15 05:08:05 UTC 2019 /home/travis/build/icyphy/ptII/ptolemy/domains/modal/test/auto/CausalityInterface14.xml
----------------- Instantiating /home/travis/build/icyphy/ptII/ptolemy/domains/modal/test/auto/CausalityInterface14.xml
9 ms. Memory: 333824K Free: 145412K (44%)
----------------- Invoking toplevel() on ptolemy.moml.MoMLSimpleApplication@2db460b3
----------------- Done invoking toplevel() on ptolemy.moml.MoMLSimpleApplication@2db460b3
reloadAllAccessors: .CausalityInterface14

===========================================================================================
----------------- testing Wed May 15 05:08:05 UTC 2019 /home/travis/build/icyphy/ptII/ptolemy/domains/modal/test/auto/CausalityInterface2.xml
----------------- Instantiating /home/travis/build/icyphy/ptII/ptolemy/domains/modal/test/auto/CausalityInterface2.xml
4 ms. Memory: 333824K Free: 138085K (41%)
----------------- Invoking toplevel() on ptolemy.moml.MoMLSimpleApplication@3416b870
----------------- Done invoking toplevel() on ptolemy.moml.MoMLSimpleApplication@3416b870
reloadAllAccessors: .CausalityInterface2

===========================================================================================
----------------- testing Wed May 15 05:08:05 UTC 2019 /home/travis/build/icyphy/ptII/ptolemy/domains/modal/test/auto/CausalityInterface3.xml
----------------- Instantiating /home/travis/build/icyphy/ptII/ptolemy/domains/modal/test/auto/CausalityInterface3.xml
3 ms. Memory: 333824K Free: 130758K (39%)
----------------- Invoking toplevel() on ptolemy.moml.MoMLSimpleApplication@4848c663
----------------- Done invoking toplevel() on ptolemy.moml.MoMLSimpleApplication@4848c663
reloadAllAccessors: .CausalityInterface3

===========================================================================================
----------------- testing Wed May 15 05:08:05 UTC 2019 /home/travis/build/icyphy/ptII/ptolemy/domains/modal/test/auto/CausalityInterface4.xml
----------------- Instantiating /home/travis/build/icyphy/ptII/ptolemy/domains/modal/test/auto/CausalityInterface4.xml
4 ms. Memory: 333824K Free: 121252K (36%)
----------------- Invoking toplevel() on ptolemy.moml.MoMLSimpleApplication@3028c930
----------------- Done invoking toplevel() on ptolemy.moml.MoMLSimpleApplication@3028c930
reloadAllAccessors: .CausalityInterface4

===========================================================================================
----------------- testing Wed May 15 05:08:05 UTC 2019 /home/travis/build/icyphy/ptII/ptolemy/domains/modal/test/auto/CausalityInterface5.xml
----------------- Instantiating /home/travis/build/icyphy/ptII/ptolemy/domains/modal/test/auto/CausalityInterface5.xml
5 ms. Memory: 333824K Free: 112641K (34%)
----------------- Invoking toplevel() on ptolemy.moml.MoMLSimpleApplication@5ccc8456
----------------- Done invoking toplevel() on ptolemy.moml.MoMLSimpleApplication@5ccc8456
reloadAllAccessors: .CausalityInterface5

===========================================================================================
----------------- testing Wed May 15 05:08:05 UTC 2019 /home/travis/build/icyphy/ptII/ptolemy/domains/modal/test/auto/CausalityInterface6.xml
----------------- Instantiating /home/travis/build/icyphy/ptII/ptolemy/domains/modal/test/auto/CausalityInterface6.xml
2 ms. Memory: 333824K Free: 99472K (30%)
----------------- Invoking toplevel() on ptolemy.moml.MoMLSimpleApplication@c3ccf86
----------------- Done invoking toplevel() on ptolemy.moml.MoMLSimpleApplication@c3ccf86
reloadAllAccessors: .CausalityInterface6

===========================================================================================
----------------- testing Wed May 15 05:08:06 UTC 2019 /home/travis/build/icyphy/ptII/ptolemy/domains/modal/test/auto/CausalityInterface7.xml
----------------- Instantiating /home/travis/build/icyphy/ptII/ptolemy/domains/modal/test/auto/CausalityInterface7.xml
3 ms. Memory: 333824K Free: 89703K (27%)
----------------- Invoking toplevel() on ptolemy.moml.MoMLSimpleApplication@2042bd
----------------- Done invoking toplevel() on ptolemy.moml.MoMLSimpleApplication@2042bd
reloadAllAccessors: .CausalityInterface7

===========================================================================================
----------------- testing Wed May 15 05:08:06 UTC 2019 /home/travis/build/icyphy/ptII/ptolemy/domains/modal/test/auto/CausalityInterface8.xml
----------------- Instantiating /home/travis/build/icyphy/ptII/ptolemy/domains/modal/test/auto/CausalityInterface8.xml
4 ms. Memory: 333824K Free: 79934K (24%)
----------------- Invoking toplevel() on ptolemy.moml.MoMLSimpleApplication@1d483d48
----------------- Done invoking toplevel() on ptolemy.moml.MoMLSimpleApplication@1d483d48
reloadAllAccessors: .CausalityInterface8

===========================================================================================
----------------- testing Wed May 15 05:08:06 UTC 2019 /home/travis/build/icyphy/ptII/ptolemy/domains/modal/test/auto/CausalityInterface9.xml
----------------- Instantiating /home/travis/build/icyphy/ptII/ptolemy/domains/modal/test/auto/CausalityInterface9.xml
6 ms. Memory: 578560K Free: 555517K (96%)
----------------- Invoking toplevel() on ptolemy.moml.MoMLSimpleApplication@569d4d87
----------------- Done invoking toplevel() on ptolemy.moml.MoMLSimpleApplication@569d4d87
reloadAllAccessors: .CausalityInterface9

===========================================================================================
----------------- testing Wed May 15 05:08:06 UTC 2019 /home/travis/build/icyphy/ptII/ptolemy/domains/modal/test/auto/ChainedTransitions.xml
----------------- Instantiating /home/travis/build/icyphy/ptII/ptolemy/domains/modal/test/auto/ChainedTransitions.xml
110 ms. Memory: 578560K Free: 523116K (90%)
----------------- Invoking toplevel() on ptolemy.moml.MoMLSimpleApplication@1bfc4934
----------------- Done invoking toplevel() on ptolemy.moml.MoMLSimpleApplication@1bfc4934
reloadAllAccessors: .ChainedTransitions

===========================================================================================
----------------- testing Wed May 15 05:08:06 UTC 2019 /home/travis/build/icyphy/ptII/ptolemy/domains/modal/test/auto/CycleOfImmediateTransitionsFSM.xml
----------------- Instantiating /home/travis/build/icyphy/ptII/ptolemy/domains/modal/test/auto/CycleOfImmediateTransitionsFSM.xml
3 ms. Memory: 578560K Free: 513348K (89%)
----------------- Invoking toplevel() on ptolemy.moml.MoMLSimpleApplication@57964dda
----------------- Done invoking toplevel() on ptolemy.moml.MoMLSimpleApplication@57964dda
reloadAllAccessors: .CycleOfImmediateTransitionsFSM

===========================================================================================
----------------- testing Wed May 15 05:08:06 UTC 2019 /home/travis/build/icyphy/ptII/ptolemy/domains/modal/test/auto/CycleOfImmediateTransitionsModal.xml
----------------- Instantiating /home/travis/build/icyphy/ptII/ptolemy/domains/modal/test/auto/CycleOfImmediateTransitionsModal.xml
3 ms. Memory: 578560K Free: 503579K (87%)
----------------- Invoking toplevel() on ptolemy.moml.MoMLSimpleApplication@5bef4f9b
----------------- Done invoking toplevel() on ptolemy.moml.MoMLSimpleApplication@5bef4f9b
reloadAllAccessors: .CycleOfImmediateTransitionsModal

===========================================================================================
----------------- testing Wed May 15 05:08:06 UTC 2019 /home/travis/build/icyphy/ptII/ptolemy/domains/modal/test/auto/CycleOfImmediateTransitionsModal2.xml
----------------- Instantiating /home/travis/build/icyphy/ptII/ptolemy/domains/modal/test/auto/CycleOfImmediateTransitionsModal2.xml
6 ms. Memory: 578560K Free: 493810K (85%)
----------------- Invoking toplevel() on ptolemy.moml.MoMLSimpleApplication@10c1629e
----------------- Done invoking toplevel() on ptolemy.moml.MoMLSimpleApplication@10c1629e
reloadAllAccessors: .CycleOfImmediateTransitionsModal2

===========================================================================================
----------------- testing Wed May 15 05:08:06 UTC 2019 /home/travis/build/icyphy/ptII/ptolemy/domains/modal/test/auto/CycleOfImmediateTransitionsModal3.xml
----------------- Instantiating /home/travis/build/icyphy/ptII/ptolemy/domains/modal/test/auto/CycleOfImmediateTransitionsModal3.xml
11 ms. Memory: 578560K Free: 461409K (80%)
----------------- Invoking toplevel() on ptolemy.moml.MoMLSimpleApplication@432474f5
----------------- Done invoking toplevel() on ptolemy.moml.MoMLSimpleApplication@432474f5
reloadAllAccessors: .CycleOfImmediateTransitionsModal3

===========================================================================================
----------------- testing Wed May 15 05:08:06 UTC 2019 /home/travis/build/icyphy/ptII/ptolemy/domains/modal/test/auto/DeepModal1.xml
----------------- Instantiating /home/travis/build/icyphy/ptII/ptolemy/domains/modal/test/auto/DeepModal1.xml
24 ms. Memory: 578560K Free: 445127K (77%)
----------------- Invoking toplevel() on ptolemy.moml.MoMLSimpleApplication@151530bb
----------------- Done invoking toplevel() on ptolemy.moml.MoMLSimpleApplication@151530bb
reloadAllAccessors: .DeepModal1

===========================================================================================
----------------- testing Wed May 15 05:08:06 UTC 2019 /home/travis/build/icyphy/ptII/ptolemy/domains/modal/test/auto/DeepModal2.xml
----------------- Instantiating /home/travis/build/icyphy/ptII/ptolemy/domains/modal/test/auto/DeepModal2.xml
34 ms. Memory: 578560K Free: 412564K (71%)
----------------- Invoking toplevel() on ptolemy.moml.MoMLSimpleApplication@2e5b14c8
----------------- Done invoking toplevel() on ptolemy.moml.MoMLSimpleApplication@2e5b14c8
reloadAllAccessors: .DeepModal2

===========================================================================================
----------------- testing Wed May 15 05:08:06 UTC 2019 /home/travis/build/icyphy/ptII/ptolemy/domains/modal/test/auto/DeepModal3.xml
----------------- Instantiating /home/travis/build/icyphy/ptII/ptolemy/domains/modal/test/auto/DeepModal3.xml
22 ms. Memory: 578560K Free: 389769K (67%)
----------------- Invoking toplevel() on ptolemy.moml.MoMLSimpleApplication@21566707
----------------- Done invoking toplevel() on ptolemy.moml.MoMLSimpleApplication@21566707
reloadAllAccessors: .DeepModal3

===========================================================================================
----------------- testing Wed May 15 05:08:06 UTC 2019 /home/travis/build/icyphy/ptII/ptolemy/domains/modal/test/auto/DeepModal4.xml
----------------- Instantiating /home/travis/build/icyphy/ptII/ptolemy/domains/modal/test/auto/DeepModal4.xml
32 ms. Memory: 578560K Free: 363881K (63%)
----------------- Invoking toplevel() on ptolemy.moml.MoMLSimpleApplication@4b7dbe40
----------------- Done invoking toplevel() on ptolemy.moml.MoMLSimpleApplication@4b7dbe40
reloadAllAccessors: .DeepModal4

===========================================================================================
----------------- testing Wed May 15 05:08:06 UTC 2019 /home/travis/build/icyphy/ptII/ptolemy/domains/modal/test/auto/Default1.xml
----------------- Instantiating /home/travis/build/icyphy/ptII/ptolemy/domains/modal/test/auto/Default1.xml
2 ms. Memory: 578560K Free: 354112K (61%)
----------------- Invoking toplevel() on ptolemy.moml.MoMLSimpleApplication@6326a4a1
----------------- Done invoking toplevel() on ptolemy.moml.MoMLSimpleApplication@6326a4a1
reloadAllAccessors: .Default1

===========================================================================================
----------------- testing Wed May 15 05:08:06 UTC 2019 /home/travis/build/icyphy/ptII/ptolemy/domains/modal/test/auto/Default2.xml
----------------- Instantiating /home/travis/build/icyphy/ptII/ptolemy/domains/modal/test/auto/Default2.xml
3 ms. Memory: 578560K Free: 344343K (60%)
----------------- Invoking toplevel() on ptolemy.moml.MoMLSimpleApplication@48fa4b0f
----------------- Done invoking toplevel() on ptolemy.moml.MoMLSimpleApplication@48fa4b0f
reloadAllAccessors: .Default2

===========================================================================================
----------------- testing Wed May 15 05:08:06 UTC 2019 /home/travis/build/icyphy/ptII/ptolemy/domains/modal/test/auto/Default3.xml
----------------- Instantiating /home/travis/build/icyphy/ptII/ptolemy/domains/modal/test/auto/Default3.xml
7 ms. Memory: 578560K Free: 334574K (58%)
----------------- Invoking toplevel() on ptolemy.moml.MoMLSimpleApplication@10a1bca0
----------------- Done invoking toplevel() on ptolemy.moml.MoMLSimpleApplication@10a1bca0
reloadAllAccessors: .Default3

===========================================================================================
----------------- testing Wed May 15 05:08:06 UTC 2019 /home/travis/build/icyphy/ptII/ptolemy/domains/modal/test/auto/Default4.xml
----------------- Instantiating /home/travis/build/icyphy/ptII/ptolemy/domains/modal/test/auto/Default4.xml
4 ms. Memory: 578560K Free: 321712K (56%)
----------------- Invoking toplevel() on ptolemy.moml.MoMLSimpleApplication@401e54f2
----------------- Done invoking toplevel() on ptolemy.moml.MoMLSimpleApplication@401e54f2
reloadAllAccessors: .Default4

===========================================================================================
----------------- testing Wed May 15 05:08:06 UTC 2019 /home/travis/build/icyphy/ptII/ptolemy/domains/modal/test/auto/Default5.xml
----------------- Instantiating /home/travis/build/icyphy/ptII/ptolemy/domains/modal/test/auto/Default5.xml
4 ms. Memory: 578560K Free: 308687K (53%)
----------------- Invoking toplevel() on ptolemy.moml.MoMLSimpleApplication@407978a3
----------------- Done invoking toplevel() on ptolemy.moml.MoMLSimpleApplication@407978a3
reloadAllAccessors: .Default5

===========================================================================================
----------------- testing Wed May 15 05:08:06 UTC 2019 /home/travis/build/icyphy/ptII/ptolemy/domains/modal/test/auto/EmptyGuard.xml
----------------- Instantiating /home/travis/build/icyphy/ptII/ptolemy/domains/modal/test/auto/EmptyGuard.xml
11 ms. Memory: 578560K Free: 298918K (52%)
----------------- Invoking toplevel() on ptolemy.moml.MoMLSimpleApplication@4a2ff385
----------------- Done invoking toplevel() on ptolemy.moml.MoMLSimpleApplication@4a2ff385
reloadAllAccessors: .EmptyGuard

===========================================================================================
----------------- testing Wed May 15 05:08:06 UTC 2019 /home/travis/build/icyphy/ptII/ptolemy/domains/modal/test/auto/ErrorTransition1.xml
----------------- Instantiating /home/travis/build/icyphy/ptII/ptolemy/domains/modal/test/auto/ErrorTransition1.xml
10 ms. Memory: 578560K Free: 285893K (49%)
----------------- Invoking toplevel() on ptolemy.moml.MoMLSimpleApplication@4cee8a03
----------------- Done invoking toplevel() on ptolemy.moml.MoMLSimpleApplication@4cee8a03
reloadAllAccessors: .ErrorTransition1

===========================================================================================
----------------- testing Wed May 15 05:08:07 UTC 2019 /home/travis/build/icyphy/ptII/ptolemy/domains/modal/test/auto/ErrorTransition10.xml
----------------- Instantiating /home/travis/build/icyphy/ptII/ptolemy/domains/modal/test/auto/ErrorTransition10.xml
14 ms. Memory: 578560K Free: 266517K (46%)
----------------- Invoking toplevel() on ptolemy.moml.MoMLSimpleApplication@6b898233
----------------- Done invoking toplevel() on ptolemy.moml.MoMLSimpleApplication@6b898233
reloadAllAccessors: .ErrorTransition10

===========================================================================================
----------------- testing Wed May 15 05:08:07 UTC 2019 /home/travis/build/icyphy/ptII/ptolemy/domains/modal/test/auto/ErrorTransition11.xml
----------------- Instantiating /home/travis/build/icyphy/ptII/ptolemy/domains/modal/test/auto/ErrorTransition11.xml
5 ms. Memory: 578560K Free: 250236K (43%)
----------------- Invoking toplevel() on ptolemy.moml.MoMLSimpleApplication@5472a91
----------------- Done invoking toplevel() on ptolemy.moml.MoMLSimpleApplication@5472a91
reloadAllAccessors: .ErrorTransition11

===========================================================================================
----------------- testing Wed May 15 05:08:07 UTC 2019 /home/travis/build/icyphy/ptII/ptolemy/domains/modal/test/auto/ErrorTransition2.xml
----------------- Instantiating /home/travis/build/icyphy/ptII/ptolemy/domains/modal/test/auto/ErrorTransition2.xml
5 ms. Memory: 578560K Free: 237211K (41%)
----------------- Invoking toplevel() on ptolemy.moml.MoMLSimpleApplication@33fe65f8
----------------- Done invoking toplevel() on ptolemy.moml.MoMLSimpleApplication@33fe65f8
reloadAllAccessors: .ErrorTransition2

===========================================================================================
----------------- testing Wed May 15 05:08:07 UTC 2019 /home/travis/build/icyphy/ptII/ptolemy/domains/modal/test/auto/ErrorTransition3.xml
----------------- Instantiating /home/travis/build/icyphy/ptII/ptolemy/domains/modal/test/auto/ErrorTransition3.xml
7 ms. Memory: 578560K Free: 224185K (39%)
----------------- Invoking toplevel() on ptolemy.moml.MoMLSimpleApplication@67947968
----------------- Done invoking toplevel() on ptolemy.moml.MoMLSimpleApplication@67947968
reloadAllAccessors: .ErrorTransition3

===========================================================================================
----------------- testing Wed May 15 05:08:07 UTC 2019 /home/travis/build/icyphy/ptII/ptolemy/domains/modal/test/auto/ErrorTransition4.xml
----------------- Instantiating /home/travis/build/icyphy/ptII/ptolemy/domains/modal/test/auto/ErrorTransition4.xml
6 ms. Memory: 578560K Free: 208066K (36%)
----------------- Invoking toplevel() on ptolemy.moml.MoMLSimpleApplication@55ddb253
----------------- Done invoking toplevel() on ptolemy.moml.MoMLSimpleApplication@55ddb253
reloadAllAccessors: .ErrorTransition4

===========================================================================================
----------------- testing Wed May 15 05:08:07 UTC 2019 /home/travis/build/icyphy/ptII/ptolemy/domains/modal/test/auto/ErrorTransition5.xml
----------------- Instantiating /home/travis/build/icyphy/ptII/ptolemy/domains/modal/test/auto/ErrorTransition5.xml
6 ms. Memory: 578560K Free: 195041K (34%)
----------------- Invoking toplevel() on ptolemy.moml.MoMLSimpleApplication@2eb531b4
----------------- Done invoking toplevel() on ptolemy.moml.MoMLSimpleApplication@2eb531b4
reloadAllAccessors: .ErrorTransition5

===========================================================================================
----------------- testing Wed May 15 05:08:07 UTC 2019 /home/travis/build/icyphy/ptII/ptolemy/domains/modal/test/auto/ErrorTransition6.xml
----------------- Instantiating /home/travis/build/icyphy/ptII/ptolemy/domains/modal/test/auto/ErrorTransition6.xml
7 ms. Memory: 578560K Free: 182015K (31%)
----------------- Invoking toplevel() on ptolemy.moml.MoMLSimpleApplication@62a23be9
----------------- Done invoking toplevel() on ptolemy.moml.MoMLSimpleApplication@62a23be9
reloadAllAccessors: .ErrorTransition6

===========================================================================================
----------------- testing Wed May 15 05:08:07 UTC 2019 /home/travis/build/icyphy/ptII/ptolemy/domains/modal/test/auto/ErrorTransition7.xml
----------------- Instantiating /home/travis/build/icyphy/ptII/ptolemy/domains/modal/test/auto/ErrorTransition7.xml
10 ms. Memory: 578560K Free: 165734K (29%)
----------------- Invoking toplevel() on ptolemy.moml.MoMLSimpleApplication@25b2ffbd
----------------- Done invoking toplevel() on ptolemy.moml.MoMLSimpleApplication@25b2ffbd
reloadAllAccessors: .ErrorTransition7

===========================================================================================
----------------- testing Wed May 15 05:08:07 UTC 2019 /home/travis/build/icyphy/ptII/ptolemy/domains/modal/test/auto/ErrorTransition8.xml
----------------- Instantiating /home/travis/build/icyphy/ptII/ptolemy/domains/modal/test/auto/ErrorTransition8.xml
32 ms. Memory: 578560K Free: 146359K (25%)
----------------- Invoking toplevel() on ptolemy.moml.MoMLSimpleApplication@4b7bb003
----------------- Done invoking toplevel() on ptolemy.moml.MoMLSimpleApplication@4b7bb003
reloadAllAccessors: .ErrorTransition8

===========================================================================================
----------------- testing Wed May 15 05:08:07 UTC 2019 /home/travis/build/icyphy/ptII/ptolemy/domains/modal/test/auto/ErrorTransition9.xml
----------------- Instantiating /home/travis/build/icyphy/ptII/ptolemy/domains/modal/test/auto/ErrorTransition9.xml
17 ms. Memory: 578560K Free: 130077K (22%)
----------------- Invoking toplevel() on ptolemy.moml.MoMLSimpleApplication@1a54c68b
----------------- Done invoking toplevel() on ptolemy.moml.MoMLSimpleApplication@1a54c68b
reloadAllAccessors: .ErrorTransition9

===========================================================================================
----------------- testing Wed May 15 05:08:07 UTC 2019 /home/travis/build/icyphy/ptII/ptolemy/domains/modal/test/auto/ExtendedFSM.xml
----------------- Instantiating /home/travis/build/icyphy/ptII/ptolemy/domains/modal/test/auto/ExtendedFSM.xml
14 ms. Memory: 578560K Free: 120308K (21%)
----------------- Invoking toplevel() on ptolemy.moml.MoMLSimpleApplication@537f230b
----------------- Done invoking toplevel() on ptolemy.moml.MoMLSimpleApplication@537f230b
reloadAllAccessors: .ExtendedFSM

===========================================================================================
----------------- testing Wed May 15 05:08:07 UTC 2019 /home/travis/build/icyphy/ptII/ptolemy/domains/modal/test/auto/FinalStates.xml
----------------- Instantiating /home/travis/build/icyphy/ptII/ptolemy/domains/modal/test/auto/FinalStates.xml
7 ms. Memory: 578560K Free: 110539K (19%)
----------------- Invoking toplevel() on ptolemy.moml.MoMLSimpleApplication@502d138d
----------------- Done invoking toplevel() on ptolemy.moml.MoMLSimpleApplication@502d138d
reloadAllAccessors: .FinalStates

===========================================================================================
----------------- testing Wed May 15 05:08:07 UTC 2019 /home/travis/build/icyphy/ptII/ptolemy/domains/modal/test/auto/FixedPointFSM.xml
----------------- Instantiating /home/travis/build/icyphy/ptII/ptolemy/domains/modal/test/auto/FixedPointFSM.xml
11 ms. Memory: 578560K Free: 87908K (15%)
----------------- Invoking toplevel() on ptolemy.moml.MoMLSimpleApplication@1508ae6b
----------------- Done invoking toplevel() on ptolemy.moml.MoMLSimpleApplication@1508ae6b
reloadAllAccessors: .FixedPointFSM

===========================================================================================
----------------- testing Wed May 15 05:08:07 UTC 2019 /home/travis/build/icyphy/ptII/ptolemy/domains/modal/test/auto/FixedPointIterationFSMActor.xml
----------------- Instantiating /home/travis/build/icyphy/ptII/ptolemy/domains/modal/test/auto/FixedPointIterationFSMActor.xml
7 ms. Memory: 578560K Free: 562955K (97%)
----------------- Invoking toplevel() on ptolemy.moml.MoMLSimpleApplication@29d0b8e4
----------------- Done invoking toplevel() on ptolemy.moml.MoMLSimpleApplication@29d0b8e4
reloadAllAccessors: .FixedPointIterationFSMActor

===========================================================================================
----------------- testing Wed May 15 05:08:07 UTC 2019 /home/travis/build/icyphy/ptII/ptolemy/domains/modal/test/auto/FixedPointIterationFSMActor2.xml
----------------- Instantiating /home/travis/build/icyphy/ptII/ptolemy/domains/modal/test/auto/FixedPointIterationFSMActor2.xml
11 ms. Memory: 578560K Free: 544354K (94%)
----------------- Invoking toplevel() on ptolemy.moml.MoMLSimpleApplication@19744d62
----------------- Done invoking toplevel() on ptolemy.moml.MoMLSimpleApplication@19744d62
reloadAllAccessors: .FixedPointIterationFSMActor2

===========================================================================================
----------------- testing Wed May 15 05:08:07 UTC 2019 /home/travis/build/icyphy/ptII/ptolemy/domains/modal/test/auto/ForbiddenInstantanousLoop.xml
----------------- Instantiating /home/travis/build/icyphy/ptII/ptolemy/domains/modal/test/auto/ForbiddenInstantanousLoop.xml
5 ms. Memory: 578560K Free: 528073K (91%)
----------------- Invoking toplevel() on ptolemy.moml.MoMLSimpleApplication@7faeac26
----------------- Done invoking toplevel() on ptolemy.moml.MoMLSimpleApplication@7faeac26
reloadAllAccessors: .ForbiddenInstantanousLoop

===========================================================================================
----------------- testing Wed May 15 05:08:07 UTC 2019 /home/travis/build/icyphy/ptII/ptolemy/domains/modal/test/auto/FunctionDependencyOfFSMActorTest.xml
----------------- Instantiating /home/travis/build/icyphy/ptII/ptolemy/domains/modal/test/auto/FunctionDependencyOfFSMActorTest.xml
12 ms. Memory: 578560K Free: 516141K (89%)
----------------- Invoking toplevel() on ptolemy.moml.MoMLSimpleApplication@1fd246f6
----------------- Done invoking toplevel() on ptolemy.moml.MoMLSimpleApplication@1fd246f6
reloadAllAccessors: .FunctionDependencyOfFSMActorTest

===========================================================================================
----------------- testing Wed May 15 05:08:07 UTC 2019 /home/travis/build/icyphy/ptII/ptolemy/domains/modal/test/auto/GuardExpression.xml
----------------- Instantiating /home/travis/build/icyphy/ptII/ptolemy/domains/modal/test/auto/GuardExpression.xml
6 ms. Memory: 578560K Free: 506372K (88%)
----------------- Invoking toplevel() on ptolemy.moml.MoMLSimpleApplication@39f9ab49
----------------- Done invoking toplevel() on ptolemy.moml.MoMLSimpleApplication@39f9ab49
reloadAllAccessors: .GuardExpression

===========================================================================================
----------------- testing Wed May 15 05:08:07 UTC 2019 /home/travis/build/icyphy/ptII/ptolemy/domains/modal/test/auto/GuardNotEvaluated.xml
----------------- Instantiating /home/travis/build/icyphy/ptII/ptolemy/domains/modal/test/auto/GuardNotEvaluated.xml
9 ms. Memory: 578560K Free: 493347K (85%)
----------------- Invoking toplevel() on ptolemy.moml.MoMLSimpleApplication@1ae56ec8
----------------- Done invoking toplevel() on ptolemy.moml.MoMLSimpleApplication@1ae56ec8
reloadAllAccessors: .GuardNotEvaluated

===========================================================================================
----------------- testing Wed May 15 05:08:07 UTC 2019 /home/travis/build/icyphy/ptII/ptolemy/domains/modal/test/auto/GuardNotEvaluated2.xml
----------------- Instantiating /home/travis/build/icyphy/ptII/ptolemy/domains/modal/test/auto/GuardNotEvaluated2.xml
5 ms. Memory: 578560K Free: 478158K (83%)
----------------- Invoking toplevel() on ptolemy.moml.MoMLSimpleApplication@5ef80d93
----------------- Done invoking toplevel() on ptolemy.moml.MoMLSimpleApplication@5ef80d93
reloadAllAccessors: .GuardNotEvaluated2

===========================================================================================
----------------- testing Wed May 15 05:08:07 UTC 2019 /home/travis/build/icyphy/ptII/ptolemy/domains/modal/test/auto/GuardOnAbsent.xml
----------------- Instantiating /home/travis/build/icyphy/ptII/ptolemy/domains/modal/test/auto/GuardOnAbsent.xml
11 ms. Memory: 578560K Free: 468389K (81%)
----------------- Invoking toplevel() on ptolemy.moml.MoMLSimpleApplication@23afb183
----------------- Done invoking toplevel() on ptolemy.moml.MoMLSimpleApplication@23afb183
reloadAllAccessors: .GuardOnAbsent

===========================================================================================
----------------- testing Wed May 15 05:08:07 UTC 2019 /home/travis/build/icyphy/ptII/ptolemy/domains/modal/test/auto/HierarchicalFSMTypeInference.xml
----------------- Instantiating /home/travis/build/icyphy/ptII/ptolemy/domains/modal/test/auto/HierarchicalFSMTypeInference.xml
7 ms. Memory: 578560K Free: 452107K (78%)
----------------- Invoking toplevel() on ptolemy.moml.MoMLSimpleApplication@40230334
----------------- Done invoking toplevel() on ptolemy.moml.MoMLSimpleApplication@40230334
reloadAllAccessors: .HierarchicalFSMTypeInference

===========================================================================================
----------------- testing Wed May 15 05:08:07 UTC 2019 /home/travis/build/icyphy/ptII/ptolemy/domains/modal/test/auto/Hysteresis.xml
----------------- Instantiating /home/travis/build/icyphy/ptII/ptolemy/domains/modal/test/auto/Hysteresis.xml
8 ms. Memory: 578560K Free: 430407K (74%)
----------------- Invoking toplevel() on ptolemy.moml.MoMLSimpleApplication@3164d93b
----------------- Done invoking toplevel() on ptolemy.moml.MoMLSimpleApplication@3164d93b
reloadAllAccessors: .Hysteresis

===========================================================================================
----------------- testing Wed May 15 05:08:07 UTC 2019 /home/travis/build/icyphy/ptII/ptolemy/domains/modal/test/auto/HysteresisWithDefault.xml
----------------- Instantiating /home/travis/build/icyphy/ptII/ptolemy/domains/modal/test/auto/HysteresisWithDefault.xml
38 ms. Memory: 578560K Free: 404356K (70%)
----------------- Invoking toplevel() on ptolemy.moml.MoMLSimpleApplication@1887ce42
----------------- Done invoking toplevel() on ptolemy.moml.MoMLSimpleApplication@1887ce42
reloadAllAccessors: .HysteresisWithDefault

===========================================================================================
----------------- testing Wed May 15 05:08:07 UTC 2019 /home/travis/build/icyphy/ptII/ptolemy/domains/modal/test/auto/HysteresisWithDefault2.xml
----------------- Instantiating /home/travis/build/icyphy/ptII/ptolemy/domains/modal/test/auto/HysteresisWithDefault2.xml
42 ms. Memory: 578560K Free: 369630K (64%)
----------------- Invoking toplevel() on ptolemy.moml.MoMLSimpleApplication@66adfdcf
----------------- Done invoking toplevel() on ptolemy.moml.MoMLSimpleApplication@66adfdcf
reloadAllAccessors: .HysteresisWithDefault2

===========================================================================================
----------------- testing Wed May 15 05:08:07 UTC 2019 /home/travis/build/icyphy/ptII/ptolemy/domains/modal/test/auto/ImmediateNonConstructiveness.xml
----------------- Instantiating /home/travis/build/icyphy/ptII/ptolemy/domains/modal/test/auto/ImmediateNonConstructiveness.xml
3 ms. Memory: 578560K Free: 359861K (62%)
----------------- Invoking toplevel() on ptolemy.moml.MoMLSimpleApplication@1391b92a
----------------- Done invoking toplevel() on ptolemy.moml.MoMLSimpleApplication@1391b92a
reloadAllAccessors: .ImmediateNonConstructiveness

===========================================================================================
----------------- testing Wed May 15 05:08:07 UTC 2019 /home/travis/build/icyphy/ptII/ptolemy/domains/modal/test/auto/ImmediateNonConstructiveness2.xml
----------------- Instantiating /home/travis/build/icyphy/ptII/ptolemy/domains/modal/test/auto/ImmediateNonConstructiveness2.xml
2 ms. Memory: 578560K Free: 350092K (61%)
----------------- Invoking toplevel() on ptolemy.moml.MoMLSimpleApplication@1acf4ddd
----------------- Done invoking toplevel() on ptolemy.moml.MoMLSimpleApplication@1acf4ddd
reloadAllAccessors: .ImmediateNonConstructiveness2

===========================================================================================
----------------- testing Wed May 15 05:08:07 UTC 2019 /home/travis/build/icyphy/ptII/ptolemy/domains/modal/test/auto/ImmediateTransitionReset.xml
----------------- Instantiating /home/travis/build/icyphy/ptII/ptolemy/domains/modal/test/auto/ImmediateTransitionReset.xml
6 ms. Memory: 578560K Free: 331648K (57%)
----------------- Invoking toplevel() on ptolemy.moml.MoMLSimpleApplication@d0936a6
----------------- Done invoking toplevel() on ptolemy.moml.MoMLSimpleApplication@d0936a6
reloadAllAccessors: .ImmediateTransitionReset

===========================================================================================
----------------- testing Wed May 15 05:08:08 UTC 2019 /home/travis/build/icyphy/ptII/ptolemy/domains/modal/test/auto/ImmediateTransitions1.xml
----------------- Instantiating /home/travis/build/icyphy/ptII/ptolemy/domains/modal/test/auto/ImmediateTransitions1.xml
2 ms. Memory: 578560K Free: 321879K (56%)
----------------- Invoking toplevel() on ptolemy.moml.MoMLSimpleApplication@b555b1d
----------------- Done invoking toplevel() on ptolemy.moml.MoMLSimpleApplication@b555b1d
reloadAllAccessors: .ImmediateTransitions1

===========================================================================================
----------------- testing Wed May 15 05:08:08 UTC 2019 /home/travis/build/icyphy/ptII/ptolemy/domains/modal/test/auto/ImmediateTransitionsInstantaneousCommunication.xml
----------------- Instantiating /home/travis/build/icyphy/ptII/ptolemy/domains/modal/test/auto/ImmediateTransitionsInstantaneousCommunication.xml
9 ms. Memory: 578560K Free: 305597K (53%)
----------------- Invoking toplevel() on ptolemy.moml.MoMLSimpleApplication@57971a
----------------- Done invoking toplevel() on ptolemy.moml.MoMLSimpleApplication@57971a
reloadAllAccessors: .ImmediateTransitionsInstantaneousCommunication

===========================================================================================
----------------- testing Wed May 15 05:08:08 UTC 2019 /home/travis/build/icyphy/ptII/ptolemy/domains/modal/test/auto/InitialImmediateTransition.xml
----------------- Instantiating /home/travis/build/icyphy/ptII/ptolemy/domains/modal/test/auto/InitialImmediateTransition.xml
4 ms. Memory: 578560K Free: 293665K (51%)
----------------- Invoking toplevel() on ptolemy.moml.MoMLSimpleApplication@379de649
----------------- Done invoking toplevel() on ptolemy.moml.MoMLSimpleApplication@379de649
reloadAllAccessors: .InitialImmediateTransition

===========================================================================================
----------------- testing Wed May 15 05:08:08 UTC 2019 /home/travis/build/icyphy/ptII/ptolemy/domains/modal/test/auto/InitialOutputs.xml
----------------- Instantiating /home/travis/build/icyphy/ptII/ptolemy/domains/modal/test/auto/InitialOutputs.xml
2 ms. Memory: 578560K Free: 283896K (49%)
----------------- Invoking toplevel() on ptolemy.moml.MoMLSimpleApplication@35304871
----------------- Done invoking toplevel() on ptolemy.moml.MoMLSimpleApplication@35304871
reloadAllAccessors: .InitialOutputs

===========================================================================================
----------------- testing Wed May 15 05:08:08 UTC 2019 /home/travis/build/icyphy/ptII/ptolemy/domains/modal/test/auto/InitialStateTransition1.xml
----------------- Instantiating /home/travis/build/icyphy/ptII/ptolemy/domains/modal/test/auto/InitialStateTransition1.xml
3 ms. Memory: 578560K Free: 270871K (47%)
----------------- Invoking toplevel() on ptolemy.moml.MoMLSimpleApplication@23ba92c
----------------- Done invoking toplevel() on ptolemy.moml.MoMLSimpleApplication@23ba92c
reloadAllAccessors: .InitialStateTransition1

===========================================================================================
----------------- testing Wed May 15 05:08:08 UTC 2019 /home/travis/build/icyphy/ptII/ptolemy/domains/modal/test/auto/InitialStateTransition2.xml
----------------- Instantiating /home/travis/build/icyphy/ptII/ptolemy/domains/modal/test/auto/InitialStateTransition2.xml
.InitialStateTransition2.TestExceptionAttributeNonConstructive: initialize() was not invoked, but wrapup() was.  This is unusual, but not always a problem.  For example, exporting JNLP will do this.
9 ms. Memory: 578560K Free: 255659K (44%)
----------------- Invoking toplevel() on ptolemy.moml.MoMLSimpleApplication@2f1cb01c
----------------- Done invoking toplevel() on ptolemy.moml.MoMLSimpleApplication@2f1cb01c
reloadAllAccessors: .InitialStateTransition2

===========================================================================================
----------------- testing Wed May 15 05:08:08 UTC 2019 /home/travis/build/icyphy/ptII/ptolemy/domains/modal/test/auto/InitialStateTransition3.xml
----------------- Instantiating /home/travis/build/icyphy/ptII/ptolemy/domains/modal/test/auto/InitialStateTransition3.xml
6 ms. Memory: 578560K Free: 242618K (42%)
----------------- Invoking toplevel() on ptolemy.moml.MoMLSimpleApplication@11ec7f2f
----------------- Done invoking toplevel() on ptolemy.moml.MoMLSimpleApplication@11ec7f2f
reloadAllAccessors: .InitialStateTransition3

===========================================================================================
----------------- testing Wed May 15 05:08:08 UTC 2019 /home/travis/build/icyphy/ptII/ptolemy/domains/modal/test/auto/InitialStateTransition4.xml
----------------- Instantiating /home/travis/build/icyphy/ptII/ptolemy/domains/modal/test/auto/InitialStateTransition4.xml
11 ms. Memory: 578560K Free: 227429K (39%)
----------------- Invoking toplevel() on ptolemy.moml.MoMLSimpleApplication@7bbe84ab
----------------- Done invoking toplevel() on ptolemy.moml.MoMLSimpleApplication@7bbe84ab
[...]
----------------- Done invoking toplevel() on ptolemy.moml.MoMLSimpleApplication@4ad33044
reloadAllAccessors: .TerminationTransition3

===========================================================================================
----------------- testing Wed May 15 05:08:10 UTC 2019 /home/travis/build/icyphy/ptII/ptolemy/domains/modal/test/auto/TerminationTransition4.xml
----------------- Instantiating /home/travis/build/icyphy/ptII/ptolemy/domains/modal/test/auto/TerminationTransition4.xml
3 ms. Memory: 871936K Free: 201573K (23%)
----------------- Invoking toplevel() on ptolemy.moml.MoMLSimpleApplication@4b694e43
----------------- Done invoking toplevel() on ptolemy.moml.MoMLSimpleApplication@4b694e43
reloadAllAccessors: .TerminationTransition4

===========================================================================================
----------------- testing Wed May 15 05:08:10 UTC 2019 /home/travis/build/icyphy/ptII/ptolemy/domains/modal/test/auto/TerminationTransition5.xml
----------------- Instantiating /home/travis/build/icyphy/ptII/ptolemy/domains/modal/test/auto/TerminationTransition5.xml
2 ms. Memory: 871936K Free: 182004K (21%)
----------------- Invoking toplevel() on ptolemy.moml.MoMLSimpleApplication@2d3ba163
----------------- Done invoking toplevel() on ptolemy.moml.MoMLSimpleApplication@2d3ba163
reloadAllAccessors: .TerminationTransition5

===========================================================================================
----------------- testing Wed May 15 05:08:10 UTC 2019 /home/travis/build/icyphy/ptII/ptolemy/domains/modal/test/auto/TerminationTransition6.xml
----------------- Instantiating /home/travis/build/icyphy/ptII/ptolemy/domains/modal/test/auto/TerminationTransition6.xml
2 ms. Memory: 871936K Free: 166343K (19%)
----------------- Invoking toplevel() on ptolemy.moml.MoMLSimpleApplication@2ed2b790
----------------- Done invoking toplevel() on ptolemy.moml.MoMLSimpleApplication@2ed2b790
reloadAllAccessors: .TerminationTransition6

===========================================================================================
----------------- testing Wed May 15 05:08:10 UTC 2019 /home/travis/build/icyphy/ptII/ptolemy/domains/modal/test/auto/TerminationTransition7.xml
----------------- Instantiating /home/travis/build/icyphy/ptII/ptolemy/domains/modal/test/auto/TerminationTransition7.xml
3 ms. Memory: 871936K Free: 148168K (17%)
----------------- Invoking toplevel() on ptolemy.moml.MoMLSimpleApplication@6d660028
----------------- Done invoking toplevel() on ptolemy.moml.MoMLSimpleApplication@6d660028
reloadAllAccessors: .TerminationTransition7

===========================================================================================
----------------- testing Wed May 15 05:08:10 UTC 2019 /home/travis/build/icyphy/ptII/ptolemy/domains/modal/test/auto/TerminationTransition8.xml
----------------- Instantiating /home/travis/build/icyphy/ptII/ptolemy/domains/modal/test/auto/TerminationTransition8.xml
3 ms. Memory: 871936K Free: 132508K (15%)
----------------- Invoking toplevel() on ptolemy.moml.MoMLSimpleApplication@343d3adc
----------------- Done invoking toplevel() on ptolemy.moml.MoMLSimpleApplication@343d3adc
reloadAllAccessors: .TerminationTransition8

===========================================================================================
----------------- testing Wed May 15 05:08:10 UTC 2019 /home/travis/build/icyphy/ptII/ptolemy/domains/modal/test/auto/Thermostat_NoHysteresis.xml
----------------- Instantiating /home/travis/build/icyphy/ptII/ptolemy/domains/modal/test/auto/Thermostat_NoHysteresis.xml
23 ms. Memory: 871936K Free: 101195K (12%)
----------------- Invoking toplevel() on ptolemy.moml.MoMLSimpleApplication@621cbffb
----------------- Done invoking toplevel() on ptolemy.moml.MoMLSimpleApplication@621cbffb
reloadAllAccessors: .Thermostat_NoHysteresis

===========================================================================================
----------------- testing Wed May 15 05:08:10 UTC 2019 /home/travis/build/icyphy/ptII/ptolemy/domains/modal/test/auto/TimedFSM.xml
----------------- Instantiating /home/travis/build/icyphy/ptII/ptolemy/domains/modal/test/auto/TimedFSM.xml
7 ms. Memory: 871936K Free: 83044K (10%)
----------------- Invoking toplevel() on ptolemy.moml.MoMLSimpleApplication@4bd08b9c
----------------- Done invoking toplevel() on ptolemy.moml.MoMLSimpleApplication@4bd08b9c
reloadAllAccessors: .TimedFSM

===========================================================================================
----------------- testing Wed May 15 05:08:10 UTC 2019 /home/travis/build/icyphy/ptII/ptolemy/domains/modal/test/auto/Timeout1.xml
----------------- Instantiating /home/travis/build/icyphy/ptII/ptolemy/domains/modal/test/auto/Timeout1.xml
9 ms. Memory: 871936K Free: 858678K (98%)
----------------- Invoking toplevel() on ptolemy.moml.MoMLSimpleApplication@43e46182
----------------- Done invoking toplevel() on ptolemy.moml.MoMLSimpleApplication@43e46182
reloadAllAccessors: .Timeout1

===========================================================================================
----------------- testing Wed May 15 05:08:10 UTC 2019 /home/travis/build/icyphy/ptII/ptolemy/domains/modal/test/auto/Timeout2.xml
----------------- Instantiating /home/travis/build/icyphy/ptII/ptolemy/domains/modal/test/auto/Timeout2.xml
5 ms. Memory: 871936K Free: 843145K (97%)
----------------- Invoking toplevel() on ptolemy.moml.MoMLSimpleApplication@742811bf
----------------- Done invoking toplevel() on ptolemy.moml.MoMLSimpleApplication@742811bf
reloadAllAccessors: .Timeout2

===========================================================================================
----------------- testing Wed May 15 05:08:10 UTC 2019 /home/travis/build/icyphy/ptII/ptolemy/domains/modal/test/auto/Timeout3.xml
----------------- Instantiating /home/travis/build/icyphy/ptII/ptolemy/domains/modal/test/auto/Timeout3.xml
2 ms. Memory: 871936K Free: 835327K (96%)
----------------- Invoking toplevel() on ptolemy.moml.MoMLSimpleApplication@2aaf4f7d
----------------- Done invoking toplevel() on ptolemy.moml.MoMLSimpleApplication@2aaf4f7d
reloadAllAccessors: .Timeout3

===========================================================================================
----------------- testing Wed May 15 05:08:10 UTC 2019 /home/travis/build/icyphy/ptII/ptolemy/domains/modal/test/auto/Timeout4.xml
----------------- Instantiating /home/travis/build/icyphy/ptII/ptolemy/domains/modal/test/auto/Timeout4.xml
2 ms. Memory: 871936K Free: 825551K (95%)
----------------- Invoking toplevel() on ptolemy.moml.MoMLSimpleApplication@28eb4acd
----------------- Done invoking toplevel() on ptolemy.moml.MoMLSimpleApplication@28eb4acd
reloadAllAccessors: .Timeout4

===========================================================================================
----------------- testing Wed May 15 05:08:10 UTC 2019 /home/travis/build/icyphy/ptII/ptolemy/domains/modal/test/auto/TransientstateModelAdvanced.xml
----------------- Instantiating /home/travis/build/icyphy/ptII/ptolemy/domains/modal/test/auto/TransientstateModelAdvanced.xml
3 ms. Memory: 871936K Free: 809899K (93%)
----------------- Invoking toplevel() on ptolemy.moml.MoMLSimpleApplication@703df114
----------------- Done invoking toplevel() on ptolemy.moml.MoMLSimpleApplication@703df114
reloadAllAccessors: .TransientstateModelAdvanced

===========================================================================================
----------------- testing Wed May 15 05:08:10 UTC 2019 /home/travis/build/icyphy/ptII/ptolemy/domains/modal/test/auto/TransientstateModelAdvanced2.xml
----------------- Instantiating /home/travis/build/icyphy/ptII/ptolemy/domains/modal/test/auto/TransientstateModelAdvanced2.xml
4 ms. Memory: 871936K Free: 788486K (90%)
----------------- Invoking toplevel() on ptolemy.moml.MoMLSimpleApplication@4426b570
----------------- Done invoking toplevel() on ptolemy.moml.MoMLSimpleApplication@4426b570
reloadAllAccessors: .transientstatemodelAdvanced

===========================================================================================
----------------- testing Wed May 15 05:08:10 UTC 2019 /home/travis/build/icyphy/ptII/ptolemy/domains/modal/test/auto/TransitionRefinements.xml
----------------- Instantiating /home/travis/build/icyphy/ptII/ptolemy/domains/modal/test/auto/TransitionRefinements.xml
13 ms. Memory: 871936K Free: 776742K (89%)
----------------- Invoking toplevel() on ptolemy.moml.MoMLSimpleApplication@e074fd3
----------------- Done invoking toplevel() on ptolemy.moml.MoMLSimpleApplication@e074fd3
reloadAllAccessors: .TransitionRefinements

===========================================================================================
----------------- testing Wed May 15 05:08:10 UTC 2019 /home/travis/build/icyphy/ptII/ptolemy/domains/modal/test/auto/TwoRefinements1.xml
----------------- Instantiating /home/travis/build/icyphy/ptII/ptolemy/domains/modal/test/auto/TwoRefinements1.xml
3 ms. Memory: 871936K Free: 759247K (87%)
----------------- Invoking toplevel() on ptolemy.moml.MoMLSimpleApplication@6c8f8071
----------------- Done invoking toplevel() on ptolemy.moml.MoMLSimpleApplication@6c8f8071
reloadAllAccessors: .TwoRefinements1

===========================================================================================
----------------- testing Wed May 15 05:08:10 UTC 2019 /home/travis/build/icyphy/ptII/ptolemy/domains/modal/test/auto/TwoRefinements2.xml
----------------- Instantiating /home/travis/build/icyphy/ptII/ptolemy/domains/modal/test/auto/TwoRefinements2.xml
2 ms. Memory: 871936K Free: 743610K (85%)
----------------- Invoking toplevel() on ptolemy.moml.MoMLSimpleApplication@6d4a41a
----------------- Done invoking toplevel() on ptolemy.moml.MoMLSimpleApplication@6d4a41a
reloadAllAccessors: .TwoRefinements2

===========================================================================================
----------------- testing Wed May 15 05:08:10 UTC 2019 /home/travis/build/icyphy/ptII/ptolemy/domains/modal/test/auto/WeakImmediateTransition.xml
----------------- Instantiating /home/travis/build/icyphy/ptII/ptolemy/domains/modal/test/auto/WeakImmediateTransition.xml
4 ms. Memory: 871936K Free: 730023K (84%)
----------------- Invoking toplevel() on ptolemy.moml.MoMLSimpleApplication@66d47ef0
----------------- Done invoking toplevel() on ptolemy.moml.MoMLSimpleApplication@66d47ef0
reloadAllAccessors: .WeakImmediateTransition

===========================================================================================
----------------- testing Wed May 15 05:08:10 UTC 2019 /home/travis/build/icyphy/ptII/ptolemy/domains/modal/test/auto/booleanSelect.xml
----------------- Instantiating /home/travis/build/icyphy/ptII/ptolemy/domains/modal/test/auto/booleanSelect.xml
36 ms. Memory: 871936K Free: 710430K (81%)
----------------- Invoking toplevel() on ptolemy.moml.MoMLSimpleApplication@34798243
----------------- Done invoking toplevel() on ptolemy.moml.MoMLSimpleApplication@34798243
reloadAllAccessors: .booleanSelect

===========================================================================================
----------------- testing Wed May 15 05:08:10 UTC 2019 /home/travis/build/icyphy/ptII/ptolemy/domains/modal/test/auto/modalChangingParams.xml
----------------- Instantiating /home/travis/build/icyphy/ptII/ptolemy/domains/modal/test/auto/modalChangingParams.xml
0
1
0
2
4
6
8
7
0
2
4
6
8
13
0
2
4
6
8
19
0
2
4
6
8
25
0
2
4
6
8
31
0
2
4
6
8
37
0
2
4
6
8
43
0
2
4
6
8
49
0
2
4
6
8
55
0
2
4
6
8
61
0
2
4
6
8
67
0
2
4
6
8
73
0
2
4
6
8
79
0
2
4
6
8
85
0
2
4
6
8
91
0
2
4
6
8
97
0
2
4
6
8
103
0
2
4
6
8
109
0
2
4
6
8
115
0
2
4
6
8
121
0
2
4
6
8
127
0
2
4
6
8
133
0
2
4
6
8
139
0
2
4
6
8
145
0
2
4
6
8
151
0
2
4
6
8
157
0
2
4
6
8
163
0
2
4
6
8
169
0
2
4
6
8
175
0
2
4
6
8
181
0
2
4
6
8
187
0
2
4
6
8
193
0
2
4
6
8
199
0
2
4
6
8
205
0
2
4
6
8
211
0
2
4
6
8
217
0
2
4
6
8
223
0
2
4
6
8
229
0
2
4
6
8
235
0
2
4
6
8
241
0
2
4
6
8
247
0
2
4
6
8
253
0
2
4
6
8
259
0
2
4
6
8
265
0
2
4
6
8
271
0
2
4
6
8
277
0
2
4
6
8
283
0
2
4
6
8
289
0
2
4
6
8
295
0
2
4
6
8
301
0
2
4
6
8
307
0
2
4
6
8
313
0
2
4
6
8
319
0
2
4
6
8
325
0
2
4
6
8
331
0
2
4
6
8
337
0
2
4
6
8
343
0
2
4
6
8
349
0
2
4
6
8
355
0
2
4
6
8
361
0
2
4
6
8
367
0
2
4
6
8
373
0
2
4
6
8
379
0
2
4
6
8
385
0
2
4
6
8
391
0
2
4
6
8
397
0
2
4
6
8
403
0
2
4
6
8
409
0
2
4
6
8
415
0
2
4
6
8
421
0
2
4
6
8
427
0
2
4
6
8
433
0
2
4
6
8
439
0
2
4
6
8
445
0
2
4
6
8
451
0
2
4
6
8
457
0
2
4
6
8
463
0
2
4
6
8
469
0
2
4
6
8
475
0
2
4
6
8
481
0
2
4
6
8
487
0
2
4
6
8
493
0
2
4
6
8
499
0
2
4
6
8
505
0
2
4
6
8
511
0
2
4
6
8
517
0
2
4
6
8
523
0
2
4
6
8
529
0
2
4
6
8
535
0
2
4
6
8
541
0
2
4
6
8
547
0
2
4
6
8
553
0
2
4
6
8
559
0
2
4
6
8
565
0
2
4
6
8
571
0
2
4
6
8
577
0
2
4
6
8
583
0
2
4
6
8
589
0
2
4
6
8
595
0
2
4
6
8
601
0
2
4
6
8
607
0
2
4
6
8
613
0
2
4
6
8
619
0
2
4
6
8
625
0
2
4
6
8
631
0
2
4
6
8
637
0
2
4
6
8
643
0
2
4
6
8
649
0
2
4
6
8
655
0
2
4
6
8
661
0
2
4
6
8
667
0
2
4
6
8
673
0
2
4
6
8
679
0
2
4
6
8
685
0
2
4
6
8
691
0
2
4
6
8
697
0
2
4
6
8
703
0
2
4
6
8
709
0
2
4
6
8
715
0
2
4
6
8
721
0
2
4
6
8
727
0
2
4
6
8
733
0
2
4
6
8
739
0
2
4
6
8
745
0
2
4
6
8
751
0
2
4
6
8
757
0
2
4
6
8
763
0
2
4
6
8
769
0
2
4
6
8
775
0
2
4
6
8
781
0
2
4
6
8
787
0
2
4
6
8
793
0
2
4
6
8
799
0
2
4
6
8
805
0
2
4
6
8
811
0
2
4
6
8
817
0
2
4
6
8
823
0
2
4
6
8
829
0
2
4
6
8
835
0
2
4
6
8
841
0
2
4
6
8
847
0
2
4
6
8
853
0
2
4
6
8
859
0
2
4
6
8
865
0
2
4
6
8
871
0
2
4
6
8
877
0
2
4
6
8
883
0
2
4
6
8
889
0
2
4
6
8
895
0
2
4
6
8
901
0
2
4
6
8
907
0
2
4
6
8
913
0
2
4
6
8
919
0
2
4
6
8
925
0
2
4
6
8
931
0
2
4
6
8
937
0
2
4
6
8
943
0
2
4
6
8
949
0
2
4
6
8
955
0
2
4
6
8
961
0
2
4
6
8
967
0
2
4
6
8
973
0
2
4
6
8
979
0
2
4
6
8
985
0
2
4
6
8
991
0
2
4
6
8
997
0
2
282 ms. Memory: 871936K Free: 590943K (68%)
----------------- Invoking toplevel() on ptolemy.moml.MoMLSimpleApplication@3bbba58b
----------------- Done invoking toplevel() on ptolemy.moml.MoMLSimpleApplication@3bbba58b
reloadAllAccessors: .modalChangingParams

===========================================================================================
----------------- testing Wed May 15 05:08:11 UTC 2019 /home/travis/build/icyphy/ptII/ptolemy/domains/modal/test/auto/modalModel.xml
----------------- Instantiating /home/travis/build/icyphy/ptII/ptolemy/domains/modal/test/auto/modalModel.xml
12 ms. Memory: 871936K Free: 579200K (66%)
----------------- Invoking toplevel() on ptolemy.moml.MoMLSimpleApplication@772a0352
----------------- Done invoking toplevel() on ptolemy.moml.MoMLSimpleApplication@772a0352
reloadAllAccessors: .modalModel

===========================================================================================
----------------- testing Wed May 15 05:08:11 UTC 2019 /home/travis/build/icyphy/ptII/ptolemy/domains/modal/test/auto/modalModel2.xml
----------------- Instantiating /home/travis/build/icyphy/ptII/ptolemy/domains/modal/test/auto/modalModel2.xml
11 ms. Memory: 871936K Free: 565613K (65%)
----------------- Invoking toplevel() on ptolemy.moml.MoMLSimpleApplication@73ba8c96
----------------- Done invoking toplevel() on ptolemy.moml.MoMLSimpleApplication@73ba8c96
reloadAllAccessors: .modalModel2

===========================================================================================
----------------- testing Wed May 15 05:08:11 UTC 2019 /home/travis/build/icyphy/ptII/ptolemy/domains/modal/test/auto/modalModel3.xml
----------------- Instantiating /home/travis/build/icyphy/ptII/ptolemy/domains/modal/test/auto/modalModel3.xml
0	0	0
1	0	1
4	2	2
7	4	3
10	6	4
5	0	5
8	2	6
11	4	7
14	6	8
9	0	9
12	2	10
15	4	11
18	6	12
13	0	13
16	2	14
18 ms. Memory: 871936K Free: 546036K (63%)
----------------- Invoking toplevel() on ptolemy.moml.MoMLSimpleApplication@65dc3bec
----------------- Done invoking toplevel() on ptolemy.moml.MoMLSimpleApplication@65dc3bec
reloadAllAccessors: .modalModel3

===========================================================================================
----------------- testing Wed May 15 05:08:11 UTC 2019 /home/travis/build/icyphy/ptII/ptolemy/domains/modal/test/auto/model1.xml
----------------- Instantiating /home/travis/build/icyphy/ptII/ptolemy/domains/modal/test/auto/model1.xml
11 ms. Memory: 871936K Free: 536366K (62%)
----------------- Invoking toplevel() on ptolemy.moml.MoMLSimpleApplication@188faa21
----------------- Done invoking toplevel() on ptolemy.moml.MoMLSimpleApplication@188faa21
reloadAllAccessors: .model1

===========================================================================================
----------------- testing Wed May 15 05:08:11 UTC 2019 /home/travis/build/icyphy/ptII/ptolemy/domains/modal/test/auto/test-direct-in-out.xml
----------------- Instantiating /home/travis/build/icyphy/ptII/ptolemy/domains/modal/test/auto/test-direct-in-out.xml
4 ms. Memory: 871936K Free: 524623K (60%)
----------------- Invoking toplevel() on ptolemy.moml.MoMLSimpleApplication@2c797f9c
----------------- Done invoking toplevel() on ptolemy.moml.MoMLSimpleApplication@2c797f9c
reloadAllAccessors: .test-direct-in-out
AutoTests.java: About to close Vertx.
AutoTests.java: Vertx closed.
]]></system-out>
  <system-err><![CDATA[java.lang.RuntimeException: Execution failed
	at ptolemy.moml.MoMLSimpleApplication$UnloadThread.run(MoMLSimpleApplication.java:402)
Caused by: ptolemy.kernel.util.IllegalActionException: Unknown inputs remain. Possible causality loop:
L_model_1893289564i

  in .CannotAnalysisWithPreemption.model_1893289564_region_1 and .CannotAnalysisWithPreemption.model_1893289564_region_1.L_model_1893289564i
	at ptolemy.actor.sched.FixedPointDirector.postfire(FixedPointDirector.java:515)
	at ptolemy.domains.sr.kernel.SRDirector.postfire(SRDirector.java:417)
	at ptolemy.actor.CompositeActor.postfire(CompositeActor.java:1668)
	at ptolemy.actor.Manager.iterate(Manager.java:852)
	at ptolemy.actor.Manager.execute(Manager.java:369)
	at ptolemy.actor.Manager.run(Manager.java:1263)
	at ptolemy.actor.Manager$PtolemyRunThread.run(Manager.java:1915)
java.lang.reflect.InvocationTargetException
	at sun.reflect.NativeConstructorAccessorImpl.newInstance0(Native Method)
	at sun.reflect.NativeConstructorAccessorImpl.newInstance(NativeConstructorAccessorImpl.java:62)
	at sun.reflect.DelegatingConstructorAccessorImpl.newInstance(DelegatingConstructorAccessorImpl.java:45)
	at java.lang.reflect.Constructor.newInstance(Constructor.java:423)
	at ptolemy.util.test.junit.AutoKnownFailedTests.RunModel(AutoKnownFailedTests.java:105)
	at sun.reflect.NativeMethodAccessorImpl.invoke0(Native Method)
	at sun.reflect.NativeMethodAccessorImpl.invoke(NativeMethodAccessorImpl.java:62)
	at sun.reflect.DelegatingMethodAccessorImpl.invoke(DelegatingMethodAccessorImpl.java:43)
	at java.lang.reflect.Method.invoke(Method.java:498)
	at org.junit.runners.model.FrameworkMethod$1.runReflectiveCall(FrameworkMethod.java:44)
	at org.junit.internal.runners.model.ReflectiveCallable.run(ReflectiveCallable.java:15)
	at org.junit.runners.model.FrameworkMethod.invokeExplosively(FrameworkMethod.java:41)
	at junitparams.internal.InvokeParameterisedMethod.evaluate(InvokeParameterisedMethod.java:102)
	at org.junit.internal.runners.statements.FailOnTimeout$1.run(FailOnTimeout.java:28)
Caused by: ptolemy.kernel.util.IllegalActionException: Unknown inputs remain. Possible causality loop:
L_model_1893289564i

  in .CannotAnalysisWithPreemption.model_1893289564_region_1 and .CannotAnalysisWithPreemption.model_1893289564_region_1.L_model_1893289564i
	at ptolemy.actor.sched.FixedPointDirector.postfire(FixedPointDirector.java:515)
	at ptolemy.domains.sr.kernel.SRDirector.postfire(SRDirector.java:417)
	at ptolemy.actor.CompositeActor.postfire(CompositeActor.java:1668)
	at ptolemy.actor.Manager.iterate(Manager.java:852)
	at ptolemy.actor.Manager.execute(Manager.java:369)
	at ptolemy.actor.Manager.run(Manager.java:1263)
	at ptolemy.actor.Manager$PtolemyRunThread.run(Manager.java:1915)
]]></system-err>
</testsuite>
