<?xml version="1.0" encoding="UTF-8" ?>
<testsuite errors="0" failures="0" hostname="travis-job-3ff5fdf5-75fa-4814-b063-3ec05a50befc" name="ptolemy.actor.lib.hoc.test.junit.JUnitTclTest" skipped="0" tests="58" time="33.427" timestamp="2019-07-13T16:02:14">
  <properties>
[...]
</properties>
  <testcase classname="ptolemy.util.test.junit.TclTests" name="[0] /home/travis/build/icyphy/ptII/ptolemy/actor/lib/hoc/test/IterateOverArray.tcl (RunTclFile)" time="0.3" />
  <testcase classname="ptolemy.util.test.junit.AutoKnownFailedTests" name="[0] /home/travis/build/icyphy/ptII/ptolemy/actor/lib/hoc/test/auto/knownFailedTests/PreinitializeMustBeInvokedRunComposite.xml (RunModel)" time="0.432" />
  <testcase classname="ptolemy.util.test.junit.AutoNameArchTests" name="[0] ThereAreNoAutoArchTests (RunModel)" time="0.001" />
  <testcase classname="ptolemy.util.test.junit.AutoTests" name="[0] /home/travis/build/icyphy/ptII/ptolemy/actor/lib/hoc/test/auto/AllToAllMultiInstanceComposite.xml (RunModel)" time="0.479" />
  <testcase classname="ptolemy.util.test.junit.AutoTests" name="[1] /home/travis/build/icyphy/ptII/ptolemy/actor/lib/hoc/test/auto/ApplyFFTTest.xml (RunModel)" time="0.416" />
  <testcase classname="ptolemy.util.test.junit.AutoTests" name="[2] /home/travis/build/icyphy/ptII/ptolemy/actor/lib/hoc/test/auto/ApplyFunction.xml (RunModel)" time="0.069" />
  <testcase classname="ptolemy.util.test.junit.AutoTests" name="[3] /home/travis/build/icyphy/ptII/ptolemy/actor/lib/hoc/test/auto/BackgroundExecution.xml (RunModel)" time="0.746" />
  <testcase classname="ptolemy.util.test.junit.AutoTests" name="[4] /home/travis/build/icyphy/ptII/ptolemy/actor/lib/hoc/test/auto/Case.xml (RunModel)" time="0.083" />
  <testcase classname="ptolemy.util.test.junit.AutoTests" name="[5] /home/travis/build/icyphy/ptII/ptolemy/actor/lib/hoc/test/auto/Case1.xml (RunModel)" time="0.07" />
  <testcase classname="ptolemy.util.test.junit.AutoTests" name="[6] /home/travis/build/icyphy/ptII/ptolemy/actor/lib/hoc/test/auto/Case2.xml (RunModel)" time="0.128" />
  <testcase classname="ptolemy.util.test.junit.AutoTests" name="[7] /home/travis/build/icyphy/ptII/ptolemy/actor/lib/hoc/test/auto/Case3.xml (RunModel)" time="0.053" />
  <testcase classname="ptolemy.util.test.junit.AutoTests" name="[8] /home/travis/build/icyphy/ptII/ptolemy/actor/lib/hoc/test/auto/Case4.xml (RunModel)" time="0.077" />
  <testcase classname="ptolemy.util.test.junit.AutoTests" name="[9] /home/travis/build/icyphy/ptII/ptolemy/actor/lib/hoc/test/auto/Case5.xml (RunModel)" time="0.097" />
  <testcase classname="ptolemy.util.test.junit.AutoTests" name="[10] /home/travis/build/icyphy/ptII/ptolemy/actor/lib/hoc/test/auto/Case6.xml (RunModel)" time="0.082" />
  <testcase classname="ptolemy.util.test.junit.AutoTests" name="[11] /home/travis/build/icyphy/ptII/ptolemy/actor/lib/hoc/test/auto/CaseString2.xml (RunModel)" time="0.057" />
  <testcase classname="ptolemy.util.test.junit.AutoTests" name="[12] /home/travis/build/icyphy/ptII/ptolemy/actor/lib/hoc/test/auto/CatchUpComposite1.xml (RunModel)" time="0.055" />
  <testcase classname="ptolemy.util.test.junit.AutoTests" name="[13] /home/travis/build/icyphy/ptII/ptolemy/actor/lib/hoc/test/auto/CatchUpComposite2.xml (RunModel)" time="0.038" />
  <testcase classname="ptolemy.util.test.junit.AutoTests" name="[14] /home/travis/build/icyphy/ptII/ptolemy/actor/lib/hoc/test/auto/CatchUpComposite3.xml (RunModel)" time="0.066" />
  <testcase classname="ptolemy.util.test.junit.AutoTests" name="[15] /home/travis/build/icyphy/ptII/ptolemy/actor/lib/hoc/test/auto/CatchUpComposite4.xml (RunModel)" time="0.07" />
  <testcase classname="ptolemy.util.test.junit.AutoTests" name="[16] /home/travis/build/icyphy/ptII/ptolemy/actor/lib/hoc/test/auto/CatchUpComposite5.xml (RunModel)" time="0.053" />
  <testcase classname="ptolemy.util.test.junit.AutoTests" name="[17] /home/travis/build/icyphy/ptII/ptolemy/actor/lib/hoc/test/auto/CatchUpComposite6.xml (RunModel)" time="0.183" />
  <testcase classname="ptolemy.util.test.junit.AutoTests" name="[18] /home/travis/build/icyphy/ptII/ptolemy/actor/lib/hoc/test/auto/CatchUpComposite7.xml (RunModel)" time="0.103" />
  <testcase classname="ptolemy.util.test.junit.AutoTests" name="[19] /home/travis/build/icyphy/ptII/ptolemy/actor/lib/hoc/test/auto/ConcurrentExecutionTimeSDF.xml (RunModel)" time="1.638" />
  <testcase classname="ptolemy.util.test.junit.AutoTests" name="[20] /home/travis/build/icyphy/ptII/ptolemy/actor/lib/hoc/test/auto/ConcurrentSleep.xml (RunModel)" time="0.778" />
  <testcase classname="ptolemy.util.test.junit.AutoTests" name="[21] /home/travis/build/icyphy/ptII/ptolemy/actor/lib/hoc/test/auto/DEInPNInRunCompositeActor.xml (RunModel)" time="0.038" />
  <testcase classname="ptolemy.util.test.junit.AutoTests" name="[22] /home/travis/build/icyphy/ptII/ptolemy/actor/lib/hoc/test/auto/DFTSubSetTest.xml (RunModel)" time="0.267" />
  <testcase classname="ptolemy.util.test.junit.AutoTests" name="[23] /home/travis/build/icyphy/ptII/ptolemy/actor/lib/hoc/test/auto/HocDE.xml (RunModel)" time="0.201" />
  <testcase classname="ptolemy.util.test.junit.AutoTests" name="[24] /home/travis/build/icyphy/ptII/ptolemy/actor/lib/hoc/test/auto/IterateOverArray.xml (RunModel)" time="0.041" />
  <testcase classname="ptolemy.util.test.junit.AutoTests" name="[25] /home/travis/build/icyphy/ptII/ptolemy/actor/lib/hoc/test/auto/IterateOverArray10.xml (RunModel)" time="0.024" />
  <testcase classname="ptolemy.util.test.junit.AutoTests" name="[26] /home/travis/build/icyphy/ptII/ptolemy/actor/lib/hoc/test/auto/IterateOverArray11.xml (RunModel)" time="0.032" />
  <testcase classname="ptolemy.util.test.junit.AutoTests" name="[27] /home/travis/build/icyphy/ptII/ptolemy/actor/lib/hoc/test/auto/IterateOverArray12.xml (RunModel)" time="0.041" />
  <testcase classname="ptolemy.util.test.junit.AutoTests" name="[28] /home/travis/build/icyphy/ptII/ptolemy/actor/lib/hoc/test/auto/IterateOverArray13.xml (RunModel)" time="0.157" />
  <testcase classname="ptolemy.util.test.junit.AutoTests" name="[29] /home/travis/build/icyphy/ptII/ptolemy/actor/lib/hoc/test/auto/IterateOverArray14.xml (RunModel)" time="0.178" />
  <testcase classname="ptolemy.util.test.junit.AutoTests" name="[30] /home/travis/build/icyphy/ptII/ptolemy/actor/lib/hoc/test/auto/IterateOverArray2.xml (RunModel)" time="0.031" />
  <testcase classname="ptolemy.util.test.junit.AutoTests" name="[31] /home/travis/build/icyphy/ptII/ptolemy/actor/lib/hoc/test/auto/IterateOverArray3.xml (RunModel)" time="0.051" />
  <testcase classname="ptolemy.util.test.junit.AutoTests" name="[32] /home/travis/build/icyphy/ptII/ptolemy/actor/lib/hoc/test/auto/IterateOverArray4.xml (RunModel)" time="0.023" />
  <testcase classname="ptolemy.util.test.junit.AutoTests" name="[33] /home/travis/build/icyphy/ptII/ptolemy/actor/lib/hoc/test/auto/IterateOverArray5.xml (RunModel)" time="0.022" />
  <testcase classname="ptolemy.util.test.junit.AutoTests" name="[34] /home/travis/build/icyphy/ptII/ptolemy/actor/lib/hoc/test/auto/IterateOverArray6.xml (RunModel)" time="0.021" />
  <testcase classname="ptolemy.util.test.junit.AutoTests" name="[35] /home/travis/build/icyphy/ptII/ptolemy/actor/lib/hoc/test/auto/IterateOverArray7.xml (RunModel)" time="0.019" />
  <testcase classname="ptolemy.util.test.junit.AutoTests" name="[36] /home/travis/build/icyphy/ptII/ptolemy/actor/lib/hoc/test/auto/IterateOverArray8.xml (RunModel)" time="0.029" />
  <testcase classname="ptolemy.util.test.junit.AutoTests" name="[37] /home/travis/build/icyphy/ptII/ptolemy/actor/lib/hoc/test/auto/IterateOverArray9.xml (RunModel)" time="0.028" />
  <testcase classname="ptolemy.util.test.junit.AutoTests" name="[38] /home/travis/build/icyphy/ptII/ptolemy/actor/lib/hoc/test/auto/IterateOverArrayCoercedOutputType.xml (RunModel)" time="0.041" />
  <testcase classname="ptolemy.util.test.junit.AutoTests" name="[39] /home/travis/build/icyphy/ptII/ptolemy/actor/lib/hoc/test/auto/IterateOverArrayInferredOutputType.xml (RunModel)" time="0.039" />
  <testcase classname="ptolemy.util.test.junit.AutoTests" name="[40] /home/travis/build/icyphy/ptII/ptolemy/actor/lib/hoc/test/auto/MobileFunctionTest.xml (RunModel)" time="0.024" />
  <testcase classname="ptolemy.util.test.junit.AutoTests" name="[41] /home/travis/build/icyphy/ptII/ptolemy/actor/lib/hoc/test/auto/MobileModelTest.xml (RunModel)" time="0.197" />
  <testcase classname="ptolemy.util.test.junit.AutoTests" name="[42] /home/travis/build/icyphy/ptII/ptolemy/actor/lib/hoc/test/auto/ModelReference.xml (RunModel)" time="0.093" />
  <testcase classname="ptolemy.util.test.junit.AutoTests" name="[43] /home/travis/build/icyphy/ptII/ptolemy/actor/lib/hoc/test/auto/ModelReference3.xml (RunModel)" time="0.06" />
  <testcase classname="ptolemy.util.test.junit.AutoTests" name="[44] /home/travis/build/icyphy/ptII/ptolemy/actor/lib/hoc/test/auto/ModelReference4.xml (RunModel)" time="10.036" />
  <testcase classname="ptolemy.util.test.junit.AutoTests" name="[45] /home/travis/build/icyphy/ptII/ptolemy/actor/lib/hoc/test/auto/MultiInstanceComposite.xml (RunModel)" time="0.055" />
  <testcase classname="ptolemy.util.test.junit.AutoTests" name="[46] /home/travis/build/icyphy/ptII/ptolemy/actor/lib/hoc/test/auto/MultiInstanceComposite2.xml (RunModel)" time="0.036" />
  <testcase classname="ptolemy.util.test.junit.AutoTests" name="[47] /home/travis/build/icyphy/ptII/ptolemy/actor/lib/hoc/test/auto/MulticoreExecution.xml (RunModel)" time="1.094" />
  <testcase classname="ptolemy.util.test.junit.AutoTests" name="[48] /home/travis/build/icyphy/ptII/ptolemy/actor/lib/hoc/test/auto/ParallelExecution.xml (RunModel)" time="0.934" />
  <testcase classname="ptolemy.util.test.junit.AutoTests" name="[49] /home/travis/build/icyphy/ptII/ptolemy/actor/lib/hoc/test/auto/RunCompositeActor.xml (RunModel)" time="0.022" />
  <testcase classname="ptolemy.util.test.junit.AutoTests" name="[50] /home/travis/build/icyphy/ptII/ptolemy/actor/lib/hoc/test/auto/RunCompositeActor2.xml (RunModel)" time="0.023" />
  <testcase classname="ptolemy.util.test.junit.AutoTests" name="[51] /home/travis/build/icyphy/ptII/ptolemy/actor/lib/hoc/test/auto/RunCompositeActor3.xml (RunModel)" time="0.018" />
  <testcase classname="ptolemy.util.test.junit.AutoTests" name="[52] /home/travis/build/icyphy/ptII/ptolemy/actor/lib/hoc/test/auto/RunCompositeActor4.xml (RunModel)" time="0.027" />
  <testcase classname="ptolemy.util.test.junit.AutoTests" name="[53] /home/travis/build/icyphy/ptII/ptolemy/actor/lib/hoc/test/auto/RunCompositeIterateOverArray.xml (RunModel)" time="0.028" />
  <testcase classname="ptolemy.util.test.junit.AutoTests" name="[54] /home/travis/build/icyphy/ptII/ptolemy/actor/lib/hoc/test/auto/ThreadedJS.xml (RunModel)" time="12.537" />
  <system-out><![CDATA[/home/travis/build/icyphy/ptII/ptolemy/actor/lib/hoc/test/IterateOverArray.tcl
testDefs.tcl: setting time out to 9000 seconds at Sat Jul 13 16:02:14 UTC 2019
07/13/19 04:02:15
Failed: 0  Total Tests: 2  ((Passed: 2, Newly Passed: 0)  Known Failed: 0) /home/travis/build/icyphy/ptII/ptolemy/actor/lib/hoc/test
----------------- testing (KnownFailure) /home/travis/build/icyphy/ptII/ptolemy/actor/lib/hoc/test/auto/knownFailedTests/PreinitializeMustBeInvokedRunComposite.xml
157 ms. Memory: 120832K Free: 78788K (65%)
Known Failure: java.lang.reflect.InvocationTargetException
No auto/linux-amd64/*.xml tests in /home/travis/build/icyphy/ptII/ptolemy/actor/lib/hoc/test
AutoTests.java: About to close Vertx.
AutoTests.java: Vertx closed.

===========================================================================================
----------------- testing Sat Jul 13 16:02:15 UTC 2019 /home/travis/build/icyphy/ptII/ptolemy/actor/lib/hoc/test/auto/AllToAllMultiInstanceComposite.xml
----------------- Instantiating /home/travis/build/icyphy/ptII/ptolemy/actor/lib/hoc/test/auto/AllToAllMultiInstanceComposite.xml
268 ms. Memory: 120832K Free: 98935K (82%)
----------------- Invoking toplevel() on ptolemy.moml.MoMLSimpleApplication@318298d3
----------------- Done invoking toplevel() on ptolemy.moml.MoMLSimpleApplication@318298d3
reloadAllAccessors: .AllToAllMultiInstanceComposite

===========================================================================================
----------------- testing Sat Jul 13 16:02:16 UTC 2019 /home/travis/build/icyphy/ptII/ptolemy/actor/lib/hoc/test/auto/ApplyFFTTest.xml
----------------- Instantiating /home/travis/build/icyphy/ptII/ptolemy/actor/lib/hoc/test/auto/ApplyFFTTest.xml
166 ms. Memory: 120832K Free: 79907K (66%)
----------------- Invoking toplevel() on ptolemy.moml.MoMLSimpleApplication@72a9ce1
----------------- Done invoking toplevel() on ptolemy.moml.MoMLSimpleApplication@72a9ce1
reloadAllAccessors: .ApplyFFTTest

===========================================================================================
----------------- testing Sat Jul 13 16:02:16 UTC 2019 /home/travis/build/icyphy/ptII/ptolemy/actor/lib/hoc/test/auto/ApplyFunction.xml
----------------- Instantiating /home/travis/build/icyphy/ptII/ptolemy/actor/lib/hoc/test/auto/ApplyFunction.xml
29 ms. Memory: 120832K Free: 76936K (64%)
----------------- Invoking toplevel() on ptolemy.moml.MoMLSimpleApplication@35cf2224
----------------- Done invoking toplevel() on ptolemy.moml.MoMLSimpleApplication@35cf2224
reloadAllAccessors: .ApplyFunction

===========================================================================================
----------------- testing Sat Jul 13 16:02:16 UTC 2019 /home/travis/build/icyphy/ptII/ptolemy/actor/lib/hoc/test/auto/BackgroundExecution.xml
----------------- Instantiating /home/travis/build/icyphy/ptII/ptolemy/actor/lib/hoc/test/auto/BackgroundExecution.xml
626 ms. Memory: 120832K Free: 99951K (83%)
----------------- Invoking toplevel() on ptolemy.moml.MoMLSimpleApplication@57ccc329
----------------- Done invoking toplevel() on ptolemy.moml.MoMLSimpleApplication@57ccc329
reloadAllAccessors: .BackgroundExecution

===========================================================================================
----------------- testing Sat Jul 13 16:02:17 UTC 2019 /home/travis/build/icyphy/ptII/ptolemy/actor/lib/hoc/test/auto/Case.xml
----------------- Instantiating /home/travis/build/icyphy/ptII/ptolemy/actor/lib/hoc/test/auto/Case.xml
33 ms. Memory: 120832K Free: 92690K (77%)
----------------- Invoking toplevel() on ptolemy.moml.MoMLSimpleApplication@cf8afac
----------------- Done invoking toplevel() on ptolemy.moml.MoMLSimpleApplication@cf8afac
reloadAllAccessors: .Case

===========================================================================================
----------------- testing Sat Jul 13 16:02:17 UTC 2019 /home/travis/build/icyphy/ptII/ptolemy/actor/lib/hoc/test/auto/Case1.xml
----------------- Instantiating /home/travis/build/icyphy/ptII/ptolemy/actor/lib/hoc/test/auto/Case1.xml
21 ms. Memory: 120832K Free: 86055K (71%)
----------------- Invoking toplevel() on ptolemy.moml.MoMLSimpleApplication@122ea090
----------------- Done invoking toplevel() on ptolemy.moml.MoMLSimpleApplication@122ea090
reloadAllAccessors: .Case1

===========================================================================================
----------------- testing Sat Jul 13 16:02:17 UTC 2019 /home/travis/build/icyphy/ptII/ptolemy/actor/lib/hoc/test/auto/Case2.xml
----------------- Instantiating /home/travis/build/icyphy/ptII/ptolemy/actor/lib/hoc/test/auto/Case2.xml
45 ms. Memory: 120832K Free: 76231K (63%)
----------------- Invoking toplevel() on ptolemy.moml.MoMLSimpleApplication@3eec4089
----------------- Done invoking toplevel() on ptolemy.moml.MoMLSimpleApplication@3eec4089
reloadAllAccessors: .Case2

===========================================================================================
----------------- testing Sat Jul 13 16:02:17 UTC 2019 /home/travis/build/icyphy/ptII/ptolemy/actor/lib/hoc/test/auto/Case3.xml
----------------- Instantiating /home/travis/build/icyphy/ptII/ptolemy/actor/lib/hoc/test/auto/Case3.xml
13 ms. Memory: 120832K Free: 70083K (58%)
----------------- Invoking toplevel() on ptolemy.moml.MoMLSimpleApplication@53b30b7b
----------------- Done invoking toplevel() on ptolemy.moml.MoMLSimpleApplication@53b30b7b
reloadAllAccessors: .Case3

===========================================================================================
----------------- testing Sat Jul 13 16:02:17 UTC 2019 /home/travis/build/icyphy/ptII/ptolemy/actor/lib/hoc/test/auto/Case4.xml
----------------- Instantiating /home/travis/build/icyphy/ptII/ptolemy/actor/lib/hoc/test/auto/Case4.xml
19 ms. Memory: 120832K Free: 100285K (83%)
----------------- Invoking toplevel() on ptolemy.moml.MoMLSimpleApplication@1d57db42
----------------- Done invoking toplevel() on ptolemy.moml.MoMLSimpleApplication@1d57db42
reloadAllAccessors: .Case4

===========================================================================================
----------------- testing Sat Jul 13 16:02:18 UTC 2019 /home/travis/build/icyphy/ptII/ptolemy/actor/lib/hoc/test/auto/Case5.xml
----------------- Instantiating /home/travis/build/icyphy/ptII/ptolemy/actor/lib/hoc/test/auto/Case5.xml
55 ms. Memory: 120832K Free: 93800K (78%)
----------------- Invoking toplevel() on ptolemy.moml.MoMLSimpleApplication@5ab4bae9
----------------- Done invoking toplevel() on ptolemy.moml.MoMLSimpleApplication@5ab4bae9
reloadAllAccessors: .junk

===========================================================================================
----------------- testing Sat Jul 13 16:02:18 UTC 2019 /home/travis/build/icyphy/ptII/ptolemy/actor/lib/hoc/test/auto/Case6.xml
----------------- Instantiating /home/travis/build/icyphy/ptII/ptolemy/actor/lib/hoc/test/auto/Case6.xml
34 ms. Memory: 120832K Free: 81853K (68%)
----------------- Invoking toplevel() on ptolemy.moml.MoMLSimpleApplication@3943e085
----------------- Done invoking toplevel() on ptolemy.moml.MoMLSimpleApplication@3943e085
reloadAllAccessors: .Case6

===========================================================================================
----------------- testing Sat Jul 13 16:02:18 UTC 2019 /home/travis/build/icyphy/ptII/ptolemy/actor/lib/hoc/test/auto/CaseString2.xml
----------------- Instantiating /home/travis/build/icyphy/ptII/ptolemy/actor/lib/hoc/test/auto/CaseString2.xml
10 ms. Memory: 120832K Free: 74298K (61%)
----------------- Invoking toplevel() on ptolemy.moml.MoMLSimpleApplication@2a094b42
----------------- Done invoking toplevel() on ptolemy.moml.MoMLSimpleApplication@2a094b42
reloadAllAccessors: .CaseString2

===========================================================================================
----------------- testing Sat Jul 13 16:02:18 UTC 2019 /home/travis/build/icyphy/ptII/ptolemy/actor/lib/hoc/test/auto/CatchUpComposite1.xml
----------------- Instantiating /home/travis/build/icyphy/ptII/ptolemy/actor/lib/hoc/test/auto/CatchUpComposite1.xml
22 ms. Memory: 120832K Free: 65142K (54%)
----------------- Invoking toplevel() on ptolemy.moml.MoMLSimpleApplication@5ad91e6b
----------------- Done invoking toplevel() on ptolemy.moml.MoMLSimpleApplication@5ad91e6b
reloadAllAccessors: .CatchUpComposite1

===========================================================================================
----------------- testing Sat Jul 13 16:02:18 UTC 2019 /home/travis/build/icyphy/ptII/ptolemy/actor/lib/hoc/test/auto/CatchUpComposite2.xml
----------------- Instantiating /home/travis/build/icyphy/ptII/ptolemy/actor/lib/hoc/test/auto/CatchUpComposite2.xml
9 ms. Memory: 120832K Free: 56949K (47%)
----------------- Invoking toplevel() on ptolemy.moml.MoMLSimpleApplication@132e8cb
----------------- Done invoking toplevel() on ptolemy.moml.MoMLSimpleApplication@132e8cb
reloadAllAccessors: .CatchUpComposite2

===========================================================================================
----------------- testing Sat Jul 13 16:02:18 UTC 2019 /home/travis/build/icyphy/ptII/ptolemy/actor/lib/hoc/test/auto/CatchUpComposite3.xml
----------------- Instantiating /home/travis/build/icyphy/ptII/ptolemy/actor/lib/hoc/test/auto/CatchUpComposite3.xml
21 ms. Memory: 120832K Free: 98447K (81%)
----------------- Invoking toplevel() on ptolemy.moml.MoMLSimpleApplication@4eb8b9dd
----------------- Done invoking toplevel() on ptolemy.moml.MoMLSimpleApplication@4eb8b9dd
reloadAllAccessors: .CatchUpComposite3

===========================================================================================
----------------- testing Sat Jul 13 16:02:18 UTC 2019 /home/travis/build/icyphy/ptII/ptolemy/actor/lib/hoc/test/auto/CatchUpComposite4.xml
----------------- Instantiating /home/travis/build/icyphy/ptII/ptolemy/actor/lib/hoc/test/auto/CatchUpComposite4.xml
12 ms. Memory: 120832K Free: 90633K (75%)
----------------- Invoking toplevel() on ptolemy.moml.MoMLSimpleApplication@2cf01f5c
----------------- Done invoking toplevel() on ptolemy.moml.MoMLSimpleApplication@2cf01f5c
reloadAllAccessors: .CatchUpComposite4

===========================================================================================
----------------- testing Sat Jul 13 16:02:18 UTC 2019 /home/travis/build/icyphy/ptII/ptolemy/actor/lib/hoc/test/auto/CatchUpComposite5.xml
----------------- Instantiating /home/travis/build/icyphy/ptII/ptolemy/actor/lib/hoc/test/auto/CatchUpComposite5.xml
16 ms. Memory: 120832K Free: 83087K (69%)
----------------- Invoking toplevel() on ptolemy.moml.MoMLSimpleApplication@1625e6cd
----------------- Done invoking toplevel() on ptolemy.moml.MoMLSimpleApplication@1625e6cd
reloadAllAccessors: .CatchUpComposite5

===========================================================================================
----------------- testing Sat Jul 13 16:02:18 UTC 2019 /home/travis/build/icyphy/ptII/ptolemy/actor/lib/hoc/test/auto/CatchUpComposite6.xml
----------------- Instantiating /home/travis/build/icyphy/ptII/ptolemy/actor/lib/hoc/test/auto/CatchUpComposite6.xml
WARNING: The execution aspects in this model can influence the timing of actors by delaying the 
execution, potentially changing the behavior. There is no guarantee that actors fire at the 
time they request to be fired. 
Use Ptides for deterministic DE behavior that is not influenced by execution aspects. 

98 ms. Memory: 120832K Free: 68376K (57%)
----------------- Invoking toplevel() on ptolemy.moml.MoMLSimpleApplication@20e605e
----------------- Done invoking toplevel() on ptolemy.moml.MoMLSimpleApplication@20e605e
reloadAllAccessors: .CatchUpComposite6

===========================================================================================
----------------- testing Sat Jul 13 16:02:18 UTC 2019 /home/travis/build/icyphy/ptII/ptolemy/actor/lib/hoc/test/auto/CatchUpComposite7.xml
----------------- Instantiating /home/travis/build/icyphy/ptII/ptolemy/actor/lib/hoc/test/auto/CatchUpComposite7.xml
WARNING: The execution aspects in this model can influence the timing of actors by delaying the 
execution, potentially changing the behavior. There is no guarantee that actors fire at the 
time they request to be fired. 
Use Ptides for deterministic DE behavior that is not influenced by execution aspects. 

47 ms. Memory: 120832K Free: 54415K (45%)
----------------- Invoking toplevel() on ptolemy.moml.MoMLSimpleApplication@1a974609
----------------- Done invoking toplevel() on ptolemy.moml.MoMLSimpleApplication@1a974609
reloadAllAccessors: .CatchUpComposite7

===========================================================================================
----------------- testing Sat Jul 13 16:02:18 UTC 2019 /home/travis/build/icyphy/ptII/ptolemy/actor/lib/hoc/test/auto/ConcurrentExecutionTimeSDF.xml
----------------- Instantiating /home/travis/build/icyphy/ptII/ptolemy/actor/lib/hoc/test/auto/ConcurrentExecutionTimeSDF.xml
Fired ExecutionTime: 40400000
Fired ExecutionTime: 40400000
Fired ExecutionTime: 40400000
Fired ExecutionTime: 40400000
Fired ExecutionTime: 40400000
Fired ExecutionTime: 40400000
Fired ExecutionTime: 40400000
Fired ExecutionTime: 40400000
Fired ExecutionTime: 40400000
Fired ExecutionTime: 40400000
Fired ExecutionTime: 40400000
Fired ExecutionTime: 40400000
Fired ExecutionTime: 40400000
Fired ExecutionTime: 40400000
Fired ExecutionTime: 40400000
Fired ExecutionTime: 40400000
Fired ExecutionTime: 40400000
Fired ExecutionTime: 40400000
Fired ExecutionTime: 40400000
Fired ExecutionTime: 40400000
1602 ms. Memory: 159744K Free: 141877K (89%)
----------------- Invoking toplevel() on ptolemy.moml.MoMLSimpleApplication@211b0ea0
----------------- Done invoking toplevel() on ptolemy.moml.MoMLSimpleApplication@211b0ea0
reloadAllAccessors: .ConcurrentExecutionTimeSDF

===========================================================================================
----------------- testing Sat Jul 13 16:02:20 UTC 2019 /home/travis/build/icyphy/ptII/ptolemy/actor/lib/hoc/test/auto/ConcurrentSleep.xml
----------------- Instantiating /home/travis/build/icyphy/ptII/ptolemy/actor/lib/hoc/test/auto/ConcurrentSleep.xml
732 ms. Memory: 159744K Free: 130671K (82%)
----------------- Invoking toplevel() on ptolemy.moml.MoMLSimpleApplication@7ed18199
----------------- Done invoking toplevel() on ptolemy.moml.MoMLSimpleApplication@7ed18199
reloadAllAccessors: .ConcurrentSleep

===========================================================================================
----------------- testing Sat Jul 13 16:02:21 UTC 2019 /home/travis/build/icyphy/ptII/ptolemy/actor/lib/hoc/test/auto/DEInPNInRunCompositeActor.xml
----------------- Instantiating /home/travis/build/icyphy/ptII/ptolemy/actor/lib/hoc/test/auto/DEInPNInRunCompositeActor.xml
12 ms. Memory: 159744K Free: 125041K (78%)
----------------- Invoking toplevel() on ptolemy.moml.MoMLSimpleApplication@176504ab
----------------- Done invoking toplevel() on ptolemy.moml.MoMLSimpleApplication@176504ab
reloadAllAccessors: .DEInPNInRunCompositeActor

===========================================================================================
----------------- testing Sat Jul 13 16:02:21 UTC 2019 /home/travis/build/icyphy/ptII/ptolemy/actor/lib/hoc/test/auto/DFTSubSetTest.xml
----------------- Instantiating /home/travis/build/icyphy/ptII/ptolemy/actor/lib/hoc/test/auto/DFTSubSetTest.xml
179 ms. Memory: 159744K Free: 82033K (51%)
----------------- Invoking toplevel() on ptolemy.moml.MoMLSimpleApplication@44f4a18
----------------- Done invoking toplevel() on ptolemy.moml.MoMLSimpleApplication@44f4a18
reloadAllAccessors: .DFTSubSetTest

===========================================================================================
----------------- testing Sat Jul 13 16:02:21 UTC 2019 /home/travis/build/icyphy/ptII/ptolemy/actor/lib/hoc/test/auto/HocDE.xml
----------------- Instantiating /home/travis/build/icyphy/ptII/ptolemy/actor/lib/hoc/test/auto/HocDE.xml
155 ms. Memory: 159744K Free: 133201K (83%)
----------------- Invoking toplevel() on ptolemy.moml.MoMLSimpleApplication@3998add8
----------------- Done invoking toplevel() on ptolemy.moml.MoMLSimpleApplication@3998add8
reloadAllAccessors: .HocDE

===========================================================================================
----------------- testing Sat Jul 13 16:02:21 UTC 2019 /home/travis/build/icyphy/ptII/ptolemy/actor/lib/hoc/test/auto/IterateOverArray.xml
----------------- Instantiating /home/travis/build/icyphy/ptII/ptolemy/actor/lib/hoc/test/auto/IterateOverArray.xml
6 ms. Memory: 159744K Free: 128280K (80%)
----------------- Invoking toplevel() on ptolemy.moml.MoMLSimpleApplication@2e18cbe1
----------------- Done invoking toplevel() on ptolemy.moml.MoMLSimpleApplication@2e18cbe1
reloadAllAccessors: .IterateOverArray

===========================================================================================
----------------- testing Sat Jul 13 16:02:22 UTC 2019 /home/travis/build/icyphy/ptII/ptolemy/actor/lib/hoc/test/auto/IterateOverArray10.xml
----------------- Instantiating /home/travis/build/icyphy/ptII/ptolemy/actor/lib/hoc/test/auto/IterateOverArray10.xml
5 ms. Memory: 159744K Free: 125208K (78%)
----------------- Invoking toplevel() on ptolemy.moml.MoMLSimpleApplication@4d660d47
----------------- Done invoking toplevel() on ptolemy.moml.MoMLSimpleApplication@4d660d47
reloadAllAccessors: .IterateOverArray10

===========================================================================================
----------------- testing Sat Jul 13 16:02:22 UTC 2019 /home/travis/build/icyphy/ptII/ptolemy/actor/lib/hoc/test/auto/IterateOverArray11.xml
----------------- Instantiating /home/travis/build/icyphy/ptII/ptolemy/actor/lib/hoc/test/auto/IterateOverArray11.xml
6 ms. Memory: 159744K Free: 121112K (76%)
----------------- Invoking toplevel() on ptolemy.moml.MoMLSimpleApplication@8aff1cf
----------------- Done invoking toplevel() on ptolemy.moml.MoMLSimpleApplication@8aff1cf
reloadAllAccessors: .IterateOverArray11

===========================================================================================
----------------- testing Sat Jul 13 16:02:22 UTC 2019 /home/travis/build/icyphy/ptII/ptolemy/actor/lib/hoc/test/auto/IterateOverArray12.xml
----------------- Instantiating /home/travis/build/icyphy/ptII/ptolemy/actor/lib/hoc/test/auto/IterateOverArray12.xml
17 ms. Memory: 159744K Free: 114968K (72%)
----------------- Invoking toplevel() on ptolemy.moml.MoMLSimpleApplication@1beb83e6
----------------- Done invoking toplevel() on ptolemy.moml.MoMLSimpleApplication@1beb83e6
reloadAllAccessors: .IterateOverArray12

===========================================================================================
----------------- testing Sat Jul 13 16:02:22 UTC 2019 /home/travis/build/icyphy/ptII/ptolemy/actor/lib/hoc/test/auto/IterateOverArray13.xml
----------------- Instantiating /home/travis/build/icyphy/ptII/ptolemy/actor/lib/hoc/test/auto/IterateOverArray13.xml
79 ms. Memory: 159744K Free: 86296K (54%)
----------------- Invoking toplevel() on ptolemy.moml.MoMLSimpleApplication@5c7eb601
----------------- Done invoking toplevel() on ptolemy.moml.MoMLSimpleApplication@5c7eb601
reloadAllAccessors: .IterateOverArray13

===========================================================================================
----------------- testing Sat Jul 13 16:02:22 UTC 2019 /home/travis/build/icyphy/ptII/ptolemy/actor/lib/hoc/test/auto/IterateOverArray14.xml
----------------- Instantiating /home/travis/build/icyphy/ptII/ptolemy/actor/lib/hoc/test/auto/IterateOverArray14.xml
77 ms. Memory: 159744K Free: 138896K (87%)
----------------- Invoking toplevel() on ptolemy.moml.MoMLSimpleApplication@4ea53f78
----------------- Done invoking toplevel() on ptolemy.moml.MoMLSimpleApplication@4ea53f78
reloadAllAccessors: .IterateOverArray14

===========================================================================================
----------------- testing Sat Jul 13 16:02:22 UTC 2019 /home/travis/build/icyphy/ptII/ptolemy/actor/lib/hoc/test/auto/IterateOverArray2.xml
----------------- Instantiating /home/travis/build/icyphy/ptII/ptolemy/actor/lib/hoc/test/auto/IterateOverArray2.xml
10 ms. Memory: 159744K Free: 134264K (84%)
----------------- Invoking toplevel() on ptolemy.moml.MoMLSimpleApplication@317dfcce
----------------- Done invoking toplevel() on ptolemy.moml.MoMLSimpleApplication@317dfcce
reloadAllAccessors: .IterateOverArray2

===========================================================================================
----------------- testing Sat Jul 13 16:02:22 UTC 2019 /home/travis/build/icyphy/ptII/ptolemy/actor/lib/hoc/test/auto/IterateOverArray3.xml
----------------- Instantiating /home/travis/build/icyphy/ptII/ptolemy/actor/lib/hoc/test/auto/IterateOverArray3.xml
23 ms. Memory: 159744K Free: 128098K (80%)
----------------- Invoking toplevel() on ptolemy.moml.MoMLSimpleApplication@34431f2a
----------------- Done invoking toplevel() on ptolemy.moml.MoMLSimpleApplication@34431f2a
reloadAllAccessors: .IterateOverArray3

===========================================================================================
----------------- testing Sat Jul 13 16:02:22 UTC 2019 /home/travis/build/icyphy/ptII/ptolemy/actor/lib/hoc/test/auto/IterateOverArray4.xml
----------------- Instantiating /home/travis/build/icyphy/ptII/ptolemy/actor/lib/hoc/test/auto/IterateOverArray4.xml
5 ms. Memory: 159744K Free: 124024K (78%)
----------------- Invoking toplevel() on ptolemy.moml.MoMLSimpleApplication@9cbdec3
----------------- Done invoking toplevel() on ptolemy.moml.MoMLSimpleApplication@9cbdec3
reloadAllAccessors: .IterateOverArray4

===========================================================================================
----------------- testing Sat Jul 13 16:02:22 UTC 2019 /home/travis/build/icyphy/ptII/ptolemy/actor/lib/hoc/test/auto/IterateOverArray5.xml
----------------- Instantiating /home/travis/build/icyphy/ptII/ptolemy/actor/lib/hoc/test/auto/IterateOverArray5.xml
4 ms. Memory: 159744K Free: 119928K (75%)
----------------- Invoking toplevel() on ptolemy.moml.MoMLSimpleApplication@4b2efc0a
----------------- Done invoking toplevel() on ptolemy.moml.MoMLSimpleApplication@4b2efc0a
reloadAllAccessors: .IterateOverArray5

===========================================================================================
----------------- testing Sat Jul 13 16:02:22 UTC 2019 /home/travis/build/icyphy/ptII/ptolemy/actor/lib/hoc/test/auto/IterateOverArray6.xml
----------------- Instantiating /home/travis/build/icyphy/ptII/ptolemy/actor/lib/hoc/test/auto/IterateOverArray6.xml
3 ms. Memory: 159744K Free: 116826K (73%)
----------------- Invoking toplevel() on ptolemy.moml.MoMLSimpleApplication@7db0e297
----------------- Done invoking toplevel() on ptolemy.moml.MoMLSimpleApplication@7db0e297
reloadAllAccessors: .IterateOverArray6

===========================================================================================
----------------- testing Sat Jul 13 16:02:22 UTC 2019 /home/travis/build/icyphy/ptII/ptolemy/actor/lib/hoc/test/auto/IterateOverArray7.xml
----------------- Instantiating /home/travis/build/icyphy/ptII/ptolemy/actor/lib/hoc/test/auto/IterateOverArray7.xml
3 ms. Memory: 159744K Free: 112290K (70%)
----------------- Invoking toplevel() on ptolemy.moml.MoMLSimpleApplication@3b82bfbf
----------------- Done invoking toplevel() on ptolemy.moml.MoMLSimpleApplication@3b82bfbf
reloadAllAccessors: .IterateOverArray7

===========================================================================================
----------------- testing Sat Jul 13 16:02:22 UTC 2019 /home/travis/build/icyphy/ptII/ptolemy/actor/lib/hoc/test/auto/IterateOverArray8.xml
----------------- Instantiating /home/travis/build/icyphy/ptII/ptolemy/actor/lib/hoc/test/auto/IterateOverArray8.xml
4 ms. Memory: 159744K Free: 108194K (68%)
----------------- Invoking toplevel() on ptolemy.moml.MoMLSimpleApplication@24818860
----------------- Done invoking toplevel() on ptolemy.moml.MoMLSimpleApplication@24818860
reloadAllAccessors: .IterateOverArray8

===========================================================================================
----------------- testing Sat Jul 13 16:02:22 UTC 2019 /home/travis/build/icyphy/ptII/ptolemy/actor/lib/hoc/test/auto/IterateOverArray9.xml
----------------- Instantiating /home/travis/build/icyphy/ptII/ptolemy/actor/lib/hoc/test/auto/IterateOverArray9.xml
6 ms. Memory: 159744K Free: 104074K (65%)
----------------- Invoking toplevel() on ptolemy.moml.MoMLSimpleApplication@758391ac
----------------- Done invoking toplevel() on ptolemy.moml.MoMLSimpleApplication@758391ac
reloadAllAccessors: .IterateOverArray9

===========================================================================================
----------------- testing Sat Jul 13 16:02:22 UTC 2019 /home/travis/build/icyphy/ptII/ptolemy/actor/lib/hoc/test/auto/IterateOverArrayCoercedOutputType.xml
----------------- Instantiating /home/travis/build/icyphy/ptII/ptolemy/actor/lib/hoc/test/auto/IterateOverArrayCoercedOutputType.xml
8 ms. Memory: 159744K Free: 98992K (62%)
----------------- Invoking toplevel() on ptolemy.moml.MoMLSimpleApplication@194f07d7
----------------- Done invoking toplevel() on ptolemy.moml.MoMLSimpleApplication@194f07d7
reloadAllAccessors: .IterateOverArrayCoercedOutputType

===========================================================================================
----------------- testing Sat Jul 13 16:02:22 UTC 2019 /home/travis/build/icyphy/ptII/ptolemy/actor/lib/hoc/test/auto/IterateOverArrayInferredOutputType.xml
----------------- Instantiating /home/travis/build/icyphy/ptII/ptolemy/actor/lib/hoc/test/auto/IterateOverArrayInferredOutputType.xml
24 ms. Memory: 159744K Free: 94328K (59%)
----------------- Invoking toplevel() on ptolemy.moml.MoMLSimpleApplication@8e124b8
----------------- Done invoking toplevel() on ptolemy.moml.MoMLSimpleApplication@8e124b8
reloadAllAccessors: .IterateOverArrayInferredOutputType

===========================================================================================
----------------- testing Sat Jul 13 16:02:22 UTC 2019 /home/travis/build/icyphy/ptII/ptolemy/actor/lib/hoc/test/auto/MobileFunctionTest.xml
----------------- Instantiating /home/travis/build/icyphy/ptII/ptolemy/actor/lib/hoc/test/auto/MobileFunctionTest.xml
5 ms. Memory: 159744K Free: 89762K (56%)
----------------- Invoking toplevel() on ptolemy.moml.MoMLSimpleApplication@32376e26
----------------- Done invoking toplevel() on ptolemy.moml.MoMLSimpleApplication@32376e26
reloadAllAccessors: .MobileFunctionTest

===========================================================================================
----------------- testing Sat Jul 13 16:02:22 UTC 2019 /home/travis/build/icyphy/ptII/ptolemy/actor/lib/hoc/test/auto/MobileModelTest.xml
----------------- Instantiating /home/travis/build/icyphy/ptII/ptolemy/actor/lib/hoc/test/auto/MobileModelTest.xml
162 ms. Memory: 159744K Free: 68728K (43%)
----------------- Invoking toplevel() on ptolemy.moml.MoMLSimpleApplication@baba026
----------------- Done invoking toplevel() on ptolemy.moml.MoMLSimpleApplication@baba026
reloadAllAccessors: .MobileModelTest

===========================================================================================
----------------- testing Sat Jul 13 16:02:23 UTC 2019 /home/travis/build/icyphy/ptII/ptolemy/actor/lib/hoc/test/auto/ModelReference.xml
----------------- Instantiating /home/travis/build/icyphy/ptII/ptolemy/actor/lib/hoc/test/auto/ModelReference.xml
3 ms. Memory: 159744K Free: 62114K (39%)
5 ms. Memory: 159744K Free: 61514K (39%)
2 ms. Memory: 159744K Free: 60536K (38%)
2 ms. Memory: 159744K Free: 60040K (38%)
2 ms. Memory: 159744K Free: 59010K (37%)
2 ms. Memory: 159744K Free: 57962K (36%)
1 ms. Memory: 159744K Free: 57442K (36%)
1 ms. Memory: 159744K Free: 56440K (35%)
4 ms. Memory: 159744K Free: 55874K (35%)
1 ms. Memory: 159744K Free: 54906K (34%)
33 ms. Memory: 159744K Free: 54906K (34%)
----------------- Invoking toplevel() on ptolemy.moml.MoMLSimpleApplication@11241393
----------------- Done invoking toplevel() on ptolemy.moml.MoMLSimpleApplication@11241393
reloadAllAccessors: .ModelReference

===========================================================================================
----------------- testing Sat Jul 13 16:02:23 UTC 2019 /home/travis/build/icyphy/ptII/ptolemy/actor/lib/hoc/test/auto/ModelReference3.xml
----------------- Instantiating /home/travis/build/icyphy/ptII/ptolemy/actor/lib/hoc/test/auto/ModelReference3.xml
2 ms. Memory: 159744K Free: 142498K (89%)
4 ms. Memory: 159744K Free: 141458K (89%)
1 ms. Memory: 159744K Free: 140964K (88%)
4 ms. Memory: 159744K Free: 139940K (88%)
3 ms. Memory: 159744K Free: 139412K (87%)
2 ms. Memory: 159744K Free: 138396K (87%)
3 ms. Memory: 159744K Free: 137372K (86%)
4 ms. Memory: 159744K Free: 136868K (86%)
2 ms. Memory: 159744K Free: 135844K (85%)
1 ms. Memory: 159744K Free: 135330K (85%)
32 ms. Memory: 159744K Free: 135330K (85%)
----------------- Invoking toplevel() on ptolemy.moml.MoMLSimpleApplication@3f4eae84
----------------- Done invoking toplevel() on ptolemy.moml.MoMLSimpleApplication@3f4eae84
reloadAllAccessors: .ModelReference3

===========================================================================================
----------------- testing Sat Jul 13 16:02:23 UTC 2019 /home/travis/build/icyphy/ptII/ptolemy/actor/lib/hoc/test/auto/ModelReference4.xml
----------------- Instantiating /home/travis/build/icyphy/ptII/ptolemy/actor/lib/hoc/test/auto/ModelReference4.xml
1 ms. Memory: 159744K Free: 130724K (82%)
2 ms. Memory: 159744K Free: 129180K (81%)
2 ms. Memory: 159744K Free: 128148K (80%)
2 ms. Memory: 159744K Free: 127138K (80%)
2 ms. Memory: 159744K Free: 125060K (78%)
5 ms. Memory: 159744K Free: 124066K (78%)
2 ms. Memory: 159744K Free: 122532K (77%)
2 ms. Memory: 159744K Free: 121508K (76%)
2 ms. Memory: 159744K Free: 119964K (75%)
2 ms. Memory: 159744K Free: 118932K (74%)
10018 ms. Memory: 159744K Free: 118932K (74%)
----------------- Invoking toplevel() on ptolemy.moml.MoMLSimpleApplication@2a2cb309
----------------- Done invoking toplevel() on ptolemy.moml.MoMLSimpleApplication@2a2cb309
reloadAllAccessors: .ModelReference4

===========================================================================================
----------------- testing Sat Jul 13 16:02:33 UTC 2019 /home/travis/build/icyphy/ptII/ptolemy/actor/lib/hoc/test/auto/MultiInstanceComposite.xml
----------------- Instantiating /home/travis/build/icyphy/ptII/ptolemy/actor/lib/hoc/test/auto/MultiInstanceComposite.xml
27 ms. Memory: 159744K Free: 100004K (63%)
----------------- Invoking toplevel() on ptolemy.moml.MoMLSimpleApplication@2c5adb0c
----------------- Done invoking toplevel() on ptolemy.moml.MoMLSimpleApplication@2c5adb0c
reloadAllAccessors: .MultiInstanceComposite

===========================================================================================
----------------- testing Sat Jul 13 16:02:33 UTC 2019 /home/travis/build/icyphy/ptII/ptolemy/actor/lib/hoc/test/auto/MultiInstanceComposite2.xml
----------------- Instantiating /home/travis/build/icyphy/ptII/ptolemy/actor/lib/hoc/test/auto/MultiInstanceComposite2.xml
17 ms. Memory: 159744K Free: 88740K (56%)
----------------- Invoking toplevel() on ptolemy.moml.MoMLSimpleApplication@668809fd
----------------- Done invoking toplevel() on ptolemy.moml.MoMLSimpleApplication@668809fd
reloadAllAccessors: .MultiInstanceComposite2

===========================================================================================
----------------- testing Sat Jul 13 16:02:33 UTC 2019 /home/travis/build/icyphy/ptII/ptolemy/actor/lib/hoc/test/auto/MulticoreExecution.xml
----------------- Instantiating /home/travis/build/icyphy/ptII/ptolemy/actor/lib/hoc/test/auto/MulticoreExecution.xml
Fired ExecutionTime: 2000000
Fired ExecutionTime: 4000000
Fired ExecutionTime: 2400000
Fired ExecutionTime: 3200000
Fired ExecutionTime: 61600000
Fired ExecutionTime: 62000000
Fired ExecutionTime: 66800000
Fired ExecutionTime: 66400000
Fired ExecutionTime: 74400000
Fired ExecutionTime: 74000000
Fired ExecutionTime: 130000000
Fired ExecutionTime: 131200000
Fired ExecutionTime: 132400000
Fired ExecutionTime: 132400000
Fired ExecutionTime: 132000000
Fired ExecutionTime: 131600000
Fired ExecutionTime: 122800000
Fired ExecutionTime: 73200000
Fired ExecutionTime: 103600000
Fired ExecutionTime: 69600000
1069 ms. Memory: 159744K Free: 79524K (50%)
----------------- Invoking toplevel() on ptolemy.moml.MoMLSimpleApplication@7be932e2
----------------- Done invoking toplevel() on ptolemy.moml.MoMLSimpleApplication@7be932e2
reloadAllAccessors: .MulticoreExecution

===========================================================================================
----------------- testing Sat Jul 13 16:02:34 UTC 2019 /home/travis/build/icyphy/ptII/ptolemy/actor/lib/hoc/test/auto/ParallelExecution.xml
----------------- Instantiating /home/travis/build/icyphy/ptII/ptolemy/actor/lib/hoc/test/auto/ParallelExecution.xml
915 ms. Memory: 159744K Free: 71842K (45%)
----------------- Invoking toplevel() on ptolemy.moml.MoMLSimpleApplication@7c8170e0
----------------- Done invoking toplevel() on ptolemy.moml.MoMLSimpleApplication@7c8170e0
reloadAllAccessors: .ParallelExecution

===========================================================================================
----------------- testing Sat Jul 13 16:02:35 UTC 2019 /home/travis/build/icyphy/ptII/ptolemy/actor/lib/hoc/test/auto/RunCompositeActor.xml
----------------- Instantiating /home/travis/build/icyphy/ptII/ptolemy/actor/lib/hoc/test/auto/RunCompositeActor.xml
7 ms. Memory: 159744K Free: 64644K (40%)
----------------- Invoking toplevel() on ptolemy.moml.MoMLSimpleApplication@6f3e0e85
----------------- Done invoking toplevel() on ptolemy.moml.MoMLSimpleApplication@6f3e0e85
reloadAllAccessors: .RunCompositeActor

===========================================================================================
----------------- testing Sat Jul 13 16:02:35 UTC 2019 /home/travis/build/icyphy/ptII/ptolemy/actor/lib/hoc/test/auto/RunCompositeActor2.xml
----------------- Instantiating /home/travis/build/icyphy/ptII/ptolemy/actor/lib/hoc/test/auto/RunCompositeActor2.xml
7 ms. Memory: 159744K Free: 58516K (37%)
----------------- Invoking toplevel() on ptolemy.moml.MoMLSimpleApplication@23648118
----------------- Done invoking toplevel() on ptolemy.moml.MoMLSimpleApplication@23648118
reloadAllAccessors: .RunCompositeActor2

===========================================================================================
----------------- testing Sat Jul 13 16:02:35 UTC 2019 /home/travis/build/icyphy/ptII/ptolemy/actor/lib/hoc/test/auto/RunCompositeActor3.xml
----------------- Instantiating /home/travis/build/icyphy/ptII/ptolemy/actor/lib/hoc/test/auto/RunCompositeActor3.xml
4 ms. Memory: 159744K Free: 53410K (33%)
----------------- Invoking toplevel() on ptolemy.moml.MoMLSimpleApplication@24ee3cc0
----------------- Done invoking toplevel() on ptolemy.moml.MoMLSimpleApplication@24ee3cc0
reloadAllAccessors: .RunCompositeActor3

===========================================================================================
----------------- testing Sat Jul 13 16:02:35 UTC 2019 /home/travis/build/icyphy/ptII/ptolemy/actor/lib/hoc/test/auto/RunCompositeActor4.xml
----------------- Instantiating /home/travis/build/icyphy/ptII/ptolemy/actor/lib/hoc/test/auto/RunCompositeActor4.xml
10 ms. Memory: 159744K Free: 136916K (86%)
----------------- Invoking toplevel() on ptolemy.moml.MoMLSimpleApplication@7b5e95
----------------- Done invoking toplevel() on ptolemy.moml.MoMLSimpleApplication@7b5e95
reloadAllAccessors: .RunCompositeActor4

===========================================================================================
----------------- testing Sat Jul 13 16:02:35 UTC 2019 /home/travis/build/icyphy/ptII/ptolemy/actor/lib/hoc/test/auto/RunCompositeIterateOverArray.xml
----------------- Instantiating /home/travis/build/icyphy/ptII/ptolemy/actor/lib/hoc/test/auto/RunCompositeIterateOverArray.xml
9 ms. Memory: 159744K Free: 131268K (82%)
----------------- Invoking toplevel() on ptolemy.moml.MoMLSimpleApplication@7f1be62a
----------------- Done invoking toplevel() on ptolemy.moml.MoMLSimpleApplication@7f1be62a
reloadAllAccessors: .RunCompositeIterateOverArray

===========================================================================================
----------------- testing Sat Jul 13 16:02:35 UTC 2019 /home/travis/build/icyphy/ptII/ptolemy/actor/lib/hoc/test/auto/ThreadedJS.xml
----------------- Instantiating /home/travis/build/icyphy/ptII/ptolemy/actor/lib/hoc/test/auto/ThreadedJS.xml
5538 ms. Memory: 231424K Free: 128510K (56%)
----------------- Invoking toplevel() on ptolemy.moml.MoMLSimpleApplication@5ac7a037
----------------- Done invoking toplevel() on ptolemy.moml.MoMLSimpleApplication@5ac7a037
reloadAllAccessors: .ThreadedJS
AutoTests.java: About to close Vertx.
AutoTests.java: Vertx closed.
]]></system-out>
  <system-err><![CDATA[java.lang.RuntimeException: Execution failed
	at ptolemy.moml.MoMLSimpleApplication$UnloadThread.run(MoMLSimpleApplication.java:402)
Caused by: ptolemy.kernel.util.IllegalActionException: initialize() was called after wrapup() was called but preinitialize() was not called after wrapup().
	at ptolemy.actor.lib.hoc.test.PreinitializeMustBeInvoked.initialize(PreinitializeMustBeInvoked.java:78)
	at ptolemy.actor.Director.initialize(Director.java:938)
	at ptolemy.actor.Director.initialize(Director.java:907)
	at ptolemy.actor.sched.StaticSchedulingDirector.initialize(StaticSchedulingDirector.java:159)
	at ptolemy.domains.sdf.kernel.SDFDirector.initialize(SDFDirector.java:544)
	at ptolemy.actor.CompositeActor.initialize(CompositeActor.java:935)
	at ptolemy.actor.lib.hoc.LifeCycleManager._executeInsideModel(LifeCycleManager.java:339)
	at ptolemy.actor.lib.hoc.RunCompositeActor.fire(RunCompositeActor.java:205)
	at ptolemy.actor.CompositeActor.iterate(CompositeActor.java:1146)
	at ptolemy.actor.sched.StaticSchedulingDirector.fire(StaticSchedulingDirector.java:216)
	at ptolemy.domains.sdf.kernel.SDFDirector.fire(SDFDirector.java:500)
	at ptolemy.actor.CompositeActor.fire(CompositeActor.java:455)
	at ptolemy.actor.Manager.iterate(Manager.java:851)
	at ptolemy.actor.Manager.execute(Manager.java:369)
	at ptolemy.actor.Manager.run(Manager.java:1263)
	at ptolemy.actor.Manager$PtolemyRunThread.run(Manager.java:1915)
java.lang.reflect.InvocationTargetException
	at java.base/jdk.internal.reflect.NativeConstructorAccessorImpl.newInstance0(Native Method)
	at java.base/jdk.internal.reflect.NativeConstructorAccessorImpl.newInstance(NativeConstructorAccessorImpl.java:62)
	at java.base/jdk.internal.reflect.DelegatingConstructorAccessorImpl.newInstance(DelegatingConstructorAccessorImpl.java:45)
	at java.base/java.lang.reflect.Constructor.newInstance(Constructor.java:490)
	at ptolemy.util.test.junit.AutoKnownFailedTests.RunModel(AutoKnownFailedTests.java:105)
	at java.base/jdk.internal.reflect.NativeMethodAccessorImpl.invoke0(Native Method)
	at java.base/jdk.internal.reflect.NativeMethodAccessorImpl.invoke(NativeMethodAccessorImpl.java:62)
	at java.base/jdk.internal.reflect.DelegatingMethodAccessorImpl.invoke(DelegatingMethodAccessorImpl.java:43)
	at java.base/java.lang.reflect.Method.invoke(Method.java:566)
	at org.junit.runners.model.FrameworkMethod$1.runReflectiveCall(FrameworkMethod.java:44)
	at org.junit.internal.runners.model.ReflectiveCallable.run(ReflectiveCallable.java:15)
	at org.junit.runners.model.FrameworkMethod.invokeExplosively(FrameworkMethod.java:41)
	at junitparams.internal.InvokeParameterisedMethod.evaluate(InvokeParameterisedMethod.java:102)
	at org.junit.internal.runners.statements.FailOnTimeout$1.run(FailOnTimeout.java:28)
Caused by: ptolemy.kernel.util.IllegalActionException: initialize() was called after wrapup() was called but preinitialize() was not called after wrapup().
	at ptolemy.actor.lib.hoc.test.PreinitializeMustBeInvoked.initialize(PreinitializeMustBeInvoked.java:78)
	at ptolemy.actor.Director.initialize(Director.java:938)
	at ptolemy.actor.Director.initialize(Director.java:907)
	at ptolemy.actor.sched.StaticSchedulingDirector.initialize(StaticSchedulingDirector.java:159)
	at ptolemy.domains.sdf.kernel.SDFDirector.initialize(SDFDirector.java:544)
	at ptolemy.actor.CompositeActor.initialize(CompositeActor.java:935)
	at ptolemy.actor.lib.hoc.LifeCycleManager._executeInsideModel(LifeCycleManager.java:339)
	at ptolemy.actor.lib.hoc.RunCompositeActor.fire(RunCompositeActor.java:205)
	at ptolemy.actor.CompositeActor.iterate(CompositeActor.java:1146)
	at ptolemy.actor.sched.StaticSchedulingDirector.fire(StaticSchedulingDirector.java:216)
	at ptolemy.domains.sdf.kernel.SDFDirector.fire(SDFDirector.java:500)
	at ptolemy.actor.CompositeActor.fire(CompositeActor.java:455)
	at ptolemy.actor.Manager.iterate(Manager.java:851)
	at ptolemy.actor.Manager.execute(Manager.java:369)
	at ptolemy.actor.Manager.run(Manager.java:1263)
	at ptolemy.actor.Manager$PtolemyRunThread.run(Manager.java:1915)
Warning: Nashorn engine is planned to be removed from a future JDK release
Warning: Nashorn engine is planned to be removed from a future JDK release
Warning: Nashorn engine is planned to be removed from a future JDK release
Warning: Nashorn engine is planned to be removed from a future JDK release
Warning: Nashorn engine is planned to be removed from a future JDK release
Warning: Nashorn engine is planned to be removed from a future JDK release
Warning: Nashorn engine is planned to be removed from a future JDK release
Warning: Nashorn engine is planned to be removed from a future JDK release
]]></system-err>
</testsuite>
