<?xml version="1.0" encoding="UTF-8" ?>
<testsuite errors="0" failures="0" hostname="travis-job-a76e2db1-cbfb-46ae-95eb-b83470d1cf7a" name="ptolemy.domains.sdf.test.junit.JUnitTclTest" skipped="0" tests="66" time="19.028" timestamp="2019-12-26T07:05:15">
  <properties>
[...]
</properties>
  <testcase classname="ptolemy.util.test.junit.TclTests" name="[0] /home/travis/build/icyphy/ptII/ptolemy/domains/sdf/test/SDFSchedulerErrors.tcl (RunTclFile)" time="0.9" />
  <testcase classname="ptolemy.util.test.junit.TclTests" name="[1] /home/travis/build/icyphy/ptII/ptolemy/domains/sdf/test/composition.tcl (RunTclFile)" time="0.176" />
  <testcase classname="ptolemy.util.test.junit.TclTests" name="[2] /home/travis/build/icyphy/ptII/ptolemy/domains/sdf/test/cycle.tcl (RunTclFile)" time="0.075" />
  <testcase classname="ptolemy.util.test.junit.AutoKnownFailedTests" name="[0] ThereAreNoKnowFailedTests (RunModel)" time="0.01" />
  <testcase classname="ptolemy.util.test.junit.AutoNameArchTests" name="[0] ThereAreNoAutoArchTests (RunModel)" time="0.003" />
  <testcase classname="ptolemy.util.test.junit.AutoTests" name="[0] /home/travis/build/icyphy/ptII/ptolemy/domains/sdf/test/auto/Array.xml (RunModel)" time="0.276" />
  <testcase classname="ptolemy.util.test.junit.AutoTests" name="[1] /home/travis/build/icyphy/ptII/ptolemy/domains/sdf/test/auto/Butterfly.xml (RunModel)" time="0.131" />
  <testcase classname="ptolemy.util.test.junit.AutoTests" name="[2] /home/travis/build/icyphy/ptII/ptolemy/domains/sdf/test/auto/Expression.xml (RunModel)" time="0.085" />
  <testcase classname="ptolemy.util.test.junit.AutoTests" name="[3] /home/travis/build/icyphy/ptII/ptolemy/domains/sdf/test/auto/Eye.xml (RunModel)" time="0.225" />
  <testcase classname="ptolemy.util.test.junit.AutoTests" name="[4] /home/travis/build/icyphy/ptII/ptolemy/domains/sdf/test/auto/FixFIR.xml (RunModel)" time="0.348" />
  <testcase classname="ptolemy.util.test.junit.AutoTests" name="[5] /home/travis/build/icyphy/ptII/ptolemy/domains/sdf/test/auto/FixPoint.xml (RunModel)" time="0.043" />
  <testcase classname="ptolemy.util.test.junit.AutoTests" name="[6] /home/travis/build/icyphy/ptII/ptolemy/domains/sdf/test/auto/Gravitation.xml (RunModel)" time="3.285" />
  <testcase classname="ptolemy.util.test.junit.AutoTests" name="[7] /home/travis/build/icyphy/ptII/ptolemy/domains/sdf/test/auto/GravitationWithCollisionDetection.xml (RunModel)" time="5.589" />
  <testcase classname="ptolemy.util.test.junit.AutoTests" name="[8] /home/travis/build/icyphy/ptII/ptolemy/domains/sdf/test/auto/HDF.xml (RunModel)" time="0.084" />
  <testcase classname="ptolemy.util.test.junit.AutoTests" name="[9] /home/travis/build/icyphy/ptII/ptolemy/domains/sdf/test/auto/HDFwithTransientStates.xml (RunModel)" time="0.078" />
  <testcase classname="ptolemy.util.test.junit.AutoTests" name="[10] /home/travis/build/icyphy/ptII/ptolemy/domains/sdf/test/auto/HTVQ.xml (RunModel)" time="0.821" />
  <testcase classname="ptolemy.util.test.junit.AutoTests" name="[11] /home/travis/build/icyphy/ptII/ptolemy/domains/sdf/test/auto/InferInitProduction.xml (RunModel)" time="0.029" />
  <testcase classname="ptolemy.util.test.junit.AutoTests" name="[12] /home/travis/build/icyphy/ptII/ptolemy/domains/sdf/test/auto/InferInitProductionDeeper.xml (RunModel)" time="0.022" />
  <testcase classname="ptolemy.util.test.junit.AutoTests" name="[13] /home/travis/build/icyphy/ptII/ptolemy/domains/sdf/test/auto/LMSAdaptive.xml (RunModel)" time="0.074" />
  <testcase classname="ptolemy.util.test.junit.AutoTests" name="[14] /home/travis/build/icyphy/ptII/ptolemy/domains/sdf/test/auto/LogisticMap.xml (RunModel)" time="0.485" />
  <testcase classname="ptolemy.util.test.junit.AutoTests" name="[15] /home/travis/build/icyphy/ptII/ptolemy/domains/sdf/test/auto/MaximumEntropySpectrum.xml (RunModel)" time="0.231" />
  <testcase classname="ptolemy.util.test.junit.AutoTests" name="[16] /home/travis/build/icyphy/ptII/ptolemy/domains/sdf/test/auto/MultirateSDF.xml (RunModel)" time="0.053" />
  <testcase classname="ptolemy.util.test.junit.AutoTests" name="[17] /home/travis/build/icyphy/ptII/ptolemy/domains/sdf/test/auto/MultirateSDFwithTransientStates.xml (RunModel)" time="0.058" />
  <testcase classname="ptolemy.util.test.junit.AutoTests" name="[18] /home/travis/build/icyphy/ptII/ptolemy/domains/sdf/test/auto/NoisySinewave.xml (RunModel)" time="0.06" />
  <testcase classname="ptolemy.util.test.junit.AutoTests" name="[19] /home/travis/build/icyphy/ptII/ptolemy/domains/sdf/test/auto/Objects.xml (RunModel)" time="0.039" />
  <testcase classname="ptolemy.util.test.junit.AutoTests" name="[20] /home/travis/build/icyphy/ptII/ptolemy/domains/sdf/test/auto/OrthogonalCom.xml (RunModel)" time="0.042" />
  <testcase classname="ptolemy.util.test.junit.AutoTests" name="[21] /home/travis/build/icyphy/ptII/ptolemy/domains/sdf/test/auto/RijndaelEncryption.xml (RunModel)" time="0.473" />
  <testcase classname="ptolemy.util.test.junit.AutoTests" name="[22] /home/travis/build/icyphy/ptII/ptolemy/domains/sdf/test/auto/SDFEmptyIterations.xml (RunModel)" time="0.018" />
  <testcase classname="ptolemy.util.test.junit.AutoTests" name="[23] /home/travis/build/icyphy/ptII/ptolemy/domains/sdf/test/auto/Spectrum.xml (RunModel)" time="0.076" />
  <testcase classname="ptolemy.util.test.junit.AutoTests" name="[24] /home/travis/build/icyphy/ptII/ptolemy/domains/sdf/test/auto/de_inside_sdf.xml (RunModel)" time="0.019" />
  <testcase classname="ptolemy.util.test.junit.AutoTests" name="[25] /home/travis/build/icyphy/ptII/ptolemy/domains/sdf/test/auto/disconnectedHierarchicalSDF.xml (RunModel)" time="0.022" />
  <testcase classname="ptolemy.util.test.junit.AutoTests" name="[26] /home/travis/build/icyphy/ptII/ptolemy/domains/sdf/test/auto/disconnectedSDF.xml (RunModel)" time="0.018" />
  <testcase classname="ptolemy.util.test.junit.AutoTests" name="[27] /home/travis/build/icyphy/ptII/ptolemy/domains/sdf/test/auto/emptyRefinement.xml (RunModel)" time="0.015" />
  <testcase classname="ptolemy.util.test.junit.AutoTests" name="[28] /home/travis/build/icyphy/ptII/ptolemy/domains/sdf/test/auto/filePortParameter.xml (RunModel)" time="0.028" />
  <testcase classname="ptolemy.util.test.junit.AutoTests" name="[29] /home/travis/build/icyphy/ptII/ptolemy/domains/sdf/test/auto/inferRelationWidth1.xml (RunModel)" time="0.02" />
  <testcase classname="ptolemy.util.test.junit.AutoTests" name="[30] /home/travis/build/icyphy/ptII/ptolemy/domains/sdf/test/auto/initProductionInference.xml (RunModel)" time="0.026" />
  <testcase classname="ptolemy.util.test.junit.AutoTests" name="[31] /home/travis/build/icyphy/ptII/ptolemy/domains/sdf/test/auto/relationGroup.xml (RunModel)" time="0.021" />
  <testcase classname="ptolemy.util.test.junit.AutoTests" name="[32] /home/travis/build/icyphy/ptII/ptolemy/domains/sdf/test/auto/relationGroup10.xml (RunModel)" time="0.014" />
  <testcase classname="ptolemy.util.test.junit.AutoTests" name="[33] /home/travis/build/icyphy/ptII/ptolemy/domains/sdf/test/auto/relationGroup11.xml (RunModel)" time="0.01" />
  <testcase classname="ptolemy.util.test.junit.AutoTests" name="[34] /home/travis/build/icyphy/ptII/ptolemy/domains/sdf/test/auto/relationGroup12.xml (RunModel)" time="0.011" />
  <testcase classname="ptolemy.util.test.junit.AutoTests" name="[35] /home/travis/build/icyphy/ptII/ptolemy/domains/sdf/test/auto/relationGroup13.xml (RunModel)" time="0.012" />
  <testcase classname="ptolemy.util.test.junit.AutoTests" name="[36] /home/travis/build/icyphy/ptII/ptolemy/domains/sdf/test/auto/relationGroup14.xml (RunModel)" time="0.009" />
  <testcase classname="ptolemy.util.test.junit.AutoTests" name="[37] /home/travis/build/icyphy/ptII/ptolemy/domains/sdf/test/auto/relationGroup15.xml (RunModel)" time="0.01" />
  <testcase classname="ptolemy.util.test.junit.AutoTests" name="[38] /home/travis/build/icyphy/ptII/ptolemy/domains/sdf/test/auto/relationGroup2.xml (RunModel)" time="0.006" />
  <testcase classname="ptolemy.util.test.junit.AutoTests" name="[39] /home/travis/build/icyphy/ptII/ptolemy/domains/sdf/test/auto/relationGroup3.xml (RunModel)" time="0.008" />
  <testcase classname="ptolemy.util.test.junit.AutoTests" name="[40] /home/travis/build/icyphy/ptII/ptolemy/domains/sdf/test/auto/relationGroup4.xml (RunModel)" time="0.015" />
  <testcase classname="ptolemy.util.test.junit.AutoTests" name="[41] /home/travis/build/icyphy/ptII/ptolemy/domains/sdf/test/auto/relationGroup5.xml (RunModel)" time="0.011" />
  <testcase classname="ptolemy.util.test.junit.AutoTests" name="[42] /home/travis/build/icyphy/ptII/ptolemy/domains/sdf/test/auto/relationGroup6.xml (RunModel)" time="0.01" />
  <testcase classname="ptolemy.util.test.junit.AutoTests" name="[43] /home/travis/build/icyphy/ptII/ptolemy/domains/sdf/test/auto/relationGroup7.xml (RunModel)" time="0.009" />
  <testcase classname="ptolemy.util.test.junit.AutoTests" name="[44] /home/travis/build/icyphy/ptII/ptolemy/domains/sdf/test/auto/relationGroup8.xml (RunModel)" time="0.012" />
  <testcase classname="ptolemy.util.test.junit.AutoTests" name="[45] /home/travis/build/icyphy/ptII/ptolemy/domains/sdf/test/auto/relationGroup9.xml (RunModel)" time="0.01" />
  <testcase classname="ptolemy.util.test.junit.AutoTests" name="[46] /home/travis/build/icyphy/ptII/ptolemy/domains/sdf/test/auto/sdf_inside_de.xml (RunModel)" time="0.032" />
  <testcase classname="ptolemy.util.test.junit.AutoTests" name="[47] /home/travis/build/icyphy/ptII/ptolemy/domains/sdf/test/auto/sdf_inside_pn.xml (RunModel)" time="0.058" />
  <testcase classname="ptolemy.util.test.junit.AutoTests" name="[48] /home/travis/build/icyphy/ptII/ptolemy/domains/sdf/test/auto/sdf_sdf1.xml (RunModel)" time="0.019" />
  <testcase classname="ptolemy.util.test.junit.AutoTests" name="[49] /home/travis/build/icyphy/ptII/ptolemy/domains/sdf/test/auto/test1.xml (RunModel)" time="0.013" />
  <testcase classname="ptolemy.util.test.junit.AutoTests" name="[50] /home/travis/build/icyphy/ptII/ptolemy/domains/sdf/test/auto/time1.xml (RunModel)" time="0.011" />
  <testcase classname="ptolemy.util.test.junit.AutoTests" name="[51] /home/travis/build/icyphy/ptII/ptolemy/domains/sdf/test/auto/time2.xml (RunModel)" time="0.008" />
  <testcase classname="ptolemy.util.test.junit.AutoTests" name="[52] /home/travis/build/icyphy/ptII/ptolemy/domains/sdf/test/auto/time3.xml (RunModel)" time="0.019" />
  <testcase classname="ptolemy.util.test.junit.AutoTests" name="[53] /home/travis/build/icyphy/ptII/ptolemy/domains/sdf/test/auto/time4.xml (RunModel)" time="0.016" />
  <testcase classname="ptolemy.util.test.junit.AutoTests" name="[54] /home/travis/build/icyphy/ptII/ptolemy/domains/sdf/test/auto/time5.xml (RunModel)" time="4.008" />
  <testcase classname="ptolemy.util.test.junit.AutoTests" name="[55] /home/travis/build/icyphy/ptII/ptolemy/domains/sdf/test/auto/typeSystem_Const_Integer_smallest_Type.xml (RunModel)" time="0.023" />
  <testcase classname="ptolemy.util.test.junit.AutoTests" name="[56] /home/travis/build/icyphy/ptII/ptolemy/domains/sdf/test/auto/typeSystem_declared_Inports_OutportTypeException.xml (RunModel)" time="0.019" />
  <testcase classname="ptolemy.util.test.junit.AutoTests" name="[57] /home/travis/build/icyphy/ptII/ptolemy/domains/sdf/test/auto/typeSystem_oneDeclaredInportType_wrongTypeOutport.xml (RunModel)" time="0.015" />
  <testcase classname="ptolemy.util.test.junit.AutoTests" name="[58] /home/travis/build/icyphy/ptII/ptolemy/domains/sdf/test/auto/width.xml (RunModel)" time="0.01" />
  <testcase classname="ptolemy.util.test.junit.AutoTests" name="[59] /home/travis/build/icyphy/ptII/ptolemy/domains/sdf/test/auto/width2.xml (RunModel)" time="0.035" />
  <testcase classname="ptolemy.util.test.junit.AutoTests" name="[60] /home/travis/build/icyphy/ptII/ptolemy/domains/sdf/test/auto/width3.xml (RunModel)" time="0.037" />
  <system-out><![CDATA[/home/travis/build/icyphy/ptII/ptolemy/domains/sdf/test/SDFSchedulerErrors.tcl
testDefs.tcl: setting time out to 9000 seconds at Thu Dec 26 07:05:15 UTC 2019
86 ms. Memory: 129024K Free: 90566K (70%)
7 ms. Memory: 129024K Free: 82888K (64%)
7 ms. Memory: 129024K Free: 76215K (59%)
12 ms. Memory: 129024K Free: 73158K (57%)
/home/travis/build/icyphy/ptII/ptolemy/domains/sdf/test/composition.tcl
39 ms. Memory: 129024K Free: 69576K (54%)
11 ms. Memory: 129024K Free: 67528K (52%)
/home/travis/build/icyphy/ptII/ptolemy/domains/sdf/test/cycle.tcl
.Toplevel.Director Preinitializing ...
Invoking preinitialize():  .Toplevel.Actor1
Invoking preinitialize():  .Toplevel.Actor2
Invoking preinitialize():  .Toplevel.Delay
.Toplevel.Director Finished preinitialize().
### Schedule:
Execute Schedule{
Fire Actor ptolemy.domains.sdf.kernel.test.SDFTestDelay {.Toplevel.Actor1}
Fire Actor ptolemy.domains.sdf.kernel.test.SDFTestDelay {.Toplevel.Actor2}
Fire Actor ptolemy.domains.sdf.lib.SampleDelay {.Toplevel.Delay}
}
### End schedule
Called initialize().
Invoking initialize():  .Toplevel.Actor1
Initializing actor: .Toplevel.Actor1.
Invoking initialize():  .Toplevel.Actor2
Initializing actor: .Toplevel.Actor2.
Invoking initialize():  .Toplevel.Delay
Initializing actor: .Toplevel.Delay.
Director: Called prefire().
-- Setting current time to 0.0
Director prefire returns true.
The actor .Toplevel.Actor1 will be iterated.
The actor .Toplevel.Actor1 was iterated.
The actor .Toplevel.Actor2 will be iterated.
The actor .Toplevel.Actor2 was iterated.
The actor .Toplevel.Delay will be iterated.
The actor .Toplevel.Delay was iterated.
Director: Called postfire().
Postfire returns: true
Director: Called prefire().
-- Setting current time to 0.0
Director prefire returns true.
The actor .Toplevel.Actor1 will be iterated.
The actor .Toplevel.Actor1 was iterated.
The actor .Toplevel.Actor2 will be iterated.
The actor .Toplevel.Actor2 was iterated.
The actor .Toplevel.Delay will be iterated.
The actor .Toplevel.Delay was iterated.
Director: Called postfire().
Postfire returns: true
Director: Called prefire().
-- Setting current time to 0.0
Director prefire returns true.
The actor .Toplevel.Actor1 will be iterated.
The actor .Toplevel.Actor1 was iterated.
The actor .Toplevel.Actor2 will be iterated.
The actor .Toplevel.Actor2 was iterated.
The actor .Toplevel.Delay will be iterated.
The actor .Toplevel.Delay was iterated.
Director: Called postfire().
Postfire returns: true
Director: Called prefire().
-- Setting current time to 0.0
Director prefire returns true.
The actor .Toplevel.Actor1 will be iterated.
The actor .Toplevel.Actor1 was iterated.
The actor .Toplevel.Actor2 will be iterated.
The actor .Toplevel.Actor2 was iterated.
The actor .Toplevel.Delay will be iterated.
The actor .Toplevel.Delay was iterated.
Director: Called postfire().
Postfire returns: true
Director: Called prefire().
-- Setting current time to 0.0
Director prefire returns true.
The actor .Toplevel.Actor1 will be iterated.
The actor .Toplevel.Actor1 was iterated.
The actor .Toplevel.Actor2 will be iterated.
The actor .Toplevel.Actor2 was iterated.
The actor .Toplevel.Delay will be iterated.
The actor .Toplevel.Delay was iterated.
Director: Called postfire().
Postfire returns: true
Director: Called prefire().
-- Setting current time to 0.0
Director prefire returns true.
The actor .Toplevel.Actor1 will be iterated.
The actor .Toplevel.Actor1 was iterated.
The actor .Toplevel.Actor2 will be iterated.
The actor .Toplevel.Actor2 was iterated.
The actor .Toplevel.Delay will be iterated.
The actor .Toplevel.Delay was iterated.
Reached specified number of iterations: 6
Director: Called wrapup().
38 ms. Memory: 129024K Free: 64456K (50%)
12/26/19 07:05:17
Failed: 0  Total Tests: 8  ((Passed: 8, Newly Passed: 0)  Known Failed: 0) /home/travis/build/icyphy/ptII/ptolemy/domains/sdf/test
No auto/knownFailedTests/*.xml tests in /home/travis/build/icyphy/ptII/ptolemy/domains/sdf/test
No auto/linux-amd64/*.xml tests in /home/travis/build/icyphy/ptII/ptolemy/domains/sdf/test
AutoTests.java: About to close Vertx.
AutoTests.java: Vertx closed.

===========================================================================================
----------------- testing Thu Dec 26 07:05:17 UTC 2019 /home/travis/build/icyphy/ptII/ptolemy/domains/sdf/test/auto/Array.xml
----------------- Instantiating /home/travis/build/icyphy/ptII/ptolemy/domains/sdf/test/auto/Array.xml
27 ms. Memory: 129024K Free: 111052K (86%)
----------------- Invoking toplevel() on ptolemy.moml.MoMLSimpleApplication@6c520e78
----------------- Done invoking toplevel() on ptolemy.moml.MoMLSimpleApplication@6c520e78
reloadAllAccessors: .Array

===========================================================================================
----------------- testing Thu Dec 26 07:05:17 UTC 2019 /home/travis/build/icyphy/ptII/ptolemy/domains/sdf/test/auto/Butterfly.xml
----------------- Instantiating /home/travis/build/icyphy/ptII/ptolemy/domains/sdf/test/auto/Butterfly.xml
64 ms. Memory: 129024K Free: 104938K (81%)
----------------- Invoking toplevel() on ptolemy.moml.MoMLSimpleApplication@27618be9
----------------- Done invoking toplevel() on ptolemy.moml.MoMLSimpleApplication@27618be9
reloadAllAccessors: .Butterfly

===========================================================================================
----------------- testing Thu Dec 26 07:05:17 UTC 2019 /home/travis/build/icyphy/ptII/ptolemy/domains/sdf/test/auto/Expression.xml
----------------- Instantiating /home/travis/build/icyphy/ptII/ptolemy/domains/sdf/test/auto/Expression.xml
50 ms. Memory: 129024K Free: 100480K (78%)
----------------- Invoking toplevel() on ptolemy.moml.MoMLSimpleApplication@115ec40c
----------------- Done invoking toplevel() on ptolemy.moml.MoMLSimpleApplication@115ec40c
reloadAllAccessors: .Expression

===========================================================================================
----------------- testing Thu Dec 26 07:05:17 UTC 2019 /home/travis/build/icyphy/ptII/ptolemy/domains/sdf/test/auto/Eye.xml
----------------- Instantiating /home/travis/build/icyphy/ptII/ptolemy/domains/sdf/test/auto/Eye.xml
163 ms. Memory: 129024K Free: 75904K (59%)
----------------- Invoking toplevel() on ptolemy.moml.MoMLSimpleApplication@6b2945d3
----------------- Done invoking toplevel() on ptolemy.moml.MoMLSimpleApplication@6b2945d3
reloadAllAccessors: .Eye

===========================================================================================
----------------- testing Thu Dec 26 07:05:18 UTC 2019 /home/travis/build/icyphy/ptII/ptolemy/domains/sdf/test/auto/FixFIR.xml
----------------- Instantiating /home/travis/build/icyphy/ptII/ptolemy/domains/sdf/test/auto/FixFIR.xml
170 ms. Memory: 129024K Free: 100087K (78%)
----------------- Invoking toplevel() on ptolemy.moml.MoMLSimpleApplication@1c7ccf1e
----------------- Done invoking toplevel() on ptolemy.moml.MoMLSimpleApplication@1c7ccf1e
reloadAllAccessors: .FixFIR

===========================================================================================
----------------- testing Thu Dec 26 07:05:18 UTC 2019 /home/travis/build/icyphy/ptII/ptolemy/domains/sdf/test/auto/FixPoint.xml
----------------- Instantiating /home/travis/build/icyphy/ptII/ptolemy/domains/sdf/test/auto/FixPoint.xml
12 ms. Memory: 129024K Free: 95540K (74%)
----------------- Invoking toplevel() on ptolemy.moml.MoMLSimpleApplication@5abdb398
----------------- Done invoking toplevel() on ptolemy.moml.MoMLSimpleApplication@5abdb398
reloadAllAccessors: .FixPoint

===========================================================================================
----------------- testing Thu Dec 26 07:05:18 UTC 2019 /home/travis/build/icyphy/ptII/ptolemy/domains/sdf/test/auto/Gravitation.xml
----------------- Instantiating /home/travis/build/icyphy/ptII/ptolemy/domains/sdf/test/auto/Gravitation.xml
3187 ms. Memory: 155648K Free: 92974K (60%)
----------------- Invoking toplevel() on ptolemy.moml.MoMLSimpleApplication@32ac0d87
----------------- Done invoking toplevel() on ptolemy.moml.MoMLSimpleApplication@32ac0d87
reloadAllAccessors: .Gravitation

===========================================================================================
----------------- testing Thu Dec 26 07:05:21 UTC 2019 /home/travis/build/icyphy/ptII/ptolemy/domains/sdf/test/auto/GravitationWithCollisionDetection.xml
----------------- Instantiating /home/travis/build/icyphy/ptII/ptolemy/domains/sdf/test/auto/GravitationWithCollisionDetection.xml
5403 ms. Memory: 270336K Free: 178369K (66%)
----------------- Invoking toplevel() on ptolemy.moml.MoMLSimpleApplication@73421e16
----------------- Done invoking toplevel() on ptolemy.moml.MoMLSimpleApplication@73421e16
reloadAllAccessors: .GravitationWithCollisionDetection

===========================================================================================
----------------- testing Thu Dec 26 07:05:27 UTC 2019 /home/travis/build/icyphy/ptII/ptolemy/domains/sdf/test/auto/HDF.xml
----------------- Instantiating /home/travis/build/icyphy/ptII/ptolemy/domains/sdf/test/auto/HDF.xml
35 ms. Memory: 270336K Free: 162465K (60%)
----------------- Invoking toplevel() on ptolemy.moml.MoMLSimpleApplication@27de2043
----------------- Done invoking toplevel() on ptolemy.moml.MoMLSimpleApplication@27de2043
reloadAllAccessors: .HDF

===========================================================================================
----------------- testing Thu Dec 26 07:05:27 UTC 2019 /home/travis/build/icyphy/ptII/ptolemy/domains/sdf/test/auto/HDFwithTransientStates.xml
----------------- Instantiating /home/travis/build/icyphy/ptII/ptolemy/domains/sdf/test/auto/HDFwithTransientStates.xml
18 ms. Memory: 270336K Free: 143553K (53%)
----------------- Invoking toplevel() on ptolemy.moml.MoMLSimpleApplication@6d4ea75a
----------------- Done invoking toplevel() on ptolemy.moml.MoMLSimpleApplication@6d4ea75a
reloadAllAccessors: .HDFwithTransientStates

===========================================================================================
----------------- testing Thu Dec 26 07:05:27 UTC 2019 /home/travis/build/icyphy/ptII/ptolemy/domains/sdf/test/auto/HTVQ.xml
----------------- Instantiating /home/travis/build/icyphy/ptII/ptolemy/domains/sdf/test/auto/HTVQ.xml
774 ms. Memory: 324608K Free: 180988K (56%)
----------------- Invoking toplevel() on ptolemy.moml.MoMLSimpleApplication@1b9cc50f
----------------- Done invoking toplevel() on ptolemy.moml.MoMLSimpleApplication@1b9cc50f
reloadAllAccessors: .HTVQ

===========================================================================================
----------------- testing Thu Dec 26 07:05:28 UTC 2019 /home/travis/build/icyphy/ptII/ptolemy/domains/sdf/test/auto/InferInitProduction.xml
----------------- Instantiating /home/travis/build/icyphy/ptII/ptolemy/domains/sdf/test/auto/InferInitProduction.xml
6 ms. Memory: 324608K Free: 174929K (54%)
----------------- Invoking toplevel() on ptolemy.moml.MoMLSimpleApplication@592b0da6
----------------- Done invoking toplevel() on ptolemy.moml.MoMLSimpleApplication@592b0da6
reloadAllAccessors: .InferInitProduction

===========================================================================================
----------------- testing Thu Dec 26 07:05:28 UTC 2019 /home/travis/build/icyphy/ptII/ptolemy/domains/sdf/test/auto/InferInitProductionDeeper.xml
----------------- Instantiating /home/travis/build/icyphy/ptII/ptolemy/domains/sdf/test/auto/InferInitProductionDeeper.xml
4 ms. Memory: 324608K Free: 169313K (52%)
----------------- Invoking toplevel() on ptolemy.moml.MoMLSimpleApplication@3d210e7c
----------------- Done invoking toplevel() on ptolemy.moml.MoMLSimpleApplication@3d210e7c
reloadAllAccessors: .InferInitProductionDeeper

===========================================================================================
----------------- testing Thu Dec 26 07:05:28 UTC 2019 /home/travis/build/icyphy/ptII/ptolemy/domains/sdf/test/auto/LMSAdaptive.xml
----------------- Instantiating /home/travis/build/icyphy/ptII/ptolemy/domains/sdf/test/auto/LMSAdaptive.xml
13 ms. Memory: 324608K Free: 159583K (49%)
----------------- Invoking toplevel() on ptolemy.moml.MoMLSimpleApplication@29585d18
----------------- Done invoking toplevel() on ptolemy.moml.MoMLSimpleApplication@29585d18
reloadAllAccessors: .LMSAdaptive

===========================================================================================
----------------- testing Thu Dec 26 07:05:28 UTC 2019 /home/travis/build/icyphy/ptII/ptolemy/domains/sdf/test/auto/LogisticMap.xml
----------------- Instantiating /home/travis/build/icyphy/ptII/ptolemy/domains/sdf/test/auto/LogisticMap.xml
435 ms. Memory: 324608K Free: 153953K (47%)
----------------- Invoking toplevel() on ptolemy.moml.MoMLSimpleApplication@283f14d7
----------------- Done invoking toplevel() on ptolemy.moml.MoMLSimpleApplication@283f14d7
reloadAllAccessors: .LogisticMap

===========================================================================================
----------------- testing Thu Dec 26 07:05:29 UTC 2019 /home/travis/build/icyphy/ptII/ptolemy/domains/sdf/test/auto/MaximumEntropySpectrum.xml
----------------- Instantiating /home/travis/build/icyphy/ptII/ptolemy/domains/sdf/test/auto/MaximumEntropySpectrum.xml
53 ms. Memory: 324608K Free: 282426K (87%)
----------------- Invoking toplevel() on ptolemy.moml.MoMLSimpleApplication@530a6e41
----------------- Done invoking toplevel() on ptolemy.moml.MoMLSimpleApplication@530a6e41
reloadAllAccessors: .MaximumEntropySpectrum

===========================================================================================
----------------- testing Thu Dec 26 07:05:29 UTC 2019 /home/travis/build/icyphy/ptII/ptolemy/domains/sdf/test/auto/MultirateSDF.xml
----------------- Instantiating /home/travis/build/icyphy/ptII/ptolemy/domains/sdf/test/auto/MultirateSDF.xml
17 ms. Memory: 324608K Free: 267545K (82%)
----------------- Invoking toplevel() on ptolemy.moml.MoMLSimpleApplication@58ac9559
----------------- Done invoking toplevel() on ptolemy.moml.MoMLSimpleApplication@58ac9559
reloadAllAccessors: .MultirateSDF

===========================================================================================
----------------- testing Thu Dec 26 07:05:29 UTC 2019 /home/travis/build/icyphy/ptII/ptolemy/domains/sdf/test/auto/MultirateSDFwithTransientStates.xml
----------------- Instantiating /home/travis/build/icyphy/ptII/ptolemy/domains/sdf/test/auto/MultirateSDFwithTransientStates.xml
18 ms. Memory: 324608K Free: 248105K (76%)
----------------- Invoking toplevel() on ptolemy.moml.MoMLSimpleApplication@3e9d4f8e
----------------- Done invoking toplevel() on ptolemy.moml.MoMLSimpleApplication@3e9d4f8e
reloadAllAccessors: .MultirateSDFwithTransientStates

===========================================================================================
----------------- testing Thu Dec 26 07:05:29 UTC 2019 /home/travis/build/icyphy/ptII/ptolemy/domains/sdf/test/auto/NoisySinewave.xml
----------------- Instantiating /home/travis/build/icyphy/ptII/ptolemy/domains/sdf/test/auto/NoisySinewave.xml
15 ms. Memory: 324608K Free: 231736K (71%)
----------------- Invoking toplevel() on ptolemy.moml.MoMLSimpleApplication@43421eba
----------------- Done invoking toplevel() on ptolemy.moml.MoMLSimpleApplication@43421eba
reloadAllAccessors: .NoisySinewave

===========================================================================================
----------------- testing Thu Dec 26 07:05:29 UTC 2019 /home/travis/build/icyphy/ptII/ptolemy/domains/sdf/test/auto/Objects.xml
----------------- Instantiating /home/travis/build/icyphy/ptII/ptolemy/domains/sdf/test/auto/Objects.xml
4 ms. Memory: 324608K Free: 223544K (69%)
----------------- Invoking toplevel() on ptolemy.moml.MoMLSimpleApplication@1116ca98
----------------- Done invoking toplevel() on ptolemy.moml.MoMLSimpleApplication@1116ca98
reloadAllAccessors: .Objects

===========================================================================================
----------------- testing Thu Dec 26 07:05:29 UTC 2019 /home/travis/build/icyphy/ptII/ptolemy/domains/sdf/test/auto/OrthogonalCom.xml
----------------- Instantiating /home/travis/build/icyphy/ptII/ptolemy/domains/sdf/test/auto/OrthogonalCom.xml
9 ms. Memory: 324608K Free: 215866K (67%)
----------------- Invoking toplevel() on ptolemy.moml.MoMLSimpleApplication@2c255899
----------------- Done invoking toplevel() on ptolemy.moml.MoMLSimpleApplication@2c255899
reloadAllAccessors: .OrthogonalCom

===========================================================================================
----------------- testing Thu Dec 26 07:05:29 UTC 2019 /home/travis/build/icyphy/ptII/ptolemy/domains/sdf/test/auto/RijndaelEncryption.xml
----------------- Instantiating /home/travis/build/icyphy/ptII/ptolemy/domains/sdf/test/auto/RijndaelEncryption.xml
217 ms. Memory: 324608K Free: 262654K (81%)
----------------- Invoking toplevel() on ptolemy.moml.MoMLSimpleApplication@2b0eb70f
----------------- Done invoking toplevel() on ptolemy.moml.MoMLSimpleApplication@2b0eb70f
reloadAllAccessors: .RijndaelEncryption

===========================================================================================
----------------- testing Thu Dec 26 07:05:30 UTC 2019 /home/travis/build/icyphy/ptII/ptolemy/domains/sdf/test/auto/SDFEmptyIterations.xml
----------------- Instantiating /home/travis/build/icyphy/ptII/ptolemy/domains/sdf/test/auto/SDFEmptyIterations.xml
7 ms. Memory: 324608K Free: 257795K (79%)
----------------- Invoking toplevel() on ptolemy.moml.MoMLSimpleApplication@38c7c555
----------------- Done invoking toplevel() on ptolemy.moml.MoMLSimpleApplication@38c7c555
reloadAllAccessors: .SDFEmptyIterations

===========================================================================================
----------------- testing Thu Dec 26 07:05:30 UTC 2019 /home/travis/build/icyphy/ptII/ptolemy/domains/sdf/test/auto/Spectrum.xml
----------------- Instantiating /home/travis/build/icyphy/ptII/ptolemy/domains/sdf/test/auto/Spectrum.xml
22 ms. Memory: 324608K Free: 232705K (72%)
----------------- Invoking toplevel() on ptolemy.moml.MoMLSimpleApplication@1f1707fc
----------------- Done invoking toplevel() on ptolemy.moml.MoMLSimpleApplication@1f1707fc
reloadAllAccessors: .Spectrum

===========================================================================================
----------------- testing Thu Dec 26 07:05:30 UTC 2019 /home/travis/build/icyphy/ptII/ptolemy/domains/sdf/test/auto/de_inside_sdf.xml
----------------- Instantiating /home/travis/build/icyphy/ptII/ptolemy/domains/sdf/test/auto/de_inside_sdf.xml
7 ms. Memory: 324608K Free: 227555K (70%)
----------------- Invoking toplevel() on ptolemy.moml.MoMLSimpleApplication@7d0549f6
----------------- Done invoking toplevel() on ptolemy.moml.MoMLSimpleApplication@7d0549f6
reloadAllAccessors: .de_inside_sdf

===========================================================================================
----------------- testing Thu Dec 26 07:05:30 UTC 2019 /home/travis/build/icyphy/ptII/ptolemy/domains/sdf/test/auto/disconnectedHierarchicalSDF.xml
----------------- Instantiating /home/travis/build/icyphy/ptII/ptolemy/domains/sdf/test/auto/disconnectedHierarchicalSDF.xml
5 ms. Memory: 324608K Free: 221427K (68%)
----------------- Invoking toplevel() on ptolemy.moml.MoMLSimpleApplication@34a2e3de
----------------- Done invoking toplevel() on ptolemy.moml.MoMLSimpleApplication@34a2e3de
reloadAllAccessors: .disconnectedHierarchicalSDF

===========================================================================================
----------------- testing Thu Dec 26 07:05:30 UTC 2019 /home/travis/build/icyphy/ptII/ptolemy/domains/sdf/test/auto/disconnectedSDF.xml
----------------- Instantiating /home/travis/build/icyphy/ptII/ptolemy/domains/sdf/test/auto/disconnectedSDF.xml
2 ms. Memory: 324608K Free: 217345K (67%)
----------------- Invoking toplevel() on ptolemy.moml.MoMLSimpleApplication@68f5050b
----------------- Done invoking toplevel() on ptolemy.moml.MoMLSimpleApplication@68f5050b
reloadAllAccessors: .disconnectedSDF

===========================================================================================
----------------- testing Thu Dec 26 07:05:30 UTC 2019 /home/travis/build/icyphy/ptII/ptolemy/domains/sdf/test/auto/emptyRefinement.xml
----------------- Instantiating /home/travis/build/icyphy/ptII/ptolemy/domains/sdf/test/auto/emptyRefinement.xml
3 ms. Memory: 324608K Free: 213219K (66%)
----------------- Invoking toplevel() on ptolemy.moml.MoMLSimpleApplication@6067cb2f
----------------- Done invoking toplevel() on ptolemy.moml.MoMLSimpleApplication@6067cb2f
reloadAllAccessors: .emptyRefinement

===========================================================================================
----------------- testing Thu Dec 26 07:05:30 UTC 2019 /home/travis/build/icyphy/ptII/ptolemy/domains/sdf/test/auto/filePortParameter.xml
----------------- Instantiating /home/travis/build/icyphy/ptII/ptolemy/domains/sdf/test/auto/filePortParameter.xml
7 ms. Memory: 324608K Free: 205571K (63%)
----------------- Invoking toplevel() on ptolemy.moml.MoMLSimpleApplication@5880052a
----------------- Done invoking toplevel() on ptolemy.moml.MoMLSimpleApplication@5880052a
reloadAllAccessors: .filePortParameter

===========================================================================================
----------------- testing Thu Dec 26 07:05:30 UTC 2019 /home/travis/build/icyphy/ptII/ptolemy/domains/sdf/test/auto/inferRelationWidth1.xml
----------------- Instantiating /home/travis/build/icyphy/ptII/ptolemy/domains/sdf/test/auto/inferRelationWidth1.xml
2 ms. Memory: 324608K Free: 202499K (62%)
----------------- Invoking toplevel() on ptolemy.moml.MoMLSimpleApplication@4327a90b
----------------- Done invoking toplevel() on ptolemy.moml.MoMLSimpleApplication@4327a90b
reloadAllAccessors: .inferRelationWidth1

===========================================================================================
----------------- testing Thu Dec 26 07:05:30 UTC 2019 /home/travis/build/icyphy/ptII/ptolemy/domains/sdf/test/auto/initProductionInference.xml
----------------- Instantiating /home/travis/build/icyphy/ptII/ptolemy/domains/sdf/test/auto/initProductionInference.xml
6 ms. Memory: 324608K Free: 198403K (61%)
----------------- Invoking toplevel() on ptolemy.moml.MoMLSimpleApplication@43754d5e
----------------- Done invoking toplevel() on ptolemy.moml.MoMLSimpleApplication@43754d5e
reloadAllAccessors: .initProductionInference

===========================================================================================
----------------- testing Thu Dec 26 07:05:30 UTC 2019 /home/travis/build/icyphy/ptII/ptolemy/domains/sdf/test/auto/relationGroup.xml
----------------- Instantiating /home/travis/build/icyphy/ptII/ptolemy/domains/sdf/test/auto/relationGroup.xml
2 ms. Memory: 324608K Free: 195331K (60%)
----------------- Invoking toplevel() on ptolemy.moml.MoMLSimpleApplication@617ade6b
----------------- Done invoking toplevel() on ptolemy.moml.MoMLSimpleApplication@617ade6b
reloadAllAccessors: .relationGroup

===========================================================================================
----------------- testing Thu Dec 26 07:05:30 UTC 2019 /home/travis/build/icyphy/ptII/ptolemy/domains/sdf/test/auto/relationGroup10.xml
----------------- Instantiating /home/travis/build/icyphy/ptII/ptolemy/domains/sdf/test/auto/relationGroup10.xml
2 ms. Memory: 324608K Free: 191745K (59%)
----------------- Invoking toplevel() on ptolemy.moml.MoMLSimpleApplication@2bb4af72
----------------- Done invoking toplevel() on ptolemy.moml.MoMLSimpleApplication@2bb4af72
reloadAllAccessors: .relationGroup10

===========================================================================================
----------------- testing Thu Dec 26 07:05:30 UTC 2019 /home/travis/build/icyphy/ptII/ptolemy/domains/sdf/test/auto/relationGroup11.xml
----------------- Instantiating /home/travis/build/icyphy/ptII/ptolemy/domains/sdf/test/auto/relationGroup11.xml
2 ms. Memory: 324608K Free: 188163K (58%)
----------------- Invoking toplevel() on ptolemy.moml.MoMLSimpleApplication@2f4b442e
----------------- Done invoking toplevel() on ptolemy.moml.MoMLSimpleApplication@2f4b442e
reloadAllAccessors: .relationGroup11

===========================================================================================
----------------- testing Thu Dec 26 07:05:30 UTC 2019 /home/travis/build/icyphy/ptII/ptolemy/domains/sdf/test/auto/relationGroup12.xml
----------------- Instantiating /home/travis/build/icyphy/ptII/ptolemy/domains/sdf/test/auto/relationGroup12.xml
2 ms. Memory: 324608K Free: 184577K (57%)
----------------- Invoking toplevel() on ptolemy.moml.MoMLSimpleApplication@79be2b04
----------------- Done invoking toplevel() on ptolemy.moml.MoMLSimpleApplication@79be2b04
reloadAllAccessors: .relationGroup12

===========================================================================================
----------------- testing Thu Dec 26 07:05:30 UTC 2019 /home/travis/build/icyphy/ptII/ptolemy/domains/sdf/test/auto/relationGroup13.xml
----------------- Instantiating /home/travis/build/icyphy/ptII/ptolemy/domains/sdf/test/auto/relationGroup13.xml
5 ms. Memory: 324608K Free: 179971K (55%)
----------------- Invoking toplevel() on ptolemy.moml.MoMLSimpleApplication@735aa7a8
----------------- Done invoking toplevel() on ptolemy.moml.MoMLSimpleApplication@735aa7a8
reloadAllAccessors: .relationGroup13

===========================================================================================
----------------- testing Thu Dec 26 07:05:30 UTC 2019 /home/travis/build/icyphy/ptII/ptolemy/domains/sdf/test/auto/relationGroup14.xml
----------------- Instantiating /home/travis/build/icyphy/ptII/ptolemy/domains/sdf/test/auto/relationGroup14.xml
3 ms. Memory: 324608K Free: 175361K (54%)
----------------- Invoking toplevel() on ptolemy.moml.MoMLSimpleApplication@6a89c405
----------------- Done invoking toplevel() on ptolemy.moml.MoMLSimpleApplication@6a89c405
reloadAllAccessors: .relationGroup14

===========================================================================================
----------------- testing Thu Dec 26 07:05:30 UTC 2019 /home/travis/build/icyphy/ptII/ptolemy/domains/sdf/test/auto/relationGroup15.xml
----------------- Instantiating /home/travis/build/icyphy/ptII/ptolemy/domains/sdf/test/auto/relationGroup15.xml
1 ms. Memory: 324608K Free: 171779K (53%)
----------------- Invoking toplevel() on ptolemy.moml.MoMLSimpleApplication@2afdbc56
----------------- Done invoking toplevel() on ptolemy.moml.MoMLSimpleApplication@2afdbc56
reloadAllAccessors: .relationGroup15

===========================================================================================
----------------- testing Thu Dec 26 07:05:30 UTC 2019 /home/travis/build/icyphy/ptII/ptolemy/domains/sdf/test/auto/relationGroup2.xml
----------------- Instantiating /home/travis/build/icyphy/ptII/ptolemy/domains/sdf/test/auto/relationGroup2.xml
1 ms. Memory: 324608K Free: 168707K (52%)
----------------- Invoking toplevel() on ptolemy.moml.MoMLSimpleApplication@2e6dff8f
----------------- Done invoking toplevel() on ptolemy.moml.MoMLSimpleApplication@2e6dff8f
reloadAllAccessors: .relationGroup2

===========================================================================================
----------------- testing Thu Dec 26 07:05:30 UTC 2019 /home/travis/build/icyphy/ptII/ptolemy/domains/sdf/test/auto/relationGroup3.xml
----------------- Instantiating /home/travis/build/icyphy/ptII/ptolemy/domains/sdf/test/auto/relationGroup3.xml
2 ms. Memory: 324608K Free: 165635K (51%)
----------------- Invoking toplevel() on ptolemy.moml.MoMLSimpleApplication@326acd8f
----------------- Done invoking toplevel() on ptolemy.moml.MoMLSimpleApplication@326acd8f
reloadAllAccessors: .relationGroup3

===========================================================================================
----------------- testing Thu Dec 26 07:05:30 UTC 2019 /home/travis/build/icyphy/ptII/ptolemy/domains/sdf/test/auto/relationGroup4.xml
----------------- Instantiating /home/travis/build/icyphy/ptII/ptolemy/domains/sdf/test/auto/relationGroup4.xml
6 ms. Memory: 324608K Free: 162019K (50%)
----------------- Invoking toplevel() on ptolemy.moml.MoMLSimpleApplication@6c512384
----------------- Done invoking toplevel() on ptolemy.moml.MoMLSimpleApplication@6c512384
reloadAllAccessors: .relationGroup4

===========================================================================================
----------------- testing Thu Dec 26 07:05:30 UTC 2019 /home/travis/build/icyphy/ptII/ptolemy/domains/sdf/test/auto/relationGroup5.xml
----------------- Instantiating /home/travis/build/icyphy/ptII/ptolemy/domains/sdf/test/auto/relationGroup5.xml
3 ms. Memory: 324608K Free: 157923K (49%)
----------------- Invoking toplevel() on ptolemy.moml.MoMLSimpleApplication@126d275a
----------------- Done invoking toplevel() on ptolemy.moml.MoMLSimpleApplication@126d275a
reloadAllAccessors: .relationGroup5

===========================================================================================
----------------- testing Thu Dec 26 07:05:30 UTC 2019 /home/travis/build/icyphy/ptII/ptolemy/domains/sdf/test/auto/relationGroup6.xml
----------------- Instantiating /home/travis/build/icyphy/ptII/ptolemy/domains/sdf/test/auto/relationGroup6.xml
3 ms. Memory: 324608K Free: 153347K (47%)
----------------- Invoking toplevel() on ptolemy.moml.MoMLSimpleApplication@3fc4e28a
----------------- Done invoking toplevel() on ptolemy.moml.MoMLSimpleApplication@3fc4e28a
reloadAllAccessors: .relationGroup6

===========================================================================================
----------------- testing Thu Dec 26 07:05:30 UTC 2019 /home/travis/build/icyphy/ptII/ptolemy/domains/sdf/test/auto/relationGroup7.xml
----------------- Instantiating /home/travis/build/icyphy/ptII/ptolemy/domains/sdf/test/auto/relationGroup7.xml
2 ms. Memory: 324608K Free: 150275K (46%)
----------------- Invoking toplevel() on ptolemy.moml.MoMLSimpleApplication@35a4ae94
----------------- Done invoking toplevel() on ptolemy.moml.MoMLSimpleApplication@35a4ae94
reloadAllAccessors: .relationGroup7

===========================================================================================
----------------- testing Thu Dec 26 07:05:30 UTC 2019 /home/travis/build/icyphy/ptII/ptolemy/domains/sdf/test/auto/relationGroup8.xml
----------------- Instantiating /home/travis/build/icyphy/ptII/ptolemy/domains/sdf/test/auto/relationGroup8.xml
1 ms. Memory: 324608K Free: 147203K (45%)
----------------- Invoking toplevel() on ptolemy.moml.MoMLSimpleApplication@3c4be5b5
----------------- Done invoking toplevel() on ptolemy.moml.MoMLSimpleApplication@3c4be5b5
reloadAllAccessors: .relationGroup8

===========================================================================================
----------------- testing Thu Dec 26 07:05:30 UTC 2019 /home/travis/build/icyphy/ptII/ptolemy/domains/sdf/test/auto/relationGroup9.xml
----------------- Instantiating /home/travis/build/icyphy/ptII/ptolemy/domains/sdf/test/auto/relationGroup9.xml
4 ms. Memory: 324608K Free: 142593K (44%)
----------------- Invoking toplevel() on ptolemy.moml.MoMLSimpleApplication@2dfb2016
----------------- Done invoking toplevel() on ptolemy.moml.MoMLSimpleApplication@2dfb2016
reloadAllAccessors: .relationGroup9

===========================================================================================
----------------- testing Thu Dec 26 07:05:30 UTC 2019 /home/travis/build/icyphy/ptII/ptolemy/domains/sdf/test/auto/sdf_inside_de.xml
----------------- Instantiating /home/travis/build/icyphy/ptII/ptolemy/domains/sdf/test/auto/sdf_inside_de.xml
10 ms. Memory: 324608K Free: 133891K (41%)
----------------- Invoking toplevel() on ptolemy.moml.MoMLSimpleApplication@4d277d02
----------------- Done invoking toplevel() on ptolemy.moml.MoMLSimpleApplication@4d277d02
reloadAllAccessors: .sdf_inside_de

===========================================================================================
----------------- testing Thu Dec 26 07:05:30 UTC 2019 /home/travis/build/icyphy/ptII/ptolemy/domains/sdf/test/auto/sdf_inside_pn.xml
----------------- Instantiating /home/travis/build/icyphy/ptII/ptolemy/domains/sdf/test/auto/sdf_inside_pn.xml
39 ms. Memory: 324608K Free: 124675K (38%)
----------------- Invoking toplevel() on ptolemy.moml.MoMLSimpleApplication@7bae687d
----------------- Done invoking toplevel() on ptolemy.moml.MoMLSimpleApplication@7bae687d
reloadAllAccessors: .sdf_inside_pn

===========================================================================================
----------------- testing Thu Dec 26 07:05:30 UTC 2019 /home/travis/build/icyphy/ptII/ptolemy/domains/sdf/test/auto/sdf_sdf1.xml
----------------- Instantiating /home/travis/build/icyphy/ptII/ptolemy/domains/sdf/test/auto/sdf_sdf1.xml
3 ms. Memory: 324608K Free: 118531K (37%)
----------------- Invoking toplevel() on ptolemy.moml.MoMLSimpleApplication@f074bd5
----------------- Done invoking toplevel() on ptolemy.moml.MoMLSimpleApplication@f074bd5
reloadAllAccessors: .sdf_sdf1

===========================================================================================
----------------- testing Thu Dec 26 07:05:30 UTC 2019 /home/travis/build/icyphy/ptII/ptolemy/domains/sdf/test/auto/test1.xml
----------------- Instantiating /home/travis/build/icyphy/ptII/ptolemy/domains/sdf/test/auto/test1.xml
3 ms. Memory: 324608K Free: 113411K (35%)
----------------- Invoking toplevel() on ptolemy.moml.MoMLSimpleApplication@300a4e66
----------------- Done invoking toplevel() on ptolemy.moml.MoMLSimpleApplication@300a4e66
reloadAllAccessors: .test1

===========================================================================================
----------------- testing Thu Dec 26 07:05:30 UTC 2019 /home/travis/build/icyphy/ptII/ptolemy/domains/sdf/test/auto/time1.xml
----------------- Instantiating /home/travis/build/icyphy/ptII/ptolemy/domains/sdf/test/auto/time1.xml
2 ms. Memory: 324608K Free: 302755K (93%)
----------------- Invoking toplevel() on ptolemy.moml.MoMLSimpleApplication@6085c9c7
----------------- Done invoking toplevel() on ptolemy.moml.MoMLSimpleApplication@6085c9c7
reloadAllAccessors: .time1

===========================================================================================
----------------- testing Thu Dec 26 07:05:30 UTC 2019 /home/travis/build/icyphy/ptII/ptolemy/domains/sdf/test/auto/time2.xml
----------------- Instantiating /home/travis/build/icyphy/ptII/ptolemy/domains/sdf/test/auto/time2.xml
2 ms. Memory: 324608K Free: 299173K (92%)
----------------- Invoking toplevel() on ptolemy.moml.MoMLSimpleApplication@537b3fba
----------------- Done invoking toplevel() on ptolemy.moml.MoMLSimpleApplication@537b3fba
reloadAllAccessors: .time2

===========================================================================================
----------------- testing Thu Dec 26 07:05:30 UTC 2019 /home/travis/build/icyphy/ptII/ptolemy/domains/sdf/test/auto/time3.xml
----------------- Instantiating /home/travis/build/icyphy/ptII/ptolemy/domains/sdf/test/auto/time3.xml
5 ms. Memory: 324608K Free: 293539K (90%)
----------------- Invoking toplevel() on ptolemy.moml.MoMLSimpleApplication@60156750
----------------- Done invoking toplevel() on ptolemy.moml.MoMLSimpleApplication@60156750
reloadAllAccessors: .time3

===========================================================================================
----------------- testing Thu Dec 26 07:05:30 UTC 2019 /home/travis/build/icyphy/ptII/ptolemy/domains/sdf/test/auto/time4.xml
----------------- Instantiating /home/travis/build/icyphy/ptII/ptolemy/domains/sdf/test/auto/time4.xml
5 ms. Memory: 324608K Free: 287909K (89%)
----------------- Invoking toplevel() on ptolemy.moml.MoMLSimpleApplication@e6bd16
----------------- Done invoking toplevel() on ptolemy.moml.MoMLSimpleApplication@e6bd16
reloadAllAccessors: .time4

===========================================================================================
----------------- testing Thu Dec 26 07:05:30 UTC 2019 /home/travis/build/icyphy/ptII/ptolemy/domains/sdf/test/auto/time5.xml
----------------- Instantiating /home/travis/build/icyphy/ptII/ptolemy/domains/sdf/test/auto/time5.xml
4002 ms. Memory: 324608K Free: 284323K (88%)
----------------- Invoking toplevel() on ptolemy.moml.MoMLSimpleApplication@65fe525
----------------- Done invoking toplevel() on ptolemy.moml.MoMLSimpleApplication@65fe525
reloadAllAccessors: .time5

===========================================================================================
----------------- testing Thu Dec 26 07:05:34 UTC 2019 /home/travis/build/icyphy/ptII/ptolemy/domains/sdf/test/auto/typeSystem_Const_Integer_smallest_Type.xml
----------------- Instantiating /home/travis/build/icyphy/ptII/ptolemy/domains/sdf/test/auto/typeSystem_Const_Integer_smallest_Type.xml
5 ms. Memory: 324608K Free: 279717K (86%)
----------------- Invoking toplevel() on ptolemy.moml.MoMLSimpleApplication@6121495a
----------------- Done invoking toplevel() on ptolemy.moml.MoMLSimpleApplication@6121495a
reloadAllAccessors: .typeSystem_Const_Integer_smallest_Type

===========================================================================================
----------------- testing Thu Dec 26 07:05:34 UTC 2019 /home/travis/build/icyphy/ptII/ptolemy/domains/sdf/test/auto/typeSystem_declared_Inports_OutportTypeException.xml
----------------- Instantiating /home/travis/build/icyphy/ptII/ptolemy/domains/sdf/test/auto/typeSystem_declared_Inports_OutportTypeException.xml
.typeSystem_declared_Inports_OutportTypeException.TestExceptionAttribute: initialize() was not invoked, but wrapup() was.  This is unusual, but not always a problem.  For example, exporting JNLP will do this.
5 ms. Memory: 324608K Free: 275107K (85%)
----------------- Invoking toplevel() on ptolemy.moml.MoMLSimpleApplication@212deab8
----------------- Done invoking toplevel() on ptolemy.moml.MoMLSimpleApplication@212deab8
reloadAllAccessors: .typeSystem_declared_Inports_OutportTypeException

===========================================================================================
----------------- testing Thu Dec 26 07:05:34 UTC 2019 /home/travis/build/icyphy/ptII/ptolemy/domains/sdf/test/auto/typeSystem_oneDeclaredInportType_wrongTypeOutport.xml
----------------- Instantiating /home/travis/build/icyphy/ptII/ptolemy/domains/sdf/test/auto/typeSystem_oneDeclaredInportType_wrongTypeOutport.xml
3 ms. Memory: 324608K Free: 271011K (83%)
----------------- Invoking toplevel() on ptolemy.moml.MoMLSimpleApplication@463c9785
----------------- Done invoking toplevel() on ptolemy.moml.MoMLSimpleApplication@463c9785
reloadAllAccessors: .typeSystem_oneDeclaredInportType_wrongTypeOutport

===========================================================================================
----------------- testing Thu Dec 26 07:05:34 UTC 2019 /home/travis/build/icyphy/ptII/ptolemy/domains/sdf/test/auto/width.xml
----------------- Instantiating /home/travis/build/icyphy/ptII/ptolemy/domains/sdf/test/auto/width.xml
1 ms. Memory: 324608K Free: 267429K (82%)
----------------- Invoking toplevel() on ptolemy.moml.MoMLSimpleApplication@601b6a4e
----------------- Done invoking toplevel() on ptolemy.moml.MoMLSimpleApplication@601b6a4e
reloadAllAccessors: .width

===========================================================================================
----------------- testing Thu Dec 26 07:05:34 UTC 2019 /home/travis/build/icyphy/ptII/ptolemy/domains/sdf/test/auto/width2.xml
----------------- Instantiating /home/travis/build/icyphy/ptII/ptolemy/domains/sdf/test/auto/width2.xml
26 ms. Memory: 324608K Free: 262309K (81%)
----------------- Invoking toplevel() on ptolemy.moml.MoMLSimpleApplication@2cf29331
----------------- Done invoking toplevel() on ptolemy.moml.MoMLSimpleApplication@2cf29331
reloadAllAccessors: .width2

===========================================================================================
----------------- testing Thu Dec 26 07:05:34 UTC 2019 /home/travis/build/icyphy/ptII/ptolemy/domains/sdf/test/auto/width3.xml
----------------- Instantiating /home/travis/build/icyphy/ptII/ptolemy/domains/sdf/test/auto/width3.xml
28 ms. Memory: 324608K Free: 257699K (79%)
----------------- Invoking toplevel() on ptolemy.moml.MoMLSimpleApplication@4f4ffaca
----------------- Done invoking toplevel() on ptolemy.moml.MoMLSimpleApplication@4f4ffaca
reloadAllAccessors: .width3
AutoTests.java: About to close Vertx.
AutoTests.java: Vertx closed.
]]></system-out>
  <system-err><![CDATA[java.lang.RuntimeException: Execution failed
	at ptolemy.moml.MoMLSimpleApplication$UnloadThread.run(MoMLSimpleApplication.java:402)
Caused by: ptolemy.actor.sched.NotSchedulableException: No solution exists for the balance equations.
Graph is not consistent under the SDF domain detected on external port .rateConsistency.actor.port2
  in .rateConsistency.SDF Director.Scheduler
	at ptolemy.domains.sdf.kernel.SDFScheduler._propagatePort(SDFScheduler.java:1425)
	at ptolemy.domains.sdf.kernel.SDFScheduler._solveBalanceEquations(SDFScheduler.java:710)
	at ptolemy.domains.sdf.kernel.SDFScheduler._getSchedule(SDFScheduler.java:566)
	at ptolemy.actor.sched.Scheduler.getSchedule(Scheduler.java:189)
	at ptolemy.domains.sdf.kernel.SDFDirector.createSchedule(SDFDirector.java:408)
	at ptolemy.domains.sdf.kernel.SDFDirector.preinitialize(SDFDirector.java:764)
	at ptolemy.actor.CompositeActor.preinitialize(CompositeActor.java:1828)
	at ptolemy.actor.Manager.preinitializeAndResolveTypes(Manager.java:1040)
	at ptolemy.actor.Manager.initialize(Manager.java:710)
	at ptolemy.actor.Manager.execute(Manager.java:356)
	at ptolemy.actor.Manager.run(Manager.java:1263)
	at ptolemy.actor.Manager$PtolemyRunThread.run(Manager.java:1933)
java.lang.RuntimeException: Execution failed
	at ptolemy.moml.MoMLSimpleApplication$UnloadThread.run(MoMLSimpleApplication.java:402)
Caused by: ptolemy.kernel.util.IllegalActionException: Failed to compute schedule:
  in .badRateChanges.typed composite actor.SDF Director
Because:
The SDF rate parameter may change. This is not allowed in SDF models that will be run through the code generator.  If you don't care about code generation, then you might consider setting the allowRateChanges parameter of the SDF director to false.
  in .badRateChanges.typed composite actor.Repeat.output.tokenProductionRate
	at ptolemy.domains.sdf.kernel.SDFDirector.createSchedule(SDFDirector.java:418)
	at ptolemy.domains.sdf.kernel.SDFDirector.preinitialize(SDFDirector.java:764)
	at ptolemy.actor.CompositeActor.preinitialize(CompositeActor.java:1828)
	at ptolemy.actor.Director.preinitialize(Director.java:1302)
	at ptolemy.actor.Director.preinitialize(Director.java:1257)
	at ptolemy.domains.sdf.kernel.SDFDirector.preinitialize(SDFDirector.java:763)
	at ptolemy.actor.CompositeActor.preinitialize(CompositeActor.java:1828)
	at ptolemy.actor.Manager.preinitializeAndResolveTypes(Manager.java:1040)
	at ptolemy.actor.Manager.initialize(Manager.java:710)
	at ptolemy.actor.Manager.execute(Manager.java:356)
	at ptolemy.actor.Manager.run(Manager.java:1263)
	at ptolemy.actor.Manager$PtolemyRunThread.run(Manager.java:1933)
Caused by: ptolemy.kernel.util.IllegalActionException: The SDF rate parameter may change. This is not allowed in SDF models that will be run through the code generator.  If you don't care about code generation, then you might consider setting the allowRateChanges parameter of the SDF director to false.
  in .badRateChanges.typed composite actor.Repeat.output.tokenProductionRate
	at ptolemy.domains.sdf.kernel.SDFScheduler._assertDynamicRateVariable(SDFScheduler.java:931)
	at ptolemy.domains.sdf.kernel.SDFScheduler._checkDynamicRateVariables(SDFScheduler.java:339)
	at ptolemy.domains.sdf.kernel.SDFScheduler._getSchedule(SDFScheduler.java:527)
	at ptolemy.actor.sched.Scheduler.getSchedule(Scheduler.java:189)
	at ptolemy.domains.sdf.kernel.SDFDirector.createSchedule(SDFDirector.java:408)
	... 11 more
java.lang.RuntimeException: Execution failed
	at ptolemy.moml.MoMLSimpleApplication$UnloadThread.run(MoMLSimpleApplication.java:402)
Caused by: ptolemy.kernel.util.IllegalActionException: Failed to compute schedule:
  in .badRateChanges2.typed composite actor.SDF Director
Because:
The SDF rate parameter may change. This is not allowed in SDF models that will be run through the code generator.  If you don't care about code generation, then you might consider setting the allowRateChanges parameter of the SDF director to false.
  in .badRateChanges2.typed composite actor.Repeat.output.tokenProductionRate
	at ptolemy.domains.sdf.kernel.SDFDirector.createSchedule(SDFDirector.java:418)
	at ptolemy.domains.sdf.kernel.SDFDirector.preinitialize(SDFDirector.java:764)
	at ptolemy.actor.CompositeActor.preinitialize(CompositeActor.java:1828)
	at ptolemy.actor.Director.preinitialize(Director.java:1302)
	at ptolemy.actor.Director.preinitialize(Director.java:1257)
	at ptolemy.domains.sdf.kernel.SDFDirector.preinitialize(SDFDirector.java:763)
	at ptolemy.actor.CompositeActor.preinitialize(CompositeActor.java:1828)
	at ptolemy.actor.Manager.preinitializeAndResolveTypes(Manager.java:1040)
	at ptolemy.actor.Manager.initialize(Manager.java:710)
	at ptolemy.actor.Manager.execute(Manager.java:356)
	at ptolemy.actor.Manager.run(Manager.java:1263)
	at ptolemy.actor.Manager$PtolemyRunThread.run(Manager.java:1933)
Caused by: ptolemy.kernel.util.IllegalActionException: The SDF rate parameter may change. This is not allowed in SDF models that will be run through the code generator.  If you don't care about code generation, then you might consider setting the allowRateChanges parameter of the SDF director to false.
  in .badRateChanges2.typed composite actor.Repeat.output.tokenProductionRate
	at ptolemy.domains.sdf.kernel.SDFScheduler._assertDynamicRateVariable(SDFScheduler.java:931)
	at ptolemy.domains.sdf.kernel.SDFScheduler._checkDynamicRateVariables(SDFScheduler.java:339)
	at ptolemy.domains.sdf.kernel.SDFScheduler._getSchedule(SDFScheduler.java:527)
	at ptolemy.actor.sched.Scheduler.getSchedule(Scheduler.java:189)
	at ptolemy.domains.sdf.kernel.SDFDirector.createSchedule(SDFDirector.java:408)
	... 11 more
java.lang.RuntimeException: Execution failed
	at ptolemy.moml.MoMLSimpleApplication$UnloadThread.run(MoMLSimpleApplication.java:402)
Caused by: ptolemy.actor.sched.NotSchedulableException: Actors remain that cannot be scheduled!

There are several possible reasons:
* SDF Graphs with feedback loops should have an actor with a delay in the loop, such as a SampleDelay.
* The SDF director has an "allowDisconnectedGraphs"parameter, which, when true, permits disconnected SDF graphs.
* The token consumption rate and production rates might be mismatched.
Usually, actors produce one token or consume one token on a port.  To produce or consume multiple tokens per firing, add a "tokenConsumptionRate" or "tokenProductionRate" parameter to the appropriate port.
Unscheduled actors:
.partiallyConnected.Const2 
Scheduled actors:
.partiallyConnected.Const 
  in .partiallyConnected.SDF Director.Scheduler
	at ptolemy.domains.sdf.kernel.SDFScheduler._scheduleConnectedActors(SDFScheduler.java:1828)
	at ptolemy.domains.sdf.kernel.SDFScheduler._getSchedule(SDFScheduler.java:587)
	at ptolemy.actor.sched.Scheduler.getSchedule(Scheduler.java:189)
	at ptolemy.domains.sdf.kernel.SDFDirector.createSchedule(SDFDirector.java:408)
	at ptolemy.domains.sdf.kernel.SDFDirector.preinitialize(SDFDirector.java:764)
	at ptolemy.actor.CompositeActor.preinitialize(CompositeActor.java:1828)
	at ptolemy.actor.Manager.preinitializeAndResolveTypes(Manager.java:1040)
	at ptolemy.actor.Manager.initialize(Manager.java:710)
	at ptolemy.actor.Manager.execute(Manager.java:356)
	at ptolemy.actor.Manager.run(Manager.java:1263)
	at ptolemy.actor.Manager$PtolemyRunThread.run(Manager.java:1933)
]]></system-err>
</testsuite>
