<?xml version="1.0" encoding="UTF-8" ?>
<testsuite errors="0" failures="0" hostname="travis-job-d6eaf2e1-9229-4a9f-a5dd-a696cdf24984" name="ptolemy.domains.hdf.kernel.test.junit.JUnitTclTest" skipped="0" tests="39" time="6.35" timestamp="2019-11-08T06:16:26">
  <properties>
[...]
</properties>
  <testcase classname="ptolemy.util.test.junit.TclTests" name="[0] /home/travis/build/icyphy/ptII/ptolemy/domains/hdf/kernel/test/RateErrorChecking.tcl (RunTclFile)" time="0.231" />
  <testcase classname="ptolemy.util.test.junit.AutoKnownFailedTests" name="[0] /home/travis/build/icyphy/ptII/ptolemy/domains/hdf/kernel/test/auto/knownFailedTests/badFSMRateChanges.xml (RunModel)" time="0.648" />
  <testcase classname="ptolemy.util.test.junit.AutoNameArchTests" name="[0] ThereAreNoAutoArchTests (RunModel)" time="0.002" />
  <testcase classname="ptolemy.util.test.junit.AutoTests" name="[0] /home/travis/build/icyphy/ptII/ptolemy/domains/hdf/kernel/test/auto/ConstVariableRateTest.xml (RunModel)" time="0.283" />
  <testcase classname="ptolemy.util.test.junit.AutoTests" name="[1] /home/travis/build/icyphy/ptII/ptolemy/domains/hdf/kernel/test/auto/DifferentRefinedRates.xml (RunModel)" time="0.17" />
  <testcase classname="ptolemy.util.test.junit.AutoTests" name="[2] /home/travis/build/icyphy/ptII/ptolemy/domains/hdf/kernel/test/auto/DifferentRefinedRates2.xml (RunModel)" time="0.184" />
  <testcase classname="ptolemy.util.test.junit.AutoTests" name="[3] /home/travis/build/icyphy/ptII/ptolemy/domains/hdf/kernel/test/auto/DifferentRefinedRates3.xml (RunModel)" time="0.119" />
  <testcase classname="ptolemy.util.test.junit.AutoTests" name="[4] /home/travis/build/icyphy/ptII/ptolemy/domains/hdf/kernel/test/auto/DifferentRefinedRates4.xml (RunModel)" time="0.188" />
  <testcase classname="ptolemy.util.test.junit.AutoTests" name="[5] /home/travis/build/icyphy/ptII/ptolemy/domains/hdf/kernel/test/auto/DifferentRefinedRates5.xml (RunModel)" time="0.125" />
  <testcase classname="ptolemy.util.test.junit.AutoTests" name="[6] /home/travis/build/icyphy/ptII/ptolemy/domains/hdf/kernel/test/auto/DifferentRefinedRates6.xml (RunModel)" time="0.09" />
  <testcase classname="ptolemy.util.test.junit.AutoTests" name="[7] /home/travis/build/icyphy/ptII/ptolemy/domains/hdf/kernel/test/auto/DownSample_PowerOfTwo.xml (RunModel)" time="0.233" />
  <testcase classname="ptolemy.util.test.junit.AutoTests" name="[8] /home/travis/build/icyphy/ptII/ptolemy/domains/hdf/kernel/test/auto/FibonacciWithNullInitial.xml (RunModel)" time="0.216" />
  <testcase classname="ptolemy.util.test.junit.AutoTests" name="[9] /home/travis/build/icyphy/ptII/ptolemy/domains/hdf/kernel/test/auto/FibonacciWithNullInitial1.xml (RunModel)" time="0.152" />
  <testcase classname="ptolemy.util.test.junit.AutoTests" name="[10] /home/travis/build/icyphy/ptII/ptolemy/domains/hdf/kernel/test/auto/FibonacciWithTransientStates.xml (RunModel)" time="0.189" />
  <testcase classname="ptolemy.util.test.junit.AutoTests" name="[11] /home/travis/build/icyphy/ptII/ptolemy/domains/hdf/kernel/test/auto/FibonacciWithTransientStates2.xml (RunModel)" time="0.077" />
  <testcase classname="ptolemy.util.test.junit.AutoTests" name="[12] /home/travis/build/icyphy/ptII/ptolemy/domains/hdf/kernel/test/auto/FibonacciWithoutHistoryInitial.xml (RunModel)" time="0.174" />
  <testcase classname="ptolemy.util.test.junit.AutoTests" name="[13] /home/travis/build/icyphy/ptII/ptolemy/domains/hdf/kernel/test/auto/GuardUsingPastTokens.xml (RunModel)" time="0.1" />
  <testcase classname="ptolemy.util.test.junit.AutoTests" name="[14] /home/travis/build/icyphy/ptII/ptolemy/domains/hdf/kernel/test/auto/GuardWithResets.xml (RunModel)" time="0.121" />
  <testcase classname="ptolemy.util.test.junit.AutoTests" name="[15] /home/travis/build/icyphy/ptII/ptolemy/domains/hdf/kernel/test/auto/Hierarchy_2Level_Test1.xml (RunModel)" time="0.074" />
  <testcase classname="ptolemy.util.test.junit.AutoTests" name="[16] /home/travis/build/icyphy/ptII/ptolemy/domains/hdf/kernel/test/auto/Hierarchy_2Level_Test2.xml (RunModel)" time="0.085" />
  <testcase classname="ptolemy.util.test.junit.AutoTests" name="[17] /home/travis/build/icyphy/ptII/ptolemy/domains/hdf/kernel/test/auto/Hysteresis.xml (RunModel)" time="0.043" />
  <testcase classname="ptolemy.util.test.junit.AutoTests" name="[18] /home/travis/build/icyphy/ptII/ptolemy/domains/hdf/kernel/test/auto/InitTransient.xml (RunModel)" time="0.08" />
  <testcase classname="ptolemy.util.test.junit.AutoTests" name="[19] /home/travis/build/icyphy/ptII/ptolemy/domains/hdf/kernel/test/auto/Merge.xml (RunModel)" time="0.079" />
  <testcase classname="ptolemy.util.test.junit.AutoTests" name="[20] /home/travis/build/icyphy/ptII/ptolemy/domains/hdf/kernel/test/auto/ModalModelBooleanSwitch.xml (RunModel)" time="0.128" />
  <testcase classname="ptolemy.util.test.junit.AutoTests" name="[21] /home/travis/build/icyphy/ptII/ptolemy/domains/hdf/kernel/test/auto/SameRates.xml (RunModel)" time="0.061" />
  <testcase classname="ptolemy.util.test.junit.AutoTests" name="[22] /home/travis/build/icyphy/ptII/ptolemy/domains/hdf/kernel/test/auto/SameRefinedRates.xml (RunModel)" time="0.052" />
  <testcase classname="ptolemy.util.test.junit.AutoTests" name="[23] /home/travis/build/icyphy/ptII/ptolemy/domains/hdf/kernel/test/auto/SameRefinedRates2.xml (RunModel)" time="0.067" />
  <testcase classname="ptolemy.util.test.junit.AutoTests" name="[24] /home/travis/build/icyphy/ptII/ptolemy/domains/hdf/kernel/test/auto/TransientStates.xml (RunModel)" time="0.078" />
  <testcase classname="ptolemy.util.test.junit.AutoTests" name="[25] /home/travis/build/icyphy/ptII/ptolemy/domains/hdf/kernel/test/auto/TwoHammingCodec.xml (RunModel)" time="0.102" />
  <testcase classname="ptolemy.util.test.junit.AutoTests" name="[26] /home/travis/build/icyphy/ptII/ptolemy/domains/hdf/kernel/test/auto/TwoHammingCodec1.xml (RunModel)" time="0.091" />
  <testcase classname="ptolemy.util.test.junit.AutoTests" name="[27] /home/travis/build/icyphy/ptII/ptolemy/domains/hdf/kernel/test/auto/TwoLevelHierarchy.xml (RunModel)" time="0.169" />
  <testcase classname="ptolemy.util.test.junit.AutoTests" name="[28] /home/travis/build/icyphy/ptII/ptolemy/domains/hdf/kernel/test/auto/TwoLevelHierarchy1.xml (RunModel)" time="0.172" />
  <testcase classname="ptolemy.util.test.junit.AutoTests" name="[29] /home/travis/build/icyphy/ptII/ptolemy/domains/hdf/kernel/test/auto/TwoLevelHierarchy2.xml (RunModel)" time="0.157" />
  <testcase classname="ptolemy.util.test.junit.AutoTests" name="[30] /home/travis/build/icyphy/ptII/ptolemy/domains/hdf/kernel/test/auto/TwoLevelHierarchyNullStates.xml (RunModel)" time="0.19" />
  <testcase classname="ptolemy.util.test.junit.AutoTests" name="[31] /home/travis/build/icyphy/ptII/ptolemy/domains/hdf/kernel/test/auto/TwoLevelHierarchyWithResets.xml (RunModel)" time="0.205" />
  <testcase classname="ptolemy.util.test.junit.AutoTests" name="[32] /home/travis/build/icyphy/ptII/ptolemy/domains/hdf/kernel/test/auto/TwoLevelHierarchyWithResetsNullStates.xml (RunModel)" time="0.21" />
  <testcase classname="ptolemy.util.test.junit.AutoTests" name="[33] /home/travis/build/icyphy/ptII/ptolemy/domains/hdf/kernel/test/auto/WaterTank_HDF.xml (RunModel)" time="0.133" />
  <testcase classname="ptolemy.util.test.junit.AutoTests" name="[34] /home/travis/build/icyphy/ptII/ptolemy/domains/hdf/kernel/test/auto/WaterTank_HDF2.xml (RunModel)" time="0.138" />
  <testcase classname="ptolemy.util.test.junit.AutoTests" name="[35] /home/travis/build/icyphy/ptII/ptolemy/domains/hdf/kernel/test/auto/badFSMRateChanges.xml (RunModel)" time="0.062" />
  <system-out><![CDATA[/home/travis/build/icyphy/ptII/ptolemy/domains/hdf/kernel/test/RateErrorChecking.tcl
testDefs.tcl: setting time out to 9000 seconds at Fri Nov 08 06:16:26 UTC 2019


==== $PTII/ptolemy/domains/hdf/kernel/test/RateErrorChecking.tcl: RateErrorChecking-1.0 
==== Contents of test case:

    catch {createAndExecute "badFSMRateChanges.xml"} foo
    list $foo

==== Result was:
{java.io.FileNotFoundException: /home/travis/build/icyphy/ptII/ptolemy/domains/hdf/kernel/test/badFSMRateChanges.xml (No such file or directory)}
---- KNOWN Failure, Result should have been:
{ptolemy.kernel.util.IllegalActionException: Failed to compute schedule:
  in .badFSMRateChanges.SDF Director
Because:
The SDF rate parameter may change. This is not allowed in SDF models that will be run through the code generator.  If you don't care about code generation, then you might consider setting the allowRateChanges parameter of the SDF director to false.
    in .badFSMRateChanges.typed composite actor.output.tokenProductionRate}
---- RateErrorChecking-1.0 Failed, but this is a KNOWN failure
11/08/19 06:16:26
Failed: 0  Total Tests: 1  ((Passed: 0, Newly Passed: 0)  Known Failed: 1) /home/travis/build/icyphy/ptII/ptolemy/domains/hdf/kernel/test
----------------- testing (KnownFailure) /home/travis/build/icyphy/ptII/ptolemy/domains/hdf/kernel/test/auto/knownFailedTests/badFSMRateChanges.xml
231 ms. Memory: 120832K Free: 70600K (58%)
No auto/linux-amd64/*.xml tests in /home/travis/build/icyphy/ptII/ptolemy/domains/hdf/kernel/test
AutoTests.java: About to close Vertx.
AutoTests.java: Vertx closed.

===========================================================================================
----------------- testing Fri Nov 08 06:16:28 UTC 2019 /home/travis/build/icyphy/ptII/ptolemy/domains/hdf/kernel/test/auto/ConstVariableRateTest.xml
----------------- Instantiating /home/travis/build/icyphy/ptII/ptolemy/domains/hdf/kernel/test/auto/ConstVariableRateTest.xml
76 ms. Memory: 120832K Free: 85581K (71%)
----------------- Invoking toplevel() on ptolemy.moml.MoMLSimpleApplication@52d023cd
----------------- Done invoking toplevel() on ptolemy.moml.MoMLSimpleApplication@52d023cd
reloadAllAccessors: .ConstVariableRateTest

===========================================================================================
----------------- testing Fri Nov 08 06:16:28 UTC 2019 /home/travis/build/icyphy/ptII/ptolemy/domains/hdf/kernel/test/auto/DifferentRefinedRates.xml
----------------- Instantiating /home/travis/build/icyphy/ptII/ptolemy/domains/hdf/kernel/test/auto/DifferentRefinedRates.xml
72 ms. Memory: 120832K Free: 94885K (79%)
----------------- Invoking toplevel() on ptolemy.moml.MoMLSimpleApplication@1a9c75a7
----------------- Done invoking toplevel() on ptolemy.moml.MoMLSimpleApplication@1a9c75a7
reloadAllAccessors: .DifferentRefinedRates

===========================================================================================
----------------- testing Fri Nov 08 06:16:28 UTC 2019 /home/travis/build/icyphy/ptII/ptolemy/domains/hdf/kernel/test/auto/DifferentRefinedRates2.xml
----------------- Instantiating /home/travis/build/icyphy/ptII/ptolemy/domains/hdf/kernel/test/auto/DifferentRefinedRates2.xml
37 ms. Memory: 120832K Free: 80889K (67%)
----------------- Invoking toplevel() on ptolemy.moml.MoMLSimpleApplication@352a1582
----------------- Done invoking toplevel() on ptolemy.moml.MoMLSimpleApplication@352a1582
reloadAllAccessors: .DifferentRefinedRates2

===========================================================================================
----------------- testing Fri Nov 08 06:16:28 UTC 2019 /home/travis/build/icyphy/ptII/ptolemy/domains/hdf/kernel/test/auto/DifferentRefinedRates3.xml
----------------- Instantiating /home/travis/build/icyphy/ptII/ptolemy/domains/hdf/kernel/test/auto/DifferentRefinedRates3.xml
57 ms. Memory: 120832K Free: 69907K (58%)
----------------- Invoking toplevel() on ptolemy.moml.MoMLSimpleApplication@528c9ff6
----------------- Done invoking toplevel() on ptolemy.moml.MoMLSimpleApplication@528c9ff6
reloadAllAccessors: .DifferentRefinedRates3

===========================================================================================
----------------- testing Fri Nov 08 06:16:28 UTC 2019 /home/travis/build/icyphy/ptII/ptolemy/domains/hdf/kernel/test/auto/DifferentRefinedRates4.xml
----------------- Instantiating /home/travis/build/icyphy/ptII/ptolemy/domains/hdf/kernel/test/auto/DifferentRefinedRates4.xml
90 ms. Memory: 120832K Free: 94508K (78%)
----------------- Invoking toplevel() on ptolemy.moml.MoMLSimpleApplication@7803a33d
----------------- Done invoking toplevel() on ptolemy.moml.MoMLSimpleApplication@7803a33d
reloadAllAccessors: .NewHDFtest1

===========================================================================================
----------------- testing Fri Nov 08 06:16:28 UTC 2019 /home/travis/build/icyphy/ptII/ptolemy/domains/hdf/kernel/test/auto/DifferentRefinedRates5.xml
----------------- Instantiating /home/travis/build/icyphy/ptII/ptolemy/domains/hdf/kernel/test/auto/DifferentRefinedRates5.xml
29 ms. Memory: 120832K Free: 79132K (65%)
----------------- Invoking toplevel() on ptolemy.moml.MoMLSimpleApplication@38ec5634
----------------- Done invoking toplevel() on ptolemy.moml.MoMLSimpleApplication@38ec5634
reloadAllAccessors: .NewHDFtest2

===========================================================================================
----------------- testing Fri Nov 08 06:16:29 UTC 2019 /home/travis/build/icyphy/ptII/ptolemy/domains/hdf/kernel/test/auto/DifferentRefinedRates6.xml
----------------- Instantiating /home/travis/build/icyphy/ptII/ptolemy/domains/hdf/kernel/test/auto/DifferentRefinedRates6.xml
40 ms. Memory: 120832K Free: 66178K (55%)
----------------- Invoking toplevel() on ptolemy.moml.MoMLSimpleApplication@652320dd
----------------- Done invoking toplevel() on ptolemy.moml.MoMLSimpleApplication@652320dd
reloadAllAccessors: .DifferentRefinedRates6

===========================================================================================
----------------- testing Fri Nov 08 06:16:29 UTC 2019 /home/travis/build/icyphy/ptII/ptolemy/domains/hdf/kernel/test/auto/DownSample_PowerOfTwo.xml
----------------- Instantiating /home/travis/build/icyphy/ptII/ptolemy/domains/hdf/kernel/test/auto/DownSample_PowerOfTwo.xml
186 ms. Memory: 120832K Free: 91564K (76%)
----------------- Invoking toplevel() on ptolemy.moml.MoMLSimpleApplication@665b835d
----------------- Done invoking toplevel() on ptolemy.moml.MoMLSimpleApplication@665b835d
reloadAllAccessors: .SDFDownSample

===========================================================================================
----------------- testing Fri Nov 08 06:16:29 UTC 2019 /home/travis/build/icyphy/ptII/ptolemy/domains/hdf/kernel/test/auto/FibonacciWithNullInitial.xml
----------------- Instantiating /home/travis/build/icyphy/ptII/ptolemy/domains/hdf/kernel/test/auto/FibonacciWithNullInitial.xml
167 ms. Memory: 120832K Free: 67396K (56%)
----------------- Invoking toplevel() on ptolemy.moml.MoMLSimpleApplication@7f3a3b65
----------------- Done invoking toplevel() on ptolemy.moml.MoMLSimpleApplication@7f3a3b65
reloadAllAccessors: .FibonacciWithNullInitial

===========================================================================================
----------------- testing Fri Nov 08 06:16:29 UTC 2019 /home/travis/build/icyphy/ptII/ptolemy/domains/hdf/kernel/test/auto/FibonacciWithNullInitial1.xml
----------------- Instantiating /home/travis/build/icyphy/ptII/ptolemy/domains/hdf/kernel/test/auto/FibonacciWithNullInitial1.xml
116 ms. Memory: 120832K Free: 104634K (87%)
----------------- Invoking toplevel() on ptolemy.moml.MoMLSimpleApplication@534b5c64
----------------- Done invoking toplevel() on ptolemy.moml.MoMLSimpleApplication@534b5c64
reloadAllAccessors: .FibonacciWithNullInitial1

===========================================================================================
----------------- testing Fri Nov 08 06:16:29 UTC 2019 /home/travis/build/icyphy/ptII/ptolemy/domains/hdf/kernel/test/auto/FibonacciWithTransientStates.xml
----------------- Instantiating /home/travis/build/icyphy/ptII/ptolemy/domains/hdf/kernel/test/auto/FibonacciWithTransientStates.xml
142 ms. Memory: 120832K Free: 75885K (63%)
----------------- Invoking toplevel() on ptolemy.moml.MoMLSimpleApplication@6995facf
----------------- Done invoking toplevel() on ptolemy.moml.MoMLSimpleApplication@6995facf
reloadAllAccessors: .FibonacciWithTransientStates

===========================================================================================
----------------- testing Fri Nov 08 06:16:29 UTC 2019 /home/travis/build/icyphy/ptII/ptolemy/domains/hdf/kernel/test/auto/FibonacciWithTransientStates2.xml
----------------- Instantiating /home/travis/build/icyphy/ptII/ptolemy/domains/hdf/kernel/test/auto/FibonacciWithTransientStates2.xml
34 ms. Memory: 120832K Free: 54700K (45%)
----------------- Invoking toplevel() on ptolemy.moml.MoMLSimpleApplication@1b3fed9
----------------- Done invoking toplevel() on ptolemy.moml.MoMLSimpleApplication@1b3fed9
reloadAllAccessors: .FibonacciWithTransientStates2

===========================================================================================
----------------- testing Fri Nov 08 06:16:30 UTC 2019 /home/travis/build/icyphy/ptII/ptolemy/domains/hdf/kernel/test/auto/FibonacciWithoutHistoryInitial.xml
----------------- Instantiating /home/travis/build/icyphy/ptII/ptolemy/domains/hdf/kernel/test/auto/FibonacciWithoutHistoryInitial.xml
125 ms. Memory: 154624K Free: 131235K (85%)
----------------- Invoking toplevel() on ptolemy.moml.MoMLSimpleApplication@27eff6ac
----------------- Done invoking toplevel() on ptolemy.moml.MoMLSimpleApplication@27eff6ac
reloadAllAccessors: .FibonacciWithoutHistoryInitial

===========================================================================================
----------------- testing Fri Nov 08 06:16:30 UTC 2019 /home/travis/build/icyphy/ptII/ptolemy/domains/hdf/kernel/test/auto/GuardUsingPastTokens.xml
----------------- Instantiating /home/travis/build/icyphy/ptII/ptolemy/domains/hdf/kernel/test/auto/GuardUsingPastTokens.xml
29 ms. Memory: 154624K Free: 116288K (75%)
----------------- Invoking toplevel() on ptolemy.moml.MoMLSimpleApplication@53409a42
----------------- Done invoking toplevel() on ptolemy.moml.MoMLSimpleApplication@53409a42
reloadAllAccessors: .GuardUsingPastTokens

===========================================================================================
----------------- testing Fri Nov 08 06:16:30 UTC 2019 /home/travis/build/icyphy/ptII/ptolemy/domains/hdf/kernel/test/auto/GuardWithResets.xml
----------------- Instantiating /home/travis/build/icyphy/ptII/ptolemy/domains/hdf/kernel/test/auto/GuardWithResets.xml
38 ms. Memory: 154624K Free: 99415K (64%)
----------------- Invoking toplevel() on ptolemy.moml.MoMLSimpleApplication@7e4c0b1f
----------------- Done invoking toplevel() on ptolemy.moml.MoMLSimpleApplication@7e4c0b1f
reloadAllAccessors: .GuardWithResets

===========================================================================================
----------------- testing Fri Nov 08 06:16:30 UTC 2019 /home/travis/build/icyphy/ptII/ptolemy/domains/hdf/kernel/test/auto/Hierarchy_2Level_Test1.xml
----------------- Instantiating /home/travis/build/icyphy/ptII/ptolemy/domains/hdf/kernel/test/auto/Hierarchy_2Level_Test1.xml
23 ms. Memory: 154624K Free: 81924K (53%)
----------------- Invoking toplevel() on ptolemy.moml.MoMLSimpleApplication@21c5a4c0
----------------- Done invoking toplevel() on ptolemy.moml.MoMLSimpleApplication@21c5a4c0
reloadAllAccessors: .Hierarchy_2Level_Test1

===========================================================================================
----------------- testing Fri Nov 08 06:16:30 UTC 2019 /home/travis/build/icyphy/ptII/ptolemy/domains/hdf/kernel/test/auto/Hierarchy_2Level_Test2.xml
----------------- Instantiating /home/travis/build/icyphy/ptII/ptolemy/domains/hdf/kernel/test/auto/Hierarchy_2Level_Test2.xml
24 ms. Memory: 154624K Free: 64064K (41%)
----------------- Invoking toplevel() on ptolemy.moml.MoMLSimpleApplication@603ffd59
----------------- Done invoking toplevel() on ptolemy.moml.MoMLSimpleApplication@603ffd59
reloadAllAccessors: .Hierarchy_4Level_Test2

===========================================================================================
----------------- testing Fri Nov 08 06:16:30 UTC 2019 /home/travis/build/icyphy/ptII/ptolemy/domains/hdf/kernel/test/auto/Hysteresis.xml
----------------- Instantiating /home/travis/build/icyphy/ptII/ptolemy/domains/hdf/kernel/test/auto/Hysteresis.xml
13 ms. Memory: 154624K Free: 52333K (34%)
----------------- Invoking toplevel() on ptolemy.moml.MoMLSimpleApplication@331e71a6
----------------- Done invoking toplevel() on ptolemy.moml.MoMLSimpleApplication@331e71a6
reloadAllAccessors: .Hysteresis

===========================================================================================
----------------- testing Fri Nov 08 06:16:30 UTC 2019 /home/travis/build/icyphy/ptII/ptolemy/domains/hdf/kernel/test/auto/InitTransient.xml
----------------- Instantiating /home/travis/build/icyphy/ptII/ptolemy/domains/hdf/kernel/test/auto/InitTransient.xml
26 ms. Memory: 154624K Free: 123825K (80%)
----------------- Invoking toplevel() on ptolemy.moml.MoMLSimpleApplication@7df83560
----------------- Done invoking toplevel() on ptolemy.moml.MoMLSimpleApplication@7df83560
reloadAllAccessors: .InitTransient

===========================================================================================
----------------- testing Fri Nov 08 06:16:30 UTC 2019 /home/travis/build/icyphy/ptII/ptolemy/domains/hdf/kernel/test/auto/Merge.xml
----------------- Instantiating /home/travis/build/icyphy/ptII/ptolemy/domains/hdf/kernel/test/auto/Merge.xml
30 ms. Memory: 154624K Free: 106522K (69%)
----------------- Invoking toplevel() on ptolemy.moml.MoMLSimpleApplication@2c6a3ce9
----------------- Done invoking toplevel() on ptolemy.moml.MoMLSimpleApplication@2c6a3ce9
reloadAllAccessors: .Merge

===========================================================================================
----------------- testing Fri Nov 08 06:16:30 UTC 2019 /home/travis/build/icyphy/ptII/ptolemy/domains/hdf/kernel/test/auto/ModalModelBooleanSwitch.xml
----------------- Instantiating /home/travis/build/icyphy/ptII/ptolemy/domains/hdf/kernel/test/auto/ModalModelBooleanSwitch.xml
55 ms. Memory: 154624K Free: 87082K (56%)
----------------- Invoking toplevel() on ptolemy.moml.MoMLSimpleApplication@71fc00e5
----------------- Done invoking toplevel() on ptolemy.moml.MoMLSimpleApplication@71fc00e5
reloadAllAccessors: .BooleanSwitchWithModel

===========================================================================================
----------------- testing Fri Nov 08 06:16:30 UTC 2019 /home/travis/build/icyphy/ptII/ptolemy/domains/hdf/kernel/test/auto/SameRates.xml
----------------- Instantiating /home/travis/build/icyphy/ptII/ptolemy/domains/hdf/kernel/test/auto/SameRates.xml
20 ms. Memory: 154624K Free: 74740K (48%)
----------------- Invoking toplevel() on ptolemy.moml.MoMLSimpleApplication@5ac32ca3
----------------- Done invoking toplevel() on ptolemy.moml.MoMLSimpleApplication@5ac32ca3
reloadAllAccessors: .SameRates

===========================================================================================
----------------- testing Fri Nov 08 06:16:31 UTC 2019 /home/travis/build/icyphy/ptII/ptolemy/domains/hdf/kernel/test/auto/SameRefinedRates.xml
----------------- Instantiating /home/travis/build/icyphy/ptII/ptolemy/domains/hdf/kernel/test/auto/SameRefinedRates.xml
18 ms. Memory: 154624K Free: 61933K (40%)
----------------- Invoking toplevel() on ptolemy.moml.MoMLSimpleApplication@7c9f3415
----------------- Done invoking toplevel() on ptolemy.moml.MoMLSimpleApplication@7c9f3415
reloadAllAccessors: .SameRefinedRates

===========================================================================================
----------------- testing Fri Nov 08 06:16:31 UTC 2019 /home/travis/build/icyphy/ptII/ptolemy/domains/hdf/kernel/test/auto/SameRefinedRates2.xml
----------------- Instantiating /home/travis/build/icyphy/ptII/ptolemy/domains/hdf/kernel/test/auto/SameRefinedRates2.xml
31 ms. Memory: 154624K Free: 137538K (89%)
----------------- Invoking toplevel() on ptolemy.moml.MoMLSimpleApplication@157230c3
----------------- Done invoking toplevel() on ptolemy.moml.MoMLSimpleApplication@157230c3
reloadAllAccessors: .SameRefinedRates2

===========================================================================================
----------------- testing Fri Nov 08 06:16:31 UTC 2019 /home/travis/build/icyphy/ptII/ptolemy/domains/hdf/kernel/test/auto/TransientStates.xml
----------------- Instantiating /home/travis/build/icyphy/ptII/ptolemy/domains/hdf/kernel/test/auto/TransientStates.xml
33 ms. Memory: 154624K Free: 118133K (76%)
----------------- Invoking toplevel() on ptolemy.moml.MoMLSimpleApplication@39d0fc39
----------------- Done invoking toplevel() on ptolemy.moml.MoMLSimpleApplication@39d0fc39
reloadAllAccessors: .TransientStates

===========================================================================================
----------------- testing Fri Nov 08 06:16:31 UTC 2019 /home/travis/build/icyphy/ptII/ptolemy/domains/hdf/kernel/test/auto/TwoHammingCodec.xml
----------------- Instantiating /home/travis/build/icyphy/ptII/ptolemy/domains/hdf/kernel/test/auto/TwoHammingCodec.xml
44 ms. Memory: 154624K Free: 98213K (64%)
----------------- Invoking toplevel() on ptolemy.moml.MoMLSimpleApplication@54e6d8a4
----------------- Done invoking toplevel() on ptolemy.moml.MoMLSimpleApplication@54e6d8a4
reloadAllAccessors: .TwoHammingCodec

===========================================================================================
----------------- testing Fri Nov 08 06:16:31 UTC 2019 /home/travis/build/icyphy/ptII/ptolemy/domains/hdf/kernel/test/auto/TwoHammingCodec1.xml
----------------- Instantiating /home/travis/build/icyphy/ptII/ptolemy/domains/hdf/kernel/test/auto/TwoHammingCodec1.xml
42 ms. Memory: 154624K Free: 74554K (48%)
----------------- Invoking toplevel() on ptolemy.moml.MoMLSimpleApplication@2ccb75ff
----------------- Done invoking toplevel() on ptolemy.moml.MoMLSimpleApplication@2ccb75ff
reloadAllAccessors: .twoHammingCodec1

===========================================================================================
----------------- testing Fri Nov 08 06:16:31 UTC 2019 /home/travis/build/icyphy/ptII/ptolemy/domains/hdf/kernel/test/auto/TwoLevelHierarchy.xml
----------------- Instantiating /home/travis/build/icyphy/ptII/ptolemy/domains/hdf/kernel/test/auto/TwoLevelHierarchy.xml
55 ms. Memory: 154624K Free: 121303K (78%)
----------------- Invoking toplevel() on ptolemy.moml.MoMLSimpleApplication@1a8d5080
----------------- Done invoking toplevel() on ptolemy.moml.MoMLSimpleApplication@1a8d5080
reloadAllAccessors: .TwoLevelHierarchy

===========================================================================================
----------------- testing Fri Nov 08 06:16:31 UTC 2019 /home/travis/build/icyphy/ptII/ptolemy/domains/hdf/kernel/test/auto/TwoLevelHierarchy1.xml
----------------- Instantiating /home/travis/build/icyphy/ptII/ptolemy/domains/hdf/kernel/test/auto/TwoLevelHierarchy1.xml
73 ms. Memory: 154624K Free: 78791K (51%)
----------------- Invoking toplevel() on ptolemy.moml.MoMLSimpleApplication@2948bcd1
----------------- Done invoking toplevel() on ptolemy.moml.MoMLSimpleApplication@2948bcd1
reloadAllAccessors: .TwoLevelHierarchy1

===========================================================================================
----------------- testing Fri Nov 08 06:16:31 UTC 2019 /home/travis/build/icyphy/ptII/ptolemy/domains/hdf/kernel/test/auto/TwoLevelHierarchy2.xml
----------------- Instantiating /home/travis/build/icyphy/ptII/ptolemy/domains/hdf/kernel/test/auto/TwoLevelHierarchy2.xml
72 ms. Memory: 154624K Free: 134473K (87%)
----------------- Invoking toplevel() on ptolemy.moml.MoMLSimpleApplication@30547821
----------------- Done invoking toplevel() on ptolemy.moml.MoMLSimpleApplication@30547821
reloadAllAccessors: .TwoLevelHierarchy2

===========================================================================================
----------------- testing Fri Nov 08 06:16:31 UTC 2019 /home/travis/build/icyphy/ptII/ptolemy/domains/hdf/kernel/test/auto/TwoLevelHierarchyNullStates.xml
----------------- Instantiating /home/travis/build/icyphy/ptII/ptolemy/domains/hdf/kernel/test/auto/TwoLevelHierarchyNullStates.xml
68 ms. Memory: 154624K Free: 84769K (55%)
----------------- Invoking toplevel() on ptolemy.moml.MoMLSimpleApplication@6fec2154
----------------- Done invoking toplevel() on ptolemy.moml.MoMLSimpleApplication@6fec2154
reloadAllAccessors: .TwoLevelHierarchyNullStates

===========================================================================================
----------------- testing Fri Nov 08 06:16:32 UTC 2019 /home/travis/build/icyphy/ptII/ptolemy/domains/hdf/kernel/test/auto/TwoLevelHierarchyWithResets.xml
----------------- Instantiating /home/travis/build/icyphy/ptII/ptolemy/domains/hdf/kernel/test/auto/TwoLevelHierarchyWithResets.xml
100 ms. Memory: 154624K Free: 130036K (84%)
----------------- Invoking toplevel() on ptolemy.moml.MoMLSimpleApplication@64d38e55
----------------- Done invoking toplevel() on ptolemy.moml.MoMLSimpleApplication@64d38e55
reloadAllAccessors: .TwoLevelHierarchy1

===========================================================================================
----------------- testing Fri Nov 08 06:16:32 UTC 2019 /home/travis/build/icyphy/ptII/ptolemy/domains/hdf/kernel/test/auto/TwoLevelHierarchyWithResetsNullStates.xml
----------------- Instantiating /home/travis/build/icyphy/ptII/ptolemy/domains/hdf/kernel/test/auto/TwoLevelHierarchyWithResetsNullStates.xml
86 ms. Memory: 154624K Free: 70033K (45%)
----------------- Invoking toplevel() on ptolemy.moml.MoMLSimpleApplication@a192101
----------------- Done invoking toplevel() on ptolemy.moml.MoMLSimpleApplication@a192101
reloadAllAccessors: .TwoLevelHierarchyWithResetsNullStates

===========================================================================================
----------------- testing Fri Nov 08 06:16:32 UTC 2019 /home/travis/build/icyphy/ptII/ptolemy/domains/hdf/kernel/test/auto/WaterTank_HDF.xml
----------------- Instantiating /home/travis/build/icyphy/ptII/ptolemy/domains/hdf/kernel/test/auto/WaterTank_HDF.xml
67 ms. Memory: 154624K Free: 132124K (85%)
----------------- Invoking toplevel() on ptolemy.moml.MoMLSimpleApplication@54428adc
----------------- Done invoking toplevel() on ptolemy.moml.MoMLSimpleApplication@54428adc
reloadAllAccessors: .WaterTank_HDF

===========================================================================================
----------------- testing Fri Nov 08 06:16:32 UTC 2019 /home/travis/build/icyphy/ptII/ptolemy/domains/hdf/kernel/test/auto/WaterTank_HDF2.xml
----------------- Instantiating /home/travis/build/icyphy/ptII/ptolemy/domains/hdf/kernel/test/auto/WaterTank_HDF2.xml
53 ms. Memory: 154624K Free: 99139K (64%)
----------------- Invoking toplevel() on ptolemy.moml.MoMLSimpleApplication@9c1542f
----------------- Done invoking toplevel() on ptolemy.moml.MoMLSimpleApplication@9c1542f
reloadAllAccessors: .WaterTank_HDF2

===========================================================================================
----------------- testing Fri Nov 08 06:16:32 UTC 2019 /home/travis/build/icyphy/ptII/ptolemy/domains/hdf/kernel/test/auto/badFSMRateChanges.xml
----------------- Instantiating /home/travis/build/icyphy/ptII/ptolemy/domains/hdf/kernel/test/auto/badFSMRateChanges.xml
18 ms. Memory: 154624K Free: 84833K (55%)
----------------- Invoking toplevel() on ptolemy.moml.MoMLSimpleApplication@4d7b205
----------------- Done invoking toplevel() on ptolemy.moml.MoMLSimpleApplication@4d7b205
reloadAllAccessors: .badFSMRateChanges
AutoTests.java: About to close Vertx.
AutoTests.java: Vertx closed.
]]></system-out>
  <system-err><![CDATA[]]></system-err>
</testsuite>
