<?xml version="1.0" encoding="UTF-8" ?>
<testsuite errors="0" failures="0" hostname="travis-job-d7016708-1969-4dce-b85a-4cb5bcfc67a3" name="ptolemy.domains.de.test.junit.JUnitTclTest" skipped="0" tests="101" time="124.937" timestamp="2020-01-22T06:46:51">
  <properties>
[...]
</properties>
  <testcase classname="ptolemy.util.test.junit.TclTests" name="[0] /home/travis/build/icyphy/ptII/ptolemy/domains/de/test/DependencyLoop.tcl (RunTclFile)" time="1.005" />
  <testcase classname="ptolemy.util.test.junit.TclTests" name="[1] /home/travis/build/icyphy/ptII/ptolemy/domains/de/test/RunDETestsAsQSS.tcl (RunTclFile)" time="84.674" />
  <testcase classname="ptolemy.util.test.junit.AutoKnownFailedTests" name="[0] /home/travis/build/icyphy/ptII/ptolemy/domains/de/test/auto/knownFailedTests/DESDFClockTest.xml (RunModel)" time="2.075" />
  <testcase classname="ptolemy.util.test.junit.AutoKnownFailedTests" name="[1] /home/travis/build/icyphy/ptII/ptolemy/domains/de/test/auto/knownFailedTests/DirectFeedback.xml (RunModel)" time="0.018" />
  <testcase classname="ptolemy.util.test.junit.AutoKnownFailedTests" name="[2] /home/travis/build/icyphy/ptII/ptolemy/domains/de/test/auto/knownFailedTests/FSMSource.xml (RunModel)" time="0.025" />
  <testcase classname="ptolemy.util.test.junit.AutoKnownFailedTests" name="[3] /home/travis/build/icyphy/ptII/ptolemy/domains/de/test/auto/knownFailedTests/HierarchicalModel.xml (RunModel)" time="0.041" />
  <testcase classname="ptolemy.util.test.junit.AutoKnownFailedTests" name="[4] /home/travis/build/icyphy/ptII/ptolemy/domains/de/test/auto/knownFailedTests/dependencyLoop.xml (RunModel)" time="0.044" />
  <testcase classname="ptolemy.util.test.junit.AutoKnownFailedTests" name="[5] /home/travis/build/icyphy/ptII/ptolemy/domains/de/test/auto/knownFailedTests/dependencyLoop2.xml (RunModel)" time="0.049" />
  <testcase classname="ptolemy.util.test.junit.AutoNameArchTests" name="[0] ThereAreNoAutoArchTests (RunModel)" time="0.002" />
  <testcase classname="ptolemy.util.test.junit.AutoTests" name="[0] /home/travis/build/icyphy/ptII/ptolemy/domains/de/test/auto/ActorDepthCalculation_actorWithoutPorts.xml (RunModel)" time="0.013" />
  <testcase classname="ptolemy.util.test.junit.AutoTests" name="[1] /home/travis/build/icyphy/ptII/ptolemy/domains/de/test/auto/AssemblyLine.xml (RunModel)" time="0.016" />
  <testcase classname="ptolemy.util.test.junit.AutoTests" name="[2] /home/travis/build/icyphy/ptII/ptolemy/domains/de/test/auto/CQBug1.xml (RunModel)" time="0.01" />
  <testcase classname="ptolemy.util.test.junit.AutoTests" name="[3] /home/travis/build/icyphy/ptII/ptolemy/domains/de/test/auto/CancelFireAt.xml (RunModel)" time="0.006" />
  <testcase classname="ptolemy.util.test.junit.AutoTests" name="[4] /home/travis/build/icyphy/ptII/ptolemy/domains/de/test/auto/CausalityAndComposabilityAnalysis.xml (RunModel)" time="0.023" />
  <testcase classname="ptolemy.util.test.junit.AutoTests" name="[5] /home/travis/build/icyphy/ptII/ptolemy/domains/de/test/auto/CausalityInterface1.xml (RunModel)" time="0.022" />
  <testcase classname="ptolemy.util.test.junit.AutoTests" name="[6] /home/travis/build/icyphy/ptII/ptolemy/domains/de/test/auto/CausalityInterface15.xml (RunModel)" time="0.018" />
  <testcase classname="ptolemy.util.test.junit.AutoTests" name="[7] /home/travis/build/icyphy/ptII/ptolemy/domains/de/test/auto/CausalityInterface2.xml (RunModel)" time="0.016" />
  <testcase classname="ptolemy.util.test.junit.AutoTests" name="[8] /home/travis/build/icyphy/ptII/ptolemy/domains/de/test/auto/CausalityInterface3.xml (RunModel)" time="0.013" />
  <testcase classname="ptolemy.util.test.junit.AutoTests" name="[9] /home/travis/build/icyphy/ptII/ptolemy/domains/de/test/auto/ClockDrift.xml (RunModel)" time="0.044" />
  <testcase classname="ptolemy.util.test.junit.AutoTests" name="[10] /home/travis/build/icyphy/ptII/ptolemy/domains/de/test/auto/ClockDriftAndValueChange.xml (RunModel)" time="0.034" />
  <testcase classname="ptolemy.util.test.junit.AutoTests" name="[11] /home/travis/build/icyphy/ptII/ptolemy/domains/de/test/auto/ClockDriftChange.xml (RunModel)" time="0.037" />
  <testcase classname="ptolemy.util.test.junit.AutoTests" name="[12] /home/travis/build/icyphy/ptII/ptolemy/domains/de/test/auto/ComposableCausalityAnalysis.xml (RunModel)" time="0.015" />
  <testcase classname="ptolemy.util.test.junit.AutoTests" name="[13] /home/travis/build/icyphy/ptII/ptolemy/domains/de/test/auto/DEFixedPointLimitation.xml (RunModel)" time="0.01" />
  <testcase classname="ptolemy.util.test.junit.AutoTests" name="[14] /home/travis/build/icyphy/ptII/ptolemy/domains/de/test/auto/DEScheduleTest.xml (RunModel)" time="0.023" />
  <testcase classname="ptolemy.util.test.junit.AutoTests" name="[15] /home/travis/build/icyphy/ptII/ptolemy/domains/de/test/auto/DEinDEwithStartTimes.xml (RunModel)" time="0.015" />
  <testcase classname="ptolemy.util.test.junit.AutoTests" name="[16] /home/travis/build/icyphy/ptII/ptolemy/domains/de/test/auto/DEinDEwithStartTimes2.xml (RunModel)" time="0.017" />
  <testcase classname="ptolemy.util.test.junit.AutoTests" name="[17] /home/travis/build/icyphy/ptII/ptolemy/domains/de/test/auto/DateDemo.xml (RunModel)" time="0.036" />
  <testcase classname="ptolemy.util.test.junit.AutoTests" name="[18] /home/travis/build/icyphy/ptII/ptolemy/domains/de/test/auto/DateToEvent.xml (RunModel)" time="2.041" />
  <testcase classname="ptolemy.util.test.junit.AutoTests" name="[19] /home/travis/build/icyphy/ptII/ptolemy/domains/de/test/auto/DepthTest1.xml (RunModel)" time="0.011" />
  <testcase classname="ptolemy.util.test.junit.AutoTests" name="[20] /home/travis/build/icyphy/ptII/ptolemy/domains/de/test/auto/DepthTest2.xml (RunModel)" time="0.021" />
  <testcase classname="ptolemy.util.test.junit.AutoTests" name="[21] /home/travis/build/icyphy/ptII/ptolemy/domains/de/test/auto/DepthTest3.xml (RunModel)" time="0.009" />
  <testcase classname="ptolemy.util.test.junit.AutoTests" name="[22] /home/travis/build/icyphy/ptII/ptolemy/domains/de/test/auto/DepthTest4.xml (RunModel)" time="0.021" />
  <testcase classname="ptolemy.util.test.junit.AutoTests" name="[23] /home/travis/build/icyphy/ptII/ptolemy/domains/de/test/auto/DepthTest5.xml (RunModel)" time="0.017" />
  <testcase classname="ptolemy.util.test.junit.AutoTests" name="[24] /home/travis/build/icyphy/ptII/ptolemy/domains/de/test/auto/DepthTest6.xml (RunModel)" time="0.017" />
  <testcase classname="ptolemy.util.test.junit.AutoTests" name="[25] /home/travis/build/icyphy/ptII/ptolemy/domains/de/test/auto/DepthTest7.xml (RunModel)" time="0.03" />
  <testcase classname="ptolemy.util.test.junit.AutoTests" name="[26] /home/travis/build/icyphy/ptII/ptolemy/domains/de/test/auto/EventToDate.xml (RunModel)" time="3.044" />
  <testcase classname="ptolemy.util.test.junit.AutoTests" name="[27] /home/travis/build/icyphy/ptII/ptolemy/domains/de/test/auto/FSM1.xml (RunModel)" time="0.046" />
  <testcase classname="ptolemy.util.test.junit.AutoTests" name="[28] /home/travis/build/icyphy/ptII/ptolemy/domains/de/test/auto/FSM7.xml (RunModel)" time="0.039" />
  <testcase classname="ptolemy.util.test.junit.AutoTests" name="[29] /home/travis/build/icyphy/ptII/ptolemy/domains/de/test/auto/Inspection.xml (RunModel)" time="0.043" />
  <testcase classname="ptolemy.util.test.junit.AutoTests" name="[30] /home/travis/build/icyphy/ptII/ptolemy/domains/de/test/auto/Iteration.xml (RunModel)" time="0.023" />
  <testcase classname="ptolemy.util.test.junit.AutoTests" name="[31] /home/travis/build/icyphy/ptII/ptolemy/domains/de/test/auto/LineFault.xml (RunModel)" time="0.566" />
  <testcase classname="ptolemy.util.test.junit.AutoTests" name="[32] /home/travis/build/icyphy/ptII/ptolemy/domains/de/test/auto/MergeModel1Add.xml (RunModel)" time="0.049" />
  <testcase classname="ptolemy.util.test.junit.AutoTests" name="[33] /home/travis/build/icyphy/ptII/ptolemy/domains/de/test/auto/MergeModel2Add.xml (RunModel)" time="0.041" />
  <testcase classname="ptolemy.util.test.junit.AutoTests" name="[34] /home/travis/build/icyphy/ptII/ptolemy/domains/de/test/auto/MergeModel3Add.xml (RunModel)" time="0.045" />
  <testcase classname="ptolemy.util.test.junit.AutoTests" name="[35] /home/travis/build/icyphy/ptII/ptolemy/domains/de/test/auto/MergeWithoutDiscard.xml (RunModel)" time="0.013" />
  <testcase classname="ptolemy.util.test.junit.AutoTests" name="[36] /home/travis/build/icyphy/ptII/ptolemy/domains/de/test/auto/Modal1.xml (RunModel)" time="0.028" />
  <testcase classname="ptolemy.util.test.junit.AutoTests" name="[37] /home/travis/build/icyphy/ptII/ptolemy/domains/de/test/auto/Modal2.xml (RunModel)" time="0.029" />
  <testcase classname="ptolemy.util.test.junit.AutoTests" name="[38] /home/travis/build/icyphy/ptII/ptolemy/domains/de/test/auto/Modal3.xml (RunModel)" time="0.032" />
  <testcase classname="ptolemy.util.test.junit.AutoTests" name="[39] /home/travis/build/icyphy/ptII/ptolemy/domains/de/test/auto/Modal4.xml (RunModel)" time="0.032" />
  <testcase classname="ptolemy.util.test.junit.AutoTests" name="[40] /home/travis/build/icyphy/ptII/ptolemy/domains/de/test/auto/Modal5.xml (RunModel)" time="0.028" />
  <testcase classname="ptolemy.util.test.junit.AutoTests" name="[41] /home/travis/build/icyphy/ptII/ptolemy/domains/de/test/auto/Modal6.xml (RunModel)" time="0.024" />
  <testcase classname="ptolemy.util.test.junit.AutoTests" name="[42] /home/travis/build/icyphy/ptII/ptolemy/domains/de/test/auto/Modal7.xml (RunModel)" time="0.025" />
  <testcase classname="ptolemy.util.test.junit.AutoTests" name="[43] /home/travis/build/icyphy/ptII/ptolemy/domains/de/test/auto/ModalModel.xml (RunModel)" time="0.156" />
  <testcase classname="ptolemy.util.test.junit.AutoTests" name="[44] /home/travis/build/icyphy/ptII/ptolemy/domains/de/test/auto/ModalSource.xml (RunModel)" time="0.018" />
  <testcase classname="ptolemy.util.test.junit.AutoTests" name="[45] /home/travis/build/icyphy/ptII/ptolemy/domains/de/test/auto/NonInterruptibleTimerZeroDelay.xml (RunModel)" time="0.008" />
  <testcase classname="ptolemy.util.test.junit.AutoTests" name="[46] /home/travis/build/icyphy/ptII/ptolemy/domains/de/test/auto/OpenQueueingNetwork.xml (RunModel)" time="2.442" />
  <testcase classname="ptolemy.util.test.junit.AutoTests" name="[47] /home/travis/build/icyphy/ptII/ptolemy/domains/de/test/auto/OpenQueuingNetwork.xml (RunModel)" time="0.219" />
  <testcase classname="ptolemy.util.test.junit.AutoTests" name="[48] /home/travis/build/icyphy/ptII/ptolemy/domains/de/test/auto/PeriodicSampler.xml (RunModel)" time="0.012" />
  <testcase classname="ptolemy.util.test.junit.AutoTests" name="[49] /home/travis/build/icyphy/ptII/ptolemy/domains/de/test/auto/PersistentIO.xml (RunModel)" time="0.021" />
  <testcase classname="ptolemy.util.test.junit.AutoTests" name="[50] /home/travis/build/icyphy/ptII/ptolemy/domains/de/test/auto/PortParameterResetOnInitialize.xml (RunModel)" time="0.013" />
  <testcase classname="ptolemy.util.test.junit.AutoTests" name="[51] /home/travis/build/icyphy/ptII/ptolemy/domains/de/test/auto/PortParameterUpdates.xml (RunModel)" time="0.012" />
  <testcase classname="ptolemy.util.test.junit.AutoTests" name="[52] /home/travis/build/icyphy/ptII/ptolemy/domains/de/test/auto/QueueAndServer.xml (RunModel)" time="0.019" />
  <testcase classname="ptolemy.util.test.junit.AutoTests" name="[53] /home/travis/build/icyphy/ptII/ptolemy/domains/de/test/auto/Records.xml (RunModel)" time="0.019" />
  <testcase classname="ptolemy.util.test.junit.AutoTests" name="[54] /home/travis/build/icyphy/ptII/ptolemy/domains/de/test/auto/ResetTransitionWithStartTime1.xml (RunModel)" time="0.016" />
  <testcase classname="ptolemy.util.test.junit.AutoTests" name="[55] /home/travis/build/icyphy/ptII/ptolemy/domains/de/test/auto/ResetTransitionWithStartTime2.xml (RunModel)" time="0.019" />
  <testcase classname="ptolemy.util.test.junit.AutoTests" name="[56] /home/travis/build/icyphy/ptII/ptolemy/domains/de/test/auto/ResetTransitionWithStartTime3.xml (RunModel)" time="0.021" />
  <testcase classname="ptolemy.util.test.junit.AutoTests" name="[57] /home/travis/build/icyphy/ptII/ptolemy/domains/de/test/auto/ResetTransitionWithStartTime4.xml (RunModel)" time="0.018" />
  <testcase classname="ptolemy.util.test.junit.AutoTests" name="[58] /home/travis/build/icyphy/ptII/ptolemy/domains/de/test/auto/ResettableTimer1.xml (RunModel)" time="0.009" />
  <testcase classname="ptolemy.util.test.junit.AutoTests" name="[59] /home/travis/build/icyphy/ptII/ptolemy/domains/de/test/auto/ResettableTimer2.xml (RunModel)" time="0.008" />
  <testcase classname="ptolemy.util.test.junit.AutoTests" name="[60] /home/travis/build/icyphy/ptII/ptolemy/domains/de/test/auto/ResettableTimer3.xml (RunModel)" time="0.01" />
  <testcase classname="ptolemy.util.test.junit.AutoTests" name="[61] /home/travis/build/icyphy/ptII/ptolemy/domains/de/test/auto/ResettableTimer4.xml (RunModel)" time="0.007" />
  <testcase classname="ptolemy.util.test.junit.AutoTests" name="[62] /home/travis/build/icyphy/ptII/ptolemy/domains/de/test/auto/ResettableTimer5.xml (RunModel)" time="0.008" />
  <testcase classname="ptolemy.util.test.junit.AutoTests" name="[63] /home/travis/build/icyphy/ptII/ptolemy/domains/de/test/auto/ResettableTimer6.xml (RunModel)" time="0.014" />
  <testcase classname="ptolemy.util.test.junit.AutoTests" name="[64] /home/travis/build/icyphy/ptII/ptolemy/domains/de/test/auto/ServerZeroDelay.xml (RunModel)" time="0.008" />
  <testcase classname="ptolemy.util.test.junit.AutoTests" name="[65] /home/travis/build/icyphy/ptII/ptolemy/domains/de/test/auto/SmartSender.xml (RunModel)" time="3.007" />
  <testcase classname="ptolemy.util.test.junit.AutoTests" name="[66] /home/travis/build/icyphy/ptII/ptolemy/domains/de/test/auto/ThreadedComposite.xml (RunModel)" time="0.12" />
  <testcase classname="ptolemy.util.test.junit.AutoTests" name="[67] /home/travis/build/icyphy/ptII/ptolemy/domains/de/test/auto/Time.xml (RunModel)" time="0.359" />
  <testcase classname="ptolemy.util.test.junit.AutoTests" name="[68] /home/travis/build/icyphy/ptII/ptolemy/domains/de/test/auto/TimeDelayZeroDelay.xml (RunModel)" time="0.013" />
  <testcase classname="ptolemy.util.test.junit.AutoTests" name="[69] /home/travis/build/icyphy/ptII/ptolemy/domains/de/test/auto/TimerZeroDelay.xml (RunModel)" time="0.008" />
  <testcase classname="ptolemy.util.test.junit.AutoTests" name="[70] /home/travis/build/icyphy/ptII/ptolemy/domains/de/test/auto/TimingParadox.xml (RunModel)" time="0.327" />
  <testcase classname="ptolemy.util.test.junit.AutoTests" name="[71] /home/travis/build/icyphy/ptII/ptolemy/domains/de/test/auto/TransferInputs.xml (RunModel)" time="0.012" />
  <testcase classname="ptolemy.util.test.junit.AutoTests" name="[72] /home/travis/build/icyphy/ptII/ptolemy/domains/de/test/auto/TransferOutputs2.xml (RunModel)" time="0.01" />
  <testcase classname="ptolemy.util.test.junit.AutoTests" name="[73] /home/travis/build/icyphy/ptII/ptolemy/domains/de/test/auto/Trilateration.xml (RunModel)" time="10.773" />
  <testcase classname="ptolemy.util.test.junit.AutoTests" name="[74] /home/travis/build/icyphy/ptII/ptolemy/domains/de/test/auto/TwoSigmaDelta.xml (RunModel)" time="2.051" />
  <testcase classname="ptolemy.util.test.junit.AutoTests" name="[75] /home/travis/build/icyphy/ptII/ptolemy/domains/de/test/auto/VariableDelay.xml (RunModel)" time="0.013" />
  <testcase classname="ptolemy.util.test.junit.AutoTests" name="[76] /home/travis/build/icyphy/ptII/ptolemy/domains/de/test/auto/VariableDelay2.xml (RunModel)" time="0.01" />
  <testcase classname="ptolemy.util.test.junit.AutoTests" name="[77] /home/travis/build/icyphy/ptII/ptolemy/domains/de/test/auto/VariableDelayZeroDelay.xml (RunModel)" time="0.011" />
  <testcase classname="ptolemy.util.test.junit.AutoTests" name="[78] /home/travis/build/icyphy/ptII/ptolemy/domains/de/test/auto/VariableDelayZeroDelay2.xml (RunModel)" time="0.01" />
  <testcase classname="ptolemy.util.test.junit.AutoTests" name="[79] /home/travis/build/icyphy/ptII/ptolemy/domains/de/test/auto/deInCt.xml (RunModel)" time="0.016" />
  <testcase classname="ptolemy.util.test.junit.AutoTests" name="[80] /home/travis/build/icyphy/ptII/ptolemy/domains/de/test/auto/deInCt2.xml (RunModel)" time="0.014" />
  <testcase classname="ptolemy.util.test.junit.AutoTests" name="[81] /home/travis/build/icyphy/ptII/ptolemy/domains/de/test/auto/dynamicCausalityInterface1.xml (RunModel)" time="0.024" />
  <testcase classname="ptolemy.util.test.junit.AutoTests" name="[82] /home/travis/build/icyphy/ptII/ptolemy/domains/de/test/auto/fsm_de_test.xml (RunModel)" time="0.027" />
  <testcase classname="ptolemy.util.test.junit.AutoTests" name="[83] /home/travis/build/icyphy/ptII/ptolemy/domains/de/test/auto/functionDependencyReconstruction.xml (RunModel)" time="0.031" />
  <testcase classname="ptolemy.util.test.junit.AutoTests" name="[84] /home/travis/build/icyphy/ptII/ptolemy/domains/de/test/auto/multirate.xml (RunModel)" time="0.015" />
  <testcase classname="ptolemy.util.test.junit.AutoTests" name="[85] /home/travis/build/icyphy/ptII/ptolemy/domains/de/test/auto/multirate2.xml (RunModel)" time="0.012" />
  <testcase classname="ptolemy.util.test.junit.AutoTests" name="[86] /home/travis/build/icyphy/ptII/ptolemy/domains/de/test/auto/realtime.xml (RunModel)" time="10.009" />
  <testcase classname="ptolemy.util.test.junit.AutoTests" name="[87] /home/travis/build/icyphy/ptII/ptolemy/domains/de/test/auto/relationGroup.xml (RunModel)" time="0.007" />
  <testcase classname="ptolemy.util.test.junit.AutoTests" name="[88] /home/travis/build/icyphy/ptII/ptolemy/domains/de/test/auto/relationGroup2.xml (RunModel)" time="0.011" />
  <testcase classname="ptolemy.util.test.junit.AutoTests" name="[89] /home/travis/build/icyphy/ptII/ptolemy/domains/de/test/auto/sortWithOpaquePorts.xml (RunModel)" time="0.021" />
  <testcase classname="ptolemy.util.test.junit.AutoTests" name="[90] /home/travis/build/icyphy/ptII/ptolemy/domains/de/test/auto/transferInputsandOutputs.xml (RunModel)" time="0.015" />
  <testcase classname="ptolemy.util.test.junit.AutoTests" name="[91] /home/travis/build/icyphy/ptII/ptolemy/domains/de/test/auto/triggerType.xml (RunModel)" time="0.007" />
  <system-out><![CDATA[/home/travis/build/icyphy/ptII/ptolemy/domains/de/test/DependencyLoop.tcl
testDefs.tcl: setting time out to 9000 seconds at Wed Jan 22 06:46:51 UTC 2020
71 ms. Memory: 129024K Free: 79181K (61%)
16 ms. Memory: 129024K Free: 61767K (48%)
/home/travis/build/icyphy/ptII/ptolemy/domains/de/test/RunDETestsAsQSS.tcl
Run the DE tests using ptolemy.domains.qss.test.QSSDirectorTest, which extends QSSDirector and prints a message in the constructors.
------------------ testing $PTII/ptolemy/domains/de/test/auto/knownFailedTests/DirectFeedback.xml (Known Failure) 
53 ms. Memory: 129024K Free: 56143K (44%)


==== $PTIIhome/travis/build/icyphy/ptII/ptolemy/domains/de/test/../../../../: Auto Automatic test in file $PTII/ptolemy/domains/de/test/auto/knownFailedTests/DirectFeedback.xml
==== Contents of test case:

	    # FIXME: we should use $relativeFilename here, but it
	    # might have backslashes under Windows, which causes no end
	    # of trouble.
	    createAndExecute $file
	    list {}
	
.... Test generated KNOWN error:
    while executing
ptolemy.kernel.util.IllegalActionException: Test fails in iteration 1.
Value was: 1.0. Should have been: 2.0
  in .DirectFeedback.Test
	at ptolemy.actor.lib.Test.fire(Test.java:268)
	at ptolemy.domains.de.kernel.DEDirector._fire(DEDirector.java:1949)
	at ptolemy.domains.de.kernel.DEDirector.fire(DEDirector.java:502)
	at ptolemy.actor.CompositeActor.fire(CompositeActor.java:455)
	at ptolemy.actor.Manager.iterate(Manager.java:851)
	at ptolemy.actor.Manager.execute(Manager.java:369)
	at ptolemy.actor.Manager.run(Manager.java:1263)
	at ptolemy.actor.Manager$PtolemyRunThread.run(Manager.java:1933)

    while executing
ptolemy.kernel.util.IllegalActionException: Test fails in iteration 1.
Value was: 1.0. Should have been: 2.0
  in .DirectFeedback.Test
    while executing
"java::new ptolemy.moml.MoMLSimpleApplication $file
"
    (procedure "createAndExecute" line 2)
    invoked from within
"createAndExecute $file"
    ("uplevel" body line 5)
    invoked from within
"uplevel $contents_of_test"
------------------ testing $PTII/ptolemy/domains/de/test/auto/knownFailedTests/dependencyLoop.xml (Known Failure) 
18 ms. Memory: 129024K Free: 53071K (41%)


==== $PTIIhome/travis/build/icyphy/ptII/ptolemy/domains/de/test/../../../../: Auto Automatic test in file $PTII/ptolemy/domains/de/test/auto/knownFailedTests/dependencyLoop.xml
==== Contents of test case:

	    # FIXME: we should use $relativeFilename here, but it
	    # might have backslashes under Windows, which causes no end
	    # of trouble.
	    createAndExecute $file
	    list {}
	
.... Test generated KNOWN error:
    while executing
ptolemy.kernel.util.IllegalActionException: Found a zero delay loop containing .dependencyLoop.original
  in .dependencyLoop and .dependencyLoop.original
	at ptolemy.actor.util.CausalityInterfaceForComposites._computeOutputPortDepth(CausalityInterfaceForComposites.java:759)
	at ptolemy.actor.util.CausalityInterfaceForComposites._computeInputDepth(CausalityInterfaceForComposites.java:696)
	at ptolemy.actor.util.CausalityInterfaceForComposites._computeOutputPortDepth(CausalityInterfaceForComposites.java:765)
	at ptolemy.actor.util.CausalityInterfaceForComposites._computeInputDepth(CausalityInterfaceForComposites.java:696)
	at ptolemy.actor.util.CausalityInterfaceForComposites._computeOutputPortDepth(CausalityInterfaceForComposites.java:765)
	at ptolemy.actor.util.CausalityInterfaceForComposites._computeInputDepth(CausalityInterfaceForComposites.java:696)
	at ptolemy.actor.util.CausalityInterfaceForComposites._computeActorDepth(CausalityInterfaceForComposites.java:532)
	at ptolemy.actor.util.CausalityInterfaceForComposites.checkForCycles(CausalityInterfaceForComposites.java:96)
	at ptolemy.domains.de.kernel.DEDirector.preinitialize(DEDirector.java:1338)
	at ptolemy.actor.CompositeActor.preinitialize(CompositeActor.java:1828)
	at ptolemy.actor.Manager.preinitializeAndResolveTypes(Manager.java:1040)
	at ptolemy.actor.Manager.initialize(Manager.java:710)
	at ptolemy.actor.Manager.execute(Manager.java:356)
	at ptolemy.actor.Manager.run(Manager.java:1263)
	at ptolemy.actor.Manager$PtolemyRunThread.run(Manager.java:1933)

    while executing
ptolemy.kernel.util.IllegalActionException: Found a zero delay loop containing .dependencyLoop.original
  in .dependencyLoop and .dependencyLoop.original
    while executing
"java::new ptolemy.moml.MoMLSimpleApplication $file
"
    (procedure "createAndExecute" line 2)
    invoked from within
"createAndExecute $file"
    ("uplevel" body line 5)
    invoked from within
"uplevel $contents_of_test"
------------------ testing $PTII/ptolemy/domains/de/test/auto/knownFailedTests/FSMSource.xml (Known Failure) 
50 ms. Memory: 129024K Free: 111514K (86%)
!!!! Auto was marked as failing, but now passes
------------------ testing $PTII/ptolemy/domains/de/test/auto/knownFailedTests/HierarchicalModel.xml (Known Failure) 
11 ms. Memory: 129024K Free: 94572K (73%)


==== $PTIIhome/travis/build/icyphy/ptII/ptolemy/domains/de/test/../../../../: Auto Automatic test in file $PTII/ptolemy/domains/de/test/auto/knownFailedTests/HierarchicalModel.xml
==== Contents of test case:

	    # FIXME: we should use $relativeFilename here, but it
	    # might have backslashes under Windows, which causes no end
	    # of trouble.
	    createAndExecute $file
	    list {}
	
.... Test generated KNOWN error:
    while executing
ptolemy.kernel.util.IllegalActionException: Found a zero delay loop containing .HierarchicalModel.A
  in .HierarchicalModel and .HierarchicalModel.A
	at ptolemy.actor.util.CausalityInterfaceForComposites._computeOutputPortDepth(CausalityInterfaceForComposites.java:759)
	at ptolemy.actor.util.CausalityInterfaceForComposites._computeInputDepth(CausalityInterfaceForComposites.java:696)
	at ptolemy.actor.util.CausalityInterfaceForComposites._computeOutputPortDepth(CausalityInterfaceForComposites.java:765)
	at ptolemy.actor.util.CausalityInterfaceForComposites._computeInputDepth(CausalityInterfaceForComposites.java:696)
	at ptolemy.actor.util.CausalityInterfaceForComposites._computeOutputPortDepth(CausalityInterfaceForComposites.java:765)
	at ptolemy.actor.util.CausalityInterfaceForComposites._computeInputDepth(CausalityInterfaceForComposites.java:696)
	at ptolemy.actor.util.CausalityInterfaceForComposites._computeActorDepth(CausalityInterfaceForComposites.java:532)
	at ptolemy.actor.util.CausalityInterfaceForComposites.checkForCycles(CausalityInterfaceForComposites.java:96)
	at ptolemy.domains.de.kernel.DEDirector.preinitialize(DEDirector.java:1338)
	at ptolemy.actor.CompositeActor.preinitialize(CompositeActor.java:1828)
	at ptolemy.actor.Manager.preinitializeAndResolveTypes(Manager.java:1040)
	at ptolemy.actor.Manager.initialize(Manager.java:710)
	at ptolemy.actor.Manager.execute(Manager.java:356)
	at ptolemy.actor.Manager.run(Manager.java:1263)
	at ptolemy.actor.Manager$PtolemyRunThread.run(Manager.java:1933)

    while executing
ptolemy.kernel.util.IllegalActionException: Found a zero delay loop containing .HierarchicalModel.A
  in .HierarchicalModel and .HierarchicalModel.A
    while executing
"java::new ptolemy.moml.MoMLSimpleApplication $file
"
    (procedure "createAndExecute" line 2)
    invoked from within
"createAndExecute $file"
    ("uplevel" body line 5)
    invoked from within
"uplevel $contents_of_test"
------------------ testing $PTII/ptolemy/domains/de/test/auto/knownFailedTests/dependencyLoop2.xml (Known Failure) 
5 ms. Memory: 129024K Free: 78735K (61%)


==== $PTIIhome/travis/build/icyphy/ptII/ptolemy/domains/de/test/../../../../: Auto Automatic test in file $PTII/ptolemy/domains/de/test/auto/knownFailedTests/dependencyLoop2.xml
==== Contents of test case:

	    # FIXME: we should use $relativeFilename here, but it
	    # might have backslashes under Windows, which causes no end
	    # of trouble.
	    createAndExecute $file
	    list {}
	
.... Test generated KNOWN error:
    while executing
ptolemy.kernel.util.IllegalActionException: Found a zero delay loop containing .dependencyLoop2.original
  in .dependencyLoop2 and .dependencyLoop2.original
	at ptolemy.actor.util.CausalityInterfaceForComposites._computeOutputPortDepth(CausalityInterfaceForComposites.java:759)
	at ptolemy.actor.util.CausalityInterfaceForComposites._computeInputDepth(CausalityInterfaceForComposites.java:696)
	at ptolemy.actor.util.CausalityInterfaceForComposites._computeOutputPortDepth(CausalityInterfaceForComposites.java:765)
	at ptolemy.actor.util.CausalityInterfaceForComposites._computeInputDepth(CausalityInterfaceForComposites.java:696)
	at ptolemy.actor.util.CausalityInterfaceForComposites._computeOutputPortDepth(CausalityInterfaceForComposites.java:765)
	at ptolemy.actor.util.CausalityInterfaceForComposites._computeInputDepth(CausalityInterfaceForComposites.java:696)
	at ptolemy.actor.util.CausalityInterfaceForComposites._computeActorDepth(CausalityInterfaceForComposites.java:532)
	at ptolemy.actor.util.CausalityInterfaceForComposites.checkForCycles(CausalityInterfaceForComposites.java:96)
	at ptolemy.domains.de.kernel.DEDirector.preinitialize(DEDirector.java:1338)
	at ptolemy.actor.CompositeActor.preinitialize(CompositeActor.java:1828)
	at ptolemy.actor.Manager.preinitializeAndResolveTypes(Manager.java:1040)
	at ptolemy.actor.Manager.initialize(Manager.java:710)
	at ptolemy.actor.Manager.execute(Manager.java:356)
	at ptolemy.actor.Manager.run(Manager.java:1263)
	at ptolemy.actor.Manager$PtolemyRunThread.run(Manager.java:1933)

    while executing
ptolemy.kernel.util.IllegalActionException: Found a zero delay loop containing .dependencyLoop2.original
  in .dependencyLoop2 and .dependencyLoop2.original
    while executing
"java::new ptolemy.moml.MoMLSimpleApplication $file
"
    (procedure "createAndExecute" line 2)
    invoked from within
"createAndExecute $file"
    ("uplevel" body line 5)
    invoked from within
"uplevel $contents_of_test"
------------------ testing $PTII/ptolemy/domains/de/test/auto/knownFailedTests/DESDFClockTest.xml (Known Failure) 
2054 ms. Memory: 129024K Free: 109672K (85%)


==== $PTIIhome/travis/build/icyphy/ptII/ptolemy/domains/de/test/../../../../: Auto Automatic test in file $PTII/ptolemy/domains/de/test/auto/knownFailedTests/DESDFClockTest.xml
==== Contents of test case:

	    # FIXME: we should use $relativeFilename here, but it
	    # might have backslashes under Windows, which causes no end
	    # of trouble.
	    createAndExecute $file
	    list {}
	
.... Test generated KNOWN error:
    while executing
ptolemy.kernel.util.IllegalActionException: Actor is not ready to fire.  Perhaps UpSample.prefire() returned false? Try debugging the actor by selecting "Listen to Actor".  Also, for SDF check moml for tokenConsumptionRate on input.
  in .DESDFClockTest.Play Bell.Copy1:SDF Director and .DESDFClockTest.Play Bell.UpSample
	at ptolemy.actor.sched.StaticSchedulingDirector.fire(StaticSchedulingDirector.java:227)
	at ptolemy.domains.sdf.kernel.SDFDirector.fire(SDFDirector.java:500)
	at ptolemy.actor.CompositeActor.fire(CompositeActor.java:455)
	at ptolemy.domains.de.kernel.DEDirector._fire(DEDirector.java:1949)
	at ptolemy.domains.de.kernel.DEDirector.fire(DEDirector.java:502)
	at ptolemy.actor.CompositeActor.fire(CompositeActor.java:455)
	at ptolemy.actor.Manager.iterate(Manager.java:851)
	at ptolemy.actor.Manager.execute(Manager.java:369)
	at ptolemy.actor.Manager.run(Manager.java:1263)
	at ptolemy.actor.Manager$PtolemyRunThread.run(Manager.java:1933)

    while executing
ptolemy.kernel.util.IllegalActionException: Actor is not ready to fire.  Perhaps UpSample.prefire() returned false? Try debugging the actor by selecting "Listen to Actor".  Also, for SDF check moml for tokenConsumptionRate on input.
  in .DESDFClockTest.Play Bell.Copy1:SDF Director and .DESDFClockTest.Play Bell.UpSample
    while executing
"java::new ptolemy.moml.MoMLSimpleApplication $file
"
    (procedure "createAndExecute" line 2)
    invoked from within
"createAndExecute $file"
    ("uplevel" body line 5)
    invoked from within
"uplevel $contents_of_test"
------------------ testing $PTII/ptolemy/domains/de/test/auto/ActorDepthCalculation_actorWithoutPorts.xml
auto.tcl: Setting watchdog for 200 seconds at Wed Jan 22 06:46:55 UTC 2020
9 ms. Memory: 129024K Free: 101994K (79%)
ptolemy.util.test.WatchDog.cancel(): canceling Wed Jan 22 06:46:55 UTC 2020
auto.tcl: Setting watchdog for 200 seconds at Wed Jan 22 06:46:55 UTC 2020
4 ms. Memory: 129024K Free: 100442K (78%)
ptolemy.util.test.WatchDog.cancel(): canceling Wed Jan 22 06:46:55 UTC 2020
------------------ testing $PTII/ptolemy/domains/de/test/auto/AssemblyLine.xml
auto.tcl: Setting watchdog for 200 seconds at Wed Jan 22 06:46:55 UTC 2020
8 ms. Memory: 51200K Free: 27943K (55%)
ptolemy.util.test.WatchDog.cancel(): canceling Wed Jan 22 06:46:55 UTC 2020
auto.tcl: Setting watchdog for 200 seconds at Wed Jan 22 06:46:55 UTC 2020
9 ms. Memory: 51200K Free: 27303K (53%)
ptolemy.util.test.WatchDog.cancel(): canceling Wed Jan 22 06:46:55 UTC 2020
------------------ testing $PTII/ptolemy/domains/de/test/auto/CQBug1.xml
auto.tcl: Setting watchdog for 200 seconds at Wed Jan 22 06:46:55 UTC 2020
2 ms. Memory: 51200K Free: 33257K (65%)
ptolemy.util.test.WatchDog.cancel(): canceling Wed Jan 22 06:46:55 UTC 2020
auto.tcl: Setting watchdog for 200 seconds at Wed Jan 22 06:46:55 UTC 2020
2 ms. Memory: 51200K Free: 32821K (64%)
ptolemy.util.test.WatchDog.cancel(): canceling Wed Jan 22 06:46:55 UTC 2020
------------------ testing $PTII/ptolemy/domains/de/test/auto/CancelFireAt.xml
auto.tcl: Setting watchdog for 200 seconds at Wed Jan 22 06:46:55 UTC 2020
2 ms. Memory: 48128K Free: 31696K (66%)
ptolemy.util.test.WatchDog.cancel(): canceling Wed Jan 22 06:46:55 UTC 2020
auto.tcl: Setting watchdog for 200 seconds at Wed Jan 22 06:46:55 UTC 2020
2 ms. Memory: 48128K Free: 31261K (65%)
ptolemy.util.test.WatchDog.cancel(): canceling Wed Jan 22 06:46:55 UTC 2020
------------------ testing $PTII/ptolemy/domains/de/test/auto/CausalityAndComposabilityAnalysis.xml
auto.tcl: Setting watchdog for 200 seconds at Wed Jan 22 06:46:55 UTC 2020
13 ms. Memory: 48128K Free: 29931K (62%)
ptolemy.util.test.WatchDog.cancel(): canceling Wed Jan 22 06:46:56 UTC 2020
auto.tcl: Setting watchdog for 200 seconds at Wed Jan 22 06:46:56 UTC 2020
9 ms. Memory: 48128K Free: 29029K (60%)
ptolemy.util.test.WatchDog.cancel(): canceling Wed Jan 22 06:46:56 UTC 2020
------------------ testing $PTII/ptolemy/domains/de/test/auto/CausalityInterface1.xml
auto.tcl: Setting watchdog for 200 seconds at Wed Jan 22 06:46:56 UTC 2020
24 ms. Memory: 48128K Free: 28354K (59%)
ptolemy.util.test.WatchDog.cancel(): canceling Wed Jan 22 06:46:56 UTC 2020
auto.tcl: Setting watchdog for 200 seconds at Wed Jan 22 06:46:56 UTC 2020
4 ms. Memory: 48128K Free: 27388K (57%)
ptolemy.util.test.WatchDog.cancel(): canceling Wed Jan 22 06:46:56 UTC 2020
------------------ testing $PTII/ptolemy/domains/de/test/auto/CausalityInterface15.xml
auto.tcl: Setting watchdog for 200 seconds at Wed Jan 22 06:46:56 UTC 2020
13 ms. Memory: 48128K Free: 28305K (59%)
ptolemy.util.test.WatchDog.cancel(): canceling Wed Jan 22 06:46:56 UTC 2020
auto.tcl: Setting watchdog for 200 seconds at Wed Jan 22 06:46:56 UTC 2020
6 ms. Memory: 48128K Free: 27324K (57%)
ptolemy.util.test.WatchDog.cancel(): canceling Wed Jan 22 06:46:56 UTC 2020
------------------ testing $PTII/ptolemy/domains/de/test/auto/CausalityInterface2.xml
auto.tcl: Setting watchdog for 200 seconds at Wed Jan 22 06:46:56 UTC 2020
5 ms. Memory: 48128K Free: 29086K (60%)
ptolemy.util.test.WatchDog.cancel(): canceling Wed Jan 22 06:46:56 UTC 2020
auto.tcl: Setting watchdog for 200 seconds at Wed Jan 22 06:46:56 UTC 2020
7 ms. Memory: 48128K Free: 28336K (59%)
ptolemy.util.test.WatchDog.cancel(): canceling Wed Jan 22 06:46:56 UTC 2020
------------------ testing $PTII/ptolemy/domains/de/test/auto/CausalityInterface3.xml
auto.tcl: Setting watchdog for 200 seconds at Wed Jan 22 06:46:56 UTC 2020
4 ms. Memory: 48128K Free: 28548K (59%)
ptolemy.util.test.WatchDog.cancel(): canceling Wed Jan 22 06:46:56 UTC 2020
auto.tcl: Setting watchdog for 200 seconds at Wed Jan 22 06:46:56 UTC 2020
3 ms. Memory: 48128K Free: 28105K (58%)
ptolemy.util.test.WatchDog.cancel(): canceling Wed Jan 22 06:46:56 UTC 2020
------------------ testing $PTII/ptolemy/domains/de/test/auto/ClockDrift.xml
auto.tcl: Setting watchdog for 200 seconds at Wed Jan 22 06:46:56 UTC 2020
77 ms. Memory: 48128K Free: 20907K (43%)
ptolemy.util.test.WatchDog.cancel(): canceling Wed Jan 22 06:46:56 UTC 2020
auto.tcl: Setting watchdog for 200 seconds at Wed Jan 22 06:46:56 UTC 2020
54 ms. Memory: 48128K Free: 17708K (37%)
ptolemy.util.test.WatchDog.cancel(): canceling Wed Jan 22 06:46:56 UTC 2020
------------------ testing $PTII/ptolemy/domains/de/test/auto/ClockDriftAndValueChange.xml
auto.tcl: Setting watchdog for 200 seconds at Wed Jan 22 06:46:56 UTC 2020
40 ms. Memory: 48128K Free: 21770K (45%)
ptolemy.util.test.WatchDog.cancel(): canceling Wed Jan 22 06:46:56 UTC 2020
auto.tcl: Setting watchdog for 200 seconds at Wed Jan 22 06:46:56 UTC 2020
29 ms. Memory: 48128K Free: 18615K (39%)
ptolemy.util.test.WatchDog.cancel(): canceling Wed Jan 22 06:46:56 UTC 2020
------------------ testing $PTII/ptolemy/domains/de/test/auto/ClockDriftChange.xml
auto.tcl: Setting watchdog for 200 seconds at Wed Jan 22 06:46:56 UTC 2020
20 ms. Memory: 48128K Free: 23027K (48%)
ptolemy.util.test.WatchDog.cancel(): canceling Wed Jan 22 06:46:56 UTC 2020
auto.tcl: Setting watchdog for 200 seconds at Wed Jan 22 06:46:56 UTC 2020
18 ms. Memory: 48128K Free: 20670K (43%)
ptolemy.util.test.WatchDog.cancel(): canceling Wed Jan 22 06:46:56 UTC 2020
------------------ testing $PTII/ptolemy/domains/de/test/auto/ComposableCausalityAnalysis.xml
auto.tcl: Setting watchdog for 200 seconds at Wed Jan 22 06:46:56 UTC 2020
2 ms. Memory: 48128K Free: 27910K (58%)
ptolemy.util.test.WatchDog.cancel(): canceling Wed Jan 22 06:46:56 UTC 2020
auto.tcl: Setting watchdog for 200 seconds at Wed Jan 22 06:46:56 UTC 2020
3 ms. Memory: 48128K Free: 26881K (56%)
ptolemy.util.test.WatchDog.cancel(): canceling Wed Jan 22 06:46:56 UTC 2020
------------------ testing $PTII/ptolemy/domains/de/test/auto/DEFixedPointLimitation.xml
auto.tcl: Setting watchdog for 200 seconds at Wed Jan 22 06:46:56 UTC 2020
2 ms. Memory: 48128K Free: 29250K (61%)
ptolemy.util.test.WatchDog.cancel(): canceling Wed Jan 22 06:46:56 UTC 2020
auto.tcl: Setting watchdog for 200 seconds at Wed Jan 22 06:46:56 UTC 2020
1 ms. Memory: 48128K Free: 28324K (59%)
ptolemy.util.test.WatchDog.cancel(): canceling Wed Jan 22 06:46:56 UTC 2020
------------------ testing $PTII/ptolemy/domains/de/test/auto/DEScheduleTest.xml
auto.tcl: Setting watchdog for 200 seconds at Wed Jan 22 06:46:57 UTC 2020
12 ms. Memory: 48128K Free: 29537K (61%)
ptolemy.util.test.WatchDog.cancel(): canceling Wed Jan 22 06:46:57 UTC 2020
auto.tcl: Setting watchdog for 200 seconds at Wed Jan 22 06:46:57 UTC 2020
3 ms. Memory: 48128K Free: 28772K (60%)
ptolemy.util.test.WatchDog.cancel(): canceling Wed Jan 22 06:46:57 UTC 2020
------------------ testing $PTII/ptolemy/domains/de/test/auto/DEinDEwithStartTimes.xml
auto.tcl: Setting watchdog for 200 seconds at Wed Jan 22 06:46:57 UTC 2020
4 ms. Memory: 48128K Free: 27700K (58%)
ptolemy.util.test.WatchDog.cancel(): canceling Wed Jan 22 06:46:57 UTC 2020
auto.tcl: Setting watchdog for 200 seconds at Wed Jan 22 06:46:57 UTC 2020
3 ms. Memory: 48128K Free: 26676K (55%)
ptolemy.util.test.WatchDog.cancel(): canceling Wed Jan 22 06:46:57 UTC 2020
------------------ testing $PTII/ptolemy/domains/de/test/auto/DEinDEwithStartTimes2.xml
auto.tcl: Setting watchdog for 200 seconds at Wed Jan 22 06:46:57 UTC 2020
5 ms. Memory: 48128K Free: 26953K (56%)
ptolemy.util.test.WatchDog.cancel(): canceling Wed Jan 22 06:46:57 UTC 2020
auto.tcl: Setting watchdog for 200 seconds at Wed Jan 22 06:46:57 UTC 2020
3 ms. Memory: 48128K Free: 25850K (54%)
ptolemy.util.test.WatchDog.cancel(): canceling Wed Jan 22 06:46:57 UTC 2020
------------------ testing $PTII/ptolemy/domains/de/test/auto/DateDemo.xml
auto.tcl: Setting watchdog for 200 seconds at Wed Jan 22 06:46:57 UTC 2020
23 ms. Memory: 48128K Free: 21771K (45%)
ptolemy.util.test.WatchDog.cancel(): canceling Wed Jan 22 06:46:57 UTC 2020
auto.tcl: Setting watchdog for 200 seconds at Wed Jan 22 06:46:57 UTC 2020
7 ms. Memory: 48128K Free: 20089K (42%)
ptolemy.util.test.WatchDog.cancel(): canceling Wed Jan 22 06:46:57 UTC 2020
------------------ testing $PTII/ptolemy/domains/de/test/auto/DateToEvent.xml
auto.tcl: Setting watchdog for 200 seconds at Wed Jan 22 06:46:57 UTC 2020
2015 ms. Memory: 48128K Free: 17194K (36%)
ptolemy.util.test.WatchDog.cancel(): canceling Wed Jan 22 06:46:59 UTC 2020
auto.tcl: Setting watchdog for 200 seconds at Wed Jan 22 06:46:59 UTC 2020
2004 ms. Memory: 48128K Free: 16389K (34%)
ptolemy.util.test.WatchDog.cancel(): canceling Wed Jan 22 06:47:01 UTC 2020
------------------ testing $PTII/ptolemy/domains/de/test/auto/DepthTest1.xml
auto.tcl: Setting watchdog for 200 seconds at Wed Jan 22 06:47:01 UTC 2020
6 ms. Memory: 48128K Free: 30341K (63%)
ptolemy.util.test.WatchDog.cancel(): canceling Wed Jan 22 06:47:01 UTC 2020
auto.tcl: Setting watchdog for 200 seconds at Wed Jan 22 06:47:01 UTC 2020
2 ms. Memory: 48128K Free: 29932K (62%)
ptolemy.util.test.WatchDog.cancel(): canceling Wed Jan 22 06:47:01 UTC 2020
------------------ testing $PTII/ptolemy/domains/de/test/auto/DepthTest2.xml
auto.tcl: Setting watchdog for 200 seconds at Wed Jan 22 06:47:01 UTC 2020
4 ms. Memory: 48128K Free: 26515K (55%)
ptolemy.util.test.WatchDog.cancel(): canceling Wed Jan 22 06:47:01 UTC 2020
auto.tcl: Setting watchdog for 200 seconds at Wed Jan 22 06:47:01 UTC 2020
2 ms. Memory: 48128K Free: 25776K (54%)
ptolemy.util.test.WatchDog.cancel(): canceling Wed Jan 22 06:47:01 UTC 2020
------------------ testing $PTII/ptolemy/domains/de/test/auto/DepthTest3.xml
auto.tcl: Setting watchdog for 200 seconds at Wed Jan 22 06:47:01 UTC 2020
3 ms. Memory: 48128K Free: 30193K (63%)
ptolemy.util.test.WatchDog.cancel(): canceling Wed Jan 22 06:47:01 UTC 2020
auto.tcl: Setting watchdog for 200 seconds at Wed Jan 22 06:47:01 UTC 2020
2 ms. Memory: 48128K Free: 29805K (62%)
ptolemy.util.test.WatchDog.cancel(): canceling Wed Jan 22 06:47:01 UTC 2020
------------------ testing $PTII/ptolemy/domains/de/test/auto/DepthTest4.xml
auto.tcl: Setting watchdog for 200 seconds at Wed Jan 22 06:47:01 UTC 2020
11 ms. Memory: 48128K Free: 28543K (59%)
ptolemy.util.test.WatchDog.cancel(): canceling Wed Jan 22 06:47:01 UTC 2020
auto.tcl: Setting watchdog for 200 seconds at Wed Jan 22 06:47:01 UTC 2020
2 ms. Memory: 48128K Free: 27801K (58%)
ptolemy.util.test.WatchDog.cancel(): canceling Wed Jan 22 06:47:01 UTC 2020
------------------ testing $PTII/ptolemy/domains/de/test/auto/DepthTest5.xml
auto.tcl: Setting watchdog for 200 seconds at Wed Jan 22 06:47:01 UTC 2020
3 ms. Memory: 48128K Free: 27927K (58%)
ptolemy.util.test.WatchDog.cancel(): canceling Wed Jan 22 06:47:01 UTC 2020
auto.tcl: Setting watchdog for 200 seconds at Wed Jan 22 06:47:01 UTC 2020
3 ms. Memory: 48128K Free: 27154K (56%)
ptolemy.util.test.WatchDog.cancel(): canceling Wed Jan 22 06:47:01 UTC 2020
------------------ testing $PTII/ptolemy/domains/de/test/auto/DepthTest6.xml
auto.tcl: Setting watchdog for 200 seconds at Wed Jan 22 06:47:01 UTC 2020
4 ms. Memory: 48128K Free: 27656K (57%)
ptolemy.util.test.WatchDog.cancel(): canceling Wed Jan 22 06:47:01 UTC 2020
auto.tcl: Setting watchdog for 200 seconds at Wed Jan 22 06:47:01 UTC 2020
1 ms. Memory: 48128K Free: 27263K (57%)
ptolemy.util.test.WatchDog.cancel(): canceling Wed Jan 22 06:47:01 UTC 2020
------------------ testing $PTII/ptolemy/domains/de/test/auto/DepthTest7.xml
auto.tcl: Setting watchdog for 200 seconds at Wed Jan 22 06:47:01 UTC 2020
2 ms. Memory: 48128K Free: 27914K (58%)
ptolemy.util.test.WatchDog.cancel(): canceling Wed Jan 22 06:47:01 UTC 2020
auto.tcl: Setting watchdog for 200 seconds at Wed Jan 22 06:47:01 UTC 2020
2 ms. Memory: 48128K Free: 27479K (57%)
ptolemy.util.test.WatchDog.cancel(): canceling Wed Jan 22 06:47:01 UTC 2020
------------------ testing $PTII/ptolemy/domains/de/test/auto/EventToDate.xml
auto.tcl: Setting watchdog for 200 seconds at Wed Jan 22 06:47:01 UTC 2020
3005 ms. Memory: 48128K Free: 19288K (40%)
ptolemy.util.test.WatchDog.cancel(): canceling Wed Jan 22 06:47:05 UTC 2020
auto.tcl: Setting watchdog for 200 seconds at Wed Jan 22 06:47:05 UTC 2020
3004 ms. Memory: 48128K Free: 18569K (39%)
ptolemy.util.test.WatchDog.cancel(): canceling Wed Jan 22 06:47:08 UTC 2020
------------------ testing $PTII/ptolemy/domains/de/test/auto/FSM1.xml
auto.tcl: Setting watchdog for 200 seconds at Wed Jan 22 06:47:08 UTC 2020
30 ms. Memory: 48128K Free: 20469K (43%)
ptolemy.util.test.WatchDog.cancel(): canceling Wed Jan 22 06:47:08 UTC 2020
auto.tcl: Setting watchdog for 200 seconds at Wed Jan 22 06:47:08 UTC 2020
23 ms. Memory: 48128K Free: 17231K (36%)
ptolemy.util.test.WatchDog.cancel(): canceling Wed Jan 22 06:47:08 UTC 2020
------------------ testing $PTII/ptolemy/domains/de/test/auto/FSM7.xml
auto.tcl: Setting watchdog for 200 seconds at Wed Jan 22 06:47:08 UTC 2020
24 ms. Memory: 48128K Free: 20650K (43%)
ptolemy.util.test.WatchDog.cancel(): canceling Wed Jan 22 06:47:08 UTC 2020
auto.tcl: Setting watchdog for 200 seconds at Wed Jan 22 06:47:08 UTC 2020
24 ms. Memory: 48128K Free: 17059K (35%)
ptolemy.util.test.WatchDog.cancel(): canceling Wed Jan 22 06:47:08 UTC 2020
------------------ testing $PTII/ptolemy/domains/de/test/auto/Inspection.xml
auto.tcl: Setting watchdog for 200 seconds at Wed Jan 22 06:47:08 UTC 2020
19 ms. Memory: 48128K Free: 19982K (42%)
ptolemy.util.test.WatchDog.cancel(): canceling Wed Jan 22 06:47:08 UTC 2020
auto.tcl: Setting watchdog for 200 seconds at Wed Jan 22 06:47:08 UTC 2020
18 ms. Memory: 48128K Free: 18109K (38%)
ptolemy.util.test.WatchDog.cancel(): canceling Wed Jan 22 06:47:08 UTC 2020
------------------ testing $PTII/ptolemy/domains/de/test/auto/Iteration.xml
auto.tcl: Setting watchdog for 200 seconds at Wed Jan 22 06:47:08 UTC 2020
8 ms. Memory: 48128K Free: 25955K (54%)
ptolemy.util.test.WatchDog.cancel(): canceling Wed Jan 22 06:47:08 UTC 2020
auto.tcl: Setting watchdog for 200 seconds at Wed Jan 22 06:47:08 UTC 2020
7 ms. Memory: 48128K Free: 24897K (52%)
ptolemy.util.test.WatchDog.cancel(): canceling Wed Jan 22 06:47:08 UTC 2020
------------------ testing $PTII/ptolemy/domains/de/test/auto/LineFault.xml
auto.tcl: Setting watchdog for 200 seconds at Wed Jan 22 06:47:08 UTC 2020
620 ms. Memory: 58368K Free: 32261K (55%)
ptolemy.util.test.WatchDog.cancel(): canceling Wed Jan 22 06:47:09 UTC 2020
auto.tcl: Setting watchdog for 200 seconds at Wed Jan 22 06:47:09 UTC 2020
585 ms. Memory: 58368K Free: 26330K (45%)
ptolemy.util.test.WatchDog.cancel(): canceling Wed Jan 22 06:47:10 UTC 2020
------------------ testing $PTII/ptolemy/domains/de/test/auto/MergeModel1Add.xml
auto.tcl: Setting watchdog for 200 seconds at Wed Jan 22 06:47:10 UTC 2020
37 ms. Memory: 58368K Free: 21605K (37%)
ptolemy.util.test.WatchDog.cancel(): canceling Wed Jan 22 06:47:10 UTC 2020
auto.tcl: Setting watchdog for 200 seconds at Wed Jan 22 06:47:10 UTC 2020
12 ms. Memory: 58368K Free: 20358K (35%)
ptolemy.util.test.WatchDog.cancel(): canceling Wed Jan 22 06:47:10 UTC 2020
------------------ testing $PTII/ptolemy/domains/de/test/auto/MergeModel2Add.xml
auto.tcl: Setting watchdog for 200 seconds at Wed Jan 22 06:47:10 UTC 2020
9 ms. Memory: 55296K Free: 21395K (39%)
ptolemy.util.test.WatchDog.cancel(): canceling Wed Jan 22 06:47:10 UTC 2020
auto.tcl: Setting watchdog for 200 seconds at Wed Jan 22 06:47:10 UTC 2020
10 ms. Memory: 55296K Free: 19701K (36%)
ptolemy.util.test.WatchDog.cancel(): canceling Wed Jan 22 06:47:10 UTC 2020
------------------ testing $PTII/ptolemy/domains/de/test/auto/MergeModel3Add.xml
auto.tcl: Setting watchdog for 200 seconds at Wed Jan 22 06:47:10 UTC 2020
9 ms. Memory: 55296K Free: 21404K (39%)
ptolemy.util.test.WatchDog.cancel(): canceling Wed Jan 22 06:47:10 UTC 2020
auto.tcl: Setting watchdog for 200 seconds at Wed Jan 22 06:47:10 UTC 2020
10 ms. Memory: 55296K Free: 19692K (36%)
ptolemy.util.test.WatchDog.cancel(): canceling Wed Jan 22 06:47:10 UTC 2020
------------------ testing $PTII/ptolemy/domains/de/test/auto/MergeWithoutDiscard.xml
auto.tcl: Setting watchdog for 200 seconds at Wed Jan 22 06:47:10 UTC 2020
1 ms. Memory: 55296K Free: 35999K (65%)
ptolemy.util.test.WatchDog.cancel(): canceling Wed Jan 22 06:47:10 UTC 2020
auto.tcl: Setting watchdog for 200 seconds at Wed Jan 22 06:47:10 UTC 2020
1 ms. Memory: 55296K Free: 35088K (63%)
ptolemy.util.test.WatchDog.cancel(): canceling Wed Jan 22 06:47:10 UTC 2020
------------------ testing $PTII/ptolemy/domains/de/test/auto/Modal1.xml
auto.tcl: Setting watchdog for 200 seconds at Wed Jan 22 06:47:10 UTC 2020
17 ms. Memory: 55296K Free: 28114K (51%)
ptolemy.util.test.WatchDog.cancel(): canceling Wed Jan 22 06:47:10 UTC 2020
auto.tcl: Setting watchdog for 200 seconds at Wed Jan 22 06:47:10 UTC 2020
23 ms. Memory: 55296K Free: 24573K (44%)
ptolemy.util.test.WatchDog.cancel(): canceling Wed Jan 22 06:47:10 UTC 2020
------------------ testing $PTII/ptolemy/domains/de/test/auto/Modal2.xml
auto.tcl: Setting watchdog for 200 seconds at Wed Jan 22 06:47:10 UTC 2020
16 ms. Memory: 51200K Free: 23063K (45%)
ptolemy.util.test.WatchDog.cancel(): canceling Wed Jan 22 06:47:10 UTC 2020
auto.tcl: Setting watchdog for 200 seconds at Wed Jan 22 06:47:10 UTC 2020
17 ms. Memory: 51200K Free: 19799K (39%)
ptolemy.util.test.WatchDog.cancel(): canceling Wed Jan 22 06:47:10 UTC 2020
------------------ testing $PTII/ptolemy/domains/de/test/auto/Modal3.xml
auto.tcl: Setting watchdog for 200 seconds at Wed Jan 22 06:47:10 UTC 2020
14 ms. Memory: 51200K Free: 23360K (46%)
ptolemy.util.test.WatchDog.cancel(): canceling Wed Jan 22 06:47:10 UTC 2020
auto.tcl: Setting watchdog for 200 seconds at Wed Jan 22 06:47:10 UTC 2020
18 ms. Memory: 51200K Free: 20413K (40%)
ptolemy.util.test.WatchDog.cancel(): canceling Wed Jan 22 06:47:10 UTC 2020
------------------ testing $PTII/ptolemy/domains/de/test/auto/Modal4.xml
auto.tcl: Setting watchdog for 200 seconds at Wed Jan 22 06:47:10 UTC 2020
24 ms. Memory: 51200K Free: 22618K (44%)
ptolemy.util.test.WatchDog.cancel(): canceling Wed Jan 22 06:47:10 UTC 2020
auto.tcl: Setting watchdog for 200 seconds at Wed Jan 22 06:47:10 UTC 2020
17 ms. Memory: 51200K Free: 18770K (37%)
ptolemy.util.test.WatchDog.cancel(): canceling Wed Jan 22 06:47:10 UTC 2020
------------------ testing $PTII/ptolemy/domains/de/test/auto/Modal5.xml
auto.tcl: Setting watchdog for 200 seconds at Wed Jan 22 06:47:10 UTC 2020
13 ms. Memory: 51200K Free: 22595K (44%)
ptolemy.util.test.WatchDog.cancel(): canceling Wed Jan 22 06:47:10 UTC 2020
auto.tcl: Setting watchdog for 200 seconds at Wed Jan 22 06:47:10 UTC 2020
21 ms. Memory: 51200K Free: 18928K (37%)
ptolemy.util.test.WatchDog.cancel(): canceling Wed Jan 22 06:47:11 UTC 2020
------------------ testing $PTII/ptolemy/domains/de/test/auto/Modal6.xml
auto.tcl: Setting watchdog for 200 seconds at Wed Jan 22 06:47:11 UTC 2020
11 ms. Memory: 51200K Free: 23589K (46%)
ptolemy.util.test.WatchDog.cancel(): canceling Wed Jan 22 06:47:11 UTC 2020
auto.tcl: Setting watchdog for 200 seconds at Wed Jan 22 06:47:11 UTC 2020
13 ms. Memory: 51200K Free: 19379K (38%)
ptolemy.util.test.WatchDog.cancel(): canceling Wed Jan 22 06:47:11 UTC 2020
------------------ testing $PTII/ptolemy/domains/de/test/auto/Modal7.xml
auto.tcl: Setting watchdog for 200 seconds at Wed Jan 22 06:47:11 UTC 2020
14 ms. Memory: 51200K Free: 22566K (44%)
ptolemy.util.test.WatchDog.cancel(): canceling Wed Jan 22 06:47:11 UTC 2020
auto.tcl: Setting watchdog for 200 seconds at Wed Jan 22 06:47:11 UTC 2020
11 ms. Memory: 51200K Free: 19020K (37%)
ptolemy.util.test.WatchDog.cancel(): canceling Wed Jan 22 06:47:11 UTC 2020
------------------ testing $PTII/ptolemy/domains/de/test/auto/ModalModel.xml
auto.tcl: Setting watchdog for 200 seconds at Wed Jan 22 06:47:11 UTC 2020
203 ms. Memory: 51200K Free: 14513K (28%)
ptolemy.util.test.WatchDog.cancel(): canceling Wed Jan 22 06:47:11 UTC 2020
auto.tcl: Setting watchdog for 200 seconds at Wed Jan 22 06:47:11 UTC 2020
202 ms. Memory: 61440K Free: 20179K (33%)
ptolemy.util.test.WatchDog.cancel(): canceling Wed Jan 22 06:47:11 UTC 2020
------------------ testing $PTII/ptolemy/domains/de/test/auto/ModalSource.xml
auto.tcl: Setting watchdog for 200 seconds at Wed Jan 22 06:47:11 UTC 2020
7 ms. Memory: 55296K Free: 31526K (57%)
ptolemy.util.test.WatchDog.cancel(): canceling Wed Jan 22 06:47:11 UTC 2020
auto.tcl: Setting watchdog for 200 seconds at Wed Jan 22 06:47:11 UTC 2020
6 ms. Memory: 55296K Free: 29478K (53%)
ptolemy.util.test.WatchDog.cancel(): canceling Wed Jan 22 06:47:11 UTC 2020
------------------ testing $PTII/ptolemy/domains/de/test/auto/NonInterruptibleTimerZeroDelay.xml
auto.tcl: Setting watchdog for 200 seconds at Wed Jan 22 06:47:11 UTC 2020
3 ms. Memory: 55296K Free: 36440K (66%)
ptolemy.util.test.WatchDog.cancel(): canceling Wed Jan 22 06:47:11 UTC 2020
auto.tcl: Setting watchdog for 200 seconds at Wed Jan 22 06:47:11 UTC 2020
2 ms. Memory: 55296K Free: 35784K (65%)
ptolemy.util.test.WatchDog.cancel(): canceling Wed Jan 22 06:47:11 UTC 2020
------------------ testing $PTII/ptolemy/domains/de/test/auto/OpenQueueingNetwork.xml
auto.tcl: Setting watchdog for 200 seconds at Wed Jan 22 06:47:11 UTC 2020
3138 ms. Memory: 122880K Free: 52535K (43%)
ptolemy.util.test.WatchDog.cancel(): canceling Wed Jan 22 06:47:15 UTC 2020
auto.tcl: Setting watchdog for 200 seconds at Wed Jan 22 06:47:15 UTC 2020
2571 ms. Memory: 122880K Free: 85791K (70%)
ptolemy.util.test.WatchDog.cancel(): canceling Wed Jan 22 06:47:17 UTC 2020
------------------ testing $PTII/ptolemy/domains/de/test/auto/OpenQueuingNetwork.xml
auto.tcl: Setting watchdog for 200 seconds at Wed Jan 22 06:47:17 UTC 2020
239 ms. Memory: 61440K Free: 35647K (58%)
ptolemy.util.test.WatchDog.cancel(): canceling Wed Jan 22 06:47:18 UTC 2020
auto.tcl: Setting watchdog for 200 seconds at Wed Jan 22 06:47:18 UTC 2020
215 ms. Memory: 61440K Free: 17665K (29%)
ptolemy.util.test.WatchDog.cancel(): canceling Wed Jan 22 06:47:18 UTC 2020
------------------ testing $PTII/ptolemy/domains/de/test/auto/PeriodicSampler.xml
auto.tcl: Setting watchdog for 200 seconds at Wed Jan 22 06:47:18 UTC 2020
3 ms. Memory: 55296K Free: 36138K (65%)
ptolemy.util.test.WatchDog.cancel(): canceling Wed Jan 22 06:47:18 UTC 2020
auto.tcl: Setting watchdog for 200 seconds at Wed Jan 22 06:47:18 UTC 2020
2 ms. Memory: 55296K Free: 35144K (64%)
ptolemy.util.test.WatchDog.cancel(): canceling Wed Jan 22 06:47:18 UTC 2020
------------------ testing $PTII/ptolemy/domains/de/test/auto/PersistentIO.xml
auto.tcl: Setting watchdog for 200 seconds at Wed Jan 22 06:47:18 UTC 2020
13 ms. Memory: 55296K Free: 30582K (55%)
ptolemy.util.test.WatchDog.cancel(): canceling Wed Jan 22 06:47:18 UTC 2020
auto.tcl: Setting watchdog for 200 seconds at Wed Jan 22 06:47:18 UTC 2020
4 ms. Memory: 55296K Free: 29062K (53%)
ptolemy.util.test.WatchDog.cancel(): canceling Wed Jan 22 06:47:18 UTC 2020
------------------ testing $PTII/ptolemy/domains/de/test/auto/PortParameterResetOnInitialize.xml
auto.tcl: Setting watchdog for 200 seconds at Wed Jan 22 06:47:18 UTC 2020
2 ms. Memory: 51200K Free: 31478K (61%)
ptolemy.util.test.WatchDog.cancel(): canceling Wed Jan 22 06:47:18 UTC 2020
auto.tcl: Setting watchdog for 200 seconds at Wed Jan 22 06:47:18 UTC 2020
4 ms. Memory: 51200K Free: 30972K (60%)
ptolemy.util.test.WatchDog.cancel(): canceling Wed Jan 22 06:47:18 UTC 2020
------------------ testing $PTII/ptolemy/domains/de/test/auto/PortParameterUpdates.xml
auto.tcl: Setting watchdog for 200 seconds at Wed Jan 22 06:47:18 UTC 2020
4 ms. Memory: 51200K Free: 30082K (59%)
ptolemy.util.test.WatchDog.cancel(): canceling Wed Jan 22 06:47:18 UTC 2020
auto.tcl: Setting watchdog for 200 seconds at Wed Jan 22 06:47:18 UTC 2020
2 ms. Memory: 51200K Free: 28530K (56%)
ptolemy.util.test.WatchDog.cancel(): canceling Wed Jan 22 06:47:18 UTC 2020
------------------ testing $PTII/ptolemy/domains/de/test/auto/QueueAndServer.xml
auto.tcl: Setting watchdog for 200 seconds at Wed Jan 22 06:47:18 UTC 2020
6 ms. Memory: 51200K Free: 28730K (56%)
ptolemy.util.test.WatchDog.cancel(): canceling Wed Jan 22 06:47:18 UTC 2020
auto.tcl: Setting watchdog for 200 seconds at Wed Jan 22 06:47:18 UTC 2020
6 ms. Memory: 51200K Free: 27476K (54%)
ptolemy.util.test.WatchDog.cancel(): canceling Wed Jan 22 06:47:18 UTC 2020
------------------ testing $PTII/ptolemy/domains/de/test/auto/Records.xml
auto.tcl: Setting watchdog for 200 seconds at Wed Jan 22 06:47:18 UTC 2020
5 ms. Memory: 51200K Free: 30722K (60%)
ptolemy.util.test.WatchDog.cancel(): canceling Wed Jan 22 06:47:18 UTC 2020
auto.tcl: Setting watchdog for 200 seconds at Wed Jan 22 06:47:18 UTC 2020
2 ms. Memory: 51200K Free: 30210K (59%)
ptolemy.util.test.WatchDog.cancel(): canceling Wed Jan 22 06:47:18 UTC 2020
------------------ testing $PTII/ptolemy/domains/de/test/auto/ResetTransitionWithStartTime1.xml
auto.tcl: Setting watchdog for 200 seconds at Wed Jan 22 06:47:18 UTC 2020
13 ms. Memory: 51200K Free: 27970K (55%)
ptolemy.util.test.WatchDog.cancel(): canceling Wed Jan 22 06:47:18 UTC 2020
auto.tcl: Setting watchdog for 200 seconds at Wed Jan 22 06:47:18 UTC 2020
6 ms. Memory: 51200K Free: 25400K (50%)
ptolemy.util.test.WatchDog.cancel(): canceling Wed Jan 22 06:47:18 UTC 2020
------------------ testing $PTII/ptolemy/domains/de/test/auto/ResetTransitionWithStartTime2.xml
auto.tcl: Setting watchdog for 200 seconds at Wed Jan 22 06:47:18 UTC 2020
6 ms. Memory: 51200K Free: 27925K (55%)
ptolemy.util.test.WatchDog.cancel(): canceling Wed Jan 22 06:47:18 UTC 2020
auto.tcl: Setting watchdog for 200 seconds at Wed Jan 22 06:47:18 UTC 2020
6 ms. Memory: 51200K Free: 25881K (51%)
ptolemy.util.test.WatchDog.cancel(): canceling Wed Jan 22 06:47:18 UTC 2020
------------------ testing $PTII/ptolemy/domains/de/test/auto/ResetTransitionWithStartTime3.xml
auto.tcl: Setting watchdog for 200 seconds at Wed Jan 22 06:47:18 UTC 2020
8 ms. Memory: 51200K Free: 27923K (55%)
ptolemy.util.test.WatchDog.cancel(): canceling Wed Jan 22 06:47:18 UTC 2020
auto.tcl: Setting watchdog for 200 seconds at Wed Jan 22 06:47:18 UTC 2020
6 ms. Memory: 51200K Free: 25361K (50%)
ptolemy.util.test.WatchDog.cancel(): canceling Wed Jan 22 06:47:18 UTC 2020
------------------ testing $PTII/ptolemy/domains/de/test/auto/ResetTransitionWithStartTime4.xml
auto.tcl: Setting watchdog for 200 seconds at Wed Jan 22 06:47:19 UTC 2020
12 ms. Memory: 51200K Free: 28369K (55%)
ptolemy.util.test.WatchDog.cancel(): canceling Wed Jan 22 06:47:19 UTC 2020
auto.tcl: Setting watchdog for 200 seconds at Wed Jan 22 06:47:19 UTC 2020
4 ms. Memory: 51200K Free: 26898K (53%)
ptolemy.util.test.WatchDog.cancel(): canceling Wed Jan 22 06:47:19 UTC 2020
------------------ testing $PTII/ptolemy/domains/de/test/auto/ResettableTimer1.xml
auto.tcl: Setting watchdog for 200 seconds at Wed Jan 22 06:47:19 UTC 2020
3 ms. Memory: 51200K Free: 32136K (63%)
ptolemy.util.test.WatchDog.cancel(): canceling Wed Jan 22 06:47:19 UTC 2020
auto.tcl: Setting watchdog for 200 seconds at Wed Jan 22 06:47:19 UTC 2020
2 ms. Memory: 51200K Free: 31491K (62%)
ptolemy.util.test.WatchDog.cancel(): canceling Wed Jan 22 06:47:19 UTC 2020
------------------ testing $PTII/ptolemy/domains/de/test/auto/ResettableTimer2.xml
auto.tcl: Setting watchdog for 200 seconds at Wed Jan 22 06:47:19 UTC 2020
3 ms. Memory: 51200K Free: 32195K (63%)
ptolemy.util.test.WatchDog.cancel(): canceling Wed Jan 22 06:47:19 UTC 2020
auto.tcl: Setting watchdog for 200 seconds at Wed Jan 22 06:47:19 UTC 2020
3 ms. Memory: 51200K Free: 31538K (62%)
ptolemy.util.test.WatchDog.cancel(): canceling Wed Jan 22 06:47:19 UTC 2020
------------------ testing $PTII/ptolemy/domains/de/test/auto/ResettableTimer3.xml
auto.tcl: Setting watchdog for 200 seconds at Wed Jan 22 06:47:19 UTC 2020
1 ms. Memory: 51200K Free: 32468K (63%)
ptolemy.util.test.WatchDog.cancel(): canceling Wed Jan 22 06:47:19 UTC 2020
auto.tcl: Setting watchdog for 200 seconds at Wed Jan 22 06:47:19 UTC 2020
1 ms. Memory: 51200K Free: 32056K (63%)
ptolemy.util.test.WatchDog.cancel(): canceling Wed Jan 22 06:47:19 UTC 2020
------------------ testing $PTII/ptolemy/domains/de/test/auto/ResettableTimer4.xml
auto.tcl: Setting watchdog for 200 seconds at Wed Jan 22 06:47:19 UTC 2020
2 ms. Memory: 51200K Free: 32075K (63%)
ptolemy.util.test.WatchDog.cancel(): canceling Wed Jan 22 06:47:19 UTC 2020
auto.tcl: Setting watchdog for 200 seconds at Wed Jan 22 06:47:19 UTC 2020
1 ms. Memory: 51200K Free: 32075K (63%)
ptolemy.util.test.WatchDog.cancel(): canceling Wed Jan 22 06:47:19 UTC 2020
------------------ testing $PTII/ptolemy/domains/de/test/auto/ResettableTimer5.xml
auto.tcl: Setting watchdog for 200 seconds at Wed Jan 22 06:47:19 UTC 2020
2 ms. Memory: 51200K Free: 32068K (63%)
ptolemy.util.test.WatchDog.cancel(): canceling Wed Jan 22 06:47:19 UTC 2020
auto.tcl: Setting watchdog for 200 seconds at Wed Jan 22 06:47:19 UTC 2020
2 ms. Memory: 51200K Free: 31561K (62%)
ptolemy.util.test.WatchDog.cancel(): canceling Wed Jan 22 06:47:19 UTC 2020
------------------ testing $PTII/ptolemy/domains/de/test/auto/ResettableTimer6.xml
auto.tcl: Setting watchdog for 200 seconds at Wed Jan 22 06:47:19 UTC 2020
2 ms. Memory: 51200K Free: 31545K (62%)
ptolemy.util.test.WatchDog.cancel(): canceling Wed Jan 22 06:47:19 UTC 2020
auto.tcl: Setting watchdog for 200 seconds at Wed Jan 22 06:47:19 UTC 2020
1 ms. Memory: 51200K Free: 31035K (61%)
ptolemy.util.test.WatchDog.cancel(): canceling Wed Jan 22 06:47:19 UTC 2020
------------------ testing $PTII/ptolemy/domains/de/test/auto/ServerZeroDelay.xml
auto.tcl: Setting watchdog for 200 seconds at Wed Jan 22 06:47:19 UTC 2020
3 ms. Memory: 51200K Free: 32050K (63%)
ptolemy.util.test.WatchDog.cancel(): canceling Wed Jan 22 06:47:19 UTC 2020
auto.tcl: Setting watchdog for 200 seconds at Wed Jan 22 06:47:19 UTC 2020
2 ms. Memory: 51200K Free: 31026K (61%)
ptolemy.util.test.WatchDog.cancel(): canceling Wed Jan 22 06:47:19 UTC 2020
------------------ testing $PTII/ptolemy/domains/de/test/auto/SmartSender.xml
auto.tcl: Setting watchdog for 200 seconds at Wed Jan 22 06:47:19 UTC 2020
3002 ms. Memory: 51200K Free: 32045K (63%)
ptolemy.util.test.WatchDog.cancel(): canceling Wed Jan 22 06:47:22 UTC 2020
auto.tcl: Setting watchdog for 200 seconds at Wed Jan 22 06:47:22 UTC 2020
3001 ms. Memory: 51200K Free: 31531K (62%)
ptolemy.util.test.WatchDog.cancel(): canceling Wed Jan 22 06:47:25 UTC 2020
------------------ testing $PTII/ptolemy/domains/de/test/auto/ThreadedComposite.xml
auto.tcl: Setting watchdog for 200 seconds at Wed Jan 22 06:47:25 UTC 2020
190 ms. Memory: 51200K Free: 13113K (26%)
ptolemy.util.test.WatchDog.cancel(): canceling Wed Jan 22 06:47:25 UTC 2020
auto.tcl: Setting watchdog for 200 seconds at Wed Jan 22 06:47:25 UTC 2020
143 ms. Memory: 61440K Free: 38497K (63%)
ptolemy.util.test.WatchDog.cancel(): canceling Wed Jan 22 06:47:25 UTC 2020
------------------ testing $PTII/ptolemy/domains/de/test/auto/Time.xml
auto.tcl: Setting watchdog for 200 seconds at Wed Jan 22 06:47:25 UTC 2020
552 ms. Memory: 55296K Free: 13742K (25%)
ptolemy.util.test.WatchDog.cancel(): canceling Wed Jan 22 06:47:26 UTC 2020
auto.tcl: Setting watchdog for 200 seconds at Wed Jan 22 06:47:26 UTC 2020
505 ms. Memory: 55296K Free: 23428K (42%)
ptolemy.util.test.WatchDog.cancel(): canceling Wed Jan 22 06:47:27 UTC 2020
------------------ testing $PTII/ptolemy/domains/de/test/auto/TimeDelayZeroDelay.xml
auto.tcl: Setting watchdog for 200 seconds at Wed Jan 22 06:47:27 UTC 2020
2 ms. Memory: 51200K Free: 31975K (62%)
ptolemy.util.test.WatchDog.cancel(): canceling Wed Jan 22 06:47:27 UTC 2020
auto.tcl: Setting watchdog for 200 seconds at Wed Jan 22 06:47:27 UTC 2020
2 ms. Memory: 51200K Free: 31091K (61%)
ptolemy.util.test.WatchDog.cancel(): canceling Wed Jan 22 06:47:27 UTC 2020
------------------ testing $PTII/ptolemy/domains/de/test/auto/TimerZeroDelay.xml
auto.tcl: Setting watchdog for 200 seconds at Wed Jan 22 06:47:27 UTC 2020
2 ms. Memory: 51200K Free: 32432K (63%)
ptolemy.util.test.WatchDog.cancel(): canceling Wed Jan 22 06:47:27 UTC 2020
auto.tcl: Setting watchdog for 200 seconds at Wed Jan 22 06:47:27 UTC 2020
1 ms. Memory: 51200K Free: 32018K (63%)
ptolemy.util.test.WatchDog.cancel(): canceling Wed Jan 22 06:47:27 UTC 2020
------------------ testing $PTII/ptolemy/domains/de/test/auto/TimingParadox.xml
auto.tcl: Setting watchdog for 200 seconds at Wed Jan 22 06:47:27 UTC 2020
297 ms. Memory: 51200K Free: 21109K (41%)
ptolemy.util.test.WatchDog.cancel(): canceling Wed Jan 22 06:47:27 UTC 2020
auto.tcl: Setting watchdog for 200 seconds at Wed Jan 22 06:47:27 UTC 2020
305 ms. Memory: 51200K Free: 12498K (24%)
ptolemy.util.test.WatchDog.cancel(): canceling Wed Jan 22 06:47:27 UTC 2020
------------------ testing $PTII/ptolemy/domains/de/test/auto/TransferInputs.xml
auto.tcl: Setting watchdog for 200 seconds at Wed Jan 22 06:47:27 UTC 2020
2 ms. Memory: 51200K Free: 30494K (60%)
ptolemy.util.test.WatchDog.cancel(): canceling Wed Jan 22 06:47:27 UTC 2020
auto.tcl: Setting watchdog for 200 seconds at Wed Jan 22 06:47:27 UTC 2020
2 ms. Memory: 51200K Free: 29572K (58%)
ptolemy.util.test.WatchDog.cancel(): canceling Wed Jan 22 06:47:27 UTC 2020
------------------ testing $PTII/ptolemy/domains/de/test/auto/TransferOutputs2.xml
auto.tcl: Setting watchdog for 200 seconds at Wed Jan 22 06:47:28 UTC 2020
2 ms. Memory: 51200K Free: 27928K (55%)
ptolemy.util.test.WatchDog.cancel(): canceling Wed Jan 22 06:47:28 UTC 2020
auto.tcl: Setting watchdog for 200 seconds at Wed Jan 22 06:47:28 UTC 2020
2 ms. Memory: 51200K Free: 26517K (52%)
ptolemy.util.test.WatchDog.cancel(): canceling Wed Jan 22 06:47:28 UTC 2020
------------------ testing $PTII/ptolemy/domains/de/test/auto/Trilateration.xml
auto.tcl: Setting watchdog for 200 seconds at Wed Jan 22 06:47:28 UTC 2020
13372 ms. Memory: 459776K Free: 420239K (91%)
ptolemy.util.test.WatchDog.cancel(): canceling Wed Jan 22 06:47:42 UTC 2020
auto.tcl: Setting watchdog for 200 seconds at Wed Jan 22 06:47:42 UTC 2020
9260 ms. Memory: 459776K Free: 217913K (47%)
ptolemy.util.test.WatchDog.cancel(): canceling Wed Jan 22 06:47:51 UTC 2020
------------------ testing $PTII/ptolemy/domains/de/test/auto/TwoSigmaDelta.xml
auto.tcl: Setting watchdog for 200 seconds at Wed Jan 22 06:47:51 UTC 2020
2208 ms. Memory: 92160K Free: 31170K (34%)
ptolemy.util.test.WatchDog.cancel(): canceling Wed Jan 22 06:47:54 UTC 2020
auto.tcl: Setting watchdog for 200 seconds at Wed Jan 22 06:47:54 UTC 2020
1761 ms. Memory: 92160K Free: 33751K (37%)
ptolemy.util.test.WatchDog.cancel(): canceling Wed Jan 22 06:47:55 UTC 2020
------------------ testing $PTII/ptolemy/domains/de/test/auto/VariableDelay.xml
auto.tcl: Setting watchdog for 200 seconds at Wed Jan 22 06:47:55 UTC 2020
3 ms. Memory: 55296K Free: 35074K (63%)
ptolemy.util.test.WatchDog.cancel(): canceling Wed Jan 22 06:47:56 UTC 2020
auto.tcl: Setting watchdog for 200 seconds at Wed Jan 22 06:47:56 UTC 2020
2 ms. Memory: 55296K Free: 34058K (62%)
ptolemy.util.test.WatchDog.cancel(): canceling Wed Jan 22 06:47:56 UTC 2020
------------------ testing $PTII/ptolemy/domains/de/test/auto/VariableDelay2.xml
auto.tcl: Setting watchdog for 200 seconds at Wed Jan 22 06:47:56 UTC 2020
10 ms. Memory: 55296K Free: 36038K (65%)
ptolemy.util.test.WatchDog.cancel(): canceling Wed Jan 22 06:47:56 UTC 2020
auto.tcl: Setting watchdog for 200 seconds at Wed Jan 22 06:47:56 UTC 2020
2 ms. Memory: 55296K Free: 34977K (63%)
ptolemy.util.test.WatchDog.cancel(): canceling Wed Jan 22 06:47:56 UTC 2020
------------------ testing $PTII/ptolemy/domains/de/test/auto/VariableDelayZeroDelay.xml
auto.tcl: Setting watchdog for 200 seconds at Wed Jan 22 06:47:56 UTC 2020
2 ms. Memory: 55296K Free: 36012K (65%)
ptolemy.util.test.WatchDog.cancel(): canceling Wed Jan 22 06:47:56 UTC 2020
auto.tcl: Setting watchdog for 200 seconds at Wed Jan 22 06:47:56 UTC 2020
2 ms. Memory: 55296K Free: 35480K (64%)
ptolemy.util.test.WatchDog.cancel(): canceling Wed Jan 22 06:47:56 UTC 2020
------------------ testing $PTII/ptolemy/domains/de/test/auto/VariableDelayZeroDelay2.xml
auto.tcl: Setting watchdog for 200 seconds at Wed Jan 22 06:47:56 UTC 2020
2 ms. Memory: 55296K Free: 35999K (65%)
ptolemy.util.test.WatchDog.cancel(): canceling Wed Jan 22 06:47:56 UTC 2020
auto.tcl: Setting watchdog for 200 seconds at Wed Jan 22 06:47:56 UTC 2020
2 ms. Memory: 55296K Free: 34975K (63%)
ptolemy.util.test.WatchDog.cancel(): canceling Wed Jan 22 06:47:56 UTC 2020
------------------ testing $PTII/ptolemy/domains/de/test/auto/deInCt.xml
auto.tcl: Setting watchdog for 200 seconds at Wed Jan 22 06:47:56 UTC 2020
0
1
1
1
0
0
0
1
1
1
0
0
0
0
1
1
1
0
0
0
0
1
1
1
0
0
0
1
1
1
1
1
1
14 ms. Memory: 55296K Free: 34972K (63%)
ptolemy.util.test.WatchDog.cancel(): canceling Wed Jan 22 06:47:56 UTC 2020
auto.tcl: Setting watchdog for 200 seconds at Wed Jan 22 06:47:56 UTC 2020
0
1
1
1
1
0
0
0
1
1
1
0
0
0
1
1
1
0
0
0
0
1
1
1
0
0
0
0
1
1
1
1
0
0
0
1
1
1
0
0
0
1
1
1
7 ms. Memory: 55296K Free: 33434K (60%)
ptolemy.util.test.WatchDog.cancel(): canceling Wed Jan 22 06:47:56 UTC 2020
------------------ testing $PTII/ptolemy/domains/de/test/auto/deInCt2.xml
auto.tcl: Setting watchdog for 200 seconds at Wed Jan 22 06:47:56 UTC 2020
0
1
1
1
0
0
1
1
1
0
0
1
1
1
0
0
1
1
1
0
0
1
1
1
0
0
1
1
1
0
0
1
1
1
0
0
1
1
1
0
0
0
16 ms. Memory: 55296K Free: 34975K (63%)
ptolemy.util.test.WatchDog.cancel(): canceling Wed Jan 22 06:47:56 UTC 2020
auto.tcl: Setting watchdog for 200 seconds at Wed Jan 22 06:47:56 UTC 2020
0
1
1
1
0
0
1
1
1
0
0
1
1
1
0
0
1
1
1
0
0
1
1
1
0
0
1
1
1
0
0
1
1
1
0
0
1
1
1
0
0
0
7 ms. Memory: 55296K Free: 33437K (60%)
ptolemy.util.test.WatchDog.cancel(): canceling Wed Jan 22 06:47:56 UTC 2020
------------------ testing $PTII/ptolemy/domains/de/test/auto/dynamicCausalityInterface1.xml
auto.tcl: Setting watchdog for 200 seconds at Wed Jan 22 06:47:56 UTC 2020
1 ms. Memory: 55296K Free: 30873K (56%)
ptolemy.util.test.WatchDog.cancel(): canceling Wed Jan 22 06:47:56 UTC 2020
auto.tcl: Setting watchdog for 200 seconds at Wed Jan 22 06:47:56 UTC 2020
1 ms. Memory: 55296K Free: 30359K (55%)
ptolemy.util.test.WatchDog.cancel(): canceling Wed Jan 22 06:47:56 UTC 2020
------------------ testing $PTII/ptolemy/domains/de/test/auto/fsm_de_test.xml
auto.tcl: Setting watchdog for 200 seconds at Wed Jan 22 06:47:56 UTC 2020
10 ms. Memory: 55296K Free: 30772K (56%)
ptolemy.util.test.WatchDog.cancel(): canceling Wed Jan 22 06:47:56 UTC 2020
auto.tcl: Setting watchdog for 200 seconds at Wed Jan 22 06:47:56 UTC 2020
6 ms. Memory: 55296K Free: 28724K (52%)
ptolemy.util.test.WatchDog.cancel(): canceling Wed Jan 22 06:47:56 UTC 2020
------------------ testing $PTII/ptolemy/domains/de/test/auto/functionDependencyReconstruction.xml
auto.tcl: Setting watchdog for 200 seconds at Wed Jan 22 06:47:56 UTC 2020
2 ms. Memory: 55296K Free: 24617K (45%)
ptolemy.util.test.WatchDog.cancel(): canceling Wed Jan 22 06:47:56 UTC 2020
auto.tcl: Setting watchdog for 200 seconds at Wed Jan 22 06:47:56 UTC 2020
1 ms. Memory: 55296K Free: 22569K (41%)
ptolemy.util.test.WatchDog.cancel(): canceling Wed Jan 22 06:47:56 UTC 2020
------------------ testing $PTII/ptolemy/domains/de/test/auto/multirate.xml
auto.tcl: Setting watchdog for 200 seconds at Wed Jan 22 06:47:56 UTC 2020
3 ms. Memory: 55296K Free: 33382K (60%)
ptolemy.util.test.WatchDog.cancel(): canceling Wed Jan 22 06:47:56 UTC 2020
auto.tcl: Setting watchdog for 200 seconds at Wed Jan 22 06:47:56 UTC 2020
3 ms. Memory: 55296K Free: 31667K (57%)
ptolemy.util.test.WatchDog.cancel(): canceling Wed Jan 22 06:47:56 UTC 2020
------------------ testing $PTII/ptolemy/domains/de/test/auto/multirate2.xml
auto.tcl: Setting watchdog for 200 seconds at Wed Jan 22 06:47:56 UTC 2020
4 ms. Memory: 55296K Free: 33546K (61%)
ptolemy.util.test.WatchDog.cancel(): canceling Wed Jan 22 06:47:56 UTC 2020
auto.tcl: Setting watchdog for 200 seconds at Wed Jan 22 06:47:56 UTC 2020
3 ms. Memory: 55296K Free: 32328K (58%)
ptolemy.util.test.WatchDog.cancel(): canceling Wed Jan 22 06:47:56 UTC 2020
------------------ testing $PTII/ptolemy/domains/de/test/auto/realtime.xml
auto.tcl: Setting watchdog for 200 seconds at Wed Jan 22 06:47:56 UTC 2020
10001 ms. Memory: 55296K Free: 35624K (64%)
ptolemy.util.test.WatchDog.cancel(): canceling Wed Jan 22 06:48:06 UTC 2020
auto.tcl: Setting watchdog for 200 seconds at Wed Jan 22 06:48:06 UTC 2020
10001 ms. Memory: 55296K Free: 34919K (63%)
ptolemy.util.test.WatchDog.cancel(): canceling Wed Jan 22 06:48:16 UTC 2020
------------------ testing $PTII/ptolemy/domains/de/test/auto/relationGroup.xml
auto.tcl: Setting watchdog for 200 seconds at Wed Jan 22 06:48:16 UTC 2020
2 ms. Memory: 55296K Free: 36703K (66%)
ptolemy.util.test.WatchDog.cancel(): canceling Wed Jan 22 06:48:16 UTC 2020
auto.tcl: Setting watchdog for 200 seconds at Wed Jan 22 06:48:16 UTC 2020
2 ms. Memory: 55296K Free: 36159K (65%)
ptolemy.util.test.WatchDog.cancel(): canceling Wed Jan 22 06:48:16 UTC 2020
------------------ testing $PTII/ptolemy/domains/de/test/auto/relationGroup2.xml
auto.tcl: Setting watchdog for 200 seconds at Wed Jan 22 06:48:16 UTC 2020
2 ms. Memory: 55296K Free: 36728K (66%)
ptolemy.util.test.WatchDog.cancel(): canceling Wed Jan 22 06:48:16 UTC 2020
auto.tcl: Setting watchdog for 200 seconds at Wed Jan 22 06:48:16 UTC 2020
1 ms. Memory: 55296K Free: 36023K (65%)
ptolemy.util.test.WatchDog.cancel(): canceling Wed Jan 22 06:48:16 UTC 2020
------------------ testing $PTII/ptolemy/domains/de/test/auto/sortWithOpaquePorts.xml
auto.tcl: Setting watchdog for 200 seconds at Wed Jan 22 06:48:16 UTC 2020
2 ms. Memory: 51200K Free: 31401K (61%)
ptolemy.util.test.WatchDog.cancel(): canceling Wed Jan 22 06:48:16 UTC 2020
auto.tcl: Setting watchdog for 200 seconds at Wed Jan 22 06:48:16 UTC 2020
2 ms. Memory: 51200K Free: 30391K (59%)
ptolemy.util.test.WatchDog.cancel(): canceling Wed Jan 22 06:48:16 UTC 2020
------------------ testing $PTII/ptolemy/domains/de/test/auto/transferInputsandOutputs.xml
auto.tcl: Setting watchdog for 200 seconds at Wed Jan 22 06:48:17 UTC 2020
2 ms. Memory: 51200K Free: 28844K (56%)
ptolemy.util.test.WatchDog.cancel(): canceling Wed Jan 22 06:48:17 UTC 2020
auto.tcl: Setting watchdog for 200 seconds at Wed Jan 22 06:48:17 UTC 2020
3 ms. Memory: 51200K Free: 27820K (54%)
ptolemy.util.test.WatchDog.cancel(): canceling Wed Jan 22 06:48:17 UTC 2020
------------------ testing $PTII/ptolemy/domains/de/test/auto/triggerType.xml
auto.tcl: Setting watchdog for 200 seconds at Wed Jan 22 06:48:17 UTC 2020
1 ms. Memory: 51200K Free: 31869K (62%)
ptolemy.util.test.WatchDog.cancel(): canceling Wed Jan 22 06:48:17 UTC 2020
auto.tcl: Setting watchdog for 200 seconds at Wed Jan 22 06:48:17 UTC 2020
2 ms. Memory: 51200K Free: 30845K (60%)
ptolemy.util.test.WatchDog.cancel(): canceling Wed Jan 22 06:48:17 UTC 2020
01/22/20 06:48:17
Failed: 0  Total Tests: 192  ((Passed: 187, Newly Passed: 1)  Known Failed: 5) /home/travis/build/icyphy/ptII/ptolemy/domains/de/test
01/22/20 06:48:17
Failed: 0  Total Tests: 192  ((Passed: 187, Newly Passed: 1)  Known Failed: 5) /home/travis/build/icyphy/ptII/ptolemy/domains/de/test
----------------- testing (KnownFailure) /home/travis/build/icyphy/ptII/ptolemy/domains/de/test/auto/knownFailedTests/DESDFClockTest.xml
2022 ms. Memory: 51200K Free: 25264K (49%)
Known Failure: java.lang.reflect.InvocationTargetException
----------------- testing (KnownFailure) /home/travis/build/icyphy/ptII/ptolemy/domains/de/test/auto/knownFailedTests/DirectFeedback.xml
2 ms. Memory: 51200K Free: 21168K (41%)
Known Failure: java.lang.reflect.InvocationTargetException
----------------- testing (KnownFailure) /home/travis/build/icyphy/ptII/ptolemy/domains/de/test/auto/knownFailedTests/FSMSource.xml
10 ms. Memory: 51200K Free: 13490K (26%)
----------------- testing (KnownFailure) /home/travis/build/icyphy/ptII/ptolemy/domains/de/test/auto/knownFailedTests/HierarchicalModel.xml
3 ms. Memory: 51200K Free: 25651K (50%)
Known Failure: java.lang.reflect.InvocationTargetException
----------------- testing (KnownFailure) /home/travis/build/icyphy/ptII/ptolemy/domains/de/test/auto/knownFailedTests/dependencyLoop.xml
2 ms. Memory: 51200K Free: 10624K (21%)
Known Failure: java.lang.reflect.InvocationTargetException
----------------- testing (KnownFailure) /home/travis/build/icyphy/ptII/ptolemy/domains/de/test/auto/knownFailedTests/dependencyLoop2.xml
7 ms. Memory: 51200K Free: 23646K (46%)
Known Failure: java.lang.reflect.InvocationTargetException
No auto/linux-amd64/*.xml tests in /home/travis/build/icyphy/ptII/ptolemy/domains/de/test
AutoTests.java: About to close Vertx.
AutoTests.java: Vertx closed.

===========================================================================================
----------------- testing Wed Jan 22 06:48:19 UTC 2020 /home/travis/build/icyphy/ptII/ptolemy/domains/de/test/auto/ActorDepthCalculation_actorWithoutPorts.xml
----------------- Instantiating /home/travis/build/icyphy/ptII/ptolemy/domains/de/test/auto/ActorDepthCalculation_actorWithoutPorts.xml
2 ms. Memory: 51200K Free: 16817K (33%)
----------------- Invoking toplevel() on ptolemy.moml.MoMLSimpleApplication@40bff221
----------------- Done invoking toplevel() on ptolemy.moml.MoMLSimpleApplication@40bff221
reloadAllAccessors: .ActorDepthCalculation_actorWithoutPorts

===========================================================================================
----------------- testing Wed Jan 22 06:48:19 UTC 2020 /home/travis/build/icyphy/ptII/ptolemy/domains/de/test/auto/AssemblyLine.xml
----------------- Instantiating /home/travis/build/icyphy/ptII/ptolemy/domains/de/test/auto/AssemblyLine.xml
2 ms. Memory: 51200K Free: 9927K (19%)
----------------- Invoking toplevel() on ptolemy.moml.MoMLSimpleApplication@5bf88bff
----------------- Done invoking toplevel() on ptolemy.moml.MoMLSimpleApplication@5bf88bff
reloadAllAccessors: .AssemblyLine

===========================================================================================
----------------- testing Wed Jan 22 06:48:19 UTC 2020 /home/travis/build/icyphy/ptII/ptolemy/domains/de/test/auto/CQBug1.xml
----------------- Instantiating /home/travis/build/icyphy/ptII/ptolemy/domains/de/test/auto/CQBug1.xml
0 ms. Memory: 51200K Free: 34761K (68%)
----------------- Invoking toplevel() on ptolemy.moml.MoMLSimpleApplication@362f9479
----------------- Done invoking toplevel() on ptolemy.moml.MoMLSimpleApplication@362f9479
reloadAllAccessors: .CQBug1

===========================================================================================
----------------- testing Wed Jan 22 06:48:19 UTC 2020 /home/travis/build/icyphy/ptII/ptolemy/domains/de/test/auto/CancelFireAt.xml
----------------- Instantiating /home/travis/build/icyphy/ptII/ptolemy/domains/de/test/auto/CancelFireAt.xml
1 ms. Memory: 51200K Free: 32350K (63%)
----------------- Invoking toplevel() on ptolemy.moml.MoMLSimpleApplication@203b481
----------------- Done invoking toplevel() on ptolemy.moml.MoMLSimpleApplication@203b481
reloadAllAccessors: .CancelFireAt

===========================================================================================
----------------- testing Wed Jan 22 06:48:19 UTC 2020 /home/travis/build/icyphy/ptII/ptolemy/domains/de/test/auto/CausalityAndComposabilityAnalysis.xml
----------------- Instantiating /home/travis/build/icyphy/ptII/ptolemy/domains/de/test/auto/CausalityAndComposabilityAnalysis.xml
13 ms. Memory: 51200K Free: 27967K (55%)
----------------- Invoking toplevel() on ptolemy.moml.MoMLSimpleApplication@38de96f8
----------------- Done invoking toplevel() on ptolemy.moml.MoMLSimpleApplication@38de96f8
reloadAllAccessors: .CausalityAndComposabilityAnalysis

===========================================================================================
----------------- testing Wed Jan 22 06:48:19 UTC 2020 /home/travis/build/icyphy/ptII/ptolemy/domains/de/test/auto/CausalityInterface1.xml
----------------- Instantiating /home/travis/build/icyphy/ptII/ptolemy/domains/de/test/auto/CausalityInterface1.xml
4 ms. Memory: 51200K Free: 23148K (45%)
----------------- Invoking toplevel() on ptolemy.moml.MoMLSimpleApplication@3ae16089
----------------- Done invoking toplevel() on ptolemy.moml.MoMLSimpleApplication@3ae16089
reloadAllAccessors: .CausalityInterface1

===========================================================================================
----------------- testing Wed Jan 22 06:48:19 UTC 2020 /home/travis/build/icyphy/ptII/ptolemy/domains/de/test/auto/CausalityInterface15.xml
----------------- Instantiating /home/travis/build/icyphy/ptII/ptolemy/domains/de/test/auto/CausalityInterface15.xml
2 ms. Memory: 51200K Free: 17706K (35%)
----------------- Invoking toplevel() on ptolemy.moml.MoMLSimpleApplication@6be97db
----------------- Done invoking toplevel() on ptolemy.moml.MoMLSimpleApplication@6be97db
reloadAllAccessors: .CausalityInterface15

===========================================================================================
----------------- testing Wed Jan 22 06:48:19 UTC 2020 /home/travis/build/icyphy/ptII/ptolemy/domains/de/test/auto/CausalityInterface2.xml
----------------- Instantiating /home/travis/build/icyphy/ptII/ptolemy/domains/de/test/auto/CausalityInterface2.xml
2 ms. Memory: 51200K Free: 13187K (26%)
[...]
	at ptolemy.actor.Manager.run(Manager.java:1263)
	at ptolemy.actor.Manager$PtolemyRunThread.run(Manager.java:1933)
java.lang.RuntimeException: Execution failed
	at ptolemy.moml.MoMLSimpleApplication$UnloadThread.run(MoMLSimpleApplication.java:402)
Caused by: ptolemy.kernel.util.IllegalActionException: Actor is not ready to fire.  Perhaps UpSample.prefire() returned false? Try debugging the actor by selecting "Listen to Actor".  Also, for SDF check moml for tokenConsumptionRate on input.
  in .DESDFClockTest.Play Bell.Copy1:SDF Director and .DESDFClockTest.Play Bell.UpSample
	at ptolemy.actor.sched.StaticSchedulingDirector.fire(StaticSchedulingDirector.java:227)
	at ptolemy.domains.sdf.kernel.SDFDirector.fire(SDFDirector.java:500)
	at ptolemy.actor.CompositeActor.fire(CompositeActor.java:455)
	at ptolemy.domains.de.kernel.DEDirector._fire(DEDirector.java:1949)
	at ptolemy.domains.de.kernel.DEDirector.fire(DEDirector.java:502)
	at ptolemy.actor.CompositeActor.fire(CompositeActor.java:455)
	at ptolemy.actor.Manager.iterate(Manager.java:851)
	at ptolemy.actor.Manager.execute(Manager.java:369)
	at ptolemy.actor.Manager.run(Manager.java:1263)
	at ptolemy.actor.Manager$PtolemyRunThread.run(Manager.java:1933)
java.lang.reflect.InvocationTargetException
	at java.base/jdk.internal.reflect.NativeConstructorAccessorImpl.newInstance0(Native Method)
	at java.base/jdk.internal.reflect.NativeConstructorAccessorImpl.newInstance(NativeConstructorAccessorImpl.java:62)
	at java.base/jdk.internal.reflect.DelegatingConstructorAccessorImpl.newInstance(DelegatingConstructorAccessorImpl.java:45)
	at java.base/java.lang.reflect.Constructor.newInstance(Constructor.java:490)
	at ptolemy.util.test.junit.AutoKnownFailedTests.RunModel(AutoKnownFailedTests.java:105)
	at java.base/jdk.internal.reflect.NativeMethodAccessorImpl.invoke0(Native Method)
	at java.base/jdk.internal.reflect.NativeMethodAccessorImpl.invoke(NativeMethodAccessorImpl.java:62)
	at java.base/jdk.internal.reflect.DelegatingMethodAccessorImpl.invoke(DelegatingMethodAccessorImpl.java:43)
	at java.base/java.lang.reflect.Method.invoke(Method.java:566)
	at org.junit.runners.model.FrameworkMethod$1.runReflectiveCall(FrameworkMethod.java:44)
	at org.junit.internal.runners.model.ReflectiveCallable.run(ReflectiveCallable.java:15)
	at org.junit.runners.model.FrameworkMethod.invokeExplosively(FrameworkMethod.java:41)
	at junitparams.internal.InvokeParameterisedMethod.evaluate(InvokeParameterisedMethod.java:102)
	at org.junit.internal.runners.statements.FailOnTimeout$1.run(FailOnTimeout.java:28)
Caused by: ptolemy.kernel.util.IllegalActionException: Actor is not ready to fire.  Perhaps UpSample.prefire() returned false? Try debugging the actor by selecting "Listen to Actor".  Also, for SDF check moml for tokenConsumptionRate on input.
  in .DESDFClockTest.Play Bell.Copy1:SDF Director and .DESDFClockTest.Play Bell.UpSample
	at ptolemy.actor.sched.StaticSchedulingDirector.fire(StaticSchedulingDirector.java:227)
	at ptolemy.domains.sdf.kernel.SDFDirector.fire(SDFDirector.java:500)
	at ptolemy.actor.CompositeActor.fire(CompositeActor.java:455)
	at ptolemy.domains.de.kernel.DEDirector._fire(DEDirector.java:1949)
	at ptolemy.domains.de.kernel.DEDirector.fire(DEDirector.java:502)
	at ptolemy.actor.CompositeActor.fire(CompositeActor.java:455)
	at ptolemy.actor.Manager.iterate(Manager.java:851)
	at ptolemy.actor.Manager.execute(Manager.java:369)
	at ptolemy.actor.Manager.run(Manager.java:1263)
	at ptolemy.actor.Manager$PtolemyRunThread.run(Manager.java:1933)
java.lang.RuntimeException: Execution failed
	at ptolemy.moml.MoMLSimpleApplication$UnloadThread.run(MoMLSimpleApplication.java:402)
Caused by: ptolemy.kernel.util.IllegalActionException: Test fails in iteration 1.
Value was: 1.0. Should have been: 2.0
  in .DirectFeedback.Test
	at ptolemy.actor.lib.Test.fire(Test.java:268)
	at ptolemy.domains.de.kernel.DEDirector._fire(DEDirector.java:1949)
	at ptolemy.domains.de.kernel.DEDirector.fire(DEDirector.java:502)
	at ptolemy.actor.CompositeActor.fire(CompositeActor.java:455)
	at ptolemy.actor.Manager.iterate(Manager.java:851)
	at ptolemy.actor.Manager.execute(Manager.java:369)
	at ptolemy.actor.Manager.run(Manager.java:1263)
	at ptolemy.actor.Manager$PtolemyRunThread.run(Manager.java:1933)
java.lang.reflect.InvocationTargetException
	at java.base/jdk.internal.reflect.NativeConstructorAccessorImpl.newInstance0(Native Method)
	at java.base/jdk.internal.reflect.NativeConstructorAccessorImpl.newInstance(NativeConstructorAccessorImpl.java:62)
	at java.base/jdk.internal.reflect.DelegatingConstructorAccessorImpl.newInstance(DelegatingConstructorAccessorImpl.java:45)
	at java.base/java.lang.reflect.Constructor.newInstance(Constructor.java:490)
	at ptolemy.util.test.junit.AutoKnownFailedTests.RunModel(AutoKnownFailedTests.java:105)
	at java.base/jdk.internal.reflect.NativeMethodAccessorImpl.invoke0(Native Method)
	at java.base/jdk.internal.reflect.NativeMethodAccessorImpl.invoke(NativeMethodAccessorImpl.java:62)
	at java.base/jdk.internal.reflect.DelegatingMethodAccessorImpl.invoke(DelegatingMethodAccessorImpl.java:43)
	at java.base/java.lang.reflect.Method.invoke(Method.java:566)
	at org.junit.runners.model.FrameworkMethod$1.runReflectiveCall(FrameworkMethod.java:44)
	at org.junit.internal.runners.model.ReflectiveCallable.run(ReflectiveCallable.java:15)
	at org.junit.runners.model.FrameworkMethod.invokeExplosively(FrameworkMethod.java:41)
	at junitparams.internal.InvokeParameterisedMethod.evaluate(InvokeParameterisedMethod.java:102)
	at org.junit.internal.runners.statements.FailOnTimeout$1.run(FailOnTimeout.java:28)
Caused by: ptolemy.kernel.util.IllegalActionException: Test fails in iteration 1.
Value was: 1.0. Should have been: 2.0
  in .DirectFeedback.Test
	at ptolemy.actor.lib.Test.fire(Test.java:268)
	at ptolemy.domains.de.kernel.DEDirector._fire(DEDirector.java:1949)
	at ptolemy.domains.de.kernel.DEDirector.fire(DEDirector.java:502)
	at ptolemy.actor.CompositeActor.fire(CompositeActor.java:455)
	at ptolemy.actor.Manager.iterate(Manager.java:851)
	at ptolemy.actor.Manager.execute(Manager.java:369)
	at ptolemy.actor.Manager.run(Manager.java:1263)
	at ptolemy.actor.Manager$PtolemyRunThread.run(Manager.java:1933)
java.lang.RuntimeException: Execution failed
	at ptolemy.moml.MoMLSimpleApplication$UnloadThread.run(MoMLSimpleApplication.java:402)
Caused by: ptolemy.kernel.util.IllegalActionException: Found a zero delay loop containing .HierarchicalModel.A
  in .HierarchicalModel and .HierarchicalModel.A
	at ptolemy.actor.util.CausalityInterfaceForComposites._computeOutputPortDepth(CausalityInterfaceForComposites.java:759)
	at ptolemy.actor.util.CausalityInterfaceForComposites._computeInputDepth(CausalityInterfaceForComposites.java:696)
	at ptolemy.actor.util.CausalityInterfaceForComposites._computeOutputPortDepth(CausalityInterfaceForComposites.java:765)
	at ptolemy.actor.util.CausalityInterfaceForComposites._computeInputDepth(CausalityInterfaceForComposites.java:696)
	at ptolemy.actor.util.CausalityInterfaceForComposites._computeOutputPortDepth(CausalityInterfaceForComposites.java:765)
	at ptolemy.actor.util.CausalityInterfaceForComposites._computeInputDepth(CausalityInterfaceForComposites.java:696)
	at ptolemy.actor.util.CausalityInterfaceForComposites._computeActorDepth(CausalityInterfaceForComposites.java:532)
	at ptolemy.actor.util.CausalityInterfaceForComposites.checkForCycles(CausalityInterfaceForComposites.java:96)
	at ptolemy.domains.de.kernel.DEDirector.preinitialize(DEDirector.java:1338)
	at ptolemy.actor.CompositeActor.preinitialize(CompositeActor.java:1828)
	at ptolemy.actor.Manager.preinitializeAndResolveTypes(Manager.java:1040)
	at ptolemy.actor.Manager.initialize(Manager.java:710)
	at ptolemy.actor.Manager.execute(Manager.java:356)
	at ptolemy.actor.Manager.run(Manager.java:1263)
	at ptolemy.actor.Manager$PtolemyRunThread.run(Manager.java:1933)
java.lang.reflect.InvocationTargetException
	at java.base/jdk.internal.reflect.NativeConstructorAccessorImpl.newInstance0(Native Method)
	at java.base/jdk.internal.reflect.NativeConstructorAccessorImpl.newInstance(NativeConstructorAccessorImpl.java:62)
	at java.base/jdk.internal.reflect.DelegatingConstructorAccessorImpl.newInstance(DelegatingConstructorAccessorImpl.java:45)
	at java.base/java.lang.reflect.Constructor.newInstance(Constructor.java:490)
	at ptolemy.util.test.junit.AutoKnownFailedTests.RunModel(AutoKnownFailedTests.java:105)
	at java.base/jdk.internal.reflect.NativeMethodAccessorImpl.invoke0(Native Method)
	at java.base/jdk.internal.reflect.NativeMethodAccessorImpl.invoke(NativeMethodAccessorImpl.java:62)
	at java.base/jdk.internal.reflect.DelegatingMethodAccessorImpl.invoke(DelegatingMethodAccessorImpl.java:43)
	at java.base/java.lang.reflect.Method.invoke(Method.java:566)
	at org.junit.runners.model.FrameworkMethod$1.runReflectiveCall(FrameworkMethod.java:44)
	at org.junit.internal.runners.model.ReflectiveCallable.run(ReflectiveCallable.java:15)
	at org.junit.runners.model.FrameworkMethod.invokeExplosively(FrameworkMethod.java:41)
	at junitparams.internal.InvokeParameterisedMethod.evaluate(InvokeParameterisedMethod.java:102)
	at org.junit.internal.runners.statements.FailOnTimeout$1.run(FailOnTimeout.java:28)
Caused by: ptolemy.kernel.util.IllegalActionException: Found a zero delay loop containing .HierarchicalModel.A
  in .HierarchicalModel and .HierarchicalModel.A
	at ptolemy.actor.util.CausalityInterfaceForComposites._computeOutputPortDepth(CausalityInterfaceForComposites.java:759)
	at ptolemy.actor.util.CausalityInterfaceForComposites._computeInputDepth(CausalityInterfaceForComposites.java:696)
	at ptolemy.actor.util.CausalityInterfaceForComposites._computeOutputPortDepth(CausalityInterfaceForComposites.java:765)
	at ptolemy.actor.util.CausalityInterfaceForComposites._computeInputDepth(CausalityInterfaceForComposites.java:696)
	at ptolemy.actor.util.CausalityInterfaceForComposites._computeOutputPortDepth(CausalityInterfaceForComposites.java:765)
	at ptolemy.actor.util.CausalityInterfaceForComposites._computeInputDepth(CausalityInterfaceForComposites.java:696)
	at ptolemy.actor.util.CausalityInterfaceForComposites._computeActorDepth(CausalityInterfaceForComposites.java:532)
	at ptolemy.actor.util.CausalityInterfaceForComposites.checkForCycles(CausalityInterfaceForComposites.java:96)
	at ptolemy.domains.de.kernel.DEDirector.preinitialize(DEDirector.java:1338)
	at ptolemy.actor.CompositeActor.preinitialize(CompositeActor.java:1828)
	at ptolemy.actor.Manager.preinitializeAndResolveTypes(Manager.java:1040)
	at ptolemy.actor.Manager.initialize(Manager.java:710)
	at ptolemy.actor.Manager.execute(Manager.java:356)
	at ptolemy.actor.Manager.run(Manager.java:1263)
	at ptolemy.actor.Manager$PtolemyRunThread.run(Manager.java:1933)
java.lang.RuntimeException: Execution failed
	at ptolemy.moml.MoMLSimpleApplication$UnloadThread.run(MoMLSimpleApplication.java:402)
Caused by: ptolemy.kernel.util.IllegalActionException: Found a zero delay loop containing .dependencyLoop.original
  in .dependencyLoop and .dependencyLoop.original
	at ptolemy.actor.util.CausalityInterfaceForComposites._computeOutputPortDepth(CausalityInterfaceForComposites.java:759)
	at ptolemy.actor.util.CausalityInterfaceForComposites._computeInputDepth(CausalityInterfaceForComposites.java:696)
	at ptolemy.actor.util.CausalityInterfaceForComposites._computeOutputPortDepth(CausalityInterfaceForComposites.java:765)
	at ptolemy.actor.util.CausalityInterfaceForComposites._computeInputDepth(CausalityInterfaceForComposites.java:696)
	at ptolemy.actor.util.CausalityInterfaceForComposites._computeOutputPortDepth(CausalityInterfaceForComposites.java:765)
	at ptolemy.actor.util.CausalityInterfaceForComposites._computeInputDepth(CausalityInterfaceForComposites.java:696)
	at ptolemy.actor.util.CausalityInterfaceForComposites._computeActorDepth(CausalityInterfaceForComposites.java:532)
	at ptolemy.actor.util.CausalityInterfaceForComposites.checkForCycles(CausalityInterfaceForComposites.java:96)
	at ptolemy.domains.de.kernel.DEDirector.preinitialize(DEDirector.java:1338)
	at ptolemy.actor.CompositeActor.preinitialize(CompositeActor.java:1828)
	at ptolemy.actor.Manager.preinitializeAndResolveTypes(Manager.java:1040)
	at ptolemy.actor.Manager.initialize(Manager.java:710)
	at ptolemy.actor.Manager.execute(Manager.java:356)
	at ptolemy.actor.Manager.run(Manager.java:1263)
	at ptolemy.actor.Manager$PtolemyRunThread.run(Manager.java:1933)
java.lang.reflect.InvocationTargetException
	at java.base/jdk.internal.reflect.NativeConstructorAccessorImpl.newInstance0(Native Method)
	at java.base/jdk.internal.reflect.NativeConstructorAccessorImpl.newInstance(NativeConstructorAccessorImpl.java:62)
	at java.base/jdk.internal.reflect.DelegatingConstructorAccessorImpl.newInstance(DelegatingConstructorAccessorImpl.java:45)
	at java.base/java.lang.reflect.Constructor.newInstance(Constructor.java:490)
	at ptolemy.util.test.junit.AutoKnownFailedTests.RunModel(AutoKnownFailedTests.java:105)
	at java.base/jdk.internal.reflect.NativeMethodAccessorImpl.invoke0(Native Method)
	at java.base/jdk.internal.reflect.NativeMethodAccessorImpl.invoke(NativeMethodAccessorImpl.java:62)
	at java.base/jdk.internal.reflect.DelegatingMethodAccessorImpl.invoke(DelegatingMethodAccessorImpl.java:43)
	at java.base/java.lang.reflect.Method.invoke(Method.java:566)
	at org.junit.runners.model.FrameworkMethod$1.runReflectiveCall(FrameworkMethod.java:44)
	at org.junit.internal.runners.model.ReflectiveCallable.run(ReflectiveCallable.java:15)
	at org.junit.runners.model.FrameworkMethod.invokeExplosively(FrameworkMethod.java:41)
	at junitparams.internal.InvokeParameterisedMethod.evaluate(InvokeParameterisedMethod.java:102)
	at org.junit.internal.runners.statements.FailOnTimeout$1.run(FailOnTimeout.java:28)
Caused by: ptolemy.kernel.util.IllegalActionException: Found a zero delay loop containing .dependencyLoop.original
  in .dependencyLoop and .dependencyLoop.original
	at ptolemy.actor.util.CausalityInterfaceForComposites._computeOutputPortDepth(CausalityInterfaceForComposites.java:759)
	at ptolemy.actor.util.CausalityInterfaceForComposites._computeInputDepth(CausalityInterfaceForComposites.java:696)
	at ptolemy.actor.util.CausalityInterfaceForComposites._computeOutputPortDepth(CausalityInterfaceForComposites.java:765)
	at ptolemy.actor.util.CausalityInterfaceForComposites._computeInputDepth(CausalityInterfaceForComposites.java:696)
	at ptolemy.actor.util.CausalityInterfaceForComposites._computeOutputPortDepth(CausalityInterfaceForComposites.java:765)
	at ptolemy.actor.util.CausalityInterfaceForComposites._computeInputDepth(CausalityInterfaceForComposites.java:696)
	at ptolemy.actor.util.CausalityInterfaceForComposites._computeActorDepth(CausalityInterfaceForComposites.java:532)
	at ptolemy.actor.util.CausalityInterfaceForComposites.checkForCycles(CausalityInterfaceForComposites.java:96)
	at ptolemy.domains.de.kernel.DEDirector.preinitialize(DEDirector.java:1338)
	at ptolemy.actor.CompositeActor.preinitialize(CompositeActor.java:1828)
	at ptolemy.actor.Manager.preinitializeAndResolveTypes(Manager.java:1040)
	at ptolemy.actor.Manager.initialize(Manager.java:710)
	at ptolemy.actor.Manager.execute(Manager.java:356)
	at ptolemy.actor.Manager.run(Manager.java:1263)
	at ptolemy.actor.Manager$PtolemyRunThread.run(Manager.java:1933)
java.lang.RuntimeException: Execution failed
	at ptolemy.moml.MoMLSimpleApplication$UnloadThread.run(MoMLSimpleApplication.java:402)
Caused by: ptolemy.kernel.util.IllegalActionException: Found a zero delay loop containing .dependencyLoop2.original
  in .dependencyLoop2 and .dependencyLoop2.original
	at ptolemy.actor.util.CausalityInterfaceForComposites._computeOutputPortDepth(CausalityInterfaceForComposites.java:759)
	at ptolemy.actor.util.CausalityInterfaceForComposites._computeInputDepth(CausalityInterfaceForComposites.java:696)
	at ptolemy.actor.util.CausalityInterfaceForComposites._computeOutputPortDepth(CausalityInterfaceForComposites.java:765)
	at ptolemy.actor.util.CausalityInterfaceForComposites._computeInputDepth(CausalityInterfaceForComposites.java:696)
	at ptolemy.actor.util.CausalityInterfaceForComposites._computeOutputPortDepth(CausalityInterfaceForComposites.java:765)
	at ptolemy.actor.util.CausalityInterfaceForComposites._computeInputDepth(CausalityInterfaceForComposites.java:696)
	at ptolemy.actor.util.CausalityInterfaceForComposites._computeActorDepth(CausalityInterfaceForComposites.java:532)
	at ptolemy.actor.util.CausalityInterfaceForComposites.checkForCycles(CausalityInterfaceForComposites.java:96)
	at ptolemy.domains.de.kernel.DEDirector.preinitialize(DEDirector.java:1338)
	at ptolemy.actor.CompositeActor.preinitialize(CompositeActor.java:1828)
	at ptolemy.actor.Manager.preinitializeAndResolveTypes(Manager.java:1040)
	at ptolemy.actor.Manager.initialize(Manager.java:710)
	at ptolemy.actor.Manager.execute(Manager.java:356)
	at ptolemy.actor.Manager.run(Manager.java:1263)
	at ptolemy.actor.Manager$PtolemyRunThread.run(Manager.java:1933)
java.lang.reflect.InvocationTargetException
	at java.base/jdk.internal.reflect.NativeConstructorAccessorImpl.newInstance0(Native Method)
	at java.base/jdk.internal.reflect.NativeConstructorAccessorImpl.newInstance(NativeConstructorAccessorImpl.java:62)
	at java.base/jdk.internal.reflect.DelegatingConstructorAccessorImpl.newInstance(DelegatingConstructorAccessorImpl.java:45)
	at java.base/java.lang.reflect.Constructor.newInstance(Constructor.java:490)
	at ptolemy.util.test.junit.AutoKnownFailedTests.RunModel(AutoKnownFailedTests.java:105)
	at java.base/jdk.internal.reflect.NativeMethodAccessorImpl.invoke0(Native Method)
	at java.base/jdk.internal.reflect.NativeMethodAccessorImpl.invoke(NativeMethodAccessorImpl.java:62)
	at java.base/jdk.internal.reflect.DelegatingMethodAccessorImpl.invoke(DelegatingMethodAccessorImpl.java:43)
	at java.base/java.lang.reflect.Method.invoke(Method.java:566)
	at org.junit.runners.model.FrameworkMethod$1.runReflectiveCall(FrameworkMethod.java:44)
	at org.junit.internal.runners.model.ReflectiveCallable.run(ReflectiveCallable.java:15)
	at org.junit.runners.model.FrameworkMethod.invokeExplosively(FrameworkMethod.java:41)
	at junitparams.internal.InvokeParameterisedMethod.evaluate(InvokeParameterisedMethod.java:102)
	at org.junit.internal.runners.statements.FailOnTimeout$1.run(FailOnTimeout.java:28)
Caused by: ptolemy.kernel.util.IllegalActionException: Found a zero delay loop containing .dependencyLoop2.original
  in .dependencyLoop2 and .dependencyLoop2.original
	at ptolemy.actor.util.CausalityInterfaceForComposites._computeOutputPortDepth(CausalityInterfaceForComposites.java:759)
	at ptolemy.actor.util.CausalityInterfaceForComposites._computeInputDepth(CausalityInterfaceForComposites.java:696)
	at ptolemy.actor.util.CausalityInterfaceForComposites._computeOutputPortDepth(CausalityInterfaceForComposites.java:765)
	at ptolemy.actor.util.CausalityInterfaceForComposites._computeInputDepth(CausalityInterfaceForComposites.java:696)
	at ptolemy.actor.util.CausalityInterfaceForComposites._computeOutputPortDepth(CausalityInterfaceForComposites.java:765)
	at ptolemy.actor.util.CausalityInterfaceForComposites._computeInputDepth(CausalityInterfaceForComposites.java:696)
	at ptolemy.actor.util.CausalityInterfaceForComposites._computeActorDepth(CausalityInterfaceForComposites.java:532)
	at ptolemy.actor.util.CausalityInterfaceForComposites.checkForCycles(CausalityInterfaceForComposites.java:96)
	at ptolemy.domains.de.kernel.DEDirector.preinitialize(DEDirector.java:1338)
	at ptolemy.actor.CompositeActor.preinitialize(CompositeActor.java:1828)
	at ptolemy.actor.Manager.preinitializeAndResolveTypes(Manager.java:1040)
	at ptolemy.actor.Manager.initialize(Manager.java:710)
	at ptolemy.actor.Manager.execute(Manager.java:356)
	at ptolemy.actor.Manager.run(Manager.java:1263)
	at ptolemy.actor.Manager$PtolemyRunThread.run(Manager.java:1933)
]]></system-err>
</testsuite>
