<?xml version="1.0" encoding="UTF-8" ?>
<testsuite errors="0" failures="0" hostname="travis-job-38ea5fe3-ff45-42c9-9055-c869d02ab988" name="ptolemy.domains.sdf.test.junit.JUnitTclTest" skipped="0" tests="66" time="20.982" timestamp="2019-08-26T06:23:38">
  <properties>
[...]
</properties>
  <testcase classname="ptolemy.util.test.junit.TclTests" name="[0] /home/travis/build/icyphy/ptII/ptolemy/domains/sdf/test/SDFSchedulerErrors.tcl (RunTclFile)" time="1.018" />
  <testcase classname="ptolemy.util.test.junit.TclTests" name="[1] /home/travis/build/icyphy/ptII/ptolemy/domains/sdf/test/composition.tcl (RunTclFile)" time="0.161" />
  <testcase classname="ptolemy.util.test.junit.TclTests" name="[2] /home/travis/build/icyphy/ptII/ptolemy/domains/sdf/test/cycle.tcl (RunTclFile)" time="0.094" />
  <testcase classname="ptolemy.util.test.junit.AutoKnownFailedTests" name="[0] ThereAreNoKnowFailedTests (RunModel)" time="0.003" />
  <testcase classname="ptolemy.util.test.junit.AutoNameArchTests" name="[0] ThereAreNoAutoArchTests (RunModel)" time="0.003" />
  <testcase classname="ptolemy.util.test.junit.AutoTests" name="[0] /home/travis/build/icyphy/ptII/ptolemy/domains/sdf/test/auto/Array.xml (RunModel)" time="0.263" />
  <testcase classname="ptolemy.util.test.junit.AutoTests" name="[1] /home/travis/build/icyphy/ptII/ptolemy/domains/sdf/test/auto/Butterfly.xml (RunModel)" time="0.152" />
  <testcase classname="ptolemy.util.test.junit.AutoTests" name="[2] /home/travis/build/icyphy/ptII/ptolemy/domains/sdf/test/auto/Expression.xml (RunModel)" time="0.145" />
  <testcase classname="ptolemy.util.test.junit.AutoTests" name="[3] /home/travis/build/icyphy/ptII/ptolemy/domains/sdf/test/auto/Eye.xml (RunModel)" time="0.314" />
  <testcase classname="ptolemy.util.test.junit.AutoTests" name="[4] /home/travis/build/icyphy/ptII/ptolemy/domains/sdf/test/auto/FixFIR.xml (RunModel)" time="0.427" />
  <testcase classname="ptolemy.util.test.junit.AutoTests" name="[5] /home/travis/build/icyphy/ptII/ptolemy/domains/sdf/test/auto/FixPoint.xml (RunModel)" time="0.054" />
  <testcase classname="ptolemy.util.test.junit.AutoTests" name="[6] /home/travis/build/icyphy/ptII/ptolemy/domains/sdf/test/auto/Gravitation.xml (RunModel)" time="3.327" />
  <testcase classname="ptolemy.util.test.junit.AutoTests" name="[7] /home/travis/build/icyphy/ptII/ptolemy/domains/sdf/test/auto/GravitationWithCollisionDetection.xml (RunModel)" time="6.422" />
  <testcase classname="ptolemy.util.test.junit.AutoTests" name="[8] /home/travis/build/icyphy/ptII/ptolemy/domains/sdf/test/auto/HDF.xml (RunModel)" time="0.167" />
  <testcase classname="ptolemy.util.test.junit.AutoTests" name="[9] /home/travis/build/icyphy/ptII/ptolemy/domains/sdf/test/auto/HDFwithTransientStates.xml (RunModel)" time="0.095" />
  <testcase classname="ptolemy.util.test.junit.AutoTests" name="[10] /home/travis/build/icyphy/ptII/ptolemy/domains/sdf/test/auto/HTVQ.xml (RunModel)" time="0.876" />
  <testcase classname="ptolemy.util.test.junit.AutoTests" name="[11] /home/travis/build/icyphy/ptII/ptolemy/domains/sdf/test/auto/InferInitProduction.xml (RunModel)" time="0.042" />
  <testcase classname="ptolemy.util.test.junit.AutoTests" name="[12] /home/travis/build/icyphy/ptII/ptolemy/domains/sdf/test/auto/InferInitProductionDeeper.xml (RunModel)" time="0.026" />
  <testcase classname="ptolemy.util.test.junit.AutoTests" name="[13] /home/travis/build/icyphy/ptII/ptolemy/domains/sdf/test/auto/LMSAdaptive.xml (RunModel)" time="0.102" />
  <testcase classname="ptolemy.util.test.junit.AutoTests" name="[14] /home/travis/build/icyphy/ptII/ptolemy/domains/sdf/test/auto/LogisticMap.xml (RunModel)" time="0.477" />
  <testcase classname="ptolemy.util.test.junit.AutoTests" name="[15] /home/travis/build/icyphy/ptII/ptolemy/domains/sdf/test/auto/MaximumEntropySpectrum.xml (RunModel)" time="0.315" />
  <testcase classname="ptolemy.util.test.junit.AutoTests" name="[16] /home/travis/build/icyphy/ptII/ptolemy/domains/sdf/test/auto/MultirateSDF.xml (RunModel)" time="0.056" />
  <testcase classname="ptolemy.util.test.junit.AutoTests" name="[17] /home/travis/build/icyphy/ptII/ptolemy/domains/sdf/test/auto/MultirateSDFwithTransientStates.xml (RunModel)" time="0.075" />
  <testcase classname="ptolemy.util.test.junit.AutoTests" name="[18] /home/travis/build/icyphy/ptII/ptolemy/domains/sdf/test/auto/NoisySinewave.xml (RunModel)" time="0.064" />
  <testcase classname="ptolemy.util.test.junit.AutoTests" name="[19] /home/travis/build/icyphy/ptII/ptolemy/domains/sdf/test/auto/Objects.xml (RunModel)" time="0.044" />
  <testcase classname="ptolemy.util.test.junit.AutoTests" name="[20] /home/travis/build/icyphy/ptII/ptolemy/domains/sdf/test/auto/OrthogonalCom.xml (RunModel)" time="0.059" />
  <testcase classname="ptolemy.util.test.junit.AutoTests" name="[21] /home/travis/build/icyphy/ptII/ptolemy/domains/sdf/test/auto/RijndaelEncryption.xml (RunModel)" time="0.621" />
  <testcase classname="ptolemy.util.test.junit.AutoTests" name="[22] /home/travis/build/icyphy/ptII/ptolemy/domains/sdf/test/auto/SDFEmptyIterations.xml (RunModel)" time="0.023" />
  <testcase classname="ptolemy.util.test.junit.AutoTests" name="[23] /home/travis/build/icyphy/ptII/ptolemy/domains/sdf/test/auto/Spectrum.xml (RunModel)" time="0.079" />
  <testcase classname="ptolemy.util.test.junit.AutoTests" name="[24] /home/travis/build/icyphy/ptII/ptolemy/domains/sdf/test/auto/de_inside_sdf.xml (RunModel)" time="0.02" />
  <testcase classname="ptolemy.util.test.junit.AutoTests" name="[25] /home/travis/build/icyphy/ptII/ptolemy/domains/sdf/test/auto/disconnectedHierarchicalSDF.xml (RunModel)" time="0.026" />
  <testcase classname="ptolemy.util.test.junit.AutoTests" name="[26] /home/travis/build/icyphy/ptII/ptolemy/domains/sdf/test/auto/disconnectedSDF.xml (RunModel)" time="0.017" />
  <testcase classname="ptolemy.util.test.junit.AutoTests" name="[27] /home/travis/build/icyphy/ptII/ptolemy/domains/sdf/test/auto/emptyRefinement.xml (RunModel)" time="0.014" />
  <testcase classname="ptolemy.util.test.junit.AutoTests" name="[28] /home/travis/build/icyphy/ptII/ptolemy/domains/sdf/test/auto/filePortParameter.xml (RunModel)" time="0.039" />
  <testcase classname="ptolemy.util.test.junit.AutoTests" name="[29] /home/travis/build/icyphy/ptII/ptolemy/domains/sdf/test/auto/inferRelationWidth1.xml (RunModel)" time="0.035" />
  <testcase classname="ptolemy.util.test.junit.AutoTests" name="[30] /home/travis/build/icyphy/ptII/ptolemy/domains/sdf/test/auto/initProductionInference.xml (RunModel)" time="0.034" />
  <testcase classname="ptolemy.util.test.junit.AutoTests" name="[31] /home/travis/build/icyphy/ptII/ptolemy/domains/sdf/test/auto/relationGroup.xml (RunModel)" time="0.026" />
  <testcase classname="ptolemy.util.test.junit.AutoTests" name="[32] /home/travis/build/icyphy/ptII/ptolemy/domains/sdf/test/auto/relationGroup10.xml (RunModel)" time="0.014" />
  <testcase classname="ptolemy.util.test.junit.AutoTests" name="[33] /home/travis/build/icyphy/ptII/ptolemy/domains/sdf/test/auto/relationGroup11.xml (RunModel)" time="0.014" />
  <testcase classname="ptolemy.util.test.junit.AutoTests" name="[34] /home/travis/build/icyphy/ptII/ptolemy/domains/sdf/test/auto/relationGroup12.xml (RunModel)" time="0.013" />
  <testcase classname="ptolemy.util.test.junit.AutoTests" name="[35] /home/travis/build/icyphy/ptII/ptolemy/domains/sdf/test/auto/relationGroup13.xml (RunModel)" time="0.017" />
  <testcase classname="ptolemy.util.test.junit.AutoTests" name="[36] /home/travis/build/icyphy/ptII/ptolemy/domains/sdf/test/auto/relationGroup14.xml (RunModel)" time="0.014" />
  <testcase classname="ptolemy.util.test.junit.AutoTests" name="[37] /home/travis/build/icyphy/ptII/ptolemy/domains/sdf/test/auto/relationGroup15.xml (RunModel)" time="0.012" />
  <testcase classname="ptolemy.util.test.junit.AutoTests" name="[38] /home/travis/build/icyphy/ptII/ptolemy/domains/sdf/test/auto/relationGroup2.xml (RunModel)" time="0.009" />
  <testcase classname="ptolemy.util.test.junit.AutoTests" name="[39] /home/travis/build/icyphy/ptII/ptolemy/domains/sdf/test/auto/relationGroup3.xml (RunModel)" time="0.019" />
  <testcase classname="ptolemy.util.test.junit.AutoTests" name="[40] /home/travis/build/icyphy/ptII/ptolemy/domains/sdf/test/auto/relationGroup4.xml (RunModel)" time="0.016" />
  <testcase classname="ptolemy.util.test.junit.AutoTests" name="[41] /home/travis/build/icyphy/ptII/ptolemy/domains/sdf/test/auto/relationGroup5.xml (RunModel)" time="0.012" />
  <testcase classname="ptolemy.util.test.junit.AutoTests" name="[42] /home/travis/build/icyphy/ptII/ptolemy/domains/sdf/test/auto/relationGroup6.xml (RunModel)" time="0.011" />
  <testcase classname="ptolemy.util.test.junit.AutoTests" name="[43] /home/travis/build/icyphy/ptII/ptolemy/domains/sdf/test/auto/relationGroup7.xml (RunModel)" time="0.01" />
  <testcase classname="ptolemy.util.test.junit.AutoTests" name="[44] /home/travis/build/icyphy/ptII/ptolemy/domains/sdf/test/auto/relationGroup8.xml (RunModel)" time="0.014" />
  <testcase classname="ptolemy.util.test.junit.AutoTests" name="[45] /home/travis/build/icyphy/ptII/ptolemy/domains/sdf/test/auto/relationGroup9.xml (RunModel)" time="0.012" />
  <testcase classname="ptolemy.util.test.junit.AutoTests" name="[46] /home/travis/build/icyphy/ptII/ptolemy/domains/sdf/test/auto/sdf_inside_de.xml (RunModel)" time="0.038" />
  <testcase classname="ptolemy.util.test.junit.AutoTests" name="[47] /home/travis/build/icyphy/ptII/ptolemy/domains/sdf/test/auto/sdf_inside_pn.xml (RunModel)" time="0.063" />
  <testcase classname="ptolemy.util.test.junit.AutoTests" name="[48] /home/travis/build/icyphy/ptII/ptolemy/domains/sdf/test/auto/sdf_sdf1.xml (RunModel)" time="0.022" />
  <testcase classname="ptolemy.util.test.junit.AutoTests" name="[49] /home/travis/build/icyphy/ptII/ptolemy/domains/sdf/test/auto/test1.xml (RunModel)" time="0.015" />
  <testcase classname="ptolemy.util.test.junit.AutoTests" name="[50] /home/travis/build/icyphy/ptII/ptolemy/domains/sdf/test/auto/time1.xml (RunModel)" time="0.011" />
  <testcase classname="ptolemy.util.test.junit.AutoTests" name="[51] /home/travis/build/icyphy/ptII/ptolemy/domains/sdf/test/auto/time2.xml (RunModel)" time="0.009" />
  <testcase classname="ptolemy.util.test.junit.AutoTests" name="[52] /home/travis/build/icyphy/ptII/ptolemy/domains/sdf/test/auto/time3.xml (RunModel)" time="0.022" />
  <testcase classname="ptolemy.util.test.junit.AutoTests" name="[53] /home/travis/build/icyphy/ptII/ptolemy/domains/sdf/test/auto/time4.xml (RunModel)" time="0.017" />
  <testcase classname="ptolemy.util.test.junit.AutoTests" name="[54] /home/travis/build/icyphy/ptII/ptolemy/domains/sdf/test/auto/time5.xml (RunModel)" time="4.01" />
  <testcase classname="ptolemy.util.test.junit.AutoTests" name="[55] /home/travis/build/icyphy/ptII/ptolemy/domains/sdf/test/auto/typeSystem_Const_Integer_smallest_Type.xml (RunModel)" time="0.03" />
  <testcase classname="ptolemy.util.test.junit.AutoTests" name="[56] /home/travis/build/icyphy/ptII/ptolemy/domains/sdf/test/auto/typeSystem_declared_Inports_OutportTypeException.xml (RunModel)" time="0.021" />
  <testcase classname="ptolemy.util.test.junit.AutoTests" name="[57] /home/travis/build/icyphy/ptII/ptolemy/domains/sdf/test/auto/typeSystem_oneDeclaredInportType_wrongTypeOutport.xml (RunModel)" time="0.019" />
  <testcase classname="ptolemy.util.test.junit.AutoTests" name="[58] /home/travis/build/icyphy/ptII/ptolemy/domains/sdf/test/auto/width.xml (RunModel)" time="0.016" />
  <testcase classname="ptolemy.util.test.junit.AutoTests" name="[59] /home/travis/build/icyphy/ptII/ptolemy/domains/sdf/test/auto/width2.xml (RunModel)" time="0.041" />
  <testcase classname="ptolemy.util.test.junit.AutoTests" name="[60] /home/travis/build/icyphy/ptII/ptolemy/domains/sdf/test/auto/width3.xml (RunModel)" time="0.037" />
  <system-out><![CDATA[/home/travis/build/icyphy/ptII/ptolemy/domains/sdf/test/SDFSchedulerErrors.tcl
testDefs.tcl: setting time out to 9000 seconds at Mon Aug 26 06:23:39 UTC 2019
75 ms. Memory: 120832K Free: 81860K (68%)
8 ms. Memory: 120832K Free: 74163K (61%)
7 ms. Memory: 120832K Free: 68019K (56%)
5 ms. Memory: 120832K Free: 64962K (54%)
/home/travis/build/icyphy/ptII/ptolemy/domains/sdf/test/composition.tcl
32 ms. Memory: 120832K Free: 60851K (50%)
12 ms. Memory: 120832K Free: 58803K (49%)
/home/travis/build/icyphy/ptII/ptolemy/domains/sdf/test/cycle.tcl
.Toplevel.Director Preinitializing ...
Invoking preinitialize():  .Toplevel.Actor1
Invoking preinitialize():  .Toplevel.Actor2
Invoking preinitialize():  .Toplevel.Delay
.Toplevel.Director Finished preinitialize().
### Schedule:
Execute Schedule{
Fire Actor ptolemy.domains.sdf.kernel.test.SDFTestDelay {.Toplevel.Actor1}
Fire Actor ptolemy.domains.sdf.kernel.test.SDFTestDelay {.Toplevel.Actor2}
Fire Actor ptolemy.domains.sdf.lib.SampleDelay {.Toplevel.Delay}
}
### End schedule
Called initialize().
Invoking initialize():  .Toplevel.Actor1
Initializing actor: .Toplevel.Actor1.
Invoking initialize():  .Toplevel.Actor2
Initializing actor: .Toplevel.Actor2.
Invoking initialize():  .Toplevel.Delay
Initializing actor: .Toplevel.Delay.
Director: Called prefire().
-- Setting current time to 0.0
Director prefire returns true.
The actor .Toplevel.Actor1 will be iterated.
The actor .Toplevel.Actor1 was iterated.
The actor .Toplevel.Actor2 will be iterated.
The actor .Toplevel.Actor2 was iterated.
The actor .Toplevel.Delay will be iterated.
The actor .Toplevel.Delay was iterated.
Director: Called postfire().
Postfire returns: true
Director: Called prefire().
-- Setting current time to 0.0
Director prefire returns true.
The actor .Toplevel.Actor1 will be iterated.
The actor .Toplevel.Actor1 was iterated.
The actor .Toplevel.Actor2 will be iterated.
The actor .Toplevel.Actor2 was iterated.
The actor .Toplevel.Delay will be iterated.
The actor .Toplevel.Delay was iterated.
Director: Called postfire().
Postfire returns: true
Director: Called prefire().
-- Setting current time to 0.0
Director prefire returns true.
The actor .Toplevel.Actor1 will be iterated.
The actor .Toplevel.Actor1 was iterated.
The actor .Toplevel.Actor2 will be iterated.
The actor .Toplevel.Actor2 was iterated.
The actor .Toplevel.Delay will be iterated.
The actor .Toplevel.Delay was iterated.
Director: Called postfire().
Postfire returns: true
Director: Called prefire().
-- Setting current time to 0.0
Director prefire returns true.
The actor .Toplevel.Actor1 will be iterated.
The actor .Toplevel.Actor1 was iterated.
The actor .Toplevel.Actor2 will be iterated.
The actor .Toplevel.Actor2 was iterated.
The actor .Toplevel.Delay will be iterated.
The actor .Toplevel.Delay was iterated.
Director: Called postfire().
Postfire returns: true
Director: Called prefire().
-- Setting current time to 0.0
Director prefire returns true.
The actor .Toplevel.Actor1 will be iterated.
The actor .Toplevel.Actor1 was iterated.
The actor .Toplevel.Actor2 will be iterated.
The actor .Toplevel.Actor2 was iterated.
The actor .Toplevel.Delay will be iterated.
The actor .Toplevel.Delay was iterated.
Director: Called postfire().
Postfire returns: true
Director: Called prefire().
-- Setting current time to 0.0
Director prefire returns true.
The actor .Toplevel.Actor1 will be iterated.
The actor .Toplevel.Actor1 was iterated.
The actor .Toplevel.Actor2 will be iterated.
The actor .Toplevel.Actor2 was iterated.
The actor .Toplevel.Delay will be iterated.
The actor .Toplevel.Delay was iterated.
Reached specified number of iterations: 6
Director: Called wrapup().
39 ms. Memory: 120832K Free: 55746K (46%)
08/26/19 06:23:40
Failed: 0  Total Tests: 8  ((Passed: 8, Newly Passed: 0)  Known Failed: 0) /home/travis/build/icyphy/ptII/ptolemy/domains/sdf/test
No auto/knownFailedTests/*.xml tests in /home/travis/build/icyphy/ptII/ptolemy/domains/sdf/test
No auto/linux-amd64/*.xml tests in /home/travis/build/icyphy/ptII/ptolemy/domains/sdf/test
AutoTests.java: About to close Vertx.
AutoTests.java: Vertx closed.

===========================================================================================
----------------- testing Mon Aug 26 06:23:40 UTC 2019 /home/travis/build/icyphy/ptII/ptolemy/domains/sdf/test/auto/Array.xml
----------------- Instantiating /home/travis/build/icyphy/ptII/ptolemy/domains/sdf/test/auto/Array.xml
41 ms. Memory: 120832K Free: 98291K (81%)
----------------- Invoking toplevel() on ptolemy.moml.MoMLSimpleApplication@3dc5368e
----------------- Done invoking toplevel() on ptolemy.moml.MoMLSimpleApplication@3dc5368e
reloadAllAccessors: .Array

===========================================================================================
----------------- testing Mon Aug 26 06:23:41 UTC 2019 /home/travis/build/icyphy/ptII/ptolemy/domains/sdf/test/auto/Butterfly.xml
----------------- Instantiating /home/travis/build/icyphy/ptII/ptolemy/domains/sdf/test/auto/Butterfly.xml
98 ms. Memory: 120832K Free: 92480K (77%)
----------------- Invoking toplevel() on ptolemy.moml.MoMLSimpleApplication@13e4d4d3
----------------- Done invoking toplevel() on ptolemy.moml.MoMLSimpleApplication@13e4d4d3
reloadAllAccessors: .Butterfly

===========================================================================================
----------------- testing Mon Aug 26 06:23:41 UTC 2019 /home/travis/build/icyphy/ptII/ptolemy/domains/sdf/test/auto/Expression.xml
----------------- Instantiating /home/travis/build/icyphy/ptII/ptolemy/domains/sdf/test/auto/Expression.xml
117 ms. Memory: 120832K Free: 87760K (73%)
----------------- Invoking toplevel() on ptolemy.moml.MoMLSimpleApplication@14e2f531
----------------- Done invoking toplevel() on ptolemy.moml.MoMLSimpleApplication@14e2f531
reloadAllAccessors: .Expression

===========================================================================================
----------------- testing Mon Aug 26 06:23:41 UTC 2019 /home/travis/build/icyphy/ptII/ptolemy/domains/sdf/test/auto/Eye.xml
----------------- Instantiating /home/travis/build/icyphy/ptII/ptolemy/domains/sdf/test/auto/Eye.xml
176 ms. Memory: 120832K Free: 83997K (70%)
----------------- Invoking toplevel() on ptolemy.moml.MoMLSimpleApplication@19149b77
----------------- Done invoking toplevel() on ptolemy.moml.MoMLSimpleApplication@19149b77
reloadAllAccessors: .Eye

===========================================================================================
----------------- testing Mon Aug 26 06:23:41 UTC 2019 /home/travis/build/icyphy/ptII/ptolemy/domains/sdf/test/auto/FixFIR.xml
----------------- Instantiating /home/travis/build/icyphy/ptII/ptolemy/domains/sdf/test/auto/FixFIR.xml
192 ms. Memory: 120832K Free: 89313K (74%)
----------------- Invoking toplevel() on ptolemy.moml.MoMLSimpleApplication@723fec3a
----------------- Done invoking toplevel() on ptolemy.moml.MoMLSimpleApplication@723fec3a
reloadAllAccessors: .FixFIR

===========================================================================================
----------------- testing Mon Aug 26 06:23:42 UTC 2019 /home/travis/build/icyphy/ptII/ptolemy/domains/sdf/test/auto/FixPoint.xml
----------------- Instantiating /home/travis/build/icyphy/ptII/ptolemy/domains/sdf/test/auto/FixPoint.xml
20 ms. Memory: 120832K Free: 85195K (71%)
----------------- Invoking toplevel() on ptolemy.moml.MoMLSimpleApplication@29274231
----------------- Done invoking toplevel() on ptolemy.moml.MoMLSimpleApplication@29274231
reloadAllAccessors: .FixPoint

===========================================================================================
----------------- testing Mon Aug 26 06:23:42 UTC 2019 /home/travis/build/icyphy/ptII/ptolemy/domains/sdf/test/auto/Gravitation.xml
----------------- Instantiating /home/travis/build/icyphy/ptII/ptolemy/domains/sdf/test/auto/Gravitation.xml
3197 ms. Memory: 145408K Free: 125020K (86%)
----------------- Invoking toplevel() on ptolemy.moml.MoMLSimpleApplication@6188e66a
----------------- Done invoking toplevel() on ptolemy.moml.MoMLSimpleApplication@6188e66a
reloadAllAccessors: .Gravitation

===========================================================================================
----------------- testing Mon Aug 26 06:23:45 UTC 2019 /home/travis/build/icyphy/ptII/ptolemy/domains/sdf/test/auto/GravitationWithCollisionDetection.xml
----------------- Instantiating /home/travis/build/icyphy/ptII/ptolemy/domains/sdf/test/auto/GravitationWithCollisionDetection.xml
6204 ms. Memory: 349184K Free: 272751K (78%)
----------------- Invoking toplevel() on ptolemy.moml.MoMLSimpleApplication@6806edbd
----------------- Done invoking toplevel() on ptolemy.moml.MoMLSimpleApplication@6806edbd
reloadAllAccessors: .GravitationWithCollisionDetection

===========================================================================================
----------------- testing Mon Aug 26 06:23:51 UTC 2019 /home/travis/build/icyphy/ptII/ptolemy/domains/sdf/test/auto/HDF.xml
----------------- Instantiating /home/travis/build/icyphy/ptII/ptolemy/domains/sdf/test/auto/HDF.xml
49 ms. Memory: 349184K Free: 256863K (74%)
----------------- Invoking toplevel() on ptolemy.moml.MoMLSimpleApplication@333fb244
----------------- Done invoking toplevel() on ptolemy.moml.MoMLSimpleApplication@333fb244
reloadAllAccessors: .HDF

===========================================================================================
----------------- testing Mon Aug 26 06:23:52 UTC 2019 /home/travis/build/icyphy/ptII/ptolemy/domains/sdf/test/auto/HDFwithTransientStates.xml
----------------- Instantiating /home/travis/build/icyphy/ptII/ptolemy/domains/sdf/test/auto/HDFwithTransientStates.xml
23 ms. Memory: 349184K Free: 237935K (68%)
----------------- Invoking toplevel() on ptolemy.moml.MoMLSimpleApplication@f8e1e07
----------------- Done invoking toplevel() on ptolemy.moml.MoMLSimpleApplication@f8e1e07
reloadAllAccessors: .HDFwithTransientStates

===========================================================================================
----------------- testing Mon Aug 26 06:23:52 UTC 2019 /home/travis/build/icyphy/ptII/ptolemy/domains/sdf/test/auto/HTVQ.xml
----------------- Instantiating /home/travis/build/icyphy/ptII/ptolemy/domains/sdf/test/auto/HTVQ.xml
838 ms. Memory: 349184K Free: 275128K (79%)
----------------- Invoking toplevel() on ptolemy.moml.MoMLSimpleApplication@cf0d0f8
----------------- Done invoking toplevel() on ptolemy.moml.MoMLSimpleApplication@cf0d0f8
reloadAllAccessors: .HTVQ

===========================================================================================
----------------- testing Mon Aug 26 06:23:53 UTC 2019 /home/travis/build/icyphy/ptII/ptolemy/domains/sdf/test/auto/InferInitProduction.xml
----------------- Instantiating /home/travis/build/icyphy/ptII/ptolemy/domains/sdf/test/auto/InferInitProduction.xml
10 ms. Memory: 349184K Free: 269069K (77%)
----------------- Invoking toplevel() on ptolemy.moml.MoMLSimpleApplication@546b5bf1
----------------- Done invoking toplevel() on ptolemy.moml.MoMLSimpleApplication@546b5bf1
reloadAllAccessors: .InferInitProduction

===========================================================================================
----------------- testing Mon Aug 26 06:23:53 UTC 2019 /home/travis/build/icyphy/ptII/ptolemy/domains/sdf/test/auto/InferInitProductionDeeper.xml
----------------- Instantiating /home/travis/build/icyphy/ptII/ptolemy/domains/sdf/test/auto/InferInitProductionDeeper.xml
4 ms. Memory: 349184K Free: 263453K (75%)
----------------- Invoking toplevel() on ptolemy.moml.MoMLSimpleApplication@6ae624e1
----------------- Done invoking toplevel() on ptolemy.moml.MoMLSimpleApplication@6ae624e1
reloadAllAccessors: .InferInitProductionDeeper

===========================================================================================
----------------- testing Mon Aug 26 06:23:53 UTC 2019 /home/travis/build/icyphy/ptII/ptolemy/domains/sdf/test/auto/LMSAdaptive.xml
----------------- Instantiating /home/travis/build/icyphy/ptII/ptolemy/domains/sdf/test/auto/LMSAdaptive.xml
16 ms. Memory: 349184K Free: 253723K (73%)
----------------- Invoking toplevel() on ptolemy.moml.MoMLSimpleApplication@32a90760
----------------- Done invoking toplevel() on ptolemy.moml.MoMLSimpleApplication@32a90760
reloadAllAccessors: .LMSAdaptive

===========================================================================================
----------------- testing Mon Aug 26 06:23:53 UTC 2019 /home/travis/build/icyphy/ptII/ptolemy/domains/sdf/test/auto/LogisticMap.xml
----------------- Instantiating /home/travis/build/icyphy/ptII/ptolemy/domains/sdf/test/auto/LogisticMap.xml
438 ms. Memory: 349184K Free: 248093K (71%)
----------------- Invoking toplevel() on ptolemy.moml.MoMLSimpleApplication@2b120a90
----------------- Done invoking toplevel() on ptolemy.moml.MoMLSimpleApplication@2b120a90
reloadAllAccessors: .LogisticMap

===========================================================================================
----------------- testing Mon Aug 26 06:23:53 UTC 2019 /home/travis/build/icyphy/ptII/ptolemy/domains/sdf/test/auto/MaximumEntropySpectrum.xml
----------------- Instantiating /home/travis/build/icyphy/ptII/ptolemy/domains/sdf/test/auto/MaximumEntropySpectrum.xml
87 ms. Memory: 349184K Free: 186653K (53%)
----------------- Invoking toplevel() on ptolemy.moml.MoMLSimpleApplication@3f916624
----------------- Done invoking toplevel() on ptolemy.moml.MoMLSimpleApplication@3f916624
reloadAllAccessors: .MaximumEntropySpectrum

===========================================================================================
----------------- testing Mon Aug 26 06:23:54 UTC 2019 /home/travis/build/icyphy/ptII/ptolemy/domains/sdf/test/auto/MultirateSDF.xml
----------------- Instantiating /home/travis/build/icyphy/ptII/ptolemy/domains/sdf/test/auto/MultirateSDF.xml
15 ms. Memory: 349184K Free: 172317K (49%)
----------------- Invoking toplevel() on ptolemy.moml.MoMLSimpleApplication@56d8328c
----------------- Done invoking toplevel() on ptolemy.moml.MoMLSimpleApplication@56d8328c
reloadAllAccessors: .MultirateSDF

===========================================================================================
----------------- testing Mon Aug 26 06:23:54 UTC 2019 /home/travis/build/icyphy/ptII/ptolemy/domains/sdf/test/auto/MultirateSDFwithTransientStates.xml
----------------- Instantiating /home/travis/build/icyphy/ptII/ptolemy/domains/sdf/test/auto/MultirateSDFwithTransientStates.xml
22 ms. Memory: 349184K Free: 152861K (44%)
----------------- Invoking toplevel() on ptolemy.moml.MoMLSimpleApplication@1a3722d
----------------- Done invoking toplevel() on ptolemy.moml.MoMLSimpleApplication@1a3722d
reloadAllAccessors: .MultirateSDFwithTransientStates

===========================================================================================
----------------- testing Mon Aug 26 06:23:54 UTC 2019 /home/travis/build/icyphy/ptII/ptolemy/domains/sdf/test/auto/NoisySinewave.xml
----------------- Instantiating /home/travis/build/icyphy/ptII/ptolemy/domains/sdf/test/auto/NoisySinewave.xml
13 ms. Memory: 349184K Free: 136987K (39%)
----------------- Invoking toplevel() on ptolemy.moml.MoMLSimpleApplication@7b7f0990
----------------- Done invoking toplevel() on ptolemy.moml.MoMLSimpleApplication@7b7f0990
reloadAllAccessors: .NoisySinewave

===========================================================================================
----------------- testing Mon Aug 26 06:23:54 UTC 2019 /home/travis/build/icyphy/ptII/ptolemy/domains/sdf/test/auto/Objects.xml
----------------- Instantiating /home/travis/build/icyphy/ptII/ptolemy/domains/sdf/test/auto/Objects.xml
6 ms. Memory: 349184K Free: 128285K (37%)
----------------- Invoking toplevel() on ptolemy.moml.MoMLSimpleApplication@532a7843
----------------- Done invoking toplevel() on ptolemy.moml.MoMLSimpleApplication@532a7843
reloadAllAccessors: .Objects

===========================================================================================
----------------- testing Mon Aug 26 06:23:54 UTC 2019 /home/travis/build/icyphy/ptII/ptolemy/domains/sdf/test/auto/OrthogonalCom.xml
----------------- Instantiating /home/travis/build/icyphy/ptII/ptolemy/domains/sdf/test/auto/OrthogonalCom.xml
5 ms. Memory: 349184K Free: 325525K (93%)
----------------- Invoking toplevel() on ptolemy.moml.MoMLSimpleApplication@781cef59
----------------- Done invoking toplevel() on ptolemy.moml.MoMLSimpleApplication@781cef59
reloadAllAccessors: .OrthogonalCom

===========================================================================================
----------------- testing Mon Aug 26 06:23:54 UTC 2019 /home/travis/build/icyphy/ptII/ptolemy/domains/sdf/test/auto/RijndaelEncryption.xml
----------------- Instantiating /home/travis/build/icyphy/ptII/ptolemy/domains/sdf/test/auto/RijndaelEncryption.xml
340 ms. Memory: 349184K Free: 181141K (52%)
----------------- Invoking toplevel() on ptolemy.moml.MoMLSimpleApplication@635c9b31
----------------- Done invoking toplevel() on ptolemy.moml.MoMLSimpleApplication@635c9b31
reloadAllAccessors: .RijndaelEncryption

===========================================================================================
----------------- testing Mon Aug 26 06:23:54 UTC 2019 /home/travis/build/icyphy/ptII/ptolemy/domains/sdf/test/auto/SDFEmptyIterations.xml
----------------- Instantiating /home/travis/build/icyphy/ptII/ptolemy/domains/sdf/test/auto/SDFEmptyIterations.xml
8 ms. Memory: 349184K Free: 176535K (51%)
----------------- Invoking toplevel() on ptolemy.moml.MoMLSimpleApplication@39196750
----------------- Done invoking toplevel() on ptolemy.moml.MoMLSimpleApplication@39196750
reloadAllAccessors: .SDFEmptyIterations

===========================================================================================
----------------- testing Mon Aug 26 06:23:54 UTC 2019 /home/travis/build/icyphy/ptII/ptolemy/domains/sdf/test/auto/Spectrum.xml
----------------- Instantiating /home/travis/build/icyphy/ptII/ptolemy/domains/sdf/test/auto/Spectrum.xml
24 ms. Memory: 349184K Free: 151959K (44%)
----------------- Invoking toplevel() on ptolemy.moml.MoMLSimpleApplication@2ae1ad67
----------------- Done invoking toplevel() on ptolemy.moml.MoMLSimpleApplication@2ae1ad67
reloadAllAccessors: .Spectrum

===========================================================================================
----------------- testing Mon Aug 26 06:23:55 UTC 2019 /home/travis/build/icyphy/ptII/ptolemy/domains/sdf/test/auto/de_inside_sdf.xml
----------------- Instantiating /home/travis/build/icyphy/ptII/ptolemy/domains/sdf/test/auto/de_inside_sdf.xml
7 ms. Memory: 349184K Free: 146839K (42%)
----------------- Invoking toplevel() on ptolemy.moml.MoMLSimpleApplication@3e4593d3
----------------- Done invoking toplevel() on ptolemy.moml.MoMLSimpleApplication@3e4593d3
reloadAllAccessors: .de_inside_sdf

===========================================================================================
----------------- testing Mon Aug 26 06:23:55 UTC 2019 /home/travis/build/icyphy/ptII/ptolemy/domains/sdf/test/auto/disconnectedHierarchicalSDF.xml
----------------- Instantiating /home/travis/build/icyphy/ptII/ptolemy/domains/sdf/test/auto/disconnectedHierarchicalSDF.xml
5 ms. Memory: 349184K Free: 140695K (40%)
----------------- Invoking toplevel() on ptolemy.moml.MoMLSimpleApplication@15dd2679
----------------- Done invoking toplevel() on ptolemy.moml.MoMLSimpleApplication@15dd2679
reloadAllAccessors: .disconnectedHierarchicalSDF

===========================================================================================
----------------- testing Mon Aug 26 06:23:55 UTC 2019 /home/travis/build/icyphy/ptII/ptolemy/domains/sdf/test/auto/disconnectedSDF.xml
----------------- Instantiating /home/travis/build/icyphy/ptII/ptolemy/domains/sdf/test/auto/disconnectedSDF.xml
2 ms. Memory: 349184K Free: 136599K (39%)
----------------- Invoking toplevel() on ptolemy.moml.MoMLSimpleApplication@70f3338b
----------------- Done invoking toplevel() on ptolemy.moml.MoMLSimpleApplication@70f3338b
reloadAllAccessors: .disconnectedSDF

===========================================================================================
----------------- testing Mon Aug 26 06:23:55 UTC 2019 /home/travis/build/icyphy/ptII/ptolemy/domains/sdf/test/auto/emptyRefinement.xml
----------------- Instantiating /home/travis/build/icyphy/ptII/ptolemy/domains/sdf/test/auto/emptyRefinement.xml
3 ms. Memory: 349184K Free: 131989K (38%)
----------------- Invoking toplevel() on ptolemy.moml.MoMLSimpleApplication@1bd155bb
----------------- Done invoking toplevel() on ptolemy.moml.MoMLSimpleApplication@1bd155bb
reloadAllAccessors: .emptyRefinement

===========================================================================================
----------------- testing Mon Aug 26 06:23:55 UTC 2019 /home/travis/build/icyphy/ptII/ptolemy/domains/sdf/test/auto/filePortParameter.xml
----------------- Instantiating /home/travis/build/icyphy/ptII/ptolemy/domains/sdf/test/auto/filePortParameter.xml
12 ms. Memory: 349184K Free: 124821K (36%)
----------------- Invoking toplevel() on ptolemy.moml.MoMLSimpleApplication@7371b4df
----------------- Done invoking toplevel() on ptolemy.moml.MoMLSimpleApplication@7371b4df
reloadAllAccessors: .filePortParameter

===========================================================================================
----------------- testing Mon Aug 26 06:23:55 UTC 2019 /home/travis/build/icyphy/ptII/ptolemy/domains/sdf/test/auto/inferRelationWidth1.xml
----------------- Instantiating /home/travis/build/icyphy/ptII/ptolemy/domains/sdf/test/auto/inferRelationWidth1.xml
2 ms. Memory: 349184K Free: 328757K (94%)
----------------- Invoking toplevel() on ptolemy.moml.MoMLSimpleApplication@17b2571d
----------------- Done invoking toplevel() on ptolemy.moml.MoMLSimpleApplication@17b2571d
reloadAllAccessors: .inferRelationWidth1

===========================================================================================
----------------- testing Mon Aug 26 06:23:55 UTC 2019 /home/travis/build/icyphy/ptII/ptolemy/domains/sdf/test/auto/initProductionInference.xml
----------------- Instantiating /home/travis/build/icyphy/ptII/ptolemy/domains/sdf/test/auto/initProductionInference.xml
13 ms. Memory: 349184K Free: 324661K (93%)
----------------- Invoking toplevel() on ptolemy.moml.MoMLSimpleApplication@777709d6
----------------- Done invoking toplevel() on ptolemy.moml.MoMLSimpleApplication@777709d6
reloadAllAccessors: .initProductionInference

===========================================================================================
----------------- testing Mon Aug 26 06:23:55 UTC 2019 /home/travis/build/icyphy/ptII/ptolemy/domains/sdf/test/auto/relationGroup.xml
----------------- Instantiating /home/travis/build/icyphy/ptII/ptolemy/domains/sdf/test/auto/relationGroup.xml
6 ms. Memory: 349184K Free: 321079K (92%)
----------------- Invoking toplevel() on ptolemy.moml.MoMLSimpleApplication@1a9556f6
----------------- Done invoking toplevel() on ptolemy.moml.MoMLSimpleApplication@1a9556f6
reloadAllAccessors: .relationGroup

===========================================================================================
----------------- testing Mon Aug 26 06:23:55 UTC 2019 /home/travis/build/icyphy/ptII/ptolemy/domains/sdf/test/auto/relationGroup10.xml
----------------- Instantiating /home/travis/build/icyphy/ptII/ptolemy/domains/sdf/test/auto/relationGroup10.xml
2 ms. Memory: 349184K Free: 317493K (91%)
----------------- Invoking toplevel() on ptolemy.moml.MoMLSimpleApplication@21dcb4bc
----------------- Done invoking toplevel() on ptolemy.moml.MoMLSimpleApplication@21dcb4bc
reloadAllAccessors: .relationGroup10

===========================================================================================
----------------- testing Mon Aug 26 06:23:55 UTC 2019 /home/travis/build/icyphy/ptII/ptolemy/domains/sdf/test/auto/relationGroup11.xml
----------------- Instantiating /home/travis/build/icyphy/ptII/ptolemy/domains/sdf/test/auto/relationGroup11.xml
2 ms. Memory: 349184K Free: 313911K (90%)
----------------- Invoking toplevel() on ptolemy.moml.MoMLSimpleApplication@a76a84
----------------- Done invoking toplevel() on ptolemy.moml.MoMLSimpleApplication@a76a84
reloadAllAccessors: .relationGroup11

===========================================================================================
----------------- testing Mon Aug 26 06:23:55 UTC 2019 /home/travis/build/icyphy/ptII/ptolemy/domains/sdf/test/auto/relationGroup12.xml
----------------- Instantiating /home/travis/build/icyphy/ptII/ptolemy/domains/sdf/test/auto/relationGroup12.xml
3 ms. Memory: 349184K Free: 310325K (89%)
----------------- Invoking toplevel() on ptolemy.moml.MoMLSimpleApplication@6e45b079
----------------- Done invoking toplevel() on ptolemy.moml.MoMLSimpleApplication@6e45b079
reloadAllAccessors: .relationGroup12

===========================================================================================
----------------- testing Mon Aug 26 06:23:55 UTC 2019 /home/travis/build/icyphy/ptII/ptolemy/domains/sdf/test/auto/relationGroup13.xml
----------------- Instantiating /home/travis/build/icyphy/ptII/ptolemy/domains/sdf/test/auto/relationGroup13.xml
8 ms. Memory: 349184K Free: 305719K (88%)
----------------- Invoking toplevel() on ptolemy.moml.MoMLSimpleApplication@3f8f27a4
----------------- Done invoking toplevel() on ptolemy.moml.MoMLSimpleApplication@3f8f27a4
reloadAllAccessors: .relationGroup13

===========================================================================================
----------------- testing Mon Aug 26 06:23:55 UTC 2019 /home/travis/build/icyphy/ptII/ptolemy/domains/sdf/test/auto/relationGroup14.xml
----------------- Instantiating /home/travis/build/icyphy/ptII/ptolemy/domains/sdf/test/auto/relationGroup14.xml
3 ms. Memory: 349184K Free: 301109K (86%)
----------------- Invoking toplevel() on ptolemy.moml.MoMLSimpleApplication@4e9dd4ea
----------------- Done invoking toplevel() on ptolemy.moml.MoMLSimpleApplication@4e9dd4ea
reloadAllAccessors: .relationGroup14

===========================================================================================
----------------- testing Mon Aug 26 06:23:55 UTC 2019 /home/travis/build/icyphy/ptII/ptolemy/domains/sdf/test/auto/relationGroup15.xml
----------------- Instantiating /home/travis/build/icyphy/ptII/ptolemy/domains/sdf/test/auto/relationGroup15.xml
2 ms. Memory: 349184K Free: 297527K (85%)
----------------- Invoking toplevel() on ptolemy.moml.MoMLSimpleApplication@1bd72170
----------------- Done invoking toplevel() on ptolemy.moml.MoMLSimpleApplication@1bd72170
reloadAllAccessors: .relationGroup15

===========================================================================================
----------------- testing Mon Aug 26 06:23:55 UTC 2019 /home/travis/build/icyphy/ptII/ptolemy/domains/sdf/test/auto/relationGroup2.xml
----------------- Instantiating /home/travis/build/icyphy/ptII/ptolemy/domains/sdf/test/auto/relationGroup2.xml
2 ms. Memory: 349184K Free: 294455K (84%)
----------------- Invoking toplevel() on ptolemy.moml.MoMLSimpleApplication@73b75091
----------------- Done invoking toplevel() on ptolemy.moml.MoMLSimpleApplication@73b75091
reloadAllAccessors: .relationGroup2

===========================================================================================
----------------- testing Mon Aug 26 06:23:55 UTC 2019 /home/travis/build/icyphy/ptII/ptolemy/domains/sdf/test/auto/relationGroup3.xml
----------------- Instantiating /home/travis/build/icyphy/ptII/ptolemy/domains/sdf/test/auto/relationGroup3.xml
1 ms. Memory: 349184K Free: 291383K (83%)
----------------- Invoking toplevel() on ptolemy.moml.MoMLSimpleApplication@f1cb7b7
----------------- Done invoking toplevel() on ptolemy.moml.MoMLSimpleApplication@f1cb7b7
reloadAllAccessors: .relationGroup3

===========================================================================================
----------------- testing Mon Aug 26 06:23:55 UTC 2019 /home/travis/build/icyphy/ptII/ptolemy/domains/sdf/test/auto/relationGroup4.xml
----------------- Instantiating /home/travis/build/icyphy/ptII/ptolemy/domains/sdf/test/auto/relationGroup4.xml
7 ms. Memory: 349184K Free: 287767K (82%)
----------------- Invoking toplevel() on ptolemy.moml.MoMLSimpleApplication@73fec30d
----------------- Done invoking toplevel() on ptolemy.moml.MoMLSimpleApplication@73fec30d
reloadAllAccessors: .relationGroup4

===========================================================================================
----------------- testing Mon Aug 26 06:23:55 UTC 2019 /home/travis/build/icyphy/ptII/ptolemy/domains/sdf/test/auto/relationGroup5.xml
----------------- Instantiating /home/travis/build/icyphy/ptII/ptolemy/domains/sdf/test/auto/relationGroup5.xml
2 ms. Memory: 349184K Free: 283671K (81%)
----------------- Invoking toplevel() on ptolemy.moml.MoMLSimpleApplication@43cffc8a
----------------- Done invoking toplevel() on ptolemy.moml.MoMLSimpleApplication@43cffc8a
reloadAllAccessors: .relationGroup5

===========================================================================================
----------------- testing Mon Aug 26 06:23:55 UTC 2019 /home/travis/build/icyphy/ptII/ptolemy/domains/sdf/test/auto/relationGroup6.xml
----------------- Instantiating /home/travis/build/icyphy/ptII/ptolemy/domains/sdf/test/auto/relationGroup6.xml
3 ms. Memory: 349184K Free: 279605K (80%)
----------------- Invoking toplevel() on ptolemy.moml.MoMLSimpleApplication@52e7a675
----------------- Done invoking toplevel() on ptolemy.moml.MoMLSimpleApplication@52e7a675
reloadAllAccessors: .relationGroup6

===========================================================================================
----------------- testing Mon Aug 26 06:23:55 UTC 2019 /home/travis/build/icyphy/ptII/ptolemy/domains/sdf/test/auto/relationGroup7.xml
----------------- Instantiating /home/travis/build/icyphy/ptII/ptolemy/domains/sdf/test/auto/relationGroup7.xml
1 ms. Memory: 349184K Free: 275509K (79%)
----------------- Invoking toplevel() on ptolemy.moml.MoMLSimpleApplication@42476544
----------------- Done invoking toplevel() on ptolemy.moml.MoMLSimpleApplication@42476544
reloadAllAccessors: .relationGroup7

===========================================================================================
----------------- testing Mon Aug 26 06:23:55 UTC 2019 /home/travis/build/icyphy/ptII/ptolemy/domains/sdf/test/auto/relationGroup8.xml
----------------- Instantiating /home/travis/build/icyphy/ptII/ptolemy/domains/sdf/test/auto/relationGroup8.xml
1 ms. Memory: 349184K Free: 272437K (78%)
----------------- Invoking toplevel() on ptolemy.moml.MoMLSimpleApplication@49aaa777
----------------- Done invoking toplevel() on ptolemy.moml.MoMLSimpleApplication@49aaa777
reloadAllAccessors: .relationGroup8

===========================================================================================
----------------- testing Mon Aug 26 06:23:55 UTC 2019 /home/travis/build/icyphy/ptII/ptolemy/domains/sdf/test/auto/relationGroup9.xml
----------------- Instantiating /home/travis/build/icyphy/ptII/ptolemy/domains/sdf/test/auto/relationGroup9.xml
5 ms. Memory: 349184K Free: 267831K (77%)
----------------- Invoking toplevel() on ptolemy.moml.MoMLSimpleApplication@79be2b04
----------------- Done invoking toplevel() on ptolemy.moml.MoMLSimpleApplication@79be2b04
reloadAllAccessors: .relationGroup9

===========================================================================================
----------------- testing Mon Aug 26 06:23:55 UTC 2019 /home/travis/build/icyphy/ptII/ptolemy/domains/sdf/test/auto/sdf_inside_de.xml
----------------- Instantiating /home/travis/build/icyphy/ptII/ptolemy/domains/sdf/test/auto/sdf_inside_de.xml
12 ms. Memory: 349184K Free: 259125K (74%)
----------------- Invoking toplevel() on ptolemy.moml.MoMLSimpleApplication@24e39c2e
----------------- Done invoking toplevel() on ptolemy.moml.MoMLSimpleApplication@24e39c2e
reloadAllAccessors: .sdf_inside_de

===========================================================================================
----------------- testing Mon Aug 26 06:23:55 UTC 2019 /home/travis/build/icyphy/ptII/ptolemy/domains/sdf/test/auto/sdf_inside_pn.xml
----------------- Instantiating /home/travis/build/icyphy/ptII/ptolemy/domains/sdf/test/auto/sdf_inside_pn.xml
41 ms. Memory: 349184K Free: 249909K (72%)
----------------- Invoking toplevel() on ptolemy.moml.MoMLSimpleApplication@622fd731
----------------- Done invoking toplevel() on ptolemy.moml.MoMLSimpleApplication@622fd731
reloadAllAccessors: .sdf_inside_pn

===========================================================================================
----------------- testing Mon Aug 26 06:23:55 UTC 2019 /home/travis/build/icyphy/ptII/ptolemy/domains/sdf/test/auto/sdf_sdf1.xml
----------------- Instantiating /home/travis/build/icyphy/ptII/ptolemy/domains/sdf/test/auto/sdf_sdf1.xml
4 ms. Memory: 349184K Free: 244279K (70%)
----------------- Invoking toplevel() on ptolemy.moml.MoMLSimpleApplication@5281ad9a
----------------- Done invoking toplevel() on ptolemy.moml.MoMLSimpleApplication@5281ad9a
reloadAllAccessors: .sdf_sdf1

===========================================================================================
----------------- testing Mon Aug 26 06:23:55 UTC 2019 /home/travis/build/icyphy/ptII/ptolemy/domains/sdf/test/auto/test1.xml
----------------- Instantiating /home/travis/build/icyphy/ptII/ptolemy/domains/sdf/test/auto/test1.xml
3 ms. Memory: 349184K Free: 239159K (68%)
----------------- Invoking toplevel() on ptolemy.moml.MoMLSimpleApplication@8e4f99e
----------------- Done invoking toplevel() on ptolemy.moml.MoMLSimpleApplication@8e4f99e
reloadAllAccessors: .test1

===========================================================================================
----------------- testing Mon Aug 26 06:23:55 UTC 2019 /home/travis/build/icyphy/ptII/ptolemy/domains/sdf/test/auto/time1.xml
----------------- Instantiating /home/travis/build/icyphy/ptII/ptolemy/domains/sdf/test/auto/time1.xml
2 ms. Memory: 349184K Free: 235573K (67%)
----------------- Invoking toplevel() on ptolemy.moml.MoMLSimpleApplication@7703ff02
----------------- Done invoking toplevel() on ptolemy.moml.MoMLSimpleApplication@7703ff02
reloadAllAccessors: .time1

===========================================================================================
----------------- testing Mon Aug 26 06:23:55 UTC 2019 /home/travis/build/icyphy/ptII/ptolemy/domains/sdf/test/auto/time2.xml
----------------- Instantiating /home/travis/build/icyphy/ptII/ptolemy/domains/sdf/test/auto/time2.xml
1 ms. Memory: 349184K Free: 231991K (66%)
----------------- Invoking toplevel() on ptolemy.moml.MoMLSimpleApplication@6bee78b7
----------------- Done invoking toplevel() on ptolemy.moml.MoMLSimpleApplication@6bee78b7
reloadAllAccessors: .time2

===========================================================================================
----------------- testing Mon Aug 26 06:23:55 UTC 2019 /home/travis/build/icyphy/ptII/ptolemy/domains/sdf/test/auto/time3.xml
----------------- Instantiating /home/travis/build/icyphy/ptII/ptolemy/domains/sdf/test/auto/time3.xml
7 ms. Memory: 349184K Free: 226357K (65%)
----------------- Invoking toplevel() on ptolemy.moml.MoMLSimpleApplication@3b9a6dd3
----------------- Done invoking toplevel() on ptolemy.moml.MoMLSimpleApplication@3b9a6dd3
reloadAllAccessors: .time3

===========================================================================================
----------------- testing Mon Aug 26 06:23:55 UTC 2019 /home/travis/build/icyphy/ptII/ptolemy/domains/sdf/test/auto/time4.xml
----------------- Instantiating /home/travis/build/icyphy/ptII/ptolemy/domains/sdf/test/auto/time4.xml
6 ms. Memory: 349184K Free: 220727K (63%)
----------------- Invoking toplevel() on ptolemy.moml.MoMLSimpleApplication@73006535
----------------- Done invoking toplevel() on ptolemy.moml.MoMLSimpleApplication@73006535
reloadAllAccessors: .time4

===========================================================================================
----------------- testing Mon Aug 26 06:23:55 UTC 2019 /home/travis/build/icyphy/ptII/ptolemy/domains/sdf/test/auto/time5.xml
----------------- Instantiating /home/travis/build/icyphy/ptII/ptolemy/domains/sdf/test/auto/time5.xml
4002 ms. Memory: 349184K Free: 217141K (62%)
----------------- Invoking toplevel() on ptolemy.moml.MoMLSimpleApplication@678516b8
----------------- Done invoking toplevel() on ptolemy.moml.MoMLSimpleApplication@678516b8
reloadAllAccessors: .time5

===========================================================================================
----------------- testing Mon Aug 26 06:23:59 UTC 2019 /home/travis/build/icyphy/ptII/ptolemy/domains/sdf/test/auto/typeSystem_Const_Integer_smallest_Type.xml
----------------- Instantiating /home/travis/build/icyphy/ptII/ptolemy/domains/sdf/test/auto/typeSystem_Const_Integer_smallest_Type.xml
6 ms. Memory: 349184K Free: 212535K (61%)
----------------- Invoking toplevel() on ptolemy.moml.MoMLSimpleApplication@308090fe
----------------- Done invoking toplevel() on ptolemy.moml.MoMLSimpleApplication@308090fe
reloadAllAccessors: .typeSystem_Const_Integer_smallest_Type

===========================================================================================
----------------- testing Mon Aug 26 06:23:59 UTC 2019 /home/travis/build/icyphy/ptII/ptolemy/domains/sdf/test/auto/typeSystem_declared_Inports_OutportTypeException.xml
----------------- Instantiating /home/travis/build/icyphy/ptII/ptolemy/domains/sdf/test/auto/typeSystem_declared_Inports_OutportTypeException.xml
.typeSystem_declared_Inports_OutportTypeException.TestExceptionAttribute: initialize() was not invoked, but wrapup() was.  This is unusual, but not always a problem.  For example, exporting JNLP will do this.
6 ms. Memory: 349184K Free: 207925K (60%)
----------------- Invoking toplevel() on ptolemy.moml.MoMLSimpleApplication@e8ea0a3
----------------- Done invoking toplevel() on ptolemy.moml.MoMLSimpleApplication@e8ea0a3
reloadAllAccessors: .typeSystem_declared_Inports_OutportTypeException

===========================================================================================
----------------- testing Mon Aug 26 06:23:59 UTC 2019 /home/travis/build/icyphy/ptII/ptolemy/domains/sdf/test/auto/typeSystem_oneDeclaredInportType_wrongTypeOutport.xml
----------------- Instantiating /home/travis/build/icyphy/ptII/ptolemy/domains/sdf/test/auto/typeSystem_oneDeclaredInportType_wrongTypeOutport.xml
3 ms. Memory: 349184K Free: 203829K (58%)
----------------- Invoking toplevel() on ptolemy.moml.MoMLSimpleApplication@61e72005
----------------- Done invoking toplevel() on ptolemy.moml.MoMLSimpleApplication@61e72005
reloadAllAccessors: .typeSystem_oneDeclaredInportType_wrongTypeOutport

===========================================================================================
----------------- testing Mon Aug 26 06:23:59 UTC 2019 /home/travis/build/icyphy/ptII/ptolemy/domains/sdf/test/auto/width.xml
----------------- Instantiating /home/travis/build/icyphy/ptII/ptolemy/domains/sdf/test/auto/width.xml
2 ms. Memory: 349184K Free: 200247K (57%)
----------------- Invoking toplevel() on ptolemy.moml.MoMLSimpleApplication@4764c488
----------------- Done invoking toplevel() on ptolemy.moml.MoMLSimpleApplication@4764c488
reloadAllAccessors: .width

===========================================================================================
----------------- testing Mon Aug 26 06:23:59 UTC 2019 /home/travis/build/icyphy/ptII/ptolemy/domains/sdf/test/auto/width2.xml
----------------- Instantiating /home/travis/build/icyphy/ptII/ptolemy/domains/sdf/test/auto/width2.xml
30 ms. Memory: 349184K Free: 195127K (56%)
----------------- Invoking toplevel() on ptolemy.moml.MoMLSimpleApplication@23ab3a90
----------------- Done invoking toplevel() on ptolemy.moml.MoMLSimpleApplication@23ab3a90
reloadAllAccessors: .width2

===========================================================================================
----------------- testing Mon Aug 26 06:23:59 UTC 2019 /home/travis/build/icyphy/ptII/ptolemy/domains/sdf/test/auto/width3.xml
----------------- Instantiating /home/travis/build/icyphy/ptII/ptolemy/domains/sdf/test/auto/width3.xml
26 ms. Memory: 349184K Free: 190007K (54%)
----------------- Invoking toplevel() on ptolemy.moml.MoMLSimpleApplication@3dca4a0f
----------------- Done invoking toplevel() on ptolemy.moml.MoMLSimpleApplication@3dca4a0f
reloadAllAccessors: .width3
AutoTests.java: About to close Vertx.
AutoTests.java: Vertx closed.
]]></system-out>
  <system-err><![CDATA[java.lang.RuntimeException: Execution failed
	at ptolemy.moml.MoMLSimpleApplication$UnloadThread.run(MoMLSimpleApplication.java:402)
Caused by: ptolemy.actor.sched.NotSchedulableException: No solution exists for the balance equations.
Graph is not consistent under the SDF domain detected on external port .rateConsistency.actor.port2
  in .rateConsistency.SDF Director.Scheduler
	at ptolemy.domains.sdf.kernel.SDFScheduler._propagatePort(SDFScheduler.java:1425)
	at ptolemy.domains.sdf.kernel.SDFScheduler._solveBalanceEquations(SDFScheduler.java:710)
	at ptolemy.domains.sdf.kernel.SDFScheduler._getSchedule(SDFScheduler.java:566)
	at ptolemy.actor.sched.Scheduler.getSchedule(Scheduler.java:189)
	at ptolemy.domains.sdf.kernel.SDFDirector.createSchedule(SDFDirector.java:408)
	at ptolemy.domains.sdf.kernel.SDFDirector.preinitialize(SDFDirector.java:764)
	at ptolemy.actor.CompositeActor.preinitialize(CompositeActor.java:1828)
	at ptolemy.actor.Manager.preinitializeAndResolveTypes(Manager.java:1040)
	at ptolemy.actor.Manager.initialize(Manager.java:710)
	at ptolemy.actor.Manager.execute(Manager.java:356)
	at ptolemy.actor.Manager.run(Manager.java:1263)
	at ptolemy.actor.Manager$PtolemyRunThread.run(Manager.java:1933)
java.lang.RuntimeException: Execution failed
	at ptolemy.moml.MoMLSimpleApplication$UnloadThread.run(MoMLSimpleApplication.java:402)
Caused by: ptolemy.kernel.util.IllegalActionException: Failed to compute schedule:
  in .badRateChanges.typed composite actor.SDF Director
Because:
The SDF rate parameter may change. This is not allowed in SDF models that will be run through the code generator.  If you don't care about code generation, then you might consider setting the allowRateChanges parameter of the SDF director to false.
  in .badRateChanges.typed composite actor.Repeat.output.tokenProductionRate
	at ptolemy.domains.sdf.kernel.SDFDirector.createSchedule(SDFDirector.java:418)
	at ptolemy.domains.sdf.kernel.SDFDirector.preinitialize(SDFDirector.java:764)
	at ptolemy.actor.CompositeActor.preinitialize(CompositeActor.java:1828)
	at ptolemy.actor.Director.preinitialize(Director.java:1302)
	at ptolemy.actor.Director.preinitialize(Director.java:1257)
	at ptolemy.domains.sdf.kernel.SDFDirector.preinitialize(SDFDirector.java:763)
	at ptolemy.actor.CompositeActor.preinitialize(CompositeActor.java:1828)
	at ptolemy.actor.Manager.preinitializeAndResolveTypes(Manager.java:1040)
	at ptolemy.actor.Manager.initialize(Manager.java:710)
	at ptolemy.actor.Manager.execute(Manager.java:356)
	at ptolemy.actor.Manager.run(Manager.java:1263)
	at ptolemy.actor.Manager$PtolemyRunThread.run(Manager.java:1933)
Caused by: ptolemy.kernel.util.IllegalActionException: The SDF rate parameter may change. This is not allowed in SDF models that will be run through the code generator.  If you don't care about code generation, then you might consider setting the allowRateChanges parameter of the SDF director to false.
  in .badRateChanges.typed composite actor.Repeat.output.tokenProductionRate
	at ptolemy.domains.sdf.kernel.SDFScheduler._assertDynamicRateVariable(SDFScheduler.java:931)
	at ptolemy.domains.sdf.kernel.SDFScheduler._checkDynamicRateVariables(SDFScheduler.java:339)
	at ptolemy.domains.sdf.kernel.SDFScheduler._getSchedule(SDFScheduler.java:527)
	at ptolemy.actor.sched.Scheduler.getSchedule(Scheduler.java:189)
	at ptolemy.domains.sdf.kernel.SDFDirector.createSchedule(SDFDirector.java:408)
	... 11 more
java.lang.RuntimeException: Execution failed
	at ptolemy.moml.MoMLSimpleApplication$UnloadThread.run(MoMLSimpleApplication.java:402)
Caused by: ptolemy.kernel.util.IllegalActionException: Failed to compute schedule:
  in .badRateChanges2.typed composite actor.SDF Director
Because:
The SDF rate parameter may change. This is not allowed in SDF models that will be run through the code generator.  If you don't care about code generation, then you might consider setting the allowRateChanges parameter of the SDF director to false.
  in .badRateChanges2.typed composite actor.Repeat.output.tokenProductionRate
	at ptolemy.domains.sdf.kernel.SDFDirector.createSchedule(SDFDirector.java:418)
	at ptolemy.domains.sdf.kernel.SDFDirector.preinitialize(SDFDirector.java:764)
	at ptolemy.actor.CompositeActor.preinitialize(CompositeActor.java:1828)
	at ptolemy.actor.Director.preinitialize(Director.java:1302)
	at ptolemy.actor.Director.preinitialize(Director.java:1257)
	at ptolemy.domains.sdf.kernel.SDFDirector.preinitialize(SDFDirector.java:763)
	at ptolemy.actor.CompositeActor.preinitialize(CompositeActor.java:1828)
	at ptolemy.actor.Manager.preinitializeAndResolveTypes(Manager.java:1040)
	at ptolemy.actor.Manager.initialize(Manager.java:710)
	at ptolemy.actor.Manager.execute(Manager.java:356)
	at ptolemy.actor.Manager.run(Manager.java:1263)
	at ptolemy.actor.Manager$PtolemyRunThread.run(Manager.java:1933)
Caused by: ptolemy.kernel.util.IllegalActionException: The SDF rate parameter may change. This is not allowed in SDF models that will be run through the code generator.  If you don't care about code generation, then you might consider setting the allowRateChanges parameter of the SDF director to false.
  in .badRateChanges2.typed composite actor.Repeat.output.tokenProductionRate
	at ptolemy.domains.sdf.kernel.SDFScheduler._assertDynamicRateVariable(SDFScheduler.java:931)
	at ptolemy.domains.sdf.kernel.SDFScheduler._checkDynamicRateVariables(SDFScheduler.java:339)
	at ptolemy.domains.sdf.kernel.SDFScheduler._getSchedule(SDFScheduler.java:527)
	at ptolemy.actor.sched.Scheduler.getSchedule(Scheduler.java:189)
	at ptolemy.domains.sdf.kernel.SDFDirector.createSchedule(SDFDirector.java:408)
	... 11 more
java.lang.RuntimeException: Execution failed
	at ptolemy.moml.MoMLSimpleApplication$UnloadThread.run(MoMLSimpleApplication.java:402)
Caused by: ptolemy.actor.sched.NotSchedulableException: Actors remain that cannot be scheduled!

There are several possible reasons:
* SDF Graphs with feedback loops should have an actor with a delay in the loop, such as a SampleDelay.
* The SDF director has an "allowDisconnectedGraphs"parameter, which, when true, permits disconnected SDF graphs.
* The token consumption rate and production rates might be mismatched.
Usually, actors produce one token or consume one token on a port.  To produce or consume multiple tokens per firing, add a "tokenConsumptionRate" or "tokenProductionRate" parameter to the appropriate port.
Unscheduled actors:
.partiallyConnected.Const2 
Scheduled actors:
.partiallyConnected.Const 
  in .partiallyConnected.SDF Director.Scheduler
	at ptolemy.domains.sdf.kernel.SDFScheduler._scheduleConnectedActors(SDFScheduler.java:1828)
	at ptolemy.domains.sdf.kernel.SDFScheduler._getSchedule(SDFScheduler.java:587)
	at ptolemy.actor.sched.Scheduler.getSchedule(Scheduler.java:189)
	at ptolemy.domains.sdf.kernel.SDFDirector.createSchedule(SDFDirector.java:408)
	at ptolemy.domains.sdf.kernel.SDFDirector.preinitialize(SDFDirector.java:764)
	at ptolemy.actor.CompositeActor.preinitialize(CompositeActor.java:1828)
	at ptolemy.actor.Manager.preinitializeAndResolveTypes(Manager.java:1040)
	at ptolemy.actor.Manager.initialize(Manager.java:710)
	at ptolemy.actor.Manager.execute(Manager.java:356)
	at ptolemy.actor.Manager.run(Manager.java:1263)
	at ptolemy.actor.Manager$PtolemyRunThread.run(Manager.java:1933)
]]></system-err>
</testsuite>
