<?xml version="1.0" encoding="UTF-8" ?>
<testsuite errors="0" failures="0" hostname="travis-job-b7b26366-d1ae-4379-a4c6-d23f3eca69e2" name="ptolemy.domains.de.test.junit.JUnitTclTest" skipped="0" tests="101" time="126.591" timestamp="2018-06-11T03:48:40">
  <properties>
[...]
</properties>
  <testcase classname="ptolemy.util.test.junit.TclTests" name="[0] /home/travis/build/icyphy/ptII/ptolemy/domains/de/test/DependencyLoop.tcl (RunTclFile)" time="0.715" />
  <testcase classname="ptolemy.util.test.junit.TclTests" name="[1] /home/travis/build/icyphy/ptII/ptolemy/domains/de/test/RunDETestsAsQSS.tcl (RunTclFile)" time="86.705" />
  <testcase classname="ptolemy.util.test.junit.AutoKnownFailedTests" name="[0] /home/travis/build/icyphy/ptII/ptolemy/domains/de/test/auto/knownFailedTests/DESDFClockTest.xml (RunModel)" time="2.029" />
  <testcase classname="ptolemy.util.test.junit.AutoKnownFailedTests" name="[1] /home/travis/build/icyphy/ptII/ptolemy/domains/de/test/auto/knownFailedTests/DirectFeedback.xml (RunModel)" time="0.005" />
  <testcase classname="ptolemy.util.test.junit.AutoKnownFailedTests" name="[2] /home/travis/build/icyphy/ptII/ptolemy/domains/de/test/auto/knownFailedTests/FSMSource.xml (RunModel)" time="0.015" />
  <testcase classname="ptolemy.util.test.junit.AutoKnownFailedTests" name="[3] /home/travis/build/icyphy/ptII/ptolemy/domains/de/test/auto/knownFailedTests/HierarchicalModel.xml (RunModel)" time="0.023" />
  <testcase classname="ptolemy.util.test.junit.AutoKnownFailedTests" name="[4] /home/travis/build/icyphy/ptII/ptolemy/domains/de/test/auto/knownFailedTests/dependencyLoop.xml (RunModel)" time="0.026" />
  <testcase classname="ptolemy.util.test.junit.AutoKnownFailedTests" name="[5] /home/travis/build/icyphy/ptII/ptolemy/domains/de/test/auto/knownFailedTests/dependencyLoop2.xml (RunModel)" time="0.032" />
  <testcase classname="ptolemy.util.test.junit.AutoNameArchTests" name="[0] ThereAreNoAutoArchTests (RunModel)" time="0.0" />
  <testcase classname="ptolemy.util.test.junit.AutoTests" name="[0] /home/travis/build/icyphy/ptII/ptolemy/domains/de/test/auto/ActorDepthCalculation_actorWithoutPorts.xml (RunModel)" time="0.014" />
  <testcase classname="ptolemy.util.test.junit.AutoTests" name="[1] /home/travis/build/icyphy/ptII/ptolemy/domains/de/test/auto/AssemblyLine.xml (RunModel)" time="0.012" />
  <testcase classname="ptolemy.util.test.junit.AutoTests" name="[2] /home/travis/build/icyphy/ptII/ptolemy/domains/de/test/auto/CQBug1.xml (RunModel)" time="0.004" />
  <testcase classname="ptolemy.util.test.junit.AutoTests" name="[3] /home/travis/build/icyphy/ptII/ptolemy/domains/de/test/auto/CancelFireAt.xml (RunModel)" time="0.004" />
  <testcase classname="ptolemy.util.test.junit.AutoTests" name="[4] /home/travis/build/icyphy/ptII/ptolemy/domains/de/test/auto/CausalityAndComposabilityAnalysis.xml (RunModel)" time="0.006" />
  <testcase classname="ptolemy.util.test.junit.AutoTests" name="[5] /home/travis/build/icyphy/ptII/ptolemy/domains/de/test/auto/CausalityInterface1.xml (RunModel)" time="0.008" />
  <testcase classname="ptolemy.util.test.junit.AutoTests" name="[6] /home/travis/build/icyphy/ptII/ptolemy/domains/de/test/auto/CausalityInterface15.xml (RunModel)" time="0.008" />
  <testcase classname="ptolemy.util.test.junit.AutoTests" name="[7] /home/travis/build/icyphy/ptII/ptolemy/domains/de/test/auto/CausalityInterface2.xml (RunModel)" time="0.006" />
  <testcase classname="ptolemy.util.test.junit.AutoTests" name="[8] /home/travis/build/icyphy/ptII/ptolemy/domains/de/test/auto/CausalityInterface3.xml (RunModel)" time="0.007" />
  <testcase classname="ptolemy.util.test.junit.AutoTests" name="[9] /home/travis/build/icyphy/ptII/ptolemy/domains/de/test/auto/ClockDrift.xml (RunModel)" time="0.022" />
  <testcase classname="ptolemy.util.test.junit.AutoTests" name="[10] /home/travis/build/icyphy/ptII/ptolemy/domains/de/test/auto/ClockDriftAndValueChange.xml (RunModel)" time="0.019" />
  <testcase classname="ptolemy.util.test.junit.AutoTests" name="[11] /home/travis/build/icyphy/ptII/ptolemy/domains/de/test/auto/ClockDriftChange.xml (RunModel)" time="0.016" />
  <testcase classname="ptolemy.util.test.junit.AutoTests" name="[12] /home/travis/build/icyphy/ptII/ptolemy/domains/de/test/auto/ComposableCausalityAnalysis.xml (RunModel)" time="0.012" />
  <testcase classname="ptolemy.util.test.junit.AutoTests" name="[13] /home/travis/build/icyphy/ptII/ptolemy/domains/de/test/auto/DEFixedPointLimitation.xml (RunModel)" time="0.006" />
  <testcase classname="ptolemy.util.test.junit.AutoTests" name="[14] /home/travis/build/icyphy/ptII/ptolemy/domains/de/test/auto/DEScheduleTest.xml (RunModel)" time="0.007" />
  <testcase classname="ptolemy.util.test.junit.AutoTests" name="[15] /home/travis/build/icyphy/ptII/ptolemy/domains/de/test/auto/DEinDEwithStartTimes.xml (RunModel)" time="0.009" />
  <testcase classname="ptolemy.util.test.junit.AutoTests" name="[16] /home/travis/build/icyphy/ptII/ptolemy/domains/de/test/auto/DEinDEwithStartTimes2.xml (RunModel)" time="0.009" />
  <testcase classname="ptolemy.util.test.junit.AutoTests" name="[17] /home/travis/build/icyphy/ptII/ptolemy/domains/de/test/auto/DateDemo.xml (RunModel)" time="0.03" />
  <testcase classname="ptolemy.util.test.junit.AutoTests" name="[18] /home/travis/build/icyphy/ptII/ptolemy/domains/de/test/auto/DateToEvent.xml (RunModel)" time="2.03" />
  <testcase classname="ptolemy.util.test.junit.AutoTests" name="[19] /home/travis/build/icyphy/ptII/ptolemy/domains/de/test/auto/DepthTest1.xml (RunModel)" time="0.006" />
  <testcase classname="ptolemy.util.test.junit.AutoTests" name="[20] /home/travis/build/icyphy/ptII/ptolemy/domains/de/test/auto/DepthTest2.xml (RunModel)" time="0.015" />
  <testcase classname="ptolemy.util.test.junit.AutoTests" name="[21] /home/travis/build/icyphy/ptII/ptolemy/domains/de/test/auto/DepthTest3.xml (RunModel)" time="0.007" />
  <testcase classname="ptolemy.util.test.junit.AutoTests" name="[22] /home/travis/build/icyphy/ptII/ptolemy/domains/de/test/auto/DepthTest4.xml (RunModel)" time="0.011" />
  <testcase classname="ptolemy.util.test.junit.AutoTests" name="[23] /home/travis/build/icyphy/ptII/ptolemy/domains/de/test/auto/DepthTest5.xml (RunModel)" time="0.012" />
  <testcase classname="ptolemy.util.test.junit.AutoTests" name="[24] /home/travis/build/icyphy/ptII/ptolemy/domains/de/test/auto/DepthTest6.xml (RunModel)" time="0.011" />
  <testcase classname="ptolemy.util.test.junit.AutoTests" name="[25] /home/travis/build/icyphy/ptII/ptolemy/domains/de/test/auto/DepthTest7.xml (RunModel)" time="0.01" />
  <testcase classname="ptolemy.util.test.junit.AutoTests" name="[26] /home/travis/build/icyphy/ptII/ptolemy/domains/de/test/auto/EventToDate.xml (RunModel)" time="3.03" />
  <testcase classname="ptolemy.util.test.junit.AutoTests" name="[27] /home/travis/build/icyphy/ptII/ptolemy/domains/de/test/auto/FSM1.xml (RunModel)" time="0.04" />
  <testcase classname="ptolemy.util.test.junit.AutoTests" name="[28] /home/travis/build/icyphy/ptII/ptolemy/domains/de/test/auto/FSM7.xml (RunModel)" time="0.026" />
  <testcase classname="ptolemy.util.test.junit.AutoTests" name="[29] /home/travis/build/icyphy/ptII/ptolemy/domains/de/test/auto/Inspection.xml (RunModel)" time="0.034" />
  <testcase classname="ptolemy.util.test.junit.AutoTests" name="[30] /home/travis/build/icyphy/ptII/ptolemy/domains/de/test/auto/Iteration.xml (RunModel)" time="0.017" />
  <testcase classname="ptolemy.util.test.junit.AutoTests" name="[31] /home/travis/build/icyphy/ptII/ptolemy/domains/de/test/auto/LineFault.xml (RunModel)" time="0.524" />
  <testcase classname="ptolemy.util.test.junit.AutoTests" name="[32] /home/travis/build/icyphy/ptII/ptolemy/domains/de/test/auto/MergeModel1Add.xml (RunModel)" time="0.037" />
  <testcase classname="ptolemy.util.test.junit.AutoTests" name="[33] /home/travis/build/icyphy/ptII/ptolemy/domains/de/test/auto/MergeModel2Add.xml (RunModel)" time="0.03" />
  <testcase classname="ptolemy.util.test.junit.AutoTests" name="[34] /home/travis/build/icyphy/ptII/ptolemy/domains/de/test/auto/MergeModel3Add.xml (RunModel)" time="0.032" />
  <testcase classname="ptolemy.util.test.junit.AutoTests" name="[35] /home/travis/build/icyphy/ptII/ptolemy/domains/de/test/auto/MergeWithoutDiscard.xml (RunModel)" time="0.008" />
  <testcase classname="ptolemy.util.test.junit.AutoTests" name="[36] /home/travis/build/icyphy/ptII/ptolemy/domains/de/test/auto/Modal1.xml (RunModel)" time="0.023" />
  <testcase classname="ptolemy.util.test.junit.AutoTests" name="[37] /home/travis/build/icyphy/ptII/ptolemy/domains/de/test/auto/Modal2.xml (RunModel)" time="0.023" />
  <testcase classname="ptolemy.util.test.junit.AutoTests" name="[38] /home/travis/build/icyphy/ptII/ptolemy/domains/de/test/auto/Modal3.xml (RunModel)" time="0.023" />
  <testcase classname="ptolemy.util.test.junit.AutoTests" name="[39] /home/travis/build/icyphy/ptII/ptolemy/domains/de/test/auto/Modal4.xml (RunModel)" time="0.024" />
  <testcase classname="ptolemy.util.test.junit.AutoTests" name="[40] /home/travis/build/icyphy/ptII/ptolemy/domains/de/test/auto/Modal5.xml (RunModel)" time="0.025" />
  <testcase classname="ptolemy.util.test.junit.AutoTests" name="[41] /home/travis/build/icyphy/ptII/ptolemy/domains/de/test/auto/Modal6.xml (RunModel)" time="0.024" />
  <testcase classname="ptolemy.util.test.junit.AutoTests" name="[42] /home/travis/build/icyphy/ptII/ptolemy/domains/de/test/auto/Modal7.xml (RunModel)" time="0.025" />
  <testcase classname="ptolemy.util.test.junit.AutoTests" name="[43] /home/travis/build/icyphy/ptII/ptolemy/domains/de/test/auto/ModalModel.xml (RunModel)" time="0.125" />
  <testcase classname="ptolemy.util.test.junit.AutoTests" name="[44] /home/travis/build/icyphy/ptII/ptolemy/domains/de/test/auto/ModalSource.xml (RunModel)" time="0.014" />
  <testcase classname="ptolemy.util.test.junit.AutoTests" name="[45] /home/travis/build/icyphy/ptII/ptolemy/domains/de/test/auto/NonInterruptibleTimerZeroDelay.xml (RunModel)" time="0.007" />
  <testcase classname="ptolemy.util.test.junit.AutoTests" name="[46] /home/travis/build/icyphy/ptII/ptolemy/domains/de/test/auto/OpenQueueingNetwork.xml (RunModel)" time="2.222" />
  <testcase classname="ptolemy.util.test.junit.AutoTests" name="[47] /home/travis/build/icyphy/ptII/ptolemy/domains/de/test/auto/OpenQueuingNetwork.xml (RunModel)" time="0.253" />
  <testcase classname="ptolemy.util.test.junit.AutoTests" name="[48] /home/travis/build/icyphy/ptII/ptolemy/domains/de/test/auto/PeriodicSampler.xml (RunModel)" time="0.007" />
  <testcase classname="ptolemy.util.test.junit.AutoTests" name="[49] /home/travis/build/icyphy/ptII/ptolemy/domains/de/test/auto/PersistentIO.xml (RunModel)" time="0.02" />
  <testcase classname="ptolemy.util.test.junit.AutoTests" name="[50] /home/travis/build/icyphy/ptII/ptolemy/domains/de/test/auto/PortParameterResetOnInitialize.xml (RunModel)" time="0.009" />
  <testcase classname="ptolemy.util.test.junit.AutoTests" name="[51] /home/travis/build/icyphy/ptII/ptolemy/domains/de/test/auto/PortParameterUpdates.xml (RunModel)" time="0.013" />
  <testcase classname="ptolemy.util.test.junit.AutoTests" name="[52] /home/travis/build/icyphy/ptII/ptolemy/domains/de/test/auto/QueueAndServer.xml (RunModel)" time="0.019" />
  <testcase classname="ptolemy.util.test.junit.AutoTests" name="[53] /home/travis/build/icyphy/ptII/ptolemy/domains/de/test/auto/Records.xml (RunModel)" time="0.019" />
  <testcase classname="ptolemy.util.test.junit.AutoTests" name="[54] /home/travis/build/icyphy/ptII/ptolemy/domains/de/test/auto/ResetTransitionWithStartTime1.xml (RunModel)" time="0.018" />
  <testcase classname="ptolemy.util.test.junit.AutoTests" name="[55] /home/travis/build/icyphy/ptII/ptolemy/domains/de/test/auto/ResetTransitionWithStartTime2.xml (RunModel)" time="0.018" />
  <testcase classname="ptolemy.util.test.junit.AutoTests" name="[56] /home/travis/build/icyphy/ptII/ptolemy/domains/de/test/auto/ResetTransitionWithStartTime3.xml (RunModel)" time="0.017" />
  <testcase classname="ptolemy.util.test.junit.AutoTests" name="[57] /home/travis/build/icyphy/ptII/ptolemy/domains/de/test/auto/ResetTransitionWithStartTime4.xml (RunModel)" time="0.017" />
  <testcase classname="ptolemy.util.test.junit.AutoTests" name="[58] /home/travis/build/icyphy/ptII/ptolemy/domains/de/test/auto/ResettableTimer1.xml (RunModel)" time="0.011" />
  <testcase classname="ptolemy.util.test.junit.AutoTests" name="[59] /home/travis/build/icyphy/ptII/ptolemy/domains/de/test/auto/ResettableTimer2.xml (RunModel)" time="0.009" />
  <testcase classname="ptolemy.util.test.junit.AutoTests" name="[60] /home/travis/build/icyphy/ptII/ptolemy/domains/de/test/auto/ResettableTimer3.xml (RunModel)" time="0.009" />
  <testcase classname="ptolemy.util.test.junit.AutoTests" name="[61] /home/travis/build/icyphy/ptII/ptolemy/domains/de/test/auto/ResettableTimer4.xml (RunModel)" time="0.009" />
  <testcase classname="ptolemy.util.test.junit.AutoTests" name="[62] /home/travis/build/icyphy/ptII/ptolemy/domains/de/test/auto/ResettableTimer5.xml (RunModel)" time="0.008" />
  <testcase classname="ptolemy.util.test.junit.AutoTests" name="[63] /home/travis/build/icyphy/ptII/ptolemy/domains/de/test/auto/ResettableTimer6.xml (RunModel)" time="0.017" />
  <testcase classname="ptolemy.util.test.junit.AutoTests" name="[64] /home/travis/build/icyphy/ptII/ptolemy/domains/de/test/auto/ServerZeroDelay.xml (RunModel)" time="0.011" />
  <testcase classname="ptolemy.util.test.junit.AutoTests" name="[65] /home/travis/build/icyphy/ptII/ptolemy/domains/de/test/auto/SmartSender.xml (RunModel)" time="3.008" />
  <testcase classname="ptolemy.util.test.junit.AutoTests" name="[66] /home/travis/build/icyphy/ptII/ptolemy/domains/de/test/auto/ThreadedComposite.xml (RunModel)" time="0.135" />
  <testcase classname="ptolemy.util.test.junit.AutoTests" name="[67] /home/travis/build/icyphy/ptII/ptolemy/domains/de/test/auto/Time.xml (RunModel)" time="0.412" />
  <testcase classname="ptolemy.util.test.junit.AutoTests" name="[68] /home/travis/build/icyphy/ptII/ptolemy/domains/de/test/auto/TimeDelayZeroDelay.xml (RunModel)" time="0.015" />
  <testcase classname="ptolemy.util.test.junit.AutoTests" name="[69] /home/travis/build/icyphy/ptII/ptolemy/domains/de/test/auto/TimerZeroDelay.xml (RunModel)" time="0.008" />
  <testcase classname="ptolemy.util.test.junit.AutoTests" name="[70] /home/travis/build/icyphy/ptII/ptolemy/domains/de/test/auto/TimingParadox.xml (RunModel)" time="0.332" />
  <testcase classname="ptolemy.util.test.junit.AutoTests" name="[71] /home/travis/build/icyphy/ptII/ptolemy/domains/de/test/auto/TransferInputs.xml (RunModel)" time="0.008" />
  <testcase classname="ptolemy.util.test.junit.AutoTests" name="[72] /home/travis/build/icyphy/ptII/ptolemy/domains/de/test/auto/TransferOutputs2.xml (RunModel)" time="0.014" />
  <testcase classname="ptolemy.util.test.junit.AutoTests" name="[73] /home/travis/build/icyphy/ptII/ptolemy/domains/de/test/auto/Trilateration.xml (RunModel)" time="11.531" />
  <testcase classname="ptolemy.util.test.junit.AutoTests" name="[74] /home/travis/build/icyphy/ptII/ptolemy/domains/de/test/auto/TwoSigmaDelta.xml (RunModel)" time="2.013" />
  <testcase classname="ptolemy.util.test.junit.AutoTests" name="[75] /home/travis/build/icyphy/ptII/ptolemy/domains/de/test/auto/VariableDelay.xml (RunModel)" time="0.01" />
  <testcase classname="ptolemy.util.test.junit.AutoTests" name="[76] /home/travis/build/icyphy/ptII/ptolemy/domains/de/test/auto/VariableDelay2.xml (RunModel)" time="0.007" />
  <testcase classname="ptolemy.util.test.junit.AutoTests" name="[77] /home/travis/build/icyphy/ptII/ptolemy/domains/de/test/auto/VariableDelayZeroDelay.xml (RunModel)" time="0.009" />
  <testcase classname="ptolemy.util.test.junit.AutoTests" name="[78] /home/travis/build/icyphy/ptII/ptolemy/domains/de/test/auto/VariableDelayZeroDelay2.xml (RunModel)" time="0.008" />
  <testcase classname="ptolemy.util.test.junit.AutoTests" name="[79] /home/travis/build/icyphy/ptII/ptolemy/domains/de/test/auto/deInCt.xml (RunModel)" time="0.016" />
  <testcase classname="ptolemy.util.test.junit.AutoTests" name="[80] /home/travis/build/icyphy/ptII/ptolemy/domains/de/test/auto/deInCt2.xml (RunModel)" time="0.015" />
  <testcase classname="ptolemy.util.test.junit.AutoTests" name="[81] /home/travis/build/icyphy/ptII/ptolemy/domains/de/test/auto/dynamicCausalityInterface1.xml (RunModel)" time="0.016" />
  <testcase classname="ptolemy.util.test.junit.AutoTests" name="[82] /home/travis/build/icyphy/ptII/ptolemy/domains/de/test/auto/fsm_de_test.xml (RunModel)" time="0.019" />
  <testcase classname="ptolemy.util.test.junit.AutoTests" name="[83] /home/travis/build/icyphy/ptII/ptolemy/domains/de/test/auto/functionDependencyReconstruction.xml (RunModel)" time="0.028" />
  <testcase classname="ptolemy.util.test.junit.AutoTests" name="[84] /home/travis/build/icyphy/ptII/ptolemy/domains/de/test/auto/multirate.xml (RunModel)" time="0.015" />
  <testcase classname="ptolemy.util.test.junit.AutoTests" name="[85] /home/travis/build/icyphy/ptII/ptolemy/domains/de/test/auto/multirate2.xml (RunModel)" time="0.014" />
  <testcase classname="ptolemy.util.test.junit.AutoTests" name="[86] /home/travis/build/icyphy/ptII/ptolemy/domains/de/test/auto/realtime.xml (RunModel)" time="10.01" />
  <testcase classname="ptolemy.util.test.junit.AutoTests" name="[87] /home/travis/build/icyphy/ptII/ptolemy/domains/de/test/auto/relationGroup.xml (RunModel)" time="0.006" />
  <testcase classname="ptolemy.util.test.junit.AutoTests" name="[88] /home/travis/build/icyphy/ptII/ptolemy/domains/de/test/auto/relationGroup2.xml (RunModel)" time="0.006" />
  <testcase classname="ptolemy.util.test.junit.AutoTests" name="[89] /home/travis/build/icyphy/ptII/ptolemy/domains/de/test/auto/sortWithOpaquePorts.xml (RunModel)" time="0.007" />
  <testcase classname="ptolemy.util.test.junit.AutoTests" name="[90] /home/travis/build/icyphy/ptII/ptolemy/domains/de/test/auto/transferInputsandOutputs.xml (RunModel)" time="0.013" />
  <testcase classname="ptolemy.util.test.junit.AutoTests" name="[91] /home/travis/build/icyphy/ptII/ptolemy/domains/de/test/auto/triggerType.xml (RunModel)" time="0.007" />
  <system-out><![CDATA[/home/travis/build/icyphy/ptII/ptolemy/domains/de/test/DependencyLoop.tcl
testDefs.tcl: setting time out to 9000 seconds at Mon Jun 11 03:48:40 UTC 2018
14 ms. Memory: 116224K Free: 95060K (82%)
9 ms. Memory: 146944K Free: 137853K (94%)
/home/travis/build/icyphy/ptII/ptolemy/domains/de/test/RunDETestsAsQSS.tcl
Run the DE tests using ptolemy.domains.qss.test.QSSDirectorTest, which extends QSSDirector and prints a message in the constructors.
------------------ testing $PTII/ptolemy/domains/de/test/auto/knownFailedTests/dependencyLoop.xml (Known Failure) 
7 ms. Memory: 146944K Free: 133585K (91%)


==== $PTIIhome/travis/build/icyphy/ptII/ptolemy/domains/de/test/../../../../: Auto Automatic test in file $PTII/ptolemy/domains/de/test/auto/knownFailedTests/dependencyLoop.xml
==== Contents of test case:

	    # FIXME: we should use $relativeFilename here, but it
	    # might have backslashes under Windows, which causes no end
	    # of trouble.
	    createAndExecute $file
	    list {}
	
.... Test generated KNOWN error:
    while executing
ptolemy.kernel.util.IllegalActionException: Found a zero delay loop containing .dependencyLoop.original
  in .dependencyLoop and .dependencyLoop.original
	at ptolemy.actor.util.CausalityInterfaceForComposites._computeOutputPortDepth(CausalityInterfaceForComposites.java:759)
	at ptolemy.actor.util.CausalityInterfaceForComposites._computeInputDepth(CausalityInterfaceForComposites.java:696)
	at ptolemy.actor.util.CausalityInterfaceForComposites._computeOutputPortDepth(CausalityInterfaceForComposites.java:765)
	at ptolemy.actor.util.CausalityInterfaceForComposites._computeInputDepth(CausalityInterfaceForComposites.java:696)
	at ptolemy.actor.util.CausalityInterfaceForComposites._computeOutputPortDepth(CausalityInterfaceForComposites.java:765)
	at ptolemy.actor.util.CausalityInterfaceForComposites._computeInputDepth(CausalityInterfaceForComposites.java:696)
	at ptolemy.actor.util.CausalityInterfaceForComposites._computeActorDepth(CausalityInterfaceForComposites.java:532)
	at ptolemy.actor.util.CausalityInterfaceForComposites.checkForCycles(CausalityInterfaceForComposites.java:96)
	at ptolemy.domains.de.kernel.DEDirector.preinitialize(DEDirector.java:1338)
	at ptolemy.actor.CompositeActor.preinitialize(CompositeActor.java:1828)
	at ptolemy.actor.Manager.preinitializeAndResolveTypes(Manager.java:1040)
	at ptolemy.actor.Manager.initialize(Manager.java:710)
	at ptolemy.actor.Manager.execute(Manager.java:356)
	at ptolemy.actor.Manager.run(Manager.java:1263)
	at ptolemy.actor.Manager$PtolemyRunThread.run(Manager.java:1915)

    while executing
ptolemy.kernel.util.IllegalActionException: Found a zero delay loop containing .dependencyLoop.original
  in .dependencyLoop and .dependencyLoop.original
    while executing
"java::new ptolemy.moml.MoMLSimpleApplication $file
"
    (procedure "createAndExecute" line 2)
    invoked from within
"createAndExecute $file"
    ("uplevel" body line 5)
    invoked from within
"uplevel $contents_of_test"
------------------ testing $PTII/ptolemy/domains/de/test/auto/knownFailedTests/DESDFClockTest.xml (Known Failure) 
2072 ms. Memory: 146944K Free: 117722K (80%)


==== $PTIIhome/travis/build/icyphy/ptII/ptolemy/domains/de/test/../../../../: Auto Automatic test in file $PTII/ptolemy/domains/de/test/auto/knownFailedTests/DESDFClockTest.xml
==== Contents of test case:

	    # FIXME: we should use $relativeFilename here, but it
	    # might have backslashes under Windows, which causes no end
	    # of trouble.
	    createAndExecute $file
	    list {}
	
.... Test generated KNOWN error:
    while executing
ptolemy.kernel.util.IllegalActionException: Actor is not ready to fire.  Perhaps UpSample.prefire() returned false? Try debugging the actor by selecting "Listen to Actor".  Also, for SDF check moml for tokenConsumptionRate on input.
  in .DESDFClockTest.Play Bell.Copy1:SDF Director and .DESDFClockTest.Play Bell.UpSample
	at ptolemy.actor.sched.StaticSchedulingDirector.fire(StaticSchedulingDirector.java:227)
	at ptolemy.domains.sdf.kernel.SDFDirector.fire(SDFDirector.java:500)
	at ptolemy.actor.CompositeActor.fire(CompositeActor.java:455)
	at ptolemy.domains.de.kernel.DEDirector._fire(DEDirector.java:1949)
	at ptolemy.domains.de.kernel.DEDirector.fire(DEDirector.java:502)
	at ptolemy.actor.CompositeActor.fire(CompositeActor.java:455)
	at ptolemy.actor.Manager.iterate(Manager.java:851)
	at ptolemy.actor.Manager.execute(Manager.java:369)
	at ptolemy.actor.Manager.run(Manager.java:1263)
	at ptolemy.actor.Manager$PtolemyRunThread.run(Manager.java:1915)

    while executing
ptolemy.kernel.util.IllegalActionException: Actor is not ready to fire.  Perhaps UpSample.prefire() returned false? Try debugging the actor by selecting "Listen to Actor".  Also, for SDF check moml for tokenConsumptionRate on input.
  in .DESDFClockTest.Play Bell.Copy1:SDF Director and .DESDFClockTest.Play Bell.UpSample
    while executing
"java::new ptolemy.moml.MoMLSimpleApplication $file
"
    (procedure "createAndExecute" line 2)
    invoked from within
"createAndExecute $file"
    ("uplevel" body line 5)
    invoked from within
"uplevel $contents_of_test"
------------------ testing $PTII/ptolemy/domains/de/test/auto/knownFailedTests/FSMSource.xml (Known Failure) 
37 ms. Memory: 146944K Free: 108794K (74%)
!!!! Auto was marked as failing, but now passes
------------------ testing $PTII/ptolemy/domains/de/test/auto/knownFailedTests/dependencyLoop2.xml (Known Failure) 
6 ms. Memory: 146944K Free: 106910K (73%)


==== $PTIIhome/travis/build/icyphy/ptII/ptolemy/domains/de/test/../../../../: Auto Automatic test in file $PTII/ptolemy/domains/de/test/auto/knownFailedTests/dependencyLoop2.xml
==== Contents of test case:

	    # FIXME: we should use $relativeFilename here, but it
	    # might have backslashes under Windows, which causes no end
	    # of trouble.
	    createAndExecute $file
	    list {}
	
.... Test generated KNOWN error:
    while executing
ptolemy.kernel.util.IllegalActionException: Found a zero delay loop containing .dependencyLoop2.original
  in .dependencyLoop2 and .dependencyLoop2.original
	at ptolemy.actor.util.CausalityInterfaceForComposites._computeOutputPortDepth(CausalityInterfaceForComposites.java:759)
	at ptolemy.actor.util.CausalityInterfaceForComposites._computeInputDepth(CausalityInterfaceForComposites.java:696)
	at ptolemy.actor.util.CausalityInterfaceForComposites._computeOutputPortDepth(CausalityInterfaceForComposites.java:765)
	at ptolemy.actor.util.CausalityInterfaceForComposites._computeInputDepth(CausalityInterfaceForComposites.java:696)
	at ptolemy.actor.util.CausalityInterfaceForComposites._computeOutputPortDepth(CausalityInterfaceForComposites.java:765)
	at ptolemy.actor.util.CausalityInterfaceForComposites._computeInputDepth(CausalityInterfaceForComposites.java:696)
	at ptolemy.actor.util.CausalityInterfaceForComposites._computeActorDepth(CausalityInterfaceForComposites.java:532)
	at ptolemy.actor.util.CausalityInterfaceForComposites.checkForCycles(CausalityInterfaceForComposites.java:96)
	at ptolemy.domains.de.kernel.DEDirector.preinitialize(DEDirector.java:1338)
	at ptolemy.actor.CompositeActor.preinitialize(CompositeActor.java:1828)
	at ptolemy.actor.Manager.preinitializeAndResolveTypes(Manager.java:1040)
	at ptolemy.actor.Manager.initialize(Manager.java:710)
	at ptolemy.actor.Manager.execute(Manager.java:356)
	at ptolemy.actor.Manager.run(Manager.java:1263)
	at ptolemy.actor.Manager$PtolemyRunThread.run(Manager.java:1915)

    while executing
ptolemy.kernel.util.IllegalActionException: Found a zero delay loop containing .dependencyLoop2.original
  in .dependencyLoop2 and .dependencyLoop2.original
    while executing
"java::new ptolemy.moml.MoMLSimpleApplication $file
"
    (procedure "createAndExecute" line 2)
    invoked from within
"createAndExecute $file"
    ("uplevel" body line 5)
    invoked from within
"uplevel $contents_of_test"
------------------ testing $PTII/ptolemy/domains/de/test/auto/knownFailedTests/HierarchicalModel.xml (Known Failure) 
7 ms. Memory: 146944K Free: 85273K (58%)


==== $PTIIhome/travis/build/icyphy/ptII/ptolemy/domains/de/test/../../../../: Auto Automatic test in file $PTII/ptolemy/domains/de/test/auto/knownFailedTests/HierarchicalModel.xml
==== Contents of test case:

	    # FIXME: we should use $relativeFilename here, but it
	    # might have backslashes under Windows, which causes no end
	    # of trouble.
	    createAndExecute $file
	    list {}
	
.... Test generated KNOWN error:
    while executing
ptolemy.kernel.util.IllegalActionException: Found a zero delay loop containing .HierarchicalModel.A
  in .HierarchicalModel and .HierarchicalModel.A
	at ptolemy.actor.util.CausalityInterfaceForComposites._computeOutputPortDepth(CausalityInterfaceForComposites.java:759)
	at ptolemy.actor.util.CausalityInterfaceForComposites._computeInputDepth(CausalityInterfaceForComposites.java:696)
	at ptolemy.actor.util.CausalityInterfaceForComposites._computeOutputPortDepth(CausalityInterfaceForComposites.java:765)
	at ptolemy.actor.util.CausalityInterfaceForComposites._computeInputDepth(CausalityInterfaceForComposites.java:696)
	at ptolemy.actor.util.CausalityInterfaceForComposites._computeOutputPortDepth(CausalityInterfaceForComposites.java:765)
	at ptolemy.actor.util.CausalityInterfaceForComposites._computeInputDepth(CausalityInterfaceForComposites.java:696)
	at ptolemy.actor.util.CausalityInterfaceForComposites._computeActorDepth(CausalityInterfaceForComposites.java:532)
	at ptolemy.actor.util.CausalityInterfaceForComposites.checkForCycles(CausalityInterfaceForComposites.java:96)
	at ptolemy.domains.de.kernel.DEDirector.preinitialize(DEDirector.java:1338)
	at ptolemy.actor.CompositeActor.preinitialize(CompositeActor.java:1828)
	at ptolemy.actor.Manager.preinitializeAndResolveTypes(Manager.java:1040)
	at ptolemy.actor.Manager.initialize(Manager.java:710)
	at ptolemy.actor.Manager.execute(Manager.java:356)
	at ptolemy.actor.Manager.run(Manager.java:1263)
	at ptolemy.actor.Manager$PtolemyRunThread.run(Manager.java:1915)

    while executing
ptolemy.kernel.util.IllegalActionException: Found a zero delay loop containing .HierarchicalModel.A
  in .HierarchicalModel and .HierarchicalModel.A
    while executing
"java::new ptolemy.moml.MoMLSimpleApplication $file
"
    (procedure "createAndExecute" line 2)
    invoked from within
"createAndExecute $file"
    ("uplevel" body line 5)
    invoked from within
"uplevel $contents_of_test"
------------------ testing $PTII/ptolemy/domains/de/test/auto/knownFailedTests/DirectFeedback.xml (Known Failure) 
13 ms. Memory: 146944K Free: 141262K (96%)


==== $PTIIhome/travis/build/icyphy/ptII/ptolemy/domains/de/test/../../../../: Auto Automatic test in file $PTII/ptolemy/domains/de/test/auto/knownFailedTests/DirectFeedback.xml
==== Contents of test case:

	    # FIXME: we should use $relativeFilename here, but it
	    # might have backslashes under Windows, which causes no end
	    # of trouble.
	    createAndExecute $file
	    list {}
	
.... Test generated KNOWN error:
    while executing
ptolemy.kernel.util.IllegalActionException: Test fails in iteration 1.
Value was: 1.0. Should have been: 2.0
  in .DirectFeedback.Test
	at ptolemy.actor.lib.Test.fire(Test.java:268)
	at ptolemy.domains.de.kernel.DEDirector._fire(DEDirector.java:1949)
	at ptolemy.domains.de.kernel.DEDirector.fire(DEDirector.java:502)
	at ptolemy.actor.CompositeActor.fire(CompositeActor.java:455)
	at ptolemy.actor.Manager.iterate(Manager.java:851)
	at ptolemy.actor.Manager.execute(Manager.java:369)
	at ptolemy.actor.Manager.run(Manager.java:1263)
	at ptolemy.actor.Manager$PtolemyRunThread.run(Manager.java:1915)

    while executing
ptolemy.kernel.util.IllegalActionException: Test fails in iteration 1.
Value was: 1.0. Should have been: 2.0
  in .DirectFeedback.Test
    while executing
"java::new ptolemy.moml.MoMLSimpleApplication $file
"
    (procedure "createAndExecute" line 2)
    invoked from within
"createAndExecute $file"
    ("uplevel" body line 5)
    invoked from within
"uplevel $contents_of_test"
------------------ testing $PTII/ptolemy/domains/de/test/auto/ActorDepthCalculation_actorWithoutPorts.xml
auto.tcl: Setting watchdog for 200 seconds at Mon Jun 11 03:48:44 UTC 2018
6 ms. Memory: 146944K Free: 133592K (91%)
ptolemy.util.test.WatchDog.cancel(): canceling Mon Jun 11 03:48:44 UTC 2018
auto.tcl: Setting watchdog for 200 seconds at Mon Jun 11 03:48:44 UTC 2018
7 ms. Memory: 146944K Free: 132552K (90%)
ptolemy.util.test.WatchDog.cancel(): canceling Mon Jun 11 03:48:44 UTC 2018
------------------ testing $PTII/ptolemy/domains/de/test/auto/AssemblyLine.xml
auto.tcl: Setting watchdog for 200 seconds at Mon Jun 11 03:48:44 UTC 2018
18 ms. Memory: 208384K Free: 186347K (89%)
ptolemy.util.test.WatchDog.cancel(): canceling Mon Jun 11 03:48:44 UTC 2018
auto.tcl: Setting watchdog for 200 seconds at Mon Jun 11 03:48:44 UTC 2018
7 ms. Memory: 208384K Free: 186347K (89%)
ptolemy.util.test.WatchDog.cancel(): canceling Mon Jun 11 03:48:44 UTC 2018
------------------ testing $PTII/ptolemy/domains/de/test/auto/CQBug1.xml
auto.tcl: Setting watchdog for 200 seconds at Mon Jun 11 03:48:44 UTC 2018
3 ms. Memory: 208384K Free: 197391K (95%)
ptolemy.util.test.WatchDog.cancel(): canceling Mon Jun 11 03:48:44 UTC 2018
auto.tcl: Setting watchdog for 200 seconds at Mon Jun 11 03:48:44 UTC 2018
2 ms. Memory: 208384K Free: 197391K (95%)
ptolemy.util.test.WatchDog.cancel(): canceling Mon Jun 11 03:48:44 UTC 2018
------------------ testing $PTII/ptolemy/domains/de/test/auto/CancelFireAt.xml
auto.tcl: Setting watchdog for 200 seconds at Mon Jun 11 03:48:44 UTC 2018
4 ms. Memory: 208384K Free: 201106K (97%)
ptolemy.util.test.WatchDog.cancel(): canceling Mon Jun 11 03:48:44 UTC 2018
auto.tcl: Setting watchdog for 200 seconds at Mon Jun 11 03:48:44 UTC 2018
3 ms. Memory: 208384K Free: 199012K (96%)
ptolemy.util.test.WatchDog.cancel(): canceling Mon Jun 11 03:48:44 UTC 2018
------------------ testing $PTII/ptolemy/domains/de/test/auto/CausalityAndComposabilityAnalysis.xml
auto.tcl: Setting watchdog for 200 seconds at Mon Jun 11 03:48:44 UTC 2018
15 ms. Memory: 208384K Free: 197262K (95%)
ptolemy.util.test.WatchDog.cancel(): canceling Mon Jun 11 03:48:45 UTC 2018
auto.tcl: Setting watchdog for 200 seconds at Mon Jun 11 03:48:45 UTC 2018
9 ms. Memory: 208384K Free: 197262K (95%)
ptolemy.util.test.WatchDog.cancel(): canceling Mon Jun 11 03:48:45 UTC 2018
------------------ testing $PTII/ptolemy/domains/de/test/auto/CausalityInterface1.xml
auto.tcl: Setting watchdog for 200 seconds at Mon Jun 11 03:48:45 UTC 2018
12 ms. Memory: 208384K Free: 196452K (94%)
ptolemy.util.test.WatchDog.cancel(): canceling Mon Jun 11 03:48:45 UTC 2018
auto.tcl: Setting watchdog for 200 seconds at Mon Jun 11 03:48:45 UTC 2018
3 ms. Memory: 208384K Free: 196452K (94%)
ptolemy.util.test.WatchDog.cancel(): canceling Mon Jun 11 03:48:45 UTC 2018
------------------ testing $PTII/ptolemy/domains/de/test/auto/CausalityInterface15.xml
auto.tcl: Setting watchdog for 200 seconds at Mon Jun 11 03:48:45 UTC 2018
4 ms. Memory: 208384K Free: 196781K (94%)
ptolemy.util.test.WatchDog.cancel(): canceling Mon Jun 11 03:48:45 UTC 2018
auto.tcl: Setting watchdog for 200 seconds at Mon Jun 11 03:48:45 UTC 2018
4 ms. Memory: 208384K Free: 194686K (93%)
ptolemy.util.test.WatchDog.cancel(): canceling Mon Jun 11 03:48:45 UTC 2018
------------------ testing $PTII/ptolemy/domains/de/test/auto/CausalityInterface2.xml
auto.tcl: Setting watchdog for 200 seconds at Mon Jun 11 03:48:45 UTC 2018
3 ms. Memory: 208384K Free: 196427K (94%)
ptolemy.util.test.WatchDog.cancel(): canceling Mon Jun 11 03:48:45 UTC 2018
auto.tcl: Setting watchdog for 200 seconds at Mon Jun 11 03:48:45 UTC 2018
2 ms. Memory: 208384K Free: 196427K (94%)
ptolemy.util.test.WatchDog.cancel(): canceling Mon Jun 11 03:48:45 UTC 2018
------------------ testing $PTII/ptolemy/domains/de/test/auto/CausalityInterface3.xml
auto.tcl: Setting watchdog for 200 seconds at Mon Jun 11 03:48:45 UTC 2018
4 ms. Memory: 208384K Free: 196440K (94%)
ptolemy.util.test.WatchDog.cancel(): canceling Mon Jun 11 03:48:45 UTC 2018
auto.tcl: Setting watchdog for 200 seconds at Mon Jun 11 03:48:45 UTC 2018
2 ms. Memory: 208384K Free: 196440K (94%)
ptolemy.util.test.WatchDog.cancel(): canceling Mon Jun 11 03:48:45 UTC 2018
------------------ testing $PTII/ptolemy/domains/de/test/auto/ClockDrift.xml
auto.tcl: Setting watchdog for 200 seconds at Mon Jun 11 03:48:45 UTC 2018
84 ms. Memory: 208384K Free: 187686K (90%)
ptolemy.util.test.WatchDog.cancel(): canceling Mon Jun 11 03:48:45 UTC 2018
auto.tcl: Setting watchdog for 200 seconds at Mon Jun 11 03:48:45 UTC 2018
62 ms. Memory: 208384K Free: 185591K (89%)
ptolemy.util.test.WatchDog.cancel(): canceling Mon Jun 11 03:48:45 UTC 2018
------------------ testing $PTII/ptolemy/domains/de/test/auto/ClockDriftAndValueChange.xml
auto.tcl: Setting watchdog for 200 seconds at Mon Jun 11 03:48:45 UTC 2018
46 ms. Memory: 208384K Free: 187520K (90%)
ptolemy.util.test.WatchDog.cancel(): canceling Mon Jun 11 03:48:45 UTC 2018
auto.tcl: Setting watchdog for 200 seconds at Mon Jun 11 03:48:45 UTC 2018
29 ms. Memory: 208384K Free: 185425K (89%)
ptolemy.util.test.WatchDog.cancel(): canceling Mon Jun 11 03:48:45 UTC 2018
------------------ testing $PTII/ptolemy/domains/de/test/auto/ClockDriftChange.xml
auto.tcl: Setting watchdog for 200 seconds at Mon Jun 11 03:48:45 UTC 2018
20 ms. Memory: 208384K Free: 190837K (92%)
ptolemy.util.test.WatchDog.cancel(): canceling Mon Jun 11 03:48:45 UTC 2018
auto.tcl: Setting watchdog for 200 seconds at Mon Jun 11 03:48:45 UTC 2018
22 ms. Memory: 208384K Free: 188742K (91%)
ptolemy.util.test.WatchDog.cancel(): canceling Mon Jun 11 03:48:45 UTC 2018
------------------ testing $PTII/ptolemy/domains/de/test/auto/ComposableCausalityAnalysis.xml
auto.tcl: Setting watchdog for 200 seconds at Mon Jun 11 03:48:45 UTC 2018
1 ms. Memory: 208384K Free: 196293K (94%)
ptolemy.util.test.WatchDog.cancel(): canceling Mon Jun 11 03:48:45 UTC 2018
auto.tcl: Setting watchdog for 200 seconds at Mon Jun 11 03:48:45 UTC 2018
2 ms. Memory: 208384K Free: 194198K (93%)
ptolemy.util.test.WatchDog.cancel(): canceling Mon Jun 11 03:48:45 UTC 2018
------------------ testing $PTII/ptolemy/domains/de/test/auto/DEFixedPointLimitation.xml
auto.tcl: Setting watchdog for 200 seconds at Mon Jun 11 03:48:46 UTC 2018
1 ms. Memory: 208384K Free: 196374K (94%)
ptolemy.util.test.WatchDog.cancel(): canceling Mon Jun 11 03:48:46 UTC 2018
auto.tcl: Setting watchdog for 200 seconds at Mon Jun 11 03:48:46 UTC 2018
1 ms. Memory: 208384K Free: 196374K (94%)
ptolemy.util.test.WatchDog.cancel(): canceling Mon Jun 11 03:48:46 UTC 2018
------------------ testing $PTII/ptolemy/domains/de/test/auto/DEScheduleTest.xml
auto.tcl: Setting watchdog for 200 seconds at Mon Jun 11 03:48:46 UTC 2018
3 ms. Memory: 208384K Free: 198505K (95%)
ptolemy.util.test.WatchDog.cancel(): canceling Mon Jun 11 03:48:46 UTC 2018
auto.tcl: Setting watchdog for 200 seconds at Mon Jun 11 03:48:46 UTC 2018
5 ms. Memory: 208384K Free: 196410K (94%)
ptolemy.util.test.WatchDog.cancel(): canceling Mon Jun 11 03:48:46 UTC 2018
------------------ testing $PTII/ptolemy/domains/de/test/auto/DEinDEwithStartTimes.xml
auto.tcl: Setting watchdog for 200 seconds at Mon Jun 11 03:48:46 UTC 2018
3 ms. Memory: 208384K Free: 196380K (94%)
ptolemy.util.test.WatchDog.cancel(): canceling Mon Jun 11 03:48:46 UTC 2018
auto.tcl: Setting watchdog for 200 seconds at Mon Jun 11 03:48:46 UTC 2018
3 ms. Memory: 208384K Free: 194284K (93%)
ptolemy.util.test.WatchDog.cancel(): canceling Mon Jun 11 03:48:46 UTC 2018
------------------ testing $PTII/ptolemy/domains/de/test/auto/DEinDEwithStartTimes2.xml
auto.tcl: Setting watchdog for 200 seconds at Mon Jun 11 03:48:46 UTC 2018
5 ms. Memory: 208384K Free: 196696K (94%)
ptolemy.util.test.WatchDog.cancel(): canceling Mon Jun 11 03:48:46 UTC 2018
auto.tcl: Setting watchdog for 200 seconds at Mon Jun 11 03:48:46 UTC 2018
5 ms. Memory: 208384K Free: 194264K (93%)
ptolemy.util.test.WatchDog.cancel(): canceling Mon Jun 11 03:48:46 UTC 2018
------------------ testing $PTII/ptolemy/domains/de/test/auto/DateDemo.xml
auto.tcl: Setting watchdog for 200 seconds at Mon Jun 11 03:48:46 UTC 2018
16 ms. Memory: 208384K Free: 188812K (91%)
ptolemy.util.test.WatchDog.cancel(): canceling Mon Jun 11 03:48:46 UTC 2018
auto.tcl: Setting watchdog for 200 seconds at Mon Jun 11 03:48:46 UTC 2018
7 ms. Memory: 208384K Free: 186717K (90%)
ptolemy.util.test.WatchDog.cancel(): canceling Mon Jun 11 03:48:46 UTC 2018
------------------ testing $PTII/ptolemy/domains/de/test/auto/DateToEvent.xml
auto.tcl: Setting watchdog for 200 seconds at Mon Jun 11 03:48:46 UTC 2018
2012 ms. Memory: 208384K Free: 183550K (88%)
ptolemy.util.test.WatchDog.cancel(): canceling Mon Jun 11 03:48:48 UTC 2018
auto.tcl: Setting watchdog for 200 seconds at Mon Jun 11 03:48:48 UTC 2018
2006 ms. Memory: 208384K Free: 181092K (87%)
ptolemy.util.test.WatchDog.cancel(): canceling Mon Jun 11 03:48:50 UTC 2018
------------------ testing $PTII/ptolemy/domains/de/test/auto/DepthTest1.xml
auto.tcl: Setting watchdog for 200 seconds at Mon Jun 11 03:48:50 UTC 2018
2 ms. Memory: 208384K Free: 198033K (95%)
ptolemy.util.test.WatchDog.cancel(): canceling Mon Jun 11 03:48:50 UTC 2018
auto.tcl: Setting watchdog for 200 seconds at Mon Jun 11 03:48:50 UTC 2018
5 ms. Memory: 208384K Free: 198033K (95%)
ptolemy.util.test.WatchDog.cancel(): canceling Mon Jun 11 03:48:50 UTC 2018
------------------ testing $PTII/ptolemy/domains/de/test/auto/DepthTest2.xml
auto.tcl: Setting watchdog for 200 seconds at Mon Jun 11 03:48:50 UTC 2018
3 ms. Memory: 208384K Free: 194244K (93%)
ptolemy.util.test.WatchDog.cancel(): canceling Mon Jun 11 03:48:50 UTC 2018
auto.tcl: Setting watchdog for 200 seconds at Mon Jun 11 03:48:50 UTC 2018
2 ms. Memory: 208384K Free: 194244K (93%)
ptolemy.util.test.WatchDog.cancel(): canceling Mon Jun 11 03:48:50 UTC 2018
------------------ testing $PTII/ptolemy/domains/de/test/auto/DepthTest3.xml
auto.tcl: Setting watchdog for 200 seconds at Mon Jun 11 03:48:50 UTC 2018
4 ms. Memory: 208384K Free: 198704K (95%)
ptolemy.util.test.WatchDog.cancel(): canceling Mon Jun 11 03:48:50 UTC 2018
auto.tcl: Setting watchdog for 200 seconds at Mon Jun 11 03:48:50 UTC 2018
2 ms. Memory: 208384K Free: 198704K (95%)
ptolemy.util.test.WatchDog.cancel(): canceling Mon Jun 11 03:48:50 UTC 2018
------------------ testing $PTII/ptolemy/domains/de/test/auto/DepthTest4.xml
auto.tcl: Setting watchdog for 200 seconds at Mon Jun 11 03:48:50 UTC 2018
6 ms. Memory: 208384K Free: 196359K (94%)
ptolemy.util.test.WatchDog.cancel(): canceling Mon Jun 11 03:48:50 UTC 2018
auto.tcl: Setting watchdog for 200 seconds at Mon Jun 11 03:48:50 UTC 2018
2 ms. Memory: 208384K Free: 196359K (94%)
ptolemy.util.test.WatchDog.cancel(): canceling Mon Jun 11 03:48:50 UTC 2018
------------------ testing $PTII/ptolemy/domains/de/test/auto/DepthTest5.xml
auto.tcl: Setting watchdog for 200 seconds at Mon Jun 11 03:48:50 UTC 2018
3 ms. Memory: 208384K Free: 196306K (94%)
ptolemy.util.test.WatchDog.cancel(): canceling Mon Jun 11 03:48:50 UTC 2018
auto.tcl: Setting watchdog for 200 seconds at Mon Jun 11 03:48:50 UTC 2018
2 ms. Memory: 208384K Free: 196306K (94%)
ptolemy.util.test.WatchDog.cancel(): canceling Mon Jun 11 03:48:50 UTC 2018
------------------ testing $PTII/ptolemy/domains/de/test/auto/DepthTest6.xml
auto.tcl: Setting watchdog for 200 seconds at Mon Jun 11 03:48:50 UTC 2018
7 ms. Memory: 208384K Free: 196275K (94%)
ptolemy.util.test.WatchDog.cancel(): canceling Mon Jun 11 03:48:51 UTC 2018
auto.tcl: Setting watchdog for 200 seconds at Mon Jun 11 03:48:51 UTC 2018
2 ms. Memory: 208384K Free: 196275K (94%)
ptolemy.util.test.WatchDog.cancel(): canceling Mon Jun 11 03:48:51 UTC 2018
------------------ testing $PTII/ptolemy/domains/de/test/auto/DepthTest7.xml
auto.tcl: Setting watchdog for 200 seconds at Mon Jun 11 03:48:51 UTC 2018
2 ms. Memory: 208384K Free: 196262K (94%)
ptolemy.util.test.WatchDog.cancel(): canceling Mon Jun 11 03:48:51 UTC 2018
auto.tcl: Setting watchdog for 200 seconds at Mon Jun 11 03:48:51 UTC 2018
2 ms. Memory: 208384K Free: 196262K (94%)
ptolemy.util.test.WatchDog.cancel(): canceling Mon Jun 11 03:48:51 UTC 2018
------------------ testing $PTII/ptolemy/domains/de/test/auto/EventToDate.xml
auto.tcl: Setting watchdog for 200 seconds at Mon Jun 11 03:48:51 UTC 2018
3008 ms. Memory: 208384K Free: 185809K (89%)
ptolemy.util.test.WatchDog.cancel(): canceling Mon Jun 11 03:48:54 UTC 2018
auto.tcl: Setting watchdog for 200 seconds at Mon Jun 11 03:48:54 UTC 2018
3008 ms. Memory: 208384K Free: 185809K (89%)
ptolemy.util.test.WatchDog.cancel(): canceling Mon Jun 11 03:48:57 UTC 2018
------------------ testing $PTII/ptolemy/domains/de/test/auto/FSM1.xml
auto.tcl: Setting watchdog for 200 seconds at Mon Jun 11 03:48:57 UTC 2018
18 ms. Memory: 208384K Free: 187230K (90%)
ptolemy.util.test.WatchDog.cancel(): canceling Mon Jun 11 03:48:57 UTC 2018
auto.tcl: Setting watchdog for 200 seconds at Mon Jun 11 03:48:57 UTC 2018
12 ms. Memory: 208384K Free: 185135K (89%)
ptolemy.util.test.WatchDog.cancel(): canceling Mon Jun 11 03:48:57 UTC 2018
------------------ testing $PTII/ptolemy/domains/de/test/auto/FSM7.xml
auto.tcl: Setting watchdog for 200 seconds at Mon Jun 11 03:48:57 UTC 2018
19 ms. Memory: 208384K Free: 187433K (90%)
ptolemy.util.test.WatchDog.cancel(): canceling Mon Jun 11 03:48:57 UTC 2018
auto.tcl: Setting watchdog for 200 seconds at Mon Jun 11 03:48:57 UTC 2018
23 ms. Memory: 208384K Free: 185338K (89%)
ptolemy.util.test.WatchDog.cancel(): canceling Mon Jun 11 03:48:57 UTC 2018
------------------ testing $PTII/ptolemy/domains/de/test/auto/Inspection.xml
auto.tcl: Setting watchdog for 200 seconds at Mon Jun 11 03:48:57 UTC 2018
41 ms. Memory: 208384K Free: 188985K (91%)
ptolemy.util.test.WatchDog.cancel(): canceling Mon Jun 11 03:48:57 UTC 2018
auto.tcl: Setting watchdog for 200 seconds at Mon Jun 11 03:48:57 UTC 2018
19 ms. Memory: 208384K Free: 186890K (90%)
ptolemy.util.test.WatchDog.cancel(): canceling Mon Jun 11 03:48:57 UTC 2018
------------------ testing $PTII/ptolemy/domains/de/test/auto/Iteration.xml
auto.tcl: Setting watchdog for 200 seconds at Mon Jun 11 03:48:57 UTC 2018
7 ms. Memory: 208384K Free: 194312K (93%)
ptolemy.util.test.WatchDog.cancel(): canceling Mon Jun 11 03:48:57 UTC 2018
auto.tcl: Setting watchdog for 200 seconds at Mon Jun 11 03:48:57 UTC 2018
6 ms. Memory: 208384K Free: 193975K (93%)
ptolemy.util.test.WatchDog.cancel(): canceling Mon Jun 11 03:48:57 UTC 2018
------------------ testing $PTII/ptolemy/domains/de/test/auto/LineFault.xml
auto.tcl: Setting watchdog for 200 seconds at Mon Jun 11 03:48:57 UTC 2018
524 ms. Memory: 208384K Free: 196226K (94%)
ptolemy.util.test.WatchDog.cancel(): canceling Mon Jun 11 03:48:58 UTC 2018
auto.tcl: Setting watchdog for 200 seconds at Mon Jun 11 03:48:58 UTC 2018
394 ms. Memory: 208384K Free: 139030K (67%)
ptolemy.util.test.WatchDog.cancel(): canceling Mon Jun 11 03:48:58 UTC 2018
------------------ testing $PTII/ptolemy/domains/de/test/auto/MergeModel1Add.xml
auto.tcl: Setting watchdog for 200 seconds at Mon Jun 11 03:48:58 UTC 2018
11 ms. Memory: 331264K Free: 302751K (91%)
ptolemy.util.test.WatchDog.cancel(): canceling Mon Jun 11 03:48:59 UTC 2018
auto.tcl: Setting watchdog for 200 seconds at Mon Jun 11 03:48:59 UTC 2018
6 ms. Memory: 331264K Free: 298790K (90%)
ptolemy.util.test.WatchDog.cancel(): canceling Mon Jun 11 03:48:59 UTC 2018
------------------ testing $PTII/ptolemy/domains/de/test/auto/MergeModel2Add.xml
auto.tcl: Setting watchdog for 200 seconds at Mon Jun 11 03:48:59 UTC 2018
6 ms. Memory: 331264K Free: 304090K (92%)
ptolemy.util.test.WatchDog.cancel(): canceling Mon Jun 11 03:48:59 UTC 2018
auto.tcl: Setting watchdog for 200 seconds at Mon Jun 11 03:48:59 UTC 2018
5 ms. Memory: 331264K Free: 300129K (91%)
ptolemy.util.test.WatchDog.cancel(): canceling Mon Jun 11 03:48:59 UTC 2018
------------------ testing $PTII/ptolemy/domains/de/test/auto/MergeModel3Add.xml
auto.tcl: Setting watchdog for 200 seconds at Mon Jun 11 03:48:59 UTC 2018
7 ms. Memory: 331264K Free: 304100K (92%)
ptolemy.util.test.WatchDog.cancel(): canceling Mon Jun 11 03:48:59 UTC 2018
auto.tcl: Setting watchdog for 200 seconds at Mon Jun 11 03:48:59 UTC 2018
6 ms. Memory: 331264K Free: 300139K (91%)
ptolemy.util.test.WatchDog.cancel(): canceling Mon Jun 11 03:48:59 UTC 2018
------------------ testing $PTII/ptolemy/domains/de/test/auto/MergeWithoutDiscard.xml
auto.tcl: Setting watchdog for 200 seconds at Mon Jun 11 03:48:59 UTC 2018
1 ms. Memory: 331264K Free: 320224K (97%)
ptolemy.util.test.WatchDog.cancel(): canceling Mon Jun 11 03:48:59 UTC 2018
auto.tcl: Setting watchdog for 200 seconds at Mon Jun 11 03:48:59 UTC 2018
1 ms. Memory: 331264K Free: 316264K (95%)
ptolemy.util.test.WatchDog.cancel(): canceling Mon Jun 11 03:48:59 UTC 2018
------------------ testing $PTII/ptolemy/domains/de/test/auto/Modal1.xml
auto.tcl: Setting watchdog for 200 seconds at Mon Jun 11 03:48:59 UTC 2018
14 ms. Memory: 331264K Free: 309873K (94%)
ptolemy.util.test.WatchDog.cancel(): canceling Mon Jun 11 03:48:59 UTC 2018
auto.tcl: Setting watchdog for 200 seconds at Mon Jun 11 03:48:59 UTC 2018
17 ms. Memory: 331264K Free: 305913K (92%)
ptolemy.util.test.WatchDog.cancel(): canceling Mon Jun 11 03:48:59 UTC 2018
------------------ testing $PTII/ptolemy/domains/de/test/auto/Modal2.xml
auto.tcl: Setting watchdog for 200 seconds at Mon Jun 11 03:48:59 UTC 2018
17 ms. Memory: 331264K Free: 309732K (94%)
ptolemy.util.test.WatchDog.cancel(): canceling Mon Jun 11 03:48:59 UTC 2018
auto.tcl: Setting watchdog for 200 seconds at Mon Jun 11 03:48:59 UTC 2018
9 ms. Memory: 331264K Free: 305771K (92%)
ptolemy.util.test.WatchDog.cancel(): canceling Mon Jun 11 03:48:59 UTC 2018
------------------ testing $PTII/ptolemy/domains/de/test/auto/Modal3.xml
auto.tcl: Setting watchdog for 200 seconds at Mon Jun 11 03:48:59 UTC 2018
13 ms. Memory: 331264K Free: 309814K (94%)
ptolemy.util.test.WatchDog.cancel(): canceling Mon Jun 11 03:48:59 UTC 2018
auto.tcl: Setting watchdog for 200 seconds at Mon Jun 11 03:48:59 UTC 2018
8 ms. Memory: 331264K Free: 305568K (92%)
ptolemy.util.test.WatchDog.cancel(): canceling Mon Jun 11 03:48:59 UTC 2018
------------------ testing $PTII/ptolemy/domains/de/test/auto/Modal4.xml
auto.tcl: Setting watchdog for 200 seconds at Mon Jun 11 03:48:59 UTC 2018
24 ms. Memory: 331264K Free: 309532K (93%)
ptolemy.util.test.WatchDog.cancel(): canceling Mon Jun 11 03:48:59 UTC 2018
auto.tcl: Setting watchdog for 200 seconds at Mon Jun 11 03:48:59 UTC 2018
14 ms. Memory: 331264K Free: 305571K (92%)
ptolemy.util.test.WatchDog.cancel(): canceling Mon Jun 11 03:48:59 UTC 2018
------------------ testing $PTII/ptolemy/domains/de/test/auto/Modal5.xml
auto.tcl: Setting watchdog for 200 seconds at Mon Jun 11 03:48:59 UTC 2018
17 ms. Memory: 331264K Free: 309519K (93%)
ptolemy.util.test.WatchDog.cancel(): canceling Mon Jun 11 03:48:59 UTC 2018
auto.tcl: Setting watchdog for 200 seconds at Mon Jun 11 03:48:59 UTC 2018
12 ms. Memory: 331264K Free: 305559K (92%)
ptolemy.util.test.WatchDog.cancel(): canceling Mon Jun 11 03:48:59 UTC 2018
------------------ testing $PTII/ptolemy/domains/de/test/auto/Modal6.xml
auto.tcl: Setting watchdog for 200 seconds at Mon Jun 11 03:48:59 UTC 2018
10 ms. Memory: 331264K Free: 309516K (93%)
ptolemy.util.test.WatchDog.cancel(): canceling Mon Jun 11 03:48:59 UTC 2018
auto.tcl: Setting watchdog for 200 seconds at Mon Jun 11 03:48:59 UTC 2018
12 ms. Memory: 331264K Free: 305556K (92%)
ptolemy.util.test.WatchDog.cancel(): canceling Mon Jun 11 03:48:59 UTC 2018
------------------ testing $PTII/ptolemy/domains/de/test/auto/Modal7.xml
auto.tcl: Setting watchdog for 200 seconds at Mon Jun 11 03:49:00 UTC 2018
9 ms. Memory: 331264K Free: 309517K (93%)
ptolemy.util.test.WatchDog.cancel(): canceling Mon Jun 11 03:49:00 UTC 2018
auto.tcl: Setting watchdog for 200 seconds at Mon Jun 11 03:49:00 UTC 2018
9 ms. Memory: 331264K Free: 305556K (92%)
ptolemy.util.test.WatchDog.cancel(): canceling Mon Jun 11 03:49:00 UTC 2018
------------------ testing $PTII/ptolemy/domains/de/test/auto/ModalModel.xml
auto.tcl: Setting watchdog for 200 seconds at Mon Jun 11 03:49:00 UTC 2018
207 ms. Memory: 331264K Free: 245993K (74%)
ptolemy.util.test.WatchDog.cancel(): canceling Mon Jun 11 03:49:00 UTC 2018
auto.tcl: Setting watchdog for 200 seconds at Mon Jun 11 03:49:00 UTC 2018
175 ms. Memory: 331264K Free: 190531K (58%)
ptolemy.util.test.WatchDog.cancel(): canceling Mon Jun 11 03:49:00 UTC 2018
------------------ testing $PTII/ptolemy/domains/de/test/auto/ModalSource.xml
auto.tcl: Setting watchdog for 200 seconds at Mon Jun 11 03:49:00 UTC 2018
6 ms. Memory: 331264K Free: 316492K (96%)
ptolemy.util.test.WatchDog.cancel(): canceling Mon Jun 11 03:49:00 UTC 2018
auto.tcl: Setting watchdog for 200 seconds at Mon Jun 11 03:49:00 UTC 2018
5 ms. Memory: 331264K Free: 312782K (94%)
ptolemy.util.test.WatchDog.cancel(): canceling Mon Jun 11 03:49:00 UTC 2018
------------------ testing $PTII/ptolemy/domains/de/test/auto/NonInterruptibleTimerZeroDelay.xml
auto.tcl: Setting watchdog for 200 seconds at Mon Jun 11 03:49:00 UTC 2018
4 ms. Memory: 331264K Free: 320685K (97%)
ptolemy.util.test.WatchDog.cancel(): canceling Mon Jun 11 03:49:00 UTC 2018
auto.tcl: Setting watchdog for 200 seconds at Mon Jun 11 03:49:00 UTC 2018
2 ms. Memory: 331264K Free: 317145K (96%)
ptolemy.util.test.WatchDog.cancel(): canceling Mon Jun 11 03:49:00 UTC 2018
------------------ testing $PTII/ptolemy/domains/de/test/auto/OpenQueueingNetwork.xml
auto.tcl: Setting watchdog for 200 seconds at Mon Jun 11 03:49:00 UTC 2018
2696 ms. Memory: 317952K Free: 164695K (52%)
ptolemy.util.test.WatchDog.cancel(): canceling Mon Jun 11 03:49:03 UTC 2018
auto.tcl: Setting watchdog for 200 seconds at Mon Jun 11 03:49:03 UTC 2018
1958 ms. Memory: 287232K Free: 255221K (89%)
ptolemy.util.test.WatchDog.cancel(): canceling Mon Jun 11 03:49:05 UTC 2018
------------------ testing $PTII/ptolemy/domains/de/test/auto/OpenQueuingNetwork.xml
auto.tcl: Setting watchdog for 200 seconds at Mon Jun 11 03:49:05 UTC 2018
208 ms. Memory: 287232K Free: 187206K (65%)
ptolemy.util.test.WatchDog.cancel(): canceling Mon Jun 11 03:49:05 UTC 2018
auto.tcl: Setting watchdog for 200 seconds at Mon Jun 11 03:49:05 UTC 2018
199 ms. Memory: 287232K Free: 126495K (44%)
ptolemy.util.test.WatchDog.cancel(): canceling Mon Jun 11 03:49:06 UTC 2018
------------------ testing $PTII/ptolemy/domains/de/test/auto/PeriodicSampler.xml
auto.tcl: Setting watchdog for 200 seconds at Mon Jun 11 03:49:06 UTC 2018
2 ms. Memory: 289792K Free: 274626K (95%)
ptolemy.util.test.WatchDog.cancel(): canceling Mon Jun 11 03:49:06 UTC 2018
auto.tcl: Setting watchdog for 200 seconds at Mon Jun 11 03:49:06 UTC 2018
2 ms. Memory: 289792K Free: 274626K (95%)
ptolemy.util.test.WatchDog.cancel(): canceling Mon Jun 11 03:49:06 UTC 2018
------------------ testing $PTII/ptolemy/domains/de/test/auto/PersistentIO.xml
auto.tcl: Setting watchdog for 200 seconds at Mon Jun 11 03:49:06 UTC 2018
13 ms. Memory: 287232K Free: 266726K (93%)
ptolemy.util.test.WatchDog.cancel(): canceling Mon Jun 11 03:49:06 UTC 2018
auto.tcl: Setting watchdog for 200 seconds at Mon Jun 11 03:49:06 UTC 2018
4 ms. Memory: 287232K Free: 266726K (93%)
ptolemy.util.test.WatchDog.cancel(): canceling Mon Jun 11 03:49:06 UTC 2018
------------------ testing $PTII/ptolemy/domains/de/test/auto/PortParameterResetOnInitialize.xml
auto.tcl: Setting watchdog for 200 seconds at Mon Jun 11 03:49:06 UTC 2018
2 ms. Memory: 289280K Free: 274475K (95%)
ptolemy.util.test.WatchDog.cancel(): canceling Mon Jun 11 03:49:06 UTC 2018
auto.tcl: Setting watchdog for 200 seconds at Mon Jun 11 03:49:06 UTC 2018
2 ms. Memory: 289280K Free: 274475K (95%)
ptolemy.util.test.WatchDog.cancel(): canceling Mon Jun 11 03:49:06 UTC 2018
------------------ testing $PTII/ptolemy/domains/de/test/auto/PortParameterUpdates.xml
auto.tcl: Setting watchdog for 200 seconds at Mon Jun 11 03:49:06 UTC 2018
4 ms. Memory: 287232K Free: 270517K (94%)
ptolemy.util.test.WatchDog.cancel(): canceling Mon Jun 11 03:49:06 UTC 2018
auto.tcl: Setting watchdog for 200 seconds at Mon Jun 11 03:49:06 UTC 2018
4 ms. Memory: 287232K Free: 267590K (93%)
ptolemy.util.test.WatchDog.cancel(): canceling Mon Jun 11 03:49:06 UTC 2018
------------------ testing $PTII/ptolemy/domains/de/test/auto/QueueAndServer.xml
auto.tcl: Setting watchdog for 200 seconds at Mon Jun 11 03:49:06 UTC 2018
15 ms. Memory: 289280K Free: 273716K (95%)
ptolemy.util.test.WatchDog.cancel(): canceling Mon Jun 11 03:49:06 UTC 2018
auto.tcl: Setting watchdog for 200 seconds at Mon Jun 11 03:49:06 UTC 2018
6 ms. Memory: 289280K Free: 273716K (95%)
ptolemy.util.test.WatchDog.cancel(): canceling Mon Jun 11 03:49:06 UTC 2018
------------------ testing $PTII/ptolemy/domains/de/test/auto/Records.xml
auto.tcl: Setting watchdog for 200 seconds at Mon Jun 11 03:49:06 UTC 2018
8 ms. Memory: 287232K Free: 274523K (96%)
ptolemy.util.test.WatchDog.cancel(): canceling Mon Jun 11 03:49:06 UTC 2018
auto.tcl: Setting watchdog for 200 seconds at Mon Jun 11 03:49:06 UTC 2018
1 ms. Memory: 287232K Free: 274523K (96%)
ptolemy.util.test.WatchDog.cancel(): canceling Mon Jun 11 03:49:06 UTC 2018
------------------ testing $PTII/ptolemy/domains/de/test/auto/ResetTransitionWithStartTime1.xml
auto.tcl: Setting watchdog for 200 seconds at Mon Jun 11 03:49:06 UTC 2018
13 ms. Memory: 288768K Free: 273157K (95%)
ptolemy.util.test.WatchDog.cancel(): canceling Mon Jun 11 03:49:06 UTC 2018
auto.tcl: Setting watchdog for 200 seconds at Mon Jun 11 03:49:06 UTC 2018
8 ms. Memory: 288768K Free: 270245K (94%)
ptolemy.util.test.WatchDog.cancel(): canceling Mon Jun 11 03:49:06 UTC 2018
------------------ testing $PTII/ptolemy/domains/de/test/auto/ResetTransitionWithStartTime2.xml
auto.tcl: Setting watchdog for 200 seconds at Mon Jun 11 03:49:06 UTC 2018
8 ms. Memory: 287232K Free: 271712K (95%)
ptolemy.util.test.WatchDog.cancel(): canceling Mon Jun 11 03:49:06 UTC 2018
auto.tcl: Setting watchdog for 200 seconds at Mon Jun 11 03:49:06 UTC 2018
5 ms. Memory: 287232K Free: 268793K (94%)
ptolemy.util.test.WatchDog.cancel(): canceling Mon Jun 11 03:49:06 UTC 2018
------------------ testing $PTII/ptolemy/domains/de/test/auto/ResetTransitionWithStartTime3.xml
auto.tcl: Setting watchdog for 200 seconds at Mon Jun 11 03:49:06 UTC 2018
9 ms. Memory: 288768K Free: 273153K (95%)
ptolemy.util.test.WatchDog.cancel(): canceling Mon Jun 11 03:49:06 UTC 2018
auto.tcl: Setting watchdog for 200 seconds at Mon Jun 11 03:49:06 UTC 2018
6 ms. Memory: 288768K Free: 270226K (94%)
ptolemy.util.test.WatchDog.cancel(): canceling Mon Jun 11 03:49:06 UTC 2018
------------------ testing $PTII/ptolemy/domains/de/test/auto/ResetTransitionWithStartTime4.xml
auto.tcl: Setting watchdog for 200 seconds at Mon Jun 11 03:49:06 UTC 2018
4 ms. Memory: 287232K Free: 271625K (95%)
ptolemy.util.test.WatchDog.cancel(): canceling Mon Jun 11 03:49:06 UTC 2018
auto.tcl: Setting watchdog for 200 seconds at Mon Jun 11 03:49:06 UTC 2018
3 ms. Memory: 287232K Free: 271625K (95%)
ptolemy.util.test.WatchDog.cancel(): canceling Mon Jun 11 03:49:06 UTC 2018
------------------ testing $PTII/ptolemy/domains/de/test/auto/ResettableTimer1.xml
auto.tcl: Setting watchdog for 200 seconds at Mon Jun 11 03:49:06 UTC 2018
4 ms. Memory: 288768K Free: 276067K (96%)
ptolemy.util.test.WatchDog.cancel(): canceling Mon Jun 11 03:49:06 UTC 2018
auto.tcl: Setting watchdog for 200 seconds at Mon Jun 11 03:49:06 UTC 2018
2 ms. Memory: 288768K Free: 276067K (96%)
ptolemy.util.test.WatchDog.cancel(): canceling Mon Jun 11 03:49:06 UTC 2018
------------------ testing $PTII/ptolemy/domains/de/test/auto/ResettableTimer2.xml
auto.tcl: Setting watchdog for 200 seconds at Mon Jun 11 03:49:06 UTC 2018
3 ms. Memory: 287232K Free: 274691K (96%)
ptolemy.util.test.WatchDog.cancel(): canceling Mon Jun 11 03:49:06 UTC 2018
auto.tcl: Setting watchdog for 200 seconds at Mon Jun 11 03:49:06 UTC 2018
2 ms. Memory: 287232K Free: 274691K (96%)
ptolemy.util.test.WatchDog.cancel(): canceling Mon Jun 11 03:49:06 UTC 2018
------------------ testing $PTII/ptolemy/domains/de/test/auto/ResettableTimer3.xml
auto.tcl: Setting watchdog for 200 seconds at Mon Jun 11 03:49:07 UTC 2018
1 ms. Memory: 288256K Free: 275613K (96%)
ptolemy.util.test.WatchDog.cancel(): canceling Mon Jun 11 03:49:07 UTC 2018
auto.tcl: Setting watchdog for 200 seconds at Mon Jun 11 03:49:07 UTC 2018
1 ms. Memory: 288256K Free: 275613K (96%)
ptolemy.util.test.WatchDog.cancel(): canceling Mon Jun 11 03:49:07 UTC 2018
------------------ testing $PTII/ptolemy/domains/de/test/auto/ResettableTimer4.xml
auto.tcl: Setting watchdog for 200 seconds at Mon Jun 11 03:49:07 UTC 2018
1 ms. Memory: 287232K Free: 274602K (96%)
ptolemy.util.test.WatchDog.cancel(): canceling Mon Jun 11 03:49:07 UTC 2018
auto.tcl: Setting watchdog for 200 seconds at Mon Jun 11 03:49:07 UTC 2018
1 ms. Memory: 287232K Free: 274602K (96%)
ptolemy.util.test.WatchDog.cancel(): canceling Mon Jun 11 03:49:07 UTC 2018
------------------ testing $PTII/ptolemy/domains/de/test/auto/ResettableTimer5.xml
auto.tcl: Setting watchdog for 200 seconds at Mon Jun 11 03:49:07 UTC 2018
1 ms. Memory: 288256K Free: 275726K (96%)
ptolemy.util.test.WatchDog.cancel(): canceling Mon Jun 11 03:49:07 UTC 2018
auto.tcl: Setting watchdog for 200 seconds at Mon Jun 11 03:49:07 UTC 2018
1 ms. Memory: 288256K Free: 275726K (96%)
ptolemy.util.test.WatchDog.cancel(): canceling Mon Jun 11 03:49:07 UTC 2018
------------------ testing $PTII/ptolemy/domains/de/test/auto/ResettableTimer6.xml
auto.tcl: Setting watchdog for 200 seconds at Mon Jun 11 03:49:07 UTC 2018
2 ms. Memory: 287232K Free: 274550K (96%)
ptolemy.util.test.WatchDog.cancel(): canceling Mon Jun 11 03:49:07 UTC 2018
auto.tcl: Setting watchdog for 200 seconds at Mon Jun 11 03:49:07 UTC 2018
1 ms. Memory: 287232K Free: 274550K (96%)
ptolemy.util.test.WatchDog.cancel(): canceling Mon Jun 11 03:49:07 UTC 2018
------------------ testing $PTII/ptolemy/domains/de/test/auto/ServerZeroDelay.xml
auto.tcl: Setting watchdog for 200 seconds at Mon Jun 11 03:49:07 UTC 2018
2 ms. Memory: 288256K Free: 275682K (96%)
ptolemy.util.test.WatchDog.cancel(): canceling Mon Jun 11 03:49:07 UTC 2018
auto.tcl: Setting watchdog for 200 seconds at Mon Jun 11 03:49:07 UTC 2018
2 ms. Memory: 288256K Free: 275682K (96%)
ptolemy.util.test.WatchDog.cancel(): canceling Mon Jun 11 03:49:07 UTC 2018
------------------ testing $PTII/ptolemy/domains/de/test/auto/SmartSender.xml
auto.tcl: Setting watchdog for 200 seconds at Mon Jun 11 03:49:07 UTC 2018
3001 ms. Memory: 287232K Free: 272579K (95%)
ptolemy.util.test.WatchDog.cancel(): canceling Mon Jun 11 03:49:10 UTC 2018
auto.tcl: Setting watchdog for 200 seconds at Mon Jun 11 03:49:10 UTC 2018
3002 ms. Memory: 287232K Free: 272579K (95%)
ptolemy.util.test.WatchDog.cancel(): canceling Mon Jun 11 03:49:13 UTC 2018
------------------ testing $PTII/ptolemy/domains/de/test/auto/ThreadedComposite.xml
auto.tcl: Setting watchdog for 200 seconds at Mon Jun 11 03:49:13 UTC 2018
198 ms. Memory: 288256K Free: 252415K (88%)
ptolemy.util.test.WatchDog.cancel(): canceling Mon Jun 11 03:49:13 UTC 2018
auto.tcl: Setting watchdog for 200 seconds at Mon Jun 11 03:49:13 UTC 2018
151 ms. Memory: 288256K Free: 237154K (82%)
ptolemy.util.test.WatchDog.cancel(): canceling Mon Jun 11 03:49:13 UTC 2018
------------------ testing $PTII/ptolemy/domains/de/test/auto/Time.xml
auto.tcl: Setting watchdog for 200 seconds at Mon Jun 11 03:49:13 UTC 2018
464 ms. Memory: 287232K Free: 222803K (78%)
ptolemy.util.test.WatchDog.cancel(): canceling Mon Jun 11 03:49:14 UTC 2018
auto.tcl: Setting watchdog for 200 seconds at Mon Jun 11 03:49:14 UTC 2018
444 ms. Memory: 287232K Free: 170394K (59%)
ptolemy.util.test.WatchDog.cancel(): canceling Mon Jun 11 03:49:14 UTC 2018
------------------ testing $PTII/ptolemy/domains/de/test/auto/TimeDelayZeroDelay.xml
auto.tcl: Setting watchdog for 200 seconds at Mon Jun 11 03:49:14 UTC 2018
4 ms. Memory: 287744K Free: 275617K (96%)
ptolemy.util.test.WatchDog.cancel(): canceling Mon Jun 11 03:49:14 UTC 2018
auto.tcl: Setting watchdog for 200 seconds at Mon Jun 11 03:49:14 UTC 2018
1 ms. Memory: 287744K Free: 275617K (96%)
ptolemy.util.test.WatchDog.cancel(): canceling Mon Jun 11 03:49:14 UTC 2018
------------------ testing $PTII/ptolemy/domains/de/test/auto/TimerZeroDelay.xml
auto.tcl: Setting watchdog for 200 seconds at Mon Jun 11 03:49:14 UTC 2018
5 ms. Memory: 287232K Free: 275231K (96%)
ptolemy.util.test.WatchDog.cancel(): canceling Mon Jun 11 03:49:14 UTC 2018
auto.tcl: Setting watchdog for 200 seconds at Mon Jun 11 03:49:14 UTC 2018
1 ms. Memory: 287232K Free: 275231K (96%)
ptolemy.util.test.WatchDog.cancel(): canceling Mon Jun 11 03:49:14 UTC 2018
------------------ testing $PTII/ptolemy/domains/de/test/auto/TimingParadox.xml
auto.tcl: Setting watchdog for 200 seconds at Mon Jun 11 03:49:14 UTC 2018
344 ms. Memory: 287744K Free: 209283K (73%)
ptolemy.util.test.WatchDog.cancel(): canceling Mon Jun 11 03:49:15 UTC 2018
auto.tcl: Setting watchdog for 200 seconds at Mon Jun 11 03:49:15 UTC 2018
306 ms. Memory: 287744K Free: 175415K (61%)
ptolemy.util.test.WatchDog.cancel(): canceling Mon Jun 11 03:49:15 UTC 2018
------------------ testing $PTII/ptolemy/domains/de/test/auto/TransferInputs.xml
auto.tcl: Setting watchdog for 200 seconds at Mon Jun 11 03:49:15 UTC 2018
1 ms. Memory: 287744K Free: 274614K (95%)
ptolemy.util.test.WatchDog.cancel(): canceling Mon Jun 11 03:49:15 UTC 2018
auto.tcl: Setting watchdog for 200 seconds at Mon Jun 11 03:49:15 UTC 2018
2 ms. Memory: 287744K Free: 274614K (95%)
ptolemy.util.test.WatchDog.cancel(): canceling Mon Jun 11 03:49:15 UTC 2018
------------------ testing $PTII/ptolemy/domains/de/test/auto/TransferOutputs2.xml
auto.tcl: Setting watchdog for 200 seconds at Mon Jun 11 03:49:15 UTC 2018
6 ms. Memory: 287232K Free: 270532K (94%)
ptolemy.util.test.WatchDog.cancel(): canceling Mon Jun 11 03:49:15 UTC 2018
auto.tcl: Setting watchdog for 200 seconds at Mon Jun 11 03:49:15 UTC 2018
3 ms. Memory: 287232K Free: 267918K (93%)
ptolemy.util.test.WatchDog.cancel(): canceling Mon Jun 11 03:49:15 UTC 2018
------------------ testing $PTII/ptolemy/domains/de/test/auto/Trilateration.xml
auto.tcl: Setting watchdog for 200 seconds at Mon Jun 11 03:49:15 UTC 2018
13748 ms. Memory: 759296K Free: 692752K (91%)
ptolemy.util.test.WatchDog.cancel(): canceling Mon Jun 11 03:49:30 UTC 2018
auto.tcl: Setting watchdog for 200 seconds at Mon Jun 11 03:49:30 UTC 2018
11243 ms. Memory: 639488K Free: 464544K (73%)
ptolemy.util.test.WatchDog.cancel(): canceling Mon Jun 11 03:49:41 UTC 2018
------------------ testing $PTII/ptolemy/domains/de/test/auto/TwoSigmaDelta.xml
auto.tcl: Setting watchdog for 200 seconds at Mon Jun 11 03:49:41 UTC 2018
2427 ms. Memory: 643072K Free: 338109K (53%)
ptolemy.util.test.WatchDog.cancel(): canceling Mon Jun 11 03:49:44 UTC 2018
auto.tcl: Setting watchdog for 200 seconds at Mon Jun 11 03:49:44 UTC 2018
1839 ms. Memory: 643072K Free: 107756K (17%)
ptolemy.util.test.WatchDog.cancel(): canceling Mon Jun 11 03:49:46 UTC 2018
------------------ testing $PTII/ptolemy/domains/de/test/auto/VariableDelay.xml
auto.tcl: Setting watchdog for 200 seconds at Mon Jun 11 03:49:46 UTC 2018
4 ms. Memory: 640000K Free: 608418K (95%)
ptolemy.util.test.WatchDog.cancel(): canceling Mon Jun 11 03:49:46 UTC 2018
auto.tcl: Setting watchdog for 200 seconds at Mon Jun 11 03:49:46 UTC 2018
2 ms. Memory: 640000K Free: 608418K (95%)
ptolemy.util.test.WatchDog.cancel(): canceling Mon Jun 11 03:49:46 UTC 2018
------------------ testing $PTII/ptolemy/domains/de/test/auto/VariableDelay2.xml
auto.tcl: Setting watchdog for 200 seconds at Mon Jun 11 03:49:46 UTC 2018
2 ms. Memory: 639488K Free: 608319K (95%)
ptolemy.util.test.WatchDog.cancel(): canceling Mon Jun 11 03:49:46 UTC 2018
auto.tcl: Setting watchdog for 200 seconds at Mon Jun 11 03:49:46 UTC 2018
2 ms. Memory: 639488K Free: 608319K (95%)
ptolemy.util.test.WatchDog.cancel(): canceling Mon Jun 11 03:49:46 UTC 2018
------------------ testing $PTII/ptolemy/domains/de/test/auto/VariableDelayZeroDelay.xml
auto.tcl: Setting watchdog for 200 seconds at Mon Jun 11 03:49:46 UTC 2018
2 ms. Memory: 639488K Free: 602737K (94%)
ptolemy.util.test.WatchDog.cancel(): canceling Mon Jun 11 03:49:46 UTC 2018
auto.tcl: Setting watchdog for 200 seconds at Mon Jun 11 03:49:46 UTC 2018
2 ms. Memory: 639488K Free: 602737K (94%)
ptolemy.util.test.WatchDog.cancel(): canceling Mon Jun 11 03:49:46 UTC 2018
------------------ testing $PTII/ptolemy/domains/de/test/auto/VariableDelayZeroDelay2.xml
auto.tcl: Setting watchdog for 200 seconds at Mon Jun 11 03:49:46 UTC 2018
1 ms. Memory: 642048K Free: 605296K (94%)
ptolemy.util.test.WatchDog.cancel(): canceling Mon Jun 11 03:49:46 UTC 2018
auto.tcl: Setting watchdog for 200 seconds at Mon Jun 11 03:49:46 UTC 2018
2 ms. Memory: 642048K Free: 605296K (94%)
ptolemy.util.test.WatchDog.cancel(): canceling Mon Jun 11 03:49:46 UTC 2018
------------------ testing $PTII/ptolemy/domains/de/test/auto/deInCt.xml
auto.tcl: Setting watchdog for 200 seconds at Mon Jun 11 03:49:46 UTC 2018
0
1
1
1
0
0
0
0
1
1
1
0
0
0
0
0
1
1
1
1
0
0
0
1
1
1
1
1
1
8 ms. Memory: 639488K Free: 602733K (94%)
ptolemy.util.test.WatchDog.cancel(): canceling Mon Jun 11 03:49:46 UTC 2018
auto.tcl: Setting watchdog for 200 seconds at Mon Jun 11 03:49:46 UTC 2018
0
1
1
0
0
0
0
1
1
0
0
0
1
1
1
1
1
0
0
0
1
1
1
1
1
0
0
0
1
1
1
1
1
12 ms. Memory: 639488K Free: 602733K (94%)
ptolemy.util.test.WatchDog.cancel(): canceling Mon Jun 11 03:49:46 UTC 2018
------------------ testing $PTII/ptolemy/domains/de/test/auto/deInCt2.xml
auto.tcl: Setting watchdog for 200 seconds at Mon Jun 11 03:49:47 UTC 2018
0
1
1
1
0
0
1
1
1
0
0
1
1
1
0
0
1
1
1
0
0
1
1
1
0
0
1
1
1
0
0
1
1
1
0
0
1
1
1
0
0
0
5 ms. Memory: 642048K Free: 605293K (94%)
ptolemy.util.test.WatchDog.cancel(): canceling Mon Jun 11 03:49:47 UTC 2018
auto.tcl: Setting watchdog for 200 seconds at Mon Jun 11 03:49:47 UTC 2018
0
1
1
1
0
0
1
1
1
0
0
1
1
1
0
0
1
1
1
0
0
1
1
1
0
0
1
1
1
0
0
1
1
1
0
0
1
1
1
0
0
0
5 ms. Memory: 642048K Free: 605293K (94%)
ptolemy.util.test.WatchDog.cancel(): canceling Mon Jun 11 03:49:47 UTC 2018
------------------ testing $PTII/ptolemy/domains/de/test/auto/dynamicCausalityInterface1.xml
auto.tcl: Setting watchdog for 200 seconds at Mon Jun 11 03:49:47 UTC 2018
2 ms. Memory: 639488K Free: 594013K (93%)
ptolemy.util.test.WatchDog.cancel(): canceling Mon Jun 11 03:49:47 UTC 2018
auto.tcl: Setting watchdog for 200 seconds at Mon Jun 11 03:49:47 UTC 2018
1 ms. Memory: 639488K Free: 594013K (93%)
ptolemy.util.test.WatchDog.cancel(): canceling Mon Jun 11 03:49:47 UTC 2018
------------------ testing $PTII/ptolemy/domains/de/test/auto/fsm_de_test.xml
auto.tcl: Setting watchdog for 200 seconds at Mon Jun 11 03:49:47 UTC 2018
6 ms. Memory: 641536K Free: 604671K (94%)
ptolemy.util.test.WatchDog.cancel(): canceling Mon Jun 11 03:49:47 UTC 2018
auto.tcl: Setting watchdog for 200 seconds at Mon Jun 11 03:49:47 UTC 2018
4 ms. Memory: 641536K Free: 595956K (93%)
ptolemy.util.test.WatchDog.cancel(): canceling Mon Jun 11 03:49:47 UTC 2018
------------------ testing $PTII/ptolemy/domains/de/test/auto/functionDependencyReconstruction.xml
auto.tcl: Setting watchdog for 200 seconds at Mon Jun 11 03:49:47 UTC 2018
2 ms. Memory: 639488K Free: 593891K (93%)
ptolemy.util.test.WatchDog.cancel(): canceling Mon Jun 11 03:49:47 UTC 2018
auto.tcl: Setting watchdog for 200 seconds at Mon Jun 11 03:49:47 UTC 2018
3 ms. Memory: 639488K Free: 593891K (93%)
ptolemy.util.test.WatchDog.cancel(): canceling Mon Jun 11 03:49:47 UTC 2018
------------------ testing $PTII/ptolemy/domains/de/test/auto/multirate.xml
auto.tcl: Setting watchdog for 200 seconds at Mon Jun 11 03:49:47 UTC 2018
3 ms. Memory: 641536K Free: 604539K (94%)
ptolemy.util.test.WatchDog.cancel(): canceling Mon Jun 11 03:49:47 UTC 2018
auto.tcl: Setting watchdog for 200 seconds at Mon Jun 11 03:49:47 UTC 2018
3 ms. Memory: 641536K Free: 604530K (94%)
ptolemy.util.test.WatchDog.cancel(): canceling Mon Jun 11 03:49:47 UTC 2018
------------------ testing $PTII/ptolemy/domains/de/test/auto/multirate2.xml
auto.tcl: Setting watchdog for 200 seconds at Mon Jun 11 03:49:47 UTC 2018
3 ms. Memory: 639488K Free: 608260K (95%)
ptolemy.util.test.WatchDog.cancel(): canceling Mon Jun 11 03:49:47 UTC 2018
auto.tcl: Setting watchdog for 200 seconds at Mon Jun 11 03:49:47 UTC 2018
3 ms. Memory: 639488K Free: 608260K (95%)
ptolemy.util.test.WatchDog.cancel(): canceling Mon Jun 11 03:49:47 UTC 2018
------------------ testing $PTII/ptolemy/domains/de/test/auto/realtime.xml
auto.tcl: Setting watchdog for 200 seconds at Mon Jun 11 03:49:47 UTC 2018
10001 ms. Memory: 641024K Free: 604205K (94%)
ptolemy.util.test.WatchDog.cancel(): canceling Mon Jun 11 03:49:57 UTC 2018
auto.tcl: Setting watchdog for 200 seconds at Mon Jun 11 03:49:57 UTC 2018
10001 ms. Memory: 641024K Free: 604205K (94%)
ptolemy.util.test.WatchDog.cancel(): canceling Mon Jun 11 03:50:07 UTC 2018
------------------ testing $PTII/ptolemy/domains/de/test/auto/relationGroup.xml
auto.tcl: Setting watchdog for 200 seconds at Mon Jun 11 03:50:07 UTC 2018
2 ms. Memory: 639488K Free: 608284K (95%)
ptolemy.util.test.WatchDog.cancel(): canceling Mon Jun 11 03:50:07 UTC 2018
auto.tcl: Setting watchdog for 200 seconds at Mon Jun 11 03:50:07 UTC 2018
1 ms. Memory: 639488K Free: 608284K (95%)
ptolemy.util.test.WatchDog.cancel(): canceling Mon Jun 11 03:50:07 UTC 2018
------------------ testing $PTII/ptolemy/domains/de/test/auto/relationGroup2.xml
auto.tcl: Setting watchdog for 200 seconds at Mon Jun 11 03:50:07 UTC 2018
1 ms. Memory: 641024K Free: 604266K (94%)
ptolemy.util.test.WatchDog.cancel(): canceling Mon Jun 11 03:50:07 UTC 2018
auto.tcl: Setting watchdog for 200 seconds at Mon Jun 11 03:50:07 UTC 2018
1 ms. Memory: 641024K Free: 604266K (94%)
ptolemy.util.test.WatchDog.cancel(): canceling Mon Jun 11 03:50:07 UTC 2018
------------------ testing $PTII/ptolemy/domains/de/test/auto/sortWithOpaquePorts.xml
auto.tcl: Setting watchdog for 200 seconds at Mon Jun 11 03:50:07 UTC 2018
1 ms. Memory: 639488K Free: 602730K (94%)
ptolemy.util.test.WatchDog.cancel(): canceling Mon Jun 11 03:50:07 UTC 2018
auto.tcl: Setting watchdog for 200 seconds at Mon Jun 11 03:50:07 UTC 2018
1 ms. Memory: 639488K Free: 602730K (94%)
ptolemy.util.test.WatchDog.cancel(): canceling Mon Jun 11 03:50:07 UTC 2018
------------------ testing $PTII/ptolemy/domains/de/test/auto/transferInputsandOutputs.xml
auto.tcl: Setting watchdog for 200 seconds at Mon Jun 11 03:50:08 UTC 2018
3 ms. Memory: 640512K Free: 603742K (94%)
ptolemy.util.test.WatchDog.cancel(): canceling Mon Jun 11 03:50:08 UTC 2018
auto.tcl: Setting watchdog for 200 seconds at Mon Jun 11 03:50:08 UTC 2018
2 ms. Memory: 640512K Free: 603742K (94%)
ptolemy.util.test.WatchDog.cancel(): canceling Mon Jun 11 03:50:08 UTC 2018
------------------ testing $PTII/ptolemy/domains/de/test/auto/triggerType.xml
auto.tcl: Setting watchdog for 200 seconds at Mon Jun 11 03:50:08 UTC 2018
1 ms. Memory: 639488K Free: 602669K (94%)
ptolemy.util.test.WatchDog.cancel(): canceling Mon Jun 11 03:50:08 UTC 2018
auto.tcl: Setting watchdog for 200 seconds at Mon Jun 11 03:50:08 UTC 2018
1 ms. Memory: 639488K Free: 602669K (94%)
ptolemy.util.test.WatchDog.cancel(): canceling Mon Jun 11 03:50:08 UTC 2018
06/11/18 03:50:08
Failed: 0  Total Tests: 192  ((Passed: 187, Newly Passed: 1)  Known Failed: 5) /home/travis/build/icyphy/ptII/ptolemy/domains/de/test
06/11/18 03:50:08
Failed: 0  Total Tests: 192  ((Passed: 187, Newly Passed: 1)  Known Failed: 5) /home/travis/build/icyphy/ptII/ptolemy/domains/de/test
----------------- testing (KnownFailure) /home/travis/build/icyphy/ptII/ptolemy/domains/de/test/auto/knownFailedTests/DESDFClockTest.xml
2012 ms. Memory: 640512K Free: 592576K (93%)
Known Failure: java.lang.reflect.InvocationTargetException
----------------- testing (KnownFailure) /home/travis/build/icyphy/ptII/ptolemy/domains/de/test/auto/knownFailedTests/DirectFeedback.xml
1 ms. Memory: 640512K Free: 547929K (86%)
Known Failure: java.lang.reflect.InvocationTargetException
----------------- testing (KnownFailure) /home/travis/build/icyphy/ptII/ptolemy/domains/de/test/auto/knownFailedTests/FSMSource.xml
4 ms. Memory: 640512K Free: 503282K (79%)
----------------- testing (KnownFailure) /home/travis/build/icyphy/ptII/ptolemy/domains/de/test/auto/knownFailedTests/HierarchicalModel.xml
2 ms. Memory: 640512K Free: 469782K (73%)
Known Failure: java.lang.reflect.InvocationTargetException
----------------- testing (KnownFailure) /home/travis/build/icyphy/ptII/ptolemy/domains/de/test/auto/knownFailedTests/dependencyLoop.xml
1 ms. Memory: 640512K Free: 413965K (65%)
Known Failure: java.lang.reflect.InvocationTargetException
----------------- testing (KnownFailure) /home/travis/build/icyphy/ptII/ptolemy/domains/de/test/auto/knownFailedTests/dependencyLoop2.xml
3 ms. Memory: 640512K Free: 358157K (56%)
Known Failure: java.lang.reflect.InvocationTargetException
No auto/linux-amd64/*.xml tests in /home/travis/build/icyphy/ptII/ptolemy/domains/de/test
AutoTests.java: About to close Vertx.
AutoTests.java: Vertx closed.

===========================================================================================
----------------- testing Mon Jun 11 03:50:10 UTC 2018 /home/travis/build/icyphy/ptII/ptolemy/domains/de/test/auto/ActorDepthCalculation_actorWithoutPorts.xml
----------------- Instantiating /home/travis/build/icyphy/ptII/ptolemy/domains/de/test/auto/ActorDepthCalculation_actorWithoutPorts.xml
1 ms. Memory: 640512K Free: 302349K (47%)
----------------- Invoking toplevel() on ptolemy.moml.MoMLSimpleApplication@2ab12d59
----------------- Done invoking toplevel() on ptolemy.moml.MoMLSimpleApplication@2ab12d59
reloadAllAccessors: .ActorDepthCalculation_actorWithoutPorts

===========================================================================================
----------------- testing Mon Jun 11 03:50:10 UTC 2018 /home/travis/build/icyphy/ptII/ptolemy/domains/de/test/auto/AssemblyLine.xml
----------------- Instantiating /home/travis/build/icyphy/ptII/ptolemy/domains/de/test/auto/AssemblyLine.xml
1 ms. Memory: 640512K Free: 280025K (44%)
----------------- Invoking toplevel() on ptolemy.moml.MoMLSimpleApplication@5922a0f6
----------------- Done invoking toplevel() on ptolemy.moml.MoMLSimpleApplication@5922a0f6
reloadAllAccessors: .AssemblyLine

===========================================================================================
----------------- testing Mon Jun 11 03:50:10 UTC 2018 /home/travis/build/icyphy/ptII/ptolemy/domains/de/test/auto/CQBug1.xml
----------------- Instantiating /home/travis/build/icyphy/ptII/ptolemy/domains/de/test/auto/CQBug1.xml
1 ms. Memory: 640512K Free: 257702K (40%)
----------------- Invoking toplevel() on ptolemy.moml.MoMLSimpleApplication@4a175b61
----------------- Done invoking toplevel() on ptolemy.moml.MoMLSimpleApplication@4a175b61
reloadAllAccessors: .CQBug1

===========================================================================================
----------------- testing Mon Jun 11 03:50:10 UTC 2018 /home/travis/build/icyphy/ptII/ptolemy/domains/de/test/auto/CancelFireAt.xml
----------------- Instantiating /home/travis/build/icyphy/ptII/ptolemy/domains/de/test/auto/CancelFireAt.xml
1 ms. Memory: 640512K Free: 235379K (37%)
----------------- Invoking toplevel() on ptolemy.moml.MoMLSimpleApplication@613b7af7
----------------- Done invoking toplevel() on ptolemy.moml.MoMLSimpleApplication@613b7af7
reloadAllAccessors: .CancelFireAt

===========================================================================================
----------------- testing Mon Jun 11 03:50:10 UTC 2018 /home/travis/build/icyphy/ptII/ptolemy/domains/de/test/auto/CausalityAndComposabilityAnalysis.xml
----------------- Instantiating /home/travis/build/icyphy/ptII/ptolemy/domains/de/test/auto/CausalityAndComposabilityAnalysis.xml
1 ms. Memory: 640512K Free: 213056K (33%)
----------------- Invoking toplevel() on ptolemy.moml.MoMLSimpleApplication@16bc04f4
----------------- Done invoking toplevel() on ptolemy.moml.MoMLSimpleApplication@16bc04f4
reloadAllAccessors: .CausalityAndComposabilityAnalysis

===========================================================================================
----------------- testing Mon Jun 11 03:50:10 UTC 2018 /home/travis/build/icyphy/ptII/ptolemy/domains/de/test/auto/CausalityInterface1.xml
----------------- Instantiating /home/travis/build/icyphy/ptII/ptolemy/domains/de/test/auto/CausalityInterface1.xml
3 ms. Memory: 640512K Free: 190733K (30%)
----------------- Invoking toplevel() on ptolemy.moml.MoMLSimpleApplication@11150b12
----------------- Done invoking toplevel() on ptolemy.moml.MoMLSimpleApplication@11150b12
reloadAllAccessors: .CausalityInterface1

===========================================================================================
----------------- testing Mon Jun 11 03:50:10 UTC 2018 /home/travis/build/icyphy/ptII/ptolemy/domains/de/test/auto/CausalityInterface15.xml
----------------- Instantiating /home/travis/build/icyphy/ptII/ptolemy/domains/de/test/auto/CausalityInterface15.xml
1 ms. Memory: 640512K Free: 168409K (26%)
----------------- Invoking toplevel() on ptolemy.moml.MoMLSimpleApplication@2ebb5751
----------------- Done invoking toplevel() on ptolemy.moml.MoMLSimpleApplication@2ebb5751
reloadAllAccessors: .CausalityInterface15

[...]
java.lang.RuntimeException: Execution failed
	at ptolemy.moml.MoMLSimpleApplication$UnloadThread.run(MoMLSimpleApplication.java:402)
Caused by: ptolemy.kernel.util.IllegalActionException: Test fails in iteration 1.
Value was: 1.0. Should have been: 2.0
  in .DirectFeedback.Test
	at ptolemy.actor.lib.Test.fire(Test.java:268)
	at ptolemy.domains.de.kernel.DEDirector._fire(DEDirector.java:1949)
	at ptolemy.domains.de.kernel.DEDirector.fire(DEDirector.java:502)
	at ptolemy.actor.CompositeActor.fire(CompositeActor.java:455)
	at ptolemy.actor.Manager.iterate(Manager.java:851)
	at ptolemy.actor.Manager.execute(Manager.java:369)
	at ptolemy.actor.Manager.run(Manager.java:1263)
	at ptolemy.actor.Manager$PtolemyRunThread.run(Manager.java:1915)
java.lang.RuntimeException: Execution failed
	at ptolemy.moml.MoMLSimpleApplication$UnloadThread.run(MoMLSimpleApplication.java:402)
Caused by: ptolemy.kernel.util.IllegalActionException: Actor is not ready to fire.  Perhaps UpSample.prefire() returned false? Try debugging the actor by selecting "Listen to Actor".  Also, for SDF check moml for tokenConsumptionRate on input.
  in .DESDFClockTest.Play Bell.Copy1:SDF Director and .DESDFClockTest.Play Bell.UpSample
	at ptolemy.actor.sched.StaticSchedulingDirector.fire(StaticSchedulingDirector.java:227)
	at ptolemy.domains.sdf.kernel.SDFDirector.fire(SDFDirector.java:500)
	at ptolemy.actor.CompositeActor.fire(CompositeActor.java:455)
	at ptolemy.domains.de.kernel.DEDirector._fire(DEDirector.java:1949)
	at ptolemy.domains.de.kernel.DEDirector.fire(DEDirector.java:502)
	at ptolemy.actor.CompositeActor.fire(CompositeActor.java:455)
	at ptolemy.actor.Manager.iterate(Manager.java:851)
	at ptolemy.actor.Manager.execute(Manager.java:369)
	at ptolemy.actor.Manager.run(Manager.java:1263)
	at ptolemy.actor.Manager$PtolemyRunThread.run(Manager.java:1915)
java.lang.reflect.InvocationTargetException
	at sun.reflect.NativeConstructorAccessorImpl.newInstance0(Native Method)
	at sun.reflect.NativeConstructorAccessorImpl.newInstance(NativeConstructorAccessorImpl.java:62)
	at sun.reflect.DelegatingConstructorAccessorImpl.newInstance(DelegatingConstructorAccessorImpl.java:45)
	at java.lang.reflect.Constructor.newInstance(Constructor.java:423)
	at ptolemy.util.test.junit.AutoKnownFailedTests.RunModel(AutoKnownFailedTests.java:107)
	at sun.reflect.NativeMethodAccessorImpl.invoke0(Native Method)
	at sun.reflect.NativeMethodAccessorImpl.invoke(NativeMethodAccessorImpl.java:62)
	at sun.reflect.DelegatingMethodAccessorImpl.invoke(DelegatingMethodAccessorImpl.java:43)
	at java.lang.reflect.Method.invoke(Method.java:498)
	at org.junit.runners.model.FrameworkMethod$1.runReflectiveCall(FrameworkMethod.java:44)
	at org.junit.internal.runners.model.ReflectiveCallable.run(ReflectiveCallable.java:15)
	at org.junit.runners.model.FrameworkMethod.invokeExplosively(FrameworkMethod.java:41)
	at junitparams.internal.InvokeParameterisedMethod.evaluate(InvokeParameterisedMethod.java:102)
	at org.junit.internal.runners.statements.FailOnTimeout$1.run(FailOnTimeout.java:28)
Caused by: ptolemy.kernel.util.IllegalActionException: Actor is not ready to fire.  Perhaps UpSample.prefire() returned false? Try debugging the actor by selecting "Listen to Actor".  Also, for SDF check moml for tokenConsumptionRate on input.
  in .DESDFClockTest.Play Bell.Copy1:SDF Director and .DESDFClockTest.Play Bell.UpSample
	at ptolemy.actor.sched.StaticSchedulingDirector.fire(StaticSchedulingDirector.java:227)
	at ptolemy.domains.sdf.kernel.SDFDirector.fire(SDFDirector.java:500)
	at ptolemy.actor.CompositeActor.fire(CompositeActor.java:455)
	at ptolemy.domains.de.kernel.DEDirector._fire(DEDirector.java:1949)
	at ptolemy.domains.de.kernel.DEDirector.fire(DEDirector.java:502)
	at ptolemy.actor.CompositeActor.fire(CompositeActor.java:455)
	at ptolemy.actor.Manager.iterate(Manager.java:851)
	at ptolemy.actor.Manager.execute(Manager.java:369)
	at ptolemy.actor.Manager.run(Manager.java:1263)
	at ptolemy.actor.Manager$PtolemyRunThread.run(Manager.java:1915)
java.lang.RuntimeException: Execution failed
	at ptolemy.moml.MoMLSimpleApplication$UnloadThread.run(MoMLSimpleApplication.java:402)
Caused by: ptolemy.kernel.util.IllegalActionException: Test fails in iteration 1.
Value was: 1.0. Should have been: 2.0
  in .DirectFeedback.Test
	at ptolemy.actor.lib.Test.fire(Test.java:268)
	at ptolemy.domains.de.kernel.DEDirector._fire(DEDirector.java:1949)
	at ptolemy.domains.de.kernel.DEDirector.fire(DEDirector.java:502)
	at ptolemy.actor.CompositeActor.fire(CompositeActor.java:455)
	at ptolemy.actor.Manager.iterate(Manager.java:851)
	at ptolemy.actor.Manager.execute(Manager.java:369)
	at ptolemy.actor.Manager.run(Manager.java:1263)
	at ptolemy.actor.Manager$PtolemyRunThread.run(Manager.java:1915)
java.lang.reflect.InvocationTargetException
	at sun.reflect.NativeConstructorAccessorImpl.newInstance0(Native Method)
	at sun.reflect.NativeConstructorAccessorImpl.newInstance(NativeConstructorAccessorImpl.java:62)
	at sun.reflect.DelegatingConstructorAccessorImpl.newInstance(DelegatingConstructorAccessorImpl.java:45)
	at java.lang.reflect.Constructor.newInstance(Constructor.java:423)
	at ptolemy.util.test.junit.AutoKnownFailedTests.RunModel(AutoKnownFailedTests.java:107)
	at sun.reflect.NativeMethodAccessorImpl.invoke0(Native Method)
	at sun.reflect.NativeMethodAccessorImpl.invoke(NativeMethodAccessorImpl.java:62)
	at sun.reflect.DelegatingMethodAccessorImpl.invoke(DelegatingMethodAccessorImpl.java:43)
	at java.lang.reflect.Method.invoke(Method.java:498)
	at org.junit.runners.model.FrameworkMethod$1.runReflectiveCall(FrameworkMethod.java:44)
	at org.junit.internal.runners.model.ReflectiveCallable.run(ReflectiveCallable.java:15)
	at org.junit.runners.model.FrameworkMethod.invokeExplosively(FrameworkMethod.java:41)
	at junitparams.internal.InvokeParameterisedMethod.evaluate(InvokeParameterisedMethod.java:102)
	at org.junit.internal.runners.statements.FailOnTimeout$1.run(FailOnTimeout.java:28)
Caused by: ptolemy.kernel.util.IllegalActionException: Test fails in iteration 1.
Value was: 1.0. Should have been: 2.0
  in .DirectFeedback.Test
	at ptolemy.actor.lib.Test.fire(Test.java:268)
	at ptolemy.domains.de.kernel.DEDirector._fire(DEDirector.java:1949)
	at ptolemy.domains.de.kernel.DEDirector.fire(DEDirector.java:502)
	at ptolemy.actor.CompositeActor.fire(CompositeActor.java:455)
	at ptolemy.actor.Manager.iterate(Manager.java:851)
	at ptolemy.actor.Manager.execute(Manager.java:369)
	at ptolemy.actor.Manager.run(Manager.java:1263)
	at ptolemy.actor.Manager$PtolemyRunThread.run(Manager.java:1915)
java.lang.RuntimeException: Execution failed
	at ptolemy.moml.MoMLSimpleApplication$UnloadThread.run(MoMLSimpleApplication.java:402)
Caused by: ptolemy.kernel.util.IllegalActionException: Found a zero delay loop containing .HierarchicalModel.A
  in .HierarchicalModel and .HierarchicalModel.A
	at ptolemy.actor.util.CausalityInterfaceForComposites._computeOutputPortDepth(CausalityInterfaceForComposites.java:759)
	at ptolemy.actor.util.CausalityInterfaceForComposites._computeInputDepth(CausalityInterfaceForComposites.java:696)
	at ptolemy.actor.util.CausalityInterfaceForComposites._computeOutputPortDepth(CausalityInterfaceForComposites.java:765)
	at ptolemy.actor.util.CausalityInterfaceForComposites._computeInputDepth(CausalityInterfaceForComposites.java:696)
	at ptolemy.actor.util.CausalityInterfaceForComposites._computeOutputPortDepth(CausalityInterfaceForComposites.java:765)
	at ptolemy.actor.util.CausalityInterfaceForComposites._computeInputDepth(CausalityInterfaceForComposites.java:696)
	at ptolemy.actor.util.CausalityInterfaceForComposites._computeActorDepth(CausalityInterfaceForComposites.java:532)
	at ptolemy.actor.util.CausalityInterfaceForComposites.checkForCycles(CausalityInterfaceForComposites.java:96)
	at ptolemy.domains.de.kernel.DEDirector.preinitialize(DEDirector.java:1338)
	at ptolemy.actor.CompositeActor.preinitialize(CompositeActor.java:1828)
	at ptolemy.actor.Manager.preinitializeAndResolveTypes(Manager.java:1040)
	at ptolemy.actor.Manager.initialize(Manager.java:710)
	at ptolemy.actor.Manager.execute(Manager.java:356)
	at ptolemy.actor.Manager.run(Manager.java:1263)
	at ptolemy.actor.Manager$PtolemyRunThread.run(Manager.java:1915)
java.lang.reflect.InvocationTargetException
	at sun.reflect.NativeConstructorAccessorImpl.newInstance0(Native Method)
	at sun.reflect.NativeConstructorAccessorImpl.newInstance(NativeConstructorAccessorImpl.java:62)
	at sun.reflect.DelegatingConstructorAccessorImpl.newInstance(DelegatingConstructorAccessorImpl.java:45)
	at java.lang.reflect.Constructor.newInstance(Constructor.java:423)
	at ptolemy.util.test.junit.AutoKnownFailedTests.RunModel(AutoKnownFailedTests.java:107)
	at sun.reflect.NativeMethodAccessorImpl.invoke0(Native Method)
	at sun.reflect.NativeMethodAccessorImpl.invoke(NativeMethodAccessorImpl.java:62)
	at sun.reflect.DelegatingMethodAccessorImpl.invoke(DelegatingMethodAccessorImpl.java:43)
	at java.lang.reflect.Method.invoke(Method.java:498)
	at org.junit.runners.model.FrameworkMethod$1.runReflectiveCall(FrameworkMethod.java:44)
	at org.junit.internal.runners.model.ReflectiveCallable.run(ReflectiveCallable.java:15)
	at org.junit.runners.model.FrameworkMethod.invokeExplosively(FrameworkMethod.java:41)
	at junitparams.internal.InvokeParameterisedMethod.evaluate(InvokeParameterisedMethod.java:102)
	at org.junit.internal.runners.statements.FailOnTimeout$1.run(FailOnTimeout.java:28)
Caused by: ptolemy.kernel.util.IllegalActionException: Found a zero delay loop containing .HierarchicalModel.A
  in .HierarchicalModel and .HierarchicalModel.A
	at ptolemy.actor.util.CausalityInterfaceForComposites._computeOutputPortDepth(CausalityInterfaceForComposites.java:759)
	at ptolemy.actor.util.CausalityInterfaceForComposites._computeInputDepth(CausalityInterfaceForComposites.java:696)
	at ptolemy.actor.util.CausalityInterfaceForComposites._computeOutputPortDepth(CausalityInterfaceForComposites.java:765)
	at ptolemy.actor.util.CausalityInterfaceForComposites._computeInputDepth(CausalityInterfaceForComposites.java:696)
	at ptolemy.actor.util.CausalityInterfaceForComposites._computeOutputPortDepth(CausalityInterfaceForComposites.java:765)
	at ptolemy.actor.util.CausalityInterfaceForComposites._computeInputDepth(CausalityInterfaceForComposites.java:696)
	at ptolemy.actor.util.CausalityInterfaceForComposites._computeActorDepth(CausalityInterfaceForComposites.java:532)
	at ptolemy.actor.util.CausalityInterfaceForComposites.checkForCycles(CausalityInterfaceForComposites.java:96)
	at ptolemy.domains.de.kernel.DEDirector.preinitialize(DEDirector.java:1338)
	at ptolemy.actor.CompositeActor.preinitialize(CompositeActor.java:1828)
	at ptolemy.actor.Manager.preinitializeAndResolveTypes(Manager.java:1040)
	at ptolemy.actor.Manager.initialize(Manager.java:710)
	at ptolemy.actor.Manager.execute(Manager.java:356)
	at ptolemy.actor.Manager.run(Manager.java:1263)
	at ptolemy.actor.Manager$PtolemyRunThread.run(Manager.java:1915)
java.lang.RuntimeException: Execution failed
	at ptolemy.moml.MoMLSimpleApplication$UnloadThread.run(MoMLSimpleApplication.java:402)
Caused by: ptolemy.kernel.util.IllegalActionException: Found a zero delay loop containing .dependencyLoop.original
  in .dependencyLoop and .dependencyLoop.original
	at ptolemy.actor.util.CausalityInterfaceForComposites._computeOutputPortDepth(CausalityInterfaceForComposites.java:759)
	at ptolemy.actor.util.CausalityInterfaceForComposites._computeInputDepth(CausalityInterfaceForComposites.java:696)
	at ptolemy.actor.util.CausalityInterfaceForComposites._computeOutputPortDepth(CausalityInterfaceForComposites.java:765)
	at ptolemy.actor.util.CausalityInterfaceForComposites._computeInputDepth(CausalityInterfaceForComposites.java:696)
	at ptolemy.actor.util.CausalityInterfaceForComposites._computeOutputPortDepth(CausalityInterfaceForComposites.java:765)
	at ptolemy.actor.util.CausalityInterfaceForComposites._computeInputDepth(CausalityInterfaceForComposites.java:696)
	at ptolemy.actor.util.CausalityInterfaceForComposites._computeActorDepth(CausalityInterfaceForComposites.java:532)
	at ptolemy.actor.util.CausalityInterfaceForComposites.checkForCycles(CausalityInterfaceForComposites.java:96)
	at ptolemy.domains.de.kernel.DEDirector.preinitialize(DEDirector.java:1338)
	at ptolemy.actor.CompositeActor.preinitialize(CompositeActor.java:1828)
	at ptolemy.actor.Manager.preinitializeAndResolveTypes(Manager.java:1040)
	at ptolemy.actor.Manager.initialize(Manager.java:710)
	at ptolemy.actor.Manager.execute(Manager.java:356)
	at ptolemy.actor.Manager.run(Manager.java:1263)
	at ptolemy.actor.Manager$PtolemyRunThread.run(Manager.java:1915)
java.lang.reflect.InvocationTargetException
	at sun.reflect.NativeConstructorAccessorImpl.newInstance0(Native Method)
	at sun.reflect.NativeConstructorAccessorImpl.newInstance(NativeConstructorAccessorImpl.java:62)
	at sun.reflect.DelegatingConstructorAccessorImpl.newInstance(DelegatingConstructorAccessorImpl.java:45)
	at java.lang.reflect.Constructor.newInstance(Constructor.java:423)
	at ptolemy.util.test.junit.AutoKnownFailedTests.RunModel(AutoKnownFailedTests.java:107)
	at sun.reflect.NativeMethodAccessorImpl.invoke0(Native Method)
	at sun.reflect.NativeMethodAccessorImpl.invoke(NativeMethodAccessorImpl.java:62)
	at sun.reflect.DelegatingMethodAccessorImpl.invoke(DelegatingMethodAccessorImpl.java:43)
	at java.lang.reflect.Method.invoke(Method.java:498)
	at org.junit.runners.model.FrameworkMethod$1.runReflectiveCall(FrameworkMethod.java:44)
	at org.junit.internal.runners.model.ReflectiveCallable.run(ReflectiveCallable.java:15)
	at org.junit.runners.model.FrameworkMethod.invokeExplosively(FrameworkMethod.java:41)
	at junitparams.internal.InvokeParameterisedMethod.evaluate(InvokeParameterisedMethod.java:102)
	at org.junit.internal.runners.statements.FailOnTimeout$1.run(FailOnTimeout.java:28)
Caused by: ptolemy.kernel.util.IllegalActionException: Found a zero delay loop containing .dependencyLoop.original
  in .dependencyLoop and .dependencyLoop.original
	at ptolemy.actor.util.CausalityInterfaceForComposites._computeOutputPortDepth(CausalityInterfaceForComposites.java:759)
	at ptolemy.actor.util.CausalityInterfaceForComposites._computeInputDepth(CausalityInterfaceForComposites.java:696)
	at ptolemy.actor.util.CausalityInterfaceForComposites._computeOutputPortDepth(CausalityInterfaceForComposites.java:765)
	at ptolemy.actor.util.CausalityInterfaceForComposites._computeInputDepth(CausalityInterfaceForComposites.java:696)
	at ptolemy.actor.util.CausalityInterfaceForComposites._computeOutputPortDepth(CausalityInterfaceForComposites.java:765)
	at ptolemy.actor.util.CausalityInterfaceForComposites._computeInputDepth(CausalityInterfaceForComposites.java:696)
	at ptolemy.actor.util.CausalityInterfaceForComposites._computeActorDepth(CausalityInterfaceForComposites.java:532)
	at ptolemy.actor.util.CausalityInterfaceForComposites.checkForCycles(CausalityInterfaceForComposites.java:96)
	at ptolemy.domains.de.kernel.DEDirector.preinitialize(DEDirector.java:1338)
	at ptolemy.actor.CompositeActor.preinitialize(CompositeActor.java:1828)
	at ptolemy.actor.Manager.preinitializeAndResolveTypes(Manager.java:1040)
	at ptolemy.actor.Manager.initialize(Manager.java:710)
	at ptolemy.actor.Manager.execute(Manager.java:356)
	at ptolemy.actor.Manager.run(Manager.java:1263)
	at ptolemy.actor.Manager$PtolemyRunThread.run(Manager.java:1915)
java.lang.RuntimeException: Execution failed
	at ptolemy.moml.MoMLSimpleApplication$UnloadThread.run(MoMLSimpleApplication.java:402)
Caused by: ptolemy.kernel.util.IllegalActionException: Found a zero delay loop containing .dependencyLoop2.original
  in .dependencyLoop2 and .dependencyLoop2.original
	at ptolemy.actor.util.CausalityInterfaceForComposites._computeOutputPortDepth(CausalityInterfaceForComposites.java:759)
	at ptolemy.actor.util.CausalityInterfaceForComposites._computeInputDepth(CausalityInterfaceForComposites.java:696)
	at ptolemy.actor.util.CausalityInterfaceForComposites._computeOutputPortDepth(CausalityInterfaceForComposites.java:765)
	at ptolemy.actor.util.CausalityInterfaceForComposites._computeInputDepth(CausalityInterfaceForComposites.java:696)
	at ptolemy.actor.util.CausalityInterfaceForComposites._computeOutputPortDepth(CausalityInterfaceForComposites.java:765)
	at ptolemy.actor.util.CausalityInterfaceForComposites._computeInputDepth(CausalityInterfaceForComposites.java:696)
	at ptolemy.actor.util.CausalityInterfaceForComposites._computeActorDepth(CausalityInterfaceForComposites.java:532)
	at ptolemy.actor.util.CausalityInterfaceForComposites.checkForCycles(CausalityInterfaceForComposites.java:96)
	at ptolemy.domains.de.kernel.DEDirector.preinitialize(DEDirector.java:1338)
	at ptolemy.actor.CompositeActor.preinitialize(CompositeActor.java:1828)
	at ptolemy.actor.Manager.preinitializeAndResolveTypes(Manager.java:1040)
	at ptolemy.actor.Manager.initialize(Manager.java:710)
	at ptolemy.actor.Manager.execute(Manager.java:356)
	at ptolemy.actor.Manager.run(Manager.java:1263)
	at ptolemy.actor.Manager$PtolemyRunThread.run(Manager.java:1915)
java.lang.reflect.InvocationTargetException
	at sun.reflect.NativeConstructorAccessorImpl.newInstance0(Native Method)
	at sun.reflect.NativeConstructorAccessorImpl.newInstance(NativeConstructorAccessorImpl.java:62)
	at sun.reflect.DelegatingConstructorAccessorImpl.newInstance(DelegatingConstructorAccessorImpl.java:45)
	at java.lang.reflect.Constructor.newInstance(Constructor.java:423)
	at ptolemy.util.test.junit.AutoKnownFailedTests.RunModel(AutoKnownFailedTests.java:107)
	at sun.reflect.NativeMethodAccessorImpl.invoke0(Native Method)
	at sun.reflect.NativeMethodAccessorImpl.invoke(NativeMethodAccessorImpl.java:62)
	at sun.reflect.DelegatingMethodAccessorImpl.invoke(DelegatingMethodAccessorImpl.java:43)
	at java.lang.reflect.Method.invoke(Method.java:498)
	at org.junit.runners.model.FrameworkMethod$1.runReflectiveCall(FrameworkMethod.java:44)
	at org.junit.internal.runners.model.ReflectiveCallable.run(ReflectiveCallable.java:15)
	at org.junit.runners.model.FrameworkMethod.invokeExplosively(FrameworkMethod.java:41)
	at junitparams.internal.InvokeParameterisedMethod.evaluate(InvokeParameterisedMethod.java:102)
	at org.junit.internal.runners.statements.FailOnTimeout$1.run(FailOnTimeout.java:28)
Caused by: ptolemy.kernel.util.IllegalActionException: Found a zero delay loop containing .dependencyLoop2.original
  in .dependencyLoop2 and .dependencyLoop2.original
	at ptolemy.actor.util.CausalityInterfaceForComposites._computeOutputPortDepth(CausalityInterfaceForComposites.java:759)
	at ptolemy.actor.util.CausalityInterfaceForComposites._computeInputDepth(CausalityInterfaceForComposites.java:696)
	at ptolemy.actor.util.CausalityInterfaceForComposites._computeOutputPortDepth(CausalityInterfaceForComposites.java:765)
	at ptolemy.actor.util.CausalityInterfaceForComposites._computeInputDepth(CausalityInterfaceForComposites.java:696)
	at ptolemy.actor.util.CausalityInterfaceForComposites._computeOutputPortDepth(CausalityInterfaceForComposites.java:765)
	at ptolemy.actor.util.CausalityInterfaceForComposites._computeInputDepth(CausalityInterfaceForComposites.java:696)
	at ptolemy.actor.util.CausalityInterfaceForComposites._computeActorDepth(CausalityInterfaceForComposites.java:532)
	at ptolemy.actor.util.CausalityInterfaceForComposites.checkForCycles(CausalityInterfaceForComposites.java:96)
	at ptolemy.domains.de.kernel.DEDirector.preinitialize(DEDirector.java:1338)
	at ptolemy.actor.CompositeActor.preinitialize(CompositeActor.java:1828)
	at ptolemy.actor.Manager.preinitializeAndResolveTypes(Manager.java:1040)
	at ptolemy.actor.Manager.initialize(Manager.java:710)
	at ptolemy.actor.Manager.execute(Manager.java:356)
	at ptolemy.actor.Manager.run(Manager.java:1263)
	at ptolemy.actor.Manager$PtolemyRunThread.run(Manager.java:1915)
]]></system-err>
</testsuite>
