<?xml version="1.0" encoding="UTF-8" ?>
<testsuite errors="0" failures="0" hostname="travis-job-9f873c1f-a4f7-4d00-a4cd-dcac8f1d0e26" name="ptolemy.domains.de.test.junit.JUnitTclTest" skipped="0" tests="101" time="128.581" timestamp="2019-02-18T03:34:37">
  <properties>
[...]
</properties>
  <testcase classname="ptolemy.util.test.junit.TclTests" name="[0] /home/travis/build/icyphy/ptII/ptolemy/domains/de/test/DependencyLoop.tcl (RunTclFile)" time="0.74" />
  <testcase classname="ptolemy.util.test.junit.TclTests" name="[1] /home/travis/build/icyphy/ptII/ptolemy/domains/de/test/RunDETestsAsQSS.tcl (RunTclFile)" time="88.53" />
  <testcase classname="ptolemy.util.test.junit.AutoKnownFailedTests" name="[0] /home/travis/build/icyphy/ptII/ptolemy/domains/de/test/auto/knownFailedTests/DESDFClockTest.xml (RunModel)" time="2.033" />
  <testcase classname="ptolemy.util.test.junit.AutoKnownFailedTests" name="[1] /home/travis/build/icyphy/ptII/ptolemy/domains/de/test/auto/knownFailedTests/DirectFeedback.xml (RunModel)" time="0.013" />
  <testcase classname="ptolemy.util.test.junit.AutoKnownFailedTests" name="[2] /home/travis/build/icyphy/ptII/ptolemy/domains/de/test/auto/knownFailedTests/FSMSource.xml (RunModel)" time="0.029" />
  <testcase classname="ptolemy.util.test.junit.AutoKnownFailedTests" name="[3] /home/travis/build/icyphy/ptII/ptolemy/domains/de/test/auto/knownFailedTests/HierarchicalModel.xml (RunModel)" time="0.034" />
  <testcase classname="ptolemy.util.test.junit.AutoKnownFailedTests" name="[4] /home/travis/build/icyphy/ptII/ptolemy/domains/de/test/auto/knownFailedTests/dependencyLoop.xml (RunModel)" time="0.035" />
  <testcase classname="ptolemy.util.test.junit.AutoKnownFailedTests" name="[5] /home/travis/build/icyphy/ptII/ptolemy/domains/de/test/auto/knownFailedTests/dependencyLoop2.xml (RunModel)" time="0.032" />
  <testcase classname="ptolemy.util.test.junit.AutoNameArchTests" name="[0] ThereAreNoAutoArchTests (RunModel)" time="0.001" />
  <testcase classname="ptolemy.util.test.junit.AutoTests" name="[0] /home/travis/build/icyphy/ptII/ptolemy/domains/de/test/auto/ActorDepthCalculation_actorWithoutPorts.xml (RunModel)" time="0.016" />
  <testcase classname="ptolemy.util.test.junit.AutoTests" name="[1] /home/travis/build/icyphy/ptII/ptolemy/domains/de/test/auto/AssemblyLine.xml (RunModel)" time="0.02" />
  <testcase classname="ptolemy.util.test.junit.AutoTests" name="[2] /home/travis/build/icyphy/ptII/ptolemy/domains/de/test/auto/CQBug1.xml (RunModel)" time="0.008" />
  <testcase classname="ptolemy.util.test.junit.AutoTests" name="[3] /home/travis/build/icyphy/ptII/ptolemy/domains/de/test/auto/CancelFireAt.xml (RunModel)" time="0.006" />
  <testcase classname="ptolemy.util.test.junit.AutoTests" name="[4] /home/travis/build/icyphy/ptII/ptolemy/domains/de/test/auto/CausalityAndComposabilityAnalysis.xml (RunModel)" time="0.011" />
  <testcase classname="ptolemy.util.test.junit.AutoTests" name="[5] /home/travis/build/icyphy/ptII/ptolemy/domains/de/test/auto/CausalityInterface1.xml (RunModel)" time="0.011" />
  <testcase classname="ptolemy.util.test.junit.AutoTests" name="[6] /home/travis/build/icyphy/ptII/ptolemy/domains/de/test/auto/CausalityInterface15.xml (RunModel)" time="0.011" />
  <testcase classname="ptolemy.util.test.junit.AutoTests" name="[7] /home/travis/build/icyphy/ptII/ptolemy/domains/de/test/auto/CausalityInterface2.xml (RunModel)" time="0.008" />
  <testcase classname="ptolemy.util.test.junit.AutoTests" name="[8] /home/travis/build/icyphy/ptII/ptolemy/domains/de/test/auto/CausalityInterface3.xml (RunModel)" time="0.008" />
  <testcase classname="ptolemy.util.test.junit.AutoTests" name="[9] /home/travis/build/icyphy/ptII/ptolemy/domains/de/test/auto/ClockDrift.xml (RunModel)" time="0.036" />
  <testcase classname="ptolemy.util.test.junit.AutoTests" name="[10] /home/travis/build/icyphy/ptII/ptolemy/domains/de/test/auto/ClockDriftAndValueChange.xml (RunModel)" time="0.023" />
  <testcase classname="ptolemy.util.test.junit.AutoTests" name="[11] /home/travis/build/icyphy/ptII/ptolemy/domains/de/test/auto/ClockDriftChange.xml (RunModel)" time="0.024" />
  <testcase classname="ptolemy.util.test.junit.AutoTests" name="[12] /home/travis/build/icyphy/ptII/ptolemy/domains/de/test/auto/ComposableCausalityAnalysis.xml (RunModel)" time="0.015" />
  <testcase classname="ptolemy.util.test.junit.AutoTests" name="[13] /home/travis/build/icyphy/ptII/ptolemy/domains/de/test/auto/DEFixedPointLimitation.xml (RunModel)" time="0.007" />
  <testcase classname="ptolemy.util.test.junit.AutoTests" name="[14] /home/travis/build/icyphy/ptII/ptolemy/domains/de/test/auto/DEScheduleTest.xml (RunModel)" time="0.022" />
  <testcase classname="ptolemy.util.test.junit.AutoTests" name="[15] /home/travis/build/icyphy/ptII/ptolemy/domains/de/test/auto/DEinDEwithStartTimes.xml (RunModel)" time="0.028" />
  <testcase classname="ptolemy.util.test.junit.AutoTests" name="[16] /home/travis/build/icyphy/ptII/ptolemy/domains/de/test/auto/DEinDEwithStartTimes2.xml (RunModel)" time="0.013" />
  <testcase classname="ptolemy.util.test.junit.AutoTests" name="[17] /home/travis/build/icyphy/ptII/ptolemy/domains/de/test/auto/DateDemo.xml (RunModel)" time="0.022" />
  <testcase classname="ptolemy.util.test.junit.AutoTests" name="[18] /home/travis/build/icyphy/ptII/ptolemy/domains/de/test/auto/DateToEvent.xml (RunModel)" time="2.03" />
  <testcase classname="ptolemy.util.test.junit.AutoTests" name="[19] /home/travis/build/icyphy/ptII/ptolemy/domains/de/test/auto/DepthTest1.xml (RunModel)" time="0.008" />
  <testcase classname="ptolemy.util.test.junit.AutoTests" name="[20] /home/travis/build/icyphy/ptII/ptolemy/domains/de/test/auto/DepthTest2.xml (RunModel)" time="0.016" />
  <testcase classname="ptolemy.util.test.junit.AutoTests" name="[21] /home/travis/build/icyphy/ptII/ptolemy/domains/de/test/auto/DepthTest3.xml (RunModel)" time="0.006" />
  <testcase classname="ptolemy.util.test.junit.AutoTests" name="[22] /home/travis/build/icyphy/ptII/ptolemy/domains/de/test/auto/DepthTest4.xml (RunModel)" time="0.011" />
  <testcase classname="ptolemy.util.test.junit.AutoTests" name="[23] /home/travis/build/icyphy/ptII/ptolemy/domains/de/test/auto/DepthTest5.xml (RunModel)" time="0.013" />
  <testcase classname="ptolemy.util.test.junit.AutoTests" name="[24] /home/travis/build/icyphy/ptII/ptolemy/domains/de/test/auto/DepthTest6.xml (RunModel)" time="0.011" />
  <testcase classname="ptolemy.util.test.junit.AutoTests" name="[25] /home/travis/build/icyphy/ptII/ptolemy/domains/de/test/auto/DepthTest7.xml (RunModel)" time="0.011" />
  <testcase classname="ptolemy.util.test.junit.AutoTests" name="[26] /home/travis/build/icyphy/ptII/ptolemy/domains/de/test/auto/EventToDate.xml (RunModel)" time="3.031" />
  <testcase classname="ptolemy.util.test.junit.AutoTests" name="[27] /home/travis/build/icyphy/ptII/ptolemy/domains/de/test/auto/FSM1.xml (RunModel)" time="0.026" />
  <testcase classname="ptolemy.util.test.junit.AutoTests" name="[28] /home/travis/build/icyphy/ptII/ptolemy/domains/de/test/auto/FSM7.xml (RunModel)" time="0.05" />
  <testcase classname="ptolemy.util.test.junit.AutoTests" name="[29] /home/travis/build/icyphy/ptII/ptolemy/domains/de/test/auto/Inspection.xml (RunModel)" time="0.047" />
  <testcase classname="ptolemy.util.test.junit.AutoTests" name="[30] /home/travis/build/icyphy/ptII/ptolemy/domains/de/test/auto/Iteration.xml (RunModel)" time="0.021" />
  <testcase classname="ptolemy.util.test.junit.AutoTests" name="[31] /home/travis/build/icyphy/ptII/ptolemy/domains/de/test/auto/LineFault.xml (RunModel)" time="0.583" />
  <testcase classname="ptolemy.util.test.junit.AutoTests" name="[32] /home/travis/build/icyphy/ptII/ptolemy/domains/de/test/auto/MergeModel1Add.xml (RunModel)" time="0.038" />
  <testcase classname="ptolemy.util.test.junit.AutoTests" name="[33] /home/travis/build/icyphy/ptII/ptolemy/domains/de/test/auto/MergeModel2Add.xml (RunModel)" time="0.031" />
  <testcase classname="ptolemy.util.test.junit.AutoTests" name="[34] /home/travis/build/icyphy/ptII/ptolemy/domains/de/test/auto/MergeModel3Add.xml (RunModel)" time="0.032" />
  <testcase classname="ptolemy.util.test.junit.AutoTests" name="[35] /home/travis/build/icyphy/ptII/ptolemy/domains/de/test/auto/MergeWithoutDiscard.xml (RunModel)" time="0.009" />
  <testcase classname="ptolemy.util.test.junit.AutoTests" name="[36] /home/travis/build/icyphy/ptII/ptolemy/domains/de/test/auto/Modal1.xml (RunModel)" time="0.026" />
  <testcase classname="ptolemy.util.test.junit.AutoTests" name="[37] /home/travis/build/icyphy/ptII/ptolemy/domains/de/test/auto/Modal2.xml (RunModel)" time="0.026" />
  <testcase classname="ptolemy.util.test.junit.AutoTests" name="[38] /home/travis/build/icyphy/ptII/ptolemy/domains/de/test/auto/Modal3.xml (RunModel)" time="0.025" />
  <testcase classname="ptolemy.util.test.junit.AutoTests" name="[39] /home/travis/build/icyphy/ptII/ptolemy/domains/de/test/auto/Modal4.xml (RunModel)" time="0.026" />
  <testcase classname="ptolemy.util.test.junit.AutoTests" name="[40] /home/travis/build/icyphy/ptII/ptolemy/domains/de/test/auto/Modal5.xml (RunModel)" time="0.025" />
  <testcase classname="ptolemy.util.test.junit.AutoTests" name="[41] /home/travis/build/icyphy/ptII/ptolemy/domains/de/test/auto/Modal6.xml (RunModel)" time="0.025" />
  <testcase classname="ptolemy.util.test.junit.AutoTests" name="[42] /home/travis/build/icyphy/ptII/ptolemy/domains/de/test/auto/Modal7.xml (RunModel)" time="0.024" />
  <testcase classname="ptolemy.util.test.junit.AutoTests" name="[43] /home/travis/build/icyphy/ptII/ptolemy/domains/de/test/auto/ModalModel.xml (RunModel)" time="0.132" />
  <testcase classname="ptolemy.util.test.junit.AutoTests" name="[44] /home/travis/build/icyphy/ptII/ptolemy/domains/de/test/auto/ModalSource.xml (RunModel)" time="0.016" />
  <testcase classname="ptolemy.util.test.junit.AutoTests" name="[45] /home/travis/build/icyphy/ptII/ptolemy/domains/de/test/auto/NonInterruptibleTimerZeroDelay.xml (RunModel)" time="0.009" />
  <testcase classname="ptolemy.util.test.junit.AutoTests" name="[46] /home/travis/build/icyphy/ptII/ptolemy/domains/de/test/auto/OpenQueueingNetwork.xml (RunModel)" time="2.19" />
  <testcase classname="ptolemy.util.test.junit.AutoTests" name="[47] /home/travis/build/icyphy/ptII/ptolemy/domains/de/test/auto/OpenQueuingNetwork.xml (RunModel)" time="0.273" />
  <testcase classname="ptolemy.util.test.junit.AutoTests" name="[48] /home/travis/build/icyphy/ptII/ptolemy/domains/de/test/auto/PeriodicSampler.xml (RunModel)" time="0.007" />
  <testcase classname="ptolemy.util.test.junit.AutoTests" name="[49] /home/travis/build/icyphy/ptII/ptolemy/domains/de/test/auto/PersistentIO.xml (RunModel)" time="0.017" />
  <testcase classname="ptolemy.util.test.junit.AutoTests" name="[50] /home/travis/build/icyphy/ptII/ptolemy/domains/de/test/auto/PortParameterResetOnInitialize.xml (RunModel)" time="0.008" />
  <testcase classname="ptolemy.util.test.junit.AutoTests" name="[51] /home/travis/build/icyphy/ptII/ptolemy/domains/de/test/auto/PortParameterUpdates.xml (RunModel)" time="0.012" />
  <testcase classname="ptolemy.util.test.junit.AutoTests" name="[52] /home/travis/build/icyphy/ptII/ptolemy/domains/de/test/auto/QueueAndServer.xml (RunModel)" time="0.017" />
  <testcase classname="ptolemy.util.test.junit.AutoTests" name="[53] /home/travis/build/icyphy/ptII/ptolemy/domains/de/test/auto/Records.xml (RunModel)" time="0.011" />
  <testcase classname="ptolemy.util.test.junit.AutoTests" name="[54] /home/travis/build/icyphy/ptII/ptolemy/domains/de/test/auto/ResetTransitionWithStartTime1.xml (RunModel)" time="0.016" />
  <testcase classname="ptolemy.util.test.junit.AutoTests" name="[55] /home/travis/build/icyphy/ptII/ptolemy/domains/de/test/auto/ResetTransitionWithStartTime2.xml (RunModel)" time="0.015" />
  <testcase classname="ptolemy.util.test.junit.AutoTests" name="[56] /home/travis/build/icyphy/ptII/ptolemy/domains/de/test/auto/ResetTransitionWithStartTime3.xml (RunModel)" time="0.015" />
  <testcase classname="ptolemy.util.test.junit.AutoTests" name="[57] /home/travis/build/icyphy/ptII/ptolemy/domains/de/test/auto/ResetTransitionWithStartTime4.xml (RunModel)" time="0.024" />
  <testcase classname="ptolemy.util.test.junit.AutoTests" name="[58] /home/travis/build/icyphy/ptII/ptolemy/domains/de/test/auto/ResettableTimer1.xml (RunModel)" time="0.009" />
  <testcase classname="ptolemy.util.test.junit.AutoTests" name="[59] /home/travis/build/icyphy/ptII/ptolemy/domains/de/test/auto/ResettableTimer2.xml (RunModel)" time="0.009" />
  <testcase classname="ptolemy.util.test.junit.AutoTests" name="[60] /home/travis/build/icyphy/ptII/ptolemy/domains/de/test/auto/ResettableTimer3.xml (RunModel)" time="0.008" />
  <testcase classname="ptolemy.util.test.junit.AutoTests" name="[61] /home/travis/build/icyphy/ptII/ptolemy/domains/de/test/auto/ResettableTimer4.xml (RunModel)" time="0.008" />
  <testcase classname="ptolemy.util.test.junit.AutoTests" name="[62] /home/travis/build/icyphy/ptII/ptolemy/domains/de/test/auto/ResettableTimer5.xml (RunModel)" time="0.01" />
  <testcase classname="ptolemy.util.test.junit.AutoTests" name="[63] /home/travis/build/icyphy/ptII/ptolemy/domains/de/test/auto/ResettableTimer6.xml (RunModel)" time="0.012" />
  <testcase classname="ptolemy.util.test.junit.AutoTests" name="[64] /home/travis/build/icyphy/ptII/ptolemy/domains/de/test/auto/ServerZeroDelay.xml (RunModel)" time="0.01" />
  <testcase classname="ptolemy.util.test.junit.AutoTests" name="[65] /home/travis/build/icyphy/ptII/ptolemy/domains/de/test/auto/SmartSender.xml (RunModel)" time="3.007" />
  <testcase classname="ptolemy.util.test.junit.AutoTests" name="[66] /home/travis/build/icyphy/ptII/ptolemy/domains/de/test/auto/ThreadedComposite.xml (RunModel)" time="0.125" />
  <testcase classname="ptolemy.util.test.junit.AutoTests" name="[67] /home/travis/build/icyphy/ptII/ptolemy/domains/de/test/auto/Time.xml (RunModel)" time="0.419" />
  <testcase classname="ptolemy.util.test.junit.AutoTests" name="[68] /home/travis/build/icyphy/ptII/ptolemy/domains/de/test/auto/TimeDelayZeroDelay.xml (RunModel)" time="0.012" />
  <testcase classname="ptolemy.util.test.junit.AutoTests" name="[69] /home/travis/build/icyphy/ptII/ptolemy/domains/de/test/auto/TimerZeroDelay.xml (RunModel)" time="0.009" />
  <testcase classname="ptolemy.util.test.junit.AutoTests" name="[70] /home/travis/build/icyphy/ptII/ptolemy/domains/de/test/auto/TimingParadox.xml (RunModel)" time="0.334" />
  <testcase classname="ptolemy.util.test.junit.AutoTests" name="[71] /home/travis/build/icyphy/ptII/ptolemy/domains/de/test/auto/TransferInputs.xml (RunModel)" time="0.02" />
  <testcase classname="ptolemy.util.test.junit.AutoTests" name="[72] /home/travis/build/icyphy/ptII/ptolemy/domains/de/test/auto/TransferOutputs2.xml (RunModel)" time="0.016" />
  <testcase classname="ptolemy.util.test.junit.AutoTests" name="[73] /home/travis/build/icyphy/ptII/ptolemy/domains/de/test/auto/Trilateration.xml (RunModel)" time="11.468" />
  <testcase classname="ptolemy.util.test.junit.AutoTests" name="[74] /home/travis/build/icyphy/ptII/ptolemy/domains/de/test/auto/TwoSigmaDelta.xml (RunModel)" time="1.974" />
  <testcase classname="ptolemy.util.test.junit.AutoTests" name="[75] /home/travis/build/icyphy/ptII/ptolemy/domains/de/test/auto/VariableDelay.xml (RunModel)" time="0.012" />
  <testcase classname="ptolemy.util.test.junit.AutoTests" name="[76] /home/travis/build/icyphy/ptII/ptolemy/domains/de/test/auto/VariableDelay2.xml (RunModel)" time="0.009" />
  <testcase classname="ptolemy.util.test.junit.AutoTests" name="[77] /home/travis/build/icyphy/ptII/ptolemy/domains/de/test/auto/VariableDelayZeroDelay.xml (RunModel)" time="0.008" />
  <testcase classname="ptolemy.util.test.junit.AutoTests" name="[78] /home/travis/build/icyphy/ptII/ptolemy/domains/de/test/auto/VariableDelayZeroDelay2.xml (RunModel)" time="0.008" />
  <testcase classname="ptolemy.util.test.junit.AutoTests" name="[79] /home/travis/build/icyphy/ptII/ptolemy/domains/de/test/auto/deInCt.xml (RunModel)" time="0.012" />
  <testcase classname="ptolemy.util.test.junit.AutoTests" name="[80] /home/travis/build/icyphy/ptII/ptolemy/domains/de/test/auto/deInCt2.xml (RunModel)" time="0.018" />
  <testcase classname="ptolemy.util.test.junit.AutoTests" name="[81] /home/travis/build/icyphy/ptII/ptolemy/domains/de/test/auto/dynamicCausalityInterface1.xml (RunModel)" time="0.016" />
  <testcase classname="ptolemy.util.test.junit.AutoTests" name="[82] /home/travis/build/icyphy/ptII/ptolemy/domains/de/test/auto/fsm_de_test.xml (RunModel)" time="0.02" />
  <testcase classname="ptolemy.util.test.junit.AutoTests" name="[83] /home/travis/build/icyphy/ptII/ptolemy/domains/de/test/auto/functionDependencyReconstruction.xml (RunModel)" time="0.029" />
  <testcase classname="ptolemy.util.test.junit.AutoTests" name="[84] /home/travis/build/icyphy/ptII/ptolemy/domains/de/test/auto/multirate.xml (RunModel)" time="0.014" />
  <testcase classname="ptolemy.util.test.junit.AutoTests" name="[85] /home/travis/build/icyphy/ptII/ptolemy/domains/de/test/auto/multirate2.xml (RunModel)" time="0.013" />
  <testcase classname="ptolemy.util.test.junit.AutoTests" name="[86] /home/travis/build/icyphy/ptII/ptolemy/domains/de/test/auto/realtime.xml (RunModel)" time="10.009" />
  <testcase classname="ptolemy.util.test.junit.AutoTests" name="[87] /home/travis/build/icyphy/ptII/ptolemy/domains/de/test/auto/relationGroup.xml (RunModel)" time="0.009" />
  <testcase classname="ptolemy.util.test.junit.AutoTests" name="[88] /home/travis/build/icyphy/ptII/ptolemy/domains/de/test/auto/relationGroup2.xml (RunModel)" time="0.006" />
  <testcase classname="ptolemy.util.test.junit.AutoTests" name="[89] /home/travis/build/icyphy/ptII/ptolemy/domains/de/test/auto/sortWithOpaquePorts.xml (RunModel)" time="0.007" />
  <testcase classname="ptolemy.util.test.junit.AutoTests" name="[90] /home/travis/build/icyphy/ptII/ptolemy/domains/de/test/auto/transferInputsandOutputs.xml (RunModel)" time="0.01" />
  <testcase classname="ptolemy.util.test.junit.AutoTests" name="[91] /home/travis/build/icyphy/ptII/ptolemy/domains/de/test/auto/triggerType.xml (RunModel)" time="0.008" />
  <system-out><![CDATA[/home/travis/build/icyphy/ptII/ptolemy/domains/de/test/DependencyLoop.tcl
testDefs.tcl: setting time out to 9000 seconds at Mon Feb 18 03:34:37 UTC 2019
14 ms. Memory: 116224K Free: 97479K (84%)
23 ms. Memory: 146944K Free: 140874K (96%)
/home/travis/build/icyphy/ptII/ptolemy/domains/de/test/RunDETestsAsQSS.tcl
Run the DE tests using ptolemy.domains.qss.test.QSSDirectorTest, which extends QSSDirector and prints a message in the constructors.
------------------ testing $PTII/ptolemy/domains/de/test/auto/knownFailedTests/dependencyLoop.xml (Known Failure) 
6 ms. Memory: 146944K Free: 136621K (93%)


==== $PTIIhome/travis/build/icyphy/ptII/ptolemy/domains/de/test/../../../../: Auto Automatic test in file $PTII/ptolemy/domains/de/test/auto/knownFailedTests/dependencyLoop.xml
==== Contents of test case:

	    # FIXME: we should use $relativeFilename here, but it
	    # might have backslashes under Windows, which causes no end
	    # of trouble.
	    createAndExecute $file
	    list {}
	
.... Test generated KNOWN error:
    while executing
ptolemy.kernel.util.IllegalActionException: Found a zero delay loop containing .dependencyLoop.original
  in .dependencyLoop and .dependencyLoop.original
	at ptolemy.actor.util.CausalityInterfaceForComposites._computeOutputPortDepth(CausalityInterfaceForComposites.java:759)
	at ptolemy.actor.util.CausalityInterfaceForComposites._computeInputDepth(CausalityInterfaceForComposites.java:696)
	at ptolemy.actor.util.CausalityInterfaceForComposites._computeOutputPortDepth(CausalityInterfaceForComposites.java:765)
	at ptolemy.actor.util.CausalityInterfaceForComposites._computeInputDepth(CausalityInterfaceForComposites.java:696)
	at ptolemy.actor.util.CausalityInterfaceForComposites._computeOutputPortDepth(CausalityInterfaceForComposites.java:765)
	at ptolemy.actor.util.CausalityInterfaceForComposites._computeInputDepth(CausalityInterfaceForComposites.java:696)
	at ptolemy.actor.util.CausalityInterfaceForComposites._computeActorDepth(CausalityInterfaceForComposites.java:532)
	at ptolemy.actor.util.CausalityInterfaceForComposites.checkForCycles(CausalityInterfaceForComposites.java:96)
	at ptolemy.domains.de.kernel.DEDirector.preinitialize(DEDirector.java:1338)
	at ptolemy.actor.CompositeActor.preinitialize(CompositeActor.java:1828)
	at ptolemy.actor.Manager.preinitializeAndResolveTypes(Manager.java:1040)
	at ptolemy.actor.Manager.initialize(Manager.java:710)
	at ptolemy.actor.Manager.execute(Manager.java:356)
	at ptolemy.actor.Manager.run(Manager.java:1263)
	at ptolemy.actor.Manager$PtolemyRunThread.run(Manager.java:1915)

    while executing
ptolemy.kernel.util.IllegalActionException: Found a zero delay loop containing .dependencyLoop.original
  in .dependencyLoop and .dependencyLoop.original
    while executing
"java::new ptolemy.moml.MoMLSimpleApplication $file
"
    (procedure "createAndExecute" line 2)
    invoked from within
"createAndExecute $file"
    ("uplevel" body line 5)
    invoked from within
"uplevel $contents_of_test"
------------------ testing $PTII/ptolemy/domains/de/test/auto/knownFailedTests/DESDFClockTest.xml (Known Failure) 
2058 ms. Memory: 146944K Free: 120976K (82%)


==== $PTIIhome/travis/build/icyphy/ptII/ptolemy/domains/de/test/../../../../: Auto Automatic test in file $PTII/ptolemy/domains/de/test/auto/knownFailedTests/DESDFClockTest.xml
==== Contents of test case:

	    # FIXME: we should use $relativeFilename here, but it
	    # might have backslashes under Windows, which causes no end
	    # of trouble.
	    createAndExecute $file
	    list {}
	
.... Test generated KNOWN error:
    while executing
ptolemy.kernel.util.IllegalActionException: Actor is not ready to fire.  Perhaps UpSample.prefire() returned false? Try debugging the actor by selecting "Listen to Actor".  Also, for SDF check moml for tokenConsumptionRate on input.
  in .DESDFClockTest.Play Bell.Copy1:SDF Director and .DESDFClockTest.Play Bell.UpSample
	at ptolemy.actor.sched.StaticSchedulingDirector.fire(StaticSchedulingDirector.java:227)
	at ptolemy.domains.sdf.kernel.SDFDirector.fire(SDFDirector.java:500)
	at ptolemy.actor.CompositeActor.fire(CompositeActor.java:455)
	at ptolemy.domains.de.kernel.DEDirector._fire(DEDirector.java:1949)
	at ptolemy.domains.de.kernel.DEDirector.fire(DEDirector.java:502)
	at ptolemy.actor.CompositeActor.fire(CompositeActor.java:455)
	at ptolemy.actor.Manager.iterate(Manager.java:851)
	at ptolemy.actor.Manager.execute(Manager.java:369)
	at ptolemy.actor.Manager.run(Manager.java:1263)
	at ptolemy.actor.Manager$PtolemyRunThread.run(Manager.java:1915)

    while executing
ptolemy.kernel.util.IllegalActionException: Actor is not ready to fire.  Perhaps UpSample.prefire() returned false? Try debugging the actor by selecting "Listen to Actor".  Also, for SDF check moml for tokenConsumptionRate on input.
  in .DESDFClockTest.Play Bell.Copy1:SDF Director and .DESDFClockTest.Play Bell.UpSample
    while executing
"java::new ptolemy.moml.MoMLSimpleApplication $file
"
    (procedure "createAndExecute" line 2)
    invoked from within
"createAndExecute $file"
    ("uplevel" body line 5)
    invoked from within
"uplevel $contents_of_test"
------------------ testing $PTII/ptolemy/domains/de/test/auto/knownFailedTests/FSMSource.xml (Known Failure) 
24 ms. Memory: 146944K Free: 111586K (76%)
!!!! Auto was marked as failing, but now passes
------------------ testing $PTII/ptolemy/domains/de/test/auto/knownFailedTests/dependencyLoop2.xml (Known Failure) 
9 ms. Memory: 146944K Free: 109695K (75%)


==== $PTIIhome/travis/build/icyphy/ptII/ptolemy/domains/de/test/../../../../: Auto Automatic test in file $PTII/ptolemy/domains/de/test/auto/knownFailedTests/dependencyLoop2.xml
==== Contents of test case:

	    # FIXME: we should use $relativeFilename here, but it
	    # might have backslashes under Windows, which causes no end
	    # of trouble.
	    createAndExecute $file
	    list {}
	
.... Test generated KNOWN error:
    while executing
ptolemy.kernel.util.IllegalActionException: Found a zero delay loop containing .dependencyLoop2.original
  in .dependencyLoop2 and .dependencyLoop2.original
	at ptolemy.actor.util.CausalityInterfaceForComposites._computeOutputPortDepth(CausalityInterfaceForComposites.java:759)
	at ptolemy.actor.util.CausalityInterfaceForComposites._computeInputDepth(CausalityInterfaceForComposites.java:696)
	at ptolemy.actor.util.CausalityInterfaceForComposites._computeOutputPortDepth(CausalityInterfaceForComposites.java:765)
	at ptolemy.actor.util.CausalityInterfaceForComposites._computeInputDepth(CausalityInterfaceForComposites.java:696)
	at ptolemy.actor.util.CausalityInterfaceForComposites._computeOutputPortDepth(CausalityInterfaceForComposites.java:765)
	at ptolemy.actor.util.CausalityInterfaceForComposites._computeInputDepth(CausalityInterfaceForComposites.java:696)
	at ptolemy.actor.util.CausalityInterfaceForComposites._computeActorDepth(CausalityInterfaceForComposites.java:532)
	at ptolemy.actor.util.CausalityInterfaceForComposites.checkForCycles(CausalityInterfaceForComposites.java:96)
	at ptolemy.domains.de.kernel.DEDirector.preinitialize(DEDirector.java:1338)
	at ptolemy.actor.CompositeActor.preinitialize(CompositeActor.java:1828)
	at ptolemy.actor.Manager.preinitializeAndResolveTypes(Manager.java:1040)
	at ptolemy.actor.Manager.initialize(Manager.java:710)
	at ptolemy.actor.Manager.execute(Manager.java:356)
	at ptolemy.actor.Manager.run(Manager.java:1263)
	at ptolemy.actor.Manager$PtolemyRunThread.run(Manager.java:1915)

    while executing
ptolemy.kernel.util.IllegalActionException: Found a zero delay loop containing .dependencyLoop2.original
  in .dependencyLoop2 and .dependencyLoop2.original
    while executing
"java::new ptolemy.moml.MoMLSimpleApplication $file
"
    (procedure "createAndExecute" line 2)
    invoked from within
"createAndExecute $file"
    ("uplevel" body line 5)
    invoked from within
"uplevel $contents_of_test"
------------------ testing $PTII/ptolemy/domains/de/test/auto/knownFailedTests/HierarchicalModel.xml (Known Failure) 
5 ms. Memory: 146944K Free: 89489K (61%)


==== $PTIIhome/travis/build/icyphy/ptII/ptolemy/domains/de/test/../../../../: Auto Automatic test in file $PTII/ptolemy/domains/de/test/auto/knownFailedTests/HierarchicalModel.xml
==== Contents of test case:

	    # FIXME: we should use $relativeFilename here, but it
	    # might have backslashes under Windows, which causes no end
	    # of trouble.
	    createAndExecute $file
	    list {}
	
.... Test generated KNOWN error:
    while executing
ptolemy.kernel.util.IllegalActionException: Found a zero delay loop containing .HierarchicalModel.A
  in .HierarchicalModel and .HierarchicalModel.A
	at ptolemy.actor.util.CausalityInterfaceForComposites._computeOutputPortDepth(CausalityInterfaceForComposites.java:759)
	at ptolemy.actor.util.CausalityInterfaceForComposites._computeInputDepth(CausalityInterfaceForComposites.java:696)
	at ptolemy.actor.util.CausalityInterfaceForComposites._computeOutputPortDepth(CausalityInterfaceForComposites.java:765)
	at ptolemy.actor.util.CausalityInterfaceForComposites._computeInputDepth(CausalityInterfaceForComposites.java:696)
	at ptolemy.actor.util.CausalityInterfaceForComposites._computeOutputPortDepth(CausalityInterfaceForComposites.java:765)
	at ptolemy.actor.util.CausalityInterfaceForComposites._computeInputDepth(CausalityInterfaceForComposites.java:696)
	at ptolemy.actor.util.CausalityInterfaceForComposites._computeActorDepth(CausalityInterfaceForComposites.java:532)
	at ptolemy.actor.util.CausalityInterfaceForComposites.checkForCycles(CausalityInterfaceForComposites.java:96)
	at ptolemy.domains.de.kernel.DEDirector.preinitialize(DEDirector.java:1338)
	at ptolemy.actor.CompositeActor.preinitialize(CompositeActor.java:1828)
	at ptolemy.actor.Manager.preinitializeAndResolveTypes(Manager.java:1040)
	at ptolemy.actor.Manager.initialize(Manager.java:710)
	at ptolemy.actor.Manager.execute(Manager.java:356)
	at ptolemy.actor.Manager.run(Manager.java:1263)
	at ptolemy.actor.Manager$PtolemyRunThread.run(Manager.java:1915)

    while executing
ptolemy.kernel.util.IllegalActionException: Found a zero delay loop containing .HierarchicalModel.A
  in .HierarchicalModel and .HierarchicalModel.A
    while executing
"java::new ptolemy.moml.MoMLSimpleApplication $file
"
    (procedure "createAndExecute" line 2)
    invoked from within
"createAndExecute $file"
    ("uplevel" body line 5)
    invoked from within
"uplevel $contents_of_test"
------------------ testing $PTII/ptolemy/domains/de/test/auto/knownFailedTests/DirectFeedback.xml (Known Failure) 
9 ms. Memory: 146944K Free: 85332K (58%)


==== $PTIIhome/travis/build/icyphy/ptII/ptolemy/domains/de/test/../../../../: Auto Automatic test in file $PTII/ptolemy/domains/de/test/auto/knownFailedTests/DirectFeedback.xml
==== Contents of test case:

	    # FIXME: we should use $relativeFilename here, but it
	    # might have backslashes under Windows, which causes no end
	    # of trouble.
	    createAndExecute $file
	    list {}
	
.... Test generated KNOWN error:
    while executing
ptolemy.kernel.util.IllegalActionException: Test fails in iteration 1.
Value was: 1.0. Should have been: 2.0
  in .DirectFeedback.Test
	at ptolemy.actor.lib.Test.fire(Test.java:268)
	at ptolemy.domains.de.kernel.DEDirector._fire(DEDirector.java:1949)
	at ptolemy.domains.de.kernel.DEDirector.fire(DEDirector.java:502)
	at ptolemy.actor.CompositeActor.fire(CompositeActor.java:455)
	at ptolemy.actor.Manager.iterate(Manager.java:851)
	at ptolemy.actor.Manager.execute(Manager.java:369)
	at ptolemy.actor.Manager.run(Manager.java:1263)
	at ptolemy.actor.Manager$PtolemyRunThread.run(Manager.java:1915)

    while executing
ptolemy.kernel.util.IllegalActionException: Test fails in iteration 1.
Value was: 1.0. Should have been: 2.0
  in .DirectFeedback.Test
    while executing
"java::new ptolemy.moml.MoMLSimpleApplication $file
"
    (procedure "createAndExecute" line 2)
    invoked from within
"createAndExecute $file"
    ("uplevel" body line 5)
    invoked from within
"uplevel $contents_of_test"
------------------ testing $PTII/ptolemy/domains/de/test/auto/ActorDepthCalculation_actorWithoutPorts.xml
auto.tcl: Setting watchdog for 200 seconds at Mon Feb 18 03:34:41 UTC 2019
5 ms. Memory: 146944K Free: 138627K (94%)
ptolemy.util.test.WatchDog.cancel(): canceling Mon Feb 18 03:34:41 UTC 2019
auto.tcl: Setting watchdog for 200 seconds at Mon Feb 18 03:34:41 UTC 2019
4 ms. Memory: 146944K Free: 136603K (93%)
ptolemy.util.test.WatchDog.cancel(): canceling Mon Feb 18 03:34:41 UTC 2019
------------------ testing $PTII/ptolemy/domains/de/test/auto/AssemblyLine.xml
auto.tcl: Setting watchdog for 200 seconds at Mon Feb 18 03:34:41 UTC 2019
56 ms. Memory: 208384K Free: 183456K (88%)
ptolemy.util.test.WatchDog.cancel(): canceling Mon Feb 18 03:34:41 UTC 2019
auto.tcl: Setting watchdog for 200 seconds at Mon Feb 18 03:34:41 UTC 2019
7 ms. Memory: 208384K Free: 183456K (88%)
ptolemy.util.test.WatchDog.cancel(): canceling Mon Feb 18 03:34:41 UTC 2019
------------------ testing $PTII/ptolemy/domains/de/test/auto/CQBug1.xml
auto.tcl: Setting watchdog for 200 seconds at Mon Feb 18 03:34:41 UTC 2019
3 ms. Memory: 208384K Free: 197921K (95%)
ptolemy.util.test.WatchDog.cancel(): canceling Mon Feb 18 03:34:41 UTC 2019
auto.tcl: Setting watchdog for 200 seconds at Mon Feb 18 03:34:41 UTC 2019
2 ms. Memory: 208384K Free: 197921K (95%)
ptolemy.util.test.WatchDog.cancel(): canceling Mon Feb 18 03:34:41 UTC 2019
------------------ testing $PTII/ptolemy/domains/de/test/auto/CancelFireAt.xml
auto.tcl: Setting watchdog for 200 seconds at Mon Feb 18 03:34:42 UTC 2019
4 ms. Memory: 208384K Free: 201582K (97%)
ptolemy.util.test.WatchDog.cancel(): canceling Mon Feb 18 03:34:42 UTC 2019
auto.tcl: Setting watchdog for 200 seconds at Mon Feb 18 03:34:42 UTC 2019
3 ms. Memory: 208384K Free: 199550K (96%)
ptolemy.util.test.WatchDog.cancel(): canceling Mon Feb 18 03:34:42 UTC 2019
------------------ testing $PTII/ptolemy/domains/de/test/auto/CausalityAndComposabilityAnalysis.xml
auto.tcl: Setting watchdog for 200 seconds at Mon Feb 18 03:34:42 UTC 2019
16 ms. Memory: 208384K Free: 198636K (95%)
ptolemy.util.test.WatchDog.cancel(): canceling Mon Feb 18 03:34:42 UTC 2019
auto.tcl: Setting watchdog for 200 seconds at Mon Feb 18 03:34:42 UTC 2019
5 ms. Memory: 208384K Free: 196604K (94%)
ptolemy.util.test.WatchDog.cancel(): canceling Mon Feb 18 03:34:42 UTC 2019
------------------ testing $PTII/ptolemy/domains/de/test/auto/CausalityInterface1.xml
auto.tcl: Setting watchdog for 200 seconds at Mon Feb 18 03:34:42 UTC 2019
21 ms. Memory: 208384K Free: 196534K (94%)
ptolemy.util.test.WatchDog.cancel(): canceling Mon Feb 18 03:34:42 UTC 2019
auto.tcl: Setting watchdog for 200 seconds at Mon Feb 18 03:34:42 UTC 2019
3 ms. Memory: 208384K Free: 196534K (94%)
ptolemy.util.test.WatchDog.cancel(): canceling Mon Feb 18 03:34:42 UTC 2019
------------------ testing $PTII/ptolemy/domains/de/test/auto/CausalityInterface15.xml
auto.tcl: Setting watchdog for 200 seconds at Mon Feb 18 03:34:42 UTC 2019
9 ms. Memory: 208384K Free: 197012K (95%)
ptolemy.util.test.WatchDog.cancel(): canceling Mon Feb 18 03:34:42 UTC 2019
auto.tcl: Setting watchdog for 200 seconds at Mon Feb 18 03:34:42 UTC 2019
4 ms. Memory: 208384K Free: 196493K (94%)
ptolemy.util.test.WatchDog.cancel(): canceling Mon Feb 18 03:34:42 UTC 2019
------------------ testing $PTII/ptolemy/domains/de/test/auto/CausalityInterface2.xml
auto.tcl: Setting watchdog for 200 seconds at Mon Feb 18 03:34:42 UTC 2019
7 ms. Memory: 208384K Free: 196509K (94%)
ptolemy.util.test.WatchDog.cancel(): canceling Mon Feb 18 03:34:42 UTC 2019
auto.tcl: Setting watchdog for 200 seconds at Mon Feb 18 03:34:42 UTC 2019
2 ms. Memory: 208384K Free: 196509K (94%)
ptolemy.util.test.WatchDog.cancel(): canceling Mon Feb 18 03:34:42 UTC 2019
------------------ testing $PTII/ptolemy/domains/de/test/auto/CausalityInterface3.xml
auto.tcl: Setting watchdog for 200 seconds at Mon Feb 18 03:34:42 UTC 2019
6 ms. Memory: 208384K Free: 196521K (94%)
ptolemy.util.test.WatchDog.cancel(): canceling Mon Feb 18 03:34:42 UTC 2019
auto.tcl: Setting watchdog for 200 seconds at Mon Feb 18 03:34:42 UTC 2019
7 ms. Memory: 208384K Free: 196521K (94%)
ptolemy.util.test.WatchDog.cancel(): canceling Mon Feb 18 03:34:42 UTC 2019
------------------ testing $PTII/ptolemy/domains/de/test/auto/ClockDrift.xml
auto.tcl: Setting watchdog for 200 seconds at Mon Feb 18 03:34:42 UTC 2019
99 ms. Memory: 208384K Free: 187948K (90%)
ptolemy.util.test.WatchDog.cancel(): canceling Mon Feb 18 03:34:42 UTC 2019
auto.tcl: Setting watchdog for 200 seconds at Mon Feb 18 03:34:42 UTC 2019
43 ms. Memory: 208384K Free: 185908K (89%)
ptolemy.util.test.WatchDog.cancel(): canceling Mon Feb 18 03:34:42 UTC 2019
------------------ testing $PTII/ptolemy/domains/de/test/auto/ClockDriftAndValueChange.xml
auto.tcl: Setting watchdog for 200 seconds at Mon Feb 18 03:34:42 UTC 2019
50 ms. Memory: 208384K Free: 187778K (90%)
ptolemy.util.test.WatchDog.cancel(): canceling Mon Feb 18 03:34:42 UTC 2019
auto.tcl: Setting watchdog for 200 seconds at Mon Feb 18 03:34:42 UTC 2019
30 ms. Memory: 208384K Free: 185738K (89%)
ptolemy.util.test.WatchDog.cancel(): canceling Mon Feb 18 03:34:43 UTC 2019
------------------ testing $PTII/ptolemy/domains/de/test/auto/ClockDriftChange.xml
auto.tcl: Setting watchdog for 200 seconds at Mon Feb 18 03:34:43 UTC 2019
36 ms. Memory: 208384K Free: 191030K (92%)
ptolemy.util.test.WatchDog.cancel(): canceling Mon Feb 18 03:34:43 UTC 2019
auto.tcl: Setting watchdog for 200 seconds at Mon Feb 18 03:34:43 UTC 2019
29 ms. Memory: 208384K Free: 189006K (91%)
ptolemy.util.test.WatchDog.cancel(): canceling Mon Feb 18 03:34:43 UTC 2019
------------------ testing $PTII/ptolemy/domains/de/test/auto/ComposableCausalityAnalysis.xml
auto.tcl: Setting watchdog for 200 seconds at Mon Feb 18 03:34:43 UTC 2019
3 ms. Memory: 208384K Free: 196376K (94%)
ptolemy.util.test.WatchDog.cancel(): canceling Mon Feb 18 03:34:43 UTC 2019
auto.tcl: Setting watchdog for 200 seconds at Mon Feb 18 03:34:43 UTC 2019
2 ms. Memory: 208384K Free: 194336K (93%)
ptolemy.util.test.WatchDog.cancel(): canceling Mon Feb 18 03:34:43 UTC 2019
------------------ testing $PTII/ptolemy/domains/de/test/auto/DEFixedPointLimitation.xml
auto.tcl: Setting watchdog for 200 seconds at Mon Feb 18 03:34:43 UTC 2019
4 ms. Memory: 208384K Free: 196457K (94%)
ptolemy.util.test.WatchDog.cancel(): canceling Mon Feb 18 03:34:43 UTC 2019
auto.tcl: Setting watchdog for 200 seconds at Mon Feb 18 03:34:43 UTC 2019
2 ms. Memory: 208384K Free: 196457K (94%)
ptolemy.util.test.WatchDog.cancel(): canceling Mon Feb 18 03:34:43 UTC 2019
------------------ testing $PTII/ptolemy/domains/de/test/auto/DEScheduleTest.xml
auto.tcl: Setting watchdog for 200 seconds at Mon Feb 18 03:34:43 UTC 2019
4 ms. Memory: 208384K Free: 198516K (95%)
ptolemy.util.test.WatchDog.cancel(): canceling Mon Feb 18 03:34:43 UTC 2019
auto.tcl: Setting watchdog for 200 seconds at Mon Feb 18 03:34:43 UTC 2019
6 ms. Memory: 208384K Free: 196492K (94%)
ptolemy.util.test.WatchDog.cancel(): canceling Mon Feb 18 03:34:43 UTC 2019
------------------ testing $PTII/ptolemy/domains/de/test/auto/DEinDEwithStartTimes.xml
auto.tcl: Setting watchdog for 200 seconds at Mon Feb 18 03:34:43 UTC 2019
4 ms. Memory: 208384K Free: 196965K (95%)
ptolemy.util.test.WatchDog.cancel(): canceling Mon Feb 18 03:34:43 UTC 2019
auto.tcl: Setting watchdog for 200 seconds at Mon Feb 18 03:34:43 UTC 2019
3 ms. Memory: 208384K Free: 194941K (94%)
ptolemy.util.test.WatchDog.cancel(): canceling Mon Feb 18 03:34:43 UTC 2019
------------------ testing $PTII/ptolemy/domains/de/test/auto/DEinDEwithStartTimes2.xml
auto.tcl: Setting watchdog for 200 seconds at Mon Feb 18 03:34:43 UTC 2019
4 ms. Memory: 208384K Free: 196945K (95%)
ptolemy.util.test.WatchDog.cancel(): canceling Mon Feb 18 03:34:43 UTC 2019
auto.tcl: Setting watchdog for 200 seconds at Mon Feb 18 03:34:43 UTC 2019
4 ms. Memory: 208384K Free: 194402K (93%)
ptolemy.util.test.WatchDog.cancel(): canceling Mon Feb 18 03:34:43 UTC 2019
------------------ testing $PTII/ptolemy/domains/de/test/auto/DateDemo.xml
auto.tcl: Setting watchdog for 200 seconds at Mon Feb 18 03:34:43 UTC 2019
17 ms. Memory: 208384K Free: 189091K (91%)
ptolemy.util.test.WatchDog.cancel(): canceling Mon Feb 18 03:34:43 UTC 2019
auto.tcl: Setting watchdog for 200 seconds at Mon Feb 18 03:34:43 UTC 2019
8 ms. Memory: 208384K Free: 187059K (90%)
ptolemy.util.test.WatchDog.cancel(): canceling Mon Feb 18 03:34:43 UTC 2019
------------------ testing $PTII/ptolemy/domains/de/test/auto/DateToEvent.xml
auto.tcl: Setting watchdog for 200 seconds at Mon Feb 18 03:34:43 UTC 2019
2021 ms. Memory: 208384K Free: 183879K (88%)
ptolemy.util.test.WatchDog.cancel(): canceling Mon Feb 18 03:34:45 UTC 2019
auto.tcl: Setting watchdog for 200 seconds at Mon Feb 18 03:34:45 UTC 2019
2006 ms. Memory: 208384K Free: 181422K (87%)
ptolemy.util.test.WatchDog.cancel(): canceling Mon Feb 18 03:34:47 UTC 2019
------------------ testing $PTII/ptolemy/domains/de/test/auto/DepthTest1.xml
auto.tcl: Setting watchdog for 200 seconds at Mon Feb 18 03:34:47 UTC 2019
3 ms. Memory: 208384K Free: 197902K (95%)
ptolemy.util.test.WatchDog.cancel(): canceling Mon Feb 18 03:34:48 UTC 2019
auto.tcl: Setting watchdog for 200 seconds at Mon Feb 18 03:34:48 UTC 2019
4 ms. Memory: 208384K Free: 197902K (95%)
ptolemy.util.test.WatchDog.cancel(): canceling Mon Feb 18 03:34:48 UTC 2019
------------------ testing $PTII/ptolemy/domains/de/test/auto/DepthTest2.xml
auto.tcl: Setting watchdog for 200 seconds at Mon Feb 18 03:34:48 UTC 2019
6 ms. Memory: 208384K Free: 194247K (93%)
ptolemy.util.test.WatchDog.cancel(): canceling Mon Feb 18 03:34:48 UTC 2019
auto.tcl: Setting watchdog for 200 seconds at Mon Feb 18 03:34:48 UTC 2019
2 ms. Memory: 208384K Free: 194247K (93%)
ptolemy.util.test.WatchDog.cancel(): canceling Mon Feb 18 03:34:48 UTC 2019
------------------ testing $PTII/ptolemy/domains/de/test/auto/DepthTest3.xml
auto.tcl: Setting watchdog for 200 seconds at Mon Feb 18 03:34:48 UTC 2019
6 ms. Memory: 208384K Free: 198756K (95%)
ptolemy.util.test.WatchDog.cancel(): canceling Mon Feb 18 03:34:48 UTC 2019
auto.tcl: Setting watchdog for 200 seconds at Mon Feb 18 03:34:48 UTC 2019
2 ms. Memory: 208384K Free: 198756K (95%)
ptolemy.util.test.WatchDog.cancel(): canceling Mon Feb 18 03:34:48 UTC 2019
------------------ testing $PTII/ptolemy/domains/de/test/auto/DepthTest4.xml
auto.tcl: Setting watchdog for 200 seconds at Mon Feb 18 03:34:48 UTC 2019
10 ms. Memory: 208384K Free: 196292K (94%)
ptolemy.util.test.WatchDog.cancel(): canceling Mon Feb 18 03:34:48 UTC 2019
auto.tcl: Setting watchdog for 200 seconds at Mon Feb 18 03:34:48 UTC 2019
2 ms. Memory: 208384K Free: 196292K (94%)
ptolemy.util.test.WatchDog.cancel(): canceling Mon Feb 18 03:34:48 UTC 2019
------------------ testing $PTII/ptolemy/domains/de/test/auto/DepthTest5.xml
auto.tcl: Setting watchdog for 200 seconds at Mon Feb 18 03:34:48 UTC 2019
5 ms. Memory: 208384K Free: 196767K (94%)
ptolemy.util.test.WatchDog.cancel(): canceling Mon Feb 18 03:34:48 UTC 2019
auto.tcl: Setting watchdog for 200 seconds at Mon Feb 18 03:34:48 UTC 2019
3 ms. Memory: 208384K Free: 196767K (94%)
ptolemy.util.test.WatchDog.cancel(): canceling Mon Feb 18 03:34:48 UTC 2019
------------------ testing $PTII/ptolemy/domains/de/test/auto/DepthTest6.xml
auto.tcl: Setting watchdog for 200 seconds at Mon Feb 18 03:34:48 UTC 2019
6 ms. Memory: 208384K Free: 196758K (94%)
ptolemy.util.test.WatchDog.cancel(): canceling Mon Feb 18 03:34:48 UTC 2019
auto.tcl: Setting watchdog for 200 seconds at Mon Feb 18 03:34:48 UTC 2019
2 ms. Memory: 208384K Free: 196758K (94%)
ptolemy.util.test.WatchDog.cancel(): canceling Mon Feb 18 03:34:48 UTC 2019
------------------ testing $PTII/ptolemy/domains/de/test/auto/DepthTest7.xml
auto.tcl: Setting watchdog for 200 seconds at Mon Feb 18 03:34:48 UTC 2019
3 ms. Memory: 208384K Free: 196204K (94%)
ptolemy.util.test.WatchDog.cancel(): canceling Mon Feb 18 03:34:48 UTC 2019
auto.tcl: Setting watchdog for 200 seconds at Mon Feb 18 03:34:48 UTC 2019
2 ms. Memory: 208384K Free: 196204K (94%)
ptolemy.util.test.WatchDog.cancel(): canceling Mon Feb 18 03:34:48 UTC 2019
------------------ testing $PTII/ptolemy/domains/de/test/auto/EventToDate.xml
auto.tcl: Setting watchdog for 200 seconds at Mon Feb 18 03:34:48 UTC 2019
3006 ms. Memory: 208384K Free: 186074K (89%)
ptolemy.util.test.WatchDog.cancel(): canceling Mon Feb 18 03:34:51 UTC 2019
auto.tcl: Setting watchdog for 200 seconds at Mon Feb 18 03:34:51 UTC 2019
3003 ms. Memory: 208384K Free: 186074K (89%)
ptolemy.util.test.WatchDog.cancel(): canceling Mon Feb 18 03:34:54 UTC 2019
------------------ testing $PTII/ptolemy/domains/de/test/auto/FSM1.xml
auto.tcl: Setting watchdog for 200 seconds at Mon Feb 18 03:34:54 UTC 2019
17 ms. Memory: 208384K Free: 189385K (91%)
ptolemy.util.test.WatchDog.cancel(): canceling Mon Feb 18 03:34:54 UTC 2019
auto.tcl: Setting watchdog for 200 seconds at Mon Feb 18 03:34:54 UTC 2019
17 ms. Memory: 208384K Free: 185321K (89%)
ptolemy.util.test.WatchDog.cancel(): canceling Mon Feb 18 03:34:54 UTC 2019
------------------ testing $PTII/ptolemy/domains/de/test/auto/FSM7.xml
auto.tcl: Setting watchdog for 200 seconds at Mon Feb 18 03:34:54 UTC 2019
25 ms. Memory: 208384K Free: 187556K (90%)
ptolemy.util.test.WatchDog.cancel(): canceling Mon Feb 18 03:34:54 UTC 2019
auto.tcl: Setting watchdog for 200 seconds at Mon Feb 18 03:34:54 UTC 2019
16 ms. Memory: 208384K Free: 185516K (89%)
ptolemy.util.test.WatchDog.cancel(): canceling Mon Feb 18 03:34:54 UTC 2019
------------------ testing $PTII/ptolemy/domains/de/test/auto/Inspection.xml
auto.tcl: Setting watchdog for 200 seconds at Mon Feb 18 03:34:54 UTC 2019
25 ms. Memory: 208384K Free: 189297K (91%)
ptolemy.util.test.WatchDog.cancel(): canceling Mon Feb 18 03:34:54 UTC 2019
auto.tcl: Setting watchdog for 200 seconds at Mon Feb 18 03:34:54 UTC 2019
32 ms. Memory: 208384K Free: 187273K (90%)
ptolemy.util.test.WatchDog.cancel(): canceling Mon Feb 18 03:34:54 UTC 2019
------------------ testing $PTII/ptolemy/domains/de/test/auto/Iteration.xml
auto.tcl: Setting watchdog for 200 seconds at Mon Feb 18 03:34:54 UTC 2019
14 ms. Memory: 208384K Free: 196012K (94%)
ptolemy.util.test.WatchDog.cancel(): canceling Mon Feb 18 03:34:55 UTC 2019
auto.tcl: Setting watchdog for 200 seconds at Mon Feb 18 03:34:55 UTC 2019
6 ms. Memory: 208384K Free: 193979K (93%)
ptolemy.util.test.WatchDog.cancel(): canceling Mon Feb 18 03:34:55 UTC 2019
------------------ testing $PTII/ptolemy/domains/de/test/auto/LineFault.xml
auto.tcl: Setting watchdog for 200 seconds at Mon Feb 18 03:34:55 UTC 2019
684 ms. Memory: 208384K Free: 200921K (96%)
ptolemy.util.test.WatchDog.cancel(): canceling Mon Feb 18 03:34:55 UTC 2019
auto.tcl: Setting watchdog for 200 seconds at Mon Feb 18 03:34:55 UTC 2019
614 ms. Memory: 208384K Free: 143919K (69%)
ptolemy.util.test.WatchDog.cancel(): canceling Mon Feb 18 03:34:56 UTC 2019
------------------ testing $PTII/ptolemy/domains/de/test/auto/MergeModel1Add.xml
auto.tcl: Setting watchdog for 200 seconds at Mon Feb 18 03:34:56 UTC 2019
28 ms. Memory: 331264K Free: 300833K (91%)
ptolemy.util.test.WatchDog.cancel(): canceling Mon Feb 18 03:34:56 UTC 2019
auto.tcl: Setting watchdog for 200 seconds at Mon Feb 18 03:34:56 UTC 2019
10 ms. Memory: 331264K Free: 300833K (91%)
ptolemy.util.test.WatchDog.cancel(): canceling Mon Feb 18 03:34:56 UTC 2019
------------------ testing $PTII/ptolemy/domains/de/test/auto/MergeModel2Add.xml
auto.tcl: Setting watchdog for 200 seconds at Mon Feb 18 03:34:56 UTC 2019
13 ms. Memory: 331264K Free: 305726K (92%)
ptolemy.util.test.WatchDog.cancel(): canceling Mon Feb 18 03:34:56 UTC 2019
auto.tcl: Setting watchdog for 200 seconds at Mon Feb 18 03:34:56 UTC 2019
9 ms. Memory: 331264K Free: 302171K (91%)
ptolemy.util.test.WatchDog.cancel(): canceling Mon Feb 18 03:34:56 UTC 2019
------------------ testing $PTII/ptolemy/domains/de/test/auto/MergeModel3Add.xml
auto.tcl: Setting watchdog for 200 seconds at Mon Feb 18 03:34:56 UTC 2019
10 ms. Memory: 331264K Free: 305664K (92%)
ptolemy.util.test.WatchDog.cancel(): canceling Mon Feb 18 03:34:57 UTC 2019
auto.tcl: Setting watchdog for 200 seconds at Mon Feb 18 03:34:57 UTC 2019
9 ms. Memory: 331264K Free: 302117K (91%)
ptolemy.util.test.WatchDog.cancel(): canceling Mon Feb 18 03:34:57 UTC 2019
------------------ testing $PTII/ptolemy/domains/de/test/auto/MergeWithoutDiscard.xml
auto.tcl: Setting watchdog for 200 seconds at Mon Feb 18 03:34:57 UTC 2019
4 ms. Memory: 331264K Free: 316342K (95%)
ptolemy.util.test.WatchDog.cancel(): canceling Mon Feb 18 03:34:57 UTC 2019
auto.tcl: Setting watchdog for 200 seconds at Mon Feb 18 03:34:57 UTC 2019
1 ms. Memory: 331264K Free: 316342K (95%)
ptolemy.util.test.WatchDog.cancel(): canceling Mon Feb 18 03:34:57 UTC 2019
------------------ testing $PTII/ptolemy/domains/de/test/auto/Modal1.xml
auto.tcl: Setting watchdog for 200 seconds at Mon Feb 18 03:34:57 UTC 2019
11 ms. Memory: 331264K Free: 310644K (94%)
ptolemy.util.test.WatchDog.cancel(): canceling Mon Feb 18 03:34:57 UTC 2019
auto.tcl: Setting watchdog for 200 seconds at Mon Feb 18 03:34:57 UTC 2019
12 ms. Memory: 331264K Free: 307089K (93%)
ptolemy.util.test.WatchDog.cancel(): canceling Mon Feb 18 03:34:57 UTC 2019
------------------ testing $PTII/ptolemy/domains/de/test/auto/Modal2.xml
auto.tcl: Setting watchdog for 200 seconds at Mon Feb 18 03:34:57 UTC 2019
11 ms. Memory: 331264K Free: 310541K (94%)
ptolemy.util.test.WatchDog.cancel(): canceling Mon Feb 18 03:34:57 UTC 2019
auto.tcl: Setting watchdog for 200 seconds at Mon Feb 18 03:34:57 UTC 2019
12 ms. Memory: 331264K Free: 306986K (93%)
ptolemy.util.test.WatchDog.cancel(): canceling Mon Feb 18 03:34:57 UTC 2019
------------------ testing $PTII/ptolemy/domains/de/test/auto/Modal3.xml
auto.tcl: Setting watchdog for 200 seconds at Mon Feb 18 03:34:57 UTC 2019
16 ms. Memory: 331264K Free: 310500K (94%)
ptolemy.util.test.WatchDog.cancel(): canceling Mon Feb 18 03:34:57 UTC 2019
auto.tcl: Setting watchdog for 200 seconds at Mon Feb 18 03:34:57 UTC 2019
17 ms. Memory: 331264K Free: 306945K (93%)
ptolemy.util.test.WatchDog.cancel(): canceling Mon Feb 18 03:34:57 UTC 2019
------------------ testing $PTII/ptolemy/domains/de/test/auto/Modal4.xml
auto.tcl: Setting watchdog for 200 seconds at Mon Feb 18 03:34:57 UTC 2019
24 ms. Memory: 331264K Free: 310521K (94%)
ptolemy.util.test.WatchDog.cancel(): canceling Mon Feb 18 03:34:57 UTC 2019
auto.tcl: Setting watchdog for 200 seconds at Mon Feb 18 03:34:57 UTC 2019
16 ms. Memory: 331264K Free: 306974K (93%)
ptolemy.util.test.WatchDog.cancel(): canceling Mon Feb 18 03:34:57 UTC 2019
------------------ testing $PTII/ptolemy/domains/de/test/auto/Modal5.xml
auto.tcl: Setting watchdog for 200 seconds at Mon Feb 18 03:34:57 UTC 2019
18 ms. Memory: 331264K Free: 310523K (94%)
ptolemy.util.test.WatchDog.cancel(): canceling Mon Feb 18 03:34:57 UTC 2019
auto.tcl: Setting watchdog for 200 seconds at Mon Feb 18 03:34:57 UTC 2019
13 ms. Memory: 331264K Free: 306968K (93%)
ptolemy.util.test.WatchDog.cancel(): canceling Mon Feb 18 03:34:57 UTC 2019
------------------ testing $PTII/ptolemy/domains/de/test/auto/Modal6.xml
auto.tcl: Setting watchdog for 200 seconds at Mon Feb 18 03:34:57 UTC 2019
13 ms. Memory: 331264K Free: 310497K (94%)
ptolemy.util.test.WatchDog.cancel(): canceling Mon Feb 18 03:34:57 UTC 2019
auto.tcl: Setting watchdog for 200 seconds at Mon Feb 18 03:34:57 UTC 2019
16 ms. Memory: 331264K Free: 306941K (93%)
ptolemy.util.test.WatchDog.cancel(): canceling Mon Feb 18 03:34:57 UTC 2019
------------------ testing $PTII/ptolemy/domains/de/test/auto/Modal7.xml
auto.tcl: Setting watchdog for 200 seconds at Mon Feb 18 03:34:57 UTC 2019
14 ms. Memory: 331264K Free: 306965K (93%)
ptolemy.util.test.WatchDog.cancel(): canceling Mon Feb 18 03:34:57 UTC 2019
auto.tcl: Setting watchdog for 200 seconds at Mon Feb 18 03:34:57 UTC 2019
12 ms. Memory: 331264K Free: 303418K (92%)
ptolemy.util.test.WatchDog.cancel(): canceling Mon Feb 18 03:34:57 UTC 2019
------------------ testing $PTII/ptolemy/domains/de/test/auto/ModalModel.xml
auto.tcl: Setting watchdog for 200 seconds at Mon Feb 18 03:34:57 UTC 2019
206 ms. Memory: 331264K Free: 247973K (75%)
ptolemy.util.test.WatchDog.cancel(): canceling Mon Feb 18 03:34:58 UTC 2019
auto.tcl: Setting watchdog for 200 seconds at Mon Feb 18 03:34:58 UTC 2019
192 ms. Memory: 331264K Free: 191228K (58%)
ptolemy.util.test.WatchDog.cancel(): canceling Mon Feb 18 03:34:58 UTC 2019
------------------ testing $PTII/ptolemy/domains/de/test/auto/ModalSource.xml
auto.tcl: Setting watchdog for 200 seconds at Mon Feb 18 03:34:58 UTC 2019
6 ms. Memory: 331264K Free: 316767K (96%)
ptolemy.util.test.WatchDog.cancel(): canceling Mon Feb 18 03:34:58 UTC 2019
auto.tcl: Setting watchdog for 200 seconds at Mon Feb 18 03:34:58 UTC 2019
6 ms. Memory: 331264K Free: 313515K (95%)
ptolemy.util.test.WatchDog.cancel(): canceling Mon Feb 18 03:34:58 UTC 2019
------------------ testing $PTII/ptolemy/domains/de/test/auto/NonInterruptibleTimerZeroDelay.xml
auto.tcl: Setting watchdog for 200 seconds at Mon Feb 18 03:34:58 UTC 2019
4 ms. Memory: 331264K Free: 321103K (97%)
ptolemy.util.test.WatchDog.cancel(): canceling Mon Feb 18 03:34:58 UTC 2019
auto.tcl: Setting watchdog for 200 seconds at Mon Feb 18 03:34:58 UTC 2019
2 ms. Memory: 331264K Free: 317859K (96%)
ptolemy.util.test.WatchDog.cancel(): canceling Mon Feb 18 03:34:58 UTC 2019
------------------ testing $PTII/ptolemy/domains/de/test/auto/OpenQueueingNetwork.xml
auto.tcl: Setting watchdog for 200 seconds at Mon Feb 18 03:34:58 UTC 2019
3201 ms. Memory: 573952K Free: 406187K (71%)
ptolemy.util.test.WatchDog.cancel(): canceling Mon Feb 18 03:35:01 UTC 2019
auto.tcl: Setting watchdog for 200 seconds at Mon Feb 18 03:35:01 UTC 2019
2541 ms. Memory: 550912K Free: 302713K (55%)
ptolemy.util.test.WatchDog.cancel(): canceling Mon Feb 18 03:35:04 UTC 2019
------------------ testing $PTII/ptolemy/domains/de/test/auto/OpenQueuingNetwork.xml
auto.tcl: Setting watchdog for 200 seconds at Mon Feb 18 03:35:04 UTC 2019
271 ms. Memory: 549888K Free: 445451K (81%)
ptolemy.util.test.WatchDog.cancel(): canceling Mon Feb 18 03:35:04 UTC 2019
auto.tcl: Setting watchdog for 200 seconds at Mon Feb 18 03:35:04 UTC 2019
267 ms. Memory: 549888K Free: 386488K (70%)
ptolemy.util.test.WatchDog.cancel(): canceling Mon Feb 18 03:35:05 UTC 2019
------------------ testing $PTII/ptolemy/domains/de/test/auto/PeriodicSampler.xml
auto.tcl: Setting watchdog for 200 seconds at Mon Feb 18 03:35:05 UTC 2019
3 ms. Memory: 551936K Free: 530959K (96%)
ptolemy.util.test.WatchDog.cancel(): canceling Mon Feb 18 03:35:05 UTC 2019
auto.tcl: Setting watchdog for 200 seconds at Mon Feb 18 03:35:05 UTC 2019
2 ms. Memory: 551936K Free: 530959K (96%)
ptolemy.util.test.WatchDog.cancel(): canceling Mon Feb 18 03:35:05 UTC 2019
------------------ testing $PTII/ptolemy/domains/de/test/auto/PersistentIO.xml
auto.tcl: Setting watchdog for 200 seconds at Mon Feb 18 03:35:05 UTC 2019
8 ms. Memory: 549376K Free: 522431K (95%)
ptolemy.util.test.WatchDog.cancel(): canceling Mon Feb 18 03:35:05 UTC 2019
auto.tcl: Setting watchdog for 200 seconds at Mon Feb 18 03:35:05 UTC 2019
4 ms. Memory: 549376K Free: 522431K (95%)
ptolemy.util.test.WatchDog.cancel(): canceling Mon Feb 18 03:35:05 UTC 2019
------------------ testing $PTII/ptolemy/domains/de/test/auto/PortParameterResetOnInitialize.xml
auto.tcl: Setting watchdog for 200 seconds at Mon Feb 18 03:35:05 UTC 2019
2 ms. Memory: 551424K Free: 530908K (96%)
ptolemy.util.test.WatchDog.cancel(): canceling Mon Feb 18 03:35:05 UTC 2019
auto.tcl: Setting watchdog for 200 seconds at Mon Feb 18 03:35:05 UTC 2019
1 ms. Memory: 551424K Free: 530365K (96%)
ptolemy.util.test.WatchDog.cancel(): canceling Mon Feb 18 03:35:05 UTC 2019
------------------ testing $PTII/ptolemy/domains/de/test/auto/PortParameterUpdates.xml
auto.tcl: Setting watchdog for 200 seconds at Mon Feb 18 03:35:05 UTC 2019
3 ms. Memory: 549376K Free: 528451K (96%)
ptolemy.util.test.WatchDog.cancel(): canceling Mon Feb 18 03:35:05 UTC 2019
auto.tcl: Setting watchdog for 200 seconds at Mon Feb 18 03:35:05 UTC 2019
4 ms. Memory: 549376K Free: 528451K (96%)
ptolemy.util.test.WatchDog.cancel(): canceling Mon Feb 18 03:35:05 UTC 2019
------------------ testing $PTII/ptolemy/domains/de/test/auto/QueueAndServer.xml
auto.tcl: Setting watchdog for 200 seconds at Mon Feb 18 03:35:05 UTC 2019
17 ms. Memory: 551424K Free: 535142K (97%)
ptolemy.util.test.WatchDog.cancel(): canceling Mon Feb 18 03:35:05 UTC 2019
auto.tcl: Setting watchdog for 200 seconds at Mon Feb 18 03:35:05 UTC 2019
6 ms. Memory: 551424K Free: 528575K (96%)
ptolemy.util.test.WatchDog.cancel(): canceling Mon Feb 18 03:35:05 UTC 2019
------------------ testing $PTII/ptolemy/domains/de/test/auto/Records.xml
auto.tcl: Setting watchdog for 200 seconds at Mon Feb 18 03:35:05 UTC 2019
10 ms. Memory: 549376K Free: 533036K (97%)
ptolemy.util.test.WatchDog.cancel(): canceling Mon Feb 18 03:35:05 UTC 2019
auto.tcl: Setting watchdog for 200 seconds at Mon Feb 18 03:35:05 UTC 2019
2 ms. Memory: 549376K Free: 533036K (97%)
ptolemy.util.test.WatchDog.cancel(): canceling Mon Feb 18 03:35:05 UTC 2019
------------------ testing $PTII/ptolemy/domains/de/test/auto/ResetTransitionWithStartTime1.xml
auto.tcl: Setting watchdog for 200 seconds at Mon Feb 18 03:35:05 UTC 2019
10 ms. Memory: 551424K Free: 535652K (97%)
ptolemy.util.test.WatchDog.cancel(): canceling Mon Feb 18 03:35:05 UTC 2019
auto.tcl: Setting watchdog for 200 seconds at Mon Feb 18 03:35:05 UTC 2019
5 ms. Memory: 551424K Free: 528557K (96%)
ptolemy.util.test.WatchDog.cancel(): canceling Mon Feb 18 03:35:05 UTC 2019
------------------ testing $PTII/ptolemy/domains/de/test/auto/ResetTransitionWithStartTime2.xml
auto.tcl: Setting watchdog for 200 seconds at Mon Feb 18 03:35:05 UTC 2019
5 ms. Memory: 549376K Free: 533595K (97%)
ptolemy.util.test.WatchDog.cancel(): canceling Mon Feb 18 03:35:05 UTC 2019
auto.tcl: Setting watchdog for 200 seconds at Mon Feb 18 03:35:05 UTC 2019
5 ms. Memory: 549376K Free: 527044K (96%)
ptolemy.util.test.WatchDog.cancel(): canceling Mon Feb 18 03:35:05 UTC 2019
------------------ testing $PTII/ptolemy/domains/de/test/auto/ResetTransitionWithStartTime3.xml
auto.tcl: Setting watchdog for 200 seconds at Mon Feb 18 03:35:05 UTC 2019
6 ms. Memory: 550912K Free: 534587K (97%)
ptolemy.util.test.WatchDog.cancel(): canceling Mon Feb 18 03:35:05 UTC 2019
auto.tcl: Setting watchdog for 200 seconds at Mon Feb 18 03:35:05 UTC 2019
5 ms. Memory: 550912K Free: 528035K (96%)
ptolemy.util.test.WatchDog.cancel(): canceling Mon Feb 18 03:35:05 UTC 2019
------------------ testing $PTII/ptolemy/domains/de/test/auto/ResetTransitionWithStartTime4.xml
auto.tcl: Setting watchdog for 200 seconds at Mon Feb 18 03:35:05 UTC 2019
4 ms. Memory: 549376K Free: 526481K (96%)
ptolemy.util.test.WatchDog.cancel(): canceling Mon Feb 18 03:35:05 UTC 2019
auto.tcl: Setting watchdog for 200 seconds at Mon Feb 18 03:35:05 UTC 2019
4 ms. Memory: 549376K Free: 526481K (96%)
ptolemy.util.test.WatchDog.cancel(): canceling Mon Feb 18 03:35:05 UTC 2019
------------------ testing $PTII/ptolemy/domains/de/test/auto/ResettableTimer1.xml
auto.tcl: Setting watchdog for 200 seconds at Mon Feb 18 03:35:05 UTC 2019
5 ms. Memory: 550912K Free: 534580K (97%)
ptolemy.util.test.WatchDog.cancel(): canceling Mon Feb 18 03:35:05 UTC 2019
auto.tcl: Setting watchdog for 200 seconds at Mon Feb 18 03:35:05 UTC 2019
2 ms. Memory: 550912K Free: 534580K (97%)
ptolemy.util.test.WatchDog.cancel(): canceling Mon Feb 18 03:35:05 UTC 2019
------------------ testing $PTII/ptolemy/domains/de/test/auto/ResettableTimer2.xml
auto.tcl: Setting watchdog for 200 seconds at Mon Feb 18 03:35:06 UTC 2019
2 ms. Memory: 549376K Free: 533646K (97%)
ptolemy.util.test.WatchDog.cancel(): canceling Mon Feb 18 03:35:06 UTC 2019
auto.tcl: Setting watchdog for 200 seconds at Mon Feb 18 03:35:06 UTC 2019
3 ms. Memory: 549376K Free: 533646K (97%)
ptolemy.util.test.WatchDog.cancel(): canceling Mon Feb 18 03:35:06 UTC 2019
------------------ testing $PTII/ptolemy/domains/de/test/auto/ResettableTimer3.xml
auto.tcl: Setting watchdog for 200 seconds at Mon Feb 18 03:35:06 UTC 2019
5 ms. Memory: 550912K Free: 534638K (97%)
ptolemy.util.test.WatchDog.cancel(): canceling Mon Feb 18 03:35:06 UTC 2019
auto.tcl: Setting watchdog for 200 seconds at Mon Feb 18 03:35:06 UTC 2019
1 ms. Memory: 550912K Free: 534638K (97%)
ptolemy.util.test.WatchDog.cancel(): canceling Mon Feb 18 03:35:06 UTC 2019
------------------ testing $PTII/ptolemy/domains/de/test/auto/ResettableTimer4.xml
auto.tcl: Setting watchdog for 200 seconds at Mon Feb 18 03:35:06 UTC 2019
1 ms. Memory: 549376K Free: 533658K (97%)
ptolemy.util.test.WatchDog.cancel(): canceling Mon Feb 18 03:35:06 UTC 2019
auto.tcl: Setting watchdog for 200 seconds at Mon Feb 18 03:35:06 UTC 2019
1 ms. Memory: 549376K Free: 533658K (97%)
ptolemy.util.test.WatchDog.cancel(): canceling Mon Feb 18 03:35:06 UTC 2019
------------------ testing $PTII/ptolemy/domains/de/test/auto/ResettableTimer5.xml
auto.tcl: Setting watchdog for 200 seconds at Mon Feb 18 03:35:06 UTC 2019
1 ms. Memory: 550400K Free: 530000K (96%)
ptolemy.util.test.WatchDog.cancel(): canceling Mon Feb 18 03:35:06 UTC 2019
auto.tcl: Setting watchdog for 200 seconds at Mon Feb 18 03:35:06 UTC 2019
1 ms. Memory: 550400K Free: 530000K (96%)
ptolemy.util.test.WatchDog.cancel(): canceling Mon Feb 18 03:35:06 UTC 2019
------------------ testing $PTII/ptolemy/domains/de/test/auto/ResettableTimer6.xml
auto.tcl: Setting watchdog for 200 seconds at Mon Feb 18 03:35:06 UTC 2019
1 ms. Memory: 549376K Free: 528382K (96%)
ptolemy.util.test.WatchDog.cancel(): canceling Mon Feb 18 03:35:06 UTC 2019
auto.tcl: Setting watchdog for 200 seconds at Mon Feb 18 03:35:06 UTC 2019
2 ms. Memory: 549376K Free: 528382K (96%)
ptolemy.util.test.WatchDog.cancel(): canceling Mon Feb 18 03:35:06 UTC 2019
------------------ testing $PTII/ptolemy/domains/de/test/auto/ServerZeroDelay.xml
auto.tcl: Setting watchdog for 200 seconds at Mon Feb 18 03:35:06 UTC 2019
4 ms. Memory: 550400K Free: 534618K (97%)
ptolemy.util.test.WatchDog.cancel(): canceling Mon Feb 18 03:35:06 UTC 2019
auto.tcl: Setting watchdog for 200 seconds at Mon Feb 18 03:35:06 UTC 2019
3 ms. Memory: 550400K Free: 534618K (97%)
ptolemy.util.test.WatchDog.cancel(): canceling Mon Feb 18 03:35:06 UTC 2019
------------------ testing $PTII/ptolemy/domains/de/test/auto/SmartSender.xml
auto.tcl: Setting watchdog for 200 seconds at Mon Feb 18 03:35:06 UTC 2019
3002 ms. Memory: 549376K Free: 528910K (96%)
ptolemy.util.test.WatchDog.cancel(): canceling Mon Feb 18 03:35:09 UTC 2019
auto.tcl: Setting watchdog for 200 seconds at Mon Feb 18 03:35:09 UTC 2019
3001 ms. Memory: 549376K Free: 528910K (96%)
ptolemy.util.test.WatchDog.cancel(): canceling Mon Feb 18 03:35:12 UTC 2019
------------------ testing $PTII/ptolemy/domains/de/test/auto/ThreadedComposite.xml
auto.tcl: Setting watchdog for 200 seconds at Mon Feb 18 03:35:12 UTC 2019
179 ms. Memory: 550400K Free: 513494K (93%)
ptolemy.util.test.WatchDog.cancel(): canceling Mon Feb 18 03:35:12 UTC 2019
auto.tcl: Setting watchdog for 200 seconds at Mon Feb 18 03:35:12 UTC 2019
120 ms. Memory: 550400K Free: 497583K (90%)
ptolemy.util.test.WatchDog.cancel(): canceling Mon Feb 18 03:35:12 UTC 2019
------------------ testing $PTII/ptolemy/domains/de/test/auto/Time.xml
auto.tcl: Setting watchdog for 200 seconds at Mon Feb 18 03:35:12 UTC 2019
538 ms. Memory: 549376K Free: 481295K (88%)
ptolemy.util.test.WatchDog.cancel(): canceling Mon Feb 18 03:35:13 UTC 2019
auto.tcl: Setting watchdog for 200 seconds at Mon Feb 18 03:35:13 UTC 2019
549 ms. Memory: 549376K Free: 422332K (77%)
ptolemy.util.test.WatchDog.cancel(): canceling Mon Feb 18 03:35:13 UTC 2019
------------------ testing $PTII/ptolemy/domains/de/test/auto/TimeDelayZeroDelay.xml
auto.tcl: Setting watchdog for 200 seconds at Mon Feb 18 03:35:13 UTC 2019
6 ms. Memory: 550400K Free: 533993K (97%)
ptolemy.util.test.WatchDog.cancel(): canceling Mon Feb 18 03:35:13 UTC 2019
auto.tcl: Setting watchdog for 200 seconds at Mon Feb 18 03:35:13 UTC 2019
2 ms. Memory: 550400K Free: 533993K (97%)
ptolemy.util.test.WatchDog.cancel(): canceling Mon Feb 18 03:35:13 UTC 2019
------------------ testing $PTII/ptolemy/domains/de/test/auto/TimerZeroDelay.xml
auto.tcl: Setting watchdog for 200 seconds at Mon Feb 18 03:35:14 UTC 2019
4 ms. Memory: 549376K Free: 533556K (97%)
ptolemy.util.test.WatchDog.cancel(): canceling Mon Feb 18 03:35:14 UTC 2019
auto.tcl: Setting watchdog for 200 seconds at Mon Feb 18 03:35:14 UTC 2019
2 ms. Memory: 549376K Free: 533556K (97%)
ptolemy.util.test.WatchDog.cancel(): canceling Mon Feb 18 03:35:14 UTC 2019
------------------ testing $PTII/ptolemy/domains/de/test/auto/TimingParadox.xml
auto.tcl: Setting watchdog for 200 seconds at Mon Feb 18 03:35:14 UTC 2019
324 ms. Memory: 549888K Free: 458625K (83%)
ptolemy.util.test.WatchDog.cancel(): canceling Mon Feb 18 03:35:14 UTC 2019
auto.tcl: Setting watchdog for 200 seconds at Mon Feb 18 03:35:14 UTC 2019
310 ms. Memory: 549888K Free: 425867K (77%)
ptolemy.util.test.WatchDog.cancel(): canceling Mon Feb 18 03:35:14 UTC 2019
------------------ testing $PTII/ptolemy/domains/de/test/auto/TransferInputs.xml
auto.tcl: Setting watchdog for 200 seconds at Mon Feb 18 03:35:14 UTC 2019
6 ms. Memory: 549888K Free: 533025K (97%)
ptolemy.util.test.WatchDog.cancel(): canceling Mon Feb 18 03:35:14 UTC 2019
auto.tcl: Setting watchdog for 200 seconds at Mon Feb 18 03:35:14 UTC 2019
2 ms. Memory: 549888K Free: 533025K (97%)
ptolemy.util.test.WatchDog.cancel(): canceling Mon Feb 18 03:35:14 UTC 2019
------------------ testing $PTII/ptolemy/domains/de/test/auto/TransferOutputs2.xml
auto.tcl: Setting watchdog for 200 seconds at Mon Feb 18 03:35:14 UTC 2019
3 ms. Memory: 549376K Free: 527048K (96%)
ptolemy.util.test.WatchDog.cancel(): canceling Mon Feb 18 03:35:15 UTC 2019
auto.tcl: Setting watchdog for 200 seconds at Mon Feb 18 03:35:15 UTC 2019
3 ms. Memory: 549376K Free: 527048K (96%)
ptolemy.util.test.WatchDog.cancel(): canceling Mon Feb 18 03:35:15 UTC 2019
------------------ testing $PTII/ptolemy/domains/de/test/auto/Trilateration.xml
auto.tcl: Setting watchdog for 200 seconds at Mon Feb 18 03:35:15 UTC 2019
13782 ms. Memory: 766976K Free: 190665K (25%)
ptolemy.util.test.WatchDog.cancel(): canceling Mon Feb 18 03:35:29 UTC 2019
auto.tcl: Setting watchdog for 200 seconds at Mon Feb 18 03:35:29 UTC 2019
11070 ms. Memory: 623104K Free: 586089K (94%)
ptolemy.util.test.WatchDog.cancel(): canceling Mon Feb 18 03:35:40 UTC 2019
------------------ testing $PTII/ptolemy/domains/de/test/auto/TwoSigmaDelta.xml
auto.tcl: Setting watchdog for 200 seconds at Mon Feb 18 03:35:41 UTC 2019
2687 ms. Memory: 619520K Free: 325596K (53%)
ptolemy.util.test.WatchDog.cancel(): canceling Mon Feb 18 03:35:43 UTC 2019
auto.tcl: Setting watchdog for 200 seconds at Mon Feb 18 03:35:43 UTC 2019
2118 ms. Memory: 619520K Free: 98391K (16%)
ptolemy.util.test.WatchDog.cancel(): canceling Mon Feb 18 03:35:46 UTC 2019
------------------ testing $PTII/ptolemy/domains/de/test/auto/VariableDelay.xml
auto.tcl: Setting watchdog for 200 seconds at Mon Feb 18 03:35:46 UTC 2019
3 ms. Memory: 623104K Free: 598925K (96%)
ptolemy.util.test.WatchDog.cancel(): canceling Mon Feb 18 03:35:46 UTC 2019
auto.tcl: Setting watchdog for 200 seconds at Mon Feb 18 03:35:46 UTC 2019
2 ms. Memory: 623104K Free: 598925K (96%)
ptolemy.util.test.WatchDog.cancel(): canceling Mon Feb 18 03:35:46 UTC 2019
------------------ testing $PTII/ptolemy/domains/de/test/auto/VariableDelay2.xml
auto.tcl: Setting watchdog for 200 seconds at Mon Feb 18 03:35:46 UTC 2019
2 ms. Memory: 619520K Free: 601208K (97%)
ptolemy.util.test.WatchDog.cancel(): canceling Mon Feb 18 03:35:46 UTC 2019
auto.tcl: Setting watchdog for 200 seconds at Mon Feb 18 03:35:46 UTC 2019
2 ms. Memory: 619520K Free: 601208K (97%)
ptolemy.util.test.WatchDog.cancel(): canceling Mon Feb 18 03:35:46 UTC 2019
------------------ testing $PTII/ptolemy/domains/de/test/auto/VariableDelayZeroDelay.xml
auto.tcl: Setting watchdog for 200 seconds at Mon Feb 18 03:35:46 UTC 2019
2 ms. Memory: 622592K Free: 598897K (96%)
ptolemy.util.test.WatchDog.cancel(): canceling Mon Feb 18 03:35:46 UTC 2019
auto.tcl: Setting watchdog for 200 seconds at Mon Feb 18 03:35:46 UTC 2019
2 ms. Memory: 622592K Free: 598897K (96%)
ptolemy.util.test.WatchDog.cancel(): canceling Mon Feb 18 03:35:46 UTC 2019
------------------ testing $PTII/ptolemy/domains/de/test/auto/VariableDelayZeroDelay2.xml
auto.tcl: Setting watchdog for 200 seconds at Mon Feb 18 03:35:46 UTC 2019
4 ms. Memory: 619520K Free: 595823K (96%)
ptolemy.util.test.WatchDog.cancel(): canceling Mon Feb 18 03:35:46 UTC 2019
auto.tcl: Setting watchdog for 200 seconds at Mon Feb 18 03:35:46 UTC 2019
2 ms. Memory: 619520K Free: 595823K (96%)
ptolemy.util.test.WatchDog.cancel(): canceling Mon Feb 18 03:35:46 UTC 2019
------------------ testing $PTII/ptolemy/domains/de/test/auto/deInCt.xml
auto.tcl: Setting watchdog for 200 seconds at Mon Feb 18 03:35:46 UTC 2019
0
1
1
1
0
0
0
0
1
1
1
0
0
0
1
1
1
1
0
0
0
1
1
0
0
0
1
1
1
0
0
0
0
1
1
1
1
1
1
1
12 ms. Memory: 622080K Free: 598380K (96%)
ptolemy.util.test.WatchDog.cancel(): canceling Mon Feb 18 03:35:46 UTC 2019
auto.tcl: Setting watchdog for 200 seconds at Mon Feb 18 03:35:46 UTC 2019
0
1
1
1
0
0
0
0
1
1
1
0
0
0
1
1
1
0
0
1
1
1
1
0
0
0
0
1
1
1
1
0
0
0
0
1
1
1
1
9 ms. Memory: 622080K Free: 598380K (96%)
ptolemy.util.test.WatchDog.cancel(): canceling Mon Feb 18 03:35:46 UTC 2019
------------------ testing $PTII/ptolemy/domains/de/test/auto/deInCt2.xml
auto.tcl: Setting watchdog for 200 seconds at Mon Feb 18 03:35:46 UTC 2019
0
1
1
1
0
0
1
1
1
0
0
1
1
1
0
0
1
1
1
0
0
1
1
1
0
0
1
1
1
0
0
1
1
1
0
0
1
1
1
0
0
0
5 ms. Memory: 619520K Free: 595748K (96%)
ptolemy.util.test.WatchDog.cancel(): canceling Mon Feb 18 03:35:46 UTC 2019
auto.tcl: Setting watchdog for 200 seconds at Mon Feb 18 03:35:46 UTC 2019
0
1
1
1
0
0
1
1
1
0
0
1
1
1
0
0
1
1
1
0
0
1
1
1
0
0
1
1
1
0
0
1
1
1
0
0
1
1
1
0
0
0
7 ms. Memory: 619520K Free: 595748K (96%)
ptolemy.util.test.WatchDog.cancel(): canceling Mon Feb 18 03:35:46 UTC 2019
------------------ testing $PTII/ptolemy/domains/de/test/auto/dynamicCausalityInterface1.xml
auto.tcl: Setting watchdog for 200 seconds at Mon Feb 18 03:35:46 UTC 2019
3 ms. Memory: 621568K Free: 589582K (95%)
ptolemy.util.test.WatchDog.cancel(): canceling Mon Feb 18 03:35:46 UTC 2019
auto.tcl: Setting watchdog for 200 seconds at Mon Feb 18 03:35:46 UTC 2019
1 ms. Memory: 621568K Free: 589582K (95%)
ptolemy.util.test.WatchDog.cancel(): canceling Mon Feb 18 03:35:46 UTC 2019
------------------ testing $PTII/ptolemy/domains/de/test/auto/fsm_de_test.xml
auto.tcl: Setting watchdog for 200 seconds at Mon Feb 18 03:35:46 UTC 2019
15 ms. Memory: 619520K Free: 595710K (96%)
ptolemy.util.test.WatchDog.cancel(): canceling Mon Feb 18 03:35:46 UTC 2019
auto.tcl: Setting watchdog for 200 seconds at Mon Feb 18 03:35:46 UTC 2019
8 ms. Memory: 619520K Free: 587437K (95%)
ptolemy.util.test.WatchDog.cancel(): canceling Mon Feb 18 03:35:46 UTC 2019
------------------ testing $PTII/ptolemy/domains/de/test/auto/functionDependencyReconstruction.xml
auto.tcl: Setting watchdog for 200 seconds at Mon Feb 18 03:35:46 UTC 2019
2 ms. Memory: 621568K Free: 589476K (95%)
ptolemy.util.test.WatchDog.cancel(): canceling Mon Feb 18 03:35:46 UTC 2019
auto.tcl: Setting watchdog for 200 seconds at Mon Feb 18 03:35:46 UTC 2019
3 ms. Memory: 621568K Free: 589476K (95%)
ptolemy.util.test.WatchDog.cancel(): canceling Mon Feb 18 03:35:46 UTC 2019
------------------ testing $PTII/ptolemy/domains/de/test/auto/multirate.xml
auto.tcl: Setting watchdog for 200 seconds at Mon Feb 18 03:35:46 UTC 2019
4 ms. Memory: 619520K Free: 595577K (96%)
ptolemy.util.test.WatchDog.cancel(): canceling Mon Feb 18 03:35:46 UTC 2019
auto.tcl: Setting watchdog for 200 seconds at Mon Feb 18 03:35:46 UTC 2019
4 ms. Memory: 619520K Free: 595577K (96%)
ptolemy.util.test.WatchDog.cancel(): canceling Mon Feb 18 03:35:46 UTC 2019
------------------ testing $PTII/ptolemy/domains/de/test/auto/multirate2.xml
auto.tcl: Setting watchdog for 200 seconds at Mon Feb 18 03:35:46 UTC 2019
5 ms. Memory: 621056K Free: 597300K (96%)
ptolemy.util.test.WatchDog.cancel(): canceling Mon Feb 18 03:35:46 UTC 2019
auto.tcl: Setting watchdog for 200 seconds at Mon Feb 18 03:35:46 UTC 2019
2 ms. Memory: 621056K Free: 597300K (96%)
ptolemy.util.test.WatchDog.cancel(): canceling Mon Feb 18 03:35:46 UTC 2019
------------------ testing $PTII/ptolemy/domains/de/test/auto/realtime.xml
auto.tcl: Setting watchdog for 200 seconds at Mon Feb 18 03:35:46 UTC 2019
10001 ms. Memory: 619520K Free: 595691K (96%)
ptolemy.util.test.WatchDog.cancel(): canceling Mon Feb 18 03:35:56 UTC 2019
auto.tcl: Setting watchdog for 200 seconds at Mon Feb 18 03:35:56 UTC 2019
10002 ms. Memory: 619520K Free: 595691K (96%)
ptolemy.util.test.WatchDog.cancel(): canceling Mon Feb 18 03:36:06 UTC 2019
------------------ testing $PTII/ptolemy/domains/de/test/auto/relationGroup.xml
auto.tcl: Setting watchdog for 200 seconds at Mon Feb 18 03:36:06 UTC 2019
2 ms. Memory: 621056K Free: 597325K (96%)
ptolemy.util.test.WatchDog.cancel(): canceling Mon Feb 18 03:36:06 UTC 2019
auto.tcl: Setting watchdog for 200 seconds at Mon Feb 18 03:36:06 UTC 2019
1 ms. Memory: 621056K Free: 597325K (96%)
ptolemy.util.test.WatchDog.cancel(): canceling Mon Feb 18 03:36:06 UTC 2019
------------------ testing $PTII/ptolemy/domains/de/test/auto/relationGroup2.xml
auto.tcl: Setting watchdog for 200 seconds at Mon Feb 18 03:36:06 UTC 2019
2 ms. Memory: 619520K Free: 595815K (96%)
ptolemy.util.test.WatchDog.cancel(): canceling Mon Feb 18 03:36:07 UTC 2019
auto.tcl: Setting watchdog for 200 seconds at Mon Feb 18 03:36:07 UTC 2019
2 ms. Memory: 619520K Free: 595815K (96%)
ptolemy.util.test.WatchDog.cancel(): canceling Mon Feb 18 03:36:07 UTC 2019
------------------ testing $PTII/ptolemy/domains/de/test/auto/sortWithOpaquePorts.xml
auto.tcl: Setting watchdog for 200 seconds at Mon Feb 18 03:36:07 UTC 2019
2 ms. Memory: 620544K Free: 596840K (96%)
ptolemy.util.test.WatchDog.cancel(): canceling Mon Feb 18 03:36:07 UTC 2019
auto.tcl: Setting watchdog for 200 seconds at Mon Feb 18 03:36:07 UTC 2019
1 ms. Memory: 620544K Free: 596840K (96%)
ptolemy.util.test.WatchDog.cancel(): canceling Mon Feb 18 03:36:07 UTC 2019
------------------ testing $PTII/ptolemy/domains/de/test/auto/transferInputsandOutputs.xml
auto.tcl: Setting watchdog for 200 seconds at Mon Feb 18 03:36:07 UTC 2019
2 ms. Memory: 619520K Free: 595804K (96%)
ptolemy.util.test.WatchDog.cancel(): canceling Mon Feb 18 03:36:07 UTC 2019
auto.tcl: Setting watchdog for 200 seconds at Mon Feb 18 03:36:07 UTC 2019
3 ms. Memory: 619520K Free: 595804K (96%)
ptolemy.util.test.WatchDog.cancel(): canceling Mon Feb 18 03:36:07 UTC 2019
------------------ testing $PTII/ptolemy/domains/de/test/auto/triggerType.xml
auto.tcl: Setting watchdog for 200 seconds at Mon Feb 18 03:36:07 UTC 2019
2 ms. Memory: 620544K Free: 596777K (96%)
ptolemy.util.test.WatchDog.cancel(): canceling Mon Feb 18 03:36:07 UTC 2019
auto.tcl: Setting watchdog for 200 seconds at Mon Feb 18 03:36:07 UTC 2019
1 ms. Memory: 620544K Free: 596777K (96%)
ptolemy.util.test.WatchDog.cancel(): canceling Mon Feb 18 03:36:07 UTC 2019
02/18/19 03:36:07
Failed: 0  Total Tests: 192  ((Passed: 187, Newly Passed: 1)  Known Failed: 5) /home/travis/build/icyphy/ptII/ptolemy/domains/de/test
02/18/19 03:36:07
Failed: 0  Total Tests: 192  ((Passed: 187, Newly Passed: 1)  Known Failed: 5) /home/travis/build/icyphy/ptII/ptolemy/domains/de/test
----------------- testing (KnownFailure) /home/travis/build/icyphy/ptII/ptolemy/domains/de/test/auto/knownFailedTests/DESDFClockTest.xml
2009 ms. Memory: 619520K Free: 584972K (94%)
Known Failure: java.lang.reflect.InvocationTargetException
----------------- testing (KnownFailure) /home/travis/build/icyphy/ptII/ptolemy/domains/de/test/auto/knownFailedTests/DirectFeedback.xml
1 ms. Memory: 619520K Free: 541923K (87%)
Known Failure: java.lang.reflect.InvocationTargetException
----------------- testing (KnownFailure) /home/travis/build/icyphy/ptII/ptolemy/domains/de/test/auto/knownFailedTests/FSMSource.xml
13 ms. Memory: 619520K Free: 498874K (81%)
----------------- testing (KnownFailure) /home/travis/build/icyphy/ptII/ptolemy/domains/de/test/auto/knownFailedTests/HierarchicalModel.xml
2 ms. Memory: 619520K Free: 466571K (75%)
Known Failure: java.lang.reflect.InvocationTargetException
----------------- testing (KnownFailure) /home/travis/build/icyphy/ptII/ptolemy/domains/de/test/auto/knownFailedTests/dependencyLoop.xml
2 ms. Memory: 619520K Free: 412744K (67%)
Known Failure: java.lang.reflect.InvocationTargetException
----------------- testing (KnownFailure) /home/travis/build/icyphy/ptII/ptolemy/domains/de/test/auto/knownFailedTests/dependencyLoop2.xml
3 ms. Memory: 619520K Free: 358916K (58%)
Known Failure: java.lang.reflect.InvocationTargetException
No auto/linux-amd64/*.xml tests in /home/travis/build/icyphy/ptII/ptolemy/domains/de/test
AutoTests.java: About to close Vertx.
AutoTests.java: Vertx closed.

===========================================================================================
----------------- testing Mon Feb 18 03:36:09 UTC 2019 /home/travis/build/icyphy/ptII/ptolemy/domains/de/test/auto/ActorDepthCalculation_actorWithoutPorts.xml
----------------- Instantiating /home/travis/build/icyphy/ptII/ptolemy/domains/de/test/auto/ActorDepthCalculation_actorWithoutPorts.xml
1 ms. Memory: 619520K Free: 305105K (49%)
----------------- Invoking toplevel() on ptolemy.moml.MoMLSimpleApplication@50c2dd7b
----------------- Done invoking toplevel() on ptolemy.moml.MoMLSimpleApplication@50c2dd7b
reloadAllAccessors: .ActorDepthCalculation_actorWithoutPorts

===========================================================================================
----------------- testing Mon Feb 18 03:36:09 UTC 2019 /home/travis/build/icyphy/ptII/ptolemy/domains/de/test/auto/AssemblyLine.xml
----------------- Instantiating /home/travis/build/icyphy/ptII/ptolemy/domains/de/test/auto/AssemblyLine.xml
2 ms. Memory: 619520K Free: 283580K (46%)
----------------- Invoking toplevel() on ptolemy.moml.MoMLSimpleApplication@3a1aed79
----------------- Done invoking toplevel() on ptolemy.moml.MoMLSimpleApplication@3a1aed79
reloadAllAccessors: .AssemblyLine

===========================================================================================
----------------- testing Mon Feb 18 03:36:09 UTC 2019 /home/travis/build/icyphy/ptII/ptolemy/domains/de/test/auto/CQBug1.xml
----------------- Instantiating /home/travis/build/icyphy/ptII/ptolemy/domains/de/test/auto/CQBug1.xml
1 ms. Memory: 619520K Free: 262056K (42%)
----------------- Invoking toplevel() on ptolemy.moml.MoMLSimpleApplication@20cc0322
----------------- Done invoking toplevel() on ptolemy.moml.MoMLSimpleApplication@20cc0322
reloadAllAccessors: .CQBug1

===========================================================================================
----------------- testing Mon Feb 18 03:36:09 UTC 2019 /home/travis/build/icyphy/ptII/ptolemy/domains/de/test/auto/CancelFireAt.xml
----------------- Instantiating /home/travis/build/icyphy/ptII/ptolemy/domains/de/test/auto/CancelFireAt.xml
2 ms. Memory: 619520K Free: 240531K (39%)
----------------- Invoking toplevel() on ptolemy.moml.MoMLSimpleApplication@633fb07b
----------------- Done invoking toplevel() on ptolemy.moml.MoMLSimpleApplication@633fb07b
reloadAllAccessors: .CancelFireAt

===========================================================================================
----------------- testing Mon Feb 18 03:36:09 UTC 2019 /home/travis/build/icyphy/ptII/ptolemy/domains/de/test/auto/CausalityAndComposabilityAnalysis.xml
----------------- Instantiating /home/travis/build/icyphy/ptII/ptolemy/domains/de/test/auto/CausalityAndComposabilityAnalysis.xml
2 ms. Memory: 619520K Free: 219007K (35%)
----------------- Invoking toplevel() on ptolemy.moml.MoMLSimpleApplication@6b503cba
----------------- Done invoking toplevel() on ptolemy.moml.MoMLSimpleApplication@6b503cba
reloadAllAccessors: .CausalityAndComposabilityAnalysis

===========================================================================================
----------------- testing Mon Feb 18 03:36:09 UTC 2019 /home/travis/build/icyphy/ptII/ptolemy/domains/de/test/auto/CausalityInterface1.xml
----------------- Instantiating /home/travis/build/icyphy/ptII/ptolemy/domains/de/test/auto/CausalityInterface1.xml
4 ms. Memory: 619520K Free: 197482K (32%)
----------------- Invoking toplevel() on ptolemy.moml.MoMLSimpleApplication@57aa8f8b
----------------- Done invoking toplevel() on ptolemy.moml.MoMLSimpleApplication@57aa8f8b
reloadAllAccessors: .CausalityInterface1

===========================================================================================
----------------- testing Mon Feb 18 03:36:09 UTC 2019 /home/travis/build/icyphy/ptII/ptolemy/domains/de/test/auto/CausalityInterface15.xml
----------------- Instantiating /home/travis/build/icyphy/ptII/ptolemy/domains/de/test/auto/CausalityInterface15.xml
1 ms. Memory: 619520K Free: 175958K (28%)
----------------- Invoking toplevel() on ptolemy.moml.MoMLSimpleApplication@7ba83cf9
----------------- Done invoking toplevel() on ptolemy.moml.MoMLSimpleApplication@7ba83cf9
reloadAllAccessors: .CausalityInterface15

[...]
java.lang.RuntimeException: Execution failed
	at ptolemy.moml.MoMLSimpleApplication$UnloadThread.run(MoMLSimpleApplication.java:402)
Caused by: ptolemy.kernel.util.IllegalActionException: Test fails in iteration 1.
Value was: 1.0. Should have been: 2.0
  in .DirectFeedback.Test
	at ptolemy.actor.lib.Test.fire(Test.java:268)
	at ptolemy.domains.de.kernel.DEDirector._fire(DEDirector.java:1949)
	at ptolemy.domains.de.kernel.DEDirector.fire(DEDirector.java:502)
	at ptolemy.actor.CompositeActor.fire(CompositeActor.java:455)
	at ptolemy.actor.Manager.iterate(Manager.java:851)
	at ptolemy.actor.Manager.execute(Manager.java:369)
	at ptolemy.actor.Manager.run(Manager.java:1263)
	at ptolemy.actor.Manager$PtolemyRunThread.run(Manager.java:1915)
java.lang.RuntimeException: Execution failed
	at ptolemy.moml.MoMLSimpleApplication$UnloadThread.run(MoMLSimpleApplication.java:402)
Caused by: ptolemy.kernel.util.IllegalActionException: Actor is not ready to fire.  Perhaps UpSample.prefire() returned false? Try debugging the actor by selecting "Listen to Actor".  Also, for SDF check moml for tokenConsumptionRate on input.
  in .DESDFClockTest.Play Bell.Copy1:SDF Director and .DESDFClockTest.Play Bell.UpSample
	at ptolemy.actor.sched.StaticSchedulingDirector.fire(StaticSchedulingDirector.java:227)
	at ptolemy.domains.sdf.kernel.SDFDirector.fire(SDFDirector.java:500)
	at ptolemy.actor.CompositeActor.fire(CompositeActor.java:455)
	at ptolemy.domains.de.kernel.DEDirector._fire(DEDirector.java:1949)
	at ptolemy.domains.de.kernel.DEDirector.fire(DEDirector.java:502)
	at ptolemy.actor.CompositeActor.fire(CompositeActor.java:455)
	at ptolemy.actor.Manager.iterate(Manager.java:851)
	at ptolemy.actor.Manager.execute(Manager.java:369)
	at ptolemy.actor.Manager.run(Manager.java:1263)
	at ptolemy.actor.Manager$PtolemyRunThread.run(Manager.java:1915)
java.lang.reflect.InvocationTargetException
	at sun.reflect.NativeConstructorAccessorImpl.newInstance0(Native Method)
	at sun.reflect.NativeConstructorAccessorImpl.newInstance(NativeConstructorAccessorImpl.java:62)
	at sun.reflect.DelegatingConstructorAccessorImpl.newInstance(DelegatingConstructorAccessorImpl.java:45)
	at java.lang.reflect.Constructor.newInstance(Constructor.java:423)
	at ptolemy.util.test.junit.AutoKnownFailedTests.RunModel(AutoKnownFailedTests.java:105)
	at sun.reflect.NativeMethodAccessorImpl.invoke0(Native Method)
	at sun.reflect.NativeMethodAccessorImpl.invoke(NativeMethodAccessorImpl.java:62)
	at sun.reflect.DelegatingMethodAccessorImpl.invoke(DelegatingMethodAccessorImpl.java:43)
	at java.lang.reflect.Method.invoke(Method.java:498)
	at org.junit.runners.model.FrameworkMethod$1.runReflectiveCall(FrameworkMethod.java:44)
	at org.junit.internal.runners.model.ReflectiveCallable.run(ReflectiveCallable.java:15)
	at org.junit.runners.model.FrameworkMethod.invokeExplosively(FrameworkMethod.java:41)
	at junitparams.internal.InvokeParameterisedMethod.evaluate(InvokeParameterisedMethod.java:102)
	at org.junit.internal.runners.statements.FailOnTimeout$1.run(FailOnTimeout.java:28)
Caused by: ptolemy.kernel.util.IllegalActionException: Actor is not ready to fire.  Perhaps UpSample.prefire() returned false? Try debugging the actor by selecting "Listen to Actor".  Also, for SDF check moml for tokenConsumptionRate on input.
  in .DESDFClockTest.Play Bell.Copy1:SDF Director and .DESDFClockTest.Play Bell.UpSample
	at ptolemy.actor.sched.StaticSchedulingDirector.fire(StaticSchedulingDirector.java:227)
	at ptolemy.domains.sdf.kernel.SDFDirector.fire(SDFDirector.java:500)
	at ptolemy.actor.CompositeActor.fire(CompositeActor.java:455)
	at ptolemy.domains.de.kernel.DEDirector._fire(DEDirector.java:1949)
	at ptolemy.domains.de.kernel.DEDirector.fire(DEDirector.java:502)
	at ptolemy.actor.CompositeActor.fire(CompositeActor.java:455)
	at ptolemy.actor.Manager.iterate(Manager.java:851)
	at ptolemy.actor.Manager.execute(Manager.java:369)
	at ptolemy.actor.Manager.run(Manager.java:1263)
	at ptolemy.actor.Manager$PtolemyRunThread.run(Manager.java:1915)
java.lang.RuntimeException: Execution failed
	at ptolemy.moml.MoMLSimpleApplication$UnloadThread.run(MoMLSimpleApplication.java:402)
Caused by: ptolemy.kernel.util.IllegalActionException: Test fails in iteration 1.
Value was: 1.0. Should have been: 2.0
  in .DirectFeedback.Test
	at ptolemy.actor.lib.Test.fire(Test.java:268)
	at ptolemy.domains.de.kernel.DEDirector._fire(DEDirector.java:1949)
	at ptolemy.domains.de.kernel.DEDirector.fire(DEDirector.java:502)
	at ptolemy.actor.CompositeActor.fire(CompositeActor.java:455)
	at ptolemy.actor.Manager.iterate(Manager.java:851)
	at ptolemy.actor.Manager.execute(Manager.java:369)
	at ptolemy.actor.Manager.run(Manager.java:1263)
	at ptolemy.actor.Manager$PtolemyRunThread.run(Manager.java:1915)
java.lang.reflect.InvocationTargetException
	at sun.reflect.NativeConstructorAccessorImpl.newInstance0(Native Method)
	at sun.reflect.NativeConstructorAccessorImpl.newInstance(NativeConstructorAccessorImpl.java:62)
	at sun.reflect.DelegatingConstructorAccessorImpl.newInstance(DelegatingConstructorAccessorImpl.java:45)
	at java.lang.reflect.Constructor.newInstance(Constructor.java:423)
	at ptolemy.util.test.junit.AutoKnownFailedTests.RunModel(AutoKnownFailedTests.java:105)
	at sun.reflect.NativeMethodAccessorImpl.invoke0(Native Method)
	at sun.reflect.NativeMethodAccessorImpl.invoke(NativeMethodAccessorImpl.java:62)
	at sun.reflect.DelegatingMethodAccessorImpl.invoke(DelegatingMethodAccessorImpl.java:43)
	at java.lang.reflect.Method.invoke(Method.java:498)
	at org.junit.runners.model.FrameworkMethod$1.runReflectiveCall(FrameworkMethod.java:44)
	at org.junit.internal.runners.model.ReflectiveCallable.run(ReflectiveCallable.java:15)
	at org.junit.runners.model.FrameworkMethod.invokeExplosively(FrameworkMethod.java:41)
	at junitparams.internal.InvokeParameterisedMethod.evaluate(InvokeParameterisedMethod.java:102)
	at org.junit.internal.runners.statements.FailOnTimeout$1.run(FailOnTimeout.java:28)
Caused by: ptolemy.kernel.util.IllegalActionException: Test fails in iteration 1.
Value was: 1.0. Should have been: 2.0
  in .DirectFeedback.Test
	at ptolemy.actor.lib.Test.fire(Test.java:268)
	at ptolemy.domains.de.kernel.DEDirector._fire(DEDirector.java:1949)
	at ptolemy.domains.de.kernel.DEDirector.fire(DEDirector.java:502)
	at ptolemy.actor.CompositeActor.fire(CompositeActor.java:455)
	at ptolemy.actor.Manager.iterate(Manager.java:851)
	at ptolemy.actor.Manager.execute(Manager.java:369)
	at ptolemy.actor.Manager.run(Manager.java:1263)
	at ptolemy.actor.Manager$PtolemyRunThread.run(Manager.java:1915)
java.lang.RuntimeException: Execution failed
	at ptolemy.moml.MoMLSimpleApplication$UnloadThread.run(MoMLSimpleApplication.java:402)
Caused by: ptolemy.kernel.util.IllegalActionException: Found a zero delay loop containing .HierarchicalModel.A
  in .HierarchicalModel and .HierarchicalModel.A
	at ptolemy.actor.util.CausalityInterfaceForComposites._computeOutputPortDepth(CausalityInterfaceForComposites.java:759)
	at ptolemy.actor.util.CausalityInterfaceForComposites._computeInputDepth(CausalityInterfaceForComposites.java:696)
	at ptolemy.actor.util.CausalityInterfaceForComposites._computeOutputPortDepth(CausalityInterfaceForComposites.java:765)
	at ptolemy.actor.util.CausalityInterfaceForComposites._computeInputDepth(CausalityInterfaceForComposites.java:696)
	at ptolemy.actor.util.CausalityInterfaceForComposites._computeOutputPortDepth(CausalityInterfaceForComposites.java:765)
	at ptolemy.actor.util.CausalityInterfaceForComposites._computeInputDepth(CausalityInterfaceForComposites.java:696)
	at ptolemy.actor.util.CausalityInterfaceForComposites._computeActorDepth(CausalityInterfaceForComposites.java:532)
	at ptolemy.actor.util.CausalityInterfaceForComposites.checkForCycles(CausalityInterfaceForComposites.java:96)
	at ptolemy.domains.de.kernel.DEDirector.preinitialize(DEDirector.java:1338)
	at ptolemy.actor.CompositeActor.preinitialize(CompositeActor.java:1828)
	at ptolemy.actor.Manager.preinitializeAndResolveTypes(Manager.java:1040)
	at ptolemy.actor.Manager.initialize(Manager.java:710)
	at ptolemy.actor.Manager.execute(Manager.java:356)
	at ptolemy.actor.Manager.run(Manager.java:1263)
	at ptolemy.actor.Manager$PtolemyRunThread.run(Manager.java:1915)
java.lang.reflect.InvocationTargetException
	at sun.reflect.NativeConstructorAccessorImpl.newInstance0(Native Method)
	at sun.reflect.NativeConstructorAccessorImpl.newInstance(NativeConstructorAccessorImpl.java:62)
	at sun.reflect.DelegatingConstructorAccessorImpl.newInstance(DelegatingConstructorAccessorImpl.java:45)
	at java.lang.reflect.Constructor.newInstance(Constructor.java:423)
	at ptolemy.util.test.junit.AutoKnownFailedTests.RunModel(AutoKnownFailedTests.java:105)
	at sun.reflect.NativeMethodAccessorImpl.invoke0(Native Method)
	at sun.reflect.NativeMethodAccessorImpl.invoke(NativeMethodAccessorImpl.java:62)
	at sun.reflect.DelegatingMethodAccessorImpl.invoke(DelegatingMethodAccessorImpl.java:43)
	at java.lang.reflect.Method.invoke(Method.java:498)
	at org.junit.runners.model.FrameworkMethod$1.runReflectiveCall(FrameworkMethod.java:44)
	at org.junit.internal.runners.model.ReflectiveCallable.run(ReflectiveCallable.java:15)
	at org.junit.runners.model.FrameworkMethod.invokeExplosively(FrameworkMethod.java:41)
	at junitparams.internal.InvokeParameterisedMethod.evaluate(InvokeParameterisedMethod.java:102)
	at org.junit.internal.runners.statements.FailOnTimeout$1.run(FailOnTimeout.java:28)
Caused by: ptolemy.kernel.util.IllegalActionException: Found a zero delay loop containing .HierarchicalModel.A
  in .HierarchicalModel and .HierarchicalModel.A
	at ptolemy.actor.util.CausalityInterfaceForComposites._computeOutputPortDepth(CausalityInterfaceForComposites.java:759)
	at ptolemy.actor.util.CausalityInterfaceForComposites._computeInputDepth(CausalityInterfaceForComposites.java:696)
	at ptolemy.actor.util.CausalityInterfaceForComposites._computeOutputPortDepth(CausalityInterfaceForComposites.java:765)
	at ptolemy.actor.util.CausalityInterfaceForComposites._computeInputDepth(CausalityInterfaceForComposites.java:696)
	at ptolemy.actor.util.CausalityInterfaceForComposites._computeOutputPortDepth(CausalityInterfaceForComposites.java:765)
	at ptolemy.actor.util.CausalityInterfaceForComposites._computeInputDepth(CausalityInterfaceForComposites.java:696)
	at ptolemy.actor.util.CausalityInterfaceForComposites._computeActorDepth(CausalityInterfaceForComposites.java:532)
	at ptolemy.actor.util.CausalityInterfaceForComposites.checkForCycles(CausalityInterfaceForComposites.java:96)
	at ptolemy.domains.de.kernel.DEDirector.preinitialize(DEDirector.java:1338)
	at ptolemy.actor.CompositeActor.preinitialize(CompositeActor.java:1828)
	at ptolemy.actor.Manager.preinitializeAndResolveTypes(Manager.java:1040)
	at ptolemy.actor.Manager.initialize(Manager.java:710)
	at ptolemy.actor.Manager.execute(Manager.java:356)
	at ptolemy.actor.Manager.run(Manager.java:1263)
	at ptolemy.actor.Manager$PtolemyRunThread.run(Manager.java:1915)
java.lang.RuntimeException: Execution failed
	at ptolemy.moml.MoMLSimpleApplication$UnloadThread.run(MoMLSimpleApplication.java:402)
Caused by: ptolemy.kernel.util.IllegalActionException: Found a zero delay loop containing .dependencyLoop.original
  in .dependencyLoop and .dependencyLoop.original
	at ptolemy.actor.util.CausalityInterfaceForComposites._computeOutputPortDepth(CausalityInterfaceForComposites.java:759)
	at ptolemy.actor.util.CausalityInterfaceForComposites._computeInputDepth(CausalityInterfaceForComposites.java:696)
	at ptolemy.actor.util.CausalityInterfaceForComposites._computeOutputPortDepth(CausalityInterfaceForComposites.java:765)
	at ptolemy.actor.util.CausalityInterfaceForComposites._computeInputDepth(CausalityInterfaceForComposites.java:696)
	at ptolemy.actor.util.CausalityInterfaceForComposites._computeOutputPortDepth(CausalityInterfaceForComposites.java:765)
	at ptolemy.actor.util.CausalityInterfaceForComposites._computeInputDepth(CausalityInterfaceForComposites.java:696)
	at ptolemy.actor.util.CausalityInterfaceForComposites._computeActorDepth(CausalityInterfaceForComposites.java:532)
	at ptolemy.actor.util.CausalityInterfaceForComposites.checkForCycles(CausalityInterfaceForComposites.java:96)
	at ptolemy.domains.de.kernel.DEDirector.preinitialize(DEDirector.java:1338)
	at ptolemy.actor.CompositeActor.preinitialize(CompositeActor.java:1828)
	at ptolemy.actor.Manager.preinitializeAndResolveTypes(Manager.java:1040)
	at ptolemy.actor.Manager.initialize(Manager.java:710)
	at ptolemy.actor.Manager.execute(Manager.java:356)
	at ptolemy.actor.Manager.run(Manager.java:1263)
	at ptolemy.actor.Manager$PtolemyRunThread.run(Manager.java:1915)
java.lang.reflect.InvocationTargetException
	at sun.reflect.NativeConstructorAccessorImpl.newInstance0(Native Method)
	at sun.reflect.NativeConstructorAccessorImpl.newInstance(NativeConstructorAccessorImpl.java:62)
	at sun.reflect.DelegatingConstructorAccessorImpl.newInstance(DelegatingConstructorAccessorImpl.java:45)
	at java.lang.reflect.Constructor.newInstance(Constructor.java:423)
	at ptolemy.util.test.junit.AutoKnownFailedTests.RunModel(AutoKnownFailedTests.java:105)
	at sun.reflect.NativeMethodAccessorImpl.invoke0(Native Method)
	at sun.reflect.NativeMethodAccessorImpl.invoke(NativeMethodAccessorImpl.java:62)
	at sun.reflect.DelegatingMethodAccessorImpl.invoke(DelegatingMethodAccessorImpl.java:43)
	at java.lang.reflect.Method.invoke(Method.java:498)
	at org.junit.runners.model.FrameworkMethod$1.runReflectiveCall(FrameworkMethod.java:44)
	at org.junit.internal.runners.model.ReflectiveCallable.run(ReflectiveCallable.java:15)
	at org.junit.runners.model.FrameworkMethod.invokeExplosively(FrameworkMethod.java:41)
	at junitparams.internal.InvokeParameterisedMethod.evaluate(InvokeParameterisedMethod.java:102)
	at org.junit.internal.runners.statements.FailOnTimeout$1.run(FailOnTimeout.java:28)
Caused by: ptolemy.kernel.util.IllegalActionException: Found a zero delay loop containing .dependencyLoop.original
  in .dependencyLoop and .dependencyLoop.original
	at ptolemy.actor.util.CausalityInterfaceForComposites._computeOutputPortDepth(CausalityInterfaceForComposites.java:759)
	at ptolemy.actor.util.CausalityInterfaceForComposites._computeInputDepth(CausalityInterfaceForComposites.java:696)
	at ptolemy.actor.util.CausalityInterfaceForComposites._computeOutputPortDepth(CausalityInterfaceForComposites.java:765)
	at ptolemy.actor.util.CausalityInterfaceForComposites._computeInputDepth(CausalityInterfaceForComposites.java:696)
	at ptolemy.actor.util.CausalityInterfaceForComposites._computeOutputPortDepth(CausalityInterfaceForComposites.java:765)
	at ptolemy.actor.util.CausalityInterfaceForComposites._computeInputDepth(CausalityInterfaceForComposites.java:696)
	at ptolemy.actor.util.CausalityInterfaceForComposites._computeActorDepth(CausalityInterfaceForComposites.java:532)
	at ptolemy.actor.util.CausalityInterfaceForComposites.checkForCycles(CausalityInterfaceForComposites.java:96)
	at ptolemy.domains.de.kernel.DEDirector.preinitialize(DEDirector.java:1338)
	at ptolemy.actor.CompositeActor.preinitialize(CompositeActor.java:1828)
	at ptolemy.actor.Manager.preinitializeAndResolveTypes(Manager.java:1040)
	at ptolemy.actor.Manager.initialize(Manager.java:710)
	at ptolemy.actor.Manager.execute(Manager.java:356)
	at ptolemy.actor.Manager.run(Manager.java:1263)
	at ptolemy.actor.Manager$PtolemyRunThread.run(Manager.java:1915)
java.lang.RuntimeException: Execution failed
	at ptolemy.moml.MoMLSimpleApplication$UnloadThread.run(MoMLSimpleApplication.java:402)
Caused by: ptolemy.kernel.util.IllegalActionException: Found a zero delay loop containing .dependencyLoop2.original
  in .dependencyLoop2 and .dependencyLoop2.original
	at ptolemy.actor.util.CausalityInterfaceForComposites._computeOutputPortDepth(CausalityInterfaceForComposites.java:759)
	at ptolemy.actor.util.CausalityInterfaceForComposites._computeInputDepth(CausalityInterfaceForComposites.java:696)
	at ptolemy.actor.util.CausalityInterfaceForComposites._computeOutputPortDepth(CausalityInterfaceForComposites.java:765)
	at ptolemy.actor.util.CausalityInterfaceForComposites._computeInputDepth(CausalityInterfaceForComposites.java:696)
	at ptolemy.actor.util.CausalityInterfaceForComposites._computeOutputPortDepth(CausalityInterfaceForComposites.java:765)
	at ptolemy.actor.util.CausalityInterfaceForComposites._computeInputDepth(CausalityInterfaceForComposites.java:696)
	at ptolemy.actor.util.CausalityInterfaceForComposites._computeActorDepth(CausalityInterfaceForComposites.java:532)
	at ptolemy.actor.util.CausalityInterfaceForComposites.checkForCycles(CausalityInterfaceForComposites.java:96)
	at ptolemy.domains.de.kernel.DEDirector.preinitialize(DEDirector.java:1338)
	at ptolemy.actor.CompositeActor.preinitialize(CompositeActor.java:1828)
	at ptolemy.actor.Manager.preinitializeAndResolveTypes(Manager.java:1040)
	at ptolemy.actor.Manager.initialize(Manager.java:710)
	at ptolemy.actor.Manager.execute(Manager.java:356)
	at ptolemy.actor.Manager.run(Manager.java:1263)
	at ptolemy.actor.Manager$PtolemyRunThread.run(Manager.java:1915)
java.lang.reflect.InvocationTargetException
	at sun.reflect.NativeConstructorAccessorImpl.newInstance0(Native Method)
	at sun.reflect.NativeConstructorAccessorImpl.newInstance(NativeConstructorAccessorImpl.java:62)
	at sun.reflect.DelegatingConstructorAccessorImpl.newInstance(DelegatingConstructorAccessorImpl.java:45)
	at java.lang.reflect.Constructor.newInstance(Constructor.java:423)
	at ptolemy.util.test.junit.AutoKnownFailedTests.RunModel(AutoKnownFailedTests.java:105)
	at sun.reflect.NativeMethodAccessorImpl.invoke0(Native Method)
	at sun.reflect.NativeMethodAccessorImpl.invoke(NativeMethodAccessorImpl.java:62)
	at sun.reflect.DelegatingMethodAccessorImpl.invoke(DelegatingMethodAccessorImpl.java:43)
	at java.lang.reflect.Method.invoke(Method.java:498)
	at org.junit.runners.model.FrameworkMethod$1.runReflectiveCall(FrameworkMethod.java:44)
	at org.junit.internal.runners.model.ReflectiveCallable.run(ReflectiveCallable.java:15)
	at org.junit.runners.model.FrameworkMethod.invokeExplosively(FrameworkMethod.java:41)
	at junitparams.internal.InvokeParameterisedMethod.evaluate(InvokeParameterisedMethod.java:102)
	at org.junit.internal.runners.statements.FailOnTimeout$1.run(FailOnTimeout.java:28)
Caused by: ptolemy.kernel.util.IllegalActionException: Found a zero delay loop containing .dependencyLoop2.original
  in .dependencyLoop2 and .dependencyLoop2.original
	at ptolemy.actor.util.CausalityInterfaceForComposites._computeOutputPortDepth(CausalityInterfaceForComposites.java:759)
	at ptolemy.actor.util.CausalityInterfaceForComposites._computeInputDepth(CausalityInterfaceForComposites.java:696)
	at ptolemy.actor.util.CausalityInterfaceForComposites._computeOutputPortDepth(CausalityInterfaceForComposites.java:765)
	at ptolemy.actor.util.CausalityInterfaceForComposites._computeInputDepth(CausalityInterfaceForComposites.java:696)
	at ptolemy.actor.util.CausalityInterfaceForComposites._computeOutputPortDepth(CausalityInterfaceForComposites.java:765)
	at ptolemy.actor.util.CausalityInterfaceForComposites._computeInputDepth(CausalityInterfaceForComposites.java:696)
	at ptolemy.actor.util.CausalityInterfaceForComposites._computeActorDepth(CausalityInterfaceForComposites.java:532)
	at ptolemy.actor.util.CausalityInterfaceForComposites.checkForCycles(CausalityInterfaceForComposites.java:96)
	at ptolemy.domains.de.kernel.DEDirector.preinitialize(DEDirector.java:1338)
	at ptolemy.actor.CompositeActor.preinitialize(CompositeActor.java:1828)
	at ptolemy.actor.Manager.preinitializeAndResolveTypes(Manager.java:1040)
	at ptolemy.actor.Manager.initialize(Manager.java:710)
	at ptolemy.actor.Manager.execute(Manager.java:356)
	at ptolemy.actor.Manager.run(Manager.java:1263)
	at ptolemy.actor.Manager$PtolemyRunThread.run(Manager.java:1915)
]]></system-err>
</testsuite>
